<?xml version="1.0" encoding="UTF-8" ?>
<testsuite errors="1" failures="0" hostname="travis-job-4a749321-85b9-4b47-b5e6-a31fe9740f72" name="org.terraswarm.accessor.test.junit.JUnitTclTest" skipped="0" tests="29" time="686.164" timestamp="2018-03-30T19:22:49">
  <properties>
[...]
</properties>
  <testcase classname="ptolemy.util.test.junit.TclTests" name="[0] /home/travis/build/icyphy/ptII/org/terraswarm/accessor/test/JSAccessor.tcl (RunTclFile)" time="18.825" />
  <testcase classname="ptolemy.util.test.junit.TclTests" name="[1] /home/travis/build/icyphy/ptII/org/terraswarm/accessor/test/WebSocketClientTest.tcl (RunTclFile)" time="56.691" />
  <testcase classname="ptolemy.util.test.junit.AutoKnownFailedTests" name="[0] ThereAreNoKnowFailedTests (RunModel)" time="0.0" />
  <testcase classname="ptolemy.util.test.junit.AutoNameArchTests" name="[0] ThereAreNoAutoTests (RunModel)" time="0.0" />
  <testcase classname="ptolemy.util.test.junit.AutoTests" name="[0] /home/travis/build/icyphy/ptII/org/terraswarm/accessor/test/auto/AccessViolation.xml (RunModel)" time="13.177" />
  <testcase classname="ptolemy.util.test.junit.AutoTests" name="[1] /home/travis/build/icyphy/ptII/org/terraswarm/accessor/test/auto/AccessViolation2.xml (RunModel)" time="13.254" />
  <testcase classname="ptolemy.util.test.junit.AutoTests" name="[2] /home/travis/build/icyphy/ptII/org/terraswarm/accessor/test/auto/Accessor1.xml (RunModel)" time="17.766" />
  <testcase classname="ptolemy.util.test.junit.AutoTests" name="[3] /home/travis/build/icyphy/ptII/org/terraswarm/accessor/test/auto/Accessor2.xml (RunModel)" time="13.534" />
  <testcase classname="ptolemy.util.test.junit.AutoTests" name="[4] /home/travis/build/icyphy/ptII/org/terraswarm/accessor/test/auto/CallbackWithSuppress.xml (RunModel)" time="72.943" />
  <testcase classname="ptolemy.util.test.junit.AutoTests" name="[5] /home/travis/build/icyphy/ptII/org/terraswarm/accessor/test/auto/Derived.xml (RunModel)" time="13.588" />
  <testcase classname="ptolemy.util.test.junit.AutoTests" name="[6] /home/travis/build/icyphy/ptII/org/terraswarm/accessor/test/auto/Derived2.xml (RunModel)" time="13.011" />
  <testcase classname="ptolemy.util.test.junit.AutoTests" name="[7] /home/travis/build/icyphy/ptII/org/terraswarm/accessor/test/auto/Derived3.xml (RunModel)" time="13.239" />
  <testcase classname="ptolemy.util.test.junit.AutoTests" name="[8] /home/travis/build/icyphy/ptII/org/terraswarm/accessor/test/auto/Derived4.xml (RunModel)" time="13.182" />
  <testcase classname="ptolemy.util.test.junit.AutoTests" name="[9] /home/travis/build/icyphy/ptII/org/terraswarm/accessor/test/auto/Derived5.xml (RunModel)" time="13.025" />
  <testcase classname="ptolemy.util.test.junit.AutoTests" name="[10] /home/travis/build/icyphy/ptII/org/terraswarm/accessor/test/auto/Derived6.xml (RunModel)" time="13.403" />
  <testcase classname="ptolemy.util.test.junit.AutoTests" name="[11] /home/travis/build/icyphy/ptII/org/terraswarm/accessor/test/auto/Derived8.xml (RunModel)" time="12.995" />
  <testcase classname="ptolemy.util.test.junit.AutoTests" name="[12] /home/travis/build/icyphy/ptII/org/terraswarm/accessor/test/auto/Derived9.xml (RunModel)" time="13.065" />
  <testcase classname="ptolemy.util.test.junit.AutoTests" name="[13] /home/travis/build/icyphy/ptII/org/terraswarm/accessor/test/auto/DerivedAgain.xml (RunModel)" time="16.191" />
  <testcase classname="ptolemy.util.test.junit.AutoTests" name="[14] /home/travis/build/icyphy/ptII/org/terraswarm/accessor/test/auto/DerivedAgain2.xml (RunModel)" time="16.632" />
  <testcase classname="ptolemy.util.test.junit.AutoTests" name="[15] /home/travis/build/icyphy/ptII/org/terraswarm/accessor/test/auto/DerivedAgain4.xml (RunModel)" time="13.024" />
  <testcase classname="ptolemy.util.test.junit.AutoTests" name="[16] /home/travis/build/icyphy/ptII/org/terraswarm/accessor/test/auto/DerivedAgain5.xml (RunModel)" time="13.25" />
  <testcase classname="ptolemy.util.test.junit.AutoTests" name="[17] /home/travis/build/icyphy/ptII/org/terraswarm/accessor/test/auto/GetDate.xml (RunModel)" time="19.312">
    <error type="java.lang.reflect.InvocationTargetException">java.lang.reflect.InvocationTargetException
	at ptolemy.util.test.junit.AutoTests.RunModel(AutoTests.java:170)
	at junitparams.internal.InvokeParameterisedMethod.evaluate(InvokeParameterisedMethod.java:102)
Caused by: java.lang.RuntimeException: REST: Protocol family unavailable: date.jsontest.com/2607:f8b0:4001:c14:0:0:0:79:80
	at ptolemy.util.SimpleMessageHandler._error(SimpleMessageHandler.java:53)
	at ptolemy.util.MessageHandler.error(MessageHandler.java:84)
	at ptolemy.actor.lib.jjs.JavaScript.error(JavaScript.java:828)
	at ptolemy.actor.lib.jjs.RestrictedJavaScriptInterface.error(RestrictedJavaScriptInterface.java:108)
	at jdk.nashorn.internal.scripts.Script$Recompilation$29105$3480A$\^eval\_.error(&lt;eval&gt;:98)
	at jdk.nashorn.internal.scripts.Script$Recompilation$29103$15770A$require.L:1#_handleError(/home/travis/build/icyphy/ptII/ptolemy/actor/lib/jjs/external/require.js#401:30&lt;eval&gt;:370)
	at jdk.nashorn.internal.scripts.Script$Recompilation$29102$17393AA$require.L:1#_errorResponse(/home/travis/build/icyphy/ptII/ptolemy/actor/lib/jjs/external/require.js#401:30&lt;eval&gt;:407)
	at jdk.nashorn.internal.runtime.ScriptFunctionData.invoke(ScriptFunctionData.java:641)
	at jdk.nashorn.internal.runtime.ScriptFunction.invoke(ScriptFunction.java:494)
	at jdk.nashorn.internal.runtime.ScriptRuntime.apply(ScriptRuntime.java:393)
	at jdk.nashorn.api.scripting.ScriptObjectMirror.callMember(ScriptObjectMirror.java:199)
	at ptolemy.actor.lib.jjs.modules.httpClient.HttpClientHelper$HttpClientExceptionHandler$1.run(HttpClientHelper.java:281)
	at ptolemy.actor.lib.jjs.JavaScript.fire(JavaScript.java:1050)
	at ptolemy.domains.de.kernel.DEDirector._fire(DEDirector.java:1948)
	at ptolemy.domains.de.kernel.DEDirector.fire(DEDirector.java:502)
	at ptolemy.actor.CompositeActor.fire(CompositeActor.java:455)
	at ptolemy.actor.Manager.iterate(Manager.java:851)
	at ptolemy.actor.Manager.execute(Manager.java:369)
	at ptolemy.moml.MoMLSimpleApplication.rerun(MoMLSimpleApplication.java:339)
</error>
  </testcase>
  <testcase classname="ptolemy.util.test.junit.AutoTests" name="[18] /home/travis/build/icyphy/ptII/org/terraswarm/accessor/test/auto/HandlerWithSuppress.xml (RunModel)" time="73.015" />
  <testcase classname="ptolemy.util.test.junit.AutoTests" name="[19] /home/travis/build/icyphy/ptII/org/terraswarm/accessor/test/auto/HttpRequest.xml (RunModel)" time="13.35" />
  <testcase classname="ptolemy.util.test.junit.AutoTests" name="[20] /home/travis/build/icyphy/ptII/org/terraswarm/accessor/test/auto/JSON.xml (RunModel)" time="15.718" />
  <testcase classname="ptolemy.util.test.junit.AutoTests" name="[21] /home/travis/build/icyphy/ptII/org/terraswarm/accessor/test/auto/ReadURL.xml (RunModel)" time="48.083" />
  <testcase classname="ptolemy.util.test.junit.AutoTests" name="[22] /home/travis/build/icyphy/ptII/org/terraswarm/accessor/test/auto/SendNullToOwnInput.xml (RunModel)" time="72.772" />
  <testcase classname="ptolemy.util.test.junit.AutoTests" name="[23] /home/travis/build/icyphy/ptII/org/terraswarm/accessor/test/auto/Stop.xml (RunModel)" time="34.157" />
  <testcase classname="ptolemy.util.test.junit.AutoTests" name="[24] /home/travis/build/icyphy/ptII/org/terraswarm/accessor/test/auto/Stop2.xml (RunModel)" time="18.822" />
  <system-out><![CDATA[/home/travis/build/icyphy/ptII/org/terraswarm/accessor/test/JSAccessor.tcl
testDefs.tcl: setting time out to 9000 seconds at Fri Mar 30 19:22:49 UTC 2018
JSAccessor: PT_NO_NET environment variable is set, so git pull and ptdoc are not being run.
/home/travis/build/icyphy/ptII/org/terraswarm/accessor/test/WebSocketClientTest.tcl
WebSocketClient: Connection failed. Will try again: Connection refused: localhost/127.0.0.1:8181 (Thread[vert.x-eventloop-thread-0,1,main])
WebSocketClient: Connection closed because model is no longer running. (Thread[WebSocketClientJS,1,main])
7354 ms. Memory: 697856K Free: 375304K (54%)
WebSocketClient: Connection failed. Will try again: Connection refused: localhost/127.0.0.1:8181 (Thread[vert.x-eventloop-thread-0,1,main])
WebSocketClient: Connection closed because model is no longer running. (Thread[main,5,main])
6653 ms. Memory: 779264K Free: 434262K (56%)
reloadAllAccessors: .WebSocketClientJS
This is the first time that the reloadAllAccessors method has been invoked in this JVM, so the the accessors repo will be checked out or updated and JSDoc invoked. Note that running the tests may end up invoking a new JVM for each directory, so the repo may be checked out or updated and JSDoc invoked more than once when the tests are run.
WebSocketClient: Connection failed. Will try again: Connection refused: localhost/127.0.0.1:8181 (Thread[vert.x-eventloop-thread-0,1,main])
WebSocketClient: Connection closed because model is no longer running. (Thread[main,5,main])
5875 ms. Memory: 798208K Free: 687318K (86%)
WebSocketClient: Connection failed. Will try again: Connection refused: localhost/127.0.0.1:8182 (Thread[vert.x-eventloop-thread-1,1,main])
WebSocketClient: Connection failed. Will try again: Connection refused: localhost/127.0.0.1:8182 (Thread[vert.x-eventloop-thread-1,1,main])
WebSocketClient: Connection failed. Will try again: Connection refused: localhost/127.0.0.1:8182 (Thread[vert.x-eventloop-thread-1,1,main])
WebSocketClient: Connection failed. Will try again: Connection refused: localhost/127.0.0.1:8182 (Thread[vert.x-eventloop-thread-1,1,main])
WebSocketClient: Connection failed. Will try again: Connection refused: localhost/127.0.0.1:8182 (Thread[vert.x-eventloop-thread-1,1,main])
WebSocketClient: undefined: WebSocketClient.js: Error: Connection failed after 6 tries: Connection refused: localhost/127.0.0.1:8182 (Thread[vert.x-eventloop-thread-1,1,main])
WebSocketClient: Connection closed because model is no longer running. (Thread[WebSocketClient2JS,1,main])
8816 ms. Memory: 806400K Free: 369155K (46%)
WebSocketClient: Connection failed. Will try again: Connection refused: localhost/127.0.0.1:8182 (Thread[vert.x-eventloop-thread-1,1,main])
WebSocketClient: Connection failed. Will try again: Connection refused: localhost/127.0.0.1:8182 (Thread[vert.x-eventloop-thread-1,1,main])
WebSocketClient: Connection failed. Will try again: Connection refused: localhost/127.0.0.1:8182 (Thread[vert.x-eventloop-thread-1,1,main])
WebSocketClient: Connection failed. Will try again: Connection refused: localhost/127.0.0.1:8182 (Thread[vert.x-eventloop-thread-1,1,main])
WebSocketClient: Connection failed. Will try again: Connection refused: localhost/127.0.0.1:8182 (Thread[vert.x-eventloop-thread-1,1,main])
WebSocketClient: undefined: WebSocketClient.js: Error: Connection failed after 6 tries: Connection refused: localhost/127.0.0.1:8182 (Thread[vert.x-eventloop-thread-1,1,main])
WebSocketClient: Connection closed because model is no longer running. (Thread[main,5,main])
9198 ms. Memory: 849408K Free: 642799K (76%)
reloadAllAccessors: .WebSocketClient2JS
WebSocketClient: Connection failed. Will try again: Connection refused: localhost/127.0.0.1:8182 (Thread[vert.x-eventloop-thread-1,1,main])
WebSocketClient: Connection failed. Will try again: Connection refused: localhost/127.0.0.1:8182 (Thread[vert.x-eventloop-thread-1,1,main])
WebSocketClient: Connection failed. Will try again: Connection refused: localhost/127.0.0.1:8182 (Thread[vert.x-eventloop-thread-1,1,main])
WebSocketClient: Connection failed. Will try again: Connection refused: localhost/127.0.0.1:8182 (Thread[vert.x-eventloop-thread-1,1,main])
WebSocketClient: Connection failed. Will try again: Connection refused: localhost/127.0.0.1:8182 (Thread[vert.x-eventloop-thread-1,1,main])
WebSocketClient: undefined: WebSocketClient.js: Error: Connection failed after 6 tries: Connection refused: localhost/127.0.0.1:8182 (Thread[vert.x-eventloop-thread-1,1,main])
WebSocketClient: Connection closed because model is no longer running. (Thread[main,5,main])
8236 ms. Memory: 849408K Free: 487660K (57%)
03/30/18 07:24:05
Failed: 0  Total Tests: 14  ((Passed: 14, Newly Passed: 0)  Known Failed: 0) /home/travis/build/icyphy/ptII/org/terraswarm/accessor/test
No auto/knownFailedTests/*.xml tests in /home/travis/build/icyphy/ptII/org/terraswarm/accessor/test
No auto/*.xml tests in /home/travis/build/icyphy/ptII/org/terraswarm/accessor/test
AutoTests.java: About to close Vertx.
AutoTests.java: Sleeping 10 seconds.
AutoTests.java: Vertx closed.
----------------- testing /home/travis/build/icyphy/ptII/org/terraswarm/accessor/test/auto/AccessViolation.xml
----------------- Fri Mar 30 19:24:15 UTC 2018 About to sleep for 5 seconds before rerunning in org/terraswarm/accessor.  Test is: /home/travis/build/icyphy/ptII/org/terraswarm/accessor/test/auto/AccessViolation.xml
674 ms. Memory: 849408K Free: 415942K (49%)
----------------- testing again /home/travis/build/icyphy/ptII/org/terraswarm/accessor/test/auto/AccessViolation.xml
727 ms. Memory: 848384K Free: 691632K (82%)
----------------- Fri Mar 30 19:24:21 UTC 2018 About to sleep for 5 seconds before rerunning in org/terraswarm/accessor.  Test is: /home/travis/build/icyphy/ptII/org/terraswarm/accessor/test/auto/AccessViolation.xml
reloadAllAccessors: .AccessViolation
----------------- Reloaded Accessors and testing again /home/travis/build/icyphy/ptII/org/terraswarm/accessor/test/auto/AccessViolation.xml
1020 ms. Memory: 848384K Free: 417141K (49%)
----------------- testing /home/travis/build/icyphy/ptII/org/terraswarm/accessor/test/auto/AccessViolation2.xml
----------------- Fri Mar 30 19:24:28 UTC 2018 About to sleep for 5 seconds before rerunning in org/terraswarm/accessor.  Test is: /home/travis/build/icyphy/ptII/org/terraswarm/accessor/test/auto/AccessViolation2.xml
844 ms. Memory: 848896K Free: 568465K (67%)
----------------- testing again /home/travis/build/icyphy/ptII/org/terraswarm/accessor/test/auto/AccessViolation2.xml
728 ms. Memory: 848896K Free: 368674K (43%)
----------------- Fri Mar 30 19:24:35 UTC 2018 About to sleep for 5 seconds before rerunning in org/terraswarm/accessor.  Test is: /home/travis/build/icyphy/ptII/org/terraswarm/accessor/test/auto/AccessViolation2.xml
reloadAllAccessors: .AccessViolation2
----------------- Reloaded Accessors and testing again /home/travis/build/icyphy/ptII/org/terraswarm/accessor/test/auto/AccessViolation2.xml
876 ms. Memory: 848896K Free: 564549K (67%)
----------------- testing /home/travis/build/icyphy/ptII/org/terraswarm/accessor/test/auto/Accessor1.xml
----------------- Fri Mar 30 19:24:41 UTC 2018 About to sleep for 5 seconds before rerunning in org/terraswarm/accessor.  Test is: /home/travis/build/icyphy/ptII/org/terraswarm/accessor/test/auto/Accessor1.xml
1816 ms. Memory: 849408K Free: 395558K (47%)
----------------- testing again /home/travis/build/icyphy/ptII/org/terraswarm/accessor/test/auto/Accessor1.xml
2067 ms. Memory: 866304K Free: 660270K (76%)
----------------- Fri Mar 30 19:24:51 UTC 2018 About to sleep for 5 seconds before rerunning in org/terraswarm/accessor.  Test is: /home/travis/build/icyphy/ptII/org/terraswarm/accessor/test/auto/Accessor1.xml
reloadAllAccessors: .Accessor1
----------------- Reloaded Accessors and testing again /home/travis/build/icyphy/ptII/org/terraswarm/accessor/test/auto/Accessor1.xml
2053 ms. Memory: 875008K Free: 567122K (65%)
----------------- testing /home/travis/build/icyphy/ptII/org/terraswarm/accessor/test/auto/Accessor2.xml
----------------- Fri Mar 30 19:24:59 UTC 2018 About to sleep for 5 seconds before rerunning in org/terraswarm/accessor.  Test is: /home/travis/build/icyphy/ptII/org/terraswarm/accessor/test/auto/Accessor2.xml
1036 ms. Memory: 865280K Free: 694604K (80%)
----------------- testing again /home/travis/build/icyphy/ptII/org/terraswarm/accessor/test/auto/Accessor2.xml
782 ms. Memory: 865280K Free: 491562K (57%)
----------------- Fri Mar 30 19:25:06 UTC 2018 About to sleep for 5 seconds before rerunning in org/terraswarm/accessor.  Test is: /home/travis/build/icyphy/ptII/org/terraswarm/accessor/test/auto/Accessor2.xml
reloadAllAccessors: .Accessor2
----------------- Reloaded Accessors and testing again /home/travis/build/icyphy/ptII/org/terraswarm/accessor/test/auto/Accessor2.xml
969 ms. Memory: 865280K Free: 214947K (25%)
----------------- testing /home/travis/build/icyphy/ptII/org/terraswarm/accessor/test/auto/CallbackWithSuppress.xml
----------------- Fri Mar 30 19:25:12 UTC 2018 About to sleep for 5 seconds before rerunning in org/terraswarm/accessor.  Test is: /home/travis/build/icyphy/ptII/org/terraswarm/accessor/test/auto/CallbackWithSuppress.xml
20734 ms. Memory: 871936K Free: 358836K (41%)
----------------- testing again /home/travis/build/icyphy/ptII/org/terraswarm/accessor/test/auto/CallbackWithSuppress.xml
20717 ms. Memory: 873984K Free: 619051K (71%)
----------------- Fri Mar 30 19:25:59 UTC 2018 About to sleep for 5 seconds before rerunning in org/terraswarm/accessor.  Test is: /home/travis/build/icyphy/ptII/org/terraswarm/accessor/test/auto/CallbackWithSuppress.xml
reloadAllAccessors: .CallbackWithSuppress
Accessors in test/auto do not typically have documentation, so we are not running jsdoc on file:/home/travis/build/icyphy/ptII/org/terraswarm/accessor/test/auto/accessors/CallbackWithSuppress.js
----------------- Reloaded Accessors and testing again /home/travis/build/icyphy/ptII/org/terraswarm/accessor/test/auto/CallbackWithSuppress.xml
20663 ms. Memory: 873984K Free: 342218K (39%)
----------------- testing /home/travis/build/icyphy/ptII/org/terraswarm/accessor/test/auto/Derived.xml
----------------- Fri Mar 30 19:26:25 UTC 2018 About to sleep for 5 seconds before rerunning in org/terraswarm/accessor.  Test is: /home/travis/build/icyphy/ptII/org/terraswarm/accessor/test/auto/Derived.xml
DerivedA: base set up (Thread[Thread-41,5,main])
DerivedA: derived set up (Thread[Thread-41,5,main])
DerivedA: base set up (Thread[Thread-41,5,main])
DerivedA: derived set up (Thread[Thread-41,5,main])
DerivedA: base set up (Thread[Derived,1,main])
DerivedA: derived set up (Thread[Derived,1,main])
DerivedA: base set up (Thread[Derived,1,main])
DerivedA: derived set up (Thread[Derived,1,main])
DerivedA: base set up (Thread[Derived,1,main])
DerivedA: derived set up (Thread[Derived,1,main])
DerivedA: base set up (Thread[Derived,1,main])
DerivedA: derived set up (Thread[Derived,1,main])
DerivedA: base set up (Thread[Derived,1,main])
DerivedA: derived set up (Thread[Derived,1,main])
DerivedA: base init (Thread[Derived,1,main])
DerivedA: derived init (Thread[Derived,1,main])
DerivedA: derived wrapped up (Thread[Derived,1,main])
793 ms. Memory: 879104K Free: 487861K (55%)
----------------- testing again /home/travis/build/icyphy/ptII/org/terraswarm/accessor/test/auto/Derived.xml
DerivedA: base set up (Thread[Thread-41,5,main])
DerivedA: derived set up (Thread[Thread-41,5,main])
DerivedA: base set up (Thread[Thread-41,5,main])
DerivedA: derived set up (Thread[Thread-41,5,main])
DerivedA: base set up (Thread[Thread-41,5,main])
DerivedA: derived set up (Thread[Thread-41,5,main])
DerivedA: base set up (Thread[Thread-41,5,main])
DerivedA: derived set up (Thread[Thread-41,5,main])
DerivedA: base set up (Thread[Thread-41,5,main])
DerivedA: derived set up (Thread[Thread-41,5,main])
DerivedA: base init (Thread[Thread-41,5,main])
DerivedA: derived init (Thread[Thread-41,5,main])
DerivedA: derived wrapped up (Thread[Thread-41,5,main])
759 ms. Memory: 879104K Free: 275000K (31%)
----------------- Fri Mar 30 19:26:32 UTC 2018 About to sleep for 5 seconds before rerunning in org/terraswarm/accessor.  Test is: /home/travis/build/icyphy/ptII/org/terraswarm/accessor/test/auto/Derived.xml
reloadAllAccessors: .Derived
Accessors in test/auto do not typically have documentation, so we are not running jsdoc on file:/home/travis/build/icyphy/ptII/org/terraswarm/accessor/test/auto/accessors/DerivedA.js
DerivedA: base set up (Thread[Thread-41,5,main])
DerivedA: derived set up (Thread[Thread-41,5,main])
DerivedA: base set up (Thread[Thread-41,5,main])
DerivedA: derived set up (Thread[Thread-41,5,main])
----------------- Reloaded Accessors and testing again /home/travis/build/icyphy/ptII/org/terraswarm/accessor/test/auto/Derived.xml
DerivedA: base set up (Thread[Thread-41,5,main])
DerivedA: derived set up (Thread[Thread-41,5,main])
DerivedA: base set up (Thread[Thread-41,5,main])
DerivedA: derived set up (Thread[Thread-41,5,main])
DerivedA: base set up (Thread[Thread-41,5,main])
DerivedA: derived set up (Thread[Thread-41,5,main])
DerivedA: base set up (Thread[Thread-41,5,main])
DerivedA: derived set up (Thread[Thread-41,5,main])
DerivedA: base set up (Thread[Thread-41,5,main])
DerivedA: derived set up (Thread[Thread-41,5,main])
DerivedA: base init (Thread[Thread-41,5,main])
DerivedA: derived init (Thread[Thread-41,5,main])
DerivedA: derived wrapped up (Thread[Thread-41,5,main])
1246 ms. Memory: 905728K Free: 699604K (77%)
----------------- testing /home/travis/build/icyphy/ptII/org/terraswarm/accessor/test/auto/Derived2.xml
----------------- Fri Mar 30 19:26:39 UTC 2018 About to sleep for 5 seconds before rerunning in org/terraswarm/accessor.  Test is: /home/travis/build/icyphy/ptII/org/terraswarm/accessor/test/auto/Derived2.xml
DerivedB2: printing non-prototype properties (Thread[Derived2,1,main])
DerivedB2: ssuper: [object Object] (Thread[Derived2,1,main])
DerivedB2: setup: function () {
        this.extend('BaseB');
    } (Thread[Derived2,1,main])
DerivedB2: inputHandler: function () {
    console.log('sending false');
    this.send('output', false);
} (Thread[Derived2,1,main])
DerivedB2: initialize: function () {
    exports.ssuper.initialize.call(this);
    printProperties(exports);
} (Thread[Derived2,1,main])
DerivedB2: printing protoytpe (Thread[Derived2,1,main])
DerivedB2: ssuper: [object Object] (Thread[Derived2,1,main])
DerivedB2: setup: function () {
        this.extend('BaseB');
    } (Thread[Derived2,1,main])
DerivedB2: initialize: function () {
    exports.ssuper.initialize.call(this);
    printProperties(exports);
} (Thread[Derived2,1,main])
DerivedB2: inputHandler: function () {
    console.log('sending false');
    this.send('output', false);
} (Thread[Derived2,1,main])
DerivedB2: sending false (Thread[Derived2,1,main])
815 ms. Memory: 905728K Free: 370617K (41%)
----------------- testing again /home/travis/build/icyphy/ptII/org/terraswarm/accessor/test/auto/Derived2.xml
DerivedB2: printing non-prototype properties (Thread[Thread-46,5,main])
DerivedB2: ssuper: [object Object] (Thread[Thread-46,5,main])
DerivedB2: setup: function () {
        this.extend('BaseB');
    } (Thread[Thread-46,5,main])
DerivedB2: inputHandler: function () {
    console.log('sending false');
    this.send('output', false);
} (Thread[Thread-46,5,main])
DerivedB2: initialize: function () {
    exports.ssuper.initialize.call(this);
    printProperties(exports);
} (Thread[Thread-46,5,main])
DerivedB2: printing protoytpe (Thread[Thread-46,5,main])
DerivedB2: ssuper: [object Object] (Thread[Thread-46,5,main])
DerivedB2: setup: function () {
        this.extend('BaseB');
    } (Thread[Thread-46,5,main])
DerivedB2: initialize: function () {
    exports.ssuper.initialize.call(this);
    printProperties(exports);
} (Thread[Thread-46,5,main])
DerivedB2: inputHandler: function () {
    console.log('sending false');
    this.send('output', false);
} (Thread[Thread-46,5,main])
DerivedB2: sending false (Thread[Thread-46,5,main])
747 ms. Memory: 875520K Free: 597839K (68%)
----------------- Fri Mar 30 19:26:46 UTC 2018 About to sleep for 5 seconds before rerunning in org/terraswarm/accessor.  Test is: /home/travis/build/icyphy/ptII/org/terraswarm/accessor/test/auto/Derived2.xml
reloadAllAccessors: .Derived2
Accessors in test/auto do not typically have documentation, so we are not running jsdoc on file:/home/travis/build/icyphy/ptII/org/terraswarm/accessor/test/auto/accessors/DerivedB.js
----------------- Reloaded Accessors and testing again /home/travis/build/icyphy/ptII/org/terraswarm/accessor/test/auto/Derived2.xml
DerivedB2: printing non-prototype properties (Thread[Thread-46,5,main])
DerivedB2: ssuper: [object Object] (Thread[Thread-46,5,main])
DerivedB2: setup: function () {
        this.extend('BaseB');
    } (Thread[Thread-46,5,main])
DerivedB2: inputHandler: function () {
    console.log('sending false');
    this.send('output', false);
} (Thread[Thread-46,5,main])
DerivedB2: initialize: function () {
    exports.ssuper.initialize.call(this);
    printProperties(exports);
} (Thread[Thread-46,5,main])
DerivedB2: printing protoytpe (Thread[Thread-46,5,main])
DerivedB2: ssuper: [object Object] (Thread[Thread-46,5,main])
DerivedB2: setup: function () {
        this.extend('BaseB');
    } (Thread[Thread-46,5,main])
DerivedB2: initialize: function () {
    exports.ssuper.initialize.call(this);
    printProperties(exports);
} (Thread[Thread-46,5,main])
DerivedB2: inputHandler: function () {
    console.log('sending false');
    this.send('output', false);
} (Thread[Thread-46,5,main])
DerivedB2: sending false (Thread[Thread-46,5,main])
762 ms. Memory: 875520K Free: 311980K (36%)
----------------- testing /home/travis/build/icyphy/ptII/org/terraswarm/accessor/test/auto/Derived3.xml
----------------- Fri Mar 30 19:26:52 UTC 2018 About to sleep for 5 seconds before rerunning in org/terraswarm/accessor.  Test is: /home/travis/build/icyphy/ptII/org/terraswarm/accessor/test/auto/Derived3.xml
722 ms. Memory: 890368K Free: 464506K (52%)
----------------- testing again /home/travis/build/icyphy/ptII/org/terraswarm/accessor/test/auto/Derived3.xml
820 ms. Memory: 890368K Free: 261353K (29%)
----------------- Fri Mar 30 19:26:59 UTC 2018 About to sleep for 5 seconds before rerunning in org/terraswarm/accessor.  Test is: /home/travis/build/icyphy/ptII/org/terraswarm/accessor/test/auto/Derived3.xml
reloadAllAccessors: .Derived3
Accessors in test/auto do not typically have documentation, so we are not running jsdoc on file:/home/travis/build/icyphy/ptII/org/terraswarm/accessor/test/auto/accessors/DerivedC.js
----------------- Reloaded Accessors and testing again /home/travis/build/icyphy/ptII/org/terraswarm/accessor/test/auto/Derived3.xml
758 ms. Memory: 889856K Free: 427678K (48%)
----------------- testing /home/travis/build/icyphy/ptII/org/terraswarm/accessor/test/auto/Derived4.xml
----------------- Fri Mar 30 19:27:05 UTC 2018 About to sleep for 5 seconds before rerunning in org/terraswarm/accessor.  Test is: /home/travis/build/icyphy/ptII/org/terraswarm/accessor/test/auto/Derived4.xml
841 ms. Memory: 861184K Free: 516807K (60%)
----------------- testing again /home/travis/build/icyphy/ptII/org/terraswarm/accessor/test/auto/Derived4.xml
765 ms. Memory: 861184K Free: 306240K (36%)
----------------- Fri Mar 30 19:27:12 UTC 2018 About to sleep for 5 seconds before rerunning in org/terraswarm/accessor.  Test is: /home/travis/build/icyphy/ptII/org/terraswarm/accessor/test/auto/Derived4.xml
reloadAllAccessors: .Derived4
Accessors in test/auto do not typically have documentation, so we are not running jsdoc on file:/home/travis/build/icyphy/ptII/org/terraswarm/accessor/test/auto/accessors/DerivedD.js
----------------- Reloaded Accessors and testing again /home/travis/build/icyphy/ptII/org/terraswarm/accessor/test/auto/Derived4.xml
841 ms. Memory: 845824K Free: 407611K (48%)
----------------- testing /home/travis/build/icyphy/ptII/org/terraswarm/accessor/test/auto/Derived5.xml
----------------- Fri Mar 30 19:27:18 UTC 2018 About to sleep for 5 seconds before rerunning in org/terraswarm/accessor.  Test is: /home/travis/build/icyphy/ptII/org/terraswarm/accessor/test/auto/Derived5.xml
765 ms. Memory: 877056K Free: 521702K (59%)
----------------- testing again /home/travis/build/icyphy/ptII/org/terraswarm/accessor/test/auto/Derived5.xml
697 ms. Memory: 877056K Free: 313867K (36%)
----------------- Fri Mar 30 19:27:25 UTC 2018 About to sleep for 5 seconds before rerunning in org/terraswarm/accessor.  Test is: /home/travis/build/icyphy/ptII/org/terraswarm/accessor/test/auto/Derived5.xml
reloadAllAccessors: .Derived5
Accessors in test/auto do not typically have documentation, so we are not running jsdoc on file:/home/travis/build/icyphy/ptII/org/terraswarm/accessor/test/auto/accessors/DerivedE.js
----------------- Reloaded Accessors and testing again /home/travis/build/icyphy/ptII/org/terraswarm/accessor/test/auto/Derived5.xml
872 ms. Memory: 842240K Free: 405050K (48%)
----------------- testing /home/travis/build/icyphy/ptII/org/terraswarm/accessor/test/auto/Derived6.xml
----------------- Fri Mar 30 19:27:31 UTC 2018 About to sleep for 5 seconds before rerunning in org/terraswarm/accessor.  Test is: /home/travis/build/icyphy/ptII/org/terraswarm/accessor/test/auto/Derived6.xml
811 ms. Memory: 842240K Free: 74528K (9%)
----------------- testing again /home/travis/build/icyphy/ptII/org/terraswarm/accessor/test/auto/Derived6.xml
1094 ms. Memory: 884736K Free: 589591K (67%)
----------------- Fri Mar 30 19:27:39 UTC 2018 About to sleep for 5 seconds before rerunning in org/terraswarm/accessor.  Test is: /home/travis/build/icyphy/ptII/org/terraswarm/accessor/test/auto/Derived6.xml
reloadAllAccessors: .Derived6
Accessors in test/auto do not typically have documentation, so we are not running jsdoc on file:/home/travis/build/icyphy/ptII/org/terraswarm/accessor/test/auto/accessors/DerivedF.js
----------------- Reloaded Accessors and testing again /home/travis/build/icyphy/ptII/org/terraswarm/accessor/test/auto/Derived6.xml
810 ms. Memory: 883712K Free: 710512K (80%)
----------------- testing /home/travis/build/icyphy/ptII/org/terraswarm/accessor/test/auto/Derived8.xml
----------------- Fri Mar 30 19:27:45 UTC 2018 About to sleep for 5 seconds before rerunning in org/terraswarm/accessor.  Test is: /home/travis/build/icyphy/ptII/org/terraswarm/accessor/test/auto/Derived8.xml
685 ms. Memory: 883712K Free: 373801K (42%)
----------------- testing again /home/travis/build/icyphy/ptII/org/terraswarm/accessor/test/auto/Derived8.xml
866 ms. Memory: 884736K Free: 576328K (65%)
----------------- Fri Mar 30 19:27:52 UTC 2018 About to sleep for 5 seconds before rerunning in org/terraswarm/accessor.  Test is: /home/travis/build/icyphy/ptII/org/terraswarm/accessor/test/auto/Derived8.xml
reloadAllAccessors: .Derived8
Accessors in test/auto do not typically have documentation, so we are not running jsdoc on file:/home/travis/build/icyphy/ptII/org/terraswarm/accessor/test/auto/accessors/DerivedH.js
----------------- Reloaded Accessors and testing again /home/travis/build/icyphy/ptII/org/terraswarm/accessor/test/auto/Derived8.xml
674 ms. Memory: 884736K Free: 286215K (32%)
----------------- testing /home/travis/build/icyphy/ptII/org/terraswarm/accessor/test/auto/Derived9.xml
----------------- Fri Mar 30 19:27:58 UTC 2018 About to sleep for 5 seconds before rerunning in org/terraswarm/accessor.  Test is: /home/travis/build/icyphy/ptII/org/terraswarm/accessor/test/auto/Derived9.xml
708 ms. Memory: 884224K Free: 355312K (40%)
----------------- testing again /home/travis/build/icyphy/ptII/org/terraswarm/accessor/test/auto/Derived9.xml
764 ms. Memory: 885248K Free: 552390K (62%)
----------------- Fri Mar 30 19:28:05 UTC 2018 About to sleep for 5 seconds before rerunning in org/terraswarm/accessor.  Test is: /home/travis/build/icyphy/ptII/org/terraswarm/accessor/test/auto/Derived9.xml
reloadAllAccessors: .Derived9
Accessors in test/auto do not typically have documentation, so we are not running jsdoc on file:/home/travis/build/icyphy/ptII/org/terraswarm/accessor/test/auto/accessors/DerivedI.js
----------------- Reloaded Accessors and testing again /home/travis/build/icyphy/ptII/org/terraswarm/accessor/test/auto/Derived9.xml
775 ms. Memory: 885248K Free: 255445K (29%)
----------------- testing /home/travis/build/icyphy/ptII/org/terraswarm/accessor/test/auto/DerivedAgain.xml
----------------- Fri Mar 30 19:28:11 UTC 2018 About to sleep for 5 seconds before rerunning in org/terraswarm/accessor.  Test is: /home/travis/build/icyphy/ptII/org/terraswarm/accessor/test/auto/DerivedAgain.xml
1725 ms. Memory: 884736K Free: 336781K (38%)
----------------- testing again /home/travis/build/icyphy/ptII/org/terraswarm/accessor/test/auto/DerivedAgain.xml
1805 ms. Memory: 887296K Free: 543472K (61%)
----------------- Fri Mar 30 19:28:20 UTC 2018 About to sleep for 5 seconds before rerunning in org/terraswarm/accessor.  Test is: /home/travis/build/icyphy/ptII/org/terraswarm/accessor/test/auto/DerivedAgain.xml
reloadAllAccessors: .DerivedAgain
Accessors in test/auto do not typically have documentation, so we are not running jsdoc on file:/home/travis/build/icyphy/ptII/org/terraswarm/accessor/test/auto/accessors/DerivedAgainA.js
----------------- Reloaded Accessors and testing again /home/travis/build/icyphy/ptII/org/terraswarm/accessor/test/auto/DerivedAgain.xml
1688 ms. Memory: 887296K Free: 254924K (29%)
----------------- testing /home/travis/build/icyphy/ptII/org/terraswarm/accessor/test/auto/DerivedAgain2.xml
----------------- Fri Mar 30 19:28:27 UTC 2018 About to sleep for 5 seconds before rerunning in org/terraswarm/accessor.  Test is: /home/travis/build/icyphy/ptII/org/terraswarm/accessor/test/auto/DerivedAgain2.xml
1774 ms. Memory: 887296K Free: 342609K (39%)
----------------- testing again /home/travis/build/icyphy/ptII/org/terraswarm/accessor/test/auto/DerivedAgain2.xml
1703 ms. Memory: 887296K Free: 133321K (15%)
----------------- Fri Mar 30 19:28:36 UTC 2018 About to sleep for 5 seconds before rerunning in org/terraswarm/accessor.  Test is: /home/travis/build/icyphy/ptII/org/terraswarm/accessor/test/auto/DerivedAgain2.xml
reloadAllAccessors: .DerivedAgain2
Accessors in test/auto do not typically have documentation, so we are not running jsdoc on file:/home/travis/build/icyphy/ptII/org/terraswarm/accessor/test/auto/accessors/DerivedAgainB.js
----------------- Reloaded Accessors and testing again /home/travis/build/icyphy/ptII/org/terraswarm/accessor/test/auto/DerivedAgain2.xml
1722 ms. Memory: 900096K Free: 532895K (59%)
----------------- testing /home/travis/build/icyphy/ptII/org/terraswarm/accessor/test/auto/DerivedAgain4.xml
----------------- Fri Mar 30 19:28:44 UTC 2018 About to sleep for 5 seconds before rerunning in org/terraswarm/accessor.  Test is: /home/travis/build/icyphy/ptII/org/terraswarm/accessor/test/auto/DerivedAgain4.xml
793 ms. Memory: 899584K Free: 627598K (70%)
----------------- testing again /home/travis/build/icyphy/ptII/org/terraswarm/accessor/test/auto/DerivedAgain4.xml
687 ms. Memory: 899584K Free: 413740K (46%)
----------------- Fri Mar 30 19:28:50 UTC 2018 About to sleep for 5 seconds before rerunning in org/terraswarm/accessor.  Test is: /home/travis/build/icyphy/ptII/org/terraswarm/accessor/test/auto/DerivedAgain4.xml
reloadAllAccessors: .DerivedAgain4
Accessors in test/auto do not typically have documentation, so we are not running jsdoc on file:/home/travis/build/icyphy/ptII/org/terraswarm/accessor/test/auto/accessors/DerivedAgainD.js
----------------- Reloaded Accessors and testing again /home/travis/build/icyphy/ptII/org/terraswarm/accessor/test/auto/DerivedAgain4.xml
820 ms. Memory: 904192K Free: 557248K (62%)
----------------- testing /home/travis/build/icyphy/ptII/org/terraswarm/accessor/test/auto/DerivedAgain5.xml
----------------- Fri Mar 30 19:28:57 UTC 2018 About to sleep for 5 seconds before rerunning in org/terraswarm/accessor.  Test is: /home/travis/build/icyphy/ptII/org/terraswarm/accessor/test/auto/DerivedAgain5.xml
776 ms. Memory: 903168K Free: 644978K (71%)
----------------- testing again /home/travis/build/icyphy/ptII/org/terraswarm/accessor/test/auto/DerivedAgain5.xml
691 ms. Memory: 903168K Free: 424502K (47%)
----------------- Fri Mar 30 19:29:03 UTC 2018 About to sleep for 5 seconds before rerunning in org/terraswarm/accessor.  Test is: /home/travis/build/icyphy/ptII/org/terraswarm/accessor/test/auto/DerivedAgain5.xml
reloadAllAccessors: .DerivedAgain5
Accessors in test/auto do not typically have documentation, so we are not running jsdoc on file:/home/travis/build/icyphy/ptII/org/terraswarm/accessor/test/auto/accessors/DerivedAgainE.js
----------------- Reloaded Accessors and testing again /home/travis/build/icyphy/ptII/org/terraswarm/accessor/test/auto/DerivedAgain5.xml
1058 ms. Memory: 909824K Free: 565154K (62%)
----------------- testing /home/travis/build/icyphy/ptII/org/terraswarm/accessor/test/auto/GetDate.xml
----------------- Fri Mar 30 19:29:10 UTC 2018 About to sleep for 5 seconds before rerunning in org/terraswarm/accessor.  Test is: /home/travis/build/icyphy/ptII/org/terraswarm/accessor/test/auto/GetDate.xml
REST: Making an HTTP request. (Thread[GetDate,1,main])
6169 ms. Memory: 943104K Free: 718583K (76%)
----------------- testing again /home/travis/build/icyphy/ptII/org/terraswarm/accessor/test/auto/GetDate.xml
REST: Making an HTTP request. (Thread[Thread-101,5,main])
5477 ms. Memory: 948736K Free: 446712K (47%)
----------------- testing /home/travis/build/icyphy/ptII/org/terraswarm/accessor/test/auto/HandlerWithSuppress.xml
----------------- Fri Mar 30 19:29:29 UTC 2018 About to sleep for 5 seconds before rerunning in org/terraswarm/accessor.  Test is: /home/travis/build/icyphy/ptII/org/terraswarm/accessor/test/auto/HandlerWithSuppress.xml
20891 ms. Memory: 947712K Free: 595082K (63%)
----------------- testing again /home/travis/build/icyphy/ptII/org/terraswarm/accessor/test/auto/HandlerWithSuppress.xml
20638 ms. Memory: 947712K Free: 387171K (41%)
----------------- Fri Mar 30 19:30:16 UTC 2018 About to sleep for 5 seconds before rerunning in org/terraswarm/accessor.  Test is: /home/travis/build/icyphy/ptII/org/terraswarm/accessor/test/auto/HandlerWithSuppress.xml
reloadAllAccessors: .HandlerWithSuppress
Accessors in test/auto do not typically have documentation, so we are not running jsdoc on file:/home/travis/build/icyphy/ptII/org/terraswarm/accessor/test/auto/accessors/HandlerWithSuppress.js
----------------- Reloaded Accessors and testing again /home/travis/build/icyphy/ptII/org/terraswarm/accessor/test/auto/HandlerWithSuppress.xml
20691 ms. Memory: 953344K Free: 587616K (62%)
----------------- testing /home/travis/build/icyphy/ptII/org/terraswarm/accessor/test/auto/HttpRequest.xml
----------------- Fri Mar 30 19:30:42 UTC 2018 About to sleep for 5 seconds before rerunning in org/terraswarm/accessor.  Test is: /home/travis/build/icyphy/ptII/org/terraswarm/accessor/test/auto/HttpRequest.xml
859 ms. Memory: 953344K Free: 263056K (28%)
----------------- testing again /home/travis/build/icyphy/ptII/org/terraswarm/accessor/test/auto/HttpRequest.xml
944 ms. Memory: 951808K Free: 543109K (57%)
----------------- Fri Mar 30 19:30:49 UTC 2018 About to sleep for 5 seconds before rerunning in org/terraswarm/accessor.  Test is: /home/travis/build/icyphy/ptII/org/terraswarm/accessor/test/auto/HttpRequest.xml
reloadAllAccessors: .HttpRequest
----------------- Reloaded Accessors and testing again /home/travis/build/icyphy/ptII/org/terraswarm/accessor/test/auto/HttpRequest.xml
840 ms. Memory: 951808K Free: 263768K (28%)
----------------- testing /home/travis/build/icyphy/ptII/org/terraswarm/accessor/test/auto/JSON.xml
----------------- Fri Mar 30 19:30:56 UTC 2018 About to sleep for 5 seconds before rerunning in org/terraswarm/accessor.  Test is: /home/travis/build/icyphy/ptII/org/terraswarm/accessor/test/auto/JSON.xml
JavaScript: { data: 1 } (Thread[JSON,1,main])
JavaScript3: 1 (Thread[JSON,1,main])
2163 ms. Memory: 956416K Free: 124011K (13%)
----------------- testing again /home/travis/build/icyphy/ptII/org/terraswarm/accessor/test/auto/JSON.xml
JavaScript: { data: 1 } (Thread[Thread-117,5,main])
JavaScript3: 1 (Thread[Thread-117,5,main])
2797 ms. Memory: 983552K Free: 487373K (50%)
----------------- Fri Mar 30 19:31:06 UTC 2018 About to sleep for 5 seconds before rerunning in org/terraswarm/accessor.  Test is: /home/travis/build/icyphy/ptII/org/terraswarm/accessor/test/auto/JSON.xml
reloadAllAccessors: .JSON
----------------- testing /home/travis/build/icyphy/ptII/org/terraswarm/accessor/test/auto/ReadURL.xml
----------------- Fri Mar 30 19:31:11 UTC 2018 About to sleep for 5 seconds before rerunning in org/terraswarm/accessor.  Test is: /home/travis/build/icyphy/ptII/org/terraswarm/accessor/test/auto/ReadURL.xml
11982 ms. Memory: 987136K Free: 519520K (53%)
----------------- testing again /home/travis/build/icyphy/ptII/org/terraswarm/accessor/test/auto/ReadURL.xml
12264 ms. Memory: 990208K Free: 412354K (42%)
----------------- Fri Mar 30 19:31:42 UTC 2018 About to sleep for 5 seconds before rerunning in org/terraswarm/accessor.  Test is: /home/travis/build/icyphy/ptII/org/terraswarm/accessor/test/auto/ReadURL.xml
reloadAllAccessors: .ReadURL
----------------- Reloaded Accessors and testing again /home/travis/build/icyphy/ptII/org/terraswarm/accessor/test/auto/ReadURL.xml
12177 ms. Memory: 992256K Free: 639648K (64%)
----------------- testing /home/travis/build/icyphy/ptII/org/terraswarm/accessor/test/auto/SendNullToOwnInput.xml
----------------- Fri Mar 30 19:31:59 UTC 2018 About to sleep for 5 seconds before rerunning in org/terraswarm/accessor.  Test is: /home/travis/build/icyphy/ptII/org/terraswarm/accessor/test/auto/SendNullToOwnInput.xml
20692 ms. Memory: 992256K Free: 315088K (32%)
----------------- testing again /home/travis/build/icyphy/ptII/org/terraswarm/accessor/test/auto/SendNullToOwnInput.xml
20739 ms. Memory: 991744K Free: 611229K (62%)
----------------- Fri Mar 30 19:32:46 UTC 2018 About to sleep for 5 seconds before rerunning in org/terraswarm/accessor.  Test is: /home/travis/build/icyphy/ptII/org/terraswarm/accessor/test/auto/SendNullToOwnInput.xml
reloadAllAccessors: .SendNullToOwnInput
----------------- Reloaded Accessors and testing again /home/travis/build/icyphy/ptII/org/terraswarm/accessor/test/auto/SendNullToOwnInput.xml
20675 ms. Memory: 991744K Free: 329718K (33%)
----------------- testing /home/travis/build/icyphy/ptII/org/terraswarm/accessor/test/auto/Stop.xml
----------------- Fri Mar 30 19:33:12 UTC 2018 About to sleep for 5 seconds before rerunning in org/terraswarm/accessor.  Test is: /home/travis/build/icyphy/ptII/org/terraswarm/accessor/test/auto/Stop.xml
TextDisplayHelper: 0
TextDisplayHelper: 1
TextDisplayHelper: 2
TextDisplayHelper: 3
6824 ms. Memory: 1015296K Free: 350256K (34%)
----------------- testing again /home/travis/build/icyphy/ptII/org/terraswarm/accessor/test/auto/Stop.xml
TextDisplayHelper: 0
TextDisplayHelper: 1
TextDisplayHelper: 2
TextDisplayHelper: 3
7213 ms. Memory: 1017856K Free: 543759K (53%)
----------------- Fri Mar 30 19:33:33 UTC 2018 About to sleep for 5 seconds before rerunning in org/terraswarm/accessor.  Test is: /home/travis/build/icyphy/ptII/org/terraswarm/accessor/test/auto/Stop.xml
reloadAllAccessors: .Stop
----------------- Reloaded Accessors and testing again /home/travis/build/icyphy/ptII/org/terraswarm/accessor/test/auto/Stop.xml
TextDisplayHelper: 0
TextDisplayHelper: 1
TextDisplayHelper: 2
TextDisplayHelper: 3
7442 ms. Memory: 1018368K Free: 498054K (49%)
----------------- testing /home/travis/build/icyphy/ptII/org/terraswarm/accessor/test/auto/Stop2.xml
----------------- Fri Mar 30 19:33:46 UTC 2018 About to sleep for 5 seconds before rerunning in org/terraswarm/accessor.  Test is: /home/travis/build/icyphy/ptII/org/terraswarm/accessor/test/auto/Stop2.xml
2705 ms. Memory: 1018368K Free: 185271K (18%)
----------------- testing again /home/travis/build/icyphy/ptII/org/terraswarm/accessor/test/auto/Stop2.xml
2716 ms. Memory: 1019392K Free: 506296K (50%)
----------------- Fri Mar 30 19:33:57 UTC 2018 About to sleep for 5 seconds before rerunning in org/terraswarm/accessor.  Test is: /home/travis/build/icyphy/ptII/org/terraswarm/accessor/test/auto/Stop2.xml
reloadAllAccessors: .Stop2
----------------- Reloaded Accessors and testing again /home/travis/build/icyphy/ptII/org/terraswarm/accessor/test/auto/Stop2.xml
2729 ms. Memory: 1019392K Free: 240393K (24%)
AutoTests.java: About to close Vertx.
AutoTests.java: Sleeping 10 seconds.
AutoTests.java: Vertx closed.
]]></system-out>
  <system-err><![CDATA[[vert.x-eventloop-thread-0] WARN io.netty.util.internal.MacAddressUtil - Failed to find a usable hardware address from the network interfaces; using random bytes: 4c:ff:ef:54:b2:1b:d3:ed
WARNING: WebSocketServer: Model stopped before executing actions (e.g. producing outputs) scheduled for execution at times [0.43]
WARNING: WebSocketServer: Model stopped before executing actions (e.g. producing outputs) scheduled for execution at times [0.185, 0.186]
WARNING: WebSocketServer: Model stopped before executing actions (e.g. producing outputs) scheduled for execution at times [0.17800000000000002, 0.18]
WARNING: CallbackWithSuppress: Model stopped before executing actions (e.g. producing outputs) scheduled for execution at times [21.0]
WARNING: CallbackWithSuppress: Model stopped before executing actions (e.g. producing outputs) scheduled for execution at times [21.0]
WARNING: CallbackWithSuppress: Model stopped before executing actions (e.g. producing outputs) scheduled for execution at times [21.0]
WARNING: HandlerWithSuppress: Model stopped before executing actions (e.g. producing outputs) scheduled for execution at times [21.0]
WARNING: HandlerWithSuppress: Model stopped before executing actions (e.g. producing outputs) scheduled for execution at times [21.0]
WARNING: HandlerWithSuppress: Model stopped before executing actions (e.g. producing outputs) scheduled for execution at times [21.0]
WARNING: TestSpontaneous: Model stopped before executing actions (e.g. producing outputs) scheduled for execution at times [5.0]
WARNING: TestSpontaneous: Model stopped before executing actions (e.g. producing outputs) scheduled for execution at times [5.0]
WARNING: TestSpontaneous: Model stopped before executing actions (e.g. producing outputs) scheduled for execution at times [5.0]
]]></system-err>
</testsuite>
