<?xml version="1.0" encoding="UTF-8" ?>
<testsuite errors="0" failures="0" hostname="travis-job-23f64e17-54c6-4611-83be-2e0dffc4e815" name="ptolemy.domains.de.test.junit.JUnitTclTest" skipped="0" tests="101" time="150.974" timestamp="2018-04-30T01:15:46">
  <properties>
[...]
</properties>
  <testcase classname="ptolemy.util.test.junit.TclTests" name="[0] /home/travis/build/icyphy/ptII/ptolemy/domains/de/test/DependencyLoop.tcl (RunTclFile)" time="0.824" />
  <testcase classname="ptolemy.util.test.junit.TclTests" name="[1] /home/travis/build/icyphy/ptII/ptolemy/domains/de/test/RunDETestsAsQSS.tcl (RunTclFile)" time="103.854" />
  <testcase classname="ptolemy.util.test.junit.AutoKnownFailedTests" name="[0] /home/travis/build/icyphy/ptII/ptolemy/domains/de/test/auto/knownFailedTests/DESDFClockTest.xml (RunModel)" time="2.037" />
  <testcase classname="ptolemy.util.test.junit.AutoKnownFailedTests" name="[1] /home/travis/build/icyphy/ptII/ptolemy/domains/de/test/auto/knownFailedTests/DirectFeedback.xml (RunModel)" time="0.012" />
  <testcase classname="ptolemy.util.test.junit.AutoKnownFailedTests" name="[2] /home/travis/build/icyphy/ptII/ptolemy/domains/de/test/auto/knownFailedTests/FSMSource.xml (RunModel)" time="0.03" />
  <testcase classname="ptolemy.util.test.junit.AutoKnownFailedTests" name="[3] /home/travis/build/icyphy/ptII/ptolemy/domains/de/test/auto/knownFailedTests/HierarchicalModel.xml (RunModel)" time="0.031" />
  <testcase classname="ptolemy.util.test.junit.AutoKnownFailedTests" name="[4] /home/travis/build/icyphy/ptII/ptolemy/domains/de/test/auto/knownFailedTests/dependencyLoop.xml (RunModel)" time="0.035" />
  <testcase classname="ptolemy.util.test.junit.AutoKnownFailedTests" name="[5] /home/travis/build/icyphy/ptII/ptolemy/domains/de/test/auto/knownFailedTests/dependencyLoop2.xml (RunModel)" time="0.044" />
  <testcase classname="ptolemy.util.test.junit.AutoNameArchTests" name="[0] ThereAreNoAutoTests (RunModel)" time="0.001" />
  <testcase classname="ptolemy.util.test.junit.AutoTests" name="[0] /home/travis/build/icyphy/ptII/ptolemy/domains/de/test/auto/ActorDepthCalculation_actorWithoutPorts.xml (RunModel)" time="0.014" />
  <testcase classname="ptolemy.util.test.junit.AutoTests" name="[1] /home/travis/build/icyphy/ptII/ptolemy/domains/de/test/auto/AssemblyLine.xml (RunModel)" time="0.018" />
  <testcase classname="ptolemy.util.test.junit.AutoTests" name="[2] /home/travis/build/icyphy/ptII/ptolemy/domains/de/test/auto/CQBug1.xml (RunModel)" time="0.009" />
  <testcase classname="ptolemy.util.test.junit.AutoTests" name="[3] /home/travis/build/icyphy/ptII/ptolemy/domains/de/test/auto/CancelFireAt.xml (RunModel)" time="0.008" />
  <testcase classname="ptolemy.util.test.junit.AutoTests" name="[4] /home/travis/build/icyphy/ptII/ptolemy/domains/de/test/auto/CausalityAndComposabilityAnalysis.xml (RunModel)" time="0.013" />
  <testcase classname="ptolemy.util.test.junit.AutoTests" name="[5] /home/travis/build/icyphy/ptII/ptolemy/domains/de/test/auto/CausalityInterface1.xml (RunModel)" time="0.011" />
  <testcase classname="ptolemy.util.test.junit.AutoTests" name="[6] /home/travis/build/icyphy/ptII/ptolemy/domains/de/test/auto/CausalityInterface15.xml (RunModel)" time="0.013" />
  <testcase classname="ptolemy.util.test.junit.AutoTests" name="[7] /home/travis/build/icyphy/ptII/ptolemy/domains/de/test/auto/CausalityInterface2.xml (RunModel)" time="0.01" />
  <testcase classname="ptolemy.util.test.junit.AutoTests" name="[8] /home/travis/build/icyphy/ptII/ptolemy/domains/de/test/auto/CausalityInterface3.xml (RunModel)" time="0.011" />
  <testcase classname="ptolemy.util.test.junit.AutoTests" name="[9] /home/travis/build/icyphy/ptII/ptolemy/domains/de/test/auto/ClockDrift.xml (RunModel)" time="0.04" />
  <testcase classname="ptolemy.util.test.junit.AutoTests" name="[10] /home/travis/build/icyphy/ptII/ptolemy/domains/de/test/auto/ClockDriftAndValueChange.xml (RunModel)" time="0.032" />
  <testcase classname="ptolemy.util.test.junit.AutoTests" name="[11] /home/travis/build/icyphy/ptII/ptolemy/domains/de/test/auto/ClockDriftChange.xml (RunModel)" time="0.027" />
  <testcase classname="ptolemy.util.test.junit.AutoTests" name="[12] /home/travis/build/icyphy/ptII/ptolemy/domains/de/test/auto/ComposableCausalityAnalysis.xml (RunModel)" time="0.015" />
  <testcase classname="ptolemy.util.test.junit.AutoTests" name="[13] /home/travis/build/icyphy/ptII/ptolemy/domains/de/test/auto/DEFixedPointLimitation.xml (RunModel)" time="0.009" />
  <testcase classname="ptolemy.util.test.junit.AutoTests" name="[14] /home/travis/build/icyphy/ptII/ptolemy/domains/de/test/auto/DEScheduleTest.xml (RunModel)" time="0.01" />
  <testcase classname="ptolemy.util.test.junit.AutoTests" name="[15] /home/travis/build/icyphy/ptII/ptolemy/domains/de/test/auto/DEinDEwithStartTimes.xml (RunModel)" time="0.013" />
  <testcase classname="ptolemy.util.test.junit.AutoTests" name="[16] /home/travis/build/icyphy/ptII/ptolemy/domains/de/test/auto/DEinDEwithStartTimes2.xml (RunModel)" time="0.013" />
  <testcase classname="ptolemy.util.test.junit.AutoTests" name="[17] /home/travis/build/icyphy/ptII/ptolemy/domains/de/test/auto/DateDemo.xml (RunModel)" time="0.028" />
  <testcase classname="ptolemy.util.test.junit.AutoTests" name="[18] /home/travis/build/icyphy/ptII/ptolemy/domains/de/test/auto/DateToEvent.xml (RunModel)" time="2.04" />
  <testcase classname="ptolemy.util.test.junit.AutoTests" name="[19] /home/travis/build/icyphy/ptII/ptolemy/domains/de/test/auto/DepthTest1.xml (RunModel)" time="0.011" />
  <testcase classname="ptolemy.util.test.junit.AutoTests" name="[20] /home/travis/build/icyphy/ptII/ptolemy/domains/de/test/auto/DepthTest2.xml (RunModel)" time="0.031" />
  <testcase classname="ptolemy.util.test.junit.AutoTests" name="[21] /home/travis/build/icyphy/ptII/ptolemy/domains/de/test/auto/DepthTest3.xml (RunModel)" time="0.012" />
  <testcase classname="ptolemy.util.test.junit.AutoTests" name="[22] /home/travis/build/icyphy/ptII/ptolemy/domains/de/test/auto/DepthTest4.xml (RunModel)" time="0.023" />
  <testcase classname="ptolemy.util.test.junit.AutoTests" name="[23] /home/travis/build/icyphy/ptII/ptolemy/domains/de/test/auto/DepthTest5.xml (RunModel)" time="0.018" />
  <testcase classname="ptolemy.util.test.junit.AutoTests" name="[24] /home/travis/build/icyphy/ptII/ptolemy/domains/de/test/auto/DepthTest6.xml (RunModel)" time="0.017" />
  <testcase classname="ptolemy.util.test.junit.AutoTests" name="[25] /home/travis/build/icyphy/ptII/ptolemy/domains/de/test/auto/DepthTest7.xml (RunModel)" time="0.015" />
  <testcase classname="ptolemy.util.test.junit.AutoTests" name="[26] /home/travis/build/icyphy/ptII/ptolemy/domains/de/test/auto/EventToDate.xml (RunModel)" time="3.059" />
  <testcase classname="ptolemy.util.test.junit.AutoTests" name="[27] /home/travis/build/icyphy/ptII/ptolemy/domains/de/test/auto/FSM1.xml (RunModel)" time="0.041" />
  <testcase classname="ptolemy.util.test.junit.AutoTests" name="[28] /home/travis/build/icyphy/ptII/ptolemy/domains/de/test/auto/FSM7.xml (RunModel)" time="0.042" />
  <testcase classname="ptolemy.util.test.junit.AutoTests" name="[29] /home/travis/build/icyphy/ptII/ptolemy/domains/de/test/auto/Inspection.xml (RunModel)" time="0.055" />
  <testcase classname="ptolemy.util.test.junit.AutoTests" name="[30] /home/travis/build/icyphy/ptII/ptolemy/domains/de/test/auto/Iteration.xml (RunModel)" time="0.026" />
  <testcase classname="ptolemy.util.test.junit.AutoTests" name="[31] /home/travis/build/icyphy/ptII/ptolemy/domains/de/test/auto/LineFault.xml (RunModel)" time="0.848" />
  <testcase classname="ptolemy.util.test.junit.AutoTests" name="[32] /home/travis/build/icyphy/ptII/ptolemy/domains/de/test/auto/MergeModel1Add.xml (RunModel)" time="0.053" />
  <testcase classname="ptolemy.util.test.junit.AutoTests" name="[33] /home/travis/build/icyphy/ptII/ptolemy/domains/de/test/auto/MergeModel2Add.xml (RunModel)" time="0.051" />
  <testcase classname="ptolemy.util.test.junit.AutoTests" name="[34] /home/travis/build/icyphy/ptII/ptolemy/domains/de/test/auto/MergeModel3Add.xml (RunModel)" time="0.046" />
  <testcase classname="ptolemy.util.test.junit.AutoTests" name="[35] /home/travis/build/icyphy/ptII/ptolemy/domains/de/test/auto/MergeWithoutDiscard.xml (RunModel)" time="0.011" />
  <testcase classname="ptolemy.util.test.junit.AutoTests" name="[36] /home/travis/build/icyphy/ptII/ptolemy/domains/de/test/auto/Modal1.xml (RunModel)" time="0.035" />
  <testcase classname="ptolemy.util.test.junit.AutoTests" name="[37] /home/travis/build/icyphy/ptII/ptolemy/domains/de/test/auto/Modal2.xml (RunModel)" time="0.053" />
  <testcase classname="ptolemy.util.test.junit.AutoTests" name="[38] /home/travis/build/icyphy/ptII/ptolemy/domains/de/test/auto/Modal3.xml (RunModel)" time="0.045" />
  <testcase classname="ptolemy.util.test.junit.AutoTests" name="[39] /home/travis/build/icyphy/ptII/ptolemy/domains/de/test/auto/Modal4.xml (RunModel)" time="0.05" />
  <testcase classname="ptolemy.util.test.junit.AutoTests" name="[40] /home/travis/build/icyphy/ptII/ptolemy/domains/de/test/auto/Modal5.xml (RunModel)" time="0.04" />
  <testcase classname="ptolemy.util.test.junit.AutoTests" name="[41] /home/travis/build/icyphy/ptII/ptolemy/domains/de/test/auto/Modal6.xml (RunModel)" time="0.037" />
  <testcase classname="ptolemy.util.test.junit.AutoTests" name="[42] /home/travis/build/icyphy/ptII/ptolemy/domains/de/test/auto/Modal7.xml (RunModel)" time="0.037" />
  <testcase classname="ptolemy.util.test.junit.AutoTests" name="[43] /home/travis/build/icyphy/ptII/ptolemy/domains/de/test/auto/ModalModel.xml (RunModel)" time="0.277" />
  <testcase classname="ptolemy.util.test.junit.AutoTests" name="[44] /home/travis/build/icyphy/ptII/ptolemy/domains/de/test/auto/ModalSource.xml (RunModel)" time="0.022" />
  <testcase classname="ptolemy.util.test.junit.AutoTests" name="[45] /home/travis/build/icyphy/ptII/ptolemy/domains/de/test/auto/NonInterruptibleTimerZeroDelay.xml (RunModel)" time="0.011" />
  <testcase classname="ptolemy.util.test.junit.AutoTests" name="[46] /home/travis/build/icyphy/ptII/ptolemy/domains/de/test/auto/OpenQueueingNetwork.xml (RunModel)" time="3.256" />
  <testcase classname="ptolemy.util.test.junit.AutoTests" name="[47] /home/travis/build/icyphy/ptII/ptolemy/domains/de/test/auto/OpenQueuingNetwork.xml (RunModel)" time="0.312" />
  <testcase classname="ptolemy.util.test.junit.AutoTests" name="[48] /home/travis/build/icyphy/ptII/ptolemy/domains/de/test/auto/PeriodicSampler.xml (RunModel)" time="0.011" />
  <testcase classname="ptolemy.util.test.junit.AutoTests" name="[49] /home/travis/build/icyphy/ptII/ptolemy/domains/de/test/auto/PersistentIO.xml (RunModel)" time="0.032" />
  <testcase classname="ptolemy.util.test.junit.AutoTests" name="[50] /home/travis/build/icyphy/ptII/ptolemy/domains/de/test/auto/PortParameterResetOnInitialize.xml (RunModel)" time="0.011" />
  <testcase classname="ptolemy.util.test.junit.AutoTests" name="[51] /home/travis/build/icyphy/ptII/ptolemy/domains/de/test/auto/PortParameterUpdates.xml (RunModel)" time="0.019" />
  <testcase classname="ptolemy.util.test.junit.AutoTests" name="[52] /home/travis/build/icyphy/ptII/ptolemy/domains/de/test/auto/QueueAndServer.xml (RunModel)" time="0.028" />
  <testcase classname="ptolemy.util.test.junit.AutoTests" name="[53] /home/travis/build/icyphy/ptII/ptolemy/domains/de/test/auto/Records.xml (RunModel)" time="0.018" />
  <testcase classname="ptolemy.util.test.junit.AutoTests" name="[54] /home/travis/build/icyphy/ptII/ptolemy/domains/de/test/auto/ResetTransitionWithStartTime1.xml (RunModel)" time="0.024" />
  <testcase classname="ptolemy.util.test.junit.AutoTests" name="[55] /home/travis/build/icyphy/ptII/ptolemy/domains/de/test/auto/ResetTransitionWithStartTime2.xml (RunModel)" time="0.023" />
  <testcase classname="ptolemy.util.test.junit.AutoTests" name="[56] /home/travis/build/icyphy/ptII/ptolemy/domains/de/test/auto/ResetTransitionWithStartTime3.xml (RunModel)" time="0.022" />
  <testcase classname="ptolemy.util.test.junit.AutoTests" name="[57] /home/travis/build/icyphy/ptII/ptolemy/domains/de/test/auto/ResetTransitionWithStartTime4.xml (RunModel)" time="0.02" />
  <testcase classname="ptolemy.util.test.junit.AutoTests" name="[58] /home/travis/build/icyphy/ptII/ptolemy/domains/de/test/auto/ResettableTimer1.xml (RunModel)" time="0.012" />
  <testcase classname="ptolemy.util.test.junit.AutoTests" name="[59] /home/travis/build/icyphy/ptII/ptolemy/domains/de/test/auto/ResettableTimer2.xml (RunModel)" time="0.013" />
  <testcase classname="ptolemy.util.test.junit.AutoTests" name="[60] /home/travis/build/icyphy/ptII/ptolemy/domains/de/test/auto/ResettableTimer3.xml (RunModel)" time="0.012" />
  <testcase classname="ptolemy.util.test.junit.AutoTests" name="[61] /home/travis/build/icyphy/ptII/ptolemy/domains/de/test/auto/ResettableTimer4.xml (RunModel)" time="0.011" />
  <testcase classname="ptolemy.util.test.junit.AutoTests" name="[62] /home/travis/build/icyphy/ptII/ptolemy/domains/de/test/auto/ResettableTimer5.xml (RunModel)" time="0.012" />
  <testcase classname="ptolemy.util.test.junit.AutoTests" name="[63] /home/travis/build/icyphy/ptII/ptolemy/domains/de/test/auto/ResettableTimer6.xml (RunModel)" time="0.014" />
  <testcase classname="ptolemy.util.test.junit.AutoTests" name="[64] /home/travis/build/icyphy/ptII/ptolemy/domains/de/test/auto/ServerZeroDelay.xml (RunModel)" time="0.013" />
  <testcase classname="ptolemy.util.test.junit.AutoTests" name="[65] /home/travis/build/icyphy/ptII/ptolemy/domains/de/test/auto/SmartSender.xml (RunModel)" time="3.012" />
  <testcase classname="ptolemy.util.test.junit.AutoTests" name="[66] /home/travis/build/icyphy/ptII/ptolemy/domains/de/test/auto/ThreadedComposite.xml (RunModel)" time="0.29" />
  <testcase classname="ptolemy.util.test.junit.AutoTests" name="[67] /home/travis/build/icyphy/ptII/ptolemy/domains/de/test/auto/Time.xml (RunModel)" time="0.712" />
  <testcase classname="ptolemy.util.test.junit.AutoTests" name="[68] /home/travis/build/icyphy/ptII/ptolemy/domains/de/test/auto/TimeDelayZeroDelay.xml (RunModel)" time="0.017" />
  <testcase classname="ptolemy.util.test.junit.AutoTests" name="[69] /home/travis/build/icyphy/ptII/ptolemy/domains/de/test/auto/TimerZeroDelay.xml (RunModel)" time="0.009" />
  <testcase classname="ptolemy.util.test.junit.AutoTests" name="[70] /home/travis/build/icyphy/ptII/ptolemy/domains/de/test/auto/TimingParadox.xml (RunModel)" time="0.43" />
  <testcase classname="ptolemy.util.test.junit.AutoTests" name="[71] /home/travis/build/icyphy/ptII/ptolemy/domains/de/test/auto/TransferInputs.xml (RunModel)" time="0.013" />
  <testcase classname="ptolemy.util.test.junit.AutoTests" name="[72] /home/travis/build/icyphy/ptII/ptolemy/domains/de/test/auto/TransferOutputs2.xml (RunModel)" time="0.023" />
  <testcase classname="ptolemy.util.test.junit.AutoTests" name="[73] /home/travis/build/icyphy/ptII/ptolemy/domains/de/test/auto/Trilateration.xml (RunModel)" time="14.906" />
  <testcase classname="ptolemy.util.test.junit.AutoTests" name="[74] /home/travis/build/icyphy/ptII/ptolemy/domains/de/test/auto/TwoSigmaDelta.xml (RunModel)" time="2.811" />
  <testcase classname="ptolemy.util.test.junit.AutoTests" name="[75] /home/travis/build/icyphy/ptII/ptolemy/domains/de/test/auto/VariableDelay.xml (RunModel)" time="0.017" />
  <testcase classname="ptolemy.util.test.junit.AutoTests" name="[76] /home/travis/build/icyphy/ptII/ptolemy/domains/de/test/auto/VariableDelay2.xml (RunModel)" time="0.017" />
  <testcase classname="ptolemy.util.test.junit.AutoTests" name="[77] /home/travis/build/icyphy/ptII/ptolemy/domains/de/test/auto/VariableDelayZeroDelay.xml (RunModel)" time="0.02" />
  <testcase classname="ptolemy.util.test.junit.AutoTests" name="[78] /home/travis/build/icyphy/ptII/ptolemy/domains/de/test/auto/VariableDelayZeroDelay2.xml (RunModel)" time="0.023" />
  <testcase classname="ptolemy.util.test.junit.AutoTests" name="[79] /home/travis/build/icyphy/ptII/ptolemy/domains/de/test/auto/deInCt.xml (RunModel)" time="0.02" />
  <testcase classname="ptolemy.util.test.junit.AutoTests" name="[80] /home/travis/build/icyphy/ptII/ptolemy/domains/de/test/auto/deInCt2.xml (RunModel)" time="0.02" />
  <testcase classname="ptolemy.util.test.junit.AutoTests" name="[81] /home/travis/build/icyphy/ptII/ptolemy/domains/de/test/auto/dynamicCausalityInterface1.xml (RunModel)" time="0.026" />
  <testcase classname="ptolemy.util.test.junit.AutoTests" name="[82] /home/travis/build/icyphy/ptII/ptolemy/domains/de/test/auto/fsm_de_test.xml (RunModel)" time="0.03" />
  <testcase classname="ptolemy.util.test.junit.AutoTests" name="[83] /home/travis/build/icyphy/ptII/ptolemy/domains/de/test/auto/functionDependencyReconstruction.xml (RunModel)" time="0.047" />
  <testcase classname="ptolemy.util.test.junit.AutoTests" name="[84] /home/travis/build/icyphy/ptII/ptolemy/domains/de/test/auto/multirate.xml (RunModel)" time="0.024" />
  <testcase classname="ptolemy.util.test.junit.AutoTests" name="[85] /home/travis/build/icyphy/ptII/ptolemy/domains/de/test/auto/multirate2.xml (RunModel)" time="0.021" />
  <testcase classname="ptolemy.util.test.junit.AutoTests" name="[86] /home/travis/build/icyphy/ptII/ptolemy/domains/de/test/auto/realtime.xml (RunModel)" time="10.017" />
  <testcase classname="ptolemy.util.test.junit.AutoTests" name="[87] /home/travis/build/icyphy/ptII/ptolemy/domains/de/test/auto/relationGroup.xml (RunModel)" time="0.009" />
  <testcase classname="ptolemy.util.test.junit.AutoTests" name="[88] /home/travis/build/icyphy/ptII/ptolemy/domains/de/test/auto/relationGroup2.xml (RunModel)" time="0.006" />
  <testcase classname="ptolemy.util.test.junit.AutoTests" name="[89] /home/travis/build/icyphy/ptII/ptolemy/domains/de/test/auto/sortWithOpaquePorts.xml (RunModel)" time="0.012" />
  <testcase classname="ptolemy.util.test.junit.AutoTests" name="[90] /home/travis/build/icyphy/ptII/ptolemy/domains/de/test/auto/transferInputsandOutputs.xml (RunModel)" time="0.015" />
  <testcase classname="ptolemy.util.test.junit.AutoTests" name="[91] /home/travis/build/icyphy/ptII/ptolemy/domains/de/test/auto/triggerType.xml (RunModel)" time="0.018" />
  <system-out><![CDATA[/home/travis/build/icyphy/ptII/ptolemy/domains/de/test/DependencyLoop.tcl
testDefs.tcl: setting time out to 9000 seconds at Mon Apr 30 01:15:46 UTC 2018
19 ms. Memory: 116224K Free: 94962K (82%)
8 ms. Memory: 116224K Free: 108125K (93%)
/home/travis/build/icyphy/ptII/ptolemy/domains/de/test/RunDETestsAsQSS.tcl
Run the DE tests using ptolemy.domains.qss.test.QSSDirectorTest, which extends QSSDirector and prints a message in the constructors.
------------------ testing $PTII/ptolemy/domains/de/test/auto/knownFailedTests/dependencyLoop.xml (Known Failure) 
17 ms. Memory: 116224K Free: 104965K (90%)


==== $PTIIhome/travis/build/icyphy/ptII/ptolemy/domains/de/test/../../../../: Auto Automatic test in file $PTII/ptolemy/domains/de/test/auto/knownFailedTests/dependencyLoop.xml
==== Contents of test case:

	    # FIXME: we should use $relativeFilename here, but it
	    # might have backslashes under Windows, which causes no end
	    # of trouble.
	    createAndExecute $file
	    list {}
	
.... Test generated KNOWN error:
    while executing
ptolemy.kernel.util.IllegalActionException: Found a zero delay loop containing .dependencyLoop.original
  in .dependencyLoop and .dependencyLoop.original
	at ptolemy.actor.util.CausalityInterfaceForComposites._computeOutputPortDepth(CausalityInterfaceForComposites.java:759)
	at ptolemy.actor.util.CausalityInterfaceForComposites._computeInputDepth(CausalityInterfaceForComposites.java:696)
	at ptolemy.actor.util.CausalityInterfaceForComposites._computeOutputPortDepth(CausalityInterfaceForComposites.java:765)
	at ptolemy.actor.util.CausalityInterfaceForComposites._computeInputDepth(CausalityInterfaceForComposites.java:696)
	at ptolemy.actor.util.CausalityInterfaceForComposites._computeOutputPortDepth(CausalityInterfaceForComposites.java:765)
	at ptolemy.actor.util.CausalityInterfaceForComposites._computeInputDepth(CausalityInterfaceForComposites.java:696)
	at ptolemy.actor.util.CausalityInterfaceForComposites._computeActorDepth(CausalityInterfaceForComposites.java:532)
	at ptolemy.actor.util.CausalityInterfaceForComposites.checkForCycles(CausalityInterfaceForComposites.java:96)
	at ptolemy.domains.de.kernel.DEDirector.preinitialize(DEDirector.java:1337)
	at ptolemy.actor.CompositeActor.preinitialize(CompositeActor.java:1828)
	at ptolemy.actor.Manager.preinitializeAndResolveTypes(Manager.java:1040)
	at ptolemy.actor.Manager.initialize(Manager.java:710)
	at ptolemy.actor.Manager.execute(Manager.java:356)
	at ptolemy.actor.Manager.run(Manager.java:1263)
	at ptolemy.actor.Manager$PtolemyRunThread.run(Manager.java:1915)

    while executing
ptolemy.kernel.util.IllegalActionException: Found a zero delay loop containing .dependencyLoop.original
  in .dependencyLoop and .dependencyLoop.original
    while executing
"java::new ptolemy.moml.MoMLSimpleApplication $file
"
    (procedure "createAndExecute" line 2)
    invoked from within
"createAndExecute $file"
    ("uplevel" body line 5)
    invoked from within
"uplevel $contents_of_test"
------------------ testing $PTII/ptolemy/domains/de/test/auto/knownFailedTests/DESDFClockTest.xml (Known Failure) 
2065 ms. Memory: 116224K Free: 89850K (77%)


==== $PTIIhome/travis/build/icyphy/ptII/ptolemy/domains/de/test/../../../../: Auto Automatic test in file $PTII/ptolemy/domains/de/test/auto/knownFailedTests/DESDFClockTest.xml
==== Contents of test case:

	    # FIXME: we should use $relativeFilename here, but it
	    # might have backslashes under Windows, which causes no end
	    # of trouble.
	    createAndExecute $file
	    list {}
	
.... Test generated KNOWN error:
    while executing
ptolemy.kernel.util.IllegalActionException: Actor is not ready to fire.  Perhaps UpSample.prefire() returned false? Try debugging the actor by selecting "Listen to Actor".  Also, for SDF check moml for tokenConsumptionRate on input.
  in .DESDFClockTest.Play Bell.Copy1:SDF Director and .DESDFClockTest.Play Bell.UpSample
	at ptolemy.actor.sched.StaticSchedulingDirector.fire(StaticSchedulingDirector.java:227)
	at ptolemy.domains.sdf.kernel.SDFDirector.fire(SDFDirector.java:500)
	at ptolemy.actor.CompositeActor.fire(CompositeActor.java:455)
	at ptolemy.domains.de.kernel.DEDirector._fire(DEDirector.java:1948)
	at ptolemy.domains.de.kernel.DEDirector.fire(DEDirector.java:502)
	at ptolemy.actor.CompositeActor.fire(CompositeActor.java:455)
	at ptolemy.actor.Manager.iterate(Manager.java:851)
	at ptolemy.actor.Manager.execute(Manager.java:369)
	at ptolemy.actor.Manager.run(Manager.java:1263)
	at ptolemy.actor.Manager$PtolemyRunThread.run(Manager.java:1915)

    while executing
ptolemy.kernel.util.IllegalActionException: Actor is not ready to fire.  Perhaps UpSample.prefire() returned false? Try debugging the actor by selecting "Listen to Actor".  Also, for SDF check moml for tokenConsumptionRate on input.
  in .DESDFClockTest.Play Bell.Copy1:SDF Director and .DESDFClockTest.Play Bell.UpSample
    while executing
"java::new ptolemy.moml.MoMLSimpleApplication $file
"
    (procedure "createAndExecute" line 2)
    invoked from within
"createAndExecute $file"
    ("uplevel" body line 5)
    invoked from within
"uplevel $contents_of_test"
------------------ testing $PTII/ptolemy/domains/de/test/auto/knownFailedTests/FSMSource.xml (Known Failure) 
60 ms. Memory: 116224K Free: 111917K (96%)
!!!! Auto was marked as failing, but now passes
------------------ testing $PTII/ptolemy/domains/de/test/auto/knownFailedTests/dependencyLoop2.xml (Known Failure) 
6 ms. Memory: 116224K Free: 93942K (81%)


==== $PTIIhome/travis/build/icyphy/ptII/ptolemy/domains/de/test/../../../../: Auto Automatic test in file $PTII/ptolemy/domains/de/test/auto/knownFailedTests/dependencyLoop2.xml
==== Contents of test case:

	    # FIXME: we should use $relativeFilename here, but it
	    # might have backslashes under Windows, which causes no end
	    # of trouble.
	    createAndExecute $file
	    list {}
	
.... Test generated KNOWN error:
    while executing
ptolemy.kernel.util.IllegalActionException: Found a zero delay loop containing .dependencyLoop2.original
  in .dependencyLoop2 and .dependencyLoop2.original
	at ptolemy.actor.util.CausalityInterfaceForComposites._computeOutputPortDepth(CausalityInterfaceForComposites.java:759)
	at ptolemy.actor.util.CausalityInterfaceForComposites._computeInputDepth(CausalityInterfaceForComposites.java:696)
	at ptolemy.actor.util.CausalityInterfaceForComposites._computeOutputPortDepth(CausalityInterfaceForComposites.java:765)
	at ptolemy.actor.util.CausalityInterfaceForComposites._computeInputDepth(CausalityInterfaceForComposites.java:696)
	at ptolemy.actor.util.CausalityInterfaceForComposites._computeOutputPortDepth(CausalityInterfaceForComposites.java:765)
	at ptolemy.actor.util.CausalityInterfaceForComposites._computeInputDepth(CausalityInterfaceForComposites.java:696)
	at ptolemy.actor.util.CausalityInterfaceForComposites._computeActorDepth(CausalityInterfaceForComposites.java:532)
	at ptolemy.actor.util.CausalityInterfaceForComposites.checkForCycles(CausalityInterfaceForComposites.java:96)
	at ptolemy.domains.de.kernel.DEDirector.preinitialize(DEDirector.java:1337)
	at ptolemy.actor.CompositeActor.preinitialize(CompositeActor.java:1828)
	at ptolemy.actor.Manager.preinitializeAndResolveTypes(Manager.java:1040)
	at ptolemy.actor.Manager.initialize(Manager.java:710)
	at ptolemy.actor.Manager.execute(Manager.java:356)
	at ptolemy.actor.Manager.run(Manager.java:1263)
	at ptolemy.actor.Manager$PtolemyRunThread.run(Manager.java:1915)

    while executing
ptolemy.kernel.util.IllegalActionException: Found a zero delay loop containing .dependencyLoop2.original
  in .dependencyLoop2 and .dependencyLoop2.original
    while executing
"java::new ptolemy.moml.MoMLSimpleApplication $file
"
    (procedure "createAndExecute" line 2)
    invoked from within
"createAndExecute $file"
    ("uplevel" body line 5)
    invoked from within
"uplevel $contents_of_test"
------------------ testing $PTII/ptolemy/domains/de/test/auto/knownFailedTests/HierarchicalModel.xml (Known Failure) 
6 ms. Memory: 146944K Free: 134531K (92%)


==== $PTIIhome/travis/build/icyphy/ptII/ptolemy/domains/de/test/../../../../: Auto Automatic test in file $PTII/ptolemy/domains/de/test/auto/knownFailedTests/HierarchicalModel.xml
==== Contents of test case:

	    # FIXME: we should use $relativeFilename here, but it
	    # might have backslashes under Windows, which causes no end
	    # of trouble.
	    createAndExecute $file
	    list {}
	
.... Test generated KNOWN error:
    while executing
ptolemy.kernel.util.IllegalActionException: Found a zero delay loop containing .HierarchicalModel.A
  in .HierarchicalModel and .HierarchicalModel.A
	at ptolemy.actor.util.CausalityInterfaceForComposites._computeOutputPortDepth(CausalityInterfaceForComposites.java:759)
	at ptolemy.actor.util.CausalityInterfaceForComposites._computeInputDepth(CausalityInterfaceForComposites.java:696)
	at ptolemy.actor.util.CausalityInterfaceForComposites._computeOutputPortDepth(CausalityInterfaceForComposites.java:765)
	at ptolemy.actor.util.CausalityInterfaceForComposites._computeInputDepth(CausalityInterfaceForComposites.java:696)
	at ptolemy.actor.util.CausalityInterfaceForComposites._computeOutputPortDepth(CausalityInterfaceForComposites.java:765)
	at ptolemy.actor.util.CausalityInterfaceForComposites._computeInputDepth(CausalityInterfaceForComposites.java:696)
	at ptolemy.actor.util.CausalityInterfaceForComposites._computeActorDepth(CausalityInterfaceForComposites.java:532)
	at ptolemy.actor.util.CausalityInterfaceForComposites.checkForCycles(CausalityInterfaceForComposites.java:96)
	at ptolemy.domains.de.kernel.DEDirector.preinitialize(DEDirector.java:1337)
	at ptolemy.actor.CompositeActor.preinitialize(CompositeActor.java:1828)
	at ptolemy.actor.Manager.preinitializeAndResolveTypes(Manager.java:1040)
	at ptolemy.actor.Manager.initialize(Manager.java:710)
	at ptolemy.actor.Manager.execute(Manager.java:356)
	at ptolemy.actor.Manager.run(Manager.java:1263)
	at ptolemy.actor.Manager$PtolemyRunThread.run(Manager.java:1915)

    while executing
ptolemy.kernel.util.IllegalActionException: Found a zero delay loop containing .HierarchicalModel.A
  in .HierarchicalModel and .HierarchicalModel.A
    while executing
"java::new ptolemy.moml.MoMLSimpleApplication $file
"
    (procedure "createAndExecute" line 2)
    invoked from within
"createAndExecute $file"
    ("uplevel" body line 5)
    invoked from within
"uplevel $contents_of_test"
------------------ testing $PTII/ptolemy/domains/de/test/auto/knownFailedTests/DirectFeedback.xml (Known Failure) 
5 ms. Memory: 146944K Free: 129519K (88%)


==== $PTIIhome/travis/build/icyphy/ptII/ptolemy/domains/de/test/../../../../: Auto Automatic test in file $PTII/ptolemy/domains/de/test/auto/knownFailedTests/DirectFeedback.xml
==== Contents of test case:

	    # FIXME: we should use $relativeFilename here, but it
	    # might have backslashes under Windows, which causes no end
	    # of trouble.
	    createAndExecute $file
	    list {}
	
.... Test generated KNOWN error:
    while executing
ptolemy.kernel.util.IllegalActionException: Test fails in iteration 1.
Value was: 1.0. Should have been: 2.0
  in .DirectFeedback.Test
	at ptolemy.actor.lib.Test.fire(Test.java:268)
	at ptolemy.domains.de.kernel.DEDirector._fire(DEDirector.java:1948)
	at ptolemy.domains.de.kernel.DEDirector.fire(DEDirector.java:502)
	at ptolemy.actor.CompositeActor.fire(CompositeActor.java:455)
	at ptolemy.actor.Manager.iterate(Manager.java:851)
	at ptolemy.actor.Manager.execute(Manager.java:369)
	at ptolemy.actor.Manager.run(Manager.java:1263)
	at ptolemy.actor.Manager$PtolemyRunThread.run(Manager.java:1915)

    while executing
ptolemy.kernel.util.IllegalActionException: Test fails in iteration 1.
Value was: 1.0. Should have been: 2.0
  in .DirectFeedback.Test
    while executing
"java::new ptolemy.moml.MoMLSimpleApplication $file
"
    (procedure "createAndExecute" line 2)
    invoked from within
"createAndExecute $file"
    ("uplevel" body line 5)
    invoked from within
"uplevel $contents_of_test"
------------------ testing $PTII/ptolemy/domains/de/test/auto/ActorDepthCalculation_actorWithoutPorts.xml
auto.tcl: Setting watchdog for 200 seconds at Mon Apr 30 01:15:50 UTC 2018
12 ms. Memory: 146944K Free: 120754K (82%)
ptolemy.util.test.WatchDog.cancel(): canceling Mon Apr 30 01:15:50 UTC 2018
auto.tcl: Setting watchdog for 200 seconds at Mon Apr 30 01:15:50 UTC 2018
8 ms. Memory: 146944K Free: 119703K (81%)
ptolemy.util.test.WatchDog.cancel(): canceling Mon Apr 30 01:15:50 UTC 2018
------------------ testing $PTII/ptolemy/domains/de/test/auto/AssemblyLine.xml
auto.tcl: Setting watchdog for 200 seconds at Mon Apr 30 01:15:50 UTC 2018
22 ms. Memory: 146944K Free: 126978K (86%)
ptolemy.util.test.WatchDog.cancel(): canceling Mon Apr 30 01:15:51 UTC 2018
auto.tcl: Setting watchdog for 200 seconds at Mon Apr 30 01:15:51 UTC 2018
10 ms. Memory: 146944K Free: 125934K (86%)
ptolemy.util.test.WatchDog.cancel(): canceling Mon Apr 30 01:15:51 UTC 2018
------------------ testing $PTII/ptolemy/domains/de/test/auto/CQBug1.xml
auto.tcl: Setting watchdog for 200 seconds at Mon Apr 30 01:15:51 UTC 2018
5 ms. Memory: 146944K Free: 137713K (94%)
ptolemy.util.test.WatchDog.cancel(): canceling Mon Apr 30 01:15:51 UTC 2018
auto.tcl: Setting watchdog for 200 seconds at Mon Apr 30 01:15:51 UTC 2018
3 ms. Memory: 146944K Free: 137713K (94%)
ptolemy.util.test.WatchDog.cancel(): canceling Mon Apr 30 01:15:51 UTC 2018
------------------ testing $PTII/ptolemy/domains/de/test/auto/CancelFireAt.xml
auto.tcl: Setting watchdog for 200 seconds at Mon Apr 30 01:15:51 UTC 2018
5 ms. Memory: 146944K Free: 140301K (95%)
ptolemy.util.test.WatchDog.cancel(): canceling Mon Apr 30 01:15:51 UTC 2018
auto.tcl: Setting watchdog for 200 seconds at Mon Apr 30 01:15:51 UTC 2018
9 ms. Memory: 146944K Free: 139256K (95%)
ptolemy.util.test.WatchDog.cancel(): canceling Mon Apr 30 01:15:51 UTC 2018
------------------ testing $PTII/ptolemy/domains/de/test/auto/CausalityAndComposabilityAnalysis.xml
auto.tcl: Setting watchdog for 200 seconds at Mon Apr 30 01:15:51 UTC 2018
14 ms. Memory: 146944K Free: 136969K (93%)
ptolemy.util.test.WatchDog.cancel(): canceling Mon Apr 30 01:15:51 UTC 2018
auto.tcl: Setting watchdog for 200 seconds at Mon Apr 30 01:15:51 UTC 2018
10 ms. Memory: 146944K Free: 136969K (93%)
ptolemy.util.test.WatchDog.cancel(): canceling Mon Apr 30 01:15:51 UTC 2018
------------------ testing $PTII/ptolemy/domains/de/test/auto/CausalityInterface1.xml
auto.tcl: Setting watchdog for 200 seconds at Mon Apr 30 01:15:51 UTC 2018
20 ms. Memory: 146944K Free: 136292K (93%)
ptolemy.util.test.WatchDog.cancel(): canceling Mon Apr 30 01:15:51 UTC 2018
auto.tcl: Setting watchdog for 200 seconds at Mon Apr 30 01:15:51 UTC 2018
5 ms. Memory: 146944K Free: 135247K (92%)
ptolemy.util.test.WatchDog.cancel(): canceling Mon Apr 30 01:15:51 UTC 2018
------------------ testing $PTII/ptolemy/domains/de/test/auto/CausalityInterface15.xml
auto.tcl: Setting watchdog for 200 seconds at Mon Apr 30 01:15:51 UTC 2018
6 ms. Memory: 146944K Free: 135238K (92%)
ptolemy.util.test.WatchDog.cancel(): canceling Mon Apr 30 01:15:51 UTC 2018
auto.tcl: Setting watchdog for 200 seconds at Mon Apr 30 01:15:51 UTC 2018
13 ms. Memory: 146944K Free: 134193K (91%)
ptolemy.util.test.WatchDog.cancel(): canceling Mon Apr 30 01:15:51 UTC 2018
------------------ testing $PTII/ptolemy/domains/de/test/auto/CausalityInterface2.xml
auto.tcl: Setting watchdog for 200 seconds at Mon Apr 30 01:15:51 UTC 2018
5 ms. Memory: 146944K Free: 136266K (93%)
ptolemy.util.test.WatchDog.cancel(): canceling Mon Apr 30 01:15:51 UTC 2018
auto.tcl: Setting watchdog for 200 seconds at Mon Apr 30 01:15:51 UTC 2018
3 ms. Memory: 146944K Free: 136266K (93%)
ptolemy.util.test.WatchDog.cancel(): canceling Mon Apr 30 01:15:51 UTC 2018
------------------ testing $PTII/ptolemy/domains/de/test/auto/CausalityInterface3.xml
auto.tcl: Setting watchdog for 200 seconds at Mon Apr 30 01:15:51 UTC 2018
8 ms. Memory: 146944K Free: 136279K (93%)
ptolemy.util.test.WatchDog.cancel(): canceling Mon Apr 30 01:15:51 UTC 2018
auto.tcl: Setting watchdog for 200 seconds at Mon Apr 30 01:15:51 UTC 2018
8 ms. Memory: 146944K Free: 135235K (92%)
ptolemy.util.test.WatchDog.cancel(): canceling Mon Apr 30 01:15:51 UTC 2018
------------------ testing $PTII/ptolemy/domains/de/test/auto/ClockDrift.xml
auto.tcl: Setting watchdog for 200 seconds at Mon Apr 30 01:15:52 UTC 2018
83 ms. Memory: 146944K Free: 128156K (87%)
ptolemy.util.test.WatchDog.cancel(): canceling Mon Apr 30 01:15:52 UTC 2018
auto.tcl: Setting watchdog for 200 seconds at Mon Apr 30 01:15:52 UTC 2018
59 ms. Memory: 146944K Free: 125022K (85%)
ptolemy.util.test.WatchDog.cancel(): canceling Mon Apr 30 01:15:52 UTC 2018
------------------ testing $PTII/ptolemy/domains/de/test/auto/ClockDriftAndValueChange.xml
auto.tcl: Setting watchdog for 200 seconds at Mon Apr 30 01:15:52 UTC 2018
81 ms. Memory: 146944K Free: 127994K (87%)
ptolemy.util.test.WatchDog.cancel(): canceling Mon Apr 30 01:15:52 UTC 2018
auto.tcl: Setting watchdog for 200 seconds at Mon Apr 30 01:15:52 UTC 2018
58 ms. Memory: 146944K Free: 124860K (85%)
ptolemy.util.test.WatchDog.cancel(): canceling Mon Apr 30 01:15:52 UTC 2018
------------------ testing $PTII/ptolemy/domains/de/test/auto/ClockDriftChange.xml
auto.tcl: Setting watchdog for 200 seconds at Mon Apr 30 01:15:52 UTC 2018
48 ms. Memory: 146944K Free: 130671K (89%)
ptolemy.util.test.WatchDog.cancel(): canceling Mon Apr 30 01:15:52 UTC 2018
auto.tcl: Setting watchdog for 200 seconds at Mon Apr 30 01:15:52 UTC 2018
37 ms. Memory: 146944K Free: 127537K (87%)
ptolemy.util.test.WatchDog.cancel(): canceling Mon Apr 30 01:15:52 UTC 2018
------------------ testing $PTII/ptolemy/domains/de/test/auto/ComposableCausalityAnalysis.xml
auto.tcl: Setting watchdog for 200 seconds at Mon Apr 30 01:15:52 UTC 2018
3 ms. Memory: 146944K Free: 135199K (92%)
ptolemy.util.test.WatchDog.cancel(): canceling Mon Apr 30 01:15:52 UTC 2018
auto.tcl: Setting watchdog for 200 seconds at Mon Apr 30 01:15:52 UTC 2018
3 ms. Memory: 146944K Free: 134155K (91%)
ptolemy.util.test.WatchDog.cancel(): canceling Mon Apr 30 01:15:52 UTC 2018
------------------ testing $PTII/ptolemy/domains/de/test/auto/DEFixedPointLimitation.xml
auto.tcl: Setting watchdog for 200 seconds at Mon Apr 30 01:15:52 UTC 2018
2 ms. Memory: 146944K Free: 136013K (93%)
ptolemy.util.test.WatchDog.cancel(): canceling Mon Apr 30 01:15:52 UTC 2018
auto.tcl: Setting watchdog for 200 seconds at Mon Apr 30 01:15:52 UTC 2018
2 ms. Memory: 146944K Free: 136013K (93%)
ptolemy.util.test.WatchDog.cancel(): canceling Mon Apr 30 01:15:52 UTC 2018
------------------ testing $PTII/ptolemy/domains/de/test/auto/DEScheduleTest.xml
auto.tcl: Setting watchdog for 200 seconds at Mon Apr 30 01:15:52 UTC 2018
5 ms. Memory: 146944K Free: 137091K (93%)
ptolemy.util.test.WatchDog.cancel(): canceling Mon Apr 30 01:15:52 UTC 2018
auto.tcl: Setting watchdog for 200 seconds at Mon Apr 30 01:15:52 UTC 2018
4 ms. Memory: 146944K Free: 136047K (93%)
ptolemy.util.test.WatchDog.cancel(): canceling Mon Apr 30 01:15:52 UTC 2018
------------------ testing $PTII/ptolemy/domains/de/test/auto/DEinDEwithStartTimes.xml
auto.tcl: Setting watchdog for 200 seconds at Mon Apr 30 01:15:53 UTC 2018
10 ms. Memory: 146944K Free: 136016K (93%)
ptolemy.util.test.WatchDog.cancel(): canceling Mon Apr 30 01:15:53 UTC 2018
auto.tcl: Setting watchdog for 200 seconds at Mon Apr 30 01:15:53 UTC 2018
6 ms. Memory: 146944K Free: 133927K (91%)
ptolemy.util.test.WatchDog.cancel(): canceling Mon Apr 30 01:15:53 UTC 2018
------------------ testing $PTII/ptolemy/domains/de/test/auto/DEinDEwithStartTimes2.xml
auto.tcl: Setting watchdog for 200 seconds at Mon Apr 30 01:15:53 UTC 2018
6 ms. Memory: 146944K Free: 134951K (92%)
ptolemy.util.test.WatchDog.cancel(): canceling Mon Apr 30 01:15:53 UTC 2018
auto.tcl: Setting watchdog for 200 seconds at Mon Apr 30 01:15:53 UTC 2018
10 ms. Memory: 146944K Free: 133906K (91%)
ptolemy.util.test.WatchDog.cancel(): canceling Mon Apr 30 01:15:53 UTC 2018
------------------ testing $PTII/ptolemy/domains/de/test/auto/DateDemo.xml
auto.tcl: Setting watchdog for 200 seconds at Mon Apr 30 01:15:53 UTC 2018
30 ms. Memory: 146944K Free: 129066K (88%)
ptolemy.util.test.WatchDog.cancel(): canceling Mon Apr 30 01:15:53 UTC 2018
auto.tcl: Setting watchdog for 200 seconds at Mon Apr 30 01:15:53 UTC 2018
17 ms. Memory: 146944K Free: 126977K (86%)
ptolemy.util.test.WatchDog.cancel(): canceling Mon Apr 30 01:15:53 UTC 2018
------------------ testing $PTII/ptolemy/domains/de/test/auto/DateToEvent.xml
auto.tcl: Setting watchdog for 200 seconds at Mon Apr 30 01:15:53 UTC 2018
2015 ms. Memory: 146944K Free: 122169K (83%)
ptolemy.util.test.WatchDog.cancel(): canceling Mon Apr 30 01:15:55 UTC 2018
auto.tcl: Setting watchdog for 200 seconds at Mon Apr 30 01:15:55 UTC 2018
2008 ms. Memory: 146944K Free: 119896K (82%)
ptolemy.util.test.WatchDog.cancel(): canceling Mon Apr 30 01:15:57 UTC 2018
------------------ testing $PTII/ptolemy/domains/de/test/auto/DepthTest1.xml
auto.tcl: Setting watchdog for 200 seconds at Mon Apr 30 01:15:57 UTC 2018
5 ms. Memory: 146944K Free: 138280K (94%)
ptolemy.util.test.WatchDog.cancel(): canceling Mon Apr 30 01:15:57 UTC 2018
auto.tcl: Setting watchdog for 200 seconds at Mon Apr 30 01:15:57 UTC 2018
2 ms. Memory: 146944K Free: 138280K (94%)
ptolemy.util.test.WatchDog.cancel(): canceling Mon Apr 30 01:15:57 UTC 2018
------------------ testing $PTII/ptolemy/domains/de/test/auto/DepthTest2.xml
auto.tcl: Setting watchdog for 200 seconds at Mon Apr 30 01:15:57 UTC 2018
12 ms. Memory: 146944K Free: 133887K (91%)
ptolemy.util.test.WatchDog.cancel(): canceling Mon Apr 30 01:15:57 UTC 2018
auto.tcl: Setting watchdog for 200 seconds at Mon Apr 30 01:15:57 UTC 2018
7 ms. Memory: 146944K Free: 133887K (91%)
ptolemy.util.test.WatchDog.cancel(): canceling Mon Apr 30 01:15:57 UTC 2018
------------------ testing $PTII/ptolemy/domains/de/test/auto/DepthTest3.xml
auto.tcl: Setting watchdog for 200 seconds at Mon Apr 30 01:15:57 UTC 2018
4 ms. Memory: 146944K Free: 138724K (94%)
ptolemy.util.test.WatchDog.cancel(): canceling Mon Apr 30 01:15:57 UTC 2018
auto.tcl: Setting watchdog for 200 seconds at Mon Apr 30 01:15:57 UTC 2018
2 ms. Memory: 146944K Free: 138724K (94%)
ptolemy.util.test.WatchDog.cancel(): canceling Mon Apr 30 01:15:57 UTC 2018
------------------ testing $PTII/ptolemy/domains/de/test/auto/DepthTest4.xml
auto.tcl: Setting watchdog for 200 seconds at Mon Apr 30 01:15:57 UTC 2018
6 ms. Memory: 146944K Free: 135997K (93%)
ptolemy.util.test.WatchDog.cancel(): canceling Mon Apr 30 01:15:57 UTC 2018
auto.tcl: Setting watchdog for 200 seconds at Mon Apr 30 01:15:57 UTC 2018
3 ms. Memory: 146944K Free: 134953K (92%)
ptolemy.util.test.WatchDog.cancel(): canceling Mon Apr 30 01:15:57 UTC 2018
------------------ testing $PTII/ptolemy/domains/de/test/auto/DepthTest5.xml
auto.tcl: Setting watchdog for 200 seconds at Mon Apr 30 01:15:57 UTC 2018
7 ms. Memory: 146944K Free: 134901K (92%)
ptolemy.util.test.WatchDog.cancel(): canceling Mon Apr 30 01:15:58 UTC 2018
auto.tcl: Setting watchdog for 200 seconds at Mon Apr 30 01:15:58 UTC 2018
4 ms. Memory: 146944K Free: 134901K (92%)
ptolemy.util.test.WatchDog.cancel(): canceling Mon Apr 30 01:15:58 UTC 2018
------------------ testing $PTII/ptolemy/domains/de/test/auto/DepthTest6.xml
auto.tcl: Setting watchdog for 200 seconds at Mon Apr 30 01:15:58 UTC 2018
13 ms. Memory: 146944K Free: 134861K (92%)
ptolemy.util.test.WatchDog.cancel(): canceling Mon Apr 30 01:15:58 UTC 2018
auto.tcl: Setting watchdog for 200 seconds at Mon Apr 30 01:15:58 UTC 2018
3 ms. Memory: 146944K Free: 134861K (92%)
ptolemy.util.test.WatchDog.cancel(): canceling Mon Apr 30 01:15:58 UTC 2018
------------------ testing $PTII/ptolemy/domains/de/test/auto/DepthTest7.xml
auto.tcl: Setting watchdog for 200 seconds at Mon Apr 30 01:15:58 UTC 2018
4 ms. Memory: 146944K Free: 135902K (92%)
ptolemy.util.test.WatchDog.cancel(): canceling Mon Apr 30 01:15:58 UTC 2018
auto.tcl: Setting watchdog for 200 seconds at Mon Apr 30 01:15:58 UTC 2018
3 ms. Memory: 146944K Free: 134858K (92%)
ptolemy.util.test.WatchDog.cancel(): canceling Mon Apr 30 01:15:58 UTC 2018
------------------ testing $PTII/ptolemy/domains/de/test/auto/EventToDate.xml
auto.tcl: Setting watchdog for 200 seconds at Mon Apr 30 01:15:58 UTC 2018
3013 ms. Memory: 146944K Free: 125478K (85%)
ptolemy.util.test.WatchDog.cancel(): canceling Mon Apr 30 01:16:01 UTC 2018
auto.tcl: Setting watchdog for 200 seconds at Mon Apr 30 01:16:01 UTC 2018
3005 ms. Memory: 146944K Free: 124434K (85%)
ptolemy.util.test.WatchDog.cancel(): canceling Mon Apr 30 01:16:04 UTC 2018
------------------ testing $PTII/ptolemy/domains/de/test/auto/FSM1.xml
auto.tcl: Setting watchdog for 200 seconds at Mon Apr 30 01:16:04 UTC 2018
32 ms. Memory: 146944K Free: 127868K (87%)
ptolemy.util.test.WatchDog.cancel(): canceling Mon Apr 30 01:16:04 UTC 2018
auto.tcl: Setting watchdog for 200 seconds at Mon Apr 30 01:16:04 UTC 2018
25 ms. Memory: 146944K Free: 124734K (85%)
ptolemy.util.test.WatchDog.cancel(): canceling Mon Apr 30 01:16:04 UTC 2018
------------------ testing $PTII/ptolemy/domains/de/test/auto/FSM7.xml
auto.tcl: Setting watchdog for 200 seconds at Mon Apr 30 01:16:04 UTC 2018
32 ms. Memory: 146944K Free: 127045K (86%)
ptolemy.util.test.WatchDog.cancel(): canceling Mon Apr 30 01:16:04 UTC 2018
auto.tcl: Setting watchdog for 200 seconds at Mon Apr 30 01:16:04 UTC 2018
28 ms. Memory: 146944K Free: 123912K (84%)
ptolemy.util.test.WatchDog.cancel(): canceling Mon Apr 30 01:16:04 UTC 2018
------------------ testing $PTII/ptolemy/domains/de/test/auto/Inspection.xml
auto.tcl: Setting watchdog for 200 seconds at Mon Apr 30 01:16:04 UTC 2018
40 ms. Memory: 146944K Free: 127231K (87%)
ptolemy.util.test.WatchDog.cancel(): canceling Mon Apr 30 01:16:04 UTC 2018
auto.tcl: Setting watchdog for 200 seconds at Mon Apr 30 01:16:04 UTC 2018
38 ms. Memory: 146944K Free: 125142K (85%)
ptolemy.util.test.WatchDog.cancel(): canceling Mon Apr 30 01:16:04 UTC 2018
------------------ testing $PTII/ptolemy/domains/de/test/auto/Iteration.xml
auto.tcl: Setting watchdog for 200 seconds at Mon Apr 30 01:16:04 UTC 2018
21 ms. Memory: 146944K Free: 133512K (91%)
ptolemy.util.test.WatchDog.cancel(): canceling Mon Apr 30 01:16:04 UTC 2018
auto.tcl: Setting watchdog for 200 seconds at Mon Apr 30 01:16:04 UTC 2018
14 ms. Memory: 146944K Free: 132358K (90%)
ptolemy.util.test.WatchDog.cancel(): canceling Mon Apr 30 01:16:05 UTC 2018
------------------ testing $PTII/ptolemy/domains/de/test/auto/LineFault.xml
auto.tcl: Setting watchdog for 200 seconds at Mon Apr 30 01:16:05 UTC 2018
1125 ms. Memory: 146944K Free: 136751K (93%)
ptolemy.util.test.WatchDog.cancel(): canceling Mon Apr 30 01:16:06 UTC 2018
auto.tcl: Setting watchdog for 200 seconds at Mon Apr 30 01:16:06 UTC 2018
1115 ms. Memory: 146944K Free: 80807K (55%)
ptolemy.util.test.WatchDog.cancel(): canceling Mon Apr 30 01:16:07 UTC 2018
------------------ testing $PTII/ptolemy/domains/de/test/auto/MergeModel1Add.xml
auto.tcl: Setting watchdog for 200 seconds at Mon Apr 30 01:16:07 UTC 2018
34 ms. Memory: 209920K Free: 180250K (86%)
ptolemy.util.test.WatchDog.cancel(): canceling Mon Apr 30 01:16:07 UTC 2018
auto.tcl: Setting watchdog for 200 seconds at Mon Apr 30 01:16:07 UTC 2018
15 ms. Memory: 209920K Free: 178381K (85%)
ptolemy.util.test.WatchDog.cancel(): canceling Mon Apr 30 01:16:07 UTC 2018
------------------ testing $PTII/ptolemy/domains/de/test/auto/MergeModel2Add.xml
auto.tcl: Setting watchdog for 200 seconds at Mon Apr 30 01:16:07 UTC 2018
18 ms. Memory: 210432K Free: 183935K (87%)
ptolemy.util.test.WatchDog.cancel(): canceling Mon Apr 30 01:16:08 UTC 2018
auto.tcl: Setting watchdog for 200 seconds at Mon Apr 30 01:16:08 UTC 2018
16 ms. Memory: 210432K Free: 182058K (87%)
ptolemy.util.test.WatchDog.cancel(): canceling Mon Apr 30 01:16:08 UTC 2018
------------------ testing $PTII/ptolemy/domains/de/test/auto/MergeModel3Add.xml
auto.tcl: Setting watchdog for 200 seconds at Mon Apr 30 01:16:08 UTC 2018
15 ms. Memory: 209920K Free: 181500K (86%)
ptolemy.util.test.WatchDog.cancel(): canceling Mon Apr 30 01:16:08 UTC 2018
auto.tcl: Setting watchdog for 200 seconds at Mon Apr 30 01:16:08 UTC 2018
14 ms. Memory: 209920K Free: 181500K (86%)
ptolemy.util.test.WatchDog.cancel(): canceling Mon Apr 30 01:16:08 UTC 2018
------------------ testing $PTII/ptolemy/domains/de/test/auto/MergeWithoutDiscard.xml
auto.tcl: Setting watchdog for 200 seconds at Mon Apr 30 01:16:08 UTC 2018
4 ms. Memory: 210432K Free: 197953K (94%)
ptolemy.util.test.WatchDog.cancel(): canceling Mon Apr 30 01:16:08 UTC 2018
auto.tcl: Setting watchdog for 200 seconds at Mon Apr 30 01:16:08 UTC 2018
2 ms. Memory: 210432K Free: 197953K (94%)
ptolemy.util.test.WatchDog.cancel(): canceling Mon Apr 30 01:16:08 UTC 2018
------------------ testing $PTII/ptolemy/domains/de/test/auto/Modal1.xml
auto.tcl: Setting watchdog for 200 seconds at Mon Apr 30 01:16:08 UTC 2018
25 ms. Memory: 210432K Free: 190058K (90%)
ptolemy.util.test.WatchDog.cancel(): canceling Mon Apr 30 01:16:08 UTC 2018
auto.tcl: Setting watchdog for 200 seconds at Mon Apr 30 01:16:08 UTC 2018
35 ms. Memory: 210432K Free: 186298K (89%)
ptolemy.util.test.WatchDog.cancel(): canceling Mon Apr 30 01:16:08 UTC 2018
------------------ testing $PTII/ptolemy/domains/de/test/auto/Modal2.xml
auto.tcl: Setting watchdog for 200 seconds at Mon Apr 30 01:16:08 UTC 2018
24 ms. Memory: 210432K Free: 189939K (90%)
ptolemy.util.test.WatchDog.cancel(): canceling Mon Apr 30 01:16:08 UTC 2018
auto.tcl: Setting watchdog for 200 seconds at Mon Apr 30 01:16:08 UTC 2018
31 ms. Memory: 210432K Free: 186171K (88%)
ptolemy.util.test.WatchDog.cancel(): canceling Mon Apr 30 01:16:08 UTC 2018
------------------ testing $PTII/ptolemy/domains/de/test/auto/Modal3.xml
auto.tcl: Setting watchdog for 200 seconds at Mon Apr 30 01:16:08 UTC 2018
25 ms. Memory: 210432K Free: 189816K (90%)
ptolemy.util.test.WatchDog.cancel(): canceling Mon Apr 30 01:16:08 UTC 2018
auto.tcl: Setting watchdog for 200 seconds at Mon Apr 30 01:16:08 UTC 2018
19 ms. Memory: 210432K Free: 185951K (88%)
ptolemy.util.test.WatchDog.cancel(): canceling Mon Apr 30 01:16:08 UTC 2018
------------------ testing $PTII/ptolemy/domains/de/test/auto/Modal4.xml
auto.tcl: Setting watchdog for 200 seconds at Mon Apr 30 01:16:08 UTC 2018
35 ms. Memory: 208384K Free: 187490K (90%)
ptolemy.util.test.WatchDog.cancel(): canceling Mon Apr 30 01:16:08 UTC 2018
auto.tcl: Setting watchdog for 200 seconds at Mon Apr 30 01:16:08 UTC 2018
25 ms. Memory: 208384K Free: 183722K (88%)
ptolemy.util.test.WatchDog.cancel(): canceling Mon Apr 30 01:16:08 UTC 2018
------------------ testing $PTII/ptolemy/domains/de/test/auto/Modal5.xml
auto.tcl: Setting watchdog for 200 seconds at Mon Apr 30 01:16:09 UTC 2018
26 ms. Memory: 209920K Free: 186552K (89%)
ptolemy.util.test.WatchDog.cancel(): canceling Mon Apr 30 01:16:09 UTC 2018
auto.tcl: Setting watchdog for 200 seconds at Mon Apr 30 01:16:09 UTC 2018
21 ms. Memory: 209920K Free: 182799K (87%)
ptolemy.util.test.WatchDog.cancel(): canceling Mon Apr 30 01:16:09 UTC 2018
------------------ testing $PTII/ptolemy/domains/de/test/auto/Modal6.xml
auto.tcl: Setting watchdog for 200 seconds at Mon Apr 30 01:16:09 UTC 2018
20 ms. Memory: 209920K Free: 189114K (90%)
ptolemy.util.test.WatchDog.cancel(): canceling Mon Apr 30 01:16:09 UTC 2018
auto.tcl: Setting watchdog for 200 seconds at Mon Apr 30 01:16:09 UTC 2018
24 ms. Memory: 209920K Free: 185249K (88%)
ptolemy.util.test.WatchDog.cancel(): canceling Mon Apr 30 01:16:09 UTC 2018
------------------ testing $PTII/ptolemy/domains/de/test/auto/Modal7.xml
auto.tcl: Setting watchdog for 200 seconds at Mon Apr 30 01:16:09 UTC 2018
14 ms. Memory: 209920K Free: 187095K (89%)
ptolemy.util.test.WatchDog.cancel(): canceling Mon Apr 30 01:16:09 UTC 2018
auto.tcl: Setting watchdog for 200 seconds at Mon Apr 30 01:16:09 UTC 2018
15 ms. Memory: 209920K Free: 183326K (87%)
ptolemy.util.test.WatchDog.cancel(): canceling Mon Apr 30 01:16:09 UTC 2018
------------------ testing $PTII/ptolemy/domains/de/test/auto/ModalModel.xml
auto.tcl: Setting watchdog for 200 seconds at Mon Apr 30 01:16:09 UTC 2018
277 ms. Memory: 209920K Free: 128303K (61%)
ptolemy.util.test.WatchDog.cancel(): canceling Mon Apr 30 01:16:09 UTC 2018
auto.tcl: Setting watchdog for 200 seconds at Mon Apr 30 01:16:09 UTC 2018
292 ms. Memory: 209920K Free: 196359K (94%)
ptolemy.util.test.WatchDog.cancel(): canceling Mon Apr 30 01:16:10 UTC 2018
------------------ testing $PTII/ptolemy/domains/de/test/auto/ModalSource.xml
auto.tcl: Setting watchdog for 200 seconds at Mon Apr 30 01:16:10 UTC 2018
10 ms. Memory: 209920K Free: 194109K (92%)
ptolemy.util.test.WatchDog.cancel(): canceling Mon Apr 30 01:16:10 UTC 2018
auto.tcl: Setting watchdog for 200 seconds at Mon Apr 30 01:16:10 UTC 2018
9 ms. Memory: 209920K Free: 192372K (92%)
ptolemy.util.test.WatchDog.cancel(): canceling Mon Apr 30 01:16:10 UTC 2018
------------------ testing $PTII/ptolemy/domains/de/test/auto/NonInterruptibleTimerZeroDelay.xml
auto.tcl: Setting watchdog for 200 seconds at Mon Apr 30 01:16:10 UTC 2018
5 ms. Memory: 336896K Free: 325278K (97%)
ptolemy.util.test.WatchDog.cancel(): canceling Mon Apr 30 01:16:10 UTC 2018
auto.tcl: Setting watchdog for 200 seconds at Mon Apr 30 01:16:10 UTC 2018
3 ms. Memory: 336896K Free: 321828K (96%)
ptolemy.util.test.WatchDog.cancel(): canceling Mon Apr 30 01:16:10 UTC 2018
------------------ testing $PTII/ptolemy/domains/de/test/auto/OpenQueueingNetwork.xml
auto.tcl: Setting watchdog for 200 seconds at Mon Apr 30 01:16:10 UTC 2018
5037 ms. Memory: 336384K Free: 217576K (65%)
ptolemy.util.test.WatchDog.cancel(): canceling Mon Apr 30 01:16:15 UTC 2018
auto.tcl: Setting watchdog for 200 seconds at Mon Apr 30 01:16:15 UTC 2018
2649 ms. Memory: 314880K Free: 180001K (57%)
ptolemy.util.test.WatchDog.cancel(): canceling Mon Apr 30 01:16:18 UTC 2018
------------------ testing $PTII/ptolemy/domains/de/test/auto/OpenQueuingNetwork.xml
auto.tcl: Setting watchdog for 200 seconds at Mon Apr 30 01:16:18 UTC 2018
385 ms. Memory: 313344K Free: 217343K (69%)
ptolemy.util.test.WatchDog.cancel(): canceling Mon Apr 30 01:16:18 UTC 2018
auto.tcl: Setting watchdog for 200 seconds at Mon Apr 30 01:16:18 UTC 2018
368 ms. Memory: 313344K Free: 162576K (52%)
ptolemy.util.test.WatchDog.cancel(): canceling Mon Apr 30 01:16:19 UTC 2018
------------------ testing $PTII/ptolemy/domains/de/test/auto/PeriodicSampler.xml
auto.tcl: Setting watchdog for 200 seconds at Mon Apr 30 01:16:19 UTC 2018
4 ms. Memory: 314880K Free: 300661K (95%)
ptolemy.util.test.WatchDog.cancel(): canceling Mon Apr 30 01:16:19 UTC 2018
auto.tcl: Setting watchdog for 200 seconds at Mon Apr 30 01:16:19 UTC 2018
2 ms. Memory: 314880K Free: 297329K (94%)
ptolemy.util.test.WatchDog.cancel(): canceling Mon Apr 30 01:16:19 UTC 2018
------------------ testing $PTII/ptolemy/domains/de/test/auto/PersistentIO.xml
auto.tcl: Setting watchdog for 200 seconds at Mon Apr 30 01:16:19 UTC 2018
8 ms. Memory: 313344K Free: 293059K (94%)
ptolemy.util.test.WatchDog.cancel(): canceling Mon Apr 30 01:16:19 UTC 2018
auto.tcl: Setting watchdog for 200 seconds at Mon Apr 30 01:16:19 UTC 2018
6 ms. Memory: 313344K Free: 289719K (92%)
ptolemy.util.test.WatchDog.cancel(): canceling Mon Apr 30 01:16:19 UTC 2018
------------------ testing $PTII/ptolemy/domains/de/test/auto/PortParameterResetOnInitialize.xml
auto.tcl: Setting watchdog for 200 seconds at Mon Apr 30 01:16:19 UTC 2018
4 ms. Memory: 314880K Free: 297796K (95%)
ptolemy.util.test.WatchDog.cancel(): canceling Mon Apr 30 01:16:19 UTC 2018
auto.tcl: Setting watchdog for 200 seconds at Mon Apr 30 01:16:19 UTC 2018
3 ms. Memory: 314880K Free: 297796K (95%)
ptolemy.util.test.WatchDog.cancel(): canceling Mon Apr 30 01:16:19 UTC 2018
------------------ testing $PTII/ptolemy/domains/de/test/auto/PortParameterUpdates.xml
auto.tcl: Setting watchdog for 200 seconds at Mon Apr 30 01:16:19 UTC 2018
8 ms. Memory: 313344K Free: 296377K (95%)
ptolemy.util.test.WatchDog.cancel(): canceling Mon Apr 30 01:16:19 UTC 2018
auto.tcl: Setting watchdog for 200 seconds at Mon Apr 30 01:16:19 UTC 2018
8 ms. Memory: 313344K Free: 293053K (94%)
ptolemy.util.test.WatchDog.cancel(): canceling Mon Apr 30 01:16:19 UTC 2018
------------------ testing $PTII/ptolemy/domains/de/test/auto/QueueAndServer.xml
auto.tcl: Setting watchdog for 200 seconds at Mon Apr 30 01:16:19 UTC 2018
14 ms. Memory: 314368K Free: 299636K (95%)
ptolemy.util.test.WatchDog.cancel(): canceling Mon Apr 30 01:16:19 UTC 2018
auto.tcl: Setting watchdog for 200 seconds at Mon Apr 30 01:16:19 UTC 2018
12 ms. Memory: 314368K Free: 296295K (94%)
ptolemy.util.test.WatchDog.cancel(): canceling Mon Apr 30 01:16:19 UTC 2018
------------------ testing $PTII/ptolemy/domains/de/test/auto/Records.xml
auto.tcl: Setting watchdog for 200 seconds at Mon Apr 30 01:16:19 UTC 2018
8 ms. Memory: 313344K Free: 298553K (95%)
ptolemy.util.test.WatchDog.cancel(): canceling Mon Apr 30 01:16:19 UTC 2018
auto.tcl: Setting watchdog for 200 seconds at Mon Apr 30 01:16:19 UTC 2018
5 ms. Memory: 313344K Free: 298553K (95%)
ptolemy.util.test.WatchDog.cancel(): canceling Mon Apr 30 01:16:19 UTC 2018
------------------ testing $PTII/ptolemy/domains/de/test/auto/ResetTransitionWithStartTime1.xml
auto.tcl: Setting watchdog for 200 seconds at Mon Apr 30 01:16:19 UTC 2018
9 ms. Memory: 314368K Free: 296271K (94%)
ptolemy.util.test.WatchDog.cancel(): canceling Mon Apr 30 01:16:19 UTC 2018
auto.tcl: Setting watchdog for 200 seconds at Mon Apr 30 01:16:19 UTC 2018
12 ms. Memory: 314368K Free: 296271K (94%)
ptolemy.util.test.WatchDog.cancel(): canceling Mon Apr 30 01:16:19 UTC 2018
------------------ testing $PTII/ptolemy/domains/de/test/auto/ResetTransitionWithStartTime2.xml
auto.tcl: Setting watchdog for 200 seconds at Mon Apr 30 01:16:19 UTC 2018
10 ms. Memory: 313344K Free: 295286K (94%)
ptolemy.util.test.WatchDog.cancel(): canceling Mon Apr 30 01:16:19 UTC 2018
auto.tcl: Setting watchdog for 200 seconds at Mon Apr 30 01:16:19 UTC 2018
14 ms. Memory: 313344K Free: 295286K (94%)
ptolemy.util.test.WatchDog.cancel(): canceling Mon Apr 30 01:16:19 UTC 2018
------------------ testing $PTII/ptolemy/domains/de/test/auto/ResetTransitionWithStartTime3.xml
auto.tcl: Setting watchdog for 200 seconds at Mon Apr 30 01:16:20 UTC 2018
8 ms. Memory: 314368K Free: 296268K (94%)
ptolemy.util.test.WatchDog.cancel(): canceling Mon Apr 30 01:16:20 UTC 2018
auto.tcl: Setting watchdog for 200 seconds at Mon Apr 30 01:16:20 UTC 2018
8 ms. Memory: 314368K Free: 296268K (94%)
ptolemy.util.test.WatchDog.cancel(): canceling Mon Apr 30 01:16:20 UTC 2018
------------------ testing $PTII/ptolemy/domains/de/test/auto/ResetTransitionWithStartTime4.xml
auto.tcl: Setting watchdog for 200 seconds at Mon Apr 30 01:16:20 UTC 2018
5 ms. Memory: 313344K Free: 295291K (94%)
ptolemy.util.test.WatchDog.cancel(): canceling Mon Apr 30 01:16:20 UTC 2018
auto.tcl: Setting watchdog for 200 seconds at Mon Apr 30 01:16:20 UTC 2018
5 ms. Memory: 313344K Free: 295291K (94%)
ptolemy.util.test.WatchDog.cancel(): canceling Mon Apr 30 01:16:20 UTC 2018
------------------ testing $PTII/ptolemy/domains/de/test/auto/ResettableTimer1.xml
auto.tcl: Setting watchdog for 200 seconds at Mon Apr 30 01:16:20 UTC 2018
4 ms. Memory: 313856K Free: 300143K (96%)
ptolemy.util.test.WatchDog.cancel(): canceling Mon Apr 30 01:16:20 UTC 2018
auto.tcl: Setting watchdog for 200 seconds at Mon Apr 30 01:16:20 UTC 2018
3 ms. Memory: 313856K Free: 296819K (95%)
ptolemy.util.test.WatchDog.cancel(): canceling Mon Apr 30 01:16:20 UTC 2018
------------------ testing $PTII/ptolemy/domains/de/test/auto/ResettableTimer2.xml
auto.tcl: Setting watchdog for 200 seconds at Mon Apr 30 01:16:20 UTC 2018
8 ms. Memory: 313344K Free: 296365K (95%)
ptolemy.util.test.WatchDog.cancel(): canceling Mon Apr 30 01:16:20 UTC 2018
auto.tcl: Setting watchdog for 200 seconds at Mon Apr 30 01:16:20 UTC 2018
3 ms. Memory: 313344K Free: 296365K (95%)
ptolemy.util.test.WatchDog.cancel(): canceling Mon Apr 30 01:16:20 UTC 2018
------------------ testing $PTII/ptolemy/domains/de/test/auto/ResettableTimer3.xml
auto.tcl: Setting watchdog for 200 seconds at Mon Apr 30 01:16:20 UTC 2018
1 ms. Memory: 313856K Free: 296812K (95%)
ptolemy.util.test.WatchDog.cancel(): canceling Mon Apr 30 01:16:20 UTC 2018
auto.tcl: Setting watchdog for 200 seconds at Mon Apr 30 01:16:20 UTC 2018
1 ms. Memory: 313856K Free: 296812K (95%)
ptolemy.util.test.WatchDog.cancel(): canceling Mon Apr 30 01:16:20 UTC 2018
------------------ testing $PTII/ptolemy/domains/de/test/auto/ResettableTimer4.xml
auto.tcl: Setting watchdog for 200 seconds at Mon Apr 30 01:16:20 UTC 2018
1 ms. Memory: 313344K Free: 296361K (95%)
ptolemy.util.test.WatchDog.cancel(): canceling Mon Apr 30 01:16:20 UTC 2018
auto.tcl: Setting watchdog for 200 seconds at Mon Apr 30 01:16:20 UTC 2018
2 ms. Memory: 313344K Free: 296361K (95%)
ptolemy.util.test.WatchDog.cancel(): canceling Mon Apr 30 01:16:20 UTC 2018
------------------ testing $PTII/ptolemy/domains/de/test/auto/ResettableTimer5.xml
auto.tcl: Setting watchdog for 200 seconds at Mon Apr 30 01:16:20 UTC 2018
2 ms. Memory: 313856K Free: 296831K (95%)
ptolemy.util.test.WatchDog.cancel(): canceling Mon Apr 30 01:16:20 UTC 2018
auto.tcl: Setting watchdog for 200 seconds at Mon Apr 30 01:16:20 UTC 2018
1 ms. Memory: 313856K Free: 296831K (95%)
ptolemy.util.test.WatchDog.cancel(): canceling Mon Apr 30 01:16:20 UTC 2018
------------------ testing $PTII/ptolemy/domains/de/test/auto/ResettableTimer6.xml
auto.tcl: Setting watchdog for 200 seconds at Mon Apr 30 01:16:20 UTC 2018
6 ms. Memory: 313344K Free: 298596K (95%)
ptolemy.util.test.WatchDog.cancel(): canceling Mon Apr 30 01:16:20 UTC 2018
auto.tcl: Setting watchdog for 200 seconds at Mon Apr 30 01:16:20 UTC 2018
2 ms. Memory: 313344K Free: 298596K (95%)
ptolemy.util.test.WatchDog.cancel(): canceling Mon Apr 30 01:16:20 UTC 2018
------------------ testing $PTII/ptolemy/domains/de/test/auto/ServerZeroDelay.xml
auto.tcl: Setting watchdog for 200 seconds at Mon Apr 30 01:16:20 UTC 2018
5 ms. Memory: 313856K Free: 302469K (96%)
ptolemy.util.test.WatchDog.cancel(): canceling Mon Apr 30 01:16:20 UTC 2018
auto.tcl: Setting watchdog for 200 seconds at Mon Apr 30 01:16:20 UTC 2018
5 ms. Memory: 313856K Free: 299145K (95%)
ptolemy.util.test.WatchDog.cancel(): canceling Mon Apr 30 01:16:20 UTC 2018
------------------ testing $PTII/ptolemy/domains/de/test/auto/SmartSender.xml
auto.tcl: Setting watchdog for 200 seconds at Mon Apr 30 01:16:20 UTC 2018
3001 ms. Memory: 313344K Free: 296309K (95%)
ptolemy.util.test.WatchDog.cancel(): canceling Mon Apr 30 01:16:23 UTC 2018
auto.tcl: Setting watchdog for 200 seconds at Mon Apr 30 01:16:23 UTC 2018
3002 ms. Memory: 313344K Free: 296309K (95%)
ptolemy.util.test.WatchDog.cancel(): canceling Mon Apr 30 01:16:26 UTC 2018
------------------ testing $PTII/ptolemy/domains/de/test/auto/ThreadedComposite.xml
auto.tcl: Setting watchdog for 200 seconds at Mon Apr 30 01:16:26 UTC 2018
355 ms. Memory: 313856K Free: 276206K (88%)
ptolemy.util.test.WatchDog.cancel(): canceling Mon Apr 30 01:16:27 UTC 2018
auto.tcl: Setting watchdog for 200 seconds at Mon Apr 30 01:16:27 UTC 2018
322 ms. Memory: 313856K Free: 260264K (83%)
ptolemy.util.test.WatchDog.cancel(): canceling Mon Apr 30 01:16:27 UTC 2018
------------------ testing $PTII/ptolemy/domains/de/test/auto/Time.xml
auto.tcl: Setting watchdog for 200 seconds at Mon Apr 30 01:16:27 UTC 2018
1242 ms. Memory: 313344K Free: 251903K (80%)
ptolemy.util.test.WatchDog.cancel(): canceling Mon Apr 30 01:16:28 UTC 2018
auto.tcl: Setting watchdog for 200 seconds at Mon Apr 30 01:16:28 UTC 2018
982 ms. Memory: 313344K Free: 205364K (66%)
ptolemy.util.test.WatchDog.cancel(): canceling Mon Apr 30 01:16:29 UTC 2018
------------------ testing $PTII/ptolemy/domains/de/test/auto/TimeDelayZeroDelay.xml
auto.tcl: Setting watchdog for 200 seconds at Mon Apr 30 01:16:29 UTC 2018
3 ms. Memory: 313856K Free: 302340K (96%)
ptolemy.util.test.WatchDog.cancel(): canceling Mon Apr 30 01:16:30 UTC 2018
auto.tcl: Setting watchdog for 200 seconds at Mon Apr 30 01:16:30 UTC 2018
3 ms. Memory: 313856K Free: 299000K (95%)
ptolemy.util.test.WatchDog.cancel(): canceling Mon Apr 30 01:16:30 UTC 2018
------------------ testing $PTII/ptolemy/domains/de/test/auto/TimerZeroDelay.xml
auto.tcl: Setting watchdog for 200 seconds at Mon Apr 30 01:16:30 UTC 2018
3 ms. Memory: 313344K Free: 301920K (96%)
ptolemy.util.test.WatchDog.cancel(): canceling Mon Apr 30 01:16:30 UTC 2018
auto.tcl: Setting watchdog for 200 seconds at Mon Apr 30 01:16:30 UTC 2018
3 ms. Memory: 313344K Free: 298580K (95%)
ptolemy.util.test.WatchDog.cancel(): canceling Mon Apr 30 01:16:30 UTC 2018
------------------ testing $PTII/ptolemy/domains/de/test/auto/TimingParadox.xml
auto.tcl: Setting watchdog for 200 seconds at Mon Apr 30 01:16:30 UTC 2018
543 ms. Memory: 313856K Free: 238918K (76%)
ptolemy.util.test.WatchDog.cancel(): canceling Mon Apr 30 01:16:30 UTC 2018
auto.tcl: Setting watchdog for 200 seconds at Mon Apr 30 01:16:30 UTC 2018
501 ms. Memory: 313856K Free: 209000K (67%)
ptolemy.util.test.WatchDog.cancel(): canceling Mon Apr 30 01:16:31 UTC 2018
------------------ testing $PTII/ptolemy/domains/de/test/auto/TransferInputs.xml
auto.tcl: Setting watchdog for 200 seconds at Mon Apr 30 01:16:31 UTC 2018
3 ms. Memory: 313856K Free: 297996K (95%)
ptolemy.util.test.WatchDog.cancel(): canceling Mon Apr 30 01:16:31 UTC 2018
auto.tcl: Setting watchdog for 200 seconds at Mon Apr 30 01:16:31 UTC 2018
2 ms. Memory: 313856K Free: 297996K (95%)
ptolemy.util.test.WatchDog.cancel(): canceling Mon Apr 30 01:16:31 UTC 2018
------------------ testing $PTII/ptolemy/domains/de/test/auto/TransferOutputs2.xml
auto.tcl: Setting watchdog for 200 seconds at Mon Apr 30 01:16:31 UTC 2018
10 ms. Memory: 313344K Free: 292927K (93%)
ptolemy.util.test.WatchDog.cancel(): canceling Mon Apr 30 01:16:31 UTC 2018
auto.tcl: Setting watchdog for 200 seconds at Mon Apr 30 01:16:31 UTC 2018
4 ms. Memory: 313344K Free: 292927K (93%)
ptolemy.util.test.WatchDog.cancel(): canceling Mon Apr 30 01:16:31 UTC 2018
------------------ testing $PTII/ptolemy/domains/de/test/auto/Trilateration.xml
auto.tcl: Setting watchdog for 200 seconds at Mon Apr 30 01:16:31 UTC 2018
16528 ms. Memory: 378368K Free: 342678K (91%)
ptolemy.util.test.WatchDog.cancel(): canceling Mon Apr 30 01:16:49 UTC 2018
auto.tcl: Setting watchdog for 200 seconds at Mon Apr 30 01:16:49 UTC 2018
13653 ms. Memory: 271360K Free: 83779K (31%)
ptolemy.util.test.WatchDog.cancel(): canceling Mon Apr 30 01:17:03 UTC 2018
------------------ testing $PTII/ptolemy/domains/de/test/auto/TwoSigmaDelta.xml
auto.tcl: Setting watchdog for 200 seconds at Mon Apr 30 01:17:03 UTC 2018
3913 ms. Memory: 263168K Free: 156617K (60%)
ptolemy.util.test.WatchDog.cancel(): canceling Mon Apr 30 01:17:07 UTC 2018
auto.tcl: Setting watchdog for 200 seconds at Mon Apr 30 01:17:07 UTC 2018
2670 ms. Memory: 253952K Free: 95440K (38%)
ptolemy.util.test.WatchDog.cancel(): canceling Mon Apr 30 01:17:10 UTC 2018
------------------ testing $PTII/ptolemy/domains/de/test/auto/VariableDelay.xml
auto.tcl: Setting watchdog for 200 seconds at Mon Apr 30 01:17:10 UTC 2018
3 ms. Memory: 255488K Free: 240517K (94%)
ptolemy.util.test.WatchDog.cancel(): canceling Mon Apr 30 01:17:10 UTC 2018
auto.tcl: Setting watchdog for 200 seconds at Mon Apr 30 01:17:10 UTC 2018
2 ms. Memory: 255488K Free: 240517K (94%)
ptolemy.util.test.WatchDog.cancel(): canceling Mon Apr 30 01:17:10 UTC 2018
------------------ testing $PTII/ptolemy/domains/de/test/auto/VariableDelay2.xml
auto.tcl: Setting watchdog for 200 seconds at Mon Apr 30 01:17:10 UTC 2018
3 ms. Memory: 253952K Free: 241115K (95%)
ptolemy.util.test.WatchDog.cancel(): canceling Mon Apr 30 01:17:10 UTC 2018
auto.tcl: Setting watchdog for 200 seconds at Mon Apr 30 01:17:10 UTC 2018
2 ms. Memory: 253952K Free: 241115K (95%)
ptolemy.util.test.WatchDog.cancel(): canceling Mon Apr 30 01:17:10 UTC 2018
------------------ testing $PTII/ptolemy/domains/de/test/auto/VariableDelayZeroDelay.xml
auto.tcl: Setting watchdog for 200 seconds at Mon Apr 30 01:17:10 UTC 2018
4 ms. Memory: 255488K Free: 240925K (94%)
ptolemy.util.test.WatchDog.cancel(): canceling Mon Apr 30 01:17:10 UTC 2018
auto.tcl: Setting watchdog for 200 seconds at Mon Apr 30 01:17:10 UTC 2018
3 ms. Memory: 255488K Free: 240925K (94%)
ptolemy.util.test.WatchDog.cancel(): canceling Mon Apr 30 01:17:10 UTC 2018
------------------ testing $PTII/ptolemy/domains/de/test/auto/VariableDelayZeroDelay2.xml
auto.tcl: Setting watchdog for 200 seconds at Mon Apr 30 01:17:10 UTC 2018
3 ms. Memory: 253952K Free: 239395K (94%)
ptolemy.util.test.WatchDog.cancel(): canceling Mon Apr 30 01:17:10 UTC 2018
auto.tcl: Setting watchdog for 200 seconds at Mon Apr 30 01:17:10 UTC 2018
3 ms. Memory: 253952K Free: 239395K (94%)
ptolemy.util.test.WatchDog.cancel(): canceling Mon Apr 30 01:17:10 UTC 2018
------------------ testing $PTII/ptolemy/domains/de/test/auto/deInCt.xml
auto.tcl: Setting watchdog for 200 seconds at Mon Apr 30 01:17:10 UTC 2018
0
1
1
1
1
0
0
0
0
0
0
1
1
1
1
1
0
0
0
0
1
1
1
1
1
17 ms. Memory: 254976K Free: 240408K (94%)
ptolemy.util.test.WatchDog.cancel(): canceling Mon Apr 30 01:17:10 UTC 2018
auto.tcl: Setting watchdog for 200 seconds at Mon Apr 30 01:17:10 UTC 2018
0
1
1
1
1
0
0
0
1
1
1
0
0
0
1
1
1
1
0
0
1
1
1
0
0
0
1
1
0
0
0
1
1
1
1
0
0
0
10 ms. Memory: 254976K Free: 237818K (93%)
ptolemy.util.test.WatchDog.cancel(): canceling Mon Apr 30 01:17:10 UTC 2018
------------------ testing $PTII/ptolemy/domains/de/test/auto/deInCt2.xml
auto.tcl: Setting watchdog for 200 seconds at Mon Apr 30 01:17:10 UTC 2018
0
1
1
1
0
0
1
1
1
0
0
1
1
1
0
0
1
1
1
0
0
1
1
1
0
0
1
1
1
0
0
1
1
1
0
0
1
1
1
0
0
0
18 ms. Memory: 253952K Free: 239381K (94%)
ptolemy.util.test.WatchDog.cancel(): canceling Mon Apr 30 01:17:10 UTC 2018
auto.tcl: Setting watchdog for 200 seconds at Mon Apr 30 01:17:10 UTC 2018
0
1
1
1
0
0
1
1
1
0
0
1
1
1
0
0
1
1
1
0
0
1
1
1
0
0
1
1
1
0
0
1
1
1
0
0
1
1
1
0
0
0
8 ms. Memory: 253952K Free: 236791K (93%)
ptolemy.util.test.WatchDog.cancel(): canceling Mon Apr 30 01:17:10 UTC 2018
------------------ testing $PTII/ptolemy/domains/de/test/auto/dynamicCausalityInterface1.xml
auto.tcl: Setting watchdog for 200 seconds at Mon Apr 30 01:17:10 UTC 2018
2 ms. Memory: 254976K Free: 235215K (92%)
ptolemy.util.test.WatchDog.cancel(): canceling Mon Apr 30 01:17:10 UTC 2018
auto.tcl: Setting watchdog for 200 seconds at Mon Apr 30 01:17:10 UTC 2018
1 ms. Memory: 254976K Free: 235215K (92%)
ptolemy.util.test.WatchDog.cancel(): canceling Mon Apr 30 01:17:10 UTC 2018
------------------ testing $PTII/ptolemy/domains/de/test/auto/fsm_de_test.xml
auto.tcl: Setting watchdog for 200 seconds at Mon Apr 30 01:17:10 UTC 2018
8 ms. Memory: 253952K Free: 234086K (92%)
ptolemy.util.test.WatchDog.cancel(): canceling Mon Apr 30 01:17:10 UTC 2018
auto.tcl: Setting watchdog for 200 seconds at Mon Apr 30 01:17:10 UTC 2018
7 ms. Memory: 253952K Free: 234086K (92%)
ptolemy.util.test.WatchDog.cancel(): canceling Mon Apr 30 01:17:10 UTC 2018
------------------ testing $PTII/ptolemy/domains/de/test/auto/functionDependencyReconstruction.xml
auto.tcl: Setting watchdog for 200 seconds at Mon Apr 30 01:17:10 UTC 2018
3 ms. Memory: 254464K Free: 229389K (90%)
ptolemy.util.test.WatchDog.cancel(): canceling Mon Apr 30 01:17:10 UTC 2018
auto.tcl: Setting watchdog for 200 seconds at Mon Apr 30 01:17:10 UTC 2018
4 ms. Memory: 254464K Free: 226783K (89%)
ptolemy.util.test.WatchDog.cancel(): canceling Mon Apr 30 01:17:10 UTC 2018
------------------ testing $PTII/ptolemy/domains/de/test/auto/multirate.xml
auto.tcl: Setting watchdog for 200 seconds at Mon Apr 30 01:17:11 UTC 2018
6 ms. Memory: 253952K Free: 236535K (93%)
ptolemy.util.test.WatchDog.cancel(): canceling Mon Apr 30 01:17:11 UTC 2018
auto.tcl: Setting watchdog for 200 seconds at Mon Apr 30 01:17:11 UTC 2018
4 ms. Memory: 253952K Free: 236535K (93%)
ptolemy.util.test.WatchDog.cancel(): canceling Mon Apr 30 01:17:11 UTC 2018
------------------ testing $PTII/ptolemy/domains/de/test/auto/multirate2.xml
auto.tcl: Setting watchdog for 200 seconds at Mon Apr 30 01:17:11 UTC 2018
4 ms. Memory: 254464K Free: 237251K (93%)
ptolemy.util.test.WatchDog.cancel(): canceling Mon Apr 30 01:17:11 UTC 2018
auto.tcl: Setting watchdog for 200 seconds at Mon Apr 30 01:17:11 UTC 2018
4 ms. Memory: 254464K Free: 237251K (93%)
ptolemy.util.test.WatchDog.cancel(): canceling Mon Apr 30 01:17:11 UTC 2018
------------------ testing $PTII/ptolemy/domains/de/test/auto/realtime.xml
auto.tcl: Setting watchdog for 200 seconds at Mon Apr 30 01:17:11 UTC 2018
10002 ms. Memory: 253952K Free: 239212K (94%)
ptolemy.util.test.WatchDog.cancel(): canceling Mon Apr 30 01:17:21 UTC 2018
auto.tcl: Setting watchdog for 200 seconds at Mon Apr 30 01:17:21 UTC 2018
10001 ms. Memory: 253952K Free: 239212K (94%)
ptolemy.util.test.WatchDog.cancel(): canceling Mon Apr 30 01:17:31 UTC 2018
------------------ testing $PTII/ptolemy/domains/de/test/auto/relationGroup.xml
auto.tcl: Setting watchdog for 200 seconds at Mon Apr 30 01:17:31 UTC 2018
2 ms. Memory: 254464K Free: 242350K (95%)
ptolemy.util.test.WatchDog.cancel(): canceling Mon Apr 30 01:17:31 UTC 2018
auto.tcl: Setting watchdog for 200 seconds at Mon Apr 30 01:17:31 UTC 2018
1 ms. Memory: 254464K Free: 239744K (94%)
ptolemy.util.test.WatchDog.cancel(): canceling Mon Apr 30 01:17:31 UTC 2018
------------------ testing $PTII/ptolemy/domains/de/test/auto/relationGroup2.xml
auto.tcl: Setting watchdog for 200 seconds at Mon Apr 30 01:17:31 UTC 2018
2 ms. Memory: 253952K Free: 241865K (95%)
ptolemy.util.test.WatchDog.cancel(): canceling Mon Apr 30 01:17:31 UTC 2018
auto.tcl: Setting watchdog for 200 seconds at Mon Apr 30 01:17:31 UTC 2018
1 ms. Memory: 253952K Free: 239267K (94%)
ptolemy.util.test.WatchDog.cancel(): canceling Mon Apr 30 01:17:31 UTC 2018
------------------ testing $PTII/ptolemy/domains/de/test/auto/sortWithOpaquePorts.xml
auto.tcl: Setting watchdog for 200 seconds at Mon Apr 30 01:17:31 UTC 2018
2 ms. Memory: 254464K Free: 239780K (94%)
ptolemy.util.test.WatchDog.cancel(): canceling Mon Apr 30 01:17:31 UTC 2018
auto.tcl: Setting watchdog for 200 seconds at Mon Apr 30 01:17:31 UTC 2018
1 ms. Memory: 254464K Free: 239780K (94%)
ptolemy.util.test.WatchDog.cancel(): canceling Mon Apr 30 01:17:31 UTC 2018
------------------ testing $PTII/ptolemy/domains/de/test/auto/transferInputsandOutputs.xml
auto.tcl: Setting watchdog for 200 seconds at Mon Apr 30 01:17:31 UTC 2018
2 ms. Memory: 253952K Free: 236669K (93%)
ptolemy.util.test.WatchDog.cancel(): canceling Mon Apr 30 01:17:31 UTC 2018
auto.tcl: Setting watchdog for 200 seconds at Mon Apr 30 01:17:31 UTC 2018
2 ms. Memory: 253952K Free: 236669K (93%)
ptolemy.util.test.WatchDog.cancel(): canceling Mon Apr 30 01:17:31 UTC 2018
------------------ testing $PTII/ptolemy/domains/de/test/auto/triggerType.xml
auto.tcl: Setting watchdog for 200 seconds at Mon Apr 30 01:17:31 UTC 2018
1 ms. Memory: 254464K Free: 239710K (94%)
ptolemy.util.test.WatchDog.cancel(): canceling Mon Apr 30 01:17:31 UTC 2018
auto.tcl: Setting watchdog for 200 seconds at Mon Apr 30 01:17:31 UTC 2018
1 ms. Memory: 254464K Free: 239710K (94%)
ptolemy.util.test.WatchDog.cancel(): canceling Mon Apr 30 01:17:31 UTC 2018
04/30/18 01:17:31
Failed: 0  Total Tests: 192  ((Passed: 187, Newly Passed: 1)  Known Failed: 5) /home/travis/build/icyphy/ptII/ptolemy/domains/de/test
04/30/18 01:17:31
Failed: 0  Total Tests: 192  ((Passed: 187, Newly Passed: 1)  Known Failed: 5) /home/travis/build/icyphy/ptII/ptolemy/domains/de/test
----------------- testing (KnownFailure) /home/travis/build/icyphy/ptII/ptolemy/domains/de/test/auto/knownFailedTests/DESDFClockTest.xml
2012 ms. Memory: 253952K Free: 231488K (91%)
Known Failure: java.lang.reflect.InvocationTargetException
----------------- testing (KnownFailure) /home/travis/build/icyphy/ptII/ptolemy/domains/de/test/auto/knownFailedTests/DirectFeedback.xml
1 ms. Memory: 253952K Free: 217682K (86%)
Known Failure: java.lang.reflect.InvocationTargetException
----------------- testing (KnownFailure) /home/travis/build/icyphy/ptII/ptolemy/domains/de/test/auto/knownFailedTests/FSMSource.xml
6 ms. Memory: 253952K Free: 200419K (79%)
----------------- testing (KnownFailure) /home/travis/build/icyphy/ptII/ptolemy/domains/de/test/auto/knownFailedTests/HierarchicalModel.xml
2 ms. Memory: 253952K Free: 179681K (71%)
Known Failure: java.lang.reflect.InvocationTargetException
----------------- testing (KnownFailure) /home/travis/build/icyphy/ptII/ptolemy/domains/de/test/auto/knownFailedTests/dependencyLoop.xml
1 ms. Memory: 253952K Free: 152058K (60%)
Known Failure: java.lang.reflect.InvocationTargetException
----------------- testing (KnownFailure) /home/travis/build/icyphy/ptII/ptolemy/domains/de/test/auto/knownFailedTests/dependencyLoop2.xml
5 ms. Memory: 253952K Free: 124418K (49%)
Known Failure: java.lang.reflect.InvocationTargetException
No auto/*.xml tests in /home/travis/build/icyphy/ptII/ptolemy/domains/de/test
AutoTests.java: About to close Vertx.
AutoTests.java: Vertx closed.
----------------- testing Mon Apr 30 01:17:33 UTC 2018 /home/travis/build/icyphy/ptII/ptolemy/domains/de/test/auto/ActorDepthCalculation_actorWithoutPorts.xml
3 ms. Memory: 253952K Free: 103697K (41%)
reloadAllAccessors: .ActorDepthCalculation_actorWithoutPorts
----------------- testing Mon Apr 30 01:17:33 UTC 2018 /home/travis/build/icyphy/ptII/ptolemy/domains/de/test/auto/AssemblyLine.xml
1 ms. Memory: 253952K Free: 93344K (37%)
reloadAllAccessors: .AssemblyLine
----------------- testing Mon Apr 30 01:17:33 UTC 2018 /home/travis/build/icyphy/ptII/ptolemy/domains/de/test/auto/CQBug1.xml
1 ms. Memory: 253952K Free: 86442K (34%)
reloadAllAccessors: .CQBug1
----------------- testing Mon Apr 30 01:17:33 UTC 2018 /home/travis/build/icyphy/ptII/ptolemy/domains/de/test/auto/CancelFireAt.xml
1 ms. Memory: 253952K Free: 76950K (30%)
reloadAllAccessors: .CancelFireAt
----------------- testing Mon Apr 30 01:17:33 UTC 2018 /home/travis/build/icyphy/ptII/ptolemy/domains/de/test/auto/CausalityAndComposabilityAnalysis.xml
2 ms. Memory: 247296K Free: 235785K (95%)
reloadAllAccessors: .CausalityAndComposabilityAnalysis
----------------- testing Mon Apr 30 01:17:33 UTC 2018 /home/travis/build/icyphy/ptII/ptolemy/domains/de/test/auto/CausalityInterface1.xml
4 ms. Memory: 247296K Free: 227522K (92%)
reloadAllAccessors: .CausalityInterface1
----------------- testing Mon Apr 30 01:17:33 UTC 2018 /home/travis/build/icyphy/ptII/ptolemy/domains/de/test/auto/CausalityInterface15.xml
2 ms. Memory: 247296K Free: 219221K (89%)
reloadAllAccessors: .CausalityInterface15
----------------- testing Mon Apr 30 01:17:33 UTC 2018 /home/travis/build/icyphy/ptII/ptolemy/domains/de/test/auto/CausalityInterface2.xml
1 ms. Memory: 247296K Free: 212589K (86%)
reloadAllAccessors: .CausalityInterface2
----------------- testing Mon Apr 30 01:17:33 UTC 2018 /home/travis/build/icyphy/ptII/ptolemy/domains/de/test/auto/CausalityInterface3.xml
2 ms. Memory: 247296K Free: 204333K (83%)
reloadAllAccessors: .CausalityInterface3
----------------- testing Mon Apr 30 01:17:33 UTC 2018 /home/travis/build/icyphy/ptII/ptolemy/domains/de/test/auto/ClockDrift.xml
13 ms. Memory: 247296K Free: 189401K (77%)
reloadAllAccessors: .ClockDrift
----------------- testing Mon Apr 30 01:17:34 UTC 2018 /home/travis/build/icyphy/ptII/ptolemy/domains/de/test/auto/ClockDriftAndValueChange.xml
13 ms. Memory: 247296K Free: 174444K (71%)
reloadAllAccessors: .ClockDriftAndValueChange
----------------- testing Mon Apr 30 01:17:34 UTC 2018 /home/travis/build/icyphy/ptII/ptolemy/domains/de/test/auto/ClockDriftChange.xml
10 ms. Memory: 247296K Free: 161182K (65%)
reloadAllAccessors: .ClockDriftChange
----------------- testing Mon Apr 30 01:17:34 UTC 2018 /home/travis/build/icyphy/ptII/ptolemy/domains/de/test/auto/ComposableCausalityAnalysis.xml
1 ms. Memory: 247296K Free: 151250K (61%)
reloadAllAccessors: .ComposableCausalityAnalysis
----------------- testing Mon Apr 30 01:17:34 UTC 2018 /home/travis/build/icyphy/ptII/ptolemy/domains/de/test/auto/DEFixedPointLimitation.xml
1 ms. Memory: 247296K Free: 144618K (58%)
reloadAllAccessors: .DEFixedPointLimitation
----------------- testing Mon Apr 30 01:17:34 UTC 2018 /home/travis/build/icyphy/ptII/ptolemy/domains/de/test/auto/DEScheduleTest.xml
2 ms. Memory: 247296K Free: 137995K (56%)
reloadAllAccessors: .DEScheduleTest
----------------- testing Mon Apr 30 01:17:34 UTC 2018 /home/travis/build/icyphy/ptII/ptolemy/domains/de/test/auto/DEinDEwithStartTimes.xml
2 ms. Memory: 247296K Free: 129733K (52%)
reloadAllAccessors: .DEinDEwithStartTimes
----------------- testing Mon Apr 30 01:17:34 UTC 2018 /home/travis/build/icyphy/ptII/ptolemy/domains/de/test/auto/DEinDEwithStartTimes2.xml
2 ms. Memory: 247296K Free: 121440K (49%)
reloadAllAccessors: .DEinDEwithStartTimes2
----------------- testing Mon Apr 30 01:17:34 UTC 2018 /home/travis/build/icyphy/ptII/ptolemy/domains/de/test/auto/DateDemo.xml
4 ms. Memory: 247296K Free: 108177K (44%)
reloadAllAccessors: .DateDemo
----------------- testing Mon Apr 30 01:17:34 UTC 2018 /home/travis/build/icyphy/ptII/ptolemy/domains/de/test/auto/DateToEvent.xml
2005 ms. Memory: 247296K Free: 88267K (36%)
reloadAllAccessors: .DateToEvent
----------------- testing Mon Apr 30 01:17:36 UTC 2018 /home/travis/build/icyphy/ptII/ptolemy/domains/de/test/auto/DepthTest1.xml
[...]
java.lang.RuntimeException: Execution failed
	at ptolemy.moml.MoMLSimpleApplication$UnloadThread.run(MoMLSimpleApplication.java:402)
Caused by: ptolemy.kernel.util.IllegalActionException: Test fails in iteration 1.
Value was: 1.0. Should have been: 2.0
  in .DirectFeedback.Test
	at ptolemy.actor.lib.Test.fire(Test.java:268)
	at ptolemy.domains.de.kernel.DEDirector._fire(DEDirector.java:1948)
	at ptolemy.domains.de.kernel.DEDirector.fire(DEDirector.java:502)
	at ptolemy.actor.CompositeActor.fire(CompositeActor.java:455)
	at ptolemy.actor.Manager.iterate(Manager.java:851)
	at ptolemy.actor.Manager.execute(Manager.java:369)
	at ptolemy.actor.Manager.run(Manager.java:1263)
	at ptolemy.actor.Manager$PtolemyRunThread.run(Manager.java:1915)
java.lang.RuntimeException: Execution failed
	at ptolemy.moml.MoMLSimpleApplication$UnloadThread.run(MoMLSimpleApplication.java:402)
Caused by: ptolemy.kernel.util.IllegalActionException: Actor is not ready to fire.  Perhaps UpSample.prefire() returned false? Try debugging the actor by selecting "Listen to Actor".  Also, for SDF check moml for tokenConsumptionRate on input.
  in .DESDFClockTest.Play Bell.Copy1:SDF Director and .DESDFClockTest.Play Bell.UpSample
	at ptolemy.actor.sched.StaticSchedulingDirector.fire(StaticSchedulingDirector.java:227)
	at ptolemy.domains.sdf.kernel.SDFDirector.fire(SDFDirector.java:500)
	at ptolemy.actor.CompositeActor.fire(CompositeActor.java:455)
	at ptolemy.domains.de.kernel.DEDirector._fire(DEDirector.java:1948)
	at ptolemy.domains.de.kernel.DEDirector.fire(DEDirector.java:502)
	at ptolemy.actor.CompositeActor.fire(CompositeActor.java:455)
	at ptolemy.actor.Manager.iterate(Manager.java:851)
	at ptolemy.actor.Manager.execute(Manager.java:369)
	at ptolemy.actor.Manager.run(Manager.java:1263)
	at ptolemy.actor.Manager$PtolemyRunThread.run(Manager.java:1915)
java.lang.reflect.InvocationTargetException
	at sun.reflect.NativeConstructorAccessorImpl.newInstance0(Native Method)
	at sun.reflect.NativeConstructorAccessorImpl.newInstance(NativeConstructorAccessorImpl.java:62)
	at sun.reflect.DelegatingConstructorAccessorImpl.newInstance(DelegatingConstructorAccessorImpl.java:45)
	at java.lang.reflect.Constructor.newInstance(Constructor.java:423)
	at ptolemy.util.test.junit.AutoKnownFailedTests.RunModel(AutoKnownFailedTests.java:107)
	at sun.reflect.NativeMethodAccessorImpl.invoke0(Native Method)
	at sun.reflect.NativeMethodAccessorImpl.invoke(NativeMethodAccessorImpl.java:62)
	at sun.reflect.DelegatingMethodAccessorImpl.invoke(DelegatingMethodAccessorImpl.java:43)
	at java.lang.reflect.Method.invoke(Method.java:498)
	at org.junit.runners.model.FrameworkMethod$1.runReflectiveCall(FrameworkMethod.java:44)
	at org.junit.internal.runners.model.ReflectiveCallable.run(ReflectiveCallable.java:15)
	at org.junit.runners.model.FrameworkMethod.invokeExplosively(FrameworkMethod.java:41)
	at junitparams.internal.InvokeParameterisedMethod.evaluate(InvokeParameterisedMethod.java:102)
	at org.junit.internal.runners.statements.FailOnTimeout$1.run(FailOnTimeout.java:28)
Caused by: ptolemy.kernel.util.IllegalActionException: Actor is not ready to fire.  Perhaps UpSample.prefire() returned false? Try debugging the actor by selecting "Listen to Actor".  Also, for SDF check moml for tokenConsumptionRate on input.
  in .DESDFClockTest.Play Bell.Copy1:SDF Director and .DESDFClockTest.Play Bell.UpSample
	at ptolemy.actor.sched.StaticSchedulingDirector.fire(StaticSchedulingDirector.java:227)
	at ptolemy.domains.sdf.kernel.SDFDirector.fire(SDFDirector.java:500)
	at ptolemy.actor.CompositeActor.fire(CompositeActor.java:455)
	at ptolemy.domains.de.kernel.DEDirector._fire(DEDirector.java:1948)
	at ptolemy.domains.de.kernel.DEDirector.fire(DEDirector.java:502)
	at ptolemy.actor.CompositeActor.fire(CompositeActor.java:455)
	at ptolemy.actor.Manager.iterate(Manager.java:851)
	at ptolemy.actor.Manager.execute(Manager.java:369)
	at ptolemy.actor.Manager.run(Manager.java:1263)
	at ptolemy.actor.Manager$PtolemyRunThread.run(Manager.java:1915)
java.lang.RuntimeException: Execution failed
	at ptolemy.moml.MoMLSimpleApplication$UnloadThread.run(MoMLSimpleApplication.java:402)
Caused by: ptolemy.kernel.util.IllegalActionException: Test fails in iteration 1.
Value was: 1.0. Should have been: 2.0
  in .DirectFeedback.Test
	at ptolemy.actor.lib.Test.fire(Test.java:268)
	at ptolemy.domains.de.kernel.DEDirector._fire(DEDirector.java:1948)
	at ptolemy.domains.de.kernel.DEDirector.fire(DEDirector.java:502)
	at ptolemy.actor.CompositeActor.fire(CompositeActor.java:455)
	at ptolemy.actor.Manager.iterate(Manager.java:851)
	at ptolemy.actor.Manager.execute(Manager.java:369)
	at ptolemy.actor.Manager.run(Manager.java:1263)
	at ptolemy.actor.Manager$PtolemyRunThread.run(Manager.java:1915)
java.lang.reflect.InvocationTargetException
	at sun.reflect.NativeConstructorAccessorImpl.newInstance0(Native Method)
	at sun.reflect.NativeConstructorAccessorImpl.newInstance(NativeConstructorAccessorImpl.java:62)
	at sun.reflect.DelegatingConstructorAccessorImpl.newInstance(DelegatingConstructorAccessorImpl.java:45)
	at java.lang.reflect.Constructor.newInstance(Constructor.java:423)
	at ptolemy.util.test.junit.AutoKnownFailedTests.RunModel(AutoKnownFailedTests.java:107)
	at sun.reflect.NativeMethodAccessorImpl.invoke0(Native Method)
	at sun.reflect.NativeMethodAccessorImpl.invoke(NativeMethodAccessorImpl.java:62)
	at sun.reflect.DelegatingMethodAccessorImpl.invoke(DelegatingMethodAccessorImpl.java:43)
	at java.lang.reflect.Method.invoke(Method.java:498)
	at org.junit.runners.model.FrameworkMethod$1.runReflectiveCall(FrameworkMethod.java:44)
	at org.junit.internal.runners.model.ReflectiveCallable.run(ReflectiveCallable.java:15)
	at org.junit.runners.model.FrameworkMethod.invokeExplosively(FrameworkMethod.java:41)
	at junitparams.internal.InvokeParameterisedMethod.evaluate(InvokeParameterisedMethod.java:102)
	at org.junit.internal.runners.statements.FailOnTimeout$1.run(FailOnTimeout.java:28)
Caused by: ptolemy.kernel.util.IllegalActionException: Test fails in iteration 1.
Value was: 1.0. Should have been: 2.0
  in .DirectFeedback.Test
	at ptolemy.actor.lib.Test.fire(Test.java:268)
	at ptolemy.domains.de.kernel.DEDirector._fire(DEDirector.java:1948)
	at ptolemy.domains.de.kernel.DEDirector.fire(DEDirector.java:502)
	at ptolemy.actor.CompositeActor.fire(CompositeActor.java:455)
	at ptolemy.actor.Manager.iterate(Manager.java:851)
	at ptolemy.actor.Manager.execute(Manager.java:369)
	at ptolemy.actor.Manager.run(Manager.java:1263)
	at ptolemy.actor.Manager$PtolemyRunThread.run(Manager.java:1915)
java.lang.RuntimeException: Execution failed
	at ptolemy.moml.MoMLSimpleApplication$UnloadThread.run(MoMLSimpleApplication.java:402)
Caused by: ptolemy.kernel.util.IllegalActionException: Found a zero delay loop containing .HierarchicalModel.A
  in .HierarchicalModel and .HierarchicalModel.A
	at ptolemy.actor.util.CausalityInterfaceForComposites._computeOutputPortDepth(CausalityInterfaceForComposites.java:759)
	at ptolemy.actor.util.CausalityInterfaceForComposites._computeInputDepth(CausalityInterfaceForComposites.java:696)
	at ptolemy.actor.util.CausalityInterfaceForComposites._computeOutputPortDepth(CausalityInterfaceForComposites.java:765)
	at ptolemy.actor.util.CausalityInterfaceForComposites._computeInputDepth(CausalityInterfaceForComposites.java:696)
	at ptolemy.actor.util.CausalityInterfaceForComposites._computeOutputPortDepth(CausalityInterfaceForComposites.java:765)
	at ptolemy.actor.util.CausalityInterfaceForComposites._computeInputDepth(CausalityInterfaceForComposites.java:696)
	at ptolemy.actor.util.CausalityInterfaceForComposites._computeActorDepth(CausalityInterfaceForComposites.java:532)
	at ptolemy.actor.util.CausalityInterfaceForComposites.checkForCycles(CausalityInterfaceForComposites.java:96)
	at ptolemy.domains.de.kernel.DEDirector.preinitialize(DEDirector.java:1337)
	at ptolemy.actor.CompositeActor.preinitialize(CompositeActor.java:1828)
	at ptolemy.actor.Manager.preinitializeAndResolveTypes(Manager.java:1040)
	at ptolemy.actor.Manager.initialize(Manager.java:710)
	at ptolemy.actor.Manager.execute(Manager.java:356)
	at ptolemy.actor.Manager.run(Manager.java:1263)
	at ptolemy.actor.Manager$PtolemyRunThread.run(Manager.java:1915)
java.lang.reflect.InvocationTargetException
	at sun.reflect.NativeConstructorAccessorImpl.newInstance0(Native Method)
	at sun.reflect.NativeConstructorAccessorImpl.newInstance(NativeConstructorAccessorImpl.java:62)
	at sun.reflect.DelegatingConstructorAccessorImpl.newInstance(DelegatingConstructorAccessorImpl.java:45)
	at java.lang.reflect.Constructor.newInstance(Constructor.java:423)
	at ptolemy.util.test.junit.AutoKnownFailedTests.RunModel(AutoKnownFailedTests.java:107)
	at sun.reflect.NativeMethodAccessorImpl.invoke0(Native Method)
	at sun.reflect.NativeMethodAccessorImpl.invoke(NativeMethodAccessorImpl.java:62)
	at sun.reflect.DelegatingMethodAccessorImpl.invoke(DelegatingMethodAccessorImpl.java:43)
	at java.lang.reflect.Method.invoke(Method.java:498)
	at org.junit.runners.model.FrameworkMethod$1.runReflectiveCall(FrameworkMethod.java:44)
	at org.junit.internal.runners.model.ReflectiveCallable.run(ReflectiveCallable.java:15)
	at org.junit.runners.model.FrameworkMethod.invokeExplosively(FrameworkMethod.java:41)
	at junitparams.internal.InvokeParameterisedMethod.evaluate(InvokeParameterisedMethod.java:102)
	at org.junit.internal.runners.statements.FailOnTimeout$1.run(FailOnTimeout.java:28)
Caused by: ptolemy.kernel.util.IllegalActionException: Found a zero delay loop containing .HierarchicalModel.A
  in .HierarchicalModel and .HierarchicalModel.A
	at ptolemy.actor.util.CausalityInterfaceForComposites._computeOutputPortDepth(CausalityInterfaceForComposites.java:759)
	at ptolemy.actor.util.CausalityInterfaceForComposites._computeInputDepth(CausalityInterfaceForComposites.java:696)
	at ptolemy.actor.util.CausalityInterfaceForComposites._computeOutputPortDepth(CausalityInterfaceForComposites.java:765)
	at ptolemy.actor.util.CausalityInterfaceForComposites._computeInputDepth(CausalityInterfaceForComposites.java:696)
	at ptolemy.actor.util.CausalityInterfaceForComposites._computeOutputPortDepth(CausalityInterfaceForComposites.java:765)
	at ptolemy.actor.util.CausalityInterfaceForComposites._computeInputDepth(CausalityInterfaceForComposites.java:696)
	at ptolemy.actor.util.CausalityInterfaceForComposites._computeActorDepth(CausalityInterfaceForComposites.java:532)
	at ptolemy.actor.util.CausalityInterfaceForComposites.checkForCycles(CausalityInterfaceForComposites.java:96)
	at ptolemy.domains.de.kernel.DEDirector.preinitialize(DEDirector.java:1337)
	at ptolemy.actor.CompositeActor.preinitialize(CompositeActor.java:1828)
	at ptolemy.actor.Manager.preinitializeAndResolveTypes(Manager.java:1040)
	at ptolemy.actor.Manager.initialize(Manager.java:710)
	at ptolemy.actor.Manager.execute(Manager.java:356)
	at ptolemy.actor.Manager.run(Manager.java:1263)
	at ptolemy.actor.Manager$PtolemyRunThread.run(Manager.java:1915)
java.lang.RuntimeException: Execution failed
	at ptolemy.moml.MoMLSimpleApplication$UnloadThread.run(MoMLSimpleApplication.java:402)
Caused by: ptolemy.kernel.util.IllegalActionException: Found a zero delay loop containing .dependencyLoop.original
  in .dependencyLoop and .dependencyLoop.original
	at ptolemy.actor.util.CausalityInterfaceForComposites._computeOutputPortDepth(CausalityInterfaceForComposites.java:759)
	at ptolemy.actor.util.CausalityInterfaceForComposites._computeInputDepth(CausalityInterfaceForComposites.java:696)
	at ptolemy.actor.util.CausalityInterfaceForComposites._computeOutputPortDepth(CausalityInterfaceForComposites.java:765)
	at ptolemy.actor.util.CausalityInterfaceForComposites._computeInputDepth(CausalityInterfaceForComposites.java:696)
	at ptolemy.actor.util.CausalityInterfaceForComposites._computeOutputPortDepth(CausalityInterfaceForComposites.java:765)
	at ptolemy.actor.util.CausalityInterfaceForComposites._computeInputDepth(CausalityInterfaceForComposites.java:696)
	at ptolemy.actor.util.CausalityInterfaceForComposites._computeActorDepth(CausalityInterfaceForComposites.java:532)
	at ptolemy.actor.util.CausalityInterfaceForComposites.checkForCycles(CausalityInterfaceForComposites.java:96)
	at ptolemy.domains.de.kernel.DEDirector.preinitialize(DEDirector.java:1337)
	at ptolemy.actor.CompositeActor.preinitialize(CompositeActor.java:1828)
	at ptolemy.actor.Manager.preinitializeAndResolveTypes(Manager.java:1040)
	at ptolemy.actor.Manager.initialize(Manager.java:710)
	at ptolemy.actor.Manager.execute(Manager.java:356)
	at ptolemy.actor.Manager.run(Manager.java:1263)
	at ptolemy.actor.Manager$PtolemyRunThread.run(Manager.java:1915)
java.lang.reflect.InvocationTargetException
	at sun.reflect.NativeConstructorAccessorImpl.newInstance0(Native Method)
	at sun.reflect.NativeConstructorAccessorImpl.newInstance(NativeConstructorAccessorImpl.java:62)
	at sun.reflect.DelegatingConstructorAccessorImpl.newInstance(DelegatingConstructorAccessorImpl.java:45)
	at java.lang.reflect.Constructor.newInstance(Constructor.java:423)
	at ptolemy.util.test.junit.AutoKnownFailedTests.RunModel(AutoKnownFailedTests.java:107)
	at sun.reflect.NativeMethodAccessorImpl.invoke0(Native Method)
	at sun.reflect.NativeMethodAccessorImpl.invoke(NativeMethodAccessorImpl.java:62)
	at sun.reflect.DelegatingMethodAccessorImpl.invoke(DelegatingMethodAccessorImpl.java:43)
	at java.lang.reflect.Method.invoke(Method.java:498)
	at org.junit.runners.model.FrameworkMethod$1.runReflectiveCall(FrameworkMethod.java:44)
	at org.junit.internal.runners.model.ReflectiveCallable.run(ReflectiveCallable.java:15)
	at org.junit.runners.model.FrameworkMethod.invokeExplosively(FrameworkMethod.java:41)
	at junitparams.internal.InvokeParameterisedMethod.evaluate(InvokeParameterisedMethod.java:102)
	at org.junit.internal.runners.statements.FailOnTimeout$1.run(FailOnTimeout.java:28)
Caused by: ptolemy.kernel.util.IllegalActionException: Found a zero delay loop containing .dependencyLoop.original
  in .dependencyLoop and .dependencyLoop.original
	at ptolemy.actor.util.CausalityInterfaceForComposites._computeOutputPortDepth(CausalityInterfaceForComposites.java:759)
	at ptolemy.actor.util.CausalityInterfaceForComposites._computeInputDepth(CausalityInterfaceForComposites.java:696)
	at ptolemy.actor.util.CausalityInterfaceForComposites._computeOutputPortDepth(CausalityInterfaceForComposites.java:765)
	at ptolemy.actor.util.CausalityInterfaceForComposites._computeInputDepth(CausalityInterfaceForComposites.java:696)
	at ptolemy.actor.util.CausalityInterfaceForComposites._computeOutputPortDepth(CausalityInterfaceForComposites.java:765)
	at ptolemy.actor.util.CausalityInterfaceForComposites._computeInputDepth(CausalityInterfaceForComposites.java:696)
	at ptolemy.actor.util.CausalityInterfaceForComposites._computeActorDepth(CausalityInterfaceForComposites.java:532)
	at ptolemy.actor.util.CausalityInterfaceForComposites.checkForCycles(CausalityInterfaceForComposites.java:96)
	at ptolemy.domains.de.kernel.DEDirector.preinitialize(DEDirector.java:1337)
	at ptolemy.actor.CompositeActor.preinitialize(CompositeActor.java:1828)
	at ptolemy.actor.Manager.preinitializeAndResolveTypes(Manager.java:1040)
	at ptolemy.actor.Manager.initialize(Manager.java:710)
	at ptolemy.actor.Manager.execute(Manager.java:356)
	at ptolemy.actor.Manager.run(Manager.java:1263)
	at ptolemy.actor.Manager$PtolemyRunThread.run(Manager.java:1915)
java.lang.RuntimeException: Execution failed
	at ptolemy.moml.MoMLSimpleApplication$UnloadThread.run(MoMLSimpleApplication.java:402)
Caused by: ptolemy.kernel.util.IllegalActionException: Found a zero delay loop containing .dependencyLoop2.original
  in .dependencyLoop2 and .dependencyLoop2.original
	at ptolemy.actor.util.CausalityInterfaceForComposites._computeOutputPortDepth(CausalityInterfaceForComposites.java:759)
	at ptolemy.actor.util.CausalityInterfaceForComposites._computeInputDepth(CausalityInterfaceForComposites.java:696)
	at ptolemy.actor.util.CausalityInterfaceForComposites._computeOutputPortDepth(CausalityInterfaceForComposites.java:765)
	at ptolemy.actor.util.CausalityInterfaceForComposites._computeInputDepth(CausalityInterfaceForComposites.java:696)
	at ptolemy.actor.util.CausalityInterfaceForComposites._computeOutputPortDepth(CausalityInterfaceForComposites.java:765)
	at ptolemy.actor.util.CausalityInterfaceForComposites._computeInputDepth(CausalityInterfaceForComposites.java:696)
	at ptolemy.actor.util.CausalityInterfaceForComposites._computeActorDepth(CausalityInterfaceForComposites.java:532)
	at ptolemy.actor.util.CausalityInterfaceForComposites.checkForCycles(CausalityInterfaceForComposites.java:96)
	at ptolemy.domains.de.kernel.DEDirector.preinitialize(DEDirector.java:1337)
	at ptolemy.actor.CompositeActor.preinitialize(CompositeActor.java:1828)
	at ptolemy.actor.Manager.preinitializeAndResolveTypes(Manager.java:1040)
	at ptolemy.actor.Manager.initialize(Manager.java:710)
	at ptolemy.actor.Manager.execute(Manager.java:356)
	at ptolemy.actor.Manager.run(Manager.java:1263)
	at ptolemy.actor.Manager$PtolemyRunThread.run(Manager.java:1915)
java.lang.reflect.InvocationTargetException
	at sun.reflect.NativeConstructorAccessorImpl.newInstance0(Native Method)
	at sun.reflect.NativeConstructorAccessorImpl.newInstance(NativeConstructorAccessorImpl.java:62)
	at sun.reflect.DelegatingConstructorAccessorImpl.newInstance(DelegatingConstructorAccessorImpl.java:45)
	at java.lang.reflect.Constructor.newInstance(Constructor.java:423)
	at ptolemy.util.test.junit.AutoKnownFailedTests.RunModel(AutoKnownFailedTests.java:107)
	at sun.reflect.NativeMethodAccessorImpl.invoke0(Native Method)
	at sun.reflect.NativeMethodAccessorImpl.invoke(NativeMethodAccessorImpl.java:62)
	at sun.reflect.DelegatingMethodAccessorImpl.invoke(DelegatingMethodAccessorImpl.java:43)
	at java.lang.reflect.Method.invoke(Method.java:498)
	at org.junit.runners.model.FrameworkMethod$1.runReflectiveCall(FrameworkMethod.java:44)
	at org.junit.internal.runners.model.ReflectiveCallable.run(ReflectiveCallable.java:15)
	at org.junit.runners.model.FrameworkMethod.invokeExplosively(FrameworkMethod.java:41)
	at junitparams.internal.InvokeParameterisedMethod.evaluate(InvokeParameterisedMethod.java:102)
	at org.junit.internal.runners.statements.FailOnTimeout$1.run(FailOnTimeout.java:28)
Caused by: ptolemy.kernel.util.IllegalActionException: Found a zero delay loop containing .dependencyLoop2.original
  in .dependencyLoop2 and .dependencyLoop2.original
	at ptolemy.actor.util.CausalityInterfaceForComposites._computeOutputPortDepth(CausalityInterfaceForComposites.java:759)
	at ptolemy.actor.util.CausalityInterfaceForComposites._computeInputDepth(CausalityInterfaceForComposites.java:696)
	at ptolemy.actor.util.CausalityInterfaceForComposites._computeOutputPortDepth(CausalityInterfaceForComposites.java:765)
	at ptolemy.actor.util.CausalityInterfaceForComposites._computeInputDepth(CausalityInterfaceForComposites.java:696)
	at ptolemy.actor.util.CausalityInterfaceForComposites._computeOutputPortDepth(CausalityInterfaceForComposites.java:765)
	at ptolemy.actor.util.CausalityInterfaceForComposites._computeInputDepth(CausalityInterfaceForComposites.java:696)
	at ptolemy.actor.util.CausalityInterfaceForComposites._computeActorDepth(CausalityInterfaceForComposites.java:532)
	at ptolemy.actor.util.CausalityInterfaceForComposites.checkForCycles(CausalityInterfaceForComposites.java:96)
	at ptolemy.domains.de.kernel.DEDirector.preinitialize(DEDirector.java:1337)
	at ptolemy.actor.CompositeActor.preinitialize(CompositeActor.java:1828)
	at ptolemy.actor.Manager.preinitializeAndResolveTypes(Manager.java:1040)
	at ptolemy.actor.Manager.initialize(Manager.java:710)
	at ptolemy.actor.Manager.execute(Manager.java:356)
	at ptolemy.actor.Manager.run(Manager.java:1263)
	at ptolemy.actor.Manager$PtolemyRunThread.run(Manager.java:1915)
]]></system-err>
</testsuite>
