<?xml version="1.0" encoding="UTF-8" ?>
<testsuite errors="0" failures="0" hostname="travis-job-173e90ea-9370-4536-91c7-eb39fdc94fe5" name="ptolemy.domains.de.test.junit.JUnitTclTest" skipped="0" tests="101" time="125.755" timestamp="2018-04-28T17:55:33">
  <properties>
[...]
</properties>
  <testcase classname="ptolemy.util.test.junit.TclTests" name="[0] /home/travis/build/icyphy/ptII/ptolemy/domains/de/test/DependencyLoop.tcl (RunTclFile)" time="0.694" />
  <testcase classname="ptolemy.util.test.junit.TclTests" name="[1] /home/travis/build/icyphy/ptII/ptolemy/domains/de/test/RunDETestsAsQSS.tcl (RunTclFile)" time="87.003" />
  <testcase classname="ptolemy.util.test.junit.AutoKnownFailedTests" name="[0] /home/travis/build/icyphy/ptII/ptolemy/domains/de/test/auto/knownFailedTests/DESDFClockTest.xml (RunModel)" time="2.041" />
  <testcase classname="ptolemy.util.test.junit.AutoKnownFailedTests" name="[1] /home/travis/build/icyphy/ptII/ptolemy/domains/de/test/auto/knownFailedTests/DirectFeedback.xml (RunModel)" time="0.009" />
  <testcase classname="ptolemy.util.test.junit.AutoKnownFailedTests" name="[2] /home/travis/build/icyphy/ptII/ptolemy/domains/de/test/auto/knownFailedTests/FSMSource.xml (RunModel)" time="0.016" />
  <testcase classname="ptolemy.util.test.junit.AutoKnownFailedTests" name="[3] /home/travis/build/icyphy/ptII/ptolemy/domains/de/test/auto/knownFailedTests/HierarchicalModel.xml (RunModel)" time="0.025" />
  <testcase classname="ptolemy.util.test.junit.AutoKnownFailedTests" name="[4] /home/travis/build/icyphy/ptII/ptolemy/domains/de/test/auto/knownFailedTests/dependencyLoop.xml (RunModel)" time="0.024" />
  <testcase classname="ptolemy.util.test.junit.AutoKnownFailedTests" name="[5] /home/travis/build/icyphy/ptII/ptolemy/domains/de/test/auto/knownFailedTests/dependencyLoop2.xml (RunModel)" time="0.023" />
  <testcase classname="ptolemy.util.test.junit.AutoNameArchTests" name="[0] ThereAreNoAutoTests (RunModel)" time="0.001" />
  <testcase classname="ptolemy.util.test.junit.AutoTests" name="[0] /home/travis/build/icyphy/ptII/ptolemy/domains/de/test/auto/ActorDepthCalculation_actorWithoutPorts.xml (RunModel)" time="0.012" />
  <testcase classname="ptolemy.util.test.junit.AutoTests" name="[1] /home/travis/build/icyphy/ptII/ptolemy/domains/de/test/auto/AssemblyLine.xml (RunModel)" time="0.017" />
  <testcase classname="ptolemy.util.test.junit.AutoTests" name="[2] /home/travis/build/icyphy/ptII/ptolemy/domains/de/test/auto/CQBug1.xml (RunModel)" time="0.008" />
  <testcase classname="ptolemy.util.test.junit.AutoTests" name="[3] /home/travis/build/icyphy/ptII/ptolemy/domains/de/test/auto/CancelFireAt.xml (RunModel)" time="0.009" />
  <testcase classname="ptolemy.util.test.junit.AutoTests" name="[4] /home/travis/build/icyphy/ptII/ptolemy/domains/de/test/auto/CausalityAndComposabilityAnalysis.xml (RunModel)" time="0.011" />
  <testcase classname="ptolemy.util.test.junit.AutoTests" name="[5] /home/travis/build/icyphy/ptII/ptolemy/domains/de/test/auto/CausalityInterface1.xml (RunModel)" time="0.01" />
  <testcase classname="ptolemy.util.test.junit.AutoTests" name="[6] /home/travis/build/icyphy/ptII/ptolemy/domains/de/test/auto/CausalityInterface15.xml (RunModel)" time="0.009" />
  <testcase classname="ptolemy.util.test.junit.AutoTests" name="[7] /home/travis/build/icyphy/ptII/ptolemy/domains/de/test/auto/CausalityInterface2.xml (RunModel)" time="0.007" />
  <testcase classname="ptolemy.util.test.junit.AutoTests" name="[8] /home/travis/build/icyphy/ptII/ptolemy/domains/de/test/auto/CausalityInterface3.xml (RunModel)" time="0.013" />
  <testcase classname="ptolemy.util.test.junit.AutoTests" name="[9] /home/travis/build/icyphy/ptII/ptolemy/domains/de/test/auto/ClockDrift.xml (RunModel)" time="0.032" />
  <testcase classname="ptolemy.util.test.junit.AutoTests" name="[10] /home/travis/build/icyphy/ptII/ptolemy/domains/de/test/auto/ClockDriftAndValueChange.xml (RunModel)" time="0.023" />
  <testcase classname="ptolemy.util.test.junit.AutoTests" name="[11] /home/travis/build/icyphy/ptII/ptolemy/domains/de/test/auto/ClockDriftChange.xml (RunModel)" time="0.022" />
  <testcase classname="ptolemy.util.test.junit.AutoTests" name="[12] /home/travis/build/icyphy/ptII/ptolemy/domains/de/test/auto/ComposableCausalityAnalysis.xml (RunModel)" time="0.009" />
  <testcase classname="ptolemy.util.test.junit.AutoTests" name="[13] /home/travis/build/icyphy/ptII/ptolemy/domains/de/test/auto/DEFixedPointLimitation.xml (RunModel)" time="0.007" />
  <testcase classname="ptolemy.util.test.junit.AutoTests" name="[14] /home/travis/build/icyphy/ptII/ptolemy/domains/de/test/auto/DEScheduleTest.xml (RunModel)" time="0.023" />
  <testcase classname="ptolemy.util.test.junit.AutoTests" name="[15] /home/travis/build/icyphy/ptII/ptolemy/domains/de/test/auto/DEinDEwithStartTimes.xml (RunModel)" time="0.011" />
  <testcase classname="ptolemy.util.test.junit.AutoTests" name="[16] /home/travis/build/icyphy/ptII/ptolemy/domains/de/test/auto/DEinDEwithStartTimes2.xml (RunModel)" time="0.011" />
  <testcase classname="ptolemy.util.test.junit.AutoTests" name="[17] /home/travis/build/icyphy/ptII/ptolemy/domains/de/test/auto/DateDemo.xml (RunModel)" time="0.021" />
  <testcase classname="ptolemy.util.test.junit.AutoTests" name="[18] /home/travis/build/icyphy/ptII/ptolemy/domains/de/test/auto/DateToEvent.xml (RunModel)" time="2.029" />
  <testcase classname="ptolemy.util.test.junit.AutoTests" name="[19] /home/travis/build/icyphy/ptII/ptolemy/domains/de/test/auto/DepthTest1.xml (RunModel)" time="0.005" />
  <testcase classname="ptolemy.util.test.junit.AutoTests" name="[20] /home/travis/build/icyphy/ptII/ptolemy/domains/de/test/auto/DepthTest2.xml (RunModel)" time="0.013" />
  <testcase classname="ptolemy.util.test.junit.AutoTests" name="[21] /home/travis/build/icyphy/ptII/ptolemy/domains/de/test/auto/DepthTest3.xml (RunModel)" time="0.005" />
  <testcase classname="ptolemy.util.test.junit.AutoTests" name="[22] /home/travis/build/icyphy/ptII/ptolemy/domains/de/test/auto/DepthTest4.xml (RunModel)" time="0.007" />
  <testcase classname="ptolemy.util.test.junit.AutoTests" name="[23] /home/travis/build/icyphy/ptII/ptolemy/domains/de/test/auto/DepthTest5.xml (RunModel)" time="0.009" />
  <testcase classname="ptolemy.util.test.junit.AutoTests" name="[24] /home/travis/build/icyphy/ptII/ptolemy/domains/de/test/auto/DepthTest6.xml (RunModel)" time="0.009" />
  <testcase classname="ptolemy.util.test.junit.AutoTests" name="[25] /home/travis/build/icyphy/ptII/ptolemy/domains/de/test/auto/DepthTest7.xml (RunModel)" time="0.008" />
  <testcase classname="ptolemy.util.test.junit.AutoTests" name="[26] /home/travis/build/icyphy/ptII/ptolemy/domains/de/test/auto/EventToDate.xml (RunModel)" time="3.022" />
  <testcase classname="ptolemy.util.test.junit.AutoTests" name="[27] /home/travis/build/icyphy/ptII/ptolemy/domains/de/test/auto/FSM1.xml (RunModel)" time="0.023" />
  <testcase classname="ptolemy.util.test.junit.AutoTests" name="[28] /home/travis/build/icyphy/ptII/ptolemy/domains/de/test/auto/FSM7.xml (RunModel)" time="0.021" />
  <testcase classname="ptolemy.util.test.junit.AutoTests" name="[29] /home/travis/build/icyphy/ptII/ptolemy/domains/de/test/auto/Inspection.xml (RunModel)" time="0.025" />
  <testcase classname="ptolemy.util.test.junit.AutoTests" name="[30] /home/travis/build/icyphy/ptII/ptolemy/domains/de/test/auto/Iteration.xml (RunModel)" time="0.012" />
  <testcase classname="ptolemy.util.test.junit.AutoTests" name="[31] /home/travis/build/icyphy/ptII/ptolemy/domains/de/test/auto/LineFault.xml (RunModel)" time="0.359" />
  <testcase classname="ptolemy.util.test.junit.AutoTests" name="[32] /home/travis/build/icyphy/ptII/ptolemy/domains/de/test/auto/MergeModel1Add.xml (RunModel)" time="0.029" />
  <testcase classname="ptolemy.util.test.junit.AutoTests" name="[33] /home/travis/build/icyphy/ptII/ptolemy/domains/de/test/auto/MergeModel2Add.xml (RunModel)" time="0.025" />
  <testcase classname="ptolemy.util.test.junit.AutoTests" name="[34] /home/travis/build/icyphy/ptII/ptolemy/domains/de/test/auto/MergeModel3Add.xml (RunModel)" time="0.031" />
  <testcase classname="ptolemy.util.test.junit.AutoTests" name="[35] /home/travis/build/icyphy/ptII/ptolemy/domains/de/test/auto/MergeWithoutDiscard.xml (RunModel)" time="0.008" />
  <testcase classname="ptolemy.util.test.junit.AutoTests" name="[36] /home/travis/build/icyphy/ptII/ptolemy/domains/de/test/auto/Modal1.xml (RunModel)" time="0.022" />
  <testcase classname="ptolemy.util.test.junit.AutoTests" name="[37] /home/travis/build/icyphy/ptII/ptolemy/domains/de/test/auto/Modal2.xml (RunModel)" time="0.023" />
  <testcase classname="ptolemy.util.test.junit.AutoTests" name="[38] /home/travis/build/icyphy/ptII/ptolemy/domains/de/test/auto/Modal3.xml (RunModel)" time="0.026" />
  <testcase classname="ptolemy.util.test.junit.AutoTests" name="[39] /home/travis/build/icyphy/ptII/ptolemy/domains/de/test/auto/Modal4.xml (RunModel)" time="0.027" />
  <testcase classname="ptolemy.util.test.junit.AutoTests" name="[40] /home/travis/build/icyphy/ptII/ptolemy/domains/de/test/auto/Modal5.xml (RunModel)" time="0.027" />
  <testcase classname="ptolemy.util.test.junit.AutoTests" name="[41] /home/travis/build/icyphy/ptII/ptolemy/domains/de/test/auto/Modal6.xml (RunModel)" time="0.02" />
  <testcase classname="ptolemy.util.test.junit.AutoTests" name="[42] /home/travis/build/icyphy/ptII/ptolemy/domains/de/test/auto/Modal7.xml (RunModel)" time="0.02" />
  <testcase classname="ptolemy.util.test.junit.AutoTests" name="[43] /home/travis/build/icyphy/ptII/ptolemy/domains/de/test/auto/ModalModel.xml (RunModel)" time="0.118" />
  <testcase classname="ptolemy.util.test.junit.AutoTests" name="[44] /home/travis/build/icyphy/ptII/ptolemy/domains/de/test/auto/ModalSource.xml (RunModel)" time="0.012" />
  <testcase classname="ptolemy.util.test.junit.AutoTests" name="[45] /home/travis/build/icyphy/ptII/ptolemy/domains/de/test/auto/NonInterruptibleTimerZeroDelay.xml (RunModel)" time="0.006" />
  <testcase classname="ptolemy.util.test.junit.AutoTests" name="[46] /home/travis/build/icyphy/ptII/ptolemy/domains/de/test/auto/OpenQueueingNetwork.xml (RunModel)" time="1.692" />
  <testcase classname="ptolemy.util.test.junit.AutoTests" name="[47] /home/travis/build/icyphy/ptII/ptolemy/domains/de/test/auto/OpenQueuingNetwork.xml (RunModel)" time="0.251" />
  <testcase classname="ptolemy.util.test.junit.AutoTests" name="[48] /home/travis/build/icyphy/ptII/ptolemy/domains/de/test/auto/PeriodicSampler.xml (RunModel)" time="0.008" />
  <testcase classname="ptolemy.util.test.junit.AutoTests" name="[49] /home/travis/build/icyphy/ptII/ptolemy/domains/de/test/auto/PersistentIO.xml (RunModel)" time="0.016" />
  <testcase classname="ptolemy.util.test.junit.AutoTests" name="[50] /home/travis/build/icyphy/ptII/ptolemy/domains/de/test/auto/PortParameterResetOnInitialize.xml (RunModel)" time="0.008" />
  <testcase classname="ptolemy.util.test.junit.AutoTests" name="[51] /home/travis/build/icyphy/ptII/ptolemy/domains/de/test/auto/PortParameterUpdates.xml (RunModel)" time="0.019" />
  <testcase classname="ptolemy.util.test.junit.AutoTests" name="[52] /home/travis/build/icyphy/ptII/ptolemy/domains/de/test/auto/QueueAndServer.xml (RunModel)" time="0.018" />
  <testcase classname="ptolemy.util.test.junit.AutoTests" name="[53] /home/travis/build/icyphy/ptII/ptolemy/domains/de/test/auto/Records.xml (RunModel)" time="0.017" />
  <testcase classname="ptolemy.util.test.junit.AutoTests" name="[54] /home/travis/build/icyphy/ptII/ptolemy/domains/de/test/auto/ResetTransitionWithStartTime1.xml (RunModel)" time="0.017" />
  <testcase classname="ptolemy.util.test.junit.AutoTests" name="[55] /home/travis/build/icyphy/ptII/ptolemy/domains/de/test/auto/ResetTransitionWithStartTime2.xml (RunModel)" time="0.015" />
  <testcase classname="ptolemy.util.test.junit.AutoTests" name="[56] /home/travis/build/icyphy/ptII/ptolemy/domains/de/test/auto/ResetTransitionWithStartTime3.xml (RunModel)" time="0.016" />
  <testcase classname="ptolemy.util.test.junit.AutoTests" name="[57] /home/travis/build/icyphy/ptII/ptolemy/domains/de/test/auto/ResetTransitionWithStartTime4.xml (RunModel)" time="0.015" />
  <testcase classname="ptolemy.util.test.junit.AutoTests" name="[58] /home/travis/build/icyphy/ptII/ptolemy/domains/de/test/auto/ResettableTimer1.xml (RunModel)" time="0.009" />
  <testcase classname="ptolemy.util.test.junit.AutoTests" name="[59] /home/travis/build/icyphy/ptII/ptolemy/domains/de/test/auto/ResettableTimer2.xml (RunModel)" time="0.009" />
  <testcase classname="ptolemy.util.test.junit.AutoTests" name="[60] /home/travis/build/icyphy/ptII/ptolemy/domains/de/test/auto/ResettableTimer3.xml (RunModel)" time="0.008" />
  <testcase classname="ptolemy.util.test.junit.AutoTests" name="[61] /home/travis/build/icyphy/ptII/ptolemy/domains/de/test/auto/ResettableTimer4.xml (RunModel)" time="0.008" />
  <testcase classname="ptolemy.util.test.junit.AutoTests" name="[62] /home/travis/build/icyphy/ptII/ptolemy/domains/de/test/auto/ResettableTimer5.xml (RunModel)" time="0.009" />
  <testcase classname="ptolemy.util.test.junit.AutoTests" name="[63] /home/travis/build/icyphy/ptII/ptolemy/domains/de/test/auto/ResettableTimer6.xml (RunModel)" time="0.009" />
  <testcase classname="ptolemy.util.test.junit.AutoTests" name="[64] /home/travis/build/icyphy/ptII/ptolemy/domains/de/test/auto/ServerZeroDelay.xml (RunModel)" time="0.013" />
  <testcase classname="ptolemy.util.test.junit.AutoTests" name="[65] /home/travis/build/icyphy/ptII/ptolemy/domains/de/test/auto/SmartSender.xml (RunModel)" time="3.007" />
  <testcase classname="ptolemy.util.test.junit.AutoTests" name="[66] /home/travis/build/icyphy/ptII/ptolemy/domains/de/test/auto/ThreadedComposite.xml (RunModel)" time="0.205" />
  <testcase classname="ptolemy.util.test.junit.AutoTests" name="[67] /home/travis/build/icyphy/ptII/ptolemy/domains/de/test/auto/Time.xml (RunModel)" time="0.433" />
  <testcase classname="ptolemy.util.test.junit.AutoTests" name="[68] /home/travis/build/icyphy/ptII/ptolemy/domains/de/test/auto/TimeDelayZeroDelay.xml (RunModel)" time="0.011" />
  <testcase classname="ptolemy.util.test.junit.AutoTests" name="[69] /home/travis/build/icyphy/ptII/ptolemy/domains/de/test/auto/TimerZeroDelay.xml (RunModel)" time="0.009" />
  <testcase classname="ptolemy.util.test.junit.AutoTests" name="[70] /home/travis/build/icyphy/ptII/ptolemy/domains/de/test/auto/TimingParadox.xml (RunModel)" time="0.345" />
  <testcase classname="ptolemy.util.test.junit.AutoTests" name="[71] /home/travis/build/icyphy/ptII/ptolemy/domains/de/test/auto/TransferInputs.xml (RunModel)" time="0.013" />
  <testcase classname="ptolemy.util.test.junit.AutoTests" name="[72] /home/travis/build/icyphy/ptII/ptolemy/domains/de/test/auto/TransferOutputs2.xml (RunModel)" time="0.014" />
  <testcase classname="ptolemy.util.test.junit.AutoTests" name="[73] /home/travis/build/icyphy/ptII/ptolemy/domains/de/test/auto/Trilateration.xml (RunModel)" time="11.03" />
  <testcase classname="ptolemy.util.test.junit.AutoTests" name="[74] /home/travis/build/icyphy/ptII/ptolemy/domains/de/test/auto/TwoSigmaDelta.xml (RunModel)" time="2.023" />
  <testcase classname="ptolemy.util.test.junit.AutoTests" name="[75] /home/travis/build/icyphy/ptII/ptolemy/domains/de/test/auto/VariableDelay.xml (RunModel)" time="0.009" />
  <testcase classname="ptolemy.util.test.junit.AutoTests" name="[76] /home/travis/build/icyphy/ptII/ptolemy/domains/de/test/auto/VariableDelay2.xml (RunModel)" time="0.008" />
  <testcase classname="ptolemy.util.test.junit.AutoTests" name="[77] /home/travis/build/icyphy/ptII/ptolemy/domains/de/test/auto/VariableDelayZeroDelay.xml (RunModel)" time="0.011" />
  <testcase classname="ptolemy.util.test.junit.AutoTests" name="[78] /home/travis/build/icyphy/ptII/ptolemy/domains/de/test/auto/VariableDelayZeroDelay2.xml (RunModel)" time="0.008" />
  <testcase classname="ptolemy.util.test.junit.AutoTests" name="[79] /home/travis/build/icyphy/ptII/ptolemy/domains/de/test/auto/deInCt.xml (RunModel)" time="0.022" />
  <testcase classname="ptolemy.util.test.junit.AutoTests" name="[80] /home/travis/build/icyphy/ptII/ptolemy/domains/de/test/auto/deInCt2.xml (RunModel)" time="0.015" />
  <testcase classname="ptolemy.util.test.junit.AutoTests" name="[81] /home/travis/build/icyphy/ptII/ptolemy/domains/de/test/auto/dynamicCausalityInterface1.xml (RunModel)" time="0.018" />
  <testcase classname="ptolemy.util.test.junit.AutoTests" name="[82] /home/travis/build/icyphy/ptII/ptolemy/domains/de/test/auto/fsm_de_test.xml (RunModel)" time="0.029" />
  <testcase classname="ptolemy.util.test.junit.AutoTests" name="[83] /home/travis/build/icyphy/ptII/ptolemy/domains/de/test/auto/functionDependencyReconstruction.xml (RunModel)" time="0.028" />
  <testcase classname="ptolemy.util.test.junit.AutoTests" name="[84] /home/travis/build/icyphy/ptII/ptolemy/domains/de/test/auto/multirate.xml (RunModel)" time="0.016" />
  <testcase classname="ptolemy.util.test.junit.AutoTests" name="[85] /home/travis/build/icyphy/ptII/ptolemy/domains/de/test/auto/multirate2.xml (RunModel)" time="0.013" />
  <testcase classname="ptolemy.util.test.junit.AutoTests" name="[86] /home/travis/build/icyphy/ptII/ptolemy/domains/de/test/auto/realtime.xml (RunModel)" time="10.01" />
  <testcase classname="ptolemy.util.test.junit.AutoTests" name="[87] /home/travis/build/icyphy/ptII/ptolemy/domains/de/test/auto/relationGroup.xml (RunModel)" time="0.009" />
  <testcase classname="ptolemy.util.test.junit.AutoTests" name="[88] /home/travis/build/icyphy/ptII/ptolemy/domains/de/test/auto/relationGroup2.xml (RunModel)" time="0.006" />
  <testcase classname="ptolemy.util.test.junit.AutoTests" name="[89] /home/travis/build/icyphy/ptII/ptolemy/domains/de/test/auto/sortWithOpaquePorts.xml (RunModel)" time="0.014" />
  <testcase classname="ptolemy.util.test.junit.AutoTests" name="[90] /home/travis/build/icyphy/ptII/ptolemy/domains/de/test/auto/transferInputsandOutputs.xml (RunModel)" time="0.013" />
  <testcase classname="ptolemy.util.test.junit.AutoTests" name="[91] /home/travis/build/icyphy/ptII/ptolemy/domains/de/test/auto/triggerType.xml (RunModel)" time="0.008" />
  <system-out><![CDATA[/home/travis/build/icyphy/ptII/ptolemy/domains/de/test/DependencyLoop.tcl
testDefs.tcl: setting time out to 9000 seconds at Sat Apr 28 17:55:33 UTC 2018
14 ms. Memory: 116224K Free: 95073K (82%)
13 ms. Memory: 146944K Free: 137818K (94%)
/home/travis/build/icyphy/ptII/ptolemy/domains/de/test/RunDETestsAsQSS.tcl
Run the DE tests using ptolemy.domains.qss.test.QSSDirectorTest, which extends QSSDirector and prints a message in the constructors.
------------------ testing $PTII/ptolemy/domains/de/test/auto/knownFailedTests/dependencyLoop.xml (Known Failure) 
7 ms. Memory: 146944K Free: 133543K (91%)


==== $PTIIhome/travis/build/icyphy/ptII/ptolemy/domains/de/test/../../../../: Auto Automatic test in file $PTII/ptolemy/domains/de/test/auto/knownFailedTests/dependencyLoop.xml
==== Contents of test case:

	    # FIXME: we should use $relativeFilename here, but it
	    # might have backslashes under Windows, which causes no end
	    # of trouble.
	    createAndExecute $file
	    list {}
	
.... Test generated KNOWN error:
    while executing
ptolemy.kernel.util.IllegalActionException: Found a zero delay loop containing .dependencyLoop.original
  in .dependencyLoop and .dependencyLoop.original
	at ptolemy.actor.util.CausalityInterfaceForComposites._computeOutputPortDepth(CausalityInterfaceForComposites.java:759)
	at ptolemy.actor.util.CausalityInterfaceForComposites._computeInputDepth(CausalityInterfaceForComposites.java:696)
	at ptolemy.actor.util.CausalityInterfaceForComposites._computeOutputPortDepth(CausalityInterfaceForComposites.java:765)
	at ptolemy.actor.util.CausalityInterfaceForComposites._computeInputDepth(CausalityInterfaceForComposites.java:696)
	at ptolemy.actor.util.CausalityInterfaceForComposites._computeOutputPortDepth(CausalityInterfaceForComposites.java:765)
	at ptolemy.actor.util.CausalityInterfaceForComposites._computeInputDepth(CausalityInterfaceForComposites.java:696)
	at ptolemy.actor.util.CausalityInterfaceForComposites._computeActorDepth(CausalityInterfaceForComposites.java:532)
	at ptolemy.actor.util.CausalityInterfaceForComposites.checkForCycles(CausalityInterfaceForComposites.java:96)
	at ptolemy.domains.de.kernel.DEDirector.preinitialize(DEDirector.java:1337)
	at ptolemy.actor.CompositeActor.preinitialize(CompositeActor.java:1828)
	at ptolemy.actor.Manager.preinitializeAndResolveTypes(Manager.java:1040)
	at ptolemy.actor.Manager.initialize(Manager.java:710)
	at ptolemy.actor.Manager.execute(Manager.java:356)
	at ptolemy.actor.Manager.run(Manager.java:1263)
	at ptolemy.actor.Manager$PtolemyRunThread.run(Manager.java:1915)

    while executing
ptolemy.kernel.util.IllegalActionException: Found a zero delay loop containing .dependencyLoop.original
  in .dependencyLoop and .dependencyLoop.original
    while executing
"java::new ptolemy.moml.MoMLSimpleApplication $file
"
    (procedure "createAndExecute" line 2)
    invoked from within
"createAndExecute $file"
    ("uplevel" body line 5)
    invoked from within
"uplevel $contents_of_test"
------------------ testing $PTII/ptolemy/domains/de/test/auto/knownFailedTests/DESDFClockTest.xml (Known Failure) 
2061 ms. Memory: 146944K Free: 117748K (80%)


==== $PTIIhome/travis/build/icyphy/ptII/ptolemy/domains/de/test/../../../../: Auto Automatic test in file $PTII/ptolemy/domains/de/test/auto/knownFailedTests/DESDFClockTest.xml
==== Contents of test case:

	    # FIXME: we should use $relativeFilename here, but it
	    # might have backslashes under Windows, which causes no end
	    # of trouble.
	    createAndExecute $file
	    list {}
	
.... Test generated KNOWN error:
    while executing
ptolemy.kernel.util.IllegalActionException: Actor is not ready to fire.  Perhaps UpSample.prefire() returned false? Try debugging the actor by selecting "Listen to Actor".  Also, for SDF check moml for tokenConsumptionRate on input.
  in .DESDFClockTest.Play Bell.Copy1:SDF Director and .DESDFClockTest.Play Bell.UpSample
	at ptolemy.actor.sched.StaticSchedulingDirector.fire(StaticSchedulingDirector.java:227)
	at ptolemy.domains.sdf.kernel.SDFDirector.fire(SDFDirector.java:500)
	at ptolemy.actor.CompositeActor.fire(CompositeActor.java:455)
	at ptolemy.domains.de.kernel.DEDirector._fire(DEDirector.java:1948)
	at ptolemy.domains.de.kernel.DEDirector.fire(DEDirector.java:502)
	at ptolemy.actor.CompositeActor.fire(CompositeActor.java:455)
	at ptolemy.actor.Manager.iterate(Manager.java:851)
	at ptolemy.actor.Manager.execute(Manager.java:369)
	at ptolemy.actor.Manager.run(Manager.java:1263)
	at ptolemy.actor.Manager$PtolemyRunThread.run(Manager.java:1915)

    while executing
ptolemy.kernel.util.IllegalActionException: Actor is not ready to fire.  Perhaps UpSample.prefire() returned false? Try debugging the actor by selecting "Listen to Actor".  Also, for SDF check moml for tokenConsumptionRate on input.
  in .DESDFClockTest.Play Bell.Copy1:SDF Director and .DESDFClockTest.Play Bell.UpSample
    while executing
"java::new ptolemy.moml.MoMLSimpleApplication $file
"
    (procedure "createAndExecute" line 2)
    invoked from within
"createAndExecute $file"
    ("uplevel" body line 5)
    invoked from within
"uplevel $contents_of_test"
------------------ testing $PTII/ptolemy/domains/de/test/auto/knownFailedTests/FSMSource.xml (Known Failure) 
31 ms. Memory: 146944K Free: 108766K (74%)
!!!! Auto was marked as failing, but now passes
------------------ testing $PTII/ptolemy/domains/de/test/auto/knownFailedTests/dependencyLoop2.xml (Known Failure) 
14 ms. Memory: 146944K Free: 106883K (73%)


==== $PTIIhome/travis/build/icyphy/ptII/ptolemy/domains/de/test/../../../../: Auto Automatic test in file $PTII/ptolemy/domains/de/test/auto/knownFailedTests/dependencyLoop2.xml
==== Contents of test case:

	    # FIXME: we should use $relativeFilename here, but it
	    # might have backslashes under Windows, which causes no end
	    # of trouble.
	    createAndExecute $file
	    list {}
	
.... Test generated KNOWN error:
    while executing
ptolemy.kernel.util.IllegalActionException: Found a zero delay loop containing .dependencyLoop2.original
  in .dependencyLoop2 and .dependencyLoop2.original
	at ptolemy.actor.util.CausalityInterfaceForComposites._computeOutputPortDepth(CausalityInterfaceForComposites.java:759)
	at ptolemy.actor.util.CausalityInterfaceForComposites._computeInputDepth(CausalityInterfaceForComposites.java:696)
	at ptolemy.actor.util.CausalityInterfaceForComposites._computeOutputPortDepth(CausalityInterfaceForComposites.java:765)
	at ptolemy.actor.util.CausalityInterfaceForComposites._computeInputDepth(CausalityInterfaceForComposites.java:696)
	at ptolemy.actor.util.CausalityInterfaceForComposites._computeOutputPortDepth(CausalityInterfaceForComposites.java:765)
	at ptolemy.actor.util.CausalityInterfaceForComposites._computeInputDepth(CausalityInterfaceForComposites.java:696)
	at ptolemy.actor.util.CausalityInterfaceForComposites._computeActorDepth(CausalityInterfaceForComposites.java:532)
	at ptolemy.actor.util.CausalityInterfaceForComposites.checkForCycles(CausalityInterfaceForComposites.java:96)
	at ptolemy.domains.de.kernel.DEDirector.preinitialize(DEDirector.java:1337)
	at ptolemy.actor.CompositeActor.preinitialize(CompositeActor.java:1828)
	at ptolemy.actor.Manager.preinitializeAndResolveTypes(Manager.java:1040)
	at ptolemy.actor.Manager.initialize(Manager.java:710)
	at ptolemy.actor.Manager.execute(Manager.java:356)
	at ptolemy.actor.Manager.run(Manager.java:1263)
	at ptolemy.actor.Manager$PtolemyRunThread.run(Manager.java:1915)

    while executing
ptolemy.kernel.util.IllegalActionException: Found a zero delay loop containing .dependencyLoop2.original
  in .dependencyLoop2 and .dependencyLoop2.original
    while executing
"java::new ptolemy.moml.MoMLSimpleApplication $file
"
    (procedure "createAndExecute" line 2)
    invoked from within
"createAndExecute $file"
    ("uplevel" body line 5)
    invoked from within
"uplevel $contents_of_test"
------------------ testing $PTII/ptolemy/domains/de/test/auto/knownFailedTests/HierarchicalModel.xml (Known Failure) 
12 ms. Memory: 146944K Free: 86266K (59%)


==== $PTIIhome/travis/build/icyphy/ptII/ptolemy/domains/de/test/../../../../: Auto Automatic test in file $PTII/ptolemy/domains/de/test/auto/knownFailedTests/HierarchicalModel.xml
==== Contents of test case:

	    # FIXME: we should use $relativeFilename here, but it
	    # might have backslashes under Windows, which causes no end
	    # of trouble.
	    createAndExecute $file
	    list {}
	
.... Test generated KNOWN error:
    while executing
ptolemy.kernel.util.IllegalActionException: Found a zero delay loop containing .HierarchicalModel.A
  in .HierarchicalModel and .HierarchicalModel.A
	at ptolemy.actor.util.CausalityInterfaceForComposites._computeOutputPortDepth(CausalityInterfaceForComposites.java:759)
	at ptolemy.actor.util.CausalityInterfaceForComposites._computeInputDepth(CausalityInterfaceForComposites.java:696)
	at ptolemy.actor.util.CausalityInterfaceForComposites._computeOutputPortDepth(CausalityInterfaceForComposites.java:765)
	at ptolemy.actor.util.CausalityInterfaceForComposites._computeInputDepth(CausalityInterfaceForComposites.java:696)
	at ptolemy.actor.util.CausalityInterfaceForComposites._computeOutputPortDepth(CausalityInterfaceForComposites.java:765)
	at ptolemy.actor.util.CausalityInterfaceForComposites._computeInputDepth(CausalityInterfaceForComposites.java:696)
	at ptolemy.actor.util.CausalityInterfaceForComposites._computeActorDepth(CausalityInterfaceForComposites.java:532)
	at ptolemy.actor.util.CausalityInterfaceForComposites.checkForCycles(CausalityInterfaceForComposites.java:96)
	at ptolemy.domains.de.kernel.DEDirector.preinitialize(DEDirector.java:1337)
	at ptolemy.actor.CompositeActor.preinitialize(CompositeActor.java:1828)
	at ptolemy.actor.Manager.preinitializeAndResolveTypes(Manager.java:1040)
	at ptolemy.actor.Manager.initialize(Manager.java:710)
	at ptolemy.actor.Manager.execute(Manager.java:356)
	at ptolemy.actor.Manager.run(Manager.java:1263)
	at ptolemy.actor.Manager$PtolemyRunThread.run(Manager.java:1915)

    while executing
ptolemy.kernel.util.IllegalActionException: Found a zero delay loop containing .HierarchicalModel.A
  in .HierarchicalModel and .HierarchicalModel.A
    while executing
"java::new ptolemy.moml.MoMLSimpleApplication $file
"
    (procedure "createAndExecute" line 2)
    invoked from within
"createAndExecute $file"
    ("uplevel" body line 5)
    invoked from within
"uplevel $contents_of_test"
------------------ testing $PTII/ptolemy/domains/de/test/auto/knownFailedTests/DirectFeedback.xml (Known Failure) 
15 ms. Memory: 146944K Free: 141521K (96%)


==== $PTIIhome/travis/build/icyphy/ptII/ptolemy/domains/de/test/../../../../: Auto Automatic test in file $PTII/ptolemy/domains/de/test/auto/knownFailedTests/DirectFeedback.xml
==== Contents of test case:

	    # FIXME: we should use $relativeFilename here, but it
	    # might have backslashes under Windows, which causes no end
	    # of trouble.
	    createAndExecute $file
	    list {}
	
.... Test generated KNOWN error:
    while executing
ptolemy.kernel.util.IllegalActionException: Test fails in iteration 1.
Value was: 1.0. Should have been: 2.0
  in .DirectFeedback.Test
	at ptolemy.actor.lib.Test.fire(Test.java:268)
	at ptolemy.domains.de.kernel.DEDirector._fire(DEDirector.java:1948)
	at ptolemy.domains.de.kernel.DEDirector.fire(DEDirector.java:502)
	at ptolemy.actor.CompositeActor.fire(CompositeActor.java:455)
	at ptolemy.actor.Manager.iterate(Manager.java:851)
	at ptolemy.actor.Manager.execute(Manager.java:369)
	at ptolemy.actor.Manager.run(Manager.java:1263)
	at ptolemy.actor.Manager$PtolemyRunThread.run(Manager.java:1915)

    while executing
ptolemy.kernel.util.IllegalActionException: Test fails in iteration 1.
Value was: 1.0. Should have been: 2.0
  in .DirectFeedback.Test
    while executing
"java::new ptolemy.moml.MoMLSimpleApplication $file
"
    (procedure "createAndExecute" line 2)
    invoked from within
"createAndExecute $file"
    ("uplevel" body line 5)
    invoked from within
"uplevel $contents_of_test"
------------------ testing $PTII/ptolemy/domains/de/test/auto/ActorDepthCalculation_actorWithoutPorts.xml
auto.tcl: Setting watchdog for 200 seconds at Sat Apr 28 17:55:36 UTC 2018
4 ms. Memory: 146944K Free: 133631K (91%)
ptolemy.util.test.WatchDog.cancel(): canceling Sat Apr 28 17:55:36 UTC 2018
auto.tcl: Setting watchdog for 200 seconds at Sat Apr 28 17:55:36 UTC 2018
4 ms. Memory: 146944K Free: 132598K (90%)
ptolemy.util.test.WatchDog.cancel(): canceling Sat Apr 28 17:55:36 UTC 2018
------------------ testing $PTII/ptolemy/domains/de/test/auto/AssemblyLine.xml
auto.tcl: Setting watchdog for 200 seconds at Sat Apr 28 17:55:37 UTC 2018
19 ms. Memory: 208384K Free: 182865K (88%)
ptolemy.util.test.WatchDog.cancel(): canceling Sat Apr 28 17:55:37 UTC 2018
auto.tcl: Setting watchdog for 200 seconds at Sat Apr 28 17:55:37 UTC 2018
11 ms. Memory: 208384K Free: 182865K (88%)
ptolemy.util.test.WatchDog.cancel(): canceling Sat Apr 28 17:55:37 UTC 2018
------------------ testing $PTII/ptolemy/domains/de/test/auto/CQBug1.xml
auto.tcl: Setting watchdog for 200 seconds at Sat Apr 28 17:55:37 UTC 2018
4 ms. Memory: 208384K Free: 197730K (95%)
ptolemy.util.test.WatchDog.cancel(): canceling Sat Apr 28 17:55:37 UTC 2018
auto.tcl: Setting watchdog for 200 seconds at Sat Apr 28 17:55:37 UTC 2018
2 ms. Memory: 208384K Free: 197730K (95%)
ptolemy.util.test.WatchDog.cancel(): canceling Sat Apr 28 17:55:37 UTC 2018
------------------ testing $PTII/ptolemy/domains/de/test/auto/CancelFireAt.xml
auto.tcl: Setting watchdog for 200 seconds at Sat Apr 28 17:55:37 UTC 2018
8 ms. Memory: 208384K Free: 201440K (97%)
ptolemy.util.test.WatchDog.cancel(): canceling Sat Apr 28 17:55:37 UTC 2018
auto.tcl: Setting watchdog for 200 seconds at Sat Apr 28 17:55:37 UTC 2018
5 ms. Memory: 208384K Free: 199344K (96%)
ptolemy.util.test.WatchDog.cancel(): canceling Sat Apr 28 17:55:37 UTC 2018
------------------ testing $PTII/ptolemy/domains/de/test/auto/CausalityAndComposabilityAnalysis.xml
auto.tcl: Setting watchdog for 200 seconds at Sat Apr 28 17:55:37 UTC 2018
6 ms. Memory: 208384K Free: 196507K (94%)
ptolemy.util.test.WatchDog.cancel(): canceling Sat Apr 28 17:55:37 UTC 2018
auto.tcl: Setting watchdog for 200 seconds at Sat Apr 28 17:55:37 UTC 2018
6 ms. Memory: 208384K Free: 196507K (94%)
ptolemy.util.test.WatchDog.cancel(): canceling Sat Apr 28 17:55:37 UTC 2018
------------------ testing $PTII/ptolemy/domains/de/test/auto/CausalityInterface1.xml
auto.tcl: Setting watchdog for 200 seconds at Sat Apr 28 17:55:37 UTC 2018
17 ms. Memory: 208384K Free: 196445K (94%)
ptolemy.util.test.WatchDog.cancel(): canceling Sat Apr 28 17:55:37 UTC 2018
auto.tcl: Setting watchdog for 200 seconds at Sat Apr 28 17:55:37 UTC 2018
4 ms. Memory: 208384K Free: 196445K (94%)
ptolemy.util.test.WatchDog.cancel(): canceling Sat Apr 28 17:55:37 UTC 2018
------------------ testing $PTII/ptolemy/domains/de/test/auto/CausalityInterface15.xml
auto.tcl: Setting watchdog for 200 seconds at Sat Apr 28 17:55:37 UTC 2018
26 ms. Memory: 208384K Free: 196436K (94%)
ptolemy.util.test.WatchDog.cancel(): canceling Sat Apr 28 17:55:38 UTC 2018
auto.tcl: Setting watchdog for 200 seconds at Sat Apr 28 17:55:38 UTC 2018
8 ms. Memory: 208384K Free: 196436K (94%)
ptolemy.util.test.WatchDog.cancel(): canceling Sat Apr 28 17:55:38 UTC 2018
------------------ testing $PTII/ptolemy/domains/de/test/auto/CausalityInterface2.xml
auto.tcl: Setting watchdog for 200 seconds at Sat Apr 28 17:55:38 UTC 2018
4 ms. Memory: 208384K Free: 196419K (94%)
ptolemy.util.test.WatchDog.cancel(): canceling Sat Apr 28 17:55:38 UTC 2018
auto.tcl: Setting watchdog for 200 seconds at Sat Apr 28 17:55:38 UTC 2018
6 ms. Memory: 208384K Free: 196419K (94%)
ptolemy.util.test.WatchDog.cancel(): canceling Sat Apr 28 17:55:38 UTC 2018
------------------ testing $PTII/ptolemy/domains/de/test/auto/CausalityInterface3.xml
auto.tcl: Setting watchdog for 200 seconds at Sat Apr 28 17:55:38 UTC 2018
3 ms. Memory: 208384K Free: 196432K (94%)
ptolemy.util.test.WatchDog.cancel(): canceling Sat Apr 28 17:55:38 UTC 2018
auto.tcl: Setting watchdog for 200 seconds at Sat Apr 28 17:55:38 UTC 2018
3 ms. Memory: 208384K Free: 196432K (94%)
ptolemy.util.test.WatchDog.cancel(): canceling Sat Apr 28 17:55:38 UTC 2018
------------------ testing $PTII/ptolemy/domains/de/test/auto/ClockDrift.xml
auto.tcl: Setting watchdog for 200 seconds at Sat Apr 28 17:55:38 UTC 2018
96 ms. Memory: 208384K Free: 187673K (90%)
ptolemy.util.test.WatchDog.cancel(): canceling Sat Apr 28 17:55:38 UTC 2018
auto.tcl: Setting watchdog for 200 seconds at Sat Apr 28 17:55:38 UTC 2018
61 ms. Memory: 208384K Free: 185577K (89%)
ptolemy.util.test.WatchDog.cancel(): canceling Sat Apr 28 17:55:38 UTC 2018
------------------ testing $PTII/ptolemy/domains/de/test/auto/ClockDriftAndValueChange.xml
auto.tcl: Setting watchdog for 200 seconds at Sat Apr 28 17:55:38 UTC 2018
43 ms. Memory: 208384K Free: 187505K (90%)
ptolemy.util.test.WatchDog.cancel(): canceling Sat Apr 28 17:55:38 UTC 2018
auto.tcl: Setting watchdog for 200 seconds at Sat Apr 28 17:55:38 UTC 2018
27 ms. Memory: 208384K Free: 185408K (89%)
ptolemy.util.test.WatchDog.cancel(): canceling Sat Apr 28 17:55:38 UTC 2018
------------------ testing $PTII/ptolemy/domains/de/test/auto/ClockDriftChange.xml
auto.tcl: Setting watchdog for 200 seconds at Sat Apr 28 17:55:38 UTC 2018
34 ms. Memory: 208384K Free: 190826K (92%)
ptolemy.util.test.WatchDog.cancel(): canceling Sat Apr 28 17:55:38 UTC 2018
auto.tcl: Setting watchdog for 200 seconds at Sat Apr 28 17:55:38 UTC 2018
26 ms. Memory: 208384K Free: 188729K (91%)
ptolemy.util.test.WatchDog.cancel(): canceling Sat Apr 28 17:55:38 UTC 2018
------------------ testing $PTII/ptolemy/domains/de/test/auto/ComposableCausalityAnalysis.xml
auto.tcl: Setting watchdog for 200 seconds at Sat Apr 28 17:55:38 UTC 2018
2 ms. Memory: 208384K Free: 196285K (94%)
ptolemy.util.test.WatchDog.cancel(): canceling Sat Apr 28 17:55:38 UTC 2018
auto.tcl: Setting watchdog for 200 seconds at Sat Apr 28 17:55:38 UTC 2018
2 ms. Memory: 208384K Free: 194188K (93%)
ptolemy.util.test.WatchDog.cancel(): canceling Sat Apr 28 17:55:38 UTC 2018
------------------ testing $PTII/ptolemy/domains/de/test/auto/DEFixedPointLimitation.xml
auto.tcl: Setting watchdog for 200 seconds at Sat Apr 28 17:55:38 UTC 2018
3 ms. Memory: 208384K Free: 196163K (94%)
ptolemy.util.test.WatchDog.cancel(): canceling Sat Apr 28 17:55:39 UTC 2018
auto.tcl: Setting watchdog for 200 seconds at Sat Apr 28 17:55:39 UTC 2018
1 ms. Memory: 208384K Free: 196163K (94%)
ptolemy.util.test.WatchDog.cancel(): canceling Sat Apr 28 17:55:39 UTC 2018
------------------ testing $PTII/ptolemy/domains/de/test/auto/DEScheduleTest.xml
auto.tcl: Setting watchdog for 200 seconds at Sat Apr 28 17:55:39 UTC 2018
3 ms. Memory: 208384K Free: 198294K (95%)
ptolemy.util.test.WatchDog.cancel(): canceling Sat Apr 28 17:55:39 UTC 2018
auto.tcl: Setting watchdog for 200 seconds at Sat Apr 28 17:55:39 UTC 2018
5 ms. Memory: 208384K Free: 196197K (94%)
ptolemy.util.test.WatchDog.cancel(): canceling Sat Apr 28 17:55:39 UTC 2018
------------------ testing $PTII/ptolemy/domains/de/test/auto/DEinDEwithStartTimes.xml
auto.tcl: Setting watchdog for 200 seconds at Sat Apr 28 17:55:39 UTC 2018
6 ms. Memory: 208384K Free: 196167K (94%)
ptolemy.util.test.WatchDog.cancel(): canceling Sat Apr 28 17:55:39 UTC 2018
auto.tcl: Setting watchdog for 200 seconds at Sat Apr 28 17:55:39 UTC 2018
6 ms. Memory: 208384K Free: 194070K (93%)
ptolemy.util.test.WatchDog.cancel(): canceling Sat Apr 28 17:55:39 UTC 2018
------------------ testing $PTII/ptolemy/domains/de/test/auto/DEinDEwithStartTimes2.xml
auto.tcl: Setting watchdog for 200 seconds at Sat Apr 28 17:55:39 UTC 2018
7 ms. Memory: 208384K Free: 196484K (94%)
ptolemy.util.test.WatchDog.cancel(): canceling Sat Apr 28 17:55:39 UTC 2018
auto.tcl: Setting watchdog for 200 seconds at Sat Apr 28 17:55:39 UTC 2018
4 ms. Memory: 208384K Free: 194050K (93%)
ptolemy.util.test.WatchDog.cancel(): canceling Sat Apr 28 17:55:39 UTC 2018
------------------ testing $PTII/ptolemy/domains/de/test/auto/DateDemo.xml
auto.tcl: Setting watchdog for 200 seconds at Sat Apr 28 17:55:39 UTC 2018
16 ms. Memory: 208384K Free: 188594K (91%)
ptolemy.util.test.WatchDog.cancel(): canceling Sat Apr 28 17:55:39 UTC 2018
auto.tcl: Setting watchdog for 200 seconds at Sat Apr 28 17:55:39 UTC 2018
6 ms. Memory: 208384K Free: 186497K (89%)
ptolemy.util.test.WatchDog.cancel(): canceling Sat Apr 28 17:55:39 UTC 2018
------------------ testing $PTII/ptolemy/domains/de/test/auto/DateToEvent.xml
auto.tcl: Setting watchdog for 200 seconds at Sat Apr 28 17:55:39 UTC 2018
2018 ms. Memory: 208384K Free: 183326K (88%)
ptolemy.util.test.WatchDog.cancel(): canceling Sat Apr 28 17:55:41 UTC 2018
auto.tcl: Setting watchdog for 200 seconds at Sat Apr 28 17:55:41 UTC 2018
2004 ms. Memory: 208384K Free: 180868K (87%)
ptolemy.util.test.WatchDog.cancel(): canceling Sat Apr 28 17:55:43 UTC 2018
------------------ testing $PTII/ptolemy/domains/de/test/auto/DepthTest1.xml
auto.tcl: Setting watchdog for 200 seconds at Sat Apr 28 17:55:43 UTC 2018
3 ms. Memory: 208384K Free: 198158K (95%)
ptolemy.util.test.WatchDog.cancel(): canceling Sat Apr 28 17:55:43 UTC 2018
auto.tcl: Setting watchdog for 200 seconds at Sat Apr 28 17:55:43 UTC 2018
1 ms. Memory: 208384K Free: 198158K (95%)
ptolemy.util.test.WatchDog.cancel(): canceling Sat Apr 28 17:55:43 UTC 2018
------------------ testing $PTII/ptolemy/domains/de/test/auto/DepthTest2.xml
auto.tcl: Setting watchdog for 200 seconds at Sat Apr 28 17:55:43 UTC 2018
9 ms. Memory: 208384K Free: 194029K (93%)
ptolemy.util.test.WatchDog.cancel(): canceling Sat Apr 28 17:55:43 UTC 2018
auto.tcl: Setting watchdog for 200 seconds at Sat Apr 28 17:55:43 UTC 2018
6 ms. Memory: 208384K Free: 194029K (93%)
ptolemy.util.test.WatchDog.cancel(): canceling Sat Apr 28 17:55:43 UTC 2018
------------------ testing $PTII/ptolemy/domains/de/test/auto/DepthTest3.xml
auto.tcl: Setting watchdog for 200 seconds at Sat Apr 28 17:55:43 UTC 2018
2 ms. Memory: 208384K Free: 198494K (95%)
ptolemy.util.test.WatchDog.cancel(): canceling Sat Apr 28 17:55:43 UTC 2018
auto.tcl: Setting watchdog for 200 seconds at Sat Apr 28 17:55:43 UTC 2018
2 ms. Memory: 208384K Free: 198494K (95%)
ptolemy.util.test.WatchDog.cancel(): canceling Sat Apr 28 17:55:43 UTC 2018
------------------ testing $PTII/ptolemy/domains/de/test/auto/DepthTest4.xml
auto.tcl: Setting watchdog for 200 seconds at Sat Apr 28 17:55:43 UTC 2018
5 ms. Memory: 208384K Free: 196147K (94%)
ptolemy.util.test.WatchDog.cancel(): canceling Sat Apr 28 17:55:43 UTC 2018
auto.tcl: Setting watchdog for 200 seconds at Sat Apr 28 17:55:43 UTC 2018
2 ms. Memory: 208384K Free: 196147K (94%)
ptolemy.util.test.WatchDog.cancel(): canceling Sat Apr 28 17:55:43 UTC 2018
------------------ testing $PTII/ptolemy/domains/de/test/auto/DepthTest5.xml
auto.tcl: Setting watchdog for 200 seconds at Sat Apr 28 17:55:43 UTC 2018
3 ms. Memory: 208384K Free: 196431K (94%)
ptolemy.util.test.WatchDog.cancel(): canceling Sat Apr 28 17:55:43 UTC 2018
auto.tcl: Setting watchdog for 200 seconds at Sat Apr 28 17:55:43 UTC 2018
3 ms. Memory: 208384K Free: 196431K (94%)
ptolemy.util.test.WatchDog.cancel(): canceling Sat Apr 28 17:55:43 UTC 2018
------------------ testing $PTII/ptolemy/domains/de/test/auto/DepthTest6.xml
auto.tcl: Setting watchdog for 200 seconds at Sat Apr 28 17:55:43 UTC 2018
6 ms. Memory: 208384K Free: 195171K (94%)
ptolemy.util.test.WatchDog.cancel(): canceling Sat Apr 28 17:55:43 UTC 2018
auto.tcl: Setting watchdog for 200 seconds at Sat Apr 28 17:55:43 UTC 2018
4 ms. Memory: 208384K Free: 195171K (94%)
ptolemy.util.test.WatchDog.cancel(): canceling Sat Apr 28 17:55:43 UTC 2018
------------------ testing $PTII/ptolemy/domains/de/test/auto/DepthTest7.xml
auto.tcl: Setting watchdog for 200 seconds at Sat Apr 28 17:55:43 UTC 2018
3 ms. Memory: 208384K Free: 194822K (93%)
ptolemy.util.test.WatchDog.cancel(): canceling Sat Apr 28 17:55:44 UTC 2018
auto.tcl: Setting watchdog for 200 seconds at Sat Apr 28 17:55:44 UTC 2018
2 ms. Memory: 208384K Free: 194822K (93%)
ptolemy.util.test.WatchDog.cancel(): canceling Sat Apr 28 17:55:44 UTC 2018
------------------ testing $PTII/ptolemy/domains/de/test/auto/EventToDate.xml
auto.tcl: Setting watchdog for 200 seconds at Sat Apr 28 17:55:44 UTC 2018
3006 ms. Memory: 208384K Free: 185588K (89%)
ptolemy.util.test.WatchDog.cancel(): canceling Sat Apr 28 17:55:47 UTC 2018
auto.tcl: Setting watchdog for 200 seconds at Sat Apr 28 17:55:47 UTC 2018
3003 ms. Memory: 208384K Free: 185588K (89%)
ptolemy.util.test.WatchDog.cancel(): canceling Sat Apr 28 17:55:50 UTC 2018
------------------ testing $PTII/ptolemy/domains/de/test/auto/FSM1.xml
auto.tcl: Setting watchdog for 200 seconds at Sat Apr 28 17:55:50 UTC 2018
18 ms. Memory: 208384K Free: 189109K (91%)
ptolemy.util.test.WatchDog.cancel(): canceling Sat Apr 28 17:55:50 UTC 2018
auto.tcl: Setting watchdog for 200 seconds at Sat Apr 28 17:55:50 UTC 2018
14 ms. Memory: 208384K Free: 184916K (89%)
ptolemy.util.test.WatchDog.cancel(): canceling Sat Apr 28 17:55:50 UTC 2018
------------------ testing $PTII/ptolemy/domains/de/test/auto/FSM7.xml
auto.tcl: Setting watchdog for 200 seconds at Sat Apr 28 17:55:50 UTC 2018
12 ms. Memory: 208384K Free: 187215K (90%)
ptolemy.util.test.WatchDog.cancel(): canceling Sat Apr 28 17:55:50 UTC 2018
auto.tcl: Setting watchdog for 200 seconds at Sat Apr 28 17:55:50 UTC 2018
12 ms. Memory: 208384K Free: 185118K (89%)
ptolemy.util.test.WatchDog.cancel(): canceling Sat Apr 28 17:55:50 UTC 2018
------------------ testing $PTII/ptolemy/domains/de/test/auto/Inspection.xml
auto.tcl: Setting watchdog for 200 seconds at Sat Apr 28 17:55:50 UTC 2018
50 ms. Memory: 208384K Free: 188767K (91%)
ptolemy.util.test.WatchDog.cancel(): canceling Sat Apr 28 17:55:50 UTC 2018
auto.tcl: Setting watchdog for 200 seconds at Sat Apr 28 17:55:50 UTC 2018
17 ms. Memory: 208384K Free: 186670K (90%)
ptolemy.util.test.WatchDog.cancel(): canceling Sat Apr 28 17:55:50 UTC 2018
------------------ testing $PTII/ptolemy/domains/de/test/auto/Iteration.xml
auto.tcl: Setting watchdog for 200 seconds at Sat Apr 28 17:55:50 UTC 2018
15 ms. Memory: 208384K Free: 194099K (93%)
ptolemy.util.test.WatchDog.cancel(): canceling Sat Apr 28 17:55:50 UTC 2018
auto.tcl: Setting watchdog for 200 seconds at Sat Apr 28 17:55:50 UTC 2018
6 ms. Memory: 208384K Free: 194099K (93%)
ptolemy.util.test.WatchDog.cancel(): canceling Sat Apr 28 17:55:50 UTC 2018
------------------ testing $PTII/ptolemy/domains/de/test/auto/LineFault.xml
auto.tcl: Setting watchdog for 200 seconds at Sat Apr 28 17:55:50 UTC 2018
706 ms. Memory: 208384K Free: 196056K (94%)
ptolemy.util.test.WatchDog.cancel(): canceling Sat Apr 28 17:55:51 UTC 2018
auto.tcl: Setting watchdog for 200 seconds at Sat Apr 28 17:55:51 UTC 2018
573 ms. Memory: 208384K Free: 138811K (67%)
ptolemy.util.test.WatchDog.cancel(): canceling Sat Apr 28 17:55:52 UTC 2018
------------------ testing $PTII/ptolemy/domains/de/test/auto/MergeModel1Add.xml
auto.tcl: Setting watchdog for 200 seconds at Sat Apr 28 17:55:52 UTC 2018
27 ms. Memory: 331264K Free: 302610K (91%)
ptolemy.util.test.WatchDog.cancel(): canceling Sat Apr 28 17:55:52 UTC 2018
auto.tcl: Setting watchdog for 200 seconds at Sat Apr 28 17:55:52 UTC 2018
15 ms. Memory: 331264K Free: 298663K (90%)
ptolemy.util.test.WatchDog.cancel(): canceling Sat Apr 28 17:55:52 UTC 2018
------------------ testing $PTII/ptolemy/domains/de/test/auto/MergeModel2Add.xml
auto.tcl: Setting watchdog for 200 seconds at Sat Apr 28 17:55:52 UTC 2018
12 ms. Memory: 331264K Free: 303946K (92%)
ptolemy.util.test.WatchDog.cancel(): canceling Sat Apr 28 17:55:52 UTC 2018
auto.tcl: Setting watchdog for 200 seconds at Sat Apr 28 17:55:52 UTC 2018
7 ms. Memory: 331264K Free: 299999K (91%)
ptolemy.util.test.WatchDog.cancel(): canceling Sat Apr 28 17:55:52 UTC 2018
------------------ testing $PTII/ptolemy/domains/de/test/auto/MergeModel3Add.xml
auto.tcl: Setting watchdog for 200 seconds at Sat Apr 28 17:55:52 UTC 2018
9 ms. Memory: 331264K Free: 303956K (92%)
ptolemy.util.test.WatchDog.cancel(): canceling Sat Apr 28 17:55:52 UTC 2018
auto.tcl: Setting watchdog for 200 seconds at Sat Apr 28 17:55:52 UTC 2018
7 ms. Memory: 331264K Free: 300008K (91%)
ptolemy.util.test.WatchDog.cancel(): canceling Sat Apr 28 17:55:52 UTC 2018
------------------ testing $PTII/ptolemy/domains/de/test/auto/MergeWithoutDiscard.xml
auto.tcl: Setting watchdog for 200 seconds at Sat Apr 28 17:55:52 UTC 2018
4 ms. Memory: 331264K Free: 315796K (95%)
ptolemy.util.test.WatchDog.cancel(): canceling Sat Apr 28 17:55:52 UTC 2018
auto.tcl: Setting watchdog for 200 seconds at Sat Apr 28 17:55:52 UTC 2018
1 ms. Memory: 331264K Free: 315796K (95%)
ptolemy.util.test.WatchDog.cancel(): canceling Sat Apr 28 17:55:52 UTC 2018
------------------ testing $PTII/ptolemy/domains/de/test/auto/Modal1.xml
auto.tcl: Setting watchdog for 200 seconds at Sat Apr 28 17:55:52 UTC 2018
11 ms. Memory: 331264K Free: 309689K (93%)
ptolemy.util.test.WatchDog.cancel(): canceling Sat Apr 28 17:55:52 UTC 2018
auto.tcl: Setting watchdog for 200 seconds at Sat Apr 28 17:55:52 UTC 2018
10 ms. Memory: 331264K Free: 305741K (92%)
ptolemy.util.test.WatchDog.cancel(): canceling Sat Apr 28 17:55:52 UTC 2018
------------------ testing $PTII/ptolemy/domains/de/test/auto/Modal2.xml
auto.tcl: Setting watchdog for 200 seconds at Sat Apr 28 17:55:52 UTC 2018
13 ms. Memory: 331264K Free: 309571K (93%)
ptolemy.util.test.WatchDog.cancel(): canceling Sat Apr 28 17:55:52 UTC 2018
auto.tcl: Setting watchdog for 200 seconds at Sat Apr 28 17:55:52 UTC 2018
10 ms. Memory: 331264K Free: 305623K (92%)
ptolemy.util.test.WatchDog.cancel(): canceling Sat Apr 28 17:55:52 UTC 2018
------------------ testing $PTII/ptolemy/domains/de/test/auto/Modal3.xml
auto.tcl: Setting watchdog for 200 seconds at Sat Apr 28 17:55:52 UTC 2018
11 ms. Memory: 331264K Free: 309562K (93%)
ptolemy.util.test.WatchDog.cancel(): canceling Sat Apr 28 17:55:52 UTC 2018
auto.tcl: Setting watchdog for 200 seconds at Sat Apr 28 17:55:52 UTC 2018
9 ms. Memory: 331264K Free: 305614K (92%)
ptolemy.util.test.WatchDog.cancel(): canceling Sat Apr 28 17:55:52 UTC 2018
------------------ testing $PTII/ptolemy/domains/de/test/auto/Modal4.xml
auto.tcl: Setting watchdog for 200 seconds at Sat Apr 28 17:55:53 UTC 2018
12 ms. Memory: 331264K Free: 309575K (93%)
ptolemy.util.test.WatchDog.cancel(): canceling Sat Apr 28 17:55:53 UTC 2018
auto.tcl: Setting watchdog for 200 seconds at Sat Apr 28 17:55:53 UTC 2018
12 ms. Memory: 331264K Free: 305627K (92%)
ptolemy.util.test.WatchDog.cancel(): canceling Sat Apr 28 17:55:53 UTC 2018
------------------ testing $PTII/ptolemy/domains/de/test/auto/Modal5.xml
auto.tcl: Setting watchdog for 200 seconds at Sat Apr 28 17:55:53 UTC 2018
17 ms. Memory: 331264K Free: 309562K (93%)
ptolemy.util.test.WatchDog.cancel(): canceling Sat Apr 28 17:55:53 UTC 2018
auto.tcl: Setting watchdog for 200 seconds at Sat Apr 28 17:55:53 UTC 2018
13 ms. Memory: 331264K Free: 305614K (92%)
ptolemy.util.test.WatchDog.cancel(): canceling Sat Apr 28 17:55:53 UTC 2018
------------------ testing $PTII/ptolemy/domains/de/test/auto/Modal6.xml
auto.tcl: Setting watchdog for 200 seconds at Sat Apr 28 17:55:53 UTC 2018
11 ms. Memory: 331264K Free: 309559K (93%)
ptolemy.util.test.WatchDog.cancel(): canceling Sat Apr 28 17:55:53 UTC 2018
auto.tcl: Setting watchdog for 200 seconds at Sat Apr 28 17:55:53 UTC 2018
11 ms. Memory: 331264K Free: 305611K (92%)
ptolemy.util.test.WatchDog.cancel(): canceling Sat Apr 28 17:55:53 UTC 2018
------------------ testing $PTII/ptolemy/domains/de/test/auto/Modal7.xml
auto.tcl: Setting watchdog for 200 seconds at Sat Apr 28 17:55:53 UTC 2018
9 ms. Memory: 331264K Free: 309559K (93%)
ptolemy.util.test.WatchDog.cancel(): canceling Sat Apr 28 17:55:53 UTC 2018
auto.tcl: Setting watchdog for 200 seconds at Sat Apr 28 17:55:53 UTC 2018
9 ms. Memory: 331264K Free: 305611K (92%)
ptolemy.util.test.WatchDog.cancel(): canceling Sat Apr 28 17:55:53 UTC 2018
------------------ testing $PTII/ptolemy/domains/de/test/auto/ModalModel.xml
auto.tcl: Setting watchdog for 200 seconds at Sat Apr 28 17:55:53 UTC 2018
201 ms. Memory: 331264K Free: 246074K (74%)
ptolemy.util.test.WatchDog.cancel(): canceling Sat Apr 28 17:55:53 UTC 2018
auto.tcl: Setting watchdog for 200 seconds at Sat Apr 28 17:55:53 UTC 2018
172 ms. Memory: 331264K Free: 190805K (58%)
ptolemy.util.test.WatchDog.cancel(): canceling Sat Apr 28 17:55:53 UTC 2018
------------------ testing $PTII/ptolemy/domains/de/test/auto/ModalSource.xml
auto.tcl: Setting watchdog for 200 seconds at Sat Apr 28 17:55:53 UTC 2018
10 ms. Memory: 331264K Free: 316347K (95%)
ptolemy.util.test.WatchDog.cancel(): canceling Sat Apr 28 17:55:53 UTC 2018
auto.tcl: Setting watchdog for 200 seconds at Sat Apr 28 17:55:53 UTC 2018
6 ms. Memory: 331264K Free: 312831K (94%)
ptolemy.util.test.WatchDog.cancel(): canceling Sat Apr 28 17:55:53 UTC 2018
------------------ testing $PTII/ptolemy/domains/de/test/auto/NonInterruptibleTimerZeroDelay.xml
auto.tcl: Setting watchdog for 200 seconds at Sat Apr 28 17:55:54 UTC 2018
3 ms. Memory: 331264K Free: 320700K (97%)
ptolemy.util.test.WatchDog.cancel(): canceling Sat Apr 28 17:55:54 UTC 2018
auto.tcl: Setting watchdog for 200 seconds at Sat Apr 28 17:55:54 UTC 2018
2 ms. Memory: 331264K Free: 317184K (96%)
ptolemy.util.test.WatchDog.cancel(): canceling Sat Apr 28 17:55:54 UTC 2018
------------------ testing $PTII/ptolemy/domains/de/test/auto/OpenQueueingNetwork.xml
auto.tcl: Setting watchdog for 200 seconds at Sat Apr 28 17:55:54 UTC 2018
2720 ms. Memory: 573952K Free: 413651K (72%)
ptolemy.util.test.WatchDog.cancel(): canceling Sat Apr 28 17:55:56 UTC 2018
auto.tcl: Setting watchdog for 200 seconds at Sat Apr 28 17:55:56 UTC 2018
2648 ms. Memory: 550912K Free: 300890K (55%)
ptolemy.util.test.WatchDog.cancel(): canceling Sat Apr 28 17:55:59 UTC 2018
------------------ testing $PTII/ptolemy/domains/de/test/auto/OpenQueuingNetwork.xml
auto.tcl: Setting watchdog for 200 seconds at Sat Apr 28 17:55:59 UTC 2018
223 ms. Memory: 549888K Free: 444510K (81%)
ptolemy.util.test.WatchDog.cancel(): canceling Sat Apr 28 17:56:00 UTC 2018
auto.tcl: Setting watchdog for 200 seconds at Sat Apr 28 17:56:00 UTC 2018
222 ms. Memory: 549888K Free: 384015K (70%)
ptolemy.util.test.WatchDog.cancel(): canceling Sat Apr 28 17:56:00 UTC 2018
------------------ testing $PTII/ptolemy/domains/de/test/auto/PeriodicSampler.xml
auto.tcl: Setting watchdog for 200 seconds at Sat Apr 28 17:56:00 UTC 2018
2 ms. Memory: 551936K Free: 530424K (96%)
ptolemy.util.test.WatchDog.cancel(): canceling Sat Apr 28 17:56:00 UTC 2018
auto.tcl: Setting watchdog for 200 seconds at Sat Apr 28 17:56:00 UTC 2018
1 ms. Memory: 551936K Free: 530424K (96%)
ptolemy.util.test.WatchDog.cancel(): canceling Sat Apr 28 17:56:00 UTC 2018
------------------ testing $PTII/ptolemy/domains/de/test/auto/PersistentIO.xml
auto.tcl: Setting watchdog for 200 seconds at Sat Apr 28 17:56:00 UTC 2018
12 ms. Memory: 549376K Free: 521971K (95%)
ptolemy.util.test.WatchDog.cancel(): canceling Sat Apr 28 17:56:00 UTC 2018
auto.tcl: Setting watchdog for 200 seconds at Sat Apr 28 17:56:00 UTC 2018
3 ms. Memory: 549376K Free: 521971K (95%)
ptolemy.util.test.WatchDog.cancel(): canceling Sat Apr 28 17:56:00 UTC 2018
------------------ testing $PTII/ptolemy/domains/de/test/auto/PortParameterResetOnInitialize.xml
auto.tcl: Setting watchdog for 200 seconds at Sat Apr 28 17:56:00 UTC 2018
2 ms. Memory: 551424K Free: 530373K (96%)
ptolemy.util.test.WatchDog.cancel(): canceling Sat Apr 28 17:56:00 UTC 2018
auto.tcl: Setting watchdog for 200 seconds at Sat Apr 28 17:56:00 UTC 2018
2 ms. Memory: 551424K Free: 530373K (96%)
ptolemy.util.test.WatchDog.cancel(): canceling Sat Apr 28 17:56:00 UTC 2018
------------------ testing $PTII/ptolemy/domains/de/test/auto/PortParameterUpdates.xml
auto.tcl: Setting watchdog for 200 seconds at Sat Apr 28 17:56:00 UTC 2018
5 ms. Memory: 549376K Free: 533368K (97%)
ptolemy.util.test.WatchDog.cancel(): canceling Sat Apr 28 17:56:00 UTC 2018
auto.tcl: Setting watchdog for 200 seconds at Sat Apr 28 17:56:00 UTC 2018
3 ms. Memory: 549376K Free: 533368K (97%)
ptolemy.util.test.WatchDog.cancel(): canceling Sat Apr 28 17:56:00 UTC 2018
------------------ testing $PTII/ptolemy/domains/de/test/auto/QueueAndServer.xml
auto.tcl: Setting watchdog for 200 seconds at Sat Apr 28 17:56:00 UTC 2018
6 ms. Memory: 551424K Free: 535149K (97%)
ptolemy.util.test.WatchDog.cancel(): canceling Sat Apr 28 17:56:00 UTC 2018
auto.tcl: Setting watchdog for 200 seconds at Sat Apr 28 17:56:00 UTC 2018
6 ms. Memory: 551424K Free: 528427K (96%)
ptolemy.util.test.WatchDog.cancel(): canceling Sat Apr 28 17:56:00 UTC 2018
------------------ testing $PTII/ptolemy/domains/de/test/auto/Records.xml
auto.tcl: Setting watchdog for 200 seconds at Sat Apr 28 17:56:00 UTC 2018
9 ms. Memory: 549376K Free: 533043K (97%)
ptolemy.util.test.WatchDog.cancel(): canceling Sat Apr 28 17:56:00 UTC 2018
auto.tcl: Setting watchdog for 200 seconds at Sat Apr 28 17:56:00 UTC 2018
2 ms. Memory: 549376K Free: 533043K (97%)
ptolemy.util.test.WatchDog.cancel(): canceling Sat Apr 28 17:56:00 UTC 2018
------------------ testing $PTII/ptolemy/domains/de/test/auto/ResetTransitionWithStartTime1.xml
auto.tcl: Setting watchdog for 200 seconds at Sat Apr 28 17:56:00 UTC 2018
11 ms. Memory: 551424K Free: 528378K (96%)
ptolemy.util.test.WatchDog.cancel(): canceling Sat Apr 28 17:56:00 UTC 2018
auto.tcl: Setting watchdog for 200 seconds at Sat Apr 28 17:56:00 UTC 2018
6 ms. Memory: 551424K Free: 528378K (96%)
ptolemy.util.test.WatchDog.cancel(): canceling Sat Apr 28 17:56:00 UTC 2018
------------------ testing $PTII/ptolemy/domains/de/test/auto/ResetTransitionWithStartTime2.xml
auto.tcl: Setting watchdog for 200 seconds at Sat Apr 28 17:56:00 UTC 2018
6 ms. Memory: 549376K Free: 533059K (97%)
ptolemy.util.test.WatchDog.cancel(): canceling Sat Apr 28 17:56:00 UTC 2018
auto.tcl: Setting watchdog for 200 seconds at Sat Apr 28 17:56:00 UTC 2018
4 ms. Memory: 549376K Free: 526337K (96%)
ptolemy.util.test.WatchDog.cancel(): canceling Sat Apr 28 17:56:00 UTC 2018
------------------ testing $PTII/ptolemy/domains/de/test/auto/ResetTransitionWithStartTime3.xml
auto.tcl: Setting watchdog for 200 seconds at Sat Apr 28 17:56:00 UTC 2018
8 ms. Memory: 550912K Free: 534593K (97%)
ptolemy.util.test.WatchDog.cancel(): canceling Sat Apr 28 17:56:00 UTC 2018
auto.tcl: Setting watchdog for 200 seconds at Sat Apr 28 17:56:00 UTC 2018
5 ms. Memory: 550912K Free: 527864K (96%)
ptolemy.util.test.WatchDog.cancel(): canceling Sat Apr 28 17:56:00 UTC 2018
------------------ testing $PTII/ptolemy/domains/de/test/auto/ResetTransitionWithStartTime4.xml
auto.tcl: Setting watchdog for 200 seconds at Sat Apr 28 17:56:00 UTC 2018
4 ms. Memory: 549376K Free: 516958K (94%)
ptolemy.util.test.WatchDog.cancel(): canceling Sat Apr 28 17:56:00 UTC 2018
auto.tcl: Setting watchdog for 200 seconds at Sat Apr 28 17:56:00 UTC 2018
3 ms. Memory: 549376K Free: 516958K (94%)
ptolemy.util.test.WatchDog.cancel(): canceling Sat Apr 28 17:56:00 UTC 2018
------------------ testing $PTII/ptolemy/domains/de/test/auto/ResettableTimer1.xml
auto.tcl: Setting watchdog for 200 seconds at Sat Apr 28 17:56:00 UTC 2018
3 ms. Memory: 550912K Free: 534586K (97%)
ptolemy.util.test.WatchDog.cancel(): canceling Sat Apr 28 17:56:01 UTC 2018
auto.tcl: Setting watchdog for 200 seconds at Sat Apr 28 17:56:01 UTC 2018
2 ms. Memory: 550912K Free: 534586K (97%)
ptolemy.util.test.WatchDog.cancel(): canceling Sat Apr 28 17:56:01 UTC 2018
------------------ testing $PTII/ptolemy/domains/de/test/auto/ResettableTimer2.xml
auto.tcl: Setting watchdog for 200 seconds at Sat Apr 28 17:56:01 UTC 2018
3 ms. Memory: 549376K Free: 533338K (97%)
ptolemy.util.test.WatchDog.cancel(): canceling Sat Apr 28 17:56:01 UTC 2018
auto.tcl: Setting watchdog for 200 seconds at Sat Apr 28 17:56:01 UTC 2018
2 ms. Memory: 549376K Free: 533338K (97%)
ptolemy.util.test.WatchDog.cancel(): canceling Sat Apr 28 17:56:01 UTC 2018
------------------ testing $PTII/ptolemy/domains/de/test/auto/ResettableTimer3.xml
auto.tcl: Setting watchdog for 200 seconds at Sat Apr 28 17:56:01 UTC 2018
1 ms. Memory: 550912K Free: 534644K (97%)
ptolemy.util.test.WatchDog.cancel(): canceling Sat Apr 28 17:56:01 UTC 2018
auto.tcl: Setting watchdog for 200 seconds at Sat Apr 28 17:56:01 UTC 2018
1 ms. Memory: 550912K Free: 534644K (97%)
ptolemy.util.test.WatchDog.cancel(): canceling Sat Apr 28 17:56:01 UTC 2018
------------------ testing $PTII/ptolemy/domains/de/test/auto/ResettableTimer4.xml
auto.tcl: Setting watchdog for 200 seconds at Sat Apr 28 17:56:01 UTC 2018
1 ms. Memory: 549376K Free: 533350K (97%)
ptolemy.util.test.WatchDog.cancel(): canceling Sat Apr 28 17:56:01 UTC 2018
auto.tcl: Setting watchdog for 200 seconds at Sat Apr 28 17:56:01 UTC 2018
2 ms. Memory: 549376K Free: 533350K (97%)
ptolemy.util.test.WatchDog.cancel(): canceling Sat Apr 28 17:56:01 UTC 2018
------------------ testing $PTII/ptolemy/domains/de/test/auto/ResettableTimer5.xml
auto.tcl: Setting watchdog for 200 seconds at Sat Apr 28 17:56:01 UTC 2018
1 ms. Memory: 550400K Free: 534373K (97%)
ptolemy.util.test.WatchDog.cancel(): canceling Sat Apr 28 17:56:01 UTC 2018
auto.tcl: Setting watchdog for 200 seconds at Sat Apr 28 17:56:01 UTC 2018
1 ms. Memory: 550400K Free: 534373K (97%)
ptolemy.util.test.WatchDog.cancel(): canceling Sat Apr 28 17:56:01 UTC 2018
------------------ testing $PTII/ptolemy/domains/de/test/auto/ResettableTimer6.xml
auto.tcl: Setting watchdog for 200 seconds at Sat Apr 28 17:56:01 UTC 2018
2 ms. Memory: 549376K Free: 528388K (96%)
ptolemy.util.test.WatchDog.cancel(): canceling Sat Apr 28 17:56:01 UTC 2018
auto.tcl: Setting watchdog for 200 seconds at Sat Apr 28 17:56:01 UTC 2018
1 ms. Memory: 549376K Free: 528388K (96%)
ptolemy.util.test.WatchDog.cancel(): canceling Sat Apr 28 17:56:01 UTC 2018
------------------ testing $PTII/ptolemy/domains/de/test/auto/ServerZeroDelay.xml
auto.tcl: Setting watchdog for 200 seconds at Sat Apr 28 17:56:01 UTC 2018
2 ms. Memory: 550400K Free: 534313K (97%)
ptolemy.util.test.WatchDog.cancel(): canceling Sat Apr 28 17:56:01 UTC 2018
auto.tcl: Setting watchdog for 200 seconds at Sat Apr 28 17:56:01 UTC 2018
2 ms. Memory: 550400K Free: 534313K (97%)
ptolemy.util.test.WatchDog.cancel(): canceling Sat Apr 28 17:56:01 UTC 2018
------------------ testing $PTII/ptolemy/domains/de/test/auto/SmartSender.xml
auto.tcl: Setting watchdog for 200 seconds at Sat Apr 28 17:56:01 UTC 2018
3001 ms. Memory: 549376K Free: 528605K (96%)
ptolemy.util.test.WatchDog.cancel(): canceling Sat Apr 28 17:56:04 UTC 2018
auto.tcl: Setting watchdog for 200 seconds at Sat Apr 28 17:56:04 UTC 2018
3002 ms. Memory: 549376K Free: 528605K (96%)
ptolemy.util.test.WatchDog.cancel(): canceling Sat Apr 28 17:56:07 UTC 2018
------------------ testing $PTII/ptolemy/domains/de/test/auto/ThreadedComposite.xml
auto.tcl: Setting watchdog for 200 seconds at Sat Apr 28 17:56:07 UTC 2018
230 ms. Memory: 550400K Free: 513331K (93%)
ptolemy.util.test.WatchDog.cancel(): canceling Sat Apr 28 17:56:07 UTC 2018
auto.tcl: Setting watchdog for 200 seconds at Sat Apr 28 17:56:07 UTC 2018
169 ms. Memory: 550400K Free: 487891K (89%)
ptolemy.util.test.WatchDog.cancel(): canceling Sat Apr 28 17:56:07 UTC 2018
------------------ testing $PTII/ptolemy/domains/de/test/auto/Time.xml
auto.tcl: Setting watchdog for 200 seconds at Sat Apr 28 17:56:07 UTC 2018
522 ms. Memory: 549376K Free: 481302K (88%)
ptolemy.util.test.WatchDog.cancel(): canceling Sat Apr 28 17:56:08 UTC 2018
auto.tcl: Setting watchdog for 200 seconds at Sat Apr 28 17:56:08 UTC 2018
495 ms. Memory: 549376K Free: 427529K (78%)
ptolemy.util.test.WatchDog.cancel(): canceling Sat Apr 28 17:56:08 UTC 2018
------------------ testing $PTII/ptolemy/domains/de/test/auto/TimeDelayZeroDelay.xml
auto.tcl: Setting watchdog for 200 seconds at Sat Apr 28 17:56:09 UTC 2018
5 ms. Memory: 550400K Free: 533999K (97%)
ptolemy.util.test.WatchDog.cancel(): canceling Sat Apr 28 17:56:09 UTC 2018
auto.tcl: Setting watchdog for 200 seconds at Sat Apr 28 17:56:09 UTC 2018
2 ms. Memory: 550400K Free: 533999K (97%)
ptolemy.util.test.WatchDog.cancel(): canceling Sat Apr 28 17:56:09 UTC 2018
------------------ testing $PTII/ptolemy/domains/de/test/auto/TimerZeroDelay.xml
auto.tcl: Setting watchdog for 200 seconds at Sat Apr 28 17:56:09 UTC 2018
4 ms. Memory: 549376K Free: 533249K (97%)
ptolemy.util.test.WatchDog.cancel(): canceling Sat Apr 28 17:56:09 UTC 2018
auto.tcl: Setting watchdog for 200 seconds at Sat Apr 28 17:56:09 UTC 2018
2 ms. Memory: 549376K Free: 533249K (97%)
ptolemy.util.test.WatchDog.cancel(): canceling Sat Apr 28 17:56:09 UTC 2018
------------------ testing $PTII/ptolemy/domains/de/test/auto/TimingParadox.xml
auto.tcl: Setting watchdog for 200 seconds at Sat Apr 28 17:56:09 UTC 2018
363 ms. Memory: 549888K Free: 467124K (85%)
ptolemy.util.test.WatchDog.cancel(): canceling Sat Apr 28 17:56:09 UTC 2018
auto.tcl: Setting watchdog for 200 seconds at Sat Apr 28 17:56:09 UTC 2018
343 ms. Memory: 549888K Free: 433516K (79%)
ptolemy.util.test.WatchDog.cancel(): canceling Sat Apr 28 17:56:09 UTC 2018
------------------ testing $PTII/ptolemy/domains/de/test/auto/TransferInputs.xml
auto.tcl: Setting watchdog for 200 seconds at Sat Apr 28 17:56:10 UTC 2018
8 ms. Memory: 549888K Free: 532664K (97%)
ptolemy.util.test.WatchDog.cancel(): canceling Sat Apr 28 17:56:10 UTC 2018
auto.tcl: Setting watchdog for 200 seconds at Sat Apr 28 17:56:10 UTC 2018
2 ms. Memory: 549888K Free: 532664K (97%)
ptolemy.util.test.WatchDog.cancel(): canceling Sat Apr 28 17:56:10 UTC 2018
------------------ testing $PTII/ptolemy/domains/de/test/auto/TransferOutputs2.xml
auto.tcl: Setting watchdog for 200 seconds at Sat Apr 28 17:56:10 UTC 2018
8 ms. Memory: 549376K Free: 525354K (96%)
ptolemy.util.test.WatchDog.cancel(): canceling Sat Apr 28 17:56:10 UTC 2018
auto.tcl: Setting watchdog for 200 seconds at Sat Apr 28 17:56:10 UTC 2018
2 ms. Memory: 549376K Free: 525354K (96%)
ptolemy.util.test.WatchDog.cancel(): canceling Sat Apr 28 17:56:10 UTC 2018
------------------ testing $PTII/ptolemy/domains/de/test/auto/Trilateration.xml
auto.tcl: Setting watchdog for 200 seconds at Sat Apr 28 17:56:10 UTC 2018
13757 ms. Memory: 628224K Free: 379082K (60%)
ptolemy.util.test.WatchDog.cancel(): canceling Sat Apr 28 17:56:24 UTC 2018
auto.tcl: Setting watchdog for 200 seconds at Sat Apr 28 17:56:24 UTC 2018
10719 ms. Memory: 508416K Free: 118358K (23%)
ptolemy.util.test.WatchDog.cancel(): canceling Sat Apr 28 17:56:35 UTC 2018
------------------ testing $PTII/ptolemy/domains/de/test/auto/TwoSigmaDelta.xml
auto.tcl: Setting watchdog for 200 seconds at Sat Apr 28 17:56:35 UTC 2018
2405 ms. Memory: 512000K Free: 221839K (43%)
ptolemy.util.test.WatchDog.cancel(): canceling Sat Apr 28 17:56:38 UTC 2018
auto.tcl: Setting watchdog for 200 seconds at Sat Apr 28 17:56:38 UTC 2018
1889 ms. Memory: 489472K Free: 395715K (81%)
ptolemy.util.test.WatchDog.cancel(): canceling Sat Apr 28 17:56:40 UTC 2018
------------------ testing $PTII/ptolemy/domains/de/test/auto/VariableDelay.xml
auto.tcl: Setting watchdog for 200 seconds at Sat Apr 28 17:56:40 UTC 2018
2 ms. Memory: 492032K Free: 471162K (96%)
ptolemy.util.test.WatchDog.cancel(): canceling Sat Apr 28 17:56:40 UTC 2018
auto.tcl: Setting watchdog for 200 seconds at Sat Apr 28 17:56:40 UTC 2018
2 ms. Memory: 492032K Free: 471162K (96%)
ptolemy.util.test.WatchDog.cancel(): canceling Sat Apr 28 17:56:40 UTC 2018
------------------ testing $PTII/ptolemy/domains/de/test/auto/VariableDelay2.xml
auto.tcl: Setting watchdog for 200 seconds at Sat Apr 28 17:56:40 UTC 2018
7 ms. Memory: 488960K Free: 472586K (97%)
ptolemy.util.test.WatchDog.cancel(): canceling Sat Apr 28 17:56:40 UTC 2018
auto.tcl: Setting watchdog for 200 seconds at Sat Apr 28 17:56:40 UTC 2018
2 ms. Memory: 488960K Free: 472586K (97%)
ptolemy.util.test.WatchDog.cancel(): canceling Sat Apr 28 17:56:40 UTC 2018
------------------ testing $PTII/ptolemy/domains/de/test/auto/VariableDelayZeroDelay.xml
auto.tcl: Setting watchdog for 200 seconds at Sat Apr 28 17:56:40 UTC 2018
2 ms. Memory: 491520K Free: 471069K (96%)
ptolemy.util.test.WatchDog.cancel(): canceling Sat Apr 28 17:56:40 UTC 2018
auto.tcl: Setting watchdog for 200 seconds at Sat Apr 28 17:56:40 UTC 2018
2 ms. Memory: 491520K Free: 471069K (96%)
ptolemy.util.test.WatchDog.cancel(): canceling Sat Apr 28 17:56:40 UTC 2018
------------------ testing $PTII/ptolemy/domains/de/test/auto/VariableDelayZeroDelay2.xml
auto.tcl: Setting watchdog for 200 seconds at Sat Apr 28 17:56:40 UTC 2018
5 ms. Memory: 488960K Free: 468507K (96%)
ptolemy.util.test.WatchDog.cancel(): canceling Sat Apr 28 17:56:40 UTC 2018
auto.tcl: Setting watchdog for 200 seconds at Sat Apr 28 17:56:40 UTC 2018
1 ms. Memory: 488960K Free: 468507K (96%)
ptolemy.util.test.WatchDog.cancel(): canceling Sat Apr 28 17:56:40 UTC 2018
------------------ testing $PTII/ptolemy/domains/de/test/auto/deInCt.xml
auto.tcl: Setting watchdog for 200 seconds at Sat Apr 28 17:56:40 UTC 2018
0
1
1
1
0
0
0
0
0
0
0
1
1
1
1
0
0
0
0
1
1
1
1
1
9 ms. Memory: 491008K Free: 470537K (96%)
ptolemy.util.test.WatchDog.cancel(): canceling Sat Apr 28 17:56:40 UTC 2018
auto.tcl: Setting watchdog for 200 seconds at Sat Apr 28 17:56:40 UTC 2018
0
1
1
1
0
0
0
1
1
1
0
0
0
1
1
1
1
0
0
0
1
1
1
1
0
0
0
1
1
0
0
0
0
0
1
1
1
1
4 ms. Memory: 491008K Free: 470537K (96%)
ptolemy.util.test.WatchDog.cancel(): canceling Sat Apr 28 17:56:40 UTC 2018
------------------ testing $PTII/ptolemy/domains/de/test/auto/deInCt2.xml
auto.tcl: Setting watchdog for 200 seconds at Sat Apr 28 17:56:40 UTC 2018
0
1
1
1
0
0
1
1
1
0
0
1
1
1
0
0
1
1
1
0
0
1
1
1
0
0
1
1
1
0
0
1
1
1
0
0
1
1
1
0
0
0
5 ms. Memory: 488960K Free: 468489K (96%)
ptolemy.util.test.WatchDog.cancel(): canceling Sat Apr 28 17:56:40 UTC 2018
auto.tcl: Setting watchdog for 200 seconds at Sat Apr 28 17:56:40 UTC 2018
0
1
1
1
0
0
1
1
1
0
0
1
1
1
0
0
1
1
1
0
0
1
1
1
0
0
1
1
1
0
0
1
1
1
0
0
1
1
1
0
0
0
5 ms. Memory: 488960K Free: 468489K (96%)
ptolemy.util.test.WatchDog.cancel(): canceling Sat Apr 28 17:56:40 UTC 2018
------------------ testing $PTII/ptolemy/domains/de/test/auto/dynamicCausalityInterface1.xml
auto.tcl: Setting watchdog for 200 seconds at Sat Apr 28 17:56:40 UTC 2018
3 ms. Memory: 491008K Free: 468357K (95%)
ptolemy.util.test.WatchDog.cancel(): canceling Sat Apr 28 17:56:40 UTC 2018
auto.tcl: Setting watchdog for 200 seconds at Sat Apr 28 17:56:40 UTC 2018
1 ms. Memory: 491008K Free: 468357K (95%)
ptolemy.util.test.WatchDog.cancel(): canceling Sat Apr 28 17:56:40 UTC 2018
------------------ testing $PTII/ptolemy/domains/de/test/auto/fsm_de_test.xml
auto.tcl: Setting watchdog for 200 seconds at Sat Apr 28 17:56:40 UTC 2018
11 ms. Memory: 488960K Free: 462120K (95%)
ptolemy.util.test.WatchDog.cancel(): canceling Sat Apr 28 17:56:40 UTC 2018
auto.tcl: Setting watchdog for 200 seconds at Sat Apr 28 17:56:40 UTC 2018
8 ms. Memory: 488960K Free: 462120K (95%)
ptolemy.util.test.WatchDog.cancel(): canceling Sat Apr 28 17:56:40 UTC 2018
------------------ testing $PTII/ptolemy/domains/de/test/auto/functionDependencyReconstruction.xml
auto.tcl: Setting watchdog for 200 seconds at Sat Apr 28 17:56:40 UTC 2018
2 ms. Memory: 490496K Free: 457373K (93%)
ptolemy.util.test.WatchDog.cancel(): canceling Sat Apr 28 17:56:40 UTC 2018
auto.tcl: Setting watchdog for 200 seconds at Sat Apr 28 17:56:40 UTC 2018
3 ms. Memory: 490496K Free: 457373K (93%)
ptolemy.util.test.WatchDog.cancel(): canceling Sat Apr 28 17:56:40 UTC 2018
------------------ testing $PTII/ptolemy/domains/de/test/auto/multirate.xml
auto.tcl: Setting watchdog for 200 seconds at Sat Apr 28 17:56:40 UTC 2018
7 ms. Memory: 488960K Free: 468262K (96%)
ptolemy.util.test.WatchDog.cancel(): canceling Sat Apr 28 17:56:40 UTC 2018
auto.tcl: Setting watchdog for 200 seconds at Sat Apr 28 17:56:40 UTC 2018
3 ms. Memory: 488960K Free: 461964K (94%)
ptolemy.util.test.WatchDog.cancel(): canceling Sat Apr 28 17:56:40 UTC 2018
------------------ testing $PTII/ptolemy/domains/de/test/auto/multirate2.xml
auto.tcl: Setting watchdog for 200 seconds at Sat Apr 28 17:56:40 UTC 2018
2 ms. Memory: 490496K Free: 469986K (96%)
ptolemy.util.test.WatchDog.cancel(): canceling Sat Apr 28 17:56:41 UTC 2018
auto.tcl: Setting watchdog for 200 seconds at Sat Apr 28 17:56:41 UTC 2018
3 ms. Memory: 490496K Free: 463704K (95%)
ptolemy.util.test.WatchDog.cancel(): canceling Sat Apr 28 17:56:41 UTC 2018
------------------ testing $PTII/ptolemy/domains/de/test/auto/realtime.xml
auto.tcl: Setting watchdog for 200 seconds at Sat Apr 28 17:56:41 UTC 2018
10003 ms. Memory: 488960K Free: 468434K (96%)
ptolemy.util.test.WatchDog.cancel(): canceling Sat Apr 28 17:56:51 UTC 2018
auto.tcl: Setting watchdog for 200 seconds at Sat Apr 28 17:56:51 UTC 2018
10001 ms. Memory: 488960K Free: 468434K (96%)
ptolemy.util.test.WatchDog.cancel(): canceling Sat Apr 28 17:57:01 UTC 2018
------------------ testing $PTII/ptolemy/domains/de/test/auto/relationGroup.xml
auto.tcl: Setting watchdog for 200 seconds at Sat Apr 28 17:57:01 UTC 2018
1 ms. Memory: 489984K Free: 473573K (97%)
ptolemy.util.test.WatchDog.cancel(): canceling Sat Apr 28 17:57:01 UTC 2018
auto.tcl: Setting watchdog for 200 seconds at Sat Apr 28 17:57:01 UTC 2018
1 ms. Memory: 489984K Free: 473573K (97%)
ptolemy.util.test.WatchDog.cancel(): canceling Sat Apr 28 17:57:01 UTC 2018
------------------ testing $PTII/ptolemy/domains/de/test/auto/relationGroup2.xml
auto.tcl: Setting watchdog for 200 seconds at Sat Apr 28 17:57:01 UTC 2018
2 ms. Memory: 488960K Free: 468500K (96%)
ptolemy.util.test.WatchDog.cancel(): canceling Sat Apr 28 17:57:01 UTC 2018
auto.tcl: Setting watchdog for 200 seconds at Sat Apr 28 17:57:01 UTC 2018
1 ms. Memory: 488960K Free: 468500K (96%)
ptolemy.util.test.WatchDog.cancel(): canceling Sat Apr 28 17:57:01 UTC 2018
------------------ testing $PTII/ptolemy/domains/de/test/auto/sortWithOpaquePorts.xml
auto.tcl: Setting watchdog for 200 seconds at Sat Apr 28 17:57:01 UTC 2018
1 ms. Memory: 489984K Free: 473600K (97%)
ptolemy.util.test.WatchDog.cancel(): canceling Sat Apr 28 17:57:01 UTC 2018
auto.tcl: Setting watchdog for 200 seconds at Sat Apr 28 17:57:01 UTC 2018
2 ms. Memory: 489984K Free: 473600K (97%)
ptolemy.util.test.WatchDog.cancel(): canceling Sat Apr 28 17:57:01 UTC 2018
------------------ testing $PTII/ptolemy/domains/de/test/auto/transferInputsandOutputs.xml
auto.tcl: Setting watchdog for 200 seconds at Sat Apr 28 17:57:01 UTC 2018
1 ms. Memory: 488960K Free: 468488K (96%)
ptolemy.util.test.WatchDog.cancel(): canceling Sat Apr 28 17:57:01 UTC 2018
auto.tcl: Setting watchdog for 200 seconds at Sat Apr 28 17:57:01 UTC 2018
1 ms. Memory: 488960K Free: 462222K (95%)
ptolemy.util.test.WatchDog.cancel(): canceling Sat Apr 28 17:57:01 UTC 2018
------------------ testing $PTII/ptolemy/domains/de/test/auto/triggerType.xml
auto.tcl: Setting watchdog for 200 seconds at Sat Apr 28 17:57:01 UTC 2018
3 ms. Memory: 489984K Free: 461311K (94%)
ptolemy.util.test.WatchDog.cancel(): canceling Sat Apr 28 17:57:01 UTC 2018
auto.tcl: Setting watchdog for 200 seconds at Sat Apr 28 17:57:01 UTC 2018
1 ms. Memory: 489984K Free: 461311K (94%)
ptolemy.util.test.WatchDog.cancel(): canceling Sat Apr 28 17:57:01 UTC 2018
04/28/18 05:57:01
Failed: 0  Total Tests: 192  ((Passed: 187, Newly Passed: 1)  Known Failed: 5) /home/travis/build/icyphy/ptII/ptolemy/domains/de/test
04/28/18 05:57:01
Failed: 0  Total Tests: 192  ((Passed: 187, Newly Passed: 1)  Known Failed: 5) /home/travis/build/icyphy/ptII/ptolemy/domains/de/test
----------------- testing (KnownFailure) /home/travis/build/icyphy/ptII/ptolemy/domains/de/test/auto/knownFailedTests/DESDFClockTest.xml
2019 ms. Memory: 488960K Free: 460294K (94%)
Known Failure: java.lang.reflect.InvocationTargetException
----------------- testing (KnownFailure) /home/travis/build/icyphy/ptII/ptolemy/domains/de/test/auto/knownFailedTests/DirectFeedback.xml
1 ms. Memory: 488960K Free: 443991K (91%)
Known Failure: java.lang.reflect.InvocationTargetException
----------------- testing (KnownFailure) /home/travis/build/icyphy/ptII/ptolemy/domains/de/test/auto/knownFailedTests/FSMSource.xml
4 ms. Memory: 488960K Free: 423597K (87%)
----------------- testing (KnownFailure) /home/travis/build/icyphy/ptII/ptolemy/domains/de/test/auto/knownFailedTests/HierarchicalModel.xml
2 ms. Memory: 488960K Free: 399112K (82%)
Known Failure: java.lang.reflect.InvocationTargetException
----------------- testing (KnownFailure) /home/travis/build/icyphy/ptII/ptolemy/domains/de/test/auto/knownFailedTests/dependencyLoop.xml
2 ms. Memory: 488960K Free: 370567K (76%)
Known Failure: java.lang.reflect.InvocationTargetException
----------------- testing (KnownFailure) /home/travis/build/icyphy/ptII/ptolemy/domains/de/test/auto/knownFailedTests/dependencyLoop2.xml
1 ms. Memory: 488960K Free: 342006K (70%)
Known Failure: java.lang.reflect.InvocationTargetException
No auto/*.xml tests in /home/travis/build/icyphy/ptII/ptolemy/domains/de/test
AutoTests.java: About to close Vertx.
AutoTests.java: Vertx closed.
----------------- testing Sat Apr 28 17:57:03 UTC 2018 /home/travis/build/icyphy/ptII/ptolemy/domains/de/test/auto/ActorDepthCalculation_actorWithoutPorts.xml
1 ms. Memory: 488960K Free: 317537K (65%)
reloadAllAccessors: .ActorDepthCalculation_actorWithoutPorts
----------------- testing Sat Apr 28 17:57:03 UTC 2018 /home/travis/build/icyphy/ptII/ptolemy/domains/de/test/auto/AssemblyLine.xml
1 ms. Memory: 488960K Free: 305294K (62%)
reloadAllAccessors: .AssemblyLine
----------------- testing Sat Apr 28 17:57:03 UTC 2018 /home/travis/build/icyphy/ptII/ptolemy/domains/de/test/auto/CQBug1.xml
1 ms. Memory: 488960K Free: 297143K (61%)
reloadAllAccessors: .CQBug1
----------------- testing Sat Apr 28 17:57:03 UTC 2018 /home/travis/build/icyphy/ptII/ptolemy/domains/de/test/auto/CancelFireAt.xml
0 ms. Memory: 488960K Free: 288992K (59%)
reloadAllAccessors: .CancelFireAt
----------------- testing Sat Apr 28 17:57:03 UTC 2018 /home/travis/build/icyphy/ptII/ptolemy/domains/de/test/auto/CausalityAndComposabilityAnalysis.xml
1 ms. Memory: 488960K Free: 280841K (57%)
reloadAllAccessors: .CausalityAndComposabilityAnalysis
----------------- testing Sat Apr 28 17:57:03 UTC 2018 /home/travis/build/icyphy/ptII/ptolemy/domains/de/test/auto/CausalityInterface1.xml
4 ms. Memory: 488960K Free: 272689K (56%)
reloadAllAccessors: .CausalityInterface1
----------------- testing Sat Apr 28 17:57:03 UTC 2018 /home/travis/build/icyphy/ptII/ptolemy/domains/de/test/auto/CausalityInterface15.xml
1 ms. Memory: 488960K Free: 260447K (53%)
reloadAllAccessors: .CausalityInterface15
----------------- testing Sat Apr 28 17:57:03 UTC 2018 /home/travis/build/icyphy/ptII/ptolemy/domains/de/test/auto/CausalityInterface2.xml
1 ms. Memory: 488960K Free: 252296K (52%)
reloadAllAccessors: .CausalityInterface2
----------------- testing Sat Apr 28 17:57:03 UTC 2018 /home/travis/build/icyphy/ptII/ptolemy/domains/de/test/auto/CausalityInterface3.xml
1 ms. Memory: 488960K Free: 240053K (49%)
reloadAllAccessors: .CausalityInterface3
----------------- testing Sat Apr 28 17:57:03 UTC 2018 /home/travis/build/icyphy/ptII/ptolemy/domains/de/test/auto/ClockDrift.xml
14 ms. Memory: 488960K Free: 223735K (46%)
reloadAllAccessors: .ClockDrift
----------------- testing Sat Apr 28 17:57:03 UTC 2018 /home/travis/build/icyphy/ptII/ptolemy/domains/de/test/auto/ClockDriftAndValueChange.xml
7 ms. Memory: 488960K Free: 207432K (42%)
reloadAllAccessors: .ClockDriftAndValueChange
----------------- testing Sat Apr 28 17:57:03 UTC 2018 /home/travis/build/icyphy/ptII/ptolemy/domains/de/test/auto/ClockDriftChange.xml
7 ms. Memory: 488960K Free: 184840K (38%)
reloadAllAccessors: .ClockDriftChange
----------------- testing Sat Apr 28 17:57:03 UTC 2018 /home/travis/build/icyphy/ptII/ptolemy/domains/de/test/auto/ComposableCausalityAnalysis.xml
0 ms. Memory: 488960K Free: 172597K (35%)
reloadAllAccessors: .ComposableCausalityAnalysis
----------------- testing Sat Apr 28 17:57:03 UTC 2018 /home/travis/build/icyphy/ptII/ptolemy/domains/de/test/auto/DEFixedPointLimitation.xml
1 ms. Memory: 488960K Free: 164446K (34%)
reloadAllAccessors: .DEFixedPointLimitation
----------------- testing Sat Apr 28 17:57:03 UTC 2018 /home/travis/build/icyphy/ptII/ptolemy/domains/de/test/auto/DEScheduleTest.xml
1 ms. Memory: 488960K Free: 156295K (32%)
reloadAllAccessors: .DEScheduleTest
----------------- testing Sat Apr 28 17:57:03 UTC 2018 /home/travis/build/icyphy/ptII/ptolemy/domains/de/test/auto/DEinDEwithStartTimes.xml
1 ms. Memory: 488960K Free: 144052K (29%)
reloadAllAccessors: .DEinDEwithStartTimes
----------------- testing Sat Apr 28 17:57:03 UTC 2018 /home/travis/build/icyphy/ptII/ptolemy/domains/de/test/auto/DEinDEwithStartTimes2.xml
2 ms. Memory: 488960K Free: 131818K (27%)
reloadAllAccessors: .DEinDEwithStartTimes2
----------------- testing Sat Apr 28 17:57:03 UTC 2018 /home/travis/build/icyphy/ptII/ptolemy/domains/de/test/auto/DateDemo.xml
4 ms. Memory: 488960K Free: 115499K (24%)
reloadAllAccessors: .DateDemo
----------------- testing Sat Apr 28 17:57:03 UTC 2018 /home/travis/build/icyphy/ptII/ptolemy/domains/de/test/auto/DateToEvent.xml
2003 ms. Memory: 488960K Free: 90998K (19%)
reloadAllAccessors: .DateToEvent
----------------- testing Sat Apr 28 17:57:05 UTC 2018 /home/travis/build/icyphy/ptII/ptolemy/domains/de/test/auto/DepthTest1.xml
[...]
java.lang.RuntimeException: Execution failed
	at ptolemy.moml.MoMLSimpleApplication$UnloadThread.run(MoMLSimpleApplication.java:402)
Caused by: ptolemy.kernel.util.IllegalActionException: Test fails in iteration 1.
Value was: 1.0. Should have been: 2.0
  in .DirectFeedback.Test
	at ptolemy.actor.lib.Test.fire(Test.java:268)
	at ptolemy.domains.de.kernel.DEDirector._fire(DEDirector.java:1948)
	at ptolemy.domains.de.kernel.DEDirector.fire(DEDirector.java:502)
	at ptolemy.actor.CompositeActor.fire(CompositeActor.java:455)
	at ptolemy.actor.Manager.iterate(Manager.java:851)
	at ptolemy.actor.Manager.execute(Manager.java:369)
	at ptolemy.actor.Manager.run(Manager.java:1263)
	at ptolemy.actor.Manager$PtolemyRunThread.run(Manager.java:1915)
java.lang.RuntimeException: Execution failed
	at ptolemy.moml.MoMLSimpleApplication$UnloadThread.run(MoMLSimpleApplication.java:402)
Caused by: ptolemy.kernel.util.IllegalActionException: Actor is not ready to fire.  Perhaps UpSample.prefire() returned false? Try debugging the actor by selecting "Listen to Actor".  Also, for SDF check moml for tokenConsumptionRate on input.
  in .DESDFClockTest.Play Bell.Copy1:SDF Director and .DESDFClockTest.Play Bell.UpSample
	at ptolemy.actor.sched.StaticSchedulingDirector.fire(StaticSchedulingDirector.java:227)
	at ptolemy.domains.sdf.kernel.SDFDirector.fire(SDFDirector.java:500)
	at ptolemy.actor.CompositeActor.fire(CompositeActor.java:455)
	at ptolemy.domains.de.kernel.DEDirector._fire(DEDirector.java:1948)
	at ptolemy.domains.de.kernel.DEDirector.fire(DEDirector.java:502)
	at ptolemy.actor.CompositeActor.fire(CompositeActor.java:455)
	at ptolemy.actor.Manager.iterate(Manager.java:851)
	at ptolemy.actor.Manager.execute(Manager.java:369)
	at ptolemy.actor.Manager.run(Manager.java:1263)
	at ptolemy.actor.Manager$PtolemyRunThread.run(Manager.java:1915)
java.lang.reflect.InvocationTargetException
	at sun.reflect.NativeConstructorAccessorImpl.newInstance0(Native Method)
	at sun.reflect.NativeConstructorAccessorImpl.newInstance(NativeConstructorAccessorImpl.java:62)
	at sun.reflect.DelegatingConstructorAccessorImpl.newInstance(DelegatingConstructorAccessorImpl.java:45)
	at java.lang.reflect.Constructor.newInstance(Constructor.java:423)
	at ptolemy.util.test.junit.AutoKnownFailedTests.RunModel(AutoKnownFailedTests.java:107)
	at sun.reflect.NativeMethodAccessorImpl.invoke0(Native Method)
	at sun.reflect.NativeMethodAccessorImpl.invoke(NativeMethodAccessorImpl.java:62)
	at sun.reflect.DelegatingMethodAccessorImpl.invoke(DelegatingMethodAccessorImpl.java:43)
	at java.lang.reflect.Method.invoke(Method.java:498)
	at org.junit.runners.model.FrameworkMethod$1.runReflectiveCall(FrameworkMethod.java:44)
	at org.junit.internal.runners.model.ReflectiveCallable.run(ReflectiveCallable.java:15)
	at org.junit.runners.model.FrameworkMethod.invokeExplosively(FrameworkMethod.java:41)
	at junitparams.internal.InvokeParameterisedMethod.evaluate(InvokeParameterisedMethod.java:102)
	at org.junit.internal.runners.statements.FailOnTimeout$1.run(FailOnTimeout.java:28)
Caused by: ptolemy.kernel.util.IllegalActionException: Actor is not ready to fire.  Perhaps UpSample.prefire() returned false? Try debugging the actor by selecting "Listen to Actor".  Also, for SDF check moml for tokenConsumptionRate on input.
  in .DESDFClockTest.Play Bell.Copy1:SDF Director and .DESDFClockTest.Play Bell.UpSample
	at ptolemy.actor.sched.StaticSchedulingDirector.fire(StaticSchedulingDirector.java:227)
	at ptolemy.domains.sdf.kernel.SDFDirector.fire(SDFDirector.java:500)
	at ptolemy.actor.CompositeActor.fire(CompositeActor.java:455)
	at ptolemy.domains.de.kernel.DEDirector._fire(DEDirector.java:1948)
	at ptolemy.domains.de.kernel.DEDirector.fire(DEDirector.java:502)
	at ptolemy.actor.CompositeActor.fire(CompositeActor.java:455)
	at ptolemy.actor.Manager.iterate(Manager.java:851)
	at ptolemy.actor.Manager.execute(Manager.java:369)
	at ptolemy.actor.Manager.run(Manager.java:1263)
	at ptolemy.actor.Manager$PtolemyRunThread.run(Manager.java:1915)
java.lang.RuntimeException: Execution failed
	at ptolemy.moml.MoMLSimpleApplication$UnloadThread.run(MoMLSimpleApplication.java:402)
Caused by: ptolemy.kernel.util.IllegalActionException: Test fails in iteration 1.
Value was: 1.0. Should have been: 2.0
  in .DirectFeedback.Test
	at ptolemy.actor.lib.Test.fire(Test.java:268)
	at ptolemy.domains.de.kernel.DEDirector._fire(DEDirector.java:1948)
	at ptolemy.domains.de.kernel.DEDirector.fire(DEDirector.java:502)
	at ptolemy.actor.CompositeActor.fire(CompositeActor.java:455)
	at ptolemy.actor.Manager.iterate(Manager.java:851)
	at ptolemy.actor.Manager.execute(Manager.java:369)
	at ptolemy.actor.Manager.run(Manager.java:1263)
	at ptolemy.actor.Manager$PtolemyRunThread.run(Manager.java:1915)
java.lang.reflect.InvocationTargetException
	at sun.reflect.NativeConstructorAccessorImpl.newInstance0(Native Method)
	at sun.reflect.NativeConstructorAccessorImpl.newInstance(NativeConstructorAccessorImpl.java:62)
	at sun.reflect.DelegatingConstructorAccessorImpl.newInstance(DelegatingConstructorAccessorImpl.java:45)
	at java.lang.reflect.Constructor.newInstance(Constructor.java:423)
	at ptolemy.util.test.junit.AutoKnownFailedTests.RunModel(AutoKnownFailedTests.java:107)
	at sun.reflect.NativeMethodAccessorImpl.invoke0(Native Method)
	at sun.reflect.NativeMethodAccessorImpl.invoke(NativeMethodAccessorImpl.java:62)
	at sun.reflect.DelegatingMethodAccessorImpl.invoke(DelegatingMethodAccessorImpl.java:43)
	at java.lang.reflect.Method.invoke(Method.java:498)
	at org.junit.runners.model.FrameworkMethod$1.runReflectiveCall(FrameworkMethod.java:44)
	at org.junit.internal.runners.model.ReflectiveCallable.run(ReflectiveCallable.java:15)
	at org.junit.runners.model.FrameworkMethod.invokeExplosively(FrameworkMethod.java:41)
	at junitparams.internal.InvokeParameterisedMethod.evaluate(InvokeParameterisedMethod.java:102)
	at org.junit.internal.runners.statements.FailOnTimeout$1.run(FailOnTimeout.java:28)
Caused by: ptolemy.kernel.util.IllegalActionException: Test fails in iteration 1.
Value was: 1.0. Should have been: 2.0
  in .DirectFeedback.Test
	at ptolemy.actor.lib.Test.fire(Test.java:268)
	at ptolemy.domains.de.kernel.DEDirector._fire(DEDirector.java:1948)
	at ptolemy.domains.de.kernel.DEDirector.fire(DEDirector.java:502)
	at ptolemy.actor.CompositeActor.fire(CompositeActor.java:455)
	at ptolemy.actor.Manager.iterate(Manager.java:851)
	at ptolemy.actor.Manager.execute(Manager.java:369)
	at ptolemy.actor.Manager.run(Manager.java:1263)
	at ptolemy.actor.Manager$PtolemyRunThread.run(Manager.java:1915)
java.lang.RuntimeException: Execution failed
	at ptolemy.moml.MoMLSimpleApplication$UnloadThread.run(MoMLSimpleApplication.java:402)
Caused by: ptolemy.kernel.util.IllegalActionException: Found a zero delay loop containing .HierarchicalModel.A
  in .HierarchicalModel and .HierarchicalModel.A
	at ptolemy.actor.util.CausalityInterfaceForComposites._computeOutputPortDepth(CausalityInterfaceForComposites.java:759)
	at ptolemy.actor.util.CausalityInterfaceForComposites._computeInputDepth(CausalityInterfaceForComposites.java:696)
	at ptolemy.actor.util.CausalityInterfaceForComposites._computeOutputPortDepth(CausalityInterfaceForComposites.java:765)
	at ptolemy.actor.util.CausalityInterfaceForComposites._computeInputDepth(CausalityInterfaceForComposites.java:696)
	at ptolemy.actor.util.CausalityInterfaceForComposites._computeOutputPortDepth(CausalityInterfaceForComposites.java:765)
	at ptolemy.actor.util.CausalityInterfaceForComposites._computeInputDepth(CausalityInterfaceForComposites.java:696)
	at ptolemy.actor.util.CausalityInterfaceForComposites._computeActorDepth(CausalityInterfaceForComposites.java:532)
	at ptolemy.actor.util.CausalityInterfaceForComposites.checkForCycles(CausalityInterfaceForComposites.java:96)
	at ptolemy.domains.de.kernel.DEDirector.preinitialize(DEDirector.java:1337)
	at ptolemy.actor.CompositeActor.preinitialize(CompositeActor.java:1828)
	at ptolemy.actor.Manager.preinitializeAndResolveTypes(Manager.java:1040)
	at ptolemy.actor.Manager.initialize(Manager.java:710)
	at ptolemy.actor.Manager.execute(Manager.java:356)
	at ptolemy.actor.Manager.run(Manager.java:1263)
	at ptolemy.actor.Manager$PtolemyRunThread.run(Manager.java:1915)
java.lang.reflect.InvocationTargetException
	at sun.reflect.NativeConstructorAccessorImpl.newInstance0(Native Method)
	at sun.reflect.NativeConstructorAccessorImpl.newInstance(NativeConstructorAccessorImpl.java:62)
	at sun.reflect.DelegatingConstructorAccessorImpl.newInstance(DelegatingConstructorAccessorImpl.java:45)
	at java.lang.reflect.Constructor.newInstance(Constructor.java:423)
	at ptolemy.util.test.junit.AutoKnownFailedTests.RunModel(AutoKnownFailedTests.java:107)
	at sun.reflect.NativeMethodAccessorImpl.invoke0(Native Method)
	at sun.reflect.NativeMethodAccessorImpl.invoke(NativeMethodAccessorImpl.java:62)
	at sun.reflect.DelegatingMethodAccessorImpl.invoke(DelegatingMethodAccessorImpl.java:43)
	at java.lang.reflect.Method.invoke(Method.java:498)
	at org.junit.runners.model.FrameworkMethod$1.runReflectiveCall(FrameworkMethod.java:44)
	at org.junit.internal.runners.model.ReflectiveCallable.run(ReflectiveCallable.java:15)
	at org.junit.runners.model.FrameworkMethod.invokeExplosively(FrameworkMethod.java:41)
	at junitparams.internal.InvokeParameterisedMethod.evaluate(InvokeParameterisedMethod.java:102)
	at org.junit.internal.runners.statements.FailOnTimeout$1.run(FailOnTimeout.java:28)
Caused by: ptolemy.kernel.util.IllegalActionException: Found a zero delay loop containing .HierarchicalModel.A
  in .HierarchicalModel and .HierarchicalModel.A
	at ptolemy.actor.util.CausalityInterfaceForComposites._computeOutputPortDepth(CausalityInterfaceForComposites.java:759)
	at ptolemy.actor.util.CausalityInterfaceForComposites._computeInputDepth(CausalityInterfaceForComposites.java:696)
	at ptolemy.actor.util.CausalityInterfaceForComposites._computeOutputPortDepth(CausalityInterfaceForComposites.java:765)
	at ptolemy.actor.util.CausalityInterfaceForComposites._computeInputDepth(CausalityInterfaceForComposites.java:696)
	at ptolemy.actor.util.CausalityInterfaceForComposites._computeOutputPortDepth(CausalityInterfaceForComposites.java:765)
	at ptolemy.actor.util.CausalityInterfaceForComposites._computeInputDepth(CausalityInterfaceForComposites.java:696)
	at ptolemy.actor.util.CausalityInterfaceForComposites._computeActorDepth(CausalityInterfaceForComposites.java:532)
	at ptolemy.actor.util.CausalityInterfaceForComposites.checkForCycles(CausalityInterfaceForComposites.java:96)
	at ptolemy.domains.de.kernel.DEDirector.preinitialize(DEDirector.java:1337)
	at ptolemy.actor.CompositeActor.preinitialize(CompositeActor.java:1828)
	at ptolemy.actor.Manager.preinitializeAndResolveTypes(Manager.java:1040)
	at ptolemy.actor.Manager.initialize(Manager.java:710)
	at ptolemy.actor.Manager.execute(Manager.java:356)
	at ptolemy.actor.Manager.run(Manager.java:1263)
	at ptolemy.actor.Manager$PtolemyRunThread.run(Manager.java:1915)
java.lang.RuntimeException: Execution failed
	at ptolemy.moml.MoMLSimpleApplication$UnloadThread.run(MoMLSimpleApplication.java:402)
Caused by: ptolemy.kernel.util.IllegalActionException: Found a zero delay loop containing .dependencyLoop.original
  in .dependencyLoop and .dependencyLoop.original
	at ptolemy.actor.util.CausalityInterfaceForComposites._computeOutputPortDepth(CausalityInterfaceForComposites.java:759)
	at ptolemy.actor.util.CausalityInterfaceForComposites._computeInputDepth(CausalityInterfaceForComposites.java:696)
	at ptolemy.actor.util.CausalityInterfaceForComposites._computeOutputPortDepth(CausalityInterfaceForComposites.java:765)
	at ptolemy.actor.util.CausalityInterfaceForComposites._computeInputDepth(CausalityInterfaceForComposites.java:696)
	at ptolemy.actor.util.CausalityInterfaceForComposites._computeOutputPortDepth(CausalityInterfaceForComposites.java:765)
	at ptolemy.actor.util.CausalityInterfaceForComposites._computeInputDepth(CausalityInterfaceForComposites.java:696)
	at ptolemy.actor.util.CausalityInterfaceForComposites._computeActorDepth(CausalityInterfaceForComposites.java:532)
	at ptolemy.actor.util.CausalityInterfaceForComposites.checkForCycles(CausalityInterfaceForComposites.java:96)
	at ptolemy.domains.de.kernel.DEDirector.preinitialize(DEDirector.java:1337)
	at ptolemy.actor.CompositeActor.preinitialize(CompositeActor.java:1828)
	at ptolemy.actor.Manager.preinitializeAndResolveTypes(Manager.java:1040)
	at ptolemy.actor.Manager.initialize(Manager.java:710)
	at ptolemy.actor.Manager.execute(Manager.java:356)
	at ptolemy.actor.Manager.run(Manager.java:1263)
	at ptolemy.actor.Manager$PtolemyRunThread.run(Manager.java:1915)
java.lang.reflect.InvocationTargetException
	at sun.reflect.NativeConstructorAccessorImpl.newInstance0(Native Method)
	at sun.reflect.NativeConstructorAccessorImpl.newInstance(NativeConstructorAccessorImpl.java:62)
	at sun.reflect.DelegatingConstructorAccessorImpl.newInstance(DelegatingConstructorAccessorImpl.java:45)
	at java.lang.reflect.Constructor.newInstance(Constructor.java:423)
	at ptolemy.util.test.junit.AutoKnownFailedTests.RunModel(AutoKnownFailedTests.java:107)
	at sun.reflect.NativeMethodAccessorImpl.invoke0(Native Method)
	at sun.reflect.NativeMethodAccessorImpl.invoke(NativeMethodAccessorImpl.java:62)
	at sun.reflect.DelegatingMethodAccessorImpl.invoke(DelegatingMethodAccessorImpl.java:43)
	at java.lang.reflect.Method.invoke(Method.java:498)
	at org.junit.runners.model.FrameworkMethod$1.runReflectiveCall(FrameworkMethod.java:44)
	at org.junit.internal.runners.model.ReflectiveCallable.run(ReflectiveCallable.java:15)
	at org.junit.runners.model.FrameworkMethod.invokeExplosively(FrameworkMethod.java:41)
	at junitparams.internal.InvokeParameterisedMethod.evaluate(InvokeParameterisedMethod.java:102)
	at org.junit.internal.runners.statements.FailOnTimeout$1.run(FailOnTimeout.java:28)
Caused by: ptolemy.kernel.util.IllegalActionException: Found a zero delay loop containing .dependencyLoop.original
  in .dependencyLoop and .dependencyLoop.original
	at ptolemy.actor.util.CausalityInterfaceForComposites._computeOutputPortDepth(CausalityInterfaceForComposites.java:759)
	at ptolemy.actor.util.CausalityInterfaceForComposites._computeInputDepth(CausalityInterfaceForComposites.java:696)
	at ptolemy.actor.util.CausalityInterfaceForComposites._computeOutputPortDepth(CausalityInterfaceForComposites.java:765)
	at ptolemy.actor.util.CausalityInterfaceForComposites._computeInputDepth(CausalityInterfaceForComposites.java:696)
	at ptolemy.actor.util.CausalityInterfaceForComposites._computeOutputPortDepth(CausalityInterfaceForComposites.java:765)
	at ptolemy.actor.util.CausalityInterfaceForComposites._computeInputDepth(CausalityInterfaceForComposites.java:696)
	at ptolemy.actor.util.CausalityInterfaceForComposites._computeActorDepth(CausalityInterfaceForComposites.java:532)
	at ptolemy.actor.util.CausalityInterfaceForComposites.checkForCycles(CausalityInterfaceForComposites.java:96)
	at ptolemy.domains.de.kernel.DEDirector.preinitialize(DEDirector.java:1337)
	at ptolemy.actor.CompositeActor.preinitialize(CompositeActor.java:1828)
	at ptolemy.actor.Manager.preinitializeAndResolveTypes(Manager.java:1040)
	at ptolemy.actor.Manager.initialize(Manager.java:710)
	at ptolemy.actor.Manager.execute(Manager.java:356)
	at ptolemy.actor.Manager.run(Manager.java:1263)
	at ptolemy.actor.Manager$PtolemyRunThread.run(Manager.java:1915)
java.lang.RuntimeException: Execution failed
	at ptolemy.moml.MoMLSimpleApplication$UnloadThread.run(MoMLSimpleApplication.java:402)
Caused by: ptolemy.kernel.util.IllegalActionException: Found a zero delay loop containing .dependencyLoop2.original
  in .dependencyLoop2 and .dependencyLoop2.original
	at ptolemy.actor.util.CausalityInterfaceForComposites._computeOutputPortDepth(CausalityInterfaceForComposites.java:759)
	at ptolemy.actor.util.CausalityInterfaceForComposites._computeInputDepth(CausalityInterfaceForComposites.java:696)
	at ptolemy.actor.util.CausalityInterfaceForComposites._computeOutputPortDepth(CausalityInterfaceForComposites.java:765)
	at ptolemy.actor.util.CausalityInterfaceForComposites._computeInputDepth(CausalityInterfaceForComposites.java:696)
	at ptolemy.actor.util.CausalityInterfaceForComposites._computeOutputPortDepth(CausalityInterfaceForComposites.java:765)
	at ptolemy.actor.util.CausalityInterfaceForComposites._computeInputDepth(CausalityInterfaceForComposites.java:696)
	at ptolemy.actor.util.CausalityInterfaceForComposites._computeActorDepth(CausalityInterfaceForComposites.java:532)
	at ptolemy.actor.util.CausalityInterfaceForComposites.checkForCycles(CausalityInterfaceForComposites.java:96)
	at ptolemy.domains.de.kernel.DEDirector.preinitialize(DEDirector.java:1337)
	at ptolemy.actor.CompositeActor.preinitialize(CompositeActor.java:1828)
	at ptolemy.actor.Manager.preinitializeAndResolveTypes(Manager.java:1040)
	at ptolemy.actor.Manager.initialize(Manager.java:710)
	at ptolemy.actor.Manager.execute(Manager.java:356)
	at ptolemy.actor.Manager.run(Manager.java:1263)
	at ptolemy.actor.Manager$PtolemyRunThread.run(Manager.java:1915)
java.lang.reflect.InvocationTargetException
	at sun.reflect.NativeConstructorAccessorImpl.newInstance0(Native Method)
	at sun.reflect.NativeConstructorAccessorImpl.newInstance(NativeConstructorAccessorImpl.java:62)
	at sun.reflect.DelegatingConstructorAccessorImpl.newInstance(DelegatingConstructorAccessorImpl.java:45)
	at java.lang.reflect.Constructor.newInstance(Constructor.java:423)
	at ptolemy.util.test.junit.AutoKnownFailedTests.RunModel(AutoKnownFailedTests.java:107)
	at sun.reflect.NativeMethodAccessorImpl.invoke0(Native Method)
	at sun.reflect.NativeMethodAccessorImpl.invoke(NativeMethodAccessorImpl.java:62)
	at sun.reflect.DelegatingMethodAccessorImpl.invoke(DelegatingMethodAccessorImpl.java:43)
	at java.lang.reflect.Method.invoke(Method.java:498)
	at org.junit.runners.model.FrameworkMethod$1.runReflectiveCall(FrameworkMethod.java:44)
	at org.junit.internal.runners.model.ReflectiveCallable.run(ReflectiveCallable.java:15)
	at org.junit.runners.model.FrameworkMethod.invokeExplosively(FrameworkMethod.java:41)
	at junitparams.internal.InvokeParameterisedMethod.evaluate(InvokeParameterisedMethod.java:102)
	at org.junit.internal.runners.statements.FailOnTimeout$1.run(FailOnTimeout.java:28)
Caused by: ptolemy.kernel.util.IllegalActionException: Found a zero delay loop containing .dependencyLoop2.original
  in .dependencyLoop2 and .dependencyLoop2.original
	at ptolemy.actor.util.CausalityInterfaceForComposites._computeOutputPortDepth(CausalityInterfaceForComposites.java:759)
	at ptolemy.actor.util.CausalityInterfaceForComposites._computeInputDepth(CausalityInterfaceForComposites.java:696)
	at ptolemy.actor.util.CausalityInterfaceForComposites._computeOutputPortDepth(CausalityInterfaceForComposites.java:765)
	at ptolemy.actor.util.CausalityInterfaceForComposites._computeInputDepth(CausalityInterfaceForComposites.java:696)
	at ptolemy.actor.util.CausalityInterfaceForComposites._computeOutputPortDepth(CausalityInterfaceForComposites.java:765)
	at ptolemy.actor.util.CausalityInterfaceForComposites._computeInputDepth(CausalityInterfaceForComposites.java:696)
	at ptolemy.actor.util.CausalityInterfaceForComposites._computeActorDepth(CausalityInterfaceForComposites.java:532)
	at ptolemy.actor.util.CausalityInterfaceForComposites.checkForCycles(CausalityInterfaceForComposites.java:96)
	at ptolemy.domains.de.kernel.DEDirector.preinitialize(DEDirector.java:1337)
	at ptolemy.actor.CompositeActor.preinitialize(CompositeActor.java:1828)
	at ptolemy.actor.Manager.preinitializeAndResolveTypes(Manager.java:1040)
	at ptolemy.actor.Manager.initialize(Manager.java:710)
	at ptolemy.actor.Manager.execute(Manager.java:356)
	at ptolemy.actor.Manager.run(Manager.java:1263)
	at ptolemy.actor.Manager$PtolemyRunThread.run(Manager.java:1915)
]]></system-err>
</testsuite>
