<?xml version="1.0" encoding="UTF-8" ?>
<testsuite errors="0" failures="0" hostname="travis-job-06fa3f54-f2c8-4c17-8baa-e22769e93808" name="ptolemy.domains.modal.test.junit.JUnitTclTest" skipped="0" tests="148" time="11.108" timestamp="2018-05-02T18:09:16">
  <properties>
[...]
</properties>
  <testcase classname="ptolemy.util.test.junit.TclTests" name="[0] /home/travis/build/icyphy/ptII/ptolemy/domains/modal/test/SystemLevelType.tcl (RunTclFile)" time="1.968" />
  <testcase classname="ptolemy.util.test.junit.AutoKnownFailedTests" name="[0] /home/travis/build/icyphy/ptII/ptolemy/domains/modal/test/auto/knownFailedTests/CannotAnalysisWithPreemption.xml (RunModel)" time="0.103" />
  <testcase classname="ptolemy.util.test.junit.AutoNameArchTests" name="[0] ThereAreNoAutoTests (RunModel)" time="0.0" />
  <testcase classname="ptolemy.util.test.junit.AutoTests" name="[0] /home/travis/build/icyphy/ptII/ptolemy/domains/modal/test/auto/ABPTest.xml (RunModel)" time="0.85" />
  <testcase classname="ptolemy.util.test.junit.AutoTests" name="[1] /home/travis/build/icyphy/ptII/ptolemy/domains/modal/test/auto/ABROFlat.xml (RunModel)" time="0.092" />
  <testcase classname="ptolemy.util.test.junit.AutoTests" name="[2] /home/travis/build/icyphy/ptII/ptolemy/domains/modal/test/auto/ABROFlat2.xml (RunModel)" time="0.095" />
  <testcase classname="ptolemy.util.test.junit.AutoTests" name="[3] /home/travis/build/icyphy/ptII/ptolemy/domains/modal/test/auto/ABRO_present_hmm.xml (RunModel)" time="0.191" />
  <testcase classname="ptolemy.util.test.junit.AutoTests" name="[4] /home/travis/build/icyphy/ptII/ptolemy/domains/modal/test/auto/AMICoderExample.xml (RunModel)" time="0.076" />
  <testcase classname="ptolemy.util.test.junit.AutoTests" name="[5] /home/travis/build/icyphy/ptII/ptolemy/domains/modal/test/auto/AbsentToPresent.xml (RunModel)" time="0.033" />
  <testcase classname="ptolemy.util.test.junit.AutoTests" name="[6] /home/travis/build/icyphy/ptII/ptolemy/domains/modal/test/auto/Blending.xml (RunModel)" time="0.341" />
  <testcase classname="ptolemy.util.test.junit.AutoTests" name="[7] /home/travis/build/icyphy/ptII/ptolemy/domains/modal/test/auto/Broadcast.xml (RunModel)" time="0.056" />
  <testcase classname="ptolemy.util.test.junit.AutoTests" name="[8] /home/travis/build/icyphy/ptII/ptolemy/domains/modal/test/auto/BroadcastHierarchy.xml (RunModel)" time="0.087" />
  <testcase classname="ptolemy.util.test.junit.AutoTests" name="[9] /home/travis/build/icyphy/ptII/ptolemy/domains/modal/test/auto/BroadcastHierarchy2.xml (RunModel)" time="0.154" />
  <testcase classname="ptolemy.util.test.junit.AutoTests" name="[10] /home/travis/build/icyphy/ptII/ptolemy/domains/modal/test/auto/BroadcastHierarchy3.xml (RunModel)" time="0.113" />
  <testcase classname="ptolemy.util.test.junit.AutoTests" name="[11] /home/travis/build/icyphy/ptII/ptolemy/domains/modal/test/auto/BroadcastHierarchy4.xml (RunModel)" time="0.112" />
  <testcase classname="ptolemy.util.test.junit.AutoTests" name="[12] /home/travis/build/icyphy/ptII/ptolemy/domains/modal/test/auto/CannotAnalysisWithPreemption2.xml (RunModel)" time="0.036" />
  <testcase classname="ptolemy.util.test.junit.AutoTests" name="[13] /home/travis/build/icyphy/ptII/ptolemy/domains/modal/test/auto/CannotAnalysisWithPreemption3.xml (RunModel)" time="0.059" />
  <testcase classname="ptolemy.util.test.junit.AutoTests" name="[14] /home/travis/build/icyphy/ptII/ptolemy/domains/modal/test/auto/CannotProduce.xml (RunModel)" time="0.037" />
  <testcase classname="ptolemy.util.test.junit.AutoTests" name="[15] /home/travis/build/icyphy/ptII/ptolemy/domains/modal/test/auto/CannotProduceModal.xml (RunModel)" time="0.028" />
  <testcase classname="ptolemy.util.test.junit.AutoTests" name="[16] /home/travis/build/icyphy/ptII/ptolemy/domains/modal/test/auto/Case.xml (RunModel)" time="0.081" />
  <testcase classname="ptolemy.util.test.junit.AutoTests" name="[17] /home/travis/build/icyphy/ptII/ptolemy/domains/modal/test/auto/Case1.xml (RunModel)" time="0.032" />
  <testcase classname="ptolemy.util.test.junit.AutoTests" name="[18] /home/travis/build/icyphy/ptII/ptolemy/domains/modal/test/auto/Case2.xml (RunModel)" time="0.069" />
  <testcase classname="ptolemy.util.test.junit.AutoTests" name="[19] /home/travis/build/icyphy/ptII/ptolemy/domains/modal/test/auto/CausalityInterface1.xml (RunModel)" time="0.028" />
  <testcase classname="ptolemy.util.test.junit.AutoTests" name="[20] /home/travis/build/icyphy/ptII/ptolemy/domains/modal/test/auto/CausalityInterface10.xml (RunModel)" time="0.076" />
  <testcase classname="ptolemy.util.test.junit.AutoTests" name="[21] /home/travis/build/icyphy/ptII/ptolemy/domains/modal/test/auto/CausalityInterface11.xml (RunModel)" time="0.063" />
  <testcase classname="ptolemy.util.test.junit.AutoTests" name="[22] /home/travis/build/icyphy/ptII/ptolemy/domains/modal/test/auto/CausalityInterface12.xml (RunModel)" time="0.064" />
  <testcase classname="ptolemy.util.test.junit.AutoTests" name="[23] /home/travis/build/icyphy/ptII/ptolemy/domains/modal/test/auto/CausalityInterface13.xml (RunModel)" time="0.072" />
  <testcase classname="ptolemy.util.test.junit.AutoTests" name="[24] /home/travis/build/icyphy/ptII/ptolemy/domains/modal/test/auto/CausalityInterface14.xml (RunModel)" time="0.058" />
  <testcase classname="ptolemy.util.test.junit.AutoTests" name="[25] /home/travis/build/icyphy/ptII/ptolemy/domains/modal/test/auto/CausalityInterface2.xml (RunModel)" time="0.037" />
  <testcase classname="ptolemy.util.test.junit.AutoTests" name="[26] /home/travis/build/icyphy/ptII/ptolemy/domains/modal/test/auto/CausalityInterface3.xml (RunModel)" time="0.027" />
  <testcase classname="ptolemy.util.test.junit.AutoTests" name="[27] /home/travis/build/icyphy/ptII/ptolemy/domains/modal/test/auto/CausalityInterface4.xml (RunModel)" time="0.026" />
  <testcase classname="ptolemy.util.test.junit.AutoTests" name="[28] /home/travis/build/icyphy/ptII/ptolemy/domains/modal/test/auto/CausalityInterface5.xml (RunModel)" time="0.038" />
  <testcase classname="ptolemy.util.test.junit.AutoTests" name="[29] /home/travis/build/icyphy/ptII/ptolemy/domains/modal/test/auto/CausalityInterface6.xml (RunModel)" time="0.035" />
  <testcase classname="ptolemy.util.test.junit.AutoTests" name="[30] /home/travis/build/icyphy/ptII/ptolemy/domains/modal/test/auto/CausalityInterface7.xml (RunModel)" time="0.033" />
  <testcase classname="ptolemy.util.test.junit.AutoTests" name="[31] /home/travis/build/icyphy/ptII/ptolemy/domains/modal/test/auto/CausalityInterface8.xml (RunModel)" time="0.035" />
  <testcase classname="ptolemy.util.test.junit.AutoTests" name="[32] /home/travis/build/icyphy/ptII/ptolemy/domains/modal/test/auto/CausalityInterface9.xml (RunModel)" time="0.04" />
  <testcase classname="ptolemy.util.test.junit.AutoTests" name="[33] /home/travis/build/icyphy/ptII/ptolemy/domains/modal/test/auto/ChainedTransitions.xml (RunModel)" time="0.18" />
  <testcase classname="ptolemy.util.test.junit.AutoTests" name="[34] /home/travis/build/icyphy/ptII/ptolemy/domains/modal/test/auto/CycleOfImmediateTransitionsFSM.xml (RunModel)" time="0.026" />
  <testcase classname="ptolemy.util.test.junit.AutoTests" name="[35] /home/travis/build/icyphy/ptII/ptolemy/domains/modal/test/auto/CycleOfImmediateTransitionsModal.xml (RunModel)" time="0.023" />
  <testcase classname="ptolemy.util.test.junit.AutoTests" name="[36] /home/travis/build/icyphy/ptII/ptolemy/domains/modal/test/auto/CycleOfImmediateTransitionsModal2.xml (RunModel)" time="0.036" />
  <testcase classname="ptolemy.util.test.junit.AutoTests" name="[37] /home/travis/build/icyphy/ptII/ptolemy/domains/modal/test/auto/CycleOfImmediateTransitionsModal3.xml (RunModel)" time="0.087" />
  <testcase classname="ptolemy.util.test.junit.AutoTests" name="[38] /home/travis/build/icyphy/ptII/ptolemy/domains/modal/test/auto/DeepModal1.xml (RunModel)" time="0.064" />
  <testcase classname="ptolemy.util.test.junit.AutoTests" name="[39] /home/travis/build/icyphy/ptII/ptolemy/domains/modal/test/auto/DeepModal2.xml (RunModel)" time="0.098" />
  <testcase classname="ptolemy.util.test.junit.AutoTests" name="[40] /home/travis/build/icyphy/ptII/ptolemy/domains/modal/test/auto/DeepModal3.xml (RunModel)" time="0.083" />
  <testcase classname="ptolemy.util.test.junit.AutoTests" name="[41] /home/travis/build/icyphy/ptII/ptolemy/domains/modal/test/auto/DeepModal4.xml (RunModel)" time="0.083" />
  <testcase classname="ptolemy.util.test.junit.AutoTests" name="[42] /home/travis/build/icyphy/ptII/ptolemy/domains/modal/test/auto/Default1.xml (RunModel)" time="0.027" />
  <testcase classname="ptolemy.util.test.junit.AutoTests" name="[43] /home/travis/build/icyphy/ptII/ptolemy/domains/modal/test/auto/Default2.xml (RunModel)" time="0.018" />
  <testcase classname="ptolemy.util.test.junit.AutoTests" name="[44] /home/travis/build/icyphy/ptII/ptolemy/domains/modal/test/auto/Default3.xml (RunModel)" time="0.017" />
  <testcase classname="ptolemy.util.test.junit.AutoTests" name="[45] /home/travis/build/icyphy/ptII/ptolemy/domains/modal/test/auto/Default4.xml (RunModel)" time="0.016" />
  <testcase classname="ptolemy.util.test.junit.AutoTests" name="[46] /home/travis/build/icyphy/ptII/ptolemy/domains/modal/test/auto/Default5.xml (RunModel)" time="0.022" />
  <testcase classname="ptolemy.util.test.junit.AutoTests" name="[47] /home/travis/build/icyphy/ptII/ptolemy/domains/modal/test/auto/EmptyGuard.xml (RunModel)" time="0.024" />
  <testcase classname="ptolemy.util.test.junit.AutoTests" name="[48] /home/travis/build/icyphy/ptII/ptolemy/domains/modal/test/auto/ErrorTransition1.xml (RunModel)" time="0.025" />
  <testcase classname="ptolemy.util.test.junit.AutoTests" name="[49] /home/travis/build/icyphy/ptII/ptolemy/domains/modal/test/auto/ErrorTransition10.xml (RunModel)" time="0.04" />
  <testcase classname="ptolemy.util.test.junit.AutoTests" name="[50] /home/travis/build/icyphy/ptII/ptolemy/domains/modal/test/auto/ErrorTransition11.xml (RunModel)" time="0.039" />
  <testcase classname="ptolemy.util.test.junit.AutoTests" name="[51] /home/travis/build/icyphy/ptII/ptolemy/domains/modal/test/auto/ErrorTransition2.xml (RunModel)" time="0.026" />
  <testcase classname="ptolemy.util.test.junit.AutoTests" name="[52] /home/travis/build/icyphy/ptII/ptolemy/domains/modal/test/auto/ErrorTransition3.xml (RunModel)" time="0.029" />
  <testcase classname="ptolemy.util.test.junit.AutoTests" name="[53] /home/travis/build/icyphy/ptII/ptolemy/domains/modal/test/auto/ErrorTransition4.xml (RunModel)" time="0.03" />
  <testcase classname="ptolemy.util.test.junit.AutoTests" name="[54] /home/travis/build/icyphy/ptII/ptolemy/domains/modal/test/auto/ErrorTransition5.xml (RunModel)" time="0.027" />
  <testcase classname="ptolemy.util.test.junit.AutoTests" name="[55] /home/travis/build/icyphy/ptII/ptolemy/domains/modal/test/auto/ErrorTransition6.xml (RunModel)" time="0.032" />
  <testcase classname="ptolemy.util.test.junit.AutoTests" name="[56] /home/travis/build/icyphy/ptII/ptolemy/domains/modal/test/auto/ErrorTransition7.xml (RunModel)" time="0.039" />
  <testcase classname="ptolemy.util.test.junit.AutoTests" name="[57] /home/travis/build/icyphy/ptII/ptolemy/domains/modal/test/auto/ErrorTransition8.xml (RunModel)" time="0.057" />
  <testcase classname="ptolemy.util.test.junit.AutoTests" name="[58] /home/travis/build/icyphy/ptII/ptolemy/domains/modal/test/auto/ErrorTransition9.xml (RunModel)" time="0.043" />
  <testcase classname="ptolemy.util.test.junit.AutoTests" name="[59] /home/travis/build/icyphy/ptII/ptolemy/domains/modal/test/auto/ExtendedFSM.xml (RunModel)" time="0.025" />
  <testcase classname="ptolemy.util.test.junit.AutoTests" name="[60] /home/travis/build/icyphy/ptII/ptolemy/domains/modal/test/auto/FinalStates.xml (RunModel)" time="0.025" />
  <testcase classname="ptolemy.util.test.junit.AutoTests" name="[61] /home/travis/build/icyphy/ptII/ptolemy/domains/modal/test/auto/FixedPointFSM.xml (RunModel)" time="0.044" />
  <testcase classname="ptolemy.util.test.junit.AutoTests" name="[62] /home/travis/build/icyphy/ptII/ptolemy/domains/modal/test/auto/FixedPointIterationFSMActor.xml (RunModel)" time="0.029" />
  <testcase classname="ptolemy.util.test.junit.AutoTests" name="[63] /home/travis/build/icyphy/ptII/ptolemy/domains/modal/test/auto/FixedPointIterationFSMActor2.xml (RunModel)" time="0.031" />
  <testcase classname="ptolemy.util.test.junit.AutoTests" name="[64] /home/travis/build/icyphy/ptII/ptolemy/domains/modal/test/auto/ForbiddenInstantanousLoop.xml (RunModel)" time="0.032" />
  <testcase classname="ptolemy.util.test.junit.AutoTests" name="[65] /home/travis/build/icyphy/ptII/ptolemy/domains/modal/test/auto/FunctionDependencyOfFSMActorTest.xml (RunModel)" time="0.021" />
  <testcase classname="ptolemy.util.test.junit.AutoTests" name="[66] /home/travis/build/icyphy/ptII/ptolemy/domains/modal/test/auto/GuardExpression.xml (RunModel)" time="0.019" />
  <testcase classname="ptolemy.util.test.junit.AutoTests" name="[67] /home/travis/build/icyphy/ptII/ptolemy/domains/modal/test/auto/GuardNotEvaluated.xml (RunModel)" time="0.023" />
  <testcase classname="ptolemy.util.test.junit.AutoTests" name="[68] /home/travis/build/icyphy/ptII/ptolemy/domains/modal/test/auto/GuardNotEvaluated2.xml (RunModel)" time="0.027" />
  <testcase classname="ptolemy.util.test.junit.AutoTests" name="[69] /home/travis/build/icyphy/ptII/ptolemy/domains/modal/test/auto/GuardOnAbsent.xml (RunModel)" time="0.027" />
  <testcase classname="ptolemy.util.test.junit.AutoTests" name="[70] /home/travis/build/icyphy/ptII/ptolemy/domains/modal/test/auto/HierarchicalFSMTypeInference.xml (RunModel)" time="0.029" />
  <testcase classname="ptolemy.util.test.junit.AutoTests" name="[71] /home/travis/build/icyphy/ptII/ptolemy/domains/modal/test/auto/Hysteresis.xml (RunModel)" time="0.045" />
  <testcase classname="ptolemy.util.test.junit.AutoTests" name="[72] /home/travis/build/icyphy/ptII/ptolemy/domains/modal/test/auto/HysteresisWithDefault.xml (RunModel)" time="0.069" />
  <testcase classname="ptolemy.util.test.junit.AutoTests" name="[73] /home/travis/build/icyphy/ptII/ptolemy/domains/modal/test/auto/HysteresisWithDefault2.xml (RunModel)" time="0.089" />
  <testcase classname="ptolemy.util.test.junit.AutoTests" name="[74] /home/travis/build/icyphy/ptII/ptolemy/domains/modal/test/auto/ImmediateNonConstructiveness.xml (RunModel)" time="0.018" />
  <testcase classname="ptolemy.util.test.junit.AutoTests" name="[75] /home/travis/build/icyphy/ptII/ptolemy/domains/modal/test/auto/ImmediateNonConstructiveness2.xml (RunModel)" time="0.019" />
  <testcase classname="ptolemy.util.test.junit.AutoTests" name="[76] /home/travis/build/icyphy/ptII/ptolemy/domains/modal/test/auto/ImmediateTransitionReset.xml (RunModel)" time="0.04" />
  <testcase classname="ptolemy.util.test.junit.AutoTests" name="[77] /home/travis/build/icyphy/ptII/ptolemy/domains/modal/test/auto/ImmediateTransitions1.xml (RunModel)" time="0.013" />
  <testcase classname="ptolemy.util.test.junit.AutoTests" name="[78] /home/travis/build/icyphy/ptII/ptolemy/domains/modal/test/auto/ImmediateTransitionsInstantaneousCommunication.xml (RunModel)" time="0.04" />
  <testcase classname="ptolemy.util.test.junit.AutoTests" name="[79] /home/travis/build/icyphy/ptII/ptolemy/domains/modal/test/auto/InitialImmediateTransition.xml (RunModel)" time="0.02" />
  <testcase classname="ptolemy.util.test.junit.AutoTests" name="[80] /home/travis/build/icyphy/ptII/ptolemy/domains/modal/test/auto/InitialOutputs.xml (RunModel)" time="0.018" />
  <testcase classname="ptolemy.util.test.junit.AutoTests" name="[81] /home/travis/build/icyphy/ptII/ptolemy/domains/modal/test/auto/InitialStateTransition1.xml (RunModel)" time="0.023" />
  <testcase classname="ptolemy.util.test.junit.AutoTests" name="[82] /home/travis/build/icyphy/ptII/ptolemy/domains/modal/test/auto/InitialStateTransition2.xml (RunModel)" time="0.032" />
  <testcase classname="ptolemy.util.test.junit.AutoTests" name="[83] /home/travis/build/icyphy/ptII/ptolemy/domains/modal/test/auto/InitialStateTransition3.xml (RunModel)" time="0.025" />
  <testcase classname="ptolemy.util.test.junit.AutoTests" name="[84] /home/travis/build/icyphy/ptII/ptolemy/domains/modal/test/auto/InitialStateTransition4.xml (RunModel)" time="0.029" />
  <testcase classname="ptolemy.util.test.junit.AutoTests" name="[85] /home/travis/build/icyphy/ptII/ptolemy/domains/modal/test/auto/MalformedGuardExpressionNotCaught.xml (RunModel)" time="0.028" />
  <testcase classname="ptolemy.util.test.junit.AutoTests" name="[86] /home/travis/build/icyphy/ptII/ptolemy/domains/modal/test/auto/ModalBSC.xml (RunModel)" time="0.084" />
  <testcase classname="ptolemy.util.test.junit.AutoTests" name="[87] /home/travis/build/icyphy/ptII/ptolemy/domains/modal/test/auto/ModalClocks.xml (RunModel)" time="0.077" />
  <testcase classname="ptolemy.util.test.junit.AutoTests" name="[88] /home/travis/build/icyphy/ptII/ptolemy/domains/modal/test/auto/ModalDelay.xml (RunModel)" time="0.047" />
  <testcase classname="ptolemy.util.test.junit.AutoTests" name="[89] /home/travis/build/icyphy/ptII/ptolemy/domains/modal/test/auto/ModalDelay2.xml (RunModel)" time="0.045" />
  <testcase classname="ptolemy.util.test.junit.AutoTests" name="[90] /home/travis/build/icyphy/ptII/ptolemy/domains/modal/test/auto/ModalModelFromMemo.xml (RunModel)" time="0.062" />
  <testcase classname="ptolemy.util.test.junit.AutoTests" name="[91] /home/travis/build/icyphy/ptII/ptolemy/domains/modal/test/auto/ModalModelWithMultirateTransient.xml (RunModel)" time="0.047" />
  <testcase classname="ptolemy.util.test.junit.AutoTests" name="[92] /home/travis/build/icyphy/ptII/ptolemy/domains/modal/test/auto/ModalModelWithReset.xml (RunModel)" time="0.042" />
  <testcase classname="ptolemy.util.test.junit.AutoTests" name="[93] /home/travis/build/icyphy/ptII/ptolemy/domains/modal/test/auto/MouseClickFSM.xml (RunModel)" time="0.047" />
  <testcase classname="ptolemy.util.test.junit.AutoTests" name="[94] /home/travis/build/icyphy/ptII/ptolemy/domains/modal/test/auto/MouseClickFSMModal.xml (RunModel)" time="0.037" />
  <testcase classname="ptolemy.util.test.junit.AutoTests" name="[95] /home/travis/build/icyphy/ptII/ptolemy/domains/modal/test/auto/NonStrictFSM_FeedbackLoop.xml (RunModel)" time="0.052" />
  <testcase classname="ptolemy.util.test.junit.AutoTests" name="[96] /home/travis/build/icyphy/ptII/ptolemy/domains/modal/test/auto/NonStrictFSM_FeedbackLoop_Refinement.xml (RunModel)" time="0.086" />
  <testcase classname="ptolemy.util.test.junit.AutoTests" name="[97] /home/travis/build/icyphy/ptII/ptolemy/domains/modal/test/auto/NonStrictFSM_FeedbackLoop_preemptive.xml (RunModel)" time="0.053" />
  <testcase classname="ptolemy.util.test.junit.AutoTests" name="[98] /home/travis/build/icyphy/ptII/ptolemy/domains/modal/test/auto/NormalTermination.xml (RunModel)" time="0.057" />
  <testcase classname="ptolemy.util.test.junit.AutoTests" name="[99] /home/travis/build/icyphy/ptII/ptolemy/domains/modal/test/auto/Pong.xml (RunModel)" time="0.089" />
  <testcase classname="ptolemy.util.test.junit.AutoTests" name="[100] /home/travis/build/icyphy/ptII/ptolemy/domains/modal/test/auto/Pong_test.xml (RunModel)" time="0.111" />
  <testcase classname="ptolemy.util.test.junit.AutoTests" name="[101] /home/travis/build/icyphy/ptII/ptolemy/domains/modal/test/auto/PreemptionHierarchy.xml (RunModel)" time="0.029" />
  <testcase classname="ptolemy.util.test.junit.AutoTests" name="[102] /home/travis/build/icyphy/ptII/ptolemy/domains/modal/test/auto/PreemptionHierarchy2.xml (RunModel)" time="0.039" />
  <testcase classname="ptolemy.util.test.junit.AutoTests" name="[103] /home/travis/build/icyphy/ptII/ptolemy/domains/modal/test/auto/PreemptiveTransition.xml (RunModel)" time="0.026" />
  <testcase classname="ptolemy.util.test.junit.AutoTests" name="[104] /home/travis/build/icyphy/ptII/ptolemy/domains/modal/test/auto/Priorities.xml (RunModel)" time="0.094" />
  <testcase classname="ptolemy.util.test.junit.AutoTests" name="[105] /home/travis/build/icyphy/ptII/ptolemy/domains/modal/test/auto/ResetFinal.xml (RunModel)" time="0.044" />
  <testcase classname="ptolemy.util.test.junit.AutoTests" name="[106] /home/travis/build/icyphy/ptII/ptolemy/domains/modal/test/auto/ResetFinal2.xml (RunModel)" time="0.034" />
  <testcase classname="ptolemy.util.test.junit.AutoTests" name="[107] /home/travis/build/icyphy/ptII/ptolemy/domains/modal/test/auto/ResetTransitionWithStartTime.xml (RunModel)" time="0.03" />
  <testcase classname="ptolemy.util.test.junit.AutoTests" name="[108] /home/travis/build/icyphy/ptII/ptolemy/domains/modal/test/auto/SDF-FSMComposite.xml (RunModel)" time="0.026" />
  <testcase classname="ptolemy.util.test.junit.AutoTests" name="[109] /home/travis/build/icyphy/ptII/ptolemy/domains/modal/test/auto/SeeminglyNondeterminate.xml (RunModel)" time="0.08" />
  <testcase classname="ptolemy.util.test.junit.AutoTests" name="[110] /home/travis/build/icyphy/ptII/ptolemy/domains/modal/test/auto/SeeminglyNondeterminate2.xml (RunModel)" time="0.092" />
  <testcase classname="ptolemy.util.test.junit.AutoTests" name="[111] /home/travis/build/icyphy/ptII/ptolemy/domains/modal/test/auto/SpontaneousFSM.xml (RunModel)" time="0.073" />
  <testcase classname="ptolemy.util.test.junit.AutoTests" name="[112] /home/travis/build/icyphy/ptII/ptolemy/domains/modal/test/auto/SpontaneousFSM2.xml (RunModel)" time="0.033" />
  <testcase classname="ptolemy.util.test.junit.AutoTests" name="[113] /home/travis/build/icyphy/ptII/ptolemy/domains/modal/test/auto/SpontaneousFSM3.xml (RunModel)" time="0.053" />
  <testcase classname="ptolemy.util.test.junit.AutoTests" name="[114] /home/travis/build/icyphy/ptII/ptolemy/domains/modal/test/auto/SpontaneousFSM4.xml (RunModel)" time="0.049" />
  <testcase classname="ptolemy.util.test.junit.AutoTests" name="[115] /home/travis/build/icyphy/ptII/ptolemy/domains/modal/test/auto/StateTrackerTest.xml (RunModel)" time="0.07" />
  <testcase classname="ptolemy.util.test.junit.AutoTests" name="[116] /home/travis/build/icyphy/ptII/ptolemy/domains/modal/test/auto/StrongImmediateTransition.xml (RunModel)" time="0.024" />
  <testcase classname="ptolemy.util.test.junit.AutoTests" name="[117] /home/travis/build/icyphy/ptII/ptolemy/domains/modal/test/auto/SustainHierarchy.xml (RunModel)" time="0.033" />
  <testcase classname="ptolemy.util.test.junit.AutoTests" name="[118] /home/travis/build/icyphy/ptII/ptolemy/domains/modal/test/auto/TerminationTransition1.xml (RunModel)" time="0.021" />
  <testcase classname="ptolemy.util.test.junit.AutoTests" name="[119] /home/travis/build/icyphy/ptII/ptolemy/domains/modal/test/auto/TerminationTransition2.xml (RunModel)" time="0.025" />
  <testcase classname="ptolemy.util.test.junit.AutoTests" name="[120] /home/travis/build/icyphy/ptII/ptolemy/domains/modal/test/auto/TerminationTransition3.xml (RunModel)" time="0.024" />
  <testcase classname="ptolemy.util.test.junit.AutoTests" name="[121] /home/travis/build/icyphy/ptII/ptolemy/domains/modal/test/auto/TerminationTransition4.xml (RunModel)" time="0.037" />
  <testcase classname="ptolemy.util.test.junit.AutoTests" name="[122] /home/travis/build/icyphy/ptII/ptolemy/domains/modal/test/auto/TerminationTransition5.xml (RunModel)" time="0.035" />
  <testcase classname="ptolemy.util.test.junit.AutoTests" name="[123] /home/travis/build/icyphy/ptII/ptolemy/domains/modal/test/auto/TerminationTransition6.xml (RunModel)" time="0.021" />
  <testcase classname="ptolemy.util.test.junit.AutoTests" name="[124] /home/travis/build/icyphy/ptII/ptolemy/domains/modal/test/auto/TerminationTransition7.xml (RunModel)" time="0.027" />
  <testcase classname="ptolemy.util.test.junit.AutoTests" name="[125] /home/travis/build/icyphy/ptII/ptolemy/domains/modal/test/auto/TerminationTransition8.xml (RunModel)" time="0.023" />
  <testcase classname="ptolemy.util.test.junit.AutoTests" name="[126] /home/travis/build/icyphy/ptII/ptolemy/domains/modal/test/auto/Thermostat_NoHysteresis.xml (RunModel)" time="0.065" />
  <testcase classname="ptolemy.util.test.junit.AutoTests" name="[127] /home/travis/build/icyphy/ptII/ptolemy/domains/modal/test/auto/TimedFSM.xml (RunModel)" time="0.034" />
  <testcase classname="ptolemy.util.test.junit.AutoTests" name="[128] /home/travis/build/icyphy/ptII/ptolemy/domains/modal/test/auto/Timeout1.xml (RunModel)" time="0.013" />
  <testcase classname="ptolemy.util.test.junit.AutoTests" name="[129] /home/travis/build/icyphy/ptII/ptolemy/domains/modal/test/auto/Timeout2.xml (RunModel)" time="0.021" />
  <testcase classname="ptolemy.util.test.junit.AutoTests" name="[130] /home/travis/build/icyphy/ptII/ptolemy/domains/modal/test/auto/Timeout3.xml (RunModel)" time="0.012" />
  <testcase classname="ptolemy.util.test.junit.AutoTests" name="[131] /home/travis/build/icyphy/ptII/ptolemy/domains/modal/test/auto/Timeout4.xml (RunModel)" time="0.013" />
  <testcase classname="ptolemy.util.test.junit.AutoTests" name="[132] /home/travis/build/icyphy/ptII/ptolemy/domains/modal/test/auto/TransientstateModelAdvanced.xml (RunModel)" time="0.031" />
  <testcase classname="ptolemy.util.test.junit.AutoTests" name="[133] /home/travis/build/icyphy/ptII/ptolemy/domains/modal/test/auto/TransientstateModelAdvanced2.xml (RunModel)" time="0.039" />
  <testcase classname="ptolemy.util.test.junit.AutoTests" name="[134] /home/travis/build/icyphy/ptII/ptolemy/domains/modal/test/auto/TransitionRefinements.xml (RunModel)" time="0.03" />
  <testcase classname="ptolemy.util.test.junit.AutoTests" name="[135] /home/travis/build/icyphy/ptII/ptolemy/domains/modal/test/auto/TwoRefinements1.xml (RunModel)" time="0.03" />
  <testcase classname="ptolemy.util.test.junit.AutoTests" name="[136] /home/travis/build/icyphy/ptII/ptolemy/domains/modal/test/auto/TwoRefinements2.xml (RunModel)" time="0.031" />
  <testcase classname="ptolemy.util.test.junit.AutoTests" name="[137] /home/travis/build/icyphy/ptII/ptolemy/domains/modal/test/auto/WeakImmediateTransition.xml (RunModel)" time="0.026" />
  <testcase classname="ptolemy.util.test.junit.AutoTests" name="[138] /home/travis/build/icyphy/ptII/ptolemy/domains/modal/test/auto/booleanSelect.xml (RunModel)" time="0.064" />
  <testcase classname="ptolemy.util.test.junit.AutoTests" name="[139] /home/travis/build/icyphy/ptII/ptolemy/domains/modal/test/auto/modalChangingParams.xml (RunModel)" time="0.277" />
  <testcase classname="ptolemy.util.test.junit.AutoTests" name="[140] /home/travis/build/icyphy/ptII/ptolemy/domains/modal/test/auto/modalModel.xml (RunModel)" time="0.025" />
  <testcase classname="ptolemy.util.test.junit.AutoTests" name="[141] /home/travis/build/icyphy/ptII/ptolemy/domains/modal/test/auto/modalModel2.xml (RunModel)" time="0.038" />
  <testcase classname="ptolemy.util.test.junit.AutoTests" name="[142] /home/travis/build/icyphy/ptII/ptolemy/domains/modal/test/auto/modalModel3.xml (RunModel)" time="0.041" />
  <testcase classname="ptolemy.util.test.junit.AutoTests" name="[143] /home/travis/build/icyphy/ptII/ptolemy/domains/modal/test/auto/model1.xml (RunModel)" time="0.02" />
  <testcase classname="ptolemy.util.test.junit.AutoTests" name="[144] /home/travis/build/icyphy/ptII/ptolemy/domains/modal/test/auto/test-direct-in-out.xml (RunModel)" time="0.025" />
  <system-out><![CDATA[/home/travis/build/icyphy/ptII/ptolemy/domains/modal/test/SystemLevelType.tcl
testDefs.tcl: setting time out to 9000 seconds at Wed May 02 18:09:17 UTC 2018
05/02/18 06:09:18
Failed: 0  Total Tests: 1  ((Passed: 1, Newly Passed: 0)  Known Failed: 0) /home/travis/build/icyphy/ptII/ptolemy/domains/modal/test
----------------- testing (KnownFailure) /home/travis/build/icyphy/ptII/ptolemy/domains/modal/test/auto/knownFailedTests/CannotAnalysisWithPreemption.xml
31 ms. Memory: 209408K Free: 129431K (62%)
Known Failure: java.lang.reflect.InvocationTargetException
No auto/*.xml tests in /home/travis/build/icyphy/ptII/ptolemy/domains/modal/test
AutoTests.java: About to close Vertx.
AutoTests.java: Vertx closed.
----------------- testing Wed May 02 18:09:19 UTC 2018 /home/travis/build/icyphy/ptII/ptolemy/domains/modal/test/auto/ABPTest.xml
----------------- Instantiating /home/travis/build/icyphy/ptII/ptolemy/domains/modal/test/auto/ABPTest.xml
362 ms. Memory: 209920K Free: 112291K (53%)
----------------- Invoking toplevel() on ptolemy.moml.MoMLSimpleApplication@4667ae4a
----------------- Done invoking toplevel() on ptolemy.moml.MoMLSimpleApplication@4667ae4a
reloadAllAccessors: .ABPTest
----------------- testing Wed May 02 18:09:20 UTC 2018 /home/travis/build/icyphy/ptII/ptolemy/domains/modal/test/auto/ABROFlat.xml
----------------- Instantiating /home/travis/build/icyphy/ptII/ptolemy/domains/modal/test/auto/ABROFlat.xml
24 ms. Memory: 209920K Free: 93693K (45%)
----------------- Invoking toplevel() on ptolemy.moml.MoMLSimpleApplication@2cd457f6
----------------- Done invoking toplevel() on ptolemy.moml.MoMLSimpleApplication@2cd457f6
reloadAllAccessors: .ABROFlat
----------------- testing Wed May 02 18:09:20 UTC 2018 /home/travis/build/icyphy/ptII/ptolemy/domains/modal/test/auto/ABROFlat2.xml
----------------- Instantiating /home/travis/build/icyphy/ptII/ptolemy/domains/modal/test/auto/ABROFlat2.xml
43 ms. Memory: 332800K Free: 322123K (97%)
----------------- Invoking toplevel() on ptolemy.moml.MoMLSimpleApplication@ee95fec
----------------- Done invoking toplevel() on ptolemy.moml.MoMLSimpleApplication@ee95fec
reloadAllAccessors: .ABROFlat2
----------------- testing Wed May 02 18:09:20 UTC 2018 /home/travis/build/icyphy/ptII/ptolemy/domains/modal/test/auto/ABRO_present_hmm.xml
----------------- Instantiating /home/travis/build/icyphy/ptII/ptolemy/domains/modal/test/auto/ABRO_present_hmm.xml
40 ms. Memory: 332800K Free: 287140K (86%)
----------------- Invoking toplevel() on ptolemy.moml.MoMLSimpleApplication@23fa826d
----------------- Done invoking toplevel() on ptolemy.moml.MoMLSimpleApplication@23fa826d
reloadAllAccessors: .ABRO_present_hmm
----------------- testing Wed May 02 18:09:20 UTC 2018 /home/travis/build/icyphy/ptII/ptolemy/domains/modal/test/auto/AMICoderExample.xml
----------------- Instantiating /home/travis/build/icyphy/ptII/ptolemy/domains/modal/test/auto/AMICoderExample.xml
27 ms. Memory: 332800K Free: 275686K (83%)
----------------- Invoking toplevel() on ptolemy.moml.MoMLSimpleApplication@7d42ba82
----------------- Done invoking toplevel() on ptolemy.moml.MoMLSimpleApplication@7d42ba82
reloadAllAccessors: .AMICoderExample
----------------- testing Wed May 02 18:09:20 UTC 2018 /home/travis/build/icyphy/ptII/ptolemy/domains/modal/test/auto/AbsentToPresent.xml
----------------- Instantiating /home/travis/build/icyphy/ptII/ptolemy/domains/modal/test/auto/AbsentToPresent.xml
17 ms. Memory: 332800K Free: 270775K (81%)
----------------- Invoking toplevel() on ptolemy.moml.MoMLSimpleApplication@d1bce0b
----------------- Done invoking toplevel() on ptolemy.moml.MoMLSimpleApplication@d1bce0b
reloadAllAccessors: .AbsentToPresent
----------------- testing Wed May 02 18:09:20 UTC 2018 /home/travis/build/icyphy/ptII/ptolemy/domains/modal/test/auto/Blending.xml
----------------- Instantiating /home/travis/build/icyphy/ptII/ptolemy/domains/modal/test/auto/Blending.xml
191 ms. Memory: 332800K Free: 217181K (65%)
----------------- Invoking toplevel() on ptolemy.moml.MoMLSimpleApplication@1d4ed1e7
----------------- Done invoking toplevel() on ptolemy.moml.MoMLSimpleApplication@1d4ed1e7
reloadAllAccessors: .Blending
----------------- testing Wed May 02 18:09:21 UTC 2018 /home/travis/build/icyphy/ptII/ptolemy/domains/modal/test/auto/Broadcast.xml
----------------- Instantiating /home/travis/build/icyphy/ptII/ptolemy/domains/modal/test/auto/Broadcast.xml
9 ms. Memory: 332800K Free: 204080K (61%)
----------------- Invoking toplevel() on ptolemy.moml.MoMLSimpleApplication@7e6a7bc1
----------------- Done invoking toplevel() on ptolemy.moml.MoMLSimpleApplication@7e6a7bc1
reloadAllAccessors: .Broadcast
----------------- testing Wed May 02 18:09:21 UTC 2018 /home/travis/build/icyphy/ptII/ptolemy/domains/modal/test/auto/BroadcastHierarchy.xml
----------------- Instantiating /home/travis/build/icyphy/ptII/ptolemy/domains/modal/test/auto/BroadcastHierarchy.xml
15 ms. Memory: 332800K Free: 186068K (56%)
----------------- Invoking toplevel() on ptolemy.moml.MoMLSimpleApplication@71633ecb
----------------- Done invoking toplevel() on ptolemy.moml.MoMLSimpleApplication@71633ecb
reloadAllAccessors: .BroadcastHierarchy
----------------- testing Wed May 02 18:09:21 UTC 2018 /home/travis/build/icyphy/ptII/ptolemy/domains/modal/test/auto/BroadcastHierarchy2.xml
----------------- Instantiating /home/travis/build/icyphy/ptII/ptolemy/domains/modal/test/auto/BroadcastHierarchy2.xml
26 ms. Memory: 332800K Free: 150052K (45%)
----------------- Invoking toplevel() on ptolemy.moml.MoMLSimpleApplication@17353570
----------------- Done invoking toplevel() on ptolemy.moml.MoMLSimpleApplication@17353570
reloadAllAccessors: .BroadcastHierarchy2
----------------- testing Wed May 02 18:09:21 UTC 2018 /home/travis/build/icyphy/ptII/ptolemy/domains/modal/test/auto/BroadcastHierarchy3.xml
----------------- Instantiating /home/travis/build/icyphy/ptII/ptolemy/domains/modal/test/auto/BroadcastHierarchy3.xml
26 ms. Memory: 332800K Free: 121020K (36%)
----------------- Invoking toplevel() on ptolemy.moml.MoMLSimpleApplication@7b3d0b19
----------------- Done invoking toplevel() on ptolemy.moml.MoMLSimpleApplication@7b3d0b19
reloadAllAccessors: .BroadcastHierarchy3
----------------- testing Wed May 02 18:09:21 UTC 2018 /home/travis/build/icyphy/ptII/ptolemy/domains/modal/test/auto/BroadcastHierarchy4.xml
----------------- Instantiating /home/travis/build/icyphy/ptII/ptolemy/domains/modal/test/auto/BroadcastHierarchy4.xml
18 ms. Memory: 332800K Free: 88252K (27%)
----------------- Invoking toplevel() on ptolemy.moml.MoMLSimpleApplication@539969ac
----------------- Done invoking toplevel() on ptolemy.moml.MoMLSimpleApplication@539969ac
reloadAllAccessors: .BroadcastHierarchy4
----------------- testing Wed May 02 18:09:21 UTC 2018 /home/travis/build/icyphy/ptII/ptolemy/domains/modal/test/auto/CannotAnalysisWithPreemption2.xml
----------------- Instantiating /home/travis/build/icyphy/ptII/ptolemy/domains/modal/test/auto/CannotAnalysisWithPreemption2.xml
5 ms. Memory: 332800K Free: 79292K (24%)
----------------- Invoking toplevel() on ptolemy.moml.MoMLSimpleApplication@23a94f13
----------------- Done invoking toplevel() on ptolemy.moml.MoMLSimpleApplication@23a94f13
reloadAllAccessors: .CannotAnalysisWithPreemption2
----------------- testing Wed May 02 18:09:21 UTC 2018 /home/travis/build/icyphy/ptII/ptolemy/domains/modal/test/auto/CannotAnalysisWithPreemption3.xml
----------------- Instantiating /home/travis/build/icyphy/ptII/ptolemy/domains/modal/test/auto/CannotAnalysisWithPreemption3.xml
8 ms. Memory: 332800K Free: 311071K (93%)
----------------- Invoking toplevel() on ptolemy.moml.MoMLSimpleApplication@3b32f60a
----------------- Done invoking toplevel() on ptolemy.moml.MoMLSimpleApplication@3b32f60a
reloadAllAccessors: .CannotAnalysisWithPreemption3
----------------- testing Wed May 02 18:09:21 UTC 2018 /home/travis/build/icyphy/ptII/ptolemy/domains/modal/test/auto/CannotProduce.xml
----------------- Instantiating /home/travis/build/icyphy/ptII/ptolemy/domains/modal/test/auto/CannotProduce.xml
6 ms. Memory: 332800K Free: 302666K (91%)
----------------- Invoking toplevel() on ptolemy.moml.MoMLSimpleApplication@630d8112
----------------- Done invoking toplevel() on ptolemy.moml.MoMLSimpleApplication@630d8112
reloadAllAccessors: .CannotProduce
----------------- testing Wed May 02 18:09:21 UTC 2018 /home/travis/build/icyphy/ptII/ptolemy/domains/modal/test/auto/CannotProduceModal.xml
----------------- Instantiating /home/travis/build/icyphy/ptII/ptolemy/domains/modal/test/auto/CannotProduceModal.xml
5 ms. Memory: 332800K Free: 294483K (88%)
----------------- Invoking toplevel() on ptolemy.moml.MoMLSimpleApplication@656e810f
----------------- Done invoking toplevel() on ptolemy.moml.MoMLSimpleApplication@656e810f
reloadAllAccessors: .CannotProduceModal
----------------- testing Wed May 02 18:09:21 UTC 2018 /home/travis/build/icyphy/ptII/ptolemy/domains/modal/test/auto/Case.xml
----------------- Instantiating /home/travis/build/icyphy/ptII/ptolemy/domains/modal/test/auto/Case.xml
39 ms. Memory: 332800K Free: 279512K (84%)
----------------- Invoking toplevel() on ptolemy.moml.MoMLSimpleApplication@160ffa0d
----------------- Done invoking toplevel() on ptolemy.moml.MoMLSimpleApplication@160ffa0d
reloadAllAccessors: .Case
----------------- testing Wed May 02 18:09:22 UTC 2018 /home/travis/build/icyphy/ptII/ptolemy/domains/modal/test/auto/Case1.xml
----------------- Instantiating /home/travis/build/icyphy/ptII/ptolemy/domains/modal/test/auto/Case1.xml
5 ms. Memory: 332800K Free: 271322K (82%)
----------------- Invoking toplevel() on ptolemy.moml.MoMLSimpleApplication@f0674e9
----------------- Done invoking toplevel() on ptolemy.moml.MoMLSimpleApplication@f0674e9
reloadAllAccessors: .Case1
----------------- testing Wed May 02 18:09:22 UTC 2018 /home/travis/build/icyphy/ptII/ptolemy/domains/modal/test/auto/Case2.xml
----------------- Instantiating /home/travis/build/icyphy/ptII/ptolemy/domains/modal/test/auto/Case2.xml
31 ms. Memory: 332800K Free: 254942K (77%)
----------------- Invoking toplevel() on ptolemy.moml.MoMLSimpleApplication@6738a588
----------------- Done invoking toplevel() on ptolemy.moml.MoMLSimpleApplication@6738a588
reloadAllAccessors: .Case2
----------------- testing Wed May 02 18:09:22 UTC 2018 /home/travis/build/icyphy/ptII/ptolemy/domains/modal/test/auto/CausalityInterface1.xml
----------------- Instantiating /home/travis/build/icyphy/ptII/ptolemy/domains/modal/test/auto/CausalityInterface1.xml
3 ms. Memory: 332800K Free: 246536K (74%)
----------------- Invoking toplevel() on ptolemy.moml.MoMLSimpleApplication@21311d4
----------------- Done invoking toplevel() on ptolemy.moml.MoMLSimpleApplication@21311d4
reloadAllAccessors: .CausalityInterface1
----------------- testing Wed May 02 18:09:22 UTC 2018 /home/travis/build/icyphy/ptII/ptolemy/domains/modal/test/auto/CausalityInterface10.xml
----------------- Instantiating /home/travis/build/icyphy/ptII/ptolemy/domains/modal/test/auto/CausalityInterface10.xml
13 ms. Memory: 332800K Free: 230132K (69%)
----------------- Invoking toplevel() on ptolemy.moml.MoMLSimpleApplication@240b62ed
----------------- Done invoking toplevel() on ptolemy.moml.MoMLSimpleApplication@240b62ed
reloadAllAccessors: .CausalityInterface10
----------------- testing Wed May 02 18:09:22 UTC 2018 /home/travis/build/icyphy/ptII/ptolemy/domains/modal/test/auto/CausalityInterface11.xml
----------------- Instantiating /home/travis/build/icyphy/ptII/ptolemy/domains/modal/test/auto/CausalityInterface11.xml
9 ms. Memory: 332800K Free: 211921K (64%)
----------------- Invoking toplevel() on ptolemy.moml.MoMLSimpleApplication@5282c31b
----------------- Done invoking toplevel() on ptolemy.moml.MoMLSimpleApplication@5282c31b
reloadAllAccessors: .CausalityInterface11
----------------- testing Wed May 02 18:09:22 UTC 2018 /home/travis/build/icyphy/ptII/ptolemy/domains/modal/test/auto/CausalityInterface12.xml
----------------- Instantiating /home/travis/build/icyphy/ptII/ptolemy/domains/modal/test/auto/CausalityInterface12.xml
8 ms. Memory: 332800K Free: 195524K (59%)
----------------- Invoking toplevel() on ptolemy.moml.MoMLSimpleApplication@42161e9f
----------------- Done invoking toplevel() on ptolemy.moml.MoMLSimpleApplication@42161e9f
reloadAllAccessors: .CausalityInterface12
----------------- testing Wed May 02 18:09:22 UTC 2018 /home/travis/build/icyphy/ptII/ptolemy/domains/modal/test/auto/CausalityInterface13.xml
----------------- Instantiating /home/travis/build/icyphy/ptII/ptolemy/domains/modal/test/auto/CausalityInterface13.xml
18 ms. Memory: 332800K Free: 179144K (54%)
----------------- Invoking toplevel() on ptolemy.moml.MoMLSimpleApplication@59e62a42
----------------- Done invoking toplevel() on ptolemy.moml.MoMLSimpleApplication@59e62a42
reloadAllAccessors: .CausalityInterface13
----------------- testing Wed May 02 18:09:22 UTC 2018 /home/travis/build/icyphy/ptII/ptolemy/domains/modal/test/auto/CausalityInterface14.xml
----------------- Instantiating /home/travis/build/icyphy/ptII/ptolemy/domains/modal/test/auto/CausalityInterface14.xml
11 ms. Memory: 332800K Free: 160942K (48%)
----------------- Invoking toplevel() on ptolemy.moml.MoMLSimpleApplication@1532cd38
----------------- Done invoking toplevel() on ptolemy.moml.MoMLSimpleApplication@1532cd38
reloadAllAccessors: .CausalityInterface14
----------------- testing Wed May 02 18:09:22 UTC 2018 /home/travis/build/icyphy/ptII/ptolemy/domains/modal/test/auto/CausalityInterface2.xml
----------------- Instantiating /home/travis/build/icyphy/ptII/ptolemy/domains/modal/test/auto/CausalityInterface2.xml
7 ms. Memory: 332800K Free: 152759K (46%)
----------------- Invoking toplevel() on ptolemy.moml.MoMLSimpleApplication@6688c093
----------------- Done invoking toplevel() on ptolemy.moml.MoMLSimpleApplication@6688c093
reloadAllAccessors: .CausalityInterface2
----------------- testing Wed May 02 18:09:22 UTC 2018 /home/travis/build/icyphy/ptII/ptolemy/domains/modal/test/auto/CausalityInterface3.xml
----------------- Instantiating /home/travis/build/icyphy/ptII/ptolemy/domains/modal/test/auto/CausalityInterface3.xml
3 ms. Memory: 332800K Free: 142731K (43%)
----------------- Invoking toplevel() on ptolemy.moml.MoMLSimpleApplication@fba7031
----------------- Done invoking toplevel() on ptolemy.moml.MoMLSimpleApplication@fba7031
reloadAllAccessors: .CausalityInterface3
----------------- testing Wed May 02 18:09:22 UTC 2018 /home/travis/build/icyphy/ptII/ptolemy/domains/modal/test/auto/CausalityInterface4.xml
----------------- Instantiating /home/travis/build/icyphy/ptII/ptolemy/domains/modal/test/auto/CausalityInterface4.xml
4 ms. Memory: 332800K Free: 134556K (40%)
----------------- Invoking toplevel() on ptolemy.moml.MoMLSimpleApplication@2f094b63
----------------- Done invoking toplevel() on ptolemy.moml.MoMLSimpleApplication@2f094b63
reloadAllAccessors: .CausalityInterface4
----------------- testing Wed May 02 18:09:22 UTC 2018 /home/travis/build/icyphy/ptII/ptolemy/domains/modal/test/auto/CausalityInterface5.xml
----------------- Instantiating /home/travis/build/icyphy/ptII/ptolemy/domains/modal/test/auto/CausalityInterface5.xml
6 ms. Memory: 332800K Free: 124751K (37%)
----------------- Invoking toplevel() on ptolemy.moml.MoMLSimpleApplication@56dfc0a1
----------------- Done invoking toplevel() on ptolemy.moml.MoMLSimpleApplication@56dfc0a1
reloadAllAccessors: .CausalityInterface5
----------------- testing Wed May 02 18:09:22 UTC 2018 /home/travis/build/icyphy/ptII/ptolemy/domains/modal/test/auto/CausalityInterface6.xml
----------------- Instantiating /home/travis/build/icyphy/ptII/ptolemy/domains/modal/test/auto/CausalityInterface6.xml
3 ms. Memory: 332800K Free: 113090K (34%)
----------------- Invoking toplevel() on ptolemy.moml.MoMLSimpleApplication@2890b78b
----------------- Done invoking toplevel() on ptolemy.moml.MoMLSimpleApplication@2890b78b
reloadAllAccessors: .CausalityInterface6
----------------- testing Wed May 02 18:09:22 UTC 2018 /home/travis/build/icyphy/ptII/ptolemy/domains/modal/test/auto/CausalityInterface7.xml
----------------- Instantiating /home/travis/build/icyphy/ptII/ptolemy/domains/modal/test/auto/CausalityInterface7.xml
4 ms. Memory: 332800K Free: 103285K (31%)
----------------- Invoking toplevel() on ptolemy.moml.MoMLSimpleApplication@47cc146f
----------------- Done invoking toplevel() on ptolemy.moml.MoMLSimpleApplication@47cc146f
reloadAllAccessors: .CausalityInterface7
----------------- testing Wed May 02 18:09:22 UTC 2018 /home/travis/build/icyphy/ptII/ptolemy/domains/modal/test/auto/CausalityInterface8.xml
----------------- Instantiating /home/travis/build/icyphy/ptII/ptolemy/domains/modal/test/auto/CausalityInterface8.xml
5 ms. Memory: 332800K Free: 91608K (28%)
----------------- Invoking toplevel() on ptolemy.moml.MoMLSimpleApplication@1e416973
----------------- Done invoking toplevel() on ptolemy.moml.MoMLSimpleApplication@1e416973
reloadAllAccessors: .CausalityInterface8
----------------- testing Wed May 02 18:09:22 UTC 2018 /home/travis/build/icyphy/ptII/ptolemy/domains/modal/test/auto/CausalityInterface9.xml
----------------- Instantiating /home/travis/build/icyphy/ptII/ptolemy/domains/modal/test/auto/CausalityInterface9.xml
8 ms. Memory: 332800K Free: 80139K (24%)
----------------- Invoking toplevel() on ptolemy.moml.MoMLSimpleApplication@501f3cc7
----------------- Done invoking toplevel() on ptolemy.moml.MoMLSimpleApplication@501f3cc7
reloadAllAccessors: .CausalityInterface9
----------------- testing Wed May 02 18:09:22 UTC 2018 /home/travis/build/icyphy/ptII/ptolemy/domains/modal/test/auto/ChainedTransitions.xml
----------------- Instantiating /home/travis/build/icyphy/ptII/ptolemy/domains/modal/test/auto/ChainedTransitions.xml
110 ms. Memory: 480256K Free: 444921K (93%)
----------------- Invoking toplevel() on ptolemy.moml.MoMLSimpleApplication@3a1e1671
----------------- Done invoking toplevel() on ptolemy.moml.MoMLSimpleApplication@3a1e1671
reloadAllAccessors: .ChainedTransitions
----------------- testing Wed May 02 18:09:23 UTC 2018 /home/travis/build/icyphy/ptII/ptolemy/domains/modal/test/auto/CycleOfImmediateTransitionsFSM.xml
----------------- Instantiating /home/travis/build/icyphy/ptII/ptolemy/domains/modal/test/auto/CycleOfImmediateTransitionsFSM.xml
4 ms. Memory: 480256K Free: 432335K (90%)
----------------- Invoking toplevel() on ptolemy.moml.MoMLSimpleApplication@202eb8f4
----------------- Done invoking toplevel() on ptolemy.moml.MoMLSimpleApplication@202eb8f4
reloadAllAccessors: .CycleOfImmediateTransitionsFSM
----------------- testing Wed May 02 18:09:23 UTC 2018 /home/travis/build/icyphy/ptII/ptolemy/domains/modal/test/auto/CycleOfImmediateTransitionsModal.xml
----------------- Instantiating /home/travis/build/icyphy/ptII/ptolemy/domains/modal/test/auto/CycleOfImmediateTransitionsModal.xml
3 ms. Memory: 480256K Free: 421874K (88%)
----------------- Invoking toplevel() on ptolemy.moml.MoMLSimpleApplication@417c7dac
----------------- Done invoking toplevel() on ptolemy.moml.MoMLSimpleApplication@417c7dac
reloadAllAccessors: .CycleOfImmediateTransitionsModal
----------------- testing Wed May 02 18:09:23 UTC 2018 /home/travis/build/icyphy/ptII/ptolemy/domains/modal/test/auto/CycleOfImmediateTransitionsModal2.xml
----------------- Instantiating /home/travis/build/icyphy/ptII/ptolemy/domains/modal/test/auto/CycleOfImmediateTransitionsModal2.xml
4 ms. Memory: 480256K Free: 409305K (85%)
----------------- Invoking toplevel() on ptolemy.moml.MoMLSimpleApplication@7135b402
----------------- Done invoking toplevel() on ptolemy.moml.MoMLSimpleApplication@7135b402
reloadAllAccessors: .CycleOfImmediateTransitionsModal2
----------------- testing Wed May 02 18:09:23 UTC 2018 /home/travis/build/icyphy/ptII/ptolemy/domains/modal/test/auto/CycleOfImmediateTransitionsModal3.xml
----------------- Instantiating /home/travis/build/icyphy/ptII/ptolemy/domains/modal/test/auto/CycleOfImmediateTransitionsModal3.xml
13 ms. Memory: 480256K Free: 380510K (79%)
----------------- Invoking toplevel() on ptolemy.moml.MoMLSimpleApplication@30ce3814
----------------- Done invoking toplevel() on ptolemy.moml.MoMLSimpleApplication@30ce3814
reloadAllAccessors: .CycleOfImmediateTransitionsModal3
----------------- testing Wed May 02 18:09:23 UTC 2018 /home/travis/build/icyphy/ptII/ptolemy/domains/modal/test/auto/DeepModal1.xml
----------------- Instantiating /home/travis/build/icyphy/ptII/ptolemy/domains/modal/test/auto/DeepModal1.xml
25 ms. Memory: 480256K Free: 364818K (76%)
----------------- Invoking toplevel() on ptolemy.moml.MoMLSimpleApplication@7f6b69fc
----------------- Done invoking toplevel() on ptolemy.moml.MoMLSimpleApplication@7f6b69fc
reloadAllAccessors: .DeepModal1
----------------- testing Wed May 02 18:09:23 UTC 2018 /home/travis/build/icyphy/ptII/ptolemy/domains/modal/test/auto/DeepModal2.xml
----------------- Instantiating /home/travis/build/icyphy/ptII/ptolemy/domains/modal/test/auto/DeepModal2.xml
38 ms. Memory: 480256K Free: 339136K (71%)
----------------- Invoking toplevel() on ptolemy.moml.MoMLSimpleApplication@6439a700
----------------- Done invoking toplevel() on ptolemy.moml.MoMLSimpleApplication@6439a700
reloadAllAccessors: .DeepModal2
----------------- testing Wed May 02 18:09:23 UTC 2018 /home/travis/build/icyphy/ptII/ptolemy/domains/modal/test/auto/DeepModal3.xml
----------------- Instantiating /home/travis/build/icyphy/ptII/ptolemy/domains/modal/test/auto/DeepModal3.xml
32 ms. Memory: 480256K Free: 315571K (66%)
----------------- Invoking toplevel() on ptolemy.moml.MoMLSimpleApplication@9226074
----------------- Done invoking toplevel() on ptolemy.moml.MoMLSimpleApplication@9226074
reloadAllAccessors: .DeepModal3
----------------- testing Wed May 02 18:09:23 UTC 2018 /home/travis/build/icyphy/ptII/ptolemy/domains/modal/test/auto/DeepModal4.xml
----------------- Instantiating /home/travis/build/icyphy/ptII/ptolemy/domains/modal/test/auto/DeepModal4.xml
32 ms. Memory: 480256K Free: 292045K (61%)
----------------- Invoking toplevel() on ptolemy.moml.MoMLSimpleApplication@1b5b9ba0
----------------- Done invoking toplevel() on ptolemy.moml.MoMLSimpleApplication@1b5b9ba0
reloadAllAccessors: .DeepModal4
----------------- testing Wed May 02 18:09:23 UTC 2018 /home/travis/build/icyphy/ptII/ptolemy/domains/modal/test/auto/Default1.xml
----------------- Instantiating /home/travis/build/icyphy/ptII/ptolemy/domains/modal/test/auto/Default1.xml
7 ms. Memory: 480256K Free: 279468K (58%)
----------------- Invoking toplevel() on ptolemy.moml.MoMLSimpleApplication@6799e263
----------------- Done invoking toplevel() on ptolemy.moml.MoMLSimpleApplication@6799e263
reloadAllAccessors: .Default1
----------------- testing Wed May 02 18:09:23 UTC 2018 /home/travis/build/icyphy/ptII/ptolemy/domains/modal/test/auto/Default2.xml
----------------- Instantiating /home/travis/build/icyphy/ptII/ptolemy/domains/modal/test/auto/Default2.xml
3 ms. Memory: 480256K Free: 271626K (57%)
----------------- Invoking toplevel() on ptolemy.moml.MoMLSimpleApplication@200bc583
----------------- Done invoking toplevel() on ptolemy.moml.MoMLSimpleApplication@200bc583
reloadAllAccessors: .Default2
----------------- testing Wed May 02 18:09:23 UTC 2018 /home/travis/build/icyphy/ptII/ptolemy/domains/modal/test/auto/Default3.xml
----------------- Instantiating /home/travis/build/icyphy/ptII/ptolemy/domains/modal/test/auto/Default3.xml
1 ms. Memory: 480256K Free: 261165K (54%)
----------------- Invoking toplevel() on ptolemy.moml.MoMLSimpleApplication@15612efb
----------------- Done invoking toplevel() on ptolemy.moml.MoMLSimpleApplication@15612efb
reloadAllAccessors: .Default3
----------------- testing Wed May 02 18:09:23 UTC 2018 /home/travis/build/icyphy/ptII/ptolemy/domains/modal/test/auto/Default4.xml
----------------- Instantiating /home/travis/build/icyphy/ptII/ptolemy/domains/modal/test/auto/Default4.xml
2 ms. Memory: 480256K Free: 251214K (52%)
----------------- Invoking toplevel() on ptolemy.moml.MoMLSimpleApplication@7ae41744
----------------- Done invoking toplevel() on ptolemy.moml.MoMLSimpleApplication@7ae41744
reloadAllAccessors: .Default4
----------------- testing Wed May 02 18:09:23 UTC 2018 /home/travis/build/icyphy/ptII/ptolemy/domains/modal/test/auto/Default5.xml
----------------- Instantiating /home/travis/build/icyphy/ptII/ptolemy/domains/modal/test/auto/Default5.xml
3 ms. Memory: 480256K Free: 240753K (50%)
----------------- Invoking toplevel() on ptolemy.moml.MoMLSimpleApplication@28a20570
----------------- Done invoking toplevel() on ptolemy.moml.MoMLSimpleApplication@28a20570
reloadAllAccessors: .Default5
----------------- testing Wed May 02 18:09:23 UTC 2018 /home/travis/build/icyphy/ptII/ptolemy/domains/modal/test/auto/EmptyGuard.xml
----------------- Instantiating /home/travis/build/icyphy/ptII/ptolemy/domains/modal/test/auto/EmptyGuard.xml
5 ms. Memory: 480256K Free: 228191K (48%)
----------------- Invoking toplevel() on ptolemy.moml.MoMLSimpleApplication@5732739b
----------------- Done invoking toplevel() on ptolemy.moml.MoMLSimpleApplication@5732739b
reloadAllAccessors: .EmptyGuard
----------------- testing Wed May 02 18:09:23 UTC 2018 /home/travis/build/icyphy/ptII/ptolemy/domains/modal/test/auto/ErrorTransition1.xml
----------------- Instantiating /home/travis/build/icyphy/ptII/ptolemy/domains/modal/test/auto/ErrorTransition1.xml
5 ms. Memory: 480256K Free: 217730K (45%)
----------------- Invoking toplevel() on ptolemy.moml.MoMLSimpleApplication@683e7f15
----------------- Done invoking toplevel() on ptolemy.moml.MoMLSimpleApplication@683e7f15
reloadAllAccessors: .ErrorTransition1
----------------- testing Wed May 02 18:09:23 UTC 2018 /home/travis/build/icyphy/ptII/ptolemy/domains/modal/test/auto/ErrorTransition10.xml
----------------- Instantiating /home/travis/build/icyphy/ptII/ptolemy/domains/modal/test/auto/ErrorTransition10.xml
8 ms. Memory: 480256K Free: 199412K (42%)
----------------- Invoking toplevel() on ptolemy.moml.MoMLSimpleApplication@7510b7c9
----------------- Done invoking toplevel() on ptolemy.moml.MoMLSimpleApplication@7510b7c9
reloadAllAccessors: .ErrorTransition10
----------------- testing Wed May 02 18:09:23 UTC 2018 /home/travis/build/icyphy/ptII/ptolemy/domains/modal/test/auto/ErrorTransition11.xml
----------------- Instantiating /home/travis/build/icyphy/ptII/ptolemy/domains/modal/test/auto/ErrorTransition11.xml
4 ms. Memory: 480256K Free: 181627K (38%)
----------------- Invoking toplevel() on ptolemy.moml.MoMLSimpleApplication@763c270
----------------- Done invoking toplevel() on ptolemy.moml.MoMLSimpleApplication@763c270
reloadAllAccessors: .ErrorTransition11
----------------- testing Wed May 02 18:09:23 UTC 2018 /home/travis/build/icyphy/ptII/ptolemy/domains/modal/test/auto/ErrorTransition2.xml
----------------- Instantiating /home/travis/build/icyphy/ptII/ptolemy/domains/modal/test/auto/ErrorTransition2.xml
5 ms. Memory: 480256K Free: 171174K (36%)
----------------- Invoking toplevel() on ptolemy.moml.MoMLSimpleApplication@63c6cfc
----------------- Done invoking toplevel() on ptolemy.moml.MoMLSimpleApplication@63c6cfc
reloadAllAccessors: .ErrorTransition2
----------------- testing Wed May 02 18:09:23 UTC 2018 /home/travis/build/icyphy/ptII/ptolemy/domains/modal/test/auto/ErrorTransition3.xml
----------------- Instantiating /home/travis/build/icyphy/ptII/ptolemy/domains/modal/test/auto/ErrorTransition3.xml
5 ms. Memory: 480256K Free: 160729K (33%)
----------------- Invoking toplevel() on ptolemy.moml.MoMLSimpleApplication@6dc8ad08
----------------- Done invoking toplevel() on ptolemy.moml.MoMLSimpleApplication@6dc8ad08
reloadAllAccessors: .ErrorTransition3
----------------- testing Wed May 02 18:09:23 UTC 2018 /home/travis/build/icyphy/ptII/ptolemy/domains/modal/test/auto/ErrorTransition4.xml
----------------- Instantiating /home/travis/build/icyphy/ptII/ptolemy/domains/modal/test/auto/ErrorTransition4.xml
5 ms. Memory: 480256K Free: 145541K (30%)
----------------- Invoking toplevel() on ptolemy.moml.MoMLSimpleApplication@5c364ebc
----------------- Done invoking toplevel() on ptolemy.moml.MoMLSimpleApplication@5c364ebc
reloadAllAccessors: .ErrorTransition4
----------------- testing Wed May 02 18:09:23 UTC 2018 /home/travis/build/icyphy/ptII/ptolemy/domains/modal/test/auto/ErrorTransition5.xml
----------------- Instantiating /home/travis/build/icyphy/ptII/ptolemy/domains/modal/test/auto/ErrorTransition5.xml
6 ms. Memory: 480256K Free: 132452K (28%)
----------------- Invoking toplevel() on ptolemy.moml.MoMLSimpleApplication@6b1b6c37
----------------- Done invoking toplevel() on ptolemy.moml.MoMLSimpleApplication@6b1b6c37
reloadAllAccessors: .ErrorTransition5
----------------- testing Wed May 02 18:09:23 UTC 2018 /home/travis/build/icyphy/ptII/ptolemy/domains/modal/test/auto/ErrorTransition6.xml
----------------- Instantiating /home/travis/build/icyphy/ptII/ptolemy/domains/modal/test/auto/ErrorTransition6.xml
6 ms. Memory: 480256K Free: 119380K (25%)
----------------- Invoking toplevel() on ptolemy.moml.MoMLSimpleApplication@10d66383
----------------- Done invoking toplevel() on ptolemy.moml.MoMLSimpleApplication@10d66383
reloadAllAccessors: .ErrorTransition6
----------------- testing Wed May 02 18:09:23 UTC 2018 /home/travis/build/icyphy/ptII/ptolemy/domains/modal/test/auto/ErrorTransition7.xml
----------------- Instantiating /home/travis/build/icyphy/ptII/ptolemy/domains/modal/test/auto/ErrorTransition7.xml
9 ms. Memory: 480256K Free: 101572K (21%)
----------------- Invoking toplevel() on ptolemy.moml.MoMLSimpleApplication@3c3787af
----------------- Done invoking toplevel() on ptolemy.moml.MoMLSimpleApplication@3c3787af
reloadAllAccessors: .ErrorTransition7
----------------- testing Wed May 02 18:09:23 UTC 2018 /home/travis/build/icyphy/ptII/ptolemy/domains/modal/test/auto/ErrorTransition8.xml
----------------- Instantiating /home/travis/build/icyphy/ptII/ptolemy/domains/modal/test/auto/ErrorTransition8.xml
28 ms. Memory: 480256K Free: 83245K (17%)
----------------- Invoking toplevel() on ptolemy.moml.MoMLSimpleApplication@762f8a97
----------------- Done invoking toplevel() on ptolemy.moml.MoMLSimpleApplication@762f8a97
reloadAllAccessors: .ErrorTransition8
----------------- testing Wed May 02 18:09:24 UTC 2018 /home/travis/build/icyphy/ptII/ptolemy/domains/modal/test/auto/ErrorTransition9.xml
----------------- Instantiating /home/travis/build/icyphy/ptII/ptolemy/domains/modal/test/auto/ErrorTransition9.xml
8 ms. Memory: 480256K Free: 454520K (95%)
----------------- Invoking toplevel() on ptolemy.moml.MoMLSimpleApplication@13f90daa
----------------- Done invoking toplevel() on ptolemy.moml.MoMLSimpleApplication@13f90daa
reloadAllAccessors: .ErrorTransition9
----------------- testing Wed May 02 18:09:24 UTC 2018 /home/travis/build/icyphy/ptII/ptolemy/domains/modal/test/auto/ExtendedFSM.xml
----------------- Instantiating /home/travis/build/icyphy/ptII/ptolemy/domains/modal/test/auto/ExtendedFSM.xml
5 ms. Memory: 480256K Free: 442545K (92%)
----------------- Invoking toplevel() on ptolemy.moml.MoMLSimpleApplication@6123f030
----------------- Done invoking toplevel() on ptolemy.moml.MoMLSimpleApplication@6123f030
reloadAllAccessors: .ExtendedFSM
----------------- testing Wed May 02 18:09:24 UTC 2018 /home/travis/build/icyphy/ptII/ptolemy/domains/modal/test/auto/FinalStates.xml
----------------- Instantiating /home/travis/build/icyphy/ptII/ptolemy/domains/modal/test/auto/FinalStates.xml
8 ms. Memory: 480256K Free: 430586K (90%)
----------------- Invoking toplevel() on ptolemy.moml.MoMLSimpleApplication@3ac967a1
----------------- Done invoking toplevel() on ptolemy.moml.MoMLSimpleApplication@3ac967a1
reloadAllAccessors: .FinalStates
----------------- testing Wed May 02 18:09:24 UTC 2018 /home/travis/build/icyphy/ptII/ptolemy/domains/modal/test/auto/FixedPointFSM.xml
----------------- Instantiating /home/travis/build/icyphy/ptII/ptolemy/domains/modal/test/auto/FixedPointFSM.xml
16 ms. Memory: 480256K Free: 412267K (86%)
----------------- Invoking toplevel() on ptolemy.moml.MoMLSimpleApplication@698ef6c3
----------------- Done invoking toplevel() on ptolemy.moml.MoMLSimpleApplication@698ef6c3
reloadAllAccessors: .FixedPointFSM
----------------- testing Wed May 02 18:09:24 UTC 2018 /home/travis/build/icyphy/ptII/ptolemy/domains/modal/test/auto/FixedPointIterationFSMActor.xml
----------------- Instantiating /home/travis/build/icyphy/ptII/ptolemy/domains/modal/test/auto/FixedPointIterationFSMActor.xml
6 ms. Memory: 480256K Free: 397696K (83%)
----------------- Invoking toplevel() on ptolemy.moml.MoMLSimpleApplication@52eb2e91
----------------- Done invoking toplevel() on ptolemy.moml.MoMLSimpleApplication@52eb2e91
reloadAllAccessors: .FixedPointIterationFSMActor
----------------- testing Wed May 02 18:09:24 UTC 2018 /home/travis/build/icyphy/ptII/ptolemy/domains/modal/test/auto/FixedPointIterationFSMActor2.xml
----------------- Instantiating /home/travis/build/icyphy/ptII/ptolemy/domains/modal/test/auto/FixedPointIterationFSMActor2.xml
10 ms. Memory: 480256K Free: 381981K (80%)
----------------- Invoking toplevel() on ptolemy.moml.MoMLSimpleApplication@68cec019
----------------- Done invoking toplevel() on ptolemy.moml.MoMLSimpleApplication@68cec019
reloadAllAccessors: .FixedPointIterationFSMActor2
----------------- testing Wed May 02 18:09:24 UTC 2018 /home/travis/build/icyphy/ptII/ptolemy/domains/modal/test/auto/ForbiddenInstantanousLoop.xml
----------------- Instantiating /home/travis/build/icyphy/ptII/ptolemy/domains/modal/test/auto/ForbiddenInstantanousLoop.xml
5 ms. Memory: 480256K Free: 364767K (76%)
----------------- Invoking toplevel() on ptolemy.moml.MoMLSimpleApplication@4fd0b2d8
----------------- Done invoking toplevel() on ptolemy.moml.MoMLSimpleApplication@4fd0b2d8
reloadAllAccessors: .ForbiddenInstantanousLoop
----------------- testing Wed May 02 18:09:24 UTC 2018 /home/travis/build/icyphy/ptII/ptolemy/domains/modal/test/auto/FunctionDependencyOfFSMActorTest.xml
----------------- Instantiating /home/travis/build/icyphy/ptII/ptolemy/domains/modal/test/auto/FunctionDependencyOfFSMActorTest.xml
6 ms. Memory: 480256K Free: 356918K (74%)
----------------- Invoking toplevel() on ptolemy.moml.MoMLSimpleApplication@44d9bb46
----------------- Done invoking toplevel() on ptolemy.moml.MoMLSimpleApplication@44d9bb46
reloadAllAccessors: .FunctionDependencyOfFSMActorTest
----------------- testing Wed May 02 18:09:24 UTC 2018 /home/travis/build/icyphy/ptII/ptolemy/domains/modal/test/auto/GuardExpression.xml
----------------- Instantiating /home/travis/build/icyphy/ptII/ptolemy/domains/modal/test/auto/GuardExpression.xml
6 ms. Memory: 480256K Free: 347562K (72%)
----------------- Invoking toplevel() on ptolemy.moml.MoMLSimpleApplication@21f6377d
----------------- Done invoking toplevel() on ptolemy.moml.MoMLSimpleApplication@21f6377d
reloadAllAccessors: .GuardExpression
----------------- testing Wed May 02 18:09:24 UTC 2018 /home/travis/build/icyphy/ptII/ptolemy/domains/modal/test/auto/GuardNotEvaluated.xml
----------------- Instantiating /home/travis/build/icyphy/ptII/ptolemy/domains/modal/test/auto/GuardNotEvaluated.xml
5 ms. Memory: 480256K Free: 337109K (70%)
----------------- Invoking toplevel() on ptolemy.moml.MoMLSimpleApplication@676a86a5
----------------- Done invoking toplevel() on ptolemy.moml.MoMLSimpleApplication@676a86a5
reloadAllAccessors: .GuardNotEvaluated
----------------- testing Wed May 02 18:09:24 UTC 2018 /home/travis/build/icyphy/ptII/ptolemy/domains/modal/test/auto/GuardNotEvaluated2.xml
----------------- Instantiating /home/travis/build/icyphy/ptII/ptolemy/domains/modal/test/auto/GuardNotEvaluated2.xml
7 ms. Memory: 480256K Free: 325134K (68%)
----------------- Invoking toplevel() on ptolemy.moml.MoMLSimpleApplication@5141d7a3
----------------- Done invoking toplevel() on ptolemy.moml.MoMLSimpleApplication@5141d7a3
reloadAllAccessors: .GuardNotEvaluated2
----------------- testing Wed May 02 18:09:24 UTC 2018 /home/travis/build/icyphy/ptII/ptolemy/domains/modal/test/auto/GuardOnAbsent.xml
----------------- Instantiating /home/travis/build/icyphy/ptII/ptolemy/domains/modal/test/auto/GuardOnAbsent.xml
11 ms. Memory: 480256K Free: 314657K (66%)
----------------- Invoking toplevel() on ptolemy.moml.MoMLSimpleApplication@53cda949
----------------- Done invoking toplevel() on ptolemy.moml.MoMLSimpleApplication@53cda949
reloadAllAccessors: .GuardOnAbsent
----------------- testing Wed May 02 18:09:24 UTC 2018 /home/travis/build/icyphy/ptII/ptolemy/domains/modal/test/auto/HierarchicalFSMTypeInference.xml
----------------- Instantiating /home/travis/build/icyphy/ptII/ptolemy/domains/modal/test/auto/HierarchicalFSMTypeInference.xml
3 ms. Memory: 480256K Free: 297451K (62%)
----------------- Invoking toplevel() on ptolemy.moml.MoMLSimpleApplication@4ed4aaba
----------------- Done invoking toplevel() on ptolemy.moml.MoMLSimpleApplication@4ed4aaba
reloadAllAccessors: .HierarchicalFSMTypeInference
----------------- testing Wed May 02 18:09:24 UTC 2018 /home/travis/build/icyphy/ptII/ptolemy/domains/modal/test/auto/Hysteresis.xml
----------------- Instantiating /home/travis/build/icyphy/ptII/ptolemy/domains/modal/test/auto/Hysteresis.xml
10 ms. Memory: 480256K Free: 279140K (58%)
----------------- Invoking toplevel() on ptolemy.moml.MoMLSimpleApplication@409cb4b3
----------------- Done invoking toplevel() on ptolemy.moml.MoMLSimpleApplication@409cb4b3
reloadAllAccessors: .Hysteresis
----------------- testing Wed May 02 18:09:24 UTC 2018 /home/travis/build/icyphy/ptII/ptolemy/domains/modal/test/auto/HysteresisWithDefault.xml
----------------- Instantiating /home/travis/build/icyphy/ptII/ptolemy/domains/modal/test/auto/HysteresisWithDefault.xml
36 ms. Memory: 480256K Free: 251457K (52%)
----------------- Invoking toplevel() on ptolemy.moml.MoMLSimpleApplication@4633f29d
----------------- Done invoking toplevel() on ptolemy.moml.MoMLSimpleApplication@4633f29d
reloadAllAccessors: .HysteresisWithDefault
----------------- testing Wed May 02 18:09:24 UTC 2018 /home/travis/build/icyphy/ptII/ptolemy/domains/modal/test/auto/HysteresisWithDefault2.xml
----------------- Instantiating /home/travis/build/icyphy/ptII/ptolemy/domains/modal/test/auto/HysteresisWithDefault2.xml
55 ms. Memory: 480256K Free: 217407K (45%)
----------------- Invoking toplevel() on ptolemy.moml.MoMLSimpleApplication@1dd93225
----------------- Done invoking toplevel() on ptolemy.moml.MoMLSimpleApplication@1dd93225
reloadAllAccessors: .HysteresisWithDefault2
----------------- testing Wed May 02 18:09:24 UTC 2018 /home/travis/build/icyphy/ptII/ptolemy/domains/modal/test/auto/ImmediateNonConstructiveness.xml
----------------- Instantiating /home/travis/build/icyphy/ptII/ptolemy/domains/modal/test/auto/ImmediateNonConstructiveness.xml
3 ms. Memory: 480256K Free: 205439K (43%)
----------------- Invoking toplevel() on ptolemy.moml.MoMLSimpleApplication@ba80c9e
----------------- Done invoking toplevel() on ptolemy.moml.MoMLSimpleApplication@ba80c9e
reloadAllAccessors: .ImmediateNonConstructiveness
----------------- testing Wed May 02 18:09:24 UTC 2018 /home/travis/build/icyphy/ptII/ptolemy/domains/modal/test/auto/ImmediateNonConstructiveness2.xml
----------------- Instantiating /home/travis/build/icyphy/ptII/ptolemy/domains/modal/test/auto/ImmediateNonConstructiveness2.xml
2 ms. Memory: 480256K Free: 194987K (41%)
----------------- Invoking toplevel() on ptolemy.moml.MoMLSimpleApplication@540003dc
----------------- Done invoking toplevel() on ptolemy.moml.MoMLSimpleApplication@540003dc
reloadAllAccessors: .ImmediateNonConstructiveness2
----------------- testing Wed May 02 18:09:24 UTC 2018 /home/travis/build/icyphy/ptII/ptolemy/domains/modal/test/auto/ImmediateTransitionReset.xml
----------------- Instantiating /home/travis/build/icyphy/ptII/ptolemy/domains/modal/test/auto/ImmediateTransitionReset.xml
5 ms. Memory: 480256K Free: 177804K (37%)
----------------- Invoking toplevel() on ptolemy.moml.MoMLSimpleApplication@56def8d9
----------------- Done invoking toplevel() on ptolemy.moml.MoMLSimpleApplication@56def8d9
reloadAllAccessors: .ImmediateTransitionReset
----------------- testing Wed May 02 18:09:24 UTC 2018 /home/travis/build/icyphy/ptII/ptolemy/domains/modal/test/auto/ImmediateTransitions1.xml
----------------- Instantiating /home/travis/build/icyphy/ptII/ptolemy/domains/modal/test/auto/ImmediateTransitions1.xml
2 ms. Memory: 480256K Free: 169963K (35%)
----------------- Invoking toplevel() on ptolemy.moml.MoMLSimpleApplication@24b937d8
----------------- Done invoking toplevel() on ptolemy.moml.MoMLSimpleApplication@24b937d8
reloadAllAccessors: .ImmediateTransitions1
----------------- testing Wed May 02 18:09:24 UTC 2018 /home/travis/build/icyphy/ptII/ptolemy/domains/modal/test/auto/ImmediateTransitionsInstantaneousCommunication.xml
----------------- Instantiating /home/travis/build/icyphy/ptII/ptolemy/domains/modal/test/auto/ImmediateTransitionsInstantaneousCommunication.xml
4 ms. Memory: 480256K Free: 152765K (32%)
----------------- Invoking toplevel() on ptolemy.moml.MoMLSimpleApplication@32800d7d
----------------- Done invoking toplevel() on ptolemy.moml.MoMLSimpleApplication@32800d7d
reloadAllAccessors: .ImmediateTransitionsInstantaneousCommunication
----------------- testing Wed May 02 18:09:24 UTC 2018 /home/travis/build/icyphy/ptII/ptolemy/domains/modal/test/auto/InitialImmediateTransition.xml
----------------- Instantiating /home/travis/build/icyphy/ptII/ptolemy/domains/modal/test/auto/InitialImmediateTransition.xml
3 ms. Memory: 480256K Free: 142304K (30%)
----------------- Invoking toplevel() on ptolemy.moml.MoMLSimpleApplication@4a6db235
----------------- Done invoking toplevel() on ptolemy.moml.MoMLSimpleApplication@4a6db235
reloadAllAccessors: .InitialImmediateTransition
----------------- testing Wed May 02 18:09:24 UTC 2018 /home/travis/build/icyphy/ptII/ptolemy/domains/modal/test/auto/InitialOutputs.xml
----------------- Instantiating /home/travis/build/icyphy/ptII/ptolemy/domains/modal/test/auto/InitialOutputs.xml
2 ms. Memory: 480256K Free: 132947K (28%)
----------------- Invoking toplevel() on ptolemy.moml.MoMLSimpleApplication@5e18990d
----------------- Done invoking toplevel() on ptolemy.moml.MoMLSimpleApplication@5e18990d
reloadAllAccessors: .InitialOutputs
----------------- testing Wed May 02 18:09:24 UTC 2018 /home/travis/build/icyphy/ptII/ptolemy/domains/modal/test/auto/InitialStateTransition1.xml
----------------- Instantiating /home/travis/build/icyphy/ptII/ptolemy/domains/modal/test/auto/InitialStateTransition1.xml
2 ms. Memory: 480256K Free: 120972K (25%)
----------------- Invoking toplevel() on ptolemy.moml.MoMLSimpleApplication@2f1c2ce8
----------------- Done invoking toplevel() on ptolemy.moml.MoMLSimpleApplication@2f1c2ce8
reloadAllAccessors: .InitialStateTransition1
----------------- testing Wed May 02 18:09:24 UTC 2018 /home/travis/build/icyphy/ptII/ptolemy/domains/modal/test/auto/InitialStateTransition2.xml
----------------- Instantiating /home/travis/build/icyphy/ptII/ptolemy/domains/modal/test/auto/InitialStateTransition2.xml
.InitialStateTransition2.TestExceptionAttributeNonConstructive: initialize() was not invoked, but wrapup() was.  This is unusual, but not always a problem.  For example, exporting JNLP will do this.
1 ms. Memory: 480256K Free: 110511K (23%)
----------------- Invoking toplevel() on ptolemy.moml.MoMLSimpleApplication@733744b9
----------------- Done invoking toplevel() on ptolemy.moml.MoMLSimpleApplication@733744b9
reloadAllAccessors: .InitialStateTransition2
----------------- testing Wed May 02 18:09:24 UTC 2018 /home/travis/build/icyphy/ptII/ptolemy/domains/modal/test/auto/InitialStateTransition3.xml
----------------- Instantiating /home/travis/build/icyphy/ptII/ptolemy/domains/modal/test/auto/InitialStateTransition3.xml
3 ms. Memory: 480256K Free: 95909K (20%)
----------------- Invoking toplevel() on ptolemy.moml.MoMLSimpleApplication@7bc18816
----------------- Done invoking toplevel() on ptolemy.moml.MoMLSimpleApplication@7bc18816
reloadAllAccessors: .InitialStateTransition3
----------------- testing Wed May 02 18:09:24 UTC 2018 /home/travis/build/icyphy/ptII/ptolemy/domains/modal/test/auto/InitialStateTransition4.xml
----------------- Instantiating /home/travis/build/icyphy/ptII/ptolemy/domains/modal/test/auto/InitialStateTransition4.xml
3 ms. Memory: 480256K Free: 82820K (17%)
----------------- Invoking toplevel() on ptolemy.moml.MoMLSimpleApplication@30250987
----------------- Done invoking toplevel() on ptolemy.moml.MoMLSimpleApplication@30250987
reloadAllAccessors: .InitialStateTransition4
----------------- testing Wed May 02 18:09:25 UTC 2018 /home/travis/build/icyphy/ptII/ptolemy/domains/modal/test/auto/MalformedGuardExpressionNotCaught.xml
----------------- Instantiating /home/travis/build/icyphy/ptII/ptolemy/domains/modal/test/auto/MalformedGuardExpressionNotCaught.xml
3 ms. Memory: 715776K Free: 697148K (97%)
----------------- Invoking toplevel() on ptolemy.moml.MoMLSimpleApplication@3ddbfb38
----------------- Done invoking toplevel() on ptolemy.moml.MoMLSimpleApplication@3ddbfb38
reloadAllAccessors: .MalformedGuardExpressionNotCaught
----------------- testing Wed May 02 18:09:25 UTC 2018 /home/travis/build/icyphy/ptII/ptolemy/domains/modal/test/auto/ModalBSC.xml
----------------- Instantiating /home/travis/build/icyphy/ptII/ptolemy/domains/modal/test/auto/ModalBSC.xml
34 ms. Memory: 715776K Free: 661786K (92%)
----------------- Invoking toplevel() on ptolemy.moml.MoMLSimpleApplication@1eb28fbf
----------------- Done invoking toplevel() on ptolemy.moml.MoMLSimpleApplication@1eb28fbf
reloadAllAccessors: .ModalBSC
----------------- testing Wed May 02 18:09:25 UTC 2018 /home/travis/build/icyphy/ptII/ptolemy/domains/modal/test/auto/ModalClocks.xml
----------------- Instantiating /home/travis/build/icyphy/ptII/ptolemy/domains/modal/test/auto/ModalClocks.xml
28 ms. Memory: 715776K Free: 632517K (88%)
----------------- Invoking toplevel() on ptolemy.moml.MoMLSimpleApplication@99114e0
----------------- Done invoking toplevel() on ptolemy.moml.MoMLSimpleApplication@99114e0
reloadAllAccessors: .ModalClocks
----------------- testing Wed May 02 18:09:25 UTC 2018 /home/travis/build/icyphy/ptII/ptolemy/domains/modal/test/auto/ModalDelay.xml
----------------- Instantiating /home/travis/build/icyphy/ptII/ptolemy/domains/modal/test/auto/ModalDelay.xml
13 ms. Memory: 715776K Free: 613984K (86%)
----------------- Invoking toplevel() on ptolemy.moml.MoMLSimpleApplication@5cc82192
----------------- Done invoking toplevel() on ptolemy.moml.MoMLSimpleApplication@5cc82192
reloadAllAccessors: .ModalDelay
----------------- testing Wed May 02 18:09:25 UTC 2018 /home/travis/build/icyphy/ptII/ptolemy/domains/modal/test/auto/ModalDelay2.xml
----------------- Instantiating /home/travis/build/icyphy/ptII/ptolemy/domains/modal/test/auto/ModalDelay2.xml
11 ms. Memory: 715776K Free: 597272K (83%)
----------------- Invoking toplevel() on ptolemy.moml.MoMLSimpleApplication@4c801103
----------------- Done invoking toplevel() on ptolemy.moml.MoMLSimpleApplication@4c801103
reloadAllAccessors: .ModalDelay2
----------------- testing Wed May 02 18:09:25 UTC 2018 /home/travis/build/icyphy/ptII/ptolemy/domains/modal/test/auto/ModalModelFromMemo.xml
----------------- Instantiating /home/travis/build/icyphy/ptII/ptolemy/domains/modal/test/auto/ModalModelFromMemo.xml
16 ms. Memory: 715776K Free: 570343K (80%)
----------------- Invoking toplevel() on ptolemy.moml.MoMLSimpleApplication@51586448
----------------- Done invoking toplevel() on ptolemy.moml.MoMLSimpleApplication@51586448
reloadAllAccessors: .ModalModelFromMemo
----------------- testing Wed May 02 18:09:25 UTC 2018 /home/travis/build/icyphy/ptII/ptolemy/domains/modal/test/auto/ModalModelWithMultirateTransient.xml
----------------- Instantiating /home/travis/build/icyphy/ptII/ptolemy/domains/modal/test/auto/ModalModelWithMultirateTransient.xml
13 ms. Memory: 715776K Free: 549429K (77%)
----------------- Invoking toplevel() on ptolemy.moml.MoMLSimpleApplication@2d30446a
----------------- Done invoking toplevel() on ptolemy.moml.MoMLSimpleApplication@2d30446a
reloadAllAccessors: .ModalModelWithMultirateTransient
----------------- testing Wed May 02 18:09:25 UTC 2018 /home/travis/build/icyphy/ptII/ptolemy/domains/modal/test/auto/ModalModelWithReset.xml
----------------- Instantiating /home/travis/build/icyphy/ptII/ptolemy/domains/modal/test/auto/ModalModelWithReset.xml
12 ms. Memory: 715776K Free: 530888K (74%)
----------------- Invoking toplevel() on ptolemy.moml.MoMLSimpleApplication@74d1421e
----------------- Done invoking toplevel() on ptolemy.moml.MoMLSimpleApplication@74d1421e
reloadAllAccessors: .ModalModelWithReset
----------------- testing Wed May 02 18:09:25 UTC 2018 /home/travis/build/icyphy/ptII/ptolemy/domains/modal/test/auto/MouseClickFSM.xml
----------------- Instantiating /home/travis/build/icyphy/ptII/ptolemy/domains/modal/test/auto/MouseClickFSM.xml
14 ms. Memory: 715776K Free: 509975K (71%)
----------------- Invoking toplevel() on ptolemy.moml.MoMLSimpleApplication@37ea00db
----------------- Done invoking toplevel() on ptolemy.moml.MoMLSimpleApplication@37ea00db
reloadAllAccessors: .MouseClickFSM
----------------- testing Wed May 02 18:09:25 UTC 2018 /home/travis/build/icyphy/ptII/ptolemy/domains/modal/test/auto/MouseClickFSMModal.xml
----------------- Instantiating /home/travis/build/icyphy/ptII/ptolemy/domains/modal/test/auto/MouseClickFSMModal.xml
11 ms. Memory: 715776K Free: 487264K (68%)
----------------- Invoking toplevel() on ptolemy.moml.MoMLSimpleApplication@68dfd6b1
----------------- Done invoking toplevel() on ptolemy.moml.MoMLSimpleApplication@68dfd6b1
reloadAllAccessors: .MouseClickFSMModal
----------------- testing Wed May 02 18:09:25 UTC 2018 /home/travis/build/icyphy/ptII/ptolemy/domains/modal/test/auto/NonStrictFSM_FeedbackLoop.xml
----------------- Instantiating /home/travis/build/icyphy/ptII/ptolemy/domains/modal/test/auto/NonStrictFSM_FeedbackLoop.xml
25 ms. Memory: 715776K Free: 462188K (65%)
----------------- Invoking toplevel() on ptolemy.moml.MoMLSimpleApplication@205dd68c
----------------- Done invoking toplevel() on ptolemy.moml.MoMLSimpleApplication@205dd68c
reloadAllAccessors: .NonStrictFSM_FeedbackLoop
----------------- testing Wed May 02 18:09:25 UTC 2018 /home/travis/build/icyphy/ptII/ptolemy/domains/modal/test/auto/NonStrictFSM_FeedbackLoop_Refinement.xml
----------------- Instantiating /home/travis/build/icyphy/ptII/ptolemy/domains/modal/test/auto/NonStrictFSM_FeedbackLoop_Refinement.xml
54 ms. Memory: 715776K Free: 428733K (60%)
----------------- Invoking toplevel() on ptolemy.moml.MoMLSimpleApplication@4df1c8ad
----------------- Done invoking toplevel() on ptolemy.moml.MoMLSimpleApplication@4df1c8ad
reloadAllAccessors: .NonStrictFSM_FeedbackLoop_Refinement
----------------- testing Wed May 02 18:09:25 UTC 2018 /home/travis/build/icyphy/ptII/ptolemy/domains/modal/test/auto/NonStrictFSM_FeedbackLoop_preemptive.xml
----------------- Instantiating /home/travis/build/icyphy/ptII/ptolemy/domains/modal/test/auto/NonStrictFSM_FeedbackLoop_preemptive.xml
15 ms. Memory: 715776K Free: 397674K (56%)
----------------- Invoking toplevel() on ptolemy.moml.MoMLSimpleApplication@4830c065
----------------- Done invoking toplevel() on ptolemy.moml.MoMLSimpleApplication@4830c065
reloadAllAccessors: .NonStrictFSM_FeedbackLoop_preemptive
----------------- testing Wed May 02 18:09:25 UTC 2018 /home/travis/build/icyphy/ptII/ptolemy/domains/modal/test/auto/NormalTermination.xml
----------------- Instantiating /home/travis/build/icyphy/ptII/ptolemy/domains/modal/test/auto/NormalTermination.xml
12 ms. Memory: 715776K Free: 372598K (52%)
----------------- Invoking toplevel() on ptolemy.moml.MoMLSimpleApplication@d233d0f
----------------- Done invoking toplevel() on ptolemy.moml.MoMLSimpleApplication@d233d0f
reloadAllAccessors: .NormalTermination
----------------- testing Wed May 02 18:09:25 UTC 2018 /home/travis/build/icyphy/ptII/ptolemy/domains/modal/test/auto/Pong.xml
----------------- Instantiating /home/travis/build/icyphy/ptII/ptolemy/domains/modal/test/auto/Pong.xml
64 ms. Memory: 715776K Free: 345654K (48%)
----------------- Invoking toplevel() on ptolemy.moml.MoMLSimpleApplication@137caa0e
----------------- Done invoking toplevel() on ptolemy.moml.MoMLSimpleApplication@137caa0e
reloadAllAccessors: .Pong
[...]
2 ms. Memory: 715776K Free: 582874K (81%)
----------------- Invoking toplevel() on ptolemy.moml.MoMLSimpleApplication@5ce4eac8
----------------- Done invoking toplevel() on ptolemy.moml.MoMLSimpleApplication@5ce4eac8
reloadAllAccessors: .StrongImmediateTransition
----------------- testing Wed May 02 18:09:26 UTC 2018 /home/travis/build/icyphy/ptII/ptolemy/domains/modal/test/auto/SustainHierarchy.xml
----------------- Instantiating /home/travis/build/icyphy/ptII/ptolemy/domains/modal/test/auto/SustainHierarchy.xml
4 ms. Memory: 715776K Free: 566146K (79%)
----------------- Invoking toplevel() on ptolemy.moml.MoMLSimpleApplication@437d9b0c
----------------- Done invoking toplevel() on ptolemy.moml.MoMLSimpleApplication@437d9b0c
reloadAllAccessors: .SustainHierarchy
----------------- testing Wed May 02 18:09:26 UTC 2018 /home/travis/build/icyphy/ptII/ptolemy/domains/modal/test/auto/TerminationTransition1.xml
----------------- Instantiating /home/travis/build/icyphy/ptII/ptolemy/domains/modal/test/auto/TerminationTransition1.xml
2 ms. Memory: 715776K Free: 552284K (77%)
----------------- Invoking toplevel() on ptolemy.moml.MoMLSimpleApplication@61de10d
----------------- Done invoking toplevel() on ptolemy.moml.MoMLSimpleApplication@61de10d
reloadAllAccessors: .TerminationTransition1
----------------- testing Wed May 02 18:09:26 UTC 2018 /home/travis/build/icyphy/ptII/ptolemy/domains/modal/test/auto/TerminationTransition2.xml
----------------- Instantiating /home/travis/build/icyphy/ptII/ptolemy/domains/modal/test/auto/TerminationTransition2.xml
1 ms. Memory: 715776K Free: 534236K (75%)
----------------- Invoking toplevel() on ptolemy.moml.MoMLSimpleApplication@6bda1d30
----------------- Done invoking toplevel() on ptolemy.moml.MoMLSimpleApplication@6bda1d30
reloadAllAccessors: .TerminationTransition2
----------------- testing Wed May 02 18:09:26 UTC 2018 /home/travis/build/icyphy/ptII/ptolemy/domains/modal/test/auto/TerminationTransition3.xml
----------------- Instantiating /home/travis/build/icyphy/ptII/ptolemy/domains/modal/test/auto/TerminationTransition3.xml
1 ms. Memory: 715776K Free: 517516K (72%)
----------------- Invoking toplevel() on ptolemy.moml.MoMLSimpleApplication@1281aefe
----------------- Done invoking toplevel() on ptolemy.moml.MoMLSimpleApplication@1281aefe
reloadAllAccessors: .TerminationTransition3
----------------- testing Wed May 02 18:09:26 UTC 2018 /home/travis/build/icyphy/ptII/ptolemy/domains/modal/test/auto/TerminationTransition4.xml
----------------- Instantiating /home/travis/build/icyphy/ptII/ptolemy/domains/modal/test/auto/TerminationTransition4.xml
5 ms. Memory: 715776K Free: 495274K (69%)
----------------- Invoking toplevel() on ptolemy.moml.MoMLSimpleApplication@2c4f10c5
----------------- Done invoking toplevel() on ptolemy.moml.MoMLSimpleApplication@2c4f10c5
reloadAllAccessors: .TerminationTransition4
----------------- testing Wed May 02 18:09:27 UTC 2018 /home/travis/build/icyphy/ptII/ptolemy/domains/modal/test/auto/TerminationTransition5.xml
----------------- Instantiating /home/travis/build/icyphy/ptII/ptolemy/domains/modal/test/auto/TerminationTransition5.xml
2 ms. Memory: 715776K Free: 473048K (66%)
----------------- Invoking toplevel() on ptolemy.moml.MoMLSimpleApplication@74bebc9a
----------------- Done invoking toplevel() on ptolemy.moml.MoMLSimpleApplication@74bebc9a
reloadAllAccessors: .TerminationTransition5
----------------- testing Wed May 02 18:09:27 UTC 2018 /home/travis/build/icyphy/ptII/ptolemy/domains/modal/test/auto/TerminationTransition6.xml
----------------- Instantiating /home/travis/build/icyphy/ptII/ptolemy/domains/modal/test/auto/TerminationTransition6.xml
2 ms. Memory: 715776K Free: 460498K (64%)
----------------- Invoking toplevel() on ptolemy.moml.MoMLSimpleApplication@7a03e3cf
----------------- Done invoking toplevel() on ptolemy.moml.MoMLSimpleApplication@7a03e3cf
reloadAllAccessors: .TerminationTransition6
----------------- testing Wed May 02 18:09:27 UTC 2018 /home/travis/build/icyphy/ptII/ptolemy/domains/modal/test/auto/TerminationTransition7.xml
----------------- Instantiating /home/travis/build/icyphy/ptII/ptolemy/domains/modal/test/auto/TerminationTransition7.xml
2 ms. Memory: 715776K Free: 442442K (62%)
----------------- Invoking toplevel() on ptolemy.moml.MoMLSimpleApplication@1f2c8ec8
----------------- Done invoking toplevel() on ptolemy.moml.MoMLSimpleApplication@1f2c8ec8
reloadAllAccessors: .TerminationTransition7
----------------- testing Wed May 02 18:09:27 UTC 2018 /home/travis/build/icyphy/ptII/ptolemy/domains/modal/test/auto/TerminationTransition8.xml
----------------- Instantiating /home/travis/build/icyphy/ptII/ptolemy/domains/modal/test/auto/TerminationTransition8.xml
2 ms. Memory: 715776K Free: 424386K (59%)
----------------- Invoking toplevel() on ptolemy.moml.MoMLSimpleApplication@78062b7a
----------------- Done invoking toplevel() on ptolemy.moml.MoMLSimpleApplication@78062b7a
reloadAllAccessors: .TerminationTransition8
----------------- testing Wed May 02 18:09:27 UTC 2018 /home/travis/build/icyphy/ptII/ptolemy/domains/modal/test/auto/Thermostat_NoHysteresis.xml
----------------- Instantiating /home/travis/build/icyphy/ptII/ptolemy/domains/modal/test/auto/Thermostat_NoHysteresis.xml
28 ms. Memory: 715776K Free: 395100K (55%)
----------------- Invoking toplevel() on ptolemy.moml.MoMLSimpleApplication@3fdd7bb2
----------------- Done invoking toplevel() on ptolemy.moml.MoMLSimpleApplication@3fdd7bb2
reloadAllAccessors: .Thermostat_NoHysteresis
----------------- testing Wed May 02 18:09:27 UTC 2018 /home/travis/build/icyphy/ptII/ptolemy/domains/modal/test/auto/TimedFSM.xml
----------------- Instantiating /home/travis/build/icyphy/ptII/ptolemy/domains/modal/test/auto/TimedFSM.xml
8 ms. Memory: 715776K Free: 377068K (53%)
----------------- Invoking toplevel() on ptolemy.moml.MoMLSimpleApplication@38e4ec37
----------------- Done invoking toplevel() on ptolemy.moml.MoMLSimpleApplication@38e4ec37
reloadAllAccessors: .TimedFSM
----------------- testing Wed May 02 18:09:27 UTC 2018 /home/travis/build/icyphy/ptII/ptolemy/domains/modal/test/auto/Timeout1.xml
----------------- Instantiating /home/travis/build/icyphy/ptII/ptolemy/domains/modal/test/auto/Timeout1.xml
3 ms. Memory: 715776K Free: 367393K (51%)
----------------- Invoking toplevel() on ptolemy.moml.MoMLSimpleApplication@4fe9a542
----------------- Done invoking toplevel() on ptolemy.moml.MoMLSimpleApplication@4fe9a542
reloadAllAccessors: .Timeout1
----------------- testing Wed May 02 18:09:27 UTC 2018 /home/travis/build/icyphy/ptII/ptolemy/domains/modal/test/auto/Timeout2.xml
----------------- Instantiating /home/travis/build/icyphy/ptII/ptolemy/domains/modal/test/auto/Timeout2.xml
5 ms. Memory: 715776K Free: 354851K (50%)
----------------- Invoking toplevel() on ptolemy.moml.MoMLSimpleApplication@35edf27a
----------------- Done invoking toplevel() on ptolemy.moml.MoMLSimpleApplication@35edf27a
reloadAllAccessors: .Timeout2
----------------- testing Wed May 02 18:09:27 UTC 2018 /home/travis/build/icyphy/ptII/ptolemy/domains/modal/test/auto/Timeout3.xml
----------------- Instantiating /home/travis/build/icyphy/ptII/ptolemy/domains/modal/test/auto/Timeout3.xml
2 ms. Memory: 715776K Free: 345175K (48%)
----------------- Invoking toplevel() on ptolemy.moml.MoMLSimpleApplication@4782ca04
----------------- Done invoking toplevel() on ptolemy.moml.MoMLSimpleApplication@4782ca04
reloadAllAccessors: .Timeout3
----------------- testing Wed May 02 18:09:27 UTC 2018 /home/travis/build/icyphy/ptII/ptolemy/domains/modal/test/auto/Timeout4.xml
----------------- Instantiating /home/travis/build/icyphy/ptII/ptolemy/domains/modal/test/auto/Timeout4.xml
2 ms. Memory: 715776K Free: 335499K (47%)
----------------- Invoking toplevel() on ptolemy.moml.MoMLSimpleApplication@1814ec82
----------------- Done invoking toplevel() on ptolemy.moml.MoMLSimpleApplication@1814ec82
reloadAllAccessors: .Timeout4
----------------- testing Wed May 02 18:09:27 UTC 2018 /home/travis/build/icyphy/ptII/ptolemy/domains/modal/test/auto/TransientstateModelAdvanced.xml
----------------- Instantiating /home/travis/build/icyphy/ptII/ptolemy/domains/modal/test/auto/TransientstateModelAdvanced.xml
3 ms. Memory: 715776K Free: 318771K (45%)
----------------- Invoking toplevel() on ptolemy.moml.MoMLSimpleApplication@5898c6f4
----------------- Done invoking toplevel() on ptolemy.moml.MoMLSimpleApplication@5898c6f4
reloadAllAccessors: .TransientstateModelAdvanced
----------------- testing Wed May 02 18:09:27 UTC 2018 /home/travis/build/icyphy/ptII/ptolemy/domains/modal/test/auto/TransientstateModelAdvanced2.xml
----------------- Instantiating /home/travis/build/icyphy/ptII/ptolemy/domains/modal/test/auto/TransientstateModelAdvanced2.xml
3 ms. Memory: 715776K Free: 296529K (41%)
----------------- Invoking toplevel() on ptolemy.moml.MoMLSimpleApplication@4cc507b9
----------------- Done invoking toplevel() on ptolemy.moml.MoMLSimpleApplication@4cc507b9
reloadAllAccessors: .transientstatemodelAdvanced
----------------- testing Wed May 02 18:09:27 UTC 2018 /home/travis/build/icyphy/ptII/ptolemy/domains/modal/test/auto/TransitionRefinements.xml
----------------- Instantiating /home/travis/build/icyphy/ptII/ptolemy/domains/modal/test/auto/TransitionRefinements.xml
8 ms. Memory: 715776K Free: 282659K (39%)
----------------- Invoking toplevel() on ptolemy.moml.MoMLSimpleApplication@79505ba
----------------- Done invoking toplevel() on ptolemy.moml.MoMLSimpleApplication@79505ba
reloadAllAccessors: .TransitionRefinements
----------------- testing Wed May 02 18:09:27 UTC 2018 /home/travis/build/icyphy/ptII/ptolemy/domains/modal/test/auto/TwoRefinements1.xml
----------------- Instantiating /home/travis/build/icyphy/ptII/ptolemy/domains/modal/test/auto/TwoRefinements1.xml
3 ms. Memory: 715776K Free: 265931K (37%)
----------------- Invoking toplevel() on ptolemy.moml.MoMLSimpleApplication@f4e3896
----------------- Done invoking toplevel() on ptolemy.moml.MoMLSimpleApplication@f4e3896
reloadAllAccessors: .TwoRefinements1
----------------- testing Wed May 02 18:09:27 UTC 2018 /home/travis/build/icyphy/ptII/ptolemy/domains/modal/test/auto/TwoRefinements2.xml
----------------- Instantiating /home/travis/build/icyphy/ptII/ptolemy/domains/modal/test/auto/TwoRefinements2.xml
2 ms. Memory: 715776K Free: 247899K (35%)
----------------- Invoking toplevel() on ptolemy.moml.MoMLSimpleApplication@7bb484da
----------------- Done invoking toplevel() on ptolemy.moml.MoMLSimpleApplication@7bb484da
reloadAllAccessors: .TwoRefinements2
----------------- testing Wed May 02 18:09:27 UTC 2018 /home/travis/build/icyphy/ptII/ptolemy/domains/modal/test/auto/WeakImmediateTransition.xml
----------------- Instantiating /home/travis/build/icyphy/ptII/ptolemy/domains/modal/test/auto/WeakImmediateTransition.xml
3 ms. Memory: 715776K Free: 234037K (33%)
----------------- Invoking toplevel() on ptolemy.moml.MoMLSimpleApplication@31067f6f
----------------- Done invoking toplevel() on ptolemy.moml.MoMLSimpleApplication@31067f6f
reloadAllAccessors: .WeakImmediateTransition
----------------- testing Wed May 02 18:09:27 UTC 2018 /home/travis/build/icyphy/ptII/ptolemy/domains/modal/test/auto/booleanSelect.xml
----------------- Instantiating /home/travis/build/icyphy/ptII/ptolemy/domains/modal/test/auto/booleanSelect.xml
33 ms. Memory: 715776K Free: 213115K (30%)
----------------- Invoking toplevel() on ptolemy.moml.MoMLSimpleApplication@55d41d2c
----------------- Done invoking toplevel() on ptolemy.moml.MoMLSimpleApplication@55d41d2c
reloadAllAccessors: .booleanSelect
----------------- testing Wed May 02 18:09:27 UTC 2018 /home/travis/build/icyphy/ptII/ptolemy/domains/modal/test/auto/modalChangingParams.xml
----------------- Instantiating /home/travis/build/icyphy/ptII/ptolemy/domains/modal/test/auto/modalChangingParams.xml
0
1
0
2
4
6
8
7
0
2
4
6
8
13
0
2
4
6
8
19
0
2
4
6
8
25
0
2
4
6
8
31
0
2
4
6
8
37
0
2
4
6
8
43
0
2
4
6
8
49
0
2
4
6
8
55
0
2
4
6
8
61
0
2
4
6
8
67
0
2
4
6
8
73
0
2
4
6
8
79
0
2
4
6
8
85
0
2
4
6
8
91
0
2
4
6
8
97
0
2
4
6
8
103
0
2
4
6
8
109
0
2
4
6
8
115
0
2
4
6
8
121
0
2
4
6
8
127
0
2
4
6
8
133
0
2
4
6
8
139
0
2
4
6
8
145
0
2
4
6
8
151
0
2
4
6
8
157
0
2
4
6
8
163
0
2
4
6
8
169
0
2
4
6
8
175
0
2
4
6
8
181
0
2
4
6
8
187
0
2
4
6
8
193
0
2
4
6
8
199
0
2
4
6
8
205
0
2
4
6
8
211
0
2
4
6
8
217
0
2
4
6
8
223
0
2
4
6
8
229
0
2
4
6
8
235
0
2
4
6
8
241
0
2
4
6
8
247
0
2
4
6
8
253
0
2
4
6
8
259
0
2
4
6
8
265
0
2
4
6
8
271
0
2
4
6
8
277
0
2
4
6
8
283
0
2
4
6
8
289
0
2
4
6
8
295
0
2
4
6
8
301
0
2
4
6
8
307
0
2
4
6
8
313
0
2
4
6
8
319
0
2
4
6
8
325
0
2
4
6
8
331
0
2
4
6
8
337
0
2
4
6
8
343
0
2
4
6
8
349
0
2
4
6
8
355
0
2
4
6
8
361
0
2
4
6
8
367
0
2
4
6
8
373
0
2
4
6
8
379
0
2
4
6
8
385
0
2
4
6
8
391
0
2
4
6
8
397
0
2
4
6
8
403
0
2
4
6
8
409
0
2
4
6
8
415
0
2
4
6
8
421
0
2
4
6
8
427
0
2
4
6
8
433
0
2
4
6
8
439
0
2
4
6
8
445
0
2
4
6
8
451
0
2
4
6
8
457
0
2
4
6
8
463
0
2
4
6
8
469
0
2
4
6
8
475
0
2
4
6
8
481
0
2
4
6
8
487
0
2
4
6
8
493
0
2
4
6
8
499
0
2
4
6
8
505
0
2
4
6
8
511
0
2
4
6
8
517
0
2
4
6
8
523
0
2
4
6
8
529
0
2
4
6
8
535
0
2
4
6
8
541
0
2
4
6
8
547
0
2
4
6
8
553
0
2
4
6
8
559
0
2
4
6
8
565
0
2
4
6
8
571
0
2
4
6
8
577
0
2
4
6
8
583
0
2
4
6
8
589
0
2
4
6
8
595
0
2
4
6
8
601
0
2
4
6
8
607
0
2
4
6
8
613
0
2
4
6
8
619
0
2
4
6
8
625
0
2
4
6
8
631
0
2
4
6
8
637
0
2
4
6
8
643
0
2
4
6
8
649
0
2
4
6
8
655
0
2
4
6
8
661
0
2
4
6
8
667
0
2
4
6
8
673
0
2
4
6
8
679
0
2
4
6
8
685
0
2
4
6
8
691
0
2
4
6
8
697
0
2
4
6
8
703
0
2
4
6
8
709
0
2
4
6
8
715
0
2
4
6
8
721
0
2
4
6
8
727
0
2
4
6
8
733
0
2
4
6
8
739
0
2
4
6
8
745
0
2
4
6
8
751
0
2
4
6
8
757
0
2
4
6
8
763
0
2
4
6
8
769
0
2
4
6
8
775
0
2
4
6
8
781
0
2
4
6
8
787
0
2
4
6
8
793
0
2
4
6
8
799
0
2
4
6
8
805
0
2
4
6
8
811
0
2
4
6
8
817
0
2
4
6
8
823
0
2
4
6
8
829
0
2
4
6
8
835
0
2
4
6
8
841
0
2
4
6
8
847
0
2
4
6
8
853
0
2
4
6
8
859
0
2
4
6
8
865
0
2
4
6
8
871
0
2
4
6
8
877
0
2
4
6
8
883
0
2
4
6
8
889
0
2
4
6
8
895
0
2
4
6
8
901
0
2
4
6
8
907
0
2
4
6
8
913
0
2
4
6
8
919
0
2
4
6
8
925
0
2
4
6
8
931
0
2
4
6
8
937
0
2
4
6
8
943
0
2
4
6
8
949
0
2
4
6
8
955
0
2
4
6
8
961
0
2
4
6
8
967
0
2
4
6
8
973
0
2
4
6
8
979
0
2
4
6
8
985
0
2
4
6
8
991
0
2
4
6
8
997
0
2
244 ms. Memory: 715776K Free: 94493K (13%)
----------------- Invoking toplevel() on ptolemy.moml.MoMLSimpleApplication@5cd3e82e
----------------- Done invoking toplevel() on ptolemy.moml.MoMLSimpleApplication@5cd3e82e
reloadAllAccessors: .modalChangingParams
----------------- testing Wed May 02 18:09:27 UTC 2018 /home/travis/build/icyphy/ptII/ptolemy/domains/modal/test/auto/modalModel.xml
----------------- Instantiating /home/travis/build/icyphy/ptII/ptolemy/domains/modal/test/auto/modalModel.xml
5 ms. Memory: 715776K Free: 80631K (11%)
----------------- Invoking toplevel() on ptolemy.moml.MoMLSimpleApplication@a67029d
----------------- Done invoking toplevel() on ptolemy.moml.MoMLSimpleApplication@a67029d
reloadAllAccessors: .modalModel
----------------- testing Wed May 02 18:09:27 UTC 2018 /home/travis/build/icyphy/ptII/ptolemy/domains/modal/test/auto/modalModel2.xml
----------------- Instantiating /home/travis/build/icyphy/ptII/ptolemy/domains/modal/test/auto/modalModel2.xml
7 ms. Memory: 1092096K Free: 1067858K (98%)
----------------- Invoking toplevel() on ptolemy.moml.MoMLSimpleApplication@421a0892
----------------- Done invoking toplevel() on ptolemy.moml.MoMLSimpleApplication@421a0892
reloadAllAccessors: .modalModel2
----------------- testing Wed May 02 18:09:27 UTC 2018 /home/travis/build/icyphy/ptII/ptolemy/domains/modal/test/auto/modalModel3.xml
----------------- Instantiating /home/travis/build/icyphy/ptII/ptolemy/domains/modal/test/auto/modalModel3.xml
0	0	0
1	0	1
4	2	2
7	4	3
10	6	4
5	0	5
8	2	6
11	4	7
14	6	8
9	0	9
12	2	10
15	4	11
18	6	12
13	0	13
16	2	14
12 ms. Memory: 1092096K Free: 1046051K (96%)
----------------- Invoking toplevel() on ptolemy.moml.MoMLSimpleApplication@1806424f
----------------- Done invoking toplevel() on ptolemy.moml.MoMLSimpleApplication@1806424f
reloadAllAccessors: .modalModel3
----------------- testing Wed May 02 18:09:27 UTC 2018 /home/travis/build/icyphy/ptII/ptolemy/domains/modal/test/auto/model1.xml
----------------- Instantiating /home/travis/build/icyphy/ptII/ptolemy/domains/modal/test/auto/model1.xml
10 ms. Memory: 1092096K Free: 1031005K (94%)
----------------- Invoking toplevel() on ptolemy.moml.MoMLSimpleApplication@3e796cf9
----------------- Done invoking toplevel() on ptolemy.moml.MoMLSimpleApplication@3e796cf9
reloadAllAccessors: .model1
----------------- testing Wed May 02 18:09:28 UTC 2018 /home/travis/build/icyphy/ptII/ptolemy/domains/modal/test/auto/test-direct-in-out.xml
----------------- Instantiating /home/travis/build/icyphy/ptII/ptolemy/domains/modal/test/auto/test-direct-in-out.xml
9 ms. Memory: 1092096K Free: 1017631K (93%)
----------------- Invoking toplevel() on ptolemy.moml.MoMLSimpleApplication@28ad80bc
----------------- Done invoking toplevel() on ptolemy.moml.MoMLSimpleApplication@28ad80bc
reloadAllAccessors: .test-direct-in-out
AutoTests.java: About to close Vertx.
AutoTests.java: Vertx closed.
]]></system-out>
  <system-err><![CDATA[java.lang.RuntimeException: Execution failed
	at ptolemy.moml.MoMLSimpleApplication$UnloadThread.run(MoMLSimpleApplication.java:402)
Caused by: ptolemy.kernel.util.IllegalActionException: Unknown inputs remain. Possible causality loop:
L_model_1893289564i

  in .CannotAnalysisWithPreemption.model_1893289564_region_1 and .CannotAnalysisWithPreemption.model_1893289564_region_1.L_model_1893289564i
	at ptolemy.actor.sched.FixedPointDirector.postfire(FixedPointDirector.java:515)
	at ptolemy.domains.sr.kernel.SRDirector.postfire(SRDirector.java:417)
	at ptolemy.actor.CompositeActor.postfire(CompositeActor.java:1668)
	at ptolemy.actor.Manager.iterate(Manager.java:852)
	at ptolemy.actor.Manager.execute(Manager.java:369)
	at ptolemy.actor.Manager.run(Manager.java:1263)
	at ptolemy.actor.Manager$PtolemyRunThread.run(Manager.java:1915)
java.lang.reflect.InvocationTargetException
	at sun.reflect.NativeConstructorAccessorImpl.newInstance0(Native Method)
	at sun.reflect.NativeConstructorAccessorImpl.newInstance(NativeConstructorAccessorImpl.java:62)
	at sun.reflect.DelegatingConstructorAccessorImpl.newInstance(DelegatingConstructorAccessorImpl.java:45)
	at java.lang.reflect.Constructor.newInstance(Constructor.java:423)
	at ptolemy.util.test.junit.AutoKnownFailedTests.RunModel(AutoKnownFailedTests.java:107)
	at sun.reflect.NativeMethodAccessorImpl.invoke0(Native Method)
	at sun.reflect.NativeMethodAccessorImpl.invoke(NativeMethodAccessorImpl.java:62)
	at sun.reflect.DelegatingMethodAccessorImpl.invoke(DelegatingMethodAccessorImpl.java:43)
	at java.lang.reflect.Method.invoke(Method.java:498)
	at org.junit.runners.model.FrameworkMethod$1.runReflectiveCall(FrameworkMethod.java:44)
	at org.junit.internal.runners.model.ReflectiveCallable.run(ReflectiveCallable.java:15)
	at org.junit.runners.model.FrameworkMethod.invokeExplosively(FrameworkMethod.java:41)
	at junitparams.internal.InvokeParameterisedMethod.evaluate(InvokeParameterisedMethod.java:102)
	at org.junit.internal.runners.statements.FailOnTimeout$1.run(FailOnTimeout.java:28)
Caused by: ptolemy.kernel.util.IllegalActionException: Unknown inputs remain. Possible causality loop:
L_model_1893289564i

  in .CannotAnalysisWithPreemption.model_1893289564_region_1 and .CannotAnalysisWithPreemption.model_1893289564_region_1.L_model_1893289564i
	at ptolemy.actor.sched.FixedPointDirector.postfire(FixedPointDirector.java:515)
	at ptolemy.domains.sr.kernel.SRDirector.postfire(SRDirector.java:417)
	at ptolemy.actor.CompositeActor.postfire(CompositeActor.java:1668)
	at ptolemy.actor.Manager.iterate(Manager.java:852)
	at ptolemy.actor.Manager.execute(Manager.java:369)
	at ptolemy.actor.Manager.run(Manager.java:1263)
	at ptolemy.actor.Manager$PtolemyRunThread.run(Manager.java:1915)
]]></system-err>
</testsuite>
