<?xml version="1.0" encoding="UTF-8" ?>
<testsuite errors="0" failures="0" hostname="travis-job-479a5d10-161e-4632-87a9-ff7e03561207" name="ptolemy.domains.de.test.junit.JUnitTclTest" skipped="0" tests="101" time="123.246" timestamp="2018-04-26T08:12:57">
  <properties>
[...]
</properties>
  <testcase classname="ptolemy.util.test.junit.TclTests" name="[0] /home/travis/build/icyphy/ptII/ptolemy/domains/de/test/DependencyLoop.tcl (RunTclFile)" time="0.661" />
  <testcase classname="ptolemy.util.test.junit.TclTests" name="[1] /home/travis/build/icyphy/ptII/ptolemy/domains/de/test/RunDETestsAsQSS.tcl (RunTclFile)" time="85.491" />
  <testcase classname="ptolemy.util.test.junit.AutoKnownFailedTests" name="[0] /home/travis/build/icyphy/ptII/ptolemy/domains/de/test/auto/knownFailedTests/DESDFClockTest.xml (RunModel)" time="2.024" />
  <testcase classname="ptolemy.util.test.junit.AutoKnownFailedTests" name="[1] /home/travis/build/icyphy/ptII/ptolemy/domains/de/test/auto/knownFailedTests/DirectFeedback.xml (RunModel)" time="0.016" />
  <testcase classname="ptolemy.util.test.junit.AutoKnownFailedTests" name="[2] /home/travis/build/icyphy/ptII/ptolemy/domains/de/test/auto/knownFailedTests/FSMSource.xml (RunModel)" time="0.016" />
  <testcase classname="ptolemy.util.test.junit.AutoKnownFailedTests" name="[3] /home/travis/build/icyphy/ptII/ptolemy/domains/de/test/auto/knownFailedTests/HierarchicalModel.xml (RunModel)" time="0.034" />
  <testcase classname="ptolemy.util.test.junit.AutoKnownFailedTests" name="[4] /home/travis/build/icyphy/ptII/ptolemy/domains/de/test/auto/knownFailedTests/dependencyLoop.xml (RunModel)" time="0.023" />
  <testcase classname="ptolemy.util.test.junit.AutoKnownFailedTests" name="[5] /home/travis/build/icyphy/ptII/ptolemy/domains/de/test/auto/knownFailedTests/dependencyLoop2.xml (RunModel)" time="0.032" />
  <testcase classname="ptolemy.util.test.junit.AutoNameArchTests" name="[0] ThereAreNoAutoTests (RunModel)" time="0.001" />
  <testcase classname="ptolemy.util.test.junit.AutoTests" name="[0] /home/travis/build/icyphy/ptII/ptolemy/domains/de/test/auto/ActorDepthCalculation_actorWithoutPorts.xml (RunModel)" time="0.008" />
  <testcase classname="ptolemy.util.test.junit.AutoTests" name="[1] /home/travis/build/icyphy/ptII/ptolemy/domains/de/test/auto/AssemblyLine.xml (RunModel)" time="0.01" />
  <testcase classname="ptolemy.util.test.junit.AutoTests" name="[2] /home/travis/build/icyphy/ptII/ptolemy/domains/de/test/auto/CQBug1.xml (RunModel)" time="0.004" />
  <testcase classname="ptolemy.util.test.junit.AutoTests" name="[3] /home/travis/build/icyphy/ptII/ptolemy/domains/de/test/auto/CancelFireAt.xml (RunModel)" time="0.003" />
  <testcase classname="ptolemy.util.test.junit.AutoTests" name="[4] /home/travis/build/icyphy/ptII/ptolemy/domains/de/test/auto/CausalityAndComposabilityAnalysis.xml (RunModel)" time="0.007" />
  <testcase classname="ptolemy.util.test.junit.AutoTests" name="[5] /home/travis/build/icyphy/ptII/ptolemy/domains/de/test/auto/CausalityInterface1.xml (RunModel)" time="0.007" />
  <testcase classname="ptolemy.util.test.junit.AutoTests" name="[6] /home/travis/build/icyphy/ptII/ptolemy/domains/de/test/auto/CausalityInterface15.xml (RunModel)" time="0.013" />
  <testcase classname="ptolemy.util.test.junit.AutoTests" name="[7] /home/travis/build/icyphy/ptII/ptolemy/domains/de/test/auto/CausalityInterface2.xml (RunModel)" time="0.006" />
  <testcase classname="ptolemy.util.test.junit.AutoTests" name="[8] /home/travis/build/icyphy/ptII/ptolemy/domains/de/test/auto/CausalityInterface3.xml (RunModel)" time="0.006" />
  <testcase classname="ptolemy.util.test.junit.AutoTests" name="[9] /home/travis/build/icyphy/ptII/ptolemy/domains/de/test/auto/ClockDrift.xml (RunModel)" time="0.02" />
  <testcase classname="ptolemy.util.test.junit.AutoTests" name="[10] /home/travis/build/icyphy/ptII/ptolemy/domains/de/test/auto/ClockDriftAndValueChange.xml (RunModel)" time="0.019" />
  <testcase classname="ptolemy.util.test.junit.AutoTests" name="[11] /home/travis/build/icyphy/ptII/ptolemy/domains/de/test/auto/ClockDriftChange.xml (RunModel)" time="0.016" />
  <testcase classname="ptolemy.util.test.junit.AutoTests" name="[12] /home/travis/build/icyphy/ptII/ptolemy/domains/de/test/auto/ComposableCausalityAnalysis.xml (RunModel)" time="0.011" />
  <testcase classname="ptolemy.util.test.junit.AutoTests" name="[13] /home/travis/build/icyphy/ptII/ptolemy/domains/de/test/auto/DEFixedPointLimitation.xml (RunModel)" time="0.005" />
  <testcase classname="ptolemy.util.test.junit.AutoTests" name="[14] /home/travis/build/icyphy/ptII/ptolemy/domains/de/test/auto/DEScheduleTest.xml (RunModel)" time="0.006" />
  <testcase classname="ptolemy.util.test.junit.AutoTests" name="[15] /home/travis/build/icyphy/ptII/ptolemy/domains/de/test/auto/DEinDEwithStartTimes.xml (RunModel)" time="0.007" />
  <testcase classname="ptolemy.util.test.junit.AutoTests" name="[16] /home/travis/build/icyphy/ptII/ptolemy/domains/de/test/auto/DEinDEwithStartTimes2.xml (RunModel)" time="0.008" />
  <testcase classname="ptolemy.util.test.junit.AutoTests" name="[17] /home/travis/build/icyphy/ptII/ptolemy/domains/de/test/auto/DateDemo.xml (RunModel)" time="0.016" />
  <testcase classname="ptolemy.util.test.junit.AutoTests" name="[18] /home/travis/build/icyphy/ptII/ptolemy/domains/de/test/auto/DateToEvent.xml (RunModel)" time="2.025" />
  <testcase classname="ptolemy.util.test.junit.AutoTests" name="[19] /home/travis/build/icyphy/ptII/ptolemy/domains/de/test/auto/DepthTest1.xml (RunModel)" time="0.008" />
  <testcase classname="ptolemy.util.test.junit.AutoTests" name="[20] /home/travis/build/icyphy/ptII/ptolemy/domains/de/test/auto/DepthTest2.xml (RunModel)" time="0.012" />
  <testcase classname="ptolemy.util.test.junit.AutoTests" name="[21] /home/travis/build/icyphy/ptII/ptolemy/domains/de/test/auto/DepthTest3.xml (RunModel)" time="0.005" />
  <testcase classname="ptolemy.util.test.junit.AutoTests" name="[22] /home/travis/build/icyphy/ptII/ptolemy/domains/de/test/auto/DepthTest4.xml (RunModel)" time="0.007" />
  <testcase classname="ptolemy.util.test.junit.AutoTests" name="[23] /home/travis/build/icyphy/ptII/ptolemy/domains/de/test/auto/DepthTest5.xml (RunModel)" time="0.008" />
  <testcase classname="ptolemy.util.test.junit.AutoTests" name="[24] /home/travis/build/icyphy/ptII/ptolemy/domains/de/test/auto/DepthTest6.xml (RunModel)" time="0.008" />
  <testcase classname="ptolemy.util.test.junit.AutoTests" name="[25] /home/travis/build/icyphy/ptII/ptolemy/domains/de/test/auto/DepthTest7.xml (RunModel)" time="0.009" />
  <testcase classname="ptolemy.util.test.junit.AutoTests" name="[26] /home/travis/build/icyphy/ptII/ptolemy/domains/de/test/auto/EventToDate.xml (RunModel)" time="3.03" />
  <testcase classname="ptolemy.util.test.junit.AutoTests" name="[27] /home/travis/build/icyphy/ptII/ptolemy/domains/de/test/auto/FSM1.xml (RunModel)" time="0.021" />
  <testcase classname="ptolemy.util.test.junit.AutoTests" name="[28] /home/travis/build/icyphy/ptII/ptolemy/domains/de/test/auto/FSM7.xml (RunModel)" time="0.017" />
  <testcase classname="ptolemy.util.test.junit.AutoTests" name="[29] /home/travis/build/icyphy/ptII/ptolemy/domains/de/test/auto/Inspection.xml (RunModel)" time="0.023" />
  <testcase classname="ptolemy.util.test.junit.AutoTests" name="[30] /home/travis/build/icyphy/ptII/ptolemy/domains/de/test/auto/Iteration.xml (RunModel)" time="0.01" />
  <testcase classname="ptolemy.util.test.junit.AutoTests" name="[31] /home/travis/build/icyphy/ptII/ptolemy/domains/de/test/auto/LineFault.xml (RunModel)" time="0.358" />
  <testcase classname="ptolemy.util.test.junit.AutoTests" name="[32] /home/travis/build/icyphy/ptII/ptolemy/domains/de/test/auto/MergeModel1Add.xml (RunModel)" time="0.024" />
  <testcase classname="ptolemy.util.test.junit.AutoTests" name="[33] /home/travis/build/icyphy/ptII/ptolemy/domains/de/test/auto/MergeModel2Add.xml (RunModel)" time="0.024" />
  <testcase classname="ptolemy.util.test.junit.AutoTests" name="[34] /home/travis/build/icyphy/ptII/ptolemy/domains/de/test/auto/MergeModel3Add.xml (RunModel)" time="0.022" />
  <testcase classname="ptolemy.util.test.junit.AutoTests" name="[35] /home/travis/build/icyphy/ptII/ptolemy/domains/de/test/auto/MergeWithoutDiscard.xml (RunModel)" time="0.008" />
  <testcase classname="ptolemy.util.test.junit.AutoTests" name="[36] /home/travis/build/icyphy/ptII/ptolemy/domains/de/test/auto/Modal1.xml (RunModel)" time="0.015" />
  <testcase classname="ptolemy.util.test.junit.AutoTests" name="[37] /home/travis/build/icyphy/ptII/ptolemy/domains/de/test/auto/Modal2.xml (RunModel)" time="0.015" />
  <testcase classname="ptolemy.util.test.junit.AutoTests" name="[38] /home/travis/build/icyphy/ptII/ptolemy/domains/de/test/auto/Modal3.xml (RunModel)" time="0.016" />
  <testcase classname="ptolemy.util.test.junit.AutoTests" name="[39] /home/travis/build/icyphy/ptII/ptolemy/domains/de/test/auto/Modal4.xml (RunModel)" time="0.016" />
  <testcase classname="ptolemy.util.test.junit.AutoTests" name="[40] /home/travis/build/icyphy/ptII/ptolemy/domains/de/test/auto/Modal5.xml (RunModel)" time="0.016" />
  <testcase classname="ptolemy.util.test.junit.AutoTests" name="[41] /home/travis/build/icyphy/ptII/ptolemy/domains/de/test/auto/Modal6.xml (RunModel)" time="0.016" />
  <testcase classname="ptolemy.util.test.junit.AutoTests" name="[42] /home/travis/build/icyphy/ptII/ptolemy/domains/de/test/auto/Modal7.xml (RunModel)" time="0.017" />
  <testcase classname="ptolemy.util.test.junit.AutoTests" name="[43] /home/travis/build/icyphy/ptII/ptolemy/domains/de/test/auto/ModalModel.xml (RunModel)" time="0.094" />
  <testcase classname="ptolemy.util.test.junit.AutoTests" name="[44] /home/travis/build/icyphy/ptII/ptolemy/domains/de/test/auto/ModalSource.xml (RunModel)" time="0.01" />
  <testcase classname="ptolemy.util.test.junit.AutoTests" name="[45] /home/travis/build/icyphy/ptII/ptolemy/domains/de/test/auto/NonInterruptibleTimerZeroDelay.xml (RunModel)" time="0.005" />
  <testcase classname="ptolemy.util.test.junit.AutoTests" name="[46] /home/travis/build/icyphy/ptII/ptolemy/domains/de/test/auto/OpenQueueingNetwork.xml (RunModel)" time="1.568" />
  <testcase classname="ptolemy.util.test.junit.AutoTests" name="[47] /home/travis/build/icyphy/ptII/ptolemy/domains/de/test/auto/OpenQueuingNetwork.xml (RunModel)" time="0.244" />
  <testcase classname="ptolemy.util.test.junit.AutoTests" name="[48] /home/travis/build/icyphy/ptII/ptolemy/domains/de/test/auto/PeriodicSampler.xml (RunModel)" time="0.011" />
  <testcase classname="ptolemy.util.test.junit.AutoTests" name="[49] /home/travis/build/icyphy/ptII/ptolemy/domains/de/test/auto/PersistentIO.xml (RunModel)" time="0.015" />
  <testcase classname="ptolemy.util.test.junit.AutoTests" name="[50] /home/travis/build/icyphy/ptII/ptolemy/domains/de/test/auto/PortParameterResetOnInitialize.xml (RunModel)" time="0.007" />
  <testcase classname="ptolemy.util.test.junit.AutoTests" name="[51] /home/travis/build/icyphy/ptII/ptolemy/domains/de/test/auto/PortParameterUpdates.xml (RunModel)" time="0.01" />
  <testcase classname="ptolemy.util.test.junit.AutoTests" name="[52] /home/travis/build/icyphy/ptII/ptolemy/domains/de/test/auto/QueueAndServer.xml (RunModel)" time="0.015" />
  <testcase classname="ptolemy.util.test.junit.AutoTests" name="[53] /home/travis/build/icyphy/ptII/ptolemy/domains/de/test/auto/Records.xml (RunModel)" time="0.009" />
  <testcase classname="ptolemy.util.test.junit.AutoTests" name="[54] /home/travis/build/icyphy/ptII/ptolemy/domains/de/test/auto/ResetTransitionWithStartTime1.xml (RunModel)" time="0.013" />
  <testcase classname="ptolemy.util.test.junit.AutoTests" name="[55] /home/travis/build/icyphy/ptII/ptolemy/domains/de/test/auto/ResetTransitionWithStartTime2.xml (RunModel)" time="0.016" />
  <testcase classname="ptolemy.util.test.junit.AutoTests" name="[56] /home/travis/build/icyphy/ptII/ptolemy/domains/de/test/auto/ResetTransitionWithStartTime3.xml (RunModel)" time="0.014" />
  <testcase classname="ptolemy.util.test.junit.AutoTests" name="[57] /home/travis/build/icyphy/ptII/ptolemy/domains/de/test/auto/ResetTransitionWithStartTime4.xml (RunModel)" time="0.014" />
  <testcase classname="ptolemy.util.test.junit.AutoTests" name="[58] /home/travis/build/icyphy/ptII/ptolemy/domains/de/test/auto/ResettableTimer1.xml (RunModel)" time="0.008" />
  <testcase classname="ptolemy.util.test.junit.AutoTests" name="[59] /home/travis/build/icyphy/ptII/ptolemy/domains/de/test/auto/ResettableTimer2.xml (RunModel)" time="0.012" />
  <testcase classname="ptolemy.util.test.junit.AutoTests" name="[60] /home/travis/build/icyphy/ptII/ptolemy/domains/de/test/auto/ResettableTimer3.xml (RunModel)" time="0.007" />
  <testcase classname="ptolemy.util.test.junit.AutoTests" name="[61] /home/travis/build/icyphy/ptII/ptolemy/domains/de/test/auto/ResettableTimer4.xml (RunModel)" time="0.006" />
  <testcase classname="ptolemy.util.test.junit.AutoTests" name="[62] /home/travis/build/icyphy/ptII/ptolemy/domains/de/test/auto/ResettableTimer5.xml (RunModel)" time="0.008" />
  <testcase classname="ptolemy.util.test.junit.AutoTests" name="[63] /home/travis/build/icyphy/ptII/ptolemy/domains/de/test/auto/ResettableTimer6.xml (RunModel)" time="0.016" />
  <testcase classname="ptolemy.util.test.junit.AutoTests" name="[64] /home/travis/build/icyphy/ptII/ptolemy/domains/de/test/auto/ServerZeroDelay.xml (RunModel)" time="0.01" />
  <testcase classname="ptolemy.util.test.junit.AutoTests" name="[65] /home/travis/build/icyphy/ptII/ptolemy/domains/de/test/auto/SmartSender.xml (RunModel)" time="3.006" />
  <testcase classname="ptolemy.util.test.junit.AutoTests" name="[66] /home/travis/build/icyphy/ptII/ptolemy/domains/de/test/auto/ThreadedComposite.xml (RunModel)" time="0.208" />
  <testcase classname="ptolemy.util.test.junit.AutoTests" name="[67] /home/travis/build/icyphy/ptII/ptolemy/domains/de/test/auto/Time.xml (RunModel)" time="0.4" />
  <testcase classname="ptolemy.util.test.junit.AutoTests" name="[68] /home/travis/build/icyphy/ptII/ptolemy/domains/de/test/auto/TimeDelayZeroDelay.xml (RunModel)" time="0.01" />
  <testcase classname="ptolemy.util.test.junit.AutoTests" name="[69] /home/travis/build/icyphy/ptII/ptolemy/domains/de/test/auto/TimerZeroDelay.xml (RunModel)" time="0.008" />
  <testcase classname="ptolemy.util.test.junit.AutoTests" name="[70] /home/travis/build/icyphy/ptII/ptolemy/domains/de/test/auto/TimingParadox.xml (RunModel)" time="0.332" />
  <testcase classname="ptolemy.util.test.junit.AutoTests" name="[71] /home/travis/build/icyphy/ptII/ptolemy/domains/de/test/auto/TransferInputs.xml (RunModel)" time="0.013" />
  <testcase classname="ptolemy.util.test.junit.AutoTests" name="[72] /home/travis/build/icyphy/ptII/ptolemy/domains/de/test/auto/TransferOutputs2.xml (RunModel)" time="0.017" />
  <testcase classname="ptolemy.util.test.junit.AutoTests" name="[73] /home/travis/build/icyphy/ptII/ptolemy/domains/de/test/auto/Trilateration.xml (RunModel)" time="10.466" />
  <testcase classname="ptolemy.util.test.junit.AutoTests" name="[74] /home/travis/build/icyphy/ptII/ptolemy/domains/de/test/auto/TwoSigmaDelta.xml (RunModel)" time="2.034" />
  <testcase classname="ptolemy.util.test.junit.AutoTests" name="[75] /home/travis/build/icyphy/ptII/ptolemy/domains/de/test/auto/VariableDelay.xml (RunModel)" time="0.008" />
  <testcase classname="ptolemy.util.test.junit.AutoTests" name="[76] /home/travis/build/icyphy/ptII/ptolemy/domains/de/test/auto/VariableDelay2.xml (RunModel)" time="0.011" />
  <testcase classname="ptolemy.util.test.junit.AutoTests" name="[77] /home/travis/build/icyphy/ptII/ptolemy/domains/de/test/auto/VariableDelayZeroDelay.xml (RunModel)" time="0.01" />
  <testcase classname="ptolemy.util.test.junit.AutoTests" name="[78] /home/travis/build/icyphy/ptII/ptolemy/domains/de/test/auto/VariableDelayZeroDelay2.xml (RunModel)" time="0.007" />
  <testcase classname="ptolemy.util.test.junit.AutoTests" name="[79] /home/travis/build/icyphy/ptII/ptolemy/domains/de/test/auto/deInCt.xml (RunModel)" time="0.011" />
  <testcase classname="ptolemy.util.test.junit.AutoTests" name="[80] /home/travis/build/icyphy/ptII/ptolemy/domains/de/test/auto/deInCt2.xml (RunModel)" time="0.018" />
  <testcase classname="ptolemy.util.test.junit.AutoTests" name="[81] /home/travis/build/icyphy/ptII/ptolemy/domains/de/test/auto/dynamicCausalityInterface1.xml (RunModel)" time="0.015" />
  <testcase classname="ptolemy.util.test.junit.AutoTests" name="[82] /home/travis/build/icyphy/ptII/ptolemy/domains/de/test/auto/fsm_de_test.xml (RunModel)" time="0.022" />
  <testcase classname="ptolemy.util.test.junit.AutoTests" name="[83] /home/travis/build/icyphy/ptII/ptolemy/domains/de/test/auto/functionDependencyReconstruction.xml (RunModel)" time="0.029" />
  <testcase classname="ptolemy.util.test.junit.AutoTests" name="[84] /home/travis/build/icyphy/ptII/ptolemy/domains/de/test/auto/multirate.xml (RunModel)" time="0.014" />
  <testcase classname="ptolemy.util.test.junit.AutoTests" name="[85] /home/travis/build/icyphy/ptII/ptolemy/domains/de/test/auto/multirate2.xml (RunModel)" time="0.017" />
  <testcase classname="ptolemy.util.test.junit.AutoTests" name="[86] /home/travis/build/icyphy/ptII/ptolemy/domains/de/test/auto/realtime.xml (RunModel)" time="10.009" />
  <testcase classname="ptolemy.util.test.junit.AutoTests" name="[87] /home/travis/build/icyphy/ptII/ptolemy/domains/de/test/auto/relationGroup.xml (RunModel)" time="0.009" />
  <testcase classname="ptolemy.util.test.junit.AutoTests" name="[88] /home/travis/build/icyphy/ptII/ptolemy/domains/de/test/auto/relationGroup2.xml (RunModel)" time="0.006" />
  <testcase classname="ptolemy.util.test.junit.AutoTests" name="[89] /home/travis/build/icyphy/ptII/ptolemy/domains/de/test/auto/sortWithOpaquePorts.xml (RunModel)" time="0.011" />
  <testcase classname="ptolemy.util.test.junit.AutoTests" name="[90] /home/travis/build/icyphy/ptII/ptolemy/domains/de/test/auto/transferInputsandOutputs.xml (RunModel)" time="0.021" />
  <testcase classname="ptolemy.util.test.junit.AutoTests" name="[91] /home/travis/build/icyphy/ptII/ptolemy/domains/de/test/auto/triggerType.xml (RunModel)" time="0.006" />
  <system-out><![CDATA[/home/travis/build/icyphy/ptII/ptolemy/domains/de/test/DependencyLoop.tcl
testDefs.tcl: setting time out to 9000 seconds at Thu Apr 26 08:12:57 UTC 2018
25 ms. Memory: 116224K Free: 95105K (82%)
6 ms. Memory: 146944K Free: 137459K (94%)
/home/travis/build/icyphy/ptII/ptolemy/domains/de/test/RunDETestsAsQSS.tcl
Run the DE tests using ptolemy.domains.qss.test.QSSDirectorTest, which extends QSSDirector and prints a message in the constructors.
------------------ testing $PTII/ptolemy/domains/de/test/auto/knownFailedTests/dependencyLoop.xml (Known Failure) 
6 ms. Memory: 146944K Free: 133185K (91%)


==== $PTIIhome/travis/build/icyphy/ptII/ptolemy/domains/de/test/../../../../: Auto Automatic test in file $PTII/ptolemy/domains/de/test/auto/knownFailedTests/dependencyLoop.xml
==== Contents of test case:

	    # FIXME: we should use $relativeFilename here, but it
	    # might have backslashes under Windows, which causes no end
	    # of trouble.
	    createAndExecute $file
	    list {}
	
.... Test generated KNOWN error:
    while executing
ptolemy.kernel.util.IllegalActionException: Found a zero delay loop containing .dependencyLoop.original
  in .dependencyLoop and .dependencyLoop.original
	at ptolemy.actor.util.CausalityInterfaceForComposites._computeOutputPortDepth(CausalityInterfaceForComposites.java:759)
	at ptolemy.actor.util.CausalityInterfaceForComposites._computeInputDepth(CausalityInterfaceForComposites.java:696)
	at ptolemy.actor.util.CausalityInterfaceForComposites._computeOutputPortDepth(CausalityInterfaceForComposites.java:765)
	at ptolemy.actor.util.CausalityInterfaceForComposites._computeInputDepth(CausalityInterfaceForComposites.java:696)
	at ptolemy.actor.util.CausalityInterfaceForComposites._computeOutputPortDepth(CausalityInterfaceForComposites.java:765)
	at ptolemy.actor.util.CausalityInterfaceForComposites._computeInputDepth(CausalityInterfaceForComposites.java:696)
	at ptolemy.actor.util.CausalityInterfaceForComposites._computeActorDepth(CausalityInterfaceForComposites.java:532)
	at ptolemy.actor.util.CausalityInterfaceForComposites.checkForCycles(CausalityInterfaceForComposites.java:96)
	at ptolemy.domains.de.kernel.DEDirector.preinitialize(DEDirector.java:1337)
	at ptolemy.actor.CompositeActor.preinitialize(CompositeActor.java:1828)
	at ptolemy.actor.Manager.preinitializeAndResolveTypes(Manager.java:1040)
	at ptolemy.actor.Manager.initialize(Manager.java:710)
	at ptolemy.actor.Manager.execute(Manager.java:356)
	at ptolemy.actor.Manager.run(Manager.java:1263)
	at ptolemy.actor.Manager$PtolemyRunThread.run(Manager.java:1915)

    while executing
ptolemy.kernel.util.IllegalActionException: Found a zero delay loop containing .dependencyLoop.original
  in .dependencyLoop and .dependencyLoop.original
    while executing
"java::new ptolemy.moml.MoMLSimpleApplication $file
"
    (procedure "createAndExecute" line 2)
    invoked from within
"createAndExecute $file"
    ("uplevel" body line 5)
    invoked from within
"uplevel $contents_of_test"
------------------ testing $PTII/ptolemy/domains/de/test/auto/knownFailedTests/DESDFClockTest.xml (Known Failure) 
2082 ms. Memory: 146944K Free: 117761K (80%)


==== $PTIIhome/travis/build/icyphy/ptII/ptolemy/domains/de/test/../../../../: Auto Automatic test in file $PTII/ptolemy/domains/de/test/auto/knownFailedTests/DESDFClockTest.xml
==== Contents of test case:

	    # FIXME: we should use $relativeFilename here, but it
	    # might have backslashes under Windows, which causes no end
	    # of trouble.
	    createAndExecute $file
	    list {}
	
.... Test generated KNOWN error:
    while executing
ptolemy.kernel.util.IllegalActionException: Actor is not ready to fire.  Perhaps UpSample.prefire() returned false? Try debugging the actor by selecting "Listen to Actor".  Also, for SDF check moml for tokenConsumptionRate on input.
  in .DESDFClockTest.Play Bell.Copy1:SDF Director and .DESDFClockTest.Play Bell.UpSample
	at ptolemy.actor.sched.StaticSchedulingDirector.fire(StaticSchedulingDirector.java:227)
	at ptolemy.domains.sdf.kernel.SDFDirector.fire(SDFDirector.java:500)
	at ptolemy.actor.CompositeActor.fire(CompositeActor.java:455)
	at ptolemy.domains.de.kernel.DEDirector._fire(DEDirector.java:1948)
	at ptolemy.domains.de.kernel.DEDirector.fire(DEDirector.java:502)
	at ptolemy.actor.CompositeActor.fire(CompositeActor.java:455)
	at ptolemy.actor.Manager.iterate(Manager.java:851)
	at ptolemy.actor.Manager.execute(Manager.java:369)
	at ptolemy.actor.Manager.run(Manager.java:1263)
	at ptolemy.actor.Manager$PtolemyRunThread.run(Manager.java:1915)

    while executing
ptolemy.kernel.util.IllegalActionException: Actor is not ready to fire.  Perhaps UpSample.prefire() returned false? Try debugging the actor by selecting "Listen to Actor".  Also, for SDF check moml for tokenConsumptionRate on input.
  in .DESDFClockTest.Play Bell.Copy1:SDF Director and .DESDFClockTest.Play Bell.UpSample
    while executing
"java::new ptolemy.moml.MoMLSimpleApplication $file
"
    (procedure "createAndExecute" line 2)
    invoked from within
"createAndExecute $file"
    ("uplevel" body line 5)
    invoked from within
"uplevel $contents_of_test"
------------------ testing $PTII/ptolemy/domains/de/test/auto/knownFailedTests/FSMSource.xml (Known Failure) 
38 ms. Memory: 146944K Free: 108790K (74%)
!!!! Auto was marked as failing, but now passes
------------------ testing $PTII/ptolemy/domains/de/test/auto/knownFailedTests/dependencyLoop2.xml (Known Failure) 
14 ms. Memory: 146944K Free: 106907K (73%)


==== $PTIIhome/travis/build/icyphy/ptII/ptolemy/domains/de/test/../../../../: Auto Automatic test in file $PTII/ptolemy/domains/de/test/auto/knownFailedTests/dependencyLoop2.xml
==== Contents of test case:

	    # FIXME: we should use $relativeFilename here, but it
	    # might have backslashes under Windows, which causes no end
	    # of trouble.
	    createAndExecute $file
	    list {}
	
.... Test generated KNOWN error:
    while executing
ptolemy.kernel.util.IllegalActionException: Found a zero delay loop containing .dependencyLoop2.original
  in .dependencyLoop2 and .dependencyLoop2.original
	at ptolemy.actor.util.CausalityInterfaceForComposites._computeOutputPortDepth(CausalityInterfaceForComposites.java:759)
	at ptolemy.actor.util.CausalityInterfaceForComposites._computeInputDepth(CausalityInterfaceForComposites.java:696)
	at ptolemy.actor.util.CausalityInterfaceForComposites._computeOutputPortDepth(CausalityInterfaceForComposites.java:765)
	at ptolemy.actor.util.CausalityInterfaceForComposites._computeInputDepth(CausalityInterfaceForComposites.java:696)
	at ptolemy.actor.util.CausalityInterfaceForComposites._computeOutputPortDepth(CausalityInterfaceForComposites.java:765)
	at ptolemy.actor.util.CausalityInterfaceForComposites._computeInputDepth(CausalityInterfaceForComposites.java:696)
	at ptolemy.actor.util.CausalityInterfaceForComposites._computeActorDepth(CausalityInterfaceForComposites.java:532)
	at ptolemy.actor.util.CausalityInterfaceForComposites.checkForCycles(CausalityInterfaceForComposites.java:96)
	at ptolemy.domains.de.kernel.DEDirector.preinitialize(DEDirector.java:1337)
	at ptolemy.actor.CompositeActor.preinitialize(CompositeActor.java:1828)
	at ptolemy.actor.Manager.preinitializeAndResolveTypes(Manager.java:1040)
	at ptolemy.actor.Manager.initialize(Manager.java:710)
	at ptolemy.actor.Manager.execute(Manager.java:356)
	at ptolemy.actor.Manager.run(Manager.java:1263)
	at ptolemy.actor.Manager$PtolemyRunThread.run(Manager.java:1915)

    while executing
ptolemy.kernel.util.IllegalActionException: Found a zero delay loop containing .dependencyLoop2.original
  in .dependencyLoop2 and .dependencyLoop2.original
    while executing
"java::new ptolemy.moml.MoMLSimpleApplication $file
"
    (procedure "createAndExecute" line 2)
    invoked from within
"createAndExecute $file"
    ("uplevel" body line 5)
    invoked from within
"uplevel $contents_of_test"
------------------ testing $PTII/ptolemy/domains/de/test/auto/knownFailedTests/HierarchicalModel.xml (Known Failure) 
5 ms. Memory: 146944K Free: 86298K (59%)


==== $PTIIhome/travis/build/icyphy/ptII/ptolemy/domains/de/test/../../../../: Auto Automatic test in file $PTII/ptolemy/domains/de/test/auto/knownFailedTests/HierarchicalModel.xml
==== Contents of test case:

	    # FIXME: we should use $relativeFilename here, but it
	    # might have backslashes under Windows, which causes no end
	    # of trouble.
	    createAndExecute $file
	    list {}
	
.... Test generated KNOWN error:
    while executing
ptolemy.kernel.util.IllegalActionException: Found a zero delay loop containing .HierarchicalModel.A
  in .HierarchicalModel and .HierarchicalModel.A
	at ptolemy.actor.util.CausalityInterfaceForComposites._computeOutputPortDepth(CausalityInterfaceForComposites.java:759)
	at ptolemy.actor.util.CausalityInterfaceForComposites._computeInputDepth(CausalityInterfaceForComposites.java:696)
	at ptolemy.actor.util.CausalityInterfaceForComposites._computeOutputPortDepth(CausalityInterfaceForComposites.java:765)
	at ptolemy.actor.util.CausalityInterfaceForComposites._computeInputDepth(CausalityInterfaceForComposites.java:696)
	at ptolemy.actor.util.CausalityInterfaceForComposites._computeOutputPortDepth(CausalityInterfaceForComposites.java:765)
	at ptolemy.actor.util.CausalityInterfaceForComposites._computeInputDepth(CausalityInterfaceForComposites.java:696)
	at ptolemy.actor.util.CausalityInterfaceForComposites._computeActorDepth(CausalityInterfaceForComposites.java:532)
	at ptolemy.actor.util.CausalityInterfaceForComposites.checkForCycles(CausalityInterfaceForComposites.java:96)
	at ptolemy.domains.de.kernel.DEDirector.preinitialize(DEDirector.java:1337)
	at ptolemy.actor.CompositeActor.preinitialize(CompositeActor.java:1828)
	at ptolemy.actor.Manager.preinitializeAndResolveTypes(Manager.java:1040)
	at ptolemy.actor.Manager.initialize(Manager.java:710)
	at ptolemy.actor.Manager.execute(Manager.java:356)
	at ptolemy.actor.Manager.run(Manager.java:1263)
	at ptolemy.actor.Manager$PtolemyRunThread.run(Manager.java:1915)

    while executing
ptolemy.kernel.util.IllegalActionException: Found a zero delay loop containing .HierarchicalModel.A
  in .HierarchicalModel and .HierarchicalModel.A
    while executing
"java::new ptolemy.moml.MoMLSimpleApplication $file
"
    (procedure "createAndExecute" line 2)
    invoked from within
"createAndExecute $file"
    ("uplevel" body line 5)
    invoked from within
"uplevel $contents_of_test"
------------------ testing $PTII/ptolemy/domains/de/test/auto/knownFailedTests/DirectFeedback.xml (Known Failure) 
13 ms. Memory: 146944K Free: 142577K (97%)


==== $PTIIhome/travis/build/icyphy/ptII/ptolemy/domains/de/test/../../../../: Auto Automatic test in file $PTII/ptolemy/domains/de/test/auto/knownFailedTests/DirectFeedback.xml
==== Contents of test case:

	    # FIXME: we should use $relativeFilename here, but it
	    # might have backslashes under Windows, which causes no end
	    # of trouble.
	    createAndExecute $file
	    list {}
	
.... Test generated KNOWN error:
    while executing
ptolemy.kernel.util.IllegalActionException: Test fails in iteration 1.
Value was: 1.0. Should have been: 2.0
  in .DirectFeedback.Test
	at ptolemy.actor.lib.Test.fire(Test.java:268)
	at ptolemy.domains.de.kernel.DEDirector._fire(DEDirector.java:1948)
	at ptolemy.domains.de.kernel.DEDirector.fire(DEDirector.java:502)
	at ptolemy.actor.CompositeActor.fire(CompositeActor.java:455)
	at ptolemy.actor.Manager.iterate(Manager.java:851)
	at ptolemy.actor.Manager.execute(Manager.java:369)
	at ptolemy.actor.Manager.run(Manager.java:1263)
	at ptolemy.actor.Manager$PtolemyRunThread.run(Manager.java:1915)

    while executing
ptolemy.kernel.util.IllegalActionException: Test fails in iteration 1.
Value was: 1.0. Should have been: 2.0
  in .DirectFeedback.Test
    while executing
"java::new ptolemy.moml.MoMLSimpleApplication $file
"
    (procedure "createAndExecute" line 2)
    invoked from within
"createAndExecute $file"
    ("uplevel" body line 5)
    invoked from within
"uplevel $contents_of_test"
------------------ testing $PTII/ptolemy/domains/de/test/auto/ActorDepthCalculation_actorWithoutPorts.xml
auto.tcl: Setting watchdog for 200 seconds at Thu Apr 26 08:13:00 UTC 2018
3 ms. Memory: 146944K Free: 133596K (91%)
ptolemy.util.test.WatchDog.cancel(): canceling Thu Apr 26 08:13:00 UTC 2018
auto.tcl: Setting watchdog for 200 seconds at Thu Apr 26 08:13:00 UTC 2018
4 ms. Memory: 146944K Free: 132555K (90%)
ptolemy.util.test.WatchDog.cancel(): canceling Thu Apr 26 08:13:00 UTC 2018
------------------ testing $PTII/ptolemy/domains/de/test/auto/AssemblyLine.xml
auto.tcl: Setting watchdog for 200 seconds at Thu Apr 26 08:13:01 UTC 2018
8 ms. Memory: 208384K Free: 186180K (89%)
ptolemy.util.test.WatchDog.cancel(): canceling Thu Apr 26 08:13:01 UTC 2018
auto.tcl: Setting watchdog for 200 seconds at Thu Apr 26 08:13:01 UTC 2018
6 ms. Memory: 208384K Free: 186180K (89%)
ptolemy.util.test.WatchDog.cancel(): canceling Thu Apr 26 08:13:01 UTC 2018
------------------ testing $PTII/ptolemy/domains/de/test/auto/CQBug1.xml
auto.tcl: Setting watchdog for 200 seconds at Thu Apr 26 08:13:01 UTC 2018
3 ms. Memory: 208384K Free: 197729K (95%)
ptolemy.util.test.WatchDog.cancel(): canceling Thu Apr 26 08:13:01 UTC 2018
auto.tcl: Setting watchdog for 200 seconds at Thu Apr 26 08:13:01 UTC 2018
2 ms. Memory: 208384K Free: 197729K (95%)
ptolemy.util.test.WatchDog.cancel(): canceling Thu Apr 26 08:13:01 UTC 2018
------------------ testing $PTII/ptolemy/domains/de/test/auto/CancelFireAt.xml
auto.tcl: Setting watchdog for 200 seconds at Thu Apr 26 08:13:01 UTC 2018
15 ms. Memory: 208384K Free: 201442K (97%)
ptolemy.util.test.WatchDog.cancel(): canceling Thu Apr 26 08:13:01 UTC 2018
auto.tcl: Setting watchdog for 200 seconds at Thu Apr 26 08:13:01 UTC 2018
2 ms. Memory: 208384K Free: 199332K (96%)
ptolemy.util.test.WatchDog.cancel(): canceling Thu Apr 26 08:13:01 UTC 2018
------------------ testing $PTII/ptolemy/domains/de/test/auto/CausalityAndComposabilityAnalysis.xml
auto.tcl: Setting watchdog for 200 seconds at Thu Apr 26 08:13:01 UTC 2018
7 ms. Memory: 208384K Free: 196507K (94%)
ptolemy.util.test.WatchDog.cancel(): canceling Thu Apr 26 08:13:01 UTC 2018
auto.tcl: Setting watchdog for 200 seconds at Thu Apr 26 08:13:01 UTC 2018
9 ms. Memory: 208384K Free: 196507K (94%)
ptolemy.util.test.WatchDog.cancel(): canceling Thu Apr 26 08:13:01 UTC 2018
------------------ testing $PTII/ptolemy/domains/de/test/auto/CausalityInterface1.xml
auto.tcl: Setting watchdog for 200 seconds at Thu Apr 26 08:13:01 UTC 2018
16 ms. Memory: 208384K Free: 196420K (94%)
ptolemy.util.test.WatchDog.cancel(): canceling Thu Apr 26 08:13:01 UTC 2018
auto.tcl: Setting watchdog for 200 seconds at Thu Apr 26 08:13:01 UTC 2018
9 ms. Memory: 208384K Free: 196420K (94%)
ptolemy.util.test.WatchDog.cancel(): canceling Thu Apr 26 08:13:01 UTC 2018
------------------ testing $PTII/ptolemy/domains/de/test/auto/CausalityInterface15.xml
auto.tcl: Setting watchdog for 200 seconds at Thu Apr 26 08:13:01 UTC 2018
11 ms. Memory: 208384K Free: 196426K (94%)
ptolemy.util.test.WatchDog.cancel(): canceling Thu Apr 26 08:13:01 UTC 2018
auto.tcl: Setting watchdog for 200 seconds at Thu Apr 26 08:13:01 UTC 2018
3 ms. Memory: 208384K Free: 196426K (94%)
ptolemy.util.test.WatchDog.cancel(): canceling Thu Apr 26 08:13:01 UTC 2018
------------------ testing $PTII/ptolemy/domains/de/test/auto/CausalityInterface2.xml
auto.tcl: Setting watchdog for 200 seconds at Thu Apr 26 08:13:01 UTC 2018
3 ms. Memory: 208384K Free: 196395K (94%)
ptolemy.util.test.WatchDog.cancel(): canceling Thu Apr 26 08:13:01 UTC 2018
auto.tcl: Setting watchdog for 200 seconds at Thu Apr 26 08:13:01 UTC 2018
2 ms. Memory: 208384K Free: 196395K (94%)
ptolemy.util.test.WatchDog.cancel(): canceling Thu Apr 26 08:13:01 UTC 2018
------------------ testing $PTII/ptolemy/domains/de/test/auto/CausalityInterface3.xml
auto.tcl: Setting watchdog for 200 seconds at Thu Apr 26 08:13:01 UTC 2018
3 ms. Memory: 208384K Free: 196423K (94%)
ptolemy.util.test.WatchDog.cancel(): canceling Thu Apr 26 08:13:01 UTC 2018
auto.tcl: Setting watchdog for 200 seconds at Thu Apr 26 08:13:01 UTC 2018
5 ms. Memory: 208384K Free: 196423K (94%)
ptolemy.util.test.WatchDog.cancel(): canceling Thu Apr 26 08:13:01 UTC 2018
------------------ testing $PTII/ptolemy/domains/de/test/auto/ClockDrift.xml
auto.tcl: Setting watchdog for 200 seconds at Thu Apr 26 08:13:01 UTC 2018
58 ms. Memory: 208384K Free: 187641K (90%)
ptolemy.util.test.WatchDog.cancel(): canceling Thu Apr 26 08:13:02 UTC 2018
auto.tcl: Setting watchdog for 200 seconds at Thu Apr 26 08:13:02 UTC 2018
45 ms. Memory: 208384K Free: 185531K (89%)
ptolemy.util.test.WatchDog.cancel(): canceling Thu Apr 26 08:13:02 UTC 2018
------------------ testing $PTII/ptolemy/domains/de/test/auto/ClockDriftAndValueChange.xml
auto.tcl: Setting watchdog for 200 seconds at Thu Apr 26 08:13:02 UTC 2018
39 ms. Memory: 208384K Free: 187472K (90%)
ptolemy.util.test.WatchDog.cancel(): canceling Thu Apr 26 08:13:02 UTC 2018
auto.tcl: Setting watchdog for 200 seconds at Thu Apr 26 08:13:02 UTC 2018
44 ms. Memory: 208384K Free: 185362K (89%)
ptolemy.util.test.WatchDog.cancel(): canceling Thu Apr 26 08:13:02 UTC 2018
------------------ testing $PTII/ptolemy/domains/de/test/auto/ClockDriftChange.xml
auto.tcl: Setting watchdog for 200 seconds at Thu Apr 26 08:13:02 UTC 2018
43 ms. Memory: 208384K Free: 190821K (92%)
ptolemy.util.test.WatchDog.cancel(): canceling Thu Apr 26 08:13:02 UTC 2018
auto.tcl: Setting watchdog for 200 seconds at Thu Apr 26 08:13:02 UTC 2018
21 ms. Memory: 208384K Free: 188727K (91%)
ptolemy.util.test.WatchDog.cancel(): canceling Thu Apr 26 08:13:02 UTC 2018
------------------ testing $PTII/ptolemy/domains/de/test/auto/ComposableCausalityAnalysis.xml
auto.tcl: Setting watchdog for 200 seconds at Thu Apr 26 08:13:02 UTC 2018
1 ms. Memory: 208384K Free: 196287K (94%)
ptolemy.util.test.WatchDog.cancel(): canceling Thu Apr 26 08:13:02 UTC 2018
auto.tcl: Setting watchdog for 200 seconds at Thu Apr 26 08:13:02 UTC 2018
2 ms. Memory: 208384K Free: 194185K (93%)
ptolemy.util.test.WatchDog.cancel(): canceling Thu Apr 26 08:13:02 UTC 2018
------------------ testing $PTII/ptolemy/domains/de/test/auto/DEFixedPointLimitation.xml
auto.tcl: Setting watchdog for 200 seconds at Thu Apr 26 08:13:02 UTC 2018
1 ms. Memory: 208384K Free: 196352K (94%)
ptolemy.util.test.WatchDog.cancel(): canceling Thu Apr 26 08:13:02 UTC 2018
auto.tcl: Setting watchdog for 200 seconds at Thu Apr 26 08:13:02 UTC 2018
1 ms. Memory: 208384K Free: 196352K (94%)
ptolemy.util.test.WatchDog.cancel(): canceling Thu Apr 26 08:13:02 UTC 2018
------------------ testing $PTII/ptolemy/domains/de/test/auto/DEScheduleTest.xml
auto.tcl: Setting watchdog for 200 seconds at Thu Apr 26 08:13:02 UTC 2018
4 ms. Memory: 208384K Free: 198495K (95%)
ptolemy.util.test.WatchDog.cancel(): canceling Thu Apr 26 08:13:02 UTC 2018
auto.tcl: Setting watchdog for 200 seconds at Thu Apr 26 08:13:02 UTC 2018
2 ms. Memory: 208384K Free: 196385K (94%)
ptolemy.util.test.WatchDog.cancel(): canceling Thu Apr 26 08:13:02 UTC 2018
------------------ testing $PTII/ptolemy/domains/de/test/auto/DEinDEwithStartTimes.xml
auto.tcl: Setting watchdog for 200 seconds at Thu Apr 26 08:13:02 UTC 2018
11 ms. Memory: 208384K Free: 196371K (94%)
ptolemy.util.test.WatchDog.cancel(): canceling Thu Apr 26 08:13:02 UTC 2018
auto.tcl: Setting watchdog for 200 seconds at Thu Apr 26 08:13:02 UTC 2018
3 ms. Memory: 208384K Free: 194261K (93%)
ptolemy.util.test.WatchDog.cancel(): canceling Thu Apr 26 08:13:02 UTC 2018
------------------ testing $PTII/ptolemy/domains/de/test/auto/DEinDEwithStartTimes2.xml
auto.tcl: Setting watchdog for 200 seconds at Thu Apr 26 08:13:02 UTC 2018
8 ms. Memory: 208384K Free: 196359K (94%)
ptolemy.util.test.WatchDog.cancel(): canceling Thu Apr 26 08:13:02 UTC 2018
auto.tcl: Setting watchdog for 200 seconds at Thu Apr 26 08:13:02 UTC 2018
3 ms. Memory: 208384K Free: 194265K (93%)
ptolemy.util.test.WatchDog.cancel(): canceling Thu Apr 26 08:13:02 UTC 2018
------------------ testing $PTII/ptolemy/domains/de/test/auto/DateDemo.xml
auto.tcl: Setting watchdog for 200 seconds at Thu Apr 26 08:13:02 UTC 2018
6 ms. Memory: 208384K Free: 188790K (91%)
ptolemy.util.test.WatchDog.cancel(): canceling Thu Apr 26 08:13:03 UTC 2018
auto.tcl: Setting watchdog for 200 seconds at Thu Apr 26 08:13:03 UTC 2018
8 ms. Memory: 208384K Free: 186680K (90%)
ptolemy.util.test.WatchDog.cancel(): canceling Thu Apr 26 08:13:03 UTC 2018
------------------ testing $PTII/ptolemy/domains/de/test/auto/DateToEvent.xml
auto.tcl: Setting watchdog for 200 seconds at Thu Apr 26 08:13:03 UTC 2018
2018 ms. Memory: 208384K Free: 183531K (88%)
ptolemy.util.test.WatchDog.cancel(): canceling Thu Apr 26 08:13:05 UTC 2018
auto.tcl: Setting watchdog for 200 seconds at Thu Apr 26 08:13:05 UTC 2018
2004 ms. Memory: 208384K Free: 181073K (87%)
ptolemy.util.test.WatchDog.cancel(): canceling Thu Apr 26 08:13:07 UTC 2018
------------------ testing $PTII/ptolemy/domains/de/test/auto/DepthTest1.xml
auto.tcl: Setting watchdog for 200 seconds at Thu Apr 26 08:13:07 UTC 2018
2 ms. Memory: 208384K Free: 198361K (95%)
ptolemy.util.test.WatchDog.cancel(): canceling Thu Apr 26 08:13:07 UTC 2018
auto.tcl: Setting watchdog for 200 seconds at Thu Apr 26 08:13:07 UTC 2018
1 ms. Memory: 208384K Free: 198361K (95%)
ptolemy.util.test.WatchDog.cancel(): canceling Thu Apr 26 08:13:07 UTC 2018
------------------ testing $PTII/ptolemy/domains/de/test/auto/DepthTest2.xml
auto.tcl: Setting watchdog for 200 seconds at Thu Apr 26 08:13:07 UTC 2018
2 ms. Memory: 208384K Free: 194245K (93%)
ptolemy.util.test.WatchDog.cancel(): canceling Thu Apr 26 08:13:07 UTC 2018
auto.tcl: Setting watchdog for 200 seconds at Thu Apr 26 08:13:07 UTC 2018
2 ms. Memory: 208384K Free: 194245K (93%)
ptolemy.util.test.WatchDog.cancel(): canceling Thu Apr 26 08:13:07 UTC 2018
------------------ testing $PTII/ptolemy/domains/de/test/auto/DepthTest3.xml
auto.tcl: Setting watchdog for 200 seconds at Thu Apr 26 08:13:07 UTC 2018
2 ms. Memory: 208384K Free: 198358K (95%)
ptolemy.util.test.WatchDog.cancel(): canceling Thu Apr 26 08:13:07 UTC 2018
auto.tcl: Setting watchdog for 200 seconds at Thu Apr 26 08:13:07 UTC 2018
1 ms. Memory: 208384K Free: 198358K (95%)
ptolemy.util.test.WatchDog.cancel(): canceling Thu Apr 26 08:13:07 UTC 2018
------------------ testing $PTII/ptolemy/domains/de/test/auto/DepthTest4.xml
auto.tcl: Setting watchdog for 200 seconds at Thu Apr 26 08:13:07 UTC 2018
6 ms. Memory: 208384K Free: 196352K (94%)
ptolemy.util.test.WatchDog.cancel(): canceling Thu Apr 26 08:13:07 UTC 2018
auto.tcl: Setting watchdog for 200 seconds at Thu Apr 26 08:13:07 UTC 2018
2 ms. Memory: 208384K Free: 196352K (94%)
ptolemy.util.test.WatchDog.cancel(): canceling Thu Apr 26 08:13:07 UTC 2018
------------------ testing $PTII/ptolemy/domains/de/test/auto/DepthTest5.xml
auto.tcl: Setting watchdog for 200 seconds at Thu Apr 26 08:13:07 UTC 2018
3 ms. Memory: 208384K Free: 196652K (94%)
ptolemy.util.test.WatchDog.cancel(): canceling Thu Apr 26 08:13:07 UTC 2018
auto.tcl: Setting watchdog for 200 seconds at Thu Apr 26 08:13:07 UTC 2018
2 ms. Memory: 208384K Free: 196315K (94%)
ptolemy.util.test.WatchDog.cancel(): canceling Thu Apr 26 08:13:07 UTC 2018
------------------ testing $PTII/ptolemy/domains/de/test/auto/DepthTest6.xml
auto.tcl: Setting watchdog for 200 seconds at Thu Apr 26 08:13:07 UTC 2018
7 ms. Memory: 208384K Free: 196621K (94%)
ptolemy.util.test.WatchDog.cancel(): canceling Thu Apr 26 08:13:07 UTC 2018
auto.tcl: Setting watchdog for 200 seconds at Thu Apr 26 08:13:07 UTC 2018
3 ms. Memory: 208384K Free: 196621K (94%)
ptolemy.util.test.WatchDog.cancel(): canceling Thu Apr 26 08:13:07 UTC 2018
------------------ testing $PTII/ptolemy/domains/de/test/auto/DepthTest7.xml
auto.tcl: Setting watchdog for 200 seconds at Thu Apr 26 08:13:07 UTC 2018
3 ms. Memory: 208384K Free: 196256K (94%)
ptolemy.util.test.WatchDog.cancel(): canceling Thu Apr 26 08:13:07 UTC 2018
auto.tcl: Setting watchdog for 200 seconds at Thu Apr 26 08:13:07 UTC 2018
2 ms. Memory: 208384K Free: 196256K (94%)
ptolemy.util.test.WatchDog.cancel(): canceling Thu Apr 26 08:13:07 UTC 2018
------------------ testing $PTII/ptolemy/domains/de/test/auto/EventToDate.xml
auto.tcl: Setting watchdog for 200 seconds at Thu Apr 26 08:13:07 UTC 2018
3008 ms. Memory: 208384K Free: 185783K (89%)
ptolemy.util.test.WatchDog.cancel(): canceling Thu Apr 26 08:13:10 UTC 2018
auto.tcl: Setting watchdog for 200 seconds at Thu Apr 26 08:13:10 UTC 2018
3006 ms. Memory: 208384K Free: 185783K (89%)
ptolemy.util.test.WatchDog.cancel(): canceling Thu Apr 26 08:13:13 UTC 2018
------------------ testing $PTII/ptolemy/domains/de/test/auto/FSM1.xml
auto.tcl: Setting watchdog for 200 seconds at Thu Apr 26 08:13:13 UTC 2018
24 ms. Memory: 208384K Free: 189288K (91%)
ptolemy.util.test.WatchDog.cancel(): canceling Thu Apr 26 08:13:13 UTC 2018
auto.tcl: Setting watchdog for 200 seconds at Thu Apr 26 08:13:13 UTC 2018
15 ms. Memory: 208384K Free: 185100K (89%)
ptolemy.util.test.WatchDog.cancel(): canceling Thu Apr 26 08:13:13 UTC 2018
------------------ testing $PTII/ptolemy/domains/de/test/auto/FSM7.xml
auto.tcl: Setting watchdog for 200 seconds at Thu Apr 26 08:13:13 UTC 2018
30 ms. Memory: 208384K Free: 187411K (90%)
ptolemy.util.test.WatchDog.cancel(): canceling Thu Apr 26 08:13:13 UTC 2018
auto.tcl: Setting watchdog for 200 seconds at Thu Apr 26 08:13:13 UTC 2018
10 ms. Memory: 208384K Free: 185317K (89%)
ptolemy.util.test.WatchDog.cancel(): canceling Thu Apr 26 08:13:13 UTC 2018
------------------ testing $PTII/ptolemy/domains/de/test/auto/Inspection.xml
auto.tcl: Setting watchdog for 200 seconds at Thu Apr 26 08:13:14 UTC 2018
19 ms. Memory: 208384K Free: 188609K (91%)
ptolemy.util.test.WatchDog.cancel(): canceling Thu Apr 26 08:13:14 UTC 2018
auto.tcl: Setting watchdog for 200 seconds at Thu Apr 26 08:13:14 UTC 2018
23 ms. Memory: 208384K Free: 186499K (89%)
ptolemy.util.test.WatchDog.cancel(): canceling Thu Apr 26 08:13:14 UTC 2018
------------------ testing $PTII/ptolemy/domains/de/test/auto/Iteration.xml
auto.tcl: Setting watchdog for 200 seconds at Thu Apr 26 08:13:14 UTC 2018
6 ms. Memory: 208384K Free: 193966K (93%)
ptolemy.util.test.WatchDog.cancel(): canceling Thu Apr 26 08:13:14 UTC 2018
auto.tcl: Setting watchdog for 200 seconds at Thu Apr 26 08:13:14 UTC 2018
6 ms. Memory: 208384K Free: 193966K (93%)
ptolemy.util.test.WatchDog.cancel(): canceling Thu Apr 26 08:13:14 UTC 2018
------------------ testing $PTII/ptolemy/domains/de/test/auto/LineFault.xml
auto.tcl: Setting watchdog for 200 seconds at Thu Apr 26 08:13:14 UTC 2018
636 ms. Memory: 208384K Free: 196253K (94%)
ptolemy.util.test.WatchDog.cancel(): canceling Thu Apr 26 08:13:15 UTC 2018
auto.tcl: Setting watchdog for 200 seconds at Thu Apr 26 08:13:15 UTC 2018
592 ms. Memory: 208384K Free: 139003K (67%)
ptolemy.util.test.WatchDog.cancel(): canceling Thu Apr 26 08:13:15 UTC 2018
------------------ testing $PTII/ptolemy/domains/de/test/auto/MergeModel1Add.xml
auto.tcl: Setting watchdog for 200 seconds at Thu Apr 26 08:13:15 UTC 2018
25 ms. Memory: 328704K Free: 300300K (91%)
ptolemy.util.test.WatchDog.cancel(): canceling Thu Apr 26 08:13:15 UTC 2018
auto.tcl: Setting watchdog for 200 seconds at Thu Apr 26 08:13:15 UTC 2018
11 ms. Memory: 328704K Free: 296349K (90%)
ptolemy.util.test.WatchDog.cancel(): canceling Thu Apr 26 08:13:15 UTC 2018
------------------ testing $PTII/ptolemy/domains/de/test/auto/MergeModel2Add.xml
auto.tcl: Setting watchdog for 200 seconds at Thu Apr 26 08:13:15 UTC 2018
12 ms. Memory: 329216K Free: 302141K (92%)
ptolemy.util.test.WatchDog.cancel(): canceling Thu Apr 26 08:13:15 UTC 2018
auto.tcl: Setting watchdog for 200 seconds at Thu Apr 26 08:13:15 UTC 2018
10 ms. Memory: 329216K Free: 298205K (91%)
ptolemy.util.test.WatchDog.cancel(): canceling Thu Apr 26 08:13:15 UTC 2018
------------------ testing $PTII/ptolemy/domains/de/test/auto/MergeModel3Add.xml
auto.tcl: Setting watchdog for 200 seconds at Thu Apr 26 08:13:15 UTC 2018
7 ms. Memory: 329216K Free: 302136K (92%)
ptolemy.util.test.WatchDog.cancel(): canceling Thu Apr 26 08:13:16 UTC 2018
auto.tcl: Setting watchdog for 200 seconds at Thu Apr 26 08:13:16 UTC 2018
7 ms. Memory: 329216K Free: 298176K (91%)
ptolemy.util.test.WatchDog.cancel(): canceling Thu Apr 26 08:13:16 UTC 2018
------------------ testing $PTII/ptolemy/domains/de/test/auto/MergeWithoutDiscard.xml
auto.tcl: Setting watchdog for 200 seconds at Thu Apr 26 08:13:16 UTC 2018
1 ms. Memory: 329216K Free: 314235K (95%)
ptolemy.util.test.WatchDog.cancel(): canceling Thu Apr 26 08:13:16 UTC 2018
auto.tcl: Setting watchdog for 200 seconds at Thu Apr 26 08:13:16 UTC 2018
2 ms. Memory: 329216K Free: 313950K (95%)
ptolemy.util.test.WatchDog.cancel(): canceling Thu Apr 26 08:13:16 UTC 2018
------------------ testing $PTII/ptolemy/domains/de/test/auto/Modal1.xml
auto.tcl: Setting watchdog for 200 seconds at Thu Apr 26 08:13:16 UTC 2018
9 ms. Memory: 329216K Free: 307846K (94%)
ptolemy.util.test.WatchDog.cancel(): canceling Thu Apr 26 08:13:16 UTC 2018
auto.tcl: Setting watchdog for 200 seconds at Thu Apr 26 08:13:16 UTC 2018
10 ms. Memory: 329216K Free: 303902K (92%)
ptolemy.util.test.WatchDog.cancel(): canceling Thu Apr 26 08:13:16 UTC 2018
------------------ testing $PTII/ptolemy/domains/de/test/auto/Modal2.xml
auto.tcl: Setting watchdog for 200 seconds at Thu Apr 26 08:13:16 UTC 2018
15 ms. Memory: 329216K Free: 307750K (93%)
ptolemy.util.test.WatchDog.cancel(): canceling Thu Apr 26 08:13:16 UTC 2018
auto.tcl: Setting watchdog for 200 seconds at Thu Apr 26 08:13:16 UTC 2018
20 ms. Memory: 329216K Free: 303806K (92%)
ptolemy.util.test.WatchDog.cancel(): canceling Thu Apr 26 08:13:16 UTC 2018
------------------ testing $PTII/ptolemy/domains/de/test/auto/Modal3.xml
auto.tcl: Setting watchdog for 200 seconds at Thu Apr 26 08:13:16 UTC 2018
16 ms. Memory: 328192K Free: 301764K (92%)
ptolemy.util.test.WatchDog.cancel(): canceling Thu Apr 26 08:13:16 UTC 2018
auto.tcl: Setting watchdog for 200 seconds at Thu Apr 26 08:13:16 UTC 2018
9 ms. Memory: 328192K Free: 297804K (91%)
ptolemy.util.test.WatchDog.cancel(): canceling Thu Apr 26 08:13:16 UTC 2018
------------------ testing $PTII/ptolemy/domains/de/test/auto/Modal4.xml
auto.tcl: Setting watchdog for 200 seconds at Thu Apr 26 08:13:16 UTC 2018
15 ms. Memory: 328704K Free: 307204K (93%)
ptolemy.util.test.WatchDog.cancel(): canceling Thu Apr 26 08:13:16 UTC 2018
auto.tcl: Setting watchdog for 200 seconds at Thu Apr 26 08:13:16 UTC 2018
21 ms. Memory: 328704K Free: 303244K (92%)
ptolemy.util.test.WatchDog.cancel(): canceling Thu Apr 26 08:13:16 UTC 2018
------------------ testing $PTII/ptolemy/domains/de/test/auto/Modal5.xml
auto.tcl: Setting watchdog for 200 seconds at Thu Apr 26 08:13:16 UTC 2018
13 ms. Memory: 328704K Free: 307222K (93%)
ptolemy.util.test.WatchDog.cancel(): canceling Thu Apr 26 08:13:16 UTC 2018
auto.tcl: Setting watchdog for 200 seconds at Thu Apr 26 08:13:16 UTC 2018
12 ms. Memory: 328704K Free: 303262K (92%)
ptolemy.util.test.WatchDog.cancel(): canceling Thu Apr 26 08:13:16 UTC 2018
------------------ testing $PTII/ptolemy/domains/de/test/auto/Modal6.xml
auto.tcl: Setting watchdog for 200 seconds at Thu Apr 26 08:13:16 UTC 2018
17 ms. Memory: 328704K Free: 307188K (93%)
ptolemy.util.test.WatchDog.cancel(): canceling Thu Apr 26 08:13:16 UTC 2018
auto.tcl: Setting watchdog for 200 seconds at Thu Apr 26 08:13:16 UTC 2018
13 ms. Memory: 328704K Free: 303244K (92%)
ptolemy.util.test.WatchDog.cancel(): canceling Thu Apr 26 08:13:16 UTC 2018
------------------ testing $PTII/ptolemy/domains/de/test/auto/Modal7.xml
auto.tcl: Setting watchdog for 200 seconds at Thu Apr 26 08:13:16 UTC 2018
16 ms. Memory: 328704K Free: 307212K (93%)
ptolemy.util.test.WatchDog.cancel(): canceling Thu Apr 26 08:13:16 UTC 2018
auto.tcl: Setting watchdog for 200 seconds at Thu Apr 26 08:13:16 UTC 2018
11 ms. Memory: 328704K Free: 303252K (92%)
ptolemy.util.test.WatchDog.cancel(): canceling Thu Apr 26 08:13:16 UTC 2018
------------------ testing $PTII/ptolemy/domains/de/test/auto/ModalModel.xml
auto.tcl: Setting watchdog for 200 seconds at Thu Apr 26 08:13:16 UTC 2018
151 ms. Memory: 327168K Free: 241914K (74%)
ptolemy.util.test.WatchDog.cancel(): canceling Thu Apr 26 08:13:17 UTC 2018
auto.tcl: Setting watchdog for 200 seconds at Thu Apr 26 08:13:17 UTC 2018
171 ms. Memory: 327168K Free: 186536K (57%)
ptolemy.util.test.WatchDog.cancel(): canceling Thu Apr 26 08:13:17 UTC 2018
------------------ testing $PTII/ptolemy/domains/de/test/auto/ModalSource.xml
auto.tcl: Setting watchdog for 200 seconds at Thu Apr 26 08:13:17 UTC 2018
6 ms. Memory: 327680K Free: 312992K (96%)
ptolemy.util.test.WatchDog.cancel(): canceling Thu Apr 26 08:13:17 UTC 2018
auto.tcl: Setting watchdog for 200 seconds at Thu Apr 26 08:13:17 UTC 2018
5 ms. Memory: 327680K Free: 309488K (94%)
ptolemy.util.test.WatchDog.cancel(): canceling Thu Apr 26 08:13:17 UTC 2018
------------------ testing $PTII/ptolemy/domains/de/test/auto/NonInterruptibleTimerZeroDelay.xml
auto.tcl: Setting watchdog for 200 seconds at Thu Apr 26 08:13:17 UTC 2018
3 ms. Memory: 328192K Free: 317854K (97%)
ptolemy.util.test.WatchDog.cancel(): canceling Thu Apr 26 08:13:17 UTC 2018
auto.tcl: Setting watchdog for 200 seconds at Thu Apr 26 08:13:17 UTC 2018
2 ms. Memory: 328192K Free: 314341K (96%)
ptolemy.util.test.WatchDog.cancel(): canceling Thu Apr 26 08:13:17 UTC 2018
------------------ testing $PTII/ptolemy/domains/de/test/auto/OpenQueueingNetwork.xml
auto.tcl: Setting watchdog for 200 seconds at Thu Apr 26 08:13:17 UTC 2018
2721 ms. Memory: 574464K Free: 422317K (74%)
ptolemy.util.test.WatchDog.cancel(): canceling Thu Apr 26 08:13:20 UTC 2018
auto.tcl: Setting watchdog for 200 seconds at Thu Apr 26 08:13:20 UTC 2018
2240 ms. Memory: 549888K Free: 335673K (61%)
ptolemy.util.test.WatchDog.cancel(): canceling Thu Apr 26 08:13:22 UTC 2018
------------------ testing $PTII/ptolemy/domains/de/test/auto/OpenQueuingNetwork.xml
auto.tcl: Setting watchdog for 200 seconds at Thu Apr 26 08:13:22 UTC 2018
234 ms. Memory: 549888K Free: 445404K (81%)
ptolemy.util.test.WatchDog.cancel(): canceling Thu Apr 26 08:13:22 UTC 2018
auto.tcl: Setting watchdog for 200 seconds at Thu Apr 26 08:13:22 UTC 2018
218 ms. Memory: 549888K Free: 385222K (70%)
ptolemy.util.test.WatchDog.cancel(): canceling Thu Apr 26 08:13:23 UTC 2018
------------------ testing $PTII/ptolemy/domains/de/test/auto/PeriodicSampler.xml
auto.tcl: Setting watchdog for 200 seconds at Thu Apr 26 08:13:23 UTC 2018
2 ms. Memory: 551424K Free: 531585K (96%)
ptolemy.util.test.WatchDog.cancel(): canceling Thu Apr 26 08:13:23 UTC 2018
auto.tcl: Setting watchdog for 200 seconds at Thu Apr 26 08:13:23 UTC 2018
2 ms. Memory: 551424K Free: 531585K (96%)
ptolemy.util.test.WatchDog.cancel(): canceling Thu Apr 26 08:13:23 UTC 2018
------------------ testing $PTII/ptolemy/domains/de/test/auto/PersistentIO.xml
auto.tcl: Setting watchdog for 200 seconds at Thu Apr 26 08:13:23 UTC 2018
4 ms. Memory: 549888K Free: 525162K (96%)
ptolemy.util.test.WatchDog.cancel(): canceling Thu Apr 26 08:13:23 UTC 2018
auto.tcl: Setting watchdog for 200 seconds at Thu Apr 26 08:13:23 UTC 2018
3 ms. Memory: 549888K Free: 525162K (96%)
ptolemy.util.test.WatchDog.cancel(): canceling Thu Apr 26 08:13:23 UTC 2018
------------------ testing $PTII/ptolemy/domains/de/test/auto/PortParameterResetOnInitialize.xml
auto.tcl: Setting watchdog for 200 seconds at Thu Apr 26 08:13:23 UTC 2018
3 ms. Memory: 551424K Free: 531816K (96%)
ptolemy.util.test.WatchDog.cancel(): canceling Thu Apr 26 08:13:23 UTC 2018
auto.tcl: Setting watchdog for 200 seconds at Thu Apr 26 08:13:23 UTC 2018
2 ms. Memory: 551424K Free: 531816K (96%)
ptolemy.util.test.WatchDog.cancel(): canceling Thu Apr 26 08:13:23 UTC 2018
------------------ testing $PTII/ptolemy/domains/de/test/auto/PortParameterUpdates.xml
auto.tcl: Setting watchdog for 200 seconds at Thu Apr 26 08:13:23 UTC 2018
3 ms. Memory: 549888K Free: 530412K (96%)
ptolemy.util.test.WatchDog.cancel(): canceling Thu Apr 26 08:13:23 UTC 2018
auto.tcl: Setting watchdog for 200 seconds at Thu Apr 26 08:13:23 UTC 2018
3 ms. Memory: 549888K Free: 524941K (95%)
ptolemy.util.test.WatchDog.cancel(): canceling Thu Apr 26 08:13:23 UTC 2018
------------------ testing $PTII/ptolemy/domains/de/test/auto/QueueAndServer.xml
auto.tcl: Setting watchdog for 200 seconds at Thu Apr 26 08:13:23 UTC 2018
10 ms. Memory: 550912K Free: 530598K (96%)
ptolemy.util.test.WatchDog.cancel(): canceling Thu Apr 26 08:13:23 UTC 2018
auto.tcl: Setting watchdog for 200 seconds at Thu Apr 26 08:13:23 UTC 2018
5 ms. Memory: 550912K Free: 530598K (96%)
ptolemy.util.test.WatchDog.cancel(): canceling Thu Apr 26 08:13:23 UTC 2018
------------------ testing $PTII/ptolemy/domains/de/test/auto/Records.xml
auto.tcl: Setting watchdog for 200 seconds at Thu Apr 26 08:13:23 UTC 2018
7 ms. Memory: 549888K Free: 535003K (97%)
ptolemy.util.test.WatchDog.cancel(): canceling Thu Apr 26 08:13:23 UTC 2018
auto.tcl: Setting watchdog for 200 seconds at Thu Apr 26 08:13:23 UTC 2018
1 ms. Memory: 549888K Free: 535003K (97%)
ptolemy.util.test.WatchDog.cancel(): canceling Thu Apr 26 08:13:23 UTC 2018
------------------ testing $PTII/ptolemy/domains/de/test/auto/ResetTransitionWithStartTime1.xml
auto.tcl: Setting watchdog for 200 seconds at Thu Apr 26 08:13:23 UTC 2018
11 ms. Memory: 550912K Free: 530794K (96%)
ptolemy.util.test.WatchDog.cancel(): canceling Thu Apr 26 08:13:23 UTC 2018
auto.tcl: Setting watchdog for 200 seconds at Thu Apr 26 08:13:23 UTC 2018
5 ms. Memory: 550912K Free: 530564K (96%)
ptolemy.util.test.WatchDog.cancel(): canceling Thu Apr 26 08:13:23 UTC 2018
------------------ testing $PTII/ptolemy/domains/de/test/auto/ResetTransitionWithStartTime2.xml
auto.tcl: Setting watchdog for 200 seconds at Thu Apr 26 08:13:23 UTC 2018
5 ms. Memory: 549888K Free: 529762K (96%)
ptolemy.util.test.WatchDog.cancel(): canceling Thu Apr 26 08:13:23 UTC 2018
auto.tcl: Setting watchdog for 200 seconds at Thu Apr 26 08:13:23 UTC 2018
5 ms. Memory: 549888K Free: 529762K (96%)
ptolemy.util.test.WatchDog.cancel(): canceling Thu Apr 26 08:13:23 UTC 2018
------------------ testing $PTII/ptolemy/domains/de/test/auto/ResetTransitionWithStartTime3.xml
auto.tcl: Setting watchdog for 200 seconds at Thu Apr 26 08:13:23 UTC 2018
7 ms. Memory: 550912K Free: 530555K (96%)
ptolemy.util.test.WatchDog.cancel(): canceling Thu Apr 26 08:13:23 UTC 2018
auto.tcl: Setting watchdog for 200 seconds at Thu Apr 26 08:13:23 UTC 2018
4 ms. Memory: 550912K Free: 530555K (96%)
ptolemy.util.test.WatchDog.cancel(): canceling Thu Apr 26 08:13:23 UTC 2018
------------------ testing $PTII/ptolemy/domains/de/test/auto/ResetTransitionWithStartTime4.xml
auto.tcl: Setting watchdog for 200 seconds at Thu Apr 26 08:13:23 UTC 2018
4 ms. Memory: 549888K Free: 529530K (96%)
ptolemy.util.test.WatchDog.cancel(): canceling Thu Apr 26 08:13:23 UTC 2018
auto.tcl: Setting watchdog for 200 seconds at Thu Apr 26 08:13:23 UTC 2018
3 ms. Memory: 549888K Free: 529530K (96%)
ptolemy.util.test.WatchDog.cancel(): canceling Thu Apr 26 08:13:23 UTC 2018
------------------ testing $PTII/ptolemy/domains/de/test/auto/ResettableTimer1.xml
auto.tcl: Setting watchdog for 200 seconds at Thu Apr 26 08:13:23 UTC 2018
4 ms. Memory: 550912K Free: 536036K (97%)
ptolemy.util.test.WatchDog.cancel(): canceling Thu Apr 26 08:13:23 UTC 2018
auto.tcl: Setting watchdog for 200 seconds at Thu Apr 26 08:13:23 UTC 2018
2 ms. Memory: 550912K Free: 536036K (97%)
ptolemy.util.test.WatchDog.cancel(): canceling Thu Apr 26 08:13:23 UTC 2018
------------------ testing $PTII/ptolemy/domains/de/test/auto/ResettableTimer2.xml
auto.tcl: Setting watchdog for 200 seconds at Thu Apr 26 08:13:23 UTC 2018
2 ms. Memory: 549888K Free: 535300K (97%)
ptolemy.util.test.WatchDog.cancel(): canceling Thu Apr 26 08:13:23 UTC 2018
auto.tcl: Setting watchdog for 200 seconds at Thu Apr 26 08:13:23 UTC 2018
2 ms. Memory: 549888K Free: 535300K (97%)
ptolemy.util.test.WatchDog.cancel(): canceling Thu Apr 26 08:13:23 UTC 2018
------------------ testing $PTII/ptolemy/domains/de/test/auto/ResettableTimer3.xml
auto.tcl: Setting watchdog for 200 seconds at Thu Apr 26 08:13:23 UTC 2018
1 ms. Memory: 550400K Free: 535582K (97%)
ptolemy.util.test.WatchDog.cancel(): canceling Thu Apr 26 08:13:23 UTC 2018
auto.tcl: Setting watchdog for 200 seconds at Thu Apr 26 08:13:23 UTC 2018
1 ms. Memory: 550400K Free: 535582K (97%)
ptolemy.util.test.WatchDog.cancel(): canceling Thu Apr 26 08:13:23 UTC 2018
------------------ testing $PTII/ptolemy/domains/de/test/auto/ResettableTimer4.xml
auto.tcl: Setting watchdog for 200 seconds at Thu Apr 26 08:13:24 UTC 2018
1 ms. Memory: 549888K Free: 535312K (97%)
ptolemy.util.test.WatchDog.cancel(): canceling Thu Apr 26 08:13:24 UTC 2018
auto.tcl: Setting watchdog for 200 seconds at Thu Apr 26 08:13:24 UTC 2018
1 ms. Memory: 549888K Free: 535312K (97%)
ptolemy.util.test.WatchDog.cancel(): canceling Thu Apr 26 08:13:24 UTC 2018
------------------ testing $PTII/ptolemy/domains/de/test/auto/ResettableTimer5.xml
auto.tcl: Setting watchdog for 200 seconds at Thu Apr 26 08:13:24 UTC 2018
1 ms. Memory: 550400K Free: 530908K (96%)
ptolemy.util.test.WatchDog.cancel(): canceling Thu Apr 26 08:13:24 UTC 2018
auto.tcl: Setting watchdog for 200 seconds at Thu Apr 26 08:13:24 UTC 2018
1 ms. Memory: 550400K Free: 530908K (96%)
ptolemy.util.test.WatchDog.cancel(): canceling Thu Apr 26 08:13:24 UTC 2018
------------------ testing $PTII/ptolemy/domains/de/test/auto/ResettableTimer6.xml
auto.tcl: Setting watchdog for 200 seconds at Thu Apr 26 08:13:24 UTC 2018
1 ms. Memory: 549888K Free: 535030K (97%)
ptolemy.util.test.WatchDog.cancel(): canceling Thu Apr 26 08:13:24 UTC 2018
auto.tcl: Setting watchdog for 200 seconds at Thu Apr 26 08:13:24 UTC 2018
2 ms. Memory: 549888K Free: 535030K (97%)
ptolemy.util.test.WatchDog.cancel(): canceling Thu Apr 26 08:13:24 UTC 2018
------------------ testing $PTII/ptolemy/domains/de/test/auto/ServerZeroDelay.xml
auto.tcl: Setting watchdog for 200 seconds at Thu Apr 26 08:13:24 UTC 2018
3 ms. Memory: 550400K Free: 535763K (97%)
ptolemy.util.test.WatchDog.cancel(): canceling Thu Apr 26 08:13:24 UTC 2018
auto.tcl: Setting watchdog for 200 seconds at Thu Apr 26 08:13:24 UTC 2018
2 ms. Memory: 550400K Free: 535763K (97%)
ptolemy.util.test.WatchDog.cancel(): canceling Thu Apr 26 08:13:24 UTC 2018
------------------ testing $PTII/ptolemy/domains/de/test/auto/SmartSender.xml
auto.tcl: Setting watchdog for 200 seconds at Thu Apr 26 08:13:24 UTC 2018
3002 ms. Memory: 549888K Free: 535246K (97%)
ptolemy.util.test.WatchDog.cancel(): canceling Thu Apr 26 08:13:27 UTC 2018
auto.tcl: Setting watchdog for 200 seconds at Thu Apr 26 08:13:27 UTC 2018
3001 ms. Memory: 549888K Free: 535246K (97%)
ptolemy.util.test.WatchDog.cancel(): canceling Thu Apr 26 08:13:30 UTC 2018
------------------ testing $PTII/ptolemy/domains/de/test/auto/ThreadedComposite.xml
auto.tcl: Setting watchdog for 200 seconds at Thu Apr 26 08:13:30 UTC 2018
223 ms. Memory: 550400K Free: 510537K (93%)
ptolemy.util.test.WatchDog.cancel(): canceling Thu Apr 26 08:13:30 UTC 2018
auto.tcl: Setting watchdog for 200 seconds at Thu Apr 26 08:13:30 UTC 2018
128 ms. Memory: 550400K Free: 495697K (90%)
ptolemy.util.test.WatchDog.cancel(): canceling Thu Apr 26 08:13:30 UTC 2018
------------------ testing $PTII/ptolemy/domains/de/test/auto/Time.xml
auto.tcl: Setting watchdog for 200 seconds at Thu Apr 26 08:13:30 UTC 2018
459 ms. Memory: 549888K Free: 487892K (89%)
ptolemy.util.test.WatchDog.cancel(): canceling Thu Apr 26 08:13:31 UTC 2018
auto.tcl: Setting watchdog for 200 seconds at Thu Apr 26 08:13:31 UTC 2018
421 ms. Memory: 549888K Free: 433182K (79%)
ptolemy.util.test.WatchDog.cancel(): canceling Thu Apr 26 08:13:31 UTC 2018
------------------ testing $PTII/ptolemy/domains/de/test/auto/TimeDelayZeroDelay.xml
auto.tcl: Setting watchdog for 200 seconds at Thu Apr 26 08:13:31 UTC 2018
2 ms. Memory: 550400K Free: 535450K (97%)
ptolemy.util.test.WatchDog.cancel(): canceling Thu Apr 26 08:13:31 UTC 2018
auto.tcl: Setting watchdog for 200 seconds at Thu Apr 26 08:13:31 UTC 2018
1 ms. Memory: 550400K Free: 535450K (97%)
ptolemy.util.test.WatchDog.cancel(): canceling Thu Apr 26 08:13:31 UTC 2018
------------------ testing $PTII/ptolemy/domains/de/test/auto/TimerZeroDelay.xml
auto.tcl: Setting watchdog for 200 seconds at Thu Apr 26 08:13:31 UTC 2018
1 ms. Memory: 549888K Free: 535211K (97%)
ptolemy.util.test.WatchDog.cancel(): canceling Thu Apr 26 08:13:31 UTC 2018
auto.tcl: Setting watchdog for 200 seconds at Thu Apr 26 08:13:31 UTC 2018
2 ms. Memory: 549888K Free: 535211K (97%)
ptolemy.util.test.WatchDog.cancel(): canceling Thu Apr 26 08:13:31 UTC 2018
------------------ testing $PTII/ptolemy/domains/de/test/auto/TimingParadox.xml
auto.tcl: Setting watchdog for 200 seconds at Thu Apr 26 08:13:31 UTC 2018
317 ms. Memory: 550400K Free: 469849K (85%)
ptolemy.util.test.WatchDog.cancel(): canceling Thu Apr 26 08:13:32 UTC 2018
auto.tcl: Setting watchdog for 200 seconds at Thu Apr 26 08:13:32 UTC 2018
308 ms. Memory: 550400K Free: 437022K (79%)
ptolemy.util.test.WatchDog.cancel(): canceling Thu Apr 26 08:13:32 UTC 2018
------------------ testing $PTII/ptolemy/domains/de/test/auto/TransferInputs.xml
auto.tcl: Setting watchdog for 200 seconds at Thu Apr 26 08:13:32 UTC 2018
1 ms. Memory: 550400K Free: 534628K (97%)
ptolemy.util.test.WatchDog.cancel(): canceling Thu Apr 26 08:13:32 UTC 2018
auto.tcl: Setting watchdog for 200 seconds at Thu Apr 26 08:13:32 UTC 2018
1 ms. Memory: 550400K Free: 534628K (97%)
ptolemy.util.test.WatchDog.cancel(): canceling Thu Apr 26 08:13:32 UTC 2018
------------------ testing $PTII/ptolemy/domains/de/test/auto/TransferOutputs2.xml
auto.tcl: Setting watchdog for 200 seconds at Thu Apr 26 08:13:32 UTC 2018
3 ms. Memory: 549888K Free: 525062K (95%)
ptolemy.util.test.WatchDog.cancel(): canceling Thu Apr 26 08:13:32 UTC 2018
auto.tcl: Setting watchdog for 200 seconds at Thu Apr 26 08:13:32 UTC 2018
2 ms. Memory: 549888K Free: 525062K (95%)
ptolemy.util.test.WatchDog.cancel(): canceling Thu Apr 26 08:13:32 UTC 2018
------------------ testing $PTII/ptolemy/domains/de/test/auto/Trilateration.xml
auto.tcl: Setting watchdog for 200 seconds at Thu Apr 26 08:13:32 UTC 2018
13290 ms. Memory: 460800K Free: 147819K (32%)
ptolemy.util.test.WatchDog.cancel(): canceling Thu Apr 26 08:13:46 UTC 2018
auto.tcl: Setting watchdog for 200 seconds at Thu Apr 26 08:13:46 UTC 2018
10893 ms. Memory: 335360K Free: 288327K (86%)
ptolemy.util.test.WatchDog.cancel(): canceling Thu Apr 26 08:13:57 UTC 2018
------------------ testing $PTII/ptolemy/domains/de/test/auto/TwoSigmaDelta.xml
auto.tcl: Setting watchdog for 200 seconds at Thu Apr 26 08:13:57 UTC 2018
2621 ms. Memory: 324096K Free: 279455K (86%)
ptolemy.util.test.WatchDog.cancel(): canceling Thu Apr 26 08:14:00 UTC 2018
auto.tcl: Setting watchdog for 200 seconds at Thu Apr 26 08:14:00 UTC 2018
2020 ms. Memory: 311808K Free: 277477K (89%)
ptolemy.util.test.WatchDog.cancel(): canceling Thu Apr 26 08:14:02 UTC 2018
------------------ testing $PTII/ptolemy/domains/de/test/auto/VariableDelay.xml
auto.tcl: Setting watchdog for 200 seconds at Thu Apr 26 08:14:02 UTC 2018
2 ms. Memory: 313856K Free: 297285K (95%)
ptolemy.util.test.WatchDog.cancel(): canceling Thu Apr 26 08:14:02 UTC 2018
auto.tcl: Setting watchdog for 200 seconds at Thu Apr 26 08:14:02 UTC 2018
1 ms. Memory: 313856K Free: 297285K (95%)
ptolemy.util.test.WatchDog.cancel(): canceling Thu Apr 26 08:14:02 UTC 2018
------------------ testing $PTII/ptolemy/domains/de/test/auto/VariableDelay2.xml
auto.tcl: Setting watchdog for 200 seconds at Thu Apr 26 08:14:02 UTC 2018
6 ms. Memory: 311808K Free: 301408K (97%)
ptolemy.util.test.WatchDog.cancel(): canceling Thu Apr 26 08:14:02 UTC 2018
auto.tcl: Setting watchdog for 200 seconds at Thu Apr 26 08:14:02 UTC 2018
2 ms. Memory: 311808K Free: 297971K (96%)
ptolemy.util.test.WatchDog.cancel(): canceling Thu Apr 26 08:14:02 UTC 2018
------------------ testing $PTII/ptolemy/domains/de/test/auto/VariableDelayZeroDelay.xml
auto.tcl: Setting watchdog for 200 seconds at Thu Apr 26 08:14:02 UTC 2018
2 ms. Memory: 313344K Free: 300639K (96%)
ptolemy.util.test.WatchDog.cancel(): canceling Thu Apr 26 08:14:02 UTC 2018
auto.tcl: Setting watchdog for 200 seconds at Thu Apr 26 08:14:02 UTC 2018
1 ms. Memory: 313344K Free: 297187K (95%)
ptolemy.util.test.WatchDog.cancel(): canceling Thu Apr 26 08:14:02 UTC 2018
------------------ testing $PTII/ptolemy/domains/de/test/auto/VariableDelayZeroDelay2.xml
auto.tcl: Setting watchdog for 200 seconds at Thu Apr 26 08:14:02 UTC 2018
1 ms. Memory: 311808K Free: 299101K (96%)
ptolemy.util.test.WatchDog.cancel(): canceling Thu Apr 26 08:14:02 UTC 2018
auto.tcl: Setting watchdog for 200 seconds at Thu Apr 26 08:14:02 UTC 2018
2 ms. Memory: 311808K Free: 295664K (95%)
ptolemy.util.test.WatchDog.cancel(): canceling Thu Apr 26 08:14:02 UTC 2018
------------------ testing $PTII/ptolemy/domains/de/test/auto/deInCt.xml
auto.tcl: Setting watchdog for 200 seconds at Thu Apr 26 08:14:02 UTC 2018
0
1
1
1
1
1
0
0
0
1
1
1
0
0
0
1
1
1
1
0
0
0
1
1
1
1
1
0
0
0
0
1
1
1
1
1
8 ms. Memory: 313344K Free: 297173K (95%)
ptolemy.util.test.WatchDog.cancel(): canceling Thu Apr 26 08:14:02 UTC 2018
auto.tcl: Setting watchdog for 200 seconds at Thu Apr 26 08:14:02 UTC 2018
0
1
1
1
0
0
0
1
1
0
0
0
1
1
1
0
0
0
1
1
1
0
0
0
1
1
1
0
0
0
0
1
1
1
1
1
0
0
0
1
1
1
0
0
1
1
1
1
5 ms. Memory: 313344K Free: 297173K (95%)
ptolemy.util.test.WatchDog.cancel(): canceling Thu Apr 26 08:14:02 UTC 2018
------------------ testing $PTII/ptolemy/domains/de/test/auto/deInCt2.xml
auto.tcl: Setting watchdog for 200 seconds at Thu Apr 26 08:14:03 UTC 2018
0
1
1
1
0
0
1
1
1
0
0
1
1
1
0
0
1
1
1
0
0
1
1
1
0
0
1
1
1
0
0
1
1
1
0
0
1
1
1
0
0
0
11 ms. Memory: 311808K Free: 295637K (95%)
ptolemy.util.test.WatchDog.cancel(): canceling Thu Apr 26 08:14:03 UTC 2018
auto.tcl: Setting watchdog for 200 seconds at Thu Apr 26 08:14:03 UTC 2018
0
1
1
1
0
0
1
1
1
0
0
1
1
1
0
0
1
1
1
0
0
1
1
1
0
0
1
1
1
0
0
1
1
1
0
0
1
1
1
0
0
0
6 ms. Memory: 311808K Free: 295637K (95%)
ptolemy.util.test.WatchDog.cancel(): canceling Thu Apr 26 08:14:03 UTC 2018
------------------ testing $PTII/ptolemy/domains/de/test/auto/dynamicCausalityInterface1.xml
auto.tcl: Setting watchdog for 200 seconds at Thu Apr 26 08:14:03 UTC 2018
2 ms. Memory: 312832K Free: 295533K (94%)
ptolemy.util.test.WatchDog.cancel(): canceling Thu Apr 26 08:14:03 UTC 2018
auto.tcl: Setting watchdog for 200 seconds at Thu Apr 26 08:14:03 UTC 2018
0 ms. Memory: 312832K Free: 295533K (94%)
ptolemy.util.test.WatchDog.cancel(): canceling Thu Apr 26 08:14:03 UTC 2018
------------------ testing $PTII/ptolemy/domains/de/test/auto/fsm_de_test.xml
auto.tcl: Setting watchdog for 200 seconds at Thu Apr 26 08:14:03 UTC 2018
11 ms. Memory: 311808K Free: 292100K (94%)
ptolemy.util.test.WatchDog.cancel(): canceling Thu Apr 26 08:14:03 UTC 2018
auto.tcl: Setting watchdog for 200 seconds at Thu Apr 26 08:14:03 UTC 2018
3 ms. Memory: 311808K Free: 292100K (94%)
ptolemy.util.test.WatchDog.cancel(): canceling Thu Apr 26 08:14:03 UTC 2018
------------------ testing $PTII/ptolemy/domains/de/test/auto/functionDependencyReconstruction.xml
auto.tcl: Setting watchdog for 200 seconds at Thu Apr 26 08:14:03 UTC 2018
2 ms. Memory: 312832K Free: 286257K (92%)
ptolemy.util.test.WatchDog.cancel(): canceling Thu Apr 26 08:14:03 UTC 2018
auto.tcl: Setting watchdog for 200 seconds at Thu Apr 26 08:14:03 UTC 2018
3 ms. Memory: 312832K Free: 282804K (90%)
ptolemy.util.test.WatchDog.cancel(): canceling Thu Apr 26 08:14:03 UTC 2018
------------------ testing $PTII/ptolemy/domains/de/test/auto/multirate.xml
auto.tcl: Setting watchdog for 200 seconds at Thu Apr 26 08:14:03 UTC 2018
2 ms. Memory: 311808K Free: 297713K (95%)
ptolemy.util.test.WatchDog.cancel(): canceling Thu Apr 26 08:14:03 UTC 2018
auto.tcl: Setting watchdog for 200 seconds at Thu Apr 26 08:14:03 UTC 2018
3 ms. Memory: 311808K Free: 294261K (94%)
ptolemy.util.test.WatchDog.cancel(): canceling Thu Apr 26 08:14:03 UTC 2018
------------------ testing $PTII/ptolemy/domains/de/test/auto/multirate2.xml
auto.tcl: Setting watchdog for 200 seconds at Thu Apr 26 08:14:03 UTC 2018
2 ms. Memory: 312832K Free: 298918K (96%)
ptolemy.util.test.WatchDog.cancel(): canceling Thu Apr 26 08:14:03 UTC 2018
auto.tcl: Setting watchdog for 200 seconds at Thu Apr 26 08:14:03 UTC 2018
3 ms. Memory: 312832K Free: 298918K (96%)
ptolemy.util.test.WatchDog.cancel(): canceling Thu Apr 26 08:14:03 UTC 2018
------------------ testing $PTII/ptolemy/domains/de/test/auto/realtime.xml
auto.tcl: Setting watchdog for 200 seconds at Thu Apr 26 08:14:03 UTC 2018
10002 ms. Memory: 311808K Free: 295580K (95%)
ptolemy.util.test.WatchDog.cancel(): canceling Thu Apr 26 08:14:13 UTC 2018
auto.tcl: Setting watchdog for 200 seconds at Thu Apr 26 08:14:13 UTC 2018
10001 ms. Memory: 311808K Free: 295580K (95%)
ptolemy.util.test.WatchDog.cancel(): canceling Thu Apr 26 08:14:23 UTC 2018
------------------ testing $PTII/ptolemy/domains/de/test/auto/relationGroup.xml
auto.tcl: Setting watchdog for 200 seconds at Thu Apr 26 08:14:23 UTC 2018
1 ms. Memory: 312320K Free: 301883K (97%)
ptolemy.util.test.WatchDog.cancel(): canceling Thu Apr 26 08:14:23 UTC 2018
auto.tcl: Setting watchdog for 200 seconds at Thu Apr 26 08:14:23 UTC 2018
1 ms. Memory: 312320K Free: 301883K (97%)
ptolemy.util.test.WatchDog.cancel(): canceling Thu Apr 26 08:14:23 UTC 2018
------------------ testing $PTII/ptolemy/domains/de/test/auto/relationGroup2.xml
auto.tcl: Setting watchdog for 200 seconds at Thu Apr 26 08:14:23 UTC 2018
1 ms. Memory: 311808K Free: 299094K (96%)
ptolemy.util.test.WatchDog.cancel(): canceling Thu Apr 26 08:14:23 UTC 2018
auto.tcl: Setting watchdog for 200 seconds at Thu Apr 26 08:14:23 UTC 2018
1 ms. Memory: 311808K Free: 299094K (96%)
ptolemy.util.test.WatchDog.cancel(): canceling Thu Apr 26 08:14:23 UTC 2018
------------------ testing $PTII/ptolemy/domains/de/test/auto/sortWithOpaquePorts.xml
auto.tcl: Setting watchdog for 200 seconds at Thu Apr 26 08:14:23 UTC 2018
6 ms. Memory: 312320K Free: 296154K (95%)
ptolemy.util.test.WatchDog.cancel(): canceling Thu Apr 26 08:14:23 UTC 2018
auto.tcl: Setting watchdog for 200 seconds at Thu Apr 26 08:14:23 UTC 2018
1 ms. Memory: 312320K Free: 296154K (95%)
ptolemy.util.test.WatchDog.cancel(): canceling Thu Apr 26 08:14:23 UTC 2018
------------------ testing $PTII/ptolemy/domains/de/test/auto/transferInputsandOutputs.xml
auto.tcl: Setting watchdog for 200 seconds at Thu Apr 26 08:14:23 UTC 2018
1 ms. Memory: 311808K Free: 295645K (95%)
ptolemy.util.test.WatchDog.cancel(): canceling Thu Apr 26 08:14:23 UTC 2018
auto.tcl: Setting watchdog for 200 seconds at Thu Apr 26 08:14:23 UTC 2018
1 ms. Memory: 311808K Free: 292192K (94%)
ptolemy.util.test.WatchDog.cancel(): canceling Thu Apr 26 08:14:23 UTC 2018
------------------ testing $PTII/ptolemy/domains/de/test/auto/triggerType.xml
auto.tcl: Setting watchdog for 200 seconds at Thu Apr 26 08:14:23 UTC 2018
0 ms. Memory: 312320K Free: 299544K (96%)
ptolemy.util.test.WatchDog.cancel(): canceling Thu Apr 26 08:14:23 UTC 2018
auto.tcl: Setting watchdog for 200 seconds at Thu Apr 26 08:14:23 UTC 2018
1 ms. Memory: 312320K Free: 296092K (95%)
ptolemy.util.test.WatchDog.cancel(): canceling Thu Apr 26 08:14:23 UTC 2018
04/26/18 08:14:23
Failed: 0  Total Tests: 192  ((Passed: 187, Newly Passed: 1)  Known Failed: 5) /home/travis/build/icyphy/ptII/ptolemy/domains/de/test
04/26/18 08:14:23
Failed: 0  Total Tests: 192  ((Passed: 187, Newly Passed: 1)  Known Failed: 5) /home/travis/build/icyphy/ptII/ptolemy/domains/de/test
----------------- testing (KnownFailure) /home/travis/build/icyphy/ptII/ptolemy/domains/de/test/auto/knownFailedTests/DESDFClockTest.xml
2008 ms. Memory: 311808K Free: 289854K (93%)
Known Failure: java.lang.reflect.InvocationTargetException
----------------- testing (KnownFailure) /home/travis/build/icyphy/ptII/ptolemy/domains/de/test/auto/knownFailedTests/DirectFeedback.xml
1 ms. Memory: 311808K Free: 271421K (87%)
Known Failure: java.lang.reflect.InvocationTargetException
----------------- testing (KnownFailure) /home/travis/build/icyphy/ptII/ptolemy/domains/de/test/auto/knownFailedTests/FSMSource.xml
9 ms. Memory: 311808K Free: 248373K (80%)
----------------- testing (KnownFailure) /home/travis/build/icyphy/ptII/ptolemy/domains/de/test/auto/knownFailedTests/HierarchicalModel.xml
1 ms. Memory: 311808K Free: 225309K (72%)
Known Failure: java.lang.reflect.InvocationTargetException
----------------- testing (KnownFailure) /home/travis/build/icyphy/ptII/ptolemy/domains/de/test/auto/knownFailedTests/dependencyLoop.xml
1 ms. Memory: 311808K Free: 193021K (62%)
Known Failure: java.lang.reflect.InvocationTargetException
----------------- testing (KnownFailure) /home/travis/build/icyphy/ptII/ptolemy/domains/de/test/auto/knownFailedTests/dependencyLoop2.xml
3 ms. Memory: 311808K Free: 160748K (52%)
Known Failure: java.lang.reflect.InvocationTargetException
No auto/*.xml tests in /home/travis/build/icyphy/ptII/ptolemy/domains/de/test
AutoTests.java: About to close Vertx.
AutoTests.java: Vertx closed.
----------------- testing Thu Apr 26 08:14:25 UTC 2018 /home/travis/build/icyphy/ptII/ptolemy/domains/de/test/auto/ActorDepthCalculation_actorWithoutPorts.xml
2 ms. Memory: 311808K Free: 137708K (44%)
reloadAllAccessors: .ActorDepthCalculation_actorWithoutPorts
----------------- testing Thu Apr 26 08:14:25 UTC 2018 /home/travis/build/icyphy/ptII/ptolemy/domains/de/test/auto/AssemblyLine.xml
1 ms. Memory: 311808K Free: 123868K (40%)
reloadAllAccessors: .AssemblyLine
----------------- testing Thu Apr 26 08:14:25 UTC 2018 /home/travis/build/icyphy/ptII/ptolemy/domains/de/test/auto/CQBug1.xml
1 ms. Memory: 311808K Free: 114651K (37%)
reloadAllAccessors: .CQBug1
----------------- testing Thu Apr 26 08:14:25 UTC 2018 /home/travis/build/icyphy/ptII/ptolemy/domains/de/test/auto/CancelFireAt.xml
0 ms. Memory: 311808K Free: 105435K (34%)
reloadAllAccessors: .CancelFireAt
----------------- testing Thu Apr 26 08:14:25 UTC 2018 /home/travis/build/icyphy/ptII/ptolemy/domains/de/test/auto/CausalityAndComposabilityAnalysis.xml
1 ms. Memory: 311808K Free: 96219K (31%)
reloadAllAccessors: .CausalityAndComposabilityAnalysis
----------------- testing Thu Apr 26 08:14:25 UTC 2018 /home/travis/build/icyphy/ptII/ptolemy/domains/de/test/auto/CausalityInterface1.xml
2 ms. Memory: 311808K Free: 83566K (27%)
reloadAllAccessors: .CausalityInterface1
----------------- testing Thu Apr 26 08:14:25 UTC 2018 /home/travis/build/icyphy/ptII/ptolemy/domains/de/test/auto/CausalityInterface15.xml
6 ms. Memory: 302592K Free: 293180K (97%)
reloadAllAccessors: .CausalityInterface15
----------------- testing Thu Apr 26 08:14:25 UTC 2018 /home/travis/build/icyphy/ptII/ptolemy/domains/de/test/auto/CausalityInterface2.xml
1 ms. Memory: 302592K Free: 282131K (93%)
reloadAllAccessors: .CausalityInterface2
----------------- testing Thu Apr 26 08:14:25 UTC 2018 /home/travis/build/icyphy/ptII/ptolemy/domains/de/test/auto/CausalityInterface3.xml
1 ms. Memory: 302592K Free: 273266K (90%)
reloadAllAccessors: .CausalityInterface3
----------------- testing Thu Apr 26 08:14:25 UTC 2018 /home/travis/build/icyphy/ptII/ptolemy/domains/de/test/auto/ClockDrift.xml
8 ms. Memory: 302592K Free: 257795K (85%)
reloadAllAccessors: .ClockDrift
----------------- testing Thu Apr 26 08:14:25 UTC 2018 /home/travis/build/icyphy/ptII/ptolemy/domains/de/test/auto/ClockDriftAndValueChange.xml
7 ms. Memory: 302592K Free: 242340K (80%)
reloadAllAccessors: .ClockDriftAndValueChange
----------------- testing Thu Apr 26 08:14:26 UTC 2018 /home/travis/build/icyphy/ptII/ptolemy/domains/de/test/auto/ClockDriftChange.xml
6 ms. Memory: 302592K Free: 226929K (75%)
reloadAllAccessors: .ClockDriftChange
----------------- testing Thu Apr 26 08:14:26 UTC 2018 /home/travis/build/icyphy/ptII/ptolemy/domains/de/test/auto/ComposableCausalityAnalysis.xml
1 ms. Memory: 302592K Free: 218101K (72%)
reloadAllAccessors: .ComposableCausalityAnalysis
----------------- testing Thu Apr 26 08:14:26 UTC 2018 /home/travis/build/icyphy/ptII/ptolemy/domains/de/test/auto/DEFixedPointLimitation.xml
1 ms. Memory: 302592K Free: 211481K (70%)
reloadAllAccessors: .DEFixedPointLimitation
----------------- testing Thu Apr 26 08:14:26 UTC 2018 /home/travis/build/icyphy/ptII/ptolemy/domains/de/test/auto/DEScheduleTest.xml
1 ms. Memory: 302592K Free: 204861K (68%)
reloadAllAccessors: .DEScheduleTest
----------------- testing Thu Apr 26 08:14:26 UTC 2018 /home/travis/build/icyphy/ptII/ptolemy/domains/de/test/auto/DEinDEwithStartTimes.xml
2 ms. Memory: 302592K Free: 196002K (65%)
reloadAllAccessors: .DEinDEwithStartTimes
----------------- testing Thu Apr 26 08:14:26 UTC 2018 /home/travis/build/icyphy/ptII/ptolemy/domains/de/test/auto/DEinDEwithStartTimes2.xml
2 ms. Memory: 302592K Free: 184980K (61%)
reloadAllAccessors: .DEinDEwithStartTimes2
----------------- testing Thu Apr 26 08:14:26 UTC 2018 /home/travis/build/icyphy/ptII/ptolemy/domains/de/test/auto/DateDemo.xml
3 ms. Memory: 302592K Free: 171699K (57%)
reloadAllAccessors: .DateDemo
----------------- testing Thu Apr 26 08:14:26 UTC 2018 /home/travis/build/icyphy/ptII/ptolemy/domains/de/test/auto/DateToEvent.xml
2004 ms. Memory: 302592K Free: 151774K (50%)
reloadAllAccessors: .DateToEvent
[...]
java.lang.RuntimeException: Execution failed
	at ptolemy.moml.MoMLSimpleApplication$UnloadThread.run(MoMLSimpleApplication.java:402)
Caused by: ptolemy.kernel.util.IllegalActionException: Test fails in iteration 1.
Value was: 1.0. Should have been: 2.0
  in .DirectFeedback.Test
	at ptolemy.actor.lib.Test.fire(Test.java:268)
	at ptolemy.domains.de.kernel.DEDirector._fire(DEDirector.java:1948)
	at ptolemy.domains.de.kernel.DEDirector.fire(DEDirector.java:502)
	at ptolemy.actor.CompositeActor.fire(CompositeActor.java:455)
	at ptolemy.actor.Manager.iterate(Manager.java:851)
	at ptolemy.actor.Manager.execute(Manager.java:369)
	at ptolemy.actor.Manager.run(Manager.java:1263)
	at ptolemy.actor.Manager$PtolemyRunThread.run(Manager.java:1915)
java.lang.RuntimeException: Execution failed
	at ptolemy.moml.MoMLSimpleApplication$UnloadThread.run(MoMLSimpleApplication.java:402)
Caused by: ptolemy.kernel.util.IllegalActionException: Actor is not ready to fire.  Perhaps UpSample.prefire() returned false? Try debugging the actor by selecting "Listen to Actor".  Also, for SDF check moml for tokenConsumptionRate on input.
  in .DESDFClockTest.Play Bell.Copy1:SDF Director and .DESDFClockTest.Play Bell.UpSample
	at ptolemy.actor.sched.StaticSchedulingDirector.fire(StaticSchedulingDirector.java:227)
	at ptolemy.domains.sdf.kernel.SDFDirector.fire(SDFDirector.java:500)
	at ptolemy.actor.CompositeActor.fire(CompositeActor.java:455)
	at ptolemy.domains.de.kernel.DEDirector._fire(DEDirector.java:1948)
	at ptolemy.domains.de.kernel.DEDirector.fire(DEDirector.java:502)
	at ptolemy.actor.CompositeActor.fire(CompositeActor.java:455)
	at ptolemy.actor.Manager.iterate(Manager.java:851)
	at ptolemy.actor.Manager.execute(Manager.java:369)
	at ptolemy.actor.Manager.run(Manager.java:1263)
	at ptolemy.actor.Manager$PtolemyRunThread.run(Manager.java:1915)
java.lang.reflect.InvocationTargetException
	at sun.reflect.NativeConstructorAccessorImpl.newInstance0(Native Method)
	at sun.reflect.NativeConstructorAccessorImpl.newInstance(NativeConstructorAccessorImpl.java:62)
	at sun.reflect.DelegatingConstructorAccessorImpl.newInstance(DelegatingConstructorAccessorImpl.java:45)
	at java.lang.reflect.Constructor.newInstance(Constructor.java:423)
	at ptolemy.util.test.junit.AutoKnownFailedTests.RunModel(AutoKnownFailedTests.java:107)
	at sun.reflect.NativeMethodAccessorImpl.invoke0(Native Method)
	at sun.reflect.NativeMethodAccessorImpl.invoke(NativeMethodAccessorImpl.java:62)
	at sun.reflect.DelegatingMethodAccessorImpl.invoke(DelegatingMethodAccessorImpl.java:43)
	at java.lang.reflect.Method.invoke(Method.java:498)
	at org.junit.runners.model.FrameworkMethod$1.runReflectiveCall(FrameworkMethod.java:44)
	at org.junit.internal.runners.model.ReflectiveCallable.run(ReflectiveCallable.java:15)
	at org.junit.runners.model.FrameworkMethod.invokeExplosively(FrameworkMethod.java:41)
	at junitparams.internal.InvokeParameterisedMethod.evaluate(InvokeParameterisedMethod.java:102)
	at org.junit.internal.runners.statements.FailOnTimeout$1.run(FailOnTimeout.java:28)
Caused by: ptolemy.kernel.util.IllegalActionException: Actor is not ready to fire.  Perhaps UpSample.prefire() returned false? Try debugging the actor by selecting "Listen to Actor".  Also, for SDF check moml for tokenConsumptionRate on input.
  in .DESDFClockTest.Play Bell.Copy1:SDF Director and .DESDFClockTest.Play Bell.UpSample
	at ptolemy.actor.sched.StaticSchedulingDirector.fire(StaticSchedulingDirector.java:227)
	at ptolemy.domains.sdf.kernel.SDFDirector.fire(SDFDirector.java:500)
	at ptolemy.actor.CompositeActor.fire(CompositeActor.java:455)
	at ptolemy.domains.de.kernel.DEDirector._fire(DEDirector.java:1948)
	at ptolemy.domains.de.kernel.DEDirector.fire(DEDirector.java:502)
	at ptolemy.actor.CompositeActor.fire(CompositeActor.java:455)
	at ptolemy.actor.Manager.iterate(Manager.java:851)
	at ptolemy.actor.Manager.execute(Manager.java:369)
	at ptolemy.actor.Manager.run(Manager.java:1263)
	at ptolemy.actor.Manager$PtolemyRunThread.run(Manager.java:1915)
java.lang.RuntimeException: Execution failed
	at ptolemy.moml.MoMLSimpleApplication$UnloadThread.run(MoMLSimpleApplication.java:402)
Caused by: ptolemy.kernel.util.IllegalActionException: Test fails in iteration 1.
Value was: 1.0. Should have been: 2.0
  in .DirectFeedback.Test
	at ptolemy.actor.lib.Test.fire(Test.java:268)
	at ptolemy.domains.de.kernel.DEDirector._fire(DEDirector.java:1948)
	at ptolemy.domains.de.kernel.DEDirector.fire(DEDirector.java:502)
	at ptolemy.actor.CompositeActor.fire(CompositeActor.java:455)
	at ptolemy.actor.Manager.iterate(Manager.java:851)
	at ptolemy.actor.Manager.execute(Manager.java:369)
	at ptolemy.actor.Manager.run(Manager.java:1263)
	at ptolemy.actor.Manager$PtolemyRunThread.run(Manager.java:1915)
java.lang.reflect.InvocationTargetException
	at sun.reflect.NativeConstructorAccessorImpl.newInstance0(Native Method)
	at sun.reflect.NativeConstructorAccessorImpl.newInstance(NativeConstructorAccessorImpl.java:62)
	at sun.reflect.DelegatingConstructorAccessorImpl.newInstance(DelegatingConstructorAccessorImpl.java:45)
	at java.lang.reflect.Constructor.newInstance(Constructor.java:423)
	at ptolemy.util.test.junit.AutoKnownFailedTests.RunModel(AutoKnownFailedTests.java:107)
	at sun.reflect.NativeMethodAccessorImpl.invoke0(Native Method)
	at sun.reflect.NativeMethodAccessorImpl.invoke(NativeMethodAccessorImpl.java:62)
	at sun.reflect.DelegatingMethodAccessorImpl.invoke(DelegatingMethodAccessorImpl.java:43)
	at java.lang.reflect.Method.invoke(Method.java:498)
	at org.junit.runners.model.FrameworkMethod$1.runReflectiveCall(FrameworkMethod.java:44)
	at org.junit.internal.runners.model.ReflectiveCallable.run(ReflectiveCallable.java:15)
	at org.junit.runners.model.FrameworkMethod.invokeExplosively(FrameworkMethod.java:41)
	at junitparams.internal.InvokeParameterisedMethod.evaluate(InvokeParameterisedMethod.java:102)
	at org.junit.internal.runners.statements.FailOnTimeout$1.run(FailOnTimeout.java:28)
Caused by: ptolemy.kernel.util.IllegalActionException: Test fails in iteration 1.
Value was: 1.0. Should have been: 2.0
  in .DirectFeedback.Test
	at ptolemy.actor.lib.Test.fire(Test.java:268)
	at ptolemy.domains.de.kernel.DEDirector._fire(DEDirector.java:1948)
	at ptolemy.domains.de.kernel.DEDirector.fire(DEDirector.java:502)
	at ptolemy.actor.CompositeActor.fire(CompositeActor.java:455)
	at ptolemy.actor.Manager.iterate(Manager.java:851)
	at ptolemy.actor.Manager.execute(Manager.java:369)
	at ptolemy.actor.Manager.run(Manager.java:1263)
	at ptolemy.actor.Manager$PtolemyRunThread.run(Manager.java:1915)
java.lang.RuntimeException: Execution failed
	at ptolemy.moml.MoMLSimpleApplication$UnloadThread.run(MoMLSimpleApplication.java:402)
Caused by: ptolemy.kernel.util.IllegalActionException: Found a zero delay loop containing .HierarchicalModel.A
  in .HierarchicalModel and .HierarchicalModel.A
	at ptolemy.actor.util.CausalityInterfaceForComposites._computeOutputPortDepth(CausalityInterfaceForComposites.java:759)
	at ptolemy.actor.util.CausalityInterfaceForComposites._computeInputDepth(CausalityInterfaceForComposites.java:696)
	at ptolemy.actor.util.CausalityInterfaceForComposites._computeOutputPortDepth(CausalityInterfaceForComposites.java:765)
	at ptolemy.actor.util.CausalityInterfaceForComposites._computeInputDepth(CausalityInterfaceForComposites.java:696)
	at ptolemy.actor.util.CausalityInterfaceForComposites._computeOutputPortDepth(CausalityInterfaceForComposites.java:765)
	at ptolemy.actor.util.CausalityInterfaceForComposites._computeInputDepth(CausalityInterfaceForComposites.java:696)
	at ptolemy.actor.util.CausalityInterfaceForComposites._computeActorDepth(CausalityInterfaceForComposites.java:532)
	at ptolemy.actor.util.CausalityInterfaceForComposites.checkForCycles(CausalityInterfaceForComposites.java:96)
	at ptolemy.domains.de.kernel.DEDirector.preinitialize(DEDirector.java:1337)
	at ptolemy.actor.CompositeActor.preinitialize(CompositeActor.java:1828)
	at ptolemy.actor.Manager.preinitializeAndResolveTypes(Manager.java:1040)
	at ptolemy.actor.Manager.initialize(Manager.java:710)
	at ptolemy.actor.Manager.execute(Manager.java:356)
	at ptolemy.actor.Manager.run(Manager.java:1263)
	at ptolemy.actor.Manager$PtolemyRunThread.run(Manager.java:1915)
java.lang.reflect.InvocationTargetException
	at sun.reflect.NativeConstructorAccessorImpl.newInstance0(Native Method)
	at sun.reflect.NativeConstructorAccessorImpl.newInstance(NativeConstructorAccessorImpl.java:62)
	at sun.reflect.DelegatingConstructorAccessorImpl.newInstance(DelegatingConstructorAccessorImpl.java:45)
	at java.lang.reflect.Constructor.newInstance(Constructor.java:423)
	at ptolemy.util.test.junit.AutoKnownFailedTests.RunModel(AutoKnownFailedTests.java:107)
	at sun.reflect.NativeMethodAccessorImpl.invoke0(Native Method)
	at sun.reflect.NativeMethodAccessorImpl.invoke(NativeMethodAccessorImpl.java:62)
	at sun.reflect.DelegatingMethodAccessorImpl.invoke(DelegatingMethodAccessorImpl.java:43)
	at java.lang.reflect.Method.invoke(Method.java:498)
	at org.junit.runners.model.FrameworkMethod$1.runReflectiveCall(FrameworkMethod.java:44)
	at org.junit.internal.runners.model.ReflectiveCallable.run(ReflectiveCallable.java:15)
	at org.junit.runners.model.FrameworkMethod.invokeExplosively(FrameworkMethod.java:41)
	at junitparams.internal.InvokeParameterisedMethod.evaluate(InvokeParameterisedMethod.java:102)
	at org.junit.internal.runners.statements.FailOnTimeout$1.run(FailOnTimeout.java:28)
Caused by: ptolemy.kernel.util.IllegalActionException: Found a zero delay loop containing .HierarchicalModel.A
  in .HierarchicalModel and .HierarchicalModel.A
	at ptolemy.actor.util.CausalityInterfaceForComposites._computeOutputPortDepth(CausalityInterfaceForComposites.java:759)
	at ptolemy.actor.util.CausalityInterfaceForComposites._computeInputDepth(CausalityInterfaceForComposites.java:696)
	at ptolemy.actor.util.CausalityInterfaceForComposites._computeOutputPortDepth(CausalityInterfaceForComposites.java:765)
	at ptolemy.actor.util.CausalityInterfaceForComposites._computeInputDepth(CausalityInterfaceForComposites.java:696)
	at ptolemy.actor.util.CausalityInterfaceForComposites._computeOutputPortDepth(CausalityInterfaceForComposites.java:765)
	at ptolemy.actor.util.CausalityInterfaceForComposites._computeInputDepth(CausalityInterfaceForComposites.java:696)
	at ptolemy.actor.util.CausalityInterfaceForComposites._computeActorDepth(CausalityInterfaceForComposites.java:532)
	at ptolemy.actor.util.CausalityInterfaceForComposites.checkForCycles(CausalityInterfaceForComposites.java:96)
	at ptolemy.domains.de.kernel.DEDirector.preinitialize(DEDirector.java:1337)
	at ptolemy.actor.CompositeActor.preinitialize(CompositeActor.java:1828)
	at ptolemy.actor.Manager.preinitializeAndResolveTypes(Manager.java:1040)
	at ptolemy.actor.Manager.initialize(Manager.java:710)
	at ptolemy.actor.Manager.execute(Manager.java:356)
	at ptolemy.actor.Manager.run(Manager.java:1263)
	at ptolemy.actor.Manager$PtolemyRunThread.run(Manager.java:1915)
java.lang.RuntimeException: Execution failed
	at ptolemy.moml.MoMLSimpleApplication$UnloadThread.run(MoMLSimpleApplication.java:402)
Caused by: ptolemy.kernel.util.IllegalActionException: Found a zero delay loop containing .dependencyLoop.original
  in .dependencyLoop and .dependencyLoop.original
	at ptolemy.actor.util.CausalityInterfaceForComposites._computeOutputPortDepth(CausalityInterfaceForComposites.java:759)
	at ptolemy.actor.util.CausalityInterfaceForComposites._computeInputDepth(CausalityInterfaceForComposites.java:696)
	at ptolemy.actor.util.CausalityInterfaceForComposites._computeOutputPortDepth(CausalityInterfaceForComposites.java:765)
	at ptolemy.actor.util.CausalityInterfaceForComposites._computeInputDepth(CausalityInterfaceForComposites.java:696)
	at ptolemy.actor.util.CausalityInterfaceForComposites._computeOutputPortDepth(CausalityInterfaceForComposites.java:765)
	at ptolemy.actor.util.CausalityInterfaceForComposites._computeInputDepth(CausalityInterfaceForComposites.java:696)
	at ptolemy.actor.util.CausalityInterfaceForComposites._computeActorDepth(CausalityInterfaceForComposites.java:532)
	at ptolemy.actor.util.CausalityInterfaceForComposites.checkForCycles(CausalityInterfaceForComposites.java:96)
	at ptolemy.domains.de.kernel.DEDirector.preinitialize(DEDirector.java:1337)
	at ptolemy.actor.CompositeActor.preinitialize(CompositeActor.java:1828)
	at ptolemy.actor.Manager.preinitializeAndResolveTypes(Manager.java:1040)
	at ptolemy.actor.Manager.initialize(Manager.java:710)
	at ptolemy.actor.Manager.execute(Manager.java:356)
	at ptolemy.actor.Manager.run(Manager.java:1263)
	at ptolemy.actor.Manager$PtolemyRunThread.run(Manager.java:1915)
java.lang.reflect.InvocationTargetException
	at sun.reflect.NativeConstructorAccessorImpl.newInstance0(Native Method)
	at sun.reflect.NativeConstructorAccessorImpl.newInstance(NativeConstructorAccessorImpl.java:62)
	at sun.reflect.DelegatingConstructorAccessorImpl.newInstance(DelegatingConstructorAccessorImpl.java:45)
	at java.lang.reflect.Constructor.newInstance(Constructor.java:423)
	at ptolemy.util.test.junit.AutoKnownFailedTests.RunModel(AutoKnownFailedTests.java:107)
	at sun.reflect.NativeMethodAccessorImpl.invoke0(Native Method)
	at sun.reflect.NativeMethodAccessorImpl.invoke(NativeMethodAccessorImpl.java:62)
	at sun.reflect.DelegatingMethodAccessorImpl.invoke(DelegatingMethodAccessorImpl.java:43)
	at java.lang.reflect.Method.invoke(Method.java:498)
	at org.junit.runners.model.FrameworkMethod$1.runReflectiveCall(FrameworkMethod.java:44)
	at org.junit.internal.runners.model.ReflectiveCallable.run(ReflectiveCallable.java:15)
	at org.junit.runners.model.FrameworkMethod.invokeExplosively(FrameworkMethod.java:41)
	at junitparams.internal.InvokeParameterisedMethod.evaluate(InvokeParameterisedMethod.java:102)
	at org.junit.internal.runners.statements.FailOnTimeout$1.run(FailOnTimeout.java:28)
Caused by: ptolemy.kernel.util.IllegalActionException: Found a zero delay loop containing .dependencyLoop.original
  in .dependencyLoop and .dependencyLoop.original
	at ptolemy.actor.util.CausalityInterfaceForComposites._computeOutputPortDepth(CausalityInterfaceForComposites.java:759)
	at ptolemy.actor.util.CausalityInterfaceForComposites._computeInputDepth(CausalityInterfaceForComposites.java:696)
	at ptolemy.actor.util.CausalityInterfaceForComposites._computeOutputPortDepth(CausalityInterfaceForComposites.java:765)
	at ptolemy.actor.util.CausalityInterfaceForComposites._computeInputDepth(CausalityInterfaceForComposites.java:696)
	at ptolemy.actor.util.CausalityInterfaceForComposites._computeOutputPortDepth(CausalityInterfaceForComposites.java:765)
	at ptolemy.actor.util.CausalityInterfaceForComposites._computeInputDepth(CausalityInterfaceForComposites.java:696)
	at ptolemy.actor.util.CausalityInterfaceForComposites._computeActorDepth(CausalityInterfaceForComposites.java:532)
	at ptolemy.actor.util.CausalityInterfaceForComposites.checkForCycles(CausalityInterfaceForComposites.java:96)
	at ptolemy.domains.de.kernel.DEDirector.preinitialize(DEDirector.java:1337)
	at ptolemy.actor.CompositeActor.preinitialize(CompositeActor.java:1828)
	at ptolemy.actor.Manager.preinitializeAndResolveTypes(Manager.java:1040)
	at ptolemy.actor.Manager.initialize(Manager.java:710)
	at ptolemy.actor.Manager.execute(Manager.java:356)
	at ptolemy.actor.Manager.run(Manager.java:1263)
	at ptolemy.actor.Manager$PtolemyRunThread.run(Manager.java:1915)
java.lang.RuntimeException: Execution failed
	at ptolemy.moml.MoMLSimpleApplication$UnloadThread.run(MoMLSimpleApplication.java:402)
Caused by: ptolemy.kernel.util.IllegalActionException: Found a zero delay loop containing .dependencyLoop2.original
  in .dependencyLoop2 and .dependencyLoop2.original
	at ptolemy.actor.util.CausalityInterfaceForComposites._computeOutputPortDepth(CausalityInterfaceForComposites.java:759)
	at ptolemy.actor.util.CausalityInterfaceForComposites._computeInputDepth(CausalityInterfaceForComposites.java:696)
	at ptolemy.actor.util.CausalityInterfaceForComposites._computeOutputPortDepth(CausalityInterfaceForComposites.java:765)
	at ptolemy.actor.util.CausalityInterfaceForComposites._computeInputDepth(CausalityInterfaceForComposites.java:696)
	at ptolemy.actor.util.CausalityInterfaceForComposites._computeOutputPortDepth(CausalityInterfaceForComposites.java:765)
	at ptolemy.actor.util.CausalityInterfaceForComposites._computeInputDepth(CausalityInterfaceForComposites.java:696)
	at ptolemy.actor.util.CausalityInterfaceForComposites._computeActorDepth(CausalityInterfaceForComposites.java:532)
	at ptolemy.actor.util.CausalityInterfaceForComposites.checkForCycles(CausalityInterfaceForComposites.java:96)
	at ptolemy.domains.de.kernel.DEDirector.preinitialize(DEDirector.java:1337)
	at ptolemy.actor.CompositeActor.preinitialize(CompositeActor.java:1828)
	at ptolemy.actor.Manager.preinitializeAndResolveTypes(Manager.java:1040)
	at ptolemy.actor.Manager.initialize(Manager.java:710)
	at ptolemy.actor.Manager.execute(Manager.java:356)
	at ptolemy.actor.Manager.run(Manager.java:1263)
	at ptolemy.actor.Manager$PtolemyRunThread.run(Manager.java:1915)
java.lang.reflect.InvocationTargetException
	at sun.reflect.NativeConstructorAccessorImpl.newInstance0(Native Method)
	at sun.reflect.NativeConstructorAccessorImpl.newInstance(NativeConstructorAccessorImpl.java:62)
	at sun.reflect.DelegatingConstructorAccessorImpl.newInstance(DelegatingConstructorAccessorImpl.java:45)
	at java.lang.reflect.Constructor.newInstance(Constructor.java:423)
	at ptolemy.util.test.junit.AutoKnownFailedTests.RunModel(AutoKnownFailedTests.java:107)
	at sun.reflect.NativeMethodAccessorImpl.invoke0(Native Method)
	at sun.reflect.NativeMethodAccessorImpl.invoke(NativeMethodAccessorImpl.java:62)
	at sun.reflect.DelegatingMethodAccessorImpl.invoke(DelegatingMethodAccessorImpl.java:43)
	at java.lang.reflect.Method.invoke(Method.java:498)
	at org.junit.runners.model.FrameworkMethod$1.runReflectiveCall(FrameworkMethod.java:44)
	at org.junit.internal.runners.model.ReflectiveCallable.run(ReflectiveCallable.java:15)
	at org.junit.runners.model.FrameworkMethod.invokeExplosively(FrameworkMethod.java:41)
	at junitparams.internal.InvokeParameterisedMethod.evaluate(InvokeParameterisedMethod.java:102)
	at org.junit.internal.runners.statements.FailOnTimeout$1.run(FailOnTimeout.java:28)
Caused by: ptolemy.kernel.util.IllegalActionException: Found a zero delay loop containing .dependencyLoop2.original
  in .dependencyLoop2 and .dependencyLoop2.original
	at ptolemy.actor.util.CausalityInterfaceForComposites._computeOutputPortDepth(CausalityInterfaceForComposites.java:759)
	at ptolemy.actor.util.CausalityInterfaceForComposites._computeInputDepth(CausalityInterfaceForComposites.java:696)
	at ptolemy.actor.util.CausalityInterfaceForComposites._computeOutputPortDepth(CausalityInterfaceForComposites.java:765)
	at ptolemy.actor.util.CausalityInterfaceForComposites._computeInputDepth(CausalityInterfaceForComposites.java:696)
	at ptolemy.actor.util.CausalityInterfaceForComposites._computeOutputPortDepth(CausalityInterfaceForComposites.java:765)
	at ptolemy.actor.util.CausalityInterfaceForComposites._computeInputDepth(CausalityInterfaceForComposites.java:696)
	at ptolemy.actor.util.CausalityInterfaceForComposites._computeActorDepth(CausalityInterfaceForComposites.java:532)
	at ptolemy.actor.util.CausalityInterfaceForComposites.checkForCycles(CausalityInterfaceForComposites.java:96)
	at ptolemy.domains.de.kernel.DEDirector.preinitialize(DEDirector.java:1337)
	at ptolemy.actor.CompositeActor.preinitialize(CompositeActor.java:1828)
	at ptolemy.actor.Manager.preinitializeAndResolveTypes(Manager.java:1040)
	at ptolemy.actor.Manager.initialize(Manager.java:710)
	at ptolemy.actor.Manager.execute(Manager.java:356)
	at ptolemy.actor.Manager.run(Manager.java:1263)
	at ptolemy.actor.Manager$PtolemyRunThread.run(Manager.java:1915)
]]></system-err>
</testsuite>
