<?xml version="1.0" encoding="UTF-8" ?>
<testsuite errors="0" failures="0" hostname="travis-job-03227d97-bca8-4817-8c52-c61085b56e6e" name="ptolemy.domains.de.test.junit.JUnitTclTest" skipped="0" tests="101" time="152.557" timestamp="2018-04-28T07:13:29">
  <properties>
[...]
</properties>
  <testcase classname="ptolemy.util.test.junit.TclTests" name="[0] /home/travis/build/icyphy/ptII/ptolemy/domains/de/test/DependencyLoop.tcl (RunTclFile)" time="0.891" />
  <testcase classname="ptolemy.util.test.junit.TclTests" name="[1] /home/travis/build/icyphy/ptII/ptolemy/domains/de/test/RunDETestsAsQSS.tcl (RunTclFile)" time="105.183" />
  <testcase classname="ptolemy.util.test.junit.AutoKnownFailedTests" name="[0] /home/travis/build/icyphy/ptII/ptolemy/domains/de/test/auto/knownFailedTests/DESDFClockTest.xml (RunModel)" time="2.037" />
  <testcase classname="ptolemy.util.test.junit.AutoKnownFailedTests" name="[1] /home/travis/build/icyphy/ptII/ptolemy/domains/de/test/auto/knownFailedTests/DirectFeedback.xml (RunModel)" time="0.016" />
  <testcase classname="ptolemy.util.test.junit.AutoKnownFailedTests" name="[2] /home/travis/build/icyphy/ptII/ptolemy/domains/de/test/auto/knownFailedTests/FSMSource.xml (RunModel)" time="0.018" />
  <testcase classname="ptolemy.util.test.junit.AutoKnownFailedTests" name="[3] /home/travis/build/icyphy/ptII/ptolemy/domains/de/test/auto/knownFailedTests/HierarchicalModel.xml (RunModel)" time="0.04" />
  <testcase classname="ptolemy.util.test.junit.AutoKnownFailedTests" name="[4] /home/travis/build/icyphy/ptII/ptolemy/domains/de/test/auto/knownFailedTests/dependencyLoop.xml (RunModel)" time="0.035" />
  <testcase classname="ptolemy.util.test.junit.AutoKnownFailedTests" name="[5] /home/travis/build/icyphy/ptII/ptolemy/domains/de/test/auto/knownFailedTests/dependencyLoop2.xml (RunModel)" time="0.044" />
  <testcase classname="ptolemy.util.test.junit.AutoNameArchTests" name="[0] ThereAreNoAutoTests (RunModel)" time="0.001" />
  <testcase classname="ptolemy.util.test.junit.AutoTests" name="[0] /home/travis/build/icyphy/ptII/ptolemy/domains/de/test/auto/ActorDepthCalculation_actorWithoutPorts.xml (RunModel)" time="0.015" />
  <testcase classname="ptolemy.util.test.junit.AutoTests" name="[1] /home/travis/build/icyphy/ptII/ptolemy/domains/de/test/auto/AssemblyLine.xml (RunModel)" time="0.018" />
  <testcase classname="ptolemy.util.test.junit.AutoTests" name="[2] /home/travis/build/icyphy/ptII/ptolemy/domains/de/test/auto/CQBug1.xml (RunModel)" time="0.01" />
  <testcase classname="ptolemy.util.test.junit.AutoTests" name="[3] /home/travis/build/icyphy/ptII/ptolemy/domains/de/test/auto/CancelFireAt.xml (RunModel)" time="0.008" />
  <testcase classname="ptolemy.util.test.junit.AutoTests" name="[4] /home/travis/build/icyphy/ptII/ptolemy/domains/de/test/auto/CausalityAndComposabilityAnalysis.xml (RunModel)" time="0.016" />
  <testcase classname="ptolemy.util.test.junit.AutoTests" name="[5] /home/travis/build/icyphy/ptII/ptolemy/domains/de/test/auto/CausalityInterface1.xml (RunModel)" time="0.017" />
  <testcase classname="ptolemy.util.test.junit.AutoTests" name="[6] /home/travis/build/icyphy/ptII/ptolemy/domains/de/test/auto/CausalityInterface15.xml (RunModel)" time="0.018" />
  <testcase classname="ptolemy.util.test.junit.AutoTests" name="[7] /home/travis/build/icyphy/ptII/ptolemy/domains/de/test/auto/CausalityInterface2.xml (RunModel)" time="0.019" />
  <testcase classname="ptolemy.util.test.junit.AutoTests" name="[8] /home/travis/build/icyphy/ptII/ptolemy/domains/de/test/auto/CausalityInterface3.xml (RunModel)" time="0.025" />
  <testcase classname="ptolemy.util.test.junit.AutoTests" name="[9] /home/travis/build/icyphy/ptII/ptolemy/domains/de/test/auto/ClockDrift.xml (RunModel)" time="0.042" />
  <testcase classname="ptolemy.util.test.junit.AutoTests" name="[10] /home/travis/build/icyphy/ptII/ptolemy/domains/de/test/auto/ClockDriftAndValueChange.xml (RunModel)" time="0.037" />
  <testcase classname="ptolemy.util.test.junit.AutoTests" name="[11] /home/travis/build/icyphy/ptII/ptolemy/domains/de/test/auto/ClockDriftChange.xml (RunModel)" time="0.032" />
  <testcase classname="ptolemy.util.test.junit.AutoTests" name="[12] /home/travis/build/icyphy/ptII/ptolemy/domains/de/test/auto/ComposableCausalityAnalysis.xml (RunModel)" time="0.016" />
  <testcase classname="ptolemy.util.test.junit.AutoTests" name="[13] /home/travis/build/icyphy/ptII/ptolemy/domains/de/test/auto/DEFixedPointLimitation.xml (RunModel)" time="0.01" />
  <testcase classname="ptolemy.util.test.junit.AutoTests" name="[14] /home/travis/build/icyphy/ptII/ptolemy/domains/de/test/auto/DEScheduleTest.xml (RunModel)" time="0.029" />
  <testcase classname="ptolemy.util.test.junit.AutoTests" name="[15] /home/travis/build/icyphy/ptII/ptolemy/domains/de/test/auto/DEinDEwithStartTimes.xml (RunModel)" time="0.016" />
  <testcase classname="ptolemy.util.test.junit.AutoTests" name="[16] /home/travis/build/icyphy/ptII/ptolemy/domains/de/test/auto/DEinDEwithStartTimes2.xml (RunModel)" time="0.014" />
  <testcase classname="ptolemy.util.test.junit.AutoTests" name="[17] /home/travis/build/icyphy/ptII/ptolemy/domains/de/test/auto/DateDemo.xml (RunModel)" time="0.031" />
  <testcase classname="ptolemy.util.test.junit.AutoTests" name="[18] /home/travis/build/icyphy/ptII/ptolemy/domains/de/test/auto/DateToEvent.xml (RunModel)" time="2.044" />
  <testcase classname="ptolemy.util.test.junit.AutoTests" name="[19] /home/travis/build/icyphy/ptII/ptolemy/domains/de/test/auto/DepthTest1.xml (RunModel)" time="0.013" />
  <testcase classname="ptolemy.util.test.junit.AutoTests" name="[20] /home/travis/build/icyphy/ptII/ptolemy/domains/de/test/auto/DepthTest2.xml (RunModel)" time="0.043" />
  <testcase classname="ptolemy.util.test.junit.AutoTests" name="[21] /home/travis/build/icyphy/ptII/ptolemy/domains/de/test/auto/DepthTest3.xml (RunModel)" time="0.014" />
  <testcase classname="ptolemy.util.test.junit.AutoTests" name="[22] /home/travis/build/icyphy/ptII/ptolemy/domains/de/test/auto/DepthTest4.xml (RunModel)" time="0.026" />
  <testcase classname="ptolemy.util.test.junit.AutoTests" name="[23] /home/travis/build/icyphy/ptII/ptolemy/domains/de/test/auto/DepthTest5.xml (RunModel)" time="0.019" />
  <testcase classname="ptolemy.util.test.junit.AutoTests" name="[24] /home/travis/build/icyphy/ptII/ptolemy/domains/de/test/auto/DepthTest6.xml (RunModel)" time="0.018" />
  <testcase classname="ptolemy.util.test.junit.AutoTests" name="[25] /home/travis/build/icyphy/ptII/ptolemy/domains/de/test/auto/DepthTest7.xml (RunModel)" time="0.015" />
  <testcase classname="ptolemy.util.test.junit.AutoTests" name="[26] /home/travis/build/icyphy/ptII/ptolemy/domains/de/test/auto/EventToDate.xml (RunModel)" time="3.048" />
  <testcase classname="ptolemy.util.test.junit.AutoTests" name="[27] /home/travis/build/icyphy/ptII/ptolemy/domains/de/test/auto/FSM1.xml (RunModel)" time="0.039" />
  <testcase classname="ptolemy.util.test.junit.AutoTests" name="[28] /home/travis/build/icyphy/ptII/ptolemy/domains/de/test/auto/FSM7.xml (RunModel)" time="0.039" />
  <testcase classname="ptolemy.util.test.junit.AutoTests" name="[29] /home/travis/build/icyphy/ptII/ptolemy/domains/de/test/auto/Inspection.xml (RunModel)" time="0.05" />
  <testcase classname="ptolemy.util.test.junit.AutoTests" name="[30] /home/travis/build/icyphy/ptII/ptolemy/domains/de/test/auto/Iteration.xml (RunModel)" time="0.024" />
  <testcase classname="ptolemy.util.test.junit.AutoTests" name="[31] /home/travis/build/icyphy/ptII/ptolemy/domains/de/test/auto/LineFault.xml (RunModel)" time="0.818" />
  <testcase classname="ptolemy.util.test.junit.AutoTests" name="[32] /home/travis/build/icyphy/ptII/ptolemy/domains/de/test/auto/MergeModel1Add.xml (RunModel)" time="0.055" />
  <testcase classname="ptolemy.util.test.junit.AutoTests" name="[33] /home/travis/build/icyphy/ptII/ptolemy/domains/de/test/auto/MergeModel2Add.xml (RunModel)" time="0.048" />
  <testcase classname="ptolemy.util.test.junit.AutoTests" name="[34] /home/travis/build/icyphy/ptII/ptolemy/domains/de/test/auto/MergeModel3Add.xml (RunModel)" time="0.049" />
  <testcase classname="ptolemy.util.test.junit.AutoTests" name="[35] /home/travis/build/icyphy/ptII/ptolemy/domains/de/test/auto/MergeWithoutDiscard.xml (RunModel)" time="0.012" />
  <testcase classname="ptolemy.util.test.junit.AutoTests" name="[36] /home/travis/build/icyphy/ptII/ptolemy/domains/de/test/auto/Modal1.xml (RunModel)" time="0.051" />
  <testcase classname="ptolemy.util.test.junit.AutoTests" name="[37] /home/travis/build/icyphy/ptII/ptolemy/domains/de/test/auto/Modal2.xml (RunModel)" time="0.046" />
  <testcase classname="ptolemy.util.test.junit.AutoTests" name="[38] /home/travis/build/icyphy/ptII/ptolemy/domains/de/test/auto/Modal3.xml (RunModel)" time="0.04" />
  <testcase classname="ptolemy.util.test.junit.AutoTests" name="[39] /home/travis/build/icyphy/ptII/ptolemy/domains/de/test/auto/Modal4.xml (RunModel)" time="0.041" />
  <testcase classname="ptolemy.util.test.junit.AutoTests" name="[40] /home/travis/build/icyphy/ptII/ptolemy/domains/de/test/auto/Modal5.xml (RunModel)" time="0.034" />
  <testcase classname="ptolemy.util.test.junit.AutoTests" name="[41] /home/travis/build/icyphy/ptII/ptolemy/domains/de/test/auto/Modal6.xml (RunModel)" time="0.036" />
  <testcase classname="ptolemy.util.test.junit.AutoTests" name="[42] /home/travis/build/icyphy/ptII/ptolemy/domains/de/test/auto/Modal7.xml (RunModel)" time="0.047" />
  <testcase classname="ptolemy.util.test.junit.AutoTests" name="[43] /home/travis/build/icyphy/ptII/ptolemy/domains/de/test/auto/ModalModel.xml (RunModel)" time="0.28" />
  <testcase classname="ptolemy.util.test.junit.AutoTests" name="[44] /home/travis/build/icyphy/ptII/ptolemy/domains/de/test/auto/ModalSource.xml (RunModel)" time="0.023" />
  <testcase classname="ptolemy.util.test.junit.AutoTests" name="[45] /home/travis/build/icyphy/ptII/ptolemy/domains/de/test/auto/NonInterruptibleTimerZeroDelay.xml (RunModel)" time="0.012" />
  <testcase classname="ptolemy.util.test.junit.AutoTests" name="[46] /home/travis/build/icyphy/ptII/ptolemy/domains/de/test/auto/OpenQueueingNetwork.xml (RunModel)" time="3.347" />
  <testcase classname="ptolemy.util.test.junit.AutoTests" name="[47] /home/travis/build/icyphy/ptII/ptolemy/domains/de/test/auto/OpenQueuingNetwork.xml (RunModel)" time="0.295" />
  <testcase classname="ptolemy.util.test.junit.AutoTests" name="[48] /home/travis/build/icyphy/ptII/ptolemy/domains/de/test/auto/PeriodicSampler.xml (RunModel)" time="0.008" />
  <testcase classname="ptolemy.util.test.junit.AutoTests" name="[49] /home/travis/build/icyphy/ptII/ptolemy/domains/de/test/auto/PersistentIO.xml (RunModel)" time="0.042" />
  <testcase classname="ptolemy.util.test.junit.AutoTests" name="[50] /home/travis/build/icyphy/ptII/ptolemy/domains/de/test/auto/PortParameterResetOnInitialize.xml (RunModel)" time="0.013" />
  <testcase classname="ptolemy.util.test.junit.AutoTests" name="[51] /home/travis/build/icyphy/ptII/ptolemy/domains/de/test/auto/PortParameterUpdates.xml (RunModel)" time="0.019" />
  <testcase classname="ptolemy.util.test.junit.AutoTests" name="[52] /home/travis/build/icyphy/ptII/ptolemy/domains/de/test/auto/QueueAndServer.xml (RunModel)" time="0.023" />
  <testcase classname="ptolemy.util.test.junit.AutoTests" name="[53] /home/travis/build/icyphy/ptII/ptolemy/domains/de/test/auto/Records.xml (RunModel)" time="0.024" />
  <testcase classname="ptolemy.util.test.junit.AutoTests" name="[54] /home/travis/build/icyphy/ptII/ptolemy/domains/de/test/auto/ResetTransitionWithStartTime1.xml (RunModel)" time="0.042" />
  <testcase classname="ptolemy.util.test.junit.AutoTests" name="[55] /home/travis/build/icyphy/ptII/ptolemy/domains/de/test/auto/ResetTransitionWithStartTime2.xml (RunModel)" time="0.029" />
  <testcase classname="ptolemy.util.test.junit.AutoTests" name="[56] /home/travis/build/icyphy/ptII/ptolemy/domains/de/test/auto/ResetTransitionWithStartTime3.xml (RunModel)" time="0.029" />
  <testcase classname="ptolemy.util.test.junit.AutoTests" name="[57] /home/travis/build/icyphy/ptII/ptolemy/domains/de/test/auto/ResetTransitionWithStartTime4.xml (RunModel)" time="0.026" />
  <testcase classname="ptolemy.util.test.junit.AutoTests" name="[58] /home/travis/build/icyphy/ptII/ptolemy/domains/de/test/auto/ResettableTimer1.xml (RunModel)" time="0.012" />
  <testcase classname="ptolemy.util.test.junit.AutoTests" name="[59] /home/travis/build/icyphy/ptII/ptolemy/domains/de/test/auto/ResettableTimer2.xml (RunModel)" time="0.01" />
  <testcase classname="ptolemy.util.test.junit.AutoTests" name="[60] /home/travis/build/icyphy/ptII/ptolemy/domains/de/test/auto/ResettableTimer3.xml (RunModel)" time="0.01" />
  <testcase classname="ptolemy.util.test.junit.AutoTests" name="[61] /home/travis/build/icyphy/ptII/ptolemy/domains/de/test/auto/ResettableTimer4.xml (RunModel)" time="0.011" />
  <testcase classname="ptolemy.util.test.junit.AutoTests" name="[62] /home/travis/build/icyphy/ptII/ptolemy/domains/de/test/auto/ResettableTimer5.xml (RunModel)" time="0.014" />
  <testcase classname="ptolemy.util.test.junit.AutoTests" name="[63] /home/travis/build/icyphy/ptII/ptolemy/domains/de/test/auto/ResettableTimer6.xml (RunModel)" time="0.014" />
  <testcase classname="ptolemy.util.test.junit.AutoTests" name="[64] /home/travis/build/icyphy/ptII/ptolemy/domains/de/test/auto/ServerZeroDelay.xml (RunModel)" time="0.018" />
  <testcase classname="ptolemy.util.test.junit.AutoTests" name="[65] /home/travis/build/icyphy/ptII/ptolemy/domains/de/test/auto/SmartSender.xml (RunModel)" time="3.012" />
  <testcase classname="ptolemy.util.test.junit.AutoTests" name="[66] /home/travis/build/icyphy/ptII/ptolemy/domains/de/test/auto/ThreadedComposite.xml (RunModel)" time="0.296" />
  <testcase classname="ptolemy.util.test.junit.AutoTests" name="[67] /home/travis/build/icyphy/ptII/ptolemy/domains/de/test/auto/Time.xml (RunModel)" time="0.734" />
  <testcase classname="ptolemy.util.test.junit.AutoTests" name="[68] /home/travis/build/icyphy/ptII/ptolemy/domains/de/test/auto/TimeDelayZeroDelay.xml (RunModel)" time="0.015" />
  <testcase classname="ptolemy.util.test.junit.AutoTests" name="[69] /home/travis/build/icyphy/ptII/ptolemy/domains/de/test/auto/TimerZeroDelay.xml (RunModel)" time="0.009" />
  <testcase classname="ptolemy.util.test.junit.AutoTests" name="[70] /home/travis/build/icyphy/ptII/ptolemy/domains/de/test/auto/TimingParadox.xml (RunModel)" time="0.476" />
  <testcase classname="ptolemy.util.test.junit.AutoTests" name="[71] /home/travis/build/icyphy/ptII/ptolemy/domains/de/test/auto/TransferInputs.xml (RunModel)" time="0.016" />
  <testcase classname="ptolemy.util.test.junit.AutoTests" name="[72] /home/travis/build/icyphy/ptII/ptolemy/domains/de/test/auto/TransferOutputs2.xml (RunModel)" time="0.02" />
  <testcase classname="ptolemy.util.test.junit.AutoTests" name="[73] /home/travis/build/icyphy/ptII/ptolemy/domains/de/test/auto/Trilateration.xml (RunModel)" time="14.48" />
  <testcase classname="ptolemy.util.test.junit.AutoTests" name="[74] /home/travis/build/icyphy/ptII/ptolemy/domains/de/test/auto/TwoSigmaDelta.xml (RunModel)" time="3.166" />
  <testcase classname="ptolemy.util.test.junit.AutoTests" name="[75] /home/travis/build/icyphy/ptII/ptolemy/domains/de/test/auto/VariableDelay.xml (RunModel)" time="0.02" />
  <testcase classname="ptolemy.util.test.junit.AutoTests" name="[76] /home/travis/build/icyphy/ptII/ptolemy/domains/de/test/auto/VariableDelay2.xml (RunModel)" time="0.01" />
  <testcase classname="ptolemy.util.test.junit.AutoTests" name="[77] /home/travis/build/icyphy/ptII/ptolemy/domains/de/test/auto/VariableDelayZeroDelay.xml (RunModel)" time="0.011" />
  <testcase classname="ptolemy.util.test.junit.AutoTests" name="[78] /home/travis/build/icyphy/ptII/ptolemy/domains/de/test/auto/VariableDelayZeroDelay2.xml (RunModel)" time="0.013" />
  <testcase classname="ptolemy.util.test.junit.AutoTests" name="[79] /home/travis/build/icyphy/ptII/ptolemy/domains/de/test/auto/deInCt.xml (RunModel)" time="0.02" />
  <testcase classname="ptolemy.util.test.junit.AutoTests" name="[80] /home/travis/build/icyphy/ptII/ptolemy/domains/de/test/auto/deInCt2.xml (RunModel)" time="0.022" />
  <testcase classname="ptolemy.util.test.junit.AutoTests" name="[81] /home/travis/build/icyphy/ptII/ptolemy/domains/de/test/auto/dynamicCausalityInterface1.xml (RunModel)" time="0.041" />
  <testcase classname="ptolemy.util.test.junit.AutoTests" name="[82] /home/travis/build/icyphy/ptII/ptolemy/domains/de/test/auto/fsm_de_test.xml (RunModel)" time="0.029" />
  <testcase classname="ptolemy.util.test.junit.AutoTests" name="[83] /home/travis/build/icyphy/ptII/ptolemy/domains/de/test/auto/functionDependencyReconstruction.xml (RunModel)" time="0.04" />
  <testcase classname="ptolemy.util.test.junit.AutoTests" name="[84] /home/travis/build/icyphy/ptII/ptolemy/domains/de/test/auto/multirate.xml (RunModel)" time="0.022" />
  <testcase classname="ptolemy.util.test.junit.AutoTests" name="[85] /home/travis/build/icyphy/ptII/ptolemy/domains/de/test/auto/multirate2.xml (RunModel)" time="0.02" />
  <testcase classname="ptolemy.util.test.junit.AutoTests" name="[86] /home/travis/build/icyphy/ptII/ptolemy/domains/de/test/auto/realtime.xml (RunModel)" time="10.013" />
  <testcase classname="ptolemy.util.test.junit.AutoTests" name="[87] /home/travis/build/icyphy/ptII/ptolemy/domains/de/test/auto/relationGroup.xml (RunModel)" time="0.015" />
  <testcase classname="ptolemy.util.test.junit.AutoTests" name="[88] /home/travis/build/icyphy/ptII/ptolemy/domains/de/test/auto/relationGroup2.xml (RunModel)" time="0.012" />
  <testcase classname="ptolemy.util.test.junit.AutoTests" name="[89] /home/travis/build/icyphy/ptII/ptolemy/domains/de/test/auto/sortWithOpaquePorts.xml (RunModel)" time="0.021" />
  <testcase classname="ptolemy.util.test.junit.AutoTests" name="[90] /home/travis/build/icyphy/ptII/ptolemy/domains/de/test/auto/transferInputsandOutputs.xml (RunModel)" time="0.025" />
  <testcase classname="ptolemy.util.test.junit.AutoTests" name="[91] /home/travis/build/icyphy/ptII/ptolemy/domains/de/test/auto/triggerType.xml (RunModel)" time="0.011" />
  <system-out><![CDATA[/home/travis/build/icyphy/ptII/ptolemy/domains/de/test/DependencyLoop.tcl
testDefs.tcl: setting time out to 9000 seconds at Sat Apr 28 07:13:29 UTC 2018
18 ms. Memory: 116224K Free: 95081K (82%)
19 ms. Memory: 116224K Free: 107608K (93%)
/home/travis/build/icyphy/ptII/ptolemy/domains/de/test/RunDETestsAsQSS.tcl
Run the DE tests using ptolemy.domains.qss.test.QSSDirectorTest, which extends QSSDirector and prints a message in the constructors.
------------------ testing $PTII/ptolemy/domains/de/test/auto/knownFailedTests/dependencyLoop.xml (Known Failure) 
17 ms. Memory: 116224K Free: 104440K (90%)


==== $PTIIhome/travis/build/icyphy/ptII/ptolemy/domains/de/test/../../../../: Auto Automatic test in file $PTII/ptolemy/domains/de/test/auto/knownFailedTests/dependencyLoop.xml
==== Contents of test case:

	    # FIXME: we should use $relativeFilename here, but it
	    # might have backslashes under Windows, which causes no end
	    # of trouble.
	    createAndExecute $file
	    list {}
	
.... Test generated KNOWN error:
    while executing
ptolemy.kernel.util.IllegalActionException: Found a zero delay loop containing .dependencyLoop.original
  in .dependencyLoop and .dependencyLoop.original
	at ptolemy.actor.util.CausalityInterfaceForComposites._computeOutputPortDepth(CausalityInterfaceForComposites.java:759)
	at ptolemy.actor.util.CausalityInterfaceForComposites._computeInputDepth(CausalityInterfaceForComposites.java:696)
	at ptolemy.actor.util.CausalityInterfaceForComposites._computeOutputPortDepth(CausalityInterfaceForComposites.java:765)
	at ptolemy.actor.util.CausalityInterfaceForComposites._computeInputDepth(CausalityInterfaceForComposites.java:696)
	at ptolemy.actor.util.CausalityInterfaceForComposites._computeOutputPortDepth(CausalityInterfaceForComposites.java:765)
	at ptolemy.actor.util.CausalityInterfaceForComposites._computeInputDepth(CausalityInterfaceForComposites.java:696)
	at ptolemy.actor.util.CausalityInterfaceForComposites._computeActorDepth(CausalityInterfaceForComposites.java:532)
	at ptolemy.actor.util.CausalityInterfaceForComposites.checkForCycles(CausalityInterfaceForComposites.java:96)
	at ptolemy.domains.de.kernel.DEDirector.preinitialize(DEDirector.java:1337)
	at ptolemy.actor.CompositeActor.preinitialize(CompositeActor.java:1828)
	at ptolemy.actor.Manager.preinitializeAndResolveTypes(Manager.java:1040)
	at ptolemy.actor.Manager.initialize(Manager.java:710)
	at ptolemy.actor.Manager.execute(Manager.java:356)
	at ptolemy.actor.Manager.run(Manager.java:1263)
	at ptolemy.actor.Manager$PtolemyRunThread.run(Manager.java:1915)

    while executing
ptolemy.kernel.util.IllegalActionException: Found a zero delay loop containing .dependencyLoop.original
  in .dependencyLoop and .dependencyLoop.original
    while executing
"java::new ptolemy.moml.MoMLSimpleApplication $file
"
    (procedure "createAndExecute" line 2)
    invoked from within
"createAndExecute $file"
    ("uplevel" body line 5)
    invoked from within
"uplevel $contents_of_test"
------------------ testing $PTII/ptolemy/domains/de/test/auto/knownFailedTests/DESDFClockTest.xml (Known Failure) 
2074 ms. Memory: 116224K Free: 89557K (77%)


==== $PTIIhome/travis/build/icyphy/ptII/ptolemy/domains/de/test/../../../../: Auto Automatic test in file $PTII/ptolemy/domains/de/test/auto/knownFailedTests/DESDFClockTest.xml
==== Contents of test case:

	    # FIXME: we should use $relativeFilename here, but it
	    # might have backslashes under Windows, which causes no end
	    # of trouble.
	    createAndExecute $file
	    list {}
	
.... Test generated KNOWN error:
    while executing
ptolemy.kernel.util.IllegalActionException: Actor is not ready to fire.  Perhaps UpSample.prefire() returned false? Try debugging the actor by selecting "Listen to Actor".  Also, for SDF check moml for tokenConsumptionRate on input.
  in .DESDFClockTest.Play Bell.Copy1:SDF Director and .DESDFClockTest.Play Bell.UpSample
	at ptolemy.actor.sched.StaticSchedulingDirector.fire(StaticSchedulingDirector.java:227)
	at ptolemy.domains.sdf.kernel.SDFDirector.fire(SDFDirector.java:500)
	at ptolemy.actor.CompositeActor.fire(CompositeActor.java:455)
	at ptolemy.domains.de.kernel.DEDirector._fire(DEDirector.java:1948)
	at ptolemy.domains.de.kernel.DEDirector.fire(DEDirector.java:502)
	at ptolemy.actor.CompositeActor.fire(CompositeActor.java:455)
	at ptolemy.actor.Manager.iterate(Manager.java:851)
	at ptolemy.actor.Manager.execute(Manager.java:369)
	at ptolemy.actor.Manager.run(Manager.java:1263)
	at ptolemy.actor.Manager$PtolemyRunThread.run(Manager.java:1915)

    while executing
ptolemy.kernel.util.IllegalActionException: Actor is not ready to fire.  Perhaps UpSample.prefire() returned false? Try debugging the actor by selecting "Listen to Actor".  Also, for SDF check moml for tokenConsumptionRate on input.
  in .DESDFClockTest.Play Bell.Copy1:SDF Director and .DESDFClockTest.Play Bell.UpSample
    while executing
"java::new ptolemy.moml.MoMLSimpleApplication $file
"
    (procedure "createAndExecute" line 2)
    invoked from within
"createAndExecute $file"
    ("uplevel" body line 5)
    invoked from within
"uplevel $contents_of_test"
------------------ testing $PTII/ptolemy/domains/de/test/auto/knownFailedTests/FSMSource.xml (Known Failure) 
33 ms. Memory: 116224K Free: 111493K (96%)
!!!! Auto was marked as failing, but now passes
------------------ testing $PTII/ptolemy/domains/de/test/auto/knownFailedTests/dependencyLoop2.xml (Known Failure) 
8 ms. Memory: 116224K Free: 93766K (81%)


==== $PTIIhome/travis/build/icyphy/ptII/ptolemy/domains/de/test/../../../../: Auto Automatic test in file $PTII/ptolemy/domains/de/test/auto/knownFailedTests/dependencyLoop2.xml
==== Contents of test case:

	    # FIXME: we should use $relativeFilename here, but it
	    # might have backslashes under Windows, which causes no end
	    # of trouble.
	    createAndExecute $file
	    list {}
	
.... Test generated KNOWN error:
    while executing
ptolemy.kernel.util.IllegalActionException: Found a zero delay loop containing .dependencyLoop2.original
  in .dependencyLoop2 and .dependencyLoop2.original
	at ptolemy.actor.util.CausalityInterfaceForComposites._computeOutputPortDepth(CausalityInterfaceForComposites.java:759)
	at ptolemy.actor.util.CausalityInterfaceForComposites._computeInputDepth(CausalityInterfaceForComposites.java:696)
	at ptolemy.actor.util.CausalityInterfaceForComposites._computeOutputPortDepth(CausalityInterfaceForComposites.java:765)
	at ptolemy.actor.util.CausalityInterfaceForComposites._computeInputDepth(CausalityInterfaceForComposites.java:696)
	at ptolemy.actor.util.CausalityInterfaceForComposites._computeOutputPortDepth(CausalityInterfaceForComposites.java:765)
	at ptolemy.actor.util.CausalityInterfaceForComposites._computeInputDepth(CausalityInterfaceForComposites.java:696)
	at ptolemy.actor.util.CausalityInterfaceForComposites._computeActorDepth(CausalityInterfaceForComposites.java:532)
	at ptolemy.actor.util.CausalityInterfaceForComposites.checkForCycles(CausalityInterfaceForComposites.java:96)
	at ptolemy.domains.de.kernel.DEDirector.preinitialize(DEDirector.java:1337)
	at ptolemy.actor.CompositeActor.preinitialize(CompositeActor.java:1828)
	at ptolemy.actor.Manager.preinitializeAndResolveTypes(Manager.java:1040)
	at ptolemy.actor.Manager.initialize(Manager.java:710)
	at ptolemy.actor.Manager.execute(Manager.java:356)
	at ptolemy.actor.Manager.run(Manager.java:1263)
	at ptolemy.actor.Manager$PtolemyRunThread.run(Manager.java:1915)

    while executing
ptolemy.kernel.util.IllegalActionException: Found a zero delay loop containing .dependencyLoop2.original
  in .dependencyLoop2 and .dependencyLoop2.original
    while executing
"java::new ptolemy.moml.MoMLSimpleApplication $file
"
    (procedure "createAndExecute" line 2)
    invoked from within
"createAndExecute $file"
    ("uplevel" body line 5)
    invoked from within
"uplevel $contents_of_test"
------------------ testing $PTII/ptolemy/domains/de/test/auto/knownFailedTests/HierarchicalModel.xml (Known Failure) 
13 ms. Memory: 146944K Free: 134564K (92%)


==== $PTIIhome/travis/build/icyphy/ptII/ptolemy/domains/de/test/../../../../: Auto Automatic test in file $PTII/ptolemy/domains/de/test/auto/knownFailedTests/HierarchicalModel.xml
==== Contents of test case:

	    # FIXME: we should use $relativeFilename here, but it
	    # might have backslashes under Windows, which causes no end
	    # of trouble.
	    createAndExecute $file
	    list {}
	
.... Test generated KNOWN error:
    while executing
ptolemy.kernel.util.IllegalActionException: Found a zero delay loop containing .HierarchicalModel.A
  in .HierarchicalModel and .HierarchicalModel.A
	at ptolemy.actor.util.CausalityInterfaceForComposites._computeOutputPortDepth(CausalityInterfaceForComposites.java:759)
	at ptolemy.actor.util.CausalityInterfaceForComposites._computeInputDepth(CausalityInterfaceForComposites.java:696)
	at ptolemy.actor.util.CausalityInterfaceForComposites._computeOutputPortDepth(CausalityInterfaceForComposites.java:765)
	at ptolemy.actor.util.CausalityInterfaceForComposites._computeInputDepth(CausalityInterfaceForComposites.java:696)
	at ptolemy.actor.util.CausalityInterfaceForComposites._computeOutputPortDepth(CausalityInterfaceForComposites.java:765)
	at ptolemy.actor.util.CausalityInterfaceForComposites._computeInputDepth(CausalityInterfaceForComposites.java:696)
	at ptolemy.actor.util.CausalityInterfaceForComposites._computeActorDepth(CausalityInterfaceForComposites.java:532)
	at ptolemy.actor.util.CausalityInterfaceForComposites.checkForCycles(CausalityInterfaceForComposites.java:96)
	at ptolemy.domains.de.kernel.DEDirector.preinitialize(DEDirector.java:1337)
	at ptolemy.actor.CompositeActor.preinitialize(CompositeActor.java:1828)
	at ptolemy.actor.Manager.preinitializeAndResolveTypes(Manager.java:1040)
	at ptolemy.actor.Manager.initialize(Manager.java:710)
	at ptolemy.actor.Manager.execute(Manager.java:356)
	at ptolemy.actor.Manager.run(Manager.java:1263)
	at ptolemy.actor.Manager$PtolemyRunThread.run(Manager.java:1915)

    while executing
ptolemy.kernel.util.IllegalActionException: Found a zero delay loop containing .HierarchicalModel.A
  in .HierarchicalModel and .HierarchicalModel.A
    while executing
"java::new ptolemy.moml.MoMLSimpleApplication $file
"
    (procedure "createAndExecute" line 2)
    invoked from within
"createAndExecute $file"
    ("uplevel" body line 5)
    invoked from within
"uplevel $contents_of_test"
------------------ testing $PTII/ptolemy/domains/de/test/auto/knownFailedTests/DirectFeedback.xml (Known Failure) 
12 ms. Memory: 146944K Free: 129581K (88%)


==== $PTIIhome/travis/build/icyphy/ptII/ptolemy/domains/de/test/../../../../: Auto Automatic test in file $PTII/ptolemy/domains/de/test/auto/knownFailedTests/DirectFeedback.xml
==== Contents of test case:

	    # FIXME: we should use $relativeFilename here, but it
	    # might have backslashes under Windows, which causes no end
	    # of trouble.
	    createAndExecute $file
	    list {}
	
.... Test generated KNOWN error:
    while executing
ptolemy.kernel.util.IllegalActionException: Test fails in iteration 1.
Value was: 1.0. Should have been: 2.0
  in .DirectFeedback.Test
	at ptolemy.actor.lib.Test.fire(Test.java:268)
	at ptolemy.domains.de.kernel.DEDirector._fire(DEDirector.java:1948)
	at ptolemy.domains.de.kernel.DEDirector.fire(DEDirector.java:502)
	at ptolemy.actor.CompositeActor.fire(CompositeActor.java:455)
	at ptolemy.actor.Manager.iterate(Manager.java:851)
	at ptolemy.actor.Manager.execute(Manager.java:369)
	at ptolemy.actor.Manager.run(Manager.java:1263)
	at ptolemy.actor.Manager$PtolemyRunThread.run(Manager.java:1915)

    while executing
ptolemy.kernel.util.IllegalActionException: Test fails in iteration 1.
Value was: 1.0. Should have been: 2.0
  in .DirectFeedback.Test
    while executing
"java::new ptolemy.moml.MoMLSimpleApplication $file
"
    (procedure "createAndExecute" line 2)
    invoked from within
"createAndExecute $file"
    ("uplevel" body line 5)
    invoked from within
"uplevel $contents_of_test"
------------------ testing $PTII/ptolemy/domains/de/test/auto/ActorDepthCalculation_actorWithoutPorts.xml
auto.tcl: Setting watchdog for 200 seconds at Sat Apr 28 07:13:32 UTC 2018
14 ms. Memory: 146944K Free: 121887K (83%)
ptolemy.util.test.WatchDog.cancel(): canceling Sat Apr 28 07:13:33 UTC 2018
auto.tcl: Setting watchdog for 200 seconds at Sat Apr 28 07:13:33 UTC 2018
6 ms. Memory: 146944K Free: 119800K (82%)
ptolemy.util.test.WatchDog.cancel(): canceling Sat Apr 28 07:13:33 UTC 2018
------------------ testing $PTII/ptolemy/domains/de/test/auto/AssemblyLine.xml
auto.tcl: Setting watchdog for 200 seconds at Sat Apr 28 07:13:33 UTC 2018
17 ms. Memory: 146944K Free: 127605K (87%)
ptolemy.util.test.WatchDog.cancel(): canceling Sat Apr 28 07:13:33 UTC 2018
auto.tcl: Setting watchdog for 200 seconds at Sat Apr 28 07:13:33 UTC 2018
12 ms. Memory: 146944K Free: 126565K (86%)
ptolemy.util.test.WatchDog.cancel(): canceling Sat Apr 28 07:13:33 UTC 2018
------------------ testing $PTII/ptolemy/domains/de/test/auto/CQBug1.xml
auto.tcl: Setting watchdog for 200 seconds at Sat Apr 28 07:13:33 UTC 2018
3 ms. Memory: 146944K Free: 138350K (94%)
ptolemy.util.test.WatchDog.cancel(): canceling Sat Apr 28 07:13:33 UTC 2018
auto.tcl: Setting watchdog for 200 seconds at Sat Apr 28 07:13:33 UTC 2018
2 ms. Memory: 146944K Free: 138350K (94%)
ptolemy.util.test.WatchDog.cancel(): canceling Sat Apr 28 07:13:33 UTC 2018
------------------ testing $PTII/ptolemy/domains/de/test/auto/CancelFireAt.xml
auto.tcl: Setting watchdog for 200 seconds at Sat Apr 28 07:13:33 UTC 2018
8 ms. Memory: 146944K Free: 140317K (95%)
ptolemy.util.test.WatchDog.cancel(): canceling Sat Apr 28 07:13:34 UTC 2018
auto.tcl: Setting watchdog for 200 seconds at Sat Apr 28 07:13:34 UTC 2018
2 ms. Memory: 146944K Free: 139275K (95%)
ptolemy.util.test.WatchDog.cancel(): canceling Sat Apr 28 07:13:34 UTC 2018
------------------ testing $PTII/ptolemy/domains/de/test/auto/CausalityAndComposabilityAnalysis.xml
auto.tcl: Setting watchdog for 200 seconds at Sat Apr 28 07:13:34 UTC 2018
9 ms. Memory: 146944K Free: 136999K (93%)
ptolemy.util.test.WatchDog.cancel(): canceling Sat Apr 28 07:13:34 UTC 2018
auto.tcl: Setting watchdog for 200 seconds at Sat Apr 28 07:13:34 UTC 2018
12 ms. Memory: 146944K Free: 136999K (93%)
ptolemy.util.test.WatchDog.cancel(): canceling Sat Apr 28 07:13:34 UTC 2018
------------------ testing $PTII/ptolemy/domains/de/test/auto/CausalityInterface1.xml
auto.tcl: Setting watchdog for 200 seconds at Sat Apr 28 07:13:34 UTC 2018
13 ms. Memory: 146944K Free: 136314K (93%)
ptolemy.util.test.WatchDog.cancel(): canceling Sat Apr 28 07:13:34 UTC 2018
auto.tcl: Setting watchdog for 200 seconds at Sat Apr 28 07:13:34 UTC 2018
6 ms. Memory: 146944K Free: 135275K (92%)
ptolemy.util.test.WatchDog.cancel(): canceling Sat Apr 28 07:13:34 UTC 2018
------------------ testing $PTII/ptolemy/domains/de/test/auto/CausalityInterface15.xml
auto.tcl: Setting watchdog for 200 seconds at Sat Apr 28 07:13:34 UTC 2018
15 ms. Memory: 146944K Free: 135267K (92%)
ptolemy.util.test.WatchDog.cancel(): canceling Sat Apr 28 07:13:34 UTC 2018
auto.tcl: Setting watchdog for 200 seconds at Sat Apr 28 07:13:34 UTC 2018
6 ms. Memory: 146944K Free: 134228K (91%)
ptolemy.util.test.WatchDog.cancel(): canceling Sat Apr 28 07:13:34 UTC 2018
------------------ testing $PTII/ptolemy/domains/de/test/auto/CausalityInterface2.xml
auto.tcl: Setting watchdog for 200 seconds at Sat Apr 28 07:13:34 UTC 2018
7 ms. Memory: 146944K Free: 136290K (93%)
ptolemy.util.test.WatchDog.cancel(): canceling Sat Apr 28 07:13:34 UTC 2018
auto.tcl: Setting watchdog for 200 seconds at Sat Apr 28 07:13:34 UTC 2018
4 ms. Memory: 146944K Free: 136290K (93%)
ptolemy.util.test.WatchDog.cancel(): canceling Sat Apr 28 07:13:34 UTC 2018
------------------ testing $PTII/ptolemy/domains/de/test/auto/CausalityInterface3.xml
auto.tcl: Setting watchdog for 200 seconds at Sat Apr 28 07:13:34 UTC 2018
4 ms. Memory: 146944K Free: 136302K (93%)
ptolemy.util.test.WatchDog.cancel(): canceling Sat Apr 28 07:13:34 UTC 2018
auto.tcl: Setting watchdog for 200 seconds at Sat Apr 28 07:13:34 UTC 2018
4 ms. Memory: 146944K Free: 135263K (92%)
ptolemy.util.test.WatchDog.cancel(): canceling Sat Apr 28 07:13:34 UTC 2018
------------------ testing $PTII/ptolemy/domains/de/test/auto/ClockDrift.xml
auto.tcl: Setting watchdog for 200 seconds at Sat Apr 28 07:13:34 UTC 2018
108 ms. Memory: 146944K Free: 128210K (87%)
ptolemy.util.test.WatchDog.cancel(): canceling Sat Apr 28 07:13:34 UTC 2018
auto.tcl: Setting watchdog for 200 seconds at Sat Apr 28 07:13:34 UTC 2018
102 ms. Memory: 146944K Free: 125092K (85%)
ptolemy.util.test.WatchDog.cancel(): canceling Sat Apr 28 07:13:34 UTC 2018
------------------ testing $PTII/ptolemy/domains/de/test/auto/ClockDriftAndValueChange.xml
auto.tcl: Setting watchdog for 200 seconds at Sat Apr 28 07:13:35 UTC 2018
50 ms. Memory: 146944K Free: 128049K (87%)
ptolemy.util.test.WatchDog.cancel(): canceling Sat Apr 28 07:13:35 UTC 2018
auto.tcl: Setting watchdog for 200 seconds at Sat Apr 28 07:13:35 UTC 2018
48 ms. Memory: 146944K Free: 124931K (85%)
ptolemy.util.test.WatchDog.cancel(): canceling Sat Apr 28 07:13:35 UTC 2018
------------------ testing $PTII/ptolemy/domains/de/test/auto/ClockDriftChange.xml
auto.tcl: Setting watchdog for 200 seconds at Sat Apr 28 07:13:35 UTC 2018
29 ms. Memory: 146944K Free: 130834K (89%)
ptolemy.util.test.WatchDog.cancel(): canceling Sat Apr 28 07:13:35 UTC 2018
auto.tcl: Setting watchdog for 200 seconds at Sat Apr 28 07:13:35 UTC 2018
30 ms. Memory: 146944K Free: 127716K (87%)
ptolemy.util.test.WatchDog.cancel(): canceling Sat Apr 28 07:13:35 UTC 2018
------------------ testing $PTII/ptolemy/domains/de/test/auto/ComposableCausalityAnalysis.xml
auto.tcl: Setting watchdog for 200 seconds at Sat Apr 28 07:13:35 UTC 2018
3 ms. Memory: 146944K Free: 135238K (92%)
ptolemy.util.test.WatchDog.cancel(): canceling Sat Apr 28 07:13:35 UTC 2018
auto.tcl: Setting watchdog for 200 seconds at Sat Apr 28 07:13:35 UTC 2018
3 ms. Memory: 146944K Free: 134198K (91%)
ptolemy.util.test.WatchDog.cancel(): canceling Sat Apr 28 07:13:35 UTC 2018
------------------ testing $PTII/ptolemy/domains/de/test/auto/DEFixedPointLimitation.xml
auto.tcl: Setting watchdog for 200 seconds at Sat Apr 28 07:13:35 UTC 2018
6 ms. Memory: 146944K Free: 136248K (93%)
ptolemy.util.test.WatchDog.cancel(): canceling Sat Apr 28 07:13:35 UTC 2018
auto.tcl: Setting watchdog for 200 seconds at Sat Apr 28 07:13:35 UTC 2018
2 ms. Memory: 146944K Free: 136248K (93%)
ptolemy.util.test.WatchDog.cancel(): canceling Sat Apr 28 07:13:35 UTC 2018
------------------ testing $PTII/ptolemy/domains/de/test/auto/DEScheduleTest.xml
auto.tcl: Setting watchdog for 200 seconds at Sat Apr 28 07:13:35 UTC 2018
5 ms. Memory: 146944K Free: 137323K (93%)
ptolemy.util.test.WatchDog.cancel(): canceling Sat Apr 28 07:13:35 UTC 2018
auto.tcl: Setting watchdog for 200 seconds at Sat Apr 28 07:13:35 UTC 2018
4 ms. Memory: 146944K Free: 136283K (93%)
ptolemy.util.test.WatchDog.cancel(): canceling Sat Apr 28 07:13:35 UTC 2018
------------------ testing $PTII/ptolemy/domains/de/test/auto/DEinDEwithStartTimes.xml
auto.tcl: Setting watchdog for 200 seconds at Sat Apr 28 07:13:35 UTC 2018
6 ms. Memory: 146944K Free: 136253K (93%)
ptolemy.util.test.WatchDog.cancel(): canceling Sat Apr 28 07:13:35 UTC 2018
auto.tcl: Setting watchdog for 200 seconds at Sat Apr 28 07:13:35 UTC 2018
5 ms. Memory: 146944K Free: 134171K (91%)
ptolemy.util.test.WatchDog.cancel(): canceling Sat Apr 28 07:13:35 UTC 2018
------------------ testing $PTII/ptolemy/domains/de/test/auto/DEinDEwithStartTimes2.xml
auto.tcl: Setting watchdog for 200 seconds at Sat Apr 28 07:13:35 UTC 2018
7 ms. Memory: 146944K Free: 135303K (92%)
ptolemy.util.test.WatchDog.cancel(): canceling Sat Apr 28 07:13:35 UTC 2018
auto.tcl: Setting watchdog for 200 seconds at Sat Apr 28 07:13:35 UTC 2018
12 ms. Memory: 146944K Free: 134154K (91%)
ptolemy.util.test.WatchDog.cancel(): canceling Sat Apr 28 07:13:35 UTC 2018
------------------ testing $PTII/ptolemy/domains/de/test/auto/DateDemo.xml
auto.tcl: Setting watchdog for 200 seconds at Sat Apr 28 07:13:35 UTC 2018
19 ms. Memory: 146944K Free: 129342K (88%)
ptolemy.util.test.WatchDog.cancel(): canceling Sat Apr 28 07:13:36 UTC 2018
auto.tcl: Setting watchdog for 200 seconds at Sat Apr 28 07:13:36 UTC 2018
15 ms. Memory: 146944K Free: 127263K (87%)
ptolemy.util.test.WatchDog.cancel(): canceling Sat Apr 28 07:13:36 UTC 2018
------------------ testing $PTII/ptolemy/domains/de/test/auto/DateToEvent.xml
auto.tcl: Setting watchdog for 200 seconds at Sat Apr 28 07:13:36 UTC 2018
2029 ms. Memory: 146944K Free: 122483K (83%)
ptolemy.util.test.WatchDog.cancel(): canceling Sat Apr 28 07:13:38 UTC 2018
auto.tcl: Setting watchdog for 200 seconds at Sat Apr 28 07:13:38 UTC 2018
2006 ms. Memory: 146944K Free: 120215K (82%)
ptolemy.util.test.WatchDog.cancel(): canceling Sat Apr 28 07:13:40 UTC 2018
------------------ testing $PTII/ptolemy/domains/de/test/auto/DepthTest1.xml
auto.tcl: Setting watchdog for 200 seconds at Sat Apr 28 07:13:40 UTC 2018
3 ms. Memory: 146944K Free: 138182K (94%)
ptolemy.util.test.WatchDog.cancel(): canceling Sat Apr 28 07:13:40 UTC 2018
auto.tcl: Setting watchdog for 200 seconds at Sat Apr 28 07:13:40 UTC 2018
2 ms. Memory: 146944K Free: 138182K (94%)
ptolemy.util.test.WatchDog.cancel(): canceling Sat Apr 28 07:13:40 UTC 2018
------------------ testing $PTII/ptolemy/domains/de/test/auto/DepthTest2.xml
auto.tcl: Setting watchdog for 200 seconds at Sat Apr 28 07:13:40 UTC 2018
16 ms. Memory: 146944K Free: 133888K (91%)
ptolemy.util.test.WatchDog.cancel(): canceling Sat Apr 28 07:13:40 UTC 2018
auto.tcl: Setting watchdog for 200 seconds at Sat Apr 28 07:13:40 UTC 2018
4 ms. Memory: 146944K Free: 133888K (91%)
ptolemy.util.test.WatchDog.cancel(): canceling Sat Apr 28 07:13:40 UTC 2018
------------------ testing $PTII/ptolemy/domains/de/test/auto/DepthTest3.xml
auto.tcl: Setting watchdog for 200 seconds at Sat Apr 28 07:13:40 UTC 2018
3 ms. Memory: 146944K Free: 138625K (94%)
ptolemy.util.test.WatchDog.cancel(): canceling Sat Apr 28 07:13:40 UTC 2018
auto.tcl: Setting watchdog for 200 seconds at Sat Apr 28 07:13:40 UTC 2018
3 ms. Memory: 146944K Free: 138625K (94%)
ptolemy.util.test.WatchDog.cancel(): canceling Sat Apr 28 07:13:40 UTC 2018
------------------ testing $PTII/ptolemy/domains/de/test/auto/DepthTest4.xml
auto.tcl: Setting watchdog for 200 seconds at Sat Apr 28 07:13:40 UTC 2018
4 ms. Memory: 146944K Free: 136524K (93%)
ptolemy.util.test.WatchDog.cancel(): canceling Sat Apr 28 07:13:40 UTC 2018
auto.tcl: Setting watchdog for 200 seconds at Sat Apr 28 07:13:40 UTC 2018
3 ms. Memory: 146944K Free: 134871K (92%)
ptolemy.util.test.WatchDog.cancel(): canceling Sat Apr 28 07:13:40 UTC 2018
------------------ testing $PTII/ptolemy/domains/de/test/auto/DepthTest5.xml
auto.tcl: Setting watchdog for 200 seconds at Sat Apr 28 07:13:40 UTC 2018
12 ms. Memory: 146944K Free: 134815K (92%)
ptolemy.util.test.WatchDog.cancel(): canceling Sat Apr 28 07:13:40 UTC 2018
auto.tcl: Setting watchdog for 200 seconds at Sat Apr 28 07:13:40 UTC 2018
3 ms. Memory: 146944K Free: 134815K (92%)
ptolemy.util.test.WatchDog.cancel(): canceling Sat Apr 28 07:13:40 UTC 2018
------------------ testing $PTII/ptolemy/domains/de/test/auto/DepthTest6.xml
auto.tcl: Setting watchdog for 200 seconds at Sat Apr 28 07:13:40 UTC 2018
11 ms. Memory: 146944K Free: 134777K (92%)
ptolemy.util.test.WatchDog.cancel(): canceling Sat Apr 28 07:13:40 UTC 2018
auto.tcl: Setting watchdog for 200 seconds at Sat Apr 28 07:13:40 UTC 2018
3 ms. Memory: 146944K Free: 134777K (92%)
ptolemy.util.test.WatchDog.cancel(): canceling Sat Apr 28 07:13:40 UTC 2018
------------------ testing $PTII/ptolemy/domains/de/test/auto/DepthTest7.xml
auto.tcl: Setting watchdog for 200 seconds at Sat Apr 28 07:13:40 UTC 2018
4 ms. Memory: 146944K Free: 135813K (92%)
ptolemy.util.test.WatchDog.cancel(): canceling Sat Apr 28 07:13:40 UTC 2018
auto.tcl: Setting watchdog for 200 seconds at Sat Apr 28 07:13:40 UTC 2018
3 ms. Memory: 146944K Free: 134773K (92%)
ptolemy.util.test.WatchDog.cancel(): canceling Sat Apr 28 07:13:40 UTC 2018
------------------ testing $PTII/ptolemy/domains/de/test/auto/EventToDate.xml
auto.tcl: Setting watchdog for 200 seconds at Sat Apr 28 07:13:40 UTC 2018
3007 ms. Memory: 146944K Free: 125440K (85%)
ptolemy.util.test.WatchDog.cancel(): canceling Sat Apr 28 07:13:43 UTC 2018
auto.tcl: Setting watchdog for 200 seconds at Sat Apr 28 07:13:43 UTC 2018
3006 ms. Memory: 146944K Free: 124401K (85%)
ptolemy.util.test.WatchDog.cancel(): canceling Sat Apr 28 07:13:46 UTC 2018
------------------ testing $PTII/ptolemy/domains/de/test/auto/FSM1.xml
auto.tcl: Setting watchdog for 200 seconds at Sat Apr 28 07:13:46 UTC 2018
38 ms. Memory: 146944K Free: 126780K (86%)
ptolemy.util.test.WatchDog.cancel(): canceling Sat Apr 28 07:13:47 UTC 2018
auto.tcl: Setting watchdog for 200 seconds at Sat Apr 28 07:13:47 UTC 2018
18 ms. Memory: 146944K Free: 123662K (84%)
ptolemy.util.test.WatchDog.cancel(): canceling Sat Apr 28 07:13:47 UTC 2018
------------------ testing $PTII/ptolemy/domains/de/test/auto/FSM7.xml
auto.tcl: Setting watchdog for 200 seconds at Sat Apr 28 07:13:47 UTC 2018
30 ms. Memory: 146944K Free: 127000K (86%)
ptolemy.util.test.WatchDog.cancel(): canceling Sat Apr 28 07:13:47 UTC 2018
auto.tcl: Setting watchdog for 200 seconds at Sat Apr 28 07:13:47 UTC 2018
30 ms. Memory: 146944K Free: 123882K (84%)
ptolemy.util.test.WatchDog.cancel(): canceling Sat Apr 28 07:13:47 UTC 2018
------------------ testing $PTII/ptolemy/domains/de/test/auto/Inspection.xml
auto.tcl: Setting watchdog for 200 seconds at Sat Apr 28 07:13:47 UTC 2018
52 ms. Memory: 146944K Free: 127789K (87%)
ptolemy.util.test.WatchDog.cancel(): canceling Sat Apr 28 07:13:47 UTC 2018
auto.tcl: Setting watchdog for 200 seconds at Sat Apr 28 07:13:47 UTC 2018
32 ms. Memory: 146944K Free: 125711K (86%)
ptolemy.util.test.WatchDog.cancel(): canceling Sat Apr 28 07:13:47 UTC 2018
------------------ testing $PTII/ptolemy/domains/de/test/auto/Iteration.xml
auto.tcl: Setting watchdog for 200 seconds at Sat Apr 28 07:13:47 UTC 2018
14 ms. Memory: 146944K Free: 133540K (91%)
ptolemy.util.test.WatchDog.cancel(): canceling Sat Apr 28 07:13:47 UTC 2018
auto.tcl: Setting watchdog for 200 seconds at Sat Apr 28 07:13:47 UTC 2018
11 ms. Memory: 146944K Free: 132500K (90%)
ptolemy.util.test.WatchDog.cancel(): canceling Sat Apr 28 07:13:47 UTC 2018
------------------ testing $PTII/ptolemy/domains/de/test/auto/LineFault.xml
auto.tcl: Setting watchdog for 200 seconds at Sat Apr 28 07:13:47 UTC 2018
1385 ms. Memory: 146944K Free: 136910K (93%)
ptolemy.util.test.WatchDog.cancel(): canceling Sat Apr 28 07:13:49 UTC 2018
auto.tcl: Setting watchdog for 200 seconds at Sat Apr 28 07:13:49 UTC 2018
1138 ms. Memory: 146944K Free: 80438K (55%)
ptolemy.util.test.WatchDog.cancel(): canceling Sat Apr 28 07:13:50 UTC 2018
------------------ testing $PTII/ptolemy/domains/de/test/auto/MergeModel1Add.xml
auto.tcl: Setting watchdog for 200 seconds at Sat Apr 28 07:13:50 UTC 2018
38 ms. Memory: 209920K Free: 180485K (86%)
ptolemy.util.test.WatchDog.cancel(): canceling Sat Apr 28 07:13:50 UTC 2018
auto.tcl: Setting watchdog for 200 seconds at Sat Apr 28 07:13:50 UTC 2018
16 ms. Memory: 209920K Free: 178617K (85%)
ptolemy.util.test.WatchDog.cancel(): canceling Sat Apr 28 07:13:50 UTC 2018
------------------ testing $PTII/ptolemy/domains/de/test/auto/MergeModel2Add.xml
auto.tcl: Setting watchdog for 200 seconds at Sat Apr 28 07:13:50 UTC 2018
17 ms. Memory: 210432K Free: 184186K (88%)
ptolemy.util.test.WatchDog.cancel(): canceling Sat Apr 28 07:13:50 UTC 2018
auto.tcl: Setting watchdog for 200 seconds at Sat Apr 28 07:13:50 UTC 2018
17 ms. Memory: 210432K Free: 182317K (87%)
ptolemy.util.test.WatchDog.cancel(): canceling Sat Apr 28 07:13:50 UTC 2018
------------------ testing $PTII/ptolemy/domains/de/test/auto/MergeModel3Add.xml
auto.tcl: Setting watchdog for 200 seconds at Sat Apr 28 07:13:50 UTC 2018
16 ms. Memory: 209920K Free: 181689K (87%)
ptolemy.util.test.WatchDog.cancel(): canceling Sat Apr 28 07:13:51 UTC 2018
auto.tcl: Setting watchdog for 200 seconds at Sat Apr 28 07:13:51 UTC 2018
13 ms. Memory: 209920K Free: 181689K (87%)
ptolemy.util.test.WatchDog.cancel(): canceling Sat Apr 28 07:13:51 UTC 2018
------------------ testing $PTII/ptolemy/domains/de/test/auto/MergeWithoutDiscard.xml
auto.tcl: Setting watchdog for 200 seconds at Sat Apr 28 07:13:51 UTC 2018
5 ms. Memory: 210432K Free: 198523K (94%)
ptolemy.util.test.WatchDog.cancel(): canceling Sat Apr 28 07:13:51 UTC 2018
auto.tcl: Setting watchdog for 200 seconds at Sat Apr 28 07:13:51 UTC 2018
2 ms. Memory: 210432K Free: 198523K (94%)
ptolemy.util.test.WatchDog.cancel(): canceling Sat Apr 28 07:13:51 UTC 2018
------------------ testing $PTII/ptolemy/domains/de/test/auto/Modal1.xml
auto.tcl: Setting watchdog for 200 seconds at Sat Apr 28 07:13:51 UTC 2018
21 ms. Memory: 210432K Free: 190269K (90%)
ptolemy.util.test.WatchDog.cancel(): canceling Sat Apr 28 07:13:51 UTC 2018
auto.tcl: Setting watchdog for 200 seconds at Sat Apr 28 07:13:51 UTC 2018
32 ms. Memory: 210432K Free: 186517K (89%)
ptolemy.util.test.WatchDog.cancel(): canceling Sat Apr 28 07:13:51 UTC 2018
------------------ testing $PTII/ptolemy/domains/de/test/auto/Modal2.xml
auto.tcl: Setting watchdog for 200 seconds at Sat Apr 28 07:13:51 UTC 2018
23 ms. Memory: 210432K Free: 187603K (89%)
ptolemy.util.test.WatchDog.cancel(): canceling Sat Apr 28 07:13:51 UTC 2018
auto.tcl: Setting watchdog for 200 seconds at Sat Apr 28 07:13:51 UTC 2018
21 ms. Memory: 210432K Free: 183851K (87%)
ptolemy.util.test.WatchDog.cancel(): canceling Sat Apr 28 07:13:51 UTC 2018
------------------ testing $PTII/ptolemy/domains/de/test/auto/Modal3.xml
auto.tcl: Setting watchdog for 200 seconds at Sat Apr 28 07:13:51 UTC 2018
14 ms. Memory: 210432K Free: 190203K (90%)
ptolemy.util.test.WatchDog.cancel(): canceling Sat Apr 28 07:13:51 UTC 2018
auto.tcl: Setting watchdog for 200 seconds at Sat Apr 28 07:13:51 UTC 2018
14 ms. Memory: 210432K Free: 186389K (89%)
ptolemy.util.test.WatchDog.cancel(): canceling Sat Apr 28 07:13:51 UTC 2018
------------------ testing $PTII/ptolemy/domains/de/test/auto/Modal4.xml
auto.tcl: Setting watchdog for 200 seconds at Sat Apr 28 07:13:51 UTC 2018
33 ms. Memory: 208384K Free: 188089K (90%)
ptolemy.util.test.WatchDog.cancel(): canceling Sat Apr 28 07:13:51 UTC 2018
auto.tcl: Setting watchdog for 200 seconds at Sat Apr 28 07:13:51 UTC 2018
24 ms. Memory: 208384K Free: 184338K (88%)
ptolemy.util.test.WatchDog.cancel(): canceling Sat Apr 28 07:13:51 UTC 2018
------------------ testing $PTII/ptolemy/domains/de/test/auto/Modal5.xml
auto.tcl: Setting watchdog for 200 seconds at Sat Apr 28 07:13:51 UTC 2018
20 ms. Memory: 209920K Free: 189674K (90%)
ptolemy.util.test.WatchDog.cancel(): canceling Sat Apr 28 07:13:51 UTC 2018
auto.tcl: Setting watchdog for 200 seconds at Sat Apr 28 07:13:51 UTC 2018
18 ms. Memory: 209920K Free: 185922K (89%)
ptolemy.util.test.WatchDog.cancel(): canceling Sat Apr 28 07:13:51 UTC 2018
------------------ testing $PTII/ptolemy/domains/de/test/auto/Modal6.xml
auto.tcl: Setting watchdog for 200 seconds at Sat Apr 28 07:13:51 UTC 2018
15 ms. Memory: 209920K Free: 189640K (90%)
ptolemy.util.test.WatchDog.cancel(): canceling Sat Apr 28 07:13:51 UTC 2018
auto.tcl: Setting watchdog for 200 seconds at Sat Apr 28 07:13:51 UTC 2018
18 ms. Memory: 209920K Free: 185888K (89%)
ptolemy.util.test.WatchDog.cancel(): canceling Sat Apr 28 07:13:51 UTC 2018
------------------ testing $PTII/ptolemy/domains/de/test/auto/Modal7.xml
auto.tcl: Setting watchdog for 200 seconds at Sat Apr 28 07:13:51 UTC 2018
12 ms. Memory: 209920K Free: 186462K (89%)
ptolemy.util.test.WatchDog.cancel(): canceling Sat Apr 28 07:13:51 UTC 2018
auto.tcl: Setting watchdog for 200 seconds at Sat Apr 28 07:13:51 UTC 2018
15 ms. Memory: 209920K Free: 182710K (87%)
ptolemy.util.test.WatchDog.cancel(): canceling Sat Apr 28 07:13:52 UTC 2018
------------------ testing $PTII/ptolemy/domains/de/test/auto/ModalModel.xml
auto.tcl: Setting watchdog for 200 seconds at Sat Apr 28 07:13:52 UTC 2018
263 ms. Memory: 209920K Free: 129406K (62%)
ptolemy.util.test.WatchDog.cancel(): canceling Sat Apr 28 07:13:52 UTC 2018
auto.tcl: Setting watchdog for 200 seconds at Sat Apr 28 07:13:52 UTC 2018
317 ms. Memory: 209920K Free: 196805K (94%)
ptolemy.util.test.WatchDog.cancel(): canceling Sat Apr 28 07:13:52 UTC 2018
------------------ testing $PTII/ptolemy/domains/de/test/auto/ModalSource.xml
auto.tcl: Setting watchdog for 200 seconds at Sat Apr 28 07:13:52 UTC 2018
12 ms. Memory: 209920K Free: 194622K (93%)
ptolemy.util.test.WatchDog.cancel(): canceling Sat Apr 28 07:13:52 UTC 2018
auto.tcl: Setting watchdog for 200 seconds at Sat Apr 28 07:13:52 UTC 2018
8 ms. Memory: 209920K Free: 192877K (92%)
ptolemy.util.test.WatchDog.cancel(): canceling Sat Apr 28 07:13:52 UTC 2018
------------------ testing $PTII/ptolemy/domains/de/test/auto/NonInterruptibleTimerZeroDelay.xml
auto.tcl: Setting watchdog for 200 seconds at Sat Apr 28 07:13:52 UTC 2018
6 ms. Memory: 336896K Free: 323212K (96%)
ptolemy.util.test.WatchDog.cancel(): canceling Sat Apr 28 07:13:52 UTC 2018
auto.tcl: Setting watchdog for 200 seconds at Sat Apr 28 07:13:52 UTC 2018
5 ms. Memory: 336896K Free: 319723K (95%)
ptolemy.util.test.WatchDog.cancel(): canceling Sat Apr 28 07:13:52 UTC 2018
------------------ testing $PTII/ptolemy/domains/de/test/auto/OpenQueueingNetwork.xml
auto.tcl: Setting watchdog for 200 seconds at Sat Apr 28 07:13:52 UTC 2018
4690 ms. Memory: 323584K Free: 206587K (64%)
ptolemy.util.test.WatchDog.cancel(): canceling Sat Apr 28 07:13:57 UTC 2018
auto.tcl: Setting watchdog for 200 seconds at Sat Apr 28 07:13:57 UTC 2018
2403 ms. Memory: 304640K Free: 121319K (40%)
ptolemy.util.test.WatchDog.cancel(): canceling Sat Apr 28 07:14:00 UTC 2018
------------------ testing $PTII/ptolemy/domains/de/test/auto/OpenQueuingNetwork.xml
auto.tcl: Setting watchdog for 200 seconds at Sat Apr 28 07:14:00 UTC 2018
366 ms. Memory: 303104K Free: 202653K (67%)
ptolemy.util.test.WatchDog.cancel(): canceling Sat Apr 28 07:14:00 UTC 2018
auto.tcl: Setting watchdog for 200 seconds at Sat Apr 28 07:14:00 UTC 2018
353 ms. Memory: 303104K Free: 143137K (47%)
ptolemy.util.test.WatchDog.cancel(): canceling Sat Apr 28 07:14:01 UTC 2018
------------------ testing $PTII/ptolemy/domains/de/test/auto/PeriodicSampler.xml
auto.tcl: Setting watchdog for 200 seconds at Sat Apr 28 07:14:01 UTC 2018
4 ms. Memory: 304640K Free: 291312K (96%)
ptolemy.util.test.WatchDog.cancel(): canceling Sat Apr 28 07:14:01 UTC 2018
auto.tcl: Setting watchdog for 200 seconds at Sat Apr 28 07:14:01 UTC 2018
1 ms. Memory: 304640K Free: 288134K (95%)
ptolemy.util.test.WatchDog.cancel(): canceling Sat Apr 28 07:14:01 UTC 2018
------------------ testing $PTII/ptolemy/domains/de/test/auto/PersistentIO.xml
auto.tcl: Setting watchdog for 200 seconds at Sat Apr 28 07:14:01 UTC 2018
17 ms. Memory: 303104K Free: 284035K (94%)
ptolemy.util.test.WatchDog.cancel(): canceling Sat Apr 28 07:14:01 UTC 2018
auto.tcl: Setting watchdog for 200 seconds at Sat Apr 28 07:14:01 UTC 2018
6 ms. Memory: 303104K Free: 280857K (93%)
ptolemy.util.test.WatchDog.cancel(): canceling Sat Apr 28 07:14:01 UTC 2018
------------------ testing $PTII/ptolemy/domains/de/test/auto/PortParameterResetOnInitialize.xml
auto.tcl: Setting watchdog for 200 seconds at Sat Apr 28 07:14:01 UTC 2018
3 ms. Memory: 304640K Free: 288595K (95%)
ptolemy.util.test.WatchDog.cancel(): canceling Sat Apr 28 07:14:01 UTC 2018
auto.tcl: Setting watchdog for 200 seconds at Sat Apr 28 07:14:01 UTC 2018
3 ms. Memory: 304640K Free: 288595K (95%)
ptolemy.util.test.WatchDog.cancel(): canceling Sat Apr 28 07:14:01 UTC 2018
------------------ testing $PTII/ptolemy/domains/de/test/auto/PortParameterUpdates.xml
auto.tcl: Setting watchdog for 200 seconds at Sat Apr 28 07:14:01 UTC 2018
12 ms. Memory: 303104K Free: 287192K (95%)
ptolemy.util.test.WatchDog.cancel(): canceling Sat Apr 28 07:14:01 UTC 2018
auto.tcl: Setting watchdog for 200 seconds at Sat Apr 28 07:14:01 UTC 2018
5 ms. Memory: 303104K Free: 284000K (94%)
ptolemy.util.test.WatchDog.cancel(): canceling Sat Apr 28 07:14:01 UTC 2018
------------------ testing $PTII/ptolemy/domains/de/test/auto/QueueAndServer.xml
auto.tcl: Setting watchdog for 200 seconds at Sat Apr 28 07:14:01 UTC 2018
22 ms. Memory: 304128K Free: 285017K (94%)
ptolemy.util.test.WatchDog.cancel(): canceling Sat Apr 28 07:14:01 UTC 2018
auto.tcl: Setting watchdog for 200 seconds at Sat Apr 28 07:14:01 UTC 2018
19 ms. Memory: 304128K Free: 285017K (94%)
ptolemy.util.test.WatchDog.cancel(): canceling Sat Apr 28 07:14:01 UTC 2018
------------------ testing $PTII/ptolemy/domains/de/test/auto/Records.xml
auto.tcl: Setting watchdog for 200 seconds at Sat Apr 28 07:14:01 UTC 2018
4 ms. Memory: 303104K Free: 287075K (95%)
ptolemy.util.test.WatchDog.cancel(): canceling Sat Apr 28 07:14:01 UTC 2018
auto.tcl: Setting watchdog for 200 seconds at Sat Apr 28 07:14:01 UTC 2018
2 ms. Memory: 303104K Free: 287075K (95%)
ptolemy.util.test.WatchDog.cancel(): canceling Sat Apr 28 07:14:01 UTC 2018
------------------ testing $PTII/ptolemy/domains/de/test/auto/ResetTransitionWithStartTime1.xml
auto.tcl: Setting watchdog for 200 seconds at Sat Apr 28 07:14:01 UTC 2018
10 ms. Memory: 304128K Free: 287173K (94%)
ptolemy.util.test.WatchDog.cancel(): canceling Sat Apr 28 07:14:01 UTC 2018
auto.tcl: Setting watchdog for 200 seconds at Sat Apr 28 07:14:01 UTC 2018
8 ms. Memory: 304128K Free: 287173K (94%)
ptolemy.util.test.WatchDog.cancel(): canceling Sat Apr 28 07:14:01 UTC 2018
------------------ testing $PTII/ptolemy/domains/de/test/auto/ResetTransitionWithStartTime2.xml
auto.tcl: Setting watchdog for 200 seconds at Sat Apr 28 07:14:01 UTC 2018
7 ms. Memory: 303104K Free: 286177K (94%)
ptolemy.util.test.WatchDog.cancel(): canceling Sat Apr 28 07:14:02 UTC 2018
auto.tcl: Setting watchdog for 200 seconds at Sat Apr 28 07:14:02 UTC 2018
9 ms. Memory: 303104K Free: 286177K (94%)
ptolemy.util.test.WatchDog.cancel(): canceling Sat Apr 28 07:14:02 UTC 2018
------------------ testing $PTII/ptolemy/domains/de/test/auto/ResetTransitionWithStartTime3.xml
auto.tcl: Setting watchdog for 200 seconds at Sat Apr 28 07:14:02 UTC 2018
7 ms. Memory: 304128K Free: 284929K (94%)
ptolemy.util.test.WatchDog.cancel(): canceling Sat Apr 28 07:14:02 UTC 2018
auto.tcl: Setting watchdog for 200 seconds at Sat Apr 28 07:14:02 UTC 2018
8 ms. Memory: 304128K Free: 284929K (94%)
ptolemy.util.test.WatchDog.cancel(): canceling Sat Apr 28 07:14:02 UTC 2018
------------------ testing $PTII/ptolemy/domains/de/test/auto/ResetTransitionWithStartTime4.xml
auto.tcl: Setting watchdog for 200 seconds at Sat Apr 28 07:14:02 UTC 2018
5 ms. Memory: 303104K Free: 286165K (94%)
ptolemy.util.test.WatchDog.cancel(): canceling Sat Apr 28 07:14:02 UTC 2018
auto.tcl: Setting watchdog for 200 seconds at Sat Apr 28 07:14:02 UTC 2018
5 ms. Memory: 303104K Free: 286165K (94%)
ptolemy.util.test.WatchDog.cancel(): canceling Sat Apr 28 07:14:02 UTC 2018
------------------ testing $PTII/ptolemy/domains/de/test/auto/ResettableTimer1.xml
auto.tcl: Setting watchdog for 200 seconds at Sat Apr 28 07:14:02 UTC 2018
4 ms. Memory: 303616K Free: 287588K (95%)
ptolemy.util.test.WatchDog.cancel(): canceling Sat Apr 28 07:14:02 UTC 2018
auto.tcl: Setting watchdog for 200 seconds at Sat Apr 28 07:14:02 UTC 2018
4 ms. Memory: 303616K Free: 287588K (95%)
ptolemy.util.test.WatchDog.cancel(): canceling Sat Apr 28 07:14:02 UTC 2018
------------------ testing $PTII/ptolemy/domains/de/test/auto/ResettableTimer2.xml
auto.tcl: Setting watchdog for 200 seconds at Sat Apr 28 07:14:02 UTC 2018
4 ms. Memory: 303104K Free: 289381K (95%)
ptolemy.util.test.WatchDog.cancel(): canceling Sat Apr 28 07:14:02 UTC 2018
auto.tcl: Setting watchdog for 200 seconds at Sat Apr 28 07:14:02 UTC 2018
3 ms. Memory: 303104K Free: 289381K (95%)
ptolemy.util.test.WatchDog.cancel(): canceling Sat Apr 28 07:14:02 UTC 2018
------------------ testing $PTII/ptolemy/domains/de/test/auto/ResettableTimer3.xml
auto.tcl: Setting watchdog for 200 seconds at Sat Apr 28 07:14:02 UTC 2018
1 ms. Memory: 303616K Free: 287645K (95%)
ptolemy.util.test.WatchDog.cancel(): canceling Sat Apr 28 07:14:02 UTC 2018
auto.tcl: Setting watchdog for 200 seconds at Sat Apr 28 07:14:02 UTC 2018
2 ms. Memory: 303616K Free: 287645K (95%)
ptolemy.util.test.WatchDog.cancel(): canceling Sat Apr 28 07:14:02 UTC 2018
------------------ testing $PTII/ptolemy/domains/de/test/auto/ResettableTimer4.xml
auto.tcl: Setting watchdog for 200 seconds at Sat Apr 28 07:14:02 UTC 2018
1 ms. Memory: 303104K Free: 289392K (95%)
ptolemy.util.test.WatchDog.cancel(): canceling Sat Apr 28 07:14:02 UTC 2018
auto.tcl: Setting watchdog for 200 seconds at Sat Apr 28 07:14:02 UTC 2018
1 ms. Memory: 303104K Free: 289392K (95%)
ptolemy.util.test.WatchDog.cancel(): canceling Sat Apr 28 07:14:02 UTC 2018
------------------ testing $PTII/ptolemy/domains/de/test/auto/ResettableTimer5.xml
auto.tcl: Setting watchdog for 200 seconds at Sat Apr 28 07:14:02 UTC 2018
3 ms. Memory: 303616K Free: 287702K (95%)
ptolemy.util.test.WatchDog.cancel(): canceling Sat Apr 28 07:14:02 UTC 2018
auto.tcl: Setting watchdog for 200 seconds at Sat Apr 28 07:14:02 UTC 2018
2 ms. Memory: 303616K Free: 287702K (95%)
ptolemy.util.test.WatchDog.cancel(): canceling Sat Apr 28 07:14:02 UTC 2018
------------------ testing $PTII/ptolemy/domains/de/test/auto/ResettableTimer6.xml
auto.tcl: Setting watchdog for 200 seconds at Sat Apr 28 07:14:02 UTC 2018
3 ms. Memory: 303104K Free: 287093K (95%)
ptolemy.util.test.WatchDog.cancel(): canceling Sat Apr 28 07:14:02 UTC 2018
auto.tcl: Setting watchdog for 200 seconds at Sat Apr 28 07:14:02 UTC 2018
2 ms. Memory: 303104K Free: 287093K (95%)
ptolemy.util.test.WatchDog.cancel(): canceling Sat Apr 28 07:14:02 UTC 2018
------------------ testing $PTII/ptolemy/domains/de/test/auto/ServerZeroDelay.xml
auto.tcl: Setting watchdog for 200 seconds at Sat Apr 28 07:14:02 UTC 2018
4 ms. Memory: 303616K Free: 289858K (95%)
ptolemy.util.test.WatchDog.cancel(): canceling Sat Apr 28 07:14:02 UTC 2018
auto.tcl: Setting watchdog for 200 seconds at Sat Apr 28 07:14:02 UTC 2018
4 ms. Memory: 303616K Free: 289858K (95%)
ptolemy.util.test.WatchDog.cancel(): canceling Sat Apr 28 07:14:02 UTC 2018
------------------ testing $PTII/ptolemy/domains/de/test/auto/SmartSender.xml
auto.tcl: Setting watchdog for 200 seconds at Sat Apr 28 07:14:02 UTC 2018
3003 ms. Memory: 303104K Free: 287109K (95%)
ptolemy.util.test.WatchDog.cancel(): canceling Sat Apr 28 07:14:05 UTC 2018
auto.tcl: Setting watchdog for 200 seconds at Sat Apr 28 07:14:05 UTC 2018
3001 ms. Memory: 303104K Free: 287109K (95%)
ptolemy.util.test.WatchDog.cancel(): canceling Sat Apr 28 07:14:08 UTC 2018
------------------ testing $PTII/ptolemy/domains/de/test/auto/ThreadedComposite.xml
auto.tcl: Setting watchdog for 200 seconds at Sat Apr 28 07:14:08 UTC 2018
322 ms. Memory: 303616K Free: 267994K (88%)
ptolemy.util.test.WatchDog.cancel(): canceling Sat Apr 28 07:14:09 UTC 2018
auto.tcl: Setting watchdog for 200 seconds at Sat Apr 28 07:14:09 UTC 2018
327 ms. Memory: 303616K Free: 248353K (82%)
ptolemy.util.test.WatchDog.cancel(): canceling Sat Apr 28 07:14:09 UTC 2018
------------------ testing $PTII/ptolemy/domains/de/test/auto/Time.xml
auto.tcl: Setting watchdog for 200 seconds at Sat Apr 28 07:14:09 UTC 2018
1164 ms. Memory: 303104K Free: 233613K (77%)
ptolemy.util.test.WatchDog.cancel(): canceling Sat Apr 28 07:14:10 UTC 2018
auto.tcl: Setting watchdog for 200 seconds at Sat Apr 28 07:14:10 UTC 2018
1041 ms. Memory: 303104K Free: 179862K (59%)
ptolemy.util.test.WatchDog.cancel(): canceling Sat Apr 28 07:14:11 UTC 2018
------------------ testing $PTII/ptolemy/domains/de/test/auto/TimeDelayZeroDelay.xml
auto.tcl: Setting watchdog for 200 seconds at Sat Apr 28 07:14:11 UTC 2018
3 ms. Memory: 303616K Free: 290470K (96%)
ptolemy.util.test.WatchDog.cancel(): canceling Sat Apr 28 07:14:11 UTC 2018
auto.tcl: Setting watchdog for 200 seconds at Sat Apr 28 07:14:11 UTC 2018
3 ms. Memory: 303616K Free: 290470K (96%)
ptolemy.util.test.WatchDog.cancel(): canceling Sat Apr 28 07:14:11 UTC 2018
------------------ testing $PTII/ptolemy/domains/de/test/auto/TimerZeroDelay.xml
auto.tcl: Setting watchdog for 200 seconds at Sat Apr 28 07:14:12 UTC 2018
6 ms. Memory: 303104K Free: 290021K (96%)
ptolemy.util.test.WatchDog.cancel(): canceling Sat Apr 28 07:14:12 UTC 2018
auto.tcl: Setting watchdog for 200 seconds at Sat Apr 28 07:14:12 UTC 2018
3 ms. Memory: 303104K Free: 290021K (96%)
ptolemy.util.test.WatchDog.cancel(): canceling Sat Apr 28 07:14:12 UTC 2018
------------------ testing $PTII/ptolemy/domains/de/test/auto/TimingParadox.xml
auto.tcl: Setting watchdog for 200 seconds at Sat Apr 28 07:14:12 UTC 2018
630 ms. Memory: 303616K Free: 224136K (74%)
ptolemy.util.test.WatchDog.cancel(): canceling Sat Apr 28 07:14:12 UTC 2018
auto.tcl: Setting watchdog for 200 seconds at Sat Apr 28 07:14:12 UTC 2018
623 ms. Memory: 303616K Free: 187668K (62%)
ptolemy.util.test.WatchDog.cancel(): canceling Sat Apr 28 07:14:13 UTC 2018
------------------ testing $PTII/ptolemy/domains/de/test/auto/TransferInputs.xml
auto.tcl: Setting watchdog for 200 seconds at Sat Apr 28 07:14:13 UTC 2018
2 ms. Memory: 303616K Free: 289422K (95%)
ptolemy.util.test.WatchDog.cancel(): canceling Sat Apr 28 07:14:13 UTC 2018
auto.tcl: Setting watchdog for 200 seconds at Sat Apr 28 07:14:13 UTC 2018
2 ms. Memory: 303616K Free: 289422K (95%)
ptolemy.util.test.WatchDog.cancel(): canceling Sat Apr 28 07:14:13 UTC 2018
------------------ testing $PTII/ptolemy/domains/de/test/auto/TransferOutputs2.xml
auto.tcl: Setting watchdog for 200 seconds at Sat Apr 28 07:14:13 UTC 2018
4 ms. Memory: 303104K Free: 284997K (94%)
ptolemy.util.test.WatchDog.cancel(): canceling Sat Apr 28 07:14:13 UTC 2018
auto.tcl: Setting watchdog for 200 seconds at Sat Apr 28 07:14:13 UTC 2018
4 ms. Memory: 303104K Free: 282192K (93%)
ptolemy.util.test.WatchDog.cancel(): canceling Sat Apr 28 07:14:13 UTC 2018
------------------ testing $PTII/ptolemy/domains/de/test/auto/Trilateration.xml
auto.tcl: Setting watchdog for 200 seconds at Sat Apr 28 07:14:13 UTC 2018
17460 ms. Memory: 386560K Free: 100319K (26%)
ptolemy.util.test.WatchDog.cancel(): canceling Sat Apr 28 07:14:32 UTC 2018
auto.tcl: Setting watchdog for 200 seconds at Sat Apr 28 07:14:32 UTC 2018
13650 ms. Memory: 266752K Free: 86055K (32%)
ptolemy.util.test.WatchDog.cancel(): canceling Sat Apr 28 07:14:46 UTC 2018
------------------ testing $PTII/ptolemy/domains/de/test/auto/TwoSigmaDelta.xml
auto.tcl: Setting watchdog for 200 seconds at Sat Apr 28 07:14:46 UTC 2018
4048 ms. Memory: 259584K Free: 161393K (62%)
ptolemy.util.test.WatchDog.cancel(): canceling Sat Apr 28 07:14:50 UTC 2018
auto.tcl: Setting watchdog for 200 seconds at Sat Apr 28 07:14:50 UTC 2018
2999 ms. Memory: 251904K Free: 103562K (41%)
ptolemy.util.test.WatchDog.cancel(): canceling Sat Apr 28 07:14:53 UTC 2018
------------------ testing $PTII/ptolemy/domains/de/test/auto/VariableDelay.xml
auto.tcl: Setting watchdog for 200 seconds at Sat Apr 28 07:14:53 UTC 2018
3 ms. Memory: 251904K Free: 237501K (94%)
ptolemy.util.test.WatchDog.cancel(): canceling Sat Apr 28 07:14:53 UTC 2018
auto.tcl: Setting watchdog for 200 seconds at Sat Apr 28 07:14:53 UTC 2018
2 ms. Memory: 251904K Free: 237501K (94%)
ptolemy.util.test.WatchDog.cancel(): canceling Sat Apr 28 07:14:53 UTC 2018
------------------ testing $PTII/ptolemy/domains/de/test/auto/VariableDelay2.xml
auto.tcl: Setting watchdog for 200 seconds at Sat Apr 28 07:14:53 UTC 2018
8 ms. Memory: 253440K Free: 241149K (95%)
ptolemy.util.test.WatchDog.cancel(): canceling Sat Apr 28 07:14:53 UTC 2018
auto.tcl: Setting watchdog for 200 seconds at Sat Apr 28 07:14:53 UTC 2018
3 ms. Memory: 253440K Free: 241149K (95%)
ptolemy.util.test.WatchDog.cancel(): canceling Sat Apr 28 07:14:53 UTC 2018
------------------ testing $PTII/ptolemy/domains/de/test/auto/VariableDelayZeroDelay.xml
auto.tcl: Setting watchdog for 200 seconds at Sat Apr 28 07:14:53 UTC 2018
3 ms. Memory: 251904K Free: 237907K (94%)
ptolemy.util.test.WatchDog.cancel(): canceling Sat Apr 28 07:14:53 UTC 2018
auto.tcl: Setting watchdog for 200 seconds at Sat Apr 28 07:14:53 UTC 2018
3 ms. Memory: 251904K Free: 237907K (94%)
ptolemy.util.test.WatchDog.cancel(): canceling Sat Apr 28 07:14:53 UTC 2018
------------------ testing $PTII/ptolemy/domains/de/test/auto/VariableDelayZeroDelay2.xml
auto.tcl: Setting watchdog for 200 seconds at Sat Apr 28 07:14:54 UTC 2018
2 ms. Memory: 252928K Free: 238938K (94%)
ptolemy.util.test.WatchDog.cancel(): canceling Sat Apr 28 07:14:54 UTC 2018
auto.tcl: Setting watchdog for 200 seconds at Sat Apr 28 07:14:54 UTC 2018
2 ms. Memory: 252928K Free: 238938K (94%)
ptolemy.util.test.WatchDog.cancel(): canceling Sat Apr 28 07:14:54 UTC 2018
------------------ testing $PTII/ptolemy/domains/de/test/auto/deInCt.xml
auto.tcl: Setting watchdog for 200 seconds at Sat Apr 28 07:14:54 UTC 2018
0
1
1
1
0
0
1
1
1
0
0
0
1
1
1
0
0
0
1
1
1
0
0
0
1
1
0
0
0
1
1
1
0
0
0
1
1
1
0
0
0
1
1
1
0
0
0
1
1
0
0
1
1
1
1
1
1
26 ms. Memory: 251904K Free: 237902K (94%)
ptolemy.util.test.WatchDog.cancel(): canceling Sat Apr 28 07:14:54 UTC 2018
auto.tcl: Setting watchdog for 200 seconds at Sat Apr 28 07:14:54 UTC 2018
0
1
1
1
1
0
0
1
1
1
0
0
0
1
1
1
1
1
1
1
1
1
0
0
0
1
1
1
0
0
0
1
1
1
7 ms. Memory: 251904K Free: 235300K (93%)
ptolemy.util.test.WatchDog.cancel(): canceling Sat Apr 28 07:14:54 UTC 2018
------------------ testing $PTII/ptolemy/domains/de/test/auto/deInCt2.xml
auto.tcl: Setting watchdog for 200 seconds at Sat Apr 28 07:14:54 UTC 2018
0
1
1
1
0
0
1
1
1
0
0
1
1
1
0
0
1
1
1
0
0
1
1
1
0
0
1
1
1
0
0
1
1
1
0
0
1
1
1
0
0
0
20 ms. Memory: 252928K Free: 238924K (94%)
ptolemy.util.test.WatchDog.cancel(): canceling Sat Apr 28 07:14:54 UTC 2018
auto.tcl: Setting watchdog for 200 seconds at Sat Apr 28 07:14:54 UTC 2018
0
1
1
1
0
0
1
1
1
0
0
1
1
1
0
0
1
1
1
0
0
1
1
1
0
0
1
1
1
0
0
1
1
1
0
0
1
1
1
0
0
0
13 ms. Memory: 252928K Free: 236338K (93%)
ptolemy.util.test.WatchDog.cancel(): canceling Sat Apr 28 07:14:54 UTC 2018
------------------ testing $PTII/ptolemy/domains/de/test/auto/dynamicCausalityInterface1.xml
auto.tcl: Setting watchdog for 200 seconds at Sat Apr 28 07:14:54 UTC 2018
3 ms. Memory: 251904K Free: 232725K (92%)
ptolemy.util.test.WatchDog.cancel(): canceling Sat Apr 28 07:14:54 UTC 2018
auto.tcl: Setting watchdog for 200 seconds at Sat Apr 28 07:14:54 UTC 2018
1 ms. Memory: 251904K Free: 232725K (92%)
ptolemy.util.test.WatchDog.cancel(): canceling Sat Apr 28 07:14:54 UTC 2018
------------------ testing $PTII/ptolemy/domains/de/test/auto/fsm_de_test.xml
auto.tcl: Setting watchdog for 200 seconds at Sat Apr 28 07:14:54 UTC 2018
19 ms. Memory: 252416K Free: 233132K (92%)
ptolemy.util.test.WatchDog.cancel(): canceling Sat Apr 28 07:14:54 UTC 2018
auto.tcl: Setting watchdog for 200 seconds at Sat Apr 28 07:14:54 UTC 2018
9 ms. Memory: 252416K Free: 233132K (92%)
ptolemy.util.test.WatchDog.cancel(): canceling Sat Apr 28 07:14:54 UTC 2018
------------------ testing $PTII/ptolemy/domains/de/test/auto/functionDependencyReconstruction.xml
auto.tcl: Setting watchdog for 200 seconds at Sat Apr 28 07:14:54 UTC 2018
2 ms. Memory: 251904K Free: 227420K (90%)
ptolemy.util.test.WatchDog.cancel(): canceling Sat Apr 28 07:14:54 UTC 2018
auto.tcl: Setting watchdog for 200 seconds at Sat Apr 28 07:14:54 UTC 2018
4 ms. Memory: 251904K Free: 224817K (89%)
ptolemy.util.test.WatchDog.cancel(): canceling Sat Apr 28 07:14:54 UTC 2018
------------------ testing $PTII/ptolemy/domains/de/test/auto/multirate.xml
auto.tcl: Setting watchdog for 200 seconds at Sat Apr 28 07:14:54 UTC 2018
9 ms. Memory: 252416K Free: 235566K (93%)
ptolemy.util.test.WatchDog.cancel(): canceling Sat Apr 28 07:14:54 UTC 2018
auto.tcl: Setting watchdog for 200 seconds at Sat Apr 28 07:14:54 UTC 2018
9 ms. Memory: 252416K Free: 235566K (93%)
ptolemy.util.test.WatchDog.cancel(): canceling Sat Apr 28 07:14:54 UTC 2018
------------------ testing $PTII/ptolemy/domains/de/test/auto/multirate2.xml
auto.tcl: Setting watchdog for 200 seconds at Sat Apr 28 07:14:54 UTC 2018
4 ms. Memory: 251904K Free: 236965K (94%)
ptolemy.util.test.WatchDog.cancel(): canceling Sat Apr 28 07:14:54 UTC 2018
auto.tcl: Setting watchdog for 200 seconds at Sat Apr 28 07:14:54 UTC 2018
5 ms. Memory: 251904K Free: 236965K (94%)
ptolemy.util.test.WatchDog.cancel(): canceling Sat Apr 28 07:14:54 UTC 2018
------------------ testing $PTII/ptolemy/domains/de/test/auto/realtime.xml
auto.tcl: Setting watchdog for 200 seconds at Sat Apr 28 07:14:54 UTC 2018
10001 ms. Memory: 252416K Free: 238364K (94%)
ptolemy.util.test.WatchDog.cancel(): canceling Sat Apr 28 07:15:04 UTC 2018
auto.tcl: Setting watchdog for 200 seconds at Sat Apr 28 07:15:04 UTC 2018
10002 ms. Memory: 252416K Free: 238364K (94%)
ptolemy.util.test.WatchDog.cancel(): canceling Sat Apr 28 07:15:14 UTC 2018
------------------ testing $PTII/ptolemy/domains/de/test/auto/relationGroup.xml
auto.tcl: Setting watchdog for 200 seconds at Sat Apr 28 07:15:14 UTC 2018
2 ms. Memory: 251904K Free: 242179K (96%)
ptolemy.util.test.WatchDog.cancel(): canceling Sat Apr 28 07:15:14 UTC 2018
auto.tcl: Setting watchdog for 200 seconds at Sat Apr 28 07:15:14 UTC 2018
1 ms. Memory: 251904K Free: 239576K (95%)
ptolemy.util.test.WatchDog.cancel(): canceling Sat Apr 28 07:15:14 UTC 2018
------------------ testing $PTII/ptolemy/domains/de/test/auto/relationGroup2.xml
auto.tcl: Setting watchdog for 200 seconds at Sat Apr 28 07:15:14 UTC 2018
2 ms. Memory: 252416K Free: 241013K (95%)
ptolemy.util.test.WatchDog.cancel(): canceling Sat Apr 28 07:15:14 UTC 2018
auto.tcl: Setting watchdog for 200 seconds at Sat Apr 28 07:15:14 UTC 2018
2 ms. Memory: 252416K Free: 238426K (94%)
ptolemy.util.test.WatchDog.cancel(): canceling Sat Apr 28 07:15:14 UTC 2018
------------------ testing $PTII/ptolemy/domains/de/test/auto/sortWithOpaquePorts.xml
auto.tcl: Setting watchdog for 200 seconds at Sat Apr 28 07:15:15 UTC 2018
1 ms. Memory: 251904K Free: 237906K (94%)
ptolemy.util.test.WatchDog.cancel(): canceling Sat Apr 28 07:15:15 UTC 2018
auto.tcl: Setting watchdog for 200 seconds at Sat Apr 28 07:15:15 UTC 2018
2 ms. Memory: 251904K Free: 237906K (94%)
ptolemy.util.test.WatchDog.cancel(): canceling Sat Apr 28 07:15:15 UTC 2018
------------------ testing $PTII/ptolemy/domains/de/test/auto/transferInputsandOutputs.xml
auto.tcl: Setting watchdog for 200 seconds at Sat Apr 28 07:15:15 UTC 2018
2 ms. Memory: 252416K Free: 237533K (94%)
ptolemy.util.test.WatchDog.cancel(): canceling Sat Apr 28 07:15:15 UTC 2018
auto.tcl: Setting watchdog for 200 seconds at Sat Apr 28 07:15:15 UTC 2018
2 ms. Memory: 252416K Free: 237533K (94%)
ptolemy.util.test.WatchDog.cancel(): canceling Sat Apr 28 07:15:15 UTC 2018
------------------ testing $PTII/ptolemy/domains/de/test/auto/triggerType.xml
auto.tcl: Setting watchdog for 200 seconds at Sat Apr 28 07:15:15 UTC 2018
2 ms. Memory: 251904K Free: 237846K (94%)
ptolemy.util.test.WatchDog.cancel(): canceling Sat Apr 28 07:15:15 UTC 2018
auto.tcl: Setting watchdog for 200 seconds at Sat Apr 28 07:15:15 UTC 2018
2 ms. Memory: 251904K Free: 237846K (94%)
ptolemy.util.test.WatchDog.cancel(): canceling Sat Apr 28 07:15:15 UTC 2018
04/28/18 07:15:15
Failed: 0  Total Tests: 192  ((Passed: 187, Newly Passed: 1)  Known Failed: 5) /home/travis/build/icyphy/ptII/ptolemy/domains/de/test
04/28/18 07:15:15
Failed: 0  Total Tests: 192  ((Passed: 187, Newly Passed: 1)  Known Failed: 5) /home/travis/build/icyphy/ptII/ptolemy/domains/de/test
----------------- testing (KnownFailure) /home/travis/build/icyphy/ptII/ptolemy/domains/de/test/auto/knownFailedTests/DESDFClockTest.xml
2011 ms. Memory: 252416K Free: 230760K (91%)
Known Failure: java.lang.reflect.InvocationTargetException
----------------- testing (KnownFailure) /home/travis/build/icyphy/ptII/ptolemy/domains/de/test/auto/knownFailedTests/DirectFeedback.xml
1 ms. Memory: 252416K Free: 217116K (86%)
Known Failure: java.lang.reflect.InvocationTargetException
----------------- testing (KnownFailure) /home/travis/build/icyphy/ptII/ptolemy/domains/de/test/auto/knownFailedTests/FSMSource.xml
5 ms. Memory: 252416K Free: 200050K (79%)
----------------- testing (KnownFailure) /home/travis/build/icyphy/ptII/ptolemy/domains/de/test/auto/knownFailedTests/HierarchicalModel.xml
2 ms. Memory: 252416K Free: 179558K (71%)
Known Failure: java.lang.reflect.InvocationTargetException
----------------- testing (KnownFailure) /home/travis/build/icyphy/ptII/ptolemy/domains/de/test/auto/knownFailedTests/dependencyLoop.xml
2 ms. Memory: 252416K Free: 152262K (60%)
Known Failure: java.lang.reflect.InvocationTargetException
----------------- testing (KnownFailure) /home/travis/build/icyphy/ptII/ptolemy/domains/de/test/auto/knownFailedTests/dependencyLoop2.xml
3 ms. Memory: 252416K Free: 124951K (50%)
Known Failure: java.lang.reflect.InvocationTargetException
No auto/*.xml tests in /home/travis/build/icyphy/ptII/ptolemy/domains/de/test
AutoTests.java: About to close Vertx.
AutoTests.java: Vertx closed.
----------------- testing Sat Apr 28 07:15:17 UTC 2018 /home/travis/build/icyphy/ptII/ptolemy/domains/de/test/auto/ActorDepthCalculation_actorWithoutPorts.xml
2 ms. Memory: 252416K Free: 104491K (41%)
reloadAllAccessors: .ActorDepthCalculation_actorWithoutPorts
----------------- testing Sat Apr 28 07:15:17 UTC 2018 /home/travis/build/icyphy/ptII/ptolemy/domains/de/test/auto/AssemblyLine.xml
3 ms. Memory: 252416K Free: 94261K (37%)
reloadAllAccessors: .AssemblyLine
----------------- testing Sat Apr 28 07:15:17 UTC 2018 /home/travis/build/icyphy/ptII/ptolemy/domains/de/test/auto/CQBug1.xml
2 ms. Memory: 252416K Free: 87441K (35%)
reloadAllAccessors: .CQBug1
----------------- testing Sat Apr 28 07:15:17 UTC 2018 /home/travis/build/icyphy/ptII/ptolemy/domains/de/test/auto/CancelFireAt.xml
1 ms. Memory: 252416K Free: 78034K (31%)
reloadAllAccessors: .CancelFireAt
----------------- testing Sat Apr 28 07:15:17 UTC 2018 /home/travis/build/icyphy/ptII/ptolemy/domains/de/test/auto/CausalityAndComposabilityAnalysis.xml
1 ms. Memory: 244736K Free: 233960K (96%)
reloadAllAccessors: .CausalityAndComposabilityAnalysis
----------------- testing Sat Apr 28 07:15:17 UTC 2018 /home/travis/build/icyphy/ptII/ptolemy/domains/de/test/auto/CausalityInterface1.xml
8 ms. Memory: 244736K Free: 225791K (92%)
reloadAllAccessors: .CausalityInterface1
----------------- testing Sat Apr 28 07:15:17 UTC 2018 /home/travis/build/icyphy/ptII/ptolemy/domains/de/test/auto/CausalityInterface15.xml
1 ms. Memory: 244736K Free: 217592K (89%)
reloadAllAccessors: .CausalityInterface15
----------------- testing Sat Apr 28 07:15:17 UTC 2018 /home/travis/build/icyphy/ptII/ptolemy/domains/de/test/auto/CausalityInterface2.xml
6 ms. Memory: 244736K Free: 211043K (86%)
reloadAllAccessors: .CausalityInterface2
----------------- testing Sat Apr 28 07:15:17 UTC 2018 /home/travis/build/icyphy/ptII/ptolemy/domains/de/test/auto/CausalityInterface3.xml
5 ms. Memory: 244736K Free: 202863K (83%)
reloadAllAccessors: .CausalityInterface3
----------------- testing Sat Apr 28 07:15:17 UTC 2018 /home/travis/build/icyphy/ptII/ptolemy/domains/de/test/auto/ClockDrift.xml
19 ms. Memory: 244736K Free: 188115K (77%)
reloadAllAccessors: .ClockDrift
----------------- testing Sat Apr 28 07:15:17 UTC 2018 /home/travis/build/icyphy/ptII/ptolemy/domains/de/test/auto/ClockDriftAndValueChange.xml
13 ms. Memory: 244736K Free: 173383K (71%)
reloadAllAccessors: .ClockDriftAndValueChange
----------------- testing Sat Apr 28 07:15:17 UTC 2018 /home/travis/build/icyphy/ptII/ptolemy/domains/de/test/auto/ClockDriftChange.xml
9 ms. Memory: 244736K Free: 160316K (66%)
reloadAllAccessors: .ClockDriftChange
----------------- testing Sat Apr 28 07:15:17 UTC 2018 /home/travis/build/icyphy/ptII/ptolemy/domains/de/test/auto/ComposableCausalityAnalysis.xml
1 ms. Memory: 244736K Free: 150505K (61%)
reloadAllAccessors: .ComposableCausalityAnalysis
----------------- testing Sat Apr 28 07:15:17 UTC 2018 /home/travis/build/icyphy/ptII/ptolemy/domains/de/test/auto/DEFixedPointLimitation.xml
1 ms. Memory: 244736K Free: 143956K (59%)
reloadAllAccessors: .DEFixedPointLimitation
----------------- testing Sat Apr 28 07:15:17 UTC 2018 /home/travis/build/icyphy/ptII/ptolemy/domains/de/test/auto/DEScheduleTest.xml
3 ms. Memory: 244736K Free: 137407K (56%)
reloadAllAccessors: .DEScheduleTest
----------------- testing Sat Apr 28 07:15:17 UTC 2018 /home/travis/build/icyphy/ptII/ptolemy/domains/de/test/auto/DEinDEwithStartTimes.xml
1 ms. Memory: 244736K Free: 129237K (53%)
reloadAllAccessors: .DEinDEwithStartTimes
----------------- testing Sat Apr 28 07:15:17 UTC 2018 /home/travis/build/icyphy/ptII/ptolemy/domains/de/test/auto/DEinDEwithStartTimes2.xml
3 ms. Memory: 244736K Free: 119413K (49%)
reloadAllAccessors: .DEinDEwithStartTimes2
----------------- testing Sat Apr 28 07:15:17 UTC 2018 /home/travis/build/icyphy/ptII/ptolemy/domains/de/test/auto/DateDemo.xml
5 ms. Memory: 244736K Free: 106306K (43%)
reloadAllAccessors: .DateDemo
----------------- testing Sat Apr 28 07:15:17 UTC 2018 /home/travis/build/icyphy/ptII/ptolemy/domains/de/test/auto/DateToEvent.xml
2005 ms. Memory: 244736K Free: 86627K (35%)
reloadAllAccessors: .DateToEvent
[...]
java.lang.RuntimeException: Execution failed
	at ptolemy.moml.MoMLSimpleApplication$UnloadThread.run(MoMLSimpleApplication.java:402)
Caused by: ptolemy.kernel.util.IllegalActionException: Test fails in iteration 1.
Value was: 1.0. Should have been: 2.0
  in .DirectFeedback.Test
	at ptolemy.actor.lib.Test.fire(Test.java:268)
	at ptolemy.domains.de.kernel.DEDirector._fire(DEDirector.java:1948)
	at ptolemy.domains.de.kernel.DEDirector.fire(DEDirector.java:502)
	at ptolemy.actor.CompositeActor.fire(CompositeActor.java:455)
	at ptolemy.actor.Manager.iterate(Manager.java:851)
	at ptolemy.actor.Manager.execute(Manager.java:369)
	at ptolemy.actor.Manager.run(Manager.java:1263)
	at ptolemy.actor.Manager$PtolemyRunThread.run(Manager.java:1915)
java.lang.RuntimeException: Execution failed
	at ptolemy.moml.MoMLSimpleApplication$UnloadThread.run(MoMLSimpleApplication.java:402)
Caused by: ptolemy.kernel.util.IllegalActionException: Actor is not ready to fire.  Perhaps UpSample.prefire() returned false? Try debugging the actor by selecting "Listen to Actor".  Also, for SDF check moml for tokenConsumptionRate on input.
  in .DESDFClockTest.Play Bell.Copy1:SDF Director and .DESDFClockTest.Play Bell.UpSample
	at ptolemy.actor.sched.StaticSchedulingDirector.fire(StaticSchedulingDirector.java:227)
	at ptolemy.domains.sdf.kernel.SDFDirector.fire(SDFDirector.java:500)
	at ptolemy.actor.CompositeActor.fire(CompositeActor.java:455)
	at ptolemy.domains.de.kernel.DEDirector._fire(DEDirector.java:1948)
	at ptolemy.domains.de.kernel.DEDirector.fire(DEDirector.java:502)
	at ptolemy.actor.CompositeActor.fire(CompositeActor.java:455)
	at ptolemy.actor.Manager.iterate(Manager.java:851)
	at ptolemy.actor.Manager.execute(Manager.java:369)
	at ptolemy.actor.Manager.run(Manager.java:1263)
	at ptolemy.actor.Manager$PtolemyRunThread.run(Manager.java:1915)
java.lang.reflect.InvocationTargetException
	at sun.reflect.NativeConstructorAccessorImpl.newInstance0(Native Method)
	at sun.reflect.NativeConstructorAccessorImpl.newInstance(NativeConstructorAccessorImpl.java:62)
	at sun.reflect.DelegatingConstructorAccessorImpl.newInstance(DelegatingConstructorAccessorImpl.java:45)
	at java.lang.reflect.Constructor.newInstance(Constructor.java:423)
	at ptolemy.util.test.junit.AutoKnownFailedTests.RunModel(AutoKnownFailedTests.java:107)
	at sun.reflect.NativeMethodAccessorImpl.invoke0(Native Method)
	at sun.reflect.NativeMethodAccessorImpl.invoke(NativeMethodAccessorImpl.java:62)
	at sun.reflect.DelegatingMethodAccessorImpl.invoke(DelegatingMethodAccessorImpl.java:43)
	at java.lang.reflect.Method.invoke(Method.java:498)
	at org.junit.runners.model.FrameworkMethod$1.runReflectiveCall(FrameworkMethod.java:44)
	at org.junit.internal.runners.model.ReflectiveCallable.run(ReflectiveCallable.java:15)
	at org.junit.runners.model.FrameworkMethod.invokeExplosively(FrameworkMethod.java:41)
	at junitparams.internal.InvokeParameterisedMethod.evaluate(InvokeParameterisedMethod.java:102)
	at org.junit.internal.runners.statements.FailOnTimeout$1.run(FailOnTimeout.java:28)
Caused by: ptolemy.kernel.util.IllegalActionException: Actor is not ready to fire.  Perhaps UpSample.prefire() returned false? Try debugging the actor by selecting "Listen to Actor".  Also, for SDF check moml for tokenConsumptionRate on input.
  in .DESDFClockTest.Play Bell.Copy1:SDF Director and .DESDFClockTest.Play Bell.UpSample
	at ptolemy.actor.sched.StaticSchedulingDirector.fire(StaticSchedulingDirector.java:227)
	at ptolemy.domains.sdf.kernel.SDFDirector.fire(SDFDirector.java:500)
	at ptolemy.actor.CompositeActor.fire(CompositeActor.java:455)
	at ptolemy.domains.de.kernel.DEDirector._fire(DEDirector.java:1948)
	at ptolemy.domains.de.kernel.DEDirector.fire(DEDirector.java:502)
	at ptolemy.actor.CompositeActor.fire(CompositeActor.java:455)
	at ptolemy.actor.Manager.iterate(Manager.java:851)
	at ptolemy.actor.Manager.execute(Manager.java:369)
	at ptolemy.actor.Manager.run(Manager.java:1263)
	at ptolemy.actor.Manager$PtolemyRunThread.run(Manager.java:1915)
java.lang.RuntimeException: Execution failed
	at ptolemy.moml.MoMLSimpleApplication$UnloadThread.run(MoMLSimpleApplication.java:402)
Caused by: ptolemy.kernel.util.IllegalActionException: Test fails in iteration 1.
Value was: 1.0. Should have been: 2.0
  in .DirectFeedback.Test
	at ptolemy.actor.lib.Test.fire(Test.java:268)
	at ptolemy.domains.de.kernel.DEDirector._fire(DEDirector.java:1948)
	at ptolemy.domains.de.kernel.DEDirector.fire(DEDirector.java:502)
	at ptolemy.actor.CompositeActor.fire(CompositeActor.java:455)
	at ptolemy.actor.Manager.iterate(Manager.java:851)
	at ptolemy.actor.Manager.execute(Manager.java:369)
	at ptolemy.actor.Manager.run(Manager.java:1263)
	at ptolemy.actor.Manager$PtolemyRunThread.run(Manager.java:1915)
java.lang.reflect.InvocationTargetException
	at sun.reflect.NativeConstructorAccessorImpl.newInstance0(Native Method)
	at sun.reflect.NativeConstructorAccessorImpl.newInstance(NativeConstructorAccessorImpl.java:62)
	at sun.reflect.DelegatingConstructorAccessorImpl.newInstance(DelegatingConstructorAccessorImpl.java:45)
	at java.lang.reflect.Constructor.newInstance(Constructor.java:423)
	at ptolemy.util.test.junit.AutoKnownFailedTests.RunModel(AutoKnownFailedTests.java:107)
	at sun.reflect.NativeMethodAccessorImpl.invoke0(Native Method)
	at sun.reflect.NativeMethodAccessorImpl.invoke(NativeMethodAccessorImpl.java:62)
	at sun.reflect.DelegatingMethodAccessorImpl.invoke(DelegatingMethodAccessorImpl.java:43)
	at java.lang.reflect.Method.invoke(Method.java:498)
	at org.junit.runners.model.FrameworkMethod$1.runReflectiveCall(FrameworkMethod.java:44)
	at org.junit.internal.runners.model.ReflectiveCallable.run(ReflectiveCallable.java:15)
	at org.junit.runners.model.FrameworkMethod.invokeExplosively(FrameworkMethod.java:41)
	at junitparams.internal.InvokeParameterisedMethod.evaluate(InvokeParameterisedMethod.java:102)
	at org.junit.internal.runners.statements.FailOnTimeout$1.run(FailOnTimeout.java:28)
Caused by: ptolemy.kernel.util.IllegalActionException: Test fails in iteration 1.
Value was: 1.0. Should have been: 2.0
  in .DirectFeedback.Test
	at ptolemy.actor.lib.Test.fire(Test.java:268)
	at ptolemy.domains.de.kernel.DEDirector._fire(DEDirector.java:1948)
	at ptolemy.domains.de.kernel.DEDirector.fire(DEDirector.java:502)
	at ptolemy.actor.CompositeActor.fire(CompositeActor.java:455)
	at ptolemy.actor.Manager.iterate(Manager.java:851)
	at ptolemy.actor.Manager.execute(Manager.java:369)
	at ptolemy.actor.Manager.run(Manager.java:1263)
	at ptolemy.actor.Manager$PtolemyRunThread.run(Manager.java:1915)
java.lang.RuntimeException: Execution failed
	at ptolemy.moml.MoMLSimpleApplication$UnloadThread.run(MoMLSimpleApplication.java:402)
Caused by: ptolemy.kernel.util.IllegalActionException: Found a zero delay loop containing .HierarchicalModel.A
  in .HierarchicalModel and .HierarchicalModel.A
	at ptolemy.actor.util.CausalityInterfaceForComposites._computeOutputPortDepth(CausalityInterfaceForComposites.java:759)
	at ptolemy.actor.util.CausalityInterfaceForComposites._computeInputDepth(CausalityInterfaceForComposites.java:696)
	at ptolemy.actor.util.CausalityInterfaceForComposites._computeOutputPortDepth(CausalityInterfaceForComposites.java:765)
	at ptolemy.actor.util.CausalityInterfaceForComposites._computeInputDepth(CausalityInterfaceForComposites.java:696)
	at ptolemy.actor.util.CausalityInterfaceForComposites._computeOutputPortDepth(CausalityInterfaceForComposites.java:765)
	at ptolemy.actor.util.CausalityInterfaceForComposites._computeInputDepth(CausalityInterfaceForComposites.java:696)
	at ptolemy.actor.util.CausalityInterfaceForComposites._computeActorDepth(CausalityInterfaceForComposites.java:532)
	at ptolemy.actor.util.CausalityInterfaceForComposites.checkForCycles(CausalityInterfaceForComposites.java:96)
	at ptolemy.domains.de.kernel.DEDirector.preinitialize(DEDirector.java:1337)
	at ptolemy.actor.CompositeActor.preinitialize(CompositeActor.java:1828)
	at ptolemy.actor.Manager.preinitializeAndResolveTypes(Manager.java:1040)
	at ptolemy.actor.Manager.initialize(Manager.java:710)
	at ptolemy.actor.Manager.execute(Manager.java:356)
	at ptolemy.actor.Manager.run(Manager.java:1263)
	at ptolemy.actor.Manager$PtolemyRunThread.run(Manager.java:1915)
java.lang.reflect.InvocationTargetException
	at sun.reflect.NativeConstructorAccessorImpl.newInstance0(Native Method)
	at sun.reflect.NativeConstructorAccessorImpl.newInstance(NativeConstructorAccessorImpl.java:62)
	at sun.reflect.DelegatingConstructorAccessorImpl.newInstance(DelegatingConstructorAccessorImpl.java:45)
	at java.lang.reflect.Constructor.newInstance(Constructor.java:423)
	at ptolemy.util.test.junit.AutoKnownFailedTests.RunModel(AutoKnownFailedTests.java:107)
	at sun.reflect.NativeMethodAccessorImpl.invoke0(Native Method)
	at sun.reflect.NativeMethodAccessorImpl.invoke(NativeMethodAccessorImpl.java:62)
	at sun.reflect.DelegatingMethodAccessorImpl.invoke(DelegatingMethodAccessorImpl.java:43)
	at java.lang.reflect.Method.invoke(Method.java:498)
	at org.junit.runners.model.FrameworkMethod$1.runReflectiveCall(FrameworkMethod.java:44)
	at org.junit.internal.runners.model.ReflectiveCallable.run(ReflectiveCallable.java:15)
	at org.junit.runners.model.FrameworkMethod.invokeExplosively(FrameworkMethod.java:41)
	at junitparams.internal.InvokeParameterisedMethod.evaluate(InvokeParameterisedMethod.java:102)
	at org.junit.internal.runners.statements.FailOnTimeout$1.run(FailOnTimeout.java:28)
Caused by: ptolemy.kernel.util.IllegalActionException: Found a zero delay loop containing .HierarchicalModel.A
  in .HierarchicalModel and .HierarchicalModel.A
	at ptolemy.actor.util.CausalityInterfaceForComposites._computeOutputPortDepth(CausalityInterfaceForComposites.java:759)
	at ptolemy.actor.util.CausalityInterfaceForComposites._computeInputDepth(CausalityInterfaceForComposites.java:696)
	at ptolemy.actor.util.CausalityInterfaceForComposites._computeOutputPortDepth(CausalityInterfaceForComposites.java:765)
	at ptolemy.actor.util.CausalityInterfaceForComposites._computeInputDepth(CausalityInterfaceForComposites.java:696)
	at ptolemy.actor.util.CausalityInterfaceForComposites._computeOutputPortDepth(CausalityInterfaceForComposites.java:765)
	at ptolemy.actor.util.CausalityInterfaceForComposites._computeInputDepth(CausalityInterfaceForComposites.java:696)
	at ptolemy.actor.util.CausalityInterfaceForComposites._computeActorDepth(CausalityInterfaceForComposites.java:532)
	at ptolemy.actor.util.CausalityInterfaceForComposites.checkForCycles(CausalityInterfaceForComposites.java:96)
	at ptolemy.domains.de.kernel.DEDirector.preinitialize(DEDirector.java:1337)
	at ptolemy.actor.CompositeActor.preinitialize(CompositeActor.java:1828)
	at ptolemy.actor.Manager.preinitializeAndResolveTypes(Manager.java:1040)
	at ptolemy.actor.Manager.initialize(Manager.java:710)
	at ptolemy.actor.Manager.execute(Manager.java:356)
	at ptolemy.actor.Manager.run(Manager.java:1263)
	at ptolemy.actor.Manager$PtolemyRunThread.run(Manager.java:1915)
java.lang.RuntimeException: Execution failed
	at ptolemy.moml.MoMLSimpleApplication$UnloadThread.run(MoMLSimpleApplication.java:402)
Caused by: ptolemy.kernel.util.IllegalActionException: Found a zero delay loop containing .dependencyLoop.original
  in .dependencyLoop and .dependencyLoop.original
	at ptolemy.actor.util.CausalityInterfaceForComposites._computeOutputPortDepth(CausalityInterfaceForComposites.java:759)
	at ptolemy.actor.util.CausalityInterfaceForComposites._computeInputDepth(CausalityInterfaceForComposites.java:696)
	at ptolemy.actor.util.CausalityInterfaceForComposites._computeOutputPortDepth(CausalityInterfaceForComposites.java:765)
	at ptolemy.actor.util.CausalityInterfaceForComposites._computeInputDepth(CausalityInterfaceForComposites.java:696)
	at ptolemy.actor.util.CausalityInterfaceForComposites._computeOutputPortDepth(CausalityInterfaceForComposites.java:765)
	at ptolemy.actor.util.CausalityInterfaceForComposites._computeInputDepth(CausalityInterfaceForComposites.java:696)
	at ptolemy.actor.util.CausalityInterfaceForComposites._computeActorDepth(CausalityInterfaceForComposites.java:532)
	at ptolemy.actor.util.CausalityInterfaceForComposites.checkForCycles(CausalityInterfaceForComposites.java:96)
	at ptolemy.domains.de.kernel.DEDirector.preinitialize(DEDirector.java:1337)
	at ptolemy.actor.CompositeActor.preinitialize(CompositeActor.java:1828)
	at ptolemy.actor.Manager.preinitializeAndResolveTypes(Manager.java:1040)
	at ptolemy.actor.Manager.initialize(Manager.java:710)
	at ptolemy.actor.Manager.execute(Manager.java:356)
	at ptolemy.actor.Manager.run(Manager.java:1263)
	at ptolemy.actor.Manager$PtolemyRunThread.run(Manager.java:1915)
java.lang.reflect.InvocationTargetException
	at sun.reflect.NativeConstructorAccessorImpl.newInstance0(Native Method)
	at sun.reflect.NativeConstructorAccessorImpl.newInstance(NativeConstructorAccessorImpl.java:62)
	at sun.reflect.DelegatingConstructorAccessorImpl.newInstance(DelegatingConstructorAccessorImpl.java:45)
	at java.lang.reflect.Constructor.newInstance(Constructor.java:423)
	at ptolemy.util.test.junit.AutoKnownFailedTests.RunModel(AutoKnownFailedTests.java:107)
	at sun.reflect.NativeMethodAccessorImpl.invoke0(Native Method)
	at sun.reflect.NativeMethodAccessorImpl.invoke(NativeMethodAccessorImpl.java:62)
	at sun.reflect.DelegatingMethodAccessorImpl.invoke(DelegatingMethodAccessorImpl.java:43)
	at java.lang.reflect.Method.invoke(Method.java:498)
	at org.junit.runners.model.FrameworkMethod$1.runReflectiveCall(FrameworkMethod.java:44)
	at org.junit.internal.runners.model.ReflectiveCallable.run(ReflectiveCallable.java:15)
	at org.junit.runners.model.FrameworkMethod.invokeExplosively(FrameworkMethod.java:41)
	at junitparams.internal.InvokeParameterisedMethod.evaluate(InvokeParameterisedMethod.java:102)
	at org.junit.internal.runners.statements.FailOnTimeout$1.run(FailOnTimeout.java:28)
Caused by: ptolemy.kernel.util.IllegalActionException: Found a zero delay loop containing .dependencyLoop.original
  in .dependencyLoop and .dependencyLoop.original
	at ptolemy.actor.util.CausalityInterfaceForComposites._computeOutputPortDepth(CausalityInterfaceForComposites.java:759)
	at ptolemy.actor.util.CausalityInterfaceForComposites._computeInputDepth(CausalityInterfaceForComposites.java:696)
	at ptolemy.actor.util.CausalityInterfaceForComposites._computeOutputPortDepth(CausalityInterfaceForComposites.java:765)
	at ptolemy.actor.util.CausalityInterfaceForComposites._computeInputDepth(CausalityInterfaceForComposites.java:696)
	at ptolemy.actor.util.CausalityInterfaceForComposites._computeOutputPortDepth(CausalityInterfaceForComposites.java:765)
	at ptolemy.actor.util.CausalityInterfaceForComposites._computeInputDepth(CausalityInterfaceForComposites.java:696)
	at ptolemy.actor.util.CausalityInterfaceForComposites._computeActorDepth(CausalityInterfaceForComposites.java:532)
	at ptolemy.actor.util.CausalityInterfaceForComposites.checkForCycles(CausalityInterfaceForComposites.java:96)
	at ptolemy.domains.de.kernel.DEDirector.preinitialize(DEDirector.java:1337)
	at ptolemy.actor.CompositeActor.preinitialize(CompositeActor.java:1828)
	at ptolemy.actor.Manager.preinitializeAndResolveTypes(Manager.java:1040)
	at ptolemy.actor.Manager.initialize(Manager.java:710)
	at ptolemy.actor.Manager.execute(Manager.java:356)
	at ptolemy.actor.Manager.run(Manager.java:1263)
	at ptolemy.actor.Manager$PtolemyRunThread.run(Manager.java:1915)
java.lang.RuntimeException: Execution failed
	at ptolemy.moml.MoMLSimpleApplication$UnloadThread.run(MoMLSimpleApplication.java:402)
Caused by: ptolemy.kernel.util.IllegalActionException: Found a zero delay loop containing .dependencyLoop2.original
  in .dependencyLoop2 and .dependencyLoop2.original
	at ptolemy.actor.util.CausalityInterfaceForComposites._computeOutputPortDepth(CausalityInterfaceForComposites.java:759)
	at ptolemy.actor.util.CausalityInterfaceForComposites._computeInputDepth(CausalityInterfaceForComposites.java:696)
	at ptolemy.actor.util.CausalityInterfaceForComposites._computeOutputPortDepth(CausalityInterfaceForComposites.java:765)
	at ptolemy.actor.util.CausalityInterfaceForComposites._computeInputDepth(CausalityInterfaceForComposites.java:696)
	at ptolemy.actor.util.CausalityInterfaceForComposites._computeOutputPortDepth(CausalityInterfaceForComposites.java:765)
	at ptolemy.actor.util.CausalityInterfaceForComposites._computeInputDepth(CausalityInterfaceForComposites.java:696)
	at ptolemy.actor.util.CausalityInterfaceForComposites._computeActorDepth(CausalityInterfaceForComposites.java:532)
	at ptolemy.actor.util.CausalityInterfaceForComposites.checkForCycles(CausalityInterfaceForComposites.java:96)
	at ptolemy.domains.de.kernel.DEDirector.preinitialize(DEDirector.java:1337)
	at ptolemy.actor.CompositeActor.preinitialize(CompositeActor.java:1828)
	at ptolemy.actor.Manager.preinitializeAndResolveTypes(Manager.java:1040)
	at ptolemy.actor.Manager.initialize(Manager.java:710)
	at ptolemy.actor.Manager.execute(Manager.java:356)
	at ptolemy.actor.Manager.run(Manager.java:1263)
	at ptolemy.actor.Manager$PtolemyRunThread.run(Manager.java:1915)
java.lang.reflect.InvocationTargetException
	at sun.reflect.NativeConstructorAccessorImpl.newInstance0(Native Method)
	at sun.reflect.NativeConstructorAccessorImpl.newInstance(NativeConstructorAccessorImpl.java:62)
	at sun.reflect.DelegatingConstructorAccessorImpl.newInstance(DelegatingConstructorAccessorImpl.java:45)
	at java.lang.reflect.Constructor.newInstance(Constructor.java:423)
	at ptolemy.util.test.junit.AutoKnownFailedTests.RunModel(AutoKnownFailedTests.java:107)
	at sun.reflect.NativeMethodAccessorImpl.invoke0(Native Method)
	at sun.reflect.NativeMethodAccessorImpl.invoke(NativeMethodAccessorImpl.java:62)
	at sun.reflect.DelegatingMethodAccessorImpl.invoke(DelegatingMethodAccessorImpl.java:43)
	at java.lang.reflect.Method.invoke(Method.java:498)
	at org.junit.runners.model.FrameworkMethod$1.runReflectiveCall(FrameworkMethod.java:44)
	at org.junit.internal.runners.model.ReflectiveCallable.run(ReflectiveCallable.java:15)
	at org.junit.runners.model.FrameworkMethod.invokeExplosively(FrameworkMethod.java:41)
	at junitparams.internal.InvokeParameterisedMethod.evaluate(InvokeParameterisedMethod.java:102)
	at org.junit.internal.runners.statements.FailOnTimeout$1.run(FailOnTimeout.java:28)
Caused by: ptolemy.kernel.util.IllegalActionException: Found a zero delay loop containing .dependencyLoop2.original
  in .dependencyLoop2 and .dependencyLoop2.original
	at ptolemy.actor.util.CausalityInterfaceForComposites._computeOutputPortDepth(CausalityInterfaceForComposites.java:759)
	at ptolemy.actor.util.CausalityInterfaceForComposites._computeInputDepth(CausalityInterfaceForComposites.java:696)
	at ptolemy.actor.util.CausalityInterfaceForComposites._computeOutputPortDepth(CausalityInterfaceForComposites.java:765)
	at ptolemy.actor.util.CausalityInterfaceForComposites._computeInputDepth(CausalityInterfaceForComposites.java:696)
	at ptolemy.actor.util.CausalityInterfaceForComposites._computeOutputPortDepth(CausalityInterfaceForComposites.java:765)
	at ptolemy.actor.util.CausalityInterfaceForComposites._computeInputDepth(CausalityInterfaceForComposites.java:696)
	at ptolemy.actor.util.CausalityInterfaceForComposites._computeActorDepth(CausalityInterfaceForComposites.java:532)
	at ptolemy.actor.util.CausalityInterfaceForComposites.checkForCycles(CausalityInterfaceForComposites.java:96)
	at ptolemy.domains.de.kernel.DEDirector.preinitialize(DEDirector.java:1337)
	at ptolemy.actor.CompositeActor.preinitialize(CompositeActor.java:1828)
	at ptolemy.actor.Manager.preinitializeAndResolveTypes(Manager.java:1040)
	at ptolemy.actor.Manager.initialize(Manager.java:710)
	at ptolemy.actor.Manager.execute(Manager.java:356)
	at ptolemy.actor.Manager.run(Manager.java:1263)
	at ptolemy.actor.Manager$PtolemyRunThread.run(Manager.java:1915)
]]></system-err>
</testsuite>
