<?xml version="1.0" encoding="UTF-8" ?>
<testsuite errors="0" failures="0" hostname="travis-job-d8ef998d-2c65-4607-aaac-89fee256a39b" name="ptolemy.domains.modal.test.junit.JUnitTclTest" skipped="0" tests="148" time="10.439" timestamp="2018-05-10T01:21:47">
  <properties>
[...]
</properties>
  <testcase classname="ptolemy.util.test.junit.TclTests" name="[0] /home/travis/build/icyphy/ptII/ptolemy/domains/modal/test/SystemLevelType.tcl (RunTclFile)" time="1.936" />
  <testcase classname="ptolemy.util.test.junit.AutoKnownFailedTests" name="[0] /home/travis/build/icyphy/ptII/ptolemy/domains/modal/test/auto/knownFailedTests/CannotAnalysisWithPreemption.xml (RunModel)" time="0.169" />
  <testcase classname="ptolemy.util.test.junit.AutoNameArchTests" name="[0] ThereAreNoAutoTests (RunModel)" time="0.006" />
  <testcase classname="ptolemy.util.test.junit.AutoTests" name="[0] /home/travis/build/icyphy/ptII/ptolemy/domains/modal/test/auto/ABPTest.xml (RunModel)" time="0.632" />
  <testcase classname="ptolemy.util.test.junit.AutoTests" name="[1] /home/travis/build/icyphy/ptII/ptolemy/domains/modal/test/auto/ABROFlat.xml (RunModel)" time="0.054" />
  <testcase classname="ptolemy.util.test.junit.AutoTests" name="[2] /home/travis/build/icyphy/ptII/ptolemy/domains/modal/test/auto/ABROFlat2.xml (RunModel)" time="0.081" />
  <testcase classname="ptolemy.util.test.junit.AutoTests" name="[3] /home/travis/build/icyphy/ptII/ptolemy/domains/modal/test/auto/ABRO_present_hmm.xml (RunModel)" time="0.145" />
  <testcase classname="ptolemy.util.test.junit.AutoTests" name="[4] /home/travis/build/icyphy/ptII/ptolemy/domains/modal/test/auto/AMICoderExample.xml (RunModel)" time="0.056" />
  <testcase classname="ptolemy.util.test.junit.AutoTests" name="[5] /home/travis/build/icyphy/ptII/ptolemy/domains/modal/test/auto/AbsentToPresent.xml (RunModel)" time="0.017" />
  <testcase classname="ptolemy.util.test.junit.AutoTests" name="[6] /home/travis/build/icyphy/ptII/ptolemy/domains/modal/test/auto/Blending.xml (RunModel)" time="0.296" />
  <testcase classname="ptolemy.util.test.junit.AutoTests" name="[7] /home/travis/build/icyphy/ptII/ptolemy/domains/modal/test/auto/Broadcast.xml (RunModel)" time="0.055" />
  <testcase classname="ptolemy.util.test.junit.AutoTests" name="[8] /home/travis/build/icyphy/ptII/ptolemy/domains/modal/test/auto/BroadcastHierarchy.xml (RunModel)" time="0.085" />
  <testcase classname="ptolemy.util.test.junit.AutoTests" name="[9] /home/travis/build/icyphy/ptII/ptolemy/domains/modal/test/auto/BroadcastHierarchy2.xml (RunModel)" time="0.127" />
  <testcase classname="ptolemy.util.test.junit.AutoTests" name="[10] /home/travis/build/icyphy/ptII/ptolemy/domains/modal/test/auto/BroadcastHierarchy3.xml (RunModel)" time="0.118" />
  <testcase classname="ptolemy.util.test.junit.AutoTests" name="[11] /home/travis/build/icyphy/ptII/ptolemy/domains/modal/test/auto/BroadcastHierarchy4.xml (RunModel)" time="0.102" />
  <testcase classname="ptolemy.util.test.junit.AutoTests" name="[12] /home/travis/build/icyphy/ptII/ptolemy/domains/modal/test/auto/CannotAnalysisWithPreemption2.xml (RunModel)" time="0.042" />
  <testcase classname="ptolemy.util.test.junit.AutoTests" name="[13] /home/travis/build/icyphy/ptII/ptolemy/domains/modal/test/auto/CannotAnalysisWithPreemption3.xml (RunModel)" time="0.042" />
  <testcase classname="ptolemy.util.test.junit.AutoTests" name="[14] /home/travis/build/icyphy/ptII/ptolemy/domains/modal/test/auto/CannotProduce.xml (RunModel)" time="0.037" />
  <testcase classname="ptolemy.util.test.junit.AutoTests" name="[15] /home/travis/build/icyphy/ptII/ptolemy/domains/modal/test/auto/CannotProduceModal.xml (RunModel)" time="0.028" />
  <testcase classname="ptolemy.util.test.junit.AutoTests" name="[16] /home/travis/build/icyphy/ptII/ptolemy/domains/modal/test/auto/Case.xml (RunModel)" time="0.077" />
  <testcase classname="ptolemy.util.test.junit.AutoTests" name="[17] /home/travis/build/icyphy/ptII/ptolemy/domains/modal/test/auto/Case1.xml (RunModel)" time="0.036" />
  <testcase classname="ptolemy.util.test.junit.AutoTests" name="[18] /home/travis/build/icyphy/ptII/ptolemy/domains/modal/test/auto/Case2.xml (RunModel)" time="0.049" />
  <testcase classname="ptolemy.util.test.junit.AutoTests" name="[19] /home/travis/build/icyphy/ptII/ptolemy/domains/modal/test/auto/CausalityInterface1.xml (RunModel)" time="0.031" />
  <testcase classname="ptolemy.util.test.junit.AutoTests" name="[20] /home/travis/build/icyphy/ptII/ptolemy/domains/modal/test/auto/CausalityInterface10.xml (RunModel)" time="0.068" />
  <testcase classname="ptolemy.util.test.junit.AutoTests" name="[21] /home/travis/build/icyphy/ptII/ptolemy/domains/modal/test/auto/CausalityInterface11.xml (RunModel)" time="0.057" />
  <testcase classname="ptolemy.util.test.junit.AutoTests" name="[22] /home/travis/build/icyphy/ptII/ptolemy/domains/modal/test/auto/CausalityInterface12.xml (RunModel)" time="0.045" />
  <testcase classname="ptolemy.util.test.junit.AutoTests" name="[23] /home/travis/build/icyphy/ptII/ptolemy/domains/modal/test/auto/CausalityInterface13.xml (RunModel)" time="0.041" />
  <testcase classname="ptolemy.util.test.junit.AutoTests" name="[24] /home/travis/build/icyphy/ptII/ptolemy/domains/modal/test/auto/CausalityInterface14.xml (RunModel)" time="0.046" />
  <testcase classname="ptolemy.util.test.junit.AutoTests" name="[25] /home/travis/build/icyphy/ptII/ptolemy/domains/modal/test/auto/CausalityInterface2.xml (RunModel)" time="0.032" />
  <testcase classname="ptolemy.util.test.junit.AutoTests" name="[26] /home/travis/build/icyphy/ptII/ptolemy/domains/modal/test/auto/CausalityInterface3.xml (RunModel)" time="0.068" />
  <testcase classname="ptolemy.util.test.junit.AutoTests" name="[27] /home/travis/build/icyphy/ptII/ptolemy/domains/modal/test/auto/CausalityInterface4.xml (RunModel)" time="0.038" />
  <testcase classname="ptolemy.util.test.junit.AutoTests" name="[28] /home/travis/build/icyphy/ptII/ptolemy/domains/modal/test/auto/CausalityInterface5.xml (RunModel)" time="0.033" />
  <testcase classname="ptolemy.util.test.junit.AutoTests" name="[29] /home/travis/build/icyphy/ptII/ptolemy/domains/modal/test/auto/CausalityInterface6.xml (RunModel)" time="0.029" />
  <testcase classname="ptolemy.util.test.junit.AutoTests" name="[30] /home/travis/build/icyphy/ptII/ptolemy/domains/modal/test/auto/CausalityInterface7.xml (RunModel)" time="0.052" />
  <testcase classname="ptolemy.util.test.junit.AutoTests" name="[31] /home/travis/build/icyphy/ptII/ptolemy/domains/modal/test/auto/CausalityInterface8.xml (RunModel)" time="0.026" />
  <testcase classname="ptolemy.util.test.junit.AutoTests" name="[32] /home/travis/build/icyphy/ptII/ptolemy/domains/modal/test/auto/CausalityInterface9.xml (RunModel)" time="0.027" />
  <testcase classname="ptolemy.util.test.junit.AutoTests" name="[33] /home/travis/build/icyphy/ptII/ptolemy/domains/modal/test/auto/ChainedTransitions.xml (RunModel)" time="0.107" />
  <testcase classname="ptolemy.util.test.junit.AutoTests" name="[34] /home/travis/build/icyphy/ptII/ptolemy/domains/modal/test/auto/CycleOfImmediateTransitionsFSM.xml (RunModel)" time="0.016" />
  <testcase classname="ptolemy.util.test.junit.AutoTests" name="[35] /home/travis/build/icyphy/ptII/ptolemy/domains/modal/test/auto/CycleOfImmediateTransitionsModal.xml (RunModel)" time="0.019" />
  <testcase classname="ptolemy.util.test.junit.AutoTests" name="[36] /home/travis/build/icyphy/ptII/ptolemy/domains/modal/test/auto/CycleOfImmediateTransitionsModal2.xml (RunModel)" time="0.018" />
  <testcase classname="ptolemy.util.test.junit.AutoTests" name="[37] /home/travis/build/icyphy/ptII/ptolemy/domains/modal/test/auto/CycleOfImmediateTransitionsModal3.xml (RunModel)" time="0.066" />
  <testcase classname="ptolemy.util.test.junit.AutoTests" name="[38] /home/travis/build/icyphy/ptII/ptolemy/domains/modal/test/auto/DeepModal1.xml (RunModel)" time="0.06" />
  <testcase classname="ptolemy.util.test.junit.AutoTests" name="[39] /home/travis/build/icyphy/ptII/ptolemy/domains/modal/test/auto/DeepModal2.xml (RunModel)" time="0.068" />
  <testcase classname="ptolemy.util.test.junit.AutoTests" name="[40] /home/travis/build/icyphy/ptII/ptolemy/domains/modal/test/auto/DeepModal3.xml (RunModel)" time="0.058" />
  <testcase classname="ptolemy.util.test.junit.AutoTests" name="[41] /home/travis/build/icyphy/ptII/ptolemy/domains/modal/test/auto/DeepModal4.xml (RunModel)" time="0.085" />
  <testcase classname="ptolemy.util.test.junit.AutoTests" name="[42] /home/travis/build/icyphy/ptII/ptolemy/domains/modal/test/auto/Default1.xml (RunModel)" time="0.023" />
  <testcase classname="ptolemy.util.test.junit.AutoTests" name="[43] /home/travis/build/icyphy/ptII/ptolemy/domains/modal/test/auto/Default2.xml (RunModel)" time="0.113" />
  <testcase classname="ptolemy.util.test.junit.AutoTests" name="[44] /home/travis/build/icyphy/ptII/ptolemy/domains/modal/test/auto/Default3.xml (RunModel)" time="0.023" />
  <testcase classname="ptolemy.util.test.junit.AutoTests" name="[45] /home/travis/build/icyphy/ptII/ptolemy/domains/modal/test/auto/Default4.xml (RunModel)" time="0.021" />
  <testcase classname="ptolemy.util.test.junit.AutoTests" name="[46] /home/travis/build/icyphy/ptII/ptolemy/domains/modal/test/auto/Default5.xml (RunModel)" time="0.038" />
  <testcase classname="ptolemy.util.test.junit.AutoTests" name="[47] /home/travis/build/icyphy/ptII/ptolemy/domains/modal/test/auto/EmptyGuard.xml (RunModel)" time="0.034" />
  <testcase classname="ptolemy.util.test.junit.AutoTests" name="[48] /home/travis/build/icyphy/ptII/ptolemy/domains/modal/test/auto/ErrorTransition1.xml (RunModel)" time="0.029" />
  <testcase classname="ptolemy.util.test.junit.AutoTests" name="[49] /home/travis/build/icyphy/ptII/ptolemy/domains/modal/test/auto/ErrorTransition10.xml (RunModel)" time="0.039" />
  <testcase classname="ptolemy.util.test.junit.AutoTests" name="[50] /home/travis/build/icyphy/ptII/ptolemy/domains/modal/test/auto/ErrorTransition11.xml (RunModel)" time="0.035" />
  <testcase classname="ptolemy.util.test.junit.AutoTests" name="[51] /home/travis/build/icyphy/ptII/ptolemy/domains/modal/test/auto/ErrorTransition2.xml (RunModel)" time="0.025" />
  <testcase classname="ptolemy.util.test.junit.AutoTests" name="[52] /home/travis/build/icyphy/ptII/ptolemy/domains/modal/test/auto/ErrorTransition3.xml (RunModel)" time="0.035" />
  <testcase classname="ptolemy.util.test.junit.AutoTests" name="[53] /home/travis/build/icyphy/ptII/ptolemy/domains/modal/test/auto/ErrorTransition4.xml (RunModel)" time="0.042" />
  <testcase classname="ptolemy.util.test.junit.AutoTests" name="[54] /home/travis/build/icyphy/ptII/ptolemy/domains/modal/test/auto/ErrorTransition5.xml (RunModel)" time="0.028" />
  <testcase classname="ptolemy.util.test.junit.AutoTests" name="[55] /home/travis/build/icyphy/ptII/ptolemy/domains/modal/test/auto/ErrorTransition6.xml (RunModel)" time="0.03" />
  <testcase classname="ptolemy.util.test.junit.AutoTests" name="[56] /home/travis/build/icyphy/ptII/ptolemy/domains/modal/test/auto/ErrorTransition7.xml (RunModel)" time="0.036" />
  <testcase classname="ptolemy.util.test.junit.AutoTests" name="[57] /home/travis/build/icyphy/ptII/ptolemy/domains/modal/test/auto/ErrorTransition8.xml (RunModel)" time="0.058" />
  <testcase classname="ptolemy.util.test.junit.AutoTests" name="[58] /home/travis/build/icyphy/ptII/ptolemy/domains/modal/test/auto/ErrorTransition9.xml (RunModel)" time="0.053" />
  <testcase classname="ptolemy.util.test.junit.AutoTests" name="[59] /home/travis/build/icyphy/ptII/ptolemy/domains/modal/test/auto/ExtendedFSM.xml (RunModel)" time="0.029" />
  <testcase classname="ptolemy.util.test.junit.AutoTests" name="[60] /home/travis/build/icyphy/ptII/ptolemy/domains/modal/test/auto/FinalStates.xml (RunModel)" time="0.024" />
  <testcase classname="ptolemy.util.test.junit.AutoTests" name="[61] /home/travis/build/icyphy/ptII/ptolemy/domains/modal/test/auto/FixedPointFSM.xml (RunModel)" time="0.043" />
  <testcase classname="ptolemy.util.test.junit.AutoTests" name="[62] /home/travis/build/icyphy/ptII/ptolemy/domains/modal/test/auto/FixedPointIterationFSMActor.xml (RunModel)" time="0.033" />
  <testcase classname="ptolemy.util.test.junit.AutoTests" name="[63] /home/travis/build/icyphy/ptII/ptolemy/domains/modal/test/auto/FixedPointIterationFSMActor2.xml (RunModel)" time="0.036" />
  <testcase classname="ptolemy.util.test.junit.AutoTests" name="[64] /home/travis/build/icyphy/ptII/ptolemy/domains/modal/test/auto/ForbiddenInstantanousLoop.xml (RunModel)" time="0.031" />
  <testcase classname="ptolemy.util.test.junit.AutoTests" name="[65] /home/travis/build/icyphy/ptII/ptolemy/domains/modal/test/auto/FunctionDependencyOfFSMActorTest.xml (RunModel)" time="0.028" />
  <testcase classname="ptolemy.util.test.junit.AutoTests" name="[66] /home/travis/build/icyphy/ptII/ptolemy/domains/modal/test/auto/GuardExpression.xml (RunModel)" time="0.018" />
  <testcase classname="ptolemy.util.test.junit.AutoTests" name="[67] /home/travis/build/icyphy/ptII/ptolemy/domains/modal/test/auto/GuardNotEvaluated.xml (RunModel)" time="0.04" />
  <testcase classname="ptolemy.util.test.junit.AutoTests" name="[68] /home/travis/build/icyphy/ptII/ptolemy/domains/modal/test/auto/GuardNotEvaluated2.xml (RunModel)" time="0.03" />
  <testcase classname="ptolemy.util.test.junit.AutoTests" name="[69] /home/travis/build/icyphy/ptII/ptolemy/domains/modal/test/auto/GuardOnAbsent.xml (RunModel)" time="0.02" />
  <testcase classname="ptolemy.util.test.junit.AutoTests" name="[70] /home/travis/build/icyphy/ptII/ptolemy/domains/modal/test/auto/HierarchicalFSMTypeInference.xml (RunModel)" time="0.026" />
  <testcase classname="ptolemy.util.test.junit.AutoTests" name="[71] /home/travis/build/icyphy/ptII/ptolemy/domains/modal/test/auto/Hysteresis.xml (RunModel)" time="0.037" />
  <testcase classname="ptolemy.util.test.junit.AutoTests" name="[72] /home/travis/build/icyphy/ptII/ptolemy/domains/modal/test/auto/HysteresisWithDefault.xml (RunModel)" time="0.158" />
  <testcase classname="ptolemy.util.test.junit.AutoTests" name="[73] /home/travis/build/icyphy/ptII/ptolemy/domains/modal/test/auto/HysteresisWithDefault2.xml (RunModel)" time="0.067" />
  <testcase classname="ptolemy.util.test.junit.AutoTests" name="[74] /home/travis/build/icyphy/ptII/ptolemy/domains/modal/test/auto/ImmediateNonConstructiveness.xml (RunModel)" time="0.02" />
  <testcase classname="ptolemy.util.test.junit.AutoTests" name="[75] /home/travis/build/icyphy/ptII/ptolemy/domains/modal/test/auto/ImmediateNonConstructiveness2.xml (RunModel)" time="0.017" />
  <testcase classname="ptolemy.util.test.junit.AutoTests" name="[76] /home/travis/build/icyphy/ptII/ptolemy/domains/modal/test/auto/ImmediateTransitionReset.xml (RunModel)" time="0.029" />
  <testcase classname="ptolemy.util.test.junit.AutoTests" name="[77] /home/travis/build/icyphy/ptII/ptolemy/domains/modal/test/auto/ImmediateTransitions1.xml (RunModel)" time="0.04" />
  <testcase classname="ptolemy.util.test.junit.AutoTests" name="[78] /home/travis/build/icyphy/ptII/ptolemy/domains/modal/test/auto/ImmediateTransitionsInstantaneousCommunication.xml (RunModel)" time="0.068" />
  <testcase classname="ptolemy.util.test.junit.AutoTests" name="[79] /home/travis/build/icyphy/ptII/ptolemy/domains/modal/test/auto/InitialImmediateTransition.xml (RunModel)" time="0.057" />
  <testcase classname="ptolemy.util.test.junit.AutoTests" name="[80] /home/travis/build/icyphy/ptII/ptolemy/domains/modal/test/auto/InitialOutputs.xml (RunModel)" time="0.018" />
  <testcase classname="ptolemy.util.test.junit.AutoTests" name="[81] /home/travis/build/icyphy/ptII/ptolemy/domains/modal/test/auto/InitialStateTransition1.xml (RunModel)" time="0.02" />
  <testcase classname="ptolemy.util.test.junit.AutoTests" name="[82] /home/travis/build/icyphy/ptII/ptolemy/domains/modal/test/auto/InitialStateTransition2.xml (RunModel)" time="0.026" />
  <testcase classname="ptolemy.util.test.junit.AutoTests" name="[83] /home/travis/build/icyphy/ptII/ptolemy/domains/modal/test/auto/InitialStateTransition3.xml (RunModel)" time="0.026" />
  <testcase classname="ptolemy.util.test.junit.AutoTests" name="[84] /home/travis/build/icyphy/ptII/ptolemy/domains/modal/test/auto/InitialStateTransition4.xml (RunModel)" time="0.028" />
  <testcase classname="ptolemy.util.test.junit.AutoTests" name="[85] /home/travis/build/icyphy/ptII/ptolemy/domains/modal/test/auto/MalformedGuardExpressionNotCaught.xml (RunModel)" time="0.02" />
  <testcase classname="ptolemy.util.test.junit.AutoTests" name="[86] /home/travis/build/icyphy/ptII/ptolemy/domains/modal/test/auto/ModalBSC.xml (RunModel)" time="0.082" />
  <testcase classname="ptolemy.util.test.junit.AutoTests" name="[87] /home/travis/build/icyphy/ptII/ptolemy/domains/modal/test/auto/ModalClocks.xml (RunModel)" time="0.08" />
  <testcase classname="ptolemy.util.test.junit.AutoTests" name="[88] /home/travis/build/icyphy/ptII/ptolemy/domains/modal/test/auto/ModalDelay.xml (RunModel)" time="0.05" />
  <testcase classname="ptolemy.util.test.junit.AutoTests" name="[89] /home/travis/build/icyphy/ptII/ptolemy/domains/modal/test/auto/ModalDelay2.xml (RunModel)" time="0.044" />
  <testcase classname="ptolemy.util.test.junit.AutoTests" name="[90] /home/travis/build/icyphy/ptII/ptolemy/domains/modal/test/auto/ModalModelFromMemo.xml (RunModel)" time="0.063" />
  <testcase classname="ptolemy.util.test.junit.AutoTests" name="[91] /home/travis/build/icyphy/ptII/ptolemy/domains/modal/test/auto/ModalModelWithMultirateTransient.xml (RunModel)" time="0.052" />
  <testcase classname="ptolemy.util.test.junit.AutoTests" name="[92] /home/travis/build/icyphy/ptII/ptolemy/domains/modal/test/auto/ModalModelWithReset.xml (RunModel)" time="0.05" />
  <testcase classname="ptolemy.util.test.junit.AutoTests" name="[93] /home/travis/build/icyphy/ptII/ptolemy/domains/modal/test/auto/MouseClickFSM.xml (RunModel)" time="0.046" />
  <testcase classname="ptolemy.util.test.junit.AutoTests" name="[94] /home/travis/build/icyphy/ptII/ptolemy/domains/modal/test/auto/MouseClickFSMModal.xml (RunModel)" time="0.037" />
  <testcase classname="ptolemy.util.test.junit.AutoTests" name="[95] /home/travis/build/icyphy/ptII/ptolemy/domains/modal/test/auto/NonStrictFSM_FeedbackLoop.xml (RunModel)" time="0.055" />
  <testcase classname="ptolemy.util.test.junit.AutoTests" name="[96] /home/travis/build/icyphy/ptII/ptolemy/domains/modal/test/auto/NonStrictFSM_FeedbackLoop_Refinement.xml (RunModel)" time="0.079" />
  <testcase classname="ptolemy.util.test.junit.AutoTests" name="[97] /home/travis/build/icyphy/ptII/ptolemy/domains/modal/test/auto/NonStrictFSM_FeedbackLoop_preemptive.xml (RunModel)" time="0.043" />
  <testcase classname="ptolemy.util.test.junit.AutoTests" name="[98] /home/travis/build/icyphy/ptII/ptolemy/domains/modal/test/auto/NormalTermination.xml (RunModel)" time="0.045" />
  <testcase classname="ptolemy.util.test.junit.AutoTests" name="[99] /home/travis/build/icyphy/ptII/ptolemy/domains/modal/test/auto/Pong.xml (RunModel)" time="0.051" />
  <testcase classname="ptolemy.util.test.junit.AutoTests" name="[100] /home/travis/build/icyphy/ptII/ptolemy/domains/modal/test/auto/Pong_test.xml (RunModel)" time="0.105" />
  <testcase classname="ptolemy.util.test.junit.AutoTests" name="[101] /home/travis/build/icyphy/ptII/ptolemy/domains/modal/test/auto/PreemptionHierarchy.xml (RunModel)" time="0.025" />
  <testcase classname="ptolemy.util.test.junit.AutoTests" name="[102] /home/travis/build/icyphy/ptII/ptolemy/domains/modal/test/auto/PreemptionHierarchy2.xml (RunModel)" time="0.032" />
  <testcase classname="ptolemy.util.test.junit.AutoTests" name="[103] /home/travis/build/icyphy/ptII/ptolemy/domains/modal/test/auto/PreemptiveTransition.xml (RunModel)" time="0.023" />
  <testcase classname="ptolemy.util.test.junit.AutoTests" name="[104] /home/travis/build/icyphy/ptII/ptolemy/domains/modal/test/auto/Priorities.xml (RunModel)" time="0.079" />
  <testcase classname="ptolemy.util.test.junit.AutoTests" name="[105] /home/travis/build/icyphy/ptII/ptolemy/domains/modal/test/auto/ResetFinal.xml (RunModel)" time="0.043" />
  <testcase classname="ptolemy.util.test.junit.AutoTests" name="[106] /home/travis/build/icyphy/ptII/ptolemy/domains/modal/test/auto/ResetFinal2.xml (RunModel)" time="0.032" />
  <testcase classname="ptolemy.util.test.junit.AutoTests" name="[107] /home/travis/build/icyphy/ptII/ptolemy/domains/modal/test/auto/ResetTransitionWithStartTime.xml (RunModel)" time="0.031" />
  <testcase classname="ptolemy.util.test.junit.AutoTests" name="[108] /home/travis/build/icyphy/ptII/ptolemy/domains/modal/test/auto/SDF-FSMComposite.xml (RunModel)" time="0.026" />
  <testcase classname="ptolemy.util.test.junit.AutoTests" name="[109] /home/travis/build/icyphy/ptII/ptolemy/domains/modal/test/auto/SeeminglyNondeterminate.xml (RunModel)" time="0.071" />
  <testcase classname="ptolemy.util.test.junit.AutoTests" name="[110] /home/travis/build/icyphy/ptII/ptolemy/domains/modal/test/auto/SeeminglyNondeterminate2.xml (RunModel)" time="0.064" />
  <testcase classname="ptolemy.util.test.junit.AutoTests" name="[111] /home/travis/build/icyphy/ptII/ptolemy/domains/modal/test/auto/SpontaneousFSM.xml (RunModel)" time="0.043" />
  <testcase classname="ptolemy.util.test.junit.AutoTests" name="[112] /home/travis/build/icyphy/ptII/ptolemy/domains/modal/test/auto/SpontaneousFSM2.xml (RunModel)" time="0.033" />
  <testcase classname="ptolemy.util.test.junit.AutoTests" name="[113] /home/travis/build/icyphy/ptII/ptolemy/domains/modal/test/auto/SpontaneousFSM3.xml (RunModel)" time="0.049" />
  <testcase classname="ptolemy.util.test.junit.AutoTests" name="[114] /home/travis/build/icyphy/ptII/ptolemy/domains/modal/test/auto/SpontaneousFSM4.xml (RunModel)" time="0.048" />
  <testcase classname="ptolemy.util.test.junit.AutoTests" name="[115] /home/travis/build/icyphy/ptII/ptolemy/domains/modal/test/auto/StateTrackerTest.xml (RunModel)" time="0.062" />
  <testcase classname="ptolemy.util.test.junit.AutoTests" name="[116] /home/travis/build/icyphy/ptII/ptolemy/domains/modal/test/auto/StrongImmediateTransition.xml (RunModel)" time="0.021" />
  <testcase classname="ptolemy.util.test.junit.AutoTests" name="[117] /home/travis/build/icyphy/ptII/ptolemy/domains/modal/test/auto/SustainHierarchy.xml (RunModel)" time="0.068" />
  <testcase classname="ptolemy.util.test.junit.AutoTests" name="[118] /home/travis/build/icyphy/ptII/ptolemy/domains/modal/test/auto/TerminationTransition1.xml (RunModel)" time="0.051" />
  <testcase classname="ptolemy.util.test.junit.AutoTests" name="[119] /home/travis/build/icyphy/ptII/ptolemy/domains/modal/test/auto/TerminationTransition2.xml (RunModel)" time="0.066" />
  <testcase classname="ptolemy.util.test.junit.AutoTests" name="[120] /home/travis/build/icyphy/ptII/ptolemy/domains/modal/test/auto/TerminationTransition3.xml (RunModel)" time="0.038" />
  <testcase classname="ptolemy.util.test.junit.AutoTests" name="[121] /home/travis/build/icyphy/ptII/ptolemy/domains/modal/test/auto/TerminationTransition4.xml (RunModel)" time="0.034" />
  <testcase classname="ptolemy.util.test.junit.AutoTests" name="[122] /home/travis/build/icyphy/ptII/ptolemy/domains/modal/test/auto/TerminationTransition5.xml (RunModel)" time="0.032" />
  <testcase classname="ptolemy.util.test.junit.AutoTests" name="[123] /home/travis/build/icyphy/ptII/ptolemy/domains/modal/test/auto/TerminationTransition6.xml (RunModel)" time="0.025" />
  <testcase classname="ptolemy.util.test.junit.AutoTests" name="[124] /home/travis/build/icyphy/ptII/ptolemy/domains/modal/test/auto/TerminationTransition7.xml (RunModel)" time="0.021" />
  <testcase classname="ptolemy.util.test.junit.AutoTests" name="[125] /home/travis/build/icyphy/ptII/ptolemy/domains/modal/test/auto/TerminationTransition8.xml (RunModel)" time="0.025" />
  <testcase classname="ptolemy.util.test.junit.AutoTests" name="[126] /home/travis/build/icyphy/ptII/ptolemy/domains/modal/test/auto/Thermostat_NoHysteresis.xml (RunModel)" time="0.051" />
  <testcase classname="ptolemy.util.test.junit.AutoTests" name="[127] /home/travis/build/icyphy/ptII/ptolemy/domains/modal/test/auto/TimedFSM.xml (RunModel)" time="0.029" />
  <testcase classname="ptolemy.util.test.junit.AutoTests" name="[128] /home/travis/build/icyphy/ptII/ptolemy/domains/modal/test/auto/Timeout1.xml (RunModel)" time="0.013" />
  <testcase classname="ptolemy.util.test.junit.AutoTests" name="[129] /home/travis/build/icyphy/ptII/ptolemy/domains/modal/test/auto/Timeout2.xml (RunModel)" time="0.018" />
  <testcase classname="ptolemy.util.test.junit.AutoTests" name="[130] /home/travis/build/icyphy/ptII/ptolemy/domains/modal/test/auto/Timeout3.xml (RunModel)" time="0.012" />
  <testcase classname="ptolemy.util.test.junit.AutoTests" name="[131] /home/travis/build/icyphy/ptII/ptolemy/domains/modal/test/auto/Timeout4.xml (RunModel)" time="0.018" />
  <testcase classname="ptolemy.util.test.junit.AutoTests" name="[132] /home/travis/build/icyphy/ptII/ptolemy/domains/modal/test/auto/TransientstateModelAdvanced.xml (RunModel)" time="0.026" />
  <testcase classname="ptolemy.util.test.junit.AutoTests" name="[133] /home/travis/build/icyphy/ptII/ptolemy/domains/modal/test/auto/TransientstateModelAdvanced2.xml (RunModel)" time="0.031" />
  <testcase classname="ptolemy.util.test.junit.AutoTests" name="[134] /home/travis/build/icyphy/ptII/ptolemy/domains/modal/test/auto/TransitionRefinements.xml (RunModel)" time="0.024" />
  <testcase classname="ptolemy.util.test.junit.AutoTests" name="[135] /home/travis/build/icyphy/ptII/ptolemy/domains/modal/test/auto/TwoRefinements1.xml (RunModel)" time="0.027" />
  <testcase classname="ptolemy.util.test.junit.AutoTests" name="[136] /home/travis/build/icyphy/ptII/ptolemy/domains/modal/test/auto/TwoRefinements2.xml (RunModel)" time="0.023" />
  <testcase classname="ptolemy.util.test.junit.AutoTests" name="[137] /home/travis/build/icyphy/ptII/ptolemy/domains/modal/test/auto/WeakImmediateTransition.xml (RunModel)" time="0.024" />
  <testcase classname="ptolemy.util.test.junit.AutoTests" name="[138] /home/travis/build/icyphy/ptII/ptolemy/domains/modal/test/auto/booleanSelect.xml (RunModel)" time="0.049" />
  <testcase classname="ptolemy.util.test.junit.AutoTests" name="[139] /home/travis/build/icyphy/ptII/ptolemy/domains/modal/test/auto/modalChangingParams.xml (RunModel)" time="0.24" />
  <testcase classname="ptolemy.util.test.junit.AutoTests" name="[140] /home/travis/build/icyphy/ptII/ptolemy/domains/modal/test/auto/modalModel.xml (RunModel)" time="0.019" />
  <testcase classname="ptolemy.util.test.junit.AutoTests" name="[141] /home/travis/build/icyphy/ptII/ptolemy/domains/modal/test/auto/modalModel2.xml (RunModel)" time="0.029" />
  <testcase classname="ptolemy.util.test.junit.AutoTests" name="[142] /home/travis/build/icyphy/ptII/ptolemy/domains/modal/test/auto/modalModel3.xml (RunModel)" time="0.038" />
  <testcase classname="ptolemy.util.test.junit.AutoTests" name="[143] /home/travis/build/icyphy/ptII/ptolemy/domains/modal/test/auto/model1.xml (RunModel)" time="0.018" />
  <testcase classname="ptolemy.util.test.junit.AutoTests" name="[144] /home/travis/build/icyphy/ptII/ptolemy/domains/modal/test/auto/test-direct-in-out.xml (RunModel)" time="0.02" />
  <system-out><![CDATA[/home/travis/build/icyphy/ptII/ptolemy/domains/modal/test/SystemLevelType.tcl
testDefs.tcl: setting time out to 9000 seconds at Thu May 10 01:21:47 UTC 2018
05/10/18 01:21:49
Failed: 0  Total Tests: 1  ((Passed: 1, Newly Passed: 0)  Known Failed: 0) /home/travis/build/icyphy/ptII/ptolemy/domains/modal/test
----------------- testing (KnownFailure) /home/travis/build/icyphy/ptII/ptolemy/domains/modal/test/auto/knownFailedTests/CannotAnalysisWithPreemption.xml
59 ms. Memory: 208384K Free: 188393K (90%)
Known Failure: java.lang.reflect.InvocationTargetException
No auto/*.xml tests in /home/travis/build/icyphy/ptII/ptolemy/domains/modal/test
AutoTests.java: About to close Vertx.
AutoTests.java: Vertx closed.
----------------- testing Thu May 10 01:21:50 UTC 2018 /home/travis/build/icyphy/ptII/ptolemy/domains/modal/test/auto/ABPTest.xml
----------------- Instantiating /home/travis/build/icyphy/ptII/ptolemy/domains/modal/test/auto/ABPTest.xml
291 ms. Memory: 332288K Free: 291650K (88%)
----------------- Invoking toplevel() on ptolemy.moml.MoMLSimpleApplication@157b115b
----------------- Done invoking toplevel() on ptolemy.moml.MoMLSimpleApplication@157b115b
reloadAllAccessors: .ABPTest
----------------- testing Thu May 10 01:21:50 UTC 2018 /home/travis/build/icyphy/ptII/ptolemy/domains/modal/test/auto/ABROFlat.xml
----------------- Instantiating /home/travis/build/icyphy/ptII/ptolemy/domains/modal/test/auto/ABROFlat.xml
15 ms. Memory: 332288K Free: 269475K (81%)
----------------- Invoking toplevel() on ptolemy.moml.MoMLSimpleApplication@7e1f33bd
----------------- Done invoking toplevel() on ptolemy.moml.MoMLSimpleApplication@7e1f33bd
reloadAllAccessors: .ABROFlat
----------------- testing Thu May 10 01:21:50 UTC 2018 /home/travis/build/icyphy/ptII/ptolemy/domains/modal/test/auto/ABROFlat2.xml
----------------- Instantiating /home/travis/build/icyphy/ptII/ptolemy/domains/modal/test/auto/ABROFlat2.xml
20 ms. Memory: 332288K Free: 251493K (76%)
----------------- Invoking toplevel() on ptolemy.moml.MoMLSimpleApplication@1a4ead28
----------------- Done invoking toplevel() on ptolemy.moml.MoMLSimpleApplication@1a4ead28
reloadAllAccessors: .ABROFlat2
----------------- testing Thu May 10 01:21:50 UTC 2018 /home/travis/build/icyphy/ptII/ptolemy/domains/modal/test/auto/ABRO_present_hmm.xml
----------------- Instantiating /home/travis/build/icyphy/ptII/ptolemy/domains/modal/test/auto/ABRO_present_hmm.xml
33 ms. Memory: 332288K Free: 218840K (66%)
----------------- Invoking toplevel() on ptolemy.moml.MoMLSimpleApplication@7ce318dc
----------------- Done invoking toplevel() on ptolemy.moml.MoMLSimpleApplication@7ce318dc
reloadAllAccessors: .ABRO_present_hmm
----------------- testing Thu May 10 01:21:51 UTC 2018 /home/travis/build/icyphy/ptII/ptolemy/domains/modal/test/auto/AMICoderExample.xml
----------------- Instantiating /home/travis/build/icyphy/ptII/ptolemy/domains/modal/test/auto/AMICoderExample.xml
24 ms. Memory: 332288K Free: 207403K (62%)
----------------- Invoking toplevel() on ptolemy.moml.MoMLSimpleApplication@37689b45
----------------- Done invoking toplevel() on ptolemy.moml.MoMLSimpleApplication@37689b45
reloadAllAccessors: .AMICoderExample
----------------- testing Thu May 10 01:21:51 UTC 2018 /home/travis/build/icyphy/ptII/ptolemy/domains/modal/test/auto/AbsentToPresent.xml
----------------- Instantiating /home/travis/build/icyphy/ptII/ptolemy/domains/modal/test/auto/AbsentToPresent.xml
5 ms. Memory: 332288K Free: 197427K (59%)
----------------- Invoking toplevel() on ptolemy.moml.MoMLSimpleApplication@6a3fd13a
----------------- Done invoking toplevel() on ptolemy.moml.MoMLSimpleApplication@6a3fd13a
reloadAllAccessors: .AbsentToPresent
----------------- testing Thu May 10 01:21:51 UTC 2018 /home/travis/build/icyphy/ptII/ptolemy/domains/modal/test/auto/Blending.xml
----------------- Instantiating /home/travis/build/icyphy/ptII/ptolemy/domains/modal/test/auto/Blending.xml
181 ms. Memory: 332288K Free: 146680K (44%)
----------------- Invoking toplevel() on ptolemy.moml.MoMLSimpleApplication@5d26fba8
----------------- Done invoking toplevel() on ptolemy.moml.MoMLSimpleApplication@5d26fba8
reloadAllAccessors: .Blending
----------------- testing Thu May 10 01:21:51 UTC 2018 /home/travis/build/icyphy/ptII/ptolemy/domains/modal/test/auto/Broadcast.xml
----------------- Instantiating /home/travis/build/icyphy/ptII/ptolemy/domains/modal/test/auto/Broadcast.xml
13 ms. Memory: 332288K Free: 133615K (40%)
----------------- Invoking toplevel() on ptolemy.moml.MoMLSimpleApplication@7a9cf9e3
----------------- Done invoking toplevel() on ptolemy.moml.MoMLSimpleApplication@7a9cf9e3
reloadAllAccessors: .Broadcast
----------------- testing Thu May 10 01:21:51 UTC 2018 /home/travis/build/icyphy/ptII/ptolemy/domains/modal/test/auto/BroadcastHierarchy.xml
----------------- Instantiating /home/travis/build/icyphy/ptII/ptolemy/domains/modal/test/auto/BroadcastHierarchy.xml
20 ms. Memory: 332288K Free: 115680K (35%)
----------------- Invoking toplevel() on ptolemy.moml.MoMLSimpleApplication@ea4a95f
----------------- Done invoking toplevel() on ptolemy.moml.MoMLSimpleApplication@ea4a95f
reloadAllAccessors: .BroadcastHierarchy
----------------- testing Thu May 10 01:21:51 UTC 2018 /home/travis/build/icyphy/ptII/ptolemy/domains/modal/test/auto/BroadcastHierarchy2.xml
----------------- Instantiating /home/travis/build/icyphy/ptII/ptolemy/domains/modal/test/auto/BroadcastHierarchy2.xml
25 ms. Memory: 332288K Free: 79731K (24%)
----------------- Invoking toplevel() on ptolemy.moml.MoMLSimpleApplication@6320cd07
----------------- Done invoking toplevel() on ptolemy.moml.MoMLSimpleApplication@6320cd07
reloadAllAccessors: .BroadcastHierarchy2
----------------- testing Thu May 10 01:21:51 UTC 2018 /home/travis/build/icyphy/ptII/ptolemy/domains/modal/test/auto/BroadcastHierarchy3.xml
----------------- Instantiating /home/travis/build/icyphy/ptII/ptolemy/domains/modal/test/auto/BroadcastHierarchy3.xml
19 ms. Memory: 333824K Free: 297543K (89%)
----------------- Invoking toplevel() on ptolemy.moml.MoMLSimpleApplication@45c34c20
----------------- Done invoking toplevel() on ptolemy.moml.MoMLSimpleApplication@45c34c20
reloadAllAccessors: .BroadcastHierarchy3
----------------- testing Thu May 10 01:21:51 UTC 2018 /home/travis/build/icyphy/ptII/ptolemy/domains/modal/test/auto/BroadcastHierarchy4.xml
----------------- Instantiating /home/travis/build/icyphy/ptII/ptolemy/domains/modal/test/auto/BroadcastHierarchy4.xml
21 ms. Memory: 333824K Free: 257680K (77%)
----------------- Invoking toplevel() on ptolemy.moml.MoMLSimpleApplication@5f2f9b83
----------------- Done invoking toplevel() on ptolemy.moml.MoMLSimpleApplication@5f2f9b83
reloadAllAccessors: .BroadcastHierarchy4
----------------- testing Thu May 10 01:21:51 UTC 2018 /home/travis/build/icyphy/ptII/ptolemy/domains/modal/test/auto/CannotAnalysisWithPreemption2.xml
----------------- Instantiating /home/travis/build/icyphy/ptII/ptolemy/domains/modal/test/auto/CannotAnalysisWithPreemption2.xml
6 ms. Memory: 333824K Free: 247894K (74%)
----------------- Invoking toplevel() on ptolemy.moml.MoMLSimpleApplication@504bb63a
----------------- Done invoking toplevel() on ptolemy.moml.MoMLSimpleApplication@504bb63a
reloadAllAccessors: .CannotAnalysisWithPreemption2
----------------- testing Thu May 10 01:21:52 UTC 2018 /home/travis/build/icyphy/ptII/ptolemy/domains/modal/test/auto/CannotAnalysisWithPreemption3.xml
----------------- Instantiating /home/travis/build/icyphy/ptII/ptolemy/domains/modal/test/auto/CannotAnalysisWithPreemption3.xml
4 ms. Memory: 333824K Free: 234837K (70%)
----------------- Invoking toplevel() on ptolemy.moml.MoMLSimpleApplication@556f1308
----------------- Done invoking toplevel() on ptolemy.moml.MoMLSimpleApplication@556f1308
reloadAllAccessors: .CannotAnalysisWithPreemption3
----------------- testing Thu May 10 01:21:52 UTC 2018 /home/travis/build/icyphy/ptII/ptolemy/domains/modal/test/auto/CannotProduce.xml
----------------- Instantiating /home/travis/build/icyphy/ptII/ptolemy/domains/modal/test/auto/CannotProduce.xml
11 ms. Memory: 333824K Free: 226022K (68%)
----------------- Invoking toplevel() on ptolemy.moml.MoMLSimpleApplication@21c5e5e9
----------------- Done invoking toplevel() on ptolemy.moml.MoMLSimpleApplication@21c5e5e9
reloadAllAccessors: .CannotProduce
----------------- testing Thu May 10 01:21:52 UTC 2018 /home/travis/build/icyphy/ptII/ptolemy/domains/modal/test/auto/CannotProduceModal.xml
----------------- Instantiating /home/travis/build/icyphy/ptII/ptolemy/domains/modal/test/auto/CannotProduceModal.xml
7 ms. Memory: 333824K Free: 217849K (65%)
----------------- Invoking toplevel() on ptolemy.moml.MoMLSimpleApplication@5a69b28b
----------------- Done invoking toplevel() on ptolemy.moml.MoMLSimpleApplication@5a69b28b
reloadAllAccessors: .CannotProduceModal
----------------- testing Thu May 10 01:21:52 UTC 2018 /home/travis/build/icyphy/ptII/ptolemy/domains/modal/test/auto/Case.xml
----------------- Instantiating /home/travis/build/icyphy/ptII/ptolemy/domains/modal/test/auto/Case.xml
32 ms. Memory: 333824K Free: 204775K (61%)
----------------- Invoking toplevel() on ptolemy.moml.MoMLSimpleApplication@47863e3c
----------------- Done invoking toplevel() on ptolemy.moml.MoMLSimpleApplication@47863e3c
reloadAllAccessors: .Case
----------------- testing Thu May 10 01:21:52 UTC 2018 /home/travis/build/icyphy/ptII/ptolemy/domains/modal/test/auto/Case1.xml
----------------- Instantiating /home/travis/build/icyphy/ptII/ptolemy/domains/modal/test/auto/Case1.xml
10 ms. Memory: 333824K Free: 194331K (58%)
----------------- Invoking toplevel() on ptolemy.moml.MoMLSimpleApplication@3f65542f
----------------- Done invoking toplevel() on ptolemy.moml.MoMLSimpleApplication@3f65542f
reloadAllAccessors: .Case1
----------------- testing Thu May 10 01:21:52 UTC 2018 /home/travis/build/icyphy/ptII/ptolemy/domains/modal/test/auto/Case2.xml
----------------- Instantiating /home/travis/build/icyphy/ptII/ptolemy/domains/modal/test/auto/Case2.xml
13 ms. Memory: 333824K Free: 182878K (55%)
----------------- Invoking toplevel() on ptolemy.moml.MoMLSimpleApplication@61a2e351
----------------- Done invoking toplevel() on ptolemy.moml.MoMLSimpleApplication@61a2e351
reloadAllAccessors: .Case2
----------------- testing Thu May 10 01:21:52 UTC 2018 /home/travis/build/icyphy/ptII/ptolemy/domains/modal/test/auto/CausalityInterface1.xml
----------------- Instantiating /home/travis/build/icyphy/ptII/ptolemy/domains/modal/test/auto/CausalityInterface1.xml
11 ms. Memory: 333824K Free: 176349K (53%)
----------------- Invoking toplevel() on ptolemy.moml.MoMLSimpleApplication@7b1be55d
----------------- Done invoking toplevel() on ptolemy.moml.MoMLSimpleApplication@7b1be55d
reloadAllAccessors: .CausalityInterface1
----------------- testing Thu May 10 01:21:52 UTC 2018 /home/travis/build/icyphy/ptII/ptolemy/domains/modal/test/auto/CausalityInterface10.xml
----------------- Instantiating /home/travis/build/icyphy/ptII/ptolemy/domains/modal/test/auto/CausalityInterface10.xml
14 ms. Memory: 333824K Free: 157732K (47%)
----------------- Invoking toplevel() on ptolemy.moml.MoMLSimpleApplication@aee24cb
----------------- Done invoking toplevel() on ptolemy.moml.MoMLSimpleApplication@aee24cb
reloadAllAccessors: .CausalityInterface10
----------------- testing Thu May 10 01:21:52 UTC 2018 /home/travis/build/icyphy/ptII/ptolemy/domains/modal/test/auto/CausalityInterface11.xml
----------------- Instantiating /home/travis/build/icyphy/ptII/ptolemy/domains/modal/test/auto/CausalityInterface11.xml
10 ms. Memory: 333824K Free: 141354K (42%)
----------------- Invoking toplevel() on ptolemy.moml.MoMLSimpleApplication@6499c358
----------------- Done invoking toplevel() on ptolemy.moml.MoMLSimpleApplication@6499c358
reloadAllAccessors: .CausalityInterface11
----------------- testing Thu May 10 01:21:52 UTC 2018 /home/travis/build/icyphy/ptII/ptolemy/domains/modal/test/auto/CausalityInterface12.xml
----------------- Instantiating /home/travis/build/icyphy/ptII/ptolemy/domains/modal/test/auto/CausalityInterface12.xml
4 ms. Memory: 333824K Free: 125001K (37%)
----------------- Invoking toplevel() on ptolemy.moml.MoMLSimpleApplication@24dce0eb
----------------- Done invoking toplevel() on ptolemy.moml.MoMLSimpleApplication@24dce0eb
reloadAllAccessors: .CausalityInterface12
----------------- testing Thu May 10 01:21:52 UTC 2018 /home/travis/build/icyphy/ptII/ptolemy/domains/modal/test/auto/CausalityInterface13.xml
----------------- Instantiating /home/travis/build/icyphy/ptII/ptolemy/domains/modal/test/auto/CausalityInterface13.xml
6 ms. Memory: 333824K Free: 106368K (32%)
----------------- Invoking toplevel() on ptolemy.moml.MoMLSimpleApplication@4b1d2632
----------------- Done invoking toplevel() on ptolemy.moml.MoMLSimpleApplication@4b1d2632
reloadAllAccessors: .CausalityInterface13
----------------- testing Thu May 10 01:21:52 UTC 2018 /home/travis/build/icyphy/ptII/ptolemy/domains/modal/test/auto/CausalityInterface14.xml
----------------- Instantiating /home/travis/build/icyphy/ptII/ptolemy/domains/modal/test/auto/CausalityInterface14.xml
8 ms. Memory: 333824K Free: 90038K (27%)
----------------- Invoking toplevel() on ptolemy.moml.MoMLSimpleApplication@53f0caf5
----------------- Done invoking toplevel() on ptolemy.moml.MoMLSimpleApplication@53f0caf5
reloadAllAccessors: .CausalityInterface14
----------------- testing Thu May 10 01:21:52 UTC 2018 /home/travis/build/icyphy/ptII/ptolemy/domains/modal/test/auto/CausalityInterface2.xml
----------------- Instantiating /home/travis/build/icyphy/ptII/ptolemy/domains/modal/test/auto/CausalityInterface2.xml
4 ms. Memory: 333824K Free: 81873K (25%)
----------------- Invoking toplevel() on ptolemy.moml.MoMLSimpleApplication@16fecc97
----------------- Done invoking toplevel() on ptolemy.moml.MoMLSimpleApplication@16fecc97
reloadAllAccessors: .CausalityInterface2
----------------- testing Thu May 10 01:21:52 UTC 2018 /home/travis/build/icyphy/ptII/ptolemy/domains/modal/test/auto/CausalityInterface3.xml
----------------- Instantiating /home/travis/build/icyphy/ptII/ptolemy/domains/modal/test/auto/CausalityInterface3.xml
4 ms. Memory: 577536K Free: 557464K (97%)
----------------- Invoking toplevel() on ptolemy.moml.MoMLSimpleApplication@5e8f892
----------------- Done invoking toplevel() on ptolemy.moml.MoMLSimpleApplication@5e8f892
reloadAllAccessors: .CausalityInterface3
----------------- testing Thu May 10 01:21:52 UTC 2018 /home/travis/build/icyphy/ptII/ptolemy/domains/modal/test/auto/CausalityInterface4.xml
----------------- Instantiating /home/travis/build/icyphy/ptII/ptolemy/domains/modal/test/auto/CausalityInterface4.xml
3 ms. Memory: 577536K Free: 544574K (94%)
----------------- Invoking toplevel() on ptolemy.moml.MoMLSimpleApplication@1cf62bc9
----------------- Done invoking toplevel() on ptolemy.moml.MoMLSimpleApplication@1cf62bc9
reloadAllAccessors: .CausalityInterface4
----------------- testing Thu May 10 01:21:52 UTC 2018 /home/travis/build/icyphy/ptII/ptolemy/domains/modal/test/auto/CausalityInterface5.xml
----------------- Instantiating /home/travis/build/icyphy/ptII/ptolemy/domains/modal/test/auto/CausalityInterface5.xml
3 ms. Memory: 577536K Free: 531546K (92%)
----------------- Invoking toplevel() on ptolemy.moml.MoMLSimpleApplication@7e7c876d
----------------- Done invoking toplevel() on ptolemy.moml.MoMLSimpleApplication@7e7c876d
reloadAllAccessors: .CausalityInterface5
----------------- testing Thu May 10 01:21:52 UTC 2018 /home/travis/build/icyphy/ptII/ptolemy/domains/modal/test/auto/CausalityInterface6.xml
----------------- Instantiating /home/travis/build/icyphy/ptII/ptolemy/domains/modal/test/auto/CausalityInterface6.xml
4 ms. Memory: 577536K Free: 518518K (90%)
----------------- Invoking toplevel() on ptolemy.moml.MoMLSimpleApplication@7c837a93
----------------- Done invoking toplevel() on ptolemy.moml.MoMLSimpleApplication@7c837a93
reloadAllAccessors: .CausalityInterface6
----------------- testing Thu May 10 01:21:52 UTC 2018 /home/travis/build/icyphy/ptII/ptolemy/domains/modal/test/auto/CausalityInterface7.xml
----------------- Instantiating /home/travis/build/icyphy/ptII/ptolemy/domains/modal/test/auto/CausalityInterface7.xml
3 ms. Memory: 577536K Free: 505498K (88%)
----------------- Invoking toplevel() on ptolemy.moml.MoMLSimpleApplication@57e539be
----------------- Done invoking toplevel() on ptolemy.moml.MoMLSimpleApplication@57e539be
reloadAllAccessors: .CausalityInterface7
----------------- testing Thu May 10 01:21:52 UTC 2018 /home/travis/build/icyphy/ptII/ptolemy/domains/modal/test/auto/CausalityInterface8.xml
----------------- Instantiating /home/travis/build/icyphy/ptII/ptolemy/domains/modal/test/auto/CausalityInterface8.xml
4 ms. Memory: 577536K Free: 489338K (85%)
----------------- Invoking toplevel() on ptolemy.moml.MoMLSimpleApplication@193fc55f
----------------- Done invoking toplevel() on ptolemy.moml.MoMLSimpleApplication@193fc55f
reloadAllAccessors: .CausalityInterface8
----------------- testing Thu May 10 01:21:52 UTC 2018 /home/travis/build/icyphy/ptII/ptolemy/domains/modal/test/auto/CausalityInterface9.xml
----------------- Instantiating /home/travis/build/icyphy/ptII/ptolemy/domains/modal/test/auto/CausalityInterface9.xml
3 ms. Memory: 577536K Free: 476311K (82%)
----------------- Invoking toplevel() on ptolemy.moml.MoMLSimpleApplication@27859927
----------------- Done invoking toplevel() on ptolemy.moml.MoMLSimpleApplication@27859927
reloadAllAccessors: .CausalityInterface9
----------------- testing Thu May 10 01:21:52 UTC 2018 /home/travis/build/icyphy/ptII/ptolemy/domains/modal/test/auto/ChainedTransitions.xml
----------------- Instantiating /home/travis/build/icyphy/ptII/ptolemy/domains/modal/test/auto/ChainedTransitions.xml
55 ms. Memory: 577536K Free: 447002K (77%)
----------------- Invoking toplevel() on ptolemy.moml.MoMLSimpleApplication@2160030c
----------------- Done invoking toplevel() on ptolemy.moml.MoMLSimpleApplication@2160030c
reloadAllAccessors: .ChainedTransitions
----------------- testing Thu May 10 01:21:53 UTC 2018 /home/travis/build/icyphy/ptII/ptolemy/domains/modal/test/auto/CycleOfImmediateTransitionsFSM.xml
----------------- Instantiating /home/travis/build/icyphy/ptII/ptolemy/domains/modal/test/auto/CycleOfImmediateTransitionsFSM.xml
2 ms. Memory: 577536K Free: 437243K (76%)
----------------- Invoking toplevel() on ptolemy.moml.MoMLSimpleApplication@6d311aeb
----------------- Done invoking toplevel() on ptolemy.moml.MoMLSimpleApplication@6d311aeb
reloadAllAccessors: .CycleOfImmediateTransitionsFSM
----------------- testing Thu May 10 01:21:53 UTC 2018 /home/travis/build/icyphy/ptII/ptolemy/domains/modal/test/auto/CycleOfImmediateTransitionsModal.xml
----------------- Instantiating /home/travis/build/icyphy/ptII/ptolemy/domains/modal/test/auto/CycleOfImmediateTransitionsModal.xml
2 ms. Memory: 577536K Free: 424336K (73%)
----------------- Invoking toplevel() on ptolemy.moml.MoMLSimpleApplication@895ab85
----------------- Done invoking toplevel() on ptolemy.moml.MoMLSimpleApplication@895ab85
reloadAllAccessors: .CycleOfImmediateTransitionsModal
----------------- testing Thu May 10 01:21:53 UTC 2018 /home/travis/build/icyphy/ptII/ptolemy/domains/modal/test/auto/CycleOfImmediateTransitionsModal2.xml
----------------- Instantiating /home/travis/build/icyphy/ptII/ptolemy/domains/modal/test/auto/CycleOfImmediateTransitionsModal2.xml
2 ms. Memory: 577536K Free: 414561K (72%)
----------------- Invoking toplevel() on ptolemy.moml.MoMLSimpleApplication@2b114924
----------------- Done invoking toplevel() on ptolemy.moml.MoMLSimpleApplication@2b114924
reloadAllAccessors: .CycleOfImmediateTransitionsModal2
----------------- testing Thu May 10 01:21:53 UTC 2018 /home/travis/build/icyphy/ptII/ptolemy/domains/modal/test/auto/CycleOfImmediateTransitionsModal3.xml
----------------- Instantiating /home/travis/build/icyphy/ptII/ptolemy/domains/modal/test/auto/CycleOfImmediateTransitionsModal3.xml
12 ms. Memory: 577536K Free: 385252K (67%)
----------------- Invoking toplevel() on ptolemy.moml.MoMLSimpleApplication@1f9bff3d
----------------- Done invoking toplevel() on ptolemy.moml.MoMLSimpleApplication@1f9bff3d
reloadAllAccessors: .CycleOfImmediateTransitionsModal3
----------------- testing Thu May 10 01:21:53 UTC 2018 /home/travis/build/icyphy/ptII/ptolemy/domains/modal/test/auto/DeepModal1.xml
----------------- Instantiating /home/travis/build/icyphy/ptII/ptolemy/domains/modal/test/auto/DeepModal1.xml
30 ms. Memory: 577536K Free: 365702K (63%)
----------------- Invoking toplevel() on ptolemy.moml.MoMLSimpleApplication@38d7845c
----------------- Done invoking toplevel() on ptolemy.moml.MoMLSimpleApplication@38d7845c
reloadAllAccessors: .DeepModal1
----------------- testing Thu May 10 01:21:53 UTC 2018 /home/travis/build/icyphy/ptII/ptolemy/domains/modal/test/auto/DeepModal2.xml
----------------- Instantiating /home/travis/build/icyphy/ptII/ptolemy/domains/modal/test/auto/DeepModal2.xml
28 ms. Memory: 577536K Free: 339759K (59%)
----------------- Invoking toplevel() on ptolemy.moml.MoMLSimpleApplication@4278364b
----------------- Done invoking toplevel() on ptolemy.moml.MoMLSimpleApplication@4278364b
reloadAllAccessors: .DeepModal2
----------------- testing Thu May 10 01:21:53 UTC 2018 /home/travis/build/icyphy/ptII/ptolemy/domains/modal/test/auto/DeepModal3.xml
----------------- Instantiating /home/travis/build/icyphy/ptII/ptolemy/domains/modal/test/auto/DeepModal3.xml
22 ms. Memory: 577536K Free: 312061K (54%)
----------------- Invoking toplevel() on ptolemy.moml.MoMLSimpleApplication@2278c4f7
----------------- Done invoking toplevel() on ptolemy.moml.MoMLSimpleApplication@2278c4f7
reloadAllAccessors: .DeepModal3
----------------- testing Thu May 10 01:21:53 UTC 2018 /home/travis/build/icyphy/ptII/ptolemy/domains/modal/test/auto/DeepModal4.xml
----------------- Instantiating /home/travis/build/icyphy/ptII/ptolemy/domains/modal/test/auto/DeepModal4.xml
31 ms. Memory: 577536K Free: 289250K (50%)
----------------- Invoking toplevel() on ptolemy.moml.MoMLSimpleApplication@592aed5e
----------------- Done invoking toplevel() on ptolemy.moml.MoMLSimpleApplication@592aed5e
reloadAllAccessors: .DeepModal4
----------------- testing Thu May 10 01:21:53 UTC 2018 /home/travis/build/icyphy/ptII/ptolemy/domains/modal/test/auto/Default1.xml
----------------- Instantiating /home/travis/build/icyphy/ptII/ptolemy/domains/modal/test/auto/Default1.xml
3 ms. Memory: 577536K Free: 279475K (48%)
----------------- Invoking toplevel() on ptolemy.moml.MoMLSimpleApplication@6b96930c
----------------- Done invoking toplevel() on ptolemy.moml.MoMLSimpleApplication@6b96930c
reloadAllAccessors: .Default1
----------------- testing Thu May 10 01:21:53 UTC 2018 /home/travis/build/icyphy/ptII/ptolemy/domains/modal/test/auto/Default2.xml
----------------- Instantiating /home/travis/build/icyphy/ptII/ptolemy/domains/modal/test/auto/Default2.xml
88 ms. Memory: 577536K Free: 263316K (46%)
----------------- Invoking toplevel() on ptolemy.moml.MoMLSimpleApplication@542f0c7b
----------------- Done invoking toplevel() on ptolemy.moml.MoMLSimpleApplication@542f0c7b
reloadAllAccessors: .Default2
----------------- testing Thu May 10 01:21:53 UTC 2018 /home/travis/build/icyphy/ptII/ptolemy/domains/modal/test/auto/Default3.xml
----------------- Instantiating /home/travis/build/icyphy/ptII/ptolemy/domains/modal/test/auto/Default3.xml
4 ms. Memory: 577536K Free: 253541K (44%)
----------------- Invoking toplevel() on ptolemy.moml.MoMLSimpleApplication@3e89444
----------------- Done invoking toplevel() on ptolemy.moml.MoMLSimpleApplication@3e89444
reloadAllAccessors: .Default3
----------------- testing Thu May 10 01:21:53 UTC 2018 /home/travis/build/icyphy/ptII/ptolemy/domains/modal/test/auto/Default4.xml
----------------- Instantiating /home/travis/build/icyphy/ptII/ptolemy/domains/modal/test/auto/Default4.xml
3 ms. Memory: 577536K Free: 243774K (42%)
----------------- Invoking toplevel() on ptolemy.moml.MoMLSimpleApplication@42413c3c
----------------- Done invoking toplevel() on ptolemy.moml.MoMLSimpleApplication@42413c3c
reloadAllAccessors: .Default4
----------------- testing Thu May 10 01:21:53 UTC 2018 /home/travis/build/icyphy/ptII/ptolemy/domains/modal/test/auto/Default5.xml
----------------- Instantiating /home/travis/build/icyphy/ptII/ptolemy/domains/modal/test/auto/Default5.xml
10 ms. Memory: 577536K Free: 230762K (40%)
----------------- Invoking toplevel() on ptolemy.moml.MoMLSimpleApplication@503993fb
----------------- Done invoking toplevel() on ptolemy.moml.MoMLSimpleApplication@503993fb
reloadAllAccessors: .Default5
----------------- testing Thu May 10 01:21:53 UTC 2018 /home/travis/build/icyphy/ptII/ptolemy/domains/modal/test/auto/EmptyGuard.xml
----------------- Instantiating /home/travis/build/icyphy/ptII/ptolemy/domains/modal/test/auto/EmptyGuard.xml
12 ms. Memory: 577536K Free: 217871K (38%)
----------------- Invoking toplevel() on ptolemy.moml.MoMLSimpleApplication@241f9da6
----------------- Done invoking toplevel() on ptolemy.moml.MoMLSimpleApplication@241f9da6
reloadAllAccessors: .EmptyGuard
----------------- testing Thu May 10 01:21:53 UTC 2018 /home/travis/build/icyphy/ptII/ptolemy/domains/modal/test/auto/ErrorTransition1.xml
----------------- Instantiating /home/travis/build/icyphy/ptII/ptolemy/domains/modal/test/auto/ErrorTransition1.xml
6 ms. Memory: 577536K Free: 204827K (35%)
----------------- Invoking toplevel() on ptolemy.moml.MoMLSimpleApplication@3b625a50
----------------- Done invoking toplevel() on ptolemy.moml.MoMLSimpleApplication@3b625a50
reloadAllAccessors: .ErrorTransition1
----------------- testing Thu May 10 01:21:53 UTC 2018 /home/travis/build/icyphy/ptII/ptolemy/domains/modal/test/auto/ErrorTransition10.xml
----------------- Instantiating /home/travis/build/icyphy/ptII/ptolemy/domains/modal/test/auto/ErrorTransition10.xml
9 ms. Memory: 577536K Free: 188530K (33%)
----------------- Invoking toplevel() on ptolemy.moml.MoMLSimpleApplication@e4b798
----------------- Done invoking toplevel() on ptolemy.moml.MoMLSimpleApplication@e4b798
reloadAllAccessors: .ErrorTransition10
----------------- testing Thu May 10 01:21:53 UTC 2018 /home/travis/build/icyphy/ptII/ptolemy/domains/modal/test/auto/ErrorTransition11.xml
----------------- Instantiating /home/travis/build/icyphy/ptII/ptolemy/domains/modal/test/auto/ErrorTransition11.xml
4 ms. Memory: 577536K Free: 172250K (30%)
----------------- Invoking toplevel() on ptolemy.moml.MoMLSimpleApplication@762975ee
----------------- Done invoking toplevel() on ptolemy.moml.MoMLSimpleApplication@762975ee
reloadAllAccessors: .ErrorTransition11
----------------- testing Thu May 10 01:21:53 UTC 2018 /home/travis/build/icyphy/ptII/ptolemy/domains/modal/test/auto/ErrorTransition2.xml
----------------- Instantiating /home/travis/build/icyphy/ptII/ptolemy/domains/modal/test/auto/ErrorTransition2.xml
6 ms. Memory: 577536K Free: 159206K (28%)
----------------- Invoking toplevel() on ptolemy.moml.MoMLSimpleApplication@4a04cf74
----------------- Done invoking toplevel() on ptolemy.moml.MoMLSimpleApplication@4a04cf74
reloadAllAccessors: .ErrorTransition2
----------------- testing Thu May 10 01:21:53 UTC 2018 /home/travis/build/icyphy/ptII/ptolemy/domains/modal/test/auto/ErrorTransition3.xml
----------------- Instantiating /home/travis/build/icyphy/ptII/ptolemy/domains/modal/test/auto/ErrorTransition3.xml
10 ms. Memory: 577536K Free: 143062K (25%)
----------------- Invoking toplevel() on ptolemy.moml.MoMLSimpleApplication@28da0a67
----------------- Done invoking toplevel() on ptolemy.moml.MoMLSimpleApplication@28da0a67
reloadAllAccessors: .ErrorTransition3
----------------- testing Thu May 10 01:21:53 UTC 2018 /home/travis/build/icyphy/ptII/ptolemy/domains/modal/test/auto/ErrorTransition4.xml
----------------- Instantiating /home/travis/build/icyphy/ptII/ptolemy/domains/modal/test/auto/ErrorTransition4.xml
12 ms. Memory: 577536K Free: 130034K (23%)
----------------- Invoking toplevel() on ptolemy.moml.MoMLSimpleApplication@14978fd1
----------------- Done invoking toplevel() on ptolemy.moml.MoMLSimpleApplication@14978fd1
reloadAllAccessors: .ErrorTransition4
----------------- testing Thu May 10 01:21:53 UTC 2018 /home/travis/build/icyphy/ptII/ptolemy/domains/modal/test/auto/ErrorTransition5.xml
----------------- Instantiating /home/travis/build/icyphy/ptII/ptolemy/domains/modal/test/auto/ErrorTransition5.xml
5 ms. Memory: 577536K Free: 117014K (20%)
----------------- Invoking toplevel() on ptolemy.moml.MoMLSimpleApplication@6c08aa6d
----------------- Done invoking toplevel() on ptolemy.moml.MoMLSimpleApplication@6c08aa6d
reloadAllAccessors: .ErrorTransition5
----------------- testing Thu May 10 01:21:53 UTC 2018 /home/travis/build/icyphy/ptII/ptolemy/domains/modal/test/auto/ErrorTransition6.xml
----------------- Instantiating /home/travis/build/icyphy/ptII/ptolemy/domains/modal/test/auto/ErrorTransition6.xml
6 ms. Memory: 577536K Free: 103994K (18%)
----------------- Invoking toplevel() on ptolemy.moml.MoMLSimpleApplication@607d58fc
----------------- Done invoking toplevel() on ptolemy.moml.MoMLSimpleApplication@607d58fc
reloadAllAccessors: .ErrorTransition6
----------------- testing Thu May 10 01:21:54 UTC 2018 /home/travis/build/icyphy/ptII/ptolemy/domains/modal/test/auto/ErrorTransition7.xml
----------------- Instantiating /home/travis/build/icyphy/ptII/ptolemy/domains/modal/test/auto/ErrorTransition7.xml
9 ms. Memory: 577536K Free: 84565K (15%)
----------------- Invoking toplevel() on ptolemy.moml.MoMLSimpleApplication@2e91b2
----------------- Done invoking toplevel() on ptolemy.moml.MoMLSimpleApplication@2e91b2
reloadAllAccessors: .ErrorTransition7
----------------- testing Thu May 10 01:21:54 UTC 2018 /home/travis/build/icyphy/ptII/ptolemy/domains/modal/test/auto/ErrorTransition8.xml
----------------- Instantiating /home/travis/build/icyphy/ptII/ptolemy/domains/modal/test/auto/ErrorTransition8.xml
23 ms. Memory: 578048K Free: 552161K (96%)
----------------- Invoking toplevel() on ptolemy.moml.MoMLSimpleApplication@6c0bd5ce
----------------- Done invoking toplevel() on ptolemy.moml.MoMLSimpleApplication@6c0bd5ce
reloadAllAccessors: .ErrorTransition8
----------------- testing Thu May 10 01:21:54 UTC 2018 /home/travis/build/icyphy/ptII/ptolemy/domains/modal/test/auto/ErrorTransition9.xml
----------------- Instantiating /home/travis/build/icyphy/ptII/ptolemy/domains/modal/test/auto/ErrorTransition9.xml
14 ms. Memory: 578048K Free: 532845K (92%)
----------------- Invoking toplevel() on ptolemy.moml.MoMLSimpleApplication@747b8a9b
----------------- Done invoking toplevel() on ptolemy.moml.MoMLSimpleApplication@747b8a9b
reloadAllAccessors: .ErrorTransition9
----------------- testing Thu May 10 01:21:54 UTC 2018 /home/travis/build/icyphy/ptII/ptolemy/domains/modal/test/auto/ExtendedFSM.xml
----------------- Instantiating /home/travis/build/icyphy/ptII/ptolemy/domains/modal/test/auto/ExtendedFSM.xml
11 ms. Memory: 578048K Free: 523070K (90%)
----------------- Invoking toplevel() on ptolemy.moml.MoMLSimpleApplication@bc8988f
----------------- Done invoking toplevel() on ptolemy.moml.MoMLSimpleApplication@bc8988f
reloadAllAccessors: .ExtendedFSM
----------------- testing Thu May 10 01:21:54 UTC 2018 /home/travis/build/icyphy/ptII/ptolemy/domains/modal/test/auto/FinalStates.xml
----------------- Instantiating /home/travis/build/icyphy/ptII/ptolemy/domains/modal/test/auto/FinalStates.xml
6 ms. Memory: 578048K Free: 511105K (88%)
----------------- Invoking toplevel() on ptolemy.moml.MoMLSimpleApplication@11a295aa
----------------- Done invoking toplevel() on ptolemy.moml.MoMLSimpleApplication@11a295aa
reloadAllAccessors: .FinalStates
----------------- testing Thu May 10 01:21:54 UTC 2018 /home/travis/build/icyphy/ptII/ptolemy/domains/modal/test/auto/FixedPointFSM.xml
----------------- Instantiating /home/travis/build/icyphy/ptII/ptolemy/domains/modal/test/auto/FixedPointFSM.xml
19 ms. Memory: 578048K Free: 493971K (85%)
----------------- Invoking toplevel() on ptolemy.moml.MoMLSimpleApplication@534a9728
----------------- Done invoking toplevel() on ptolemy.moml.MoMLSimpleApplication@534a9728
reloadAllAccessors: .FixedPointFSM
----------------- testing Thu May 10 01:21:54 UTC 2018 /home/travis/build/icyphy/ptII/ptolemy/domains/modal/test/auto/FixedPointIterationFSMActor.xml
----------------- Instantiating /home/travis/build/icyphy/ptII/ptolemy/domains/modal/test/auto/FixedPointIterationFSMActor.xml
7 ms. Memory: 578048K Free: 481756K (83%)
----------------- Invoking toplevel() on ptolemy.moml.MoMLSimpleApplication@2ae4ccdf
----------------- Done invoking toplevel() on ptolemy.moml.MoMLSimpleApplication@2ae4ccdf
reloadAllAccessors: .FixedPointIterationFSMActor
----------------- testing Thu May 10 01:21:54 UTC 2018 /home/travis/build/icyphy/ptII/ptolemy/domains/modal/test/auto/FixedPointIterationFSMActor2.xml
----------------- Instantiating /home/travis/build/icyphy/ptII/ptolemy/domains/modal/test/auto/FixedPointIterationFSMActor2.xml
13 ms. Memory: 578048K Free: 464911K (80%)
----------------- Invoking toplevel() on ptolemy.moml.MoMLSimpleApplication@72b7575e
----------------- Done invoking toplevel() on ptolemy.moml.MoMLSimpleApplication@72b7575e
reloadAllAccessors: .FixedPointIterationFSMActor2
----------------- testing Thu May 10 01:21:54 UTC 2018 /home/travis/build/icyphy/ptII/ptolemy/domains/modal/test/auto/ForbiddenInstantanousLoop.xml
----------------- Instantiating /home/travis/build/icyphy/ptII/ptolemy/domains/modal/test/auto/ForbiddenInstantanousLoop.xml
5 ms. Memory: 578048K Free: 450241K (78%)
----------------- Invoking toplevel() on ptolemy.moml.MoMLSimpleApplication@11eadf50
----------------- Done invoking toplevel() on ptolemy.moml.MoMLSimpleApplication@11eadf50
reloadAllAccessors: .ForbiddenInstantanousLoop
----------------- testing Thu May 10 01:21:54 UTC 2018 /home/travis/build/icyphy/ptII/ptolemy/domains/modal/test/auto/FunctionDependencyOfFSMActorTest.xml
----------------- Instantiating /home/travis/build/icyphy/ptII/ptolemy/domains/modal/test/auto/FunctionDependencyOfFSMActorTest.xml
12 ms. Memory: 578048K Free: 442906K (77%)
----------------- Invoking toplevel() on ptolemy.moml.MoMLSimpleApplication@33097b6f
----------------- Done invoking toplevel() on ptolemy.moml.MoMLSimpleApplication@33097b6f
reloadAllAccessors: .FunctionDependencyOfFSMActorTest
----------------- testing Thu May 10 01:21:54 UTC 2018 /home/travis/build/icyphy/ptII/ptolemy/domains/modal/test/auto/GuardExpression.xml
----------------- Instantiating /home/travis/build/icyphy/ptII/ptolemy/domains/modal/test/auto/GuardExpression.xml
1 ms. Memory: 578048K Free: 433380K (75%)
----------------- Invoking toplevel() on ptolemy.moml.MoMLSimpleApplication@5ff05fb7
----------------- Done invoking toplevel() on ptolemy.moml.MoMLSimpleApplication@5ff05fb7
reloadAllAccessors: .GuardExpression
----------------- testing Thu May 10 01:21:54 UTC 2018 /home/travis/build/icyphy/ptII/ptolemy/domains/modal/test/auto/GuardNotEvaluated.xml
----------------- Instantiating /home/travis/build/icyphy/ptII/ptolemy/domains/modal/test/auto/GuardNotEvaluated.xml
8 ms. Memory: 578048K Free: 423621K (73%)
----------------- Invoking toplevel() on ptolemy.moml.MoMLSimpleApplication@597cb3af
----------------- Done invoking toplevel() on ptolemy.moml.MoMLSimpleApplication@597cb3af
reloadAllAccessors: .GuardNotEvaluated
----------------- testing Thu May 10 01:21:54 UTC 2018 /home/travis/build/icyphy/ptII/ptolemy/domains/modal/test/auto/GuardNotEvaluated2.xml
----------------- Instantiating /home/travis/build/icyphy/ptII/ptolemy/domains/modal/test/auto/GuardNotEvaluated2.xml
8 ms. Memory: 578048K Free: 413862K (72%)
----------------- Invoking toplevel() on ptolemy.moml.MoMLSimpleApplication@4b273113
----------------- Done invoking toplevel() on ptolemy.moml.MoMLSimpleApplication@4b273113
reloadAllAccessors: .GuardNotEvaluated2
----------------- testing Thu May 10 01:21:54 UTC 2018 /home/travis/build/icyphy/ptII/ptolemy/domains/modal/test/auto/GuardOnAbsent.xml
----------------- Instantiating /home/travis/build/icyphy/ptII/ptolemy/domains/modal/test/auto/GuardOnAbsent.xml
6 ms. Memory: 578048K Free: 401897K (70%)
----------------- Invoking toplevel() on ptolemy.moml.MoMLSimpleApplication@49075647
----------------- Done invoking toplevel() on ptolemy.moml.MoMLSimpleApplication@49075647
reloadAllAccessors: .GuardOnAbsent
----------------- testing Thu May 10 01:21:54 UTC 2018 /home/travis/build/icyphy/ptII/ptolemy/domains/modal/test/auto/HierarchicalFSMTypeInference.xml
----------------- Instantiating /home/travis/build/icyphy/ptII/ptolemy/domains/modal/test/auto/HierarchicalFSMTypeInference.xml
2 ms. Memory: 578048K Free: 387234K (67%)
----------------- Invoking toplevel() on ptolemy.moml.MoMLSimpleApplication@3c0b8ff3
----------------- Done invoking toplevel() on ptolemy.moml.MoMLSimpleApplication@3c0b8ff3
reloadAllAccessors: .HierarchicalFSMTypeInference
----------------- testing Thu May 10 01:21:54 UTC 2018 /home/travis/build/icyphy/ptII/ptolemy/domains/modal/test/auto/Hysteresis.xml
----------------- Instantiating /home/travis/build/icyphy/ptII/ptolemy/domains/modal/test/auto/Hysteresis.xml
8 ms. Memory: 578048K Free: 367942K (64%)
----------------- Invoking toplevel() on ptolemy.moml.MoMLSimpleApplication@3840c52b
----------------- Done invoking toplevel() on ptolemy.moml.MoMLSimpleApplication@3840c52b
reloadAllAccessors: .Hysteresis
----------------- testing Thu May 10 01:21:54 UTC 2018 /home/travis/build/icyphy/ptII/ptolemy/domains/modal/test/auto/HysteresisWithDefault.xml
----------------- Instantiating /home/travis/build/icyphy/ptII/ptolemy/domains/modal/test/auto/HysteresisWithDefault.xml
129 ms. Memory: 846848K Free: 825415K (97%)
----------------- Invoking toplevel() on ptolemy.moml.MoMLSimpleApplication@2828c346
----------------- Done invoking toplevel() on ptolemy.moml.MoMLSimpleApplication@2828c346
reloadAllAccessors: .HysteresisWithDefault
----------------- testing Thu May 10 01:21:54 UTC 2018 /home/travis/build/icyphy/ptII/ptolemy/domains/modal/test/auto/HysteresisWithDefault2.xml
----------------- Instantiating /home/travis/build/icyphy/ptII/ptolemy/domains/modal/test/auto/HysteresisWithDefault2.xml
37 ms. Memory: 846848K Free: 782821K (92%)
----------------- Invoking toplevel() on ptolemy.moml.MoMLSimpleApplication@8c3bd36
----------------- Done invoking toplevel() on ptolemy.moml.MoMLSimpleApplication@8c3bd36
reloadAllAccessors: .HysteresisWithDefault2
----------------- testing Thu May 10 01:21:54 UTC 2018 /home/travis/build/icyphy/ptII/ptolemy/domains/modal/test/auto/ImmediateNonConstructiveness.xml
----------------- Instantiating /home/travis/build/icyphy/ptII/ptolemy/domains/modal/test/auto/ImmediateNonConstructiveness.xml
2 ms. Memory: 846848K Free: 771109K (91%)
----------------- Invoking toplevel() on ptolemy.moml.MoMLSimpleApplication@31703574
----------------- Done invoking toplevel() on ptolemy.moml.MoMLSimpleApplication@31703574
reloadAllAccessors: .ImmediateNonConstructiveness
----------------- testing Thu May 10 01:21:54 UTC 2018 /home/travis/build/icyphy/ptII/ptolemy/domains/modal/test/auto/ImmediateNonConstructiveness2.xml
----------------- Instantiating /home/travis/build/icyphy/ptII/ptolemy/domains/modal/test/auto/ImmediateNonConstructiveness2.xml
2 ms. Memory: 846848K Free: 759389K (90%)
----------------- Invoking toplevel() on ptolemy.moml.MoMLSimpleApplication@7bb67ba5
----------------- Done invoking toplevel() on ptolemy.moml.MoMLSimpleApplication@7bb67ba5
reloadAllAccessors: .ImmediateNonConstructiveness2
----------------- testing Thu May 10 01:21:54 UTC 2018 /home/travis/build/icyphy/ptII/ptolemy/domains/modal/test/auto/ImmediateTransitionReset.xml
----------------- Instantiating /home/travis/build/icyphy/ptII/ptolemy/domains/modal/test/auto/ImmediateTransitionReset.xml
2 ms. Memory: 846848K Free: 743773K (88%)
----------------- Invoking toplevel() on ptolemy.moml.MoMLSimpleApplication@3c525d40
----------------- Done invoking toplevel() on ptolemy.moml.MoMLSimpleApplication@3c525d40
reloadAllAccessors: .ImmediateTransitionReset
----------------- testing Thu May 10 01:21:54 UTC 2018 /home/travis/build/icyphy/ptII/ptolemy/domains/modal/test/auto/ImmediateTransitions1.xml
----------------- Instantiating /home/travis/build/icyphy/ptII/ptolemy/domains/modal/test/auto/ImmediateTransitions1.xml
9 ms. Memory: 846848K Free: 728540K (86%)
----------------- Invoking toplevel() on ptolemy.moml.MoMLSimpleApplication@165d1fc5
----------------- Done invoking toplevel() on ptolemy.moml.MoMLSimpleApplication@165d1fc5
reloadAllAccessors: .ImmediateTransitions1
----------------- testing Thu May 10 01:21:54 UTC 2018 /home/travis/build/icyphy/ptII/ptolemy/domains/modal/test/auto/ImmediateTransitionsInstantaneousCommunication.xml
----------------- Instantiating /home/travis/build/icyphy/ptII/ptolemy/domains/modal/test/auto/ImmediateTransitionsInstantaneousCommunication.xml
4 ms. Memory: 846848K Free: 708996K (84%)
----------------- Invoking toplevel() on ptolemy.moml.MoMLSimpleApplication@7fa7db8
----------------- Done invoking toplevel() on ptolemy.moml.MoMLSimpleApplication@7fa7db8
reloadAllAccessors: .ImmediateTransitionsInstantaneousCommunication
----------------- testing Thu May 10 01:21:55 UTC 2018 /home/travis/build/icyphy/ptII/ptolemy/domains/modal/test/auto/InitialImmediateTransition.xml
----------------- Instantiating /home/travis/build/icyphy/ptII/ptolemy/domains/modal/test/auto/InitialImmediateTransition.xml
12 ms. Memory: 846848K Free: 697267K (82%)
----------------- Invoking toplevel() on ptolemy.moml.MoMLSimpleApplication@3a4383a6
----------------- Done invoking toplevel() on ptolemy.moml.MoMLSimpleApplication@3a4383a6
reloadAllAccessors: .InitialImmediateTransition
----------------- testing Thu May 10 01:21:55 UTC 2018 /home/travis/build/icyphy/ptII/ptolemy/domains/modal/test/auto/InitialOutputs.xml
----------------- Instantiating /home/travis/build/icyphy/ptII/ptolemy/domains/modal/test/auto/InitialOutputs.xml
3 ms. Memory: 846848K Free: 685539K (81%)
----------------- Invoking toplevel() on ptolemy.moml.MoMLSimpleApplication@1f375656
----------------- Done invoking toplevel() on ptolemy.moml.MoMLSimpleApplication@1f375656
reloadAllAccessors: .InitialOutputs
----------------- testing Thu May 10 01:21:55 UTC 2018 /home/travis/build/icyphy/ptII/ptolemy/domains/modal/test/auto/InitialStateTransition1.xml
----------------- Instantiating /home/travis/build/icyphy/ptII/ptolemy/domains/modal/test/auto/InitialStateTransition1.xml
3 ms. Memory: 846848K Free: 670306K (79%)
----------------- Invoking toplevel() on ptolemy.moml.MoMLSimpleApplication@1b4f0fd3
----------------- Done invoking toplevel() on ptolemy.moml.MoMLSimpleApplication@1b4f0fd3
reloadAllAccessors: .InitialStateTransition1
----------------- testing Thu May 10 01:21:55 UTC 2018 /home/travis/build/icyphy/ptII/ptolemy/domains/modal/test/auto/InitialStateTransition2.xml
----------------- Instantiating /home/travis/build/icyphy/ptII/ptolemy/domains/modal/test/auto/InitialStateTransition2.xml
.InitialStateTransition2.TestExceptionAttributeNonConstructive: initialize() was not invoked, but wrapup() was.  This is unusual, but not always a problem.  For example, exporting JNLP will do this.
1 ms. Memory: 846848K Free: 658578K (78%)
----------------- Invoking toplevel() on ptolemy.moml.MoMLSimpleApplication@2a59c614
----------------- Done invoking toplevel() on ptolemy.moml.MoMLSimpleApplication@2a59c614
reloadAllAccessors: .InitialStateTransition2
----------------- testing Thu May 10 01:21:55 UTC 2018 /home/travis/build/icyphy/ptII/ptolemy/domains/modal/test/auto/InitialStateTransition3.xml
----------------- Instantiating /home/travis/build/icyphy/ptII/ptolemy/domains/modal/test/auto/InitialStateTransition3.xml
4 ms. Memory: 846848K Free: 642946K (76%)
----------------- Invoking toplevel() on ptolemy.moml.MoMLSimpleApplication@3af39486
----------------- Done invoking toplevel() on ptolemy.moml.MoMLSimpleApplication@3af39486
reloadAllAccessors: .InitialStateTransition3
----------------- testing Thu May 10 01:21:55 UTC 2018 /home/travis/build/icyphy/ptII/ptolemy/domains/modal/test/auto/InitialStateTransition4.xml
----------------- Instantiating /home/travis/build/icyphy/ptII/ptolemy/domains/modal/test/auto/InitialStateTransition4.xml
3 ms. Memory: 846848K Free: 627330K (74%)
----------------- Invoking toplevel() on ptolemy.moml.MoMLSimpleApplication@6ba3b83e
----------------- Done invoking toplevel() on ptolemy.moml.MoMLSimpleApplication@6ba3b83e
reloadAllAccessors: .InitialStateTransition4
----------------- testing Thu May 10 01:21:55 UTC 2018 /home/travis/build/icyphy/ptII/ptolemy/domains/modal/test/auto/MalformedGuardExpressionNotCaught.xml
----------------- Instantiating /home/travis/build/icyphy/ptII/ptolemy/domains/modal/test/auto/MalformedGuardExpressionNotCaught.xml
3 ms. Memory: 846848K Free: 615602K (73%)
----------------- Invoking toplevel() on ptolemy.moml.MoMLSimpleApplication@3e121959
----------------- Done invoking toplevel() on ptolemy.moml.MoMLSimpleApplication@3e121959
reloadAllAccessors: .MalformedGuardExpressionNotCaught
----------------- testing Thu May 10 01:21:55 UTC 2018 /home/travis/build/icyphy/ptII/ptolemy/domains/modal/test/auto/ModalBSC.xml
----------------- Instantiating /home/travis/build/icyphy/ptII/ptolemy/domains/modal/test/auto/ModalBSC.xml
37 ms. Memory: 846848K Free: 576904K (68%)
----------------- Invoking toplevel() on ptolemy.moml.MoMLSimpleApplication@1f68a197
----------------- Done invoking toplevel() on ptolemy.moml.MoMLSimpleApplication@1f68a197
reloadAllAccessors: .ModalBSC
----------------- testing Thu May 10 01:21:55 UTC 2018 /home/travis/build/icyphy/ptII/ptolemy/domains/modal/test/auto/ModalClocks.xml
----------------- Instantiating /home/travis/build/icyphy/ptII/ptolemy/domains/modal/test/auto/ModalClocks.xml
37 ms. Memory: 846848K Free: 549544K (65%)
----------------- Invoking toplevel() on ptolemy.moml.MoMLSimpleApplication@1ce180ed
----------------- Done invoking toplevel() on ptolemy.moml.MoMLSimpleApplication@1ce180ed
reloadAllAccessors: .ModalClocks
----------------- testing Thu May 10 01:21:55 UTC 2018 /home/travis/build/icyphy/ptII/ptolemy/domains/modal/test/auto/ModalDelay.xml
----------------- Instantiating /home/travis/build/icyphy/ptII/ptolemy/domains/modal/test/auto/ModalDelay.xml
22 ms. Memory: 846848K Free: 533912K (63%)
----------------- Invoking toplevel() on ptolemy.moml.MoMLSimpleApplication@3b5da359
----------------- Done invoking toplevel() on ptolemy.moml.MoMLSimpleApplication@3b5da359
reloadAllAccessors: .ModalDelay
----------------- testing Thu May 10 01:21:55 UTC 2018 /home/travis/build/icyphy/ptII/ptolemy/domains/modal/test/auto/ModalDelay2.xml
----------------- Instantiating /home/travis/build/icyphy/ptII/ptolemy/domains/modal/test/auto/ModalDelay2.xml
14 ms. Memory: 846848K Free: 518288K (61%)
----------------- Invoking toplevel() on ptolemy.moml.MoMLSimpleApplication@495c7d7c
----------------- Done invoking toplevel() on ptolemy.moml.MoMLSimpleApplication@495c7d7c
reloadAllAccessors: .ModalDelay2
----------------- testing Thu May 10 01:21:55 UTC 2018 /home/travis/build/icyphy/ptII/ptolemy/domains/modal/test/auto/ModalModelFromMemo.xml
----------------- Instantiating /home/travis/build/icyphy/ptII/ptolemy/domains/modal/test/auto/ModalModelFromMemo.xml
27 ms. Memory: 846848K Free: 487422K (58%)
----------------- Invoking toplevel() on ptolemy.moml.MoMLSimpleApplication@25cbea7f
----------------- Done invoking toplevel() on ptolemy.moml.MoMLSimpleApplication@25cbea7f
reloadAllAccessors: .ModalModelFromMemo
----------------- testing Thu May 10 01:21:55 UTC 2018 /home/travis/build/icyphy/ptII/ptolemy/domains/modal/test/auto/ModalModelWithMultirateTransient.xml
----------------- Instantiating /home/travis/build/icyphy/ptII/ptolemy/domains/modal/test/auto/ModalModelWithMultirateTransient.xml
18 ms. Memory: 846848K Free: 467870K (55%)
----------------- Invoking toplevel() on ptolemy.moml.MoMLSimpleApplication@69a01cce
----------------- Done invoking toplevel() on ptolemy.moml.MoMLSimpleApplication@69a01cce
reloadAllAccessors: .ModalModelWithMultirateTransient
----------------- testing Thu May 10 01:21:55 UTC 2018 /home/travis/build/icyphy/ptII/ptolemy/domains/modal/test/auto/ModalModelWithReset.xml
----------------- Instantiating /home/travis/build/icyphy/ptII/ptolemy/domains/modal/test/auto/ModalModelWithReset.xml
21 ms. Memory: 846848K Free: 448326K (53%)
----------------- Invoking toplevel() on ptolemy.moml.MoMLSimpleApplication@73be7a35
----------------- Done invoking toplevel() on ptolemy.moml.MoMLSimpleApplication@73be7a35
reloadAllAccessors: .ModalModelWithReset
----------------- testing Thu May 10 01:21:55 UTC 2018 /home/travis/build/icyphy/ptII/ptolemy/domains/modal/test/auto/MouseClickFSM.xml
----------------- Instantiating /home/travis/build/icyphy/ptII/ptolemy/domains/modal/test/auto/MouseClickFSM.xml
18 ms. Memory: 846848K Free: 428790K (51%)
----------------- Invoking toplevel() on ptolemy.moml.MoMLSimpleApplication@14b015fb
----------------- Done invoking toplevel() on ptolemy.moml.MoMLSimpleApplication@14b015fb
reloadAllAccessors: .MouseClickFSM
----------------- testing Thu May 10 01:21:55 UTC 2018 /home/travis/build/icyphy/ptII/ptolemy/domains/modal/test/auto/MouseClickFSMModal.xml
----------------- Instantiating /home/travis/build/icyphy/ptII/ptolemy/domains/modal/test/auto/MouseClickFSMModal.xml
10 ms. Memory: 846848K Free: 405732K (48%)
----------------- Invoking toplevel() on ptolemy.moml.MoMLSimpleApplication@1523835d
----------------- Done invoking toplevel() on ptolemy.moml.MoMLSimpleApplication@1523835d
reloadAllAccessors: .MouseClickFSMModal
----------------- testing Thu May 10 01:21:55 UTC 2018 /home/travis/build/icyphy/ptII/ptolemy/domains/modal/test/auto/NonStrictFSM_FeedbackLoop.xml
----------------- Instantiating /home/travis/build/icyphy/ptII/ptolemy/domains/modal/test/auto/NonStrictFSM_FeedbackLoop.xml
31 ms. Memory: 846848K Free: 378388K (45%)
----------------- Invoking toplevel() on ptolemy.moml.MoMLSimpleApplication@59859762
----------------- Done invoking toplevel() on ptolemy.moml.MoMLSimpleApplication@59859762
reloadAllAccessors: .NonStrictFSM_FeedbackLoop
----------------- testing Thu May 10 01:21:55 UTC 2018 /home/travis/build/icyphy/ptII/ptolemy/domains/modal/test/auto/NonStrictFSM_FeedbackLoop_Refinement.xml
----------------- Instantiating /home/travis/build/icyphy/ptII/ptolemy/domains/modal/test/auto/NonStrictFSM_FeedbackLoop_Refinement.xml
48 ms. Memory: 846848K Free: 347156K (41%)
----------------- Invoking toplevel() on ptolemy.moml.MoMLSimpleApplication@69dccb05
----------------- Done invoking toplevel() on ptolemy.moml.MoMLSimpleApplication@69dccb05
reloadAllAccessors: .NonStrictFSM_FeedbackLoop_Refinement
----------------- testing Thu May 10 01:21:55 UTC 2018 /home/travis/build/icyphy/ptII/ptolemy/domains/modal/test/auto/NonStrictFSM_FeedbackLoop_preemptive.xml
----------------- Instantiating /home/travis/build/icyphy/ptII/ptolemy/domains/modal/test/auto/NonStrictFSM_FeedbackLoop_preemptive.xml
15 ms. Memory: 846848K Free: 315891K (37%)
----------------- Invoking toplevel() on ptolemy.moml.MoMLSimpleApplication@7bc566a5
----------------- Done invoking toplevel() on ptolemy.moml.MoMLSimpleApplication@7bc566a5
reloadAllAccessors: .NonStrictFSM_FeedbackLoop_preemptive
----------------- testing Thu May 10 01:21:55 UTC 2018 /home/travis/build/icyphy/ptII/ptolemy/domains/modal/test/auto/NormalTermination.xml
----------------- Instantiating /home/travis/build/icyphy/ptII/ptolemy/domains/modal/test/auto/NormalTermination.xml
5 ms. Memory: 846848K Free: 288930K (34%)
----------------- Invoking toplevel() on ptolemy.moml.MoMLSimpleApplication@72e31d6e
----------------- Done invoking toplevel() on ptolemy.moml.MoMLSimpleApplication@72e31d6e
reloadAllAccessors: .NormalTermination
----------------- testing Thu May 10 01:21:56 UTC 2018 /home/travis/build/icyphy/ptII/ptolemy/domains/modal/test/auto/Pong.xml
----------------- Instantiating /home/travis/build/icyphy/ptII/ptolemy/domains/modal/test/auto/Pong.xml
33 ms. Memory: 846848K Free: 265482K (31%)
----------------- Invoking toplevel() on ptolemy.moml.MoMLSimpleApplication@6a45b6da
----------------- Done invoking toplevel() on ptolemy.moml.MoMLSimpleApplication@6a45b6da
reloadAllAccessors: .Pong
[...]
1 ms. Memory: 846848K Free: 667351K (79%)
----------------- Invoking toplevel() on ptolemy.moml.MoMLSimpleApplication@2921997f
----------------- Done invoking toplevel() on ptolemy.moml.MoMLSimpleApplication@2921997f
reloadAllAccessors: .StrongImmediateTransition
----------------- testing Thu May 10 01:21:56 UTC 2018 /home/travis/build/icyphy/ptII/ptolemy/domains/modal/test/auto/SustainHierarchy.xml
----------------- Instantiating /home/travis/build/icyphy/ptII/ptolemy/domains/modal/test/auto/SustainHierarchy.xml
3 ms. Memory: 846848K Free: 651735K (77%)
----------------- Invoking toplevel() on ptolemy.moml.MoMLSimpleApplication@62338c6d
----------------- Done invoking toplevel() on ptolemy.moml.MoMLSimpleApplication@62338c6d
reloadAllAccessors: .SustainHierarchy
----------------- testing Thu May 10 01:21:56 UTC 2018 /home/travis/build/icyphy/ptII/ptolemy/domains/modal/test/auto/TerminationTransition1.xml
----------------- Instantiating /home/travis/build/icyphy/ptII/ptolemy/domains/modal/test/auto/TerminationTransition1.xml
10 ms. Memory: 846848K Free: 633612K (75%)
----------------- Invoking toplevel() on ptolemy.moml.MoMLSimpleApplication@3c8b1155
----------------- Done invoking toplevel() on ptolemy.moml.MoMLSimpleApplication@3c8b1155
reloadAllAccessors: .TerminationTransition1
----------------- testing Thu May 10 01:21:57 UTC 2018 /home/travis/build/icyphy/ptII/ptolemy/domains/modal/test/auto/TerminationTransition2.xml
----------------- Instantiating /home/travis/build/icyphy/ptII/ptolemy/domains/modal/test/auto/TerminationTransition2.xml
10 ms. Memory: 846848K Free: 617980K (73%)
----------------- Invoking toplevel() on ptolemy.moml.MoMLSimpleApplication@2fd71f01
----------------- Done invoking toplevel() on ptolemy.moml.MoMLSimpleApplication@2fd71f01
reloadAllAccessors: .TerminationTransition2
----------------- testing Thu May 10 01:21:57 UTC 2018 /home/travis/build/icyphy/ptII/ptolemy/domains/modal/test/auto/TerminationTransition3.xml
----------------- Instantiating /home/travis/build/icyphy/ptII/ptolemy/domains/modal/test/auto/TerminationTransition3.xml
2 ms. Memory: 846848K Free: 602348K (71%)
----------------- Invoking toplevel() on ptolemy.moml.MoMLSimpleApplication@28826426
----------------- Done invoking toplevel() on ptolemy.moml.MoMLSimpleApplication@28826426
reloadAllAccessors: .TerminationTransition3
----------------- testing Thu May 10 01:21:57 UTC 2018 /home/travis/build/icyphy/ptII/ptolemy/domains/modal/test/auto/TerminationTransition4.xml
----------------- Instantiating /home/travis/build/icyphy/ptII/ptolemy/domains/modal/test/auto/TerminationTransition4.xml
4 ms. Memory: 846848K Free: 580345K (69%)
----------------- Invoking toplevel() on ptolemy.moml.MoMLSimpleApplication@12183ae6
----------------- Done invoking toplevel() on ptolemy.moml.MoMLSimpleApplication@12183ae6
reloadAllAccessors: .TerminationTransition4
----------------- testing Thu May 10 01:21:57 UTC 2018 /home/travis/build/icyphy/ptII/ptolemy/domains/modal/test/auto/TerminationTransition5.xml
----------------- Instantiating /home/travis/build/icyphy/ptII/ptolemy/domains/modal/test/auto/TerminationTransition5.xml
2 ms. Memory: 846848K Free: 560817K (66%)
----------------- Invoking toplevel() on ptolemy.moml.MoMLSimpleApplication@75fdd1b7
----------------- Done invoking toplevel() on ptolemy.moml.MoMLSimpleApplication@75fdd1b7
reloadAllAccessors: .TerminationTransition5
----------------- testing Thu May 10 01:21:57 UTC 2018 /home/travis/build/icyphy/ptII/ptolemy/domains/modal/test/auto/TerminationTransition6.xml
----------------- Instantiating /home/travis/build/icyphy/ptII/ptolemy/domains/modal/test/auto/TerminationTransition6.xml
2 ms. Memory: 846848K Free: 545177K (64%)
----------------- Invoking toplevel() on ptolemy.moml.MoMLSimpleApplication@7e86a9c
----------------- Done invoking toplevel() on ptolemy.moml.MoMLSimpleApplication@7e86a9c
reloadAllAccessors: .TerminationTransition6
----------------- testing Thu May 10 01:21:57 UTC 2018 /home/travis/build/icyphy/ptII/ptolemy/domains/modal/test/auto/TerminationTransition7.xml
----------------- Instantiating /home/travis/build/icyphy/ptII/ptolemy/domains/modal/test/auto/TerminationTransition7.xml
2 ms. Memory: 846848K Free: 527078K (62%)
----------------- Invoking toplevel() on ptolemy.moml.MoMLSimpleApplication@2c70ba2d
----------------- Done invoking toplevel() on ptolemy.moml.MoMLSimpleApplication@2c70ba2d
reloadAllAccessors: .TerminationTransition7
----------------- testing Thu May 10 01:21:57 UTC 2018 /home/travis/build/icyphy/ptII/ptolemy/domains/modal/test/auto/TerminationTransition8.xml
----------------- Instantiating /home/travis/build/icyphy/ptII/ptolemy/domains/modal/test/auto/TerminationTransition8.xml
2 ms. Memory: 846848K Free: 511446K (60%)
----------------- Invoking toplevel() on ptolemy.moml.MoMLSimpleApplication@2a967a7c
----------------- Done invoking toplevel() on ptolemy.moml.MoMLSimpleApplication@2a967a7c
reloadAllAccessors: .TerminationTransition8
----------------- testing Thu May 10 01:21:57 UTC 2018 /home/travis/build/icyphy/ptII/ptolemy/domains/modal/test/auto/Thermostat_NoHysteresis.xml
----------------- Instantiating /home/travis/build/icyphy/ptII/ptolemy/domains/modal/test/auto/Thermostat_NoHysteresis.xml
20 ms. Memory: 846848K Free: 480181K (57%)
----------------- Invoking toplevel() on ptolemy.moml.MoMLSimpleApplication@ac5c5f4
----------------- Done invoking toplevel() on ptolemy.moml.MoMLSimpleApplication@ac5c5f4
reloadAllAccessors: .Thermostat_NoHysteresis
----------------- testing Thu May 10 01:21:57 UTC 2018 /home/travis/build/icyphy/ptII/ptolemy/domains/modal/test/auto/TimedFSM.xml
----------------- Instantiating /home/travis/build/icyphy/ptII/ptolemy/domains/modal/test/auto/TimedFSM.xml
7 ms. Memory: 846848K Free: 462082K (55%)
----------------- Invoking toplevel() on ptolemy.moml.MoMLSimpleApplication@67cbdea7
----------------- Done invoking toplevel() on ptolemy.moml.MoMLSimpleApplication@67cbdea7
reloadAllAccessors: .TimedFSM
----------------- testing Thu May 10 01:21:57 UTC 2018 /home/travis/build/icyphy/ptII/ptolemy/domains/modal/test/auto/Timeout1.xml
----------------- Instantiating /home/travis/build/icyphy/ptII/ptolemy/domains/modal/test/auto/Timeout1.xml
3 ms. Memory: 846848K Free: 454274K (54%)
----------------- Invoking toplevel() on ptolemy.moml.MoMLSimpleApplication@15ec77e3
----------------- Done invoking toplevel() on ptolemy.moml.MoMLSimpleApplication@15ec77e3
reloadAllAccessors: .Timeout1
----------------- testing Thu May 10 01:21:57 UTC 2018 /home/travis/build/icyphy/ptII/ptolemy/domains/modal/test/auto/Timeout2.xml
----------------- Instantiating /home/travis/build/icyphy/ptII/ptolemy/domains/modal/test/auto/Timeout2.xml
4 ms. Memory: 846848K Free: 442554K (52%)
----------------- Invoking toplevel() on ptolemy.moml.MoMLSimpleApplication@237dc14b
----------------- Done invoking toplevel() on ptolemy.moml.MoMLSimpleApplication@237dc14b
reloadAllAccessors: .Timeout2
----------------- testing Thu May 10 01:21:57 UTC 2018 /home/travis/build/icyphy/ptII/ptolemy/domains/modal/test/auto/Timeout3.xml
----------------- Instantiating /home/travis/build/icyphy/ptII/ptolemy/domains/modal/test/auto/Timeout3.xml
1 ms. Memory: 846848K Free: 432271K (51%)
----------------- Invoking toplevel() on ptolemy.moml.MoMLSimpleApplication@e8b9c1d
----------------- Done invoking toplevel() on ptolemy.moml.MoMLSimpleApplication@e8b9c1d
reloadAllAccessors: .Timeout3
----------------- testing Thu May 10 01:21:57 UTC 2018 /home/travis/build/icyphy/ptII/ptolemy/domains/modal/test/auto/Timeout4.xml
----------------- Instantiating /home/travis/build/icyphy/ptII/ptolemy/domains/modal/test/auto/Timeout4.xml
7 ms. Memory: 846848K Free: 424463K (50%)
----------------- Invoking toplevel() on ptolemy.moml.MoMLSimpleApplication@49e35dbf
----------------- Done invoking toplevel() on ptolemy.moml.MoMLSimpleApplication@49e35dbf
reloadAllAccessors: .Timeout4
----------------- testing Thu May 10 01:21:57 UTC 2018 /home/travis/build/icyphy/ptII/ptolemy/domains/modal/test/auto/TransientstateModelAdvanced.xml
----------------- Instantiating /home/travis/build/icyphy/ptII/ptolemy/domains/modal/test/auto/TransientstateModelAdvanced.xml
3 ms. Memory: 846848K Free: 402437K (48%)
----------------- Invoking toplevel() on ptolemy.moml.MoMLSimpleApplication@28a4e7fb
----------------- Done invoking toplevel() on ptolemy.moml.MoMLSimpleApplication@28a4e7fb
reloadAllAccessors: .TransientstateModelAdvanced
----------------- testing Thu May 10 01:21:57 UTC 2018 /home/travis/build/icyphy/ptII/ptolemy/domains/modal/test/auto/TransientstateModelAdvanced2.xml
----------------- Instantiating /home/travis/build/icyphy/ptII/ptolemy/domains/modal/test/auto/TransientstateModelAdvanced2.xml
3 ms. Memory: 846848K Free: 382892K (45%)
----------------- Invoking toplevel() on ptolemy.moml.MoMLSimpleApplication@ac31ab5
----------------- Done invoking toplevel() on ptolemy.moml.MoMLSimpleApplication@ac31ab5
reloadAllAccessors: .transientstatemodelAdvanced
----------------- testing Thu May 10 01:21:57 UTC 2018 /home/travis/build/icyphy/ptII/ptolemy/domains/modal/test/auto/TransitionRefinements.xml
----------------- Instantiating /home/travis/build/icyphy/ptII/ptolemy/domains/modal/test/auto/TransitionRefinements.xml
7 ms. Memory: 846848K Free: 371172K (44%)
----------------- Invoking toplevel() on ptolemy.moml.MoMLSimpleApplication@7ff548c9
----------------- Done invoking toplevel() on ptolemy.moml.MoMLSimpleApplication@7ff548c9
reloadAllAccessors: .TransitionRefinements
----------------- testing Thu May 10 01:21:57 UTC 2018 /home/travis/build/icyphy/ptII/ptolemy/domains/modal/test/auto/TwoRefinements1.xml
----------------- Instantiating /home/travis/build/icyphy/ptII/ptolemy/domains/modal/test/auto/TwoRefinements1.xml
3 ms. Memory: 846848K Free: 353066K (42%)
----------------- Invoking toplevel() on ptolemy.moml.MoMLSimpleApplication@1816436f
----------------- Done invoking toplevel() on ptolemy.moml.MoMLSimpleApplication@1816436f
reloadAllAccessors: .TwoRefinements1
----------------- testing Thu May 10 01:21:57 UTC 2018 /home/travis/build/icyphy/ptII/ptolemy/domains/modal/test/auto/TwoRefinements2.xml
----------------- Instantiating /home/travis/build/icyphy/ptII/ptolemy/domains/modal/test/auto/TwoRefinements2.xml
2 ms. Memory: 846848K Free: 337449K (40%)
----------------- Invoking toplevel() on ptolemy.moml.MoMLSimpleApplication@28c33a15
----------------- Done invoking toplevel() on ptolemy.moml.MoMLSimpleApplication@28c33a15
reloadAllAccessors: .TwoRefinements2
----------------- testing Thu May 10 01:21:57 UTC 2018 /home/travis/build/icyphy/ptII/ptolemy/domains/modal/test/auto/WeakImmediateTransition.xml
----------------- Instantiating /home/travis/build/icyphy/ptII/ptolemy/domains/modal/test/auto/WeakImmediateTransition.xml
3 ms. Memory: 846848K Free: 321833K (38%)
----------------- Invoking toplevel() on ptolemy.moml.MoMLSimpleApplication@189aaea0
----------------- Done invoking toplevel() on ptolemy.moml.MoMLSimpleApplication@189aaea0
reloadAllAccessors: .WeakImmediateTransition
----------------- testing Thu May 10 01:21:57 UTC 2018 /home/travis/build/icyphy/ptII/ptolemy/domains/modal/test/auto/booleanSelect.xml
----------------- Instantiating /home/travis/build/icyphy/ptII/ptolemy/domains/modal/test/auto/booleanSelect.xml
25 ms. Memory: 846848K Free: 299806K (35%)
----------------- Invoking toplevel() on ptolemy.moml.MoMLSimpleApplication@4cb5f82f
----------------- Done invoking toplevel() on ptolemy.moml.MoMLSimpleApplication@4cb5f82f
reloadAllAccessors: .booleanSelect
----------------- testing Thu May 10 01:21:57 UTC 2018 /home/travis/build/icyphy/ptII/ptolemy/domains/modal/test/auto/modalChangingParams.xml
----------------- Instantiating /home/travis/build/icyphy/ptII/ptolemy/domains/modal/test/auto/modalChangingParams.xml
0
1
0
2
4
6
8
7
0
2
4
6
8
13
0
2
4
6
8
19
0
2
4
6
8
25
0
2
4
6
8
31
0
2
4
6
8
37
0
2
4
6
8
43
0
2
4
6
8
49
0
2
4
6
8
55
0
2
4
6
8
61
0
2
4
6
8
67
0
2
4
6
8
73
0
2
4
6
8
79
0
2
4
6
8
85
0
2
4
6
8
91
0
2
4
6
8
97
0
2
4
6
8
103
0
2
4
6
8
109
0
2
4
6
8
115
0
2
4
6
8
121
0
2
4
6
8
127
0
2
4
6
8
133
0
2
4
6
8
139
0
2
4
6
8
145
0
2
4
6
8
151
0
2
4
6
8
157
0
2
4
6
8
163
0
2
4
6
8
169
0
2
4
6
8
175
0
2
4
6
8
181
0
2
4
6
8
187
0
2
4
6
8
193
0
2
4
6
8
199
0
2
4
6
8
205
0
2
4
6
8
211
0
2
4
6
8
217
0
2
4
6
8
223
0
2
4
6
8
229
0
2
4
6
8
235
0
2
4
6
8
241
0
2
4
6
8
247
0
2
4
6
8
253
0
2
4
6
8
259
0
2
4
6
8
265
0
2
4
6
8
271
0
2
4
6
8
277
0
2
4
6
8
283
0
2
4
6
8
289
0
2
4
6
8
295
0
2
4
6
8
301
0
2
4
6
8
307
0
2
4
6
8
313
0
2
4
6
8
319
0
2
4
6
8
325
0
2
4
6
8
331
0
2
4
6
8
337
0
2
4
6
8
343
0
2
4
6
8
349
0
2
4
6
8
355
0
2
4
6
8
361
0
2
4
6
8
367
0
2
4
6
8
373
0
2
4
6
8
379
0
2
4
6
8
385
0
2
4
6
8
391
0
2
4
6
8
397
0
2
4
6
8
403
0
2
4
6
8
409
0
2
4
6
8
415
0
2
4
6
8
421
0
2
4
6
8
427
0
2
4
6
8
433
0
2
4
6
8
439
0
2
4
6
8
445
0
2
4
6
8
451
0
2
4
6
8
457
0
2
4
6
8
463
0
2
4
6
8
469
0
2
4
6
8
475
0
2
4
6
8
481
0
2
4
6
8
487
0
2
4
6
8
493
0
2
4
6
8
499
0
2
4
6
8
505
0
2
4
6
8
511
0
2
4
6
8
517
0
2
4
6
8
523
0
2
4
6
8
529
0
2
4
6
8
535
0
2
4
6
8
541
0
2
4
6
8
547
0
2
4
6
8
553
0
2
4
6
8
559
0
2
4
6
8
565
0
2
4
6
8
571
0
2
4
6
8
577
0
2
4
6
8
583
0
2
4
6
8
589
0
2
4
6
8
595
0
2
4
6
8
601
0
2
4
6
8
607
0
2
4
6
8
613
0
2
4
6
8
619
0
2
4
6
8
625
0
2
4
6
8
631
0
2
4
6
8
637
0
2
4
6
8
643
0
2
4
6
8
649
0
2
4
6
8
655
0
2
4
6
8
661
0
2
4
6
8
667
0
2
4
6
8
673
0
2
4
6
8
679
0
2
4
6
8
685
0
2
4
6
8
691
0
2
4
6
8
697
0
2
4
6
8
703
0
2
4
6
8
709
0
2
4
6
8
715
0
2
4
6
8
721
0
2
4
6
8
727
0
2
4
6
8
733
0
2
4
6
8
739
0
2
4
6
8
745
0
2
4
6
8
751
0
2
4
6
8
757
0
2
4
6
8
763
0
2
4
6
8
769
0
2
4
6
8
775
0
2
4
6
8
781
0
2
4
6
8
787
0
2
4
6
8
793
0
2
4
6
8
799
0
2
4
6
8
805
0
2
4
6
8
811
0
2
4
6
8
817
0
2
4
6
8
823
0
2
4
6
8
829
0
2
4
6
8
835
0
2
4
6
8
841
0
2
4
6
8
847
0
2
4
6
8
853
0
2
4
6
8
859
0
2
4
6
8
865
0
2
4
6
8
871
0
2
4
6
8
877
0
2
4
6
8
883
0
2
4
6
8
889
0
2
4
6
8
895
0
2
4
6
8
901
0
2
4
6
8
907
0
2
4
6
8
913
0
2
4
6
8
919
0
2
4
6
8
925
0
2
4
6
8
931
0
2
4
6
8
937
0
2
4
6
8
943
0
2
4
6
8
949
0
2
4
6
8
955
0
2
4
6
8
961
0
2
4
6
8
967
0
2
4
6
8
973
0
2
4
6
8
979
0
2
4
6
8
985
0
2
4
6
8
991
0
2
4
6
8
997
0
2
210 ms. Memory: 846848K Free: 182444K (22%)
----------------- Invoking toplevel() on ptolemy.moml.MoMLSimpleApplication@6cd73358
----------------- Done invoking toplevel() on ptolemy.moml.MoMLSimpleApplication@6cd73358
reloadAllAccessors: .modalChangingParams
----------------- testing Thu May 10 01:21:57 UTC 2018 /home/travis/build/icyphy/ptII/ptolemy/domains/modal/test/auto/modalModel.xml
----------------- Instantiating /home/travis/build/icyphy/ptII/ptolemy/domains/modal/test/auto/modalModel.xml
4 ms. Memory: 846848K Free: 170715K (20%)
----------------- Invoking toplevel() on ptolemy.moml.MoMLSimpleApplication@17e760bf
----------------- Done invoking toplevel() on ptolemy.moml.MoMLSimpleApplication@17e760bf
reloadAllAccessors: .modalModel
----------------- testing Thu May 10 01:21:57 UTC 2018 /home/travis/build/icyphy/ptII/ptolemy/domains/modal/test/auto/modalModel2.xml
----------------- Instantiating /home/travis/build/icyphy/ptII/ptolemy/domains/modal/test/auto/modalModel2.xml
11 ms. Memory: 846848K Free: 152609K (18%)
----------------- Invoking toplevel() on ptolemy.moml.MoMLSimpleApplication@5cae8619
----------------- Done invoking toplevel() on ptolemy.moml.MoMLSimpleApplication@5cae8619
reloadAllAccessors: .modalModel2
----------------- testing Thu May 10 01:21:57 UTC 2018 /home/travis/build/icyphy/ptII/ptolemy/domains/modal/test/auto/modalModel3.xml
----------------- Instantiating /home/travis/build/icyphy/ptII/ptolemy/domains/modal/test/auto/modalModel3.xml
0	0	0
3	2	1
6	4	2
9	6	3
4	0	4
7	2	5
10	4	6
13	6	7
8	0	8
11	2	9
14	4	10
17	6	11
12	0	12
15	2	13
18	4	14
14 ms. Memory: 846848K Free: 133056K (16%)
----------------- Invoking toplevel() on ptolemy.moml.MoMLSimpleApplication@c47c9ee
----------------- Done invoking toplevel() on ptolemy.moml.MoMLSimpleApplication@c47c9ee
reloadAllAccessors: .modalModel3
----------------- testing Thu May 10 01:21:58 UTC 2018 /home/travis/build/icyphy/ptII/ptolemy/domains/modal/test/auto/model1.xml
----------------- Instantiating /home/travis/build/icyphy/ptII/ptolemy/domains/modal/test/auto/model1.xml
9 ms. Memory: 846848K Free: 125248K (15%)
----------------- Invoking toplevel() on ptolemy.moml.MoMLSimpleApplication@5696d960
----------------- Done invoking toplevel() on ptolemy.moml.MoMLSimpleApplication@5696d960
reloadAllAccessors: .model1
----------------- testing Thu May 10 01:21:58 UTC 2018 /home/travis/build/icyphy/ptII/ptolemy/domains/modal/test/auto/test-direct-in-out.xml
----------------- Instantiating /home/travis/build/icyphy/ptII/ptolemy/domains/modal/test/auto/test-direct-in-out.xml
4 ms. Memory: 846848K Free: 111061K (13%)
----------------- Invoking toplevel() on ptolemy.moml.MoMLSimpleApplication@4c670686
----------------- Done invoking toplevel() on ptolemy.moml.MoMLSimpleApplication@4c670686
reloadAllAccessors: .test-direct-in-out
AutoTests.java: About to close Vertx.
AutoTests.java: Vertx closed.
]]></system-out>
  <system-err><![CDATA[java.lang.RuntimeException: Execution failed
	at ptolemy.moml.MoMLSimpleApplication$UnloadThread.run(MoMLSimpleApplication.java:402)
Caused by: ptolemy.kernel.util.IllegalActionException: Unknown inputs remain. Possible causality loop:
L_model_1893289564i

  in .CannotAnalysisWithPreemption.model_1893289564_region_1 and .CannotAnalysisWithPreemption.model_1893289564_region_1.L_model_1893289564i
	at ptolemy.actor.sched.FixedPointDirector.postfire(FixedPointDirector.java:515)
	at ptolemy.domains.sr.kernel.SRDirector.postfire(SRDirector.java:417)
	at ptolemy.actor.CompositeActor.postfire(CompositeActor.java:1668)
	at ptolemy.actor.Manager.iterate(Manager.java:852)
	at ptolemy.actor.Manager.execute(Manager.java:369)
	at ptolemy.actor.Manager.run(Manager.java:1263)
	at ptolemy.actor.Manager$PtolemyRunThread.run(Manager.java:1915)
java.lang.reflect.InvocationTargetException
	at sun.reflect.NativeConstructorAccessorImpl.newInstance0(Native Method)
	at sun.reflect.NativeConstructorAccessorImpl.newInstance(NativeConstructorAccessorImpl.java:62)
	at sun.reflect.DelegatingConstructorAccessorImpl.newInstance(DelegatingConstructorAccessorImpl.java:45)
	at java.lang.reflect.Constructor.newInstance(Constructor.java:423)
	at ptolemy.util.test.junit.AutoKnownFailedTests.RunModel(AutoKnownFailedTests.java:107)
	at sun.reflect.NativeMethodAccessorImpl.invoke0(Native Method)
	at sun.reflect.NativeMethodAccessorImpl.invoke(NativeMethodAccessorImpl.java:62)
	at sun.reflect.DelegatingMethodAccessorImpl.invoke(DelegatingMethodAccessorImpl.java:43)
	at java.lang.reflect.Method.invoke(Method.java:498)
	at org.junit.runners.model.FrameworkMethod$1.runReflectiveCall(FrameworkMethod.java:44)
	at org.junit.internal.runners.model.ReflectiveCallable.run(ReflectiveCallable.java:15)
	at org.junit.runners.model.FrameworkMethod.invokeExplosively(FrameworkMethod.java:41)
	at junitparams.internal.InvokeParameterisedMethod.evaluate(InvokeParameterisedMethod.java:102)
	at org.junit.internal.runners.statements.FailOnTimeout$1.run(FailOnTimeout.java:28)
Caused by: ptolemy.kernel.util.IllegalActionException: Unknown inputs remain. Possible causality loop:
L_model_1893289564i

  in .CannotAnalysisWithPreemption.model_1893289564_region_1 and .CannotAnalysisWithPreemption.model_1893289564_region_1.L_model_1893289564i
	at ptolemy.actor.sched.FixedPointDirector.postfire(FixedPointDirector.java:515)
	at ptolemy.domains.sr.kernel.SRDirector.postfire(SRDirector.java:417)
	at ptolemy.actor.CompositeActor.postfire(CompositeActor.java:1668)
	at ptolemy.actor.Manager.iterate(Manager.java:852)
	at ptolemy.actor.Manager.execute(Manager.java:369)
	at ptolemy.actor.Manager.run(Manager.java:1263)
	at ptolemy.actor.Manager$PtolemyRunThread.run(Manager.java:1915)
]]></system-err>
</testsuite>
