<?xml version="1.0" encoding="UTF-8" ?>
<testsuite errors="0" failures="0" hostname="travis-job-825f7779-39c1-4e72-a3fa-ad191e7b9a9a" name="ptolemy.domains.modal.test.junit.JUnitTclTest" skipped="0" tests="148" time="9.528" timestamp="2018-05-22T23:35:31">
  <properties>
[...]
</properties>
  <testcase classname="ptolemy.util.test.junit.TclTests" name="[0] /home/travis/build/icyphy/ptII/ptolemy/domains/modal/test/SystemLevelType.tcl (RunTclFile)" time="1.65" />
  <testcase classname="ptolemy.util.test.junit.AutoKnownFailedTests" name="[0] /home/travis/build/icyphy/ptII/ptolemy/domains/modal/test/auto/knownFailedTests/CannotAnalysisWithPreemption.xml (RunModel)" time="0.175" />
  <testcase classname="ptolemy.util.test.junit.AutoNameArchTests" name="[0] ThereAreNoAutoTests (RunModel)" time="0.014" />
  <testcase classname="ptolemy.util.test.junit.AutoTests" name="[0] /home/travis/build/icyphy/ptII/ptolemy/domains/modal/test/auto/ABPTest.xml (RunModel)" time="0.588" />
  <testcase classname="ptolemy.util.test.junit.AutoTests" name="[1] /home/travis/build/icyphy/ptII/ptolemy/domains/modal/test/auto/ABROFlat.xml (RunModel)" time="0.091" />
  <testcase classname="ptolemy.util.test.junit.AutoTests" name="[2] /home/travis/build/icyphy/ptII/ptolemy/domains/modal/test/auto/ABROFlat2.xml (RunModel)" time="0.069" />
  <testcase classname="ptolemy.util.test.junit.AutoTests" name="[3] /home/travis/build/icyphy/ptII/ptolemy/domains/modal/test/auto/ABRO_present_hmm.xml (RunModel)" time="0.088" />
  <testcase classname="ptolemy.util.test.junit.AutoTests" name="[4] /home/travis/build/icyphy/ptII/ptolemy/domains/modal/test/auto/AMICoderExample.xml (RunModel)" time="0.066" />
  <testcase classname="ptolemy.util.test.junit.AutoTests" name="[5] /home/travis/build/icyphy/ptII/ptolemy/domains/modal/test/auto/AbsentToPresent.xml (RunModel)" time="0.022" />
  <testcase classname="ptolemy.util.test.junit.AutoTests" name="[6] /home/travis/build/icyphy/ptII/ptolemy/domains/modal/test/auto/Blending.xml (RunModel)" time="0.243" />
  <testcase classname="ptolemy.util.test.junit.AutoTests" name="[7] /home/travis/build/icyphy/ptII/ptolemy/domains/modal/test/auto/Broadcast.xml (RunModel)" time="0.031" />
  <testcase classname="ptolemy.util.test.junit.AutoTests" name="[8] /home/travis/build/icyphy/ptII/ptolemy/domains/modal/test/auto/BroadcastHierarchy.xml (RunModel)" time="0.06" />
  <testcase classname="ptolemy.util.test.junit.AutoTests" name="[9] /home/travis/build/icyphy/ptII/ptolemy/domains/modal/test/auto/BroadcastHierarchy2.xml (RunModel)" time="0.1" />
  <testcase classname="ptolemy.util.test.junit.AutoTests" name="[10] /home/travis/build/icyphy/ptII/ptolemy/domains/modal/test/auto/BroadcastHierarchy3.xml (RunModel)" time="0.116" />
  <testcase classname="ptolemy.util.test.junit.AutoTests" name="[11] /home/travis/build/icyphy/ptII/ptolemy/domains/modal/test/auto/BroadcastHierarchy4.xml (RunModel)" time="0.092" />
  <testcase classname="ptolemy.util.test.junit.AutoTests" name="[12] /home/travis/build/icyphy/ptII/ptolemy/domains/modal/test/auto/CannotAnalysisWithPreemption2.xml (RunModel)" time="0.029" />
  <testcase classname="ptolemy.util.test.junit.AutoTests" name="[13] /home/travis/build/icyphy/ptII/ptolemy/domains/modal/test/auto/CannotAnalysisWithPreemption3.xml (RunModel)" time="0.043" />
  <testcase classname="ptolemy.util.test.junit.AutoTests" name="[14] /home/travis/build/icyphy/ptII/ptolemy/domains/modal/test/auto/CannotProduce.xml (RunModel)" time="0.038" />
  <testcase classname="ptolemy.util.test.junit.AutoTests" name="[15] /home/travis/build/icyphy/ptII/ptolemy/domains/modal/test/auto/CannotProduceModal.xml (RunModel)" time="0.04" />
  <testcase classname="ptolemy.util.test.junit.AutoTests" name="[16] /home/travis/build/icyphy/ptII/ptolemy/domains/modal/test/auto/Case.xml (RunModel)" time="0.074" />
  <testcase classname="ptolemy.util.test.junit.AutoTests" name="[17] /home/travis/build/icyphy/ptII/ptolemy/domains/modal/test/auto/Case1.xml (RunModel)" time="0.031" />
  <testcase classname="ptolemy.util.test.junit.AutoTests" name="[18] /home/travis/build/icyphy/ptII/ptolemy/domains/modal/test/auto/Case2.xml (RunModel)" time="0.065" />
  <testcase classname="ptolemy.util.test.junit.AutoTests" name="[19] /home/travis/build/icyphy/ptII/ptolemy/domains/modal/test/auto/CausalityInterface1.xml (RunModel)" time="0.033" />
  <testcase classname="ptolemy.util.test.junit.AutoTests" name="[20] /home/travis/build/icyphy/ptII/ptolemy/domains/modal/test/auto/CausalityInterface10.xml (RunModel)" time="0.051" />
  <testcase classname="ptolemy.util.test.junit.AutoTests" name="[21] /home/travis/build/icyphy/ptII/ptolemy/domains/modal/test/auto/CausalityInterface11.xml (RunModel)" time="0.052" />
  <testcase classname="ptolemy.util.test.junit.AutoTests" name="[22] /home/travis/build/icyphy/ptII/ptolemy/domains/modal/test/auto/CausalityInterface12.xml (RunModel)" time="0.049" />
  <testcase classname="ptolemy.util.test.junit.AutoTests" name="[23] /home/travis/build/icyphy/ptII/ptolemy/domains/modal/test/auto/CausalityInterface13.xml (RunModel)" time="0.049" />
  <testcase classname="ptolemy.util.test.junit.AutoTests" name="[24] /home/travis/build/icyphy/ptII/ptolemy/domains/modal/test/auto/CausalityInterface14.xml (RunModel)" time="0.054" />
  <testcase classname="ptolemy.util.test.junit.AutoTests" name="[25] /home/travis/build/icyphy/ptII/ptolemy/domains/modal/test/auto/CausalityInterface2.xml (RunModel)" time="0.036" />
  <testcase classname="ptolemy.util.test.junit.AutoTests" name="[26] /home/travis/build/icyphy/ptII/ptolemy/domains/modal/test/auto/CausalityInterface3.xml (RunModel)" time="0.038" />
  <testcase classname="ptolemy.util.test.junit.AutoTests" name="[27] /home/travis/build/icyphy/ptII/ptolemy/domains/modal/test/auto/CausalityInterface4.xml (RunModel)" time="0.02" />
  <testcase classname="ptolemy.util.test.junit.AutoTests" name="[28] /home/travis/build/icyphy/ptII/ptolemy/domains/modal/test/auto/CausalityInterface5.xml (RunModel)" time="0.035" />
  <testcase classname="ptolemy.util.test.junit.AutoTests" name="[29] /home/travis/build/icyphy/ptII/ptolemy/domains/modal/test/auto/CausalityInterface6.xml (RunModel)" time="0.03" />
  <testcase classname="ptolemy.util.test.junit.AutoTests" name="[30] /home/travis/build/icyphy/ptII/ptolemy/domains/modal/test/auto/CausalityInterface7.xml (RunModel)" time="0.033" />
  <testcase classname="ptolemy.util.test.junit.AutoTests" name="[31] /home/travis/build/icyphy/ptII/ptolemy/domains/modal/test/auto/CausalityInterface8.xml (RunModel)" time="0.032" />
  <testcase classname="ptolemy.util.test.junit.AutoTests" name="[32] /home/travis/build/icyphy/ptII/ptolemy/domains/modal/test/auto/CausalityInterface9.xml (RunModel)" time="0.036" />
  <testcase classname="ptolemy.util.test.junit.AutoTests" name="[33] /home/travis/build/icyphy/ptII/ptolemy/domains/modal/test/auto/ChainedTransitions.xml (RunModel)" time="0.127" />
  <testcase classname="ptolemy.util.test.junit.AutoTests" name="[34] /home/travis/build/icyphy/ptII/ptolemy/domains/modal/test/auto/CycleOfImmediateTransitionsFSM.xml (RunModel)" time="0.031" />
  <testcase classname="ptolemy.util.test.junit.AutoTests" name="[35] /home/travis/build/icyphy/ptII/ptolemy/domains/modal/test/auto/CycleOfImmediateTransitionsModal.xml (RunModel)" time="0.026" />
  <testcase classname="ptolemy.util.test.junit.AutoTests" name="[36] /home/travis/build/icyphy/ptII/ptolemy/domains/modal/test/auto/CycleOfImmediateTransitionsModal2.xml (RunModel)" time="0.033" />
  <testcase classname="ptolemy.util.test.junit.AutoTests" name="[37] /home/travis/build/icyphy/ptII/ptolemy/domains/modal/test/auto/CycleOfImmediateTransitionsModal3.xml (RunModel)" time="0.069" />
  <testcase classname="ptolemy.util.test.junit.AutoTests" name="[38] /home/travis/build/icyphy/ptII/ptolemy/domains/modal/test/auto/DeepModal1.xml (RunModel)" time="0.067" />
  <testcase classname="ptolemy.util.test.junit.AutoTests" name="[39] /home/travis/build/icyphy/ptII/ptolemy/domains/modal/test/auto/DeepModal2.xml (RunModel)" time="0.072" />
  <testcase classname="ptolemy.util.test.junit.AutoTests" name="[40] /home/travis/build/icyphy/ptII/ptolemy/domains/modal/test/auto/DeepModal3.xml (RunModel)" time="0.063" />
  <testcase classname="ptolemy.util.test.junit.AutoTests" name="[41] /home/travis/build/icyphy/ptII/ptolemy/domains/modal/test/auto/DeepModal4.xml (RunModel)" time="0.084" />
  <testcase classname="ptolemy.util.test.junit.AutoTests" name="[42] /home/travis/build/icyphy/ptII/ptolemy/domains/modal/test/auto/Default1.xml (RunModel)" time="0.024" />
  <testcase classname="ptolemy.util.test.junit.AutoTests" name="[43] /home/travis/build/icyphy/ptII/ptolemy/domains/modal/test/auto/Default2.xml (RunModel)" time="0.018" />
  <testcase classname="ptolemy.util.test.junit.AutoTests" name="[44] /home/travis/build/icyphy/ptII/ptolemy/domains/modal/test/auto/Default3.xml (RunModel)" time="0.03" />
  <testcase classname="ptolemy.util.test.junit.AutoTests" name="[45] /home/travis/build/icyphy/ptII/ptolemy/domains/modal/test/auto/Default4.xml (RunModel)" time="0.019" />
  <testcase classname="ptolemy.util.test.junit.AutoTests" name="[46] /home/travis/build/icyphy/ptII/ptolemy/domains/modal/test/auto/Default5.xml (RunModel)" time="0.035" />
  <testcase classname="ptolemy.util.test.junit.AutoTests" name="[47] /home/travis/build/icyphy/ptII/ptolemy/domains/modal/test/auto/EmptyGuard.xml (RunModel)" time="0.049" />
  <testcase classname="ptolemy.util.test.junit.AutoTests" name="[48] /home/travis/build/icyphy/ptII/ptolemy/domains/modal/test/auto/ErrorTransition1.xml (RunModel)" time="0.051" />
  <testcase classname="ptolemy.util.test.junit.AutoTests" name="[49] /home/travis/build/icyphy/ptII/ptolemy/domains/modal/test/auto/ErrorTransition10.xml (RunModel)" time="0.044" />
  <testcase classname="ptolemy.util.test.junit.AutoTests" name="[50] /home/travis/build/icyphy/ptII/ptolemy/domains/modal/test/auto/ErrorTransition11.xml (RunModel)" time="0.049" />
  <testcase classname="ptolemy.util.test.junit.AutoTests" name="[51] /home/travis/build/icyphy/ptII/ptolemy/domains/modal/test/auto/ErrorTransition2.xml (RunModel)" time="0.024" />
  <testcase classname="ptolemy.util.test.junit.AutoTests" name="[52] /home/travis/build/icyphy/ptII/ptolemy/domains/modal/test/auto/ErrorTransition3.xml (RunModel)" time="0.035" />
  <testcase classname="ptolemy.util.test.junit.AutoTests" name="[53] /home/travis/build/icyphy/ptII/ptolemy/domains/modal/test/auto/ErrorTransition4.xml (RunModel)" time="0.045" />
  <testcase classname="ptolemy.util.test.junit.AutoTests" name="[54] /home/travis/build/icyphy/ptII/ptolemy/domains/modal/test/auto/ErrorTransition5.xml (RunModel)" time="0.026" />
  <testcase classname="ptolemy.util.test.junit.AutoTests" name="[55] /home/travis/build/icyphy/ptII/ptolemy/domains/modal/test/auto/ErrorTransition6.xml (RunModel)" time="0.029" />
  <testcase classname="ptolemy.util.test.junit.AutoTests" name="[56] /home/travis/build/icyphy/ptII/ptolemy/domains/modal/test/auto/ErrorTransition7.xml (RunModel)" time="0.041" />
  <testcase classname="ptolemy.util.test.junit.AutoTests" name="[57] /home/travis/build/icyphy/ptII/ptolemy/domains/modal/test/auto/ErrorTransition8.xml (RunModel)" time="0.072" />
  <testcase classname="ptolemy.util.test.junit.AutoTests" name="[58] /home/travis/build/icyphy/ptII/ptolemy/domains/modal/test/auto/ErrorTransition9.xml (RunModel)" time="0.068" />
  <testcase classname="ptolemy.util.test.junit.AutoTests" name="[59] /home/travis/build/icyphy/ptII/ptolemy/domains/modal/test/auto/ExtendedFSM.xml (RunModel)" time="0.026" />
  <testcase classname="ptolemy.util.test.junit.AutoTests" name="[60] /home/travis/build/icyphy/ptII/ptolemy/domains/modal/test/auto/FinalStates.xml (RunModel)" time="0.023" />
  <testcase classname="ptolemy.util.test.junit.AutoTests" name="[61] /home/travis/build/icyphy/ptII/ptolemy/domains/modal/test/auto/FixedPointFSM.xml (RunModel)" time="0.04" />
  <testcase classname="ptolemy.util.test.junit.AutoTests" name="[62] /home/travis/build/icyphy/ptII/ptolemy/domains/modal/test/auto/FixedPointIterationFSMActor.xml (RunModel)" time="0.031" />
  <testcase classname="ptolemy.util.test.junit.AutoTests" name="[63] /home/travis/build/icyphy/ptII/ptolemy/domains/modal/test/auto/FixedPointIterationFSMActor2.xml (RunModel)" time="0.038" />
  <testcase classname="ptolemy.util.test.junit.AutoTests" name="[64] /home/travis/build/icyphy/ptII/ptolemy/domains/modal/test/auto/ForbiddenInstantanousLoop.xml (RunModel)" time="0.031" />
  <testcase classname="ptolemy.util.test.junit.AutoTests" name="[65] /home/travis/build/icyphy/ptII/ptolemy/domains/modal/test/auto/FunctionDependencyOfFSMActorTest.xml (RunModel)" time="0.026" />
  <testcase classname="ptolemy.util.test.junit.AutoTests" name="[66] /home/travis/build/icyphy/ptII/ptolemy/domains/modal/test/auto/GuardExpression.xml (RunModel)" time="0.016" />
  <testcase classname="ptolemy.util.test.junit.AutoTests" name="[67] /home/travis/build/icyphy/ptII/ptolemy/domains/modal/test/auto/GuardNotEvaluated.xml (RunModel)" time="0.024" />
  <testcase classname="ptolemy.util.test.junit.AutoTests" name="[68] /home/travis/build/icyphy/ptII/ptolemy/domains/modal/test/auto/GuardNotEvaluated2.xml (RunModel)" time="0.024" />
  <testcase classname="ptolemy.util.test.junit.AutoTests" name="[69] /home/travis/build/icyphy/ptII/ptolemy/domains/modal/test/auto/GuardOnAbsent.xml (RunModel)" time="0.027" />
  <testcase classname="ptolemy.util.test.junit.AutoTests" name="[70] /home/travis/build/icyphy/ptII/ptolemy/domains/modal/test/auto/HierarchicalFSMTypeInference.xml (RunModel)" time="0.029" />
  <testcase classname="ptolemy.util.test.junit.AutoTests" name="[71] /home/travis/build/icyphy/ptII/ptolemy/domains/modal/test/auto/Hysteresis.xml (RunModel)" time="0.043" />
  <testcase classname="ptolemy.util.test.junit.AutoTests" name="[72] /home/travis/build/icyphy/ptII/ptolemy/domains/modal/test/auto/HysteresisWithDefault.xml (RunModel)" time="0.067" />
  <testcase classname="ptolemy.util.test.junit.AutoTests" name="[73] /home/travis/build/icyphy/ptII/ptolemy/domains/modal/test/auto/HysteresisWithDefault2.xml (RunModel)" time="0.073" />
  <testcase classname="ptolemy.util.test.junit.AutoTests" name="[74] /home/travis/build/icyphy/ptII/ptolemy/domains/modal/test/auto/ImmediateNonConstructiveness.xml (RunModel)" time="0.018" />
  <testcase classname="ptolemy.util.test.junit.AutoTests" name="[75] /home/travis/build/icyphy/ptII/ptolemy/domains/modal/test/auto/ImmediateNonConstructiveness2.xml (RunModel)" time="0.022" />
  <testcase classname="ptolemy.util.test.junit.AutoTests" name="[76] /home/travis/build/icyphy/ptII/ptolemy/domains/modal/test/auto/ImmediateTransitionReset.xml (RunModel)" time="0.034" />
  <testcase classname="ptolemy.util.test.junit.AutoTests" name="[77] /home/travis/build/icyphy/ptII/ptolemy/domains/modal/test/auto/ImmediateTransitions1.xml (RunModel)" time="0.011" />
  <testcase classname="ptolemy.util.test.junit.AutoTests" name="[78] /home/travis/build/icyphy/ptII/ptolemy/domains/modal/test/auto/ImmediateTransitionsInstantaneousCommunication.xml (RunModel)" time="0.036" />
  <testcase classname="ptolemy.util.test.junit.AutoTests" name="[79] /home/travis/build/icyphy/ptII/ptolemy/domains/modal/test/auto/InitialImmediateTransition.xml (RunModel)" time="0.014" />
  <testcase classname="ptolemy.util.test.junit.AutoTests" name="[80] /home/travis/build/icyphy/ptII/ptolemy/domains/modal/test/auto/InitialOutputs.xml (RunModel)" time="0.016" />
  <testcase classname="ptolemy.util.test.junit.AutoTests" name="[81] /home/travis/build/icyphy/ptII/ptolemy/domains/modal/test/auto/InitialStateTransition1.xml (RunModel)" time="0.02" />
  <testcase classname="ptolemy.util.test.junit.AutoTests" name="[82] /home/travis/build/icyphy/ptII/ptolemy/domains/modal/test/auto/InitialStateTransition2.xml (RunModel)" time="0.016" />
  <testcase classname="ptolemy.util.test.junit.AutoTests" name="[83] /home/travis/build/icyphy/ptII/ptolemy/domains/modal/test/auto/InitialStateTransition3.xml (RunModel)" time="0.02" />
  <testcase classname="ptolemy.util.test.junit.AutoTests" name="[84] /home/travis/build/icyphy/ptII/ptolemy/domains/modal/test/auto/InitialStateTransition4.xml (RunModel)" time="0.023" />
  <testcase classname="ptolemy.util.test.junit.AutoTests" name="[85] /home/travis/build/icyphy/ptII/ptolemy/domains/modal/test/auto/MalformedGuardExpressionNotCaught.xml (RunModel)" time="0.016" />
  <testcase classname="ptolemy.util.test.junit.AutoTests" name="[86] /home/travis/build/icyphy/ptII/ptolemy/domains/modal/test/auto/ModalBSC.xml (RunModel)" time="0.066" />
  <testcase classname="ptolemy.util.test.junit.AutoTests" name="[87] /home/travis/build/icyphy/ptII/ptolemy/domains/modal/test/auto/ModalClocks.xml (RunModel)" time="0.057" />
  <testcase classname="ptolemy.util.test.junit.AutoTests" name="[88] /home/travis/build/icyphy/ptII/ptolemy/domains/modal/test/auto/ModalDelay.xml (RunModel)" time="0.057" />
  <testcase classname="ptolemy.util.test.junit.AutoTests" name="[89] /home/travis/build/icyphy/ptII/ptolemy/domains/modal/test/auto/ModalDelay2.xml (RunModel)" time="0.038" />
  <testcase classname="ptolemy.util.test.junit.AutoTests" name="[90] /home/travis/build/icyphy/ptII/ptolemy/domains/modal/test/auto/ModalModelFromMemo.xml (RunModel)" time="0.055" />
  <testcase classname="ptolemy.util.test.junit.AutoTests" name="[91] /home/travis/build/icyphy/ptII/ptolemy/domains/modal/test/auto/ModalModelWithMultirateTransient.xml (RunModel)" time="0.039" />
  <testcase classname="ptolemy.util.test.junit.AutoTests" name="[92] /home/travis/build/icyphy/ptII/ptolemy/domains/modal/test/auto/ModalModelWithReset.xml (RunModel)" time="0.032" />
  <testcase classname="ptolemy.util.test.junit.AutoTests" name="[93] /home/travis/build/icyphy/ptII/ptolemy/domains/modal/test/auto/MouseClickFSM.xml (RunModel)" time="0.04" />
  <testcase classname="ptolemy.util.test.junit.AutoTests" name="[94] /home/travis/build/icyphy/ptII/ptolemy/domains/modal/test/auto/MouseClickFSMModal.xml (RunModel)" time="0.045" />
  <testcase classname="ptolemy.util.test.junit.AutoTests" name="[95] /home/travis/build/icyphy/ptII/ptolemy/domains/modal/test/auto/NonStrictFSM_FeedbackLoop.xml (RunModel)" time="0.046" />
  <testcase classname="ptolemy.util.test.junit.AutoTests" name="[96] /home/travis/build/icyphy/ptII/ptolemy/domains/modal/test/auto/NonStrictFSM_FeedbackLoop_Refinement.xml (RunModel)" time="0.062" />
  <testcase classname="ptolemy.util.test.junit.AutoTests" name="[97] /home/travis/build/icyphy/ptII/ptolemy/domains/modal/test/auto/NonStrictFSM_FeedbackLoop_preemptive.xml (RunModel)" time="0.036" />
  <testcase classname="ptolemy.util.test.junit.AutoTests" name="[98] /home/travis/build/icyphy/ptII/ptolemy/domains/modal/test/auto/NormalTermination.xml (RunModel)" time="0.052" />
  <testcase classname="ptolemy.util.test.junit.AutoTests" name="[99] /home/travis/build/icyphy/ptII/ptolemy/domains/modal/test/auto/Pong.xml (RunModel)" time="0.071" />
  <testcase classname="ptolemy.util.test.junit.AutoTests" name="[100] /home/travis/build/icyphy/ptII/ptolemy/domains/modal/test/auto/Pong_test.xml (RunModel)" time="0.09" />
  <testcase classname="ptolemy.util.test.junit.AutoTests" name="[101] /home/travis/build/icyphy/ptII/ptolemy/domains/modal/test/auto/PreemptionHierarchy.xml (RunModel)" time="0.022" />
  <testcase classname="ptolemy.util.test.junit.AutoTests" name="[102] /home/travis/build/icyphy/ptII/ptolemy/domains/modal/test/auto/PreemptionHierarchy2.xml (RunModel)" time="0.027" />
  <testcase classname="ptolemy.util.test.junit.AutoTests" name="[103] /home/travis/build/icyphy/ptII/ptolemy/domains/modal/test/auto/PreemptiveTransition.xml (RunModel)" time="0.019" />
  <testcase classname="ptolemy.util.test.junit.AutoTests" name="[104] /home/travis/build/icyphy/ptII/ptolemy/domains/modal/test/auto/Priorities.xml (RunModel)" time="0.071" />
  <testcase classname="ptolemy.util.test.junit.AutoTests" name="[105] /home/travis/build/icyphy/ptII/ptolemy/domains/modal/test/auto/ResetFinal.xml (RunModel)" time="0.048" />
  <testcase classname="ptolemy.util.test.junit.AutoTests" name="[106] /home/travis/build/icyphy/ptII/ptolemy/domains/modal/test/auto/ResetFinal2.xml (RunModel)" time="0.026" />
  <testcase classname="ptolemy.util.test.junit.AutoTests" name="[107] /home/travis/build/icyphy/ptII/ptolemy/domains/modal/test/auto/ResetTransitionWithStartTime.xml (RunModel)" time="0.03" />
  <testcase classname="ptolemy.util.test.junit.AutoTests" name="[108] /home/travis/build/icyphy/ptII/ptolemy/domains/modal/test/auto/SDF-FSMComposite.xml (RunModel)" time="0.019" />
  <testcase classname="ptolemy.util.test.junit.AutoTests" name="[109] /home/travis/build/icyphy/ptII/ptolemy/domains/modal/test/auto/SeeminglyNondeterminate.xml (RunModel)" time="0.073" />
  <testcase classname="ptolemy.util.test.junit.AutoTests" name="[110] /home/travis/build/icyphy/ptII/ptolemy/domains/modal/test/auto/SeeminglyNondeterminate2.xml (RunModel)" time="0.067" />
  <testcase classname="ptolemy.util.test.junit.AutoTests" name="[111] /home/travis/build/icyphy/ptII/ptolemy/domains/modal/test/auto/SpontaneousFSM.xml (RunModel)" time="0.041" />
  <testcase classname="ptolemy.util.test.junit.AutoTests" name="[112] /home/travis/build/icyphy/ptII/ptolemy/domains/modal/test/auto/SpontaneousFSM2.xml (RunModel)" time="0.028" />
  <testcase classname="ptolemy.util.test.junit.AutoTests" name="[113] /home/travis/build/icyphy/ptII/ptolemy/domains/modal/test/auto/SpontaneousFSM3.xml (RunModel)" time="0.043" />
  <testcase classname="ptolemy.util.test.junit.AutoTests" name="[114] /home/travis/build/icyphy/ptII/ptolemy/domains/modal/test/auto/SpontaneousFSM4.xml (RunModel)" time="0.044" />
  <testcase classname="ptolemy.util.test.junit.AutoTests" name="[115] /home/travis/build/icyphy/ptII/ptolemy/domains/modal/test/auto/StateTrackerTest.xml (RunModel)" time="0.059" />
  <testcase classname="ptolemy.util.test.junit.AutoTests" name="[116] /home/travis/build/icyphy/ptII/ptolemy/domains/modal/test/auto/StrongImmediateTransition.xml (RunModel)" time="0.028" />
  <testcase classname="ptolemy.util.test.junit.AutoTests" name="[117] /home/travis/build/icyphy/ptII/ptolemy/domains/modal/test/auto/SustainHierarchy.xml (RunModel)" time="0.034" />
  <testcase classname="ptolemy.util.test.junit.AutoTests" name="[118] /home/travis/build/icyphy/ptII/ptolemy/domains/modal/test/auto/TerminationTransition1.xml (RunModel)" time="0.021" />
  <testcase classname="ptolemy.util.test.junit.AutoTests" name="[119] /home/travis/build/icyphy/ptII/ptolemy/domains/modal/test/auto/TerminationTransition2.xml (RunModel)" time="0.027" />
  <testcase classname="ptolemy.util.test.junit.AutoTests" name="[120] /home/travis/build/icyphy/ptII/ptolemy/domains/modal/test/auto/TerminationTransition3.xml (RunModel)" time="0.024" />
  <testcase classname="ptolemy.util.test.junit.AutoTests" name="[121] /home/travis/build/icyphy/ptII/ptolemy/domains/modal/test/auto/TerminationTransition4.xml (RunModel)" time="0.038" />
  <testcase classname="ptolemy.util.test.junit.AutoTests" name="[122] /home/travis/build/icyphy/ptII/ptolemy/domains/modal/test/auto/TerminationTransition5.xml (RunModel)" time="0.032" />
  <testcase classname="ptolemy.util.test.junit.AutoTests" name="[123] /home/travis/build/icyphy/ptII/ptolemy/domains/modal/test/auto/TerminationTransition6.xml (RunModel)" time="0.021" />
  <testcase classname="ptolemy.util.test.junit.AutoTests" name="[124] /home/travis/build/icyphy/ptII/ptolemy/domains/modal/test/auto/TerminationTransition7.xml (RunModel)" time="0.021" />
  <testcase classname="ptolemy.util.test.junit.AutoTests" name="[125] /home/travis/build/icyphy/ptII/ptolemy/domains/modal/test/auto/TerminationTransition8.xml (RunModel)" time="0.02" />
  <testcase classname="ptolemy.util.test.junit.AutoTests" name="[126] /home/travis/build/icyphy/ptII/ptolemy/domains/modal/test/auto/Thermostat_NoHysteresis.xml (RunModel)" time="0.048" />
  <testcase classname="ptolemy.util.test.junit.AutoTests" name="[127] /home/travis/build/icyphy/ptII/ptolemy/domains/modal/test/auto/TimedFSM.xml (RunModel)" time="0.028" />
  <testcase classname="ptolemy.util.test.junit.AutoTests" name="[128] /home/travis/build/icyphy/ptII/ptolemy/domains/modal/test/auto/Timeout1.xml (RunModel)" time="0.012" />
  <testcase classname="ptolemy.util.test.junit.AutoTests" name="[129] /home/travis/build/icyphy/ptII/ptolemy/domains/modal/test/auto/Timeout2.xml (RunModel)" time="0.016" />
  <testcase classname="ptolemy.util.test.junit.AutoTests" name="[130] /home/travis/build/icyphy/ptII/ptolemy/domains/modal/test/auto/Timeout3.xml (RunModel)" time="0.011" />
  <testcase classname="ptolemy.util.test.junit.AutoTests" name="[131] /home/travis/build/icyphy/ptII/ptolemy/domains/modal/test/auto/Timeout4.xml (RunModel)" time="0.013" />
  <testcase classname="ptolemy.util.test.junit.AutoTests" name="[132] /home/travis/build/icyphy/ptII/ptolemy/domains/modal/test/auto/TransientstateModelAdvanced.xml (RunModel)" time="0.025" />
  <testcase classname="ptolemy.util.test.junit.AutoTests" name="[133] /home/travis/build/icyphy/ptII/ptolemy/domains/modal/test/auto/TransientstateModelAdvanced2.xml (RunModel)" time="0.031" />
  <testcase classname="ptolemy.util.test.junit.AutoTests" name="[134] /home/travis/build/icyphy/ptII/ptolemy/domains/modal/test/auto/TransitionRefinements.xml (RunModel)" time="0.023" />
  <testcase classname="ptolemy.util.test.junit.AutoTests" name="[135] /home/travis/build/icyphy/ptII/ptolemy/domains/modal/test/auto/TwoRefinements1.xml (RunModel)" time="0.023" />
  <testcase classname="ptolemy.util.test.junit.AutoTests" name="[136] /home/travis/build/icyphy/ptII/ptolemy/domains/modal/test/auto/TwoRefinements2.xml (RunModel)" time="0.023" />
  <testcase classname="ptolemy.util.test.junit.AutoTests" name="[137] /home/travis/build/icyphy/ptII/ptolemy/domains/modal/test/auto/WeakImmediateTransition.xml (RunModel)" time="0.025" />
  <testcase classname="ptolemy.util.test.junit.AutoTests" name="[138] /home/travis/build/icyphy/ptII/ptolemy/domains/modal/test/auto/booleanSelect.xml (RunModel)" time="0.059" />
  <testcase classname="ptolemy.util.test.junit.AutoTests" name="[139] /home/travis/build/icyphy/ptII/ptolemy/domains/modal/test/auto/modalChangingParams.xml (RunModel)" time="0.219" />
  <testcase classname="ptolemy.util.test.junit.AutoTests" name="[140] /home/travis/build/icyphy/ptII/ptolemy/domains/modal/test/auto/modalModel.xml (RunModel)" time="0.022" />
  <testcase classname="ptolemy.util.test.junit.AutoTests" name="[141] /home/travis/build/icyphy/ptII/ptolemy/domains/modal/test/auto/modalModel2.xml (RunModel)" time="0.023" />
  <testcase classname="ptolemy.util.test.junit.AutoTests" name="[142] /home/travis/build/icyphy/ptII/ptolemy/domains/modal/test/auto/modalModel3.xml (RunModel)" time="0.03" />
  <testcase classname="ptolemy.util.test.junit.AutoTests" name="[143] /home/travis/build/icyphy/ptII/ptolemy/domains/modal/test/auto/model1.xml (RunModel)" time="0.016" />
  <testcase classname="ptolemy.util.test.junit.AutoTests" name="[144] /home/travis/build/icyphy/ptII/ptolemy/domains/modal/test/auto/test-direct-in-out.xml (RunModel)" time="0.016" />
  <system-out><![CDATA[/home/travis/build/icyphy/ptII/ptolemy/domains/modal/test/SystemLevelType.tcl
testDefs.tcl: setting time out to 9000 seconds at Tue May 22 23:35:31 UTC 2018
05/22/18 11:35:33
Failed: 0  Total Tests: 1  ((Passed: 1, Newly Passed: 0)  Known Failed: 0) /home/travis/build/icyphy/ptII/ptolemy/domains/modal/test
----------------- testing (KnownFailure) /home/travis/build/icyphy/ptII/ptolemy/domains/modal/test/auto/knownFailedTests/CannotAnalysisWithPreemption.xml
52 ms. Memory: 208384K Free: 188422K (90%)
Known Failure: java.lang.reflect.InvocationTargetException
No auto/*.xml tests in /home/travis/build/icyphy/ptII/ptolemy/domains/modal/test
AutoTests.java: About to close Vertx.
AutoTests.java: Vertx closed.
----------------- testing Tue May 22 23:35:33 UTC 2018 /home/travis/build/icyphy/ptII/ptolemy/domains/modal/test/auto/ABPTest.xml
----------------- Instantiating /home/travis/build/icyphy/ptII/ptolemy/domains/modal/test/auto/ABPTest.xml
281 ms. Memory: 332288K Free: 290468K (87%)
----------------- Invoking toplevel() on ptolemy.moml.MoMLSimpleApplication@157b115b
----------------- Done invoking toplevel() on ptolemy.moml.MoMLSimpleApplication@157b115b
reloadAllAccessors: .ABPTest
----------------- testing Tue May 22 23:35:34 UTC 2018 /home/travis/build/icyphy/ptII/ptolemy/domains/modal/test/auto/ABROFlat.xml
----------------- Instantiating /home/travis/build/icyphy/ptII/ptolemy/domains/modal/test/auto/ABROFlat.xml
27 ms. Memory: 332288K Free: 268314K (81%)
----------------- Invoking toplevel() on ptolemy.moml.MoMLSimpleApplication@17dcca03
----------------- Done invoking toplevel() on ptolemy.moml.MoMLSimpleApplication@17dcca03
reloadAllAccessors: .ABROFlat
----------------- testing Tue May 22 23:35:34 UTC 2018 /home/travis/build/icyphy/ptII/ptolemy/domains/modal/test/auto/ABROFlat2.xml
----------------- Instantiating /home/travis/build/icyphy/ptII/ptolemy/domains/modal/test/auto/ABROFlat2.xml
10 ms. Memory: 332288K Free: 250300K (75%)
----------------- Invoking toplevel() on ptolemy.moml.MoMLSimpleApplication@1222c348
----------------- Done invoking toplevel() on ptolemy.moml.MoMLSimpleApplication@1222c348
reloadAllAccessors: .ABROFlat2
----------------- testing Tue May 22 23:35:34 UTC 2018 /home/travis/build/icyphy/ptII/ptolemy/domains/modal/test/auto/ABRO_present_hmm.xml
----------------- Instantiating /home/travis/build/icyphy/ptII/ptolemy/domains/modal/test/auto/ABRO_present_hmm.xml
15 ms. Memory: 332288K Free: 217640K (65%)
----------------- Invoking toplevel() on ptolemy.moml.MoMLSimpleApplication@8f9e3b4
----------------- Done invoking toplevel() on ptolemy.moml.MoMLSimpleApplication@8f9e3b4
reloadAllAccessors: .ABRO_present_hmm
----------------- testing Tue May 22 23:35:34 UTC 2018 /home/travis/build/icyphy/ptII/ptolemy/domains/modal/test/auto/AMICoderExample.xml
----------------- Instantiating /home/travis/build/icyphy/ptII/ptolemy/domains/modal/test/auto/AMICoderExample.xml
20 ms. Memory: 332288K Free: 206203K (62%)
----------------- Invoking toplevel() on ptolemy.moml.MoMLSimpleApplication@6adbd23f
----------------- Done invoking toplevel() on ptolemy.moml.MoMLSimpleApplication@6adbd23f
reloadAllAccessors: .AMICoderExample
----------------- testing Tue May 22 23:35:34 UTC 2018 /home/travis/build/icyphy/ptII/ptolemy/domains/modal/test/auto/AbsentToPresent.xml
----------------- Instantiating /home/travis/build/icyphy/ptII/ptolemy/domains/modal/test/auto/AbsentToPresent.xml
6 ms. Memory: 332288K Free: 196258K (59%)
----------------- Invoking toplevel() on ptolemy.moml.MoMLSimpleApplication@3a85f902
----------------- Done invoking toplevel() on ptolemy.moml.MoMLSimpleApplication@3a85f902
reloadAllAccessors: .AbsentToPresent
----------------- testing Tue May 22 23:35:34 UTC 2018 /home/travis/build/icyphy/ptII/ptolemy/domains/modal/test/auto/Blending.xml
----------------- Instantiating /home/travis/build/icyphy/ptII/ptolemy/domains/modal/test/auto/Blending.xml
135 ms. Memory: 332288K Free: 145536K (44%)
----------------- Invoking toplevel() on ptolemy.moml.MoMLSimpleApplication@2301400f
----------------- Done invoking toplevel() on ptolemy.moml.MoMLSimpleApplication@2301400f
reloadAllAccessors: .Blending
----------------- testing Tue May 22 23:35:34 UTC 2018 /home/travis/build/icyphy/ptII/ptolemy/domains/modal/test/auto/Broadcast.xml
----------------- Instantiating /home/travis/build/icyphy/ptII/ptolemy/domains/modal/test/auto/Broadcast.xml
5 ms. Memory: 332288K Free: 132486K (40%)
----------------- Invoking toplevel() on ptolemy.moml.MoMLSimpleApplication@25560d58
----------------- Done invoking toplevel() on ptolemy.moml.MoMLSimpleApplication@25560d58
reloadAllAccessors: .Broadcast
----------------- testing Tue May 22 23:35:34 UTC 2018 /home/travis/build/icyphy/ptII/ptolemy/domains/modal/test/auto/BroadcastHierarchy.xml
----------------- Instantiating /home/travis/build/icyphy/ptII/ptolemy/domains/modal/test/auto/BroadcastHierarchy.xml
11 ms. Memory: 332288K Free: 114496K (34%)
----------------- Invoking toplevel() on ptolemy.moml.MoMLSimpleApplication@2041338
----------------- Done invoking toplevel() on ptolemy.moml.MoMLSimpleApplication@2041338
reloadAllAccessors: .BroadcastHierarchy
----------------- testing Tue May 22 23:35:34 UTC 2018 /home/travis/build/icyphy/ptII/ptolemy/domains/modal/test/auto/BroadcastHierarchy2.xml
----------------- Instantiating /home/travis/build/icyphy/ptII/ptolemy/domains/modal/test/auto/BroadcastHierarchy2.xml
12 ms. Memory: 332288K Free: 78577K (24%)
----------------- Invoking toplevel() on ptolemy.moml.MoMLSimpleApplication@78280fbc
----------------- Done invoking toplevel() on ptolemy.moml.MoMLSimpleApplication@78280fbc
reloadAllAccessors: .BroadcastHierarchy2
----------------- testing Tue May 22 23:35:34 UTC 2018 /home/travis/build/icyphy/ptII/ptolemy/domains/modal/test/auto/BroadcastHierarchy3.xml
----------------- Instantiating /home/travis/build/icyphy/ptII/ptolemy/domains/modal/test/auto/BroadcastHierarchy3.xml
24 ms. Memory: 333824K Free: 297716K (89%)
----------------- Invoking toplevel() on ptolemy.moml.MoMLSimpleApplication@130a820a
----------------- Done invoking toplevel() on ptolemy.moml.MoMLSimpleApplication@130a820a
reloadAllAccessors: .BroadcastHierarchy3
----------------- testing Tue May 22 23:35:35 UTC 2018 /home/travis/build/icyphy/ptII/ptolemy/domains/modal/test/auto/BroadcastHierarchy4.xml
----------------- Instantiating /home/travis/build/icyphy/ptII/ptolemy/domains/modal/test/auto/BroadcastHierarchy4.xml
11 ms. Memory: 333824K Free: 262769K (79%)
----------------- Invoking toplevel() on ptolemy.moml.MoMLSimpleApplication@50bfd289
----------------- Done invoking toplevel() on ptolemy.moml.MoMLSimpleApplication@50bfd289
reloadAllAccessors: .BroadcastHierarchy4
----------------- testing Tue May 22 23:35:35 UTC 2018 /home/travis/build/icyphy/ptII/ptolemy/domains/modal/test/auto/CannotAnalysisWithPreemption2.xml
----------------- Instantiating /home/travis/build/icyphy/ptII/ptolemy/domains/modal/test/auto/CannotAnalysisWithPreemption2.xml
5 ms. Memory: 333824K Free: 252968K (76%)
----------------- Invoking toplevel() on ptolemy.moml.MoMLSimpleApplication@1ccc8f7d
----------------- Done invoking toplevel() on ptolemy.moml.MoMLSimpleApplication@1ccc8f7d
reloadAllAccessors: .CannotAnalysisWithPreemption2
----------------- testing Tue May 22 23:35:35 UTC 2018 /home/travis/build/icyphy/ptII/ptolemy/domains/modal/test/auto/CannotAnalysisWithPreemption3.xml
----------------- Instantiating /home/travis/build/icyphy/ptII/ptolemy/domains/modal/test/auto/CannotAnalysisWithPreemption3.xml
3 ms. Memory: 333824K Free: 239894K (72%)
----------------- Invoking toplevel() on ptolemy.moml.MoMLSimpleApplication@4436706
----------------- Done invoking toplevel() on ptolemy.moml.MoMLSimpleApplication@4436706
reloadAllAccessors: .CannotAnalysisWithPreemption3
----------------- testing Tue May 22 23:35:35 UTC 2018 /home/travis/build/icyphy/ptII/ptolemy/domains/modal/test/auto/CannotProduce.xml
----------------- Instantiating /home/travis/build/icyphy/ptII/ptolemy/domains/modal/test/auto/CannotProduce.xml
5 ms. Memory: 333824K Free: 231054K (69%)
----------------- Invoking toplevel() on ptolemy.moml.MoMLSimpleApplication@4f46ec1
----------------- Done invoking toplevel() on ptolemy.moml.MoMLSimpleApplication@4f46ec1
reloadAllAccessors: .CannotProduce
----------------- testing Tue May 22 23:35:35 UTC 2018 /home/travis/build/icyphy/ptII/ptolemy/domains/modal/test/auto/CannotProduceModal.xml
----------------- Instantiating /home/travis/build/icyphy/ptII/ptolemy/domains/modal/test/auto/CannotProduceModal.xml
4 ms. Memory: 333824K Free: 222889K (67%)
----------------- Invoking toplevel() on ptolemy.moml.MoMLSimpleApplication@7247a1bb
----------------- Done invoking toplevel() on ptolemy.moml.MoMLSimpleApplication@7247a1bb
reloadAllAccessors: .CannotProduceModal
----------------- testing Tue May 22 23:35:35 UTC 2018 /home/travis/build/icyphy/ptII/ptolemy/domains/modal/test/auto/Case.xml
----------------- Instantiating /home/travis/build/icyphy/ptII/ptolemy/domains/modal/test/auto/Case.xml
31 ms. Memory: 333824K Free: 209823K (63%)
----------------- Invoking toplevel() on ptolemy.moml.MoMLSimpleApplication@39279509
----------------- Done invoking toplevel() on ptolemy.moml.MoMLSimpleApplication@39279509
reloadAllAccessors: .Case
----------------- testing Tue May 22 23:35:35 UTC 2018 /home/travis/build/icyphy/ptII/ptolemy/domains/modal/test/auto/Case1.xml
----------------- Instantiating /home/travis/build/icyphy/ptII/ptolemy/domains/modal/test/auto/Case1.xml
12 ms. Memory: 333824K Free: 199323K (60%)
----------------- Invoking toplevel() on ptolemy.moml.MoMLSimpleApplication@25a3ec74
----------------- Done invoking toplevel() on ptolemy.moml.MoMLSimpleApplication@25a3ec74
reloadAllAccessors: .Case1
----------------- testing Tue May 22 23:35:35 UTC 2018 /home/travis/build/icyphy/ptII/ptolemy/domains/modal/test/auto/Case2.xml
----------------- Instantiating /home/travis/build/icyphy/ptII/ptolemy/domains/modal/test/auto/Case2.xml
25 ms. Memory: 333824K Free: 187861K (56%)
----------------- Invoking toplevel() on ptolemy.moml.MoMLSimpleApplication@3efa0ce1
----------------- Done invoking toplevel() on ptolemy.moml.MoMLSimpleApplication@3efa0ce1
reloadAllAccessors: .Case2
----------------- testing Tue May 22 23:35:35 UTC 2018 /home/travis/build/icyphy/ptII/ptolemy/domains/modal/test/auto/CausalityInterface1.xml
----------------- Instantiating /home/travis/build/icyphy/ptII/ptolemy/domains/modal/test/auto/CausalityInterface1.xml
3 ms. Memory: 333824K Free: 181341K (54%)
----------------- Invoking toplevel() on ptolemy.moml.MoMLSimpleApplication@1a3f871d
----------------- Done invoking toplevel() on ptolemy.moml.MoMLSimpleApplication@1a3f871d
reloadAllAccessors: .CausalityInterface1
----------------- testing Tue May 22 23:35:35 UTC 2018 /home/travis/build/icyphy/ptII/ptolemy/domains/modal/test/auto/CausalityInterface10.xml
----------------- Instantiating /home/travis/build/icyphy/ptII/ptolemy/domains/modal/test/auto/CausalityInterface10.xml
8 ms. Memory: 333824K Free: 162684K (49%)
----------------- Invoking toplevel() on ptolemy.moml.MoMLSimpleApplication@7d9520c
----------------- Done invoking toplevel() on ptolemy.moml.MoMLSimpleApplication@7d9520c
reloadAllAccessors: .CausalityInterface10
----------------- testing Tue May 22 23:35:35 UTC 2018 /home/travis/build/icyphy/ptII/ptolemy/domains/modal/test/auto/CausalityInterface11.xml
----------------- Instantiating /home/travis/build/icyphy/ptII/ptolemy/domains/modal/test/auto/CausalityInterface11.xml
12 ms. Memory: 333824K Free: 146354K (44%)
----------------- Invoking toplevel() on ptolemy.moml.MoMLSimpleApplication@37016658
----------------- Done invoking toplevel() on ptolemy.moml.MoMLSimpleApplication@37016658
reloadAllAccessors: .CausalityInterface11
----------------- testing Tue May 22 23:35:35 UTC 2018 /home/travis/build/icyphy/ptII/ptolemy/domains/modal/test/auto/CausalityInterface12.xml
----------------- Instantiating /home/travis/build/icyphy/ptII/ptolemy/domains/modal/test/auto/CausalityInterface12.xml
9 ms. Memory: 333824K Free: 130064K (39%)
----------------- Invoking toplevel() on ptolemy.moml.MoMLSimpleApplication@3407a1ae
----------------- Done invoking toplevel() on ptolemy.moml.MoMLSimpleApplication@3407a1ae
reloadAllAccessors: .CausalityInterface12
----------------- testing Tue May 22 23:35:35 UTC 2018 /home/travis/build/icyphy/ptII/ptolemy/domains/modal/test/auto/CausalityInterface13.xml
----------------- Instantiating /home/travis/build/icyphy/ptII/ptolemy/domains/modal/test/auto/CausalityInterface13.xml
11 ms. Memory: 333824K Free: 111399K (33%)
----------------- Invoking toplevel() on ptolemy.moml.MoMLSimpleApplication@4e96d6a4
----------------- Done invoking toplevel() on ptolemy.moml.MoMLSimpleApplication@4e96d6a4
reloadAllAccessors: .CausalityInterface13
----------------- testing Tue May 22 23:35:35 UTC 2018 /home/travis/build/icyphy/ptII/ptolemy/domains/modal/test/auto/CausalityInterface14.xml
----------------- Instantiating /home/travis/build/icyphy/ptII/ptolemy/domains/modal/test/auto/CausalityInterface14.xml
14 ms. Memory: 333824K Free: 95085K (28%)
----------------- Invoking toplevel() on ptolemy.moml.MoMLSimpleApplication@7da3cb44
----------------- Done invoking toplevel() on ptolemy.moml.MoMLSimpleApplication@7da3cb44
reloadAllAccessors: .CausalityInterface14
----------------- testing Tue May 22 23:35:35 UTC 2018 /home/travis/build/icyphy/ptII/ptolemy/domains/modal/test/auto/CausalityInterface2.xml
----------------- Instantiating /home/travis/build/icyphy/ptII/ptolemy/domains/modal/test/auto/CausalityInterface2.xml
5 ms. Memory: 333824K Free: 86920K (26%)
----------------- Invoking toplevel() on ptolemy.moml.MoMLSimpleApplication@1ed98d50
----------------- Done invoking toplevel() on ptolemy.moml.MoMLSimpleApplication@1ed98d50
reloadAllAccessors: .CausalityInterface2
----------------- testing Tue May 22 23:35:35 UTC 2018 /home/travis/build/icyphy/ptII/ptolemy/domains/modal/test/auto/CausalityInterface3.xml
----------------- Instantiating /home/travis/build/icyphy/ptII/ptolemy/domains/modal/test/auto/CausalityInterface3.xml
3 ms. Memory: 578560K Free: 563347K (97%)
----------------- Invoking toplevel() on ptolemy.moml.MoMLSimpleApplication@4e2e8042
----------------- Done invoking toplevel() on ptolemy.moml.MoMLSimpleApplication@4e2e8042
reloadAllAccessors: .CausalityInterface3
----------------- testing Tue May 22 23:35:35 UTC 2018 /home/travis/build/icyphy/ptII/ptolemy/domains/modal/test/auto/CausalityInterface4.xml
----------------- Instantiating /home/travis/build/icyphy/ptII/ptolemy/domains/modal/test/auto/CausalityInterface4.xml
3 ms. Memory: 578560K Free: 550409K (95%)
----------------- Invoking toplevel() on ptolemy.moml.MoMLSimpleApplication@5e8f892
----------------- Done invoking toplevel() on ptolemy.moml.MoMLSimpleApplication@5e8f892
reloadAllAccessors: .CausalityInterface4
----------------- testing Tue May 22 23:35:35 UTC 2018 /home/travis/build/icyphy/ptII/ptolemy/domains/modal/test/auto/CausalityInterface5.xml
----------------- Instantiating /home/travis/build/icyphy/ptII/ptolemy/domains/modal/test/auto/CausalityInterface5.xml
7 ms. Memory: 578560K Free: 537367K (93%)
----------------- Invoking toplevel() on ptolemy.moml.MoMLSimpleApplication@6b806fc
----------------- Done invoking toplevel() on ptolemy.moml.MoMLSimpleApplication@6b806fc
reloadAllAccessors: .CausalityInterface5
----------------- testing Tue May 22 23:35:35 UTC 2018 /home/travis/build/icyphy/ptII/ptolemy/domains/modal/test/auto/CausalityInterface6.xml
----------------- Instantiating /home/travis/build/icyphy/ptII/ptolemy/domains/modal/test/auto/CausalityInterface6.xml
3 ms. Memory: 578560K Free: 524326K (91%)
----------------- Invoking toplevel() on ptolemy.moml.MoMLSimpleApplication@4160dacc
----------------- Done invoking toplevel() on ptolemy.moml.MoMLSimpleApplication@4160dacc
reloadAllAccessors: .CausalityInterface6
----------------- testing Tue May 22 23:35:35 UTC 2018 /home/travis/build/icyphy/ptII/ptolemy/domains/modal/test/auto/CausalityInterface7.xml
----------------- Instantiating /home/travis/build/icyphy/ptII/ptolemy/domains/modal/test/auto/CausalityInterface7.xml
6 ms. Memory: 578560K Free: 511293K (88%)
----------------- Invoking toplevel() on ptolemy.moml.MoMLSimpleApplication@cf73047
----------------- Done invoking toplevel() on ptolemy.moml.MoMLSimpleApplication@cf73047
reloadAllAccessors: .CausalityInterface7
----------------- testing Tue May 22 23:35:36 UTC 2018 /home/travis/build/icyphy/ptII/ptolemy/domains/modal/test/auto/CausalityInterface8.xml
----------------- Instantiating /home/travis/build/icyphy/ptII/ptolemy/domains/modal/test/auto/CausalityInterface8.xml
7 ms. Memory: 578560K Free: 495083K (86%)
----------------- Invoking toplevel() on ptolemy.moml.MoMLSimpleApplication@cd65142
----------------- Done invoking toplevel() on ptolemy.moml.MoMLSimpleApplication@cd65142
reloadAllAccessors: .CausalityInterface8
----------------- testing Tue May 22 23:35:36 UTC 2018 /home/travis/build/icyphy/ptII/ptolemy/domains/modal/test/auto/CausalityInterface9.xml
----------------- Instantiating /home/travis/build/icyphy/ptII/ptolemy/domains/modal/test/auto/CausalityInterface9.xml
7 ms. Memory: 578560K Free: 481801K (83%)
----------------- Invoking toplevel() on ptolemy.moml.MoMLSimpleApplication@2bb63115
----------------- Done invoking toplevel() on ptolemy.moml.MoMLSimpleApplication@2bb63115
reloadAllAccessors: .CausalityInterface9
----------------- testing Tue May 22 23:35:36 UTC 2018 /home/travis/build/icyphy/ptII/ptolemy/domains/modal/test/auto/ChainedTransitions.xml
----------------- Instantiating /home/travis/build/icyphy/ptII/ptolemy/domains/modal/test/auto/ChainedTransitions.xml
75 ms. Memory: 578560K Free: 452454K (78%)
----------------- Invoking toplevel() on ptolemy.moml.MoMLSimpleApplication@1def3b4c
----------------- Done invoking toplevel() on ptolemy.moml.MoMLSimpleApplication@1def3b4c
reloadAllAccessors: .ChainedTransitions
----------------- testing Tue May 22 23:35:36 UTC 2018 /home/travis/build/icyphy/ptII/ptolemy/domains/modal/test/auto/CycleOfImmediateTransitionsFSM.xml
----------------- Instantiating /home/travis/build/icyphy/ptII/ptolemy/domains/modal/test/auto/CycleOfImmediateTransitionsFSM.xml
4 ms. Memory: 578560K Free: 442685K (77%)
----------------- Invoking toplevel() on ptolemy.moml.MoMLSimpleApplication@661c5267
----------------- Done invoking toplevel() on ptolemy.moml.MoMLSimpleApplication@661c5267
reloadAllAccessors: .CycleOfImmediateTransitionsFSM
----------------- testing Tue May 22 23:35:36 UTC 2018 /home/travis/build/icyphy/ptII/ptolemy/domains/modal/test/auto/CycleOfImmediateTransitionsModal.xml
----------------- Instantiating /home/travis/build/icyphy/ptII/ptolemy/domains/modal/test/auto/CycleOfImmediateTransitionsModal.xml
6 ms. Memory: 578560K Free: 429732K (74%)
----------------- Invoking toplevel() on ptolemy.moml.MoMLSimpleApplication@29421227
----------------- Done invoking toplevel() on ptolemy.moml.MoMLSimpleApplication@29421227
reloadAllAccessors: .CycleOfImmediateTransitionsModal
----------------- testing Tue May 22 23:35:36 UTC 2018 /home/travis/build/icyphy/ptII/ptolemy/domains/modal/test/auto/CycleOfImmediateTransitionsModal2.xml
----------------- Instantiating /home/travis/build/icyphy/ptII/ptolemy/domains/modal/test/auto/CycleOfImmediateTransitionsModal2.xml
4 ms. Memory: 578560K Free: 419947K (73%)
----------------- Invoking toplevel() on ptolemy.moml.MoMLSimpleApplication@73108369
----------------- Done invoking toplevel() on ptolemy.moml.MoMLSimpleApplication@73108369
reloadAllAccessors: .CycleOfImmediateTransitionsModal2
----------------- testing Tue May 22 23:35:36 UTC 2018 /home/travis/build/icyphy/ptII/ptolemy/domains/modal/test/auto/CycleOfImmediateTransitionsModal3.xml
----------------- Instantiating /home/travis/build/icyphy/ptII/ptolemy/domains/modal/test/auto/CycleOfImmediateTransitionsModal3.xml
10 ms. Memory: 578560K Free: 390583K (68%)
----------------- Invoking toplevel() on ptolemy.moml.MoMLSimpleApplication@40098eea
----------------- Done invoking toplevel() on ptolemy.moml.MoMLSimpleApplication@40098eea
reloadAllAccessors: .CycleOfImmediateTransitionsModal3
----------------- testing Tue May 22 23:35:36 UTC 2018 /home/travis/build/icyphy/ptII/ptolemy/domains/modal/test/auto/DeepModal1.xml
----------------- Instantiating /home/travis/build/icyphy/ptII/ptolemy/domains/modal/test/auto/DeepModal1.xml
22 ms. Memory: 578560K Free: 370997K (64%)
----------------- Invoking toplevel() on ptolemy.moml.MoMLSimpleApplication@2bff2109
----------------- Done invoking toplevel() on ptolemy.moml.MoMLSimpleApplication@2bff2109
reloadAllAccessors: .DeepModal1
----------------- testing Tue May 22 23:35:36 UTC 2018 /home/travis/build/icyphy/ptII/ptolemy/domains/modal/test/auto/DeepModal2.xml
----------------- Instantiating /home/travis/build/icyphy/ptII/ptolemy/domains/modal/test/auto/DeepModal2.xml
29 ms. Memory: 578560K Free: 344986K (60%)
----------------- Invoking toplevel() on ptolemy.moml.MoMLSimpleApplication@4b9e5e31
----------------- Done invoking toplevel() on ptolemy.moml.MoMLSimpleApplication@4b9e5e31
reloadAllAccessors: .DeepModal2
----------------- testing Tue May 22 23:35:36 UTC 2018 /home/travis/build/icyphy/ptII/ptolemy/domains/modal/test/auto/DeepModal3.xml
----------------- Instantiating /home/travis/build/icyphy/ptII/ptolemy/domains/modal/test/auto/DeepModal3.xml
25 ms. Memory: 578560K Free: 322159K (56%)
----------------- Invoking toplevel() on ptolemy.moml.MoMLSimpleApplication@11e5f1cb
----------------- Done invoking toplevel() on ptolemy.moml.MoMLSimpleApplication@11e5f1cb
reloadAllAccessors: .DeepModal3
----------------- testing Tue May 22 23:35:36 UTC 2018 /home/travis/build/icyphy/ptII/ptolemy/domains/modal/test/auto/DeepModal4.xml
----------------- Instantiating /home/travis/build/icyphy/ptII/ptolemy/domains/modal/test/auto/DeepModal4.xml
35 ms. Memory: 578560K Free: 299317K (52%)
----------------- Invoking toplevel() on ptolemy.moml.MoMLSimpleApplication@64ccb2c0
----------------- Done invoking toplevel() on ptolemy.moml.MoMLSimpleApplication@64ccb2c0
reloadAllAccessors: .DeepModal4
----------------- testing Tue May 22 23:35:36 UTC 2018 /home/travis/build/icyphy/ptII/ptolemy/domains/modal/test/auto/Default1.xml
----------------- Instantiating /home/travis/build/icyphy/ptII/ptolemy/domains/modal/test/auto/Default1.xml
3 ms. Memory: 578560K Free: 289531K (50%)
----------------- Invoking toplevel() on ptolemy.moml.MoMLSimpleApplication@7bb0a3c4
----------------- Done invoking toplevel() on ptolemy.moml.MoMLSimpleApplication@7bb0a3c4
reloadAllAccessors: .Default1
----------------- testing Tue May 22 23:35:36 UTC 2018 /home/travis/build/icyphy/ptII/ptolemy/domains/modal/test/auto/Default2.xml
----------------- Instantiating /home/travis/build/icyphy/ptII/ptolemy/domains/modal/test/auto/Default2.xml
3 ms. Memory: 578560K Free: 276594K (48%)
----------------- Invoking toplevel() on ptolemy.moml.MoMLSimpleApplication@2af946c4
----------------- Done invoking toplevel() on ptolemy.moml.MoMLSimpleApplication@2af946c4
reloadAllAccessors: .Default2
----------------- testing Tue May 22 23:35:36 UTC 2018 /home/travis/build/icyphy/ptII/ptolemy/domains/modal/test/auto/Default3.xml
----------------- Instantiating /home/travis/build/icyphy/ptII/ptolemy/domains/modal/test/auto/Default3.xml
3 ms. Memory: 578560K Free: 266809K (46%)
----------------- Invoking toplevel() on ptolemy.moml.MoMLSimpleApplication@2d7fb2fb
----------------- Done invoking toplevel() on ptolemy.moml.MoMLSimpleApplication@2d7fb2fb
reloadAllAccessors: .Default3
----------------- testing Tue May 22 23:35:36 UTC 2018 /home/travis/build/icyphy/ptII/ptolemy/domains/modal/test/auto/Default4.xml
----------------- Instantiating /home/travis/build/icyphy/ptII/ptolemy/domains/modal/test/auto/Default4.xml
4 ms. Memory: 578560K Free: 257024K (44%)
----------------- Invoking toplevel() on ptolemy.moml.MoMLSimpleApplication@3c690301
----------------- Done invoking toplevel() on ptolemy.moml.MoMLSimpleApplication@3c690301
reloadAllAccessors: .Default4
----------------- testing Tue May 22 23:35:36 UTC 2018 /home/travis/build/icyphy/ptII/ptolemy/domains/modal/test/auto/Default5.xml
----------------- Instantiating /home/travis/build/icyphy/ptII/ptolemy/domains/modal/test/auto/Default5.xml
6 ms. Memory: 578560K Free: 243990K (42%)
----------------- Invoking toplevel() on ptolemy.moml.MoMLSimpleApplication@710d2c8d
----------------- Done invoking toplevel() on ptolemy.moml.MoMLSimpleApplication@710d2c8d
reloadAllAccessors: .Default5
----------------- testing Tue May 22 23:35:36 UTC 2018 /home/travis/build/icyphy/ptII/ptolemy/domains/modal/test/auto/EmptyGuard.xml
----------------- Instantiating /home/travis/build/icyphy/ptII/ptolemy/domains/modal/test/auto/EmptyGuard.xml
8 ms. Memory: 578560K Free: 234213K (40%)
----------------- Invoking toplevel() on ptolemy.moml.MoMLSimpleApplication@633cc8e3
----------------- Done invoking toplevel() on ptolemy.moml.MoMLSimpleApplication@633cc8e3
reloadAllAccessors: .EmptyGuard
----------------- testing Tue May 22 23:35:36 UTC 2018 /home/travis/build/icyphy/ptII/ptolemy/domains/modal/test/auto/ErrorTransition1.xml
----------------- Instantiating /home/travis/build/icyphy/ptII/ptolemy/domains/modal/test/auto/ErrorTransition1.xml
10 ms. Memory: 578560K Free: 218019K (38%)
----------------- Invoking toplevel() on ptolemy.moml.MoMLSimpleApplication@2cdeec61
----------------- Done invoking toplevel() on ptolemy.moml.MoMLSimpleApplication@2cdeec61
reloadAllAccessors: .ErrorTransition1
----------------- testing Tue May 22 23:35:36 UTC 2018 /home/travis/build/icyphy/ptII/ptolemy/domains/modal/test/auto/ErrorTransition10.xml
----------------- Instantiating /home/travis/build/icyphy/ptII/ptolemy/domains/modal/test/auto/ErrorTransition10.xml
17 ms. Memory: 578560K Free: 201705K (35%)
----------------- Invoking toplevel() on ptolemy.moml.MoMLSimpleApplication@46164614
----------------- Done invoking toplevel() on ptolemy.moml.MoMLSimpleApplication@46164614
reloadAllAccessors: .ErrorTransition10
----------------- testing Tue May 22 23:35:36 UTC 2018 /home/travis/build/icyphy/ptII/ptolemy/domains/modal/test/auto/ErrorTransition11.xml
----------------- Instantiating /home/travis/build/icyphy/ptII/ptolemy/domains/modal/test/auto/ErrorTransition11.xml
4 ms. Memory: 578560K Free: 185407K (32%)
----------------- Invoking toplevel() on ptolemy.moml.MoMLSimpleApplication@3d128fb2
----------------- Done invoking toplevel() on ptolemy.moml.MoMLSimpleApplication@3d128fb2
reloadAllAccessors: .ErrorTransition11
----------------- testing Tue May 22 23:35:37 UTC 2018 /home/travis/build/icyphy/ptII/ptolemy/domains/modal/test/auto/ErrorTransition2.xml
----------------- Instantiating /home/travis/build/icyphy/ptII/ptolemy/domains/modal/test/auto/ErrorTransition2.xml
6 ms. Memory: 578560K Free: 172374K (30%)
----------------- Invoking toplevel() on ptolemy.moml.MoMLSimpleApplication@61ea1a
----------------- Done invoking toplevel() on ptolemy.moml.MoMLSimpleApplication@61ea1a
reloadAllAccessors: .ErrorTransition2
----------------- testing Tue May 22 23:35:37 UTC 2018 /home/travis/build/icyphy/ptII/ptolemy/domains/modal/test/auto/ErrorTransition3.xml
----------------- Instantiating /home/travis/build/icyphy/ptII/ptolemy/domains/modal/test/auto/ErrorTransition3.xml
9 ms. Memory: 578560K Free: 156164K (27%)
----------------- Invoking toplevel() on ptolemy.moml.MoMLSimpleApplication@7fa5d348
----------------- Done invoking toplevel() on ptolemy.moml.MoMLSimpleApplication@7fa5d348
reloadAllAccessors: .ErrorTransition3
----------------- testing Tue May 22 23:35:37 UTC 2018 /home/travis/build/icyphy/ptII/ptolemy/domains/modal/test/auto/ErrorTransition4.xml
----------------- Instantiating /home/travis/build/icyphy/ptII/ptolemy/domains/modal/test/auto/ErrorTransition4.xml
16 ms. Memory: 578560K Free: 143122K (25%)
----------------- Invoking toplevel() on ptolemy.moml.MoMLSimpleApplication@66981d6b
----------------- Done invoking toplevel() on ptolemy.moml.MoMLSimpleApplication@66981d6b
reloadAllAccessors: .ErrorTransition4
----------------- testing Tue May 22 23:35:37 UTC 2018 /home/travis/build/icyphy/ptII/ptolemy/domains/modal/test/auto/ErrorTransition5.xml
----------------- Instantiating /home/travis/build/icyphy/ptII/ptolemy/domains/modal/test/auto/ErrorTransition5.xml
6 ms. Memory: 578560K Free: 130081K (22%)
----------------- Invoking toplevel() on ptolemy.moml.MoMLSimpleApplication@6e199835
----------------- Done invoking toplevel() on ptolemy.moml.MoMLSimpleApplication@6e199835
reloadAllAccessors: .ErrorTransition5
----------------- testing Tue May 22 23:35:37 UTC 2018 /home/travis/build/icyphy/ptII/ptolemy/domains/modal/test/auto/ErrorTransition6.xml
----------------- Instantiating /home/travis/build/icyphy/ptII/ptolemy/domains/modal/test/auto/ErrorTransition6.xml
8 ms. Memory: 578560K Free: 117040K (20%)
----------------- Invoking toplevel() on ptolemy.moml.MoMLSimpleApplication@61baa8b1
----------------- Done invoking toplevel() on ptolemy.moml.MoMLSimpleApplication@61baa8b1
reloadAllAccessors: .ErrorTransition6
----------------- testing Tue May 22 23:35:37 UTC 2018 /home/travis/build/icyphy/ptII/ptolemy/domains/modal/test/auto/ErrorTransition7.xml
----------------- Instantiating /home/travis/build/icyphy/ptII/ptolemy/domains/modal/test/auto/ErrorTransition7.xml
10 ms. Memory: 578560K Free: 97588K (17%)
----------------- Invoking toplevel() on ptolemy.moml.MoMLSimpleApplication@3e72b058
----------------- Done invoking toplevel() on ptolemy.moml.MoMLSimpleApplication@3e72b058
reloadAllAccessors: .ErrorTransition7
----------------- testing Tue May 22 23:35:37 UTC 2018 /home/travis/build/icyphy/ptII/ptolemy/domains/modal/test/auto/ErrorTransition8.xml
----------------- Instantiating /home/travis/build/icyphy/ptII/ptolemy/domains/modal/test/auto/ErrorTransition8.xml
46 ms. Memory: 578560K Free: 81274K (14%)
----------------- Invoking toplevel() on ptolemy.moml.MoMLSimpleApplication@35c6562a
----------------- Done invoking toplevel() on ptolemy.moml.MoMLSimpleApplication@35c6562a
reloadAllAccessors: .ErrorTransition8
----------------- testing Tue May 22 23:35:37 UTC 2018 /home/travis/build/icyphy/ptII/ptolemy/domains/modal/test/auto/ErrorTransition9.xml
----------------- Instantiating /home/travis/build/icyphy/ptII/ptolemy/domains/modal/test/auto/ErrorTransition9.xml
14 ms. Memory: 578560K Free: 554437K (96%)
----------------- Invoking toplevel() on ptolemy.moml.MoMLSimpleApplication@14e7a9cc
----------------- Done invoking toplevel() on ptolemy.moml.MoMLSimpleApplication@14e7a9cc
reloadAllAccessors: .ErrorTransition9
----------------- testing Tue May 22 23:35:37 UTC 2018 /home/travis/build/icyphy/ptII/ptolemy/domains/modal/test/auto/ExtendedFSM.xml
----------------- Instantiating /home/travis/build/icyphy/ptII/ptolemy/domains/modal/test/auto/ExtendedFSM.xml
6 ms. Memory: 578560K Free: 542437K (94%)
----------------- Invoking toplevel() on ptolemy.moml.MoMLSimpleApplication@2cc11163
----------------- Done invoking toplevel() on ptolemy.moml.MoMLSimpleApplication@2cc11163
reloadAllAccessors: .ExtendedFSM
----------------- testing Tue May 22 23:35:37 UTC 2018 /home/travis/build/icyphy/ptII/ptolemy/domains/modal/test/auto/FinalStates.xml
----------------- Instantiating /home/travis/build/icyphy/ptII/ptolemy/domains/modal/test/auto/FinalStates.xml
6 ms. Memory: 578560K Free: 532652K (92%)
----------------- Invoking toplevel() on ptolemy.moml.MoMLSimpleApplication@19bed0e1
----------------- Done invoking toplevel() on ptolemy.moml.MoMLSimpleApplication@19bed0e1
reloadAllAccessors: .FinalStates
----------------- testing Tue May 22 23:35:37 UTC 2018 /home/travis/build/icyphy/ptII/ptolemy/domains/modal/test/auto/FixedPointFSM.xml
----------------- Instantiating /home/travis/build/icyphy/ptII/ptolemy/domains/modal/test/auto/FixedPointFSM.xml
17 ms. Memory: 578560K Free: 510859K (88%)
----------------- Invoking toplevel() on ptolemy.moml.MoMLSimpleApplication@40fa9f10
----------------- Done invoking toplevel() on ptolemy.moml.MoMLSimpleApplication@40fa9f10
reloadAllAccessors: .FixedPointFSM
----------------- testing Tue May 22 23:35:37 UTC 2018 /home/travis/build/icyphy/ptII/ptolemy/domains/modal/test/auto/FixedPointIterationFSMActor.xml
----------------- Instantiating /home/travis/build/icyphy/ptII/ptolemy/domains/modal/test/auto/FixedPointIterationFSMActor.xml
5 ms. Memory: 578560K Free: 497817K (86%)
----------------- Invoking toplevel() on ptolemy.moml.MoMLSimpleApplication@62ada1d9
----------------- Done invoking toplevel() on ptolemy.moml.MoMLSimpleApplication@62ada1d9
reloadAllAccessors: .FixedPointIterationFSMActor
----------------- testing Tue May 22 23:35:37 UTC 2018 /home/travis/build/icyphy/ptII/ptolemy/domains/modal/test/auto/FixedPointIterationFSMActor2.xml
----------------- Instantiating /home/travis/build/icyphy/ptII/ptolemy/domains/modal/test/auto/FixedPointIterationFSMActor2.xml
13 ms. Memory: 578560K Free: 481520K (83%)
----------------- Invoking toplevel() on ptolemy.moml.MoMLSimpleApplication@3ffa4af2
----------------- Done invoking toplevel() on ptolemy.moml.MoMLSimpleApplication@3ffa4af2
reloadAllAccessors: .FixedPointIterationFSMActor2
----------------- testing Tue May 22 23:35:37 UTC 2018 /home/travis/build/icyphy/ptII/ptolemy/domains/modal/test/auto/ForbiddenInstantanousLoop.xml
----------------- Instantiating /home/travis/build/icyphy/ptII/ptolemy/domains/modal/test/auto/ForbiddenInstantanousLoop.xml
5 ms. Memory: 578560K Free: 463007K (80%)
----------------- Invoking toplevel() on ptolemy.moml.MoMLSimpleApplication@2b78e682
----------------- Done invoking toplevel() on ptolemy.moml.MoMLSimpleApplication@2b78e682
reloadAllAccessors: .ForbiddenInstantanousLoop
----------------- testing Tue May 22 23:35:37 UTC 2018 /home/travis/build/icyphy/ptII/ptolemy/domains/modal/test/auto/FunctionDependencyOfFSMActorTest.xml
----------------- Instantiating /home/travis/build/icyphy/ptII/ptolemy/domains/modal/test/auto/FunctionDependencyOfFSMActorTest.xml
12 ms. Memory: 578560K Free: 453237K (78%)
----------------- Invoking toplevel() on ptolemy.moml.MoMLSimpleApplication@3ee7e148
----------------- Done invoking toplevel() on ptolemy.moml.MoMLSimpleApplication@3ee7e148
reloadAllAccessors: .FunctionDependencyOfFSMActorTest
----------------- testing Tue May 22 23:35:37 UTC 2018 /home/travis/build/icyphy/ptII/ptolemy/domains/modal/test/auto/GuardExpression.xml
----------------- Instantiating /home/travis/build/icyphy/ptII/ptolemy/domains/modal/test/auto/GuardExpression.xml
2 ms. Memory: 578560K Free: 443468K (77%)
----------------- Invoking toplevel() on ptolemy.moml.MoMLSimpleApplication@15b42cb0
----------------- Done invoking toplevel() on ptolemy.moml.MoMLSimpleApplication@15b42cb0
reloadAllAccessors: .GuardExpression
----------------- testing Tue May 22 23:35:37 UTC 2018 /home/travis/build/icyphy/ptII/ptolemy/domains/modal/test/auto/GuardNotEvaluated.xml
----------------- Instantiating /home/travis/build/icyphy/ptII/ptolemy/domains/modal/test/auto/GuardNotEvaluated.xml
4 ms. Memory: 578560K Free: 428219K (74%)
----------------- Invoking toplevel() on ptolemy.moml.MoMLSimpleApplication@736ee18f
----------------- Done invoking toplevel() on ptolemy.moml.MoMLSimpleApplication@736ee18f
reloadAllAccessors: .GuardNotEvaluated
----------------- testing Tue May 22 23:35:37 UTC 2018 /home/travis/build/icyphy/ptII/ptolemy/domains/modal/test/auto/GuardNotEvaluated2.xml
----------------- Instantiating /home/travis/build/icyphy/ptII/ptolemy/domains/modal/test/auto/GuardNotEvaluated2.xml
9 ms. Memory: 578560K Free: 415178K (72%)
----------------- Invoking toplevel() on ptolemy.moml.MoMLSimpleApplication@1d131c72
----------------- Done invoking toplevel() on ptolemy.moml.MoMLSimpleApplication@1d131c72
reloadAllAccessors: .GuardNotEvaluated2
----------------- testing Tue May 22 23:35:37 UTC 2018 /home/travis/build/icyphy/ptII/ptolemy/domains/modal/test/auto/GuardOnAbsent.xml
----------------- Instantiating /home/travis/build/icyphy/ptII/ptolemy/domains/modal/test/auto/GuardOnAbsent.xml
13 ms. Memory: 578560K Free: 405401K (70%)
----------------- Invoking toplevel() on ptolemy.moml.MoMLSimpleApplication@43583473
----------------- Done invoking toplevel() on ptolemy.moml.MoMLSimpleApplication@43583473
reloadAllAccessors: .GuardOnAbsent
----------------- testing Tue May 22 23:35:37 UTC 2018 /home/travis/build/icyphy/ptII/ptolemy/domains/modal/test/auto/HierarchicalFSMTypeInference.xml
----------------- Instantiating /home/travis/build/icyphy/ptII/ptolemy/domains/modal/test/auto/HierarchicalFSMTypeInference.xml
5 ms. Memory: 578560K Free: 386888K (67%)
----------------- Invoking toplevel() on ptolemy.moml.MoMLSimpleApplication@53f8f844
----------------- Done invoking toplevel() on ptolemy.moml.MoMLSimpleApplication@53f8f844
reloadAllAccessors: .HierarchicalFSMTypeInference
----------------- testing Tue May 22 23:35:37 UTC 2018 /home/travis/build/icyphy/ptII/ptolemy/domains/modal/test/auto/Hysteresis.xml
----------------- Instantiating /home/travis/build/icyphy/ptII/ptolemy/domains/modal/test/auto/Hysteresis.xml
12 ms. Memory: 578560K Free: 367302K (63%)
----------------- Invoking toplevel() on ptolemy.moml.MoMLSimpleApplication@4df41c9d
----------------- Done invoking toplevel() on ptolemy.moml.MoMLSimpleApplication@4df41c9d
reloadAllAccessors: .Hysteresis
----------------- testing Tue May 22 23:35:37 UTC 2018 /home/travis/build/icyphy/ptII/ptolemy/domains/modal/test/auto/HysteresisWithDefault.xml
----------------- Instantiating /home/travis/build/icyphy/ptII/ptolemy/domains/modal/test/auto/HysteresisWithDefault.xml
38 ms. Memory: 578560K Free: 341195K (59%)
----------------- Invoking toplevel() on ptolemy.moml.MoMLSimpleApplication@3dbee1bf
----------------- Done invoking toplevel() on ptolemy.moml.MoMLSimpleApplication@3dbee1bf
reloadAllAccessors: .HysteresisWithDefault
----------------- testing Tue May 22 23:35:37 UTC 2018 /home/travis/build/icyphy/ptII/ptolemy/domains/modal/test/auto/HysteresisWithDefault2.xml
----------------- Instantiating /home/travis/build/icyphy/ptII/ptolemy/domains/modal/test/auto/HysteresisWithDefault2.xml
45 ms. Memory: 578560K Free: 306336K (53%)
----------------- Invoking toplevel() on ptolemy.moml.MoMLSimpleApplication@2ff40b4
----------------- Done invoking toplevel() on ptolemy.moml.MoMLSimpleApplication@2ff40b4
reloadAllAccessors: .HysteresisWithDefault2
----------------- testing Tue May 22 23:35:37 UTC 2018 /home/travis/build/icyphy/ptII/ptolemy/domains/modal/test/auto/ImmediateNonConstructiveness.xml
----------------- Instantiating /home/travis/build/icyphy/ptII/ptolemy/domains/modal/test/auto/ImmediateNonConstructiveness.xml
3 ms. Memory: 578560K Free: 296559K (51%)
----------------- Invoking toplevel() on ptolemy.moml.MoMLSimpleApplication@14f3299f
----------------- Done invoking toplevel() on ptolemy.moml.MoMLSimpleApplication@14f3299f
reloadAllAccessors: .ImmediateNonConstructiveness
----------------- testing Tue May 22 23:35:37 UTC 2018 /home/travis/build/icyphy/ptII/ptolemy/domains/modal/test/auto/ImmediateNonConstructiveness2.xml
----------------- Instantiating /home/travis/build/icyphy/ptII/ptolemy/domains/modal/test/auto/ImmediateNonConstructiveness2.xml
2 ms. Memory: 578560K Free: 284559K (49%)
----------------- Invoking toplevel() on ptolemy.moml.MoMLSimpleApplication@3e236c24
----------------- Done invoking toplevel() on ptolemy.moml.MoMLSimpleApplication@3e236c24
reloadAllAccessors: .ImmediateNonConstructiveness2
----------------- testing Tue May 22 23:35:38 UTC 2018 /home/travis/build/icyphy/ptII/ptolemy/domains/modal/test/auto/ImmediateTransitionReset.xml
----------------- Instantiating /home/travis/build/icyphy/ptII/ptolemy/domains/modal/test/auto/ImmediateTransitionReset.xml
6 ms. Memory: 578560K Free: 268261K (46%)
----------------- Invoking toplevel() on ptolemy.moml.MoMLSimpleApplication@a4c12f6
----------------- Done invoking toplevel() on ptolemy.moml.MoMLSimpleApplication@a4c12f6
reloadAllAccessors: .ImmediateTransitionReset
----------------- testing Tue May 22 23:35:38 UTC 2018 /home/travis/build/icyphy/ptII/ptolemy/domains/modal/test/auto/ImmediateTransitions1.xml
----------------- Instantiating /home/travis/build/icyphy/ptII/ptolemy/domains/modal/test/auto/ImmediateTransitions1.xml
1 ms. Memory: 578560K Free: 258476K (45%)
----------------- Invoking toplevel() on ptolemy.moml.MoMLSimpleApplication@6c1cb5f7
----------------- Done invoking toplevel() on ptolemy.moml.MoMLSimpleApplication@6c1cb5f7
reloadAllAccessors: .ImmediateTransitions1
----------------- testing Tue May 22 23:35:38 UTC 2018 /home/travis/build/icyphy/ptII/ptolemy/domains/modal/test/auto/ImmediateTransitionsInstantaneousCommunication.xml
----------------- Instantiating /home/travis/build/icyphy/ptII/ptolemy/domains/modal/test/auto/ImmediateTransitionsInstantaneousCommunication.xml
4 ms. Memory: 578560K Free: 239948K (41%)
----------------- Invoking toplevel() on ptolemy.moml.MoMLSimpleApplication@48f1615a
----------------- Done invoking toplevel() on ptolemy.moml.MoMLSimpleApplication@48f1615a
reloadAllAccessors: .ImmediateTransitionsInstantaneousCommunication
----------------- testing Tue May 22 23:35:38 UTC 2018 /home/travis/build/icyphy/ptII/ptolemy/domains/modal/test/auto/InitialImmediateTransition.xml
----------------- Instantiating /home/travis/build/icyphy/ptII/ptolemy/domains/modal/test/auto/InitialImmediateTransition.xml
2 ms. Memory: 578560K Free: 230163K (40%)
----------------- Invoking toplevel() on ptolemy.moml.MoMLSimpleApplication@4fa5ac
----------------- Done invoking toplevel() on ptolemy.moml.MoMLSimpleApplication@4fa5ac
reloadAllAccessors: .InitialImmediateTransition
----------------- testing Tue May 22 23:35:38 UTC 2018 /home/travis/build/icyphy/ptII/ptolemy/domains/modal/test/auto/InitialOutputs.xml
----------------- Instantiating /home/travis/build/icyphy/ptII/ptolemy/domains/modal/test/auto/InitialOutputs.xml
2 ms. Memory: 578560K Free: 220386K (38%)
----------------- Invoking toplevel() on ptolemy.moml.MoMLSimpleApplication@7cc3d520
----------------- Done invoking toplevel() on ptolemy.moml.MoMLSimpleApplication@7cc3d520
reloadAllAccessors: .InitialOutputs
----------------- testing Tue May 22 23:35:38 UTC 2018 /home/travis/build/icyphy/ptII/ptolemy/domains/modal/test/auto/InitialStateTransition1.xml
----------------- Instantiating /home/travis/build/icyphy/ptII/ptolemy/domains/modal/test/auto/InitialStateTransition1.xml
2 ms. Memory: 578560K Free: 205137K (35%)
----------------- Invoking toplevel() on ptolemy.moml.MoMLSimpleApplication@13c5aed
----------------- Done invoking toplevel() on ptolemy.moml.MoMLSimpleApplication@13c5aed
reloadAllAccessors: .InitialStateTransition1
----------------- testing Tue May 22 23:35:38 UTC 2018 /home/travis/build/icyphy/ptII/ptolemy/domains/modal/test/auto/InitialStateTransition2.xml
----------------- Instantiating /home/travis/build/icyphy/ptII/ptolemy/domains/modal/test/auto/InitialStateTransition2.xml
.InitialStateTransition2.TestExceptionAttributeNonConstructive: initialize() was not invoked, but wrapup() was.  This is unusual, but not always a problem.  For example, exporting JNLP will do this.
1 ms. Memory: 578560K Free: 192096K (33%)
----------------- Invoking toplevel() on ptolemy.moml.MoMLSimpleApplication@2c0b1f3c
----------------- Done invoking toplevel() on ptolemy.moml.MoMLSimpleApplication@2c0b1f3c
reloadAllAccessors: .InitialStateTransition2
----------------- testing Tue May 22 23:35:38 UTC 2018 /home/travis/build/icyphy/ptII/ptolemy/domains/modal/test/auto/InitialStateTransition3.xml
----------------- Instantiating /home/travis/build/icyphy/ptII/ptolemy/domains/modal/test/auto/InitialStateTransition3.xml
3 ms. Memory: 578560K Free: 179070K (31%)
----------------- Invoking toplevel() on ptolemy.moml.MoMLSimpleApplication@59ce5171
----------------- Done invoking toplevel() on ptolemy.moml.MoMLSimpleApplication@59ce5171
reloadAllAccessors: .InitialStateTransition3
----------------- testing Tue May 22 23:35:38 UTC 2018 /home/travis/build/icyphy/ptII/ptolemy/domains/modal/test/auto/InitialStateTransition4.xml
----------------- Instantiating /home/travis/build/icyphy/ptII/ptolemy/domains/modal/test/auto/InitialStateTransition4.xml
2 ms. Memory: 578560K Free: 163814K (28%)
----------------- Invoking toplevel() on ptolemy.moml.MoMLSimpleApplication@7fd67713
----------------- Done invoking toplevel() on ptolemy.moml.MoMLSimpleApplication@7fd67713
reloadAllAccessors: .InitialStateTransition4
----------------- testing Tue May 22 23:35:38 UTC 2018 /home/travis/build/icyphy/ptII/ptolemy/domains/modal/test/auto/MalformedGuardExpressionNotCaught.xml
----------------- Instantiating /home/travis/build/icyphy/ptII/ptolemy/domains/modal/test/auto/MalformedGuardExpressionNotCaught.xml
2 ms. Memory: 578560K Free: 154029K (27%)
----------------- Invoking toplevel() on ptolemy.moml.MoMLSimpleApplication@57c49fc
----------------- Done invoking toplevel() on ptolemy.moml.MoMLSimpleApplication@57c49fc
reloadAllAccessors: .MalformedGuardExpressionNotCaught
----------------- testing Tue May 22 23:35:38 UTC 2018 /home/travis/build/icyphy/ptII/ptolemy/domains/modal/test/auto/ModalBSC.xml
----------------- Instantiating /home/travis/build/icyphy/ptII/ptolemy/domains/modal/test/auto/ModalBSC.xml
27 ms. Memory: 578560K Free: 119178K (21%)
----------------- Invoking toplevel() on ptolemy.moml.MoMLSimpleApplication@15edef88
----------------- Done invoking toplevel() on ptolemy.moml.MoMLSimpleApplication@15edef88
reloadAllAccessors: .ModalBSC
----------------- testing Tue May 22 23:35:38 UTC 2018 /home/travis/build/icyphy/ptII/ptolemy/domains/modal/test/auto/ModalClocks.xml
----------------- Instantiating /home/travis/build/icyphy/ptII/ptolemy/domains/modal/test/auto/ModalClocks.xml
18 ms. Memory: 578560K Free: 93103K (16%)
----------------- Invoking toplevel() on ptolemy.moml.MoMLSimpleApplication@1ed2a1ff
----------------- Done invoking toplevel() on ptolemy.moml.MoMLSimpleApplication@1ed2a1ff
reloadAllAccessors: .ModalClocks
----------------- testing Tue May 22 23:35:38 UTC 2018 /home/travis/build/icyphy/ptII/ptolemy/domains/modal/test/auto/ModalDelay.xml
----------------- Instantiating /home/travis/build/icyphy/ptII/ptolemy/domains/modal/test/auto/ModalDelay.xml
22 ms. Memory: 871424K Free: 857683K (98%)
----------------- Invoking toplevel() on ptolemy.moml.MoMLSimpleApplication@58950a2c
----------------- Done invoking toplevel() on ptolemy.moml.MoMLSimpleApplication@58950a2c
reloadAllAccessors: .ModalDelay
----------------- testing Tue May 22 23:35:38 UTC 2018 /home/travis/build/icyphy/ptII/ptolemy/domains/modal/test/auto/ModalDelay2.xml
----------------- Instantiating /home/travis/build/icyphy/ptII/ptolemy/domains/modal/test/auto/ModalDelay2.xml
13 ms. Memory: 871424K Free: 831482K (95%)
----------------- Invoking toplevel() on ptolemy.moml.MoMLSimpleApplication@444cd131
----------------- Done invoking toplevel() on ptolemy.moml.MoMLSimpleApplication@444cd131
reloadAllAccessors: .ModalDelay2
----------------- testing Tue May 22 23:35:38 UTC 2018 /home/travis/build/icyphy/ptII/ptolemy/domains/modal/test/auto/ModalModelFromMemo.xml
----------------- Instantiating /home/travis/build/icyphy/ptII/ptolemy/domains/modal/test/auto/ModalModelFromMemo.xml
20 ms. Memory: 871424K Free: 805422K (92%)
----------------- Invoking toplevel() on ptolemy.moml.MoMLSimpleApplication@18232e84
----------------- Done invoking toplevel() on ptolemy.moml.MoMLSimpleApplication@18232e84
reloadAllAccessors: .ModalModelFromMemo
----------------- testing Tue May 22 23:35:38 UTC 2018 /home/travis/build/icyphy/ptII/ptolemy/domains/modal/test/auto/ModalModelWithMultirateTransient.xml
----------------- Instantiating /home/travis/build/icyphy/ptII/ptolemy/domains/modal/test/auto/ModalModelWithMultirateTransient.xml
11 ms. Memory: 871424K Free: 784587K (90%)
----------------- Invoking toplevel() on ptolemy.moml.MoMLSimpleApplication@b835234
----------------- Done invoking toplevel() on ptolemy.moml.MoMLSimpleApplication@b835234
reloadAllAccessors: .ModalModelWithMultirateTransient
----------------- testing Tue May 22 23:35:38 UTC 2018 /home/travis/build/icyphy/ptII/ptolemy/domains/modal/test/auto/ModalModelWithReset.xml
----------------- Instantiating /home/travis/build/icyphy/ptII/ptolemy/domains/modal/test/auto/ModalModelWithReset.xml
10 ms. Memory: 871424K Free: 766370K (88%)
----------------- Invoking toplevel() on ptolemy.moml.MoMLSimpleApplication@1fded714
----------------- Done invoking toplevel() on ptolemy.moml.MoMLSimpleApplication@1fded714
reloadAllAccessors: .ModalModelWithReset
----------------- testing Tue May 22 23:35:38 UTC 2018 /home/travis/build/icyphy/ptII/ptolemy/domains/modal/test/auto/MouseClickFSM.xml
----------------- Instantiating /home/travis/build/icyphy/ptII/ptolemy/domains/modal/test/auto/MouseClickFSM.xml
15 ms. Memory: 871424K Free: 740310K (85%)
----------------- Invoking toplevel() on ptolemy.moml.MoMLSimpleApplication@5e1a56b
----------------- Done invoking toplevel() on ptolemy.moml.MoMLSimpleApplication@5e1a56b
reloadAllAccessors: .MouseClickFSM
----------------- testing Tue May 22 23:35:38 UTC 2018 /home/travis/build/icyphy/ptII/ptolemy/domains/modal/test/auto/MouseClickFSMModal.xml
----------------- Instantiating /home/travis/build/icyphy/ptII/ptolemy/domains/modal/test/auto/MouseClickFSMModal.xml
13 ms. Memory: 871424K Free: 724675K (83%)
----------------- Invoking toplevel() on ptolemy.moml.MoMLSimpleApplication@2d970c73
----------------- Done invoking toplevel() on ptolemy.moml.MoMLSimpleApplication@2d970c73
reloadAllAccessors: .MouseClickFSMModal
----------------- testing Tue May 22 23:35:38 UTC 2018 /home/travis/build/icyphy/ptII/ptolemy/domains/modal/test/auto/NonStrictFSM_FeedbackLoop.xml
----------------- Instantiating /home/travis/build/icyphy/ptII/ptolemy/domains/modal/test/auto/NonStrictFSM_FeedbackLoop.xml
20 ms. Memory: 871424K Free: 690833K (79%)
----------------- Invoking toplevel() on ptolemy.moml.MoMLSimpleApplication@6adea751
----------------- Done invoking toplevel() on ptolemy.moml.MoMLSimpleApplication@6adea751
reloadAllAccessors: .NonStrictFSM_FeedbackLoop
----------------- testing Tue May 22 23:35:38 UTC 2018 /home/travis/build/icyphy/ptII/ptolemy/domains/modal/test/auto/NonStrictFSM_FeedbackLoop_Refinement.xml
----------------- Instantiating /home/travis/build/icyphy/ptII/ptolemy/domains/modal/test/auto/NonStrictFSM_FeedbackLoop_Refinement.xml
35 ms. Memory: 871424K Free: 654356K (75%)
----------------- Invoking toplevel() on ptolemy.moml.MoMLSimpleApplication@26a68633
----------------- Done invoking toplevel() on ptolemy.moml.MoMLSimpleApplication@26a68633
reloadAllAccessors: .NonStrictFSM_FeedbackLoop_Refinement
----------------- testing Tue May 22 23:35:38 UTC 2018 /home/travis/build/icyphy/ptII/ptolemy/domains/modal/test/auto/NonStrictFSM_FeedbackLoop_preemptive.xml
----------------- Instantiating /home/travis/build/icyphy/ptII/ptolemy/domains/modal/test/auto/NonStrictFSM_FeedbackLoop_preemptive.xml
12 ms. Memory: 871424K Free: 617894K (71%)
----------------- Invoking toplevel() on ptolemy.moml.MoMLSimpleApplication@629f4edb
----------------- Done invoking toplevel() on ptolemy.moml.MoMLSimpleApplication@629f4edb
reloadAllAccessors: .NonStrictFSM_FeedbackLoop_preemptive
----------------- testing Tue May 22 23:35:38 UTC 2018 /home/travis/build/icyphy/ptII/ptolemy/domains/modal/test/auto/NormalTermination.xml
----------------- Instantiating /home/travis/build/icyphy/ptII/ptolemy/domains/modal/test/auto/NormalTermination.xml
11 ms. Memory: 871424K Free: 589245K (68%)
----------------- Invoking toplevel() on ptolemy.moml.MoMLSimpleApplication@559feaf1
----------------- Done invoking toplevel() on ptolemy.moml.MoMLSimpleApplication@559feaf1
reloadAllAccessors: .NormalTermination
----------------- testing Tue May 22 23:35:38 UTC 2018 /home/travis/build/icyphy/ptII/ptolemy/domains/modal/test/auto/Pong.xml
----------------- Instantiating /home/travis/build/icyphy/ptII/ptolemy/domains/modal/test/auto/Pong.xml
54 ms. Memory: 871424K Free: 563169K (65%)
----------------- Invoking toplevel() on ptolemy.moml.MoMLSimpleApplication@1a2ced84
----------------- Done invoking toplevel() on ptolemy.moml.MoMLSimpleApplication@1a2ced84
reloadAllAccessors: .Pong
[...]
3 ms. Memory: 871424K Free: 167085K (19%)
----------------- Invoking toplevel() on ptolemy.moml.MoMLSimpleApplication@440eed63
----------------- Done invoking toplevel() on ptolemy.moml.MoMLSimpleApplication@440eed63
reloadAllAccessors: .StrongImmediateTransition
----------------- testing Tue May 22 23:35:39 UTC 2018 /home/travis/build/icyphy/ptII/ptolemy/domains/modal/test/auto/SustainHierarchy.xml
----------------- Instantiating /home/travis/build/icyphy/ptII/ptolemy/domains/modal/test/auto/SustainHierarchy.xml
6 ms. Memory: 871424K Free: 146242K (17%)
----------------- Invoking toplevel() on ptolemy.moml.MoMLSimpleApplication@1c254bd2
----------------- Done invoking toplevel() on ptolemy.moml.MoMLSimpleApplication@1c254bd2
reloadAllAccessors: .SustainHierarchy
----------------- testing Tue May 22 23:35:39 UTC 2018 /home/travis/build/icyphy/ptII/ptolemy/domains/modal/test/auto/TerminationTransition1.xml
----------------- Instantiating /home/travis/build/icyphy/ptII/ptolemy/domains/modal/test/auto/TerminationTransition1.xml
2 ms. Memory: 871424K Free: 130600K (15%)
----------------- Invoking toplevel() on ptolemy.moml.MoMLSimpleApplication@6708c7eb
----------------- Done invoking toplevel() on ptolemy.moml.MoMLSimpleApplication@6708c7eb
reloadAllAccessors: .TerminationTransition1
----------------- testing Tue May 22 23:35:39 UTC 2018 /home/travis/build/icyphy/ptII/ptolemy/domains/modal/test/auto/TerminationTransition2.xml
----------------- Instantiating /home/travis/build/icyphy/ptII/ptolemy/domains/modal/test/auto/TerminationTransition2.xml
2 ms. Memory: 871424K Free: 112400K (13%)
----------------- Invoking toplevel() on ptolemy.moml.MoMLSimpleApplication@c891632
----------------- Done invoking toplevel() on ptolemy.moml.MoMLSimpleApplication@c891632
reloadAllAccessors: .TerminationTransition2
----------------- testing Tue May 22 23:35:39 UTC 2018 /home/travis/build/icyphy/ptII/ptolemy/domains/modal/test/auto/TerminationTransition3.xml
----------------- Instantiating /home/travis/build/icyphy/ptII/ptolemy/domains/modal/test/auto/TerminationTransition3.xml
3 ms. Memory: 871424K Free: 96773K (11%)
----------------- Invoking toplevel() on ptolemy.moml.MoMLSimpleApplication@100b4ebd
----------------- Done invoking toplevel() on ptolemy.moml.MoMLSimpleApplication@100b4ebd
reloadAllAccessors: .TerminationTransition3
----------------- testing Tue May 22 23:35:39 UTC 2018 /home/travis/build/icyphy/ptII/ptolemy/domains/modal/test/auto/TerminationTransition4.xml
----------------- Instantiating /home/travis/build/icyphy/ptII/ptolemy/domains/modal/test/auto/TerminationTransition4.xml
6 ms. Memory: 871424K Free: 79166K (9%)
----------------- Invoking toplevel() on ptolemy.moml.MoMLSimpleApplication@30d79679
----------------- Done invoking toplevel() on ptolemy.moml.MoMLSimpleApplication@30d79679
reloadAllAccessors: .TerminationTransition4
----------------- testing Tue May 22 23:35:39 UTC 2018 /home/travis/build/icyphy/ptII/ptolemy/domains/modal/test/auto/TerminationTransition5.xml
----------------- Instantiating /home/travis/build/icyphy/ptII/ptolemy/domains/modal/test/auto/TerminationTransition5.xml
3 ms. Memory: 871936K Free: 837629K (96%)
----------------- Invoking toplevel() on ptolemy.moml.MoMLSimpleApplication@7bfc04ee
----------------- Done invoking toplevel() on ptolemy.moml.MoMLSimpleApplication@7bfc04ee
reloadAllAccessors: .TerminationTransition5
----------------- testing Tue May 22 23:35:39 UTC 2018 /home/travis/build/icyphy/ptII/ptolemy/domains/modal/test/auto/TerminationTransition6.xml
----------------- Instantiating /home/travis/build/icyphy/ptII/ptolemy/domains/modal/test/auto/TerminationTransition6.xml
2 ms. Memory: 871936K Free: 821987K (94%)
----------------- Invoking toplevel() on ptolemy.moml.MoMLSimpleApplication@32eb8181
----------------- Done invoking toplevel() on ptolemy.moml.MoMLSimpleApplication@32eb8181
reloadAllAccessors: .TerminationTransition6
----------------- testing Tue May 22 23:35:40 UTC 2018 /home/travis/build/icyphy/ptII/ptolemy/domains/modal/test/auto/TerminationTransition7.xml
----------------- Instantiating /home/travis/build/icyphy/ptII/ptolemy/domains/modal/test/auto/TerminationTransition7.xml
3 ms. Memory: 871936K Free: 804371K (92%)
----------------- Invoking toplevel() on ptolemy.moml.MoMLSimpleApplication@3536775d
----------------- Done invoking toplevel() on ptolemy.moml.MoMLSimpleApplication@3536775d
reloadAllAccessors: .TerminationTransition7
----------------- testing Tue May 22 23:35:40 UTC 2018 /home/travis/build/icyphy/ptII/ptolemy/domains/modal/test/auto/TerminationTransition8.xml
----------------- Instantiating /home/travis/build/icyphy/ptII/ptolemy/domains/modal/test/auto/TerminationTransition8.xml
2 ms. Memory: 871936K Free: 788729K (90%)
----------------- Invoking toplevel() on ptolemy.moml.MoMLSimpleApplication@22ae34cc
----------------- Done invoking toplevel() on ptolemy.moml.MoMLSimpleApplication@22ae34cc
reloadAllAccessors: .TerminationTransition8
----------------- testing Tue May 22 23:35:40 UTC 2018 /home/travis/build/icyphy/ptII/ptolemy/domains/modal/test/auto/Thermostat_NoHysteresis.xml
----------------- Instantiating /home/travis/build/icyphy/ptII/ptolemy/domains/modal/test/auto/Thermostat_NoHysteresis.xml
18 ms. Memory: 871936K Free: 757444K (87%)
----------------- Invoking toplevel() on ptolemy.moml.MoMLSimpleApplication@1919289b
----------------- Done invoking toplevel() on ptolemy.moml.MoMLSimpleApplication@1919289b
reloadAllAccessors: .Thermostat_NoHysteresis
----------------- testing Tue May 22 23:35:40 UTC 2018 /home/travis/build/icyphy/ptII/ptolemy/domains/modal/test/auto/TimedFSM.xml
----------------- Instantiating /home/travis/build/icyphy/ptII/ptolemy/domains/modal/test/auto/TimedFSM.xml
7 ms. Memory: 871936K Free: 739918K (85%)
----------------- Invoking toplevel() on ptolemy.moml.MoMLSimpleApplication@41291bbe
----------------- Done invoking toplevel() on ptolemy.moml.MoMLSimpleApplication@41291bbe
reloadAllAccessors: .TimedFSM
----------------- testing Tue May 22 23:35:40 UTC 2018 /home/travis/build/icyphy/ptII/ptolemy/domains/modal/test/auto/Timeout1.xml
----------------- Instantiating /home/travis/build/icyphy/ptII/ptolemy/domains/modal/test/auto/Timeout1.xml
2 ms. Memory: 871936K Free: 729501K (84%)
----------------- Invoking toplevel() on ptolemy.moml.MoMLSimpleApplication@5810ef03
----------------- Done invoking toplevel() on ptolemy.moml.MoMLSimpleApplication@5810ef03
reloadAllAccessors: .Timeout1
----------------- testing Tue May 22 23:35:40 UTC 2018 /home/travis/build/icyphy/ptII/ptolemy/domains/modal/test/auto/Timeout2.xml
----------------- Instantiating /home/travis/build/icyphy/ptII/ptolemy/domains/modal/test/auto/Timeout2.xml
4 ms. Memory: 871936K Free: 711975K (82%)
----------------- Invoking toplevel() on ptolemy.moml.MoMLSimpleApplication@513ae355
----------------- Done invoking toplevel() on ptolemy.moml.MoMLSimpleApplication@513ae355
reloadAllAccessors: .Timeout2
----------------- testing Tue May 22 23:35:40 UTC 2018 /home/travis/build/icyphy/ptII/ptolemy/domains/modal/test/auto/Timeout3.xml
----------------- Instantiating /home/travis/build/icyphy/ptII/ptolemy/domains/modal/test/auto/Timeout3.xml
1 ms. Memory: 871936K Free: 701557K (80%)
----------------- Invoking toplevel() on ptolemy.moml.MoMLSimpleApplication@596a667
----------------- Done invoking toplevel() on ptolemy.moml.MoMLSimpleApplication@596a667
reloadAllAccessors: .Timeout3
----------------- testing Tue May 22 23:35:40 UTC 2018 /home/travis/build/icyphy/ptII/ptolemy/domains/modal/test/auto/Timeout4.xml
----------------- Instantiating /home/travis/build/icyphy/ptII/ptolemy/domains/modal/test/auto/Timeout4.xml
2 ms. Memory: 871936K Free: 689256K (79%)
----------------- Invoking toplevel() on ptolemy.moml.MoMLSimpleApplication@63a09795
----------------- Done invoking toplevel() on ptolemy.moml.MoMLSimpleApplication@63a09795
reloadAllAccessors: .Timeout4
----------------- testing Tue May 22 23:35:40 UTC 2018 /home/travis/build/icyphy/ptII/ptolemy/domains/modal/test/auto/TransientstateModelAdvanced.xml
----------------- Instantiating /home/travis/build/icyphy/ptII/ptolemy/domains/modal/test/auto/TransientstateModelAdvanced.xml
3 ms. Memory: 871936K Free: 668405K (77%)
----------------- Invoking toplevel() on ptolemy.moml.MoMLSimpleApplication@2f5f7847
----------------- Done invoking toplevel() on ptolemy.moml.MoMLSimpleApplication@2f5f7847
reloadAllAccessors: .TransientstateModelAdvanced
----------------- testing Tue May 22 23:35:40 UTC 2018 /home/travis/build/icyphy/ptII/ptolemy/domains/modal/test/auto/TransientstateModelAdvanced2.xml
----------------- Instantiating /home/travis/build/icyphy/ptII/ptolemy/domains/modal/test/auto/TransientstateModelAdvanced2.xml
3 ms. Memory: 871936K Free: 645670K (74%)
----------------- Invoking toplevel() on ptolemy.moml.MoMLSimpleApplication@2a575b83
----------------- Done invoking toplevel() on ptolemy.moml.MoMLSimpleApplication@2a575b83
reloadAllAccessors: .transientstatemodelAdvanced
----------------- testing Tue May 22 23:35:40 UTC 2018 /home/travis/build/icyphy/ptII/ptolemy/domains/modal/test/auto/TransitionRefinements.xml
----------------- Instantiating /home/travis/build/icyphy/ptII/ptolemy/domains/modal/test/auto/TransitionRefinements.xml
5 ms. Memory: 871936K Free: 630028K (72%)
----------------- Invoking toplevel() on ptolemy.moml.MoMLSimpleApplication@d7ed3a7
----------------- Done invoking toplevel() on ptolemy.moml.MoMLSimpleApplication@d7ed3a7
reloadAllAccessors: .TransitionRefinements
----------------- testing Tue May 22 23:35:40 UTC 2018 /home/travis/build/icyphy/ptII/ptolemy/domains/modal/test/auto/TwoRefinements1.xml
----------------- Instantiating /home/travis/build/icyphy/ptII/ptolemy/domains/modal/test/auto/TwoRefinements1.xml
3 ms. Memory: 871936K Free: 612502K (70%)
----------------- Invoking toplevel() on ptolemy.moml.MoMLSimpleApplication@75f01c68
----------------- Done invoking toplevel() on ptolemy.moml.MoMLSimpleApplication@75f01c68
reloadAllAccessors: .TwoRefinements1
----------------- testing Tue May 22 23:35:40 UTC 2018 /home/travis/build/icyphy/ptII/ptolemy/domains/modal/test/auto/TwoRefinements2.xml
----------------- Instantiating /home/travis/build/icyphy/ptII/ptolemy/domains/modal/test/auto/TwoRefinements2.xml
2 ms. Memory: 871936K Free: 596860K (68%)
----------------- Invoking toplevel() on ptolemy.moml.MoMLSimpleApplication@36f0206d
----------------- Done invoking toplevel() on ptolemy.moml.MoMLSimpleApplication@36f0206d
reloadAllAccessors: .TwoRefinements2
----------------- testing Tue May 22 23:35:40 UTC 2018 /home/travis/build/icyphy/ptII/ptolemy/domains/modal/test/auto/WeakImmediateTransition.xml
----------------- Instantiating /home/travis/build/icyphy/ptII/ptolemy/domains/modal/test/auto/WeakImmediateTransition.xml
3 ms. Memory: 871936K Free: 579334K (66%)
----------------- Invoking toplevel() on ptolemy.moml.MoMLSimpleApplication@2d5c16f3
----------------- Done invoking toplevel() on ptolemy.moml.MoMLSimpleApplication@2d5c16f3
reloadAllAccessors: .WeakImmediateTransition
----------------- testing Tue May 22 23:35:40 UTC 2018 /home/travis/build/icyphy/ptII/ptolemy/domains/modal/test/auto/booleanSelect.xml
----------------- Instantiating /home/travis/build/icyphy/ptII/ptolemy/domains/modal/test/auto/booleanSelect.xml
22 ms. Memory: 871936K Free: 553274K (63%)
----------------- Invoking toplevel() on ptolemy.moml.MoMLSimpleApplication@5fe6292a
----------------- Done invoking toplevel() on ptolemy.moml.MoMLSimpleApplication@5fe6292a
reloadAllAccessors: .booleanSelect
----------------- testing Tue May 22 23:35:40 UTC 2018 /home/travis/build/icyphy/ptII/ptolemy/domains/modal/test/auto/modalChangingParams.xml
----------------- Instantiating /home/travis/build/icyphy/ptII/ptolemy/domains/modal/test/auto/modalChangingParams.xml
0
1
0
2
4
6
8
7
0
2
4
6
8
13
0
2
4
6
8
19
0
2
4
6
8
25
0
2
4
6
8
31
0
2
4
6
8
37
0
2
4
6
8
43
0
2
4
6
8
49
0
2
4
6
8
55
0
2
4
6
8
61
0
2
4
6
8
67
0
2
4
6
8
73
0
2
4
6
8
79
0
2
4
6
8
85
0
2
4
6
8
91
0
2
4
6
8
97
0
2
4
6
8
103
0
2
4
6
8
109
0
2
4
6
8
115
0
2
4
6
8
121
0
2
4
6
8
127
0
2
4
6
8
133
0
2
4
6
8
139
0
2
4
6
8
145
0
2
4
6
8
151
0
2
4
6
8
157
0
2
4
6
8
163
0
2
4
6
8
169
0
2
4
6
8
175
0
2
4
6
8
181
0
2
4
6
8
187
0
2
4
6
8
193
0
2
4
6
8
199
0
2
4
6
8
205
0
2
4
6
8
211
0
2
4
6
8
217
0
2
4
6
8
223
0
2
4
6
8
229
0
2
4
6
8
235
0
2
4
6
8
241
0
2
4
6
8
247
0
2
4
6
8
253
0
2
4
6
8
259
0
2
4
6
8
265
0
2
4
6
8
271
0
2
4
6
8
277
0
2
4
6
8
283
0
2
4
6
8
289
0
2
4
6
8
295
0
2
4
6
8
301
0
2
4
6
8
307
0
2
4
6
8
313
0
2
4
6
8
319
0
2
4
6
8
325
0
2
4
6
8
331
0
2
4
6
8
337
0
2
4
6
8
343
0
2
4
6
8
349
0
2
4
6
8
355
0
2
4
6
8
361
0
2
4
6
8
367
0
2
4
6
8
373
0
2
4
6
8
379
0
2
4
6
8
385
0
2
4
6
8
391
0
2
4
6
8
397
0
2
4
6
8
403
0
2
4
6
8
409
0
2
4
6
8
415
0
2
4
6
8
421
0
2
4
6
8
427
0
2
4
6
8
433
0
2
4
6
8
439
0
2
4
6
8
445
0
2
4
6
8
451
0
2
4
6
8
457
0
2
4
6
8
463
0
2
4
6
8
469
0
2
4
6
8
475
0
2
4
6
8
481
0
2
4
6
8
487
0
2
4
6
8
493
0
2
4
6
8
499
0
2
4
6
8
505
0
2
4
6
8
511
0
2
4
6
8
517
0
2
4
6
8
523
0
2
4
6
8
529
0
2
4
6
8
535
0
2
4
6
8
541
0
2
4
6
8
547
0
2
4
6
8
553
0
2
4
6
8
559
0
2
4
6
8
565
0
2
4
6
8
571
0
2
4
6
8
577
0
2
4
6
8
583
0
2
4
6
8
589
0
2
4
6
8
595
0
2
4
6
8
601
0
2
4
6
8
607
0
2
4
6
8
613
0
2
4
6
8
619
0
2
4
6
8
625
0
2
4
6
8
631
0
2
4
6
8
637
0
2
4
6
8
643
0
2
4
6
8
649
0
2
4
6
8
655
0
2
4
6
8
661
0
2
4
6
8
667
0
2
4
6
8
673
0
2
4
6
8
679
0
2
4
6
8
685
0
2
4
6
8
691
0
2
4
6
8
697
0
2
4
6
8
703
0
2
4
6
8
709
0
2
4
6
8
715
0
2
4
6
8
721
0
2
4
6
8
727
0
2
4
6
8
733
0
2
4
6
8
739
0
2
4
6
8
745
0
2
4
6
8
751
0
2
4
6
8
757
0
2
4
6
8
763
0
2
4
6
8
769
0
2
4
6
8
775
0
2
4
6
8
781
0
2
4
6
8
787
0
2
4
6
8
793
0
2
4
6
8
799
0
2
4
6
8
805
0
2
4
6
8
811
0
2
4
6
8
817
0
2
4
6
8
823
0
2
4
6
8
829
0
2
4
6
8
835
0
2
4
6
8
841
0
2
4
6
8
847
0
2
4
6
8
853
0
2
4
6
8
859
0
2
4
6
8
865
0
2
4
6
8
871
0
2
4
6
8
877
0
2
4
6
8
883
0
2
4
6
8
889
0
2
4
6
8
895
0
2
4
6
8
901
0
2
4
6
8
907
0
2
4
6
8
913
0
2
4
6
8
919
0
2
4
6
8
925
0
2
4
6
8
931
0
2
4
6
8
937
0
2
4
6
8
943
0
2
4
6
8
949
0
2
4
6
8
955
0
2
4
6
8
961
0
2
4
6
8
967
0
2
4
6
8
973
0
2
4
6
8
979
0
2
4
6
8
985
0
2
4
6
8
991
0
2
4
6
8
997
0
2
193 ms. Memory: 871936K Free: 436629K (50%)
----------------- Invoking toplevel() on ptolemy.moml.MoMLSimpleApplication@d45a407
----------------- Done invoking toplevel() on ptolemy.moml.MoMLSimpleApplication@d45a407
reloadAllAccessors: .modalChangingParams
----------------- testing Tue May 22 23:35:40 UTC 2018 /home/travis/build/icyphy/ptII/ptolemy/domains/modal/test/auto/modalModel.xml
----------------- Instantiating /home/travis/build/icyphy/ptII/ptolemy/domains/modal/test/auto/modalModel.xml
4 ms. Memory: 871936K Free: 420987K (48%)
----------------- Invoking toplevel() on ptolemy.moml.MoMLSimpleApplication@553648f3
----------------- Done invoking toplevel() on ptolemy.moml.MoMLSimpleApplication@553648f3
reloadAllAccessors: .modalModel
----------------- testing Tue May 22 23:35:40 UTC 2018 /home/travis/build/icyphy/ptII/ptolemy/domains/modal/test/auto/modalModel2.xml
----------------- Instantiating /home/travis/build/icyphy/ptII/ptolemy/domains/modal/test/auto/modalModel2.xml
6 ms. Memory: 871936K Free: 403476K (46%)
----------------- Invoking toplevel() on ptolemy.moml.MoMLSimpleApplication@3908d852
----------------- Done invoking toplevel() on ptolemy.moml.MoMLSimpleApplication@3908d852
reloadAllAccessors: .modalModel2
----------------- testing Tue May 22 23:35:40 UTC 2018 /home/travis/build/icyphy/ptII/ptolemy/domains/modal/test/auto/modalModel3.xml
----------------- Instantiating /home/travis/build/icyphy/ptII/ptolemy/domains/modal/test/auto/modalModel3.xml
0	0	0
1	0	1
4	2	2
7	4	3
10	6	4
5	0	5
8	2	6
11	4	7
14	6	8
9	0	9
12	2	10
15	4	11
18	6	12
13	0	13
16	2	14
10 ms. Memory: 871936K Free: 387842K (44%)
----------------- Invoking toplevel() on ptolemy.moml.MoMLSimpleApplication@6ab12283
----------------- Done invoking toplevel() on ptolemy.moml.MoMLSimpleApplication@6ab12283
reloadAllAccessors: .modalModel3
----------------- testing Tue May 22 23:35:40 UTC 2018 /home/travis/build/icyphy/ptII/ptolemy/domains/modal/test/auto/model1.xml
----------------- Instantiating /home/travis/build/icyphy/ptII/ptolemy/domains/modal/test/auto/model1.xml
8 ms. Memory: 871936K Free: 377424K (43%)
----------------- Invoking toplevel() on ptolemy.moml.MoMLSimpleApplication@5719b7a6
----------------- Done invoking toplevel() on ptolemy.moml.MoMLSimpleApplication@5719b7a6
reloadAllAccessors: .model1
----------------- testing Tue May 22 23:35:40 UTC 2018 /home/travis/build/icyphy/ptII/ptolemy/domains/modal/test/auto/test-direct-in-out.xml
----------------- Instantiating /home/travis/build/icyphy/ptII/ptolemy/domains/modal/test/auto/test-direct-in-out.xml
4 ms. Memory: 871936K Free: 359898K (41%)
----------------- Invoking toplevel() on ptolemy.moml.MoMLSimpleApplication@58628cce
----------------- Done invoking toplevel() on ptolemy.moml.MoMLSimpleApplication@58628cce
reloadAllAccessors: .test-direct-in-out
AutoTests.java: About to close Vertx.
AutoTests.java: Vertx closed.
]]></system-out>
  <system-err><![CDATA[java.lang.RuntimeException: Execution failed
	at ptolemy.moml.MoMLSimpleApplication$UnloadThread.run(MoMLSimpleApplication.java:402)
Caused by: ptolemy.kernel.util.IllegalActionException: Unknown inputs remain. Possible causality loop:
L_model_1893289564i

  in .CannotAnalysisWithPreemption.model_1893289564_region_1 and .CannotAnalysisWithPreemption.model_1893289564_region_1.L_model_1893289564i
	at ptolemy.actor.sched.FixedPointDirector.postfire(FixedPointDirector.java:515)
	at ptolemy.domains.sr.kernel.SRDirector.postfire(SRDirector.java:417)
	at ptolemy.actor.CompositeActor.postfire(CompositeActor.java:1668)
	at ptolemy.actor.Manager.iterate(Manager.java:852)
	at ptolemy.actor.Manager.execute(Manager.java:369)
	at ptolemy.actor.Manager.run(Manager.java:1263)
	at ptolemy.actor.Manager$PtolemyRunThread.run(Manager.java:1915)
java.lang.reflect.InvocationTargetException
	at sun.reflect.NativeConstructorAccessorImpl.newInstance0(Native Method)
	at sun.reflect.NativeConstructorAccessorImpl.newInstance(NativeConstructorAccessorImpl.java:62)
	at sun.reflect.DelegatingConstructorAccessorImpl.newInstance(DelegatingConstructorAccessorImpl.java:45)
	at java.lang.reflect.Constructor.newInstance(Constructor.java:423)
	at ptolemy.util.test.junit.AutoKnownFailedTests.RunModel(AutoKnownFailedTests.java:107)
	at sun.reflect.NativeMethodAccessorImpl.invoke0(Native Method)
	at sun.reflect.NativeMethodAccessorImpl.invoke(NativeMethodAccessorImpl.java:62)
	at sun.reflect.DelegatingMethodAccessorImpl.invoke(DelegatingMethodAccessorImpl.java:43)
	at java.lang.reflect.Method.invoke(Method.java:498)
	at org.junit.runners.model.FrameworkMethod$1.runReflectiveCall(FrameworkMethod.java:44)
	at org.junit.internal.runners.model.ReflectiveCallable.run(ReflectiveCallable.java:15)
	at org.junit.runners.model.FrameworkMethod.invokeExplosively(FrameworkMethod.java:41)
	at junitparams.internal.InvokeParameterisedMethod.evaluate(InvokeParameterisedMethod.java:102)
	at org.junit.internal.runners.statements.FailOnTimeout$1.run(FailOnTimeout.java:28)
Caused by: ptolemy.kernel.util.IllegalActionException: Unknown inputs remain. Possible causality loop:
L_model_1893289564i

  in .CannotAnalysisWithPreemption.model_1893289564_region_1 and .CannotAnalysisWithPreemption.model_1893289564_region_1.L_model_1893289564i
	at ptolemy.actor.sched.FixedPointDirector.postfire(FixedPointDirector.java:515)
	at ptolemy.domains.sr.kernel.SRDirector.postfire(SRDirector.java:417)
	at ptolemy.actor.CompositeActor.postfire(CompositeActor.java:1668)
	at ptolemy.actor.Manager.iterate(Manager.java:852)
	at ptolemy.actor.Manager.execute(Manager.java:369)
	at ptolemy.actor.Manager.run(Manager.java:1263)
	at ptolemy.actor.Manager$PtolemyRunThread.run(Manager.java:1915)
]]></system-err>
</testsuite>
