<?xml version="1.0" encoding="UTF-8" ?>
<testsuite errors="0" failures="0" hostname="travis-job-78e69758-269d-481a-9cc2-19566523166f" name="ptolemy.domains.de.test.junit.JUnitTclTest" skipped="0" tests="101" time="126.288" timestamp="2018-04-25T22:05:31">
  <properties>
[...]
</properties>
  <testcase classname="ptolemy.util.test.junit.TclTests" name="[0] /home/travis/build/icyphy/ptII/ptolemy/domains/de/test/DependencyLoop.tcl (RunTclFile)" time="0.745" />
  <testcase classname="ptolemy.util.test.junit.TclTests" name="[1] /home/travis/build/icyphy/ptII/ptolemy/domains/de/test/RunDETestsAsQSS.tcl (RunTclFile)" time="86.595" />
  <testcase classname="ptolemy.util.test.junit.AutoKnownFailedTests" name="[0] /home/travis/build/icyphy/ptII/ptolemy/domains/de/test/auto/knownFailedTests/DESDFClockTest.xml (RunModel)" time="2.022" />
  <testcase classname="ptolemy.util.test.junit.AutoKnownFailedTests" name="[1] /home/travis/build/icyphy/ptII/ptolemy/domains/de/test/auto/knownFailedTests/DirectFeedback.xml (RunModel)" time="0.006" />
  <testcase classname="ptolemy.util.test.junit.AutoKnownFailedTests" name="[2] /home/travis/build/icyphy/ptII/ptolemy/domains/de/test/auto/knownFailedTests/FSMSource.xml (RunModel)" time="0.012" />
  <testcase classname="ptolemy.util.test.junit.AutoKnownFailedTests" name="[3] /home/travis/build/icyphy/ptII/ptolemy/domains/de/test/auto/knownFailedTests/HierarchicalModel.xml (RunModel)" time="0.026" />
  <testcase classname="ptolemy.util.test.junit.AutoKnownFailedTests" name="[4] /home/travis/build/icyphy/ptII/ptolemy/domains/de/test/auto/knownFailedTests/dependencyLoop.xml (RunModel)" time="0.025" />
  <testcase classname="ptolemy.util.test.junit.AutoKnownFailedTests" name="[5] /home/travis/build/icyphy/ptII/ptolemy/domains/de/test/auto/knownFailedTests/dependencyLoop2.xml (RunModel)" time="0.023" />
  <testcase classname="ptolemy.util.test.junit.AutoNameArchTests" name="[0] ThereAreNoAutoTests (RunModel)" time="0.002" />
  <testcase classname="ptolemy.util.test.junit.AutoTests" name="[0] /home/travis/build/icyphy/ptII/ptolemy/domains/de/test/auto/ActorDepthCalculation_actorWithoutPorts.xml (RunModel)" time="0.008" />
  <testcase classname="ptolemy.util.test.junit.AutoTests" name="[1] /home/travis/build/icyphy/ptII/ptolemy/domains/de/test/auto/AssemblyLine.xml (RunModel)" time="0.01" />
  <testcase classname="ptolemy.util.test.junit.AutoTests" name="[2] /home/travis/build/icyphy/ptII/ptolemy/domains/de/test/auto/CQBug1.xml (RunModel)" time="0.004" />
  <testcase classname="ptolemy.util.test.junit.AutoTests" name="[3] /home/travis/build/icyphy/ptII/ptolemy/domains/de/test/auto/CancelFireAt.xml (RunModel)" time="0.004" />
  <testcase classname="ptolemy.util.test.junit.AutoTests" name="[4] /home/travis/build/icyphy/ptII/ptolemy/domains/de/test/auto/CausalityAndComposabilityAnalysis.xml (RunModel)" time="0.008" />
  <testcase classname="ptolemy.util.test.junit.AutoTests" name="[5] /home/travis/build/icyphy/ptII/ptolemy/domains/de/test/auto/CausalityInterface1.xml (RunModel)" time="0.014" />
  <testcase classname="ptolemy.util.test.junit.AutoTests" name="[6] /home/travis/build/icyphy/ptII/ptolemy/domains/de/test/auto/CausalityInterface15.xml (RunModel)" time="0.009" />
  <testcase classname="ptolemy.util.test.junit.AutoTests" name="[7] /home/travis/build/icyphy/ptII/ptolemy/domains/de/test/auto/CausalityInterface2.xml (RunModel)" time="0.008" />
  <testcase classname="ptolemy.util.test.junit.AutoTests" name="[8] /home/travis/build/icyphy/ptII/ptolemy/domains/de/test/auto/CausalityInterface3.xml (RunModel)" time="0.01" />
  <testcase classname="ptolemy.util.test.junit.AutoTests" name="[9] /home/travis/build/icyphy/ptII/ptolemy/domains/de/test/auto/ClockDrift.xml (RunModel)" time="0.025" />
  <testcase classname="ptolemy.util.test.junit.AutoTests" name="[10] /home/travis/build/icyphy/ptII/ptolemy/domains/de/test/auto/ClockDriftAndValueChange.xml (RunModel)" time="0.022" />
  <testcase classname="ptolemy.util.test.junit.AutoTests" name="[11] /home/travis/build/icyphy/ptII/ptolemy/domains/de/test/auto/ClockDriftChange.xml (RunModel)" time="0.02" />
  <testcase classname="ptolemy.util.test.junit.AutoTests" name="[12] /home/travis/build/icyphy/ptII/ptolemy/domains/de/test/auto/ComposableCausalityAnalysis.xml (RunModel)" time="0.017" />
  <testcase classname="ptolemy.util.test.junit.AutoTests" name="[13] /home/travis/build/icyphy/ptII/ptolemy/domains/de/test/auto/DEFixedPointLimitation.xml (RunModel)" time="0.007" />
  <testcase classname="ptolemy.util.test.junit.AutoTests" name="[14] /home/travis/build/icyphy/ptII/ptolemy/domains/de/test/auto/DEScheduleTest.xml (RunModel)" time="0.008" />
  <testcase classname="ptolemy.util.test.junit.AutoTests" name="[15] /home/travis/build/icyphy/ptII/ptolemy/domains/de/test/auto/DEinDEwithStartTimes.xml (RunModel)" time="0.009" />
  <testcase classname="ptolemy.util.test.junit.AutoTests" name="[16] /home/travis/build/icyphy/ptII/ptolemy/domains/de/test/auto/DEinDEwithStartTimes2.xml (RunModel)" time="0.009" />
  <testcase classname="ptolemy.util.test.junit.AutoTests" name="[17] /home/travis/build/icyphy/ptII/ptolemy/domains/de/test/auto/DateDemo.xml (RunModel)" time="0.024" />
  <testcase classname="ptolemy.util.test.junit.AutoTests" name="[18] /home/travis/build/icyphy/ptII/ptolemy/domains/de/test/auto/DateToEvent.xml (RunModel)" time="2.026" />
  <testcase classname="ptolemy.util.test.junit.AutoTests" name="[19] /home/travis/build/icyphy/ptII/ptolemy/domains/de/test/auto/DepthTest1.xml (RunModel)" time="0.008" />
  <testcase classname="ptolemy.util.test.junit.AutoTests" name="[20] /home/travis/build/icyphy/ptII/ptolemy/domains/de/test/auto/DepthTest2.xml (RunModel)" time="0.016" />
  <testcase classname="ptolemy.util.test.junit.AutoTests" name="[21] /home/travis/build/icyphy/ptII/ptolemy/domains/de/test/auto/DepthTest3.xml (RunModel)" time="0.006" />
  <testcase classname="ptolemy.util.test.junit.AutoTests" name="[22] /home/travis/build/icyphy/ptII/ptolemy/domains/de/test/auto/DepthTest4.xml (RunModel)" time="0.011" />
  <testcase classname="ptolemy.util.test.junit.AutoTests" name="[23] /home/travis/build/icyphy/ptII/ptolemy/domains/de/test/auto/DepthTest5.xml (RunModel)" time="0.013" />
  <testcase classname="ptolemy.util.test.junit.AutoTests" name="[24] /home/travis/build/icyphy/ptII/ptolemy/domains/de/test/auto/DepthTest6.xml (RunModel)" time="0.012" />
  <testcase classname="ptolemy.util.test.junit.AutoTests" name="[25] /home/travis/build/icyphy/ptII/ptolemy/domains/de/test/auto/DepthTest7.xml (RunModel)" time="0.011" />
  <testcase classname="ptolemy.util.test.junit.AutoTests" name="[26] /home/travis/build/icyphy/ptII/ptolemy/domains/de/test/auto/EventToDate.xml (RunModel)" time="3.033" />
  <testcase classname="ptolemy.util.test.junit.AutoTests" name="[27] /home/travis/build/icyphy/ptII/ptolemy/domains/de/test/auto/FSM1.xml (RunModel)" time="0.041" />
  <testcase classname="ptolemy.util.test.junit.AutoTests" name="[28] /home/travis/build/icyphy/ptII/ptolemy/domains/de/test/auto/FSM7.xml (RunModel)" time="0.05" />
  <testcase classname="ptolemy.util.test.junit.AutoTests" name="[29] /home/travis/build/icyphy/ptII/ptolemy/domains/de/test/auto/Inspection.xml (RunModel)" time="0.046" />
  <testcase classname="ptolemy.util.test.junit.AutoTests" name="[30] /home/travis/build/icyphy/ptII/ptolemy/domains/de/test/auto/Iteration.xml (RunModel)" time="0.017" />
  <testcase classname="ptolemy.util.test.junit.AutoTests" name="[31] /home/travis/build/icyphy/ptII/ptolemy/domains/de/test/auto/LineFault.xml (RunModel)" time="0.521" />
  <testcase classname="ptolemy.util.test.junit.AutoTests" name="[32] /home/travis/build/icyphy/ptII/ptolemy/domains/de/test/auto/MergeModel1Add.xml (RunModel)" time="0.04" />
  <testcase classname="ptolemy.util.test.junit.AutoTests" name="[33] /home/travis/build/icyphy/ptII/ptolemy/domains/de/test/auto/MergeModel2Add.xml (RunModel)" time="0.034" />
  <testcase classname="ptolemy.util.test.junit.AutoTests" name="[34] /home/travis/build/icyphy/ptII/ptolemy/domains/de/test/auto/MergeModel3Add.xml (RunModel)" time="0.04" />
  <testcase classname="ptolemy.util.test.junit.AutoTests" name="[35] /home/travis/build/icyphy/ptII/ptolemy/domains/de/test/auto/MergeWithoutDiscard.xml (RunModel)" time="0.01" />
  <testcase classname="ptolemy.util.test.junit.AutoTests" name="[36] /home/travis/build/icyphy/ptII/ptolemy/domains/de/test/auto/Modal1.xml (RunModel)" time="0.025" />
  <testcase classname="ptolemy.util.test.junit.AutoTests" name="[37] /home/travis/build/icyphy/ptII/ptolemy/domains/de/test/auto/Modal2.xml (RunModel)" time="0.024" />
  <testcase classname="ptolemy.util.test.junit.AutoTests" name="[38] /home/travis/build/icyphy/ptII/ptolemy/domains/de/test/auto/Modal3.xml (RunModel)" time="0.027" />
  <testcase classname="ptolemy.util.test.junit.AutoTests" name="[39] /home/travis/build/icyphy/ptII/ptolemy/domains/de/test/auto/Modal4.xml (RunModel)" time="0.025" />
  <testcase classname="ptolemy.util.test.junit.AutoTests" name="[40] /home/travis/build/icyphy/ptII/ptolemy/domains/de/test/auto/Modal5.xml (RunModel)" time="0.024" />
  <testcase classname="ptolemy.util.test.junit.AutoTests" name="[41] /home/travis/build/icyphy/ptII/ptolemy/domains/de/test/auto/Modal6.xml (RunModel)" time="0.024" />
  <testcase classname="ptolemy.util.test.junit.AutoTests" name="[42] /home/travis/build/icyphy/ptII/ptolemy/domains/de/test/auto/Modal7.xml (RunModel)" time="0.025" />
  <testcase classname="ptolemy.util.test.junit.AutoTests" name="[43] /home/travis/build/icyphy/ptII/ptolemy/domains/de/test/auto/ModalModel.xml (RunModel)" time="0.146" />
  <testcase classname="ptolemy.util.test.junit.AutoTests" name="[44] /home/travis/build/icyphy/ptII/ptolemy/domains/de/test/auto/ModalSource.xml (RunModel)" time="0.02" />
  <testcase classname="ptolemy.util.test.junit.AutoTests" name="[45] /home/travis/build/icyphy/ptII/ptolemy/domains/de/test/auto/NonInterruptibleTimerZeroDelay.xml (RunModel)" time="0.01" />
  <testcase classname="ptolemy.util.test.junit.AutoTests" name="[46] /home/travis/build/icyphy/ptII/ptolemy/domains/de/test/auto/OpenQueueingNetwork.xml (RunModel)" time="2.067" />
  <testcase classname="ptolemy.util.test.junit.AutoTests" name="[47] /home/travis/build/icyphy/ptII/ptolemy/domains/de/test/auto/OpenQueuingNetwork.xml (RunModel)" time="0.248" />
  <testcase classname="ptolemy.util.test.junit.AutoTests" name="[48] /home/travis/build/icyphy/ptII/ptolemy/domains/de/test/auto/PeriodicSampler.xml (RunModel)" time="0.007" />
  <testcase classname="ptolemy.util.test.junit.AutoTests" name="[49] /home/travis/build/icyphy/ptII/ptolemy/domains/de/test/auto/PersistentIO.xml (RunModel)" time="0.017" />
  <testcase classname="ptolemy.util.test.junit.AutoTests" name="[50] /home/travis/build/icyphy/ptII/ptolemy/domains/de/test/auto/PortParameterResetOnInitialize.xml (RunModel)" time="0.01" />
  <testcase classname="ptolemy.util.test.junit.AutoTests" name="[51] /home/travis/build/icyphy/ptII/ptolemy/domains/de/test/auto/PortParameterUpdates.xml (RunModel)" time="0.016" />
  <testcase classname="ptolemy.util.test.junit.AutoTests" name="[52] /home/travis/build/icyphy/ptII/ptolemy/domains/de/test/auto/QueueAndServer.xml (RunModel)" time="0.019" />
  <testcase classname="ptolemy.util.test.junit.AutoTests" name="[53] /home/travis/build/icyphy/ptII/ptolemy/domains/de/test/auto/Records.xml (RunModel)" time="0.022" />
  <testcase classname="ptolemy.util.test.junit.AutoTests" name="[54] /home/travis/build/icyphy/ptII/ptolemy/domains/de/test/auto/ResetTransitionWithStartTime1.xml (RunModel)" time="0.017" />
  <testcase classname="ptolemy.util.test.junit.AutoTests" name="[55] /home/travis/build/icyphy/ptII/ptolemy/domains/de/test/auto/ResetTransitionWithStartTime2.xml (RunModel)" time="0.02" />
  <testcase classname="ptolemy.util.test.junit.AutoTests" name="[56] /home/travis/build/icyphy/ptII/ptolemy/domains/de/test/auto/ResetTransitionWithStartTime3.xml (RunModel)" time="0.015" />
  <testcase classname="ptolemy.util.test.junit.AutoTests" name="[57] /home/travis/build/icyphy/ptII/ptolemy/domains/de/test/auto/ResetTransitionWithStartTime4.xml (RunModel)" time="0.018" />
  <testcase classname="ptolemy.util.test.junit.AutoTests" name="[58] /home/travis/build/icyphy/ptII/ptolemy/domains/de/test/auto/ResettableTimer1.xml (RunModel)" time="0.009" />
  <testcase classname="ptolemy.util.test.junit.AutoTests" name="[59] /home/travis/build/icyphy/ptII/ptolemy/domains/de/test/auto/ResettableTimer2.xml (RunModel)" time="0.009" />
  <testcase classname="ptolemy.util.test.junit.AutoTests" name="[60] /home/travis/build/icyphy/ptII/ptolemy/domains/de/test/auto/ResettableTimer3.xml (RunModel)" time="0.008" />
  <testcase classname="ptolemy.util.test.junit.AutoTests" name="[61] /home/travis/build/icyphy/ptII/ptolemy/domains/de/test/auto/ResettableTimer4.xml (RunModel)" time="0.01" />
  <testcase classname="ptolemy.util.test.junit.AutoTests" name="[62] /home/travis/build/icyphy/ptII/ptolemy/domains/de/test/auto/ResettableTimer5.xml (RunModel)" time="0.011" />
  <testcase classname="ptolemy.util.test.junit.AutoTests" name="[63] /home/travis/build/icyphy/ptII/ptolemy/domains/de/test/auto/ResettableTimer6.xml (RunModel)" time="0.022" />
  <testcase classname="ptolemy.util.test.junit.AutoTests" name="[64] /home/travis/build/icyphy/ptII/ptolemy/domains/de/test/auto/ServerZeroDelay.xml (RunModel)" time="0.012" />
  <testcase classname="ptolemy.util.test.junit.AutoTests" name="[65] /home/travis/build/icyphy/ptII/ptolemy/domains/de/test/auto/SmartSender.xml (RunModel)" time="3.01" />
  <testcase classname="ptolemy.util.test.junit.AutoTests" name="[66] /home/travis/build/icyphy/ptII/ptolemy/domains/de/test/auto/ThreadedComposite.xml (RunModel)" time="0.198" />
  <testcase classname="ptolemy.util.test.junit.AutoTests" name="[67] /home/travis/build/icyphy/ptII/ptolemy/domains/de/test/auto/Time.xml (RunModel)" time="0.409" />
  <testcase classname="ptolemy.util.test.junit.AutoTests" name="[68] /home/travis/build/icyphy/ptII/ptolemy/domains/de/test/auto/TimeDelayZeroDelay.xml (RunModel)" time="0.01" />
  <testcase classname="ptolemy.util.test.junit.AutoTests" name="[69] /home/travis/build/icyphy/ptII/ptolemy/domains/de/test/auto/TimerZeroDelay.xml (RunModel)" time="0.008" />
  <testcase classname="ptolemy.util.test.junit.AutoTests" name="[70] /home/travis/build/icyphy/ptII/ptolemy/domains/de/test/auto/TimingParadox.xml (RunModel)" time="0.331" />
  <testcase classname="ptolemy.util.test.junit.AutoTests" name="[71] /home/travis/build/icyphy/ptII/ptolemy/domains/de/test/auto/TransferInputs.xml (RunModel)" time="0.018" />
  <testcase classname="ptolemy.util.test.junit.AutoTests" name="[72] /home/travis/build/icyphy/ptII/ptolemy/domains/de/test/auto/TransferOutputs2.xml (RunModel)" time="0.015" />
  <testcase classname="ptolemy.util.test.junit.AutoTests" name="[73] /home/travis/build/icyphy/ptII/ptolemy/domains/de/test/auto/Trilateration.xml (RunModel)" time="11.391" />
  <testcase classname="ptolemy.util.test.junit.AutoTests" name="[74] /home/travis/build/icyphy/ptII/ptolemy/domains/de/test/auto/TwoSigmaDelta.xml (RunModel)" time="1.891" />
  <testcase classname="ptolemy.util.test.junit.AutoTests" name="[75] /home/travis/build/icyphy/ptII/ptolemy/domains/de/test/auto/VariableDelay.xml (RunModel)" time="0.009" />
  <testcase classname="ptolemy.util.test.junit.AutoTests" name="[76] /home/travis/build/icyphy/ptII/ptolemy/domains/de/test/auto/VariableDelay2.xml (RunModel)" time="0.012" />
  <testcase classname="ptolemy.util.test.junit.AutoTests" name="[77] /home/travis/build/icyphy/ptII/ptolemy/domains/de/test/auto/VariableDelayZeroDelay.xml (RunModel)" time="0.009" />
  <testcase classname="ptolemy.util.test.junit.AutoTests" name="[78] /home/travis/build/icyphy/ptII/ptolemy/domains/de/test/auto/VariableDelayZeroDelay2.xml (RunModel)" time="0.008" />
  <testcase classname="ptolemy.util.test.junit.AutoTests" name="[79] /home/travis/build/icyphy/ptII/ptolemy/domains/de/test/auto/deInCt.xml (RunModel)" time="0.018" />
  <testcase classname="ptolemy.util.test.junit.AutoTests" name="[80] /home/travis/build/icyphy/ptII/ptolemy/domains/de/test/auto/deInCt2.xml (RunModel)" time="0.012" />
  <testcase classname="ptolemy.util.test.junit.AutoTests" name="[81] /home/travis/build/icyphy/ptII/ptolemy/domains/de/test/auto/dynamicCausalityInterface1.xml (RunModel)" time="0.017" />
  <testcase classname="ptolemy.util.test.junit.AutoTests" name="[82] /home/travis/build/icyphy/ptII/ptolemy/domains/de/test/auto/fsm_de_test.xml (RunModel)" time="0.02" />
  <testcase classname="ptolemy.util.test.junit.AutoTests" name="[83] /home/travis/build/icyphy/ptII/ptolemy/domains/de/test/auto/functionDependencyReconstruction.xml (RunModel)" time="0.029" />
  <testcase classname="ptolemy.util.test.junit.AutoTests" name="[84] /home/travis/build/icyphy/ptII/ptolemy/domains/de/test/auto/multirate.xml (RunModel)" time="0.014" />
  <testcase classname="ptolemy.util.test.junit.AutoTests" name="[85] /home/travis/build/icyphy/ptII/ptolemy/domains/de/test/auto/multirate2.xml (RunModel)" time="0.013" />
  <testcase classname="ptolemy.util.test.junit.AutoTests" name="[86] /home/travis/build/icyphy/ptII/ptolemy/domains/de/test/auto/realtime.xml (RunModel)" time="10.009" />
  <testcase classname="ptolemy.util.test.junit.AutoTests" name="[87] /home/travis/build/icyphy/ptII/ptolemy/domains/de/test/auto/relationGroup.xml (RunModel)" time="0.009" />
  <testcase classname="ptolemy.util.test.junit.AutoTests" name="[88] /home/travis/build/icyphy/ptII/ptolemy/domains/de/test/auto/relationGroup2.xml (RunModel)" time="0.011" />
  <testcase classname="ptolemy.util.test.junit.AutoTests" name="[89] /home/travis/build/icyphy/ptII/ptolemy/domains/de/test/auto/sortWithOpaquePorts.xml (RunModel)" time="0.008" />
  <testcase classname="ptolemy.util.test.junit.AutoTests" name="[90] /home/travis/build/icyphy/ptII/ptolemy/domains/de/test/auto/transferInputsandOutputs.xml (RunModel)" time="0.017" />
  <testcase classname="ptolemy.util.test.junit.AutoTests" name="[91] /home/travis/build/icyphy/ptII/ptolemy/domains/de/test/auto/triggerType.xml (RunModel)" time="0.01" />
  <system-out><![CDATA[/home/travis/build/icyphy/ptII/ptolemy/domains/de/test/DependencyLoop.tcl
testDefs.tcl: setting time out to 9000 seconds at Wed Apr 25 22:05:31 UTC 2018
13 ms. Memory: 116224K Free: 92974K (80%)
6 ms. Memory: 146944K Free: 135468K (92%)
/home/travis/build/icyphy/ptII/ptolemy/domains/de/test/RunDETestsAsQSS.tcl
Run the DE tests using ptolemy.domains.qss.test.QSSDirectorTest, which extends QSSDirector and prints a message in the constructors.
------------------ testing $PTII/ptolemy/domains/de/test/auto/knownFailedTests/dependencyLoop.xml (Known Failure) 
15 ms. Memory: 146944K Free: 131201K (89%)


==== $PTIIhome/travis/build/icyphy/ptII/ptolemy/domains/de/test/../../../../: Auto Automatic test in file $PTII/ptolemy/domains/de/test/auto/knownFailedTests/dependencyLoop.xml
==== Contents of test case:

	    # FIXME: we should use $relativeFilename here, but it
	    # might have backslashes under Windows, which causes no end
	    # of trouble.
	    createAndExecute $file
	    list {}
	
.... Test generated KNOWN error:
    while executing
ptolemy.kernel.util.IllegalActionException: Found a zero delay loop containing .dependencyLoop.original
  in .dependencyLoop and .dependencyLoop.original
	at ptolemy.actor.util.CausalityInterfaceForComposites._computeOutputPortDepth(CausalityInterfaceForComposites.java:759)
	at ptolemy.actor.util.CausalityInterfaceForComposites._computeInputDepth(CausalityInterfaceForComposites.java:696)
	at ptolemy.actor.util.CausalityInterfaceForComposites._computeOutputPortDepth(CausalityInterfaceForComposites.java:765)
	at ptolemy.actor.util.CausalityInterfaceForComposites._computeInputDepth(CausalityInterfaceForComposites.java:696)
	at ptolemy.actor.util.CausalityInterfaceForComposites._computeOutputPortDepth(CausalityInterfaceForComposites.java:765)
	at ptolemy.actor.util.CausalityInterfaceForComposites._computeInputDepth(CausalityInterfaceForComposites.java:696)
	at ptolemy.actor.util.CausalityInterfaceForComposites._computeActorDepth(CausalityInterfaceForComposites.java:532)
	at ptolemy.actor.util.CausalityInterfaceForComposites.checkForCycles(CausalityInterfaceForComposites.java:96)
	at ptolemy.domains.de.kernel.DEDirector.preinitialize(DEDirector.java:1337)
	at ptolemy.actor.CompositeActor.preinitialize(CompositeActor.java:1828)
	at ptolemy.actor.Manager.preinitializeAndResolveTypes(Manager.java:1040)
	at ptolemy.actor.Manager.initialize(Manager.java:710)
	at ptolemy.actor.Manager.execute(Manager.java:356)
	at ptolemy.actor.Manager.run(Manager.java:1263)
	at ptolemy.actor.Manager$PtolemyRunThread.run(Manager.java:1915)

    while executing
ptolemy.kernel.util.IllegalActionException: Found a zero delay loop containing .dependencyLoop.original
  in .dependencyLoop and .dependencyLoop.original
    while executing
"java::new ptolemy.moml.MoMLSimpleApplication $file
"
    (procedure "createAndExecute" line 2)
    invoked from within
"createAndExecute $file"
    ("uplevel" body line 5)
    invoked from within
"uplevel $contents_of_test"
------------------ testing $PTII/ptolemy/domains/de/test/auto/knownFailedTests/DESDFClockTest.xml (Known Failure) 
2083 ms. Memory: 146944K Free: 115437K (79%)


==== $PTIIhome/travis/build/icyphy/ptII/ptolemy/domains/de/test/../../../../: Auto Automatic test in file $PTII/ptolemy/domains/de/test/auto/knownFailedTests/DESDFClockTest.xml
==== Contents of test case:

	    # FIXME: we should use $relativeFilename here, but it
	    # might have backslashes under Windows, which causes no end
	    # of trouble.
	    createAndExecute $file
	    list {}
	
.... Test generated KNOWN error:
    while executing
ptolemy.kernel.util.IllegalActionException: Actor is not ready to fire.  Perhaps UpSample.prefire() returned false? Try debugging the actor by selecting "Listen to Actor".  Also, for SDF check moml for tokenConsumptionRate on input.
  in .DESDFClockTest.Play Bell.Copy1:SDF Director and .DESDFClockTest.Play Bell.UpSample
	at ptolemy.actor.sched.StaticSchedulingDirector.fire(StaticSchedulingDirector.java:227)
	at ptolemy.domains.sdf.kernel.SDFDirector.fire(SDFDirector.java:500)
	at ptolemy.actor.CompositeActor.fire(CompositeActor.java:455)
	at ptolemy.domains.de.kernel.DEDirector._fire(DEDirector.java:1948)
	at ptolemy.domains.de.kernel.DEDirector.fire(DEDirector.java:502)
	at ptolemy.actor.CompositeActor.fire(CompositeActor.java:455)
	at ptolemy.actor.Manager.iterate(Manager.java:851)
	at ptolemy.actor.Manager.execute(Manager.java:369)
	at ptolemy.actor.Manager.run(Manager.java:1263)
	at ptolemy.actor.Manager$PtolemyRunThread.run(Manager.java:1915)

    while executing
ptolemy.kernel.util.IllegalActionException: Actor is not ready to fire.  Perhaps UpSample.prefire() returned false? Try debugging the actor by selecting "Listen to Actor".  Also, for SDF check moml for tokenConsumptionRate on input.
  in .DESDFClockTest.Play Bell.Copy1:SDF Director and .DESDFClockTest.Play Bell.UpSample
    while executing
"java::new ptolemy.moml.MoMLSimpleApplication $file
"
    (procedure "createAndExecute" line 2)
    invoked from within
"createAndExecute $file"
    ("uplevel" body line 5)
    invoked from within
"uplevel $contents_of_test"
------------------ testing $PTII/ptolemy/domains/de/test/auto/knownFailedTests/FSMSource.xml (Known Failure) 
43 ms. Memory: 146944K Free: 105920K (72%)
!!!! Auto was marked as failing, but now passes
------------------ testing $PTII/ptolemy/domains/de/test/auto/knownFailedTests/dependencyLoop2.xml (Known Failure) 
6 ms. Memory: 146944K Free: 104061K (71%)


==== $PTIIhome/travis/build/icyphy/ptII/ptolemy/domains/de/test/../../../../: Auto Automatic test in file $PTII/ptolemy/domains/de/test/auto/knownFailedTests/dependencyLoop2.xml
==== Contents of test case:

	    # FIXME: we should use $relativeFilename here, but it
	    # might have backslashes under Windows, which causes no end
	    # of trouble.
	    createAndExecute $file
	    list {}
	
.... Test generated KNOWN error:
    while executing
ptolemy.kernel.util.IllegalActionException: Found a zero delay loop containing .dependencyLoop2.original
  in .dependencyLoop2 and .dependencyLoop2.original
	at ptolemy.actor.util.CausalityInterfaceForComposites._computeOutputPortDepth(CausalityInterfaceForComposites.java:759)
	at ptolemy.actor.util.CausalityInterfaceForComposites._computeInputDepth(CausalityInterfaceForComposites.java:696)
	at ptolemy.actor.util.CausalityInterfaceForComposites._computeOutputPortDepth(CausalityInterfaceForComposites.java:765)
	at ptolemy.actor.util.CausalityInterfaceForComposites._computeInputDepth(CausalityInterfaceForComposites.java:696)
	at ptolemy.actor.util.CausalityInterfaceForComposites._computeOutputPortDepth(CausalityInterfaceForComposites.java:765)
	at ptolemy.actor.util.CausalityInterfaceForComposites._computeInputDepth(CausalityInterfaceForComposites.java:696)
	at ptolemy.actor.util.CausalityInterfaceForComposites._computeActorDepth(CausalityInterfaceForComposites.java:532)
	at ptolemy.actor.util.CausalityInterfaceForComposites.checkForCycles(CausalityInterfaceForComposites.java:96)
	at ptolemy.domains.de.kernel.DEDirector.preinitialize(DEDirector.java:1337)
	at ptolemy.actor.CompositeActor.preinitialize(CompositeActor.java:1828)
	at ptolemy.actor.Manager.preinitializeAndResolveTypes(Manager.java:1040)
	at ptolemy.actor.Manager.initialize(Manager.java:710)
	at ptolemy.actor.Manager.execute(Manager.java:356)
	at ptolemy.actor.Manager.run(Manager.java:1263)
	at ptolemy.actor.Manager$PtolemyRunThread.run(Manager.java:1915)

    while executing
ptolemy.kernel.util.IllegalActionException: Found a zero delay loop containing .dependencyLoop2.original
  in .dependencyLoop2 and .dependencyLoop2.original
    while executing
"java::new ptolemy.moml.MoMLSimpleApplication $file
"
    (procedure "createAndExecute" line 2)
    invoked from within
"createAndExecute $file"
    ("uplevel" body line 5)
    invoked from within
"uplevel $contents_of_test"
------------------ testing $PTII/ptolemy/domains/de/test/auto/knownFailedTests/HierarchicalModel.xml (Known Failure) 
4 ms. Memory: 146944K Free: 83635K (57%)


==== $PTIIhome/travis/build/icyphy/ptII/ptolemy/domains/de/test/../../../../: Auto Automatic test in file $PTII/ptolemy/domains/de/test/auto/knownFailedTests/HierarchicalModel.xml
==== Contents of test case:

	    # FIXME: we should use $relativeFilename here, but it
	    # might have backslashes under Windows, which causes no end
	    # of trouble.
	    createAndExecute $file
	    list {}
	
.... Test generated KNOWN error:
    while executing
ptolemy.kernel.util.IllegalActionException: Found a zero delay loop containing .HierarchicalModel.A
  in .HierarchicalModel and .HierarchicalModel.A
	at ptolemy.actor.util.CausalityInterfaceForComposites._computeOutputPortDepth(CausalityInterfaceForComposites.java:759)
	at ptolemy.actor.util.CausalityInterfaceForComposites._computeInputDepth(CausalityInterfaceForComposites.java:696)
	at ptolemy.actor.util.CausalityInterfaceForComposites._computeOutputPortDepth(CausalityInterfaceForComposites.java:765)
	at ptolemy.actor.util.CausalityInterfaceForComposites._computeInputDepth(CausalityInterfaceForComposites.java:696)
	at ptolemy.actor.util.CausalityInterfaceForComposites._computeOutputPortDepth(CausalityInterfaceForComposites.java:765)
	at ptolemy.actor.util.CausalityInterfaceForComposites._computeInputDepth(CausalityInterfaceForComposites.java:696)
	at ptolemy.actor.util.CausalityInterfaceForComposites._computeActorDepth(CausalityInterfaceForComposites.java:532)
	at ptolemy.actor.util.CausalityInterfaceForComposites.checkForCycles(CausalityInterfaceForComposites.java:96)
	at ptolemy.domains.de.kernel.DEDirector.preinitialize(DEDirector.java:1337)
	at ptolemy.actor.CompositeActor.preinitialize(CompositeActor.java:1828)
	at ptolemy.actor.Manager.preinitializeAndResolveTypes(Manager.java:1040)
	at ptolemy.actor.Manager.initialize(Manager.java:710)
	at ptolemy.actor.Manager.execute(Manager.java:356)
	at ptolemy.actor.Manager.run(Manager.java:1263)
	at ptolemy.actor.Manager$PtolemyRunThread.run(Manager.java:1915)

    while executing
ptolemy.kernel.util.IllegalActionException: Found a zero delay loop containing .HierarchicalModel.A
  in .HierarchicalModel and .HierarchicalModel.A
    while executing
"java::new ptolemy.moml.MoMLSimpleApplication $file
"
    (procedure "createAndExecute" line 2)
    invoked from within
"createAndExecute $file"
    ("uplevel" body line 5)
    invoked from within
"uplevel $contents_of_test"
------------------ testing $PTII/ptolemy/domains/de/test/auto/knownFailedTests/DirectFeedback.xml (Known Failure) 
4 ms. Memory: 146944K Free: 139235K (95%)


==== $PTIIhome/travis/build/icyphy/ptII/ptolemy/domains/de/test/../../../../: Auto Automatic test in file $PTII/ptolemy/domains/de/test/auto/knownFailedTests/DirectFeedback.xml
==== Contents of test case:

	    # FIXME: we should use $relativeFilename here, but it
	    # might have backslashes under Windows, which causes no end
	    # of trouble.
	    createAndExecute $file
	    list {}
	
.... Test generated KNOWN error:
    while executing
ptolemy.kernel.util.IllegalActionException: Test fails in iteration 1.
Value was: 1.0. Should have been: 2.0
  in .DirectFeedback.Test
	at ptolemy.actor.lib.Test.fire(Test.java:268)
	at ptolemy.domains.de.kernel.DEDirector._fire(DEDirector.java:1948)
	at ptolemy.domains.de.kernel.DEDirector.fire(DEDirector.java:502)
	at ptolemy.actor.CompositeActor.fire(CompositeActor.java:455)
	at ptolemy.actor.Manager.iterate(Manager.java:851)
	at ptolemy.actor.Manager.execute(Manager.java:369)
	at ptolemy.actor.Manager.run(Manager.java:1263)
	at ptolemy.actor.Manager$PtolemyRunThread.run(Manager.java:1915)

    while executing
ptolemy.kernel.util.IllegalActionException: Test fails in iteration 1.
Value was: 1.0. Should have been: 2.0
  in .DirectFeedback.Test
    while executing
"java::new ptolemy.moml.MoMLSimpleApplication $file
"
    (procedure "createAndExecute" line 2)
    invoked from within
"createAndExecute $file"
    ("uplevel" body line 5)
    invoked from within
"uplevel $contents_of_test"
------------------ testing $PTII/ptolemy/domains/de/test/auto/ActorDepthCalculation_actorWithoutPorts.xml
auto.tcl: Setting watchdog for 200 seconds at Wed Apr 25 22:05:35 UTC 2018
4 ms. Memory: 146944K Free: 131711K (90%)
ptolemy.util.test.WatchDog.cancel(): canceling Wed Apr 25 22:05:35 UTC 2018
auto.tcl: Setting watchdog for 200 seconds at Wed Apr 25 22:05:35 UTC 2018
4 ms. Memory: 146944K Free: 129652K (88%)
ptolemy.util.test.WatchDog.cancel(): canceling Wed Apr 25 22:05:35 UTC 2018
------------------ testing $PTII/ptolemy/domains/de/test/auto/AssemblyLine.xml
auto.tcl: Setting watchdog for 200 seconds at Wed Apr 25 22:05:35 UTC 2018
23 ms. Memory: 208384K Free: 183256K (88%)
ptolemy.util.test.WatchDog.cancel(): canceling Wed Apr 25 22:05:35 UTC 2018
auto.tcl: Setting watchdog for 200 seconds at Wed Apr 25 22:05:35 UTC 2018
11 ms. Memory: 208384K Free: 183256K (88%)
ptolemy.util.test.WatchDog.cancel(): canceling Wed Apr 25 22:05:35 UTC 2018
------------------ testing $PTII/ptolemy/domains/de/test/auto/CQBug1.xml
auto.tcl: Setting watchdog for 200 seconds at Wed Apr 25 22:05:35 UTC 2018
12 ms. Memory: 208384K Free: 197722K (95%)
ptolemy.util.test.WatchDog.cancel(): canceling Wed Apr 25 22:05:35 UTC 2018
auto.tcl: Setting watchdog for 200 seconds at Wed Apr 25 22:05:35 UTC 2018
2 ms. Memory: 208384K Free: 197722K (95%)
ptolemy.util.test.WatchDog.cancel(): canceling Wed Apr 25 22:05:35 UTC 2018
------------------ testing $PTII/ptolemy/domains/de/test/auto/CancelFireAt.xml
auto.tcl: Setting watchdog for 200 seconds at Wed Apr 25 22:05:35 UTC 2018
10 ms. Memory: 208384K Free: 201106K (97%)
ptolemy.util.test.WatchDog.cancel(): canceling Wed Apr 25 22:05:35 UTC 2018
auto.tcl: Setting watchdog for 200 seconds at Wed Apr 25 22:05:35 UTC 2018
2 ms. Memory: 208384K Free: 199005K (95%)
ptolemy.util.test.WatchDog.cancel(): canceling Wed Apr 25 22:05:35 UTC 2018
------------------ testing $PTII/ptolemy/domains/de/test/auto/CausalityAndComposabilityAnalysis.xml
auto.tcl: Setting watchdog for 200 seconds at Wed Apr 25 22:05:35 UTC 2018
13 ms. Memory: 208384K Free: 196501K (94%)
ptolemy.util.test.WatchDog.cancel(): canceling Wed Apr 25 22:05:35 UTC 2018
auto.tcl: Setting watchdog for 200 seconds at Wed Apr 25 22:05:35 UTC 2018
5 ms. Memory: 208384K Free: 196501K (94%)
ptolemy.util.test.WatchDog.cancel(): canceling Wed Apr 25 22:05:35 UTC 2018
------------------ testing $PTII/ptolemy/domains/de/test/auto/CausalityInterface1.xml
auto.tcl: Setting watchdog for 200 seconds at Wed Apr 25 22:05:35 UTC 2018
8 ms. Memory: 208384K Free: 196438K (94%)
ptolemy.util.test.WatchDog.cancel(): canceling Wed Apr 25 22:05:35 UTC 2018
auto.tcl: Setting watchdog for 200 seconds at Wed Apr 25 22:05:35 UTC 2018
3 ms. Memory: 208384K Free: 196438K (94%)
ptolemy.util.test.WatchDog.cancel(): canceling Wed Apr 25 22:05:35 UTC 2018
------------------ testing $PTII/ptolemy/domains/de/test/auto/CausalityInterface15.xml
auto.tcl: Setting watchdog for 200 seconds at Wed Apr 25 22:05:36 UTC 2018
11 ms. Memory: 208384K Free: 196430K (94%)
ptolemy.util.test.WatchDog.cancel(): canceling Wed Apr 25 22:05:36 UTC 2018
auto.tcl: Setting watchdog for 200 seconds at Wed Apr 25 22:05:36 UTC 2018
8 ms. Memory: 208384K Free: 194329K (93%)
ptolemy.util.test.WatchDog.cancel(): canceling Wed Apr 25 22:05:36 UTC 2018
------------------ testing $PTII/ptolemy/domains/de/test/auto/CausalityInterface2.xml
auto.tcl: Setting watchdog for 200 seconds at Wed Apr 25 22:05:36 UTC 2018
12 ms. Memory: 208384K Free: 196413K (94%)
ptolemy.util.test.WatchDog.cancel(): canceling Wed Apr 25 22:05:36 UTC 2018
auto.tcl: Setting watchdog for 200 seconds at Wed Apr 25 22:05:36 UTC 2018
3 ms. Memory: 208384K Free: 196413K (94%)
ptolemy.util.test.WatchDog.cancel(): canceling Wed Apr 25 22:05:36 UTC 2018
------------------ testing $PTII/ptolemy/domains/de/test/auto/CausalityInterface3.xml
auto.tcl: Setting watchdog for 200 seconds at Wed Apr 25 22:05:36 UTC 2018
3 ms. Memory: 208384K Free: 196762K (94%)
ptolemy.util.test.WatchDog.cancel(): canceling Wed Apr 25 22:05:36 UTC 2018
auto.tcl: Setting watchdog for 200 seconds at Wed Apr 25 22:05:36 UTC 2018
10 ms. Memory: 208384K Free: 196424K (94%)
ptolemy.util.test.WatchDog.cancel(): canceling Wed Apr 25 22:05:36 UTC 2018
------------------ testing $PTII/ptolemy/domains/de/test/auto/ClockDrift.xml
auto.tcl: Setting watchdog for 200 seconds at Wed Apr 25 22:05:36 UTC 2018
86 ms. Memory: 208384K Free: 187654K (90%)
ptolemy.util.test.WatchDog.cancel(): canceling Wed Apr 25 22:05:36 UTC 2018
auto.tcl: Setting watchdog for 200 seconds at Wed Apr 25 22:05:36 UTC 2018
52 ms. Memory: 208384K Free: 185553K (89%)
ptolemy.util.test.WatchDog.cancel(): canceling Wed Apr 25 22:05:36 UTC 2018
------------------ testing $PTII/ptolemy/domains/de/test/auto/ClockDriftAndValueChange.xml
auto.tcl: Setting watchdog for 200 seconds at Wed Apr 25 22:05:36 UTC 2018
41 ms. Memory: 208384K Free: 187483K (90%)
ptolemy.util.test.WatchDog.cancel(): canceling Wed Apr 25 22:05:36 UTC 2018
auto.tcl: Setting watchdog for 200 seconds at Wed Apr 25 22:05:36 UTC 2018
32 ms. Memory: 208384K Free: 185382K (89%)
ptolemy.util.test.WatchDog.cancel(): canceling Wed Apr 25 22:05:36 UTC 2018
------------------ testing $PTII/ptolemy/domains/de/test/auto/ClockDriftChange.xml
auto.tcl: Setting watchdog for 200 seconds at Wed Apr 25 22:05:36 UTC 2018
26 ms. Memory: 208384K Free: 190811K (92%)
ptolemy.util.test.WatchDog.cancel(): canceling Wed Apr 25 22:05:36 UTC 2018
auto.tcl: Setting watchdog for 200 seconds at Wed Apr 25 22:05:36 UTC 2018
28 ms. Memory: 208384K Free: 188710K (91%)
ptolemy.util.test.WatchDog.cancel(): canceling Wed Apr 25 22:05:36 UTC 2018
------------------ testing $PTII/ptolemy/domains/de/test/auto/ComposableCausalityAnalysis.xml
auto.tcl: Setting watchdog for 200 seconds at Wed Apr 25 22:05:36 UTC 2018
2 ms. Memory: 208384K Free: 196036K (94%)
ptolemy.util.test.WatchDog.cancel(): canceling Wed Apr 25 22:05:36 UTC 2018
auto.tcl: Setting watchdog for 200 seconds at Wed Apr 25 22:05:36 UTC 2018
2 ms. Memory: 208384K Free: 193935K (93%)
ptolemy.util.test.WatchDog.cancel(): canceling Wed Apr 25 22:05:36 UTC 2018
------------------ testing $PTII/ptolemy/domains/de/test/auto/DEFixedPointLimitation.xml
auto.tcl: Setting watchdog for 200 seconds at Wed Apr 25 22:05:37 UTC 2018
1 ms. Memory: 208384K Free: 196116K (94%)
ptolemy.util.test.WatchDog.cancel(): canceling Wed Apr 25 22:05:37 UTC 2018
auto.tcl: Setting watchdog for 200 seconds at Wed Apr 25 22:05:37 UTC 2018
2 ms. Memory: 208384K Free: 196116K (94%)
ptolemy.util.test.WatchDog.cancel(): canceling Wed Apr 25 22:05:37 UTC 2018
------------------ testing $PTII/ptolemy/domains/de/test/auto/DEScheduleTest.xml
auto.tcl: Setting watchdog for 200 seconds at Wed Apr 25 22:05:37 UTC 2018
6 ms. Memory: 208384K Free: 198253K (95%)
ptolemy.util.test.WatchDog.cancel(): canceling Wed Apr 25 22:05:37 UTC 2018
auto.tcl: Setting watchdog for 200 seconds at Wed Apr 25 22:05:37 UTC 2018
6 ms. Memory: 208384K Free: 196152K (94%)
ptolemy.util.test.WatchDog.cancel(): canceling Wed Apr 25 22:05:37 UTC 2018
------------------ testing $PTII/ptolemy/domains/de/test/auto/DEinDEwithStartTimes.xml
auto.tcl: Setting watchdog for 200 seconds at Wed Apr 25 22:05:37 UTC 2018
7 ms. Memory: 208384K Free: 196121K (94%)
ptolemy.util.test.WatchDog.cancel(): canceling Wed Apr 25 22:05:37 UTC 2018
auto.tcl: Setting watchdog for 200 seconds at Wed Apr 25 22:05:37 UTC 2018
3 ms. Memory: 208384K Free: 194020K (93%)
ptolemy.util.test.WatchDog.cancel(): canceling Wed Apr 25 22:05:37 UTC 2018
------------------ testing $PTII/ptolemy/domains/de/test/auto/DEinDEwithStartTimes2.xml
auto.tcl: Setting watchdog for 200 seconds at Wed Apr 25 22:05:37 UTC 2018
3 ms. Memory: 208384K Free: 196101K (94%)
ptolemy.util.test.WatchDog.cancel(): canceling Wed Apr 25 22:05:37 UTC 2018
auto.tcl: Setting watchdog for 200 seconds at Wed Apr 25 22:05:37 UTC 2018
4 ms. Memory: 208384K Free: 194000K (93%)
ptolemy.util.test.WatchDog.cancel(): canceling Wed Apr 25 22:05:37 UTC 2018
------------------ testing $PTII/ptolemy/domains/de/test/auto/DateDemo.xml
auto.tcl: Setting watchdog for 200 seconds at Wed Apr 25 22:05:37 UTC 2018
14 ms. Memory: 208384K Free: 188543K (90%)
ptolemy.util.test.WatchDog.cancel(): canceling Wed Apr 25 22:05:37 UTC 2018
auto.tcl: Setting watchdog for 200 seconds at Wed Apr 25 22:05:37 UTC 2018
11 ms. Memory: 208384K Free: 186442K (89%)
ptolemy.util.test.WatchDog.cancel(): canceling Wed Apr 25 22:05:37 UTC 2018
------------------ testing $PTII/ptolemy/domains/de/test/auto/DateToEvent.xml
auto.tcl: Setting watchdog for 200 seconds at Wed Apr 25 22:05:37 UTC 2018
2010 ms. Memory: 208384K Free: 183263K (88%)
ptolemy.util.test.WatchDog.cancel(): canceling Wed Apr 25 22:05:39 UTC 2018
auto.tcl: Setting watchdog for 200 seconds at Wed Apr 25 22:05:39 UTC 2018
2005 ms. Memory: 208384K Free: 180805K (87%)
ptolemy.util.test.WatchDog.cancel(): canceling Wed Apr 25 22:05:41 UTC 2018
------------------ testing $PTII/ptolemy/domains/de/test/auto/DepthTest1.xml
auto.tcl: Setting watchdog for 200 seconds at Wed Apr 25 22:05:41 UTC 2018
5 ms. Memory: 208384K Free: 197780K (95%)
ptolemy.util.test.WatchDog.cancel(): canceling Wed Apr 25 22:05:41 UTC 2018
auto.tcl: Setting watchdog for 200 seconds at Wed Apr 25 22:05:41 UTC 2018
1 ms. Memory: 208384K Free: 197780K (95%)
ptolemy.util.test.WatchDog.cancel(): canceling Wed Apr 25 22:05:41 UTC 2018
------------------ testing $PTII/ptolemy/domains/de/test/auto/DepthTest2.xml
auto.tcl: Setting watchdog for 200 seconds at Wed Apr 25 22:05:41 UTC 2018
7 ms. Memory: 208384K Free: 193979K (93%)
ptolemy.util.test.WatchDog.cancel(): canceling Wed Apr 25 22:05:41 UTC 2018
auto.tcl: Setting watchdog for 200 seconds at Wed Apr 25 22:05:41 UTC 2018
3 ms. Memory: 208384K Free: 193979K (93%)
ptolemy.util.test.WatchDog.cancel(): canceling Wed Apr 25 22:05:41 UTC 2018
------------------ testing $PTII/ptolemy/domains/de/test/auto/DepthTest3.xml
auto.tcl: Setting watchdog for 200 seconds at Wed Apr 25 22:05:41 UTC 2018
4 ms. Memory: 208384K Free: 198444K (95%)
ptolemy.util.test.WatchDog.cancel(): canceling Wed Apr 25 22:05:41 UTC 2018
auto.tcl: Setting watchdog for 200 seconds at Wed Apr 25 22:05:41 UTC 2018
1 ms. Memory: 208384K Free: 198106K (95%)
ptolemy.util.test.WatchDog.cancel(): canceling Wed Apr 25 22:05:41 UTC 2018
------------------ testing $PTII/ptolemy/domains/de/test/auto/DepthTest4.xml
auto.tcl: Setting watchdog for 200 seconds at Wed Apr 25 22:05:41 UTC 2018
12 ms. Memory: 208384K Free: 196084K (94%)
ptolemy.util.test.WatchDog.cancel(): canceling Wed Apr 25 22:05:41 UTC 2018
auto.tcl: Setting watchdog for 200 seconds at Wed Apr 25 22:05:41 UTC 2018
2 ms. Memory: 208384K Free: 196084K (94%)
ptolemy.util.test.WatchDog.cancel(): canceling Wed Apr 25 22:05:41 UTC 2018
------------------ testing $PTII/ptolemy/domains/de/test/auto/DepthTest5.xml
auto.tcl: Setting watchdog for 200 seconds at Wed Apr 25 22:05:41 UTC 2018
3 ms. Memory: 208384K Free: 196040K (94%)
ptolemy.util.test.WatchDog.cancel(): canceling Wed Apr 25 22:05:41 UTC 2018
auto.tcl: Setting watchdog for 200 seconds at Wed Apr 25 22:05:41 UTC 2018
2 ms. Memory: 208384K Free: 196040K (94%)
ptolemy.util.test.WatchDog.cancel(): canceling Wed Apr 25 22:05:41 UTC 2018
------------------ testing $PTII/ptolemy/domains/de/test/auto/DepthTest6.xml
auto.tcl: Setting watchdog for 200 seconds at Wed Apr 25 22:05:41 UTC 2018
4 ms. Memory: 208384K Free: 196346K (94%)
ptolemy.util.test.WatchDog.cancel(): canceling Wed Apr 25 22:05:41 UTC 2018
auto.tcl: Setting watchdog for 200 seconds at Wed Apr 25 22:05:41 UTC 2018
2 ms. Memory: 208384K Free: 196346K (94%)
ptolemy.util.test.WatchDog.cancel(): canceling Wed Apr 25 22:05:41 UTC 2018
------------------ testing $PTII/ptolemy/domains/de/test/auto/DepthTest7.xml
auto.tcl: Setting watchdog for 200 seconds at Wed Apr 25 22:05:42 UTC 2018
2 ms. Memory: 208384K Free: 196005K (94%)
ptolemy.util.test.WatchDog.cancel(): canceling Wed Apr 25 22:05:42 UTC 2018
auto.tcl: Setting watchdog for 200 seconds at Wed Apr 25 22:05:42 UTC 2018
2 ms. Memory: 208384K Free: 196005K (94%)
ptolemy.util.test.WatchDog.cancel(): canceling Wed Apr 25 22:05:42 UTC 2018
------------------ testing $PTII/ptolemy/domains/de/test/auto/EventToDate.xml
auto.tcl: Setting watchdog for 200 seconds at Wed Apr 25 22:05:42 UTC 2018
3010 ms. Memory: 208384K Free: 185505K (89%)
ptolemy.util.test.WatchDog.cancel(): canceling Wed Apr 25 22:05:45 UTC 2018
auto.tcl: Setting watchdog for 200 seconds at Wed Apr 25 22:05:45 UTC 2018
3004 ms. Memory: 208384K Free: 185505K (89%)
ptolemy.util.test.WatchDog.cancel(): canceling Wed Apr 25 22:05:48 UTC 2018
------------------ testing $PTII/ptolemy/domains/de/test/auto/FSM1.xml
auto.tcl: Setting watchdog for 200 seconds at Wed Apr 25 22:05:48 UTC 2018
41 ms. Memory: 208384K Free: 186914K (90%)
ptolemy.util.test.WatchDog.cancel(): canceling Wed Apr 25 22:05:48 UTC 2018
auto.tcl: Setting watchdog for 200 seconds at Wed Apr 25 22:05:48 UTC 2018
22 ms. Memory: 208384K Free: 184813K (89%)
ptolemy.util.test.WatchDog.cancel(): canceling Wed Apr 25 22:05:48 UTC 2018
------------------ testing $PTII/ptolemy/domains/de/test/auto/FSM7.xml
auto.tcl: Setting watchdog for 200 seconds at Wed Apr 25 22:05:48 UTC 2018
18 ms. Memory: 208384K Free: 187102K (90%)
ptolemy.util.test.WatchDog.cancel(): canceling Wed Apr 25 22:05:48 UTC 2018
auto.tcl: Setting watchdog for 200 seconds at Wed Apr 25 22:05:48 UTC 2018
23 ms. Memory: 208384K Free: 184985K (89%)
ptolemy.util.test.WatchDog.cancel(): canceling Wed Apr 25 22:05:48 UTC 2018
------------------ testing $PTII/ptolemy/domains/de/test/auto/Inspection.xml
auto.tcl: Setting watchdog for 200 seconds at Wed Apr 25 22:05:48 UTC 2018
34 ms. Memory: 208384K Free: 188669K (91%)
ptolemy.util.test.WatchDog.cancel(): canceling Wed Apr 25 22:05:48 UTC 2018
auto.tcl: Setting watchdog for 200 seconds at Wed Apr 25 22:05:48 UTC 2018
25 ms. Memory: 208384K Free: 186552K (90%)
ptolemy.util.test.WatchDog.cancel(): canceling Wed Apr 25 22:05:48 UTC 2018
------------------ testing $PTII/ptolemy/domains/de/test/auto/Iteration.xml
auto.tcl: Setting watchdog for 200 seconds at Wed Apr 25 22:05:48 UTC 2018
8 ms. Memory: 208384K Free: 193984K (93%)
ptolemy.util.test.WatchDog.cancel(): canceling Wed Apr 25 22:05:48 UTC 2018
auto.tcl: Setting watchdog for 200 seconds at Wed Apr 25 22:05:48 UTC 2018
6 ms. Memory: 208384K Free: 193984K (93%)
ptolemy.util.test.WatchDog.cancel(): canceling Wed Apr 25 22:05:48 UTC 2018
------------------ testing $PTII/ptolemy/domains/de/test/auto/LineFault.xml
auto.tcl: Setting watchdog for 200 seconds at Wed Apr 25 22:05:48 UTC 2018
721 ms. Memory: 208384K Free: 194698K (93%)
ptolemy.util.test.WatchDog.cancel(): canceling Wed Apr 25 22:05:49 UTC 2018
auto.tcl: Setting watchdog for 200 seconds at Wed Apr 25 22:05:49 UTC 2018
596 ms. Memory: 208384K Free: 137266K (66%)
ptolemy.util.test.WatchDog.cancel(): canceling Wed Apr 25 22:05:50 UTC 2018
------------------ testing $PTII/ptolemy/domains/de/test/auto/MergeModel1Add.xml
auto.tcl: Setting watchdog for 200 seconds at Wed Apr 25 22:05:50 UTC 2018
15 ms. Memory: 331264K Free: 298614K (90%)
ptolemy.util.test.WatchDog.cancel(): canceling Wed Apr 25 22:05:50 UTC 2018
auto.tcl: Setting watchdog for 200 seconds at Wed Apr 25 22:05:50 UTC 2018
8 ms. Memory: 331264K Free: 298614K (90%)
ptolemy.util.test.WatchDog.cancel(): canceling Wed Apr 25 22:05:50 UTC 2018
------------------ testing $PTII/ptolemy/domains/de/test/auto/MergeModel2Add.xml
auto.tcl: Setting watchdog for 200 seconds at Wed Apr 25 22:05:50 UTC 2018
12 ms. Memory: 331264K Free: 303923K (92%)
ptolemy.util.test.WatchDog.cancel(): canceling Wed Apr 25 22:05:50 UTC 2018
auto.tcl: Setting watchdog for 200 seconds at Wed Apr 25 22:05:50 UTC 2018
12 ms. Memory: 331264K Free: 299967K (91%)
ptolemy.util.test.WatchDog.cancel(): canceling Wed Apr 25 22:05:50 UTC 2018
------------------ testing $PTII/ptolemy/domains/de/test/auto/MergeModel3Add.xml
auto.tcl: Setting watchdog for 200 seconds at Wed Apr 25 22:05:50 UTC 2018
9 ms. Memory: 331264K Free: 303901K (92%)
ptolemy.util.test.WatchDog.cancel(): canceling Wed Apr 25 22:05:50 UTC 2018
auto.tcl: Setting watchdog for 200 seconds at Wed Apr 25 22:05:50 UTC 2018
8 ms. Memory: 331264K Free: 299961K (91%)
ptolemy.util.test.WatchDog.cancel(): canceling Wed Apr 25 22:05:50 UTC 2018
------------------ testing $PTII/ptolemy/domains/de/test/auto/MergeWithoutDiscard.xml
auto.tcl: Setting watchdog for 200 seconds at Wed Apr 25 22:05:50 UTC 2018
2 ms. Memory: 331264K Free: 316051K (95%)
ptolemy.util.test.WatchDog.cancel(): canceling Wed Apr 25 22:05:50 UTC 2018
auto.tcl: Setting watchdog for 200 seconds at Wed Apr 25 22:05:50 UTC 2018
1 ms. Memory: 331264K Free: 316051K (95%)
ptolemy.util.test.WatchDog.cancel(): canceling Wed Apr 25 22:05:50 UTC 2018
------------------ testing $PTII/ptolemy/domains/de/test/auto/Modal1.xml
auto.tcl: Setting watchdog for 200 seconds at Wed Apr 25 22:05:50 UTC 2018
11 ms. Memory: 331264K Free: 309682K (93%)
ptolemy.util.test.WatchDog.cancel(): canceling Wed Apr 25 22:05:50 UTC 2018
auto.tcl: Setting watchdog for 200 seconds at Wed Apr 25 22:05:50 UTC 2018
10 ms. Memory: 331264K Free: 305726K (92%)
ptolemy.util.test.WatchDog.cancel(): canceling Wed Apr 25 22:05:50 UTC 2018
------------------ testing $PTII/ptolemy/domains/de/test/auto/Modal2.xml
auto.tcl: Setting watchdog for 200 seconds at Wed Apr 25 22:05:50 UTC 2018
17 ms. Memory: 331264K Free: 309564K (93%)
ptolemy.util.test.WatchDog.cancel(): canceling Wed Apr 25 22:05:51 UTC 2018
auto.tcl: Setting watchdog for 200 seconds at Wed Apr 25 22:05:51 UTC 2018
16 ms. Memory: 331264K Free: 305616K (92%)
ptolemy.util.test.WatchDog.cancel(): canceling Wed Apr 25 22:05:51 UTC 2018
------------------ testing $PTII/ptolemy/domains/de/test/auto/Modal3.xml
auto.tcl: Setting watchdog for 200 seconds at Wed Apr 25 22:05:51 UTC 2018
10 ms. Memory: 331264K Free: 309570K (93%)
ptolemy.util.test.WatchDog.cancel(): canceling Wed Apr 25 22:05:51 UTC 2018
auto.tcl: Setting watchdog for 200 seconds at Wed Apr 25 22:05:51 UTC 2018
10 ms. Memory: 331264K Free: 305614K (92%)
ptolemy.util.test.WatchDog.cancel(): canceling Wed Apr 25 22:05:51 UTC 2018
------------------ testing $PTII/ptolemy/domains/de/test/auto/Modal4.xml
auto.tcl: Setting watchdog for 200 seconds at Wed Apr 25 22:05:51 UTC 2018
12 ms. Memory: 331264K Free: 309552K (93%)
ptolemy.util.test.WatchDog.cancel(): canceling Wed Apr 25 22:05:51 UTC 2018
auto.tcl: Setting watchdog for 200 seconds at Wed Apr 25 22:05:51 UTC 2018
12 ms. Memory: 331264K Free: 305596K (92%)
ptolemy.util.test.WatchDog.cancel(): canceling Wed Apr 25 22:05:51 UTC 2018
------------------ testing $PTII/ptolemy/domains/de/test/auto/Modal5.xml
auto.tcl: Setting watchdog for 200 seconds at Wed Apr 25 22:05:51 UTC 2018
19 ms. Memory: 331264K Free: 309547K (93%)
ptolemy.util.test.WatchDog.cancel(): canceling Wed Apr 25 22:05:51 UTC 2018
auto.tcl: Setting watchdog for 200 seconds at Wed Apr 25 22:05:51 UTC 2018
13 ms. Memory: 331264K Free: 305607K (92%)
ptolemy.util.test.WatchDog.cancel(): canceling Wed Apr 25 22:05:51 UTC 2018
------------------ testing $PTII/ptolemy/domains/de/test/auto/Modal6.xml
auto.tcl: Setting watchdog for 200 seconds at Wed Apr 25 22:05:51 UTC 2018
13 ms. Memory: 331264K Free: 309543K (93%)
ptolemy.util.test.WatchDog.cancel(): canceling Wed Apr 25 22:05:51 UTC 2018
auto.tcl: Setting watchdog for 200 seconds at Wed Apr 25 22:05:51 UTC 2018
16 ms. Memory: 331264K Free: 305588K (92%)
ptolemy.util.test.WatchDog.cancel(): canceling Wed Apr 25 22:05:51 UTC 2018
------------------ testing $PTII/ptolemy/domains/de/test/auto/Modal7.xml
auto.tcl: Setting watchdog for 200 seconds at Wed Apr 25 22:05:51 UTC 2018
18 ms. Memory: 331264K Free: 305581K (92%)
ptolemy.util.test.WatchDog.cancel(): canceling Wed Apr 25 22:05:51 UTC 2018
auto.tcl: Setting watchdog for 200 seconds at Wed Apr 25 22:05:51 UTC 2018
8 ms. Memory: 331264K Free: 305581K (92%)
ptolemy.util.test.WatchDog.cancel(): canceling Wed Apr 25 22:05:51 UTC 2018
------------------ testing $PTII/ptolemy/domains/de/test/auto/ModalModel.xml
auto.tcl: Setting watchdog for 200 seconds at Wed Apr 25 22:05:51 UTC 2018
192 ms. Memory: 331264K Free: 245827K (74%)
ptolemy.util.test.WatchDog.cancel(): canceling Wed Apr 25 22:05:51 UTC 2018
auto.tcl: Setting watchdog for 200 seconds at Wed Apr 25 22:05:51 UTC 2018
167 ms. Memory: 331264K Free: 190568K (58%)
ptolemy.util.test.WatchDog.cancel(): canceling Wed Apr 25 22:05:52 UTC 2018
------------------ testing $PTII/ptolemy/domains/de/test/auto/ModalSource.xml
auto.tcl: Setting watchdog for 200 seconds at Wed Apr 25 22:05:52 UTC 2018
6 ms. Memory: 331264K Free: 316328K (95%)
ptolemy.util.test.WatchDog.cancel(): canceling Wed Apr 25 22:05:52 UTC 2018
auto.tcl: Setting watchdog for 200 seconds at Wed Apr 25 22:05:52 UTC 2018
5 ms. Memory: 331264K Free: 312812K (94%)
ptolemy.util.test.WatchDog.cancel(): canceling Wed Apr 25 22:05:52 UTC 2018
------------------ testing $PTII/ptolemy/domains/de/test/auto/NonInterruptibleTimerZeroDelay.xml
auto.tcl: Setting watchdog for 200 seconds at Wed Apr 25 22:05:52 UTC 2018
3 ms. Memory: 331264K Free: 320674K (97%)
ptolemy.util.test.WatchDog.cancel(): canceling Wed Apr 25 22:05:52 UTC 2018
auto.tcl: Setting watchdog for 200 seconds at Wed Apr 25 22:05:52 UTC 2018
3 ms. Memory: 331264K Free: 317158K (96%)
ptolemy.util.test.WatchDog.cancel(): canceling Wed Apr 25 22:05:52 UTC 2018
------------------ testing $PTII/ptolemy/domains/de/test/auto/OpenQueueingNetwork.xml
auto.tcl: Setting watchdog for 200 seconds at Wed Apr 25 22:05:52 UTC 2018
2661 ms. Memory: 307712K Free: 143182K (47%)
ptolemy.util.test.WatchDog.cancel(): canceling Wed Apr 25 22:05:55 UTC 2018
auto.tcl: Setting watchdog for 200 seconds at Wed Apr 25 22:05:55 UTC 2018
2095 ms. Memory: 278528K Free: 202779K (73%)
ptolemy.util.test.WatchDog.cancel(): canceling Wed Apr 25 22:05:57 UTC 2018
------------------ testing $PTII/ptolemy/domains/de/test/auto/OpenQueuingNetwork.xml
auto.tcl: Setting watchdog for 200 seconds at Wed Apr 25 22:05:57 UTC 2018
228 ms. Memory: 278528K Free: 182913K (66%)
ptolemy.util.test.WatchDog.cancel(): canceling Wed Apr 25 22:05:57 UTC 2018
auto.tcl: Setting watchdog for 200 seconds at Wed Apr 25 22:05:57 UTC 2018
216 ms. Memory: 278528K Free: 122659K (44%)
ptolemy.util.test.WatchDog.cancel(): canceling Wed Apr 25 22:05:57 UTC 2018
------------------ testing $PTII/ptolemy/domains/de/test/auto/PeriodicSampler.xml
auto.tcl: Setting watchdog for 200 seconds at Wed Apr 25 22:05:57 UTC 2018
2 ms. Memory: 281088K Free: 266267K (95%)
ptolemy.util.test.WatchDog.cancel(): canceling Wed Apr 25 22:05:57 UTC 2018
auto.tcl: Setting watchdog for 200 seconds at Wed Apr 25 22:05:57 UTC 2018
2 ms. Memory: 281088K Free: 266267K (95%)
ptolemy.util.test.WatchDog.cancel(): canceling Wed Apr 25 22:05:57 UTC 2018
------------------ testing $PTII/ptolemy/domains/de/test/auto/PersistentIO.xml
auto.tcl: Setting watchdog for 200 seconds at Wed Apr 25 22:05:57 UTC 2018
4 ms. Memory: 278528K Free: 258874K (93%)
ptolemy.util.test.WatchDog.cancel(): canceling Wed Apr 25 22:05:57 UTC 2018
auto.tcl: Setting watchdog for 200 seconds at Wed Apr 25 22:05:57 UTC 2018
3 ms. Memory: 278528K Free: 258874K (93%)
ptolemy.util.test.WatchDog.cancel(): canceling Wed Apr 25 22:05:57 UTC 2018
------------------ testing $PTII/ptolemy/domains/de/test/auto/PortParameterResetOnInitialize.xml
auto.tcl: Setting watchdog for 200 seconds at Wed Apr 25 22:05:57 UTC 2018
3 ms. Memory: 280576K Free: 266215K (95%)
ptolemy.util.test.WatchDog.cancel(): canceling Wed Apr 25 22:05:57 UTC 2018
auto.tcl: Setting watchdog for 200 seconds at Wed Apr 25 22:05:57 UTC 2018
2 ms. Memory: 280576K Free: 266215K (95%)
ptolemy.util.test.WatchDog.cancel(): canceling Wed Apr 25 22:05:57 UTC 2018
------------------ testing $PTII/ptolemy/domains/de/test/auto/PortParameterUpdates.xml
auto.tcl: Setting watchdog for 200 seconds at Wed Apr 25 22:05:58 UTC 2018
5 ms. Memory: 278528K Free: 266279K (96%)
ptolemy.util.test.WatchDog.cancel(): canceling Wed Apr 25 22:05:58 UTC 2018
auto.tcl: Setting watchdog for 200 seconds at Wed Apr 25 22:05:58 UTC 2018
3 ms. Memory: 278528K Free: 263515K (95%)
ptolemy.util.test.WatchDog.cancel(): canceling Wed Apr 25 22:05:58 UTC 2018
------------------ testing $PTII/ptolemy/domains/de/test/auto/QueueAndServer.xml
auto.tcl: Setting watchdog for 200 seconds at Wed Apr 25 22:05:58 UTC 2018
11 ms. Memory: 280576K Free: 265518K (95%)
ptolemy.util.test.WatchDog.cancel(): canceling Wed Apr 25 22:05:58 UTC 2018
auto.tcl: Setting watchdog for 200 seconds at Wed Apr 25 22:05:58 UTC 2018
5 ms. Memory: 280576K Free: 265518K (95%)
ptolemy.util.test.WatchDog.cancel(): canceling Wed Apr 25 22:05:58 UTC 2018
------------------ testing $PTII/ptolemy/domains/de/test/auto/Records.xml
auto.tcl: Setting watchdog for 200 seconds at Wed Apr 25 22:05:58 UTC 2018
8 ms. Memory: 278528K Free: 266191K (96%)
ptolemy.util.test.WatchDog.cancel(): canceling Wed Apr 25 22:05:58 UTC 2018
auto.tcl: Setting watchdog for 200 seconds at Wed Apr 25 22:05:58 UTC 2018
2 ms. Memory: 278528K Free: 266191K (96%)
ptolemy.util.test.WatchDog.cancel(): canceling Wed Apr 25 22:05:58 UTC 2018
------------------ testing $PTII/ptolemy/domains/de/test/auto/ResetTransitionWithStartTime1.xml
auto.tcl: Setting watchdog for 200 seconds at Wed Apr 25 22:05:58 UTC 2018
10 ms. Memory: 280064K Free: 263081K (94%)
ptolemy.util.test.WatchDog.cancel(): canceling Wed Apr 25 22:05:58 UTC 2018
auto.tcl: Setting watchdog for 200 seconds at Wed Apr 25 22:05:58 UTC 2018
6 ms. Memory: 280064K Free: 260204K (93%)
ptolemy.util.test.WatchDog.cancel(): canceling Wed Apr 25 22:05:58 UTC 2018
------------------ testing $PTII/ptolemy/domains/de/test/auto/ResetTransitionWithStartTime2.xml
auto.tcl: Setting watchdog for 200 seconds at Wed Apr 25 22:05:58 UTC 2018
4 ms. Memory: 278528K Free: 261536K (94%)
ptolemy.util.test.WatchDog.cancel(): canceling Wed Apr 25 22:05:58 UTC 2018
auto.tcl: Setting watchdog for 200 seconds at Wed Apr 25 22:05:58 UTC 2018
6 ms. Memory: 278528K Free: 258764K (93%)
ptolemy.util.test.WatchDog.cancel(): canceling Wed Apr 25 22:05:58 UTC 2018
------------------ testing $PTII/ptolemy/domains/de/test/auto/ResetTransitionWithStartTime3.xml
auto.tcl: Setting watchdog for 200 seconds at Wed Apr 25 22:05:58 UTC 2018
6 ms. Memory: 280064K Free: 263071K (94%)
ptolemy.util.test.WatchDog.cancel(): canceling Wed Apr 25 22:05:58 UTC 2018
auto.tcl: Setting watchdog for 200 seconds at Wed Apr 25 22:05:58 UTC 2018
5 ms. Memory: 280064K Free: 260299K (93%)
ptolemy.util.test.WatchDog.cancel(): canceling Wed Apr 25 22:05:58 UTC 2018
------------------ testing $PTII/ptolemy/domains/de/test/auto/ResetTransitionWithStartTime4.xml
auto.tcl: Setting watchdog for 200 seconds at Wed Apr 25 22:05:58 UTC 2018
4 ms. Memory: 278528K Free: 261453K (94%)
ptolemy.util.test.WatchDog.cancel(): canceling Wed Apr 25 22:05:58 UTC 2018
auto.tcl: Setting watchdog for 200 seconds at Wed Apr 25 22:05:58 UTC 2018
3 ms. Memory: 278528K Free: 261453K (94%)
ptolemy.util.test.WatchDog.cancel(): canceling Wed Apr 25 22:05:58 UTC 2018
------------------ testing $PTII/ptolemy/domains/de/test/auto/ResettableTimer1.xml
auto.tcl: Setting watchdog for 200 seconds at Wed Apr 25 22:05:58 UTC 2018
3 ms. Memory: 280064K Free: 263777K (94%)
ptolemy.util.test.WatchDog.cancel(): canceling Wed Apr 25 22:05:58 UTC 2018
auto.tcl: Setting watchdog for 200 seconds at Wed Apr 25 22:05:58 UTC 2018
2 ms. Memory: 280064K Free: 263777K (94%)
ptolemy.util.test.WatchDog.cancel(): canceling Wed Apr 25 22:05:58 UTC 2018
------------------ testing $PTII/ptolemy/domains/de/test/auto/ResettableTimer2.xml
auto.tcl: Setting watchdog for 200 seconds at Wed Apr 25 22:05:58 UTC 2018
3 ms. Memory: 278528K Free: 266346K (96%)
ptolemy.util.test.WatchDog.cancel(): canceling Wed Apr 25 22:05:58 UTC 2018
auto.tcl: Setting watchdog for 200 seconds at Wed Apr 25 22:05:58 UTC 2018
2 ms. Memory: 278528K Free: 266346K (96%)
ptolemy.util.test.WatchDog.cancel(): canceling Wed Apr 25 22:05:58 UTC 2018
------------------ testing $PTII/ptolemy/domains/de/test/auto/ResettableTimer3.xml
auto.tcl: Setting watchdog for 200 seconds at Wed Apr 25 22:05:58 UTC 2018
1 ms. Memory: 279552K Free: 267280K (96%)
ptolemy.util.test.WatchDog.cancel(): canceling Wed Apr 25 22:05:58 UTC 2018
auto.tcl: Setting watchdog for 200 seconds at Wed Apr 25 22:05:58 UTC 2018
1 ms. Memory: 279552K Free: 267280K (96%)
ptolemy.util.test.WatchDog.cancel(): canceling Wed Apr 25 22:05:58 UTC 2018
------------------ testing $PTII/ptolemy/domains/de/test/auto/ResettableTimer4.xml
auto.tcl: Setting watchdog for 200 seconds at Wed Apr 25 22:05:58 UTC 2018
1 ms. Memory: 278528K Free: 266367K (96%)
ptolemy.util.test.WatchDog.cancel(): canceling Wed Apr 25 22:05:58 UTC 2018
auto.tcl: Setting watchdog for 200 seconds at Wed Apr 25 22:05:58 UTC 2018
1 ms. Memory: 278528K Free: 266367K (96%)
ptolemy.util.test.WatchDog.cancel(): canceling Wed Apr 25 22:05:58 UTC 2018
------------------ testing $PTII/ptolemy/domains/de/test/auto/ResettableTimer5.xml
auto.tcl: Setting watchdog for 200 seconds at Wed Apr 25 22:05:58 UTC 2018
2 ms. Memory: 279552K Free: 267382K (96%)
ptolemy.util.test.WatchDog.cancel(): canceling Wed Apr 25 22:05:58 UTC 2018
auto.tcl: Setting watchdog for 200 seconds at Wed Apr 25 22:05:58 UTC 2018
1 ms. Memory: 279552K Free: 267382K (96%)
ptolemy.util.test.WatchDog.cancel(): canceling Wed Apr 25 22:05:58 UTC 2018
------------------ testing $PTII/ptolemy/domains/de/test/auto/ResettableTimer6.xml
auto.tcl: Setting watchdog for 200 seconds at Wed Apr 25 22:05:58 UTC 2018
2 ms. Memory: 278528K Free: 264246K (95%)
ptolemy.util.test.WatchDog.cancel(): canceling Wed Apr 25 22:05:58 UTC 2018
auto.tcl: Setting watchdog for 200 seconds at Wed Apr 25 22:05:58 UTC 2018
1 ms. Memory: 278528K Free: 264246K (95%)
ptolemy.util.test.WatchDog.cancel(): canceling Wed Apr 25 22:05:58 UTC 2018
------------------ testing $PTII/ptolemy/domains/de/test/auto/ServerZeroDelay.xml
auto.tcl: Setting watchdog for 200 seconds at Wed Apr 25 22:05:58 UTC 2018
7 ms. Memory: 279552K Free: 267313K (96%)
ptolemy.util.test.WatchDog.cancel(): canceling Wed Apr 25 22:05:58 UTC 2018
auto.tcl: Setting watchdog for 200 seconds at Wed Apr 25 22:05:58 UTC 2018
2 ms. Memory: 279552K Free: 267313K (96%)
ptolemy.util.test.WatchDog.cancel(): canceling Wed Apr 25 22:05:58 UTC 2018
------------------ testing $PTII/ptolemy/domains/de/test/auto/SmartSender.xml
auto.tcl: Setting watchdog for 200 seconds at Wed Apr 25 22:05:58 UTC 2018
3001 ms. Memory: 278528K Free: 264313K (95%)
ptolemy.util.test.WatchDog.cancel(): canceling Wed Apr 25 22:06:01 UTC 2018
auto.tcl: Setting watchdog for 200 seconds at Wed Apr 25 22:06:01 UTC 2018
3001 ms. Memory: 278528K Free: 264313K (95%)
ptolemy.util.test.WatchDog.cancel(): canceling Wed Apr 25 22:06:04 UTC 2018
------------------ testing $PTII/ptolemy/domains/de/test/auto/ThreadedComposite.xml
auto.tcl: Setting watchdog for 200 seconds at Wed Apr 25 22:06:04 UTC 2018
199 ms. Memory: 279552K Free: 245119K (88%)
ptolemy.util.test.WatchDog.cancel(): canceling Wed Apr 25 22:06:05 UTC 2018
auto.tcl: Setting watchdog for 200 seconds at Wed Apr 25 22:06:05 UTC 2018
112 ms. Memory: 279552K Free: 227764K (81%)
ptolemy.util.test.WatchDog.cancel(): canceling Wed Apr 25 22:06:05 UTC 2018
------------------ testing $PTII/ptolemy/domains/de/test/auto/Time.xml
auto.tcl: Setting watchdog for 200 seconds at Wed Apr 25 22:06:05 UTC 2018
538 ms. Memory: 278528K Free: 212699K (76%)
ptolemy.util.test.WatchDog.cancel(): canceling Wed Apr 25 22:06:05 UTC 2018
auto.tcl: Setting watchdog for 200 seconds at Wed Apr 25 22:06:05 UTC 2018
524 ms. Memory: 278528K Free: 157420K (57%)
ptolemy.util.test.WatchDog.cancel(): canceling Wed Apr 25 22:06:06 UTC 2018
------------------ testing $PTII/ptolemy/domains/de/test/auto/TimeDelayZeroDelay.xml
auto.tcl: Setting watchdog for 200 seconds at Wed Apr 25 22:06:06 UTC 2018
1 ms. Memory: 279040K Free: 267212K (96%)
ptolemy.util.test.WatchDog.cancel(): canceling Wed Apr 25 22:06:06 UTC 2018
auto.tcl: Setting watchdog for 200 seconds at Wed Apr 25 22:06:06 UTC 2018
1 ms. Memory: 279040K Free: 267212K (96%)
ptolemy.util.test.WatchDog.cancel(): canceling Wed Apr 25 22:06:06 UTC 2018
------------------ testing $PTII/ptolemy/domains/de/test/auto/TimerZeroDelay.xml
auto.tcl: Setting watchdog for 200 seconds at Wed Apr 25 22:06:06 UTC 2018
4 ms. Memory: 278528K Free: 266806K (96%)
ptolemy.util.test.WatchDog.cancel(): canceling Wed Apr 25 22:06:06 UTC 2018
auto.tcl: Setting watchdog for 200 seconds at Wed Apr 25 22:06:06 UTC 2018
2 ms. Memory: 278528K Free: 266806K (96%)
ptolemy.util.test.WatchDog.cancel(): canceling Wed Apr 25 22:06:06 UTC 2018
------------------ testing $PTII/ptolemy/domains/de/test/auto/TimingParadox.xml
auto.tcl: Setting watchdog for 200 seconds at Wed Apr 25 22:06:06 UTC 2018
337 ms. Memory: 279040K Free: 201293K (72%)
ptolemy.util.test.WatchDog.cancel(): canceling Wed Apr 25 22:06:07 UTC 2018
auto.tcl: Setting watchdog for 200 seconds at Wed Apr 25 22:06:07 UTC 2018
293 ms. Memory: 279040K Free: 166484K (60%)
ptolemy.util.test.WatchDog.cancel(): canceling Wed Apr 25 22:06:07 UTC 2018
------------------ testing $PTII/ptolemy/domains/de/test/auto/TransferInputs.xml
auto.tcl: Setting watchdog for 200 seconds at Wed Apr 25 22:06:07 UTC 2018
2 ms. Memory: 279040K Free: 266177K (95%)
ptolemy.util.test.WatchDog.cancel(): canceling Wed Apr 25 22:06:07 UTC 2018
auto.tcl: Setting watchdog for 200 seconds at Wed Apr 25 22:06:07 UTC 2018
1 ms. Memory: 279040K Free: 266177K (95%)
ptolemy.util.test.WatchDog.cancel(): canceling Wed Apr 25 22:06:07 UTC 2018
------------------ testing $PTII/ptolemy/domains/de/test/auto/TransferOutputs2.xml
auto.tcl: Setting watchdog for 200 seconds at Wed Apr 25 22:06:07 UTC 2018
6 ms. Memory: 278528K Free: 262303K (94%)
ptolemy.util.test.WatchDog.cancel(): canceling Wed Apr 25 22:06:07 UTC 2018
auto.tcl: Setting watchdog for 200 seconds at Wed Apr 25 22:06:07 UTC 2018
3 ms. Memory: 278528K Free: 259786K (93%)
ptolemy.util.test.WatchDog.cancel(): canceling Wed Apr 25 22:06:07 UTC 2018
------------------ testing $PTII/ptolemy/domains/de/test/auto/Trilateration.xml
auto.tcl: Setting watchdog for 200 seconds at Wed Apr 25 22:06:07 UTC 2018
13744 ms. Memory: 542720K Free: 130416K (24%)
ptolemy.util.test.WatchDog.cancel(): canceling Wed Apr 25 22:06:22 UTC 2018
auto.tcl: Setting watchdog for 200 seconds at Wed Apr 25 22:06:22 UTC 2018
10937 ms. Memory: 411136K Free: 214582K (52%)
ptolemy.util.test.WatchDog.cancel(): canceling Wed Apr 25 22:06:33 UTC 2018
------------------ testing $PTII/ptolemy/domains/de/test/auto/TwoSigmaDelta.xml
auto.tcl: Setting watchdog for 200 seconds at Wed Apr 25 22:06:33 UTC 2018
2462 ms. Memory: 414208K Free: 108075K (26%)
ptolemy.util.test.WatchDog.cancel(): canceling Wed Apr 25 22:06:35 UTC 2018
auto.tcl: Setting watchdog for 200 seconds at Wed Apr 25 22:06:35 UTC 2018
2009 ms. Memory: 396800K Free: 194739K (49%)
ptolemy.util.test.WatchDog.cancel(): canceling Wed Apr 25 22:06:37 UTC 2018
------------------ testing $PTII/ptolemy/domains/de/test/auto/VariableDelay.xml
auto.tcl: Setting watchdog for 200 seconds at Wed Apr 25 22:06:37 UTC 2018
2 ms. Memory: 396288K Free: 379671K (96%)
ptolemy.util.test.WatchDog.cancel(): canceling Wed Apr 25 22:06:37 UTC 2018
auto.tcl: Setting watchdog for 200 seconds at Wed Apr 25 22:06:37 UTC 2018
2 ms. Memory: 396288K Free: 379671K (96%)
ptolemy.util.test.WatchDog.cancel(): canceling Wed Apr 25 22:06:37 UTC 2018
------------------ testing $PTII/ptolemy/domains/de/test/auto/VariableDelay2.xml
auto.tcl: Setting watchdog for 200 seconds at Wed Apr 25 22:06:37 UTC 2018
2 ms. Memory: 396288K Free: 383229K (97%)
ptolemy.util.test.WatchDog.cancel(): canceling Wed Apr 25 22:06:37 UTC 2018
auto.tcl: Setting watchdog for 200 seconds at Wed Apr 25 22:06:37 UTC 2018
1 ms. Memory: 396288K Free: 383229K (97%)
ptolemy.util.test.WatchDog.cancel(): canceling Wed Apr 25 22:06:37 UTC 2018
------------------ testing $PTII/ptolemy/domains/de/test/auto/VariableDelayZeroDelay.xml
auto.tcl: Setting watchdog for 200 seconds at Wed Apr 25 22:06:38 UTC 2018
2 ms. Memory: 398336K Free: 382128K (96%)
ptolemy.util.test.WatchDog.cancel(): canceling Wed Apr 25 22:06:38 UTC 2018
auto.tcl: Setting watchdog for 200 seconds at Wed Apr 25 22:06:38 UTC 2018
2 ms. Memory: 398336K Free: 382123K (96%)
ptolemy.util.test.WatchDog.cancel(): canceling Wed Apr 25 22:06:38 UTC 2018
------------------ testing $PTII/ptolemy/domains/de/test/auto/VariableDelayZeroDelay2.xml
auto.tcl: Setting watchdog for 200 seconds at Wed Apr 25 22:06:38 UTC 2018
2 ms. Memory: 396288K Free: 383227K (97%)
ptolemy.util.test.WatchDog.cancel(): canceling Wed Apr 25 22:06:38 UTC 2018
auto.tcl: Setting watchdog for 200 seconds at Wed Apr 25 22:06:38 UTC 2018
1 ms. Memory: 396288K Free: 383227K (97%)
ptolemy.util.test.WatchDog.cancel(): canceling Wed Apr 25 22:06:38 UTC 2018
------------------ testing $PTII/ptolemy/domains/de/test/auto/deInCt.xml
auto.tcl: Setting watchdog for 200 seconds at Wed Apr 25 22:06:38 UTC 2018
0
1
1
1
1
0
0
0
0
0
0
0
1
1
1
1
0
0
0
1
1
1
1
8 ms. Memory: 398336K Free: 382118K (96%)
ptolemy.util.test.WatchDog.cancel(): canceling Wed Apr 25 22:06:38 UTC 2018
auto.tcl: Setting watchdog for 200 seconds at Wed Apr 25 22:06:38 UTC 2018
0
1
1
1
1
0
0
0
0
0
1
1
1
0
0
0
0
0
1
1
1
0
0
0
0
0
1
1
1
1
6 ms. Memory: 398336K Free: 377091K (95%)
ptolemy.util.test.WatchDog.cancel(): canceling Wed Apr 25 22:06:38 UTC 2018
------------------ testing $PTII/ptolemy/domains/de/test/auto/deInCt2.xml
auto.tcl: Setting watchdog for 200 seconds at Wed Apr 25 22:06:38 UTC 2018
0
1
1
1
0
0
1
1
1
0
0
1
1
1
0
0
1
1
1
0
0
1
1
1
0
0
1
1
1
0
0
1
1
1
0
0
1
1
1
0
0
0
9 ms. Memory: 396288K Free: 383219K (97%)
ptolemy.util.test.WatchDog.cancel(): canceling Wed Apr 25 22:06:38 UTC 2018
auto.tcl: Setting watchdog for 200 seconds at Wed Apr 25 22:06:38 UTC 2018
0
1
1
1
0
0
1
1
1
0
0
1
1
1
0
0
1
1
1
0
0
1
1
1
0
0
1
1
1
0
0
1
1
1
0
0
1
1
1
0
0
0
8 ms. Memory: 396288K Free: 378208K (95%)
ptolemy.util.test.WatchDog.cancel(): canceling Wed Apr 25 22:06:38 UTC 2018
------------------ testing $PTII/ptolemy/domains/de/test/auto/dynamicCausalityInterface1.xml
auto.tcl: Setting watchdog for 200 seconds at Wed Apr 25 22:06:38 UTC 2018
1 ms. Memory: 397824K Free: 379729K (95%)
ptolemy.util.test.WatchDog.cancel(): canceling Wed Apr 25 22:06:38 UTC 2018
auto.tcl: Setting watchdog for 200 seconds at Wed Apr 25 22:06:38 UTC 2018
1 ms. Memory: 397824K Free: 374702K (94%)
ptolemy.util.test.WatchDog.cancel(): canceling Wed Apr 25 22:06:38 UTC 2018
------------------ testing $PTII/ptolemy/domains/de/test/auto/fsm_de_test.xml
auto.tcl: Setting watchdog for 200 seconds at Wed Apr 25 22:06:38 UTC 2018
16 ms. Memory: 396288K Free: 374939K (95%)
ptolemy.util.test.WatchDog.cancel(): canceling Wed Apr 25 22:06:38 UTC 2018
auto.tcl: Setting watchdog for 200 seconds at Wed Apr 25 22:06:38 UTC 2018
4 ms. Memory: 396288K Free: 369913K (93%)
ptolemy.util.test.WatchDog.cancel(): canceling Wed Apr 25 22:06:38 UTC 2018
------------------ testing $PTII/ptolemy/domains/de/test/auto/functionDependencyReconstruction.xml
auto.tcl: Setting watchdog for 200 seconds at Wed Apr 25 22:06:38 UTC 2018
2 ms. Memory: 397824K Free: 366452K (92%)
ptolemy.util.test.WatchDog.cancel(): canceling Wed Apr 25 22:06:38 UTC 2018
auto.tcl: Setting watchdog for 200 seconds at Wed Apr 25 22:06:38 UTC 2018
3 ms. Memory: 397824K Free: 366452K (92%)
ptolemy.util.test.WatchDog.cancel(): canceling Wed Apr 25 22:06:38 UTC 2018
------------------ testing $PTII/ptolemy/domains/de/test/auto/multirate.xml
auto.tcl: Setting watchdog for 200 seconds at Wed Apr 25 22:06:38 UTC 2018
2 ms. Memory: 396288K Free: 374814K (95%)
ptolemy.util.test.WatchDog.cancel(): canceling Wed Apr 25 22:06:38 UTC 2018
auto.tcl: Setting watchdog for 200 seconds at Wed Apr 25 22:06:38 UTC 2018
2 ms. Memory: 396288K Free: 374814K (95%)
ptolemy.util.test.WatchDog.cancel(): canceling Wed Apr 25 22:06:38 UTC 2018
------------------ testing $PTII/ptolemy/domains/de/test/auto/multirate2.xml
auto.tcl: Setting watchdog for 200 seconds at Wed Apr 25 22:06:38 UTC 2018
6 ms. Memory: 397312K Free: 376019K (95%)
ptolemy.util.test.WatchDog.cancel(): canceling Wed Apr 25 22:06:38 UTC 2018
auto.tcl: Setting watchdog for 200 seconds at Wed Apr 25 22:06:38 UTC 2018
3 ms. Memory: 397312K Free: 376019K (95%)
ptolemy.util.test.WatchDog.cancel(): canceling Wed Apr 25 22:06:38 UTC 2018
------------------ testing $PTII/ptolemy/domains/de/test/auto/realtime.xml
auto.tcl: Setting watchdog for 200 seconds at Wed Apr 25 22:06:38 UTC 2018
10002 ms. Memory: 396288K Free: 380015K (96%)
ptolemy.util.test.WatchDog.cancel(): canceling Wed Apr 25 22:06:48 UTC 2018
auto.tcl: Setting watchdog for 200 seconds at Wed Apr 25 22:06:48 UTC 2018
10001 ms. Memory: 396288K Free: 380015K (96%)
ptolemy.util.test.WatchDog.cancel(): canceling Wed Apr 25 22:06:58 UTC 2018
------------------ testing $PTII/ptolemy/domains/de/test/auto/relationGroup.xml
auto.tcl: Setting watchdog for 200 seconds at Wed Apr 25 22:06:58 UTC 2018
1 ms. Memory: 397312K Free: 381070K (96%)
ptolemy.util.test.WatchDog.cancel(): canceling Wed Apr 25 22:06:58 UTC 2018
auto.tcl: Setting watchdog for 200 seconds at Wed Apr 25 22:06:58 UTC 2018
1 ms. Memory: 397312K Free: 381070K (96%)
ptolemy.util.test.WatchDog.cancel(): canceling Wed Apr 25 22:06:58 UTC 2018
------------------ testing $PTII/ptolemy/domains/de/test/auto/relationGroup2.xml
auto.tcl: Setting watchdog for 200 seconds at Wed Apr 25 22:06:58 UTC 2018
0 ms. Memory: 396288K Free: 380072K (96%)
ptolemy.util.test.WatchDog.cancel(): canceling Wed Apr 25 22:06:58 UTC 2018
auto.tcl: Setting watchdog for 200 seconds at Wed Apr 25 22:06:58 UTC 2018
1 ms. Memory: 396288K Free: 380072K (96%)
ptolemy.util.test.WatchDog.cancel(): canceling Wed Apr 25 22:06:58 UTC 2018
------------------ testing $PTII/ptolemy/domains/de/test/auto/sortWithOpaquePorts.xml
auto.tcl: Setting watchdog for 200 seconds at Wed Apr 25 22:06:58 UTC 2018
1 ms. Memory: 397312K Free: 381097K (96%)
ptolemy.util.test.WatchDog.cancel(): canceling Wed Apr 25 22:06:58 UTC 2018
auto.tcl: Setting watchdog for 200 seconds at Wed Apr 25 22:06:58 UTC 2018
1 ms. Memory: 397312K Free: 381097K (96%)
ptolemy.util.test.WatchDog.cancel(): canceling Wed Apr 25 22:06:58 UTC 2018
------------------ testing $PTII/ptolemy/domains/de/test/auto/transferInputsandOutputs.xml
auto.tcl: Setting watchdog for 200 seconds at Wed Apr 25 22:06:58 UTC 2018
1 ms. Memory: 396288K Free: 375049K (95%)
ptolemy.util.test.WatchDog.cancel(): canceling Wed Apr 25 22:06:58 UTC 2018
auto.tcl: Setting watchdog for 200 seconds at Wed Apr 25 22:06:58 UTC 2018
2 ms. Memory: 396288K Free: 375049K (95%)
ptolemy.util.test.WatchDog.cancel(): canceling Wed Apr 25 22:06:58 UTC 2018
------------------ testing $PTII/ptolemy/domains/de/test/auto/triggerType.xml
auto.tcl: Setting watchdog for 200 seconds at Wed Apr 25 22:06:58 UTC 2018
1 ms. Memory: 396800K Free: 380523K (96%)
ptolemy.util.test.WatchDog.cancel(): canceling Wed Apr 25 22:06:58 UTC 2018
auto.tcl: Setting watchdog for 200 seconds at Wed Apr 25 22:06:58 UTC 2018
1 ms. Memory: 396800K Free: 380523K (96%)
ptolemy.util.test.WatchDog.cancel(): canceling Wed Apr 25 22:06:58 UTC 2018
04/25/18 10:06:59
Failed: 0  Total Tests: 192  ((Passed: 187, Newly Passed: 1)  Known Failed: 5) /home/travis/build/icyphy/ptII/ptolemy/domains/de/test
04/25/18 10:06:59
Failed: 0  Total Tests: 192  ((Passed: 187, Newly Passed: 1)  Known Failed: 5) /home/travis/build/icyphy/ptII/ptolemy/domains/de/test
----------------- testing (KnownFailure) /home/travis/build/icyphy/ptII/ptolemy/domains/de/test/auto/knownFailedTests/DESDFClockTest.xml
2008 ms. Memory: 396288K Free: 367454K (93%)
Known Failure: java.lang.reflect.InvocationTargetException
----------------- testing (KnownFailure) /home/travis/build/icyphy/ptII/ptolemy/domains/de/test/auto/knownFailedTests/DirectFeedback.xml
1 ms. Memory: 396288K Free: 342263K (86%)
Known Failure: java.lang.reflect.InvocationTargetException
----------------- testing (KnownFailure) /home/travis/build/icyphy/ptII/ptolemy/domains/de/test/auto/knownFailedTests/FSMSource.xml
3 ms. Memory: 396288K Free: 317072K (80%)
----------------- testing (KnownFailure) /home/travis/build/icyphy/ptII/ptolemy/domains/de/test/auto/knownFailedTests/HierarchicalModel.xml
2 ms. Memory: 396288K Free: 291861K (74%)
Known Failure: java.lang.reflect.InvocationTargetException
----------------- testing (KnownFailure) /home/travis/build/icyphy/ptII/ptolemy/domains/de/test/auto/knownFailedTests/dependencyLoop.xml
2 ms. Memory: 396288K Free: 254059K (64%)
Known Failure: java.lang.reflect.InvocationTargetException
----------------- testing (KnownFailure) /home/travis/build/icyphy/ptII/ptolemy/domains/de/test/auto/knownFailedTests/dependencyLoop2.xml
1 ms. Memory: 396288K Free: 216257K (55%)
Known Failure: java.lang.reflect.InvocationTargetException
No auto/*.xml tests in /home/travis/build/icyphy/ptII/ptolemy/domains/de/test
AutoTests.java: About to close Vertx.
AutoTests.java: Vertx closed.
----------------- testing Wed Apr 25 22:07:01 UTC 2018 /home/travis/build/icyphy/ptII/ptolemy/domains/de/test/auto/ActorDepthCalculation_actorWithoutPorts.xml
1 ms. Memory: 396288K Free: 184769K (47%)
reloadAllAccessors: .ActorDepthCalculation_actorWithoutPorts
----------------- testing Wed Apr 25 22:07:01 UTC 2018 /home/travis/build/icyphy/ptII/ptolemy/domains/de/test/auto/AssemblyLine.xml
1 ms. Memory: 396288K Free: 165860K (42%)
reloadAllAccessors: .AssemblyLine
----------------- testing Wed Apr 25 22:07:01 UTC 2018 /home/travis/build/icyphy/ptII/ptolemy/domains/de/test/auto/CQBug1.xml
1 ms. Memory: 396288K Free: 153265K (39%)
reloadAllAccessors: .CQBug1
----------------- testing Wed Apr 25 22:07:01 UTC 2018 /home/travis/build/icyphy/ptII/ptolemy/domains/de/test/auto/CancelFireAt.xml
1 ms. Memory: 396288K Free: 140669K (35%)
reloadAllAccessors: .CancelFireAt
----------------- testing Wed Apr 25 22:07:01 UTC 2018 /home/travis/build/icyphy/ptII/ptolemy/domains/de/test/auto/CausalityAndComposabilityAnalysis.xml
1 ms. Memory: 396288K Free: 128074K (32%)
reloadAllAccessors: .CausalityAndComposabilityAnalysis
----------------- testing Wed Apr 25 22:07:01 UTC 2018 /home/travis/build/icyphy/ptII/ptolemy/domains/de/test/auto/CausalityInterface1.xml
3 ms. Memory: 396288K Free: 115479K (29%)
reloadAllAccessors: .CausalityInterface1
----------------- testing Wed Apr 25 22:07:01 UTC 2018 /home/travis/build/icyphy/ptII/ptolemy/domains/de/test/auto/CausalityInterface15.xml
1 ms. Memory: 396288K Free: 102884K (26%)
reloadAllAccessors: .CausalityInterface15
----------------- testing Wed Apr 25 22:07:01 UTC 2018 /home/travis/build/icyphy/ptII/ptolemy/domains/de/test/auto/CausalityInterface2.xml
1 ms. Memory: 396288K Free: 90288K (23%)
reloadAllAccessors: .CausalityInterface2
----------------- testing Wed Apr 25 22:07:01 UTC 2018 /home/travis/build/icyphy/ptII/ptolemy/domains/de/test/auto/CausalityInterface3.xml
2 ms. Memory: 396288K Free: 76493K (19%)
reloadAllAccessors: .CausalityInterface3
----------------- testing Wed Apr 25 22:07:01 UTC 2018 /home/travis/build/icyphy/ptII/ptolemy/domains/de/test/auto/ClockDrift.xml
9 ms. Memory: 382464K Free: 359280K (94%)
reloadAllAccessors: .ClockDrift
----------------- testing Wed Apr 25 22:07:01 UTC 2018 /home/travis/build/icyphy/ptII/ptolemy/domains/de/test/auto/ClockDriftAndValueChange.xml
9 ms. Memory: 382464K Free: 338089K (88%)
reloadAllAccessors: .ClockDriftAndValueChange
----------------- testing Wed Apr 25 22:07:01 UTC 2018 /home/travis/build/icyphy/ptII/ptolemy/domains/de/test/auto/ClockDriftChange.xml
8 ms. Memory: 382464K Free: 320041K (84%)
reloadAllAccessors: .ClockDriftChange
----------------- testing Wed Apr 25 22:07:01 UTC 2018 /home/travis/build/icyphy/ptII/ptolemy/domains/de/test/auto/ComposableCausalityAnalysis.xml
1 ms. Memory: 382464K Free: 308019K (81%)
reloadAllAccessors: .ComposableCausalityAnalysis
----------------- testing Wed Apr 25 22:07:01 UTC 2018 /home/travis/build/icyphy/ptII/ptolemy/domains/de/test/auto/DEFixedPointLimitation.xml
0 ms. Memory: 382464K Free: 295997K (77%)
reloadAllAccessors: .DEFixedPointLimitation
----------------- testing Wed Apr 25 22:07:01 UTC 2018 /home/travis/build/icyphy/ptII/ptolemy/domains/de/test/auto/DEScheduleTest.xml
1 ms. Memory: 382464K Free: 283975K (74%)
reloadAllAccessors: .DEScheduleTest
----------------- testing Wed Apr 25 22:07:01 UTC 2018 /home/travis/build/icyphy/ptII/ptolemy/domains/de/test/auto/DEinDEwithStartTimes.xml
1 ms. Memory: 382464K Free: 271953K (71%)
reloadAllAccessors: .DEinDEwithStartTimes
----------------- testing Wed Apr 25 22:07:01 UTC 2018 /home/travis/build/icyphy/ptII/ptolemy/domains/de/test/auto/DEinDEwithStartTimes2.xml
2 ms. Memory: 382464K Free: 256789K (67%)
reloadAllAccessors: .DEinDEwithStartTimes2
----------------- testing Wed Apr 25 22:07:01 UTC 2018 /home/travis/build/icyphy/ptII/ptolemy/domains/de/test/auto/DateDemo.xml
3 ms. Memory: 382464K Free: 238740K (62%)
reloadAllAccessors: .DateDemo
----------------- testing Wed Apr 25 22:07:01 UTC 2018 /home/travis/build/icyphy/ptII/ptolemy/domains/de/test/auto/DateToEvent.xml
2003 ms. Memory: 382464K Free: 214681K (56%)
reloadAllAccessors: .DateToEvent
----------------- testing Wed Apr 25 22:07:03 UTC 2018 /home/travis/build/icyphy/ptII/ptolemy/domains/de/test/auto/DepthTest1.xml
1 ms. Memory: 382464K Free: 202659K (53%)
[...]
java.lang.RuntimeException: Execution failed
	at ptolemy.moml.MoMLSimpleApplication$UnloadThread.run(MoMLSimpleApplication.java:402)
Caused by: ptolemy.kernel.util.IllegalActionException: Test fails in iteration 1.
Value was: 1.0. Should have been: 2.0
  in .DirectFeedback.Test
	at ptolemy.actor.lib.Test.fire(Test.java:268)
	at ptolemy.domains.de.kernel.DEDirector._fire(DEDirector.java:1948)
	at ptolemy.domains.de.kernel.DEDirector.fire(DEDirector.java:502)
	at ptolemy.actor.CompositeActor.fire(CompositeActor.java:455)
	at ptolemy.actor.Manager.iterate(Manager.java:851)
	at ptolemy.actor.Manager.execute(Manager.java:369)
	at ptolemy.actor.Manager.run(Manager.java:1263)
	at ptolemy.actor.Manager$PtolemyRunThread.run(Manager.java:1915)
java.lang.RuntimeException: Execution failed
	at ptolemy.moml.MoMLSimpleApplication$UnloadThread.run(MoMLSimpleApplication.java:402)
Caused by: ptolemy.kernel.util.IllegalActionException: Actor is not ready to fire.  Perhaps UpSample.prefire() returned false? Try debugging the actor by selecting "Listen to Actor".  Also, for SDF check moml for tokenConsumptionRate on input.
  in .DESDFClockTest.Play Bell.Copy1:SDF Director and .DESDFClockTest.Play Bell.UpSample
	at ptolemy.actor.sched.StaticSchedulingDirector.fire(StaticSchedulingDirector.java:227)
	at ptolemy.domains.sdf.kernel.SDFDirector.fire(SDFDirector.java:500)
	at ptolemy.actor.CompositeActor.fire(CompositeActor.java:455)
	at ptolemy.domains.de.kernel.DEDirector._fire(DEDirector.java:1948)
	at ptolemy.domains.de.kernel.DEDirector.fire(DEDirector.java:502)
	at ptolemy.actor.CompositeActor.fire(CompositeActor.java:455)
	at ptolemy.actor.Manager.iterate(Manager.java:851)
	at ptolemy.actor.Manager.execute(Manager.java:369)
	at ptolemy.actor.Manager.run(Manager.java:1263)
	at ptolemy.actor.Manager$PtolemyRunThread.run(Manager.java:1915)
java.lang.reflect.InvocationTargetException
	at sun.reflect.NativeConstructorAccessorImpl.newInstance0(Native Method)
	at sun.reflect.NativeConstructorAccessorImpl.newInstance(NativeConstructorAccessorImpl.java:62)
	at sun.reflect.DelegatingConstructorAccessorImpl.newInstance(DelegatingConstructorAccessorImpl.java:45)
	at java.lang.reflect.Constructor.newInstance(Constructor.java:423)
	at ptolemy.util.test.junit.AutoKnownFailedTests.RunModel(AutoKnownFailedTests.java:107)
	at sun.reflect.NativeMethodAccessorImpl.invoke0(Native Method)
	at sun.reflect.NativeMethodAccessorImpl.invoke(NativeMethodAccessorImpl.java:62)
	at sun.reflect.DelegatingMethodAccessorImpl.invoke(DelegatingMethodAccessorImpl.java:43)
	at java.lang.reflect.Method.invoke(Method.java:498)
	at org.junit.runners.model.FrameworkMethod$1.runReflectiveCall(FrameworkMethod.java:44)
	at org.junit.internal.runners.model.ReflectiveCallable.run(ReflectiveCallable.java:15)
	at org.junit.runners.model.FrameworkMethod.invokeExplosively(FrameworkMethod.java:41)
	at junitparams.internal.InvokeParameterisedMethod.evaluate(InvokeParameterisedMethod.java:102)
	at org.junit.internal.runners.statements.FailOnTimeout$1.run(FailOnTimeout.java:28)
Caused by: ptolemy.kernel.util.IllegalActionException: Actor is not ready to fire.  Perhaps UpSample.prefire() returned false? Try debugging the actor by selecting "Listen to Actor".  Also, for SDF check moml for tokenConsumptionRate on input.
  in .DESDFClockTest.Play Bell.Copy1:SDF Director and .DESDFClockTest.Play Bell.UpSample
	at ptolemy.actor.sched.StaticSchedulingDirector.fire(StaticSchedulingDirector.java:227)
	at ptolemy.domains.sdf.kernel.SDFDirector.fire(SDFDirector.java:500)
	at ptolemy.actor.CompositeActor.fire(CompositeActor.java:455)
	at ptolemy.domains.de.kernel.DEDirector._fire(DEDirector.java:1948)
	at ptolemy.domains.de.kernel.DEDirector.fire(DEDirector.java:502)
	at ptolemy.actor.CompositeActor.fire(CompositeActor.java:455)
	at ptolemy.actor.Manager.iterate(Manager.java:851)
	at ptolemy.actor.Manager.execute(Manager.java:369)
	at ptolemy.actor.Manager.run(Manager.java:1263)
	at ptolemy.actor.Manager$PtolemyRunThread.run(Manager.java:1915)
java.lang.RuntimeException: Execution failed
	at ptolemy.moml.MoMLSimpleApplication$UnloadThread.run(MoMLSimpleApplication.java:402)
Caused by: ptolemy.kernel.util.IllegalActionException: Test fails in iteration 1.
Value was: 1.0. Should have been: 2.0
  in .DirectFeedback.Test
	at ptolemy.actor.lib.Test.fire(Test.java:268)
	at ptolemy.domains.de.kernel.DEDirector._fire(DEDirector.java:1948)
	at ptolemy.domains.de.kernel.DEDirector.fire(DEDirector.java:502)
	at ptolemy.actor.CompositeActor.fire(CompositeActor.java:455)
	at ptolemy.actor.Manager.iterate(Manager.java:851)
	at ptolemy.actor.Manager.execute(Manager.java:369)
	at ptolemy.actor.Manager.run(Manager.java:1263)
	at ptolemy.actor.Manager$PtolemyRunThread.run(Manager.java:1915)
java.lang.reflect.InvocationTargetException
	at sun.reflect.NativeConstructorAccessorImpl.newInstance0(Native Method)
	at sun.reflect.NativeConstructorAccessorImpl.newInstance(NativeConstructorAccessorImpl.java:62)
	at sun.reflect.DelegatingConstructorAccessorImpl.newInstance(DelegatingConstructorAccessorImpl.java:45)
	at java.lang.reflect.Constructor.newInstance(Constructor.java:423)
	at ptolemy.util.test.junit.AutoKnownFailedTests.RunModel(AutoKnownFailedTests.java:107)
	at sun.reflect.NativeMethodAccessorImpl.invoke0(Native Method)
	at sun.reflect.NativeMethodAccessorImpl.invoke(NativeMethodAccessorImpl.java:62)
	at sun.reflect.DelegatingMethodAccessorImpl.invoke(DelegatingMethodAccessorImpl.java:43)
	at java.lang.reflect.Method.invoke(Method.java:498)
	at org.junit.runners.model.FrameworkMethod$1.runReflectiveCall(FrameworkMethod.java:44)
	at org.junit.internal.runners.model.ReflectiveCallable.run(ReflectiveCallable.java:15)
	at org.junit.runners.model.FrameworkMethod.invokeExplosively(FrameworkMethod.java:41)
	at junitparams.internal.InvokeParameterisedMethod.evaluate(InvokeParameterisedMethod.java:102)
	at org.junit.internal.runners.statements.FailOnTimeout$1.run(FailOnTimeout.java:28)
Caused by: ptolemy.kernel.util.IllegalActionException: Test fails in iteration 1.
Value was: 1.0. Should have been: 2.0
  in .DirectFeedback.Test
	at ptolemy.actor.lib.Test.fire(Test.java:268)
	at ptolemy.domains.de.kernel.DEDirector._fire(DEDirector.java:1948)
	at ptolemy.domains.de.kernel.DEDirector.fire(DEDirector.java:502)
	at ptolemy.actor.CompositeActor.fire(CompositeActor.java:455)
	at ptolemy.actor.Manager.iterate(Manager.java:851)
	at ptolemy.actor.Manager.execute(Manager.java:369)
	at ptolemy.actor.Manager.run(Manager.java:1263)
	at ptolemy.actor.Manager$PtolemyRunThread.run(Manager.java:1915)
java.lang.RuntimeException: Execution failed
	at ptolemy.moml.MoMLSimpleApplication$UnloadThread.run(MoMLSimpleApplication.java:402)
Caused by: ptolemy.kernel.util.IllegalActionException: Found a zero delay loop containing .HierarchicalModel.A
  in .HierarchicalModel and .HierarchicalModel.A
	at ptolemy.actor.util.CausalityInterfaceForComposites._computeOutputPortDepth(CausalityInterfaceForComposites.java:759)
	at ptolemy.actor.util.CausalityInterfaceForComposites._computeInputDepth(CausalityInterfaceForComposites.java:696)
	at ptolemy.actor.util.CausalityInterfaceForComposites._computeOutputPortDepth(CausalityInterfaceForComposites.java:765)
	at ptolemy.actor.util.CausalityInterfaceForComposites._computeInputDepth(CausalityInterfaceForComposites.java:696)
	at ptolemy.actor.util.CausalityInterfaceForComposites._computeOutputPortDepth(CausalityInterfaceForComposites.java:765)
	at ptolemy.actor.util.CausalityInterfaceForComposites._computeInputDepth(CausalityInterfaceForComposites.java:696)
	at ptolemy.actor.util.CausalityInterfaceForComposites._computeActorDepth(CausalityInterfaceForComposites.java:532)
	at ptolemy.actor.util.CausalityInterfaceForComposites.checkForCycles(CausalityInterfaceForComposites.java:96)
	at ptolemy.domains.de.kernel.DEDirector.preinitialize(DEDirector.java:1337)
	at ptolemy.actor.CompositeActor.preinitialize(CompositeActor.java:1828)
	at ptolemy.actor.Manager.preinitializeAndResolveTypes(Manager.java:1040)
	at ptolemy.actor.Manager.initialize(Manager.java:710)
	at ptolemy.actor.Manager.execute(Manager.java:356)
	at ptolemy.actor.Manager.run(Manager.java:1263)
	at ptolemy.actor.Manager$PtolemyRunThread.run(Manager.java:1915)
java.lang.reflect.InvocationTargetException
	at sun.reflect.NativeConstructorAccessorImpl.newInstance0(Native Method)
	at sun.reflect.NativeConstructorAccessorImpl.newInstance(NativeConstructorAccessorImpl.java:62)
	at sun.reflect.DelegatingConstructorAccessorImpl.newInstance(DelegatingConstructorAccessorImpl.java:45)
	at java.lang.reflect.Constructor.newInstance(Constructor.java:423)
	at ptolemy.util.test.junit.AutoKnownFailedTests.RunModel(AutoKnownFailedTests.java:107)
	at sun.reflect.NativeMethodAccessorImpl.invoke0(Native Method)
	at sun.reflect.NativeMethodAccessorImpl.invoke(NativeMethodAccessorImpl.java:62)
	at sun.reflect.DelegatingMethodAccessorImpl.invoke(DelegatingMethodAccessorImpl.java:43)
	at java.lang.reflect.Method.invoke(Method.java:498)
	at org.junit.runners.model.FrameworkMethod$1.runReflectiveCall(FrameworkMethod.java:44)
	at org.junit.internal.runners.model.ReflectiveCallable.run(ReflectiveCallable.java:15)
	at org.junit.runners.model.FrameworkMethod.invokeExplosively(FrameworkMethod.java:41)
	at junitparams.internal.InvokeParameterisedMethod.evaluate(InvokeParameterisedMethod.java:102)
	at org.junit.internal.runners.statements.FailOnTimeout$1.run(FailOnTimeout.java:28)
Caused by: ptolemy.kernel.util.IllegalActionException: Found a zero delay loop containing .HierarchicalModel.A
  in .HierarchicalModel and .HierarchicalModel.A
	at ptolemy.actor.util.CausalityInterfaceForComposites._computeOutputPortDepth(CausalityInterfaceForComposites.java:759)
	at ptolemy.actor.util.CausalityInterfaceForComposites._computeInputDepth(CausalityInterfaceForComposites.java:696)
	at ptolemy.actor.util.CausalityInterfaceForComposites._computeOutputPortDepth(CausalityInterfaceForComposites.java:765)
	at ptolemy.actor.util.CausalityInterfaceForComposites._computeInputDepth(CausalityInterfaceForComposites.java:696)
	at ptolemy.actor.util.CausalityInterfaceForComposites._computeOutputPortDepth(CausalityInterfaceForComposites.java:765)
	at ptolemy.actor.util.CausalityInterfaceForComposites._computeInputDepth(CausalityInterfaceForComposites.java:696)
	at ptolemy.actor.util.CausalityInterfaceForComposites._computeActorDepth(CausalityInterfaceForComposites.java:532)
	at ptolemy.actor.util.CausalityInterfaceForComposites.checkForCycles(CausalityInterfaceForComposites.java:96)
	at ptolemy.domains.de.kernel.DEDirector.preinitialize(DEDirector.java:1337)
	at ptolemy.actor.CompositeActor.preinitialize(CompositeActor.java:1828)
	at ptolemy.actor.Manager.preinitializeAndResolveTypes(Manager.java:1040)
	at ptolemy.actor.Manager.initialize(Manager.java:710)
	at ptolemy.actor.Manager.execute(Manager.java:356)
	at ptolemy.actor.Manager.run(Manager.java:1263)
	at ptolemy.actor.Manager$PtolemyRunThread.run(Manager.java:1915)
java.lang.RuntimeException: Execution failed
	at ptolemy.moml.MoMLSimpleApplication$UnloadThread.run(MoMLSimpleApplication.java:402)
Caused by: ptolemy.kernel.util.IllegalActionException: Found a zero delay loop containing .dependencyLoop.original
  in .dependencyLoop and .dependencyLoop.original
	at ptolemy.actor.util.CausalityInterfaceForComposites._computeOutputPortDepth(CausalityInterfaceForComposites.java:759)
	at ptolemy.actor.util.CausalityInterfaceForComposites._computeInputDepth(CausalityInterfaceForComposites.java:696)
	at ptolemy.actor.util.CausalityInterfaceForComposites._computeOutputPortDepth(CausalityInterfaceForComposites.java:765)
	at ptolemy.actor.util.CausalityInterfaceForComposites._computeInputDepth(CausalityInterfaceForComposites.java:696)
	at ptolemy.actor.util.CausalityInterfaceForComposites._computeOutputPortDepth(CausalityInterfaceForComposites.java:765)
	at ptolemy.actor.util.CausalityInterfaceForComposites._computeInputDepth(CausalityInterfaceForComposites.java:696)
	at ptolemy.actor.util.CausalityInterfaceForComposites._computeActorDepth(CausalityInterfaceForComposites.java:532)
	at ptolemy.actor.util.CausalityInterfaceForComposites.checkForCycles(CausalityInterfaceForComposites.java:96)
	at ptolemy.domains.de.kernel.DEDirector.preinitialize(DEDirector.java:1337)
	at ptolemy.actor.CompositeActor.preinitialize(CompositeActor.java:1828)
	at ptolemy.actor.Manager.preinitializeAndResolveTypes(Manager.java:1040)
	at ptolemy.actor.Manager.initialize(Manager.java:710)
	at ptolemy.actor.Manager.execute(Manager.java:356)
	at ptolemy.actor.Manager.run(Manager.java:1263)
	at ptolemy.actor.Manager$PtolemyRunThread.run(Manager.java:1915)
java.lang.reflect.InvocationTargetException
	at sun.reflect.NativeConstructorAccessorImpl.newInstance0(Native Method)
	at sun.reflect.NativeConstructorAccessorImpl.newInstance(NativeConstructorAccessorImpl.java:62)
	at sun.reflect.DelegatingConstructorAccessorImpl.newInstance(DelegatingConstructorAccessorImpl.java:45)
	at java.lang.reflect.Constructor.newInstance(Constructor.java:423)
	at ptolemy.util.test.junit.AutoKnownFailedTests.RunModel(AutoKnownFailedTests.java:107)
	at sun.reflect.NativeMethodAccessorImpl.invoke0(Native Method)
	at sun.reflect.NativeMethodAccessorImpl.invoke(NativeMethodAccessorImpl.java:62)
	at sun.reflect.DelegatingMethodAccessorImpl.invoke(DelegatingMethodAccessorImpl.java:43)
	at java.lang.reflect.Method.invoke(Method.java:498)
	at org.junit.runners.model.FrameworkMethod$1.runReflectiveCall(FrameworkMethod.java:44)
	at org.junit.internal.runners.model.ReflectiveCallable.run(ReflectiveCallable.java:15)
	at org.junit.runners.model.FrameworkMethod.invokeExplosively(FrameworkMethod.java:41)
	at junitparams.internal.InvokeParameterisedMethod.evaluate(InvokeParameterisedMethod.java:102)
	at org.junit.internal.runners.statements.FailOnTimeout$1.run(FailOnTimeout.java:28)
Caused by: ptolemy.kernel.util.IllegalActionException: Found a zero delay loop containing .dependencyLoop.original
  in .dependencyLoop and .dependencyLoop.original
	at ptolemy.actor.util.CausalityInterfaceForComposites._computeOutputPortDepth(CausalityInterfaceForComposites.java:759)
	at ptolemy.actor.util.CausalityInterfaceForComposites._computeInputDepth(CausalityInterfaceForComposites.java:696)
	at ptolemy.actor.util.CausalityInterfaceForComposites._computeOutputPortDepth(CausalityInterfaceForComposites.java:765)
	at ptolemy.actor.util.CausalityInterfaceForComposites._computeInputDepth(CausalityInterfaceForComposites.java:696)
	at ptolemy.actor.util.CausalityInterfaceForComposites._computeOutputPortDepth(CausalityInterfaceForComposites.java:765)
	at ptolemy.actor.util.CausalityInterfaceForComposites._computeInputDepth(CausalityInterfaceForComposites.java:696)
	at ptolemy.actor.util.CausalityInterfaceForComposites._computeActorDepth(CausalityInterfaceForComposites.java:532)
	at ptolemy.actor.util.CausalityInterfaceForComposites.checkForCycles(CausalityInterfaceForComposites.java:96)
	at ptolemy.domains.de.kernel.DEDirector.preinitialize(DEDirector.java:1337)
	at ptolemy.actor.CompositeActor.preinitialize(CompositeActor.java:1828)
	at ptolemy.actor.Manager.preinitializeAndResolveTypes(Manager.java:1040)
	at ptolemy.actor.Manager.initialize(Manager.java:710)
	at ptolemy.actor.Manager.execute(Manager.java:356)
	at ptolemy.actor.Manager.run(Manager.java:1263)
	at ptolemy.actor.Manager$PtolemyRunThread.run(Manager.java:1915)
java.lang.RuntimeException: Execution failed
	at ptolemy.moml.MoMLSimpleApplication$UnloadThread.run(MoMLSimpleApplication.java:402)
Caused by: ptolemy.kernel.util.IllegalActionException: Found a zero delay loop containing .dependencyLoop2.original
  in .dependencyLoop2 and .dependencyLoop2.original
	at ptolemy.actor.util.CausalityInterfaceForComposites._computeOutputPortDepth(CausalityInterfaceForComposites.java:759)
	at ptolemy.actor.util.CausalityInterfaceForComposites._computeInputDepth(CausalityInterfaceForComposites.java:696)
	at ptolemy.actor.util.CausalityInterfaceForComposites._computeOutputPortDepth(CausalityInterfaceForComposites.java:765)
	at ptolemy.actor.util.CausalityInterfaceForComposites._computeInputDepth(CausalityInterfaceForComposites.java:696)
	at ptolemy.actor.util.CausalityInterfaceForComposites._computeOutputPortDepth(CausalityInterfaceForComposites.java:765)
	at ptolemy.actor.util.CausalityInterfaceForComposites._computeInputDepth(CausalityInterfaceForComposites.java:696)
	at ptolemy.actor.util.CausalityInterfaceForComposites._computeActorDepth(CausalityInterfaceForComposites.java:532)
	at ptolemy.actor.util.CausalityInterfaceForComposites.checkForCycles(CausalityInterfaceForComposites.java:96)
	at ptolemy.domains.de.kernel.DEDirector.preinitialize(DEDirector.java:1337)
	at ptolemy.actor.CompositeActor.preinitialize(CompositeActor.java:1828)
	at ptolemy.actor.Manager.preinitializeAndResolveTypes(Manager.java:1040)
	at ptolemy.actor.Manager.initialize(Manager.java:710)
	at ptolemy.actor.Manager.execute(Manager.java:356)
	at ptolemy.actor.Manager.run(Manager.java:1263)
	at ptolemy.actor.Manager$PtolemyRunThread.run(Manager.java:1915)
java.lang.reflect.InvocationTargetException
	at sun.reflect.NativeConstructorAccessorImpl.newInstance0(Native Method)
	at sun.reflect.NativeConstructorAccessorImpl.newInstance(NativeConstructorAccessorImpl.java:62)
	at sun.reflect.DelegatingConstructorAccessorImpl.newInstance(DelegatingConstructorAccessorImpl.java:45)
	at java.lang.reflect.Constructor.newInstance(Constructor.java:423)
	at ptolemy.util.test.junit.AutoKnownFailedTests.RunModel(AutoKnownFailedTests.java:107)
	at sun.reflect.NativeMethodAccessorImpl.invoke0(Native Method)
	at sun.reflect.NativeMethodAccessorImpl.invoke(NativeMethodAccessorImpl.java:62)
	at sun.reflect.DelegatingMethodAccessorImpl.invoke(DelegatingMethodAccessorImpl.java:43)
	at java.lang.reflect.Method.invoke(Method.java:498)
	at org.junit.runners.model.FrameworkMethod$1.runReflectiveCall(FrameworkMethod.java:44)
	at org.junit.internal.runners.model.ReflectiveCallable.run(ReflectiveCallable.java:15)
	at org.junit.runners.model.FrameworkMethod.invokeExplosively(FrameworkMethod.java:41)
	at junitparams.internal.InvokeParameterisedMethod.evaluate(InvokeParameterisedMethod.java:102)
	at org.junit.internal.runners.statements.FailOnTimeout$1.run(FailOnTimeout.java:28)
Caused by: ptolemy.kernel.util.IllegalActionException: Found a zero delay loop containing .dependencyLoop2.original
  in .dependencyLoop2 and .dependencyLoop2.original
	at ptolemy.actor.util.CausalityInterfaceForComposites._computeOutputPortDepth(CausalityInterfaceForComposites.java:759)
	at ptolemy.actor.util.CausalityInterfaceForComposites._computeInputDepth(CausalityInterfaceForComposites.java:696)
	at ptolemy.actor.util.CausalityInterfaceForComposites._computeOutputPortDepth(CausalityInterfaceForComposites.java:765)
	at ptolemy.actor.util.CausalityInterfaceForComposites._computeInputDepth(CausalityInterfaceForComposites.java:696)
	at ptolemy.actor.util.CausalityInterfaceForComposites._computeOutputPortDepth(CausalityInterfaceForComposites.java:765)
	at ptolemy.actor.util.CausalityInterfaceForComposites._computeInputDepth(CausalityInterfaceForComposites.java:696)
	at ptolemy.actor.util.CausalityInterfaceForComposites._computeActorDepth(CausalityInterfaceForComposites.java:532)
	at ptolemy.actor.util.CausalityInterfaceForComposites.checkForCycles(CausalityInterfaceForComposites.java:96)
	at ptolemy.domains.de.kernel.DEDirector.preinitialize(DEDirector.java:1337)
	at ptolemy.actor.CompositeActor.preinitialize(CompositeActor.java:1828)
	at ptolemy.actor.Manager.preinitializeAndResolveTypes(Manager.java:1040)
	at ptolemy.actor.Manager.initialize(Manager.java:710)
	at ptolemy.actor.Manager.execute(Manager.java:356)
	at ptolemy.actor.Manager.run(Manager.java:1263)
	at ptolemy.actor.Manager$PtolemyRunThread.run(Manager.java:1915)
]]></system-err>
</testsuite>
