<?xml version="1.0" encoding="UTF-8" ?>
<testsuite errors="0" failures="0" hostname="travis-job-5e366d6b-336e-4050-9939-e66629b4f274" name="ptolemy.actor.lib.fmi.test.junit.JUnitTclTest" skipped="0" tests="63" time="18.86" timestamp="2018-05-03T00:41:09">
  <properties>
[...]
</properties>
  <testcase classname="ptolemy.util.test.junit.TclTests" name="[0] /home/travis/build/icyphy/ptII/ptolemy/actor/lib/fmi/test/FMUImport.tcl (RunTclFile)" time="1.964" />
  <testcase classname="ptolemy.util.test.junit.TclTests" name="[1] /home/travis/build/icyphy/ptII/ptolemy/actor/lib/fmi/test/FMUQSS.tcl (RunTclFile)" time="0.046" />
  <testcase classname="ptolemy.util.test.junit.AutoKnownFailedTests" name="[0] /home/travis/build/icyphy/ptII/ptolemy/actor/lib/fmi/test/auto/knownFailedTests/FMUContinuousInc20.xml (RunModel)" time="0.098" />
  <testcase classname="ptolemy.util.test.junit.AutoNameArchTests" name="[0] /home/travis/build/icyphy/ptII/ptolemy/actor/lib/fmi/test/auto/linux-amd64/FMUQSSAirOulet1_QSS1.xml (RunModel)" time="1.048" />
  <testcase classname="ptolemy.util.test.junit.AutoNameArchTests" name="[1] /home/travis/build/icyphy/ptII/ptolemy/actor/lib/fmi/test/auto/linux-amd64/FMUQSSAirToOulet1_QSS1.xml (RunModel)" time="0.774" />
  <testcase classname="ptolemy.util.test.junit.AutoNameArchTests" name="[2] /home/travis/build/icyphy/ptII/ptolemy/actor/lib/fmi/test/auto/linux-amd64/FMUQSSAirToOulet2_QSS1.xml (RunModel)" time="1.833" />
  <testcase classname="ptolemy.util.test.junit.AutoNameArchTests" name="[3] /home/travis/build/icyphy/ptII/ptolemy/actor/lib/fmi/test/auto/linux-amd64/FMUQSSStateEvent1_QSS1.xml (RunModel)" time="0.141" />
  <testcase classname="ptolemy.util.test.junit.AutoNameArchTests" name="[4] /home/travis/build/icyphy/ptII/ptolemy/actor/lib/fmi/test/auto/linux-amd64/FMUQSSStateEvent1_QSS2.xml (RunModel)" time="1.09" />
  <testcase classname="ptolemy.util.test.junit.AutoNameArchTests" name="[5] /home/travis/build/icyphy/ptII/ptolemy/actor/lib/fmi/test/auto/linux-amd64/FMUQSSStateEvent1_QSS3.xml (RunModel)" time="0.205" />
  <testcase classname="ptolemy.util.test.junit.AutoNameArchTests" name="[6] /home/travis/build/icyphy/ptII/ptolemy/actor/lib/fmi/test/auto/linux-amd64/FMUQSSStateEvent2_QSS1.xml (RunModel)" time="0.566" />
  <testcase classname="ptolemy.util.test.junit.AutoNameArchTests" name="[7] /home/travis/build/icyphy/ptII/ptolemy/actor/lib/fmi/test/auto/linux-amd64/FMUQSSStateEvent2_QSS2.xml (RunModel)" time="0.881" />
  <testcase classname="ptolemy.util.test.junit.AutoNameArchTests" name="[8] /home/travis/build/icyphy/ptII/ptolemy/actor/lib/fmi/test/auto/linux-amd64/FMUQSSStateEvent4_QSS1.xml (RunModel)" time="0.164" />
  <testcase classname="ptolemy.util.test.junit.AutoNameArchTests" name="[9] /home/travis/build/icyphy/ptII/ptolemy/actor/lib/fmi/test/auto/linux-amd64/FMUQSSStateEvent4_QSS2.xml (RunModel)" time="0.104" />
  <testcase classname="ptolemy.util.test.junit.AutoNameArchTests" name="[10] /home/travis/build/icyphy/ptII/ptolemy/actor/lib/fmi/test/auto/linux-amd64/FMUQSSStateEvent4_QSS3.xml (RunModel)" time="0.109" />
  <testcase classname="ptolemy.util.test.junit.AutoNameArchTests" name="[11] /home/travis/build/icyphy/ptII/ptolemy/actor/lib/fmi/test/auto/linux-amd64/FMUQSSStateEvent5_QSS1.xml (RunModel)" time="0.207" />
  <testcase classname="ptolemy.util.test.junit.AutoNameArchTests" name="[12] /home/travis/build/icyphy/ptII/ptolemy/actor/lib/fmi/test/auto/linux-amd64/FMUQSSStateEvent5_QSS2.xml (RunModel)" time="0.427" />
  <testcase classname="ptolemy.util.test.junit.AutoNameArchTests" name="[13] /home/travis/build/icyphy/ptII/ptolemy/actor/lib/fmi/test/auto/linux-amd64/FMUQSSStateEvent5_QSS3.xml (RunModel)" time="0.096" />
  <testcase classname="ptolemy.util.test.junit.AutoNameArchTests" name="[14] /home/travis/build/icyphy/ptII/ptolemy/actor/lib/fmi/test/auto/linux-amd64/FMUQSSStateEvent6_QSS1.xml (RunModel)" time="0.706" />
  <testcase classname="ptolemy.util.test.junit.AutoNameArchTests" name="[15] /home/travis/build/icyphy/ptII/ptolemy/actor/lib/fmi/test/auto/linux-amd64/FMUQSSStateEvent6_QSS2.xml (RunModel)" time="0.701" />
  <testcase classname="ptolemy.util.test.junit.AutoTests" name="[0] /home/travis/build/icyphy/ptII/ptolemy/actor/lib/fmi/test/auto/FMU30Inc.xml (RunModel)" time="0.624" />
  <testcase classname="ptolemy.util.test.junit.AutoTests" name="[1] /home/travis/build/icyphy/ptII/ptolemy/actor/lib/fmi/test/auto/FMUBouncingBall.xml (RunModel)" time="0.136" />
  <testcase classname="ptolemy.util.test.junit.AutoTests" name="[2] /home/travis/build/icyphy/ptII/ptolemy/actor/lib/fmi/test/auto/FMUBouncingBallME20.xml (RunModel)" time="0.196" />
  <testcase classname="ptolemy.util.test.junit.AutoTests" name="[3] /home/travis/build/icyphy/ptII/ptolemy/actor/lib/fmi/test/auto/FMUDQ.xml (RunModel)" time="0.044" />
  <testcase classname="ptolemy.util.test.junit.AutoTests" name="[4] /home/travis/build/icyphy/ptII/ptolemy/actor/lib/fmi/test/auto/FMUDq20.xml (RunModel)" time="0.077" />
  <testcase classname="ptolemy.util.test.junit.AutoTests" name="[5] /home/travis/build/icyphy/ptII/ptolemy/actor/lib/fmi/test/auto/FMUDqME20.xml (RunModel)" time="0.039" />
  <testcase classname="ptolemy.util.test.junit.AutoTests" name="[6] /home/travis/build/icyphy/ptII/ptolemy/actor/lib/fmi/test/auto/FMUFourInputsFourOutputsME20.xml (RunModel)" time="0.041" />
  <testcase classname="ptolemy.util.test.junit.AutoTests" name="[7] /home/travis/build/icyphy/ptII/ptolemy/actor/lib/fmi/test/auto/FMUHeaterFlowResistance.xml (RunModel)" time="0.179" />
  <testcase classname="ptolemy.util.test.junit.AutoTests" name="[8] /home/travis/build/icyphy/ptII/ptolemy/actor/lib/fmi/test/auto/FMUHelloWorld.xml (RunModel)" time="0.024" />
  <testcase classname="ptolemy.util.test.junit.AutoTests" name="[9] /home/travis/build/icyphy/ptII/ptolemy/actor/lib/fmi/test/auto/FMUHelloWorldUnBuilt.xml (RunModel)" time="0.091" />
  <testcase classname="ptolemy.util.test.junit.AutoTests" name="[10] /home/travis/build/icyphy/ptII/ptolemy/actor/lib/fmi/test/auto/FMUInc.xml (RunModel)" time="0.02" />
  <testcase classname="ptolemy.util.test.junit.AutoTests" name="[11] /home/travis/build/icyphy/ptII/ptolemy/actor/lib/fmi/test/auto/FMUInc2.xml (RunModel)" time="0.024" />
  <testcase classname="ptolemy.util.test.junit.AutoTests" name="[12] /home/travis/build/icyphy/ptII/ptolemy/actor/lib/fmi/test/auto/FMUIncME1.xml (RunModel)" time="0.031" />
  <testcase classname="ptolemy.util.test.junit.AutoTests" name="[13] /home/travis/build/icyphy/ptII/ptolemy/actor/lib/fmi/test/auto/FMUIncME20.xml (RunModel)" time="0.028" />
  <testcase classname="ptolemy.util.test.junit.AutoTests" name="[14] /home/travis/build/icyphy/ptII/ptolemy/actor/lib/fmi/test/auto/FMUIncScale20RC1pt.xml (RunModel)" time="0.031" />
  <testcase classname="ptolemy.util.test.junit.AutoTests" name="[15] /home/travis/build/icyphy/ptII/ptolemy/actor/lib/fmi/test/auto/FMULevelStairs.xml (RunModel)" time="0.063" />
  <testcase classname="ptolemy.util.test.junit.AutoTests" name="[16] /home/travis/build/icyphy/ptII/ptolemy/actor/lib/fmi/test/auto/FMUPumpConstantSpeed.xml (RunModel)" time="0.136" />
  <testcase classname="ptolemy.util.test.junit.AutoTests" name="[17] /home/travis/build/icyphy/ptII/ptolemy/actor/lib/fmi/test/auto/FMUQSSTankOpen.xml (RunModel)" time="2.604" />
  <testcase classname="ptolemy.util.test.junit.AutoTests" name="[18] /home/travis/build/icyphy/ptII/ptolemy/actor/lib/fmi/test/auto/FMUSDFBouncingBall.xml (RunModel)" time="0.024" />
  <testcase classname="ptolemy.util.test.junit.AutoTests" name="[19] /home/travis/build/icyphy/ptII/ptolemy/actor/lib/fmi/test/auto/FMUSDFBouncingBall20.xml (RunModel)" time="0.233" />
  <testcase classname="ptolemy.util.test.junit.AutoTests" name="[20] /home/travis/build/icyphy/ptII/ptolemy/actor/lib/fmi/test/auto/FMUSDFBouncingBall20RC1.xml (RunModel)" time="0.034" />
  <testcase classname="ptolemy.util.test.junit.AutoTests" name="[21] /home/travis/build/icyphy/ptII/ptolemy/actor/lib/fmi/test/auto/FMUSDFInc20.xml (RunModel)" time="0.03" />
  <testcase classname="ptolemy.util.test.junit.AutoTests" name="[22] /home/travis/build/icyphy/ptII/ptolemy/actor/lib/fmi/test/auto/FMUStairs.xml (RunModel)" time="0.038" />
  <testcase classname="ptolemy.util.test.junit.AutoTests" name="[23] /home/travis/build/icyphy/ptII/ptolemy/actor/lib/fmi/test/auto/FMUStepCounter1.xml (RunModel)" time="0.109" />
  <testcase classname="ptolemy.util.test.junit.AutoTests" name="[24] /home/travis/build/icyphy/ptII/ptolemy/actor/lib/fmi/test/auto/FMUStepCounter2.xml (RunModel)" time="0.127" />
  <testcase classname="ptolemy.util.test.junit.AutoTests" name="[25] /home/travis/build/icyphy/ptII/ptolemy/actor/lib/fmi/test/auto/FMUStepCounterContinuous1.xml (RunModel)" time="0.038" />
  <testcase classname="ptolemy.util.test.junit.AutoTests" name="[26] /home/travis/build/icyphy/ptII/ptolemy/actor/lib/fmi/test/auto/FMUStepCounterContinuous2.xml (RunModel)" time="0.022" />
  <testcase classname="ptolemy.util.test.junit.AutoTests" name="[27] /home/travis/build/icyphy/ptII/ptolemy/actor/lib/fmi/test/auto/FMUStepCounterContinuousTwoFMUs1.xml (RunModel)" time="0.025" />
  <testcase classname="ptolemy.util.test.junit.AutoTests" name="[28] /home/travis/build/icyphy/ptII/ptolemy/actor/lib/fmi/test/auto/FMUStepCounterContinuousTwoFMUs2.xml (RunModel)" time="0.021" />
  <testcase classname="ptolemy.util.test.junit.AutoTests" name="[29] /home/travis/build/icyphy/ptII/ptolemy/actor/lib/fmi/test/auto/FMUStepCounterExtendedFMI.xml (RunModel)" time="0.119" />
  <testcase classname="ptolemy.util.test.junit.AutoTests" name="[30] /home/travis/build/icyphy/ptII/ptolemy/actor/lib/fmi/test/auto/FMUStepCounterPeriodInNameContinuous2.xml (RunModel)" time="0.115" />
  <testcase classname="ptolemy.util.test.junit.AutoTests" name="[31] /home/travis/build/icyphy/ptII/ptolemy/actor/lib/fmi/test/auto/FMUTankOpen.xml (RunModel)" time="0.053" />
  <testcase classname="ptolemy.util.test.junit.AutoTests" name="[32] /home/travis/build/icyphy/ptII/ptolemy/actor/lib/fmi/test/auto/FMUTwoBallCollision.xml (RunModel)" time="0.345" />
  <testcase classname="ptolemy.util.test.junit.AutoTests" name="[33] /home/travis/build/icyphy/ptII/ptolemy/actor/lib/fmi/test/auto/FMUValues.xml (RunModel)" time="0.055" />
  <testcase classname="ptolemy.util.test.junit.AutoTests" name="[34] /home/travis/build/icyphy/ptII/ptolemy/actor/lib/fmi/test/auto/FMUValues20.xml (RunModel)" time="0.067" />
  <testcase classname="ptolemy.util.test.junit.AutoTests" name="[35] /home/travis/build/icyphy/ptII/ptolemy/actor/lib/fmi/test/auto/FMUValuesME20.xml (RunModel)" time="0.083" />
  <testcase classname="ptolemy.util.test.junit.AutoTests" name="[36] /home/travis/build/icyphy/ptII/ptolemy/actor/lib/fmi/test/auto/FMUVanDerPol.xml (RunModel)" time="0.024" />
  <testcase classname="ptolemy.util.test.junit.AutoTests" name="[37] /home/travis/build/icyphy/ptII/ptolemy/actor/lib/fmi/test/auto/FMUVanDerPol20.xml (RunModel)" time="0.104" />
  <testcase classname="ptolemy.util.test.junit.AutoTests" name="[38] /home/travis/build/icyphy/ptII/ptolemy/actor/lib/fmi/test/auto/FMUVanDerPolME20.xml (RunModel)" time="0.035" />
  <testcase classname="ptolemy.util.test.junit.AutoTests" name="[39] /home/travis/build/icyphy/ptII/ptolemy/actor/lib/fmi/test/auto/FMUdq20RC1.xml (RunModel)" time="0.015" />
  <testcase classname="ptolemy.util.test.junit.AutoTests" name="[40] /home/travis/build/icyphy/ptII/ptolemy/actor/lib/fmi/test/auto/FMUvalues20RC1.xml (RunModel)" time="0.032" />
  <testcase classname="ptolemy.util.test.junit.AutoTests" name="[41] /home/travis/build/icyphy/ptII/ptolemy/actor/lib/fmi/test/auto/FMUvanDerPol20RC1.xml (RunModel)" time="0.023" />
  <testcase classname="ptolemy.util.test.junit.AutoTests" name="[42] /home/travis/build/icyphy/ptII/ptolemy/actor/lib/fmi/test/auto/TestZeroDelayFeedback.xml (RunModel)" time="1.04" />
  <testcase classname="ptolemy.util.test.junit.AutoTests" name="[43] /home/travis/build/icyphy/ptII/ptolemy/actor/lib/fmi/test/auto/helloWorldME2.xml (RunModel)" time="0.018" />
  <system-out><![CDATA[/home/travis/build/icyphy/ptII/ptolemy/actor/lib/fmi/test/FMUImport.tcl
testDefs.tcl: setting time out to 9000 seconds at Thu May 03 00:41:09 UTC 2018
.top.ballDynamics
FMUImport.tcl: auto/tankOpen.fmu is to be imported as a modelExchange fmu.
.top.tankOpen
.top.fmuD20pt
Warning: FMU modelDescription provides Integer representation of time, but precision is not specified
.top.SamplerIT
Warning: FMU modelDescription provides Integer representation of time, but precision is not specified
.top.ConstantIT
Warning: FMU modelDescription provides Integer representation of time, but precision is not specified
.top.AdderIT
Warning: FMU modelDescription provides Integer representation of time, but precision is not specified
.top.IntegratorIT
FMUImport.tcl: auto/dqME1.fmu is to be imported as a modelExchange fmu.
.top.dqME
.top.values20RC
Warning: FMU modelDescription provides Integer representation of time, but precision is not specified
.top.ZeroCrossingDetector
Warning: FMU modelDescription provides Integer representation of time, but precision is not specified
.top.ClockW
FMUImport.tcl: auto/valuesME20.fmu is to be imported as a modelExchange fmu.
.top.valuesME
Warning: FMU modelDescription provides Integer representation of time, but precision is not specified
.top.HybridSequenceCheck
Warning: FMU modelDescription provides Integer representation of time, but precision is not specified
.top.ClockIT
.top.inc20RC
Warning: FMU modelDescription provides Integer representation of time, but precision is not specified
.top.CheckEqualityIT
Warning: FMU modelDescription provides Integer representation of time, but precision is not specified
.top.Constant
Warning: FMU modelDescription provides Integer representation of time, but precision is not specified
.top.CTClockW
.top.dq
.top.fmuA20pt
Warning: FMU modelDescription provides Integer representation of time, but precision is not specified
.top.Clock
.top.stepCounter
.top.stepCounter
.top.onOffSupervisor
.top.SamplerFP
FMUImport.tcl: auto/vanDerPolME20.fmu is to be imported as a modelExchange fmu.
.top.vanDerPolME
Warning: FMU modelDescription provides Integer representation of time, but precision is not specified
.top.HybridIntegratorReset
.top.helloWorldUnBuilt
.top.heaterFlowResistance
Warning: FMU modelDescription provides Integer representation of time, but precision is not specified
.top.CTClockIT
.top.stairsB
Warning: FMU modelDescription provides Integer representation of time, but precision is not specified
.top.DelayIT
Warning: FMU modelDescription provides Integer representation of time, but precision is not specified
.top.HybridZeroCrossingDetector
FMUImport.tcl: auto/bouncingBallME1.fmu is to be imported as a modelExchange fmu.
.top.bouncingBallME
.top.stairsA
.top.scale20RC
Warning: FMU modelDescription provides Integer representation of time, but precision is not specified
.top.ZeroCrossingDetectorIT
FMUImport.tcl: auto/dqME20.fmu is to be imported as a modelExchange fmu.
.top.dqME
Warning: FMU modelDescription provides Integer representation of time, but precision is not specified
.top.Delay
.top.bouncingBall
FMUImport.tcl: auto/incME1.fmu is to be imported as a modelExchange fmu.
.top.incME
.top.stepCounterExtendedFMI
.top.dq20RC
Warning: FMU modelDescription provides Integer representation of time, but precision is not specified
.top.DelayW
Warning: FMU modelDescription provides Integer representation of time, but precision is not specified
.top.Integrator
Warning: FMU modelDescription provides Integer representation of time, but precision is not specified
.top.HybridAdder
FMUImport.tcl: auto/incME20.fmu is to be imported as a modelExchange fmu.
.top.incME
.top.qss1State1OutputNoBinaries
Warning: FMU modelDescription provides Integer representation of time, but precision is not specified
.top.HybridConstantSignalGenerator
.top.ClockFP
.top.pumpConstantSpeed
.top.vanDerPol20RC
.top.inc20pt
.top.out20pt
.top.scale20pt
.top.helloWorldME
Warning: FMU modelDescription provides Integer representation of time, but precision is not specified
.top.HybridTriggeredConst
FMUImport.tcl: auto/fourInputsFourOutputsME20.fmu is to be imported as a modelExchange fmu.
.top.fourInputsFourOutputsME
.top.fmuC20pt
FMUImport.tcl: auto/bouncingBallME20.fmu is to be imported as a modelExchange fmu.
.top.bouncingBallME
.top.values
Warning: FMU modelDescription provides Integer representation of time, but precision is not specified
.top.Adder
.top.inc
.top.helloWorld
.top.stepCounterPeriodInName
.top.levelStairs
.top.stairsA20RC1F
.top.fmuB20pt
.top.vanDerPol
Warning: FMU modelDescription provides Integer representation of time, but precision is not specified
.top.HybridDelay
FMUImport.tcl: auto/valuesME1.fmu is to be imported as a modelExchange fmu.
.top.valuesME
FMUImport.tcl: auto/vanDerPolME1.fmu is to be imported as a modelExchange fmu.
.top.vanDerPolME
.top.CheckEqualityFP
.top.bouncingBall20RC
/home/travis/build/icyphy/ptII/ptolemy/actor/lib/fmi/test/FMUQSS.tcl
05/03/18 12:41:11
Failed: 0  Total Tests: 80  ((Passed: 80, Newly Passed: 0)  Known Failed: 0) /home/travis/build/icyphy/ptII/ptolemy/actor/lib/fmi/test
----------------- testing (KnownFailure) /home/travis/build/icyphy/ptII/ptolemy/actor/lib/fmi/test/auto/knownFailedTests/FMUContinuousInc20.xml
55 ms. Memory: 208384K Free: 148101K (71%)
Known Failure: java.lang.reflect.InvocationTargetException
----------------- testing Thu May 03 00:41:11 UTC 2018 /home/travis/build/icyphy/ptII/ptolemy/actor/lib/fmi/test/auto/linux-amd64/FMUQSSAirOulet1_QSS1.xml
----------------- Instantiating /home/travis/build/icyphy/ptII/ptolemy/actor/lib/fmi/test/auto/linux-amd64/FMUQSSAirOulet1_QSS1.xml
 Number of steps: 1811
  stateEvents: 3
  stepEvents: 0
  timeEvents: 0
928 ms. Memory: 208384K Free: 93213K (45%)
----------------- Invoking toplevel() on ptolemy.moml.MoMLSimpleApplication@68dbe66d
----------------- Done invoking toplevel() on ptolemy.moml.MoMLSimpleApplication@68dbe66d
reloadAllAccessors: .FMUQSSAirOulet1_QSS1
----------------- testing Thu May 03 00:41:12 UTC 2018 /home/travis/build/icyphy/ptII/ptolemy/actor/lib/fmi/test/auto/linux-amd64/FMUQSSAirToOulet1_QSS1.xml
----------------- Instantiating /home/travis/build/icyphy/ptII/ptolemy/actor/lib/fmi/test/auto/linux-amd64/FMUQSSAirToOulet1_QSS1.xml
 Number of steps: 1811
  stateEvents: 3
  stepEvents: 0
  timeEvents: 0
651 ms. Memory: 208384K Free: 157242K (75%)
----------------- Invoking toplevel() on ptolemy.moml.MoMLSimpleApplication@2d271b54
----------------- Done invoking toplevel() on ptolemy.moml.MoMLSimpleApplication@2d271b54
reloadAllAccessors: .FMUQSSAirToOulet1_QSS1
----------------- testing Thu May 03 00:41:13 UTC 2018 /home/travis/build/icyphy/ptII/ptolemy/actor/lib/fmi/test/auto/linux-amd64/FMUQSSAirToOulet2_QSS1.xml
----------------- Instantiating /home/travis/build/icyphy/ptII/ptolemy/actor/lib/fmi/test/auto/linux-amd64/FMUQSSAirToOulet2_QSS1.xml
 Number of steps: 9936
  stateEvents: 1
  stepEvents: 0
  timeEvents: 8
1740 ms. Memory: 334336K Free: 174612K (52%)
----------------- Invoking toplevel() on ptolemy.moml.MoMLSimpleApplication@3ffae522
----------------- Done invoking toplevel() on ptolemy.moml.MoMLSimpleApplication@3ffae522
reloadAllAccessors: .FMUQSSAirToOulet2_QSS1
----------------- testing Thu May 03 00:41:15 UTC 2018 /home/travis/build/icyphy/ptII/ptolemy/actor/lib/fmi/test/auto/linux-amd64/FMUQSSStateEvent1_QSS1.xml
----------------- Instantiating /home/travis/build/icyphy/ptII/ptolemy/actor/lib/fmi/test/auto/linux-amd64/FMUQSSStateEvent1_QSS1.xml
 Number of steps: 295
  stateEvents: 1
  stepEvents: 0
  timeEvents: 0
70 ms. Memory: 334336K Free: 156364K (47%)
----------------- Invoking toplevel() on ptolemy.moml.MoMLSimpleApplication@3e413c84
----------------- Done invoking toplevel() on ptolemy.moml.MoMLSimpleApplication@3e413c84
reloadAllAccessors: .FMUQSSStateEvent1_QSS1
----------------- testing Thu May 03 00:41:15 UTC 2018 /home/travis/build/icyphy/ptII/ptolemy/actor/lib/fmi/test/auto/linux-amd64/FMUQSSStateEvent1_QSS2.xml
----------------- Instantiating /home/travis/build/icyphy/ptII/ptolemy/actor/lib/fmi/test/auto/linux-amd64/FMUQSSStateEvent1_QSS2.xml
 Number of steps: 6179
  stateEvents: 1
  stepEvents: 0
  timeEvents: 0
1048 ms. Memory: 336896K Free: 252845K (75%)
----------------- Invoking toplevel() on ptolemy.moml.MoMLSimpleApplication@fa2da04
----------------- Done invoking toplevel() on ptolemy.moml.MoMLSimpleApplication@fa2da04
reloadAllAccessors: .FMUQSSStateEvent1_QSS2
----------------- testing Thu May 03 00:41:16 UTC 2018 /home/travis/build/icyphy/ptII/ptolemy/actor/lib/fmi/test/auto/linux-amd64/FMUQSSStateEvent1_QSS3.xml
----------------- Instantiating /home/travis/build/icyphy/ptII/ptolemy/actor/lib/fmi/test/auto/linux-amd64/FMUQSSStateEvent1_QSS3.xml
 Number of steps: 1067
  stateEvents: 1
  stepEvents: 0
  timeEvents: 0
171 ms. Memory: 336896K Free: 221225K (66%)
----------------- Invoking toplevel() on ptolemy.moml.MoMLSimpleApplication@4c6f2347
----------------- Done invoking toplevel() on ptolemy.moml.MoMLSimpleApplication@4c6f2347
reloadAllAccessors: .FMUQSSStateEvent1_QSS3
----------------- testing Thu May 03 00:41:16 UTC 2018 /home/travis/build/icyphy/ptII/ptolemy/actor/lib/fmi/test/auto/linux-amd64/FMUQSSStateEvent2_QSS1.xml
----------------- Instantiating /home/travis/build/icyphy/ptII/ptolemy/actor/lib/fmi/test/auto/linux-amd64/FMUQSSStateEvent2_QSS1.xml
 Number of steps: 3368
  stateEvents: 8
  stepEvents: 0
  timeEvents: 0
499 ms. Memory: 336896K Free: 133671K (40%)
----------------- Invoking toplevel() on ptolemy.moml.MoMLSimpleApplication@d90e6e4
----------------- Done invoking toplevel() on ptolemy.moml.MoMLSimpleApplication@d90e6e4
reloadAllAccessors: .FMUQSSStateEvent2_QSS1
----------------- testing Thu May 03 00:41:17 UTC 2018 /home/travis/build/icyphy/ptII/ptolemy/actor/lib/fmi/test/auto/linux-amd64/FMUQSSStateEvent2_QSS2.xml
----------------- Instantiating /home/travis/build/icyphy/ptII/ptolemy/actor/lib/fmi/test/auto/linux-amd64/FMUQSSStateEvent2_QSS2.xml
 Number of steps: 2499
  stateEvents: 8
  stepEvents: 0
  timeEvents: 0
706 ms. Memory: 582144K Free: 498771K (86%)
----------------- Invoking toplevel() on ptolemy.moml.MoMLSimpleApplication@885a804
----------------- Done invoking toplevel() on ptolemy.moml.MoMLSimpleApplication@885a804
reloadAllAccessors: .FMUQSSStateEvent2_QSS2
----------------- testing Thu May 03 00:41:17 UTC 2018 /home/travis/build/icyphy/ptII/ptolemy/actor/lib/fmi/test/auto/linux-amd64/FMUQSSStateEvent4_QSS1.xml
----------------- Instantiating /home/travis/build/icyphy/ptII/ptolemy/actor/lib/fmi/test/auto/linux-amd64/FMUQSSStateEvent4_QSS1.xml
 Number of steps: 707
  stateEvents: 1
  stepEvents: 0
  timeEvents: 1
99 ms. Memory: 582144K Free: 470753K (81%)
----------------- Invoking toplevel() on ptolemy.moml.MoMLSimpleApplication@28ea96f3
----------------- Done invoking toplevel() on ptolemy.moml.MoMLSimpleApplication@28ea96f3
reloadAllAccessors: .FMUQSSStateEvent4_QSS1
----------------- testing Thu May 03 00:41:18 UTC 2018 /home/travis/build/icyphy/ptII/ptolemy/actor/lib/fmi/test/auto/linux-amd64/FMUQSSStateEvent4_QSS2.xml
----------------- Instantiating /home/travis/build/icyphy/ptII/ptolemy/actor/lib/fmi/test/auto/linux-amd64/FMUQSSStateEvent4_QSS2.xml
 Number of steps: 528
  stateEvents: 1
  stepEvents: 0
  timeEvents: 1
74 ms. Memory: 582144K Free: 451481K (78%)
----------------- Invoking toplevel() on ptolemy.moml.MoMLSimpleApplication@35dbb893
----------------- Done invoking toplevel() on ptolemy.moml.MoMLSimpleApplication@35dbb893
reloadAllAccessors: .FMUQSSStateEvent4_QSS2
----------------- testing Thu May 03 00:41:18 UTC 2018 /home/travis/build/icyphy/ptII/ptolemy/actor/lib/fmi/test/auto/linux-amd64/FMUQSSStateEvent4_QSS3.xml
----------------- Instantiating /home/travis/build/icyphy/ptII/ptolemy/actor/lib/fmi/test/auto/linux-amd64/FMUQSSStateEvent4_QSS3.xml
 Number of steps: 546
  stateEvents: 1
  stepEvents: 0
  timeEvents: 1
79 ms. Memory: 582144K Free: 432209K (74%)
----------------- Invoking toplevel() on ptolemy.moml.MoMLSimpleApplication@1e3ccc94
----------------- Done invoking toplevel() on ptolemy.moml.MoMLSimpleApplication@1e3ccc94
reloadAllAccessors: .FMUQSSStateEvent4_QSS3
----------------- testing Thu May 03 00:41:18 UTC 2018 /home/travis/build/icyphy/ptII/ptolemy/actor/lib/fmi/test/auto/linux-amd64/FMUQSSStateEvent5_QSS1.xml
----------------- Instantiating /home/travis/build/icyphy/ptII/ptolemy/actor/lib/fmi/test/auto/linux-amd64/FMUQSSStateEvent5_QSS1.xml
 Number of steps: 991
  stateEvents: 2
  stepEvents: 0
  timeEvents: 0
143 ms. Memory: 582144K Free: 400893K (69%)
----------------- Invoking toplevel() on ptolemy.moml.MoMLSimpleApplication@2cf5358a
----------------- Done invoking toplevel() on ptolemy.moml.MoMLSimpleApplication@2cf5358a
reloadAllAccessors: .FMUQSSStateEvent5_QSS1
----------------- testing Thu May 03 00:41:18 UTC 2018 /home/travis/build/icyphy/ptII/ptolemy/actor/lib/fmi/test/auto/linux-amd64/FMUQSSStateEvent5_QSS2.xml
----------------- Instantiating /home/travis/build/icyphy/ptII/ptolemy/actor/lib/fmi/test/auto/linux-amd64/FMUQSSStateEvent5_QSS2.xml
 Number of steps: 3082
  stateEvents: 2
  stepEvents: 0
  timeEvents: 0
388 ms. Memory: 582144K Free: 326214K (56%)
----------------- Invoking toplevel() on ptolemy.moml.MoMLSimpleApplication@6c972520
----------------- Done invoking toplevel() on ptolemy.moml.MoMLSimpleApplication@6c972520
reloadAllAccessors: .FMUQSSStateEvent5_QSS2
----------------- testing Thu May 03 00:41:18 UTC 2018 /home/travis/build/icyphy/ptII/ptolemy/actor/lib/fmi/test/auto/linux-amd64/FMUQSSStateEvent5_QSS3.xml
----------------- Instantiating /home/travis/build/icyphy/ptII/ptolemy/actor/lib/fmi/test/auto/linux-amd64/FMUQSSStateEvent5_QSS3.xml
 Number of steps: 416
  stateEvents: 2
  stepEvents: 0
  timeEvents: 0
71 ms. Memory: 582144K Free: 309351K (53%)
----------------- Invoking toplevel() on ptolemy.moml.MoMLSimpleApplication@121e15fd
----------------- Done invoking toplevel() on ptolemy.moml.MoMLSimpleApplication@121e15fd
reloadAllAccessors: .FMUQSSStateEvent5_QSS3
----------------- testing Thu May 03 00:41:19 UTC 2018 /home/travis/build/icyphy/ptII/ptolemy/actor/lib/fmi/test/auto/linux-amd64/FMUQSSStateEvent6_QSS1.xml
----------------- Instantiating /home/travis/build/icyphy/ptII/ptolemy/actor/lib/fmi/test/auto/linux-amd64/FMUQSSStateEvent6_QSS1.xml
 Number of steps: 4328
  stateEvents: 8
  stepEvents: 0
  timeEvents: 0
628 ms. Memory: 582144K Free: 200947K (35%)
----------------- Invoking toplevel() on ptolemy.moml.MoMLSimpleApplication@4577bca8
----------------- Done invoking toplevel() on ptolemy.moml.MoMLSimpleApplication@4577bca8
reloadAllAccessors: .FMUQSSStateEvent6_QSS1
----------------- testing Thu May 03 00:41:19 UTC 2018 /home/travis/build/icyphy/ptII/ptolemy/actor/lib/fmi/test/auto/linux-amd64/FMUQSSStateEvent6_QSS2.xml
----------------- Instantiating /home/travis/build/icyphy/ptII/ptolemy/actor/lib/fmi/test/auto/linux-amd64/FMUQSSStateEvent6_QSS2.xml
 Number of steps: 2682
  stateEvents: 9
  stepEvents: 0
  timeEvents: 0
570 ms. Memory: 582144K Free: 85315K (15%)
----------------- Invoking toplevel() on ptolemy.moml.MoMLSimpleApplication@2a595244
----------------- Done invoking toplevel() on ptolemy.moml.MoMLSimpleApplication@2a595244
reloadAllAccessors: .FMUQSSStateEvent6_QSS2
AutoTests.java: About to close Vertx.
AutoTests.java: Vertx closed.
----------------- testing Thu May 03 00:41:20 UTC 2018 /home/travis/build/icyphy/ptII/ptolemy/actor/lib/fmi/test/auto/FMU30Inc.xml
----------------- Instantiating /home/travis/build/icyphy/ptII/ptolemy/actor/lib/fmi/test/auto/FMU30Inc.xml
142 ms. Memory: 586752K Free: 456026K (78%)
----------------- Invoking toplevel() on ptolemy.moml.MoMLSimpleApplication@4ce900f8
----------------- Done invoking toplevel() on ptolemy.moml.MoMLSimpleApplication@4ce900f8
reloadAllAccessors: .FMU30Inc
----------------- testing Thu May 03 00:41:21 UTC 2018 /home/travis/build/icyphy/ptII/ptolemy/actor/lib/fmi/test/auto/FMUBouncingBall.xml
----------------- Instantiating /home/travis/build/icyphy/ptII/ptolemy/actor/lib/fmi/test/auto/FMUBouncingBall.xml
84 ms. Memory: 586752K Free: 442478K (75%)
----------------- Invoking toplevel() on ptolemy.moml.MoMLSimpleApplication@334da63f
----------------- Done invoking toplevel() on ptolemy.moml.MoMLSimpleApplication@334da63f
reloadAllAccessors: .FMUBouncingBall
----------------- testing Thu May 03 00:41:21 UTC 2018 /home/travis/build/icyphy/ptII/ptolemy/actor/lib/fmi/test/auto/FMUBouncingBallME20.xml
----------------- Instantiating /home/travis/build/icyphy/ptII/ptolemy/actor/lib/fmi/test/auto/FMUBouncingBallME20.xml
97 ms. Memory: 586752K Free: 423207K (72%)
----------------- Invoking toplevel() on ptolemy.moml.MoMLSimpleApplication@6ab97bde
----------------- Done invoking toplevel() on ptolemy.moml.MoMLSimpleApplication@6ab97bde
reloadAllAccessors: .FMUBouncingBallME20
----------------- testing Thu May 03 00:41:21 UTC 2018 /home/travis/build/icyphy/ptII/ptolemy/actor/lib/fmi/test/auto/FMUDQ.xml
----------------- Instantiating /home/travis/build/icyphy/ptII/ptolemy/actor/lib/fmi/test/auto/FMUDQ.xml
14 ms. Memory: 586752K Free: 415980K (71%)
----------------- Invoking toplevel() on ptolemy.moml.MoMLSimpleApplication@4a9d4e28
----------------- Done invoking toplevel() on ptolemy.moml.MoMLSimpleApplication@4a9d4e28
reloadAllAccessors: .FMUDQ
----------------- testing Thu May 03 00:41:21 UTC 2018 /home/travis/build/icyphy/ptII/ptolemy/actor/lib/fmi/test/auto/FMUDq20.xml
----------------- Instantiating /home/travis/build/icyphy/ptII/ptolemy/actor/lib/fmi/test/auto/FMUDq20.xml
33 ms. Memory: 586752K Free: 403903K (69%)
----------------- Invoking toplevel() on ptolemy.moml.MoMLSimpleApplication@1bf135f2
----------------- Done invoking toplevel() on ptolemy.moml.MoMLSimpleApplication@1bf135f2
reloadAllAccessors: .FMUDq20
----------------- testing Thu May 03 00:41:21 UTC 2018 /home/travis/build/icyphy/ptII/ptolemy/actor/lib/fmi/test/auto/FMUDqME20.xml
----------------- Instantiating /home/travis/build/icyphy/ptII/ptolemy/actor/lib/fmi/test/auto/FMUDqME20.xml
9 ms. Memory: 586752K Free: 394267K (67%)
----------------- Invoking toplevel() on ptolemy.moml.MoMLSimpleApplication@4934b950
----------------- Done invoking toplevel() on ptolemy.moml.MoMLSimpleApplication@4934b950
reloadAllAccessors: .FMUDqME20
----------------- testing Thu May 03 00:41:21 UTC 2018 /home/travis/build/icyphy/ptII/ptolemy/actor/lib/fmi/test/auto/FMUFourInputsFourOutputsME20.xml
----------------- Instantiating /home/travis/build/icyphy/ptII/ptolemy/actor/lib/fmi/test/auto/FMUFourInputsFourOutputsME20.xml
11 ms. Memory: 586752K Free: 382222K (65%)
----------------- Invoking toplevel() on ptolemy.moml.MoMLSimpleApplication@87a9b3b
----------------- Done invoking toplevel() on ptolemy.moml.MoMLSimpleApplication@87a9b3b
reloadAllAccessors: .FMUFourInputsFourOutputsME20
----------------- testing Thu May 03 00:41:21 UTC 2018 /home/travis/build/icyphy/ptII/ptolemy/actor/lib/fmi/test/auto/FMUHeaterFlowResistance.xml
----------------- Instantiating /home/travis/build/icyphy/ptII/ptolemy/actor/lib/fmi/test/auto/FMUHeaterFlowResistance.xml
FMU Builder messages:

Attempting to build /tmp/FMUFile7585355759970532931.tmp/binaries/linux64/heaterFlowResistance.so
architecture: linux64 isWindows: false  command: make target: linux64
make ARCH=linux64 CBITSFLAGS=-fvisibility=hidden PIC=-fPIC SHARED_LIBRARY_SUFFIX=so heaterFlowResistance.so
make[1]: Entering directory `/tmp/FMUFile7585355759970532931.tmp/sources'
echo `pwd`
/tmp/FMUFile7585355759970532931.tmp/sources
cc -g -c -fvisibility=hidden -fPIC -Wall -DFMI_COSIMULATION -I.  heaterFlowResistance.c -o heaterFlowResistance.o
Creating ../binaries/linux64/
cc -fvisibility=hidden -g -Wall -shared -Wl,-soname,heaterFlowResistance.so -DFMI_COSIMULATION -I. -o ../binaries/linux64/heaterFlowResistance.so heaterFlowResistance.o 
rm heaterFlowResistance.o
make[1]: Leaving directory `/tmp/FMUFile7585355759970532931.tmp/sources'

142 ms. Memory: 586752K Free: 361454K (62%)
----------------- Invoking toplevel() on ptolemy.moml.MoMLSimpleApplication@41550c51
----------------- Done invoking toplevel() on ptolemy.moml.MoMLSimpleApplication@41550c51
reloadAllAccessors: .FMUHeaterFlowResistance
----------------- testing Thu May 03 00:41:22 UTC 2018 /home/travis/build/icyphy/ptII/ptolemy/actor/lib/fmi/test/auto/FMUHelloWorld.xml
----------------- Instantiating /home/travis/build/icyphy/ptII/ptolemy/actor/lib/fmi/test/auto/FMUHelloWorld.xml
6 ms. Memory: 586752K Free: 354228K (60%)
----------------- Invoking toplevel() on ptolemy.moml.MoMLSimpleApplication@263ddb09
----------------- Done invoking toplevel() on ptolemy.moml.MoMLSimpleApplication@263ddb09
reloadAllAccessors: .FMUHelloWorld
----------------- testing Thu May 03 00:41:22 UTC 2018 /home/travis/build/icyphy/ptII/ptolemy/actor/lib/fmi/test/auto/FMUHelloWorldUnBuilt.xml
----------------- Instantiating /home/travis/build/icyphy/ptII/ptolemy/actor/lib/fmi/test/auto/FMUHelloWorldUnBuilt.xml
FMU Builder messages:

Attempting to build /tmp/FMUFile1463113725685017217.tmp/binaries/linux64/helloWorld.so
architecture: linux64 isWindows: false  command: make target: linux64
make ARCH=linux64 CBITSFLAGS=-fvisibility=hidden PIC=-fPIC SHARED_LIBRARY_SUFFIX=so helloWorld.so
make[1]: Entering directory `/tmp/FMUFile1463113725685017217.tmp/sources'
echo `pwd`
/tmp/FMUFile1463113725685017217.tmp/sources
cc -g -c -fvisibility=hidden -fPIC -Wall -DFMI_COSIMULATION -I.  helloWorld.c -o helloWorld.o
Creating ../binaries/linux64/
cc -fvisibility=hidden -g -Wall -shared -Wl,-soname,helloWorld.so -DFMI_COSIMULATION -I. -o ../binaries/linux64/helloWorld.so helloWorld.o 
rm helloWorld.o
make[1]: Leaving directory `/tmp/FMUFile1463113725685017217.tmp/sources'

77 ms. Memory: 586752K Free: 342183K (58%)
----------------- Invoking toplevel() on ptolemy.moml.MoMLSimpleApplication@53f1f57a
----------------- Done invoking toplevel() on ptolemy.moml.MoMLSimpleApplication@53f1f57a
reloadAllAccessors: .FMUHelloWorldUnBuilt
----------------- testing Thu May 03 00:41:22 UTC 2018 /home/travis/build/icyphy/ptII/ptolemy/actor/lib/fmi/test/auto/FMUInc.xml
----------------- Instantiating /home/travis/build/icyphy/ptII/ptolemy/actor/lib/fmi/test/auto/FMUInc.xml
3 ms. Memory: 586752K Free: 334956K (57%)
----------------- Invoking toplevel() on ptolemy.moml.MoMLSimpleApplication@5f026b04
----------------- Done invoking toplevel() on ptolemy.moml.MoMLSimpleApplication@5f026b04
reloadAllAccessors: .FMUInc
----------------- testing Thu May 03 00:41:22 UTC 2018 /home/travis/build/icyphy/ptII/ptolemy/actor/lib/fmi/test/auto/FMUInc2.xml
----------------- Instantiating /home/travis/build/icyphy/ptII/ptolemy/actor/lib/fmi/test/auto/FMUInc2.xml
9 ms. Memory: 586752K Free: 327729K (56%)
----------------- Invoking toplevel() on ptolemy.moml.MoMLSimpleApplication@189a37f0
----------------- Done invoking toplevel() on ptolemy.moml.MoMLSimpleApplication@189a37f0
reloadAllAccessors: .FMUInc2
----------------- testing Thu May 03 00:41:22 UTC 2018 /home/travis/build/icyphy/ptII/ptolemy/actor/lib/fmi/test/auto/FMUIncME1.xml
----------------- Instantiating /home/travis/build/icyphy/ptII/ptolemy/actor/lib/fmi/test/auto/FMUIncME1.xml
14 ms. Memory: 586752K Free: 322911K (55%)
----------------- Invoking toplevel() on ptolemy.moml.MoMLSimpleApplication@1d0bd21e
----------------- Done invoking toplevel() on ptolemy.moml.MoMLSimpleApplication@1d0bd21e
reloadAllAccessors: .FMUIncME1
----------------- testing Thu May 03 00:41:22 UTC 2018 /home/travis/build/icyphy/ptII/ptolemy/actor/lib/fmi/test/auto/FMUIncME20.xml
----------------- Instantiating /home/travis/build/icyphy/ptII/ptolemy/actor/lib/fmi/test/auto/FMUIncME20.xml
4 ms. Memory: 586752K Free: 314189K (54%)
----------------- Invoking toplevel() on ptolemy.moml.MoMLSimpleApplication@29828c1f
----------------- Done invoking toplevel() on ptolemy.moml.MoMLSimpleApplication@29828c1f
reloadAllAccessors: .FMUIncME20
----------------- testing Thu May 03 00:41:22 UTC 2018 /home/travis/build/icyphy/ptII/ptolemy/actor/lib/fmi/test/auto/FMUIncScale20RC1pt.xml
----------------- Instantiating /home/travis/build/icyphy/ptII/ptolemy/actor/lib/fmi/test/auto/FMUIncScale20RC1pt.xml
16 ms. Memory: 586752K Free: 306962K (52%)
----------------- Invoking toplevel() on ptolemy.moml.MoMLSimpleApplication@4ac1fd08
----------------- Done invoking toplevel() on ptolemy.moml.MoMLSimpleApplication@4ac1fd08
reloadAllAccessors: .FMUIncScale20RC1pt
----------------- testing Thu May 03 00:41:22 UTC 2018 /home/travis/build/icyphy/ptII/ptolemy/actor/lib/fmi/test/auto/FMULevelStairs.xml
----------------- Instantiating /home/travis/build/icyphy/ptII/ptolemy/actor/lib/fmi/test/auto/FMULevelStairs.xml
33 ms. Memory: 586752K Free: 299735K (51%)
----------------- Invoking toplevel() on ptolemy.moml.MoMLSimpleApplication@8ef60dd
----------------- Done invoking toplevel() on ptolemy.moml.MoMLSimpleApplication@8ef60dd
reloadAllAccessors: .FMULevelStairs
----------------- testing Thu May 03 00:41:22 UTC 2018 /home/travis/build/icyphy/ptII/ptolemy/actor/lib/fmi/test/auto/FMUPumpConstantSpeed.xml
----------------- Instantiating /home/travis/build/icyphy/ptII/ptolemy/actor/lib/fmi/test/auto/FMUPumpConstantSpeed.xml
FMU Builder messages:

Attempting to build /tmp/FMUFile434161261819266273.tmp/binaries/linux64/pumpConstantSpeed.so
architecture: linux64 isWindows: false  command: make target: linux64
make ARCH=linux64 CBITSFLAGS=-fvisibility=hidden PIC=-fPIC SHARED_LIBRARY_SUFFIX=so pumpConstantSpeed.so
make[1]: Entering directory `/tmp/FMUFile434161261819266273.tmp/sources'
echo `pwd`
/tmp/FMUFile434161261819266273.tmp/sources
cc -g -c -fvisibility=hidden -fPIC -Wall -DFMI_COSIMULATION -I.  pumpConstantSpeed.c -o pumpConstantSpeed.o
Creating ../binaries/linux64/
cc -fvisibility=hidden -g -Wall -shared -Wl,-soname,pumpConstantSpeed.so -DFMI_COSIMULATION -I. -o ../binaries/linux64/pumpConstantSpeed.so pumpConstantSpeed.o 
rm pumpConstantSpeed.o
make[1]: Leaving directory `/tmp/FMUFile434161261819266273.tmp/sources'

108 ms. Memory: 586752K Free: 285281K (49%)
----------------- Invoking toplevel() on ptolemy.moml.MoMLSimpleApplication@556e5d3
----------------- Done invoking toplevel() on ptolemy.moml.MoMLSimpleApplication@556e5d3
reloadAllAccessors: .FMUPumpConstantSpeed
----------------- testing Thu May 03 00:41:22 UTC 2018 /home/travis/build/icyphy/ptII/ptolemy/actor/lib/fmi/test/auto/FMUQSSTankOpen.xml
----------------- Instantiating /home/travis/build/icyphy/ptII/ptolemy/actor/lib/fmi/test/auto/FMUQSSTankOpen.xml
FMU Builder messages:

Attempting to build /tmp/FMUFile2491917766756709920.tmp/binaries/linux64/tankOpen.so
architecture: linux64 isWindows: false  command: make target: linux64
make ARCH=linux64 CBITSFLAGS=-fvisibility=hidden PIC=-fPIC SHARED_LIBRARY_SUFFIX=so tankOpen.so
make[1]: Entering directory `/tmp/FMUFile2491917766756709920.tmp/sources'
echo `pwd`
/tmp/FMUFile2491917766756709920.tmp/sources
cc -g -c -fvisibility=hidden -fPIC -Wall -DFMI_COSIMULATION -I.  tankOpen.c -o tankOpen.o
Creating ../binaries/linux64/
cc -fvisibility=hidden -g -Wall -shared -Wl,-soname,tankOpen.so -DFMI_COSIMULATION -I. -o ../binaries/linux64/tankOpen.so tankOpen.o -lm
rm tankOpen.o
make[1]: Leaving directory `/tmp/FMUFile2491917766756709920.tmp/sources'

 Number of steps: 39894
  stateEvents: 0
  stepEvents: 0
  timeEvents: 0
2546 ms. Memory: 885760K Free: 720775K (81%)
----------------- Invoking toplevel() on ptolemy.moml.MoMLSimpleApplication@73dda134
----------------- Done invoking toplevel() on ptolemy.moml.MoMLSimpleApplication@73dda134
reloadAllAccessors: .FMUQSSTankOpen
----------------- testing Thu May 03 00:41:25 UTC 2018 /home/travis/build/icyphy/ptII/ptolemy/actor/lib/fmi/test/auto/FMUSDFBouncingBall.xml
----------------- Instantiating /home/travis/build/icyphy/ptII/ptolemy/actor/lib/fmi/test/auto/FMUSDFBouncingBall.xml
7 ms. Memory: 885760K Free: 707660K (80%)
----------------- Invoking toplevel() on ptolemy.moml.MoMLSimpleApplication@1928c6da
----------------- Done invoking toplevel() on ptolemy.moml.MoMLSimpleApplication@1928c6da
reloadAllAccessors: .FMUSDFBouncingBall
----------------- testing Thu May 03 00:41:25 UTC 2018 /home/travis/build/icyphy/ptII/ptolemy/actor/lib/fmi/test/auto/FMUSDFBouncingBall20.xml
----------------- Instantiating /home/travis/build/icyphy/ptII/ptolemy/actor/lib/fmi/test/auto/FMUSDFBouncingBall20.xml
152 ms. Memory: 885760K Free: 664431K (75%)
----------------- Invoking toplevel() on ptolemy.moml.MoMLSimpleApplication@69ad115b
----------------- Done invoking toplevel() on ptolemy.moml.MoMLSimpleApplication@69ad115b
reloadAllAccessors: .FMUSDFBouncingBall20
----------------- testing Thu May 03 00:41:25 UTC 2018 /home/travis/build/icyphy/ptII/ptolemy/actor/lib/fmi/test/auto/FMUSDFBouncingBall20RC1.xml
----------------- Instantiating /home/travis/build/icyphy/ptII/ptolemy/actor/lib/fmi/test/auto/FMUSDFBouncingBall20RC1.xml
11 ms. Memory: 885760K Free: 655179K (74%)
----------------- Invoking toplevel() on ptolemy.moml.MoMLSimpleApplication@46ce9ef1
----------------- Done invoking toplevel() on ptolemy.moml.MoMLSimpleApplication@46ce9ef1
reloadAllAccessors: .FMUSDFBouncingBall20RC1
----------------- testing Thu May 03 00:41:25 UTC 2018 /home/travis/build/icyphy/ptII/ptolemy/actor/lib/fmi/test/auto/FMUSDFInc20.xml
----------------- Instantiating /home/travis/build/icyphy/ptII/ptolemy/actor/lib/fmi/test/auto/FMUSDFInc20.xml
8 ms. Memory: 885760K Free: 645910K (73%)
----------------- Invoking toplevel() on ptolemy.moml.MoMLSimpleApplication@1d5c35cd
----------------- Done invoking toplevel() on ptolemy.moml.MoMLSimpleApplication@1d5c35cd
reloadAllAccessors: .FMUSDFInc20
----------------- testing Thu May 03 00:41:25 UTC 2018 /home/travis/build/icyphy/ptII/ptolemy/actor/lib/fmi/test/auto/FMUStairs.xml
----------------- Instantiating /home/travis/build/icyphy/ptII/ptolemy/actor/lib/fmi/test/auto/FMUStairs.xml
22 ms. Memory: 885760K Free: 636641K (72%)
----------------- Invoking toplevel() on ptolemy.moml.MoMLSimpleApplication@dc229af
----------------- Done invoking toplevel() on ptolemy.moml.MoMLSimpleApplication@dc229af
reloadAllAccessors: .FMUStairs
----------------- testing Thu May 03 00:41:25 UTC 2018 /home/travis/build/icyphy/ptII/ptolemy/actor/lib/fmi/test/auto/FMUStepCounter1.xml
----------------- Instantiating /home/travis/build/icyphy/ptII/ptolemy/actor/lib/fmi/test/auto/FMUStepCounter1.xml
FMU Builder messages:

Attempting to build /tmp/FMUFile4710437499604592086.tmp/binaries/linux64/stepCounter1.so
architecture: linux64 isWindows: false  command: make target: linux64
make ARCH=linux64 CBITSFLAGS=-fvisibility=hidden PIC=-fPIC SHARED_LIBRARY_SUFFIX=so stepCounter1.so
make[1]: Entering directory `/tmp/FMUFile4710437499604592086.tmp/sources'
echo `pwd`
/tmp/FMUFile4710437499604592086.tmp/sources
cc -g -c -fvisibility=hidden -fPIC -Wall -DFMI_COSIMULATION -I.  stepCounter1.c -o stepCounter1.o
Creating ../binaries/linux64/
cc -fvisibility=hidden -g -Wall -shared -Wl,-soname,stepCounter1.so -DFMI_COSIMULATION -I. -o ../binaries/linux64/stepCounter1.so stepCounter1.o 
rm stepCounter1.o
make[1]: Leaving directory `/tmp/FMUFile4710437499604592086.tmp/sources'

88 ms. Memory: 885760K Free: 621203K (70%)
----------------- Invoking toplevel() on ptolemy.moml.MoMLSimpleApplication@196da242
----------------- Done invoking toplevel() on ptolemy.moml.MoMLSimpleApplication@196da242
reloadAllAccessors: .FMUStepCounter1
----------------- testing Thu May 03 00:41:25 UTC 2018 /home/travis/build/icyphy/ptII/ptolemy/actor/lib/fmi/test/auto/FMUStepCounter2.xml
----------------- Instantiating /home/travis/build/icyphy/ptII/ptolemy/actor/lib/fmi/test/auto/FMUStepCounter2.xml
FMU Builder messages:

Attempting to build /tmp/FMUFile7235617949284778549.tmp/binaries/linux64/stepCounter.so
architecture: linux64 isWindows: false  command: make target: linux64
make ARCH=linux64 CBITSFLAGS=-fvisibility=hidden PIC=-fPIC SHARED_LIBRARY_SUFFIX=so stepCounter.so
make[1]: Entering directory `/tmp/FMUFile7235617949284778549.tmp/sources'
echo `pwd`
/tmp/FMUFile7235617949284778549.tmp/sources
cc -g -c -fvisibility=hidden -fPIC -Wall -DFMI_COSIMULATION -I.  stepCounter.c -o stepCounter.o
Creating ../binaries/linux64/
cc -fvisibility=hidden -g -Wall -shared -Wl,-soname,stepCounter.so -DFMI_COSIMULATION -I. -o ../binaries/linux64/stepCounter.so stepCounter.o 
rm stepCounter.o
make[1]: Leaving directory `/tmp/FMUFile7235617949284778549.tmp/sources'

99 ms. Memory: 885760K Free: 599165K (68%)
----------------- Invoking toplevel() on ptolemy.moml.MoMLSimpleApplication@de48999
----------------- Done invoking toplevel() on ptolemy.moml.MoMLSimpleApplication@de48999
reloadAllAccessors: .FMUStepCounter2
----------------- testing Thu May 03 00:41:25 UTC 2018 /home/travis/build/icyphy/ptII/ptolemy/actor/lib/fmi/test/auto/FMUStepCounterContinuous1.xml
----------------- Instantiating /home/travis/build/icyphy/ptII/ptolemy/actor/lib/fmi/test/auto/FMUStepCounterContinuous1.xml
11 ms. Memory: 885760K Free: 592996K (67%)
----------------- Invoking toplevel() on ptolemy.moml.MoMLSimpleApplication@2bb3fd01
----------------- Done invoking toplevel() on ptolemy.moml.MoMLSimpleApplication@2bb3fd01
reloadAllAccessors: .FMUStepCounterContinuous
----------------- testing Thu May 03 00:41:25 UTC 2018 /home/travis/build/icyphy/ptII/ptolemy/actor/lib/fmi/test/auto/FMUStepCounterContinuous2.xml
----------------- Instantiating /home/travis/build/icyphy/ptII/ptolemy/actor/lib/fmi/test/auto/FMUStepCounterContinuous2.xml
3 ms. Memory: 885760K Free: 586828K (66%)
----------------- Invoking toplevel() on ptolemy.moml.MoMLSimpleApplication@2f12b266
----------------- Done invoking toplevel() on ptolemy.moml.MoMLSimpleApplication@2f12b266
reloadAllAccessors: .FMUStepCounterContinuous2
----------------- testing Thu May 03 00:41:25 UTC 2018 /home/travis/build/icyphy/ptII/ptolemy/actor/lib/fmi/test/auto/FMUStepCounterContinuousTwoFMUs1.xml
----------------- Instantiating /home/travis/build/icyphy/ptII/ptolemy/actor/lib/fmi/test/auto/FMUStepCounterContinuousTwoFMUs1.xml
8 ms. Memory: 885760K Free: 577559K (65%)
----------------- Invoking toplevel() on ptolemy.moml.MoMLSimpleApplication@7b40ffc3
----------------- Done invoking toplevel() on ptolemy.moml.MoMLSimpleApplication@7b40ffc3
reloadAllAccessors: .FMUStepCounterContinuousTwoFMUs
----------------- testing Thu May 03 00:41:25 UTC 2018 /home/travis/build/icyphy/ptII/ptolemy/actor/lib/fmi/test/auto/FMUStepCounterContinuousTwoFMUs2.xml
----------------- Instantiating /home/travis/build/icyphy/ptII/ptolemy/actor/lib/fmi/test/auto/FMUStepCounterContinuousTwoFMUs2.xml
10 ms. Memory: 885760K Free: 568298K (64%)
----------------- Invoking toplevel() on ptolemy.moml.MoMLSimpleApplication@38542ab8
----------------- Done invoking toplevel() on ptolemy.moml.MoMLSimpleApplication@38542ab8
reloadAllAccessors: .FMUStepCounterContinuousTwoFMUs2
----------------- testing Thu May 03 00:41:25 UTC 2018 /home/travis/build/icyphy/ptII/ptolemy/actor/lib/fmi/test/auto/FMUStepCounterExtendedFMI.xml
----------------- Instantiating /home/travis/build/icyphy/ptII/ptolemy/actor/lib/fmi/test/auto/FMUStepCounterExtendedFMI.xml
FMU Builder messages:

Attempting to build /tmp/FMUFile8832912034606951343.tmp/binaries/linux64/stepCounterExtendedFMI.so
architecture: linux64 isWindows: false  command: make target: linux64
make ARCH=linux64 CBITSFLAGS=-fvisibility=hidden PIC=-fPIC SHARED_LIBRARY_SUFFIX=so stepCounterExtendedFMI.so
make[1]: Entering directory `/tmp/FMUFile8832912034606951343.tmp/sources'
echo `pwd`
/tmp/FMUFile8832912034606951343.tmp/sources
cc -g -c -fvisibility=hidden -fPIC -Wall -DFMI_COSIMULATION -I.  stepCounterExtendedFMI.c -o stepCounterExtendedFMI.o
Creating ../binaries/linux64/
cc -fvisibility=hidden -g -Wall -shared -Wl,-soname,stepCounterExtendedFMI.so -DFMI_COSIMULATION -I. -o ../binaries/linux64/stepCounterExtendedFMI.so stepCounterExtendedFMI.o 
rm stepCounterExtendedFMI.o
make[1]: Leaving directory `/tmp/FMUFile8832912034606951343.tmp/sources'

105 ms. Memory: 885760K Free: 552875K (62%)
----------------- Invoking toplevel() on ptolemy.moml.MoMLSimpleApplication@7ad5de66
----------------- Done invoking toplevel() on ptolemy.moml.MoMLSimpleApplication@7ad5de66
reloadAllAccessors: .FMUStepCounterExtendedFMI
----------------- testing Thu May 03 00:41:26 UTC 2018 /home/travis/build/icyphy/ptII/ptolemy/actor/lib/fmi/test/auto/FMUStepCounterPeriodInNameContinuous2.xml
----------------- Instantiating /home/travis/build/icyphy/ptII/ptolemy/actor/lib/fmi/test/auto/FMUStepCounterPeriodInNameContinuous2.xml
FMU Builder messages:

Attempting to build /tmp/FMUFile7954551217331248148.tmp/binaries/linux64/stepCounterPeriodInName.so
architecture: linux64 isWindows: false  command: make target: linux64
make ARCH=linux64 CBITSFLAGS=-fvisibility=hidden PIC=-fPIC SHARED_LIBRARY_SUFFIX=so stepCounterPeriodInName.so
make[1]: Entering directory `/tmp/FMUFile7954551217331248148.tmp/sources'
echo `pwd`
/tmp/FMUFile7954551217331248148.tmp/sources
cc -g -c -fvisibility=hidden -fPIC -Wall -DFMI_COSIMULATION -I.  stepCounterPeriodInName.c -o stepCounterPeriodInName.o
Creating ../binaries/linux64/
cc -fvisibility=hidden -g -Wall -shared -Wl,-soname,stepCounterPeriodInName.so -DFMI_COSIMULATION -I. -o ../binaries/linux64/stepCounterPeriodInName.so stepCounterPeriodInName.o 
rm stepCounterPeriodInName.o
make[1]: Leaving directory `/tmp/FMUFile7954551217331248148.tmp/sources'

94 ms. Memory: 885760K Free: 535834K (60%)
----------------- Invoking toplevel() on ptolemy.moml.MoMLSimpleApplication@71649887
----------------- Done invoking toplevel() on ptolemy.moml.MoMLSimpleApplication@71649887
reloadAllAccessors: .FMUStepCounterPeriodInNameContinuous2
----------------- testing Thu May 03 00:41:26 UTC 2018 /home/travis/build/icyphy/ptII/ptolemy/actor/lib/fmi/test/auto/FMUTankOpen.xml
----------------- Instantiating /home/travis/build/icyphy/ptII/ptolemy/actor/lib/fmi/test/auto/FMUTankOpen.xml
21 ms. Memory: 885760K Free: 523481K (59%)
----------------- Invoking toplevel() on ptolemy.moml.MoMLSimpleApplication@1ee80aaf
----------------- Done invoking toplevel() on ptolemy.moml.MoMLSimpleApplication@1ee80aaf
reloadAllAccessors: .FMUTankOpen
----------------- testing Thu May 03 00:41:26 UTC 2018 /home/travis/build/icyphy/ptII/ptolemy/actor/lib/fmi/test/auto/FMUTwoBallCollision.xml
----------------- Instantiating /home/travis/build/icyphy/ptII/ptolemy/actor/lib/fmi/test/auto/FMUTwoBallCollision.xml
170 ms. Memory: 885760K Free: 480228K (54%)
----------------- Invoking toplevel() on ptolemy.moml.MoMLSimpleApplication@6f622fc9
----------------- Done invoking toplevel() on ptolemy.moml.MoMLSimpleApplication@6f622fc9
reloadAllAccessors: .FMUTwoBallCollision
----------------- testing Thu May 03 00:41:26 UTC 2018 /home/travis/build/icyphy/ptII/ptolemy/actor/lib/fmi/test/auto/FMUValues.xml
----------------- Instantiating /home/travis/build/icyphy/ptII/ptolemy/actor/lib/fmi/test/auto/FMUValues.xml
15 ms. Memory: 885760K Free: 467859K (53%)
----------------- Invoking toplevel() on ptolemy.moml.MoMLSimpleApplication@1ebb4e6b
----------------- Done invoking toplevel() on ptolemy.moml.MoMLSimpleApplication@1ebb4e6b
reloadAllAccessors: .FMUValues
----------------- testing Thu May 03 00:41:26 UTC 2018 /home/travis/build/icyphy/ptII/ptolemy/actor/lib/fmi/test/auto/FMUValues20.xml
----------------- Instantiating /home/travis/build/icyphy/ptII/ptolemy/actor/lib/fmi/test/auto/FMUValues20.xml
14 ms. Memory: 885760K Free: 455513K (51%)
----------------- Invoking toplevel() on ptolemy.moml.MoMLSimpleApplication@5cb8e401
----------------- Done invoking toplevel() on ptolemy.moml.MoMLSimpleApplication@5cb8e401
reloadAllAccessors: .FMUValues20
----------------- testing Thu May 03 00:41:26 UTC 2018 /home/travis/build/icyphy/ptII/ptolemy/actor/lib/fmi/test/auto/FMUValuesME20.xml
----------------- Instantiating /home/travis/build/icyphy/ptII/ptolemy/actor/lib/fmi/test/auto/FMUValuesME20.xml
52 ms. Memory: 885760K Free: 436975K (49%)
----------------- Invoking toplevel() on ptolemy.moml.MoMLSimpleApplication@586edd51
----------------- Done invoking toplevel() on ptolemy.moml.MoMLSimpleApplication@586edd51
reloadAllAccessors: .FMUValuesME20
----------------- testing Thu May 03 00:41:26 UTC 2018 /home/travis/build/icyphy/ptII/ptolemy/actor/lib/fmi/test/auto/FMUVanDerPol.xml
----------------- Instantiating /home/travis/build/icyphy/ptII/ptolemy/actor/lib/fmi/test/auto/FMUVanDerPol.xml
6 ms. Memory: 885760K Free: 426102K (48%)
----------------- Invoking toplevel() on ptolemy.moml.MoMLSimpleApplication@7cc2e9d3
----------------- Done invoking toplevel() on ptolemy.moml.MoMLSimpleApplication@7cc2e9d3
reloadAllAccessors: .FMUVanDerPol
----------------- testing Thu May 03 00:41:26 UTC 2018 /home/travis/build/icyphy/ptII/ptolemy/actor/lib/fmi/test/auto/FMUVanDerPol20.xml
----------------- Instantiating /home/travis/build/icyphy/ptII/ptolemy/actor/lib/fmi/test/auto/FMUVanDerPol20.xml
62 ms. Memory: 885760K Free: 407596K (46%)
----------------- Invoking toplevel() on ptolemy.moml.MoMLSimpleApplication@1803b280
----------------- Done invoking toplevel() on ptolemy.moml.MoMLSimpleApplication@1803b280
reloadAllAccessors: .FMUVanDerPol20
----------------- testing Thu May 03 00:41:26 UTC 2018 /home/travis/build/icyphy/ptII/ptolemy/actor/lib/fmi/test/auto/FMUVanDerPolME20.xml
----------------- Instantiating /home/travis/build/icyphy/ptII/ptolemy/actor/lib/fmi/test/auto/FMUVanDerPolME20.xml
10 ms. Memory: 885760K Free: 392143K (44%)
----------------- Invoking toplevel() on ptolemy.moml.MoMLSimpleApplication@13a89876
----------------- Done invoking toplevel() on ptolemy.moml.MoMLSimpleApplication@13a89876
reloadAllAccessors: .FMUVanDerPolME20
----------------- testing Thu May 03 00:41:26 UTC 2018 /home/travis/build/icyphy/ptII/ptolemy/actor/lib/fmi/test/auto/FMUdq20RC1.xml
----------------- Instantiating /home/travis/build/icyphy/ptII/ptolemy/actor/lib/fmi/test/auto/FMUdq20RC1.xml
4 ms. Memory: 885760K Free: 382882K (43%)
----------------- Invoking toplevel() on ptolemy.moml.MoMLSimpleApplication@51d601e7
----------------- Done invoking toplevel() on ptolemy.moml.MoMLSimpleApplication@51d601e7
reloadAllAccessors: .FMUdq20RC1
----------------- testing Thu May 03 00:41:26 UTC 2018 /home/travis/build/icyphy/ptII/ptolemy/actor/lib/fmi/test/auto/FMUvalues20RC1.xml
----------------- Instantiating /home/travis/build/icyphy/ptII/ptolemy/actor/lib/fmi/test/auto/FMUvalues20RC1.xml
11 ms. Memory: 885760K Free: 370529K (42%)
----------------- Invoking toplevel() on ptolemy.moml.MoMLSimpleApplication@58b30a1f
----------------- Done invoking toplevel() on ptolemy.moml.MoMLSimpleApplication@58b30a1f
reloadAllAccessors: .FMUvalues20RC1
----------------- testing Thu May 03 00:41:26 UTC 2018 /home/travis/build/icyphy/ptII/ptolemy/actor/lib/fmi/test/auto/FMUvanDerPol20RC1.xml
----------------- Instantiating /home/travis/build/icyphy/ptII/ptolemy/actor/lib/fmi/test/auto/FMUvanDerPol20RC1.xml
8 ms. Memory: 885760K Free: 361260K (41%)
----------------- Invoking toplevel() on ptolemy.moml.MoMLSimpleApplication@6f3c58d7
----------------- Done invoking toplevel() on ptolemy.moml.MoMLSimpleApplication@6f3c58d7
reloadAllAccessors: .FMUvanDerPol20RC1
----------------- testing Thu May 03 00:41:26 UTC 2018 /home/travis/build/icyphy/ptII/ptolemy/actor/lib/fmi/test/auto/TestZeroDelayFeedback.xml
----------------- Instantiating /home/travis/build/icyphy/ptII/ptolemy/actor/lib/fmi/test/auto/TestZeroDelayFeedback.xml
FMU Builder messages:

Attempting to build /tmp/FMUFile114366987688807910.tmp/binaries/linux64/Constant.so
architecture: linux64 isWindows: false  command: make target: linux64
make ARCH=linux64 CBITSFLAGS=-fvisibility=hidden PIC=-fPIC SHARED_LIBRARY_SUFFIX=so Constant.so
make[1]: Entering directory `/tmp/FMUFile114366987688807910.tmp/sources'
echo `pwd`
/tmp/FMUFile114366987688807910.tmp/sources
cc -g -c -fvisibility=hidden -fPIC -Wall -DFMI_COSIMULATION -I.  Constant.c -o Constant.o
Creating ../binaries/linux64/
cc -fvisibility=hidden -g -Wall -shared -Wl,-soname,Constant.so -DFMI_COSIMULATION -I. -o ../binaries/linux64/Constant.so Constant.o 
rm Constant.o
make[1]: Leaving directory `/tmp/FMUFile114366987688807910.tmp/sources'

FMU Builder messages:

Attempting to build /tmp/FMUFile2078630200749953202.tmp/binaries/linux64/Integrator.so
architecture: linux64 isWindows: false  command: make target: linux64
make ARCH=linux64 CBITSFLAGS=-fvisibility=hidden PIC=-fPIC SHARED_LIBRARY_SUFFIX=so Integrator.so
make[1]: Entering directory `/tmp/FMUFile2078630200749953202.tmp/sources'
echo `pwd`
/tmp/FMUFile2078630200749953202.tmp/sources
cc -g -c -fvisibility=hidden -fPIC -Wall -DFMI_COSIMULATION -I.  Integrator.c -o Integrator.o
Integrator.c: In function ‘fmi2HybridGetMaxStepSize’:
Integrator.c:112:20: warning: unused variable ‘comp’ [-Wunused-variable]
     ModelInstance *comp = (ModelInstance *)c;
                    ^
In file included from Integrator.c:123:0:
fmuTemplate.c: In function ‘fmi2HybridDoStep’:
fmuTemplate.c:992:12: warning: variable ‘prevState’ set but not used [-Wunused-but-set-variable]
     double prevState[max(NUMBER_OF_STATES, 1)];
            ^
Creating ../binaries/linux64/
cc -fvisibility=hidden -g -Wall -shared -Wl,-soname,Integrator.so -DFMI_COSIMULATION -I. -o ../binaries/linux64/Integrator.so Integrator.o 
rm Integrator.o
make[1]: Leaving directory `/tmp/FMUFile2078630200749953202.tmp/sources'

FMU Builder messages:

Attempting to build /tmp/FMUFile6436773401952240533.tmp/binaries/linux64/Adder.so
architecture: linux64 isWindows: false  command: make target: linux64
make ARCH=linux64 CBITSFLAGS=-fvisibility=hidden PIC=-fPIC SHARED_LIBRARY_SUFFIX=so Adder.so
make[1]: Entering directory `/tmp/FMUFile6436773401952240533.tmp/sources'
echo `pwd`
/tmp/FMUFile6436773401952240533.tmp/sources
cc -g -c -fvisibility=hidden -fPIC -Wall -DFMI_COSIMULATION -I.  Adder.c -o Adder.o
Creating ../binaries/linux64/
cc -fvisibility=hidden -g -Wall -shared -Wl,-soname,Adder.so -DFMI_COSIMULATION -I. -o ../binaries/linux64/Adder.so Adder.o 
rm Adder.o
make[1]: Leaving directory `/tmp/FMUFile6436773401952240533.tmp/sources'

FMU Builder messages:

Attempting to build /tmp/FMUFile1397146338111861199.tmp/binaries/linux64/ZeroCrossingDetector.so
architecture: linux64 isWindows: false  command: make target: linux64
make ARCH=linux64 CBITSFLAGS=-fvisibility=hidden PIC=-fPIC SHARED_LIBRARY_SUFFIX=so ZeroCrossingDetector.so
make[1]: Entering directory `/tmp/FMUFile1397146338111861199.tmp/sources'
echo `pwd`
/tmp/FMUFile1397146338111861199.tmp/sources
cc -g -c -fvisibility=hidden -fPIC -Wall -DFMI_COSIMULATION -I.  ZeroCrossingDetector.c -o ZeroCrossingDetector.o
Creating ../binaries/linux64/
cc -fvisibility=hidden -g -Wall -shared -Wl,-soname,ZeroCrossingDetector.so -DFMI_COSIMULATION -I. -o ../binaries/linux64/ZeroCrossingDetector.so ZeroCrossingDetector.o 
rm ZeroCrossingDetector.o
make[1]: Leaving directory `/tmp/FMUFile1397146338111861199.tmp/sources'

FMU Builder messages:

Attempting to build /tmp/FMUFile1834466703088100548.tmp/binaries/linux64/Delay.so
architecture: linux64 isWindows: false  command: make target: linux64
make ARCH=linux64 CBITSFLAGS=-fvisibility=hidden PIC=-fPIC SHARED_LIBRARY_SUFFIX=so Delay.so
make[1]: Entering directory `/tmp/FMUFile1834466703088100548.tmp/sources'
echo `pwd`
/tmp/FMUFile1834466703088100548.tmp/sources
cc -g -c -fvisibility=hidden -fPIC -Wall -DFMI_COSIMULATION -I.  Delay.c -o Delay.o
Creating ../binaries/linux64/
cc -fvisibility=hidden -g -Wall -shared -Wl,-soname,Delay.so -DFMI_COSIMULATION -I. -o ../binaries/linux64/Delay.so Delay.o 
rm Delay.o
make[1]: Leaving directory `/tmp/FMUFile1834466703088100548.tmp/sources'

1009 ms. Memory: 885760K Free: 313375K (35%)
----------------- Invoking toplevel() on ptolemy.moml.MoMLSimpleApplication@709dc55f
----------------- Done invoking toplevel() on ptolemy.moml.MoMLSimpleApplication@709dc55f
reloadAllAccessors: .TestZeroDelayFeedback
----------------- testing Thu May 03 00:41:28 UTC 2018 /home/travis/build/icyphy/ptII/ptolemy/actor/lib/fmi/test/auto/helloWorldME2.xml
----------------- Instantiating /home/travis/build/icyphy/ptII/ptolemy/actor/lib/fmi/test/auto/helloWorldME2.xml
7 ms. Memory: 885760K Free: 307206K (35%)
----------------- Invoking toplevel() on ptolemy.moml.MoMLSimpleApplication@130093c4
----------------- Done invoking toplevel() on ptolemy.moml.MoMLSimpleApplication@130093c4
reloadAllAccessors: .helloWorldME2
AutoTests.java: About to close Vertx.
AutoTests.java: Vertx closed.
]]></system-out>
  <system-err><![CDATA[java.lang.RuntimeException: Execution failed
	at ptolemy.moml.MoMLSimpleApplication$UnloadThread.run(MoMLSimpleApplication.java:402)
Caused by: ptolemy.kernel.util.IllegalActionException: Could not simulate, inc20_fmiDoStep(Component, /* time */ 0.0, /* stepSize */0.0, /* newStep */ 1) returned fmiError
  in .FMUInc20.inc20
	at ptolemy.actor.lib.fmi.FMUImport._fmiDoStep(FMUImport.java:2739)
	at ptolemy.actor.lib.fmi.FMUImport.fire(FMUImport.java:675)
	at ptolemy.actor.sched.FixedPointDirector._fireActor(FixedPointDirector.java:768)
	at ptolemy.actor.sched.FixedPointDirector.fire(FixedPointDirector.java:244)
	at ptolemy.domains.continuous.kernel.ContinuousDirector.fire(ContinuousDirector.java:494)
	at ptolemy.actor.CompositeActor.fire(CompositeActor.java:455)
	at ptolemy.actor.Manager.iterate(Manager.java:851)
	at ptolemy.actor.Manager.execute(Manager.java:369)
	at ptolemy.actor.Manager.run(Manager.java:1263)
	at ptolemy.actor.Manager$PtolemyRunThread.run(Manager.java:1915)
java.lang.reflect.InvocationTargetException
	at sun.reflect.NativeConstructorAccessorImpl.newInstance0(Native Method)
	at sun.reflect.NativeConstructorAccessorImpl.newInstance(NativeConstructorAccessorImpl.java:62)
	at sun.reflect.DelegatingConstructorAccessorImpl.newInstance(DelegatingConstructorAccessorImpl.java:45)
	at java.lang.reflect.Constructor.newInstance(Constructor.java:423)
	at ptolemy.util.test.junit.AutoKnownFailedTests.RunModel(AutoKnownFailedTests.java:107)
	at sun.reflect.NativeMethodAccessorImpl.invoke0(Native Method)
	at sun.reflect.NativeMethodAccessorImpl.invoke(NativeMethodAccessorImpl.java:62)
	at sun.reflect.DelegatingMethodAccessorImpl.invoke(DelegatingMethodAccessorImpl.java:43)
	at java.lang.reflect.Method.invoke(Method.java:498)
	at org.junit.runners.model.FrameworkMethod$1.runReflectiveCall(FrameworkMethod.java:44)
	at org.junit.internal.runners.model.ReflectiveCallable.run(ReflectiveCallable.java:15)
	at org.junit.runners.model.FrameworkMethod.invokeExplosively(FrameworkMethod.java:41)
	at junitparams.internal.InvokeParameterisedMethod.evaluate(InvokeParameterisedMethod.java:102)
	at org.junit.internal.runners.statements.FailOnTimeout$1.run(FailOnTimeout.java:28)
Caused by: ptolemy.kernel.util.IllegalActionException: Could not simulate, inc20_fmiDoStep(Component, /* time */ 0.0, /* stepSize */0.0, /* newStep */ 1) returned fmiError
  in .FMUInc20.inc20
	at ptolemy.actor.lib.fmi.FMUImport._fmiDoStep(FMUImport.java:2739)
	at ptolemy.actor.lib.fmi.FMUImport.fire(FMUImport.java:675)
	at ptolemy.actor.sched.FixedPointDirector._fireActor(FixedPointDirector.java:768)
	at ptolemy.actor.sched.FixedPointDirector.fire(FixedPointDirector.java:244)
	at ptolemy.domains.continuous.kernel.ContinuousDirector.fire(ContinuousDirector.java:494)
	at ptolemy.actor.CompositeActor.fire(CompositeActor.java:455)
	at ptolemy.actor.Manager.iterate(Manager.java:851)
	at ptolemy.actor.Manager.execute(Manager.java:369)
	at ptolemy.actor.Manager.run(Manager.java:1263)
	at ptolemy.actor.Manager$PtolemyRunThread.run(Manager.java:1915)
]]></system-err>
</testsuite>
