<?xml version="1.0" encoding="UTF-8" ?>
<testsuite errors="0" failures="0" hostname="travis-job-583c5b85-09f6-4877-ae5c-54f7728e9b6f" name="ptolemy.domains.de.test.junit.JUnitTclTest" skipped="0" tests="101" time="135.379" timestamp="2018-05-31T00:42:09">
  <properties>
[...]
</properties>
  <testcase classname="ptolemy.util.test.junit.TclTests" name="[0] /home/travis/build/icyphy/ptII/ptolemy/domains/de/test/DependencyLoop.tcl (RunTclFile)" time="0.817" />
  <testcase classname="ptolemy.util.test.junit.TclTests" name="[1] /home/travis/build/icyphy/ptII/ptolemy/domains/de/test/RunDETestsAsQSS.tcl (RunTclFile)" time="93.517" />
  <testcase classname="ptolemy.util.test.junit.AutoKnownFailedTests" name="[0] /home/travis/build/icyphy/ptII/ptolemy/domains/de/test/auto/knownFailedTests/DESDFClockTest.xml (RunModel)" time="2.042" />
  <testcase classname="ptolemy.util.test.junit.AutoKnownFailedTests" name="[1] /home/travis/build/icyphy/ptII/ptolemy/domains/de/test/auto/knownFailedTests/DirectFeedback.xml (RunModel)" time="0.017" />
  <testcase classname="ptolemy.util.test.junit.AutoKnownFailedTests" name="[2] /home/travis/build/icyphy/ptII/ptolemy/domains/de/test/auto/knownFailedTests/FSMSource.xml (RunModel)" time="0.035" />
  <testcase classname="ptolemy.util.test.junit.AutoKnownFailedTests" name="[3] /home/travis/build/icyphy/ptII/ptolemy/domains/de/test/auto/knownFailedTests/HierarchicalModel.xml (RunModel)" time="0.032" />
  <testcase classname="ptolemy.util.test.junit.AutoKnownFailedTests" name="[4] /home/travis/build/icyphy/ptII/ptolemy/domains/de/test/auto/knownFailedTests/dependencyLoop.xml (RunModel)" time="0.025" />
  <testcase classname="ptolemy.util.test.junit.AutoKnownFailedTests" name="[5] /home/travis/build/icyphy/ptII/ptolemy/domains/de/test/auto/knownFailedTests/dependencyLoop2.xml (RunModel)" time="0.031" />
  <testcase classname="ptolemy.util.test.junit.AutoNameArchTests" name="[0] ThereAreNoAutoArchTests (RunModel)" time="0.005" />
  <testcase classname="ptolemy.util.test.junit.AutoTests" name="[0] /home/travis/build/icyphy/ptII/ptolemy/domains/de/test/auto/ActorDepthCalculation_actorWithoutPorts.xml (RunModel)" time="0.01" />
  <testcase classname="ptolemy.util.test.junit.AutoTests" name="[1] /home/travis/build/icyphy/ptII/ptolemy/domains/de/test/auto/AssemblyLine.xml (RunModel)" time="0.018" />
  <testcase classname="ptolemy.util.test.junit.AutoTests" name="[2] /home/travis/build/icyphy/ptII/ptolemy/domains/de/test/auto/CQBug1.xml (RunModel)" time="0.008" />
  <testcase classname="ptolemy.util.test.junit.AutoTests" name="[3] /home/travis/build/icyphy/ptII/ptolemy/domains/de/test/auto/CancelFireAt.xml (RunModel)" time="0.007" />
  <testcase classname="ptolemy.util.test.junit.AutoTests" name="[4] /home/travis/build/icyphy/ptII/ptolemy/domains/de/test/auto/CausalityAndComposabilityAnalysis.xml (RunModel)" time="0.011" />
  <testcase classname="ptolemy.util.test.junit.AutoTests" name="[5] /home/travis/build/icyphy/ptII/ptolemy/domains/de/test/auto/CausalityInterface1.xml (RunModel)" time="0.011" />
  <testcase classname="ptolemy.util.test.junit.AutoTests" name="[6] /home/travis/build/icyphy/ptII/ptolemy/domains/de/test/auto/CausalityInterface15.xml (RunModel)" time="0.011" />
  <testcase classname="ptolemy.util.test.junit.AutoTests" name="[7] /home/travis/build/icyphy/ptII/ptolemy/domains/de/test/auto/CausalityInterface2.xml (RunModel)" time="0.008" />
  <testcase classname="ptolemy.util.test.junit.AutoTests" name="[8] /home/travis/build/icyphy/ptII/ptolemy/domains/de/test/auto/CausalityInterface3.xml (RunModel)" time="0.009" />
  <testcase classname="ptolemy.util.test.junit.AutoTests" name="[9] /home/travis/build/icyphy/ptII/ptolemy/domains/de/test/auto/ClockDrift.xml (RunModel)" time="0.037" />
  <testcase classname="ptolemy.util.test.junit.AutoTests" name="[10] /home/travis/build/icyphy/ptII/ptolemy/domains/de/test/auto/ClockDriftAndValueChange.xml (RunModel)" time="0.025" />
  <testcase classname="ptolemy.util.test.junit.AutoTests" name="[11] /home/travis/build/icyphy/ptII/ptolemy/domains/de/test/auto/ClockDriftChange.xml (RunModel)" time="0.024" />
  <testcase classname="ptolemy.util.test.junit.AutoTests" name="[12] /home/travis/build/icyphy/ptII/ptolemy/domains/de/test/auto/ComposableCausalityAnalysis.xml (RunModel)" time="0.013" />
  <testcase classname="ptolemy.util.test.junit.AutoTests" name="[13] /home/travis/build/icyphy/ptII/ptolemy/domains/de/test/auto/DEFixedPointLimitation.xml (RunModel)" time="0.009" />
  <testcase classname="ptolemy.util.test.junit.AutoTests" name="[14] /home/travis/build/icyphy/ptII/ptolemy/domains/de/test/auto/DEScheduleTest.xml (RunModel)" time="0.007" />
  <testcase classname="ptolemy.util.test.junit.AutoTests" name="[15] /home/travis/build/icyphy/ptII/ptolemy/domains/de/test/auto/DEinDEwithStartTimes.xml (RunModel)" time="0.013" />
  <testcase classname="ptolemy.util.test.junit.AutoTests" name="[16] /home/travis/build/icyphy/ptII/ptolemy/domains/de/test/auto/DEinDEwithStartTimes2.xml (RunModel)" time="0.011" />
  <testcase classname="ptolemy.util.test.junit.AutoTests" name="[17] /home/travis/build/icyphy/ptII/ptolemy/domains/de/test/auto/DateDemo.xml (RunModel)" time="0.027" />
  <testcase classname="ptolemy.util.test.junit.AutoTests" name="[18] /home/travis/build/icyphy/ptII/ptolemy/domains/de/test/auto/DateToEvent.xml (RunModel)" time="2.03" />
  <testcase classname="ptolemy.util.test.junit.AutoTests" name="[19] /home/travis/build/icyphy/ptII/ptolemy/domains/de/test/auto/DepthTest1.xml (RunModel)" time="0.009" />
  <testcase classname="ptolemy.util.test.junit.AutoTests" name="[20] /home/travis/build/icyphy/ptII/ptolemy/domains/de/test/auto/DepthTest2.xml (RunModel)" time="0.023" />
  <testcase classname="ptolemy.util.test.junit.AutoTests" name="[21] /home/travis/build/icyphy/ptII/ptolemy/domains/de/test/auto/DepthTest3.xml (RunModel)" time="0.011" />
  <testcase classname="ptolemy.util.test.junit.AutoTests" name="[22] /home/travis/build/icyphy/ptII/ptolemy/domains/de/test/auto/DepthTest4.xml (RunModel)" time="0.012" />
  <testcase classname="ptolemy.util.test.junit.AutoTests" name="[23] /home/travis/build/icyphy/ptII/ptolemy/domains/de/test/auto/DepthTest5.xml (RunModel)" time="0.016" />
  <testcase classname="ptolemy.util.test.junit.AutoTests" name="[24] /home/travis/build/icyphy/ptII/ptolemy/domains/de/test/auto/DepthTest6.xml (RunModel)" time="0.018" />
  <testcase classname="ptolemy.util.test.junit.AutoTests" name="[25] /home/travis/build/icyphy/ptII/ptolemy/domains/de/test/auto/DepthTest7.xml (RunModel)" time="0.018" />
  <testcase classname="ptolemy.util.test.junit.AutoTests" name="[26] /home/travis/build/icyphy/ptII/ptolemy/domains/de/test/auto/EventToDate.xml (RunModel)" time="3.039" />
  <testcase classname="ptolemy.util.test.junit.AutoTests" name="[27] /home/travis/build/icyphy/ptII/ptolemy/domains/de/test/auto/FSM1.xml (RunModel)" time="0.064" />
  <testcase classname="ptolemy.util.test.junit.AutoTests" name="[28] /home/travis/build/icyphy/ptII/ptolemy/domains/de/test/auto/FSM7.xml (RunModel)" time="0.034" />
  <testcase classname="ptolemy.util.test.junit.AutoTests" name="[29] /home/travis/build/icyphy/ptII/ptolemy/domains/de/test/auto/Inspection.xml (RunModel)" time="0.055" />
  <testcase classname="ptolemy.util.test.junit.AutoTests" name="[30] /home/travis/build/icyphy/ptII/ptolemy/domains/de/test/auto/Iteration.xml (RunModel)" time="0.021" />
  <testcase classname="ptolemy.util.test.junit.AutoTests" name="[31] /home/travis/build/icyphy/ptII/ptolemy/domains/de/test/auto/LineFault.xml (RunModel)" time="0.605" />
  <testcase classname="ptolemy.util.test.junit.AutoTests" name="[32] /home/travis/build/icyphy/ptII/ptolemy/domains/de/test/auto/MergeModel1Add.xml (RunModel)" time="0.046" />
  <testcase classname="ptolemy.util.test.junit.AutoTests" name="[33] /home/travis/build/icyphy/ptII/ptolemy/domains/de/test/auto/MergeModel2Add.xml (RunModel)" time="0.04" />
  <testcase classname="ptolemy.util.test.junit.AutoTests" name="[34] /home/travis/build/icyphy/ptII/ptolemy/domains/de/test/auto/MergeModel3Add.xml (RunModel)" time="0.046" />
  <testcase classname="ptolemy.util.test.junit.AutoTests" name="[35] /home/travis/build/icyphy/ptII/ptolemy/domains/de/test/auto/MergeWithoutDiscard.xml (RunModel)" time="0.013" />
  <testcase classname="ptolemy.util.test.junit.AutoTests" name="[36] /home/travis/build/icyphy/ptII/ptolemy/domains/de/test/auto/Modal1.xml (RunModel)" time="0.036" />
  <testcase classname="ptolemy.util.test.junit.AutoTests" name="[37] /home/travis/build/icyphy/ptII/ptolemy/domains/de/test/auto/Modal2.xml (RunModel)" time="0.035" />
  <testcase classname="ptolemy.util.test.junit.AutoTests" name="[38] /home/travis/build/icyphy/ptII/ptolemy/domains/de/test/auto/Modal3.xml (RunModel)" time="0.043" />
  <testcase classname="ptolemy.util.test.junit.AutoTests" name="[39] /home/travis/build/icyphy/ptII/ptolemy/domains/de/test/auto/Modal4.xml (RunModel)" time="0.033" />
  <testcase classname="ptolemy.util.test.junit.AutoTests" name="[40] /home/travis/build/icyphy/ptII/ptolemy/domains/de/test/auto/Modal5.xml (RunModel)" time="0.031" />
  <testcase classname="ptolemy.util.test.junit.AutoTests" name="[41] /home/travis/build/icyphy/ptII/ptolemy/domains/de/test/auto/Modal6.xml (RunModel)" time="0.032" />
  <testcase classname="ptolemy.util.test.junit.AutoTests" name="[42] /home/travis/build/icyphy/ptII/ptolemy/domains/de/test/auto/Modal7.xml (RunModel)" time="0.031" />
  <testcase classname="ptolemy.util.test.junit.AutoTests" name="[43] /home/travis/build/icyphy/ptII/ptolemy/domains/de/test/auto/ModalModel.xml (RunModel)" time="0.196" />
  <testcase classname="ptolemy.util.test.junit.AutoTests" name="[44] /home/travis/build/icyphy/ptII/ptolemy/domains/de/test/auto/ModalSource.xml (RunModel)" time="0.021" />
  <testcase classname="ptolemy.util.test.junit.AutoTests" name="[45] /home/travis/build/icyphy/ptII/ptolemy/domains/de/test/auto/NonInterruptibleTimerZeroDelay.xml (RunModel)" time="0.012" />
  <testcase classname="ptolemy.util.test.junit.AutoTests" name="[46] /home/travis/build/icyphy/ptII/ptolemy/domains/de/test/auto/OpenQueueingNetwork.xml (RunModel)" time="2.368" />
  <testcase classname="ptolemy.util.test.junit.AutoTests" name="[47] /home/travis/build/icyphy/ptII/ptolemy/domains/de/test/auto/OpenQueuingNetwork.xml (RunModel)" time="0.244" />
  <testcase classname="ptolemy.util.test.junit.AutoTests" name="[48] /home/travis/build/icyphy/ptII/ptolemy/domains/de/test/auto/PeriodicSampler.xml (RunModel)" time="0.009" />
  <testcase classname="ptolemy.util.test.junit.AutoTests" name="[49] /home/travis/build/icyphy/ptII/ptolemy/domains/de/test/auto/PersistentIO.xml (RunModel)" time="0.022" />
  <testcase classname="ptolemy.util.test.junit.AutoTests" name="[50] /home/travis/build/icyphy/ptII/ptolemy/domains/de/test/auto/PortParameterResetOnInitialize.xml (RunModel)" time="0.01" />
  <testcase classname="ptolemy.util.test.junit.AutoTests" name="[51] /home/travis/build/icyphy/ptII/ptolemy/domains/de/test/auto/PortParameterUpdates.xml (RunModel)" time="0.014" />
  <testcase classname="ptolemy.util.test.junit.AutoTests" name="[52] /home/travis/build/icyphy/ptII/ptolemy/domains/de/test/auto/QueueAndServer.xml (RunModel)" time="0.021" />
  <testcase classname="ptolemy.util.test.junit.AutoTests" name="[53] /home/travis/build/icyphy/ptII/ptolemy/domains/de/test/auto/Records.xml (RunModel)" time="0.014" />
  <testcase classname="ptolemy.util.test.junit.AutoTests" name="[54] /home/travis/build/icyphy/ptII/ptolemy/domains/de/test/auto/ResetTransitionWithStartTime1.xml (RunModel)" time="0.02" />
  <testcase classname="ptolemy.util.test.junit.AutoTests" name="[55] /home/travis/build/icyphy/ptII/ptolemy/domains/de/test/auto/ResetTransitionWithStartTime2.xml (RunModel)" time="0.02" />
  <testcase classname="ptolemy.util.test.junit.AutoTests" name="[56] /home/travis/build/icyphy/ptII/ptolemy/domains/de/test/auto/ResetTransitionWithStartTime3.xml (RunModel)" time="0.023" />
  <testcase classname="ptolemy.util.test.junit.AutoTests" name="[57] /home/travis/build/icyphy/ptII/ptolemy/domains/de/test/auto/ResetTransitionWithStartTime4.xml (RunModel)" time="0.02" />
  <testcase classname="ptolemy.util.test.junit.AutoTests" name="[58] /home/travis/build/icyphy/ptII/ptolemy/domains/de/test/auto/ResettableTimer1.xml (RunModel)" time="0.01" />
  <testcase classname="ptolemy.util.test.junit.AutoTests" name="[59] /home/travis/build/icyphy/ptII/ptolemy/domains/de/test/auto/ResettableTimer2.xml (RunModel)" time="0.009" />
  <testcase classname="ptolemy.util.test.junit.AutoTests" name="[60] /home/travis/build/icyphy/ptII/ptolemy/domains/de/test/auto/ResettableTimer3.xml (RunModel)" time="0.01" />
  <testcase classname="ptolemy.util.test.junit.AutoTests" name="[61] /home/travis/build/icyphy/ptII/ptolemy/domains/de/test/auto/ResettableTimer4.xml (RunModel)" time="0.009" />
  <testcase classname="ptolemy.util.test.junit.AutoTests" name="[62] /home/travis/build/icyphy/ptII/ptolemy/domains/de/test/auto/ResettableTimer5.xml (RunModel)" time="0.01" />
  <testcase classname="ptolemy.util.test.junit.AutoTests" name="[63] /home/travis/build/icyphy/ptII/ptolemy/domains/de/test/auto/ResettableTimer6.xml (RunModel)" time="0.025" />
  <testcase classname="ptolemy.util.test.junit.AutoTests" name="[64] /home/travis/build/icyphy/ptII/ptolemy/domains/de/test/auto/ServerZeroDelay.xml (RunModel)" time="0.025" />
  <testcase classname="ptolemy.util.test.junit.AutoTests" name="[65] /home/travis/build/icyphy/ptII/ptolemy/domains/de/test/auto/SmartSender.xml (RunModel)" time="3.01" />
  <testcase classname="ptolemy.util.test.junit.AutoTests" name="[66] /home/travis/build/icyphy/ptII/ptolemy/domains/de/test/auto/ThreadedComposite.xml (RunModel)" time="0.189" />
  <testcase classname="ptolemy.util.test.junit.AutoTests" name="[67] /home/travis/build/icyphy/ptII/ptolemy/domains/de/test/auto/Time.xml (RunModel)" time="0.429" />
  <testcase classname="ptolemy.util.test.junit.AutoTests" name="[68] /home/travis/build/icyphy/ptII/ptolemy/domains/de/test/auto/TimeDelayZeroDelay.xml (RunModel)" time="0.012" />
  <testcase classname="ptolemy.util.test.junit.AutoTests" name="[69] /home/travis/build/icyphy/ptII/ptolemy/domains/de/test/auto/TimerZeroDelay.xml (RunModel)" time="0.007" />
  <testcase classname="ptolemy.util.test.junit.AutoTests" name="[70] /home/travis/build/icyphy/ptII/ptolemy/domains/de/test/auto/TimingParadox.xml (RunModel)" time="0.422" />
  <testcase classname="ptolemy.util.test.junit.AutoTests" name="[71] /home/travis/build/icyphy/ptII/ptolemy/domains/de/test/auto/TransferInputs.xml (RunModel)" time="0.014" />
  <testcase classname="ptolemy.util.test.junit.AutoTests" name="[72] /home/travis/build/icyphy/ptII/ptolemy/domains/de/test/auto/TransferOutputs2.xml (RunModel)" time="0.018" />
  <testcase classname="ptolemy.util.test.junit.AutoTests" name="[73] /home/travis/build/icyphy/ptII/ptolemy/domains/de/test/auto/Trilateration.xml (RunModel)" time="12.134" />
  <testcase classname="ptolemy.util.test.junit.AutoTests" name="[74] /home/travis/build/icyphy/ptII/ptolemy/domains/de/test/auto/TwoSigmaDelta.xml (RunModel)" time="2.327" />
  <testcase classname="ptolemy.util.test.junit.AutoTests" name="[75] /home/travis/build/icyphy/ptII/ptolemy/domains/de/test/auto/VariableDelay.xml (RunModel)" time="0.019" />
  <testcase classname="ptolemy.util.test.junit.AutoTests" name="[76] /home/travis/build/icyphy/ptII/ptolemy/domains/de/test/auto/VariableDelay2.xml (RunModel)" time="0.011" />
  <testcase classname="ptolemy.util.test.junit.AutoTests" name="[77] /home/travis/build/icyphy/ptII/ptolemy/domains/de/test/auto/VariableDelayZeroDelay.xml (RunModel)" time="0.014" />
  <testcase classname="ptolemy.util.test.junit.AutoTests" name="[78] /home/travis/build/icyphy/ptII/ptolemy/domains/de/test/auto/VariableDelayZeroDelay2.xml (RunModel)" time="0.02" />
  <testcase classname="ptolemy.util.test.junit.AutoTests" name="[79] /home/travis/build/icyphy/ptII/ptolemy/domains/de/test/auto/deInCt.xml (RunModel)" time="0.017" />
  <testcase classname="ptolemy.util.test.junit.AutoTests" name="[80] /home/travis/build/icyphy/ptII/ptolemy/domains/de/test/auto/deInCt2.xml (RunModel)" time="0.02" />
  <testcase classname="ptolemy.util.test.junit.AutoTests" name="[81] /home/travis/build/icyphy/ptII/ptolemy/domains/de/test/auto/dynamicCausalityInterface1.xml (RunModel)" time="0.02" />
  <testcase classname="ptolemy.util.test.junit.AutoTests" name="[82] /home/travis/build/icyphy/ptII/ptolemy/domains/de/test/auto/fsm_de_test.xml (RunModel)" time="0.028" />
  <testcase classname="ptolemy.util.test.junit.AutoTests" name="[83] /home/travis/build/icyphy/ptII/ptolemy/domains/de/test/auto/functionDependencyReconstruction.xml (RunModel)" time="0.035" />
  <testcase classname="ptolemy.util.test.junit.AutoTests" name="[84] /home/travis/build/icyphy/ptII/ptolemy/domains/de/test/auto/multirate.xml (RunModel)" time="0.017" />
  <testcase classname="ptolemy.util.test.junit.AutoTests" name="[85] /home/travis/build/icyphy/ptII/ptolemy/domains/de/test/auto/multirate2.xml (RunModel)" time="0.018" />
  <testcase classname="ptolemy.util.test.junit.AutoTests" name="[86] /home/travis/build/icyphy/ptII/ptolemy/domains/de/test/auto/realtime.xml (RunModel)" time="10.012" />
  <testcase classname="ptolemy.util.test.junit.AutoTests" name="[87] /home/travis/build/icyphy/ptII/ptolemy/domains/de/test/auto/relationGroup.xml (RunModel)" time="0.009" />
  <testcase classname="ptolemy.util.test.junit.AutoTests" name="[88] /home/travis/build/icyphy/ptII/ptolemy/domains/de/test/auto/relationGroup2.xml (RunModel)" time="0.005" />
  <testcase classname="ptolemy.util.test.junit.AutoTests" name="[89] /home/travis/build/icyphy/ptII/ptolemy/domains/de/test/auto/sortWithOpaquePorts.xml (RunModel)" time="0.016" />
  <testcase classname="ptolemy.util.test.junit.AutoTests" name="[90] /home/travis/build/icyphy/ptII/ptolemy/domains/de/test/auto/transferInputsandOutputs.xml (RunModel)" time="0.014" />
  <testcase classname="ptolemy.util.test.junit.AutoTests" name="[91] /home/travis/build/icyphy/ptII/ptolemy/domains/de/test/auto/triggerType.xml (RunModel)" time="0.008" />
  <system-out><![CDATA[/home/travis/build/icyphy/ptII/ptolemy/domains/de/test/DependencyLoop.tcl
testDefs.tcl: setting time out to 9000 seconds at Thu May 31 00:42:09 UTC 2018
19 ms. Memory: 116224K Free: 94927K (82%)
11 ms. Memory: 146944K Free: 137841K (94%)
/home/travis/build/icyphy/ptII/ptolemy/domains/de/test/RunDETestsAsQSS.tcl
Run the DE tests using ptolemy.domains.qss.test.QSSDirectorTest, which extends QSSDirector and prints a message in the constructors.
------------------ testing $PTII/ptolemy/domains/de/test/auto/knownFailedTests/dependencyLoop.xml (Known Failure) 
13 ms. Memory: 146944K Free: 133563K (91%)


==== $PTIIhome/travis/build/icyphy/ptII/ptolemy/domains/de/test/../../../../: Auto Automatic test in file $PTII/ptolemy/domains/de/test/auto/knownFailedTests/dependencyLoop.xml
==== Contents of test case:

	    # FIXME: we should use $relativeFilename here, but it
	    # might have backslashes under Windows, which causes no end
	    # of trouble.
	    createAndExecute $file
	    list {}
	
.... Test generated KNOWN error:
    while executing
ptolemy.kernel.util.IllegalActionException: Found a zero delay loop containing .dependencyLoop.original
  in .dependencyLoop and .dependencyLoop.original
	at ptolemy.actor.util.CausalityInterfaceForComposites._computeOutputPortDepth(CausalityInterfaceForComposites.java:759)
	at ptolemy.actor.util.CausalityInterfaceForComposites._computeInputDepth(CausalityInterfaceForComposites.java:696)
	at ptolemy.actor.util.CausalityInterfaceForComposites._computeOutputPortDepth(CausalityInterfaceForComposites.java:765)
	at ptolemy.actor.util.CausalityInterfaceForComposites._computeInputDepth(CausalityInterfaceForComposites.java:696)
	at ptolemy.actor.util.CausalityInterfaceForComposites._computeOutputPortDepth(CausalityInterfaceForComposites.java:765)
	at ptolemy.actor.util.CausalityInterfaceForComposites._computeInputDepth(CausalityInterfaceForComposites.java:696)
	at ptolemy.actor.util.CausalityInterfaceForComposites._computeActorDepth(CausalityInterfaceForComposites.java:532)
	at ptolemy.actor.util.CausalityInterfaceForComposites.checkForCycles(CausalityInterfaceForComposites.java:96)
	at ptolemy.domains.de.kernel.DEDirector.preinitialize(DEDirector.java:1337)
	at ptolemy.actor.CompositeActor.preinitialize(CompositeActor.java:1828)
	at ptolemy.actor.Manager.preinitializeAndResolveTypes(Manager.java:1040)
	at ptolemy.actor.Manager.initialize(Manager.java:710)
	at ptolemy.actor.Manager.execute(Manager.java:356)
	at ptolemy.actor.Manager.run(Manager.java:1263)
	at ptolemy.actor.Manager$PtolemyRunThread.run(Manager.java:1915)

    while executing
ptolemy.kernel.util.IllegalActionException: Found a zero delay loop containing .dependencyLoop.original
  in .dependencyLoop and .dependencyLoop.original
    while executing
"java::new ptolemy.moml.MoMLSimpleApplication $file
"
    (procedure "createAndExecute" line 2)
    invoked from within
"createAndExecute $file"
    ("uplevel" body line 5)
    invoked from within
"uplevel $contents_of_test"
------------------ testing $PTII/ptolemy/domains/de/test/auto/knownFailedTests/DESDFClockTest.xml (Known Failure) 
2084 ms. Memory: 146944K Free: 117716K (80%)


==== $PTIIhome/travis/build/icyphy/ptII/ptolemy/domains/de/test/../../../../: Auto Automatic test in file $PTII/ptolemy/domains/de/test/auto/knownFailedTests/DESDFClockTest.xml
==== Contents of test case:

	    # FIXME: we should use $relativeFilename here, but it
	    # might have backslashes under Windows, which causes no end
	    # of trouble.
	    createAndExecute $file
	    list {}
	
.... Test generated KNOWN error:
    while executing
ptolemy.kernel.util.IllegalActionException: Actor is not ready to fire.  Perhaps UpSample.prefire() returned false? Try debugging the actor by selecting "Listen to Actor".  Also, for SDF check moml for tokenConsumptionRate on input.
  in .DESDFClockTest.Play Bell.Copy1:SDF Director and .DESDFClockTest.Play Bell.UpSample
	at ptolemy.actor.sched.StaticSchedulingDirector.fire(StaticSchedulingDirector.java:227)
	at ptolemy.domains.sdf.kernel.SDFDirector.fire(SDFDirector.java:500)
	at ptolemy.actor.CompositeActor.fire(CompositeActor.java:455)
	at ptolemy.domains.de.kernel.DEDirector._fire(DEDirector.java:1948)
	at ptolemy.domains.de.kernel.DEDirector.fire(DEDirector.java:502)
	at ptolemy.actor.CompositeActor.fire(CompositeActor.java:455)
	at ptolemy.actor.Manager.iterate(Manager.java:851)
	at ptolemy.actor.Manager.execute(Manager.java:369)
	at ptolemy.actor.Manager.run(Manager.java:1263)
	at ptolemy.actor.Manager$PtolemyRunThread.run(Manager.java:1915)

    while executing
ptolemy.kernel.util.IllegalActionException: Actor is not ready to fire.  Perhaps UpSample.prefire() returned false? Try debugging the actor by selecting "Listen to Actor".  Also, for SDF check moml for tokenConsumptionRate on input.
  in .DESDFClockTest.Play Bell.Copy1:SDF Director and .DESDFClockTest.Play Bell.UpSample
    while executing
"java::new ptolemy.moml.MoMLSimpleApplication $file
"
    (procedure "createAndExecute" line 2)
    invoked from within
"createAndExecute $file"
    ("uplevel" body line 5)
    invoked from within
"uplevel $contents_of_test"
------------------ testing $PTII/ptolemy/domains/de/test/auto/knownFailedTests/FSMSource.xml (Known Failure) 
45 ms. Memory: 146944K Free: 108732K (74%)
!!!! Auto was marked as failing, but now passes
------------------ testing $PTII/ptolemy/domains/de/test/auto/knownFailedTests/dependencyLoop2.xml (Known Failure) 
10 ms. Memory: 146944K Free: 106841K (73%)


==== $PTIIhome/travis/build/icyphy/ptII/ptolemy/domains/de/test/../../../../: Auto Automatic test in file $PTII/ptolemy/domains/de/test/auto/knownFailedTests/dependencyLoop2.xml
==== Contents of test case:

	    # FIXME: we should use $relativeFilename here, but it
	    # might have backslashes under Windows, which causes no end
	    # of trouble.
	    createAndExecute $file
	    list {}
	
.... Test generated KNOWN error:
    while executing
ptolemy.kernel.util.IllegalActionException: Found a zero delay loop containing .dependencyLoop2.original
  in .dependencyLoop2 and .dependencyLoop2.original
	at ptolemy.actor.util.CausalityInterfaceForComposites._computeOutputPortDepth(CausalityInterfaceForComposites.java:759)
	at ptolemy.actor.util.CausalityInterfaceForComposites._computeInputDepth(CausalityInterfaceForComposites.java:696)
	at ptolemy.actor.util.CausalityInterfaceForComposites._computeOutputPortDepth(CausalityInterfaceForComposites.java:765)
	at ptolemy.actor.util.CausalityInterfaceForComposites._computeInputDepth(CausalityInterfaceForComposites.java:696)
	at ptolemy.actor.util.CausalityInterfaceForComposites._computeOutputPortDepth(CausalityInterfaceForComposites.java:765)
	at ptolemy.actor.util.CausalityInterfaceForComposites._computeInputDepth(CausalityInterfaceForComposites.java:696)
	at ptolemy.actor.util.CausalityInterfaceForComposites._computeActorDepth(CausalityInterfaceForComposites.java:532)
	at ptolemy.actor.util.CausalityInterfaceForComposites.checkForCycles(CausalityInterfaceForComposites.java:96)
	at ptolemy.domains.de.kernel.DEDirector.preinitialize(DEDirector.java:1337)
	at ptolemy.actor.CompositeActor.preinitialize(CompositeActor.java:1828)
	at ptolemy.actor.Manager.preinitializeAndResolveTypes(Manager.java:1040)
	at ptolemy.actor.Manager.initialize(Manager.java:710)
	at ptolemy.actor.Manager.execute(Manager.java:356)
	at ptolemy.actor.Manager.run(Manager.java:1263)
	at ptolemy.actor.Manager$PtolemyRunThread.run(Manager.java:1915)

    while executing
ptolemy.kernel.util.IllegalActionException: Found a zero delay loop containing .dependencyLoop2.original
  in .dependencyLoop2 and .dependencyLoop2.original
    while executing
"java::new ptolemy.moml.MoMLSimpleApplication $file
"
    (procedure "createAndExecute" line 2)
    invoked from within
"createAndExecute $file"
    ("uplevel" body line 5)
    invoked from within
"uplevel $contents_of_test"
------------------ testing $PTII/ptolemy/domains/de/test/auto/knownFailedTests/HierarchicalModel.xml (Known Failure) 
5 ms. Memory: 146944K Free: 86274K (59%)


==== $PTIIhome/travis/build/icyphy/ptII/ptolemy/domains/de/test/../../../../: Auto Automatic test in file $PTII/ptolemy/domains/de/test/auto/knownFailedTests/HierarchicalModel.xml
==== Contents of test case:

	    # FIXME: we should use $relativeFilename here, but it
	    # might have backslashes under Windows, which causes no end
	    # of trouble.
	    createAndExecute $file
	    list {}
	
.... Test generated KNOWN error:
    while executing
ptolemy.kernel.util.IllegalActionException: Found a zero delay loop containing .HierarchicalModel.A
  in .HierarchicalModel and .HierarchicalModel.A
	at ptolemy.actor.util.CausalityInterfaceForComposites._computeOutputPortDepth(CausalityInterfaceForComposites.java:759)
	at ptolemy.actor.util.CausalityInterfaceForComposites._computeInputDepth(CausalityInterfaceForComposites.java:696)
	at ptolemy.actor.util.CausalityInterfaceForComposites._computeOutputPortDepth(CausalityInterfaceForComposites.java:765)
	at ptolemy.actor.util.CausalityInterfaceForComposites._computeInputDepth(CausalityInterfaceForComposites.java:696)
	at ptolemy.actor.util.CausalityInterfaceForComposites._computeOutputPortDepth(CausalityInterfaceForComposites.java:765)
	at ptolemy.actor.util.CausalityInterfaceForComposites._computeInputDepth(CausalityInterfaceForComposites.java:696)
	at ptolemy.actor.util.CausalityInterfaceForComposites._computeActorDepth(CausalityInterfaceForComposites.java:532)
	at ptolemy.actor.util.CausalityInterfaceForComposites.checkForCycles(CausalityInterfaceForComposites.java:96)
	at ptolemy.domains.de.kernel.DEDirector.preinitialize(DEDirector.java:1337)
	at ptolemy.actor.CompositeActor.preinitialize(CompositeActor.java:1828)
	at ptolemy.actor.Manager.preinitializeAndResolveTypes(Manager.java:1040)
	at ptolemy.actor.Manager.initialize(Manager.java:710)
	at ptolemy.actor.Manager.execute(Manager.java:356)
	at ptolemy.actor.Manager.run(Manager.java:1263)
	at ptolemy.actor.Manager$PtolemyRunThread.run(Manager.java:1915)

    while executing
ptolemy.kernel.util.IllegalActionException: Found a zero delay loop containing .HierarchicalModel.A
  in .HierarchicalModel and .HierarchicalModel.A
    while executing
"java::new ptolemy.moml.MoMLSimpleApplication $file
"
    (procedure "createAndExecute" line 2)
    invoked from within
"createAndExecute $file"
    ("uplevel" body line 5)
    invoked from within
"uplevel $contents_of_test"
------------------ testing $PTII/ptolemy/domains/de/test/auto/knownFailedTests/DirectFeedback.xml (Known Failure) 
25 ms. Memory: 146944K Free: 142566K (97%)


==== $PTIIhome/travis/build/icyphy/ptII/ptolemy/domains/de/test/../../../../: Auto Automatic test in file $PTII/ptolemy/domains/de/test/auto/knownFailedTests/DirectFeedback.xml
==== Contents of test case:

	    # FIXME: we should use $relativeFilename here, but it
	    # might have backslashes under Windows, which causes no end
	    # of trouble.
	    createAndExecute $file
	    list {}
	
.... Test generated KNOWN error:
    while executing
ptolemy.kernel.util.IllegalActionException: Test fails in iteration 1.
Value was: 1.0. Should have been: 2.0
  in .DirectFeedback.Test
	at ptolemy.actor.lib.Test.fire(Test.java:268)
	at ptolemy.domains.de.kernel.DEDirector._fire(DEDirector.java:1948)
	at ptolemy.domains.de.kernel.DEDirector.fire(DEDirector.java:502)
	at ptolemy.actor.CompositeActor.fire(CompositeActor.java:455)
	at ptolemy.actor.Manager.iterate(Manager.java:851)
	at ptolemy.actor.Manager.execute(Manager.java:369)
	at ptolemy.actor.Manager.run(Manager.java:1263)
	at ptolemy.actor.Manager$PtolemyRunThread.run(Manager.java:1915)

    while executing
ptolemy.kernel.util.IllegalActionException: Test fails in iteration 1.
Value was: 1.0. Should have been: 2.0
  in .DirectFeedback.Test
    while executing
"java::new ptolemy.moml.MoMLSimpleApplication $file
"
    (procedure "createAndExecute" line 2)
    invoked from within
"createAndExecute $file"
    ("uplevel" body line 5)
    invoked from within
"uplevel $contents_of_test"
------------------ testing $PTII/ptolemy/domains/de/test/auto/ActorDepthCalculation_actorWithoutPorts.xml
auto.tcl: Setting watchdog for 200 seconds at Thu May 31 00:42:13 UTC 2018
4 ms. Memory: 146944K Free: 133584K (91%)
ptolemy.util.test.WatchDog.cancel(): canceling Thu May 31 00:42:13 UTC 2018
auto.tcl: Setting watchdog for 200 seconds at Thu May 31 00:42:13 UTC 2018
5 ms. Memory: 146944K Free: 132543K (90%)
ptolemy.util.test.WatchDog.cancel(): canceling Thu May 31 00:42:13 UTC 2018
------------------ testing $PTII/ptolemy/domains/de/test/auto/AssemblyLine.xml
auto.tcl: Setting watchdog for 200 seconds at Thu May 31 00:42:13 UTC 2018
24 ms. Memory: 208384K Free: 182818K (88%)
ptolemy.util.test.WatchDog.cancel(): canceling Thu May 31 00:42:13 UTC 2018
auto.tcl: Setting watchdog for 200 seconds at Thu May 31 00:42:13 UTC 2018
18 ms. Memory: 208384K Free: 182818K (88%)
ptolemy.util.test.WatchDog.cancel(): canceling Thu May 31 00:42:14 UTC 2018
------------------ testing $PTII/ptolemy/domains/de/test/auto/CQBug1.xml
auto.tcl: Setting watchdog for 200 seconds at Thu May 31 00:42:14 UTC 2018
7 ms. Memory: 208384K Free: 197704K (95%)
ptolemy.util.test.WatchDog.cancel(): canceling Thu May 31 00:42:14 UTC 2018
auto.tcl: Setting watchdog for 200 seconds at Thu May 31 00:42:14 UTC 2018
3 ms. Memory: 208384K Free: 197704K (95%)
ptolemy.util.test.WatchDog.cancel(): canceling Thu May 31 00:42:14 UTC 2018
------------------ testing $PTII/ptolemy/domains/de/test/auto/CancelFireAt.xml
auto.tcl: Setting watchdog for 200 seconds at Thu May 31 00:42:14 UTC 2018
5 ms. Memory: 208384K Free: 201432K (97%)
ptolemy.util.test.WatchDog.cancel(): canceling Thu May 31 00:42:14 UTC 2018
auto.tcl: Setting watchdog for 200 seconds at Thu May 31 00:42:14 UTC 2018
5 ms. Memory: 208384K Free: 199325K (96%)
ptolemy.util.test.WatchDog.cancel(): canceling Thu May 31 00:42:14 UTC 2018
------------------ testing $PTII/ptolemy/domains/de/test/auto/CausalityAndComposabilityAnalysis.xml
auto.tcl: Setting watchdog for 200 seconds at Thu May 31 00:42:14 UTC 2018
9 ms. Memory: 208384K Free: 196816K (94%)
ptolemy.util.test.WatchDog.cancel(): canceling Thu May 31 00:42:14 UTC 2018
auto.tcl: Setting watchdog for 200 seconds at Thu May 31 00:42:14 UTC 2018
7 ms. Memory: 208384K Free: 196479K (94%)
ptolemy.util.test.WatchDog.cancel(): canceling Thu May 31 00:42:14 UTC 2018
------------------ testing $PTII/ptolemy/domains/de/test/auto/CausalityInterface1.xml
auto.tcl: Setting watchdog for 200 seconds at Thu May 31 00:42:14 UTC 2018
13 ms. Memory: 208384K Free: 196417K (94%)
ptolemy.util.test.WatchDog.cancel(): canceling Thu May 31 00:42:14 UTC 2018
auto.tcl: Setting watchdog for 200 seconds at Thu May 31 00:42:14 UTC 2018
13 ms. Memory: 208384K Free: 196417K (94%)
ptolemy.util.test.WatchDog.cancel(): canceling Thu May 31 00:42:14 UTC 2018
------------------ testing $PTII/ptolemy/domains/de/test/auto/CausalityInterface15.xml
auto.tcl: Setting watchdog for 200 seconds at Thu May 31 00:42:14 UTC 2018
12 ms. Memory: 208384K Free: 196406K (94%)
ptolemy.util.test.WatchDog.cancel(): canceling Thu May 31 00:42:14 UTC 2018
auto.tcl: Setting watchdog for 200 seconds at Thu May 31 00:42:14 UTC 2018
9 ms. Memory: 208384K Free: 196406K (94%)
ptolemy.util.test.WatchDog.cancel(): canceling Thu May 31 00:42:14 UTC 2018
------------------ testing $PTII/ptolemy/domains/de/test/auto/CausalityInterface2.xml
auto.tcl: Setting watchdog for 200 seconds at Thu May 31 00:42:14 UTC 2018
6 ms. Memory: 208384K Free: 196728K (94%)
ptolemy.util.test.WatchDog.cancel(): canceling Thu May 31 00:42:14 UTC 2018
auto.tcl: Setting watchdog for 200 seconds at Thu May 31 00:42:14 UTC 2018
4 ms. Memory: 208384K Free: 196390K (94%)
ptolemy.util.test.WatchDog.cancel(): canceling Thu May 31 00:42:14 UTC 2018
------------------ testing $PTII/ptolemy/domains/de/test/auto/CausalityInterface3.xml
auto.tcl: Setting watchdog for 200 seconds at Thu May 31 00:42:14 UTC 2018
4 ms. Memory: 208384K Free: 196404K (94%)
ptolemy.util.test.WatchDog.cancel(): canceling Thu May 31 00:42:14 UTC 2018
auto.tcl: Setting watchdog for 200 seconds at Thu May 31 00:42:14 UTC 2018
6 ms. Memory: 208384K Free: 196404K (94%)
ptolemy.util.test.WatchDog.cancel(): canceling Thu May 31 00:42:14 UTC 2018
------------------ testing $PTII/ptolemy/domains/de/test/auto/ClockDrift.xml
auto.tcl: Setting watchdog for 200 seconds at Thu May 31 00:42:14 UTC 2018
106 ms. Memory: 208384K Free: 187616K (90%)
ptolemy.util.test.WatchDog.cancel(): canceling Thu May 31 00:42:15 UTC 2018
auto.tcl: Setting watchdog for 200 seconds at Thu May 31 00:42:15 UTC 2018
74 ms. Memory: 208384K Free: 185509K (89%)
ptolemy.util.test.WatchDog.cancel(): canceling Thu May 31 00:42:15 UTC 2018
------------------ testing $PTII/ptolemy/domains/de/test/auto/ClockDriftAndValueChange.xml
auto.tcl: Setting watchdog for 200 seconds at Thu May 31 00:42:15 UTC 2018
57 ms. Memory: 208384K Free: 187449K (90%)
ptolemy.util.test.WatchDog.cancel(): canceling Thu May 31 00:42:15 UTC 2018
auto.tcl: Setting watchdog for 200 seconds at Thu May 31 00:42:15 UTC 2018
51 ms. Memory: 208384K Free: 185343K (89%)
ptolemy.util.test.WatchDog.cancel(): canceling Thu May 31 00:42:15 UTC 2018
------------------ testing $PTII/ptolemy/domains/de/test/auto/ClockDriftChange.xml
auto.tcl: Setting watchdog for 200 seconds at Thu May 31 00:42:15 UTC 2018
41 ms. Memory: 208384K Free: 190778K (92%)
ptolemy.util.test.WatchDog.cancel(): canceling Thu May 31 00:42:15 UTC 2018
auto.tcl: Setting watchdog for 200 seconds at Thu May 31 00:42:15 UTC 2018
33 ms. Memory: 208384K Free: 188671K (91%)
ptolemy.util.test.WatchDog.cancel(): canceling Thu May 31 00:42:15 UTC 2018
------------------ testing $PTII/ptolemy/domains/de/test/auto/ComposableCausalityAnalysis.xml
auto.tcl: Setting watchdog for 200 seconds at Thu May 31 00:42:15 UTC 2018
3 ms. Memory: 208384K Free: 196258K (94%)
ptolemy.util.test.WatchDog.cancel(): canceling Thu May 31 00:42:15 UTC 2018
auto.tcl: Setting watchdog for 200 seconds at Thu May 31 00:42:15 UTC 2018
5 ms. Memory: 208384K Free: 194152K (93%)
ptolemy.util.test.WatchDog.cancel(): canceling Thu May 31 00:42:15 UTC 2018
------------------ testing $PTII/ptolemy/domains/de/test/auto/DEFixedPointLimitation.xml
auto.tcl: Setting watchdog for 200 seconds at Thu May 31 00:42:15 UTC 2018
2 ms. Memory: 208384K Free: 196339K (94%)
ptolemy.util.test.WatchDog.cancel(): canceling Thu May 31 00:42:15 UTC 2018
auto.tcl: Setting watchdog for 200 seconds at Thu May 31 00:42:15 UTC 2018
1 ms. Memory: 208384K Free: 196339K (94%)
ptolemy.util.test.WatchDog.cancel(): canceling Thu May 31 00:42:15 UTC 2018
------------------ testing $PTII/ptolemy/domains/de/test/auto/DEScheduleTest.xml
auto.tcl: Setting watchdog for 200 seconds at Thu May 31 00:42:15 UTC 2018
5 ms. Memory: 208384K Free: 198481K (95%)
ptolemy.util.test.WatchDog.cancel(): canceling Thu May 31 00:42:15 UTC 2018
auto.tcl: Setting watchdog for 200 seconds at Thu May 31 00:42:15 UTC 2018
7 ms. Memory: 208384K Free: 196375K (94%)
ptolemy.util.test.WatchDog.cancel(): canceling Thu May 31 00:42:15 UTC 2018
------------------ testing $PTII/ptolemy/domains/de/test/auto/DEinDEwithStartTimes.xml
auto.tcl: Setting watchdog for 200 seconds at Thu May 31 00:42:15 UTC 2018
3 ms. Memory: 208384K Free: 196344K (94%)
ptolemy.util.test.WatchDog.cancel(): canceling Thu May 31 00:42:15 UTC 2018
auto.tcl: Setting watchdog for 200 seconds at Thu May 31 00:42:15 UTC 2018
4 ms. Memory: 208384K Free: 194237K (93%)
ptolemy.util.test.WatchDog.cancel(): canceling Thu May 31 00:42:15 UTC 2018
------------------ testing $PTII/ptolemy/domains/de/test/auto/DEinDEwithStartTimes2.xml
auto.tcl: Setting watchdog for 200 seconds at Thu May 31 00:42:15 UTC 2018
6 ms. Memory: 208384K Free: 196323K (94%)
ptolemy.util.test.WatchDog.cancel(): canceling Thu May 31 00:42:16 UTC 2018
auto.tcl: Setting watchdog for 200 seconds at Thu May 31 00:42:16 UTC 2018
3 ms. Memory: 208384K Free: 194217K (93%)
ptolemy.util.test.WatchDog.cancel(): canceling Thu May 31 00:42:16 UTC 2018
------------------ testing $PTII/ptolemy/domains/de/test/auto/DateDemo.xml
auto.tcl: Setting watchdog for 200 seconds at Thu May 31 00:42:16 UTC 2018
20 ms. Memory: 208384K Free: 188733K (91%)
ptolemy.util.test.WatchDog.cancel(): canceling Thu May 31 00:42:16 UTC 2018
auto.tcl: Setting watchdog for 200 seconds at Thu May 31 00:42:16 UTC 2018
10 ms. Memory: 208384K Free: 186626K (90%)
ptolemy.util.test.WatchDog.cancel(): canceling Thu May 31 00:42:16 UTC 2018
------------------ testing $PTII/ptolemy/domains/de/test/auto/DateToEvent.xml
auto.tcl: Setting watchdog for 200 seconds at Thu May 31 00:42:16 UTC 2018
2021 ms. Memory: 208384K Free: 183434K (88%)
ptolemy.util.test.WatchDog.cancel(): canceling Thu May 31 00:42:18 UTC 2018
auto.tcl: Setting watchdog for 200 seconds at Thu May 31 00:42:18 UTC 2018
2007 ms. Memory: 208384K Free: 180977K (87%)
ptolemy.util.test.WatchDog.cancel(): canceling Thu May 31 00:42:20 UTC 2018
------------------ testing $PTII/ptolemy/domains/de/test/auto/DepthTest1.xml
auto.tcl: Setting watchdog for 200 seconds at Thu May 31 00:42:20 UTC 2018
8 ms. Memory: 208384K Free: 197683K (95%)
ptolemy.util.test.WatchDog.cancel(): canceling Thu May 31 00:42:20 UTC 2018
auto.tcl: Setting watchdog for 200 seconds at Thu May 31 00:42:20 UTC 2018
2 ms. Memory: 208384K Free: 197683K (95%)
ptolemy.util.test.WatchDog.cancel(): canceling Thu May 31 00:42:20 UTC 2018
------------------ testing $PTII/ptolemy/domains/de/test/auto/DepthTest2.xml
auto.tcl: Setting watchdog for 200 seconds at Thu May 31 00:42:20 UTC 2018
13 ms. Memory: 208384K Free: 193869K (93%)
ptolemy.util.test.WatchDog.cancel(): canceling Thu May 31 00:42:20 UTC 2018
auto.tcl: Setting watchdog for 200 seconds at Thu May 31 00:42:20 UTC 2018
7 ms. Memory: 208384K Free: 193869K (93%)
ptolemy.util.test.WatchDog.cancel(): canceling Thu May 31 00:42:20 UTC 2018
------------------ testing $PTII/ptolemy/domains/de/test/auto/DepthTest3.xml
auto.tcl: Setting watchdog for 200 seconds at Thu May 31 00:42:20 UTC 2018
3 ms. Memory: 208384K Free: 198015K (95%)
ptolemy.util.test.WatchDog.cancel(): canceling Thu May 31 00:42:20 UTC 2018
auto.tcl: Setting watchdog for 200 seconds at Thu May 31 00:42:20 UTC 2018
2 ms. Memory: 208384K Free: 198015K (95%)
ptolemy.util.test.WatchDog.cancel(): canceling Thu May 31 00:42:20 UTC 2018
------------------ testing $PTII/ptolemy/domains/de/test/auto/DepthTest4.xml
auto.tcl: Setting watchdog for 200 seconds at Thu May 31 00:42:20 UTC 2018
7 ms. Memory: 208384K Free: 195995K (94%)
ptolemy.util.test.WatchDog.cancel(): canceling Thu May 31 00:42:20 UTC 2018
auto.tcl: Setting watchdog for 200 seconds at Thu May 31 00:42:20 UTC 2018
2 ms. Memory: 208384K Free: 195995K (94%)
ptolemy.util.test.WatchDog.cancel(): canceling Thu May 31 00:42:20 UTC 2018
------------------ testing $PTII/ptolemy/domains/de/test/auto/DepthTest5.xml
auto.tcl: Setting watchdog for 200 seconds at Thu May 31 00:42:20 UTC 2018
5 ms. Memory: 208384K Free: 196280K (94%)
ptolemy.util.test.WatchDog.cancel(): canceling Thu May 31 00:42:20 UTC 2018
auto.tcl: Setting watchdog for 200 seconds at Thu May 31 00:42:20 UTC 2018
3 ms. Memory: 208384K Free: 196280K (94%)
ptolemy.util.test.WatchDog.cancel(): canceling Thu May 31 00:42:20 UTC 2018
------------------ testing $PTII/ptolemy/domains/de/test/auto/DepthTest6.xml
auto.tcl: Setting watchdog for 200 seconds at Thu May 31 00:42:20 UTC 2018
9 ms. Memory: 208384K Free: 196249K (94%)
ptolemy.util.test.WatchDog.cancel(): canceling Thu May 31 00:42:20 UTC 2018
auto.tcl: Setting watchdog for 200 seconds at Thu May 31 00:42:20 UTC 2018
2 ms. Memory: 208384K Free: 196249K (94%)
ptolemy.util.test.WatchDog.cancel(): canceling Thu May 31 00:42:20 UTC 2018
------------------ testing $PTII/ptolemy/domains/de/test/auto/DepthTest7.xml
auto.tcl: Setting watchdog for 200 seconds at Thu May 31 00:42:20 UTC 2018
4 ms. Memory: 208384K Free: 194671K (93%)
ptolemy.util.test.WatchDog.cancel(): canceling Thu May 31 00:42:20 UTC 2018
auto.tcl: Setting watchdog for 200 seconds at Thu May 31 00:42:20 UTC 2018
2 ms. Memory: 208384K Free: 194671K (93%)
ptolemy.util.test.WatchDog.cancel(): canceling Thu May 31 00:42:20 UTC 2018
------------------ testing $PTII/ptolemy/domains/de/test/auto/EventToDate.xml
auto.tcl: Setting watchdog for 200 seconds at Thu May 31 00:42:21 UTC 2018
3011 ms. Memory: 208384K Free: 185388K (89%)
ptolemy.util.test.WatchDog.cancel(): canceling Thu May 31 00:42:24 UTC 2018
auto.tcl: Setting watchdog for 200 seconds at Thu May 31 00:42:24 UTC 2018
3003 ms. Memory: 208384K Free: 185388K (89%)
ptolemy.util.test.WatchDog.cancel(): canceling Thu May 31 00:42:27 UTC 2018
------------------ testing $PTII/ptolemy/domains/de/test/auto/FSM1.xml
auto.tcl: Setting watchdog for 200 seconds at Thu May 31 00:42:27 UTC 2018
19 ms. Memory: 208384K Free: 188939K (91%)
ptolemy.util.test.WatchDog.cancel(): canceling Thu May 31 00:42:27 UTC 2018
auto.tcl: Setting watchdog for 200 seconds at Thu May 31 00:42:27 UTC 2018
17 ms. Memory: 208384K Free: 184726K (89%)
ptolemy.util.test.WatchDog.cancel(): canceling Thu May 31 00:42:27 UTC 2018
------------------ testing $PTII/ptolemy/domains/de/test/auto/FSM7.xml
auto.tcl: Setting watchdog for 200 seconds at Thu May 31 00:42:27 UTC 2018
26 ms. Memory: 208384K Free: 187036K (90%)
ptolemy.util.test.WatchDog.cancel(): canceling Thu May 31 00:42:27 UTC 2018
auto.tcl: Setting watchdog for 200 seconds at Thu May 31 00:42:27 UTC 2018
26 ms. Memory: 208384K Free: 184929K (89%)
ptolemy.util.test.WatchDog.cancel(): canceling Thu May 31 00:42:27 UTC 2018
------------------ testing $PTII/ptolemy/domains/de/test/auto/Inspection.xml
auto.tcl: Setting watchdog for 200 seconds at Thu May 31 00:42:27 UTC 2018
35 ms. Memory: 208384K Free: 188585K (90%)
ptolemy.util.test.WatchDog.cancel(): canceling Thu May 31 00:42:27 UTC 2018
auto.tcl: Setting watchdog for 200 seconds at Thu May 31 00:42:27 UTC 2018
39 ms. Memory: 208384K Free: 186478K (89%)
ptolemy.util.test.WatchDog.cancel(): canceling Thu May 31 00:42:27 UTC 2018
------------------ testing $PTII/ptolemy/domains/de/test/auto/Iteration.xml
auto.tcl: Setting watchdog for 200 seconds at Thu May 31 00:42:27 UTC 2018
9 ms. Memory: 208384K Free: 193935K (93%)
ptolemy.util.test.WatchDog.cancel(): canceling Thu May 31 00:42:27 UTC 2018
auto.tcl: Setting watchdog for 200 seconds at Thu May 31 00:42:27 UTC 2018
16 ms. Memory: 208384K Free: 193935K (93%)
ptolemy.util.test.WatchDog.cancel(): canceling Thu May 31 00:42:27 UTC 2018
------------------ testing $PTII/ptolemy/domains/de/test/auto/LineFault.xml
auto.tcl: Setting watchdog for 200 seconds at Thu May 31 00:42:27 UTC 2018
906 ms. Memory: 208384K Free: 194574K (93%)
ptolemy.util.test.WatchDog.cancel(): canceling Thu May 31 00:42:28 UTC 2018
auto.tcl: Setting watchdog for 200 seconds at Thu May 31 00:42:28 UTC 2018
697 ms. Memory: 208384K Free: 138907K (67%)
ptolemy.util.test.WatchDog.cancel(): canceling Thu May 31 00:42:29 UTC 2018
------------------ testing $PTII/ptolemy/domains/de/test/auto/MergeModel1Add.xml
auto.tcl: Setting watchdog for 200 seconds at Thu May 31 00:42:29 UTC 2018
29 ms. Memory: 331264K Free: 302572K (91%)
ptolemy.util.test.WatchDog.cancel(): canceling Thu May 31 00:42:29 UTC 2018
auto.tcl: Setting watchdog for 200 seconds at Thu May 31 00:42:29 UTC 2018
14 ms. Memory: 331264K Free: 298642K (90%)
ptolemy.util.test.WatchDog.cancel(): canceling Thu May 31 00:42:29 UTC 2018
------------------ testing $PTII/ptolemy/domains/de/test/auto/MergeModel2Add.xml
auto.tcl: Setting watchdog for 200 seconds at Thu May 31 00:42:29 UTC 2018
11 ms. Memory: 331264K Free: 303886K (92%)
ptolemy.util.test.WatchDog.cancel(): canceling Thu May 31 00:42:30 UTC 2018
auto.tcl: Setting watchdog for 200 seconds at Thu May 31 00:42:30 UTC 2018
11 ms. Memory: 331264K Free: 299956K (91%)
ptolemy.util.test.WatchDog.cancel(): canceling Thu May 31 00:42:30 UTC 2018
------------------ testing $PTII/ptolemy/domains/de/test/auto/MergeModel3Add.xml
auto.tcl: Setting watchdog for 200 seconds at Thu May 31 00:42:30 UTC 2018
10 ms. Memory: 331264K Free: 303896K (92%)
ptolemy.util.test.WatchDog.cancel(): canceling Thu May 31 00:42:30 UTC 2018
auto.tcl: Setting watchdog for 200 seconds at Thu May 31 00:42:30 UTC 2018
11 ms. Memory: 331264K Free: 299949K (91%)
ptolemy.util.test.WatchDog.cancel(): canceling Thu May 31 00:42:30 UTC 2018
------------------ testing $PTII/ptolemy/domains/de/test/auto/MergeWithoutDiscard.xml
auto.tcl: Setting watchdog for 200 seconds at Thu May 31 00:42:30 UTC 2018
4 ms. Memory: 331264K Free: 315291K (95%)
ptolemy.util.test.WatchDog.cancel(): canceling Thu May 31 00:42:30 UTC 2018
auto.tcl: Setting watchdog for 200 seconds at Thu May 31 00:42:30 UTC 2018
2 ms. Memory: 331264K Free: 315291K (95%)
ptolemy.util.test.WatchDog.cancel(): canceling Thu May 31 00:42:30 UTC 2018
------------------ testing $PTII/ptolemy/domains/de/test/auto/Modal1.xml
auto.tcl: Setting watchdog for 200 seconds at Thu May 31 00:42:30 UTC 2018
19 ms. Memory: 331264K Free: 309209K (93%)
ptolemy.util.test.WatchDog.cancel(): canceling Thu May 31 00:42:30 UTC 2018
auto.tcl: Setting watchdog for 200 seconds at Thu May 31 00:42:30 UTC 2018
31 ms. Memory: 331264K Free: 305278K (92%)
ptolemy.util.test.WatchDog.cancel(): canceling Thu May 31 00:42:30 UTC 2018
------------------ testing $PTII/ptolemy/domains/de/test/auto/Modal2.xml
auto.tcl: Setting watchdog for 200 seconds at Thu May 31 00:42:30 UTC 2018
17 ms. Memory: 331264K Free: 309090K (93%)
ptolemy.util.test.WatchDog.cancel(): canceling Thu May 31 00:42:30 UTC 2018
auto.tcl: Setting watchdog for 200 seconds at Thu May 31 00:42:30 UTC 2018
23 ms. Memory: 331264K Free: 305159K (92%)
ptolemy.util.test.WatchDog.cancel(): canceling Thu May 31 00:42:30 UTC 2018
------------------ testing $PTII/ptolemy/domains/de/test/auto/Modal3.xml
auto.tcl: Setting watchdog for 200 seconds at Thu May 31 00:42:30 UTC 2018
17 ms. Memory: 331264K Free: 309373K (93%)
ptolemy.util.test.WatchDog.cancel(): canceling Thu May 31 00:42:30 UTC 2018
auto.tcl: Setting watchdog for 200 seconds at Thu May 31 00:42:30 UTC 2018
17 ms. Memory: 331264K Free: 305142K (92%)
ptolemy.util.test.WatchDog.cancel(): canceling Thu May 31 00:42:30 UTC 2018
------------------ testing $PTII/ptolemy/domains/de/test/auto/Modal4.xml
auto.tcl: Setting watchdog for 200 seconds at Thu May 31 00:42:30 UTC 2018
22 ms. Memory: 331264K Free: 309085K (93%)
ptolemy.util.test.WatchDog.cancel(): canceling Thu May 31 00:42:30 UTC 2018
auto.tcl: Setting watchdog for 200 seconds at Thu May 31 00:42:30 UTC 2018
14 ms. Memory: 331264K Free: 305139K (92%)
ptolemy.util.test.WatchDog.cancel(): canceling Thu May 31 00:42:30 UTC 2018
------------------ testing $PTII/ptolemy/domains/de/test/auto/Modal5.xml
auto.tcl: Setting watchdog for 200 seconds at Thu May 31 00:42:30 UTC 2018
18 ms. Memory: 331264K Free: 309073K (93%)
ptolemy.util.test.WatchDog.cancel(): canceling Thu May 31 00:42:30 UTC 2018
auto.tcl: Setting watchdog for 200 seconds at Thu May 31 00:42:30 UTC 2018
16 ms. Memory: 331264K Free: 305135K (92%)
ptolemy.util.test.WatchDog.cancel(): canceling Thu May 31 00:42:30 UTC 2018
------------------ testing $PTII/ptolemy/domains/de/test/auto/Modal6.xml
auto.tcl: Setting watchdog for 200 seconds at Thu May 31 00:42:31 UTC 2018
18 ms. Memory: 331264K Free: 309071K (93%)
ptolemy.util.test.WatchDog.cancel(): canceling Thu May 31 00:42:31 UTC 2018
auto.tcl: Setting watchdog for 200 seconds at Thu May 31 00:42:31 UTC 2018
20 ms. Memory: 331264K Free: 305124K (92%)
ptolemy.util.test.WatchDog.cancel(): canceling Thu May 31 00:42:31 UTC 2018
------------------ testing $PTII/ptolemy/domains/de/test/auto/Modal7.xml
auto.tcl: Setting watchdog for 200 seconds at Thu May 31 00:42:31 UTC 2018
14 ms. Memory: 331264K Free: 309054K (93%)
ptolemy.util.test.WatchDog.cancel(): canceling Thu May 31 00:42:31 UTC 2018
auto.tcl: Setting watchdog for 200 seconds at Thu May 31 00:42:31 UTC 2018
13 ms. Memory: 331264K Free: 305108K (92%)
ptolemy.util.test.WatchDog.cancel(): canceling Thu May 31 00:42:31 UTC 2018
------------------ testing $PTII/ptolemy/domains/de/test/auto/ModalModel.xml
auto.tcl: Setting watchdog for 200 seconds at Thu May 31 00:42:31 UTC 2018
262 ms. Memory: 331264K Free: 247871K (75%)
ptolemy.util.test.WatchDog.cancel(): canceling Thu May 31 00:42:31 UTC 2018
auto.tcl: Setting watchdog for 200 seconds at Thu May 31 00:42:31 UTC 2018
222 ms. Memory: 331264K Free: 192735K (58%)
ptolemy.util.test.WatchDog.cancel(): canceling Thu May 31 00:42:31 UTC 2018
------------------ testing $PTII/ptolemy/domains/de/test/auto/ModalSource.xml
auto.tcl: Setting watchdog for 200 seconds at Thu May 31 00:42:31 UTC 2018
10 ms. Memory: 331264K Free: 315797K (95%)
ptolemy.util.test.WatchDog.cancel(): canceling Thu May 31 00:42:31 UTC 2018
auto.tcl: Setting watchdog for 200 seconds at Thu May 31 00:42:31 UTC 2018
8 ms. Memory: 331264K Free: 312277K (94%)
ptolemy.util.test.WatchDog.cancel(): canceling Thu May 31 00:42:31 UTC 2018
------------------ testing $PTII/ptolemy/domains/de/test/auto/NonInterruptibleTimerZeroDelay.xml
auto.tcl: Setting watchdog for 200 seconds at Thu May 31 00:42:32 UTC 2018
4 ms. Memory: 331264K Free: 320170K (97%)
ptolemy.util.test.WatchDog.cancel(): canceling Thu May 31 00:42:32 UTC 2018
auto.tcl: Setting watchdog for 200 seconds at Thu May 31 00:42:32 UTC 2018
3 ms. Memory: 331264K Free: 316635K (96%)
ptolemy.util.test.WatchDog.cancel(): canceling Thu May 31 00:42:32 UTC 2018
------------------ testing $PTII/ptolemy/domains/de/test/auto/OpenQueueingNetwork.xml
auto.tcl: Setting watchdog for 200 seconds at Thu May 31 00:42:32 UTC 2018
3346 ms. Memory: 317952K Free: 165348K (52%)
ptolemy.util.test.WatchDog.cancel(): canceling Thu May 31 00:42:35 UTC 2018
auto.tcl: Setting watchdog for 200 seconds at Thu May 31 00:42:35 UTC 2018
2472 ms. Memory: 287232K Free: 251471K (88%)
ptolemy.util.test.WatchDog.cancel(): canceling Thu May 31 00:42:38 UTC 2018
------------------ testing $PTII/ptolemy/domains/de/test/auto/OpenQueuingNetwork.xml
auto.tcl: Setting watchdog for 200 seconds at Thu May 31 00:42:38 UTC 2018
275 ms. Memory: 287232K Free: 186639K (65%)
ptolemy.util.test.WatchDog.cancel(): canceling Thu May 31 00:42:38 UTC 2018
auto.tcl: Setting watchdog for 200 seconds at Thu May 31 00:42:38 UTC 2018
258 ms. Memory: 287232K Free: 129083K (45%)
ptolemy.util.test.WatchDog.cancel(): canceling Thu May 31 00:42:38 UTC 2018
------------------ testing $PTII/ptolemy/domains/de/test/auto/PeriodicSampler.xml
auto.tcl: Setting watchdog for 200 seconds at Thu May 31 00:42:38 UTC 2018
3 ms. Memory: 289792K Free: 274042K (95%)
ptolemy.util.test.WatchDog.cancel(): canceling Thu May 31 00:42:38 UTC 2018
auto.tcl: Setting watchdog for 200 seconds at Thu May 31 00:42:38 UTC 2018
2 ms. Memory: 289792K Free: 274042K (95%)
ptolemy.util.test.WatchDog.cancel(): canceling Thu May 31 00:42:38 UTC 2018
------------------ testing $PTII/ptolemy/domains/de/test/auto/PersistentIO.xml
auto.tcl: Setting watchdog for 200 seconds at Thu May 31 00:42:38 UTC 2018
13 ms. Memory: 287232K Free: 266373K (93%)
ptolemy.util.test.WatchDog.cancel(): canceling Thu May 31 00:42:38 UTC 2018
auto.tcl: Setting watchdog for 200 seconds at Thu May 31 00:42:38 UTC 2018
5 ms. Memory: 287232K Free: 266373K (93%)
ptolemy.util.test.WatchDog.cancel(): canceling Thu May 31 00:42:38 UTC 2018
------------------ testing $PTII/ptolemy/domains/de/test/auto/PortParameterResetOnInitialize.xml
auto.tcl: Setting watchdog for 200 seconds at Thu May 31 00:42:39 UTC 2018
2 ms. Memory: 289280K Free: 274076K (95%)
ptolemy.util.test.WatchDog.cancel(): canceling Thu May 31 00:42:39 UTC 2018
auto.tcl: Setting watchdog for 200 seconds at Thu May 31 00:42:39 UTC 2018
2 ms. Memory: 289280K Free: 274076K (95%)
ptolemy.util.test.WatchDog.cancel(): canceling Thu May 31 00:42:39 UTC 2018
------------------ testing $PTII/ptolemy/domains/de/test/auto/PortParameterUpdates.xml
auto.tcl: Setting watchdog for 200 seconds at Thu May 31 00:42:39 UTC 2018
4 ms. Memory: 287232K Free: 272076K (95%)
ptolemy.util.test.WatchDog.cancel(): canceling Thu May 31 00:42:39 UTC 2018
auto.tcl: Setting watchdog for 200 seconds at Thu May 31 00:42:39 UTC 2018
6 ms. Memory: 287232K Free: 269160K (94%)
ptolemy.util.test.WatchDog.cancel(): canceling Thu May 31 00:42:39 UTC 2018
------------------ testing $PTII/ptolemy/domains/de/test/auto/QueueAndServer.xml
auto.tcl: Setting watchdog for 200 seconds at Thu May 31 00:42:39 UTC 2018
17 ms. Memory: 289280K Free: 271171K (94%)
ptolemy.util.test.WatchDog.cancel(): canceling Thu May 31 00:42:39 UTC 2018
auto.tcl: Setting watchdog for 200 seconds at Thu May 31 00:42:39 UTC 2018
8 ms. Memory: 289280K Free: 271171K (94%)
ptolemy.util.test.WatchDog.cancel(): canceling Thu May 31 00:42:39 UTC 2018
------------------ testing $PTII/ptolemy/domains/de/test/auto/Records.xml
auto.tcl: Setting watchdog for 200 seconds at Thu May 31 00:42:39 UTC 2018
4 ms. Memory: 287232K Free: 274024K (95%)
ptolemy.util.test.WatchDog.cancel(): canceling Thu May 31 00:42:39 UTC 2018
auto.tcl: Setting watchdog for 200 seconds at Thu May 31 00:42:39 UTC 2018
2 ms. Memory: 287232K Free: 274024K (95%)
ptolemy.util.test.WatchDog.cancel(): canceling Thu May 31 00:42:39 UTC 2018
------------------ testing $PTII/ptolemy/domains/de/test/auto/ResetTransitionWithStartTime1.xml
auto.tcl: Setting watchdog for 200 seconds at Thu May 31 00:42:39 UTC 2018
15 ms. Memory: 288768K Free: 272668K (94%)
ptolemy.util.test.WatchDog.cancel(): canceling Thu May 31 00:42:39 UTC 2018
auto.tcl: Setting watchdog for 200 seconds at Thu May 31 00:42:39 UTC 2018
9 ms. Memory: 288768K Free: 269752K (93%)
ptolemy.util.test.WatchDog.cancel(): canceling Thu May 31 00:42:39 UTC 2018
------------------ testing $PTII/ptolemy/domains/de/test/auto/ResetTransitionWithStartTime2.xml
auto.tcl: Setting watchdog for 200 seconds at Thu May 31 00:42:39 UTC 2018
5 ms. Memory: 287232K Free: 271224K (94%)
ptolemy.util.test.WatchDog.cancel(): canceling Thu May 31 00:42:39 UTC 2018
auto.tcl: Setting watchdog for 200 seconds at Thu May 31 00:42:39 UTC 2018
11 ms. Memory: 287232K Free: 268308K (93%)
ptolemy.util.test.WatchDog.cancel(): canceling Thu May 31 00:42:39 UTC 2018
------------------ testing $PTII/ptolemy/domains/de/test/auto/ResetTransitionWithStartTime3.xml
auto.tcl: Setting watchdog for 200 seconds at Thu May 31 00:42:39 UTC 2018
7 ms. Memory: 288768K Free: 272658K (94%)
ptolemy.util.test.WatchDog.cancel(): canceling Thu May 31 00:42:39 UTC 2018
auto.tcl: Setting watchdog for 200 seconds at Thu May 31 00:42:39 UTC 2018
10 ms. Memory: 288768K Free: 269742K (93%)
ptolemy.util.test.WatchDog.cancel(): canceling Thu May 31 00:42:39 UTC 2018
------------------ testing $PTII/ptolemy/domains/de/test/auto/ResetTransitionWithStartTime4.xml
auto.tcl: Setting watchdog for 200 seconds at Thu May 31 00:42:39 UTC 2018
4 ms. Memory: 287232K Free: 271136K (94%)
ptolemy.util.test.WatchDog.cancel(): canceling Thu May 31 00:42:39 UTC 2018
auto.tcl: Setting watchdog for 200 seconds at Thu May 31 00:42:39 UTC 2018
4 ms. Memory: 287232K Free: 271136K (94%)
ptolemy.util.test.WatchDog.cancel(): canceling Thu May 31 00:42:39 UTC 2018
------------------ testing $PTII/ptolemy/domains/de/test/auto/ResettableTimer1.xml
auto.tcl: Setting watchdog for 200 seconds at Thu May 31 00:42:39 UTC 2018
4 ms. Memory: 288768K Free: 275568K (95%)
ptolemy.util.test.WatchDog.cancel(): canceling Thu May 31 00:42:39 UTC 2018
auto.tcl: Setting watchdog for 200 seconds at Thu May 31 00:42:39 UTC 2018
2 ms. Memory: 288768K Free: 275568K (95%)
ptolemy.util.test.WatchDog.cancel(): canceling Thu May 31 00:42:39 UTC 2018
------------------ testing $PTII/ptolemy/domains/de/test/auto/ResettableTimer2.xml
auto.tcl: Setting watchdog for 200 seconds at Thu May 31 00:42:39 UTC 2018
3 ms. Memory: 287232K Free: 274191K (95%)
ptolemy.util.test.WatchDog.cancel(): canceling Thu May 31 00:42:39 UTC 2018
auto.tcl: Setting watchdog for 200 seconds at Thu May 31 00:42:39 UTC 2018
4 ms. Memory: 287232K Free: 274191K (95%)
ptolemy.util.test.WatchDog.cancel(): canceling Thu May 31 00:42:39 UTC 2018
------------------ testing $PTII/ptolemy/domains/de/test/auto/ResettableTimer3.xml
auto.tcl: Setting watchdog for 200 seconds at Thu May 31 00:42:39 UTC 2018
1 ms. Memory: 288256K Free: 275113K (95%)
ptolemy.util.test.WatchDog.cancel(): canceling Thu May 31 00:42:39 UTC 2018
auto.tcl: Setting watchdog for 200 seconds at Thu May 31 00:42:39 UTC 2018
1 ms. Memory: 288256K Free: 275113K (95%)
ptolemy.util.test.WatchDog.cancel(): canceling Thu May 31 00:42:39 UTC 2018
------------------ testing $PTII/ptolemy/domains/de/test/auto/ResettableTimer4.xml
auto.tcl: Setting watchdog for 200 seconds at Thu May 31 00:42:40 UTC 2018
1 ms. Memory: 287232K Free: 274203K (95%)
ptolemy.util.test.WatchDog.cancel(): canceling Thu May 31 00:42:40 UTC 2018
auto.tcl: Setting watchdog for 200 seconds at Thu May 31 00:42:40 UTC 2018
2 ms. Memory: 287232K Free: 274203K (95%)
ptolemy.util.test.WatchDog.cancel(): canceling Thu May 31 00:42:40 UTC 2018
------------------ testing $PTII/ptolemy/domains/de/test/auto/ResettableTimer5.xml
auto.tcl: Setting watchdog for 200 seconds at Thu May 31 00:42:40 UTC 2018
2 ms. Memory: 288256K Free: 273167K (95%)
ptolemy.util.test.WatchDog.cancel(): canceling Thu May 31 00:42:40 UTC 2018
auto.tcl: Setting watchdog for 200 seconds at Thu May 31 00:42:40 UTC 2018
1 ms. Memory: 288256K Free: 273167K (95%)
ptolemy.util.test.WatchDog.cancel(): canceling Thu May 31 00:42:40 UTC 2018
------------------ testing $PTII/ptolemy/domains/de/test/auto/ResettableTimer6.xml
auto.tcl: Setting watchdog for 200 seconds at Thu May 31 00:42:40 UTC 2018
2 ms. Memory: 287232K Free: 271991K (95%)
ptolemy.util.test.WatchDog.cancel(): canceling Thu May 31 00:42:40 UTC 2018
auto.tcl: Setting watchdog for 200 seconds at Thu May 31 00:42:40 UTC 2018
2 ms. Memory: 287232K Free: 271991K (95%)
ptolemy.util.test.WatchDog.cancel(): canceling Thu May 31 00:42:40 UTC 2018
------------------ testing $PTII/ptolemy/domains/de/test/auto/ServerZeroDelay.xml
auto.tcl: Setting watchdog for 200 seconds at Thu May 31 00:42:40 UTC 2018
3 ms. Memory: 288256K Free: 275181K (95%)
ptolemy.util.test.WatchDog.cancel(): canceling Thu May 31 00:42:40 UTC 2018
auto.tcl: Setting watchdog for 200 seconds at Thu May 31 00:42:40 UTC 2018
3 ms. Memory: 288256K Free: 275181K (95%)
ptolemy.util.test.WatchDog.cancel(): canceling Thu May 31 00:42:40 UTC 2018
------------------ testing $PTII/ptolemy/domains/de/test/auto/SmartSender.xml
auto.tcl: Setting watchdog for 200 seconds at Thu May 31 00:42:40 UTC 2018
3001 ms. Memory: 287232K Free: 272077K (95%)
ptolemy.util.test.WatchDog.cancel(): canceling Thu May 31 00:42:43 UTC 2018
auto.tcl: Setting watchdog for 200 seconds at Thu May 31 00:42:43 UTC 2018
3002 ms. Memory: 287232K Free: 272077K (95%)
ptolemy.util.test.WatchDog.cancel(): canceling Thu May 31 00:42:46 UTC 2018
------------------ testing $PTII/ptolemy/domains/de/test/auto/ThreadedComposite.xml
auto.tcl: Setting watchdog for 200 seconds at Thu May 31 00:42:46 UTC 2018
315 ms. Memory: 288256K Free: 251955K (87%)
ptolemy.util.test.WatchDog.cancel(): canceling Thu May 31 00:42:46 UTC 2018
auto.tcl: Setting watchdog for 200 seconds at Thu May 31 00:42:46 UTC 2018
192 ms. Memory: 288256K Free: 240821K (84%)
ptolemy.util.test.WatchDog.cancel(): canceling Thu May 31 00:42:46 UTC 2018
------------------ testing $PTII/ptolemy/domains/de/test/auto/Time.xml
auto.tcl: Setting watchdog for 200 seconds at Thu May 31 00:42:47 UTC 2018
601 ms. Memory: 287232K Free: 220253K (77%)
ptolemy.util.test.WatchDog.cancel(): canceling Thu May 31 00:42:47 UTC 2018
auto.tcl: Setting watchdog for 200 seconds at Thu May 31 00:42:47 UTC 2018
575 ms. Memory: 287232K Free: 165143K (57%)
ptolemy.util.test.WatchDog.cancel(): canceling Thu May 31 00:42:48 UTC 2018
------------------ testing $PTII/ptolemy/domains/de/test/auto/TimeDelayZeroDelay.xml
auto.tcl: Setting watchdog for 200 seconds at Thu May 31 00:42:48 UTC 2018
2 ms. Memory: 287744K Free: 275100K (96%)
ptolemy.util.test.WatchDog.cancel(): canceling Thu May 31 00:42:48 UTC 2018
auto.tcl: Setting watchdog for 200 seconds at Thu May 31 00:42:48 UTC 2018
2 ms. Memory: 287744K Free: 275100K (96%)
ptolemy.util.test.WatchDog.cancel(): canceling Thu May 31 00:42:48 UTC 2018
------------------ testing $PTII/ptolemy/domains/de/test/auto/TimerZeroDelay.xml
auto.tcl: Setting watchdog for 200 seconds at Thu May 31 00:42:48 UTC 2018
5 ms. Memory: 287232K Free: 274714K (96%)
ptolemy.util.test.WatchDog.cancel(): canceling Thu May 31 00:42:48 UTC 2018
auto.tcl: Setting watchdog for 200 seconds at Thu May 31 00:42:48 UTC 2018
2 ms. Memory: 287232K Free: 274714K (96%)
ptolemy.util.test.WatchDog.cancel(): canceling Thu May 31 00:42:48 UTC 2018
------------------ testing $PTII/ptolemy/domains/de/test/auto/TimingParadox.xml
auto.tcl: Setting watchdog for 200 seconds at Thu May 31 00:42:48 UTC 2018
411 ms. Memory: 287744K Free: 206736K (72%)
ptolemy.util.test.WatchDog.cancel(): canceling Thu May 31 00:42:48 UTC 2018
auto.tcl: Setting watchdog for 200 seconds at Thu May 31 00:42:48 UTC 2018
426 ms. Memory: 287744K Free: 170304K (59%)
ptolemy.util.test.WatchDog.cancel(): canceling Thu May 31 00:42:49 UTC 2018
------------------ testing $PTII/ptolemy/domains/de/test/auto/TransferInputs.xml
auto.tcl: Setting watchdog for 200 seconds at Thu May 31 00:42:49 UTC 2018
4 ms. Memory: 287744K Free: 274146K (95%)
ptolemy.util.test.WatchDog.cancel(): canceling Thu May 31 00:42:49 UTC 2018
auto.tcl: Setting watchdog for 200 seconds at Thu May 31 00:42:49 UTC 2018
2 ms. Memory: 287744K Free: 274146K (95%)
ptolemy.util.test.WatchDog.cancel(): canceling Thu May 31 00:42:49 UTC 2018
------------------ testing $PTII/ptolemy/domains/de/test/auto/TransferOutputs2.xml
auto.tcl: Setting watchdog for 200 seconds at Thu May 31 00:42:49 UTC 2018
4 ms. Memory: 287232K Free: 270083K (94%)
ptolemy.util.test.WatchDog.cancel(): canceling Thu May 31 00:42:49 UTC 2018
auto.tcl: Setting watchdog for 200 seconds at Thu May 31 00:42:49 UTC 2018
3 ms. Memory: 287232K Free: 267472K (93%)
ptolemy.util.test.WatchDog.cancel(): canceling Thu May 31 00:42:49 UTC 2018
------------------ testing $PTII/ptolemy/domains/de/test/auto/Trilateration.xml
auto.tcl: Setting watchdog for 200 seconds at Thu May 31 00:42:49 UTC 2018
13902 ms. Memory: 523264K Free: 176515K (34%)
ptolemy.util.test.WatchDog.cancel(): canceling Thu May 31 00:43:04 UTC 2018
auto.tcl: Setting watchdog for 200 seconds at Thu May 31 00:43:04 UTC 2018
12345 ms. Memory: 396800K Free: 139244K (35%)
ptolemy.util.test.WatchDog.cancel(): canceling Thu May 31 00:43:17 UTC 2018
------------------ testing $PTII/ptolemy/domains/de/test/auto/TwoSigmaDelta.xml
auto.tcl: Setting watchdog for 200 seconds at Thu May 31 00:43:17 UTC 2018
3148 ms. Memory: 399360K Free: 98854K (25%)
ptolemy.util.test.WatchDog.cancel(): canceling Thu May 31 00:43:20 UTC 2018
auto.tcl: Setting watchdog for 200 seconds at Thu May 31 00:43:20 UTC 2018
2330 ms. Memory: 382976K Free: 168373K (44%)
ptolemy.util.test.WatchDog.cancel(): canceling Thu May 31 00:43:22 UTC 2018
------------------ testing $PTII/ptolemy/domains/de/test/auto/VariableDelay.xml
auto.tcl: Setting watchdog for 200 seconds at Thu May 31 00:43:23 UTC 2018
3 ms. Memory: 385024K Free: 368423K (96%)
ptolemy.util.test.WatchDog.cancel(): canceling Thu May 31 00:43:23 UTC 2018
auto.tcl: Setting watchdog for 200 seconds at Thu May 31 00:43:23 UTC 2018
2 ms. Memory: 385024K Free: 368423K (96%)
ptolemy.util.test.WatchDog.cancel(): canceling Thu May 31 00:43:23 UTC 2018
------------------ testing $PTII/ptolemy/domains/de/test/auto/VariableDelay2.xml
auto.tcl: Setting watchdog for 200 seconds at Thu May 31 00:43:23 UTC 2018
2 ms. Memory: 382464K Free: 369284K (97%)
ptolemy.util.test.WatchDog.cancel(): canceling Thu May 31 00:43:23 UTC 2018
auto.tcl: Setting watchdog for 200 seconds at Thu May 31 00:43:23 UTC 2018
2 ms. Memory: 382464K Free: 369284K (97%)
ptolemy.util.test.WatchDog.cancel(): canceling Thu May 31 00:43:23 UTC 2018
------------------ testing $PTII/ptolemy/domains/de/test/auto/VariableDelayZeroDelay.xml
auto.tcl: Setting watchdog for 200 seconds at Thu May 31 00:43:23 UTC 2018
3 ms. Memory: 384512K Free: 365310K (95%)
ptolemy.util.test.WatchDog.cancel(): canceling Thu May 31 00:43:23 UTC 2018
auto.tcl: Setting watchdog for 200 seconds at Thu May 31 00:43:23 UTC 2018
2 ms. Memory: 384512K Free: 365310K (95%)
ptolemy.util.test.WatchDog.cancel(): canceling Thu May 31 00:43:23 UTC 2018
------------------ testing $PTII/ptolemy/domains/de/test/auto/VariableDelayZeroDelay2.xml
auto.tcl: Setting watchdog for 200 seconds at Thu May 31 00:43:23 UTC 2018
2 ms. Memory: 382464K Free: 369281K (97%)
ptolemy.util.test.WatchDog.cancel(): canceling Thu May 31 00:43:23 UTC 2018
auto.tcl: Setting watchdog for 200 seconds at Thu May 31 00:43:23 UTC 2018
2 ms. Memory: 382464K Free: 369281K (97%)
ptolemy.util.test.WatchDog.cancel(): canceling Thu May 31 00:43:23 UTC 2018
------------------ testing $PTII/ptolemy/domains/de/test/auto/deInCt.xml
auto.tcl: Setting watchdog for 200 seconds at Thu May 31 00:43:23 UTC 2018
0
1
1
1
0
0
0
0
0
0
1
1
1
1
1
0
0
0
1
1
1
0
0
0
0
0
1
1
1
1
10 ms. Memory: 384000K Free: 367799K (96%)
ptolemy.util.test.WatchDog.cancel(): canceling Thu May 31 00:43:23 UTC 2018
auto.tcl: Setting watchdog for 200 seconds at Thu May 31 00:43:23 UTC 2018
0
1
1
1
1
0
0
0
0
0
0
0
0
1
1
1
0
0
0
1
1
1
1
1
7 ms. Memory: 384000K Free: 363000K (95%)
ptolemy.util.test.WatchDog.cancel(): canceling Thu May 31 00:43:23 UTC 2018
------------------ testing $PTII/ptolemy/domains/de/test/auto/deInCt2.xml
auto.tcl: Setting watchdog for 200 seconds at Thu May 31 00:43:23 UTC 2018
0
1
1
1
0
0
1
1
1
0
0
1
1
1
0
0
1
1
1
0
0
1
1
1
0
0
1
1
1
0
0
1
1
1
0
0
1
1
1
0
0
0
12 ms. Memory: 382464K Free: 369278K (97%)
ptolemy.util.test.WatchDog.cancel(): canceling Thu May 31 00:43:23 UTC 2018
auto.tcl: Setting watchdog for 200 seconds at Thu May 31 00:43:23 UTC 2018
0
1
1
1
0
0
1
1
1
0
0
1
1
1
0
0
1
1
1
0
0
1
1
1
0
0
1
1
1
0
0
1
1
1
0
0
1
1
1
0
0
0
14 ms. Memory: 382464K Free: 364479K (95%)
ptolemy.util.test.WatchDog.cancel(): canceling Thu May 31 00:43:23 UTC 2018
------------------ testing $PTII/ptolemy/domains/de/test/auto/dynamicCausalityInterface1.xml
auto.tcl: Setting watchdog for 200 seconds at Thu May 31 00:43:23 UTC 2018
1 ms. Memory: 384000K Free: 363000K (95%)
ptolemy.util.test.WatchDog.cancel(): canceling Thu May 31 00:43:23 UTC 2018
auto.tcl: Setting watchdog for 200 seconds at Thu May 31 00:43:23 UTC 2018
1 ms. Memory: 384000K Free: 358216K (93%)
ptolemy.util.test.WatchDog.cancel(): canceling Thu May 31 00:43:23 UTC 2018
------------------ testing $PTII/ptolemy/domains/de/test/auto/fsm_de_test.xml
auto.tcl: Setting watchdog for 200 seconds at Thu May 31 00:43:23 UTC 2018
6 ms. Memory: 382464K Free: 361358K (94%)
ptolemy.util.test.WatchDog.cancel(): canceling Thu May 31 00:43:23 UTC 2018
auto.tcl: Setting watchdog for 200 seconds at Thu May 31 00:43:23 UTC 2018
6 ms. Memory: 382464K Free: 356567K (93%)
ptolemy.util.test.WatchDog.cancel(): canceling Thu May 31 00:43:23 UTC 2018
------------------ testing $PTII/ptolemy/domains/de/test/auto/functionDependencyReconstruction.xml
auto.tcl: Setting watchdog for 200 seconds at Thu May 31 00:43:23 UTC 2018
3 ms. Memory: 383488K Free: 352791K (92%)
ptolemy.util.test.WatchDog.cancel(): canceling Thu May 31 00:43:23 UTC 2018
auto.tcl: Setting watchdog for 200 seconds at Thu May 31 00:43:23 UTC 2018
3 ms. Memory: 383488K Free: 352791K (92%)
ptolemy.util.test.WatchDog.cancel(): canceling Thu May 31 00:43:23 UTC 2018
------------------ testing $PTII/ptolemy/domains/de/test/auto/multirate.xml
auto.tcl: Setting watchdog for 200 seconds at Thu May 31 00:43:23 UTC 2018
10 ms. Memory: 382464K Free: 361242K (94%)
ptolemy.util.test.WatchDog.cancel(): canceling Thu May 31 00:43:23 UTC 2018
auto.tcl: Setting watchdog for 200 seconds at Thu May 31 00:43:23 UTC 2018
3 ms. Memory: 382464K Free: 361237K (94%)
ptolemy.util.test.WatchDog.cancel(): canceling Thu May 31 00:43:23 UTC 2018
------------------ testing $PTII/ptolemy/domains/de/test/auto/multirate2.xml
auto.tcl: Setting watchdog for 200 seconds at Thu May 31 00:43:23 UTC 2018
4 ms. Memory: 383488K Free: 362454K (95%)
ptolemy.util.test.WatchDog.cancel(): canceling Thu May 31 00:43:23 UTC 2018
auto.tcl: Setting watchdog for 200 seconds at Thu May 31 00:43:23 UTC 2018
3 ms. Memory: 383488K Free: 362454K (95%)
ptolemy.util.test.WatchDog.cancel(): canceling Thu May 31 00:43:23 UTC 2018
------------------ testing $PTII/ptolemy/domains/de/test/auto/realtime.xml
auto.tcl: Setting watchdog for 200 seconds at Thu May 31 00:43:23 UTC 2018
10002 ms. Memory: 382464K Free: 366207K (96%)
ptolemy.util.test.WatchDog.cancel(): canceling Thu May 31 00:43:33 UTC 2018
auto.tcl: Setting watchdog for 200 seconds at Thu May 31 00:43:33 UTC 2018
10001 ms. Memory: 382464K Free: 366207K (96%)
ptolemy.util.test.WatchDog.cancel(): canceling Thu May 31 00:43:43 UTC 2018
------------------ testing $PTII/ptolemy/domains/de/test/auto/relationGroup.xml
auto.tcl: Setting watchdog for 200 seconds at Thu May 31 00:43:43 UTC 2018
1 ms. Memory: 383488K Free: 370273K (97%)
ptolemy.util.test.WatchDog.cancel(): canceling Thu May 31 00:43:43 UTC 2018
auto.tcl: Setting watchdog for 200 seconds at Thu May 31 00:43:43 UTC 2018
1 ms. Memory: 383488K Free: 370273K (97%)
ptolemy.util.test.WatchDog.cancel(): canceling Thu May 31 00:43:43 UTC 2018
------------------ testing $PTII/ptolemy/domains/de/test/auto/relationGroup2.xml
auto.tcl: Setting watchdog for 200 seconds at Thu May 31 00:43:44 UTC 2018
2 ms. Memory: 382464K Free: 366264K (96%)
ptolemy.util.test.WatchDog.cancel(): canceling Thu May 31 00:43:44 UTC 2018
auto.tcl: Setting watchdog for 200 seconds at Thu May 31 00:43:44 UTC 2018
1 ms. Memory: 382464K Free: 366264K (96%)
ptolemy.util.test.WatchDog.cancel(): canceling Thu May 31 00:43:44 UTC 2018
------------------ testing $PTII/ptolemy/domains/de/test/auto/sortWithOpaquePorts.xml
auto.tcl: Setting watchdog for 200 seconds at Thu May 31 00:43:44 UTC 2018
2 ms. Memory: 383488K Free: 367290K (96%)
ptolemy.util.test.WatchDog.cancel(): canceling Thu May 31 00:43:44 UTC 2018
auto.tcl: Setting watchdog for 200 seconds at Thu May 31 00:43:44 UTC 2018
2 ms. Memory: 383488K Free: 367290K (96%)
ptolemy.util.test.WatchDog.cancel(): canceling Thu May 31 00:43:44 UTC 2018
------------------ testing $PTII/ptolemy/domains/de/test/auto/transferInputsandOutputs.xml
auto.tcl: Setting watchdog for 200 seconds at Thu May 31 00:43:44 UTC 2018
1 ms. Memory: 382464K Free: 361454K (95%)
ptolemy.util.test.WatchDog.cancel(): canceling Thu May 31 00:43:44 UTC 2018
auto.tcl: Setting watchdog for 200 seconds at Thu May 31 00:43:44 UTC 2018
2 ms. Memory: 382464K Free: 361454K (95%)
ptolemy.util.test.WatchDog.cancel(): canceling Thu May 31 00:43:44 UTC 2018
------------------ testing $PTII/ptolemy/domains/de/test/auto/triggerType.xml
auto.tcl: Setting watchdog for 200 seconds at Thu May 31 00:43:44 UTC 2018
1 ms. Memory: 382976K Free: 366716K (96%)
ptolemy.util.test.WatchDog.cancel(): canceling Thu May 31 00:43:44 UTC 2018
auto.tcl: Setting watchdog for 200 seconds at Thu May 31 00:43:44 UTC 2018
2 ms. Memory: 382976K Free: 366716K (96%)
ptolemy.util.test.WatchDog.cancel(): canceling Thu May 31 00:43:44 UTC 2018
05/31/18 12:43:44
Failed: 0  Total Tests: 192  ((Passed: 187, Newly Passed: 1)  Known Failed: 5) /home/travis/build/icyphy/ptII/ptolemy/domains/de/test
05/31/18 12:43:44
Failed: 0  Total Tests: 192  ((Passed: 187, Newly Passed: 1)  Known Failed: 5) /home/travis/build/icyphy/ptII/ptolemy/domains/de/test
----------------- testing (KnownFailure) /home/travis/build/icyphy/ptII/ptolemy/domains/de/test/auto/knownFailedTests/DESDFClockTest.xml
2017 ms. Memory: 382464K Free: 354210K (93%)
Known Failure: java.lang.reflect.InvocationTargetException
----------------- testing (KnownFailure) /home/travis/build/icyphy/ptII/ptolemy/domains/de/test/auto/knownFailedTests/DirectFeedback.xml
2 ms. Memory: 382464K Free: 330126K (86%)
Known Failure: java.lang.reflect.InvocationTargetException
----------------- testing (KnownFailure) /home/travis/build/icyphy/ptII/ptolemy/domains/de/test/auto/knownFailedTests/FSMSource.xml
16 ms. Memory: 382464K Free: 306041K (80%)
----------------- testing (KnownFailure) /home/travis/build/icyphy/ptII/ptolemy/domains/de/test/auto/knownFailedTests/HierarchicalModel.xml
2 ms. Memory: 382464K Free: 281940K (74%)
Known Failure: java.lang.reflect.InvocationTargetException
----------------- testing (KnownFailure) /home/travis/build/icyphy/ptII/ptolemy/domains/de/test/auto/knownFailedTests/dependencyLoop.xml
1 ms. Memory: 382464K Free: 245813K (64%)
Known Failure: java.lang.reflect.InvocationTargetException
----------------- testing (KnownFailure) /home/travis/build/icyphy/ptII/ptolemy/domains/de/test/auto/knownFailedTests/dependencyLoop2.xml
3 ms. Memory: 382464K Free: 209678K (55%)
Known Failure: java.lang.reflect.InvocationTargetException
No auto/linux-amd64/*.xml tests in /home/travis/build/icyphy/ptII/ptolemy/domains/de/test
AutoTests.java: About to close Vertx.
AutoTests.java: Vertx closed.
----------------- testing Thu May 31 00:43:46 UTC 2018 /home/travis/build/icyphy/ptII/ptolemy/domains/de/test/auto/ActorDepthCalculation_actorWithoutPorts.xml
----------------- Instantiating /home/travis/build/icyphy/ptII/ptolemy/domains/de/test/auto/ActorDepthCalculation_actorWithoutPorts.xml
1 ms. Memory: 382464K Free: 179572K (47%)
----------------- Invoking toplevel() on ptolemy.moml.MoMLSimpleApplication@5eeb09b1
----------------- Done invoking toplevel() on ptolemy.moml.MoMLSimpleApplication@5eeb09b1
reloadAllAccessors: .ActorDepthCalculation_actorWithoutPorts
----------------- testing Thu May 31 00:43:46 UTC 2018 /home/travis/build/icyphy/ptII/ptolemy/domains/de/test/auto/AssemblyLine.xml
----------------- Instantiating /home/travis/build/icyphy/ptII/ptolemy/domains/de/test/auto/AssemblyLine.xml
2 ms. Memory: 382464K Free: 161493K (42%)
----------------- Invoking toplevel() on ptolemy.moml.MoMLSimpleApplication@7d5674e5
----------------- Done invoking toplevel() on ptolemy.moml.MoMLSimpleApplication@7d5674e5
reloadAllAccessors: .AssemblyLine
----------------- testing Thu May 31 00:43:46 UTC 2018 /home/travis/build/icyphy/ptII/ptolemy/domains/de/test/auto/CQBug1.xml
----------------- Instantiating /home/travis/build/icyphy/ptII/ptolemy/domains/de/test/auto/CQBug1.xml
0 ms. Memory: 382464K Free: 149450K (39%)
----------------- Invoking toplevel() on ptolemy.moml.MoMLSimpleApplication@27fc6731
----------------- Done invoking toplevel() on ptolemy.moml.MoMLSimpleApplication@27fc6731
reloadAllAccessors: .CQBug1
----------------- testing Thu May 31 00:43:46 UTC 2018 /home/travis/build/icyphy/ptII/ptolemy/domains/de/test/auto/CancelFireAt.xml
----------------- Instantiating /home/travis/build/icyphy/ptII/ptolemy/domains/de/test/auto/CancelFireAt.xml
1 ms. Memory: 382464K Free: 137408K (36%)
----------------- Invoking toplevel() on ptolemy.moml.MoMLSimpleApplication@1c0dfca5
----------------- Done invoking toplevel() on ptolemy.moml.MoMLSimpleApplication@1c0dfca5
reloadAllAccessors: .CancelFireAt
----------------- testing Thu May 31 00:43:46 UTC 2018 /home/travis/build/icyphy/ptII/ptolemy/domains/de/test/auto/CausalityAndComposabilityAnalysis.xml
----------------- Instantiating /home/travis/build/icyphy/ptII/ptolemy/domains/de/test/auto/CausalityAndComposabilityAnalysis.xml
1 ms. Memory: 382464K Free: 125366K (33%)
----------------- Invoking toplevel() on ptolemy.moml.MoMLSimpleApplication@175eac77
----------------- Done invoking toplevel() on ptolemy.moml.MoMLSimpleApplication@175eac77
reloadAllAccessors: .CausalityAndComposabilityAnalysis
----------------- testing Thu May 31 00:43:46 UTC 2018 /home/travis/build/icyphy/ptII/ptolemy/domains/de/test/auto/CausalityInterface1.xml
----------------- Instantiating /home/travis/build/icyphy/ptII/ptolemy/domains/de/test/auto/CausalityInterface1.xml
3 ms. Memory: 382464K Free: 113323K (30%)
----------------- Invoking toplevel() on ptolemy.moml.MoMLSimpleApplication@7439057b
----------------- Done invoking toplevel() on ptolemy.moml.MoMLSimpleApplication@7439057b
reloadAllAccessors: .CausalityInterface1
----------------- testing Thu May 31 00:43:46 UTC 2018 /home/travis/build/icyphy/ptII/ptolemy/domains/de/test/auto/CausalityInterface15.xml
----------------- Instantiating /home/travis/build/icyphy/ptII/ptolemy/domains/de/test/auto/CausalityInterface15.xml
2 ms. Memory: 382464K Free: 101281K (26%)
----------------- Invoking toplevel() on ptolemy.moml.MoMLSimpleApplication@57ab084a
----------------- Done invoking toplevel() on ptolemy.moml.MoMLSimpleApplication@57ab084a
reloadAllAccessors: .CausalityInterface15
----------------- testing Thu May 31 00:43:46 UTC 2018 /home/travis/build/icyphy/ptII/ptolemy/domains/de/test/auto/CausalityInterface2.xml
----------------- Instantiating /home/travis/build/icyphy/ptII/ptolemy/domains/de/test/auto/CausalityInterface2.xml
1 ms. Memory: 382464K Free: 89239K (23%)
----------------- Invoking toplevel() on ptolemy.moml.MoMLSimpleApplication@34064c3b
----------------- Done invoking toplevel() on ptolemy.moml.MoMLSimpleApplication@34064c3b
reloadAllAccessors: .CausalityInterface2
----------------- testing Thu May 31 00:43:46 UTC 2018 /home/travis/build/icyphy/ptII/ptolemy/domains/de/test/auto/CausalityInterface3.xml
[...]
java.lang.RuntimeException: Execution failed
	at ptolemy.moml.MoMLSimpleApplication$UnloadThread.run(MoMLSimpleApplication.java:402)
Caused by: ptolemy.kernel.util.IllegalActionException: Test fails in iteration 1.
Value was: 1.0. Should have been: 2.0
  in .DirectFeedback.Test
	at ptolemy.actor.lib.Test.fire(Test.java:268)
	at ptolemy.domains.de.kernel.DEDirector._fire(DEDirector.java:1948)
	at ptolemy.domains.de.kernel.DEDirector.fire(DEDirector.java:502)
	at ptolemy.actor.CompositeActor.fire(CompositeActor.java:455)
	at ptolemy.actor.Manager.iterate(Manager.java:851)
	at ptolemy.actor.Manager.execute(Manager.java:369)
	at ptolemy.actor.Manager.run(Manager.java:1263)
	at ptolemy.actor.Manager$PtolemyRunThread.run(Manager.java:1915)
java.lang.RuntimeException: Execution failed
	at ptolemy.moml.MoMLSimpleApplication$UnloadThread.run(MoMLSimpleApplication.java:402)
Caused by: ptolemy.kernel.util.IllegalActionException: Actor is not ready to fire.  Perhaps UpSample.prefire() returned false? Try debugging the actor by selecting "Listen to Actor".  Also, for SDF check moml for tokenConsumptionRate on input.
  in .DESDFClockTest.Play Bell.Copy1:SDF Director and .DESDFClockTest.Play Bell.UpSample
	at ptolemy.actor.sched.StaticSchedulingDirector.fire(StaticSchedulingDirector.java:227)
	at ptolemy.domains.sdf.kernel.SDFDirector.fire(SDFDirector.java:500)
	at ptolemy.actor.CompositeActor.fire(CompositeActor.java:455)
	at ptolemy.domains.de.kernel.DEDirector._fire(DEDirector.java:1948)
	at ptolemy.domains.de.kernel.DEDirector.fire(DEDirector.java:502)
	at ptolemy.actor.CompositeActor.fire(CompositeActor.java:455)
	at ptolemy.actor.Manager.iterate(Manager.java:851)
	at ptolemy.actor.Manager.execute(Manager.java:369)
	at ptolemy.actor.Manager.run(Manager.java:1263)
	at ptolemy.actor.Manager$PtolemyRunThread.run(Manager.java:1915)
java.lang.reflect.InvocationTargetException
	at sun.reflect.NativeConstructorAccessorImpl.newInstance0(Native Method)
	at sun.reflect.NativeConstructorAccessorImpl.newInstance(NativeConstructorAccessorImpl.java:62)
	at sun.reflect.DelegatingConstructorAccessorImpl.newInstance(DelegatingConstructorAccessorImpl.java:45)
	at java.lang.reflect.Constructor.newInstance(Constructor.java:423)
	at ptolemy.util.test.junit.AutoKnownFailedTests.RunModel(AutoKnownFailedTests.java:107)
	at sun.reflect.NativeMethodAccessorImpl.invoke0(Native Method)
	at sun.reflect.NativeMethodAccessorImpl.invoke(NativeMethodAccessorImpl.java:62)
	at sun.reflect.DelegatingMethodAccessorImpl.invoke(DelegatingMethodAccessorImpl.java:43)
	at java.lang.reflect.Method.invoke(Method.java:498)
	at org.junit.runners.model.FrameworkMethod$1.runReflectiveCall(FrameworkMethod.java:44)
	at org.junit.internal.runners.model.ReflectiveCallable.run(ReflectiveCallable.java:15)
	at org.junit.runners.model.FrameworkMethod.invokeExplosively(FrameworkMethod.java:41)
	at junitparams.internal.InvokeParameterisedMethod.evaluate(InvokeParameterisedMethod.java:102)
	at org.junit.internal.runners.statements.FailOnTimeout$1.run(FailOnTimeout.java:28)
Caused by: ptolemy.kernel.util.IllegalActionException: Actor is not ready to fire.  Perhaps UpSample.prefire() returned false? Try debugging the actor by selecting "Listen to Actor".  Also, for SDF check moml for tokenConsumptionRate on input.
  in .DESDFClockTest.Play Bell.Copy1:SDF Director and .DESDFClockTest.Play Bell.UpSample
	at ptolemy.actor.sched.StaticSchedulingDirector.fire(StaticSchedulingDirector.java:227)
	at ptolemy.domains.sdf.kernel.SDFDirector.fire(SDFDirector.java:500)
	at ptolemy.actor.CompositeActor.fire(CompositeActor.java:455)
	at ptolemy.domains.de.kernel.DEDirector._fire(DEDirector.java:1948)
	at ptolemy.domains.de.kernel.DEDirector.fire(DEDirector.java:502)
	at ptolemy.actor.CompositeActor.fire(CompositeActor.java:455)
	at ptolemy.actor.Manager.iterate(Manager.java:851)
	at ptolemy.actor.Manager.execute(Manager.java:369)
	at ptolemy.actor.Manager.run(Manager.java:1263)
	at ptolemy.actor.Manager$PtolemyRunThread.run(Manager.java:1915)
java.lang.RuntimeException: Execution failed
	at ptolemy.moml.MoMLSimpleApplication$UnloadThread.run(MoMLSimpleApplication.java:402)
Caused by: ptolemy.kernel.util.IllegalActionException: Test fails in iteration 1.
Value was: 1.0. Should have been: 2.0
  in .DirectFeedback.Test
	at ptolemy.actor.lib.Test.fire(Test.java:268)
	at ptolemy.domains.de.kernel.DEDirector._fire(DEDirector.java:1948)
	at ptolemy.domains.de.kernel.DEDirector.fire(DEDirector.java:502)
	at ptolemy.actor.CompositeActor.fire(CompositeActor.java:455)
	at ptolemy.actor.Manager.iterate(Manager.java:851)
	at ptolemy.actor.Manager.execute(Manager.java:369)
	at ptolemy.actor.Manager.run(Manager.java:1263)
	at ptolemy.actor.Manager$PtolemyRunThread.run(Manager.java:1915)
java.lang.reflect.InvocationTargetException
	at sun.reflect.NativeConstructorAccessorImpl.newInstance0(Native Method)
	at sun.reflect.NativeConstructorAccessorImpl.newInstance(NativeConstructorAccessorImpl.java:62)
	at sun.reflect.DelegatingConstructorAccessorImpl.newInstance(DelegatingConstructorAccessorImpl.java:45)
	at java.lang.reflect.Constructor.newInstance(Constructor.java:423)
	at ptolemy.util.test.junit.AutoKnownFailedTests.RunModel(AutoKnownFailedTests.java:107)
	at sun.reflect.NativeMethodAccessorImpl.invoke0(Native Method)
	at sun.reflect.NativeMethodAccessorImpl.invoke(NativeMethodAccessorImpl.java:62)
	at sun.reflect.DelegatingMethodAccessorImpl.invoke(DelegatingMethodAccessorImpl.java:43)
	at java.lang.reflect.Method.invoke(Method.java:498)
	at org.junit.runners.model.FrameworkMethod$1.runReflectiveCall(FrameworkMethod.java:44)
	at org.junit.internal.runners.model.ReflectiveCallable.run(ReflectiveCallable.java:15)
	at org.junit.runners.model.FrameworkMethod.invokeExplosively(FrameworkMethod.java:41)
	at junitparams.internal.InvokeParameterisedMethod.evaluate(InvokeParameterisedMethod.java:102)
	at org.junit.internal.runners.statements.FailOnTimeout$1.run(FailOnTimeout.java:28)
Caused by: ptolemy.kernel.util.IllegalActionException: Test fails in iteration 1.
Value was: 1.0. Should have been: 2.0
  in .DirectFeedback.Test
	at ptolemy.actor.lib.Test.fire(Test.java:268)
	at ptolemy.domains.de.kernel.DEDirector._fire(DEDirector.java:1948)
	at ptolemy.domains.de.kernel.DEDirector.fire(DEDirector.java:502)
	at ptolemy.actor.CompositeActor.fire(CompositeActor.java:455)
	at ptolemy.actor.Manager.iterate(Manager.java:851)
	at ptolemy.actor.Manager.execute(Manager.java:369)
	at ptolemy.actor.Manager.run(Manager.java:1263)
	at ptolemy.actor.Manager$PtolemyRunThread.run(Manager.java:1915)
java.lang.RuntimeException: Execution failed
	at ptolemy.moml.MoMLSimpleApplication$UnloadThread.run(MoMLSimpleApplication.java:402)
Caused by: ptolemy.kernel.util.IllegalActionException: Found a zero delay loop containing .HierarchicalModel.A
  in .HierarchicalModel and .HierarchicalModel.A
	at ptolemy.actor.util.CausalityInterfaceForComposites._computeOutputPortDepth(CausalityInterfaceForComposites.java:759)
	at ptolemy.actor.util.CausalityInterfaceForComposites._computeInputDepth(CausalityInterfaceForComposites.java:696)
	at ptolemy.actor.util.CausalityInterfaceForComposites._computeOutputPortDepth(CausalityInterfaceForComposites.java:765)
	at ptolemy.actor.util.CausalityInterfaceForComposites._computeInputDepth(CausalityInterfaceForComposites.java:696)
	at ptolemy.actor.util.CausalityInterfaceForComposites._computeOutputPortDepth(CausalityInterfaceForComposites.java:765)
	at ptolemy.actor.util.CausalityInterfaceForComposites._computeInputDepth(CausalityInterfaceForComposites.java:696)
	at ptolemy.actor.util.CausalityInterfaceForComposites._computeActorDepth(CausalityInterfaceForComposites.java:532)
	at ptolemy.actor.util.CausalityInterfaceForComposites.checkForCycles(CausalityInterfaceForComposites.java:96)
	at ptolemy.domains.de.kernel.DEDirector.preinitialize(DEDirector.java:1337)
	at ptolemy.actor.CompositeActor.preinitialize(CompositeActor.java:1828)
	at ptolemy.actor.Manager.preinitializeAndResolveTypes(Manager.java:1040)
	at ptolemy.actor.Manager.initialize(Manager.java:710)
	at ptolemy.actor.Manager.execute(Manager.java:356)
	at ptolemy.actor.Manager.run(Manager.java:1263)
	at ptolemy.actor.Manager$PtolemyRunThread.run(Manager.java:1915)
java.lang.reflect.InvocationTargetException
	at sun.reflect.NativeConstructorAccessorImpl.newInstance0(Native Method)
	at sun.reflect.NativeConstructorAccessorImpl.newInstance(NativeConstructorAccessorImpl.java:62)
	at sun.reflect.DelegatingConstructorAccessorImpl.newInstance(DelegatingConstructorAccessorImpl.java:45)
	at java.lang.reflect.Constructor.newInstance(Constructor.java:423)
	at ptolemy.util.test.junit.AutoKnownFailedTests.RunModel(AutoKnownFailedTests.java:107)
	at sun.reflect.NativeMethodAccessorImpl.invoke0(Native Method)
	at sun.reflect.NativeMethodAccessorImpl.invoke(NativeMethodAccessorImpl.java:62)
	at sun.reflect.DelegatingMethodAccessorImpl.invoke(DelegatingMethodAccessorImpl.java:43)
	at java.lang.reflect.Method.invoke(Method.java:498)
	at org.junit.runners.model.FrameworkMethod$1.runReflectiveCall(FrameworkMethod.java:44)
	at org.junit.internal.runners.model.ReflectiveCallable.run(ReflectiveCallable.java:15)
	at org.junit.runners.model.FrameworkMethod.invokeExplosively(FrameworkMethod.java:41)
	at junitparams.internal.InvokeParameterisedMethod.evaluate(InvokeParameterisedMethod.java:102)
	at org.junit.internal.runners.statements.FailOnTimeout$1.run(FailOnTimeout.java:28)
Caused by: ptolemy.kernel.util.IllegalActionException: Found a zero delay loop containing .HierarchicalModel.A
  in .HierarchicalModel and .HierarchicalModel.A
	at ptolemy.actor.util.CausalityInterfaceForComposites._computeOutputPortDepth(CausalityInterfaceForComposites.java:759)
	at ptolemy.actor.util.CausalityInterfaceForComposites._computeInputDepth(CausalityInterfaceForComposites.java:696)
	at ptolemy.actor.util.CausalityInterfaceForComposites._computeOutputPortDepth(CausalityInterfaceForComposites.java:765)
	at ptolemy.actor.util.CausalityInterfaceForComposites._computeInputDepth(CausalityInterfaceForComposites.java:696)
	at ptolemy.actor.util.CausalityInterfaceForComposites._computeOutputPortDepth(CausalityInterfaceForComposites.java:765)
	at ptolemy.actor.util.CausalityInterfaceForComposites._computeInputDepth(CausalityInterfaceForComposites.java:696)
	at ptolemy.actor.util.CausalityInterfaceForComposites._computeActorDepth(CausalityInterfaceForComposites.java:532)
	at ptolemy.actor.util.CausalityInterfaceForComposites.checkForCycles(CausalityInterfaceForComposites.java:96)
	at ptolemy.domains.de.kernel.DEDirector.preinitialize(DEDirector.java:1337)
	at ptolemy.actor.CompositeActor.preinitialize(CompositeActor.java:1828)
	at ptolemy.actor.Manager.preinitializeAndResolveTypes(Manager.java:1040)
	at ptolemy.actor.Manager.initialize(Manager.java:710)
	at ptolemy.actor.Manager.execute(Manager.java:356)
	at ptolemy.actor.Manager.run(Manager.java:1263)
	at ptolemy.actor.Manager$PtolemyRunThread.run(Manager.java:1915)
java.lang.RuntimeException: Execution failed
	at ptolemy.moml.MoMLSimpleApplication$UnloadThread.run(MoMLSimpleApplication.java:402)
Caused by: ptolemy.kernel.util.IllegalActionException: Found a zero delay loop containing .dependencyLoop.original
  in .dependencyLoop and .dependencyLoop.original
	at ptolemy.actor.util.CausalityInterfaceForComposites._computeOutputPortDepth(CausalityInterfaceForComposites.java:759)
	at ptolemy.actor.util.CausalityInterfaceForComposites._computeInputDepth(CausalityInterfaceForComposites.java:696)
	at ptolemy.actor.util.CausalityInterfaceForComposites._computeOutputPortDepth(CausalityInterfaceForComposites.java:765)
	at ptolemy.actor.util.CausalityInterfaceForComposites._computeInputDepth(CausalityInterfaceForComposites.java:696)
	at ptolemy.actor.util.CausalityInterfaceForComposites._computeOutputPortDepth(CausalityInterfaceForComposites.java:765)
	at ptolemy.actor.util.CausalityInterfaceForComposites._computeInputDepth(CausalityInterfaceForComposites.java:696)
	at ptolemy.actor.util.CausalityInterfaceForComposites._computeActorDepth(CausalityInterfaceForComposites.java:532)
	at ptolemy.actor.util.CausalityInterfaceForComposites.checkForCycles(CausalityInterfaceForComposites.java:96)
	at ptolemy.domains.de.kernel.DEDirector.preinitialize(DEDirector.java:1337)
	at ptolemy.actor.CompositeActor.preinitialize(CompositeActor.java:1828)
	at ptolemy.actor.Manager.preinitializeAndResolveTypes(Manager.java:1040)
	at ptolemy.actor.Manager.initialize(Manager.java:710)
	at ptolemy.actor.Manager.execute(Manager.java:356)
	at ptolemy.actor.Manager.run(Manager.java:1263)
	at ptolemy.actor.Manager$PtolemyRunThread.run(Manager.java:1915)
java.lang.reflect.InvocationTargetException
	at sun.reflect.NativeConstructorAccessorImpl.newInstance0(Native Method)
	at sun.reflect.NativeConstructorAccessorImpl.newInstance(NativeConstructorAccessorImpl.java:62)
	at sun.reflect.DelegatingConstructorAccessorImpl.newInstance(DelegatingConstructorAccessorImpl.java:45)
	at java.lang.reflect.Constructor.newInstance(Constructor.java:423)
	at ptolemy.util.test.junit.AutoKnownFailedTests.RunModel(AutoKnownFailedTests.java:107)
	at sun.reflect.NativeMethodAccessorImpl.invoke0(Native Method)
	at sun.reflect.NativeMethodAccessorImpl.invoke(NativeMethodAccessorImpl.java:62)
	at sun.reflect.DelegatingMethodAccessorImpl.invoke(DelegatingMethodAccessorImpl.java:43)
	at java.lang.reflect.Method.invoke(Method.java:498)
	at org.junit.runners.model.FrameworkMethod$1.runReflectiveCall(FrameworkMethod.java:44)
	at org.junit.internal.runners.model.ReflectiveCallable.run(ReflectiveCallable.java:15)
	at org.junit.runners.model.FrameworkMethod.invokeExplosively(FrameworkMethod.java:41)
	at junitparams.internal.InvokeParameterisedMethod.evaluate(InvokeParameterisedMethod.java:102)
	at org.junit.internal.runners.statements.FailOnTimeout$1.run(FailOnTimeout.java:28)
Caused by: ptolemy.kernel.util.IllegalActionException: Found a zero delay loop containing .dependencyLoop.original
  in .dependencyLoop and .dependencyLoop.original
	at ptolemy.actor.util.CausalityInterfaceForComposites._computeOutputPortDepth(CausalityInterfaceForComposites.java:759)
	at ptolemy.actor.util.CausalityInterfaceForComposites._computeInputDepth(CausalityInterfaceForComposites.java:696)
	at ptolemy.actor.util.CausalityInterfaceForComposites._computeOutputPortDepth(CausalityInterfaceForComposites.java:765)
	at ptolemy.actor.util.CausalityInterfaceForComposites._computeInputDepth(CausalityInterfaceForComposites.java:696)
	at ptolemy.actor.util.CausalityInterfaceForComposites._computeOutputPortDepth(CausalityInterfaceForComposites.java:765)
	at ptolemy.actor.util.CausalityInterfaceForComposites._computeInputDepth(CausalityInterfaceForComposites.java:696)
	at ptolemy.actor.util.CausalityInterfaceForComposites._computeActorDepth(CausalityInterfaceForComposites.java:532)
	at ptolemy.actor.util.CausalityInterfaceForComposites.checkForCycles(CausalityInterfaceForComposites.java:96)
	at ptolemy.domains.de.kernel.DEDirector.preinitialize(DEDirector.java:1337)
	at ptolemy.actor.CompositeActor.preinitialize(CompositeActor.java:1828)
	at ptolemy.actor.Manager.preinitializeAndResolveTypes(Manager.java:1040)
	at ptolemy.actor.Manager.initialize(Manager.java:710)
	at ptolemy.actor.Manager.execute(Manager.java:356)
	at ptolemy.actor.Manager.run(Manager.java:1263)
	at ptolemy.actor.Manager$PtolemyRunThread.run(Manager.java:1915)
java.lang.RuntimeException: Execution failed
	at ptolemy.moml.MoMLSimpleApplication$UnloadThread.run(MoMLSimpleApplication.java:402)
Caused by: ptolemy.kernel.util.IllegalActionException: Found a zero delay loop containing .dependencyLoop2.original
  in .dependencyLoop2 and .dependencyLoop2.original
	at ptolemy.actor.util.CausalityInterfaceForComposites._computeOutputPortDepth(CausalityInterfaceForComposites.java:759)
	at ptolemy.actor.util.CausalityInterfaceForComposites._computeInputDepth(CausalityInterfaceForComposites.java:696)
	at ptolemy.actor.util.CausalityInterfaceForComposites._computeOutputPortDepth(CausalityInterfaceForComposites.java:765)
	at ptolemy.actor.util.CausalityInterfaceForComposites._computeInputDepth(CausalityInterfaceForComposites.java:696)
	at ptolemy.actor.util.CausalityInterfaceForComposites._computeOutputPortDepth(CausalityInterfaceForComposites.java:765)
	at ptolemy.actor.util.CausalityInterfaceForComposites._computeInputDepth(CausalityInterfaceForComposites.java:696)
	at ptolemy.actor.util.CausalityInterfaceForComposites._computeActorDepth(CausalityInterfaceForComposites.java:532)
	at ptolemy.actor.util.CausalityInterfaceForComposites.checkForCycles(CausalityInterfaceForComposites.java:96)
	at ptolemy.domains.de.kernel.DEDirector.preinitialize(DEDirector.java:1337)
	at ptolemy.actor.CompositeActor.preinitialize(CompositeActor.java:1828)
	at ptolemy.actor.Manager.preinitializeAndResolveTypes(Manager.java:1040)
	at ptolemy.actor.Manager.initialize(Manager.java:710)
	at ptolemy.actor.Manager.execute(Manager.java:356)
	at ptolemy.actor.Manager.run(Manager.java:1263)
	at ptolemy.actor.Manager$PtolemyRunThread.run(Manager.java:1915)
java.lang.reflect.InvocationTargetException
	at sun.reflect.NativeConstructorAccessorImpl.newInstance0(Native Method)
	at sun.reflect.NativeConstructorAccessorImpl.newInstance(NativeConstructorAccessorImpl.java:62)
	at sun.reflect.DelegatingConstructorAccessorImpl.newInstance(DelegatingConstructorAccessorImpl.java:45)
	at java.lang.reflect.Constructor.newInstance(Constructor.java:423)
	at ptolemy.util.test.junit.AutoKnownFailedTests.RunModel(AutoKnownFailedTests.java:107)
	at sun.reflect.NativeMethodAccessorImpl.invoke0(Native Method)
	at sun.reflect.NativeMethodAccessorImpl.invoke(NativeMethodAccessorImpl.java:62)
	at sun.reflect.DelegatingMethodAccessorImpl.invoke(DelegatingMethodAccessorImpl.java:43)
	at java.lang.reflect.Method.invoke(Method.java:498)
	at org.junit.runners.model.FrameworkMethod$1.runReflectiveCall(FrameworkMethod.java:44)
	at org.junit.internal.runners.model.ReflectiveCallable.run(ReflectiveCallable.java:15)
	at org.junit.runners.model.FrameworkMethod.invokeExplosively(FrameworkMethod.java:41)
	at junitparams.internal.InvokeParameterisedMethod.evaluate(InvokeParameterisedMethod.java:102)
	at org.junit.internal.runners.statements.FailOnTimeout$1.run(FailOnTimeout.java:28)
Caused by: ptolemy.kernel.util.IllegalActionException: Found a zero delay loop containing .dependencyLoop2.original
  in .dependencyLoop2 and .dependencyLoop2.original
	at ptolemy.actor.util.CausalityInterfaceForComposites._computeOutputPortDepth(CausalityInterfaceForComposites.java:759)
	at ptolemy.actor.util.CausalityInterfaceForComposites._computeInputDepth(CausalityInterfaceForComposites.java:696)
	at ptolemy.actor.util.CausalityInterfaceForComposites._computeOutputPortDepth(CausalityInterfaceForComposites.java:765)
	at ptolemy.actor.util.CausalityInterfaceForComposites._computeInputDepth(CausalityInterfaceForComposites.java:696)
	at ptolemy.actor.util.CausalityInterfaceForComposites._computeOutputPortDepth(CausalityInterfaceForComposites.java:765)
	at ptolemy.actor.util.CausalityInterfaceForComposites._computeInputDepth(CausalityInterfaceForComposites.java:696)
	at ptolemy.actor.util.CausalityInterfaceForComposites._computeActorDepth(CausalityInterfaceForComposites.java:532)
	at ptolemy.actor.util.CausalityInterfaceForComposites.checkForCycles(CausalityInterfaceForComposites.java:96)
	at ptolemy.domains.de.kernel.DEDirector.preinitialize(DEDirector.java:1337)
	at ptolemy.actor.CompositeActor.preinitialize(CompositeActor.java:1828)
	at ptolemy.actor.Manager.preinitializeAndResolveTypes(Manager.java:1040)
	at ptolemy.actor.Manager.initialize(Manager.java:710)
	at ptolemy.actor.Manager.execute(Manager.java:356)
	at ptolemy.actor.Manager.run(Manager.java:1263)
	at ptolemy.actor.Manager$PtolemyRunThread.run(Manager.java:1915)
]]></system-err>
</testsuite>
