<?xml version="1.0" encoding="UTF-8" ?>
<testsuite errors="0" failures="0" hostname="travis-job-5c6f0007-fbca-45cf-bb71-0b7381532b03" name="ptolemy.domains.modal.test.junit.JUnitTclTest" skipped="0" tests="148" time="10.011" timestamp="2018-05-06T01:04:48">
  <properties>
[...]
</properties>
  <testcase classname="ptolemy.util.test.junit.TclTests" name="[0] /home/travis/build/icyphy/ptII/ptolemy/domains/modal/test/SystemLevelType.tcl (RunTclFile)" time="1.903" />
  <testcase classname="ptolemy.util.test.junit.AutoKnownFailedTests" name="[0] /home/travis/build/icyphy/ptII/ptolemy/domains/modal/test/auto/knownFailedTests/CannotAnalysisWithPreemption.xml (RunModel)" time="0.197" />
  <testcase classname="ptolemy.util.test.junit.AutoNameArchTests" name="[0] ThereAreNoAutoTests (RunModel)" time="0.013" />
  <testcase classname="ptolemy.util.test.junit.AutoTests" name="[0] /home/travis/build/icyphy/ptII/ptolemy/domains/modal/test/auto/ABPTest.xml (RunModel)" time="0.677" />
  <testcase classname="ptolemy.util.test.junit.AutoTests" name="[1] /home/travis/build/icyphy/ptII/ptolemy/domains/modal/test/auto/ABROFlat.xml (RunModel)" time="0.084" />
  <testcase classname="ptolemy.util.test.junit.AutoTests" name="[2] /home/travis/build/icyphy/ptII/ptolemy/domains/modal/test/auto/ABROFlat2.xml (RunModel)" time="0.083" />
  <testcase classname="ptolemy.util.test.junit.AutoTests" name="[3] /home/travis/build/icyphy/ptII/ptolemy/domains/modal/test/auto/ABRO_present_hmm.xml (RunModel)" time="0.152" />
  <testcase classname="ptolemy.util.test.junit.AutoTests" name="[4] /home/travis/build/icyphy/ptII/ptolemy/domains/modal/test/auto/AMICoderExample.xml (RunModel)" time="0.053" />
  <testcase classname="ptolemy.util.test.junit.AutoTests" name="[5] /home/travis/build/icyphy/ptII/ptolemy/domains/modal/test/auto/AbsentToPresent.xml (RunModel)" time="0.017" />
  <testcase classname="ptolemy.util.test.junit.AutoTests" name="[6] /home/travis/build/icyphy/ptII/ptolemy/domains/modal/test/auto/Blending.xml (RunModel)" time="0.253" />
  <testcase classname="ptolemy.util.test.junit.AutoTests" name="[7] /home/travis/build/icyphy/ptII/ptolemy/domains/modal/test/auto/Broadcast.xml (RunModel)" time="0.056" />
  <testcase classname="ptolemy.util.test.junit.AutoTests" name="[8] /home/travis/build/icyphy/ptII/ptolemy/domains/modal/test/auto/BroadcastHierarchy.xml (RunModel)" time="0.088" />
  <testcase classname="ptolemy.util.test.junit.AutoTests" name="[9] /home/travis/build/icyphy/ptII/ptolemy/domains/modal/test/auto/BroadcastHierarchy2.xml (RunModel)" time="0.127" />
  <testcase classname="ptolemy.util.test.junit.AutoTests" name="[10] /home/travis/build/icyphy/ptII/ptolemy/domains/modal/test/auto/BroadcastHierarchy3.xml (RunModel)" time="0.111" />
  <testcase classname="ptolemy.util.test.junit.AutoTests" name="[11] /home/travis/build/icyphy/ptII/ptolemy/domains/modal/test/auto/BroadcastHierarchy4.xml (RunModel)" time="0.098" />
  <testcase classname="ptolemy.util.test.junit.AutoTests" name="[12] /home/travis/build/icyphy/ptII/ptolemy/domains/modal/test/auto/CannotAnalysisWithPreemption2.xml (RunModel)" time="0.027" />
  <testcase classname="ptolemy.util.test.junit.AutoTests" name="[13] /home/travis/build/icyphy/ptII/ptolemy/domains/modal/test/auto/CannotAnalysisWithPreemption3.xml (RunModel)" time="0.041" />
  <testcase classname="ptolemy.util.test.junit.AutoTests" name="[14] /home/travis/build/icyphy/ptII/ptolemy/domains/modal/test/auto/CannotProduce.xml (RunModel)" time="0.028" />
  <testcase classname="ptolemy.util.test.junit.AutoTests" name="[15] /home/travis/build/icyphy/ptII/ptolemy/domains/modal/test/auto/CannotProduceModal.xml (RunModel)" time="0.024" />
  <testcase classname="ptolemy.util.test.junit.AutoTests" name="[16] /home/travis/build/icyphy/ptII/ptolemy/domains/modal/test/auto/Case.xml (RunModel)" time="0.055" />
  <testcase classname="ptolemy.util.test.junit.AutoTests" name="[17] /home/travis/build/icyphy/ptII/ptolemy/domains/modal/test/auto/Case1.xml (RunModel)" time="0.042" />
  <testcase classname="ptolemy.util.test.junit.AutoTests" name="[18] /home/travis/build/icyphy/ptII/ptolemy/domains/modal/test/auto/Case2.xml (RunModel)" time="0.068" />
  <testcase classname="ptolemy.util.test.junit.AutoTests" name="[19] /home/travis/build/icyphy/ptII/ptolemy/domains/modal/test/auto/CausalityInterface1.xml (RunModel)" time="0.044" />
  <testcase classname="ptolemy.util.test.junit.AutoTests" name="[20] /home/travis/build/icyphy/ptII/ptolemy/domains/modal/test/auto/CausalityInterface10.xml (RunModel)" time="0.063" />
  <testcase classname="ptolemy.util.test.junit.AutoTests" name="[21] /home/travis/build/icyphy/ptII/ptolemy/domains/modal/test/auto/CausalityInterface11.xml (RunModel)" time="0.059" />
  <testcase classname="ptolemy.util.test.junit.AutoTests" name="[22] /home/travis/build/icyphy/ptII/ptolemy/domains/modal/test/auto/CausalityInterface12.xml (RunModel)" time="0.048" />
  <testcase classname="ptolemy.util.test.junit.AutoTests" name="[23] /home/travis/build/icyphy/ptII/ptolemy/domains/modal/test/auto/CausalityInterface13.xml (RunModel)" time="0.06" />
  <testcase classname="ptolemy.util.test.junit.AutoTests" name="[24] /home/travis/build/icyphy/ptII/ptolemy/domains/modal/test/auto/CausalityInterface14.xml (RunModel)" time="0.049" />
  <testcase classname="ptolemy.util.test.junit.AutoTests" name="[25] /home/travis/build/icyphy/ptII/ptolemy/domains/modal/test/auto/CausalityInterface2.xml (RunModel)" time="0.029" />
  <testcase classname="ptolemy.util.test.junit.AutoTests" name="[26] /home/travis/build/icyphy/ptII/ptolemy/domains/modal/test/auto/CausalityInterface3.xml (RunModel)" time="0.025" />
  <testcase classname="ptolemy.util.test.junit.AutoTests" name="[27] /home/travis/build/icyphy/ptII/ptolemy/domains/modal/test/auto/CausalityInterface4.xml (RunModel)" time="0.034" />
  <testcase classname="ptolemy.util.test.junit.AutoTests" name="[28] /home/travis/build/icyphy/ptII/ptolemy/domains/modal/test/auto/CausalityInterface5.xml (RunModel)" time="0.052" />
  <testcase classname="ptolemy.util.test.junit.AutoTests" name="[29] /home/travis/build/icyphy/ptII/ptolemy/domains/modal/test/auto/CausalityInterface6.xml (RunModel)" time="0.037" />
  <testcase classname="ptolemy.util.test.junit.AutoTests" name="[30] /home/travis/build/icyphy/ptII/ptolemy/domains/modal/test/auto/CausalityInterface7.xml (RunModel)" time="0.044" />
  <testcase classname="ptolemy.util.test.junit.AutoTests" name="[31] /home/travis/build/icyphy/ptII/ptolemy/domains/modal/test/auto/CausalityInterface8.xml (RunModel)" time="0.023" />
  <testcase classname="ptolemy.util.test.junit.AutoTests" name="[32] /home/travis/build/icyphy/ptII/ptolemy/domains/modal/test/auto/CausalityInterface9.xml (RunModel)" time="0.029" />
  <testcase classname="ptolemy.util.test.junit.AutoTests" name="[33] /home/travis/build/icyphy/ptII/ptolemy/domains/modal/test/auto/ChainedTransitions.xml (RunModel)" time="0.107" />
  <testcase classname="ptolemy.util.test.junit.AutoTests" name="[34] /home/travis/build/icyphy/ptII/ptolemy/domains/modal/test/auto/CycleOfImmediateTransitionsFSM.xml (RunModel)" time="0.019" />
  <testcase classname="ptolemy.util.test.junit.AutoTests" name="[35] /home/travis/build/icyphy/ptII/ptolemy/domains/modal/test/auto/CycleOfImmediateTransitionsModal.xml (RunModel)" time="0.019" />
  <testcase classname="ptolemy.util.test.junit.AutoTests" name="[36] /home/travis/build/icyphy/ptII/ptolemy/domains/modal/test/auto/CycleOfImmediateTransitionsModal2.xml (RunModel)" time="0.027" />
  <testcase classname="ptolemy.util.test.junit.AutoTests" name="[37] /home/travis/build/icyphy/ptII/ptolemy/domains/modal/test/auto/CycleOfImmediateTransitionsModal3.xml (RunModel)" time="0.074" />
  <testcase classname="ptolemy.util.test.junit.AutoTests" name="[38] /home/travis/build/icyphy/ptII/ptolemy/domains/modal/test/auto/DeepModal1.xml (RunModel)" time="0.065" />
  <testcase classname="ptolemy.util.test.junit.AutoTests" name="[39] /home/travis/build/icyphy/ptII/ptolemy/domains/modal/test/auto/DeepModal2.xml (RunModel)" time="0.07" />
  <testcase classname="ptolemy.util.test.junit.AutoTests" name="[40] /home/travis/build/icyphy/ptII/ptolemy/domains/modal/test/auto/DeepModal3.xml (RunModel)" time="0.065" />
  <testcase classname="ptolemy.util.test.junit.AutoTests" name="[41] /home/travis/build/icyphy/ptII/ptolemy/domains/modal/test/auto/DeepModal4.xml (RunModel)" time="0.058" />
  <testcase classname="ptolemy.util.test.junit.AutoTests" name="[42] /home/travis/build/icyphy/ptII/ptolemy/domains/modal/test/auto/Default1.xml (RunModel)" time="0.022" />
  <testcase classname="ptolemy.util.test.junit.AutoTests" name="[43] /home/travis/build/icyphy/ptII/ptolemy/domains/modal/test/auto/Default2.xml (RunModel)" time="0.021" />
  <testcase classname="ptolemy.util.test.junit.AutoTests" name="[44] /home/travis/build/icyphy/ptII/ptolemy/domains/modal/test/auto/Default3.xml (RunModel)" time="0.021" />
  <testcase classname="ptolemy.util.test.junit.AutoTests" name="[45] /home/travis/build/icyphy/ptII/ptolemy/domains/modal/test/auto/Default4.xml (RunModel)" time="0.026" />
  <testcase classname="ptolemy.util.test.junit.AutoTests" name="[46] /home/travis/build/icyphy/ptII/ptolemy/domains/modal/test/auto/Default5.xml (RunModel)" time="0.043" />
  <testcase classname="ptolemy.util.test.junit.AutoTests" name="[47] /home/travis/build/icyphy/ptII/ptolemy/domains/modal/test/auto/EmptyGuard.xml (RunModel)" time="0.034" />
  <testcase classname="ptolemy.util.test.junit.AutoTests" name="[48] /home/travis/build/icyphy/ptII/ptolemy/domains/modal/test/auto/ErrorTransition1.xml (RunModel)" time="0.033" />
  <testcase classname="ptolemy.util.test.junit.AutoTests" name="[49] /home/travis/build/icyphy/ptII/ptolemy/domains/modal/test/auto/ErrorTransition10.xml (RunModel)" time="0.037" />
  <testcase classname="ptolemy.util.test.junit.AutoTests" name="[50] /home/travis/build/icyphy/ptII/ptolemy/domains/modal/test/auto/ErrorTransition11.xml (RunModel)" time="0.035" />
  <testcase classname="ptolemy.util.test.junit.AutoTests" name="[51] /home/travis/build/icyphy/ptII/ptolemy/domains/modal/test/auto/ErrorTransition2.xml (RunModel)" time="0.024" />
  <testcase classname="ptolemy.util.test.junit.AutoTests" name="[52] /home/travis/build/icyphy/ptII/ptolemy/domains/modal/test/auto/ErrorTransition3.xml (RunModel)" time="0.035" />
  <testcase classname="ptolemy.util.test.junit.AutoTests" name="[53] /home/travis/build/icyphy/ptII/ptolemy/domains/modal/test/auto/ErrorTransition4.xml (RunModel)" time="0.03" />
  <testcase classname="ptolemy.util.test.junit.AutoTests" name="[54] /home/travis/build/icyphy/ptII/ptolemy/domains/modal/test/auto/ErrorTransition5.xml (RunModel)" time="0.025" />
  <testcase classname="ptolemy.util.test.junit.AutoTests" name="[55] /home/travis/build/icyphy/ptII/ptolemy/domains/modal/test/auto/ErrorTransition6.xml (RunModel)" time="0.027" />
  <testcase classname="ptolemy.util.test.junit.AutoTests" name="[56] /home/travis/build/icyphy/ptII/ptolemy/domains/modal/test/auto/ErrorTransition7.xml (RunModel)" time="0.032" />
  <testcase classname="ptolemy.util.test.junit.AutoTests" name="[57] /home/travis/build/icyphy/ptII/ptolemy/domains/modal/test/auto/ErrorTransition8.xml (RunModel)" time="0.063" />
  <testcase classname="ptolemy.util.test.junit.AutoTests" name="[58] /home/travis/build/icyphy/ptII/ptolemy/domains/modal/test/auto/ErrorTransition9.xml (RunModel)" time="0.037" />
  <testcase classname="ptolemy.util.test.junit.AutoTests" name="[59] /home/travis/build/icyphy/ptII/ptolemy/domains/modal/test/auto/ExtendedFSM.xml (RunModel)" time="0.034" />
  <testcase classname="ptolemy.util.test.junit.AutoTests" name="[60] /home/travis/build/icyphy/ptII/ptolemy/domains/modal/test/auto/FinalStates.xml (RunModel)" time="0.017" />
  <testcase classname="ptolemy.util.test.junit.AutoTests" name="[61] /home/travis/build/icyphy/ptII/ptolemy/domains/modal/test/auto/FixedPointFSM.xml (RunModel)" time="0.032" />
  <testcase classname="ptolemy.util.test.junit.AutoTests" name="[62] /home/travis/build/icyphy/ptII/ptolemy/domains/modal/test/auto/FixedPointIterationFSMActor.xml (RunModel)" time="0.025" />
  <testcase classname="ptolemy.util.test.junit.AutoTests" name="[63] /home/travis/build/icyphy/ptII/ptolemy/domains/modal/test/auto/FixedPointIterationFSMActor2.xml (RunModel)" time="0.025" />
  <testcase classname="ptolemy.util.test.junit.AutoTests" name="[64] /home/travis/build/icyphy/ptII/ptolemy/domains/modal/test/auto/ForbiddenInstantanousLoop.xml (RunModel)" time="0.026" />
  <testcase classname="ptolemy.util.test.junit.AutoTests" name="[65] /home/travis/build/icyphy/ptII/ptolemy/domains/modal/test/auto/FunctionDependencyOfFSMActorTest.xml (RunModel)" time="0.019" />
  <testcase classname="ptolemy.util.test.junit.AutoTests" name="[66] /home/travis/build/icyphy/ptII/ptolemy/domains/modal/test/auto/GuardExpression.xml (RunModel)" time="0.02" />
  <testcase classname="ptolemy.util.test.junit.AutoTests" name="[67] /home/travis/build/icyphy/ptII/ptolemy/domains/modal/test/auto/GuardNotEvaluated.xml (RunModel)" time="0.032" />
  <testcase classname="ptolemy.util.test.junit.AutoTests" name="[68] /home/travis/build/icyphy/ptII/ptolemy/domains/modal/test/auto/GuardNotEvaluated2.xml (RunModel)" time="0.021" />
  <testcase classname="ptolemy.util.test.junit.AutoTests" name="[69] /home/travis/build/icyphy/ptII/ptolemy/domains/modal/test/auto/GuardOnAbsent.xml (RunModel)" time="0.026" />
  <testcase classname="ptolemy.util.test.junit.AutoTests" name="[70] /home/travis/build/icyphy/ptII/ptolemy/domains/modal/test/auto/HierarchicalFSMTypeInference.xml (RunModel)" time="0.035" />
  <testcase classname="ptolemy.util.test.junit.AutoTests" name="[71] /home/travis/build/icyphy/ptII/ptolemy/domains/modal/test/auto/Hysteresis.xml (RunModel)" time="0.044" />
  <testcase classname="ptolemy.util.test.junit.AutoTests" name="[72] /home/travis/build/icyphy/ptII/ptolemy/domains/modal/test/auto/HysteresisWithDefault.xml (RunModel)" time="0.067" />
  <testcase classname="ptolemy.util.test.junit.AutoTests" name="[73] /home/travis/build/icyphy/ptII/ptolemy/domains/modal/test/auto/HysteresisWithDefault2.xml (RunModel)" time="0.063" />
  <testcase classname="ptolemy.util.test.junit.AutoTests" name="[74] /home/travis/build/icyphy/ptII/ptolemy/domains/modal/test/auto/ImmediateNonConstructiveness.xml (RunModel)" time="0.018" />
  <testcase classname="ptolemy.util.test.junit.AutoTests" name="[75] /home/travis/build/icyphy/ptII/ptolemy/domains/modal/test/auto/ImmediateNonConstructiveness2.xml (RunModel)" time="0.023" />
  <testcase classname="ptolemy.util.test.junit.AutoTests" name="[76] /home/travis/build/icyphy/ptII/ptolemy/domains/modal/test/auto/ImmediateTransitionReset.xml (RunModel)" time="0.035" />
  <testcase classname="ptolemy.util.test.junit.AutoTests" name="[77] /home/travis/build/icyphy/ptII/ptolemy/domains/modal/test/auto/ImmediateTransitions1.xml (RunModel)" time="0.016" />
  <testcase classname="ptolemy.util.test.junit.AutoTests" name="[78] /home/travis/build/icyphy/ptII/ptolemy/domains/modal/test/auto/ImmediateTransitionsInstantaneousCommunication.xml (RunModel)" time="0.055" />
  <testcase classname="ptolemy.util.test.junit.AutoTests" name="[79] /home/travis/build/icyphy/ptII/ptolemy/domains/modal/test/auto/InitialImmediateTransition.xml (RunModel)" time="0.02" />
  <testcase classname="ptolemy.util.test.junit.AutoTests" name="[80] /home/travis/build/icyphy/ptII/ptolemy/domains/modal/test/auto/InitialOutputs.xml (RunModel)" time="0.015" />
  <testcase classname="ptolemy.util.test.junit.AutoTests" name="[81] /home/travis/build/icyphy/ptII/ptolemy/domains/modal/test/auto/InitialStateTransition1.xml (RunModel)" time="0.02" />
  <testcase classname="ptolemy.util.test.junit.AutoTests" name="[82] /home/travis/build/icyphy/ptII/ptolemy/domains/modal/test/auto/InitialStateTransition2.xml (RunModel)" time="0.022" />
  <testcase classname="ptolemy.util.test.junit.AutoTests" name="[83] /home/travis/build/icyphy/ptII/ptolemy/domains/modal/test/auto/InitialStateTransition3.xml (RunModel)" time="0.026" />
  <testcase classname="ptolemy.util.test.junit.AutoTests" name="[84] /home/travis/build/icyphy/ptII/ptolemy/domains/modal/test/auto/InitialStateTransition4.xml (RunModel)" time="0.025" />
  <testcase classname="ptolemy.util.test.junit.AutoTests" name="[85] /home/travis/build/icyphy/ptII/ptolemy/domains/modal/test/auto/MalformedGuardExpressionNotCaught.xml (RunModel)" time="0.02" />
  <testcase classname="ptolemy.util.test.junit.AutoTests" name="[86] /home/travis/build/icyphy/ptII/ptolemy/domains/modal/test/auto/ModalBSC.xml (RunModel)" time="0.128" />
  <testcase classname="ptolemy.util.test.junit.AutoTests" name="[87] /home/travis/build/icyphy/ptII/ptolemy/domains/modal/test/auto/ModalClocks.xml (RunModel)" time="0.08" />
  <testcase classname="ptolemy.util.test.junit.AutoTests" name="[88] /home/travis/build/icyphy/ptII/ptolemy/domains/modal/test/auto/ModalDelay.xml (RunModel)" time="0.071" />
  <testcase classname="ptolemy.util.test.junit.AutoTests" name="[89] /home/travis/build/icyphy/ptII/ptolemy/domains/modal/test/auto/ModalDelay2.xml (RunModel)" time="0.051" />
  <testcase classname="ptolemy.util.test.junit.AutoTests" name="[90] /home/travis/build/icyphy/ptII/ptolemy/domains/modal/test/auto/ModalModelFromMemo.xml (RunModel)" time="0.058" />
  <testcase classname="ptolemy.util.test.junit.AutoTests" name="[91] /home/travis/build/icyphy/ptII/ptolemy/domains/modal/test/auto/ModalModelWithMultirateTransient.xml (RunModel)" time="0.047" />
  <testcase classname="ptolemy.util.test.junit.AutoTests" name="[92] /home/travis/build/icyphy/ptII/ptolemy/domains/modal/test/auto/ModalModelWithReset.xml (RunModel)" time="0.046" />
  <testcase classname="ptolemy.util.test.junit.AutoTests" name="[93] /home/travis/build/icyphy/ptII/ptolemy/domains/modal/test/auto/MouseClickFSM.xml (RunModel)" time="0.041" />
  <testcase classname="ptolemy.util.test.junit.AutoTests" name="[94] /home/travis/build/icyphy/ptII/ptolemy/domains/modal/test/auto/MouseClickFSMModal.xml (RunModel)" time="0.036" />
  <testcase classname="ptolemy.util.test.junit.AutoTests" name="[95] /home/travis/build/icyphy/ptII/ptolemy/domains/modal/test/auto/NonStrictFSM_FeedbackLoop.xml (RunModel)" time="0.048" />
  <testcase classname="ptolemy.util.test.junit.AutoTests" name="[96] /home/travis/build/icyphy/ptII/ptolemy/domains/modal/test/auto/NonStrictFSM_FeedbackLoop_Refinement.xml (RunModel)" time="0.073" />
  <testcase classname="ptolemy.util.test.junit.AutoTests" name="[97] /home/travis/build/icyphy/ptII/ptolemy/domains/modal/test/auto/NonStrictFSM_FeedbackLoop_preemptive.xml (RunModel)" time="0.06" />
  <testcase classname="ptolemy.util.test.junit.AutoTests" name="[98] /home/travis/build/icyphy/ptII/ptolemy/domains/modal/test/auto/NormalTermination.xml (RunModel)" time="0.05" />
  <testcase classname="ptolemy.util.test.junit.AutoTests" name="[99] /home/travis/build/icyphy/ptII/ptolemy/domains/modal/test/auto/Pong.xml (RunModel)" time="0.071" />
  <testcase classname="ptolemy.util.test.junit.AutoTests" name="[100] /home/travis/build/icyphy/ptII/ptolemy/domains/modal/test/auto/Pong_test.xml (RunModel)" time="0.077" />
  <testcase classname="ptolemy.util.test.junit.AutoTests" name="[101] /home/travis/build/icyphy/ptII/ptolemy/domains/modal/test/auto/PreemptionHierarchy.xml (RunModel)" time="0.023" />
  <testcase classname="ptolemy.util.test.junit.AutoTests" name="[102] /home/travis/build/icyphy/ptII/ptolemy/domains/modal/test/auto/PreemptionHierarchy2.xml (RunModel)" time="0.032" />
  <testcase classname="ptolemy.util.test.junit.AutoTests" name="[103] /home/travis/build/icyphy/ptII/ptolemy/domains/modal/test/auto/PreemptiveTransition.xml (RunModel)" time="0.02" />
  <testcase classname="ptolemy.util.test.junit.AutoTests" name="[104] /home/travis/build/icyphy/ptII/ptolemy/domains/modal/test/auto/Priorities.xml (RunModel)" time="0.067" />
  <testcase classname="ptolemy.util.test.junit.AutoTests" name="[105] /home/travis/build/icyphy/ptII/ptolemy/domains/modal/test/auto/ResetFinal.xml (RunModel)" time="0.061" />
  <testcase classname="ptolemy.util.test.junit.AutoTests" name="[106] /home/travis/build/icyphy/ptII/ptolemy/domains/modal/test/auto/ResetFinal2.xml (RunModel)" time="0.029" />
  <testcase classname="ptolemy.util.test.junit.AutoTests" name="[107] /home/travis/build/icyphy/ptII/ptolemy/domains/modal/test/auto/ResetTransitionWithStartTime.xml (RunModel)" time="0.03" />
  <testcase classname="ptolemy.util.test.junit.AutoTests" name="[108] /home/travis/build/icyphy/ptII/ptolemy/domains/modal/test/auto/SDF-FSMComposite.xml (RunModel)" time="0.019" />
  <testcase classname="ptolemy.util.test.junit.AutoTests" name="[109] /home/travis/build/icyphy/ptII/ptolemy/domains/modal/test/auto/SeeminglyNondeterminate.xml (RunModel)" time="0.07" />
  <testcase classname="ptolemy.util.test.junit.AutoTests" name="[110] /home/travis/build/icyphy/ptII/ptolemy/domains/modal/test/auto/SeeminglyNondeterminate2.xml (RunModel)" time="0.076" />
  <testcase classname="ptolemy.util.test.junit.AutoTests" name="[111] /home/travis/build/icyphy/ptII/ptolemy/domains/modal/test/auto/SpontaneousFSM.xml (RunModel)" time="0.046" />
  <testcase classname="ptolemy.util.test.junit.AutoTests" name="[112] /home/travis/build/icyphy/ptII/ptolemy/domains/modal/test/auto/SpontaneousFSM2.xml (RunModel)" time="0.03" />
  <testcase classname="ptolemy.util.test.junit.AutoTests" name="[113] /home/travis/build/icyphy/ptII/ptolemy/domains/modal/test/auto/SpontaneousFSM3.xml (RunModel)" time="0.041" />
  <testcase classname="ptolemy.util.test.junit.AutoTests" name="[114] /home/travis/build/icyphy/ptII/ptolemy/domains/modal/test/auto/SpontaneousFSM4.xml (RunModel)" time="0.039" />
  <testcase classname="ptolemy.util.test.junit.AutoTests" name="[115] /home/travis/build/icyphy/ptII/ptolemy/domains/modal/test/auto/StateTrackerTest.xml (RunModel)" time="0.047" />
  <testcase classname="ptolemy.util.test.junit.AutoTests" name="[116] /home/travis/build/icyphy/ptII/ptolemy/domains/modal/test/auto/StrongImmediateTransition.xml (RunModel)" time="0.032" />
  <testcase classname="ptolemy.util.test.junit.AutoTests" name="[117] /home/travis/build/icyphy/ptII/ptolemy/domains/modal/test/auto/SustainHierarchy.xml (RunModel)" time="0.033" />
  <testcase classname="ptolemy.util.test.junit.AutoTests" name="[118] /home/travis/build/icyphy/ptII/ptolemy/domains/modal/test/auto/TerminationTransition1.xml (RunModel)" time="0.023" />
  <testcase classname="ptolemy.util.test.junit.AutoTests" name="[119] /home/travis/build/icyphy/ptII/ptolemy/domains/modal/test/auto/TerminationTransition2.xml (RunModel)" time="0.026" />
  <testcase classname="ptolemy.util.test.junit.AutoTests" name="[120] /home/travis/build/icyphy/ptII/ptolemy/domains/modal/test/auto/TerminationTransition3.xml (RunModel)" time="0.026" />
  <testcase classname="ptolemy.util.test.junit.AutoTests" name="[121] /home/travis/build/icyphy/ptII/ptolemy/domains/modal/test/auto/TerminationTransition4.xml (RunModel)" time="0.036" />
  <testcase classname="ptolemy.util.test.junit.AutoTests" name="[122] /home/travis/build/icyphy/ptII/ptolemy/domains/modal/test/auto/TerminationTransition5.xml (RunModel)" time="0.04" />
  <testcase classname="ptolemy.util.test.junit.AutoTests" name="[123] /home/travis/build/icyphy/ptII/ptolemy/domains/modal/test/auto/TerminationTransition6.xml (RunModel)" time="0.02" />
  <testcase classname="ptolemy.util.test.junit.AutoTests" name="[124] /home/travis/build/icyphy/ptII/ptolemy/domains/modal/test/auto/TerminationTransition7.xml (RunModel)" time="0.02" />
  <testcase classname="ptolemy.util.test.junit.AutoTests" name="[125] /home/travis/build/icyphy/ptII/ptolemy/domains/modal/test/auto/TerminationTransition8.xml (RunModel)" time="0.022" />
  <testcase classname="ptolemy.util.test.junit.AutoTests" name="[126] /home/travis/build/icyphy/ptII/ptolemy/domains/modal/test/auto/Thermostat_NoHysteresis.xml (RunModel)" time="0.053" />
  <testcase classname="ptolemy.util.test.junit.AutoTests" name="[127] /home/travis/build/icyphy/ptII/ptolemy/domains/modal/test/auto/TimedFSM.xml (RunModel)" time="0.027" />
  <testcase classname="ptolemy.util.test.junit.AutoTests" name="[128] /home/travis/build/icyphy/ptII/ptolemy/domains/modal/test/auto/Timeout1.xml (RunModel)" time="0.013" />
  <testcase classname="ptolemy.util.test.junit.AutoTests" name="[129] /home/travis/build/icyphy/ptII/ptolemy/domains/modal/test/auto/Timeout2.xml (RunModel)" time="0.019" />
  <testcase classname="ptolemy.util.test.junit.AutoTests" name="[130] /home/travis/build/icyphy/ptII/ptolemy/domains/modal/test/auto/Timeout3.xml (RunModel)" time="0.016" />
  <testcase classname="ptolemy.util.test.junit.AutoTests" name="[131] /home/travis/build/icyphy/ptII/ptolemy/domains/modal/test/auto/Timeout4.xml (RunModel)" time="0.012" />
  <testcase classname="ptolemy.util.test.junit.AutoTests" name="[132] /home/travis/build/icyphy/ptII/ptolemy/domains/modal/test/auto/TransientstateModelAdvanced.xml (RunModel)" time="0.028" />
  <testcase classname="ptolemy.util.test.junit.AutoTests" name="[133] /home/travis/build/icyphy/ptII/ptolemy/domains/modal/test/auto/TransientstateModelAdvanced2.xml (RunModel)" time="0.029" />
  <testcase classname="ptolemy.util.test.junit.AutoTests" name="[134] /home/travis/build/icyphy/ptII/ptolemy/domains/modal/test/auto/TransitionRefinements.xml (RunModel)" time="0.022" />
  <testcase classname="ptolemy.util.test.junit.AutoTests" name="[135] /home/travis/build/icyphy/ptII/ptolemy/domains/modal/test/auto/TwoRefinements1.xml (RunModel)" time="0.026" />
  <testcase classname="ptolemy.util.test.junit.AutoTests" name="[136] /home/travis/build/icyphy/ptII/ptolemy/domains/modal/test/auto/TwoRefinements2.xml (RunModel)" time="0.024" />
  <testcase classname="ptolemy.util.test.junit.AutoTests" name="[137] /home/travis/build/icyphy/ptII/ptolemy/domains/modal/test/auto/WeakImmediateTransition.xml (RunModel)" time="0.02" />
  <testcase classname="ptolemy.util.test.junit.AutoTests" name="[138] /home/travis/build/icyphy/ptII/ptolemy/domains/modal/test/auto/booleanSelect.xml (RunModel)" time="0.053" />
  <testcase classname="ptolemy.util.test.junit.AutoTests" name="[139] /home/travis/build/icyphy/ptII/ptolemy/domains/modal/test/auto/modalChangingParams.xml (RunModel)" time="0.2" />
  <testcase classname="ptolemy.util.test.junit.AutoTests" name="[140] /home/travis/build/icyphy/ptII/ptolemy/domains/modal/test/auto/modalModel.xml (RunModel)" time="0.022" />
  <testcase classname="ptolemy.util.test.junit.AutoTests" name="[141] /home/travis/build/icyphy/ptII/ptolemy/domains/modal/test/auto/modalModel2.xml (RunModel)" time="0.027" />
  <testcase classname="ptolemy.util.test.junit.AutoTests" name="[142] /home/travis/build/icyphy/ptII/ptolemy/domains/modal/test/auto/modalModel3.xml (RunModel)" time="0.038" />
  <testcase classname="ptolemy.util.test.junit.AutoTests" name="[143] /home/travis/build/icyphy/ptII/ptolemy/domains/modal/test/auto/model1.xml (RunModel)" time="0.026" />
  <testcase classname="ptolemy.util.test.junit.AutoTests" name="[144] /home/travis/build/icyphy/ptII/ptolemy/domains/modal/test/auto/test-direct-in-out.xml (RunModel)" time="0.02" />
  <system-out><![CDATA[/home/travis/build/icyphy/ptII/ptolemy/domains/modal/test/SystemLevelType.tcl
testDefs.tcl: setting time out to 9000 seconds at Sun May 06 01:04:48 UTC 2018
05/06/18 01:04:50
Failed: 0  Total Tests: 1  ((Passed: 1, Newly Passed: 0)  Known Failed: 0) /home/travis/build/icyphy/ptII/ptolemy/domains/modal/test
----------------- testing (KnownFailure) /home/travis/build/icyphy/ptII/ptolemy/domains/modal/test/auto/knownFailedTests/CannotAnalysisWithPreemption.xml
64 ms. Memory: 208384K Free: 188382K (90%)
Known Failure: java.lang.reflect.InvocationTargetException
No auto/*.xml tests in /home/travis/build/icyphy/ptII/ptolemy/domains/modal/test
AutoTests.java: About to close Vertx.
AutoTests.java: Vertx closed.
----------------- testing Sun May 06 01:04:50 UTC 2018 /home/travis/build/icyphy/ptII/ptolemy/domains/modal/test/auto/ABPTest.xml
----------------- Instantiating /home/travis/build/icyphy/ptII/ptolemy/domains/modal/test/auto/ABPTest.xml
351 ms. Memory: 332288K Free: 291571K (88%)
----------------- Invoking toplevel() on ptolemy.moml.MoMLSimpleApplication@26ed8bd9
----------------- Done invoking toplevel() on ptolemy.moml.MoMLSimpleApplication@26ed8bd9
reloadAllAccessors: .ABPTest
----------------- testing Sun May 06 01:04:51 UTC 2018 /home/travis/build/icyphy/ptII/ptolemy/domains/modal/test/auto/ABROFlat.xml
----------------- Instantiating /home/travis/build/icyphy/ptII/ptolemy/domains/modal/test/auto/ABROFlat.xml
22 ms. Memory: 332288K Free: 269450K (81%)
----------------- Invoking toplevel() on ptolemy.moml.MoMLSimpleApplication@77259374
----------------- Done invoking toplevel() on ptolemy.moml.MoMLSimpleApplication@77259374
reloadAllAccessors: .ABROFlat
----------------- testing Sun May 06 01:04:51 UTC 2018 /home/travis/build/icyphy/ptII/ptolemy/domains/modal/test/auto/ABROFlat2.xml
----------------- Instantiating /home/travis/build/icyphy/ptII/ptolemy/domains/modal/test/auto/ABROFlat2.xml
20 ms. Memory: 332288K Free: 251451K (76%)
----------------- Invoking toplevel() on ptolemy.moml.MoMLSimpleApplication@56b0531e
----------------- Done invoking toplevel() on ptolemy.moml.MoMLSimpleApplication@56b0531e
reloadAllAccessors: .ABROFlat2
----------------- testing Sun May 06 01:04:51 UTC 2018 /home/travis/build/icyphy/ptII/ptolemy/domains/modal/test/auto/ABRO_present_hmm.xml
----------------- Instantiating /home/travis/build/icyphy/ptII/ptolemy/domains/modal/test/auto/ABRO_present_hmm.xml
34 ms. Memory: 332288K Free: 220411K (66%)
----------------- Invoking toplevel() on ptolemy.moml.MoMLSimpleApplication@19a3ea23
----------------- Done invoking toplevel() on ptolemy.moml.MoMLSimpleApplication@19a3ea23
reloadAllAccessors: .ABRO_present_hmm
----------------- testing Sun May 06 01:04:51 UTC 2018 /home/travis/build/icyphy/ptII/ptolemy/domains/modal/test/auto/AMICoderExample.xml
----------------- Instantiating /home/travis/build/icyphy/ptII/ptolemy/domains/modal/test/auto/AMICoderExample.xml
16 ms. Memory: 332288K Free: 208965K (63%)
----------------- Invoking toplevel() on ptolemy.moml.MoMLSimpleApplication@10264cf
----------------- Done invoking toplevel() on ptolemy.moml.MoMLSimpleApplication@10264cf
reloadAllAccessors: .AMICoderExample
----------------- testing Sun May 06 01:04:51 UTC 2018 /home/travis/build/icyphy/ptII/ptolemy/domains/modal/test/auto/AbsentToPresent.xml
----------------- Instantiating /home/travis/build/icyphy/ptII/ptolemy/domains/modal/test/auto/AbsentToPresent.xml
4 ms. Memory: 332288K Free: 200646K (60%)
----------------- Invoking toplevel() on ptolemy.moml.MoMLSimpleApplication@582b4140
----------------- Done invoking toplevel() on ptolemy.moml.MoMLSimpleApplication@582b4140
reloadAllAccessors: .AbsentToPresent
----------------- testing Sun May 06 01:04:51 UTC 2018 /home/travis/build/icyphy/ptII/ptolemy/domains/modal/test/auto/Blending.xml
----------------- Instantiating /home/travis/build/icyphy/ptII/ptolemy/domains/modal/test/auto/Blending.xml
164 ms. Memory: 332288K Free: 151648K (46%)
----------------- Invoking toplevel() on ptolemy.moml.MoMLSimpleApplication@4a09ee9f
----------------- Done invoking toplevel() on ptolemy.moml.MoMLSimpleApplication@4a09ee9f
reloadAllAccessors: .Blending
----------------- testing Sun May 06 01:04:51 UTC 2018 /home/travis/build/icyphy/ptII/ptolemy/domains/modal/test/auto/Broadcast.xml
----------------- Instantiating /home/travis/build/icyphy/ptII/ptolemy/domains/modal/test/auto/Broadcast.xml
16 ms. Memory: 332288K Free: 138558K (42%)
----------------- Invoking toplevel() on ptolemy.moml.MoMLSimpleApplication@18f820cc
----------------- Done invoking toplevel() on ptolemy.moml.MoMLSimpleApplication@18f820cc
reloadAllAccessors: .Broadcast
----------------- testing Sun May 06 01:04:52 UTC 2018 /home/travis/build/icyphy/ptII/ptolemy/domains/modal/test/auto/BroadcastHierarchy.xml
----------------- Instantiating /home/travis/build/icyphy/ptII/ptolemy/domains/modal/test/auto/BroadcastHierarchy.xml
10 ms. Memory: 332288K Free: 122220K (37%)
----------------- Invoking toplevel() on ptolemy.moml.MoMLSimpleApplication@74f14f6a
----------------- Done invoking toplevel() on ptolemy.moml.MoMLSimpleApplication@74f14f6a
reloadAllAccessors: .BroadcastHierarchy
----------------- testing Sun May 06 01:04:52 UTC 2018 /home/travis/build/icyphy/ptII/ptolemy/domains/modal/test/auto/BroadcastHierarchy2.xml
----------------- Instantiating /home/travis/build/icyphy/ptII/ptolemy/domains/modal/test/auto/BroadcastHierarchy2.xml
25 ms. Memory: 332288K Free: 87899K (26%)
----------------- Invoking toplevel() on ptolemy.moml.MoMLSimpleApplication@352b3001
----------------- Done invoking toplevel() on ptolemy.moml.MoMLSimpleApplication@352b3001
reloadAllAccessors: .BroadcastHierarchy2
----------------- testing Sun May 06 01:04:52 UTC 2018 /home/travis/build/icyphy/ptII/ptolemy/domains/modal/test/auto/BroadcastHierarchy3.xml
----------------- Instantiating /home/travis/build/icyphy/ptII/ptolemy/domains/modal/test/auto/BroadcastHierarchy3.xml
17 ms. Memory: 333824K Free: 305099K (91%)
----------------- Invoking toplevel() on ptolemy.moml.MoMLSimpleApplication@787ce3fb
----------------- Done invoking toplevel() on ptolemy.moml.MoMLSimpleApplication@787ce3fb
reloadAllAccessors: .BroadcastHierarchy3
----------------- testing Sun May 06 01:04:52 UTC 2018 /home/travis/build/icyphy/ptII/ptolemy/domains/modal/test/auto/BroadcastHierarchy4.xml
----------------- Instantiating /home/travis/build/icyphy/ptII/ptolemy/domains/modal/test/auto/BroadcastHierarchy4.xml
23 ms. Memory: 333824K Free: 272141K (82%)
----------------- Invoking toplevel() on ptolemy.moml.MoMLSimpleApplication@70772f96
----------------- Done invoking toplevel() on ptolemy.moml.MoMLSimpleApplication@70772f96
reloadAllAccessors: .BroadcastHierarchy4
----------------- testing Sun May 06 01:04:52 UTC 2018 /home/travis/build/icyphy/ptII/ptolemy/domains/modal/test/auto/CannotAnalysisWithPreemption2.xml
----------------- Instantiating /home/travis/build/icyphy/ptII/ptolemy/domains/modal/test/auto/CannotAnalysisWithPreemption2.xml
4 ms. Memory: 333824K Free: 263569K (79%)
----------------- Invoking toplevel() on ptolemy.moml.MoMLSimpleApplication@1c95c137
----------------- Done invoking toplevel() on ptolemy.moml.MoMLSimpleApplication@1c95c137
reloadAllAccessors: .CannotAnalysisWithPreemption2
----------------- testing Sun May 06 01:04:52 UTC 2018 /home/travis/build/icyphy/ptII/ptolemy/domains/modal/test/auto/CannotAnalysisWithPreemption3.xml
----------------- Instantiating /home/travis/build/icyphy/ptII/ptolemy/domains/modal/test/auto/CannotAnalysisWithPreemption3.xml
3 ms. Memory: 333824K Free: 251310K (75%)
----------------- Invoking toplevel() on ptolemy.moml.MoMLSimpleApplication@6ce1c579
----------------- Done invoking toplevel() on ptolemy.moml.MoMLSimpleApplication@6ce1c579
reloadAllAccessors: .CannotAnalysisWithPreemption3
----------------- testing Sun May 06 01:04:52 UTC 2018 /home/travis/build/icyphy/ptII/ptolemy/domains/modal/test/auto/CannotProduce.xml
----------------- Instantiating /home/travis/build/icyphy/ptII/ptolemy/domains/modal/test/auto/CannotProduce.xml
6 ms. Memory: 333824K Free: 241651K (72%)
----------------- Invoking toplevel() on ptolemy.moml.MoMLSimpleApplication@6cb49be1
----------------- Done invoking toplevel() on ptolemy.moml.MoMLSimpleApplication@6cb49be1
reloadAllAccessors: .CannotProduce
----------------- testing Sun May 06 01:04:52 UTC 2018 /home/travis/build/icyphy/ptII/ptolemy/domains/modal/test/auto/CannotProduceModal.xml
----------------- Instantiating /home/travis/build/icyphy/ptII/ptolemy/domains/modal/test/auto/CannotProduceModal.xml
4 ms. Memory: 333824K Free: 233039K (70%)
----------------- Invoking toplevel() on ptolemy.moml.MoMLSimpleApplication@4494dbf9
----------------- Done invoking toplevel() on ptolemy.moml.MoMLSimpleApplication@4494dbf9
reloadAllAccessors: .CannotProduceModal
----------------- testing Sun May 06 01:04:52 UTC 2018 /home/travis/build/icyphy/ptII/ptolemy/domains/modal/test/auto/Case.xml
----------------- Instantiating /home/travis/build/icyphy/ptII/ptolemy/domains/modal/test/auto/Case.xml
16 ms. Memory: 333824K Free: 220763K (66%)
----------------- Invoking toplevel() on ptolemy.moml.MoMLSimpleApplication@7c712253
----------------- Done invoking toplevel() on ptolemy.moml.MoMLSimpleApplication@7c712253
reloadAllAccessors: .Case
----------------- testing Sun May 06 01:04:52 UTC 2018 /home/travis/build/icyphy/ptII/ptolemy/domains/modal/test/auto/Case1.xml
----------------- Instantiating /home/travis/build/icyphy/ptII/ptolemy/domains/modal/test/auto/Case1.xml
10 ms. Memory: 333824K Free: 209883K (63%)
----------------- Invoking toplevel() on ptolemy.moml.MoMLSimpleApplication@30541656
----------------- Done invoking toplevel() on ptolemy.moml.MoMLSimpleApplication@30541656
reloadAllAccessors: .Case1
----------------- testing Sun May 06 01:04:52 UTC 2018 /home/travis/build/icyphy/ptII/ptolemy/domains/modal/test/auto/Case2.xml
----------------- Instantiating /home/travis/build/icyphy/ptII/ptolemy/domains/modal/test/auto/Case2.xml
30 ms. Memory: 333824K Free: 197608K (59%)
----------------- Invoking toplevel() on ptolemy.moml.MoMLSimpleApplication@71661e33
----------------- Done invoking toplevel() on ptolemy.moml.MoMLSimpleApplication@71661e33
reloadAllAccessors: .Case2
----------------- testing Sun May 06 01:04:52 UTC 2018 /home/travis/build/icyphy/ptII/ptolemy/domains/modal/test/auto/CausalityInterface1.xml
----------------- Instantiating /home/travis/build/icyphy/ptII/ptolemy/domains/modal/test/auto/CausalityInterface1.xml
4 ms. Memory: 333824K Free: 191486K (57%)
----------------- Invoking toplevel() on ptolemy.moml.MoMLSimpleApplication@72627b22
----------------- Done invoking toplevel() on ptolemy.moml.MoMLSimpleApplication@72627b22
reloadAllAccessors: .CausalityInterface1
----------------- testing Sun May 06 01:04:52 UTC 2018 /home/travis/build/icyphy/ptII/ptolemy/domains/modal/test/auto/CausalityInterface10.xml
----------------- Instantiating /home/travis/build/icyphy/ptII/ptolemy/domains/modal/test/auto/CausalityInterface10.xml
12 ms. Memory: 333824K Free: 173262K (52%)
----------------- Invoking toplevel() on ptolemy.moml.MoMLSimpleApplication@597ee8f1
----------------- Done invoking toplevel() on ptolemy.moml.MoMLSimpleApplication@597ee8f1
reloadAllAccessors: .CausalityInterface10
----------------- testing Sun May 06 01:04:52 UTC 2018 /home/travis/build/icyphy/ptII/ptolemy/domains/modal/test/auto/CausalityInterface11.xml
----------------- Instantiating /home/travis/build/icyphy/ptII/ptolemy/domains/modal/test/auto/CausalityInterface11.xml
14 ms. Memory: 333824K Free: 158512K (47%)
----------------- Invoking toplevel() on ptolemy.moml.MoMLSimpleApplication@42cc37bd
----------------- Done invoking toplevel() on ptolemy.moml.MoMLSimpleApplication@42cc37bd
reloadAllAccessors: .CausalityInterface11
----------------- testing Sun May 06 01:04:52 UTC 2018 /home/travis/build/icyphy/ptII/ptolemy/domains/modal/test/auto/CausalityInterface12.xml
----------------- Instantiating /home/travis/build/icyphy/ptII/ptolemy/domains/modal/test/auto/CausalityInterface12.xml
9 ms. Memory: 333824K Free: 143770K (43%)
----------------- Invoking toplevel() on ptolemy.moml.MoMLSimpleApplication@6f8fd8b5
----------------- Done invoking toplevel() on ptolemy.moml.MoMLSimpleApplication@6f8fd8b5
reloadAllAccessors: .CausalityInterface12
----------------- testing Sun May 06 01:04:52 UTC 2018 /home/travis/build/icyphy/ptII/ptolemy/domains/modal/test/auto/CausalityInterface13.xml
----------------- Instantiating /home/travis/build/icyphy/ptII/ptolemy/domains/modal/test/auto/CausalityInterface13.xml
14 ms. Memory: 333824K Free: 123089K (37%)
----------------- Invoking toplevel() on ptolemy.moml.MoMLSimpleApplication@67752e28
----------------- Done invoking toplevel() on ptolemy.moml.MoMLSimpleApplication@67752e28
reloadAllAccessors: .CausalityInterface13
----------------- testing Sun May 06 01:04:53 UTC 2018 /home/travis/build/icyphy/ptII/ptolemy/domains/modal/test/auto/CausalityInterface14.xml
----------------- Instantiating /home/travis/build/icyphy/ptII/ptolemy/domains/modal/test/auto/CausalityInterface14.xml
6 ms. Memory: 333824K Free: 105897K (32%)
----------------- Invoking toplevel() on ptolemy.moml.MoMLSimpleApplication@85c5f67
----------------- Done invoking toplevel() on ptolemy.moml.MoMLSimpleApplication@85c5f67
reloadAllAccessors: .CausalityInterface14
----------------- testing Sun May 06 01:04:53 UTC 2018 /home/travis/build/icyphy/ptII/ptolemy/domains/modal/test/auto/CausalityInterface2.xml
----------------- Instantiating /home/travis/build/icyphy/ptII/ptolemy/domains/modal/test/auto/CausalityInterface2.xml
5 ms. Memory: 333824K Free: 98546K (30%)
----------------- Invoking toplevel() on ptolemy.moml.MoMLSimpleApplication@3fe14b81
----------------- Done invoking toplevel() on ptolemy.moml.MoMLSimpleApplication@3fe14b81
reloadAllAccessors: .CausalityInterface2
----------------- testing Sun May 06 01:04:53 UTC 2018 /home/travis/build/icyphy/ptII/ptolemy/domains/modal/test/auto/CausalityInterface3.xml
----------------- Instantiating /home/travis/build/icyphy/ptII/ptolemy/domains/modal/test/auto/CausalityInterface3.xml
4 ms. Memory: 333824K Free: 88920K (27%)
----------------- Invoking toplevel() on ptolemy.moml.MoMLSimpleApplication@4b89395d
----------------- Done invoking toplevel() on ptolemy.moml.MoMLSimpleApplication@4b89395d
reloadAllAccessors: .CausalityInterface3
----------------- testing Sun May 06 01:04:53 UTC 2018 /home/travis/build/icyphy/ptII/ptolemy/domains/modal/test/auto/CausalityInterface4.xml
----------------- Instantiating /home/travis/build/icyphy/ptII/ptolemy/domains/modal/test/auto/CausalityInterface4.xml
3 ms. Memory: 333824K Free: 81561K (24%)
----------------- Invoking toplevel() on ptolemy.moml.MoMLSimpleApplication@24427d24
----------------- Done invoking toplevel() on ptolemy.moml.MoMLSimpleApplication@24427d24
reloadAllAccessors: .CausalityInterface4
----------------- testing Sun May 06 01:04:53 UTC 2018 /home/travis/build/icyphy/ptII/ptolemy/domains/modal/test/auto/CausalityInterface5.xml
----------------- Instantiating /home/travis/build/icyphy/ptII/ptolemy/domains/modal/test/auto/CausalityInterface5.xml
5 ms. Memory: 578048K Free: 558095K (97%)
----------------- Invoking toplevel() on ptolemy.moml.MoMLSimpleApplication@6ecc1a7f
----------------- Done invoking toplevel() on ptolemy.moml.MoMLSimpleApplication@6ecc1a7f
reloadAllAccessors: .CausalityInterface5
----------------- testing Sun May 06 01:04:53 UTC 2018 /home/travis/build/icyphy/ptII/ptolemy/domains/modal/test/auto/CausalityInterface6.xml
----------------- Instantiating /home/travis/build/icyphy/ptII/ptolemy/domains/modal/test/auto/CausalityInterface6.xml
5 ms. Memory: 578048K Free: 541922K (94%)
----------------- Invoking toplevel() on ptolemy.moml.MoMLSimpleApplication@18b4c2c1
----------------- Done invoking toplevel() on ptolemy.moml.MoMLSimpleApplication@18b4c2c1
reloadAllAccessors: .CausalityInterface6
----------------- testing Sun May 06 01:04:53 UTC 2018 /home/travis/build/icyphy/ptII/ptolemy/domains/modal/test/auto/CausalityInterface7.xml
----------------- Instantiating /home/travis/build/icyphy/ptII/ptolemy/domains/modal/test/auto/CausalityInterface7.xml
3 ms. Memory: 578048K Free: 528641K (91%)
----------------- Invoking toplevel() on ptolemy.moml.MoMLSimpleApplication@335cfab4
----------------- Done invoking toplevel() on ptolemy.moml.MoMLSimpleApplication@335cfab4
reloadAllAccessors: .CausalityInterface7
----------------- testing Sun May 06 01:04:53 UTC 2018 /home/travis/build/icyphy/ptII/ptolemy/domains/modal/test/auto/CausalityInterface8.xml
----------------- Instantiating /home/travis/build/icyphy/ptII/ptolemy/domains/modal/test/auto/CausalityInterface8.xml
3 ms. Memory: 578048K Free: 515615K (89%)
----------------- Invoking toplevel() on ptolemy.moml.MoMLSimpleApplication@2359d03f
----------------- Done invoking toplevel() on ptolemy.moml.MoMLSimpleApplication@2359d03f
reloadAllAccessors: .CausalityInterface8
----------------- testing Sun May 06 01:04:53 UTC 2018 /home/travis/build/icyphy/ptII/ptolemy/domains/modal/test/auto/CausalityInterface9.xml
----------------- Instantiating /home/travis/build/icyphy/ptII/ptolemy/domains/modal/test/auto/CausalityInterface9.xml
3 ms. Memory: 578048K Free: 502582K (87%)
----------------- Invoking toplevel() on ptolemy.moml.MoMLSimpleApplication@7111a34b
----------------- Done invoking toplevel() on ptolemy.moml.MoMLSimpleApplication@7111a34b
reloadAllAccessors: .CausalityInterface9
----------------- testing Sun May 06 01:04:53 UTC 2018 /home/travis/build/icyphy/ptII/ptolemy/domains/modal/test/auto/ChainedTransitions.xml
----------------- Instantiating /home/travis/build/icyphy/ptII/ptolemy/domains/modal/test/auto/ChainedTransitions.xml
48 ms. Memory: 578048K Free: 470111K (81%)
----------------- Invoking toplevel() on ptolemy.moml.MoMLSimpleApplication@9054fd3
----------------- Done invoking toplevel() on ptolemy.moml.MoMLSimpleApplication@9054fd3
reloadAllAccessors: .ChainedTransitions
----------------- testing Sun May 06 01:04:53 UTC 2018 /home/travis/build/icyphy/ptII/ptolemy/domains/modal/test/auto/CycleOfImmediateTransitionsFSM.xml
----------------- Instantiating /home/travis/build/icyphy/ptII/ptolemy/domains/modal/test/auto/CycleOfImmediateTransitionsFSM.xml
2 ms. Memory: 578048K Free: 460341K (80%)
----------------- Invoking toplevel() on ptolemy.moml.MoMLSimpleApplication@6e311504
----------------- Done invoking toplevel() on ptolemy.moml.MoMLSimpleApplication@6e311504
reloadAllAccessors: .CycleOfImmediateTransitionsFSM
----------------- testing Sun May 06 01:04:53 UTC 2018 /home/travis/build/icyphy/ptII/ptolemy/domains/modal/test/auto/CycleOfImmediateTransitionsModal.xml
----------------- Instantiating /home/travis/build/icyphy/ptII/ptolemy/domains/modal/test/auto/CycleOfImmediateTransitionsModal.xml
3 ms. Memory: 578048K Free: 450556K (78%)
----------------- Invoking toplevel() on ptolemy.moml.MoMLSimpleApplication@766d2656
----------------- Done invoking toplevel() on ptolemy.moml.MoMLSimpleApplication@766d2656
reloadAllAccessors: .CycleOfImmediateTransitionsModal
----------------- testing Sun May 06 01:04:53 UTC 2018 /home/travis/build/icyphy/ptII/ptolemy/domains/modal/test/auto/CycleOfImmediateTransitionsModal2.xml
----------------- Instantiating /home/travis/build/icyphy/ptII/ptolemy/domains/modal/test/auto/CycleOfImmediateTransitionsModal2.xml
5 ms. Memory: 578048K Free: 440771K (76%)
----------------- Invoking toplevel() on ptolemy.moml.MoMLSimpleApplication@57ff66d
----------------- Done invoking toplevel() on ptolemy.moml.MoMLSimpleApplication@57ff66d
reloadAllAccessors: .CycleOfImmediateTransitionsModal2
----------------- testing Sun May 06 01:04:53 UTC 2018 /home/travis/build/icyphy/ptII/ptolemy/domains/modal/test/auto/CycleOfImmediateTransitionsModal3.xml
----------------- Instantiating /home/travis/build/icyphy/ptII/ptolemy/domains/modal/test/auto/CycleOfImmediateTransitionsModal3.xml
11 ms. Memory: 578048K Free: 408284K (71%)
----------------- Invoking toplevel() on ptolemy.moml.MoMLSimpleApplication@48a9c2a0
----------------- Done invoking toplevel() on ptolemy.moml.MoMLSimpleApplication@48a9c2a0
reloadAllAccessors: .CycleOfImmediateTransitionsModal3
----------------- testing Sun May 06 01:04:53 UTC 2018 /home/travis/build/icyphy/ptII/ptolemy/domains/modal/test/auto/DeepModal1.xml
----------------- Instantiating /home/travis/build/icyphy/ptII/ptolemy/domains/modal/test/auto/DeepModal1.xml
28 ms. Memory: 578048K Free: 388706K (67%)
----------------- Invoking toplevel() on ptolemy.moml.MoMLSimpleApplication@4f8f94a1
----------------- Done invoking toplevel() on ptolemy.moml.MoMLSimpleApplication@4f8f94a1
reloadAllAccessors: .DeepModal1
----------------- testing Sun May 06 01:04:53 UTC 2018 /home/travis/build/icyphy/ptII/ptolemy/domains/modal/test/auto/DeepModal2.xml
----------------- Instantiating /home/travis/build/icyphy/ptII/ptolemy/domains/modal/test/auto/DeepModal2.xml
13 ms. Memory: 578048K Free: 365872K (63%)
----------------- Invoking toplevel() on ptolemy.moml.MoMLSimpleApplication@463c6209
----------------- Done invoking toplevel() on ptolemy.moml.MoMLSimpleApplication@463c6209
reloadAllAccessors: .DeepModal2
----------------- testing Sun May 06 01:04:53 UTC 2018 /home/travis/build/icyphy/ptII/ptolemy/domains/modal/test/auto/DeepModal3.xml
----------------- Instantiating /home/travis/build/icyphy/ptII/ptolemy/domains/modal/test/auto/DeepModal3.xml
24 ms. Memory: 578048K Free: 343045K (59%)
----------------- Invoking toplevel() on ptolemy.moml.MoMLSimpleApplication@632aaa9b
----------------- Done invoking toplevel() on ptolemy.moml.MoMLSimpleApplication@632aaa9b
reloadAllAccessors: .DeepModal3
----------------- testing Sun May 06 01:04:53 UTC 2018 /home/travis/build/icyphy/ptII/ptolemy/domains/modal/test/auto/DeepModal4.xml
----------------- Instantiating /home/travis/build/icyphy/ptII/ptolemy/domains/modal/test/auto/DeepModal4.xml
13 ms. Memory: 578048K Free: 317079K (55%)
----------------- Invoking toplevel() on ptolemy.moml.MoMLSimpleApplication@140dcd15
----------------- Done invoking toplevel() on ptolemy.moml.MoMLSimpleApplication@140dcd15
reloadAllAccessors: .DeepModal4
----------------- testing Sun May 06 01:04:53 UTC 2018 /home/travis/build/icyphy/ptII/ptolemy/domains/modal/test/auto/Default1.xml
----------------- Instantiating /home/travis/build/icyphy/ptII/ptolemy/domains/modal/test/auto/Default1.xml
9 ms. Memory: 578048K Free: 307310K (53%)
----------------- Invoking toplevel() on ptolemy.moml.MoMLSimpleApplication@5cfbfa8c
----------------- Done invoking toplevel() on ptolemy.moml.MoMLSimpleApplication@5cfbfa8c
reloadAllAccessors: .Default1
----------------- testing Sun May 06 01:04:53 UTC 2018 /home/travis/build/icyphy/ptII/ptolemy/domains/modal/test/auto/Default2.xml
----------------- Instantiating /home/travis/build/icyphy/ptII/ptolemy/domains/modal/test/auto/Default2.xml
3 ms. Memory: 578048K Free: 297533K (51%)
----------------- Invoking toplevel() on ptolemy.moml.MoMLSimpleApplication@7b7ae3e1
----------------- Done invoking toplevel() on ptolemy.moml.MoMLSimpleApplication@7b7ae3e1
reloadAllAccessors: .Default2
----------------- testing Sun May 06 01:04:53 UTC 2018 /home/travis/build/icyphy/ptII/ptolemy/domains/modal/test/auto/Default3.xml
----------------- Instantiating /home/travis/build/icyphy/ptII/ptolemy/domains/modal/test/auto/Default3.xml
3 ms. Memory: 578048K Free: 287748K (50%)
----------------- Invoking toplevel() on ptolemy.moml.MoMLSimpleApplication@692df822
----------------- Done invoking toplevel() on ptolemy.moml.MoMLSimpleApplication@692df822
reloadAllAccessors: .Default3
----------------- testing Sun May 06 01:04:53 UTC 2018 /home/travis/build/icyphy/ptII/ptolemy/domains/modal/test/auto/Default4.xml
----------------- Instantiating /home/travis/build/icyphy/ptII/ptolemy/domains/modal/test/auto/Default4.xml
7 ms. Memory: 578048K Free: 274831K (48%)
----------------- Invoking toplevel() on ptolemy.moml.MoMLSimpleApplication@335ebe0
----------------- Done invoking toplevel() on ptolemy.moml.MoMLSimpleApplication@335ebe0
reloadAllAccessors: .Default4
----------------- testing Sun May 06 01:04:54 UTC 2018 /home/travis/build/icyphy/ptII/ptolemy/domains/modal/test/auto/Default5.xml
----------------- Instantiating /home/travis/build/icyphy/ptII/ptolemy/domains/modal/test/auto/Default5.xml
8 ms. Memory: 578048K Free: 261790K (45%)
----------------- Invoking toplevel() on ptolemy.moml.MoMLSimpleApplication@3927f607
----------------- Done invoking toplevel() on ptolemy.moml.MoMLSimpleApplication@3927f607
reloadAllAccessors: .Default5
----------------- testing Sun May 06 01:04:54 UTC 2018 /home/travis/build/icyphy/ptII/ptolemy/domains/modal/test/auto/EmptyGuard.xml
----------------- Instantiating /home/travis/build/icyphy/ptII/ptolemy/domains/modal/test/auto/EmptyGuard.xml
12 ms. Memory: 578048K Free: 252013K (44%)
----------------- Invoking toplevel() on ptolemy.moml.MoMLSimpleApplication@39fce686
----------------- Done invoking toplevel() on ptolemy.moml.MoMLSimpleApplication@39fce686
reloadAllAccessors: .EmptyGuard
----------------- testing Sun May 06 01:04:54 UTC 2018 /home/travis/build/icyphy/ptII/ptolemy/domains/modal/test/auto/ErrorTransition1.xml
----------------- Instantiating /home/travis/build/icyphy/ptII/ptolemy/domains/modal/test/auto/ErrorTransition1.xml
10 ms. Memory: 578048K Free: 238979K (41%)
----------------- Invoking toplevel() on ptolemy.moml.MoMLSimpleApplication@5629ea9c
----------------- Done invoking toplevel() on ptolemy.moml.MoMLSimpleApplication@5629ea9c
reloadAllAccessors: .ErrorTransition1
----------------- testing Sun May 06 01:04:54 UTC 2018 /home/travis/build/icyphy/ptII/ptolemy/domains/modal/test/auto/ErrorTransition10.xml
----------------- Instantiating /home/travis/build/icyphy/ptII/ptolemy/domains/modal/test/auto/ErrorTransition10.xml
10 ms. Memory: 578048K Free: 219550K (38%)
----------------- Invoking toplevel() on ptolemy.moml.MoMLSimpleApplication@3303b95b
----------------- Done invoking toplevel() on ptolemy.moml.MoMLSimpleApplication@3303b95b
reloadAllAccessors: .ErrorTransition10
----------------- testing Sun May 06 01:04:54 UTC 2018 /home/travis/build/icyphy/ptII/ptolemy/domains/modal/test/auto/ErrorTransition11.xml
----------------- Instantiating /home/travis/build/icyphy/ptII/ptolemy/domains/modal/test/auto/ErrorTransition11.xml
4 ms. Memory: 578048K Free: 203244K (35%)
----------------- Invoking toplevel() on ptolemy.moml.MoMLSimpleApplication@6547fd0b
----------------- Done invoking toplevel() on ptolemy.moml.MoMLSimpleApplication@6547fd0b
reloadAllAccessors: .ErrorTransition11
----------------- testing Sun May 06 01:04:54 UTC 2018 /home/travis/build/icyphy/ptII/ptolemy/domains/modal/test/auto/ErrorTransition2.xml
----------------- Instantiating /home/travis/build/icyphy/ptII/ptolemy/domains/modal/test/auto/ErrorTransition2.xml
5 ms. Memory: 578048K Free: 190203K (33%)
----------------- Invoking toplevel() on ptolemy.moml.MoMLSimpleApplication@192c42d4
----------------- Done invoking toplevel() on ptolemy.moml.MoMLSimpleApplication@192c42d4
reloadAllAccessors: .ErrorTransition2
----------------- testing Sun May 06 01:04:54 UTC 2018 /home/travis/build/icyphy/ptII/ptolemy/domains/modal/test/auto/ErrorTransition3.xml
----------------- Instantiating /home/travis/build/icyphy/ptII/ptolemy/domains/modal/test/auto/ErrorTransition3.xml
14 ms. Memory: 578048K Free: 177162K (31%)
----------------- Invoking toplevel() on ptolemy.moml.MoMLSimpleApplication@3568d0ce
----------------- Done invoking toplevel() on ptolemy.moml.MoMLSimpleApplication@3568d0ce
reloadAllAccessors: .ErrorTransition3
----------------- testing Sun May 06 01:04:54 UTC 2018 /home/travis/build/icyphy/ptII/ptolemy/domains/modal/test/auto/ErrorTransition4.xml
----------------- Instantiating /home/travis/build/icyphy/ptII/ptolemy/domains/modal/test/auto/ErrorTransition4.xml
5 ms. Memory: 578048K Free: 160989K (28%)
----------------- Invoking toplevel() on ptolemy.moml.MoMLSimpleApplication@72ad6b8c
----------------- Done invoking toplevel() on ptolemy.moml.MoMLSimpleApplication@72ad6b8c
reloadAllAccessors: .ErrorTransition4
----------------- testing Sun May 06 01:04:54 UTC 2018 /home/travis/build/icyphy/ptII/ptolemy/domains/modal/test/auto/ErrorTransition5.xml
----------------- Instantiating /home/travis/build/icyphy/ptII/ptolemy/domains/modal/test/auto/ErrorTransition5.xml
5 ms. Memory: 578048K Free: 147947K (26%)
----------------- Invoking toplevel() on ptolemy.moml.MoMLSimpleApplication@6dbe5cdf
----------------- Done invoking toplevel() on ptolemy.moml.MoMLSimpleApplication@6dbe5cdf
reloadAllAccessors: .ErrorTransition5
----------------- testing Sun May 06 01:04:54 UTC 2018 /home/travis/build/icyphy/ptII/ptolemy/domains/modal/test/auto/ErrorTransition6.xml
----------------- Instantiating /home/travis/build/icyphy/ptII/ptolemy/domains/modal/test/auto/ErrorTransition6.xml
6 ms. Memory: 578048K Free: 134906K (23%)
----------------- Invoking toplevel() on ptolemy.moml.MoMLSimpleApplication@5ad1ca60
----------------- Done invoking toplevel() on ptolemy.moml.MoMLSimpleApplication@5ad1ca60
reloadAllAccessors: .ErrorTransition6
----------------- testing Sun May 06 01:04:54 UTC 2018 /home/travis/build/icyphy/ptII/ptolemy/domains/modal/test/auto/ErrorTransition7.xml
----------------- Instantiating /home/travis/build/icyphy/ptII/ptolemy/domains/modal/test/auto/ErrorTransition7.xml
8 ms. Memory: 578048K Free: 118607K (21%)
----------------- Invoking toplevel() on ptolemy.moml.MoMLSimpleApplication@52a6b160
----------------- Done invoking toplevel() on ptolemy.moml.MoMLSimpleApplication@52a6b160
reloadAllAccessors: .ErrorTransition7
----------------- testing Sun May 06 01:04:54 UTC 2018 /home/travis/build/icyphy/ptII/ptolemy/domains/modal/test/auto/ErrorTransition8.xml
----------------- Instantiating /home/travis/build/icyphy/ptII/ptolemy/domains/modal/test/auto/ErrorTransition8.xml
31 ms. Memory: 578048K Free: 99178K (17%)
----------------- Invoking toplevel() on ptolemy.moml.MoMLSimpleApplication@126fbcf7
----------------- Done invoking toplevel() on ptolemy.moml.MoMLSimpleApplication@126fbcf7
reloadAllAccessors: .ErrorTransition8
----------------- testing Sun May 06 01:04:54 UTC 2018 /home/travis/build/icyphy/ptII/ptolemy/domains/modal/test/auto/ErrorTransition9.xml
----------------- Instantiating /home/travis/build/icyphy/ptII/ptolemy/domains/modal/test/auto/ErrorTransition9.xml
13 ms. Memory: 578048K Free: 82888K (14%)
----------------- Invoking toplevel() on ptolemy.moml.MoMLSimpleApplication@18d26bc3
----------------- Done invoking toplevel() on ptolemy.moml.MoMLSimpleApplication@18d26bc3
reloadAllAccessors: .ErrorTransition9
----------------- testing Sun May 06 01:04:54 UTC 2018 /home/travis/build/icyphy/ptII/ptolemy/domains/modal/test/auto/ExtendedFSM.xml
----------------- Instantiating /home/travis/build/icyphy/ptII/ptolemy/domains/modal/test/auto/ExtendedFSM.xml
6 ms. Memory: 578048K Free: 560589K (97%)
----------------- Invoking toplevel() on ptolemy.moml.MoMLSimpleApplication@537d1c5a
----------------- Done invoking toplevel() on ptolemy.moml.MoMLSimpleApplication@537d1c5a
reloadAllAccessors: .ExtendedFSM
----------------- testing Sun May 06 01:04:54 UTC 2018 /home/travis/build/icyphy/ptII/ptolemy/domains/modal/test/auto/FinalStates.xml
----------------- Instantiating /home/travis/build/icyphy/ptII/ptolemy/domains/modal/test/auto/FinalStates.xml
3 ms. Memory: 578048K Free: 548603K (95%)
----------------- Invoking toplevel() on ptolemy.moml.MoMLSimpleApplication@c4fc411
----------------- Done invoking toplevel() on ptolemy.moml.MoMLSimpleApplication@c4fc411
reloadAllAccessors: .FinalStates
----------------- testing Sun May 06 01:04:54 UTC 2018 /home/travis/build/icyphy/ptII/ptolemy/domains/modal/test/auto/FixedPointFSM.xml
----------------- Instantiating /home/travis/build/icyphy/ptII/ptolemy/domains/modal/test/auto/FixedPointFSM.xml
9 ms. Memory: 578048K Free: 528861K (91%)
----------------- Invoking toplevel() on ptolemy.moml.MoMLSimpleApplication@4e5941b0
----------------- Done invoking toplevel() on ptolemy.moml.MoMLSimpleApplication@4e5941b0
reloadAllAccessors: .FixedPointFSM
----------------- testing Sun May 06 01:04:54 UTC 2018 /home/travis/build/icyphy/ptII/ptolemy/domains/modal/test/auto/FixedPointIterationFSMActor.xml
----------------- Instantiating /home/travis/build/icyphy/ptII/ptolemy/domains/modal/test/auto/FixedPointIterationFSMActor.xml
4 ms. Memory: 578048K Free: 513619K (89%)
----------------- Invoking toplevel() on ptolemy.moml.MoMLSimpleApplication@196730fb
----------------- Done invoking toplevel() on ptolemy.moml.MoMLSimpleApplication@196730fb
reloadAllAccessors: .FixedPointIterationFSMActor
----------------- testing Sun May 06 01:04:54 UTC 2018 /home/travis/build/icyphy/ptII/ptolemy/domains/modal/test/auto/FixedPointIterationFSMActor2.xml
----------------- Instantiating /home/travis/build/icyphy/ptII/ptolemy/domains/modal/test/auto/FixedPointIterationFSMActor2.xml
6 ms. Memory: 578048K Free: 497322K (86%)
----------------- Invoking toplevel() on ptolemy.moml.MoMLSimpleApplication@370ef909
----------------- Done invoking toplevel() on ptolemy.moml.MoMLSimpleApplication@370ef909
reloadAllAccessors: .FixedPointIterationFSMActor2
----------------- testing Sun May 06 01:04:54 UTC 2018 /home/travis/build/icyphy/ptII/ptolemy/domains/modal/test/auto/ForbiddenInstantanousLoop.xml
----------------- Instantiating /home/travis/build/icyphy/ptII/ptolemy/domains/modal/test/auto/ForbiddenInstantanousLoop.xml
5 ms. Memory: 578048K Free: 481024K (83%)
----------------- Invoking toplevel() on ptolemy.moml.MoMLSimpleApplication@21d672cb
----------------- Done invoking toplevel() on ptolemy.moml.MoMLSimpleApplication@21d672cb
reloadAllAccessors: .ForbiddenInstantanousLoop
----------------- testing Sun May 06 01:04:54 UTC 2018 /home/travis/build/icyphy/ptII/ptolemy/domains/modal/test/auto/FunctionDependencyOfFSMActorTest.xml
----------------- Instantiating /home/travis/build/icyphy/ptII/ptolemy/domains/modal/test/auto/FunctionDependencyOfFSMActorTest.xml
5 ms. Memory: 578048K Free: 469046K (81%)
----------------- Invoking toplevel() on ptolemy.moml.MoMLSimpleApplication@71b915a8
----------------- Done invoking toplevel() on ptolemy.moml.MoMLSimpleApplication@71b915a8
reloadAllAccessors: .FunctionDependencyOfFSMActorTest
----------------- testing Sun May 06 01:04:54 UTC 2018 /home/travis/build/icyphy/ptII/ptolemy/domains/modal/test/auto/GuardExpression.xml
----------------- Instantiating /home/travis/build/icyphy/ptII/ptolemy/domains/modal/test/auto/GuardExpression.xml
7 ms. Memory: 578048K Free: 459277K (79%)
----------------- Invoking toplevel() on ptolemy.moml.MoMLSimpleApplication@2b99ce99
----------------- Done invoking toplevel() on ptolemy.moml.MoMLSimpleApplication@2b99ce99
reloadAllAccessors: .GuardExpression
----------------- testing Sun May 06 01:04:54 UTC 2018 /home/travis/build/icyphy/ptII/ptolemy/domains/modal/test/auto/GuardNotEvaluated.xml
----------------- Instantiating /home/travis/build/icyphy/ptII/ptolemy/domains/modal/test/auto/GuardNotEvaluated.xml
10 ms. Memory: 578048K Free: 446252K (77%)
----------------- Invoking toplevel() on ptolemy.moml.MoMLSimpleApplication@3956fb6b
----------------- Done invoking toplevel() on ptolemy.moml.MoMLSimpleApplication@3956fb6b
reloadAllAccessors: .GuardNotEvaluated
----------------- testing Sun May 06 01:04:54 UTC 2018 /home/travis/build/icyphy/ptII/ptolemy/domains/modal/test/auto/GuardNotEvaluated2.xml
----------------- Instantiating /home/travis/build/icyphy/ptII/ptolemy/domains/modal/test/auto/GuardNotEvaluated2.xml
6 ms. Memory: 578048K Free: 431018K (75%)
----------------- Invoking toplevel() on ptolemy.moml.MoMLSimpleApplication@17063dd
----------------- Done invoking toplevel() on ptolemy.moml.MoMLSimpleApplication@17063dd
reloadAllAccessors: .GuardNotEvaluated2
----------------- testing Sun May 06 01:04:54 UTC 2018 /home/travis/build/icyphy/ptII/ptolemy/domains/modal/test/auto/GuardOnAbsent.xml
----------------- Instantiating /home/travis/build/icyphy/ptII/ptolemy/domains/modal/test/auto/GuardOnAbsent.xml
12 ms. Memory: 578048K Free: 421241K (73%)
----------------- Invoking toplevel() on ptolemy.moml.MoMLSimpleApplication@79b26e8b
----------------- Done invoking toplevel() on ptolemy.moml.MoMLSimpleApplication@79b26e8b
reloadAllAccessors: .GuardOnAbsent
----------------- testing Sun May 06 01:04:54 UTC 2018 /home/travis/build/icyphy/ptII/ptolemy/domains/modal/test/auto/HierarchicalFSMTypeInference.xml
----------------- Instantiating /home/travis/build/icyphy/ptII/ptolemy/domains/modal/test/auto/HierarchicalFSMTypeInference.xml
9 ms. Memory: 578048K Free: 404943K (70%)
----------------- Invoking toplevel() on ptolemy.moml.MoMLSimpleApplication@31349f14
----------------- Done invoking toplevel() on ptolemy.moml.MoMLSimpleApplication@31349f14
reloadAllAccessors: .HierarchicalFSMTypeInference
----------------- testing Sun May 06 01:04:54 UTC 2018 /home/travis/build/icyphy/ptII/ptolemy/domains/modal/test/auto/Hysteresis.xml
----------------- Instantiating /home/travis/build/icyphy/ptII/ptolemy/domains/modal/test/auto/Hysteresis.xml
16 ms. Memory: 578048K Free: 383172K (66%)
----------------- Invoking toplevel() on ptolemy.moml.MoMLSimpleApplication@30e92c7d
----------------- Done invoking toplevel() on ptolemy.moml.MoMLSimpleApplication@30e92c7d
reloadAllAccessors: .Hysteresis
----------------- testing Sun May 06 01:04:54 UTC 2018 /home/travis/build/icyphy/ptII/ptolemy/domains/modal/test/auto/HysteresisWithDefault.xml
----------------- Instantiating /home/travis/build/icyphy/ptII/ptolemy/domains/modal/test/auto/HysteresisWithDefault.xml
38 ms. Memory: 578048K Free: 357041K (62%)
----------------- Invoking toplevel() on ptolemy.moml.MoMLSimpleApplication@1d60147d
----------------- Done invoking toplevel() on ptolemy.moml.MoMLSimpleApplication@1d60147d
reloadAllAccessors: .HysteresisWithDefault
----------------- testing Sun May 06 01:04:54 UTC 2018 /home/travis/build/icyphy/ptII/ptolemy/domains/modal/test/auto/HysteresisWithDefault2.xml
----------------- Instantiating /home/travis/build/icyphy/ptII/ptolemy/domains/modal/test/auto/HysteresisWithDefault2.xml
35 ms. Memory: 578048K Free: 322213K (56%)
----------------- Invoking toplevel() on ptolemy.moml.MoMLSimpleApplication@398eea64
----------------- Done invoking toplevel() on ptolemy.moml.MoMLSimpleApplication@398eea64
reloadAllAccessors: .HysteresisWithDefault2
----------------- testing Sun May 06 01:04:55 UTC 2018 /home/travis/build/icyphy/ptII/ptolemy/domains/modal/test/auto/ImmediateNonConstructiveness.xml
----------------- Instantiating /home/travis/build/icyphy/ptII/ptolemy/domains/modal/test/auto/ImmediateNonConstructiveness.xml
3 ms. Memory: 578048K Free: 312428K (54%)
----------------- Invoking toplevel() on ptolemy.moml.MoMLSimpleApplication@3fb1833b
----------------- Done invoking toplevel() on ptolemy.moml.MoMLSimpleApplication@3fb1833b
reloadAllAccessors: .ImmediateNonConstructiveness
----------------- testing Sun May 06 01:04:55 UTC 2018 /home/travis/build/icyphy/ptII/ptolemy/domains/modal/test/auto/ImmediateNonConstructiveness2.xml
----------------- Instantiating /home/travis/build/icyphy/ptII/ptolemy/domains/modal/test/auto/ImmediateNonConstructiveness2.xml
2 ms. Memory: 578048K Free: 302643K (52%)
----------------- Invoking toplevel() on ptolemy.moml.MoMLSimpleApplication@6d2d1843
----------------- Done invoking toplevel() on ptolemy.moml.MoMLSimpleApplication@6d2d1843
reloadAllAccessors: .ImmediateNonConstructiveness2
----------------- testing Sun May 06 01:04:55 UTC 2018 /home/travis/build/icyphy/ptII/ptolemy/domains/modal/test/auto/ImmediateTransitionReset.xml
----------------- Instantiating /home/travis/build/icyphy/ptII/ptolemy/domains/modal/test/auto/ImmediateTransitionReset.xml
8 ms. Memory: 578048K Free: 284129K (49%)
----------------- Invoking toplevel() on ptolemy.moml.MoMLSimpleApplication@133b2633
----------------- Done invoking toplevel() on ptolemy.moml.MoMLSimpleApplication@133b2633
reloadAllAccessors: .ImmediateTransitionReset
----------------- testing Sun May 06 01:04:55 UTC 2018 /home/travis/build/icyphy/ptII/ptolemy/domains/modal/test/auto/ImmediateTransitions1.xml
----------------- Instantiating /home/travis/build/icyphy/ptII/ptolemy/domains/modal/test/auto/ImmediateTransitions1.xml
1 ms. Memory: 578048K Free: 274360K (47%)
----------------- Invoking toplevel() on ptolemy.moml.MoMLSimpleApplication@7207ea5
----------------- Done invoking toplevel() on ptolemy.moml.MoMLSimpleApplication@7207ea5
reloadAllAccessors: .ImmediateTransitions1
----------------- testing Sun May 06 01:04:55 UTC 2018 /home/travis/build/icyphy/ptII/ptolemy/domains/modal/test/auto/ImmediateTransitionsInstantaneousCommunication.xml
----------------- Instantiating /home/travis/build/icyphy/ptII/ptolemy/domains/modal/test/auto/ImmediateTransitionsInstantaneousCommunication.xml
4 ms. Memory: 578048K Free: 258046K (45%)
----------------- Invoking toplevel() on ptolemy.moml.MoMLSimpleApplication@48f1615a
----------------- Done invoking toplevel() on ptolemy.moml.MoMLSimpleApplication@48f1615a
reloadAllAccessors: .ImmediateTransitionsInstantaneousCommunication
----------------- testing Sun May 06 01:04:55 UTC 2018 /home/travis/build/icyphy/ptII/ptolemy/domains/modal/test/auto/InitialImmediateTransition.xml
----------------- Instantiating /home/travis/build/icyphy/ptII/ptolemy/domains/modal/test/auto/InitialImmediateTransition.xml
5 ms. Memory: 578048K Free: 246060K (43%)
----------------- Invoking toplevel() on ptolemy.moml.MoMLSimpleApplication@4fa5ac
----------------- Done invoking toplevel() on ptolemy.moml.MoMLSimpleApplication@4fa5ac
reloadAllAccessors: .InitialImmediateTransition
----------------- testing Sun May 06 01:04:55 UTC 2018 /home/travis/build/icyphy/ptII/ptolemy/domains/modal/test/auto/InitialOutputs.xml
----------------- Instantiating /home/travis/build/icyphy/ptII/ptolemy/domains/modal/test/auto/InitialOutputs.xml
3 ms. Memory: 578048K Free: 236283K (41%)
----------------- Invoking toplevel() on ptolemy.moml.MoMLSimpleApplication@7cc3d520
----------------- Done invoking toplevel() on ptolemy.moml.MoMLSimpleApplication@7cc3d520
reloadAllAccessors: .InitialOutputs
----------------- testing Sun May 06 01:04:55 UTC 2018 /home/travis/build/icyphy/ptII/ptolemy/domains/modal/test/auto/InitialStateTransition1.xml
----------------- Instantiating /home/travis/build/icyphy/ptII/ptolemy/domains/modal/test/auto/InitialStateTransition1.xml
2 ms. Memory: 578048K Free: 223250K (39%)
----------------- Invoking toplevel() on ptolemy.moml.MoMLSimpleApplication@13c5aed
----------------- Done invoking toplevel() on ptolemy.moml.MoMLSimpleApplication@13c5aed
reloadAllAccessors: .InitialStateTransition1
----------------- testing Sun May 06 01:04:55 UTC 2018 /home/travis/build/icyphy/ptII/ptolemy/domains/modal/test/auto/InitialStateTransition2.xml
----------------- Instantiating /home/travis/build/icyphy/ptII/ptolemy/domains/modal/test/auto/InitialStateTransition2.xml
.InitialStateTransition2.TestExceptionAttributeNonConstructive: initialize() was not invoked, but wrapup() was.  This is unusual, but not always a problem.  For example, exporting JNLP will do this.
1 ms. Memory: 578048K Free: 208008K (36%)
----------------- Invoking toplevel() on ptolemy.moml.MoMLSimpleApplication@2c0b1f3c
----------------- Done invoking toplevel() on ptolemy.moml.MoMLSimpleApplication@2c0b1f3c
reloadAllAccessors: .InitialStateTransition2
----------------- testing Sun May 06 01:04:55 UTC 2018 /home/travis/build/icyphy/ptII/ptolemy/domains/modal/test/auto/InitialStateTransition3.xml
----------------- Instantiating /home/travis/build/icyphy/ptII/ptolemy/domains/modal/test/auto/InitialStateTransition3.xml
5 ms. Memory: 578048K Free: 194983K (34%)
----------------- Invoking toplevel() on ptolemy.moml.MoMLSimpleApplication@59ce5171
----------------- Done invoking toplevel() on ptolemy.moml.MoMLSimpleApplication@59ce5171
reloadAllAccessors: .InitialStateTransition3
----------------- testing Sun May 06 01:04:55 UTC 2018 /home/travis/build/icyphy/ptII/ptolemy/domains/modal/test/auto/InitialStateTransition4.xml
----------------- Instantiating /home/travis/build/icyphy/ptII/ptolemy/domains/modal/test/auto/InitialStateTransition4.xml
3 ms. Memory: 578048K Free: 179741K (31%)
----------------- Invoking toplevel() on ptolemy.moml.MoMLSimpleApplication@7fd67713
----------------- Done invoking toplevel() on ptolemy.moml.MoMLSimpleApplication@7fd67713
reloadAllAccessors: .InitialStateTransition4
----------------- testing Sun May 06 01:04:55 UTC 2018 /home/travis/build/icyphy/ptII/ptolemy/domains/modal/test/auto/MalformedGuardExpressionNotCaught.xml
----------------- Instantiating /home/travis/build/icyphy/ptII/ptolemy/domains/modal/test/auto/MalformedGuardExpressionNotCaught.xml
3 ms. Memory: 578048K Free: 169956K (29%)
----------------- Invoking toplevel() on ptolemy.moml.MoMLSimpleApplication@57c49fc
----------------- Done invoking toplevel() on ptolemy.moml.MoMLSimpleApplication@57c49fc
reloadAllAccessors: .MalformedGuardExpressionNotCaught
----------------- testing Sun May 06 01:04:55 UTC 2018 /home/travis/build/icyphy/ptII/ptolemy/domains/modal/test/auto/ModalBSC.xml
----------------- Instantiating /home/travis/build/icyphy/ptII/ptolemy/domains/modal/test/auto/ModalBSC.xml
51 ms. Memory: 578048K Free: 137320K (24%)
----------------- Invoking toplevel() on ptolemy.moml.MoMLSimpleApplication@15edef88
----------------- Done invoking toplevel() on ptolemy.moml.MoMLSimpleApplication@15edef88
reloadAllAccessors: .ModalBSC
----------------- testing Sun May 06 01:04:55 UTC 2018 /home/travis/build/icyphy/ptII/ptolemy/domains/modal/test/auto/ModalClocks.xml
----------------- Instantiating /home/travis/build/icyphy/ptII/ptolemy/domains/modal/test/auto/ModalClocks.xml
43 ms. Memory: 578048K Free: 109045K (19%)
----------------- Invoking toplevel() on ptolemy.moml.MoMLSimpleApplication@1ed2a1ff
----------------- Done invoking toplevel() on ptolemy.moml.MoMLSimpleApplication@1ed2a1ff
reloadAllAccessors: .ModalClocks
----------------- testing Sun May 06 01:04:55 UTC 2018 /home/travis/build/icyphy/ptII/ptolemy/domains/modal/test/auto/ModalDelay.xml
----------------- Instantiating /home/travis/build/icyphy/ptII/ptolemy/domains/modal/test/auto/ModalDelay.xml
14 ms. Memory: 578048K Free: 89475K (15%)
----------------- Invoking toplevel() on ptolemy.moml.MoMLSimpleApplication@13c02ade
----------------- Done invoking toplevel() on ptolemy.moml.MoMLSimpleApplication@13c02ade
reloadAllAccessors: .ModalDelay
----------------- testing Sun May 06 01:04:55 UTC 2018 /home/travis/build/icyphy/ptII/ptolemy/domains/modal/test/auto/ModalDelay2.xml
----------------- Instantiating /home/travis/build/icyphy/ptII/ptolemy/domains/modal/test/auto/ModalDelay2.xml
14 ms. Memory: 871936K Free: 852591K (98%)
----------------- Invoking toplevel() on ptolemy.moml.MoMLSimpleApplication@31c9e47f
----------------- Done invoking toplevel() on ptolemy.moml.MoMLSimpleApplication@31c9e47f
reloadAllAccessors: .ModalDelay2
----------------- testing Sun May 06 01:04:55 UTC 2018 /home/travis/build/icyphy/ptII/ptolemy/domains/modal/test/auto/ModalModelFromMemo.xml
----------------- Instantiating /home/travis/build/icyphy/ptII/ptolemy/domains/modal/test/auto/ModalModelFromMemo.xml
19 ms. Memory: 871936K Free: 818756K (94%)
----------------- Invoking toplevel() on ptolemy.moml.MoMLSimpleApplication@451c32d9
----------------- Done invoking toplevel() on ptolemy.moml.MoMLSimpleApplication@451c32d9
reloadAllAccessors: .ModalModelFromMemo
----------------- testing Sun May 06 01:04:55 UTC 2018 /home/travis/build/icyphy/ptII/ptolemy/domains/modal/test/auto/ModalModelWithMultirateTransient.xml
----------------- Instantiating /home/travis/build/icyphy/ptII/ptolemy/domains/modal/test/auto/ModalModelWithMultirateTransient.xml
16 ms. Memory: 871936K Free: 797883K (92%)
----------------- Invoking toplevel() on ptolemy.moml.MoMLSimpleApplication@b835234
----------------- Done invoking toplevel() on ptolemy.moml.MoMLSimpleApplication@b835234
reloadAllAccessors: .ModalModelWithMultirateTransient
----------------- testing Sun May 06 01:04:55 UTC 2018 /home/travis/build/icyphy/ptII/ptolemy/domains/modal/test/auto/ModalModelWithReset.xml
----------------- Instantiating /home/travis/build/icyphy/ptII/ptolemy/domains/modal/test/auto/ModalModelWithReset.xml
18 ms. Memory: 871936K Free: 782230K (90%)
----------------- Invoking toplevel() on ptolemy.moml.MoMLSimpleApplication@6bc5037a
----------------- Done invoking toplevel() on ptolemy.moml.MoMLSimpleApplication@6bc5037a
reloadAllAccessors: .ModalModelWithReset
----------------- testing Sun May 06 01:04:55 UTC 2018 /home/travis/build/icyphy/ptII/ptolemy/domains/modal/test/auto/MouseClickFSM.xml
----------------- Instantiating /home/travis/build/icyphy/ptII/ptolemy/domains/modal/test/auto/MouseClickFSM.xml
16 ms. Memory: 871936K Free: 753600K (86%)
----------------- Invoking toplevel() on ptolemy.moml.MoMLSimpleApplication@5e1a56b
----------------- Done invoking toplevel() on ptolemy.moml.MoMLSimpleApplication@5e1a56b
reloadAllAccessors: .MouseClickFSM
----------------- testing Sun May 06 01:04:55 UTC 2018 /home/travis/build/icyphy/ptII/ptolemy/domains/modal/test/auto/MouseClickFSMModal.xml
----------------- Instantiating /home/travis/build/icyphy/ptII/ptolemy/domains/modal/test/auto/MouseClickFSMModal.xml
9 ms. Memory: 871936K Free: 737955K (85%)
----------------- Invoking toplevel() on ptolemy.moml.MoMLSimpleApplication@2d970c73
----------------- Done invoking toplevel() on ptolemy.moml.MoMLSimpleApplication@2d970c73
reloadAllAccessors: .MouseClickFSMModal
----------------- testing Sun May 06 01:04:55 UTC 2018 /home/travis/build/icyphy/ptII/ptolemy/domains/modal/test/auto/NonStrictFSM_FeedbackLoop.xml
----------------- Instantiating /home/travis/build/icyphy/ptII/ptolemy/domains/modal/test/auto/NonStrictFSM_FeedbackLoop.xml
23 ms. Memory: 871936K Free: 706666K (81%)
----------------- Invoking toplevel() on ptolemy.moml.MoMLSimpleApplication@6adea751
----------------- Done invoking toplevel() on ptolemy.moml.MoMLSimpleApplication@6adea751
reloadAllAccessors: .NonStrictFSM_FeedbackLoop
----------------- testing Sun May 06 01:04:55 UTC 2018 /home/travis/build/icyphy/ptII/ptolemy/domains/modal/test/auto/NonStrictFSM_FeedbackLoop_Refinement.xml
----------------- Instantiating /home/travis/build/icyphy/ptII/ptolemy/domains/modal/test/auto/NonStrictFSM_FeedbackLoop_Refinement.xml
42 ms. Memory: 871936K Free: 667611K (77%)
----------------- Invoking toplevel() on ptolemy.moml.MoMLSimpleApplication@26a68633
----------------- Done invoking toplevel() on ptolemy.moml.MoMLSimpleApplication@26a68633
reloadAllAccessors: .NonStrictFSM_FeedbackLoop_Refinement
----------------- testing Sun May 06 01:04:56 UTC 2018 /home/travis/build/icyphy/ptII/ptolemy/domains/modal/test/auto/NonStrictFSM_FeedbackLoop_preemptive.xml
----------------- Instantiating /home/travis/build/icyphy/ptII/ptolemy/domains/modal/test/auto/NonStrictFSM_FeedbackLoop_preemptive.xml
21 ms. Memory: 871936K Free: 631110K (72%)
----------------- Invoking toplevel() on ptolemy.moml.MoMLSimpleApplication@2dc69cae
----------------- Done invoking toplevel() on ptolemy.moml.MoMLSimpleApplication@2dc69cae
reloadAllAccessors: .NonStrictFSM_FeedbackLoop_preemptive
----------------- testing Sun May 06 01:04:56 UTC 2018 /home/travis/build/icyphy/ptII/ptolemy/domains/modal/test/auto/NormalTermination.xml
----------------- Instantiating /home/travis/build/icyphy/ptII/ptolemy/domains/modal/test/auto/NormalTermination.xml
4 ms. Memory: 871936K Free: 605017K (69%)
----------------- Invoking toplevel() on ptolemy.moml.MoMLSimpleApplication@559feaf1
----------------- Done invoking toplevel() on ptolemy.moml.MoMLSimpleApplication@559feaf1
reloadAllAccessors: .NormalTermination
----------------- testing Sun May 06 01:04:56 UTC 2018 /home/travis/build/icyphy/ptII/ptolemy/domains/modal/test/auto/Pong.xml
----------------- Instantiating /home/travis/build/icyphy/ptII/ptolemy/domains/modal/test/auto/Pong.xml
52 ms. Memory: 871936K Free: 576394K (66%)
----------------- Invoking toplevel() on ptolemy.moml.MoMLSimpleApplication@1a2ced84
----------------- Done invoking toplevel() on ptolemy.moml.MoMLSimpleApplication@1a2ced84
reloadAllAccessors: .Pong
[...]
2 ms. Memory: 871936K Free: 182703K (21%)
----------------- Invoking toplevel() on ptolemy.moml.MoMLSimpleApplication@2934c8c
----------------- Done invoking toplevel() on ptolemy.moml.MoMLSimpleApplication@2934c8c
reloadAllAccessors: .StrongImmediateTransition
----------------- testing Sun May 06 01:04:57 UTC 2018 /home/travis/build/icyphy/ptII/ptolemy/domains/modal/test/auto/SustainHierarchy.xml
----------------- Instantiating /home/travis/build/icyphy/ptII/ptolemy/domains/modal/test/auto/SustainHierarchy.xml
4 ms. Memory: 871936K Free: 159284K (18%)
----------------- Invoking toplevel() on ptolemy.moml.MoMLSimpleApplication@347145a0
----------------- Done invoking toplevel() on ptolemy.moml.MoMLSimpleApplication@347145a0
reloadAllAccessors: .SustainHierarchy
----------------- testing Sun May 06 01:04:57 UTC 2018 /home/travis/build/icyphy/ptII/ptolemy/domains/modal/test/auto/TerminationTransition1.xml
----------------- Instantiating /home/travis/build/icyphy/ptII/ptolemy/domains/modal/test/auto/TerminationTransition1.xml
2 ms. Memory: 871936K Free: 143648K (16%)
----------------- Invoking toplevel() on ptolemy.moml.MoMLSimpleApplication@5ece3c87
----------------- Done invoking toplevel() on ptolemy.moml.MoMLSimpleApplication@5ece3c87
reloadAllAccessors: .TerminationTransition1
----------------- testing Sun May 06 01:04:57 UTC 2018 /home/travis/build/icyphy/ptII/ptolemy/domains/modal/test/auto/TerminationTransition2.xml
----------------- Instantiating /home/travis/build/icyphy/ptII/ptolemy/domains/modal/test/auto/TerminationTransition2.xml
2 ms. Memory: 871936K Free: 127995K (15%)
----------------- Invoking toplevel() on ptolemy.moml.MoMLSimpleApplication@4be0a184
----------------- Done invoking toplevel() on ptolemy.moml.MoMLSimpleApplication@4be0a184
reloadAllAccessors: .TerminationTransition2
----------------- testing Sun May 06 01:04:57 UTC 2018 /home/travis/build/icyphy/ptII/ptolemy/domains/modal/test/auto/TerminationTransition3.xml
----------------- Instantiating /home/travis/build/icyphy/ptII/ptolemy/domains/modal/test/auto/TerminationTransition3.xml
3 ms. Memory: 871936K Free: 109789K (13%)
----------------- Invoking toplevel() on ptolemy.moml.MoMLSimpleApplication@5e54c715
----------------- Done invoking toplevel() on ptolemy.moml.MoMLSimpleApplication@5e54c715
reloadAllAccessors: .TerminationTransition3
----------------- testing Sun May 06 01:04:57 UTC 2018 /home/travis/build/icyphy/ptII/ptolemy/domains/modal/test/auto/TerminationTransition4.xml
----------------- Instantiating /home/travis/build/icyphy/ptII/ptolemy/domains/modal/test/auto/TerminationTransition4.xml
2 ms. Memory: 871936K Free: 88924K (10%)
----------------- Invoking toplevel() on ptolemy.moml.MoMLSimpleApplication@7d8ddf3c
----------------- Done invoking toplevel() on ptolemy.moml.MoMLSimpleApplication@7d8ddf3c
reloadAllAccessors: .TerminationTransition4
----------------- testing Sun May 06 01:04:57 UTC 2018 /home/travis/build/icyphy/ptII/ptolemy/domains/modal/test/auto/TerminationTransition5.xml
----------------- Instantiating /home/travis/build/icyphy/ptII/ptolemy/domains/modal/test/auto/TerminationTransition5.xml
2 ms. Memory: 871936K Free: 849430K (97%)
----------------- Invoking toplevel() on ptolemy.moml.MoMLSimpleApplication@399e9f4f
----------------- Done invoking toplevel() on ptolemy.moml.MoMLSimpleApplication@399e9f4f
reloadAllAccessors: .TerminationTransition5
----------------- testing Sun May 06 01:04:57 UTC 2018 /home/travis/build/icyphy/ptII/ptolemy/domains/modal/test/auto/TerminationTransition6.xml
----------------- Instantiating /home/travis/build/icyphy/ptII/ptolemy/domains/modal/test/auto/TerminationTransition6.xml
2 ms. Memory: 871936K Free: 831925K (95%)
----------------- Invoking toplevel() on ptolemy.moml.MoMLSimpleApplication@f6105c4
----------------- Done invoking toplevel() on ptolemy.moml.MoMLSimpleApplication@f6105c4
reloadAllAccessors: .TerminationTransition6
----------------- testing Sun May 06 01:04:57 UTC 2018 /home/travis/build/icyphy/ptII/ptolemy/domains/modal/test/auto/TerminationTransition7.xml
----------------- Instantiating /home/travis/build/icyphy/ptII/ptolemy/domains/modal/test/auto/TerminationTransition7.xml
2 ms. Memory: 871936K Free: 816175K (94%)
----------------- Invoking toplevel() on ptolemy.moml.MoMLSimpleApplication@3fe42435
----------------- Done invoking toplevel() on ptolemy.moml.MoMLSimpleApplication@3fe42435
reloadAllAccessors: .TerminationTransition7
----------------- testing Sun May 06 01:04:57 UTC 2018 /home/travis/build/icyphy/ptII/ptolemy/domains/modal/test/auto/TerminationTransition8.xml
----------------- Instantiating /home/travis/build/icyphy/ptII/ptolemy/domains/modal/test/auto/TerminationTransition8.xml
3 ms. Memory: 871936K Free: 798685K (92%)
----------------- Invoking toplevel() on ptolemy.moml.MoMLSimpleApplication@6fd63545
----------------- Done invoking toplevel() on ptolemy.moml.MoMLSimpleApplication@6fd63545
reloadAllAccessors: .TerminationTransition8
----------------- testing Sun May 06 01:04:57 UTC 2018 /home/travis/build/icyphy/ptII/ptolemy/domains/modal/test/auto/Thermostat_NoHysteresis.xml
----------------- Instantiating /home/travis/build/icyphy/ptII/ptolemy/domains/modal/test/auto/Thermostat_NoHysteresis.xml
21 ms. Memory: 871936K Free: 767380K (88%)
----------------- Invoking toplevel() on ptolemy.moml.MoMLSimpleApplication@25e37cdd
----------------- Done invoking toplevel() on ptolemy.moml.MoMLSimpleApplication@25e37cdd
reloadAllAccessors: .Thermostat_NoHysteresis
----------------- testing Sun May 06 01:04:57 UTC 2018 /home/travis/build/icyphy/ptII/ptolemy/domains/modal/test/auto/TimedFSM.xml
----------------- Instantiating /home/travis/build/icyphy/ptII/ptolemy/domains/modal/test/auto/TimedFSM.xml
6 ms. Memory: 871936K Free: 749891K (86%)
----------------- Invoking toplevel() on ptolemy.moml.MoMLSimpleApplication@20b59266
----------------- Done invoking toplevel() on ptolemy.moml.MoMLSimpleApplication@20b59266
reloadAllAccessors: .TimedFSM
----------------- testing Sun May 06 01:04:57 UTC 2018 /home/travis/build/icyphy/ptII/ptolemy/domains/modal/test/auto/Timeout1.xml
----------------- Instantiating /home/travis/build/icyphy/ptII/ptolemy/domains/modal/test/auto/Timeout1.xml
3 ms. Memory: 871936K Free: 739467K (85%)
----------------- Invoking toplevel() on ptolemy.moml.MoMLSimpleApplication@531171eb
----------------- Done invoking toplevel() on ptolemy.moml.MoMLSimpleApplication@531171eb
reloadAllAccessors: .Timeout1
----------------- testing Sun May 06 01:04:57 UTC 2018 /home/travis/build/icyphy/ptII/ptolemy/domains/modal/test/auto/Timeout2.xml
----------------- Instantiating /home/travis/build/icyphy/ptII/ptolemy/domains/modal/test/auto/Timeout2.xml
5 ms. Memory: 871936K Free: 721962K (83%)
----------------- Invoking toplevel() on ptolemy.moml.MoMLSimpleApplication@20d6132e
----------------- Done invoking toplevel() on ptolemy.moml.MoMLSimpleApplication@20d6132e
reloadAllAccessors: .Timeout2
----------------- testing Sun May 06 01:04:57 UTC 2018 /home/travis/build/icyphy/ptII/ptolemy/domains/modal/test/auto/Timeout3.xml
----------------- Instantiating /home/travis/build/icyphy/ptII/ptolemy/domains/modal/test/auto/Timeout3.xml
2 ms. Memory: 871936K Free: 711537K (82%)
----------------- Invoking toplevel() on ptolemy.moml.MoMLSimpleApplication@1000da24
----------------- Done invoking toplevel() on ptolemy.moml.MoMLSimpleApplication@1000da24
reloadAllAccessors: .Timeout3
----------------- testing Sun May 06 01:04:57 UTC 2018 /home/travis/build/icyphy/ptII/ptolemy/domains/modal/test/auto/Timeout4.xml
----------------- Instantiating /home/travis/build/icyphy/ptII/ptolemy/domains/modal/test/auto/Timeout4.xml
2 ms. Memory: 871936K Free: 699260K (80%)
----------------- Invoking toplevel() on ptolemy.moml.MoMLSimpleApplication@544016f4
----------------- Done invoking toplevel() on ptolemy.moml.MoMLSimpleApplication@544016f4
reloadAllAccessors: .Timeout4
----------------- testing Sun May 06 01:04:57 UTC 2018 /home/travis/build/icyphy/ptII/ptolemy/domains/modal/test/auto/TransientstateModelAdvanced.xml
----------------- Instantiating /home/travis/build/icyphy/ptII/ptolemy/domains/modal/test/auto/TransientstateModelAdvanced.xml
3 ms. Memory: 871936K Free: 678403K (78%)
----------------- Invoking toplevel() on ptolemy.moml.MoMLSimpleApplication@4ce0a6f0
----------------- Done invoking toplevel() on ptolemy.moml.MoMLSimpleApplication@4ce0a6f0
reloadAllAccessors: .TransientstateModelAdvanced
----------------- testing Sun May 06 01:04:57 UTC 2018 /home/travis/build/icyphy/ptII/ptolemy/domains/modal/test/auto/TransientstateModelAdvanced2.xml
----------------- Instantiating /home/travis/build/icyphy/ptII/ptolemy/domains/modal/test/auto/TransientstateModelAdvanced2.xml
3 ms. Memory: 871936K Free: 655686K (75%)
----------------- Invoking toplevel() on ptolemy.moml.MoMLSimpleApplication@1970246d
----------------- Done invoking toplevel() on ptolemy.moml.MoMLSimpleApplication@1970246d
reloadAllAccessors: .transientstatemodelAdvanced
----------------- testing Sun May 06 01:04:57 UTC 2018 /home/travis/build/icyphy/ptII/ptolemy/domains/modal/test/auto/TransitionRefinements.xml
----------------- Instantiating /home/travis/build/icyphy/ptII/ptolemy/domains/modal/test/auto/TransitionRefinements.xml
6 ms. Memory: 871936K Free: 640049K (73%)
----------------- Invoking toplevel() on ptolemy.moml.MoMLSimpleApplication@3923d52f
----------------- Done invoking toplevel() on ptolemy.moml.MoMLSimpleApplication@3923d52f
reloadAllAccessors: .TransitionRefinements
----------------- testing Sun May 06 01:04:57 UTC 2018 /home/travis/build/icyphy/ptII/ptolemy/domains/modal/test/auto/TwoRefinements1.xml
----------------- Instantiating /home/travis/build/icyphy/ptII/ptolemy/domains/modal/test/auto/TwoRefinements1.xml
3 ms. Memory: 871936K Free: 622544K (71%)
----------------- Invoking toplevel() on ptolemy.moml.MoMLSimpleApplication@3bd5f946
----------------- Done invoking toplevel() on ptolemy.moml.MoMLSimpleApplication@3bd5f946
reloadAllAccessors: .TwoRefinements1
----------------- testing Sun May 06 01:04:57 UTC 2018 /home/travis/build/icyphy/ptII/ptolemy/domains/modal/test/auto/TwoRefinements2.xml
----------------- Instantiating /home/travis/build/icyphy/ptII/ptolemy/domains/modal/test/auto/TwoRefinements2.xml
2 ms. Memory: 871936K Free: 606892K (70%)
----------------- Invoking toplevel() on ptolemy.moml.MoMLSimpleApplication@7124be56
----------------- Done invoking toplevel() on ptolemy.moml.MoMLSimpleApplication@7124be56
reloadAllAccessors: .TwoRefinements2
----------------- testing Sun May 06 01:04:57 UTC 2018 /home/travis/build/icyphy/ptII/ptolemy/domains/modal/test/auto/WeakImmediateTransition.xml
----------------- Instantiating /home/travis/build/icyphy/ptII/ptolemy/domains/modal/test/auto/WeakImmediateTransition.xml
2 ms. Memory: 871936K Free: 589387K (68%)
----------------- Invoking toplevel() on ptolemy.moml.MoMLSimpleApplication@797fc8b8
----------------- Done invoking toplevel() on ptolemy.moml.MoMLSimpleApplication@797fc8b8
reloadAllAccessors: .WeakImmediateTransition
----------------- testing Sun May 06 01:04:57 UTC 2018 /home/travis/build/icyphy/ptII/ptolemy/domains/modal/test/auto/booleanSelect.xml
----------------- Instantiating /home/travis/build/icyphy/ptII/ptolemy/domains/modal/test/auto/booleanSelect.xml
29 ms. Memory: 871936K Free: 563294K (65%)
----------------- Invoking toplevel() on ptolemy.moml.MoMLSimpleApplication@51fcdc32
----------------- Done invoking toplevel() on ptolemy.moml.MoMLSimpleApplication@51fcdc32
reloadAllAccessors: .booleanSelect
----------------- testing Sun May 06 01:04:57 UTC 2018 /home/travis/build/icyphy/ptII/ptolemy/domains/modal/test/auto/modalChangingParams.xml
----------------- Instantiating /home/travis/build/icyphy/ptII/ptolemy/domains/modal/test/auto/modalChangingParams.xml
0
1
0
2
4
6
8
7
0
2
4
6
8
13
0
2
4
6
8
19
0
2
4
6
8
25
0
2
4
6
8
31
0
2
4
6
8
37
0
2
4
6
8
43
0
2
4
6
8
49
0
2
4
6
8
55
0
2
4
6
8
61
0
2
4
6
8
67
0
2
4
6
8
73
0
2
4
6
8
79
0
2
4
6
8
85
0
2
4
6
8
91
0
2
4
6
8
97
0
2
4
6
8
103
0
2
4
6
8
109
0
2
4
6
8
115
0
2
4
6
8
121
0
2
4
6
8
127
0
2
4
6
8
133
0
2
4
6
8
139
0
2
4
6
8
145
0
2
4
6
8
151
0
2
4
6
8
157
0
2
4
6
8
163
0
2
4
6
8
169
0
2
4
6
8
175
0
2
4
6
8
181
0
2
4
6
8
187
0
2
4
6
8
193
0
2
4
6
8
199
0
2
4
6
8
205
0
2
4
6
8
211
0
2
4
6
8
217
0
2
4
6
8
223
0
2
4
6
8
229
0
2
4
6
8
235
0
2
4
6
8
241
0
2
4
6
8
247
0
2
4
6
8
253
0
2
4
6
8
259
0
2
4
6
8
265
0
2
4
6
8
271
0
2
4
6
8
277
0
2
4
6
8
283
0
2
4
6
8
289
0
2
4
6
8
295
0
2
4
6
8
301
0
2
4
6
8
307
0
2
4
6
8
313
0
2
4
6
8
319
0
2
4
6
8
325
0
2
4
6
8
331
0
2
4
6
8
337
0
2
4
6
8
343
0
2
4
6
8
349
0
2
4
6
8
355
0
2
4
6
8
361
0
2
4
6
8
367
0
2
4
6
8
373
0
2
4
6
8
379
0
2
4
6
8
385
0
2
4
6
8
391
0
2
4
6
8
397
0
2
4
6
8
403
0
2
4
6
8
409
0
2
4
6
8
415
0
2
4
6
8
421
0
2
4
6
8
427
0
2
4
6
8
433
0
2
4
6
8
439
0
2
4
6
8
445
0
2
4
6
8
451
0
2
4
6
8
457
0
2
4
6
8
463
0
2
4
6
8
469
0
2
4
6
8
475
0
2
4
6
8
481
0
2
4
6
8
487
0
2
4
6
8
493
0
2
4
6
8
499
0
2
4
6
8
505
0
2
4
6
8
511
0
2
4
6
8
517
0
2
4
6
8
523
0
2
4
6
8
529
0
2
4
6
8
535
0
2
4
6
8
541
0
2
4
6
8
547
0
2
4
6
8
553
0
2
4
6
8
559
0
2
4
6
8
565
0
2
4
6
8
571
0
2
4
6
8
577
0
2
4
6
8
583
0
2
4
6
8
589
0
2
4
6
8
595
0
2
4
6
8
601
0
2
4
6
8
607
0
2
4
6
8
613
0
2
4
6
8
619
0
2
4
6
8
625
0
2
4
6
8
631
0
2
4
6
8
637
0
2
4
6
8
643
0
2
4
6
8
649
0
2
4
6
8
655
0
2
4
6
8
661
0
2
4
6
8
667
0
2
4
6
8
673
0
2
4
6
8
679
0
2
4
6
8
685
0
2
4
6
8
691
0
2
4
6
8
697
0
2
4
6
8
703
0
2
4
6
8
709
0
2
4
6
8
715
0
2
4
6
8
721
0
2
4
6
8
727
0
2
4
6
8
733
0
2
4
6
8
739
0
2
4
6
8
745
0
2
4
6
8
751
0
2
4
6
8
757
0
2
4
6
8
763
0
2
4
6
8
769
0
2
4
6
8
775
0
2
4
6
8
781
0
2
4
6
8
787
0
2
4
6
8
793
0
2
4
6
8
799
0
2
4
6
8
805
0
2
4
6
8
811
0
2
4
6
8
817
0
2
4
6
8
823
0
2
4
6
8
829
0
2
4
6
8
835
0
2
4
6
8
841
0
2
4
6
8
847
0
2
4
6
8
853
0
2
4
6
8
859
0
2
4
6
8
865
0
2
4
6
8
871
0
2
4
6
8
877
0
2
4
6
8
883
0
2
4
6
8
889
0
2
4
6
8
895
0
2
4
6
8
901
0
2
4
6
8
907
0
2
4
6
8
913
0
2
4
6
8
919
0
2
4
6
8
925
0
2
4
6
8
931
0
2
4
6
8
937
0
2
4
6
8
943
0
2
4
6
8
949
0
2
4
6
8
955
0
2
4
6
8
961
0
2
4
6
8
967
0
2
4
6
8
973
0
2
4
6
8
979
0
2
4
6
8
985
0
2
4
6
8
991
0
2
4
6
8
997
0
2
170 ms. Memory: 871936K Free: 446637K (51%)
----------------- Invoking toplevel() on ptolemy.moml.MoMLSimpleApplication@db90f26
----------------- Done invoking toplevel() on ptolemy.moml.MoMLSimpleApplication@db90f26
reloadAllAccessors: .modalChangingParams
----------------- testing Sun May 06 01:04:57 UTC 2018 /home/travis/build/icyphy/ptII/ptolemy/domains/modal/test/auto/modalModel.xml
----------------- Instantiating /home/travis/build/icyphy/ptII/ptolemy/domains/modal/test/auto/modalModel.xml
5 ms. Memory: 871936K Free: 430984K (49%)
----------------- Invoking toplevel() on ptolemy.moml.MoMLSimpleApplication@3c6f08db
----------------- Done invoking toplevel() on ptolemy.moml.MoMLSimpleApplication@3c6f08db
reloadAllAccessors: .modalModel
----------------- testing Sun May 06 01:04:57 UTC 2018 /home/travis/build/icyphy/ptII/ptolemy/domains/modal/test/auto/modalModel2.xml
----------------- Instantiating /home/travis/build/icyphy/ptII/ptolemy/domains/modal/test/auto/modalModel2.xml
6 ms. Memory: 871936K Free: 415348K (48%)
----------------- Invoking toplevel() on ptolemy.moml.MoMLSimpleApplication@28a2986d
----------------- Done invoking toplevel() on ptolemy.moml.MoMLSimpleApplication@28a2986d
reloadAllAccessors: .modalModel2
----------------- testing Sun May 06 01:04:57 UTC 2018 /home/travis/build/icyphy/ptII/ptolemy/domains/modal/test/auto/modalModel3.xml
----------------- Instantiating /home/travis/build/icyphy/ptII/ptolemy/domains/modal/test/auto/modalModel3.xml
0	0	0
1	0	1
4	2	2
7	4	3
10	6	4
5	0	5
8	2	6
11	4	7
14	6	8
9	0	9
12	2	10
15	4	11
18	6	12
13	0	13
16	2	14
12 ms. Memory: 871936K Free: 397858K (46%)
----------------- Invoking toplevel() on ptolemy.moml.MoMLSimpleApplication@8908cd7
----------------- Done invoking toplevel() on ptolemy.moml.MoMLSimpleApplication@8908cd7
reloadAllAccessors: .modalModel3
----------------- testing Sun May 06 01:04:57 UTC 2018 /home/travis/build/icyphy/ptII/ptolemy/domains/modal/test/auto/model1.xml
----------------- Instantiating /home/travis/build/icyphy/ptII/ptolemy/domains/modal/test/auto/model1.xml
11 ms. Memory: 871936K Free: 387434K (44%)
----------------- Invoking toplevel() on ptolemy.moml.MoMLSimpleApplication@137f01a5
----------------- Done invoking toplevel() on ptolemy.moml.MoMLSimpleApplication@137f01a5
reloadAllAccessors: .model1
----------------- testing Sun May 06 01:04:58 UTC 2018 /home/travis/build/icyphy/ptII/ptolemy/domains/modal/test/auto/test-direct-in-out.xml
----------------- Instantiating /home/travis/build/icyphy/ptII/ptolemy/domains/modal/test/auto/test-direct-in-out.xml
4 ms. Memory: 871936K Free: 369929K (42%)
----------------- Invoking toplevel() on ptolemy.moml.MoMLSimpleApplication@2b953f2d
----------------- Done invoking toplevel() on ptolemy.moml.MoMLSimpleApplication@2b953f2d
reloadAllAccessors: .test-direct-in-out
AutoTests.java: About to close Vertx.
AutoTests.java: Vertx closed.
]]></system-out>
  <system-err><![CDATA[java.lang.RuntimeException: Execution failed
	at ptolemy.moml.MoMLSimpleApplication$UnloadThread.run(MoMLSimpleApplication.java:402)
Caused by: ptolemy.kernel.util.IllegalActionException: Unknown inputs remain. Possible causality loop:
L_model_1893289564i

  in .CannotAnalysisWithPreemption.model_1893289564_region_1 and .CannotAnalysisWithPreemption.model_1893289564_region_1.L_model_1893289564i
	at ptolemy.actor.sched.FixedPointDirector.postfire(FixedPointDirector.java:515)
	at ptolemy.domains.sr.kernel.SRDirector.postfire(SRDirector.java:417)
	at ptolemy.actor.CompositeActor.postfire(CompositeActor.java:1668)
	at ptolemy.actor.Manager.iterate(Manager.java:852)
	at ptolemy.actor.Manager.execute(Manager.java:369)
	at ptolemy.actor.Manager.run(Manager.java:1263)
	at ptolemy.actor.Manager$PtolemyRunThread.run(Manager.java:1915)
java.lang.reflect.InvocationTargetException
	at sun.reflect.NativeConstructorAccessorImpl.newInstance0(Native Method)
	at sun.reflect.NativeConstructorAccessorImpl.newInstance(NativeConstructorAccessorImpl.java:62)
	at sun.reflect.DelegatingConstructorAccessorImpl.newInstance(DelegatingConstructorAccessorImpl.java:45)
	at java.lang.reflect.Constructor.newInstance(Constructor.java:423)
	at ptolemy.util.test.junit.AutoKnownFailedTests.RunModel(AutoKnownFailedTests.java:107)
	at sun.reflect.NativeMethodAccessorImpl.invoke0(Native Method)
	at sun.reflect.NativeMethodAccessorImpl.invoke(NativeMethodAccessorImpl.java:62)
	at sun.reflect.DelegatingMethodAccessorImpl.invoke(DelegatingMethodAccessorImpl.java:43)
	at java.lang.reflect.Method.invoke(Method.java:498)
	at org.junit.runners.model.FrameworkMethod$1.runReflectiveCall(FrameworkMethod.java:44)
	at org.junit.internal.runners.model.ReflectiveCallable.run(ReflectiveCallable.java:15)
	at org.junit.runners.model.FrameworkMethod.invokeExplosively(FrameworkMethod.java:41)
	at junitparams.internal.InvokeParameterisedMethod.evaluate(InvokeParameterisedMethod.java:102)
	at org.junit.internal.runners.statements.FailOnTimeout$1.run(FailOnTimeout.java:28)
Caused by: ptolemy.kernel.util.IllegalActionException: Unknown inputs remain. Possible causality loop:
L_model_1893289564i

  in .CannotAnalysisWithPreemption.model_1893289564_region_1 and .CannotAnalysisWithPreemption.model_1893289564_region_1.L_model_1893289564i
	at ptolemy.actor.sched.FixedPointDirector.postfire(FixedPointDirector.java:515)
	at ptolemy.domains.sr.kernel.SRDirector.postfire(SRDirector.java:417)
	at ptolemy.actor.CompositeActor.postfire(CompositeActor.java:1668)
	at ptolemy.actor.Manager.iterate(Manager.java:852)
	at ptolemy.actor.Manager.execute(Manager.java:369)
	at ptolemy.actor.Manager.run(Manager.java:1263)
	at ptolemy.actor.Manager$PtolemyRunThread.run(Manager.java:1915)
]]></system-err>
</testsuite>
