<?xml version="1.0" encoding="UTF-8" ?>
<testsuite errors="5" failures="0" hostname="travis-job-6652c8c0-3972-48fa-a21a-23c8d1855291" name="ptolemy.actor.lib.jjs.modules.socket.test.junit.JUnitTclTest" skipped="0" tests="30" time="762.627" timestamp="2018-05-09T00:39:47">
  <properties>
[...]
</properties>
  <testcase classname="ptolemy.util.test.junit.TclTests" name="[0] ThereAreNoTclTests (RunTclFile)" time="0.001" />
  <testcase classname="ptolemy.util.test.junit.AutoKnownFailedTests" name="[0] /home/travis/build/icyphy/ptII/ptolemy/actor/lib/jjs/modules/socket/test/auto/knownFailedTests/SocketLong.xml (RunModel)" time="13.182" />
  <testcase classname="ptolemy.util.test.junit.AutoKnownFailedTests" name="[1] /home/travis/build/icyphy/ptII/ptolemy/actor/lib/jjs/modules/socket/test/auto/knownFailedTests/SocketUnsignedInt.xml (RunModel)" time="8.239" />
  <testcase classname="ptolemy.util.test.junit.AutoNameArchTests" name="[0] ThereAreNoAutoTests (RunModel)" time="0.005" />
  <testcase classname="ptolemy.util.test.junit.AutoTests" name="[0] /home/travis/build/icyphy/ptII/ptolemy/actor/lib/jjs/modules/socket/test/auto/Message1.xml (RunModel)" time="10.612" />
  <testcase classname="ptolemy.util.test.junit.AutoTests" name="[1] /home/travis/build/icyphy/ptII/ptolemy/actor/lib/jjs/modules/socket/test/auto/Message2.xml (RunModel)" time="16.636" />
  <testcase classname="ptolemy.util.test.junit.AutoTests" name="[2] /home/travis/build/icyphy/ptII/ptolemy/actor/lib/jjs/modules/socket/test/auto/Message3.xml (RunModel)" time="16.063" />
  <testcase classname="ptolemy.util.test.junit.AutoTests" name="[3] /home/travis/build/icyphy/ptII/ptolemy/actor/lib/jjs/modules/socket/test/auto/Message4.xml (RunModel)" time="15.738" />
  <testcase classname="ptolemy.util.test.junit.AutoTests" name="[4] /home/travis/build/icyphy/ptII/ptolemy/actor/lib/jjs/modules/socket/test/auto/Socket1.xml (RunModel)" time="9.29" />
  <testcase classname="ptolemy.util.test.junit.AutoTests" name="[5] /home/travis/build/icyphy/ptII/ptolemy/actor/lib/jjs/modules/socket/test/auto/Socket2.xml (RunModel)" time="11.185" />
  <testcase classname="ptolemy.util.test.junit.AutoTests" name="[6] /home/travis/build/icyphy/ptII/ptolemy/actor/lib/jjs/modules/socket/test/auto/Socket3.xml (RunModel)" time="138.511">
    <error type="java.lang.reflect.InvocationTargetException">java.lang.reflect.InvocationTargetException
	at java.lang.reflect.Constructor.newInstance(Constructor.java:423)
	at ptolemy.util.test.junit.AutoTests.RunModel(AutoTests.java:161)
	at junitparams.internal.InvokeParameterisedMethod.evaluate(InvokeParameterisedMethod.java:102)
Caused by: ptolemy.kernel.util.IllegalActionException: Exceptions occurred during wrapup:
ptolemy.kernel.util.IllegalActionException: The fire() method of this actor was never called. Usually, this is an error indicating that starvation is occurring.
  in .Socket3.Test

  in .Socket3.DE Director
Because:
The fire() method of this actor was never called. Usually, this is an error indicating that starvation is occurring.
  in .Socket3.Test
	at ptolemy.actor.Director.wrapup(Director.java:1736)
	at ptolemy.domains.de.kernel.DEDirector.wrapup(DEDirector.java:1526)
	at ptolemy.actor.CompositeActor.wrapup(CompositeActor.java:2735)
	at ptolemy.actor.Manager.wrapup(Manager.java:1512)
	at ptolemy.actor.Manager.execute(Manager.java:407)
	at ptolemy.actor.Manager.run(Manager.java:1263)
	at ptolemy.actor.Manager$PtolemyRunThread.run(Manager.java:1915)
Caused by: ptolemy.kernel.util.IllegalActionException: The fire() method of this actor was never called. Usually, this is an error indicating that starvation is occurring.
  in .Socket3.Test
	at ptolemy.actor.lib.NonStrictTest.wrapup(NonStrictTest.java:393)
	at ptolemy.actor.Director.wrapup(Director.java:1722)
</error>
  </testcase>
  <testcase classname="ptolemy.util.test.junit.AutoTests" name="[7] /home/travis/build/icyphy/ptII/ptolemy/actor/lib/jjs/modules/socket/test/auto/SocketByte.xml (RunModel)" time="11.426" />
  <testcase classname="ptolemy.util.test.junit.AutoTests" name="[8] /home/travis/build/icyphy/ptII/ptolemy/actor/lib/jjs/modules/socket/test/auto/SocketDouble.xml (RunModel)" time="12.045" />
  <testcase classname="ptolemy.util.test.junit.AutoTests" name="[9] /home/travis/build/icyphy/ptII/ptolemy/actor/lib/jjs/modules/socket/test/auto/SocketDoubleArray.xml (RunModel)" time="131.019">
    <error type="java.lang.reflect.InvocationTargetException">java.lang.reflect.InvocationTargetException
	at java.lang.reflect.Constructor.newInstance(Constructor.java:423)
	at ptolemy.util.test.junit.AutoTests.RunModel(AutoTests.java:161)
	at junitparams.internal.InvokeParameterisedMethod.evaluate(InvokeParameterisedMethod.java:102)
Caused by: ptolemy.kernel.util.IllegalActionException: Exceptions occurred during wrapup:
ptolemy.kernel.util.IllegalActionException: The fire() method of this actor was never called. Usually, this is an error indicating that starvation is occurring.
  in .SocketDoubleArray.Test
ptolemy.kernel.util.IllegalActionException: The fire() method of this actor was never called. Usually, this is an error indicating that starvation is occurring.
  in .SocketDoubleArray.Test2
ptolemy.kernel.util.IllegalActionException: The fire() method of this actor was never called. Usually, this is an error indicating that starvation is occurring.
  in .SocketDoubleArray.Test3

  in .SocketDoubleArray.DE Director
Because:
The fire() method of this actor was never called. Usually, this is an error indicating that starvation is occurring.
  in .SocketDoubleArray.Test
	at ptolemy.actor.Director.wrapup(Director.java:1736)
	at ptolemy.domains.de.kernel.DEDirector.wrapup(DEDirector.java:1526)
	at ptolemy.actor.CompositeActor.wrapup(CompositeActor.java:2735)
	at ptolemy.actor.Manager.wrapup(Manager.java:1512)
	at ptolemy.actor.Manager.execute(Manager.java:407)
	at ptolemy.actor.Manager.run(Manager.java:1263)
	at ptolemy.actor.Manager$PtolemyRunThread.run(Manager.java:1915)
Caused by: ptolemy.kernel.util.IllegalActionException: The fire() method of this actor was never called. Usually, this is an error indicating that starvation is occurring.
  in .SocketDoubleArray.Test
	at ptolemy.actor.lib.NonStrictTest.wrapup(NonStrictTest.java:393)
	at ptolemy.actor.Director.wrapup(Director.java:1722)
</error>
  </testcase>
  <testcase classname="ptolemy.util.test.junit.AutoTests" name="[10] /home/travis/build/icyphy/ptII/ptolemy/actor/lib/jjs/modules/socket/test/auto/SocketDoubleArrayBatched.xml (RunModel)" time="129.863">
    <error type="java.lang.reflect.InvocationTargetException">java.lang.reflect.InvocationTargetException
	at java.lang.reflect.Constructor.newInstance(Constructor.java:423)
	at ptolemy.util.test.junit.AutoTests.RunModel(AutoTests.java:161)
	at junitparams.internal.InvokeParameterisedMethod.evaluate(InvokeParameterisedMethod.java:102)
Caused by: ptolemy.kernel.util.IllegalActionException: Exceptions occurred during wrapup:
ptolemy.kernel.util.IllegalActionException: The fire() method of this actor was never called. Usually, this is an error indicating that starvation is occurring.
  in .SocketDoubleArrayBatched.Test
ptolemy.kernel.util.IllegalActionException: The fire() method of this actor was never called. Usually, this is an error indicating that starvation is occurring.
  in .SocketDoubleArrayBatched.Test2
ptolemy.kernel.util.IllegalActionException: The fire() method of this actor was never called. Usually, this is an error indicating that starvation is occurring.
  in .SocketDoubleArrayBatched.Test3

  in .SocketDoubleArrayBatched.DE Director
Because:
The fire() method of this actor was never called. Usually, this is an error indicating that starvation is occurring.
  in .SocketDoubleArrayBatched.Test
	at ptolemy.actor.Director.wrapup(Director.java:1736)
	at ptolemy.domains.de.kernel.DEDirector.wrapup(DEDirector.java:1526)
	at ptolemy.actor.CompositeActor.wrapup(CompositeActor.java:2735)
	at ptolemy.actor.Manager.wrapup(Manager.java:1512)
	at ptolemy.actor.Manager.execute(Manager.java:407)
	at ptolemy.actor.Manager.run(Manager.java:1263)
	at ptolemy.actor.Manager$PtolemyRunThread.run(Manager.java:1915)
Caused by: ptolemy.kernel.util.IllegalActionException: The fire() method of this actor was never called. Usually, this is an error indicating that starvation is occurring.
  in .SocketDoubleArrayBatched.Test
	at ptolemy.actor.lib.NonStrictTest.wrapup(NonStrictTest.java:393)
	at ptolemy.actor.Director.wrapup(Director.java:1722)
</error>
  </testcase>
  <testcase classname="ptolemy.util.test.junit.AutoTests" name="[11] /home/travis/build/icyphy/ptII/ptolemy/actor/lib/jjs/modules/socket/test/auto/SocketFloat.xml (RunModel)" time="11.611" />
  <testcase classname="ptolemy.util.test.junit.AutoTests" name="[12] /home/travis/build/icyphy/ptII/ptolemy/actor/lib/jjs/modules/socket/test/auto/SocketImage.xml (RunModel)" time="19.922" />
  <testcase classname="ptolemy.util.test.junit.AutoTests" name="[13] /home/travis/build/icyphy/ptII/ptolemy/actor/lib/jjs/modules/socket/test/auto/SocketImagePNG.xml (RunModel)" time="11.948">
    <error type="java.lang.reflect.InvocationTargetException">java.lang.reflect.InvocationTargetException
	at java.lang.reflect.Constructor.newInstance(Constructor.java:423)
	at ptolemy.util.test.junit.AutoTests.RunModel(AutoTests.java:161)
	at junitparams.internal.InvokeParameterisedMethod.evaluate(InvokeParameterisedMethod.java:102)
Caused by: ptolemy.kernel.util.IllegalActionException: Exceptions occurred during wrapup:
ptolemy.kernel.util.IllegalActionException: The fire() method of this actor was never called. Usually, this is an error indicating that starvation is occurring.
  in .SocketImagePNG.Test
ptolemy.kernel.util.IllegalActionException: The fire() method of this actor was never called. Usually, this is an error indicating that starvation is occurring.
  in .SocketImagePNG.Test2

  in .SocketImagePNG.DE Director
Because:
The fire() method of this actor was never called. Usually, this is an error indicating that starvation is occurring.
  in .SocketImagePNG.Test
	at ptolemy.actor.Director.wrapup(Director.java:1736)
	at ptolemy.domains.de.kernel.DEDirector.wrapup(DEDirector.java:1526)
	at ptolemy.actor.CompositeActor.wrapup(CompositeActor.java:2735)
	at ptolemy.actor.Manager.wrapup(Manager.java:1512)
	at ptolemy.actor.Manager.execute(Manager.java:407)
	at ptolemy.actor.Manager.run(Manager.java:1263)
	at ptolemy.actor.Manager$PtolemyRunThread.run(Manager.java:1915)
Caused by: ptolemy.kernel.util.IllegalActionException: The fire() method of this actor was never called. Usually, this is an error indicating that starvation is occurring.
  in .SocketImagePNG.Test
	at ptolemy.actor.lib.NonStrictTest.wrapup(NonStrictTest.java:393)
	at ptolemy.actor.Director.wrapup(Director.java:1722)
</error>
  </testcase>
  <testcase classname="ptolemy.util.test.junit.AutoTests" name="[14] /home/travis/build/icyphy/ptII/ptolemy/actor/lib/jjs/modules/socket/test/auto/SocketImageRaw.xml (RunModel)" time="13.274" />
  <testcase classname="ptolemy.util.test.junit.AutoTests" name="[15] /home/travis/build/icyphy/ptII/ptolemy/actor/lib/jjs/modules/socket/test/auto/SocketInt.xml (RunModel)" time="11.756" />
  <testcase classname="ptolemy.util.test.junit.AutoTests" name="[16] /home/travis/build/icyphy/ptII/ptolemy/actor/lib/jjs/modules/socket/test/auto/SocketShort.xml (RunModel)" time="12.805" />
  <testcase classname="ptolemy.util.test.junit.AutoTests" name="[17] /home/travis/build/icyphy/ptII/ptolemy/actor/lib/jjs/modules/socket/test/auto/SocketStringArray.xml (RunModel)" time="12.411" />
  <testcase classname="ptolemy.util.test.junit.AutoTests" name="[18] /home/travis/build/icyphy/ptII/ptolemy/actor/lib/jjs/modules/socket/test/auto/SocketTypicalUsage.xml (RunModel)" time="10.331" />
  <testcase classname="ptolemy.util.test.junit.AutoTests" name="[19] /home/travis/build/icyphy/ptII/ptolemy/actor/lib/jjs/modules/socket/test/auto/SocketUnsignedByte.xml (RunModel)" time="10.948">
    <error type="java.lang.reflect.InvocationTargetException">java.lang.reflect.InvocationTargetException
	at java.lang.reflect.Constructor.newInstance(Constructor.java:423)
	at ptolemy.util.test.junit.AutoTests.RunModel(AutoTests.java:161)
	at junitparams.internal.InvokeParameterisedMethod.evaluate(InvokeParameterisedMethod.java:102)
Caused by: ptolemy.kernel.util.IllegalActionException: Exceptions occurred during wrapup:
ptolemy.kernel.util.IllegalActionException: The fire() method of this actor was never called. Usually, this is an error indicating that starvation is occurring.
  in .SocketUnsignedByte.Test
ptolemy.kernel.util.IllegalActionException: The fire() method of this actor was never called. Usually, this is an error indicating that starvation is occurring.
  in .SocketUnsignedByte.Test2
ptolemy.kernel.util.IllegalActionException: The fire() method of this actor was never called. Usually, this is an error indicating that starvation is occurring.
  in .SocketUnsignedByte.Test3

  in .SocketUnsignedByte.DE Director
Because:
The fire() method of this actor was never called. Usually, this is an error indicating that starvation is occurring.
  in .SocketUnsignedByte.Test
	at ptolemy.actor.Director.wrapup(Director.java:1736)
	at ptolemy.domains.de.kernel.DEDirector.wrapup(DEDirector.java:1526)
	at ptolemy.actor.CompositeActor.wrapup(CompositeActor.java:2735)
	at ptolemy.actor.Manager.wrapup(Manager.java:1512)
	at ptolemy.actor.Manager.execute(Manager.java:407)
	at ptolemy.actor.Manager.run(Manager.java:1263)
	at ptolemy.actor.Manager$PtolemyRunThread.run(Manager.java:1915)
Caused by: ptolemy.kernel.util.IllegalActionException: The fire() method of this actor was never called. Usually, this is an error indicating that starvation is occurring.
  in .SocketUnsignedByte.Test
	at ptolemy.actor.lib.NonStrictTest.wrapup(NonStrictTest.java:393)
	at ptolemy.actor.Director.wrapup(Director.java:1722)
</error>
  </testcase>
  <testcase classname="ptolemy.util.test.junit.AutoTests" name="[20] /home/travis/build/icyphy/ptII/ptolemy/actor/lib/jjs/modules/socket/test/auto/SocketUnsignedShort.xml (RunModel)" time="13.511" />
  <testcase classname="ptolemy.util.test.junit.AutoTests" name="[21] /home/travis/build/icyphy/ptII/ptolemy/actor/lib/jjs/modules/socket/test/auto/TCPSocketDoubleArrayBatched.xml (RunModel)" time="10.524" />
  <testcase classname="ptolemy.util.test.junit.AutoTests" name="[22] /home/travis/build/icyphy/ptII/ptolemy/actor/lib/jjs/modules/socket/test/auto/TCPSocketSecureServerClient.xml (RunModel)" time="27.932" />
  <testcase classname="ptolemy.util.test.junit.AutoTests" name="[23] /home/travis/build/icyphy/ptII/ptolemy/actor/lib/jjs/modules/socket/test/auto/TCPSocketTwoClients.xml (RunModel)" time="33.362" />
  <testcase classname="ptolemy.util.test.junit.AutoTests" name="[24] /home/travis/build/icyphy/ptII/ptolemy/actor/lib/jjs/modules/socket/test/auto/TCPSocketUnsignedShort.xml (RunModel)" time="22.945" />
  <testcase classname="ptolemy.util.test.junit.AutoTests" name="[25] /home/travis/build/icyphy/ptII/ptolemy/actor/lib/jjs/modules/socket/test/auto/TCPSocketUnsignedShortSimple.xml (RunModel)" time="15.391" />
  <system-out><![CDATA[No tcl tests in /home/travis/build/icyphy/ptII/ptolemy/actor/lib/jjs/modules/socket/test
----------------- testing (KnownFailure) /home/travis/build/icyphy/ptII/ptolemy/actor/lib/jjs/modules/socket/test/auto/knownFailedTests/SocketLong.xml
6927 ms. Memory: 352768K Free: 261777K (74%)
Known Failure: java.lang.reflect.InvocationTargetException
----------------- testing (KnownFailure) /home/travis/build/icyphy/ptII/ptolemy/actor/lib/jjs/modules/socket/test/auto/knownFailedTests/SocketUnsignedInt.xml
5743 ms. Memory: 585728K Free: 299319K (51%)
Known Failure: java.lang.reflect.InvocationTargetException
No auto/*.xml tests in /home/travis/build/icyphy/ptII/ptolemy/actor/lib/jjs/modules/socket/test
AutoTests.java: About to close Vertx.
AutoTests.java: Vertx closed.
----------------- testing Wed May 09 00:40:08 UTC 2018 /home/travis/build/icyphy/ptII/ptolemy/actor/lib/jjs/modules/socket/test/auto/Message1.xml
----------------- Wed May 09 00:40:08 UTC 2018 About to sleep for 5.0 seconds before running or rerunning.  Test is: /home/travis/build/icyphy/ptII/ptolemy/actor/lib/jjs/modules/socket/test/auto/Message1.xml
Done sleeping
----------------- Instantiating /home/travis/build/icyphy/ptII/ptolemy/actor/lib/jjs/modules/socket/test/auto/Message1.xml
Client: Sending data: -1,0,1,128,256 (Thread[Message1,1,main])
4247 ms. Memory: 678912K Free: 433144K (64%)
----------------- Invoking toplevel() on ptolemy.moml.MoMLSimpleApplication@893ca6a
----------------- Done invoking toplevel() on ptolemy.moml.MoMLSimpleApplication@893ca6a
reloadAllAccessors: .Message1
----------------- testing Wed May 09 00:40:19 UTC 2018 /home/travis/build/icyphy/ptII/ptolemy/actor/lib/jjs/modules/socket/test/auto/Message2.xml
----------------- Wed May 09 00:40:19 UTC 2018 About to sleep for 5.0 seconds before running or rerunning.  Test is: /home/travis/build/icyphy/ptII/ptolemy/actor/lib/jjs/modules/socket/test/auto/Message2.xml
Done sleeping
----------------- Instantiating /home/travis/build/icyphy/ptII/ptolemy/actor/lib/jjs/modules/socket/test/auto/Message2.xml
JSAccessor: PT_NO_NET environment variable is set, so git pull and ptdoc are not being run.
Client: Sending data: 5,1,2,3 (Thread[Message2,1,main])
Client: Sending data: 4,5 (Thread[Message2,1,main])
7034 ms. Memory: 856576K Free: 228562K (27%)
----------------- Invoking toplevel() on ptolemy.moml.MoMLSimpleApplication@18ebba19
----------------- Done invoking toplevel() on ptolemy.moml.MoMLSimpleApplication@18ebba19
reloadAllAccessors: .Message2
This is the first time that the reloadAllAccessors method has been invoked in this JVM, so the the accessors repo will be checked out or updated and JSDoc invoked. Note that running the tests may end up invoking a new JVM for each directory, so the repo may be checked out or updated and JSDoc invoked more than once when the tests are run.
-------------- Reloaded accessors, but skipping rerun for now. Wed May 09 00:40:36 UTC 2018 /home/travis/build/icyphy/ptII/ptolemy/actor/lib/jjs/modules/socket/test/auto/Message2.xml
----------------- testing Wed May 09 00:40:36 UTC 2018 /home/travis/build/icyphy/ptII/ptolemy/actor/lib/jjs/modules/socket/test/auto/Message3.xml
----------------- Wed May 09 00:40:36 UTC 2018 About to sleep for 5.0 seconds before running or rerunning.  Test is: /home/travis/build/icyphy/ptII/ptolemy/actor/lib/jjs/modules/socket/test/auto/Message3.xml
Done sleeping
----------------- Instantiating /home/travis/build/icyphy/ptII/ptolemy/actor/lib/jjs/modules/socket/test/auto/Message3.xml
Client: Sending data: 5,1,2,3 (Thread[Message3,1,main])
Client: Sending data: 4,5,3,1,2,3 (Thread[Message3,1,main])
6434 ms. Memory: 1218048K Free: 408008K (33%)
----------------- Invoking toplevel() on ptolemy.moml.MoMLSimpleApplication@48aadb53
----------------- Done invoking toplevel() on ptolemy.moml.MoMLSimpleApplication@48aadb53
reloadAllAccessors: .Message3
-------------- Reloaded accessors, but skipping rerun for now. Wed May 09 00:40:52 UTC 2018 /home/travis/build/icyphy/ptII/ptolemy/actor/lib/jjs/modules/socket/test/auto/Message3.xml
----------------- testing Wed May 09 00:40:52 UTC 2018 /home/travis/build/icyphy/ptII/ptolemy/actor/lib/jjs/modules/socket/test/auto/Message4.xml
----------------- Wed May 09 00:40:52 UTC 2018 About to sleep for 5.0 seconds before running or rerunning.  Test is: /home/travis/build/icyphy/ptII/ptolemy/actor/lib/jjs/modules/socket/test/auto/Message4.xml
Done sleeping
----------------- Instantiating /home/travis/build/icyphy/ptII/ptolemy/actor/lib/jjs/modules/socket/test/auto/Message4.xml
Client: Sending data: 5,1,2,3 (Thread[Message4,1,main])
Client: Sending data: 4,5,3,1,2,3,2,1 (Thread[Message4,1,main])
6704 ms. Memory: 1453568K Free: 1213957K (84%)
----------------- Invoking toplevel() on ptolemy.moml.MoMLSimpleApplication@79b7dd87
----------------- Done invoking toplevel() on ptolemy.moml.MoMLSimpleApplication@79b7dd87
reloadAllAccessors: .Message4
-------------- Reloaded accessors, but skipping rerun for now. Wed May 09 00:41:07 UTC 2018 /home/travis/build/icyphy/ptII/ptolemy/actor/lib/jjs/modules/socket/test/auto/Message4.xml
----------------- testing Wed May 09 00:41:07 UTC 2018 /home/travis/build/icyphy/ptII/ptolemy/actor/lib/jjs/modules/socket/test/auto/Socket1.xml
----------------- Wed May 09 00:41:07 UTC 2018 About to sleep for 5.0 seconds before running or rerunning.  Test is: /home/travis/build/icyphy/ptII/ptolemy/actor/lib/jjs/modules/socket/test/auto/Socket1.xml
Done sleeping
----------------- Instantiating /home/travis/build/icyphy/ptII/ptolemy/actor/lib/jjs/modules/socket/test/auto/Socket1.xml
2466 ms. Memory: 1643520K Free: 1172743K (71%)
----------------- Invoking toplevel() on ptolemy.moml.MoMLSimpleApplication@7acceb09
----------------- Done invoking toplevel() on ptolemy.moml.MoMLSimpleApplication@7acceb09
reloadAllAccessors: .Socket1
-------------- Reloaded accessors, but skipping rerun for now. Wed May 09 00:41:17 UTC 2018 /home/travis/build/icyphy/ptII/ptolemy/actor/lib/jjs/modules/socket/test/auto/Socket1.xml
----------------- testing Wed May 09 00:41:17 UTC 2018 /home/travis/build/icyphy/ptII/ptolemy/actor/lib/jjs/modules/socket/test/auto/Socket2.xml
----------------- Wed May 09 00:41:17 UTC 2018 About to sleep for 5.0 seconds before running or rerunning.  Test is: /home/travis/build/icyphy/ptII/ptolemy/actor/lib/jjs/modules/socket/test/auto/Socket2.xml
Done sleeping
----------------- Instantiating /home/travis/build/icyphy/ptII/ptolemy/actor/lib/jjs/modules/socket/test/auto/Socket2.xml
4256 ms. Memory: 1716224K Free: 1131105K (66%)
----------------- Invoking toplevel() on ptolemy.moml.MoMLSimpleApplication@6f86a0fb
----------------- Done invoking toplevel() on ptolemy.moml.MoMLSimpleApplication@6f86a0fb
reloadAllAccessors: .Socket2
----------------- testing Wed May 09 00:41:28 UTC 2018 /home/travis/build/icyphy/ptII/ptolemy/actor/lib/jjs/modules/socket/test/auto/Socket3.xml
----------------- Wed May 09 00:41:28 UTC 2018 About to sleep for 5.0 seconds before running or rerunning.  Test is: /home/travis/build/icyphy/ptII/ptolemy/actor/lib/jjs/modules/socket/test/auto/Socket3.xml
Done sleeping
----------------- Instantiating /home/travis/build/icyphy/ptII/ptolemy/actor/lib/jjs/modules/socket/test/auto/Socket3.xml
132170 ms. Memory: 1926144K Free: 1500215K (78%)
----------------- testing Wed May 09 00:43:46 UTC 2018 /home/travis/build/icyphy/ptII/ptolemy/actor/lib/jjs/modules/socket/test/auto/SocketByte.xml
----------------- Wed May 09 00:43:46 UTC 2018 About to sleep for 5.0 seconds before running or rerunning.  Test is: /home/travis/build/icyphy/ptII/ptolemy/actor/lib/jjs/modules/socket/test/auto/SocketByte.xml
Done sleeping
----------------- Instantiating /home/travis/build/icyphy/ptII/ptolemy/actor/lib/jjs/modules/socket/test/auto/SocketByte.xml
Client: Sending data: -1,0,1,128,256 (Thread[SocketByte,1,main])
Client3: Sending data: 127 (Thread[SocketByte,1,main])
3971 ms. Memory: 1934848K Free: 1152069K (60%)
----------------- Invoking toplevel() on ptolemy.moml.MoMLSimpleApplication@6f20dc35
----------------- Done invoking toplevel() on ptolemy.moml.MoMLSimpleApplication@6f20dc35
reloadAllAccessors: .SocketByte
-------------- Reloaded accessors, but skipping rerun for now. Wed May 09 00:43:58 UTC 2018 /home/travis/build/icyphy/ptII/ptolemy/actor/lib/jjs/modules/socket/test/auto/SocketByte.xml
----------------- testing Wed May 09 00:43:58 UTC 2018 /home/travis/build/icyphy/ptII/ptolemy/actor/lib/jjs/modules/socket/test/auto/SocketDouble.xml
----------------- Wed May 09 00:43:58 UTC 2018 About to sleep for 5.0 seconds before running or rerunning.  Test is: /home/travis/build/icyphy/ptII/ptolemy/actor/lib/jjs/modules/socket/test/auto/SocketDouble.xml
Done sleeping
----------------- Instantiating /home/travis/build/icyphy/ptII/ptolemy/actor/lib/jjs/modules/socket/test/auto/SocketDouble.xml
Client: Sending data: 1.1 (Thread[SocketDouble,1,main])
Client3: Sending data: 2.2 (Thread[SocketDouble,1,main])
4800 ms. Memory: 2022912K Free: 1084930K (54%)
----------------- Invoking toplevel() on ptolemy.moml.MoMLSimpleApplication@2043ec80
----------------- Done invoking toplevel() on ptolemy.moml.MoMLSimpleApplication@2043ec80
reloadAllAccessors: .SocketDouble
-------------- Reloaded accessors, but skipping rerun for now. Wed May 09 00:44:10 UTC 2018 /home/travis/build/icyphy/ptII/ptolemy/actor/lib/jjs/modules/socket/test/auto/SocketDouble.xml
----------------- testing Wed May 09 00:44:10 UTC 2018 /home/travis/build/icyphy/ptII/ptolemy/actor/lib/jjs/modules/socket/test/auto/SocketDoubleArray.xml
----------------- Wed May 09 00:44:10 UTC 2018 About to sleep for 5.0 seconds before running or rerunning.  Test is: /home/travis/build/icyphy/ptII/ptolemy/actor/lib/jjs/modules/socket/test/auto/SocketDoubleArray.xml
Done sleeping
----------------- Instantiating /home/travis/build/icyphy/ptII/ptolemy/actor/lib/jjs/modules/socket/test/auto/SocketDoubleArray.xml
123601 ms. Memory: 1992704K Free: 639493K (32%)
----------------- testing Wed May 09 00:46:21 UTC 2018 /home/travis/build/icyphy/ptII/ptolemy/actor/lib/jjs/modules/socket/test/auto/SocketDoubleArrayBatched.xml
----------------- Wed May 09 00:46:21 UTC 2018 About to sleep for 5.0 seconds before running or rerunning.  Test is: /home/travis/build/icyphy/ptII/ptolemy/actor/lib/jjs/modules/socket/test/auto/SocketDoubleArrayBatched.xml
Done sleeping
----------------- Instantiating /home/travis/build/icyphy/ptII/ptolemy/actor/lib/jjs/modules/socket/test/auto/SocketDoubleArrayBatched.xml
122996 ms. Memory: 2015232K Free: 619476K (31%)
----------------- testing Wed May 09 00:48:31 UTC 2018 /home/travis/build/icyphy/ptII/ptolemy/actor/lib/jjs/modules/socket/test/auto/SocketFloat.xml
----------------- Wed May 09 00:48:31 UTC 2018 About to sleep for 5.0 seconds before running or rerunning.  Test is: /home/travis/build/icyphy/ptII/ptolemy/actor/lib/jjs/modules/socket/test/auto/SocketFloat.xml
Done sleeping
----------------- Instantiating /home/travis/build/icyphy/ptII/ptolemy/actor/lib/jjs/modules/socket/test/auto/SocketFloat.xml
Client: Sending data: -1,0,1,128,-2147483648 (Thread[SocketFloat,1,main])
Client3: Sending data: 3.14159 (Thread[SocketFloat,1,main])
3587 ms. Memory: 2058752K Free: 538838K (26%)
----------------- Invoking toplevel() on ptolemy.moml.MoMLSimpleApplication@1f8ac4a3
----------------- Done invoking toplevel() on ptolemy.moml.MoMLSimpleApplication@1f8ac4a3
reloadAllAccessors: .SocketFloat
-------------- Reloaded accessors, but skipping rerun for now. Wed May 09 00:48:42 UTC 2018 /home/travis/build/icyphy/ptII/ptolemy/actor/lib/jjs/modules/socket/test/auto/SocketFloat.xml
----------------- testing Wed May 09 00:48:42 UTC 2018 /home/travis/build/icyphy/ptII/ptolemy/actor/lib/jjs/modules/socket/test/auto/SocketImage.xml
----------------- Wed May 09 00:48:42 UTC 2018 About to sleep for 5.0 seconds before running or rerunning.  Test is: /home/travis/build/icyphy/ptII/ptolemy/actor/lib/jjs/modules/socket/test/auto/SocketImage.xml
Done sleeping
----------------- Instantiating /home/travis/build/icyphy/ptII/ptolemy/actor/lib/jjs/modules/socket/test/auto/SocketImage.xml
No physical cameras found, using WebcamDummyDriver.
6963 ms. Memory: 2109440K Free: 709718K (34%)
----------------- Invoking toplevel() on ptolemy.moml.MoMLSimpleApplication@4d683b21
----------------- Done invoking toplevel() on ptolemy.moml.MoMLSimpleApplication@4d683b21
reloadAllAccessors: .SocketImage
-------------- Reloaded accessors, but skipping rerun for now. Wed May 09 00:49:02 UTC 2018 /home/travis/build/icyphy/ptII/ptolemy/actor/lib/jjs/modules/socket/test/auto/SocketImage.xml
----------------- testing Wed May 09 00:49:02 UTC 2018 /home/travis/build/icyphy/ptII/ptolemy/actor/lib/jjs/modules/socket/test/auto/SocketImagePNG.xml
----------------- Wed May 09 00:49:02 UTC 2018 About to sleep for 5.0 seconds before running or rerunning.  Test is: /home/travis/build/icyphy/ptII/ptolemy/actor/lib/jjs/modules/socket/test/auto/SocketImagePNG.xml
Done sleeping
----------------- Instantiating /home/travis/build/icyphy/ptII/ptolemy/actor/lib/jjs/modules/socket/test/auto/SocketImagePNG.xml
4431 ms. Memory: 2146816K Free: 868635K (40%)
----------------- testing Wed May 09 00:49:14 UTC 2018 /home/travis/build/icyphy/ptII/ptolemy/actor/lib/jjs/modules/socket/test/auto/SocketImageRaw.xml
----------------- Wed May 09 00:49:14 UTC 2018 About to sleep for 5.0 seconds before running or rerunning.  Test is: /home/travis/build/icyphy/ptII/ptolemy/actor/lib/jjs/modules/socket/test/auto/SocketImageRaw.xml
Done sleeping
----------------- Instantiating /home/travis/build/icyphy/ptII/ptolemy/actor/lib/jjs/modules/socket/test/auto/SocketImageRaw.xml
Client: Sending data: {type="class ptolemy.data.AWTImageToken", width="176", height="144"} (Thread[SocketImageRaw,1,main])
5100 ms. Memory: 2154496K Free: 1621137K (75%)
----------------- Invoking toplevel() on ptolemy.moml.MoMLSimpleApplication@55b5403e
----------------- Done invoking toplevel() on ptolemy.moml.MoMLSimpleApplication@55b5403e
reloadAllAccessors: .SocketImageRaw
-------------- Reloaded accessors, but skipping rerun for now. Wed May 09 00:49:28 UTC 2018 /home/travis/build/icyphy/ptII/ptolemy/actor/lib/jjs/modules/socket/test/auto/SocketImageRaw.xml
----------------- testing Wed May 09 00:49:28 UTC 2018 /home/travis/build/icyphy/ptII/ptolemy/actor/lib/jjs/modules/socket/test/auto/SocketInt.xml
----------------- Wed May 09 00:49:28 UTC 2018 About to sleep for 5.0 seconds before running or rerunning.  Test is: /home/travis/build/icyphy/ptII/ptolemy/actor/lib/jjs/modules/socket/test/auto/SocketInt.xml
Done sleeping
----------------- Instantiating /home/travis/build/icyphy/ptII/ptolemy/actor/lib/jjs/modules/socket/test/auto/SocketInt.xml
Client: Sending data: -1,0,1,128,-2147483648 (Thread[SocketInt,1,main])
Client3: Sending data: 3.14159 (Thread[SocketInt,1,main])
4339 ms. Memory: 2170368K Free: 962932K (44%)
----------------- Invoking toplevel() on ptolemy.moml.MoMLSimpleApplication@65d36ff3
----------------- Done invoking toplevel() on ptolemy.moml.MoMLSimpleApplication@65d36ff3
reloadAllAccessors: .SocketInt
-------------- Reloaded accessors, but skipping rerun for now. Wed May 09 00:49:39 UTC 2018 /home/travis/build/icyphy/ptII/ptolemy/actor/lib/jjs/modules/socket/test/auto/SocketInt.xml
----------------- testing Wed May 09 00:49:39 UTC 2018 /home/travis/build/icyphy/ptII/ptolemy/actor/lib/jjs/modules/socket/test/auto/SocketShort.xml
----------------- Wed May 09 00:49:39 UTC 2018 About to sleep for 5.0 seconds before running or rerunning.  Test is: /home/travis/build/icyphy/ptII/ptolemy/actor/lib/jjs/modules/socket/test/auto/SocketShort.xml
Done sleeping
----------------- Instantiating /home/travis/build/icyphy/ptII/ptolemy/actor/lib/jjs/modules/socket/test/auto/SocketShort.xml
Client: Sending data: -1,0,1,128,32768 (Thread[SocketShort,1,main])
Client3: Sending data: 3.14159 (Thread[SocketShort,1,main])
5144 ms. Memory: 2299904K Free: 864068K (38%)
----------------- Invoking toplevel() on ptolemy.moml.MoMLSimpleApplication@2282a2a6
----------------- Done invoking toplevel() on ptolemy.moml.MoMLSimpleApplication@2282a2a6
reloadAllAccessors: .SocketShort
-------------- Reloaded accessors, but skipping rerun for now. Wed May 09 00:49:52 UTC 2018 /home/travis/build/icyphy/ptII/ptolemy/actor/lib/jjs/modules/socket/test/auto/SocketShort.xml
----------------- testing Wed May 09 00:49:52 UTC 2018 /home/travis/build/icyphy/ptII/ptolemy/actor/lib/jjs/modules/socket/test/auto/SocketStringArray.xml
----------------- Wed May 09 00:49:52 UTC 2018 About to sleep for 5.0 seconds before running or rerunning.  Test is: /home/travis/build/icyphy/ptII/ptolemy/actor/lib/jjs/modules/socket/test/auto/SocketStringArray.xml
Done sleeping
----------------- Instantiating /home/travis/build/icyphy/ptII/ptolemy/actor/lib/jjs/modules/socket/test/auto/SocketStringArray.xml
Client: Sending data: a,b (Thread[SocketStringArray,1,main])
Client2: Sending data: c (Thread[SocketStringArray,1,main])
4550 ms. Memory: 2318336K Free: 1649986K (71%)
----------------- Invoking toplevel() on ptolemy.moml.MoMLSimpleApplication@697928cd
----------------- Done invoking toplevel() on ptolemy.moml.MoMLSimpleApplication@697928cd
reloadAllAccessors: .SocketStringArray
-------------- Reloaded accessors, but skipping rerun for now. Wed May 09 00:50:05 UTC 2018 /home/travis/build/icyphy/ptII/ptolemy/actor/lib/jjs/modules/socket/test/auto/SocketStringArray.xml
----------------- testing Wed May 09 00:50:05 UTC 2018 /home/travis/build/icyphy/ptII/ptolemy/actor/lib/jjs/modules/socket/test/auto/SocketTypicalUsage.xml
----------------- Wed May 09 00:50:05 UTC 2018 About to sleep for 5.0 seconds before running or rerunning.  Test is: /home/travis/build/icyphy/ptII/ptolemy/actor/lib/jjs/modules/socket/test/auto/SocketTypicalUsage.xml
Done sleeping
----------------- Instantiating /home/travis/build/icyphy/ptII/ptolemy/actor/lib/jjs/modules/socket/test/auto/SocketTypicalUsage.xml
Server: Server listening on port: 4093 (Thread[vert.x-eventloop-thread-1,1,main])
Server: Server connected on a new socket number: 0 (Thread[vert.x-eventloop-thread-1,1,main])
Server: Server connected on a new socket number: 1 (Thread[vert.x-eventloop-thread-1,1,main])
Server: Server received data on connection 1: 1.1 (Thread[SocketTypicalUsage,1,main])
Server: Server received data on connection 0: 2.2 (Thread[SocketTypicalUsage,1,main])
3420 ms. Memory: 2326528K Free: 1538962K (66%)
----------------- Invoking toplevel() on ptolemy.moml.MoMLSimpleApplication@72f0c31d
----------------- Done invoking toplevel() on ptolemy.moml.MoMLSimpleApplication@72f0c31d
reloadAllAccessors: .SocketTypicalUsage
-------------- Reloaded accessors, but skipping rerun for now. Wed May 09 00:50:15 UTC 2018 /home/travis/build/icyphy/ptII/ptolemy/actor/lib/jjs/modules/socket/test/auto/SocketTypicalUsage.xml
----------------- testing Wed May 09 00:50:15 UTC 2018 /home/travis/build/icyphy/ptII/ptolemy/actor/lib/jjs/modules/socket/test/auto/SocketUnsignedByte.xml
----------------- Wed May 09 00:50:15 UTC 2018 About to sleep for 5.0 seconds before running or rerunning.  Test is: /home/travis/build/icyphy/ptII/ptolemy/actor/lib/jjs/modules/socket/test/auto/SocketUnsignedByte.xml
Done sleeping
----------------- Instantiating /home/travis/build/icyphy/ptII/ptolemy/actor/lib/jjs/modules/socket/test/auto/SocketUnsignedByte.xml
4457 ms. Memory: 2326528K Free: 441006K (19%)
----------------- testing Wed May 09 00:50:26 UTC 2018 /home/travis/build/icyphy/ptII/ptolemy/actor/lib/jjs/modules/socket/test/auto/SocketUnsignedShort.xml
----------------- Wed May 09 00:50:26 UTC 2018 About to sleep for 5.0 seconds before running or rerunning.  Test is: /home/travis/build/icyphy/ptII/ptolemy/actor/lib/jjs/modules/socket/test/auto/SocketUnsignedShort.xml
Done sleeping
----------------- Instantiating /home/travis/build/icyphy/ptII/ptolemy/actor/lib/jjs/modules/socket/test/auto/SocketUnsignedShort.xml
Client: Sending data: -1,0,1,65535,65536 (Thread[SocketUnsignedShort,1,main])
Client3: Sending data: 3.14159 (Thread[SocketUnsignedShort,1,main])
4339 ms. Memory: 2416640K Free: 1775625K (73%)
----------------- Invoking toplevel() on ptolemy.moml.MoMLSimpleApplication@4d70af24
----------------- Done invoking toplevel() on ptolemy.moml.MoMLSimpleApplication@4d70af24
reloadAllAccessors: .SocketUnsignedShort
-------------- Reloaded accessors, but skipping rerun for now. Wed May 09 00:50:39 UTC 2018 /home/travis/build/icyphy/ptII/ptolemy/actor/lib/jjs/modules/socket/test/auto/SocketUnsignedShort.xml
----------------- testing Wed May 09 00:50:39 UTC 2018 /home/travis/build/icyphy/ptII/ptolemy/actor/lib/jjs/modules/socket/test/auto/TCPSocketDoubleArrayBatched.xml
----------------- Wed May 09 00:50:39 UTC 2018 About to sleep for 5.0 seconds before running or rerunning.  Test is: /home/travis/build/icyphy/ptII/ptolemy/actor/lib/jjs/modules/socket/test/auto/TCPSocketDoubleArrayBatched.xml
Done sleeping
----------------- Instantiating /home/travis/build/icyphy/ptII/ptolemy/actor/lib/jjs/modules/socket/test/auto/TCPSocketDoubleArrayBatched.xml
3828 ms. Memory: 2416640K Free: 954717K (40%)
----------------- Invoking toplevel() on ptolemy.moml.MoMLSimpleApplication@5a25d287
----------------- Done invoking toplevel() on ptolemy.moml.MoMLSimpleApplication@5a25d287
reloadAllAccessors: .TCPSocketDoubleArrayBatched
-------------- Reloaded accessors, but skipping rerun for now. Wed May 09 00:50:50 UTC 2018 /home/travis/build/icyphy/ptII/ptolemy/actor/lib/jjs/modules/socket/test/auto/TCPSocketDoubleArrayBatched.xml
----------------- testing Wed May 09 00:50:50 UTC 2018 /home/travis/build/icyphy/ptII/ptolemy/actor/lib/jjs/modules/socket/test/auto/TCPSocketSecureServerClient.xml
----------------- Wed May 09 00:50:50 UTC 2018 About to sleep for 5.0 seconds before running or rerunning.  Test is: /home/travis/build/icyphy/ptII/ptolemy/actor/lib/jjs/modules/socket/test/auto/TCPSocketSecureServerClient.xml
Done sleeping
----------------- Instantiating /home/travis/build/icyphy/ptII/ptolemy/actor/lib/jjs/modules/socket/test/auto/TCPSocketSecureServerClient.xml
Manager.initialize() finished: 11499 ms. Memory: 2505728K Free: 1746073K (70%)
14634 ms. Memory: 2505728K Free: 1674545K (67%)
----------------- Invoking toplevel() on ptolemy.moml.MoMLSimpleApplication@23ad11c0
----------------- Done invoking toplevel() on ptolemy.moml.MoMLSimpleApplication@23ad11c0
reloadAllAccessors: .TCPSocketSecureServerClient
-------------- Reloaded accessors, but skipping rerun for now. Wed May 09 00:51:18 UTC 2018 /home/travis/build/icyphy/ptII/ptolemy/actor/lib/jjs/modules/socket/test/auto/TCPSocketSecureServerClient.xml
----------------- testing Wed May 09 00:51:18 UTC 2018 /home/travis/build/icyphy/ptII/ptolemy/actor/lib/jjs/modules/socket/test/auto/TCPSocketTwoClients.xml
----------------- Wed May 09 00:51:18 UTC 2018 About to sleep for 5.0 seconds before running or rerunning.  Test is: /home/travis/build/icyphy/ptII/ptolemy/actor/lib/jjs/modules/socket/test/auto/TCPSocketTwoClients.xml
Done sleeping
----------------- Instantiating /home/travis/build/icyphy/ptII/ptolemy/actor/lib/jjs/modules/socket/test/auto/TCPSocketTwoClients.xml
Manager.initialize() finished: 12760 ms. Memory: 2514944K Free: 625524K (25%)
TextDisplayHelper: { id: 1,
  remoteHost: '127.0.0.1',
  remotePort: 53410,
  status: 'open' }
TextDisplayHelper: { id: 2,
  remoteHost: '127.0.0.1',
  remotePort: 53412,
  status: 'open' }
TextDisplayHelper: 1
TextDisplayHelper: 0
TextDisplayHelper: 2
TextDisplayHelper: 1
TextDisplayHelper: 1
TextDisplayHelper: 2
TextDisplayHelper: 2
TextDisplayHelper: 1
TextDisplayHelper: 3
16053 ms. Memory: 2514944K Free: 495235K (20%)
----------------- Invoking toplevel() on ptolemy.moml.MoMLSimpleApplication@2b89dcf4
----------------- Done invoking toplevel() on ptolemy.moml.MoMLSimpleApplication@2b89dcf4
reloadAllAccessors: .TCPSocketTwoClients
-------------- Reloaded accessors, but skipping rerun for now. Wed May 09 00:51:51 UTC 2018 /home/travis/build/icyphy/ptII/ptolemy/actor/lib/jjs/modules/socket/test/auto/TCPSocketTwoClients.xml
----------------- testing Wed May 09 00:51:51 UTC 2018 /home/travis/build/icyphy/ptII/ptolemy/actor/lib/jjs/modules/socket/test/auto/TCPSocketUnsignedShort.xml
----------------- Wed May 09 00:51:51 UTC 2018 About to sleep for 5.0 seconds before running or rerunning.  Test is: /home/travis/build/icyphy/ptII/ptolemy/actor/lib/jjs/modules/socket/test/auto/TCPSocketUnsignedShort.xml
Done sleeping
----------------- Instantiating /home/travis/build/icyphy/ptII/ptolemy/actor/lib/jjs/modules/socket/test/auto/TCPSocketUnsignedShort.xml
TextDisplayHelper: 65535
TextDisplayHelper: 0
TextDisplayHelper: 1
TextDisplayHelper: 65535
TextDisplayHelper: 0
TextDisplayHelper: 2
TextDisplayHelper: 0
TextDisplayHelper: 1
TextDisplayHelper: 2
TextDisplayHelper: 0
TextDisplayHelper: 1
TextDisplayHelper: 3
9631 ms. Memory: 2621440K Free: 774180K (30%)
----------------- Invoking toplevel() on ptolemy.moml.MoMLSimpleApplication@7a8adb97
----------------- Done invoking toplevel() on ptolemy.moml.MoMLSimpleApplication@7a8adb97
reloadAllAccessors: .TCPSocketUnsignedShort
-------------- Reloaded accessors, but skipping rerun for now. Wed May 09 00:52:14 UTC 2018 /home/travis/build/icyphy/ptII/ptolemy/actor/lib/jjs/modules/socket/test/auto/TCPSocketUnsignedShort.xml
----------------- testing Wed May 09 00:52:14 UTC 2018 /home/travis/build/icyphy/ptII/ptolemy/actor/lib/jjs/modules/socket/test/auto/TCPSocketUnsignedShortSimple.xml
----------------- Wed May 09 00:52:14 UTC 2018 About to sleep for 5.0 seconds before running or rerunning.  Test is: /home/travis/build/icyphy/ptII/ptolemy/actor/lib/jjs/modules/socket/test/auto/TCPSocketUnsignedShortSimple.xml
Done sleeping
----------------- Instantiating /home/travis/build/icyphy/ptII/ptolemy/actor/lib/jjs/modules/socket/test/auto/TCPSocketUnsignedShortSimple.xml
6270 ms. Memory: 2701312K Free: 1622877K (60%)
----------------- Invoking toplevel() on ptolemy.moml.MoMLSimpleApplication@32ced0e7
----------------- Done invoking toplevel() on ptolemy.moml.MoMLSimpleApplication@32ced0e7
reloadAllAccessors: .TCPSocketUnsignedShortSimple
-------------- Reloaded accessors, but skipping rerun for now. Wed May 09 00:52:30 UTC 2018 /home/travis/build/icyphy/ptII/ptolemy/actor/lib/jjs/modules/socket/test/auto/TCPSocketUnsignedShortSimple.xml
AutoTests.java: About to close Vertx.
AutoTests.java: Vertx closed.
]]></system-out>
  <system-err><![CDATA[May 09, 2018 12:39:58 AM io.vertx.core.impl.ContextImpl
SEVERE: Unhandled exception
java.lang.IllegalArgumentException: Invalid send data type: long
	at ptolemy.actor.lib.jjs.modules.socket.SocketHelper$SocketWrapper.<init>(SocketHelper.java:566)
	at jdk.nashorn.internal.scripts.Script$Recompilation$1079$13304A$require.L:1#_opened(/home/travis/build/icyphy/ptII/ptolemy/actor/lib/jjs/external/require.js#401:30<eval>:296)
	at jdk.nashorn.internal.runtime.ScriptFunctionData.invoke(ScriptFunctionData.java:639)
	at jdk.nashorn.internal.runtime.ScriptFunction.invoke(ScriptFunction.java:494)
	at jdk.nashorn.internal.runtime.ScriptRuntime.apply(ScriptRuntime.java:393)
	at jdk.nashorn.api.scripting.ScriptObjectMirror.callMember(ScriptObjectMirror.java:199)
	at ptolemy.actor.lib.jjs.modules.socket.SocketHelper.lambda$null$0(SocketHelper.java:219)
	at io.vertx.core.net.impl.NetClientImpl.lambda$connect$2(NetClientImpl.java:113)
	at io.vertx.core.net.impl.NetClientImpl.lambda$null$9(NetClientImpl.java:251)
	at io.vertx.core.impl.ContextImpl.lambda$wrapTask$2(ContextImpl.java:337)
	at io.vertx.core.impl.ContextImpl.executeFromIO(ContextImpl.java:195)
	at io.vertx.core.net.impl.NetClientImpl.lambda$connected$10(NetClientImpl.java:247)
	at io.vertx.core.net.impl.VertxHandler.setConnection(VertxHandler.java:46)
	at io.vertx.core.net.impl.VertxNetHandler.handlerAdded(VertxNetHandler.java:39)
	at io.netty.channel.DefaultChannelPipeline.callHandlerAdded0(DefaultChannelPipeline.java:606)
	at io.netty.channel.DefaultChannelPipeline.addLast(DefaultChannelPipeline.java:235)
	at io.netty.channel.DefaultChannelPipeline.addLast(DefaultChannelPipeline.java:201)
	at io.vertx.core.net.impl.NetClientImpl.connected(NetClientImpl.java:257)
	at io.vertx.core.net.impl.NetClientImpl.lambda$doConnect$7(NetClientImpl.java:212)
	at io.vertx.core.net.impl.ChannelProvider.lambda$connect$0(ChannelProvider.java:52)
	at io.netty.util.concurrent.DefaultPromise.notifyListener0(DefaultPromise.java:507)
	at io.netty.util.concurrent.DefaultPromise.notifyListeners0(DefaultPromise.java:500)
	at io.netty.util.concurrent.DefaultPromise.notifyListenersNow(DefaultPromise.java:479)
	at io.netty.util.concurrent.DefaultPromise.notifyListeners(DefaultPromise.java:420)
	at io.netty.util.concurrent.DefaultPromise.trySuccess(DefaultPromise.java:104)
	at io.netty.channel.DefaultChannelPromise.trySuccess(DefaultChannelPromise.java:82)
	at io.netty.channel.nio.AbstractNioChannel$AbstractNioUnsafe.fulfillConnectPromise(AbstractNioChannel.java:306)
	at io.netty.channel.nio.AbstractNioChannel$AbstractNioUnsafe.finishConnect(AbstractNioChannel.java:341)
	at io.netty.channel.nio.NioEventLoop.processSelectedKey(NioEventLoop.java:633)
	at io.netty.channel.nio.NioEventLoop.processSelectedKeysOptimized(NioEventLoop.java:580)
	at io.netty.channel.nio.NioEventLoop.processSelectedKeys(NioEventLoop.java:497)
	at io.netty.channel.nio.NioEventLoop.run(NioEventLoop.java:459)
	at io.netty.util.concurrent.SingleThreadEventExecutor$5.run(SingleThreadEventExecutor.java:886)
	at io.netty.util.concurrent.FastThreadLocalRunnable.run(FastThreadLocalRunnable.java:30)
	at java.lang.Thread.run(Thread.java:748)

May 09, 2018 12:39:58 AM io.vertx.core.impl.ContextImpl
SEVERE: Unhandled exception
java.lang.IllegalArgumentException: Invalid send data type: long
	at ptolemy.actor.lib.jjs.modules.socket.SocketHelper$SocketWrapper.<init>(SocketHelper.java:566)
	at jdk.nashorn.internal.scripts.Script$Recompilation$1080$27606AAAAAA$require.L:1#Socket(/home/travis/build/icyphy/ptII/ptolemy/actor/lib/jjs/external/require.js#401:30<eval>:630)
	at jdk.nashorn.internal.scripts.Script$Recompilation$1078$25670A$require.L:1#_socketCreated(/home/travis/build/icyphy/ptII/ptolemy/actor/lib/jjs/external/require.js#401:30<eval>:582)
	at jdk.nashorn.internal.runtime.ScriptFunctionData.invoke(ScriptFunctionData.java:639)
	at jdk.nashorn.internal.runtime.ScriptFunction.invoke(ScriptFunction.java:494)
	at jdk.nashorn.internal.runtime.ScriptRuntime.apply(ScriptRuntime.java:393)
	at jdk.nashorn.api.scripting.ScriptObjectMirror.callMember(ScriptObjectMirror.java:199)
	at ptolemy.actor.lib.jjs.modules.socket.SocketHelper.lambda$null$2(SocketHelper.java:394)
	at io.vertx.core.net.impl.NetServerImpl.lambda$connected$11(NetServerImpl.java:457)
	at io.vertx.core.impl.ContextImpl.lambda$wrapTask$2(ContextImpl.java:337)
	at io.vertx.core.impl.ContextImpl.executeFromIO(ContextImpl.java:195)
	at io.vertx.core.net.impl.NetServerImpl.connected(NetServerImpl.java:453)
	at io.vertx.core.net.impl.NetServerImpl.access$200(NetServerImpl.java:57)
	at io.vertx.core.net.impl.NetServerImpl$1.initChannel(NetServerImpl.java:209)
	at io.netty.channel.ChannelInitializer.initChannel(ChannelInitializer.java:113)
	at io.netty.channel.ChannelInitializer.handlerAdded(ChannelInitializer.java:105)
	at io.netty.channel.DefaultChannelPipeline.callHandlerAdded0(DefaultChannelPipeline.java:606)
	at io.netty.channel.DefaultChannelPipeline.access$000(DefaultChannelPipeline.java:46)
	at io.netty.channel.DefaultChannelPipeline$PendingHandlerAddedTask.execute(DefaultChannelPipeline.java:1412)
	at io.netty.channel.DefaultChannelPipeline.callHandlerAddedForAllHandlers(DefaultChannelPipeline.java:1131)
	at io.netty.channel.DefaultChannelPipeline.invokeHandlerAddedIfNeeded(DefaultChannelPipeline.java:656)
	at io.netty.channel.AbstractChannel$AbstractUnsafe.register0(AbstractChannel.java:510)
	at io.netty.channel.AbstractChannel$AbstractUnsafe.register(AbstractChannel.java:476)
	at io.netty.channel.SingleThreadEventLoop.register(SingleThreadEventLoop.java:80)
	at io.netty.channel.SingleThreadEventLoop.register(SingleThreadEventLoop.java:74)
	at io.vertx.core.net.impl.VertxEventLoopGroup.register(VertxEventLoopGroup.java:53)
	at io.netty.bootstrap.ServerBootstrap$ServerBootstrapAcceptor.channelRead(ServerBootstrap.java:255)
	at io.netty.channel.AbstractChannelHandlerContext.invokeChannelRead(AbstractChannelHandlerContext.java:362)
	at io.netty.channel.AbstractChannelHandlerContext.invokeChannelRead(AbstractChannelHandlerContext.java:348)
	at io.netty.channel.AbstractChannelHandlerContext.fireChannelRead(AbstractChannelHandlerContext.java:340)
	at io.netty.channel.DefaultChannelPipeline$HeadContext.channelRead(DefaultChannelPipeline.java:1359)
	at io.netty.channel.AbstractChannelHandlerContext.invokeChannelRead(AbstractChannelHandlerContext.java:362)
	at io.netty.channel.AbstractChannelHandlerContext.invokeChannelRead(AbstractChannelHandlerContext.java:348)
	at io.netty.channel.DefaultChannelPipeline.fireChannelRead(DefaultChannelPipeline.java:935)
	at io.netty.channel.nio.AbstractNioMessageChannel$NioMessageUnsafe.read(AbstractNioMessageChannel.java:93)
	at io.netty.channel.nio.NioEventLoop.processSelectedKey(NioEventLoop.java:645)
	at io.netty.channel.nio.NioEventLoop.processSelectedKeysOptimized(NioEventLoop.java:580)
	at io.netty.channel.nio.NioEventLoop.processSelectedKeys(NioEventLoop.java:497)
	at io.netty.channel.nio.NioEventLoop.run(NioEventLoop.java:459)
	at io.netty.util.concurrent.SingleThreadEventExecutor$5.run(SingleThreadEventExecutor.java:886)
	at io.netty.util.concurrent.FastThreadLocalRunnable.run(FastThreadLocalRunnable.java:30)
	at java.lang.Thread.run(Thread.java:748)

java.lang.RuntimeException: Execution failed
	at ptolemy.moml.MoMLSimpleApplication$UnloadThread.run(MoMLSimpleApplication.java:402)
Caused by: ptolemy.kernel.util.IllegalActionException: Exceptions occurred during wrapup:
ptolemy.kernel.util.IllegalActionException: The fire() method of this actor was never called. Usually, this is an error indicating that starvation is occurring.
  in .SocketLong.Test
ptolemy.kernel.util.IllegalActionException: The fire() method of this actor was never called. Usually, this is an error indicating that starvation is occurring.
  in .SocketLong.Test2
ptolemy.kernel.util.IllegalActionException: The fire() method of this actor was never called. Usually, this is an error indicating that starvation is occurring.
  in .SocketLong.Test3

  in .SocketLong.DE Director
Because:
The fire() method of this actor was never called. Usually, this is an error indicating that starvation is occurring.
  in .SocketLong.Test
	at ptolemy.actor.Director.wrapup(Director.java:1736)
	at ptolemy.domains.de.kernel.DEDirector.wrapup(DEDirector.java:1526)
	at ptolemy.actor.CompositeActor.wrapup(CompositeActor.java:2735)
	at ptolemy.actor.Manager.wrapup(Manager.java:1512)
	at ptolemy.actor.Manager.execute(Manager.java:407)
	at ptolemy.actor.Manager.run(Manager.java:1263)
	at ptolemy.actor.Manager$PtolemyRunThread.run(Manager.java:1915)
Caused by: ptolemy.kernel.util.IllegalActionException: The fire() method of this actor was never called. Usually, this is an error indicating that starvation is occurring.
  in .SocketLong.Test
	at ptolemy.actor.lib.NonStrictTest.wrapup(NonStrictTest.java:393)
	at ptolemy.actor.Director.wrapup(Director.java:1722)
	... 6 more
java.lang.reflect.InvocationTargetException
	at sun.reflect.NativeConstructorAccessorImpl.newInstance0(Native Method)
	at sun.reflect.NativeConstructorAccessorImpl.newInstance(NativeConstructorAccessorImpl.java:62)
	at sun.reflect.DelegatingConstructorAccessorImpl.newInstance(DelegatingConstructorAccessorImpl.java:45)
	at java.lang.reflect.Constructor.newInstance(Constructor.java:423)
	at ptolemy.util.test.junit.AutoKnownFailedTests.RunModel(AutoKnownFailedTests.java:107)
	at sun.reflect.NativeMethodAccessorImpl.invoke0(Native Method)
	at sun.reflect.NativeMethodAccessorImpl.invoke(NativeMethodAccessorImpl.java:62)
	at sun.reflect.DelegatingMethodAccessorImpl.invoke(DelegatingMethodAccessorImpl.java:43)
	at java.lang.reflect.Method.invoke(Method.java:498)
	at org.junit.runners.model.FrameworkMethod$1.runReflectiveCall(FrameworkMethod.java:44)
	at org.junit.internal.runners.model.ReflectiveCallable.run(ReflectiveCallable.java:15)
	at org.junit.runners.model.FrameworkMethod.invokeExplosively(FrameworkMethod.java:41)
	at junitparams.internal.InvokeParameterisedMethod.evaluate(InvokeParameterisedMethod.java:102)
	at org.junit.internal.runners.statements.FailOnTimeout$1.run(FailOnTimeout.java:28)
Caused by: ptolemy.kernel.util.IllegalActionException: Exceptions occurred during wrapup:
ptolemy.kernel.util.IllegalActionException: The fire() method of this actor was never called. Usually, this is an error indicating that starvation is occurring.
  in .SocketLong.Test
ptolemy.kernel.util.IllegalActionException: The fire() method of this actor was never called. Usually, this is an error indicating that starvation is occurring.
  in .SocketLong.Test2
ptolemy.kernel.util.IllegalActionException: The fire() method of this actor was never called. Usually, this is an error indicating that starvation is occurring.
  in .SocketLong.Test3

  in .SocketLong.DE Director
Because:
The fire() method of this actor was never called. Usually, this is an error indicating that starvation is occurring.
  in .SocketLong.Test
	at ptolemy.actor.Director.wrapup(Director.java:1736)
	at ptolemy.domains.de.kernel.DEDirector.wrapup(DEDirector.java:1526)
	at ptolemy.actor.CompositeActor.wrapup(CompositeActor.java:2735)
	at ptolemy.actor.Manager.wrapup(Manager.java:1512)
	at ptolemy.actor.Manager.execute(Manager.java:407)
	at ptolemy.actor.Manager.run(Manager.java:1263)
	at ptolemy.actor.Manager$PtolemyRunThread.run(Manager.java:1915)
Caused by: ptolemy.kernel.util.IllegalActionException: The fire() method of this actor was never called. Usually, this is an error indicating that starvation is occurring.
  in .SocketLong.Test
	at ptolemy.actor.lib.NonStrictTest.wrapup(NonStrictTest.java:393)
	at ptolemy.actor.Director.wrapup(Director.java:1722)
	... 6 more
java.lang.RuntimeException: Execution failed
	at ptolemy.moml.MoMLSimpleApplication$UnloadThread.run(MoMLSimpleApplication.java:402)
Caused by: ptolemy.kernel.util.IllegalActionException: Exceptions occurred during wrapup:
ptolemy.kernel.util.IllegalActionException: The fire() method of this actor was never called. Usually, this is an error indicating that starvation is occurring.
  in .SocketUnsignedInt.Test
ptolemy.kernel.util.IllegalActionException: The fire() method of this actor was never called. Usually, this is an error indicating that starvation is occurring.
  in .SocketUnsignedInt.Test2
ptolemy.kernel.util.IllegalActionException: The fire() method of this actor was never called. Usually, this is an error indicating that starvation is occurring.
  in .SocketUnsignedInt.Test3

  in .SocketUnsignedInt.DE Director
Because:
The fire() method of this actor was never called. Usually, this is an error indicating that starvation is occurring.
  in .SocketUnsignedInt.Test
	at ptolemy.actor.Director.wrapup(Director.java:1736)
	at ptolemy.domains.de.kernel.DEDirector.wrapup(DEDirector.java:1526)
	at ptolemy.actor.CompositeActor.wrapup(CompositeActor.java:2735)
	at ptolemy.actor.Manager.wrapup(Manager.java:1512)
	at ptolemy.actor.Manager.execute(Manager.java:407)
	at ptolemy.actor.Manager.run(Manager.java:1263)
	at ptolemy.actor.Manager$PtolemyRunThread.run(Manager.java:1915)
Caused by: ptolemy.kernel.util.IllegalActionException: The fire() method of this actor was never called. Usually, this is an error indicating that starvation is occurring.
  in .SocketUnsignedInt.Test
	at ptolemy.actor.lib.NonStrictTest.wrapup(NonStrictTest.java:393)
	at ptolemy.actor.Director.wrapup(Director.java:1722)
	... 6 more
java.lang.reflect.InvocationTargetException
	at sun.reflect.NativeConstructorAccessorImpl.newInstance0(Native Method)
	at sun.reflect.NativeConstructorAccessorImpl.newInstance(NativeConstructorAccessorImpl.java:62)
	at sun.reflect.DelegatingConstructorAccessorImpl.newInstance(DelegatingConstructorAccessorImpl.java:45)
	at java.lang.reflect.Constructor.newInstance(Constructor.java:423)
	at ptolemy.util.test.junit.AutoKnownFailedTests.RunModel(AutoKnownFailedTests.java:107)
	at sun.reflect.NativeMethodAccessorImpl.invoke0(Native Method)
	at sun.reflect.NativeMethodAccessorImpl.invoke(NativeMethodAccessorImpl.java:62)
	at sun.reflect.DelegatingMethodAccessorImpl.invoke(DelegatingMethodAccessorImpl.java:43)
	at java.lang.reflect.Method.invoke(Method.java:498)
	at org.junit.runners.model.FrameworkMethod$1.runReflectiveCall(FrameworkMethod.java:44)
	at org.junit.internal.runners.model.ReflectiveCallable.run(ReflectiveCallable.java:15)
	at org.junit.runners.model.FrameworkMethod.invokeExplosively(FrameworkMethod.java:41)
	at junitparams.internal.InvokeParameterisedMethod.evaluate(InvokeParameterisedMethod.java:102)
	at org.junit.internal.runners.statements.FailOnTimeout$1.run(FailOnTimeout.java:28)
Caused by: ptolemy.kernel.util.IllegalActionException: Exceptions occurred during wrapup:
ptolemy.kernel.util.IllegalActionException: The fire() method of this actor was never called. Usually, this is an error indicating that starvation is occurring.
  in .SocketUnsignedInt.Test
ptolemy.kernel.util.IllegalActionException: The fire() method of this actor was never called. Usually, this is an error indicating that starvation is occurring.
  in .SocketUnsignedInt.Test2
ptolemy.kernel.util.IllegalActionException: The fire() method of this actor was never called. Usually, this is an error indicating that starvation is occurring.
  in .SocketUnsignedInt.Test3

  in .SocketUnsignedInt.DE Director
Because:
The fire() method of this actor was never called. Usually, this is an error indicating that starvation is occurring.
  in .SocketUnsignedInt.Test
	at ptolemy.actor.Director.wrapup(Director.java:1736)
	at ptolemy.domains.de.kernel.DEDirector.wrapup(DEDirector.java:1526)
	at ptolemy.actor.CompositeActor.wrapup(CompositeActor.java:2735)
	at ptolemy.actor.Manager.wrapup(Manager.java:1512)
	at ptolemy.actor.Manager.execute(Manager.java:407)
	at ptolemy.actor.Manager.run(Manager.java:1263)
	at ptolemy.actor.Manager$PtolemyRunThread.run(Manager.java:1915)
Caused by: ptolemy.kernel.util.IllegalActionException: The fire() method of this actor was never called. Usually, this is an error indicating that starvation is occurring.
  in .SocketUnsignedInt.Test
	at ptolemy.actor.lib.NonStrictTest.wrapup(NonStrictTest.java:393)
	at ptolemy.actor.Director.wrapup(Director.java:1722)
	... 6 more
java.lang.RuntimeException: Execution failed
	at ptolemy.moml.MoMLSimpleApplication$UnloadThread.run(MoMLSimpleApplication.java:402)
Caused by: ptolemy.kernel.util.IllegalActionException: Exceptions occurred during wrapup:
ptolemy.kernel.util.IllegalActionException: The fire() method of this actor was never called. Usually, this is an error indicating that starvation is occurring.
  in .Socket3.Test

  in .Socket3.DE Director
Because:
The fire() method of this actor was never called. Usually, this is an error indicating that starvation is occurring.
  in .Socket3.Test
	at ptolemy.actor.Director.wrapup(Director.java:1736)
	at ptolemy.domains.de.kernel.DEDirector.wrapup(DEDirector.java:1526)
	at ptolemy.actor.CompositeActor.wrapup(CompositeActor.java:2735)
	at ptolemy.actor.Manager.wrapup(Manager.java:1512)
	at ptolemy.actor.Manager.execute(Manager.java:407)
	at ptolemy.actor.Manager.run(Manager.java:1263)
	at ptolemy.actor.Manager$PtolemyRunThread.run(Manager.java:1915)
Caused by: ptolemy.kernel.util.IllegalActionException: The fire() method of this actor was never called. Usually, this is an error indicating that starvation is occurring.
  in .Socket3.Test
	at ptolemy.actor.lib.NonStrictTest.wrapup(NonStrictTest.java:393)
	at ptolemy.actor.Director.wrapup(Director.java:1722)
	... 6 more
java.lang.RuntimeException: Execution failed
	at ptolemy.moml.MoMLSimpleApplication$UnloadThread.run(MoMLSimpleApplication.java:402)
Caused by: ptolemy.kernel.util.IllegalActionException: Exceptions occurred during wrapup:
ptolemy.kernel.util.IllegalActionException: The fire() method of this actor was never called. Usually, this is an error indicating that starvation is occurring.
  in .SocketDoubleArray.Test
ptolemy.kernel.util.IllegalActionException: The fire() method of this actor was never called. Usually, this is an error indicating that starvation is occurring.
  in .SocketDoubleArray.Test2
ptolemy.kernel.util.IllegalActionException: The fire() method of this actor was never called. Usually, this is an error indicating that starvation is occurring.
  in .SocketDoubleArray.Test3

  in .SocketDoubleArray.DE Director
Because:
The fire() method of this actor was never called. Usually, this is an error indicating that starvation is occurring.
  in .SocketDoubleArray.Test
	at ptolemy.actor.Director.wrapup(Director.java:1736)
	at ptolemy.domains.de.kernel.DEDirector.wrapup(DEDirector.java:1526)
	at ptolemy.actor.CompositeActor.wrapup(CompositeActor.java:2735)
	at ptolemy.actor.Manager.wrapup(Manager.java:1512)
	at ptolemy.actor.Manager.execute(Manager.java:407)
	at ptolemy.actor.Manager.run(Manager.java:1263)
	at ptolemy.actor.Manager$PtolemyRunThread.run(Manager.java:1915)
Caused by: ptolemy.kernel.util.IllegalActionException: The fire() method of this actor was never called. Usually, this is an error indicating that starvation is occurring.
  in .SocketDoubleArray.Test
	at ptolemy.actor.lib.NonStrictTest.wrapup(NonStrictTest.java:393)
	at ptolemy.actor.Director.wrapup(Director.java:1722)
	... 6 more
java.lang.RuntimeException: Execution failed
	at ptolemy.moml.MoMLSimpleApplication$UnloadThread.run(MoMLSimpleApplication.java:402)
Caused by: ptolemy.kernel.util.IllegalActionException: Exceptions occurred during wrapup:
ptolemy.kernel.util.IllegalActionException: The fire() method of this actor was never called. Usually, this is an error indicating that starvation is occurring.
  in .SocketDoubleArrayBatched.Test
ptolemy.kernel.util.IllegalActionException: The fire() method of this actor was never called. Usually, this is an error indicating that starvation is occurring.
  in .SocketDoubleArrayBatched.Test2
ptolemy.kernel.util.IllegalActionException: The fire() method of this actor was never called. Usually, this is an error indicating that starvation is occurring.
  in .SocketDoubleArrayBatched.Test3

  in .SocketDoubleArrayBatched.DE Director
Because:
The fire() method of this actor was never called. Usually, this is an error indicating that starvation is occurring.
  in .SocketDoubleArrayBatched.Test
	at ptolemy.actor.Director.wrapup(Director.java:1736)
	at ptolemy.domains.de.kernel.DEDirector.wrapup(DEDirector.java:1526)
	at ptolemy.actor.CompositeActor.wrapup(CompositeActor.java:2735)
	at ptolemy.actor.Manager.wrapup(Manager.java:1512)
	at ptolemy.actor.Manager.execute(Manager.java:407)
	at ptolemy.actor.Manager.run(Manager.java:1263)
	at ptolemy.actor.Manager$PtolemyRunThread.run(Manager.java:1915)
Caused by: ptolemy.kernel.util.IllegalActionException: The fire() method of this actor was never called. Usually, this is an error indicating that starvation is occurring.
  in .SocketDoubleArrayBatched.Test
	at ptolemy.actor.lib.NonStrictTest.wrapup(NonStrictTest.java:393)
	at ptolemy.actor.Director.wrapup(Director.java:1722)
	... 6 more
[Thread-48] INFO com.github.sarxos.webcam.Webcam - WebcamDefaultDriver capture driver will be used
[atomic-processor-1] INFO com.github.sarxos.webcam.ds.cgt.WebcamOpenTask - Opening webcam Dummy Webcam 0
[atomic-processor-1] INFO com.github.sarxos.webcam.ds.cgt.WebcamCloseTask - Closing Dummy Webcam 0
[atomic-processor-1] INFO com.github.sarxos.webcam.ds.cgt.WebcamOpenTask - Opening webcam Dummy Webcam 0
[atomic-processor-1] INFO com.github.sarxos.webcam.ds.cgt.WebcamCloseTask - Closing Dummy Webcam 0
java.lang.RuntimeException: Execution failed
	at ptolemy.moml.MoMLSimpleApplication$UnloadThread.run(MoMLSimpleApplication.java:402)
Caused by: ptolemy.kernel.util.IllegalActionException: Exceptions occurred during wrapup:
ptolemy.kernel.util.IllegalActionException: The fire() method of this actor was never called. Usually, this is an error indicating that starvation is occurring.
  in .SocketImagePNG.Test
ptolemy.kernel.util.IllegalActionException: The fire() method of this actor was never called. Usually, this is an error indicating that starvation is occurring.
  in .SocketImagePNG.Test2

  in .SocketImagePNG.DE Director
Because:
The fire() method of this actor was never called. Usually, this is an error indicating that starvation is occurring.
  in .SocketImagePNG.Test
	at ptolemy.actor.Director.wrapup(Director.java:1736)
	at ptolemy.domains.de.kernel.DEDirector.wrapup(DEDirector.java:1526)
	at ptolemy.actor.CompositeActor.wrapup(CompositeActor.java:2735)
	at ptolemy.actor.Manager.wrapup(Manager.java:1512)
	at ptolemy.actor.Manager.execute(Manager.java:407)
	at ptolemy.actor.Manager.run(Manager.java:1263)
	at ptolemy.actor.Manager$PtolemyRunThread.run(Manager.java:1915)
Caused by: ptolemy.kernel.util.IllegalActionException: The fire() method of this actor was never called. Usually, this is an error indicating that starvation is occurring.
  in .SocketImagePNG.Test
	at ptolemy.actor.lib.NonStrictTest.wrapup(NonStrictTest.java:393)
	at ptolemy.actor.Director.wrapup(Director.java:1722)
	... 6 more
[atomic-processor-1] INFO com.github.sarxos.webcam.ds.cgt.WebcamOpenTask - Opening webcam Dummy Webcam 0
[atomic-processor-1] INFO com.github.sarxos.webcam.ds.cgt.WebcamCloseTask - Closing Dummy Webcam 0
java.lang.RuntimeException: Execution failed
	at ptolemy.moml.MoMLSimpleApplication$UnloadThread.run(MoMLSimpleApplication.java:402)
Caused by: ptolemy.kernel.util.IllegalActionException: Exceptions occurred during wrapup:
ptolemy.kernel.util.IllegalActionException: The fire() method of this actor was never called. Usually, this is an error indicating that starvation is occurring.
  in .SocketUnsignedByte.Test
ptolemy.kernel.util.IllegalActionException: The fire() method of this actor was never called. Usually, this is an error indicating that starvation is occurring.
  in .SocketUnsignedByte.Test2
ptolemy.kernel.util.IllegalActionException: The fire() method of this actor was never called. Usually, this is an error indicating that starvation is occurring.
  in .SocketUnsignedByte.Test3

  in .SocketUnsignedByte.DE Director
Because:
The fire() method of this actor was never called. Usually, this is an error indicating that starvation is occurring.
  in .SocketUnsignedByte.Test
	at ptolemy.actor.Director.wrapup(Director.java:1736)
	at ptolemy.domains.de.kernel.DEDirector.wrapup(DEDirector.java:1526)
	at ptolemy.actor.CompositeActor.wrapup(CompositeActor.java:2735)
	at ptolemy.actor.Manager.wrapup(Manager.java:1512)
	at ptolemy.actor.Manager.execute(Manager.java:407)
	at ptolemy.actor.Manager.run(Manager.java:1263)
	at ptolemy.actor.Manager$PtolemyRunThread.run(Manager.java:1915)
Caused by: ptolemy.kernel.util.IllegalActionException: The fire() method of this actor was never called. Usually, this is an error indicating that starvation is occurring.
  in .SocketUnsignedByte.Test
	at ptolemy.actor.lib.NonStrictTest.wrapup(NonStrictTest.java:393)
	at ptolemy.actor.Director.wrapup(Director.java:1722)
	... 6 more
WARNING: JavaScriptDiscreteClock: Model stopped before executing actions (e.g. producing outputs) scheduled for execution at times [4.117, 5.117]
]]></system-err>
</testsuite>
