<?xml version="1.0" encoding="UTF-8" ?>
<testsuite errors="0" failures="0" hostname="travis-job-14953f4e-76b9-4cd5-b310-ae3651b89fcd" name="ptolemy.domains.modal.test.junit.JUnitTclTest" skipped="0" tests="148" time="10.404" timestamp="2018-05-10T22:00:52">
  <properties>
[...]
</properties>
  <testcase classname="ptolemy.util.test.junit.TclTests" name="[0] /home/travis/build/icyphy/ptII/ptolemy/domains/modal/test/SystemLevelType.tcl (RunTclFile)" time="1.888" />
  <testcase classname="ptolemy.util.test.junit.AutoKnownFailedTests" name="[0] /home/travis/build/icyphy/ptII/ptolemy/domains/modal/test/auto/knownFailedTests/CannotAnalysisWithPreemption.xml (RunModel)" time="0.212" />
  <testcase classname="ptolemy.util.test.junit.AutoNameArchTests" name="[0] ThereAreNoAutoTests (RunModel)" time="0.01" />
  <testcase classname="ptolemy.util.test.junit.AutoTests" name="[0] /home/travis/build/icyphy/ptII/ptolemy/domains/modal/test/auto/ABPTest.xml (RunModel)" time="0.737" />
  <testcase classname="ptolemy.util.test.junit.AutoTests" name="[1] /home/travis/build/icyphy/ptII/ptolemy/domains/modal/test/auto/ABROFlat.xml (RunModel)" time="0.077" />
  <testcase classname="ptolemy.util.test.junit.AutoTests" name="[2] /home/travis/build/icyphy/ptII/ptolemy/domains/modal/test/auto/ABROFlat2.xml (RunModel)" time="0.078" />
  <testcase classname="ptolemy.util.test.junit.AutoTests" name="[3] /home/travis/build/icyphy/ptII/ptolemy/domains/modal/test/auto/ABRO_present_hmm.xml (RunModel)" time="0.16" />
  <testcase classname="ptolemy.util.test.junit.AutoTests" name="[4] /home/travis/build/icyphy/ptII/ptolemy/domains/modal/test/auto/AMICoderExample.xml (RunModel)" time="0.077" />
  <testcase classname="ptolemy.util.test.junit.AutoTests" name="[5] /home/travis/build/icyphy/ptII/ptolemy/domains/modal/test/auto/AbsentToPresent.xml (RunModel)" time="0.029" />
  <testcase classname="ptolemy.util.test.junit.AutoTests" name="[6] /home/travis/build/icyphy/ptII/ptolemy/domains/modal/test/auto/Blending.xml (RunModel)" time="0.252" />
  <testcase classname="ptolemy.util.test.junit.AutoTests" name="[7] /home/travis/build/icyphy/ptII/ptolemy/domains/modal/test/auto/Broadcast.xml (RunModel)" time="0.069" />
  <testcase classname="ptolemy.util.test.junit.AutoTests" name="[8] /home/travis/build/icyphy/ptII/ptolemy/domains/modal/test/auto/BroadcastHierarchy.xml (RunModel)" time="0.075" />
  <testcase classname="ptolemy.util.test.junit.AutoTests" name="[9] /home/travis/build/icyphy/ptII/ptolemy/domains/modal/test/auto/BroadcastHierarchy2.xml (RunModel)" time="0.139" />
  <testcase classname="ptolemy.util.test.junit.AutoTests" name="[10] /home/travis/build/icyphy/ptII/ptolemy/domains/modal/test/auto/BroadcastHierarchy3.xml (RunModel)" time="0.091" />
  <testcase classname="ptolemy.util.test.junit.AutoTests" name="[11] /home/travis/build/icyphy/ptII/ptolemy/domains/modal/test/auto/BroadcastHierarchy4.xml (RunModel)" time="0.096" />
  <testcase classname="ptolemy.util.test.junit.AutoTests" name="[12] /home/travis/build/icyphy/ptII/ptolemy/domains/modal/test/auto/CannotAnalysisWithPreemption2.xml (RunModel)" time="0.029" />
  <testcase classname="ptolemy.util.test.junit.AutoTests" name="[13] /home/travis/build/icyphy/ptII/ptolemy/domains/modal/test/auto/CannotAnalysisWithPreemption3.xml (RunModel)" time="0.045" />
  <testcase classname="ptolemy.util.test.junit.AutoTests" name="[14] /home/travis/build/icyphy/ptII/ptolemy/domains/modal/test/auto/CannotProduce.xml (RunModel)" time="0.03" />
  <testcase classname="ptolemy.util.test.junit.AutoTests" name="[15] /home/travis/build/icyphy/ptII/ptolemy/domains/modal/test/auto/CannotProduceModal.xml (RunModel)" time="0.034" />
  <testcase classname="ptolemy.util.test.junit.AutoTests" name="[16] /home/travis/build/icyphy/ptII/ptolemy/domains/modal/test/auto/Case.xml (RunModel)" time="0.08" />
  <testcase classname="ptolemy.util.test.junit.AutoTests" name="[17] /home/travis/build/icyphy/ptII/ptolemy/domains/modal/test/auto/Case1.xml (RunModel)" time="0.027" />
  <testcase classname="ptolemy.util.test.junit.AutoTests" name="[18] /home/travis/build/icyphy/ptII/ptolemy/domains/modal/test/auto/Case2.xml (RunModel)" time="0.068" />
  <testcase classname="ptolemy.util.test.junit.AutoTests" name="[19] /home/travis/build/icyphy/ptII/ptolemy/domains/modal/test/auto/CausalityInterface1.xml (RunModel)" time="0.036" />
  <testcase classname="ptolemy.util.test.junit.AutoTests" name="[20] /home/travis/build/icyphy/ptII/ptolemy/domains/modal/test/auto/CausalityInterface10.xml (RunModel)" time="0.068" />
  <testcase classname="ptolemy.util.test.junit.AutoTests" name="[21] /home/travis/build/icyphy/ptII/ptolemy/domains/modal/test/auto/CausalityInterface11.xml (RunModel)" time="0.076" />
  <testcase classname="ptolemy.util.test.junit.AutoTests" name="[22] /home/travis/build/icyphy/ptII/ptolemy/domains/modal/test/auto/CausalityInterface12.xml (RunModel)" time="0.042" />
  <testcase classname="ptolemy.util.test.junit.AutoTests" name="[23] /home/travis/build/icyphy/ptII/ptolemy/domains/modal/test/auto/CausalityInterface13.xml (RunModel)" time="0.062" />
  <testcase classname="ptolemy.util.test.junit.AutoTests" name="[24] /home/travis/build/icyphy/ptII/ptolemy/domains/modal/test/auto/CausalityInterface14.xml (RunModel)" time="0.056" />
  <testcase classname="ptolemy.util.test.junit.AutoTests" name="[25] /home/travis/build/icyphy/ptII/ptolemy/domains/modal/test/auto/CausalityInterface2.xml (RunModel)" time="0.031" />
  <testcase classname="ptolemy.util.test.junit.AutoTests" name="[26] /home/travis/build/icyphy/ptII/ptolemy/domains/modal/test/auto/CausalityInterface3.xml (RunModel)" time="0.031" />
  <testcase classname="ptolemy.util.test.junit.AutoTests" name="[27] /home/travis/build/icyphy/ptII/ptolemy/domains/modal/test/auto/CausalityInterface4.xml (RunModel)" time="0.031" />
  <testcase classname="ptolemy.util.test.junit.AutoTests" name="[28] /home/travis/build/icyphy/ptII/ptolemy/domains/modal/test/auto/CausalityInterface5.xml (RunModel)" time="0.029" />
  <testcase classname="ptolemy.util.test.junit.AutoTests" name="[29] /home/travis/build/icyphy/ptII/ptolemy/domains/modal/test/auto/CausalityInterface6.xml (RunModel)" time="0.033" />
  <testcase classname="ptolemy.util.test.junit.AutoTests" name="[30] /home/travis/build/icyphy/ptII/ptolemy/domains/modal/test/auto/CausalityInterface7.xml (RunModel)" time="0.043" />
  <testcase classname="ptolemy.util.test.junit.AutoTests" name="[31] /home/travis/build/icyphy/ptII/ptolemy/domains/modal/test/auto/CausalityInterface8.xml (RunModel)" time="0.034" />
  <testcase classname="ptolemy.util.test.junit.AutoTests" name="[32] /home/travis/build/icyphy/ptII/ptolemy/domains/modal/test/auto/CausalityInterface9.xml (RunModel)" time="0.028" />
  <testcase classname="ptolemy.util.test.junit.AutoTests" name="[33] /home/travis/build/icyphy/ptII/ptolemy/domains/modal/test/auto/ChainedTransitions.xml (RunModel)" time="0.159" />
  <testcase classname="ptolemy.util.test.junit.AutoTests" name="[34] /home/travis/build/icyphy/ptII/ptolemy/domains/modal/test/auto/CycleOfImmediateTransitionsFSM.xml (RunModel)" time="0.024" />
  <testcase classname="ptolemy.util.test.junit.AutoTests" name="[35] /home/travis/build/icyphy/ptII/ptolemy/domains/modal/test/auto/CycleOfImmediateTransitionsModal.xml (RunModel)" time="0.028" />
  <testcase classname="ptolemy.util.test.junit.AutoTests" name="[36] /home/travis/build/icyphy/ptII/ptolemy/domains/modal/test/auto/CycleOfImmediateTransitionsModal2.xml (RunModel)" time="0.031" />
  <testcase classname="ptolemy.util.test.junit.AutoTests" name="[37] /home/travis/build/icyphy/ptII/ptolemy/domains/modal/test/auto/CycleOfImmediateTransitionsModal3.xml (RunModel)" time="0.076" />
  <testcase classname="ptolemy.util.test.junit.AutoTests" name="[38] /home/travis/build/icyphy/ptII/ptolemy/domains/modal/test/auto/DeepModal1.xml (RunModel)" time="0.05" />
  <testcase classname="ptolemy.util.test.junit.AutoTests" name="[39] /home/travis/build/icyphy/ptII/ptolemy/domains/modal/test/auto/DeepModal2.xml (RunModel)" time="0.061" />
  <testcase classname="ptolemy.util.test.junit.AutoTests" name="[40] /home/travis/build/icyphy/ptII/ptolemy/domains/modal/test/auto/DeepModal3.xml (RunModel)" time="0.078" />
  <testcase classname="ptolemy.util.test.junit.AutoTests" name="[41] /home/travis/build/icyphy/ptII/ptolemy/domains/modal/test/auto/DeepModal4.xml (RunModel)" time="0.079" />
  <testcase classname="ptolemy.util.test.junit.AutoTests" name="[42] /home/travis/build/icyphy/ptII/ptolemy/domains/modal/test/auto/Default1.xml (RunModel)" time="0.023" />
  <testcase classname="ptolemy.util.test.junit.AutoTests" name="[43] /home/travis/build/icyphy/ptII/ptolemy/domains/modal/test/auto/Default2.xml (RunModel)" time="0.017" />
  <testcase classname="ptolemy.util.test.junit.AutoTests" name="[44] /home/travis/build/icyphy/ptII/ptolemy/domains/modal/test/auto/Default3.xml (RunModel)" time="0.02" />
  <testcase classname="ptolemy.util.test.junit.AutoTests" name="[45] /home/travis/build/icyphy/ptII/ptolemy/domains/modal/test/auto/Default4.xml (RunModel)" time="0.024" />
  <testcase classname="ptolemy.util.test.junit.AutoTests" name="[46] /home/travis/build/icyphy/ptII/ptolemy/domains/modal/test/auto/Default5.xml (RunModel)" time="0.028" />
  <testcase classname="ptolemy.util.test.junit.AutoTests" name="[47] /home/travis/build/icyphy/ptII/ptolemy/domains/modal/test/auto/EmptyGuard.xml (RunModel)" time="0.033" />
  <testcase classname="ptolemy.util.test.junit.AutoTests" name="[48] /home/travis/build/icyphy/ptII/ptolemy/domains/modal/test/auto/ErrorTransition1.xml (RunModel)" time="0.034" />
  <testcase classname="ptolemy.util.test.junit.AutoTests" name="[49] /home/travis/build/icyphy/ptII/ptolemy/domains/modal/test/auto/ErrorTransition10.xml (RunModel)" time="0.044" />
  <testcase classname="ptolemy.util.test.junit.AutoTests" name="[50] /home/travis/build/icyphy/ptII/ptolemy/domains/modal/test/auto/ErrorTransition11.xml (RunModel)" time="0.044" />
  <testcase classname="ptolemy.util.test.junit.AutoTests" name="[51] /home/travis/build/icyphy/ptII/ptolemy/domains/modal/test/auto/ErrorTransition2.xml (RunModel)" time="0.026" />
  <testcase classname="ptolemy.util.test.junit.AutoTests" name="[52] /home/travis/build/icyphy/ptII/ptolemy/domains/modal/test/auto/ErrorTransition3.xml (RunModel)" time="0.034" />
  <testcase classname="ptolemy.util.test.junit.AutoTests" name="[53] /home/travis/build/icyphy/ptII/ptolemy/domains/modal/test/auto/ErrorTransition4.xml (RunModel)" time="0.041" />
  <testcase classname="ptolemy.util.test.junit.AutoTests" name="[54] /home/travis/build/icyphy/ptII/ptolemy/domains/modal/test/auto/ErrorTransition5.xml (RunModel)" time="0.034" />
  <testcase classname="ptolemy.util.test.junit.AutoTests" name="[55] /home/travis/build/icyphy/ptII/ptolemy/domains/modal/test/auto/ErrorTransition6.xml (RunModel)" time="0.037" />
  <testcase classname="ptolemy.util.test.junit.AutoTests" name="[56] /home/travis/build/icyphy/ptII/ptolemy/domains/modal/test/auto/ErrorTransition7.xml (RunModel)" time="0.048" />
  <testcase classname="ptolemy.util.test.junit.AutoTests" name="[57] /home/travis/build/icyphy/ptII/ptolemy/domains/modal/test/auto/ErrorTransition8.xml (RunModel)" time="0.08" />
  <testcase classname="ptolemy.util.test.junit.AutoTests" name="[58] /home/travis/build/icyphy/ptII/ptolemy/domains/modal/test/auto/ErrorTransition9.xml (RunModel)" time="0.041" />
  <testcase classname="ptolemy.util.test.junit.AutoTests" name="[59] /home/travis/build/icyphy/ptII/ptolemy/domains/modal/test/auto/ExtendedFSM.xml (RunModel)" time="0.033" />
  <testcase classname="ptolemy.util.test.junit.AutoTests" name="[60] /home/travis/build/icyphy/ptII/ptolemy/domains/modal/test/auto/FinalStates.xml (RunModel)" time="0.021" />
  <testcase classname="ptolemy.util.test.junit.AutoTests" name="[61] /home/travis/build/icyphy/ptII/ptolemy/domains/modal/test/auto/FixedPointFSM.xml (RunModel)" time="0.042" />
  <testcase classname="ptolemy.util.test.junit.AutoTests" name="[62] /home/travis/build/icyphy/ptII/ptolemy/domains/modal/test/auto/FixedPointIterationFSMActor.xml (RunModel)" time="0.033" />
  <testcase classname="ptolemy.util.test.junit.AutoTests" name="[63] /home/travis/build/icyphy/ptII/ptolemy/domains/modal/test/auto/FixedPointIterationFSMActor2.xml (RunModel)" time="0.044" />
  <testcase classname="ptolemy.util.test.junit.AutoTests" name="[64] /home/travis/build/icyphy/ptII/ptolemy/domains/modal/test/auto/ForbiddenInstantanousLoop.xml (RunModel)" time="0.038" />
  <testcase classname="ptolemy.util.test.junit.AutoTests" name="[65] /home/travis/build/icyphy/ptII/ptolemy/domains/modal/test/auto/FunctionDependencyOfFSMActorTest.xml (RunModel)" time="0.033" />
  <testcase classname="ptolemy.util.test.junit.AutoTests" name="[66] /home/travis/build/icyphy/ptII/ptolemy/domains/modal/test/auto/GuardExpression.xml (RunModel)" time="0.021" />
  <testcase classname="ptolemy.util.test.junit.AutoTests" name="[67] /home/travis/build/icyphy/ptII/ptolemy/domains/modal/test/auto/GuardNotEvaluated.xml (RunModel)" time="0.034" />
  <testcase classname="ptolemy.util.test.junit.AutoTests" name="[68] /home/travis/build/icyphy/ptII/ptolemy/domains/modal/test/auto/GuardNotEvaluated2.xml (RunModel)" time="0.023" />
  <testcase classname="ptolemy.util.test.junit.AutoTests" name="[69] /home/travis/build/icyphy/ptII/ptolemy/domains/modal/test/auto/GuardOnAbsent.xml (RunModel)" time="0.031" />
  <testcase classname="ptolemy.util.test.junit.AutoTests" name="[70] /home/travis/build/icyphy/ptII/ptolemy/domains/modal/test/auto/HierarchicalFSMTypeInference.xml (RunModel)" time="0.03" />
  <testcase classname="ptolemy.util.test.junit.AutoTests" name="[71] /home/travis/build/icyphy/ptII/ptolemy/domains/modal/test/auto/Hysteresis.xml (RunModel)" time="0.042" />
  <testcase classname="ptolemy.util.test.junit.AutoTests" name="[72] /home/travis/build/icyphy/ptII/ptolemy/domains/modal/test/auto/HysteresisWithDefault.xml (RunModel)" time="0.063" />
  <testcase classname="ptolemy.util.test.junit.AutoTests" name="[73] /home/travis/build/icyphy/ptII/ptolemy/domains/modal/test/auto/HysteresisWithDefault2.xml (RunModel)" time="0.069" />
  <testcase classname="ptolemy.util.test.junit.AutoTests" name="[74] /home/travis/build/icyphy/ptII/ptolemy/domains/modal/test/auto/ImmediateNonConstructiveness.xml (RunModel)" time="0.026" />
  <testcase classname="ptolemy.util.test.junit.AutoTests" name="[75] /home/travis/build/icyphy/ptII/ptolemy/domains/modal/test/auto/ImmediateNonConstructiveness2.xml (RunModel)" time="0.028" />
  <testcase classname="ptolemy.util.test.junit.AutoTests" name="[76] /home/travis/build/icyphy/ptII/ptolemy/domains/modal/test/auto/ImmediateTransitionReset.xml (RunModel)" time="0.036" />
  <testcase classname="ptolemy.util.test.junit.AutoTests" name="[77] /home/travis/build/icyphy/ptII/ptolemy/domains/modal/test/auto/ImmediateTransitions1.xml (RunModel)" time="0.015" />
  <testcase classname="ptolemy.util.test.junit.AutoTests" name="[78] /home/travis/build/icyphy/ptII/ptolemy/domains/modal/test/auto/ImmediateTransitionsInstantaneousCommunication.xml (RunModel)" time="0.038" />
  <testcase classname="ptolemy.util.test.junit.AutoTests" name="[79] /home/travis/build/icyphy/ptII/ptolemy/domains/modal/test/auto/InitialImmediateTransition.xml (RunModel)" time="0.017" />
  <testcase classname="ptolemy.util.test.junit.AutoTests" name="[80] /home/travis/build/icyphy/ptII/ptolemy/domains/modal/test/auto/InitialOutputs.xml (RunModel)" time="0.016" />
  <testcase classname="ptolemy.util.test.junit.AutoTests" name="[81] /home/travis/build/icyphy/ptII/ptolemy/domains/modal/test/auto/InitialStateTransition1.xml (RunModel)" time="0.02" />
  <testcase classname="ptolemy.util.test.junit.AutoTests" name="[82] /home/travis/build/icyphy/ptII/ptolemy/domains/modal/test/auto/InitialStateTransition2.xml (RunModel)" time="0.023" />
  <testcase classname="ptolemy.util.test.junit.AutoTests" name="[83] /home/travis/build/icyphy/ptII/ptolemy/domains/modal/test/auto/InitialStateTransition3.xml (RunModel)" time="0.028" />
  <testcase classname="ptolemy.util.test.junit.AutoTests" name="[84] /home/travis/build/icyphy/ptII/ptolemy/domains/modal/test/auto/InitialStateTransition4.xml (RunModel)" time="0.026" />
  <testcase classname="ptolemy.util.test.junit.AutoTests" name="[85] /home/travis/build/icyphy/ptII/ptolemy/domains/modal/test/auto/MalformedGuardExpressionNotCaught.xml (RunModel)" time="0.02" />
  <testcase classname="ptolemy.util.test.junit.AutoTests" name="[86] /home/travis/build/icyphy/ptII/ptolemy/domains/modal/test/auto/ModalBSC.xml (RunModel)" time="0.089" />
  <testcase classname="ptolemy.util.test.junit.AutoTests" name="[87] /home/travis/build/icyphy/ptII/ptolemy/domains/modal/test/auto/ModalClocks.xml (RunModel)" time="0.085" />
  <testcase classname="ptolemy.util.test.junit.AutoTests" name="[88] /home/travis/build/icyphy/ptII/ptolemy/domains/modal/test/auto/ModalDelay.xml (RunModel)" time="0.046" />
  <testcase classname="ptolemy.util.test.junit.AutoTests" name="[89] /home/travis/build/icyphy/ptII/ptolemy/domains/modal/test/auto/ModalDelay2.xml (RunModel)" time="0.045" />
  <testcase classname="ptolemy.util.test.junit.AutoTests" name="[90] /home/travis/build/icyphy/ptII/ptolemy/domains/modal/test/auto/ModalModelFromMemo.xml (RunModel)" time="0.054" />
  <testcase classname="ptolemy.util.test.junit.AutoTests" name="[91] /home/travis/build/icyphy/ptII/ptolemy/domains/modal/test/auto/ModalModelWithMultirateTransient.xml (RunModel)" time="0.054" />
  <testcase classname="ptolemy.util.test.junit.AutoTests" name="[92] /home/travis/build/icyphy/ptII/ptolemy/domains/modal/test/auto/ModalModelWithReset.xml (RunModel)" time="0.048" />
  <testcase classname="ptolemy.util.test.junit.AutoTests" name="[93] /home/travis/build/icyphy/ptII/ptolemy/domains/modal/test/auto/MouseClickFSM.xml (RunModel)" time="0.044" />
  <testcase classname="ptolemy.util.test.junit.AutoTests" name="[94] /home/travis/build/icyphy/ptII/ptolemy/domains/modal/test/auto/MouseClickFSMModal.xml (RunModel)" time="0.037" />
  <testcase classname="ptolemy.util.test.junit.AutoTests" name="[95] /home/travis/build/icyphy/ptII/ptolemy/domains/modal/test/auto/NonStrictFSM_FeedbackLoop.xml (RunModel)" time="0.05" />
  <testcase classname="ptolemy.util.test.junit.AutoTests" name="[96] /home/travis/build/icyphy/ptII/ptolemy/domains/modal/test/auto/NonStrictFSM_FeedbackLoop_Refinement.xml (RunModel)" time="0.072" />
  <testcase classname="ptolemy.util.test.junit.AutoTests" name="[97] /home/travis/build/icyphy/ptII/ptolemy/domains/modal/test/auto/NonStrictFSM_FeedbackLoop_preemptive.xml (RunModel)" time="0.049" />
  <testcase classname="ptolemy.util.test.junit.AutoTests" name="[98] /home/travis/build/icyphy/ptII/ptolemy/domains/modal/test/auto/NormalTermination.xml (RunModel)" time="0.051" />
  <testcase classname="ptolemy.util.test.junit.AutoTests" name="[99] /home/travis/build/icyphy/ptII/ptolemy/domains/modal/test/auto/Pong.xml (RunModel)" time="0.078" />
  <testcase classname="ptolemy.util.test.junit.AutoTests" name="[100] /home/travis/build/icyphy/ptII/ptolemy/domains/modal/test/auto/Pong_test.xml (RunModel)" time="0.07" />
  <testcase classname="ptolemy.util.test.junit.AutoTests" name="[101] /home/travis/build/icyphy/ptII/ptolemy/domains/modal/test/auto/PreemptionHierarchy.xml (RunModel)" time="0.024" />
  <testcase classname="ptolemy.util.test.junit.AutoTests" name="[102] /home/travis/build/icyphy/ptII/ptolemy/domains/modal/test/auto/PreemptionHierarchy2.xml (RunModel)" time="0.03" />
  <testcase classname="ptolemy.util.test.junit.AutoTests" name="[103] /home/travis/build/icyphy/ptII/ptolemy/domains/modal/test/auto/PreemptiveTransition.xml (RunModel)" time="0.018" />
  <testcase classname="ptolemy.util.test.junit.AutoTests" name="[104] /home/travis/build/icyphy/ptII/ptolemy/domains/modal/test/auto/Priorities.xml (RunModel)" time="0.062" />
  <testcase classname="ptolemy.util.test.junit.AutoTests" name="[105] /home/travis/build/icyphy/ptII/ptolemy/domains/modal/test/auto/ResetFinal.xml (RunModel)" time="0.041" />
  <testcase classname="ptolemy.util.test.junit.AutoTests" name="[106] /home/travis/build/icyphy/ptII/ptolemy/domains/modal/test/auto/ResetFinal2.xml (RunModel)" time="0.03" />
  <testcase classname="ptolemy.util.test.junit.AutoTests" name="[107] /home/travis/build/icyphy/ptII/ptolemy/domains/modal/test/auto/ResetTransitionWithStartTime.xml (RunModel)" time="0.03" />
  <testcase classname="ptolemy.util.test.junit.AutoTests" name="[108] /home/travis/build/icyphy/ptII/ptolemy/domains/modal/test/auto/SDF-FSMComposite.xml (RunModel)" time="0.021" />
  <testcase classname="ptolemy.util.test.junit.AutoTests" name="[109] /home/travis/build/icyphy/ptII/ptolemy/domains/modal/test/auto/SeeminglyNondeterminate.xml (RunModel)" time="0.069" />
  <testcase classname="ptolemy.util.test.junit.AutoTests" name="[110] /home/travis/build/icyphy/ptII/ptolemy/domains/modal/test/auto/SeeminglyNondeterminate2.xml (RunModel)" time="0.074" />
  <testcase classname="ptolemy.util.test.junit.AutoTests" name="[111] /home/travis/build/icyphy/ptII/ptolemy/domains/modal/test/auto/SpontaneousFSM.xml (RunModel)" time="0.047" />
  <testcase classname="ptolemy.util.test.junit.AutoTests" name="[112] /home/travis/build/icyphy/ptII/ptolemy/domains/modal/test/auto/SpontaneousFSM2.xml (RunModel)" time="0.03" />
  <testcase classname="ptolemy.util.test.junit.AutoTests" name="[113] /home/travis/build/icyphy/ptII/ptolemy/domains/modal/test/auto/SpontaneousFSM3.xml (RunModel)" time="0.039" />
  <testcase classname="ptolemy.util.test.junit.AutoTests" name="[114] /home/travis/build/icyphy/ptII/ptolemy/domains/modal/test/auto/SpontaneousFSM4.xml (RunModel)" time="0.041" />
  <testcase classname="ptolemy.util.test.junit.AutoTests" name="[115] /home/travis/build/icyphy/ptII/ptolemy/domains/modal/test/auto/StateTrackerTest.xml (RunModel)" time="0.067" />
  <testcase classname="ptolemy.util.test.junit.AutoTests" name="[116] /home/travis/build/icyphy/ptII/ptolemy/domains/modal/test/auto/StrongImmediateTransition.xml (RunModel)" time="0.03" />
  <testcase classname="ptolemy.util.test.junit.AutoTests" name="[117] /home/travis/build/icyphy/ptII/ptolemy/domains/modal/test/auto/SustainHierarchy.xml (RunModel)" time="0.036" />
  <testcase classname="ptolemy.util.test.junit.AutoTests" name="[118] /home/travis/build/icyphy/ptII/ptolemy/domains/modal/test/auto/TerminationTransition1.xml (RunModel)" time="0.025" />
  <testcase classname="ptolemy.util.test.junit.AutoTests" name="[119] /home/travis/build/icyphy/ptII/ptolemy/domains/modal/test/auto/TerminationTransition2.xml (RunModel)" time="0.031" />
  <testcase classname="ptolemy.util.test.junit.AutoTests" name="[120] /home/travis/build/icyphy/ptII/ptolemy/domains/modal/test/auto/TerminationTransition3.xml (RunModel)" time="0.029" />
  <testcase classname="ptolemy.util.test.junit.AutoTests" name="[121] /home/travis/build/icyphy/ptII/ptolemy/domains/modal/test/auto/TerminationTransition4.xml (RunModel)" time="0.039" />
  <testcase classname="ptolemy.util.test.junit.AutoTests" name="[122] /home/travis/build/icyphy/ptII/ptolemy/domains/modal/test/auto/TerminationTransition5.xml (RunModel)" time="0.037" />
  <testcase classname="ptolemy.util.test.junit.AutoTests" name="[123] /home/travis/build/icyphy/ptII/ptolemy/domains/modal/test/auto/TerminationTransition6.xml (RunModel)" time="0.027" />
  <testcase classname="ptolemy.util.test.junit.AutoTests" name="[124] /home/travis/build/icyphy/ptII/ptolemy/domains/modal/test/auto/TerminationTransition7.xml (RunModel)" time="0.026" />
  <testcase classname="ptolemy.util.test.junit.AutoTests" name="[125] /home/travis/build/icyphy/ptII/ptolemy/domains/modal/test/auto/TerminationTransition8.xml (RunModel)" time="0.036" />
  <testcase classname="ptolemy.util.test.junit.AutoTests" name="[126] /home/travis/build/icyphy/ptII/ptolemy/domains/modal/test/auto/Thermostat_NoHysteresis.xml (RunModel)" time="0.056" />
  <testcase classname="ptolemy.util.test.junit.AutoTests" name="[127] /home/travis/build/icyphy/ptII/ptolemy/domains/modal/test/auto/TimedFSM.xml (RunModel)" time="0.033" />
  <testcase classname="ptolemy.util.test.junit.AutoTests" name="[128] /home/travis/build/icyphy/ptII/ptolemy/domains/modal/test/auto/Timeout1.xml (RunModel)" time="0.013" />
  <testcase classname="ptolemy.util.test.junit.AutoTests" name="[129] /home/travis/build/icyphy/ptII/ptolemy/domains/modal/test/auto/Timeout2.xml (RunModel)" time="0.018" />
  <testcase classname="ptolemy.util.test.junit.AutoTests" name="[130] /home/travis/build/icyphy/ptII/ptolemy/domains/modal/test/auto/Timeout3.xml (RunModel)" time="0.013" />
  <testcase classname="ptolemy.util.test.junit.AutoTests" name="[131] /home/travis/build/icyphy/ptII/ptolemy/domains/modal/test/auto/Timeout4.xml (RunModel)" time="0.012" />
  <testcase classname="ptolemy.util.test.junit.AutoTests" name="[132] /home/travis/build/icyphy/ptII/ptolemy/domains/modal/test/auto/TransientstateModelAdvanced.xml (RunModel)" time="0.03" />
  <testcase classname="ptolemy.util.test.junit.AutoTests" name="[133] /home/travis/build/icyphy/ptII/ptolemy/domains/modal/test/auto/TransientstateModelAdvanced2.xml (RunModel)" time="0.034" />
  <testcase classname="ptolemy.util.test.junit.AutoTests" name="[134] /home/travis/build/icyphy/ptII/ptolemy/domains/modal/test/auto/TransitionRefinements.xml (RunModel)" time="0.024" />
  <testcase classname="ptolemy.util.test.junit.AutoTests" name="[135] /home/travis/build/icyphy/ptII/ptolemy/domains/modal/test/auto/TwoRefinements1.xml (RunModel)" time="0.03" />
  <testcase classname="ptolemy.util.test.junit.AutoTests" name="[136] /home/travis/build/icyphy/ptII/ptolemy/domains/modal/test/auto/TwoRefinements2.xml (RunModel)" time="0.025" />
  <testcase classname="ptolemy.util.test.junit.AutoTests" name="[137] /home/travis/build/icyphy/ptII/ptolemy/domains/modal/test/auto/WeakImmediateTransition.xml (RunModel)" time="0.029" />
  <testcase classname="ptolemy.util.test.junit.AutoTests" name="[138] /home/travis/build/icyphy/ptII/ptolemy/domains/modal/test/auto/booleanSelect.xml (RunModel)" time="0.056" />
  <testcase classname="ptolemy.util.test.junit.AutoTests" name="[139] /home/travis/build/icyphy/ptII/ptolemy/domains/modal/test/auto/modalChangingParams.xml (RunModel)" time="0.245" />
  <testcase classname="ptolemy.util.test.junit.AutoTests" name="[140] /home/travis/build/icyphy/ptII/ptolemy/domains/modal/test/auto/modalModel.xml (RunModel)" time="0.025" />
  <testcase classname="ptolemy.util.test.junit.AutoTests" name="[141] /home/travis/build/icyphy/ptII/ptolemy/domains/modal/test/auto/modalModel2.xml (RunModel)" time="0.039" />
  <testcase classname="ptolemy.util.test.junit.AutoTests" name="[142] /home/travis/build/icyphy/ptII/ptolemy/domains/modal/test/auto/modalModel3.xml (RunModel)" time="0.039" />
  <testcase classname="ptolemy.util.test.junit.AutoTests" name="[143] /home/travis/build/icyphy/ptII/ptolemy/domains/modal/test/auto/model1.xml (RunModel)" time="0.021" />
  <testcase classname="ptolemy.util.test.junit.AutoTests" name="[144] /home/travis/build/icyphy/ptII/ptolemy/domains/modal/test/auto/test-direct-in-out.xml (RunModel)" time="0.02" />
  <system-out><![CDATA[/home/travis/build/icyphy/ptII/ptolemy/domains/modal/test/SystemLevelType.tcl
testDefs.tcl: setting time out to 9000 seconds at Thu May 10 22:00:52 UTC 2018
05/10/18 10:00:54
Failed: 0  Total Tests: 1  ((Passed: 1, Newly Passed: 0)  Known Failed: 0) /home/travis/build/icyphy/ptII/ptolemy/domains/modal/test
----------------- testing (KnownFailure) /home/travis/build/icyphy/ptII/ptolemy/domains/modal/test/auto/knownFailedTests/CannotAnalysisWithPreemption.xml
65 ms. Memory: 208384K Free: 189926K (91%)
Known Failure: java.lang.reflect.InvocationTargetException
No auto/*.xml tests in /home/travis/build/icyphy/ptII/ptolemy/domains/modal/test
AutoTests.java: About to close Vertx.
AutoTests.java: Vertx closed.
----------------- testing Thu May 10 22:00:54 UTC 2018 /home/travis/build/icyphy/ptII/ptolemy/domains/modal/test/auto/ABPTest.xml
----------------- Instantiating /home/travis/build/icyphy/ptII/ptolemy/domains/modal/test/auto/ABPTest.xml
342 ms. Memory: 331776K Free: 290455K (88%)
----------------- Invoking toplevel() on ptolemy.moml.MoMLSimpleApplication@466804af
----------------- Done invoking toplevel() on ptolemy.moml.MoMLSimpleApplication@466804af
reloadAllAccessors: .ABPTest
----------------- testing Thu May 10 22:00:55 UTC 2018 /home/travis/build/icyphy/ptII/ptolemy/domains/modal/test/auto/ABROFlat.xml
----------------- Instantiating /home/travis/build/icyphy/ptII/ptolemy/domains/modal/test/auto/ABROFlat.xml
24 ms. Memory: 331776K Free: 268349K (81%)
----------------- Invoking toplevel() on ptolemy.moml.MoMLSimpleApplication@2b71f138
----------------- Done invoking toplevel() on ptolemy.moml.MoMLSimpleApplication@2b71f138
reloadAllAccessors: .ABROFlat
----------------- testing Thu May 10 22:00:55 UTC 2018 /home/travis/build/icyphy/ptII/ptolemy/domains/modal/test/auto/ABROFlat2.xml
----------------- Instantiating /home/travis/build/icyphy/ptII/ptolemy/domains/modal/test/auto/ABROFlat2.xml
25 ms. Memory: 331776K Free: 250420K (75%)
----------------- Invoking toplevel() on ptolemy.moml.MoMLSimpleApplication@4707e207
----------------- Done invoking toplevel() on ptolemy.moml.MoMLSimpleApplication@4707e207
reloadAllAccessors: .ABROFlat2
----------------- testing Thu May 10 22:00:55 UTC 2018 /home/travis/build/icyphy/ptII/ptolemy/domains/modal/test/auto/ABRO_present_hmm.xml
----------------- Instantiating /home/travis/build/icyphy/ptII/ptolemy/domains/modal/test/auto/ABRO_present_hmm.xml
36 ms. Memory: 331776K Free: 217812K (66%)
----------------- Invoking toplevel() on ptolemy.moml.MoMLSimpleApplication@7e49dde
----------------- Done invoking toplevel() on ptolemy.moml.MoMLSimpleApplication@7e49dde
reloadAllAccessors: .ABRO_present_hmm
----------------- testing Thu May 10 22:00:55 UTC 2018 /home/travis/build/icyphy/ptII/ptolemy/domains/modal/test/auto/AMICoderExample.xml
----------------- Instantiating /home/travis/build/icyphy/ptII/ptolemy/domains/modal/test/auto/AMICoderExample.xml
27 ms. Memory: 331776K Free: 206407K (62%)
----------------- Invoking toplevel() on ptolemy.moml.MoMLSimpleApplication@be55ee9
----------------- Done invoking toplevel() on ptolemy.moml.MoMLSimpleApplication@be55ee9
reloadAllAccessors: .AMICoderExample
----------------- testing Thu May 10 22:00:55 UTC 2018 /home/travis/build/icyphy/ptII/ptolemy/domains/modal/test/auto/AbsentToPresent.xml
----------------- Instantiating /home/travis/build/icyphy/ptII/ptolemy/domains/modal/test/auto/AbsentToPresent.xml
9 ms. Memory: 331776K Free: 198097K (60%)
----------------- Invoking toplevel() on ptolemy.moml.MoMLSimpleApplication@4760b138
----------------- Done invoking toplevel() on ptolemy.moml.MoMLSimpleApplication@4760b138
reloadAllAccessors: .AbsentToPresent
----------------- testing Thu May 10 22:00:55 UTC 2018 /home/travis/build/icyphy/ptII/ptolemy/domains/modal/test/auto/Blending.xml
----------------- Instantiating /home/travis/build/icyphy/ptII/ptolemy/domains/modal/test/auto/Blending.xml
131 ms. Memory: 331776K Free: 147481K (44%)
----------------- Invoking toplevel() on ptolemy.moml.MoMLSimpleApplication@250bc2d1
----------------- Done invoking toplevel() on ptolemy.moml.MoMLSimpleApplication@250bc2d1
reloadAllAccessors: .Blending
----------------- testing Thu May 10 22:00:56 UTC 2018 /home/travis/build/icyphy/ptII/ptolemy/domains/modal/test/auto/Broadcast.xml
----------------- Instantiating /home/travis/build/icyphy/ptII/ptolemy/domains/modal/test/auto/Broadcast.xml
14 ms. Memory: 331776K Free: 134411K (41%)
----------------- Invoking toplevel() on ptolemy.moml.MoMLSimpleApplication@535ed16b
----------------- Done invoking toplevel() on ptolemy.moml.MoMLSimpleApplication@535ed16b
reloadAllAccessors: .Broadcast
----------------- testing Thu May 10 22:00:56 UTC 2018 /home/travis/build/icyphy/ptII/ptolemy/domains/modal/test/auto/BroadcastHierarchy.xml
----------------- Instantiating /home/travis/build/icyphy/ptII/ptolemy/domains/modal/test/auto/BroadcastHierarchy.xml
16 ms. Memory: 331776K Free: 116474K (35%)
----------------- Invoking toplevel() on ptolemy.moml.MoMLSimpleApplication@49c10581
----------------- Done invoking toplevel() on ptolemy.moml.MoMLSimpleApplication@49c10581
reloadAllAccessors: .BroadcastHierarchy
----------------- testing Thu May 10 22:00:56 UTC 2018 /home/travis/build/icyphy/ptII/ptolemy/domains/modal/test/auto/BroadcastHierarchy2.xml
----------------- Instantiating /home/travis/build/icyphy/ptII/ptolemy/domains/modal/test/auto/BroadcastHierarchy2.xml
33 ms. Memory: 331776K Free: 76312K (23%)
----------------- Invoking toplevel() on ptolemy.moml.MoMLSimpleApplication@31458984
----------------- Done invoking toplevel() on ptolemy.moml.MoMLSimpleApplication@31458984
reloadAllAccessors: .BroadcastHierarchy2
----------------- testing Thu May 10 22:00:56 UTC 2018 /home/travis/build/icyphy/ptII/ptolemy/domains/modal/test/auto/BroadcastHierarchy3.xml
----------------- Instantiating /home/travis/build/icyphy/ptII/ptolemy/domains/modal/test/auto/BroadcastHierarchy3.xml
21 ms. Memory: 333824K Free: 291112K (87%)
----------------- Invoking toplevel() on ptolemy.moml.MoMLSimpleApplication@7655d8b8
----------------- Done invoking toplevel() on ptolemy.moml.MoMLSimpleApplication@7655d8b8
reloadAllAccessors: .BroadcastHierarchy3
----------------- testing Thu May 10 22:00:56 UTC 2018 /home/travis/build/icyphy/ptII/ptolemy/domains/modal/test/auto/BroadcastHierarchy4.xml
----------------- Instantiating /home/travis/build/icyphy/ptII/ptolemy/domains/modal/test/auto/BroadcastHierarchy4.xml
21 ms. Memory: 333824K Free: 259277K (78%)
----------------- Invoking toplevel() on ptolemy.moml.MoMLSimpleApplication@3243b03
----------------- Done invoking toplevel() on ptolemy.moml.MoMLSimpleApplication@3243b03
reloadAllAccessors: .BroadcastHierarchy4
----------------- testing Thu May 10 22:00:56 UTC 2018 /home/travis/build/icyphy/ptII/ptolemy/domains/modal/test/auto/CannotAnalysisWithPreemption2.xml
----------------- Instantiating /home/travis/build/icyphy/ptII/ptolemy/domains/modal/test/auto/CannotAnalysisWithPreemption2.xml
5 ms. Memory: 333824K Free: 250730K (75%)
----------------- Invoking toplevel() on ptolemy.moml.MoMLSimpleApplication@65a77ab6
----------------- Done invoking toplevel() on ptolemy.moml.MoMLSimpleApplication@65a77ab6
reloadAllAccessors: .CannotAnalysisWithPreemption2
----------------- testing Thu May 10 22:00:56 UTC 2018 /home/travis/build/icyphy/ptII/ptolemy/domains/modal/test/auto/CannotAnalysisWithPreemption3.xml
----------------- Instantiating /home/travis/build/icyphy/ptII/ptolemy/domains/modal/test/auto/CannotAnalysisWithPreemption3.xml
8 ms. Memory: 333824K Free: 236204K (71%)
----------------- Invoking toplevel() on ptolemy.moml.MoMLSimpleApplication@78aa5215
----------------- Done invoking toplevel() on ptolemy.moml.MoMLSimpleApplication@78aa5215
reloadAllAccessors: .CannotAnalysisWithPreemption3
----------------- testing Thu May 10 22:00:56 UTC 2018 /home/travis/build/icyphy/ptII/ptolemy/domains/modal/test/auto/CannotProduce.xml
----------------- Instantiating /home/travis/build/icyphy/ptII/ptolemy/domains/modal/test/auto/CannotProduce.xml
13 ms. Memory: 333824K Free: 228861K (69%)
----------------- Invoking toplevel() on ptolemy.moml.MoMLSimpleApplication@165fd977
----------------- Done invoking toplevel() on ptolemy.moml.MoMLSimpleApplication@165fd977
reloadAllAccessors: .CannotProduce
----------------- testing Thu May 10 22:00:56 UTC 2018 /home/travis/build/icyphy/ptII/ptolemy/domains/modal/test/auto/CannotProduceModal.xml
----------------- Instantiating /home/travis/build/icyphy/ptII/ptolemy/domains/modal/test/auto/CannotProduceModal.xml
11 ms. Memory: 333824K Free: 220266K (66%)
----------------- Invoking toplevel() on ptolemy.moml.MoMLSimpleApplication@634df619
----------------- Done invoking toplevel() on ptolemy.moml.MoMLSimpleApplication@634df619
reloadAllAccessors: .CannotProduceModal
----------------- testing Thu May 10 22:00:56 UTC 2018 /home/travis/build/icyphy/ptII/ptolemy/domains/modal/test/auto/Case.xml
----------------- Instantiating /home/travis/build/icyphy/ptII/ptolemy/domains/modal/test/auto/Case.xml
42 ms. Memory: 333824K Free: 206806K (62%)
----------------- Invoking toplevel() on ptolemy.moml.MoMLSimpleApplication@7dc8121
----------------- Done invoking toplevel() on ptolemy.moml.MoMLSimpleApplication@7dc8121
reloadAllAccessors: .Case
----------------- testing Thu May 10 22:00:56 UTC 2018 /home/travis/build/icyphy/ptII/ptolemy/domains/modal/test/auto/Case1.xml
----------------- Instantiating /home/travis/build/icyphy/ptII/ptolemy/domains/modal/test/auto/Case1.xml
5 ms. Memory: 333824K Free: 195941K (59%)
----------------- Invoking toplevel() on ptolemy.moml.MoMLSimpleApplication@627741c7
----------------- Done invoking toplevel() on ptolemy.moml.MoMLSimpleApplication@627741c7
reloadAllAccessors: .Case1
----------------- testing Thu May 10 22:00:56 UTC 2018 /home/travis/build/icyphy/ptII/ptolemy/domains/modal/test/auto/Case2.xml
----------------- Instantiating /home/travis/build/icyphy/ptII/ptolemy/domains/modal/test/auto/Case2.xml
27 ms. Memory: 333824K Free: 183675K (55%)
----------------- Invoking toplevel() on ptolemy.moml.MoMLSimpleApplication@5743d2a8
----------------- Done invoking toplevel() on ptolemy.moml.MoMLSimpleApplication@5743d2a8
reloadAllAccessors: .Case2
----------------- testing Thu May 10 22:00:56 UTC 2018 /home/travis/build/icyphy/ptII/ptolemy/domains/modal/test/auto/CausalityInterface1.xml
----------------- Instantiating /home/travis/build/icyphy/ptII/ptolemy/domains/modal/test/auto/CausalityInterface1.xml
4 ms. Memory: 333824K Free: 177582K (53%)
----------------- Invoking toplevel() on ptolemy.moml.MoMLSimpleApplication@61a8bd25
----------------- Done invoking toplevel() on ptolemy.moml.MoMLSimpleApplication@61a8bd25
reloadAllAccessors: .CausalityInterface1
----------------- testing Thu May 10 22:00:56 UTC 2018 /home/travis/build/icyphy/ptII/ptolemy/domains/modal/test/auto/CausalityInterface10.xml
----------------- Instantiating /home/travis/build/icyphy/ptII/ptolemy/domains/modal/test/auto/CausalityInterface10.xml
14 ms. Memory: 333824K Free: 158137K (47%)
----------------- Invoking toplevel() on ptolemy.moml.MoMLSimpleApplication@1ce25cdb
----------------- Done invoking toplevel() on ptolemy.moml.MoMLSimpleApplication@1ce25cdb
reloadAllAccessors: .CausalityInterface10
----------------- testing Thu May 10 22:00:56 UTC 2018 /home/travis/build/icyphy/ptII/ptolemy/domains/modal/test/auto/CausalityInterface11.xml
----------------- Instantiating /home/travis/build/icyphy/ptII/ptolemy/domains/modal/test/auto/CausalityInterface11.xml
5 ms. Memory: 333824K Free: 142207K (43%)
----------------- Invoking toplevel() on ptolemy.moml.MoMLSimpleApplication@7ac7072b
----------------- Done invoking toplevel() on ptolemy.moml.MoMLSimpleApplication@7ac7072b
reloadAllAccessors: .CausalityInterface11
----------------- testing Thu May 10 22:00:57 UTC 2018 /home/travis/build/icyphy/ptII/ptolemy/domains/modal/test/auto/CausalityInterface12.xml
----------------- Instantiating /home/travis/build/icyphy/ptII/ptolemy/domains/modal/test/auto/CausalityInterface12.xml
7 ms. Memory: 333824K Free: 126269K (38%)
----------------- Invoking toplevel() on ptolemy.moml.MoMLSimpleApplication@3f1fef63
----------------- Done invoking toplevel() on ptolemy.moml.MoMLSimpleApplication@3f1fef63
reloadAllAccessors: .CausalityInterface12
----------------- testing Thu May 10 22:00:57 UTC 2018 /home/travis/build/icyphy/ptII/ptolemy/domains/modal/test/auto/CausalityInterface13.xml
----------------- Instantiating /home/travis/build/icyphy/ptII/ptolemy/domains/modal/test/auto/CausalityInterface13.xml
12 ms. Memory: 333824K Free: 106809K (32%)
----------------- Invoking toplevel() on ptolemy.moml.MoMLSimpleApplication@209f5bdc
----------------- Done invoking toplevel() on ptolemy.moml.MoMLSimpleApplication@209f5bdc
reloadAllAccessors: .CausalityInterface13
----------------- testing Thu May 10 22:00:57 UTC 2018 /home/travis/build/icyphy/ptII/ptolemy/domains/modal/test/auto/CausalityInterface14.xml
----------------- Instantiating /home/travis/build/icyphy/ptII/ptolemy/domains/modal/test/auto/CausalityInterface14.xml
10 ms. Memory: 333824K Free: 89637K (27%)
----------------- Invoking toplevel() on ptolemy.moml.MoMLSimpleApplication@78444ef6
----------------- Done invoking toplevel() on ptolemy.moml.MoMLSimpleApplication@78444ef6
reloadAllAccessors: .CausalityInterface14
----------------- testing Thu May 10 22:00:57 UTC 2018 /home/travis/build/icyphy/ptII/ptolemy/domains/modal/test/auto/CausalityInterface2.xml
----------------- Instantiating /home/travis/build/icyphy/ptII/ptolemy/domains/modal/test/auto/CausalityInterface2.xml
3 ms. Memory: 333824K Free: 82309K (25%)
----------------- Invoking toplevel() on ptolemy.moml.MoMLSimpleApplication@48782f7d
----------------- Done invoking toplevel() on ptolemy.moml.MoMLSimpleApplication@48782f7d
reloadAllAccessors: .CausalityInterface2
----------------- testing Thu May 10 22:00:57 UTC 2018 /home/travis/build/icyphy/ptII/ptolemy/domains/modal/test/auto/CausalityInterface3.xml
----------------- Instantiating /home/travis/build/icyphy/ptII/ptolemy/domains/modal/test/auto/CausalityInterface3.xml
2 ms. Memory: 577024K Free: 558940K (97%)
----------------- Invoking toplevel() on ptolemy.moml.MoMLSimpleApplication@3a3a71d8
----------------- Done invoking toplevel() on ptolemy.moml.MoMLSimpleApplication@3a3a71d8
reloadAllAccessors: .CausalityInterface3
----------------- testing Thu May 10 22:00:57 UTC 2018 /home/travis/build/icyphy/ptII/ptolemy/domains/modal/test/auto/CausalityInterface4.xml
----------------- Instantiating /home/travis/build/icyphy/ptII/ptolemy/domains/modal/test/auto/CausalityInterface4.xml
4 ms. Memory: 577024K Free: 545797K (95%)
----------------- Invoking toplevel() on ptolemy.moml.MoMLSimpleApplication@47852dbf
----------------- Done invoking toplevel() on ptolemy.moml.MoMLSimpleApplication@47852dbf
reloadAllAccessors: .CausalityInterface4
----------------- testing Thu May 10 22:00:57 UTC 2018 /home/travis/build/icyphy/ptII/ptolemy/domains/modal/test/auto/CausalityInterface5.xml
----------------- Instantiating /home/travis/build/icyphy/ptII/ptolemy/domains/modal/test/auto/CausalityInterface5.xml
3 ms. Memory: 577024K Free: 533594K (92%)
----------------- Invoking toplevel() on ptolemy.moml.MoMLSimpleApplication@4f39e9fb
----------------- Done invoking toplevel() on ptolemy.moml.MoMLSimpleApplication@4f39e9fb
reloadAllAccessors: .CausalityInterface5
----------------- testing Thu May 10 22:00:57 UTC 2018 /home/travis/build/icyphy/ptII/ptolemy/domains/modal/test/auto/CausalityInterface6.xml
----------------- Instantiating /home/travis/build/icyphy/ptII/ptolemy/domains/modal/test/auto/CausalityInterface6.xml
2 ms. Memory: 577024K Free: 521377K (90%)
----------------- Invoking toplevel() on ptolemy.moml.MoMLSimpleApplication@1137c7eb
----------------- Done invoking toplevel() on ptolemy.moml.MoMLSimpleApplication@1137c7eb
reloadAllAccessors: .CausalityInterface6
----------------- testing Thu May 10 22:00:57 UTC 2018 /home/travis/build/icyphy/ptII/ptolemy/domains/modal/test/auto/CausalityInterface7.xml
----------------- Instantiating /home/travis/build/icyphy/ptII/ptolemy/domains/modal/test/auto/CausalityInterface7.xml
3 ms. Memory: 577024K Free: 509167K (88%)
----------------- Invoking toplevel() on ptolemy.moml.MoMLSimpleApplication@2890b78b
----------------- Done invoking toplevel() on ptolemy.moml.MoMLSimpleApplication@2890b78b
reloadAllAccessors: .CausalityInterface7
----------------- testing Thu May 10 22:00:57 UTC 2018 /home/travis/build/icyphy/ptII/ptolemy/domains/modal/test/auto/CausalityInterface8.xml
----------------- Instantiating /home/travis/build/icyphy/ptII/ptolemy/domains/modal/test/auto/CausalityInterface8.xml
4 ms. Memory: 577024K Free: 493810K (86%)
----------------- Invoking toplevel() on ptolemy.moml.MoMLSimpleApplication@f7088cc
----------------- Done invoking toplevel() on ptolemy.moml.MoMLSimpleApplication@f7088cc
reloadAllAccessors: .CausalityInterface8
----------------- testing Thu May 10 22:00:57 UTC 2018 /home/travis/build/icyphy/ptII/ptolemy/domains/modal/test/auto/CausalityInterface9.xml
----------------- Instantiating /home/travis/build/icyphy/ptII/ptolemy/domains/modal/test/auto/CausalityInterface9.xml
3 ms. Memory: 577024K Free: 481600K (83%)
----------------- Invoking toplevel() on ptolemy.moml.MoMLSimpleApplication@7105dd7c
----------------- Done invoking toplevel() on ptolemy.moml.MoMLSimpleApplication@7105dd7c
reloadAllAccessors: .CausalityInterface9
----------------- testing Thu May 10 22:00:57 UTC 2018 /home/travis/build/icyphy/ptII/ptolemy/domains/modal/test/auto/ChainedTransitions.xml
----------------- Instantiating /home/travis/build/icyphy/ptII/ptolemy/domains/modal/test/auto/ChainedTransitions.xml
102 ms. Memory: 577024K Free: 452297K (78%)
----------------- Invoking toplevel() on ptolemy.moml.MoMLSimpleApplication@16b5387c
----------------- Done invoking toplevel() on ptolemy.moml.MoMLSimpleApplication@16b5387c
reloadAllAccessors: .ChainedTransitions
----------------- testing Thu May 10 22:00:57 UTC 2018 /home/travis/build/icyphy/ptII/ptolemy/domains/modal/test/auto/CycleOfImmediateTransitionsFSM.xml
----------------- Instantiating /home/travis/build/icyphy/ptII/ptolemy/domains/modal/test/auto/CycleOfImmediateTransitionsFSM.xml
4 ms. Memory: 577024K Free: 442517K (77%)
----------------- Invoking toplevel() on ptolemy.moml.MoMLSimpleApplication@2845bf24
----------------- Done invoking toplevel() on ptolemy.moml.MoMLSimpleApplication@2845bf24
reloadAllAccessors: .CycleOfImmediateTransitionsFSM
----------------- testing Thu May 10 22:00:57 UTC 2018 /home/travis/build/icyphy/ptII/ptolemy/domains/modal/test/auto/CycleOfImmediateTransitionsModal.xml
----------------- Instantiating /home/travis/build/icyphy/ptII/ptolemy/domains/modal/test/auto/CycleOfImmediateTransitionsModal.xml
3 ms. Memory: 577024K Free: 429597K (74%)
----------------- Invoking toplevel() on ptolemy.moml.MoMLSimpleApplication@752112a5
----------------- Done invoking toplevel() on ptolemy.moml.MoMLSimpleApplication@752112a5
reloadAllAccessors: .CycleOfImmediateTransitionsModal
----------------- testing Thu May 10 22:00:57 UTC 2018 /home/travis/build/icyphy/ptII/ptolemy/domains/modal/test/auto/CycleOfImmediateTransitionsModal2.xml
----------------- Instantiating /home/travis/build/icyphy/ptII/ptolemy/domains/modal/test/auto/CycleOfImmediateTransitionsModal2.xml
5 ms. Memory: 577024K Free: 419832K (73%)
----------------- Invoking toplevel() on ptolemy.moml.MoMLSimpleApplication@5ba6d4e3
----------------- Done invoking toplevel() on ptolemy.moml.MoMLSimpleApplication@5ba6d4e3
reloadAllAccessors: .CycleOfImmediateTransitionsModal2
----------------- testing Thu May 10 22:00:57 UTC 2018 /home/travis/build/icyphy/ptII/ptolemy/domains/modal/test/auto/CycleOfImmediateTransitionsModal3.xml
----------------- Instantiating /home/travis/build/icyphy/ptII/ptolemy/domains/modal/test/auto/CycleOfImmediateTransitionsModal3.xml
10 ms. Memory: 577024K Free: 390522K (68%)
----------------- Invoking toplevel() on ptolemy.moml.MoMLSimpleApplication@5f053d00
----------------- Done invoking toplevel() on ptolemy.moml.MoMLSimpleApplication@5f053d00
reloadAllAccessors: .CycleOfImmediateTransitionsModal3
----------------- testing Thu May 10 22:00:57 UTC 2018 /home/travis/build/icyphy/ptII/ptolemy/domains/modal/test/auto/DeepModal1.xml
----------------- Instantiating /home/travis/build/icyphy/ptII/ptolemy/domains/modal/test/auto/DeepModal1.xml
22 ms. Memory: 577024K Free: 373414K (65%)
----------------- Invoking toplevel() on ptolemy.moml.MoMLSimpleApplication@5540c0e1
----------------- Done invoking toplevel() on ptolemy.moml.MoMLSimpleApplication@5540c0e1
reloadAllAccessors: .DeepModal1
----------------- testing Thu May 10 22:00:57 UTC 2018 /home/travis/build/icyphy/ptII/ptolemy/domains/modal/test/auto/DeepModal2.xml
----------------- Instantiating /home/travis/build/icyphy/ptII/ptolemy/domains/modal/test/auto/DeepModal2.xml
24 ms. Memory: 577024K Free: 348244K (60%)
----------------- Invoking toplevel() on ptolemy.moml.MoMLSimpleApplication@4681218f
----------------- Done invoking toplevel() on ptolemy.moml.MoMLSimpleApplication@4681218f
reloadAllAccessors: .DeepModal2
----------------- testing Thu May 10 22:00:57 UTC 2018 /home/travis/build/icyphy/ptII/ptolemy/domains/modal/test/auto/DeepModal3.xml
----------------- Instantiating /home/travis/build/icyphy/ptII/ptolemy/domains/modal/test/auto/DeepModal3.xml
26 ms. Memory: 577024K Free: 326246K (57%)
----------------- Invoking toplevel() on ptolemy.moml.MoMLSimpleApplication@3e17b45e
----------------- Done invoking toplevel() on ptolemy.moml.MoMLSimpleApplication@3e17b45e
reloadAllAccessors: .DeepModal3
----------------- testing Thu May 10 22:00:58 UTC 2018 /home/travis/build/icyphy/ptII/ptolemy/domains/modal/test/auto/DeepModal4.xml
----------------- Instantiating /home/travis/build/icyphy/ptII/ptolemy/domains/modal/test/auto/DeepModal4.xml
33 ms. Memory: 577024K Free: 304263K (53%)
----------------- Invoking toplevel() on ptolemy.moml.MoMLSimpleApplication@2aef1fd0
----------------- Done invoking toplevel() on ptolemy.moml.MoMLSimpleApplication@2aef1fd0
reloadAllAccessors: .DeepModal4
----------------- testing Thu May 10 22:00:58 UTC 2018 /home/travis/build/icyphy/ptII/ptolemy/domains/modal/test/auto/Default1.xml
----------------- Instantiating /home/travis/build/icyphy/ptII/ptolemy/domains/modal/test/auto/Default1.xml
3 ms. Memory: 577024K Free: 294491K (51%)
----------------- Invoking toplevel() on ptolemy.moml.MoMLSimpleApplication@1862ff65
----------------- Done invoking toplevel() on ptolemy.moml.MoMLSimpleApplication@1862ff65
reloadAllAccessors: .Default1
----------------- testing Thu May 10 22:00:58 UTC 2018 /home/travis/build/icyphy/ptII/ptolemy/domains/modal/test/auto/Default2.xml
----------------- Instantiating /home/travis/build/icyphy/ptII/ptolemy/domains/modal/test/auto/Default2.xml
2 ms. Memory: 577024K Free: 281563K (49%)
----------------- Invoking toplevel() on ptolemy.moml.MoMLSimpleApplication@1f8c1e78
----------------- Done invoking toplevel() on ptolemy.moml.MoMLSimpleApplication@1f8c1e78
reloadAllAccessors: .Default2
----------------- testing Thu May 10 22:00:58 UTC 2018 /home/travis/build/icyphy/ptII/ptolemy/domains/modal/test/auto/Default3.xml
----------------- Instantiating /home/travis/build/icyphy/ptII/ptolemy/domains/modal/test/auto/Default3.xml
2 ms. Memory: 577024K Free: 271798K (47%)
----------------- Invoking toplevel() on ptolemy.moml.MoMLSimpleApplication@49d7868a
----------------- Done invoking toplevel() on ptolemy.moml.MoMLSimpleApplication@49d7868a
reloadAllAccessors: .Default3
----------------- testing Thu May 10 22:00:58 UTC 2018 /home/travis/build/icyphy/ptII/ptolemy/domains/modal/test/auto/Default4.xml
----------------- Instantiating /home/travis/build/icyphy/ptII/ptolemy/domains/modal/test/auto/Default4.xml
4 ms. Memory: 577024K Free: 262042K (45%)
----------------- Invoking toplevel() on ptolemy.moml.MoMLSimpleApplication@a0d7608
----------------- Done invoking toplevel() on ptolemy.moml.MoMLSimpleApplication@a0d7608
reloadAllAccessors: .Default4
----------------- testing Thu May 10 22:00:58 UTC 2018 /home/travis/build/icyphy/ptII/ptolemy/domains/modal/test/auto/Default5.xml
----------------- Instantiating /home/travis/build/icyphy/ptII/ptolemy/domains/modal/test/auto/Default5.xml
3 ms. Memory: 577024K Free: 252277K (44%)
----------------- Invoking toplevel() on ptolemy.moml.MoMLSimpleApplication@55f7361e
----------------- Done invoking toplevel() on ptolemy.moml.MoMLSimpleApplication@55f7361e
reloadAllAccessors: .Default5
----------------- testing Thu May 10 22:00:58 UTC 2018 /home/travis/build/icyphy/ptII/ptolemy/domains/modal/test/auto/EmptyGuard.xml
----------------- Instantiating /home/travis/build/icyphy/ptII/ptolemy/domains/modal/test/auto/EmptyGuard.xml
12 ms. Memory: 577024K Free: 242529K (42%)
----------------- Invoking toplevel() on ptolemy.moml.MoMLSimpleApplication@11fb5392
----------------- Done invoking toplevel() on ptolemy.moml.MoMLSimpleApplication@11fb5392
reloadAllAccessors: .EmptyGuard
----------------- testing Thu May 10 22:00:58 UTC 2018 /home/travis/build/icyphy/ptII/ptolemy/domains/modal/test/auto/ErrorTransition1.xml
----------------- Instantiating /home/travis/build/icyphy/ptII/ptolemy/domains/modal/test/auto/ErrorTransition1.xml
6 ms. Memory: 577024K Free: 229609K (40%)
----------------- Invoking toplevel() on ptolemy.moml.MoMLSimpleApplication@30867512
----------------- Done invoking toplevel() on ptolemy.moml.MoMLSimpleApplication@30867512
reloadAllAccessors: .ErrorTransition1
----------------- testing Thu May 10 22:00:58 UTC 2018 /home/travis/build/icyphy/ptII/ptolemy/domains/modal/test/auto/ErrorTransition10.xml
----------------- Instantiating /home/travis/build/icyphy/ptII/ptolemy/domains/modal/test/auto/ErrorTransition10.xml
13 ms. Memory: 577024K Free: 212525K (37%)
----------------- Invoking toplevel() on ptolemy.moml.MoMLSimpleApplication@5a9fcb31
----------------- Done invoking toplevel() on ptolemy.moml.MoMLSimpleApplication@5a9fcb31
reloadAllAccessors: .ErrorTransition10
----------------- testing Thu May 10 22:00:58 UTC 2018 /home/travis/build/icyphy/ptII/ptolemy/domains/modal/test/auto/ErrorTransition11.xml
----------------- Instantiating /home/travis/build/icyphy/ptII/ptolemy/domains/modal/test/auto/ErrorTransition11.xml
4 ms. Memory: 577024K Free: 197885K (34%)
----------------- Invoking toplevel() on ptolemy.moml.MoMLSimpleApplication@7ebba776
----------------- Done invoking toplevel() on ptolemy.moml.MoMLSimpleApplication@7ebba776
reloadAllAccessors: .ErrorTransition11
----------------- testing Thu May 10 22:00:58 UTC 2018 /home/travis/build/icyphy/ptII/ptolemy/domains/modal/test/auto/ErrorTransition2.xml
----------------- Instantiating /home/travis/build/icyphy/ptII/ptolemy/domains/modal/test/auto/ErrorTransition2.xml
6 ms. Memory: 577024K Free: 188137K (33%)
----------------- Invoking toplevel() on ptolemy.moml.MoMLSimpleApplication@1ad3f1e7
----------------- Done invoking toplevel() on ptolemy.moml.MoMLSimpleApplication@1ad3f1e7
reloadAllAccessors: .ErrorTransition2
----------------- testing Thu May 10 22:00:58 UTC 2018 /home/travis/build/icyphy/ptII/ptolemy/domains/modal/test/auto/ErrorTransition3.xml
----------------- Instantiating /home/travis/build/icyphy/ptII/ptolemy/domains/modal/test/auto/ErrorTransition3.xml
11 ms. Memory: 577024K Free: 172780K (30%)
----------------- Invoking toplevel() on ptolemy.moml.MoMLSimpleApplication@2bb33d47
----------------- Done invoking toplevel() on ptolemy.moml.MoMLSimpleApplication@2bb33d47
reloadAllAccessors: .ErrorTransition3
----------------- testing Thu May 10 22:00:58 UTC 2018 /home/travis/build/icyphy/ptII/ptolemy/domains/modal/test/auto/ErrorTransition4.xml
----------------- Instantiating /home/travis/build/icyphy/ptII/ptolemy/domains/modal/test/auto/ErrorTransition4.xml
11 ms. Memory: 577024K Free: 160562K (28%)
----------------- Invoking toplevel() on ptolemy.moml.MoMLSimpleApplication@3b253d38
----------------- Done invoking toplevel() on ptolemy.moml.MoMLSimpleApplication@3b253d38
reloadAllAccessors: .ErrorTransition4
----------------- testing Thu May 10 22:00:58 UTC 2018 /home/travis/build/icyphy/ptII/ptolemy/domains/modal/test/auto/ErrorTransition5.xml
----------------- Instantiating /home/travis/build/icyphy/ptII/ptolemy/domains/modal/test/auto/ErrorTransition5.xml
5 ms. Memory: 577024K Free: 148344K (26%)
----------------- Invoking toplevel() on ptolemy.moml.MoMLSimpleApplication@b00479f
----------------- Done invoking toplevel() on ptolemy.moml.MoMLSimpleApplication@b00479f
reloadAllAccessors: .ErrorTransition5
----------------- testing Thu May 10 22:00:58 UTC 2018 /home/travis/build/icyphy/ptII/ptolemy/domains/modal/test/auto/ErrorTransition6.xml
----------------- Instantiating /home/travis/build/icyphy/ptII/ptolemy/domains/modal/test/auto/ErrorTransition6.xml
10 ms. Memory: 577024K Free: 136126K (24%)
----------------- Invoking toplevel() on ptolemy.moml.MoMLSimpleApplication@18376cac
----------------- Done invoking toplevel() on ptolemy.moml.MoMLSimpleApplication@18376cac
reloadAllAccessors: .ErrorTransition6
----------------- testing Thu May 10 22:00:58 UTC 2018 /home/travis/build/icyphy/ptII/ptolemy/domains/modal/test/auto/ErrorTransition7.xml
----------------- Instantiating /home/travis/build/icyphy/ptII/ptolemy/domains/modal/test/auto/ErrorTransition7.xml
16 ms. Memory: 577024K Free: 115863K (20%)
----------------- Invoking toplevel() on ptolemy.moml.MoMLSimpleApplication@28a05465
----------------- Done invoking toplevel() on ptolemy.moml.MoMLSimpleApplication@28a05465
reloadAllAccessors: .ErrorTransition7
----------------- testing Thu May 10 22:00:58 UTC 2018 /home/travis/build/icyphy/ptII/ptolemy/domains/modal/test/auto/ErrorTransition8.xml
----------------- Instantiating /home/travis/build/icyphy/ptII/ptolemy/domains/modal/test/auto/ErrorTransition8.xml
47 ms. Memory: 577024K Free: 98786K (17%)
----------------- Invoking toplevel() on ptolemy.moml.MoMLSimpleApplication@70adf175
----------------- Done invoking toplevel() on ptolemy.moml.MoMLSimpleApplication@70adf175
reloadAllAccessors: .ErrorTransition8
----------------- testing Thu May 10 22:00:58 UTC 2018 /home/travis/build/icyphy/ptII/ptolemy/domains/modal/test/auto/ErrorTransition9.xml
----------------- Instantiating /home/travis/build/icyphy/ptII/ptolemy/domains/modal/test/auto/ErrorTransition9.xml
13 ms. Memory: 577024K Free: 81686K (14%)
----------------- Invoking toplevel() on ptolemy.moml.MoMLSimpleApplication@4ed6132d
----------------- Done invoking toplevel() on ptolemy.moml.MoMLSimpleApplication@4ed6132d
reloadAllAccessors: .ErrorTransition9
----------------- testing Thu May 10 22:00:58 UTC 2018 /home/travis/build/icyphy/ptII/ptolemy/domains/modal/test/auto/ExtendedFSM.xml
----------------- Instantiating /home/travis/build/icyphy/ptII/ptolemy/domains/modal/test/auto/ExtendedFSM.xml
5 ms. Memory: 577024K Free: 559455K (97%)
----------------- Invoking toplevel() on ptolemy.moml.MoMLSimpleApplication@716a25d7
----------------- Done invoking toplevel() on ptolemy.moml.MoMLSimpleApplication@716a25d7
reloadAllAccessors: .ExtendedFSM
----------------- testing Thu May 10 22:00:58 UTC 2018 /home/travis/build/icyphy/ptII/ptolemy/domains/modal/test/auto/FinalStates.xml
----------------- Instantiating /home/travis/build/icyphy/ptII/ptolemy/domains/modal/test/auto/FinalStates.xml
5 ms. Memory: 577024K Free: 547483K (95%)
----------------- Invoking toplevel() on ptolemy.moml.MoMLSimpleApplication@259d74a0
----------------- Done invoking toplevel() on ptolemy.moml.MoMLSimpleApplication@259d74a0
reloadAllAccessors: .FinalStates
----------------- testing Thu May 10 22:00:58 UTC 2018 /home/travis/build/icyphy/ptII/ptolemy/domains/modal/test/auto/FixedPointFSM.xml
----------------- Instantiating /home/travis/build/icyphy/ptII/ptolemy/domains/modal/test/auto/FixedPointFSM.xml
17 ms. Memory: 577024K Free: 530243K (92%)
----------------- Invoking toplevel() on ptolemy.moml.MoMLSimpleApplication@5e21f242
----------------- Done invoking toplevel() on ptolemy.moml.MoMLSimpleApplication@5e21f242
reloadAllAccessors: .FixedPointFSM
----------------- testing Thu May 10 22:00:58 UTC 2018 /home/travis/build/icyphy/ptII/ptolemy/domains/modal/test/auto/FixedPointIterationFSMActor.xml
----------------- Instantiating /home/travis/build/icyphy/ptII/ptolemy/domains/modal/test/auto/FixedPointIterationFSMActor.xml
7 ms. Memory: 577024K Free: 515826K (89%)
----------------- Invoking toplevel() on ptolemy.moml.MoMLSimpleApplication@33654e3a
----------------- Done invoking toplevel() on ptolemy.moml.MoMLSimpleApplication@33654e3a
reloadAllAccessors: .FixedPointIterationFSMActor
----------------- testing Thu May 10 22:00:58 UTC 2018 /home/travis/build/icyphy/ptII/ptolemy/domains/modal/test/auto/FixedPointIterationFSMActor2.xml
----------------- Instantiating /home/travis/build/icyphy/ptII/ptolemy/domains/modal/test/auto/FixedPointIterationFSMActor2.xml
17 ms. Memory: 577024K Free: 501163K (87%)
----------------- Invoking toplevel() on ptolemy.moml.MoMLSimpleApplication@110535f7
----------------- Done invoking toplevel() on ptolemy.moml.MoMLSimpleApplication@110535f7
reloadAllAccessors: .FixedPointIterationFSMActor2
----------------- testing Thu May 10 22:00:58 UTC 2018 /home/travis/build/icyphy/ptII/ptolemy/domains/modal/test/auto/ForbiddenInstantanousLoop.xml
----------------- Instantiating /home/travis/build/icyphy/ptII/ptolemy/domains/modal/test/auto/ForbiddenInstantanousLoop.xml
8 ms. Memory: 577024K Free: 486508K (84%)
----------------- Invoking toplevel() on ptolemy.moml.MoMLSimpleApplication@fb1ce12
----------------- Done invoking toplevel() on ptolemy.moml.MoMLSimpleApplication@fb1ce12
reloadAllAccessors: .ForbiddenInstantanousLoop
----------------- testing Thu May 10 22:00:59 UTC 2018 /home/travis/build/icyphy/ptII/ptolemy/domains/modal/test/auto/FunctionDependencyOfFSMActorTest.xml
----------------- Instantiating /home/travis/build/icyphy/ptII/ptolemy/domains/modal/test/auto/FunctionDependencyOfFSMActorTest.xml
12 ms. Memory: 577024K Free: 476973K (83%)
----------------- Invoking toplevel() on ptolemy.moml.MoMLSimpleApplication@220175ee
----------------- Done invoking toplevel() on ptolemy.moml.MoMLSimpleApplication@220175ee
reloadAllAccessors: .FunctionDependencyOfFSMActorTest
----------------- testing Thu May 10 22:00:59 UTC 2018 /home/travis/build/icyphy/ptII/ptolemy/domains/modal/test/auto/GuardExpression.xml
----------------- Instantiating /home/travis/build/icyphy/ptII/ptolemy/domains/modal/test/auto/GuardExpression.xml
2 ms. Memory: 577024K Free: 469646K (81%)
----------------- Invoking toplevel() on ptolemy.moml.MoMLSimpleApplication@6098b1b3
----------------- Done invoking toplevel() on ptolemy.moml.MoMLSimpleApplication@6098b1b3
reloadAllAccessors: .GuardExpression
----------------- testing Thu May 10 22:00:59 UTC 2018 /home/travis/build/icyphy/ptII/ptolemy/domains/modal/test/auto/GuardNotEvaluated.xml
----------------- Instantiating /home/travis/build/icyphy/ptII/ptolemy/domains/modal/test/auto/GuardNotEvaluated.xml
11 ms. Memory: 577024K Free: 459897K (80%)
----------------- Invoking toplevel() on ptolemy.moml.MoMLSimpleApplication@32f02e5
----------------- Done invoking toplevel() on ptolemy.moml.MoMLSimpleApplication@32f02e5
reloadAllAccessors: .GuardNotEvaluated
----------------- testing Thu May 10 22:00:59 UTC 2018 /home/travis/build/icyphy/ptII/ptolemy/domains/modal/test/auto/GuardNotEvaluated2.xml
----------------- Instantiating /home/travis/build/icyphy/ptII/ptolemy/domains/modal/test/auto/GuardNotEvaluated2.xml
6 ms. Memory: 577024K Free: 447941K (78%)
----------------- Invoking toplevel() on ptolemy.moml.MoMLSimpleApplication@190e9227
----------------- Done invoking toplevel() on ptolemy.moml.MoMLSimpleApplication@190e9227
reloadAllAccessors: .GuardNotEvaluated2
----------------- testing Thu May 10 22:00:59 UTC 2018 /home/travis/build/icyphy/ptII/ptolemy/domains/modal/test/auto/GuardOnAbsent.xml
----------------- Instantiating /home/travis/build/icyphy/ptII/ptolemy/domains/modal/test/auto/GuardOnAbsent.xml
10 ms. Memory: 577024K Free: 438160K (76%)
----------------- Invoking toplevel() on ptolemy.moml.MoMLSimpleApplication@b7a4c03
----------------- Done invoking toplevel() on ptolemy.moml.MoMLSimpleApplication@b7a4c03
reloadAllAccessors: .GuardOnAbsent
----------------- testing Thu May 10 22:00:59 UTC 2018 /home/travis/build/icyphy/ptII/ptolemy/domains/modal/test/auto/HierarchicalFSMTypeInference.xml
----------------- Instantiating /home/travis/build/icyphy/ptII/ptolemy/domains/modal/test/auto/HierarchicalFSMTypeInference.xml
8 ms. Memory: 577024K Free: 423505K (73%)
----------------- Invoking toplevel() on ptolemy.moml.MoMLSimpleApplication@c21a2c8
----------------- Done invoking toplevel() on ptolemy.moml.MoMLSimpleApplication@c21a2c8
reloadAllAccessors: .HierarchicalFSMTypeInference
----------------- testing Thu May 10 22:00:59 UTC 2018 /home/travis/build/icyphy/ptII/ptolemy/domains/modal/test/auto/Hysteresis.xml
----------------- Instantiating /home/travis/build/icyphy/ptII/ptolemy/domains/modal/test/auto/Hysteresis.xml
12 ms. Memory: 577024K Free: 404213K (70%)
----------------- Invoking toplevel() on ptolemy.moml.MoMLSimpleApplication@5e2b64a9
----------------- Done invoking toplevel() on ptolemy.moml.MoMLSimpleApplication@5e2b64a9
reloadAllAccessors: .Hysteresis
----------------- testing Thu May 10 22:00:59 UTC 2018 /home/travis/build/icyphy/ptII/ptolemy/domains/modal/test/auto/HysteresisWithDefault.xml
----------------- Instantiating /home/travis/build/icyphy/ptII/ptolemy/domains/modal/test/auto/HysteresisWithDefault.xml
32 ms. Memory: 577024K Free: 377325K (65%)
----------------- Invoking toplevel() on ptolemy.moml.MoMLSimpleApplication@43d425b6
----------------- Done invoking toplevel() on ptolemy.moml.MoMLSimpleApplication@43d425b6
reloadAllAccessors: .HysteresisWithDefault
----------------- testing Thu May 10 22:00:59 UTC 2018 /home/travis/build/icyphy/ptII/ptolemy/domains/modal/test/auto/HysteresisWithDefault2.xml
----------------- Instantiating /home/travis/build/icyphy/ptII/ptolemy/domains/modal/test/auto/HysteresisWithDefault2.xml
40 ms. Memory: 577024K Free: 343306K (59%)
----------------- Invoking toplevel() on ptolemy.moml.MoMLSimpleApplication@4fba63b6
----------------- Done invoking toplevel() on ptolemy.moml.MoMLSimpleApplication@4fba63b6
reloadAllAccessors: .HysteresisWithDefault2
----------------- testing Thu May 10 22:00:59 UTC 2018 /home/travis/build/icyphy/ptII/ptolemy/domains/modal/test/auto/ImmediateNonConstructiveness.xml
----------------- Instantiating /home/travis/build/icyphy/ptII/ptolemy/domains/modal/test/auto/ImmediateNonConstructiveness.xml
3 ms. Memory: 577024K Free: 333557K (58%)
----------------- Invoking toplevel() on ptolemy.moml.MoMLSimpleApplication@3370f2d1
----------------- Done invoking toplevel() on ptolemy.moml.MoMLSimpleApplication@3370f2d1
reloadAllAccessors: .ImmediateNonConstructiveness
----------------- testing Thu May 10 22:00:59 UTC 2018 /home/travis/build/icyphy/ptII/ptolemy/domains/modal/test/auto/ImmediateNonConstructiveness2.xml
----------------- Instantiating /home/travis/build/icyphy/ptII/ptolemy/domains/modal/test/auto/ImmediateNonConstructiveness2.xml
2 ms. Memory: 577024K Free: 323800K (56%)
----------------- Invoking toplevel() on ptolemy.moml.MoMLSimpleApplication@6b4ad94
----------------- Done invoking toplevel() on ptolemy.moml.MoMLSimpleApplication@6b4ad94
reloadAllAccessors: .ImmediateNonConstructiveness2
----------------- testing Thu May 10 22:00:59 UTC 2018 /home/travis/build/icyphy/ptII/ptolemy/domains/modal/test/auto/ImmediateTransitionReset.xml
----------------- Instantiating /home/travis/build/icyphy/ptII/ptolemy/domains/modal/test/auto/ImmediateTransitionReset.xml
6 ms. Memory: 577024K Free: 306930K (53%)
----------------- Invoking toplevel() on ptolemy.moml.MoMLSimpleApplication@161b97e
----------------- Done invoking toplevel() on ptolemy.moml.MoMLSimpleApplication@161b97e
reloadAllAccessors: .ImmediateTransitionReset
----------------- testing Thu May 10 22:00:59 UTC 2018 /home/travis/build/icyphy/ptII/ptolemy/domains/modal/test/auto/ImmediateTransitions1.xml
----------------- Instantiating /home/travis/build/icyphy/ptII/ptolemy/domains/modal/test/auto/ImmediateTransitions1.xml
2 ms. Memory: 577024K Free: 299619K (52%)
----------------- Invoking toplevel() on ptolemy.moml.MoMLSimpleApplication@72baf89d
----------------- Done invoking toplevel() on ptolemy.moml.MoMLSimpleApplication@72baf89d
reloadAllAccessors: .ImmediateTransitions1
----------------- testing Thu May 10 22:00:59 UTC 2018 /home/travis/build/icyphy/ptII/ptolemy/domains/modal/test/auto/ImmediateTransitionsInstantaneousCommunication.xml
----------------- Instantiating /home/travis/build/icyphy/ptII/ptolemy/domains/modal/test/auto/ImmediateTransitionsInstantaneousCommunication.xml
5 ms. Memory: 577024K Free: 284972K (49%)
----------------- Invoking toplevel() on ptolemy.moml.MoMLSimpleApplication@1004d364
----------------- Done invoking toplevel() on ptolemy.moml.MoMLSimpleApplication@1004d364
reloadAllAccessors: .ImmediateTransitionsInstantaneousCommunication
----------------- testing Thu May 10 22:00:59 UTC 2018 /home/travis/build/icyphy/ptII/ptolemy/domains/modal/test/auto/InitialImmediateTransition.xml
----------------- Instantiating /home/travis/build/icyphy/ptII/ptolemy/domains/modal/test/auto/InitialImmediateTransition.xml
3 ms. Memory: 577024K Free: 272999K (47%)
----------------- Invoking toplevel() on ptolemy.moml.MoMLSimpleApplication@34fc7929
----------------- Done invoking toplevel() on ptolemy.moml.MoMLSimpleApplication@34fc7929
reloadAllAccessors: .InitialImmediateTransition
----------------- testing Thu May 10 22:00:59 UTC 2018 /home/travis/build/icyphy/ptII/ptolemy/domains/modal/test/auto/InitialOutputs.xml
----------------- Instantiating /home/travis/build/icyphy/ptII/ptolemy/domains/modal/test/auto/InitialOutputs.xml
2 ms. Memory: 577024K Free: 263226K (46%)
----------------- Invoking toplevel() on ptolemy.moml.MoMLSimpleApplication@73020714
----------------- Done invoking toplevel() on ptolemy.moml.MoMLSimpleApplication@73020714
reloadAllAccessors: .InitialOutputs
----------------- testing Thu May 10 22:00:59 UTC 2018 /home/travis/build/icyphy/ptII/ptolemy/domains/modal/test/auto/InitialStateTransition1.xml
----------------- Instantiating /home/travis/build/icyphy/ptII/ptolemy/domains/modal/test/auto/InitialStateTransition1.xml
2 ms. Memory: 577024K Free: 253462K (44%)
----------------- Invoking toplevel() on ptolemy.moml.MoMLSimpleApplication@7d31e7c1
----------------- Done invoking toplevel() on ptolemy.moml.MoMLSimpleApplication@7d31e7c1
reloadAllAccessors: .InitialStateTransition1
----------------- testing Thu May 10 22:00:59 UTC 2018 /home/travis/build/icyphy/ptII/ptolemy/domains/modal/test/auto/InitialStateTransition2.xml
----------------- Instantiating /home/travis/build/icyphy/ptII/ptolemy/domains/modal/test/auto/InitialStateTransition2.xml
.InitialStateTransition2.TestExceptionAttributeNonConstructive: initialize() was not invoked, but wrapup() was.  This is unusual, but not always a problem.  For example, exporting JNLP will do this.
1 ms. Memory: 577024K Free: 241497K (42%)
----------------- Invoking toplevel() on ptolemy.moml.MoMLSimpleApplication@3cc74183
----------------- Done invoking toplevel() on ptolemy.moml.MoMLSimpleApplication@3cc74183
reloadAllAccessors: .InitialStateTransition2
----------------- testing Thu May 10 22:00:59 UTC 2018 /home/travis/build/icyphy/ptII/ptolemy/domains/modal/test/auto/InitialStateTransition3.xml
----------------- Instantiating /home/travis/build/icyphy/ptII/ptolemy/domains/modal/test/auto/InitialStateTransition3.xml
4 ms. Memory: 577024K Free: 229280K (40%)
----------------- Invoking toplevel() on ptolemy.moml.MoMLSimpleApplication@70451b89
----------------- Done invoking toplevel() on ptolemy.moml.MoMLSimpleApplication@70451b89
reloadAllAccessors: .InitialStateTransition3
----------------- testing Thu May 10 22:00:59 UTC 2018 /home/travis/build/icyphy/ptII/ptolemy/domains/modal/test/auto/InitialStateTransition4.xml
----------------- Instantiating /home/travis/build/icyphy/ptII/ptolemy/domains/modal/test/auto/InitialStateTransition4.xml
3 ms. Memory: 577024K Free: 214870K (37%)
----------------- Invoking toplevel() on ptolemy.moml.MoMLSimpleApplication@60f086e
----------------- Done invoking toplevel() on ptolemy.moml.MoMLSimpleApplication@60f086e
reloadAllAccessors: .InitialStateTransition4
----------------- testing Thu May 10 22:00:59 UTC 2018 /home/travis/build/icyphy/ptII/ptolemy/domains/modal/test/auto/MalformedGuardExpressionNotCaught.xml
----------------- Instantiating /home/travis/build/icyphy/ptII/ptolemy/domains/modal/test/auto/MalformedGuardExpressionNotCaught.xml
3 ms. Memory: 577024K Free: 205106K (36%)
----------------- Invoking toplevel() on ptolemy.moml.MoMLSimpleApplication@3dde1100
----------------- Done invoking toplevel() on ptolemy.moml.MoMLSimpleApplication@3dde1100
reloadAllAccessors: .MalformedGuardExpressionNotCaught
----------------- testing Thu May 10 22:00:59 UTC 2018 /home/travis/build/icyphy/ptII/ptolemy/domains/modal/test/auto/ModalBSC.xml
----------------- Instantiating /home/travis/build/icyphy/ptII/ptolemy/domains/modal/test/auto/ModalBSC.xml
40 ms. Memory: 577024K Free: 173383K (30%)
----------------- Invoking toplevel() on ptolemy.moml.MoMLSimpleApplication@fc1ab57
----------------- Done invoking toplevel() on ptolemy.moml.MoMLSimpleApplication@fc1ab57
reloadAllAccessors: .ModalBSC
----------------- testing Thu May 10 22:00:59 UTC 2018 /home/travis/build/icyphy/ptII/ptolemy/domains/modal/test/auto/ModalClocks.xml
----------------- Instantiating /home/travis/build/icyphy/ptII/ptolemy/domains/modal/test/auto/ModalClocks.xml
42 ms. Memory: 577024K Free: 144286K (25%)
----------------- Invoking toplevel() on ptolemy.moml.MoMLSimpleApplication@a4e3865
----------------- Done invoking toplevel() on ptolemy.moml.MoMLSimpleApplication@a4e3865
reloadAllAccessors: .ModalClocks
----------------- testing Thu May 10 22:00:59 UTC 2018 /home/travis/build/icyphy/ptII/ptolemy/domains/modal/test/auto/ModalDelay.xml
----------------- Instantiating /home/travis/build/icyphy/ptII/ptolemy/domains/modal/test/auto/ModalDelay.xml
15 ms. Memory: 577024K Free: 127186K (22%)
----------------- Invoking toplevel() on ptolemy.moml.MoMLSimpleApplication@70bc6c22
----------------- Done invoking toplevel() on ptolemy.moml.MoMLSimpleApplication@70bc6c22
reloadAllAccessors: .ModalDelay
----------------- testing Thu May 10 22:00:59 UTC 2018 /home/travis/build/icyphy/ptII/ptolemy/domains/modal/test/auto/ModalDelay2.xml
----------------- Instantiating /home/travis/build/icyphy/ptII/ptolemy/domains/modal/test/auto/ModalDelay2.xml
14 ms. Memory: 577024K Free: 110093K (19%)
----------------- Invoking toplevel() on ptolemy.moml.MoMLSimpleApplication@517b30ff
----------------- Done invoking toplevel() on ptolemy.moml.MoMLSimpleApplication@517b30ff
reloadAllAccessors: .ModalDelay2
----------------- testing Thu May 10 22:00:59 UTC 2018 /home/travis/build/icyphy/ptII/ptolemy/domains/modal/test/auto/ModalModelFromMemo.xml
----------------- Instantiating /home/travis/build/icyphy/ptII/ptolemy/domains/modal/test/auto/ModalModelFromMemo.xml
16 ms. Memory: 577024K Free: 83490K (14%)
----------------- Invoking toplevel() on ptolemy.moml.MoMLSimpleApplication@62e65c03
----------------- Done invoking toplevel() on ptolemy.moml.MoMLSimpleApplication@62e65c03
reloadAllAccessors: .ModalModelFromMemo
----------------- testing Thu May 10 22:01:00 UTC 2018 /home/travis/build/icyphy/ptII/ptolemy/domains/modal/test/auto/ModalModelWithMultirateTransient.xml
----------------- Instantiating /home/travis/build/icyphy/ptII/ptolemy/domains/modal/test/auto/ModalModelWithMultirateTransient.xml
16 ms. Memory: 870400K Free: 847514K (97%)
----------------- Invoking toplevel() on ptolemy.moml.MoMLSimpleApplication@53c44f60
----------------- Done invoking toplevel() on ptolemy.moml.MoMLSimpleApplication@53c44f60
reloadAllAccessors: .ModalModelWithMultirateTransient
----------------- testing Thu May 10 22:01:00 UTC 2018 /home/travis/build/icyphy/ptII/ptolemy/domains/modal/test/auto/ModalModelWithReset.xml
----------------- Instantiating /home/travis/build/icyphy/ptII/ptolemy/domains/modal/test/auto/ModalModelWithReset.xml
19 ms. Memory: 870400K Free: 829128K (95%)
----------------- Invoking toplevel() on ptolemy.moml.MoMLSimpleApplication@43a0062f
----------------- Done invoking toplevel() on ptolemy.moml.MoMLSimpleApplication@43a0062f
reloadAllAccessors: .ModalModelWithReset
----------------- testing Thu May 10 22:01:00 UTC 2018 /home/travis/build/icyphy/ptII/ptolemy/domains/modal/test/auto/MouseClickFSM.xml
----------------- Instantiating /home/travis/build/icyphy/ptII/ptolemy/domains/modal/test/auto/MouseClickFSM.xml
17 ms. Memory: 870400K Free: 803094K (92%)
----------------- Invoking toplevel() on ptolemy.moml.MoMLSimpleApplication@1ee64cd
----------------- Done invoking toplevel() on ptolemy.moml.MoMLSimpleApplication@1ee64cd
reloadAllAccessors: .MouseClickFSM
----------------- testing Thu May 10 22:01:00 UTC 2018 /home/travis/build/icyphy/ptII/ptolemy/domains/modal/test/auto/MouseClickFSMModal.xml
----------------- Instantiating /home/travis/build/icyphy/ptII/ptolemy/domains/modal/test/auto/MouseClickFSMModal.xml
9 ms. Memory: 870400K Free: 787473K (90%)
----------------- Invoking toplevel() on ptolemy.moml.MoMLSimpleApplication@64f38050
----------------- Done invoking toplevel() on ptolemy.moml.MoMLSimpleApplication@64f38050
reloadAllAccessors: .MouseClickFSMModal
----------------- testing Thu May 10 22:01:00 UTC 2018 /home/travis/build/icyphy/ptII/ptolemy/domains/modal/test/auto/NonStrictFSM_FeedbackLoop.xml
----------------- Instantiating /home/travis/build/icyphy/ptII/ptolemy/domains/modal/test/auto/NonStrictFSM_FeedbackLoop.xml
25 ms. Memory: 870400K Free: 753651K (87%)
----------------- Invoking toplevel() on ptolemy.moml.MoMLSimpleApplication@36e13f39
----------------- Done invoking toplevel() on ptolemy.moml.MoMLSimpleApplication@36e13f39
reloadAllAccessors: .NonStrictFSM_FeedbackLoop
----------------- testing Thu May 10 22:01:00 UTC 2018 /home/travis/build/icyphy/ptII/ptolemy/domains/modal/test/auto/NonStrictFSM_FeedbackLoop_Refinement.xml
----------------- Instantiating /home/travis/build/icyphy/ptII/ptolemy/domains/modal/test/auto/NonStrictFSM_FeedbackLoop_Refinement.xml
42 ms. Memory: 870400K Free: 717221K (82%)
----------------- Invoking toplevel() on ptolemy.moml.MoMLSimpleApplication@308eb43
----------------- Done invoking toplevel() on ptolemy.moml.MoMLSimpleApplication@308eb43
reloadAllAccessors: .NonStrictFSM_FeedbackLoop_Refinement
----------------- testing Thu May 10 22:01:00 UTC 2018 /home/travis/build/icyphy/ptII/ptolemy/domains/modal/test/auto/NonStrictFSM_FeedbackLoop_preemptive.xml
----------------- Instantiating /home/travis/build/icyphy/ptII/ptolemy/domains/modal/test/auto/NonStrictFSM_FeedbackLoop_preemptive.xml
14 ms. Memory: 870400K Free: 680792K (78%)
----------------- Invoking toplevel() on ptolemy.moml.MoMLSimpleApplication@54d7b2c5
----------------- Done invoking toplevel() on ptolemy.moml.MoMLSimpleApplication@54d7b2c5
reloadAllAccessors: .NonStrictFSM_FeedbackLoop_preemptive
----------------- testing Thu May 10 22:01:00 UTC 2018 /home/travis/build/icyphy/ptII/ptolemy/domains/modal/test/auto/NormalTermination.xml
----------------- Instantiating /home/travis/build/icyphy/ptII/ptolemy/domains/modal/test/auto/NormalTermination.xml
4 ms. Memory: 870400K Free: 652156K (75%)
----------------- Invoking toplevel() on ptolemy.moml.MoMLSimpleApplication@59c54ad0
----------------- Done invoking toplevel() on ptolemy.moml.MoMLSimpleApplication@59c54ad0
reloadAllAccessors: .NormalTermination
----------------- testing Thu May 10 22:01:00 UTC 2018 /home/travis/build/icyphy/ptII/ptolemy/domains/modal/test/auto/Pong.xml
----------------- Instantiating /home/travis/build/icyphy/ptII/ptolemy/domains/modal/test/auto/Pong.xml
54 ms. Memory: 870400K Free: 626130K (72%)
----------------- Invoking toplevel() on ptolemy.moml.MoMLSimpleApplication@5b841c45
----------------- Done invoking toplevel() on ptolemy.moml.MoMLSimpleApplication@5b841c45
reloadAllAccessors: .Pong
[...]
2 ms. Memory: 870400K Free: 230364K (26%)
----------------- Invoking toplevel() on ptolemy.moml.MoMLSimpleApplication@463df1bc
----------------- Done invoking toplevel() on ptolemy.moml.MoMLSimpleApplication@463df1bc
reloadAllAccessors: .StrongImmediateTransition
----------------- testing Thu May 10 22:01:01 UTC 2018 /home/travis/build/icyphy/ptII/ptolemy/domains/modal/test/auto/SustainHierarchy.xml
----------------- Instantiating /home/travis/build/icyphy/ptII/ptolemy/domains/modal/test/auto/SustainHierarchy.xml
6 ms. Memory: 870400K Free: 209548K (24%)
----------------- Invoking toplevel() on ptolemy.moml.MoMLSimpleApplication@73e06a4c
----------------- Done invoking toplevel() on ptolemy.moml.MoMLSimpleApplication@73e06a4c
reloadAllAccessors: .SustainHierarchy
----------------- testing Thu May 10 22:01:01 UTC 2018 /home/travis/build/icyphy/ptII/ptolemy/domains/modal/test/auto/TerminationTransition1.xml
----------------- Instantiating /home/travis/build/icyphy/ptII/ptolemy/domains/modal/test/auto/TerminationTransition1.xml
2 ms. Memory: 870400K Free: 193926K (22%)
----------------- Invoking toplevel() on ptolemy.moml.MoMLSimpleApplication@ea234d5
----------------- Done invoking toplevel() on ptolemy.moml.MoMLSimpleApplication@ea234d5
reloadAllAccessors: .TerminationTransition1
----------------- testing Thu May 10 22:01:01 UTC 2018 /home/travis/build/icyphy/ptII/ptolemy/domains/modal/test/auto/TerminationTransition2.xml
----------------- Instantiating /home/travis/build/icyphy/ptII/ptolemy/domains/modal/test/auto/TerminationTransition2.xml
3 ms. Memory: 870400K Free: 175711K (20%)
----------------- Invoking toplevel() on ptolemy.moml.MoMLSimpleApplication@6e035fdc
----------------- Done invoking toplevel() on ptolemy.moml.MoMLSimpleApplication@6e035fdc
reloadAllAccessors: .TerminationTransition2
----------------- testing Thu May 10 22:01:01 UTC 2018 /home/travis/build/icyphy/ptII/ptolemy/domains/modal/test/auto/TerminationTransition3.xml
----------------- Instantiating /home/travis/build/icyphy/ptII/ptolemy/domains/modal/test/auto/TerminationTransition3.xml
2 ms. Memory: 870400K Free: 160089K (18%)
----------------- Invoking toplevel() on ptolemy.moml.MoMLSimpleApplication@532ad260
----------------- Done invoking toplevel() on ptolemy.moml.MoMLSimpleApplication@532ad260
reloadAllAccessors: .TerminationTransition3
----------------- testing Thu May 10 22:01:01 UTC 2018 /home/travis/build/icyphy/ptII/ptolemy/domains/modal/test/auto/TerminationTransition4.xml
----------------- Instantiating /home/travis/build/icyphy/ptII/ptolemy/domains/modal/test/auto/TerminationTransition4.xml
6 ms. Memory: 870400K Free: 139265K (16%)
----------------- Invoking toplevel() on ptolemy.moml.MoMLSimpleApplication@7bfc04ee
----------------- Done invoking toplevel() on ptolemy.moml.MoMLSimpleApplication@7bfc04ee
reloadAllAccessors: .TerminationTransition4
----------------- testing Thu May 10 22:01:01 UTC 2018 /home/travis/build/icyphy/ptII/ptolemy/domains/modal/test/auto/TerminationTransition5.xml
----------------- Instantiating /home/travis/build/icyphy/ptII/ptolemy/domains/modal/test/auto/TerminationTransition5.xml
3 ms. Memory: 870400K Free: 115856K (13%)
----------------- Invoking toplevel() on ptolemy.moml.MoMLSimpleApplication@2bc47d88
----------------- Done invoking toplevel() on ptolemy.moml.MoMLSimpleApplication@2bc47d88
reloadAllAccessors: .TerminationTransition5
----------------- testing Thu May 10 22:01:01 UTC 2018 /home/travis/build/icyphy/ptII/ptolemy/domains/modal/test/auto/TerminationTransition6.xml
----------------- Instantiating /home/travis/build/icyphy/ptII/ptolemy/domains/modal/test/auto/TerminationTransition6.xml
3 ms. Memory: 870400K Free: 100234K (12%)
----------------- Invoking toplevel() on ptolemy.moml.MoMLSimpleApplication@26dba9
----------------- Done invoking toplevel() on ptolemy.moml.MoMLSimpleApplication@26dba9
reloadAllAccessors: .TerminationTransition6
----------------- testing Thu May 10 22:01:01 UTC 2018 /home/travis/build/icyphy/ptII/ptolemy/domains/modal/test/auto/TerminationTransition7.xml
----------------- Instantiating /home/travis/build/icyphy/ptII/ptolemy/domains/modal/test/auto/TerminationTransition7.xml
2 ms. Memory: 870400K Free: 84612K (10%)
----------------- Invoking toplevel() on ptolemy.moml.MoMLSimpleApplication@342f2d9b
----------------- Done invoking toplevel() on ptolemy.moml.MoMLSimpleApplication@342f2d9b
reloadAllAccessors: .TerminationTransition7
----------------- testing Thu May 10 22:01:01 UTC 2018 /home/travis/build/icyphy/ptII/ptolemy/domains/modal/test/auto/TerminationTransition8.xml
----------------- Instantiating /home/travis/build/icyphy/ptII/ptolemy/domains/modal/test/auto/TerminationTransition8.xml
2 ms. Memory: 870400K Free: 844938K (97%)
----------------- Invoking toplevel() on ptolemy.moml.MoMLSimpleApplication@1948c556
----------------- Done invoking toplevel() on ptolemy.moml.MoMLSimpleApplication@1948c556
reloadAllAccessors: .TerminationTransition8
----------------- testing Thu May 10 22:01:01 UTC 2018 /home/travis/build/icyphy/ptII/ptolemy/domains/modal/test/auto/Thermostat_NoHysteresis.xml
----------------- Instantiating /home/travis/build/icyphy/ptII/ptolemy/domains/modal/test/auto/Thermostat_NoHysteresis.xml
21 ms. Memory: 870400K Free: 811688K (93%)
----------------- Invoking toplevel() on ptolemy.moml.MoMLSimpleApplication@30159c19
----------------- Done invoking toplevel() on ptolemy.moml.MoMLSimpleApplication@30159c19
reloadAllAccessors: .Thermostat_NoHysteresis
----------------- testing Thu May 10 22:01:01 UTC 2018 /home/travis/build/icyphy/ptII/ptolemy/domains/modal/test/auto/TimedFSM.xml
----------------- Instantiating /home/travis/build/icyphy/ptII/ptolemy/domains/modal/test/auto/TimedFSM.xml
8 ms. Memory: 870400K Free: 796066K (91%)
----------------- Invoking toplevel() on ptolemy.moml.MoMLSimpleApplication@38bec2b6
----------------- Done invoking toplevel() on ptolemy.moml.MoMLSimpleApplication@38bec2b6
reloadAllAccessors: .TimedFSM
----------------- testing Thu May 10 22:01:01 UTC 2018 /home/travis/build/icyphy/ptII/ptolemy/domains/modal/test/auto/Timeout1.xml
----------------- Instantiating /home/travis/build/icyphy/ptII/ptolemy/domains/modal/test/auto/Timeout1.xml
2 ms. Memory: 870400K Free: 783762K (90%)
----------------- Invoking toplevel() on ptolemy.moml.MoMLSimpleApplication@66e983f3
----------------- Done invoking toplevel() on ptolemy.moml.MoMLSimpleApplication@66e983f3
reloadAllAccessors: .Timeout1
----------------- testing Thu May 10 22:01:01 UTC 2018 /home/travis/build/icyphy/ptII/ptolemy/domains/modal/test/auto/Timeout2.xml
----------------- Instantiating /home/travis/build/icyphy/ptII/ptolemy/domains/modal/test/auto/Timeout2.xml
4 ms. Memory: 870400K Free: 768140K (88%)
----------------- Invoking toplevel() on ptolemy.moml.MoMLSimpleApplication@39583535
----------------- Done invoking toplevel() on ptolemy.moml.MoMLSimpleApplication@39583535
reloadAllAccessors: .Timeout2
----------------- testing Thu May 10 22:01:01 UTC 2018 /home/travis/build/icyphy/ptII/ptolemy/domains/modal/test/auto/Timeout3.xml
----------------- Instantiating /home/travis/build/icyphy/ptII/ptolemy/domains/modal/test/auto/Timeout3.xml
2 ms. Memory: 870400K Free: 755835K (87%)
----------------- Invoking toplevel() on ptolemy.moml.MoMLSimpleApplication@684a4d76
----------------- Done invoking toplevel() on ptolemy.moml.MoMLSimpleApplication@684a4d76
reloadAllAccessors: .Timeout3
----------------- testing Thu May 10 22:01:01 UTC 2018 /home/travis/build/icyphy/ptII/ptolemy/domains/modal/test/auto/Timeout4.xml
----------------- Instantiating /home/travis/build/icyphy/ptII/ptolemy/domains/modal/test/auto/Timeout4.xml
2 ms. Memory: 870400K Free: 745431K (86%)
----------------- Invoking toplevel() on ptolemy.moml.MoMLSimpleApplication@49b526cd
----------------- Done invoking toplevel() on ptolemy.moml.MoMLSimpleApplication@49b526cd
reloadAllAccessors: .Timeout4
----------------- testing Thu May 10 22:01:01 UTC 2018 /home/travis/build/icyphy/ptII/ptolemy/domains/modal/test/auto/TransientstateModelAdvanced.xml
----------------- Instantiating /home/travis/build/icyphy/ptII/ptolemy/domains/modal/test/auto/TransientstateModelAdvanced.xml
3 ms. Memory: 870400K Free: 722707K (83%)
----------------- Invoking toplevel() on ptolemy.moml.MoMLSimpleApplication@5f3de1ca
----------------- Done invoking toplevel() on ptolemy.moml.MoMLSimpleApplication@5f3de1ca
reloadAllAccessors: .TransientstateModelAdvanced
----------------- testing Thu May 10 22:01:01 UTC 2018 /home/travis/build/icyphy/ptII/ptolemy/domains/modal/test/auto/TransientstateModelAdvanced2.xml
----------------- Instantiating /home/travis/build/icyphy/ptII/ptolemy/domains/modal/test/auto/TransientstateModelAdvanced2.xml
4 ms. Memory: 870400K Free: 701883K (81%)
----------------- Invoking toplevel() on ptolemy.moml.MoMLSimpleApplication@2738ffff
----------------- Done invoking toplevel() on ptolemy.moml.MoMLSimpleApplication@2738ffff
reloadAllAccessors: .transientstatemodelAdvanced
----------------- testing Thu May 10 22:01:01 UTC 2018 /home/travis/build/icyphy/ptII/ptolemy/domains/modal/test/auto/TransitionRefinements.xml
----------------- Instantiating /home/travis/build/icyphy/ptII/ptolemy/domains/modal/test/auto/TransitionRefinements.xml
6 ms. Memory: 870400K Free: 684360K (79%)
----------------- Invoking toplevel() on ptolemy.moml.MoMLSimpleApplication@2d364f2b
----------------- Done invoking toplevel() on ptolemy.moml.MoMLSimpleApplication@2d364f2b
reloadAllAccessors: .TransitionRefinements
----------------- testing Thu May 10 22:01:01 UTC 2018 /home/travis/build/icyphy/ptII/ptolemy/domains/modal/test/auto/TwoRefinements1.xml
----------------- Instantiating /home/travis/build/icyphy/ptII/ptolemy/domains/modal/test/auto/TwoRefinements1.xml
3 ms. Memory: 870400K Free: 668738K (77%)
----------------- Invoking toplevel() on ptolemy.moml.MoMLSimpleApplication@7338a082
----------------- Done invoking toplevel() on ptolemy.moml.MoMLSimpleApplication@7338a082
reloadAllAccessors: .TwoRefinements1
----------------- testing Thu May 10 22:01:01 UTC 2018 /home/travis/build/icyphy/ptII/ptolemy/domains/modal/test/auto/TwoRefinements2.xml
----------------- Instantiating /home/travis/build/icyphy/ptII/ptolemy/domains/modal/test/auto/TwoRefinements2.xml
2 ms. Memory: 870400K Free: 651216K (75%)
----------------- Invoking toplevel() on ptolemy.moml.MoMLSimpleApplication@47d5fb94
----------------- Done invoking toplevel() on ptolemy.moml.MoMLSimpleApplication@47d5fb94
reloadAllAccessors: .TwoRefinements2
----------------- testing Thu May 10 22:01:01 UTC 2018 /home/travis/build/icyphy/ptII/ptolemy/domains/modal/test/auto/WeakImmediateTransition.xml
----------------- Instantiating /home/travis/build/icyphy/ptII/ptolemy/domains/modal/test/auto/WeakImmediateTransition.xml
2 ms. Memory: 870400K Free: 635594K (73%)
----------------- Invoking toplevel() on ptolemy.moml.MoMLSimpleApplication@3540907f
----------------- Done invoking toplevel() on ptolemy.moml.MoMLSimpleApplication@3540907f
reloadAllAccessors: .WeakImmediateTransition
----------------- testing Thu May 10 22:01:01 UTC 2018 /home/travis/build/icyphy/ptII/ptolemy/domains/modal/test/auto/booleanSelect.xml
----------------- Instantiating /home/travis/build/icyphy/ptII/ptolemy/domains/modal/test/auto/booleanSelect.xml
30 ms. Memory: 870400K Free: 609536K (70%)
----------------- Invoking toplevel() on ptolemy.moml.MoMLSimpleApplication@61664dde
----------------- Done invoking toplevel() on ptolemy.moml.MoMLSimpleApplication@61664dde
reloadAllAccessors: .booleanSelect
----------------- testing Thu May 10 22:01:02 UTC 2018 /home/travis/build/icyphy/ptII/ptolemy/domains/modal/test/auto/modalChangingParams.xml
----------------- Instantiating /home/travis/build/icyphy/ptII/ptolemy/domains/modal/test/auto/modalChangingParams.xml
0
1
0
2
4
6
8
7
0
2
4
6
8
13
0
2
4
6
8
19
0
2
4
6
8
25
0
2
4
6
8
31
0
2
4
6
8
37
0
2
4
6
8
43
0
2
4
6
8
49
0
2
4
6
8
55
0
2
4
6
8
61
0
2
4
6
8
67
0
2
4
6
8
73
0
2
4
6
8
79
0
2
4
6
8
85
0
2
4
6
8
91
0
2
4
6
8
97
0
2
4
6
8
103
0
2
4
6
8
109
0
2
4
6
8
115
0
2
4
6
8
121
0
2
4
6
8
127
0
2
4
6
8
133
0
2
4
6
8
139
0
2
4
6
8
145
0
2
4
6
8
151
0
2
4
6
8
157
0
2
4
6
8
163
0
2
4
6
8
169
0
2
4
6
8
175
0
2
4
6
8
181
0
2
4
6
8
187
0
2
4
6
8
193
0
2
4
6
8
199
0
2
4
6
8
205
0
2
4
6
8
211
0
2
4
6
8
217
0
2
4
6
8
223
0
2
4
6
8
229
0
2
4
6
8
235
0
2
4
6
8
241
0
2
4
6
8
247
0
2
4
6
8
253
0
2
4
6
8
259
0
2
4
6
8
265
0
2
4
6
8
271
0
2
4
6
8
277
0
2
4
6
8
283
0
2
4
6
8
289
0
2
4
6
8
295
0
2
4
6
8
301
0
2
4
6
8
307
0
2
4
6
8
313
0
2
4
6
8
319
0
2
4
6
8
325
0
2
4
6
8
331
0
2
4
6
8
337
0
2
4
6
8
343
0
2
4
6
8
349
0
2
4
6
8
355
0
2
4
6
8
361
0
2
4
6
8
367
0
2
4
6
8
373
0
2
4
6
8
379
0
2
4
6
8
385
0
2
4
6
8
391
0
2
4
6
8
397
0
2
4
6
8
403
0
2
4
6
8
409
0
2
4
6
8
415
0
2
4
6
8
421
0
2
4
6
8
427
0
2
4
6
8
433
0
2
4
6
8
439
0
2
4
6
8
445
0
2
4
6
8
451
0
2
4
6
8
457
0
2
4
6
8
463
0
2
4
6
8
469
0
2
4
6
8
475
0
2
4
6
8
481
0
2
4
6
8
487
0
2
4
6
8
493
0
2
4
6
8
499
0
2
4
6
8
505
0
2
4
6
8
511
0
2
4
6
8
517
0
2
4
6
8
523
0
2
4
6
8
529
0
2
4
6
8
535
0
2
4
6
8
541
0
2
4
6
8
547
0
2
4
6
8
553
0
2
4
6
8
559
0
2
4
6
8
565
0
2
4
6
8
571
0
2
4
6
8
577
0
2
4
6
8
583
0
2
4
6
8
589
0
2
4
6
8
595
0
2
4
6
8
601
0
2
4
6
8
607
0
2
4
6
8
613
0
2
4
6
8
619
0
2
4
6
8
625
0
2
4
6
8
631
0
2
4
6
8
637
0
2
4
6
8
643
0
2
4
6
8
649
0
2
4
6
8
655
0
2
4
6
8
661
0
2
4
6
8
667
0
2
4
6
8
673
0
2
4
6
8
679
0
2
4
6
8
685
0
2
4
6
8
691
0
2
4
6
8
697
0
2
4
6
8
703
0
2
4
6
8
709
0
2
4
6
8
715
0
2
4
6
8
721
0
2
4
6
8
727
0
2
4
6
8
733
0
2
4
6
8
739
0
2
4
6
8
745
0
2
4
6
8
751
0
2
4
6
8
757
0
2
4
6
8
763
0
2
4
6
8
769
0
2
4
6
8
775
0
2
4
6
8
781
0
2
4
6
8
787
0
2
4
6
8
793
0
2
4
6
8
799
0
2
4
6
8
805
0
2
4
6
8
811
0
2
4
6
8
817
0
2
4
6
8
823
0
2
4
6
8
829
0
2
4
6
8
835
0
2
4
6
8
841
0
2
4
6
8
847
0
2
4
6
8
853
0
2
4
6
8
859
0
2
4
6
8
865
0
2
4
6
8
871
0
2
4
6
8
877
0
2
4
6
8
883
0
2
4
6
8
889
0
2
4
6
8
895
0
2
4
6
8
901
0
2
4
6
8
907
0
2
4
6
8
913
0
2
4
6
8
919
0
2
4
6
8
925
0
2
4
6
8
931
0
2
4
6
8
937
0
2
4
6
8
943
0
2
4
6
8
949
0
2
4
6
8
955
0
2
4
6
8
961
0
2
4
6
8
967
0
2
4
6
8
973
0
2
4
6
8
979
0
2
4
6
8
985
0
2
4
6
8
991
0
2
4
6
8
997
0
2
216 ms. Memory: 870400K Free: 487830K (56%)
----------------- Invoking toplevel() on ptolemy.moml.MoMLSimpleApplication@4fd9b801
----------------- Done invoking toplevel() on ptolemy.moml.MoMLSimpleApplication@4fd9b801
reloadAllAccessors: .modalChangingParams
----------------- testing Thu May 10 22:01:02 UTC 2018 /home/travis/build/icyphy/ptII/ptolemy/domains/modal/test/auto/modalModel.xml
----------------- Instantiating /home/travis/build/icyphy/ptII/ptolemy/domains/modal/test/auto/modalModel.xml
4 ms. Memory: 870400K Free: 472208K (54%)
----------------- Invoking toplevel() on ptolemy.moml.MoMLSimpleApplication@41cd964d
----------------- Done invoking toplevel() on ptolemy.moml.MoMLSimpleApplication@41cd964d
reloadAllAccessors: .modalModel
----------------- testing Thu May 10 22:01:02 UTC 2018 /home/travis/build/icyphy/ptII/ptolemy/domains/modal/test/auto/modalModel2.xml
----------------- Instantiating /home/travis/build/icyphy/ptII/ptolemy/domains/modal/test/auto/modalModel2.xml
7 ms. Memory: 870400K Free: 454685K (52%)
----------------- Invoking toplevel() on ptolemy.moml.MoMLSimpleApplication@745b69d2
----------------- Done invoking toplevel() on ptolemy.moml.MoMLSimpleApplication@745b69d2
reloadAllAccessors: .modalModel2
----------------- testing Thu May 10 22:01:02 UTC 2018 /home/travis/build/icyphy/ptII/ptolemy/domains/modal/test/auto/modalModel3.xml
----------------- Instantiating /home/travis/build/icyphy/ptII/ptolemy/domains/modal/test/auto/modalModel3.xml
0	0	0
3	2	1
6	4	2
9	6	3
4	0	4
7	2	5
10	4	6
13	6	7
8	0	8
11	2	9
14	4	10
17	6	11
12	0	12
15	2	13
18	4	14
12 ms. Memory: 870400K Free: 433862K (50%)
----------------- Invoking toplevel() on ptolemy.moml.MoMLSimpleApplication@422106e0
----------------- Done invoking toplevel() on ptolemy.moml.MoMLSimpleApplication@422106e0
reloadAllAccessors: .modalModel3
----------------- testing Thu May 10 22:01:02 UTC 2018 /home/travis/build/icyphy/ptII/ptolemy/domains/modal/test/auto/model1.xml
----------------- Instantiating /home/travis/build/icyphy/ptII/ptolemy/domains/modal/test/auto/model1.xml
10 ms. Memory: 870400K Free: 421557K (48%)
----------------- Invoking toplevel() on ptolemy.moml.MoMLSimpleApplication@baac54
----------------- Done invoking toplevel() on ptolemy.moml.MoMLSimpleApplication@baac54
reloadAllAccessors: .model1
----------------- testing Thu May 10 22:01:02 UTC 2018 /home/travis/build/icyphy/ptII/ptolemy/domains/modal/test/auto/test-direct-in-out.xml
----------------- Instantiating /home/travis/build/icyphy/ptII/ptolemy/domains/modal/test/auto/test-direct-in-out.xml
4 ms. Memory: 870400K Free: 405951K (47%)
----------------- Invoking toplevel() on ptolemy.moml.MoMLSimpleApplication@119be30d
----------------- Done invoking toplevel() on ptolemy.moml.MoMLSimpleApplication@119be30d
reloadAllAccessors: .test-direct-in-out
AutoTests.java: About to close Vertx.
AutoTests.java: Vertx closed.
]]></system-out>
  <system-err><![CDATA[java.lang.RuntimeException: Execution failed
	at ptolemy.moml.MoMLSimpleApplication$UnloadThread.run(MoMLSimpleApplication.java:402)
Caused by: ptolemy.kernel.util.IllegalActionException: Unknown inputs remain. Possible causality loop:
L_model_1893289564i

  in .CannotAnalysisWithPreemption.model_1893289564_region_1 and .CannotAnalysisWithPreemption.model_1893289564_region_1.L_model_1893289564i
	at ptolemy.actor.sched.FixedPointDirector.postfire(FixedPointDirector.java:515)
	at ptolemy.domains.sr.kernel.SRDirector.postfire(SRDirector.java:417)
	at ptolemy.actor.CompositeActor.postfire(CompositeActor.java:1668)
	at ptolemy.actor.Manager.iterate(Manager.java:852)
	at ptolemy.actor.Manager.execute(Manager.java:369)
	at ptolemy.actor.Manager.run(Manager.java:1263)
	at ptolemy.actor.Manager$PtolemyRunThread.run(Manager.java:1915)
java.lang.reflect.InvocationTargetException
	at sun.reflect.NativeConstructorAccessorImpl.newInstance0(Native Method)
	at sun.reflect.NativeConstructorAccessorImpl.newInstance(NativeConstructorAccessorImpl.java:62)
	at sun.reflect.DelegatingConstructorAccessorImpl.newInstance(DelegatingConstructorAccessorImpl.java:45)
	at java.lang.reflect.Constructor.newInstance(Constructor.java:423)
	at ptolemy.util.test.junit.AutoKnownFailedTests.RunModel(AutoKnownFailedTests.java:107)
	at sun.reflect.NativeMethodAccessorImpl.invoke0(Native Method)
	at sun.reflect.NativeMethodAccessorImpl.invoke(NativeMethodAccessorImpl.java:62)
	at sun.reflect.DelegatingMethodAccessorImpl.invoke(DelegatingMethodAccessorImpl.java:43)
	at java.lang.reflect.Method.invoke(Method.java:498)
	at org.junit.runners.model.FrameworkMethod$1.runReflectiveCall(FrameworkMethod.java:44)
	at org.junit.internal.runners.model.ReflectiveCallable.run(ReflectiveCallable.java:15)
	at org.junit.runners.model.FrameworkMethod.invokeExplosively(FrameworkMethod.java:41)
	at junitparams.internal.InvokeParameterisedMethod.evaluate(InvokeParameterisedMethod.java:102)
	at org.junit.internal.runners.statements.FailOnTimeout$1.run(FailOnTimeout.java:28)
Caused by: ptolemy.kernel.util.IllegalActionException: Unknown inputs remain. Possible causality loop:
L_model_1893289564i

  in .CannotAnalysisWithPreemption.model_1893289564_region_1 and .CannotAnalysisWithPreemption.model_1893289564_region_1.L_model_1893289564i
	at ptolemy.actor.sched.FixedPointDirector.postfire(FixedPointDirector.java:515)
	at ptolemy.domains.sr.kernel.SRDirector.postfire(SRDirector.java:417)
	at ptolemy.actor.CompositeActor.postfire(CompositeActor.java:1668)
	at ptolemy.actor.Manager.iterate(Manager.java:852)
	at ptolemy.actor.Manager.execute(Manager.java:369)
	at ptolemy.actor.Manager.run(Manager.java:1263)
	at ptolemy.actor.Manager$PtolemyRunThread.run(Manager.java:1915)
]]></system-err>
</testsuite>
