<?xml version="1.0" encoding="UTF-8" ?>
<testsuite errors="0" failures="0" hostname="travis-job-abc4a3ca-1e39-4138-ae09-1ec39ddb8911" name="ptolemy.domains.de.test.junit.JUnitTclTest" skipped="0" tests="101" time="132.963" timestamp="2018-05-02T01:07:40">
  <properties>
[...]
</properties>
  <testcase classname="ptolemy.util.test.junit.TclTests" name="[0] /home/travis/build/icyphy/ptII/ptolemy/domains/de/test/DependencyLoop.tcl (RunTclFile)" time="0.764" />
  <testcase classname="ptolemy.util.test.junit.TclTests" name="[1] /home/travis/build/icyphy/ptII/ptolemy/domains/de/test/RunDETestsAsQSS.tcl (RunTclFile)" time="92.097" />
  <testcase classname="ptolemy.util.test.junit.AutoKnownFailedTests" name="[0] /home/travis/build/icyphy/ptII/ptolemy/domains/de/test/auto/knownFailedTests/DESDFClockTest.xml (RunModel)" time="2.033" />
  <testcase classname="ptolemy.util.test.junit.AutoKnownFailedTests" name="[1] /home/travis/build/icyphy/ptII/ptolemy/domains/de/test/auto/knownFailedTests/DirectFeedback.xml (RunModel)" time="0.015" />
  <testcase classname="ptolemy.util.test.junit.AutoKnownFailedTests" name="[2] /home/travis/build/icyphy/ptII/ptolemy/domains/de/test/auto/knownFailedTests/FSMSource.xml (RunModel)" time="0.02" />
  <testcase classname="ptolemy.util.test.junit.AutoKnownFailedTests" name="[3] /home/travis/build/icyphy/ptII/ptolemy/domains/de/test/auto/knownFailedTests/HierarchicalModel.xml (RunModel)" time="0.033" />
  <testcase classname="ptolemy.util.test.junit.AutoKnownFailedTests" name="[4] /home/travis/build/icyphy/ptII/ptolemy/domains/de/test/auto/knownFailedTests/dependencyLoop.xml (RunModel)" time="0.033" />
  <testcase classname="ptolemy.util.test.junit.AutoKnownFailedTests" name="[5] /home/travis/build/icyphy/ptII/ptolemy/domains/de/test/auto/knownFailedTests/dependencyLoop2.xml (RunModel)" time="0.033" />
  <testcase classname="ptolemy.util.test.junit.AutoNameArchTests" name="[0] ThereAreNoAutoTests (RunModel)" time="0.0" />
  <testcase classname="ptolemy.util.test.junit.AutoTests" name="[0] /home/travis/build/icyphy/ptII/ptolemy/domains/de/test/auto/ActorDepthCalculation_actorWithoutPorts.xml (RunModel)" time="0.015" />
  <testcase classname="ptolemy.util.test.junit.AutoTests" name="[1] /home/travis/build/icyphy/ptII/ptolemy/domains/de/test/auto/AssemblyLine.xml (RunModel)" time="0.019" />
  <testcase classname="ptolemy.util.test.junit.AutoTests" name="[2] /home/travis/build/icyphy/ptII/ptolemy/domains/de/test/auto/CQBug1.xml (RunModel)" time="0.005" />
  <testcase classname="ptolemy.util.test.junit.AutoTests" name="[3] /home/travis/build/icyphy/ptII/ptolemy/domains/de/test/auto/CancelFireAt.xml (RunModel)" time="0.004" />
  <testcase classname="ptolemy.util.test.junit.AutoTests" name="[4] /home/travis/build/icyphy/ptII/ptolemy/domains/de/test/auto/CausalityAndComposabilityAnalysis.xml (RunModel)" time="0.008" />
  <testcase classname="ptolemy.util.test.junit.AutoTests" name="[5] /home/travis/build/icyphy/ptII/ptolemy/domains/de/test/auto/CausalityInterface1.xml (RunModel)" time="0.008" />
  <testcase classname="ptolemy.util.test.junit.AutoTests" name="[6] /home/travis/build/icyphy/ptII/ptolemy/domains/de/test/auto/CausalityInterface15.xml (RunModel)" time="0.012" />
  <testcase classname="ptolemy.util.test.junit.AutoTests" name="[7] /home/travis/build/icyphy/ptII/ptolemy/domains/de/test/auto/CausalityInterface2.xml (RunModel)" time="0.008" />
  <testcase classname="ptolemy.util.test.junit.AutoTests" name="[8] /home/travis/build/icyphy/ptII/ptolemy/domains/de/test/auto/CausalityInterface3.xml (RunModel)" time="0.008" />
  <testcase classname="ptolemy.util.test.junit.AutoTests" name="[9] /home/travis/build/icyphy/ptII/ptolemy/domains/de/test/auto/ClockDrift.xml (RunModel)" time="0.024" />
  <testcase classname="ptolemy.util.test.junit.AutoTests" name="[10] /home/travis/build/icyphy/ptII/ptolemy/domains/de/test/auto/ClockDriftAndValueChange.xml (RunModel)" time="0.025" />
  <testcase classname="ptolemy.util.test.junit.AutoTests" name="[11] /home/travis/build/icyphy/ptII/ptolemy/domains/de/test/auto/ClockDriftChange.xml (RunModel)" time="0.019" />
  <testcase classname="ptolemy.util.test.junit.AutoTests" name="[12] /home/travis/build/icyphy/ptII/ptolemy/domains/de/test/auto/ComposableCausalityAnalysis.xml (RunModel)" time="0.01" />
  <testcase classname="ptolemy.util.test.junit.AutoTests" name="[13] /home/travis/build/icyphy/ptII/ptolemy/domains/de/test/auto/DEFixedPointLimitation.xml (RunModel)" time="0.011" />
  <testcase classname="ptolemy.util.test.junit.AutoTests" name="[14] /home/travis/build/icyphy/ptII/ptolemy/domains/de/test/auto/DEScheduleTest.xml (RunModel)" time="0.008" />
  <testcase classname="ptolemy.util.test.junit.AutoTests" name="[15] /home/travis/build/icyphy/ptII/ptolemy/domains/de/test/auto/DEinDEwithStartTimes.xml (RunModel)" time="0.009" />
  <testcase classname="ptolemy.util.test.junit.AutoTests" name="[16] /home/travis/build/icyphy/ptII/ptolemy/domains/de/test/auto/DEinDEwithStartTimes2.xml (RunModel)" time="0.01" />
  <testcase classname="ptolemy.util.test.junit.AutoTests" name="[17] /home/travis/build/icyphy/ptII/ptolemy/domains/de/test/auto/DateDemo.xml (RunModel)" time="0.025" />
  <testcase classname="ptolemy.util.test.junit.AutoTests" name="[18] /home/travis/build/icyphy/ptII/ptolemy/domains/de/test/auto/DateToEvent.xml (RunModel)" time="2.029" />
  <testcase classname="ptolemy.util.test.junit.AutoTests" name="[19] /home/travis/build/icyphy/ptII/ptolemy/domains/de/test/auto/DepthTest1.xml (RunModel)" time="0.005" />
  <testcase classname="ptolemy.util.test.junit.AutoTests" name="[20] /home/travis/build/icyphy/ptII/ptolemy/domains/de/test/auto/DepthTest2.xml (RunModel)" time="0.011" />
  <testcase classname="ptolemy.util.test.junit.AutoTests" name="[21] /home/travis/build/icyphy/ptII/ptolemy/domains/de/test/auto/DepthTest3.xml (RunModel)" time="0.005" />
  <testcase classname="ptolemy.util.test.junit.AutoTests" name="[22] /home/travis/build/icyphy/ptII/ptolemy/domains/de/test/auto/DepthTest4.xml (RunModel)" time="0.008" />
  <testcase classname="ptolemy.util.test.junit.AutoTests" name="[23] /home/travis/build/icyphy/ptII/ptolemy/domains/de/test/auto/DepthTest5.xml (RunModel)" time="0.009" />
  <testcase classname="ptolemy.util.test.junit.AutoTests" name="[24] /home/travis/build/icyphy/ptII/ptolemy/domains/de/test/auto/DepthTest6.xml (RunModel)" time="0.009" />
  <testcase classname="ptolemy.util.test.junit.AutoTests" name="[25] /home/travis/build/icyphy/ptII/ptolemy/domains/de/test/auto/DepthTest7.xml (RunModel)" time="0.009" />
  <testcase classname="ptolemy.util.test.junit.AutoTests" name="[26] /home/travis/build/icyphy/ptII/ptolemy/domains/de/test/auto/EventToDate.xml (RunModel)" time="3.028" />
  <testcase classname="ptolemy.util.test.junit.AutoTests" name="[27] /home/travis/build/icyphy/ptII/ptolemy/domains/de/test/auto/FSM1.xml (RunModel)" time="0.021" />
  <testcase classname="ptolemy.util.test.junit.AutoTests" name="[28] /home/travis/build/icyphy/ptII/ptolemy/domains/de/test/auto/FSM7.xml (RunModel)" time="0.019" />
  <testcase classname="ptolemy.util.test.junit.AutoTests" name="[29] /home/travis/build/icyphy/ptII/ptolemy/domains/de/test/auto/Inspection.xml (RunModel)" time="0.024" />
  <testcase classname="ptolemy.util.test.junit.AutoTests" name="[30] /home/travis/build/icyphy/ptII/ptolemy/domains/de/test/auto/Iteration.xml (RunModel)" time="0.013" />
  <testcase classname="ptolemy.util.test.junit.AutoTests" name="[31] /home/travis/build/icyphy/ptII/ptolemy/domains/de/test/auto/LineFault.xml (RunModel)" time="0.368" />
  <testcase classname="ptolemy.util.test.junit.AutoTests" name="[32] /home/travis/build/icyphy/ptII/ptolemy/domains/de/test/auto/MergeModel1Add.xml (RunModel)" time="0.033" />
  <testcase classname="ptolemy.util.test.junit.AutoTests" name="[33] /home/travis/build/icyphy/ptII/ptolemy/domains/de/test/auto/MergeModel2Add.xml (RunModel)" time="0.027" />
  <testcase classname="ptolemy.util.test.junit.AutoTests" name="[34] /home/travis/build/icyphy/ptII/ptolemy/domains/de/test/auto/MergeModel3Add.xml (RunModel)" time="0.025" />
  <testcase classname="ptolemy.util.test.junit.AutoTests" name="[35] /home/travis/build/icyphy/ptII/ptolemy/domains/de/test/auto/MergeWithoutDiscard.xml (RunModel)" time="0.006" />
  <testcase classname="ptolemy.util.test.junit.AutoTests" name="[36] /home/travis/build/icyphy/ptII/ptolemy/domains/de/test/auto/Modal1.xml (RunModel)" time="0.019" />
  <testcase classname="ptolemy.util.test.junit.AutoTests" name="[37] /home/travis/build/icyphy/ptII/ptolemy/domains/de/test/auto/Modal2.xml (RunModel)" time="0.017" />
  <testcase classname="ptolemy.util.test.junit.AutoTests" name="[38] /home/travis/build/icyphy/ptII/ptolemy/domains/de/test/auto/Modal3.xml (RunModel)" time="0.02" />
  <testcase classname="ptolemy.util.test.junit.AutoTests" name="[39] /home/travis/build/icyphy/ptII/ptolemy/domains/de/test/auto/Modal4.xml (RunModel)" time="0.021" />
  <testcase classname="ptolemy.util.test.junit.AutoTests" name="[40] /home/travis/build/icyphy/ptII/ptolemy/domains/de/test/auto/Modal5.xml (RunModel)" time="0.022" />
  <testcase classname="ptolemy.util.test.junit.AutoTests" name="[41] /home/travis/build/icyphy/ptII/ptolemy/domains/de/test/auto/Modal6.xml (RunModel)" time="0.02" />
  <testcase classname="ptolemy.util.test.junit.AutoTests" name="[42] /home/travis/build/icyphy/ptII/ptolemy/domains/de/test/auto/Modal7.xml (RunModel)" time="0.02" />
  <testcase classname="ptolemy.util.test.junit.AutoTests" name="[43] /home/travis/build/icyphy/ptII/ptolemy/domains/de/test/auto/ModalModel.xml (RunModel)" time="0.134" />
  <testcase classname="ptolemy.util.test.junit.AutoTests" name="[44] /home/travis/build/icyphy/ptII/ptolemy/domains/de/test/auto/ModalSource.xml (RunModel)" time="0.014" />
  <testcase classname="ptolemy.util.test.junit.AutoTests" name="[45] /home/travis/build/icyphy/ptII/ptolemy/domains/de/test/auto/NonInterruptibleTimerZeroDelay.xml (RunModel)" time="0.008" />
  <testcase classname="ptolemy.util.test.junit.AutoTests" name="[46] /home/travis/build/icyphy/ptII/ptolemy/domains/de/test/auto/OpenQueueingNetwork.xml (RunModel)" time="1.867" />
  <testcase classname="ptolemy.util.test.junit.AutoTests" name="[47] /home/travis/build/icyphy/ptII/ptolemy/domains/de/test/auto/OpenQueuingNetwork.xml (RunModel)" time="0.319" />
  <testcase classname="ptolemy.util.test.junit.AutoTests" name="[48] /home/travis/build/icyphy/ptII/ptolemy/domains/de/test/auto/PeriodicSampler.xml (RunModel)" time="0.008" />
  <testcase classname="ptolemy.util.test.junit.AutoTests" name="[49] /home/travis/build/icyphy/ptII/ptolemy/domains/de/test/auto/PersistentIO.xml (RunModel)" time="0.021" />
  <testcase classname="ptolemy.util.test.junit.AutoTests" name="[50] /home/travis/build/icyphy/ptII/ptolemy/domains/de/test/auto/PortParameterResetOnInitialize.xml (RunModel)" time="0.009" />
  <testcase classname="ptolemy.util.test.junit.AutoTests" name="[51] /home/travis/build/icyphy/ptII/ptolemy/domains/de/test/auto/PortParameterUpdates.xml (RunModel)" time="0.015" />
  <testcase classname="ptolemy.util.test.junit.AutoTests" name="[52] /home/travis/build/icyphy/ptII/ptolemy/domains/de/test/auto/QueueAndServer.xml (RunModel)" time="0.022" />
  <testcase classname="ptolemy.util.test.junit.AutoTests" name="[53] /home/travis/build/icyphy/ptII/ptolemy/domains/de/test/auto/Records.xml (RunModel)" time="0.014" />
  <testcase classname="ptolemy.util.test.junit.AutoTests" name="[54] /home/travis/build/icyphy/ptII/ptolemy/domains/de/test/auto/ResetTransitionWithStartTime1.xml (RunModel)" time="0.024" />
  <testcase classname="ptolemy.util.test.junit.AutoTests" name="[55] /home/travis/build/icyphy/ptII/ptolemy/domains/de/test/auto/ResetTransitionWithStartTime2.xml (RunModel)" time="0.017" />
  <testcase classname="ptolemy.util.test.junit.AutoTests" name="[56] /home/travis/build/icyphy/ptII/ptolemy/domains/de/test/auto/ResetTransitionWithStartTime3.xml (RunModel)" time="0.018" />
  <testcase classname="ptolemy.util.test.junit.AutoTests" name="[57] /home/travis/build/icyphy/ptII/ptolemy/domains/de/test/auto/ResetTransitionWithStartTime4.xml (RunModel)" time="0.017" />
  <testcase classname="ptolemy.util.test.junit.AutoTests" name="[58] /home/travis/build/icyphy/ptII/ptolemy/domains/de/test/auto/ResettableTimer1.xml (RunModel)" time="0.018" />
  <testcase classname="ptolemy.util.test.junit.AutoTests" name="[59] /home/travis/build/icyphy/ptII/ptolemy/domains/de/test/auto/ResettableTimer2.xml (RunModel)" time="0.01" />
  <testcase classname="ptolemy.util.test.junit.AutoTests" name="[60] /home/travis/build/icyphy/ptII/ptolemy/domains/de/test/auto/ResettableTimer3.xml (RunModel)" time="0.009" />
  <testcase classname="ptolemy.util.test.junit.AutoTests" name="[61] /home/travis/build/icyphy/ptII/ptolemy/domains/de/test/auto/ResettableTimer4.xml (RunModel)" time="0.008" />
  <testcase classname="ptolemy.util.test.junit.AutoTests" name="[62] /home/travis/build/icyphy/ptII/ptolemy/domains/de/test/auto/ResettableTimer5.xml (RunModel)" time="0.01" />
  <testcase classname="ptolemy.util.test.junit.AutoTests" name="[63] /home/travis/build/icyphy/ptII/ptolemy/domains/de/test/auto/ResettableTimer6.xml (RunModel)" time="0.01" />
  <testcase classname="ptolemy.util.test.junit.AutoTests" name="[64] /home/travis/build/icyphy/ptII/ptolemy/domains/de/test/auto/ServerZeroDelay.xml (RunModel)" time="0.011" />
  <testcase classname="ptolemy.util.test.junit.AutoTests" name="[65] /home/travis/build/icyphy/ptII/ptolemy/domains/de/test/auto/SmartSender.xml (RunModel)" time="3.01" />
  <testcase classname="ptolemy.util.test.junit.AutoTests" name="[66] /home/travis/build/icyphy/ptII/ptolemy/domains/de/test/auto/ThreadedComposite.xml (RunModel)" time="0.242" />
  <testcase classname="ptolemy.util.test.junit.AutoTests" name="[67] /home/travis/build/icyphy/ptII/ptolemy/domains/de/test/auto/Time.xml (RunModel)" time="0.464" />
  <testcase classname="ptolemy.util.test.junit.AutoTests" name="[68] /home/travis/build/icyphy/ptII/ptolemy/domains/de/test/auto/TimeDelayZeroDelay.xml (RunModel)" time="0.012" />
  <testcase classname="ptolemy.util.test.junit.AutoTests" name="[69] /home/travis/build/icyphy/ptII/ptolemy/domains/de/test/auto/TimerZeroDelay.xml (RunModel)" time="0.009" />
  <testcase classname="ptolemy.util.test.junit.AutoTests" name="[70] /home/travis/build/icyphy/ptII/ptolemy/domains/de/test/auto/TimingParadox.xml (RunModel)" time="0.398" />
  <testcase classname="ptolemy.util.test.junit.AutoTests" name="[71] /home/travis/build/icyphy/ptII/ptolemy/domains/de/test/auto/TransferInputs.xml (RunModel)" time="0.02" />
  <testcase classname="ptolemy.util.test.junit.AutoTests" name="[72] /home/travis/build/icyphy/ptII/ptolemy/domains/de/test/auto/TransferOutputs2.xml (RunModel)" time="0.02" />
  <testcase classname="ptolemy.util.test.junit.AutoTests" name="[73] /home/travis/build/icyphy/ptII/ptolemy/domains/de/test/auto/Trilateration.xml (RunModel)" time="12.425" />
  <testcase classname="ptolemy.util.test.junit.AutoTests" name="[74] /home/travis/build/icyphy/ptII/ptolemy/domains/de/test/auto/TwoSigmaDelta.xml (RunModel)" time="2.264" />
  <testcase classname="ptolemy.util.test.junit.AutoTests" name="[75] /home/travis/build/icyphy/ptII/ptolemy/domains/de/test/auto/VariableDelay.xml (RunModel)" time="0.01" />
  <testcase classname="ptolemy.util.test.junit.AutoTests" name="[76] /home/travis/build/icyphy/ptII/ptolemy/domains/de/test/auto/VariableDelay2.xml (RunModel)" time="0.008" />
  <testcase classname="ptolemy.util.test.junit.AutoTests" name="[77] /home/travis/build/icyphy/ptII/ptolemy/domains/de/test/auto/VariableDelayZeroDelay.xml (RunModel)" time="0.009" />
  <testcase classname="ptolemy.util.test.junit.AutoTests" name="[78] /home/travis/build/icyphy/ptII/ptolemy/domains/de/test/auto/VariableDelayZeroDelay2.xml (RunModel)" time="0.009" />
  <testcase classname="ptolemy.util.test.junit.AutoTests" name="[79] /home/travis/build/icyphy/ptII/ptolemy/domains/de/test/auto/deInCt.xml (RunModel)" time="0.014" />
  <testcase classname="ptolemy.util.test.junit.AutoTests" name="[80] /home/travis/build/icyphy/ptII/ptolemy/domains/de/test/auto/deInCt2.xml (RunModel)" time="0.014" />
  <testcase classname="ptolemy.util.test.junit.AutoTests" name="[81] /home/travis/build/icyphy/ptII/ptolemy/domains/de/test/auto/dynamicCausalityInterface1.xml (RunModel)" time="0.021" />
  <testcase classname="ptolemy.util.test.junit.AutoTests" name="[82] /home/travis/build/icyphy/ptII/ptolemy/domains/de/test/auto/fsm_de_test.xml (RunModel)" time="0.022" />
  <testcase classname="ptolemy.util.test.junit.AutoTests" name="[83] /home/travis/build/icyphy/ptII/ptolemy/domains/de/test/auto/functionDependencyReconstruction.xml (RunModel)" time="0.034" />
  <testcase classname="ptolemy.util.test.junit.AutoTests" name="[84] /home/travis/build/icyphy/ptII/ptolemy/domains/de/test/auto/multirate.xml (RunModel)" time="0.016" />
  <testcase classname="ptolemy.util.test.junit.AutoTests" name="[85] /home/travis/build/icyphy/ptII/ptolemy/domains/de/test/auto/multirate2.xml (RunModel)" time="0.015" />
  <testcase classname="ptolemy.util.test.junit.AutoTests" name="[86] /home/travis/build/icyphy/ptII/ptolemy/domains/de/test/auto/realtime.xml (RunModel)" time="10.011" />
  <testcase classname="ptolemy.util.test.junit.AutoTests" name="[87] /home/travis/build/icyphy/ptII/ptolemy/domains/de/test/auto/relationGroup.xml (RunModel)" time="0.008" />
  <testcase classname="ptolemy.util.test.junit.AutoTests" name="[88] /home/travis/build/icyphy/ptII/ptolemy/domains/de/test/auto/relationGroup2.xml (RunModel)" time="0.007" />
  <testcase classname="ptolemy.util.test.junit.AutoTests" name="[89] /home/travis/build/icyphy/ptII/ptolemy/domains/de/test/auto/sortWithOpaquePorts.xml (RunModel)" time="0.009" />
  <testcase classname="ptolemy.util.test.junit.AutoTests" name="[90] /home/travis/build/icyphy/ptII/ptolemy/domains/de/test/auto/transferInputsandOutputs.xml (RunModel)" time="0.015" />
  <testcase classname="ptolemy.util.test.junit.AutoTests" name="[91] /home/travis/build/icyphy/ptII/ptolemy/domains/de/test/auto/triggerType.xml (RunModel)" time="0.009" />
  <system-out><![CDATA[/home/travis/build/icyphy/ptII/ptolemy/domains/de/test/DependencyLoop.tcl
testDefs.tcl: setting time out to 9000 seconds at Wed May 02 01:07:40 UTC 2018
14 ms. Memory: 116224K Free: 95204K (82%)
6 ms. Memory: 146944K Free: 137832K (94%)
/home/travis/build/icyphy/ptII/ptolemy/domains/de/test/RunDETestsAsQSS.tcl
Run the DE tests using ptolemy.domains.qss.test.QSSDirectorTest, which extends QSSDirector and prints a message in the constructors.
------------------ testing $PTII/ptolemy/domains/de/test/auto/knownFailedTests/dependencyLoop.xml (Known Failure) 
7 ms. Memory: 146944K Free: 133564K (91%)


==== $PTIIhome/travis/build/icyphy/ptII/ptolemy/domains/de/test/../../../../: Auto Automatic test in file $PTII/ptolemy/domains/de/test/auto/knownFailedTests/dependencyLoop.xml
==== Contents of test case:

	    # FIXME: we should use $relativeFilename here, but it
	    # might have backslashes under Windows, which causes no end
	    # of trouble.
	    createAndExecute $file
	    list {}
	
.... Test generated KNOWN error:
    while executing
ptolemy.kernel.util.IllegalActionException: Found a zero delay loop containing .dependencyLoop.original
  in .dependencyLoop and .dependencyLoop.original
	at ptolemy.actor.util.CausalityInterfaceForComposites._computeOutputPortDepth(CausalityInterfaceForComposites.java:759)
	at ptolemy.actor.util.CausalityInterfaceForComposites._computeInputDepth(CausalityInterfaceForComposites.java:696)
	at ptolemy.actor.util.CausalityInterfaceForComposites._computeOutputPortDepth(CausalityInterfaceForComposites.java:765)
	at ptolemy.actor.util.CausalityInterfaceForComposites._computeInputDepth(CausalityInterfaceForComposites.java:696)
	at ptolemy.actor.util.CausalityInterfaceForComposites._computeOutputPortDepth(CausalityInterfaceForComposites.java:765)
	at ptolemy.actor.util.CausalityInterfaceForComposites._computeInputDepth(CausalityInterfaceForComposites.java:696)
	at ptolemy.actor.util.CausalityInterfaceForComposites._computeActorDepth(CausalityInterfaceForComposites.java:532)
	at ptolemy.actor.util.CausalityInterfaceForComposites.checkForCycles(CausalityInterfaceForComposites.java:96)
	at ptolemy.domains.de.kernel.DEDirector.preinitialize(DEDirector.java:1337)
	at ptolemy.actor.CompositeActor.preinitialize(CompositeActor.java:1828)
	at ptolemy.actor.Manager.preinitializeAndResolveTypes(Manager.java:1040)
	at ptolemy.actor.Manager.initialize(Manager.java:710)
	at ptolemy.actor.Manager.execute(Manager.java:356)
	at ptolemy.actor.Manager.run(Manager.java:1263)
	at ptolemy.actor.Manager$PtolemyRunThread.run(Manager.java:1915)

    while executing
ptolemy.kernel.util.IllegalActionException: Found a zero delay loop containing .dependencyLoop.original
  in .dependencyLoop and .dependencyLoop.original
    while executing
"java::new ptolemy.moml.MoMLSimpleApplication $file
"
    (procedure "createAndExecute" line 2)
    invoked from within
"createAndExecute $file"
    ("uplevel" body line 5)
    invoked from within
"uplevel $contents_of_test"
------------------ testing $PTII/ptolemy/domains/de/test/auto/knownFailedTests/DESDFClockTest.xml (Known Failure) 
2061 ms. Memory: 146944K Free: 117720K (80%)


==== $PTIIhome/travis/build/icyphy/ptII/ptolemy/domains/de/test/../../../../: Auto Automatic test in file $PTII/ptolemy/domains/de/test/auto/knownFailedTests/DESDFClockTest.xml
==== Contents of test case:

	    # FIXME: we should use $relativeFilename here, but it
	    # might have backslashes under Windows, which causes no end
	    # of trouble.
	    createAndExecute $file
	    list {}
	
.... Test generated KNOWN error:
    while executing
ptolemy.kernel.util.IllegalActionException: Actor is not ready to fire.  Perhaps UpSample.prefire() returned false? Try debugging the actor by selecting "Listen to Actor".  Also, for SDF check moml for tokenConsumptionRate on input.
  in .DESDFClockTest.Play Bell.Copy1:SDF Director and .DESDFClockTest.Play Bell.UpSample
	at ptolemy.actor.sched.StaticSchedulingDirector.fire(StaticSchedulingDirector.java:227)
	at ptolemy.domains.sdf.kernel.SDFDirector.fire(SDFDirector.java:500)
	at ptolemy.actor.CompositeActor.fire(CompositeActor.java:455)
	at ptolemy.domains.de.kernel.DEDirector._fire(DEDirector.java:1948)
	at ptolemy.domains.de.kernel.DEDirector.fire(DEDirector.java:502)
	at ptolemy.actor.CompositeActor.fire(CompositeActor.java:455)
	at ptolemy.actor.Manager.iterate(Manager.java:851)
	at ptolemy.actor.Manager.execute(Manager.java:369)
	at ptolemy.actor.Manager.run(Manager.java:1263)
	at ptolemy.actor.Manager$PtolemyRunThread.run(Manager.java:1915)

    while executing
ptolemy.kernel.util.IllegalActionException: Actor is not ready to fire.  Perhaps UpSample.prefire() returned false? Try debugging the actor by selecting "Listen to Actor".  Also, for SDF check moml for tokenConsumptionRate on input.
  in .DESDFClockTest.Play Bell.Copy1:SDF Director and .DESDFClockTest.Play Bell.UpSample
    while executing
"java::new ptolemy.moml.MoMLSimpleApplication $file
"
    (procedure "createAndExecute" line 2)
    invoked from within
"createAndExecute $file"
    ("uplevel" body line 5)
    invoked from within
"uplevel $contents_of_test"
------------------ testing $PTII/ptolemy/domains/de/test/auto/knownFailedTests/FSMSource.xml (Known Failure) 
54 ms. Memory: 146944K Free: 108694K (74%)
!!!! Auto was marked as failing, but now passes
------------------ testing $PTII/ptolemy/domains/de/test/auto/knownFailedTests/dependencyLoop2.xml (Known Failure) 
16 ms. Memory: 146944K Free: 106811K (73%)


==== $PTIIhome/travis/build/icyphy/ptII/ptolemy/domains/de/test/../../../../: Auto Automatic test in file $PTII/ptolemy/domains/de/test/auto/knownFailedTests/dependencyLoop2.xml
==== Contents of test case:

	    # FIXME: we should use $relativeFilename here, but it
	    # might have backslashes under Windows, which causes no end
	    # of trouble.
	    createAndExecute $file
	    list {}
	
.... Test generated KNOWN error:
    while executing
ptolemy.kernel.util.IllegalActionException: Found a zero delay loop containing .dependencyLoop2.original
  in .dependencyLoop2 and .dependencyLoop2.original
	at ptolemy.actor.util.CausalityInterfaceForComposites._computeOutputPortDepth(CausalityInterfaceForComposites.java:759)
	at ptolemy.actor.util.CausalityInterfaceForComposites._computeInputDepth(CausalityInterfaceForComposites.java:696)
	at ptolemy.actor.util.CausalityInterfaceForComposites._computeOutputPortDepth(CausalityInterfaceForComposites.java:765)
	at ptolemy.actor.util.CausalityInterfaceForComposites._computeInputDepth(CausalityInterfaceForComposites.java:696)
	at ptolemy.actor.util.CausalityInterfaceForComposites._computeOutputPortDepth(CausalityInterfaceForComposites.java:765)
	at ptolemy.actor.util.CausalityInterfaceForComposites._computeInputDepth(CausalityInterfaceForComposites.java:696)
	at ptolemy.actor.util.CausalityInterfaceForComposites._computeActorDepth(CausalityInterfaceForComposites.java:532)
	at ptolemy.actor.util.CausalityInterfaceForComposites.checkForCycles(CausalityInterfaceForComposites.java:96)
	at ptolemy.domains.de.kernel.DEDirector.preinitialize(DEDirector.java:1337)
	at ptolemy.actor.CompositeActor.preinitialize(CompositeActor.java:1828)
	at ptolemy.actor.Manager.preinitializeAndResolveTypes(Manager.java:1040)
	at ptolemy.actor.Manager.initialize(Manager.java:710)
	at ptolemy.actor.Manager.execute(Manager.java:356)
	at ptolemy.actor.Manager.run(Manager.java:1263)
	at ptolemy.actor.Manager$PtolemyRunThread.run(Manager.java:1915)

    while executing
ptolemy.kernel.util.IllegalActionException: Found a zero delay loop containing .dependencyLoop2.original
  in .dependencyLoop2 and .dependencyLoop2.original
    while executing
"java::new ptolemy.moml.MoMLSimpleApplication $file
"
    (procedure "createAndExecute" line 2)
    invoked from within
"createAndExecute $file"
    ("uplevel" body line 5)
    invoked from within
"uplevel $contents_of_test"
------------------ testing $PTII/ptolemy/domains/de/test/auto/knownFailedTests/HierarchicalModel.xml (Known Failure) 
5 ms. Memory: 146944K Free: 86324K (59%)


==== $PTIIhome/travis/build/icyphy/ptII/ptolemy/domains/de/test/../../../../: Auto Automatic test in file $PTII/ptolemy/domains/de/test/auto/knownFailedTests/HierarchicalModel.xml
==== Contents of test case:

	    # FIXME: we should use $relativeFilename here, but it
	    # might have backslashes under Windows, which causes no end
	    # of trouble.
	    createAndExecute $file
	    list {}
	
.... Test generated KNOWN error:
    while executing
ptolemy.kernel.util.IllegalActionException: Found a zero delay loop containing .HierarchicalModel.A
  in .HierarchicalModel and .HierarchicalModel.A
	at ptolemy.actor.util.CausalityInterfaceForComposites._computeOutputPortDepth(CausalityInterfaceForComposites.java:759)
	at ptolemy.actor.util.CausalityInterfaceForComposites._computeInputDepth(CausalityInterfaceForComposites.java:696)
	at ptolemy.actor.util.CausalityInterfaceForComposites._computeOutputPortDepth(CausalityInterfaceForComposites.java:765)
	at ptolemy.actor.util.CausalityInterfaceForComposites._computeInputDepth(CausalityInterfaceForComposites.java:696)
	at ptolemy.actor.util.CausalityInterfaceForComposites._computeOutputPortDepth(CausalityInterfaceForComposites.java:765)
	at ptolemy.actor.util.CausalityInterfaceForComposites._computeInputDepth(CausalityInterfaceForComposites.java:696)
	at ptolemy.actor.util.CausalityInterfaceForComposites._computeActorDepth(CausalityInterfaceForComposites.java:532)
	at ptolemy.actor.util.CausalityInterfaceForComposites.checkForCycles(CausalityInterfaceForComposites.java:96)
	at ptolemy.domains.de.kernel.DEDirector.preinitialize(DEDirector.java:1337)
	at ptolemy.actor.CompositeActor.preinitialize(CompositeActor.java:1828)
	at ptolemy.actor.Manager.preinitializeAndResolveTypes(Manager.java:1040)
	at ptolemy.actor.Manager.initialize(Manager.java:710)
	at ptolemy.actor.Manager.execute(Manager.java:356)
	at ptolemy.actor.Manager.run(Manager.java:1263)
	at ptolemy.actor.Manager$PtolemyRunThread.run(Manager.java:1915)

    while executing
ptolemy.kernel.util.IllegalActionException: Found a zero delay loop containing .HierarchicalModel.A
  in .HierarchicalModel and .HierarchicalModel.A
    while executing
"java::new ptolemy.moml.MoMLSimpleApplication $file
"
    (procedure "createAndExecute" line 2)
    invoked from within
"createAndExecute $file"
    ("uplevel" body line 5)
    invoked from within
"uplevel $contents_of_test"
------------------ testing $PTII/ptolemy/domains/de/test/auto/knownFailedTests/DirectFeedback.xml (Known Failure) 
14 ms. Memory: 146944K Free: 142583K (97%)


==== $PTIIhome/travis/build/icyphy/ptII/ptolemy/domains/de/test/../../../../: Auto Automatic test in file $PTII/ptolemy/domains/de/test/auto/knownFailedTests/DirectFeedback.xml
==== Contents of test case:

	    # FIXME: we should use $relativeFilename here, but it
	    # might have backslashes under Windows, which causes no end
	    # of trouble.
	    createAndExecute $file
	    list {}
	
.... Test generated KNOWN error:
    while executing
ptolemy.kernel.util.IllegalActionException: Test fails in iteration 1.
Value was: 1.0. Should have been: 2.0
  in .DirectFeedback.Test
	at ptolemy.actor.lib.Test.fire(Test.java:268)
	at ptolemy.domains.de.kernel.DEDirector._fire(DEDirector.java:1948)
	at ptolemy.domains.de.kernel.DEDirector.fire(DEDirector.java:502)
	at ptolemy.actor.CompositeActor.fire(CompositeActor.java:455)
	at ptolemy.actor.Manager.iterate(Manager.java:851)
	at ptolemy.actor.Manager.execute(Manager.java:369)
	at ptolemy.actor.Manager.run(Manager.java:1263)
	at ptolemy.actor.Manager$PtolemyRunThread.run(Manager.java:1915)

    while executing
ptolemy.kernel.util.IllegalActionException: Test fails in iteration 1.
Value was: 1.0. Should have been: 2.0
  in .DirectFeedback.Test
    while executing
"java::new ptolemy.moml.MoMLSimpleApplication $file
"
    (procedure "createAndExecute" line 2)
    invoked from within
"createAndExecute $file"
    ("uplevel" body line 5)
    invoked from within
"uplevel $contents_of_test"
------------------ testing $PTII/ptolemy/domains/de/test/auto/ActorDepthCalculation_actorWithoutPorts.xml
auto.tcl: Setting watchdog for 200 seconds at Wed May 02 01:07:43 UTC 2018
8 ms. Memory: 146944K Free: 133643K (91%)
ptolemy.util.test.WatchDog.cancel(): canceling Wed May 02 01:07:44 UTC 2018
auto.tcl: Setting watchdog for 200 seconds at Wed May 02 01:07:44 UTC 2018
7 ms. Memory: 146944K Free: 132607K (90%)
ptolemy.util.test.WatchDog.cancel(): canceling Wed May 02 01:07:44 UTC 2018
------------------ testing $PTII/ptolemy/domains/de/test/auto/AssemblyLine.xml
auto.tcl: Setting watchdog for 200 seconds at Wed May 02 01:07:44 UTC 2018
23 ms. Memory: 208384K Free: 186389K (89%)
ptolemy.util.test.WatchDog.cancel(): canceling Wed May 02 01:07:44 UTC 2018
auto.tcl: Setting watchdog for 200 seconds at Wed May 02 01:07:44 UTC 2018
10 ms. Memory: 208384K Free: 186389K (89%)
ptolemy.util.test.WatchDog.cancel(): canceling Wed May 02 01:07:44 UTC 2018
------------------ testing $PTII/ptolemy/domains/de/test/auto/CQBug1.xml
auto.tcl: Setting watchdog for 200 seconds at Wed May 02 01:07:44 UTC 2018
3 ms. Memory: 208384K Free: 197750K (95%)
ptolemy.util.test.WatchDog.cancel(): canceling Wed May 02 01:07:44 UTC 2018
auto.tcl: Setting watchdog for 200 seconds at Wed May 02 01:07:44 UTC 2018
2 ms. Memory: 208384K Free: 197750K (95%)
ptolemy.util.test.WatchDog.cancel(): canceling Wed May 02 01:07:44 UTC 2018
------------------ testing $PTII/ptolemy/domains/de/test/auto/CancelFireAt.xml
auto.tcl: Setting watchdog for 200 seconds at Wed May 02 01:07:44 UTC 2018
4 ms. Memory: 208384K Free: 201455K (97%)
ptolemy.util.test.WatchDog.cancel(): canceling Wed May 02 01:07:44 UTC 2018
auto.tcl: Setting watchdog for 200 seconds at Wed May 02 01:07:44 UTC 2018
4 ms. Memory: 208384K Free: 199371K (96%)
ptolemy.util.test.WatchDog.cancel(): canceling Wed May 02 01:07:44 UTC 2018
------------------ testing $PTII/ptolemy/domains/de/test/auto/CausalityAndComposabilityAnalysis.xml
auto.tcl: Setting watchdog for 200 seconds at Wed May 02 01:07:44 UTC 2018
11 ms. Memory: 208384K Free: 196547K (94%)
ptolemy.util.test.WatchDog.cancel(): canceling Wed May 02 01:07:44 UTC 2018
auto.tcl: Setting watchdog for 200 seconds at Wed May 02 01:07:44 UTC 2018
11 ms. Memory: 208384K Free: 196547K (94%)
ptolemy.util.test.WatchDog.cancel(): canceling Wed May 02 01:07:44 UTC 2018
------------------ testing $PTII/ptolemy/domains/de/test/auto/CausalityInterface1.xml
auto.tcl: Setting watchdog for 200 seconds at Wed May 02 01:07:45 UTC 2018
9 ms. Memory: 208384K Free: 196484K (94%)
ptolemy.util.test.WatchDog.cancel(): canceling Wed May 02 01:07:45 UTC 2018
auto.tcl: Setting watchdog for 200 seconds at Wed May 02 01:07:45 UTC 2018
5 ms. Memory: 208384K Free: 196484K (94%)
ptolemy.util.test.WatchDog.cancel(): canceling Wed May 02 01:07:45 UTC 2018
------------------ testing $PTII/ptolemy/domains/de/test/auto/CausalityInterface15.xml
auto.tcl: Setting watchdog for 200 seconds at Wed May 02 01:07:45 UTC 2018
16 ms. Memory: 208384K Free: 196475K (94%)
ptolemy.util.test.WatchDog.cancel(): canceling Wed May 02 01:07:45 UTC 2018
auto.tcl: Setting watchdog for 200 seconds at Wed May 02 01:07:45 UTC 2018
12 ms. Memory: 208384K Free: 194391K (93%)
ptolemy.util.test.WatchDog.cancel(): canceling Wed May 02 01:07:45 UTC 2018
------------------ testing $PTII/ptolemy/domains/de/test/auto/CausalityInterface2.xml
auto.tcl: Setting watchdog for 200 seconds at Wed May 02 01:07:45 UTC 2018
8 ms. Memory: 208384K Free: 196459K (94%)
ptolemy.util.test.WatchDog.cancel(): canceling Wed May 02 01:07:45 UTC 2018
auto.tcl: Setting watchdog for 200 seconds at Wed May 02 01:07:45 UTC 2018
3 ms. Memory: 208384K Free: 196459K (94%)
ptolemy.util.test.WatchDog.cancel(): canceling Wed May 02 01:07:45 UTC 2018
------------------ testing $PTII/ptolemy/domains/de/test/auto/CausalityInterface3.xml
auto.tcl: Setting watchdog for 200 seconds at Wed May 02 01:07:45 UTC 2018
3 ms. Memory: 208384K Free: 196472K (94%)
ptolemy.util.test.WatchDog.cancel(): canceling Wed May 02 01:07:45 UTC 2018
auto.tcl: Setting watchdog for 200 seconds at Wed May 02 01:07:45 UTC 2018
3 ms. Memory: 208384K Free: 196472K (94%)
ptolemy.util.test.WatchDog.cancel(): canceling Wed May 02 01:07:45 UTC 2018
------------------ testing $PTII/ptolemy/domains/de/test/auto/ClockDrift.xml
auto.tcl: Setting watchdog for 200 seconds at Wed May 02 01:07:45 UTC 2018
83 ms. Memory: 208384K Free: 187750K (90%)
ptolemy.util.test.WatchDog.cancel(): canceling Wed May 02 01:07:45 UTC 2018
auto.tcl: Setting watchdog for 200 seconds at Wed May 02 01:07:45 UTC 2018
85 ms. Memory: 208384K Free: 185666K (89%)
ptolemy.util.test.WatchDog.cancel(): canceling Wed May 02 01:07:45 UTC 2018
------------------ testing $PTII/ptolemy/domains/de/test/auto/ClockDriftAndValueChange.xml
auto.tcl: Setting watchdog for 200 seconds at Wed May 02 01:07:45 UTC 2018
59 ms. Memory: 208384K Free: 187584K (90%)
ptolemy.util.test.WatchDog.cancel(): canceling Wed May 02 01:07:45 UTC 2018
auto.tcl: Setting watchdog for 200 seconds at Wed May 02 01:07:45 UTC 2018
45 ms. Memory: 208384K Free: 185499K (89%)
ptolemy.util.test.WatchDog.cancel(): canceling Wed May 02 01:07:45 UTC 2018
------------------ testing $PTII/ptolemy/domains/de/test/auto/ClockDriftChange.xml
auto.tcl: Setting watchdog for 200 seconds at Wed May 02 01:07:45 UTC 2018
45 ms. Memory: 208384K Free: 190890K (92%)
ptolemy.util.test.WatchDog.cancel(): canceling Wed May 02 01:07:46 UTC 2018
auto.tcl: Setting watchdog for 200 seconds at Wed May 02 01:07:46 UTC 2018
41 ms. Memory: 208384K Free: 188805K (91%)
ptolemy.util.test.WatchDog.cancel(): canceling Wed May 02 01:07:46 UTC 2018
------------------ testing $PTII/ptolemy/domains/de/test/auto/ComposableCausalityAnalysis.xml
auto.tcl: Setting watchdog for 200 seconds at Wed May 02 01:07:46 UTC 2018
2 ms. Memory: 208384K Free: 196326K (94%)
ptolemy.util.test.WatchDog.cancel(): canceling Wed May 02 01:07:46 UTC 2018
auto.tcl: Setting watchdog for 200 seconds at Wed May 02 01:07:46 UTC 2018
2 ms. Memory: 208384K Free: 194242K (93%)
ptolemy.util.test.WatchDog.cancel(): canceling Wed May 02 01:07:46 UTC 2018
------------------ testing $PTII/ptolemy/domains/de/test/auto/DEFixedPointLimitation.xml
auto.tcl: Setting watchdog for 200 seconds at Wed May 02 01:07:46 UTC 2018
2 ms. Memory: 208384K Free: 196407K (94%)
ptolemy.util.test.WatchDog.cancel(): canceling Wed May 02 01:07:46 UTC 2018
auto.tcl: Setting watchdog for 200 seconds at Wed May 02 01:07:46 UTC 2018
2 ms. Memory: 208384K Free: 196407K (94%)
ptolemy.util.test.WatchDog.cancel(): canceling Wed May 02 01:07:46 UTC 2018
------------------ testing $PTII/ptolemy/domains/de/test/auto/DEScheduleTest.xml
auto.tcl: Setting watchdog for 200 seconds at Wed May 02 01:07:46 UTC 2018
6 ms. Memory: 208384K Free: 198527K (95%)
ptolemy.util.test.WatchDog.cancel(): canceling Wed May 02 01:07:46 UTC 2018
auto.tcl: Setting watchdog for 200 seconds at Wed May 02 01:07:46 UTC 2018
3 ms. Memory: 208384K Free: 196443K (94%)
ptolemy.util.test.WatchDog.cancel(): canceling Wed May 02 01:07:46 UTC 2018
------------------ testing $PTII/ptolemy/domains/de/test/auto/DEinDEwithStartTimes.xml
auto.tcl: Setting watchdog for 200 seconds at Wed May 02 01:07:46 UTC 2018
5 ms. Memory: 208384K Free: 196412K (94%)
ptolemy.util.test.WatchDog.cancel(): canceling Wed May 02 01:07:46 UTC 2018
auto.tcl: Setting watchdog for 200 seconds at Wed May 02 01:07:46 UTC 2018
5 ms. Memory: 208384K Free: 194328K (93%)
ptolemy.util.test.WatchDog.cancel(): canceling Wed May 02 01:07:46 UTC 2018
------------------ testing $PTII/ptolemy/domains/de/test/auto/DEinDEwithStartTimes2.xml
auto.tcl: Setting watchdog for 200 seconds at Wed May 02 01:07:46 UTC 2018
8 ms. Memory: 208384K Free: 196730K (94%)
ptolemy.util.test.WatchDog.cancel(): canceling Wed May 02 01:07:46 UTC 2018
auto.tcl: Setting watchdog for 200 seconds at Wed May 02 01:07:46 UTC 2018
9 ms. Memory: 208384K Free: 194308K (93%)
ptolemy.util.test.WatchDog.cancel(): canceling Wed May 02 01:07:46 UTC 2018
------------------ testing $PTII/ptolemy/domains/de/test/auto/DateDemo.xml
auto.tcl: Setting watchdog for 200 seconds at Wed May 02 01:07:46 UTC 2018
13 ms. Memory: 208384K Free: 188885K (91%)
ptolemy.util.test.WatchDog.cancel(): canceling Wed May 02 01:07:46 UTC 2018
auto.tcl: Setting watchdog for 200 seconds at Wed May 02 01:07:46 UTC 2018
15 ms. Memory: 208384K Free: 186800K (90%)
ptolemy.util.test.WatchDog.cancel(): canceling Wed May 02 01:07:46 UTC 2018
------------------ testing $PTII/ptolemy/domains/de/test/auto/DateToEvent.xml
auto.tcl: Setting watchdog for 200 seconds at Wed May 02 01:07:46 UTC 2018
2018 ms. Memory: 208384K Free: 183646K (88%)
ptolemy.util.test.WatchDog.cancel(): canceling Wed May 02 01:07:48 UTC 2018
auto.tcl: Setting watchdog for 200 seconds at Wed May 02 01:07:48 UTC 2018
2006 ms. Memory: 208384K Free: 183646K (88%)
ptolemy.util.test.WatchDog.cancel(): canceling Wed May 02 01:07:50 UTC 2018
------------------ testing $PTII/ptolemy/domains/de/test/auto/DepthTest1.xml
auto.tcl: Setting watchdog for 200 seconds at Wed May 02 01:07:50 UTC 2018
3 ms. Memory: 208384K Free: 198392K (95%)
ptolemy.util.test.WatchDog.cancel(): canceling Wed May 02 01:07:50 UTC 2018
auto.tcl: Setting watchdog for 200 seconds at Wed May 02 01:07:50 UTC 2018
4 ms. Memory: 208384K Free: 198392K (95%)
ptolemy.util.test.WatchDog.cancel(): canceling Wed May 02 01:07:50 UTC 2018
------------------ testing $PTII/ptolemy/domains/de/test/auto/DepthTest2.xml
auto.tcl: Setting watchdog for 200 seconds at Wed May 02 01:07:51 UTC 2018
5 ms. Memory: 208384K Free: 194287K (93%)
ptolemy.util.test.WatchDog.cancel(): canceling Wed May 02 01:07:51 UTC 2018
auto.tcl: Setting watchdog for 200 seconds at Wed May 02 01:07:51 UTC 2018
2 ms. Memory: 208384K Free: 194287K (93%)
ptolemy.util.test.WatchDog.cancel(): canceling Wed May 02 01:07:51 UTC 2018
------------------ testing $PTII/ptolemy/domains/de/test/auto/DepthTest3.xml
auto.tcl: Setting watchdog for 200 seconds at Wed May 02 01:07:51 UTC 2018
5 ms. Memory: 208384K Free: 198388K (95%)
ptolemy.util.test.WatchDog.cancel(): canceling Wed May 02 01:07:51 UTC 2018
auto.tcl: Setting watchdog for 200 seconds at Wed May 02 01:07:51 UTC 2018
2 ms. Memory: 208384K Free: 198388K (95%)
ptolemy.util.test.WatchDog.cancel(): canceling Wed May 02 01:07:51 UTC 2018
------------------ testing $PTII/ptolemy/domains/de/test/auto/DepthTest4.xml
auto.tcl: Setting watchdog for 200 seconds at Wed May 02 01:07:51 UTC 2018
12 ms. Memory: 208384K Free: 196391K (94%)
ptolemy.util.test.WatchDog.cancel(): canceling Wed May 02 01:07:51 UTC 2018
auto.tcl: Setting watchdog for 200 seconds at Wed May 02 01:07:51 UTC 2018
3 ms. Memory: 208384K Free: 196391K (94%)
ptolemy.util.test.WatchDog.cancel(): canceling Wed May 02 01:07:51 UTC 2018
------------------ testing $PTII/ptolemy/domains/de/test/auto/DepthTest5.xml
auto.tcl: Setting watchdog for 200 seconds at Wed May 02 01:07:51 UTC 2018
7 ms. Memory: 208384K Free: 196676K (94%)
ptolemy.util.test.WatchDog.cancel(): canceling Wed May 02 01:07:51 UTC 2018
auto.tcl: Setting watchdog for 200 seconds at Wed May 02 01:07:51 UTC 2018
4 ms. Memory: 208384K Free: 196676K (94%)
ptolemy.util.test.WatchDog.cancel(): canceling Wed May 02 01:07:51 UTC 2018
------------------ testing $PTII/ptolemy/domains/de/test/auto/DepthTest6.xml
auto.tcl: Setting watchdog for 200 seconds at Wed May 02 01:07:51 UTC 2018
9 ms. Memory: 208384K Free: 196315K (94%)
ptolemy.util.test.WatchDog.cancel(): canceling Wed May 02 01:07:51 UTC 2018
auto.tcl: Setting watchdog for 200 seconds at Wed May 02 01:07:51 UTC 2018
1 ms. Memory: 208384K Free: 196315K (94%)
ptolemy.util.test.WatchDog.cancel(): canceling Wed May 02 01:07:51 UTC 2018
------------------ testing $PTII/ptolemy/domains/de/test/auto/DepthTest7.xml
auto.tcl: Setting watchdog for 200 seconds at Wed May 02 01:07:51 UTC 2018
5 ms. Memory: 208384K Free: 196296K (94%)
ptolemy.util.test.WatchDog.cancel(): canceling Wed May 02 01:07:51 UTC 2018
auto.tcl: Setting watchdog for 200 seconds at Wed May 02 01:07:51 UTC 2018
2 ms. Memory: 208384K Free: 196296K (94%)
ptolemy.util.test.WatchDog.cancel(): canceling Wed May 02 01:07:51 UTC 2018
------------------ testing $PTII/ptolemy/domains/de/test/auto/EventToDate.xml
auto.tcl: Setting watchdog for 200 seconds at Wed May 02 01:07:51 UTC 2018
3011 ms. Memory: 208384K Free: 185894K (89%)
ptolemy.util.test.WatchDog.cancel(): canceling Wed May 02 01:07:54 UTC 2018
auto.tcl: Setting watchdog for 200 seconds at Wed May 02 01:07:54 UTC 2018
3004 ms. Memory: 208384K Free: 183437K (88%)
ptolemy.util.test.WatchDog.cancel(): canceling Wed May 02 01:07:57 UTC 2018
------------------ testing $PTII/ptolemy/domains/de/test/auto/FSM1.xml
auto.tcl: Setting watchdog for 200 seconds at Wed May 02 01:07:57 UTC 2018
32 ms. Memory: 208384K Free: 184836K (89%)
ptolemy.util.test.WatchDog.cancel(): canceling Wed May 02 01:07:57 UTC 2018
auto.tcl: Setting watchdog for 200 seconds at Wed May 02 01:07:57 UTC 2018
25 ms. Memory: 208384K Free: 182752K (88%)
ptolemy.util.test.WatchDog.cancel(): canceling Wed May 02 01:07:57 UTC 2018
------------------ testing $PTII/ptolemy/domains/de/test/auto/FSM7.xml
auto.tcl: Setting watchdog for 200 seconds at Wed May 02 01:07:57 UTC 2018
14 ms. Memory: 208384K Free: 187876K (90%)
ptolemy.util.test.WatchDog.cancel(): canceling Wed May 02 01:07:57 UTC 2018
auto.tcl: Setting watchdog for 200 seconds at Wed May 02 01:07:57 UTC 2018
27 ms. Memory: 208384K Free: 185791K (89%)
ptolemy.util.test.WatchDog.cancel(): canceling Wed May 02 01:07:57 UTC 2018
------------------ testing $PTII/ptolemy/domains/de/test/auto/Inspection.xml
auto.tcl: Setting watchdog for 200 seconds at Wed May 02 01:07:57 UTC 2018
35 ms. Memory: 208384K Free: 189051K (91%)
ptolemy.util.test.WatchDog.cancel(): canceling Wed May 02 01:07:57 UTC 2018
auto.tcl: Setting watchdog for 200 seconds at Wed May 02 01:07:57 UTC 2018
29 ms. Memory: 208384K Free: 186629K (90%)
ptolemy.util.test.WatchDog.cancel(): canceling Wed May 02 01:07:57 UTC 2018
------------------ testing $PTII/ptolemy/domains/de/test/auto/Iteration.xml
auto.tcl: Setting watchdog for 200 seconds at Wed May 02 01:07:57 UTC 2018
20 ms. Memory: 208384K Free: 194358K (93%)
ptolemy.util.test.WatchDog.cancel(): canceling Wed May 02 01:07:58 UTC 2018
auto.tcl: Setting watchdog for 200 seconds at Wed May 02 01:07:58 UTC 2018
11 ms. Memory: 208384K Free: 194358K (93%)
ptolemy.util.test.WatchDog.cancel(): canceling Wed May 02 01:07:58 UTC 2018
------------------ testing $PTII/ptolemy/domains/de/test/auto/LineFault.xml
auto.tcl: Setting watchdog for 200 seconds at Wed May 02 01:07:58 UTC 2018
851 ms. Memory: 208384K Free: 195174K (94%)
ptolemy.util.test.WatchDog.cancel(): canceling Wed May 02 01:07:59 UTC 2018
auto.tcl: Setting watchdog for 200 seconds at Wed May 02 01:07:59 UTC 2018
720 ms. Memory: 208384K Free: 137818K (66%)
ptolemy.util.test.WatchDog.cancel(): canceling Wed May 02 01:07:59 UTC 2018
------------------ testing $PTII/ptolemy/domains/de/test/auto/MergeModel1Add.xml
auto.tcl: Setting watchdog for 200 seconds at Wed May 02 01:08:00 UTC 2018
28 ms. Memory: 331264K Free: 303041K (91%)
ptolemy.util.test.WatchDog.cancel(): canceling Wed May 02 01:08:00 UTC 2018
auto.tcl: Setting watchdog for 200 seconds at Wed May 02 01:08:00 UTC 2018
12 ms. Memory: 331264K Free: 299145K (90%)
ptolemy.util.test.WatchDog.cancel(): canceling Wed May 02 01:08:00 UTC 2018
------------------ testing $PTII/ptolemy/domains/de/test/auto/MergeModel2Add.xml
auto.tcl: Setting watchdog for 200 seconds at Wed May 02 01:08:00 UTC 2018
12 ms. Memory: 331264K Free: 304411K (92%)
ptolemy.util.test.WatchDog.cancel(): canceling Wed May 02 01:08:00 UTC 2018
auto.tcl: Setting watchdog for 200 seconds at Wed May 02 01:08:00 UTC 2018
14 ms. Memory: 331264K Free: 300514K (91%)
ptolemy.util.test.WatchDog.cancel(): canceling Wed May 02 01:08:00 UTC 2018
------------------ testing $PTII/ptolemy/domains/de/test/auto/MergeModel3Add.xml
auto.tcl: Setting watchdog for 200 seconds at Wed May 02 01:08:00 UTC 2018
13 ms. Memory: 331264K Free: 304421K (92%)
ptolemy.util.test.WatchDog.cancel(): canceling Wed May 02 01:08:00 UTC 2018
auto.tcl: Setting watchdog for 200 seconds at Wed May 02 01:08:00 UTC 2018
10 ms. Memory: 331264K Free: 300524K (91%)
ptolemy.util.test.WatchDog.cancel(): canceling Wed May 02 01:08:00 UTC 2018
------------------ testing $PTII/ptolemy/domains/de/test/auto/MergeWithoutDiscard.xml
auto.tcl: Setting watchdog for 200 seconds at Wed May 02 01:08:00 UTC 2018
4 ms. Memory: 331264K Free: 315706K (95%)
ptolemy.util.test.WatchDog.cancel(): canceling Wed May 02 01:08:00 UTC 2018
auto.tcl: Setting watchdog for 200 seconds at Wed May 02 01:08:00 UTC 2018
1 ms. Memory: 331264K Free: 315706K (95%)
ptolemy.util.test.WatchDog.cancel(): canceling Wed May 02 01:08:00 UTC 2018
------------------ testing $PTII/ptolemy/domains/de/test/auto/Modal1.xml
auto.tcl: Setting watchdog for 200 seconds at Wed May 02 01:08:00 UTC 2018
23 ms. Memory: 331264K Free: 309665K (93%)
ptolemy.util.test.WatchDog.cancel(): canceling Wed May 02 01:08:00 UTC 2018
auto.tcl: Setting watchdog for 200 seconds at Wed May 02 01:08:00 UTC 2018
33 ms. Memory: 331264K Free: 305769K (92%)
ptolemy.util.test.WatchDog.cancel(): canceling Wed May 02 01:08:00 UTC 2018
------------------ testing $PTII/ptolemy/domains/de/test/auto/Modal2.xml
auto.tcl: Setting watchdog for 200 seconds at Wed May 02 01:08:00 UTC 2018
19 ms. Memory: 331264K Free: 309539K (93%)
ptolemy.util.test.WatchDog.cancel(): canceling Wed May 02 01:08:00 UTC 2018
auto.tcl: Setting watchdog for 200 seconds at Wed May 02 01:08:00 UTC 2018
19 ms. Memory: 331264K Free: 305642K (92%)
ptolemy.util.test.WatchDog.cancel(): canceling Wed May 02 01:08:00 UTC 2018
------------------ testing $PTII/ptolemy/domains/de/test/auto/Modal3.xml
auto.tcl: Setting watchdog for 200 seconds at Wed May 02 01:08:00 UTC 2018
15 ms. Memory: 331264K Free: 309823K (94%)
ptolemy.util.test.WatchDog.cancel(): canceling Wed May 02 01:08:00 UTC 2018
auto.tcl: Setting watchdog for 200 seconds at Wed May 02 01:08:00 UTC 2018
13 ms. Memory: 331264K Free: 305641K (92%)
ptolemy.util.test.WatchDog.cancel(): canceling Wed May 02 01:08:00 UTC 2018
------------------ testing $PTII/ptolemy/domains/de/test/auto/Modal4.xml
auto.tcl: Setting watchdog for 200 seconds at Wed May 02 01:08:00 UTC 2018
13 ms. Memory: 331264K Free: 309535K (93%)
ptolemy.util.test.WatchDog.cancel(): canceling Wed May 02 01:08:00 UTC 2018
auto.tcl: Setting watchdog for 200 seconds at Wed May 02 01:08:00 UTC 2018
19 ms. Memory: 331264K Free: 305638K (92%)
ptolemy.util.test.WatchDog.cancel(): canceling Wed May 02 01:08:00 UTC 2018
------------------ testing $PTII/ptolemy/domains/de/test/auto/Modal5.xml
auto.tcl: Setting watchdog for 200 seconds at Wed May 02 01:08:01 UTC 2018
18 ms. Memory: 331264K Free: 309522K (93%)
ptolemy.util.test.WatchDog.cancel(): canceling Wed May 02 01:08:01 UTC 2018
auto.tcl: Setting watchdog for 200 seconds at Wed May 02 01:08:01 UTC 2018
17 ms. Memory: 331264K Free: 305626K (92%)
ptolemy.util.test.WatchDog.cancel(): canceling Wed May 02 01:08:01 UTC 2018
------------------ testing $PTII/ptolemy/domains/de/test/auto/Modal6.xml
auto.tcl: Setting watchdog for 200 seconds at Wed May 02 01:08:01 UTC 2018
16 ms. Memory: 331264K Free: 309520K (93%)
ptolemy.util.test.WatchDog.cancel(): canceling Wed May 02 01:08:01 UTC 2018
auto.tcl: Setting watchdog for 200 seconds at Wed May 02 01:08:01 UTC 2018
18 ms. Memory: 331264K Free: 305623K (92%)
ptolemy.util.test.WatchDog.cancel(): canceling Wed May 02 01:08:01 UTC 2018
------------------ testing $PTII/ptolemy/domains/de/test/auto/Modal7.xml
auto.tcl: Setting watchdog for 200 seconds at Wed May 02 01:08:01 UTC 2018
19 ms. Memory: 331264K Free: 305624K (92%)
ptolemy.util.test.WatchDog.cancel(): canceling Wed May 02 01:08:01 UTC 2018
auto.tcl: Setting watchdog for 200 seconds at Wed May 02 01:08:01 UTC 2018
24 ms. Memory: 331264K Free: 305624K (92%)
ptolemy.util.test.WatchDog.cancel(): canceling Wed May 02 01:08:01 UTC 2018
------------------ testing $PTII/ptolemy/domains/de/test/auto/ModalModel.xml
auto.tcl: Setting watchdog for 200 seconds at Wed May 02 01:08:01 UTC 2018
272 ms. Memory: 331264K Free: 246189K (74%)
ptolemy.util.test.WatchDog.cancel(): canceling Wed May 02 01:08:01 UTC 2018
auto.tcl: Setting watchdog for 200 seconds at Wed May 02 01:08:01 UTC 2018
237 ms. Memory: 331264K Free: 187742K (57%)
ptolemy.util.test.WatchDog.cancel(): canceling Wed May 02 01:08:02 UTC 2018
------------------ testing $PTII/ptolemy/domains/de/test/auto/ModalSource.xml
auto.tcl: Setting watchdog for 200 seconds at Wed May 02 01:08:02 UTC 2018
11 ms. Memory: 331264K Free: 316186K (95%)
ptolemy.util.test.WatchDog.cancel(): canceling Wed May 02 01:08:02 UTC 2018
auto.tcl: Setting watchdog for 200 seconds at Wed May 02 01:08:02 UTC 2018
12 ms. Memory: 331264K Free: 312687K (94%)
ptolemy.util.test.WatchDog.cancel(): canceling Wed May 02 01:08:02 UTC 2018
------------------ testing $PTII/ptolemy/domains/de/test/auto/NonInterruptibleTimerZeroDelay.xml
auto.tcl: Setting watchdog for 200 seconds at Wed May 02 01:08:02 UTC 2018
5 ms. Memory: 331264K Free: 320523K (97%)
ptolemy.util.test.WatchDog.cancel(): canceling Wed May 02 01:08:02 UTC 2018
auto.tcl: Setting watchdog for 200 seconds at Wed May 02 01:08:02 UTC 2018
3 ms. Memory: 331264K Free: 317024K (96%)
ptolemy.util.test.WatchDog.cancel(): canceling Wed May 02 01:08:02 UTC 2018
------------------ testing $PTII/ptolemy/domains/de/test/auto/OpenQueueingNetwork.xml
auto.tcl: Setting watchdog for 200 seconds at Wed May 02 01:08:02 UTC 2018
5053 ms. Memory: 317952K Free: 112339K (35%)
ptolemy.util.test.WatchDog.cancel(): canceling Wed May 02 01:08:07 UTC 2018
auto.tcl: Setting watchdog for 200 seconds at Wed May 02 01:08:07 UTC 2018
3437 ms. Memory: 287232K Free: 176708K (62%)
ptolemy.util.test.WatchDog.cancel(): canceling Wed May 02 01:08:10 UTC 2018
------------------ testing $PTII/ptolemy/domains/de/test/auto/OpenQueuingNetwork.xml
auto.tcl: Setting watchdog for 200 seconds at Wed May 02 01:08:10 UTC 2018
331 ms. Memory: 287232K Free: 188522K (66%)
ptolemy.util.test.WatchDog.cancel(): canceling Wed May 02 01:08:11 UTC 2018
auto.tcl: Setting watchdog for 200 seconds at Wed May 02 01:08:11 UTC 2018
316 ms. Memory: 287232K Free: 127598K (44%)
ptolemy.util.test.WatchDog.cancel(): canceling Wed May 02 01:08:11 UTC 2018
------------------ testing $PTII/ptolemy/domains/de/test/auto/PeriodicSampler.xml
auto.tcl: Setting watchdog for 200 seconds at Wed May 02 01:08:11 UTC 2018
3 ms. Memory: 289792K Free: 277153K (96%)
ptolemy.util.test.WatchDog.cancel(): canceling Wed May 02 01:08:11 UTC 2018
auto.tcl: Setting watchdog for 200 seconds at Wed May 02 01:08:11 UTC 2018
2 ms. Memory: 289792K Free: 274125K (95%)
ptolemy.util.test.WatchDog.cancel(): canceling Wed May 02 01:08:11 UTC 2018
------------------ testing $PTII/ptolemy/domains/de/test/auto/PersistentIO.xml
auto.tcl: Setting watchdog for 200 seconds at Wed May 02 01:08:11 UTC 2018
14 ms. Memory: 287232K Free: 269237K (94%)
ptolemy.util.test.WatchDog.cancel(): canceling Wed May 02 01:08:11 UTC 2018
auto.tcl: Setting watchdog for 200 seconds at Wed May 02 01:08:11 UTC 2018
3 ms. Memory: 287232K Free: 266194K (93%)
ptolemy.util.test.WatchDog.cancel(): canceling Wed May 02 01:08:11 UTC 2018
------------------ testing $PTII/ptolemy/domains/de/test/auto/PortParameterResetOnInitialize.xml
auto.tcl: Setting watchdog for 200 seconds at Wed May 02 01:08:11 UTC 2018
3 ms. Memory: 289280K Free: 276116K (95%)
ptolemy.util.test.WatchDog.cancel(): canceling Wed May 02 01:08:11 UTC 2018
auto.tcl: Setting watchdog for 200 seconds at Wed May 02 01:08:11 UTC 2018
2 ms. Memory: 289280K Free: 276116K (95%)
ptolemy.util.test.WatchDog.cancel(): canceling Wed May 02 01:08:11 UTC 2018
------------------ testing $PTII/ptolemy/domains/de/test/auto/PortParameterUpdates.xml
auto.tcl: Setting watchdog for 200 seconds at Wed May 02 01:08:12 UTC 2018
3 ms. Memory: 287232K Free: 274301K (95%)
ptolemy.util.test.WatchDog.cancel(): canceling Wed May 02 01:08:12 UTC 2018
auto.tcl: Setting watchdog for 200 seconds at Wed May 02 01:08:12 UTC 2018
4 ms. Memory: 287232K Free: 271266K (94%)
ptolemy.util.test.WatchDog.cancel(): canceling Wed May 02 01:08:12 UTC 2018
------------------ testing $PTII/ptolemy/domains/de/test/auto/QueueAndServer.xml
auto.tcl: Setting watchdog for 200 seconds at Wed May 02 01:08:12 UTC 2018
18 ms. Memory: 289280K Free: 271126K (94%)
ptolemy.util.test.WatchDog.cancel(): canceling Wed May 02 01:08:12 UTC 2018
auto.tcl: Setting watchdog for 200 seconds at Wed May 02 01:08:12 UTC 2018
8 ms. Memory: 289280K Free: 271126K (94%)
ptolemy.util.test.WatchDog.cancel(): canceling Wed May 02 01:08:12 UTC 2018
------------------ testing $PTII/ptolemy/domains/de/test/auto/Records.xml
auto.tcl: Setting watchdog for 200 seconds at Wed May 02 01:08:12 UTC 2018
3 ms. Memory: 287232K Free: 274107K (95%)
ptolemy.util.test.WatchDog.cancel(): canceling Wed May 02 01:08:12 UTC 2018
auto.tcl: Setting watchdog for 200 seconds at Wed May 02 01:08:12 UTC 2018
2 ms. Memory: 287232K Free: 274107K (95%)
ptolemy.util.test.WatchDog.cancel(): canceling Wed May 02 01:08:12 UTC 2018
------------------ testing $PTII/ptolemy/domains/de/test/auto/ResetTransitionWithStartTime1.xml
auto.tcl: Setting watchdog for 200 seconds at Wed May 02 01:08:12 UTC 2018
11 ms. Memory: 288768K Free: 272632K (94%)
ptolemy.util.test.WatchDog.cancel(): canceling Wed May 02 01:08:12 UTC 2018
auto.tcl: Setting watchdog for 200 seconds at Wed May 02 01:08:12 UTC 2018
6 ms. Memory: 288768K Free: 272632K (94%)
ptolemy.util.test.WatchDog.cancel(): canceling Wed May 02 01:08:12 UTC 2018
------------------ testing $PTII/ptolemy/domains/de/test/auto/ResetTransitionWithStartTime2.xml
auto.tcl: Setting watchdog for 200 seconds at Wed May 02 01:08:12 UTC 2018
6 ms. Memory: 287232K Free: 271195K (94%)
ptolemy.util.test.WatchDog.cancel(): canceling Wed May 02 01:08:12 UTC 2018
auto.tcl: Setting watchdog for 200 seconds at Wed May 02 01:08:12 UTC 2018
5 ms. Memory: 287232K Free: 271195K (94%)
ptolemy.util.test.WatchDog.cancel(): canceling Wed May 02 01:08:12 UTC 2018
------------------ testing $PTII/ptolemy/domains/de/test/auto/ResetTransitionWithStartTime3.xml
auto.tcl: Setting watchdog for 200 seconds at Wed May 02 01:08:12 UTC 2018
8 ms. Memory: 288768K Free: 272629K (94%)
ptolemy.util.test.WatchDog.cancel(): canceling Wed May 02 01:08:12 UTC 2018
auto.tcl: Setting watchdog for 200 seconds at Wed May 02 01:08:12 UTC 2018
10 ms. Memory: 288768K Free: 272629K (94%)
ptolemy.util.test.WatchDog.cancel(): canceling Wed May 02 01:08:12 UTC 2018
------------------ testing $PTII/ptolemy/domains/de/test/auto/ResetTransitionWithStartTime4.xml
auto.tcl: Setting watchdog for 200 seconds at Wed May 02 01:08:12 UTC 2018
5 ms. Memory: 287232K Free: 271083K (94%)
ptolemy.util.test.WatchDog.cancel(): canceling Wed May 02 01:08:12 UTC 2018
auto.tcl: Setting watchdog for 200 seconds at Wed May 02 01:08:12 UTC 2018
4 ms. Memory: 287232K Free: 271083K (94%)
ptolemy.util.test.WatchDog.cancel(): canceling Wed May 02 01:08:12 UTC 2018
------------------ testing $PTII/ptolemy/domains/de/test/auto/ResettableTimer1.xml
auto.tcl: Setting watchdog for 200 seconds at Wed May 02 01:08:12 UTC 2018
3 ms. Memory: 288768K Free: 275759K (95%)
ptolemy.util.test.WatchDog.cancel(): canceling Wed May 02 01:08:12 UTC 2018
auto.tcl: Setting watchdog for 200 seconds at Wed May 02 01:08:12 UTC 2018
3 ms. Memory: 288768K Free: 275759K (95%)
ptolemy.util.test.WatchDog.cancel(): canceling Wed May 02 01:08:12 UTC 2018
------------------ testing $PTII/ptolemy/domains/de/test/auto/ResettableTimer2.xml
auto.tcl: Setting watchdog for 200 seconds at Wed May 02 01:08:12 UTC 2018
3 ms. Memory: 287232K Free: 274273K (95%)
ptolemy.util.test.WatchDog.cancel(): canceling Wed May 02 01:08:12 UTC 2018
auto.tcl: Setting watchdog for 200 seconds at Wed May 02 01:08:12 UTC 2018
3 ms. Memory: 287232K Free: 274273K (95%)
ptolemy.util.test.WatchDog.cancel(): canceling Wed May 02 01:08:12 UTC 2018
------------------ testing $PTII/ptolemy/domains/de/test/auto/ResettableTimer3.xml
auto.tcl: Setting watchdog for 200 seconds at Wed May 02 01:08:12 UTC 2018
1 ms. Memory: 288256K Free: 273137K (95%)
ptolemy.util.test.WatchDog.cancel(): canceling Wed May 02 01:08:12 UTC 2018
auto.tcl: Setting watchdog for 200 seconds at Wed May 02 01:08:12 UTC 2018
1 ms. Memory: 288256K Free: 273137K (95%)
ptolemy.util.test.WatchDog.cancel(): canceling Wed May 02 01:08:12 UTC 2018
------------------ testing $PTII/ptolemy/domains/de/test/auto/ResettableTimer4.xml
auto.tcl: Setting watchdog for 200 seconds at Wed May 02 01:08:12 UTC 2018
1 ms. Memory: 287232K Free: 274286K (95%)
ptolemy.util.test.WatchDog.cancel(): canceling Wed May 02 01:08:12 UTC 2018
auto.tcl: Setting watchdog for 200 seconds at Wed May 02 01:08:12 UTC 2018
2 ms. Memory: 287232K Free: 274286K (95%)
ptolemy.util.test.WatchDog.cancel(): canceling Wed May 02 01:08:12 UTC 2018
------------------ testing $PTII/ptolemy/domains/de/test/auto/ResettableTimer5.xml
auto.tcl: Setting watchdog for 200 seconds at Wed May 02 01:08:12 UTC 2018
2 ms. Memory: 288256K Free: 273249K (95%)
ptolemy.util.test.WatchDog.cancel(): canceling Wed May 02 01:08:12 UTC 2018
auto.tcl: Setting watchdog for 200 seconds at Wed May 02 01:08:12 UTC 2018
1 ms. Memory: 288256K Free: 273249K (95%)
ptolemy.util.test.WatchDog.cancel(): canceling Wed May 02 01:08:12 UTC 2018
------------------ testing $PTII/ptolemy/domains/de/test/auto/ResettableTimer6.xml
auto.tcl: Setting watchdog for 200 seconds at Wed May 02 01:08:13 UTC 2018
2 ms. Memory: 287232K Free: 272073K (95%)
ptolemy.util.test.WatchDog.cancel(): canceling Wed May 02 01:08:13 UTC 2018
auto.tcl: Setting watchdog for 200 seconds at Wed May 02 01:08:13 UTC 2018
1 ms. Memory: 287232K Free: 272073K (95%)
ptolemy.util.test.WatchDog.cancel(): canceling Wed May 02 01:08:13 UTC 2018
------------------ testing $PTII/ptolemy/domains/de/test/auto/ServerZeroDelay.xml
auto.tcl: Setting watchdog for 200 seconds at Wed May 02 01:08:13 UTC 2018
3 ms. Memory: 288256K Free: 275247K (95%)
ptolemy.util.test.WatchDog.cancel(): canceling Wed May 02 01:08:13 UTC 2018
auto.tcl: Setting watchdog for 200 seconds at Wed May 02 01:08:13 UTC 2018
3 ms. Memory: 288256K Free: 275247K (95%)
ptolemy.util.test.WatchDog.cancel(): canceling Wed May 02 01:08:13 UTC 2018
------------------ testing $PTII/ptolemy/domains/de/test/auto/SmartSender.xml
auto.tcl: Setting watchdog for 200 seconds at Wed May 02 01:08:13 UTC 2018
3001 ms. Memory: 287232K Free: 272160K (95%)
ptolemy.util.test.WatchDog.cancel(): canceling Wed May 02 01:08:16 UTC 2018
auto.tcl: Setting watchdog for 200 seconds at Wed May 02 01:08:16 UTC 2018
3001 ms. Memory: 287232K Free: 272160K (95%)
ptolemy.util.test.WatchDog.cancel(): canceling Wed May 02 01:08:19 UTC 2018
------------------ testing $PTII/ptolemy/domains/de/test/auto/ThreadedComposite.xml
auto.tcl: Setting watchdog for 200 seconds at Wed May 02 01:08:19 UTC 2018
302 ms. Memory: 288256K Free: 251647K (87%)
ptolemy.util.test.WatchDog.cancel(): canceling Wed May 02 01:08:19 UTC 2018
auto.tcl: Setting watchdog for 200 seconds at Wed May 02 01:08:19 UTC 2018
224 ms. Memory: 288256K Free: 236270K (82%)
ptolemy.util.test.WatchDog.cancel(): canceling Wed May 02 01:08:19 UTC 2018
------------------ testing $PTII/ptolemy/domains/de/test/auto/Time.xml
auto.tcl: Setting watchdog for 200 seconds at Wed May 02 01:08:19 UTC 2018
558 ms. Memory: 287232K Free: 224442K (78%)
ptolemy.util.test.WatchDog.cancel(): canceling Wed May 02 01:08:20 UTC 2018
auto.tcl: Setting watchdog for 200 seconds at Wed May 02 01:08:20 UTC 2018
479 ms. Memory: 287232K Free: 172970K (60%)
ptolemy.util.test.WatchDog.cancel(): canceling Wed May 02 01:08:20 UTC 2018
------------------ testing $PTII/ptolemy/domains/de/test/auto/TimeDelayZeroDelay.xml
auto.tcl: Setting watchdog for 200 seconds at Wed May 02 01:08:21 UTC 2018
2 ms. Memory: 287744K Free: 275265K (96%)
ptolemy.util.test.WatchDog.cancel(): canceling Wed May 02 01:08:21 UTC 2018
auto.tcl: Setting watchdog for 200 seconds at Wed May 02 01:08:21 UTC 2018
2 ms. Memory: 287744K Free: 275265K (96%)
ptolemy.util.test.WatchDog.cancel(): canceling Wed May 02 01:08:21 UTC 2018
------------------ testing $PTII/ptolemy/domains/de/test/auto/TimerZeroDelay.xml
auto.tcl: Setting watchdog for 200 seconds at Wed May 02 01:08:21 UTC 2018
2 ms. Memory: 287232K Free: 274863K (96%)
ptolemy.util.test.WatchDog.cancel(): canceling Wed May 02 01:08:21 UTC 2018
auto.tcl: Setting watchdog for 200 seconds at Wed May 02 01:08:21 UTC 2018
2 ms. Memory: 287232K Free: 274863K (96%)
ptolemy.util.test.WatchDog.cancel(): canceling Wed May 02 01:08:21 UTC 2018
------------------ testing $PTII/ptolemy/domains/de/test/auto/TimingParadox.xml
auto.tcl: Setting watchdog for 200 seconds at Wed May 02 01:08:21 UTC 2018
350 ms. Memory: 287744K Free: 212753K (74%)
ptolemy.util.test.WatchDog.cancel(): canceling Wed May 02 01:08:21 UTC 2018
auto.tcl: Setting watchdog for 200 seconds at Wed May 02 01:08:21 UTC 2018
335 ms. Memory: 287744K Free: 177794K (62%)
ptolemy.util.test.WatchDog.cancel(): canceling Wed May 02 01:08:21 UTC 2018
------------------ testing $PTII/ptolemy/domains/de/test/auto/TransferInputs.xml
auto.tcl: Setting watchdog for 200 seconds at Wed May 02 01:08:22 UTC 2018
2 ms. Memory: 287744K Free: 274315K (95%)
ptolemy.util.test.WatchDog.cancel(): canceling Wed May 02 01:08:22 UTC 2018
auto.tcl: Setting watchdog for 200 seconds at Wed May 02 01:08:22 UTC 2018
2 ms. Memory: 287744K Free: 274315K (95%)
ptolemy.util.test.WatchDog.cancel(): canceling Wed May 02 01:08:22 UTC 2018
------------------ testing $PTII/ptolemy/domains/de/test/auto/TransferOutputs2.xml
auto.tcl: Setting watchdog for 200 seconds at Wed May 02 01:08:22 UTC 2018
3 ms. Memory: 287232K Free: 270178K (94%)
ptolemy.util.test.WatchDog.cancel(): canceling Wed May 02 01:08:22 UTC 2018
auto.tcl: Setting watchdog for 200 seconds at Wed May 02 01:08:22 UTC 2018
3 ms. Memory: 287232K Free: 267500K (93%)
ptolemy.util.test.WatchDog.cancel(): canceling Wed May 02 01:08:22 UTC 2018
------------------ testing $PTII/ptolemy/domains/de/test/auto/Trilateration.xml
auto.tcl: Setting watchdog for 200 seconds at Wed May 02 01:08:22 UTC 2018
12971 ms. Memory: 455168K Free: 167317K (37%)
ptolemy.util.test.WatchDog.cancel(): canceling Wed May 02 01:08:36 UTC 2018
auto.tcl: Setting watchdog for 200 seconds at Wed May 02 01:08:36 UTC 2018
10190 ms. Memory: 326144K Free: 226049K (69%)
ptolemy.util.test.WatchDog.cancel(): canceling Wed May 02 01:08:46 UTC 2018
------------------ testing $PTII/ptolemy/domains/de/test/auto/TwoSigmaDelta.xml
auto.tcl: Setting watchdog for 200 seconds at Wed May 02 01:08:46 UTC 2018
3010 ms. Memory: 315904K Free: 262730K (83%)
ptolemy.util.test.WatchDog.cancel(): canceling Wed May 02 01:08:49 UTC 2018
auto.tcl: Setting watchdog for 200 seconds at Wed May 02 01:08:49 UTC 2018
2168 ms. Memory: 305152K Free: 254731K (83%)
ptolemy.util.test.WatchDog.cancel(): canceling Wed May 02 01:08:52 UTC 2018
------------------ testing $PTII/ptolemy/domains/de/test/auto/VariableDelay.xml
auto.tcl: Setting watchdog for 200 seconds at Wed May 02 01:08:52 UTC 2018
2 ms. Memory: 305152K Free: 288626K (95%)
ptolemy.util.test.WatchDog.cancel(): canceling Wed May 02 01:08:52 UTC 2018
auto.tcl: Setting watchdog for 200 seconds at Wed May 02 01:08:52 UTC 2018
2 ms. Memory: 305152K Free: 288626K (95%)
ptolemy.util.test.WatchDog.cancel(): canceling Wed May 02 01:08:52 UTC 2018
------------------ testing $PTII/ptolemy/domains/de/test/auto/VariableDelay2.xml
auto.tcl: Setting watchdog for 200 seconds at Wed May 02 01:08:52 UTC 2018
2 ms. Memory: 307200K Free: 293337K (95%)
ptolemy.util.test.WatchDog.cancel(): canceling Wed May 02 01:08:52 UTC 2018
auto.tcl: Setting watchdog for 200 seconds at Wed May 02 01:08:52 UTC 2018
2 ms. Memory: 307200K Free: 293337K (95%)
ptolemy.util.test.WatchDog.cancel(): canceling Wed May 02 01:08:52 UTC 2018
------------------ testing $PTII/ptolemy/domains/de/test/auto/VariableDelayZeroDelay.xml
auto.tcl: Setting watchdog for 200 seconds at Wed May 02 01:08:52 UTC 2018
3 ms. Memory: 305152K Free: 292334K (96%)
ptolemy.util.test.WatchDog.cancel(): canceling Wed May 02 01:08:52 UTC 2018
auto.tcl: Setting watchdog for 200 seconds at Wed May 02 01:08:52 UTC 2018
2 ms. Memory: 305152K Free: 289034K (95%)
ptolemy.util.test.WatchDog.cancel(): canceling Wed May 02 01:08:52 UTC 2018
------------------ testing $PTII/ptolemy/domains/de/test/auto/VariableDelayZeroDelay2.xml
auto.tcl: Setting watchdog for 200 seconds at Wed May 02 01:08:52 UTC 2018
2 ms. Memory: 306688K Free: 290569K (95%)
ptolemy.util.test.WatchDog.cancel(): canceling Wed May 02 01:08:52 UTC 2018
auto.tcl: Setting watchdog for 200 seconds at Wed May 02 01:08:52 UTC 2018
2 ms. Memory: 306688K Free: 290569K (95%)
ptolemy.util.test.WatchDog.cancel(): canceling Wed May 02 01:08:52 UTC 2018
------------------ testing $PTII/ptolemy/domains/de/test/auto/deInCt.xml
auto.tcl: Setting watchdog for 200 seconds at Wed May 02 01:08:52 UTC 2018
0
1
1
1
1
0
0
0
1
1
0
0
1
1
1
1
0
0
0
0
1
1
1
0
0
0
1
1
1
1
0
0
0
0
0
0
14 ms. Memory: 305152K Free: 289026K (95%)
ptolemy.util.test.WatchDog.cancel(): canceling Wed May 02 01:08:52 UTC 2018
auto.tcl: Setting watchdog for 200 seconds at Wed May 02 01:08:52 UTC 2018
0
1
1
1
1
0
0
0
1
1
1
1
1
0
0
0
1
1
1
0
0
0
1
1
1
0
0
0
0
1
1
1
0
0
0
0
0
0
10 ms. Memory: 305152K Free: 289026K (95%)
ptolemy.util.test.WatchDog.cancel(): canceling Wed May 02 01:08:52 UTC 2018
------------------ testing $PTII/ptolemy/domains/de/test/auto/deInCt2.xml
auto.tcl: Setting watchdog for 200 seconds at Wed May 02 01:08:52 UTC 2018
0
1
1
1
0
0
1
1
1
0
0
1
1
1
0
0
1
1
1
0
0
1
1
1
0
0
1
1
1
0
0
1
1
1
0
0
1
1
1
0
0
0
22 ms. Memory: 306688K Free: 290578K (95%)
ptolemy.util.test.WatchDog.cancel(): canceling Wed May 02 01:08:52 UTC 2018
auto.tcl: Setting watchdog for 200 seconds at Wed May 02 01:08:52 UTC 2018
0
1
1
1
0
0
1
1
1
0
0
1
1
1
0
0
1
1
1
0
0
1
1
1
0
0
1
1
1
0
0
1
1
1
0
0
1
1
1
0
0
0
6 ms. Memory: 306688K Free: 290578K (95%)
ptolemy.util.test.WatchDog.cancel(): canceling Wed May 02 01:08:52 UTC 2018
------------------ testing $PTII/ptolemy/domains/de/test/auto/dynamicCausalityInterface1.xml
auto.tcl: Setting watchdog for 200 seconds at Wed May 02 01:08:52 UTC 2018
2 ms. Memory: 305152K Free: 287979K (94%)
ptolemy.util.test.WatchDog.cancel(): canceling Wed May 02 01:08:52 UTC 2018
auto.tcl: Setting watchdog for 200 seconds at Wed May 02 01:08:52 UTC 2018
1 ms. Memory: 305152K Free: 284679K (93%)
ptolemy.util.test.WatchDog.cancel(): canceling Wed May 02 01:08:52 UTC 2018
------------------ testing $PTII/ptolemy/domains/de/test/auto/fsm_de_test.xml
auto.tcl: Setting watchdog for 200 seconds at Wed May 02 01:08:52 UTC 2018
8 ms. Memory: 306176K Free: 286660K (94%)
ptolemy.util.test.WatchDog.cancel(): canceling Wed May 02 01:08:52 UTC 2018
auto.tcl: Setting watchdog for 200 seconds at Wed May 02 01:08:52 UTC 2018
5 ms. Memory: 306176K Free: 283376K (93%)
ptolemy.util.test.WatchDog.cancel(): canceling Wed May 02 01:08:52 UTC 2018
------------------ testing $PTII/ptolemy/domains/de/test/auto/functionDependencyReconstruction.xml
auto.tcl: Setting watchdog for 200 seconds at Wed May 02 01:08:52 UTC 2018
2 ms. Memory: 305152K Free: 279051K (91%)
ptolemy.util.test.WatchDog.cancel(): canceling Wed May 02 01:08:52 UTC 2018
auto.tcl: Setting watchdog for 200 seconds at Wed May 02 01:08:52 UTC 2018
3 ms. Memory: 305152K Free: 275751K (90%)
ptolemy.util.test.WatchDog.cancel(): canceling Wed May 02 01:08:52 UTC 2018
------------------ testing $PTII/ptolemy/domains/de/test/auto/multirate.xml
auto.tcl: Setting watchdog for 200 seconds at Wed May 02 01:08:52 UTC 2018
7 ms. Memory: 306176K Free: 292064K (95%)
ptolemy.util.test.WatchDog.cancel(): canceling Wed May 02 01:08:52 UTC 2018
auto.tcl: Setting watchdog for 200 seconds at Wed May 02 01:08:52 UTC 2018
2 ms. Memory: 306176K Free: 288764K (94%)
ptolemy.util.test.WatchDog.cancel(): canceling Wed May 02 01:08:52 UTC 2018
------------------ testing $PTII/ptolemy/domains/de/test/auto/multirate2.xml
auto.tcl: Setting watchdog for 200 seconds at Wed May 02 01:08:53 UTC 2018
6 ms. Memory: 305152K Free: 288975K (95%)
ptolemy.util.test.WatchDog.cancel(): canceling Wed May 02 01:08:53 UTC 2018
auto.tcl: Setting watchdog for 200 seconds at Wed May 02 01:08:53 UTC 2018
3 ms. Memory: 305152K Free: 285675K (94%)
ptolemy.util.test.WatchDog.cancel(): canceling Wed May 02 01:08:53 UTC 2018
------------------ testing $PTII/ptolemy/domains/de/test/auto/realtime.xml
auto.tcl: Setting watchdog for 200 seconds at Wed May 02 01:08:53 UTC 2018
10001 ms. Memory: 306176K Free: 289994K (95%)
ptolemy.util.test.WatchDog.cancel(): canceling Wed May 02 01:09:03 UTC 2018
auto.tcl: Setting watchdog for 200 seconds at Wed May 02 01:09:03 UTC 2018
10001 ms. Memory: 306176K Free: 289994K (95%)
ptolemy.util.test.WatchDog.cancel(): canceling Wed May 02 01:09:13 UTC 2018
------------------ testing $PTII/ptolemy/domains/de/test/auto/relationGroup.xml
auto.tcl: Setting watchdog for 200 seconds at Wed May 02 01:09:13 UTC 2018
1 ms. Memory: 305152K Free: 292299K (96%)
ptolemy.util.test.WatchDog.cancel(): canceling Wed May 02 01:09:13 UTC 2018
auto.tcl: Setting watchdog for 200 seconds at Wed May 02 01:09:13 UTC 2018
1 ms. Memory: 305152K Free: 288999K (95%)
ptolemy.util.test.WatchDog.cancel(): canceling Wed May 02 01:09:13 UTC 2018
------------------ testing $PTII/ptolemy/domains/de/test/auto/relationGroup2.xml
auto.tcl: Setting watchdog for 200 seconds at Wed May 02 01:09:13 UTC 2018
1 ms. Memory: 305664K Free: 292838K (96%)
ptolemy.util.test.WatchDog.cancel(): canceling Wed May 02 01:09:13 UTC 2018
auto.tcl: Setting watchdog for 200 seconds at Wed May 02 01:09:13 UTC 2018
1 ms. Memory: 305664K Free: 289554K (95%)
ptolemy.util.test.WatchDog.cancel(): canceling Wed May 02 01:09:13 UTC 2018
------------------ testing $PTII/ptolemy/domains/de/test/auto/sortWithOpaquePorts.xml
auto.tcl: Setting watchdog for 200 seconds at Wed May 02 01:09:13 UTC 2018
1 ms. Memory: 305152K Free: 289027K (95%)
ptolemy.util.test.WatchDog.cancel(): canceling Wed May 02 01:09:13 UTC 2018
auto.tcl: Setting watchdog for 200 seconds at Wed May 02 01:09:13 UTC 2018
1 ms. Memory: 305152K Free: 289027K (95%)
ptolemy.util.test.WatchDog.cancel(): canceling Wed May 02 01:09:13 UTC 2018
------------------ testing $PTII/ptolemy/domains/de/test/auto/transferInputsandOutputs.xml
auto.tcl: Setting watchdog for 200 seconds at Wed May 02 01:09:13 UTC 2018
2 ms. Memory: 305664K Free: 289542K (95%)
ptolemy.util.test.WatchDog.cancel(): canceling Wed May 02 01:09:13 UTC 2018
auto.tcl: Setting watchdog for 200 seconds at Wed May 02 01:09:13 UTC 2018
1 ms. Memory: 305664K Free: 286242K (94%)
ptolemy.util.test.WatchDog.cancel(): canceling Wed May 02 01:09:13 UTC 2018
------------------ testing $PTII/ptolemy/domains/de/test/auto/triggerType.xml
auto.tcl: Setting watchdog for 200 seconds at Wed May 02 01:09:13 UTC 2018
1 ms. Memory: 305152K Free: 288965K (95%)
ptolemy.util.test.WatchDog.cancel(): canceling Wed May 02 01:09:13 UTC 2018
auto.tcl: Setting watchdog for 200 seconds at Wed May 02 01:09:13 UTC 2018
1 ms. Memory: 305152K Free: 288965K (95%)
ptolemy.util.test.WatchDog.cancel(): canceling Wed May 02 01:09:13 UTC 2018
05/02/18 01:09:13
Failed: 0  Total Tests: 192  ((Passed: 187, Newly Passed: 1)  Known Failed: 5) /home/travis/build/icyphy/ptII/ptolemy/domains/de/test
05/02/18 01:09:13
Failed: 0  Total Tests: 192  ((Passed: 187, Newly Passed: 1)  Known Failed: 5) /home/travis/build/icyphy/ptII/ptolemy/domains/de/test
----------------- testing (KnownFailure) /home/travis/build/icyphy/ptII/ptolemy/domains/de/test/auto/knownFailedTests/DESDFClockTest.xml
2014 ms. Memory: 305664K Free: 283864K (93%)
Known Failure: java.lang.reflect.InvocationTargetException
----------------- testing (KnownFailure) /home/travis/build/icyphy/ptII/ptolemy/domains/de/test/auto/knownFailedTests/DirectFeedback.xml
4 ms. Memory: 305664K Free: 265965K (87%)
Known Failure: java.lang.reflect.InvocationTargetException
----------------- testing (KnownFailure) /home/travis/build/icyphy/ptII/ptolemy/domains/de/test/auto/knownFailedTests/FSMSource.xml
7 ms. Memory: 305664K Free: 243574K (80%)
----------------- testing (KnownFailure) /home/travis/build/icyphy/ptII/ptolemy/domains/de/test/auto/knownFailedTests/HierarchicalModel.xml
1 ms. Memory: 305664K Free: 221164K (72%)
Known Failure: java.lang.reflect.InvocationTargetException
----------------- testing (KnownFailure) /home/travis/build/icyphy/ptII/ptolemy/domains/de/test/auto/knownFailedTests/dependencyLoop.xml
1 ms. Memory: 305664K Free: 189823K (62%)
Known Failure: java.lang.reflect.InvocationTargetException
----------------- testing (KnownFailure) /home/travis/build/icyphy/ptII/ptolemy/domains/de/test/auto/knownFailedTests/dependencyLoop2.xml
2 ms. Memory: 305664K Free: 158467K (52%)
Known Failure: java.lang.reflect.InvocationTargetException
No auto/*.xml tests in /home/travis/build/icyphy/ptII/ptolemy/domains/de/test
AutoTests.java: About to close Vertx.
AutoTests.java: Vertx closed.
----------------- testing Wed May 02 01:09:15 UTC 2018 /home/travis/build/icyphy/ptII/ptolemy/domains/de/test/auto/ActorDepthCalculation_actorWithoutPorts.xml
2 ms. Memory: 305664K Free: 131617K (43%)
reloadAllAccessors: .ActorDepthCalculation_actorWithoutPorts
----------------- testing Wed May 02 01:09:15 UTC 2018 /home/travis/build/icyphy/ptII/ptolemy/domains/de/test/auto/AssemblyLine.xml
1 ms. Memory: 305664K Free: 118192K (39%)
reloadAllAccessors: .AssemblyLine
----------------- testing Wed May 02 01:09:15 UTC 2018 /home/travis/build/icyphy/ptII/ptolemy/domains/de/test/auto/CQBug1.xml
0 ms. Memory: 305664K Free: 109242K (36%)
reloadAllAccessors: .CQBug1
----------------- testing Wed May 02 01:09:15 UTC 2018 /home/travis/build/icyphy/ptII/ptolemy/domains/de/test/auto/CancelFireAt.xml
1 ms. Memory: 305664K Free: 100292K (33%)
reloadAllAccessors: .CancelFireAt
----------------- testing Wed May 02 01:09:15 UTC 2018 /home/travis/build/icyphy/ptII/ptolemy/domains/de/test/auto/CausalityAndComposabilityAnalysis.xml
1 ms. Memory: 305664K Free: 91343K (30%)
reloadAllAccessors: .CausalityAndComposabilityAnalysis
----------------- testing Wed May 02 01:09:15 UTC 2018 /home/travis/build/icyphy/ptII/ptolemy/domains/de/test/auto/CausalityInterface1.xml
2 ms. Memory: 305664K Free: 79109K (26%)
reloadAllAccessors: .CausalityInterface1
----------------- testing Wed May 02 01:09:15 UTC 2018 /home/travis/build/icyphy/ptII/ptolemy/domains/de/test/auto/CausalityInterface15.xml
1 ms. Memory: 295424K Free: 283436K (96%)
reloadAllAccessors: .CausalityInterface15
----------------- testing Wed May 02 01:09:15 UTC 2018 /home/travis/build/icyphy/ptII/ptolemy/domains/de/test/auto/CausalityInterface2.xml
0 ms. Memory: 295424K Free: 274936K (93%)
reloadAllAccessors: .CausalityInterface2
----------------- testing Wed May 02 01:09:15 UTC 2018 /home/travis/build/icyphy/ptII/ptolemy/domains/de/test/auto/CausalityInterface3.xml
1 ms. Memory: 295424K Free: 266357K (90%)
reloadAllAccessors: .CausalityInterface3
----------------- testing Wed May 02 01:09:15 UTC 2018 /home/travis/build/icyphy/ptII/ptolemy/domains/de/test/auto/ClockDrift.xml
9 ms. Memory: 295424K Free: 251343K (85%)
reloadAllAccessors: .ClockDrift
----------------- testing Wed May 02 01:09:15 UTC 2018 /home/travis/build/icyphy/ptII/ptolemy/domains/de/test/auto/ClockDriftAndValueChange.xml
8 ms. Memory: 295424K Free: 236346K (80%)
reloadAllAccessors: .ClockDriftAndValueChange
----------------- testing Wed May 02 01:09:15 UTC 2018 /home/travis/build/icyphy/ptII/ptolemy/domains/de/test/auto/ClockDriftChange.xml
6 ms. Memory: 295424K Free: 221409K (75%)
reloadAllAccessors: .ClockDriftChange
----------------- testing Wed May 02 01:09:15 UTC 2018 /home/travis/build/icyphy/ptII/ptolemy/domains/de/test/auto/ComposableCausalityAnalysis.xml
1 ms. Memory: 295424K Free: 212840K (72%)
reloadAllAccessors: .ComposableCausalityAnalysis
----------------- testing Wed May 02 01:09:15 UTC 2018 /home/travis/build/icyphy/ptII/ptolemy/domains/de/test/auto/DEFixedPointLimitation.xml
6 ms. Memory: 295424K Free: 206403K (70%)
reloadAllAccessors: .DEFixedPointLimitation
----------------- testing Wed May 02 01:09:15 UTC 2018 /home/travis/build/icyphy/ptII/ptolemy/domains/de/test/auto/DEScheduleTest.xml
1 ms. Memory: 295424K Free: 199967K (68%)
reloadAllAccessors: .DEScheduleTest
----------------- testing Wed May 02 01:09:15 UTC 2018 /home/travis/build/icyphy/ptII/ptolemy/domains/de/test/auto/DEinDEwithStartTimes.xml
1 ms. Memory: 295424K Free: 191397K (65%)
reloadAllAccessors: .DEinDEwithStartTimes
----------------- testing Wed May 02 01:09:15 UTC 2018 /home/travis/build/icyphy/ptII/ptolemy/domains/de/test/auto/DEinDEwithStartTimes2.xml
1 ms. Memory: 295424K Free: 180741K (61%)
reloadAllAccessors: .DEinDEwithStartTimes2
----------------- testing Wed May 02 01:09:15 UTC 2018 /home/travis/build/icyphy/ptII/ptolemy/domains/de/test/auto/DateDemo.xml
3 ms. Memory: 295424K Free: 167867K (57%)
reloadAllAccessors: .DateDemo
----------------- testing Wed May 02 01:09:15 UTC 2018 /home/travis/build/icyphy/ptII/ptolemy/domains/de/test/auto/DateToEvent.xml
2004 ms. Memory: 295424K Free: 148589K (50%)
reloadAllAccessors: .DateToEvent
[...]
java.lang.RuntimeException: Execution failed
	at ptolemy.moml.MoMLSimpleApplication$UnloadThread.run(MoMLSimpleApplication.java:402)
Caused by: ptolemy.kernel.util.IllegalActionException: Test fails in iteration 1.
Value was: 1.0. Should have been: 2.0
  in .DirectFeedback.Test
	at ptolemy.actor.lib.Test.fire(Test.java:268)
	at ptolemy.domains.de.kernel.DEDirector._fire(DEDirector.java:1948)
	at ptolemy.domains.de.kernel.DEDirector.fire(DEDirector.java:502)
	at ptolemy.actor.CompositeActor.fire(CompositeActor.java:455)
	at ptolemy.actor.Manager.iterate(Manager.java:851)
	at ptolemy.actor.Manager.execute(Manager.java:369)
	at ptolemy.actor.Manager.run(Manager.java:1263)
	at ptolemy.actor.Manager$PtolemyRunThread.run(Manager.java:1915)
java.lang.RuntimeException: Execution failed
	at ptolemy.moml.MoMLSimpleApplication$UnloadThread.run(MoMLSimpleApplication.java:402)
Caused by: ptolemy.kernel.util.IllegalActionException: Actor is not ready to fire.  Perhaps UpSample.prefire() returned false? Try debugging the actor by selecting "Listen to Actor".  Also, for SDF check moml for tokenConsumptionRate on input.
  in .DESDFClockTest.Play Bell.Copy1:SDF Director and .DESDFClockTest.Play Bell.UpSample
	at ptolemy.actor.sched.StaticSchedulingDirector.fire(StaticSchedulingDirector.java:227)
	at ptolemy.domains.sdf.kernel.SDFDirector.fire(SDFDirector.java:500)
	at ptolemy.actor.CompositeActor.fire(CompositeActor.java:455)
	at ptolemy.domains.de.kernel.DEDirector._fire(DEDirector.java:1948)
	at ptolemy.domains.de.kernel.DEDirector.fire(DEDirector.java:502)
	at ptolemy.actor.CompositeActor.fire(CompositeActor.java:455)
	at ptolemy.actor.Manager.iterate(Manager.java:851)
	at ptolemy.actor.Manager.execute(Manager.java:369)
	at ptolemy.actor.Manager.run(Manager.java:1263)
	at ptolemy.actor.Manager$PtolemyRunThread.run(Manager.java:1915)
java.lang.reflect.InvocationTargetException
	at sun.reflect.NativeConstructorAccessorImpl.newInstance0(Native Method)
	at sun.reflect.NativeConstructorAccessorImpl.newInstance(NativeConstructorAccessorImpl.java:62)
	at sun.reflect.DelegatingConstructorAccessorImpl.newInstance(DelegatingConstructorAccessorImpl.java:45)
	at java.lang.reflect.Constructor.newInstance(Constructor.java:423)
	at ptolemy.util.test.junit.AutoKnownFailedTests.RunModel(AutoKnownFailedTests.java:107)
	at sun.reflect.NativeMethodAccessorImpl.invoke0(Native Method)
	at sun.reflect.NativeMethodAccessorImpl.invoke(NativeMethodAccessorImpl.java:62)
	at sun.reflect.DelegatingMethodAccessorImpl.invoke(DelegatingMethodAccessorImpl.java:43)
	at java.lang.reflect.Method.invoke(Method.java:498)
	at org.junit.runners.model.FrameworkMethod$1.runReflectiveCall(FrameworkMethod.java:44)
	at org.junit.internal.runners.model.ReflectiveCallable.run(ReflectiveCallable.java:15)
	at org.junit.runners.model.FrameworkMethod.invokeExplosively(FrameworkMethod.java:41)
	at junitparams.internal.InvokeParameterisedMethod.evaluate(InvokeParameterisedMethod.java:102)
	at org.junit.internal.runners.statements.FailOnTimeout$1.run(FailOnTimeout.java:28)
Caused by: ptolemy.kernel.util.IllegalActionException: Actor is not ready to fire.  Perhaps UpSample.prefire() returned false? Try debugging the actor by selecting "Listen to Actor".  Also, for SDF check moml for tokenConsumptionRate on input.
  in .DESDFClockTest.Play Bell.Copy1:SDF Director and .DESDFClockTest.Play Bell.UpSample
	at ptolemy.actor.sched.StaticSchedulingDirector.fire(StaticSchedulingDirector.java:227)
	at ptolemy.domains.sdf.kernel.SDFDirector.fire(SDFDirector.java:500)
	at ptolemy.actor.CompositeActor.fire(CompositeActor.java:455)
	at ptolemy.domains.de.kernel.DEDirector._fire(DEDirector.java:1948)
	at ptolemy.domains.de.kernel.DEDirector.fire(DEDirector.java:502)
	at ptolemy.actor.CompositeActor.fire(CompositeActor.java:455)
	at ptolemy.actor.Manager.iterate(Manager.java:851)
	at ptolemy.actor.Manager.execute(Manager.java:369)
	at ptolemy.actor.Manager.run(Manager.java:1263)
	at ptolemy.actor.Manager$PtolemyRunThread.run(Manager.java:1915)
java.lang.RuntimeException: Execution failed
	at ptolemy.moml.MoMLSimpleApplication$UnloadThread.run(MoMLSimpleApplication.java:402)
Caused by: ptolemy.kernel.util.IllegalActionException: Test fails in iteration 1.
Value was: 1.0. Should have been: 2.0
  in .DirectFeedback.Test
	at ptolemy.actor.lib.Test.fire(Test.java:268)
	at ptolemy.domains.de.kernel.DEDirector._fire(DEDirector.java:1948)
	at ptolemy.domains.de.kernel.DEDirector.fire(DEDirector.java:502)
	at ptolemy.actor.CompositeActor.fire(CompositeActor.java:455)
	at ptolemy.actor.Manager.iterate(Manager.java:851)
	at ptolemy.actor.Manager.execute(Manager.java:369)
	at ptolemy.actor.Manager.run(Manager.java:1263)
	at ptolemy.actor.Manager$PtolemyRunThread.run(Manager.java:1915)
java.lang.reflect.InvocationTargetException
	at sun.reflect.NativeConstructorAccessorImpl.newInstance0(Native Method)
	at sun.reflect.NativeConstructorAccessorImpl.newInstance(NativeConstructorAccessorImpl.java:62)
	at sun.reflect.DelegatingConstructorAccessorImpl.newInstance(DelegatingConstructorAccessorImpl.java:45)
	at java.lang.reflect.Constructor.newInstance(Constructor.java:423)
	at ptolemy.util.test.junit.AutoKnownFailedTests.RunModel(AutoKnownFailedTests.java:107)
	at sun.reflect.NativeMethodAccessorImpl.invoke0(Native Method)
	at sun.reflect.NativeMethodAccessorImpl.invoke(NativeMethodAccessorImpl.java:62)
	at sun.reflect.DelegatingMethodAccessorImpl.invoke(DelegatingMethodAccessorImpl.java:43)
	at java.lang.reflect.Method.invoke(Method.java:498)
	at org.junit.runners.model.FrameworkMethod$1.runReflectiveCall(FrameworkMethod.java:44)
	at org.junit.internal.runners.model.ReflectiveCallable.run(ReflectiveCallable.java:15)
	at org.junit.runners.model.FrameworkMethod.invokeExplosively(FrameworkMethod.java:41)
	at junitparams.internal.InvokeParameterisedMethod.evaluate(InvokeParameterisedMethod.java:102)
	at org.junit.internal.runners.statements.FailOnTimeout$1.run(FailOnTimeout.java:28)
Caused by: ptolemy.kernel.util.IllegalActionException: Test fails in iteration 1.
Value was: 1.0. Should have been: 2.0
  in .DirectFeedback.Test
	at ptolemy.actor.lib.Test.fire(Test.java:268)
	at ptolemy.domains.de.kernel.DEDirector._fire(DEDirector.java:1948)
	at ptolemy.domains.de.kernel.DEDirector.fire(DEDirector.java:502)
	at ptolemy.actor.CompositeActor.fire(CompositeActor.java:455)
	at ptolemy.actor.Manager.iterate(Manager.java:851)
	at ptolemy.actor.Manager.execute(Manager.java:369)
	at ptolemy.actor.Manager.run(Manager.java:1263)
	at ptolemy.actor.Manager$PtolemyRunThread.run(Manager.java:1915)
java.lang.RuntimeException: Execution failed
	at ptolemy.moml.MoMLSimpleApplication$UnloadThread.run(MoMLSimpleApplication.java:402)
Caused by: ptolemy.kernel.util.IllegalActionException: Found a zero delay loop containing .HierarchicalModel.A
  in .HierarchicalModel and .HierarchicalModel.A
	at ptolemy.actor.util.CausalityInterfaceForComposites._computeOutputPortDepth(CausalityInterfaceForComposites.java:759)
	at ptolemy.actor.util.CausalityInterfaceForComposites._computeInputDepth(CausalityInterfaceForComposites.java:696)
	at ptolemy.actor.util.CausalityInterfaceForComposites._computeOutputPortDepth(CausalityInterfaceForComposites.java:765)
	at ptolemy.actor.util.CausalityInterfaceForComposites._computeInputDepth(CausalityInterfaceForComposites.java:696)
	at ptolemy.actor.util.CausalityInterfaceForComposites._computeOutputPortDepth(CausalityInterfaceForComposites.java:765)
	at ptolemy.actor.util.CausalityInterfaceForComposites._computeInputDepth(CausalityInterfaceForComposites.java:696)
	at ptolemy.actor.util.CausalityInterfaceForComposites._computeActorDepth(CausalityInterfaceForComposites.java:532)
	at ptolemy.actor.util.CausalityInterfaceForComposites.checkForCycles(CausalityInterfaceForComposites.java:96)
	at ptolemy.domains.de.kernel.DEDirector.preinitialize(DEDirector.java:1337)
	at ptolemy.actor.CompositeActor.preinitialize(CompositeActor.java:1828)
	at ptolemy.actor.Manager.preinitializeAndResolveTypes(Manager.java:1040)
	at ptolemy.actor.Manager.initialize(Manager.java:710)
	at ptolemy.actor.Manager.execute(Manager.java:356)
	at ptolemy.actor.Manager.run(Manager.java:1263)
	at ptolemy.actor.Manager$PtolemyRunThread.run(Manager.java:1915)
java.lang.reflect.InvocationTargetException
	at sun.reflect.NativeConstructorAccessorImpl.newInstance0(Native Method)
	at sun.reflect.NativeConstructorAccessorImpl.newInstance(NativeConstructorAccessorImpl.java:62)
	at sun.reflect.DelegatingConstructorAccessorImpl.newInstance(DelegatingConstructorAccessorImpl.java:45)
	at java.lang.reflect.Constructor.newInstance(Constructor.java:423)
	at ptolemy.util.test.junit.AutoKnownFailedTests.RunModel(AutoKnownFailedTests.java:107)
	at sun.reflect.NativeMethodAccessorImpl.invoke0(Native Method)
	at sun.reflect.NativeMethodAccessorImpl.invoke(NativeMethodAccessorImpl.java:62)
	at sun.reflect.DelegatingMethodAccessorImpl.invoke(DelegatingMethodAccessorImpl.java:43)
	at java.lang.reflect.Method.invoke(Method.java:498)
	at org.junit.runners.model.FrameworkMethod$1.runReflectiveCall(FrameworkMethod.java:44)
	at org.junit.internal.runners.model.ReflectiveCallable.run(ReflectiveCallable.java:15)
	at org.junit.runners.model.FrameworkMethod.invokeExplosively(FrameworkMethod.java:41)
	at junitparams.internal.InvokeParameterisedMethod.evaluate(InvokeParameterisedMethod.java:102)
	at org.junit.internal.runners.statements.FailOnTimeout$1.run(FailOnTimeout.java:28)
Caused by: ptolemy.kernel.util.IllegalActionException: Found a zero delay loop containing .HierarchicalModel.A
  in .HierarchicalModel and .HierarchicalModel.A
	at ptolemy.actor.util.CausalityInterfaceForComposites._computeOutputPortDepth(CausalityInterfaceForComposites.java:759)
	at ptolemy.actor.util.CausalityInterfaceForComposites._computeInputDepth(CausalityInterfaceForComposites.java:696)
	at ptolemy.actor.util.CausalityInterfaceForComposites._computeOutputPortDepth(CausalityInterfaceForComposites.java:765)
	at ptolemy.actor.util.CausalityInterfaceForComposites._computeInputDepth(CausalityInterfaceForComposites.java:696)
	at ptolemy.actor.util.CausalityInterfaceForComposites._computeOutputPortDepth(CausalityInterfaceForComposites.java:765)
	at ptolemy.actor.util.CausalityInterfaceForComposites._computeInputDepth(CausalityInterfaceForComposites.java:696)
	at ptolemy.actor.util.CausalityInterfaceForComposites._computeActorDepth(CausalityInterfaceForComposites.java:532)
	at ptolemy.actor.util.CausalityInterfaceForComposites.checkForCycles(CausalityInterfaceForComposites.java:96)
	at ptolemy.domains.de.kernel.DEDirector.preinitialize(DEDirector.java:1337)
	at ptolemy.actor.CompositeActor.preinitialize(CompositeActor.java:1828)
	at ptolemy.actor.Manager.preinitializeAndResolveTypes(Manager.java:1040)
	at ptolemy.actor.Manager.initialize(Manager.java:710)
	at ptolemy.actor.Manager.execute(Manager.java:356)
	at ptolemy.actor.Manager.run(Manager.java:1263)
	at ptolemy.actor.Manager$PtolemyRunThread.run(Manager.java:1915)
java.lang.RuntimeException: Execution failed
	at ptolemy.moml.MoMLSimpleApplication$UnloadThread.run(MoMLSimpleApplication.java:402)
Caused by: ptolemy.kernel.util.IllegalActionException: Found a zero delay loop containing .dependencyLoop.original
  in .dependencyLoop and .dependencyLoop.original
	at ptolemy.actor.util.CausalityInterfaceForComposites._computeOutputPortDepth(CausalityInterfaceForComposites.java:759)
	at ptolemy.actor.util.CausalityInterfaceForComposites._computeInputDepth(CausalityInterfaceForComposites.java:696)
	at ptolemy.actor.util.CausalityInterfaceForComposites._computeOutputPortDepth(CausalityInterfaceForComposites.java:765)
	at ptolemy.actor.util.CausalityInterfaceForComposites._computeInputDepth(CausalityInterfaceForComposites.java:696)
	at ptolemy.actor.util.CausalityInterfaceForComposites._computeOutputPortDepth(CausalityInterfaceForComposites.java:765)
	at ptolemy.actor.util.CausalityInterfaceForComposites._computeInputDepth(CausalityInterfaceForComposites.java:696)
	at ptolemy.actor.util.CausalityInterfaceForComposites._computeActorDepth(CausalityInterfaceForComposites.java:532)
	at ptolemy.actor.util.CausalityInterfaceForComposites.checkForCycles(CausalityInterfaceForComposites.java:96)
	at ptolemy.domains.de.kernel.DEDirector.preinitialize(DEDirector.java:1337)
	at ptolemy.actor.CompositeActor.preinitialize(CompositeActor.java:1828)
	at ptolemy.actor.Manager.preinitializeAndResolveTypes(Manager.java:1040)
	at ptolemy.actor.Manager.initialize(Manager.java:710)
	at ptolemy.actor.Manager.execute(Manager.java:356)
	at ptolemy.actor.Manager.run(Manager.java:1263)
	at ptolemy.actor.Manager$PtolemyRunThread.run(Manager.java:1915)
java.lang.reflect.InvocationTargetException
	at sun.reflect.NativeConstructorAccessorImpl.newInstance0(Native Method)
	at sun.reflect.NativeConstructorAccessorImpl.newInstance(NativeConstructorAccessorImpl.java:62)
	at sun.reflect.DelegatingConstructorAccessorImpl.newInstance(DelegatingConstructorAccessorImpl.java:45)
	at java.lang.reflect.Constructor.newInstance(Constructor.java:423)
	at ptolemy.util.test.junit.AutoKnownFailedTests.RunModel(AutoKnownFailedTests.java:107)
	at sun.reflect.NativeMethodAccessorImpl.invoke0(Native Method)
	at sun.reflect.NativeMethodAccessorImpl.invoke(NativeMethodAccessorImpl.java:62)
	at sun.reflect.DelegatingMethodAccessorImpl.invoke(DelegatingMethodAccessorImpl.java:43)
	at java.lang.reflect.Method.invoke(Method.java:498)
	at org.junit.runners.model.FrameworkMethod$1.runReflectiveCall(FrameworkMethod.java:44)
	at org.junit.internal.runners.model.ReflectiveCallable.run(ReflectiveCallable.java:15)
	at org.junit.runners.model.FrameworkMethod.invokeExplosively(FrameworkMethod.java:41)
	at junitparams.internal.InvokeParameterisedMethod.evaluate(InvokeParameterisedMethod.java:102)
	at org.junit.internal.runners.statements.FailOnTimeout$1.run(FailOnTimeout.java:28)
Caused by: ptolemy.kernel.util.IllegalActionException: Found a zero delay loop containing .dependencyLoop.original
  in .dependencyLoop and .dependencyLoop.original
	at ptolemy.actor.util.CausalityInterfaceForComposites._computeOutputPortDepth(CausalityInterfaceForComposites.java:759)
	at ptolemy.actor.util.CausalityInterfaceForComposites._computeInputDepth(CausalityInterfaceForComposites.java:696)
	at ptolemy.actor.util.CausalityInterfaceForComposites._computeOutputPortDepth(CausalityInterfaceForComposites.java:765)
	at ptolemy.actor.util.CausalityInterfaceForComposites._computeInputDepth(CausalityInterfaceForComposites.java:696)
	at ptolemy.actor.util.CausalityInterfaceForComposites._computeOutputPortDepth(CausalityInterfaceForComposites.java:765)
	at ptolemy.actor.util.CausalityInterfaceForComposites._computeInputDepth(CausalityInterfaceForComposites.java:696)
	at ptolemy.actor.util.CausalityInterfaceForComposites._computeActorDepth(CausalityInterfaceForComposites.java:532)
	at ptolemy.actor.util.CausalityInterfaceForComposites.checkForCycles(CausalityInterfaceForComposites.java:96)
	at ptolemy.domains.de.kernel.DEDirector.preinitialize(DEDirector.java:1337)
	at ptolemy.actor.CompositeActor.preinitialize(CompositeActor.java:1828)
	at ptolemy.actor.Manager.preinitializeAndResolveTypes(Manager.java:1040)
	at ptolemy.actor.Manager.initialize(Manager.java:710)
	at ptolemy.actor.Manager.execute(Manager.java:356)
	at ptolemy.actor.Manager.run(Manager.java:1263)
	at ptolemy.actor.Manager$PtolemyRunThread.run(Manager.java:1915)
java.lang.RuntimeException: Execution failed
	at ptolemy.moml.MoMLSimpleApplication$UnloadThread.run(MoMLSimpleApplication.java:402)
Caused by: ptolemy.kernel.util.IllegalActionException: Found a zero delay loop containing .dependencyLoop2.original
  in .dependencyLoop2 and .dependencyLoop2.original
	at ptolemy.actor.util.CausalityInterfaceForComposites._computeOutputPortDepth(CausalityInterfaceForComposites.java:759)
	at ptolemy.actor.util.CausalityInterfaceForComposites._computeInputDepth(CausalityInterfaceForComposites.java:696)
	at ptolemy.actor.util.CausalityInterfaceForComposites._computeOutputPortDepth(CausalityInterfaceForComposites.java:765)
	at ptolemy.actor.util.CausalityInterfaceForComposites._computeInputDepth(CausalityInterfaceForComposites.java:696)
	at ptolemy.actor.util.CausalityInterfaceForComposites._computeOutputPortDepth(CausalityInterfaceForComposites.java:765)
	at ptolemy.actor.util.CausalityInterfaceForComposites._computeInputDepth(CausalityInterfaceForComposites.java:696)
	at ptolemy.actor.util.CausalityInterfaceForComposites._computeActorDepth(CausalityInterfaceForComposites.java:532)
	at ptolemy.actor.util.CausalityInterfaceForComposites.checkForCycles(CausalityInterfaceForComposites.java:96)
	at ptolemy.domains.de.kernel.DEDirector.preinitialize(DEDirector.java:1337)
	at ptolemy.actor.CompositeActor.preinitialize(CompositeActor.java:1828)
	at ptolemy.actor.Manager.preinitializeAndResolveTypes(Manager.java:1040)
	at ptolemy.actor.Manager.initialize(Manager.java:710)
	at ptolemy.actor.Manager.execute(Manager.java:356)
	at ptolemy.actor.Manager.run(Manager.java:1263)
	at ptolemy.actor.Manager$PtolemyRunThread.run(Manager.java:1915)
java.lang.reflect.InvocationTargetException
	at sun.reflect.NativeConstructorAccessorImpl.newInstance0(Native Method)
	at sun.reflect.NativeConstructorAccessorImpl.newInstance(NativeConstructorAccessorImpl.java:62)
	at sun.reflect.DelegatingConstructorAccessorImpl.newInstance(DelegatingConstructorAccessorImpl.java:45)
	at java.lang.reflect.Constructor.newInstance(Constructor.java:423)
	at ptolemy.util.test.junit.AutoKnownFailedTests.RunModel(AutoKnownFailedTests.java:107)
	at sun.reflect.NativeMethodAccessorImpl.invoke0(Native Method)
	at sun.reflect.NativeMethodAccessorImpl.invoke(NativeMethodAccessorImpl.java:62)
	at sun.reflect.DelegatingMethodAccessorImpl.invoke(DelegatingMethodAccessorImpl.java:43)
	at java.lang.reflect.Method.invoke(Method.java:498)
	at org.junit.runners.model.FrameworkMethod$1.runReflectiveCall(FrameworkMethod.java:44)
	at org.junit.internal.runners.model.ReflectiveCallable.run(ReflectiveCallable.java:15)
	at org.junit.runners.model.FrameworkMethod.invokeExplosively(FrameworkMethod.java:41)
	at junitparams.internal.InvokeParameterisedMethod.evaluate(InvokeParameterisedMethod.java:102)
	at org.junit.internal.runners.statements.FailOnTimeout$1.run(FailOnTimeout.java:28)
Caused by: ptolemy.kernel.util.IllegalActionException: Found a zero delay loop containing .dependencyLoop2.original
  in .dependencyLoop2 and .dependencyLoop2.original
	at ptolemy.actor.util.CausalityInterfaceForComposites._computeOutputPortDepth(CausalityInterfaceForComposites.java:759)
	at ptolemy.actor.util.CausalityInterfaceForComposites._computeInputDepth(CausalityInterfaceForComposites.java:696)
	at ptolemy.actor.util.CausalityInterfaceForComposites._computeOutputPortDepth(CausalityInterfaceForComposites.java:765)
	at ptolemy.actor.util.CausalityInterfaceForComposites._computeInputDepth(CausalityInterfaceForComposites.java:696)
	at ptolemy.actor.util.CausalityInterfaceForComposites._computeOutputPortDepth(CausalityInterfaceForComposites.java:765)
	at ptolemy.actor.util.CausalityInterfaceForComposites._computeInputDepth(CausalityInterfaceForComposites.java:696)
	at ptolemy.actor.util.CausalityInterfaceForComposites._computeActorDepth(CausalityInterfaceForComposites.java:532)
	at ptolemy.actor.util.CausalityInterfaceForComposites.checkForCycles(CausalityInterfaceForComposites.java:96)
	at ptolemy.domains.de.kernel.DEDirector.preinitialize(DEDirector.java:1337)
	at ptolemy.actor.CompositeActor.preinitialize(CompositeActor.java:1828)
	at ptolemy.actor.Manager.preinitializeAndResolveTypes(Manager.java:1040)
	at ptolemy.actor.Manager.initialize(Manager.java:710)
	at ptolemy.actor.Manager.execute(Manager.java:356)
	at ptolemy.actor.Manager.run(Manager.java:1263)
	at ptolemy.actor.Manager$PtolemyRunThread.run(Manager.java:1915)
]]></system-err>
</testsuite>
