<?xml version="1.0" encoding="UTF-8" ?>
<testsuite errors="0" failures="0" hostname="travis-job-f6f3ee4c-8017-48d5-b216-87474bff9a5e" name="ptolemy.domains.modal.test.junit.JUnitTclTest" skipped="0" tests="148" time="10.897" timestamp="2018-06-01T17:22:45">
  <properties>
[...]
</properties>
  <testcase classname="ptolemy.util.test.junit.TclTests" name="[0] /home/travis/build/icyphy/ptII/ptolemy/domains/modal/test/SystemLevelType.tcl (RunTclFile)" time="1.831" />
  <testcase classname="ptolemy.util.test.junit.AutoKnownFailedTests" name="[0] /home/travis/build/icyphy/ptII/ptolemy/domains/modal/test/auto/knownFailedTests/CannotAnalysisWithPreemption.xml (RunModel)" time="0.208" />
  <testcase classname="ptolemy.util.test.junit.AutoNameArchTests" name="[0] ThereAreNoAutoArchTests (RunModel)" time="0.005" />
  <testcase classname="ptolemy.util.test.junit.AutoTests" name="[0] /home/travis/build/icyphy/ptII/ptolemy/domains/modal/test/auto/ABPTest.xml (RunModel)" time="0.809" />
  <testcase classname="ptolemy.util.test.junit.AutoTests" name="[1] /home/travis/build/icyphy/ptII/ptolemy/domains/modal/test/auto/ABROFlat.xml (RunModel)" time="0.089" />
  <testcase classname="ptolemy.util.test.junit.AutoTests" name="[2] /home/travis/build/icyphy/ptII/ptolemy/domains/modal/test/auto/ABROFlat2.xml (RunModel)" time="0.08" />
  <testcase classname="ptolemy.util.test.junit.AutoTests" name="[3] /home/travis/build/icyphy/ptII/ptolemy/domains/modal/test/auto/ABRO_present_hmm.xml (RunModel)" time="0.16" />
  <testcase classname="ptolemy.util.test.junit.AutoTests" name="[4] /home/travis/build/icyphy/ptII/ptolemy/domains/modal/test/auto/AMICoderExample.xml (RunModel)" time="0.103" />
  <testcase classname="ptolemy.util.test.junit.AutoTests" name="[5] /home/travis/build/icyphy/ptII/ptolemy/domains/modal/test/auto/AbsentToPresent.xml (RunModel)" time="0.032" />
  <testcase classname="ptolemy.util.test.junit.AutoTests" name="[6] /home/travis/build/icyphy/ptII/ptolemy/domains/modal/test/auto/Blending.xml (RunModel)" time="0.183" />
  <testcase classname="ptolemy.util.test.junit.AutoTests" name="[7] /home/travis/build/icyphy/ptII/ptolemy/domains/modal/test/auto/Broadcast.xml (RunModel)" time="0.065" />
  <testcase classname="ptolemy.util.test.junit.AutoTests" name="[8] /home/travis/build/icyphy/ptII/ptolemy/domains/modal/test/auto/BroadcastHierarchy.xml (RunModel)" time="0.076" />
  <testcase classname="ptolemy.util.test.junit.AutoTests" name="[9] /home/travis/build/icyphy/ptII/ptolemy/domains/modal/test/auto/BroadcastHierarchy2.xml (RunModel)" time="0.134" />
  <testcase classname="ptolemy.util.test.junit.AutoTests" name="[10] /home/travis/build/icyphy/ptII/ptolemy/domains/modal/test/auto/BroadcastHierarchy3.xml (RunModel)" time="0.142" />
  <testcase classname="ptolemy.util.test.junit.AutoTests" name="[11] /home/travis/build/icyphy/ptII/ptolemy/domains/modal/test/auto/BroadcastHierarchy4.xml (RunModel)" time="0.103" />
  <testcase classname="ptolemy.util.test.junit.AutoTests" name="[12] /home/travis/build/icyphy/ptII/ptolemy/domains/modal/test/auto/CannotAnalysisWithPreemption2.xml (RunModel)" time="0.038" />
  <testcase classname="ptolemy.util.test.junit.AutoTests" name="[13] /home/travis/build/icyphy/ptII/ptolemy/domains/modal/test/auto/CannotAnalysisWithPreemption3.xml (RunModel)" time="0.045" />
  <testcase classname="ptolemy.util.test.junit.AutoTests" name="[14] /home/travis/build/icyphy/ptII/ptolemy/domains/modal/test/auto/CannotProduce.xml (RunModel)" time="0.044" />
  <testcase classname="ptolemy.util.test.junit.AutoTests" name="[15] /home/travis/build/icyphy/ptII/ptolemy/domains/modal/test/auto/CannotProduceModal.xml (RunModel)" time="0.034" />
  <testcase classname="ptolemy.util.test.junit.AutoTests" name="[16] /home/travis/build/icyphy/ptII/ptolemy/domains/modal/test/auto/Case.xml (RunModel)" time="0.08" />
  <testcase classname="ptolemy.util.test.junit.AutoTests" name="[17] /home/travis/build/icyphy/ptII/ptolemy/domains/modal/test/auto/Case1.xml (RunModel)" time="0.04" />
  <testcase classname="ptolemy.util.test.junit.AutoTests" name="[18] /home/travis/build/icyphy/ptII/ptolemy/domains/modal/test/auto/Case2.xml (RunModel)" time="0.065" />
  <testcase classname="ptolemy.util.test.junit.AutoTests" name="[19] /home/travis/build/icyphy/ptII/ptolemy/domains/modal/test/auto/CausalityInterface1.xml (RunModel)" time="0.026" />
  <testcase classname="ptolemy.util.test.junit.AutoTests" name="[20] /home/travis/build/icyphy/ptII/ptolemy/domains/modal/test/auto/CausalityInterface10.xml (RunModel)" time="0.059" />
  <testcase classname="ptolemy.util.test.junit.AutoTests" name="[21] /home/travis/build/icyphy/ptII/ptolemy/domains/modal/test/auto/CausalityInterface11.xml (RunModel)" time="0.063" />
  <testcase classname="ptolemy.util.test.junit.AutoTests" name="[22] /home/travis/build/icyphy/ptII/ptolemy/domains/modal/test/auto/CausalityInterface12.xml (RunModel)" time="0.048" />
  <testcase classname="ptolemy.util.test.junit.AutoTests" name="[23] /home/travis/build/icyphy/ptII/ptolemy/domains/modal/test/auto/CausalityInterface13.xml (RunModel)" time="0.074" />
  <testcase classname="ptolemy.util.test.junit.AutoTests" name="[24] /home/travis/build/icyphy/ptII/ptolemy/domains/modal/test/auto/CausalityInterface14.xml (RunModel)" time="0.069" />
  <testcase classname="ptolemy.util.test.junit.AutoTests" name="[25] /home/travis/build/icyphy/ptII/ptolemy/domains/modal/test/auto/CausalityInterface2.xml (RunModel)" time="0.037" />
  <testcase classname="ptolemy.util.test.junit.AutoTests" name="[26] /home/travis/build/icyphy/ptII/ptolemy/domains/modal/test/auto/CausalityInterface3.xml (RunModel)" time="0.048" />
  <testcase classname="ptolemy.util.test.junit.AutoTests" name="[27] /home/travis/build/icyphy/ptII/ptolemy/domains/modal/test/auto/CausalityInterface4.xml (RunModel)" time="0.041" />
  <testcase classname="ptolemy.util.test.junit.AutoTests" name="[28] /home/travis/build/icyphy/ptII/ptolemy/domains/modal/test/auto/CausalityInterface5.xml (RunModel)" time="0.04" />
  <testcase classname="ptolemy.util.test.junit.AutoTests" name="[29] /home/travis/build/icyphy/ptII/ptolemy/domains/modal/test/auto/CausalityInterface6.xml (RunModel)" time="0.044" />
  <testcase classname="ptolemy.util.test.junit.AutoTests" name="[30] /home/travis/build/icyphy/ptII/ptolemy/domains/modal/test/auto/CausalityInterface7.xml (RunModel)" time="0.047" />
  <testcase classname="ptolemy.util.test.junit.AutoTests" name="[31] /home/travis/build/icyphy/ptII/ptolemy/domains/modal/test/auto/CausalityInterface8.xml (RunModel)" time="0.06" />
  <testcase classname="ptolemy.util.test.junit.AutoTests" name="[32] /home/travis/build/icyphy/ptII/ptolemy/domains/modal/test/auto/CausalityInterface9.xml (RunModel)" time="0.04" />
  <testcase classname="ptolemy.util.test.junit.AutoTests" name="[33] /home/travis/build/icyphy/ptII/ptolemy/domains/modal/test/auto/ChainedTransitions.xml (RunModel)" time="0.166" />
  <testcase classname="ptolemy.util.test.junit.AutoTests" name="[34] /home/travis/build/icyphy/ptII/ptolemy/domains/modal/test/auto/CycleOfImmediateTransitionsFSM.xml (RunModel)" time="0.028" />
  <testcase classname="ptolemy.util.test.junit.AutoTests" name="[35] /home/travis/build/icyphy/ptII/ptolemy/domains/modal/test/auto/CycleOfImmediateTransitionsModal.xml (RunModel)" time="0.025" />
  <testcase classname="ptolemy.util.test.junit.AutoTests" name="[36] /home/travis/build/icyphy/ptII/ptolemy/domains/modal/test/auto/CycleOfImmediateTransitionsModal2.xml (RunModel)" time="0.04" />
  <testcase classname="ptolemy.util.test.junit.AutoTests" name="[37] /home/travis/build/icyphy/ptII/ptolemy/domains/modal/test/auto/CycleOfImmediateTransitionsModal3.xml (RunModel)" time="0.083" />
  <testcase classname="ptolemy.util.test.junit.AutoTests" name="[38] /home/travis/build/icyphy/ptII/ptolemy/domains/modal/test/auto/DeepModal1.xml (RunModel)" time="0.063" />
  <testcase classname="ptolemy.util.test.junit.AutoTests" name="[39] /home/travis/build/icyphy/ptII/ptolemy/domains/modal/test/auto/DeepModal2.xml (RunModel)" time="0.066" />
  <testcase classname="ptolemy.util.test.junit.AutoTests" name="[40] /home/travis/build/icyphy/ptII/ptolemy/domains/modal/test/auto/DeepModal3.xml (RunModel)" time="0.078" />
  <testcase classname="ptolemy.util.test.junit.AutoTests" name="[41] /home/travis/build/icyphy/ptII/ptolemy/domains/modal/test/auto/DeepModal4.xml (RunModel)" time="0.081" />
  <testcase classname="ptolemy.util.test.junit.AutoTests" name="[42] /home/travis/build/icyphy/ptII/ptolemy/domains/modal/test/auto/Default1.xml (RunModel)" time="0.035" />
  <testcase classname="ptolemy.util.test.junit.AutoTests" name="[43] /home/travis/build/icyphy/ptII/ptolemy/domains/modal/test/auto/Default2.xml (RunModel)" time="0.026" />
  <testcase classname="ptolemy.util.test.junit.AutoTests" name="[44] /home/travis/build/icyphy/ptII/ptolemy/domains/modal/test/auto/Default3.xml (RunModel)" time="0.02" />
  <testcase classname="ptolemy.util.test.junit.AutoTests" name="[45] /home/travis/build/icyphy/ptII/ptolemy/domains/modal/test/auto/Default4.xml (RunModel)" time="0.021" />
  <testcase classname="ptolemy.util.test.junit.AutoTests" name="[46] /home/travis/build/icyphy/ptII/ptolemy/domains/modal/test/auto/Default5.xml (RunModel)" time="0.037" />
  <testcase classname="ptolemy.util.test.junit.AutoTests" name="[47] /home/travis/build/icyphy/ptII/ptolemy/domains/modal/test/auto/EmptyGuard.xml (RunModel)" time="0.038" />
  <testcase classname="ptolemy.util.test.junit.AutoTests" name="[48] /home/travis/build/icyphy/ptII/ptolemy/domains/modal/test/auto/ErrorTransition1.xml (RunModel)" time="0.042" />
  <testcase classname="ptolemy.util.test.junit.AutoTests" name="[49] /home/travis/build/icyphy/ptII/ptolemy/domains/modal/test/auto/ErrorTransition10.xml (RunModel)" time="0.052" />
  <testcase classname="ptolemy.util.test.junit.AutoTests" name="[50] /home/travis/build/icyphy/ptII/ptolemy/domains/modal/test/auto/ErrorTransition11.xml (RunModel)" time="0.039" />
  <testcase classname="ptolemy.util.test.junit.AutoTests" name="[51] /home/travis/build/icyphy/ptII/ptolemy/domains/modal/test/auto/ErrorTransition2.xml (RunModel)" time="0.027" />
  <testcase classname="ptolemy.util.test.junit.AutoTests" name="[52] /home/travis/build/icyphy/ptII/ptolemy/domains/modal/test/auto/ErrorTransition3.xml (RunModel)" time="0.035" />
  <testcase classname="ptolemy.util.test.junit.AutoTests" name="[53] /home/travis/build/icyphy/ptII/ptolemy/domains/modal/test/auto/ErrorTransition4.xml (RunModel)" time="0.034" />
  <testcase classname="ptolemy.util.test.junit.AutoTests" name="[54] /home/travis/build/icyphy/ptII/ptolemy/domains/modal/test/auto/ErrorTransition5.xml (RunModel)" time="0.031" />
  <testcase classname="ptolemy.util.test.junit.AutoTests" name="[55] /home/travis/build/icyphy/ptII/ptolemy/domains/modal/test/auto/ErrorTransition6.xml (RunModel)" time="0.065" />
  <testcase classname="ptolemy.util.test.junit.AutoTests" name="[56] /home/travis/build/icyphy/ptII/ptolemy/domains/modal/test/auto/ErrorTransition7.xml (RunModel)" time="0.053" />
  <testcase classname="ptolemy.util.test.junit.AutoTests" name="[57] /home/travis/build/icyphy/ptII/ptolemy/domains/modal/test/auto/ErrorTransition8.xml (RunModel)" time="0.078" />
  <testcase classname="ptolemy.util.test.junit.AutoTests" name="[58] /home/travis/build/icyphy/ptII/ptolemy/domains/modal/test/auto/ErrorTransition9.xml (RunModel)" time="0.046" />
  <testcase classname="ptolemy.util.test.junit.AutoTests" name="[59] /home/travis/build/icyphy/ptII/ptolemy/domains/modal/test/auto/ExtendedFSM.xml (RunModel)" time="0.038" />
  <testcase classname="ptolemy.util.test.junit.AutoTests" name="[60] /home/travis/build/icyphy/ptII/ptolemy/domains/modal/test/auto/FinalStates.xml (RunModel)" time="0.026" />
  <testcase classname="ptolemy.util.test.junit.AutoTests" name="[61] /home/travis/build/icyphy/ptII/ptolemy/domains/modal/test/auto/FixedPointFSM.xml (RunModel)" time="0.053" />
  <testcase classname="ptolemy.util.test.junit.AutoTests" name="[62] /home/travis/build/icyphy/ptII/ptolemy/domains/modal/test/auto/FixedPointIterationFSMActor.xml (RunModel)" time="0.032" />
  <testcase classname="ptolemy.util.test.junit.AutoTests" name="[63] /home/travis/build/icyphy/ptII/ptolemy/domains/modal/test/auto/FixedPointIterationFSMActor2.xml (RunModel)" time="0.042" />
  <testcase classname="ptolemy.util.test.junit.AutoTests" name="[64] /home/travis/build/icyphy/ptII/ptolemy/domains/modal/test/auto/ForbiddenInstantanousLoop.xml (RunModel)" time="0.033" />
  <testcase classname="ptolemy.util.test.junit.AutoTests" name="[65] /home/travis/build/icyphy/ptII/ptolemy/domains/modal/test/auto/FunctionDependencyOfFSMActorTest.xml (RunModel)" time="0.023" />
  <testcase classname="ptolemy.util.test.junit.AutoTests" name="[66] /home/travis/build/icyphy/ptII/ptolemy/domains/modal/test/auto/GuardExpression.xml (RunModel)" time="0.021" />
  <testcase classname="ptolemy.util.test.junit.AutoTests" name="[67] /home/travis/build/icyphy/ptII/ptolemy/domains/modal/test/auto/GuardNotEvaluated.xml (RunModel)" time="0.036" />
  <testcase classname="ptolemy.util.test.junit.AutoTests" name="[68] /home/travis/build/icyphy/ptII/ptolemy/domains/modal/test/auto/GuardNotEvaluated2.xml (RunModel)" time="0.031" />
  <testcase classname="ptolemy.util.test.junit.AutoTests" name="[69] /home/travis/build/icyphy/ptII/ptolemy/domains/modal/test/auto/GuardOnAbsent.xml (RunModel)" time="0.022" />
  <testcase classname="ptolemy.util.test.junit.AutoTests" name="[70] /home/travis/build/icyphy/ptII/ptolemy/domains/modal/test/auto/HierarchicalFSMTypeInference.xml (RunModel)" time="0.031" />
  <testcase classname="ptolemy.util.test.junit.AutoTests" name="[71] /home/travis/build/icyphy/ptII/ptolemy/domains/modal/test/auto/Hysteresis.xml (RunModel)" time="0.05" />
  <testcase classname="ptolemy.util.test.junit.AutoTests" name="[72] /home/travis/build/icyphy/ptII/ptolemy/domains/modal/test/auto/HysteresisWithDefault.xml (RunModel)" time="0.081" />
  <testcase classname="ptolemy.util.test.junit.AutoTests" name="[73] /home/travis/build/icyphy/ptII/ptolemy/domains/modal/test/auto/HysteresisWithDefault2.xml (RunModel)" time="0.075" />
  <testcase classname="ptolemy.util.test.junit.AutoTests" name="[74] /home/travis/build/icyphy/ptII/ptolemy/domains/modal/test/auto/ImmediateNonConstructiveness.xml (RunModel)" time="0.017" />
  <testcase classname="ptolemy.util.test.junit.AutoTests" name="[75] /home/travis/build/icyphy/ptII/ptolemy/domains/modal/test/auto/ImmediateNonConstructiveness2.xml (RunModel)" time="0.018" />
  <testcase classname="ptolemy.util.test.junit.AutoTests" name="[76] /home/travis/build/icyphy/ptII/ptolemy/domains/modal/test/auto/ImmediateTransitionReset.xml (RunModel)" time="0.041" />
  <testcase classname="ptolemy.util.test.junit.AutoTests" name="[77] /home/travis/build/icyphy/ptII/ptolemy/domains/modal/test/auto/ImmediateTransitions1.xml (RunModel)" time="0.014" />
  <testcase classname="ptolemy.util.test.junit.AutoTests" name="[78] /home/travis/build/icyphy/ptII/ptolemy/domains/modal/test/auto/ImmediateTransitionsInstantaneousCommunication.xml (RunModel)" time="0.042" />
  <testcase classname="ptolemy.util.test.junit.AutoTests" name="[79] /home/travis/build/icyphy/ptII/ptolemy/domains/modal/test/auto/InitialImmediateTransition.xml (RunModel)" time="0.022" />
  <testcase classname="ptolemy.util.test.junit.AutoTests" name="[80] /home/travis/build/icyphy/ptII/ptolemy/domains/modal/test/auto/InitialOutputs.xml (RunModel)" time="0.015" />
  <testcase classname="ptolemy.util.test.junit.AutoTests" name="[81] /home/travis/build/icyphy/ptII/ptolemy/domains/modal/test/auto/InitialStateTransition1.xml (RunModel)" time="0.028" />
  <testcase classname="ptolemy.util.test.junit.AutoTests" name="[82] /home/travis/build/icyphy/ptII/ptolemy/domains/modal/test/auto/InitialStateTransition2.xml (RunModel)" time="0.023" />
  <testcase classname="ptolemy.util.test.junit.AutoTests" name="[83] /home/travis/build/icyphy/ptII/ptolemy/domains/modal/test/auto/InitialStateTransition3.xml (RunModel)" time="0.027" />
  <testcase classname="ptolemy.util.test.junit.AutoTests" name="[84] /home/travis/build/icyphy/ptII/ptolemy/domains/modal/test/auto/InitialStateTransition4.xml (RunModel)" time="0.029" />
  <testcase classname="ptolemy.util.test.junit.AutoTests" name="[85] /home/travis/build/icyphy/ptII/ptolemy/domains/modal/test/auto/MalformedGuardExpressionNotCaught.xml (RunModel)" time="0.025" />
  <testcase classname="ptolemy.util.test.junit.AutoTests" name="[86] /home/travis/build/icyphy/ptII/ptolemy/domains/modal/test/auto/ModalBSC.xml (RunModel)" time="0.092" />
  <testcase classname="ptolemy.util.test.junit.AutoTests" name="[87] /home/travis/build/icyphy/ptII/ptolemy/domains/modal/test/auto/ModalClocks.xml (RunModel)" time="0.074" />
  <testcase classname="ptolemy.util.test.junit.AutoTests" name="[88] /home/travis/build/icyphy/ptII/ptolemy/domains/modal/test/auto/ModalDelay.xml (RunModel)" time="0.05" />
  <testcase classname="ptolemy.util.test.junit.AutoTests" name="[89] /home/travis/build/icyphy/ptII/ptolemy/domains/modal/test/auto/ModalDelay2.xml (RunModel)" time="0.056" />
  <testcase classname="ptolemy.util.test.junit.AutoTests" name="[90] /home/travis/build/icyphy/ptII/ptolemy/domains/modal/test/auto/ModalModelFromMemo.xml (RunModel)" time="0.066" />
  <testcase classname="ptolemy.util.test.junit.AutoTests" name="[91] /home/travis/build/icyphy/ptII/ptolemy/domains/modal/test/auto/ModalModelWithMultirateTransient.xml (RunModel)" time="0.05" />
  <testcase classname="ptolemy.util.test.junit.AutoTests" name="[92] /home/travis/build/icyphy/ptII/ptolemy/domains/modal/test/auto/ModalModelWithReset.xml (RunModel)" time="0.05" />
  <testcase classname="ptolemy.util.test.junit.AutoTests" name="[93] /home/travis/build/icyphy/ptII/ptolemy/domains/modal/test/auto/MouseClickFSM.xml (RunModel)" time="0.052" />
  <testcase classname="ptolemy.util.test.junit.AutoTests" name="[94] /home/travis/build/icyphy/ptII/ptolemy/domains/modal/test/auto/MouseClickFSMModal.xml (RunModel)" time="0.04" />
  <testcase classname="ptolemy.util.test.junit.AutoTests" name="[95] /home/travis/build/icyphy/ptII/ptolemy/domains/modal/test/auto/NonStrictFSM_FeedbackLoop.xml (RunModel)" time="0.049" />
  <testcase classname="ptolemy.util.test.junit.AutoTests" name="[96] /home/travis/build/icyphy/ptII/ptolemy/domains/modal/test/auto/NonStrictFSM_FeedbackLoop_Refinement.xml (RunModel)" time="0.055" />
  <testcase classname="ptolemy.util.test.junit.AutoTests" name="[97] /home/travis/build/icyphy/ptII/ptolemy/domains/modal/test/auto/NonStrictFSM_FeedbackLoop_preemptive.xml (RunModel)" time="0.045" />
  <testcase classname="ptolemy.util.test.junit.AutoTests" name="[98] /home/travis/build/icyphy/ptII/ptolemy/domains/modal/test/auto/NormalTermination.xml (RunModel)" time="0.054" />
  <testcase classname="ptolemy.util.test.junit.AutoTests" name="[99] /home/travis/build/icyphy/ptII/ptolemy/domains/modal/test/auto/Pong.xml (RunModel)" time="0.082" />
  <testcase classname="ptolemy.util.test.junit.AutoTests" name="[100] /home/travis/build/icyphy/ptII/ptolemy/domains/modal/test/auto/Pong_test.xml (RunModel)" time="0.102" />
  <testcase classname="ptolemy.util.test.junit.AutoTests" name="[101] /home/travis/build/icyphy/ptII/ptolemy/domains/modal/test/auto/PreemptionHierarchy.xml (RunModel)" time="0.031" />
  <testcase classname="ptolemy.util.test.junit.AutoTests" name="[102] /home/travis/build/icyphy/ptII/ptolemy/domains/modal/test/auto/PreemptionHierarchy2.xml (RunModel)" time="0.037" />
  <testcase classname="ptolemy.util.test.junit.AutoTests" name="[103] /home/travis/build/icyphy/ptII/ptolemy/domains/modal/test/auto/PreemptiveTransition.xml (RunModel)" time="0.027" />
  <testcase classname="ptolemy.util.test.junit.AutoTests" name="[104] /home/travis/build/icyphy/ptII/ptolemy/domains/modal/test/auto/Priorities.xml (RunModel)" time="0.098" />
  <testcase classname="ptolemy.util.test.junit.AutoTests" name="[105] /home/travis/build/icyphy/ptII/ptolemy/domains/modal/test/auto/ResetFinal.xml (RunModel)" time="0.039" />
  <testcase classname="ptolemy.util.test.junit.AutoTests" name="[106] /home/travis/build/icyphy/ptII/ptolemy/domains/modal/test/auto/ResetFinal2.xml (RunModel)" time="0.03" />
  <testcase classname="ptolemy.util.test.junit.AutoTests" name="[107] /home/travis/build/icyphy/ptII/ptolemy/domains/modal/test/auto/ResetTransitionWithStartTime.xml (RunModel)" time="0.033" />
  <testcase classname="ptolemy.util.test.junit.AutoTests" name="[108] /home/travis/build/icyphy/ptII/ptolemy/domains/modal/test/auto/SDF-FSMComposite.xml (RunModel)" time="0.023" />
  <testcase classname="ptolemy.util.test.junit.AutoTests" name="[109] /home/travis/build/icyphy/ptII/ptolemy/domains/modal/test/auto/SeeminglyNondeterminate.xml (RunModel)" time="0.077" />
  <testcase classname="ptolemy.util.test.junit.AutoTests" name="[110] /home/travis/build/icyphy/ptII/ptolemy/domains/modal/test/auto/SeeminglyNondeterminate2.xml (RunModel)" time="0.075" />
  <testcase classname="ptolemy.util.test.junit.AutoTests" name="[111] /home/travis/build/icyphy/ptII/ptolemy/domains/modal/test/auto/SpontaneousFSM.xml (RunModel)" time="0.047" />
  <testcase classname="ptolemy.util.test.junit.AutoTests" name="[112] /home/travis/build/icyphy/ptII/ptolemy/domains/modal/test/auto/SpontaneousFSM2.xml (RunModel)" time="0.033" />
  <testcase classname="ptolemy.util.test.junit.AutoTests" name="[113] /home/travis/build/icyphy/ptII/ptolemy/domains/modal/test/auto/SpontaneousFSM3.xml (RunModel)" time="0.04" />
  <testcase classname="ptolemy.util.test.junit.AutoTests" name="[114] /home/travis/build/icyphy/ptII/ptolemy/domains/modal/test/auto/SpontaneousFSM4.xml (RunModel)" time="0.045" />
  <testcase classname="ptolemy.util.test.junit.AutoTests" name="[115] /home/travis/build/icyphy/ptII/ptolemy/domains/modal/test/auto/StateTrackerTest.xml (RunModel)" time="0.076" />
  <testcase classname="ptolemy.util.test.junit.AutoTests" name="[116] /home/travis/build/icyphy/ptII/ptolemy/domains/modal/test/auto/StrongImmediateTransition.xml (RunModel)" time="0.033" />
  <testcase classname="ptolemy.util.test.junit.AutoTests" name="[117] /home/travis/build/icyphy/ptII/ptolemy/domains/modal/test/auto/SustainHierarchy.xml (RunModel)" time="0.042" />
  <testcase classname="ptolemy.util.test.junit.AutoTests" name="[118] /home/travis/build/icyphy/ptII/ptolemy/domains/modal/test/auto/TerminationTransition1.xml (RunModel)" time="0.026" />
  <testcase classname="ptolemy.util.test.junit.AutoTests" name="[119] /home/travis/build/icyphy/ptII/ptolemy/domains/modal/test/auto/TerminationTransition2.xml (RunModel)" time="0.036" />
  <testcase classname="ptolemy.util.test.junit.AutoTests" name="[120] /home/travis/build/icyphy/ptII/ptolemy/domains/modal/test/auto/TerminationTransition3.xml (RunModel)" time="0.03" />
  <testcase classname="ptolemy.util.test.junit.AutoTests" name="[121] /home/travis/build/icyphy/ptII/ptolemy/domains/modal/test/auto/TerminationTransition4.xml (RunModel)" time="0.047" />
  <testcase classname="ptolemy.util.test.junit.AutoTests" name="[122] /home/travis/build/icyphy/ptII/ptolemy/domains/modal/test/auto/TerminationTransition5.xml (RunModel)" time="0.053" />
  <testcase classname="ptolemy.util.test.junit.AutoTests" name="[123] /home/travis/build/icyphy/ptII/ptolemy/domains/modal/test/auto/TerminationTransition6.xml (RunModel)" time="0.034" />
  <testcase classname="ptolemy.util.test.junit.AutoTests" name="[124] /home/travis/build/icyphy/ptII/ptolemy/domains/modal/test/auto/TerminationTransition7.xml (RunModel)" time="0.033" />
  <testcase classname="ptolemy.util.test.junit.AutoTests" name="[125] /home/travis/build/icyphy/ptII/ptolemy/domains/modal/test/auto/TerminationTransition8.xml (RunModel)" time="0.027" />
  <testcase classname="ptolemy.util.test.junit.AutoTests" name="[126] /home/travis/build/icyphy/ptII/ptolemy/domains/modal/test/auto/Thermostat_NoHysteresis.xml (RunModel)" time="0.057" />
  <testcase classname="ptolemy.util.test.junit.AutoTests" name="[127] /home/travis/build/icyphy/ptII/ptolemy/domains/modal/test/auto/TimedFSM.xml (RunModel)" time="0.032" />
  <testcase classname="ptolemy.util.test.junit.AutoTests" name="[128] /home/travis/build/icyphy/ptII/ptolemy/domains/modal/test/auto/Timeout1.xml (RunModel)" time="0.014" />
  <testcase classname="ptolemy.util.test.junit.AutoTests" name="[129] /home/travis/build/icyphy/ptII/ptolemy/domains/modal/test/auto/Timeout2.xml (RunModel)" time="0.022" />
  <testcase classname="ptolemy.util.test.junit.AutoTests" name="[130] /home/travis/build/icyphy/ptII/ptolemy/domains/modal/test/auto/Timeout3.xml (RunModel)" time="0.014" />
  <testcase classname="ptolemy.util.test.junit.AutoTests" name="[131] /home/travis/build/icyphy/ptII/ptolemy/domains/modal/test/auto/Timeout4.xml (RunModel)" time="0.013" />
  <testcase classname="ptolemy.util.test.junit.AutoTests" name="[132] /home/travis/build/icyphy/ptII/ptolemy/domains/modal/test/auto/TransientstateModelAdvanced.xml (RunModel)" time="0.031" />
  <testcase classname="ptolemy.util.test.junit.AutoTests" name="[133] /home/travis/build/icyphy/ptII/ptolemy/domains/modal/test/auto/TransientstateModelAdvanced2.xml (RunModel)" time="0.035" />
  <testcase classname="ptolemy.util.test.junit.AutoTests" name="[134] /home/travis/build/icyphy/ptII/ptolemy/domains/modal/test/auto/TransitionRefinements.xml (RunModel)" time="0.033" />
  <testcase classname="ptolemy.util.test.junit.AutoTests" name="[135] /home/travis/build/icyphy/ptII/ptolemy/domains/modal/test/auto/TwoRefinements1.xml (RunModel)" time="0.027" />
  <testcase classname="ptolemy.util.test.junit.AutoTests" name="[136] /home/travis/build/icyphy/ptII/ptolemy/domains/modal/test/auto/TwoRefinements2.xml (RunModel)" time="0.028" />
  <testcase classname="ptolemy.util.test.junit.AutoTests" name="[137] /home/travis/build/icyphy/ptII/ptolemy/domains/modal/test/auto/WeakImmediateTransition.xml (RunModel)" time="0.023" />
  <testcase classname="ptolemy.util.test.junit.AutoTests" name="[138] /home/travis/build/icyphy/ptII/ptolemy/domains/modal/test/auto/booleanSelect.xml (RunModel)" time="0.055" />
  <testcase classname="ptolemy.util.test.junit.AutoTests" name="[139] /home/travis/build/icyphy/ptII/ptolemy/domains/modal/test/auto/modalChangingParams.xml (RunModel)" time="0.198" />
  <testcase classname="ptolemy.util.test.junit.AutoTests" name="[140] /home/travis/build/icyphy/ptII/ptolemy/domains/modal/test/auto/modalModel.xml (RunModel)" time="0.028" />
  <testcase classname="ptolemy.util.test.junit.AutoTests" name="[141] /home/travis/build/icyphy/ptII/ptolemy/domains/modal/test/auto/modalModel2.xml (RunModel)" time="0.027" />
  <testcase classname="ptolemy.util.test.junit.AutoTests" name="[142] /home/travis/build/icyphy/ptII/ptolemy/domains/modal/test/auto/modalModel3.xml (RunModel)" time="0.035" />
  <testcase classname="ptolemy.util.test.junit.AutoTests" name="[143] /home/travis/build/icyphy/ptII/ptolemy/domains/modal/test/auto/model1.xml (RunModel)" time="0.021" />
  <testcase classname="ptolemy.util.test.junit.AutoTests" name="[144] /home/travis/build/icyphy/ptII/ptolemy/domains/modal/test/auto/test-direct-in-out.xml (RunModel)" time="0.018" />
  <system-out><![CDATA[/home/travis/build/icyphy/ptII/ptolemy/domains/modal/test/SystemLevelType.tcl
testDefs.tcl: setting time out to 9000 seconds at Fri Jun 01 17:22:45 UTC 2018
06/01/18 05:22:47
Failed: 0  Total Tests: 1  ((Passed: 1, Newly Passed: 0)  Known Failed: 0) /home/travis/build/icyphy/ptII/ptolemy/domains/modal/test
----------------- testing (KnownFailure) /home/travis/build/icyphy/ptII/ptolemy/domains/modal/test/auto/knownFailedTests/CannotAnalysisWithPreemption.xml
58 ms. Memory: 208384K Free: 188321K (90%)
Known Failure: java.lang.reflect.InvocationTargetException
No auto/linux-amd64/*.xml tests in /home/travis/build/icyphy/ptII/ptolemy/domains/modal/test
AutoTests.java: About to close Vertx.
AutoTests.java: Vertx closed.

===========================================================================================
----------------- testing Fri Jun 01 17:22:47 UTC 2018 /home/travis/build/icyphy/ptII/ptolemy/domains/modal/test/auto/ABPTest.xml
----------------- Instantiating /home/travis/build/icyphy/ptII/ptolemy/domains/modal/test/auto/ABPTest.xml
354 ms. Memory: 332288K Free: 292416K (88%)
----------------- Invoking toplevel() on ptolemy.moml.MoMLSimpleApplication@66a4e0fd
----------------- Done invoking toplevel() on ptolemy.moml.MoMLSimpleApplication@66a4e0fd
reloadAllAccessors: .ABPTest

===========================================================================================
----------------- testing Fri Jun 01 17:22:48 UTC 2018 /home/travis/build/icyphy/ptII/ptolemy/domains/modal/test/auto/ABROFlat.xml
----------------- Instantiating /home/travis/build/icyphy/ptII/ptolemy/domains/modal/test/auto/ABROFlat.xml
26 ms. Memory: 332288K Free: 270193K (81%)
----------------- Invoking toplevel() on ptolemy.moml.MoMLSimpleApplication@68e2b9a8
----------------- Done invoking toplevel() on ptolemy.moml.MoMLSimpleApplication@68e2b9a8
reloadAllAccessors: .ABROFlat

===========================================================================================
----------------- testing Fri Jun 01 17:22:48 UTC 2018 /home/travis/build/icyphy/ptII/ptolemy/domains/modal/test/auto/ABROFlat2.xml
----------------- Instantiating /home/travis/build/icyphy/ptII/ptolemy/domains/modal/test/auto/ABROFlat2.xml
20 ms. Memory: 332288K Free: 252218K (76%)
----------------- Invoking toplevel() on ptolemy.moml.MoMLSimpleApplication@2c156bf7
----------------- Done invoking toplevel() on ptolemy.moml.MoMLSimpleApplication@2c156bf7
reloadAllAccessors: .ABROFlat2

===========================================================================================
----------------- testing Fri Jun 01 17:22:48 UTC 2018 /home/travis/build/icyphy/ptII/ptolemy/domains/modal/test/auto/ABRO_present_hmm.xml
----------------- Instantiating /home/travis/build/icyphy/ptII/ptolemy/domains/modal/test/auto/ABRO_present_hmm.xml
44 ms. Memory: 332288K Free: 221177K (67%)
----------------- Invoking toplevel() on ptolemy.moml.MoMLSimpleApplication@61311834
----------------- Done invoking toplevel() on ptolemy.moml.MoMLSimpleApplication@61311834
reloadAllAccessors: .ABRO_present_hmm

===========================================================================================
----------------- testing Fri Jun 01 17:22:49 UTC 2018 /home/travis/build/icyphy/ptII/ptolemy/domains/modal/test/auto/AMICoderExample.xml
----------------- Instantiating /home/travis/build/icyphy/ptII/ptolemy/domains/modal/test/auto/AMICoderExample.xml
36 ms. Memory: 332288K Free: 209756K (63%)
----------------- Invoking toplevel() on ptolemy.moml.MoMLSimpleApplication@832193
----------------- Done invoking toplevel() on ptolemy.moml.MoMLSimpleApplication@832193
reloadAllAccessors: .AMICoderExample

===========================================================================================
----------------- testing Fri Jun 01 17:22:49 UTC 2018 /home/travis/build/icyphy/ptII/ptolemy/domains/modal/test/auto/AbsentToPresent.xml
----------------- Instantiating /home/travis/build/icyphy/ptII/ptolemy/domains/modal/test/auto/AbsentToPresent.xml
8 ms. Memory: 332288K Free: 199787K (60%)
----------------- Invoking toplevel() on ptolemy.moml.MoMLSimpleApplication@522f95bf
----------------- Done invoking toplevel() on ptolemy.moml.MoMLSimpleApplication@522f95bf
reloadAllAccessors: .AbsentToPresent

===========================================================================================
----------------- testing Fri Jun 01 17:22:49 UTC 2018 /home/travis/build/icyphy/ptII/ptolemy/domains/modal/test/auto/Blending.xml
----------------- Instantiating /home/travis/build/icyphy/ptII/ptolemy/domains/modal/test/auto/Blending.xml
92 ms. Memory: 332288K Free: 149081K (45%)
----------------- Invoking toplevel() on ptolemy.moml.MoMLSimpleApplication@2d4128a8
----------------- Done invoking toplevel() on ptolemy.moml.MoMLSimpleApplication@2d4128a8
reloadAllAccessors: .Blending

===========================================================================================
----------------- testing Fri Jun 01 17:22:49 UTC 2018 /home/travis/build/icyphy/ptII/ptolemy/domains/modal/test/auto/Broadcast.xml
----------------- Instantiating /home/travis/build/icyphy/ptII/ptolemy/domains/modal/test/auto/Broadcast.xml
14 ms. Memory: 332288K Free: 135991K (41%)
----------------- Invoking toplevel() on ptolemy.moml.MoMLSimpleApplication@54c61207
----------------- Done invoking toplevel() on ptolemy.moml.MoMLSimpleApplication@54c61207
reloadAllAccessors: .Broadcast

===========================================================================================
----------------- testing Fri Jun 01 17:22:49 UTC 2018 /home/travis/build/icyphy/ptII/ptolemy/domains/modal/test/auto/BroadcastHierarchy.xml
----------------- Instantiating /home/travis/build/icyphy/ptII/ptolemy/domains/modal/test/auto/BroadcastHierarchy.xml
12 ms. Memory: 332288K Free: 118009K (36%)
----------------- Invoking toplevel() on ptolemy.moml.MoMLSimpleApplication@40f676fd
----------------- Done invoking toplevel() on ptolemy.moml.MoMLSimpleApplication@40f676fd
reloadAllAccessors: .BroadcastHierarchy

===========================================================================================
----------------- testing Fri Jun 01 17:22:49 UTC 2018 /home/travis/build/icyphy/ptII/ptolemy/domains/modal/test/auto/BroadcastHierarchy2.xml
----------------- Instantiating /home/travis/build/icyphy/ptII/ptolemy/domains/modal/test/auto/BroadcastHierarchy2.xml
32 ms. Memory: 332288K Free: 82085K (25%)
----------------- Invoking toplevel() on ptolemy.moml.MoMLSimpleApplication@6c13f638
----------------- Done invoking toplevel() on ptolemy.moml.MoMLSimpleApplication@6c13f638
reloadAllAccessors: .BroadcastHierarchy2

===========================================================================================
----------------- testing Fri Jun 01 17:22:49 UTC 2018 /home/travis/build/icyphy/ptII/ptolemy/domains/modal/test/auto/BroadcastHierarchy3.xml
----------------- Instantiating /home/travis/build/icyphy/ptII/ptolemy/domains/modal/test/auto/BroadcastHierarchy3.xml
23 ms. Memory: 333824K Free: 299188K (90%)
----------------- Invoking toplevel() on ptolemy.moml.MoMLSimpleApplication@4dc09a94
----------------- Done invoking toplevel() on ptolemy.moml.MoMLSimpleApplication@4dc09a94
reloadAllAccessors: .BroadcastHierarchy3

===========================================================================================
----------------- testing Fri Jun 01 17:22:49 UTC 2018 /home/travis/build/icyphy/ptII/ptolemy/domains/modal/test/auto/BroadcastHierarchy4.xml
----------------- Instantiating /home/travis/build/icyphy/ptII/ptolemy/domains/modal/test/auto/BroadcastHierarchy4.xml
24 ms. Memory: 333824K Free: 259345K (78%)
----------------- Invoking toplevel() on ptolemy.moml.MoMLSimpleApplication@706adcd4
----------------- Done invoking toplevel() on ptolemy.moml.MoMLSimpleApplication@706adcd4
reloadAllAccessors: .BroadcastHierarchy4

===========================================================================================
----------------- testing Fri Jun 01 17:22:49 UTC 2018 /home/travis/build/icyphy/ptII/ptolemy/domains/modal/test/auto/CannotAnalysisWithPreemption2.xml
----------------- Instantiating /home/travis/build/icyphy/ptII/ptolemy/domains/modal/test/auto/CannotAnalysisWithPreemption2.xml
5 ms. Memory: 333824K Free: 249544K (75%)
----------------- Invoking toplevel() on ptolemy.moml.MoMLSimpleApplication@2fd5ded0
----------------- Done invoking toplevel() on ptolemy.moml.MoMLSimpleApplication@2fd5ded0
reloadAllAccessors: .CannotAnalysisWithPreemption2

===========================================================================================
----------------- testing Fri Jun 01 17:22:49 UTC 2018 /home/travis/build/icyphy/ptII/ptolemy/domains/modal/test/auto/CannotAnalysisWithPreemption3.xml
----------------- Instantiating /home/travis/build/icyphy/ptII/ptolemy/domains/modal/test/auto/CannotAnalysisWithPreemption3.xml
7 ms. Memory: 333824K Free: 236470K (71%)
----------------- Invoking toplevel() on ptolemy.moml.MoMLSimpleApplication@3bbd4c1b
----------------- Done invoking toplevel() on ptolemy.moml.MoMLSimpleApplication@3bbd4c1b
reloadAllAccessors: .CannotAnalysisWithPreemption3

===========================================================================================
----------------- testing Fri Jun 01 17:22:49 UTC 2018 /home/travis/build/icyphy/ptII/ptolemy/domains/modal/test/auto/CannotProduce.xml
----------------- Instantiating /home/travis/build/icyphy/ptII/ptolemy/domains/modal/test/auto/CannotProduce.xml
15 ms. Memory: 333824K Free: 227659K (68%)
----------------- Invoking toplevel() on ptolemy.moml.MoMLSimpleApplication@3f229d50
----------------- Done invoking toplevel() on ptolemy.moml.MoMLSimpleApplication@3f229d50
reloadAllAccessors: .CannotProduce

===========================================================================================
----------------- testing Fri Jun 01 17:22:50 UTC 2018 /home/travis/build/icyphy/ptII/ptolemy/domains/modal/test/auto/CannotProduceModal.xml
----------------- Instantiating /home/travis/build/icyphy/ptII/ptolemy/domains/modal/test/auto/CannotProduceModal.xml
13 ms. Memory: 333824K Free: 219478K (66%)
----------------- Invoking toplevel() on ptolemy.moml.MoMLSimpleApplication@4646bfd1
----------------- Done invoking toplevel() on ptolemy.moml.MoMLSimpleApplication@4646bfd1
reloadAllAccessors: .CannotProduceModal

===========================================================================================
----------------- testing Fri Jun 01 17:22:50 UTC 2018 /home/travis/build/icyphy/ptII/ptolemy/domains/modal/test/auto/Case.xml
----------------- Instantiating /home/travis/build/icyphy/ptII/ptolemy/domains/modal/test/auto/Case.xml
30 ms. Memory: 333824K Free: 206372K (62%)
----------------- Invoking toplevel() on ptolemy.moml.MoMLSimpleApplication@11811aab
----------------- Done invoking toplevel() on ptolemy.moml.MoMLSimpleApplication@11811aab
reloadAllAccessors: .Case

===========================================================================================
----------------- testing Fri Jun 01 17:22:50 UTC 2018 /home/travis/build/icyphy/ptII/ptolemy/domains/modal/test/auto/Case1.xml
----------------- Instantiating /home/travis/build/icyphy/ptII/ptolemy/domains/modal/test/auto/Case1.xml
9 ms. Memory: 333824K Free: 195917K (59%)
----------------- Invoking toplevel() on ptolemy.moml.MoMLSimpleApplication@4c1e5fc6
----------------- Done invoking toplevel() on ptolemy.moml.MoMLSimpleApplication@4c1e5fc6
reloadAllAccessors: .Case1

===========================================================================================
----------------- testing Fri Jun 01 17:22:50 UTC 2018 /home/travis/build/icyphy/ptII/ptolemy/domains/modal/test/auto/Case2.xml
----------------- Instantiating /home/travis/build/icyphy/ptII/ptolemy/domains/modal/test/auto/Case2.xml
26 ms. Memory: 333824K Free: 184464K (55%)
----------------- Invoking toplevel() on ptolemy.moml.MoMLSimpleApplication@41c77981
----------------- Done invoking toplevel() on ptolemy.moml.MoMLSimpleApplication@41c77981
reloadAllAccessors: .Case2

===========================================================================================
----------------- testing Fri Jun 01 17:22:50 UTC 2018 /home/travis/build/icyphy/ptII/ptolemy/domains/modal/test/auto/CausalityInterface1.xml
----------------- Instantiating /home/travis/build/icyphy/ptII/ptolemy/domains/modal/test/auto/CausalityInterface1.xml
3 ms. Memory: 333824K Free: 177935K (53%)
----------------- Invoking toplevel() on ptolemy.moml.MoMLSimpleApplication@46b69eb2
----------------- Done invoking toplevel() on ptolemy.moml.MoMLSimpleApplication@46b69eb2
reloadAllAccessors: .CausalityInterface1

===========================================================================================
----------------- testing Fri Jun 01 17:22:50 UTC 2018 /home/travis/build/icyphy/ptII/ptolemy/domains/modal/test/auto/CausalityInterface10.xml
----------------- Instantiating /home/travis/build/icyphy/ptII/ptolemy/domains/modal/test/auto/CausalityInterface10.xml
8 ms. Memory: 333824K Free: 159314K (48%)
----------------- Invoking toplevel() on ptolemy.moml.MoMLSimpleApplication@3fd878c9
----------------- Done invoking toplevel() on ptolemy.moml.MoMLSimpleApplication@3fd878c9
reloadAllAccessors: .CausalityInterface10

===========================================================================================
----------------- testing Fri Jun 01 17:22:50 UTC 2018 /home/travis/build/icyphy/ptII/ptolemy/domains/modal/test/auto/CausalityInterface11.xml
----------------- Instantiating /home/travis/build/icyphy/ptII/ptolemy/domains/modal/test/auto/CausalityInterface11.xml
9 ms. Memory: 333824K Free: 143024K (43%)
----------------- Invoking toplevel() on ptolemy.moml.MoMLSimpleApplication@36d2ae24
----------------- Done invoking toplevel() on ptolemy.moml.MoMLSimpleApplication@36d2ae24
reloadAllAccessors: .CausalityInterface11

===========================================================================================
----------------- testing Fri Jun 01 17:22:50 UTC 2018 /home/travis/build/icyphy/ptII/ptolemy/domains/modal/test/auto/CausalityInterface12.xml
----------------- Instantiating /home/travis/build/icyphy/ptII/ptolemy/domains/modal/test/auto/CausalityInterface12.xml
7 ms. Memory: 333824K Free: 126694K (38%)
----------------- Invoking toplevel() on ptolemy.moml.MoMLSimpleApplication@5e4f52cf
----------------- Done invoking toplevel() on ptolemy.moml.MoMLSimpleApplication@5e4f52cf
reloadAllAccessors: .CausalityInterface12

===========================================================================================
----------------- testing Fri Jun 01 17:22:50 UTC 2018 /home/travis/build/icyphy/ptII/ptolemy/domains/modal/test/auto/CausalityInterface13.xml
----------------- Instantiating /home/travis/build/icyphy/ptII/ptolemy/domains/modal/test/auto/CausalityInterface13.xml
16 ms. Memory: 333824K Free: 108097K (32%)
----------------- Invoking toplevel() on ptolemy.moml.MoMLSimpleApplication@203af33c
----------------- Done invoking toplevel() on ptolemy.moml.MoMLSimpleApplication@203af33c
reloadAllAccessors: .CausalityInterface13

===========================================================================================
----------------- testing Fri Jun 01 17:22:50 UTC 2018 /home/travis/build/icyphy/ptII/ptolemy/domains/modal/test/auto/CausalityInterface14.xml
----------------- Instantiating /home/travis/build/icyphy/ptII/ptolemy/domains/modal/test/auto/CausalityInterface14.xml
15 ms. Memory: 333824K Free: 91783K (27%)
----------------- Invoking toplevel() on ptolemy.moml.MoMLSimpleApplication@670279ab
----------------- Done invoking toplevel() on ptolemy.moml.MoMLSimpleApplication@670279ab
reloadAllAccessors: .CausalityInterface14

===========================================================================================
----------------- testing Fri Jun 01 17:22:50 UTC 2018 /home/travis/build/icyphy/ptII/ptolemy/domains/modal/test/auto/CausalityInterface2.xml
----------------- Instantiating /home/travis/build/icyphy/ptII/ptolemy/domains/modal/test/auto/CausalityInterface2.xml
6 ms. Memory: 333824K Free: 83611K (25%)
----------------- Invoking toplevel() on ptolemy.moml.MoMLSimpleApplication@1772253d
----------------- Done invoking toplevel() on ptolemy.moml.MoMLSimpleApplication@1772253d
reloadAllAccessors: .CausalityInterface2

===========================================================================================
----------------- testing Fri Jun 01 17:22:50 UTC 2018 /home/travis/build/icyphy/ptII/ptolemy/domains/modal/test/auto/CausalityInterface3.xml
----------------- Instantiating /home/travis/build/icyphy/ptII/ptolemy/domains/modal/test/auto/CausalityInterface3.xml
3 ms. Memory: 578048K Free: 560363K (97%)
----------------- Invoking toplevel() on ptolemy.moml.MoMLSimpleApplication@1db9baa4
----------------- Done invoking toplevel() on ptolemy.moml.MoMLSimpleApplication@1db9baa4
reloadAllAccessors: .CausalityInterface3

===========================================================================================
----------------- testing Fri Jun 01 17:22:50 UTC 2018 /home/travis/build/icyphy/ptII/ptolemy/domains/modal/test/auto/CausalityInterface4.xml
----------------- Instantiating /home/travis/build/icyphy/ptII/ptolemy/domains/modal/test/auto/CausalityInterface4.xml
4 ms. Memory: 578048K Free: 547208K (95%)
----------------- Invoking toplevel() on ptolemy.moml.MoMLSimpleApplication@51bdf4d2
----------------- Done invoking toplevel() on ptolemy.moml.MoMLSimpleApplication@51bdf4d2
reloadAllAccessors: .CausalityInterface4

===========================================================================================
----------------- testing Fri Jun 01 17:22:50 UTC 2018 /home/travis/build/icyphy/ptII/ptolemy/domains/modal/test/auto/CausalityInterface5.xml
----------------- Instantiating /home/travis/build/icyphy/ptII/ptolemy/domains/modal/test/auto/CausalityInterface5.xml
6 ms. Memory: 578048K Free: 534972K (93%)
----------------- Invoking toplevel() on ptolemy.moml.MoMLSimpleApplication@189bf160
----------------- Done invoking toplevel() on ptolemy.moml.MoMLSimpleApplication@189bf160
reloadAllAccessors: .CausalityInterface5

===========================================================================================
----------------- testing Fri Jun 01 17:22:50 UTC 2018 /home/travis/build/icyphy/ptII/ptolemy/domains/modal/test/auto/CausalityInterface6.xml
----------------- Instantiating /home/travis/build/icyphy/ptII/ptolemy/domains/modal/test/auto/CausalityInterface6.xml
6 ms. Memory: 578048K Free: 522729K (90%)
----------------- Invoking toplevel() on ptolemy.moml.MoMLSimpleApplication@59c37248
----------------- Done invoking toplevel() on ptolemy.moml.MoMLSimpleApplication@59c37248
reloadAllAccessors: .CausalityInterface6

===========================================================================================
----------------- testing Fri Jun 01 17:22:50 UTC 2018 /home/travis/build/icyphy/ptII/ptolemy/domains/modal/test/auto/CausalityInterface7.xml
----------------- Instantiating /home/travis/build/icyphy/ptII/ptolemy/domains/modal/test/auto/CausalityInterface7.xml
10 ms. Memory: 578048K Free: 510502K (88%)
----------------- Invoking toplevel() on ptolemy.moml.MoMLSimpleApplication@4ba6ec82
----------------- Done invoking toplevel() on ptolemy.moml.MoMLSimpleApplication@4ba6ec82
reloadAllAccessors: .CausalityInterface7

===========================================================================================
----------------- testing Fri Jun 01 17:22:50 UTC 2018 /home/travis/build/icyphy/ptII/ptolemy/domains/modal/test/auto/CausalityInterface8.xml
----------------- Instantiating /home/travis/build/icyphy/ptII/ptolemy/domains/modal/test/auto/CausalityInterface8.xml
6 ms. Memory: 578048K Free: 495152K (86%)
----------------- Invoking toplevel() on ptolemy.moml.MoMLSimpleApplication@6a759e84
----------------- Done invoking toplevel() on ptolemy.moml.MoMLSimpleApplication@6a759e84
reloadAllAccessors: .CausalityInterface8

===========================================================================================
----------------- testing Fri Jun 01 17:22:50 UTC 2018 /home/travis/build/icyphy/ptII/ptolemy/domains/modal/test/auto/CausalityInterface9.xml
----------------- Instantiating /home/travis/build/icyphy/ptII/ptolemy/domains/modal/test/auto/CausalityInterface9.xml
7 ms. Memory: 578048K Free: 482924K (84%)
----------------- Invoking toplevel() on ptolemy.moml.MoMLSimpleApplication@569d4d87
----------------- Done invoking toplevel() on ptolemy.moml.MoMLSimpleApplication@569d4d87
reloadAllAccessors: .CausalityInterface9

===========================================================================================
----------------- testing Fri Jun 01 17:22:50 UTC 2018 /home/travis/build/icyphy/ptII/ptolemy/domains/modal/test/auto/ChainedTransitions.xml
----------------- Instantiating /home/travis/build/icyphy/ptII/ptolemy/domains/modal/test/auto/ChainedTransitions.xml
83 ms. Memory: 578048K Free: 453545K (78%)
----------------- Invoking toplevel() on ptolemy.moml.MoMLSimpleApplication@2a8ef2bc
----------------- Done invoking toplevel() on ptolemy.moml.MoMLSimpleApplication@2a8ef2bc
reloadAllAccessors: .ChainedTransitions

===========================================================================================
----------------- testing Fri Jun 01 17:22:51 UTC 2018 /home/travis/build/icyphy/ptII/ptolemy/domains/modal/test/auto/CycleOfImmediateTransitionsFSM.xml
----------------- Instantiating /home/travis/build/icyphy/ptII/ptolemy/domains/modal/test/auto/CycleOfImmediateTransitionsFSM.xml
3 ms. Memory: 578048K Free: 443760K (77%)
----------------- Invoking toplevel() on ptolemy.moml.MoMLSimpleApplication@594d6422
----------------- Done invoking toplevel() on ptolemy.moml.MoMLSimpleApplication@594d6422
reloadAllAccessors: .CycleOfImmediateTransitionsFSM

===========================================================================================
----------------- testing Fri Jun 01 17:22:51 UTC 2018 /home/travis/build/icyphy/ptII/ptolemy/domains/modal/test/auto/CycleOfImmediateTransitionsModal.xml
----------------- Instantiating /home/travis/build/icyphy/ptII/ptolemy/domains/modal/test/auto/CycleOfImmediateTransitionsModal.xml
4 ms. Memory: 578048K Free: 430853K (75%)
----------------- Invoking toplevel() on ptolemy.moml.MoMLSimpleApplication@3fc6587e
----------------- Done invoking toplevel() on ptolemy.moml.MoMLSimpleApplication@3fc6587e
reloadAllAccessors: .CycleOfImmediateTransitionsModal

===========================================================================================
----------------- testing Fri Jun 01 17:22:51 UTC 2018 /home/travis/build/icyphy/ptII/ptolemy/domains/modal/test/auto/CycleOfImmediateTransitionsModal2.xml
----------------- Instantiating /home/travis/build/icyphy/ptII/ptolemy/domains/modal/test/auto/CycleOfImmediateTransitionsModal2.xml
11 ms. Memory: 578048K Free: 421076K (73%)
----------------- Invoking toplevel() on ptolemy.moml.MoMLSimpleApplication@328b86aa
----------------- Done invoking toplevel() on ptolemy.moml.MoMLSimpleApplication@328b86aa
reloadAllAccessors: .CycleOfImmediateTransitionsModal2

===========================================================================================
----------------- testing Fri Jun 01 17:22:51 UTC 2018 /home/travis/build/icyphy/ptII/ptolemy/domains/modal/test/auto/CycleOfImmediateTransitionsModal3.xml
----------------- Instantiating /home/travis/build/icyphy/ptII/ptolemy/domains/modal/test/auto/CycleOfImmediateTransitionsModal3.xml
13 ms. Memory: 578048K Free: 391673K (68%)
----------------- Invoking toplevel() on ptolemy.moml.MoMLSimpleApplication@43e3a44d
----------------- Done invoking toplevel() on ptolemy.moml.MoMLSimpleApplication@43e3a44d
reloadAllAccessors: .CycleOfImmediateTransitionsModal3

===========================================================================================
----------------- testing Fri Jun 01 17:22:51 UTC 2018 /home/travis/build/icyphy/ptII/ptolemy/domains/modal/test/auto/DeepModal1.xml
----------------- Instantiating /home/travis/build/icyphy/ptII/ptolemy/domains/modal/test/auto/DeepModal1.xml
27 ms. Memory: 578048K Free: 374537K (65%)
----------------- Invoking toplevel() on ptolemy.moml.MoMLSimpleApplication@5e54a2bd
----------------- Done invoking toplevel() on ptolemy.moml.MoMLSimpleApplication@5e54a2bd
reloadAllAccessors: .DeepModal1

===========================================================================================
----------------- testing Fri Jun 01 17:22:51 UTC 2018 /home/travis/build/icyphy/ptII/ptolemy/domains/modal/test/auto/DeepModal2.xml
----------------- Instantiating /home/travis/build/icyphy/ptII/ptolemy/domains/modal/test/auto/DeepModal2.xml
27 ms. Memory: 578048K Free: 349379K (60%)
----------------- Invoking toplevel() on ptolemy.moml.MoMLSimpleApplication@198d4c43
----------------- Done invoking toplevel() on ptolemy.moml.MoMLSimpleApplication@198d4c43
reloadAllAccessors: .DeepModal2

===========================================================================================
----------------- testing Fri Jun 01 17:22:51 UTC 2018 /home/travis/build/icyphy/ptII/ptolemy/domains/modal/test/auto/DeepModal3.xml
----------------- Instantiating /home/travis/build/icyphy/ptII/ptolemy/domains/modal/test/auto/DeepModal3.xml
35 ms. Memory: 578048K Free: 327350K (57%)
----------------- Invoking toplevel() on ptolemy.moml.MoMLSimpleApplication@3e14e57e
----------------- Done invoking toplevel() on ptolemy.moml.MoMLSimpleApplication@3e14e57e
reloadAllAccessors: .DeepModal3

===========================================================================================
----------------- testing Fri Jun 01 17:22:51 UTC 2018 /home/travis/build/icyphy/ptII/ptolemy/domains/modal/test/auto/DeepModal4.xml
----------------- Instantiating /home/travis/build/icyphy/ptII/ptolemy/domains/modal/test/auto/DeepModal4.xml
31 ms. Memory: 578048K Free: 305314K (53%)
----------------- Invoking toplevel() on ptolemy.moml.MoMLSimpleApplication@534603a
----------------- Done invoking toplevel() on ptolemy.moml.MoMLSimpleApplication@534603a
reloadAllAccessors: .DeepModal4

===========================================================================================
----------------- testing Fri Jun 01 17:22:51 UTC 2018 /home/travis/build/icyphy/ptII/ptolemy/domains/modal/test/auto/Default1.xml
----------------- Instantiating /home/travis/build/icyphy/ptII/ptolemy/domains/modal/test/auto/Default1.xml
4 ms. Memory: 578048K Free: 295513K (51%)
----------------- Invoking toplevel() on ptolemy.moml.MoMLSimpleApplication@cc85993
----------------- Done invoking toplevel() on ptolemy.moml.MoMLSimpleApplication@cc85993
reloadAllAccessors: .Default1

===========================================================================================
----------------- testing Fri Jun 01 17:22:51 UTC 2018 /home/travis/build/icyphy/ptII/ptolemy/domains/modal/test/auto/Default2.xml
----------------- Instantiating /home/travis/build/icyphy/ptII/ptolemy/domains/modal/test/auto/Default2.xml
5 ms. Memory: 578048K Free: 282598K (49%)
----------------- Invoking toplevel() on ptolemy.moml.MoMLSimpleApplication@7de488e6
----------------- Done invoking toplevel() on ptolemy.moml.MoMLSimpleApplication@7de488e6
reloadAllAccessors: .Default2

===========================================================================================
----------------- testing Fri Jun 01 17:22:51 UTC 2018 /home/travis/build/icyphy/ptII/ptolemy/domains/modal/test/auto/Default3.xml
----------------- Instantiating /home/travis/build/icyphy/ptII/ptolemy/domains/modal/test/auto/Default3.xml
3 ms. Memory: 578048K Free: 272805K (47%)
----------------- Invoking toplevel() on ptolemy.moml.MoMLSimpleApplication@2bf5ad2d
----------------- Done invoking toplevel() on ptolemy.moml.MoMLSimpleApplication@2bf5ad2d
reloadAllAccessors: .Default3

===========================================================================================
----------------- testing Fri Jun 01 17:22:51 UTC 2018 /home/travis/build/icyphy/ptII/ptolemy/domains/modal/test/auto/Default4.xml
----------------- Instantiating /home/travis/build/icyphy/ptII/ptolemy/domains/modal/test/auto/Default4.xml
4 ms. Memory: 578048K Free: 263020K (46%)
----------------- Invoking toplevel() on ptolemy.moml.MoMLSimpleApplication@e4a18da
----------------- Done invoking toplevel() on ptolemy.moml.MoMLSimpleApplication@e4a18da
reloadAllAccessors: .Default4

===========================================================================================
----------------- testing Fri Jun 01 17:22:51 UTC 2018 /home/travis/build/icyphy/ptII/ptolemy/domains/modal/test/auto/Default5.xml
----------------- Instantiating /home/travis/build/icyphy/ptII/ptolemy/domains/modal/test/auto/Default5.xml
8 ms. Memory: 578048K Free: 253235K (44%)
----------------- Invoking toplevel() on ptolemy.moml.MoMLSimpleApplication@57650403
----------------- Done invoking toplevel() on ptolemy.moml.MoMLSimpleApplication@57650403
reloadAllAccessors: .Default5

===========================================================================================
----------------- testing Fri Jun 01 17:22:51 UTC 2018 /home/travis/build/icyphy/ptII/ptolemy/domains/modal/test/auto/EmptyGuard.xml
----------------- Instantiating /home/travis/build/icyphy/ptII/ptolemy/domains/modal/test/auto/EmptyGuard.xml
7 ms. Memory: 578048K Free: 240328K (42%)
----------------- Invoking toplevel() on ptolemy.moml.MoMLSimpleApplication@51a262be
----------------- Done invoking toplevel() on ptolemy.moml.MoMLSimpleApplication@51a262be
reloadAllAccessors: .EmptyGuard

===========================================================================================
----------------- testing Fri Jun 01 17:22:51 UTC 2018 /home/travis/build/icyphy/ptII/ptolemy/domains/modal/test/auto/ErrorTransition1.xml
----------------- Instantiating /home/travis/build/icyphy/ptII/ptolemy/domains/modal/test/auto/ErrorTransition1.xml
10 ms. Memory: 578048K Free: 228109K (39%)
----------------- Invoking toplevel() on ptolemy.moml.MoMLSimpleApplication@1fe6d0e
----------------- Done invoking toplevel() on ptolemy.moml.MoMLSimpleApplication@1fe6d0e
reloadAllAccessors: .ErrorTransition1

===========================================================================================
----------------- testing Fri Jun 01 17:22:51 UTC 2018 /home/travis/build/icyphy/ptII/ptolemy/domains/modal/test/auto/ErrorTransition10.xml
----------------- Instantiating /home/travis/build/icyphy/ptII/ptolemy/domains/modal/test/auto/ErrorTransition10.xml
10 ms. Memory: 578048K Free: 210997K (37%)
----------------- Invoking toplevel() on ptolemy.moml.MoMLSimpleApplication@64d114e2
----------------- Done invoking toplevel() on ptolemy.moml.MoMLSimpleApplication@64d114e2
reloadAllAccessors: .ErrorTransition10

===========================================================================================
----------------- testing Fri Jun 01 17:22:51 UTC 2018 /home/travis/build/icyphy/ptII/ptolemy/domains/modal/test/auto/ErrorTransition11.xml
----------------- Instantiating /home/travis/build/icyphy/ptII/ptolemy/domains/modal/test/auto/ErrorTransition11.xml
4 ms. Memory: 578048K Free: 196311K (34%)
----------------- Invoking toplevel() on ptolemy.moml.MoMLSimpleApplication@46d2869e
----------------- Done invoking toplevel() on ptolemy.moml.MoMLSimpleApplication@46d2869e
reloadAllAccessors: .ErrorTransition11

===========================================================================================
----------------- testing Fri Jun 01 17:22:51 UTC 2018 /home/travis/build/icyphy/ptII/ptolemy/domains/modal/test/auto/ErrorTransition2.xml
----------------- Instantiating /home/travis/build/icyphy/ptII/ptolemy/domains/modal/test/auto/ErrorTransition2.xml
6 ms. Memory: 578048K Free: 180937K (31%)
----------------- Invoking toplevel() on ptolemy.moml.MoMLSimpleApplication@14d428f
----------------- Done invoking toplevel() on ptolemy.moml.MoMLSimpleApplication@14d428f
reloadAllAccessors: .ErrorTransition2

===========================================================================================
----------------- testing Fri Jun 01 17:22:51 UTC 2018 /home/travis/build/icyphy/ptII/ptolemy/domains/modal/test/auto/ErrorTransition3.xml
----------------- Instantiating /home/travis/build/icyphy/ptII/ptolemy/domains/modal/test/auto/ErrorTransition3.xml
12 ms. Memory: 578048K Free: 168694K (29%)
----------------- Invoking toplevel() on ptolemy.moml.MoMLSimpleApplication@13e2fd6f
----------------- Done invoking toplevel() on ptolemy.moml.MoMLSimpleApplication@13e2fd6f
reloadAllAccessors: .ErrorTransition3

===========================================================================================
----------------- testing Fri Jun 01 17:22:52 UTC 2018 /home/travis/build/icyphy/ptII/ptolemy/domains/modal/test/auto/ErrorTransition4.xml
----------------- Instantiating /home/travis/build/icyphy/ptII/ptolemy/domains/modal/test/auto/ErrorTransition4.xml
6 ms. Memory: 578048K Free: 156451K (27%)
----------------- Invoking toplevel() on ptolemy.moml.MoMLSimpleApplication@437ef2dd
----------------- Done invoking toplevel() on ptolemy.moml.MoMLSimpleApplication@437ef2dd
reloadAllAccessors: .ErrorTransition4

===========================================================================================
----------------- testing Fri Jun 01 17:22:52 UTC 2018 /home/travis/build/icyphy/ptII/ptolemy/domains/modal/test/auto/ErrorTransition5.xml
----------------- Instantiating /home/travis/build/icyphy/ptII/ptolemy/domains/modal/test/auto/ErrorTransition5.xml
7 ms. Memory: 578048K Free: 144216K (25%)
----------------- Invoking toplevel() on ptolemy.moml.MoMLSimpleApplication@6632004c
----------------- Done invoking toplevel() on ptolemy.moml.MoMLSimpleApplication@6632004c
reloadAllAccessors: .ErrorTransition5

===========================================================================================
----------------- testing Fri Jun 01 17:22:52 UTC 2018 /home/travis/build/icyphy/ptII/ptolemy/domains/modal/test/auto/ErrorTransition6.xml
----------------- Instantiating /home/travis/build/icyphy/ptII/ptolemy/domains/modal/test/auto/ErrorTransition6.xml
9 ms. Memory: 578048K Free: 131972K (23%)
----------------- Invoking toplevel() on ptolemy.moml.MoMLSimpleApplication@cc0a7e4
----------------- Done invoking toplevel() on ptolemy.moml.MoMLSimpleApplication@cc0a7e4
reloadAllAccessors: .ErrorTransition6

===========================================================================================
----------------- testing Fri Jun 01 17:22:52 UTC 2018 /home/travis/build/icyphy/ptII/ptolemy/domains/modal/test/auto/ErrorTransition7.xml
----------------- Instantiating /home/travis/build/icyphy/ptII/ptolemy/domains/modal/test/auto/ErrorTransition7.xml
14 ms. Memory: 578048K Free: 111699K (19%)
----------------- Invoking toplevel() on ptolemy.moml.MoMLSimpleApplication@433b276
----------------- Done invoking toplevel() on ptolemy.moml.MoMLSimpleApplication@433b276
reloadAllAccessors: .ErrorTransition7

===========================================================================================
----------------- testing Fri Jun 01 17:22:52 UTC 2018 /home/travis/build/icyphy/ptII/ptolemy/domains/modal/test/auto/ErrorTransition8.xml
----------------- Instantiating /home/travis/build/icyphy/ptII/ptolemy/domains/modal/test/auto/ErrorTransition8.xml
37 ms. Memory: 578048K Free: 94579K (16%)
----------------- Invoking toplevel() on ptolemy.moml.MoMLSimpleApplication@1a4dec43
----------------- Done invoking toplevel() on ptolemy.moml.MoMLSimpleApplication@1a4dec43
reloadAllAccessors: .ErrorTransition8

===========================================================================================
----------------- testing Fri Jun 01 17:22:52 UTC 2018 /home/travis/build/icyphy/ptII/ptolemy/domains/modal/test/auto/ErrorTransition9.xml
----------------- Instantiating /home/travis/build/icyphy/ptII/ptolemy/domains/modal/test/auto/ErrorTransition9.xml
16 ms. Memory: 578048K Free: 79376K (14%)
----------------- Invoking toplevel() on ptolemy.moml.MoMLSimpleApplication@135c5c54
----------------- Done invoking toplevel() on ptolemy.moml.MoMLSimpleApplication@135c5c54
reloadAllAccessors: .ErrorTransition9

===========================================================================================
----------------- testing Fri Jun 01 17:22:52 UTC 2018 /home/travis/build/icyphy/ptII/ptolemy/domains/modal/test/auto/ExtendedFSM.xml
----------------- Instantiating /home/travis/build/icyphy/ptII/ptolemy/domains/modal/test/auto/ExtendedFSM.xml
6 ms. Memory: 578048K Free: 556896K (96%)
----------------- Invoking toplevel() on ptolemy.moml.MoMLSimpleApplication@1bfc9cbc
----------------- Done invoking toplevel() on ptolemy.moml.MoMLSimpleApplication@1bfc9cbc
reloadAllAccessors: .ExtendedFSM

===========================================================================================
----------------- testing Fri Jun 01 17:22:52 UTC 2018 /home/travis/build/icyphy/ptII/ptolemy/domains/modal/test/auto/FinalStates.xml
----------------- Instantiating /home/travis/build/icyphy/ptII/ptolemy/domains/modal/test/auto/FinalStates.xml
9 ms. Memory: 578048K Free: 544922K (94%)
----------------- Invoking toplevel() on ptolemy.moml.MoMLSimpleApplication@7f3aea28
----------------- Done invoking toplevel() on ptolemy.moml.MoMLSimpleApplication@7f3aea28
reloadAllAccessors: .FinalStates

===========================================================================================
----------------- testing Fri Jun 01 17:22:52 UTC 2018 /home/travis/build/icyphy/ptII/ptolemy/domains/modal/test/auto/FixedPointFSM.xml
----------------- Instantiating /home/travis/build/icyphy/ptII/ptolemy/domains/modal/test/auto/FixedPointFSM.xml
25 ms. Memory: 578048K Free: 525212K (91%)
----------------- Invoking toplevel() on ptolemy.moml.MoMLSimpleApplication@25a64fe8
----------------- Done invoking toplevel() on ptolemy.moml.MoMLSimpleApplication@25a64fe8
reloadAllAccessors: .FixedPointFSM

===========================================================================================
----------------- testing Fri Jun 01 17:22:52 UTC 2018 /home/travis/build/icyphy/ptII/ptolemy/domains/modal/test/auto/FixedPointIterationFSMActor.xml
----------------- Instantiating /home/travis/build/icyphy/ptII/ptolemy/domains/modal/test/auto/FixedPointIterationFSMActor.xml
6 ms. Memory: 578048K Free: 509981K (88%)
----------------- Invoking toplevel() on ptolemy.moml.MoMLSimpleApplication@742c739f
----------------- Done invoking toplevel() on ptolemy.moml.MoMLSimpleApplication@742c739f
reloadAllAccessors: .FixedPointIterationFSMActor

===========================================================================================
----------------- testing Fri Jun 01 17:22:52 UTC 2018 /home/travis/build/icyphy/ptII/ptolemy/domains/modal/test/auto/FixedPointIterationFSMActor2.xml
----------------- Instantiating /home/travis/build/icyphy/ptII/ptolemy/domains/modal/test/auto/FixedPointIterationFSMActor2.xml
15 ms. Memory: 578048K Free: 493684K (85%)
----------------- Invoking toplevel() on ptolemy.moml.MoMLSimpleApplication@33b4f8ef
----------------- Done invoking toplevel() on ptolemy.moml.MoMLSimpleApplication@33b4f8ef
reloadAllAccessors: .FixedPointIterationFSMActor2

===========================================================================================
----------------- testing Fri Jun 01 17:22:52 UTC 2018 /home/travis/build/icyphy/ptII/ptolemy/domains/modal/test/auto/ForbiddenInstantanousLoop.xml
----------------- Instantiating /home/travis/build/icyphy/ptII/ptolemy/domains/modal/test/auto/ForbiddenInstantanousLoop.xml
5 ms. Memory: 578048K Free: 477402K (83%)
----------------- Invoking toplevel() on ptolemy.moml.MoMLSimpleApplication@62eef889
----------------- Done invoking toplevel() on ptolemy.moml.MoMLSimpleApplication@62eef889
reloadAllAccessors: .ForbiddenInstantanousLoop

===========================================================================================
----------------- testing Fri Jun 01 17:22:52 UTC 2018 /home/travis/build/icyphy/ptII/ptolemy/domains/modal/test/auto/FunctionDependencyOfFSMActorTest.xml
----------------- Instantiating /home/travis/build/icyphy/ptII/ptolemy/domains/modal/test/auto/FunctionDependencyOfFSMActorTest.xml
6 ms. Memory: 578048K Free: 465436K (81%)
----------------- Invoking toplevel() on ptolemy.moml.MoMLSimpleApplication@5dd6210e
----------------- Done invoking toplevel() on ptolemy.moml.MoMLSimpleApplication@5dd6210e
reloadAllAccessors: .FunctionDependencyOfFSMActorTest

===========================================================================================
----------------- testing Fri Jun 01 17:22:52 UTC 2018 /home/travis/build/icyphy/ptII/ptolemy/domains/modal/test/auto/GuardExpression.xml
----------------- Instantiating /home/travis/build/icyphy/ptII/ptolemy/domains/modal/test/auto/GuardExpression.xml
2 ms. Memory: 578048K Free: 455659K (79%)
----------------- Invoking toplevel() on ptolemy.moml.MoMLSimpleApplication@716c17d
----------------- Done invoking toplevel() on ptolemy.moml.MoMLSimpleApplication@716c17d
reloadAllAccessors: .GuardExpression

===========================================================================================
----------------- testing Fri Jun 01 17:22:52 UTC 2018 /home/travis/build/icyphy/ptII/ptolemy/domains/modal/test/auto/GuardNotEvaluated.xml
----------------- Instantiating /home/travis/build/icyphy/ptII/ptolemy/domains/modal/test/auto/GuardNotEvaluated.xml
5 ms. Memory: 578048K Free: 442634K (77%)
----------------- Invoking toplevel() on ptolemy.moml.MoMLSimpleApplication@5ee6a250
----------------- Done invoking toplevel() on ptolemy.moml.MoMLSimpleApplication@5ee6a250
reloadAllAccessors: .GuardNotEvaluated

===========================================================================================
----------------- testing Fri Jun 01 17:22:52 UTC 2018 /home/travis/build/icyphy/ptII/ptolemy/domains/modal/test/auto/GuardNotEvaluated2.xml
----------------- Instantiating /home/travis/build/icyphy/ptII/ptolemy/domains/modal/test/auto/GuardNotEvaluated2.xml
10 ms. Memory: 578048K Free: 427419K (74%)
----------------- Invoking toplevel() on ptolemy.moml.MoMLSimpleApplication@5c2c6237
----------------- Done invoking toplevel() on ptolemy.moml.MoMLSimpleApplication@5c2c6237
reloadAllAccessors: .GuardNotEvaluated2

===========================================================================================
----------------- testing Fri Jun 01 17:22:52 UTC 2018 /home/travis/build/icyphy/ptII/ptolemy/domains/modal/test/auto/GuardOnAbsent.xml
----------------- Instantiating /home/travis/build/icyphy/ptII/ptolemy/domains/modal/test/auto/GuardOnAbsent.xml
6 ms. Memory: 578048K Free: 417650K (72%)
----------------- Invoking toplevel() on ptolemy.moml.MoMLSimpleApplication@5a9eee60
----------------- Done invoking toplevel() on ptolemy.moml.MoMLSimpleApplication@5a9eee60
reloadAllAccessors: .GuardOnAbsent

===========================================================================================
----------------- testing Fri Jun 01 17:22:52 UTC 2018 /home/travis/build/icyphy/ptII/ptolemy/domains/modal/test/auto/HierarchicalFSMTypeInference.xml
----------------- Instantiating /home/travis/build/icyphy/ptII/ptolemy/domains/modal/test/auto/HierarchicalFSMTypeInference.xml
6 ms. Memory: 578048K Free: 401345K (69%)
----------------- Invoking toplevel() on ptolemy.moml.MoMLSimpleApplication@7052c980
----------------- Done invoking toplevel() on ptolemy.moml.MoMLSimpleApplication@7052c980
reloadAllAccessors: .HierarchicalFSMTypeInference

===========================================================================================
----------------- testing Fri Jun 01 17:22:52 UTC 2018 /home/travis/build/icyphy/ptII/ptolemy/domains/modal/test/auto/Hysteresis.xml
----------------- Instantiating /home/travis/build/icyphy/ptII/ptolemy/domains/modal/test/auto/Hysteresis.xml
15 ms. Memory: 578048K Free: 379586K (66%)
----------------- Invoking toplevel() on ptolemy.moml.MoMLSimpleApplication@2dc9bfd9
----------------- Done invoking toplevel() on ptolemy.moml.MoMLSimpleApplication@2dc9bfd9
reloadAllAccessors: .Hysteresis

===========================================================================================
----------------- testing Fri Jun 01 17:22:52 UTC 2018 /home/travis/build/icyphy/ptII/ptolemy/domains/modal/test/auto/HysteresisWithDefault.xml
----------------- Instantiating /home/travis/build/icyphy/ptII/ptolemy/domains/modal/test/auto/HysteresisWithDefault.xml
42 ms. Memory: 578048K Free: 353463K (61%)
----------------- Invoking toplevel() on ptolemy.moml.MoMLSimpleApplication@308785
----------------- Done invoking toplevel() on ptolemy.moml.MoMLSimpleApplication@308785
reloadAllAccessors: .HysteresisWithDefault

===========================================================================================
----------------- testing Fri Jun 01 17:22:52 UTC 2018 /home/travis/build/icyphy/ptII/ptolemy/domains/modal/test/auto/HysteresisWithDefault2.xml
----------------- Instantiating /home/travis/build/icyphy/ptII/ptolemy/domains/modal/test/auto/HysteresisWithDefault2.xml
40 ms. Memory: 578048K Free: 318646K (55%)
----------------- Invoking toplevel() on ptolemy.moml.MoMLSimpleApplication@165c945
----------------- Done invoking toplevel() on ptolemy.moml.MoMLSimpleApplication@165c945
reloadAllAccessors: .HysteresisWithDefault2

===========================================================================================
----------------- testing Fri Jun 01 17:22:52 UTC 2018 /home/travis/build/icyphy/ptII/ptolemy/domains/modal/test/auto/ImmediateNonConstructiveness.xml
----------------- Instantiating /home/travis/build/icyphy/ptII/ptolemy/domains/modal/test/auto/ImmediateNonConstructiveness.xml
3 ms. Memory: 578048K Free: 308877K (53%)
----------------- Invoking toplevel() on ptolemy.moml.MoMLSimpleApplication@6ca7ae2a
----------------- Done invoking toplevel() on ptolemy.moml.MoMLSimpleApplication@6ca7ae2a
reloadAllAccessors: .ImmediateNonConstructiveness

===========================================================================================
----------------- testing Fri Jun 01 17:22:53 UTC 2018 /home/travis/build/icyphy/ptII/ptolemy/domains/modal/test/auto/ImmediateNonConstructiveness2.xml
----------------- Instantiating /home/travis/build/icyphy/ptII/ptolemy/domains/modal/test/auto/ImmediateNonConstructiveness2.xml
2 ms. Memory: 578048K Free: 299108K (52%)
----------------- Invoking toplevel() on ptolemy.moml.MoMLSimpleApplication@285c80c6
----------------- Done invoking toplevel() on ptolemy.moml.MoMLSimpleApplication@285c80c6
reloadAllAccessors: .ImmediateNonConstructiveness2

===========================================================================================
----------------- testing Fri Jun 01 17:22:53 UTC 2018 /home/travis/build/icyphy/ptII/ptolemy/domains/modal/test/auto/ImmediateTransitionReset.xml
----------------- Instantiating /home/travis/build/icyphy/ptII/ptolemy/domains/modal/test/auto/ImmediateTransitionReset.xml
8 ms. Memory: 578048K Free: 280606K (49%)
----------------- Invoking toplevel() on ptolemy.moml.MoMLSimpleApplication@23379a5e
----------------- Done invoking toplevel() on ptolemy.moml.MoMLSimpleApplication@23379a5e
reloadAllAccessors: .ImmediateTransitionReset

===========================================================================================
----------------- testing Fri Jun 01 17:22:53 UTC 2018 /home/travis/build/icyphy/ptII/ptolemy/domains/modal/test/auto/ImmediateTransitions1.xml
----------------- Instantiating /home/travis/build/icyphy/ptII/ptolemy/domains/modal/test/auto/ImmediateTransitions1.xml
1 ms. Memory: 578048K Free: 270821K (47%)
----------------- Invoking toplevel() on ptolemy.moml.MoMLSimpleApplication@18d4f45a
----------------- Done invoking toplevel() on ptolemy.moml.MoMLSimpleApplication@18d4f45a
reloadAllAccessors: .ImmediateTransitions1

===========================================================================================
----------------- testing Fri Jun 01 17:22:53 UTC 2018 /home/travis/build/icyphy/ptII/ptolemy/domains/modal/test/auto/ImmediateTransitionsInstantaneousCommunication.xml
----------------- Instantiating /home/travis/build/icyphy/ptII/ptolemy/domains/modal/test/auto/ImmediateTransitionsInstantaneousCommunication.xml
4 ms. Memory: 578048K Free: 254507K (44%)
----------------- Invoking toplevel() on ptolemy.moml.MoMLSimpleApplication@74185672
----------------- Done invoking toplevel() on ptolemy.moml.MoMLSimpleApplication@74185672
reloadAllAccessors: .ImmediateTransitionsInstantaneousCommunication

===========================================================================================
----------------- testing Fri Jun 01 17:22:53 UTC 2018 /home/travis/build/icyphy/ptII/ptolemy/domains/modal/test/auto/InitialImmediateTransition.xml
----------------- Instantiating /home/travis/build/icyphy/ptII/ptolemy/domains/modal/test/auto/InitialImmediateTransition.xml
3 ms. Memory: 578048K Free: 242533K (42%)
----------------- Invoking toplevel() on ptolemy.moml.MoMLSimpleApplication@768a7ab9
----------------- Done invoking toplevel() on ptolemy.moml.MoMLSimpleApplication@768a7ab9
reloadAllAccessors: .InitialImmediateTransition

===========================================================================================
----------------- testing Fri Jun 01 17:22:53 UTC 2018 /home/travis/build/icyphy/ptII/ptolemy/domains/modal/test/auto/InitialOutputs.xml
----------------- Instantiating /home/travis/build/icyphy/ptII/ptolemy/domains/modal/test/auto/InitialOutputs.xml
3 ms. Memory: 578048K Free: 232756K (40%)
----------------- Invoking toplevel() on ptolemy.moml.MoMLSimpleApplication@717ee87c
----------------- Done invoking toplevel() on ptolemy.moml.MoMLSimpleApplication@717ee87c
reloadAllAccessors: .InitialOutputs

===========================================================================================
----------------- testing Fri Jun 01 17:22:53 UTC 2018 /home/travis/build/icyphy/ptII/ptolemy/domains/modal/test/auto/InitialStateTransition1.xml
----------------- Instantiating /home/travis/build/icyphy/ptII/ptolemy/domains/modal/test/auto/InitialStateTransition1.xml
3 ms. Memory: 578048K Free: 219731K (38%)
----------------- Invoking toplevel() on ptolemy.moml.MoMLSimpleApplication@7a23d4c6
----------------- Done invoking toplevel() on ptolemy.moml.MoMLSimpleApplication@7a23d4c6
reloadAllAccessors: .InitialStateTransition1

===========================================================================================
----------------- testing Fri Jun 01 17:22:53 UTC 2018 /home/travis/build/icyphy/ptII/ptolemy/domains/modal/test/auto/InitialStateTransition2.xml
----------------- Instantiating /home/travis/build/icyphy/ptII/ptolemy/domains/modal/test/auto/InitialStateTransition2.xml
.InitialStateTransition2.TestExceptionAttributeNonConstructive: initialize() was not invoked, but wrapup() was.  This is unusual, but not always a problem.  For example, exporting JNLP will do this.
1 ms. Memory: 578048K Free: 204508K (35%)
----------------- Invoking toplevel() on ptolemy.moml.MoMLSimpleApplication@7e4b2ef4
----------------- Done invoking toplevel() on ptolemy.moml.MoMLSimpleApplication@7e4b2ef4
reloadAllAccessors: .InitialStateTransition2

===========================================================================================
----------------- testing Fri Jun 01 17:22:53 UTC 2018 /home/travis/build/icyphy/ptII/ptolemy/domains/modal/test/auto/InitialStateTransition3.xml
----------------- Instantiating /home/travis/build/icyphy/ptII/ptolemy/domains/modal/test/auto/InitialStateTransition3.xml
4 ms. Memory: 578048K Free: 191483K (33%)
----------------- Invoking toplevel() on ptolemy.moml.MoMLSimpleApplication@1f1101d
----------------- Done invoking toplevel() on ptolemy.moml.MoMLSimpleApplication@1f1101d
reloadAllAccessors: .InitialStateTransition3

===========================================================================================
----------------- testing Fri Jun 01 17:22:53 UTC 2018 /home/travis/build/icyphy/ptII/ptolemy/domains/modal/test/auto/InitialStateTransition4.xml
----------------- Instantiating /home/travis/build/icyphy/ptII/ptolemy/domains/modal/test/auto/InitialStateTransition4.xml
3 ms. Memory: 578048K Free: 176269K (30%)
----------------- Invoking toplevel() on ptolemy.moml.MoMLSimpleApplication@35e1e6d8
----------------- Done invoking toplevel() on ptolemy.moml.MoMLSimpleApplication@35e1e6d8
[...]
----------------- Done invoking toplevel() on ptolemy.moml.MoMLSimpleApplication@5c281b9f
reloadAllAccessors: .TerminationTransition3

===========================================================================================
----------------- testing Fri Jun 01 17:22:55 UTC 2018 /home/travis/build/icyphy/ptII/ptolemy/domains/modal/test/auto/TerminationTransition4.xml
----------------- Instantiating /home/travis/build/icyphy/ptII/ptolemy/domains/modal/test/auto/TerminationTransition4.xml
7 ms. Memory: 871936K Free: 91508K (10%)
----------------- Invoking toplevel() on ptolemy.moml.MoMLSimpleApplication@7030d3b9
----------------- Done invoking toplevel() on ptolemy.moml.MoMLSimpleApplication@7030d3b9
reloadAllAccessors: .TerminationTransition4

===========================================================================================
----------------- testing Fri Jun 01 17:22:55 UTC 2018 /home/travis/build/icyphy/ptII/ptolemy/domains/modal/test/auto/TerminationTransition5.xml
----------------- Instantiating /home/travis/build/icyphy/ptII/ptolemy/domains/modal/test/auto/TerminationTransition5.xml
3 ms. Memory: 871936K Free: 852288K (98%)
----------------- Invoking toplevel() on ptolemy.moml.MoMLSimpleApplication@72be4c19
----------------- Done invoking toplevel() on ptolemy.moml.MoMLSimpleApplication@72be4c19
reloadAllAccessors: .TerminationTransition5

===========================================================================================
----------------- testing Fri Jun 01 17:22:55 UTC 2018 /home/travis/build/icyphy/ptII/ptolemy/domains/modal/test/auto/TerminationTransition6.xml
----------------- Instantiating /home/travis/build/icyphy/ptII/ptolemy/domains/modal/test/auto/TerminationTransition6.xml
2 ms. Memory: 871936K Free: 834690K (96%)
----------------- Invoking toplevel() on ptolemy.moml.MoMLSimpleApplication@7f2395c0
----------------- Done invoking toplevel() on ptolemy.moml.MoMLSimpleApplication@7f2395c0
reloadAllAccessors: .TerminationTransition6

===========================================================================================
----------------- testing Fri Jun 01 17:22:55 UTC 2018 /home/travis/build/icyphy/ptII/ptolemy/domains/modal/test/auto/TerminationTransition7.xml
----------------- Instantiating /home/travis/build/icyphy/ptII/ptolemy/domains/modal/test/auto/TerminationTransition7.xml
4 ms. Memory: 871936K Free: 819037K (94%)
----------------- Invoking toplevel() on ptolemy.moml.MoMLSimpleApplication@5eaf17b2
----------------- Done invoking toplevel() on ptolemy.moml.MoMLSimpleApplication@5eaf17b2
reloadAllAccessors: .TerminationTransition7

===========================================================================================
----------------- testing Fri Jun 01 17:22:55 UTC 2018 /home/travis/build/icyphy/ptII/ptolemy/domains/modal/test/auto/TerminationTransition8.xml
----------------- Instantiating /home/travis/build/icyphy/ptII/ptolemy/domains/modal/test/auto/TerminationTransition8.xml
3 ms. Memory: 871936K Free: 801529K (92%)
----------------- Invoking toplevel() on ptolemy.moml.MoMLSimpleApplication@9723ff2
----------------- Done invoking toplevel() on ptolemy.moml.MoMLSimpleApplication@9723ff2
reloadAllAccessors: .TerminationTransition8

===========================================================================================
----------------- testing Fri Jun 01 17:22:55 UTC 2018 /home/travis/build/icyphy/ptII/ptolemy/domains/modal/test/auto/Thermostat_NoHysteresis.xml
----------------- Instantiating /home/travis/build/icyphy/ptII/ptolemy/domains/modal/test/auto/Thermostat_NoHysteresis.xml
22 ms. Memory: 871936K Free: 770240K (88%)
----------------- Invoking toplevel() on ptolemy.moml.MoMLSimpleApplication@3f54e294
----------------- Done invoking toplevel() on ptolemy.moml.MoMLSimpleApplication@3f54e294
reloadAllAccessors: .Thermostat_NoHysteresis

===========================================================================================
----------------- testing Fri Jun 01 17:22:55 UTC 2018 /home/travis/build/icyphy/ptII/ptolemy/domains/modal/test/auto/TimedFSM.xml
----------------- Instantiating /home/travis/build/icyphy/ptII/ptolemy/domains/modal/test/auto/TimedFSM.xml
9 ms. Memory: 871936K Free: 752731K (86%)
----------------- Invoking toplevel() on ptolemy.moml.MoMLSimpleApplication@3bbfcacb
----------------- Done invoking toplevel() on ptolemy.moml.MoMLSimpleApplication@3bbfcacb
reloadAllAccessors: .TimedFSM

===========================================================================================
----------------- testing Fri Jun 01 17:22:55 UTC 2018 /home/travis/build/icyphy/ptII/ptolemy/domains/modal/test/auto/Timeout1.xml
----------------- Instantiating /home/travis/build/icyphy/ptII/ptolemy/domains/modal/test/auto/Timeout1.xml
3 ms. Memory: 871936K Free: 742307K (85%)
----------------- Invoking toplevel() on ptolemy.moml.MoMLSimpleApplication@65066105
----------------- Done invoking toplevel() on ptolemy.moml.MoMLSimpleApplication@65066105
reloadAllAccessors: .Timeout1

===========================================================================================
----------------- testing Fri Jun 01 17:22:55 UTC 2018 /home/travis/build/icyphy/ptII/ptolemy/domains/modal/test/auto/Timeout2.xml
----------------- Instantiating /home/travis/build/icyphy/ptII/ptolemy/domains/modal/test/auto/Timeout2.xml
5 ms. Memory: 871936K Free: 724799K (83%)
----------------- Invoking toplevel() on ptolemy.moml.MoMLSimpleApplication@638c000a
----------------- Done invoking toplevel() on ptolemy.moml.MoMLSimpleApplication@638c000a
reloadAllAccessors: .Timeout2

===========================================================================================
----------------- testing Fri Jun 01 17:22:55 UTC 2018 /home/travis/build/icyphy/ptII/ptolemy/domains/modal/test/auto/Timeout3.xml
----------------- Instantiating /home/travis/build/icyphy/ptII/ptolemy/domains/modal/test/auto/Timeout3.xml
2 ms. Memory: 871936K Free: 714374K (82%)
----------------- Invoking toplevel() on ptolemy.moml.MoMLSimpleApplication@1498bfd2
----------------- Done invoking toplevel() on ptolemy.moml.MoMLSimpleApplication@1498bfd2
reloadAllAccessors: .Timeout3

===========================================================================================
----------------- testing Fri Jun 01 17:22:55 UTC 2018 /home/travis/build/icyphy/ptII/ptolemy/domains/modal/test/auto/Timeout4.xml
----------------- Instantiating /home/travis/build/icyphy/ptII/ptolemy/domains/modal/test/auto/Timeout4.xml
2 ms. Memory: 871936K Free: 702094K (81%)
----------------- Invoking toplevel() on ptolemy.moml.MoMLSimpleApplication@668f5f5
----------------- Done invoking toplevel() on ptolemy.moml.MoMLSimpleApplication@668f5f5
reloadAllAccessors: .Timeout4

===========================================================================================
----------------- testing Fri Jun 01 17:22:55 UTC 2018 /home/travis/build/icyphy/ptII/ptolemy/domains/modal/test/auto/TransientstateModelAdvanced.xml
----------------- Instantiating /home/travis/build/icyphy/ptII/ptolemy/domains/modal/test/auto/TransientstateModelAdvanced.xml
3 ms. Memory: 871936K Free: 681237K (78%)
----------------- Invoking toplevel() on ptolemy.moml.MoMLSimpleApplication@4b4c2fcc
----------------- Done invoking toplevel() on ptolemy.moml.MoMLSimpleApplication@4b4c2fcc
reloadAllAccessors: .TransientstateModelAdvanced

===========================================================================================
----------------- testing Fri Jun 01 17:22:55 UTC 2018 /home/travis/build/icyphy/ptII/ptolemy/domains/modal/test/auto/TransientstateModelAdvanced2.xml
----------------- Instantiating /home/travis/build/icyphy/ptII/ptolemy/domains/modal/test/auto/TransientstateModelAdvanced2.xml
3 ms. Memory: 871936K Free: 658517K (76%)
----------------- Invoking toplevel() on ptolemy.moml.MoMLSimpleApplication@1cc1388c
----------------- Done invoking toplevel() on ptolemy.moml.MoMLSimpleApplication@1cc1388c
reloadAllAccessors: .transientstatemodelAdvanced

===========================================================================================
----------------- testing Fri Jun 01 17:22:55 UTC 2018 /home/travis/build/icyphy/ptII/ptolemy/domains/modal/test/auto/TransitionRefinements.xml
----------------- Instantiating /home/travis/build/icyphy/ptII/ptolemy/domains/modal/test/auto/TransitionRefinements.xml
11 ms. Memory: 871936K Free: 642864K (74%)
----------------- Invoking toplevel() on ptolemy.moml.MoMLSimpleApplication@77990a92
----------------- Done invoking toplevel() on ptolemy.moml.MoMLSimpleApplication@77990a92
reloadAllAccessors: .TransitionRefinements

===========================================================================================
----------------- testing Fri Jun 01 17:22:55 UTC 2018 /home/travis/build/icyphy/ptII/ptolemy/domains/modal/test/auto/TwoRefinements1.xml
----------------- Instantiating /home/travis/build/icyphy/ptII/ptolemy/domains/modal/test/auto/TwoRefinements1.xml
2 ms. Memory: 871936K Free: 625356K (72%)
----------------- Invoking toplevel() on ptolemy.moml.MoMLSimpleApplication@44996fac
----------------- Done invoking toplevel() on ptolemy.moml.MoMLSimpleApplication@44996fac
reloadAllAccessors: .TwoRefinements1

===========================================================================================
----------------- testing Fri Jun 01 17:22:55 UTC 2018 /home/travis/build/icyphy/ptII/ptolemy/domains/modal/test/auto/TwoRefinements2.xml
----------------- Instantiating /home/travis/build/icyphy/ptII/ptolemy/domains/modal/test/auto/TwoRefinements2.xml
3 ms. Memory: 871936K Free: 609703K (70%)
----------------- Invoking toplevel() on ptolemy.moml.MoMLSimpleApplication@58c0a42
----------------- Done invoking toplevel() on ptolemy.moml.MoMLSimpleApplication@58c0a42
reloadAllAccessors: .TwoRefinements2

===========================================================================================
----------------- testing Fri Jun 01 17:22:55 UTC 2018 /home/travis/build/icyphy/ptII/ptolemy/domains/modal/test/auto/WeakImmediateTransition.xml
----------------- Instantiating /home/travis/build/icyphy/ptII/ptolemy/domains/modal/test/auto/WeakImmediateTransition.xml
3 ms. Memory: 871936K Free: 592195K (68%)
----------------- Invoking toplevel() on ptolemy.moml.MoMLSimpleApplication@24c92f03
----------------- Done invoking toplevel() on ptolemy.moml.MoMLSimpleApplication@24c92f03
reloadAllAccessors: .WeakImmediateTransition

===========================================================================================
----------------- testing Fri Jun 01 17:22:55 UTC 2018 /home/travis/build/icyphy/ptII/ptolemy/domains/modal/test/auto/booleanSelect.xml
----------------- Instantiating /home/travis/build/icyphy/ptII/ptolemy/domains/modal/test/auto/booleanSelect.xml
27 ms. Memory: 871936K Free: 566102K (65%)
----------------- Invoking toplevel() on ptolemy.moml.MoMLSimpleApplication@63f79fbb
----------------- Done invoking toplevel() on ptolemy.moml.MoMLSimpleApplication@63f79fbb
reloadAllAccessors: .booleanSelect

===========================================================================================
----------------- testing Fri Jun 01 17:22:55 UTC 2018 /home/travis/build/icyphy/ptII/ptolemy/domains/modal/test/auto/modalChangingParams.xml
----------------- Instantiating /home/travis/build/icyphy/ptII/ptolemy/domains/modal/test/auto/modalChangingParams.xml
0
1
0
2
4
6
8
7
0
2
4
6
8
13
0
2
4
6
8
19
0
2
4
6
8
25
0
2
4
6
8
31
0
2
4
6
8
37
0
2
4
6
8
43
0
2
4
6
8
49
0
2
4
6
8
55
0
2
4
6
8
61
0
2
4
6
8
67
0
2
4
6
8
73
0
2
4
6
8
79
0
2
4
6
8
85
0
2
4
6
8
91
0
2
4
6
8
97
0
2
4
6
8
103
0
2
4
6
8
109
0
2
4
6
8
115
0
2
4
6
8
121
0
2
4
6
8
127
0
2
4
6
8
133
0
2
4
6
8
139
0
2
4
6
8
145
0
2
4
6
8
151
0
2
4
6
8
157
0
2
4
6
8
163
0
2
4
6
8
169
0
2
4
6
8
175
0
2
4
6
8
181
0
2
4
6
8
187
0
2
4
6
8
193
0
2
4
6
8
199
0
2
4
6
8
205
0
2
4
6
8
211
0
2
4
6
8
217
0
2
4
6
8
223
0
2
4
6
8
229
0
2
4
6
8
235
0
2
4
6
8
241
0
2
4
6
8
247
0
2
4
6
8
253
0
2
4
6
8
259
0
2
4
6
8
265
0
2
4
6
8
271
0
2
4
6
8
277
0
2
4
6
8
283
0
2
4
6
8
289
0
2
4
6
8
295
0
2
4
6
8
301
0
2
4
6
8
307
0
2
4
6
8
313
0
2
4
6
8
319
0
2
4
6
8
325
0
2
4
6
8
331
0
2
4
6
8
337
0
2
4
6
8
343
0
2
4
6
8
349
0
2
4
6
8
355
0
2
4
6
8
361
0
2
4
6
8
367
0
2
4
6
8
373
0
2
4
6
8
379
0
2
4
6
8
385
0
2
4
6
8
391
0
2
4
6
8
397
0
2
4
6
8
403
0
2
4
6
8
409
0
2
4
6
8
415
0
2
4
6
8
421
0
2
4
6
8
427
0
2
4
6
8
433
0
2
4
6
8
439
0
2
4
6
8
445
0
2
4
6
8
451
0
2
4
6
8
457
0
2
4
6
8
463
0
2
4
6
8
469
0
2
4
6
8
475
0
2
4
6
8
481
0
2
4
6
8
487
0
2
4
6
8
493
0
2
4
6
8
499
0
2
4
6
8
505
0
2
4
6
8
511
0
2
4
6
8
517
0
2
4
6
8
523
0
2
4
6
8
529
0
2
4
6
8
535
0
2
4
6
8
541
0
2
4
6
8
547
0
2
4
6
8
553
0
2
4
6
8
559
0
2
4
6
8
565
0
2
4
6
8
571
0
2
4
6
8
577
0
2
4
6
8
583
0
2
4
6
8
589
0
2
4
6
8
595
0
2
4
6
8
601
0
2
4
6
8
607
0
2
4
6
8
613
0
2
4
6
8
619
0
2
4
6
8
625
0
2
4
6
8
631
0
2
4
6
8
637
0
2
4
6
8
643
0
2
4
6
8
649
0
2
4
6
8
655
0
2
4
6
8
661
0
2
4
6
8
667
0
2
4
6
8
673
0
2
4
6
8
679
0
2
4
6
8
685
0
2
4
6
8
691
0
2
4
6
8
697
0
2
4
6
8
703
0
2
4
6
8
709
0
2
4
6
8
715
0
2
4
6
8
721
0
2
4
6
8
727
0
2
4
6
8
733
0
2
4
6
8
739
0
2
4
6
8
745
0
2
4
6
8
751
0
2
4
6
8
757
0
2
4
6
8
763
0
2
4
6
8
769
0
2
4
6
8
775
0
2
4
6
8
781
0
2
4
6
8
787
0
2
4
6
8
793
0
2
4
6
8
799
0
2
4
6
8
805
0
2
4
6
8
811
0
2
4
6
8
817
0
2
4
6
8
823
0
2
4
6
8
829
0
2
4
6
8
835
0
2
4
6
8
841
0
2
4
6
8
847
0
2
4
6
8
853
0
2
4
6
8
859
0
2
4
6
8
865
0
2
4
6
8
871
0
2
4
6
8
877
0
2
4
6
8
883
0
2
4
6
8
889
0
2
4
6
8
895
0
2
4
6
8
901
0
2
4
6
8
907
0
2
4
6
8
913
0
2
4
6
8
919
0
2
4
6
8
925
0
2
4
6
8
931
0
2
4
6
8
937
0
2
4
6
8
943
0
2
4
6
8
949
0
2
4
6
8
955
0
2
4
6
8
961
0
2
4
6
8
967
0
2
4
6
8
973
0
2
4
6
8
979
0
2
4
6
8
985
0
2
4
6
8
991
0
2
4
6
8
997
0
2
167 ms. Memory: 871936K Free: 449403K (52%)
----------------- Invoking toplevel() on ptolemy.moml.MoMLSimpleApplication@35c9f1df
----------------- Done invoking toplevel() on ptolemy.moml.MoMLSimpleApplication@35c9f1df
reloadAllAccessors: .modalChangingParams

===========================================================================================
----------------- testing Fri Jun 01 17:22:56 UTC 2018 /home/travis/build/icyphy/ptII/ptolemy/domains/modal/test/auto/modalModel.xml
----------------- Instantiating /home/travis/build/icyphy/ptII/ptolemy/domains/modal/test/auto/modalModel.xml
5 ms. Memory: 871936K Free: 433758K (50%)
----------------- Invoking toplevel() on ptolemy.moml.MoMLSimpleApplication@411714c3
----------------- Done invoking toplevel() on ptolemy.moml.MoMLSimpleApplication@411714c3
reloadAllAccessors: .modalModel

===========================================================================================
----------------- testing Fri Jun 01 17:22:56 UTC 2018 /home/travis/build/icyphy/ptII/ptolemy/domains/modal/test/auto/modalModel2.xml
----------------- Instantiating /home/travis/build/icyphy/ptII/ptolemy/domains/modal/test/auto/modalModel2.xml
7 ms. Memory: 871936K Free: 418106K (48%)
----------------- Invoking toplevel() on ptolemy.moml.MoMLSimpleApplication@48a2c84b
----------------- Done invoking toplevel() on ptolemy.moml.MoMLSimpleApplication@48a2c84b
reloadAllAccessors: .modalModel2

===========================================================================================
----------------- testing Fri Jun 01 17:22:56 UTC 2018 /home/travis/build/icyphy/ptII/ptolemy/domains/modal/test/auto/modalModel3.xml
----------------- Instantiating /home/travis/build/icyphy/ptII/ptolemy/domains/modal/test/auto/modalModel3.xml
0	0	0
1	0	1
4	2	2
7	4	3
10	6	4
5	0	5
8	2	6
11	4	7
14	6	8
9	0	9
12	2	10
15	4	11
18	6	12
13	0	13
16	2	14
10 ms. Memory: 871936K Free: 395393K (45%)
----------------- Invoking toplevel() on ptolemy.moml.MoMLSimpleApplication@59d925aa
----------------- Done invoking toplevel() on ptolemy.moml.MoMLSimpleApplication@59d925aa
reloadAllAccessors: .modalModel3

===========================================================================================
----------------- testing Fri Jun 01 17:22:56 UTC 2018 /home/travis/build/icyphy/ptII/ptolemy/domains/modal/test/auto/model1.xml
----------------- Instantiating /home/travis/build/icyphy/ptII/ptolemy/domains/modal/test/auto/model1.xml
10 ms. Memory: 871936K Free: 384969K (44%)
----------------- Invoking toplevel() on ptolemy.moml.MoMLSimpleApplication@54379f69
----------------- Done invoking toplevel() on ptolemy.moml.MoMLSimpleApplication@54379f69
reloadAllAccessors: .model1

===========================================================================================
----------------- testing Fri Jun 01 17:22:56 UTC 2018 /home/travis/build/icyphy/ptII/ptolemy/domains/modal/test/auto/test-direct-in-out.xml
----------------- Instantiating /home/travis/build/icyphy/ptII/ptolemy/domains/modal/test/auto/test-direct-in-out.xml
5 ms. Memory: 871936K Free: 367461K (42%)
----------------- Invoking toplevel() on ptolemy.moml.MoMLSimpleApplication@2600e5f4
----------------- Done invoking toplevel() on ptolemy.moml.MoMLSimpleApplication@2600e5f4
reloadAllAccessors: .test-direct-in-out
AutoTests.java: About to close Vertx.
AutoTests.java: Vertx closed.
]]></system-out>
  <system-err><![CDATA[java.lang.RuntimeException: Execution failed
	at ptolemy.moml.MoMLSimpleApplication$UnloadThread.run(MoMLSimpleApplication.java:402)
Caused by: ptolemy.kernel.util.IllegalActionException: Unknown inputs remain. Possible causality loop:
L_model_1893289564i

  in .CannotAnalysisWithPreemption.model_1893289564_region_1 and .CannotAnalysisWithPreemption.model_1893289564_region_1.L_model_1893289564i
	at ptolemy.actor.sched.FixedPointDirector.postfire(FixedPointDirector.java:515)
	at ptolemy.domains.sr.kernel.SRDirector.postfire(SRDirector.java:417)
	at ptolemy.actor.CompositeActor.postfire(CompositeActor.java:1668)
	at ptolemy.actor.Manager.iterate(Manager.java:852)
	at ptolemy.actor.Manager.execute(Manager.java:369)
	at ptolemy.actor.Manager.run(Manager.java:1263)
	at ptolemy.actor.Manager$PtolemyRunThread.run(Manager.java:1915)
java.lang.reflect.InvocationTargetException
	at sun.reflect.NativeConstructorAccessorImpl.newInstance0(Native Method)
	at sun.reflect.NativeConstructorAccessorImpl.newInstance(NativeConstructorAccessorImpl.java:62)
	at sun.reflect.DelegatingConstructorAccessorImpl.newInstance(DelegatingConstructorAccessorImpl.java:45)
	at java.lang.reflect.Constructor.newInstance(Constructor.java:423)
	at ptolemy.util.test.junit.AutoKnownFailedTests.RunModel(AutoKnownFailedTests.java:107)
	at sun.reflect.NativeMethodAccessorImpl.invoke0(Native Method)
	at sun.reflect.NativeMethodAccessorImpl.invoke(NativeMethodAccessorImpl.java:62)
	at sun.reflect.DelegatingMethodAccessorImpl.invoke(DelegatingMethodAccessorImpl.java:43)
	at java.lang.reflect.Method.invoke(Method.java:498)
	at org.junit.runners.model.FrameworkMethod$1.runReflectiveCall(FrameworkMethod.java:44)
	at org.junit.internal.runners.model.ReflectiveCallable.run(ReflectiveCallable.java:15)
	at org.junit.runners.model.FrameworkMethod.invokeExplosively(FrameworkMethod.java:41)
	at junitparams.internal.InvokeParameterisedMethod.evaluate(InvokeParameterisedMethod.java:102)
	at org.junit.internal.runners.statements.FailOnTimeout$1.run(FailOnTimeout.java:28)
Caused by: ptolemy.kernel.util.IllegalActionException: Unknown inputs remain. Possible causality loop:
L_model_1893289564i

  in .CannotAnalysisWithPreemption.model_1893289564_region_1 and .CannotAnalysisWithPreemption.model_1893289564_region_1.L_model_1893289564i
	at ptolemy.actor.sched.FixedPointDirector.postfire(FixedPointDirector.java:515)
	at ptolemy.domains.sr.kernel.SRDirector.postfire(SRDirector.java:417)
	at ptolemy.actor.CompositeActor.postfire(CompositeActor.java:1668)
	at ptolemy.actor.Manager.iterate(Manager.java:852)
	at ptolemy.actor.Manager.execute(Manager.java:369)
	at ptolemy.actor.Manager.run(Manager.java:1263)
	at ptolemy.actor.Manager$PtolemyRunThread.run(Manager.java:1915)
]]></system-err>
</testsuite>
