<?xml version="1.0" encoding="UTF-8" ?>
<testsuite errors="0" failures="0" hostname="travis-job-9a77af2d-52ad-42b6-b911-027c7c1fa5a8" name="ptolemy.domains.de.test.junit.JUnitTclTest" skipped="0" tests="101" time="138.174" timestamp="2018-05-02T16:36:07">
  <properties>
[...]
</properties>
  <testcase classname="ptolemy.util.test.junit.TclTests" name="[0] /home/travis/build/icyphy/ptII/ptolemy/domains/de/test/DependencyLoop.tcl (RunTclFile)" time="0.882" />
  <testcase classname="ptolemy.util.test.junit.TclTests" name="[1] /home/travis/build/icyphy/ptII/ptolemy/domains/de/test/RunDETestsAsQSS.tcl (RunTclFile)" time="96.033" />
  <testcase classname="ptolemy.util.test.junit.AutoKnownFailedTests" name="[0] /home/travis/build/icyphy/ptII/ptolemy/domains/de/test/auto/knownFailedTests/DESDFClockTest.xml (RunModel)" time="2.031" />
  <testcase classname="ptolemy.util.test.junit.AutoKnownFailedTests" name="[1] /home/travis/build/icyphy/ptII/ptolemy/domains/de/test/auto/knownFailedTests/DirectFeedback.xml (RunModel)" time="0.01" />
  <testcase classname="ptolemy.util.test.junit.AutoKnownFailedTests" name="[2] /home/travis/build/icyphy/ptII/ptolemy/domains/de/test/auto/knownFailedTests/FSMSource.xml (RunModel)" time="0.013" />
  <testcase classname="ptolemy.util.test.junit.AutoKnownFailedTests" name="[3] /home/travis/build/icyphy/ptII/ptolemy/domains/de/test/auto/knownFailedTests/HierarchicalModel.xml (RunModel)" time="0.029" />
  <testcase classname="ptolemy.util.test.junit.AutoKnownFailedTests" name="[4] /home/travis/build/icyphy/ptII/ptolemy/domains/de/test/auto/knownFailedTests/dependencyLoop.xml (RunModel)" time="0.025" />
  <testcase classname="ptolemy.util.test.junit.AutoKnownFailedTests" name="[5] /home/travis/build/icyphy/ptII/ptolemy/domains/de/test/auto/knownFailedTests/dependencyLoop2.xml (RunModel)" time="0.025" />
  <testcase classname="ptolemy.util.test.junit.AutoNameArchTests" name="[0] ThereAreNoAutoTests (RunModel)" time="0.0" />
  <testcase classname="ptolemy.util.test.junit.AutoTests" name="[0] /home/travis/build/icyphy/ptII/ptolemy/domains/de/test/auto/ActorDepthCalculation_actorWithoutPorts.xml (RunModel)" time="0.009" />
  <testcase classname="ptolemy.util.test.junit.AutoTests" name="[1] /home/travis/build/icyphy/ptII/ptolemy/domains/de/test/auto/AssemblyLine.xml (RunModel)" time="0.012" />
  <testcase classname="ptolemy.util.test.junit.AutoTests" name="[2] /home/travis/build/icyphy/ptII/ptolemy/domains/de/test/auto/CQBug1.xml (RunModel)" time="0.008" />
  <testcase classname="ptolemy.util.test.junit.AutoTests" name="[3] /home/travis/build/icyphy/ptII/ptolemy/domains/de/test/auto/CancelFireAt.xml (RunModel)" time="0.005" />
  <testcase classname="ptolemy.util.test.junit.AutoTests" name="[4] /home/travis/build/icyphy/ptII/ptolemy/domains/de/test/auto/CausalityAndComposabilityAnalysis.xml (RunModel)" time="0.008" />
  <testcase classname="ptolemy.util.test.junit.AutoTests" name="[5] /home/travis/build/icyphy/ptII/ptolemy/domains/de/test/auto/CausalityInterface1.xml (RunModel)" time="0.009" />
  <testcase classname="ptolemy.util.test.junit.AutoTests" name="[6] /home/travis/build/icyphy/ptII/ptolemy/domains/de/test/auto/CausalityInterface15.xml (RunModel)" time="0.009" />
  <testcase classname="ptolemy.util.test.junit.AutoTests" name="[7] /home/travis/build/icyphy/ptII/ptolemy/domains/de/test/auto/CausalityInterface2.xml (RunModel)" time="0.007" />
  <testcase classname="ptolemy.util.test.junit.AutoTests" name="[8] /home/travis/build/icyphy/ptII/ptolemy/domains/de/test/auto/CausalityInterface3.xml (RunModel)" time="0.01" />
  <testcase classname="ptolemy.util.test.junit.AutoTests" name="[9] /home/travis/build/icyphy/ptII/ptolemy/domains/de/test/auto/ClockDrift.xml (RunModel)" time="0.032" />
  <testcase classname="ptolemy.util.test.junit.AutoTests" name="[10] /home/travis/build/icyphy/ptII/ptolemy/domains/de/test/auto/ClockDriftAndValueChange.xml (RunModel)" time="0.022" />
  <testcase classname="ptolemy.util.test.junit.AutoTests" name="[11] /home/travis/build/icyphy/ptII/ptolemy/domains/de/test/auto/ClockDriftChange.xml (RunModel)" time="0.02" />
  <testcase classname="ptolemy.util.test.junit.AutoTests" name="[12] /home/travis/build/icyphy/ptII/ptolemy/domains/de/test/auto/ComposableCausalityAnalysis.xml (RunModel)" time="0.011" />
  <testcase classname="ptolemy.util.test.junit.AutoTests" name="[13] /home/travis/build/icyphy/ptII/ptolemy/domains/de/test/auto/DEFixedPointLimitation.xml (RunModel)" time="0.008" />
  <testcase classname="ptolemy.util.test.junit.AutoTests" name="[14] /home/travis/build/icyphy/ptII/ptolemy/domains/de/test/auto/DEScheduleTest.xml (RunModel)" time="0.009" />
  <testcase classname="ptolemy.util.test.junit.AutoTests" name="[15] /home/travis/build/icyphy/ptII/ptolemy/domains/de/test/auto/DEinDEwithStartTimes.xml (RunModel)" time="0.01" />
  <testcase classname="ptolemy.util.test.junit.AutoTests" name="[16] /home/travis/build/icyphy/ptII/ptolemy/domains/de/test/auto/DEinDEwithStartTimes2.xml (RunModel)" time="0.01" />
  <testcase classname="ptolemy.util.test.junit.AutoTests" name="[17] /home/travis/build/icyphy/ptII/ptolemy/domains/de/test/auto/DateDemo.xml (RunModel)" time="0.026" />
  <testcase classname="ptolemy.util.test.junit.AutoTests" name="[18] /home/travis/build/icyphy/ptII/ptolemy/domains/de/test/auto/DateToEvent.xml (RunModel)" time="2.035" />
  <testcase classname="ptolemy.util.test.junit.AutoTests" name="[19] /home/travis/build/icyphy/ptII/ptolemy/domains/de/test/auto/DepthTest1.xml (RunModel)" time="0.013" />
  <testcase classname="ptolemy.util.test.junit.AutoTests" name="[20] /home/travis/build/icyphy/ptII/ptolemy/domains/de/test/auto/DepthTest2.xml (RunModel)" time="0.014" />
  <testcase classname="ptolemy.util.test.junit.AutoTests" name="[21] /home/travis/build/icyphy/ptII/ptolemy/domains/de/test/auto/DepthTest3.xml (RunModel)" time="0.006" />
  <testcase classname="ptolemy.util.test.junit.AutoTests" name="[22] /home/travis/build/icyphy/ptII/ptolemy/domains/de/test/auto/DepthTest4.xml (RunModel)" time="0.011" />
  <testcase classname="ptolemy.util.test.junit.AutoTests" name="[23] /home/travis/build/icyphy/ptII/ptolemy/domains/de/test/auto/DepthTest5.xml (RunModel)" time="0.011" />
  <testcase classname="ptolemy.util.test.junit.AutoTests" name="[24] /home/travis/build/icyphy/ptII/ptolemy/domains/de/test/auto/DepthTest6.xml (RunModel)" time="0.01" />
  <testcase classname="ptolemy.util.test.junit.AutoTests" name="[25] /home/travis/build/icyphy/ptII/ptolemy/domains/de/test/auto/DepthTest7.xml (RunModel)" time="0.01" />
  <testcase classname="ptolemy.util.test.junit.AutoTests" name="[26] /home/travis/build/icyphy/ptII/ptolemy/domains/de/test/auto/EventToDate.xml (RunModel)" time="3.028" />
  <testcase classname="ptolemy.util.test.junit.AutoTests" name="[27] /home/travis/build/icyphy/ptII/ptolemy/domains/de/test/auto/FSM1.xml (RunModel)" time="0.022" />
  <testcase classname="ptolemy.util.test.junit.AutoTests" name="[28] /home/travis/build/icyphy/ptII/ptolemy/domains/de/test/auto/FSM7.xml (RunModel)" time="0.022" />
  <testcase classname="ptolemy.util.test.junit.AutoTests" name="[29] /home/travis/build/icyphy/ptII/ptolemy/domains/de/test/auto/Inspection.xml (RunModel)" time="0.026" />
  <testcase classname="ptolemy.util.test.junit.AutoTests" name="[30] /home/travis/build/icyphy/ptII/ptolemy/domains/de/test/auto/Iteration.xml (RunModel)" time="0.015" />
  <testcase classname="ptolemy.util.test.junit.AutoTests" name="[31] /home/travis/build/icyphy/ptII/ptolemy/domains/de/test/auto/LineFault.xml (RunModel)" time="0.407" />
  <testcase classname="ptolemy.util.test.junit.AutoTests" name="[32] /home/travis/build/icyphy/ptII/ptolemy/domains/de/test/auto/MergeModel1Add.xml (RunModel)" time="0.031" />
  <testcase classname="ptolemy.util.test.junit.AutoTests" name="[33] /home/travis/build/icyphy/ptII/ptolemy/domains/de/test/auto/MergeModel2Add.xml (RunModel)" time="0.025" />
  <testcase classname="ptolemy.util.test.junit.AutoTests" name="[34] /home/travis/build/icyphy/ptII/ptolemy/domains/de/test/auto/MergeModel3Add.xml (RunModel)" time="0.026" />
  <testcase classname="ptolemy.util.test.junit.AutoTests" name="[35] /home/travis/build/icyphy/ptII/ptolemy/domains/de/test/auto/MergeWithoutDiscard.xml (RunModel)" time="0.007" />
  <testcase classname="ptolemy.util.test.junit.AutoTests" name="[36] /home/travis/build/icyphy/ptII/ptolemy/domains/de/test/auto/Modal1.xml (RunModel)" time="0.021" />
  <testcase classname="ptolemy.util.test.junit.AutoTests" name="[37] /home/travis/build/icyphy/ptII/ptolemy/domains/de/test/auto/Modal2.xml (RunModel)" time="0.02" />
  <testcase classname="ptolemy.util.test.junit.AutoTests" name="[38] /home/travis/build/icyphy/ptII/ptolemy/domains/de/test/auto/Modal3.xml (RunModel)" time="0.024" />
  <testcase classname="ptolemy.util.test.junit.AutoTests" name="[39] /home/travis/build/icyphy/ptII/ptolemy/domains/de/test/auto/Modal4.xml (RunModel)" time="0.02" />
  <testcase classname="ptolemy.util.test.junit.AutoTests" name="[40] /home/travis/build/icyphy/ptII/ptolemy/domains/de/test/auto/Modal5.xml (RunModel)" time="0.021" />
  <testcase classname="ptolemy.util.test.junit.AutoTests" name="[41] /home/travis/build/icyphy/ptII/ptolemy/domains/de/test/auto/Modal6.xml (RunModel)" time="0.02" />
  <testcase classname="ptolemy.util.test.junit.AutoTests" name="[42] /home/travis/build/icyphy/ptII/ptolemy/domains/de/test/auto/Modal7.xml (RunModel)" time="0.022" />
  <testcase classname="ptolemy.util.test.junit.AutoTests" name="[43] /home/travis/build/icyphy/ptII/ptolemy/domains/de/test/auto/ModalModel.xml (RunModel)" time="0.122" />
  <testcase classname="ptolemy.util.test.junit.AutoTests" name="[44] /home/travis/build/icyphy/ptII/ptolemy/domains/de/test/auto/ModalSource.xml (RunModel)" time="0.013" />
  <testcase classname="ptolemy.util.test.junit.AutoTests" name="[45] /home/travis/build/icyphy/ptII/ptolemy/domains/de/test/auto/NonInterruptibleTimerZeroDelay.xml (RunModel)" time="0.007" />
  <testcase classname="ptolemy.util.test.junit.AutoTests" name="[46] /home/travis/build/icyphy/ptII/ptolemy/domains/de/test/auto/OpenQueueingNetwork.xml (RunModel)" time="1.885" />
  <testcase classname="ptolemy.util.test.junit.AutoTests" name="[47] /home/travis/build/icyphy/ptII/ptolemy/domains/de/test/auto/OpenQueuingNetwork.xml (RunModel)" time="0.328" />
  <testcase classname="ptolemy.util.test.junit.AutoTests" name="[48] /home/travis/build/icyphy/ptII/ptolemy/domains/de/test/auto/PeriodicSampler.xml (RunModel)" time="0.008" />
  <testcase classname="ptolemy.util.test.junit.AutoTests" name="[49] /home/travis/build/icyphy/ptII/ptolemy/domains/de/test/auto/PersistentIO.xml (RunModel)" time="0.02" />
  <testcase classname="ptolemy.util.test.junit.AutoTests" name="[50] /home/travis/build/icyphy/ptII/ptolemy/domains/de/test/auto/PortParameterResetOnInitialize.xml (RunModel)" time="0.01" />
  <testcase classname="ptolemy.util.test.junit.AutoTests" name="[51] /home/travis/build/icyphy/ptII/ptolemy/domains/de/test/auto/PortParameterUpdates.xml (RunModel)" time="0.014" />
  <testcase classname="ptolemy.util.test.junit.AutoTests" name="[52] /home/travis/build/icyphy/ptII/ptolemy/domains/de/test/auto/QueueAndServer.xml (RunModel)" time="0.019" />
  <testcase classname="ptolemy.util.test.junit.AutoTests" name="[53] /home/travis/build/icyphy/ptII/ptolemy/domains/de/test/auto/Records.xml (RunModel)" time="0.015" />
  <testcase classname="ptolemy.util.test.junit.AutoTests" name="[54] /home/travis/build/icyphy/ptII/ptolemy/domains/de/test/auto/ResetTransitionWithStartTime1.xml (RunModel)" time="0.035" />
  <testcase classname="ptolemy.util.test.junit.AutoTests" name="[55] /home/travis/build/icyphy/ptII/ptolemy/domains/de/test/auto/ResetTransitionWithStartTime2.xml (RunModel)" time="0.02" />
  <testcase classname="ptolemy.util.test.junit.AutoTests" name="[56] /home/travis/build/icyphy/ptII/ptolemy/domains/de/test/auto/ResetTransitionWithStartTime3.xml (RunModel)" time="0.019" />
  <testcase classname="ptolemy.util.test.junit.AutoTests" name="[57] /home/travis/build/icyphy/ptII/ptolemy/domains/de/test/auto/ResetTransitionWithStartTime4.xml (RunModel)" time="0.018" />
  <testcase classname="ptolemy.util.test.junit.AutoTests" name="[58] /home/travis/build/icyphy/ptII/ptolemy/domains/de/test/auto/ResettableTimer1.xml (RunModel)" time="0.01" />
  <testcase classname="ptolemy.util.test.junit.AutoTests" name="[59] /home/travis/build/icyphy/ptII/ptolemy/domains/de/test/auto/ResettableTimer2.xml (RunModel)" time="0.01" />
  <testcase classname="ptolemy.util.test.junit.AutoTests" name="[60] /home/travis/build/icyphy/ptII/ptolemy/domains/de/test/auto/ResettableTimer3.xml (RunModel)" time="0.009" />
  <testcase classname="ptolemy.util.test.junit.AutoTests" name="[61] /home/travis/build/icyphy/ptII/ptolemy/domains/de/test/auto/ResettableTimer4.xml (RunModel)" time="0.009" />
  <testcase classname="ptolemy.util.test.junit.AutoTests" name="[62] /home/travis/build/icyphy/ptII/ptolemy/domains/de/test/auto/ResettableTimer5.xml (RunModel)" time="0.011" />
  <testcase classname="ptolemy.util.test.junit.AutoTests" name="[63] /home/travis/build/icyphy/ptII/ptolemy/domains/de/test/auto/ResettableTimer6.xml (RunModel)" time="0.011" />
  <testcase classname="ptolemy.util.test.junit.AutoTests" name="[64] /home/travis/build/icyphy/ptII/ptolemy/domains/de/test/auto/ServerZeroDelay.xml (RunModel)" time="0.012" />
  <testcase classname="ptolemy.util.test.junit.AutoTests" name="[65] /home/travis/build/icyphy/ptII/ptolemy/domains/de/test/auto/SmartSender.xml (RunModel)" time="3.01" />
  <testcase classname="ptolemy.util.test.junit.AutoTests" name="[66] /home/travis/build/icyphy/ptII/ptolemy/domains/de/test/auto/ThreadedComposite.xml (RunModel)" time="0.171" />
  <testcase classname="ptolemy.util.test.junit.AutoTests" name="[67] /home/travis/build/icyphy/ptII/ptolemy/domains/de/test/auto/Time.xml (RunModel)" time="0.446" />
  <testcase classname="ptolemy.util.test.junit.AutoTests" name="[68] /home/travis/build/icyphy/ptII/ptolemy/domains/de/test/auto/TimeDelayZeroDelay.xml (RunModel)" time="0.019" />
  <testcase classname="ptolemy.util.test.junit.AutoTests" name="[69] /home/travis/build/icyphy/ptII/ptolemy/domains/de/test/auto/TimerZeroDelay.xml (RunModel)" time="0.01" />
  <testcase classname="ptolemy.util.test.junit.AutoTests" name="[70] /home/travis/build/icyphy/ptII/ptolemy/domains/de/test/auto/TimingParadox.xml (RunModel)" time="0.379" />
  <testcase classname="ptolemy.util.test.junit.AutoTests" name="[71] /home/travis/build/icyphy/ptII/ptolemy/domains/de/test/auto/TransferInputs.xml (RunModel)" time="0.019" />
  <testcase classname="ptolemy.util.test.junit.AutoTests" name="[72] /home/travis/build/icyphy/ptII/ptolemy/domains/de/test/auto/TransferOutputs2.xml (RunModel)" time="0.029" />
  <testcase classname="ptolemy.util.test.junit.AutoTests" name="[73] /home/travis/build/icyphy/ptII/ptolemy/domains/de/test/auto/Trilateration.xml (RunModel)" time="13.438" />
  <testcase classname="ptolemy.util.test.junit.AutoTests" name="[74] /home/travis/build/icyphy/ptII/ptolemy/domains/de/test/auto/TwoSigmaDelta.xml (RunModel)" time="2.371" />
  <testcase classname="ptolemy.util.test.junit.AutoTests" name="[75] /home/travis/build/icyphy/ptII/ptolemy/domains/de/test/auto/VariableDelay.xml (RunModel)" time="0.01" />
  <testcase classname="ptolemy.util.test.junit.AutoTests" name="[76] /home/travis/build/icyphy/ptII/ptolemy/domains/de/test/auto/VariableDelay2.xml (RunModel)" time="0.011" />
  <testcase classname="ptolemy.util.test.junit.AutoTests" name="[77] /home/travis/build/icyphy/ptII/ptolemy/domains/de/test/auto/VariableDelayZeroDelay.xml (RunModel)" time="0.031" />
  <testcase classname="ptolemy.util.test.junit.AutoTests" name="[78] /home/travis/build/icyphy/ptII/ptolemy/domains/de/test/auto/VariableDelayZeroDelay2.xml (RunModel)" time="0.017" />
  <testcase classname="ptolemy.util.test.junit.AutoTests" name="[79] /home/travis/build/icyphy/ptII/ptolemy/domains/de/test/auto/deInCt.xml (RunModel)" time="0.019" />
  <testcase classname="ptolemy.util.test.junit.AutoTests" name="[80] /home/travis/build/icyphy/ptII/ptolemy/domains/de/test/auto/deInCt2.xml (RunModel)" time="0.014" />
  <testcase classname="ptolemy.util.test.junit.AutoTests" name="[81] /home/travis/build/icyphy/ptII/ptolemy/domains/de/test/auto/dynamicCausalityInterface1.xml (RunModel)" time="0.019" />
  <testcase classname="ptolemy.util.test.junit.AutoTests" name="[82] /home/travis/build/icyphy/ptII/ptolemy/domains/de/test/auto/fsm_de_test.xml (RunModel)" time="0.024" />
  <testcase classname="ptolemy.util.test.junit.AutoTests" name="[83] /home/travis/build/icyphy/ptII/ptolemy/domains/de/test/auto/functionDependencyReconstruction.xml (RunModel)" time="0.038" />
  <testcase classname="ptolemy.util.test.junit.AutoTests" name="[84] /home/travis/build/icyphy/ptII/ptolemy/domains/de/test/auto/multirate.xml (RunModel)" time="0.017" />
  <testcase classname="ptolemy.util.test.junit.AutoTests" name="[85] /home/travis/build/icyphy/ptII/ptolemy/domains/de/test/auto/multirate2.xml (RunModel)" time="0.015" />
  <testcase classname="ptolemy.util.test.junit.AutoTests" name="[86] /home/travis/build/icyphy/ptII/ptolemy/domains/de/test/auto/realtime.xml (RunModel)" time="10.012" />
  <testcase classname="ptolemy.util.test.junit.AutoTests" name="[87] /home/travis/build/icyphy/ptII/ptolemy/domains/de/test/auto/relationGroup.xml (RunModel)" time="0.01" />
  <testcase classname="ptolemy.util.test.junit.AutoTests" name="[88] /home/travis/build/icyphy/ptII/ptolemy/domains/de/test/auto/relationGroup2.xml (RunModel)" time="0.007" />
  <testcase classname="ptolemy.util.test.junit.AutoTests" name="[89] /home/travis/build/icyphy/ptII/ptolemy/domains/de/test/auto/sortWithOpaquePorts.xml (RunModel)" time="0.008" />
  <testcase classname="ptolemy.util.test.junit.AutoTests" name="[90] /home/travis/build/icyphy/ptII/ptolemy/domains/de/test/auto/transferInputsandOutputs.xml (RunModel)" time="0.021" />
  <testcase classname="ptolemy.util.test.junit.AutoTests" name="[91] /home/travis/build/icyphy/ptII/ptolemy/domains/de/test/auto/triggerType.xml (RunModel)" time="0.011" />
  <system-out><![CDATA[/home/travis/build/icyphy/ptII/ptolemy/domains/de/test/DependencyLoop.tcl
testDefs.tcl: setting time out to 9000 seconds at Wed May 02 16:36:07 UTC 2018
16 ms. Memory: 116224K Free: 95059K (82%)
7 ms. Memory: 146944K Free: 137847K (94%)
/home/travis/build/icyphy/ptII/ptolemy/domains/de/test/RunDETestsAsQSS.tcl
Run the DE tests using ptolemy.domains.qss.test.QSSDirectorTest, which extends QSSDirector and prints a message in the constructors.
------------------ testing $PTII/ptolemy/domains/de/test/auto/knownFailedTests/dependencyLoop.xml (Known Failure) 
7 ms. Memory: 146944K Free: 133578K (91%)


==== $PTIIhome/travis/build/icyphy/ptII/ptolemy/domains/de/test/../../../../: Auto Automatic test in file $PTII/ptolemy/domains/de/test/auto/knownFailedTests/dependencyLoop.xml
==== Contents of test case:

	    # FIXME: we should use $relativeFilename here, but it
	    # might have backslashes under Windows, which causes no end
	    # of trouble.
	    createAndExecute $file
	    list {}
	
.... Test generated KNOWN error:
    while executing
ptolemy.kernel.util.IllegalActionException: Found a zero delay loop containing .dependencyLoop.original
  in .dependencyLoop and .dependencyLoop.original
	at ptolemy.actor.util.CausalityInterfaceForComposites._computeOutputPortDepth(CausalityInterfaceForComposites.java:759)
	at ptolemy.actor.util.CausalityInterfaceForComposites._computeInputDepth(CausalityInterfaceForComposites.java:696)
	at ptolemy.actor.util.CausalityInterfaceForComposites._computeOutputPortDepth(CausalityInterfaceForComposites.java:765)
	at ptolemy.actor.util.CausalityInterfaceForComposites._computeInputDepth(CausalityInterfaceForComposites.java:696)
	at ptolemy.actor.util.CausalityInterfaceForComposites._computeOutputPortDepth(CausalityInterfaceForComposites.java:765)
	at ptolemy.actor.util.CausalityInterfaceForComposites._computeInputDepth(CausalityInterfaceForComposites.java:696)
	at ptolemy.actor.util.CausalityInterfaceForComposites._computeActorDepth(CausalityInterfaceForComposites.java:532)
	at ptolemy.actor.util.CausalityInterfaceForComposites.checkForCycles(CausalityInterfaceForComposites.java:96)
	at ptolemy.domains.de.kernel.DEDirector.preinitialize(DEDirector.java:1337)
	at ptolemy.actor.CompositeActor.preinitialize(CompositeActor.java:1828)
	at ptolemy.actor.Manager.preinitializeAndResolveTypes(Manager.java:1040)
	at ptolemy.actor.Manager.initialize(Manager.java:710)
	at ptolemy.actor.Manager.execute(Manager.java:356)
	at ptolemy.actor.Manager.run(Manager.java:1263)
	at ptolemy.actor.Manager$PtolemyRunThread.run(Manager.java:1915)

    while executing
ptolemy.kernel.util.IllegalActionException: Found a zero delay loop containing .dependencyLoop.original
  in .dependencyLoop and .dependencyLoop.original
    while executing
"java::new ptolemy.moml.MoMLSimpleApplication $file
"
    (procedure "createAndExecute" line 2)
    invoked from within
"createAndExecute $file"
    ("uplevel" body line 5)
    invoked from within
"uplevel $contents_of_test"
------------------ testing $PTII/ptolemy/domains/de/test/auto/knownFailedTests/DESDFClockTest.xml (Known Failure) 
2085 ms. Memory: 146944K Free: 117737K (80%)


==== $PTIIhome/travis/build/icyphy/ptII/ptolemy/domains/de/test/../../../../: Auto Automatic test in file $PTII/ptolemy/domains/de/test/auto/knownFailedTests/DESDFClockTest.xml
==== Contents of test case:

	    # FIXME: we should use $relativeFilename here, but it
	    # might have backslashes under Windows, which causes no end
	    # of trouble.
	    createAndExecute $file
	    list {}
	
.... Test generated KNOWN error:
    while executing
ptolemy.kernel.util.IllegalActionException: Actor is not ready to fire.  Perhaps UpSample.prefire() returned false? Try debugging the actor by selecting "Listen to Actor".  Also, for SDF check moml for tokenConsumptionRate on input.
  in .DESDFClockTest.Play Bell.Copy1:SDF Director and .DESDFClockTest.Play Bell.UpSample
	at ptolemy.actor.sched.StaticSchedulingDirector.fire(StaticSchedulingDirector.java:227)
	at ptolemy.domains.sdf.kernel.SDFDirector.fire(SDFDirector.java:500)
	at ptolemy.actor.CompositeActor.fire(CompositeActor.java:455)
	at ptolemy.domains.de.kernel.DEDirector._fire(DEDirector.java:1948)
	at ptolemy.domains.de.kernel.DEDirector.fire(DEDirector.java:502)
	at ptolemy.actor.CompositeActor.fire(CompositeActor.java:455)
	at ptolemy.actor.Manager.iterate(Manager.java:851)
	at ptolemy.actor.Manager.execute(Manager.java:369)
	at ptolemy.actor.Manager.run(Manager.java:1263)
	at ptolemy.actor.Manager$PtolemyRunThread.run(Manager.java:1915)

    while executing
ptolemy.kernel.util.IllegalActionException: Actor is not ready to fire.  Perhaps UpSample.prefire() returned false? Try debugging the actor by selecting "Listen to Actor".  Also, for SDF check moml for tokenConsumptionRate on input.
  in .DESDFClockTest.Play Bell.Copy1:SDF Director and .DESDFClockTest.Play Bell.UpSample
    while executing
"java::new ptolemy.moml.MoMLSimpleApplication $file
"
    (procedure "createAndExecute" line 2)
    invoked from within
"createAndExecute $file"
    ("uplevel" body line 5)
    invoked from within
"uplevel $contents_of_test"
------------------ testing $PTII/ptolemy/domains/de/test/auto/knownFailedTests/FSMSource.xml (Known Failure) 
33 ms. Memory: 146944K Free: 108213K (74%)
!!!! Auto was marked as failing, but now passes
------------------ testing $PTII/ptolemy/domains/de/test/auto/knownFailedTests/dependencyLoop2.xml (Known Failure) 
7 ms. Memory: 146944K Free: 106322K (72%)


==== $PTIIhome/travis/build/icyphy/ptII/ptolemy/domains/de/test/../../../../: Auto Automatic test in file $PTII/ptolemy/domains/de/test/auto/knownFailedTests/dependencyLoop2.xml
==== Contents of test case:

	    # FIXME: we should use $relativeFilename here, but it
	    # might have backslashes under Windows, which causes no end
	    # of trouble.
	    createAndExecute $file
	    list {}
	
.... Test generated KNOWN error:
    while executing
ptolemy.kernel.util.IllegalActionException: Found a zero delay loop containing .dependencyLoop2.original
  in .dependencyLoop2 and .dependencyLoop2.original
	at ptolemy.actor.util.CausalityInterfaceForComposites._computeOutputPortDepth(CausalityInterfaceForComposites.java:759)
	at ptolemy.actor.util.CausalityInterfaceForComposites._computeInputDepth(CausalityInterfaceForComposites.java:696)
	at ptolemy.actor.util.CausalityInterfaceForComposites._computeOutputPortDepth(CausalityInterfaceForComposites.java:765)
	at ptolemy.actor.util.CausalityInterfaceForComposites._computeInputDepth(CausalityInterfaceForComposites.java:696)
	at ptolemy.actor.util.CausalityInterfaceForComposites._computeOutputPortDepth(CausalityInterfaceForComposites.java:765)
	at ptolemy.actor.util.CausalityInterfaceForComposites._computeInputDepth(CausalityInterfaceForComposites.java:696)
	at ptolemy.actor.util.CausalityInterfaceForComposites._computeActorDepth(CausalityInterfaceForComposites.java:532)
	at ptolemy.actor.util.CausalityInterfaceForComposites.checkForCycles(CausalityInterfaceForComposites.java:96)
	at ptolemy.domains.de.kernel.DEDirector.preinitialize(DEDirector.java:1337)
	at ptolemy.actor.CompositeActor.preinitialize(CompositeActor.java:1828)
	at ptolemy.actor.Manager.preinitializeAndResolveTypes(Manager.java:1040)
	at ptolemy.actor.Manager.initialize(Manager.java:710)
	at ptolemy.actor.Manager.execute(Manager.java:356)
	at ptolemy.actor.Manager.run(Manager.java:1263)
	at ptolemy.actor.Manager$PtolemyRunThread.run(Manager.java:1915)

    while executing
ptolemy.kernel.util.IllegalActionException: Found a zero delay loop containing .dependencyLoop2.original
  in .dependencyLoop2 and .dependencyLoop2.original
    while executing
"java::new ptolemy.moml.MoMLSimpleApplication $file
"
    (procedure "createAndExecute" line 2)
    invoked from within
"createAndExecute $file"
    ("uplevel" body line 5)
    invoked from within
"uplevel $contents_of_test"
------------------ testing $PTII/ptolemy/domains/de/test/auto/knownFailedTests/HierarchicalModel.xml (Known Failure) 
6 ms. Memory: 146944K Free: 85889K (58%)


==== $PTIIhome/travis/build/icyphy/ptII/ptolemy/domains/de/test/../../../../: Auto Automatic test in file $PTII/ptolemy/domains/de/test/auto/knownFailedTests/HierarchicalModel.xml
==== Contents of test case:

	    # FIXME: we should use $relativeFilename here, but it
	    # might have backslashes under Windows, which causes no end
	    # of trouble.
	    createAndExecute $file
	    list {}
	
.... Test generated KNOWN error:
    while executing
ptolemy.kernel.util.IllegalActionException: Found a zero delay loop containing .HierarchicalModel.A
  in .HierarchicalModel and .HierarchicalModel.A
	at ptolemy.actor.util.CausalityInterfaceForComposites._computeOutputPortDepth(CausalityInterfaceForComposites.java:759)
	at ptolemy.actor.util.CausalityInterfaceForComposites._computeInputDepth(CausalityInterfaceForComposites.java:696)
	at ptolemy.actor.util.CausalityInterfaceForComposites._computeOutputPortDepth(CausalityInterfaceForComposites.java:765)
	at ptolemy.actor.util.CausalityInterfaceForComposites._computeInputDepth(CausalityInterfaceForComposites.java:696)
	at ptolemy.actor.util.CausalityInterfaceForComposites._computeOutputPortDepth(CausalityInterfaceForComposites.java:765)
	at ptolemy.actor.util.CausalityInterfaceForComposites._computeInputDepth(CausalityInterfaceForComposites.java:696)
	at ptolemy.actor.util.CausalityInterfaceForComposites._computeActorDepth(CausalityInterfaceForComposites.java:532)
	at ptolemy.actor.util.CausalityInterfaceForComposites.checkForCycles(CausalityInterfaceForComposites.java:96)
	at ptolemy.domains.de.kernel.DEDirector.preinitialize(DEDirector.java:1337)
	at ptolemy.actor.CompositeActor.preinitialize(CompositeActor.java:1828)
	at ptolemy.actor.Manager.preinitializeAndResolveTypes(Manager.java:1040)
	at ptolemy.actor.Manager.initialize(Manager.java:710)
	at ptolemy.actor.Manager.execute(Manager.java:356)
	at ptolemy.actor.Manager.run(Manager.java:1263)
	at ptolemy.actor.Manager$PtolemyRunThread.run(Manager.java:1915)

    while executing
ptolemy.kernel.util.IllegalActionException: Found a zero delay loop containing .HierarchicalModel.A
  in .HierarchicalModel and .HierarchicalModel.A
    while executing
"java::new ptolemy.moml.MoMLSimpleApplication $file
"
    (procedure "createAndExecute" line 2)
    invoked from within
"createAndExecute $file"
    ("uplevel" body line 5)
    invoked from within
"uplevel $contents_of_test"
------------------ testing $PTII/ptolemy/domains/de/test/auto/knownFailedTests/DirectFeedback.xml (Known Failure) 
17 ms. Memory: 146944K Free: 142577K (97%)


==== $PTIIhome/travis/build/icyphy/ptII/ptolemy/domains/de/test/../../../../: Auto Automatic test in file $PTII/ptolemy/domains/de/test/auto/knownFailedTests/DirectFeedback.xml
==== Contents of test case:

	    # FIXME: we should use $relativeFilename here, but it
	    # might have backslashes under Windows, which causes no end
	    # of trouble.
	    createAndExecute $file
	    list {}
	
.... Test generated KNOWN error:
    while executing
ptolemy.kernel.util.IllegalActionException: Test fails in iteration 1.
Value was: 1.0. Should have been: 2.0
  in .DirectFeedback.Test
	at ptolemy.actor.lib.Test.fire(Test.java:268)
	at ptolemy.domains.de.kernel.DEDirector._fire(DEDirector.java:1948)
	at ptolemy.domains.de.kernel.DEDirector.fire(DEDirector.java:502)
	at ptolemy.actor.CompositeActor.fire(CompositeActor.java:455)
	at ptolemy.actor.Manager.iterate(Manager.java:851)
	at ptolemy.actor.Manager.execute(Manager.java:369)
	at ptolemy.actor.Manager.run(Manager.java:1263)
	at ptolemy.actor.Manager$PtolemyRunThread.run(Manager.java:1915)

    while executing
ptolemy.kernel.util.IllegalActionException: Test fails in iteration 1.
Value was: 1.0. Should have been: 2.0
  in .DirectFeedback.Test
    while executing
"java::new ptolemy.moml.MoMLSimpleApplication $file
"
    (procedure "createAndExecute" line 2)
    invoked from within
"createAndExecute $file"
    ("uplevel" body line 5)
    invoked from within
"uplevel $contents_of_test"
------------------ testing $PTII/ptolemy/domains/de/test/auto/ActorDepthCalculation_actorWithoutPorts.xml
auto.tcl: Setting watchdog for 200 seconds at Wed May 02 16:36:11 UTC 2018
5 ms. Memory: 146944K Free: 133616K (91%)
ptolemy.util.test.WatchDog.cancel(): canceling Wed May 02 16:36:11 UTC 2018
auto.tcl: Setting watchdog for 200 seconds at Wed May 02 16:36:11 UTC 2018
7 ms. Memory: 146944K Free: 132578K (90%)
ptolemy.util.test.WatchDog.cancel(): canceling Wed May 02 16:36:11 UTC 2018
------------------ testing $PTII/ptolemy/domains/de/test/auto/AssemblyLine.xml
auto.tcl: Setting watchdog for 200 seconds at Wed May 02 16:36:11 UTC 2018
35 ms. Memory: 208384K Free: 182852K (88%)
ptolemy.util.test.WatchDog.cancel(): canceling Wed May 02 16:36:11 UTC 2018
auto.tcl: Setting watchdog for 200 seconds at Wed May 02 16:36:11 UTC 2018
12 ms. Memory: 208384K Free: 182852K (88%)
ptolemy.util.test.WatchDog.cancel(): canceling Wed May 02 16:36:11 UTC 2018
------------------ testing $PTII/ptolemy/domains/de/test/auto/CQBug1.xml
auto.tcl: Setting watchdog for 200 seconds at Wed May 02 16:36:11 UTC 2018
3 ms. Memory: 208384K Free: 197721K (95%)
ptolemy.util.test.WatchDog.cancel(): canceling Wed May 02 16:36:11 UTC 2018
auto.tcl: Setting watchdog for 200 seconds at Wed May 02 16:36:11 UTC 2018
2 ms. Memory: 208384K Free: 197721K (95%)
ptolemy.util.test.WatchDog.cancel(): canceling Wed May 02 16:36:11 UTC 2018
------------------ testing $PTII/ptolemy/domains/de/test/auto/CancelFireAt.xml
auto.tcl: Setting watchdog for 200 seconds at Wed May 02 16:36:11 UTC 2018
4 ms. Memory: 208384K Free: 201440K (97%)
ptolemy.util.test.WatchDog.cancel(): canceling Wed May 02 16:36:11 UTC 2018
auto.tcl: Setting watchdog for 200 seconds at Wed May 02 16:36:11 UTC 2018
6 ms. Memory: 208384K Free: 199341K (96%)
ptolemy.util.test.WatchDog.cancel(): canceling Wed May 02 16:36:11 UTC 2018
------------------ testing $PTII/ptolemy/domains/de/test/auto/CausalityAndComposabilityAnalysis.xml
auto.tcl: Setting watchdog for 200 seconds at Wed May 02 16:36:12 UTC 2018
19 ms. Memory: 208384K Free: 196503K (94%)
ptolemy.util.test.WatchDog.cancel(): canceling Wed May 02 16:36:12 UTC 2018
auto.tcl: Setting watchdog for 200 seconds at Wed May 02 16:36:12 UTC 2018
6 ms. Memory: 208384K Free: 196503K (94%)
ptolemy.util.test.WatchDog.cancel(): canceling Wed May 02 16:36:12 UTC 2018
------------------ testing $PTII/ptolemy/domains/de/test/auto/CausalityInterface1.xml
auto.tcl: Setting watchdog for 200 seconds at Wed May 02 16:36:12 UTC 2018
29 ms. Memory: 208384K Free: 196440K (94%)
ptolemy.util.test.WatchDog.cancel(): canceling Wed May 02 16:36:12 UTC 2018
auto.tcl: Setting watchdog for 200 seconds at Wed May 02 16:36:12 UTC 2018
5 ms. Memory: 208384K Free: 196440K (94%)
ptolemy.util.test.WatchDog.cancel(): canceling Wed May 02 16:36:12 UTC 2018
------------------ testing $PTII/ptolemy/domains/de/test/auto/CausalityInterface15.xml
auto.tcl: Setting watchdog for 200 seconds at Wed May 02 16:36:12 UTC 2018
20 ms. Memory: 208384K Free: 196430K (94%)
ptolemy.util.test.WatchDog.cancel(): canceling Wed May 02 16:36:12 UTC 2018
auto.tcl: Setting watchdog for 200 seconds at Wed May 02 16:36:12 UTC 2018
4 ms. Memory: 208384K Free: 196430K (94%)
ptolemy.util.test.WatchDog.cancel(): canceling Wed May 02 16:36:12 UTC 2018
------------------ testing $PTII/ptolemy/domains/de/test/auto/CausalityInterface2.xml
auto.tcl: Setting watchdog for 200 seconds at Wed May 02 16:36:12 UTC 2018
4 ms. Memory: 208384K Free: 196414K (94%)
ptolemy.util.test.WatchDog.cancel(): canceling Wed May 02 16:36:12 UTC 2018
auto.tcl: Setting watchdog for 200 seconds at Wed May 02 16:36:12 UTC 2018
3 ms. Memory: 208384K Free: 196414K (94%)
ptolemy.util.test.WatchDog.cancel(): canceling Wed May 02 16:36:12 UTC 2018
------------------ testing $PTII/ptolemy/domains/de/test/auto/CausalityInterface3.xml
auto.tcl: Setting watchdog for 200 seconds at Wed May 02 16:36:12 UTC 2018
3 ms. Memory: 208384K Free: 196311K (94%)
ptolemy.util.test.WatchDog.cancel(): canceling Wed May 02 16:36:12 UTC 2018
auto.tcl: Setting watchdog for 200 seconds at Wed May 02 16:36:12 UTC 2018
9 ms. Memory: 208384K Free: 196311K (94%)
ptolemy.util.test.WatchDog.cancel(): canceling Wed May 02 16:36:12 UTC 2018
------------------ testing $PTII/ptolemy/domains/de/test/auto/ClockDrift.xml
auto.tcl: Setting watchdog for 200 seconds at Wed May 02 16:36:12 UTC 2018
107 ms. Memory: 208384K Free: 187547K (90%)
ptolemy.util.test.WatchDog.cancel(): canceling Wed May 02 16:36:12 UTC 2018
auto.tcl: Setting watchdog for 200 seconds at Wed May 02 16:36:12 UTC 2018
73 ms. Memory: 208384K Free: 185448K (89%)
ptolemy.util.test.WatchDog.cancel(): canceling Wed May 02 16:36:12 UTC 2018
------------------ testing $PTII/ptolemy/domains/de/test/auto/ClockDriftAndValueChange.xml
auto.tcl: Setting watchdog for 200 seconds at Wed May 02 16:36:12 UTC 2018
30 ms. Memory: 208384K Free: 187381K (90%)
ptolemy.util.test.WatchDog.cancel(): canceling Wed May 02 16:36:12 UTC 2018
auto.tcl: Setting watchdog for 200 seconds at Wed May 02 16:36:12 UTC 2018
37 ms. Memory: 208384K Free: 185283K (89%)
ptolemy.util.test.WatchDog.cancel(): canceling Wed May 02 16:36:13 UTC 2018
------------------ testing $PTII/ptolemy/domains/de/test/auto/ClockDriftChange.xml
auto.tcl: Setting watchdog for 200 seconds at Wed May 02 16:36:13 UTC 2018
27 ms. Memory: 208384K Free: 190703K (92%)
ptolemy.util.test.WatchDog.cancel(): canceling Wed May 02 16:36:13 UTC 2018
auto.tcl: Setting watchdog for 200 seconds at Wed May 02 16:36:13 UTC 2018
49 ms. Memory: 208384K Free: 188605K (91%)
ptolemy.util.test.WatchDog.cancel(): canceling Wed May 02 16:36:13 UTC 2018
------------------ testing $PTII/ptolemy/domains/de/test/auto/ComposableCausalityAnalysis.xml
auto.tcl: Setting watchdog for 200 seconds at Wed May 02 16:36:13 UTC 2018
2 ms. Memory: 208384K Free: 196166K (94%)
ptolemy.util.test.WatchDog.cancel(): canceling Wed May 02 16:36:13 UTC 2018
auto.tcl: Setting watchdog for 200 seconds at Wed May 02 16:36:13 UTC 2018
1 ms. Memory: 208384K Free: 194067K (93%)
ptolemy.util.test.WatchDog.cancel(): canceling Wed May 02 16:36:13 UTC 2018
------------------ testing $PTII/ptolemy/domains/de/test/auto/DEFixedPointLimitation.xml
auto.tcl: Setting watchdog for 200 seconds at Wed May 02 16:36:13 UTC 2018
2 ms. Memory: 208384K Free: 196246K (94%)
ptolemy.util.test.WatchDog.cancel(): canceling Wed May 02 16:36:13 UTC 2018
auto.tcl: Setting watchdog for 200 seconds at Wed May 02 16:36:13 UTC 2018
1 ms. Memory: 208384K Free: 196246K (94%)
ptolemy.util.test.WatchDog.cancel(): canceling Wed May 02 16:36:13 UTC 2018
------------------ testing $PTII/ptolemy/domains/de/test/auto/DEScheduleTest.xml
auto.tcl: Setting watchdog for 200 seconds at Wed May 02 16:36:13 UTC 2018
4 ms. Memory: 208384K Free: 198380K (95%)
ptolemy.util.test.WatchDog.cancel(): canceling Wed May 02 16:36:13 UTC 2018
auto.tcl: Setting watchdog for 200 seconds at Wed May 02 16:36:13 UTC 2018
4 ms. Memory: 208384K Free: 196281K (94%)
ptolemy.util.test.WatchDog.cancel(): canceling Wed May 02 16:36:13 UTC 2018
------------------ testing $PTII/ptolemy/domains/de/test/auto/DEinDEwithStartTimes.xml
auto.tcl: Setting watchdog for 200 seconds at Wed May 02 16:36:13 UTC 2018
7 ms. Memory: 208384K Free: 196251K (94%)
ptolemy.util.test.WatchDog.cancel(): canceling Wed May 02 16:36:13 UTC 2018
auto.tcl: Setting watchdog for 200 seconds at Wed May 02 16:36:13 UTC 2018
5 ms. Memory: 208384K Free: 194153K (93%)
ptolemy.util.test.WatchDog.cancel(): canceling Wed May 02 16:36:13 UTC 2018
------------------ testing $PTII/ptolemy/domains/de/test/auto/DEinDEwithStartTimes2.xml
auto.tcl: Setting watchdog for 200 seconds at Wed May 02 16:36:13 UTC 2018
4 ms. Memory: 208384K Free: 196230K (94%)
ptolemy.util.test.WatchDog.cancel(): canceling Wed May 02 16:36:13 UTC 2018
auto.tcl: Setting watchdog for 200 seconds at Wed May 02 16:36:13 UTC 2018
5 ms. Memory: 208384K Free: 194132K (93%)
ptolemy.util.test.WatchDog.cancel(): canceling Wed May 02 16:36:13 UTC 2018
------------------ testing $PTII/ptolemy/domains/de/test/auto/DateDemo.xml
auto.tcl: Setting watchdog for 200 seconds at Wed May 02 16:36:13 UTC 2018
16 ms. Memory: 208384K Free: 188673K (91%)
ptolemy.util.test.WatchDog.cancel(): canceling Wed May 02 16:36:13 UTC 2018
auto.tcl: Setting watchdog for 200 seconds at Wed May 02 16:36:13 UTC 2018
8 ms. Memory: 208384K Free: 186575K (90%)
ptolemy.util.test.WatchDog.cancel(): canceling Wed May 02 16:36:13 UTC 2018
------------------ testing $PTII/ptolemy/domains/de/test/auto/DateToEvent.xml
auto.tcl: Setting watchdog for 200 seconds at Wed May 02 16:36:13 UTC 2018
2010 ms. Memory: 208384K Free: 183406K (88%)
ptolemy.util.test.WatchDog.cancel(): canceling Wed May 02 16:36:15 UTC 2018
auto.tcl: Setting watchdog for 200 seconds at Wed May 02 16:36:15 UTC 2018
2007 ms. Memory: 208384K Free: 180949K (87%)
ptolemy.util.test.WatchDog.cancel(): canceling Wed May 02 16:36:17 UTC 2018
------------------ testing $PTII/ptolemy/domains/de/test/auto/DepthTest1.xml
auto.tcl: Setting watchdog for 200 seconds at Wed May 02 16:36:17 UTC 2018
2 ms. Memory: 208384K Free: 198246K (95%)
ptolemy.util.test.WatchDog.cancel(): canceling Wed May 02 16:36:17 UTC 2018
auto.tcl: Setting watchdog for 200 seconds at Wed May 02 16:36:17 UTC 2018
5 ms. Memory: 208384K Free: 198246K (95%)
ptolemy.util.test.WatchDog.cancel(): canceling Wed May 02 16:36:18 UTC 2018
------------------ testing $PTII/ptolemy/domains/de/test/auto/DepthTest2.xml
auto.tcl: Setting watchdog for 200 seconds at Wed May 02 16:36:18 UTC 2018
4 ms. Memory: 208384K Free: 194113K (93%)
ptolemy.util.test.WatchDog.cancel(): canceling Wed May 02 16:36:18 UTC 2018
auto.tcl: Setting watchdog for 200 seconds at Wed May 02 16:36:18 UTC 2018
5 ms. Memory: 208384K Free: 194113K (93%)
ptolemy.util.test.WatchDog.cancel(): canceling Wed May 02 16:36:18 UTC 2018
------------------ testing $PTII/ptolemy/domains/de/test/auto/DepthTest3.xml
auto.tcl: Setting watchdog for 200 seconds at Wed May 02 16:36:18 UTC 2018
2 ms. Memory: 208384K Free: 198244K (95%)
ptolemy.util.test.WatchDog.cancel(): canceling Wed May 02 16:36:18 UTC 2018
auto.tcl: Setting watchdog for 200 seconds at Wed May 02 16:36:18 UTC 2018
2 ms. Memory: 208384K Free: 198244K (95%)
ptolemy.util.test.WatchDog.cancel(): canceling Wed May 02 16:36:18 UTC 2018
------------------ testing $PTII/ptolemy/domains/de/test/auto/DepthTest4.xml
auto.tcl: Setting watchdog for 200 seconds at Wed May 02 16:36:18 UTC 2018
8 ms. Memory: 208384K Free: 196232K (94%)
ptolemy.util.test.WatchDog.cancel(): canceling Wed May 02 16:36:18 UTC 2018
auto.tcl: Setting watchdog for 200 seconds at Wed May 02 16:36:18 UTC 2018
2 ms. Memory: 208384K Free: 196232K (94%)
ptolemy.util.test.WatchDog.cancel(): canceling Wed May 02 16:36:18 UTC 2018
------------------ testing $PTII/ptolemy/domains/de/test/auto/DepthTest5.xml
auto.tcl: Setting watchdog for 200 seconds at Wed May 02 16:36:18 UTC 2018
7 ms. Memory: 208384K Free: 196179K (94%)
ptolemy.util.test.WatchDog.cancel(): canceling Wed May 02 16:36:18 UTC 2018
auto.tcl: Setting watchdog for 200 seconds at Wed May 02 16:36:18 UTC 2018
3 ms. Memory: 208384K Free: 196179K (94%)
ptolemy.util.test.WatchDog.cancel(): canceling Wed May 02 16:36:18 UTC 2018
------------------ testing $PTII/ptolemy/domains/de/test/auto/DepthTest6.xml
auto.tcl: Setting watchdog for 200 seconds at Wed May 02 16:36:18 UTC 2018
8 ms. Memory: 208384K Free: 196148K (94%)
ptolemy.util.test.WatchDog.cancel(): canceling Wed May 02 16:36:18 UTC 2018
auto.tcl: Setting watchdog for 200 seconds at Wed May 02 16:36:18 UTC 2018
1 ms. Memory: 208384K Free: 196148K (94%)
ptolemy.util.test.WatchDog.cancel(): canceling Wed May 02 16:36:18 UTC 2018
------------------ testing $PTII/ptolemy/domains/de/test/auto/DepthTest7.xml
auto.tcl: Setting watchdog for 200 seconds at Wed May 02 16:36:18 UTC 2018
2 ms. Memory: 208384K Free: 196136K (94%)
ptolemy.util.test.WatchDog.cancel(): canceling Wed May 02 16:36:18 UTC 2018
auto.tcl: Setting watchdog for 200 seconds at Wed May 02 16:36:18 UTC 2018
3 ms. Memory: 208384K Free: 196136K (94%)
ptolemy.util.test.WatchDog.cancel(): canceling Wed May 02 16:36:18 UTC 2018
------------------ testing $PTII/ptolemy/domains/de/test/auto/EventToDate.xml
auto.tcl: Setting watchdog for 200 seconds at Wed May 02 16:36:18 UTC 2018
3008 ms. Memory: 208384K Free: 185665K (89%)
ptolemy.util.test.WatchDog.cancel(): canceling Wed May 02 16:36:21 UTC 2018
auto.tcl: Setting watchdog for 200 seconds at Wed May 02 16:36:21 UTC 2018
3005 ms. Memory: 208384K Free: 185665K (89%)
ptolemy.util.test.WatchDog.cancel(): canceling Wed May 02 16:36:24 UTC 2018
------------------ testing $PTII/ptolemy/domains/de/test/auto/FSM1.xml
auto.tcl: Setting watchdog for 200 seconds at Wed May 02 16:36:24 UTC 2018
33 ms. Memory: 208384K Free: 187093K (90%)
ptolemy.util.test.WatchDog.cancel(): canceling Wed May 02 16:36:24 UTC 2018
auto.tcl: Setting watchdog for 200 seconds at Wed May 02 16:36:24 UTC 2018
25 ms. Memory: 208384K Free: 184995K (89%)
ptolemy.util.test.WatchDog.cancel(): canceling Wed May 02 16:36:24 UTC 2018
------------------ testing $PTII/ptolemy/domains/de/test/auto/FSM7.xml
auto.tcl: Setting watchdog for 200 seconds at Wed May 02 16:36:24 UTC 2018
29 ms. Memory: 208384K Free: 187295K (90%)
ptolemy.util.test.WatchDog.cancel(): canceling Wed May 02 16:36:24 UTC 2018
auto.tcl: Setting watchdog for 200 seconds at Wed May 02 16:36:24 UTC 2018
23 ms. Memory: 208384K Free: 185197K (89%)
ptolemy.util.test.WatchDog.cancel(): canceling Wed May 02 16:36:24 UTC 2018
------------------ testing $PTII/ptolemy/domains/de/test/auto/Inspection.xml
auto.tcl: Setting watchdog for 200 seconds at Wed May 02 16:36:24 UTC 2018
51 ms. Memory: 208384K Free: 188844K (91%)
ptolemy.util.test.WatchDog.cancel(): canceling Wed May 02 16:36:25 UTC 2018
auto.tcl: Setting watchdog for 200 seconds at Wed May 02 16:36:25 UTC 2018
41 ms. Memory: 208384K Free: 186408K (89%)
ptolemy.util.test.WatchDog.cancel(): canceling Wed May 02 16:36:25 UTC 2018
------------------ testing $PTII/ptolemy/domains/de/test/auto/Iteration.xml
auto.tcl: Setting watchdog for 200 seconds at Wed May 02 16:36:25 UTC 2018
11 ms. Memory: 208384K Free: 193841K (93%)
ptolemy.util.test.WatchDog.cancel(): canceling Wed May 02 16:36:25 UTC 2018
auto.tcl: Setting watchdog for 200 seconds at Wed May 02 16:36:25 UTC 2018
9 ms. Memory: 208384K Free: 193841K (93%)
ptolemy.util.test.WatchDog.cancel(): canceling Wed May 02 16:36:25 UTC 2018
------------------ testing $PTII/ptolemy/domains/de/test/auto/LineFault.xml
auto.tcl: Setting watchdog for 200 seconds at Wed May 02 16:36:25 UTC 2018
937 ms. Memory: 208384K Free: 196073K (94%)
ptolemy.util.test.WatchDog.cancel(): canceling Wed May 02 16:36:26 UTC 2018
auto.tcl: Setting watchdog for 200 seconds at Wed May 02 16:36:26 UTC 2018
836 ms. Memory: 208384K Free: 138783K (67%)
ptolemy.util.test.WatchDog.cancel(): canceling Wed May 02 16:36:27 UTC 2018
------------------ testing $PTII/ptolemy/domains/de/test/auto/MergeModel1Add.xml
auto.tcl: Setting watchdog for 200 seconds at Wed May 02 16:36:27 UTC 2018
28 ms. Memory: 331264K Free: 302629K (91%)
ptolemy.util.test.WatchDog.cancel(): canceling Wed May 02 16:36:27 UTC 2018
auto.tcl: Setting watchdog for 200 seconds at Wed May 02 16:36:27 UTC 2018
12 ms. Memory: 331264K Free: 298668K (90%)
ptolemy.util.test.WatchDog.cancel(): canceling Wed May 02 16:36:27 UTC 2018
------------------ testing $PTII/ptolemy/domains/de/test/auto/MergeModel2Add.xml
auto.tcl: Setting watchdog for 200 seconds at Wed May 02 16:36:27 UTC 2018
14 ms. Memory: 331264K Free: 303967K (92%)
ptolemy.util.test.WatchDog.cancel(): canceling Wed May 02 16:36:27 UTC 2018
auto.tcl: Setting watchdog for 200 seconds at Wed May 02 16:36:27 UTC 2018
14 ms. Memory: 331264K Free: 300006K (91%)
ptolemy.util.test.WatchDog.cancel(): canceling Wed May 02 16:36:27 UTC 2018
------------------ testing $PTII/ptolemy/domains/de/test/auto/MergeModel3Add.xml
auto.tcl: Setting watchdog for 200 seconds at Wed May 02 16:36:27 UTC 2018
11 ms. Memory: 331264K Free: 303978K (92%)
ptolemy.util.test.WatchDog.cancel(): canceling Wed May 02 16:36:27 UTC 2018
auto.tcl: Setting watchdog for 200 seconds at Wed May 02 16:36:27 UTC 2018
9 ms. Memory: 331264K Free: 300016K (91%)
ptolemy.util.test.WatchDog.cancel(): canceling Wed May 02 16:36:27 UTC 2018
------------------ testing $PTII/ptolemy/domains/de/test/auto/MergeWithoutDiscard.xml
auto.tcl: Setting watchdog for 200 seconds at Wed May 02 16:36:27 UTC 2018
3 ms. Memory: 331264K Free: 320105K (97%)
ptolemy.util.test.WatchDog.cancel(): canceling Wed May 02 16:36:27 UTC 2018
auto.tcl: Setting watchdog for 200 seconds at Wed May 02 16:36:27 UTC 2018
1 ms. Memory: 331264K Free: 316144K (95%)
ptolemy.util.test.WatchDog.cancel(): canceling Wed May 02 16:36:27 UTC 2018
------------------ testing $PTII/ptolemy/domains/de/test/auto/Modal1.xml
auto.tcl: Setting watchdog for 200 seconds at Wed May 02 16:36:27 UTC 2018
20 ms. Memory: 331264K Free: 309737K (94%)
ptolemy.util.test.WatchDog.cancel(): canceling Wed May 02 16:36:28 UTC 2018
auto.tcl: Setting watchdog for 200 seconds at Wed May 02 16:36:28 UTC 2018
14 ms. Memory: 331264K Free: 305776K (92%)
ptolemy.util.test.WatchDog.cancel(): canceling Wed May 02 16:36:28 UTC 2018
------------------ testing $PTII/ptolemy/domains/de/test/auto/Modal2.xml
auto.tcl: Setting watchdog for 200 seconds at Wed May 02 16:36:28 UTC 2018
17 ms. Memory: 331264K Free: 309611K (93%)
ptolemy.util.test.WatchDog.cancel(): canceling Wed May 02 16:36:28 UTC 2018
auto.tcl: Setting watchdog for 200 seconds at Wed May 02 16:36:28 UTC 2018
25 ms. Memory: 331264K Free: 305650K (92%)
ptolemy.util.test.WatchDog.cancel(): canceling Wed May 02 16:36:28 UTC 2018
------------------ testing $PTII/ptolemy/domains/de/test/auto/Modal3.xml
auto.tcl: Setting watchdog for 200 seconds at Wed May 02 16:36:28 UTC 2018
19 ms. Memory: 331264K Free: 309610K (93%)
ptolemy.util.test.WatchDog.cancel(): canceling Wed May 02 16:36:28 UTC 2018
auto.tcl: Setting watchdog for 200 seconds at Wed May 02 16:36:28 UTC 2018
16 ms. Memory: 331264K Free: 305649K (92%)
ptolemy.util.test.WatchDog.cancel(): canceling Wed May 02 16:36:28 UTC 2018
------------------ testing $PTII/ptolemy/domains/de/test/auto/Modal4.xml
auto.tcl: Setting watchdog for 200 seconds at Wed May 02 16:36:28 UTC 2018
30 ms. Memory: 331264K Free: 309623K (93%)
ptolemy.util.test.WatchDog.cancel(): canceling Wed May 02 16:36:28 UTC 2018
auto.tcl: Setting watchdog for 200 seconds at Wed May 02 16:36:28 UTC 2018
30 ms. Memory: 331264K Free: 305662K (92%)
ptolemy.util.test.WatchDog.cancel(): canceling Wed May 02 16:36:28 UTC 2018
------------------ testing $PTII/ptolemy/domains/de/test/auto/Modal5.xml
auto.tcl: Setting watchdog for 200 seconds at Wed May 02 16:36:28 UTC 2018
17 ms. Memory: 331264K Free: 309610K (93%)
ptolemy.util.test.WatchDog.cancel(): canceling Wed May 02 16:36:28 UTC 2018
auto.tcl: Setting watchdog for 200 seconds at Wed May 02 16:36:28 UTC 2018
17 ms. Memory: 331264K Free: 300734K (91%)
ptolemy.util.test.WatchDog.cancel(): canceling Wed May 02 16:36:28 UTC 2018
------------------ testing $PTII/ptolemy/domains/de/test/auto/Modal6.xml
auto.tcl: Setting watchdog for 200 seconds at Wed May 02 16:36:28 UTC 2018
17 ms. Memory: 331264K Free: 309607K (93%)
ptolemy.util.test.WatchDog.cancel(): canceling Wed May 02 16:36:28 UTC 2018
auto.tcl: Setting watchdog for 200 seconds at Wed May 02 16:36:28 UTC 2018
20 ms. Memory: 331264K Free: 305646K (92%)
ptolemy.util.test.WatchDog.cancel(): canceling Wed May 02 16:36:28 UTC 2018
------------------ testing $PTII/ptolemy/domains/de/test/auto/Modal7.xml
auto.tcl: Setting watchdog for 200 seconds at Wed May 02 16:36:28 UTC 2018
21 ms. Memory: 331264K Free: 309607K (93%)
ptolemy.util.test.WatchDog.cancel(): canceling Wed May 02 16:36:28 UTC 2018
auto.tcl: Setting watchdog for 200 seconds at Wed May 02 16:36:28 UTC 2018
13 ms. Memory: 331264K Free: 305646K (92%)
ptolemy.util.test.WatchDog.cancel(): canceling Wed May 02 16:36:28 UTC 2018
------------------ testing $PTII/ptolemy/domains/de/test/auto/ModalModel.xml
auto.tcl: Setting watchdog for 200 seconds at Wed May 02 16:36:28 UTC 2018
240 ms. Memory: 331264K Free: 246081K (74%)
ptolemy.util.test.WatchDog.cancel(): canceling Wed May 02 16:36:29 UTC 2018
auto.tcl: Setting watchdog for 200 seconds at Wed May 02 16:36:29 UTC 2018
240 ms. Memory: 331264K Free: 190625K (58%)
ptolemy.util.test.WatchDog.cancel(): canceling Wed May 02 16:36:29 UTC 2018
------------------ testing $PTII/ptolemy/domains/de/test/auto/ModalSource.xml
auto.tcl: Setting watchdog for 200 seconds at Wed May 02 16:36:29 UTC 2018
10 ms. Memory: 331264K Free: 316397K (96%)
ptolemy.util.test.WatchDog.cancel(): canceling Wed May 02 16:36:29 UTC 2018
auto.tcl: Setting watchdog for 200 seconds at Wed May 02 16:36:29 UTC 2018
5 ms. Memory: 331264K Free: 312871K (94%)
ptolemy.util.test.WatchDog.cancel(): canceling Wed May 02 16:36:29 UTC 2018
------------------ testing $PTII/ptolemy/domains/de/test/auto/NonInterruptibleTimerZeroDelay.xml
auto.tcl: Setting watchdog for 200 seconds at Wed May 02 16:36:29 UTC 2018
4 ms. Memory: 331264K Free: 320776K (97%)
ptolemy.util.test.WatchDog.cancel(): canceling Wed May 02 16:36:29 UTC 2018
auto.tcl: Setting watchdog for 200 seconds at Wed May 02 16:36:29 UTC 2018
2 ms. Memory: 331264K Free: 317234K (96%)
ptolemy.util.test.WatchDog.cancel(): canceling Wed May 02 16:36:29 UTC 2018
------------------ testing $PTII/ptolemy/domains/de/test/auto/OpenQueueingNetwork.xml
auto.tcl: Setting watchdog for 200 seconds at Wed May 02 16:36:29 UTC 2018
3666 ms. Memory: 317952K Free: 150111K (47%)
ptolemy.util.test.WatchDog.cancel(): canceling Wed May 02 16:36:33 UTC 2018
auto.tcl: Setting watchdog for 200 seconds at Wed May 02 16:36:33 UTC 2018
2571 ms. Memory: 287232K Free: 239741K (83%)
ptolemy.util.test.WatchDog.cancel(): canceling Wed May 02 16:36:36 UTC 2018
------------------ testing $PTII/ptolemy/domains/de/test/auto/OpenQueuingNetwork.xml
auto.tcl: Setting watchdog for 200 seconds at Wed May 02 16:36:36 UTC 2018
283 ms. Memory: 287232K Free: 187581K (65%)
ptolemy.util.test.WatchDog.cancel(): canceling Wed May 02 16:36:36 UTC 2018
auto.tcl: Setting watchdog for 200 seconds at Wed May 02 16:36:36 UTC 2018
271 ms. Memory: 287232K Free: 127471K (44%)
ptolemy.util.test.WatchDog.cancel(): canceling Wed May 02 16:36:36 UTC 2018
------------------ testing $PTII/ptolemy/domains/de/test/auto/PeriodicSampler.xml
auto.tcl: Setting watchdog for 200 seconds at Wed May 02 16:36:36 UTC 2018
2 ms. Memory: 289792K Free: 274768K (95%)
ptolemy.util.test.WatchDog.cancel(): canceling Wed May 02 16:36:36 UTC 2018
auto.tcl: Setting watchdog for 200 seconds at Wed May 02 16:36:36 UTC 2018
2 ms. Memory: 289792K Free: 274768K (95%)
ptolemy.util.test.WatchDog.cancel(): canceling Wed May 02 16:36:36 UTC 2018
------------------ testing $PTII/ptolemy/domains/de/test/auto/PersistentIO.xml
auto.tcl: Setting watchdog for 200 seconds at Wed May 02 16:36:36 UTC 2018
13 ms. Memory: 287232K Free: 267017K (93%)
ptolemy.util.test.WatchDog.cancel(): canceling Wed May 02 16:36:36 UTC 2018
auto.tcl: Setting watchdog for 200 seconds at Wed May 02 16:36:36 UTC 2018
5 ms. Memory: 287232K Free: 267017K (93%)
ptolemy.util.test.WatchDog.cancel(): canceling Wed May 02 16:36:36 UTC 2018
------------------ testing $PTII/ptolemy/domains/de/test/auto/PortParameterResetOnInitialize.xml
auto.tcl: Setting watchdog for 200 seconds at Wed May 02 16:36:36 UTC 2018
2 ms. Memory: 289280K Free: 274632K (95%)
ptolemy.util.test.WatchDog.cancel(): canceling Wed May 02 16:36:36 UTC 2018
auto.tcl: Setting watchdog for 200 seconds at Wed May 02 16:36:36 UTC 2018
1 ms. Memory: 289280K Free: 274632K (95%)
ptolemy.util.test.WatchDog.cancel(): canceling Wed May 02 16:36:36 UTC 2018
------------------ testing $PTII/ptolemy/domains/de/test/auto/PortParameterUpdates.xml
auto.tcl: Setting watchdog for 200 seconds at Wed May 02 16:36:36 UTC 2018
4 ms. Memory: 287232K Free: 272710K (95%)
ptolemy.util.test.WatchDog.cancel(): canceling Wed May 02 16:36:37 UTC 2018
auto.tcl: Setting watchdog for 200 seconds at Wed May 02 16:36:37 UTC 2018
6 ms. Memory: 287232K Free: 269806K (94%)
ptolemy.util.test.WatchDog.cancel(): canceling Wed May 02 16:36:37 UTC 2018
------------------ testing $PTII/ptolemy/domains/de/test/auto/QueueAndServer.xml
auto.tcl: Setting watchdog for 200 seconds at Wed May 02 16:36:37 UTC 2018
8 ms. Memory: 289280K Free: 273867K (95%)
ptolemy.util.test.WatchDog.cancel(): canceling Wed May 02 16:36:37 UTC 2018
auto.tcl: Setting watchdog for 200 seconds at Wed May 02 16:36:37 UTC 2018
7 ms. Memory: 289280K Free: 273867K (95%)
ptolemy.util.test.WatchDog.cancel(): canceling Wed May 02 16:36:37 UTC 2018
------------------ testing $PTII/ptolemy/domains/de/test/auto/Records.xml
auto.tcl: Setting watchdog for 200 seconds at Wed May 02 16:36:37 UTC 2018
5 ms. Memory: 287232K Free: 274665K (96%)
ptolemy.util.test.WatchDog.cancel(): canceling Wed May 02 16:36:37 UTC 2018
auto.tcl: Setting watchdog for 200 seconds at Wed May 02 16:36:37 UTC 2018
1 ms. Memory: 287232K Free: 274665K (96%)
ptolemy.util.test.WatchDog.cancel(): canceling Wed May 02 16:36:37 UTC 2018
------------------ testing $PTII/ptolemy/domains/de/test/auto/ResetTransitionWithStartTime1.xml
auto.tcl: Setting watchdog for 200 seconds at Wed May 02 16:36:37 UTC 2018
14 ms. Memory: 288768K Free: 273424K (95%)
ptolemy.util.test.WatchDog.cancel(): canceling Wed May 02 16:36:37 UTC 2018
auto.tcl: Setting watchdog for 200 seconds at Wed May 02 16:36:37 UTC 2018
11 ms. Memory: 288768K Free: 270435K (94%)
ptolemy.util.test.WatchDog.cancel(): canceling Wed May 02 16:36:37 UTC 2018
------------------ testing $PTII/ptolemy/domains/de/test/auto/ResetTransitionWithStartTime2.xml
auto.tcl: Setting watchdog for 200 seconds at Wed May 02 16:36:37 UTC 2018
8 ms. Memory: 287232K Free: 271886K (95%)
ptolemy.util.test.WatchDog.cancel(): canceling Wed May 02 16:36:37 UTC 2018
auto.tcl: Setting watchdog for 200 seconds at Wed May 02 16:36:37 UTC 2018
6 ms. Memory: 287232K Free: 268983K (94%)
ptolemy.util.test.WatchDog.cancel(): canceling Wed May 02 16:36:37 UTC 2018
------------------ testing $PTII/ptolemy/domains/de/test/auto/ResetTransitionWithStartTime3.xml
auto.tcl: Setting watchdog for 200 seconds at Wed May 02 16:36:37 UTC 2018
14 ms. Memory: 288768K Free: 273311K (95%)
ptolemy.util.test.WatchDog.cancel(): canceling Wed May 02 16:36:37 UTC 2018
auto.tcl: Setting watchdog for 200 seconds at Wed May 02 16:36:37 UTC 2018
6 ms. Memory: 288768K Free: 270423K (94%)
ptolemy.util.test.WatchDog.cancel(): canceling Wed May 02 16:36:37 UTC 2018
------------------ testing $PTII/ptolemy/domains/de/test/auto/ResetTransitionWithStartTime4.xml
auto.tcl: Setting watchdog for 200 seconds at Wed May 02 16:36:37 UTC 2018
4 ms. Memory: 287232K Free: 271789K (95%)
ptolemy.util.test.WatchDog.cancel(): canceling Wed May 02 16:36:37 UTC 2018
auto.tcl: Setting watchdog for 200 seconds at Wed May 02 16:36:37 UTC 2018
5 ms. Memory: 287232K Free: 271789K (95%)
ptolemy.util.test.WatchDog.cancel(): canceling Wed May 02 16:36:37 UTC 2018
------------------ testing $PTII/ptolemy/domains/de/test/auto/ResettableTimer1.xml
auto.tcl: Setting watchdog for 200 seconds at Wed May 02 16:36:37 UTC 2018
5 ms. Memory: 288768K Free: 276224K (96%)
ptolemy.util.test.WatchDog.cancel(): canceling Wed May 02 16:36:37 UTC 2018
auto.tcl: Setting watchdog for 200 seconds at Wed May 02 16:36:37 UTC 2018
2 ms. Memory: 288768K Free: 276224K (96%)
ptolemy.util.test.WatchDog.cancel(): canceling Wed May 02 16:36:37 UTC 2018
------------------ testing $PTII/ptolemy/domains/de/test/auto/ResettableTimer2.xml
auto.tcl: Setting watchdog for 200 seconds at Wed May 02 16:36:37 UTC 2018
2 ms. Memory: 287232K Free: 274830K (96%)
ptolemy.util.test.WatchDog.cancel(): canceling Wed May 02 16:36:37 UTC 2018
auto.tcl: Setting watchdog for 200 seconds at Wed May 02 16:36:37 UTC 2018
2 ms. Memory: 287232K Free: 274830K (96%)
ptolemy.util.test.WatchDog.cancel(): canceling Wed May 02 16:36:37 UTC 2018
------------------ testing $PTII/ptolemy/domains/de/test/auto/ResettableTimer3.xml
auto.tcl: Setting watchdog for 200 seconds at Wed May 02 16:36:37 UTC 2018
1 ms. Memory: 288256K Free: 275768K (96%)
ptolemy.util.test.WatchDog.cancel(): canceling Wed May 02 16:36:37 UTC 2018
auto.tcl: Setting watchdog for 200 seconds at Wed May 02 16:36:37 UTC 2018
2 ms. Memory: 288256K Free: 275768K (96%)
ptolemy.util.test.WatchDog.cancel(): canceling Wed May 02 16:36:37 UTC 2018
------------------ testing $PTII/ptolemy/domains/de/test/auto/ResettableTimer4.xml
auto.tcl: Setting watchdog for 200 seconds at Wed May 02 16:36:37 UTC 2018
1 ms. Memory: 287232K Free: 274851K (96%)
ptolemy.util.test.WatchDog.cancel(): canceling Wed May 02 16:36:37 UTC 2018
auto.tcl: Setting watchdog for 200 seconds at Wed May 02 16:36:37 UTC 2018
2 ms. Memory: 287232K Free: 274851K (96%)
ptolemy.util.test.WatchDog.cancel(): canceling Wed May 02 16:36:37 UTC 2018
------------------ testing $PTII/ptolemy/domains/de/test/auto/ResettableTimer5.xml
auto.tcl: Setting watchdog for 200 seconds at Wed May 02 16:36:37 UTC 2018
3 ms. Memory: 288256K Free: 273807K (95%)
ptolemy.util.test.WatchDog.cancel(): canceling Wed May 02 16:36:37 UTC 2018
auto.tcl: Setting watchdog for 200 seconds at Wed May 02 16:36:37 UTC 2018
2 ms. Memory: 288256K Free: 273807K (95%)
ptolemy.util.test.WatchDog.cancel(): canceling Wed May 02 16:36:37 UTC 2018
------------------ testing $PTII/ptolemy/domains/de/test/auto/ResettableTimer6.xml
auto.tcl: Setting watchdog for 200 seconds at Wed May 02 16:36:37 UTC 2018
2 ms. Memory: 287232K Free: 272638K (95%)
ptolemy.util.test.WatchDog.cancel(): canceling Wed May 02 16:36:37 UTC 2018
auto.tcl: Setting watchdog for 200 seconds at Wed May 02 16:36:37 UTC 2018
1 ms. Memory: 287232K Free: 272638K (95%)
ptolemy.util.test.WatchDog.cancel(): canceling Wed May 02 16:36:37 UTC 2018
------------------ testing $PTII/ptolemy/domains/de/test/auto/ServerZeroDelay.xml
auto.tcl: Setting watchdog for 200 seconds at Wed May 02 16:36:38 UTC 2018
4 ms. Memory: 288256K Free: 275805K (96%)
ptolemy.util.test.WatchDog.cancel(): canceling Wed May 02 16:36:38 UTC 2018
auto.tcl: Setting watchdog for 200 seconds at Wed May 02 16:36:38 UTC 2018
3 ms. Memory: 288256K Free: 275805K (96%)
ptolemy.util.test.WatchDog.cancel(): canceling Wed May 02 16:36:38 UTC 2018
------------------ testing $PTII/ptolemy/domains/de/test/auto/SmartSender.xml
auto.tcl: Setting watchdog for 200 seconds at Wed May 02 16:36:38 UTC 2018
3001 ms. Memory: 287232K Free: 272726K (95%)
ptolemy.util.test.WatchDog.cancel(): canceling Wed May 02 16:36:41 UTC 2018
auto.tcl: Setting watchdog for 200 seconds at Wed May 02 16:36:41 UTC 2018
3001 ms. Memory: 287232K Free: 272726K (95%)
ptolemy.util.test.WatchDog.cancel(): canceling Wed May 02 16:36:44 UTC 2018
------------------ testing $PTII/ptolemy/domains/de/test/auto/ThreadedComposite.xml
auto.tcl: Setting watchdog for 200 seconds at Wed May 02 16:36:44 UTC 2018
254 ms. Memory: 288256K Free: 252633K (88%)
ptolemy.util.test.WatchDog.cancel(): canceling Wed May 02 16:36:44 UTC 2018
auto.tcl: Setting watchdog for 200 seconds at Wed May 02 16:36:44 UTC 2018
262 ms. Memory: 288256K Free: 234508K (81%)
ptolemy.util.test.WatchDog.cancel(): canceling Wed May 02 16:36:44 UTC 2018
------------------ testing $PTII/ptolemy/domains/de/test/auto/Time.xml
auto.tcl: Setting watchdog for 200 seconds at Wed May 02 16:36:44 UTC 2018
627 ms. Memory: 287232K Free: 225002K (78%)
ptolemy.util.test.WatchDog.cancel(): canceling Wed May 02 16:36:45 UTC 2018
auto.tcl: Setting watchdog for 200 seconds at Wed May 02 16:36:45 UTC 2018
604 ms. Memory: 287232K Free: 173025K (60%)
ptolemy.util.test.WatchDog.cancel(): canceling Wed May 02 16:36:46 UTC 2018
------------------ testing $PTII/ptolemy/domains/de/test/auto/TimeDelayZeroDelay.xml
auto.tcl: Setting watchdog for 200 seconds at Wed May 02 16:36:46 UTC 2018
2 ms. Memory: 287744K Free: 275720K (96%)
ptolemy.util.test.WatchDog.cancel(): canceling Wed May 02 16:36:46 UTC 2018
auto.tcl: Setting watchdog for 200 seconds at Wed May 02 16:36:46 UTC 2018
2 ms. Memory: 287744K Free: 275720K (96%)
ptolemy.util.test.WatchDog.cancel(): canceling Wed May 02 16:36:46 UTC 2018
------------------ testing $PTII/ptolemy/domains/de/test/auto/TimerZeroDelay.xml
auto.tcl: Setting watchdog for 200 seconds at Wed May 02 16:36:46 UTC 2018
3 ms. Memory: 287232K Free: 275317K (96%)
ptolemy.util.test.WatchDog.cancel(): canceling Wed May 02 16:36:46 UTC 2018
auto.tcl: Setting watchdog for 200 seconds at Wed May 02 16:36:46 UTC 2018
2 ms. Memory: 287232K Free: 275317K (96%)
ptolemy.util.test.WatchDog.cancel(): canceling Wed May 02 16:36:46 UTC 2018
------------------ testing $PTII/ptolemy/domains/de/test/auto/TimingParadox.xml
auto.tcl: Setting watchdog for 200 seconds at Wed May 02 16:36:46 UTC 2018
439 ms. Memory: 287744K Free: 211550K (74%)
ptolemy.util.test.WatchDog.cancel(): canceling Wed May 02 16:36:46 UTC 2018
auto.tcl: Setting watchdog for 200 seconds at Wed May 02 16:36:46 UTC 2018
416 ms. Memory: 287744K Free: 177749K (62%)
ptolemy.util.test.WatchDog.cancel(): canceling Wed May 02 16:36:47 UTC 2018
------------------ testing $PTII/ptolemy/domains/de/test/auto/TransferInputs.xml
auto.tcl: Setting watchdog for 200 seconds at Wed May 02 16:36:47 UTC 2018
1 ms. Memory: 287744K Free: 274704K (95%)
ptolemy.util.test.WatchDog.cancel(): canceling Wed May 02 16:36:47 UTC 2018
auto.tcl: Setting watchdog for 200 seconds at Wed May 02 16:36:47 UTC 2018
2 ms. Memory: 287744K Free: 274704K (95%)
ptolemy.util.test.WatchDog.cancel(): canceling Wed May 02 16:36:47 UTC 2018
------------------ testing $PTII/ptolemy/domains/de/test/auto/TransferOutputs2.xml
auto.tcl: Setting watchdog for 200 seconds at Wed May 02 16:36:47 UTC 2018
11 ms. Memory: 287232K Free: 270620K (94%)
ptolemy.util.test.WatchDog.cancel(): canceling Wed May 02 16:36:47 UTC 2018
auto.tcl: Setting watchdog for 200 seconds at Wed May 02 16:36:47 UTC 2018
4 ms. Memory: 287232K Free: 267989K (93%)
ptolemy.util.test.WatchDog.cancel(): canceling Wed May 02 16:36:47 UTC 2018
------------------ testing $PTII/ptolemy/domains/de/test/auto/Trilateration.xml
auto.tcl: Setting watchdog for 200 seconds at Wed May 02 16:36:47 UTC 2018
15936 ms. Memory: 523264K Free: 209205K (40%)
ptolemy.util.test.WatchDog.cancel(): canceling Wed May 02 16:37:04 UTC 2018
auto.tcl: Setting watchdog for 200 seconds at Wed May 02 16:37:04 UTC 2018
12672 ms. Memory: 396800K Free: 182353K (46%)
ptolemy.util.test.WatchDog.cancel(): canceling Wed May 02 16:37:17 UTC 2018
------------------ testing $PTII/ptolemy/domains/de/test/auto/TwoSigmaDelta.xml
auto.tcl: Setting watchdog for 200 seconds at Wed May 02 16:37:17 UTC 2018
3250 ms. Memory: 399360K Free: 99478K (25%)
ptolemy.util.test.WatchDog.cancel(): canceling Wed May 02 16:37:20 UTC 2018
auto.tcl: Setting watchdog for 200 seconds at Wed May 02 16:37:20 UTC 2018
2288 ms. Memory: 382976K Free: 173256K (45%)
ptolemy.util.test.WatchDog.cancel(): canceling Wed May 02 16:37:23 UTC 2018
------------------ testing $PTII/ptolemy/domains/de/test/auto/VariableDelay.xml
auto.tcl: Setting watchdog for 200 seconds at Wed May 02 16:37:23 UTC 2018
2 ms. Memory: 385024K Free: 369040K (96%)
ptolemy.util.test.WatchDog.cancel(): canceling Wed May 02 16:37:23 UTC 2018
auto.tcl: Setting watchdog for 200 seconds at Wed May 02 16:37:23 UTC 2018
2 ms. Memory: 385024K Free: 369040K (96%)
ptolemy.util.test.WatchDog.cancel(): canceling Wed May 02 16:37:23 UTC 2018
------------------ testing $PTII/ptolemy/domains/de/test/auto/VariableDelay2.xml
auto.tcl: Setting watchdog for 200 seconds at Wed May 02 16:37:23 UTC 2018
2 ms. Memory: 382464K Free: 369900K (97%)
ptolemy.util.test.WatchDog.cancel(): canceling Wed May 02 16:37:23 UTC 2018
auto.tcl: Setting watchdog for 200 seconds at Wed May 02 16:37:23 UTC 2018
2 ms. Memory: 382464K Free: 369900K (97%)
ptolemy.util.test.WatchDog.cancel(): canceling Wed May 02 16:37:23 UTC 2018
------------------ testing $PTII/ptolemy/domains/de/test/auto/VariableDelayZeroDelay.xml
auto.tcl: Setting watchdog for 200 seconds at Wed May 02 16:37:23 UTC 2018
3 ms. Memory: 384512K Free: 368937K (96%)
ptolemy.util.test.WatchDog.cancel(): canceling Wed May 02 16:37:23 UTC 2018
auto.tcl: Setting watchdog for 200 seconds at Wed May 02 16:37:23 UTC 2018
2 ms. Memory: 384512K Free: 368937K (96%)
ptolemy.util.test.WatchDog.cancel(): canceling Wed May 02 16:37:23 UTC 2018
------------------ testing $PTII/ptolemy/domains/de/test/auto/VariableDelayZeroDelay2.xml
auto.tcl: Setting watchdog for 200 seconds at Wed May 02 16:37:23 UTC 2018
2 ms. Memory: 382464K Free: 366887K (96%)
ptolemy.util.test.WatchDog.cancel(): canceling Wed May 02 16:37:23 UTC 2018
auto.tcl: Setting watchdog for 200 seconds at Wed May 02 16:37:23 UTC 2018
2 ms. Memory: 382464K Free: 366887K (96%)
ptolemy.util.test.WatchDog.cancel(): canceling Wed May 02 16:37:23 UTC 2018
------------------ testing $PTII/ptolemy/domains/de/test/auto/deInCt.xml
auto.tcl: Setting watchdog for 200 seconds at Wed May 02 16:37:23 UTC 2018
0
1
1
1
0
0
0
1
1
1
0
0
0
0
1
1
1
1
1
1
0
0
0
0
1
1
1
1
0
0
1
1
0
0
0
0
16 ms. Memory: 384000K Free: 368420K (96%)
ptolemy.util.test.WatchDog.cancel(): canceling Wed May 02 16:37:23 UTC 2018
auto.tcl: Setting watchdog for 200 seconds at Wed May 02 16:37:23 UTC 2018
0
1
1
1
1
0
0
0
1
1
1
0
0
0
0
1
1
1
0
0
0
1
1
1
0
0
0
1
1
1
1
1
0
0
0
1
1
1
0
0
0
0
8 ms. Memory: 384000K Free: 363623K (95%)
ptolemy.util.test.WatchDog.cancel(): canceling Wed May 02 16:37:23 UTC 2018
------------------ testing $PTII/ptolemy/domains/de/test/auto/deInCt2.xml
auto.tcl: Setting watchdog for 200 seconds at Wed May 02 16:37:23 UTC 2018
0
1
1
1
0
0
1
1
1
0
0
1
1
1
0
0
1
1
1
0
0
1
1
1
0
0
1
1
1
0
0
1
1
1
0
0
1
1
1
0
0
0
15 ms. Memory: 382464K Free: 366879K (96%)
ptolemy.util.test.WatchDog.cancel(): canceling Wed May 02 16:37:23 UTC 2018
auto.tcl: Setting watchdog for 200 seconds at Wed May 02 16:37:23 UTC 2018
0
1
1
1
0
0
1
1
1
0
0
1
1
1
0
0
1
1
1
0
0
1
1
1
0
0
1
1
1
0
0
1
1
1
0
0
1
1
1
0
0
0
12 ms. Memory: 382464K Free: 362083K (95%)
ptolemy.util.test.WatchDog.cancel(): canceling Wed May 02 16:37:23 UTC 2018
------------------ testing $PTII/ptolemy/domains/de/test/auto/dynamicCausalityInterface1.xml
auto.tcl: Setting watchdog for 200 seconds at Wed May 02 16:37:23 UTC 2018
1 ms. Memory: 384000K Free: 363619K (95%)
ptolemy.util.test.WatchDog.cancel(): canceling Wed May 02 16:37:23 UTC 2018
auto.tcl: Setting watchdog for 200 seconds at Wed May 02 16:37:23 UTC 2018
1 ms. Memory: 384000K Free: 358838K (93%)
ptolemy.util.test.WatchDog.cancel(): canceling Wed May 02 16:37:23 UTC 2018
------------------ testing $PTII/ptolemy/domains/de/test/auto/fsm_de_test.xml
auto.tcl: Setting watchdog for 200 seconds at Wed May 02 16:37:23 UTC 2018
6 ms. Memory: 382464K Free: 361978K (95%)
ptolemy.util.test.WatchDog.cancel(): canceling Wed May 02 16:37:23 UTC 2018
auto.tcl: Setting watchdog for 200 seconds at Wed May 02 16:37:23 UTC 2018
5 ms. Memory: 382464K Free: 357198K (93%)
ptolemy.util.test.WatchDog.cancel(): canceling Wed May 02 16:37:23 UTC 2018
------------------ testing $PTII/ptolemy/domains/de/test/auto/functionDependencyReconstruction.xml
auto.tcl: Setting watchdog for 200 seconds at Wed May 02 16:37:23 UTC 2018
3 ms. Memory: 383488K Free: 353416K (92%)
ptolemy.util.test.WatchDog.cancel(): canceling Wed May 02 16:37:23 UTC 2018
auto.tcl: Setting watchdog for 200 seconds at Wed May 02 16:37:23 UTC 2018
3 ms. Memory: 383488K Free: 353416K (92%)
ptolemy.util.test.WatchDog.cancel(): canceling Wed May 02 16:37:23 UTC 2018
------------------ testing $PTII/ptolemy/domains/de/test/auto/multirate.xml
auto.tcl: Setting watchdog for 200 seconds at Wed May 02 16:37:24 UTC 2018
3 ms. Memory: 382464K Free: 361846K (95%)
ptolemy.util.test.WatchDog.cancel(): canceling Wed May 02 16:37:24 UTC 2018
auto.tcl: Setting watchdog for 200 seconds at Wed May 02 16:37:24 UTC 2018
4 ms. Memory: 382464K Free: 361846K (95%)
ptolemy.util.test.WatchDog.cancel(): canceling Wed May 02 16:37:24 UTC 2018
------------------ testing $PTII/ptolemy/domains/de/test/auto/multirate2.xml
auto.tcl: Setting watchdog for 200 seconds at Wed May 02 16:37:24 UTC 2018
3 ms. Memory: 383488K Free: 363073K (95%)
ptolemy.util.test.WatchDog.cancel(): canceling Wed May 02 16:37:24 UTC 2018
auto.tcl: Setting watchdog for 200 seconds at Wed May 02 16:37:24 UTC 2018
2 ms. Memory: 383488K Free: 363073K (95%)
ptolemy.util.test.WatchDog.cancel(): canceling Wed May 02 16:37:24 UTC 2018
------------------ testing $PTII/ptolemy/domains/de/test/auto/realtime.xml
auto.tcl: Setting watchdog for 200 seconds at Wed May 02 16:37:24 UTC 2018
10002 ms. Memory: 382464K Free: 366824K (96%)
ptolemy.util.test.WatchDog.cancel(): canceling Wed May 02 16:37:34 UTC 2018
auto.tcl: Setting watchdog for 200 seconds at Wed May 02 16:37:34 UTC 2018
10001 ms. Memory: 382464K Free: 366824K (96%)
ptolemy.util.test.WatchDog.cancel(): canceling Wed May 02 16:37:44 UTC 2018
------------------ testing $PTII/ptolemy/domains/de/test/auto/relationGroup.xml
auto.tcl: Setting watchdog for 200 seconds at Wed May 02 16:37:44 UTC 2018
2 ms. Memory: 383488K Free: 367874K (96%)
ptolemy.util.test.WatchDog.cancel(): canceling Wed May 02 16:37:44 UTC 2018
auto.tcl: Setting watchdog for 200 seconds at Wed May 02 16:37:44 UTC 2018
1 ms. Memory: 383488K Free: 367874K (96%)
ptolemy.util.test.WatchDog.cancel(): canceling Wed May 02 16:37:44 UTC 2018
------------------ testing $PTII/ptolemy/domains/de/test/auto/relationGroup2.xml
auto.tcl: Setting watchdog for 200 seconds at Wed May 02 16:37:44 UTC 2018
5 ms. Memory: 382464K Free: 369892K (97%)
ptolemy.util.test.WatchDog.cancel(): canceling Wed May 02 16:37:44 UTC 2018
auto.tcl: Setting watchdog for 200 seconds at Wed May 02 16:37:44 UTC 2018
1 ms. Memory: 382464K Free: 369892K (97%)
ptolemy.util.test.WatchDog.cancel(): canceling Wed May 02 16:37:44 UTC 2018
------------------ testing $PTII/ptolemy/domains/de/test/auto/sortWithOpaquePorts.xml
auto.tcl: Setting watchdog for 200 seconds at Wed May 02 16:37:44 UTC 2018
1 ms. Memory: 383488K Free: 367907K (96%)
ptolemy.util.test.WatchDog.cancel(): canceling Wed May 02 16:37:44 UTC 2018
auto.tcl: Setting watchdog for 200 seconds at Wed May 02 16:37:44 UTC 2018
2 ms. Memory: 383488K Free: 367907K (96%)
ptolemy.util.test.WatchDog.cancel(): canceling Wed May 02 16:37:44 UTC 2018
------------------ testing $PTII/ptolemy/domains/de/test/auto/transferInputsandOutputs.xml
auto.tcl: Setting watchdog for 200 seconds at Wed May 02 16:37:44 UTC 2018
3 ms. Memory: 382464K Free: 362073K (95%)
ptolemy.util.test.WatchDog.cancel(): canceling Wed May 02 16:37:44 UTC 2018
auto.tcl: Setting watchdog for 200 seconds at Wed May 02 16:37:44 UTC 2018
2 ms. Memory: 382464K Free: 362073K (95%)
ptolemy.util.test.WatchDog.cancel(): canceling Wed May 02 16:37:44 UTC 2018
------------------ testing $PTII/ptolemy/domains/de/test/auto/triggerType.xml
auto.tcl: Setting watchdog for 200 seconds at Wed May 02 16:37:44 UTC 2018
1 ms. Memory: 382976K Free: 367332K (96%)
ptolemy.util.test.WatchDog.cancel(): canceling Wed May 02 16:37:44 UTC 2018
auto.tcl: Setting watchdog for 200 seconds at Wed May 02 16:37:44 UTC 2018
1 ms. Memory: 382976K Free: 367332K (96%)
ptolemy.util.test.WatchDog.cancel(): canceling Wed May 02 16:37:44 UTC 2018
05/02/18 04:37:44
Failed: 0  Total Tests: 192  ((Passed: 187, Newly Passed: 1)  Known Failed: 5) /home/travis/build/icyphy/ptII/ptolemy/domains/de/test
05/02/18 04:37:44
Failed: 0  Total Tests: 192  ((Passed: 187, Newly Passed: 1)  Known Failed: 5) /home/travis/build/icyphy/ptII/ptolemy/domains/de/test
----------------- testing (KnownFailure) /home/travis/build/icyphy/ptII/ptolemy/domains/de/test/auto/knownFailedTests/DESDFClockTest.xml
2007 ms. Memory: 382464K Free: 354818K (93%)
Known Failure: java.lang.reflect.InvocationTargetException
----------------- testing (KnownFailure) /home/travis/build/icyphy/ptII/ptolemy/domains/de/test/auto/knownFailedTests/DirectFeedback.xml
1 ms. Memory: 382464K Free: 330733K (86%)
Known Failure: java.lang.reflect.InvocationTargetException
----------------- testing (KnownFailure) /home/travis/build/icyphy/ptII/ptolemy/domains/de/test/auto/knownFailedTests/FSMSource.xml
4 ms. Memory: 382464K Free: 306649K (80%)
----------------- testing (KnownFailure) /home/travis/build/icyphy/ptII/ptolemy/domains/de/test/auto/knownFailedTests/HierarchicalModel.xml
2 ms. Memory: 382464K Free: 282556K (74%)
Known Failure: java.lang.reflect.InvocationTargetException
----------------- testing (KnownFailure) /home/travis/build/icyphy/ptII/ptolemy/domains/de/test/auto/knownFailedTests/dependencyLoop.xml
2 ms. Memory: 382464K Free: 246413K (64%)
Known Failure: java.lang.reflect.InvocationTargetException
----------------- testing (KnownFailure) /home/travis/build/icyphy/ptII/ptolemy/domains/de/test/auto/knownFailedTests/dependencyLoop2.xml
1 ms. Memory: 382464K Free: 210286K (55%)
Known Failure: java.lang.reflect.InvocationTargetException
No auto/*.xml tests in /home/travis/build/icyphy/ptII/ptolemy/domains/de/test
AutoTests.java: About to close Vertx.
AutoTests.java: Vertx closed.
----------------- testing Wed May 02 16:37:46 UTC 2018 /home/travis/build/icyphy/ptII/ptolemy/domains/de/test/auto/ActorDepthCalculation_actorWithoutPorts.xml
----------------- Instantiating /home/travis/build/icyphy/ptII/ptolemy/domains/de/test/auto/ActorDepthCalculation_actorWithoutPorts.xml
1 ms. Memory: 382464K Free: 180180K (47%)
----------------- Invoking toplevel() on ptolemy.moml.MoMLSimpleApplication@2ab12d59
----------------- Done invoking toplevel() on ptolemy.moml.MoMLSimpleApplication@2ab12d59
reloadAllAccessors: .ActorDepthCalculation_actorWithoutPorts
----------------- testing Wed May 02 16:37:46 UTC 2018 /home/travis/build/icyphy/ptII/ptolemy/domains/de/test/auto/AssemblyLine.xml
----------------- Instantiating /home/travis/build/icyphy/ptII/ptolemy/domains/de/test/auto/AssemblyLine.xml
1 ms. Memory: 382464K Free: 162108K (42%)
----------------- Invoking toplevel() on ptolemy.moml.MoMLSimpleApplication@5922a0f6
----------------- Done invoking toplevel() on ptolemy.moml.MoMLSimpleApplication@5922a0f6
reloadAllAccessors: .AssemblyLine
----------------- testing Wed May 02 16:37:46 UTC 2018 /home/travis/build/icyphy/ptII/ptolemy/domains/de/test/auto/CQBug1.xml
----------------- Instantiating /home/travis/build/icyphy/ptII/ptolemy/domains/de/test/auto/CQBug1.xml
1 ms. Memory: 382464K Free: 150066K (39%)
----------------- Invoking toplevel() on ptolemy.moml.MoMLSimpleApplication@4df1d273
----------------- Done invoking toplevel() on ptolemy.moml.MoMLSimpleApplication@4df1d273
reloadAllAccessors: .CQBug1
----------------- testing Wed May 02 16:37:46 UTC 2018 /home/travis/build/icyphy/ptII/ptolemy/domains/de/test/auto/CancelFireAt.xml
----------------- Instantiating /home/travis/build/icyphy/ptII/ptolemy/domains/de/test/auto/CancelFireAt.xml
0 ms. Memory: 382464K Free: 138024K (36%)
----------------- Invoking toplevel() on ptolemy.moml.MoMLSimpleApplication@1c56426f
----------------- Done invoking toplevel() on ptolemy.moml.MoMLSimpleApplication@1c56426f
reloadAllAccessors: .CancelFireAt
----------------- testing Wed May 02 16:37:46 UTC 2018 /home/travis/build/icyphy/ptII/ptolemy/domains/de/test/auto/CausalityAndComposabilityAnalysis.xml
----------------- Instantiating /home/travis/build/icyphy/ptII/ptolemy/domains/de/test/auto/CausalityAndComposabilityAnalysis.xml
1 ms. Memory: 382464K Free: 125981K (33%)
----------------- Invoking toplevel() on ptolemy.moml.MoMLSimpleApplication@479ce5d5
----------------- Done invoking toplevel() on ptolemy.moml.MoMLSimpleApplication@479ce5d5
reloadAllAccessors: .CausalityAndComposabilityAnalysis
----------------- testing Wed May 02 16:37:46 UTC 2018 /home/travis/build/icyphy/ptII/ptolemy/domains/de/test/auto/CausalityInterface1.xml
----------------- Instantiating /home/travis/build/icyphy/ptII/ptolemy/domains/de/test/auto/CausalityInterface1.xml
3 ms. Memory: 382464K Free: 113939K (30%)
----------------- Invoking toplevel() on ptolemy.moml.MoMLSimpleApplication@3ee4f0fe
----------------- Done invoking toplevel() on ptolemy.moml.MoMLSimpleApplication@3ee4f0fe
reloadAllAccessors: .CausalityInterface1
----------------- testing Wed May 02 16:37:46 UTC 2018 /home/travis/build/icyphy/ptII/ptolemy/domains/de/test/auto/CausalityInterface15.xml
----------------- Instantiating /home/travis/build/icyphy/ptII/ptolemy/domains/de/test/auto/CausalityInterface15.xml
1 ms. Memory: 382464K Free: 101897K (27%)
----------------- Invoking toplevel() on ptolemy.moml.MoMLSimpleApplication@5a66c95
----------------- Done invoking toplevel() on ptolemy.moml.MoMLSimpleApplication@5a66c95
reloadAllAccessors: .CausalityInterface15
----------------- testing Wed May 02 16:37:46 UTC 2018 /home/travis/build/icyphy/ptII/ptolemy/domains/de/test/auto/CausalityInterface2.xml
----------------- Instantiating /home/travis/build/icyphy/ptII/ptolemy/domains/de/test/auto/CausalityInterface2.xml
1 ms. Memory: 382464K Free: 89854K (23%)
----------------- Invoking toplevel() on ptolemy.moml.MoMLSimpleApplication@4c8fc866
----------------- Done invoking toplevel() on ptolemy.moml.MoMLSimpleApplication@4c8fc866
reloadAllAccessors: .CausalityInterface2
----------------- testing Wed May 02 16:37:46 UTC 2018 /home/travis/build/icyphy/ptII/ptolemy/domains/de/test/auto/CausalityInterface3.xml
[...]
java.lang.RuntimeException: Execution failed
	at ptolemy.moml.MoMLSimpleApplication$UnloadThread.run(MoMLSimpleApplication.java:402)
Caused by: ptolemy.kernel.util.IllegalActionException: Test fails in iteration 1.
Value was: 1.0. Should have been: 2.0
  in .DirectFeedback.Test
	at ptolemy.actor.lib.Test.fire(Test.java:268)
	at ptolemy.domains.de.kernel.DEDirector._fire(DEDirector.java:1948)
	at ptolemy.domains.de.kernel.DEDirector.fire(DEDirector.java:502)
	at ptolemy.actor.CompositeActor.fire(CompositeActor.java:455)
	at ptolemy.actor.Manager.iterate(Manager.java:851)
	at ptolemy.actor.Manager.execute(Manager.java:369)
	at ptolemy.actor.Manager.run(Manager.java:1263)
	at ptolemy.actor.Manager$PtolemyRunThread.run(Manager.java:1915)
java.lang.RuntimeException: Execution failed
	at ptolemy.moml.MoMLSimpleApplication$UnloadThread.run(MoMLSimpleApplication.java:402)
Caused by: ptolemy.kernel.util.IllegalActionException: Actor is not ready to fire.  Perhaps UpSample.prefire() returned false? Try debugging the actor by selecting "Listen to Actor".  Also, for SDF check moml for tokenConsumptionRate on input.
  in .DESDFClockTest.Play Bell.Copy1:SDF Director and .DESDFClockTest.Play Bell.UpSample
	at ptolemy.actor.sched.StaticSchedulingDirector.fire(StaticSchedulingDirector.java:227)
	at ptolemy.domains.sdf.kernel.SDFDirector.fire(SDFDirector.java:500)
	at ptolemy.actor.CompositeActor.fire(CompositeActor.java:455)
	at ptolemy.domains.de.kernel.DEDirector._fire(DEDirector.java:1948)
	at ptolemy.domains.de.kernel.DEDirector.fire(DEDirector.java:502)
	at ptolemy.actor.CompositeActor.fire(CompositeActor.java:455)
	at ptolemy.actor.Manager.iterate(Manager.java:851)
	at ptolemy.actor.Manager.execute(Manager.java:369)
	at ptolemy.actor.Manager.run(Manager.java:1263)
	at ptolemy.actor.Manager$PtolemyRunThread.run(Manager.java:1915)
java.lang.reflect.InvocationTargetException
	at sun.reflect.NativeConstructorAccessorImpl.newInstance0(Native Method)
	at sun.reflect.NativeConstructorAccessorImpl.newInstance(NativeConstructorAccessorImpl.java:62)
	at sun.reflect.DelegatingConstructorAccessorImpl.newInstance(DelegatingConstructorAccessorImpl.java:45)
	at java.lang.reflect.Constructor.newInstance(Constructor.java:423)
	at ptolemy.util.test.junit.AutoKnownFailedTests.RunModel(AutoKnownFailedTests.java:107)
	at sun.reflect.NativeMethodAccessorImpl.invoke0(Native Method)
	at sun.reflect.NativeMethodAccessorImpl.invoke(NativeMethodAccessorImpl.java:62)
	at sun.reflect.DelegatingMethodAccessorImpl.invoke(DelegatingMethodAccessorImpl.java:43)
	at java.lang.reflect.Method.invoke(Method.java:498)
	at org.junit.runners.model.FrameworkMethod$1.runReflectiveCall(FrameworkMethod.java:44)
	at org.junit.internal.runners.model.ReflectiveCallable.run(ReflectiveCallable.java:15)
	at org.junit.runners.model.FrameworkMethod.invokeExplosively(FrameworkMethod.java:41)
	at junitparams.internal.InvokeParameterisedMethod.evaluate(InvokeParameterisedMethod.java:102)
	at org.junit.internal.runners.statements.FailOnTimeout$1.run(FailOnTimeout.java:28)
Caused by: ptolemy.kernel.util.IllegalActionException: Actor is not ready to fire.  Perhaps UpSample.prefire() returned false? Try debugging the actor by selecting "Listen to Actor".  Also, for SDF check moml for tokenConsumptionRate on input.
  in .DESDFClockTest.Play Bell.Copy1:SDF Director and .DESDFClockTest.Play Bell.UpSample
	at ptolemy.actor.sched.StaticSchedulingDirector.fire(StaticSchedulingDirector.java:227)
	at ptolemy.domains.sdf.kernel.SDFDirector.fire(SDFDirector.java:500)
	at ptolemy.actor.CompositeActor.fire(CompositeActor.java:455)
	at ptolemy.domains.de.kernel.DEDirector._fire(DEDirector.java:1948)
	at ptolemy.domains.de.kernel.DEDirector.fire(DEDirector.java:502)
	at ptolemy.actor.CompositeActor.fire(CompositeActor.java:455)
	at ptolemy.actor.Manager.iterate(Manager.java:851)
	at ptolemy.actor.Manager.execute(Manager.java:369)
	at ptolemy.actor.Manager.run(Manager.java:1263)
	at ptolemy.actor.Manager$PtolemyRunThread.run(Manager.java:1915)
java.lang.RuntimeException: Execution failed
	at ptolemy.moml.MoMLSimpleApplication$UnloadThread.run(MoMLSimpleApplication.java:402)
Caused by: ptolemy.kernel.util.IllegalActionException: Test fails in iteration 1.
Value was: 1.0. Should have been: 2.0
  in .DirectFeedback.Test
	at ptolemy.actor.lib.Test.fire(Test.java:268)
	at ptolemy.domains.de.kernel.DEDirector._fire(DEDirector.java:1948)
	at ptolemy.domains.de.kernel.DEDirector.fire(DEDirector.java:502)
	at ptolemy.actor.CompositeActor.fire(CompositeActor.java:455)
	at ptolemy.actor.Manager.iterate(Manager.java:851)
	at ptolemy.actor.Manager.execute(Manager.java:369)
	at ptolemy.actor.Manager.run(Manager.java:1263)
	at ptolemy.actor.Manager$PtolemyRunThread.run(Manager.java:1915)
java.lang.reflect.InvocationTargetException
	at sun.reflect.NativeConstructorAccessorImpl.newInstance0(Native Method)
	at sun.reflect.NativeConstructorAccessorImpl.newInstance(NativeConstructorAccessorImpl.java:62)
	at sun.reflect.DelegatingConstructorAccessorImpl.newInstance(DelegatingConstructorAccessorImpl.java:45)
	at java.lang.reflect.Constructor.newInstance(Constructor.java:423)
	at ptolemy.util.test.junit.AutoKnownFailedTests.RunModel(AutoKnownFailedTests.java:107)
	at sun.reflect.NativeMethodAccessorImpl.invoke0(Native Method)
	at sun.reflect.NativeMethodAccessorImpl.invoke(NativeMethodAccessorImpl.java:62)
	at sun.reflect.DelegatingMethodAccessorImpl.invoke(DelegatingMethodAccessorImpl.java:43)
	at java.lang.reflect.Method.invoke(Method.java:498)
	at org.junit.runners.model.FrameworkMethod$1.runReflectiveCall(FrameworkMethod.java:44)
	at org.junit.internal.runners.model.ReflectiveCallable.run(ReflectiveCallable.java:15)
	at org.junit.runners.model.FrameworkMethod.invokeExplosively(FrameworkMethod.java:41)
	at junitparams.internal.InvokeParameterisedMethod.evaluate(InvokeParameterisedMethod.java:102)
	at org.junit.internal.runners.statements.FailOnTimeout$1.run(FailOnTimeout.java:28)
Caused by: ptolemy.kernel.util.IllegalActionException: Test fails in iteration 1.
Value was: 1.0. Should have been: 2.0
  in .DirectFeedback.Test
	at ptolemy.actor.lib.Test.fire(Test.java:268)
	at ptolemy.domains.de.kernel.DEDirector._fire(DEDirector.java:1948)
	at ptolemy.domains.de.kernel.DEDirector.fire(DEDirector.java:502)
	at ptolemy.actor.CompositeActor.fire(CompositeActor.java:455)
	at ptolemy.actor.Manager.iterate(Manager.java:851)
	at ptolemy.actor.Manager.execute(Manager.java:369)
	at ptolemy.actor.Manager.run(Manager.java:1263)
	at ptolemy.actor.Manager$PtolemyRunThread.run(Manager.java:1915)
java.lang.RuntimeException: Execution failed
	at ptolemy.moml.MoMLSimpleApplication$UnloadThread.run(MoMLSimpleApplication.java:402)
Caused by: ptolemy.kernel.util.IllegalActionException: Found a zero delay loop containing .HierarchicalModel.A
  in .HierarchicalModel and .HierarchicalModel.A
	at ptolemy.actor.util.CausalityInterfaceForComposites._computeOutputPortDepth(CausalityInterfaceForComposites.java:759)
	at ptolemy.actor.util.CausalityInterfaceForComposites._computeInputDepth(CausalityInterfaceForComposites.java:696)
	at ptolemy.actor.util.CausalityInterfaceForComposites._computeOutputPortDepth(CausalityInterfaceForComposites.java:765)
	at ptolemy.actor.util.CausalityInterfaceForComposites._computeInputDepth(CausalityInterfaceForComposites.java:696)
	at ptolemy.actor.util.CausalityInterfaceForComposites._computeOutputPortDepth(CausalityInterfaceForComposites.java:765)
	at ptolemy.actor.util.CausalityInterfaceForComposites._computeInputDepth(CausalityInterfaceForComposites.java:696)
	at ptolemy.actor.util.CausalityInterfaceForComposites._computeActorDepth(CausalityInterfaceForComposites.java:532)
	at ptolemy.actor.util.CausalityInterfaceForComposites.checkForCycles(CausalityInterfaceForComposites.java:96)
	at ptolemy.domains.de.kernel.DEDirector.preinitialize(DEDirector.java:1337)
	at ptolemy.actor.CompositeActor.preinitialize(CompositeActor.java:1828)
	at ptolemy.actor.Manager.preinitializeAndResolveTypes(Manager.java:1040)
	at ptolemy.actor.Manager.initialize(Manager.java:710)
	at ptolemy.actor.Manager.execute(Manager.java:356)
	at ptolemy.actor.Manager.run(Manager.java:1263)
	at ptolemy.actor.Manager$PtolemyRunThread.run(Manager.java:1915)
java.lang.reflect.InvocationTargetException
	at sun.reflect.NativeConstructorAccessorImpl.newInstance0(Native Method)
	at sun.reflect.NativeConstructorAccessorImpl.newInstance(NativeConstructorAccessorImpl.java:62)
	at sun.reflect.DelegatingConstructorAccessorImpl.newInstance(DelegatingConstructorAccessorImpl.java:45)
	at java.lang.reflect.Constructor.newInstance(Constructor.java:423)
	at ptolemy.util.test.junit.AutoKnownFailedTests.RunModel(AutoKnownFailedTests.java:107)
	at sun.reflect.NativeMethodAccessorImpl.invoke0(Native Method)
	at sun.reflect.NativeMethodAccessorImpl.invoke(NativeMethodAccessorImpl.java:62)
	at sun.reflect.DelegatingMethodAccessorImpl.invoke(DelegatingMethodAccessorImpl.java:43)
	at java.lang.reflect.Method.invoke(Method.java:498)
	at org.junit.runners.model.FrameworkMethod$1.runReflectiveCall(FrameworkMethod.java:44)
	at org.junit.internal.runners.model.ReflectiveCallable.run(ReflectiveCallable.java:15)
	at org.junit.runners.model.FrameworkMethod.invokeExplosively(FrameworkMethod.java:41)
	at junitparams.internal.InvokeParameterisedMethod.evaluate(InvokeParameterisedMethod.java:102)
	at org.junit.internal.runners.statements.FailOnTimeout$1.run(FailOnTimeout.java:28)
Caused by: ptolemy.kernel.util.IllegalActionException: Found a zero delay loop containing .HierarchicalModel.A
  in .HierarchicalModel and .HierarchicalModel.A
	at ptolemy.actor.util.CausalityInterfaceForComposites._computeOutputPortDepth(CausalityInterfaceForComposites.java:759)
	at ptolemy.actor.util.CausalityInterfaceForComposites._computeInputDepth(CausalityInterfaceForComposites.java:696)
	at ptolemy.actor.util.CausalityInterfaceForComposites._computeOutputPortDepth(CausalityInterfaceForComposites.java:765)
	at ptolemy.actor.util.CausalityInterfaceForComposites._computeInputDepth(CausalityInterfaceForComposites.java:696)
	at ptolemy.actor.util.CausalityInterfaceForComposites._computeOutputPortDepth(CausalityInterfaceForComposites.java:765)
	at ptolemy.actor.util.CausalityInterfaceForComposites._computeInputDepth(CausalityInterfaceForComposites.java:696)
	at ptolemy.actor.util.CausalityInterfaceForComposites._computeActorDepth(CausalityInterfaceForComposites.java:532)
	at ptolemy.actor.util.CausalityInterfaceForComposites.checkForCycles(CausalityInterfaceForComposites.java:96)
	at ptolemy.domains.de.kernel.DEDirector.preinitialize(DEDirector.java:1337)
	at ptolemy.actor.CompositeActor.preinitialize(CompositeActor.java:1828)
	at ptolemy.actor.Manager.preinitializeAndResolveTypes(Manager.java:1040)
	at ptolemy.actor.Manager.initialize(Manager.java:710)
	at ptolemy.actor.Manager.execute(Manager.java:356)
	at ptolemy.actor.Manager.run(Manager.java:1263)
	at ptolemy.actor.Manager$PtolemyRunThread.run(Manager.java:1915)
java.lang.RuntimeException: Execution failed
	at ptolemy.moml.MoMLSimpleApplication$UnloadThread.run(MoMLSimpleApplication.java:402)
Caused by: ptolemy.kernel.util.IllegalActionException: Found a zero delay loop containing .dependencyLoop.original
  in .dependencyLoop and .dependencyLoop.original
	at ptolemy.actor.util.CausalityInterfaceForComposites._computeOutputPortDepth(CausalityInterfaceForComposites.java:759)
	at ptolemy.actor.util.CausalityInterfaceForComposites._computeInputDepth(CausalityInterfaceForComposites.java:696)
	at ptolemy.actor.util.CausalityInterfaceForComposites._computeOutputPortDepth(CausalityInterfaceForComposites.java:765)
	at ptolemy.actor.util.CausalityInterfaceForComposites._computeInputDepth(CausalityInterfaceForComposites.java:696)
	at ptolemy.actor.util.CausalityInterfaceForComposites._computeOutputPortDepth(CausalityInterfaceForComposites.java:765)
	at ptolemy.actor.util.CausalityInterfaceForComposites._computeInputDepth(CausalityInterfaceForComposites.java:696)
	at ptolemy.actor.util.CausalityInterfaceForComposites._computeActorDepth(CausalityInterfaceForComposites.java:532)
	at ptolemy.actor.util.CausalityInterfaceForComposites.checkForCycles(CausalityInterfaceForComposites.java:96)
	at ptolemy.domains.de.kernel.DEDirector.preinitialize(DEDirector.java:1337)
	at ptolemy.actor.CompositeActor.preinitialize(CompositeActor.java:1828)
	at ptolemy.actor.Manager.preinitializeAndResolveTypes(Manager.java:1040)
	at ptolemy.actor.Manager.initialize(Manager.java:710)
	at ptolemy.actor.Manager.execute(Manager.java:356)
	at ptolemy.actor.Manager.run(Manager.java:1263)
	at ptolemy.actor.Manager$PtolemyRunThread.run(Manager.java:1915)
java.lang.reflect.InvocationTargetException
	at sun.reflect.NativeConstructorAccessorImpl.newInstance0(Native Method)
	at sun.reflect.NativeConstructorAccessorImpl.newInstance(NativeConstructorAccessorImpl.java:62)
	at sun.reflect.DelegatingConstructorAccessorImpl.newInstance(DelegatingConstructorAccessorImpl.java:45)
	at java.lang.reflect.Constructor.newInstance(Constructor.java:423)
	at ptolemy.util.test.junit.AutoKnownFailedTests.RunModel(AutoKnownFailedTests.java:107)
	at sun.reflect.NativeMethodAccessorImpl.invoke0(Native Method)
	at sun.reflect.NativeMethodAccessorImpl.invoke(NativeMethodAccessorImpl.java:62)
	at sun.reflect.DelegatingMethodAccessorImpl.invoke(DelegatingMethodAccessorImpl.java:43)
	at java.lang.reflect.Method.invoke(Method.java:498)
	at org.junit.runners.model.FrameworkMethod$1.runReflectiveCall(FrameworkMethod.java:44)
	at org.junit.internal.runners.model.ReflectiveCallable.run(ReflectiveCallable.java:15)
	at org.junit.runners.model.FrameworkMethod.invokeExplosively(FrameworkMethod.java:41)
	at junitparams.internal.InvokeParameterisedMethod.evaluate(InvokeParameterisedMethod.java:102)
	at org.junit.internal.runners.statements.FailOnTimeout$1.run(FailOnTimeout.java:28)
Caused by: ptolemy.kernel.util.IllegalActionException: Found a zero delay loop containing .dependencyLoop.original
  in .dependencyLoop and .dependencyLoop.original
	at ptolemy.actor.util.CausalityInterfaceForComposites._computeOutputPortDepth(CausalityInterfaceForComposites.java:759)
	at ptolemy.actor.util.CausalityInterfaceForComposites._computeInputDepth(CausalityInterfaceForComposites.java:696)
	at ptolemy.actor.util.CausalityInterfaceForComposites._computeOutputPortDepth(CausalityInterfaceForComposites.java:765)
	at ptolemy.actor.util.CausalityInterfaceForComposites._computeInputDepth(CausalityInterfaceForComposites.java:696)
	at ptolemy.actor.util.CausalityInterfaceForComposites._computeOutputPortDepth(CausalityInterfaceForComposites.java:765)
	at ptolemy.actor.util.CausalityInterfaceForComposites._computeInputDepth(CausalityInterfaceForComposites.java:696)
	at ptolemy.actor.util.CausalityInterfaceForComposites._computeActorDepth(CausalityInterfaceForComposites.java:532)
	at ptolemy.actor.util.CausalityInterfaceForComposites.checkForCycles(CausalityInterfaceForComposites.java:96)
	at ptolemy.domains.de.kernel.DEDirector.preinitialize(DEDirector.java:1337)
	at ptolemy.actor.CompositeActor.preinitialize(CompositeActor.java:1828)
	at ptolemy.actor.Manager.preinitializeAndResolveTypes(Manager.java:1040)
	at ptolemy.actor.Manager.initialize(Manager.java:710)
	at ptolemy.actor.Manager.execute(Manager.java:356)
	at ptolemy.actor.Manager.run(Manager.java:1263)
	at ptolemy.actor.Manager$PtolemyRunThread.run(Manager.java:1915)
java.lang.RuntimeException: Execution failed
	at ptolemy.moml.MoMLSimpleApplication$UnloadThread.run(MoMLSimpleApplication.java:402)
Caused by: ptolemy.kernel.util.IllegalActionException: Found a zero delay loop containing .dependencyLoop2.original
  in .dependencyLoop2 and .dependencyLoop2.original
	at ptolemy.actor.util.CausalityInterfaceForComposites._computeOutputPortDepth(CausalityInterfaceForComposites.java:759)
	at ptolemy.actor.util.CausalityInterfaceForComposites._computeInputDepth(CausalityInterfaceForComposites.java:696)
	at ptolemy.actor.util.CausalityInterfaceForComposites._computeOutputPortDepth(CausalityInterfaceForComposites.java:765)
	at ptolemy.actor.util.CausalityInterfaceForComposites._computeInputDepth(CausalityInterfaceForComposites.java:696)
	at ptolemy.actor.util.CausalityInterfaceForComposites._computeOutputPortDepth(CausalityInterfaceForComposites.java:765)
	at ptolemy.actor.util.CausalityInterfaceForComposites._computeInputDepth(CausalityInterfaceForComposites.java:696)
	at ptolemy.actor.util.CausalityInterfaceForComposites._computeActorDepth(CausalityInterfaceForComposites.java:532)
	at ptolemy.actor.util.CausalityInterfaceForComposites.checkForCycles(CausalityInterfaceForComposites.java:96)
	at ptolemy.domains.de.kernel.DEDirector.preinitialize(DEDirector.java:1337)
	at ptolemy.actor.CompositeActor.preinitialize(CompositeActor.java:1828)
	at ptolemy.actor.Manager.preinitializeAndResolveTypes(Manager.java:1040)
	at ptolemy.actor.Manager.initialize(Manager.java:710)
	at ptolemy.actor.Manager.execute(Manager.java:356)
	at ptolemy.actor.Manager.run(Manager.java:1263)
	at ptolemy.actor.Manager$PtolemyRunThread.run(Manager.java:1915)
java.lang.reflect.InvocationTargetException
	at sun.reflect.NativeConstructorAccessorImpl.newInstance0(Native Method)
	at sun.reflect.NativeConstructorAccessorImpl.newInstance(NativeConstructorAccessorImpl.java:62)
	at sun.reflect.DelegatingConstructorAccessorImpl.newInstance(DelegatingConstructorAccessorImpl.java:45)
	at java.lang.reflect.Constructor.newInstance(Constructor.java:423)
	at ptolemy.util.test.junit.AutoKnownFailedTests.RunModel(AutoKnownFailedTests.java:107)
	at sun.reflect.NativeMethodAccessorImpl.invoke0(Native Method)
	at sun.reflect.NativeMethodAccessorImpl.invoke(NativeMethodAccessorImpl.java:62)
	at sun.reflect.DelegatingMethodAccessorImpl.invoke(DelegatingMethodAccessorImpl.java:43)
	at java.lang.reflect.Method.invoke(Method.java:498)
	at org.junit.runners.model.FrameworkMethod$1.runReflectiveCall(FrameworkMethod.java:44)
	at org.junit.internal.runners.model.ReflectiveCallable.run(ReflectiveCallable.java:15)
	at org.junit.runners.model.FrameworkMethod.invokeExplosively(FrameworkMethod.java:41)
	at junitparams.internal.InvokeParameterisedMethod.evaluate(InvokeParameterisedMethod.java:102)
	at org.junit.internal.runners.statements.FailOnTimeout$1.run(FailOnTimeout.java:28)
Caused by: ptolemy.kernel.util.IllegalActionException: Found a zero delay loop containing .dependencyLoop2.original
  in .dependencyLoop2 and .dependencyLoop2.original
	at ptolemy.actor.util.CausalityInterfaceForComposites._computeOutputPortDepth(CausalityInterfaceForComposites.java:759)
	at ptolemy.actor.util.CausalityInterfaceForComposites._computeInputDepth(CausalityInterfaceForComposites.java:696)
	at ptolemy.actor.util.CausalityInterfaceForComposites._computeOutputPortDepth(CausalityInterfaceForComposites.java:765)
	at ptolemy.actor.util.CausalityInterfaceForComposites._computeInputDepth(CausalityInterfaceForComposites.java:696)
	at ptolemy.actor.util.CausalityInterfaceForComposites._computeOutputPortDepth(CausalityInterfaceForComposites.java:765)
	at ptolemy.actor.util.CausalityInterfaceForComposites._computeInputDepth(CausalityInterfaceForComposites.java:696)
	at ptolemy.actor.util.CausalityInterfaceForComposites._computeActorDepth(CausalityInterfaceForComposites.java:532)
	at ptolemy.actor.util.CausalityInterfaceForComposites.checkForCycles(CausalityInterfaceForComposites.java:96)
	at ptolemy.domains.de.kernel.DEDirector.preinitialize(DEDirector.java:1337)
	at ptolemy.actor.CompositeActor.preinitialize(CompositeActor.java:1828)
	at ptolemy.actor.Manager.preinitializeAndResolveTypes(Manager.java:1040)
	at ptolemy.actor.Manager.initialize(Manager.java:710)
	at ptolemy.actor.Manager.execute(Manager.java:356)
	at ptolemy.actor.Manager.run(Manager.java:1263)
	at ptolemy.actor.Manager$PtolemyRunThread.run(Manager.java:1915)
]]></system-err>
</testsuite>
