<?xml version="1.0" encoding="UTF-8" ?>
<testsuite errors="0" failures="0" hostname="travis-job-f3b6b3dc-db57-4d42-b150-9636eed1850d" name="ptolemy.domains.de.test.junit.JUnitTclTest" skipped="0" tests="101" time="132.814" timestamp="2018-05-05T00:59:11">
  <properties>
[...]
</properties>
  <testcase classname="ptolemy.util.test.junit.TclTests" name="[0] /home/travis/build/icyphy/ptII/ptolemy/domains/de/test/DependencyLoop.tcl (RunTclFile)" time="0.818" />
  <testcase classname="ptolemy.util.test.junit.TclTests" name="[1] /home/travis/build/icyphy/ptII/ptolemy/domains/de/test/RunDETestsAsQSS.tcl (RunTclFile)" time="90.655" />
  <testcase classname="ptolemy.util.test.junit.AutoKnownFailedTests" name="[0] /home/travis/build/icyphy/ptII/ptolemy/domains/de/test/auto/knownFailedTests/DESDFClockTest.xml (RunModel)" time="2.021" />
  <testcase classname="ptolemy.util.test.junit.AutoKnownFailedTests" name="[1] /home/travis/build/icyphy/ptII/ptolemy/domains/de/test/auto/knownFailedTests/DirectFeedback.xml (RunModel)" time="0.012" />
  <testcase classname="ptolemy.util.test.junit.AutoKnownFailedTests" name="[2] /home/travis/build/icyphy/ptII/ptolemy/domains/de/test/auto/knownFailedTests/FSMSource.xml (RunModel)" time="0.02" />
  <testcase classname="ptolemy.util.test.junit.AutoKnownFailedTests" name="[3] /home/travis/build/icyphy/ptII/ptolemy/domains/de/test/auto/knownFailedTests/HierarchicalModel.xml (RunModel)" time="0.029" />
  <testcase classname="ptolemy.util.test.junit.AutoKnownFailedTests" name="[4] /home/travis/build/icyphy/ptII/ptolemy/domains/de/test/auto/knownFailedTests/dependencyLoop.xml (RunModel)" time="0.027" />
  <testcase classname="ptolemy.util.test.junit.AutoKnownFailedTests" name="[5] /home/travis/build/icyphy/ptII/ptolemy/domains/de/test/auto/knownFailedTests/dependencyLoop2.xml (RunModel)" time="0.032" />
  <testcase classname="ptolemy.util.test.junit.AutoNameArchTests" name="[0] ThereAreNoAutoTests (RunModel)" time="0.004" />
  <testcase classname="ptolemy.util.test.junit.AutoTests" name="[0] /home/travis/build/icyphy/ptII/ptolemy/domains/de/test/auto/ActorDepthCalculation_actorWithoutPorts.xml (RunModel)" time="0.016" />
  <testcase classname="ptolemy.util.test.junit.AutoTests" name="[1] /home/travis/build/icyphy/ptII/ptolemy/domains/de/test/auto/AssemblyLine.xml (RunModel)" time="0.018" />
  <testcase classname="ptolemy.util.test.junit.AutoTests" name="[2] /home/travis/build/icyphy/ptII/ptolemy/domains/de/test/auto/CQBug1.xml (RunModel)" time="0.01" />
  <testcase classname="ptolemy.util.test.junit.AutoTests" name="[3] /home/travis/build/icyphy/ptII/ptolemy/domains/de/test/auto/CancelFireAt.xml (RunModel)" time="0.009" />
  <testcase classname="ptolemy.util.test.junit.AutoTests" name="[4] /home/travis/build/icyphy/ptII/ptolemy/domains/de/test/auto/CausalityAndComposabilityAnalysis.xml (RunModel)" time="0.007" />
  <testcase classname="ptolemy.util.test.junit.AutoTests" name="[5] /home/travis/build/icyphy/ptII/ptolemy/domains/de/test/auto/CausalityInterface1.xml (RunModel)" time="0.011" />
  <testcase classname="ptolemy.util.test.junit.AutoTests" name="[6] /home/travis/build/icyphy/ptII/ptolemy/domains/de/test/auto/CausalityInterface15.xml (RunModel)" time="0.009" />
  <testcase classname="ptolemy.util.test.junit.AutoTests" name="[7] /home/travis/build/icyphy/ptII/ptolemy/domains/de/test/auto/CausalityInterface2.xml (RunModel)" time="0.007" />
  <testcase classname="ptolemy.util.test.junit.AutoTests" name="[8] /home/travis/build/icyphy/ptII/ptolemy/domains/de/test/auto/CausalityInterface3.xml (RunModel)" time="0.007" />
  <testcase classname="ptolemy.util.test.junit.AutoTests" name="[9] /home/travis/build/icyphy/ptII/ptolemy/domains/de/test/auto/ClockDrift.xml (RunModel)" time="0.024" />
  <testcase classname="ptolemy.util.test.junit.AutoTests" name="[10] /home/travis/build/icyphy/ptII/ptolemy/domains/de/test/auto/ClockDriftAndValueChange.xml (RunModel)" time="0.021" />
  <testcase classname="ptolemy.util.test.junit.AutoTests" name="[11] /home/travis/build/icyphy/ptII/ptolemy/domains/de/test/auto/ClockDriftChange.xml (RunModel)" time="0.018" />
  <testcase classname="ptolemy.util.test.junit.AutoTests" name="[12] /home/travis/build/icyphy/ptII/ptolemy/domains/de/test/auto/ComposableCausalityAnalysis.xml (RunModel)" time="0.012" />
  <testcase classname="ptolemy.util.test.junit.AutoTests" name="[13] /home/travis/build/icyphy/ptII/ptolemy/domains/de/test/auto/DEFixedPointLimitation.xml (RunModel)" time="0.006" />
  <testcase classname="ptolemy.util.test.junit.AutoTests" name="[14] /home/travis/build/icyphy/ptII/ptolemy/domains/de/test/auto/DEScheduleTest.xml (RunModel)" time="0.006" />
  <testcase classname="ptolemy.util.test.junit.AutoTests" name="[15] /home/travis/build/icyphy/ptII/ptolemy/domains/de/test/auto/DEinDEwithStartTimes.xml (RunModel)" time="0.008" />
  <testcase classname="ptolemy.util.test.junit.AutoTests" name="[16] /home/travis/build/icyphy/ptII/ptolemy/domains/de/test/auto/DEinDEwithStartTimes2.xml (RunModel)" time="0.009" />
  <testcase classname="ptolemy.util.test.junit.AutoTests" name="[17] /home/travis/build/icyphy/ptII/ptolemy/domains/de/test/auto/DateDemo.xml (RunModel)" time="0.018" />
  <testcase classname="ptolemy.util.test.junit.AutoTests" name="[18] /home/travis/build/icyphy/ptII/ptolemy/domains/de/test/auto/DateToEvent.xml (RunModel)" time="2.025" />
  <testcase classname="ptolemy.util.test.junit.AutoTests" name="[19] /home/travis/build/icyphy/ptII/ptolemy/domains/de/test/auto/DepthTest1.xml (RunModel)" time="0.007" />
  <testcase classname="ptolemy.util.test.junit.AutoTests" name="[20] /home/travis/build/icyphy/ptII/ptolemy/domains/de/test/auto/DepthTest2.xml (RunModel)" time="0.017" />
  <testcase classname="ptolemy.util.test.junit.AutoTests" name="[21] /home/travis/build/icyphy/ptII/ptolemy/domains/de/test/auto/DepthTest3.xml (RunModel)" time="0.007" />
  <testcase classname="ptolemy.util.test.junit.AutoTests" name="[22] /home/travis/build/icyphy/ptII/ptolemy/domains/de/test/auto/DepthTest4.xml (RunModel)" time="0.012" />
  <testcase classname="ptolemy.util.test.junit.AutoTests" name="[23] /home/travis/build/icyphy/ptII/ptolemy/domains/de/test/auto/DepthTest5.xml (RunModel)" time="0.014" />
  <testcase classname="ptolemy.util.test.junit.AutoTests" name="[24] /home/travis/build/icyphy/ptII/ptolemy/domains/de/test/auto/DepthTest6.xml (RunModel)" time="0.013" />
  <testcase classname="ptolemy.util.test.junit.AutoTests" name="[25] /home/travis/build/icyphy/ptII/ptolemy/domains/de/test/auto/DepthTest7.xml (RunModel)" time="0.012" />
  <testcase classname="ptolemy.util.test.junit.AutoTests" name="[26] /home/travis/build/icyphy/ptII/ptolemy/domains/de/test/auto/EventToDate.xml (RunModel)" time="3.036" />
  <testcase classname="ptolemy.util.test.junit.AutoTests" name="[27] /home/travis/build/icyphy/ptII/ptolemy/domains/de/test/auto/FSM1.xml (RunModel)" time="0.033" />
  <testcase classname="ptolemy.util.test.junit.AutoTests" name="[28] /home/travis/build/icyphy/ptII/ptolemy/domains/de/test/auto/FSM7.xml (RunModel)" time="0.032" />
  <testcase classname="ptolemy.util.test.junit.AutoTests" name="[29] /home/travis/build/icyphy/ptII/ptolemy/domains/de/test/auto/Inspection.xml (RunModel)" time="0.04" />
  <testcase classname="ptolemy.util.test.junit.AutoTests" name="[30] /home/travis/build/icyphy/ptII/ptolemy/domains/de/test/auto/Iteration.xml (RunModel)" time="0.019" />
  <testcase classname="ptolemy.util.test.junit.AutoTests" name="[31] /home/travis/build/icyphy/ptII/ptolemy/domains/de/test/auto/LineFault.xml (RunModel)" time="0.585" />
  <testcase classname="ptolemy.util.test.junit.AutoTests" name="[32] /home/travis/build/icyphy/ptII/ptolemy/domains/de/test/auto/MergeModel1Add.xml (RunModel)" time="0.047" />
  <testcase classname="ptolemy.util.test.junit.AutoTests" name="[33] /home/travis/build/icyphy/ptII/ptolemy/domains/de/test/auto/MergeModel2Add.xml (RunModel)" time="0.04" />
  <testcase classname="ptolemy.util.test.junit.AutoTests" name="[34] /home/travis/build/icyphy/ptII/ptolemy/domains/de/test/auto/MergeModel3Add.xml (RunModel)" time="0.044" />
  <testcase classname="ptolemy.util.test.junit.AutoTests" name="[35] /home/travis/build/icyphy/ptII/ptolemy/domains/de/test/auto/MergeWithoutDiscard.xml (RunModel)" time="0.01" />
  <testcase classname="ptolemy.util.test.junit.AutoTests" name="[36] /home/travis/build/icyphy/ptII/ptolemy/domains/de/test/auto/Modal1.xml (RunModel)" time="0.034" />
  <testcase classname="ptolemy.util.test.junit.AutoTests" name="[37] /home/travis/build/icyphy/ptII/ptolemy/domains/de/test/auto/Modal2.xml (RunModel)" time="0.034" />
  <testcase classname="ptolemy.util.test.junit.AutoTests" name="[38] /home/travis/build/icyphy/ptII/ptolemy/domains/de/test/auto/Modal3.xml (RunModel)" time="0.033" />
  <testcase classname="ptolemy.util.test.junit.AutoTests" name="[39] /home/travis/build/icyphy/ptII/ptolemy/domains/de/test/auto/Modal4.xml (RunModel)" time="0.034" />
  <testcase classname="ptolemy.util.test.junit.AutoTests" name="[40] /home/travis/build/icyphy/ptII/ptolemy/domains/de/test/auto/Modal5.xml (RunModel)" time="0.033" />
  <testcase classname="ptolemy.util.test.junit.AutoTests" name="[41] /home/travis/build/icyphy/ptII/ptolemy/domains/de/test/auto/Modal6.xml (RunModel)" time="0.029" />
  <testcase classname="ptolemy.util.test.junit.AutoTests" name="[42] /home/travis/build/icyphy/ptII/ptolemy/domains/de/test/auto/Modal7.xml (RunModel)" time="0.035" />
  <testcase classname="ptolemy.util.test.junit.AutoTests" name="[43] /home/travis/build/icyphy/ptII/ptolemy/domains/de/test/auto/ModalModel.xml (RunModel)" time="0.164" />
  <testcase classname="ptolemy.util.test.junit.AutoTests" name="[44] /home/travis/build/icyphy/ptII/ptolemy/domains/de/test/auto/ModalSource.xml (RunModel)" time="0.018" />
  <testcase classname="ptolemy.util.test.junit.AutoTests" name="[45] /home/travis/build/icyphy/ptII/ptolemy/domains/de/test/auto/NonInterruptibleTimerZeroDelay.xml (RunModel)" time="0.01" />
  <testcase classname="ptolemy.util.test.junit.AutoTests" name="[46] /home/travis/build/icyphy/ptII/ptolemy/domains/de/test/auto/OpenQueueingNetwork.xml (RunModel)" time="2.673" />
  <testcase classname="ptolemy.util.test.junit.AutoTests" name="[47] /home/travis/build/icyphy/ptII/ptolemy/domains/de/test/auto/OpenQueuingNetwork.xml (RunModel)" time="0.301" />
  <testcase classname="ptolemy.util.test.junit.AutoTests" name="[48] /home/travis/build/icyphy/ptII/ptolemy/domains/de/test/auto/PeriodicSampler.xml (RunModel)" time="0.008" />
  <testcase classname="ptolemy.util.test.junit.AutoTests" name="[49] /home/travis/build/icyphy/ptII/ptolemy/domains/de/test/auto/PersistentIO.xml (RunModel)" time="0.02" />
  <testcase classname="ptolemy.util.test.junit.AutoTests" name="[50] /home/travis/build/icyphy/ptII/ptolemy/domains/de/test/auto/PortParameterResetOnInitialize.xml (RunModel)" time="0.01" />
  <testcase classname="ptolemy.util.test.junit.AutoTests" name="[51] /home/travis/build/icyphy/ptII/ptolemy/domains/de/test/auto/PortParameterUpdates.xml (RunModel)" time="0.021" />
  <testcase classname="ptolemy.util.test.junit.AutoTests" name="[52] /home/travis/build/icyphy/ptII/ptolemy/domains/de/test/auto/QueueAndServer.xml (RunModel)" time="0.02" />
  <testcase classname="ptolemy.util.test.junit.AutoTests" name="[53] /home/travis/build/icyphy/ptII/ptolemy/domains/de/test/auto/Records.xml (RunModel)" time="0.012" />
  <testcase classname="ptolemy.util.test.junit.AutoTests" name="[54] /home/travis/build/icyphy/ptII/ptolemy/domains/de/test/auto/ResetTransitionWithStartTime1.xml (RunModel)" time="0.02" />
  <testcase classname="ptolemy.util.test.junit.AutoTests" name="[55] /home/travis/build/icyphy/ptII/ptolemy/domains/de/test/auto/ResetTransitionWithStartTime2.xml (RunModel)" time="0.018" />
  <testcase classname="ptolemy.util.test.junit.AutoTests" name="[56] /home/travis/build/icyphy/ptII/ptolemy/domains/de/test/auto/ResetTransitionWithStartTime3.xml (RunModel)" time="0.018" />
  <testcase classname="ptolemy.util.test.junit.AutoTests" name="[57] /home/travis/build/icyphy/ptII/ptolemy/domains/de/test/auto/ResetTransitionWithStartTime4.xml (RunModel)" time="0.017" />
  <testcase classname="ptolemy.util.test.junit.AutoTests" name="[58] /home/travis/build/icyphy/ptII/ptolemy/domains/de/test/auto/ResettableTimer1.xml (RunModel)" time="0.011" />
  <testcase classname="ptolemy.util.test.junit.AutoTests" name="[59] /home/travis/build/icyphy/ptII/ptolemy/domains/de/test/auto/ResettableTimer2.xml (RunModel)" time="0.01" />
  <testcase classname="ptolemy.util.test.junit.AutoTests" name="[60] /home/travis/build/icyphy/ptII/ptolemy/domains/de/test/auto/ResettableTimer3.xml (RunModel)" time="0.008" />
  <testcase classname="ptolemy.util.test.junit.AutoTests" name="[61] /home/travis/build/icyphy/ptII/ptolemy/domains/de/test/auto/ResettableTimer4.xml (RunModel)" time="0.008" />
  <testcase classname="ptolemy.util.test.junit.AutoTests" name="[62] /home/travis/build/icyphy/ptII/ptolemy/domains/de/test/auto/ResettableTimer5.xml (RunModel)" time="0.009" />
  <testcase classname="ptolemy.util.test.junit.AutoTests" name="[63] /home/travis/build/icyphy/ptII/ptolemy/domains/de/test/auto/ResettableTimer6.xml (RunModel)" time="0.016" />
  <testcase classname="ptolemy.util.test.junit.AutoTests" name="[64] /home/travis/build/icyphy/ptII/ptolemy/domains/de/test/auto/ServerZeroDelay.xml (RunModel)" time="0.009" />
  <testcase classname="ptolemy.util.test.junit.AutoTests" name="[65] /home/travis/build/icyphy/ptII/ptolemy/domains/de/test/auto/SmartSender.xml (RunModel)" time="3.008" />
  <testcase classname="ptolemy.util.test.junit.AutoTests" name="[66] /home/travis/build/icyphy/ptII/ptolemy/domains/de/test/auto/ThreadedComposite.xml (RunModel)" time="0.237" />
  <testcase classname="ptolemy.util.test.junit.AutoTests" name="[67] /home/travis/build/icyphy/ptII/ptolemy/domains/de/test/auto/Time.xml (RunModel)" time="0.479" />
  <testcase classname="ptolemy.util.test.junit.AutoTests" name="[68] /home/travis/build/icyphy/ptII/ptolemy/domains/de/test/auto/TimeDelayZeroDelay.xml (RunModel)" time="0.012" />
  <testcase classname="ptolemy.util.test.junit.AutoTests" name="[69] /home/travis/build/icyphy/ptII/ptolemy/domains/de/test/auto/TimerZeroDelay.xml (RunModel)" time="0.01" />
  <testcase classname="ptolemy.util.test.junit.AutoTests" name="[70] /home/travis/build/icyphy/ptII/ptolemy/domains/de/test/auto/TimingParadox.xml (RunModel)" time="0.352" />
  <testcase classname="ptolemy.util.test.junit.AutoTests" name="[71] /home/travis/build/icyphy/ptII/ptolemy/domains/de/test/auto/TransferInputs.xml (RunModel)" time="0.009" />
  <testcase classname="ptolemy.util.test.junit.AutoTests" name="[72] /home/travis/build/icyphy/ptII/ptolemy/domains/de/test/auto/TransferOutputs2.xml (RunModel)" time="0.017" />
  <testcase classname="ptolemy.util.test.junit.AutoTests" name="[73] /home/travis/build/icyphy/ptII/ptolemy/domains/de/test/auto/Trilateration.xml (RunModel)" time="12.522" />
  <testcase classname="ptolemy.util.test.junit.AutoTests" name="[74] /home/travis/build/icyphy/ptII/ptolemy/domains/de/test/auto/TwoSigmaDelta.xml (RunModel)" time="2.185" />
  <testcase classname="ptolemy.util.test.junit.AutoTests" name="[75] /home/travis/build/icyphy/ptII/ptolemy/domains/de/test/auto/VariableDelay.xml (RunModel)" time="0.014" />
  <testcase classname="ptolemy.util.test.junit.AutoTests" name="[76] /home/travis/build/icyphy/ptII/ptolemy/domains/de/test/auto/VariableDelay2.xml (RunModel)" time="0.009" />
  <testcase classname="ptolemy.util.test.junit.AutoTests" name="[77] /home/travis/build/icyphy/ptII/ptolemy/domains/de/test/auto/VariableDelayZeroDelay.xml (RunModel)" time="0.011" />
  <testcase classname="ptolemy.util.test.junit.AutoTests" name="[78] /home/travis/build/icyphy/ptII/ptolemy/domains/de/test/auto/VariableDelayZeroDelay2.xml (RunModel)" time="0.011" />
  <testcase classname="ptolemy.util.test.junit.AutoTests" name="[79] /home/travis/build/icyphy/ptII/ptolemy/domains/de/test/auto/deInCt.xml (RunModel)" time="0.016" />
  <testcase classname="ptolemy.util.test.junit.AutoTests" name="[80] /home/travis/build/icyphy/ptII/ptolemy/domains/de/test/auto/deInCt2.xml (RunModel)" time="0.027" />
  <testcase classname="ptolemy.util.test.junit.AutoTests" name="[81] /home/travis/build/icyphy/ptII/ptolemy/domains/de/test/auto/dynamicCausalityInterface1.xml (RunModel)" time="0.02" />
  <testcase classname="ptolemy.util.test.junit.AutoTests" name="[82] /home/travis/build/icyphy/ptII/ptolemy/domains/de/test/auto/fsm_de_test.xml (RunModel)" time="0.029" />
  <testcase classname="ptolemy.util.test.junit.AutoTests" name="[83] /home/travis/build/icyphy/ptII/ptolemy/domains/de/test/auto/functionDependencyReconstruction.xml (RunModel)" time="0.034" />
  <testcase classname="ptolemy.util.test.junit.AutoTests" name="[84] /home/travis/build/icyphy/ptII/ptolemy/domains/de/test/auto/multirate.xml (RunModel)" time="0.018" />
  <testcase classname="ptolemy.util.test.junit.AutoTests" name="[85] /home/travis/build/icyphy/ptII/ptolemy/domains/de/test/auto/multirate2.xml (RunModel)" time="0.018" />
  <testcase classname="ptolemy.util.test.junit.AutoTests" name="[86] /home/travis/build/icyphy/ptII/ptolemy/domains/de/test/auto/realtime.xml (RunModel)" time="10.011" />
  <testcase classname="ptolemy.util.test.junit.AutoTests" name="[87] /home/travis/build/icyphy/ptII/ptolemy/domains/de/test/auto/relationGroup.xml (RunModel)" time="0.008" />
  <testcase classname="ptolemy.util.test.junit.AutoTests" name="[88] /home/travis/build/icyphy/ptII/ptolemy/domains/de/test/auto/relationGroup2.xml (RunModel)" time="0.006" />
  <testcase classname="ptolemy.util.test.junit.AutoTests" name="[89] /home/travis/build/icyphy/ptII/ptolemy/domains/de/test/auto/sortWithOpaquePorts.xml (RunModel)" time="0.012" />
  <testcase classname="ptolemy.util.test.junit.AutoTests" name="[90] /home/travis/build/icyphy/ptII/ptolemy/domains/de/test/auto/transferInputsandOutputs.xml (RunModel)" time="0.015" />
  <testcase classname="ptolemy.util.test.junit.AutoTests" name="[91] /home/travis/build/icyphy/ptII/ptolemy/domains/de/test/auto/triggerType.xml (RunModel)" time="0.009" />
  <system-out><![CDATA[/home/travis/build/icyphy/ptII/ptolemy/domains/de/test/DependencyLoop.tcl
testDefs.tcl: setting time out to 9000 seconds at Sat May 05 00:59:11 UTC 2018
15 ms. Memory: 116224K Free: 95201K (82%)
6 ms. Memory: 146944K Free: 136670K (93%)
/home/travis/build/icyphy/ptII/ptolemy/domains/de/test/RunDETestsAsQSS.tcl
Run the DE tests using ptolemy.domains.qss.test.QSSDirectorTest, which extends QSSDirector and prints a message in the constructors.
------------------ testing $PTII/ptolemy/domains/de/test/auto/knownFailedTests/dependencyLoop.xml (Known Failure) 
8 ms. Memory: 146944K Free: 133557K (91%)


==== $PTIIhome/travis/build/icyphy/ptII/ptolemy/domains/de/test/../../../../: Auto Automatic test in file $PTII/ptolemy/domains/de/test/auto/knownFailedTests/dependencyLoop.xml
==== Contents of test case:

	    # FIXME: we should use $relativeFilename here, but it
	    # might have backslashes under Windows, which causes no end
	    # of trouble.
	    createAndExecute $file
	    list {}
	
.... Test generated KNOWN error:
    while executing
ptolemy.kernel.util.IllegalActionException: Found a zero delay loop containing .dependencyLoop.original
  in .dependencyLoop and .dependencyLoop.original
	at ptolemy.actor.util.CausalityInterfaceForComposites._computeOutputPortDepth(CausalityInterfaceForComposites.java:759)
	at ptolemy.actor.util.CausalityInterfaceForComposites._computeInputDepth(CausalityInterfaceForComposites.java:696)
	at ptolemy.actor.util.CausalityInterfaceForComposites._computeOutputPortDepth(CausalityInterfaceForComposites.java:765)
	at ptolemy.actor.util.CausalityInterfaceForComposites._computeInputDepth(CausalityInterfaceForComposites.java:696)
	at ptolemy.actor.util.CausalityInterfaceForComposites._computeOutputPortDepth(CausalityInterfaceForComposites.java:765)
	at ptolemy.actor.util.CausalityInterfaceForComposites._computeInputDepth(CausalityInterfaceForComposites.java:696)
	at ptolemy.actor.util.CausalityInterfaceForComposites._computeActorDepth(CausalityInterfaceForComposites.java:532)
	at ptolemy.actor.util.CausalityInterfaceForComposites.checkForCycles(CausalityInterfaceForComposites.java:96)
	at ptolemy.domains.de.kernel.DEDirector.preinitialize(DEDirector.java:1337)
	at ptolemy.actor.CompositeActor.preinitialize(CompositeActor.java:1828)
	at ptolemy.actor.Manager.preinitializeAndResolveTypes(Manager.java:1040)
	at ptolemy.actor.Manager.initialize(Manager.java:710)
	at ptolemy.actor.Manager.execute(Manager.java:356)
	at ptolemy.actor.Manager.run(Manager.java:1263)
	at ptolemy.actor.Manager$PtolemyRunThread.run(Manager.java:1915)

    while executing
ptolemy.kernel.util.IllegalActionException: Found a zero delay loop containing .dependencyLoop.original
  in .dependencyLoop and .dependencyLoop.original
    while executing
"java::new ptolemy.moml.MoMLSimpleApplication $file
"
    (procedure "createAndExecute" line 2)
    invoked from within
"createAndExecute $file"
    ("uplevel" body line 5)
    invoked from within
"uplevel $contents_of_test"
------------------ testing $PTII/ptolemy/domains/de/test/auto/knownFailedTests/DESDFClockTest.xml (Known Failure) 
2063 ms. Memory: 146944K Free: 117741K (80%)


==== $PTIIhome/travis/build/icyphy/ptII/ptolemy/domains/de/test/../../../../: Auto Automatic test in file $PTII/ptolemy/domains/de/test/auto/knownFailedTests/DESDFClockTest.xml
==== Contents of test case:

	    # FIXME: we should use $relativeFilename here, but it
	    # might have backslashes under Windows, which causes no end
	    # of trouble.
	    createAndExecute $file
	    list {}
	
.... Test generated KNOWN error:
    while executing
ptolemy.kernel.util.IllegalActionException: Actor is not ready to fire.  Perhaps UpSample.prefire() returned false? Try debugging the actor by selecting "Listen to Actor".  Also, for SDF check moml for tokenConsumptionRate on input.
  in .DESDFClockTest.Play Bell.Copy1:SDF Director and .DESDFClockTest.Play Bell.UpSample
	at ptolemy.actor.sched.StaticSchedulingDirector.fire(StaticSchedulingDirector.java:227)
	at ptolemy.domains.sdf.kernel.SDFDirector.fire(SDFDirector.java:500)
	at ptolemy.actor.CompositeActor.fire(CompositeActor.java:455)
	at ptolemy.domains.de.kernel.DEDirector._fire(DEDirector.java:1948)
	at ptolemy.domains.de.kernel.DEDirector.fire(DEDirector.java:502)
	at ptolemy.actor.CompositeActor.fire(CompositeActor.java:455)
	at ptolemy.actor.Manager.iterate(Manager.java:851)
	at ptolemy.actor.Manager.execute(Manager.java:369)
	at ptolemy.actor.Manager.run(Manager.java:1263)
	at ptolemy.actor.Manager$PtolemyRunThread.run(Manager.java:1915)

    while executing
ptolemy.kernel.util.IllegalActionException: Actor is not ready to fire.  Perhaps UpSample.prefire() returned false? Try debugging the actor by selecting "Listen to Actor".  Also, for SDF check moml for tokenConsumptionRate on input.
  in .DESDFClockTest.Play Bell.Copy1:SDF Director and .DESDFClockTest.Play Bell.UpSample
    while executing
"java::new ptolemy.moml.MoMLSimpleApplication $file
"
    (procedure "createAndExecute" line 2)
    invoked from within
"createAndExecute $file"
    ("uplevel" body line 5)
    invoked from within
"uplevel $contents_of_test"
------------------ testing $PTII/ptolemy/domains/de/test/auto/knownFailedTests/FSMSource.xml (Known Failure) 
39 ms. Memory: 146944K Free: 108725K (74%)
!!!! Auto was marked as failing, but now passes
------------------ testing $PTII/ptolemy/domains/de/test/auto/knownFailedTests/dependencyLoop2.xml (Known Failure) 
9 ms. Memory: 146944K Free: 106842K (73%)


==== $PTIIhome/travis/build/icyphy/ptII/ptolemy/domains/de/test/../../../../: Auto Automatic test in file $PTII/ptolemy/domains/de/test/auto/knownFailedTests/dependencyLoop2.xml
==== Contents of test case:

	    # FIXME: we should use $relativeFilename here, but it
	    # might have backslashes under Windows, which causes no end
	    # of trouble.
	    createAndExecute $file
	    list {}
	
.... Test generated KNOWN error:
    while executing
ptolemy.kernel.util.IllegalActionException: Found a zero delay loop containing .dependencyLoop2.original
  in .dependencyLoop2 and .dependencyLoop2.original
	at ptolemy.actor.util.CausalityInterfaceForComposites._computeOutputPortDepth(CausalityInterfaceForComposites.java:759)
	at ptolemy.actor.util.CausalityInterfaceForComposites._computeInputDepth(CausalityInterfaceForComposites.java:696)
	at ptolemy.actor.util.CausalityInterfaceForComposites._computeOutputPortDepth(CausalityInterfaceForComposites.java:765)
	at ptolemy.actor.util.CausalityInterfaceForComposites._computeInputDepth(CausalityInterfaceForComposites.java:696)
	at ptolemy.actor.util.CausalityInterfaceForComposites._computeOutputPortDepth(CausalityInterfaceForComposites.java:765)
	at ptolemy.actor.util.CausalityInterfaceForComposites._computeInputDepth(CausalityInterfaceForComposites.java:696)
	at ptolemy.actor.util.CausalityInterfaceForComposites._computeActorDepth(CausalityInterfaceForComposites.java:532)
	at ptolemy.actor.util.CausalityInterfaceForComposites.checkForCycles(CausalityInterfaceForComposites.java:96)
	at ptolemy.domains.de.kernel.DEDirector.preinitialize(DEDirector.java:1337)
	at ptolemy.actor.CompositeActor.preinitialize(CompositeActor.java:1828)
	at ptolemy.actor.Manager.preinitializeAndResolveTypes(Manager.java:1040)
	at ptolemy.actor.Manager.initialize(Manager.java:710)
	at ptolemy.actor.Manager.execute(Manager.java:356)
	at ptolemy.actor.Manager.run(Manager.java:1263)
	at ptolemy.actor.Manager$PtolemyRunThread.run(Manager.java:1915)

    while executing
ptolemy.kernel.util.IllegalActionException: Found a zero delay loop containing .dependencyLoop2.original
  in .dependencyLoop2 and .dependencyLoop2.original
    while executing
"java::new ptolemy.moml.MoMLSimpleApplication $file
"
    (procedure "createAndExecute" line 2)
    invoked from within
"createAndExecute $file"
    ("uplevel" body line 5)
    invoked from within
"uplevel $contents_of_test"
------------------ testing $PTII/ptolemy/domains/de/test/auto/knownFailedTests/HierarchicalModel.xml (Known Failure) 
11 ms. Memory: 146944K Free: 86297K (59%)


==== $PTIIhome/travis/build/icyphy/ptII/ptolemy/domains/de/test/../../../../: Auto Automatic test in file $PTII/ptolemy/domains/de/test/auto/knownFailedTests/HierarchicalModel.xml
==== Contents of test case:

	    # FIXME: we should use $relativeFilename here, but it
	    # might have backslashes under Windows, which causes no end
	    # of trouble.
	    createAndExecute $file
	    list {}
	
.... Test generated KNOWN error:
    while executing
ptolemy.kernel.util.IllegalActionException: Found a zero delay loop containing .HierarchicalModel.A
  in .HierarchicalModel and .HierarchicalModel.A
	at ptolemy.actor.util.CausalityInterfaceForComposites._computeOutputPortDepth(CausalityInterfaceForComposites.java:759)
	at ptolemy.actor.util.CausalityInterfaceForComposites._computeInputDepth(CausalityInterfaceForComposites.java:696)
	at ptolemy.actor.util.CausalityInterfaceForComposites._computeOutputPortDepth(CausalityInterfaceForComposites.java:765)
	at ptolemy.actor.util.CausalityInterfaceForComposites._computeInputDepth(CausalityInterfaceForComposites.java:696)
	at ptolemy.actor.util.CausalityInterfaceForComposites._computeOutputPortDepth(CausalityInterfaceForComposites.java:765)
	at ptolemy.actor.util.CausalityInterfaceForComposites._computeInputDepth(CausalityInterfaceForComposites.java:696)
	at ptolemy.actor.util.CausalityInterfaceForComposites._computeActorDepth(CausalityInterfaceForComposites.java:532)
	at ptolemy.actor.util.CausalityInterfaceForComposites.checkForCycles(CausalityInterfaceForComposites.java:96)
	at ptolemy.domains.de.kernel.DEDirector.preinitialize(DEDirector.java:1337)
	at ptolemy.actor.CompositeActor.preinitialize(CompositeActor.java:1828)
	at ptolemy.actor.Manager.preinitializeAndResolveTypes(Manager.java:1040)
	at ptolemy.actor.Manager.initialize(Manager.java:710)
	at ptolemy.actor.Manager.execute(Manager.java:356)
	at ptolemy.actor.Manager.run(Manager.java:1263)
	at ptolemy.actor.Manager$PtolemyRunThread.run(Manager.java:1915)

    while executing
ptolemy.kernel.util.IllegalActionException: Found a zero delay loop containing .HierarchicalModel.A
  in .HierarchicalModel and .HierarchicalModel.A
    while executing
"java::new ptolemy.moml.MoMLSimpleApplication $file
"
    (procedure "createAndExecute" line 2)
    invoked from within
"createAndExecute $file"
    ("uplevel" body line 5)
    invoked from within
"uplevel $contents_of_test"
------------------ testing $PTII/ptolemy/domains/de/test/auto/knownFailedTests/DirectFeedback.xml (Known Failure) 
13 ms. Memory: 146944K Free: 142607K (97%)


==== $PTIIhome/travis/build/icyphy/ptII/ptolemy/domains/de/test/../../../../: Auto Automatic test in file $PTII/ptolemy/domains/de/test/auto/knownFailedTests/DirectFeedback.xml
==== Contents of test case:

	    # FIXME: we should use $relativeFilename here, but it
	    # might have backslashes under Windows, which causes no end
	    # of trouble.
	    createAndExecute $file
	    list {}
	
.... Test generated KNOWN error:
    while executing
ptolemy.kernel.util.IllegalActionException: Test fails in iteration 1.
Value was: 1.0. Should have been: 2.0
  in .DirectFeedback.Test
	at ptolemy.actor.lib.Test.fire(Test.java:268)
	at ptolemy.domains.de.kernel.DEDirector._fire(DEDirector.java:1948)
	at ptolemy.domains.de.kernel.DEDirector.fire(DEDirector.java:502)
	at ptolemy.actor.CompositeActor.fire(CompositeActor.java:455)
	at ptolemy.actor.Manager.iterate(Manager.java:851)
	at ptolemy.actor.Manager.execute(Manager.java:369)
	at ptolemy.actor.Manager.run(Manager.java:1263)
	at ptolemy.actor.Manager$PtolemyRunThread.run(Manager.java:1915)

    while executing
ptolemy.kernel.util.IllegalActionException: Test fails in iteration 1.
Value was: 1.0. Should have been: 2.0
  in .DirectFeedback.Test
    while executing
"java::new ptolemy.moml.MoMLSimpleApplication $file
"
    (procedure "createAndExecute" line 2)
    invoked from within
"createAndExecute $file"
    ("uplevel" body line 5)
    invoked from within
"uplevel $contents_of_test"
------------------ testing $PTII/ptolemy/domains/de/test/auto/ActorDepthCalculation_actorWithoutPorts.xml
auto.tcl: Setting watchdog for 200 seconds at Sat May 05 00:59:14 UTC 2018
6 ms. Memory: 146944K Free: 133725K (91%)
ptolemy.util.test.WatchDog.cancel(): canceling Sat May 05 00:59:14 UTC 2018
auto.tcl: Setting watchdog for 200 seconds at Sat May 05 00:59:14 UTC 2018
5 ms. Memory: 146944K Free: 132698K (90%)
ptolemy.util.test.WatchDog.cancel(): canceling Sat May 05 00:59:14 UTC 2018
------------------ testing $PTII/ptolemy/domains/de/test/auto/AssemblyLine.xml
auto.tcl: Setting watchdog for 200 seconds at Sat May 05 00:59:14 UTC 2018
14 ms. Memory: 208384K Free: 182894K (88%)
ptolemy.util.test.WatchDog.cancel(): canceling Sat May 05 00:59:15 UTC 2018
auto.tcl: Setting watchdog for 200 seconds at Sat May 05 00:59:15 UTC 2018
20 ms. Memory: 208384K Free: 182894K (88%)
ptolemy.util.test.WatchDog.cancel(): canceling Sat May 05 00:59:15 UTC 2018
------------------ testing $PTII/ptolemy/domains/de/test/auto/CQBug1.xml
auto.tcl: Setting watchdog for 200 seconds at Sat May 05 00:59:15 UTC 2018
3 ms. Memory: 208384K Free: 197742K (95%)
ptolemy.util.test.WatchDog.cancel(): canceling Sat May 05 00:59:15 UTC 2018
auto.tcl: Setting watchdog for 200 seconds at Sat May 05 00:59:15 UTC 2018
2 ms. Memory: 208384K Free: 197742K (95%)
ptolemy.util.test.WatchDog.cancel(): canceling Sat May 05 00:59:15 UTC 2018
------------------ testing $PTII/ptolemy/domains/de/test/auto/CancelFireAt.xml
auto.tcl: Setting watchdog for 200 seconds at Sat May 05 00:59:15 UTC 2018
5 ms. Memory: 208384K Free: 201451K (97%)
ptolemy.util.test.WatchDog.cancel(): canceling Sat May 05 00:59:15 UTC 2018
auto.tcl: Setting watchdog for 200 seconds at Sat May 05 00:59:15 UTC 2018
6 ms. Memory: 208384K Free: 199362K (96%)
ptolemy.util.test.WatchDog.cancel(): canceling Sat May 05 00:59:15 UTC 2018
------------------ testing $PTII/ptolemy/domains/de/test/auto/CausalityAndComposabilityAnalysis.xml
auto.tcl: Setting watchdog for 200 seconds at Sat May 05 00:59:15 UTC 2018
19 ms. Memory: 208384K Free: 196534K (94%)
ptolemy.util.test.WatchDog.cancel(): canceling Sat May 05 00:59:15 UTC 2018
auto.tcl: Setting watchdog for 200 seconds at Sat May 05 00:59:15 UTC 2018
6 ms. Memory: 208384K Free: 196534K (94%)
ptolemy.util.test.WatchDog.cancel(): canceling Sat May 05 00:59:15 UTC 2018
------------------ testing $PTII/ptolemy/domains/de/test/auto/CausalityInterface1.xml
auto.tcl: Setting watchdog for 200 seconds at Sat May 05 00:59:15 UTC 2018
11 ms. Memory: 208384K Free: 196471K (94%)
ptolemy.util.test.WatchDog.cancel(): canceling Sat May 05 00:59:15 UTC 2018
auto.tcl: Setting watchdog for 200 seconds at Sat May 05 00:59:15 UTC 2018
8 ms. Memory: 208384K Free: 196471K (94%)
ptolemy.util.test.WatchDog.cancel(): canceling Sat May 05 00:59:15 UTC 2018
------------------ testing $PTII/ptolemy/domains/de/test/auto/CausalityInterface15.xml
auto.tcl: Setting watchdog for 200 seconds at Sat May 05 00:59:15 UTC 2018
6 ms. Memory: 208384K Free: 196462K (94%)
ptolemy.util.test.WatchDog.cancel(): canceling Sat May 05 00:59:15 UTC 2018
auto.tcl: Setting watchdog for 200 seconds at Sat May 05 00:59:15 UTC 2018
4 ms. Memory: 208384K Free: 194373K (93%)
ptolemy.util.test.WatchDog.cancel(): canceling Sat May 05 00:59:15 UTC 2018
------------------ testing $PTII/ptolemy/domains/de/test/auto/CausalityInterface2.xml
auto.tcl: Setting watchdog for 200 seconds at Sat May 05 00:59:15 UTC 2018
8 ms. Memory: 208384K Free: 196446K (94%)
ptolemy.util.test.WatchDog.cancel(): canceling Sat May 05 00:59:15 UTC 2018
auto.tcl: Setting watchdog for 200 seconds at Sat May 05 00:59:15 UTC 2018
3 ms. Memory: 208384K Free: 196446K (94%)
ptolemy.util.test.WatchDog.cancel(): canceling Sat May 05 00:59:15 UTC 2018
------------------ testing $PTII/ptolemy/domains/de/test/auto/CausalityInterface3.xml
auto.tcl: Setting watchdog for 200 seconds at Sat May 05 00:59:15 UTC 2018
7 ms. Memory: 208384K Free: 196458K (94%)
ptolemy.util.test.WatchDog.cancel(): canceling Sat May 05 00:59:15 UTC 2018
auto.tcl: Setting watchdog for 200 seconds at Sat May 05 00:59:15 UTC 2018
3 ms. Memory: 208384K Free: 196458K (94%)
ptolemy.util.test.WatchDog.cancel(): canceling Sat May 05 00:59:15 UTC 2018
------------------ testing $PTII/ptolemy/domains/de/test/auto/ClockDrift.xml
auto.tcl: Setting watchdog for 200 seconds at Sat May 05 00:59:15 UTC 2018
103 ms. Memory: 208384K Free: 187724K (90%)
ptolemy.util.test.WatchDog.cancel(): canceling Sat May 05 00:59:16 UTC 2018
auto.tcl: Setting watchdog for 200 seconds at Sat May 05 00:59:16 UTC 2018
67 ms. Memory: 208384K Free: 185635K (89%)
ptolemy.util.test.WatchDog.cancel(): canceling Sat May 05 00:59:16 UTC 2018
------------------ testing $PTII/ptolemy/domains/de/test/auto/ClockDriftAndValueChange.xml
auto.tcl: Setting watchdog for 200 seconds at Sat May 05 00:59:16 UTC 2018
29 ms. Memory: 208384K Free: 187556K (90%)
ptolemy.util.test.WatchDog.cancel(): canceling Sat May 05 00:59:16 UTC 2018
auto.tcl: Setting watchdog for 200 seconds at Sat May 05 00:59:16 UTC 2018
35 ms. Memory: 208384K Free: 185468K (89%)
ptolemy.util.test.WatchDog.cancel(): canceling Sat May 05 00:59:16 UTC 2018
------------------ testing $PTII/ptolemy/domains/de/test/auto/ClockDriftChange.xml
auto.tcl: Setting watchdog for 200 seconds at Sat May 05 00:59:16 UTC 2018
44 ms. Memory: 208384K Free: 190870K (92%)
ptolemy.util.test.WatchDog.cancel(): canceling Sat May 05 00:59:16 UTC 2018
auto.tcl: Setting watchdog for 200 seconds at Sat May 05 00:59:16 UTC 2018
33 ms. Memory: 208384K Free: 188782K (91%)
ptolemy.util.test.WatchDog.cancel(): canceling Sat May 05 00:59:16 UTC 2018
------------------ testing $PTII/ptolemy/domains/de/test/auto/ComposableCausalityAnalysis.xml
auto.tcl: Setting watchdog for 200 seconds at Sat May 05 00:59:16 UTC 2018
3 ms. Memory: 208384K Free: 196313K (94%)
ptolemy.util.test.WatchDog.cancel(): canceling Sat May 05 00:59:16 UTC 2018
auto.tcl: Setting watchdog for 200 seconds at Sat May 05 00:59:16 UTC 2018
2 ms. Memory: 208384K Free: 194225K (93%)
ptolemy.util.test.WatchDog.cancel(): canceling Sat May 05 00:59:16 UTC 2018
------------------ testing $PTII/ptolemy/domains/de/test/auto/DEFixedPointLimitation.xml
auto.tcl: Setting watchdog for 200 seconds at Sat May 05 00:59:16 UTC 2018
2 ms. Memory: 208384K Free: 196394K (94%)
ptolemy.util.test.WatchDog.cancel(): canceling Sat May 05 00:59:16 UTC 2018
auto.tcl: Setting watchdog for 200 seconds at Sat May 05 00:59:16 UTC 2018
1 ms. Memory: 208384K Free: 196394K (94%)
ptolemy.util.test.WatchDog.cancel(): canceling Sat May 05 00:59:16 UTC 2018
------------------ testing $PTII/ptolemy/domains/de/test/auto/DEScheduleTest.xml
auto.tcl: Setting watchdog for 200 seconds at Sat May 05 00:59:16 UTC 2018
9 ms. Memory: 208384K Free: 198518K (95%)
ptolemy.util.test.WatchDog.cancel(): canceling Sat May 05 00:59:16 UTC 2018
auto.tcl: Setting watchdog for 200 seconds at Sat May 05 00:59:16 UTC 2018
3 ms. Memory: 208384K Free: 196430K (94%)
ptolemy.util.test.WatchDog.cancel(): canceling Sat May 05 00:59:16 UTC 2018
------------------ testing $PTII/ptolemy/domains/de/test/auto/DEinDEwithStartTimes.xml
auto.tcl: Setting watchdog for 200 seconds at Sat May 05 00:59:16 UTC 2018
4 ms. Memory: 208384K Free: 196399K (94%)
ptolemy.util.test.WatchDog.cancel(): canceling Sat May 05 00:59:16 UTC 2018
auto.tcl: Setting watchdog for 200 seconds at Sat May 05 00:59:16 UTC 2018
4 ms. Memory: 208384K Free: 194311K (93%)
ptolemy.util.test.WatchDog.cancel(): canceling Sat May 05 00:59:16 UTC 2018
------------------ testing $PTII/ptolemy/domains/de/test/auto/DEinDEwithStartTimes2.xml
auto.tcl: Setting watchdog for 200 seconds at Sat May 05 00:59:16 UTC 2018
9 ms. Memory: 208384K Free: 196379K (94%)
ptolemy.util.test.WatchDog.cancel(): canceling Sat May 05 00:59:16 UTC 2018
auto.tcl: Setting watchdog for 200 seconds at Sat May 05 00:59:16 UTC 2018
5 ms. Memory: 208384K Free: 194290K (93%)
ptolemy.util.test.WatchDog.cancel(): canceling Sat May 05 00:59:16 UTC 2018
------------------ testing $PTII/ptolemy/domains/de/test/auto/DateDemo.xml
auto.tcl: Setting watchdog for 200 seconds at Sat May 05 00:59:16 UTC 2018
15 ms. Memory: 208384K Free: 188850K (91%)
ptolemy.util.test.WatchDog.cancel(): canceling Sat May 05 00:59:17 UTC 2018
auto.tcl: Setting watchdog for 200 seconds at Sat May 05 00:59:17 UTC 2018
7 ms. Memory: 208384K Free: 186762K (90%)
ptolemy.util.test.WatchDog.cancel(): canceling Sat May 05 00:59:17 UTC 2018
------------------ testing $PTII/ptolemy/domains/de/test/auto/DateToEvent.xml
auto.tcl: Setting watchdog for 200 seconds at Sat May 05 00:59:17 UTC 2018
2022 ms. Memory: 208384K Free: 183599K (88%)
ptolemy.util.test.WatchDog.cancel(): canceling Sat May 05 00:59:19 UTC 2018
auto.tcl: Setting watchdog for 200 seconds at Sat May 05 00:59:19 UTC 2018
2004 ms. Memory: 208384K Free: 183599K (88%)
ptolemy.util.test.WatchDog.cancel(): canceling Sat May 05 00:59:21 UTC 2018
------------------ testing $PTII/ptolemy/domains/de/test/auto/DepthTest1.xml
auto.tcl: Setting watchdog for 200 seconds at Sat May 05 00:59:21 UTC 2018
2 ms. Memory: 208384K Free: 198046K (95%)
ptolemy.util.test.WatchDog.cancel(): canceling Sat May 05 00:59:21 UTC 2018
auto.tcl: Setting watchdog for 200 seconds at Sat May 05 00:59:21 UTC 2018
5 ms. Memory: 208384K Free: 198046K (95%)
ptolemy.util.test.WatchDog.cancel(): canceling Sat May 05 00:59:21 UTC 2018
------------------ testing $PTII/ptolemy/domains/de/test/auto/DepthTest2.xml
auto.tcl: Setting watchdog for 200 seconds at Sat May 05 00:59:21 UTC 2018
10 ms. Memory: 208384K Free: 194270K (93%)
ptolemy.util.test.WatchDog.cancel(): canceling Sat May 05 00:59:21 UTC 2018
auto.tcl: Setting watchdog for 200 seconds at Sat May 05 00:59:21 UTC 2018
5 ms. Memory: 208384K Free: 194270K (93%)
ptolemy.util.test.WatchDog.cancel(): canceling Sat May 05 00:59:21 UTC 2018
------------------ testing $PTII/ptolemy/domains/de/test/auto/DepthTest3.xml
auto.tcl: Setting watchdog for 200 seconds at Sat May 05 00:59:21 UTC 2018
2 ms. Memory: 208384K Free: 198719K (95%)
ptolemy.util.test.WatchDog.cancel(): canceling Sat May 05 00:59:21 UTC 2018
auto.tcl: Setting watchdog for 200 seconds at Sat May 05 00:59:21 UTC 2018
2 ms. Memory: 208384K Free: 198719K (95%)
ptolemy.util.test.WatchDog.cancel(): canceling Sat May 05 00:59:21 UTC 2018
------------------ testing $PTII/ptolemy/domains/de/test/auto/DepthTest4.xml
auto.tcl: Setting watchdog for 200 seconds at Sat May 05 00:59:21 UTC 2018
4 ms. Memory: 208384K Free: 196380K (94%)
ptolemy.util.test.WatchDog.cancel(): canceling Sat May 05 00:59:21 UTC 2018
auto.tcl: Setting watchdog for 200 seconds at Sat May 05 00:59:21 UTC 2018
2 ms. Memory: 208384K Free: 196380K (94%)
ptolemy.util.test.WatchDog.cancel(): canceling Sat May 05 00:59:21 UTC 2018
------------------ testing $PTII/ptolemy/domains/de/test/auto/DepthTest5.xml
auto.tcl: Setting watchdog for 200 seconds at Sat May 05 00:59:21 UTC 2018
4 ms. Memory: 208384K Free: 196665K (94%)
ptolemy.util.test.WatchDog.cancel(): canceling Sat May 05 00:59:21 UTC 2018
auto.tcl: Setting watchdog for 200 seconds at Sat May 05 00:59:21 UTC 2018
3 ms. Memory: 208384K Free: 196665K (94%)
ptolemy.util.test.WatchDog.cancel(): canceling Sat May 05 00:59:21 UTC 2018
------------------ testing $PTII/ptolemy/domains/de/test/auto/DepthTest6.xml
auto.tcl: Setting watchdog for 200 seconds at Sat May 05 00:59:21 UTC 2018
8 ms. Memory: 208384K Free: 196305K (94%)
ptolemy.util.test.WatchDog.cancel(): canceling Sat May 05 00:59:21 UTC 2018
auto.tcl: Setting watchdog for 200 seconds at Sat May 05 00:59:21 UTC 2018
3 ms. Memory: 208384K Free: 196305K (94%)
ptolemy.util.test.WatchDog.cancel(): canceling Sat May 05 00:59:21 UTC 2018
------------------ testing $PTII/ptolemy/domains/de/test/auto/DepthTest7.xml
auto.tcl: Setting watchdog for 200 seconds at Sat May 05 00:59:21 UTC 2018
3 ms. Memory: 208384K Free: 196284K (94%)
ptolemy.util.test.WatchDog.cancel(): canceling Sat May 05 00:59:21 UTC 2018
auto.tcl: Setting watchdog for 200 seconds at Sat May 05 00:59:21 UTC 2018
3 ms. Memory: 208384K Free: 196284K (94%)
ptolemy.util.test.WatchDog.cancel(): canceling Sat May 05 00:59:21 UTC 2018
------------------ testing $PTII/ptolemy/domains/de/test/auto/EventToDate.xml
auto.tcl: Setting watchdog for 200 seconds at Sat May 05 00:59:21 UTC 2018
3014 ms. Memory: 208384K Free: 185863K (89%)
ptolemy.util.test.WatchDog.cancel(): canceling Sat May 05 00:59:24 UTC 2018
auto.tcl: Setting watchdog for 200 seconds at Sat May 05 00:59:24 UTC 2018
3005 ms. Memory: 208384K Free: 185863K (89%)
ptolemy.util.test.WatchDog.cancel(): canceling Sat May 05 00:59:27 UTC 2018
------------------ testing $PTII/ptolemy/domains/de/test/auto/FSM1.xml
auto.tcl: Setting watchdog for 200 seconds at Sat May 05 00:59:27 UTC 2018
32 ms. Memory: 208384K Free: 184813K (89%)
ptolemy.util.test.WatchDog.cancel(): canceling Sat May 05 00:59:28 UTC 2018
auto.tcl: Setting watchdog for 200 seconds at Sat May 05 00:59:28 UTC 2018
23 ms. Memory: 208384K Free: 182724K (88%)
ptolemy.util.test.WatchDog.cancel(): canceling Sat May 05 00:59:28 UTC 2018
------------------ testing $PTII/ptolemy/domains/de/test/auto/FSM7.xml
auto.tcl: Setting watchdog for 200 seconds at Sat May 05 00:59:28 UTC 2018
12 ms. Memory: 208384K Free: 187474K (90%)
ptolemy.util.test.WatchDog.cancel(): canceling Sat May 05 00:59:28 UTC 2018
auto.tcl: Setting watchdog for 200 seconds at Sat May 05 00:59:28 UTC 2018
15 ms. Memory: 208384K Free: 185385K (89%)
ptolemy.util.test.WatchDog.cancel(): canceling Sat May 05 00:59:28 UTC 2018
------------------ testing $PTII/ptolemy/domains/de/test/auto/Inspection.xml
auto.tcl: Setting watchdog for 200 seconds at Sat May 05 00:59:28 UTC 2018
26 ms. Memory: 208384K Free: 188687K (91%)
ptolemy.util.test.WatchDog.cancel(): canceling Sat May 05 00:59:28 UTC 2018
auto.tcl: Setting watchdog for 200 seconds at Sat May 05 00:59:28 UTC 2018
32 ms. Memory: 208384K Free: 186599K (90%)
ptolemy.util.test.WatchDog.cancel(): canceling Sat May 05 00:59:28 UTC 2018
------------------ testing $PTII/ptolemy/domains/de/test/auto/Iteration.xml
auto.tcl: Setting watchdog for 200 seconds at Sat May 05 00:59:28 UTC 2018
9 ms. Memory: 208384K Free: 194340K (93%)
ptolemy.util.test.WatchDog.cancel(): canceling Sat May 05 00:59:28 UTC 2018
auto.tcl: Setting watchdog for 200 seconds at Sat May 05 00:59:28 UTC 2018
10 ms. Memory: 208384K Free: 194003K (93%)
ptolemy.util.test.WatchDog.cancel(): canceling Sat May 05 00:59:28 UTC 2018
------------------ testing $PTII/ptolemy/domains/de/test/auto/LineFault.xml
auto.tcl: Setting watchdog for 200 seconds at Sat May 05 00:59:28 UTC 2018
756 ms. Memory: 208384K Free: 194079K (93%)
ptolemy.util.test.WatchDog.cancel(): canceling Sat May 05 00:59:29 UTC 2018
auto.tcl: Setting watchdog for 200 seconds at Sat May 05 00:59:29 UTC 2018
659 ms. Memory: 208384K Free: 138401K (66%)
ptolemy.util.test.WatchDog.cancel(): canceling Sat May 05 00:59:30 UTC 2018
------------------ testing $PTII/ptolemy/domains/de/test/auto/MergeModel1Add.xml
auto.tcl: Setting watchdog for 200 seconds at Sat May 05 00:59:30 UTC 2018
28 ms. Memory: 331264K Free: 299281K (90%)
ptolemy.util.test.WatchDog.cancel(): canceling Sat May 05 00:59:30 UTC 2018
auto.tcl: Setting watchdog for 200 seconds at Sat May 05 00:59:30 UTC 2018
15 ms. Memory: 331264K Free: 299281K (90%)
ptolemy.util.test.WatchDog.cancel(): canceling Sat May 05 00:59:30 UTC 2018
------------------ testing $PTII/ptolemy/domains/de/test/auto/MergeModel2Add.xml
auto.tcl: Setting watchdog for 200 seconds at Sat May 05 00:59:30 UTC 2018
9 ms. Memory: 331264K Free: 304523K (92%)
ptolemy.util.test.WatchDog.cancel(): canceling Sat May 05 00:59:30 UTC 2018
auto.tcl: Setting watchdog for 200 seconds at Sat May 05 00:59:30 UTC 2018
8 ms. Memory: 331264K Free: 300635K (91%)
ptolemy.util.test.WatchDog.cancel(): canceling Sat May 05 00:59:30 UTC 2018
------------------ testing $PTII/ptolemy/domains/de/test/auto/MergeModel3Add.xml
auto.tcl: Setting watchdog for 200 seconds at Sat May 05 00:59:30 UTC 2018
14 ms. Memory: 331264K Free: 304493K (92%)
ptolemy.util.test.WatchDog.cancel(): canceling Sat May 05 00:59:30 UTC 2018
auto.tcl: Setting watchdog for 200 seconds at Sat May 05 00:59:30 UTC 2018
8 ms. Memory: 331264K Free: 300621K (91%)
ptolemy.util.test.WatchDog.cancel(): canceling Sat May 05 00:59:30 UTC 2018
------------------ testing $PTII/ptolemy/domains/de/test/auto/MergeWithoutDiscard.xml
auto.tcl: Setting watchdog for 200 seconds at Sat May 05 00:59:30 UTC 2018
7 ms. Memory: 331264K Free: 316140K (95%)
ptolemy.util.test.WatchDog.cancel(): canceling Sat May 05 00:59:30 UTC 2018
auto.tcl: Setting watchdog for 200 seconds at Sat May 05 00:59:30 UTC 2018
1 ms. Memory: 331264K Free: 316140K (95%)
ptolemy.util.test.WatchDog.cancel(): canceling Sat May 05 00:59:30 UTC 2018
------------------ testing $PTII/ptolemy/domains/de/test/auto/Modal1.xml
auto.tcl: Setting watchdog for 200 seconds at Sat May 05 00:59:30 UTC 2018
13 ms. Memory: 331264K Free: 310132K (94%)
ptolemy.util.test.WatchDog.cancel(): canceling Sat May 05 00:59:30 UTC 2018
auto.tcl: Setting watchdog for 200 seconds at Sat May 05 00:59:30 UTC 2018
15 ms. Memory: 331264K Free: 301328K (91%)
ptolemy.util.test.WatchDog.cancel(): canceling Sat May 05 00:59:30 UTC 2018
------------------ testing $PTII/ptolemy/domains/de/test/auto/Modal2.xml
auto.tcl: Setting watchdog for 200 seconds at Sat May 05 00:59:31 UTC 2018
18 ms. Memory: 331264K Free: 309997K (94%)
ptolemy.util.test.WatchDog.cancel(): canceling Sat May 05 00:59:31 UTC 2018
auto.tcl: Setting watchdog for 200 seconds at Sat May 05 00:59:31 UTC 2018
18 ms. Memory: 331264K Free: 306109K (92%)
ptolemy.util.test.WatchDog.cancel(): canceling Sat May 05 00:59:31 UTC 2018
------------------ testing $PTII/ptolemy/domains/de/test/auto/Modal3.xml
auto.tcl: Setting watchdog for 200 seconds at Sat May 05 00:59:31 UTC 2018
18 ms. Memory: 331264K Free: 309996K (94%)
ptolemy.util.test.WatchDog.cancel(): canceling Sat May 05 00:59:31 UTC 2018
auto.tcl: Setting watchdog for 200 seconds at Sat May 05 00:59:31 UTC 2018
10 ms. Memory: 331264K Free: 306123K (92%)
ptolemy.util.test.WatchDog.cancel(): canceling Sat May 05 00:59:31 UTC 2018
------------------ testing $PTII/ptolemy/domains/de/test/auto/Modal4.xml
auto.tcl: Setting watchdog for 200 seconds at Sat May 05 00:59:31 UTC 2018
14 ms. Memory: 331264K Free: 310008K (94%)
ptolemy.util.test.WatchDog.cancel(): canceling Sat May 05 00:59:31 UTC 2018
auto.tcl: Setting watchdog for 200 seconds at Sat May 05 00:59:31 UTC 2018
19 ms. Memory: 331264K Free: 306119K (92%)
ptolemy.util.test.WatchDog.cancel(): canceling Sat May 05 00:59:31 UTC 2018
------------------ testing $PTII/ptolemy/domains/de/test/auto/Modal5.xml
auto.tcl: Setting watchdog for 200 seconds at Sat May 05 00:59:31 UTC 2018
16 ms. Memory: 331264K Free: 309981K (94%)
ptolemy.util.test.WatchDog.cancel(): canceling Sat May 05 00:59:31 UTC 2018
auto.tcl: Setting watchdog for 200 seconds at Sat May 05 00:59:31 UTC 2018
14 ms. Memory: 331264K Free: 306108K (92%)
ptolemy.util.test.WatchDog.cancel(): canceling Sat May 05 00:59:31 UTC 2018
------------------ testing $PTII/ptolemy/domains/de/test/auto/Modal6.xml
auto.tcl: Setting watchdog for 200 seconds at Sat May 05 00:59:31 UTC 2018
15 ms. Memory: 331264K Free: 309987K (94%)
ptolemy.util.test.WatchDog.cancel(): canceling Sat May 05 00:59:31 UTC 2018
auto.tcl: Setting watchdog for 200 seconds at Sat May 05 00:59:31 UTC 2018
25 ms. Memory: 331264K Free: 306114K (92%)
ptolemy.util.test.WatchDog.cancel(): canceling Sat May 05 00:59:31 UTC 2018
------------------ testing $PTII/ptolemy/domains/de/test/auto/Modal7.xml
auto.tcl: Setting watchdog for 200 seconds at Sat May 05 00:59:31 UTC 2018
14 ms. Memory: 331264K Free: 306089K (92%)
ptolemy.util.test.WatchDog.cancel(): canceling Sat May 05 00:59:31 UTC 2018
auto.tcl: Setting watchdog for 200 seconds at Sat May 05 00:59:31 UTC 2018
11 ms. Memory: 331264K Free: 306089K (92%)
ptolemy.util.test.WatchDog.cancel(): canceling Sat May 05 00:59:31 UTC 2018
------------------ testing $PTII/ptolemy/domains/de/test/auto/ModalModel.xml
auto.tcl: Setting watchdog for 200 seconds at Sat May 05 00:59:31 UTC 2018
249 ms. Memory: 331264K Free: 248979K (75%)
ptolemy.util.test.WatchDog.cancel(): canceling Sat May 05 00:59:32 UTC 2018
auto.tcl: Setting watchdog for 200 seconds at Sat May 05 00:59:32 UTC 2018
224 ms. Memory: 331264K Free: 190740K (58%)
ptolemy.util.test.WatchDog.cancel(): canceling Sat May 05 00:59:32 UTC 2018
------------------ testing $PTII/ptolemy/domains/de/test/auto/ModalSource.xml
auto.tcl: Setting watchdog for 200 seconds at Sat May 05 00:59:32 UTC 2018
6 ms. Memory: 331264K Free: 316570K (96%)
ptolemy.util.test.WatchDog.cancel(): canceling Sat May 05 00:59:32 UTC 2018
auto.tcl: Setting watchdog for 200 seconds at Sat May 05 00:59:32 UTC 2018
7 ms. Memory: 331264K Free: 313056K (95%)
ptolemy.util.test.WatchDog.cancel(): canceling Sat May 05 00:59:32 UTC 2018
------------------ testing $PTII/ptolemy/domains/de/test/auto/NonInterruptibleTimerZeroDelay.xml
auto.tcl: Setting watchdog for 200 seconds at Sat May 05 00:59:32 UTC 2018
4 ms. Memory: 331264K Free: 320921K (97%)
ptolemy.util.test.WatchDog.cancel(): canceling Sat May 05 00:59:32 UTC 2018
auto.tcl: Setting watchdog for 200 seconds at Sat May 05 00:59:32 UTC 2018
3 ms. Memory: 331264K Free: 317416K (96%)
ptolemy.util.test.WatchDog.cancel(): canceling Sat May 05 00:59:32 UTC 2018
------------------ testing $PTII/ptolemy/domains/de/test/auto/OpenQueueingNetwork.xml
auto.tcl: Setting watchdog for 200 seconds at Sat May 05 00:59:32 UTC 2018
3154 ms. Memory: 307712K Free: 146907K (48%)
ptolemy.util.test.WatchDog.cancel(): canceling Sat May 05 00:59:35 UTC 2018
auto.tcl: Setting watchdog for 200 seconds at Sat May 05 00:59:35 UTC 2018
2354 ms. Memory: 278528K Free: 202813K (73%)
ptolemy.util.test.WatchDog.cancel(): canceling Sat May 05 00:59:38 UTC 2018
------------------ testing $PTII/ptolemy/domains/de/test/auto/OpenQueuingNetwork.xml
auto.tcl: Setting watchdog for 200 seconds at Sat May 05 00:59:38 UTC 2018
255 ms. Memory: 278528K Free: 179139K (64%)
ptolemy.util.test.WatchDog.cancel(): canceling Sat May 05 00:59:38 UTC 2018
auto.tcl: Setting watchdog for 200 seconds at Sat May 05 00:59:38 UTC 2018
277 ms. Memory: 278528K Free: 118754K (43%)
ptolemy.util.test.WatchDog.cancel(): canceling Sat May 05 00:59:38 UTC 2018
------------------ testing $PTII/ptolemy/domains/de/test/auto/PeriodicSampler.xml
auto.tcl: Setting watchdog for 200 seconds at Sat May 05 00:59:38 UTC 2018
3 ms. Memory: 281088K Free: 266549K (95%)
ptolemy.util.test.WatchDog.cancel(): canceling Sat May 05 00:59:38 UTC 2018
auto.tcl: Setting watchdog for 200 seconds at Sat May 05 00:59:38 UTC 2018
3 ms. Memory: 281088K Free: 266549K (95%)
ptolemy.util.test.WatchDog.cancel(): canceling Sat May 05 00:59:38 UTC 2018
------------------ testing $PTII/ptolemy/domains/de/test/auto/PersistentIO.xml
auto.tcl: Setting watchdog for 200 seconds at Sat May 05 00:59:38 UTC 2018
9 ms. Memory: 278528K Free: 259164K (93%)
ptolemy.util.test.WatchDog.cancel(): canceling Sat May 05 00:59:38 UTC 2018
auto.tcl: Setting watchdog for 200 seconds at Sat May 05 00:59:38 UTC 2018
4 ms. Memory: 278528K Free: 259164K (93%)
ptolemy.util.test.WatchDog.cancel(): canceling Sat May 05 00:59:39 UTC 2018
------------------ testing $PTII/ptolemy/domains/de/test/auto/PortParameterResetOnInitialize.xml
auto.tcl: Setting watchdog for 200 seconds at Sat May 05 00:59:39 UTC 2018
3 ms. Memory: 280576K Free: 266482K (95%)
ptolemy.util.test.WatchDog.cancel(): canceling Sat May 05 00:59:39 UTC 2018
auto.tcl: Setting watchdog for 200 seconds at Sat May 05 00:59:39 UTC 2018
2 ms. Memory: 280576K Free: 266482K (95%)
ptolemy.util.test.WatchDog.cancel(): canceling Sat May 05 00:59:39 UTC 2018
------------------ testing $PTII/ptolemy/domains/de/test/auto/PortParameterUpdates.xml
auto.tcl: Setting watchdog for 200 seconds at Sat May 05 00:59:39 UTC 2018
8 ms. Memory: 278528K Free: 266554K (96%)
ptolemy.util.test.WatchDog.cancel(): canceling Sat May 05 00:59:39 UTC 2018
auto.tcl: Setting watchdog for 200 seconds at Sat May 05 00:59:39 UTC 2018
4 ms. Memory: 278528K Free: 263805K (95%)
ptolemy.util.test.WatchDog.cancel(): canceling Sat May 05 00:59:39 UTC 2018
------------------ testing $PTII/ptolemy/domains/de/test/auto/QueueAndServer.xml
auto.tcl: Setting watchdog for 200 seconds at Sat May 05 00:59:39 UTC 2018
14 ms. Memory: 280576K Free: 265898K (95%)
ptolemy.util.test.WatchDog.cancel(): canceling Sat May 05 00:59:39 UTC 2018
auto.tcl: Setting watchdog for 200 seconds at Sat May 05 00:59:39 UTC 2018
6 ms. Memory: 280576K Free: 265898K (95%)
ptolemy.util.test.WatchDog.cancel(): canceling Sat May 05 00:59:39 UTC 2018
------------------ testing $PTII/ptolemy/domains/de/test/auto/Records.xml
auto.tcl: Setting watchdog for 200 seconds at Sat May 05 00:59:39 UTC 2018
10 ms. Memory: 278528K Free: 264473K (95%)
ptolemy.util.test.WatchDog.cancel(): canceling Sat May 05 00:59:39 UTC 2018
auto.tcl: Setting watchdog for 200 seconds at Sat May 05 00:59:39 UTC 2018
2 ms. Memory: 278528K Free: 264473K (95%)
ptolemy.util.test.WatchDog.cancel(): canceling Sat May 05 00:59:39 UTC 2018
------------------ testing $PTII/ptolemy/domains/de/test/auto/ResetTransitionWithStartTime1.xml
auto.tcl: Setting watchdog for 200 seconds at Sat May 05 00:59:39 UTC 2018
16 ms. Memory: 280064K Free: 263271K (94%)
ptolemy.util.test.WatchDog.cancel(): canceling Sat May 05 00:59:39 UTC 2018
auto.tcl: Setting watchdog for 200 seconds at Sat May 05 00:59:39 UTC 2018
6 ms. Memory: 280064K Free: 260506K (93%)
ptolemy.util.test.WatchDog.cancel(): canceling Sat May 05 00:59:39 UTC 2018
------------------ testing $PTII/ptolemy/domains/de/test/auto/ResetTransitionWithStartTime2.xml
auto.tcl: Setting watchdog for 200 seconds at Sat May 05 00:59:39 UTC 2018
8 ms. Memory: 278528K Free: 261822K (94%)
ptolemy.util.test.WatchDog.cancel(): canceling Sat May 05 00:59:39 UTC 2018
auto.tcl: Setting watchdog for 200 seconds at Sat May 05 00:59:39 UTC 2018
7 ms. Memory: 278528K Free: 259057K (93%)
ptolemy.util.test.WatchDog.cancel(): canceling Sat May 05 00:59:39 UTC 2018
------------------ testing $PTII/ptolemy/domains/de/test/auto/ResetTransitionWithStartTime3.xml
auto.tcl: Setting watchdog for 200 seconds at Sat May 05 00:59:39 UTC 2018
7 ms. Memory: 280064K Free: 263276K (94%)
ptolemy.util.test.WatchDog.cancel(): canceling Sat May 05 00:59:39 UTC 2018
auto.tcl: Setting watchdog for 200 seconds at Sat May 05 00:59:39 UTC 2018
11 ms. Memory: 280064K Free: 260519K (93%)
ptolemy.util.test.WatchDog.cancel(): canceling Sat May 05 00:59:39 UTC 2018
------------------ testing $PTII/ptolemy/domains/de/test/auto/ResetTransitionWithStartTime4.xml
auto.tcl: Setting watchdog for 200 seconds at Sat May 05 00:59:39 UTC 2018
4 ms. Memory: 278528K Free: 263725K (95%)
ptolemy.util.test.WatchDog.cancel(): canceling Sat May 05 00:59:39 UTC 2018
auto.tcl: Setting watchdog for 200 seconds at Sat May 05 00:59:39 UTC 2018
4 ms. Memory: 278528K Free: 263725K (95%)
ptolemy.util.test.WatchDog.cancel(): canceling Sat May 05 00:59:39 UTC 2018
------------------ testing $PTII/ptolemy/domains/de/test/auto/ResettableTimer1.xml
auto.tcl: Setting watchdog for 200 seconds at Sat May 05 00:59:39 UTC 2018
3 ms. Memory: 280064K Free: 267989K (96%)
ptolemy.util.test.WatchDog.cancel(): canceling Sat May 05 00:59:39 UTC 2018
auto.tcl: Setting watchdog for 200 seconds at Sat May 05 00:59:39 UTC 2018
3 ms. Memory: 280064K Free: 267989K (96%)
ptolemy.util.test.WatchDog.cancel(): canceling Sat May 05 00:59:39 UTC 2018
------------------ testing $PTII/ptolemy/domains/de/test/auto/ResettableTimer2.xml
auto.tcl: Setting watchdog for 200 seconds at Sat May 05 00:59:39 UTC 2018
3 ms. Memory: 278528K Free: 266624K (96%)
ptolemy.util.test.WatchDog.cancel(): canceling Sat May 05 00:59:39 UTC 2018
auto.tcl: Setting watchdog for 200 seconds at Sat May 05 00:59:39 UTC 2018
2 ms. Memory: 278528K Free: 266624K (96%)
ptolemy.util.test.WatchDog.cancel(): canceling Sat May 05 00:59:39 UTC 2018
------------------ testing $PTII/ptolemy/domains/de/test/auto/ResettableTimer3.xml
auto.tcl: Setting watchdog for 200 seconds at Sat May 05 00:59:39 UTC 2018
1 ms. Memory: 279552K Free: 267535K (96%)
ptolemy.util.test.WatchDog.cancel(): canceling Sat May 05 00:59:39 UTC 2018
auto.tcl: Setting watchdog for 200 seconds at Sat May 05 00:59:39 UTC 2018
2 ms. Memory: 279552K Free: 267535K (96%)
ptolemy.util.test.WatchDog.cancel(): canceling Sat May 05 00:59:39 UTC 2018
------------------ testing $PTII/ptolemy/domains/de/test/auto/ResettableTimer4.xml
auto.tcl: Setting watchdog for 200 seconds at Sat May 05 00:59:39 UTC 2018
1 ms. Memory: 278528K Free: 266621K (96%)
ptolemy.util.test.WatchDog.cancel(): canceling Sat May 05 00:59:39 UTC 2018
auto.tcl: Setting watchdog for 200 seconds at Sat May 05 00:59:39 UTC 2018
2 ms. Memory: 278528K Free: 266621K (96%)
ptolemy.util.test.WatchDog.cancel(): canceling Sat May 05 00:59:39 UTC 2018
------------------ testing $PTII/ptolemy/domains/de/test/auto/ResettableTimer5.xml
auto.tcl: Setting watchdog for 200 seconds at Sat May 05 00:59:39 UTC 2018
1 ms. Memory: 279552K Free: 265687K (95%)
ptolemy.util.test.WatchDog.cancel(): canceling Sat May 05 00:59:39 UTC 2018
auto.tcl: Setting watchdog for 200 seconds at Sat May 05 00:59:39 UTC 2018
2 ms. Memory: 279552K Free: 265687K (95%)
ptolemy.util.test.WatchDog.cancel(): canceling Sat May 05 00:59:39 UTC 2018
------------------ testing $PTII/ptolemy/domains/de/test/auto/ResettableTimer6.xml
auto.tcl: Setting watchdog for 200 seconds at Sat May 05 00:59:39 UTC 2018
1 ms. Memory: 278528K Free: 264500K (95%)
ptolemy.util.test.WatchDog.cancel(): canceling Sat May 05 00:59:39 UTC 2018
auto.tcl: Setting watchdog for 200 seconds at Sat May 05 00:59:39 UTC 2018
2 ms. Memory: 278528K Free: 264500K (95%)
ptolemy.util.test.WatchDog.cancel(): canceling Sat May 05 00:59:39 UTC 2018
------------------ testing $PTII/ptolemy/domains/de/test/auto/ServerZeroDelay.xml
auto.tcl: Setting watchdog for 200 seconds at Sat May 05 00:59:39 UTC 2018
3 ms. Memory: 279552K Free: 267591K (96%)
ptolemy.util.test.WatchDog.cancel(): canceling Sat May 05 00:59:40 UTC 2018
auto.tcl: Setting watchdog for 200 seconds at Sat May 05 00:59:40 UTC 2018
3 ms. Memory: 279552K Free: 267591K (96%)
ptolemy.util.test.WatchDog.cancel(): canceling Sat May 05 00:59:40 UTC 2018
------------------ testing $PTII/ptolemy/domains/de/test/auto/SmartSender.xml
auto.tcl: Setting watchdog for 200 seconds at Sat May 05 00:59:40 UTC 2018
3002 ms. Memory: 278528K Free: 264599K (95%)
ptolemy.util.test.WatchDog.cancel(): canceling Sat May 05 00:59:43 UTC 2018
auto.tcl: Setting watchdog for 200 seconds at Sat May 05 00:59:43 UTC 2018
3000 ms. Memory: 278528K Free: 264599K (95%)
ptolemy.util.test.WatchDog.cancel(): canceling Sat May 05 00:59:46 UTC 2018
------------------ testing $PTII/ptolemy/domains/de/test/auto/ThreadedComposite.xml
auto.tcl: Setting watchdog for 200 seconds at Sat May 05 00:59:46 UTC 2018
218 ms. Memory: 279552K Free: 245418K (88%)
ptolemy.util.test.WatchDog.cancel(): canceling Sat May 05 00:59:46 UTC 2018
auto.tcl: Setting watchdog for 200 seconds at Sat May 05 00:59:46 UTC 2018
158 ms. Memory: 279552K Free: 228093K (82%)
ptolemy.util.test.WatchDog.cancel(): canceling Sat May 05 00:59:46 UTC 2018
------------------ testing $PTII/ptolemy/domains/de/test/auto/Time.xml
auto.tcl: Setting watchdog for 200 seconds at Sat May 05 00:59:46 UTC 2018
672 ms. Memory: 278528K Free: 212959K (76%)
ptolemy.util.test.WatchDog.cancel(): canceling Sat May 05 00:59:47 UTC 2018
auto.tcl: Setting watchdog for 200 seconds at Sat May 05 00:59:47 UTC 2018
629 ms. Memory: 278528K Free: 157984K (57%)
ptolemy.util.test.WatchDog.cancel(): canceling Sat May 05 00:59:47 UTC 2018
------------------ testing $PTII/ptolemy/domains/de/test/auto/TimeDelayZeroDelay.xml
auto.tcl: Setting watchdog for 200 seconds at Sat May 05 00:59:47 UTC 2018
2 ms. Memory: 279040K Free: 267474K (96%)
ptolemy.util.test.WatchDog.cancel(): canceling Sat May 05 00:59:48 UTC 2018
auto.tcl: Setting watchdog for 200 seconds at Sat May 05 00:59:48 UTC 2018
2 ms. Memory: 279040K Free: 267474K (96%)
ptolemy.util.test.WatchDog.cancel(): canceling Sat May 05 00:59:48 UTC 2018
------------------ testing $PTII/ptolemy/domains/de/test/auto/TimerZeroDelay.xml
auto.tcl: Setting watchdog for 200 seconds at Sat May 05 00:59:48 UTC 2018
2 ms. Memory: 278528K Free: 267068K (96%)
ptolemy.util.test.WatchDog.cancel(): canceling Sat May 05 00:59:48 UTC 2018
auto.tcl: Setting watchdog for 200 seconds at Sat May 05 00:59:48 UTC 2018
2 ms. Memory: 278528K Free: 267068K (96%)
ptolemy.util.test.WatchDog.cancel(): canceling Sat May 05 00:59:48 UTC 2018
------------------ testing $PTII/ptolemy/domains/de/test/auto/TimingParadox.xml
auto.tcl: Setting watchdog for 200 seconds at Sat May 05 00:59:48 UTC 2018
375 ms. Memory: 279040K Free: 199808K (72%)
ptolemy.util.test.WatchDog.cancel(): canceling Sat May 05 00:59:48 UTC 2018
auto.tcl: Setting watchdog for 200 seconds at Sat May 05 00:59:48 UTC 2018
327 ms. Memory: 279040K Free: 165162K (59%)
ptolemy.util.test.WatchDog.cancel(): canceling Sat May 05 00:59:48 UTC 2018
------------------ testing $PTII/ptolemy/domains/de/test/auto/TransferInputs.xml
auto.tcl: Setting watchdog for 200 seconds at Sat May 05 00:59:49 UTC 2018
8 ms. Memory: 279040K Free: 266475K (95%)
ptolemy.util.test.WatchDog.cancel(): canceling Sat May 05 00:59:49 UTC 2018
auto.tcl: Setting watchdog for 200 seconds at Sat May 05 00:59:49 UTC 2018
2 ms. Memory: 279040K Free: 266475K (95%)
ptolemy.util.test.WatchDog.cancel(): canceling Sat May 05 00:59:49 UTC 2018
------------------ testing $PTII/ptolemy/domains/de/test/auto/TransferOutputs2.xml
auto.tcl: Setting watchdog for 200 seconds at Sat May 05 00:59:49 UTC 2018
4 ms. Memory: 278528K Free: 262603K (94%)
ptolemy.util.test.WatchDog.cancel(): canceling Sat May 05 00:59:49 UTC 2018
auto.tcl: Setting watchdog for 200 seconds at Sat May 05 00:59:49 UTC 2018
3 ms. Memory: 278528K Free: 260119K (93%)
ptolemy.util.test.WatchDog.cancel(): canceling Sat May 05 00:59:49 UTC 2018
------------------ testing $PTII/ptolemy/domains/de/test/auto/Trilateration.xml
auto.tcl: Setting watchdog for 200 seconds at Sat May 05 00:59:49 UTC 2018
14016 ms. Memory: 497152K Free: 456164K (92%)
ptolemy.util.test.WatchDog.cancel(): canceling Sat May 05 01:00:04 UTC 2018
auto.tcl: Setting watchdog for 200 seconds at Sat May 05 01:00:04 UTC 2018
11361 ms. Memory: 385024K Free: 301969K (78%)
ptolemy.util.test.WatchDog.cancel(): canceling Sat May 05 01:00:15 UTC 2018
------------------ testing $PTII/ptolemy/domains/de/test/auto/TwoSigmaDelta.xml
auto.tcl: Setting watchdog for 200 seconds at Sat May 05 01:00:16 UTC 2018
3063 ms. Memory: 381952K Free: 77115K (20%)
ptolemy.util.test.WatchDog.cancel(): canceling Sat May 05 01:00:19 UTC 2018
auto.tcl: Setting watchdog for 200 seconds at Sat May 05 01:00:19 UTC 2018
2188 ms. Memory: 371200K Free: 133938K (36%)
ptolemy.util.test.WatchDog.cancel(): canceling Sat May 05 01:00:21 UTC 2018
------------------ testing $PTII/ptolemy/domains/de/test/auto/VariableDelay.xml
auto.tcl: Setting watchdog for 200 seconds at Sat May 05 01:00:21 UTC 2018
2 ms. Memory: 368640K Free: 353299K (96%)
ptolemy.util.test.WatchDog.cancel(): canceling Sat May 05 01:00:21 UTC 2018
auto.tcl: Setting watchdog for 200 seconds at Sat May 05 01:00:21 UTC 2018
2 ms. Memory: 368640K Free: 353299K (96%)
ptolemy.util.test.WatchDog.cancel(): canceling Sat May 05 01:00:21 UTC 2018
------------------ testing $PTII/ptolemy/domains/de/test/auto/VariableDelay2.xml
auto.tcl: Setting watchdog for 200 seconds at Sat May 05 01:00:21 UTC 2018
2 ms. Memory: 370688K Free: 358629K (97%)
ptolemy.util.test.WatchDog.cancel(): canceling Sat May 05 01:00:21 UTC 2018
auto.tcl: Setting watchdog for 200 seconds at Sat May 05 01:00:21 UTC 2018
2 ms. Memory: 370688K Free: 358629K (97%)
ptolemy.util.test.WatchDog.cancel(): canceling Sat May 05 01:00:21 UTC 2018
------------------ testing $PTII/ptolemy/domains/de/test/auto/VariableDelayZeroDelay.xml
auto.tcl: Setting watchdog for 200 seconds at Sat May 05 01:00:21 UTC 2018
2 ms. Memory: 368640K Free: 353708K (96%)
ptolemy.util.test.WatchDog.cancel(): canceling Sat May 05 01:00:21 UTC 2018
auto.tcl: Setting watchdog for 200 seconds at Sat May 05 01:00:21 UTC 2018
2 ms. Memory: 368640K Free: 353708K (96%)
ptolemy.util.test.WatchDog.cancel(): canceling Sat May 05 01:00:21 UTC 2018
------------------ testing $PTII/ptolemy/domains/de/test/auto/VariableDelayZeroDelay2.xml
auto.tcl: Setting watchdog for 200 seconds at Sat May 05 01:00:21 UTC 2018
7 ms. Memory: 370688K Free: 355754K (96%)
ptolemy.util.test.WatchDog.cancel(): canceling Sat May 05 01:00:21 UTC 2018
auto.tcl: Setting watchdog for 200 seconds at Sat May 05 01:00:21 UTC 2018
2 ms. Memory: 370688K Free: 355754K (96%)
ptolemy.util.test.WatchDog.cancel(): canceling Sat May 05 01:00:21 UTC 2018
------------------ testing $PTII/ptolemy/domains/de/test/auto/deInCt.xml
auto.tcl: Setting watchdog for 200 seconds at Sat May 05 01:00:21 UTC 2018
0
1
1
1
0
0
0
1
1
1
1
0
0
1
1
0
0
0
0
1
1
1
0
0
0
0
1
1
1
0
0
0
1
1
0
0
0
0
1
1
1
0
0
0
0
9 ms. Memory: 368640K Free: 353697K (96%)
ptolemy.util.test.WatchDog.cancel(): canceling Sat May 05 01:00:21 UTC 2018
auto.tcl: Setting watchdog for 200 seconds at Sat May 05 01:00:21 UTC 2018
0
1
1
0
0
0
1
1
1
1
0
0
0
1
1
1
1
0
0
0
1
1
1
0
0
0
1
1
1
0
0
0
1
1
0
0
0
1
1
1
1
0
0
0
1
1
1
1
7 ms. Memory: 368640K Free: 349152K (95%)
ptolemy.util.test.WatchDog.cancel(): canceling Sat May 05 01:00:21 UTC 2018
------------------ testing $PTII/ptolemy/domains/de/test/auto/deInCt2.xml
auto.tcl: Setting watchdog for 200 seconds at Sat May 05 01:00:21 UTC 2018
0
1
1
1
0
0
1
1
1
0
0
1
1
1
0
0
1
1
1
0
0
1
1
1
0
0
1
1
1
0
0
1
1
1
0
0
1
1
1
0
0
0
16 ms. Memory: 370176K Free: 355238K (96%)
ptolemy.util.test.WatchDog.cancel(): canceling Sat May 05 01:00:21 UTC 2018
auto.tcl: Setting watchdog for 200 seconds at Sat May 05 01:00:21 UTC 2018
0
1
1
1
0
0
1
1
1
0
0
1
1
1
0
0
1
1
1
0
0
1
1
1
0
0
1
1
1
0
0
1
1
1
0
0
1
1
1
0
0
0
7 ms. Memory: 370176K Free: 350693K (95%)
ptolemy.util.test.WatchDog.cancel(): canceling Sat May 05 01:00:21 UTC 2018
------------------ testing $PTII/ptolemy/domains/de/test/auto/dynamicCausalityInterface1.xml
auto.tcl: Setting watchdog for 200 seconds at Sat May 05 01:00:21 UTC 2018
1 ms. Memory: 368640K Free: 344607K (93%)
ptolemy.util.test.WatchDog.cancel(): canceling Sat May 05 01:00:21 UTC 2018
auto.tcl: Setting watchdog for 200 seconds at Sat May 05 01:00:21 UTC 2018
1 ms. Memory: 368640K Free: 344607K (93%)
ptolemy.util.test.WatchDog.cancel(): canceling Sat May 05 01:00:21 UTC 2018
------------------ testing $PTII/ptolemy/domains/de/test/auto/fsm_de_test.xml
auto.tcl: Setting watchdog for 200 seconds at Sat May 05 01:00:21 UTC 2018
10 ms. Memory: 370176K Free: 350599K (95%)
ptolemy.util.test.WatchDog.cancel(): canceling Sat May 05 01:00:21 UTC 2018
auto.tcl: Setting watchdog for 200 seconds at Sat May 05 01:00:21 UTC 2018
12 ms. Memory: 370176K Free: 346054K (93%)
ptolemy.util.test.WatchDog.cancel(): canceling Sat May 05 01:00:21 UTC 2018
------------------ testing $PTII/ptolemy/domains/de/test/auto/functionDependencyReconstruction.xml
auto.tcl: Setting watchdog for 200 seconds at Sat May 05 01:00:22 UTC 2018
3 ms. Memory: 368640K Free: 339980K (92%)
ptolemy.util.test.WatchDog.cancel(): canceling Sat May 05 01:00:22 UTC 2018
auto.tcl: Setting watchdog for 200 seconds at Sat May 05 01:00:22 UTC 2018
3 ms. Memory: 368640K Free: 339980K (92%)
ptolemy.util.test.WatchDog.cancel(): canceling Sat May 05 01:00:22 UTC 2018
------------------ testing $PTII/ptolemy/domains/de/test/auto/multirate.xml
auto.tcl: Setting watchdog for 200 seconds at Sat May 05 01:00:22 UTC 2018
6 ms. Memory: 369664K Free: 349953K (95%)
ptolemy.util.test.WatchDog.cancel(): canceling Sat May 05 01:00:22 UTC 2018
auto.tcl: Setting watchdog for 200 seconds at Sat May 05 01:00:22 UTC 2018
3 ms. Memory: 369664K Free: 349953K (95%)
ptolemy.util.test.WatchDog.cancel(): canceling Sat May 05 01:00:22 UTC 2018
------------------ testing $PTII/ptolemy/domains/de/test/auto/multirate2.xml
auto.tcl: Setting watchdog for 200 seconds at Sat May 05 01:00:22 UTC 2018
5 ms. Memory: 368640K Free: 349110K (95%)
ptolemy.util.test.WatchDog.cancel(): canceling Sat May 05 01:00:22 UTC 2018
auto.tcl: Setting watchdog for 200 seconds at Sat May 05 01:00:22 UTC 2018
4 ms. Memory: 368640K Free: 349110K (95%)
ptolemy.util.test.WatchDog.cancel(): canceling Sat May 05 01:00:22 UTC 2018
------------------ testing $PTII/ptolemy/domains/de/test/auto/realtime.xml
auto.tcl: Setting watchdog for 200 seconds at Sat May 05 01:00:22 UTC 2018
10002 ms. Memory: 369664K Free: 354664K (96%)
ptolemy.util.test.WatchDog.cancel(): canceling Sat May 05 01:00:32 UTC 2018
auto.tcl: Setting watchdog for 200 seconds at Sat May 05 01:00:32 UTC 2018
10001 ms. Memory: 369664K Free: 350119K (95%)
ptolemy.util.test.WatchDog.cancel(): canceling Sat May 05 01:00:42 UTC 2018
------------------ testing $PTII/ptolemy/domains/de/test/auto/relationGroup.xml
auto.tcl: Setting watchdog for 200 seconds at Sat May 05 01:00:42 UTC 2018
13 ms. Memory: 368640K Free: 353671K (96%)
ptolemy.util.test.WatchDog.cancel(): canceling Sat May 05 01:00:42 UTC 2018
auto.tcl: Setting watchdog for 200 seconds at Sat May 05 01:00:42 UTC 2018
1 ms. Memory: 368640K Free: 353671K (96%)
ptolemy.util.test.WatchDog.cancel(): canceling Sat May 05 01:00:42 UTC 2018
------------------ testing $PTII/ptolemy/domains/de/test/auto/relationGroup2.xml
auto.tcl: Setting watchdog for 200 seconds at Sat May 05 01:00:42 UTC 2018
1 ms. Memory: 369664K Free: 354722K (96%)
ptolemy.util.test.WatchDog.cancel(): canceling Sat May 05 01:00:42 UTC 2018
auto.tcl: Setting watchdog for 200 seconds at Sat May 05 01:00:42 UTC 2018
1 ms. Memory: 369664K Free: 354722K (96%)
ptolemy.util.test.WatchDog.cancel(): canceling Sat May 05 01:00:42 UTC 2018
------------------ testing $PTII/ptolemy/domains/de/test/auto/sortWithOpaquePorts.xml
auto.tcl: Setting watchdog for 200 seconds at Sat May 05 01:00:42 UTC 2018
2 ms. Memory: 368640K Free: 353699K (96%)
ptolemy.util.test.WatchDog.cancel(): canceling Sat May 05 01:00:42 UTC 2018
auto.tcl: Setting watchdog for 200 seconds at Sat May 05 01:00:42 UTC 2018
1 ms. Memory: 368640K Free: 349170K (95%)
ptolemy.util.test.WatchDog.cancel(): canceling Sat May 05 01:00:42 UTC 2018
------------------ testing $PTII/ptolemy/domains/de/test/auto/transferInputsandOutputs.xml
auto.tcl: Setting watchdog for 200 seconds at Sat May 05 01:00:42 UTC 2018
1 ms. Memory: 369152K Free: 349653K (95%)
ptolemy.util.test.WatchDog.cancel(): canceling Sat May 05 01:00:42 UTC 2018
auto.tcl: Setting watchdog for 200 seconds at Sat May 05 01:00:42 UTC 2018
1 ms. Memory: 369152K Free: 349653K (95%)
ptolemy.util.test.WatchDog.cancel(): canceling Sat May 05 01:00:42 UTC 2018
------------------ testing $PTII/ptolemy/domains/de/test/auto/triggerType.xml
auto.tcl: Setting watchdog for 200 seconds at Sat May 05 01:00:42 UTC 2018
1 ms. Memory: 368640K Free: 353636K (96%)
ptolemy.util.test.WatchDog.cancel(): canceling Sat May 05 01:00:42 UTC 2018
auto.tcl: Setting watchdog for 200 seconds at Sat May 05 01:00:42 UTC 2018
1 ms. Memory: 368640K Free: 353636K (96%)
ptolemy.util.test.WatchDog.cancel(): canceling Sat May 05 01:00:42 UTC 2018
05/05/18 01:00:42
Failed: 0  Total Tests: 192  ((Passed: 187, Newly Passed: 1)  Known Failed: 5) /home/travis/build/icyphy/ptII/ptolemy/domains/de/test
05/05/18 01:00:42
Failed: 0  Total Tests: 192  ((Passed: 187, Newly Passed: 1)  Known Failed: 5) /home/travis/build/icyphy/ptII/ptolemy/domains/de/test
----------------- testing (KnownFailure) /home/travis/build/icyphy/ptII/ptolemy/domains/de/test/auto/knownFailedTests/DESDFClockTest.xml
2007 ms. Memory: 369152K Free: 342692K (93%)
Known Failure: java.lang.reflect.InvocationTargetException
----------------- testing (KnownFailure) /home/travis/build/icyphy/ptII/ptolemy/domains/de/test/auto/knownFailedTests/DirectFeedback.xml
1 ms. Memory: 369152K Free: 319713K (87%)
Known Failure: java.lang.reflect.InvocationTargetException
----------------- testing (KnownFailure) /home/travis/build/icyphy/ptII/ptolemy/domains/de/test/auto/knownFailedTests/FSMSource.xml
9 ms. Memory: 369152K Free: 296735K (80%)
----------------- testing (KnownFailure) /home/travis/build/icyphy/ptII/ptolemy/domains/de/test/auto/knownFailedTests/HierarchicalModel.xml
1 ms. Memory: 369152K Free: 273740K (74%)
Known Failure: java.lang.reflect.InvocationTargetException
----------------- testing (KnownFailure) /home/travis/build/icyphy/ptII/ptolemy/domains/de/test/auto/knownFailedTests/dependencyLoop.xml
1 ms. Memory: 369152K Free: 239256K (65%)
Known Failure: java.lang.reflect.InvocationTargetException
----------------- testing (KnownFailure) /home/travis/build/icyphy/ptII/ptolemy/domains/de/test/auto/knownFailedTests/dependencyLoop2.xml
3 ms. Memory: 369152K Free: 204771K (55%)
Known Failure: java.lang.reflect.InvocationTargetException
No auto/*.xml tests in /home/travis/build/icyphy/ptII/ptolemy/domains/de/test
AutoTests.java: About to close Vertx.
AutoTests.java: Vertx closed.
----------------- testing Sat May 05 01:00:44 UTC 2018 /home/travis/build/icyphy/ptII/ptolemy/domains/de/test/auto/ActorDepthCalculation_actorWithoutPorts.xml
----------------- Instantiating /home/travis/build/icyphy/ptII/ptolemy/domains/de/test/auto/ActorDepthCalculation_actorWithoutPorts.xml
1 ms. Memory: 369152K Free: 176048K (48%)
----------------- Invoking toplevel() on ptolemy.moml.MoMLSimpleApplication@5d054496
----------------- Done invoking toplevel() on ptolemy.moml.MoMLSimpleApplication@5d054496
reloadAllAccessors: .ActorDepthCalculation_actorWithoutPorts
----------------- testing Sat May 05 01:00:44 UTC 2018 /home/travis/build/icyphy/ptII/ptolemy/domains/de/test/auto/AssemblyLine.xml
----------------- Instantiating /home/travis/build/icyphy/ptII/ptolemy/domains/de/test/auto/AssemblyLine.xml
3 ms. Memory: 369152K Free: 158798K (43%)
----------------- Invoking toplevel() on ptolemy.moml.MoMLSimpleApplication@405942be
----------------- Done invoking toplevel() on ptolemy.moml.MoMLSimpleApplication@405942be
reloadAllAccessors: .AssemblyLine
----------------- testing Sat May 05 01:00:44 UTC 2018 /home/travis/build/icyphy/ptII/ptolemy/domains/de/test/auto/CQBug1.xml
----------------- Instantiating /home/travis/build/icyphy/ptII/ptolemy/domains/de/test/auto/CQBug1.xml
1 ms. Memory: 369152K Free: 147309K (40%)
----------------- Invoking toplevel() on ptolemy.moml.MoMLSimpleApplication@56d15e55
----------------- Done invoking toplevel() on ptolemy.moml.MoMLSimpleApplication@56d15e55
reloadAllAccessors: .CQBug1
----------------- testing Sat May 05 01:00:44 UTC 2018 /home/travis/build/icyphy/ptII/ptolemy/domains/de/test/auto/CancelFireAt.xml
----------------- Instantiating /home/travis/build/icyphy/ptII/ptolemy/domains/de/test/auto/CancelFireAt.xml
1 ms. Memory: 369152K Free: 135819K (37%)
----------------- Invoking toplevel() on ptolemy.moml.MoMLSimpleApplication@275aca4e
----------------- Done invoking toplevel() on ptolemy.moml.MoMLSimpleApplication@275aca4e
reloadAllAccessors: .CancelFireAt
----------------- testing Sat May 05 01:00:44 UTC 2018 /home/travis/build/icyphy/ptII/ptolemy/domains/de/test/auto/CausalityAndComposabilityAnalysis.xml
----------------- Instantiating /home/travis/build/icyphy/ptII/ptolemy/domains/de/test/auto/CausalityAndComposabilityAnalysis.xml
1 ms. Memory: 369152K Free: 124330K (34%)
----------------- Invoking toplevel() on ptolemy.moml.MoMLSimpleApplication@fc27183
----------------- Done invoking toplevel() on ptolemy.moml.MoMLSimpleApplication@fc27183
reloadAllAccessors: .CausalityAndComposabilityAnalysis
----------------- testing Sat May 05 01:00:44 UTC 2018 /home/travis/build/icyphy/ptII/ptolemy/domains/de/test/auto/CausalityInterface1.xml
----------------- Instantiating /home/travis/build/icyphy/ptII/ptolemy/domains/de/test/auto/CausalityInterface1.xml
3 ms. Memory: 369152K Free: 112840K (31%)
----------------- Invoking toplevel() on ptolemy.moml.MoMLSimpleApplication@59950b8
----------------- Done invoking toplevel() on ptolemy.moml.MoMLSimpleApplication@59950b8
reloadAllAccessors: .CausalityInterface1
----------------- testing Sat May 05 01:00:44 UTC 2018 /home/travis/build/icyphy/ptII/ptolemy/domains/de/test/auto/CausalityInterface15.xml
----------------- Instantiating /home/travis/build/icyphy/ptII/ptolemy/domains/de/test/auto/CausalityInterface15.xml
1 ms. Memory: 369152K Free: 101351K (27%)
----------------- Invoking toplevel() on ptolemy.moml.MoMLSimpleApplication@28f1190b
----------------- Done invoking toplevel() on ptolemy.moml.MoMLSimpleApplication@28f1190b
reloadAllAccessors: .CausalityInterface15
----------------- testing Sat May 05 01:00:44 UTC 2018 /home/travis/build/icyphy/ptII/ptolemy/domains/de/test/auto/CausalityInterface2.xml
----------------- Instantiating /home/travis/build/icyphy/ptII/ptolemy/domains/de/test/auto/CausalityInterface2.xml
1 ms. Memory: 369152K Free: 85332K (23%)
----------------- Invoking toplevel() on ptolemy.moml.MoMLSimpleApplication@7029c77c
----------------- Done invoking toplevel() on ptolemy.moml.MoMLSimpleApplication@7029c77c
reloadAllAccessors: .CausalityInterface2
----------------- testing Sat May 05 01:00:44 UTC 2018 /home/travis/build/icyphy/ptII/ptolemy/domains/de/test/auto/CausalityInterface3.xml
[...]
java.lang.RuntimeException: Execution failed
	at ptolemy.moml.MoMLSimpleApplication$UnloadThread.run(MoMLSimpleApplication.java:402)
Caused by: ptolemy.kernel.util.IllegalActionException: Test fails in iteration 1.
Value was: 1.0. Should have been: 2.0
  in .DirectFeedback.Test
	at ptolemy.actor.lib.Test.fire(Test.java:268)
	at ptolemy.domains.de.kernel.DEDirector._fire(DEDirector.java:1948)
	at ptolemy.domains.de.kernel.DEDirector.fire(DEDirector.java:502)
	at ptolemy.actor.CompositeActor.fire(CompositeActor.java:455)
	at ptolemy.actor.Manager.iterate(Manager.java:851)
	at ptolemy.actor.Manager.execute(Manager.java:369)
	at ptolemy.actor.Manager.run(Manager.java:1263)
	at ptolemy.actor.Manager$PtolemyRunThread.run(Manager.java:1915)
java.lang.RuntimeException: Execution failed
	at ptolemy.moml.MoMLSimpleApplication$UnloadThread.run(MoMLSimpleApplication.java:402)
Caused by: ptolemy.kernel.util.IllegalActionException: Actor is not ready to fire.  Perhaps UpSample.prefire() returned false? Try debugging the actor by selecting "Listen to Actor".  Also, for SDF check moml for tokenConsumptionRate on input.
  in .DESDFClockTest.Play Bell.Copy1:SDF Director and .DESDFClockTest.Play Bell.UpSample
	at ptolemy.actor.sched.StaticSchedulingDirector.fire(StaticSchedulingDirector.java:227)
	at ptolemy.domains.sdf.kernel.SDFDirector.fire(SDFDirector.java:500)
	at ptolemy.actor.CompositeActor.fire(CompositeActor.java:455)
	at ptolemy.domains.de.kernel.DEDirector._fire(DEDirector.java:1948)
	at ptolemy.domains.de.kernel.DEDirector.fire(DEDirector.java:502)
	at ptolemy.actor.CompositeActor.fire(CompositeActor.java:455)
	at ptolemy.actor.Manager.iterate(Manager.java:851)
	at ptolemy.actor.Manager.execute(Manager.java:369)
	at ptolemy.actor.Manager.run(Manager.java:1263)
	at ptolemy.actor.Manager$PtolemyRunThread.run(Manager.java:1915)
java.lang.reflect.InvocationTargetException
	at sun.reflect.NativeConstructorAccessorImpl.newInstance0(Native Method)
	at sun.reflect.NativeConstructorAccessorImpl.newInstance(NativeConstructorAccessorImpl.java:62)
	at sun.reflect.DelegatingConstructorAccessorImpl.newInstance(DelegatingConstructorAccessorImpl.java:45)
	at java.lang.reflect.Constructor.newInstance(Constructor.java:423)
	at ptolemy.util.test.junit.AutoKnownFailedTests.RunModel(AutoKnownFailedTests.java:107)
	at sun.reflect.NativeMethodAccessorImpl.invoke0(Native Method)
	at sun.reflect.NativeMethodAccessorImpl.invoke(NativeMethodAccessorImpl.java:62)
	at sun.reflect.DelegatingMethodAccessorImpl.invoke(DelegatingMethodAccessorImpl.java:43)
	at java.lang.reflect.Method.invoke(Method.java:498)
	at org.junit.runners.model.FrameworkMethod$1.runReflectiveCall(FrameworkMethod.java:44)
	at org.junit.internal.runners.model.ReflectiveCallable.run(ReflectiveCallable.java:15)
	at org.junit.runners.model.FrameworkMethod.invokeExplosively(FrameworkMethod.java:41)
	at junitparams.internal.InvokeParameterisedMethod.evaluate(InvokeParameterisedMethod.java:102)
	at org.junit.internal.runners.statements.FailOnTimeout$1.run(FailOnTimeout.java:28)
Caused by: ptolemy.kernel.util.IllegalActionException: Actor is not ready to fire.  Perhaps UpSample.prefire() returned false? Try debugging the actor by selecting "Listen to Actor".  Also, for SDF check moml for tokenConsumptionRate on input.
  in .DESDFClockTest.Play Bell.Copy1:SDF Director and .DESDFClockTest.Play Bell.UpSample
	at ptolemy.actor.sched.StaticSchedulingDirector.fire(StaticSchedulingDirector.java:227)
	at ptolemy.domains.sdf.kernel.SDFDirector.fire(SDFDirector.java:500)
	at ptolemy.actor.CompositeActor.fire(CompositeActor.java:455)
	at ptolemy.domains.de.kernel.DEDirector._fire(DEDirector.java:1948)
	at ptolemy.domains.de.kernel.DEDirector.fire(DEDirector.java:502)
	at ptolemy.actor.CompositeActor.fire(CompositeActor.java:455)
	at ptolemy.actor.Manager.iterate(Manager.java:851)
	at ptolemy.actor.Manager.execute(Manager.java:369)
	at ptolemy.actor.Manager.run(Manager.java:1263)
	at ptolemy.actor.Manager$PtolemyRunThread.run(Manager.java:1915)
java.lang.RuntimeException: Execution failed
	at ptolemy.moml.MoMLSimpleApplication$UnloadThread.run(MoMLSimpleApplication.java:402)
Caused by: ptolemy.kernel.util.IllegalActionException: Test fails in iteration 1.
Value was: 1.0. Should have been: 2.0
  in .DirectFeedback.Test
	at ptolemy.actor.lib.Test.fire(Test.java:268)
	at ptolemy.domains.de.kernel.DEDirector._fire(DEDirector.java:1948)
	at ptolemy.domains.de.kernel.DEDirector.fire(DEDirector.java:502)
	at ptolemy.actor.CompositeActor.fire(CompositeActor.java:455)
	at ptolemy.actor.Manager.iterate(Manager.java:851)
	at ptolemy.actor.Manager.execute(Manager.java:369)
	at ptolemy.actor.Manager.run(Manager.java:1263)
	at ptolemy.actor.Manager$PtolemyRunThread.run(Manager.java:1915)
java.lang.reflect.InvocationTargetException
	at sun.reflect.NativeConstructorAccessorImpl.newInstance0(Native Method)
	at sun.reflect.NativeConstructorAccessorImpl.newInstance(NativeConstructorAccessorImpl.java:62)
	at sun.reflect.DelegatingConstructorAccessorImpl.newInstance(DelegatingConstructorAccessorImpl.java:45)
	at java.lang.reflect.Constructor.newInstance(Constructor.java:423)
	at ptolemy.util.test.junit.AutoKnownFailedTests.RunModel(AutoKnownFailedTests.java:107)
	at sun.reflect.NativeMethodAccessorImpl.invoke0(Native Method)
	at sun.reflect.NativeMethodAccessorImpl.invoke(NativeMethodAccessorImpl.java:62)
	at sun.reflect.DelegatingMethodAccessorImpl.invoke(DelegatingMethodAccessorImpl.java:43)
	at java.lang.reflect.Method.invoke(Method.java:498)
	at org.junit.runners.model.FrameworkMethod$1.runReflectiveCall(FrameworkMethod.java:44)
	at org.junit.internal.runners.model.ReflectiveCallable.run(ReflectiveCallable.java:15)
	at org.junit.runners.model.FrameworkMethod.invokeExplosively(FrameworkMethod.java:41)
	at junitparams.internal.InvokeParameterisedMethod.evaluate(InvokeParameterisedMethod.java:102)
	at org.junit.internal.runners.statements.FailOnTimeout$1.run(FailOnTimeout.java:28)
Caused by: ptolemy.kernel.util.IllegalActionException: Test fails in iteration 1.
Value was: 1.0. Should have been: 2.0
  in .DirectFeedback.Test
	at ptolemy.actor.lib.Test.fire(Test.java:268)
	at ptolemy.domains.de.kernel.DEDirector._fire(DEDirector.java:1948)
	at ptolemy.domains.de.kernel.DEDirector.fire(DEDirector.java:502)
	at ptolemy.actor.CompositeActor.fire(CompositeActor.java:455)
	at ptolemy.actor.Manager.iterate(Manager.java:851)
	at ptolemy.actor.Manager.execute(Manager.java:369)
	at ptolemy.actor.Manager.run(Manager.java:1263)
	at ptolemy.actor.Manager$PtolemyRunThread.run(Manager.java:1915)
java.lang.RuntimeException: Execution failed
	at ptolemy.moml.MoMLSimpleApplication$UnloadThread.run(MoMLSimpleApplication.java:402)
Caused by: ptolemy.kernel.util.IllegalActionException: Found a zero delay loop containing .HierarchicalModel.A
  in .HierarchicalModel and .HierarchicalModel.A
	at ptolemy.actor.util.CausalityInterfaceForComposites._computeOutputPortDepth(CausalityInterfaceForComposites.java:759)
	at ptolemy.actor.util.CausalityInterfaceForComposites._computeInputDepth(CausalityInterfaceForComposites.java:696)
	at ptolemy.actor.util.CausalityInterfaceForComposites._computeOutputPortDepth(CausalityInterfaceForComposites.java:765)
	at ptolemy.actor.util.CausalityInterfaceForComposites._computeInputDepth(CausalityInterfaceForComposites.java:696)
	at ptolemy.actor.util.CausalityInterfaceForComposites._computeOutputPortDepth(CausalityInterfaceForComposites.java:765)
	at ptolemy.actor.util.CausalityInterfaceForComposites._computeInputDepth(CausalityInterfaceForComposites.java:696)
	at ptolemy.actor.util.CausalityInterfaceForComposites._computeActorDepth(CausalityInterfaceForComposites.java:532)
	at ptolemy.actor.util.CausalityInterfaceForComposites.checkForCycles(CausalityInterfaceForComposites.java:96)
	at ptolemy.domains.de.kernel.DEDirector.preinitialize(DEDirector.java:1337)
	at ptolemy.actor.CompositeActor.preinitialize(CompositeActor.java:1828)
	at ptolemy.actor.Manager.preinitializeAndResolveTypes(Manager.java:1040)
	at ptolemy.actor.Manager.initialize(Manager.java:710)
	at ptolemy.actor.Manager.execute(Manager.java:356)
	at ptolemy.actor.Manager.run(Manager.java:1263)
	at ptolemy.actor.Manager$PtolemyRunThread.run(Manager.java:1915)
java.lang.reflect.InvocationTargetException
	at sun.reflect.NativeConstructorAccessorImpl.newInstance0(Native Method)
	at sun.reflect.NativeConstructorAccessorImpl.newInstance(NativeConstructorAccessorImpl.java:62)
	at sun.reflect.DelegatingConstructorAccessorImpl.newInstance(DelegatingConstructorAccessorImpl.java:45)
	at java.lang.reflect.Constructor.newInstance(Constructor.java:423)
	at ptolemy.util.test.junit.AutoKnownFailedTests.RunModel(AutoKnownFailedTests.java:107)
	at sun.reflect.NativeMethodAccessorImpl.invoke0(Native Method)
	at sun.reflect.NativeMethodAccessorImpl.invoke(NativeMethodAccessorImpl.java:62)
	at sun.reflect.DelegatingMethodAccessorImpl.invoke(DelegatingMethodAccessorImpl.java:43)
	at java.lang.reflect.Method.invoke(Method.java:498)
	at org.junit.runners.model.FrameworkMethod$1.runReflectiveCall(FrameworkMethod.java:44)
	at org.junit.internal.runners.model.ReflectiveCallable.run(ReflectiveCallable.java:15)
	at org.junit.runners.model.FrameworkMethod.invokeExplosively(FrameworkMethod.java:41)
	at junitparams.internal.InvokeParameterisedMethod.evaluate(InvokeParameterisedMethod.java:102)
	at org.junit.internal.runners.statements.FailOnTimeout$1.run(FailOnTimeout.java:28)
Caused by: ptolemy.kernel.util.IllegalActionException: Found a zero delay loop containing .HierarchicalModel.A
  in .HierarchicalModel and .HierarchicalModel.A
	at ptolemy.actor.util.CausalityInterfaceForComposites._computeOutputPortDepth(CausalityInterfaceForComposites.java:759)
	at ptolemy.actor.util.CausalityInterfaceForComposites._computeInputDepth(CausalityInterfaceForComposites.java:696)
	at ptolemy.actor.util.CausalityInterfaceForComposites._computeOutputPortDepth(CausalityInterfaceForComposites.java:765)
	at ptolemy.actor.util.CausalityInterfaceForComposites._computeInputDepth(CausalityInterfaceForComposites.java:696)
	at ptolemy.actor.util.CausalityInterfaceForComposites._computeOutputPortDepth(CausalityInterfaceForComposites.java:765)
	at ptolemy.actor.util.CausalityInterfaceForComposites._computeInputDepth(CausalityInterfaceForComposites.java:696)
	at ptolemy.actor.util.CausalityInterfaceForComposites._computeActorDepth(CausalityInterfaceForComposites.java:532)
	at ptolemy.actor.util.CausalityInterfaceForComposites.checkForCycles(CausalityInterfaceForComposites.java:96)
	at ptolemy.domains.de.kernel.DEDirector.preinitialize(DEDirector.java:1337)
	at ptolemy.actor.CompositeActor.preinitialize(CompositeActor.java:1828)
	at ptolemy.actor.Manager.preinitializeAndResolveTypes(Manager.java:1040)
	at ptolemy.actor.Manager.initialize(Manager.java:710)
	at ptolemy.actor.Manager.execute(Manager.java:356)
	at ptolemy.actor.Manager.run(Manager.java:1263)
	at ptolemy.actor.Manager$PtolemyRunThread.run(Manager.java:1915)
java.lang.RuntimeException: Execution failed
	at ptolemy.moml.MoMLSimpleApplication$UnloadThread.run(MoMLSimpleApplication.java:402)
Caused by: ptolemy.kernel.util.IllegalActionException: Found a zero delay loop containing .dependencyLoop.original
  in .dependencyLoop and .dependencyLoop.original
	at ptolemy.actor.util.CausalityInterfaceForComposites._computeOutputPortDepth(CausalityInterfaceForComposites.java:759)
	at ptolemy.actor.util.CausalityInterfaceForComposites._computeInputDepth(CausalityInterfaceForComposites.java:696)
	at ptolemy.actor.util.CausalityInterfaceForComposites._computeOutputPortDepth(CausalityInterfaceForComposites.java:765)
	at ptolemy.actor.util.CausalityInterfaceForComposites._computeInputDepth(CausalityInterfaceForComposites.java:696)
	at ptolemy.actor.util.CausalityInterfaceForComposites._computeOutputPortDepth(CausalityInterfaceForComposites.java:765)
	at ptolemy.actor.util.CausalityInterfaceForComposites._computeInputDepth(CausalityInterfaceForComposites.java:696)
	at ptolemy.actor.util.CausalityInterfaceForComposites._computeActorDepth(CausalityInterfaceForComposites.java:532)
	at ptolemy.actor.util.CausalityInterfaceForComposites.checkForCycles(CausalityInterfaceForComposites.java:96)
	at ptolemy.domains.de.kernel.DEDirector.preinitialize(DEDirector.java:1337)
	at ptolemy.actor.CompositeActor.preinitialize(CompositeActor.java:1828)
	at ptolemy.actor.Manager.preinitializeAndResolveTypes(Manager.java:1040)
	at ptolemy.actor.Manager.initialize(Manager.java:710)
	at ptolemy.actor.Manager.execute(Manager.java:356)
	at ptolemy.actor.Manager.run(Manager.java:1263)
	at ptolemy.actor.Manager$PtolemyRunThread.run(Manager.java:1915)
java.lang.reflect.InvocationTargetException
	at sun.reflect.NativeConstructorAccessorImpl.newInstance0(Native Method)
	at sun.reflect.NativeConstructorAccessorImpl.newInstance(NativeConstructorAccessorImpl.java:62)
	at sun.reflect.DelegatingConstructorAccessorImpl.newInstance(DelegatingConstructorAccessorImpl.java:45)
	at java.lang.reflect.Constructor.newInstance(Constructor.java:423)
	at ptolemy.util.test.junit.AutoKnownFailedTests.RunModel(AutoKnownFailedTests.java:107)
	at sun.reflect.NativeMethodAccessorImpl.invoke0(Native Method)
	at sun.reflect.NativeMethodAccessorImpl.invoke(NativeMethodAccessorImpl.java:62)
	at sun.reflect.DelegatingMethodAccessorImpl.invoke(DelegatingMethodAccessorImpl.java:43)
	at java.lang.reflect.Method.invoke(Method.java:498)
	at org.junit.runners.model.FrameworkMethod$1.runReflectiveCall(FrameworkMethod.java:44)
	at org.junit.internal.runners.model.ReflectiveCallable.run(ReflectiveCallable.java:15)
	at org.junit.runners.model.FrameworkMethod.invokeExplosively(FrameworkMethod.java:41)
	at junitparams.internal.InvokeParameterisedMethod.evaluate(InvokeParameterisedMethod.java:102)
	at org.junit.internal.runners.statements.FailOnTimeout$1.run(FailOnTimeout.java:28)
Caused by: ptolemy.kernel.util.IllegalActionException: Found a zero delay loop containing .dependencyLoop.original
  in .dependencyLoop and .dependencyLoop.original
	at ptolemy.actor.util.CausalityInterfaceForComposites._computeOutputPortDepth(CausalityInterfaceForComposites.java:759)
	at ptolemy.actor.util.CausalityInterfaceForComposites._computeInputDepth(CausalityInterfaceForComposites.java:696)
	at ptolemy.actor.util.CausalityInterfaceForComposites._computeOutputPortDepth(CausalityInterfaceForComposites.java:765)
	at ptolemy.actor.util.CausalityInterfaceForComposites._computeInputDepth(CausalityInterfaceForComposites.java:696)
	at ptolemy.actor.util.CausalityInterfaceForComposites._computeOutputPortDepth(CausalityInterfaceForComposites.java:765)
	at ptolemy.actor.util.CausalityInterfaceForComposites._computeInputDepth(CausalityInterfaceForComposites.java:696)
	at ptolemy.actor.util.CausalityInterfaceForComposites._computeActorDepth(CausalityInterfaceForComposites.java:532)
	at ptolemy.actor.util.CausalityInterfaceForComposites.checkForCycles(CausalityInterfaceForComposites.java:96)
	at ptolemy.domains.de.kernel.DEDirector.preinitialize(DEDirector.java:1337)
	at ptolemy.actor.CompositeActor.preinitialize(CompositeActor.java:1828)
	at ptolemy.actor.Manager.preinitializeAndResolveTypes(Manager.java:1040)
	at ptolemy.actor.Manager.initialize(Manager.java:710)
	at ptolemy.actor.Manager.execute(Manager.java:356)
	at ptolemy.actor.Manager.run(Manager.java:1263)
	at ptolemy.actor.Manager$PtolemyRunThread.run(Manager.java:1915)
java.lang.RuntimeException: Execution failed
	at ptolemy.moml.MoMLSimpleApplication$UnloadThread.run(MoMLSimpleApplication.java:402)
Caused by: ptolemy.kernel.util.IllegalActionException: Found a zero delay loop containing .dependencyLoop2.original
  in .dependencyLoop2 and .dependencyLoop2.original
	at ptolemy.actor.util.CausalityInterfaceForComposites._computeOutputPortDepth(CausalityInterfaceForComposites.java:759)
	at ptolemy.actor.util.CausalityInterfaceForComposites._computeInputDepth(CausalityInterfaceForComposites.java:696)
	at ptolemy.actor.util.CausalityInterfaceForComposites._computeOutputPortDepth(CausalityInterfaceForComposites.java:765)
	at ptolemy.actor.util.CausalityInterfaceForComposites._computeInputDepth(CausalityInterfaceForComposites.java:696)
	at ptolemy.actor.util.CausalityInterfaceForComposites._computeOutputPortDepth(CausalityInterfaceForComposites.java:765)
	at ptolemy.actor.util.CausalityInterfaceForComposites._computeInputDepth(CausalityInterfaceForComposites.java:696)
	at ptolemy.actor.util.CausalityInterfaceForComposites._computeActorDepth(CausalityInterfaceForComposites.java:532)
	at ptolemy.actor.util.CausalityInterfaceForComposites.checkForCycles(CausalityInterfaceForComposites.java:96)
	at ptolemy.domains.de.kernel.DEDirector.preinitialize(DEDirector.java:1337)
	at ptolemy.actor.CompositeActor.preinitialize(CompositeActor.java:1828)
	at ptolemy.actor.Manager.preinitializeAndResolveTypes(Manager.java:1040)
	at ptolemy.actor.Manager.initialize(Manager.java:710)
	at ptolemy.actor.Manager.execute(Manager.java:356)
	at ptolemy.actor.Manager.run(Manager.java:1263)
	at ptolemy.actor.Manager$PtolemyRunThread.run(Manager.java:1915)
java.lang.reflect.InvocationTargetException
	at sun.reflect.NativeConstructorAccessorImpl.newInstance0(Native Method)
	at sun.reflect.NativeConstructorAccessorImpl.newInstance(NativeConstructorAccessorImpl.java:62)
	at sun.reflect.DelegatingConstructorAccessorImpl.newInstance(DelegatingConstructorAccessorImpl.java:45)
	at java.lang.reflect.Constructor.newInstance(Constructor.java:423)
	at ptolemy.util.test.junit.AutoKnownFailedTests.RunModel(AutoKnownFailedTests.java:107)
	at sun.reflect.NativeMethodAccessorImpl.invoke0(Native Method)
	at sun.reflect.NativeMethodAccessorImpl.invoke(NativeMethodAccessorImpl.java:62)
	at sun.reflect.DelegatingMethodAccessorImpl.invoke(DelegatingMethodAccessorImpl.java:43)
	at java.lang.reflect.Method.invoke(Method.java:498)
	at org.junit.runners.model.FrameworkMethod$1.runReflectiveCall(FrameworkMethod.java:44)
	at org.junit.internal.runners.model.ReflectiveCallable.run(ReflectiveCallable.java:15)
	at org.junit.runners.model.FrameworkMethod.invokeExplosively(FrameworkMethod.java:41)
	at junitparams.internal.InvokeParameterisedMethod.evaluate(InvokeParameterisedMethod.java:102)
	at org.junit.internal.runners.statements.FailOnTimeout$1.run(FailOnTimeout.java:28)
Caused by: ptolemy.kernel.util.IllegalActionException: Found a zero delay loop containing .dependencyLoop2.original
  in .dependencyLoop2 and .dependencyLoop2.original
	at ptolemy.actor.util.CausalityInterfaceForComposites._computeOutputPortDepth(CausalityInterfaceForComposites.java:759)
	at ptolemy.actor.util.CausalityInterfaceForComposites._computeInputDepth(CausalityInterfaceForComposites.java:696)
	at ptolemy.actor.util.CausalityInterfaceForComposites._computeOutputPortDepth(CausalityInterfaceForComposites.java:765)
	at ptolemy.actor.util.CausalityInterfaceForComposites._computeInputDepth(CausalityInterfaceForComposites.java:696)
	at ptolemy.actor.util.CausalityInterfaceForComposites._computeOutputPortDepth(CausalityInterfaceForComposites.java:765)
	at ptolemy.actor.util.CausalityInterfaceForComposites._computeInputDepth(CausalityInterfaceForComposites.java:696)
	at ptolemy.actor.util.CausalityInterfaceForComposites._computeActorDepth(CausalityInterfaceForComposites.java:532)
	at ptolemy.actor.util.CausalityInterfaceForComposites.checkForCycles(CausalityInterfaceForComposites.java:96)
	at ptolemy.domains.de.kernel.DEDirector.preinitialize(DEDirector.java:1337)
	at ptolemy.actor.CompositeActor.preinitialize(CompositeActor.java:1828)
	at ptolemy.actor.Manager.preinitializeAndResolveTypes(Manager.java:1040)
	at ptolemy.actor.Manager.initialize(Manager.java:710)
	at ptolemy.actor.Manager.execute(Manager.java:356)
	at ptolemy.actor.Manager.run(Manager.java:1263)
	at ptolemy.actor.Manager$PtolemyRunThread.run(Manager.java:1915)
]]></system-err>
</testsuite>
