<?xml version="1.0" encoding="UTF-8" ?>
<testsuite errors="0" failures="0" hostname="travis-job-347615bc-1999-4e79-a11c-77ed935c5bbe" name="ptolemy.vergil.basic.imprt.g4ltl.test.junit.JUnitTclTest" skipped="0" tests="4" time="8.92" timestamp="2018-04-20T01:20:17">
  <properties>
[...]
</properties>
  <testcase classname="ptolemy.util.test.junit.TclTests" name="[0] /home/travis/build/icyphy/ptII/ptolemy/vergil/basic/imprt/g4ltl/test/G4LTL.tcl (RunTclFile)" time="8.463" />
  <testcase classname="ptolemy.util.test.junit.AutoKnownFailedTests" name="[0] ThereAreNoKnowFailedTests (RunModel)" time="0.0" />
  <testcase classname="ptolemy.util.test.junit.AutoNameArchTests" name="[0] ThereAreNoAutoTests (RunModel)" time="0.0" />
  <testcase classname="ptolemy.util.test.junit.AutoTests" name="[0] ThereAreNoAutoTests (RunModel)" time="0.012" />
  <system-out><![CDATA[/home/travis/build/icyphy/ptII/ptolemy/vergil/basic/imprt/g4ltl/test/G4LTL.tcl
testDefs.tcl: setting time out to 9000 seconds at Fri Apr 20 01:20:17 UTC 2018
Rewritten as       : ( ( true ) U ( ( ( "req1" ) /\ ( ( false ) V ( ! ( "grant1" ) ) ) ) \/ ( ( ( "grant1" ) /\ ( "grant2" ) ) \/ ( ( "req2" ) /\ ( ( false ) V ( ! ( "grant2" ) ) ) ) ) ) )

***********************


Total elapsed time in execution of method formulaToBA() is : 11
Total elapsed time in execution of method createGameArena() is : 0
Total elapsed time in execution of method createReductionGraph() is: 3
Total elapsed time in execution of method analyzeSafetyGame() is: 23
59 ms. Memory: 269824K Free: 242615K (90%)


==== $PTII/ptolemy/vergil/basic/imprt/g4ltl/test/G4LTL.tcl: G4LTL-2.1 Synthesize from ArbitorLTL.txt using CoBuechi and unrollSteps 1 and merge it into the ArbitorTest.xml
==== Contents of test case:

    $parser resetAll
    set toplevel [java::cast ptolemy.actor.TypedCompositeActor [$parser parseFile ArbitorTest.xml]]
    # Import using CoBuechi with unrollstep == 1
    set result [generateMoML $PTII/ptolemy/vergil/basic/imprt/g4ltl/demo/Arbitor/ArbitorLTL.txt $toplevel 0 1]

    set request [java::new ptolemy.moml.MoMLChangeRequest $toplevel $toplevel {
      <entity name=".ArbitorTest" class="ptolemy.actor.TypedCompositeActor">
	<entity name="model1" class="ptolemy.domains.modal.kernel.FSMActor">
           <property name="seed" class="ptolemy.actor.parameters.SharedParameter" value="1L">
           </property>
           <property name="resetSeedOnEachRun" class="ptolemy.actor.parameters.SharedParameter" value="true">
           </property>
        </entity>
	<relation name="relation4" class="ptolemy.actor.TypedIORelation">
	</relation>
	<relation name="relation5" class="ptolemy.actor.TypedIORelation">
	</relation>
	<link port="model1.req1" relation="relation2"/>
	<link port="model1.req2" relation="relation"/>
	<link port="model1.grant1" relation="relation4"/>
	<link port="model1.grant2" relation="relation5"/>
	<link port="Grant1.input" relation="relation4"/>
	<link port="Grant2.input" relation="relation5"/>
      </entity>
    }]
    set manager [java::new ptolemy.actor.Manager [$toplevel workspace] myManager]
    $toplevel setManager $manager
    $manager requestChange $request
    #puts [$toplevel exportMoML]
    createBasicModelErrorHandler $toplevel
    $manager execute
    # This should not fail
    $manager execute
    $manager execute

.... Test generated KNOWN error:
Test fails in iteration 0.
Value was: false. Should have been: true
  in .ArbitorTest.Grant1
    while executing
ptolemy.kernel.util.IllegalActionException: Test fails in iteration 0.
Value was: false. Should have been: true
  in .ArbitorTest.Grant1
	at ptolemy.actor.lib.Test.fire(Test.java:268)
	at ptolemy.actor.AtomicActor.iterate(AtomicActor.java:512)
	at ptolemy.actor.sched.StaticSchedulingDirector.fire(StaticSchedulingDirector.java:216)
	at ptolemy.domains.sdf.kernel.SDFDirector.fire(SDFDirector.java:500)
	at ptolemy.actor.CompositeActor.fire(CompositeActor.java:455)
	at ptolemy.actor.Manager.iterate(Manager.java:851)
	at ptolemy.actor.Manager.execute(Manager.java:369)
	at sun.reflect.NativeMethodAccessorImpl.invoke0(Native Method)
	at sun.reflect.NativeMethodAccessorImpl.invoke(NativeMethodAccessorImpl.java:62)
	at sun.reflect.DelegatingMethodAccessorImpl.invoke(DelegatingMethodAccessorImpl.java:43)
	at java.lang.reflect.Method.invoke(Method.java:498)
	at tcl.lang.reflect.PkgInvoker.invokeMethod(PkgInvoker.java:129)
	at tcl.lang.JavaInvoke.call(JavaInvoke.java:253)
	at tcl.lang.JavaInvoke.callMethod(JavaInvoke.java:116)
	at tcl.lang.ReflectObject.cmdProc(ReflectObject.java:727)
	at tcl.lang.Parser.evalObjv(Parser.java:740)
	at tcl.lang.Parser.eval2(Parser.java:1138)
	at tcl.lang.Interp.eval(Interp.java:1782)
	at tcl.lang.Interp.eval(Interp.java:1841)
	at tcl.lang.UplevelCmd.cmdProc(UplevelCmd.java:93)
	at tcl.lang.Parser.evalObjv(Parser.java:740)
	at tcl.lang.Parser.eval2(Parser.java:1138)
	at tcl.lang.Interp.eval(Interp.java:1782)
	at tcl.lang.Interp.eval(Interp.java:1841)
	at tcl.lang.CatchCmd.cmdProc(CatchCmd.java:42)
	at tcl.lang.Parser.evalObjv(Parser.java:740)
	at tcl.lang.Parser.eval2(Parser.java:1138)
	at tcl.lang.Parser.evalTokens(Parser.java:930)
	at tcl.lang.Parser.eval2(Parser.java:1125)
	at tcl.lang.Procedure.cmdProc(Procedure.java:175)
	at tcl.lang.Parser.evalObjv(Parser.java:740)
	at tcl.lang.Parser.eval2(Parser.java:1138)
	at tcl.lang.Interp.eval(Interp.java:1782)
	at tcl.lang.Interp.evalFile(Interp.java:1880)
	at sun.reflect.NativeMethodAccessorImpl.invoke0(Native Method)
	at sun.reflect.NativeMethodAccessorImpl.invoke(NativeMethodAccessorImpl.java:62)
	at sun.reflect.DelegatingMethodAccessorImpl.invoke(DelegatingMethodAccessorImpl.java:43)
	at java.lang.reflect.Method.invoke(Method.java:498)
	at ptolemy.util.test.junit.TclTests.RunTclFile(TclTests.java:233)
	at sun.reflect.NativeMethodAccessorImpl.invoke0(Native Method)
	at sun.reflect.NativeMethodAccessorImpl.invoke(NativeMethodAccessorImpl.java:62)
	at sun.reflect.DelegatingMethodAccessorImpl.invoke(DelegatingMethodAccessorImpl.java:43)
	at java.lang.reflect.Method.invoke(Method.java:498)
	at org.junit.runners.model.FrameworkMethod$1.runReflectiveCall(FrameworkMethod.java:44)
	at org.junit.internal.runners.model.ReflectiveCallable.run(ReflectiveCallable.java:15)
	at org.junit.runners.model.FrameworkMethod.invokeExplosively(FrameworkMethod.java:41)
	at junitparams.internal.InvokeParameterisedMethod.evaluate(InvokeParameterisedMethod.java:102)
	at junitparams.internal.ParameterisedTestMethodRunner.runMethodInvoker(ParameterisedTestMethodRunner.java:47)
	at junitparams.internal.ParameterisedTestMethodRunner.runTestMethod(ParameterisedTestMethodRunner.java:41)
	at junitparams.internal.ParameterisedTestClassRunner.runParameterisedTest(ParameterisedTestClassRunner.java:143)
	at junitparams.JUnitParamsRunner.runChild(JUnitParamsRunner.java:237)
	at junitparams.JUnitParamsRunner.runChild(JUnitParamsRunner.java:215)
	at org.junit.runners.ParentRunner$3.run(ParentRunner.java:193)
	at org.junit.runners.ParentRunner$1.schedule(ParentRunner.java:52)
	at org.junit.runners.ParentRunner.runChildren(ParentRunner.java:191)
	at org.junit.runners.ParentRunner.access$000(ParentRunner.java:42)
	at org.junit.runners.ParentRunner$2.evaluate(ParentRunner.java:184)
	at org.junit.internal.runners.statements.RunAfters.evaluate(RunAfters.java:31)
	at org.junit.runners.ParentRunner.run(ParentRunner.java:236)
	at org.junit.runners.Suite.runChild(Suite.java:128)
	at org.junit.runners.Suite.runChild(Suite.java:24)
	at org.junit.runners.ParentRunner$3.run(ParentRunner.java:193)
	at org.junit.runners.ParentRunner$1.schedule(ParentRunner.java:52)
	at org.junit.runners.ParentRunner.runChildren(ParentRunner.java:191)
	at org.junit.runners.ParentRunner.access$000(ParentRunner.java:42)
	at org.junit.runners.ParentRunner$2.evaluate(ParentRunner.java:184)
	at org.junit.runners.ParentRunner.run(ParentRunner.java:236)
	at junit.framework.JUnit4TestAdapter.run(JUnit4TestAdapter.java:39)
	at org.apache.tools.ant.taskdefs.optional.junit.JUnitTestRunner.run(JUnitTestRunner.java:535)
	at org.apache.tools.ant.taskdefs.optional.junit.JUnitTestRunner.launch(JUnitTestRunner.java:1182)
	at org.apache.tools.ant.taskdefs.optional.junit.JUnitTestRunner.main(JUnitTestRunner.java:1033)

    while executing
ptolemy.kernel.util.IllegalActionException: Test fails in iteration 0.
Value was: false. Should have been: true
  in .ArbitorTest.Grant1
    while executing
"$manager execute"
    ("uplevel" body line 32)
    invoked from within
"uplevel $contents_of_test"
Rewritten as       : ( ( true ) U ( ( ( "req1" ) /\ ( ( ! ( "grant1" ) ) /\ ( X ( ! ( "grant1" ) ) ) ) ) \/ ( ( ( "req2" ) /\ ( ( false ) V ( ! ( "grant2" ) ) ) ) \/ ( ( ( "req3" ) /\ ( ( false ) V ( ! ( "grant3" ) ) ) ) \/ ( ( ( "grant1" ) /\ ( "grant2" ) ) \/ ( ( ( "grant2" ) /\ ( "grant3" ) ) \/ ( ( "grant1" ) /\ ( "grant3" ) ) ) ) ) ) ) )

***********************


Total elapsed time in execution of method formulaToBA() is : 30
Total elapsed time in execution of method createGameArena() is : 2
Total elapsed time in execution of method createReductionGraph() is: 333
Total elapsed time in execution of method analyzeSafetyGame() is: 132
24 ms. Memory: 441344K Free: 240913K (55%)


==== $PTII/ptolemy/vergil/basic/imprt/g4ltl/test/G4LTL.tcl: G4LTL-2.2 Synthesize from PriorityArbitorLTL.txt using CoBuechi and unrollSteps 3 and merge it into the PriorityArbitorTest.xml
==== Contents of test case:

    $parser resetAll
    set toplevel [java::cast ptolemy.actor.TypedCompositeActor [$parser parseFile PriorityArbitorTest.xml]]
    # Import using CoBuechi with unrollstep == 3
    set result [generateMoML $PTII/ptolemy/vergil/basic/imprt/g4ltl/demo/PriorityArbitor/PriorityArbitorLTL.txt $toplevel 0 3]

    set request [java::new ptolemy.moml.MoMLChangeRequest $toplevel $toplevel {
      <entity name=".PriorityArbitorTest" class="ptolemy.actor.TypedCompositeActor">
	<entity name="model1" class="ptolemy.domains.modal.kernel.FSMActor">
           <property name="seed" class="ptolemy.actor.parameters.SharedParameter" value="1L">
           </property>
           <property name="resetSeedOnEachRun" class="ptolemy.actor.parameters.SharedParameter" value="true">
           </property>
        </entity>
	<relation name="relation0" class="ptolemy.actor.TypedIORelation">
	</relation>        
	<relation name="relation2" class="ptolemy.actor.TypedIORelation">
	</relation>
	<relation name="relation4" class="ptolemy.actor.TypedIORelation">
	</relation>
	<link port="model1.req1" relation="relation4"/>
	<link port="model1.req2" relation="relation"/>
	<link port="model1.req3" relation="relation2"/>
	<link port="model1.grant1" relation="relation5"/>
	<link port="model1.grant2" relation="relation6"/>
	<link port="model1.grant3" relation="relation7"/>
      </entity>
    }]
    set manager [java::new ptolemy.actor.Manager [$toplevel workspace] myManager]
    $toplevel setManager $manager
    $manager requestChange $request
    #puts [$toplevel exportMoML]
    createBasicModelErrorHandler $toplevel
    $manager execute
    # This should not fail
    $manager execute
    $manager execute

.... Test generated KNOWN error:
Test fails in iteration 0.
Value was: false. Should have been: true
  in .PriorityArbitorTest.Test5
    while executing
ptolemy.kernel.util.IllegalActionException: Test fails in iteration 0.
Value was: false. Should have been: true
  in .PriorityArbitorTest.Test5
	at ptolemy.actor.lib.Test.fire(Test.java:268)
	at ptolemy.actor.AtomicActor.iterate(AtomicActor.java:512)
	at ptolemy.actor.sched.StaticSchedulingDirector.fire(StaticSchedulingDirector.java:216)
	at ptolemy.domains.sdf.kernel.SDFDirector.fire(SDFDirector.java:500)
	at ptolemy.actor.CompositeActor.fire(CompositeActor.java:455)
	at ptolemy.actor.Manager.iterate(Manager.java:851)
	at ptolemy.actor.Manager.execute(Manager.java:369)
	at sun.reflect.NativeMethodAccessorImpl.invoke0(Native Method)
	at sun.reflect.NativeMethodAccessorImpl.invoke(NativeMethodAccessorImpl.java:62)
	at sun.reflect.DelegatingMethodAccessorImpl.invoke(DelegatingMethodAccessorImpl.java:43)
	at java.lang.reflect.Method.invoke(Method.java:498)
	at tcl.lang.reflect.PkgInvoker.invokeMethod(PkgInvoker.java:129)
	at tcl.lang.JavaInvoke.call(JavaInvoke.java:253)
	at tcl.lang.JavaInvoke.callMethod(JavaInvoke.java:116)
	at tcl.lang.ReflectObject.cmdProc(ReflectObject.java:727)
	at tcl.lang.Parser.evalObjv(Parser.java:740)
	at tcl.lang.Parser.eval2(Parser.java:1138)
	at tcl.lang.Interp.eval(Interp.java:1782)
	at tcl.lang.Interp.eval(Interp.java:1841)
	at tcl.lang.UplevelCmd.cmdProc(UplevelCmd.java:93)
	at tcl.lang.Parser.evalObjv(Parser.java:740)
	at tcl.lang.Parser.eval2(Parser.java:1138)
	at tcl.lang.Interp.eval(Interp.java:1782)
	at tcl.lang.Interp.eval(Interp.java:1841)
	at tcl.lang.CatchCmd.cmdProc(CatchCmd.java:42)
	at tcl.lang.Parser.evalObjv(Parser.java:740)
	at tcl.lang.Parser.eval2(Parser.java:1138)
	at tcl.lang.Parser.evalTokens(Parser.java:930)
	at tcl.lang.Parser.eval2(Parser.java:1125)
	at tcl.lang.Procedure.cmdProc(Procedure.java:175)
	at tcl.lang.Parser.evalObjv(Parser.java:740)
	at tcl.lang.Parser.eval2(Parser.java:1138)
	at tcl.lang.Interp.eval(Interp.java:1782)
	at tcl.lang.Interp.evalFile(Interp.java:1880)
	at sun.reflect.NativeMethodAccessorImpl.invoke0(Native Method)
	at sun.reflect.NativeMethodAccessorImpl.invoke(NativeMethodAccessorImpl.java:62)
	at sun.reflect.DelegatingMethodAccessorImpl.invoke(DelegatingMethodAccessorImpl.java:43)
	at java.lang.reflect.Method.invoke(Method.java:498)
	at ptolemy.util.test.junit.TclTests.RunTclFile(TclTests.java:233)
	at sun.reflect.NativeMethodAccessorImpl.invoke0(Native Method)
	at sun.reflect.NativeMethodAccessorImpl.invoke(NativeMethodAccessorImpl.java:62)
	at sun.reflect.DelegatingMethodAccessorImpl.invoke(DelegatingMethodAccessorImpl.java:43)
	at java.lang.reflect.Method.invoke(Method.java:498)
	at org.junit.runners.model.FrameworkMethod$1.runReflectiveCall(FrameworkMethod.java:44)
	at org.junit.internal.runners.model.ReflectiveCallable.run(ReflectiveCallable.java:15)
	at org.junit.runners.model.FrameworkMethod.invokeExplosively(FrameworkMethod.java:41)
	at junitparams.internal.InvokeParameterisedMethod.evaluate(InvokeParameterisedMethod.java:102)
	at junitparams.internal.ParameterisedTestMethodRunner.runMethodInvoker(ParameterisedTestMethodRunner.java:47)
	at junitparams.internal.ParameterisedTestMethodRunner.runTestMethod(ParameterisedTestMethodRunner.java:41)
	at junitparams.internal.ParameterisedTestClassRunner.runParameterisedTest(ParameterisedTestClassRunner.java:143)
	at junitparams.JUnitParamsRunner.runChild(JUnitParamsRunner.java:237)
	at junitparams.JUnitParamsRunner.runChild(JUnitParamsRunner.java:215)
	at org.junit.runners.ParentRunner$3.run(ParentRunner.java:193)
	at org.junit.runners.ParentRunner$1.schedule(ParentRunner.java:52)
	at org.junit.runners.ParentRunner.runChildren(ParentRunner.java:191)
	at org.junit.runners.ParentRunner.access$000(ParentRunner.java:42)
	at org.junit.runners.ParentRunner$2.evaluate(ParentRunner.java:184)
	at org.junit.internal.runners.statements.RunAfters.evaluate(RunAfters.java:31)
	at org.junit.runners.ParentRunner.run(ParentRunner.java:236)
	at org.junit.runners.Suite.runChild(Suite.java:128)
	at org.junit.runners.Suite.runChild(Suite.java:24)
	at org.junit.runners.ParentRunner$3.run(ParentRunner.java:193)
	at org.junit.runners.ParentRunner$1.schedule(ParentRunner.java:52)
	at org.junit.runners.ParentRunner.runChildren(ParentRunner.java:191)
	at org.junit.runners.ParentRunner.access$000(ParentRunner.java:42)
	at org.junit.runners.ParentRunner$2.evaluate(ParentRunner.java:184)
	at org.junit.runners.ParentRunner.run(ParentRunner.java:236)
	at junit.framework.JUnit4TestAdapter.run(JUnit4TestAdapter.java:39)
	at org.apache.tools.ant.taskdefs.optional.junit.JUnitTestRunner.run(JUnitTestRunner.java:535)
	at org.apache.tools.ant.taskdefs.optional.junit.JUnitTestRunner.launch(JUnitTestRunner.java:1182)
	at org.apache.tools.ant.taskdefs.optional.junit.JUnitTestRunner.main(JUnitTestRunner.java:1033)

    while executing
ptolemy.kernel.util.IllegalActionException: Test fails in iteration 0.
Value was: false. Should have been: true
  in .PriorityArbitorTest.Test5
    while executing
"$manager execute"
    ("uplevel" body line 34)
    invoked from within
"uplevel $contents_of_test"
Rewritten as       : ( ( ( false ) V ( ( true ) U ( "operator" ) ) ) /\ ( ( true ) U ( ( ( "error" ) /\ ( ( ! ( "stop" ) ) V ( ! ( "operator" ) ) ) ) \/ ( ( ( "stop" ) /\ ( ( "grant1" ) \/ ( "grant2" ) ) ) \/ ( ( ( "req1" ) /\ ( ( false ) V ( ! ( "grant1" ) ) ) ) \/ ( ( ( "grant1" ) /\ ( "grant2" ) ) \/ ( ( "req2" ) /\ ( ( false ) V ( ! ( "grant2" ) ) ) ) ) ) ) ) ) )

***********************


Total elapsed time in execution of method formulaToBA() is : 40
Total elapsed time in execution of method createGameArena() is : 13
Total elapsed time in execution of method createReductionGraph() is: 1608
Total elapsed time in execution of method analyzeSafetyGame() is: 587
80 ms. Memory: 563712K Free: 349699K (62%)


==== $PTII/ptolemy/vergil/basic/imprt/g4ltl/test/G4LTL.tcl: G4LTL-2.3 Synthesize from ErrorHandlingLTL.txt using CoBuechi and unrollSteps 3 and merge it into the ErrorHandlingTest.xml
==== Contents of test case:

    $parser resetAll
    set toplevel [java::cast ptolemy.actor.TypedCompositeActor [$parser parseFile ErrorHandlingTest.xml]]
    # Import using CoBuechi with unrollstep == 3
    set result [generateMoML $PTII/ptolemy/vergil/basic/imprt/g4ltl/demo/ErrorHandling/ErrorHandlingLTL.txt $toplevel 0 3]

    set request [java::new ptolemy.moml.MoMLChangeRequest $toplevel $toplevel {
      <entity name=".ErrorHandlingTest" class="ptolemy.actor.TypedCompositeActor">
	<entity name="model1" class="ptolemy.domains.modal.kernel.FSMActor">
           <property name="seed" class="ptolemy.actor.parameters.SharedParameter" value="1L">
           </property>
           <property name="resetSeedOnEachRun" class="ptolemy.actor.parameters.SharedParameter" value="true">
           </property>
        </entity>        
    <relation name="relation16" class="ptolemy.actor.TypedIORelation">
    </relation>
    <relation name="relation17" class="ptolemy.actor.TypedIORelation">
    </relation>
    <relation name="relation18" class="ptolemy.actor.TypedIORelation">
    </relation>
    <relation name="relation19" class="ptolemy.actor.TypedIORelation">
    </relation>
    <link port="SetVariable.output" relation="relation16"/>
    <link port="SetVariable2.output" relation="relation17"/>
    <link port="SetVariable7.output" relation="relation18"/>  
    <link port="SetVariable6.output" relation="relation19"/>
    <link port="model1.error" relation="relation16"/>
    <link port="model1.operator" relation="relation17"/>
    <link port="model1.req1" relation="relation18"/>
    <link port="model1.req2" relation="relation19"/>
    <link port="model1.stop" relation="relation13"/>
    <link port="model1.grant1" relation="relation9"/>
    <link port="model1.grant2" relation="relation10"/>
      </entity>
    }]
    set manager [java::new ptolemy.actor.Manager [$toplevel workspace] myManager]
    $toplevel setManager $manager
    $manager requestChange $request
    #puts [$toplevel exportMoML]
    createBasicModelErrorHandler $toplevel
    $manager execute
    # This should not fail
    $manager execute
    $manager execute

.... Test generated KNOWN error:
Test fails in iteration 0.
Value was: false. Should have been: true
  in .ErrorHandlingTest.NonStrictTest2
    while executing
ptolemy.kernel.util.IllegalActionException: Test fails in iteration 0.
Value was: false. Should have been: true
  in .ErrorHandlingTest.NonStrictTest2
	at ptolemy.actor.lib.NonStrictTest.postfire(NonStrictTest.java:328)
	at ptolemy.actor.sched.FixedPointDirector._postfireActor(FixedPointDirector.java:1027)
	at ptolemy.actor.sched.FixedPointDirector.postfire(FixedPointDirector.java:520)
	at ptolemy.domains.sr.kernel.SRDirector.postfire(SRDirector.java:417)
	at ptolemy.actor.CompositeActor.postfire(CompositeActor.java:1668)
	at ptolemy.actor.Manager.iterate(Manager.java:852)
	at ptolemy.actor.Manager.execute(Manager.java:369)
	at sun.reflect.NativeMethodAccessorImpl.invoke0(Native Method)
	at sun.reflect.NativeMethodAccessorImpl.invoke(NativeMethodAccessorImpl.java:62)
	at sun.reflect.DelegatingMethodAccessorImpl.invoke(DelegatingMethodAccessorImpl.java:43)
	at java.lang.reflect.Method.invoke(Method.java:498)
	at tcl.lang.reflect.PkgInvoker.invokeMethod(PkgInvoker.java:129)
	at tcl.lang.JavaInvoke.call(JavaInvoke.java:253)
	at tcl.lang.JavaInvoke.callMethod(JavaInvoke.java:116)
	at tcl.lang.ReflectObject.cmdProc(ReflectObject.java:727)
	at tcl.lang.Parser.evalObjv(Parser.java:740)
	at tcl.lang.Parser.eval2(Parser.java:1138)
	at tcl.lang.Interp.eval(Interp.java:1782)
	at tcl.lang.Interp.eval(Interp.java:1841)
	at tcl.lang.UplevelCmd.cmdProc(UplevelCmd.java:93)
	at tcl.lang.Parser.evalObjv(Parser.java:740)
	at tcl.lang.Parser.eval2(Parser.java:1138)
	at tcl.lang.Interp.eval(Interp.java:1782)
	at tcl.lang.Interp.eval(Interp.java:1841)
	at tcl.lang.CatchCmd.cmdProc(CatchCmd.java:42)
	at tcl.lang.Parser.evalObjv(Parser.java:740)
	at tcl.lang.Parser.eval2(Parser.java:1138)
	at tcl.lang.Parser.evalTokens(Parser.java:930)
	at tcl.lang.Parser.eval2(Parser.java:1125)
	at tcl.lang.Procedure.cmdProc(Procedure.java:175)
	at tcl.lang.Parser.evalObjv(Parser.java:740)
	at tcl.lang.Parser.eval2(Parser.java:1138)
	at tcl.lang.Interp.eval(Interp.java:1782)
	at tcl.lang.Interp.evalFile(Interp.java:1880)
	at sun.reflect.NativeMethodAccessorImpl.invoke0(Native Method)
	at sun.reflect.NativeMethodAccessorImpl.invoke(NativeMethodAccessorImpl.java:62)
	at sun.reflect.DelegatingMethodAccessorImpl.invoke(DelegatingMethodAccessorImpl.java:43)
	at java.lang.reflect.Method.invoke(Method.java:498)
	at ptolemy.util.test.junit.TclTests.RunTclFile(TclTests.java:233)
	at sun.reflect.NativeMethodAccessorImpl.invoke0(Native Method)
	at sun.reflect.NativeMethodAccessorImpl.invoke(NativeMethodAccessorImpl.java:62)
	at sun.reflect.DelegatingMethodAccessorImpl.invoke(DelegatingMethodAccessorImpl.java:43)
	at java.lang.reflect.Method.invoke(Method.java:498)
	at org.junit.runners.model.FrameworkMethod$1.runReflectiveCall(FrameworkMethod.java:44)
	at org.junit.internal.runners.model.ReflectiveCallable.run(ReflectiveCallable.java:15)
	at org.junit.runners.model.FrameworkMethod.invokeExplosively(FrameworkMethod.java:41)
	at junitparams.internal.InvokeParameterisedMethod.evaluate(InvokeParameterisedMethod.java:102)
	at junitparams.internal.ParameterisedTestMethodRunner.runMethodInvoker(ParameterisedTestMethodRunner.java:47)
	at junitparams.internal.ParameterisedTestMethodRunner.runTestMethod(ParameterisedTestMethodRunner.java:41)
	at junitparams.internal.ParameterisedTestClassRunner.runParameterisedTest(ParameterisedTestClassRunner.java:143)
	at junitparams.JUnitParamsRunner.runChild(JUnitParamsRunner.java:237)
	at junitparams.JUnitParamsRunner.runChild(JUnitParamsRunner.java:215)
	at org.junit.runners.ParentRunner$3.run(ParentRunner.java:193)
	at org.junit.runners.ParentRunner$1.schedule(ParentRunner.java:52)
	at org.junit.runners.ParentRunner.runChildren(ParentRunner.java:191)
	at org.junit.runners.ParentRunner.access$000(ParentRunner.java:42)
	at org.junit.runners.ParentRunner$2.evaluate(ParentRunner.java:184)
	at org.junit.internal.runners.statements.RunAfters.evaluate(RunAfters.java:31)
	at org.junit.runners.ParentRunner.run(ParentRunner.java:236)
	at org.junit.runners.Suite.runChild(Suite.java:128)
	at org.junit.runners.Suite.runChild(Suite.java:24)
	at org.junit.runners.ParentRunner$3.run(ParentRunner.java:193)
	at org.junit.runners.ParentRunner$1.schedule(ParentRunner.java:52)
	at org.junit.runners.ParentRunner.runChildren(ParentRunner.java:191)
	at org.junit.runners.ParentRunner.access$000(ParentRunner.java:42)
	at org.junit.runners.ParentRunner$2.evaluate(ParentRunner.java:184)
	at org.junit.runners.ParentRunner.run(ParentRunner.java:236)
	at junit.framework.JUnit4TestAdapter.run(JUnit4TestAdapter.java:39)
	at org.apache.tools.ant.taskdefs.optional.junit.JUnitTestRunner.run(JUnitTestRunner.java:535)
	at org.apache.tools.ant.taskdefs.optional.junit.JUnitTestRunner.launch(JUnitTestRunner.java:1182)
	at org.apache.tools.ant.taskdefs.optional.junit.JUnitTestRunner.main(JUnitTestRunner.java:1033)

    while executing
ptolemy.kernel.util.IllegalActionException: Test fails in iteration 0.
Value was: false. Should have been: true
  in .ErrorHandlingTest.NonStrictTest2
    while executing
"$manager execute"
    ("uplevel" body line 41)
    invoked from within
"uplevel $contents_of_test"
04/20/18 01:20:25
Failed: 0  Total Tests: 4  ((Passed: 1, Newly Passed: 0)  Known Failed: 3) /home/travis/build/icyphy/ptII/ptolemy/vergil/basic/imprt/g4ltl/test
No auto/knownFailedTests/*.xml tests in /home/travis/build/icyphy/ptII/ptolemy/vergil/basic/imprt/g4ltl/test
No auto/*.xml tests in /home/travis/build/icyphy/ptII/ptolemy/vergil/basic/imprt/g4ltl/test
AutoTests.java: About to close Vertx.
AutoTests.java: Vertx closed.
No auto/*.xml tests in /home/travis/build/icyphy/ptII/ptolemy/vergil/basic/imprt/g4ltl/test
AutoTests.java: About to close Vertx.
AutoTests.java: Vertx closed.
]]></system-out>
  <system-err><![CDATA[]]></system-err>
</testsuite>
