<?xml version="1.0" encoding="UTF-8" ?>
<testsuite errors="0" failures="0" hostname="travis-job-f9d1c81a-ae34-4499-bf7b-85980b777b50" name="ptolemy.actor.lib.jjs.modules.serial.test.junit.JUnitTclTest" skipped="0" tests="10" time="264.813" timestamp="2018-04-19T14:44:53">
  <properties>
[...]
</properties>
  <testcase classname="ptolemy.util.test.junit.TclTests" name="[0] ThereAreNoTclTests (RunTclFile)" time="0.001" />
  <testcase classname="ptolemy.util.test.junit.AutoKnownFailedTests" name="[0] /home/travis/build/icyphy/ptII/ptolemy/actor/lib/jjs/modules/serial/test/auto/knownFailedTests/SerialHelloWorld.xml (RunModel)" time="6.84" />
  <testcase classname="ptolemy.util.test.junit.AutoNameArchTests" name="[0] ThereAreNoAutoTests (RunModel)" time="0.006" />
  <testcase classname="ptolemy.util.test.junit.AutoTests" name="[0] /home/travis/build/icyphy/ptII/ptolemy/actor/lib/jjs/modules/serial/test/auto/SerialLoopbackIntToString.xml (RunModel)" time="42.428" />
  <testcase classname="ptolemy.util.test.junit.AutoTests" name="[1] /home/travis/build/icyphy/ptII/ptolemy/actor/lib/jjs/modules/serial/test/auto/SerialLoopbackInvalid.xml (RunModel)" time="35.747" />
  <testcase classname="ptolemy.util.test.junit.AutoTests" name="[2] /home/travis/build/icyphy/ptII/ptolemy/actor/lib/jjs/modules/serial/test/auto/SerialLoopbackJSON.xml (RunModel)" time="36.756" />
  <testcase classname="ptolemy.util.test.junit.AutoTests" name="[3] /home/travis/build/icyphy/ptII/ptolemy/actor/lib/jjs/modules/serial/test/auto/SerialLoopbackNumber.xml (RunModel)" time="36.006" />
  <testcase classname="ptolemy.util.test.junit.AutoTests" name="[4] /home/travis/build/icyphy/ptII/ptolemy/actor/lib/jjs/modules/serial/test/auto/SerialLoopbackShort.xml (RunModel)" time="35.519" />
  <testcase classname="ptolemy.util.test.junit.AutoTests" name="[5] /home/travis/build/icyphy/ptII/ptolemy/actor/lib/jjs/modules/serial/test/auto/SerialLoopbackString.xml (RunModel)" time="36.006" />
  <testcase classname="ptolemy.util.test.junit.AutoTests" name="[6] /home/travis/build/icyphy/ptII/ptolemy/actor/lib/jjs/modules/serial/test/auto/SerialLoopbackUnsignedByte.xml (RunModel)" time="35.115" />
  <system-out><![CDATA[No tcl tests in /home/travis/build/icyphy/ptII/ptolemy/actor/lib/jjs/modules/serial/test
----------------- testing (KnownFailure) /home/travis/build/icyphy/ptII/ptolemy/actor/lib/jjs/modules/serial/test/auto/knownFailedTests/SerialHelloWorld.xml
JavaScript: Closing serial port. (Thread[SerialHelloWorld,1,main])
2158 ms. Memory: 234496K Free: 102831K (44%)
Known Failure: java.lang.reflect.InvocationTargetException
No auto/*.xml tests in /home/travis/build/icyphy/ptII/ptolemy/actor/lib/jjs/modules/serial/test
AutoTests.java: About to close Vertx.
AutoTests.java: Vertx closed.
----------------- testing Thu Apr 19 14:45:00 UTC 2018 /home/travis/build/icyphy/ptII/ptolemy/actor/lib/jjs/modules/serial/test/auto/SerialLoopbackIntToString.xml
----------------- Thu Apr 19 14:45:00 UTC 2018 About to sleep for 5.0 seconds before rerunning.  Test is: /home/travis/build/icyphy/ptII/ptolemy/actor/lib/jjs/modules/serial/test/auto/SerialLoopbackIntToString.xml
JSAccessor: PT_NO_NET environment variable is set, so git pull and ptdoc are not being run.
SerialPort: Closing serial port. (Thread[SerialLoopbackIntToString,1,main])
13069 ms. Memory: 653312K Free: 125309K (19%)
reloadAllAccessors: .SerialLoopbackIntToString
This is the first time that the reloadAllAccessors method has been invoked in this JVM, so the the accessors repo will be checked out or updated and JSDoc invoked. Note that running the tests may end up invoking a new JVM for each directory, so the repo may be checked out or updated and JSDoc invoked more than once when the tests are run.
SerialPort: Serial port reader thread exiting. (Thread[Thread-10,1,main])
SerialPort: Serial port writer thread exiting. (Thread[Thread-11,1,main])
----------------- Thu Apr 19 14:45:25 UTC 2018 About to sleep for 5.0 seconds before rerunning.  Test is: /home/travis/build/icyphy/ptII/ptolemy/actor/lib/jjs/modules/serial/test/auto/SerialLoopbackIntToString.xml
----------------- Reloaded Accessors and testing again Thu Apr 19 14:45:30 UTC 2018 /home/travis/build/icyphy/ptII/ptolemy/actor/lib/jjs/modules/serial/test/auto/SerialLoopbackIntToString.xml
SerialPort: Closing serial port. (Thread[Thread-7,5,main])
12212 ms. Memory: 764416K Free: 253625K (33%)
----------------- testing Thu Apr 19 14:45:43 UTC 2018 /home/travis/build/icyphy/ptII/ptolemy/actor/lib/jjs/modules/serial/test/auto/SerialLoopbackInvalid.xml
----------------- Thu Apr 19 14:45:43 UTC 2018 About to sleep for 5.0 seconds before rerunning.  Test is: /home/travis/build/icyphy/ptII/ptolemy/actor/lib/jjs/modules/serial/test/auto/SerialLoopbackInvalid.xml
SerialPort: Serial port reader thread exiting. (Thread[Thread-13,5,main])
SerialPort: Serial port writer thread exiting. (Thread[Thread-14,5,main])
SerialPort: SerialPort: invalid data: a, error: SyntaxError: Invalid JSON: <json>:1:0 Expected json literal but found a
a
^ (Thread[Thread-18,1,main])
SerialPort: SerialPort: invalid data: ab, error: SyntaxError: Invalid JSON: <json>:1:0 Expected json literal but found a
ab
^ (Thread[Thread-18,1,main])
SerialPort: SerialPort: invalid data: abb, error: SyntaxError: Invalid JSON: <json>:1:0 Expected json literal but found a
abb
^ (Thread[Thread-18,1,main])
SerialPort: SerialPort: invalid data: abbb, error: SyntaxError: Invalid JSON: <json>:1:0 Expected json literal but found a
abbb
^ (Thread[Thread-18,1,main])
SerialPort: SerialPort: invalid data: abbbb, error: SyntaxError: Invalid JSON: <json>:1:0 Expected json literal but found a
abbbb
^ (Thread[Thread-18,1,main])
SerialPort: SerialPort: invalid data: abbbbb, error: SyntaxError: Invalid JSON: <json>:1:0 Expected json literal but found a
abbbbb
^ (Thread[Thread-18,1,main])
SerialPort: SerialPort: invalid data: abbbbbb, error: SyntaxError: Invalid JSON: <json>:1:0 Expected json literal but found a
abbbbbb
^ (Thread[Thread-18,1,main])
SerialPort: SerialPort: invalid data: abbbbbbb, error: SyntaxError: Invalid JSON: <json>:1:0 Expected json literal but found a
abbbbbbb
^ (Thread[Thread-18,1,main])
SerialPort: SerialPort: invalid data: abbbbbbbb, error: SyntaxError: Invalid JSON: <json>:1:0 Expected json literal but found a
abbbbbbbb
^ (Thread[Thread-18,1,main])
SerialPort: SerialPort: invalid data: abbbbbbbbb, error: SyntaxError: Invalid JSON: <json>:1:0 Expected json literal but found a
abbbbbbbbb
^ (Thread[Thread-18,1,main])
SerialPort: SerialPort: invalid data: abbbbbbbbbb, error: SyntaxError: Invalid JSON: <json>:1:0 Expected json literal but found a
abbbbbbbbbb
^ (Thread[Thread-18,1,main])
SerialPort: SerialPort: invalid data: abbbbbbbbbbb, error: SyntaxError: Invalid JSON: <json>:1:0 Expected json literal but found a
abbbbbbbbbbb
^ (Thread[Thread-18,1,main])
SerialPort: SerialPort: invalid data: abbbbbbbbbbbb, error: SyntaxError: Invalid JSON: <json>:1:0 Expected json literal but found a
abbbbbbbbbbbb
^ (Thread[Thread-18,1,main])
SerialPort: SerialPort: invalid data: abbbbbbbbbbbbb, error: SyntaxError: Invalid JSON: <json>:1:0 Expected json literal but found a
abbbbbbbbbbbbb
^ (Thread[Thread-18,1,main])
SerialPort: SerialPort: invalid data: abbbbbbbbbbbbbb, error: SyntaxError: Invalid JSON: <json>:1:0 Expected json literal but found a
abbbbbbbbbbbbbb
^ (Thread[Thread-18,1,main])
SerialPort: SerialPort: invalid data: abbbbbbbbbbbbbbb, error: SyntaxError: Invalid JSON: <json>:1:0 Expected json literal but found a
abbbbbbbbbbbbbbb
^ (Thread[Thread-18,1,main])
SerialPort: SerialPort: invalid data: abbbbbbbbbbbbbbbb, error: SyntaxError: Invalid JSON: <json>:1:0 Expected json literal but found a
abbbbbbbbbbbbbbbb
^ (Thread[Thread-18,1,main])
SerialPort: SerialPort: invalid data: abbbbbbbbbbbbbbbbb, error: SyntaxError: Invalid JSON: <json>:1:0 Expected json literal but found a
abbbbbbbbbbbbbbbbb
^ (Thread[Thread-18,1,main])
SerialPort: SerialPort: invalid data: abbbbbbbbbbbbbbbbbb, error: SyntaxError: Invalid JSON: <json>:1:0 Expected json literal but found a
abbbbbbbbbbbbbbbbbb
^ (Thread[Thread-18,1,main])
SerialPort: SerialPort: invalid data: abbbbbbbbbbbbbbbbbbb, error: SyntaxError: Invalid JSON: <json>:1:0 Expected json literal but found a
abbbbbbbbbbbbbbbbbbb
^ (Thread[Thread-18,1,main])
SerialPort: SerialPort: invalid data: abbbbbbbbbbbbbbbbbbbb, error: SyntaxError: Invalid JSON: <json>:1:0 Expected json literal but found a
abbbbbbbbbbbbbbbbbbbb
^ (Thread[Thread-18,1,main])
SerialPort: SerialPort: invalid data: abbbbbbbbbbbbbbbbbbbbb, error: SyntaxError: Invalid JSON: <json>:1:0 Expected json literal but found a
abbbbbbbbbbbbbbbbbbbbb
^ (Thread[Thread-18,1,main])
SerialPort: SerialPort: invalid data: abbbbbbbbbbbbbbbbbbbbbb, error: SyntaxError: Invalid JSON: <json>:1:0 Expected json literal but found a
abbbbbbbbbbbbbbbbbbbbbb
^ (Thread[Thread-18,1,main])
SerialPort: SerialPort: invalid data: abbbbbbbbbbbbbbbbbbbbbbb, error: SyntaxError: Invalid JSON: <json>:1:0 Expected json literal but found a
abbbbbbbbbbbbbbbbbbbbbbb
^ (Thread[Thread-18,1,main])
SerialPort: SerialPort: invalid data: abbbbbbbbbbbbbbbbbbbbbbbb, error: SyntaxError: Invalid JSON: <json>:1:0 Expected json literal but found a
abbbbbbbbbbbbbbbbbbbbbbbb
^ (Thread[Thread-18,1,main])
SerialPort: SerialPort: invalid data: abbbbbbbbbbbbbbbbbbbbbbbbb, error: SyntaxError: Invalid JSON: <json>:1:0 Expected json literal but found a
abbbbbbbbbbbbbbbbbbbbbbbbb
^ (Thread[Thread-18,1,main])
SerialPort: SerialPort: invalid data: abbbbbbbbbbbbbbbbbbbbbbbbbb, error: SyntaxError: Invalid JSON: <json>:1:0 Expected json literal but found a
abbbbbbbbbbbbbbbbbbbbbbbbbb
^ (Thread[Thread-18,1,main])
SerialPort: SerialPort: invalid data: abbbbbbbbbbbbbbbbbbbbbbbbbbb, error: SyntaxError: Invalid JSON: <json>:1:0 Expected json literal but found a
abbbbbbbbbbbbbbbbbbbbbbbbbbb
^ (Thread[Thread-18,1,main])
SerialPort: SerialPort: invalid data: abbbbbbbbbbbbbbbbbbbbbbbbbbbb, error: SyntaxError: Invalid JSON: <json>:1:0 Expected json literal but found a
abbbbbbbbbbbbbbbbbbbbbbbbbbbb
^ (Thread[Thread-18,1,main])
SerialPort: SerialPort: invalid data: abbbbbbbbbbbbbbbbbbbbbbbbbbbbb, error: SyntaxError: Invalid JSON: <json>:1:0 Expected json literal but found a
abbbbbbbbbbbbbbbbbbbbbbbbbbbbb
^ (Thread[Thread-18,1,main])
SerialPort: SerialPort: invalid data: abbbbbbbbbbbbbbbbbbbbbbbbbbbbbb, error: SyntaxError: Invalid JSON: <json>:1:0 Expected json literal but found a
abbbbbbbbbbbbbbbbbbbbbbbbbbbbbb
^ (Thread[Thread-18,1,main])
SerialPort: SerialPort: invalid data: abbbbbbbbbbbbbbbbbbbbbbbbbbbbbbb, error: SyntaxError: Invalid JSON: <json>:1:0 Expected json literal but found a
abbbbbbbbbbbbbbbbbbbbbbbbbbbbbbb
^ (Thread[Thread-18,1,main])
SerialPort: SerialPort: invalid data: abbbbbbbbbbbbbbbbbbbbbbbbbbbbbbbb, error: SyntaxError: Invalid JSON: <json>:1:0 Expected json literal but found a
abbbbbbbbbbbbbbbbbbbbbbbbbbbbbbbb
^ (Thread[Thread-18,1,main])
SerialPort: SerialPort: invalid data: abbbbbbbbbbbbbbbbbbbbbbbbbbbbbbbbb, error: SyntaxError: Invalid JSON: <json>:1:0 Expected json literal but found a
abbbbbbbbbbbbbbbbbbbbbbbbbbbbbbbbb
^ (Thread[Thread-18,1,main])
SerialPort: SerialPort: invalid data: abbbbbbbbbbbbbbbbbbbbbbbbbbbbbbbbbb, error: SyntaxError: Invalid JSON: <json>:1:0 Expected json literal but found a
abbbbbbbbbbbbbbbbbbbbbbbbbbbbbbbbbb
^ (Thread[Thread-18,1,main])
SerialPort: SerialPort: invalid data: abbbbbbbbbbbbbbbbbbbbbbbbbbbbbbbbbbb, error: SyntaxError: Invalid JSON: <json>:1:0 Expected json literal but found a
abbbbbbbbbbbbbbbbbbbbbbbbbbbbbbbbbbb
^ (Thread[Thread-18,1,main])
SerialPort: SerialPort: invalid data: abbbbbbbbbbbbbbbbbbbbbbbbbbbbbbbbbbbb, error: SyntaxError: Invalid JSON: <json>:1:0 Expected json literal but found a
abbbbbbbbbbbbbbbbbbbbbbbbbbbbbbbbbbbb
^ (Thread[Thread-18,1,main])
SerialPort: SerialPort: invalid data: abbbbbbbbbbbbbbbbbbbbbbbbbbbbbbbbbbbbb, error: SyntaxError: Invalid JSON: <json>:1:0 Expected json literal but found a
abbbbbbbbbbbbbbbbbbbbbbbbbbbbbbbbbbbbb
^ (Thread[Thread-18,1,main])
SerialPort: SerialPort: invalid data: abbbbbbbbbbbbbbbbbbbbbbbbbbbbbbbbbbbbbb, error: SyntaxError: Invalid JSON: <json>:1:0 Expected json literal but found a
abbbbbbbbbbbbbbbbbbbbbbbbbbbbbbbbbbbbbb
^ (Thread[Thread-18,1,main])
SerialPort: Closing serial port. (Thread[SerialLoopbackInvalid,1,main])
10336 ms. Memory: 801280K Free: 281398K (35%)
reloadAllAccessors: .SerialLoopbackInvalid
SerialPort: Serial port reader thread exiting. (Thread[Thread-18,1,main])
SerialPort: Serial port writer thread exiting. (Thread[Thread-19,1,main])
----------------- Thu Apr 19 14:46:03 UTC 2018 About to sleep for 5.0 seconds before rerunning.  Test is: /home/travis/build/icyphy/ptII/ptolemy/actor/lib/jjs/modules/serial/test/auto/SerialLoopbackInvalid.xml
----------------- Reloaded Accessors and testing again Thu Apr 19 14:46:08 UTC 2018 /home/travis/build/icyphy/ptII/ptolemy/actor/lib/jjs/modules/serial/test/auto/SerialLoopbackInvalid.xml
SerialPort: SerialPort: invalid data: a, error: SyntaxError: Invalid JSON: <json>:1:0 Expected json literal but found a
a
^ (Thread[Thread-21,5,main])
SerialPort: SerialPort: invalid data: ab, error: SyntaxError: Invalid JSON: <json>:1:0 Expected json literal but found a
ab
^ (Thread[Thread-21,5,main])
SerialPort: SerialPort: invalid data: abb, error: SyntaxError: Invalid JSON: <json>:1:0 Expected json literal but found a
abb
^ (Thread[Thread-21,5,main])
SerialPort: SerialPort: invalid data: abbb, error: SyntaxError: Invalid JSON: <json>:1:0 Expected json literal but found a
abbb
^ (Thread[Thread-21,5,main])
SerialPort: SerialPort: invalid data: abbbb, error: SyntaxError: Invalid JSON: <json>:1:0 Expected json literal but found a
abbbb
^ (Thread[Thread-21,5,main])
SerialPort: SerialPort: invalid data: abbbbb, error: SyntaxError: Invalid JSON: <json>:1:0 Expected json literal but found a
abbbbb
^ (Thread[Thread-21,5,main])
SerialPort: SerialPort: invalid data: abbbbbb, error: SyntaxError: Invalid JSON: <json>:1:0 Expected json literal but found a
abbbbbb
^ (Thread[Thread-21,5,main])
SerialPort: SerialPort: invalid data: abbbbbbb, error: SyntaxError: Invalid JSON: <json>:1:0 Expected json literal but found a
abbbbbbb
^ (Thread[Thread-21,5,main])
SerialPort: SerialPort: invalid data: abbbbbbbb, error: SyntaxError: Invalid JSON: <json>:1:0 Expected json literal but found a
abbbbbbbb
^ (Thread[Thread-21,5,main])
SerialPort: SerialPort: invalid data: abbbbbbbbb, error: SyntaxError: Invalid JSON: <json>:1:0 Expected json literal but found a
abbbbbbbbb
^ (Thread[Thread-21,5,main])
SerialPort: SerialPort: invalid data: abbbbbbbbbb, error: SyntaxError: Invalid JSON: <json>:1:0 Expected json literal but found a
abbbbbbbbbb
^ (Thread[Thread-21,5,main])
SerialPort: SerialPort: invalid data: abbbbbbbbbbb, error: SyntaxError: Invalid JSON: <json>:1:0 Expected json literal but found a
abbbbbbbbbbb
^ (Thread[Thread-21,5,main])
SerialPort: SerialPort: invalid data: abbbbbbbbbbbb, error: SyntaxError: Invalid JSON: <json>:1:0 Expected json literal but found a
abbbbbbbbbbbb
^ (Thread[Thread-21,5,main])
SerialPort: SerialPort: invalid data: abbbbbbbbbbbbb, error: SyntaxError: Invalid JSON: <json>:1:0 Expected json literal but found a
abbbbbbbbbbbbb
^ (Thread[Thread-21,5,main])
SerialPort: SerialPort: invalid data: abbbbbbbbbbbbbb, error: SyntaxError: Invalid JSON: <json>:1:0 Expected json literal but found a
abbbbbbbbbbbbbb
^ (Thread[Thread-21,5,main])
SerialPort: SerialPort: invalid data: abbbbbbbbbbbbbbb, error: SyntaxError: Invalid JSON: <json>:1:0 Expected json literal but found a
abbbbbbbbbbbbbbb
^ (Thread[Thread-21,5,main])
SerialPort: SerialPort: invalid data: abbbbbbbbbbbbbbbb, error: SyntaxError: Invalid JSON: <json>:1:0 Expected json literal but found a
abbbbbbbbbbbbbbbb
^ (Thread[Thread-21,5,main])
SerialPort: SerialPort: invalid data: abbbbbbbbbbbbbbbbb, error: SyntaxError: Invalid JSON: <json>:1:0 Expected json literal but found a
abbbbbbbbbbbbbbbbb
^ (Thread[Thread-21,5,main])
SerialPort: SerialPort: invalid data: abbbbbbbbbbbbbbbbbb, error: SyntaxError: Invalid JSON: <json>:1:0 Expected json literal but found a
abbbbbbbbbbbbbbbbbb
^ (Thread[Thread-21,5,main])
SerialPort: SerialPort: invalid data: abbbbbbbbbbbbbbbbbbb, error: SyntaxError: Invalid JSON: <json>:1:0 Expected json literal but found a
abbbbbbbbbbbbbbbbbbb
^ (Thread[Thread-21,5,main])
SerialPort: SerialPort: invalid data: abbbbbbbbbbbbbbbbbbbb, error: SyntaxError: Invalid JSON: <json>:1:0 Expected json literal but found a
abbbbbbbbbbbbbbbbbbbb
^ (Thread[Thread-21,5,main])
SerialPort: SerialPort: invalid data: abbbbbbbbbbbbbbbbbbbbb, error: SyntaxError: Invalid JSON: <json>:1:0 Expected json literal but found a
abbbbbbbbbbbbbbbbbbbbb
^ (Thread[Thread-21,5,main])
SerialPort: SerialPort: invalid data: abbbbbbbbbbbbbbbbbbbbbb, error: SyntaxError: Invalid JSON: <json>:1:0 Expected json literal but found a
abbbbbbbbbbbbbbbbbbbbbb
^ (Thread[Thread-21,5,main])
SerialPort: SerialPort: invalid data: abbbbbbbbbbbbbbbbbbbbbbb, error: SyntaxError: Invalid JSON: <json>:1:0 Expected json literal but found a
abbbbbbbbbbbbbbbbbbbbbbb
^ (Thread[Thread-21,5,main])
SerialPort: SerialPort: invalid data: abbbbbbbbbbbbbbbbbbbbbbbb, error: SyntaxError: Invalid JSON: <json>:1:0 Expected json literal but found a
abbbbbbbbbbbbbbbbbbbbbbbb
^ (Thread[Thread-21,5,main])
SerialPort: SerialPort: invalid data: abbbbbbbbbbbbbbbbbbbbbbbbb, error: SyntaxError: Invalid JSON: <json>:1:0 Expected json literal but found a
abbbbbbbbbbbbbbbbbbbbbbbbb
^ (Thread[Thread-21,5,main])
SerialPort: SerialPort: invalid data: abbbbbbbbbbbbbbbbbbbbbbbbbb, error: SyntaxError: Invalid JSON: <json>:1:0 Expected json literal but found a
abbbbbbbbbbbbbbbbbbbbbbbbbb
^ (Thread[Thread-21,5,main])
SerialPort: SerialPort: invalid data: abbbbbbbbbbbbbbbbbbbbbbbbbbb, error: SyntaxError: Invalid JSON: <json>:1:0 Expected json literal but found a
abbbbbbbbbbbbbbbbbbbbbbbbbbb
^ (Thread[Thread-21,5,main])
SerialPort: SerialPort: invalid data: abbbbbbbbbbbbbbbbbbbbbbbbbbbb, error: SyntaxError: Invalid JSON: <json>:1:0 Expected json literal but found a
abbbbbbbbbbbbbbbbbbbbbbbbbbbb
^ (Thread[Thread-21,5,main])
SerialPort: SerialPort: invalid data: abbbbbbbbbbbbbbbbbbbbbbbbbbbbb, error: SyntaxError: Invalid JSON: <json>:1:0 Expected json literal but found a
abbbbbbbbbbbbbbbbbbbbbbbbbbbbb
^ (Thread[Thread-21,5,main])
SerialPort: SerialPort: invalid data: abbbbbbbbbbbbbbbbbbbbbbbbbbbbbb, error: SyntaxError: Invalid JSON: <json>:1:0 Expected json literal but found a
abbbbbbbbbbbbbbbbbbbbbbbbbbbbbb
^ (Thread[Thread-21,5,main])
SerialPort: SerialPort: invalid data: abbbbbbbbbbbbbbbbbbbbbbbbbbbbbbb, error: SyntaxError: Invalid JSON: <json>:1:0 Expected json literal but found a
abbbbbbbbbbbbbbbbbbbbbbbbbbbbbbb
^ (Thread[Thread-21,5,main])
SerialPort: SerialPort: invalid data: abbbbbbbbbbbbbbbbbbbbbbbbbbbbbbbb, error: SyntaxError: Invalid JSON: <json>:1:0 Expected json literal but found a
abbbbbbbbbbbbbbbbbbbbbbbbbbbbbbbb
^ (Thread[Thread-21,5,main])
SerialPort: SerialPort: invalid data: abbbbbbbbbbbbbbbbbbbbbbbbbbbbbbbbb, error: SyntaxError: Invalid JSON: <json>:1:0 Expected json literal but found a
abbbbbbbbbbbbbbbbbbbbbbbbbbbbbbbbb
^ (Thread[Thread-21,5,main])
SerialPort: SerialPort: invalid data: abbbbbbbbbbbbbbbbbbbbbbbbbbbbbbbbbb, error: SyntaxError: Invalid JSON: <json>:1:0 Expected json literal but found a
abbbbbbbbbbbbbbbbbbbbbbbbbbbbbbbbbb
^ (Thread[Thread-21,5,main])
SerialPort: SerialPort: invalid data: abbbbbbbbbbbbbbbbbbbbbbbbbbbbbbbbbbb, error: SyntaxError: Invalid JSON: <json>:1:0 Expected json literal but found a
abbbbbbbbbbbbbbbbbbbbbbbbbbbbbbbbbbb
^ (Thread[Thread-21,5,main])
SerialPort: SerialPort: invalid data: abbbbbbbbbbbbbbbbbbbbbbbbbbbbbbbbbbbb, error: SyntaxError: Invalid JSON: <json>:1:0 Expected json literal but found a
abbbbbbbbbbbbbbbbbbbbbbbbbbbbbbbbbbbb
^ (Thread[Thread-21,5,main])
SerialPort: SerialPort: invalid data: abbbbbbbbbbbbbbbbbbbbbbbbbbbbbbbbbbbbb, error: SyntaxError: Invalid JSON: <json>:1:0 Expected json literal but found a
abbbbbbbbbbbbbbbbbbbbbbbbbbbbbbbbbbbbb
^ (Thread[Thread-21,5,main])
SerialPort: SerialPort: invalid data: abbbbbbbbbbbbbbbbbbbbbbbbbbbbbbbbbbbbbb, error: SyntaxError: Invalid JSON: <json>:1:0 Expected json literal but found a
abbbbbbbbbbbbbbbbbbbbbbbbbbbbbbbbbbbbbb
^ (Thread[Thread-21,5,main])
SerialPort: SerialPort: invalid data: abbbbbbbbbbbbbbbbbbbbbbbbbbbbbbbbbbbbbbb, error: SyntaxError: Invalid JSON: <json>:1:0 Expected json literal but found a
abbbbbbbbbbbbbbbbbbbbbbbbbbbbbbbbbbbbbbb
^ (Thread[Thread-21,5,main])
SerialPort: SerialPort: invalid data: abbbbbbbbbbbbbbbbbbbbbbbbbbbbbbbbbbbbbbbb, error: SyntaxError: Invalid JSON: <json>:1:0 Expected json literal but found a
abbbbbbbbbbbbbbbbbbbbbbbbbbbbbbbbbbbbbbbb
^ (Thread[Thread-21,5,main])
SerialPort: Closing serial port. (Thread[Thread-15,5,main])
10407 ms. Memory: 830976K Free: 346779K (42%)
----------------- testing Thu Apr 19 14:46:18 UTC 2018 /home/travis/build/icyphy/ptII/ptolemy/actor/lib/jjs/modules/serial/test/auto/SerialLoopbackJSON.xml
----------------- Thu Apr 19 14:46:18 UTC 2018 About to sleep for 5.0 seconds before rerunning.  Test is: /home/travis/build/icyphy/ptII/ptolemy/actor/lib/jjs/modules/serial/test/auto/SerialLoopbackJSON.xml
SerialPort: Serial port reader thread exiting. (Thread[Thread-21,5,main])
SerialPort: Serial port writer thread exiting. (Thread[Thread-22,5,main])
SerialPort: Closing serial port. (Thread[SerialLoopbackJSON,1,main])
JavaScriptJSON: JavaScriptTrueToken.wrapup() (Thread[SerialLoopbackJSON,1,main])
11499 ms. Memory: 844288K Free: 440486K (52%)
reloadAllAccessors: .SerialLoopbackJSON
SerialPort: Serial port reader thread exiting. (Thread[Thread-26,1,main])
SerialPort: Serial port writer thread exiting. (Thread[Thread-27,1,main])
----------------- Thu Apr 19 14:46:39 UTC 2018 About to sleep for 5.0 seconds before rerunning.  Test is: /home/travis/build/icyphy/ptII/ptolemy/actor/lib/jjs/modules/serial/test/auto/SerialLoopbackJSON.xml
----------------- Reloaded Accessors and testing again Thu Apr 19 14:46:44 UTC 2018 /home/travis/build/icyphy/ptII/ptolemy/actor/lib/jjs/modules/serial/test/auto/SerialLoopbackJSON.xml
SerialPort: Closing serial port. (Thread[Thread-23,5,main])
JavaScriptJSON: JavaScriptTrueToken.wrapup() (Thread[Thread-23,5,main])
10774 ms. Memory: 847872K Free: 441011K (52%)
----------------- testing Thu Apr 19 14:46:55 UTC 2018 /home/travis/build/icyphy/ptII/ptolemy/actor/lib/jjs/modules/serial/test/auto/SerialLoopbackNumber.xml
----------------- Thu Apr 19 14:46:55 UTC 2018 About to sleep for 5.0 seconds before rerunning.  Test is: /home/travis/build/icyphy/ptII/ptolemy/actor/lib/jjs/modules/serial/test/auto/SerialLoopbackNumber.xml
SerialPort: Serial port reader thread exiting. (Thread[Thread-29,5,main])
SerialPort: Serial port writer thread exiting. (Thread[Thread-30,5,main])
SerialPort: Closing serial port. (Thread[SerialLoopbackNumber,1,main])
10526 ms. Memory: 864256K Free: 564145K (65%)
reloadAllAccessors: .SerialLoopbackNumber
SerialPort: Serial port reader thread exiting. (Thread[Thread-34,1,main])
SerialPort: Serial port writer thread exiting. (Thread[Thread-35,1,main])
----------------- Thu Apr 19 14:47:15 UTC 2018 About to sleep for 5.0 seconds before rerunning.  Test is: /home/travis/build/icyphy/ptII/ptolemy/actor/lib/jjs/modules/serial/test/auto/SerialLoopbackNumber.xml
----------------- Reloaded Accessors and testing again Thu Apr 19 14:47:20 UTC 2018 /home/travis/build/icyphy/ptII/ptolemy/actor/lib/jjs/modules/serial/test/auto/SerialLoopbackNumber.xml
SerialPort: Closing serial port. (Thread[Thread-31,5,main])
11069 ms. Memory: 872960K Free: 729555K (84%)
----------------- testing Thu Apr 19 14:47:31 UTC 2018 /home/travis/build/icyphy/ptII/ptolemy/actor/lib/jjs/modules/serial/test/auto/SerialLoopbackShort.xml
----------------- Thu Apr 19 14:47:31 UTC 2018 About to sleep for 5.0 seconds before rerunning.  Test is: /home/travis/build/icyphy/ptII/ptolemy/actor/lib/jjs/modules/serial/test/auto/SerialLoopbackShort.xml
SerialPort: Serial port reader thread exiting. (Thread[Thread-37,5,main])
SerialPort: Serial port writer thread exiting. (Thread[Thread-38,5,main])
SerialPort: Closing serial port. (Thread[SerialLoopbackShort,1,main])
10792 ms. Memory: 882688K Free: 376581K (43%)
reloadAllAccessors: .SerialLoopbackShort
SerialPort: Serial port reader thread exiting. (Thread[Thread-42,1,main])
SerialPort: Serial port writer thread exiting. (Thread[Thread-43,1,main])
----------------- Thu Apr 19 14:47:51 UTC 2018 About to sleep for 5.0 seconds before rerunning.  Test is: /home/travis/build/icyphy/ptII/ptolemy/actor/lib/jjs/modules/serial/test/auto/SerialLoopbackShort.xml
----------------- Reloaded Accessors and testing again Thu Apr 19 14:47:56 UTC 2018 /home/travis/build/icyphy/ptII/ptolemy/actor/lib/jjs/modules/serial/test/auto/SerialLoopbackShort.xml
SerialPort: Closing serial port. (Thread[Thread-39,5,main])
10313 ms. Memory: 884224K Free: 322599K (36%)
----------------- testing Thu Apr 19 14:48:07 UTC 2018 /home/travis/build/icyphy/ptII/ptolemy/actor/lib/jjs/modules/serial/test/auto/SerialLoopbackString.xml
----------------- Thu Apr 19 14:48:07 UTC 2018 About to sleep for 5.0 seconds before rerunning.  Test is: /home/travis/build/icyphy/ptII/ptolemy/actor/lib/jjs/modules/serial/test/auto/SerialLoopbackString.xml
SerialPort: Serial port reader thread exiting. (Thread[Thread-45,5,main])
SerialPort: Serial port writer thread exiting. (Thread[Thread-46,5,main])
SerialPort: Closing serial port. (Thread[SerialLoopbackString,1,main])
10664 ms. Memory: 886272K Free: 536506K (61%)
reloadAllAccessors: .SerialLoopbackString
SerialPort: Serial port reader thread exiting. (Thread[Thread-50,1,main])
SerialPort: Serial port writer thread exiting. (Thread[Thread-51,1,main])
----------------- Thu Apr 19 14:48:27 UTC 2018 About to sleep for 5.0 seconds before rerunning.  Test is: /home/travis/build/icyphy/ptII/ptolemy/actor/lib/jjs/modules/serial/test/auto/SerialLoopbackString.xml
----------------- Reloaded Accessors and testing again Thu Apr 19 14:48:32 UTC 2018 /home/travis/build/icyphy/ptII/ptolemy/actor/lib/jjs/modules/serial/test/auto/SerialLoopbackString.xml
SerialPort: Closing serial port. (Thread[Thread-47,5,main])
11058 ms. Memory: 890880K Free: 502456K (56%)
----------------- testing Thu Apr 19 14:48:43 UTC 2018 /home/travis/build/icyphy/ptII/ptolemy/actor/lib/jjs/modules/serial/test/auto/SerialLoopbackUnsignedByte.xml
----------------- Thu Apr 19 14:48:43 UTC 2018 About to sleep for 5.0 seconds before rerunning.  Test is: /home/travis/build/icyphy/ptII/ptolemy/actor/lib/jjs/modules/serial/test/auto/SerialLoopbackUnsignedByte.xml
SerialPort: Serial port reader thread exiting. (Thread[Thread-53,5,main])
SerialPort: Serial port writer thread exiting. (Thread[Thread-54,5,main])
SerialPort: Closing serial port. (Thread[SerialLoopbackUnsignedByte,1,main])
10424 ms. Memory: 891392K Free: 204456K (23%)
reloadAllAccessors: .SerialLoopbackUnsignedByte
SerialPort: Serial port reader thread exiting. (Thread[Thread-58,1,main])
SerialPort: Serial port writer thread exiting. (Thread[Thread-59,1,main])
----------------- Thu Apr 19 14:49:02 UTC 2018 About to sleep for 5.0 seconds before rerunning.  Test is: /home/travis/build/icyphy/ptII/ptolemy/actor/lib/jjs/modules/serial/test/auto/SerialLoopbackUnsignedByte.xml
----------------- Reloaded Accessors and testing again Thu Apr 19 14:49:07 UTC 2018 /home/travis/build/icyphy/ptII/ptolemy/actor/lib/jjs/modules/serial/test/auto/SerialLoopbackUnsignedByte.xml
SerialPort: Closing serial port. (Thread[Thread-55,5,main])
10571 ms. Memory: 903680K Free: 449514K (50%)
AutoTests.java: About to close Vertx.
AutoTests.java: Vertx closed.
]]></system-out>
  <system-err><![CDATA[java.lang.RuntimeException: Execution failed
	at ptolemy.moml.MoMLSimpleApplication$UnloadThread.run(MoMLSimpleApplication.java:402)
Caused by: ptolemy.kernel.util.IllegalActionException: Failure executing the initialize function: ptolemy.kernel.util.IllegalActionException: No such port: /dev/tty.NOT_A_PORT
  in .SerialHelloWorld.JavaScript
Because:
gnu.io.NoSuchPortException
  in .SerialHelloWorld.JavaScript
Because:
ptolemy.kernel.util.IllegalActionException: No such port: /dev/tty.NOT_A_PORT
  in .SerialHelloWorld.JavaScript
Because:
gnu.io.NoSuchPortException
	at ptolemy.actor.lib.jjs.JavaScript._invokeMethodInContext(JavaScript.java:2224)
	at ptolemy.actor.lib.jjs.JavaScript.initialize(JavaScript.java:1422)
	at ptolemy.actor.Director.initialize(Director.java:938)
	at ptolemy.actor.Director.initialize(Director.java:907)
	at ptolemy.domains.de.kernel.DEDirector.initialize(DEDirector.java:943)
	at ptolemy.actor.CompositeActor.initialize(CompositeActor.java:935)
	at ptolemy.actor.Manager.initialize(Manager.java:724)
	at ptolemy.actor.Manager.execute(Manager.java:356)
	at ptolemy.actor.Manager.run(Manager.java:1263)
	at ptolemy.actor.Manager$PtolemyRunThread.run(Manager.java:1915)
Caused by: java.lang.RuntimeException: ptolemy.kernel.util.IllegalActionException: No such port: /dev/tty.NOT_A_PORT
  in .SerialHelloWorld.JavaScript
Because:
gnu.io.NoSuchPortException
	at jdk.nashorn.internal.runtime.ScriptRuntime.apply(ScriptRuntime.java:397)
	at jdk.nashorn.api.scripting.ScriptObjectMirror.callMember(ScriptObjectMirror.java:199)
	at jdk.nashorn.api.scripting.NashornScriptEngine.invokeImpl(NashornScriptEngine.java:386)
	at jdk.nashorn.api.scripting.NashornScriptEngine.invokeMethod(NashornScriptEngine.java:199)
	at ptolemy.actor.lib.jjs.JavaScript._invokeMethodInContext(JavaScript.java:2193)
	... 9 more
Caused by: ptolemy.kernel.util.IllegalActionException: No such port: /dev/tty.NOT_A_PORT
  in .SerialHelloWorld.JavaScript
Because:
gnu.io.NoSuchPortException
	at ptolemy.actor.lib.jjs.modules.serial.SerialHelper.open(SerialHelper.java:317)
	at jdk.nashorn.internal.scripts.Script$Recompilation$594$4288$require.L:1#open(/home/travis/build/icyphy/ptII/ptolemy/actor/lib/jjs/external/require.js#401:30<eval>:115)
	at jdk.nashorn.internal.scripts.Script$Recompilation$587$626$\^function\_.L:1#initialize(<function>:37)
	at jdk.nashorn.internal.scripts.Script$Recompilation$584$28731$require.L:1#Accessor#initialize(/home/travis/build/icyphy/ptII/ptolemy/actor/lib/jjs/external/require.js#401:30<eval>:624)
	at jdk.nashorn.internal.runtime.ScriptFunctionData.invoke(ScriptFunctionData.java:637)
	at jdk.nashorn.internal.runtime.ScriptFunction.invoke(ScriptFunction.java:494)
	at jdk.nashorn.internal.runtime.ScriptRuntime.apply(ScriptRuntime.java:393)
	... 13 more
Caused by: gnu.io.NoSuchPortException
	at gnu.io.CommPortIdentifier.getPortIdentifier(CommPortIdentifier.java:273)
	at ptolemy.actor.lib.jjs.modules.serial.SerialHelper.open(SerialHelper.java:224)
	... 19 more
java.lang.reflect.InvocationTargetException
	at sun.reflect.NativeConstructorAccessorImpl.newInstance0(Native Method)
	at sun.reflect.NativeConstructorAccessorImpl.newInstance(NativeConstructorAccessorImpl.java:62)
	at sun.reflect.DelegatingConstructorAccessorImpl.newInstance(DelegatingConstructorAccessorImpl.java:45)
	at java.lang.reflect.Constructor.newInstance(Constructor.java:423)
	at ptolemy.util.test.junit.AutoKnownFailedTests.RunModel(AutoKnownFailedTests.java:107)
	at sun.reflect.NativeMethodAccessorImpl.invoke0(Native Method)
	at sun.reflect.NativeMethodAccessorImpl.invoke(NativeMethodAccessorImpl.java:62)
	at sun.reflect.DelegatingMethodAccessorImpl.invoke(DelegatingMethodAccessorImpl.java:43)
	at java.lang.reflect.Method.invoke(Method.java:498)
	at org.junit.runners.model.FrameworkMethod$1.runReflectiveCall(FrameworkMethod.java:44)
	at org.junit.internal.runners.model.ReflectiveCallable.run(ReflectiveCallable.java:15)
	at org.junit.runners.model.FrameworkMethod.invokeExplosively(FrameworkMethod.java:41)
	at junitparams.internal.InvokeParameterisedMethod.evaluate(InvokeParameterisedMethod.java:102)
	at org.junit.internal.runners.statements.FailOnTimeout$1.run(FailOnTimeout.java:28)
Caused by: ptolemy.kernel.util.IllegalActionException: Failure executing the initialize function: ptolemy.kernel.util.IllegalActionException: No such port: /dev/tty.NOT_A_PORT
  in .SerialHelloWorld.JavaScript
Because:
gnu.io.NoSuchPortException
  in .SerialHelloWorld.JavaScript
Because:
ptolemy.kernel.util.IllegalActionException: No such port: /dev/tty.NOT_A_PORT
  in .SerialHelloWorld.JavaScript
Because:
gnu.io.NoSuchPortException
	at ptolemy.actor.lib.jjs.JavaScript._invokeMethodInContext(JavaScript.java:2224)
	at ptolemy.actor.lib.jjs.JavaScript.initialize(JavaScript.java:1422)
	at ptolemy.actor.Director.initialize(Director.java:938)
	at ptolemy.actor.Director.initialize(Director.java:907)
	at ptolemy.domains.de.kernel.DEDirector.initialize(DEDirector.java:943)
	at ptolemy.actor.CompositeActor.initialize(CompositeActor.java:935)
	at ptolemy.actor.Manager.initialize(Manager.java:724)
	at ptolemy.actor.Manager.execute(Manager.java:356)
	at ptolemy.actor.Manager.run(Manager.java:1263)
	at ptolemy.actor.Manager$PtolemyRunThread.run(Manager.java:1915)
Caused by: java.lang.RuntimeException: ptolemy.kernel.util.IllegalActionException: No such port: /dev/tty.NOT_A_PORT
  in .SerialHelloWorld.JavaScript
Because:
gnu.io.NoSuchPortException
	at jdk.nashorn.internal.runtime.ScriptRuntime.apply(ScriptRuntime.java:397)
	at jdk.nashorn.api.scripting.ScriptObjectMirror.callMember(ScriptObjectMirror.java:199)
	at jdk.nashorn.api.scripting.NashornScriptEngine.invokeImpl(NashornScriptEngine.java:386)
	at jdk.nashorn.api.scripting.NashornScriptEngine.invokeMethod(NashornScriptEngine.java:199)
	at ptolemy.actor.lib.jjs.JavaScript._invokeMethodInContext(JavaScript.java:2193)
	... 9 more
Caused by: ptolemy.kernel.util.IllegalActionException: No such port: /dev/tty.NOT_A_PORT
  in .SerialHelloWorld.JavaScript
Because:
gnu.io.NoSuchPortException
	at ptolemy.actor.lib.jjs.modules.serial.SerialHelper.open(SerialHelper.java:317)
	at jdk.nashorn.internal.scripts.Script$Recompilation$594$4288$require.L:1#open(/home/travis/build/icyphy/ptII/ptolemy/actor/lib/jjs/external/require.js#401:30<eval>:115)
	at jdk.nashorn.internal.scripts.Script$Recompilation$587$626$\^function\_.L:1#initialize(<function>:37)
	at jdk.nashorn.internal.scripts.Script$Recompilation$584$28731$require.L:1#Accessor#initialize(/home/travis/build/icyphy/ptII/ptolemy/actor/lib/jjs/external/require.js#401:30<eval>:624)
	at jdk.nashorn.internal.runtime.ScriptFunctionData.invoke(ScriptFunctionData.java:637)
	at jdk.nashorn.internal.runtime.ScriptFunction.invoke(ScriptFunction.java:494)
	at jdk.nashorn.internal.runtime.ScriptRuntime.apply(ScriptRuntime.java:393)
	... 13 more
Caused by: gnu.io.NoSuchPortException
	at gnu.io.CommPortIdentifier.getPortIdentifier(CommPortIdentifier.java:273)
	at ptolemy.actor.lib.jjs.modules.serial.SerialHelper.open(SerialHelper.java:224)
	... 19 more
WARNING: TestSpontaneous: Model stopped before executing actions (e.g. producing outputs) scheduled for execution at times [5.6000000000000005]
WARNING: TestSpontaneous: Model stopped before executing actions (e.g. producing outputs) scheduled for execution at times [5.6000000000000005]
WARNING: TestSpontaneous: Model stopped before executing actions (e.g. producing outputs) scheduled for execution at times [4.6000000000000005]
WARNING: TestSpontaneous: Model stopped before executing actions (e.g. producing outputs) scheduled for execution at times [4.6000000000000005]
WARNING: TestSpontaneous: Model stopped before executing actions (e.g. producing outputs) scheduled for execution at times [5.6000000000000005]
WARNING: TestSpontaneous: Model stopped before executing actions (e.g. producing outputs) scheduled for execution at times [5.6000000000000005]
WARNING: TestSpontaneous: Model stopped before executing actions (e.g. producing outputs) scheduled for execution at times [5.6000000000000005]
WARNING: TestSpontaneous: Model stopped before executing actions (e.g. producing outputs) scheduled for execution at times [5.6000000000000005]
WARNING: TestSpontaneous: Model stopped before executing actions (e.g. producing outputs) scheduled for execution at times [5.6000000000000005]
WARNING: TestSpontaneous: Model stopped before executing actions (e.g. producing outputs) scheduled for execution at times [5.6000000000000005]
WARNING: TestSpontaneous: Model stopped before executing actions (e.g. producing outputs) scheduled for execution at times [5.6000000000000005]
WARNING: TestSpontaneous: Model stopped before executing actions (e.g. producing outputs) scheduled for execution at times [5.6000000000000005]
WARNING: TestSpontaneous: Model stopped before executing actions (e.g. producing outputs) scheduled for execution at times [5.6000000000000005]
WARNING: TestSpontaneous: Model stopped before executing actions (e.g. producing outputs) scheduled for execution at times [5.6000000000000005]
]]></system-err>
</testsuite>
