<?xml version="1.0" encoding="UTF-8" ?>
<testsuite errors="0" failures="0" hostname="travis-job-5df2978a-89a6-46a8-991a-76289a96ad23" name="ptolemy.domains.de.test.junit.JUnitTclTest" skipped="0" tests="101" time="149.324" timestamp="2018-05-10T00:21:46">
  <properties>
[...]
</properties>
  <testcase classname="ptolemy.util.test.junit.TclTests" name="[0] /home/travis/build/icyphy/ptII/ptolemy/domains/de/test/DependencyLoop.tcl (RunTclFile)" time="0.902" />
  <testcase classname="ptolemy.util.test.junit.TclTests" name="[1] /home/travis/build/icyphy/ptII/ptolemy/domains/de/test/RunDETestsAsQSS.tcl (RunTclFile)" time="102.455" />
  <testcase classname="ptolemy.util.test.junit.AutoKnownFailedTests" name="[0] /home/travis/build/icyphy/ptII/ptolemy/domains/de/test/auto/knownFailedTests/DESDFClockTest.xml (RunModel)" time="2.03" />
  <testcase classname="ptolemy.util.test.junit.AutoKnownFailedTests" name="[1] /home/travis/build/icyphy/ptII/ptolemy/domains/de/test/auto/knownFailedTests/DirectFeedback.xml (RunModel)" time="0.012" />
  <testcase classname="ptolemy.util.test.junit.AutoKnownFailedTests" name="[2] /home/travis/build/icyphy/ptII/ptolemy/domains/de/test/auto/knownFailedTests/FSMSource.xml (RunModel)" time="0.024" />
  <testcase classname="ptolemy.util.test.junit.AutoKnownFailedTests" name="[3] /home/travis/build/icyphy/ptII/ptolemy/domains/de/test/auto/knownFailedTests/HierarchicalModel.xml (RunModel)" time="0.035" />
  <testcase classname="ptolemy.util.test.junit.AutoKnownFailedTests" name="[4] /home/travis/build/icyphy/ptII/ptolemy/domains/de/test/auto/knownFailedTests/dependencyLoop.xml (RunModel)" time="0.035" />
  <testcase classname="ptolemy.util.test.junit.AutoKnownFailedTests" name="[5] /home/travis/build/icyphy/ptII/ptolemy/domains/de/test/auto/knownFailedTests/dependencyLoop2.xml (RunModel)" time="0.047" />
  <testcase classname="ptolemy.util.test.junit.AutoNameArchTests" name="[0] ThereAreNoAutoTests (RunModel)" time="0.0" />
  <testcase classname="ptolemy.util.test.junit.AutoTests" name="[0] /home/travis/build/icyphy/ptII/ptolemy/domains/de/test/auto/ActorDepthCalculation_actorWithoutPorts.xml (RunModel)" time="0.011" />
  <testcase classname="ptolemy.util.test.junit.AutoTests" name="[1] /home/travis/build/icyphy/ptII/ptolemy/domains/de/test/auto/AssemblyLine.xml (RunModel)" time="0.021" />
  <testcase classname="ptolemy.util.test.junit.AutoTests" name="[2] /home/travis/build/icyphy/ptII/ptolemy/domains/de/test/auto/CQBug1.xml (RunModel)" time="0.008" />
  <testcase classname="ptolemy.util.test.junit.AutoTests" name="[3] /home/travis/build/icyphy/ptII/ptolemy/domains/de/test/auto/CancelFireAt.xml (RunModel)" time="0.011" />
  <testcase classname="ptolemy.util.test.junit.AutoTests" name="[4] /home/travis/build/icyphy/ptII/ptolemy/domains/de/test/auto/CausalityAndComposabilityAnalysis.xml (RunModel)" time="0.01" />
  <testcase classname="ptolemy.util.test.junit.AutoTests" name="[5] /home/travis/build/icyphy/ptII/ptolemy/domains/de/test/auto/CausalityInterface1.xml (RunModel)" time="0.01" />
  <testcase classname="ptolemy.util.test.junit.AutoTests" name="[6] /home/travis/build/icyphy/ptII/ptolemy/domains/de/test/auto/CausalityInterface15.xml (RunModel)" time="0.011" />
  <testcase classname="ptolemy.util.test.junit.AutoTests" name="[7] /home/travis/build/icyphy/ptII/ptolemy/domains/de/test/auto/CausalityInterface2.xml (RunModel)" time="0.009" />
  <testcase classname="ptolemy.util.test.junit.AutoTests" name="[8] /home/travis/build/icyphy/ptII/ptolemy/domains/de/test/auto/CausalityInterface3.xml (RunModel)" time="0.011" />
  <testcase classname="ptolemy.util.test.junit.AutoTests" name="[9] /home/travis/build/icyphy/ptII/ptolemy/domains/de/test/auto/ClockDrift.xml (RunModel)" time="0.031" />
  <testcase classname="ptolemy.util.test.junit.AutoTests" name="[10] /home/travis/build/icyphy/ptII/ptolemy/domains/de/test/auto/ClockDriftAndValueChange.xml (RunModel)" time="0.029" />
  <testcase classname="ptolemy.util.test.junit.AutoTests" name="[11] /home/travis/build/icyphy/ptII/ptolemy/domains/de/test/auto/ClockDriftChange.xml (RunModel)" time="0.025" />
  <testcase classname="ptolemy.util.test.junit.AutoTests" name="[12] /home/travis/build/icyphy/ptII/ptolemy/domains/de/test/auto/ComposableCausalityAnalysis.xml (RunModel)" time="0.016" />
  <testcase classname="ptolemy.util.test.junit.AutoTests" name="[13] /home/travis/build/icyphy/ptII/ptolemy/domains/de/test/auto/DEFixedPointLimitation.xml (RunModel)" time="0.007" />
  <testcase classname="ptolemy.util.test.junit.AutoTests" name="[14] /home/travis/build/icyphy/ptII/ptolemy/domains/de/test/auto/DEScheduleTest.xml (RunModel)" time="0.009" />
  <testcase classname="ptolemy.util.test.junit.AutoTests" name="[15] /home/travis/build/icyphy/ptII/ptolemy/domains/de/test/auto/DEinDEwithStartTimes.xml (RunModel)" time="0.013" />
  <testcase classname="ptolemy.util.test.junit.AutoTests" name="[16] /home/travis/build/icyphy/ptII/ptolemy/domains/de/test/auto/DEinDEwithStartTimes2.xml (RunModel)" time="0.015" />
  <testcase classname="ptolemy.util.test.junit.AutoTests" name="[17] /home/travis/build/icyphy/ptII/ptolemy/domains/de/test/auto/DateDemo.xml (RunModel)" time="0.036" />
  <testcase classname="ptolemy.util.test.junit.AutoTests" name="[18] /home/travis/build/icyphy/ptII/ptolemy/domains/de/test/auto/DateToEvent.xml (RunModel)" time="2.042" />
  <testcase classname="ptolemy.util.test.junit.AutoTests" name="[19] /home/travis/build/icyphy/ptII/ptolemy/domains/de/test/auto/DepthTest1.xml (RunModel)" time="0.015" />
  <testcase classname="ptolemy.util.test.junit.AutoTests" name="[20] /home/travis/build/icyphy/ptII/ptolemy/domains/de/test/auto/DepthTest2.xml (RunModel)" time="0.022" />
  <testcase classname="ptolemy.util.test.junit.AutoTests" name="[21] /home/travis/build/icyphy/ptII/ptolemy/domains/de/test/auto/DepthTest3.xml (RunModel)" time="0.009" />
  <testcase classname="ptolemy.util.test.junit.AutoTests" name="[22] /home/travis/build/icyphy/ptII/ptolemy/domains/de/test/auto/DepthTest4.xml (RunModel)" time="0.016" />
  <testcase classname="ptolemy.util.test.junit.AutoTests" name="[23] /home/travis/build/icyphy/ptII/ptolemy/domains/de/test/auto/DepthTest5.xml (RunModel)" time="0.017" />
  <testcase classname="ptolemy.util.test.junit.AutoTests" name="[24] /home/travis/build/icyphy/ptII/ptolemy/domains/de/test/auto/DepthTest6.xml (RunModel)" time="0.016" />
  <testcase classname="ptolemy.util.test.junit.AutoTests" name="[25] /home/travis/build/icyphy/ptII/ptolemy/domains/de/test/auto/DepthTest7.xml (RunModel)" time="0.019" />
  <testcase classname="ptolemy.util.test.junit.AutoTests" name="[26] /home/travis/build/icyphy/ptII/ptolemy/domains/de/test/auto/EventToDate.xml (RunModel)" time="3.047" />
  <testcase classname="ptolemy.util.test.junit.AutoTests" name="[27] /home/travis/build/icyphy/ptII/ptolemy/domains/de/test/auto/FSM1.xml (RunModel)" time="0.039" />
  <testcase classname="ptolemy.util.test.junit.AutoTests" name="[28] /home/travis/build/icyphy/ptII/ptolemy/domains/de/test/auto/FSM7.xml (RunModel)" time="0.047" />
  <testcase classname="ptolemy.util.test.junit.AutoTests" name="[29] /home/travis/build/icyphy/ptII/ptolemy/domains/de/test/auto/Inspection.xml (RunModel)" time="0.061" />
  <testcase classname="ptolemy.util.test.junit.AutoTests" name="[30] /home/travis/build/icyphy/ptII/ptolemy/domains/de/test/auto/Iteration.xml (RunModel)" time="0.034" />
  <testcase classname="ptolemy.util.test.junit.AutoTests" name="[31] /home/travis/build/icyphy/ptII/ptolemy/domains/de/test/auto/LineFault.xml (RunModel)" time="1.013" />
  <testcase classname="ptolemy.util.test.junit.AutoTests" name="[32] /home/travis/build/icyphy/ptII/ptolemy/domains/de/test/auto/MergeModel1Add.xml (RunModel)" time="0.069" />
  <testcase classname="ptolemy.util.test.junit.AutoTests" name="[33] /home/travis/build/icyphy/ptII/ptolemy/domains/de/test/auto/MergeModel2Add.xml (RunModel)" time="0.064" />
  <testcase classname="ptolemy.util.test.junit.AutoTests" name="[34] /home/travis/build/icyphy/ptII/ptolemy/domains/de/test/auto/MergeModel3Add.xml (RunModel)" time="0.06" />
  <testcase classname="ptolemy.util.test.junit.AutoTests" name="[35] /home/travis/build/icyphy/ptII/ptolemy/domains/de/test/auto/MergeWithoutDiscard.xml (RunModel)" time="0.014" />
  <testcase classname="ptolemy.util.test.junit.AutoTests" name="[36] /home/travis/build/icyphy/ptII/ptolemy/domains/de/test/auto/Modal1.xml (RunModel)" time="0.036" />
  <testcase classname="ptolemy.util.test.junit.AutoTests" name="[37] /home/travis/build/icyphy/ptII/ptolemy/domains/de/test/auto/Modal2.xml (RunModel)" time="0.039" />
  <testcase classname="ptolemy.util.test.junit.AutoTests" name="[38] /home/travis/build/icyphy/ptII/ptolemy/domains/de/test/auto/Modal3.xml (RunModel)" time="0.04" />
  <testcase classname="ptolemy.util.test.junit.AutoTests" name="[39] /home/travis/build/icyphy/ptII/ptolemy/domains/de/test/auto/Modal4.xml (RunModel)" time="0.039" />
  <testcase classname="ptolemy.util.test.junit.AutoTests" name="[40] /home/travis/build/icyphy/ptII/ptolemy/domains/de/test/auto/Modal5.xml (RunModel)" time="0.039" />
  <testcase classname="ptolemy.util.test.junit.AutoTests" name="[41] /home/travis/build/icyphy/ptII/ptolemy/domains/de/test/auto/Modal6.xml (RunModel)" time="0.038" />
  <testcase classname="ptolemy.util.test.junit.AutoTests" name="[42] /home/travis/build/icyphy/ptII/ptolemy/domains/de/test/auto/Modal7.xml (RunModel)" time="0.04" />
  <testcase classname="ptolemy.util.test.junit.AutoTests" name="[43] /home/travis/build/icyphy/ptII/ptolemy/domains/de/test/auto/ModalModel.xml (RunModel)" time="0.274" />
  <testcase classname="ptolemy.util.test.junit.AutoTests" name="[44] /home/travis/build/icyphy/ptII/ptolemy/domains/de/test/auto/ModalSource.xml (RunModel)" time="0.024" />
  <testcase classname="ptolemy.util.test.junit.AutoTests" name="[45] /home/travis/build/icyphy/ptII/ptolemy/domains/de/test/auto/NonInterruptibleTimerZeroDelay.xml (RunModel)" time="0.013" />
  <testcase classname="ptolemy.util.test.junit.AutoTests" name="[46] /home/travis/build/icyphy/ptII/ptolemy/domains/de/test/auto/OpenQueueingNetwork.xml (RunModel)" time="3.235" />
  <testcase classname="ptolemy.util.test.junit.AutoTests" name="[47] /home/travis/build/icyphy/ptII/ptolemy/domains/de/test/auto/OpenQueuingNetwork.xml (RunModel)" time="0.321" />
  <testcase classname="ptolemy.util.test.junit.AutoTests" name="[48] /home/travis/build/icyphy/ptII/ptolemy/domains/de/test/auto/PeriodicSampler.xml (RunModel)" time="0.008" />
  <testcase classname="ptolemy.util.test.junit.AutoTests" name="[49] /home/travis/build/icyphy/ptII/ptolemy/domains/de/test/auto/PersistentIO.xml (RunModel)" time="0.025" />
  <testcase classname="ptolemy.util.test.junit.AutoTests" name="[50] /home/travis/build/icyphy/ptII/ptolemy/domains/de/test/auto/PortParameterResetOnInitialize.xml (RunModel)" time="0.012" />
  <testcase classname="ptolemy.util.test.junit.AutoTests" name="[51] /home/travis/build/icyphy/ptII/ptolemy/domains/de/test/auto/PortParameterUpdates.xml (RunModel)" time="0.019" />
  <testcase classname="ptolemy.util.test.junit.AutoTests" name="[52] /home/travis/build/icyphy/ptII/ptolemy/domains/de/test/auto/QueueAndServer.xml (RunModel)" time="0.027" />
  <testcase classname="ptolemy.util.test.junit.AutoTests" name="[53] /home/travis/build/icyphy/ptII/ptolemy/domains/de/test/auto/Records.xml (RunModel)" time="0.017" />
  <testcase classname="ptolemy.util.test.junit.AutoTests" name="[54] /home/travis/build/icyphy/ptII/ptolemy/domains/de/test/auto/ResetTransitionWithStartTime1.xml (RunModel)" time="0.027" />
  <testcase classname="ptolemy.util.test.junit.AutoTests" name="[55] /home/travis/build/icyphy/ptII/ptolemy/domains/de/test/auto/ResetTransitionWithStartTime2.xml (RunModel)" time="0.022" />
  <testcase classname="ptolemy.util.test.junit.AutoTests" name="[56] /home/travis/build/icyphy/ptII/ptolemy/domains/de/test/auto/ResetTransitionWithStartTime3.xml (RunModel)" time="0.026" />
  <testcase classname="ptolemy.util.test.junit.AutoTests" name="[57] /home/travis/build/icyphy/ptII/ptolemy/domains/de/test/auto/ResetTransitionWithStartTime4.xml (RunModel)" time="0.023" />
  <testcase classname="ptolemy.util.test.junit.AutoTests" name="[58] /home/travis/build/icyphy/ptII/ptolemy/domains/de/test/auto/ResettableTimer1.xml (RunModel)" time="0.015" />
  <testcase classname="ptolemy.util.test.junit.AutoTests" name="[59] /home/travis/build/icyphy/ptII/ptolemy/domains/de/test/auto/ResettableTimer2.xml (RunModel)" time="0.013" />
  <testcase classname="ptolemy.util.test.junit.AutoTests" name="[60] /home/travis/build/icyphy/ptII/ptolemy/domains/de/test/auto/ResettableTimer3.xml (RunModel)" time="0.011" />
  <testcase classname="ptolemy.util.test.junit.AutoTests" name="[61] /home/travis/build/icyphy/ptII/ptolemy/domains/de/test/auto/ResettableTimer4.xml (RunModel)" time="0.012" />
  <testcase classname="ptolemy.util.test.junit.AutoTests" name="[62] /home/travis/build/icyphy/ptII/ptolemy/domains/de/test/auto/ResettableTimer5.xml (RunModel)" time="0.013" />
  <testcase classname="ptolemy.util.test.junit.AutoTests" name="[63] /home/travis/build/icyphy/ptII/ptolemy/domains/de/test/auto/ResettableTimer6.xml (RunModel)" time="0.014" />
  <testcase classname="ptolemy.util.test.junit.AutoTests" name="[64] /home/travis/build/icyphy/ptII/ptolemy/domains/de/test/auto/ServerZeroDelay.xml (RunModel)" time="0.013" />
  <testcase classname="ptolemy.util.test.junit.AutoTests" name="[65] /home/travis/build/icyphy/ptII/ptolemy/domains/de/test/auto/SmartSender.xml (RunModel)" time="3.011" />
  <testcase classname="ptolemy.util.test.junit.AutoTests" name="[66] /home/travis/build/icyphy/ptII/ptolemy/domains/de/test/auto/ThreadedComposite.xml (RunModel)" time="0.281" />
  <testcase classname="ptolemy.util.test.junit.AutoTests" name="[67] /home/travis/build/icyphy/ptII/ptolemy/domains/de/test/auto/Time.xml (RunModel)" time="0.77" />
  <testcase classname="ptolemy.util.test.junit.AutoTests" name="[68] /home/travis/build/icyphy/ptII/ptolemy/domains/de/test/auto/TimeDelayZeroDelay.xml (RunModel)" time="0.017" />
  <testcase classname="ptolemy.util.test.junit.AutoTests" name="[69] /home/travis/build/icyphy/ptII/ptolemy/domains/de/test/auto/TimerZeroDelay.xml (RunModel)" time="0.013" />
  <testcase classname="ptolemy.util.test.junit.AutoTests" name="[70] /home/travis/build/icyphy/ptII/ptolemy/domains/de/test/auto/TimingParadox.xml (RunModel)" time="0.456" />
  <testcase classname="ptolemy.util.test.junit.AutoTests" name="[71] /home/travis/build/icyphy/ptII/ptolemy/domains/de/test/auto/TransferInputs.xml (RunModel)" time="0.011" />
  <testcase classname="ptolemy.util.test.junit.AutoTests" name="[72] /home/travis/build/icyphy/ptII/ptolemy/domains/de/test/auto/TransferOutputs2.xml (RunModel)" time="0.027" />
  <testcase classname="ptolemy.util.test.junit.AutoTests" name="[73] /home/travis/build/icyphy/ptII/ptolemy/domains/de/test/auto/Trilateration.xml (RunModel)" time="14.843" />
  <testcase classname="ptolemy.util.test.junit.AutoTests" name="[74] /home/travis/build/icyphy/ptII/ptolemy/domains/de/test/auto/TwoSigmaDelta.xml (RunModel)" time="2.354" />
  <testcase classname="ptolemy.util.test.junit.AutoTests" name="[75] /home/travis/build/icyphy/ptII/ptolemy/domains/de/test/auto/VariableDelay.xml (RunModel)" time="0.013" />
  <testcase classname="ptolemy.util.test.junit.AutoTests" name="[76] /home/travis/build/icyphy/ptII/ptolemy/domains/de/test/auto/VariableDelay2.xml (RunModel)" time="0.01" />
  <testcase classname="ptolemy.util.test.junit.AutoTests" name="[77] /home/travis/build/icyphy/ptII/ptolemy/domains/de/test/auto/VariableDelayZeroDelay.xml (RunModel)" time="0.012" />
  <testcase classname="ptolemy.util.test.junit.AutoTests" name="[78] /home/travis/build/icyphy/ptII/ptolemy/domains/de/test/auto/VariableDelayZeroDelay2.xml (RunModel)" time="0.012" />
  <testcase classname="ptolemy.util.test.junit.AutoTests" name="[79] /home/travis/build/icyphy/ptII/ptolemy/domains/de/test/auto/deInCt.xml (RunModel)" time="0.022" />
  <testcase classname="ptolemy.util.test.junit.AutoTests" name="[80] /home/travis/build/icyphy/ptII/ptolemy/domains/de/test/auto/deInCt2.xml (RunModel)" time="0.031" />
  <testcase classname="ptolemy.util.test.junit.AutoTests" name="[81] /home/travis/build/icyphy/ptII/ptolemy/domains/de/test/auto/dynamicCausalityInterface1.xml (RunModel)" time="0.019" />
  <testcase classname="ptolemy.util.test.junit.AutoTests" name="[82] /home/travis/build/icyphy/ptII/ptolemy/domains/de/test/auto/fsm_de_test.xml (RunModel)" time="0.028" />
  <testcase classname="ptolemy.util.test.junit.AutoTests" name="[83] /home/travis/build/icyphy/ptII/ptolemy/domains/de/test/auto/functionDependencyReconstruction.xml (RunModel)" time="0.043" />
  <testcase classname="ptolemy.util.test.junit.AutoTests" name="[84] /home/travis/build/icyphy/ptII/ptolemy/domains/de/test/auto/multirate.xml (RunModel)" time="0.021" />
  <testcase classname="ptolemy.util.test.junit.AutoTests" name="[85] /home/travis/build/icyphy/ptII/ptolemy/domains/de/test/auto/multirate2.xml (RunModel)" time="0.02" />
  <testcase classname="ptolemy.util.test.junit.AutoTests" name="[86] /home/travis/build/icyphy/ptII/ptolemy/domains/de/test/auto/realtime.xml (RunModel)" time="10.014" />
  <testcase classname="ptolemy.util.test.junit.AutoTests" name="[87] /home/travis/build/icyphy/ptII/ptolemy/domains/de/test/auto/relationGroup.xml (RunModel)" time="0.01" />
  <testcase classname="ptolemy.util.test.junit.AutoTests" name="[88] /home/travis/build/icyphy/ptII/ptolemy/domains/de/test/auto/relationGroup2.xml (RunModel)" time="0.009" />
  <testcase classname="ptolemy.util.test.junit.AutoTests" name="[89] /home/travis/build/icyphy/ptII/ptolemy/domains/de/test/auto/sortWithOpaquePorts.xml (RunModel)" time="0.013" />
  <testcase classname="ptolemy.util.test.junit.AutoTests" name="[90] /home/travis/build/icyphy/ptII/ptolemy/domains/de/test/auto/transferInputsandOutputs.xml (RunModel)" time="0.02" />
  <testcase classname="ptolemy.util.test.junit.AutoTests" name="[91] /home/travis/build/icyphy/ptII/ptolemy/domains/de/test/auto/triggerType.xml (RunModel)" time="0.012" />
  <system-out><![CDATA[/home/travis/build/icyphy/ptII/ptolemy/domains/de/test/DependencyLoop.tcl
testDefs.tcl: setting time out to 9000 seconds at Thu May 10 00:21:47 UTC 2018
19 ms. Memory: 116224K Free: 95057K (82%)
8 ms. Memory: 146944K Free: 137816K (94%)
/home/travis/build/icyphy/ptII/ptolemy/domains/de/test/RunDETestsAsQSS.tcl
Run the DE tests using ptolemy.domains.qss.test.QSSDirectorTest, which extends QSSDirector and prints a message in the constructors.
------------------ testing $PTII/ptolemy/domains/de/test/auto/knownFailedTests/dependencyLoop.xml (Known Failure) 
9 ms. Memory: 146944K Free: 133548K (91%)


==== $PTIIhome/travis/build/icyphy/ptII/ptolemy/domains/de/test/../../../../: Auto Automatic test in file $PTII/ptolemy/domains/de/test/auto/knownFailedTests/dependencyLoop.xml
==== Contents of test case:

	    # FIXME: we should use $relativeFilename here, but it
	    # might have backslashes under Windows, which causes no end
	    # of trouble.
	    createAndExecute $file
	    list {}
	
.... Test generated KNOWN error:
    while executing
ptolemy.kernel.util.IllegalActionException: Found a zero delay loop containing .dependencyLoop.original
  in .dependencyLoop and .dependencyLoop.original
	at ptolemy.actor.util.CausalityInterfaceForComposites._computeOutputPortDepth(CausalityInterfaceForComposites.java:759)
	at ptolemy.actor.util.CausalityInterfaceForComposites._computeInputDepth(CausalityInterfaceForComposites.java:696)
	at ptolemy.actor.util.CausalityInterfaceForComposites._computeOutputPortDepth(CausalityInterfaceForComposites.java:765)
	at ptolemy.actor.util.CausalityInterfaceForComposites._computeInputDepth(CausalityInterfaceForComposites.java:696)
	at ptolemy.actor.util.CausalityInterfaceForComposites._computeOutputPortDepth(CausalityInterfaceForComposites.java:765)
	at ptolemy.actor.util.CausalityInterfaceForComposites._computeInputDepth(CausalityInterfaceForComposites.java:696)
	at ptolemy.actor.util.CausalityInterfaceForComposites._computeActorDepth(CausalityInterfaceForComposites.java:532)
	at ptolemy.actor.util.CausalityInterfaceForComposites.checkForCycles(CausalityInterfaceForComposites.java:96)
	at ptolemy.domains.de.kernel.DEDirector.preinitialize(DEDirector.java:1337)
	at ptolemy.actor.CompositeActor.preinitialize(CompositeActor.java:1828)
	at ptolemy.actor.Manager.preinitializeAndResolveTypes(Manager.java:1040)
	at ptolemy.actor.Manager.initialize(Manager.java:710)
	at ptolemy.actor.Manager.execute(Manager.java:356)
	at ptolemy.actor.Manager.run(Manager.java:1263)
	at ptolemy.actor.Manager$PtolemyRunThread.run(Manager.java:1915)

    while executing
ptolemy.kernel.util.IllegalActionException: Found a zero delay loop containing .dependencyLoop.original
  in .dependencyLoop and .dependencyLoop.original
    while executing
"java::new ptolemy.moml.MoMLSimpleApplication $file
"
    (procedure "createAndExecute" line 2)
    invoked from within
"createAndExecute $file"
    ("uplevel" body line 5)
    invoked from within
"uplevel $contents_of_test"
------------------ testing $PTII/ptolemy/domains/de/test/auto/knownFailedTests/DESDFClockTest.xml (Known Failure) 
2144 ms. Memory: 146944K Free: 117120K (80%)


==== $PTIIhome/travis/build/icyphy/ptII/ptolemy/domains/de/test/../../../../: Auto Automatic test in file $PTII/ptolemy/domains/de/test/auto/knownFailedTests/DESDFClockTest.xml
==== Contents of test case:

	    # FIXME: we should use $relativeFilename here, but it
	    # might have backslashes under Windows, which causes no end
	    # of trouble.
	    createAndExecute $file
	    list {}
	
.... Test generated KNOWN error:
    while executing
ptolemy.kernel.util.IllegalActionException: Actor is not ready to fire.  Perhaps UpSample.prefire() returned false? Try debugging the actor by selecting "Listen to Actor".  Also, for SDF check moml for tokenConsumptionRate on input.
  in .DESDFClockTest.Play Bell.Copy1:SDF Director and .DESDFClockTest.Play Bell.UpSample
	at ptolemy.actor.sched.StaticSchedulingDirector.fire(StaticSchedulingDirector.java:227)
	at ptolemy.domains.sdf.kernel.SDFDirector.fire(SDFDirector.java:500)
	at ptolemy.actor.CompositeActor.fire(CompositeActor.java:455)
	at ptolemy.domains.de.kernel.DEDirector._fire(DEDirector.java:1948)
	at ptolemy.domains.de.kernel.DEDirector.fire(DEDirector.java:502)
	at ptolemy.actor.CompositeActor.fire(CompositeActor.java:455)
	at ptolemy.actor.Manager.iterate(Manager.java:851)
	at ptolemy.actor.Manager.execute(Manager.java:369)
	at ptolemy.actor.Manager.run(Manager.java:1263)
	at ptolemy.actor.Manager$PtolemyRunThread.run(Manager.java:1915)

    while executing
ptolemy.kernel.util.IllegalActionException: Actor is not ready to fire.  Perhaps UpSample.prefire() returned false? Try debugging the actor by selecting "Listen to Actor".  Also, for SDF check moml for tokenConsumptionRate on input.
  in .DESDFClockTest.Play Bell.Copy1:SDF Director and .DESDFClockTest.Play Bell.UpSample
    while executing
"java::new ptolemy.moml.MoMLSimpleApplication $file
"
    (procedure "createAndExecute" line 2)
    invoked from within
"createAndExecute $file"
    ("uplevel" body line 5)
    invoked from within
"uplevel $contents_of_test"
------------------ testing $PTII/ptolemy/domains/de/test/auto/knownFailedTests/FSMSource.xml (Known Failure) 
42 ms. Memory: 146944K Free: 108084K (74%)
!!!! Auto was marked as failing, but now passes
------------------ testing $PTII/ptolemy/domains/de/test/auto/knownFailedTests/dependencyLoop2.xml (Known Failure) 
22 ms. Memory: 146944K Free: 106225K (72%)


==== $PTIIhome/travis/build/icyphy/ptII/ptolemy/domains/de/test/../../../../: Auto Automatic test in file $PTII/ptolemy/domains/de/test/auto/knownFailedTests/dependencyLoop2.xml
==== Contents of test case:

	    # FIXME: we should use $relativeFilename here, but it
	    # might have backslashes under Windows, which causes no end
	    # of trouble.
	    createAndExecute $file
	    list {}
	
.... Test generated KNOWN error:
    while executing
ptolemy.kernel.util.IllegalActionException: Found a zero delay loop containing .dependencyLoop2.original
  in .dependencyLoop2 and .dependencyLoop2.original
	at ptolemy.actor.util.CausalityInterfaceForComposites._computeOutputPortDepth(CausalityInterfaceForComposites.java:759)
	at ptolemy.actor.util.CausalityInterfaceForComposites._computeInputDepth(CausalityInterfaceForComposites.java:696)
	at ptolemy.actor.util.CausalityInterfaceForComposites._computeOutputPortDepth(CausalityInterfaceForComposites.java:765)
	at ptolemy.actor.util.CausalityInterfaceForComposites._computeInputDepth(CausalityInterfaceForComposites.java:696)
	at ptolemy.actor.util.CausalityInterfaceForComposites._computeOutputPortDepth(CausalityInterfaceForComposites.java:765)
	at ptolemy.actor.util.CausalityInterfaceForComposites._computeInputDepth(CausalityInterfaceForComposites.java:696)
	at ptolemy.actor.util.CausalityInterfaceForComposites._computeActorDepth(CausalityInterfaceForComposites.java:532)
	at ptolemy.actor.util.CausalityInterfaceForComposites.checkForCycles(CausalityInterfaceForComposites.java:96)
	at ptolemy.domains.de.kernel.DEDirector.preinitialize(DEDirector.java:1337)
	at ptolemy.actor.CompositeActor.preinitialize(CompositeActor.java:1828)
	at ptolemy.actor.Manager.preinitializeAndResolveTypes(Manager.java:1040)
	at ptolemy.actor.Manager.initialize(Manager.java:710)
	at ptolemy.actor.Manager.execute(Manager.java:356)
	at ptolemy.actor.Manager.run(Manager.java:1263)
	at ptolemy.actor.Manager$PtolemyRunThread.run(Manager.java:1915)

    while executing
ptolemy.kernel.util.IllegalActionException: Found a zero delay loop containing .dependencyLoop2.original
  in .dependencyLoop2 and .dependencyLoop2.original
    while executing
"java::new ptolemy.moml.MoMLSimpleApplication $file
"
    (procedure "createAndExecute" line 2)
    invoked from within
"createAndExecute $file"
    ("uplevel" body line 5)
    invoked from within
"uplevel $contents_of_test"
------------------ testing $PTII/ptolemy/domains/de/test/auto/knownFailedTests/HierarchicalModel.xml (Known Failure) 
14 ms. Memory: 146944K Free: 85795K (58%)


==== $PTIIhome/travis/build/icyphy/ptII/ptolemy/domains/de/test/../../../../: Auto Automatic test in file $PTII/ptolemy/domains/de/test/auto/knownFailedTests/HierarchicalModel.xml
==== Contents of test case:

	    # FIXME: we should use $relativeFilename here, but it
	    # might have backslashes under Windows, which causes no end
	    # of trouble.
	    createAndExecute $file
	    list {}
	
.... Test generated KNOWN error:
    while executing
ptolemy.kernel.util.IllegalActionException: Found a zero delay loop containing .HierarchicalModel.A
  in .HierarchicalModel and .HierarchicalModel.A
	at ptolemy.actor.util.CausalityInterfaceForComposites._computeOutputPortDepth(CausalityInterfaceForComposites.java:759)
	at ptolemy.actor.util.CausalityInterfaceForComposites._computeInputDepth(CausalityInterfaceForComposites.java:696)
	at ptolemy.actor.util.CausalityInterfaceForComposites._computeOutputPortDepth(CausalityInterfaceForComposites.java:765)
	at ptolemy.actor.util.CausalityInterfaceForComposites._computeInputDepth(CausalityInterfaceForComposites.java:696)
	at ptolemy.actor.util.CausalityInterfaceForComposites._computeOutputPortDepth(CausalityInterfaceForComposites.java:765)
	at ptolemy.actor.util.CausalityInterfaceForComposites._computeInputDepth(CausalityInterfaceForComposites.java:696)
	at ptolemy.actor.util.CausalityInterfaceForComposites._computeActorDepth(CausalityInterfaceForComposites.java:532)
	at ptolemy.actor.util.CausalityInterfaceForComposites.checkForCycles(CausalityInterfaceForComposites.java:96)
	at ptolemy.domains.de.kernel.DEDirector.preinitialize(DEDirector.java:1337)
	at ptolemy.actor.CompositeActor.preinitialize(CompositeActor.java:1828)
	at ptolemy.actor.Manager.preinitializeAndResolveTypes(Manager.java:1040)
	at ptolemy.actor.Manager.initialize(Manager.java:710)
	at ptolemy.actor.Manager.execute(Manager.java:356)
	at ptolemy.actor.Manager.run(Manager.java:1263)
	at ptolemy.actor.Manager$PtolemyRunThread.run(Manager.java:1915)

    while executing
ptolemy.kernel.util.IllegalActionException: Found a zero delay loop containing .HierarchicalModel.A
  in .HierarchicalModel and .HierarchicalModel.A
    while executing
"java::new ptolemy.moml.MoMLSimpleApplication $file
"
    (procedure "createAndExecute" line 2)
    invoked from within
"createAndExecute $file"
    ("uplevel" body line 5)
    invoked from within
"uplevel $contents_of_test"
------------------ testing $PTII/ptolemy/domains/de/test/auto/knownFailedTests/DirectFeedback.xml (Known Failure) 
26 ms. Memory: 146944K Free: 141490K (96%)


==== $PTIIhome/travis/build/icyphy/ptII/ptolemy/domains/de/test/../../../../: Auto Automatic test in file $PTII/ptolemy/domains/de/test/auto/knownFailedTests/DirectFeedback.xml
==== Contents of test case:

	    # FIXME: we should use $relativeFilename here, but it
	    # might have backslashes under Windows, which causes no end
	    # of trouble.
	    createAndExecute $file
	    list {}
	
.... Test generated KNOWN error:
    while executing
ptolemy.kernel.util.IllegalActionException: Test fails in iteration 1.
Value was: 1.0. Should have been: 2.0
  in .DirectFeedback.Test
	at ptolemy.actor.lib.Test.fire(Test.java:268)
	at ptolemy.domains.de.kernel.DEDirector._fire(DEDirector.java:1948)
	at ptolemy.domains.de.kernel.DEDirector.fire(DEDirector.java:502)
	at ptolemy.actor.CompositeActor.fire(CompositeActor.java:455)
	at ptolemy.actor.Manager.iterate(Manager.java:851)
	at ptolemy.actor.Manager.execute(Manager.java:369)
	at ptolemy.actor.Manager.run(Manager.java:1263)
	at ptolemy.actor.Manager$PtolemyRunThread.run(Manager.java:1915)

    while executing
ptolemy.kernel.util.IllegalActionException: Test fails in iteration 1.
Value was: 1.0. Should have been: 2.0
  in .DirectFeedback.Test
    while executing
"java::new ptolemy.moml.MoMLSimpleApplication $file
"
    (procedure "createAndExecute" line 2)
    invoked from within
"createAndExecute $file"
    ("uplevel" body line 5)
    invoked from within
"uplevel $contents_of_test"
------------------ testing $PTII/ptolemy/domains/de/test/auto/ActorDepthCalculation_actorWithoutPorts.xml
auto.tcl: Setting watchdog for 200 seconds at Thu May 10 00:21:50 UTC 2018
13 ms. Memory: 146944K Free: 132957K (90%)
ptolemy.util.test.WatchDog.cancel(): canceling Thu May 10 00:21:50 UTC 2018
auto.tcl: Setting watchdog for 200 seconds at Thu May 10 00:21:50 UTC 2018
8 ms. Memory: 146944K Free: 131918K (90%)
ptolemy.util.test.WatchDog.cancel(): canceling Thu May 10 00:21:50 UTC 2018
------------------ testing $PTII/ptolemy/domains/de/test/auto/AssemblyLine.xml
auto.tcl: Setting watchdog for 200 seconds at Thu May 10 00:21:51 UTC 2018
14 ms. Memory: 208384K Free: 186381K (89%)
ptolemy.util.test.WatchDog.cancel(): canceling Thu May 10 00:21:51 UTC 2018
auto.tcl: Setting watchdog for 200 seconds at Thu May 10 00:21:51 UTC 2018
20 ms. Memory: 208384K Free: 186381K (89%)
ptolemy.util.test.WatchDog.cancel(): canceling Thu May 10 00:21:51 UTC 2018
------------------ testing $PTII/ptolemy/domains/de/test/auto/CQBug1.xml
auto.tcl: Setting watchdog for 200 seconds at Thu May 10 00:21:51 UTC 2018
3 ms. Memory: 208384K Free: 197635K (95%)
ptolemy.util.test.WatchDog.cancel(): canceling Thu May 10 00:21:51 UTC 2018
auto.tcl: Setting watchdog for 200 seconds at Thu May 10 00:21:51 UTC 2018
3 ms. Memory: 208384K Free: 197635K (95%)
ptolemy.util.test.WatchDog.cancel(): canceling Thu May 10 00:21:51 UTC 2018
------------------ testing $PTII/ptolemy/domains/de/test/auto/CancelFireAt.xml
auto.tcl: Setting watchdog for 200 seconds at Thu May 10 00:21:51 UTC 2018
16 ms. Memory: 208384K Free: 200922K (96%)
ptolemy.util.test.WatchDog.cancel(): canceling Thu May 10 00:21:51 UTC 2018
auto.tcl: Setting watchdog for 200 seconds at Thu May 10 00:21:51 UTC 2018
3 ms. Memory: 208384K Free: 198823K (95%)
ptolemy.util.test.WatchDog.cancel(): canceling Thu May 10 00:21:51 UTC 2018
------------------ testing $PTII/ptolemy/domains/de/test/auto/CausalityAndComposabilityAnalysis.xml
auto.tcl: Setting watchdog for 200 seconds at Thu May 10 00:21:51 UTC 2018
13 ms. Memory: 208384K Free: 198831K (95%)
ptolemy.util.test.WatchDog.cancel(): canceling Thu May 10 00:21:51 UTC 2018
auto.tcl: Setting watchdog for 200 seconds at Thu May 10 00:21:51 UTC 2018
10 ms. Memory: 208384K Free: 196733K (94%)
ptolemy.util.test.WatchDog.cancel(): canceling Thu May 10 00:21:51 UTC 2018
------------------ testing $PTII/ptolemy/domains/de/test/auto/CausalityInterface1.xml
auto.tcl: Setting watchdog for 200 seconds at Thu May 10 00:21:51 UTC 2018
23 ms. Memory: 208384K Free: 196262K (94%)
ptolemy.util.test.WatchDog.cancel(): canceling Thu May 10 00:21:52 UTC 2018
auto.tcl: Setting watchdog for 200 seconds at Thu May 10 00:21:52 UTC 2018
6 ms. Memory: 208384K Free: 196262K (94%)
ptolemy.util.test.WatchDog.cancel(): canceling Thu May 10 00:21:52 UTC 2018
------------------ testing $PTII/ptolemy/domains/de/test/auto/CausalityInterface15.xml
auto.tcl: Setting watchdog for 200 seconds at Thu May 10 00:21:52 UTC 2018
10 ms. Memory: 208384K Free: 196252K (94%)
ptolemy.util.test.WatchDog.cancel(): canceling Thu May 10 00:21:52 UTC 2018
auto.tcl: Setting watchdog for 200 seconds at Thu May 10 00:21:52 UTC 2018
5 ms. Memory: 208384K Free: 196252K (94%)
ptolemy.util.test.WatchDog.cancel(): canceling Thu May 10 00:21:52 UTC 2018
------------------ testing $PTII/ptolemy/domains/de/test/auto/CausalityInterface2.xml
auto.tcl: Setting watchdog for 200 seconds at Thu May 10 00:21:52 UTC 2018
6 ms. Memory: 208384K Free: 196237K (94%)
ptolemy.util.test.WatchDog.cancel(): canceling Thu May 10 00:21:52 UTC 2018
auto.tcl: Setting watchdog for 200 seconds at Thu May 10 00:21:52 UTC 2018
4 ms. Memory: 208384K Free: 196237K (94%)
ptolemy.util.test.WatchDog.cancel(): canceling Thu May 10 00:21:52 UTC 2018
------------------ testing $PTII/ptolemy/domains/de/test/auto/CausalityInterface3.xml
auto.tcl: Setting watchdog for 200 seconds at Thu May 10 00:21:52 UTC 2018
12 ms. Memory: 208384K Free: 196243K (94%)
ptolemy.util.test.WatchDog.cancel(): canceling Thu May 10 00:21:52 UTC 2018
auto.tcl: Setting watchdog for 200 seconds at Thu May 10 00:21:52 UTC 2018
4 ms. Memory: 208384K Free: 196243K (94%)
ptolemy.util.test.WatchDog.cancel(): canceling Thu May 10 00:21:52 UTC 2018
------------------ testing $PTII/ptolemy/domains/de/test/auto/ClockDrift.xml
auto.tcl: Setting watchdog for 200 seconds at Thu May 10 00:21:52 UTC 2018
146 ms. Memory: 208384K Free: 187482K (90%)
ptolemy.util.test.WatchDog.cancel(): canceling Thu May 10 00:21:52 UTC 2018
auto.tcl: Setting watchdog for 200 seconds at Thu May 10 00:21:52 UTC 2018
107 ms. Memory: 208384K Free: 185385K (89%)
ptolemy.util.test.WatchDog.cancel(): canceling Thu May 10 00:21:52 UTC 2018
------------------ testing $PTII/ptolemy/domains/de/test/auto/ClockDriftAndValueChange.xml
auto.tcl: Setting watchdog for 200 seconds at Thu May 10 00:21:52 UTC 2018
61 ms. Memory: 208384K Free: 187315K (90%)
ptolemy.util.test.WatchDog.cancel(): canceling Thu May 10 00:21:52 UTC 2018
auto.tcl: Setting watchdog for 200 seconds at Thu May 10 00:21:52 UTC 2018
53 ms. Memory: 208384K Free: 185217K (89%)
ptolemy.util.test.WatchDog.cancel(): canceling Thu May 10 00:21:52 UTC 2018
------------------ testing $PTII/ptolemy/domains/de/test/auto/ClockDriftChange.xml
auto.tcl: Setting watchdog for 200 seconds at Thu May 10 00:21:52 UTC 2018
39 ms. Memory: 208384K Free: 190641K (91%)
ptolemy.util.test.WatchDog.cancel(): canceling Thu May 10 00:21:53 UTC 2018
auto.tcl: Setting watchdog for 200 seconds at Thu May 10 00:21:53 UTC 2018
43 ms. Memory: 208384K Free: 188544K (90%)
ptolemy.util.test.WatchDog.cancel(): canceling Thu May 10 00:21:53 UTC 2018
------------------ testing $PTII/ptolemy/domains/de/test/auto/ComposableCausalityAnalysis.xml
auto.tcl: Setting watchdog for 200 seconds at Thu May 10 00:21:53 UTC 2018
11 ms. Memory: 208384K Free: 196103K (94%)
ptolemy.util.test.WatchDog.cancel(): canceling Thu May 10 00:21:53 UTC 2018
auto.tcl: Setting watchdog for 200 seconds at Thu May 10 00:21:53 UTC 2018
3 ms. Memory: 208384K Free: 194006K (93%)
ptolemy.util.test.WatchDog.cancel(): canceling Thu May 10 00:21:53 UTC 2018
------------------ testing $PTII/ptolemy/domains/de/test/auto/DEFixedPointLimitation.xml
auto.tcl: Setting watchdog for 200 seconds at Thu May 10 00:21:53 UTC 2018
3 ms. Memory: 208384K Free: 196183K (94%)
ptolemy.util.test.WatchDog.cancel(): canceling Thu May 10 00:21:53 UTC 2018
auto.tcl: Setting watchdog for 200 seconds at Thu May 10 00:21:53 UTC 2018
3 ms. Memory: 208384K Free: 196183K (94%)
ptolemy.util.test.WatchDog.cancel(): canceling Thu May 10 00:21:53 UTC 2018
------------------ testing $PTII/ptolemy/domains/de/test/auto/DEScheduleTest.xml
auto.tcl: Setting watchdog for 200 seconds at Thu May 10 00:21:53 UTC 2018
7 ms. Memory: 208384K Free: 198653K (95%)
ptolemy.util.test.WatchDog.cancel(): canceling Thu May 10 00:21:53 UTC 2018
auto.tcl: Setting watchdog for 200 seconds at Thu May 10 00:21:53 UTC 2018
3 ms. Memory: 208384K Free: 196218K (94%)
ptolemy.util.test.WatchDog.cancel(): canceling Thu May 10 00:21:53 UTC 2018
------------------ testing $PTII/ptolemy/domains/de/test/auto/DEinDEwithStartTimes.xml
auto.tcl: Setting watchdog for 200 seconds at Thu May 10 00:21:53 UTC 2018
5 ms. Memory: 208384K Free: 196187K (94%)
ptolemy.util.test.WatchDog.cancel(): canceling Thu May 10 00:21:53 UTC 2018
auto.tcl: Setting watchdog for 200 seconds at Thu May 10 00:21:53 UTC 2018
9 ms. Memory: 208384K Free: 194090K (93%)
ptolemy.util.test.WatchDog.cancel(): canceling Thu May 10 00:21:53 UTC 2018
------------------ testing $PTII/ptolemy/domains/de/test/auto/DEinDEwithStartTimes2.xml
auto.tcl: Setting watchdog for 200 seconds at Thu May 10 00:21:53 UTC 2018
7 ms. Memory: 208384K Free: 196504K (94%)
ptolemy.util.test.WatchDog.cancel(): canceling Thu May 10 00:21:53 UTC 2018
auto.tcl: Setting watchdog for 200 seconds at Thu May 10 00:21:53 UTC 2018
11 ms. Memory: 208384K Free: 194069K (93%)
ptolemy.util.test.WatchDog.cancel(): canceling Thu May 10 00:21:53 UTC 2018
------------------ testing $PTII/ptolemy/domains/de/test/auto/DateDemo.xml
auto.tcl: Setting watchdog for 200 seconds at Thu May 10 00:21:53 UTC 2018
12 ms. Memory: 208384K Free: 188612K (91%)
ptolemy.util.test.WatchDog.cancel(): canceling Thu May 10 00:21:53 UTC 2018
auto.tcl: Setting watchdog for 200 seconds at Thu May 10 00:21:53 UTC 2018
9 ms. Memory: 208384K Free: 186515K (90%)
ptolemy.util.test.WatchDog.cancel(): canceling Thu May 10 00:21:53 UTC 2018
------------------ testing $PTII/ptolemy/domains/de/test/auto/DateToEvent.xml
auto.tcl: Setting watchdog for 200 seconds at Thu May 10 00:21:53 UTC 2018
2028 ms. Memory: 208384K Free: 183351K (88%)
ptolemy.util.test.WatchDog.cancel(): canceling Thu May 10 00:21:55 UTC 2018
auto.tcl: Setting watchdog for 200 seconds at Thu May 10 00:21:55 UTC 2018
2007 ms. Memory: 208384K Free: 180893K (87%)
ptolemy.util.test.WatchDog.cancel(): canceling Thu May 10 00:21:57 UTC 2018
------------------ testing $PTII/ptolemy/domains/de/test/auto/DepthTest1.xml
auto.tcl: Setting watchdog for 200 seconds at Thu May 10 00:21:58 UTC 2018
4 ms. Memory: 208384K Free: 198164K (95%)
ptolemy.util.test.WatchDog.cancel(): canceling Thu May 10 00:21:58 UTC 2018
auto.tcl: Setting watchdog for 200 seconds at Thu May 10 00:21:58 UTC 2018
3 ms. Memory: 208384K Free: 198164K (95%)
ptolemy.util.test.WatchDog.cancel(): canceling Thu May 10 00:21:58 UTC 2018
------------------ testing $PTII/ptolemy/domains/de/test/auto/DepthTest2.xml
auto.tcl: Setting watchdog for 200 seconds at Thu May 10 00:21:58 UTC 2018
8 ms. Memory: 208384K Free: 194034K (93%)
ptolemy.util.test.WatchDog.cancel(): canceling Thu May 10 00:21:58 UTC 2018
auto.tcl: Setting watchdog for 200 seconds at Thu May 10 00:21:58 UTC 2018
4 ms. Memory: 208384K Free: 194034K (93%)
ptolemy.util.test.WatchDog.cancel(): canceling Thu May 10 00:21:58 UTC 2018
------------------ testing $PTII/ptolemy/domains/de/test/auto/DepthTest3.xml
auto.tcl: Setting watchdog for 200 seconds at Thu May 10 00:21:58 UTC 2018
3 ms. Memory: 208384K Free: 198161K (95%)
ptolemy.util.test.WatchDog.cancel(): canceling Thu May 10 00:21:58 UTC 2018
auto.tcl: Setting watchdog for 200 seconds at Thu May 10 00:21:58 UTC 2018
2 ms. Memory: 208384K Free: 198161K (95%)
ptolemy.util.test.WatchDog.cancel(): canceling Thu May 10 00:21:58 UTC 2018
------------------ testing $PTII/ptolemy/domains/de/test/auto/DepthTest4.xml
auto.tcl: Setting watchdog for 200 seconds at Thu May 10 00:21:58 UTC 2018
11 ms. Memory: 208384K Free: 196151K (94%)
ptolemy.util.test.WatchDog.cancel(): canceling Thu May 10 00:21:58 UTC 2018
auto.tcl: Setting watchdog for 200 seconds at Thu May 10 00:21:58 UTC 2018
3 ms. Memory: 208384K Free: 196151K (94%)
ptolemy.util.test.WatchDog.cancel(): canceling Thu May 10 00:21:58 UTC 2018
------------------ testing $PTII/ptolemy/domains/de/test/auto/DepthTest5.xml
auto.tcl: Setting watchdog for 200 seconds at Thu May 10 00:21:58 UTC 2018
4 ms. Memory: 208384K Free: 196099K (94%)
ptolemy.util.test.WatchDog.cancel(): canceling Thu May 10 00:21:58 UTC 2018
auto.tcl: Setting watchdog for 200 seconds at Thu May 10 00:21:58 UTC 2018
3 ms. Memory: 208384K Free: 196099K (94%)
ptolemy.util.test.WatchDog.cancel(): canceling Thu May 10 00:21:58 UTC 2018
------------------ testing $PTII/ptolemy/domains/de/test/auto/DepthTest6.xml
auto.tcl: Setting watchdog for 200 seconds at Thu May 10 00:21:58 UTC 2018
4 ms. Memory: 208384K Free: 196067K (94%)
ptolemy.util.test.WatchDog.cancel(): canceling Thu May 10 00:21:58 UTC 2018
auto.tcl: Setting watchdog for 200 seconds at Thu May 10 00:21:58 UTC 2018
3 ms. Memory: 208384K Free: 196067K (94%)
ptolemy.util.test.WatchDog.cancel(): canceling Thu May 10 00:21:58 UTC 2018
------------------ testing $PTII/ptolemy/domains/de/test/auto/DepthTest7.xml
auto.tcl: Setting watchdog for 200 seconds at Thu May 10 00:21:58 UTC 2018
3 ms. Memory: 208384K Free: 196071K (94%)
ptolemy.util.test.WatchDog.cancel(): canceling Thu May 10 00:21:58 UTC 2018
auto.tcl: Setting watchdog for 200 seconds at Thu May 10 00:21:58 UTC 2018
2 ms. Memory: 208384K Free: 196071K (94%)
ptolemy.util.test.WatchDog.cancel(): canceling Thu May 10 00:21:58 UTC 2018
------------------ testing $PTII/ptolemy/domains/de/test/auto/EventToDate.xml
auto.tcl: Setting watchdog for 200 seconds at Thu May 10 00:21:58 UTC 2018
3013 ms. Memory: 208384K Free: 185606K (89%)
ptolemy.util.test.WatchDog.cancel(): canceling Thu May 10 00:22:01 UTC 2018
auto.tcl: Setting watchdog for 200 seconds at Thu May 10 00:22:01 UTC 2018
3005 ms. Memory: 208384K Free: 185606K (89%)
ptolemy.util.test.WatchDog.cancel(): canceling Thu May 10 00:22:04 UTC 2018
------------------ testing $PTII/ptolemy/domains/de/test/auto/FSM1.xml
auto.tcl: Setting watchdog for 200 seconds at Thu May 10 00:22:04 UTC 2018
24 ms. Memory: 208384K Free: 189072K (91%)
ptolemy.util.test.WatchDog.cancel(): canceling Thu May 10 00:22:04 UTC 2018
auto.tcl: Setting watchdog for 200 seconds at Thu May 10 00:22:04 UTC 2018
20 ms. Memory: 208384K Free: 184861K (89%)
ptolemy.util.test.WatchDog.cancel(): canceling Thu May 10 00:22:04 UTC 2018
------------------ testing $PTII/ptolemy/domains/de/test/auto/FSM7.xml
auto.tcl: Setting watchdog for 200 seconds at Thu May 10 00:22:04 UTC 2018
40 ms. Memory: 208384K Free: 187179K (90%)
ptolemy.util.test.WatchDog.cancel(): canceling Thu May 10 00:22:04 UTC 2018
auto.tcl: Setting watchdog for 200 seconds at Thu May 10 00:22:04 UTC 2018
31 ms. Memory: 208384K Free: 185082K (89%)
ptolemy.util.test.WatchDog.cancel(): canceling Thu May 10 00:22:04 UTC 2018
------------------ testing $PTII/ptolemy/domains/de/test/auto/Inspection.xml
auto.tcl: Setting watchdog for 200 seconds at Thu May 10 00:22:04 UTC 2018
53 ms. Memory: 208384K Free: 188745K (91%)
ptolemy.util.test.WatchDog.cancel(): canceling Thu May 10 00:22:05 UTC 2018
auto.tcl: Setting watchdog for 200 seconds at Thu May 10 00:22:05 UTC 2018
40 ms. Memory: 208384K Free: 186302K (89%)
ptolemy.util.test.WatchDog.cancel(): canceling Thu May 10 00:22:05 UTC 2018
------------------ testing $PTII/ptolemy/domains/de/test/auto/Iteration.xml
auto.tcl: Setting watchdog for 200 seconds at Thu May 10 00:22:05 UTC 2018
13 ms. Memory: 208384K Free: 194109K (93%)
ptolemy.util.test.WatchDog.cancel(): canceling Thu May 10 00:22:05 UTC 2018
auto.tcl: Setting watchdog for 200 seconds at Thu May 10 00:22:05 UTC 2018
12 ms. Memory: 208384K Free: 194109K (93%)
ptolemy.util.test.WatchDog.cancel(): canceling Thu May 10 00:22:05 UTC 2018
------------------ testing $PTII/ptolemy/domains/de/test/auto/LineFault.xml
auto.tcl: Setting watchdog for 200 seconds at Thu May 10 00:22:05 UTC 2018
1342 ms. Memory: 208384K Free: 196067K (94%)
ptolemy.util.test.WatchDog.cancel(): canceling Thu May 10 00:22:07 UTC 2018
auto.tcl: Setting watchdog for 200 seconds at Thu May 10 00:22:07 UTC 2018
1128 ms. Memory: 208384K Free: 140534K (67%)
ptolemy.util.test.WatchDog.cancel(): canceling Thu May 10 00:22:08 UTC 2018
------------------ testing $PTII/ptolemy/domains/de/test/auto/MergeModel1Add.xml
auto.tcl: Setting watchdog for 200 seconds at Thu May 10 00:22:08 UTC 2018
37 ms. Memory: 208384K Free: 177887K (85%)
ptolemy.util.test.WatchDog.cancel(): canceling Thu May 10 00:22:08 UTC 2018
auto.tcl: Setting watchdog for 200 seconds at Thu May 10 00:22:08 UTC 2018
28 ms. Memory: 208384K Free: 177887K (85%)
ptolemy.util.test.WatchDog.cancel(): canceling Thu May 10 00:22:08 UTC 2018
------------------ testing $PTII/ptolemy/domains/de/test/auto/MergeModel2Add.xml
auto.tcl: Setting watchdog for 200 seconds at Thu May 10 00:22:08 UTC 2018
16 ms. Memory: 208384K Free: 181150K (87%)
ptolemy.util.test.WatchDog.cancel(): canceling Thu May 10 00:22:08 UTC 2018
auto.tcl: Setting watchdog for 200 seconds at Thu May 10 00:22:08 UTC 2018
12 ms. Memory: 208384K Free: 179178K (86%)
ptolemy.util.test.WatchDog.cancel(): canceling Thu May 10 00:22:08 UTC 2018
------------------ testing $PTII/ptolemy/domains/de/test/auto/MergeModel3Add.xml
auto.tcl: Setting watchdog for 200 seconds at Thu May 10 00:22:08 UTC 2018
12 ms. Memory: 208384K Free: 181176K (87%)
ptolemy.util.test.WatchDog.cancel(): canceling Thu May 10 00:22:08 UTC 2018
auto.tcl: Setting watchdog for 200 seconds at Thu May 10 00:22:08 UTC 2018
14 ms. Memory: 208384K Free: 179188K (86%)
ptolemy.util.test.WatchDog.cancel(): canceling Thu May 10 00:22:08 UTC 2018
------------------ testing $PTII/ptolemy/domains/de/test/auto/MergeWithoutDiscard.xml
auto.tcl: Setting watchdog for 200 seconds at Thu May 10 00:22:08 UTC 2018
3 ms. Memory: 208384K Free: 198397K (95%)
ptolemy.util.test.WatchDog.cancel(): canceling Thu May 10 00:22:08 UTC 2018
auto.tcl: Setting watchdog for 200 seconds at Thu May 10 00:22:08 UTC 2018
2 ms. Memory: 208384K Free: 196426K (94%)
ptolemy.util.test.WatchDog.cancel(): canceling Thu May 10 00:22:08 UTC 2018
------------------ testing $PTII/ptolemy/domains/de/test/auto/Modal1.xml
auto.tcl: Setting watchdog for 200 seconds at Thu May 10 00:22:08 UTC 2018
16 ms. Memory: 208384K Free: 188145K (90%)
ptolemy.util.test.WatchDog.cancel(): canceling Thu May 10 00:22:08 UTC 2018
auto.tcl: Setting watchdog for 200 seconds at Thu May 10 00:22:08 UTC 2018
17 ms. Memory: 208384K Free: 186174K (89%)
ptolemy.util.test.WatchDog.cancel(): canceling Thu May 10 00:22:08 UTC 2018
------------------ testing $PTII/ptolemy/domains/de/test/auto/Modal2.xml
auto.tcl: Setting watchdog for 200 seconds at Thu May 10 00:22:08 UTC 2018
25 ms. Memory: 208384K Free: 188043K (90%)
ptolemy.util.test.WatchDog.cancel(): canceling Thu May 10 00:22:09 UTC 2018
auto.tcl: Setting watchdog for 200 seconds at Thu May 10 00:22:09 UTC 2018
26 ms. Memory: 208384K Free: 186071K (89%)
ptolemy.util.test.WatchDog.cancel(): canceling Thu May 10 00:22:09 UTC 2018
------------------ testing $PTII/ptolemy/domains/de/test/auto/Modal3.xml
auto.tcl: Setting watchdog for 200 seconds at Thu May 10 00:22:09 UTC 2018
15 ms. Memory: 208384K Free: 185584K (89%)
ptolemy.util.test.WatchDog.cancel(): canceling Thu May 10 00:22:09 UTC 2018
auto.tcl: Setting watchdog for 200 seconds at Thu May 10 00:22:09 UTC 2018
16 ms. Memory: 208384K Free: 181624K (87%)
ptolemy.util.test.WatchDog.cancel(): canceling Thu May 10 00:22:09 UTC 2018
------------------ testing $PTII/ptolemy/domains/de/test/auto/Modal4.xml
auto.tcl: Setting watchdog for 200 seconds at Thu May 10 00:22:09 UTC 2018
39 ms. Memory: 208384K Free: 186826K (90%)
ptolemy.util.test.WatchDog.cancel(): canceling Thu May 10 00:22:09 UTC 2018
auto.tcl: Setting watchdog for 200 seconds at Thu May 10 00:22:09 UTC 2018
28 ms. Memory: 208384K Free: 182875K (88%)
ptolemy.util.test.WatchDog.cancel(): canceling Thu May 10 00:22:09 UTC 2018
------------------ testing $PTII/ptolemy/domains/de/test/auto/Modal5.xml
auto.tcl: Setting watchdog for 200 seconds at Thu May 10 00:22:09 UTC 2018
26 ms. Memory: 208384K Free: 186829K (90%)
ptolemy.util.test.WatchDog.cancel(): canceling Thu May 10 00:22:09 UTC 2018
auto.tcl: Setting watchdog for 200 seconds at Thu May 10 00:22:09 UTC 2018
17 ms. Memory: 208384K Free: 182870K (88%)
ptolemy.util.test.WatchDog.cancel(): canceling Thu May 10 00:22:09 UTC 2018
------------------ testing $PTII/ptolemy/domains/de/test/auto/Modal6.xml
auto.tcl: Setting watchdog for 200 seconds at Thu May 10 00:22:09 UTC 2018
19 ms. Memory: 208384K Free: 186826K (90%)
ptolemy.util.test.WatchDog.cancel(): canceling Thu May 10 00:22:09 UTC 2018
auto.tcl: Setting watchdog for 200 seconds at Thu May 10 00:22:09 UTC 2018
21 ms. Memory: 208384K Free: 182874K (88%)
ptolemy.util.test.WatchDog.cancel(): canceling Thu May 10 00:22:09 UTC 2018
------------------ testing $PTII/ptolemy/domains/de/test/auto/Modal7.xml
auto.tcl: Setting watchdog for 200 seconds at Thu May 10 00:22:09 UTC 2018
21 ms. Memory: 208384K Free: 188023K (90%)
ptolemy.util.test.WatchDog.cancel(): canceling Thu May 10 00:22:09 UTC 2018
auto.tcl: Setting watchdog for 200 seconds at Thu May 10 00:22:09 UTC 2018
15 ms. Memory: 208384K Free: 184080K (88%)
ptolemy.util.test.WatchDog.cancel(): canceling Thu May 10 00:22:09 UTC 2018
------------------ testing $PTII/ptolemy/domains/de/test/auto/ModalModel.xml
auto.tcl: Setting watchdog for 200 seconds at Thu May 10 00:22:09 UTC 2018
286 ms. Memory: 208384K Free: 127434K (61%)
ptolemy.util.test.WatchDog.cancel(): canceling Thu May 10 00:22:10 UTC 2018
auto.tcl: Setting watchdog for 200 seconds at Thu May 10 00:22:10 UTC 2018
298 ms. Memory: 200192K Free: 184376K (92%)
ptolemy.util.test.WatchDog.cancel(): canceling Thu May 10 00:22:10 UTC 2018
------------------ testing $PTII/ptolemy/domains/de/test/auto/ModalSource.xml
auto.tcl: Setting watchdog for 200 seconds at Thu May 10 00:22:10 UTC 2018
13 ms. Memory: 200192K Free: 185690K (93%)
ptolemy.util.test.WatchDog.cancel(): canceling Thu May 10 00:22:10 UTC 2018
auto.tcl: Setting watchdog for 200 seconds at Thu May 10 00:22:10 UTC 2018
9 ms. Memory: 200192K Free: 182273K (91%)
ptolemy.util.test.WatchDog.cancel(): canceling Thu May 10 00:22:10 UTC 2018
------------------ testing $PTII/ptolemy/domains/de/test/auto/NonInterruptibleTimerZeroDelay.xml
auto.tcl: Setting watchdog for 200 seconds at Thu May 10 00:22:10 UTC 2018
5 ms. Memory: 199680K Free: 190507K (95%)
ptolemy.util.test.WatchDog.cancel(): canceling Thu May 10 00:22:10 UTC 2018
auto.tcl: Setting watchdog for 200 seconds at Thu May 10 00:22:10 UTC 2018
4 ms. Memory: 199680K Free: 188791K (95%)
ptolemy.util.test.WatchDog.cancel(): canceling Thu May 10 00:22:10 UTC 2018
------------------ testing $PTII/ptolemy/domains/de/test/auto/OpenQueueingNetwork.xml
auto.tcl: Setting watchdog for 200 seconds at Thu May 10 00:22:10 UTC 2018
4567 ms. Memory: 179712K Free: 118604K (66%)
ptolemy.util.test.WatchDog.cancel(): canceling Thu May 10 00:22:15 UTC 2018
auto.tcl: Setting watchdog for 200 seconds at Thu May 10 00:22:15 UTC 2018
2643 ms. Memory: 161280K Free: 104861K (65%)
ptolemy.util.test.WatchDog.cancel(): canceling Thu May 10 00:22:18 UTC 2018
------------------ testing $PTII/ptolemy/domains/de/test/auto/OpenQueuingNetwork.xml
auto.tcl: Setting watchdog for 200 seconds at Thu May 10 00:22:18 UTC 2018
429 ms. Memory: 159232K Free: 144621K (91%)
ptolemy.util.test.WatchDog.cancel(): canceling Thu May 10 00:22:18 UTC 2018
auto.tcl: Setting watchdog for 200 seconds at Thu May 10 00:22:18 UTC 2018
437 ms. Memory: 159232K Free: 86193K (54%)
ptolemy.util.test.WatchDog.cancel(): canceling Thu May 10 00:22:19 UTC 2018
------------------ testing $PTII/ptolemy/domains/de/test/auto/PeriodicSampler.xml
auto.tcl: Setting watchdog for 200 seconds at Thu May 10 00:22:19 UTC 2018
4 ms. Memory: 158720K Free: 148249K (93%)
ptolemy.util.test.WatchDog.cancel(): canceling Thu May 10 00:22:19 UTC 2018
auto.tcl: Setting watchdog for 200 seconds at Thu May 10 00:22:19 UTC 2018
3 ms. Memory: 158720K Free: 147008K (93%)
ptolemy.util.test.WatchDog.cancel(): canceling Thu May 10 00:22:19 UTC 2018
------------------ testing $PTII/ptolemy/domains/de/test/auto/PersistentIO.xml
auto.tcl: Setting watchdog for 200 seconds at Thu May 10 00:22:19 UTC 2018
20 ms. Memory: 158720K Free: 142684K (90%)
ptolemy.util.test.WatchDog.cancel(): canceling Thu May 10 00:22:19 UTC 2018
auto.tcl: Setting watchdog for 200 seconds at Thu May 10 00:22:19 UTC 2018
7 ms. Memory: 158720K Free: 141459K (89%)
ptolemy.util.test.WatchDog.cancel(): canceling Thu May 10 00:22:19 UTC 2018
------------------ testing $PTII/ptolemy/domains/de/test/auto/PortParameterResetOnInitialize.xml
auto.tcl: Setting watchdog for 200 seconds at Thu May 10 00:22:19 UTC 2018
3 ms. Memory: 159744K Free: 149779K (94%)
ptolemy.util.test.WatchDog.cancel(): canceling Thu May 10 00:22:19 UTC 2018
auto.tcl: Setting watchdog for 200 seconds at Thu May 10 00:22:19 UTC 2018
3 ms. Memory: 159744K Free: 148537K (93%)
ptolemy.util.test.WatchDog.cancel(): canceling Thu May 10 00:22:19 UTC 2018
------------------ testing $PTII/ptolemy/domains/de/test/auto/PortParameterUpdates.xml
auto.tcl: Setting watchdog for 200 seconds at Thu May 10 00:22:19 UTC 2018
13 ms. Memory: 158720K Free: 146399K (92%)
ptolemy.util.test.WatchDog.cancel(): canceling Thu May 10 00:22:19 UTC 2018
auto.tcl: Setting watchdog for 200 seconds at Thu May 10 00:22:19 UTC 2018
8 ms. Memory: 158720K Free: 145157K (91%)
ptolemy.util.test.WatchDog.cancel(): canceling Thu May 10 00:22:19 UTC 2018
------------------ testing $PTII/ptolemy/domains/de/test/auto/QueueAndServer.xml
auto.tcl: Setting watchdog for 200 seconds at Thu May 10 00:22:19 UTC 2018
29 ms. Memory: 159744K Free: 144618K (91%)
ptolemy.util.test.WatchDog.cancel(): canceling Thu May 10 00:22:19 UTC 2018
auto.tcl: Setting watchdog for 200 seconds at Thu May 10 00:22:19 UTC 2018
14 ms. Memory: 159744K Free: 143377K (90%)
ptolemy.util.test.WatchDog.cancel(): canceling Thu May 10 00:22:19 UTC 2018
------------------ testing $PTII/ptolemy/domains/de/test/auto/Records.xml
auto.tcl: Setting watchdog for 200 seconds at Thu May 10 00:22:19 UTC 2018
5 ms. Memory: 158720K Free: 148278K (93%)
ptolemy.util.test.WatchDog.cancel(): canceling Thu May 10 00:22:19 UTC 2018
auto.tcl: Setting watchdog for 200 seconds at Thu May 10 00:22:19 UTC 2018
4 ms. Memory: 158720K Free: 147036K (93%)
ptolemy.util.test.WatchDog.cancel(): canceling Thu May 10 00:22:19 UTC 2018
------------------ testing $PTII/ptolemy/domains/de/test/auto/ResetTransitionWithStartTime1.xml
auto.tcl: Setting watchdog for 200 seconds at Thu May 10 00:22:19 UTC 2018
17 ms. Memory: 159232K Free: 144795K (91%)
ptolemy.util.test.WatchDog.cancel(): canceling Thu May 10 00:22:19 UTC 2018
auto.tcl: Setting watchdog for 200 seconds at Thu May 10 00:22:19 UTC 2018
8 ms. Memory: 159232K Free: 142319K (89%)
ptolemy.util.test.WatchDog.cancel(): canceling Thu May 10 00:22:19 UTC 2018
------------------ testing $PTII/ptolemy/domains/de/test/auto/ResetTransitionWithStartTime2.xml
auto.tcl: Setting watchdog for 200 seconds at Thu May 10 00:22:19 UTC 2018
8 ms. Memory: 158720K Free: 144319K (91%)
ptolemy.util.test.WatchDog.cancel(): canceling Thu May 10 00:22:19 UTC 2018
auto.tcl: Setting watchdog for 200 seconds at Thu May 10 00:22:19 UTC 2018
9 ms. Memory: 158720K Free: 141835K (89%)
ptolemy.util.test.WatchDog.cancel(): canceling Thu May 10 00:22:19 UTC 2018
------------------ testing $PTII/ptolemy/domains/de/test/auto/ResetTransitionWithStartTime3.xml
auto.tcl: Setting watchdog for 200 seconds at Thu May 10 00:22:19 UTC 2018
13 ms. Memory: 159232K Free: 144775K (91%)
ptolemy.util.test.WatchDog.cancel(): canceling Thu May 10 00:22:20 UTC 2018
auto.tcl: Setting watchdog for 200 seconds at Thu May 10 00:22:20 UTC 2018
12 ms. Memory: 159232K Free: 142316K (89%)
ptolemy.util.test.WatchDog.cancel(): canceling Thu May 10 00:22:20 UTC 2018
------------------ testing $PTII/ptolemy/domains/de/test/auto/ResetTransitionWithStartTime4.xml
auto.tcl: Setting watchdog for 200 seconds at Thu May 10 00:22:20 UTC 2018
6 ms. Memory: 158720K Free: 145042K (91%)
ptolemy.util.test.WatchDog.cancel(): canceling Thu May 10 00:22:20 UTC 2018
auto.tcl: Setting watchdog for 200 seconds at Thu May 10 00:22:20 UTC 2018
5 ms. Memory: 158720K Free: 143800K (91%)
ptolemy.util.test.WatchDog.cancel(): canceling Thu May 10 00:22:20 UTC 2018
------------------ testing $PTII/ptolemy/domains/de/test/auto/ResettableTimer1.xml
auto.tcl: Setting watchdog for 200 seconds at Thu May 10 00:22:20 UTC 2018
6 ms. Memory: 159232K Free: 150056K (94%)
ptolemy.util.test.WatchDog.cancel(): canceling Thu May 10 00:22:20 UTC 2018
auto.tcl: Setting watchdog for 200 seconds at Thu May 10 00:22:20 UTC 2018
4 ms. Memory: 159232K Free: 148814K (93%)
ptolemy.util.test.WatchDog.cancel(): canceling Thu May 10 00:22:20 UTC 2018
------------------ testing $PTII/ptolemy/domains/de/test/auto/ResettableTimer2.xml
auto.tcl: Setting watchdog for 200 seconds at Thu May 10 00:22:20 UTC 2018
5 ms. Memory: 158720K Free: 149624K (94%)
ptolemy.util.test.WatchDog.cancel(): canceling Thu May 10 00:22:20 UTC 2018
auto.tcl: Setting watchdog for 200 seconds at Thu May 10 00:22:20 UTC 2018
6 ms. Memory: 158720K Free: 148382K (93%)
ptolemy.util.test.WatchDog.cancel(): canceling Thu May 10 00:22:20 UTC 2018
------------------ testing $PTII/ptolemy/domains/de/test/auto/ResettableTimer3.xml
auto.tcl: Setting watchdog for 200 seconds at Thu May 10 00:22:20 UTC 2018
1 ms. Memory: 159232K Free: 150113K (94%)
ptolemy.util.test.WatchDog.cancel(): canceling Thu May 10 00:22:20 UTC 2018
auto.tcl: Setting watchdog for 200 seconds at Thu May 10 00:22:20 UTC 2018
1 ms. Memory: 159232K Free: 148871K (93%)
ptolemy.util.test.WatchDog.cancel(): canceling Thu May 10 00:22:20 UTC 2018
------------------ testing $PTII/ptolemy/domains/de/test/auto/ResettableTimer4.xml
auto.tcl: Setting watchdog for 200 seconds at Thu May 10 00:22:20 UTC 2018
2 ms. Memory: 158720K Free: 149652K (94%)
ptolemy.util.test.WatchDog.cancel(): canceling Thu May 10 00:22:20 UTC 2018
auto.tcl: Setting watchdog for 200 seconds at Thu May 10 00:22:20 UTC 2018
1 ms. Memory: 158720K Free: 148410K (94%)
ptolemy.util.test.WatchDog.cancel(): canceling Thu May 10 00:22:20 UTC 2018
------------------ testing $PTII/ptolemy/domains/de/test/auto/ResettableTimer5.xml
auto.tcl: Setting watchdog for 200 seconds at Thu May 10 00:22:20 UTC 2018
2 ms. Memory: 159232K Free: 148139K (93%)
ptolemy.util.test.WatchDog.cancel(): canceling Thu May 10 00:22:20 UTC 2018
auto.tcl: Setting watchdog for 200 seconds at Thu May 10 00:22:20 UTC 2018
2 ms. Memory: 159232K Free: 148139K (93%)
ptolemy.util.test.WatchDog.cancel(): canceling Thu May 10 00:22:20 UTC 2018
------------------ testing $PTII/ptolemy/domains/de/test/auto/ResettableTimer6.xml
auto.tcl: Setting watchdog for 200 seconds at Thu May 10 00:22:20 UTC 2018
2 ms. Memory: 158720K Free: 147522K (93%)
ptolemy.util.test.WatchDog.cancel(): canceling Thu May 10 00:22:20 UTC 2018
auto.tcl: Setting watchdog for 200 seconds at Thu May 10 00:22:20 UTC 2018
2 ms. Memory: 158720K Free: 147522K (93%)
ptolemy.util.test.WatchDog.cancel(): canceling Thu May 10 00:22:20 UTC 2018
------------------ testing $PTII/ptolemy/domains/de/test/auto/ServerZeroDelay.xml
auto.tcl: Setting watchdog for 200 seconds at Thu May 10 00:22:20 UTC 2018
9 ms. Memory: 159232K Free: 149289K (94%)
ptolemy.util.test.WatchDog.cancel(): canceling Thu May 10 00:22:20 UTC 2018
auto.tcl: Setting watchdog for 200 seconds at Thu May 10 00:22:20 UTC 2018
3 ms. Memory: 159232K Free: 148055K (93%)
ptolemy.util.test.WatchDog.cancel(): canceling Thu May 10 00:22:20 UTC 2018
------------------ testing $PTII/ptolemy/domains/de/test/auto/SmartSender.xml
auto.tcl: Setting watchdog for 200 seconds at Thu May 10 00:22:20 UTC 2018
3001 ms. Memory: 158720K Free: 148804K (94%)
ptolemy.util.test.WatchDog.cancel(): canceling Thu May 10 00:22:23 UTC 2018
auto.tcl: Setting watchdog for 200 seconds at Thu May 10 00:22:23 UTC 2018
3002 ms. Memory: 158720K Free: 147562K (93%)
ptolemy.util.test.WatchDog.cancel(): canceling Thu May 10 00:22:26 UTC 2018
------------------ testing $PTII/ptolemy/domains/de/test/auto/ThreadedComposite.xml
auto.tcl: Setting watchdog for 200 seconds at Thu May 10 00:22:26 UTC 2018
362 ms. Memory: 159232K Free: 128252K (81%)
ptolemy.util.test.WatchDog.cancel(): canceling Thu May 10 00:22:27 UTC 2018
auto.tcl: Setting watchdog for 200 seconds at Thu May 10 00:22:27 UTC 2018
364 ms. Memory: 159232K Free: 111274K (70%)
ptolemy.util.test.WatchDog.cancel(): canceling Thu May 10 00:22:27 UTC 2018
------------------ testing $PTII/ptolemy/domains/de/test/auto/Time.xml
auto.tcl: Setting watchdog for 200 seconds at Thu May 10 00:22:27 UTC 2018
1158 ms. Memory: 158720K Free: 97615K (62%)
ptolemy.util.test.WatchDog.cancel(): canceling Thu May 10 00:22:28 UTC 2018
auto.tcl: Setting watchdog for 200 seconds at Thu May 10 00:22:28 UTC 2018
844 ms. Memory: 156672K Free: 122218K (78%)
ptolemy.util.test.WatchDog.cancel(): canceling Thu May 10 00:22:29 UTC 2018
------------------ testing $PTII/ptolemy/domains/de/test/auto/TimeDelayZeroDelay.xml
auto.tcl: Setting watchdog for 200 seconds at Thu May 10 00:22:29 UTC 2018
3 ms. Memory: 156160K Free: 147372K (94%)
ptolemy.util.test.WatchDog.cancel(): canceling Thu May 10 00:22:29 UTC 2018
auto.tcl: Setting watchdog for 200 seconds at Thu May 10 00:22:29 UTC 2018
3 ms. Memory: 156160K Free: 146519K (94%)
ptolemy.util.test.WatchDog.cancel(): canceling Thu May 10 00:22:29 UTC 2018
------------------ testing $PTII/ptolemy/domains/de/test/auto/TimerZeroDelay.xml
auto.tcl: Setting watchdog for 200 seconds at Thu May 10 00:22:29 UTC 2018
3 ms. Memory: 156672K Free: 147919K (94%)
ptolemy.util.test.WatchDog.cancel(): canceling Thu May 10 00:22:29 UTC 2018
auto.tcl: Setting watchdog for 200 seconds at Thu May 10 00:22:29 UTC 2018
3 ms. Memory: 156672K Free: 147105K (94%)
ptolemy.util.test.WatchDog.cancel(): canceling Thu May 10 00:22:29 UTC 2018
------------------ testing $PTII/ptolemy/domains/de/test/auto/TimingParadox.xml
auto.tcl: Setting watchdog for 200 seconds at Thu May 10 00:22:29 UTC 2018
539 ms. Memory: 156160K Free: 80113K (51%)
ptolemy.util.test.WatchDog.cancel(): canceling Thu May 10 00:22:30 UTC 2018
auto.tcl: Setting watchdog for 200 seconds at Thu May 10 00:22:30 UTC 2018
522 ms. Memory: 153600K Free: 116749K (76%)
ptolemy.util.test.WatchDog.cancel(): canceling Thu May 10 00:22:30 UTC 2018
------------------ testing $PTII/ptolemy/domains/de/test/auto/TransferInputs.xml
auto.tcl: Setting watchdog for 200 seconds at Thu May 10 00:22:31 UTC 2018
9 ms. Memory: 153600K Free: 142478K (93%)
ptolemy.util.test.WatchDog.cancel(): canceling Thu May 10 00:22:31 UTC 2018
auto.tcl: Setting watchdog for 200 seconds at Thu May 10 00:22:31 UTC 2018
2 ms. Memory: 153600K Free: 141689K (92%)
ptolemy.util.test.WatchDog.cancel(): canceling Thu May 10 00:22:31 UTC 2018
------------------ testing $PTII/ptolemy/domains/de/test/auto/TransferOutputs2.xml
auto.tcl: Setting watchdog for 200 seconds at Thu May 10 00:22:31 UTC 2018
4 ms. Memory: 154112K Free: 140889K (91%)
ptolemy.util.test.WatchDog.cancel(): canceling Thu May 10 00:22:31 UTC 2018
auto.tcl: Setting watchdog for 200 seconds at Thu May 10 00:22:31 UTC 2018
5 ms. Memory: 154112K Free: 139343K (90%)
ptolemy.util.test.WatchDog.cancel(): canceling Thu May 10 00:22:31 UTC 2018
------------------ testing $PTII/ptolemy/domains/de/test/auto/Trilateration.xml
auto.tcl: Setting watchdog for 200 seconds at Thu May 10 00:22:31 UTC 2018
17138 ms. Memory: 233472K Free: 206334K (88%)
ptolemy.util.test.WatchDog.cancel(): canceling Thu May 10 00:22:49 UTC 2018
auto.tcl: Setting watchdog for 200 seconds at Thu May 10 00:22:49 UTC 2018
12950 ms. Memory: 141824K Free: 90608K (64%)
ptolemy.util.test.WatchDog.cancel(): canceling Thu May 10 00:23:02 UTC 2018
------------------ testing $PTII/ptolemy/domains/de/test/auto/TwoSigmaDelta.xml
auto.tcl: Setting watchdog for 200 seconds at Thu May 10 00:23:02 UTC 2018
3518 ms. Memory: 135680K Free: 90444K (67%)
ptolemy.util.test.WatchDog.cancel(): canceling Thu May 10 00:23:06 UTC 2018
auto.tcl: Setting watchdog for 200 seconds at Thu May 10 00:23:06 UTC 2018
2535 ms. Memory: 130048K Free: 65717K (51%)
ptolemy.util.test.WatchDog.cancel(): canceling Thu May 10 00:23:09 UTC 2018
------------------ testing $PTII/ptolemy/domains/de/test/auto/VariableDelay.xml
auto.tcl: Setting watchdog for 200 seconds at Thu May 10 00:23:09 UTC 2018
3 ms. Memory: 130048K Free: 120112K (92%)
ptolemy.util.test.WatchDog.cancel(): canceling Thu May 10 00:23:09 UTC 2018
auto.tcl: Setting watchdog for 200 seconds at Thu May 10 00:23:09 UTC 2018
3 ms. Memory: 130048K Free: 119187K (92%)
ptolemy.util.test.WatchDog.cancel(): canceling Thu May 10 00:23:09 UTC 2018
------------------ testing $PTII/ptolemy/domains/de/test/auto/VariableDelay2.xml
auto.tcl: Setting watchdog for 200 seconds at Thu May 10 00:23:09 UTC 2018
8 ms. Memory: 130048K Free: 120552K (93%)
ptolemy.util.test.WatchDog.cancel(): canceling Thu May 10 00:23:09 UTC 2018
auto.tcl: Setting watchdog for 200 seconds at Thu May 10 00:23:09 UTC 2018
3 ms. Memory: 130048K Free: 119643K (92%)
ptolemy.util.test.WatchDog.cancel(): canceling Thu May 10 00:23:09 UTC 2018
------------------ testing $PTII/ptolemy/domains/de/test/auto/VariableDelayZeroDelay.xml
auto.tcl: Setting watchdog for 200 seconds at Thu May 10 00:23:09 UTC 2018
3 ms. Memory: 130048K Free: 120559K (93%)
ptolemy.util.test.WatchDog.cancel(): canceling Thu May 10 00:23:09 UTC 2018
auto.tcl: Setting watchdog for 200 seconds at Thu May 10 00:23:09 UTC 2018
2 ms. Memory: 130048K Free: 119635K (92%)
ptolemy.util.test.WatchDog.cancel(): canceling Thu May 10 00:23:09 UTC 2018
------------------ testing $PTII/ptolemy/domains/de/test/auto/VariableDelayZeroDelay2.xml
auto.tcl: Setting watchdog for 200 seconds at Thu May 10 00:23:09 UTC 2018
2 ms. Memory: 130048K Free: 120566K (93%)
ptolemy.util.test.WatchDog.cancel(): canceling Thu May 10 00:23:09 UTC 2018
auto.tcl: Setting watchdog for 200 seconds at Thu May 10 00:23:09 UTC 2018
3 ms. Memory: 130048K Free: 119649K (92%)
ptolemy.util.test.WatchDog.cancel(): canceling Thu May 10 00:23:09 UTC 2018
------------------ testing $PTII/ptolemy/domains/de/test/auto/deInCt.xml
auto.tcl: Setting watchdog for 200 seconds at Thu May 10 00:23:09 UTC 2018
0
1
1
0
0
0
1
1
1
0
0
0
0
1
1
1
0
0
0
1
1
1
0
0
0
1
1
1
1
0
0
0
1
1
1
0
0
0
0
1
1
1
1
1
11 ms. Memory: 130048K Free: 118671K (91%)
ptolemy.util.test.WatchDog.cancel(): canceling Thu May 10 00:23:09 UTC 2018
auto.tcl: Setting watchdog for 200 seconds at Thu May 10 00:23:09 UTC 2018
0
1
1
1
0
0
0
0
0
1
1
1
1
0
0
0
1
1
1
0
0
0
1
1
1
0
0
0
1
1
0
0
0
1
1
1
0
0
0
1
1
1
1
0
0
0
0
11 ms. Memory: 130048K Free: 116837K (90%)
ptolemy.util.test.WatchDog.cancel(): canceling Thu May 10 00:23:09 UTC 2018
------------------ testing $PTII/ptolemy/domains/de/test/auto/deInCt2.xml
auto.tcl: Setting watchdog for 200 seconds at Thu May 10 00:23:09 UTC 2018
0
1
1
1
0
0
1
1
1
0
0
1
1
1
0
0
1
1
1
0
0
1
1
1
0
0
1
1
1
0
0
1
1
1
0
0
1
1
1
0
0
0
12 ms. Memory: 130048K Free: 118633K (91%)
ptolemy.util.test.WatchDog.cancel(): canceling Thu May 10 00:23:09 UTC 2018
auto.tcl: Setting watchdog for 200 seconds at Thu May 10 00:23:09 UTC 2018
0
1
1
1
0
0
1
1
1
0
0
1
1
1
0
0
1
1
1
0
0
1
1
1
0
0
1
1
1
0
0
1
1
1
0
0
1
1
1
0
0
0
7 ms. Memory: 130048K Free: 116799K (90%)
ptolemy.util.test.WatchDog.cancel(): canceling Thu May 10 00:23:09 UTC 2018
------------------ testing $PTII/ptolemy/domains/de/test/auto/dynamicCausalityInterface1.xml
auto.tcl: Setting watchdog for 200 seconds at Thu May 10 00:23:09 UTC 2018
2 ms. Memory: 130048K Free: 114141K (88%)
ptolemy.util.test.WatchDog.cancel(): canceling Thu May 10 00:23:09 UTC 2018
auto.tcl: Setting watchdog for 200 seconds at Thu May 10 00:23:09 UTC 2018
1 ms. Memory: 130048K Free: 113216K (87%)
ptolemy.util.test.WatchDog.cancel(): canceling Thu May 10 00:23:09 UTC 2018
------------------ testing $PTII/ptolemy/domains/de/test/auto/fsm_de_test.xml
auto.tcl: Setting watchdog for 200 seconds at Thu May 10 00:23:09 UTC 2018
8 ms. Memory: 130048K Free: 114896K (88%)
ptolemy.util.test.WatchDog.cancel(): canceling Thu May 10 00:23:09 UTC 2018
auto.tcl: Setting watchdog for 200 seconds at Thu May 10 00:23:09 UTC 2018
14 ms. Memory: 130048K Free: 113023K (87%)
ptolemy.util.test.WatchDog.cancel(): canceling Thu May 10 00:23:09 UTC 2018
------------------ testing $PTII/ptolemy/domains/de/test/auto/functionDependencyReconstruction.xml
auto.tcl: Setting watchdog for 200 seconds at Thu May 10 00:23:09 UTC 2018
3 ms. Memory: 130048K Free: 107536K (83%)
ptolemy.util.test.WatchDog.cancel(): canceling Thu May 10 00:23:09 UTC 2018
auto.tcl: Setting watchdog for 200 seconds at Thu May 10 00:23:09 UTC 2018
4 ms. Memory: 130048K Free: 105687K (81%)
ptolemy.util.test.WatchDog.cancel(): canceling Thu May 10 00:23:09 UTC 2018
------------------ testing $PTII/ptolemy/domains/de/test/auto/multirate.xml
auto.tcl: Setting watchdog for 200 seconds at Thu May 10 00:23:09 UTC 2018
4 ms. Memory: 130048K Free: 116555K (90%)
ptolemy.util.test.WatchDog.cancel(): canceling Thu May 10 00:23:09 UTC 2018
auto.tcl: Setting watchdog for 200 seconds at Thu May 10 00:23:09 UTC 2018
7 ms. Memory: 130048K Free: 115630K (89%)
ptolemy.util.test.WatchDog.cancel(): canceling Thu May 10 00:23:09 UTC 2018
------------------ testing $PTII/ptolemy/domains/de/test/auto/multirate2.xml
auto.tcl: Setting watchdog for 200 seconds at Thu May 10 00:23:09 UTC 2018
9 ms. Memory: 130048K Free: 116777K (90%)
ptolemy.util.test.WatchDog.cancel(): canceling Thu May 10 00:23:10 UTC 2018
auto.tcl: Setting watchdog for 200 seconds at Thu May 10 00:23:10 UTC 2018
4 ms. Memory: 130048K Free: 115852K (89%)
ptolemy.util.test.WatchDog.cancel(): canceling Thu May 10 00:23:10 UTC 2018
------------------ testing $PTII/ptolemy/domains/de/test/auto/realtime.xml
auto.tcl: Setting watchdog for 200 seconds at Thu May 10 00:23:10 UTC 2018
10001 ms. Memory: 130048K Free: 119604K (92%)
ptolemy.util.test.WatchDog.cancel(): canceling Thu May 10 00:23:20 UTC 2018
auto.tcl: Setting watchdog for 200 seconds at Thu May 10 00:23:20 UTC 2018
10001 ms. Memory: 130048K Free: 118679K (91%)
ptolemy.util.test.WatchDog.cancel(): canceling Thu May 10 00:23:30 UTC 2018
------------------ testing $PTII/ptolemy/domains/de/test/auto/relationGroup.xml
auto.tcl: Setting watchdog for 200 seconds at Thu May 10 00:23:30 UTC 2018
1 ms. Memory: 130048K Free: 121465K (93%)
ptolemy.util.test.WatchDog.cancel(): canceling Thu May 10 00:23:30 UTC 2018
auto.tcl: Setting watchdog for 200 seconds at Thu May 10 00:23:30 UTC 2018
1 ms. Memory: 130048K Free: 120540K (93%)
ptolemy.util.test.WatchDog.cancel(): canceling Thu May 10 00:23:30 UTC 2018
------------------ testing $PTII/ptolemy/domains/de/test/auto/relationGroup2.xml
auto.tcl: Setting watchdog for 200 seconds at Thu May 10 00:23:30 UTC 2018
2 ms. Memory: 130048K Free: 121452K (93%)
ptolemy.util.test.WatchDog.cancel(): canceling Thu May 10 00:23:30 UTC 2018
auto.tcl: Setting watchdog for 200 seconds at Thu May 10 00:23:30 UTC 2018
1 ms. Memory: 130048K Free: 120527K (93%)
ptolemy.util.test.WatchDog.cancel(): canceling Thu May 10 00:23:30 UTC 2018
------------------ testing $PTII/ptolemy/domains/de/test/auto/sortWithOpaquePorts.xml
auto.tcl: Setting watchdog for 200 seconds at Thu May 10 00:23:30 UTC 2018
1 ms. Memory: 130048K Free: 119555K (92%)
ptolemy.util.test.WatchDog.cancel(): canceling Thu May 10 00:23:30 UTC 2018
auto.tcl: Setting watchdog for 200 seconds at Thu May 10 00:23:30 UTC 2018
1 ms. Memory: 130048K Free: 117706K (91%)
ptolemy.util.test.WatchDog.cancel(): canceling Thu May 10 00:23:30 UTC 2018
------------------ testing $PTII/ptolemy/domains/de/test/auto/transferInputsandOutputs.xml
auto.tcl: Setting watchdog for 200 seconds at Thu May 10 00:23:30 UTC 2018
2 ms. Memory: 130048K Free: 116817K (90%)
ptolemy.util.test.WatchDog.cancel(): canceling Thu May 10 00:23:30 UTC 2018
auto.tcl: Setting watchdog for 200 seconds at Thu May 10 00:23:30 UTC 2018
2 ms. Memory: 130048K Free: 115868K (89%)
ptolemy.util.test.WatchDog.cancel(): canceling Thu May 10 00:23:30 UTC 2018
------------------ testing $PTII/ptolemy/domains/de/test/auto/triggerType.xml
auto.tcl: Setting watchdog for 200 seconds at Thu May 10 00:23:30 UTC 2018
2 ms. Memory: 130048K Free: 120498K (93%)
ptolemy.util.test.WatchDog.cancel(): canceling Thu May 10 00:23:30 UTC 2018
auto.tcl: Setting watchdog for 200 seconds at Thu May 10 00:23:30 UTC 2018
1 ms. Memory: 130048K Free: 119574K (92%)
ptolemy.util.test.WatchDog.cancel(): canceling Thu May 10 00:23:30 UTC 2018
05/10/18 12:23:30
Failed: 0  Total Tests: 192  ((Passed: 187, Newly Passed: 1)  Known Failed: 5) /home/travis/build/icyphy/ptII/ptolemy/domains/de/test
05/10/18 12:23:30
Failed: 0  Total Tests: 192  ((Passed: 187, Newly Passed: 1)  Known Failed: 5) /home/travis/build/icyphy/ptII/ptolemy/domains/de/test
----------------- testing (KnownFailure) /home/travis/build/icyphy/ptII/ptolemy/domains/de/test/auto/knownFailedTests/DESDFClockTest.xml
2009 ms. Memory: 130048K Free: 112517K (87%)
Known Failure: java.lang.reflect.InvocationTargetException
----------------- testing (KnownFailure) /home/travis/build/icyphy/ptII/ptolemy/domains/de/test/auto/knownFailedTests/DirectFeedback.xml
2 ms. Memory: 130048K Free: 106664K (82%)
Known Failure: java.lang.reflect.InvocationTargetException
----------------- testing (KnownFailure) /home/travis/build/icyphy/ptII/ptolemy/domains/de/test/auto/knownFailedTests/FSMSource.xml
11 ms. Memory: 130048K Free: 96879K (74%)
----------------- testing (KnownFailure) /home/travis/build/icyphy/ptII/ptolemy/domains/de/test/auto/knownFailedTests/HierarchicalModel.xml
2 ms. Memory: 130048K Free: 78267K (60%)
Known Failure: java.lang.reflect.InvocationTargetException
----------------- testing (KnownFailure) /home/travis/build/icyphy/ptII/ptolemy/domains/de/test/auto/knownFailedTests/dependencyLoop.xml
1 ms. Memory: 129024K Free: 106800K (83%)
Known Failure: java.lang.reflect.InvocationTargetException
----------------- testing (KnownFailure) /home/travis/build/icyphy/ptII/ptolemy/domains/de/test/auto/knownFailedTests/dependencyLoop2.xml
6 ms. Memory: 129024K Free: 87063K (67%)
Known Failure: java.lang.reflect.InvocationTargetException
No auto/*.xml tests in /home/travis/build/icyphy/ptII/ptolemy/domains/de/test
AutoTests.java: About to close Vertx.
AutoTests.java: Vertx closed.
----------------- testing Thu May 10 00:23:32 UTC 2018 /home/travis/build/icyphy/ptII/ptolemy/domains/de/test/auto/ActorDepthCalculation_actorWithoutPorts.xml
----------------- Instantiating /home/travis/build/icyphy/ptII/ptolemy/domains/de/test/auto/ActorDepthCalculation_actorWithoutPorts.xml
1 ms. Memory: 129024K Free: 76921K (60%)
----------------- Invoking toplevel() on ptolemy.moml.MoMLSimpleApplication@61a84f80
----------------- Done invoking toplevel() on ptolemy.moml.MoMLSimpleApplication@61a84f80
reloadAllAccessors: .ActorDepthCalculation_actorWithoutPorts
----------------- testing Thu May 10 00:23:32 UTC 2018 /home/travis/build/icyphy/ptII/ptolemy/domains/de/test/auto/AssemblyLine.xml
----------------- Instantiating /home/travis/build/icyphy/ptII/ptolemy/domains/de/test/auto/AssemblyLine.xml
2 ms. Memory: 128000K Free: 115480K (90%)
----------------- Invoking toplevel() on ptolemy.moml.MoMLSimpleApplication@3922a14d
----------------- Done invoking toplevel() on ptolemy.moml.MoMLSimpleApplication@3922a14d
reloadAllAccessors: .AssemblyLine
----------------- testing Thu May 10 00:23:32 UTC 2018 /home/travis/build/icyphy/ptII/ptolemy/domains/de/test/auto/CQBug1.xml
----------------- Instantiating /home/travis/build/icyphy/ptII/ptolemy/domains/de/test/auto/CQBug1.xml
1 ms. Memory: 128000K Free: 110968K (87%)
----------------- Invoking toplevel() on ptolemy.moml.MoMLSimpleApplication@72bebd1d
----------------- Done invoking toplevel() on ptolemy.moml.MoMLSimpleApplication@72bebd1d
reloadAllAccessors: .CQBug1
----------------- testing Thu May 10 00:23:32 UTC 2018 /home/travis/build/icyphy/ptII/ptolemy/domains/de/test/auto/CancelFireAt.xml
----------------- Instantiating /home/travis/build/icyphy/ptII/ptolemy/domains/de/test/auto/CancelFireAt.xml
1 ms. Memory: 128000K Free: 106825K (83%)
----------------- Invoking toplevel() on ptolemy.moml.MoMLSimpleApplication@62b00d66
----------------- Done invoking toplevel() on ptolemy.moml.MoMLSimpleApplication@62b00d66
reloadAllAccessors: .CancelFireAt
----------------- testing Thu May 10 00:23:32 UTC 2018 /home/travis/build/icyphy/ptII/ptolemy/domains/de/test/auto/CausalityAndComposabilityAnalysis.xml
----------------- Instantiating /home/travis/build/icyphy/ptII/ptolemy/domains/de/test/auto/CausalityAndComposabilityAnalysis.xml
1 ms. Memory: 128000K Free: 100833K (79%)
----------------- Invoking toplevel() on ptolemy.moml.MoMLSimpleApplication@6941da64
----------------- Done invoking toplevel() on ptolemy.moml.MoMLSimpleApplication@6941da64
reloadAllAccessors: .CausalityAndComposabilityAnalysis
----------------- testing Thu May 10 00:23:32 UTC 2018 /home/travis/build/icyphy/ptII/ptolemy/domains/de/test/auto/CausalityInterface1.xml
----------------- Instantiating /home/travis/build/icyphy/ptII/ptolemy/domains/de/test/auto/CausalityInterface1.xml
2 ms. Memory: 128000K Free: 93877K (73%)
----------------- Invoking toplevel() on ptolemy.moml.MoMLSimpleApplication@cde53b
----------------- Done invoking toplevel() on ptolemy.moml.MoMLSimpleApplication@cde53b
reloadAllAccessors: .CausalityInterface1
----------------- testing Thu May 10 00:23:32 UTC 2018 /home/travis/build/icyphy/ptII/ptolemy/domains/de/test/auto/CausalityInterface15.xml
----------------- Instantiating /home/travis/build/icyphy/ptII/ptolemy/domains/de/test/auto/CausalityInterface15.xml
1 ms. Memory: 128000K Free: 86930K (68%)
----------------- Invoking toplevel() on ptolemy.moml.MoMLSimpleApplication@6cf1810f
----------------- Done invoking toplevel() on ptolemy.moml.MoMLSimpleApplication@6cf1810f
reloadAllAccessors: .CausalityInterface15
----------------- testing Thu May 10 00:23:32 UTC 2018 /home/travis/build/icyphy/ptII/ptolemy/domains/de/test/auto/CausalityInterface2.xml
----------------- Instantiating /home/travis/build/icyphy/ptII/ptolemy/domains/de/test/auto/CausalityInterface2.xml
1 ms. Memory: 128000K Free: 80923K (63%)
----------------- Invoking toplevel() on ptolemy.moml.MoMLSimpleApplication@5193f972
----------------- Done invoking toplevel() on ptolemy.moml.MoMLSimpleApplication@5193f972
reloadAllAccessors: .CausalityInterface2
----------------- testing Thu May 10 00:23:32 UTC 2018 /home/travis/build/icyphy/ptII/ptolemy/domains/de/test/auto/CausalityInterface3.xml
[...]
java.lang.RuntimeException: Execution failed
	at ptolemy.moml.MoMLSimpleApplication$UnloadThread.run(MoMLSimpleApplication.java:402)
Caused by: ptolemy.kernel.util.IllegalActionException: Test fails in iteration 1.
Value was: 1.0. Should have been: 2.0
  in .DirectFeedback.Test
	at ptolemy.actor.lib.Test.fire(Test.java:268)
	at ptolemy.domains.de.kernel.DEDirector._fire(DEDirector.java:1948)
	at ptolemy.domains.de.kernel.DEDirector.fire(DEDirector.java:502)
	at ptolemy.actor.CompositeActor.fire(CompositeActor.java:455)
	at ptolemy.actor.Manager.iterate(Manager.java:851)
	at ptolemy.actor.Manager.execute(Manager.java:369)
	at ptolemy.actor.Manager.run(Manager.java:1263)
	at ptolemy.actor.Manager$PtolemyRunThread.run(Manager.java:1915)
java.lang.RuntimeException: Execution failed
	at ptolemy.moml.MoMLSimpleApplication$UnloadThread.run(MoMLSimpleApplication.java:402)
Caused by: ptolemy.kernel.util.IllegalActionException: Actor is not ready to fire.  Perhaps UpSample.prefire() returned false? Try debugging the actor by selecting "Listen to Actor".  Also, for SDF check moml for tokenConsumptionRate on input.
  in .DESDFClockTest.Play Bell.Copy1:SDF Director and .DESDFClockTest.Play Bell.UpSample
	at ptolemy.actor.sched.StaticSchedulingDirector.fire(StaticSchedulingDirector.java:227)
	at ptolemy.domains.sdf.kernel.SDFDirector.fire(SDFDirector.java:500)
	at ptolemy.actor.CompositeActor.fire(CompositeActor.java:455)
	at ptolemy.domains.de.kernel.DEDirector._fire(DEDirector.java:1948)
	at ptolemy.domains.de.kernel.DEDirector.fire(DEDirector.java:502)
	at ptolemy.actor.CompositeActor.fire(CompositeActor.java:455)
	at ptolemy.actor.Manager.iterate(Manager.java:851)
	at ptolemy.actor.Manager.execute(Manager.java:369)
	at ptolemy.actor.Manager.run(Manager.java:1263)
	at ptolemy.actor.Manager$PtolemyRunThread.run(Manager.java:1915)
java.lang.reflect.InvocationTargetException
	at sun.reflect.NativeConstructorAccessorImpl.newInstance0(Native Method)
	at sun.reflect.NativeConstructorAccessorImpl.newInstance(NativeConstructorAccessorImpl.java:62)
	at sun.reflect.DelegatingConstructorAccessorImpl.newInstance(DelegatingConstructorAccessorImpl.java:45)
	at java.lang.reflect.Constructor.newInstance(Constructor.java:423)
	at ptolemy.util.test.junit.AutoKnownFailedTests.RunModel(AutoKnownFailedTests.java:107)
	at sun.reflect.NativeMethodAccessorImpl.invoke0(Native Method)
	at sun.reflect.NativeMethodAccessorImpl.invoke(NativeMethodAccessorImpl.java:62)
	at sun.reflect.DelegatingMethodAccessorImpl.invoke(DelegatingMethodAccessorImpl.java:43)
	at java.lang.reflect.Method.invoke(Method.java:498)
	at org.junit.runners.model.FrameworkMethod$1.runReflectiveCall(FrameworkMethod.java:44)
	at org.junit.internal.runners.model.ReflectiveCallable.run(ReflectiveCallable.java:15)
	at org.junit.runners.model.FrameworkMethod.invokeExplosively(FrameworkMethod.java:41)
	at junitparams.internal.InvokeParameterisedMethod.evaluate(InvokeParameterisedMethod.java:102)
	at org.junit.internal.runners.statements.FailOnTimeout$1.run(FailOnTimeout.java:28)
Caused by: ptolemy.kernel.util.IllegalActionException: Actor is not ready to fire.  Perhaps UpSample.prefire() returned false? Try debugging the actor by selecting "Listen to Actor".  Also, for SDF check moml for tokenConsumptionRate on input.
  in .DESDFClockTest.Play Bell.Copy1:SDF Director and .DESDFClockTest.Play Bell.UpSample
	at ptolemy.actor.sched.StaticSchedulingDirector.fire(StaticSchedulingDirector.java:227)
	at ptolemy.domains.sdf.kernel.SDFDirector.fire(SDFDirector.java:500)
	at ptolemy.actor.CompositeActor.fire(CompositeActor.java:455)
	at ptolemy.domains.de.kernel.DEDirector._fire(DEDirector.java:1948)
	at ptolemy.domains.de.kernel.DEDirector.fire(DEDirector.java:502)
	at ptolemy.actor.CompositeActor.fire(CompositeActor.java:455)
	at ptolemy.actor.Manager.iterate(Manager.java:851)
	at ptolemy.actor.Manager.execute(Manager.java:369)
	at ptolemy.actor.Manager.run(Manager.java:1263)
	at ptolemy.actor.Manager$PtolemyRunThread.run(Manager.java:1915)
java.lang.RuntimeException: Execution failed
	at ptolemy.moml.MoMLSimpleApplication$UnloadThread.run(MoMLSimpleApplication.java:402)
Caused by: ptolemy.kernel.util.IllegalActionException: Test fails in iteration 1.
Value was: 1.0. Should have been: 2.0
  in .DirectFeedback.Test
	at ptolemy.actor.lib.Test.fire(Test.java:268)
	at ptolemy.domains.de.kernel.DEDirector._fire(DEDirector.java:1948)
	at ptolemy.domains.de.kernel.DEDirector.fire(DEDirector.java:502)
	at ptolemy.actor.CompositeActor.fire(CompositeActor.java:455)
	at ptolemy.actor.Manager.iterate(Manager.java:851)
	at ptolemy.actor.Manager.execute(Manager.java:369)
	at ptolemy.actor.Manager.run(Manager.java:1263)
	at ptolemy.actor.Manager$PtolemyRunThread.run(Manager.java:1915)
java.lang.reflect.InvocationTargetException
	at sun.reflect.NativeConstructorAccessorImpl.newInstance0(Native Method)
	at sun.reflect.NativeConstructorAccessorImpl.newInstance(NativeConstructorAccessorImpl.java:62)
	at sun.reflect.DelegatingConstructorAccessorImpl.newInstance(DelegatingConstructorAccessorImpl.java:45)
	at java.lang.reflect.Constructor.newInstance(Constructor.java:423)
	at ptolemy.util.test.junit.AutoKnownFailedTests.RunModel(AutoKnownFailedTests.java:107)
	at sun.reflect.NativeMethodAccessorImpl.invoke0(Native Method)
	at sun.reflect.NativeMethodAccessorImpl.invoke(NativeMethodAccessorImpl.java:62)
	at sun.reflect.DelegatingMethodAccessorImpl.invoke(DelegatingMethodAccessorImpl.java:43)
	at java.lang.reflect.Method.invoke(Method.java:498)
	at org.junit.runners.model.FrameworkMethod$1.runReflectiveCall(FrameworkMethod.java:44)
	at org.junit.internal.runners.model.ReflectiveCallable.run(ReflectiveCallable.java:15)
	at org.junit.runners.model.FrameworkMethod.invokeExplosively(FrameworkMethod.java:41)
	at junitparams.internal.InvokeParameterisedMethod.evaluate(InvokeParameterisedMethod.java:102)
	at org.junit.internal.runners.statements.FailOnTimeout$1.run(FailOnTimeout.java:28)
Caused by: ptolemy.kernel.util.IllegalActionException: Test fails in iteration 1.
Value was: 1.0. Should have been: 2.0
  in .DirectFeedback.Test
	at ptolemy.actor.lib.Test.fire(Test.java:268)
	at ptolemy.domains.de.kernel.DEDirector._fire(DEDirector.java:1948)
	at ptolemy.domains.de.kernel.DEDirector.fire(DEDirector.java:502)
	at ptolemy.actor.CompositeActor.fire(CompositeActor.java:455)
	at ptolemy.actor.Manager.iterate(Manager.java:851)
	at ptolemy.actor.Manager.execute(Manager.java:369)
	at ptolemy.actor.Manager.run(Manager.java:1263)
	at ptolemy.actor.Manager$PtolemyRunThread.run(Manager.java:1915)
java.lang.RuntimeException: Execution failed
	at ptolemy.moml.MoMLSimpleApplication$UnloadThread.run(MoMLSimpleApplication.java:402)
Caused by: ptolemy.kernel.util.IllegalActionException: Found a zero delay loop containing .HierarchicalModel.A
  in .HierarchicalModel and .HierarchicalModel.A
	at ptolemy.actor.util.CausalityInterfaceForComposites._computeOutputPortDepth(CausalityInterfaceForComposites.java:759)
	at ptolemy.actor.util.CausalityInterfaceForComposites._computeInputDepth(CausalityInterfaceForComposites.java:696)
	at ptolemy.actor.util.CausalityInterfaceForComposites._computeOutputPortDepth(CausalityInterfaceForComposites.java:765)
	at ptolemy.actor.util.CausalityInterfaceForComposites._computeInputDepth(CausalityInterfaceForComposites.java:696)
	at ptolemy.actor.util.CausalityInterfaceForComposites._computeOutputPortDepth(CausalityInterfaceForComposites.java:765)
	at ptolemy.actor.util.CausalityInterfaceForComposites._computeInputDepth(CausalityInterfaceForComposites.java:696)
	at ptolemy.actor.util.CausalityInterfaceForComposites._computeActorDepth(CausalityInterfaceForComposites.java:532)
	at ptolemy.actor.util.CausalityInterfaceForComposites.checkForCycles(CausalityInterfaceForComposites.java:96)
	at ptolemy.domains.de.kernel.DEDirector.preinitialize(DEDirector.java:1337)
	at ptolemy.actor.CompositeActor.preinitialize(CompositeActor.java:1828)
	at ptolemy.actor.Manager.preinitializeAndResolveTypes(Manager.java:1040)
	at ptolemy.actor.Manager.initialize(Manager.java:710)
	at ptolemy.actor.Manager.execute(Manager.java:356)
	at ptolemy.actor.Manager.run(Manager.java:1263)
	at ptolemy.actor.Manager$PtolemyRunThread.run(Manager.java:1915)
java.lang.reflect.InvocationTargetException
	at sun.reflect.NativeConstructorAccessorImpl.newInstance0(Native Method)
	at sun.reflect.NativeConstructorAccessorImpl.newInstance(NativeConstructorAccessorImpl.java:62)
	at sun.reflect.DelegatingConstructorAccessorImpl.newInstance(DelegatingConstructorAccessorImpl.java:45)
	at java.lang.reflect.Constructor.newInstance(Constructor.java:423)
	at ptolemy.util.test.junit.AutoKnownFailedTests.RunModel(AutoKnownFailedTests.java:107)
	at sun.reflect.NativeMethodAccessorImpl.invoke0(Native Method)
	at sun.reflect.NativeMethodAccessorImpl.invoke(NativeMethodAccessorImpl.java:62)
	at sun.reflect.DelegatingMethodAccessorImpl.invoke(DelegatingMethodAccessorImpl.java:43)
	at java.lang.reflect.Method.invoke(Method.java:498)
	at org.junit.runners.model.FrameworkMethod$1.runReflectiveCall(FrameworkMethod.java:44)
	at org.junit.internal.runners.model.ReflectiveCallable.run(ReflectiveCallable.java:15)
	at org.junit.runners.model.FrameworkMethod.invokeExplosively(FrameworkMethod.java:41)
	at junitparams.internal.InvokeParameterisedMethod.evaluate(InvokeParameterisedMethod.java:102)
	at org.junit.internal.runners.statements.FailOnTimeout$1.run(FailOnTimeout.java:28)
Caused by: ptolemy.kernel.util.IllegalActionException: Found a zero delay loop containing .HierarchicalModel.A
  in .HierarchicalModel and .HierarchicalModel.A
	at ptolemy.actor.util.CausalityInterfaceForComposites._computeOutputPortDepth(CausalityInterfaceForComposites.java:759)
	at ptolemy.actor.util.CausalityInterfaceForComposites._computeInputDepth(CausalityInterfaceForComposites.java:696)
	at ptolemy.actor.util.CausalityInterfaceForComposites._computeOutputPortDepth(CausalityInterfaceForComposites.java:765)
	at ptolemy.actor.util.CausalityInterfaceForComposites._computeInputDepth(CausalityInterfaceForComposites.java:696)
	at ptolemy.actor.util.CausalityInterfaceForComposites._computeOutputPortDepth(CausalityInterfaceForComposites.java:765)
	at ptolemy.actor.util.CausalityInterfaceForComposites._computeInputDepth(CausalityInterfaceForComposites.java:696)
	at ptolemy.actor.util.CausalityInterfaceForComposites._computeActorDepth(CausalityInterfaceForComposites.java:532)
	at ptolemy.actor.util.CausalityInterfaceForComposites.checkForCycles(CausalityInterfaceForComposites.java:96)
	at ptolemy.domains.de.kernel.DEDirector.preinitialize(DEDirector.java:1337)
	at ptolemy.actor.CompositeActor.preinitialize(CompositeActor.java:1828)
	at ptolemy.actor.Manager.preinitializeAndResolveTypes(Manager.java:1040)
	at ptolemy.actor.Manager.initialize(Manager.java:710)
	at ptolemy.actor.Manager.execute(Manager.java:356)
	at ptolemy.actor.Manager.run(Manager.java:1263)
	at ptolemy.actor.Manager$PtolemyRunThread.run(Manager.java:1915)
java.lang.RuntimeException: Execution failed
	at ptolemy.moml.MoMLSimpleApplication$UnloadThread.run(MoMLSimpleApplication.java:402)
Caused by: ptolemy.kernel.util.IllegalActionException: Found a zero delay loop containing .dependencyLoop.original
  in .dependencyLoop and .dependencyLoop.original
	at ptolemy.actor.util.CausalityInterfaceForComposites._computeOutputPortDepth(CausalityInterfaceForComposites.java:759)
	at ptolemy.actor.util.CausalityInterfaceForComposites._computeInputDepth(CausalityInterfaceForComposites.java:696)
	at ptolemy.actor.util.CausalityInterfaceForComposites._computeOutputPortDepth(CausalityInterfaceForComposites.java:765)
	at ptolemy.actor.util.CausalityInterfaceForComposites._computeInputDepth(CausalityInterfaceForComposites.java:696)
	at ptolemy.actor.util.CausalityInterfaceForComposites._computeOutputPortDepth(CausalityInterfaceForComposites.java:765)
	at ptolemy.actor.util.CausalityInterfaceForComposites._computeInputDepth(CausalityInterfaceForComposites.java:696)
	at ptolemy.actor.util.CausalityInterfaceForComposites._computeActorDepth(CausalityInterfaceForComposites.java:532)
	at ptolemy.actor.util.CausalityInterfaceForComposites.checkForCycles(CausalityInterfaceForComposites.java:96)
	at ptolemy.domains.de.kernel.DEDirector.preinitialize(DEDirector.java:1337)
	at ptolemy.actor.CompositeActor.preinitialize(CompositeActor.java:1828)
	at ptolemy.actor.Manager.preinitializeAndResolveTypes(Manager.java:1040)
	at ptolemy.actor.Manager.initialize(Manager.java:710)
	at ptolemy.actor.Manager.execute(Manager.java:356)
	at ptolemy.actor.Manager.run(Manager.java:1263)
	at ptolemy.actor.Manager$PtolemyRunThread.run(Manager.java:1915)
java.lang.reflect.InvocationTargetException
	at sun.reflect.NativeConstructorAccessorImpl.newInstance0(Native Method)
	at sun.reflect.NativeConstructorAccessorImpl.newInstance(NativeConstructorAccessorImpl.java:62)
	at sun.reflect.DelegatingConstructorAccessorImpl.newInstance(DelegatingConstructorAccessorImpl.java:45)
	at java.lang.reflect.Constructor.newInstance(Constructor.java:423)
	at ptolemy.util.test.junit.AutoKnownFailedTests.RunModel(AutoKnownFailedTests.java:107)
	at sun.reflect.NativeMethodAccessorImpl.invoke0(Native Method)
	at sun.reflect.NativeMethodAccessorImpl.invoke(NativeMethodAccessorImpl.java:62)
	at sun.reflect.DelegatingMethodAccessorImpl.invoke(DelegatingMethodAccessorImpl.java:43)
	at java.lang.reflect.Method.invoke(Method.java:498)
	at org.junit.runners.model.FrameworkMethod$1.runReflectiveCall(FrameworkMethod.java:44)
	at org.junit.internal.runners.model.ReflectiveCallable.run(ReflectiveCallable.java:15)
	at org.junit.runners.model.FrameworkMethod.invokeExplosively(FrameworkMethod.java:41)
	at junitparams.internal.InvokeParameterisedMethod.evaluate(InvokeParameterisedMethod.java:102)
	at org.junit.internal.runners.statements.FailOnTimeout$1.run(FailOnTimeout.java:28)
Caused by: ptolemy.kernel.util.IllegalActionException: Found a zero delay loop containing .dependencyLoop.original
  in .dependencyLoop and .dependencyLoop.original
	at ptolemy.actor.util.CausalityInterfaceForComposites._computeOutputPortDepth(CausalityInterfaceForComposites.java:759)
	at ptolemy.actor.util.CausalityInterfaceForComposites._computeInputDepth(CausalityInterfaceForComposites.java:696)
	at ptolemy.actor.util.CausalityInterfaceForComposites._computeOutputPortDepth(CausalityInterfaceForComposites.java:765)
	at ptolemy.actor.util.CausalityInterfaceForComposites._computeInputDepth(CausalityInterfaceForComposites.java:696)
	at ptolemy.actor.util.CausalityInterfaceForComposites._computeOutputPortDepth(CausalityInterfaceForComposites.java:765)
	at ptolemy.actor.util.CausalityInterfaceForComposites._computeInputDepth(CausalityInterfaceForComposites.java:696)
	at ptolemy.actor.util.CausalityInterfaceForComposites._computeActorDepth(CausalityInterfaceForComposites.java:532)
	at ptolemy.actor.util.CausalityInterfaceForComposites.checkForCycles(CausalityInterfaceForComposites.java:96)
	at ptolemy.domains.de.kernel.DEDirector.preinitialize(DEDirector.java:1337)
	at ptolemy.actor.CompositeActor.preinitialize(CompositeActor.java:1828)
	at ptolemy.actor.Manager.preinitializeAndResolveTypes(Manager.java:1040)
	at ptolemy.actor.Manager.initialize(Manager.java:710)
	at ptolemy.actor.Manager.execute(Manager.java:356)
	at ptolemy.actor.Manager.run(Manager.java:1263)
	at ptolemy.actor.Manager$PtolemyRunThread.run(Manager.java:1915)
java.lang.RuntimeException: Execution failed
	at ptolemy.moml.MoMLSimpleApplication$UnloadThread.run(MoMLSimpleApplication.java:402)
Caused by: ptolemy.kernel.util.IllegalActionException: Found a zero delay loop containing .dependencyLoop2.original
  in .dependencyLoop2 and .dependencyLoop2.original
	at ptolemy.actor.util.CausalityInterfaceForComposites._computeOutputPortDepth(CausalityInterfaceForComposites.java:759)
	at ptolemy.actor.util.CausalityInterfaceForComposites._computeInputDepth(CausalityInterfaceForComposites.java:696)
	at ptolemy.actor.util.CausalityInterfaceForComposites._computeOutputPortDepth(CausalityInterfaceForComposites.java:765)
	at ptolemy.actor.util.CausalityInterfaceForComposites._computeInputDepth(CausalityInterfaceForComposites.java:696)
	at ptolemy.actor.util.CausalityInterfaceForComposites._computeOutputPortDepth(CausalityInterfaceForComposites.java:765)
	at ptolemy.actor.util.CausalityInterfaceForComposites._computeInputDepth(CausalityInterfaceForComposites.java:696)
	at ptolemy.actor.util.CausalityInterfaceForComposites._computeActorDepth(CausalityInterfaceForComposites.java:532)
	at ptolemy.actor.util.CausalityInterfaceForComposites.checkForCycles(CausalityInterfaceForComposites.java:96)
	at ptolemy.domains.de.kernel.DEDirector.preinitialize(DEDirector.java:1337)
	at ptolemy.actor.CompositeActor.preinitialize(CompositeActor.java:1828)
	at ptolemy.actor.Manager.preinitializeAndResolveTypes(Manager.java:1040)
	at ptolemy.actor.Manager.initialize(Manager.java:710)
	at ptolemy.actor.Manager.execute(Manager.java:356)
	at ptolemy.actor.Manager.run(Manager.java:1263)
	at ptolemy.actor.Manager$PtolemyRunThread.run(Manager.java:1915)
java.lang.reflect.InvocationTargetException
	at sun.reflect.NativeConstructorAccessorImpl.newInstance0(Native Method)
	at sun.reflect.NativeConstructorAccessorImpl.newInstance(NativeConstructorAccessorImpl.java:62)
	at sun.reflect.DelegatingConstructorAccessorImpl.newInstance(DelegatingConstructorAccessorImpl.java:45)
	at java.lang.reflect.Constructor.newInstance(Constructor.java:423)
	at ptolemy.util.test.junit.AutoKnownFailedTests.RunModel(AutoKnownFailedTests.java:107)
	at sun.reflect.NativeMethodAccessorImpl.invoke0(Native Method)
	at sun.reflect.NativeMethodAccessorImpl.invoke(NativeMethodAccessorImpl.java:62)
	at sun.reflect.DelegatingMethodAccessorImpl.invoke(DelegatingMethodAccessorImpl.java:43)
	at java.lang.reflect.Method.invoke(Method.java:498)
	at org.junit.runners.model.FrameworkMethod$1.runReflectiveCall(FrameworkMethod.java:44)
	at org.junit.internal.runners.model.ReflectiveCallable.run(ReflectiveCallable.java:15)
	at org.junit.runners.model.FrameworkMethod.invokeExplosively(FrameworkMethod.java:41)
	at junitparams.internal.InvokeParameterisedMethod.evaluate(InvokeParameterisedMethod.java:102)
	at org.junit.internal.runners.statements.FailOnTimeout$1.run(FailOnTimeout.java:28)
Caused by: ptolemy.kernel.util.IllegalActionException: Found a zero delay loop containing .dependencyLoop2.original
  in .dependencyLoop2 and .dependencyLoop2.original
	at ptolemy.actor.util.CausalityInterfaceForComposites._computeOutputPortDepth(CausalityInterfaceForComposites.java:759)
	at ptolemy.actor.util.CausalityInterfaceForComposites._computeInputDepth(CausalityInterfaceForComposites.java:696)
	at ptolemy.actor.util.CausalityInterfaceForComposites._computeOutputPortDepth(CausalityInterfaceForComposites.java:765)
	at ptolemy.actor.util.CausalityInterfaceForComposites._computeInputDepth(CausalityInterfaceForComposites.java:696)
	at ptolemy.actor.util.CausalityInterfaceForComposites._computeOutputPortDepth(CausalityInterfaceForComposites.java:765)
	at ptolemy.actor.util.CausalityInterfaceForComposites._computeInputDepth(CausalityInterfaceForComposites.java:696)
	at ptolemy.actor.util.CausalityInterfaceForComposites._computeActorDepth(CausalityInterfaceForComposites.java:532)
	at ptolemy.actor.util.CausalityInterfaceForComposites.checkForCycles(CausalityInterfaceForComposites.java:96)
	at ptolemy.domains.de.kernel.DEDirector.preinitialize(DEDirector.java:1337)
	at ptolemy.actor.CompositeActor.preinitialize(CompositeActor.java:1828)
	at ptolemy.actor.Manager.preinitializeAndResolveTypes(Manager.java:1040)
	at ptolemy.actor.Manager.initialize(Manager.java:710)
	at ptolemy.actor.Manager.execute(Manager.java:356)
	at ptolemy.actor.Manager.run(Manager.java:1263)
	at ptolemy.actor.Manager$PtolemyRunThread.run(Manager.java:1915)
]]></system-err>
</testsuite>
