<?xml version="1.0" encoding="UTF-8" ?>
<testsuite errors="0" failures="0" hostname="travis-job-b8c19330-a3b1-463d-b628-d65b069a161c" name="ptolemy.domains.de.test.junit.JUnitTclTest" skipped="0" tests="101" time="129.021" timestamp="2018-05-04T01:00:57">
  <properties>
[...]
</properties>
  <testcase classname="ptolemy.util.test.junit.TclTests" name="[0] /home/travis/build/icyphy/ptII/ptolemy/domains/de/test/DependencyLoop.tcl (RunTclFile)" time="0.804" />
  <testcase classname="ptolemy.util.test.junit.TclTests" name="[1] /home/travis/build/icyphy/ptII/ptolemy/domains/de/test/RunDETestsAsQSS.tcl (RunTclFile)" time="89.456" />
  <testcase classname="ptolemy.util.test.junit.AutoKnownFailedTests" name="[0] /home/travis/build/icyphy/ptII/ptolemy/domains/de/test/auto/knownFailedTests/DESDFClockTest.xml (RunModel)" time="2.033" />
  <testcase classname="ptolemy.util.test.junit.AutoKnownFailedTests" name="[1] /home/travis/build/icyphy/ptII/ptolemy/domains/de/test/auto/knownFailedTests/DirectFeedback.xml (RunModel)" time="0.014" />
  <testcase classname="ptolemy.util.test.junit.AutoKnownFailedTests" name="[2] /home/travis/build/icyphy/ptII/ptolemy/domains/de/test/auto/knownFailedTests/FSMSource.xml (RunModel)" time="0.017" />
  <testcase classname="ptolemy.util.test.junit.AutoKnownFailedTests" name="[3] /home/travis/build/icyphy/ptII/ptolemy/domains/de/test/auto/knownFailedTests/HierarchicalModel.xml (RunModel)" time="0.032" />
  <testcase classname="ptolemy.util.test.junit.AutoKnownFailedTests" name="[4] /home/travis/build/icyphy/ptII/ptolemy/domains/de/test/auto/knownFailedTests/dependencyLoop.xml (RunModel)" time="0.029" />
  <testcase classname="ptolemy.util.test.junit.AutoKnownFailedTests" name="[5] /home/travis/build/icyphy/ptII/ptolemy/domains/de/test/auto/knownFailedTests/dependencyLoop2.xml (RunModel)" time="0.032" />
  <testcase classname="ptolemy.util.test.junit.AutoNameArchTests" name="[0] ThereAreNoAutoTests (RunModel)" time="0.0" />
  <testcase classname="ptolemy.util.test.junit.AutoTests" name="[0] /home/travis/build/icyphy/ptII/ptolemy/domains/de/test/auto/ActorDepthCalculation_actorWithoutPorts.xml (RunModel)" time="0.014" />
  <testcase classname="ptolemy.util.test.junit.AutoTests" name="[1] /home/travis/build/icyphy/ptII/ptolemy/domains/de/test/auto/AssemblyLine.xml (RunModel)" time="0.015" />
  <testcase classname="ptolemy.util.test.junit.AutoTests" name="[2] /home/travis/build/icyphy/ptII/ptolemy/domains/de/test/auto/CQBug1.xml (RunModel)" time="0.012" />
  <testcase classname="ptolemy.util.test.junit.AutoTests" name="[3] /home/travis/build/icyphy/ptII/ptolemy/domains/de/test/auto/CancelFireAt.xml (RunModel)" time="0.005" />
  <testcase classname="ptolemy.util.test.junit.AutoTests" name="[4] /home/travis/build/icyphy/ptII/ptolemy/domains/de/test/auto/CausalityAndComposabilityAnalysis.xml (RunModel)" time="0.008" />
  <testcase classname="ptolemy.util.test.junit.AutoTests" name="[5] /home/travis/build/icyphy/ptII/ptolemy/domains/de/test/auto/CausalityInterface1.xml (RunModel)" time="0.009" />
  <testcase classname="ptolemy.util.test.junit.AutoTests" name="[6] /home/travis/build/icyphy/ptII/ptolemy/domains/de/test/auto/CausalityInterface15.xml (RunModel)" time="0.009" />
  <testcase classname="ptolemy.util.test.junit.AutoTests" name="[7] /home/travis/build/icyphy/ptII/ptolemy/domains/de/test/auto/CausalityInterface2.xml (RunModel)" time="0.007" />
  <testcase classname="ptolemy.util.test.junit.AutoTests" name="[8] /home/travis/build/icyphy/ptII/ptolemy/domains/de/test/auto/CausalityInterface3.xml (RunModel)" time="0.009" />
  <testcase classname="ptolemy.util.test.junit.AutoTests" name="[9] /home/travis/build/icyphy/ptII/ptolemy/domains/de/test/auto/ClockDrift.xml (RunModel)" time="0.025" />
  <testcase classname="ptolemy.util.test.junit.AutoTests" name="[10] /home/travis/build/icyphy/ptII/ptolemy/domains/de/test/auto/ClockDriftAndValueChange.xml (RunModel)" time="0.033" />
  <testcase classname="ptolemy.util.test.junit.AutoTests" name="[11] /home/travis/build/icyphy/ptII/ptolemy/domains/de/test/auto/ClockDriftChange.xml (RunModel)" time="0.024" />
  <testcase classname="ptolemy.util.test.junit.AutoTests" name="[12] /home/travis/build/icyphy/ptII/ptolemy/domains/de/test/auto/ComposableCausalityAnalysis.xml (RunModel)" time="0.01" />
  <testcase classname="ptolemy.util.test.junit.AutoTests" name="[13] /home/travis/build/icyphy/ptII/ptolemy/domains/de/test/auto/DEFixedPointLimitation.xml (RunModel)" time="0.01" />
  <testcase classname="ptolemy.util.test.junit.AutoTests" name="[14] /home/travis/build/icyphy/ptII/ptolemy/domains/de/test/auto/DEScheduleTest.xml (RunModel)" time="0.022" />
  <testcase classname="ptolemy.util.test.junit.AutoTests" name="[15] /home/travis/build/icyphy/ptII/ptolemy/domains/de/test/auto/DEinDEwithStartTimes.xml (RunModel)" time="0.026" />
  <testcase classname="ptolemy.util.test.junit.AutoTests" name="[16] /home/travis/build/icyphy/ptII/ptolemy/domains/de/test/auto/DEinDEwithStartTimes2.xml (RunModel)" time="0.014" />
  <testcase classname="ptolemy.util.test.junit.AutoTests" name="[17] /home/travis/build/icyphy/ptII/ptolemy/domains/de/test/auto/DateDemo.xml (RunModel)" time="0.021" />
  <testcase classname="ptolemy.util.test.junit.AutoTests" name="[18] /home/travis/build/icyphy/ptII/ptolemy/domains/de/test/auto/DateToEvent.xml (RunModel)" time="2.031" />
  <testcase classname="ptolemy.util.test.junit.AutoTests" name="[19] /home/travis/build/icyphy/ptII/ptolemy/domains/de/test/auto/DepthTest1.xml (RunModel)" time="0.005" />
  <testcase classname="ptolemy.util.test.junit.AutoTests" name="[20] /home/travis/build/icyphy/ptII/ptolemy/domains/de/test/auto/DepthTest2.xml (RunModel)" time="0.013" />
  <testcase classname="ptolemy.util.test.junit.AutoTests" name="[21] /home/travis/build/icyphy/ptII/ptolemy/domains/de/test/auto/DepthTest3.xml (RunModel)" time="0.006" />
  <testcase classname="ptolemy.util.test.junit.AutoTests" name="[22] /home/travis/build/icyphy/ptII/ptolemy/domains/de/test/auto/DepthTest4.xml (RunModel)" time="0.008" />
  <testcase classname="ptolemy.util.test.junit.AutoTests" name="[23] /home/travis/build/icyphy/ptII/ptolemy/domains/de/test/auto/DepthTest5.xml (RunModel)" time="0.009" />
  <testcase classname="ptolemy.util.test.junit.AutoTests" name="[24] /home/travis/build/icyphy/ptII/ptolemy/domains/de/test/auto/DepthTest6.xml (RunModel)" time="0.009" />
  <testcase classname="ptolemy.util.test.junit.AutoTests" name="[25] /home/travis/build/icyphy/ptII/ptolemy/domains/de/test/auto/DepthTest7.xml (RunModel)" time="0.008" />
  <testcase classname="ptolemy.util.test.junit.AutoTests" name="[26] /home/travis/build/icyphy/ptII/ptolemy/domains/de/test/auto/EventToDate.xml (RunModel)" time="3.025" />
  <testcase classname="ptolemy.util.test.junit.AutoTests" name="[27] /home/travis/build/icyphy/ptII/ptolemy/domains/de/test/auto/FSM1.xml (RunModel)" time="0.023" />
  <testcase classname="ptolemy.util.test.junit.AutoTests" name="[28] /home/travis/build/icyphy/ptII/ptolemy/domains/de/test/auto/FSM7.xml (RunModel)" time="0.024" />
  <testcase classname="ptolemy.util.test.junit.AutoTests" name="[29] /home/travis/build/icyphy/ptII/ptolemy/domains/de/test/auto/Inspection.xml (RunModel)" time="0.027" />
  <testcase classname="ptolemy.util.test.junit.AutoTests" name="[30] /home/travis/build/icyphy/ptII/ptolemy/domains/de/test/auto/Iteration.xml (RunModel)" time="0.013" />
  <testcase classname="ptolemy.util.test.junit.AutoTests" name="[31] /home/travis/build/icyphy/ptII/ptolemy/domains/de/test/auto/LineFault.xml (RunModel)" time="0.404" />
  <testcase classname="ptolemy.util.test.junit.AutoTests" name="[32] /home/travis/build/icyphy/ptII/ptolemy/domains/de/test/auto/MergeModel1Add.xml (RunModel)" time="0.031" />
  <testcase classname="ptolemy.util.test.junit.AutoTests" name="[33] /home/travis/build/icyphy/ptII/ptolemy/domains/de/test/auto/MergeModel2Add.xml (RunModel)" time="0.027" />
  <testcase classname="ptolemy.util.test.junit.AutoTests" name="[34] /home/travis/build/icyphy/ptII/ptolemy/domains/de/test/auto/MergeModel3Add.xml (RunModel)" time="0.032" />
  <testcase classname="ptolemy.util.test.junit.AutoTests" name="[35] /home/travis/build/icyphy/ptII/ptolemy/domains/de/test/auto/MergeWithoutDiscard.xml (RunModel)" time="0.01" />
  <testcase classname="ptolemy.util.test.junit.AutoTests" name="[36] /home/travis/build/icyphy/ptII/ptolemy/domains/de/test/auto/Modal1.xml (RunModel)" time="0.023" />
  <testcase classname="ptolemy.util.test.junit.AutoTests" name="[37] /home/travis/build/icyphy/ptII/ptolemy/domains/de/test/auto/Modal2.xml (RunModel)" time="0.025" />
  <testcase classname="ptolemy.util.test.junit.AutoTests" name="[38] /home/travis/build/icyphy/ptII/ptolemy/domains/de/test/auto/Modal3.xml (RunModel)" time="0.025" />
  <testcase classname="ptolemy.util.test.junit.AutoTests" name="[39] /home/travis/build/icyphy/ptII/ptolemy/domains/de/test/auto/Modal4.xml (RunModel)" time="0.023" />
  <testcase classname="ptolemy.util.test.junit.AutoTests" name="[40] /home/travis/build/icyphy/ptII/ptolemy/domains/de/test/auto/Modal5.xml (RunModel)" time="0.022" />
  <testcase classname="ptolemy.util.test.junit.AutoTests" name="[41] /home/travis/build/icyphy/ptII/ptolemy/domains/de/test/auto/Modal6.xml (RunModel)" time="0.02" />
  <testcase classname="ptolemy.util.test.junit.AutoTests" name="[42] /home/travis/build/icyphy/ptII/ptolemy/domains/de/test/auto/Modal7.xml (RunModel)" time="0.027" />
  <testcase classname="ptolemy.util.test.junit.AutoTests" name="[43] /home/travis/build/icyphy/ptII/ptolemy/domains/de/test/auto/ModalModel.xml (RunModel)" time="0.133" />
  <testcase classname="ptolemy.util.test.junit.AutoTests" name="[44] /home/travis/build/icyphy/ptII/ptolemy/domains/de/test/auto/ModalSource.xml (RunModel)" time="0.013" />
  <testcase classname="ptolemy.util.test.junit.AutoTests" name="[45] /home/travis/build/icyphy/ptII/ptolemy/domains/de/test/auto/NonInterruptibleTimerZeroDelay.xml (RunModel)" time="0.006" />
  <testcase classname="ptolemy.util.test.junit.AutoTests" name="[46] /home/travis/build/icyphy/ptII/ptolemy/domains/de/test/auto/OpenQueueingNetwork.xml (RunModel)" time="1.68" />
  <testcase classname="ptolemy.util.test.junit.AutoTests" name="[47] /home/travis/build/icyphy/ptII/ptolemy/domains/de/test/auto/OpenQueuingNetwork.xml (RunModel)" time="0.234" />
  <testcase classname="ptolemy.util.test.junit.AutoTests" name="[48] /home/travis/build/icyphy/ptII/ptolemy/domains/de/test/auto/PeriodicSampler.xml (RunModel)" time="0.011" />
  <testcase classname="ptolemy.util.test.junit.AutoTests" name="[49] /home/travis/build/icyphy/ptII/ptolemy/domains/de/test/auto/PersistentIO.xml (RunModel)" time="0.023" />
  <testcase classname="ptolemy.util.test.junit.AutoTests" name="[50] /home/travis/build/icyphy/ptII/ptolemy/domains/de/test/auto/PortParameterResetOnInitialize.xml (RunModel)" time="0.011" />
  <testcase classname="ptolemy.util.test.junit.AutoTests" name="[51] /home/travis/build/icyphy/ptII/ptolemy/domains/de/test/auto/PortParameterUpdates.xml (RunModel)" time="0.022" />
  <testcase classname="ptolemy.util.test.junit.AutoTests" name="[52] /home/travis/build/icyphy/ptII/ptolemy/domains/de/test/auto/QueueAndServer.xml (RunModel)" time="0.025" />
  <testcase classname="ptolemy.util.test.junit.AutoTests" name="[53] /home/travis/build/icyphy/ptII/ptolemy/domains/de/test/auto/Records.xml (RunModel)" time="0.019" />
  <testcase classname="ptolemy.util.test.junit.AutoTests" name="[54] /home/travis/build/icyphy/ptII/ptolemy/domains/de/test/auto/ResetTransitionWithStartTime1.xml (RunModel)" time="0.026" />
  <testcase classname="ptolemy.util.test.junit.AutoTests" name="[55] /home/travis/build/icyphy/ptII/ptolemy/domains/de/test/auto/ResetTransitionWithStartTime2.xml (RunModel)" time="0.026" />
  <testcase classname="ptolemy.util.test.junit.AutoTests" name="[56] /home/travis/build/icyphy/ptII/ptolemy/domains/de/test/auto/ResetTransitionWithStartTime3.xml (RunModel)" time="0.02" />
  <testcase classname="ptolemy.util.test.junit.AutoTests" name="[57] /home/travis/build/icyphy/ptII/ptolemy/domains/de/test/auto/ResetTransitionWithStartTime4.xml (RunModel)" time="0.023" />
  <testcase classname="ptolemy.util.test.junit.AutoTests" name="[58] /home/travis/build/icyphy/ptII/ptolemy/domains/de/test/auto/ResettableTimer1.xml (RunModel)" time="0.012" />
  <testcase classname="ptolemy.util.test.junit.AutoTests" name="[59] /home/travis/build/icyphy/ptII/ptolemy/domains/de/test/auto/ResettableTimer2.xml (RunModel)" time="0.011" />
  <testcase classname="ptolemy.util.test.junit.AutoTests" name="[60] /home/travis/build/icyphy/ptII/ptolemy/domains/de/test/auto/ResettableTimer3.xml (RunModel)" time="0.011" />
  <testcase classname="ptolemy.util.test.junit.AutoTests" name="[61] /home/travis/build/icyphy/ptII/ptolemy/domains/de/test/auto/ResettableTimer4.xml (RunModel)" time="0.011" />
  <testcase classname="ptolemy.util.test.junit.AutoTests" name="[62] /home/travis/build/icyphy/ptII/ptolemy/domains/de/test/auto/ResettableTimer5.xml (RunModel)" time="0.011" />
  <testcase classname="ptolemy.util.test.junit.AutoTests" name="[63] /home/travis/build/icyphy/ptII/ptolemy/domains/de/test/auto/ResettableTimer6.xml (RunModel)" time="0.021" />
  <testcase classname="ptolemy.util.test.junit.AutoTests" name="[64] /home/travis/build/icyphy/ptII/ptolemy/domains/de/test/auto/ServerZeroDelay.xml (RunModel)" time="0.012" />
  <testcase classname="ptolemy.util.test.junit.AutoTests" name="[65] /home/travis/build/icyphy/ptII/ptolemy/domains/de/test/auto/SmartSender.xml (RunModel)" time="3.015" />
  <testcase classname="ptolemy.util.test.junit.AutoTests" name="[66] /home/travis/build/icyphy/ptII/ptolemy/domains/de/test/auto/ThreadedComposite.xml (RunModel)" time="0.165" />
  <testcase classname="ptolemy.util.test.junit.AutoTests" name="[67] /home/travis/build/icyphy/ptII/ptolemy/domains/de/test/auto/Time.xml (RunModel)" time="0.444" />
  <testcase classname="ptolemy.util.test.junit.AutoTests" name="[68] /home/travis/build/icyphy/ptII/ptolemy/domains/de/test/auto/TimeDelayZeroDelay.xml (RunModel)" time="0.01" />
  <testcase classname="ptolemy.util.test.junit.AutoTests" name="[69] /home/travis/build/icyphy/ptII/ptolemy/domains/de/test/auto/TimerZeroDelay.xml (RunModel)" time="0.01" />
  <testcase classname="ptolemy.util.test.junit.AutoTests" name="[70] /home/travis/build/icyphy/ptII/ptolemy/domains/de/test/auto/TimingParadox.xml (RunModel)" time="0.385" />
  <testcase classname="ptolemy.util.test.junit.AutoTests" name="[71] /home/travis/build/icyphy/ptII/ptolemy/domains/de/test/auto/TransferInputs.xml (RunModel)" time="0.018" />
  <testcase classname="ptolemy.util.test.junit.AutoTests" name="[72] /home/travis/build/icyphy/ptII/ptolemy/domains/de/test/auto/TransferOutputs2.xml (RunModel)" time="0.02" />
  <testcase classname="ptolemy.util.test.junit.AutoTests" name="[73] /home/travis/build/icyphy/ptII/ptolemy/domains/de/test/auto/Trilateration.xml (RunModel)" time="11.312" />
  <testcase classname="ptolemy.util.test.junit.AutoTests" name="[74] /home/travis/build/icyphy/ptII/ptolemy/domains/de/test/auto/TwoSigmaDelta.xml (RunModel)" time="2.228" />
  <testcase classname="ptolemy.util.test.junit.AutoTests" name="[75] /home/travis/build/icyphy/ptII/ptolemy/domains/de/test/auto/VariableDelay.xml (RunModel)" time="0.011" />
  <testcase classname="ptolemy.util.test.junit.AutoTests" name="[76] /home/travis/build/icyphy/ptII/ptolemy/domains/de/test/auto/VariableDelay2.xml (RunModel)" time="0.009" />
  <testcase classname="ptolemy.util.test.junit.AutoTests" name="[77] /home/travis/build/icyphy/ptII/ptolemy/domains/de/test/auto/VariableDelayZeroDelay.xml (RunModel)" time="0.01" />
  <testcase classname="ptolemy.util.test.junit.AutoTests" name="[78] /home/travis/build/icyphy/ptII/ptolemy/domains/de/test/auto/VariableDelayZeroDelay2.xml (RunModel)" time="0.009" />
  <testcase classname="ptolemy.util.test.junit.AutoTests" name="[79] /home/travis/build/icyphy/ptII/ptolemy/domains/de/test/auto/deInCt.xml (RunModel)" time="0.013" />
  <testcase classname="ptolemy.util.test.junit.AutoTests" name="[80] /home/travis/build/icyphy/ptII/ptolemy/domains/de/test/auto/deInCt2.xml (RunModel)" time="0.016" />
  <testcase classname="ptolemy.util.test.junit.AutoTests" name="[81] /home/travis/build/icyphy/ptII/ptolemy/domains/de/test/auto/dynamicCausalityInterface1.xml (RunModel)" time="0.021" />
  <testcase classname="ptolemy.util.test.junit.AutoTests" name="[82] /home/travis/build/icyphy/ptII/ptolemy/domains/de/test/auto/fsm_de_test.xml (RunModel)" time="0.029" />
  <testcase classname="ptolemy.util.test.junit.AutoTests" name="[83] /home/travis/build/icyphy/ptII/ptolemy/domains/de/test/auto/functionDependencyReconstruction.xml (RunModel)" time="0.035" />
  <testcase classname="ptolemy.util.test.junit.AutoTests" name="[84] /home/travis/build/icyphy/ptII/ptolemy/domains/de/test/auto/multirate.xml (RunModel)" time="0.016" />
  <testcase classname="ptolemy.util.test.junit.AutoTests" name="[85] /home/travis/build/icyphy/ptII/ptolemy/domains/de/test/auto/multirate2.xml (RunModel)" time="0.015" />
  <testcase classname="ptolemy.util.test.junit.AutoTests" name="[86] /home/travis/build/icyphy/ptII/ptolemy/domains/de/test/auto/realtime.xml (RunModel)" time="10.015" />
  <testcase classname="ptolemy.util.test.junit.AutoTests" name="[87] /home/travis/build/icyphy/ptII/ptolemy/domains/de/test/auto/relationGroup.xml (RunModel)" time="0.007" />
  <testcase classname="ptolemy.util.test.junit.AutoTests" name="[88] /home/travis/build/icyphy/ptII/ptolemy/domains/de/test/auto/relationGroup2.xml (RunModel)" time="0.008" />
  <testcase classname="ptolemy.util.test.junit.AutoTests" name="[89] /home/travis/build/icyphy/ptII/ptolemy/domains/de/test/auto/sortWithOpaquePorts.xml (RunModel)" time="0.009" />
  <testcase classname="ptolemy.util.test.junit.AutoTests" name="[90] /home/travis/build/icyphy/ptII/ptolemy/domains/de/test/auto/transferInputsandOutputs.xml (RunModel)" time="0.015" />
  <testcase classname="ptolemy.util.test.junit.AutoTests" name="[91] /home/travis/build/icyphy/ptII/ptolemy/domains/de/test/auto/triggerType.xml (RunModel)" time="0.009" />
  <system-out><![CDATA[/home/travis/build/icyphy/ptII/ptolemy/domains/de/test/DependencyLoop.tcl
testDefs.tcl: setting time out to 9000 seconds at Fri May 04 01:00:57 UTC 2018
17 ms. Memory: 116224K Free: 95030K (82%)
7 ms. Memory: 146944K Free: 137811K (94%)
/home/travis/build/icyphy/ptII/ptolemy/domains/de/test/RunDETestsAsQSS.tcl
Run the DE tests using ptolemy.domains.qss.test.QSSDirectorTest, which extends QSSDirector and prints a message in the constructors.
------------------ testing $PTII/ptolemy/domains/de/test/auto/knownFailedTests/dependencyLoop.xml (Known Failure) 
8 ms. Memory: 146944K Free: 133537K (91%)


==== $PTIIhome/travis/build/icyphy/ptII/ptolemy/domains/de/test/../../../../: Auto Automatic test in file $PTII/ptolemy/domains/de/test/auto/knownFailedTests/dependencyLoop.xml
==== Contents of test case:

	    # FIXME: we should use $relativeFilename here, but it
	    # might have backslashes under Windows, which causes no end
	    # of trouble.
	    createAndExecute $file
	    list {}
	
.... Test generated KNOWN error:
    while executing
ptolemy.kernel.util.IllegalActionException: Found a zero delay loop containing .dependencyLoop.original
  in .dependencyLoop and .dependencyLoop.original
	at ptolemy.actor.util.CausalityInterfaceForComposites._computeOutputPortDepth(CausalityInterfaceForComposites.java:759)
	at ptolemy.actor.util.CausalityInterfaceForComposites._computeInputDepth(CausalityInterfaceForComposites.java:696)
	at ptolemy.actor.util.CausalityInterfaceForComposites._computeOutputPortDepth(CausalityInterfaceForComposites.java:765)
	at ptolemy.actor.util.CausalityInterfaceForComposites._computeInputDepth(CausalityInterfaceForComposites.java:696)
	at ptolemy.actor.util.CausalityInterfaceForComposites._computeOutputPortDepth(CausalityInterfaceForComposites.java:765)
	at ptolemy.actor.util.CausalityInterfaceForComposites._computeInputDepth(CausalityInterfaceForComposites.java:696)
	at ptolemy.actor.util.CausalityInterfaceForComposites._computeActorDepth(CausalityInterfaceForComposites.java:532)
	at ptolemy.actor.util.CausalityInterfaceForComposites.checkForCycles(CausalityInterfaceForComposites.java:96)
	at ptolemy.domains.de.kernel.DEDirector.preinitialize(DEDirector.java:1337)
	at ptolemy.actor.CompositeActor.preinitialize(CompositeActor.java:1828)
	at ptolemy.actor.Manager.preinitializeAndResolveTypes(Manager.java:1040)
	at ptolemy.actor.Manager.initialize(Manager.java:710)
	at ptolemy.actor.Manager.execute(Manager.java:356)
	at ptolemy.actor.Manager.run(Manager.java:1263)
	at ptolemy.actor.Manager$PtolemyRunThread.run(Manager.java:1915)

    while executing
ptolemy.kernel.util.IllegalActionException: Found a zero delay loop containing .dependencyLoop.original
  in .dependencyLoop and .dependencyLoop.original
    while executing
"java::new ptolemy.moml.MoMLSimpleApplication $file
"
    (procedure "createAndExecute" line 2)
    invoked from within
"createAndExecute $file"
    ("uplevel" body line 5)
    invoked from within
"uplevel $contents_of_test"
------------------ testing $PTII/ptolemy/domains/de/test/auto/knownFailedTests/DESDFClockTest.xml (Known Failure) 
2057 ms. Memory: 146944K Free: 117682K (80%)


==== $PTIIhome/travis/build/icyphy/ptII/ptolemy/domains/de/test/../../../../: Auto Automatic test in file $PTII/ptolemy/domains/de/test/auto/knownFailedTests/DESDFClockTest.xml
==== Contents of test case:

	    # FIXME: we should use $relativeFilename here, but it
	    # might have backslashes under Windows, which causes no end
	    # of trouble.
	    createAndExecute $file
	    list {}
	
.... Test generated KNOWN error:
    while executing
ptolemy.kernel.util.IllegalActionException: Actor is not ready to fire.  Perhaps UpSample.prefire() returned false? Try debugging the actor by selecting "Listen to Actor".  Also, for SDF check moml for tokenConsumptionRate on input.
  in .DESDFClockTest.Play Bell.Copy1:SDF Director and .DESDFClockTest.Play Bell.UpSample
	at ptolemy.actor.sched.StaticSchedulingDirector.fire(StaticSchedulingDirector.java:227)
	at ptolemy.domains.sdf.kernel.SDFDirector.fire(SDFDirector.java:500)
	at ptolemy.actor.CompositeActor.fire(CompositeActor.java:455)
	at ptolemy.domains.de.kernel.DEDirector._fire(DEDirector.java:1948)
	at ptolemy.domains.de.kernel.DEDirector.fire(DEDirector.java:502)
	at ptolemy.actor.CompositeActor.fire(CompositeActor.java:455)
	at ptolemy.actor.Manager.iterate(Manager.java:851)
	at ptolemy.actor.Manager.execute(Manager.java:369)
	at ptolemy.actor.Manager.run(Manager.java:1263)
	at ptolemy.actor.Manager$PtolemyRunThread.run(Manager.java:1915)

    while executing
ptolemy.kernel.util.IllegalActionException: Actor is not ready to fire.  Perhaps UpSample.prefire() returned false? Try debugging the actor by selecting "Listen to Actor".  Also, for SDF check moml for tokenConsumptionRate on input.
  in .DESDFClockTest.Play Bell.Copy1:SDF Director and .DESDFClockTest.Play Bell.UpSample
    while executing
"java::new ptolemy.moml.MoMLSimpleApplication $file
"
    (procedure "createAndExecute" line 2)
    invoked from within
"createAndExecute $file"
    ("uplevel" body line 5)
    invoked from within
"uplevel $contents_of_test"
------------------ testing $PTII/ptolemy/domains/de/test/auto/knownFailedTests/FSMSource.xml (Known Failure) 
43 ms. Memory: 146944K Free: 108599K (74%)
!!!! Auto was marked as failing, but now passes
------------------ testing $PTII/ptolemy/domains/de/test/auto/knownFailedTests/dependencyLoop2.xml (Known Failure) 
7 ms. Memory: 146944K Free: 106715K (73%)


==== $PTIIhome/travis/build/icyphy/ptII/ptolemy/domains/de/test/../../../../: Auto Automatic test in file $PTII/ptolemy/domains/de/test/auto/knownFailedTests/dependencyLoop2.xml
==== Contents of test case:

	    # FIXME: we should use $relativeFilename here, but it
	    # might have backslashes under Windows, which causes no end
	    # of trouble.
	    createAndExecute $file
	    list {}
	
.... Test generated KNOWN error:
    while executing
ptolemy.kernel.util.IllegalActionException: Found a zero delay loop containing .dependencyLoop2.original
  in .dependencyLoop2 and .dependencyLoop2.original
	at ptolemy.actor.util.CausalityInterfaceForComposites._computeOutputPortDepth(CausalityInterfaceForComposites.java:759)
	at ptolemy.actor.util.CausalityInterfaceForComposites._computeInputDepth(CausalityInterfaceForComposites.java:696)
	at ptolemy.actor.util.CausalityInterfaceForComposites._computeOutputPortDepth(CausalityInterfaceForComposites.java:765)
	at ptolemy.actor.util.CausalityInterfaceForComposites._computeInputDepth(CausalityInterfaceForComposites.java:696)
	at ptolemy.actor.util.CausalityInterfaceForComposites._computeOutputPortDepth(CausalityInterfaceForComposites.java:765)
	at ptolemy.actor.util.CausalityInterfaceForComposites._computeInputDepth(CausalityInterfaceForComposites.java:696)
	at ptolemy.actor.util.CausalityInterfaceForComposites._computeActorDepth(CausalityInterfaceForComposites.java:532)
	at ptolemy.actor.util.CausalityInterfaceForComposites.checkForCycles(CausalityInterfaceForComposites.java:96)
	at ptolemy.domains.de.kernel.DEDirector.preinitialize(DEDirector.java:1337)
	at ptolemy.actor.CompositeActor.preinitialize(CompositeActor.java:1828)
	at ptolemy.actor.Manager.preinitializeAndResolveTypes(Manager.java:1040)
	at ptolemy.actor.Manager.initialize(Manager.java:710)
	at ptolemy.actor.Manager.execute(Manager.java:356)
	at ptolemy.actor.Manager.run(Manager.java:1263)
	at ptolemy.actor.Manager$PtolemyRunThread.run(Manager.java:1915)

    while executing
ptolemy.kernel.util.IllegalActionException: Found a zero delay loop containing .dependencyLoop2.original
  in .dependencyLoop2 and .dependencyLoop2.original
    while executing
"java::new ptolemy.moml.MoMLSimpleApplication $file
"
    (procedure "createAndExecute" line 2)
    invoked from within
"createAndExecute $file"
    ("uplevel" body line 5)
    invoked from within
"uplevel $contents_of_test"
------------------ testing $PTII/ptolemy/domains/de/test/auto/knownFailedTests/HierarchicalModel.xml (Known Failure) 
6 ms. Memory: 146944K Free: 86194K (59%)


==== $PTIIhome/travis/build/icyphy/ptII/ptolemy/domains/de/test/../../../../: Auto Automatic test in file $PTII/ptolemy/domains/de/test/auto/knownFailedTests/HierarchicalModel.xml
==== Contents of test case:

	    # FIXME: we should use $relativeFilename here, but it
	    # might have backslashes under Windows, which causes no end
	    # of trouble.
	    createAndExecute $file
	    list {}
	
.... Test generated KNOWN error:
    while executing
ptolemy.kernel.util.IllegalActionException: Found a zero delay loop containing .HierarchicalModel.A
  in .HierarchicalModel and .HierarchicalModel.A
	at ptolemy.actor.util.CausalityInterfaceForComposites._computeOutputPortDepth(CausalityInterfaceForComposites.java:759)
	at ptolemy.actor.util.CausalityInterfaceForComposites._computeInputDepth(CausalityInterfaceForComposites.java:696)
	at ptolemy.actor.util.CausalityInterfaceForComposites._computeOutputPortDepth(CausalityInterfaceForComposites.java:765)
	at ptolemy.actor.util.CausalityInterfaceForComposites._computeInputDepth(CausalityInterfaceForComposites.java:696)
	at ptolemy.actor.util.CausalityInterfaceForComposites._computeOutputPortDepth(CausalityInterfaceForComposites.java:765)
	at ptolemy.actor.util.CausalityInterfaceForComposites._computeInputDepth(CausalityInterfaceForComposites.java:696)
	at ptolemy.actor.util.CausalityInterfaceForComposites._computeActorDepth(CausalityInterfaceForComposites.java:532)
	at ptolemy.actor.util.CausalityInterfaceForComposites.checkForCycles(CausalityInterfaceForComposites.java:96)
	at ptolemy.domains.de.kernel.DEDirector.preinitialize(DEDirector.java:1337)
	at ptolemy.actor.CompositeActor.preinitialize(CompositeActor.java:1828)
	at ptolemy.actor.Manager.preinitializeAndResolveTypes(Manager.java:1040)
	at ptolemy.actor.Manager.initialize(Manager.java:710)
	at ptolemy.actor.Manager.execute(Manager.java:356)
	at ptolemy.actor.Manager.run(Manager.java:1263)
	at ptolemy.actor.Manager$PtolemyRunThread.run(Manager.java:1915)

    while executing
ptolemy.kernel.util.IllegalActionException: Found a zero delay loop containing .HierarchicalModel.A
  in .HierarchicalModel and .HierarchicalModel.A
    while executing
"java::new ptolemy.moml.MoMLSimpleApplication $file
"
    (procedure "createAndExecute" line 2)
    invoked from within
"createAndExecute $file"
    ("uplevel" body line 5)
    invoked from within
"uplevel $contents_of_test"
------------------ testing $PTII/ptolemy/domains/de/test/auto/knownFailedTests/DirectFeedback.xml (Known Failure) 
16 ms. Memory: 146944K Free: 142342K (97%)


==== $PTIIhome/travis/build/icyphy/ptII/ptolemy/domains/de/test/../../../../: Auto Automatic test in file $PTII/ptolemy/domains/de/test/auto/knownFailedTests/DirectFeedback.xml
==== Contents of test case:

	    # FIXME: we should use $relativeFilename here, but it
	    # might have backslashes under Windows, which causes no end
	    # of trouble.
	    createAndExecute $file
	    list {}
	
.... Test generated KNOWN error:
    while executing
ptolemy.kernel.util.IllegalActionException: Test fails in iteration 1.
Value was: 1.0. Should have been: 2.0
  in .DirectFeedback.Test
	at ptolemy.actor.lib.Test.fire(Test.java:268)
	at ptolemy.domains.de.kernel.DEDirector._fire(DEDirector.java:1948)
	at ptolemy.domains.de.kernel.DEDirector.fire(DEDirector.java:502)
	at ptolemy.actor.CompositeActor.fire(CompositeActor.java:455)
	at ptolemy.actor.Manager.iterate(Manager.java:851)
	at ptolemy.actor.Manager.execute(Manager.java:369)
	at ptolemy.actor.Manager.run(Manager.java:1263)
	at ptolemy.actor.Manager$PtolemyRunThread.run(Manager.java:1915)

    while executing
ptolemy.kernel.util.IllegalActionException: Test fails in iteration 1.
Value was: 1.0. Should have been: 2.0
  in .DirectFeedback.Test
    while executing
"java::new ptolemy.moml.MoMLSimpleApplication $file
"
    (procedure "createAndExecute" line 2)
    invoked from within
"createAndExecute $file"
    ("uplevel" body line 5)
    invoked from within
"uplevel $contents_of_test"
------------------ testing $PTII/ptolemy/domains/de/test/auto/ActorDepthCalculation_actorWithoutPorts.xml
auto.tcl: Setting watchdog for 200 seconds at Fri May 04 01:01:00 UTC 2018
5 ms. Memory: 146944K Free: 133623K (91%)
ptolemy.util.test.WatchDog.cancel(): canceling Fri May 04 01:01:00 UTC 2018
auto.tcl: Setting watchdog for 200 seconds at Fri May 04 01:01:00 UTC 2018
6 ms. Memory: 146944K Free: 132583K (90%)
ptolemy.util.test.WatchDog.cancel(): canceling Fri May 04 01:01:00 UTC 2018
------------------ testing $PTII/ptolemy/domains/de/test/auto/AssemblyLine.xml
auto.tcl: Setting watchdog for 200 seconds at Fri May 04 01:01:00 UTC 2018
22 ms. Memory: 208384K Free: 186378K (89%)
ptolemy.util.test.WatchDog.cancel(): canceling Fri May 04 01:01:01 UTC 2018
auto.tcl: Setting watchdog for 200 seconds at Fri May 04 01:01:01 UTC 2018
10 ms. Memory: 208384K Free: 186378K (89%)
ptolemy.util.test.WatchDog.cancel(): canceling Fri May 04 01:01:01 UTC 2018
------------------ testing $PTII/ptolemy/domains/de/test/auto/CQBug1.xml
auto.tcl: Setting watchdog for 200 seconds at Fri May 04 01:01:01 UTC 2018
4 ms. Memory: 208384K Free: 197746K (95%)
ptolemy.util.test.WatchDog.cancel(): canceling Fri May 04 01:01:01 UTC 2018
auto.tcl: Setting watchdog for 200 seconds at Fri May 04 01:01:01 UTC 2018
2 ms. Memory: 208384K Free: 197746K (95%)
ptolemy.util.test.WatchDog.cancel(): canceling Fri May 04 01:01:01 UTC 2018
------------------ testing $PTII/ptolemy/domains/de/test/auto/CancelFireAt.xml
auto.tcl: Setting watchdog for 200 seconds at Fri May 04 01:01:01 UTC 2018
5 ms. Memory: 208384K Free: 201454K (97%)
ptolemy.util.test.WatchDog.cancel(): canceling Fri May 04 01:01:01 UTC 2018
auto.tcl: Setting watchdog for 200 seconds at Fri May 04 01:01:01 UTC 2018
13 ms. Memory: 208384K Free: 199366K (96%)
ptolemy.util.test.WatchDog.cancel(): canceling Fri May 04 01:01:01 UTC 2018
------------------ testing $PTII/ptolemy/domains/de/test/auto/CausalityAndComposabilityAnalysis.xml
auto.tcl: Setting watchdog for 200 seconds at Fri May 04 01:01:01 UTC 2018
19 ms. Memory: 208384K Free: 196539K (94%)
ptolemy.util.test.WatchDog.cancel(): canceling Fri May 04 01:01:01 UTC 2018
auto.tcl: Setting watchdog for 200 seconds at Fri May 04 01:01:01 UTC 2018
7 ms. Memory: 208384K Free: 196539K (94%)
ptolemy.util.test.WatchDog.cancel(): canceling Fri May 04 01:01:01 UTC 2018
------------------ testing $PTII/ptolemy/domains/de/test/auto/CausalityInterface1.xml
auto.tcl: Setting watchdog for 200 seconds at Fri May 04 01:01:01 UTC 2018
22 ms. Memory: 208384K Free: 196476K (94%)
ptolemy.util.test.WatchDog.cancel(): canceling Fri May 04 01:01:01 UTC 2018
auto.tcl: Setting watchdog for 200 seconds at Fri May 04 01:01:01 UTC 2018
5 ms. Memory: 208384K Free: 196476K (94%)
ptolemy.util.test.WatchDog.cancel(): canceling Fri May 04 01:01:01 UTC 2018
------------------ testing $PTII/ptolemy/domains/de/test/auto/CausalityInterface15.xml
auto.tcl: Setting watchdog for 200 seconds at Fri May 04 01:01:01 UTC 2018
10 ms. Memory: 208384K Free: 196466K (94%)
ptolemy.util.test.WatchDog.cancel(): canceling Fri May 04 01:01:01 UTC 2018
auto.tcl: Setting watchdog for 200 seconds at Fri May 04 01:01:01 UTC 2018
5 ms. Memory: 208384K Free: 194379K (93%)
ptolemy.util.test.WatchDog.cancel(): canceling Fri May 04 01:01:01 UTC 2018
------------------ testing $PTII/ptolemy/domains/de/test/auto/CausalityInterface2.xml
auto.tcl: Setting watchdog for 200 seconds at Fri May 04 01:01:01 UTC 2018
7 ms. Memory: 208384K Free: 196450K (94%)
ptolemy.util.test.WatchDog.cancel(): canceling Fri May 04 01:01:01 UTC 2018
auto.tcl: Setting watchdog for 200 seconds at Fri May 04 01:01:01 UTC 2018
3 ms. Memory: 208384K Free: 196450K (94%)
ptolemy.util.test.WatchDog.cancel(): canceling Fri May 04 01:01:01 UTC 2018
------------------ testing $PTII/ptolemy/domains/de/test/auto/CausalityInterface3.xml
auto.tcl: Setting watchdog for 200 seconds at Fri May 04 01:01:01 UTC 2018
8 ms. Memory: 208384K Free: 196463K (94%)
ptolemy.util.test.WatchDog.cancel(): canceling Fri May 04 01:01:01 UTC 2018
auto.tcl: Setting watchdog for 200 seconds at Fri May 04 01:01:01 UTC 2018
9 ms. Memory: 208384K Free: 196463K (94%)
ptolemy.util.test.WatchDog.cancel(): canceling Fri May 04 01:01:01 UTC 2018
------------------ testing $PTII/ptolemy/domains/de/test/auto/ClockDrift.xml
auto.tcl: Setting watchdog for 200 seconds at Fri May 04 01:01:02 UTC 2018
112 ms. Memory: 208384K Free: 187732K (90%)
ptolemy.util.test.WatchDog.cancel(): canceling Fri May 04 01:01:02 UTC 2018
auto.tcl: Setting watchdog for 200 seconds at Fri May 04 01:01:02 UTC 2018
74 ms. Memory: 208384K Free: 185644K (89%)
ptolemy.util.test.WatchDog.cancel(): canceling Fri May 04 01:01:02 UTC 2018
------------------ testing $PTII/ptolemy/domains/de/test/auto/ClockDriftAndValueChange.xml
auto.tcl: Setting watchdog for 200 seconds at Fri May 04 01:01:02 UTC 2018
55 ms. Memory: 208384K Free: 187565K (90%)
ptolemy.util.test.WatchDog.cancel(): canceling Fri May 04 01:01:02 UTC 2018
auto.tcl: Setting watchdog for 200 seconds at Fri May 04 01:01:02 UTC 2018
48 ms. Memory: 208384K Free: 185477K (89%)
ptolemy.util.test.WatchDog.cancel(): canceling Fri May 04 01:01:02 UTC 2018
------------------ testing $PTII/ptolemy/domains/de/test/auto/ClockDriftChange.xml
auto.tcl: Setting watchdog for 200 seconds at Fri May 04 01:01:02 UTC 2018
38 ms. Memory: 208384K Free: 190876K (92%)
ptolemy.util.test.WatchDog.cancel(): canceling Fri May 04 01:01:02 UTC 2018
auto.tcl: Setting watchdog for 200 seconds at Fri May 04 01:01:02 UTC 2018
29 ms. Memory: 208384K Free: 188788K (91%)
ptolemy.util.test.WatchDog.cancel(): canceling Fri May 04 01:01:02 UTC 2018
------------------ testing $PTII/ptolemy/domains/de/test/auto/ComposableCausalityAnalysis.xml
auto.tcl: Setting watchdog for 200 seconds at Fri May 04 01:01:02 UTC 2018
3 ms. Memory: 208384K Free: 196319K (94%)
ptolemy.util.test.WatchDog.cancel(): canceling Fri May 04 01:01:02 UTC 2018
auto.tcl: Setting watchdog for 200 seconds at Fri May 04 01:01:02 UTC 2018
2 ms. Memory: 208384K Free: 194231K (93%)
ptolemy.util.test.WatchDog.cancel(): canceling Fri May 04 01:01:02 UTC 2018
------------------ testing $PTII/ptolemy/domains/de/test/auto/DEFixedPointLimitation.xml
auto.tcl: Setting watchdog for 200 seconds at Fri May 04 01:01:02 UTC 2018
2 ms. Memory: 208384K Free: 196399K (94%)
ptolemy.util.test.WatchDog.cancel(): canceling Fri May 04 01:01:02 UTC 2018
auto.tcl: Setting watchdog for 200 seconds at Fri May 04 01:01:02 UTC 2018
2 ms. Memory: 208384K Free: 196399K (94%)
ptolemy.util.test.WatchDog.cancel(): canceling Fri May 04 01:01:02 UTC 2018
------------------ testing $PTII/ptolemy/domains/de/test/auto/DEScheduleTest.xml
auto.tcl: Setting watchdog for 200 seconds at Fri May 04 01:01:02 UTC 2018
3 ms. Memory: 208384K Free: 198523K (95%)
ptolemy.util.test.WatchDog.cancel(): canceling Fri May 04 01:01:02 UTC 2018
auto.tcl: Setting watchdog for 200 seconds at Fri May 04 01:01:02 UTC 2018
5 ms. Memory: 208384K Free: 196435K (94%)
ptolemy.util.test.WatchDog.cancel(): canceling Fri May 04 01:01:02 UTC 2018
------------------ testing $PTII/ptolemy/domains/de/test/auto/DEinDEwithStartTimes.xml
auto.tcl: Setting watchdog for 200 seconds at Fri May 04 01:01:02 UTC 2018
5 ms. Memory: 208384K Free: 196403K (94%)
ptolemy.util.test.WatchDog.cancel(): canceling Fri May 04 01:01:03 UTC 2018
auto.tcl: Setting watchdog for 200 seconds at Fri May 04 01:01:03 UTC 2018
6 ms. Memory: 208384K Free: 194315K (93%)
ptolemy.util.test.WatchDog.cancel(): canceling Fri May 04 01:01:03 UTC 2018
------------------ testing $PTII/ptolemy/domains/de/test/auto/DEinDEwithStartTimes2.xml
auto.tcl: Setting watchdog for 200 seconds at Fri May 04 01:01:03 UTC 2018
7 ms. Memory: 208384K Free: 196382K (94%)
ptolemy.util.test.WatchDog.cancel(): canceling Fri May 04 01:01:03 UTC 2018
auto.tcl: Setting watchdog for 200 seconds at Fri May 04 01:01:03 UTC 2018
7 ms. Memory: 208384K Free: 194295K (93%)
ptolemy.util.test.WatchDog.cancel(): canceling Fri May 04 01:01:03 UTC 2018
------------------ testing $PTII/ptolemy/domains/de/test/auto/DateDemo.xml
auto.tcl: Setting watchdog for 200 seconds at Fri May 04 01:01:03 UTC 2018
11 ms. Memory: 208384K Free: 188857K (91%)
ptolemy.util.test.WatchDog.cancel(): canceling Fri May 04 01:01:03 UTC 2018
auto.tcl: Setting watchdog for 200 seconds at Fri May 04 01:01:03 UTC 2018
11 ms. Memory: 208384K Free: 186769K (90%)
ptolemy.util.test.WatchDog.cancel(): canceling Fri May 04 01:01:03 UTC 2018
------------------ testing $PTII/ptolemy/domains/de/test/auto/DateToEvent.xml
auto.tcl: Setting watchdog for 200 seconds at Fri May 04 01:01:03 UTC 2018
2017 ms. Memory: 208384K Free: 183608K (88%)
ptolemy.util.test.WatchDog.cancel(): canceling Fri May 04 01:01:05 UTC 2018
auto.tcl: Setting watchdog for 200 seconds at Fri May 04 01:01:05 UTC 2018
2007 ms. Memory: 208384K Free: 183608K (88%)
ptolemy.util.test.WatchDog.cancel(): canceling Fri May 04 01:01:07 UTC 2018
------------------ testing $PTII/ptolemy/domains/de/test/auto/DepthTest1.xml
auto.tcl: Setting watchdog for 200 seconds at Fri May 04 01:01:07 UTC 2018
6 ms. Memory: 208384K Free: 195591K (94%)
ptolemy.util.test.WatchDog.cancel(): canceling Fri May 04 01:01:07 UTC 2018
auto.tcl: Setting watchdog for 200 seconds at Fri May 04 01:01:07 UTC 2018
2 ms. Memory: 208384K Free: 195591K (94%)
ptolemy.util.test.WatchDog.cancel(): canceling Fri May 04 01:01:07 UTC 2018
------------------ testing $PTII/ptolemy/domains/de/test/auto/DepthTest2.xml
auto.tcl: Setting watchdog for 200 seconds at Fri May 04 01:01:07 UTC 2018
6 ms. Memory: 208384K Free: 194307K (93%)
ptolemy.util.test.WatchDog.cancel(): canceling Fri May 04 01:01:07 UTC 2018
auto.tcl: Setting watchdog for 200 seconds at Fri May 04 01:01:07 UTC 2018
3 ms. Memory: 208384K Free: 194307K (93%)
ptolemy.util.test.WatchDog.cancel(): canceling Fri May 04 01:01:07 UTC 2018
------------------ testing $PTII/ptolemy/domains/de/test/auto/DepthTest3.xml
auto.tcl: Setting watchdog for 200 seconds at Fri May 04 01:01:07 UTC 2018
6 ms. Memory: 208384K Free: 198383K (95%)
ptolemy.util.test.WatchDog.cancel(): canceling Fri May 04 01:01:07 UTC 2018
auto.tcl: Setting watchdog for 200 seconds at Fri May 04 01:01:07 UTC 2018
2 ms. Memory: 208384K Free: 198383K (95%)
ptolemy.util.test.WatchDog.cancel(): canceling Fri May 04 01:01:07 UTC 2018
------------------ testing $PTII/ptolemy/domains/de/test/auto/DepthTest4.xml
auto.tcl: Setting watchdog for 200 seconds at Fri May 04 01:01:07 UTC 2018
4 ms. Memory: 208384K Free: 196383K (94%)
ptolemy.util.test.WatchDog.cancel(): canceling Fri May 04 01:01:07 UTC 2018
auto.tcl: Setting watchdog for 200 seconds at Fri May 04 01:01:07 UTC 2018
2 ms. Memory: 208384K Free: 196383K (94%)
ptolemy.util.test.WatchDog.cancel(): canceling Fri May 04 01:01:07 UTC 2018
------------------ testing $PTII/ptolemy/domains/de/test/auto/DepthTest5.xml
auto.tcl: Setting watchdog for 200 seconds at Fri May 04 01:01:07 UTC 2018
4 ms. Memory: 208384K Free: 196668K (94%)
ptolemy.util.test.WatchDog.cancel(): canceling Fri May 04 01:01:07 UTC 2018
auto.tcl: Setting watchdog for 200 seconds at Fri May 04 01:01:07 UTC 2018
3 ms. Memory: 208384K Free: 196668K (94%)
ptolemy.util.test.WatchDog.cancel(): canceling Fri May 04 01:01:07 UTC 2018
------------------ testing $PTII/ptolemy/domains/de/test/auto/DepthTest6.xml
auto.tcl: Setting watchdog for 200 seconds at Fri May 04 01:01:07 UTC 2018
9 ms. Memory: 208384K Free: 196308K (94%)
ptolemy.util.test.WatchDog.cancel(): canceling Fri May 04 01:01:07 UTC 2018
auto.tcl: Setting watchdog for 200 seconds at Fri May 04 01:01:07 UTC 2018
3 ms. Memory: 208384K Free: 196308K (94%)
ptolemy.util.test.WatchDog.cancel(): canceling Fri May 04 01:01:07 UTC 2018
------------------ testing $PTII/ptolemy/domains/de/test/auto/DepthTest7.xml
auto.tcl: Setting watchdog for 200 seconds at Fri May 04 01:01:07 UTC 2018
3 ms. Memory: 208384K Free: 196288K (94%)
ptolemy.util.test.WatchDog.cancel(): canceling Fri May 04 01:01:08 UTC 2018
auto.tcl: Setting watchdog for 200 seconds at Fri May 04 01:01:08 UTC 2018
3 ms. Memory: 208384K Free: 196288K (94%)
ptolemy.util.test.WatchDog.cancel(): canceling Fri May 04 01:01:08 UTC 2018
------------------ testing $PTII/ptolemy/domains/de/test/auto/EventToDate.xml
auto.tcl: Setting watchdog for 200 seconds at Fri May 04 01:01:08 UTC 2018
3009 ms. Memory: 208384K Free: 183413K (88%)
ptolemy.util.test.WatchDog.cancel(): canceling Fri May 04 01:01:11 UTC 2018
auto.tcl: Setting watchdog for 200 seconds at Fri May 04 01:01:11 UTC 2018
3005 ms. Memory: 208384K Free: 183413K (88%)
ptolemy.util.test.WatchDog.cancel(): canceling Fri May 04 01:01:14 UTC 2018
------------------ testing $PTII/ptolemy/domains/de/test/auto/FSM1.xml
auto.tcl: Setting watchdog for 200 seconds at Fri May 04 01:01:14 UTC 2018
18 ms. Memory: 208384K Free: 187277K (90%)
ptolemy.util.test.WatchDog.cancel(): canceling Fri May 04 01:01:14 UTC 2018
auto.tcl: Setting watchdog for 200 seconds at Fri May 04 01:01:14 UTC 2018
17 ms. Memory: 208384K Free: 185189K (89%)
ptolemy.util.test.WatchDog.cancel(): canceling Fri May 04 01:01:14 UTC 2018
------------------ testing $PTII/ptolemy/domains/de/test/auto/FSM7.xml
auto.tcl: Setting watchdog for 200 seconds at Fri May 04 01:01:14 UTC 2018
24 ms. Memory: 208384K Free: 187062K (90%)
ptolemy.util.test.WatchDog.cancel(): canceling Fri May 04 01:01:14 UTC 2018
auto.tcl: Setting watchdog for 200 seconds at Fri May 04 01:01:14 UTC 2018
26 ms. Memory: 208384K Free: 184974K (89%)
ptolemy.util.test.WatchDog.cancel(): canceling Fri May 04 01:01:14 UTC 2018
------------------ testing $PTII/ptolemy/domains/de/test/auto/Inspection.xml
auto.tcl: Setting watchdog for 200 seconds at Fri May 04 01:01:14 UTC 2018
45 ms. Memory: 208384K Free: 188611K (91%)
ptolemy.util.test.WatchDog.cancel(): canceling Fri May 04 01:01:14 UTC 2018
auto.tcl: Setting watchdog for 200 seconds at Fri May 04 01:01:14 UTC 2018
37 ms. Memory: 208384K Free: 186185K (89%)
ptolemy.util.test.WatchDog.cancel(): canceling Fri May 04 01:01:14 UTC 2018
------------------ testing $PTII/ptolemy/domains/de/test/auto/Iteration.xml
auto.tcl: Setting watchdog for 200 seconds at Fri May 04 01:01:14 UTC 2018
8 ms. Memory: 208384K Free: 193923K (93%)
ptolemy.util.test.WatchDog.cancel(): canceling Fri May 04 01:01:14 UTC 2018
auto.tcl: Setting watchdog for 200 seconds at Fri May 04 01:01:14 UTC 2018
8 ms. Memory: 208384K Free: 193923K (93%)
ptolemy.util.test.WatchDog.cancel(): canceling Fri May 04 01:01:14 UTC 2018
------------------ testing $PTII/ptolemy/domains/de/test/auto/LineFault.xml
auto.tcl: Setting watchdog for 200 seconds at Fri May 04 01:01:14 UTC 2018
908 ms. Memory: 208384K Free: 193665K (93%)
ptolemy.util.test.WatchDog.cancel(): canceling Fri May 04 01:01:15 UTC 2018
auto.tcl: Setting watchdog for 200 seconds at Fri May 04 01:01:15 UTC 2018
778 ms. Memory: 208384K Free: 136223K (65%)
ptolemy.util.test.WatchDog.cancel(): canceling Fri May 04 01:01:16 UTC 2018
------------------ testing $PTII/ptolemy/domains/de/test/auto/MergeModel1Add.xml
auto.tcl: Setting watchdog for 200 seconds at Fri May 04 01:01:16 UTC 2018
28 ms. Memory: 331264K Free: 298890K (90%)
ptolemy.util.test.WatchDog.cancel(): canceling Fri May 04 01:01:16 UTC 2018
auto.tcl: Setting watchdog for 200 seconds at Fri May 04 01:01:16 UTC 2018
12 ms. Memory: 331264K Free: 298890K (90%)
ptolemy.util.test.WatchDog.cancel(): canceling Fri May 04 01:01:16 UTC 2018
------------------ testing $PTII/ptolemy/domains/de/test/auto/MergeModel2Add.xml
auto.tcl: Setting watchdog for 200 seconds at Fri May 04 01:01:17 UTC 2018
10 ms. Memory: 331264K Free: 304117K (92%)
ptolemy.util.test.WatchDog.cancel(): canceling Fri May 04 01:01:17 UTC 2018
auto.tcl: Setting watchdog for 200 seconds at Fri May 04 01:01:17 UTC 2018
9 ms. Memory: 331264K Free: 300245K (91%)
ptolemy.util.test.WatchDog.cancel(): canceling Fri May 04 01:01:17 UTC 2018
------------------ testing $PTII/ptolemy/domains/de/test/auto/MergeModel3Add.xml
auto.tcl: Setting watchdog for 200 seconds at Fri May 04 01:01:17 UTC 2018
10 ms. Memory: 331264K Free: 304128K (92%)
ptolemy.util.test.WatchDog.cancel(): canceling Fri May 04 01:01:17 UTC 2018
auto.tcl: Setting watchdog for 200 seconds at Fri May 04 01:01:17 UTC 2018
9 ms. Memory: 331264K Free: 300256K (91%)
ptolemy.util.test.WatchDog.cancel(): canceling Fri May 04 01:01:17 UTC 2018
------------------ testing $PTII/ptolemy/domains/de/test/auto/MergeWithoutDiscard.xml
auto.tcl: Setting watchdog for 200 seconds at Fri May 04 01:01:17 UTC 2018
4 ms. Memory: 331264K Free: 316025K (95%)
ptolemy.util.test.WatchDog.cancel(): canceling Fri May 04 01:01:17 UTC 2018
auto.tcl: Setting watchdog for 200 seconds at Fri May 04 01:01:17 UTC 2018
2 ms. Memory: 331264K Free: 316025K (95%)
ptolemy.util.test.WatchDog.cancel(): canceling Fri May 04 01:01:17 UTC 2018
------------------ testing $PTII/ptolemy/domains/de/test/auto/Modal1.xml
auto.tcl: Setting watchdog for 200 seconds at Fri May 04 01:01:17 UTC 2018
12 ms. Memory: 331264K Free: 309724K (93%)
ptolemy.util.test.WatchDog.cancel(): canceling Fri May 04 01:01:17 UTC 2018
auto.tcl: Setting watchdog for 200 seconds at Fri May 04 01:01:17 UTC 2018
13 ms. Memory: 331264K Free: 305853K (92%)
ptolemy.util.test.WatchDog.cancel(): canceling Fri May 04 01:01:17 UTC 2018
------------------ testing $PTII/ptolemy/domains/de/test/auto/Modal2.xml
auto.tcl: Setting watchdog for 200 seconds at Fri May 04 01:01:17 UTC 2018
12 ms. Memory: 331264K Free: 309598K (93%)
ptolemy.util.test.WatchDog.cancel(): canceling Fri May 04 01:01:17 UTC 2018
auto.tcl: Setting watchdog for 200 seconds at Fri May 04 01:01:17 UTC 2018
13 ms. Memory: 331264K Free: 305726K (92%)
ptolemy.util.test.WatchDog.cancel(): canceling Fri May 04 01:01:17 UTC 2018
------------------ testing $PTII/ptolemy/domains/de/test/auto/Modal3.xml
auto.tcl: Setting watchdog for 200 seconds at Fri May 04 01:01:17 UTC 2018
16 ms. Memory: 331264K Free: 309596K (93%)
ptolemy.util.test.WatchDog.cancel(): canceling Fri May 04 01:01:17 UTC 2018
auto.tcl: Setting watchdog for 200 seconds at Fri May 04 01:01:17 UTC 2018
14 ms. Memory: 331264K Free: 305724K (92%)
ptolemy.util.test.WatchDog.cancel(): canceling Fri May 04 01:01:17 UTC 2018
------------------ testing $PTII/ptolemy/domains/de/test/auto/Modal4.xml
auto.tcl: Setting watchdog for 200 seconds at Fri May 04 01:01:17 UTC 2018
27 ms. Memory: 331264K Free: 309593K (93%)
ptolemy.util.test.WatchDog.cancel(): canceling Fri May 04 01:01:17 UTC 2018
auto.tcl: Setting watchdog for 200 seconds at Fri May 04 01:01:17 UTC 2018
32 ms. Memory: 331264K Free: 305722K (92%)
ptolemy.util.test.WatchDog.cancel(): canceling Fri May 04 01:01:17 UTC 2018
------------------ testing $PTII/ptolemy/domains/de/test/auto/Modal5.xml
auto.tcl: Setting watchdog for 200 seconds at Fri May 04 01:01:17 UTC 2018
20 ms. Memory: 331264K Free: 309580K (93%)
ptolemy.util.test.WatchDog.cancel(): canceling Fri May 04 01:01:17 UTC 2018
auto.tcl: Setting watchdog for 200 seconds at Fri May 04 01:01:17 UTC 2018
18 ms. Memory: 331264K Free: 305709K (92%)
ptolemy.util.test.WatchDog.cancel(): canceling Fri May 04 01:01:17 UTC 2018
------------------ testing $PTII/ptolemy/domains/de/test/auto/Modal6.xml
auto.tcl: Setting watchdog for 200 seconds at Fri May 04 01:01:17 UTC 2018
17 ms. Memory: 331264K Free: 309578K (93%)
ptolemy.util.test.WatchDog.cancel(): canceling Fri May 04 01:01:17 UTC 2018
auto.tcl: Setting watchdog for 200 seconds at Fri May 04 01:01:17 UTC 2018
18 ms. Memory: 331264K Free: 305706K (92%)
ptolemy.util.test.WatchDog.cancel(): canceling Fri May 04 01:01:18 UTC 2018
------------------ testing $PTII/ptolemy/domains/de/test/auto/Modal7.xml
auto.tcl: Setting watchdog for 200 seconds at Fri May 04 01:01:18 UTC 2018
10 ms. Memory: 331264K Free: 305706K (92%)
ptolemy.util.test.WatchDog.cancel(): canceling Fri May 04 01:01:18 UTC 2018
auto.tcl: Setting watchdog for 200 seconds at Fri May 04 01:01:18 UTC 2018
13 ms. Memory: 331264K Free: 305706K (92%)
ptolemy.util.test.WatchDog.cancel(): canceling Fri May 04 01:01:18 UTC 2018
------------------ testing $PTII/ptolemy/domains/de/test/auto/ModalModel.xml
auto.tcl: Setting watchdog for 200 seconds at Fri May 04 01:01:18 UTC 2018
238 ms. Memory: 331264K Free: 246102K (74%)
ptolemy.util.test.WatchDog.cancel(): canceling Fri May 04 01:01:18 UTC 2018
auto.tcl: Setting watchdog for 200 seconds at Fri May 04 01:01:18 UTC 2018
230 ms. Memory: 331264K Free: 187962K (57%)
ptolemy.util.test.WatchDog.cancel(): canceling Fri May 04 01:01:18 UTC 2018
------------------ testing $PTII/ptolemy/domains/de/test/auto/ModalSource.xml
auto.tcl: Setting watchdog for 200 seconds at Fri May 04 01:01:18 UTC 2018
11 ms. Memory: 331264K Free: 315972K (95%)
ptolemy.util.test.WatchDog.cancel(): canceling Fri May 04 01:01:18 UTC 2018
auto.tcl: Setting watchdog for 200 seconds at Fri May 04 01:01:18 UTC 2018
6 ms. Memory: 331264K Free: 312476K (94%)
ptolemy.util.test.WatchDog.cancel(): canceling Fri May 04 01:01:18 UTC 2018
------------------ testing $PTII/ptolemy/domains/de/test/auto/NonInterruptibleTimerZeroDelay.xml
auto.tcl: Setting watchdog for 200 seconds at Fri May 04 01:01:18 UTC 2018
4 ms. Memory: 331264K Free: 320306K (97%)
ptolemy.util.test.WatchDog.cancel(): canceling Fri May 04 01:01:18 UTC 2018
auto.tcl: Setting watchdog for 200 seconds at Fri May 04 01:01:18 UTC 2018
2 ms. Memory: 331264K Free: 316809K (96%)
ptolemy.util.test.WatchDog.cancel(): canceling Fri May 04 01:01:18 UTC 2018
------------------ testing $PTII/ptolemy/domains/de/test/auto/OpenQueueingNetwork.xml
auto.tcl: Setting watchdog for 200 seconds at Fri May 04 01:01:18 UTC 2018
3333 ms. Memory: 307712K Free: 138495K (45%)
ptolemy.util.test.WatchDog.cancel(): canceling Fri May 04 01:01:22 UTC 2018
auto.tcl: Setting watchdog for 200 seconds at Fri May 04 01:01:22 UTC 2018
2545 ms. Memory: 278528K Free: 193600K (70%)
ptolemy.util.test.WatchDog.cancel(): canceling Fri May 04 01:01:24 UTC 2018
------------------ testing $PTII/ptolemy/domains/de/test/auto/OpenQueuingNetwork.xml
auto.tcl: Setting watchdog for 200 seconds at Fri May 04 01:01:25 UTC 2018
251 ms. Memory: 278528K Free: 178701K (64%)
ptolemy.util.test.WatchDog.cancel(): canceling Fri May 04 01:01:25 UTC 2018
auto.tcl: Setting watchdog for 200 seconds at Fri May 04 01:01:25 UTC 2018
286 ms. Memory: 278528K Free: 118659K (43%)
ptolemy.util.test.WatchDog.cancel(): canceling Fri May 04 01:01:25 UTC 2018
------------------ testing $PTII/ptolemy/domains/de/test/auto/PeriodicSampler.xml
auto.tcl: Setting watchdog for 200 seconds at Fri May 04 01:01:25 UTC 2018
3 ms. Memory: 281088K Free: 265924K (95%)
ptolemy.util.test.WatchDog.cancel(): canceling Fri May 04 01:01:25 UTC 2018
auto.tcl: Setting watchdog for 200 seconds at Fri May 04 01:01:25 UTC 2018
2 ms. Memory: 281088K Free: 265924K (95%)
ptolemy.util.test.WatchDog.cancel(): canceling Fri May 04 01:01:25 UTC 2018
------------------ testing $PTII/ptolemy/domains/de/test/auto/PersistentIO.xml
auto.tcl: Setting watchdog for 200 seconds at Fri May 04 01:01:25 UTC 2018
12 ms. Memory: 278528K Free: 258604K (93%)
ptolemy.util.test.WatchDog.cancel(): canceling Fri May 04 01:01:25 UTC 2018
auto.tcl: Setting watchdog for 200 seconds at Fri May 04 01:01:25 UTC 2018
4 ms. Memory: 278528K Free: 258604K (93%)
ptolemy.util.test.WatchDog.cancel(): canceling Fri May 04 01:01:25 UTC 2018
------------------ testing $PTII/ptolemy/domains/de/test/auto/PortParameterResetOnInitialize.xml
auto.tcl: Setting watchdog for 200 seconds at Fri May 04 01:01:25 UTC 2018
3 ms. Memory: 280576K Free: 265881K (95%)
ptolemy.util.test.WatchDog.cancel(): canceling Fri May 04 01:01:25 UTC 2018
auto.tcl: Setting watchdog for 200 seconds at Fri May 04 01:01:25 UTC 2018
2 ms. Memory: 280576K Free: 265881K (95%)
ptolemy.util.test.WatchDog.cancel(): canceling Fri May 04 01:01:25 UTC 2018
------------------ testing $PTII/ptolemy/domains/de/test/auto/PortParameterUpdates.xml
auto.tcl: Setting watchdog for 200 seconds at Fri May 04 01:01:26 UTC 2018
3 ms. Memory: 278528K Free: 265930K (95%)
ptolemy.util.test.WatchDog.cancel(): canceling Fri May 04 01:01:26 UTC 2018
auto.tcl: Setting watchdog for 200 seconds at Fri May 04 01:01:26 UTC 2018
4 ms. Memory: 278528K Free: 263191K (94%)
ptolemy.util.test.WatchDog.cancel(): canceling Fri May 04 01:01:26 UTC 2018
------------------ testing $PTII/ptolemy/domains/de/test/auto/QueueAndServer.xml
auto.tcl: Setting watchdog for 200 seconds at Fri May 04 01:01:26 UTC 2018
18 ms. Memory: 280576K Free: 265205K (95%)
ptolemy.util.test.WatchDog.cancel(): canceling Fri May 04 01:01:26 UTC 2018
auto.tcl: Setting watchdog for 200 seconds at Fri May 04 01:01:26 UTC 2018
7 ms. Memory: 280576K Free: 265205K (95%)
ptolemy.util.test.WatchDog.cancel(): canceling Fri May 04 01:01:26 UTC 2018
------------------ testing $PTII/ptolemy/domains/de/test/auto/Records.xml
auto.tcl: Setting watchdog for 200 seconds at Fri May 04 01:01:26 UTC 2018
5 ms. Memory: 278528K Free: 265841K (95%)
ptolemy.util.test.WatchDog.cancel(): canceling Fri May 04 01:01:26 UTC 2018
auto.tcl: Setting watchdog for 200 seconds at Fri May 04 01:01:26 UTC 2018
2 ms. Memory: 278528K Free: 263105K (94%)
ptolemy.util.test.WatchDog.cancel(): canceling Fri May 04 01:01:26 UTC 2018
------------------ testing $PTII/ptolemy/domains/de/test/auto/ResetTransitionWithStartTime1.xml
auto.tcl: Setting watchdog for 200 seconds at Fri May 04 01:01:26 UTC 2018
8 ms. Memory: 280064K Free: 262672K (94%)
ptolemy.util.test.WatchDog.cancel(): canceling Fri May 04 01:01:26 UTC 2018
auto.tcl: Setting watchdog for 200 seconds at Fri May 04 01:01:26 UTC 2018
7 ms. Memory: 280064K Free: 259920K (93%)
ptolemy.util.test.WatchDog.cancel(): canceling Fri May 04 01:01:26 UTC 2018
------------------ testing $PTII/ptolemy/domains/de/test/auto/ResetTransitionWithStartTime2.xml
auto.tcl: Setting watchdog for 200 seconds at Fri May 04 01:01:26 UTC 2018
6 ms. Memory: 278528K Free: 261224K (94%)
ptolemy.util.test.WatchDog.cancel(): canceling Fri May 04 01:01:26 UTC 2018
auto.tcl: Setting watchdog for 200 seconds at Fri May 04 01:01:26 UTC 2018
7 ms. Memory: 278528K Free: 258488K (93%)
ptolemy.util.test.WatchDog.cancel(): canceling Fri May 04 01:01:26 UTC 2018
------------------ testing $PTII/ptolemy/domains/de/test/auto/ResetTransitionWithStartTime3.xml
auto.tcl: Setting watchdog for 200 seconds at Fri May 04 01:01:26 UTC 2018
7 ms. Memory: 280064K Free: 262662K (94%)
ptolemy.util.test.WatchDog.cancel(): canceling Fri May 04 01:01:26 UTC 2018
auto.tcl: Setting watchdog for 200 seconds at Fri May 04 01:01:26 UTC 2018
5 ms. Memory: 280064K Free: 259926K (93%)
ptolemy.util.test.WatchDog.cancel(): canceling Fri May 04 01:01:26 UTC 2018
------------------ testing $PTII/ptolemy/domains/de/test/auto/ResetTransitionWithStartTime4.xml
auto.tcl: Setting watchdog for 200 seconds at Fri May 04 01:01:26 UTC 2018
4 ms. Memory: 278528K Free: 263127K (94%)
ptolemy.util.test.WatchDog.cancel(): canceling Fri May 04 01:01:26 UTC 2018
auto.tcl: Setting watchdog for 200 seconds at Fri May 04 01:01:26 UTC 2018
3 ms. Memory: 278528K Free: 263127K (94%)
ptolemy.util.test.WatchDog.cancel(): canceling Fri May 04 01:01:26 UTC 2018
------------------ testing $PTII/ptolemy/domains/de/test/auto/ResettableTimer1.xml
auto.tcl: Setting watchdog for 200 seconds at Fri May 04 01:01:26 UTC 2018
5 ms. Memory: 280064K Free: 267387K (95%)
ptolemy.util.test.WatchDog.cancel(): canceling Fri May 04 01:01:26 UTC 2018
auto.tcl: Setting watchdog for 200 seconds at Fri May 04 01:01:26 UTC 2018
2 ms. Memory: 280064K Free: 267387K (95%)
ptolemy.util.test.WatchDog.cancel(): canceling Fri May 04 01:01:26 UTC 2018
------------------ testing $PTII/ptolemy/domains/de/test/auto/ResettableTimer2.xml
auto.tcl: Setting watchdog for 200 seconds at Fri May 04 01:01:26 UTC 2018
4 ms. Memory: 278528K Free: 265998K (96%)
ptolemy.util.test.WatchDog.cancel(): canceling Fri May 04 01:01:26 UTC 2018
auto.tcl: Setting watchdog for 200 seconds at Fri May 04 01:01:26 UTC 2018
2 ms. Memory: 278528K Free: 265998K (96%)
ptolemy.util.test.WatchDog.cancel(): canceling Fri May 04 01:01:26 UTC 2018
------------------ testing $PTII/ptolemy/domains/de/test/auto/ResettableTimer3.xml
auto.tcl: Setting watchdog for 200 seconds at Fri May 04 01:01:26 UTC 2018
3 ms. Memory: 279552K Free: 266940K (95%)
ptolemy.util.test.WatchDog.cancel(): canceling Fri May 04 01:01:26 UTC 2018
auto.tcl: Setting watchdog for 200 seconds at Fri May 04 01:01:26 UTC 2018
1 ms. Memory: 279552K Free: 266940K (95%)
ptolemy.util.test.WatchDog.cancel(): canceling Fri May 04 01:01:26 UTC 2018
------------------ testing $PTII/ptolemy/domains/de/test/auto/ResettableTimer4.xml
auto.tcl: Setting watchdog for 200 seconds at Fri May 04 01:01:26 UTC 2018
1 ms. Memory: 278528K Free: 266018K (96%)
ptolemy.util.test.WatchDog.cancel(): canceling Fri May 04 01:01:26 UTC 2018
auto.tcl: Setting watchdog for 200 seconds at Fri May 04 01:01:26 UTC 2018
2 ms. Memory: 278528K Free: 266018K (96%)
ptolemy.util.test.WatchDog.cancel(): canceling Fri May 04 01:01:26 UTC 2018
------------------ testing $PTII/ptolemy/domains/de/test/auto/ResettableTimer5.xml
auto.tcl: Setting watchdog for 200 seconds at Fri May 04 01:01:26 UTC 2018
2 ms. Memory: 279552K Free: 265062K (95%)
ptolemy.util.test.WatchDog.cancel(): canceling Fri May 04 01:01:26 UTC 2018
auto.tcl: Setting watchdog for 200 seconds at Fri May 04 01:01:26 UTC 2018
1 ms. Memory: 279552K Free: 265062K (95%)
ptolemy.util.test.WatchDog.cancel(): canceling Fri May 04 01:01:26 UTC 2018
------------------ testing $PTII/ptolemy/domains/de/test/auto/ResettableTimer6.xml
auto.tcl: Setting watchdog for 200 seconds at Fri May 04 01:01:26 UTC 2018
1 ms. Memory: 278528K Free: 263898K (95%)
ptolemy.util.test.WatchDog.cancel(): canceling Fri May 04 01:01:26 UTC 2018
auto.tcl: Setting watchdog for 200 seconds at Fri May 04 01:01:26 UTC 2018
2 ms. Memory: 278528K Free: 263898K (95%)
ptolemy.util.test.WatchDog.cancel(): canceling Fri May 04 01:01:26 UTC 2018
------------------ testing $PTII/ptolemy/domains/de/test/auto/ServerZeroDelay.xml
auto.tcl: Setting watchdog for 200 seconds at Fri May 04 01:01:26 UTC 2018
4 ms. Memory: 279552K Free: 266973K (96%)
ptolemy.util.test.WatchDog.cancel(): canceling Fri May 04 01:01:26 UTC 2018
auto.tcl: Setting watchdog for 200 seconds at Fri May 04 01:01:26 UTC 2018
6 ms. Memory: 279552K Free: 266973K (96%)
ptolemy.util.test.WatchDog.cancel(): canceling Fri May 04 01:01:26 UTC 2018
------------------ testing $PTII/ptolemy/domains/de/test/auto/SmartSender.xml
auto.tcl: Setting watchdog for 200 seconds at Fri May 04 01:01:26 UTC 2018
3001 ms. Memory: 278528K Free: 263973K (95%)
ptolemy.util.test.WatchDog.cancel(): canceling Fri May 04 01:01:29 UTC 2018
auto.tcl: Setting watchdog for 200 seconds at Fri May 04 01:01:29 UTC 2018
3001 ms. Memory: 278528K Free: 263973K (95%)
ptolemy.util.test.WatchDog.cancel(): canceling Fri May 04 01:01:32 UTC 2018
------------------ testing $PTII/ptolemy/domains/de/test/auto/ThreadedComposite.xml
auto.tcl: Setting watchdog for 200 seconds at Fri May 04 01:01:33 UTC 2018
207 ms. Memory: 279552K Free: 244855K (88%)
ptolemy.util.test.WatchDog.cancel(): canceling Fri May 04 01:01:33 UTC 2018
auto.tcl: Setting watchdog for 200 seconds at Fri May 04 01:01:33 UTC 2018
221 ms. Memory: 279552K Free: 227556K (81%)
ptolemy.util.test.WatchDog.cancel(): canceling Fri May 04 01:01:33 UTC 2018
------------------ testing $PTII/ptolemy/domains/de/test/auto/Time.xml
auto.tcl: Setting watchdog for 200 seconds at Fri May 04 01:01:33 UTC 2018
683 ms. Memory: 278528K Free: 214335K (77%)
ptolemy.util.test.WatchDog.cancel(): canceling Fri May 04 01:01:34 UTC 2018
auto.tcl: Setting watchdog for 200 seconds at Fri May 04 01:01:34 UTC 2018
607 ms. Memory: 278528K Free: 162356K (58%)
ptolemy.util.test.WatchDog.cancel(): canceling Fri May 04 01:01:34 UTC 2018
------------------ testing $PTII/ptolemy/domains/de/test/auto/TimeDelayZeroDelay.xml
auto.tcl: Setting watchdog for 200 seconds at Fri May 04 01:01:34 UTC 2018
3 ms. Memory: 279040K Free: 266882K (96%)
ptolemy.util.test.WatchDog.cancel(): canceling Fri May 04 01:01:34 UTC 2018
auto.tcl: Setting watchdog for 200 seconds at Fri May 04 01:01:34 UTC 2018
2 ms. Memory: 279040K Free: 266882K (96%)
ptolemy.util.test.WatchDog.cancel(): canceling Fri May 04 01:01:34 UTC 2018
------------------ testing $PTII/ptolemy/domains/de/test/auto/TimerZeroDelay.xml
auto.tcl: Setting watchdog for 200 seconds at Fri May 04 01:01:35 UTC 2018
3 ms. Memory: 278528K Free: 266406K (96%)
ptolemy.util.test.WatchDog.cancel(): canceling Fri May 04 01:01:35 UTC 2018
auto.tcl: Setting watchdog for 200 seconds at Fri May 04 01:01:35 UTC 2018
2 ms. Memory: 278528K Free: 266406K (96%)
ptolemy.util.test.WatchDog.cancel(): canceling Fri May 04 01:01:35 UTC 2018
------------------ testing $PTII/ptolemy/domains/de/test/auto/TimingParadox.xml
auto.tcl: Setting watchdog for 200 seconds at Fri May 04 01:01:35 UTC 2018
379 ms. Memory: 279040K Free: 201325K (72%)
ptolemy.util.test.WatchDog.cancel(): canceling Fri May 04 01:01:35 UTC 2018
auto.tcl: Setting watchdog for 200 seconds at Fri May 04 01:01:35 UTC 2018
345 ms. Memory: 279040K Free: 169348K (61%)
ptolemy.util.test.WatchDog.cancel(): canceling Fri May 04 01:01:35 UTC 2018
------------------ testing $PTII/ptolemy/domains/de/test/auto/TransferInputs.xml
auto.tcl: Setting watchdog for 200 seconds at Fri May 04 01:01:35 UTC 2018
1 ms. Memory: 279040K Free: 265837K (95%)
ptolemy.util.test.WatchDog.cancel(): canceling Fri May 04 01:01:36 UTC 2018
auto.tcl: Setting watchdog for 200 seconds at Fri May 04 01:01:36 UTC 2018
1 ms. Memory: 279040K Free: 265837K (95%)
ptolemy.util.test.WatchDog.cancel(): canceling Fri May 04 01:01:36 UTC 2018
------------------ testing $PTII/ptolemy/domains/de/test/auto/TransferOutputs2.xml
auto.tcl: Setting watchdog for 200 seconds at Fri May 04 01:01:36 UTC 2018
4 ms. Memory: 278528K Free: 263923K (95%)
ptolemy.util.test.WatchDog.cancel(): canceling Fri May 04 01:01:36 UTC 2018
auto.tcl: Setting watchdog for 200 seconds at Fri May 04 01:01:36 UTC 2018
3 ms. Memory: 278528K Free: 261419K (94%)
ptolemy.util.test.WatchDog.cancel(): canceling Fri May 04 01:01:36 UTC 2018
------------------ testing $PTII/ptolemy/domains/de/test/auto/Trilateration.xml
auto.tcl: Setting watchdog for 200 seconds at Fri May 04 01:01:36 UTC 2018
13170 ms. Memory: 542720K Free: 154677K (29%)
ptolemy.util.test.WatchDog.cancel(): canceling Fri May 04 01:01:50 UTC 2018
auto.tcl: Setting watchdog for 200 seconds at Fri May 04 01:01:50 UTC 2018
10356 ms. Memory: 411136K Free: 245933K (60%)
ptolemy.util.test.WatchDog.cancel(): canceling Fri May 04 01:02:00 UTC 2018
------------------ testing $PTII/ptolemy/domains/de/test/auto/TwoSigmaDelta.xml
auto.tcl: Setting watchdog for 200 seconds at Fri May 04 01:02:01 UTC 2018
2959 ms. Memory: 414208K Free: 120820K (29%)
ptolemy.util.test.WatchDog.cancel(): canceling Fri May 04 01:02:04 UTC 2018
auto.tcl: Setting watchdog for 200 seconds at Fri May 04 01:02:04 UTC 2018
1963 ms. Memory: 396800K Free: 203796K (51%)
ptolemy.util.test.WatchDog.cancel(): canceling Fri May 04 01:02:06 UTC 2018
------------------ testing $PTII/ptolemy/domains/de/test/auto/VariableDelay.xml
auto.tcl: Setting watchdog for 200 seconds at Fri May 04 01:02:06 UTC 2018
4 ms. Memory: 396288K Free: 379217K (96%)
ptolemy.util.test.WatchDog.cancel(): canceling Fri May 04 01:02:06 UTC 2018
auto.tcl: Setting watchdog for 200 seconds at Fri May 04 01:02:06 UTC 2018
1 ms. Memory: 396288K Free: 379217K (96%)
ptolemy.util.test.WatchDog.cancel(): canceling Fri May 04 01:02:06 UTC 2018
------------------ testing $PTII/ptolemy/domains/de/test/auto/VariableDelay2.xml
auto.tcl: Setting watchdog for 200 seconds at Fri May 04 01:02:06 UTC 2018
2 ms. Memory: 396288K Free: 382776K (97%)
ptolemy.util.test.WatchDog.cancel(): canceling Fri May 04 01:02:06 UTC 2018
auto.tcl: Setting watchdog for 200 seconds at Fri May 04 01:02:06 UTC 2018
2 ms. Memory: 396288K Free: 382776K (97%)
ptolemy.util.test.WatchDog.cancel(): canceling Fri May 04 01:02:06 UTC 2018
------------------ testing $PTII/ptolemy/domains/de/test/auto/VariableDelayZeroDelay.xml
auto.tcl: Setting watchdog for 200 seconds at Fri May 04 01:02:06 UTC 2018
2 ms. Memory: 398336K Free: 381674K (96%)
ptolemy.util.test.WatchDog.cancel(): canceling Fri May 04 01:02:06 UTC 2018
auto.tcl: Setting watchdog for 200 seconds at Fri May 04 01:02:06 UTC 2018
2 ms. Memory: 398336K Free: 381674K (96%)
ptolemy.util.test.WatchDog.cancel(): canceling Fri May 04 01:02:06 UTC 2018
------------------ testing $PTII/ptolemy/domains/de/test/auto/VariableDelayZeroDelay2.xml
auto.tcl: Setting watchdog for 200 seconds at Fri May 04 01:02:06 UTC 2018
2 ms. Memory: 396288K Free: 379624K (96%)
ptolemy.util.test.WatchDog.cancel(): canceling Fri May 04 01:02:06 UTC 2018
auto.tcl: Setting watchdog for 200 seconds at Fri May 04 01:02:06 UTC 2018
2 ms. Memory: 396288K Free: 379624K (96%)
ptolemy.util.test.WatchDog.cancel(): canceling Fri May 04 01:02:06 UTC 2018
------------------ testing $PTII/ptolemy/domains/de/test/auto/deInCt.xml
auto.tcl: Setting watchdog for 200 seconds at Fri May 04 01:02:06 UTC 2018
0
1
1
1
0
0
0
1
1
1
0
0
0
1
1
1
0
0
1
1
1
0
0
0
0
1
1
0
0
0
1
1
0
0
0
1
1
1
0
0
1
1
1
0
0
0
0
1
1
1
0
0
1
1
1
1
19 ms. Memory: 398336K Free: 381665K (96%)
ptolemy.util.test.WatchDog.cancel(): canceling Fri May 04 01:02:06 UTC 2018
auto.tcl: Setting watchdog for 200 seconds at Fri May 04 01:02:06 UTC 2018
0
1
1
1
0
0
0
0
1
1
1
1
0
0
0
1
1
0
0
0
0
1
1
1
0
0
0
1
1
1
0
0
0
1
1
1
1
0
0
0
1
1
1
0
0
0
1
1
1
1
17 ms. Memory: 398336K Free: 376590K (95%)
ptolemy.util.test.WatchDog.cancel(): canceling Fri May 04 01:02:06 UTC 2018
------------------ testing $PTII/ptolemy/domains/de/test/auto/deInCt2.xml
auto.tcl: Setting watchdog for 200 seconds at Fri May 04 01:02:06 UTC 2018
0
1
1
1
0
0
1
1
1
0
0
1
1
1
0
0
1
1
1
0
0
1
1
1
0
0
1
1
1
0
0
1
1
1
0
0
1
1
1
0
0
0
17 ms. Memory: 396288K Free: 379617K (96%)
ptolemy.util.test.WatchDog.cancel(): canceling Fri May 04 01:02:06 UTC 2018
auto.tcl: Setting watchdog for 200 seconds at Fri May 04 01:02:06 UTC 2018
0
1
1
1
0
0
1
1
1
0
0
1
1
1
0
0
1
1
1
0
0
1
1
1
0
0
1
1
1
0
0
1
1
1
0
0
1
1
1
0
0
0
4 ms. Memory: 396288K Free: 374541K (95%)
ptolemy.util.test.WatchDog.cancel(): canceling Fri May 04 01:02:06 UTC 2018
------------------ testing $PTII/ptolemy/domains/de/test/auto/dynamicCausalityInterface1.xml
auto.tcl: Setting watchdog for 200 seconds at Fri May 04 01:02:06 UTC 2018
1 ms. Memory: 397824K Free: 379227K (95%)
ptolemy.util.test.WatchDog.cancel(): canceling Fri May 04 01:02:06 UTC 2018
auto.tcl: Setting watchdog for 200 seconds at Fri May 04 01:02:06 UTC 2018
1 ms. Memory: 397824K Free: 379227K (95%)
ptolemy.util.test.WatchDog.cancel(): canceling Fri May 04 01:02:06 UTC 2018
------------------ testing $PTII/ptolemy/domains/de/test/auto/fsm_de_test.xml
auto.tcl: Setting watchdog for 200 seconds at Fri May 04 01:02:06 UTC 2018
6 ms. Memory: 396288K Free: 374444K (94%)
ptolemy.util.test.WatchDog.cancel(): canceling Fri May 04 01:02:06 UTC 2018
auto.tcl: Setting watchdog for 200 seconds at Fri May 04 01:02:06 UTC 2018
5 ms. Memory: 396288K Free: 374444K (94%)
ptolemy.util.test.WatchDog.cancel(): canceling Fri May 04 01:02:06 UTC 2018
------------------ testing $PTII/ptolemy/domains/de/test/auto/functionDependencyReconstruction.xml
auto.tcl: Setting watchdog for 200 seconds at Fri May 04 01:02:06 UTC 2018
2 ms. Memory: 397824K Free: 365821K (92%)
ptolemy.util.test.WatchDog.cancel(): canceling Fri May 04 01:02:06 UTC 2018
auto.tcl: Setting watchdog for 200 seconds at Fri May 04 01:02:06 UTC 2018
3 ms. Memory: 397824K Free: 365821K (92%)
ptolemy.util.test.WatchDog.cancel(): canceling Fri May 04 01:02:06 UTC 2018
------------------ testing $PTII/ptolemy/domains/de/test/auto/multirate.xml
auto.tcl: Setting watchdog for 200 seconds at Fri May 04 01:02:06 UTC 2018
4 ms. Memory: 396288K Free: 374296K (94%)
ptolemy.util.test.WatchDog.cancel(): canceling Fri May 04 01:02:06 UTC 2018
auto.tcl: Setting watchdog for 200 seconds at Fri May 04 01:02:06 UTC 2018
4 ms. Memory: 396288K Free: 374296K (94%)
ptolemy.util.test.WatchDog.cancel(): canceling Fri May 04 01:02:06 UTC 2018
------------------ testing $PTII/ptolemy/domains/de/test/auto/multirate2.xml
auto.tcl: Setting watchdog for 200 seconds at Fri May 04 01:02:06 UTC 2018
3 ms. Memory: 397312K Free: 375508K (95%)
ptolemy.util.test.WatchDog.cancel(): canceling Fri May 04 01:02:07 UTC 2018
auto.tcl: Setting watchdog for 200 seconds at Fri May 04 01:02:07 UTC 2018
3 ms. Memory: 397312K Free: 375508K (95%)
ptolemy.util.test.WatchDog.cancel(): canceling Fri May 04 01:02:07 UTC 2018
------------------ testing $PTII/ptolemy/domains/de/test/auto/realtime.xml
auto.tcl: Setting watchdog for 200 seconds at Fri May 04 01:02:07 UTC 2018
10001 ms. Memory: 396288K Free: 379561K (96%)
ptolemy.util.test.WatchDog.cancel(): canceling Fri May 04 01:02:17 UTC 2018
auto.tcl: Setting watchdog for 200 seconds at Fri May 04 01:02:17 UTC 2018
10001 ms. Memory: 396288K Free: 379561K (96%)
ptolemy.util.test.WatchDog.cancel(): canceling Fri May 04 01:02:27 UTC 2018
------------------ testing $PTII/ptolemy/domains/de/test/auto/relationGroup.xml
auto.tcl: Setting watchdog for 200 seconds at Fri May 04 01:02:27 UTC 2018
2 ms. Memory: 397312K Free: 380615K (96%)
ptolemy.util.test.WatchDog.cancel(): canceling Fri May 04 01:02:27 UTC 2018
auto.tcl: Setting watchdog for 200 seconds at Fri May 04 01:02:27 UTC 2018
2 ms. Memory: 397312K Free: 380615K (96%)
ptolemy.util.test.WatchDog.cancel(): canceling Fri May 04 01:02:27 UTC 2018
------------------ testing $PTII/ptolemy/domains/de/test/auto/relationGroup2.xml
auto.tcl: Setting watchdog for 200 seconds at Fri May 04 01:02:27 UTC 2018
1 ms. Memory: 396288K Free: 379618K (96%)
ptolemy.util.test.WatchDog.cancel(): canceling Fri May 04 01:02:27 UTC 2018
auto.tcl: Setting watchdog for 200 seconds at Fri May 04 01:02:27 UTC 2018
1 ms. Memory: 396288K Free: 379618K (96%)
ptolemy.util.test.WatchDog.cancel(): canceling Fri May 04 01:02:27 UTC 2018
------------------ testing $PTII/ptolemy/domains/de/test/auto/sortWithOpaquePorts.xml
auto.tcl: Setting watchdog for 200 seconds at Fri May 04 01:02:27 UTC 2018
1 ms. Memory: 397312K Free: 380642K (96%)
ptolemy.util.test.WatchDog.cancel(): canceling Fri May 04 01:02:27 UTC 2018
auto.tcl: Setting watchdog for 200 seconds at Fri May 04 01:02:27 UTC 2018
2 ms. Memory: 397312K Free: 380642K (96%)
ptolemy.util.test.WatchDog.cancel(): canceling Fri May 04 01:02:27 UTC 2018
------------------ testing $PTII/ptolemy/domains/de/test/auto/transferInputsandOutputs.xml
auto.tcl: Setting watchdog for 200 seconds at Fri May 04 01:02:27 UTC 2018
3 ms. Memory: 396288K Free: 374539K (95%)
ptolemy.util.test.WatchDog.cancel(): canceling Fri May 04 01:02:27 UTC 2018
auto.tcl: Setting watchdog for 200 seconds at Fri May 04 01:02:27 UTC 2018
2 ms. Memory: 396288K Free: 374539K (95%)
ptolemy.util.test.WatchDog.cancel(): canceling Fri May 04 01:02:27 UTC 2018
------------------ testing $PTII/ptolemy/domains/de/test/auto/triggerType.xml
auto.tcl: Setting watchdog for 200 seconds at Fri May 04 01:02:27 UTC 2018
1 ms. Memory: 396800K Free: 373771K (94%)
ptolemy.util.test.WatchDog.cancel(): canceling Fri May 04 01:02:27 UTC 2018
auto.tcl: Setting watchdog for 200 seconds at Fri May 04 01:02:27 UTC 2018
1 ms. Memory: 396800K Free: 373771K (94%)
ptolemy.util.test.WatchDog.cancel(): canceling Fri May 04 01:02:27 UTC 2018
05/04/18 01:02:27
Failed: 0  Total Tests: 192  ((Passed: 187, Newly Passed: 1)  Known Failed: 5) /home/travis/build/icyphy/ptII/ptolemy/domains/de/test
05/04/18 01:02:27
Failed: 0  Total Tests: 192  ((Passed: 187, Newly Passed: 1)  Known Failed: 5) /home/travis/build/icyphy/ptII/ptolemy/domains/de/test
----------------- testing (KnownFailure) /home/travis/build/icyphy/ptII/ptolemy/domains/de/test/auto/knownFailedTests/DESDFClockTest.xml
2008 ms. Memory: 396288K Free: 366999K (93%)
Known Failure: java.lang.reflect.InvocationTargetException
----------------- testing (KnownFailure) /home/travis/build/icyphy/ptII/ptolemy/domains/de/test/auto/knownFailedTests/DirectFeedback.xml
1 ms. Memory: 396288K Free: 341803K (86%)
Known Failure: java.lang.reflect.InvocationTargetException
----------------- testing (KnownFailure) /home/travis/build/icyphy/ptII/ptolemy/domains/de/test/auto/knownFailedTests/FSMSource.xml
6 ms. Memory: 396288K Free: 316612K (80%)
----------------- testing (KnownFailure) /home/travis/build/icyphy/ptII/ptolemy/domains/de/test/auto/knownFailedTests/HierarchicalModel.xml
2 ms. Memory: 396288K Free: 291414K (74%)
Known Failure: java.lang.reflect.InvocationTargetException
----------------- testing (KnownFailure) /home/travis/build/icyphy/ptII/ptolemy/domains/de/test/auto/knownFailedTests/dependencyLoop.xml
2 ms. Memory: 396288K Free: 253612K (64%)
Known Failure: java.lang.reflect.InvocationTargetException
----------------- testing (KnownFailure) /home/travis/build/icyphy/ptII/ptolemy/domains/de/test/auto/knownFailedTests/dependencyLoop2.xml
2 ms. Memory: 396288K Free: 215810K (54%)
Known Failure: java.lang.reflect.InvocationTargetException
No auto/*.xml tests in /home/travis/build/icyphy/ptII/ptolemy/domains/de/test
AutoTests.java: About to close Vertx.
AutoTests.java: Vertx closed.
----------------- testing Fri May 04 01:02:29 UTC 2018 /home/travis/build/icyphy/ptII/ptolemy/domains/de/test/auto/ActorDepthCalculation_actorWithoutPorts.xml
----------------- Instantiating /home/travis/build/icyphy/ptII/ptolemy/domains/de/test/auto/ActorDepthCalculation_actorWithoutPorts.xml
1 ms. Memory: 396288K Free: 184322K (47%)
----------------- Invoking toplevel() on ptolemy.moml.MoMLSimpleApplication@1ea5c58c
----------------- Done invoking toplevel() on ptolemy.moml.MoMLSimpleApplication@1ea5c58c
reloadAllAccessors: .ActorDepthCalculation_actorWithoutPorts
----------------- testing Fri May 04 01:02:29 UTC 2018 /home/travis/build/icyphy/ptII/ptolemy/domains/de/test/auto/AssemblyLine.xml
----------------- Instantiating /home/travis/build/icyphy/ptII/ptolemy/domains/de/test/auto/AssemblyLine.xml
2 ms. Memory: 396288K Free: 165429K (42%)
----------------- Invoking toplevel() on ptolemy.moml.MoMLSimpleApplication@4001b0df
----------------- Done invoking toplevel() on ptolemy.moml.MoMLSimpleApplication@4001b0df
reloadAllAccessors: .AssemblyLine
----------------- testing Fri May 04 01:02:29 UTC 2018 /home/travis/build/icyphy/ptII/ptolemy/domains/de/test/auto/CQBug1.xml
----------------- Instantiating /home/travis/build/icyphy/ptII/ptolemy/domains/de/test/auto/CQBug1.xml
1 ms. Memory: 396288K Free: 152833K (39%)
----------------- Invoking toplevel() on ptolemy.moml.MoMLSimpleApplication@31b077d2
----------------- Done invoking toplevel() on ptolemy.moml.MoMLSimpleApplication@31b077d2
reloadAllAccessors: .CQBug1
----------------- testing Fri May 04 01:02:29 UTC 2018 /home/travis/build/icyphy/ptII/ptolemy/domains/de/test/auto/CancelFireAt.xml
----------------- Instantiating /home/travis/build/icyphy/ptII/ptolemy/domains/de/test/auto/CancelFireAt.xml
1 ms. Memory: 396288K Free: 140238K (35%)
----------------- Invoking toplevel() on ptolemy.moml.MoMLSimpleApplication@5ba996e6
----------------- Done invoking toplevel() on ptolemy.moml.MoMLSimpleApplication@5ba996e6
reloadAllAccessors: .CancelFireAt
----------------- testing Fri May 04 01:02:29 UTC 2018 /home/travis/build/icyphy/ptII/ptolemy/domains/de/test/auto/CausalityAndComposabilityAnalysis.xml
----------------- Instantiating /home/travis/build/icyphy/ptII/ptolemy/domains/de/test/auto/CausalityAndComposabilityAnalysis.xml
1 ms. Memory: 396288K Free: 127643K (32%)
----------------- Invoking toplevel() on ptolemy.moml.MoMLSimpleApplication@250894b5
----------------- Done invoking toplevel() on ptolemy.moml.MoMLSimpleApplication@250894b5
reloadAllAccessors: .CausalityAndComposabilityAnalysis
----------------- testing Fri May 04 01:02:29 UTC 2018 /home/travis/build/icyphy/ptII/ptolemy/domains/de/test/auto/CausalityInterface1.xml
----------------- Instantiating /home/travis/build/icyphy/ptII/ptolemy/domains/de/test/auto/CausalityInterface1.xml
2 ms. Memory: 396288K Free: 115047K (29%)
----------------- Invoking toplevel() on ptolemy.moml.MoMLSimpleApplication@e2b67c0
----------------- Done invoking toplevel() on ptolemy.moml.MoMLSimpleApplication@e2b67c0
reloadAllAccessors: .CausalityInterface1
----------------- testing Fri May 04 01:02:29 UTC 2018 /home/travis/build/icyphy/ptII/ptolemy/domains/de/test/auto/CausalityInterface15.xml
----------------- Instantiating /home/travis/build/icyphy/ptII/ptolemy/domains/de/test/auto/CausalityInterface15.xml
2 ms. Memory: 396288K Free: 102452K (26%)
----------------- Invoking toplevel() on ptolemy.moml.MoMLSimpleApplication@569d1d40
----------------- Done invoking toplevel() on ptolemy.moml.MoMLSimpleApplication@569d1d40
reloadAllAccessors: .CausalityInterface15
----------------- testing Fri May 04 01:02:29 UTC 2018 /home/travis/build/icyphy/ptII/ptolemy/domains/de/test/auto/CausalityInterface2.xml
----------------- Instantiating /home/travis/build/icyphy/ptII/ptolemy/domains/de/test/auto/CausalityInterface2.xml
1 ms. Memory: 396288K Free: 89857K (23%)
----------------- Invoking toplevel() on ptolemy.moml.MoMLSimpleApplication@467ec618
----------------- Done invoking toplevel() on ptolemy.moml.MoMLSimpleApplication@467ec618
reloadAllAccessors: .CausalityInterface2
----------------- testing Fri May 04 01:02:29 UTC 2018 /home/travis/build/icyphy/ptII/ptolemy/domains/de/test/auto/CausalityInterface3.xml
[...]
java.lang.RuntimeException: Execution failed
	at ptolemy.moml.MoMLSimpleApplication$UnloadThread.run(MoMLSimpleApplication.java:402)
Caused by: ptolemy.kernel.util.IllegalActionException: Test fails in iteration 1.
Value was: 1.0. Should have been: 2.0
  in .DirectFeedback.Test
	at ptolemy.actor.lib.Test.fire(Test.java:268)
	at ptolemy.domains.de.kernel.DEDirector._fire(DEDirector.java:1948)
	at ptolemy.domains.de.kernel.DEDirector.fire(DEDirector.java:502)
	at ptolemy.actor.CompositeActor.fire(CompositeActor.java:455)
	at ptolemy.actor.Manager.iterate(Manager.java:851)
	at ptolemy.actor.Manager.execute(Manager.java:369)
	at ptolemy.actor.Manager.run(Manager.java:1263)
	at ptolemy.actor.Manager$PtolemyRunThread.run(Manager.java:1915)
java.lang.RuntimeException: Execution failed
	at ptolemy.moml.MoMLSimpleApplication$UnloadThread.run(MoMLSimpleApplication.java:402)
Caused by: ptolemy.kernel.util.IllegalActionException: Actor is not ready to fire.  Perhaps UpSample.prefire() returned false? Try debugging the actor by selecting "Listen to Actor".  Also, for SDF check moml for tokenConsumptionRate on input.
  in .DESDFClockTest.Play Bell.Copy1:SDF Director and .DESDFClockTest.Play Bell.UpSample
	at ptolemy.actor.sched.StaticSchedulingDirector.fire(StaticSchedulingDirector.java:227)
	at ptolemy.domains.sdf.kernel.SDFDirector.fire(SDFDirector.java:500)
	at ptolemy.actor.CompositeActor.fire(CompositeActor.java:455)
	at ptolemy.domains.de.kernel.DEDirector._fire(DEDirector.java:1948)
	at ptolemy.domains.de.kernel.DEDirector.fire(DEDirector.java:502)
	at ptolemy.actor.CompositeActor.fire(CompositeActor.java:455)
	at ptolemy.actor.Manager.iterate(Manager.java:851)
	at ptolemy.actor.Manager.execute(Manager.java:369)
	at ptolemy.actor.Manager.run(Manager.java:1263)
	at ptolemy.actor.Manager$PtolemyRunThread.run(Manager.java:1915)
java.lang.reflect.InvocationTargetException
	at sun.reflect.NativeConstructorAccessorImpl.newInstance0(Native Method)
	at sun.reflect.NativeConstructorAccessorImpl.newInstance(NativeConstructorAccessorImpl.java:62)
	at sun.reflect.DelegatingConstructorAccessorImpl.newInstance(DelegatingConstructorAccessorImpl.java:45)
	at java.lang.reflect.Constructor.newInstance(Constructor.java:423)
	at ptolemy.util.test.junit.AutoKnownFailedTests.RunModel(AutoKnownFailedTests.java:107)
	at sun.reflect.NativeMethodAccessorImpl.invoke0(Native Method)
	at sun.reflect.NativeMethodAccessorImpl.invoke(NativeMethodAccessorImpl.java:62)
	at sun.reflect.DelegatingMethodAccessorImpl.invoke(DelegatingMethodAccessorImpl.java:43)
	at java.lang.reflect.Method.invoke(Method.java:498)
	at org.junit.runners.model.FrameworkMethod$1.runReflectiveCall(FrameworkMethod.java:44)
	at org.junit.internal.runners.model.ReflectiveCallable.run(ReflectiveCallable.java:15)
	at org.junit.runners.model.FrameworkMethod.invokeExplosively(FrameworkMethod.java:41)
	at junitparams.internal.InvokeParameterisedMethod.evaluate(InvokeParameterisedMethod.java:102)
	at org.junit.internal.runners.statements.FailOnTimeout$1.run(FailOnTimeout.java:28)
Caused by: ptolemy.kernel.util.IllegalActionException: Actor is not ready to fire.  Perhaps UpSample.prefire() returned false? Try debugging the actor by selecting "Listen to Actor".  Also, for SDF check moml for tokenConsumptionRate on input.
  in .DESDFClockTest.Play Bell.Copy1:SDF Director and .DESDFClockTest.Play Bell.UpSample
	at ptolemy.actor.sched.StaticSchedulingDirector.fire(StaticSchedulingDirector.java:227)
	at ptolemy.domains.sdf.kernel.SDFDirector.fire(SDFDirector.java:500)
	at ptolemy.actor.CompositeActor.fire(CompositeActor.java:455)
	at ptolemy.domains.de.kernel.DEDirector._fire(DEDirector.java:1948)
	at ptolemy.domains.de.kernel.DEDirector.fire(DEDirector.java:502)
	at ptolemy.actor.CompositeActor.fire(CompositeActor.java:455)
	at ptolemy.actor.Manager.iterate(Manager.java:851)
	at ptolemy.actor.Manager.execute(Manager.java:369)
	at ptolemy.actor.Manager.run(Manager.java:1263)
	at ptolemy.actor.Manager$PtolemyRunThread.run(Manager.java:1915)
java.lang.RuntimeException: Execution failed
	at ptolemy.moml.MoMLSimpleApplication$UnloadThread.run(MoMLSimpleApplication.java:402)
Caused by: ptolemy.kernel.util.IllegalActionException: Test fails in iteration 1.
Value was: 1.0. Should have been: 2.0
  in .DirectFeedback.Test
	at ptolemy.actor.lib.Test.fire(Test.java:268)
	at ptolemy.domains.de.kernel.DEDirector._fire(DEDirector.java:1948)
	at ptolemy.domains.de.kernel.DEDirector.fire(DEDirector.java:502)
	at ptolemy.actor.CompositeActor.fire(CompositeActor.java:455)
	at ptolemy.actor.Manager.iterate(Manager.java:851)
	at ptolemy.actor.Manager.execute(Manager.java:369)
	at ptolemy.actor.Manager.run(Manager.java:1263)
	at ptolemy.actor.Manager$PtolemyRunThread.run(Manager.java:1915)
java.lang.reflect.InvocationTargetException
	at sun.reflect.NativeConstructorAccessorImpl.newInstance0(Native Method)
	at sun.reflect.NativeConstructorAccessorImpl.newInstance(NativeConstructorAccessorImpl.java:62)
	at sun.reflect.DelegatingConstructorAccessorImpl.newInstance(DelegatingConstructorAccessorImpl.java:45)
	at java.lang.reflect.Constructor.newInstance(Constructor.java:423)
	at ptolemy.util.test.junit.AutoKnownFailedTests.RunModel(AutoKnownFailedTests.java:107)
	at sun.reflect.NativeMethodAccessorImpl.invoke0(Native Method)
	at sun.reflect.NativeMethodAccessorImpl.invoke(NativeMethodAccessorImpl.java:62)
	at sun.reflect.DelegatingMethodAccessorImpl.invoke(DelegatingMethodAccessorImpl.java:43)
	at java.lang.reflect.Method.invoke(Method.java:498)
	at org.junit.runners.model.FrameworkMethod$1.runReflectiveCall(FrameworkMethod.java:44)
	at org.junit.internal.runners.model.ReflectiveCallable.run(ReflectiveCallable.java:15)
	at org.junit.runners.model.FrameworkMethod.invokeExplosively(FrameworkMethod.java:41)
	at junitparams.internal.InvokeParameterisedMethod.evaluate(InvokeParameterisedMethod.java:102)
	at org.junit.internal.runners.statements.FailOnTimeout$1.run(FailOnTimeout.java:28)
Caused by: ptolemy.kernel.util.IllegalActionException: Test fails in iteration 1.
Value was: 1.0. Should have been: 2.0
  in .DirectFeedback.Test
	at ptolemy.actor.lib.Test.fire(Test.java:268)
	at ptolemy.domains.de.kernel.DEDirector._fire(DEDirector.java:1948)
	at ptolemy.domains.de.kernel.DEDirector.fire(DEDirector.java:502)
	at ptolemy.actor.CompositeActor.fire(CompositeActor.java:455)
	at ptolemy.actor.Manager.iterate(Manager.java:851)
	at ptolemy.actor.Manager.execute(Manager.java:369)
	at ptolemy.actor.Manager.run(Manager.java:1263)
	at ptolemy.actor.Manager$PtolemyRunThread.run(Manager.java:1915)
java.lang.RuntimeException: Execution failed
	at ptolemy.moml.MoMLSimpleApplication$UnloadThread.run(MoMLSimpleApplication.java:402)
Caused by: ptolemy.kernel.util.IllegalActionException: Found a zero delay loop containing .HierarchicalModel.A
  in .HierarchicalModel and .HierarchicalModel.A
	at ptolemy.actor.util.CausalityInterfaceForComposites._computeOutputPortDepth(CausalityInterfaceForComposites.java:759)
	at ptolemy.actor.util.CausalityInterfaceForComposites._computeInputDepth(CausalityInterfaceForComposites.java:696)
	at ptolemy.actor.util.CausalityInterfaceForComposites._computeOutputPortDepth(CausalityInterfaceForComposites.java:765)
	at ptolemy.actor.util.CausalityInterfaceForComposites._computeInputDepth(CausalityInterfaceForComposites.java:696)
	at ptolemy.actor.util.CausalityInterfaceForComposites._computeOutputPortDepth(CausalityInterfaceForComposites.java:765)
	at ptolemy.actor.util.CausalityInterfaceForComposites._computeInputDepth(CausalityInterfaceForComposites.java:696)
	at ptolemy.actor.util.CausalityInterfaceForComposites._computeActorDepth(CausalityInterfaceForComposites.java:532)
	at ptolemy.actor.util.CausalityInterfaceForComposites.checkForCycles(CausalityInterfaceForComposites.java:96)
	at ptolemy.domains.de.kernel.DEDirector.preinitialize(DEDirector.java:1337)
	at ptolemy.actor.CompositeActor.preinitialize(CompositeActor.java:1828)
	at ptolemy.actor.Manager.preinitializeAndResolveTypes(Manager.java:1040)
	at ptolemy.actor.Manager.initialize(Manager.java:710)
	at ptolemy.actor.Manager.execute(Manager.java:356)
	at ptolemy.actor.Manager.run(Manager.java:1263)
	at ptolemy.actor.Manager$PtolemyRunThread.run(Manager.java:1915)
java.lang.reflect.InvocationTargetException
	at sun.reflect.NativeConstructorAccessorImpl.newInstance0(Native Method)
	at sun.reflect.NativeConstructorAccessorImpl.newInstance(NativeConstructorAccessorImpl.java:62)
	at sun.reflect.DelegatingConstructorAccessorImpl.newInstance(DelegatingConstructorAccessorImpl.java:45)
	at java.lang.reflect.Constructor.newInstance(Constructor.java:423)
	at ptolemy.util.test.junit.AutoKnownFailedTests.RunModel(AutoKnownFailedTests.java:107)
	at sun.reflect.NativeMethodAccessorImpl.invoke0(Native Method)
	at sun.reflect.NativeMethodAccessorImpl.invoke(NativeMethodAccessorImpl.java:62)
	at sun.reflect.DelegatingMethodAccessorImpl.invoke(DelegatingMethodAccessorImpl.java:43)
	at java.lang.reflect.Method.invoke(Method.java:498)
	at org.junit.runners.model.FrameworkMethod$1.runReflectiveCall(FrameworkMethod.java:44)
	at org.junit.internal.runners.model.ReflectiveCallable.run(ReflectiveCallable.java:15)
	at org.junit.runners.model.FrameworkMethod.invokeExplosively(FrameworkMethod.java:41)
	at junitparams.internal.InvokeParameterisedMethod.evaluate(InvokeParameterisedMethod.java:102)
	at org.junit.internal.runners.statements.FailOnTimeout$1.run(FailOnTimeout.java:28)
Caused by: ptolemy.kernel.util.IllegalActionException: Found a zero delay loop containing .HierarchicalModel.A
  in .HierarchicalModel and .HierarchicalModel.A
	at ptolemy.actor.util.CausalityInterfaceForComposites._computeOutputPortDepth(CausalityInterfaceForComposites.java:759)
	at ptolemy.actor.util.CausalityInterfaceForComposites._computeInputDepth(CausalityInterfaceForComposites.java:696)
	at ptolemy.actor.util.CausalityInterfaceForComposites._computeOutputPortDepth(CausalityInterfaceForComposites.java:765)
	at ptolemy.actor.util.CausalityInterfaceForComposites._computeInputDepth(CausalityInterfaceForComposites.java:696)
	at ptolemy.actor.util.CausalityInterfaceForComposites._computeOutputPortDepth(CausalityInterfaceForComposites.java:765)
	at ptolemy.actor.util.CausalityInterfaceForComposites._computeInputDepth(CausalityInterfaceForComposites.java:696)
	at ptolemy.actor.util.CausalityInterfaceForComposites._computeActorDepth(CausalityInterfaceForComposites.java:532)
	at ptolemy.actor.util.CausalityInterfaceForComposites.checkForCycles(CausalityInterfaceForComposites.java:96)
	at ptolemy.domains.de.kernel.DEDirector.preinitialize(DEDirector.java:1337)
	at ptolemy.actor.CompositeActor.preinitialize(CompositeActor.java:1828)
	at ptolemy.actor.Manager.preinitializeAndResolveTypes(Manager.java:1040)
	at ptolemy.actor.Manager.initialize(Manager.java:710)
	at ptolemy.actor.Manager.execute(Manager.java:356)
	at ptolemy.actor.Manager.run(Manager.java:1263)
	at ptolemy.actor.Manager$PtolemyRunThread.run(Manager.java:1915)
java.lang.RuntimeException: Execution failed
	at ptolemy.moml.MoMLSimpleApplication$UnloadThread.run(MoMLSimpleApplication.java:402)
Caused by: ptolemy.kernel.util.IllegalActionException: Found a zero delay loop containing .dependencyLoop.original
  in .dependencyLoop and .dependencyLoop.original
	at ptolemy.actor.util.CausalityInterfaceForComposites._computeOutputPortDepth(CausalityInterfaceForComposites.java:759)
	at ptolemy.actor.util.CausalityInterfaceForComposites._computeInputDepth(CausalityInterfaceForComposites.java:696)
	at ptolemy.actor.util.CausalityInterfaceForComposites._computeOutputPortDepth(CausalityInterfaceForComposites.java:765)
	at ptolemy.actor.util.CausalityInterfaceForComposites._computeInputDepth(CausalityInterfaceForComposites.java:696)
	at ptolemy.actor.util.CausalityInterfaceForComposites._computeOutputPortDepth(CausalityInterfaceForComposites.java:765)
	at ptolemy.actor.util.CausalityInterfaceForComposites._computeInputDepth(CausalityInterfaceForComposites.java:696)
	at ptolemy.actor.util.CausalityInterfaceForComposites._computeActorDepth(CausalityInterfaceForComposites.java:532)
	at ptolemy.actor.util.CausalityInterfaceForComposites.checkForCycles(CausalityInterfaceForComposites.java:96)
	at ptolemy.domains.de.kernel.DEDirector.preinitialize(DEDirector.java:1337)
	at ptolemy.actor.CompositeActor.preinitialize(CompositeActor.java:1828)
	at ptolemy.actor.Manager.preinitializeAndResolveTypes(Manager.java:1040)
	at ptolemy.actor.Manager.initialize(Manager.java:710)
	at ptolemy.actor.Manager.execute(Manager.java:356)
	at ptolemy.actor.Manager.run(Manager.java:1263)
	at ptolemy.actor.Manager$PtolemyRunThread.run(Manager.java:1915)
java.lang.reflect.InvocationTargetException
	at sun.reflect.NativeConstructorAccessorImpl.newInstance0(Native Method)
	at sun.reflect.NativeConstructorAccessorImpl.newInstance(NativeConstructorAccessorImpl.java:62)
	at sun.reflect.DelegatingConstructorAccessorImpl.newInstance(DelegatingConstructorAccessorImpl.java:45)
	at java.lang.reflect.Constructor.newInstance(Constructor.java:423)
	at ptolemy.util.test.junit.AutoKnownFailedTests.RunModel(AutoKnownFailedTests.java:107)
	at sun.reflect.NativeMethodAccessorImpl.invoke0(Native Method)
	at sun.reflect.NativeMethodAccessorImpl.invoke(NativeMethodAccessorImpl.java:62)
	at sun.reflect.DelegatingMethodAccessorImpl.invoke(DelegatingMethodAccessorImpl.java:43)
	at java.lang.reflect.Method.invoke(Method.java:498)
	at org.junit.runners.model.FrameworkMethod$1.runReflectiveCall(FrameworkMethod.java:44)
	at org.junit.internal.runners.model.ReflectiveCallable.run(ReflectiveCallable.java:15)
	at org.junit.runners.model.FrameworkMethod.invokeExplosively(FrameworkMethod.java:41)
	at junitparams.internal.InvokeParameterisedMethod.evaluate(InvokeParameterisedMethod.java:102)
	at org.junit.internal.runners.statements.FailOnTimeout$1.run(FailOnTimeout.java:28)
Caused by: ptolemy.kernel.util.IllegalActionException: Found a zero delay loop containing .dependencyLoop.original
  in .dependencyLoop and .dependencyLoop.original
	at ptolemy.actor.util.CausalityInterfaceForComposites._computeOutputPortDepth(CausalityInterfaceForComposites.java:759)
	at ptolemy.actor.util.CausalityInterfaceForComposites._computeInputDepth(CausalityInterfaceForComposites.java:696)
	at ptolemy.actor.util.CausalityInterfaceForComposites._computeOutputPortDepth(CausalityInterfaceForComposites.java:765)
	at ptolemy.actor.util.CausalityInterfaceForComposites._computeInputDepth(CausalityInterfaceForComposites.java:696)
	at ptolemy.actor.util.CausalityInterfaceForComposites._computeOutputPortDepth(CausalityInterfaceForComposites.java:765)
	at ptolemy.actor.util.CausalityInterfaceForComposites._computeInputDepth(CausalityInterfaceForComposites.java:696)
	at ptolemy.actor.util.CausalityInterfaceForComposites._computeActorDepth(CausalityInterfaceForComposites.java:532)
	at ptolemy.actor.util.CausalityInterfaceForComposites.checkForCycles(CausalityInterfaceForComposites.java:96)
	at ptolemy.domains.de.kernel.DEDirector.preinitialize(DEDirector.java:1337)
	at ptolemy.actor.CompositeActor.preinitialize(CompositeActor.java:1828)
	at ptolemy.actor.Manager.preinitializeAndResolveTypes(Manager.java:1040)
	at ptolemy.actor.Manager.initialize(Manager.java:710)
	at ptolemy.actor.Manager.execute(Manager.java:356)
	at ptolemy.actor.Manager.run(Manager.java:1263)
	at ptolemy.actor.Manager$PtolemyRunThread.run(Manager.java:1915)
java.lang.RuntimeException: Execution failed
	at ptolemy.moml.MoMLSimpleApplication$UnloadThread.run(MoMLSimpleApplication.java:402)
Caused by: ptolemy.kernel.util.IllegalActionException: Found a zero delay loop containing .dependencyLoop2.original
  in .dependencyLoop2 and .dependencyLoop2.original
	at ptolemy.actor.util.CausalityInterfaceForComposites._computeOutputPortDepth(CausalityInterfaceForComposites.java:759)
	at ptolemy.actor.util.CausalityInterfaceForComposites._computeInputDepth(CausalityInterfaceForComposites.java:696)
	at ptolemy.actor.util.CausalityInterfaceForComposites._computeOutputPortDepth(CausalityInterfaceForComposites.java:765)
	at ptolemy.actor.util.CausalityInterfaceForComposites._computeInputDepth(CausalityInterfaceForComposites.java:696)
	at ptolemy.actor.util.CausalityInterfaceForComposites._computeOutputPortDepth(CausalityInterfaceForComposites.java:765)
	at ptolemy.actor.util.CausalityInterfaceForComposites._computeInputDepth(CausalityInterfaceForComposites.java:696)
	at ptolemy.actor.util.CausalityInterfaceForComposites._computeActorDepth(CausalityInterfaceForComposites.java:532)
	at ptolemy.actor.util.CausalityInterfaceForComposites.checkForCycles(CausalityInterfaceForComposites.java:96)
	at ptolemy.domains.de.kernel.DEDirector.preinitialize(DEDirector.java:1337)
	at ptolemy.actor.CompositeActor.preinitialize(CompositeActor.java:1828)
	at ptolemy.actor.Manager.preinitializeAndResolveTypes(Manager.java:1040)
	at ptolemy.actor.Manager.initialize(Manager.java:710)
	at ptolemy.actor.Manager.execute(Manager.java:356)
	at ptolemy.actor.Manager.run(Manager.java:1263)
	at ptolemy.actor.Manager$PtolemyRunThread.run(Manager.java:1915)
java.lang.reflect.InvocationTargetException
	at sun.reflect.NativeConstructorAccessorImpl.newInstance0(Native Method)
	at sun.reflect.NativeConstructorAccessorImpl.newInstance(NativeConstructorAccessorImpl.java:62)
	at sun.reflect.DelegatingConstructorAccessorImpl.newInstance(DelegatingConstructorAccessorImpl.java:45)
	at java.lang.reflect.Constructor.newInstance(Constructor.java:423)
	at ptolemy.util.test.junit.AutoKnownFailedTests.RunModel(AutoKnownFailedTests.java:107)
	at sun.reflect.NativeMethodAccessorImpl.invoke0(Native Method)
	at sun.reflect.NativeMethodAccessorImpl.invoke(NativeMethodAccessorImpl.java:62)
	at sun.reflect.DelegatingMethodAccessorImpl.invoke(DelegatingMethodAccessorImpl.java:43)
	at java.lang.reflect.Method.invoke(Method.java:498)
	at org.junit.runners.model.FrameworkMethod$1.runReflectiveCall(FrameworkMethod.java:44)
	at org.junit.internal.runners.model.ReflectiveCallable.run(ReflectiveCallable.java:15)
	at org.junit.runners.model.FrameworkMethod.invokeExplosively(FrameworkMethod.java:41)
	at junitparams.internal.InvokeParameterisedMethod.evaluate(InvokeParameterisedMethod.java:102)
	at org.junit.internal.runners.statements.FailOnTimeout$1.run(FailOnTimeout.java:28)
Caused by: ptolemy.kernel.util.IllegalActionException: Found a zero delay loop containing .dependencyLoop2.original
  in .dependencyLoop2 and .dependencyLoop2.original
	at ptolemy.actor.util.CausalityInterfaceForComposites._computeOutputPortDepth(CausalityInterfaceForComposites.java:759)
	at ptolemy.actor.util.CausalityInterfaceForComposites._computeInputDepth(CausalityInterfaceForComposites.java:696)
	at ptolemy.actor.util.CausalityInterfaceForComposites._computeOutputPortDepth(CausalityInterfaceForComposites.java:765)
	at ptolemy.actor.util.CausalityInterfaceForComposites._computeInputDepth(CausalityInterfaceForComposites.java:696)
	at ptolemy.actor.util.CausalityInterfaceForComposites._computeOutputPortDepth(CausalityInterfaceForComposites.java:765)
	at ptolemy.actor.util.CausalityInterfaceForComposites._computeInputDepth(CausalityInterfaceForComposites.java:696)
	at ptolemy.actor.util.CausalityInterfaceForComposites._computeActorDepth(CausalityInterfaceForComposites.java:532)
	at ptolemy.actor.util.CausalityInterfaceForComposites.checkForCycles(CausalityInterfaceForComposites.java:96)
	at ptolemy.domains.de.kernel.DEDirector.preinitialize(DEDirector.java:1337)
	at ptolemy.actor.CompositeActor.preinitialize(CompositeActor.java:1828)
	at ptolemy.actor.Manager.preinitializeAndResolveTypes(Manager.java:1040)
	at ptolemy.actor.Manager.initialize(Manager.java:710)
	at ptolemy.actor.Manager.execute(Manager.java:356)
	at ptolemy.actor.Manager.run(Manager.java:1263)
	at ptolemy.actor.Manager$PtolemyRunThread.run(Manager.java:1915)
]]></system-err>
</testsuite>
