<?xml version="1.0" encoding="UTF-8" ?>
<testsuite errors="4" failures="0" hostname="travis-job-d057aede-614b-4f82-a166-65661cf5e1dd" name="ptolemy.actor.lib.jjs.modules.webSocket.test.junit.JUnitTclTest" skipped="0" tests="10" time="659.346" timestamp="2018-04-10T00:27:20">
  <properties>
[...]
</properties>
  <testcase classname="ptolemy.util.test.junit.TclTests" name="[0] ThereAreNoTclTests (RunTclFile)" time="0.001" />
  <testcase classname="ptolemy.util.test.junit.AutoKnownFailedTests" name="[0] ThereAreNoKnowFailedTests (RunModel)" time="0.002" />
  <testcase classname="ptolemy.util.test.junit.AutoNameArchTests" name="[0] ThereAreNoAutoTests (RunModel)" time="0.001" />
  <testcase classname="ptolemy.util.test.junit.AutoTests" name="[0] /home/travis/build/icyphy/ptII/ptolemy/actor/lib/jjs/modules/webSocket/test/auto/FullDuplex.xml (RunModel)" time="31.49" />
  <testcase classname="ptolemy.util.test.junit.AutoTests" name="[1] /home/travis/build/icyphy/ptII/ptolemy/actor/lib/jjs/modules/webSocket/test/auto/FullDuplex2.xml (RunModel)" time="499.373">
    <error type="java.lang.reflect.InvocationTargetException">java.lang.reflect.InvocationTargetException
	at java.lang.reflect.Constructor.newInstance(Constructor.java:423)
	at ptolemy.util.test.junit.AutoTests.RunModel(AutoTests.java:158)
	at junitparams.internal.InvokeParameterisedMethod.evaluate(InvokeParameterisedMethod.java:102)
Caused by: ptolemy.kernel.util.IllegalActionException: Exceptions occurred during wrapup:
ptolemy.kernel.util.IllegalActionException: The fire() method of this actor was never called. Usually, this is an error indicating that starvation is occurring.
  in .FullDuplex2.Test
ptolemy.kernel.util.IllegalActionException: The fire() method of this actor was never called. Usually, this is an error indicating that starvation is occurring.
  in .FullDuplex2.Test2

  in .FullDuplex2.DE Director
Because:
The fire() method of this actor was never called. Usually, this is an error indicating that starvation is occurring.
  in .FullDuplex2.Test
	at ptolemy.actor.Director.wrapup(Director.java:1736)
	at ptolemy.domains.de.kernel.DEDirector.wrapup(DEDirector.java:1526)
	at ptolemy.actor.CompositeActor.wrapup(CompositeActor.java:2735)
	at ptolemy.actor.Manager.wrapup(Manager.java:1512)
	at ptolemy.actor.Manager.execute(Manager.java:407)
	at ptolemy.actor.Manager.run(Manager.java:1263)
	at ptolemy.actor.Manager$PtolemyRunThread.run(Manager.java:1915)
Caused by: ptolemy.kernel.util.IllegalActionException: The fire() method of this actor was never called. Usually, this is an error indicating that starvation is occurring.
  in .FullDuplex2.Test
	at ptolemy.actor.lib.NonStrictTest.wrapup(NonStrictTest.java:393)
	at ptolemy.actor.Director.wrapup(Director.java:1722)
</error>
  </testcase>
  <testcase classname="ptolemy.util.test.junit.AutoTests" name="[2] /home/travis/build/icyphy/ptII/ptolemy/actor/lib/jjs/modules/webSocket/test/auto/WebSocketClient2JS.xml (RunModel)" time="20.567" />
  <testcase classname="ptolemy.util.test.junit.AutoTests" name="[3] /home/travis/build/icyphy/ptII/ptolemy/actor/lib/jjs/modules/webSocket/test/auto/WebSocketClient3JS.xml (RunModel)" time="21.526">
    <error type="java.lang.reflect.InvocationTargetException">java.lang.reflect.InvocationTargetException
	at java.lang.reflect.Constructor.newInstance(Constructor.java:423)
	at ptolemy.util.test.junit.AutoTests.RunModel(AutoTests.java:158)
	at junitparams.internal.InvokeParameterisedMethod.evaluate(InvokeParameterisedMethod.java:102)
Caused by: ptolemy.kernel.util.IllegalActionException: Exceptions occurred during wrapup:
ptolemy.kernel.util.IllegalActionException: Failure executing the wrapup function: Error: TrainableTest: The input handler of this accessor was never invoked. Usually, this is an error indicating that starvation is occurring. in &lt;function&gt; at line number 393 at column number 16
  in .WebSocketClient3JS.TrainableTest
Because:
Error: TrainableTest: The input handler of this accessor was never invoked. Usually, this is an error indicating that starvation is occurring. in &lt;function&gt; at line number 393 at column number 16

  in .WebSocketClient3JS.DE Director
Because:
Failure executing the wrapup function: Error: TrainableTest: The input handler of this accessor was never invoked. Usually, this is an error indicating that starvation is occurring. in &lt;function&gt; at line number 393 at column number 16
  in .WebSocketClient3JS.TrainableTest
Because:
Error: TrainableTest: The input handler of this accessor was never invoked. Usually, this is an error indicating that starvation is occurring. in &lt;function&gt; at line number 393 at column number 16
	at ptolemy.actor.Director.wrapup(Director.java:1736)
	at ptolemy.domains.de.kernel.DEDirector.wrapup(DEDirector.java:1526)
	at ptolemy.actor.CompositeActor.wrapup(CompositeActor.java:2735)
	at ptolemy.actor.Manager.wrapup(Manager.java:1512)
	at ptolemy.actor.Manager.execute(Manager.java:407)
	at ptolemy.actor.Manager.run(Manager.java:1263)
	at ptolemy.actor.Manager$PtolemyRunThread.run(Manager.java:1915)
Caused by: ptolemy.kernel.util.IllegalActionException: Failure executing the wrapup function: Error: TrainableTest: The input handler of this accessor was never invoked. Usually, this is an error indicating that starvation is occurring. in &lt;function&gt; at line number 393 at column number 16
  in .WebSocketClient3JS.TrainableTest
Because:
Error: TrainableTest: The input handler of this accessor was never invoked. Usually, this is an error indicating that starvation is occurring. in &lt;function&gt; at line number 393 at column number 16
	at ptolemy.actor.lib.jjs.JavaScript._invokeMethodInContext(JavaScript.java:2216)
	at ptolemy.actor.lib.jjs.JavaScript.wrapup(JavaScript.java:2111)
	at ptolemy.actor.Director.wrapup(Director.java:1722)
Caused by: javax.script.ScriptException: Error: TrainableTest: The input handler of this accessor was never invoked. Usually, this is an error indicating that starvation is occurring. in &lt;function&gt; at line number 393 at column number 16
	at jdk.nashorn.api.scripting.NashornScriptEngine.throwAsScriptException(NashornScriptEngine.java:470)
	at jdk.nashorn.api.scripting.NashornScriptEngine.invokeImpl(NashornScriptEngine.java:392)
	at jdk.nashorn.api.scripting.NashornScriptEngine.invokeMethod(NashornScriptEngine.java:199)
	at ptolemy.actor.lib.jjs.JavaScript._invokeMethodInContext(JavaScript.java:2193)
Caused by: &lt;function&gt;:393:16 Error: TrainableTest: The input handler of this accessor was never invoked. Usually, this is an error indicating that starvation is occurring.
	at jdk.nashorn.internal.objects.NativeError.initException(NativeError.java:137)
	at jdk.nashorn.internal.objects.NativeError.&lt;init&gt;(NativeError.java:102)
	at jdk.nashorn.internal.objects.NativeError.&lt;init&gt;(NativeError.java:106)
	at jdk.nashorn.internal.objects.NativeError.&lt;init&gt;(NativeError.java:110)
	at jdk.nashorn.internal.objects.NativeError.constructor(NativeError.java:129)
	at jdk.nashorn.internal.scripts.Script$Recompilation$6227$18508$\^function\_.L:1#wrapup(&lt;function&gt;:393)
	at jdk.nashorn.internal.scripts.Script$Recompilation$6225$30328$require.L:1#Accessor#wrapup(/home/travis/build/icyphy/ptII/ptolemy/actor/lib/jjs/external/require.js#401:30&lt;eval&gt;:673)
	at jdk.nashorn.internal.runtime.ScriptFunctionData.invoke(ScriptFunctionData.java:637)
	at jdk.nashorn.internal.runtime.ScriptFunction.invoke(ScriptFunction.java:494)
	at jdk.nashorn.internal.runtime.ScriptRuntime.apply(ScriptRuntime.java:393)
	at jdk.nashorn.api.scripting.ScriptObjectMirror.callMember(ScriptObjectMirror.java:199)
	at jdk.nashorn.api.scripting.NashornScriptEngine.invokeImpl(NashornScriptEngine.java:386)
</error>
  </testcase>
  <testcase classname="ptolemy.util.test.junit.AutoTests" name="[4] /home/travis/build/icyphy/ptII/ptolemy/actor/lib/jjs/modules/webSocket/test/auto/WebSocketClientJS.xml (RunModel)" time="21.173">
    <error type="java.lang.reflect.InvocationTargetException">java.lang.reflect.InvocationTargetException
	at java.lang.reflect.Constructor.newInstance(Constructor.java:423)
	at ptolemy.util.test.junit.AutoTests.RunModel(AutoTests.java:158)
	at junitparams.internal.InvokeParameterisedMethod.evaluate(InvokeParameterisedMethod.java:102)
Caused by: ptolemy.kernel.util.IllegalActionException: Exceptions occurred during wrapup:
ptolemy.kernel.util.IllegalActionException: Failure executing the wrapup function: Error: TrainableTest: The input handler of this accessor was never invoked. Usually, this is an error indicating that starvation is occurring. in &lt;function&gt; at line number 393 at column number 16
  in .WebSocketClientJS.TrainableTest
Because:
Error: TrainableTest: The input handler of this accessor was never invoked. Usually, this is an error indicating that starvation is occurring. in &lt;function&gt; at line number 393 at column number 16

  in .WebSocketClientJS.DE Director
Because:
Failure executing the wrapup function: Error: TrainableTest: The input handler of this accessor was never invoked. Usually, this is an error indicating that starvation is occurring. in &lt;function&gt; at line number 393 at column number 16
  in .WebSocketClientJS.TrainableTest
Because:
Error: TrainableTest: The input handler of this accessor was never invoked. Usually, this is an error indicating that starvation is occurring. in &lt;function&gt; at line number 393 at column number 16
	at ptolemy.actor.Director.wrapup(Director.java:1736)
	at ptolemy.domains.de.kernel.DEDirector.wrapup(DEDirector.java:1526)
	at ptolemy.actor.CompositeActor.wrapup(CompositeActor.java:2735)
	at ptolemy.actor.Manager.wrapup(Manager.java:1512)
	at ptolemy.actor.Manager.execute(Manager.java:407)
	at ptolemy.actor.Manager.run(Manager.java:1263)
	at ptolemy.actor.Manager$PtolemyRunThread.run(Manager.java:1915)
Caused by: ptolemy.kernel.util.IllegalActionException: Failure executing the wrapup function: Error: TrainableTest: The input handler of this accessor was never invoked. Usually, this is an error indicating that starvation is occurring. in &lt;function&gt; at line number 393 at column number 16
  in .WebSocketClientJS.TrainableTest
Because:
Error: TrainableTest: The input handler of this accessor was never invoked. Usually, this is an error indicating that starvation is occurring. in &lt;function&gt; at line number 393 at column number 16
	at ptolemy.actor.lib.jjs.JavaScript._invokeMethodInContext(JavaScript.java:2216)
	at ptolemy.actor.lib.jjs.JavaScript.wrapup(JavaScript.java:2111)
	at ptolemy.actor.Director.wrapup(Director.java:1722)
Caused by: javax.script.ScriptException: Error: TrainableTest: The input handler of this accessor was never invoked. Usually, this is an error indicating that starvation is occurring. in &lt;function&gt; at line number 393 at column number 16
	at jdk.nashorn.api.scripting.NashornScriptEngine.throwAsScriptException(NashornScriptEngine.java:470)
	at jdk.nashorn.api.scripting.NashornScriptEngine.invokeImpl(NashornScriptEngine.java:392)
	at jdk.nashorn.api.scripting.NashornScriptEngine.invokeMethod(NashornScriptEngine.java:199)
	at ptolemy.actor.lib.jjs.JavaScript._invokeMethodInContext(JavaScript.java:2193)
Caused by: &lt;function&gt;:393:16 Error: TrainableTest: The input handler of this accessor was never invoked. Usually, this is an error indicating that starvation is occurring.
	at jdk.nashorn.internal.objects.NativeError.initException(NativeError.java:137)
	at jdk.nashorn.internal.objects.NativeError.&lt;init&gt;(NativeError.java:102)
	at jdk.nashorn.internal.objects.NativeError.&lt;init&gt;(NativeError.java:106)
	at jdk.nashorn.internal.objects.NativeError.&lt;init&gt;(NativeError.java:110)
	at jdk.nashorn.internal.objects.NativeError.constructor(NativeError.java:129)
	at jdk.nashorn.internal.scripts.Script$Recompilation$7930$18508$\^function\_.L:1#wrapup(&lt;function&gt;:393)
	at jdk.nashorn.internal.scripts.Script$Recompilation$7928$30328$require.L:1#Accessor#wrapup(/home/travis/build/icyphy/ptII/ptolemy/actor/lib/jjs/external/require.js#401:30&lt;eval&gt;:673)
	at jdk.nashorn.internal.runtime.ScriptFunctionData.invoke(ScriptFunctionData.java:637)
	at jdk.nashorn.internal.runtime.ScriptFunction.invoke(ScriptFunction.java:494)
	at jdk.nashorn.internal.runtime.ScriptRuntime.apply(ScriptRuntime.java:393)
	at jdk.nashorn.api.scripting.ScriptObjectMirror.callMember(ScriptObjectMirror.java:199)
	at jdk.nashorn.api.scripting.NashornScriptEngine.invokeImpl(NashornScriptEngine.java:386)
</error>
  </testcase>
  <testcase classname="ptolemy.util.test.junit.AutoTests" name="[5] /home/travis/build/icyphy/ptII/ptolemy/actor/lib/jjs/modules/webSocket/test/auto/WebSocketSendReceive.xml (RunModel)" time="52.646" />
  <testcase classname="ptolemy.util.test.junit.AutoTests" name="[6] /home/travis/build/icyphy/ptII/ptolemy/actor/lib/jjs/modules/webSocket/test/auto/WebSocketsServerClient.xml (RunModel)" time="12.243">
    <error type="java.lang.reflect.InvocationTargetException">java.lang.reflect.InvocationTargetException
	at java.lang.reflect.Constructor.newInstance(Constructor.java:423)
	at ptolemy.util.test.junit.AutoTests.RunModel(AutoTests.java:158)
	at junitparams.internal.InvokeParameterisedMethod.evaluate(InvokeParameterisedMethod.java:102)
Caused by: ptolemy.kernel.util.IllegalActionException: Exceptions occurred during wrapup:
ptolemy.kernel.util.IllegalActionException: The test produced only 1 tokens, yet the correctValues parameter was expecting 9 tokens.
  in .WebSocketsServerClient.Test

  in .WebSocketsServerClient.DE Director
Because:
The test produced only 1 tokens, yet the correctValues parameter was expecting 9 tokens.
  in .WebSocketsServerClient.Test
	at ptolemy.actor.Director.wrapup(Director.java:1736)
	at ptolemy.domains.de.kernel.DEDirector.wrapup(DEDirector.java:1526)
	at ptolemy.actor.CompositeActor.wrapup(CompositeActor.java:2735)
	at ptolemy.actor.Manager.wrapup(Manager.java:1512)
	at ptolemy.actor.Manager.execute(Manager.java:407)
	at ptolemy.actor.Manager.run(Manager.java:1263)
	at ptolemy.actor.Manager$PtolemyRunThread.run(Manager.java:1915)
Caused by: ptolemy.kernel.util.IllegalActionException: The test produced only 1 tokens, yet the correctValues parameter was expecting 9 tokens.
  in .WebSocketsServerClient.Test
	at ptolemy.actor.lib.NonStrictTest.wrapup(NonStrictTest.java:409)
	at ptolemy.actor.Director.wrapup(Director.java:1722)
</error>
  </testcase>
  <system-out><![CDATA[No tcl tests in /home/travis/build/icyphy/ptII/ptolemy/actor/lib/jjs/modules/webSocket/test
No auto/knownFailedTests/*.xml tests in /home/travis/build/icyphy/ptII/ptolemy/actor/lib/jjs/modules/webSocket/test
No auto/*.xml tests in /home/travis/build/icyphy/ptII/ptolemy/actor/lib/jjs/modules/webSocket/test
AutoTests.java: About to close Vertx.
AutoTests.java: Vertx closed.
----------------- testing Tue Apr 10 00:27:20 UTC 2018 /home/travis/build/icyphy/ptII/ptolemy/actor/lib/jjs/modules/webSocket/test/auto/FullDuplex.xml
JSAccessor: PT_NO_NET environment variable is set, so git pull and ptdoc are not being run.
WebSocketClient3: WebSocketClient3: WebSocketClient.js: connect(): portValue: -1, which is less than 0. This could be a signal to close a previously open socket.  Returning. (Thread[FullDuplex,1,main])
WebSocketServer: WebSocketServer message(): 0, typeof message: number (Thread[FullDuplex,1,main])
WebSocketServer: WebSocketServer message(): -1, typeof message: number (Thread[FullDuplex,1,main])
WebSocketServer: WebSocketServer message(): -2, typeof message: number (Thread[FullDuplex,1,main])
WebSocketServer: WebSocketServer message(): -3, typeof message: number (Thread[FullDuplex,1,main])
WebSocketServer: WebSocketServer message(): -4, typeof message: number (Thread[FullDuplex,1,main])
WebSocketServer: WebSocketServer message(): -5, typeof message: number (Thread[FullDuplex,1,main])
WebSocketServer: WebSocketServer message(): -6, typeof message: number (Thread[FullDuplex,1,main])
WebSocketServer: WebSocketServer message(): -7, typeof message: number (Thread[FullDuplex,1,main])
WebSocketServer: WebSocketServer message(): -8, typeof message: number (Thread[FullDuplex,1,main])
WebSocketServer: WebSocketServer message(): -9, typeof message: number (Thread[FullDuplex,1,main])
WebSocketServer: WebSocketServer message(): -10, typeof message: number (Thread[FullDuplex,1,main])
WebSocketServer: WebSocketServer message(): -11, typeof message: number (Thread[FullDuplex,1,main])
WebSocketServer: WebSocketServer message(): -12, typeof message: number (Thread[FullDuplex,1,main])
WebSocketServer: WebSocketServer message(): -13, typeof message: number (Thread[FullDuplex,1,main])
WebSocketServer: WebSocketServer message(): -14, typeof message: number (Thread[FullDuplex,1,main])
WebSocketServer: WebSocketServer message(): -15, typeof message: number (Thread[FullDuplex,1,main])
WebSocketServer: WebSocketServer message(): -16, typeof message: number (Thread[FullDuplex,1,main])
WebSocketServer: WebSocketServer message(): -17, typeof message: number (Thread[FullDuplex,1,main])
WebSocketServer: WebSocketServer message(): -18, typeof message: number (Thread[FullDuplex,1,main])
WebSocketServer: WebSocketServer message(): -19, typeof message: number (Thread[FullDuplex,1,main])
WebSocketServer: WebSocketServer message(): -20, typeof message: number (Thread[FullDuplex,1,main])
WebSocketServer: WebSocketServer message(): -21, typeof message: number (Thread[FullDuplex,1,main])
WebSocketServer: WebSocketServer message(): -22, typeof message: number (Thread[FullDuplex,1,main])
WebSocketServer: WebSocketServer message(): -23, typeof message: number (Thread[FullDuplex,1,main])
WebSocketServer: WebSocketServer message(): -24, typeof message: number (Thread[FullDuplex,1,main])
WebSocketServer: WebSocketServer message(): -25, typeof message: number (Thread[FullDuplex,1,main])
WebSocketServer: WebSocketServer message(): -26, typeof message: number (Thread[FullDuplex,1,main])
WebSocketServer: WebSocketServer message(): -27, typeof message: number (Thread[FullDuplex,1,main])
WebSocketServer: WebSocketServer message(): -28, typeof message: number (Thread[FullDuplex,1,main])
WebSocketServer: WebSocketServer message(): -29, typeof message: number (Thread[FullDuplex,1,main])
WebSocketServer: WebSocketServer message(): -30, typeof message: number (Thread[FullDuplex,1,main])
WebSocketServer: WebSocketServer message(): -31, typeof message: number (Thread[FullDuplex,1,main])
WebSocketServer: WebSocketServer message(): -32, typeof message: number (Thread[FullDuplex,1,main])
WebSocketServer: WebSocketServer message(): -33, typeof message: number (Thread[FullDuplex,1,main])
WebSocketServer: WebSocketServer message(): -34, typeof message: number (Thread[FullDuplex,1,main])
WebSocketServer: WebSocketServer message(): -35, typeof message: number (Thread[FullDuplex,1,main])
WebSocketServer: WebSocketServer message(): -36, typeof message: number (Thread[FullDuplex,1,main])
WebSocketServer: WebSocketServer message(): -37, typeof message: number (Thread[FullDuplex,1,main])
WebSocketServer: WebSocketServer message(): -38, typeof message: number (Thread[FullDuplex,1,main])
WebSocketServer: WebSocketServer message(): -39, typeof message: number (Thread[FullDuplex,1,main])
WebSocketServer: WebSocketServer message(): -40, typeof message: number (Thread[FullDuplex,1,main])
WebSocketServer: WebSocketServer message(): -41, typeof message: number (Thread[FullDuplex,1,main])
WebSocketServer: WebSocketServer message(): -42, typeof message: number (Thread[FullDuplex,1,main])
WebSocketServer: WebSocketServer message(): -43, typeof message: number (Thread[FullDuplex,1,main])
WebSocketServer: WebSocketServer message(): -44, typeof message: number (Thread[FullDuplex,1,main])
WebSocketServer: WebSocketServer message(): -45, typeof message: number (Thread[FullDuplex,1,main])
WebSocketServer: WebSocketServer message(): -46, typeof message: number (Thread[FullDuplex,1,main])
WebSocketServer: WebSocketServer message(): -47, typeof message: number (Thread[FullDuplex,1,main])
WebSocketServer: WebSocketServer message(): -48, typeof message: number (Thread[FullDuplex,1,main])
WebSocketServer: WebSocketServer message(): -49, typeof message: number (Thread[FullDuplex,1,main])
WebSocketServer: WebSocketServer message(): -50, typeof message: number (Thread[FullDuplex,1,main])
WebSocketServer: WebSocketServer message(): -51, typeof message: number (Thread[FullDuplex,1,main])
WebSocketServer: WebSocketServer message(): -52, typeof message: number (Thread[FullDuplex,1,main])
WebSocketServer: WebSocketServer message(): -53, typeof message: number (Thread[FullDuplex,1,main])
WebSocketServer: WebSocketServer message(): -54, typeof message: number (Thread[FullDuplex,1,main])
WebSocketServer: WebSocketServer message(): -55, typeof message: number (Thread[FullDuplex,1,main])
WebSocketServer: WebSocketServer message(): -56, typeof message: number (Thread[FullDuplex,1,main])
WebSocketServer: WebSocketServer message(): -57, typeof message: number (Thread[FullDuplex,1,main])
WebSocketServer: WebSocketServer message(): -58, typeof message: number (Thread[FullDuplex,1,main])
WebSocketServer: WebSocketServer message(): -59, typeof message: number (Thread[FullDuplex,1,main])
WebSocketServer: WebSocketServer message(): -60, typeof message: number (Thread[FullDuplex,1,main])
WebSocketServer: WebSocketServer message(): -61, typeof message: number (Thread[FullDuplex,1,main])
WebSocketServer: WebSocketServer message(): -62, typeof message: number (Thread[FullDuplex,1,main])
WebSocketServer: WebSocketServer message(): -63, typeof message: number (Thread[FullDuplex,1,main])
WebSocketServer: WebSocketServer message(): -64, typeof message: number (Thread[FullDuplex,1,main])
WebSocketServer: WebSocketServer message(): -65, typeof message: number (Thread[FullDuplex,1,main])
WebSocketServer: WebSocketServer message(): -66, typeof message: number (Thread[FullDuplex,1,main])
WebSocketServer: WebSocketServer message(): -67, typeof message: number (Thread[FullDuplex,1,main])
WebSocketServer: WebSocketServer message(): -68, typeof message: number (Thread[FullDuplex,1,main])
WebSocketServer: WebSocketServer message(): -69, typeof message: number (Thread[FullDuplex,1,main])
WebSocketServer: WebSocketServer message(): -70, typeof message: number (Thread[FullDuplex,1,main])
WebSocketServer: WebSocketServer message(): -71, typeof message: number (Thread[FullDuplex,1,main])
WebSocketServer: WebSocketServer message(): -72, typeof message: number (Thread[FullDuplex,1,main])
WebSocketServer: WebSocketServer message(): -73, typeof message: number (Thread[FullDuplex,1,main])
WebSocketServer: WebSocketServer message(): -74, typeof message: number (Thread[FullDuplex,1,main])
WebSocketServer: WebSocketServer message(): -75, typeof message: number (Thread[FullDuplex,1,main])
WebSocketServer: WebSocketServer message(): -76, typeof message: number (Thread[FullDuplex,1,main])
WebSocketServer: WebSocketServer message(): -77, typeof message: number (Thread[FullDuplex,1,main])
WebSocketServer: WebSocketServer message(): -78, typeof message: number (Thread[FullDuplex,1,main])
WebSocketServer: WebSocketServer message(): -79, typeof message: number (Thread[FullDuplex,1,main])
WebSocketServer: WebSocketServer message(): -80, typeof message: number (Thread[FullDuplex,1,main])
WebSocketServer: WebSocketServer message(): -81, typeof message: number (Thread[FullDuplex,1,main])
WebSocketServer: WebSocketServer message(): -82, typeof message: number (Thread[FullDuplex,1,main])
WebSocketServer: WebSocketServer message(): -83, typeof message: number (Thread[FullDuplex,1,main])
WebSocketServer: WebSocketServer message(): -84, typeof message: number (Thread[FullDuplex,1,main])
WebSocketServer: WebSocketServer message(): -85, typeof message: number (Thread[FullDuplex,1,main])
WebSocketServer: WebSocketServer message(): -86, typeof message: number (Thread[FullDuplex,1,main])
WebSocketServer: WebSocketServer message(): -87, typeof message: number (Thread[FullDuplex,1,main])
WebSocketServer: WebSocketServer message(): -88, typeof message: number (Thread[FullDuplex,1,main])
WebSocketServer: WebSocketServer message(): -89, typeof message: number (Thread[FullDuplex,1,main])
WebSocketServer: WebSocketServer message(): -90, typeof message: number (Thread[FullDuplex,1,main])
WebSocketServer: WebSocketServer message(): -91, typeof message: number (Thread[FullDuplex,1,main])
WebSocketServer: WebSocketServer message(): -92, typeof message: number (Thread[FullDuplex,1,main])
WebSocketServer: WebSocketServer message(): -93, typeof message: number (Thread[FullDuplex,1,main])
WebSocketServer: WebSocketServer message(): -94, typeof message: number (Thread[FullDuplex,1,main])
WebSocketServer: WebSocketServer message(): -95, typeof message: number (Thread[FullDuplex,1,main])
WebSocketServer: WebSocketServer message(): -96, typeof message: number (Thread[FullDuplex,1,main])
WebSocketServer: WebSocketServer message(): -97, typeof message: number (Thread[FullDuplex,1,main])
WebSocketServer: WebSocketServer message(): -98, typeof message: number (Thread[FullDuplex,1,main])
WebSocketServer: WebSocketServer message(): -99, typeof message: number (Thread[FullDuplex,1,main])
WebSocketClient3: Connection closed because model is no longer running. (Thread[FullDuplex,1,main])
13201 ms. Memory: 340992K Free: 229880K (67%)
reloadAllAccessors: .FullDuplex
This is the first time that the reloadAllAccessors method has been invoked in this JVM, so the the accessors repo will be checked out or updated and JSDoc invoked. Note that running the tests may end up invoking a new JVM for each directory, so the repo may be checked out or updated and JSDoc invoked more than once when the tests are run.
----------------- Reloaded Accessors and testing again Tue Apr 10 00:27:39 UTC 2018 /home/travis/build/icyphy/ptII/ptolemy/actor/lib/jjs/modules/webSocket/test/auto/FullDuplex.xml
WebSocketClient3: WebSocketClient3: WebSocketClient.js: connect(): portValue: -1, which is less than 0. This could be a signal to close a previously open socket.  Returning. (Thread[Thread-5,5,main])
WebSocketServer: WebSocketServer message(): 0, typeof message: number (Thread[Thread-5,5,main])
WebSocketServer: WebSocketServer message(): -1, typeof message: number (Thread[Thread-5,5,main])
WebSocketServer: WebSocketServer message(): -2, typeof message: number (Thread[Thread-5,5,main])
WebSocketServer: WebSocketServer message(): -3, typeof message: number (Thread[Thread-5,5,main])
WebSocketServer: WebSocketServer message(): -4, typeof message: number (Thread[Thread-5,5,main])
WebSocketServer: WebSocketServer message(): -5, typeof message: number (Thread[Thread-5,5,main])
WebSocketServer: WebSocketServer message(): -6, typeof message: number (Thread[Thread-5,5,main])
WebSocketServer: WebSocketServer message(): -7, typeof message: number (Thread[Thread-5,5,main])
WebSocketServer: WebSocketServer message(): -8, typeof message: number (Thread[Thread-5,5,main])
WebSocketServer: WebSocketServer message(): -9, typeof message: number (Thread[Thread-5,5,main])
WebSocketServer: WebSocketServer message(): -10, typeof message: number (Thread[Thread-5,5,main])
WebSocketServer: WebSocketServer message(): -11, typeof message: number (Thread[Thread-5,5,main])
WebSocketServer: WebSocketServer message(): -12, typeof message: number (Thread[Thread-5,5,main])
WebSocketServer: WebSocketServer message(): -13, typeof message: number (Thread[Thread-5,5,main])
WebSocketServer: WebSocketServer message(): -14, typeof message: number (Thread[Thread-5,5,main])
WebSocketServer: WebSocketServer message(): -15, typeof message: number (Thread[Thread-5,5,main])
WebSocketServer: WebSocketServer message(): -16, typeof message: number (Thread[Thread-5,5,main])
WebSocketServer: WebSocketServer message(): -17, typeof message: number (Thread[Thread-5,5,main])
WebSocketServer: WebSocketServer message(): -18, typeof message: number (Thread[Thread-5,5,main])
WebSocketServer: WebSocketServer message(): -19, typeof message: number (Thread[Thread-5,5,main])
WebSocketServer: WebSocketServer message(): -20, typeof message: number (Thread[Thread-5,5,main])
WebSocketServer: WebSocketServer message(): -21, typeof message: number (Thread[Thread-5,5,main])
WebSocketServer: WebSocketServer message(): -22, typeof message: number (Thread[Thread-5,5,main])
WebSocketServer: WebSocketServer message(): -23, typeof message: number (Thread[Thread-5,5,main])
WebSocketServer: WebSocketServer message(): -24, typeof message: number (Thread[Thread-5,5,main])
WebSocketServer: WebSocketServer message(): -25, typeof message: number (Thread[Thread-5,5,main])
WebSocketServer: WebSocketServer message(): -26, typeof message: number (Thread[Thread-5,5,main])
WebSocketServer: WebSocketServer message(): -27, typeof message: number (Thread[Thread-5,5,main])
WebSocketServer: WebSocketServer message(): -28, typeof message: number (Thread[Thread-5,5,main])
WebSocketServer: WebSocketServer message(): -29, typeof message: number (Thread[Thread-5,5,main])
WebSocketServer: WebSocketServer message(): -30, typeof message: number (Thread[Thread-5,5,main])
WebSocketServer: WebSocketServer message(): -31, typeof message: number (Thread[Thread-5,5,main])
WebSocketServer: WebSocketServer message(): -32, typeof message: number (Thread[Thread-5,5,main])
WebSocketServer: WebSocketServer message(): -33, typeof message: number (Thread[Thread-5,5,main])
WebSocketServer: WebSocketServer message(): -34, typeof message: number (Thread[Thread-5,5,main])
WebSocketServer: WebSocketServer message(): -35, typeof message: number (Thread[Thread-5,5,main])
WebSocketServer: WebSocketServer message(): -36, typeof message: number (Thread[Thread-5,5,main])
WebSocketServer: WebSocketServer message(): -37, typeof message: number (Thread[Thread-5,5,main])
WebSocketServer: WebSocketServer message(): -38, typeof message: number (Thread[Thread-5,5,main])
WebSocketServer: WebSocketServer message(): -39, typeof message: number (Thread[Thread-5,5,main])
WebSocketServer: WebSocketServer message(): -40, typeof message: number (Thread[Thread-5,5,main])
WebSocketServer: WebSocketServer message(): -41, typeof message: number (Thread[Thread-5,5,main])
WebSocketServer: WebSocketServer message(): -42, typeof message: number (Thread[Thread-5,5,main])
WebSocketServer: WebSocketServer message(): -43, typeof message: number (Thread[Thread-5,5,main])
WebSocketServer: WebSocketServer message(): -44, typeof message: number (Thread[Thread-5,5,main])
WebSocketServer: WebSocketServer message(): -45, typeof message: number (Thread[Thread-5,5,main])
WebSocketServer: WebSocketServer message(): -46, typeof message: number (Thread[Thread-5,5,main])
WebSocketServer: WebSocketServer message(): -47, typeof message: number (Thread[Thread-5,5,main])
WebSocketServer: WebSocketServer message(): -48, typeof message: number (Thread[Thread-5,5,main])
WebSocketServer: WebSocketServer message(): -49, typeof message: number (Thread[Thread-5,5,main])
WebSocketServer: WebSocketServer message(): -50, typeof message: number (Thread[Thread-5,5,main])
WebSocketServer: WebSocketServer message(): -51, typeof message: number (Thread[Thread-5,5,main])
WebSocketServer: WebSocketServer message(): -52, typeof message: number (Thread[Thread-5,5,main])
WebSocketServer: WebSocketServer message(): -53, typeof message: number (Thread[Thread-5,5,main])
WebSocketServer: WebSocketServer message(): -54, typeof message: number (Thread[Thread-5,5,main])
WebSocketServer: WebSocketServer message(): -55, typeof message: number (Thread[Thread-5,5,main])
WebSocketServer: WebSocketServer message(): -56, typeof message: number (Thread[Thread-5,5,main])
WebSocketServer: WebSocketServer message(): -57, typeof message: number (Thread[Thread-5,5,main])
WebSocketServer: WebSocketServer message(): -58, typeof message: number (Thread[Thread-5,5,main])
WebSocketServer: WebSocketServer message(): -59, typeof message: number (Thread[Thread-5,5,main])
WebSocketServer: WebSocketServer message(): -60, typeof message: number (Thread[Thread-5,5,main])
WebSocketServer: WebSocketServer message(): -61, typeof message: number (Thread[Thread-5,5,main])
WebSocketServer: WebSocketServer message(): -62, typeof message: number (Thread[Thread-5,5,main])
WebSocketServer: WebSocketServer message(): -63, typeof message: number (Thread[Thread-5,5,main])
WebSocketServer: WebSocketServer message(): -64, typeof message: number (Thread[Thread-5,5,main])
WebSocketServer: WebSocketServer message(): -65, typeof message: number (Thread[Thread-5,5,main])
WebSocketServer: WebSocketServer message(): -66, typeof message: number (Thread[Thread-5,5,main])
WebSocketServer: WebSocketServer message(): -67, typeof message: number (Thread[Thread-5,5,main])
WebSocketServer: WebSocketServer message(): -68, typeof message: number (Thread[Thread-5,5,main])
WebSocketServer: WebSocketServer message(): -69, typeof message: number (Thread[Thread-5,5,main])
WebSocketServer: WebSocketServer message(): -70, typeof message: number (Thread[Thread-5,5,main])
WebSocketServer: WebSocketServer message(): -71, typeof message: number (Thread[Thread-5,5,main])
WebSocketServer: WebSocketServer message(): -72, typeof message: number (Thread[Thread-5,5,main])
WebSocketServer: WebSocketServer message(): -73, typeof message: number (Thread[Thread-5,5,main])
WebSocketServer: WebSocketServer message(): -74, typeof message: number (Thread[Thread-5,5,main])
WebSocketServer: WebSocketServer message(): -75, typeof message: number (Thread[Thread-5,5,main])
WebSocketServer: WebSocketServer message(): -76, typeof message: number (Thread[Thread-5,5,main])
WebSocketServer: WebSocketServer message(): -77, typeof message: number (Thread[Thread-5,5,main])
WebSocketServer: WebSocketServer message(): -78, typeof message: number (Thread[Thread-5,5,main])
WebSocketServer: WebSocketServer message(): -79, typeof message: number (Thread[Thread-5,5,main])
WebSocketServer: WebSocketServer message(): -80, typeof message: number (Thread[Thread-5,5,main])
WebSocketServer: WebSocketServer message(): -81, typeof message: number (Thread[Thread-5,5,main])
WebSocketServer: WebSocketServer message(): -82, typeof message: number (Thread[Thread-5,5,main])
WebSocketServer: WebSocketServer message(): -83, typeof message: number (Thread[Thread-5,5,main])
WebSocketServer: WebSocketServer message(): -84, typeof message: number (Thread[Thread-5,5,main])
WebSocketServer: WebSocketServer message(): -85, typeof message: number (Thread[Thread-5,5,main])
WebSocketServer: WebSocketServer message(): -86, typeof message: number (Thread[Thread-5,5,main])
WebSocketServer: WebSocketServer message(): -87, typeof message: number (Thread[Thread-5,5,main])
WebSocketServer: WebSocketServer message(): -88, typeof message: number (Thread[Thread-5,5,main])
WebSocketServer: WebSocketServer message(): -89, typeof message: number (Thread[Thread-5,5,main])
WebSocketServer: WebSocketServer message(): -90, typeof message: number (Thread[Thread-5,5,main])
WebSocketServer: WebSocketServer message(): -91, typeof message: number (Thread[Thread-5,5,main])
WebSocketServer: WebSocketServer message(): -92, typeof message: number (Thread[Thread-5,5,main])
WebSocketServer: WebSocketServer message(): -93, typeof message: number (Thread[Thread-5,5,main])
WebSocketServer: WebSocketServer message(): -94, typeof message: number (Thread[Thread-5,5,main])
WebSocketServer: WebSocketServer message(): -95, typeof message: number (Thread[Thread-5,5,main])
WebSocketServer: WebSocketServer message(): -96, typeof message: number (Thread[Thread-5,5,main])
WebSocketServer: WebSocketServer message(): -97, typeof message: number (Thread[Thread-5,5,main])
WebSocketServer: WebSocketServer message(): -98, typeof message: number (Thread[Thread-5,5,main])
WebSocketServer: WebSocketServer message(): -99, typeof message: number (Thread[Thread-5,5,main])
WebSocketClient3: Connection closed because model is no longer running. (Thread[Thread-5,5,main])
12481 ms. Memory: 449024K Free: 198141K (44%)
----------------- testing Tue Apr 10 00:27:51 UTC 2018 /home/travis/build/icyphy/ptII/ptolemy/actor/lib/jjs/modules/webSocket/test/auto/FullDuplex2.xml
WebSocketClient3: Connection closed because model is no longer running. (Thread[FullDuplex2,1,main])
497825 ms. Memory: 639488K Free: 490542K (77%)
----------------- testing Tue Apr 10 00:36:11 UTC 2018 /home/travis/build/icyphy/ptII/ptolemy/actor/lib/jjs/modules/webSocket/test/auto/WebSocketClient2JS.xml
WebSocketClient: Connection closed because model is no longer running. (Thread[WebSocketClient2JS,1,main])
8691 ms. Memory: 705024K Free: 152455K (22%)
reloadAllAccessors: .WebSocketClient2JS
----------------- Reloaded Accessors and testing again Tue Apr 10 00:36:23 UTC 2018 /home/travis/build/icyphy/ptII/ptolemy/actor/lib/jjs/modules/webSocket/test/auto/WebSocketClient2JS.xml
WebSocketClient: Connection closed because model is no longer running. (Thread[Thread-14,5,main])
8471 ms. Memory: 731136K Free: 159704K (22%)
----------------- testing Tue Apr 10 00:36:31 UTC 2018 /home/travis/build/icyphy/ptII/ptolemy/actor/lib/jjs/modules/webSocket/test/auto/WebSocketClient3JS.xml
WebSocketClient: Connection failed. Will try again: Connection refused: localhost/127.0.0.1:8183/nConnection refused (Thread[vert.x-eventloop-thread-3,1,main])
WebSocketClient: Connection failed. Will try again: Connection refused: localhost/127.0.0.1:8183/nConnection refused (Thread[vert.x-eventloop-thread-3,1,main])
WebSocketClient: Connection failed. Will try again: Connection refused: localhost/127.0.0.1:8183/nConnection refused (Thread[vert.x-eventloop-thread-3,1,main])
WebSocketClient: Connection failed. Will try again: Connection refused: localhost/127.0.0.1:8183/nConnection refused (Thread[vert.x-eventloop-thread-3,1,main])
WebSocketClient: Connection failed. Will try again: Connection refused: localhost/127.0.0.1:8183/nConnection refused (Thread[vert.x-eventloop-thread-3,1,main])
WebSocketClient: undefined: WebSocketClient.js: Error: Connection failed after 6 tries: Connection refused: localhost/127.0.0.1:8183/nConnection refused (Thread[vert.x-eventloop-thread-3,1,main])
WebSocketClient: Connection closed because model is no longer running. (Thread[WebSocketClient3JS,1,main])
19581 ms. Memory: 781824K Free: 400532K (51%)
----------------- testing Tue Apr 10 00:36:53 UTC 2018 /home/travis/build/icyphy/ptII/ptolemy/actor/lib/jjs/modules/webSocket/test/auto/WebSocketClientJS.xml
WebSocketClient: Connection closed because model is no longer running. (Thread[WebSocketClientJS,1,main])
19126 ms. Memory: 817664K Free: 346236K (42%)
----------------- testing Tue Apr 10 00:37:14 UTC 2018 /home/travis/build/icyphy/ptII/ptolemy/actor/lib/jjs/modules/webSocket/test/auto/WebSocketSendReceive.xml
WebSocketClient: Connection failed. Will try again: Connection refused: localhost/127.0.0.1:8184/nConnection refused (Thread[vert.x-eventloop-thread-3,1,main])
TextDisplayHelper: '0123456789'
WebSocketServer: WebSocketServer message(): abcdefg, typeof message: string (Thread[WebSocketSendReceive,1,main])
TextDisplayHelper: { message: 'abcdefg', socketID: 0 }
WebSocketClient: Connection closed because model is no longer running. (Thread[WebSocketSendReceive,1,main])
JavaScriptDelay: JavaScriptDelay.wrapup() (Thread[WebSocketSendReceive,1,main])
JavaScriptTrueToken: JavaScriptTrueToken.wrapup() (Thread[WebSocketSendReceive,1,main])
23033 ms. Memory: 868864K Free: 315279K (36%)
reloadAllAccessors: .WebSocketSendReceive
----------------- Reloaded Accessors and testing again Tue Apr 10 00:37:44 UTC 2018 /home/travis/build/icyphy/ptII/ptolemy/actor/lib/jjs/modules/webSocket/test/auto/WebSocketSendReceive.xml
WebSocketClient: Connection failed. Will try again: Connection refused: localhost/127.0.0.1:8184/nConnection refused (Thread[vert.x-eventloop-thread-3,1,main])
TextDisplayHelper: '0123456789'
WebSocketServer: WebSocketServer message(): abcdefg, typeof message: string (Thread[Thread-24,5,main])
TextDisplayHelper: { message: 'abcdefg', socketID: 0 }
WebSocketClient: Connection closed because model is no longer running. (Thread[Thread-24,5,main])
JavaScriptDelay: JavaScriptDelay.wrapup() (Thread[Thread-24,5,main])
JavaScriptTrueToken: JavaScriptTrueToken.wrapup() (Thread[Thread-24,5,main])
23104 ms. Memory: 906752K Free: 247317K (27%)
----------------- testing Tue Apr 10 00:38:07 UTC 2018 /home/travis/build/icyphy/ptII/ptolemy/actor/lib/jjs/modules/webSocket/test/auto/WebSocketsServerClient.xml
WSClient: Connection closed because model is no longer running. (Thread[WebSocketsServerClient,1,main])
11501 ms. Memory: 906240K Free: 583272K (64%)
AutoTests.java: About to close Vertx.
AutoTests.java: Vertx closed.
]]></system-out>
  <system-err><![CDATA[WARNING: WebSocketServer: Model stopped before executing actions (e.g. producing outputs) scheduled for execution at times [10.047, 10.048]
WARNING: WebSocketServer: Model stopped before executing actions (e.g. producing outputs) scheduled for execution at times [10.017000000000001, 10.014000000000001]
java.lang.RuntimeException: Execution failed
	at ptolemy.moml.MoMLSimpleApplication$UnloadThread.run(MoMLSimpleApplication.java:402)
Caused by: ptolemy.kernel.util.IllegalActionException: Exceptions occurred during wrapup:
ptolemy.kernel.util.IllegalActionException: The fire() method of this actor was never called. Usually, this is an error indicating that starvation is occurring.
  in .FullDuplex2.Test
ptolemy.kernel.util.IllegalActionException: The fire() method of this actor was never called. Usually, this is an error indicating that starvation is occurring.
  in .FullDuplex2.Test2

  in .FullDuplex2.DE Director
Because:
The fire() method of this actor was never called. Usually, this is an error indicating that starvation is occurring.
  in .FullDuplex2.Test
	at ptolemy.actor.Director.wrapup(Director.java:1736)
	at ptolemy.domains.de.kernel.DEDirector.wrapup(DEDirector.java:1526)
	at ptolemy.actor.CompositeActor.wrapup(CompositeActor.java:2735)
	at ptolemy.actor.Manager.wrapup(Manager.java:1512)
	at ptolemy.actor.Manager.execute(Manager.java:407)
	at ptolemy.actor.Manager.run(Manager.java:1263)
	at ptolemy.actor.Manager$PtolemyRunThread.run(Manager.java:1915)
Caused by: ptolemy.kernel.util.IllegalActionException: The fire() method of this actor was never called. Usually, this is an error indicating that starvation is occurring.
  in .FullDuplex2.Test
	at ptolemy.actor.lib.NonStrictTest.wrapup(NonStrictTest.java:393)
	at ptolemy.actor.Director.wrapup(Director.java:1722)
	... 6 more
java.lang.RuntimeException: Execution failed
	at ptolemy.moml.MoMLSimpleApplication$UnloadThread.run(MoMLSimpleApplication.java:402)
Caused by: ptolemy.kernel.util.IllegalActionException: Exceptions occurred during wrapup:
ptolemy.kernel.util.IllegalActionException: Failure executing the wrapup function: Error: TrainableTest: The input handler of this accessor was never invoked. Usually, this is an error indicating that starvation is occurring. in <function> at line number 393 at column number 16
  in .WebSocketClient3JS.TrainableTest
Because:
Error: TrainableTest: The input handler of this accessor was never invoked. Usually, this is an error indicating that starvation is occurring. in <function> at line number 393 at column number 16

  in .WebSocketClient3JS.DE Director
Because:
Failure executing the wrapup function: Error: TrainableTest: The input handler of this accessor was never invoked. Usually, this is an error indicating that starvation is occurring. in <function> at line number 393 at column number 16
  in .WebSocketClient3JS.TrainableTest
Because:
Error: TrainableTest: The input handler of this accessor was never invoked. Usually, this is an error indicating that starvation is occurring. in <function> at line number 393 at column number 16
	at ptolemy.actor.Director.wrapup(Director.java:1736)
	at ptolemy.domains.de.kernel.DEDirector.wrapup(DEDirector.java:1526)
	at ptolemy.actor.CompositeActor.wrapup(CompositeActor.java:2735)
	at ptolemy.actor.Manager.wrapup(Manager.java:1512)
	at ptolemy.actor.Manager.execute(Manager.java:407)
	at ptolemy.actor.Manager.run(Manager.java:1263)
	at ptolemy.actor.Manager$PtolemyRunThread.run(Manager.java:1915)
Caused by: ptolemy.kernel.util.IllegalActionException: Failure executing the wrapup function: Error: TrainableTest: The input handler of this accessor was never invoked. Usually, this is an error indicating that starvation is occurring. in <function> at line number 393 at column number 16
  in .WebSocketClient3JS.TrainableTest
Because:
Error: TrainableTest: The input handler of this accessor was never invoked. Usually, this is an error indicating that starvation is occurring. in <function> at line number 393 at column number 16
	at ptolemy.actor.lib.jjs.JavaScript._invokeMethodInContext(JavaScript.java:2216)
	at ptolemy.actor.lib.jjs.JavaScript.wrapup(JavaScript.java:2111)
	at ptolemy.actor.Director.wrapup(Director.java:1722)
	... 6 more
Caused by: javax.script.ScriptException: Error: TrainableTest: The input handler of this accessor was never invoked. Usually, this is an error indicating that starvation is occurring. in <function> at line number 393 at column number 16
	at jdk.nashorn.api.scripting.NashornScriptEngine.throwAsScriptException(NashornScriptEngine.java:470)
	at jdk.nashorn.api.scripting.NashornScriptEngine.invokeImpl(NashornScriptEngine.java:392)
	at jdk.nashorn.api.scripting.NashornScriptEngine.invokeMethod(NashornScriptEngine.java:199)
	at ptolemy.actor.lib.jjs.JavaScript._invokeMethodInContext(JavaScript.java:2193)
	... 8 more
Caused by: <function>:393:16 Error: TrainableTest: The input handler of this accessor was never invoked. Usually, this is an error indicating that starvation is occurring.
	at jdk.nashorn.internal.objects.NativeError.initException(NativeError.java:137)
	at jdk.nashorn.internal.objects.NativeError.<init>(NativeError.java:102)
	at jdk.nashorn.internal.objects.NativeError.<init>(NativeError.java:106)
	at jdk.nashorn.internal.objects.NativeError.<init>(NativeError.java:110)
	at jdk.nashorn.internal.objects.NativeError.constructor(NativeError.java:129)
	at jdk.nashorn.internal.scripts.Script$Recompilation$6227$18508$\^function\_.L:1#wrapup(<function>:393)
	at jdk.nashorn.internal.scripts.Script$Recompilation$6225$30328$require.L:1#Accessor#wrapup(/home/travis/build/icyphy/ptII/ptolemy/actor/lib/jjs/external/require.js#401:30<eval>:673)
	at jdk.nashorn.internal.runtime.ScriptFunctionData.invoke(ScriptFunctionData.java:637)
	at jdk.nashorn.internal.runtime.ScriptFunction.invoke(ScriptFunction.java:494)
	at jdk.nashorn.internal.runtime.ScriptRuntime.apply(ScriptRuntime.java:393)
	at jdk.nashorn.api.scripting.ScriptObjectMirror.callMember(ScriptObjectMirror.java:199)
	at jdk.nashorn.api.scripting.NashornScriptEngine.invokeImpl(NashornScriptEngine.java:386)
	... 10 more
java.lang.RuntimeException: Execution failed
	at ptolemy.moml.MoMLSimpleApplication$UnloadThread.run(MoMLSimpleApplication.java:402)
Caused by: ptolemy.kernel.util.IllegalActionException: Exceptions occurred during wrapup:
ptolemy.kernel.util.IllegalActionException: Failure executing the wrapup function: Error: TrainableTest: The input handler of this accessor was never invoked. Usually, this is an error indicating that starvation is occurring. in <function> at line number 393 at column number 16
  in .WebSocketClientJS.TrainableTest
Because:
Error: TrainableTest: The input handler of this accessor was never invoked. Usually, this is an error indicating that starvation is occurring. in <function> at line number 393 at column number 16

  in .WebSocketClientJS.DE Director
Because:
Failure executing the wrapup function: Error: TrainableTest: The input handler of this accessor was never invoked. Usually, this is an error indicating that starvation is occurring. in <function> at line number 393 at column number 16
  in .WebSocketClientJS.TrainableTest
Because:
Error: TrainableTest: The input handler of this accessor was never invoked. Usually, this is an error indicating that starvation is occurring. in <function> at line number 393 at column number 16
	at ptolemy.actor.Director.wrapup(Director.java:1736)
	at ptolemy.domains.de.kernel.DEDirector.wrapup(DEDirector.java:1526)
	at ptolemy.actor.CompositeActor.wrapup(CompositeActor.java:2735)
	at ptolemy.actor.Manager.wrapup(Manager.java:1512)
	at ptolemy.actor.Manager.execute(Manager.java:407)
	at ptolemy.actor.Manager.run(Manager.java:1263)
	at ptolemy.actor.Manager$PtolemyRunThread.run(Manager.java:1915)
Caused by: ptolemy.kernel.util.IllegalActionException: Failure executing the wrapup function: Error: TrainableTest: The input handler of this accessor was never invoked. Usually, this is an error indicating that starvation is occurring. in <function> at line number 393 at column number 16
  in .WebSocketClientJS.TrainableTest
Because:
Error: TrainableTest: The input handler of this accessor was never invoked. Usually, this is an error indicating that starvation is occurring. in <function> at line number 393 at column number 16
	at ptolemy.actor.lib.jjs.JavaScript._invokeMethodInContext(JavaScript.java:2216)
	at ptolemy.actor.lib.jjs.JavaScript.wrapup(JavaScript.java:2111)
	at ptolemy.actor.Director.wrapup(Director.java:1722)
	... 6 more
Caused by: javax.script.ScriptException: Error: TrainableTest: The input handler of this accessor was never invoked. Usually, this is an error indicating that starvation is occurring. in <function> at line number 393 at column number 16
	at jdk.nashorn.api.scripting.NashornScriptEngine.throwAsScriptException(NashornScriptEngine.java:470)
	at jdk.nashorn.api.scripting.NashornScriptEngine.invokeImpl(NashornScriptEngine.java:392)
	at jdk.nashorn.api.scripting.NashornScriptEngine.invokeMethod(NashornScriptEngine.java:199)
	at ptolemy.actor.lib.jjs.JavaScript._invokeMethodInContext(JavaScript.java:2193)
	... 8 more
Caused by: <function>:393:16 Error: TrainableTest: The input handler of this accessor was never invoked. Usually, this is an error indicating that starvation is occurring.
	at jdk.nashorn.internal.objects.NativeError.initException(NativeError.java:137)
	at jdk.nashorn.internal.objects.NativeError.<init>(NativeError.java:102)
	at jdk.nashorn.internal.objects.NativeError.<init>(NativeError.java:106)
	at jdk.nashorn.internal.objects.NativeError.<init>(NativeError.java:110)
	at jdk.nashorn.internal.objects.NativeError.constructor(NativeError.java:129)
	at jdk.nashorn.internal.scripts.Script$Recompilation$7930$18508$\^function\_.L:1#wrapup(<function>:393)
	at jdk.nashorn.internal.scripts.Script$Recompilation$7928$30328$require.L:1#Accessor#wrapup(/home/travis/build/icyphy/ptII/ptolemy/actor/lib/jjs/external/require.js#401:30<eval>:673)
	at jdk.nashorn.internal.runtime.ScriptFunctionData.invoke(ScriptFunctionData.java:637)
	at jdk.nashorn.internal.runtime.ScriptFunction.invoke(ScriptFunction.java:494)
	at jdk.nashorn.internal.runtime.ScriptRuntime.apply(ScriptRuntime.java:393)
	at jdk.nashorn.api.scripting.ScriptObjectMirror.callMember(ScriptObjectMirror.java:199)
	at jdk.nashorn.api.scripting.NashornScriptEngine.invokeImpl(NashornScriptEngine.java:386)
	... 10 more
WARNING: WebSocketServer: Model stopped before executing actions (e.g. producing outputs) scheduled for execution at times [15.026]
WARNING: WebSocketServer: Model stopped before executing actions (e.g. producing outputs) scheduled for execution at times [15.022, 15.023]
java.lang.RuntimeException: Execution failed
	at ptolemy.moml.MoMLSimpleApplication$UnloadThread.run(MoMLSimpleApplication.java:402)
Caused by: ptolemy.kernel.util.IllegalActionException: Exceptions occurred during wrapup:
ptolemy.kernel.util.IllegalActionException: The test produced only 1 tokens, yet the correctValues parameter was expecting 9 tokens.
  in .WebSocketsServerClient.Test

  in .WebSocketsServerClient.DE Director
Because:
The test produced only 1 tokens, yet the correctValues parameter was expecting 9 tokens.
  in .WebSocketsServerClient.Test
	at ptolemy.actor.Director.wrapup(Director.java:1736)
	at ptolemy.domains.de.kernel.DEDirector.wrapup(DEDirector.java:1526)
	at ptolemy.actor.CompositeActor.wrapup(CompositeActor.java:2735)
	at ptolemy.actor.Manager.wrapup(Manager.java:1512)
	at ptolemy.actor.Manager.execute(Manager.java:407)
	at ptolemy.actor.Manager.run(Manager.java:1263)
	at ptolemy.actor.Manager$PtolemyRunThread.run(Manager.java:1915)
Caused by: ptolemy.kernel.util.IllegalActionException: The test produced only 1 tokens, yet the correctValues parameter was expecting 9 tokens.
  in .WebSocketsServerClient.Test
	at ptolemy.actor.lib.NonStrictTest.wrapup(NonStrictTest.java:409)
	at ptolemy.actor.Director.wrapup(Director.java:1722)
	... 6 more
]]></system-err>
</testsuite>
