<?xml version="1.0" encoding="UTF-8" ?>
<testsuite errors="0" failures="0" hostname="travis-job-6c0cc67c-dd87-4d24-af99-77fb6b105fbb" name="ptolemy.domains.modal.test.junit.JUnitTclTest" skipped="0" tests="148" time="13.777" timestamp="2018-05-27T01:22:00">
  <properties>
[...]
</properties>
  <testcase classname="ptolemy.util.test.junit.TclTests" name="[0] /home/travis/build/icyphy/ptII/ptolemy/domains/modal/test/SystemLevelType.tcl (RunTclFile)" time="2.312" />
  <testcase classname="ptolemy.util.test.junit.AutoKnownFailedTests" name="[0] /home/travis/build/icyphy/ptII/ptolemy/domains/modal/test/auto/knownFailedTests/CannotAnalysisWithPreemption.xml (RunModel)" time="0.166" />
  <testcase classname="ptolemy.util.test.junit.AutoNameArchTests" name="[0] ThereAreNoAutoTests (RunModel)" time="0.0" />
  <testcase classname="ptolemy.util.test.junit.AutoTests" name="[0] /home/travis/build/icyphy/ptII/ptolemy/domains/modal/test/auto/ABPTest.xml (RunModel)" time="1.068" />
  <testcase classname="ptolemy.util.test.junit.AutoTests" name="[1] /home/travis/build/icyphy/ptII/ptolemy/domains/modal/test/auto/ABROFlat.xml (RunModel)" time="0.102" />
  <testcase classname="ptolemy.util.test.junit.AutoTests" name="[2] /home/travis/build/icyphy/ptII/ptolemy/domains/modal/test/auto/ABROFlat2.xml (RunModel)" time="0.144" />
  <testcase classname="ptolemy.util.test.junit.AutoTests" name="[3] /home/travis/build/icyphy/ptII/ptolemy/domains/modal/test/auto/ABRO_present_hmm.xml (RunModel)" time="0.229" />
  <testcase classname="ptolemy.util.test.junit.AutoTests" name="[4] /home/travis/build/icyphy/ptII/ptolemy/domains/modal/test/auto/AMICoderExample.xml (RunModel)" time="0.076" />
  <testcase classname="ptolemy.util.test.junit.AutoTests" name="[5] /home/travis/build/icyphy/ptII/ptolemy/domains/modal/test/auto/AbsentToPresent.xml (RunModel)" time="0.029" />
  <testcase classname="ptolemy.util.test.junit.AutoTests" name="[6] /home/travis/build/icyphy/ptII/ptolemy/domains/modal/test/auto/Blending.xml (RunModel)" time="0.321" />
  <testcase classname="ptolemy.util.test.junit.AutoTests" name="[7] /home/travis/build/icyphy/ptII/ptolemy/domains/modal/test/auto/Broadcast.xml (RunModel)" time="0.07" />
  <testcase classname="ptolemy.util.test.junit.AutoTests" name="[8] /home/travis/build/icyphy/ptII/ptolemy/domains/modal/test/auto/BroadcastHierarchy.xml (RunModel)" time="0.088" />
  <testcase classname="ptolemy.util.test.junit.AutoTests" name="[9] /home/travis/build/icyphy/ptII/ptolemy/domains/modal/test/auto/BroadcastHierarchy2.xml (RunModel)" time="0.181" />
  <testcase classname="ptolemy.util.test.junit.AutoTests" name="[10] /home/travis/build/icyphy/ptII/ptolemy/domains/modal/test/auto/BroadcastHierarchy3.xml (RunModel)" time="0.122" />
  <testcase classname="ptolemy.util.test.junit.AutoTests" name="[11] /home/travis/build/icyphy/ptII/ptolemy/domains/modal/test/auto/BroadcastHierarchy4.xml (RunModel)" time="0.141" />
  <testcase classname="ptolemy.util.test.junit.AutoTests" name="[12] /home/travis/build/icyphy/ptII/ptolemy/domains/modal/test/auto/CannotAnalysisWithPreemption2.xml (RunModel)" time="0.057" />
  <testcase classname="ptolemy.util.test.junit.AutoTests" name="[13] /home/travis/build/icyphy/ptII/ptolemy/domains/modal/test/auto/CannotAnalysisWithPreemption3.xml (RunModel)" time="0.05" />
  <testcase classname="ptolemy.util.test.junit.AutoTests" name="[14] /home/travis/build/icyphy/ptII/ptolemy/domains/modal/test/auto/CannotProduce.xml (RunModel)" time="0.043" />
  <testcase classname="ptolemy.util.test.junit.AutoTests" name="[15] /home/travis/build/icyphy/ptII/ptolemy/domains/modal/test/auto/CannotProduceModal.xml (RunModel)" time="0.044" />
  <testcase classname="ptolemy.util.test.junit.AutoTests" name="[16] /home/travis/build/icyphy/ptII/ptolemy/domains/modal/test/auto/Case.xml (RunModel)" time="0.085" />
  <testcase classname="ptolemy.util.test.junit.AutoTests" name="[17] /home/travis/build/icyphy/ptII/ptolemy/domains/modal/test/auto/Case1.xml (RunModel)" time="0.036" />
  <testcase classname="ptolemy.util.test.junit.AutoTests" name="[18] /home/travis/build/icyphy/ptII/ptolemy/domains/modal/test/auto/Case2.xml (RunModel)" time="0.097" />
  <testcase classname="ptolemy.util.test.junit.AutoTests" name="[19] /home/travis/build/icyphy/ptII/ptolemy/domains/modal/test/auto/CausalityInterface1.xml (RunModel)" time="0.046" />
  <testcase classname="ptolemy.util.test.junit.AutoTests" name="[20] /home/travis/build/icyphy/ptII/ptolemy/domains/modal/test/auto/CausalityInterface10.xml (RunModel)" time="0.085" />
  <testcase classname="ptolemy.util.test.junit.AutoTests" name="[21] /home/travis/build/icyphy/ptII/ptolemy/domains/modal/test/auto/CausalityInterface11.xml (RunModel)" time="0.076" />
  <testcase classname="ptolemy.util.test.junit.AutoTests" name="[22] /home/travis/build/icyphy/ptII/ptolemy/domains/modal/test/auto/CausalityInterface12.xml (RunModel)" time="0.068" />
  <testcase classname="ptolemy.util.test.junit.AutoTests" name="[23] /home/travis/build/icyphy/ptII/ptolemy/domains/modal/test/auto/CausalityInterface13.xml (RunModel)" time="0.083" />
  <testcase classname="ptolemy.util.test.junit.AutoTests" name="[24] /home/travis/build/icyphy/ptII/ptolemy/domains/modal/test/auto/CausalityInterface14.xml (RunModel)" time="0.069" />
  <testcase classname="ptolemy.util.test.junit.AutoTests" name="[25] /home/travis/build/icyphy/ptII/ptolemy/domains/modal/test/auto/CausalityInterface2.xml (RunModel)" time="0.026" />
  <testcase classname="ptolemy.util.test.junit.AutoTests" name="[26] /home/travis/build/icyphy/ptII/ptolemy/domains/modal/test/auto/CausalityInterface3.xml (RunModel)" time="0.026" />
  <testcase classname="ptolemy.util.test.junit.AutoTests" name="[27] /home/travis/build/icyphy/ptII/ptolemy/domains/modal/test/auto/CausalityInterface4.xml (RunModel)" time="0.025" />
  <testcase classname="ptolemy.util.test.junit.AutoTests" name="[28] /home/travis/build/icyphy/ptII/ptolemy/domains/modal/test/auto/CausalityInterface5.xml (RunModel)" time="0.033" />
  <testcase classname="ptolemy.util.test.junit.AutoTests" name="[29] /home/travis/build/icyphy/ptII/ptolemy/domains/modal/test/auto/CausalityInterface6.xml (RunModel)" time="0.035" />
  <testcase classname="ptolemy.util.test.junit.AutoTests" name="[30] /home/travis/build/icyphy/ptII/ptolemy/domains/modal/test/auto/CausalityInterface7.xml (RunModel)" time="0.033" />
  <testcase classname="ptolemy.util.test.junit.AutoTests" name="[31] /home/travis/build/icyphy/ptII/ptolemy/domains/modal/test/auto/CausalityInterface8.xml (RunModel)" time="0.033" />
  <testcase classname="ptolemy.util.test.junit.AutoTests" name="[32] /home/travis/build/icyphy/ptII/ptolemy/domains/modal/test/auto/CausalityInterface9.xml (RunModel)" time="0.043" />
  <testcase classname="ptolemy.util.test.junit.AutoTests" name="[33] /home/travis/build/icyphy/ptII/ptolemy/domains/modal/test/auto/ChainedTransitions.xml (RunModel)" time="0.214" />
  <testcase classname="ptolemy.util.test.junit.AutoTests" name="[34] /home/travis/build/icyphy/ptII/ptolemy/domains/modal/test/auto/CycleOfImmediateTransitionsFSM.xml (RunModel)" time="0.029" />
  <testcase classname="ptolemy.util.test.junit.AutoTests" name="[35] /home/travis/build/icyphy/ptII/ptolemy/domains/modal/test/auto/CycleOfImmediateTransitionsModal.xml (RunModel)" time="0.031" />
  <testcase classname="ptolemy.util.test.junit.AutoTests" name="[36] /home/travis/build/icyphy/ptII/ptolemy/domains/modal/test/auto/CycleOfImmediateTransitionsModal2.xml (RunModel)" time="0.041" />
  <testcase classname="ptolemy.util.test.junit.AutoTests" name="[37] /home/travis/build/icyphy/ptII/ptolemy/domains/modal/test/auto/CycleOfImmediateTransitionsModal3.xml (RunModel)" time="0.11" />
  <testcase classname="ptolemy.util.test.junit.AutoTests" name="[38] /home/travis/build/icyphy/ptII/ptolemy/domains/modal/test/auto/DeepModal1.xml (RunModel)" time="0.098" />
  <testcase classname="ptolemy.util.test.junit.AutoTests" name="[39] /home/travis/build/icyphy/ptII/ptolemy/domains/modal/test/auto/DeepModal2.xml (RunModel)" time="0.097" />
  <testcase classname="ptolemy.util.test.junit.AutoTests" name="[40] /home/travis/build/icyphy/ptII/ptolemy/domains/modal/test/auto/DeepModal3.xml (RunModel)" time="0.1" />
  <testcase classname="ptolemy.util.test.junit.AutoTests" name="[41] /home/travis/build/icyphy/ptII/ptolemy/domains/modal/test/auto/DeepModal4.xml (RunModel)" time="0.097" />
  <testcase classname="ptolemy.util.test.junit.AutoTests" name="[42] /home/travis/build/icyphy/ptII/ptolemy/domains/modal/test/auto/Default1.xml (RunModel)" time="0.025" />
  <testcase classname="ptolemy.util.test.junit.AutoTests" name="[43] /home/travis/build/icyphy/ptII/ptolemy/domains/modal/test/auto/Default2.xml (RunModel)" time="0.019" />
  <testcase classname="ptolemy.util.test.junit.AutoTests" name="[44] /home/travis/build/icyphy/ptII/ptolemy/domains/modal/test/auto/Default3.xml (RunModel)" time="0.022" />
  <testcase classname="ptolemy.util.test.junit.AutoTests" name="[45] /home/travis/build/icyphy/ptII/ptolemy/domains/modal/test/auto/Default4.xml (RunModel)" time="0.021" />
  <testcase classname="ptolemy.util.test.junit.AutoTests" name="[46] /home/travis/build/icyphy/ptII/ptolemy/domains/modal/test/auto/Default5.xml (RunModel)" time="0.05" />
  <testcase classname="ptolemy.util.test.junit.AutoTests" name="[47] /home/travis/build/icyphy/ptII/ptolemy/domains/modal/test/auto/EmptyGuard.xml (RunModel)" time="0.03" />
  <testcase classname="ptolemy.util.test.junit.AutoTests" name="[48] /home/travis/build/icyphy/ptII/ptolemy/domains/modal/test/auto/ErrorTransition1.xml (RunModel)" time="0.031" />
  <testcase classname="ptolemy.util.test.junit.AutoTests" name="[49] /home/travis/build/icyphy/ptII/ptolemy/domains/modal/test/auto/ErrorTransition10.xml (RunModel)" time="0.048" />
  <testcase classname="ptolemy.util.test.junit.AutoTests" name="[50] /home/travis/build/icyphy/ptII/ptolemy/domains/modal/test/auto/ErrorTransition11.xml (RunModel)" time="0.05" />
  <testcase classname="ptolemy.util.test.junit.AutoTests" name="[51] /home/travis/build/icyphy/ptII/ptolemy/domains/modal/test/auto/ErrorTransition2.xml (RunModel)" time="0.036" />
  <testcase classname="ptolemy.util.test.junit.AutoTests" name="[52] /home/travis/build/icyphy/ptII/ptolemy/domains/modal/test/auto/ErrorTransition3.xml (RunModel)" time="0.052" />
  <testcase classname="ptolemy.util.test.junit.AutoTests" name="[53] /home/travis/build/icyphy/ptII/ptolemy/domains/modal/test/auto/ErrorTransition4.xml (RunModel)" time="0.046" />
  <testcase classname="ptolemy.util.test.junit.AutoTests" name="[54] /home/travis/build/icyphy/ptII/ptolemy/domains/modal/test/auto/ErrorTransition5.xml (RunModel)" time="0.036" />
  <testcase classname="ptolemy.util.test.junit.AutoTests" name="[55] /home/travis/build/icyphy/ptII/ptolemy/domains/modal/test/auto/ErrorTransition6.xml (RunModel)" time="0.045" />
  <testcase classname="ptolemy.util.test.junit.AutoTests" name="[56] /home/travis/build/icyphy/ptII/ptolemy/domains/modal/test/auto/ErrorTransition7.xml (RunModel)" time="0.055" />
  <testcase classname="ptolemy.util.test.junit.AutoTests" name="[57] /home/travis/build/icyphy/ptII/ptolemy/domains/modal/test/auto/ErrorTransition8.xml (RunModel)" time="0.089" />
  <testcase classname="ptolemy.util.test.junit.AutoTests" name="[58] /home/travis/build/icyphy/ptII/ptolemy/domains/modal/test/auto/ErrorTransition9.xml (RunModel)" time="0.069" />
  <testcase classname="ptolemy.util.test.junit.AutoTests" name="[59] /home/travis/build/icyphy/ptII/ptolemy/domains/modal/test/auto/ExtendedFSM.xml (RunModel)" time="0.029" />
  <testcase classname="ptolemy.util.test.junit.AutoTests" name="[60] /home/travis/build/icyphy/ptII/ptolemy/domains/modal/test/auto/FinalStates.xml (RunModel)" time="0.037" />
  <testcase classname="ptolemy.util.test.junit.AutoTests" name="[61] /home/travis/build/icyphy/ptII/ptolemy/domains/modal/test/auto/FixedPointFSM.xml (RunModel)" time="0.07" />
  <testcase classname="ptolemy.util.test.junit.AutoTests" name="[62] /home/travis/build/icyphy/ptII/ptolemy/domains/modal/test/auto/FixedPointIterationFSMActor.xml (RunModel)" time="0.047" />
  <testcase classname="ptolemy.util.test.junit.AutoTests" name="[63] /home/travis/build/icyphy/ptII/ptolemy/domains/modal/test/auto/FixedPointIterationFSMActor2.xml (RunModel)" time="0.05" />
  <testcase classname="ptolemy.util.test.junit.AutoTests" name="[64] /home/travis/build/icyphy/ptII/ptolemy/domains/modal/test/auto/ForbiddenInstantanousLoop.xml (RunModel)" time="0.049" />
  <testcase classname="ptolemy.util.test.junit.AutoTests" name="[65] /home/travis/build/icyphy/ptII/ptolemy/domains/modal/test/auto/FunctionDependencyOfFSMActorTest.xml (RunModel)" time="0.048" />
  <testcase classname="ptolemy.util.test.junit.AutoTests" name="[66] /home/travis/build/icyphy/ptII/ptolemy/domains/modal/test/auto/GuardExpression.xml (RunModel)" time="0.026" />
  <testcase classname="ptolemy.util.test.junit.AutoTests" name="[67] /home/travis/build/icyphy/ptII/ptolemy/domains/modal/test/auto/GuardNotEvaluated.xml (RunModel)" time="0.038" />
  <testcase classname="ptolemy.util.test.junit.AutoTests" name="[68] /home/travis/build/icyphy/ptII/ptolemy/domains/modal/test/auto/GuardNotEvaluated2.xml (RunModel)" time="0.039" />
  <testcase classname="ptolemy.util.test.junit.AutoTests" name="[69] /home/travis/build/icyphy/ptII/ptolemy/domains/modal/test/auto/GuardOnAbsent.xml (RunModel)" time="0.032" />
  <testcase classname="ptolemy.util.test.junit.AutoTests" name="[70] /home/travis/build/icyphy/ptII/ptolemy/domains/modal/test/auto/HierarchicalFSMTypeInference.xml (RunModel)" time="0.045" />
  <testcase classname="ptolemy.util.test.junit.AutoTests" name="[71] /home/travis/build/icyphy/ptII/ptolemy/domains/modal/test/auto/Hysteresis.xml (RunModel)" time="0.06" />
  <testcase classname="ptolemy.util.test.junit.AutoTests" name="[72] /home/travis/build/icyphy/ptII/ptolemy/domains/modal/test/auto/HysteresisWithDefault.xml (RunModel)" time="0.101" />
  <testcase classname="ptolemy.util.test.junit.AutoTests" name="[73] /home/travis/build/icyphy/ptII/ptolemy/domains/modal/test/auto/HysteresisWithDefault2.xml (RunModel)" time="0.107" />
  <testcase classname="ptolemy.util.test.junit.AutoTests" name="[74] /home/travis/build/icyphy/ptII/ptolemy/domains/modal/test/auto/ImmediateNonConstructiveness.xml (RunModel)" time="0.028" />
  <testcase classname="ptolemy.util.test.junit.AutoTests" name="[75] /home/travis/build/icyphy/ptII/ptolemy/domains/modal/test/auto/ImmediateNonConstructiveness2.xml (RunModel)" time="0.025" />
  <testcase classname="ptolemy.util.test.junit.AutoTests" name="[76] /home/travis/build/icyphy/ptII/ptolemy/domains/modal/test/auto/ImmediateTransitionReset.xml (RunModel)" time="0.058" />
  <testcase classname="ptolemy.util.test.junit.AutoTests" name="[77] /home/travis/build/icyphy/ptII/ptolemy/domains/modal/test/auto/ImmediateTransitions1.xml (RunModel)" time="0.018" />
  <testcase classname="ptolemy.util.test.junit.AutoTests" name="[78] /home/travis/build/icyphy/ptII/ptolemy/domains/modal/test/auto/ImmediateTransitionsInstantaneousCommunication.xml (RunModel)" time="0.074" />
  <testcase classname="ptolemy.util.test.junit.AutoTests" name="[79] /home/travis/build/icyphy/ptII/ptolemy/domains/modal/test/auto/InitialImmediateTransition.xml (RunModel)" time="0.028" />
  <testcase classname="ptolemy.util.test.junit.AutoTests" name="[80] /home/travis/build/icyphy/ptII/ptolemy/domains/modal/test/auto/InitialOutputs.xml (RunModel)" time="0.022" />
  <testcase classname="ptolemy.util.test.junit.AutoTests" name="[81] /home/travis/build/icyphy/ptII/ptolemy/domains/modal/test/auto/InitialStateTransition1.xml (RunModel)" time="0.029" />
  <testcase classname="ptolemy.util.test.junit.AutoTests" name="[82] /home/travis/build/icyphy/ptII/ptolemy/domains/modal/test/auto/InitialStateTransition2.xml (RunModel)" time="0.03" />
  <testcase classname="ptolemy.util.test.junit.AutoTests" name="[83] /home/travis/build/icyphy/ptII/ptolemy/domains/modal/test/auto/InitialStateTransition3.xml (RunModel)" time="0.035" />
  <testcase classname="ptolemy.util.test.junit.AutoTests" name="[84] /home/travis/build/icyphy/ptII/ptolemy/domains/modal/test/auto/InitialStateTransition4.xml (RunModel)" time="0.04" />
  <testcase classname="ptolemy.util.test.junit.AutoTests" name="[85] /home/travis/build/icyphy/ptII/ptolemy/domains/modal/test/auto/MalformedGuardExpressionNotCaught.xml (RunModel)" time="0.034" />
  <testcase classname="ptolemy.util.test.junit.AutoTests" name="[86] /home/travis/build/icyphy/ptII/ptolemy/domains/modal/test/auto/ModalBSC.xml (RunModel)" time="0.128" />
  <testcase classname="ptolemy.util.test.junit.AutoTests" name="[87] /home/travis/build/icyphy/ptII/ptolemy/domains/modal/test/auto/ModalClocks.xml (RunModel)" time="0.108" />
  <testcase classname="ptolemy.util.test.junit.AutoTests" name="[88] /home/travis/build/icyphy/ptII/ptolemy/domains/modal/test/auto/ModalDelay.xml (RunModel)" time="0.064" />
  <testcase classname="ptolemy.util.test.junit.AutoTests" name="[89] /home/travis/build/icyphy/ptII/ptolemy/domains/modal/test/auto/ModalDelay2.xml (RunModel)" time="0.064" />
  <testcase classname="ptolemy.util.test.junit.AutoTests" name="[90] /home/travis/build/icyphy/ptII/ptolemy/domains/modal/test/auto/ModalModelFromMemo.xml (RunModel)" time="0.082" />
  <testcase classname="ptolemy.util.test.junit.AutoTests" name="[91] /home/travis/build/icyphy/ptII/ptolemy/domains/modal/test/auto/ModalModelWithMultirateTransient.xml (RunModel)" time="0.065" />
  <testcase classname="ptolemy.util.test.junit.AutoTests" name="[92] /home/travis/build/icyphy/ptII/ptolemy/domains/modal/test/auto/ModalModelWithReset.xml (RunModel)" time="0.061" />
  <testcase classname="ptolemy.util.test.junit.AutoTests" name="[93] /home/travis/build/icyphy/ptII/ptolemy/domains/modal/test/auto/MouseClickFSM.xml (RunModel)" time="0.056" />
  <testcase classname="ptolemy.util.test.junit.AutoTests" name="[94] /home/travis/build/icyphy/ptII/ptolemy/domains/modal/test/auto/MouseClickFSMModal.xml (RunModel)" time="0.045" />
  <testcase classname="ptolemy.util.test.junit.AutoTests" name="[95] /home/travis/build/icyphy/ptII/ptolemy/domains/modal/test/auto/NonStrictFSM_FeedbackLoop.xml (RunModel)" time="0.061" />
  <testcase classname="ptolemy.util.test.junit.AutoTests" name="[96] /home/travis/build/icyphy/ptII/ptolemy/domains/modal/test/auto/NonStrictFSM_FeedbackLoop_Refinement.xml (RunModel)" time="0.08" />
  <testcase classname="ptolemy.util.test.junit.AutoTests" name="[97] /home/travis/build/icyphy/ptII/ptolemy/domains/modal/test/auto/NonStrictFSM_FeedbackLoop_preemptive.xml (RunModel)" time="0.059" />
  <testcase classname="ptolemy.util.test.junit.AutoTests" name="[98] /home/travis/build/icyphy/ptII/ptolemy/domains/modal/test/auto/NormalTermination.xml (RunModel)" time="0.082" />
  <testcase classname="ptolemy.util.test.junit.AutoTests" name="[99] /home/travis/build/icyphy/ptII/ptolemy/domains/modal/test/auto/Pong.xml (RunModel)" time="0.112" />
  <testcase classname="ptolemy.util.test.junit.AutoTests" name="[100] /home/travis/build/icyphy/ptII/ptolemy/domains/modal/test/auto/Pong_test.xml (RunModel)" time="0.154" />
  <testcase classname="ptolemy.util.test.junit.AutoTests" name="[101] /home/travis/build/icyphy/ptII/ptolemy/domains/modal/test/auto/PreemptionHierarchy.xml (RunModel)" time="0.039" />
  <testcase classname="ptolemy.util.test.junit.AutoTests" name="[102] /home/travis/build/icyphy/ptII/ptolemy/domains/modal/test/auto/PreemptionHierarchy2.xml (RunModel)" time="0.052" />
  <testcase classname="ptolemy.util.test.junit.AutoTests" name="[103] /home/travis/build/icyphy/ptII/ptolemy/domains/modal/test/auto/PreemptiveTransition.xml (RunModel)" time="0.031" />
  <testcase classname="ptolemy.util.test.junit.AutoTests" name="[104] /home/travis/build/icyphy/ptII/ptolemy/domains/modal/test/auto/Priorities.xml (RunModel)" time="0.122" />
  <testcase classname="ptolemy.util.test.junit.AutoTests" name="[105] /home/travis/build/icyphy/ptII/ptolemy/domains/modal/test/auto/ResetFinal.xml (RunModel)" time="0.058" />
  <testcase classname="ptolemy.util.test.junit.AutoTests" name="[106] /home/travis/build/icyphy/ptII/ptolemy/domains/modal/test/auto/ResetFinal2.xml (RunModel)" time="0.045" />
  <testcase classname="ptolemy.util.test.junit.AutoTests" name="[107] /home/travis/build/icyphy/ptII/ptolemy/domains/modal/test/auto/ResetTransitionWithStartTime.xml (RunModel)" time="0.047" />
  <testcase classname="ptolemy.util.test.junit.AutoTests" name="[108] /home/travis/build/icyphy/ptII/ptolemy/domains/modal/test/auto/SDF-FSMComposite.xml (RunModel)" time="0.035" />
  <testcase classname="ptolemy.util.test.junit.AutoTests" name="[109] /home/travis/build/icyphy/ptII/ptolemy/domains/modal/test/auto/SeeminglyNondeterminate.xml (RunModel)" time="0.095" />
  <testcase classname="ptolemy.util.test.junit.AutoTests" name="[110] /home/travis/build/icyphy/ptII/ptolemy/domains/modal/test/auto/SeeminglyNondeterminate2.xml (RunModel)" time="0.103" />
  <testcase classname="ptolemy.util.test.junit.AutoTests" name="[111] /home/travis/build/icyphy/ptII/ptolemy/domains/modal/test/auto/SpontaneousFSM.xml (RunModel)" time="0.058" />
  <testcase classname="ptolemy.util.test.junit.AutoTests" name="[112] /home/travis/build/icyphy/ptII/ptolemy/domains/modal/test/auto/SpontaneousFSM2.xml (RunModel)" time="0.043" />
  <testcase classname="ptolemy.util.test.junit.AutoTests" name="[113] /home/travis/build/icyphy/ptII/ptolemy/domains/modal/test/auto/SpontaneousFSM3.xml (RunModel)" time="0.059" />
  <testcase classname="ptolemy.util.test.junit.AutoTests" name="[114] /home/travis/build/icyphy/ptII/ptolemy/domains/modal/test/auto/SpontaneousFSM4.xml (RunModel)" time="0.054" />
  <testcase classname="ptolemy.util.test.junit.AutoTests" name="[115] /home/travis/build/icyphy/ptII/ptolemy/domains/modal/test/auto/StateTrackerTest.xml (RunModel)" time="0.062" />
  <testcase classname="ptolemy.util.test.junit.AutoTests" name="[116] /home/travis/build/icyphy/ptII/ptolemy/domains/modal/test/auto/StrongImmediateTransition.xml (RunModel)" time="0.03" />
  <testcase classname="ptolemy.util.test.junit.AutoTests" name="[117] /home/travis/build/icyphy/ptII/ptolemy/domains/modal/test/auto/SustainHierarchy.xml (RunModel)" time="0.045" />
  <testcase classname="ptolemy.util.test.junit.AutoTests" name="[118] /home/travis/build/icyphy/ptII/ptolemy/domains/modal/test/auto/TerminationTransition1.xml (RunModel)" time="0.027" />
  <testcase classname="ptolemy.util.test.junit.AutoTests" name="[119] /home/travis/build/icyphy/ptII/ptolemy/domains/modal/test/auto/TerminationTransition2.xml (RunModel)" time="0.034" />
  <testcase classname="ptolemy.util.test.junit.AutoTests" name="[120] /home/travis/build/icyphy/ptII/ptolemy/domains/modal/test/auto/TerminationTransition3.xml (RunModel)" time="0.034" />
  <testcase classname="ptolemy.util.test.junit.AutoTests" name="[121] /home/travis/build/icyphy/ptII/ptolemy/domains/modal/test/auto/TerminationTransition4.xml (RunModel)" time="0.051" />
  <testcase classname="ptolemy.util.test.junit.AutoTests" name="[122] /home/travis/build/icyphy/ptII/ptolemy/domains/modal/test/auto/TerminationTransition5.xml (RunModel)" time="0.047" />
  <testcase classname="ptolemy.util.test.junit.AutoTests" name="[123] /home/travis/build/icyphy/ptII/ptolemy/domains/modal/test/auto/TerminationTransition6.xml (RunModel)" time="0.029" />
  <testcase classname="ptolemy.util.test.junit.AutoTests" name="[124] /home/travis/build/icyphy/ptII/ptolemy/domains/modal/test/auto/TerminationTransition7.xml (RunModel)" time="0.03" />
  <testcase classname="ptolemy.util.test.junit.AutoTests" name="[125] /home/travis/build/icyphy/ptII/ptolemy/domains/modal/test/auto/TerminationTransition8.xml (RunModel)" time="0.032" />
  <testcase classname="ptolemy.util.test.junit.AutoTests" name="[126] /home/travis/build/icyphy/ptII/ptolemy/domains/modal/test/auto/Thermostat_NoHysteresis.xml (RunModel)" time="0.098" />
  <testcase classname="ptolemy.util.test.junit.AutoTests" name="[127] /home/travis/build/icyphy/ptII/ptolemy/domains/modal/test/auto/TimedFSM.xml (RunModel)" time="0.043" />
  <testcase classname="ptolemy.util.test.junit.AutoTests" name="[128] /home/travis/build/icyphy/ptII/ptolemy/domains/modal/test/auto/Timeout1.xml (RunModel)" time="0.021" />
  <testcase classname="ptolemy.util.test.junit.AutoTests" name="[129] /home/travis/build/icyphy/ptII/ptolemy/domains/modal/test/auto/Timeout2.xml (RunModel)" time="0.03" />
  <testcase classname="ptolemy.util.test.junit.AutoTests" name="[130] /home/travis/build/icyphy/ptII/ptolemy/domains/modal/test/auto/Timeout3.xml (RunModel)" time="0.016" />
  <testcase classname="ptolemy.util.test.junit.AutoTests" name="[131] /home/travis/build/icyphy/ptII/ptolemy/domains/modal/test/auto/Timeout4.xml (RunModel)" time="0.019" />
  <testcase classname="ptolemy.util.test.junit.AutoTests" name="[132] /home/travis/build/icyphy/ptII/ptolemy/domains/modal/test/auto/TransientstateModelAdvanced.xml (RunModel)" time="0.042" />
  <testcase classname="ptolemy.util.test.junit.AutoTests" name="[133] /home/travis/build/icyphy/ptII/ptolemy/domains/modal/test/auto/TransientstateModelAdvanced2.xml (RunModel)" time="0.047" />
  <testcase classname="ptolemy.util.test.junit.AutoTests" name="[134] /home/travis/build/icyphy/ptII/ptolemy/domains/modal/test/auto/TransitionRefinements.xml (RunModel)" time="0.034" />
  <testcase classname="ptolemy.util.test.junit.AutoTests" name="[135] /home/travis/build/icyphy/ptII/ptolemy/domains/modal/test/auto/TwoRefinements1.xml (RunModel)" time="0.035" />
  <testcase classname="ptolemy.util.test.junit.AutoTests" name="[136] /home/travis/build/icyphy/ptII/ptolemy/domains/modal/test/auto/TwoRefinements2.xml (RunModel)" time="0.036" />
  <testcase classname="ptolemy.util.test.junit.AutoTests" name="[137] /home/travis/build/icyphy/ptII/ptolemy/domains/modal/test/auto/WeakImmediateTransition.xml (RunModel)" time="0.038" />
  <testcase classname="ptolemy.util.test.junit.AutoTests" name="[138] /home/travis/build/icyphy/ptII/ptolemy/domains/modal/test/auto/booleanSelect.xml (RunModel)" time="0.101" />
  <testcase classname="ptolemy.util.test.junit.AutoTests" name="[139] /home/travis/build/icyphy/ptII/ptolemy/domains/modal/test/auto/modalChangingParams.xml (RunModel)" time="0.371" />
  <testcase classname="ptolemy.util.test.junit.AutoTests" name="[140] /home/travis/build/icyphy/ptII/ptolemy/domains/modal/test/auto/modalModel.xml (RunModel)" time="0.029" />
  <testcase classname="ptolemy.util.test.junit.AutoTests" name="[141] /home/travis/build/icyphy/ptII/ptolemy/domains/modal/test/auto/modalModel2.xml (RunModel)" time="0.038" />
  <testcase classname="ptolemy.util.test.junit.AutoTests" name="[142] /home/travis/build/icyphy/ptII/ptolemy/domains/modal/test/auto/modalModel3.xml (RunModel)" time="0.05" />
  <testcase classname="ptolemy.util.test.junit.AutoTests" name="[143] /home/travis/build/icyphy/ptII/ptolemy/domains/modal/test/auto/model1.xml (RunModel)" time="0.027" />
  <testcase classname="ptolemy.util.test.junit.AutoTests" name="[144] /home/travis/build/icyphy/ptII/ptolemy/domains/modal/test/auto/test-direct-in-out.xml (RunModel)" time="0.026" />
  <system-out><![CDATA[/home/travis/build/icyphy/ptII/ptolemy/domains/modal/test/SystemLevelType.tcl
testDefs.tcl: setting time out to 9000 seconds at Sun May 27 01:22:00 UTC 2018
05/27/18 01:22:02
Failed: 0  Total Tests: 1  ((Passed: 1, Newly Passed: 0)  Known Failed: 0) /home/travis/build/icyphy/ptII/ptolemy/domains/modal/test
----------------- testing (KnownFailure) /home/travis/build/icyphy/ptII/ptolemy/domains/modal/test/auto/knownFailedTests/CannotAnalysisWithPreemption.xml
44 ms. Memory: 209408K Free: 126766K (61%)
Known Failure: java.lang.reflect.InvocationTargetException
No auto/*.xml tests in /home/travis/build/icyphy/ptII/ptolemy/domains/modal/test
AutoTests.java: About to close Vertx.
AutoTests.java: Vertx closed.
----------------- testing Sun May 27 01:22:03 UTC 2018 /home/travis/build/icyphy/ptII/ptolemy/domains/modal/test/auto/ABPTest.xml
----------------- Instantiating /home/travis/build/icyphy/ptII/ptolemy/domains/modal/test/auto/ABPTest.xml
447 ms. Memory: 209920K Free: 109817K (52%)
----------------- Invoking toplevel() on ptolemy.moml.MoMLSimpleApplication@26ed8bd9
----------------- Done invoking toplevel() on ptolemy.moml.MoMLSimpleApplication@26ed8bd9
reloadAllAccessors: .ABPTest
----------------- testing Sun May 27 01:22:04 UTC 2018 /home/travis/build/icyphy/ptII/ptolemy/domains/modal/test/auto/ABROFlat.xml
----------------- Instantiating /home/travis/build/icyphy/ptII/ptolemy/domains/modal/test/auto/ABROFlat.xml
30 ms. Memory: 209920K Free: 91172K (43%)
----------------- Invoking toplevel() on ptolemy.moml.MoMLSimpleApplication@1b0e3046
----------------- Done invoking toplevel() on ptolemy.moml.MoMLSimpleApplication@1b0e3046
reloadAllAccessors: .ABROFlat
----------------- testing Sun May 27 01:22:04 UTC 2018 /home/travis/build/icyphy/ptII/ptolemy/domains/modal/test/auto/ABROFlat2.xml
----------------- Instantiating /home/travis/build/icyphy/ptII/ptolemy/domains/modal/test/auto/ABROFlat2.xml
31 ms. Memory: 332800K Free: 319406K (96%)
----------------- Invoking toplevel() on ptolemy.moml.MoMLSimpleApplication@2d9ae1e0
----------------- Done invoking toplevel() on ptolemy.moml.MoMLSimpleApplication@2d9ae1e0
reloadAllAccessors: .ABROFlat2
----------------- testing Sun May 27 01:22:04 UTC 2018 /home/travis/build/icyphy/ptII/ptolemy/domains/modal/test/auto/ABRO_present_hmm.xml
----------------- Instantiating /home/travis/build/icyphy/ptII/ptolemy/domains/modal/test/auto/ABRO_present_hmm.xml
44 ms. Memory: 332800K Free: 283839K (85%)
----------------- Invoking toplevel() on ptolemy.moml.MoMLSimpleApplication@57926b7f
----------------- Done invoking toplevel() on ptolemy.moml.MoMLSimpleApplication@57926b7f
reloadAllAccessors: .ABRO_present_hmm
----------------- testing Sun May 27 01:22:05 UTC 2018 /home/travis/build/icyphy/ptII/ptolemy/domains/modal/test/auto/AMICoderExample.xml
----------------- Instantiating /home/travis/build/icyphy/ptII/ptolemy/domains/modal/test/auto/AMICoderExample.xml
29 ms. Memory: 332800K Free: 272369K (82%)
----------------- Invoking toplevel() on ptolemy.moml.MoMLSimpleApplication@5003bf95
----------------- Done invoking toplevel() on ptolemy.moml.MoMLSimpleApplication@5003bf95
reloadAllAccessors: .AMICoderExample
----------------- testing Sun May 27 01:22:05 UTC 2018 /home/travis/build/icyphy/ptII/ptolemy/domains/modal/test/auto/AbsentToPresent.xml
----------------- Instantiating /home/travis/build/icyphy/ptII/ptolemy/domains/modal/test/auto/AbsentToPresent.xml
4 ms. Memory: 332800K Free: 265811K (80%)
----------------- Invoking toplevel() on ptolemy.moml.MoMLSimpleApplication@4a526cd8
----------------- Done invoking toplevel() on ptolemy.moml.MoMLSimpleApplication@4a526cd8
reloadAllAccessors: .AbsentToPresent
----------------- testing Sun May 27 01:22:05 UTC 2018 /home/travis/build/icyphy/ptII/ptolemy/domains/modal/test/auto/Blending.xml
----------------- Instantiating /home/travis/build/icyphy/ptII/ptolemy/domains/modal/test/auto/Blending.xml
161 ms. Memory: 332800K Free: 212199K (64%)
----------------- Invoking toplevel() on ptolemy.moml.MoMLSimpleApplication@9bef820
----------------- Done invoking toplevel() on ptolemy.moml.MoMLSimpleApplication@9bef820
reloadAllAccessors: .Blending
----------------- testing Sun May 27 01:22:05 UTC 2018 /home/travis/build/icyphy/ptII/ptolemy/domains/modal/test/auto/Broadcast.xml
----------------- Instantiating /home/travis/build/icyphy/ptII/ptolemy/domains/modal/test/auto/Broadcast.xml
10 ms. Memory: 332800K Free: 199106K (60%)
----------------- Invoking toplevel() on ptolemy.moml.MoMLSimpleApplication@3434d6b7
----------------- Done invoking toplevel() on ptolemy.moml.MoMLSimpleApplication@3434d6b7
reloadAllAccessors: .Broadcast
----------------- testing Sun May 27 01:22:05 UTC 2018 /home/travis/build/icyphy/ptII/ptolemy/domains/modal/test/auto/BroadcastHierarchy.xml
----------------- Instantiating /home/travis/build/icyphy/ptII/ptolemy/domains/modal/test/auto/BroadcastHierarchy.xml
13 ms. Memory: 332800K Free: 181086K (54%)
----------------- Invoking toplevel() on ptolemy.moml.MoMLSimpleApplication@101b62e6
----------------- Done invoking toplevel() on ptolemy.moml.MoMLSimpleApplication@101b62e6
reloadAllAccessors: .BroadcastHierarchy
----------------- testing Sun May 27 01:22:05 UTC 2018 /home/travis/build/icyphy/ptII/ptolemy/domains/modal/test/auto/BroadcastHierarchy2.xml
----------------- Instantiating /home/travis/build/icyphy/ptII/ptolemy/domains/modal/test/auto/BroadcastHierarchy2.xml
33 ms. Memory: 332800K Free: 145070K (44%)
----------------- Invoking toplevel() on ptolemy.moml.MoMLSimpleApplication@56ddf63b
----------------- Done invoking toplevel() on ptolemy.moml.MoMLSimpleApplication@56ddf63b
reloadAllAccessors: .BroadcastHierarchy2
----------------- testing Sun May 27 01:22:05 UTC 2018 /home/travis/build/icyphy/ptII/ptolemy/domains/modal/test/auto/BroadcastHierarchy3.xml
----------------- Instantiating /home/travis/build/icyphy/ptII/ptolemy/domains/modal/test/auto/BroadcastHierarchy3.xml
24 ms. Memory: 332800K Free: 116076K (35%)
----------------- Invoking toplevel() on ptolemy.moml.MoMLSimpleApplication@48dc1ec4
----------------- Done invoking toplevel() on ptolemy.moml.MoMLSimpleApplication@48dc1ec4
reloadAllAccessors: .BroadcastHierarchy3
----------------- testing Sun May 27 01:22:05 UTC 2018 /home/travis/build/icyphy/ptII/ptolemy/domains/modal/test/auto/BroadcastHierarchy4.xml
----------------- Instantiating /home/travis/build/icyphy/ptII/ptolemy/domains/modal/test/auto/BroadcastHierarchy4.xml
19 ms. Memory: 332800K Free: 83355K (25%)
----------------- Invoking toplevel() on ptolemy.moml.MoMLSimpleApplication@5a3cc968
----------------- Done invoking toplevel() on ptolemy.moml.MoMLSimpleApplication@5a3cc968
reloadAllAccessors: .BroadcastHierarchy4
----------------- testing Sun May 27 01:22:06 UTC 2018 /home/travis/build/icyphy/ptII/ptolemy/domains/modal/test/auto/CannotAnalysisWithPreemption2.xml
----------------- Instantiating /home/travis/build/icyphy/ptII/ptolemy/domains/modal/test/auto/CannotAnalysisWithPreemption2.xml
3 ms. Memory: 332800K Free: 319690K (96%)
----------------- Invoking toplevel() on ptolemy.moml.MoMLSimpleApplication@54ed5481
----------------- Done invoking toplevel() on ptolemy.moml.MoMLSimpleApplication@54ed5481
reloadAllAccessors: .CannotAnalysisWithPreemption2
----------------- testing Sun May 27 01:22:06 UTC 2018 /home/travis/build/icyphy/ptII/ptolemy/domains/modal/test/auto/CannotAnalysisWithPreemption3.xml
----------------- Instantiating /home/travis/build/icyphy/ptII/ptolemy/domains/modal/test/auto/CannotAnalysisWithPreemption3.xml
3 ms. Memory: 332800K Free: 304643K (92%)
----------------- Invoking toplevel() on ptolemy.moml.MoMLSimpleApplication@6cf6bd8d
----------------- Done invoking toplevel() on ptolemy.moml.MoMLSimpleApplication@6cf6bd8d
reloadAllAccessors: .CannotAnalysisWithPreemption3
----------------- testing Sun May 27 01:22:06 UTC 2018 /home/travis/build/icyphy/ptII/ptolemy/domains/modal/test/auto/CannotProduce.xml
----------------- Instantiating /home/travis/build/icyphy/ptII/ptolemy/domains/modal/test/auto/CannotProduce.xml
12 ms. Memory: 332800K Free: 298116K (90%)
----------------- Invoking toplevel() on ptolemy.moml.MoMLSimpleApplication@4ea8b315
----------------- Done invoking toplevel() on ptolemy.moml.MoMLSimpleApplication@4ea8b315
reloadAllAccessors: .CannotProduce
----------------- testing Sun May 27 01:22:06 UTC 2018 /home/travis/build/icyphy/ptII/ptolemy/domains/modal/test/auto/CannotProduceModal.xml
----------------- Instantiating /home/travis/build/icyphy/ptII/ptolemy/domains/modal/test/auto/CannotProduceModal.xml
13 ms. Memory: 332800K Free: 288057K (87%)
----------------- Invoking toplevel() on ptolemy.moml.MoMLSimpleApplication@bc833d3
----------------- Done invoking toplevel() on ptolemy.moml.MoMLSimpleApplication@bc833d3
reloadAllAccessors: .CannotProduceModal
----------------- testing Sun May 27 01:22:06 UTC 2018 /home/travis/build/icyphy/ptII/ptolemy/domains/modal/test/auto/Case.xml
----------------- Instantiating /home/travis/build/icyphy/ptII/ptolemy/domains/modal/test/auto/Case.xml
25 ms. Memory: 332800K Free: 274955K (83%)
----------------- Invoking toplevel() on ptolemy.moml.MoMLSimpleApplication@762d9003
----------------- Done invoking toplevel() on ptolemy.moml.MoMLSimpleApplication@762d9003
reloadAllAccessors: .Case
----------------- testing Sun May 27 01:22:06 UTC 2018 /home/travis/build/icyphy/ptII/ptolemy/domains/modal/test/auto/Case1.xml
----------------- Instantiating /home/travis/build/icyphy/ptII/ptolemy/domains/modal/test/auto/Case1.xml
6 ms. Memory: 332800K Free: 266765K (80%)
----------------- Invoking toplevel() on ptolemy.moml.MoMLSimpleApplication@4e960ff1
----------------- Done invoking toplevel() on ptolemy.moml.MoMLSimpleApplication@4e960ff1
reloadAllAccessors: .Case1
----------------- testing Sun May 27 01:22:06 UTC 2018 /home/travis/build/icyphy/ptII/ptolemy/domains/modal/test/auto/Case2.xml
----------------- Instantiating /home/travis/build/icyphy/ptII/ptolemy/domains/modal/test/auto/Case2.xml
50 ms. Memory: 332800K Free: 253427K (76%)
----------------- Invoking toplevel() on ptolemy.moml.MoMLSimpleApplication@225b6792
----------------- Done invoking toplevel() on ptolemy.moml.MoMLSimpleApplication@225b6792
reloadAllAccessors: .Case2
----------------- testing Sun May 27 01:22:06 UTC 2018 /home/travis/build/icyphy/ptII/ptolemy/domains/modal/test/auto/CausalityInterface1.xml
----------------- Instantiating /home/travis/build/icyphy/ptII/ptolemy/domains/modal/test/auto/CausalityInterface1.xml
4 ms. Memory: 332800K Free: 246885K (74%)
----------------- Invoking toplevel() on ptolemy.moml.MoMLSimpleApplication@4e9aea2a
----------------- Done invoking toplevel() on ptolemy.moml.MoMLSimpleApplication@4e9aea2a
reloadAllAccessors: .CausalityInterface1
----------------- testing Sun May 27 01:22:06 UTC 2018 /home/travis/build/icyphy/ptII/ptolemy/domains/modal/test/auto/CausalityInterface10.xml
----------------- Instantiating /home/travis/build/icyphy/ptII/ptolemy/domains/modal/test/auto/CausalityInterface10.xml
7 ms. Memory: 332800K Free: 228636K (69%)
----------------- Invoking toplevel() on ptolemy.moml.MoMLSimpleApplication@9dd111f
----------------- Done invoking toplevel() on ptolemy.moml.MoMLSimpleApplication@9dd111f
reloadAllAccessors: .CausalityInterface10
----------------- testing Sun May 27 01:22:06 UTC 2018 /home/travis/build/icyphy/ptII/ptolemy/domains/modal/test/auto/CausalityInterface11.xml
----------------- Instantiating /home/travis/build/icyphy/ptII/ptolemy/domains/modal/test/auto/CausalityInterface11.xml
11 ms. Memory: 332800K Free: 212223K (64%)
----------------- Invoking toplevel() on ptolemy.moml.MoMLSimpleApplication@480ad11a
----------------- Done invoking toplevel() on ptolemy.moml.MoMLSimpleApplication@480ad11a
reloadAllAccessors: .CausalityInterface11
----------------- testing Sun May 27 01:22:06 UTC 2018 /home/travis/build/icyphy/ptII/ptolemy/domains/modal/test/auto/CausalityInterface12.xml
----------------- Instantiating /home/travis/build/icyphy/ptII/ptolemy/domains/modal/test/auto/CausalityInterface12.xml
8 ms. Memory: 332800K Free: 195899K (59%)
----------------- Invoking toplevel() on ptolemy.moml.MoMLSimpleApplication@5aaf6f8b
----------------- Done invoking toplevel() on ptolemy.moml.MoMLSimpleApplication@5aaf6f8b
reloadAllAccessors: .CausalityInterface12
----------------- testing Sun May 27 01:22:06 UTC 2018 /home/travis/build/icyphy/ptII/ptolemy/domains/modal/test/auto/CausalityInterface13.xml
----------------- Instantiating /home/travis/build/icyphy/ptII/ptolemy/domains/modal/test/auto/CausalityInterface13.xml
13 ms. Memory: 332800K Free: 177658K (53%)
----------------- Invoking toplevel() on ptolemy.moml.MoMLSimpleApplication@6931d6b4
----------------- Done invoking toplevel() on ptolemy.moml.MoMLSimpleApplication@6931d6b4
reloadAllAccessors: .CausalityInterface13
----------------- testing Sun May 27 01:22:06 UTC 2018 /home/travis/build/icyphy/ptII/ptolemy/domains/modal/test/auto/CausalityInterface14.xml
----------------- Instantiating /home/travis/build/icyphy/ptII/ptolemy/domains/modal/test/auto/CausalityInterface14.xml
11 ms. Memory: 332800K Free: 161302K (48%)
----------------- Invoking toplevel() on ptolemy.moml.MoMLSimpleApplication@1d1aad0
----------------- Done invoking toplevel() on ptolemy.moml.MoMLSimpleApplication@1d1aad0
reloadAllAccessors: .CausalityInterface14
----------------- testing Sun May 27 01:22:07 UTC 2018 /home/travis/build/icyphy/ptII/ptolemy/domains/modal/test/auto/CausalityInterface2.xml
----------------- Instantiating /home/travis/build/icyphy/ptII/ptolemy/domains/modal/test/auto/CausalityInterface2.xml
3 ms. Memory: 332800K Free: 151243K (45%)
----------------- Invoking toplevel() on ptolemy.moml.MoMLSimpleApplication@32b3b1a7
----------------- Done invoking toplevel() on ptolemy.moml.MoMLSimpleApplication@32b3b1a7
reloadAllAccessors: .CausalityInterface2
----------------- testing Sun May 27 01:22:07 UTC 2018 /home/travis/build/icyphy/ptII/ptolemy/domains/modal/test/auto/CausalityInterface3.xml
----------------- Instantiating /home/travis/build/icyphy/ptII/ptolemy/domains/modal/test/auto/CausalityInterface3.xml
4 ms. Memory: 332800K Free: 143069K (43%)
----------------- Invoking toplevel() on ptolemy.moml.MoMLSimpleApplication@4c5099ac
----------------- Done invoking toplevel() on ptolemy.moml.MoMLSimpleApplication@4c5099ac
reloadAllAccessors: .CausalityInterface3
----------------- testing Sun May 27 01:22:07 UTC 2018 /home/travis/build/icyphy/ptII/ptolemy/domains/modal/test/auto/CausalityInterface4.xml
----------------- Instantiating /home/travis/build/icyphy/ptII/ptolemy/domains/modal/test/auto/CausalityInterface4.xml
3 ms. Memory: 332800K Free: 134879K (41%)
----------------- Invoking toplevel() on ptolemy.moml.MoMLSimpleApplication@102490e6
----------------- Done invoking toplevel() on ptolemy.moml.MoMLSimpleApplication@102490e6
reloadAllAccessors: .CausalityInterface4
----------------- testing Sun May 27 01:22:07 UTC 2018 /home/travis/build/icyphy/ptII/ptolemy/domains/modal/test/auto/CausalityInterface5.xml
----------------- Instantiating /home/travis/build/icyphy/ptII/ptolemy/domains/modal/test/auto/CausalityInterface5.xml
4 ms. Memory: 332800K Free: 123189K (37%)
----------------- Invoking toplevel() on ptolemy.moml.MoMLSimpleApplication@7919a462
----------------- Done invoking toplevel() on ptolemy.moml.MoMLSimpleApplication@7919a462
reloadAllAccessors: .CausalityInterface5
----------------- testing Sun May 27 01:22:07 UTC 2018 /home/travis/build/icyphy/ptII/ptolemy/domains/modal/test/auto/CausalityInterface6.xml
----------------- Instantiating /home/travis/build/icyphy/ptII/ptolemy/domains/modal/test/auto/CausalityInterface6.xml
4 ms. Memory: 332800K Free: 113375K (34%)
----------------- Invoking toplevel() on ptolemy.moml.MoMLSimpleApplication@47cc146f
----------------- Done invoking toplevel() on ptolemy.moml.MoMLSimpleApplication@47cc146f
reloadAllAccessors: .CausalityInterface6
----------------- testing Sun May 27 01:22:07 UTC 2018 /home/travis/build/icyphy/ptII/ptolemy/domains/modal/test/auto/CausalityInterface7.xml
----------------- Instantiating /home/travis/build/icyphy/ptII/ptolemy/domains/modal/test/auto/CausalityInterface7.xml
4 ms. Memory: 332800K Free: 101709K (31%)
----------------- Invoking toplevel() on ptolemy.moml.MoMLSimpleApplication@c0470fe
----------------- Done invoking toplevel() on ptolemy.moml.MoMLSimpleApplication@c0470fe
reloadAllAccessors: .CausalityInterface7
----------------- testing Sun May 27 01:22:07 UTC 2018 /home/travis/build/icyphy/ptII/ptolemy/domains/modal/test/auto/CausalityInterface8.xml
----------------- Instantiating /home/travis/build/icyphy/ptII/ptolemy/domains/modal/test/auto/CausalityInterface8.xml
5 ms. Memory: 332800K Free: 91887K (28%)
----------------- Invoking toplevel() on ptolemy.moml.MoMLSimpleApplication@4612a420
----------------- Done invoking toplevel() on ptolemy.moml.MoMLSimpleApplication@4612a420
reloadAllAccessors: .CausalityInterface8
----------------- testing Sun May 27 01:22:07 UTC 2018 /home/travis/build/icyphy/ptII/ptolemy/domains/modal/test/auto/CausalityInterface9.xml
----------------- Instantiating /home/travis/build/icyphy/ptII/ptolemy/domains/modal/test/auto/CausalityInterface9.xml
11 ms. Memory: 332800K Free: 80434K (24%)
----------------- Invoking toplevel() on ptolemy.moml.MoMLSimpleApplication@342e1b31
----------------- Done invoking toplevel() on ptolemy.moml.MoMLSimpleApplication@342e1b31
reloadAllAccessors: .CausalityInterface9
----------------- testing Sun May 27 01:22:07 UTC 2018 /home/travis/build/icyphy/ptII/ptolemy/domains/modal/test/auto/ChainedTransitions.xml
----------------- Instantiating /home/travis/build/icyphy/ptII/ptolemy/domains/modal/test/auto/ChainedTransitions.xml
117 ms. Memory: 479232K Free: 441709K (92%)
----------------- Invoking toplevel() on ptolemy.moml.MoMLSimpleApplication@3a1e1671
----------------- Done invoking toplevel() on ptolemy.moml.MoMLSimpleApplication@3a1e1671
reloadAllAccessors: .ChainedTransitions
----------------- testing Sun May 27 01:22:07 UTC 2018 /home/travis/build/icyphy/ptII/ptolemy/domains/modal/test/auto/CycleOfImmediateTransitionsFSM.xml
----------------- Instantiating /home/travis/build/icyphy/ptII/ptolemy/domains/modal/test/auto/CycleOfImmediateTransitionsFSM.xml
5 ms. Memory: 479232K Free: 429099K (90%)
----------------- Invoking toplevel() on ptolemy.moml.MoMLSimpleApplication@5db2ccc5
----------------- Done invoking toplevel() on ptolemy.moml.MoMLSimpleApplication@5db2ccc5
reloadAllAccessors: .CycleOfImmediateTransitionsFSM
----------------- testing Sun May 27 01:22:07 UTC 2018 /home/travis/build/icyphy/ptII/ptolemy/domains/modal/test/auto/CycleOfImmediateTransitionsModal.xml
----------------- Instantiating /home/travis/build/icyphy/ptII/ptolemy/domains/modal/test/auto/CycleOfImmediateTransitionsModal.xml
5 ms. Memory: 479232K Free: 418660K (87%)
----------------- Invoking toplevel() on ptolemy.moml.MoMLSimpleApplication@22a21db0
----------------- Done invoking toplevel() on ptolemy.moml.MoMLSimpleApplication@22a21db0
reloadAllAccessors: .CycleOfImmediateTransitionsModal
----------------- testing Sun May 27 01:22:07 UTC 2018 /home/travis/build/icyphy/ptII/ptolemy/domains/modal/test/auto/CycleOfImmediateTransitionsModal2.xml
----------------- Instantiating /home/travis/build/icyphy/ptII/ptolemy/domains/modal/test/auto/CycleOfImmediateTransitionsModal2.xml
6 ms. Memory: 479232K Free: 406059K (85%)
----------------- Invoking toplevel() on ptolemy.moml.MoMLSimpleApplication@298b9e60
----------------- Done invoking toplevel() on ptolemy.moml.MoMLSimpleApplication@298b9e60
reloadAllAccessors: .CycleOfImmediateTransitionsModal2
----------------- testing Sun May 27 01:22:07 UTC 2018 /home/travis/build/icyphy/ptII/ptolemy/domains/modal/test/auto/CycleOfImmediateTransitionsModal3.xml
----------------- Instantiating /home/travis/build/icyphy/ptII/ptolemy/domains/modal/test/auto/CycleOfImmediateTransitionsModal3.xml
15 ms. Memory: 479232K Free: 377324K (79%)
----------------- Invoking toplevel() on ptolemy.moml.MoMLSimpleApplication@44e801d6
----------------- Done invoking toplevel() on ptolemy.moml.MoMLSimpleApplication@44e801d6
reloadAllAccessors: .CycleOfImmediateTransitionsModal3
----------------- testing Sun May 27 01:22:07 UTC 2018 /home/travis/build/icyphy/ptII/ptolemy/domains/modal/test/auto/DeepModal1.xml
----------------- Instantiating /home/travis/build/icyphy/ptII/ptolemy/domains/modal/test/auto/DeepModal1.xml
32 ms. Memory: 479232K Free: 361646K (75%)
----------------- Invoking toplevel() on ptolemy.moml.MoMLSimpleApplication@3c5a0909
----------------- Done invoking toplevel() on ptolemy.moml.MoMLSimpleApplication@3c5a0909
reloadAllAccessors: .DeepModal1
----------------- testing Sun May 27 01:22:07 UTC 2018 /home/travis/build/icyphy/ptII/ptolemy/domains/modal/test/auto/DeepModal2.xml
----------------- Instantiating /home/travis/build/icyphy/ptII/ptolemy/domains/modal/test/auto/DeepModal2.xml
33 ms. Memory: 479232K Free: 335949K (70%)
----------------- Invoking toplevel() on ptolemy.moml.MoMLSimpleApplication@31118ca2
----------------- Done invoking toplevel() on ptolemy.moml.MoMLSimpleApplication@31118ca2
reloadAllAccessors: .DeepModal2
----------------- testing Sun May 27 01:22:07 UTC 2018 /home/travis/build/icyphy/ptII/ptolemy/domains/modal/test/auto/DeepModal3.xml
----------------- Instantiating /home/travis/build/icyphy/ptII/ptolemy/domains/modal/test/auto/DeepModal3.xml
36 ms. Memory: 479232K Free: 312431K (65%)
----------------- Invoking toplevel() on ptolemy.moml.MoMLSimpleApplication@2a402fea
----------------- Done invoking toplevel() on ptolemy.moml.MoMLSimpleApplication@2a402fea
reloadAllAccessors: .DeepModal3
----------------- testing Sun May 27 01:22:08 UTC 2018 /home/travis/build/icyphy/ptII/ptolemy/domains/modal/test/auto/DeepModal4.xml
----------------- Instantiating /home/travis/build/icyphy/ptII/ptolemy/domains/modal/test/auto/DeepModal4.xml
39 ms. Memory: 479232K Free: 288905K (60%)
----------------- Invoking toplevel() on ptolemy.moml.MoMLSimpleApplication@4580837a
----------------- Done invoking toplevel() on ptolemy.moml.MoMLSimpleApplication@4580837a
reloadAllAccessors: .DeepModal4
----------------- testing Sun May 27 01:22:08 UTC 2018 /home/travis/build/icyphy/ptII/ptolemy/domains/modal/test/auto/Default1.xml
----------------- Instantiating /home/travis/build/icyphy/ptII/ptolemy/domains/modal/test/auto/Default1.xml
2 ms. Memory: 479232K Free: 276319K (58%)
----------------- Invoking toplevel() on ptolemy.moml.MoMLSimpleApplication@181fb9ae
----------------- Done invoking toplevel() on ptolemy.moml.MoMLSimpleApplication@181fb9ae
reloadAllAccessors: .Default1
----------------- testing Sun May 27 01:22:08 UTC 2018 /home/travis/build/icyphy/ptII/ptolemy/domains/modal/test/auto/Default2.xml
----------------- Instantiating /home/travis/build/icyphy/ptII/ptolemy/domains/modal/test/auto/Default2.xml
3 ms. Memory: 479232K Free: 268480K (56%)
----------------- Invoking toplevel() on ptolemy.moml.MoMLSimpleApplication@1a0fe1b3
----------------- Done invoking toplevel() on ptolemy.moml.MoMLSimpleApplication@1a0fe1b3
reloadAllAccessors: .Default2
----------------- testing Sun May 27 01:22:08 UTC 2018 /home/travis/build/icyphy/ptII/ptolemy/domains/modal/test/auto/Default3.xml
----------------- Instantiating /home/travis/build/icyphy/ptII/ptolemy/domains/modal/test/auto/Default3.xml
3 ms. Memory: 479232K Free: 258033K (54%)
----------------- Invoking toplevel() on ptolemy.moml.MoMLSimpleApplication@54f0cb97
----------------- Done invoking toplevel() on ptolemy.moml.MoMLSimpleApplication@54f0cb97
reloadAllAccessors: .Default3
----------------- testing Sun May 27 01:22:08 UTC 2018 /home/travis/build/icyphy/ptII/ptolemy/domains/modal/test/auto/Default4.xml
----------------- Instantiating /home/travis/build/icyphy/ptII/ptolemy/domains/modal/test/auto/Default4.xml
3 ms. Memory: 479232K Free: 248047K (52%)
----------------- Invoking toplevel() on ptolemy.moml.MoMLSimpleApplication@615ea14
----------------- Done invoking toplevel() on ptolemy.moml.MoMLSimpleApplication@615ea14
reloadAllAccessors: .Default4
----------------- testing Sun May 27 01:22:08 UTC 2018 /home/travis/build/icyphy/ptII/ptolemy/domains/modal/test/auto/Default5.xml
----------------- Instantiating /home/travis/build/icyphy/ptII/ptolemy/domains/modal/test/auto/Default5.xml
3 ms. Memory: 479232K Free: 237607K (50%)
----------------- Invoking toplevel() on ptolemy.moml.MoMLSimpleApplication@4002a95c
----------------- Done invoking toplevel() on ptolemy.moml.MoMLSimpleApplication@4002a95c
reloadAllAccessors: .Default5
----------------- testing Sun May 27 01:22:08 UTC 2018 /home/travis/build/icyphy/ptII/ptolemy/domains/modal/test/auto/EmptyGuard.xml
----------------- Instantiating /home/travis/build/icyphy/ptII/ptolemy/domains/modal/test/auto/EmptyGuard.xml
7 ms. Memory: 479232K Free: 227160K (47%)
----------------- Invoking toplevel() on ptolemy.moml.MoMLSimpleApplication@25c739fb
----------------- Done invoking toplevel() on ptolemy.moml.MoMLSimpleApplication@25c739fb
reloadAllAccessors: .EmptyGuard
----------------- testing Sun May 27 01:22:08 UTC 2018 /home/travis/build/icyphy/ptII/ptolemy/domains/modal/test/auto/ErrorTransition1.xml
----------------- Instantiating /home/travis/build/icyphy/ptII/ptolemy/domains/modal/test/auto/ErrorTransition1.xml
6 ms. Memory: 479232K Free: 214567K (45%)
----------------- Invoking toplevel() on ptolemy.moml.MoMLSimpleApplication@2be69ba4
----------------- Done invoking toplevel() on ptolemy.moml.MoMLSimpleApplication@2be69ba4
reloadAllAccessors: .ErrorTransition1
----------------- testing Sun May 27 01:22:08 UTC 2018 /home/travis/build/icyphy/ptII/ptolemy/domains/modal/test/auto/ErrorTransition10.xml
----------------- Instantiating /home/travis/build/icyphy/ptII/ptolemy/domains/modal/test/auto/ErrorTransition10.xml
10 ms. Memory: 479232K Free: 196280K (41%)
----------------- Invoking toplevel() on ptolemy.moml.MoMLSimpleApplication@437ffc87
----------------- Done invoking toplevel() on ptolemy.moml.MoMLSimpleApplication@437ffc87
reloadAllAccessors: .ErrorTransition10
----------------- testing Sun May 27 01:22:08 UTC 2018 /home/travis/build/icyphy/ptII/ptolemy/domains/modal/test/auto/ErrorTransition11.xml
----------------- Instantiating /home/travis/build/icyphy/ptII/ptolemy/domains/modal/test/auto/ErrorTransition11.xml
6 ms. Memory: 479232K Free: 180601K (38%)
----------------- Invoking toplevel() on ptolemy.moml.MoMLSimpleApplication@21188000
----------------- Done invoking toplevel() on ptolemy.moml.MoMLSimpleApplication@21188000
reloadAllAccessors: .ErrorTransition11
----------------- testing Sun May 27 01:22:08 UTC 2018 /home/travis/build/icyphy/ptII/ptolemy/domains/modal/test/auto/ErrorTransition2.xml
----------------- Instantiating /home/travis/build/icyphy/ptII/ptolemy/domains/modal/test/auto/ErrorTransition2.xml
9 ms. Memory: 479232K Free: 168008K (35%)
----------------- Invoking toplevel() on ptolemy.moml.MoMLSimpleApplication@ff8ca10
----------------- Done invoking toplevel() on ptolemy.moml.MoMLSimpleApplication@ff8ca10
reloadAllAccessors: .ErrorTransition2
----------------- testing Sun May 27 01:22:08 UTC 2018 /home/travis/build/icyphy/ptII/ptolemy/domains/modal/test/auto/ErrorTransition3.xml
----------------- Instantiating /home/travis/build/icyphy/ptII/ptolemy/domains/modal/test/auto/ErrorTransition3.xml
16 ms. Memory: 479232K Free: 157576K (33%)
----------------- Invoking toplevel() on ptolemy.moml.MoMLSimpleApplication@3178fac7
----------------- Done invoking toplevel() on ptolemy.moml.MoMLSimpleApplication@3178fac7
reloadAllAccessors: .ErrorTransition3
----------------- testing Sun May 27 01:22:08 UTC 2018 /home/travis/build/icyphy/ptII/ptolemy/domains/modal/test/auto/ErrorTransition4.xml
----------------- Instantiating /home/travis/build/icyphy/ptII/ptolemy/domains/modal/test/auto/ErrorTransition4.xml
13 ms. Memory: 479232K Free: 142375K (30%)
----------------- Invoking toplevel() on ptolemy.moml.MoMLSimpleApplication@3f029ed6
----------------- Done invoking toplevel() on ptolemy.moml.MoMLSimpleApplication@3f029ed6
reloadAllAccessors: .ErrorTransition4
----------------- testing Sun May 27 01:22:08 UTC 2018 /home/travis/build/icyphy/ptII/ptolemy/domains/modal/test/auto/ErrorTransition5.xml
----------------- Instantiating /home/travis/build/icyphy/ptII/ptolemy/domains/modal/test/auto/ErrorTransition5.xml
6 ms. Memory: 479232K Free: 129304K (27%)
----------------- Invoking toplevel() on ptolemy.moml.MoMLSimpleApplication@15c78dfb
----------------- Done invoking toplevel() on ptolemy.moml.MoMLSimpleApplication@15c78dfb
reloadAllAccessors: .ErrorTransition5
----------------- testing Sun May 27 01:22:08 UTC 2018 /home/travis/build/icyphy/ptII/ptolemy/domains/modal/test/auto/ErrorTransition6.xml
----------------- Instantiating /home/travis/build/icyphy/ptII/ptolemy/domains/modal/test/auto/ErrorTransition6.xml
9 ms. Memory: 479232K Free: 116265K (24%)
----------------- Invoking toplevel() on ptolemy.moml.MoMLSimpleApplication@72f1e0c0
----------------- Done invoking toplevel() on ptolemy.moml.MoMLSimpleApplication@72f1e0c0
reloadAllAccessors: .ErrorTransition6
----------------- testing Sun May 27 01:22:08 UTC 2018 /home/travis/build/icyphy/ptII/ptolemy/domains/modal/test/auto/ErrorTransition7.xml
----------------- Instantiating /home/travis/build/icyphy/ptII/ptolemy/domains/modal/test/auto/ErrorTransition7.xml
14 ms. Memory: 479232K Free: 98424K (21%)
----------------- Invoking toplevel() on ptolemy.moml.MoMLSimpleApplication@151ca3be
----------------- Done invoking toplevel() on ptolemy.moml.MoMLSimpleApplication@151ca3be
reloadAllAccessors: .ErrorTransition7
----------------- testing Sun May 27 01:22:08 UTC 2018 /home/travis/build/icyphy/ptII/ptolemy/domains/modal/test/auto/ErrorTransition8.xml
----------------- Instantiating /home/travis/build/icyphy/ptII/ptolemy/domains/modal/test/auto/ErrorTransition8.xml
45 ms. Memory: 479232K Free: 80129K (17%)
----------------- Invoking toplevel() on ptolemy.moml.MoMLSimpleApplication@1b938815
----------------- Done invoking toplevel() on ptolemy.moml.MoMLSimpleApplication@1b938815
reloadAllAccessors: .ErrorTransition8
----------------- testing Sun May 27 01:22:08 UTC 2018 /home/travis/build/icyphy/ptII/ptolemy/domains/modal/test/auto/ErrorTransition9.xml
----------------- Instantiating /home/travis/build/icyphy/ptII/ptolemy/domains/modal/test/auto/ErrorTransition9.xml
18 ms. Memory: 479744K Free: 454455K (95%)
----------------- Invoking toplevel() on ptolemy.moml.MoMLSimpleApplication@3967b557
----------------- Done invoking toplevel() on ptolemy.moml.MoMLSimpleApplication@3967b557
reloadAllAccessors: .ErrorTransition9
----------------- testing Sun May 27 01:22:08 UTC 2018 /home/travis/build/icyphy/ptII/ptolemy/domains/modal/test/auto/ExtendedFSM.xml
----------------- Instantiating /home/travis/build/icyphy/ptII/ptolemy/domains/modal/test/auto/ExtendedFSM.xml
9 ms. Memory: 479744K Free: 442490K (92%)
----------------- Invoking toplevel() on ptolemy.moml.MoMLSimpleApplication@2fc8b5f2
----------------- Done invoking toplevel() on ptolemy.moml.MoMLSimpleApplication@2fc8b5f2
reloadAllAccessors: .ExtendedFSM
----------------- testing Sun May 27 01:22:09 UTC 2018 /home/travis/build/icyphy/ptII/ptolemy/domains/modal/test/auto/FinalStates.xml
----------------- Instantiating /home/travis/build/icyphy/ptII/ptolemy/domains/modal/test/auto/FinalStates.xml
7 ms. Memory: 479744K Free: 430533K (90%)
----------------- Invoking toplevel() on ptolemy.moml.MoMLSimpleApplication@3f288bd7
----------------- Done invoking toplevel() on ptolemy.moml.MoMLSimpleApplication@3f288bd7
reloadAllAccessors: .FinalStates
----------------- testing Sun May 27 01:22:09 UTC 2018 /home/travis/build/icyphy/ptII/ptolemy/domains/modal/test/auto/FixedPointFSM.xml
----------------- Instantiating /home/travis/build/icyphy/ptII/ptolemy/domains/modal/test/auto/FixedPointFSM.xml
28 ms. Memory: 479744K Free: 412214K (86%)
----------------- Invoking toplevel() on ptolemy.moml.MoMLSimpleApplication@6d0923fe
----------------- Done invoking toplevel() on ptolemy.moml.MoMLSimpleApplication@6d0923fe
reloadAllAccessors: .FixedPointFSM
----------------- testing Sun May 27 01:22:09 UTC 2018 /home/travis/build/icyphy/ptII/ptolemy/domains/modal/test/auto/FixedPointIterationFSMActor.xml
----------------- Instantiating /home/travis/build/icyphy/ptII/ptolemy/domains/modal/test/auto/FixedPointIterationFSMActor.xml
9 ms. Memory: 479744K Free: 397625K (83%)
----------------- Invoking toplevel() on ptolemy.moml.MoMLSimpleApplication@4a2bb6a0
----------------- Done invoking toplevel() on ptolemy.moml.MoMLSimpleApplication@4a2bb6a0
reloadAllAccessors: .FixedPointIterationFSMActor
----------------- testing Sun May 27 01:22:09 UTC 2018 /home/travis/build/icyphy/ptII/ptolemy/domains/modal/test/auto/FixedPointIterationFSMActor2.xml
----------------- Instantiating /home/travis/build/icyphy/ptII/ptolemy/domains/modal/test/auto/FixedPointIterationFSMActor2.xml
14 ms. Memory: 479744K Free: 381930K (80%)
----------------- Invoking toplevel() on ptolemy.moml.MoMLSimpleApplication@360f77f9
----------------- Done invoking toplevel() on ptolemy.moml.MoMLSimpleApplication@360f77f9
reloadAllAccessors: .FixedPointIterationFSMActor2
----------------- testing Sun May 27 01:22:09 UTC 2018 /home/travis/build/icyphy/ptII/ptolemy/domains/modal/test/auto/ForbiddenInstantanousLoop.xml
----------------- Instantiating /home/travis/build/icyphy/ptII/ptolemy/domains/modal/test/auto/ForbiddenInstantanousLoop.xml
6 ms. Memory: 479744K Free: 364733K (76%)
----------------- Invoking toplevel() on ptolemy.moml.MoMLSimpleApplication@2dd3eb72
----------------- Done invoking toplevel() on ptolemy.moml.MoMLSimpleApplication@2dd3eb72
reloadAllAccessors: .ForbiddenInstantanousLoop
----------------- testing Sun May 27 01:22:09 UTC 2018 /home/travis/build/icyphy/ptII/ptolemy/domains/modal/test/auto/FunctionDependencyOfFSMActorTest.xml
----------------- Instantiating /home/travis/build/icyphy/ptII/ptolemy/domains/modal/test/auto/FunctionDependencyOfFSMActorTest.xml
18 ms. Memory: 479744K Free: 356894K (74%)
----------------- Invoking toplevel() on ptolemy.moml.MoMLSimpleApplication@7afe8225
----------------- Done invoking toplevel() on ptolemy.moml.MoMLSimpleApplication@7afe8225
reloadAllAccessors: .FunctionDependencyOfFSMActorTest
----------------- testing Sun May 27 01:22:09 UTC 2018 /home/travis/build/icyphy/ptII/ptolemy/domains/modal/test/auto/GuardExpression.xml
----------------- Instantiating /home/travis/build/icyphy/ptII/ptolemy/domains/modal/test/auto/GuardExpression.xml
2 ms. Memory: 479744K Free: 347537K (72%)
----------------- Invoking toplevel() on ptolemy.moml.MoMLSimpleApplication@6741ab8
----------------- Done invoking toplevel() on ptolemy.moml.MoMLSimpleApplication@6741ab8
reloadAllAccessors: .GuardExpression
----------------- testing Sun May 27 01:22:09 UTC 2018 /home/travis/build/icyphy/ptII/ptolemy/domains/modal/test/auto/GuardNotEvaluated.xml
----------------- Instantiating /home/travis/build/icyphy/ptII/ptolemy/domains/modal/test/auto/GuardNotEvaluated.xml
8 ms. Memory: 479744K Free: 337089K (70%)
----------------- Invoking toplevel() on ptolemy.moml.MoMLSimpleApplication@26b65c83
----------------- Done invoking toplevel() on ptolemy.moml.MoMLSimpleApplication@26b65c83
reloadAllAccessors: .GuardNotEvaluated
----------------- testing Sun May 27 01:22:09 UTC 2018 /home/travis/build/icyphy/ptII/ptolemy/domains/modal/test/auto/GuardNotEvaluated2.xml
----------------- Instantiating /home/travis/build/icyphy/ptII/ptolemy/domains/modal/test/auto/GuardNotEvaluated2.xml
10 ms. Memory: 479744K Free: 325132K (68%)
----------------- Invoking toplevel() on ptolemy.moml.MoMLSimpleApplication@7347904a
----------------- Done invoking toplevel() on ptolemy.moml.MoMLSimpleApplication@7347904a
reloadAllAccessors: .GuardNotEvaluated2
----------------- testing Sun May 27 01:22:09 UTC 2018 /home/travis/build/icyphy/ptII/ptolemy/domains/modal/test/auto/GuardOnAbsent.xml
----------------- Instantiating /home/travis/build/icyphy/ptII/ptolemy/domains/modal/test/auto/GuardOnAbsent.xml
9 ms. Memory: 479744K Free: 314669K (66%)
----------------- Invoking toplevel() on ptolemy.moml.MoMLSimpleApplication@67b3e8a1
----------------- Done invoking toplevel() on ptolemy.moml.MoMLSimpleApplication@67b3e8a1
reloadAllAccessors: .GuardOnAbsent
----------------- testing Sun May 27 01:22:09 UTC 2018 /home/travis/build/icyphy/ptII/ptolemy/domains/modal/test/auto/HierarchicalFSMTypeInference.xml
----------------- Instantiating /home/travis/build/icyphy/ptII/ptolemy/domains/modal/test/auto/HierarchicalFSMTypeInference.xml
4 ms. Memory: 479744K Free: 297472K (62%)
----------------- Invoking toplevel() on ptolemy.moml.MoMLSimpleApplication@69d53c9c
----------------- Done invoking toplevel() on ptolemy.moml.MoMLSimpleApplication@69d53c9c
reloadAllAccessors: .HierarchicalFSMTypeInference
----------------- testing Sun May 27 01:22:09 UTC 2018 /home/travis/build/icyphy/ptII/ptolemy/domains/modal/test/auto/Hysteresis.xml
----------------- Instantiating /home/travis/build/icyphy/ptII/ptolemy/domains/modal/test/auto/Hysteresis.xml
16 ms. Memory: 479744K Free: 279193K (58%)
----------------- Invoking toplevel() on ptolemy.moml.MoMLSimpleApplication@2d3b05c8
----------------- Done invoking toplevel() on ptolemy.moml.MoMLSimpleApplication@2d3b05c8
reloadAllAccessors: .Hysteresis
----------------- testing Sun May 27 01:22:09 UTC 2018 /home/travis/build/icyphy/ptII/ptolemy/domains/modal/test/auto/HysteresisWithDefault.xml
----------------- Instantiating /home/travis/build/icyphy/ptII/ptolemy/domains/modal/test/auto/HysteresisWithDefault.xml
53 ms. Memory: 479744K Free: 251533K (52%)
----------------- Invoking toplevel() on ptolemy.moml.MoMLSimpleApplication@d1685c8
----------------- Done invoking toplevel() on ptolemy.moml.MoMLSimpleApplication@d1685c8
reloadAllAccessors: .HysteresisWithDefault
----------------- testing Sun May 27 01:22:09 UTC 2018 /home/travis/build/icyphy/ptII/ptolemy/domains/modal/test/auto/HysteresisWithDefault2.xml
----------------- Instantiating /home/travis/build/icyphy/ptII/ptolemy/domains/modal/test/auto/HysteresisWithDefault2.xml
65 ms. Memory: 479744K Free: 217567K (45%)
----------------- Invoking toplevel() on ptolemy.moml.MoMLSimpleApplication@647725f3
----------------- Done invoking toplevel() on ptolemy.moml.MoMLSimpleApplication@647725f3
reloadAllAccessors: .HysteresisWithDefault2
----------------- testing Sun May 27 01:22:09 UTC 2018 /home/travis/build/icyphy/ptII/ptolemy/domains/modal/test/auto/ImmediateNonConstructiveness.xml
----------------- Instantiating /home/travis/build/icyphy/ptII/ptolemy/domains/modal/test/auto/ImmediateNonConstructiveness.xml
5 ms. Memory: 479744K Free: 205602K (43%)
----------------- Invoking toplevel() on ptolemy.moml.MoMLSimpleApplication@14f3299f
----------------- Done invoking toplevel() on ptolemy.moml.MoMLSimpleApplication@14f3299f
reloadAllAccessors: .ImmediateNonConstructiveness
----------------- testing Sun May 27 01:22:09 UTC 2018 /home/travis/build/icyphy/ptII/ptolemy/domains/modal/test/auto/ImmediateNonConstructiveness2.xml
----------------- Instantiating /home/travis/build/icyphy/ptII/ptolemy/domains/modal/test/auto/ImmediateNonConstructiveness2.xml
2 ms. Memory: 479744K Free: 195155K (41%)
----------------- Invoking toplevel() on ptolemy.moml.MoMLSimpleApplication@3e236c24
----------------- Done invoking toplevel() on ptolemy.moml.MoMLSimpleApplication@3e236c24
reloadAllAccessors: .ImmediateNonConstructiveness2
----------------- testing Sun May 27 01:22:09 UTC 2018 /home/travis/build/icyphy/ptII/ptolemy/domains/modal/test/auto/ImmediateTransitionReset.xml
----------------- Instantiating /home/travis/build/icyphy/ptII/ptolemy/domains/modal/test/auto/ImmediateTransitionReset.xml
10 ms. Memory: 479744K Free: 177974K (37%)
----------------- Invoking toplevel() on ptolemy.moml.MoMLSimpleApplication@a4c12f6
----------------- Done invoking toplevel() on ptolemy.moml.MoMLSimpleApplication@a4c12f6
reloadAllAccessors: .ImmediateTransitionReset
----------------- testing Sun May 27 01:22:09 UTC 2018 /home/travis/build/icyphy/ptII/ptolemy/domains/modal/test/auto/ImmediateTransitions1.xml
----------------- Instantiating /home/travis/build/icyphy/ptII/ptolemy/domains/modal/test/auto/ImmediateTransitions1.xml
2 ms. Memory: 479744K Free: 170135K (35%)
----------------- Invoking toplevel() on ptolemy.moml.MoMLSimpleApplication@5cec96e4
----------------- Done invoking toplevel() on ptolemy.moml.MoMLSimpleApplication@5cec96e4
reloadAllAccessors: .ImmediateTransitions1
----------------- testing Sun May 27 01:22:09 UTC 2018 /home/travis/build/icyphy/ptII/ptolemy/domains/modal/test/auto/ImmediateTransitionsInstantaneousCommunication.xml
----------------- Instantiating /home/travis/build/icyphy/ptII/ptolemy/domains/modal/test/auto/ImmediateTransitionsInstantaneousCommunication.xml
5 ms. Memory: 479744K Free: 152938K (32%)
----------------- Invoking toplevel() on ptolemy.moml.MoMLSimpleApplication@57526d97
----------------- Done invoking toplevel() on ptolemy.moml.MoMLSimpleApplication@57526d97
reloadAllAccessors: .ImmediateTransitionsInstantaneousCommunication
----------------- testing Sun May 27 01:22:10 UTC 2018 /home/travis/build/icyphy/ptII/ptolemy/domains/modal/test/auto/InitialImmediateTransition.xml
----------------- Instantiating /home/travis/build/icyphy/ptII/ptolemy/domains/modal/test/auto/InitialImmediateTransition.xml
7 ms. Memory: 479744K Free: 142475K (30%)
----------------- Invoking toplevel() on ptolemy.moml.MoMLSimpleApplication@327be28b
----------------- Done invoking toplevel() on ptolemy.moml.MoMLSimpleApplication@327be28b
reloadAllAccessors: .InitialImmediateTransition
----------------- testing Sun May 27 01:22:10 UTC 2018 /home/travis/build/icyphy/ptII/ptolemy/domains/modal/test/auto/InitialOutputs.xml
----------------- Instantiating /home/travis/build/icyphy/ptII/ptolemy/domains/modal/test/auto/InitialOutputs.xml
3 ms. Memory: 479744K Free: 130510K (27%)
----------------- Invoking toplevel() on ptolemy.moml.MoMLSimpleApplication@7790ddbc
----------------- Done invoking toplevel() on ptolemy.moml.MoMLSimpleApplication@7790ddbc
reloadAllAccessors: .InitialOutputs
----------------- testing Sun May 27 01:22:10 UTC 2018 /home/travis/build/icyphy/ptII/ptolemy/domains/modal/test/auto/InitialStateTransition1.xml
----------------- Instantiating /home/travis/build/icyphy/ptII/ptolemy/domains/modal/test/auto/InitialStateTransition1.xml
3 ms. Memory: 479744K Free: 118560K (25%)
----------------- Invoking toplevel() on ptolemy.moml.MoMLSimpleApplication@741ce922
----------------- Done invoking toplevel() on ptolemy.moml.MoMLSimpleApplication@741ce922
reloadAllAccessors: .InitialStateTransition1
----------------- testing Sun May 27 01:22:10 UTC 2018 /home/travis/build/icyphy/ptII/ptolemy/domains/modal/test/auto/InitialStateTransition2.xml
----------------- Instantiating /home/travis/build/icyphy/ptII/ptolemy/domains/modal/test/auto/InitialStateTransition2.xml
.InitialStateTransition2.TestExceptionAttributeNonConstructive: initialize() was not invoked, but wrapup() was.  This is unusual, but not always a problem.  For example, exporting JNLP will do this.
1 ms. Memory: 479744K Free: 108113K (23%)
----------------- Invoking toplevel() on ptolemy.moml.MoMLSimpleApplication@5f7c1c56
----------------- Done invoking toplevel() on ptolemy.moml.MoMLSimpleApplication@5f7c1c56
reloadAllAccessors: .InitialStateTransition2
----------------- testing Sun May 27 01:22:10 UTC 2018 /home/travis/build/icyphy/ptII/ptolemy/domains/modal/test/auto/InitialStateTransition3.xml
----------------- Instantiating /home/travis/build/icyphy/ptII/ptolemy/domains/modal/test/auto/InitialStateTransition3.xml
5 ms. Memory: 479744K Free: 93556K (20%)
----------------- Invoking toplevel() on ptolemy.moml.MoMLSimpleApplication@324d48a0
----------------- Done invoking toplevel() on ptolemy.moml.MoMLSimpleApplication@324d48a0
reloadAllAccessors: .InitialStateTransition3
----------------- testing Sun May 27 01:22:10 UTC 2018 /home/travis/build/icyphy/ptII/ptolemy/domains/modal/test/auto/InitialStateTransition4.xml
----------------- Instantiating /home/travis/build/icyphy/ptII/ptolemy/domains/modal/test/auto/InitialStateTransition4.xml
4 ms. Memory: 479744K Free: 80516K (17%)
----------------- Invoking toplevel() on ptolemy.moml.MoMLSimpleApplication@76758f35
----------------- Done invoking toplevel() on ptolemy.moml.MoMLSimpleApplication@76758f35
reloadAllAccessors: .InitialStateTransition4
----------------- testing Sun May 27 01:22:10 UTC 2018 /home/travis/build/icyphy/ptII/ptolemy/domains/modal/test/auto/MalformedGuardExpressionNotCaught.xml
----------------- Instantiating /home/travis/build/icyphy/ptII/ptolemy/domains/modal/test/auto/MalformedGuardExpressionNotCaught.xml
3 ms. Memory: 715264K Free: 693015K (97%)
----------------- Invoking toplevel() on ptolemy.moml.MoMLSimpleApplication@654a7fab
----------------- Done invoking toplevel() on ptolemy.moml.MoMLSimpleApplication@654a7fab
reloadAllAccessors: .MalformedGuardExpressionNotCaught
----------------- testing Sun May 27 01:22:10 UTC 2018 /home/travis/build/icyphy/ptII/ptolemy/domains/modal/test/auto/ModalBSC.xml
----------------- Instantiating /home/travis/build/icyphy/ptII/ptolemy/domains/modal/test/auto/ModalBSC.xml
56 ms. Memory: 715264K Free: 657716K (92%)
----------------- Invoking toplevel() on ptolemy.moml.MoMLSimpleApplication@64697e4c
----------------- Done invoking toplevel() on ptolemy.moml.MoMLSimpleApplication@64697e4c
reloadAllAccessors: .ModalBSC
----------------- testing Sun May 27 01:22:10 UTC 2018 /home/travis/build/icyphy/ptII/ptolemy/domains/modal/test/auto/ModalClocks.xml
----------------- Instantiating /home/travis/build/icyphy/ptII/ptolemy/domains/modal/test/auto/ModalClocks.xml
41 ms. Memory: 715264K Free: 628446K (88%)
----------------- Invoking toplevel() on ptolemy.moml.MoMLSimpleApplication@4fa446ab
----------------- Done invoking toplevel() on ptolemy.moml.MoMLSimpleApplication@4fa446ab
reloadAllAccessors: .ModalClocks
----------------- testing Sun May 27 01:22:10 UTC 2018 /home/travis/build/icyphy/ptII/ptolemy/domains/modal/test/auto/ModalDelay.xml
----------------- Instantiating /home/travis/build/icyphy/ptII/ptolemy/domains/modal/test/auto/ModalDelay.xml
19 ms. Memory: 715264K Free: 609877K (85%)
----------------- Invoking toplevel() on ptolemy.moml.MoMLSimpleApplication@15df3f5d
----------------- Done invoking toplevel() on ptolemy.moml.MoMLSimpleApplication@15df3f5d
reloadAllAccessors: .ModalDelay
----------------- testing Sun May 27 01:22:10 UTC 2018 /home/travis/build/icyphy/ptII/ptolemy/domains/modal/test/auto/ModalDelay2.xml
----------------- Instantiating /home/travis/build/icyphy/ptII/ptolemy/domains/modal/test/auto/ModalDelay2.xml
20 ms. Memory: 715264K Free: 593163K (83%)
----------------- Invoking toplevel() on ptolemy.moml.MoMLSimpleApplication@1bdf21f4
----------------- Done invoking toplevel() on ptolemy.moml.MoMLSimpleApplication@1bdf21f4
reloadAllAccessors: .ModalDelay2
----------------- testing Sun May 27 01:22:10 UTC 2018 /home/travis/build/icyphy/ptII/ptolemy/domains/modal/test/auto/ModalModelFromMemo.xml
----------------- Instantiating /home/travis/build/icyphy/ptII/ptolemy/domains/modal/test/auto/ModalModelFromMemo.xml
22 ms. Memory: 715264K Free: 566212K (79%)
----------------- Invoking toplevel() on ptolemy.moml.MoMLSimpleApplication@6b1c0622
----------------- Done invoking toplevel() on ptolemy.moml.MoMLSimpleApplication@6b1c0622
reloadAllAccessors: .ModalModelFromMemo
----------------- testing Sun May 27 01:22:10 UTC 2018 /home/travis/build/icyphy/ptII/ptolemy/domains/modal/test/auto/ModalModelWithMultirateTransient.xml
----------------- Instantiating /home/travis/build/icyphy/ptII/ptolemy/domains/modal/test/auto/ModalModelWithMultirateTransient.xml
20 ms. Memory: 715264K Free: 545323K (76%)
----------------- Invoking toplevel() on ptolemy.moml.MoMLSimpleApplication@59141b19
----------------- Done invoking toplevel() on ptolemy.moml.MoMLSimpleApplication@59141b19
reloadAllAccessors: .ModalModelWithMultirateTransient
----------------- testing Sun May 27 01:22:10 UTC 2018 /home/travis/build/icyphy/ptII/ptolemy/domains/modal/test/auto/ModalModelWithReset.xml
----------------- Instantiating /home/travis/build/icyphy/ptII/ptolemy/domains/modal/test/auto/ModalModelWithReset.xml
19 ms. Memory: 715264K Free: 526754K (74%)
----------------- Invoking toplevel() on ptolemy.moml.MoMLSimpleApplication@62ac8c05
----------------- Done invoking toplevel() on ptolemy.moml.MoMLSimpleApplication@62ac8c05
reloadAllAccessors: .ModalModelWithReset
----------------- testing Sun May 27 01:22:10 UTC 2018 /home/travis/build/icyphy/ptII/ptolemy/domains/modal/test/auto/MouseClickFSM.xml
----------------- Instantiating /home/travis/build/icyphy/ptII/ptolemy/domains/modal/test/auto/MouseClickFSM.xml
18 ms. Memory: 715264K Free: 505850K (71%)
----------------- Invoking toplevel() on ptolemy.moml.MoMLSimpleApplication@5c2e932c
----------------- Done invoking toplevel() on ptolemy.moml.MoMLSimpleApplication@5c2e932c
reloadAllAccessors: .MouseClickFSM
----------------- testing Sun May 27 01:22:10 UTC 2018 /home/travis/build/icyphy/ptII/ptolemy/domains/modal/test/auto/MouseClickFSMModal.xml
----------------- Instantiating /home/travis/build/icyphy/ptII/ptolemy/domains/modal/test/auto/MouseClickFSMModal.xml
12 ms. Memory: 715264K Free: 484961K (68%)
----------------- Invoking toplevel() on ptolemy.moml.MoMLSimpleApplication@58c13a3d
----------------- Done invoking toplevel() on ptolemy.moml.MoMLSimpleApplication@58c13a3d
reloadAllAccessors: .MouseClickFSMModal
----------------- testing Sun May 27 01:22:11 UTC 2018 /home/travis/build/icyphy/ptII/ptolemy/domains/modal/test/auto/NonStrictFSM_FeedbackLoop.xml
----------------- Instantiating /home/travis/build/icyphy/ptII/ptolemy/domains/modal/test/auto/NonStrictFSM_FeedbackLoop.xml
27 ms. Memory: 715264K Free: 458043K (64%)
----------------- Invoking toplevel() on ptolemy.moml.MoMLSimpleApplication@1cce31a6
----------------- Done invoking toplevel() on ptolemy.moml.MoMLSimpleApplication@1cce31a6
reloadAllAccessors: .NonStrictFSM_FeedbackLoop
----------------- testing Sun May 27 01:22:11 UTC 2018 /home/travis/build/icyphy/ptII/ptolemy/domains/modal/test/auto/NonStrictFSM_FeedbackLoop_Refinement.xml
----------------- Instantiating /home/travis/build/icyphy/ptII/ptolemy/domains/modal/test/auto/NonStrictFSM_FeedbackLoop_Refinement.xml
37 ms. Memory: 715264K Free: 424622K (59%)
----------------- Invoking toplevel() on ptolemy.moml.MoMLSimpleApplication@5b91c35d
----------------- Done invoking toplevel() on ptolemy.moml.MoMLSimpleApplication@5b91c35d
reloadAllAccessors: .NonStrictFSM_FeedbackLoop_Refinement
----------------- testing Sun May 27 01:22:11 UTC 2018 /home/travis/build/icyphy/ptII/ptolemy/domains/modal/test/auto/NonStrictFSM_FeedbackLoop_preemptive.xml
----------------- Instantiating /home/travis/build/icyphy/ptII/ptolemy/domains/modal/test/auto/NonStrictFSM_FeedbackLoop_preemptive.xml
17 ms. Memory: 715264K Free: 393529K (55%)
----------------- Invoking toplevel() on ptolemy.moml.MoMLSimpleApplication@43094487
----------------- Done invoking toplevel() on ptolemy.moml.MoMLSimpleApplication@43094487
reloadAllAccessors: .NonStrictFSM_FeedbackLoop_preemptive
----------------- testing Sun May 27 01:22:11 UTC 2018 /home/travis/build/icyphy/ptII/ptolemy/domains/modal/test/auto/NormalTermination.xml
----------------- Instantiating /home/travis/build/icyphy/ptII/ptolemy/domains/modal/test/auto/NormalTermination.xml
10 ms. Memory: 715264K Free: 368466K (52%)
----------------- Invoking toplevel() on ptolemy.moml.MoMLSimpleApplication@4d520f0d
----------------- Done invoking toplevel() on ptolemy.moml.MoMLSimpleApplication@4d520f0d
reloadAllAccessors: .NormalTermination
----------------- testing Sun May 27 01:22:11 UTC 2018 /home/travis/build/icyphy/ptII/ptolemy/domains/modal/test/auto/Pong.xml
----------------- Instantiating /home/travis/build/icyphy/ptII/ptolemy/domains/modal/test/auto/Pong.xml
87 ms. Memory: 715264K Free: 341515K (48%)
----------------- Invoking toplevel() on ptolemy.moml.MoMLSimpleApplication@3ccaf118
----------------- Done invoking toplevel() on ptolemy.moml.MoMLSimpleApplication@3ccaf118
reloadAllAccessors: .Pong
[...]
2 ms. Memory: 678912K Free: 545255K (80%)
----------------- Invoking toplevel() on ptolemy.moml.MoMLSimpleApplication@463df1bc
----------------- Done invoking toplevel() on ptolemy.moml.MoMLSimpleApplication@463df1bc
reloadAllAccessors: .StrongImmediateTransition
----------------- testing Sun May 27 01:22:12 UTC 2018 /home/travis/build/icyphy/ptII/ptolemy/domains/modal/test/auto/SustainHierarchy.xml
----------------- Instantiating /home/travis/build/icyphy/ptII/ptolemy/domains/modal/test/auto/SustainHierarchy.xml
7 ms. Memory: 678912K Free: 528047K (78%)
----------------- Invoking toplevel() on ptolemy.moml.MoMLSimpleApplication@73e06a4c
----------------- Done invoking toplevel() on ptolemy.moml.MoMLSimpleApplication@73e06a4c
reloadAllAccessors: .SustainHierarchy
----------------- testing Sun May 27 01:22:12 UTC 2018 /home/travis/build/icyphy/ptII/ptolemy/domains/modal/test/auto/TerminationTransition1.xml
----------------- Instantiating /home/travis/build/icyphy/ptII/ptolemy/domains/modal/test/auto/TerminationTransition1.xml
2 ms. Memory: 678912K Free: 510822K (75%)
----------------- Invoking toplevel() on ptolemy.moml.MoMLSimpleApplication@ea234d5
----------------- Done invoking toplevel() on ptolemy.moml.MoMLSimpleApplication@ea234d5
reloadAllAccessors: .TerminationTransition1
----------------- testing Sun May 27 01:22:12 UTC 2018 /home/travis/build/icyphy/ptII/ptolemy/domains/modal/test/auto/TerminationTransition2.xml
----------------- Instantiating /home/travis/build/icyphy/ptII/ptolemy/domains/modal/test/auto/TerminationTransition2.xml
4 ms. Memory: 678912K Free: 494900K (73%)
----------------- Invoking toplevel() on ptolemy.moml.MoMLSimpleApplication@6e035fdc
----------------- Done invoking toplevel() on ptolemy.moml.MoMLSimpleApplication@6e035fdc
reloadAllAccessors: .TerminationTransition2
----------------- testing Sun May 27 01:22:12 UTC 2018 /home/travis/build/icyphy/ptII/ptolemy/domains/modal/test/auto/TerminationTransition3.xml
----------------- Instantiating /home/travis/build/icyphy/ptII/ptolemy/domains/modal/test/auto/TerminationTransition3.xml
2 ms. Memory: 678912K Free: 477691K (70%)
----------------- Invoking toplevel() on ptolemy.moml.MoMLSimpleApplication@532ad260
----------------- Done invoking toplevel() on ptolemy.moml.MoMLSimpleApplication@532ad260
reloadAllAccessors: .TerminationTransition3
----------------- testing Sun May 27 01:22:12 UTC 2018 /home/travis/build/icyphy/ptII/ptolemy/domains/modal/test/auto/TerminationTransition4.xml
----------------- Instantiating /home/travis/build/icyphy/ptII/ptolemy/domains/modal/test/auto/TerminationTransition4.xml
6 ms. Memory: 678912K Free: 456506K (67%)
----------------- Invoking toplevel() on ptolemy.moml.MoMLSimpleApplication@7bfc04ee
----------------- Done invoking toplevel() on ptolemy.moml.MoMLSimpleApplication@7bfc04ee
reloadAllAccessors: .TerminationTransition4
----------------- testing Sun May 27 01:22:12 UTC 2018 /home/travis/build/icyphy/ptII/ptolemy/domains/modal/test/auto/TerminationTransition5.xml
----------------- Instantiating /home/travis/build/icyphy/ptII/ptolemy/domains/modal/test/auto/TerminationTransition5.xml
3 ms. Memory: 678912K Free: 436591K (64%)
----------------- Invoking toplevel() on ptolemy.moml.MoMLSimpleApplication@2bc47d88
----------------- Done invoking toplevel() on ptolemy.moml.MoMLSimpleApplication@2bc47d88
reloadAllAccessors: .TerminationTransition5
----------------- testing Sun May 27 01:22:12 UTC 2018 /home/travis/build/icyphy/ptII/ptolemy/domains/modal/test/auto/TerminationTransition6.xml
----------------- Instantiating /home/travis/build/icyphy/ptII/ptolemy/domains/modal/test/auto/TerminationTransition6.xml
2 ms. Memory: 678912K Free: 419367K (62%)
----------------- Invoking toplevel() on ptolemy.moml.MoMLSimpleApplication@26dba9
----------------- Done invoking toplevel() on ptolemy.moml.MoMLSimpleApplication@26dba9
reloadAllAccessors: .TerminationTransition6
----------------- testing Sun May 27 01:22:12 UTC 2018 /home/travis/build/icyphy/ptII/ptolemy/domains/modal/test/auto/TerminationTransition7.xml
----------------- Instantiating /home/travis/build/icyphy/ptII/ptolemy/domains/modal/test/auto/TerminationTransition7.xml
5 ms. Memory: 678912K Free: 402142K (59%)
----------------- Invoking toplevel() on ptolemy.moml.MoMLSimpleApplication@342f2d9b
----------------- Done invoking toplevel() on ptolemy.moml.MoMLSimpleApplication@342f2d9b
reloadAllAccessors: .TerminationTransition7
----------------- testing Sun May 27 01:22:12 UTC 2018 /home/travis/build/icyphy/ptII/ptolemy/domains/modal/test/auto/TerminationTransition8.xml
----------------- Instantiating /home/travis/build/icyphy/ptII/ptolemy/domains/modal/test/auto/TerminationTransition8.xml
2 ms. Memory: 678912K Free: 384926K (57%)
----------------- Invoking toplevel() on ptolemy.moml.MoMLSimpleApplication@1948c556
----------------- Done invoking toplevel() on ptolemy.moml.MoMLSimpleApplication@1948c556
reloadAllAccessors: .TerminationTransition8
----------------- testing Sun May 27 01:22:13 UTC 2018 /home/travis/build/icyphy/ptII/ptolemy/domains/modal/test/auto/Thermostat_NoHysteresis.xml
----------------- Instantiating /home/travis/build/icyphy/ptII/ptolemy/domains/modal/test/auto/Thermostat_NoHysteresis.xml
41 ms. Memory: 678912K Free: 353057K (52%)
----------------- Invoking toplevel() on ptolemy.moml.MoMLSimpleApplication@141cdc43
----------------- Done invoking toplevel() on ptolemy.moml.MoMLSimpleApplication@141cdc43
reloadAllAccessors: .Thermostat_NoHysteresis
----------------- testing Sun May 27 01:22:13 UTC 2018 /home/travis/build/icyphy/ptII/ptolemy/domains/modal/test/auto/TimedFSM.xml
----------------- Instantiating /home/travis/build/icyphy/ptII/ptolemy/domains/modal/test/auto/TimedFSM.xml
11 ms. Memory: 678912K Free: 335857K (49%)
----------------- Invoking toplevel() on ptolemy.moml.MoMLSimpleApplication@3db5359c
----------------- Done invoking toplevel() on ptolemy.moml.MoMLSimpleApplication@3db5359c
reloadAllAccessors: .TimedFSM
----------------- testing Sun May 27 01:22:13 UTC 2018 /home/travis/build/icyphy/ptII/ptolemy/domains/modal/test/auto/Timeout1.xml
----------------- Instantiating /home/travis/build/icyphy/ptII/ptolemy/domains/modal/test/auto/Timeout1.xml
8 ms. Memory: 678912K Free: 326617K (48%)
----------------- Invoking toplevel() on ptolemy.moml.MoMLSimpleApplication@1374cdb9
----------------- Done invoking toplevel() on ptolemy.moml.MoMLSimpleApplication@1374cdb9
reloadAllAccessors: .Timeout1
----------------- testing Sun May 27 01:22:13 UTC 2018 /home/travis/build/icyphy/ptII/ptolemy/domains/modal/test/auto/Timeout2.xml
----------------- Instantiating /home/travis/build/icyphy/ptII/ptolemy/domains/modal/test/auto/Timeout2.xml
12 ms. Memory: 678912K Free: 314671K (46%)
----------------- Invoking toplevel() on ptolemy.moml.MoMLSimpleApplication@6b1d1252
----------------- Done invoking toplevel() on ptolemy.moml.MoMLSimpleApplication@6b1d1252
reloadAllAccessors: .Timeout2
----------------- testing Sun May 27 01:22:13 UTC 2018 /home/travis/build/icyphy/ptII/ptolemy/domains/modal/test/auto/Timeout3.xml
----------------- Instantiating /home/travis/build/icyphy/ptII/ptolemy/domains/modal/test/auto/Timeout3.xml
2 ms. Memory: 678912K Free: 305432K (45%)
----------------- Invoking toplevel() on ptolemy.moml.MoMLSimpleApplication@4ca4eeb6
----------------- Done invoking toplevel() on ptolemy.moml.MoMLSimpleApplication@4ca4eeb6
reloadAllAccessors: .Timeout3
----------------- testing Sun May 27 01:22:13 UTC 2018 /home/travis/build/icyphy/ptII/ptolemy/domains/modal/test/auto/Timeout4.xml
----------------- Instantiating /home/travis/build/icyphy/ptII/ptolemy/domains/modal/test/auto/Timeout4.xml
3 ms. Memory: 678912K Free: 296193K (44%)
----------------- Invoking toplevel() on ptolemy.moml.MoMLSimpleApplication@7625e86
----------------- Done invoking toplevel() on ptolemy.moml.MoMLSimpleApplication@7625e86
reloadAllAccessors: .Timeout4
----------------- testing Sun May 27 01:22:13 UTC 2018 /home/travis/build/icyphy/ptII/ptolemy/domains/modal/test/auto/TransientstateModelAdvanced.xml
----------------- Instantiating /home/travis/build/icyphy/ptII/ptolemy/domains/modal/test/auto/TransientstateModelAdvanced.xml
4 ms. Memory: 678912K Free: 276286K (41%)
----------------- Invoking toplevel() on ptolemy.moml.MoMLSimpleApplication@174da999
----------------- Done invoking toplevel() on ptolemy.moml.MoMLSimpleApplication@174da999
reloadAllAccessors: .TransientstateModelAdvanced
----------------- testing Sun May 27 01:22:13 UTC 2018 /home/travis/build/icyphy/ptII/ptolemy/domains/modal/test/auto/TransientstateModelAdvanced2.xml
----------------- Instantiating /home/travis/build/icyphy/ptII/ptolemy/domains/modal/test/auto/TransientstateModelAdvanced2.xml
4 ms. Memory: 678912K Free: 255108K (38%)
----------------- Invoking toplevel() on ptolemy.moml.MoMLSimpleApplication@1ae9ff3c
----------------- Done invoking toplevel() on ptolemy.moml.MoMLSimpleApplication@1ae9ff3c
reloadAllAccessors: .transientstatemodelAdvanced
----------------- testing Sun May 27 01:22:13 UTC 2018 /home/travis/build/icyphy/ptII/ptolemy/domains/modal/test/auto/TransitionRefinements.xml
----------------- Instantiating /home/travis/build/icyphy/ptII/ptolemy/domains/modal/test/auto/TransitionRefinements.xml
8 ms. Memory: 678912K Free: 241876K (36%)
----------------- Invoking toplevel() on ptolemy.moml.MoMLSimpleApplication@43d1f004
----------------- Done invoking toplevel() on ptolemy.moml.MoMLSimpleApplication@43d1f004
reloadAllAccessors: .TransitionRefinements
----------------- testing Sun May 27 01:22:13 UTC 2018 /home/travis/build/icyphy/ptII/ptolemy/domains/modal/test/auto/TwoRefinements1.xml
----------------- Instantiating /home/travis/build/icyphy/ptII/ptolemy/domains/modal/test/auto/TwoRefinements1.xml
3 ms. Memory: 678912K Free: 225970K (33%)
----------------- Invoking toplevel() on ptolemy.moml.MoMLSimpleApplication@36f0206d
----------------- Done invoking toplevel() on ptolemy.moml.MoMLSimpleApplication@36f0206d
reloadAllAccessors: .TwoRefinements1
----------------- testing Sun May 27 01:22:13 UTC 2018 /home/travis/build/icyphy/ptII/ptolemy/domains/modal/test/auto/TwoRefinements2.xml
----------------- Instantiating /home/travis/build/icyphy/ptII/ptolemy/domains/modal/test/auto/TwoRefinements2.xml
2 ms. Memory: 678912K Free: 208761K (31%)
----------------- Invoking toplevel() on ptolemy.moml.MoMLSimpleApplication@4949e841
----------------- Done invoking toplevel() on ptolemy.moml.MoMLSimpleApplication@4949e841
reloadAllAccessors: .TwoRefinements2
----------------- testing Sun May 27 01:22:13 UTC 2018 /home/travis/build/icyphy/ptII/ptolemy/domains/modal/test/auto/WeakImmediateTransition.xml
----------------- Instantiating /home/travis/build/icyphy/ptII/ptolemy/domains/modal/test/auto/WeakImmediateTransition.xml
3 ms. Memory: 678912K Free: 191553K (28%)
----------------- Invoking toplevel() on ptolemy.moml.MoMLSimpleApplication@40030e27
----------------- Done invoking toplevel() on ptolemy.moml.MoMLSimpleApplication@40030e27
reloadAllAccessors: .WeakImmediateTransition
----------------- testing Sun May 27 01:22:13 UTC 2018 /home/travis/build/icyphy/ptII/ptolemy/domains/modal/test/auto/booleanSelect.xml
----------------- Instantiating /home/travis/build/icyphy/ptII/ptolemy/domains/modal/test/auto/booleanSelect.xml
40 ms. Memory: 678912K Free: 171622K (25%)
----------------- Invoking toplevel() on ptolemy.moml.MoMLSimpleApplication@7404df5a
----------------- Done invoking toplevel() on ptolemy.moml.MoMLSimpleApplication@7404df5a
reloadAllAccessors: .booleanSelect
----------------- testing Sun May 27 01:22:13 UTC 2018 /home/travis/build/icyphy/ptII/ptolemy/domains/modal/test/auto/modalChangingParams.xml
----------------- Instantiating /home/travis/build/icyphy/ptII/ptolemy/domains/modal/test/auto/modalChangingParams.xml
0
1
0
2
4
6
8
7
0
2
4
6
8
13
0
2
4
6
8
19
0
2
4
6
8
25
0
2
4
6
8
31
0
2
4
6
8
37
0
2
4
6
8
43
0
2
4
6
8
49
0
2
4
6
8
55
0
2
4
6
8
61
0
2
4
6
8
67
0
2
4
6
8
73
0
2
4
6
8
79
0
2
4
6
8
85
0
2
4
6
8
91
0
2
4
6
8
97
0
2
4
6
8
103
0
2
4
6
8
109
0
2
4
6
8
115
0
2
4
6
8
121
0
2
4
6
8
127
0
2
4
6
8
133
0
2
4
6
8
139
0
2
4
6
8
145
0
2
4
6
8
151
0
2
4
6
8
157
0
2
4
6
8
163
0
2
4
6
8
169
0
2
4
6
8
175
0
2
4
6
8
181
0
2
4
6
8
187
0
2
4
6
8
193
0
2
4
6
8
199
0
2
4
6
8
205
0
2
4
6
8
211
0
2
4
6
8
217
0
2
4
6
8
223
0
2
4
6
8
229
0
2
4
6
8
235
0
2
4
6
8
241
0
2
4
6
8
247
0
2
4
6
8
253
0
2
4
6
8
259
0
2
4
6
8
265
0
2
4
6
8
271
0
2
4
6
8
277
0
2
4
6
8
283
0
2
4
6
8
289
0
2
4
6
8
295
0
2
4
6
8
301
0
2
4
6
8
307
0
2
4
6
8
313
0
2
4
6
8
319
0
2
4
6
8
325
0
2
4
6
8
331
0
2
4
6
8
337
0
2
4
6
8
343
0
2
4
6
8
349
0
2
4
6
8
355
0
2
4
6
8
361
0
2
4
6
8
367
0
2
4
6
8
373
0
2
4
6
8
379
0
2
4
6
8
385
0
2
4
6
8
391
0
2
4
6
8
397
0
2
4
6
8
403
0
2
4
6
8
409
0
2
4
6
8
415
0
2
4
6
8
421
0
2
4
6
8
427
0
2
4
6
8
433
0
2
4
6
8
439
0
2
4
6
8
445
0
2
4
6
8
451
0
2
4
6
8
457
0
2
4
6
8
463
0
2
4
6
8
469
0
2
4
6
8
475
0
2
4
6
8
481
0
2
4
6
8
487
0
2
4
6
8
493
0
2
4
6
8
499
0
2
4
6
8
505
0
2
4
6
8
511
0
2
4
6
8
517
0
2
4
6
8
523
0
2
4
6
8
529
0
2
4
6
8
535
0
2
4
6
8
541
0
2
4
6
8
547
0
2
4
6
8
553
0
2
4
6
8
559
0
2
4
6
8
565
0
2
4
6
8
571
0
2
4
6
8
577
0
2
4
6
8
583
0
2
4
6
8
589
0
2
4
6
8
595
0
2
4
6
8
601
0
2
4
6
8
607
0
2
4
6
8
613
0
2
4
6
8
619
0
2
4
6
8
625
0
2
4
6
8
631
0
2
4
6
8
637
0
2
4
6
8
643
0
2
4
6
8
649
0
2
4
6
8
655
0
2
4
6
8
661
0
2
4
6
8
667
0
2
4
6
8
673
0
2
4
6
8
679
0
2
4
6
8
685
0
2
4
6
8
691
0
2
4
6
8
697
0
2
4
6
8
703
0
2
4
6
8
709
0
2
4
6
8
715
0
2
4
6
8
721
0
2
4
6
8
727
0
2
4
6
8
733
0
2
4
6
8
739
0
2
4
6
8
745
0
2
4
6
8
751
0
2
4
6
8
757
0
2
4
6
8
763
0
2
4
6
8
769
0
2
4
6
8
775
0
2
4
6
8
781
0
2
4
6
8
787
0
2
4
6
8
793
0
2
4
6
8
799
0
2
4
6
8
805
0
2
4
6
8
811
0
2
4
6
8
817
0
2
4
6
8
823
0
2
4
6
8
829
0
2
4
6
8
835
0
2
4
6
8
841
0
2
4
6
8
847
0
2
4
6
8
853
0
2
4
6
8
859
0
2
4
6
8
865
0
2
4
6
8
871
0
2
4
6
8
877
0
2
4
6
8
883
0
2
4
6
8
889
0
2
4
6
8
895
0
2
4
6
8
901
0
2
4
6
8
907
0
2
4
6
8
913
0
2
4
6
8
919
0
2
4
6
8
925
0
2
4
6
8
931
0
2
4
6
8
937
0
2
4
6
8
943
0
2
4
6
8
949
0
2
4
6
8
955
0
2
4
6
8
961
0
2
4
6
8
967
0
2
4
6
8
973
0
2
4
6
8
979
0
2
4
6
8
985
0
2
4
6
8
991
0
2
4
6
8
997
0
2
333 ms. Memory: 650240K Free: 620085K (95%)
----------------- Invoking toplevel() on ptolemy.moml.MoMLSimpleApplication@34dde1ef
----------------- Done invoking toplevel() on ptolemy.moml.MoMLSimpleApplication@34dde1ef
reloadAllAccessors: .modalChangingParams
----------------- testing Sun May 27 01:22:14 UTC 2018 /home/travis/build/icyphy/ptII/ptolemy/domains/modal/test/auto/modalModel.xml
----------------- Instantiating /home/travis/build/icyphy/ptII/ptolemy/domains/modal/test/auto/modalModel.xml
6 ms. Memory: 650240K Free: 605771K (93%)
----------------- Invoking toplevel() on ptolemy.moml.MoMLSimpleApplication@386cdd9b
----------------- Done invoking toplevel() on ptolemy.moml.MoMLSimpleApplication@386cdd9b
reloadAllAccessors: .modalModel
----------------- testing Sun May 27 01:22:14 UTC 2018 /home/travis/build/icyphy/ptII/ptolemy/domains/modal/test/auto/modalModel2.xml
----------------- Instantiating /home/travis/build/icyphy/ptII/ptolemy/domains/modal/test/auto/modalModel2.xml
7 ms. Memory: 650240K Free: 589615K (91%)
----------------- Invoking toplevel() on ptolemy.moml.MoMLSimpleApplication@6fba8226
----------------- Done invoking toplevel() on ptolemy.moml.MoMLSimpleApplication@6fba8226
reloadAllAccessors: .modalModel2
----------------- testing Sun May 27 01:22:14 UTC 2018 /home/travis/build/icyphy/ptII/ptolemy/domains/modal/test/auto/modalModel3.xml
----------------- Instantiating /home/travis/build/icyphy/ptII/ptolemy/domains/modal/test/auto/modalModel3.xml
0	0	0
1	0	1
4	2	2
7	4	3
10	6	4
5	0	5
8	2	6
11	4	7
14	6	8
9	0	9
12	2	10
15	4	11
18	6	12
13	0	13
16	2	14
15 ms. Memory: 650240K Free: 569693K (88%)
----------------- Invoking toplevel() on ptolemy.moml.MoMLSimpleApplication@6930ee9e
----------------- Done invoking toplevel() on ptolemy.moml.MoMLSimpleApplication@6930ee9e
reloadAllAccessors: .modalModel3
----------------- testing Sun May 27 01:22:14 UTC 2018 /home/travis/build/icyphy/ptII/ptolemy/domains/modal/test/auto/model1.xml
----------------- Instantiating /home/travis/build/icyphy/ptII/ptolemy/domains/modal/test/auto/model1.xml
12 ms. Memory: 650240K Free: 561153K (86%)
----------------- Invoking toplevel() on ptolemy.moml.MoMLSimpleApplication@737f0598
----------------- Done invoking toplevel() on ptolemy.moml.MoMLSimpleApplication@737f0598
reloadAllAccessors: .model1
----------------- testing Sun May 27 01:22:14 UTC 2018 /home/travis/build/icyphy/ptII/ptolemy/domains/modal/test/auto/test-direct-in-out.xml
----------------- Instantiating /home/travis/build/icyphy/ptII/ptolemy/domains/modal/test/auto/test-direct-in-out.xml
5 ms. Memory: 650240K Free: 548816K (84%)
----------------- Invoking toplevel() on ptolemy.moml.MoMLSimpleApplication@61e6f9a0
----------------- Done invoking toplevel() on ptolemy.moml.MoMLSimpleApplication@61e6f9a0
reloadAllAccessors: .test-direct-in-out
AutoTests.java: About to close Vertx.
AutoTests.java: Vertx closed.
]]></system-out>
  <system-err><![CDATA[java.lang.RuntimeException: Execution failed
	at ptolemy.moml.MoMLSimpleApplication$UnloadThread.run(MoMLSimpleApplication.java:402)
Caused by: ptolemy.kernel.util.IllegalActionException: Unknown inputs remain. Possible causality loop:
L_model_1893289564i

  in .CannotAnalysisWithPreemption.model_1893289564_region_1 and .CannotAnalysisWithPreemption.model_1893289564_region_1.L_model_1893289564i
	at ptolemy.actor.sched.FixedPointDirector.postfire(FixedPointDirector.java:515)
	at ptolemy.domains.sr.kernel.SRDirector.postfire(SRDirector.java:417)
	at ptolemy.actor.CompositeActor.postfire(CompositeActor.java:1668)
	at ptolemy.actor.Manager.iterate(Manager.java:852)
	at ptolemy.actor.Manager.execute(Manager.java:369)
	at ptolemy.actor.Manager.run(Manager.java:1263)
	at ptolemy.actor.Manager$PtolemyRunThread.run(Manager.java:1915)
java.lang.reflect.InvocationTargetException
	at sun.reflect.NativeConstructorAccessorImpl.newInstance0(Native Method)
	at sun.reflect.NativeConstructorAccessorImpl.newInstance(NativeConstructorAccessorImpl.java:62)
	at sun.reflect.DelegatingConstructorAccessorImpl.newInstance(DelegatingConstructorAccessorImpl.java:45)
	at java.lang.reflect.Constructor.newInstance(Constructor.java:423)
	at ptolemy.util.test.junit.AutoKnownFailedTests.RunModel(AutoKnownFailedTests.java:107)
	at sun.reflect.NativeMethodAccessorImpl.invoke0(Native Method)
	at sun.reflect.NativeMethodAccessorImpl.invoke(NativeMethodAccessorImpl.java:62)
	at sun.reflect.DelegatingMethodAccessorImpl.invoke(DelegatingMethodAccessorImpl.java:43)
	at java.lang.reflect.Method.invoke(Method.java:498)
	at org.junit.runners.model.FrameworkMethod$1.runReflectiveCall(FrameworkMethod.java:44)
	at org.junit.internal.runners.model.ReflectiveCallable.run(ReflectiveCallable.java:15)
	at org.junit.runners.model.FrameworkMethod.invokeExplosively(FrameworkMethod.java:41)
	at junitparams.internal.InvokeParameterisedMethod.evaluate(InvokeParameterisedMethod.java:102)
	at org.junit.internal.runners.statements.FailOnTimeout$1.run(FailOnTimeout.java:28)
Caused by: ptolemy.kernel.util.IllegalActionException: Unknown inputs remain. Possible causality loop:
L_model_1893289564i

  in .CannotAnalysisWithPreemption.model_1893289564_region_1 and .CannotAnalysisWithPreemption.model_1893289564_region_1.L_model_1893289564i
	at ptolemy.actor.sched.FixedPointDirector.postfire(FixedPointDirector.java:515)
	at ptolemy.domains.sr.kernel.SRDirector.postfire(SRDirector.java:417)
	at ptolemy.actor.CompositeActor.postfire(CompositeActor.java:1668)
	at ptolemy.actor.Manager.iterate(Manager.java:852)
	at ptolemy.actor.Manager.execute(Manager.java:369)
	at ptolemy.actor.Manager.run(Manager.java:1263)
	at ptolemy.actor.Manager$PtolemyRunThread.run(Manager.java:1915)
]]></system-err>
</testsuite>
