<?xml version="1.0" encoding="UTF-8" ?>
<testsuite errors="0" failures="0" hostname="travis-job-b3976c71-3c1c-46f7-9af0-ab464ffd6cc6" name="ptolemy.actor.lib.hoc.test.junit.JUnitTclTest" skipped="0" tests="58" time="32.442" timestamp="2018-05-31T18:52:15">
  <properties>
[...]
</properties>
  <testcase classname="ptolemy.util.test.junit.TclTests" name="[0] /home/travis/build/icyphy/ptII/ptolemy/actor/lib/hoc/test/IterateOverArray.tcl (RunTclFile)" time="0.275" />
  <testcase classname="ptolemy.util.test.junit.AutoKnownFailedTests" name="[0] /home/travis/build/icyphy/ptII/ptolemy/actor/lib/hoc/test/auto/knownFailedTests/PreinitializeMustBeInvokedRunComposite.xml (RunModel)" time="0.236" />
  <testcase classname="ptolemy.util.test.junit.AutoNameArchTests" name="[0] ThereAreNoAutoArchTests (RunModel)" time="0.001" />
  <testcase classname="ptolemy.util.test.junit.AutoTests" name="[0] /home/travis/build/icyphy/ptII/ptolemy/actor/lib/hoc/test/auto/AllToAllMultiInstanceComposite.xml (RunModel)" time="0.298" />
  <testcase classname="ptolemy.util.test.junit.AutoTests" name="[1] /home/travis/build/icyphy/ptII/ptolemy/actor/lib/hoc/test/auto/ApplyFFTTest.xml (RunModel)" time="0.276" />
  <testcase classname="ptolemy.util.test.junit.AutoTests" name="[2] /home/travis/build/icyphy/ptII/ptolemy/actor/lib/hoc/test/auto/ApplyFunction.xml (RunModel)" time="0.029" />
  <testcase classname="ptolemy.util.test.junit.AutoTests" name="[3] /home/travis/build/icyphy/ptII/ptolemy/actor/lib/hoc/test/auto/BackgroundExecution.xml (RunModel)" time="0.697" />
  <testcase classname="ptolemy.util.test.junit.AutoTests" name="[4] /home/travis/build/icyphy/ptII/ptolemy/actor/lib/hoc/test/auto/Case.xml (RunModel)" time="0.068" />
  <testcase classname="ptolemy.util.test.junit.AutoTests" name="[5] /home/travis/build/icyphy/ptII/ptolemy/actor/lib/hoc/test/auto/Case1.xml (RunModel)" time="0.033" />
  <testcase classname="ptolemy.util.test.junit.AutoTests" name="[6] /home/travis/build/icyphy/ptII/ptolemy/actor/lib/hoc/test/auto/Case2.xml (RunModel)" time="0.08" />
  <testcase classname="ptolemy.util.test.junit.AutoTests" name="[7] /home/travis/build/icyphy/ptII/ptolemy/actor/lib/hoc/test/auto/Case3.xml (RunModel)" time="0.064" />
  <testcase classname="ptolemy.util.test.junit.AutoTests" name="[8] /home/travis/build/icyphy/ptII/ptolemy/actor/lib/hoc/test/auto/Case4.xml (RunModel)" time="0.08" />
  <testcase classname="ptolemy.util.test.junit.AutoTests" name="[9] /home/travis/build/icyphy/ptII/ptolemy/actor/lib/hoc/test/auto/Case5.xml (RunModel)" time="0.096" />
  <testcase classname="ptolemy.util.test.junit.AutoTests" name="[10] /home/travis/build/icyphy/ptII/ptolemy/actor/lib/hoc/test/auto/Case6.xml (RunModel)" time="0.141" />
  <testcase classname="ptolemy.util.test.junit.AutoTests" name="[11] /home/travis/build/icyphy/ptII/ptolemy/actor/lib/hoc/test/auto/CaseString2.xml (RunModel)" time="0.06" />
  <testcase classname="ptolemy.util.test.junit.AutoTests" name="[12] /home/travis/build/icyphy/ptII/ptolemy/actor/lib/hoc/test/auto/CatchUpComposite1.xml (RunModel)" time="0.097" />
  <testcase classname="ptolemy.util.test.junit.AutoTests" name="[13] /home/travis/build/icyphy/ptII/ptolemy/actor/lib/hoc/test/auto/CatchUpComposite2.xml (RunModel)" time="0.072" />
  <testcase classname="ptolemy.util.test.junit.AutoTests" name="[14] /home/travis/build/icyphy/ptII/ptolemy/actor/lib/hoc/test/auto/CatchUpComposite3.xml (RunModel)" time="0.052" />
  <testcase classname="ptolemy.util.test.junit.AutoTests" name="[15] /home/travis/build/icyphy/ptII/ptolemy/actor/lib/hoc/test/auto/CatchUpComposite4.xml (RunModel)" time="0.059" />
  <testcase classname="ptolemy.util.test.junit.AutoTests" name="[16] /home/travis/build/icyphy/ptII/ptolemy/actor/lib/hoc/test/auto/CatchUpComposite5.xml (RunModel)" time="0.06" />
  <testcase classname="ptolemy.util.test.junit.AutoTests" name="[17] /home/travis/build/icyphy/ptII/ptolemy/actor/lib/hoc/test/auto/CatchUpComposite6.xml (RunModel)" time="0.17" />
  <testcase classname="ptolemy.util.test.junit.AutoTests" name="[18] /home/travis/build/icyphy/ptII/ptolemy/actor/lib/hoc/test/auto/CatchUpComposite7.xml (RunModel)" time="0.086" />
  <testcase classname="ptolemy.util.test.junit.AutoTests" name="[19] /home/travis/build/icyphy/ptII/ptolemy/actor/lib/hoc/test/auto/ConcurrentExecutionTimeSDF.xml (RunModel)" time="0.051" />
  <testcase classname="ptolemy.util.test.junit.AutoTests" name="[20] /home/travis/build/icyphy/ptII/ptolemy/actor/lib/hoc/test/auto/ConcurrentSleep.xml (RunModel)" time="0.753" />
  <testcase classname="ptolemy.util.test.junit.AutoTests" name="[21] /home/travis/build/icyphy/ptII/ptolemy/actor/lib/hoc/test/auto/DEInPNInRunCompositeActor.xml (RunModel)" time="0.067" />
  <testcase classname="ptolemy.util.test.junit.AutoTests" name="[22] /home/travis/build/icyphy/ptII/ptolemy/actor/lib/hoc/test/auto/DFTSubSetTest.xml (RunModel)" time="0.267" />
  <testcase classname="ptolemy.util.test.junit.AutoTests" name="[23] /home/travis/build/icyphy/ptII/ptolemy/actor/lib/hoc/test/auto/HocDE.xml (RunModel)" time="0.215" />
  <testcase classname="ptolemy.util.test.junit.AutoTests" name="[24] /home/travis/build/icyphy/ptII/ptolemy/actor/lib/hoc/test/auto/IterateOverArray.xml (RunModel)" time="0.041" />
  <testcase classname="ptolemy.util.test.junit.AutoTests" name="[25] /home/travis/build/icyphy/ptII/ptolemy/actor/lib/hoc/test/auto/IterateOverArray10.xml (RunModel)" time="0.018" />
  <testcase classname="ptolemy.util.test.junit.AutoTests" name="[26] /home/travis/build/icyphy/ptII/ptolemy/actor/lib/hoc/test/auto/IterateOverArray11.xml (RunModel)" time="0.027" />
  <testcase classname="ptolemy.util.test.junit.AutoTests" name="[27] /home/travis/build/icyphy/ptII/ptolemy/actor/lib/hoc/test/auto/IterateOverArray12.xml (RunModel)" time="0.047" />
  <testcase classname="ptolemy.util.test.junit.AutoTests" name="[28] /home/travis/build/icyphy/ptII/ptolemy/actor/lib/hoc/test/auto/IterateOverArray13.xml (RunModel)" time="0.185" />
  <testcase classname="ptolemy.util.test.junit.AutoTests" name="[29] /home/travis/build/icyphy/ptII/ptolemy/actor/lib/hoc/test/auto/IterateOverArray14.xml (RunModel)" time="0.143" />
  <testcase classname="ptolemy.util.test.junit.AutoTests" name="[30] /home/travis/build/icyphy/ptII/ptolemy/actor/lib/hoc/test/auto/IterateOverArray2.xml (RunModel)" time="0.032" />
  <testcase classname="ptolemy.util.test.junit.AutoTests" name="[31] /home/travis/build/icyphy/ptII/ptolemy/actor/lib/hoc/test/auto/IterateOverArray3.xml (RunModel)" time="0.044" />
  <testcase classname="ptolemy.util.test.junit.AutoTests" name="[32] /home/travis/build/icyphy/ptII/ptolemy/actor/lib/hoc/test/auto/IterateOverArray4.xml (RunModel)" time="0.028" />
  <testcase classname="ptolemy.util.test.junit.AutoTests" name="[33] /home/travis/build/icyphy/ptII/ptolemy/actor/lib/hoc/test/auto/IterateOverArray5.xml (RunModel)" time="0.029" />
  <testcase classname="ptolemy.util.test.junit.AutoTests" name="[34] /home/travis/build/icyphy/ptII/ptolemy/actor/lib/hoc/test/auto/IterateOverArray6.xml (RunModel)" time="0.017" />
  <testcase classname="ptolemy.util.test.junit.AutoTests" name="[35] /home/travis/build/icyphy/ptII/ptolemy/actor/lib/hoc/test/auto/IterateOverArray7.xml (RunModel)" time="0.023" />
  <testcase classname="ptolemy.util.test.junit.AutoTests" name="[36] /home/travis/build/icyphy/ptII/ptolemy/actor/lib/hoc/test/auto/IterateOverArray8.xml (RunModel)" time="0.023" />
  <testcase classname="ptolemy.util.test.junit.AutoTests" name="[37] /home/travis/build/icyphy/ptII/ptolemy/actor/lib/hoc/test/auto/IterateOverArray9.xml (RunModel)" time="0.027" />
  <testcase classname="ptolemy.util.test.junit.AutoTests" name="[38] /home/travis/build/icyphy/ptII/ptolemy/actor/lib/hoc/test/auto/IterateOverArrayCoercedOutputType.xml (RunModel)" time="0.036" />
  <testcase classname="ptolemy.util.test.junit.AutoTests" name="[39] /home/travis/build/icyphy/ptII/ptolemy/actor/lib/hoc/test/auto/IterateOverArrayInferredOutputType.xml (RunModel)" time="0.03" />
  <testcase classname="ptolemy.util.test.junit.AutoTests" name="[40] /home/travis/build/icyphy/ptII/ptolemy/actor/lib/hoc/test/auto/MobileFunctionTest.xml (RunModel)" time="0.036" />
  <testcase classname="ptolemy.util.test.junit.AutoTests" name="[41] /home/travis/build/icyphy/ptII/ptolemy/actor/lib/hoc/test/auto/MobileModelTest.xml (RunModel)" time="0.111" />
  <testcase classname="ptolemy.util.test.junit.AutoTests" name="[42] /home/travis/build/icyphy/ptII/ptolemy/actor/lib/hoc/test/auto/ModelReference.xml (RunModel)" time="0.105" />
  <testcase classname="ptolemy.util.test.junit.AutoTests" name="[43] /home/travis/build/icyphy/ptII/ptolemy/actor/lib/hoc/test/auto/ModelReference3.xml (RunModel)" time="0.049" />
  <testcase classname="ptolemy.util.test.junit.AutoTests" name="[44] /home/travis/build/icyphy/ptII/ptolemy/actor/lib/hoc/test/auto/ModelReference4.xml (RunModel)" time="10.032" />
  <testcase classname="ptolemy.util.test.junit.AutoTests" name="[45] /home/travis/build/icyphy/ptII/ptolemy/actor/lib/hoc/test/auto/MultiInstanceComposite.xml (RunModel)" time="0.053" />
  <testcase classname="ptolemy.util.test.junit.AutoTests" name="[46] /home/travis/build/icyphy/ptII/ptolemy/actor/lib/hoc/test/auto/MultiInstanceComposite2.xml (RunModel)" time="0.036" />
  <testcase classname="ptolemy.util.test.junit.AutoTests" name="[47] /home/travis/build/icyphy/ptII/ptolemy/actor/lib/hoc/test/auto/MulticoreExecution.xml (RunModel)" time="10.079" />
  <testcase classname="ptolemy.util.test.junit.AutoTests" name="[48] /home/travis/build/icyphy/ptII/ptolemy/actor/lib/hoc/test/auto/ParallelExecution.xml (RunModel)" time="0.939" />
  <testcase classname="ptolemy.util.test.junit.AutoTests" name="[49] /home/travis/build/icyphy/ptII/ptolemy/actor/lib/hoc/test/auto/RunCompositeActor.xml (RunModel)" time="0.03" />
  <testcase classname="ptolemy.util.test.junit.AutoTests" name="[50] /home/travis/build/icyphy/ptII/ptolemy/actor/lib/hoc/test/auto/RunCompositeActor2.xml (RunModel)" time="0.03" />
  <testcase classname="ptolemy.util.test.junit.AutoTests" name="[51] /home/travis/build/icyphy/ptII/ptolemy/actor/lib/hoc/test/auto/RunCompositeActor3.xml (RunModel)" time="0.031" />
  <testcase classname="ptolemy.util.test.junit.AutoTests" name="[52] /home/travis/build/icyphy/ptII/ptolemy/actor/lib/hoc/test/auto/RunCompositeActor4.xml (RunModel)" time="0.033" />
  <testcase classname="ptolemy.util.test.junit.AutoTests" name="[53] /home/travis/build/icyphy/ptII/ptolemy/actor/lib/hoc/test/auto/RunCompositeIterateOverArray.xml (RunModel)" time="0.026" />
  <testcase classname="ptolemy.util.test.junit.AutoTests" name="[54] /home/travis/build/icyphy/ptII/ptolemy/actor/lib/hoc/test/auto/ThreadedJS.xml (RunModel)" time="5.218" />
  <system-out><![CDATA[/home/travis/build/icyphy/ptII/ptolemy/actor/lib/hoc/test/IterateOverArray.tcl
testDefs.tcl: setting time out to 9000 seconds at Thu May 31 18:52:15 UTC 2018
05/31/18 06:52:16
Failed: 0  Total Tests: 2  ((Passed: 2, Newly Passed: 0)  Known Failed: 0) /home/travis/build/icyphy/ptII/ptolemy/actor/lib/hoc/test
----------------- testing (KnownFailure) /home/travis/build/icyphy/ptII/ptolemy/actor/lib/hoc/test/auto/knownFailedTests/PreinitializeMustBeInvokedRunComposite.xml
35 ms. Memory: 116224K Free: 104601K (90%)
Known Failure: java.lang.reflect.InvocationTargetException
No auto/linux-amd64/*.xml tests in /home/travis/build/icyphy/ptII/ptolemy/actor/lib/hoc/test
AutoTests.java: About to close Vertx.
AutoTests.java: Vertx closed.

===========================================================================================
----------------- testing Thu May 31 18:52:16 UTC 2018 /home/travis/build/icyphy/ptII/ptolemy/actor/lib/hoc/test/auto/AllToAllMultiInstanceComposite.xml
----------------- Instantiating /home/travis/build/icyphy/ptII/ptolemy/actor/lib/hoc/test/auto/AllToAllMultiInstanceComposite.xml
155 ms. Memory: 146944K Free: 112985K (77%)
----------------- Invoking toplevel() on ptolemy.moml.MoMLSimpleApplication@4e95f1e
----------------- Done invoking toplevel() on ptolemy.moml.MoMLSimpleApplication@4e95f1e
reloadAllAccessors: .AllToAllMultiInstanceComposite

===========================================================================================
----------------- testing Thu May 31 18:52:16 UTC 2018 /home/travis/build/icyphy/ptII/ptolemy/actor/lib/hoc/test/auto/ApplyFFTTest.xml
----------------- Instantiating /home/travis/build/icyphy/ptII/ptolemy/actor/lib/hoc/test/auto/ApplyFFTTest.xml
99 ms. Memory: 146944K Free: 92841K (63%)
----------------- Invoking toplevel() on ptolemy.moml.MoMLSimpleApplication@5f9a52cf
----------------- Done invoking toplevel() on ptolemy.moml.MoMLSimpleApplication@5f9a52cf
reloadAllAccessors: .ApplyFFTTest

===========================================================================================
----------------- testing Thu May 31 18:52:17 UTC 2018 /home/travis/build/icyphy/ptII/ptolemy/actor/lib/hoc/test/auto/ApplyFunction.xml
----------------- Instantiating /home/travis/build/icyphy/ptII/ptolemy/actor/lib/hoc/test/auto/ApplyFunction.xml
6 ms. Memory: 146944K Free: 88986K (61%)
----------------- Invoking toplevel() on ptolemy.moml.MoMLSimpleApplication@5466b3f1
----------------- Done invoking toplevel() on ptolemy.moml.MoMLSimpleApplication@5466b3f1
reloadAllAccessors: .ApplyFunction

===========================================================================================
----------------- testing Thu May 31 18:52:17 UTC 2018 /home/travis/build/icyphy/ptII/ptolemy/actor/lib/hoc/test/auto/BackgroundExecution.xml
----------------- Instantiating /home/travis/build/icyphy/ptII/ptolemy/actor/lib/hoc/test/auto/BackgroundExecution.xml
641 ms. Memory: 146944K Free: 80182K (55%)
----------------- Invoking toplevel() on ptolemy.moml.MoMLSimpleApplication@2ecc0c30
----------------- Done invoking toplevel() on ptolemy.moml.MoMLSimpleApplication@2ecc0c30
reloadAllAccessors: .BackgroundExecution

===========================================================================================
----------------- testing Thu May 31 18:52:17 UTC 2018 /home/travis/build/icyphy/ptII/ptolemy/actor/lib/hoc/test/auto/Case.xml
----------------- Instantiating /home/travis/build/icyphy/ptII/ptolemy/actor/lib/hoc/test/auto/Case.xml
23 ms. Memory: 146944K Free: 133497K (91%)
----------------- Invoking toplevel() on ptolemy.moml.MoMLSimpleApplication@ed08ddf
----------------- Done invoking toplevel() on ptolemy.moml.MoMLSimpleApplication@ed08ddf
reloadAllAccessors: .Case

===========================================================================================
----------------- testing Thu May 31 18:52:17 UTC 2018 /home/travis/build/icyphy/ptII/ptolemy/actor/lib/hoc/test/auto/Case1.xml
----------------- Instantiating /home/travis/build/icyphy/ptII/ptolemy/actor/lib/hoc/test/auto/Case1.xml
9 ms. Memory: 146944K Free: 125674K (86%)
----------------- Invoking toplevel() on ptolemy.moml.MoMLSimpleApplication@43bcc6d0
----------------- Done invoking toplevel() on ptolemy.moml.MoMLSimpleApplication@43bcc6d0
reloadAllAccessors: .Case1

===========================================================================================
----------------- testing Thu May 31 18:52:17 UTC 2018 /home/travis/build/icyphy/ptII/ptolemy/actor/lib/hoc/test/auto/Case2.xml
----------------- Instantiating /home/travis/build/icyphy/ptII/ptolemy/actor/lib/hoc/test/auto/Case2.xml
46 ms. Memory: 146944K Free: 114293K (78%)
----------------- Invoking toplevel() on ptolemy.moml.MoMLSimpleApplication@4b0faf5a
----------------- Done invoking toplevel() on ptolemy.moml.MoMLSimpleApplication@4b0faf5a
reloadAllAccessors: .Case2

===========================================================================================
----------------- testing Thu May 31 18:52:18 UTC 2018 /home/travis/build/icyphy/ptII/ptolemy/actor/lib/hoc/test/auto/Case3.xml
----------------- Instantiating /home/travis/build/icyphy/ptII/ptolemy/actor/lib/hoc/test/auto/Case3.xml
20 ms. Memory: 146944K Free: 107185K (73%)
----------------- Invoking toplevel() on ptolemy.moml.MoMLSimpleApplication@35ff9de8
----------------- Done invoking toplevel() on ptolemy.moml.MoMLSimpleApplication@35ff9de8
reloadAllAccessors: .Case3

===========================================================================================
----------------- testing Thu May 31 18:52:18 UTC 2018 /home/travis/build/icyphy/ptII/ptolemy/actor/lib/hoc/test/auto/Case4.xml
----------------- Instantiating /home/travis/build/icyphy/ptII/ptolemy/actor/lib/hoc/test/auto/Case4.xml
13 ms. Memory: 146944K Free: 98736K (67%)
----------------- Invoking toplevel() on ptolemy.moml.MoMLSimpleApplication@267f360f
----------------- Done invoking toplevel() on ptolemy.moml.MoMLSimpleApplication@267f360f
reloadAllAccessors: .Case4

===========================================================================================
----------------- testing Thu May 31 18:52:18 UTC 2018 /home/travis/build/icyphy/ptII/ptolemy/actor/lib/hoc/test/auto/Case5.xml
----------------- Instantiating /home/travis/build/icyphy/ptII/ptolemy/actor/lib/hoc/test/auto/Case5.xml
63 ms. Memory: 146944K Free: 91259K (62%)
----------------- Invoking toplevel() on ptolemy.moml.MoMLSimpleApplication@1781483e
----------------- Done invoking toplevel() on ptolemy.moml.MoMLSimpleApplication@1781483e
reloadAllAccessors: .junk

===========================================================================================
----------------- testing Thu May 31 18:52:18 UTC 2018 /home/travis/build/icyphy/ptII/ptolemy/actor/lib/hoc/test/auto/Case6.xml
----------------- Instantiating /home/travis/build/icyphy/ptII/ptolemy/actor/lib/hoc/test/auto/Case6.xml
74 ms. Memory: 208384K Free: 200370K (96%)
----------------- Invoking toplevel() on ptolemy.moml.MoMLSimpleApplication@1226c73b
----------------- Done invoking toplevel() on ptolemy.moml.MoMLSimpleApplication@1226c73b
reloadAllAccessors: .Case6

===========================================================================================
----------------- testing Thu May 31 18:52:18 UTC 2018 /home/travis/build/icyphy/ptII/ptolemy/actor/lib/hoc/test/auto/CaseString2.xml
----------------- Instantiating /home/travis/build/icyphy/ptII/ptolemy/actor/lib/hoc/test/auto/CaseString2.xml
12 ms. Memory: 208384K Free: 190244K (91%)
----------------- Invoking toplevel() on ptolemy.moml.MoMLSimpleApplication@56555f84
----------------- Done invoking toplevel() on ptolemy.moml.MoMLSimpleApplication@56555f84
reloadAllAccessors: .CaseString2

===========================================================================================
----------------- testing Thu May 31 18:52:18 UTC 2018 /home/travis/build/icyphy/ptII/ptolemy/actor/lib/hoc/test/auto/CatchUpComposite1.xml
----------------- Instantiating /home/travis/build/icyphy/ptII/ptolemy/actor/lib/hoc/test/auto/CatchUpComposite1.xml
20 ms. Memory: 208384K Free: 180381K (87%)
----------------- Invoking toplevel() on ptolemy.moml.MoMLSimpleApplication@24f8082b
----------------- Done invoking toplevel() on ptolemy.moml.MoMLSimpleApplication@24f8082b
reloadAllAccessors: .CatchUpComposite1

===========================================================================================
----------------- testing Thu May 31 18:52:18 UTC 2018 /home/travis/build/icyphy/ptII/ptolemy/actor/lib/hoc/test/auto/CatchUpComposite2.xml
----------------- Instantiating /home/travis/build/icyphy/ptII/ptolemy/actor/lib/hoc/test/auto/CatchUpComposite2.xml
19 ms. Memory: 208384K Free: 170470K (82%)
----------------- Invoking toplevel() on ptolemy.moml.MoMLSimpleApplication@4865805
----------------- Done invoking toplevel() on ptolemy.moml.MoMLSimpleApplication@4865805
reloadAllAccessors: .CatchUpComposite2

===========================================================================================
----------------- testing Thu May 31 18:52:18 UTC 2018 /home/travis/build/icyphy/ptII/ptolemy/actor/lib/hoc/test/auto/CatchUpComposite3.xml
----------------- Instantiating /home/travis/build/icyphy/ptII/ptolemy/actor/lib/hoc/test/auto/CatchUpComposite3.xml
9 ms. Memory: 208384K Free: 159709K (77%)
----------------- Invoking toplevel() on ptolemy.moml.MoMLSimpleApplication@26c50ac8
----------------- Done invoking toplevel() on ptolemy.moml.MoMLSimpleApplication@26c50ac8
reloadAllAccessors: .CatchUpComposite3

===========================================================================================
----------------- testing Thu May 31 18:52:18 UTC 2018 /home/travis/build/icyphy/ptII/ptolemy/actor/lib/hoc/test/auto/CatchUpComposite4.xml
----------------- Instantiating /home/travis/build/icyphy/ptII/ptolemy/actor/lib/hoc/test/auto/CatchUpComposite4.xml
16 ms. Memory: 208384K Free: 150428K (72%)
----------------- Invoking toplevel() on ptolemy.moml.MoMLSimpleApplication@30e45625
----------------- Done invoking toplevel() on ptolemy.moml.MoMLSimpleApplication@30e45625
reloadAllAccessors: .CatchUpComposite4

===========================================================================================
----------------- testing Thu May 31 18:52:18 UTC 2018 /home/travis/build/icyphy/ptII/ptolemy/actor/lib/hoc/test/auto/CatchUpComposite5.xml
----------------- Instantiating /home/travis/build/icyphy/ptII/ptolemy/actor/lib/hoc/test/auto/CatchUpComposite5.xml
19 ms. Memory: 208384K Free: 141810K (68%)
----------------- Invoking toplevel() on ptolemy.moml.MoMLSimpleApplication@5d182368
----------------- Done invoking toplevel() on ptolemy.moml.MoMLSimpleApplication@5d182368
reloadAllAccessors: .CatchUpComposite5

===========================================================================================
----------------- testing Thu May 31 18:52:18 UTC 2018 /home/travis/build/icyphy/ptII/ptolemy/actor/lib/hoc/test/auto/CatchUpComposite6.xml
----------------- Instantiating /home/travis/build/icyphy/ptII/ptolemy/actor/lib/hoc/test/auto/CatchUpComposite6.xml
WARNING: The execution aspects in this model can influence the timing of actors by delaying the 
execution, potentially changing the behavior. There is no guarantee that actors fire at the 
time they request to be fired. 
Use Ptides for deterministic DE behavior that is not influenced by execution aspects. 

106 ms. Memory: 208384K Free: 122901K (59%)
----------------- Invoking toplevel() on ptolemy.moml.MoMLSimpleApplication@2d2747a5
----------------- Done invoking toplevel() on ptolemy.moml.MoMLSimpleApplication@2d2747a5
reloadAllAccessors: .CatchUpComposite6

===========================================================================================
----------------- testing Thu May 31 18:52:19 UTC 2018 /home/travis/build/icyphy/ptII/ptolemy/actor/lib/hoc/test/auto/CatchUpComposite7.xml
----------------- Instantiating /home/travis/build/icyphy/ptII/ptolemy/actor/lib/hoc/test/auto/CatchUpComposite7.xml
WARNING: The execution aspects in this model can influence the timing of actors by delaying the 
execution, potentially changing the behavior. There is no guarantee that actors fire at the 
time they request to be fired. 
Use Ptides for deterministic DE behavior that is not influenced by execution aspects. 

37 ms. Memory: 208384K Free: 105569K (51%)
----------------- Invoking toplevel() on ptolemy.moml.MoMLSimpleApplication@46d44099
----------------- Done invoking toplevel() on ptolemy.moml.MoMLSimpleApplication@46d44099
reloadAllAccessors: .CatchUpComposite7

===========================================================================================
----------------- testing Thu May 31 18:52:19 UTC 2018 /home/travis/build/icyphy/ptII/ptolemy/actor/lib/hoc/test/auto/ConcurrentExecutionTimeSDF.xml
----------------- Instantiating /home/travis/build/icyphy/ptII/ptolemy/actor/lib/hoc/test/auto/ConcurrentExecutionTimeSDF.xml
16 ms. Memory: 208384K Free: 96871K (46%)
----------------- Invoking toplevel() on ptolemy.moml.MoMLSimpleApplication@16627280
----------------- Done invoking toplevel() on ptolemy.moml.MoMLSimpleApplication@16627280
reloadAllAccessors: .ConcurrentExecutionTimeSDF

===========================================================================================
----------------- testing Thu May 31 18:52:19 UTC 2018 /home/travis/build/icyphy/ptII/ptolemy/actor/lib/hoc/test/auto/ConcurrentSleep.xml
----------------- Instantiating /home/travis/build/icyphy/ptII/ptolemy/actor/lib/hoc/test/auto/ConcurrentSleep.xml
721 ms. Memory: 208384K Free: 82327K (40%)
----------------- Invoking toplevel() on ptolemy.moml.MoMLSimpleApplication@498dcba9
----------------- Done invoking toplevel() on ptolemy.moml.MoMLSimpleApplication@498dcba9
reloadAllAccessors: .ConcurrentSleep

===========================================================================================
----------------- testing Thu May 31 18:52:19 UTC 2018 /home/travis/build/icyphy/ptII/ptolemy/actor/lib/hoc/test/auto/DEInPNInRunCompositeActor.xml
----------------- Instantiating /home/travis/build/icyphy/ptII/ptolemy/actor/lib/hoc/test/auto/DEInPNInRunCompositeActor.xml
24 ms. Memory: 208384K Free: 197709K (95%)
----------------- Invoking toplevel() on ptolemy.moml.MoMLSimpleApplication@77432544
----------------- Done invoking toplevel() on ptolemy.moml.MoMLSimpleApplication@77432544
reloadAllAccessors: .DEInPNInRunCompositeActor

===========================================================================================
----------------- testing Thu May 31 18:52:20 UTC 2018 /home/travis/build/icyphy/ptII/ptolemy/actor/lib/hoc/test/auto/DFTSubSetTest.xml
----------------- Instantiating /home/travis/build/icyphy/ptII/ptolemy/actor/lib/hoc/test/auto/DFTSubSetTest.xml
188 ms. Memory: 208384K Free: 149385K (72%)
----------------- Invoking toplevel() on ptolemy.moml.MoMLSimpleApplication@2b6743a3
----------------- Done invoking toplevel() on ptolemy.moml.MoMLSimpleApplication@2b6743a3
reloadAllAccessors: .DFTSubSetTest

===========================================================================================
----------------- testing Thu May 31 18:52:20 UTC 2018 /home/travis/build/icyphy/ptII/ptolemy/actor/lib/hoc/test/auto/HocDE.xml
----------------- Instantiating /home/travis/build/icyphy/ptII/ptolemy/actor/lib/hoc/test/auto/HocDE.xml
158 ms. Memory: 208384K Free: 122320K (59%)
----------------- Invoking toplevel() on ptolemy.moml.MoMLSimpleApplication@670db45c
----------------- Done invoking toplevel() on ptolemy.moml.MoMLSimpleApplication@670db45c
reloadAllAccessors: .HocDE

===========================================================================================
----------------- testing Thu May 31 18:52:20 UTC 2018 /home/travis/build/icyphy/ptII/ptolemy/actor/lib/hoc/test/auto/IterateOverArray.xml
----------------- Instantiating /home/travis/build/icyphy/ptII/ptolemy/actor/lib/hoc/test/auto/IterateOverArray.xml
8 ms. Memory: 208384K Free: 115969K (56%)
----------------- Invoking toplevel() on ptolemy.moml.MoMLSimpleApplication@2a407d05
----------------- Done invoking toplevel() on ptolemy.moml.MoMLSimpleApplication@2a407d05
reloadAllAccessors: .IterateOverArray

===========================================================================================
----------------- testing Thu May 31 18:52:20 UTC 2018 /home/travis/build/icyphy/ptII/ptolemy/actor/lib/hoc/test/auto/IterateOverArray10.xml
----------------- Instantiating /home/travis/build/icyphy/ptII/ptolemy/actor/lib/hoc/test/auto/IterateOverArray10.xml
3 ms. Memory: 208384K Free: 111256K (53%)
----------------- Invoking toplevel() on ptolemy.moml.MoMLSimpleApplication@28ae0f7c
----------------- Done invoking toplevel() on ptolemy.moml.MoMLSimpleApplication@28ae0f7c
reloadAllAccessors: .IterateOverArray10

===========================================================================================
----------------- testing Thu May 31 18:52:20 UTC 2018 /home/travis/build/icyphy/ptII/ptolemy/actor/lib/hoc/test/auto/IterateOverArray11.xml
----------------- Instantiating /home/travis/build/icyphy/ptII/ptolemy/actor/lib/hoc/test/auto/IterateOverArray11.xml
3 ms. Memory: 208384K Free: 106301K (51%)
----------------- Invoking toplevel() on ptolemy.moml.MoMLSimpleApplication@5935988a
----------------- Done invoking toplevel() on ptolemy.moml.MoMLSimpleApplication@5935988a
reloadAllAccessors: .IterateOverArray11

===========================================================================================
----------------- testing Thu May 31 18:52:20 UTC 2018 /home/travis/build/icyphy/ptII/ptolemy/actor/lib/hoc/test/auto/IterateOverArray12.xml
----------------- Instantiating /home/travis/build/icyphy/ptII/ptolemy/actor/lib/hoc/test/auto/IterateOverArray12.xml
19 ms. Memory: 208384K Free: 98280K (47%)
----------------- Invoking toplevel() on ptolemy.moml.MoMLSimpleApplication@518abc42
----------------- Done invoking toplevel() on ptolemy.moml.MoMLSimpleApplication@518abc42
reloadAllAccessors: .IterateOverArray12

===========================================================================================
----------------- testing Thu May 31 18:52:20 UTC 2018 /home/travis/build/icyphy/ptII/ptolemy/actor/lib/hoc/test/auto/IterateOverArray13.xml
----------------- Instantiating /home/travis/build/icyphy/ptII/ptolemy/actor/lib/hoc/test/auto/IterateOverArray13.xml
82 ms. Memory: 331264K Free: 312904K (94%)
----------------- Invoking toplevel() on ptolemy.moml.MoMLSimpleApplication@3b237560
----------------- Done invoking toplevel() on ptolemy.moml.MoMLSimpleApplication@3b237560
reloadAllAccessors: .IterateOverArray13

===========================================================================================
----------------- testing Thu May 31 18:52:20 UTC 2018 /home/travis/build/icyphy/ptII/ptolemy/actor/lib/hoc/test/auto/IterateOverArray14.xml
----------------- Instantiating /home/travis/build/icyphy/ptII/ptolemy/actor/lib/hoc/test/auto/IterateOverArray14.xml
69 ms. Memory: 331264K Free: 276178K (83%)
----------------- Invoking toplevel() on ptolemy.moml.MoMLSimpleApplication@5c26bf61
----------------- Done invoking toplevel() on ptolemy.moml.MoMLSimpleApplication@5c26bf61
reloadAllAccessors: .IterateOverArray14

===========================================================================================
----------------- testing Thu May 31 18:52:20 UTC 2018 /home/travis/build/icyphy/ptII/ptolemy/actor/lib/hoc/test/auto/IterateOverArray2.xml
----------------- Instantiating /home/travis/build/icyphy/ptII/ptolemy/actor/lib/hoc/test/auto/IterateOverArray2.xml
9 ms. Memory: 331264K Free: 269652K (81%)
----------------- Invoking toplevel() on ptolemy.moml.MoMLSimpleApplication@325739c7
----------------- Done invoking toplevel() on ptolemy.moml.MoMLSimpleApplication@325739c7
reloadAllAccessors: .IterateOverArray2

===========================================================================================
----------------- testing Thu May 31 18:52:20 UTC 2018 /home/travis/build/icyphy/ptII/ptolemy/actor/lib/hoc/test/auto/IterateOverArray3.xml
----------------- Instantiating /home/travis/build/icyphy/ptII/ptolemy/actor/lib/hoc/test/auto/IterateOverArray3.xml
16 ms. Memory: 331264K Free: 260662K (79%)
----------------- Invoking toplevel() on ptolemy.moml.MoMLSimpleApplication@30a26e59
----------------- Done invoking toplevel() on ptolemy.moml.MoMLSimpleApplication@30a26e59
reloadAllAccessors: .IterateOverArray3

===========================================================================================
----------------- testing Thu May 31 18:52:21 UTC 2018 /home/travis/build/icyphy/ptII/ptolemy/actor/lib/hoc/test/auto/IterateOverArray4.xml
----------------- Instantiating /home/travis/build/icyphy/ptII/ptolemy/actor/lib/hoc/test/auto/IterateOverArray4.xml
11 ms. Memory: 331264K Free: 255768K (77%)
----------------- Invoking toplevel() on ptolemy.moml.MoMLSimpleApplication@3d3cccc7
----------------- Done invoking toplevel() on ptolemy.moml.MoMLSimpleApplication@3d3cccc7
reloadAllAccessors: .IterateOverArray4

===========================================================================================
----------------- testing Thu May 31 18:52:21 UTC 2018 /home/travis/build/icyphy/ptII/ptolemy/actor/lib/hoc/test/auto/IterateOverArray5.xml
----------------- Instantiating /home/travis/build/icyphy/ptII/ptolemy/actor/lib/hoc/test/auto/IterateOverArray5.xml
4 ms. Memory: 331264K Free: 250873K (76%)
----------------- Invoking toplevel() on ptolemy.moml.MoMLSimpleApplication@7624b3a0
----------------- Done invoking toplevel() on ptolemy.moml.MoMLSimpleApplication@7624b3a0
reloadAllAccessors: .IterateOverArray5

===========================================================================================
----------------- testing Thu May 31 18:52:21 UTC 2018 /home/travis/build/icyphy/ptII/ptolemy/actor/lib/hoc/test/auto/IterateOverArray6.xml
----------------- Instantiating /home/travis/build/icyphy/ptII/ptolemy/actor/lib/hoc/test/auto/IterateOverArray6.xml
3 ms. Memory: 331264K Free: 245147K (74%)
----------------- Invoking toplevel() on ptolemy.moml.MoMLSimpleApplication@70f72a84
----------------- Done invoking toplevel() on ptolemy.moml.MoMLSimpleApplication@70f72a84
reloadAllAccessors: .IterateOverArray6

===========================================================================================
----------------- testing Thu May 31 18:52:21 UTC 2018 /home/travis/build/icyphy/ptII/ptolemy/actor/lib/hoc/test/auto/IterateOverArray7.xml
----------------- Instantiating /home/travis/build/icyphy/ptII/ptolemy/actor/lib/hoc/test/auto/IterateOverArray7.xml
4 ms. Memory: 331264K Free: 240252K (73%)
----------------- Invoking toplevel() on ptolemy.moml.MoMLSimpleApplication@4bd102
----------------- Done invoking toplevel() on ptolemy.moml.MoMLSimpleApplication@4bd102
reloadAllAccessors: .IterateOverArray7

===========================================================================================
----------------- testing Thu May 31 18:52:21 UTC 2018 /home/travis/build/icyphy/ptII/ptolemy/actor/lib/hoc/test/auto/IterateOverArray8.xml
----------------- Instantiating /home/travis/build/icyphy/ptII/ptolemy/actor/lib/hoc/test/auto/IterateOverArray8.xml
5 ms. Memory: 331264K Free: 234527K (71%)
----------------- Invoking toplevel() on ptolemy.moml.MoMLSimpleApplication@416351d1
----------------- Done invoking toplevel() on ptolemy.moml.MoMLSimpleApplication@416351d1
reloadAllAccessors: .IterateOverArray8

===========================================================================================
----------------- testing Thu May 31 18:52:21 UTC 2018 /home/travis/build/icyphy/ptII/ptolemy/actor/lib/hoc/test/auto/IterateOverArray9.xml
----------------- Instantiating /home/travis/build/icyphy/ptII/ptolemy/actor/lib/hoc/test/auto/IterateOverArray9.xml
9 ms. Memory: 331264K Free: 229632K (69%)
----------------- Invoking toplevel() on ptolemy.moml.MoMLSimpleApplication@76539709
----------------- Done invoking toplevel() on ptolemy.moml.MoMLSimpleApplication@76539709
reloadAllAccessors: .IterateOverArray9

===========================================================================================
----------------- testing Thu May 31 18:52:21 UTC 2018 /home/travis/build/icyphy/ptII/ptolemy/actor/lib/hoc/test/auto/IterateOverArrayCoercedOutputType.xml
----------------- Instantiating /home/travis/build/icyphy/ptII/ptolemy/actor/lib/hoc/test/auto/IterateOverArrayCoercedOutputType.xml
4 ms. Memory: 331264K Free: 223105K (67%)
----------------- Invoking toplevel() on ptolemy.moml.MoMLSimpleApplication@9ffd1a2
----------------- Done invoking toplevel() on ptolemy.moml.MoMLSimpleApplication@9ffd1a2
reloadAllAccessors: .IterateOverArrayCoercedOutputType

===========================================================================================
----------------- testing Thu May 31 18:52:21 UTC 2018 /home/travis/build/icyphy/ptII/ptolemy/actor/lib/hoc/test/auto/IterateOverArrayInferredOutputType.xml
----------------- Instantiating /home/travis/build/icyphy/ptII/ptolemy/actor/lib/hoc/test/auto/IterateOverArrayInferredOutputType.xml
4 ms. Memory: 331264K Free: 215748K (65%)
----------------- Invoking toplevel() on ptolemy.moml.MoMLSimpleApplication@8a2660e
----------------- Done invoking toplevel() on ptolemy.moml.MoMLSimpleApplication@8a2660e
reloadAllAccessors: .IterateOverArrayInferredOutputType

===========================================================================================
----------------- testing Thu May 31 18:52:21 UTC 2018 /home/travis/build/icyphy/ptII/ptolemy/actor/lib/hoc/test/auto/MobileFunctionTest.xml
----------------- Instantiating /home/travis/build/icyphy/ptII/ptolemy/actor/lib/hoc/test/auto/MobileFunctionTest.xml
5 ms. Memory: 331264K Free: 209190K (63%)
----------------- Invoking toplevel() on ptolemy.moml.MoMLSimpleApplication@198e455
----------------- Done invoking toplevel() on ptolemy.moml.MoMLSimpleApplication@198e455
reloadAllAccessors: .MobileFunctionTest

===========================================================================================
----------------- testing Thu May 31 18:52:21 UTC 2018 /home/travis/build/icyphy/ptII/ptolemy/actor/lib/hoc/test/auto/MobileModelTest.xml
----------------- Instantiating /home/travis/build/icyphy/ptII/ptolemy/actor/lib/hoc/test/auto/MobileModelTest.xml
79 ms. Memory: 331264K Free: 187132K (56%)
----------------- Invoking toplevel() on ptolemy.moml.MoMLSimpleApplication@7585fb31
----------------- Done invoking toplevel() on ptolemy.moml.MoMLSimpleApplication@7585fb31
reloadAllAccessors: .MobileModelTest

===========================================================================================
----------------- testing Thu May 31 18:52:21 UTC 2018 /home/travis/build/icyphy/ptII/ptolemy/actor/lib/hoc/test/auto/ModelReference.xml
----------------- Instantiating /home/travis/build/icyphy/ptII/ptolemy/actor/lib/hoc/test/auto/ModelReference.xml
5 ms. Memory: 331264K Free: 177343K (54%)
6 ms. Memory: 331264K Free: 177343K (54%)
2 ms. Memory: 331264K Free: 175711K (53%)
2 ms. Memory: 331264K Free: 175711K (53%)
3 ms. Memory: 331264K Free: 174079K (53%)
2 ms. Memory: 331264K Free: 174079K (53%)
5 ms. Memory: 331264K Free: 172448K (52%)
1 ms. Memory: 331264K Free: 172448K (52%)
2 ms. Memory: 331264K Free: 170816K (52%)
3 ms. Memory: 331264K Free: 170816K (52%)
39 ms. Memory: 331264K Free: 170816K (52%)
----------------- Invoking toplevel() on ptolemy.moml.MoMLSimpleApplication@207eac76
----------------- Done invoking toplevel() on ptolemy.moml.MoMLSimpleApplication@207eac76
reloadAllAccessors: .ModelReference

===========================================================================================
----------------- testing Thu May 31 18:52:21 UTC 2018 /home/travis/build/icyphy/ptII/ptolemy/actor/lib/hoc/test/auto/ModelReference3.xml
----------------- Instantiating /home/travis/build/icyphy/ptII/ptolemy/actor/lib/hoc/test/auto/ModelReference3.xml
1 ms. Memory: 331264K Free: 165922K (50%)
1 ms. Memory: 331264K Free: 164290K (50%)
1 ms. Memory: 331264K Free: 164290K (50%)
9 ms. Memory: 331264K Free: 162658K (49%)
3 ms. Memory: 331264K Free: 162658K (49%)
2 ms. Memory: 331264K Free: 161027K (49%)
2 ms. Memory: 331264K Free: 161027K (49%)
3 ms. Memory: 331264K Free: 159395K (48%)
2 ms. Memory: 331264K Free: 159395K (48%)
3 ms. Memory: 331264K Free: 157764K (48%)
34 ms. Memory: 331264K Free: 157764K (48%)
----------------- Invoking toplevel() on ptolemy.moml.MoMLSimpleApplication@4b834f63
----------------- Done invoking toplevel() on ptolemy.moml.MoMLSimpleApplication@4b834f63
reloadAllAccessors: .ModelReference3

===========================================================================================
----------------- testing Thu May 31 18:52:21 UTC 2018 /home/travis/build/icyphy/ptII/ptolemy/actor/lib/hoc/test/auto/ModelReference4.xml
----------------- Instantiating /home/travis/build/icyphy/ptII/ptolemy/actor/lib/hoc/test/auto/ModelReference4.xml
3 ms. Memory: 331264K Free: 150406K (45%)
7 ms. Memory: 331264K Free: 148775K (45%)
2 ms. Memory: 331264K Free: 147143K (44%)
3 ms. Memory: 331264K Free: 145512K (44%)
9 ms. Memory: 331264K Free: 142249K (43%)
5 ms. Memory: 331264K Free: 140617K (42%)
3 ms. Memory: 331264K Free: 138985K (42%)
2 ms. Memory: 331264K Free: 137354K (41%)
2 ms. Memory: 331264K Free: 135722K (41%)
2 ms. Memory: 331264K Free: 134091K (40%)
10015 ms. Memory: 331264K Free: 134091K (40%)
----------------- Invoking toplevel() on ptolemy.moml.MoMLSimpleApplication@3a030abc
----------------- Done invoking toplevel() on ptolemy.moml.MoMLSimpleApplication@3a030abc
reloadAllAccessors: .ModelReference4

===========================================================================================
----------------- testing Thu May 31 18:52:31 UTC 2018 /home/travis/build/icyphy/ptII/ptolemy/actor/lib/hoc/test/auto/MultiInstanceComposite.xml
----------------- Instantiating /home/travis/build/icyphy/ptII/ptolemy/actor/lib/hoc/test/auto/MultiInstanceComposite.xml
26 ms. Memory: 331264K Free: 116143K (35%)
----------------- Invoking toplevel() on ptolemy.moml.MoMLSimpleApplication@a7d6b9e
----------------- Done invoking toplevel() on ptolemy.moml.MoMLSimpleApplication@a7d6b9e
reloadAllAccessors: .MultiInstanceComposite

===========================================================================================
----------------- testing Thu May 31 18:52:31 UTC 2018 /home/travis/build/icyphy/ptII/ptolemy/actor/lib/hoc/test/auto/MultiInstanceComposite2.xml
----------------- Instantiating /home/travis/build/icyphy/ptII/ptolemy/actor/lib/hoc/test/auto/MultiInstanceComposite2.xml
11 ms. Memory: 331264K Free: 102259K (31%)
----------------- Invoking toplevel() on ptolemy.moml.MoMLSimpleApplication@3b8262a6
----------------- Done invoking toplevel() on ptolemy.moml.MoMLSimpleApplication@3b8262a6
reloadAllAccessors: .MultiInstanceComposite2

===========================================================================================
----------------- testing Thu May 31 18:52:31 UTC 2018 /home/travis/build/icyphy/ptII/ptolemy/actor/lib/hoc/test/auto/MulticoreExecution.xml
----------------- Instantiating /home/travis/build/icyphy/ptII/ptolemy/actor/lib/hoc/test/auto/MulticoreExecution.xml
10045 ms. Memory: 331264K Free: 89206K (27%)
----------------- Invoking toplevel() on ptolemy.moml.MoMLSimpleApplication@5c0856cb
----------------- Done invoking toplevel() on ptolemy.moml.MoMLSimpleApplication@5c0856cb
reloadAllAccessors: .MulticoreExecution

===========================================================================================
----------------- testing Thu May 31 18:52:41 UTC 2018 /home/travis/build/icyphy/ptII/ptolemy/actor/lib/hoc/test/auto/ParallelExecution.xml
----------------- Instantiating /home/travis/build/icyphy/ptII/ptolemy/actor/lib/hoc/test/auto/ParallelExecution.xml
914 ms. Memory: 332288K Free: 317204K (95%)
----------------- Invoking toplevel() on ptolemy.moml.MoMLSimpleApplication@69046167
----------------- Done invoking toplevel() on ptolemy.moml.MoMLSimpleApplication@69046167
reloadAllAccessors: .ParallelExecution

===========================================================================================
----------------- testing Thu May 31 18:52:42 UTC 2018 /home/travis/build/icyphy/ptII/ptolemy/actor/lib/hoc/test/auto/RunCompositeActor.xml
----------------- Instantiating /home/travis/build/icyphy/ptII/ptolemy/actor/lib/hoc/test/auto/RunCompositeActor.xml
11 ms. Memory: 332288K Free: 307166K (92%)
----------------- Invoking toplevel() on ptolemy.moml.MoMLSimpleApplication@17de2bd7
----------------- Done invoking toplevel() on ptolemy.moml.MoMLSimpleApplication@17de2bd7
reloadAllAccessors: .RunCompositeActor

===========================================================================================
----------------- testing Thu May 31 18:52:42 UTC 2018 /home/travis/build/icyphy/ptII/ptolemy/actor/lib/hoc/test/auto/RunCompositeActor2.xml
----------------- Instantiating /home/travis/build/icyphy/ptII/ptolemy/actor/lib/hoc/test/auto/RunCompositeActor2.xml
8 ms. Memory: 332288K Free: 297792K (90%)
----------------- Invoking toplevel() on ptolemy.moml.MoMLSimpleApplication@c6e9c4b
----------------- Done invoking toplevel() on ptolemy.moml.MoMLSimpleApplication@c6e9c4b
reloadAllAccessors: .RunCompositeActor2

===========================================================================================
----------------- testing Thu May 31 18:52:42 UTC 2018 /home/travis/build/icyphy/ptII/ptolemy/actor/lib/hoc/test/auto/RunCompositeActor3.xml
----------------- Instantiating /home/travis/build/icyphy/ptII/ptolemy/actor/lib/hoc/test/auto/RunCompositeActor3.xml
3 ms. Memory: 332288K Free: 291673K (88%)
----------------- Invoking toplevel() on ptolemy.moml.MoMLSimpleApplication@1aebde5f
----------------- Done invoking toplevel() on ptolemy.moml.MoMLSimpleApplication@1aebde5f
reloadAllAccessors: .RunCompositeActor3

===========================================================================================
----------------- testing Thu May 31 18:52:42 UTC 2018 /home/travis/build/icyphy/ptII/ptolemy/actor/lib/hoc/test/auto/RunCompositeActor4.xml
----------------- Instantiating /home/travis/build/icyphy/ptII/ptolemy/actor/lib/hoc/test/auto/RunCompositeActor4.xml
14 ms. Memory: 332288K Free: 282460K (85%)
----------------- Invoking toplevel() on ptolemy.moml.MoMLSimpleApplication@683a7b9e
----------------- Done invoking toplevel() on ptolemy.moml.MoMLSimpleApplication@683a7b9e
reloadAllAccessors: .RunCompositeActor4

===========================================================================================
----------------- testing Thu May 31 18:52:42 UTC 2018 /home/travis/build/icyphy/ptII/ptolemy/actor/lib/hoc/test/auto/RunCompositeIterateOverArray.xml
----------------- Instantiating /home/travis/build/icyphy/ptII/ptolemy/actor/lib/hoc/test/auto/RunCompositeIterateOverArray.xml
6 ms. Memory: 332288K Free: 276342K (83%)
----------------- Invoking toplevel() on ptolemy.moml.MoMLSimpleApplication@76ff988b
----------------- Done invoking toplevel() on ptolemy.moml.MoMLSimpleApplication@76ff988b
reloadAllAccessors: .RunCompositeIterateOverArray

===========================================================================================
----------------- testing Thu May 31 18:52:42 UTC 2018 /home/travis/build/icyphy/ptII/ptolemy/actor/lib/hoc/test/auto/ThreadedJS.xml
----------------- Instantiating /home/travis/build/icyphy/ptII/ptolemy/actor/lib/hoc/test/auto/ThreadedJS.xml
1818 ms. Memory: 539648K Free: 168597K (31%)
----------------- Invoking toplevel() on ptolemy.moml.MoMLSimpleApplication@29541fa3
----------------- Done invoking toplevel() on ptolemy.moml.MoMLSimpleApplication@29541fa3
reloadAllAccessors: .ThreadedJS
AutoTests.java: About to close Vertx.
AutoTests.java: Vertx closed.
]]></system-out>
  <system-err><![CDATA[java.lang.RuntimeException: Execution failed
	at ptolemy.moml.MoMLSimpleApplication$UnloadThread.run(MoMLSimpleApplication.java:402)
Caused by: ptolemy.kernel.util.IllegalActionException: initialize() was called after wrapup() was called but preinitialize() was not called after wrapup().
	at ptolemy.actor.lib.hoc.test.PreinitializeMustBeInvoked.initialize(PreinitializeMustBeInvoked.java:78)
	at ptolemy.actor.Director.initialize(Director.java:938)
	at ptolemy.actor.Director.initialize(Director.java:907)
	at ptolemy.actor.sched.StaticSchedulingDirector.initialize(StaticSchedulingDirector.java:159)
	at ptolemy.domains.sdf.kernel.SDFDirector.initialize(SDFDirector.java:544)
	at ptolemy.actor.CompositeActor.initialize(CompositeActor.java:935)
	at ptolemy.actor.lib.hoc.LifeCycleManager._executeInsideModel(LifeCycleManager.java:339)
	at ptolemy.actor.lib.hoc.RunCompositeActor.fire(RunCompositeActor.java:205)
	at ptolemy.actor.CompositeActor.iterate(CompositeActor.java:1146)
	at ptolemy.actor.sched.StaticSchedulingDirector.fire(StaticSchedulingDirector.java:216)
	at ptolemy.domains.sdf.kernel.SDFDirector.fire(SDFDirector.java:500)
	at ptolemy.actor.CompositeActor.fire(CompositeActor.java:455)
	at ptolemy.actor.Manager.iterate(Manager.java:851)
	at ptolemy.actor.Manager.execute(Manager.java:369)
	at ptolemy.actor.Manager.run(Manager.java:1263)
	at ptolemy.actor.Manager$PtolemyRunThread.run(Manager.java:1915)
java.lang.reflect.InvocationTargetException
	at sun.reflect.NativeConstructorAccessorImpl.newInstance0(Native Method)
	at sun.reflect.NativeConstructorAccessorImpl.newInstance(NativeConstructorAccessorImpl.java:62)
	at sun.reflect.DelegatingConstructorAccessorImpl.newInstance(DelegatingConstructorAccessorImpl.java:45)
	at java.lang.reflect.Constructor.newInstance(Constructor.java:423)
	at ptolemy.util.test.junit.AutoKnownFailedTests.RunModel(AutoKnownFailedTests.java:107)
	at sun.reflect.NativeMethodAccessorImpl.invoke0(Native Method)
	at sun.reflect.NativeMethodAccessorImpl.invoke(NativeMethodAccessorImpl.java:62)
	at sun.reflect.DelegatingMethodAccessorImpl.invoke(DelegatingMethodAccessorImpl.java:43)
	at java.lang.reflect.Method.invoke(Method.java:498)
	at org.junit.runners.model.FrameworkMethod$1.runReflectiveCall(FrameworkMethod.java:44)
	at org.junit.internal.runners.model.ReflectiveCallable.run(ReflectiveCallable.java:15)
	at org.junit.runners.model.FrameworkMethod.invokeExplosively(FrameworkMethod.java:41)
	at junitparams.internal.InvokeParameterisedMethod.evaluate(InvokeParameterisedMethod.java:102)
	at org.junit.internal.runners.statements.FailOnTimeout$1.run(FailOnTimeout.java:28)
Caused by: ptolemy.kernel.util.IllegalActionException: initialize() was called after wrapup() was called but preinitialize() was not called after wrapup().
	at ptolemy.actor.lib.hoc.test.PreinitializeMustBeInvoked.initialize(PreinitializeMustBeInvoked.java:78)
	at ptolemy.actor.Director.initialize(Director.java:938)
	at ptolemy.actor.Director.initialize(Director.java:907)
	at ptolemy.actor.sched.StaticSchedulingDirector.initialize(StaticSchedulingDirector.java:159)
	at ptolemy.domains.sdf.kernel.SDFDirector.initialize(SDFDirector.java:544)
	at ptolemy.actor.CompositeActor.initialize(CompositeActor.java:935)
	at ptolemy.actor.lib.hoc.LifeCycleManager._executeInsideModel(LifeCycleManager.java:339)
	at ptolemy.actor.lib.hoc.RunCompositeActor.fire(RunCompositeActor.java:205)
	at ptolemy.actor.CompositeActor.iterate(CompositeActor.java:1146)
	at ptolemy.actor.sched.StaticSchedulingDirector.fire(StaticSchedulingDirector.java:216)
	at ptolemy.domains.sdf.kernel.SDFDirector.fire(SDFDirector.java:500)
	at ptolemy.actor.CompositeActor.fire(CompositeActor.java:455)
	at ptolemy.actor.Manager.iterate(Manager.java:851)
	at ptolemy.actor.Manager.execute(Manager.java:369)
	at ptolemy.actor.Manager.run(Manager.java:1263)
	at ptolemy.actor.Manager$PtolemyRunThread.run(Manager.java:1915)
]]></system-err>
</testsuite>
