<?xml version="1.0" encoding="UTF-8" ?>
<testsuite errors="0" failures="0" hostname="travis-job-8ce43727-5086-4c11-8a54-087225a46a06" name="ptolemy.domains.de.test.junit.JUnitTclTest" skipped="0" tests="101" time="134.03" timestamp="2018-05-23T01:16:25">
  <properties>
[...]
</properties>
  <testcase classname="ptolemy.util.test.junit.TclTests" name="[0] /home/travis/build/icyphy/ptII/ptolemy/domains/de/test/DependencyLoop.tcl (RunTclFile)" time="0.775" />
  <testcase classname="ptolemy.util.test.junit.TclTests" name="[1] /home/travis/build/icyphy/ptII/ptolemy/domains/de/test/RunDETestsAsQSS.tcl (RunTclFile)" time="93.082" />
  <testcase classname="ptolemy.util.test.junit.AutoKnownFailedTests" name="[0] /home/travis/build/icyphy/ptII/ptolemy/domains/de/test/auto/knownFailedTests/DESDFClockTest.xml (RunModel)" time="2.024" />
  <testcase classname="ptolemy.util.test.junit.AutoKnownFailedTests" name="[1] /home/travis/build/icyphy/ptII/ptolemy/domains/de/test/auto/knownFailedTests/DirectFeedback.xml (RunModel)" time="0.016" />
  <testcase classname="ptolemy.util.test.junit.AutoKnownFailedTests" name="[2] /home/travis/build/icyphy/ptII/ptolemy/domains/de/test/auto/knownFailedTests/FSMSource.xml (RunModel)" time="0.025" />
  <testcase classname="ptolemy.util.test.junit.AutoKnownFailedTests" name="[3] /home/travis/build/icyphy/ptII/ptolemy/domains/de/test/auto/knownFailedTests/HierarchicalModel.xml (RunModel)" time="0.041" />
  <testcase classname="ptolemy.util.test.junit.AutoKnownFailedTests" name="[4] /home/travis/build/icyphy/ptII/ptolemy/domains/de/test/auto/knownFailedTests/dependencyLoop.xml (RunModel)" time="0.044" />
  <testcase classname="ptolemy.util.test.junit.AutoKnownFailedTests" name="[5] /home/travis/build/icyphy/ptII/ptolemy/domains/de/test/auto/knownFailedTests/dependencyLoop2.xml (RunModel)" time="0.038" />
  <testcase classname="ptolemy.util.test.junit.AutoNameArchTests" name="[0] ThereAreNoAutoTests (RunModel)" time="0.004" />
  <testcase classname="ptolemy.util.test.junit.AutoTests" name="[0] /home/travis/build/icyphy/ptII/ptolemy/domains/de/test/auto/ActorDepthCalculation_actorWithoutPorts.xml (RunModel)" time="0.022" />
  <testcase classname="ptolemy.util.test.junit.AutoTests" name="[1] /home/travis/build/icyphy/ptII/ptolemy/domains/de/test/auto/AssemblyLine.xml (RunModel)" time="0.023" />
  <testcase classname="ptolemy.util.test.junit.AutoTests" name="[2] /home/travis/build/icyphy/ptII/ptolemy/domains/de/test/auto/CQBug1.xml (RunModel)" time="0.015" />
  <testcase classname="ptolemy.util.test.junit.AutoTests" name="[3] /home/travis/build/icyphy/ptII/ptolemy/domains/de/test/auto/CancelFireAt.xml (RunModel)" time="0.011" />
  <testcase classname="ptolemy.util.test.junit.AutoTests" name="[4] /home/travis/build/icyphy/ptII/ptolemy/domains/de/test/auto/CausalityAndComposabilityAnalysis.xml (RunModel)" time="0.013" />
  <testcase classname="ptolemy.util.test.junit.AutoTests" name="[5] /home/travis/build/icyphy/ptII/ptolemy/domains/de/test/auto/CausalityInterface1.xml (RunModel)" time="0.017" />
  <testcase classname="ptolemy.util.test.junit.AutoTests" name="[6] /home/travis/build/icyphy/ptII/ptolemy/domains/de/test/auto/CausalityInterface15.xml (RunModel)" time="0.015" />
  <testcase classname="ptolemy.util.test.junit.AutoTests" name="[7] /home/travis/build/icyphy/ptII/ptolemy/domains/de/test/auto/CausalityInterface2.xml (RunModel)" time="0.016" />
  <testcase classname="ptolemy.util.test.junit.AutoTests" name="[8] /home/travis/build/icyphy/ptII/ptolemy/domains/de/test/auto/CausalityInterface3.xml (RunModel)" time="0.023" />
  <testcase classname="ptolemy.util.test.junit.AutoTests" name="[9] /home/travis/build/icyphy/ptII/ptolemy/domains/de/test/auto/ClockDrift.xml (RunModel)" time="0.038" />
  <testcase classname="ptolemy.util.test.junit.AutoTests" name="[10] /home/travis/build/icyphy/ptII/ptolemy/domains/de/test/auto/ClockDriftAndValueChange.xml (RunModel)" time="0.031" />
  <testcase classname="ptolemy.util.test.junit.AutoTests" name="[11] /home/travis/build/icyphy/ptII/ptolemy/domains/de/test/auto/ClockDriftChange.xml (RunModel)" time="0.026" />
  <testcase classname="ptolemy.util.test.junit.AutoTests" name="[12] /home/travis/build/icyphy/ptII/ptolemy/domains/de/test/auto/ComposableCausalityAnalysis.xml (RunModel)" time="0.017" />
  <testcase classname="ptolemy.util.test.junit.AutoTests" name="[13] /home/travis/build/icyphy/ptII/ptolemy/domains/de/test/auto/DEFixedPointLimitation.xml (RunModel)" time="0.011" />
  <testcase classname="ptolemy.util.test.junit.AutoTests" name="[14] /home/travis/build/icyphy/ptII/ptolemy/domains/de/test/auto/DEScheduleTest.xml (RunModel)" time="0.012" />
  <testcase classname="ptolemy.util.test.junit.AutoTests" name="[15] /home/travis/build/icyphy/ptII/ptolemy/domains/de/test/auto/DEinDEwithStartTimes.xml (RunModel)" time="0.015" />
  <testcase classname="ptolemy.util.test.junit.AutoTests" name="[16] /home/travis/build/icyphy/ptII/ptolemy/domains/de/test/auto/DEinDEwithStartTimes2.xml (RunModel)" time="0.016" />
  <testcase classname="ptolemy.util.test.junit.AutoTests" name="[17] /home/travis/build/icyphy/ptII/ptolemy/domains/de/test/auto/DateDemo.xml (RunModel)" time="0.031" />
  <testcase classname="ptolemy.util.test.junit.AutoTests" name="[18] /home/travis/build/icyphy/ptII/ptolemy/domains/de/test/auto/DateToEvent.xml (RunModel)" time="2.053" />
  <testcase classname="ptolemy.util.test.junit.AutoTests" name="[19] /home/travis/build/icyphy/ptII/ptolemy/domains/de/test/auto/DepthTest1.xml (RunModel)" time="0.012" />
  <testcase classname="ptolemy.util.test.junit.AutoTests" name="[20] /home/travis/build/icyphy/ptII/ptolemy/domains/de/test/auto/DepthTest2.xml (RunModel)" time="0.023" />
  <testcase classname="ptolemy.util.test.junit.AutoTests" name="[21] /home/travis/build/icyphy/ptII/ptolemy/domains/de/test/auto/DepthTest3.xml (RunModel)" time="0.01" />
  <testcase classname="ptolemy.util.test.junit.AutoTests" name="[22] /home/travis/build/icyphy/ptII/ptolemy/domains/de/test/auto/DepthTest4.xml (RunModel)" time="0.014" />
  <testcase classname="ptolemy.util.test.junit.AutoTests" name="[23] /home/travis/build/icyphy/ptII/ptolemy/domains/de/test/auto/DepthTest5.xml (RunModel)" time="0.017" />
  <testcase classname="ptolemy.util.test.junit.AutoTests" name="[24] /home/travis/build/icyphy/ptII/ptolemy/domains/de/test/auto/DepthTest6.xml (RunModel)" time="0.014" />
  <testcase classname="ptolemy.util.test.junit.AutoTests" name="[25] /home/travis/build/icyphy/ptII/ptolemy/domains/de/test/auto/DepthTest7.xml (RunModel)" time="0.026" />
  <testcase classname="ptolemy.util.test.junit.AutoTests" name="[26] /home/travis/build/icyphy/ptII/ptolemy/domains/de/test/auto/EventToDate.xml (RunModel)" time="3.039" />
  <testcase classname="ptolemy.util.test.junit.AutoTests" name="[27] /home/travis/build/icyphy/ptII/ptolemy/domains/de/test/auto/FSM1.xml (RunModel)" time="0.032" />
  <testcase classname="ptolemy.util.test.junit.AutoTests" name="[28] /home/travis/build/icyphy/ptII/ptolemy/domains/de/test/auto/FSM7.xml (RunModel)" time="0.032" />
  <testcase classname="ptolemy.util.test.junit.AutoTests" name="[29] /home/travis/build/icyphy/ptII/ptolemy/domains/de/test/auto/Inspection.xml (RunModel)" time="0.042" />
  <testcase classname="ptolemy.util.test.junit.AutoTests" name="[30] /home/travis/build/icyphy/ptII/ptolemy/domains/de/test/auto/Iteration.xml (RunModel)" time="0.019" />
  <testcase classname="ptolemy.util.test.junit.AutoTests" name="[31] /home/travis/build/icyphy/ptII/ptolemy/domains/de/test/auto/LineFault.xml (RunModel)" time="0.605" />
  <testcase classname="ptolemy.util.test.junit.AutoTests" name="[32] /home/travis/build/icyphy/ptII/ptolemy/domains/de/test/auto/MergeModel1Add.xml (RunModel)" time="0.048" />
  <testcase classname="ptolemy.util.test.junit.AutoTests" name="[33] /home/travis/build/icyphy/ptII/ptolemy/domains/de/test/auto/MergeModel2Add.xml (RunModel)" time="0.047" />
  <testcase classname="ptolemy.util.test.junit.AutoTests" name="[34] /home/travis/build/icyphy/ptII/ptolemy/domains/de/test/auto/MergeModel3Add.xml (RunModel)" time="0.039" />
  <testcase classname="ptolemy.util.test.junit.AutoTests" name="[35] /home/travis/build/icyphy/ptII/ptolemy/domains/de/test/auto/MergeWithoutDiscard.xml (RunModel)" time="0.01" />
  <testcase classname="ptolemy.util.test.junit.AutoTests" name="[36] /home/travis/build/icyphy/ptII/ptolemy/domains/de/test/auto/Modal1.xml (RunModel)" time="0.035" />
  <testcase classname="ptolemy.util.test.junit.AutoTests" name="[37] /home/travis/build/icyphy/ptII/ptolemy/domains/de/test/auto/Modal2.xml (RunModel)" time="0.035" />
  <testcase classname="ptolemy.util.test.junit.AutoTests" name="[38] /home/travis/build/icyphy/ptII/ptolemy/domains/de/test/auto/Modal3.xml (RunModel)" time="0.037" />
  <testcase classname="ptolemy.util.test.junit.AutoTests" name="[39] /home/travis/build/icyphy/ptII/ptolemy/domains/de/test/auto/Modal4.xml (RunModel)" time="0.034" />
  <testcase classname="ptolemy.util.test.junit.AutoTests" name="[40] /home/travis/build/icyphy/ptII/ptolemy/domains/de/test/auto/Modal5.xml (RunModel)" time="0.035" />
  <testcase classname="ptolemy.util.test.junit.AutoTests" name="[41] /home/travis/build/icyphy/ptII/ptolemy/domains/de/test/auto/Modal6.xml (RunModel)" time="0.032" />
  <testcase classname="ptolemy.util.test.junit.AutoTests" name="[42] /home/travis/build/icyphy/ptII/ptolemy/domains/de/test/auto/Modal7.xml (RunModel)" time="0.039" />
  <testcase classname="ptolemy.util.test.junit.AutoTests" name="[43] /home/travis/build/icyphy/ptII/ptolemy/domains/de/test/auto/ModalModel.xml (RunModel)" time="0.203" />
  <testcase classname="ptolemy.util.test.junit.AutoTests" name="[44] /home/travis/build/icyphy/ptII/ptolemy/domains/de/test/auto/ModalSource.xml (RunModel)" time="0.019" />
  <testcase classname="ptolemy.util.test.junit.AutoTests" name="[45] /home/travis/build/icyphy/ptII/ptolemy/domains/de/test/auto/NonInterruptibleTimerZeroDelay.xml (RunModel)" time="0.012" />
  <testcase classname="ptolemy.util.test.junit.AutoTests" name="[46] /home/travis/build/icyphy/ptII/ptolemy/domains/de/test/auto/OpenQueueingNetwork.xml (RunModel)" time="2.48" />
  <testcase classname="ptolemy.util.test.junit.AutoTests" name="[47] /home/travis/build/icyphy/ptII/ptolemy/domains/de/test/auto/OpenQueuingNetwork.xml (RunModel)" time="0.307" />
  <testcase classname="ptolemy.util.test.junit.AutoTests" name="[48] /home/travis/build/icyphy/ptII/ptolemy/domains/de/test/auto/PeriodicSampler.xml (RunModel)" time="0.008" />
  <testcase classname="ptolemy.util.test.junit.AutoTests" name="[49] /home/travis/build/icyphy/ptII/ptolemy/domains/de/test/auto/PersistentIO.xml (RunModel)" time="0.021" />
  <testcase classname="ptolemy.util.test.junit.AutoTests" name="[50] /home/travis/build/icyphy/ptII/ptolemy/domains/de/test/auto/PortParameterResetOnInitialize.xml (RunModel)" time="0.011" />
  <testcase classname="ptolemy.util.test.junit.AutoTests" name="[51] /home/travis/build/icyphy/ptII/ptolemy/domains/de/test/auto/PortParameterUpdates.xml (RunModel)" time="0.016" />
  <testcase classname="ptolemy.util.test.junit.AutoTests" name="[52] /home/travis/build/icyphy/ptII/ptolemy/domains/de/test/auto/QueueAndServer.xml (RunModel)" time="0.021" />
  <testcase classname="ptolemy.util.test.junit.AutoTests" name="[53] /home/travis/build/icyphy/ptII/ptolemy/domains/de/test/auto/Records.xml (RunModel)" time="0.014" />
  <testcase classname="ptolemy.util.test.junit.AutoTests" name="[54] /home/travis/build/icyphy/ptII/ptolemy/domains/de/test/auto/ResetTransitionWithStartTime1.xml (RunModel)" time="0.021" />
  <testcase classname="ptolemy.util.test.junit.AutoTests" name="[55] /home/travis/build/icyphy/ptII/ptolemy/domains/de/test/auto/ResetTransitionWithStartTime2.xml (RunModel)" time="0.018" />
  <testcase classname="ptolemy.util.test.junit.AutoTests" name="[56] /home/travis/build/icyphy/ptII/ptolemy/domains/de/test/auto/ResetTransitionWithStartTime3.xml (RunModel)" time="0.018" />
  <testcase classname="ptolemy.util.test.junit.AutoTests" name="[57] /home/travis/build/icyphy/ptII/ptolemy/domains/de/test/auto/ResetTransitionWithStartTime4.xml (RunModel)" time="0.017" />
  <testcase classname="ptolemy.util.test.junit.AutoTests" name="[58] /home/travis/build/icyphy/ptII/ptolemy/domains/de/test/auto/ResettableTimer1.xml (RunModel)" time="0.01" />
  <testcase classname="ptolemy.util.test.junit.AutoTests" name="[59] /home/travis/build/icyphy/ptII/ptolemy/domains/de/test/auto/ResettableTimer2.xml (RunModel)" time="0.01" />
  <testcase classname="ptolemy.util.test.junit.AutoTests" name="[60] /home/travis/build/icyphy/ptII/ptolemy/domains/de/test/auto/ResettableTimer3.xml (RunModel)" time="0.009" />
  <testcase classname="ptolemy.util.test.junit.AutoTests" name="[61] /home/travis/build/icyphy/ptII/ptolemy/domains/de/test/auto/ResettableTimer4.xml (RunModel)" time="0.01" />
  <testcase classname="ptolemy.util.test.junit.AutoTests" name="[62] /home/travis/build/icyphy/ptII/ptolemy/domains/de/test/auto/ResettableTimer5.xml (RunModel)" time="0.01" />
  <testcase classname="ptolemy.util.test.junit.AutoTests" name="[63] /home/travis/build/icyphy/ptII/ptolemy/domains/de/test/auto/ResettableTimer6.xml (RunModel)" time="0.016" />
  <testcase classname="ptolemy.util.test.junit.AutoTests" name="[64] /home/travis/build/icyphy/ptII/ptolemy/domains/de/test/auto/ServerZeroDelay.xml (RunModel)" time="0.01" />
  <testcase classname="ptolemy.util.test.junit.AutoTests" name="[65] /home/travis/build/icyphy/ptII/ptolemy/domains/de/test/auto/SmartSender.xml (RunModel)" time="3.009" />
  <testcase classname="ptolemy.util.test.junit.AutoTests" name="[66] /home/travis/build/icyphy/ptII/ptolemy/domains/de/test/auto/ThreadedComposite.xml (RunModel)" time="0.15" />
  <testcase classname="ptolemy.util.test.junit.AutoTests" name="[67] /home/travis/build/icyphy/ptII/ptolemy/domains/de/test/auto/Time.xml (RunModel)" time="0.489" />
  <testcase classname="ptolemy.util.test.junit.AutoTests" name="[68] /home/travis/build/icyphy/ptII/ptolemy/domains/de/test/auto/TimeDelayZeroDelay.xml (RunModel)" time="0.013" />
  <testcase classname="ptolemy.util.test.junit.AutoTests" name="[69] /home/travis/build/icyphy/ptII/ptolemy/domains/de/test/auto/TimerZeroDelay.xml (RunModel)" time="0.01" />
  <testcase classname="ptolemy.util.test.junit.AutoTests" name="[70] /home/travis/build/icyphy/ptII/ptolemy/domains/de/test/auto/TimingParadox.xml (RunModel)" time="0.352" />
  <testcase classname="ptolemy.util.test.junit.AutoTests" name="[71] /home/travis/build/icyphy/ptII/ptolemy/domains/de/test/auto/TransferInputs.xml (RunModel)" time="0.019" />
  <testcase classname="ptolemy.util.test.junit.AutoTests" name="[72] /home/travis/build/icyphy/ptII/ptolemy/domains/de/test/auto/TransferOutputs2.xml (RunModel)" time="0.021" />
  <testcase classname="ptolemy.util.test.junit.AutoTests" name="[73] /home/travis/build/icyphy/ptII/ptolemy/domains/de/test/auto/Trilateration.xml (RunModel)" time="11.506" />
  <testcase classname="ptolemy.util.test.junit.AutoTests" name="[74] /home/travis/build/icyphy/ptII/ptolemy/domains/de/test/auto/TwoSigmaDelta.xml (RunModel)" time="1.92" />
  <testcase classname="ptolemy.util.test.junit.AutoTests" name="[75] /home/travis/build/icyphy/ptII/ptolemy/domains/de/test/auto/VariableDelay.xml (RunModel)" time="0.014" />
  <testcase classname="ptolemy.util.test.junit.AutoTests" name="[76] /home/travis/build/icyphy/ptII/ptolemy/domains/de/test/auto/VariableDelay2.xml (RunModel)" time="0.009" />
  <testcase classname="ptolemy.util.test.junit.AutoTests" name="[77] /home/travis/build/icyphy/ptII/ptolemy/domains/de/test/auto/VariableDelayZeroDelay.xml (RunModel)" time="0.01" />
  <testcase classname="ptolemy.util.test.junit.AutoTests" name="[78] /home/travis/build/icyphy/ptII/ptolemy/domains/de/test/auto/VariableDelayZeroDelay2.xml (RunModel)" time="0.01" />
  <testcase classname="ptolemy.util.test.junit.AutoTests" name="[79] /home/travis/build/icyphy/ptII/ptolemy/domains/de/test/auto/deInCt.xml (RunModel)" time="0.015" />
  <testcase classname="ptolemy.util.test.junit.AutoTests" name="[80] /home/travis/build/icyphy/ptII/ptolemy/domains/de/test/auto/deInCt2.xml (RunModel)" time="0.017" />
  <testcase classname="ptolemy.util.test.junit.AutoTests" name="[81] /home/travis/build/icyphy/ptII/ptolemy/domains/de/test/auto/dynamicCausalityInterface1.xml (RunModel)" time="0.025" />
  <testcase classname="ptolemy.util.test.junit.AutoTests" name="[82] /home/travis/build/icyphy/ptII/ptolemy/domains/de/test/auto/fsm_de_test.xml (RunModel)" time="0.031" />
  <testcase classname="ptolemy.util.test.junit.AutoTests" name="[83] /home/travis/build/icyphy/ptII/ptolemy/domains/de/test/auto/functionDependencyReconstruction.xml (RunModel)" time="0.037" />
  <testcase classname="ptolemy.util.test.junit.AutoTests" name="[84] /home/travis/build/icyphy/ptII/ptolemy/domains/de/test/auto/multirate.xml (RunModel)" time="0.02" />
  <testcase classname="ptolemy.util.test.junit.AutoTests" name="[85] /home/travis/build/icyphy/ptII/ptolemy/domains/de/test/auto/multirate2.xml (RunModel)" time="0.021" />
  <testcase classname="ptolemy.util.test.junit.AutoTests" name="[86] /home/travis/build/icyphy/ptII/ptolemy/domains/de/test/auto/realtime.xml (RunModel)" time="10.012" />
  <testcase classname="ptolemy.util.test.junit.AutoTests" name="[87] /home/travis/build/icyphy/ptII/ptolemy/domains/de/test/auto/relationGroup.xml (RunModel)" time="0.008" />
  <testcase classname="ptolemy.util.test.junit.AutoTests" name="[88] /home/travis/build/icyphy/ptII/ptolemy/domains/de/test/auto/relationGroup2.xml (RunModel)" time="0.006" />
  <testcase classname="ptolemy.util.test.junit.AutoTests" name="[89] /home/travis/build/icyphy/ptII/ptolemy/domains/de/test/auto/sortWithOpaquePorts.xml (RunModel)" time="0.008" />
  <testcase classname="ptolemy.util.test.junit.AutoTests" name="[90] /home/travis/build/icyphy/ptII/ptolemy/domains/de/test/auto/transferInputsandOutputs.xml (RunModel)" time="0.01" />
  <testcase classname="ptolemy.util.test.junit.AutoTests" name="[91] /home/travis/build/icyphy/ptII/ptolemy/domains/de/test/auto/triggerType.xml (RunModel)" time="0.007" />
  <system-out><![CDATA[/home/travis/build/icyphy/ptII/ptolemy/domains/de/test/DependencyLoop.tcl
testDefs.tcl: setting time out to 9000 seconds at Wed May 23 01:16:26 UTC 2018
15 ms. Memory: 116224K Free: 95116K (82%)
7 ms. Memory: 146944K Free: 137859K (94%)
/home/travis/build/icyphy/ptII/ptolemy/domains/de/test/RunDETestsAsQSS.tcl
Run the DE tests using ptolemy.domains.qss.test.QSSDirectorTest, which extends QSSDirector and prints a message in the constructors.
------------------ testing $PTII/ptolemy/domains/de/test/auto/knownFailedTests/dependencyLoop.xml (Known Failure) 
8 ms. Memory: 146944K Free: 133186K (91%)


==== $PTIIhome/travis/build/icyphy/ptII/ptolemy/domains/de/test/../../../../: Auto Automatic test in file $PTII/ptolemy/domains/de/test/auto/knownFailedTests/dependencyLoop.xml
==== Contents of test case:

	    # FIXME: we should use $relativeFilename here, but it
	    # might have backslashes under Windows, which causes no end
	    # of trouble.
	    createAndExecute $file
	    list {}
	
.... Test generated KNOWN error:
    while executing
ptolemy.kernel.util.IllegalActionException: Found a zero delay loop containing .dependencyLoop.original
  in .dependencyLoop and .dependencyLoop.original
	at ptolemy.actor.util.CausalityInterfaceForComposites._computeOutputPortDepth(CausalityInterfaceForComposites.java:759)
	at ptolemy.actor.util.CausalityInterfaceForComposites._computeInputDepth(CausalityInterfaceForComposites.java:696)
	at ptolemy.actor.util.CausalityInterfaceForComposites._computeOutputPortDepth(CausalityInterfaceForComposites.java:765)
	at ptolemy.actor.util.CausalityInterfaceForComposites._computeInputDepth(CausalityInterfaceForComposites.java:696)
	at ptolemy.actor.util.CausalityInterfaceForComposites._computeOutputPortDepth(CausalityInterfaceForComposites.java:765)
	at ptolemy.actor.util.CausalityInterfaceForComposites._computeInputDepth(CausalityInterfaceForComposites.java:696)
	at ptolemy.actor.util.CausalityInterfaceForComposites._computeActorDepth(CausalityInterfaceForComposites.java:532)
	at ptolemy.actor.util.CausalityInterfaceForComposites.checkForCycles(CausalityInterfaceForComposites.java:96)
	at ptolemy.domains.de.kernel.DEDirector.preinitialize(DEDirector.java:1337)
	at ptolemy.actor.CompositeActor.preinitialize(CompositeActor.java:1828)
	at ptolemy.actor.Manager.preinitializeAndResolveTypes(Manager.java:1040)
	at ptolemy.actor.Manager.initialize(Manager.java:710)
	at ptolemy.actor.Manager.execute(Manager.java:356)
	at ptolemy.actor.Manager.run(Manager.java:1263)
	at ptolemy.actor.Manager$PtolemyRunThread.run(Manager.java:1915)

    while executing
ptolemy.kernel.util.IllegalActionException: Found a zero delay loop containing .dependencyLoop.original
  in .dependencyLoop and .dependencyLoop.original
    while executing
"java::new ptolemy.moml.MoMLSimpleApplication $file
"
    (procedure "createAndExecute" line 2)
    invoked from within
"createAndExecute $file"
    ("uplevel" body line 5)
    invoked from within
"uplevel $contents_of_test"
------------------ testing $PTII/ptolemy/domains/de/test/auto/knownFailedTests/DESDFClockTest.xml (Known Failure) 
2072 ms. Memory: 146944K Free: 117816K (80%)


==== $PTIIhome/travis/build/icyphy/ptII/ptolemy/domains/de/test/../../../../: Auto Automatic test in file $PTII/ptolemy/domains/de/test/auto/knownFailedTests/DESDFClockTest.xml
==== Contents of test case:

	    # FIXME: we should use $relativeFilename here, but it
	    # might have backslashes under Windows, which causes no end
	    # of trouble.
	    createAndExecute $file
	    list {}
	
.... Test generated KNOWN error:
    while executing
ptolemy.kernel.util.IllegalActionException: Actor is not ready to fire.  Perhaps UpSample.prefire() returned false? Try debugging the actor by selecting "Listen to Actor".  Also, for SDF check moml for tokenConsumptionRate on input.
  in .DESDFClockTest.Play Bell.Copy1:SDF Director and .DESDFClockTest.Play Bell.UpSample
	at ptolemy.actor.sched.StaticSchedulingDirector.fire(StaticSchedulingDirector.java:227)
	at ptolemy.domains.sdf.kernel.SDFDirector.fire(SDFDirector.java:500)
	at ptolemy.actor.CompositeActor.fire(CompositeActor.java:455)
	at ptolemy.domains.de.kernel.DEDirector._fire(DEDirector.java:1948)
	at ptolemy.domains.de.kernel.DEDirector.fire(DEDirector.java:502)
	at ptolemy.actor.CompositeActor.fire(CompositeActor.java:455)
	at ptolemy.actor.Manager.iterate(Manager.java:851)
	at ptolemy.actor.Manager.execute(Manager.java:369)
	at ptolemy.actor.Manager.run(Manager.java:1263)
	at ptolemy.actor.Manager$PtolemyRunThread.run(Manager.java:1915)

    while executing
ptolemy.kernel.util.IllegalActionException: Actor is not ready to fire.  Perhaps UpSample.prefire() returned false? Try debugging the actor by selecting "Listen to Actor".  Also, for SDF check moml for tokenConsumptionRate on input.
  in .DESDFClockTest.Play Bell.Copy1:SDF Director and .DESDFClockTest.Play Bell.UpSample
    while executing
"java::new ptolemy.moml.MoMLSimpleApplication $file
"
    (procedure "createAndExecute" line 2)
    invoked from within
"createAndExecute $file"
    ("uplevel" body line 5)
    invoked from within
"uplevel $contents_of_test"
------------------ testing $PTII/ptolemy/domains/de/test/auto/knownFailedTests/FSMSource.xml (Known Failure) 
42 ms. Memory: 146944K Free: 108257K (74%)
!!!! Auto was marked as failing, but now passes
------------------ testing $PTII/ptolemy/domains/de/test/auto/knownFailedTests/dependencyLoop2.xml (Known Failure) 
13 ms. Memory: 146944K Free: 106398K (72%)


==== $PTIIhome/travis/build/icyphy/ptII/ptolemy/domains/de/test/../../../../: Auto Automatic test in file $PTII/ptolemy/domains/de/test/auto/knownFailedTests/dependencyLoop2.xml
==== Contents of test case:

	    # FIXME: we should use $relativeFilename here, but it
	    # might have backslashes under Windows, which causes no end
	    # of trouble.
	    createAndExecute $file
	    list {}
	
.... Test generated KNOWN error:
    while executing
ptolemy.kernel.util.IllegalActionException: Found a zero delay loop containing .dependencyLoop2.original
  in .dependencyLoop2 and .dependencyLoop2.original
	at ptolemy.actor.util.CausalityInterfaceForComposites._computeOutputPortDepth(CausalityInterfaceForComposites.java:759)
	at ptolemy.actor.util.CausalityInterfaceForComposites._computeInputDepth(CausalityInterfaceForComposites.java:696)
	at ptolemy.actor.util.CausalityInterfaceForComposites._computeOutputPortDepth(CausalityInterfaceForComposites.java:765)
	at ptolemy.actor.util.CausalityInterfaceForComposites._computeInputDepth(CausalityInterfaceForComposites.java:696)
	at ptolemy.actor.util.CausalityInterfaceForComposites._computeOutputPortDepth(CausalityInterfaceForComposites.java:765)
	at ptolemy.actor.util.CausalityInterfaceForComposites._computeInputDepth(CausalityInterfaceForComposites.java:696)
	at ptolemy.actor.util.CausalityInterfaceForComposites._computeActorDepth(CausalityInterfaceForComposites.java:532)
	at ptolemy.actor.util.CausalityInterfaceForComposites.checkForCycles(CausalityInterfaceForComposites.java:96)
	at ptolemy.domains.de.kernel.DEDirector.preinitialize(DEDirector.java:1337)
	at ptolemy.actor.CompositeActor.preinitialize(CompositeActor.java:1828)
	at ptolemy.actor.Manager.preinitializeAndResolveTypes(Manager.java:1040)
	at ptolemy.actor.Manager.initialize(Manager.java:710)
	at ptolemy.actor.Manager.execute(Manager.java:356)
	at ptolemy.actor.Manager.run(Manager.java:1263)
	at ptolemy.actor.Manager$PtolemyRunThread.run(Manager.java:1915)

    while executing
ptolemy.kernel.util.IllegalActionException: Found a zero delay loop containing .dependencyLoop2.original
  in .dependencyLoop2 and .dependencyLoop2.original
    while executing
"java::new ptolemy.moml.MoMLSimpleApplication $file
"
    (procedure "createAndExecute" line 2)
    invoked from within
"createAndExecute $file"
    ("uplevel" body line 5)
    invoked from within
"uplevel $contents_of_test"
------------------ testing $PTII/ptolemy/domains/de/test/auto/knownFailedTests/HierarchicalModel.xml (Known Failure) 
6 ms. Memory: 146944K Free: 84725K (58%)


==== $PTIIhome/travis/build/icyphy/ptII/ptolemy/domains/de/test/../../../../: Auto Automatic test in file $PTII/ptolemy/domains/de/test/auto/knownFailedTests/HierarchicalModel.xml
==== Contents of test case:

	    # FIXME: we should use $relativeFilename here, but it
	    # might have backslashes under Windows, which causes no end
	    # of trouble.
	    createAndExecute $file
	    list {}
	
.... Test generated KNOWN error:
    while executing
ptolemy.kernel.util.IllegalActionException: Found a zero delay loop containing .HierarchicalModel.A
  in .HierarchicalModel and .HierarchicalModel.A
	at ptolemy.actor.util.CausalityInterfaceForComposites._computeOutputPortDepth(CausalityInterfaceForComposites.java:759)
	at ptolemy.actor.util.CausalityInterfaceForComposites._computeInputDepth(CausalityInterfaceForComposites.java:696)
	at ptolemy.actor.util.CausalityInterfaceForComposites._computeOutputPortDepth(CausalityInterfaceForComposites.java:765)
	at ptolemy.actor.util.CausalityInterfaceForComposites._computeInputDepth(CausalityInterfaceForComposites.java:696)
	at ptolemy.actor.util.CausalityInterfaceForComposites._computeOutputPortDepth(CausalityInterfaceForComposites.java:765)
	at ptolemy.actor.util.CausalityInterfaceForComposites._computeInputDepth(CausalityInterfaceForComposites.java:696)
	at ptolemy.actor.util.CausalityInterfaceForComposites._computeActorDepth(CausalityInterfaceForComposites.java:532)
	at ptolemy.actor.util.CausalityInterfaceForComposites.checkForCycles(CausalityInterfaceForComposites.java:96)
	at ptolemy.domains.de.kernel.DEDirector.preinitialize(DEDirector.java:1337)
	at ptolemy.actor.CompositeActor.preinitialize(CompositeActor.java:1828)
	at ptolemy.actor.Manager.preinitializeAndResolveTypes(Manager.java:1040)
	at ptolemy.actor.Manager.initialize(Manager.java:710)
	at ptolemy.actor.Manager.execute(Manager.java:356)
	at ptolemy.actor.Manager.run(Manager.java:1263)
	at ptolemy.actor.Manager$PtolemyRunThread.run(Manager.java:1915)

    while executing
ptolemy.kernel.util.IllegalActionException: Found a zero delay loop containing .HierarchicalModel.A
  in .HierarchicalModel and .HierarchicalModel.A
    while executing
"java::new ptolemy.moml.MoMLSimpleApplication $file
"
    (procedure "createAndExecute" line 2)
    invoked from within
"createAndExecute $file"
    ("uplevel" body line 5)
    invoked from within
"uplevel $contents_of_test"
------------------ testing $PTII/ptolemy/domains/de/test/auto/knownFailedTests/DirectFeedback.xml (Known Failure) 
17 ms. Memory: 146944K Free: 142334K (97%)


==== $PTIIhome/travis/build/icyphy/ptII/ptolemy/domains/de/test/../../../../: Auto Automatic test in file $PTII/ptolemy/domains/de/test/auto/knownFailedTests/DirectFeedback.xml
==== Contents of test case:

	    # FIXME: we should use $relativeFilename here, but it
	    # might have backslashes under Windows, which causes no end
	    # of trouble.
	    createAndExecute $file
	    list {}
	
.... Test generated KNOWN error:
    while executing
ptolemy.kernel.util.IllegalActionException: Test fails in iteration 1.
Value was: 1.0. Should have been: 2.0
  in .DirectFeedback.Test
	at ptolemy.actor.lib.Test.fire(Test.java:268)
	at ptolemy.domains.de.kernel.DEDirector._fire(DEDirector.java:1948)
	at ptolemy.domains.de.kernel.DEDirector.fire(DEDirector.java:502)
	at ptolemy.actor.CompositeActor.fire(CompositeActor.java:455)
	at ptolemy.actor.Manager.iterate(Manager.java:851)
	at ptolemy.actor.Manager.execute(Manager.java:369)
	at ptolemy.actor.Manager.run(Manager.java:1263)
	at ptolemy.actor.Manager$PtolemyRunThread.run(Manager.java:1915)

    while executing
ptolemy.kernel.util.IllegalActionException: Test fails in iteration 1.
Value was: 1.0. Should have been: 2.0
  in .DirectFeedback.Test
    while executing
"java::new ptolemy.moml.MoMLSimpleApplication $file
"
    (procedure "createAndExecute" line 2)
    invoked from within
"createAndExecute $file"
    ("uplevel" body line 5)
    invoked from within
"uplevel $contents_of_test"
------------------ testing $PTII/ptolemy/domains/de/test/auto/ActorDepthCalculation_actorWithoutPorts.xml
auto.tcl: Setting watchdog for 200 seconds at Wed May 23 01:16:29 UTC 2018
7 ms. Memory: 146944K Free: 133624K (91%)
ptolemy.util.test.WatchDog.cancel(): canceling Wed May 23 01:16:29 UTC 2018
auto.tcl: Setting watchdog for 200 seconds at Wed May 23 01:16:29 UTC 2018
9 ms. Memory: 146944K Free: 132585K (90%)
ptolemy.util.test.WatchDog.cancel(): canceling Wed May 23 01:16:29 UTC 2018
------------------ testing $PTII/ptolemy/domains/de/test/auto/AssemblyLine.xml
auto.tcl: Setting watchdog for 200 seconds at Wed May 23 01:16:29 UTC 2018
34 ms. Memory: 208384K Free: 186694K (90%)
ptolemy.util.test.WatchDog.cancel(): canceling Wed May 23 01:16:29 UTC 2018
auto.tcl: Setting watchdog for 200 seconds at Wed May 23 01:16:29 UTC 2018
7 ms. Memory: 208384K Free: 186694K (90%)
ptolemy.util.test.WatchDog.cancel(): canceling Wed May 23 01:16:30 UTC 2018
------------------ testing $PTII/ptolemy/domains/de/test/auto/CQBug1.xml
auto.tcl: Setting watchdog for 200 seconds at Wed May 23 01:16:30 UTC 2018
4 ms. Memory: 208384K Free: 197738K (95%)
ptolemy.util.test.WatchDog.cancel(): canceling Wed May 23 01:16:30 UTC 2018
auto.tcl: Setting watchdog for 200 seconds at Wed May 23 01:16:30 UTC 2018
3 ms. Memory: 208384K Free: 197738K (95%)
ptolemy.util.test.WatchDog.cancel(): canceling Wed May 23 01:16:30 UTC 2018
------------------ testing $PTII/ptolemy/domains/de/test/auto/CancelFireAt.xml
auto.tcl: Setting watchdog for 200 seconds at Wed May 23 01:16:30 UTC 2018
4 ms. Memory: 208384K Free: 200707K (96%)
ptolemy.util.test.WatchDog.cancel(): canceling Wed May 23 01:16:30 UTC 2018
auto.tcl: Setting watchdog for 200 seconds at Wed May 23 01:16:30 UTC 2018
4 ms. Memory: 208384K Free: 198609K (95%)
ptolemy.util.test.WatchDog.cancel(): canceling Wed May 23 01:16:30 UTC 2018
------------------ testing $PTII/ptolemy/domains/de/test/auto/CausalityAndComposabilityAnalysis.xml
auto.tcl: Setting watchdog for 200 seconds at Wed May 23 01:16:30 UTC 2018
22 ms. Memory: 208384K Free: 196523K (94%)
ptolemy.util.test.WatchDog.cancel(): canceling Wed May 23 01:16:30 UTC 2018
auto.tcl: Setting watchdog for 200 seconds at Wed May 23 01:16:30 UTC 2018
6 ms. Memory: 208384K Free: 196523K (94%)
ptolemy.util.test.WatchDog.cancel(): canceling Wed May 23 01:16:30 UTC 2018
------------------ testing $PTII/ptolemy/domains/de/test/auto/CausalityInterface1.xml
auto.tcl: Setting watchdog for 200 seconds at Wed May 23 01:16:30 UTC 2018
19 ms. Memory: 208384K Free: 196460K (94%)
ptolemy.util.test.WatchDog.cancel(): canceling Wed May 23 01:16:30 UTC 2018
auto.tcl: Setting watchdog for 200 seconds at Wed May 23 01:16:30 UTC 2018
4 ms. Memory: 208384K Free: 196460K (94%)
ptolemy.util.test.WatchDog.cancel(): canceling Wed May 23 01:16:30 UTC 2018
------------------ testing $PTII/ptolemy/domains/de/test/auto/CausalityInterface15.xml
auto.tcl: Setting watchdog for 200 seconds at Wed May 23 01:16:30 UTC 2018
16 ms. Memory: 208384K Free: 196450K (94%)
ptolemy.util.test.WatchDog.cancel(): canceling Wed May 23 01:16:30 UTC 2018
auto.tcl: Setting watchdog for 200 seconds at Wed May 23 01:16:30 UTC 2018
4 ms. Memory: 208384K Free: 196450K (94%)
ptolemy.util.test.WatchDog.cancel(): canceling Wed May 23 01:16:30 UTC 2018
------------------ testing $PTII/ptolemy/domains/de/test/auto/CausalityInterface2.xml
auto.tcl: Setting watchdog for 200 seconds at Wed May 23 01:16:30 UTC 2018
6 ms. Memory: 208384K Free: 196434K (94%)
ptolemy.util.test.WatchDog.cancel(): canceling Wed May 23 01:16:30 UTC 2018
auto.tcl: Setting watchdog for 200 seconds at Wed May 23 01:16:30 UTC 2018
3 ms. Memory: 208384K Free: 196434K (94%)
ptolemy.util.test.WatchDog.cancel(): canceling Wed May 23 01:16:30 UTC 2018
------------------ testing $PTII/ptolemy/domains/de/test/auto/CausalityInterface3.xml
auto.tcl: Setting watchdog for 200 seconds at Wed May 23 01:16:30 UTC 2018
7 ms. Memory: 208384K Free: 196446K (94%)
ptolemy.util.test.WatchDog.cancel(): canceling Wed May 23 01:16:30 UTC 2018
auto.tcl: Setting watchdog for 200 seconds at Wed May 23 01:16:30 UTC 2018
10 ms. Memory: 208384K Free: 196446K (94%)
ptolemy.util.test.WatchDog.cancel(): canceling Wed May 23 01:16:30 UTC 2018
------------------ testing $PTII/ptolemy/domains/de/test/auto/ClockDrift.xml
auto.tcl: Setting watchdog for 200 seconds at Wed May 23 01:16:30 UTC 2018
111 ms. Memory: 208384K Free: 187692K (90%)
ptolemy.util.test.WatchDog.cancel(): canceling Wed May 23 01:16:31 UTC 2018
auto.tcl: Setting watchdog for 200 seconds at Wed May 23 01:16:31 UTC 2018
61 ms. Memory: 208384K Free: 185596K (89%)
ptolemy.util.test.WatchDog.cancel(): canceling Wed May 23 01:16:31 UTC 2018
------------------ testing $PTII/ptolemy/domains/de/test/auto/ClockDriftAndValueChange.xml
auto.tcl: Setting watchdog for 200 seconds at Wed May 23 01:16:31 UTC 2018
50 ms. Memory: 208384K Free: 187525K (90%)
ptolemy.util.test.WatchDog.cancel(): canceling Wed May 23 01:16:31 UTC 2018
auto.tcl: Setting watchdog for 200 seconds at Wed May 23 01:16:31 UTC 2018
35 ms. Memory: 208384K Free: 185430K (89%)
ptolemy.util.test.WatchDog.cancel(): canceling Wed May 23 01:16:31 UTC 2018
------------------ testing $PTII/ptolemy/domains/de/test/auto/ClockDriftChange.xml
auto.tcl: Setting watchdog for 200 seconds at Wed May 23 01:16:31 UTC 2018
31 ms. Memory: 208384K Free: 190590K (91%)
ptolemy.util.test.WatchDog.cancel(): canceling Wed May 23 01:16:31 UTC 2018
auto.tcl: Setting watchdog for 200 seconds at Wed May 23 01:16:31 UTC 2018
23 ms. Memory: 208384K Free: 188495K (90%)
ptolemy.util.test.WatchDog.cancel(): canceling Wed May 23 01:16:31 UTC 2018
------------------ testing $PTII/ptolemy/domains/de/test/auto/ComposableCausalityAnalysis.xml
auto.tcl: Setting watchdog for 200 seconds at Wed May 23 01:16:31 UTC 2018
3 ms. Memory: 208384K Free: 196041K (94%)
ptolemy.util.test.WatchDog.cancel(): canceling Wed May 23 01:16:31 UTC 2018
auto.tcl: Setting watchdog for 200 seconds at Wed May 23 01:16:31 UTC 2018
5 ms. Memory: 208384K Free: 193946K (93%)
ptolemy.util.test.WatchDog.cancel(): canceling Wed May 23 01:16:31 UTC 2018
------------------ testing $PTII/ptolemy/domains/de/test/auto/DEFixedPointLimitation.xml
auto.tcl: Setting watchdog for 200 seconds at Wed May 23 01:16:31 UTC 2018
2 ms. Memory: 208384K Free: 196122K (94%)
ptolemy.util.test.WatchDog.cancel(): canceling Wed May 23 01:16:31 UTC 2018
auto.tcl: Setting watchdog for 200 seconds at Wed May 23 01:16:31 UTC 2018
2 ms. Memory: 208384K Free: 196122K (94%)
ptolemy.util.test.WatchDog.cancel(): canceling Wed May 23 01:16:31 UTC 2018
------------------ testing $PTII/ptolemy/domains/de/test/auto/DEScheduleTest.xml
auto.tcl: Setting watchdog for 200 seconds at Wed May 23 01:16:31 UTC 2018
6 ms. Memory: 208384K Free: 198253K (95%)
ptolemy.util.test.WatchDog.cancel(): canceling Wed May 23 01:16:31 UTC 2018
auto.tcl: Setting watchdog for 200 seconds at Wed May 23 01:16:31 UTC 2018
6 ms. Memory: 208384K Free: 196157K (94%)
ptolemy.util.test.WatchDog.cancel(): canceling Wed May 23 01:16:31 UTC 2018
------------------ testing $PTII/ptolemy/domains/de/test/auto/DEinDEwithStartTimes.xml
auto.tcl: Setting watchdog for 200 seconds at Wed May 23 01:16:31 UTC 2018
8 ms. Memory: 208384K Free: 196126K (94%)
ptolemy.util.test.WatchDog.cancel(): canceling Wed May 23 01:16:31 UTC 2018
auto.tcl: Setting watchdog for 200 seconds at Wed May 23 01:16:31 UTC 2018
9 ms. Memory: 208384K Free: 194031K (93%)
ptolemy.util.test.WatchDog.cancel(): canceling Wed May 23 01:16:31 UTC 2018
------------------ testing $PTII/ptolemy/domains/de/test/auto/DEinDEwithStartTimes2.xml
auto.tcl: Setting watchdog for 200 seconds at Wed May 23 01:16:31 UTC 2018
6 ms. Memory: 208384K Free: 196105K (94%)
ptolemy.util.test.WatchDog.cancel(): canceling Wed May 23 01:16:32 UTC 2018
auto.tcl: Setting watchdog for 200 seconds at Wed May 23 01:16:32 UTC 2018
15 ms. Memory: 208384K Free: 194010K (93%)
ptolemy.util.test.WatchDog.cancel(): canceling Wed May 23 01:16:32 UTC 2018
------------------ testing $PTII/ptolemy/domains/de/test/auto/DateDemo.xml
auto.tcl: Setting watchdog for 200 seconds at Wed May 23 01:16:32 UTC 2018
11 ms. Memory: 208384K Free: 188557K (90%)
ptolemy.util.test.WatchDog.cancel(): canceling Wed May 23 01:16:32 UTC 2018
auto.tcl: Setting watchdog for 200 seconds at Wed May 23 01:16:32 UTC 2018
10 ms. Memory: 208384K Free: 186461K (89%)
ptolemy.util.test.WatchDog.cancel(): canceling Wed May 23 01:16:32 UTC 2018
------------------ testing $PTII/ptolemy/domains/de/test/auto/DateToEvent.xml
auto.tcl: Setting watchdog for 200 seconds at Wed May 23 01:16:32 UTC 2018
2014 ms. Memory: 208384K Free: 183292K (88%)
ptolemy.util.test.WatchDog.cancel(): canceling Wed May 23 01:16:34 UTC 2018
auto.tcl: Setting watchdog for 200 seconds at Wed May 23 01:16:34 UTC 2018
2006 ms. Memory: 208384K Free: 180835K (87%)
ptolemy.util.test.WatchDog.cancel(): canceling Wed May 23 01:16:36 UTC 2018
------------------ testing $PTII/ptolemy/domains/de/test/auto/DepthTest1.xml
auto.tcl: Setting watchdog for 200 seconds at Wed May 23 01:16:36 UTC 2018
3 ms. Memory: 208384K Free: 197791K (95%)
ptolemy.util.test.WatchDog.cancel(): canceling Wed May 23 01:16:36 UTC 2018
auto.tcl: Setting watchdog for 200 seconds at Wed May 23 01:16:36 UTC 2018
1 ms. Memory: 208384K Free: 197791K (95%)
ptolemy.util.test.WatchDog.cancel(): canceling Wed May 23 01:16:36 UTC 2018
------------------ testing $PTII/ptolemy/domains/de/test/auto/DepthTest2.xml
auto.tcl: Setting watchdog for 200 seconds at Wed May 23 01:16:36 UTC 2018
7 ms. Memory: 208384K Free: 193663K (93%)
ptolemy.util.test.WatchDog.cancel(): canceling Wed May 23 01:16:36 UTC 2018
auto.tcl: Setting watchdog for 200 seconds at Wed May 23 01:16:36 UTC 2018
2 ms. Memory: 208384K Free: 193663K (93%)
ptolemy.util.test.WatchDog.cancel(): canceling Wed May 23 01:16:36 UTC 2018
------------------ testing $PTII/ptolemy/domains/de/test/auto/DepthTest3.xml
auto.tcl: Setting watchdog for 200 seconds at Wed May 23 01:16:36 UTC 2018
3 ms. Memory: 208384K Free: 197787K (95%)
ptolemy.util.test.WatchDog.cancel(): canceling Wed May 23 01:16:36 UTC 2018
auto.tcl: Setting watchdog for 200 seconds at Wed May 23 01:16:36 UTC 2018
2 ms. Memory: 208384K Free: 197787K (95%)
ptolemy.util.test.WatchDog.cancel(): canceling Wed May 23 01:16:36 UTC 2018
------------------ testing $PTII/ptolemy/domains/de/test/auto/DepthTest4.xml
auto.tcl: Setting watchdog for 200 seconds at Wed May 23 01:16:36 UTC 2018
4 ms. Memory: 208384K Free: 195777K (94%)
ptolemy.util.test.WatchDog.cancel(): canceling Wed May 23 01:16:36 UTC 2018
auto.tcl: Setting watchdog for 200 seconds at Wed May 23 01:16:36 UTC 2018
3 ms. Memory: 208384K Free: 195777K (94%)
ptolemy.util.test.WatchDog.cancel(): canceling Wed May 23 01:16:36 UTC 2018
------------------ testing $PTII/ptolemy/domains/de/test/auto/DepthTest5.xml
auto.tcl: Setting watchdog for 200 seconds at Wed May 23 01:16:36 UTC 2018
6 ms. Memory: 208384K Free: 195725K (94%)
ptolemy.util.test.WatchDog.cancel(): canceling Wed May 23 01:16:36 UTC 2018
auto.tcl: Setting watchdog for 200 seconds at Wed May 23 01:16:36 UTC 2018
3 ms. Memory: 208384K Free: 195725K (94%)
ptolemy.util.test.WatchDog.cancel(): canceling Wed May 23 01:16:36 UTC 2018
------------------ testing $PTII/ptolemy/domains/de/test/auto/DepthTest6.xml
auto.tcl: Setting watchdog for 200 seconds at Wed May 23 01:16:36 UTC 2018
10 ms. Memory: 208384K Free: 195695K (94%)
ptolemy.util.test.WatchDog.cancel(): canceling Wed May 23 01:16:36 UTC 2018
auto.tcl: Setting watchdog for 200 seconds at Wed May 23 01:16:36 UTC 2018
3 ms. Memory: 208384K Free: 195695K (94%)
ptolemy.util.test.WatchDog.cancel(): canceling Wed May 23 01:16:36 UTC 2018
------------------ testing $PTII/ptolemy/domains/de/test/auto/DepthTest7.xml
auto.tcl: Setting watchdog for 200 seconds at Wed May 23 01:16:36 UTC 2018
3 ms. Memory: 208384K Free: 195683K (94%)
ptolemy.util.test.WatchDog.cancel(): canceling Wed May 23 01:16:36 UTC 2018
auto.tcl: Setting watchdog for 200 seconds at Wed May 23 01:16:36 UTC 2018
3 ms. Memory: 208384K Free: 195683K (94%)
ptolemy.util.test.WatchDog.cancel(): canceling Wed May 23 01:16:36 UTC 2018
------------------ testing $PTII/ptolemy/domains/de/test/auto/EventToDate.xml
auto.tcl: Setting watchdog for 200 seconds at Wed May 23 01:16:36 UTC 2018
3009 ms. Memory: 208384K Free: 185565K (89%)
ptolemy.util.test.WatchDog.cancel(): canceling Wed May 23 01:16:40 UTC 2018
auto.tcl: Setting watchdog for 200 seconds at Wed May 23 01:16:40 UTC 2018
3004 ms. Memory: 208384K Free: 185228K (89%)
ptolemy.util.test.WatchDog.cancel(): canceling Wed May 23 01:16:43 UTC 2018
------------------ testing $PTII/ptolemy/domains/de/test/auto/FSM1.xml
auto.tcl: Setting watchdog for 200 seconds at Wed May 23 01:16:43 UTC 2018
24 ms. Memory: 208384K Free: 186649K (90%)
ptolemy.util.test.WatchDog.cancel(): canceling Wed May 23 01:16:43 UTC 2018
auto.tcl: Setting watchdog for 200 seconds at Wed May 23 01:16:43 UTC 2018
18 ms. Memory: 208384K Free: 184553K (89%)
ptolemy.util.test.WatchDog.cancel(): canceling Wed May 23 01:16:43 UTC 2018
------------------ testing $PTII/ptolemy/domains/de/test/auto/FSM7.xml
auto.tcl: Setting watchdog for 200 seconds at Wed May 23 01:16:43 UTC 2018
16 ms. Memory: 208384K Free: 186852K (90%)
ptolemy.util.test.WatchDog.cancel(): canceling Wed May 23 01:16:43 UTC 2018
auto.tcl: Setting watchdog for 200 seconds at Wed May 23 01:16:43 UTC 2018
17 ms. Memory: 208384K Free: 184757K (89%)
ptolemy.util.test.WatchDog.cancel(): canceling Wed May 23 01:16:43 UTC 2018
------------------ testing $PTII/ptolemy/domains/de/test/auto/Inspection.xml
auto.tcl: Setting watchdog for 200 seconds at Wed May 23 01:16:43 UTC 2018
29 ms. Memory: 208384K Free: 188066K (90%)
ptolemy.util.test.WatchDog.cancel(): canceling Wed May 23 01:16:43 UTC 2018
auto.tcl: Setting watchdog for 200 seconds at Wed May 23 01:16:43 UTC 2018
24 ms. Memory: 208384K Free: 185971K (89%)
ptolemy.util.test.WatchDog.cancel(): canceling Wed May 23 01:16:43 UTC 2018
------------------ testing $PTII/ptolemy/domains/de/test/auto/Iteration.xml
auto.tcl: Setting watchdog for 200 seconds at Wed May 23 01:16:43 UTC 2018
11 ms. Memory: 208384K Free: 193732K (93%)
ptolemy.util.test.WatchDog.cancel(): canceling Wed May 23 01:16:43 UTC 2018
auto.tcl: Setting watchdog for 200 seconds at Wed May 23 01:16:43 UTC 2018
9 ms. Memory: 208384K Free: 193732K (93%)
ptolemy.util.test.WatchDog.cancel(): canceling Wed May 23 01:16:43 UTC 2018
------------------ testing $PTII/ptolemy/domains/de/test/auto/LineFault.xml
auto.tcl: Setting watchdog for 200 seconds at Wed May 23 01:16:43 UTC 2018
807 ms. Memory: 208384K Free: 195648K (94%)
ptolemy.util.test.WatchDog.cancel(): canceling Wed May 23 01:16:44 UTC 2018
auto.tcl: Setting watchdog for 200 seconds at Wed May 23 01:16:44 UTC 2018
632 ms. Memory: 208384K Free: 138443K (66%)
ptolemy.util.test.WatchDog.cancel(): canceling Wed May 23 01:16:45 UTC 2018
------------------ testing $PTII/ptolemy/domains/de/test/auto/MergeModel1Add.xml
auto.tcl: Setting watchdog for 200 seconds at Wed May 23 01:16:45 UTC 2018
30 ms. Memory: 331264K Free: 302166K (91%)
ptolemy.util.test.WatchDog.cancel(): canceling Wed May 23 01:16:45 UTC 2018
auto.tcl: Setting watchdog for 200 seconds at Wed May 23 01:16:45 UTC 2018
11 ms. Memory: 331264K Free: 298205K (90%)
ptolemy.util.test.WatchDog.cancel(): canceling Wed May 23 01:16:45 UTC 2018
------------------ testing $PTII/ptolemy/domains/de/test/auto/MergeModel2Add.xml
auto.tcl: Setting watchdog for 200 seconds at Wed May 23 01:16:45 UTC 2018
12 ms. Memory: 331264K Free: 303504K (92%)
ptolemy.util.test.WatchDog.cancel(): canceling Wed May 23 01:16:45 UTC 2018
auto.tcl: Setting watchdog for 200 seconds at Wed May 23 01:16:45 UTC 2018
15 ms. Memory: 331264K Free: 299543K (90%)
ptolemy.util.test.WatchDog.cancel(): canceling Wed May 23 01:16:45 UTC 2018
------------------ testing $PTII/ptolemy/domains/de/test/auto/MergeModel3Add.xml
auto.tcl: Setting watchdog for 200 seconds at Wed May 23 01:16:45 UTC 2018
13 ms. Memory: 331264K Free: 303515K (92%)
ptolemy.util.test.WatchDog.cancel(): canceling Wed May 23 01:16:45 UTC 2018
auto.tcl: Setting watchdog for 200 seconds at Wed May 23 01:16:45 UTC 2018
8 ms. Memory: 331264K Free: 299554K (90%)
ptolemy.util.test.WatchDog.cancel(): canceling Wed May 23 01:16:45 UTC 2018
------------------ testing $PTII/ptolemy/domains/de/test/auto/MergeWithoutDiscard.xml
auto.tcl: Setting watchdog for 200 seconds at Wed May 23 01:16:46 UTC 2018
2 ms. Memory: 331264K Free: 319641K (96%)
ptolemy.util.test.WatchDog.cancel(): canceling Wed May 23 01:16:46 UTC 2018
auto.tcl: Setting watchdog for 200 seconds at Wed May 23 01:16:46 UTC 2018
2 ms. Memory: 331264K Free: 315680K (95%)
ptolemy.util.test.WatchDog.cancel(): canceling Wed May 23 01:16:46 UTC 2018
------------------ testing $PTII/ptolemy/domains/de/test/auto/Modal1.xml
auto.tcl: Setting watchdog for 200 seconds at Wed May 23 01:16:46 UTC 2018
22 ms. Memory: 331264K Free: 309288K (93%)
ptolemy.util.test.WatchDog.cancel(): canceling Wed May 23 01:16:46 UTC 2018
auto.tcl: Setting watchdog for 200 seconds at Wed May 23 01:16:46 UTC 2018
16 ms. Memory: 331264K Free: 305327K (92%)
ptolemy.util.test.WatchDog.cancel(): canceling Wed May 23 01:16:46 UTC 2018
------------------ testing $PTII/ptolemy/domains/de/test/auto/Modal2.xml
auto.tcl: Setting watchdog for 200 seconds at Wed May 23 01:16:46 UTC 2018
12 ms. Memory: 331264K Free: 309147K (93%)
ptolemy.util.test.WatchDog.cancel(): canceling Wed May 23 01:16:46 UTC 2018
auto.tcl: Setting watchdog for 200 seconds at Wed May 23 01:16:46 UTC 2018
13 ms. Memory: 331264K Free: 305186K (92%)
ptolemy.util.test.WatchDog.cancel(): canceling Wed May 23 01:16:46 UTC 2018
------------------ testing $PTII/ptolemy/domains/de/test/auto/Modal3.xml
auto.tcl: Setting watchdog for 200 seconds at Wed May 23 01:16:46 UTC 2018
15 ms. Memory: 331264K Free: 304214K (92%)
ptolemy.util.test.WatchDog.cancel(): canceling Wed May 23 01:16:46 UTC 2018
auto.tcl: Setting watchdog for 200 seconds at Wed May 23 01:16:46 UTC 2018
18 ms. Memory: 331264K Free: 300253K (91%)
ptolemy.util.test.WatchDog.cancel(): canceling Wed May 23 01:16:46 UTC 2018
------------------ testing $PTII/ptolemy/domains/de/test/auto/Modal4.xml
auto.tcl: Setting watchdog for 200 seconds at Wed May 23 01:16:46 UTC 2018
23 ms. Memory: 331264K Free: 309158K (93%)
ptolemy.util.test.WatchDog.cancel(): canceling Wed May 23 01:16:46 UTC 2018
auto.tcl: Setting watchdog for 200 seconds at Wed May 23 01:16:46 UTC 2018
28 ms. Memory: 331264K Free: 305197K (92%)
ptolemy.util.test.WatchDog.cancel(): canceling Wed May 23 01:16:46 UTC 2018
------------------ testing $PTII/ptolemy/domains/de/test/auto/Modal5.xml
auto.tcl: Setting watchdog for 200 seconds at Wed May 23 01:16:46 UTC 2018
20 ms. Memory: 331264K Free: 309145K (93%)
ptolemy.util.test.WatchDog.cancel(): canceling Wed May 23 01:16:46 UTC 2018
auto.tcl: Setting watchdog for 200 seconds at Wed May 23 01:16:46 UTC 2018
18 ms. Memory: 331264K Free: 305184K (92%)
ptolemy.util.test.WatchDog.cancel(): canceling Wed May 23 01:16:46 UTC 2018
------------------ testing $PTII/ptolemy/domains/de/test/auto/Modal6.xml
auto.tcl: Setting watchdog for 200 seconds at Wed May 23 01:16:46 UTC 2018
17 ms. Memory: 331264K Free: 309143K (93%)
ptolemy.util.test.WatchDog.cancel(): canceling Wed May 23 01:16:46 UTC 2018
auto.tcl: Setting watchdog for 200 seconds at Wed May 23 01:16:46 UTC 2018
20 ms. Memory: 331264K Free: 305181K (92%)
ptolemy.util.test.WatchDog.cancel(): canceling Wed May 23 01:16:46 UTC 2018
------------------ testing $PTII/ptolemy/domains/de/test/auto/Modal7.xml
auto.tcl: Setting watchdog for 200 seconds at Wed May 23 01:16:46 UTC 2018
15 ms. Memory: 331264K Free: 309143K (93%)
ptolemy.util.test.WatchDog.cancel(): canceling Wed May 23 01:16:46 UTC 2018
auto.tcl: Setting watchdog for 200 seconds at Wed May 23 01:16:46 UTC 2018
14 ms. Memory: 331264K Free: 305182K (92%)
ptolemy.util.test.WatchDog.cancel(): canceling Wed May 23 01:16:46 UTC 2018
------------------ testing $PTII/ptolemy/domains/de/test/auto/ModalModel.xml
auto.tcl: Setting watchdog for 200 seconds at Wed May 23 01:16:46 UTC 2018
262 ms. Memory: 331264K Free: 245618K (74%)
ptolemy.util.test.WatchDog.cancel(): canceling Wed May 23 01:16:47 UTC 2018
auto.tcl: Setting watchdog for 200 seconds at Wed May 23 01:16:47 UTC 2018
246 ms. Memory: 331264K Free: 190051K (57%)
ptolemy.util.test.WatchDog.cancel(): canceling Wed May 23 01:16:47 UTC 2018
------------------ testing $PTII/ptolemy/domains/de/test/auto/ModalSource.xml
auto.tcl: Setting watchdog for 200 seconds at Wed May 23 01:16:47 UTC 2018
14 ms. Memory: 331264K Free: 315940K (95%)
ptolemy.util.test.WatchDog.cancel(): canceling Wed May 23 01:16:47 UTC 2018
auto.tcl: Setting watchdog for 200 seconds at Wed May 23 01:16:47 UTC 2018
7 ms. Memory: 331264K Free: 312414K (94%)
ptolemy.util.test.WatchDog.cancel(): canceling Wed May 23 01:16:47 UTC 2018
------------------ testing $PTII/ptolemy/domains/de/test/auto/NonInterruptibleTimerZeroDelay.xml
auto.tcl: Setting watchdog for 200 seconds at Wed May 23 01:16:47 UTC 2018
3 ms. Memory: 331264K Free: 320312K (97%)
ptolemy.util.test.WatchDog.cancel(): canceling Wed May 23 01:16:47 UTC 2018
auto.tcl: Setting watchdog for 200 seconds at Wed May 23 01:16:47 UTC 2018
2 ms. Memory: 331264K Free: 316770K (96%)
ptolemy.util.test.WatchDog.cancel(): canceling Wed May 23 01:16:47 UTC 2018
------------------ testing $PTII/ptolemy/domains/de/test/auto/OpenQueueingNetwork.xml
auto.tcl: Setting watchdog for 200 seconds at Wed May 23 01:16:47 UTC 2018
3318 ms. Memory: 307712K Free: 156921K (51%)
ptolemy.util.test.WatchDog.cancel(): canceling Wed May 23 01:16:51 UTC 2018
auto.tcl: Setting watchdog for 200 seconds at Wed May 23 01:16:51 UTC 2018
2615 ms. Memory: 278528K Free: 222853K (80%)
ptolemy.util.test.WatchDog.cancel(): canceling Wed May 23 01:16:53 UTC 2018
------------------ testing $PTII/ptolemy/domains/de/test/auto/OpenQueuingNetwork.xml
auto.tcl: Setting watchdog for 200 seconds at Wed May 23 01:16:53 UTC 2018
295 ms. Memory: 278528K Free: 178231K (64%)
ptolemy.util.test.WatchDog.cancel(): canceling Wed May 23 01:16:54 UTC 2018
auto.tcl: Setting watchdog for 200 seconds at Wed May 23 01:16:54 UTC 2018
284 ms. Memory: 278528K Free: 120257K (43%)
ptolemy.util.test.WatchDog.cancel(): canceling Wed May 23 01:16:54 UTC 2018
------------------ testing $PTII/ptolemy/domains/de/test/auto/PeriodicSampler.xml
auto.tcl: Setting watchdog for 200 seconds at Wed May 23 01:16:54 UTC 2018
3 ms. Memory: 281088K Free: 266025K (95%)
ptolemy.util.test.WatchDog.cancel(): canceling Wed May 23 01:16:54 UTC 2018
auto.tcl: Setting watchdog for 200 seconds at Wed May 23 01:16:54 UTC 2018
2 ms. Memory: 281088K Free: 266025K (95%)
ptolemy.util.test.WatchDog.cancel(): canceling Wed May 23 01:16:54 UTC 2018
------------------ testing $PTII/ptolemy/domains/de/test/auto/PersistentIO.xml
auto.tcl: Setting watchdog for 200 seconds at Wed May 23 01:16:54 UTC 2018
11 ms. Memory: 278528K Free: 258535K (93%)
ptolemy.util.test.WatchDog.cancel(): canceling Wed May 23 01:16:54 UTC 2018
auto.tcl: Setting watchdog for 200 seconds at Wed May 23 01:16:54 UTC 2018
5 ms. Memory: 278528K Free: 258535K (93%)
ptolemy.util.test.WatchDog.cancel(): canceling Wed May 23 01:16:54 UTC 2018
------------------ testing $PTII/ptolemy/domains/de/test/auto/PortParameterResetOnInitialize.xml
auto.tcl: Setting watchdog for 200 seconds at Wed May 23 01:16:54 UTC 2018
3 ms. Memory: 280576K Free: 265983K (95%)
ptolemy.util.test.WatchDog.cancel(): canceling Wed May 23 01:16:54 UTC 2018
auto.tcl: Setting watchdog for 200 seconds at Wed May 23 01:16:54 UTC 2018
2 ms. Memory: 280576K Free: 265983K (95%)
ptolemy.util.test.WatchDog.cancel(): canceling Wed May 23 01:16:54 UTC 2018
------------------ testing $PTII/ptolemy/domains/de/test/auto/PortParameterUpdates.xml
auto.tcl: Setting watchdog for 200 seconds at Wed May 23 01:16:54 UTC 2018
3 ms. Memory: 278528K Free: 263964K (95%)
ptolemy.util.test.WatchDog.cancel(): canceling Wed May 23 01:16:54 UTC 2018
auto.tcl: Setting watchdog for 200 seconds at Wed May 23 01:16:54 UTC 2018
7 ms. Memory: 278528K Free: 261187K (94%)
ptolemy.util.test.WatchDog.cancel(): canceling Wed May 23 01:16:54 UTC 2018
------------------ testing $PTII/ptolemy/domains/de/test/auto/QueueAndServer.xml
auto.tcl: Setting watchdog for 200 seconds at Wed May 23 01:16:54 UTC 2018
8 ms. Memory: 280576K Free: 263197K (94%)
ptolemy.util.test.WatchDog.cancel(): canceling Wed May 23 01:16:55 UTC 2018
auto.tcl: Setting watchdog for 200 seconds at Wed May 23 01:16:55 UTC 2018
8 ms. Memory: 280576K Free: 263197K (94%)
ptolemy.util.test.WatchDog.cancel(): canceling Wed May 23 01:16:55 UTC 2018
------------------ testing $PTII/ptolemy/domains/de/test/auto/Records.xml
auto.tcl: Setting watchdog for 200 seconds at Wed May 23 01:16:55 UTC 2018
7 ms. Memory: 278528K Free: 265840K (95%)
ptolemy.util.test.WatchDog.cancel(): canceling Wed May 23 01:16:55 UTC 2018
auto.tcl: Setting watchdog for 200 seconds at Wed May 23 01:16:55 UTC 2018
2 ms. Memory: 278528K Free: 265840K (95%)
ptolemy.util.test.WatchDog.cancel(): canceling Wed May 23 01:16:55 UTC 2018
------------------ testing $PTII/ptolemy/domains/de/test/auto/ResetTransitionWithStartTime1.xml
auto.tcl: Setting watchdog for 200 seconds at Wed May 23 01:16:55 UTC 2018
22 ms. Memory: 280064K Free: 262653K (94%)
ptolemy.util.test.WatchDog.cancel(): canceling Wed May 23 01:16:55 UTC 2018
auto.tcl: Setting watchdog for 200 seconds at Wed May 23 01:16:55 UTC 2018
8 ms. Memory: 280064K Free: 259892K (93%)
ptolemy.util.test.WatchDog.cancel(): canceling Wed May 23 01:16:55 UTC 2018
------------------ testing $PTII/ptolemy/domains/de/test/auto/ResetTransitionWithStartTime2.xml
auto.tcl: Setting watchdog for 200 seconds at Wed May 23 01:16:55 UTC 2018
5 ms. Memory: 278528K Free: 261205K (94%)
ptolemy.util.test.WatchDog.cancel(): canceling Wed May 23 01:16:55 UTC 2018
auto.tcl: Setting watchdog for 200 seconds at Wed May 23 01:16:55 UTC 2018
6 ms. Memory: 278528K Free: 258444K (93%)
ptolemy.util.test.WatchDog.cancel(): canceling Wed May 23 01:16:55 UTC 2018
------------------ testing $PTII/ptolemy/domains/de/test/auto/ResetTransitionWithStartTime3.xml
auto.tcl: Setting watchdog for 200 seconds at Wed May 23 01:16:55 UTC 2018
8 ms. Memory: 280064K Free: 262651K (94%)
ptolemy.util.test.WatchDog.cancel(): canceling Wed May 23 01:16:55 UTC 2018
auto.tcl: Setting watchdog for 200 seconds at Wed May 23 01:16:55 UTC 2018
7 ms. Memory: 280064K Free: 259874K (93%)
ptolemy.util.test.WatchDog.cancel(): canceling Wed May 23 01:16:55 UTC 2018
------------------ testing $PTII/ptolemy/domains/de/test/auto/ResetTransitionWithStartTime4.xml
auto.tcl: Setting watchdog for 200 seconds at Wed May 23 01:16:55 UTC 2018
4 ms. Memory: 278528K Free: 263189K (94%)
ptolemy.util.test.WatchDog.cancel(): canceling Wed May 23 01:16:55 UTC 2018
auto.tcl: Setting watchdog for 200 seconds at Wed May 23 01:16:55 UTC 2018
4 ms. Memory: 278528K Free: 263189K (94%)
ptolemy.util.test.WatchDog.cancel(): canceling Wed May 23 01:16:55 UTC 2018
------------------ testing $PTII/ptolemy/domains/de/test/auto/ResettableTimer1.xml
auto.tcl: Setting watchdog for 200 seconds at Wed May 23 01:16:55 UTC 2018
3 ms. Memory: 280064K Free: 265429K (95%)
ptolemy.util.test.WatchDog.cancel(): canceling Wed May 23 01:16:55 UTC 2018
auto.tcl: Setting watchdog for 200 seconds at Wed May 23 01:16:55 UTC 2018
3 ms. Memory: 280064K Free: 265429K (95%)
ptolemy.util.test.WatchDog.cancel(): canceling Wed May 23 01:16:55 UTC 2018
------------------ testing $PTII/ptolemy/domains/de/test/auto/ResettableTimer2.xml
auto.tcl: Setting watchdog for 200 seconds at Wed May 23 01:16:55 UTC 2018
3 ms. Memory: 278528K Free: 266004K (96%)
ptolemy.util.test.WatchDog.cancel(): canceling Wed May 23 01:16:55 UTC 2018
auto.tcl: Setting watchdog for 200 seconds at Wed May 23 01:16:55 UTC 2018
3 ms. Memory: 278528K Free: 266004K (96%)
ptolemy.util.test.WatchDog.cancel(): canceling Wed May 23 01:16:55 UTC 2018
------------------ testing $PTII/ptolemy/domains/de/test/auto/ResettableTimer3.xml
auto.tcl: Setting watchdog for 200 seconds at Wed May 23 01:16:55 UTC 2018
2 ms. Memory: 279552K Free: 264959K (95%)
ptolemy.util.test.WatchDog.cancel(): canceling Wed May 23 01:16:55 UTC 2018
auto.tcl: Setting watchdog for 200 seconds at Wed May 23 01:16:55 UTC 2018
1 ms. Memory: 279552K Free: 264959K (95%)
ptolemy.util.test.WatchDog.cancel(): canceling Wed May 23 01:16:55 UTC 2018
------------------ testing $PTII/ptolemy/domains/de/test/auto/ResettableTimer4.xml
auto.tcl: Setting watchdog for 200 seconds at Wed May 23 01:16:55 UTC 2018
2 ms. Memory: 278528K Free: 266032K (96%)
ptolemy.util.test.WatchDog.cancel(): canceling Wed May 23 01:16:55 UTC 2018
auto.tcl: Setting watchdog for 200 seconds at Wed May 23 01:16:55 UTC 2018
2 ms. Memory: 278528K Free: 266032K (96%)
ptolemy.util.test.WatchDog.cancel(): canceling Wed May 23 01:16:55 UTC 2018
------------------ testing $PTII/ptolemy/domains/de/test/auto/ResettableTimer5.xml
auto.tcl: Setting watchdog for 200 seconds at Wed May 23 01:16:55 UTC 2018
2 ms. Memory: 279552K Free: 265067K (95%)
ptolemy.util.test.WatchDog.cancel(): canceling Wed May 23 01:16:55 UTC 2018
auto.tcl: Setting watchdog for 200 seconds at Wed May 23 01:16:55 UTC 2018
1 ms. Memory: 279552K Free: 265067K (95%)
ptolemy.util.test.WatchDog.cancel(): canceling Wed May 23 01:16:55 UTC 2018
------------------ testing $PTII/ptolemy/domains/de/test/auto/ResettableTimer6.xml
auto.tcl: Setting watchdog for 200 seconds at Wed May 23 01:16:55 UTC 2018
2 ms. Memory: 278528K Free: 263911K (95%)
ptolemy.util.test.WatchDog.cancel(): canceling Wed May 23 01:16:55 UTC 2018
auto.tcl: Setting watchdog for 200 seconds at Wed May 23 01:16:55 UTC 2018
2 ms. Memory: 278528K Free: 263911K (95%)
ptolemy.util.test.WatchDog.cancel(): canceling Wed May 23 01:16:55 UTC 2018
------------------ testing $PTII/ptolemy/domains/de/test/auto/ServerZeroDelay.xml
auto.tcl: Setting watchdog for 200 seconds at Wed May 23 01:16:55 UTC 2018
4 ms. Memory: 279552K Free: 266978K (96%)
ptolemy.util.test.WatchDog.cancel(): canceling Wed May 23 01:16:55 UTC 2018
auto.tcl: Setting watchdog for 200 seconds at Wed May 23 01:16:55 UTC 2018
3 ms. Memory: 279552K Free: 266978K (96%)
ptolemy.util.test.WatchDog.cancel(): canceling Wed May 23 01:16:55 UTC 2018
------------------ testing $PTII/ptolemy/domains/de/test/auto/SmartSender.xml
auto.tcl: Setting watchdog for 200 seconds at Wed May 23 01:16:55 UTC 2018
3001 ms. Memory: 278528K Free: 263987K (95%)
ptolemy.util.test.WatchDog.cancel(): canceling Wed May 23 01:16:58 UTC 2018
auto.tcl: Setting watchdog for 200 seconds at Wed May 23 01:16:58 UTC 2018
3002 ms. Memory: 278528K Free: 263987K (95%)
ptolemy.util.test.WatchDog.cancel(): canceling Wed May 23 01:17:01 UTC 2018
------------------ testing $PTII/ptolemy/domains/de/test/auto/ThreadedComposite.xml
auto.tcl: Setting watchdog for 200 seconds at Wed May 23 01:17:01 UTC 2018
355 ms. Memory: 279552K Free: 240873K (86%)
ptolemy.util.test.WatchDog.cancel(): canceling Wed May 23 01:17:02 UTC 2018
auto.tcl: Setting watchdog for 200 seconds at Wed May 23 01:17:02 UTC 2018
220 ms. Memory: 279552K Free: 223508K (80%)
ptolemy.util.test.WatchDog.cancel(): canceling Wed May 23 01:17:02 UTC 2018
------------------ testing $PTII/ptolemy/domains/de/test/auto/Time.xml
auto.tcl: Setting watchdog for 200 seconds at Wed May 23 01:17:02 UTC 2018
585 ms. Memory: 278528K Free: 216314K (78%)
ptolemy.util.test.WatchDog.cancel(): canceling Wed May 23 01:17:03 UTC 2018
auto.tcl: Setting watchdog for 200 seconds at Wed May 23 01:17:03 UTC 2018
508 ms. Memory: 278528K Free: 166614K (60%)
ptolemy.util.test.WatchDog.cancel(): canceling Wed May 23 01:17:03 UTC 2018
------------------ testing $PTII/ptolemy/domains/de/test/auto/TimeDelayZeroDelay.xml
auto.tcl: Setting watchdog for 200 seconds at Wed May 23 01:17:03 UTC 2018
3 ms. Memory: 279040K Free: 266877K (96%)
ptolemy.util.test.WatchDog.cancel(): canceling Wed May 23 01:17:03 UTC 2018
auto.tcl: Setting watchdog for 200 seconds at Wed May 23 01:17:03 UTC 2018
2 ms. Memory: 279040K Free: 266877K (96%)
ptolemy.util.test.WatchDog.cancel(): canceling Wed May 23 01:17:03 UTC 2018
------------------ testing $PTII/ptolemy/domains/de/test/auto/TimerZeroDelay.xml
auto.tcl: Setting watchdog for 200 seconds at Wed May 23 01:17:03 UTC 2018
4 ms. Memory: 278528K Free: 266464K (96%)
ptolemy.util.test.WatchDog.cancel(): canceling Wed May 23 01:17:03 UTC 2018
auto.tcl: Setting watchdog for 200 seconds at Wed May 23 01:17:03 UTC 2018
3 ms. Memory: 278528K Free: 266464K (96%)
ptolemy.util.test.WatchDog.cancel(): canceling Wed May 23 01:17:03 UTC 2018
------------------ testing $PTII/ptolemy/domains/de/test/auto/TimingParadox.xml
auto.tcl: Setting watchdog for 200 seconds at Wed May 23 01:17:03 UTC 2018
485 ms. Memory: 279040K Free: 203398K (73%)
ptolemy.util.test.WatchDog.cancel(): canceling Wed May 23 01:17:04 UTC 2018
auto.tcl: Setting watchdog for 200 seconds at Wed May 23 01:17:04 UTC 2018
425 ms. Memory: 279040K Free: 168499K (60%)
ptolemy.util.test.WatchDog.cancel(): canceling Wed May 23 01:17:04 UTC 2018
------------------ testing $PTII/ptolemy/domains/de/test/auto/TransferInputs.xml
auto.tcl: Setting watchdog for 200 seconds at Wed May 23 01:17:05 UTC 2018
2 ms. Memory: 279040K Free: 265853K (95%)
ptolemy.util.test.WatchDog.cancel(): canceling Wed May 23 01:17:05 UTC 2018
auto.tcl: Setting watchdog for 200 seconds at Wed May 23 01:17:05 UTC 2018
2 ms. Memory: 279040K Free: 265853K (95%)
ptolemy.util.test.WatchDog.cancel(): canceling Wed May 23 01:17:05 UTC 2018
------------------ testing $PTII/ptolemy/domains/de/test/auto/TransferOutputs2.xml
auto.tcl: Setting watchdog for 200 seconds at Wed May 23 01:17:05 UTC 2018
5 ms. Memory: 278528K Free: 261987K (94%)
ptolemy.util.test.WatchDog.cancel(): canceling Wed May 23 01:17:05 UTC 2018
auto.tcl: Setting watchdog for 200 seconds at Wed May 23 01:17:05 UTC 2018
7 ms. Memory: 278528K Free: 259470K (93%)
ptolemy.util.test.WatchDog.cancel(): canceling Wed May 23 01:17:05 UTC 2018
------------------ testing $PTII/ptolemy/domains/de/test/auto/Trilateration.xml
auto.tcl: Setting watchdog for 200 seconds at Wed May 23 01:17:05 UTC 2018
14398 ms. Memory: 364544K Free: 261554K (72%)
ptolemy.util.test.WatchDog.cancel(): canceling Wed May 23 01:17:20 UTC 2018
auto.tcl: Setting watchdog for 200 seconds at Wed May 23 01:17:20 UTC 2018
11860 ms. Memory: 258048K Free: 114270K (44%)
ptolemy.util.test.WatchDog.cancel(): canceling Wed May 23 01:17:32 UTC 2018
------------------ testing $PTII/ptolemy/domains/de/test/auto/TwoSigmaDelta.xml
auto.tcl: Setting watchdog for 200 seconds at Wed May 23 01:17:32 UTC 2018
3248 ms. Memory: 250880K Free: 126818K (51%)
ptolemy.util.test.WatchDog.cancel(): canceling Wed May 23 01:17:36 UTC 2018
auto.tcl: Setting watchdog for 200 seconds at Wed May 23 01:17:36 UTC 2018
2297 ms. Memory: 237568K Free: 208626K (88%)
ptolemy.util.test.WatchDog.cancel(): canceling Wed May 23 01:17:38 UTC 2018
------------------ testing $PTII/ptolemy/domains/de/test/auto/VariableDelay.xml
auto.tcl: Setting watchdog for 200 seconds at Wed May 23 01:17:38 UTC 2018
2 ms. Memory: 236032K Free: 222815K (94%)
ptolemy.util.test.WatchDog.cancel(): canceling Wed May 23 01:17:38 UTC 2018
auto.tcl: Setting watchdog for 200 seconds at Wed May 23 01:17:38 UTC 2018
2 ms. Memory: 236032K Free: 222815K (94%)
ptolemy.util.test.WatchDog.cancel(): canceling Wed May 23 01:17:38 UTC 2018
------------------ testing $PTII/ptolemy/domains/de/test/auto/VariableDelay2.xml
auto.tcl: Setting watchdog for 200 seconds at Wed May 23 01:17:38 UTC 2018
2 ms. Memory: 237056K Free: 224247K (95%)
ptolemy.util.test.WatchDog.cancel(): canceling Wed May 23 01:17:38 UTC 2018
auto.tcl: Setting watchdog for 200 seconds at Wed May 23 01:17:38 UTC 2018
2 ms. Memory: 237056K Free: 224247K (95%)
ptolemy.util.test.WatchDog.cancel(): canceling Wed May 23 01:17:38 UTC 2018
------------------ testing $PTII/ptolemy/domains/de/test/auto/VariableDelayZeroDelay.xml
auto.tcl: Setting watchdog for 200 seconds at Wed May 23 01:17:38 UTC 2018
2 ms. Memory: 236032K Free: 223239K (95%)
ptolemy.util.test.WatchDog.cancel(): canceling Wed May 23 01:17:38 UTC 2018
auto.tcl: Setting watchdog for 200 seconds at Wed May 23 01:17:38 UTC 2018
2 ms. Memory: 236032K Free: 223239K (95%)
ptolemy.util.test.WatchDog.cancel(): canceling Wed May 23 01:17:38 UTC 2018
------------------ testing $PTII/ptolemy/domains/de/test/auto/VariableDelayZeroDelay2.xml
auto.tcl: Setting watchdog for 200 seconds at Wed May 23 01:17:38 UTC 2018
2 ms. Memory: 237056K Free: 224253K (95%)
ptolemy.util.test.WatchDog.cancel(): canceling Wed May 23 01:17:38 UTC 2018
auto.tcl: Setting watchdog for 200 seconds at Wed May 23 01:17:38 UTC 2018
2 ms. Memory: 237056K Free: 224253K (95%)
ptolemy.util.test.WatchDog.cancel(): canceling Wed May 23 01:17:38 UTC 2018
------------------ testing $PTII/ptolemy/domains/de/test/auto/deInCt.xml
auto.tcl: Setting watchdog for 200 seconds at Wed May 23 01:17:38 UTC 2018
0
1
1
1
1
0
0
0
1
1
1
0
0
0
1
1
1
1
0
0
0
0
0
1
1
1
0
0
0
1
1
1
0
0
1
1
1
0
0
0
0
12 ms. Memory: 236032K Free: 223216K (95%)
ptolemy.util.test.WatchDog.cancel(): canceling Wed May 23 01:17:38 UTC 2018
auto.tcl: Setting watchdog for 200 seconds at Wed May 23 01:17:38 UTC 2018
0
1
1
0
0
0
1
1
1
1
0
0
0
1
1
1
0
0
0
0
1
1
1
1
1
0
0
0
0
0
1
1
1
1
6 ms. Memory: 236032K Free: 220965K (94%)
ptolemy.util.test.WatchDog.cancel(): canceling Wed May 23 01:17:38 UTC 2018
------------------ testing $PTII/ptolemy/domains/de/test/auto/deInCt2.xml
auto.tcl: Setting watchdog for 200 seconds at Wed May 23 01:17:39 UTC 2018
0
1
1
1
0
0
1
1
1
0
0
1
1
1
0
0
1
1
1
0
0
1
1
1
0
0
1
1
1
0
0
1
1
1
0
0
1
1
1
0
0
0
10 ms. Memory: 237056K Free: 224240K (95%)
ptolemy.util.test.WatchDog.cancel(): canceling Wed May 23 01:17:39 UTC 2018
auto.tcl: Setting watchdog for 200 seconds at Wed May 23 01:17:39 UTC 2018
0
1
1
1
0
0
1
1
1
0
0
1
1
1
0
0
1
1
1
0
0
1
1
1
0
0
1
1
1
0
0
1
1
1
0
0
1
1
1
0
0
0
7 ms. Memory: 237056K Free: 221990K (94%)
ptolemy.util.test.WatchDog.cancel(): canceling Wed May 23 01:17:39 UTC 2018
------------------ testing $PTII/ptolemy/domains/de/test/auto/dynamicCausalityInterface1.xml
auto.tcl: Setting watchdog for 200 seconds at Wed May 23 01:17:39 UTC 2018
1 ms. Memory: 236032K Free: 218040K (92%)
ptolemy.util.test.WatchDog.cancel(): canceling Wed May 23 01:17:39 UTC 2018
auto.tcl: Setting watchdog for 200 seconds at Wed May 23 01:17:39 UTC 2018
1 ms. Memory: 236032K Free: 218040K (92%)
ptolemy.util.test.WatchDog.cancel(): canceling Wed May 23 01:17:39 UTC 2018
------------------ testing $PTII/ptolemy/domains/de/test/auto/fsm_de_test.xml
auto.tcl: Setting watchdog for 200 seconds at Wed May 23 01:17:39 UTC 2018
17 ms. Memory: 236544K Free: 219135K (93%)
ptolemy.util.test.WatchDog.cancel(): canceling Wed May 23 01:17:39 UTC 2018
auto.tcl: Setting watchdog for 200 seconds at Wed May 23 01:17:39 UTC 2018
8 ms. Memory: 236544K Free: 216893K (92%)
ptolemy.util.test.WatchDog.cancel(): canceling Wed May 23 01:17:39 UTC 2018
------------------ testing $PTII/ptolemy/domains/de/test/auto/functionDependencyReconstruction.xml
auto.tcl: Setting watchdog for 200 seconds at Wed May 23 01:17:39 UTC 2018
3 ms. Memory: 236032K Free: 211903K (90%)
ptolemy.util.test.WatchDog.cancel(): canceling Wed May 23 01:17:39 UTC 2018
auto.tcl: Setting watchdog for 200 seconds at Wed May 23 01:17:39 UTC 2018
3 ms. Memory: 236032K Free: 209652K (89%)
ptolemy.util.test.WatchDog.cancel(): canceling Wed May 23 01:17:39 UTC 2018
------------------ testing $PTII/ptolemy/domains/de/test/auto/multirate.xml
auto.tcl: Setting watchdog for 200 seconds at Wed May 23 01:17:39 UTC 2018
4 ms. Memory: 236544K Free: 221269K (94%)
ptolemy.util.test.WatchDog.cancel(): canceling Wed May 23 01:17:39 UTC 2018
auto.tcl: Setting watchdog for 200 seconds at Wed May 23 01:17:39 UTC 2018
3 ms. Memory: 236544K Free: 219034K (93%)
ptolemy.util.test.WatchDog.cancel(): canceling Wed May 23 01:17:39 UTC 2018
------------------ testing $PTII/ptolemy/domains/de/test/auto/multirate2.xml
auto.tcl: Setting watchdog for 200 seconds at Wed May 23 01:17:39 UTC 2018
3 ms. Memory: 236032K Free: 220946K (94%)
ptolemy.util.test.WatchDog.cancel(): canceling Wed May 23 01:17:39 UTC 2018
auto.tcl: Setting watchdog for 200 seconds at Wed May 23 01:17:39 UTC 2018
10 ms. Memory: 236032K Free: 218695K (93%)
ptolemy.util.test.WatchDog.cancel(): canceling Wed May 23 01:17:39 UTC 2018
------------------ testing $PTII/ptolemy/domains/de/test/auto/realtime.xml
auto.tcl: Setting watchdog for 200 seconds at Wed May 23 01:17:39 UTC 2018
10001 ms. Memory: 236544K Free: 223673K (95%)
ptolemy.util.test.WatchDog.cancel(): canceling Wed May 23 01:17:49 UTC 2018
auto.tcl: Setting watchdog for 200 seconds at Wed May 23 01:17:49 UTC 2018
10002 ms. Memory: 236544K Free: 221438K (94%)
ptolemy.util.test.WatchDog.cancel(): canceling Wed May 23 01:17:59 UTC 2018
------------------ testing $PTII/ptolemy/domains/de/test/auto/relationGroup.xml
auto.tcl: Setting watchdog for 200 seconds at Wed May 23 01:17:59 UTC 2018
2 ms. Memory: 236032K Free: 223196K (95%)
ptolemy.util.test.WatchDog.cancel(): canceling Wed May 23 01:17:59 UTC 2018
auto.tcl: Setting watchdog for 200 seconds at Wed May 23 01:17:59 UTC 2018
2 ms. Memory: 236032K Free: 223196K (95%)
ptolemy.util.test.WatchDog.cancel(): canceling Wed May 23 01:17:59 UTC 2018
------------------ testing $PTII/ptolemy/domains/de/test/auto/relationGroup2.xml
auto.tcl: Setting watchdog for 200 seconds at Wed May 23 01:17:59 UTC 2018
1 ms. Memory: 236544K Free: 223727K (95%)
ptolemy.util.test.WatchDog.cancel(): canceling Wed May 23 01:17:59 UTC 2018
auto.tcl: Setting watchdog for 200 seconds at Wed May 23 01:17:59 UTC 2018
1 ms. Memory: 236544K Free: 223727K (95%)
ptolemy.util.test.WatchDog.cancel(): canceling Wed May 23 01:17:59 UTC 2018
------------------ testing $PTII/ptolemy/domains/de/test/auto/sortWithOpaquePorts.xml
auto.tcl: Setting watchdog for 200 seconds at Wed May 23 01:17:59 UTC 2018
1 ms. Memory: 236032K Free: 223216K (95%)
ptolemy.util.test.WatchDog.cancel(): canceling Wed May 23 01:17:59 UTC 2018
auto.tcl: Setting watchdog for 200 seconds at Wed May 23 01:17:59 UTC 2018
1 ms. Memory: 236032K Free: 220981K (94%)
ptolemy.util.test.WatchDog.cancel(): canceling Wed May 23 01:17:59 UTC 2018
------------------ testing $PTII/ptolemy/domains/de/test/auto/transferInputsandOutputs.xml
auto.tcl: Setting watchdog for 200 seconds at Wed May 23 01:17:59 UTC 2018
2 ms. Memory: 236544K Free: 221480K (94%)
ptolemy.util.test.WatchDog.cancel(): canceling Wed May 23 01:17:59 UTC 2018
auto.tcl: Setting watchdog for 200 seconds at Wed May 23 01:17:59 UTC 2018
1 ms. Memory: 236544K Free: 219230K (93%)
ptolemy.util.test.WatchDog.cancel(): canceling Wed May 23 01:17:59 UTC 2018
------------------ testing $PTII/ptolemy/domains/de/test/auto/triggerType.xml
auto.tcl: Setting watchdog for 200 seconds at Wed May 23 01:17:59 UTC 2018
2 ms. Memory: 236032K Free: 223153K (95%)
ptolemy.util.test.WatchDog.cancel(): canceling Wed May 23 01:17:59 UTC 2018
auto.tcl: Setting watchdog for 200 seconds at Wed May 23 01:17:59 UTC 2018
2 ms. Memory: 236032K Free: 223153K (95%)
ptolemy.util.test.WatchDog.cancel(): canceling Wed May 23 01:17:59 UTC 2018
05/23/18 01:17:59
Failed: 0  Total Tests: 192  ((Passed: 187, Newly Passed: 1)  Known Failed: 5) /home/travis/build/icyphy/ptII/ptolemy/domains/de/test
05/23/18 01:17:59
Failed: 0  Total Tests: 192  ((Passed: 187, Newly Passed: 1)  Known Failed: 5) /home/travis/build/icyphy/ptII/ptolemy/domains/de/test
----------------- testing (KnownFailure) /home/travis/build/icyphy/ptII/ptolemy/domains/de/test/auto/knownFailedTests/DESDFClockTest.xml
2008 ms. Memory: 236544K Free: 216692K (92%)
Known Failure: java.lang.reflect.InvocationTargetException
----------------- testing (KnownFailure) /home/travis/build/icyphy/ptII/ptolemy/domains/de/test/auto/knownFailedTests/DirectFeedback.xml
1 ms. Memory: 236544K Free: 204322K (86%)
Known Failure: java.lang.reflect.InvocationTargetException
----------------- testing (KnownFailure) /home/travis/build/icyphy/ptII/ptolemy/domains/de/test/auto/knownFailedTests/FSMSource.xml
8 ms. Memory: 236544K Free: 188851K (80%)
----------------- testing (KnownFailure) /home/travis/build/icyphy/ptII/ptolemy/domains/de/test/auto/knownFailedTests/HierarchicalModel.xml
2 ms. Memory: 236544K Free: 167153K (71%)
Known Failure: java.lang.reflect.InvocationTargetException
----------------- testing (KnownFailure) /home/travis/build/icyphy/ptII/ptolemy/domains/de/test/auto/knownFailedTests/dependencyLoop.xml
2 ms. Memory: 236544K Free: 142397K (60%)
Known Failure: java.lang.reflect.InvocationTargetException
----------------- testing (KnownFailure) /home/travis/build/icyphy/ptII/ptolemy/domains/de/test/auto/knownFailedTests/dependencyLoop2.xml
2 ms. Memory: 236544K Free: 117625K (50%)
Known Failure: java.lang.reflect.InvocationTargetException
No auto/*.xml tests in /home/travis/build/icyphy/ptII/ptolemy/domains/de/test
AutoTests.java: About to close Vertx.
AutoTests.java: Vertx closed.
----------------- testing Wed May 23 01:18:02 UTC 2018 /home/travis/build/icyphy/ptII/ptolemy/domains/de/test/auto/ActorDepthCalculation_actorWithoutPorts.xml
----------------- Instantiating /home/travis/build/icyphy/ptII/ptolemy/domains/de/test/auto/ActorDepthCalculation_actorWithoutPorts.xml
3 ms. Memory: 236544K Free: 99053K (42%)
----------------- Invoking toplevel() on ptolemy.moml.MoMLSimpleApplication@b8c70b0
----------------- Done invoking toplevel() on ptolemy.moml.MoMLSimpleApplication@b8c70b0
reloadAllAccessors: .ActorDepthCalculation_actorWithoutPorts
----------------- testing Wed May 23 01:18:02 UTC 2018 /home/travis/build/icyphy/ptII/ptolemy/domains/de/test/auto/AssemblyLine.xml
----------------- Instantiating /home/travis/build/icyphy/ptII/ptolemy/domains/de/test/auto/AssemblyLine.xml
3 ms. Memory: 236544K Free: 86667K (37%)
----------------- Invoking toplevel() on ptolemy.moml.MoMLSimpleApplication@313e91f6
----------------- Done invoking toplevel() on ptolemy.moml.MoMLSimpleApplication@313e91f6
reloadAllAccessors: .AssemblyLine
----------------- testing Wed May 23 01:18:02 UTC 2018 /home/travis/build/icyphy/ptII/ptolemy/domains/de/test/auto/CQBug1.xml
----------------- Instantiating /home/travis/build/icyphy/ptII/ptolemy/domains/de/test/auto/CQBug1.xml
1 ms. Memory: 236544K Free: 78247K (33%)
----------------- Invoking toplevel() on ptolemy.moml.MoMLSimpleApplication@31b077d2
----------------- Done invoking toplevel() on ptolemy.moml.MoMLSimpleApplication@31b077d2
reloadAllAccessors: .CQBug1
----------------- testing Wed May 23 01:18:02 UTC 2018 /home/travis/build/icyphy/ptII/ptolemy/domains/de/test/auto/CancelFireAt.xml
----------------- Instantiating /home/travis/build/icyphy/ptII/ptolemy/domains/de/test/auto/CancelFireAt.xml
1 ms. Memory: 229888K Free: 221263K (96%)
----------------- Invoking toplevel() on ptolemy.moml.MoMLSimpleApplication@1db57dfc
----------------- Done invoking toplevel() on ptolemy.moml.MoMLSimpleApplication@1db57dfc
reloadAllAccessors: .CancelFireAt
----------------- testing Wed May 23 01:18:02 UTC 2018 /home/travis/build/icyphy/ptII/ptolemy/domains/de/test/auto/CausalityAndComposabilityAnalysis.xml
----------------- Instantiating /home/travis/build/icyphy/ptII/ptolemy/domains/de/test/auto/CausalityAndComposabilityAnalysis.xml
2 ms. Memory: 229888K Free: 213897K (93%)
----------------- Invoking toplevel() on ptolemy.moml.MoMLSimpleApplication@186985ee
----------------- Done invoking toplevel() on ptolemy.moml.MoMLSimpleApplication@186985ee
reloadAllAccessors: .CausalityAndComposabilityAnalysis
----------------- testing Wed May 23 01:18:02 UTC 2018 /home/travis/build/icyphy/ptII/ptolemy/domains/de/test/auto/CausalityInterface1.xml
----------------- Instantiating /home/travis/build/icyphy/ptII/ptolemy/domains/de/test/auto/CausalityInterface1.xml
5 ms. Memory: 229888K Free: 207957K (90%)
----------------- Invoking toplevel() on ptolemy.moml.MoMLSimpleApplication@6c0d6728
----------------- Done invoking toplevel() on ptolemy.moml.MoMLSimpleApplication@6c0d6728
reloadAllAccessors: .CausalityInterface1
----------------- testing Wed May 23 01:18:02 UTC 2018 /home/travis/build/icyphy/ptII/ptolemy/domains/de/test/auto/CausalityInterface15.xml
----------------- Instantiating /home/travis/build/icyphy/ptII/ptolemy/domains/de/test/auto/CausalityInterface15.xml
2 ms. Memory: 229888K Free: 200517K (87%)
----------------- Invoking toplevel() on ptolemy.moml.MoMLSimpleApplication@6011d0c4
----------------- Done invoking toplevel() on ptolemy.moml.MoMLSimpleApplication@6011d0c4
reloadAllAccessors: .CausalityInterface15
----------------- testing Wed May 23 01:18:02 UTC 2018 /home/travis/build/icyphy/ptII/ptolemy/domains/de/test/auto/CausalityInterface2.xml
----------------- Instantiating /home/travis/build/icyphy/ptII/ptolemy/domains/de/test/auto/CausalityInterface2.xml
2 ms. Memory: 229888K Free: 193151K (84%)
----------------- Invoking toplevel() on ptolemy.moml.MoMLSimpleApplication@4c417ad6
----------------- Done invoking toplevel() on ptolemy.moml.MoMLSimpleApplication@4c417ad6
reloadAllAccessors: .CausalityInterface2
----------------- testing Wed May 23 01:18:02 UTC 2018 /home/travis/build/icyphy/ptII/ptolemy/domains/de/test/auto/CausalityInterface3.xml
[...]
java.lang.RuntimeException: Execution failed
	at ptolemy.moml.MoMLSimpleApplication$UnloadThread.run(MoMLSimpleApplication.java:402)
Caused by: ptolemy.kernel.util.IllegalActionException: Test fails in iteration 1.
Value was: 1.0. Should have been: 2.0
  in .DirectFeedback.Test
	at ptolemy.actor.lib.Test.fire(Test.java:268)
	at ptolemy.domains.de.kernel.DEDirector._fire(DEDirector.java:1948)
	at ptolemy.domains.de.kernel.DEDirector.fire(DEDirector.java:502)
	at ptolemy.actor.CompositeActor.fire(CompositeActor.java:455)
	at ptolemy.actor.Manager.iterate(Manager.java:851)
	at ptolemy.actor.Manager.execute(Manager.java:369)
	at ptolemy.actor.Manager.run(Manager.java:1263)
	at ptolemy.actor.Manager$PtolemyRunThread.run(Manager.java:1915)
java.lang.RuntimeException: Execution failed
	at ptolemy.moml.MoMLSimpleApplication$UnloadThread.run(MoMLSimpleApplication.java:402)
Caused by: ptolemy.kernel.util.IllegalActionException: Actor is not ready to fire.  Perhaps UpSample.prefire() returned false? Try debugging the actor by selecting "Listen to Actor".  Also, for SDF check moml for tokenConsumptionRate on input.
  in .DESDFClockTest.Play Bell.Copy1:SDF Director and .DESDFClockTest.Play Bell.UpSample
	at ptolemy.actor.sched.StaticSchedulingDirector.fire(StaticSchedulingDirector.java:227)
	at ptolemy.domains.sdf.kernel.SDFDirector.fire(SDFDirector.java:500)
	at ptolemy.actor.CompositeActor.fire(CompositeActor.java:455)
	at ptolemy.domains.de.kernel.DEDirector._fire(DEDirector.java:1948)
	at ptolemy.domains.de.kernel.DEDirector.fire(DEDirector.java:502)
	at ptolemy.actor.CompositeActor.fire(CompositeActor.java:455)
	at ptolemy.actor.Manager.iterate(Manager.java:851)
	at ptolemy.actor.Manager.execute(Manager.java:369)
	at ptolemy.actor.Manager.run(Manager.java:1263)
	at ptolemy.actor.Manager$PtolemyRunThread.run(Manager.java:1915)
java.lang.reflect.InvocationTargetException
	at sun.reflect.NativeConstructorAccessorImpl.newInstance0(Native Method)
	at sun.reflect.NativeConstructorAccessorImpl.newInstance(NativeConstructorAccessorImpl.java:62)
	at sun.reflect.DelegatingConstructorAccessorImpl.newInstance(DelegatingConstructorAccessorImpl.java:45)
	at java.lang.reflect.Constructor.newInstance(Constructor.java:423)
	at ptolemy.util.test.junit.AutoKnownFailedTests.RunModel(AutoKnownFailedTests.java:107)
	at sun.reflect.NativeMethodAccessorImpl.invoke0(Native Method)
	at sun.reflect.NativeMethodAccessorImpl.invoke(NativeMethodAccessorImpl.java:62)
	at sun.reflect.DelegatingMethodAccessorImpl.invoke(DelegatingMethodAccessorImpl.java:43)
	at java.lang.reflect.Method.invoke(Method.java:498)
	at org.junit.runners.model.FrameworkMethod$1.runReflectiveCall(FrameworkMethod.java:44)
	at org.junit.internal.runners.model.ReflectiveCallable.run(ReflectiveCallable.java:15)
	at org.junit.runners.model.FrameworkMethod.invokeExplosively(FrameworkMethod.java:41)
	at junitparams.internal.InvokeParameterisedMethod.evaluate(InvokeParameterisedMethod.java:102)
	at org.junit.internal.runners.statements.FailOnTimeout$1.run(FailOnTimeout.java:28)
Caused by: ptolemy.kernel.util.IllegalActionException: Actor is not ready to fire.  Perhaps UpSample.prefire() returned false? Try debugging the actor by selecting "Listen to Actor".  Also, for SDF check moml for tokenConsumptionRate on input.
  in .DESDFClockTest.Play Bell.Copy1:SDF Director and .DESDFClockTest.Play Bell.UpSample
	at ptolemy.actor.sched.StaticSchedulingDirector.fire(StaticSchedulingDirector.java:227)
	at ptolemy.domains.sdf.kernel.SDFDirector.fire(SDFDirector.java:500)
	at ptolemy.actor.CompositeActor.fire(CompositeActor.java:455)
	at ptolemy.domains.de.kernel.DEDirector._fire(DEDirector.java:1948)
	at ptolemy.domains.de.kernel.DEDirector.fire(DEDirector.java:502)
	at ptolemy.actor.CompositeActor.fire(CompositeActor.java:455)
	at ptolemy.actor.Manager.iterate(Manager.java:851)
	at ptolemy.actor.Manager.execute(Manager.java:369)
	at ptolemy.actor.Manager.run(Manager.java:1263)
	at ptolemy.actor.Manager$PtolemyRunThread.run(Manager.java:1915)
java.lang.RuntimeException: Execution failed
	at ptolemy.moml.MoMLSimpleApplication$UnloadThread.run(MoMLSimpleApplication.java:402)
Caused by: ptolemy.kernel.util.IllegalActionException: Test fails in iteration 1.
Value was: 1.0. Should have been: 2.0
  in .DirectFeedback.Test
	at ptolemy.actor.lib.Test.fire(Test.java:268)
	at ptolemy.domains.de.kernel.DEDirector._fire(DEDirector.java:1948)
	at ptolemy.domains.de.kernel.DEDirector.fire(DEDirector.java:502)
	at ptolemy.actor.CompositeActor.fire(CompositeActor.java:455)
	at ptolemy.actor.Manager.iterate(Manager.java:851)
	at ptolemy.actor.Manager.execute(Manager.java:369)
	at ptolemy.actor.Manager.run(Manager.java:1263)
	at ptolemy.actor.Manager$PtolemyRunThread.run(Manager.java:1915)
java.lang.reflect.InvocationTargetException
	at sun.reflect.NativeConstructorAccessorImpl.newInstance0(Native Method)
	at sun.reflect.NativeConstructorAccessorImpl.newInstance(NativeConstructorAccessorImpl.java:62)
	at sun.reflect.DelegatingConstructorAccessorImpl.newInstance(DelegatingConstructorAccessorImpl.java:45)
	at java.lang.reflect.Constructor.newInstance(Constructor.java:423)
	at ptolemy.util.test.junit.AutoKnownFailedTests.RunModel(AutoKnownFailedTests.java:107)
	at sun.reflect.NativeMethodAccessorImpl.invoke0(Native Method)
	at sun.reflect.NativeMethodAccessorImpl.invoke(NativeMethodAccessorImpl.java:62)
	at sun.reflect.DelegatingMethodAccessorImpl.invoke(DelegatingMethodAccessorImpl.java:43)
	at java.lang.reflect.Method.invoke(Method.java:498)
	at org.junit.runners.model.FrameworkMethod$1.runReflectiveCall(FrameworkMethod.java:44)
	at org.junit.internal.runners.model.ReflectiveCallable.run(ReflectiveCallable.java:15)
	at org.junit.runners.model.FrameworkMethod.invokeExplosively(FrameworkMethod.java:41)
	at junitparams.internal.InvokeParameterisedMethod.evaluate(InvokeParameterisedMethod.java:102)
	at org.junit.internal.runners.statements.FailOnTimeout$1.run(FailOnTimeout.java:28)
Caused by: ptolemy.kernel.util.IllegalActionException: Test fails in iteration 1.
Value was: 1.0. Should have been: 2.0
  in .DirectFeedback.Test
	at ptolemy.actor.lib.Test.fire(Test.java:268)
	at ptolemy.domains.de.kernel.DEDirector._fire(DEDirector.java:1948)
	at ptolemy.domains.de.kernel.DEDirector.fire(DEDirector.java:502)
	at ptolemy.actor.CompositeActor.fire(CompositeActor.java:455)
	at ptolemy.actor.Manager.iterate(Manager.java:851)
	at ptolemy.actor.Manager.execute(Manager.java:369)
	at ptolemy.actor.Manager.run(Manager.java:1263)
	at ptolemy.actor.Manager$PtolemyRunThread.run(Manager.java:1915)
java.lang.RuntimeException: Execution failed
	at ptolemy.moml.MoMLSimpleApplication$UnloadThread.run(MoMLSimpleApplication.java:402)
Caused by: ptolemy.kernel.util.IllegalActionException: Found a zero delay loop containing .HierarchicalModel.A
  in .HierarchicalModel and .HierarchicalModel.A
	at ptolemy.actor.util.CausalityInterfaceForComposites._computeOutputPortDepth(CausalityInterfaceForComposites.java:759)
	at ptolemy.actor.util.CausalityInterfaceForComposites._computeInputDepth(CausalityInterfaceForComposites.java:696)
	at ptolemy.actor.util.CausalityInterfaceForComposites._computeOutputPortDepth(CausalityInterfaceForComposites.java:765)
	at ptolemy.actor.util.CausalityInterfaceForComposites._computeInputDepth(CausalityInterfaceForComposites.java:696)
	at ptolemy.actor.util.CausalityInterfaceForComposites._computeOutputPortDepth(CausalityInterfaceForComposites.java:765)
	at ptolemy.actor.util.CausalityInterfaceForComposites._computeInputDepth(CausalityInterfaceForComposites.java:696)
	at ptolemy.actor.util.CausalityInterfaceForComposites._computeActorDepth(CausalityInterfaceForComposites.java:532)
	at ptolemy.actor.util.CausalityInterfaceForComposites.checkForCycles(CausalityInterfaceForComposites.java:96)
	at ptolemy.domains.de.kernel.DEDirector.preinitialize(DEDirector.java:1337)
	at ptolemy.actor.CompositeActor.preinitialize(CompositeActor.java:1828)
	at ptolemy.actor.Manager.preinitializeAndResolveTypes(Manager.java:1040)
	at ptolemy.actor.Manager.initialize(Manager.java:710)
	at ptolemy.actor.Manager.execute(Manager.java:356)
	at ptolemy.actor.Manager.run(Manager.java:1263)
	at ptolemy.actor.Manager$PtolemyRunThread.run(Manager.java:1915)
java.lang.reflect.InvocationTargetException
	at sun.reflect.NativeConstructorAccessorImpl.newInstance0(Native Method)
	at sun.reflect.NativeConstructorAccessorImpl.newInstance(NativeConstructorAccessorImpl.java:62)
	at sun.reflect.DelegatingConstructorAccessorImpl.newInstance(DelegatingConstructorAccessorImpl.java:45)
	at java.lang.reflect.Constructor.newInstance(Constructor.java:423)
	at ptolemy.util.test.junit.AutoKnownFailedTests.RunModel(AutoKnownFailedTests.java:107)
	at sun.reflect.NativeMethodAccessorImpl.invoke0(Native Method)
	at sun.reflect.NativeMethodAccessorImpl.invoke(NativeMethodAccessorImpl.java:62)
	at sun.reflect.DelegatingMethodAccessorImpl.invoke(DelegatingMethodAccessorImpl.java:43)
	at java.lang.reflect.Method.invoke(Method.java:498)
	at org.junit.runners.model.FrameworkMethod$1.runReflectiveCall(FrameworkMethod.java:44)
	at org.junit.internal.runners.model.ReflectiveCallable.run(ReflectiveCallable.java:15)
	at org.junit.runners.model.FrameworkMethod.invokeExplosively(FrameworkMethod.java:41)
	at junitparams.internal.InvokeParameterisedMethod.evaluate(InvokeParameterisedMethod.java:102)
	at org.junit.internal.runners.statements.FailOnTimeout$1.run(FailOnTimeout.java:28)
Caused by: ptolemy.kernel.util.IllegalActionException: Found a zero delay loop containing .HierarchicalModel.A
  in .HierarchicalModel and .HierarchicalModel.A
	at ptolemy.actor.util.CausalityInterfaceForComposites._computeOutputPortDepth(CausalityInterfaceForComposites.java:759)
	at ptolemy.actor.util.CausalityInterfaceForComposites._computeInputDepth(CausalityInterfaceForComposites.java:696)
	at ptolemy.actor.util.CausalityInterfaceForComposites._computeOutputPortDepth(CausalityInterfaceForComposites.java:765)
	at ptolemy.actor.util.CausalityInterfaceForComposites._computeInputDepth(CausalityInterfaceForComposites.java:696)
	at ptolemy.actor.util.CausalityInterfaceForComposites._computeOutputPortDepth(CausalityInterfaceForComposites.java:765)
	at ptolemy.actor.util.CausalityInterfaceForComposites._computeInputDepth(CausalityInterfaceForComposites.java:696)
	at ptolemy.actor.util.CausalityInterfaceForComposites._computeActorDepth(CausalityInterfaceForComposites.java:532)
	at ptolemy.actor.util.CausalityInterfaceForComposites.checkForCycles(CausalityInterfaceForComposites.java:96)
	at ptolemy.domains.de.kernel.DEDirector.preinitialize(DEDirector.java:1337)
	at ptolemy.actor.CompositeActor.preinitialize(CompositeActor.java:1828)
	at ptolemy.actor.Manager.preinitializeAndResolveTypes(Manager.java:1040)
	at ptolemy.actor.Manager.initialize(Manager.java:710)
	at ptolemy.actor.Manager.execute(Manager.java:356)
	at ptolemy.actor.Manager.run(Manager.java:1263)
	at ptolemy.actor.Manager$PtolemyRunThread.run(Manager.java:1915)
java.lang.RuntimeException: Execution failed
	at ptolemy.moml.MoMLSimpleApplication$UnloadThread.run(MoMLSimpleApplication.java:402)
Caused by: ptolemy.kernel.util.IllegalActionException: Found a zero delay loop containing .dependencyLoop.original
  in .dependencyLoop and .dependencyLoop.original
	at ptolemy.actor.util.CausalityInterfaceForComposites._computeOutputPortDepth(CausalityInterfaceForComposites.java:759)
	at ptolemy.actor.util.CausalityInterfaceForComposites._computeInputDepth(CausalityInterfaceForComposites.java:696)
	at ptolemy.actor.util.CausalityInterfaceForComposites._computeOutputPortDepth(CausalityInterfaceForComposites.java:765)
	at ptolemy.actor.util.CausalityInterfaceForComposites._computeInputDepth(CausalityInterfaceForComposites.java:696)
	at ptolemy.actor.util.CausalityInterfaceForComposites._computeOutputPortDepth(CausalityInterfaceForComposites.java:765)
	at ptolemy.actor.util.CausalityInterfaceForComposites._computeInputDepth(CausalityInterfaceForComposites.java:696)
	at ptolemy.actor.util.CausalityInterfaceForComposites._computeActorDepth(CausalityInterfaceForComposites.java:532)
	at ptolemy.actor.util.CausalityInterfaceForComposites.checkForCycles(CausalityInterfaceForComposites.java:96)
	at ptolemy.domains.de.kernel.DEDirector.preinitialize(DEDirector.java:1337)
	at ptolemy.actor.CompositeActor.preinitialize(CompositeActor.java:1828)
	at ptolemy.actor.Manager.preinitializeAndResolveTypes(Manager.java:1040)
	at ptolemy.actor.Manager.initialize(Manager.java:710)
	at ptolemy.actor.Manager.execute(Manager.java:356)
	at ptolemy.actor.Manager.run(Manager.java:1263)
	at ptolemy.actor.Manager$PtolemyRunThread.run(Manager.java:1915)
java.lang.reflect.InvocationTargetException
	at sun.reflect.NativeConstructorAccessorImpl.newInstance0(Native Method)
	at sun.reflect.NativeConstructorAccessorImpl.newInstance(NativeConstructorAccessorImpl.java:62)
	at sun.reflect.DelegatingConstructorAccessorImpl.newInstance(DelegatingConstructorAccessorImpl.java:45)
	at java.lang.reflect.Constructor.newInstance(Constructor.java:423)
	at ptolemy.util.test.junit.AutoKnownFailedTests.RunModel(AutoKnownFailedTests.java:107)
	at sun.reflect.NativeMethodAccessorImpl.invoke0(Native Method)
	at sun.reflect.NativeMethodAccessorImpl.invoke(NativeMethodAccessorImpl.java:62)
	at sun.reflect.DelegatingMethodAccessorImpl.invoke(DelegatingMethodAccessorImpl.java:43)
	at java.lang.reflect.Method.invoke(Method.java:498)
	at org.junit.runners.model.FrameworkMethod$1.runReflectiveCall(FrameworkMethod.java:44)
	at org.junit.internal.runners.model.ReflectiveCallable.run(ReflectiveCallable.java:15)
	at org.junit.runners.model.FrameworkMethod.invokeExplosively(FrameworkMethod.java:41)
	at junitparams.internal.InvokeParameterisedMethod.evaluate(InvokeParameterisedMethod.java:102)
	at org.junit.internal.runners.statements.FailOnTimeout$1.run(FailOnTimeout.java:28)
Caused by: ptolemy.kernel.util.IllegalActionException: Found a zero delay loop containing .dependencyLoop.original
  in .dependencyLoop and .dependencyLoop.original
	at ptolemy.actor.util.CausalityInterfaceForComposites._computeOutputPortDepth(CausalityInterfaceForComposites.java:759)
	at ptolemy.actor.util.CausalityInterfaceForComposites._computeInputDepth(CausalityInterfaceForComposites.java:696)
	at ptolemy.actor.util.CausalityInterfaceForComposites._computeOutputPortDepth(CausalityInterfaceForComposites.java:765)
	at ptolemy.actor.util.CausalityInterfaceForComposites._computeInputDepth(CausalityInterfaceForComposites.java:696)
	at ptolemy.actor.util.CausalityInterfaceForComposites._computeOutputPortDepth(CausalityInterfaceForComposites.java:765)
	at ptolemy.actor.util.CausalityInterfaceForComposites._computeInputDepth(CausalityInterfaceForComposites.java:696)
	at ptolemy.actor.util.CausalityInterfaceForComposites._computeActorDepth(CausalityInterfaceForComposites.java:532)
	at ptolemy.actor.util.CausalityInterfaceForComposites.checkForCycles(CausalityInterfaceForComposites.java:96)
	at ptolemy.domains.de.kernel.DEDirector.preinitialize(DEDirector.java:1337)
	at ptolemy.actor.CompositeActor.preinitialize(CompositeActor.java:1828)
	at ptolemy.actor.Manager.preinitializeAndResolveTypes(Manager.java:1040)
	at ptolemy.actor.Manager.initialize(Manager.java:710)
	at ptolemy.actor.Manager.execute(Manager.java:356)
	at ptolemy.actor.Manager.run(Manager.java:1263)
	at ptolemy.actor.Manager$PtolemyRunThread.run(Manager.java:1915)
java.lang.RuntimeException: Execution failed
	at ptolemy.moml.MoMLSimpleApplication$UnloadThread.run(MoMLSimpleApplication.java:402)
Caused by: ptolemy.kernel.util.IllegalActionException: Found a zero delay loop containing .dependencyLoop2.original
  in .dependencyLoop2 and .dependencyLoop2.original
	at ptolemy.actor.util.CausalityInterfaceForComposites._computeOutputPortDepth(CausalityInterfaceForComposites.java:759)
	at ptolemy.actor.util.CausalityInterfaceForComposites._computeInputDepth(CausalityInterfaceForComposites.java:696)
	at ptolemy.actor.util.CausalityInterfaceForComposites._computeOutputPortDepth(CausalityInterfaceForComposites.java:765)
	at ptolemy.actor.util.CausalityInterfaceForComposites._computeInputDepth(CausalityInterfaceForComposites.java:696)
	at ptolemy.actor.util.CausalityInterfaceForComposites._computeOutputPortDepth(CausalityInterfaceForComposites.java:765)
	at ptolemy.actor.util.CausalityInterfaceForComposites._computeInputDepth(CausalityInterfaceForComposites.java:696)
	at ptolemy.actor.util.CausalityInterfaceForComposites._computeActorDepth(CausalityInterfaceForComposites.java:532)
	at ptolemy.actor.util.CausalityInterfaceForComposites.checkForCycles(CausalityInterfaceForComposites.java:96)
	at ptolemy.domains.de.kernel.DEDirector.preinitialize(DEDirector.java:1337)
	at ptolemy.actor.CompositeActor.preinitialize(CompositeActor.java:1828)
	at ptolemy.actor.Manager.preinitializeAndResolveTypes(Manager.java:1040)
	at ptolemy.actor.Manager.initialize(Manager.java:710)
	at ptolemy.actor.Manager.execute(Manager.java:356)
	at ptolemy.actor.Manager.run(Manager.java:1263)
	at ptolemy.actor.Manager$PtolemyRunThread.run(Manager.java:1915)
java.lang.reflect.InvocationTargetException
	at sun.reflect.NativeConstructorAccessorImpl.newInstance0(Native Method)
	at sun.reflect.NativeConstructorAccessorImpl.newInstance(NativeConstructorAccessorImpl.java:62)
	at sun.reflect.DelegatingConstructorAccessorImpl.newInstance(DelegatingConstructorAccessorImpl.java:45)
	at java.lang.reflect.Constructor.newInstance(Constructor.java:423)
	at ptolemy.util.test.junit.AutoKnownFailedTests.RunModel(AutoKnownFailedTests.java:107)
	at sun.reflect.NativeMethodAccessorImpl.invoke0(Native Method)
	at sun.reflect.NativeMethodAccessorImpl.invoke(NativeMethodAccessorImpl.java:62)
	at sun.reflect.DelegatingMethodAccessorImpl.invoke(DelegatingMethodAccessorImpl.java:43)
	at java.lang.reflect.Method.invoke(Method.java:498)
	at org.junit.runners.model.FrameworkMethod$1.runReflectiveCall(FrameworkMethod.java:44)
	at org.junit.internal.runners.model.ReflectiveCallable.run(ReflectiveCallable.java:15)
	at org.junit.runners.model.FrameworkMethod.invokeExplosively(FrameworkMethod.java:41)
	at junitparams.internal.InvokeParameterisedMethod.evaluate(InvokeParameterisedMethod.java:102)
	at org.junit.internal.runners.statements.FailOnTimeout$1.run(FailOnTimeout.java:28)
Caused by: ptolemy.kernel.util.IllegalActionException: Found a zero delay loop containing .dependencyLoop2.original
  in .dependencyLoop2 and .dependencyLoop2.original
	at ptolemy.actor.util.CausalityInterfaceForComposites._computeOutputPortDepth(CausalityInterfaceForComposites.java:759)
	at ptolemy.actor.util.CausalityInterfaceForComposites._computeInputDepth(CausalityInterfaceForComposites.java:696)
	at ptolemy.actor.util.CausalityInterfaceForComposites._computeOutputPortDepth(CausalityInterfaceForComposites.java:765)
	at ptolemy.actor.util.CausalityInterfaceForComposites._computeInputDepth(CausalityInterfaceForComposites.java:696)
	at ptolemy.actor.util.CausalityInterfaceForComposites._computeOutputPortDepth(CausalityInterfaceForComposites.java:765)
	at ptolemy.actor.util.CausalityInterfaceForComposites._computeInputDepth(CausalityInterfaceForComposites.java:696)
	at ptolemy.actor.util.CausalityInterfaceForComposites._computeActorDepth(CausalityInterfaceForComposites.java:532)
	at ptolemy.actor.util.CausalityInterfaceForComposites.checkForCycles(CausalityInterfaceForComposites.java:96)
	at ptolemy.domains.de.kernel.DEDirector.preinitialize(DEDirector.java:1337)
	at ptolemy.actor.CompositeActor.preinitialize(CompositeActor.java:1828)
	at ptolemy.actor.Manager.preinitializeAndResolveTypes(Manager.java:1040)
	at ptolemy.actor.Manager.initialize(Manager.java:710)
	at ptolemy.actor.Manager.execute(Manager.java:356)
	at ptolemy.actor.Manager.run(Manager.java:1263)
	at ptolemy.actor.Manager$PtolemyRunThread.run(Manager.java:1915)
]]></system-err>
</testsuite>
