<?xml version="1.0" encoding="UTF-8" ?>
<testsuite errors="1" failures="0" hostname="travis-job-fb9206be-e1d9-4b12-ab6a-9e9604ce2c4a" name="ptolemy.actor.lib.hoc.test.junit.JUnitTclTest" skipped="0" tests="58" time="23.055" timestamp="2018-05-08T00:45:50">
  <properties>
[...]
</properties>
  <testcase classname="ptolemy.util.test.junit.TclTests" name="[0] /home/travis/build/icyphy/ptII/ptolemy/actor/lib/hoc/test/IterateOverArray.tcl (RunTclFile)" time="0.272" />
  <testcase classname="ptolemy.util.test.junit.AutoKnownFailedTests" name="[0] /home/travis/build/icyphy/ptII/ptolemy/actor/lib/hoc/test/auto/knownFailedTests/PreinitializeMustBeInvokedRunComposite.xml (RunModel)" time="0.228" />
  <testcase classname="ptolemy.util.test.junit.AutoNameArchTests" name="[0] ThereAreNoAutoTests (RunModel)" time="0.001" />
  <testcase classname="ptolemy.util.test.junit.AutoTests" name="[0] /home/travis/build/icyphy/ptII/ptolemy/actor/lib/hoc/test/auto/AllToAllMultiInstanceComposite.xml (RunModel)" time="0.282" />
  <testcase classname="ptolemy.util.test.junit.AutoTests" name="[1] /home/travis/build/icyphy/ptII/ptolemy/actor/lib/hoc/test/auto/ApplyFFTTest.xml (RunModel)" time="0.234" />
  <testcase classname="ptolemy.util.test.junit.AutoTests" name="[2] /home/travis/build/icyphy/ptII/ptolemy/actor/lib/hoc/test/auto/ApplyFunction.xml (RunModel)" time="0.022" />
  <testcase classname="ptolemy.util.test.junit.AutoTests" name="[3] /home/travis/build/icyphy/ptII/ptolemy/actor/lib/hoc/test/auto/BackgroundExecution.xml (RunModel)" time="0.698" />
  <testcase classname="ptolemy.util.test.junit.AutoTests" name="[4] /home/travis/build/icyphy/ptII/ptolemy/actor/lib/hoc/test/auto/Case.xml (RunModel)" time="0.099" />
  <testcase classname="ptolemy.util.test.junit.AutoTests" name="[5] /home/travis/build/icyphy/ptII/ptolemy/actor/lib/hoc/test/auto/Case1.xml (RunModel)" time="0.069" />
  <testcase classname="ptolemy.util.test.junit.AutoTests" name="[6] /home/travis/build/icyphy/ptII/ptolemy/actor/lib/hoc/test/auto/Case2.xml (RunModel)" time="0.109" />
  <testcase classname="ptolemy.util.test.junit.AutoTests" name="[7] /home/travis/build/icyphy/ptII/ptolemy/actor/lib/hoc/test/auto/Case3.xml (RunModel)" time="0.066" />
  <testcase classname="ptolemy.util.test.junit.AutoTests" name="[8] /home/travis/build/icyphy/ptII/ptolemy/actor/lib/hoc/test/auto/Case4.xml (RunModel)" time="0.057" />
  <testcase classname="ptolemy.util.test.junit.AutoTests" name="[9] /home/travis/build/icyphy/ptII/ptolemy/actor/lib/hoc/test/auto/Case5.xml (RunModel)" time="0.048" />
  <testcase classname="ptolemy.util.test.junit.AutoTests" name="[10] /home/travis/build/icyphy/ptII/ptolemy/actor/lib/hoc/test/auto/Case6.xml (RunModel)" time="0.13" />
  <testcase classname="ptolemy.util.test.junit.AutoTests" name="[11] /home/travis/build/icyphy/ptII/ptolemy/actor/lib/hoc/test/auto/CaseString2.xml (RunModel)" time="0.046" />
  <testcase classname="ptolemy.util.test.junit.AutoTests" name="[12] /home/travis/build/icyphy/ptII/ptolemy/actor/lib/hoc/test/auto/CatchUpComposite1.xml (RunModel)" time="0.087" />
  <testcase classname="ptolemy.util.test.junit.AutoTests" name="[13] /home/travis/build/icyphy/ptII/ptolemy/actor/lib/hoc/test/auto/CatchUpComposite2.xml (RunModel)" time="0.078" />
  <testcase classname="ptolemy.util.test.junit.AutoTests" name="[14] /home/travis/build/icyphy/ptII/ptolemy/actor/lib/hoc/test/auto/CatchUpComposite3.xml (RunModel)" time="0.056" />
  <testcase classname="ptolemy.util.test.junit.AutoTests" name="[15] /home/travis/build/icyphy/ptII/ptolemy/actor/lib/hoc/test/auto/CatchUpComposite4.xml (RunModel)" time="0.062" />
  <testcase classname="ptolemy.util.test.junit.AutoTests" name="[16] /home/travis/build/icyphy/ptII/ptolemy/actor/lib/hoc/test/auto/CatchUpComposite5.xml (RunModel)" time="0.042" />
  <testcase classname="ptolemy.util.test.junit.AutoTests" name="[17] /home/travis/build/icyphy/ptII/ptolemy/actor/lib/hoc/test/auto/CatchUpComposite6.xml (RunModel)" time="0.157" />
  <testcase classname="ptolemy.util.test.junit.AutoTests" name="[18] /home/travis/build/icyphy/ptII/ptolemy/actor/lib/hoc/test/auto/CatchUpComposite7.xml (RunModel)" time="0.1" />
  <testcase classname="ptolemy.util.test.junit.AutoTests" name="[19] /home/travis/build/icyphy/ptII/ptolemy/actor/lib/hoc/test/auto/ConcurrentExecutionTimeSDF.xml (RunModel)" time="0.029" />
  <testcase classname="ptolemy.util.test.junit.AutoTests" name="[20] /home/travis/build/icyphy/ptII/ptolemy/actor/lib/hoc/test/auto/ConcurrentSleep.xml (RunModel)" time="0.742" />
  <testcase classname="ptolemy.util.test.junit.AutoTests" name="[21] /home/travis/build/icyphy/ptII/ptolemy/actor/lib/hoc/test/auto/DEInPNInRunCompositeActor.xml (RunModel)" time="0.062" />
  <testcase classname="ptolemy.util.test.junit.AutoTests" name="[22] /home/travis/build/icyphy/ptII/ptolemy/actor/lib/hoc/test/auto/DFTSubSetTest.xml (RunModel)" time="0.264" />
  <testcase classname="ptolemy.util.test.junit.AutoTests" name="[23] /home/travis/build/icyphy/ptII/ptolemy/actor/lib/hoc/test/auto/HocDE.xml (RunModel)" time="0.204" />
  <testcase classname="ptolemy.util.test.junit.AutoTests" name="[24] /home/travis/build/icyphy/ptII/ptolemy/actor/lib/hoc/test/auto/IterateOverArray.xml (RunModel)" time="0.027" />
  <testcase classname="ptolemy.util.test.junit.AutoTests" name="[25] /home/travis/build/icyphy/ptII/ptolemy/actor/lib/hoc/test/auto/IterateOverArray10.xml (RunModel)" time="0.017" />
  <testcase classname="ptolemy.util.test.junit.AutoTests" name="[26] /home/travis/build/icyphy/ptII/ptolemy/actor/lib/hoc/test/auto/IterateOverArray11.xml (RunModel)" time="0.023" />
  <testcase classname="ptolemy.util.test.junit.AutoTests" name="[27] /home/travis/build/icyphy/ptII/ptolemy/actor/lib/hoc/test/auto/IterateOverArray12.xml (RunModel)" time="0.043" />
  <testcase classname="ptolemy.util.test.junit.AutoTests" name="[28] /home/travis/build/icyphy/ptII/ptolemy/actor/lib/hoc/test/auto/IterateOverArray13.xml (RunModel)" time="0.179" />
  <testcase classname="ptolemy.util.test.junit.AutoTests" name="[29] /home/travis/build/icyphy/ptII/ptolemy/actor/lib/hoc/test/auto/IterateOverArray14.xml (RunModel)" time="0.154" />
  <testcase classname="ptolemy.util.test.junit.AutoTests" name="[30] /home/travis/build/icyphy/ptII/ptolemy/actor/lib/hoc/test/auto/IterateOverArray2.xml (RunModel)" time="0.025" />
  <testcase classname="ptolemy.util.test.junit.AutoTests" name="[31] /home/travis/build/icyphy/ptII/ptolemy/actor/lib/hoc/test/auto/IterateOverArray3.xml (RunModel)" time="0.03" />
  <testcase classname="ptolemy.util.test.junit.AutoTests" name="[32] /home/travis/build/icyphy/ptII/ptolemy/actor/lib/hoc/test/auto/IterateOverArray4.xml (RunModel)" time="0.022" />
  <testcase classname="ptolemy.util.test.junit.AutoTests" name="[33] /home/travis/build/icyphy/ptII/ptolemy/actor/lib/hoc/test/auto/IterateOverArray5.xml (RunModel)" time="0.022" />
  <testcase classname="ptolemy.util.test.junit.AutoTests" name="[34] /home/travis/build/icyphy/ptII/ptolemy/actor/lib/hoc/test/auto/IterateOverArray6.xml (RunModel)" time="0.015" />
  <testcase classname="ptolemy.util.test.junit.AutoTests" name="[35] /home/travis/build/icyphy/ptII/ptolemy/actor/lib/hoc/test/auto/IterateOverArray7.xml (RunModel)" time="0.024" />
  <testcase classname="ptolemy.util.test.junit.AutoTests" name="[36] /home/travis/build/icyphy/ptII/ptolemy/actor/lib/hoc/test/auto/IterateOverArray8.xml (RunModel)" time="0.021" />
  <testcase classname="ptolemy.util.test.junit.AutoTests" name="[37] /home/travis/build/icyphy/ptII/ptolemy/actor/lib/hoc/test/auto/IterateOverArray9.xml (RunModel)" time="0.022" />
  <testcase classname="ptolemy.util.test.junit.AutoTests" name="[38] /home/travis/build/icyphy/ptII/ptolemy/actor/lib/hoc/test/auto/IterateOverArrayCoercedOutputType.xml (RunModel)" time="0.034" />
  <testcase classname="ptolemy.util.test.junit.AutoTests" name="[39] /home/travis/build/icyphy/ptII/ptolemy/actor/lib/hoc/test/auto/IterateOverArrayInferredOutputType.xml (RunModel)" time="0.037" />
  <testcase classname="ptolemy.util.test.junit.AutoTests" name="[40] /home/travis/build/icyphy/ptII/ptolemy/actor/lib/hoc/test/auto/MobileFunctionTest.xml (RunModel)" time="0.03" />
  <testcase classname="ptolemy.util.test.junit.AutoTests" name="[41] /home/travis/build/icyphy/ptII/ptolemy/actor/lib/hoc/test/auto/MobileModelTest.xml (RunModel)" time="0.132" />
  <testcase classname="ptolemy.util.test.junit.AutoTests" name="[42] /home/travis/build/icyphy/ptII/ptolemy/actor/lib/hoc/test/auto/ModelReference.xml (RunModel)" time="0.103" />
  <testcase classname="ptolemy.util.test.junit.AutoTests" name="[43] /home/travis/build/icyphy/ptII/ptolemy/actor/lib/hoc/test/auto/ModelReference3.xml (RunModel)" time="0.053" />
  <testcase classname="ptolemy.util.test.junit.AutoTests" name="[44] /home/travis/build/icyphy/ptII/ptolemy/actor/lib/hoc/test/auto/ModelReference4.xml (RunModel)" time="10.048" />
  <testcase classname="ptolemy.util.test.junit.AutoTests" name="[45] /home/travis/build/icyphy/ptII/ptolemy/actor/lib/hoc/test/auto/MultiInstanceComposite.xml (RunModel)" time="0.051" />
  <testcase classname="ptolemy.util.test.junit.AutoTests" name="[46] /home/travis/build/icyphy/ptII/ptolemy/actor/lib/hoc/test/auto/MultiInstanceComposite2.xml (RunModel)" time="0.041" />
  <testcase classname="ptolemy.util.test.junit.AutoTests" name="[47] /home/travis/build/icyphy/ptII/ptolemy/actor/lib/hoc/test/auto/MulticoreExecution.xml (RunModel)" time="1.045">
    <error type="java.lang.reflect.InvocationTargetException">java.lang.reflect.InvocationTargetException
	at java.lang.reflect.Constructor.newInstance(Constructor.java:423)
	at ptolemy.util.test.junit.AutoTests.RunModel(AutoTests.java:161)
	at junitparams.internal.InvokeParameterisedMethod.evaluate(InvokeParameterisedMethod.java:102)
Caused by: ptolemy.kernel.util.IllegalActionException: Inside thread was interrupted.
  in .MulticoreExecution.ThreadedComposite.ThreadedDirector
	at ptolemy.actor.lib.hoc.ThreadedComposite$ThreadedDirector.fire(ThreadedComposite.java:646)
	at ptolemy.actor.CompositeActor.fire(CompositeActor.java:455)
	at ptolemy.actor.sched.FixedPointDirector._fireActor(FixedPointDirector.java:768)
	at ptolemy.actor.sched.FixedPointDirector.fire(FixedPointDirector.java:244)
	at ptolemy.actor.CompositeActor.fire(CompositeActor.java:455)
	at ptolemy.actor.Manager.iterate(Manager.java:851)
	at ptolemy.actor.Manager.execute(Manager.java:369)
	at ptolemy.actor.Manager.run(Manager.java:1263)
	at ptolemy.actor.Manager$PtolemyRunThread.run(Manager.java:1915)
</error>
  </testcase>
  <testcase classname="ptolemy.util.test.junit.AutoTests" name="[48] /home/travis/build/icyphy/ptII/ptolemy/actor/lib/hoc/test/auto/ParallelExecution.xml (RunModel)" time="0.941" />
  <testcase classname="ptolemy.util.test.junit.AutoTests" name="[49] /home/travis/build/icyphy/ptII/ptolemy/actor/lib/hoc/test/auto/RunCompositeActor.xml (RunModel)" time="0.022" />
  <testcase classname="ptolemy.util.test.junit.AutoTests" name="[50] /home/travis/build/icyphy/ptII/ptolemy/actor/lib/hoc/test/auto/RunCompositeActor2.xml (RunModel)" time="0.046" />
  <testcase classname="ptolemy.util.test.junit.AutoTests" name="[51] /home/travis/build/icyphy/ptII/ptolemy/actor/lib/hoc/test/auto/RunCompositeActor3.xml (RunModel)" time="0.019" />
  <testcase classname="ptolemy.util.test.junit.AutoTests" name="[52] /home/travis/build/icyphy/ptII/ptolemy/actor/lib/hoc/test/auto/RunCompositeActor4.xml (RunModel)" time="0.035" />
  <testcase classname="ptolemy.util.test.junit.AutoTests" name="[53] /home/travis/build/icyphy/ptII/ptolemy/actor/lib/hoc/test/auto/RunCompositeIterateOverArray.xml (RunModel)" time="0.035" />
  <testcase classname="ptolemy.util.test.junit.AutoTests" name="[54] /home/travis/build/icyphy/ptII/ptolemy/actor/lib/hoc/test/auto/ThreadedJS.xml (RunModel)" time="5.06" />
  <system-out><![CDATA[/home/travis/build/icyphy/ptII/ptolemy/actor/lib/hoc/test/IterateOverArray.tcl
testDefs.tcl: setting time out to 9000 seconds at Tue May 08 00:45:50 UTC 2018
05/08/18 12:45:50
Failed: 0  Total Tests: 2  ((Passed: 2, Newly Passed: 0)  Known Failed: 0) /home/travis/build/icyphy/ptII/ptolemy/actor/lib/hoc/test
----------------- testing (KnownFailure) /home/travis/build/icyphy/ptII/ptolemy/actor/lib/hoc/test/auto/knownFailedTests/PreinitializeMustBeInvokedRunComposite.xml
37 ms. Memory: 116224K Free: 105124K (90%)
Known Failure: java.lang.reflect.InvocationTargetException
No auto/*.xml tests in /home/travis/build/icyphy/ptII/ptolemy/actor/lib/hoc/test
AutoTests.java: About to close Vertx.
AutoTests.java: Vertx closed.
----------------- testing Tue May 08 00:45:51 UTC 2018 /home/travis/build/icyphy/ptII/ptolemy/actor/lib/hoc/test/auto/AllToAllMultiInstanceComposite.xml
----------------- Instantiating /home/travis/build/icyphy/ptII/ptolemy/actor/lib/hoc/test/auto/AllToAllMultiInstanceComposite.xml
138 ms. Memory: 146944K Free: 114877K (78%)
----------------- Invoking toplevel() on ptolemy.moml.MoMLSimpleApplication@a66e009
----------------- Done invoking toplevel() on ptolemy.moml.MoMLSimpleApplication@a66e009
reloadAllAccessors: .AllToAllMultiInstanceComposite
----------------- testing Tue May 08 00:45:51 UTC 2018 /home/travis/build/icyphy/ptII/ptolemy/actor/lib/hoc/test/auto/ApplyFFTTest.xml
----------------- Instantiating /home/travis/build/icyphy/ptII/ptolemy/actor/lib/hoc/test/auto/ApplyFFTTest.xml
95 ms. Memory: 146944K Free: 93308K (63%)
----------------- Invoking toplevel() on ptolemy.moml.MoMLSimpleApplication@5fa2fccb
----------------- Done invoking toplevel() on ptolemy.moml.MoMLSimpleApplication@5fa2fccb
reloadAllAccessors: .ApplyFFTTest
----------------- testing Tue May 08 00:45:51 UTC 2018 /home/travis/build/icyphy/ptII/ptolemy/actor/lib/hoc/test/auto/ApplyFunction.xml
----------------- Instantiating /home/travis/build/icyphy/ptII/ptolemy/actor/lib/hoc/test/auto/ApplyFunction.xml
4 ms. Memory: 146944K Free: 89903K (61%)
----------------- Invoking toplevel() on ptolemy.moml.MoMLSimpleApplication@531cd7a9
----------------- Done invoking toplevel() on ptolemy.moml.MoMLSimpleApplication@531cd7a9
reloadAllAccessors: .ApplyFunction
----------------- testing Tue May 08 00:45:51 UTC 2018 /home/travis/build/icyphy/ptII/ptolemy/actor/lib/hoc/test/auto/BackgroundExecution.xml
----------------- Instantiating /home/travis/build/icyphy/ptII/ptolemy/actor/lib/hoc/test/auto/BackgroundExecution.xml
627 ms. Memory: 146944K Free: 81952K (56%)
----------------- Invoking toplevel() on ptolemy.moml.MoMLSimpleApplication@1a9fdf8d
----------------- Done invoking toplevel() on ptolemy.moml.MoMLSimpleApplication@1a9fdf8d
reloadAllAccessors: .BackgroundExecution
----------------- testing Tue May 08 00:45:52 UTC 2018 /home/travis/build/icyphy/ptII/ptolemy/actor/lib/hoc/test/auto/Case.xml
----------------- Instantiating /home/travis/build/icyphy/ptII/ptolemy/actor/lib/hoc/test/auto/Case.xml
32 ms. Memory: 146944K Free: 133894K (91%)
----------------- Invoking toplevel() on ptolemy.moml.MoMLSimpleApplication@7f219007
----------------- Done invoking toplevel() on ptolemy.moml.MoMLSimpleApplication@7f219007
reloadAllAccessors: .Case
----------------- testing Tue May 08 00:45:52 UTC 2018 /home/travis/build/icyphy/ptII/ptolemy/actor/lib/hoc/test/auto/Case1.xml
----------------- Instantiating /home/travis/build/icyphy/ptII/ptolemy/actor/lib/hoc/test/auto/Case1.xml
21 ms. Memory: 146944K Free: 126044K (86%)
----------------- Invoking toplevel() on ptolemy.moml.MoMLSimpleApplication@a42522e
----------------- Done invoking toplevel() on ptolemy.moml.MoMLSimpleApplication@a42522e
reloadAllAccessors: .Case1
----------------- testing Tue May 08 00:45:52 UTC 2018 /home/travis/build/icyphy/ptII/ptolemy/actor/lib/hoc/test/auto/Case2.xml
----------------- Instantiating /home/travis/build/icyphy/ptII/ptolemy/actor/lib/hoc/test/auto/Case2.xml
60 ms. Memory: 146944K Free: 115072K (78%)
----------------- Invoking toplevel() on ptolemy.moml.MoMLSimpleApplication@71f13570
----------------- Done invoking toplevel() on ptolemy.moml.MoMLSimpleApplication@71f13570
reloadAllAccessors: .Case2
----------------- testing Tue May 08 00:45:52 UTC 2018 /home/travis/build/icyphy/ptII/ptolemy/actor/lib/hoc/test/auto/Case3.xml
----------------- Instantiating /home/travis/build/icyphy/ptII/ptolemy/actor/lib/hoc/test/auto/Case3.xml
25 ms. Memory: 146944K Free: 107727K (73%)
----------------- Invoking toplevel() on ptolemy.moml.MoMLSimpleApplication@202ab5bb
----------------- Done invoking toplevel() on ptolemy.moml.MoMLSimpleApplication@202ab5bb
reloadAllAccessors: .Case3
----------------- testing Tue May 08 00:45:52 UTC 2018 /home/travis/build/icyphy/ptII/ptolemy/actor/lib/hoc/test/auto/Case4.xml
----------------- Instantiating /home/travis/build/icyphy/ptII/ptolemy/actor/lib/hoc/test/auto/Case4.xml
16 ms. Memory: 146944K Free: 99454K (68%)
----------------- Invoking toplevel() on ptolemy.moml.MoMLSimpleApplication@1c1de4b9
----------------- Done invoking toplevel() on ptolemy.moml.MoMLSimpleApplication@1c1de4b9
reloadAllAccessors: .Case4
----------------- testing Tue May 08 00:45:53 UTC 2018 /home/travis/build/icyphy/ptII/ptolemy/actor/lib/hoc/test/auto/Case5.xml
----------------- Instantiating /home/travis/build/icyphy/ptII/ptolemy/actor/lib/hoc/test/auto/Case5.xml
30 ms. Memory: 146944K Free: 91571K (62%)
----------------- Invoking toplevel() on ptolemy.moml.MoMLSimpleApplication@460a1223
----------------- Done invoking toplevel() on ptolemy.moml.MoMLSimpleApplication@460a1223
reloadAllAccessors: .junk
----------------- testing Tue May 08 00:45:53 UTC 2018 /home/travis/build/icyphy/ptII/ptolemy/actor/lib/hoc/test/auto/Case6.xml
----------------- Instantiating /home/travis/build/icyphy/ptII/ptolemy/actor/lib/hoc/test/auto/Case6.xml
77 ms. Memory: 208384K Free: 201198K (97%)
----------------- Invoking toplevel() on ptolemy.moml.MoMLSimpleApplication@3755f3df
----------------- Done invoking toplevel() on ptolemy.moml.MoMLSimpleApplication@3755f3df
reloadAllAccessors: .Case6
----------------- testing Tue May 08 00:45:53 UTC 2018 /home/travis/build/icyphy/ptII/ptolemy/actor/lib/hoc/test/auto/CaseString2.xml
----------------- Instantiating /home/travis/build/icyphy/ptII/ptolemy/actor/lib/hoc/test/auto/CaseString2.xml
10 ms. Memory: 208384K Free: 191075K (92%)
----------------- Invoking toplevel() on ptolemy.moml.MoMLSimpleApplication@2274aaa8
----------------- Done invoking toplevel() on ptolemy.moml.MoMLSimpleApplication@2274aaa8
reloadAllAccessors: .CaseString2
----------------- testing Tue May 08 00:45:53 UTC 2018 /home/travis/build/icyphy/ptII/ptolemy/actor/lib/hoc/test/auto/CatchUpComposite1.xml
----------------- Instantiating /home/travis/build/icyphy/ptII/ptolemy/actor/lib/hoc/test/auto/CatchUpComposite1.xml
27 ms. Memory: 208384K Free: 180565K (87%)
----------------- Invoking toplevel() on ptolemy.moml.MoMLSimpleApplication@6b807f21
----------------- Done invoking toplevel() on ptolemy.moml.MoMLSimpleApplication@6b807f21
reloadAllAccessors: .CatchUpComposite1
----------------- testing Tue May 08 00:45:53 UTC 2018 /home/travis/build/icyphy/ptII/ptolemy/actor/lib/hoc/test/auto/CatchUpComposite2.xml
----------------- Instantiating /home/travis/build/icyphy/ptII/ptolemy/actor/lib/hoc/test/auto/CatchUpComposite2.xml
20 ms. Memory: 208384K Free: 170703K (82%)
----------------- Invoking toplevel() on ptolemy.moml.MoMLSimpleApplication@4ded34e0
----------------- Done invoking toplevel() on ptolemy.moml.MoMLSimpleApplication@4ded34e0
reloadAllAccessors: .CatchUpComposite2
----------------- testing Tue May 08 00:45:53 UTC 2018 /home/travis/build/icyphy/ptII/ptolemy/actor/lib/hoc/test/auto/CatchUpComposite3.xml
----------------- Instantiating /home/travis/build/icyphy/ptII/ptolemy/actor/lib/hoc/test/auto/CatchUpComposite3.xml
11 ms. Memory: 208384K Free: 160557K (77%)
----------------- Invoking toplevel() on ptolemy.moml.MoMLSimpleApplication@2e499662
----------------- Done invoking toplevel() on ptolemy.moml.MoMLSimpleApplication@2e499662
reloadAllAccessors: .CatchUpComposite3
----------------- testing Tue May 08 00:45:53 UTC 2018 /home/travis/build/icyphy/ptII/ptolemy/actor/lib/hoc/test/auto/CatchUpComposite4.xml
----------------- Instantiating /home/travis/build/icyphy/ptII/ptolemy/actor/lib/hoc/test/auto/CatchUpComposite4.xml
19 ms. Memory: 208384K Free: 151308K (73%)
----------------- Invoking toplevel() on ptolemy.moml.MoMLSimpleApplication@712e8236
----------------- Done invoking toplevel() on ptolemy.moml.MoMLSimpleApplication@712e8236
reloadAllAccessors: .CatchUpComposite4
----------------- testing Tue May 08 00:45:53 UTC 2018 /home/travis/build/icyphy/ptII/ptolemy/actor/lib/hoc/test/auto/CatchUpComposite5.xml
----------------- Instantiating /home/travis/build/icyphy/ptII/ptolemy/actor/lib/hoc/test/auto/CatchUpComposite5.xml
12 ms. Memory: 208384K Free: 143192K (69%)
----------------- Invoking toplevel() on ptolemy.moml.MoMLSimpleApplication@6c245ab2
----------------- Done invoking toplevel() on ptolemy.moml.MoMLSimpleApplication@6c245ab2
reloadAllAccessors: .CatchUpComposite5
----------------- testing Tue May 08 00:45:53 UTC 2018 /home/travis/build/icyphy/ptII/ptolemy/actor/lib/hoc/test/auto/CatchUpComposite6.xml
----------------- Instantiating /home/travis/build/icyphy/ptII/ptolemy/actor/lib/hoc/test/auto/CatchUpComposite6.xml
WARNING: The execution aspects in this model can influence the timing of actors by delaying the 
execution, potentially changing the behavior. There is no guarantee that actors fire at the 
time they request to be fired. 
Use Ptides for deterministic DE behavior that is not influenced by execution aspects. 

82 ms. Memory: 208384K Free: 124802K (60%)
----------------- Invoking toplevel() on ptolemy.moml.MoMLSimpleApplication@e6be2f0
----------------- Done invoking toplevel() on ptolemy.moml.MoMLSimpleApplication@e6be2f0
reloadAllAccessors: .CatchUpComposite6
----------------- testing Tue May 08 00:45:53 UTC 2018 /home/travis/build/icyphy/ptII/ptolemy/actor/lib/hoc/test/auto/CatchUpComposite7.xml
----------------- Instantiating /home/travis/build/icyphy/ptII/ptolemy/actor/lib/hoc/test/auto/CatchUpComposite7.xml
WARNING: The execution aspects in this model can influence the timing of actors by delaying the 
execution, potentially changing the behavior. There is no guarantee that actors fire at the 
time they request to be fired. 
Use Ptides for deterministic DE behavior that is not influenced by execution aspects. 

48 ms. Memory: 208384K Free: 108128K (52%)
----------------- Invoking toplevel() on ptolemy.moml.MoMLSimpleApplication@7aed2d04
----------------- Done invoking toplevel() on ptolemy.moml.MoMLSimpleApplication@7aed2d04
reloadAllAccessors: .CatchUpComposite7
----------------- testing Tue May 08 00:45:53 UTC 2018 /home/travis/build/icyphy/ptII/ptolemy/actor/lib/hoc/test/auto/ConcurrentExecutionTimeSDF.xml
----------------- Instantiating /home/travis/build/icyphy/ptII/ptolemy/actor/lib/hoc/test/auto/ConcurrentExecutionTimeSDF.xml
8 ms. Memory: 208384K Free: 99494K (48%)
----------------- Invoking toplevel() on ptolemy.moml.MoMLSimpleApplication@4de04dfe
----------------- Done invoking toplevel() on ptolemy.moml.MoMLSimpleApplication@4de04dfe
reloadAllAccessors: .ConcurrentExecutionTimeSDF
----------------- testing Tue May 08 00:45:53 UTC 2018 /home/travis/build/icyphy/ptII/ptolemy/actor/lib/hoc/test/auto/ConcurrentSleep.xml
----------------- Instantiating /home/travis/build/icyphy/ptII/ptolemy/actor/lib/hoc/test/auto/ConcurrentSleep.xml
715 ms. Memory: 208384K Free: 84967K (41%)
----------------- Invoking toplevel() on ptolemy.moml.MoMLSimpleApplication@7647866e
----------------- Done invoking toplevel() on ptolemy.moml.MoMLSimpleApplication@7647866e
reloadAllAccessors: .ConcurrentSleep
----------------- testing Tue May 08 00:45:54 UTC 2018 /home/travis/build/icyphy/ptII/ptolemy/actor/lib/hoc/test/auto/DEInPNInRunCompositeActor.xml
----------------- Instantiating /home/travis/build/icyphy/ptII/ptolemy/actor/lib/hoc/test/auto/DEInPNInRunCompositeActor.xml
41 ms. Memory: 208384K Free: 201224K (97%)
----------------- Invoking toplevel() on ptolemy.moml.MoMLSimpleApplication@7aa96c14
----------------- Done invoking toplevel() on ptolemy.moml.MoMLSimpleApplication@7aa96c14
reloadAllAccessors: .DEInPNInRunCompositeActor
----------------- testing Tue May 08 00:45:54 UTC 2018 /home/travis/build/icyphy/ptII/ptolemy/actor/lib/hoc/test/auto/DFTSubSetTest.xml
----------------- Instantiating /home/travis/build/icyphy/ptII/ptolemy/actor/lib/hoc/test/auto/DFTSubSetTest.xml
191 ms. Memory: 208384K Free: 152917K (73%)
----------------- Invoking toplevel() on ptolemy.moml.MoMLSimpleApplication@11b8d4ab
----------------- Done invoking toplevel() on ptolemy.moml.MoMLSimpleApplication@11b8d4ab
reloadAllAccessors: .DFTSubSetTest
----------------- testing Tue May 08 00:45:54 UTC 2018 /home/travis/build/icyphy/ptII/ptolemy/actor/lib/hoc/test/auto/HocDE.xml
----------------- Instantiating /home/travis/build/icyphy/ptII/ptolemy/actor/lib/hoc/test/auto/HocDE.xml
155 ms. Memory: 208384K Free: 126384K (61%)
----------------- Invoking toplevel() on ptolemy.moml.MoMLSimpleApplication@309a487d
----------------- Done invoking toplevel() on ptolemy.moml.MoMLSimpleApplication@309a487d
reloadAllAccessors: .HocDE
----------------- testing Tue May 08 00:45:55 UTC 2018 /home/travis/build/icyphy/ptII/ptolemy/actor/lib/hoc/test/auto/IterateOverArray.xml
----------------- Instantiating /home/travis/build/icyphy/ptII/ptolemy/actor/lib/hoc/test/auto/IterateOverArray.xml
6 ms. Memory: 208384K Free: 120789K (58%)
----------------- Invoking toplevel() on ptolemy.moml.MoMLSimpleApplication@2a407d05
----------------- Done invoking toplevel() on ptolemy.moml.MoMLSimpleApplication@2a407d05
reloadAllAccessors: .IterateOverArray
----------------- testing Tue May 08 00:45:55 UTC 2018 /home/travis/build/icyphy/ptII/ptolemy/actor/lib/hoc/test/auto/IterateOverArray10.xml
----------------- Instantiating /home/travis/build/icyphy/ptII/ptolemy/actor/lib/hoc/test/auto/IterateOverArray10.xml
3 ms. Memory: 208384K Free: 116479K (56%)
----------------- Invoking toplevel() on ptolemy.moml.MoMLSimpleApplication@406a9e68
----------------- Done invoking toplevel() on ptolemy.moml.MoMLSimpleApplication@406a9e68
reloadAllAccessors: .IterateOverArray10
----------------- testing Tue May 08 00:45:55 UTC 2018 /home/travis/build/icyphy/ptII/ptolemy/actor/lib/hoc/test/auto/IterateOverArray11.xml
----------------- Instantiating /home/travis/build/icyphy/ptII/ptolemy/actor/lib/hoc/test/auto/IterateOverArray11.xml
3 ms. Memory: 208384K Free: 111548K (54%)
----------------- Invoking toplevel() on ptolemy.moml.MoMLSimpleApplication@2f713e91
----------------- Done invoking toplevel() on ptolemy.moml.MoMLSimpleApplication@2f713e91
reloadAllAccessors: .IterateOverArray11
----------------- testing Tue May 08 00:45:55 UTC 2018 /home/travis/build/icyphy/ptII/ptolemy/actor/lib/hoc/test/auto/IterateOverArray12.xml
----------------- Instantiating /home/travis/build/icyphy/ptII/ptolemy/actor/lib/hoc/test/auto/IterateOverArray12.xml
17 ms. Memory: 208384K Free: 104174K (50%)
----------------- Invoking toplevel() on ptolemy.moml.MoMLSimpleApplication@409c2fa9
----------------- Done invoking toplevel() on ptolemy.moml.MoMLSimpleApplication@409c2fa9
reloadAllAccessors: .IterateOverArray12
----------------- testing Tue May 08 00:45:55 UTC 2018 /home/travis/build/icyphy/ptII/ptolemy/actor/lib/hoc/test/auto/IterateOverArray13.xml
----------------- Instantiating /home/travis/build/icyphy/ptII/ptolemy/actor/lib/hoc/test/auto/IterateOverArray13.xml
104 ms. Memory: 331264K Free: 320136K (97%)
----------------- Invoking toplevel() on ptolemy.moml.MoMLSimpleApplication@2007d349
----------------- Done invoking toplevel() on ptolemy.moml.MoMLSimpleApplication@2007d349
reloadAllAccessors: .IterateOverArray13
----------------- testing Tue May 08 00:45:55 UTC 2018 /home/travis/build/icyphy/ptII/ptolemy/actor/lib/hoc/test/auto/IterateOverArray14.xml
----------------- Instantiating /home/travis/build/icyphy/ptII/ptolemy/actor/lib/hoc/test/auto/IterateOverArray14.xml
61 ms. Memory: 331264K Free: 282773K (85%)
----------------- Invoking toplevel() on ptolemy.moml.MoMLSimpleApplication@42f38aeb
----------------- Done invoking toplevel() on ptolemy.moml.MoMLSimpleApplication@42f38aeb
reloadAllAccessors: .IterateOverArray14
----------------- testing Tue May 08 00:45:55 UTC 2018 /home/travis/build/icyphy/ptII/ptolemy/actor/lib/hoc/test/auto/IterateOverArray2.xml
----------------- Instantiating /home/travis/build/icyphy/ptII/ptolemy/actor/lib/hoc/test/auto/IterateOverArray2.xml
10 ms. Memory: 331264K Free: 277870K (84%)
----------------- Invoking toplevel() on ptolemy.moml.MoMLSimpleApplication@43f5aaea
----------------- Done invoking toplevel() on ptolemy.moml.MoMLSimpleApplication@43f5aaea
reloadAllAccessors: .IterateOverArray2
----------------- testing Tue May 08 00:45:55 UTC 2018 /home/travis/build/icyphy/ptII/ptolemy/actor/lib/hoc/test/auto/IterateOverArray3.xml
----------------- Instantiating /home/travis/build/icyphy/ptII/ptolemy/actor/lib/hoc/test/auto/IterateOverArray3.xml
7 ms. Memory: 331264K Free: 269666K (81%)
----------------- Invoking toplevel() on ptolemy.moml.MoMLSimpleApplication@649a2c9c
----------------- Done invoking toplevel() on ptolemy.moml.MoMLSimpleApplication@649a2c9c
reloadAllAccessors: .IterateOverArray3
----------------- testing Tue May 08 00:45:55 UTC 2018 /home/travis/build/icyphy/ptII/ptolemy/actor/lib/hoc/test/auto/IterateOverArray4.xml
----------------- Instantiating /home/travis/build/icyphy/ptII/ptolemy/actor/lib/hoc/test/auto/IterateOverArray4.xml
4 ms. Memory: 331264K Free: 264763K (80%)
----------------- Invoking toplevel() on ptolemy.moml.MoMLSimpleApplication@44cf196f
----------------- Done invoking toplevel() on ptolemy.moml.MoMLSimpleApplication@44cf196f
reloadAllAccessors: .IterateOverArray4
----------------- testing Tue May 08 00:45:55 UTC 2018 /home/travis/build/icyphy/ptII/ptolemy/actor/lib/hoc/test/auto/IterateOverArray5.xml
----------------- Instantiating /home/travis/build/icyphy/ptII/ptolemy/actor/lib/hoc/test/auto/IterateOverArray5.xml
3 ms. Memory: 331264K Free: 259852K (78%)
----------------- Invoking toplevel() on ptolemy.moml.MoMLSimpleApplication@3512c301
----------------- Done invoking toplevel() on ptolemy.moml.MoMLSimpleApplication@3512c301
reloadAllAccessors: .IterateOverArray5
----------------- testing Tue May 08 00:45:55 UTC 2018 /home/travis/build/icyphy/ptII/ptolemy/actor/lib/hoc/test/auto/IterateOverArray6.xml
----------------- Instantiating /home/travis/build/icyphy/ptII/ptolemy/actor/lib/hoc/test/auto/IterateOverArray6.xml
3 ms. Memory: 331264K Free: 255335K (77%)
----------------- Invoking toplevel() on ptolemy.moml.MoMLSimpleApplication@3b2f8b64
----------------- Done invoking toplevel() on ptolemy.moml.MoMLSimpleApplication@3b2f8b64
reloadAllAccessors: .IterateOverArray6
----------------- testing Tue May 08 00:45:55 UTC 2018 /home/travis/build/icyphy/ptII/ptolemy/actor/lib/hoc/test/auto/IterateOverArray7.xml
----------------- Instantiating /home/travis/build/icyphy/ptII/ptolemy/actor/lib/hoc/test/auto/IterateOverArray7.xml
5 ms. Memory: 331264K Free: 250432K (76%)
----------------- Invoking toplevel() on ptolemy.moml.MoMLSimpleApplication@38707b93
----------------- Done invoking toplevel() on ptolemy.moml.MoMLSimpleApplication@38707b93
reloadAllAccessors: .IterateOverArray7
----------------- testing Tue May 08 00:45:55 UTC 2018 /home/travis/build/icyphy/ptII/ptolemy/actor/lib/hoc/test/auto/IterateOverArray8.xml
----------------- Instantiating /home/travis/build/icyphy/ptII/ptolemy/actor/lib/hoc/test/auto/IterateOverArray8.xml
4 ms. Memory: 331264K Free: 244691K (74%)
----------------- Invoking toplevel() on ptolemy.moml.MoMLSimpleApplication@c0380c7
----------------- Done invoking toplevel() on ptolemy.moml.MoMLSimpleApplication@c0380c7
reloadAllAccessors: .IterateOverArray8
----------------- testing Tue May 08 00:45:55 UTC 2018 /home/travis/build/icyphy/ptII/ptolemy/actor/lib/hoc/test/auto/IterateOverArray9.xml
----------------- Instantiating /home/travis/build/icyphy/ptII/ptolemy/actor/lib/hoc/test/auto/IterateOverArray9.xml
8 ms. Memory: 331264K Free: 239780K (72%)
----------------- Invoking toplevel() on ptolemy.moml.MoMLSimpleApplication@3e5b64d3
----------------- Done invoking toplevel() on ptolemy.moml.MoMLSimpleApplication@3e5b64d3
reloadAllAccessors: .IterateOverArray9
----------------- testing Tue May 08 00:45:55 UTC 2018 /home/travis/build/icyphy/ptII/ptolemy/actor/lib/hoc/test/auto/IterateOverArrayCoercedOutputType.xml
----------------- Instantiating /home/travis/build/icyphy/ptII/ptolemy/actor/lib/hoc/test/auto/IterateOverArrayCoercedOutputType.xml
3 ms. Memory: 331264K Free: 233629K (71%)
----------------- Invoking toplevel() on ptolemy.moml.MoMLSimpleApplication@4afcfc78
----------------- Done invoking toplevel() on ptolemy.moml.MoMLSimpleApplication@4afcfc78
reloadAllAccessors: .IterateOverArrayCoercedOutputType
----------------- testing Tue May 08 00:45:55 UTC 2018 /home/travis/build/icyphy/ptII/ptolemy/actor/lib/hoc/test/auto/IterateOverArrayInferredOutputType.xml
----------------- Instantiating /home/travis/build/icyphy/ptII/ptolemy/actor/lib/hoc/test/auto/IterateOverArrayInferredOutputType.xml
8 ms. Memory: 331264K Free: 226648K (68%)
----------------- Invoking toplevel() on ptolemy.moml.MoMLSimpleApplication@4dc34e54
----------------- Done invoking toplevel() on ptolemy.moml.MoMLSimpleApplication@4dc34e54
reloadAllAccessors: .IterateOverArrayInferredOutputType
----------------- testing Tue May 08 00:45:55 UTC 2018 /home/travis/build/icyphy/ptII/ptolemy/actor/lib/hoc/test/auto/MobileFunctionTest.xml
----------------- Instantiating /home/travis/build/icyphy/ptII/ptolemy/actor/lib/hoc/test/auto/MobileFunctionTest.xml
5 ms. Memory: 331264K Free: 221738K (67%)
----------------- Invoking toplevel() on ptolemy.moml.MoMLSimpleApplication@44a742b0
----------------- Done invoking toplevel() on ptolemy.moml.MoMLSimpleApplication@44a742b0
reloadAllAccessors: .MobileFunctionTest
----------------- testing Tue May 08 00:45:55 UTC 2018 /home/travis/build/icyphy/ptII/ptolemy/actor/lib/hoc/test/auto/MobileModelTest.xml
----------------- Instantiating /home/travis/build/icyphy/ptII/ptolemy/actor/lib/hoc/test/auto/MobileModelTest.xml
93 ms. Memory: 331264K Free: 200039K (60%)
----------------- Invoking toplevel() on ptolemy.moml.MoMLSimpleApplication@676a7cbc
----------------- Done invoking toplevel() on ptolemy.moml.MoMLSimpleApplication@676a7cbc
reloadAllAccessors: .MobileModelTest
----------------- testing Tue May 08 00:45:56 UTC 2018 /home/travis/build/icyphy/ptII/ptolemy/actor/lib/hoc/test/auto/ModelReference.xml
----------------- Instantiating /home/travis/build/icyphy/ptII/ptolemy/actor/lib/hoc/test/auto/ModelReference.xml
3 ms. Memory: 331264K Free: 191441K (58%)
6 ms. Memory: 331264K Free: 190202K (57%)
3 ms. Memory: 331264K Free: 190202K (57%)
4 ms. Memory: 331264K Free: 188962K (57%)
2 ms. Memory: 331264K Free: 187722K (57%)
2 ms. Memory: 331264K Free: 187722K (57%)
1 ms. Memory: 331264K Free: 186483K (56%)
2 ms. Memory: 331264K Free: 185259K (56%)
1 ms. Memory: 331264K Free: 185259K (56%)
5 ms. Memory: 331264K Free: 184027K (56%)
40 ms. Memory: 331264K Free: 184027K (56%)
----------------- Invoking toplevel() on ptolemy.moml.MoMLSimpleApplication@7a99dd9a
----------------- Done invoking toplevel() on ptolemy.moml.MoMLSimpleApplication@7a99dd9a
reloadAllAccessors: .ModelReference
----------------- testing Tue May 08 00:45:56 UTC 2018 /home/travis/build/icyphy/ptII/ptolemy/actor/lib/hoc/test/auto/ModelReference3.xml
----------------- Instantiating /home/travis/build/icyphy/ptII/ptolemy/actor/lib/hoc/test/auto/ModelReference3.xml
2 ms. Memory: 331264K Free: 177877K (54%)
5 ms. Memory: 331264K Free: 177877K (54%)
1 ms. Memory: 331264K Free: 176653K (53%)
3 ms. Memory: 331264K Free: 175413K (53%)
1 ms. Memory: 331264K Free: 175413K (53%)
1 ms. Memory: 331264K Free: 174173K (53%)
4 ms. Memory: 331264K Free: 172942K (52%)
1 ms. Memory: 331264K Free: 172942K (52%)
1 ms. Memory: 331264K Free: 171702K (52%)
1 ms. Memory: 331264K Free: 170462K (51%)
30 ms. Memory: 331264K Free: 170462K (51%)
----------------- Invoking toplevel() on ptolemy.moml.MoMLSimpleApplication@5a2ed978
----------------- Done invoking toplevel() on ptolemy.moml.MoMLSimpleApplication@5a2ed978
reloadAllAccessors: .ModelReference3
----------------- testing Tue May 08 00:45:56 UTC 2018 /home/travis/build/icyphy/ptII/ptolemy/actor/lib/hoc/test/auto/ModelReference4.xml
----------------- Instantiating /home/travis/build/icyphy/ptII/ptolemy/actor/lib/hoc/test/auto/ModelReference4.xml
3 ms. Memory: 331264K Free: 163490K (49%)
2 ms. Memory: 331264K Free: 162266K (49%)
2 ms. Memory: 331264K Free: 159803K (48%)
2 ms. Memory: 331264K Free: 158579K (48%)
3 ms. Memory: 331264K Free: 157355K (48%)
9 ms. Memory: 331264K Free: 156131K (47%)
2 ms. Memory: 331264K Free: 154908K (47%)
2 ms. Memory: 331264K Free: 153684K (46%)
1 ms. Memory: 331264K Free: 151221K (46%)
2 ms. Memory: 331264K Free: 149997K (45%)
10031 ms. Memory: 331264K Free: 149997K (45%)
----------------- Invoking toplevel() on ptolemy.moml.MoMLSimpleApplication@577a4071
----------------- Done invoking toplevel() on ptolemy.moml.MoMLSimpleApplication@577a4071
reloadAllAccessors: .ModelReference4
----------------- testing Tue May 08 00:46:06 UTC 2018 /home/travis/build/icyphy/ptII/ptolemy/actor/lib/hoc/test/auto/MultiInstanceComposite.xml
----------------- Instantiating /home/travis/build/icyphy/ptII/ptolemy/actor/lib/hoc/test/auto/MultiInstanceComposite.xml
30 ms. Memory: 331264K Free: 132761K (40%)
----------------- Invoking toplevel() on ptolemy.moml.MoMLSimpleApplication@2ba7ee77
----------------- Done invoking toplevel() on ptolemy.moml.MoMLSimpleApplication@2ba7ee77
reloadAllAccessors: .MultiInstanceComposite
----------------- testing Tue May 08 00:46:06 UTC 2018 /home/travis/build/icyphy/ptII/ptolemy/actor/lib/hoc/test/auto/MultiInstanceComposite2.xml
----------------- Instantiating /home/travis/build/icyphy/ptII/ptolemy/actor/lib/hoc/test/auto/MultiInstanceComposite2.xml
12 ms. Memory: 331264K Free: 118374K (36%)
----------------- Invoking toplevel() on ptolemy.moml.MoMLSimpleApplication@3c37ffbc
----------------- Done invoking toplevel() on ptolemy.moml.MoMLSimpleApplication@3c37ffbc
reloadAllAccessors: .MultiInstanceComposite2
----------------- testing Tue May 08 00:46:06 UTC 2018 /home/travis/build/icyphy/ptII/ptolemy/actor/lib/hoc/test/auto/MulticoreExecution.xml
----------------- Instantiating /home/travis/build/icyphy/ptII/ptolemy/actor/lib/hoc/test/auto/MulticoreExecution.xml
1017 ms. Memory: 331264K Free: 104857K (32%)
----------------- testing Tue May 08 00:46:07 UTC 2018 /home/travis/build/icyphy/ptII/ptolemy/actor/lib/hoc/test/auto/ParallelExecution.xml
----------------- Instantiating /home/travis/build/icyphy/ptII/ptolemy/actor/lib/hoc/test/auto/ParallelExecution.xml
917 ms. Memory: 331264K Free: 90518K (27%)
----------------- Invoking toplevel() on ptolemy.moml.MoMLSimpleApplication@2412b949
----------------- Done invoking toplevel() on ptolemy.moml.MoMLSimpleApplication@2412b949
reloadAllAccessors: .ParallelExecution
----------------- testing Tue May 08 00:46:08 UTC 2018 /home/travis/build/icyphy/ptII/ptolemy/actor/lib/hoc/test/auto/RunCompositeActor.xml
----------------- Instantiating /home/travis/build/icyphy/ptII/ptolemy/actor/lib/hoc/test/auto/RunCompositeActor.xml
7 ms. Memory: 331264K Free: 81920K (25%)
----------------- Invoking toplevel() on ptolemy.moml.MoMLSimpleApplication@4249f56b
----------------- Done invoking toplevel() on ptolemy.moml.MoMLSimpleApplication@4249f56b
reloadAllAccessors: .RunCompositeActor
----------------- testing Tue May 08 00:46:08 UTC 2018 /home/travis/build/icyphy/ptII/ptolemy/actor/lib/hoc/test/auto/RunCompositeActor2.xml
----------------- Instantiating /home/travis/build/icyphy/ptII/ptolemy/actor/lib/hoc/test/auto/RunCompositeActor2.xml
8 ms. Memory: 332288K Free: 317850K (96%)
----------------- Invoking toplevel() on ptolemy.moml.MoMLSimpleApplication@539794c9
----------------- Done invoking toplevel() on ptolemy.moml.MoMLSimpleApplication@539794c9
reloadAllAccessors: .RunCompositeActor2
----------------- testing Tue May 08 00:46:08 UTC 2018 /home/travis/build/icyphy/ptII/ptolemy/actor/lib/hoc/test/auto/RunCompositeActor3.xml
----------------- Instantiating /home/travis/build/icyphy/ptII/ptolemy/actor/lib/hoc/test/auto/RunCompositeActor3.xml
4 ms. Memory: 332288K Free: 311121K (94%)
----------------- Invoking toplevel() on ptolemy.moml.MoMLSimpleApplication@aeca0f3
----------------- Done invoking toplevel() on ptolemy.moml.MoMLSimpleApplication@aeca0f3
reloadAllAccessors: .RunCompositeActor3
----------------- testing Tue May 08 00:46:08 UTC 2018 /home/travis/build/icyphy/ptII/ptolemy/actor/lib/hoc/test/auto/RunCompositeActor4.xml
----------------- Instantiating /home/travis/build/icyphy/ptII/ptolemy/actor/lib/hoc/test/auto/RunCompositeActor4.xml
13 ms. Memory: 332288K Free: 300488K (90%)
----------------- Invoking toplevel() on ptolemy.moml.MoMLSimpleApplication@612bb453
----------------- Done invoking toplevel() on ptolemy.moml.MoMLSimpleApplication@612bb453
reloadAllAccessors: .RunCompositeActor4
----------------- testing Tue May 08 00:46:08 UTC 2018 /home/travis/build/icyphy/ptII/ptolemy/actor/lib/hoc/test/auto/RunCompositeIterateOverArray.xml
----------------- Instantiating /home/travis/build/icyphy/ptII/ptolemy/actor/lib/hoc/test/auto/RunCompositeIterateOverArray.xml
10 ms. Memory: 332288K Free: 294329K (89%)
----------------- Invoking toplevel() on ptolemy.moml.MoMLSimpleApplication@53cef786
----------------- Done invoking toplevel() on ptolemy.moml.MoMLSimpleApplication@53cef786
reloadAllAccessors: .RunCompositeIterateOverArray
----------------- testing Tue May 08 00:46:08 UTC 2018 /home/travis/build/icyphy/ptII/ptolemy/actor/lib/hoc/test/auto/ThreadedJS.xml
----------------- Instantiating /home/travis/build/icyphy/ptII/ptolemy/actor/lib/hoc/test/auto/ThreadedJS.xml
1857 ms. Memory: 538112K Free: 163707K (30%)
----------------- Invoking toplevel() on ptolemy.moml.MoMLSimpleApplication@289064e4
----------------- Done invoking toplevel() on ptolemy.moml.MoMLSimpleApplication@289064e4
reloadAllAccessors: .ThreadedJS
AutoTests.java: About to close Vertx.
AutoTests.java: Vertx closed.
]]></system-out>
  <system-err><![CDATA[java.lang.RuntimeException: Execution failed
	at ptolemy.moml.MoMLSimpleApplication$UnloadThread.run(MoMLSimpleApplication.java:402)
Caused by: ptolemy.kernel.util.IllegalActionException: initialize() was called after wrapup() was called but preinitialize() was not called after wrapup().
	at ptolemy.actor.lib.hoc.test.PreinitializeMustBeInvoked.initialize(PreinitializeMustBeInvoked.java:78)
	at ptolemy.actor.Director.initialize(Director.java:938)
	at ptolemy.actor.Director.initialize(Director.java:907)
	at ptolemy.actor.sched.StaticSchedulingDirector.initialize(StaticSchedulingDirector.java:159)
	at ptolemy.domains.sdf.kernel.SDFDirector.initialize(SDFDirector.java:544)
	at ptolemy.actor.CompositeActor.initialize(CompositeActor.java:935)
	at ptolemy.actor.lib.hoc.LifeCycleManager._executeInsideModel(LifeCycleManager.java:339)
	at ptolemy.actor.lib.hoc.RunCompositeActor.fire(RunCompositeActor.java:205)
	at ptolemy.actor.CompositeActor.iterate(CompositeActor.java:1146)
	at ptolemy.actor.sched.StaticSchedulingDirector.fire(StaticSchedulingDirector.java:216)
	at ptolemy.domains.sdf.kernel.SDFDirector.fire(SDFDirector.java:500)
	at ptolemy.actor.CompositeActor.fire(CompositeActor.java:455)
	at ptolemy.actor.Manager.iterate(Manager.java:851)
	at ptolemy.actor.Manager.execute(Manager.java:369)
	at ptolemy.actor.Manager.run(Manager.java:1263)
	at ptolemy.actor.Manager$PtolemyRunThread.run(Manager.java:1915)
java.lang.reflect.InvocationTargetException
	at sun.reflect.NativeConstructorAccessorImpl.newInstance0(Native Method)
	at sun.reflect.NativeConstructorAccessorImpl.newInstance(NativeConstructorAccessorImpl.java:62)
	at sun.reflect.DelegatingConstructorAccessorImpl.newInstance(DelegatingConstructorAccessorImpl.java:45)
	at java.lang.reflect.Constructor.newInstance(Constructor.java:423)
	at ptolemy.util.test.junit.AutoKnownFailedTests.RunModel(AutoKnownFailedTests.java:107)
	at sun.reflect.NativeMethodAccessorImpl.invoke0(Native Method)
	at sun.reflect.NativeMethodAccessorImpl.invoke(NativeMethodAccessorImpl.java:62)
	at sun.reflect.DelegatingMethodAccessorImpl.invoke(DelegatingMethodAccessorImpl.java:43)
	at java.lang.reflect.Method.invoke(Method.java:498)
	at org.junit.runners.model.FrameworkMethod$1.runReflectiveCall(FrameworkMethod.java:44)
	at org.junit.internal.runners.model.ReflectiveCallable.run(ReflectiveCallable.java:15)
	at org.junit.runners.model.FrameworkMethod.invokeExplosively(FrameworkMethod.java:41)
	at junitparams.internal.InvokeParameterisedMethod.evaluate(InvokeParameterisedMethod.java:102)
	at org.junit.internal.runners.statements.FailOnTimeout$1.run(FailOnTimeout.java:28)
Caused by: ptolemy.kernel.util.IllegalActionException: initialize() was called after wrapup() was called but preinitialize() was not called after wrapup().
	at ptolemy.actor.lib.hoc.test.PreinitializeMustBeInvoked.initialize(PreinitializeMustBeInvoked.java:78)
	at ptolemy.actor.Director.initialize(Director.java:938)
	at ptolemy.actor.Director.initialize(Director.java:907)
	at ptolemy.actor.sched.StaticSchedulingDirector.initialize(StaticSchedulingDirector.java:159)
	at ptolemy.domains.sdf.kernel.SDFDirector.initialize(SDFDirector.java:544)
	at ptolemy.actor.CompositeActor.initialize(CompositeActor.java:935)
	at ptolemy.actor.lib.hoc.LifeCycleManager._executeInsideModel(LifeCycleManager.java:339)
	at ptolemy.actor.lib.hoc.RunCompositeActor.fire(RunCompositeActor.java:205)
	at ptolemy.actor.CompositeActor.iterate(CompositeActor.java:1146)
	at ptolemy.actor.sched.StaticSchedulingDirector.fire(StaticSchedulingDirector.java:216)
	at ptolemy.domains.sdf.kernel.SDFDirector.fire(SDFDirector.java:500)
	at ptolemy.actor.CompositeActor.fire(CompositeActor.java:455)
	at ptolemy.actor.Manager.iterate(Manager.java:851)
	at ptolemy.actor.Manager.execute(Manager.java:369)
	at ptolemy.actor.Manager.run(Manager.java:1263)
	at ptolemy.actor.Manager$PtolemyRunThread.run(Manager.java:1915)
java.lang.RuntimeException: Execution failed
	at ptolemy.moml.MoMLSimpleApplication$UnloadThread.run(MoMLSimpleApplication.java:402)
Caused by: ptolemy.kernel.util.IllegalActionException: Inside thread was interrupted.
  in .MulticoreExecution.ThreadedComposite.ThreadedDirector
	at ptolemy.actor.lib.hoc.ThreadedComposite$ThreadedDirector.fire(ThreadedComposite.java:646)
	at ptolemy.actor.CompositeActor.fire(CompositeActor.java:455)
	at ptolemy.actor.sched.FixedPointDirector._fireActor(FixedPointDirector.java:768)
	at ptolemy.actor.sched.FixedPointDirector.fire(FixedPointDirector.java:244)
	at ptolemy.actor.CompositeActor.fire(CompositeActor.java:455)
	at ptolemy.actor.Manager.iterate(Manager.java:851)
	at ptolemy.actor.Manager.execute(Manager.java:369)
	at ptolemy.actor.Manager.run(Manager.java:1263)
	at ptolemy.actor.Manager$PtolemyRunThread.run(Manager.java:1915)
]]></system-err>
</testsuite>
