<?xml version="1.0" encoding="UTF-8" ?>
<testsuite errors="0" failures="0" hostname="travis-job-3af8182e-19b2-4196-9c84-082341036957" name="ptolemy.domains.de.test.junit.JUnitTclTest" skipped="0" tests="101" time="131.526" timestamp="2018-05-10T02:37:43">
  <properties>
[...]
</properties>
  <testcase classname="ptolemy.util.test.junit.TclTests" name="[0] /home/travis/build/icyphy/ptII/ptolemy/domains/de/test/DependencyLoop.tcl (RunTclFile)" time="0.78" />
  <testcase classname="ptolemy.util.test.junit.TclTests" name="[1] /home/travis/build/icyphy/ptII/ptolemy/domains/de/test/RunDETestsAsQSS.tcl (RunTclFile)" time="91.589" />
  <testcase classname="ptolemy.util.test.junit.AutoKnownFailedTests" name="[0] /home/travis/build/icyphy/ptII/ptolemy/domains/de/test/auto/knownFailedTests/DESDFClockTest.xml (RunModel)" time="2.028" />
  <testcase classname="ptolemy.util.test.junit.AutoKnownFailedTests" name="[1] /home/travis/build/icyphy/ptII/ptolemy/domains/de/test/auto/knownFailedTests/DirectFeedback.xml (RunModel)" time="0.015" />
  <testcase classname="ptolemy.util.test.junit.AutoKnownFailedTests" name="[2] /home/travis/build/icyphy/ptII/ptolemy/domains/de/test/auto/knownFailedTests/FSMSource.xml (RunModel)" time="0.011" />
  <testcase classname="ptolemy.util.test.junit.AutoKnownFailedTests" name="[3] /home/travis/build/icyphy/ptII/ptolemy/domains/de/test/auto/knownFailedTests/HierarchicalModel.xml (RunModel)" time="0.024" />
  <testcase classname="ptolemy.util.test.junit.AutoKnownFailedTests" name="[4] /home/travis/build/icyphy/ptII/ptolemy/domains/de/test/auto/knownFailedTests/dependencyLoop.xml (RunModel)" time="0.035" />
  <testcase classname="ptolemy.util.test.junit.AutoKnownFailedTests" name="[5] /home/travis/build/icyphy/ptII/ptolemy/domains/de/test/auto/knownFailedTests/dependencyLoop2.xml (RunModel)" time="0.027" />
  <testcase classname="ptolemy.util.test.junit.AutoNameArchTests" name="[0] ThereAreNoAutoTests (RunModel)" time="0.006" />
  <testcase classname="ptolemy.util.test.junit.AutoTests" name="[0] /home/travis/build/icyphy/ptII/ptolemy/domains/de/test/auto/ActorDepthCalculation_actorWithoutPorts.xml (RunModel)" time="0.009" />
  <testcase classname="ptolemy.util.test.junit.AutoTests" name="[1] /home/travis/build/icyphy/ptII/ptolemy/domains/de/test/auto/AssemblyLine.xml (RunModel)" time="0.013" />
  <testcase classname="ptolemy.util.test.junit.AutoTests" name="[2] /home/travis/build/icyphy/ptII/ptolemy/domains/de/test/auto/CQBug1.xml (RunModel)" time="0.01" />
  <testcase classname="ptolemy.util.test.junit.AutoTests" name="[3] /home/travis/build/icyphy/ptII/ptolemy/domains/de/test/auto/CancelFireAt.xml (RunModel)" time="0.004" />
  <testcase classname="ptolemy.util.test.junit.AutoTests" name="[4] /home/travis/build/icyphy/ptII/ptolemy/domains/de/test/auto/CausalityAndComposabilityAnalysis.xml (RunModel)" time="0.012" />
  <testcase classname="ptolemy.util.test.junit.AutoTests" name="[5] /home/travis/build/icyphy/ptII/ptolemy/domains/de/test/auto/CausalityInterface1.xml (RunModel)" time="0.009" />
  <testcase classname="ptolemy.util.test.junit.AutoTests" name="[6] /home/travis/build/icyphy/ptII/ptolemy/domains/de/test/auto/CausalityInterface15.xml (RunModel)" time="0.009" />
  <testcase classname="ptolemy.util.test.junit.AutoTests" name="[7] /home/travis/build/icyphy/ptII/ptolemy/domains/de/test/auto/CausalityInterface2.xml (RunModel)" time="0.007" />
  <testcase classname="ptolemy.util.test.junit.AutoTests" name="[8] /home/travis/build/icyphy/ptII/ptolemy/domains/de/test/auto/CausalityInterface3.xml (RunModel)" time="0.008" />
  <testcase classname="ptolemy.util.test.junit.AutoTests" name="[9] /home/travis/build/icyphy/ptII/ptolemy/domains/de/test/auto/ClockDrift.xml (RunModel)" time="0.023" />
  <testcase classname="ptolemy.util.test.junit.AutoTests" name="[10] /home/travis/build/icyphy/ptII/ptolemy/domains/de/test/auto/ClockDriftAndValueChange.xml (RunModel)" time="0.021" />
  <testcase classname="ptolemy.util.test.junit.AutoTests" name="[11] /home/travis/build/icyphy/ptII/ptolemy/domains/de/test/auto/ClockDriftChange.xml (RunModel)" time="0.018" />
  <testcase classname="ptolemy.util.test.junit.AutoTests" name="[12] /home/travis/build/icyphy/ptII/ptolemy/domains/de/test/auto/ComposableCausalityAnalysis.xml (RunModel)" time="0.013" />
  <testcase classname="ptolemy.util.test.junit.AutoTests" name="[13] /home/travis/build/icyphy/ptII/ptolemy/domains/de/test/auto/DEFixedPointLimitation.xml (RunModel)" time="0.006" />
  <testcase classname="ptolemy.util.test.junit.AutoTests" name="[14] /home/travis/build/icyphy/ptII/ptolemy/domains/de/test/auto/DEScheduleTest.xml (RunModel)" time="0.008" />
  <testcase classname="ptolemy.util.test.junit.AutoTests" name="[15] /home/travis/build/icyphy/ptII/ptolemy/domains/de/test/auto/DEinDEwithStartTimes.xml (RunModel)" time="0.009" />
  <testcase classname="ptolemy.util.test.junit.AutoTests" name="[16] /home/travis/build/icyphy/ptII/ptolemy/domains/de/test/auto/DEinDEwithStartTimes2.xml (RunModel)" time="0.009" />
  <testcase classname="ptolemy.util.test.junit.AutoTests" name="[17] /home/travis/build/icyphy/ptII/ptolemy/domains/de/test/auto/DateDemo.xml (RunModel)" time="0.019" />
  <testcase classname="ptolemy.util.test.junit.AutoTests" name="[18] /home/travis/build/icyphy/ptII/ptolemy/domains/de/test/auto/DateToEvent.xml (RunModel)" time="2.029" />
  <testcase classname="ptolemy.util.test.junit.AutoTests" name="[19] /home/travis/build/icyphy/ptII/ptolemy/domains/de/test/auto/DepthTest1.xml (RunModel)" time="0.01" />
  <testcase classname="ptolemy.util.test.junit.AutoTests" name="[20] /home/travis/build/icyphy/ptII/ptolemy/domains/de/test/auto/DepthTest2.xml (RunModel)" time="0.014" />
  <testcase classname="ptolemy.util.test.junit.AutoTests" name="[21] /home/travis/build/icyphy/ptII/ptolemy/domains/de/test/auto/DepthTest3.xml (RunModel)" time="0.005" />
  <testcase classname="ptolemy.util.test.junit.AutoTests" name="[22] /home/travis/build/icyphy/ptII/ptolemy/domains/de/test/auto/DepthTest4.xml (RunModel)" time="0.008" />
  <testcase classname="ptolemy.util.test.junit.AutoTests" name="[23] /home/travis/build/icyphy/ptII/ptolemy/domains/de/test/auto/DepthTest5.xml (RunModel)" time="0.009" />
  <testcase classname="ptolemy.util.test.junit.AutoTests" name="[24] /home/travis/build/icyphy/ptII/ptolemy/domains/de/test/auto/DepthTest6.xml (RunModel)" time="0.008" />
  <testcase classname="ptolemy.util.test.junit.AutoTests" name="[25] /home/travis/build/icyphy/ptII/ptolemy/domains/de/test/auto/DepthTest7.xml (RunModel)" time="0.007" />
  <testcase classname="ptolemy.util.test.junit.AutoTests" name="[26] /home/travis/build/icyphy/ptII/ptolemy/domains/de/test/auto/EventToDate.xml (RunModel)" time="3.022" />
  <testcase classname="ptolemy.util.test.junit.AutoTests" name="[27] /home/travis/build/icyphy/ptII/ptolemy/domains/de/test/auto/FSM1.xml (RunModel)" time="0.039" />
  <testcase classname="ptolemy.util.test.junit.AutoTests" name="[28] /home/travis/build/icyphy/ptII/ptolemy/domains/de/test/auto/FSM7.xml (RunModel)" time="0.02" />
  <testcase classname="ptolemy.util.test.junit.AutoTests" name="[29] /home/travis/build/icyphy/ptII/ptolemy/domains/de/test/auto/Inspection.xml (RunModel)" time="0.023" />
  <testcase classname="ptolemy.util.test.junit.AutoTests" name="[30] /home/travis/build/icyphy/ptII/ptolemy/domains/de/test/auto/Iteration.xml (RunModel)" time="0.012" />
  <testcase classname="ptolemy.util.test.junit.AutoTests" name="[31] /home/travis/build/icyphy/ptII/ptolemy/domains/de/test/auto/LineFault.xml (RunModel)" time="0.37" />
  <testcase classname="ptolemy.util.test.junit.AutoTests" name="[32] /home/travis/build/icyphy/ptII/ptolemy/domains/de/test/auto/MergeModel1Add.xml (RunModel)" time="0.024" />
  <testcase classname="ptolemy.util.test.junit.AutoTests" name="[33] /home/travis/build/icyphy/ptII/ptolemy/domains/de/test/auto/MergeModel2Add.xml (RunModel)" time="0.024" />
  <testcase classname="ptolemy.util.test.junit.AutoTests" name="[34] /home/travis/build/icyphy/ptII/ptolemy/domains/de/test/auto/MergeModel3Add.xml (RunModel)" time="0.035" />
  <testcase classname="ptolemy.util.test.junit.AutoTests" name="[35] /home/travis/build/icyphy/ptII/ptolemy/domains/de/test/auto/MergeWithoutDiscard.xml (RunModel)" time="0.007" />
  <testcase classname="ptolemy.util.test.junit.AutoTests" name="[36] /home/travis/build/icyphy/ptII/ptolemy/domains/de/test/auto/Modal1.xml (RunModel)" time="0.022" />
  <testcase classname="ptolemy.util.test.junit.AutoTests" name="[37] /home/travis/build/icyphy/ptII/ptolemy/domains/de/test/auto/Modal2.xml (RunModel)" time="0.022" />
  <testcase classname="ptolemy.util.test.junit.AutoTests" name="[38] /home/travis/build/icyphy/ptII/ptolemy/domains/de/test/auto/Modal3.xml (RunModel)" time="0.019" />
  <testcase classname="ptolemy.util.test.junit.AutoTests" name="[39] /home/travis/build/icyphy/ptII/ptolemy/domains/de/test/auto/Modal4.xml (RunModel)" time="0.021" />
  <testcase classname="ptolemy.util.test.junit.AutoTests" name="[40] /home/travis/build/icyphy/ptII/ptolemy/domains/de/test/auto/Modal5.xml (RunModel)" time="0.022" />
  <testcase classname="ptolemy.util.test.junit.AutoTests" name="[41] /home/travis/build/icyphy/ptII/ptolemy/domains/de/test/auto/Modal6.xml (RunModel)" time="0.026" />
  <testcase classname="ptolemy.util.test.junit.AutoTests" name="[42] /home/travis/build/icyphy/ptII/ptolemy/domains/de/test/auto/Modal7.xml (RunModel)" time="0.019" />
  <testcase classname="ptolemy.util.test.junit.AutoTests" name="[43] /home/travis/build/icyphy/ptII/ptolemy/domains/de/test/auto/ModalModel.xml (RunModel)" time="0.111" />
  <testcase classname="ptolemy.util.test.junit.AutoTests" name="[44] /home/travis/build/icyphy/ptII/ptolemy/domains/de/test/auto/ModalSource.xml (RunModel)" time="0.012" />
  <testcase classname="ptolemy.util.test.junit.AutoTests" name="[45] /home/travis/build/icyphy/ptII/ptolemy/domains/de/test/auto/NonInterruptibleTimerZeroDelay.xml (RunModel)" time="0.006" />
  <testcase classname="ptolemy.util.test.junit.AutoTests" name="[46] /home/travis/build/icyphy/ptII/ptolemy/domains/de/test/auto/OpenQueueingNetwork.xml (RunModel)" time="1.765" />
  <testcase classname="ptolemy.util.test.junit.AutoTests" name="[47] /home/travis/build/icyphy/ptII/ptolemy/domains/de/test/auto/OpenQueuingNetwork.xml (RunModel)" time="0.248" />
  <testcase classname="ptolemy.util.test.junit.AutoTests" name="[48] /home/travis/build/icyphy/ptII/ptolemy/domains/de/test/auto/PeriodicSampler.xml (RunModel)" time="0.01" />
  <testcase classname="ptolemy.util.test.junit.AutoTests" name="[49] /home/travis/build/icyphy/ptII/ptolemy/domains/de/test/auto/PersistentIO.xml (RunModel)" time="0.02" />
  <testcase classname="ptolemy.util.test.junit.AutoTests" name="[50] /home/travis/build/icyphy/ptII/ptolemy/domains/de/test/auto/PortParameterResetOnInitialize.xml (RunModel)" time="0.01" />
  <testcase classname="ptolemy.util.test.junit.AutoTests" name="[51] /home/travis/build/icyphy/ptII/ptolemy/domains/de/test/auto/PortParameterUpdates.xml (RunModel)" time="0.014" />
  <testcase classname="ptolemy.util.test.junit.AutoTests" name="[52] /home/travis/build/icyphy/ptII/ptolemy/domains/de/test/auto/QueueAndServer.xml (RunModel)" time="0.019" />
  <testcase classname="ptolemy.util.test.junit.AutoTests" name="[53] /home/travis/build/icyphy/ptII/ptolemy/domains/de/test/auto/Records.xml (RunModel)" time="0.016" />
  <testcase classname="ptolemy.util.test.junit.AutoTests" name="[54] /home/travis/build/icyphy/ptII/ptolemy/domains/de/test/auto/ResetTransitionWithStartTime1.xml (RunModel)" time="0.018" />
  <testcase classname="ptolemy.util.test.junit.AutoTests" name="[55] /home/travis/build/icyphy/ptII/ptolemy/domains/de/test/auto/ResetTransitionWithStartTime2.xml (RunModel)" time="0.02" />
  <testcase classname="ptolemy.util.test.junit.AutoTests" name="[56] /home/travis/build/icyphy/ptII/ptolemy/domains/de/test/auto/ResetTransitionWithStartTime3.xml (RunModel)" time="0.026" />
  <testcase classname="ptolemy.util.test.junit.AutoTests" name="[57] /home/travis/build/icyphy/ptII/ptolemy/domains/de/test/auto/ResetTransitionWithStartTime4.xml (RunModel)" time="0.017" />
  <testcase classname="ptolemy.util.test.junit.AutoTests" name="[58] /home/travis/build/icyphy/ptII/ptolemy/domains/de/test/auto/ResettableTimer1.xml (RunModel)" time="0.009" />
  <testcase classname="ptolemy.util.test.junit.AutoTests" name="[59] /home/travis/build/icyphy/ptII/ptolemy/domains/de/test/auto/ResettableTimer2.xml (RunModel)" time="0.008" />
  <testcase classname="ptolemy.util.test.junit.AutoTests" name="[60] /home/travis/build/icyphy/ptII/ptolemy/domains/de/test/auto/ResettableTimer3.xml (RunModel)" time="0.008" />
  <testcase classname="ptolemy.util.test.junit.AutoTests" name="[61] /home/travis/build/icyphy/ptII/ptolemy/domains/de/test/auto/ResettableTimer4.xml (RunModel)" time="0.013" />
  <testcase classname="ptolemy.util.test.junit.AutoTests" name="[62] /home/travis/build/icyphy/ptII/ptolemy/domains/de/test/auto/ResettableTimer5.xml (RunModel)" time="0.01" />
  <testcase classname="ptolemy.util.test.junit.AutoTests" name="[63] /home/travis/build/icyphy/ptII/ptolemy/domains/de/test/auto/ResettableTimer6.xml (RunModel)" time="0.02" />
  <testcase classname="ptolemy.util.test.junit.AutoTests" name="[64] /home/travis/build/icyphy/ptII/ptolemy/domains/de/test/auto/ServerZeroDelay.xml (RunModel)" time="0.011" />
  <testcase classname="ptolemy.util.test.junit.AutoTests" name="[65] /home/travis/build/icyphy/ptII/ptolemy/domains/de/test/auto/SmartSender.xml (RunModel)" time="3.02" />
  <testcase classname="ptolemy.util.test.junit.AutoTests" name="[66] /home/travis/build/icyphy/ptII/ptolemy/domains/de/test/auto/ThreadedComposite.xml (RunModel)" time="0.157" />
  <testcase classname="ptolemy.util.test.junit.AutoTests" name="[67] /home/travis/build/icyphy/ptII/ptolemy/domains/de/test/auto/Time.xml (RunModel)" time="0.455" />
  <testcase classname="ptolemy.util.test.junit.AutoTests" name="[68] /home/travis/build/icyphy/ptII/ptolemy/domains/de/test/auto/TimeDelayZeroDelay.xml (RunModel)" time="0.011" />
  <testcase classname="ptolemy.util.test.junit.AutoTests" name="[69] /home/travis/build/icyphy/ptII/ptolemy/domains/de/test/auto/TimerZeroDelay.xml (RunModel)" time="0.009" />
  <testcase classname="ptolemy.util.test.junit.AutoTests" name="[70] /home/travis/build/icyphy/ptII/ptolemy/domains/de/test/auto/TimingParadox.xml (RunModel)" time="0.366" />
  <testcase classname="ptolemy.util.test.junit.AutoTests" name="[71] /home/travis/build/icyphy/ptII/ptolemy/domains/de/test/auto/TransferInputs.xml (RunModel)" time="0.015" />
  <testcase classname="ptolemy.util.test.junit.AutoTests" name="[72] /home/travis/build/icyphy/ptII/ptolemy/domains/de/test/auto/TransferOutputs2.xml (RunModel)" time="0.015" />
  <testcase classname="ptolemy.util.test.junit.AutoTests" name="[73] /home/travis/build/icyphy/ptII/ptolemy/domains/de/test/auto/Trilateration.xml (RunModel)" time="11.667" />
  <testcase classname="ptolemy.util.test.junit.AutoTests" name="[74] /home/travis/build/icyphy/ptII/ptolemy/domains/de/test/auto/TwoSigmaDelta.xml (RunModel)" time="2.391" />
  <testcase classname="ptolemy.util.test.junit.AutoTests" name="[75] /home/travis/build/icyphy/ptII/ptolemy/domains/de/test/auto/VariableDelay.xml (RunModel)" time="0.01" />
  <testcase classname="ptolemy.util.test.junit.AutoTests" name="[76] /home/travis/build/icyphy/ptII/ptolemy/domains/de/test/auto/VariableDelay2.xml (RunModel)" time="0.008" />
  <testcase classname="ptolemy.util.test.junit.AutoTests" name="[77] /home/travis/build/icyphy/ptII/ptolemy/domains/de/test/auto/VariableDelayZeroDelay.xml (RunModel)" time="0.01" />
  <testcase classname="ptolemy.util.test.junit.AutoTests" name="[78] /home/travis/build/icyphy/ptII/ptolemy/domains/de/test/auto/VariableDelayZeroDelay2.xml (RunModel)" time="0.01" />
  <testcase classname="ptolemy.util.test.junit.AutoTests" name="[79] /home/travis/build/icyphy/ptII/ptolemy/domains/de/test/auto/deInCt.xml (RunModel)" time="0.027" />
  <testcase classname="ptolemy.util.test.junit.AutoTests" name="[80] /home/travis/build/icyphy/ptII/ptolemy/domains/de/test/auto/deInCt2.xml (RunModel)" time="0.017" />
  <testcase classname="ptolemy.util.test.junit.AutoTests" name="[81] /home/travis/build/icyphy/ptII/ptolemy/domains/de/test/auto/dynamicCausalityInterface1.xml (RunModel)" time="0.023" />
  <testcase classname="ptolemy.util.test.junit.AutoTests" name="[82] /home/travis/build/icyphy/ptII/ptolemy/domains/de/test/auto/fsm_de_test.xml (RunModel)" time="0.026" />
  <testcase classname="ptolemy.util.test.junit.AutoTests" name="[83] /home/travis/build/icyphy/ptII/ptolemy/domains/de/test/auto/functionDependencyReconstruction.xml (RunModel)" time="0.032" />
  <testcase classname="ptolemy.util.test.junit.AutoTests" name="[84] /home/travis/build/icyphy/ptII/ptolemy/domains/de/test/auto/multirate.xml (RunModel)" time="0.016" />
  <testcase classname="ptolemy.util.test.junit.AutoTests" name="[85] /home/travis/build/icyphy/ptII/ptolemy/domains/de/test/auto/multirate2.xml (RunModel)" time="0.014" />
  <testcase classname="ptolemy.util.test.junit.AutoTests" name="[86] /home/travis/build/icyphy/ptII/ptolemy/domains/de/test/auto/realtime.xml (RunModel)" time="10.012" />
  <testcase classname="ptolemy.util.test.junit.AutoTests" name="[87] /home/travis/build/icyphy/ptII/ptolemy/domains/de/test/auto/relationGroup.xml (RunModel)" time="0.007" />
  <testcase classname="ptolemy.util.test.junit.AutoTests" name="[88] /home/travis/build/icyphy/ptII/ptolemy/domains/de/test/auto/relationGroup2.xml (RunModel)" time="0.007" />
  <testcase classname="ptolemy.util.test.junit.AutoTests" name="[89] /home/travis/build/icyphy/ptII/ptolemy/domains/de/test/auto/sortWithOpaquePorts.xml (RunModel)" time="0.008" />
  <testcase classname="ptolemy.util.test.junit.AutoTests" name="[90] /home/travis/build/icyphy/ptII/ptolemy/domains/de/test/auto/transferInputsandOutputs.xml (RunModel)" time="0.012" />
  <testcase classname="ptolemy.util.test.junit.AutoTests" name="[91] /home/travis/build/icyphy/ptII/ptolemy/domains/de/test/auto/triggerType.xml (RunModel)" time="0.007" />
  <system-out><![CDATA[/home/travis/build/icyphy/ptII/ptolemy/domains/de/test/DependencyLoop.tcl
testDefs.tcl: setting time out to 9000 seconds at Thu May 10 02:37:43 UTC 2018
27 ms. Memory: 116224K Free: 95060K (82%)
14 ms. Memory: 116224K Free: 107624K (93%)
/home/travis/build/icyphy/ptII/ptolemy/domains/de/test/RunDETestsAsQSS.tcl
Run the DE tests using ptolemy.domains.qss.test.QSSDirectorTest, which extends QSSDirector and prints a message in the constructors.
------------------ testing $PTII/ptolemy/domains/de/test/auto/knownFailedTests/dependencyLoop.xml (Known Failure) 
7 ms. Memory: 116224K Free: 104468K (90%)


==== $PTIIhome/travis/build/icyphy/ptII/ptolemy/domains/de/test/../../../../: Auto Automatic test in file $PTII/ptolemy/domains/de/test/auto/knownFailedTests/dependencyLoop.xml
==== Contents of test case:

	    # FIXME: we should use $relativeFilename here, but it
	    # might have backslashes under Windows, which causes no end
	    # of trouble.
	    createAndExecute $file
	    list {}
	
.... Test generated KNOWN error:
    while executing
ptolemy.kernel.util.IllegalActionException: Found a zero delay loop containing .dependencyLoop.original
  in .dependencyLoop and .dependencyLoop.original
	at ptolemy.actor.util.CausalityInterfaceForComposites._computeOutputPortDepth(CausalityInterfaceForComposites.java:759)
	at ptolemy.actor.util.CausalityInterfaceForComposites._computeInputDepth(CausalityInterfaceForComposites.java:696)
	at ptolemy.actor.util.CausalityInterfaceForComposites._computeOutputPortDepth(CausalityInterfaceForComposites.java:765)
	at ptolemy.actor.util.CausalityInterfaceForComposites._computeInputDepth(CausalityInterfaceForComposites.java:696)
	at ptolemy.actor.util.CausalityInterfaceForComposites._computeOutputPortDepth(CausalityInterfaceForComposites.java:765)
	at ptolemy.actor.util.CausalityInterfaceForComposites._computeInputDepth(CausalityInterfaceForComposites.java:696)
	at ptolemy.actor.util.CausalityInterfaceForComposites._computeActorDepth(CausalityInterfaceForComposites.java:532)
	at ptolemy.actor.util.CausalityInterfaceForComposites.checkForCycles(CausalityInterfaceForComposites.java:96)
	at ptolemy.domains.de.kernel.DEDirector.preinitialize(DEDirector.java:1337)
	at ptolemy.actor.CompositeActor.preinitialize(CompositeActor.java:1828)
	at ptolemy.actor.Manager.preinitializeAndResolveTypes(Manager.java:1040)
	at ptolemy.actor.Manager.initialize(Manager.java:710)
	at ptolemy.actor.Manager.execute(Manager.java:356)
	at ptolemy.actor.Manager.run(Manager.java:1263)
	at ptolemy.actor.Manager$PtolemyRunThread.run(Manager.java:1915)

    while executing
ptolemy.kernel.util.IllegalActionException: Found a zero delay loop containing .dependencyLoop.original
  in .dependencyLoop and .dependencyLoop.original
    while executing
"java::new ptolemy.moml.MoMLSimpleApplication $file
"
    (procedure "createAndExecute" line 2)
    invoked from within
"createAndExecute $file"
    ("uplevel" body line 5)
    invoked from within
"uplevel $contents_of_test"
------------------ testing $PTII/ptolemy/domains/de/test/auto/knownFailedTests/DESDFClockTest.xml (Known Failure) 
2138 ms. Memory: 116224K Free: 88216K (76%)


==== $PTIIhome/travis/build/icyphy/ptII/ptolemy/domains/de/test/../../../../: Auto Automatic test in file $PTII/ptolemy/domains/de/test/auto/knownFailedTests/DESDFClockTest.xml
==== Contents of test case:

	    # FIXME: we should use $relativeFilename here, but it
	    # might have backslashes under Windows, which causes no end
	    # of trouble.
	    createAndExecute $file
	    list {}
	
.... Test generated KNOWN error:
    while executing
ptolemy.kernel.util.IllegalActionException: Actor is not ready to fire.  Perhaps UpSample.prefire() returned false? Try debugging the actor by selecting "Listen to Actor".  Also, for SDF check moml for tokenConsumptionRate on input.
  in .DESDFClockTest.Play Bell.Copy1:SDF Director and .DESDFClockTest.Play Bell.UpSample
	at ptolemy.actor.sched.StaticSchedulingDirector.fire(StaticSchedulingDirector.java:227)
	at ptolemy.domains.sdf.kernel.SDFDirector.fire(SDFDirector.java:500)
	at ptolemy.actor.CompositeActor.fire(CompositeActor.java:455)
	at ptolemy.domains.de.kernel.DEDirector._fire(DEDirector.java:1948)
	at ptolemy.domains.de.kernel.DEDirector.fire(DEDirector.java:502)
	at ptolemy.actor.CompositeActor.fire(CompositeActor.java:455)
	at ptolemy.actor.Manager.iterate(Manager.java:851)
	at ptolemy.actor.Manager.execute(Manager.java:369)
	at ptolemy.actor.Manager.run(Manager.java:1263)
	at ptolemy.actor.Manager$PtolemyRunThread.run(Manager.java:1915)

    while executing
ptolemy.kernel.util.IllegalActionException: Actor is not ready to fire.  Perhaps UpSample.prefire() returned false? Try debugging the actor by selecting "Listen to Actor".  Also, for SDF check moml for tokenConsumptionRate on input.
  in .DESDFClockTest.Play Bell.Copy1:SDF Director and .DESDFClockTest.Play Bell.UpSample
    while executing
"java::new ptolemy.moml.MoMLSimpleApplication $file
"
    (procedure "createAndExecute" line 2)
    invoked from within
"createAndExecute $file"
    ("uplevel" body line 5)
    invoked from within
"uplevel $contents_of_test"
------------------ testing $PTII/ptolemy/domains/de/test/auto/knownFailedTests/FSMSource.xml (Known Failure) 
43 ms. Memory: 116224K Free: 110361K (95%)
!!!! Auto was marked as failing, but now passes
------------------ testing $PTII/ptolemy/domains/de/test/auto/knownFailedTests/dependencyLoop2.xml (Known Failure) 
5 ms. Memory: 116224K Free: 92401K (80%)


==== $PTIIhome/travis/build/icyphy/ptII/ptolemy/domains/de/test/../../../../: Auto Automatic test in file $PTII/ptolemy/domains/de/test/auto/knownFailedTests/dependencyLoop2.xml
==== Contents of test case:

	    # FIXME: we should use $relativeFilename here, but it
	    # might have backslashes under Windows, which causes no end
	    # of trouble.
	    createAndExecute $file
	    list {}
	
.... Test generated KNOWN error:
    while executing
ptolemy.kernel.util.IllegalActionException: Found a zero delay loop containing .dependencyLoop2.original
  in .dependencyLoop2 and .dependencyLoop2.original
	at ptolemy.actor.util.CausalityInterfaceForComposites._computeOutputPortDepth(CausalityInterfaceForComposites.java:759)
	at ptolemy.actor.util.CausalityInterfaceForComposites._computeInputDepth(CausalityInterfaceForComposites.java:696)
	at ptolemy.actor.util.CausalityInterfaceForComposites._computeOutputPortDepth(CausalityInterfaceForComposites.java:765)
	at ptolemy.actor.util.CausalityInterfaceForComposites._computeInputDepth(CausalityInterfaceForComposites.java:696)
	at ptolemy.actor.util.CausalityInterfaceForComposites._computeOutputPortDepth(CausalityInterfaceForComposites.java:765)
	at ptolemy.actor.util.CausalityInterfaceForComposites._computeInputDepth(CausalityInterfaceForComposites.java:696)
	at ptolemy.actor.util.CausalityInterfaceForComposites._computeActorDepth(CausalityInterfaceForComposites.java:532)
	at ptolemy.actor.util.CausalityInterfaceForComposites.checkForCycles(CausalityInterfaceForComposites.java:96)
	at ptolemy.domains.de.kernel.DEDirector.preinitialize(DEDirector.java:1337)
	at ptolemy.actor.CompositeActor.preinitialize(CompositeActor.java:1828)
	at ptolemy.actor.Manager.preinitializeAndResolveTypes(Manager.java:1040)
	at ptolemy.actor.Manager.initialize(Manager.java:710)
	at ptolemy.actor.Manager.execute(Manager.java:356)
	at ptolemy.actor.Manager.run(Manager.java:1263)
	at ptolemy.actor.Manager$PtolemyRunThread.run(Manager.java:1915)

    while executing
ptolemy.kernel.util.IllegalActionException: Found a zero delay loop containing .dependencyLoop2.original
  in .dependencyLoop2 and .dependencyLoop2.original
    while executing
"java::new ptolemy.moml.MoMLSimpleApplication $file
"
    (procedure "createAndExecute" line 2)
    invoked from within
"createAndExecute $file"
    ("uplevel" body line 5)
    invoked from within
"uplevel $contents_of_test"
------------------ testing $PTII/ptolemy/domains/de/test/auto/knownFailedTests/HierarchicalModel.xml (Known Failure) 
6 ms. Memory: 146944K Free: 133580K (91%)


==== $PTIIhome/travis/build/icyphy/ptII/ptolemy/domains/de/test/../../../../: Auto Automatic test in file $PTII/ptolemy/domains/de/test/auto/knownFailedTests/HierarchicalModel.xml
==== Contents of test case:

	    # FIXME: we should use $relativeFilename here, but it
	    # might have backslashes under Windows, which causes no end
	    # of trouble.
	    createAndExecute $file
	    list {}
	
.... Test generated KNOWN error:
    while executing
ptolemy.kernel.util.IllegalActionException: Found a zero delay loop containing .HierarchicalModel.A
  in .HierarchicalModel and .HierarchicalModel.A
	at ptolemy.actor.util.CausalityInterfaceForComposites._computeOutputPortDepth(CausalityInterfaceForComposites.java:759)
	at ptolemy.actor.util.CausalityInterfaceForComposites._computeInputDepth(CausalityInterfaceForComposites.java:696)
	at ptolemy.actor.util.CausalityInterfaceForComposites._computeOutputPortDepth(CausalityInterfaceForComposites.java:765)
	at ptolemy.actor.util.CausalityInterfaceForComposites._computeInputDepth(CausalityInterfaceForComposites.java:696)
	at ptolemy.actor.util.CausalityInterfaceForComposites._computeOutputPortDepth(CausalityInterfaceForComposites.java:765)
	at ptolemy.actor.util.CausalityInterfaceForComposites._computeInputDepth(CausalityInterfaceForComposites.java:696)
	at ptolemy.actor.util.CausalityInterfaceForComposites._computeActorDepth(CausalityInterfaceForComposites.java:532)
	at ptolemy.actor.util.CausalityInterfaceForComposites.checkForCycles(CausalityInterfaceForComposites.java:96)
	at ptolemy.domains.de.kernel.DEDirector.preinitialize(DEDirector.java:1337)
	at ptolemy.actor.CompositeActor.preinitialize(CompositeActor.java:1828)
	at ptolemy.actor.Manager.preinitializeAndResolveTypes(Manager.java:1040)
	at ptolemy.actor.Manager.initialize(Manager.java:710)
	at ptolemy.actor.Manager.execute(Manager.java:356)
	at ptolemy.actor.Manager.run(Manager.java:1263)
	at ptolemy.actor.Manager$PtolemyRunThread.run(Manager.java:1915)

    while executing
ptolemy.kernel.util.IllegalActionException: Found a zero delay loop containing .HierarchicalModel.A
  in .HierarchicalModel and .HierarchicalModel.A
    while executing
"java::new ptolemy.moml.MoMLSimpleApplication $file
"
    (procedure "createAndExecute" line 2)
    invoked from within
"createAndExecute $file"
    ("uplevel" body line 5)
    invoked from within
"uplevel $contents_of_test"
------------------ testing $PTII/ptolemy/domains/de/test/auto/knownFailedTests/DirectFeedback.xml (Known Failure) 
11 ms. Memory: 146944K Free: 128797K (88%)


==== $PTIIhome/travis/build/icyphy/ptII/ptolemy/domains/de/test/../../../../: Auto Automatic test in file $PTII/ptolemy/domains/de/test/auto/knownFailedTests/DirectFeedback.xml
==== Contents of test case:

	    # FIXME: we should use $relativeFilename here, but it
	    # might have backslashes under Windows, which causes no end
	    # of trouble.
	    createAndExecute $file
	    list {}
	
.... Test generated KNOWN error:
    while executing
ptolemy.kernel.util.IllegalActionException: Test fails in iteration 1.
Value was: 1.0. Should have been: 2.0
  in .DirectFeedback.Test
	at ptolemy.actor.lib.Test.fire(Test.java:268)
	at ptolemy.domains.de.kernel.DEDirector._fire(DEDirector.java:1948)
	at ptolemy.domains.de.kernel.DEDirector.fire(DEDirector.java:502)
	at ptolemy.actor.CompositeActor.fire(CompositeActor.java:455)
	at ptolemy.actor.Manager.iterate(Manager.java:851)
	at ptolemy.actor.Manager.execute(Manager.java:369)
	at ptolemy.actor.Manager.run(Manager.java:1263)
	at ptolemy.actor.Manager$PtolemyRunThread.run(Manager.java:1915)

    while executing
ptolemy.kernel.util.IllegalActionException: Test fails in iteration 1.
Value was: 1.0. Should have been: 2.0
  in .DirectFeedback.Test
    while executing
"java::new ptolemy.moml.MoMLSimpleApplication $file
"
    (procedure "createAndExecute" line 2)
    invoked from within
"createAndExecute $file"
    ("uplevel" body line 5)
    invoked from within
"uplevel $contents_of_test"
------------------ testing $PTII/ptolemy/domains/de/test/auto/ActorDepthCalculation_actorWithoutPorts.xml
auto.tcl: Setting watchdog for 200 seconds at Thu May 10 02:37:47 UTC 2018
4 ms. Memory: 146944K Free: 120430K (82%)
ptolemy.util.test.WatchDog.cancel(): canceling Thu May 10 02:37:47 UTC 2018
auto.tcl: Setting watchdog for 200 seconds at Thu May 10 02:37:47 UTC 2018
4 ms. Memory: 146944K Free: 119382K (81%)
ptolemy.util.test.WatchDog.cancel(): canceling Thu May 10 02:37:47 UTC 2018
------------------ testing $PTII/ptolemy/domains/de/test/auto/AssemblyLine.xml
auto.tcl: Setting watchdog for 200 seconds at Thu May 10 02:37:47 UTC 2018
27 ms. Memory: 146944K Free: 129142K (88%)
ptolemy.util.test.WatchDog.cancel(): canceling Thu May 10 02:37:47 UTC 2018
auto.tcl: Setting watchdog for 200 seconds at Thu May 10 02:37:47 UTC 2018
10 ms. Memory: 146944K Free: 128091K (87%)
ptolemy.util.test.WatchDog.cancel(): canceling Thu May 10 02:37:47 UTC 2018
------------------ testing $PTII/ptolemy/domains/de/test/auto/CQBug1.xml
auto.tcl: Setting watchdog for 200 seconds at Thu May 10 02:37:48 UTC 2018
3 ms. Memory: 146944K Free: 138355K (94%)
ptolemy.util.test.WatchDog.cancel(): canceling Thu May 10 02:37:48 UTC 2018
auto.tcl: Setting watchdog for 200 seconds at Thu May 10 02:37:48 UTC 2018
2 ms. Memory: 146944K Free: 138355K (94%)
ptolemy.util.test.WatchDog.cancel(): canceling Thu May 10 02:37:48 UTC 2018
------------------ testing $PTII/ptolemy/domains/de/test/auto/CancelFireAt.xml
auto.tcl: Setting watchdog for 200 seconds at Thu May 10 02:37:48 UTC 2018
10 ms. Memory: 146944K Free: 140119K (95%)
ptolemy.util.test.WatchDog.cancel(): canceling Thu May 10 02:37:48 UTC 2018
auto.tcl: Setting watchdog for 200 seconds at Thu May 10 02:37:48 UTC 2018
2 ms. Memory: 146944K Free: 139068K (95%)
ptolemy.util.test.WatchDog.cancel(): canceling Thu May 10 02:37:48 UTC 2018
------------------ testing $PTII/ptolemy/domains/de/test/auto/CausalityAndComposabilityAnalysis.xml
auto.tcl: Setting watchdog for 200 seconds at Thu May 10 02:37:48 UTC 2018
14 ms. Memory: 146944K Free: 136769K (93%)
ptolemy.util.test.WatchDog.cancel(): canceling Thu May 10 02:37:48 UTC 2018
auto.tcl: Setting watchdog for 200 seconds at Thu May 10 02:37:48 UTC 2018
5 ms. Memory: 146944K Free: 136769K (93%)
ptolemy.util.test.WatchDog.cancel(): canceling Thu May 10 02:37:48 UTC 2018
------------------ testing $PTII/ptolemy/domains/de/test/auto/CausalityInterface1.xml
auto.tcl: Setting watchdog for 200 seconds at Thu May 10 02:37:48 UTC 2018
12 ms. Memory: 146944K Free: 136093K (93%)
ptolemy.util.test.WatchDog.cancel(): canceling Thu May 10 02:37:48 UTC 2018
auto.tcl: Setting watchdog for 200 seconds at Thu May 10 02:37:48 UTC 2018
5 ms. Memory: 146944K Free: 135042K (92%)
ptolemy.util.test.WatchDog.cancel(): canceling Thu May 10 02:37:48 UTC 2018
------------------ testing $PTII/ptolemy/domains/de/test/auto/CausalityInterface15.xml
auto.tcl: Setting watchdog for 200 seconds at Thu May 10 02:37:48 UTC 2018
5 ms. Memory: 146944K Free: 135033K (92%)
ptolemy.util.test.WatchDog.cancel(): canceling Thu May 10 02:37:48 UTC 2018
auto.tcl: Setting watchdog for 200 seconds at Thu May 10 02:37:48 UTC 2018
5 ms. Memory: 146944K Free: 135033K (92%)
ptolemy.util.test.WatchDog.cancel(): canceling Thu May 10 02:37:48 UTC 2018
------------------ testing $PTII/ptolemy/domains/de/test/auto/CausalityInterface2.xml
auto.tcl: Setting watchdog for 200 seconds at Thu May 10 02:37:48 UTC 2018
5 ms. Memory: 146944K Free: 136067K (93%)
ptolemy.util.test.WatchDog.cancel(): canceling Thu May 10 02:37:48 UTC 2018
auto.tcl: Setting watchdog for 200 seconds at Thu May 10 02:37:48 UTC 2018
6 ms. Memory: 146944K Free: 136067K (93%)
ptolemy.util.test.WatchDog.cancel(): canceling Thu May 10 02:37:48 UTC 2018
------------------ testing $PTII/ptolemy/domains/de/test/auto/CausalityInterface3.xml
auto.tcl: Setting watchdog for 200 seconds at Thu May 10 02:37:48 UTC 2018
6 ms. Memory: 146944K Free: 136080K (93%)
ptolemy.util.test.WatchDog.cancel(): canceling Thu May 10 02:37:48 UTC 2018
auto.tcl: Setting watchdog for 200 seconds at Thu May 10 02:37:48 UTC 2018
3 ms. Memory: 146944K Free: 135029K (92%)
ptolemy.util.test.WatchDog.cancel(): canceling Thu May 10 02:37:48 UTC 2018
------------------ testing $PTII/ptolemy/domains/de/test/auto/ClockDrift.xml
auto.tcl: Setting watchdog for 200 seconds at Thu May 10 02:37:48 UTC 2018
103 ms. Memory: 146944K Free: 127921K (87%)
ptolemy.util.test.WatchDog.cancel(): canceling Thu May 10 02:37:48 UTC 2018
auto.tcl: Setting watchdog for 200 seconds at Thu May 10 02:37:48 UTC 2018
51 ms. Memory: 146944K Free: 124769K (85%)
ptolemy.util.test.WatchDog.cancel(): canceling Thu May 10 02:37:48 UTC 2018
------------------ testing $PTII/ptolemy/domains/de/test/auto/ClockDriftAndValueChange.xml
auto.tcl: Setting watchdog for 200 seconds at Thu May 10 02:37:49 UTC 2018
54 ms. Memory: 146944K Free: 127756K (87%)
ptolemy.util.test.WatchDog.cancel(): canceling Thu May 10 02:37:49 UTC 2018
auto.tcl: Setting watchdog for 200 seconds at Thu May 10 02:37:49 UTC 2018
46 ms. Memory: 146944K Free: 124604K (85%)
ptolemy.util.test.WatchDog.cancel(): canceling Thu May 10 02:37:49 UTC 2018
------------------ testing $PTII/ptolemy/domains/de/test/auto/ClockDriftChange.xml
auto.tcl: Setting watchdog for 200 seconds at Thu May 10 02:37:49 UTC 2018
37 ms. Memory: 146944K Free: 130445K (89%)
ptolemy.util.test.WatchDog.cancel(): canceling Thu May 10 02:37:49 UTC 2018
auto.tcl: Setting watchdog for 200 seconds at Thu May 10 02:37:49 UTC 2018
17 ms. Memory: 146944K Free: 128344K (87%)
ptolemy.util.test.WatchDog.cancel(): canceling Thu May 10 02:37:49 UTC 2018
------------------ testing $PTII/ptolemy/domains/de/test/auto/ComposableCausalityAnalysis.xml
auto.tcl: Setting watchdog for 200 seconds at Thu May 10 02:37:49 UTC 2018
2 ms. Memory: 146944K Free: 134881K (92%)
ptolemy.util.test.WatchDog.cancel(): canceling Thu May 10 02:37:49 UTC 2018
auto.tcl: Setting watchdog for 200 seconds at Thu May 10 02:37:49 UTC 2018
2 ms. Memory: 146944K Free: 133830K (91%)
ptolemy.util.test.WatchDog.cancel(): canceling Thu May 10 02:37:49 UTC 2018
------------------ testing $PTII/ptolemy/domains/de/test/auto/DEFixedPointLimitation.xml
auto.tcl: Setting watchdog for 200 seconds at Thu May 10 02:37:49 UTC 2018
4 ms. Memory: 146944K Free: 136012K (93%)
ptolemy.util.test.WatchDog.cancel(): canceling Thu May 10 02:37:49 UTC 2018
auto.tcl: Setting watchdog for 200 seconds at Thu May 10 02:37:49 UTC 2018
1 ms. Memory: 146944K Free: 136012K (93%)
ptolemy.util.test.WatchDog.cancel(): canceling Thu May 10 02:37:49 UTC 2018
------------------ testing $PTII/ptolemy/domains/de/test/auto/DEScheduleTest.xml
auto.tcl: Setting watchdog for 200 seconds at Thu May 10 02:37:49 UTC 2018
7 ms. Memory: 146944K Free: 137098K (93%)
ptolemy.util.test.WatchDog.cancel(): canceling Thu May 10 02:37:49 UTC 2018
auto.tcl: Setting watchdog for 200 seconds at Thu May 10 02:37:49 UTC 2018
5 ms. Memory: 146944K Free: 136048K (93%)
ptolemy.util.test.WatchDog.cancel(): canceling Thu May 10 02:37:49 UTC 2018
------------------ testing $PTII/ptolemy/domains/de/test/auto/DEinDEwithStartTimes.xml
auto.tcl: Setting watchdog for 200 seconds at Thu May 10 02:37:49 UTC 2018
4 ms. Memory: 146944K Free: 136017K (93%)
ptolemy.util.test.WatchDog.cancel(): canceling Thu May 10 02:37:49 UTC 2018
auto.tcl: Setting watchdog for 200 seconds at Thu May 10 02:37:49 UTC 2018
4 ms. Memory: 146944K Free: 133916K (91%)
ptolemy.util.test.WatchDog.cancel(): canceling Thu May 10 02:37:49 UTC 2018
------------------ testing $PTII/ptolemy/domains/de/test/auto/DEinDEwithStartTimes2.xml
auto.tcl: Setting watchdog for 200 seconds at Thu May 10 02:37:49 UTC 2018
7 ms. Memory: 146944K Free: 134946K (92%)
ptolemy.util.test.WatchDog.cancel(): canceling Thu May 10 02:37:49 UTC 2018
auto.tcl: Setting watchdog for 200 seconds at Thu May 10 02:37:49 UTC 2018
3 ms. Memory: 146944K Free: 133895K (91%)
ptolemy.util.test.WatchDog.cancel(): canceling Thu May 10 02:37:49 UTC 2018
------------------ testing $PTII/ptolemy/domains/de/test/auto/DateDemo.xml
auto.tcl: Setting watchdog for 200 seconds at Thu May 10 02:37:49 UTC 2018
14 ms. Memory: 146944K Free: 128997K (88%)
ptolemy.util.test.WatchDog.cancel(): canceling Thu May 10 02:37:49 UTC 2018
auto.tcl: Setting watchdog for 200 seconds at Thu May 10 02:37:49 UTC 2018
7 ms. Memory: 146944K Free: 126896K (86%)
ptolemy.util.test.WatchDog.cancel(): canceling Thu May 10 02:37:49 UTC 2018
------------------ testing $PTII/ptolemy/domains/de/test/auto/DateToEvent.xml
auto.tcl: Setting watchdog for 200 seconds at Thu May 10 02:37:49 UTC 2018
2010 ms. Memory: 146944K Free: 123154K (84%)
ptolemy.util.test.WatchDog.cancel(): canceling Thu May 10 02:37:52 UTC 2018
auto.tcl: Setting watchdog for 200 seconds at Thu May 10 02:37:52 UTC 2018
2004 ms. Memory: 146944K Free: 120874K (82%)
ptolemy.util.test.WatchDog.cancel(): canceling Thu May 10 02:37:54 UTC 2018
------------------ testing $PTII/ptolemy/domains/de/test/auto/DepthTest1.xml
auto.tcl: Setting watchdog for 200 seconds at Thu May 10 02:37:54 UTC 2018
4 ms. Memory: 146944K Free: 138275K (94%)
ptolemy.util.test.WatchDog.cancel(): canceling Thu May 10 02:37:54 UTC 2018
auto.tcl: Setting watchdog for 200 seconds at Thu May 10 02:37:54 UTC 2018
5 ms. Memory: 146944K Free: 138275K (94%)
ptolemy.util.test.WatchDog.cancel(): canceling Thu May 10 02:37:54 UTC 2018
------------------ testing $PTII/ptolemy/domains/de/test/auto/DepthTest2.xml
auto.tcl: Setting watchdog for 200 seconds at Thu May 10 02:37:54 UTC 2018
9 ms. Memory: 146944K Free: 133998K (91%)
ptolemy.util.test.WatchDog.cancel(): canceling Thu May 10 02:37:54 UTC 2018
auto.tcl: Setting watchdog for 200 seconds at Thu May 10 02:37:54 UTC 2018
4 ms. Memory: 146944K Free: 133998K (91%)
ptolemy.util.test.WatchDog.cancel(): canceling Thu May 10 02:37:54 UTC 2018
------------------ testing $PTII/ptolemy/domains/de/test/auto/DepthTest3.xml
auto.tcl: Setting watchdog for 200 seconds at Thu May 10 02:37:54 UTC 2018
2 ms. Memory: 146944K Free: 138713K (94%)
ptolemy.util.test.WatchDog.cancel(): canceling Thu May 10 02:37:54 UTC 2018
auto.tcl: Setting watchdog for 200 seconds at Thu May 10 02:37:54 UTC 2018
2 ms. Memory: 146944K Free: 137662K (94%)
ptolemy.util.test.WatchDog.cancel(): canceling Thu May 10 02:37:54 UTC 2018
------------------ testing $PTII/ptolemy/domains/de/test/auto/DepthTest4.xml
auto.tcl: Setting watchdog for 200 seconds at Thu May 10 02:37:54 UTC 2018
7 ms. Memory: 146944K Free: 135975K (93%)
ptolemy.util.test.WatchDog.cancel(): canceling Thu May 10 02:37:54 UTC 2018
auto.tcl: Setting watchdog for 200 seconds at Thu May 10 02:37:54 UTC 2018
2 ms. Memory: 146944K Free: 134924K (92%)
ptolemy.util.test.WatchDog.cancel(): canceling Thu May 10 02:37:54 UTC 2018
------------------ testing $PTII/ptolemy/domains/de/test/auto/DepthTest5.xml
auto.tcl: Setting watchdog for 200 seconds at Thu May 10 02:37:54 UTC 2018
7 ms. Memory: 146944K Free: 134871K (92%)
ptolemy.util.test.WatchDog.cancel(): canceling Thu May 10 02:37:54 UTC 2018
auto.tcl: Setting watchdog for 200 seconds at Thu May 10 02:37:54 UTC 2018
2 ms. Memory: 146944K Free: 134871K (92%)
ptolemy.util.test.WatchDog.cancel(): canceling Thu May 10 02:37:54 UTC 2018
------------------ testing $PTII/ptolemy/domains/de/test/auto/DepthTest6.xml
auto.tcl: Setting watchdog for 200 seconds at Thu May 10 02:37:54 UTC 2018
3 ms. Memory: 146944K Free: 134940K (92%)
ptolemy.util.test.WatchDog.cancel(): canceling Thu May 10 02:37:54 UTC 2018
auto.tcl: Setting watchdog for 200 seconds at Thu May 10 02:37:54 UTC 2018
2 ms. Memory: 146944K Free: 134940K (92%)
ptolemy.util.test.WatchDog.cancel(): canceling Thu May 10 02:37:54 UTC 2018
------------------ testing $PTII/ptolemy/domains/de/test/auto/DepthTest7.xml
auto.tcl: Setting watchdog for 200 seconds at Thu May 10 02:37:54 UTC 2018
3 ms. Memory: 146944K Free: 135887K (92%)
ptolemy.util.test.WatchDog.cancel(): canceling Thu May 10 02:37:54 UTC 2018
auto.tcl: Setting watchdog for 200 seconds at Thu May 10 02:37:54 UTC 2018
2 ms. Memory: 146944K Free: 134837K (92%)
ptolemy.util.test.WatchDog.cancel(): canceling Thu May 10 02:37:54 UTC 2018
------------------ testing $PTII/ptolemy/domains/de/test/auto/EventToDate.xml
auto.tcl: Setting watchdog for 200 seconds at Thu May 10 02:37:54 UTC 2018
3005 ms. Memory: 146944K Free: 125410K (85%)
ptolemy.util.test.WatchDog.cancel(): canceling Thu May 10 02:37:57 UTC 2018
auto.tcl: Setting watchdog for 200 seconds at Thu May 10 02:37:57 UTC 2018
3004 ms. Memory: 146944K Free: 125410K (85%)
ptolemy.util.test.WatchDog.cancel(): canceling Thu May 10 02:38:00 UTC 2018
------------------ testing $PTII/ptolemy/domains/de/test/auto/FSM1.xml
auto.tcl: Setting watchdog for 200 seconds at Thu May 10 02:38:00 UTC 2018
29 ms. Memory: 146944K Free: 127830K (87%)
ptolemy.util.test.WatchDog.cancel(): canceling Thu May 10 02:38:00 UTC 2018
auto.tcl: Setting watchdog for 200 seconds at Thu May 10 02:38:00 UTC 2018
22 ms. Memory: 146944K Free: 124678K (85%)
ptolemy.util.test.WatchDog.cancel(): canceling Thu May 10 02:38:00 UTC 2018
------------------ testing $PTII/ptolemy/domains/de/test/auto/FSM7.xml
auto.tcl: Setting watchdog for 200 seconds at Thu May 10 02:38:00 UTC 2018
17 ms. Memory: 146944K Free: 127015K (86%)
ptolemy.util.test.WatchDog.cancel(): canceling Thu May 10 02:38:00 UTC 2018
auto.tcl: Setting watchdog for 200 seconds at Thu May 10 02:38:00 UTC 2018
23 ms. Memory: 146944K Free: 123864K (84%)
ptolemy.util.test.WatchDog.cancel(): canceling Thu May 10 02:38:00 UTC 2018
------------------ testing $PTII/ptolemy/domains/de/test/auto/Inspection.xml
auto.tcl: Setting watchdog for 200 seconds at Thu May 10 02:38:00 UTC 2018
28 ms. Memory: 146944K Free: 127826K (87%)
ptolemy.util.test.WatchDog.cancel(): canceling Thu May 10 02:38:01 UTC 2018
auto.tcl: Setting watchdog for 200 seconds at Thu May 10 02:38:01 UTC 2018
37 ms. Memory: 146944K Free: 125725K (86%)
ptolemy.util.test.WatchDog.cancel(): canceling Thu May 10 02:38:01 UTC 2018
------------------ testing $PTII/ptolemy/domains/de/test/auto/Iteration.xml
auto.tcl: Setting watchdog for 200 seconds at Thu May 10 02:38:01 UTC 2018
10 ms. Memory: 146944K Free: 133711K (91%)
ptolemy.util.test.WatchDog.cancel(): canceling Thu May 10 02:38:01 UTC 2018
auto.tcl: Setting watchdog for 200 seconds at Thu May 10 02:38:01 UTC 2018
6 ms. Memory: 146944K Free: 132551K (90%)
ptolemy.util.test.WatchDog.cancel(): canceling Thu May 10 02:38:01 UTC 2018
------------------ testing $PTII/ptolemy/domains/de/test/auto/LineFault.xml
auto.tcl: Setting watchdog for 200 seconds at Thu May 10 02:38:01 UTC 2018
709 ms. Memory: 146944K Free: 137036K (93%)
ptolemy.util.test.WatchDog.cancel(): canceling Thu May 10 02:38:02 UTC 2018
auto.tcl: Setting watchdog for 200 seconds at Thu May 10 02:38:02 UTC 2018
692 ms. Memory: 146944K Free: 81020K (55%)
ptolemy.util.test.WatchDog.cancel(): canceling Thu May 10 02:38:02 UTC 2018
------------------ testing $PTII/ptolemy/domains/de/test/auto/MergeModel1Add.xml
auto.tcl: Setting watchdog for 200 seconds at Thu May 10 02:38:02 UTC 2018
28 ms. Memory: 209920K Free: 180474K (86%)
ptolemy.util.test.WatchDog.cancel(): canceling Thu May 10 02:38:03 UTC 2018
auto.tcl: Setting watchdog for 200 seconds at Thu May 10 02:38:03 UTC 2018
10 ms. Memory: 209920K Free: 178593K (85%)
ptolemy.util.test.WatchDog.cancel(): canceling Thu May 10 02:38:03 UTC 2018
------------------ testing $PTII/ptolemy/domains/de/test/auto/MergeModel2Add.xml
auto.tcl: Setting watchdog for 200 seconds at Thu May 10 02:38:03 UTC 2018
11 ms. Memory: 210432K Free: 182307K (87%)
ptolemy.util.test.WatchDog.cancel(): canceling Thu May 10 02:38:03 UTC 2018
auto.tcl: Setting watchdog for 200 seconds at Thu May 10 02:38:03 UTC 2018
9 ms. Memory: 210432K Free: 180427K (86%)
ptolemy.util.test.WatchDog.cancel(): canceling Thu May 10 02:38:03 UTC 2018
------------------ testing $PTII/ptolemy/domains/de/test/auto/MergeModel3Add.xml
auto.tcl: Setting watchdog for 200 seconds at Thu May 10 02:38:03 UTC 2018
8 ms. Memory: 209920K Free: 183631K (87%)
ptolemy.util.test.WatchDog.cancel(): canceling Thu May 10 02:38:03 UTC 2018
auto.tcl: Setting watchdog for 200 seconds at Thu May 10 02:38:03 UTC 2018
9 ms. Memory: 209920K Free: 181743K (87%)
ptolemy.util.test.WatchDog.cancel(): canceling Thu May 10 02:38:03 UTC 2018
------------------ testing $PTII/ptolemy/domains/de/test/auto/MergeWithoutDiscard.xml
auto.tcl: Setting watchdog for 200 seconds at Thu May 10 02:38:03 UTC 2018
3 ms. Memory: 210432K Free: 198690K (94%)
ptolemy.util.test.WatchDog.cancel(): canceling Thu May 10 02:38:03 UTC 2018
auto.tcl: Setting watchdog for 200 seconds at Thu May 10 02:38:03 UTC 2018
1 ms. Memory: 210432K Free: 198628K (94%)
ptolemy.util.test.WatchDog.cancel(): canceling Thu May 10 02:38:03 UTC 2018
------------------ testing $PTII/ptolemy/domains/de/test/auto/Modal1.xml
auto.tcl: Setting watchdog for 200 seconds at Thu May 10 02:38:03 UTC 2018
15 ms. Memory: 210432K Free: 190738K (91%)
ptolemy.util.test.WatchDog.cancel(): canceling Thu May 10 02:38:03 UTC 2018
auto.tcl: Setting watchdog for 200 seconds at Thu May 10 02:38:03 UTC 2018
28 ms. Memory: 210432K Free: 186962K (89%)
ptolemy.util.test.WatchDog.cancel(): canceling Thu May 10 02:38:03 UTC 2018
------------------ testing $PTII/ptolemy/domains/de/test/auto/Modal2.xml
auto.tcl: Setting watchdog for 200 seconds at Thu May 10 02:38:03 UTC 2018
18 ms. Memory: 210432K Free: 190612K (91%)
ptolemy.util.test.WatchDog.cancel(): canceling Thu May 10 02:38:03 UTC 2018
auto.tcl: Setting watchdog for 200 seconds at Thu May 10 02:38:03 UTC 2018
18 ms. Memory: 210432K Free: 186835K (89%)
ptolemy.util.test.WatchDog.cancel(): canceling Thu May 10 02:38:03 UTC 2018
------------------ testing $PTII/ptolemy/domains/de/test/auto/Modal3.xml
auto.tcl: Setting watchdog for 200 seconds at Thu May 10 02:38:03 UTC 2018
17 ms. Memory: 210432K Free: 190672K (91%)
ptolemy.util.test.WatchDog.cancel(): canceling Thu May 10 02:38:03 UTC 2018
auto.tcl: Setting watchdog for 200 seconds at Thu May 10 02:38:03 UTC 2018
15 ms. Memory: 210432K Free: 186833K (89%)
ptolemy.util.test.WatchDog.cancel(): canceling Thu May 10 02:38:03 UTC 2018
------------------ testing $PTII/ptolemy/domains/de/test/auto/Modal4.xml
auto.tcl: Setting watchdog for 200 seconds at Thu May 10 02:38:03 UTC 2018
22 ms. Memory: 208384K Free: 188558K (90%)
ptolemy.util.test.WatchDog.cancel(): canceling Thu May 10 02:38:03 UTC 2018
auto.tcl: Setting watchdog for 200 seconds at Thu May 10 02:38:03 UTC 2018
19 ms. Memory: 208384K Free: 184782K (89%)
ptolemy.util.test.WatchDog.cancel(): canceling Thu May 10 02:38:03 UTC 2018
------------------ testing $PTII/ptolemy/domains/de/test/auto/Modal5.xml
auto.tcl: Setting watchdog for 200 seconds at Thu May 10 02:38:04 UTC 2018
18 ms. Memory: 209920K Free: 190143K (91%)
ptolemy.util.test.WatchDog.cancel(): canceling Thu May 10 02:38:04 UTC 2018
auto.tcl: Setting watchdog for 200 seconds at Thu May 10 02:38:04 UTC 2018
13 ms. Memory: 209920K Free: 186367K (89%)
ptolemy.util.test.WatchDog.cancel(): canceling Thu May 10 02:38:04 UTC 2018
------------------ testing $PTII/ptolemy/domains/de/test/auto/Modal6.xml
auto.tcl: Setting watchdog for 200 seconds at Thu May 10 02:38:04 UTC 2018
11 ms. Memory: 209920K Free: 190141K (91%)
ptolemy.util.test.WatchDog.cancel(): canceling Thu May 10 02:38:04 UTC 2018
auto.tcl: Setting watchdog for 200 seconds at Thu May 10 02:38:04 UTC 2018
14 ms. Memory: 209920K Free: 186365K (89%)
ptolemy.util.test.WatchDog.cancel(): canceling Thu May 10 02:38:04 UTC 2018
------------------ testing $PTII/ptolemy/domains/de/test/auto/Modal7.xml
auto.tcl: Setting watchdog for 200 seconds at Thu May 10 02:38:04 UTC 2018
10 ms. Memory: 209920K Free: 188192K (90%)
ptolemy.util.test.WatchDog.cancel(): canceling Thu May 10 02:38:04 UTC 2018
auto.tcl: Setting watchdog for 200 seconds at Thu May 10 02:38:04 UTC 2018
10 ms. Memory: 209920K Free: 186304K (89%)
ptolemy.util.test.WatchDog.cancel(): canceling Thu May 10 02:38:04 UTC 2018
------------------ testing $PTII/ptolemy/domains/de/test/auto/ModalModel.xml
auto.tcl: Setting watchdog for 200 seconds at Thu May 10 02:38:04 UTC 2018
230 ms. Memory: 209920K Free: 129802K (62%)
ptolemy.util.test.WatchDog.cancel(): canceling Thu May 10 02:38:04 UTC 2018
auto.tcl: Setting watchdog for 200 seconds at Thu May 10 02:38:04 UTC 2018
219 ms. Memory: 209920K Free: 197382K (94%)
ptolemy.util.test.WatchDog.cancel(): canceling Thu May 10 02:38:04 UTC 2018
------------------ testing $PTII/ptolemy/domains/de/test/auto/ModalSource.xml
auto.tcl: Setting watchdog for 200 seconds at Thu May 10 02:38:04 UTC 2018
6 ms. Memory: 209920K Free: 195131K (93%)
ptolemy.util.test.WatchDog.cancel(): canceling Thu May 10 02:38:04 UTC 2018
auto.tcl: Setting watchdog for 200 seconds at Thu May 10 02:38:04 UTC 2018
7 ms. Memory: 209920K Free: 193399K (92%)
ptolemy.util.test.WatchDog.cancel(): canceling Thu May 10 02:38:04 UTC 2018
------------------ testing $PTII/ptolemy/domains/de/test/auto/NonInterruptibleTimerZeroDelay.xml
auto.tcl: Setting watchdog for 200 seconds at Thu May 10 02:38:04 UTC 2018
3 ms. Memory: 336896K Free: 326324K (97%)
ptolemy.util.test.WatchDog.cancel(): canceling Thu May 10 02:38:05 UTC 2018
auto.tcl: Setting watchdog for 200 seconds at Thu May 10 02:38:05 UTC 2018
3 ms. Memory: 336896K Free: 322844K (96%)
ptolemy.util.test.WatchDog.cancel(): canceling Thu May 10 02:38:05 UTC 2018
------------------ testing $PTII/ptolemy/domains/de/test/auto/OpenQueueingNetwork.xml
auto.tcl: Setting watchdog for 200 seconds at Thu May 10 02:38:05 UTC 2018
3291 ms. Memory: 336384K Free: 196265K (58%)
ptolemy.util.test.WatchDog.cancel(): canceling Thu May 10 02:38:08 UTC 2018
auto.tcl: Setting watchdog for 200 seconds at Thu May 10 02:38:08 UTC 2018
2726 ms. Memory: 314880K Free: 101145K (32%)
ptolemy.util.test.WatchDog.cancel(): canceling Thu May 10 02:38:11 UTC 2018
------------------ testing $PTII/ptolemy/domains/de/test/auto/OpenQueuingNetwork.xml
auto.tcl: Setting watchdog for 200 seconds at Thu May 10 02:38:11 UTC 2018
274 ms. Memory: 313344K Free: 217994K (70%)
ptolemy.util.test.WatchDog.cancel(): canceling Thu May 10 02:38:11 UTC 2018
auto.tcl: Setting watchdog for 200 seconds at Thu May 10 02:38:11 UTC 2018
246 ms. Memory: 313344K Free: 156975K (50%)
ptolemy.util.test.WatchDog.cancel(): canceling Thu May 10 02:38:11 UTC 2018
------------------ testing $PTII/ptolemy/domains/de/test/auto/PeriodicSampler.xml
auto.tcl: Setting watchdog for 200 seconds at Thu May 10 02:38:11 UTC 2018
4 ms. Memory: 314880K Free: 304115K (97%)
ptolemy.util.test.WatchDog.cancel(): canceling Thu May 10 02:38:11 UTC 2018
auto.tcl: Setting watchdog for 200 seconds at Thu May 10 02:38:11 UTC 2018
2 ms. Memory: 314880K Free: 300835K (96%)
ptolemy.util.test.WatchDog.cancel(): canceling Thu May 10 02:38:11 UTC 2018
------------------ testing $PTII/ptolemy/domains/de/test/auto/PersistentIO.xml
auto.tcl: Setting watchdog for 200 seconds at Thu May 10 02:38:12 UTC 2018
10 ms. Memory: 313344K Free: 296633K (95%)
ptolemy.util.test.WatchDog.cancel(): canceling Thu May 10 02:38:12 UTC 2018
auto.tcl: Setting watchdog for 200 seconds at Thu May 10 02:38:12 UTC 2018
4 ms. Memory: 313344K Free: 293369K (94%)
ptolemy.util.test.WatchDog.cancel(): canceling Thu May 10 02:38:12 UTC 2018
------------------ testing $PTII/ptolemy/domains/de/test/auto/PortParameterResetOnInitialize.xml
auto.tcl: Setting watchdog for 200 seconds at Thu May 10 02:38:12 UTC 2018
2 ms. Memory: 314880K Free: 301296K (96%)
ptolemy.util.test.WatchDog.cancel(): canceling Thu May 10 02:38:12 UTC 2018
auto.tcl: Setting watchdog for 200 seconds at Thu May 10 02:38:12 UTC 2018
1 ms. Memory: 314880K Free: 301296K (96%)
ptolemy.util.test.WatchDog.cancel(): canceling Thu May 10 02:38:12 UTC 2018
------------------ testing $PTII/ptolemy/domains/de/test/auto/PortParameterUpdates.xml
auto.tcl: Setting watchdog for 200 seconds at Thu May 10 02:38:12 UTC 2018
3 ms. Memory: 313344K Free: 297589K (95%)
ptolemy.util.test.WatchDog.cancel(): canceling Thu May 10 02:38:12 UTC 2018
auto.tcl: Setting watchdog for 200 seconds at Thu May 10 02:38:12 UTC 2018
4 ms. Memory: 313344K Free: 294309K (94%)
ptolemy.util.test.WatchDog.cancel(): canceling Thu May 10 02:38:12 UTC 2018
------------------ testing $PTII/ptolemy/domains/de/test/auto/QueueAndServer.xml
auto.tcl: Setting watchdog for 200 seconds at Thu May 10 02:38:12 UTC 2018
17 ms. Memory: 314368K Free: 298547K (95%)
ptolemy.util.test.WatchDog.cancel(): canceling Thu May 10 02:38:12 UTC 2018
auto.tcl: Setting watchdog for 200 seconds at Thu May 10 02:38:12 UTC 2018
6 ms. Memory: 314368K Free: 295282K (94%)
ptolemy.util.test.WatchDog.cancel(): canceling Thu May 10 02:38:12 UTC 2018
------------------ testing $PTII/ptolemy/domains/de/test/auto/Records.xml
auto.tcl: Setting watchdog for 200 seconds at Thu May 10 02:38:12 UTC 2018
13 ms. Memory: 313344K Free: 297463K (95%)
ptolemy.util.test.WatchDog.cancel(): canceling Thu May 10 02:38:12 UTC 2018
auto.tcl: Setting watchdog for 200 seconds at Thu May 10 02:38:12 UTC 2018
2 ms. Memory: 313344K Free: 297463K (95%)
ptolemy.util.test.WatchDog.cancel(): canceling Thu May 10 02:38:12 UTC 2018
------------------ testing $PTII/ptolemy/domains/de/test/auto/ResetTransitionWithStartTime1.xml
auto.tcl: Setting watchdog for 200 seconds at Thu May 10 02:38:12 UTC 2018
14 ms. Memory: 314368K Free: 297533K (95%)
ptolemy.util.test.WatchDog.cancel(): canceling Thu May 10 02:38:12 UTC 2018
auto.tcl: Setting watchdog for 200 seconds at Thu May 10 02:38:12 UTC 2018
9 ms. Memory: 314368K Free: 297533K (95%)
ptolemy.util.test.WatchDog.cancel(): canceling Thu May 10 02:38:12 UTC 2018
------------------ testing $PTII/ptolemy/domains/de/test/auto/ResetTransitionWithStartTime2.xml
auto.tcl: Setting watchdog for 200 seconds at Thu May 10 02:38:12 UTC 2018
5 ms. Memory: 313344K Free: 296548K (95%)
ptolemy.util.test.WatchDog.cancel(): canceling Thu May 10 02:38:12 UTC 2018
auto.tcl: Setting watchdog for 200 seconds at Thu May 10 02:38:12 UTC 2018
7 ms. Memory: 313344K Free: 296548K (95%)
ptolemy.util.test.WatchDog.cancel(): canceling Thu May 10 02:38:12 UTC 2018
------------------ testing $PTII/ptolemy/domains/de/test/auto/ResetTransitionWithStartTime3.xml
auto.tcl: Setting watchdog for 200 seconds at Thu May 10 02:38:12 UTC 2018
5 ms. Memory: 314368K Free: 297531K (95%)
ptolemy.util.test.WatchDog.cancel(): canceling Thu May 10 02:38:12 UTC 2018
auto.tcl: Setting watchdog for 200 seconds at Thu May 10 02:38:12 UTC 2018
6 ms. Memory: 314368K Free: 297531K (95%)
ptolemy.util.test.WatchDog.cancel(): canceling Thu May 10 02:38:12 UTC 2018
------------------ testing $PTII/ptolemy/domains/de/test/auto/ResetTransitionWithStartTime4.xml
auto.tcl: Setting watchdog for 200 seconds at Thu May 10 02:38:12 UTC 2018
4 ms. Memory: 313344K Free: 296514K (95%)
ptolemy.util.test.WatchDog.cancel(): canceling Thu May 10 02:38:12 UTC 2018
auto.tcl: Setting watchdog for 200 seconds at Thu May 10 02:38:12 UTC 2018
3 ms. Memory: 313344K Free: 296514K (95%)
ptolemy.util.test.WatchDog.cancel(): canceling Thu May 10 02:38:12 UTC 2018
------------------ testing $PTII/ptolemy/domains/de/test/auto/ResettableTimer1.xml
auto.tcl: Setting watchdog for 200 seconds at Thu May 10 02:38:12 UTC 2018
5 ms. Memory: 313856K Free: 300294K (96%)
ptolemy.util.test.WatchDog.cancel(): canceling Thu May 10 02:38:12 UTC 2018
auto.tcl: Setting watchdog for 200 seconds at Thu May 10 02:38:12 UTC 2018
2 ms. Memory: 313856K Free: 300294K (96%)
ptolemy.util.test.WatchDog.cancel(): canceling Thu May 10 02:38:12 UTC 2018
------------------ testing $PTII/ptolemy/domains/de/test/auto/ResettableTimer2.xml
auto.tcl: Setting watchdog for 200 seconds at Thu May 10 02:38:12 UTC 2018
2 ms. Memory: 313344K Free: 299863K (96%)
ptolemy.util.test.WatchDog.cancel(): canceling Thu May 10 02:38:12 UTC 2018
auto.tcl: Setting watchdog for 200 seconds at Thu May 10 02:38:12 UTC 2018
3 ms. Memory: 313344K Free: 299863K (96%)
ptolemy.util.test.WatchDog.cancel(): canceling Thu May 10 02:38:12 UTC 2018
------------------ testing $PTII/ptolemy/domains/de/test/auto/ResettableTimer3.xml
auto.tcl: Setting watchdog for 200 seconds at Thu May 10 02:38:12 UTC 2018
2 ms. Memory: 313856K Free: 300344K (96%)
ptolemy.util.test.WatchDog.cancel(): canceling Thu May 10 02:38:12 UTC 2018
auto.tcl: Setting watchdog for 200 seconds at Thu May 10 02:38:12 UTC 2018
1 ms. Memory: 313856K Free: 300344K (96%)
ptolemy.util.test.WatchDog.cancel(): canceling Thu May 10 02:38:12 UTC 2018
------------------ testing $PTII/ptolemy/domains/de/test/auto/ResettableTimer4.xml
auto.tcl: Setting watchdog for 200 seconds at Thu May 10 02:38:12 UTC 2018
1 ms. Memory: 313344K Free: 299876K (96%)
ptolemy.util.test.WatchDog.cancel(): canceling Thu May 10 02:38:12 UTC 2018
auto.tcl: Setting watchdog for 200 seconds at Thu May 10 02:38:12 UTC 2018
2 ms. Memory: 313344K Free: 299876K (96%)
ptolemy.util.test.WatchDog.cancel(): canceling Thu May 10 02:38:12 UTC 2018
------------------ testing $PTII/ptolemy/domains/de/test/auto/ResettableTimer5.xml
auto.tcl: Setting watchdog for 200 seconds at Thu May 10 02:38:13 UTC 2018
2 ms. Memory: 313856K Free: 298082K (95%)
ptolemy.util.test.WatchDog.cancel(): canceling Thu May 10 02:38:13 UTC 2018
auto.tcl: Setting watchdog for 200 seconds at Thu May 10 02:38:13 UTC 2018
1 ms. Memory: 313856K Free: 298082K (95%)
ptolemy.util.test.WatchDog.cancel(): canceling Thu May 10 02:38:13 UTC 2018
------------------ testing $PTII/ptolemy/domains/de/test/auto/ResettableTimer6.xml
auto.tcl: Setting watchdog for 200 seconds at Thu May 10 02:38:13 UTC 2018
1 ms. Memory: 313344K Free: 297473K (95%)
ptolemy.util.test.WatchDog.cancel(): canceling Thu May 10 02:38:13 UTC 2018
auto.tcl: Setting watchdog for 200 seconds at Thu May 10 02:38:13 UTC 2018
1 ms. Memory: 313344K Free: 297473K (95%)
ptolemy.util.test.WatchDog.cancel(): canceling Thu May 10 02:38:13 UTC 2018
------------------ testing $PTII/ptolemy/domains/de/test/auto/ServerZeroDelay.xml
auto.tcl: Setting watchdog for 200 seconds at Thu May 10 02:38:13 UTC 2018
3 ms. Memory: 313856K Free: 303606K (97%)
ptolemy.util.test.WatchDog.cancel(): canceling Thu May 10 02:38:13 UTC 2018
auto.tcl: Setting watchdog for 200 seconds at Thu May 10 02:38:13 UTC 2018
3 ms. Memory: 313856K Free: 300326K (96%)
ptolemy.util.test.WatchDog.cancel(): canceling Thu May 10 02:38:13 UTC 2018
------------------ testing $PTII/ptolemy/domains/de/test/auto/SmartSender.xml
auto.tcl: Setting watchdog for 200 seconds at Thu May 10 02:38:13 UTC 2018
3002 ms. Memory: 313344K Free: 297490K (95%)
ptolemy.util.test.WatchDog.cancel(): canceling Thu May 10 02:38:16 UTC 2018
auto.tcl: Setting watchdog for 200 seconds at Thu May 10 02:38:16 UTC 2018
3001 ms. Memory: 313344K Free: 297490K (95%)
ptolemy.util.test.WatchDog.cancel(): canceling Thu May 10 02:38:19 UTC 2018
------------------ testing $PTII/ptolemy/domains/de/test/auto/ThreadedComposite.xml
auto.tcl: Setting watchdog for 200 seconds at Thu May 10 02:38:19 UTC 2018
251 ms. Memory: 313856K Free: 277540K (88%)
ptolemy.util.test.WatchDog.cancel(): canceling Thu May 10 02:38:19 UTC 2018
auto.tcl: Setting watchdog for 200 seconds at Thu May 10 02:38:19 UTC 2018
222 ms. Memory: 313856K Free: 261718K (83%)
ptolemy.util.test.WatchDog.cancel(): canceling Thu May 10 02:38:19 UTC 2018
------------------ testing $PTII/ptolemy/domains/de/test/auto/Time.xml
auto.tcl: Setting watchdog for 200 seconds at Thu May 10 02:38:19 UTC 2018
597 ms. Memory: 313344K Free: 246157K (79%)
ptolemy.util.test.WatchDog.cancel(): canceling Thu May 10 02:38:20 UTC 2018
auto.tcl: Setting watchdog for 200 seconds at Thu May 10 02:38:20 UTC 2018
601 ms. Memory: 313344K Free: 190667K (61%)
ptolemy.util.test.WatchDog.cancel(): canceling Thu May 10 02:38:21 UTC 2018
------------------ testing $PTII/ptolemy/domains/de/test/auto/TimeDelayZeroDelay.xml
auto.tcl: Setting watchdog for 200 seconds at Thu May 10 02:38:21 UTC 2018
2 ms. Memory: 313856K Free: 300896K (96%)
ptolemy.util.test.WatchDog.cancel(): canceling Thu May 10 02:38:21 UTC 2018
auto.tcl: Setting watchdog for 200 seconds at Thu May 10 02:38:21 UTC 2018
2 ms. Memory: 313856K Free: 300896K (96%)
ptolemy.util.test.WatchDog.cancel(): canceling Thu May 10 02:38:21 UTC 2018
------------------ testing $PTII/ptolemy/domains/de/test/auto/TimerZeroDelay.xml
auto.tcl: Setting watchdog for 200 seconds at Thu May 10 02:38:21 UTC 2018
4 ms. Memory: 313344K Free: 300440K (96%)
ptolemy.util.test.WatchDog.cancel(): canceling Thu May 10 02:38:21 UTC 2018
auto.tcl: Setting watchdog for 200 seconds at Thu May 10 02:38:21 UTC 2018
2 ms. Memory: 313344K Free: 300440K (96%)
ptolemy.util.test.WatchDog.cancel(): canceling Thu May 10 02:38:21 UTC 2018
------------------ testing $PTII/ptolemy/domains/de/test/auto/TimingParadox.xml
auto.tcl: Setting watchdog for 200 seconds at Thu May 10 02:38:21 UTC 2018
437 ms. Memory: 313856K Free: 236772K (75%)
ptolemy.util.test.WatchDog.cancel(): canceling Thu May 10 02:38:21 UTC 2018
auto.tcl: Setting watchdog for 200 seconds at Thu May 10 02:38:21 UTC 2018
412 ms. Memory: 313856K Free: 201581K (64%)
ptolemy.util.test.WatchDog.cancel(): canceling Thu May 10 02:38:22 UTC 2018
------------------ testing $PTII/ptolemy/domains/de/test/auto/TransferInputs.xml
auto.tcl: Setting watchdog for 200 seconds at Thu May 10 02:38:22 UTC 2018
1 ms. Memory: 313856K Free: 299856K (96%)
ptolemy.util.test.WatchDog.cancel(): canceling Thu May 10 02:38:22 UTC 2018
auto.tcl: Setting watchdog for 200 seconds at Thu May 10 02:38:22 UTC 2018
2 ms. Memory: 313856K Free: 299856K (96%)
ptolemy.util.test.WatchDog.cancel(): canceling Thu May 10 02:38:22 UTC 2018
------------------ testing $PTII/ptolemy/domains/de/test/auto/TransferOutputs2.xml
auto.tcl: Setting watchdog for 200 seconds at Thu May 10 02:38:22 UTC 2018
11 ms. Memory: 313344K Free: 295194K (94%)
ptolemy.util.test.WatchDog.cancel(): canceling Thu May 10 02:38:22 UTC 2018
auto.tcl: Setting watchdog for 200 seconds at Thu May 10 02:38:22 UTC 2018
3 ms. Memory: 313344K Free: 295194K (94%)
ptolemy.util.test.WatchDog.cancel(): canceling Thu May 10 02:38:22 UTC 2018
------------------ testing $PTII/ptolemy/domains/de/test/auto/Trilateration.xml
auto.tcl: Setting watchdog for 200 seconds at Thu May 10 02:38:22 UTC 2018
14650 ms. Memory: 377856K Free: 137150K (36%)
ptolemy.util.test.WatchDog.cancel(): canceling Thu May 10 02:38:38 UTC 2018
auto.tcl: Setting watchdog for 200 seconds at Thu May 10 02:38:38 UTC 2018
11303 ms. Memory: 266240K Free: 88411K (33%)
ptolemy.util.test.WatchDog.cancel(): canceling Thu May 10 02:38:49 UTC 2018
------------------ testing $PTII/ptolemy/domains/de/test/auto/TwoSigmaDelta.xml
auto.tcl: Setting watchdog for 200 seconds at Thu May 10 02:38:49 UTC 2018
2859 ms. Memory: 258048K Free: 145155K (56%)
ptolemy.util.test.WatchDog.cancel(): canceling Thu May 10 02:38:52 UTC 2018
auto.tcl: Setting watchdog for 200 seconds at Thu May 10 02:38:52 UTC 2018
2219 ms. Memory: 249344K Free: 79574K (32%)
ptolemy.util.test.WatchDog.cancel(): canceling Thu May 10 02:38:54 UTC 2018
------------------ testing $PTII/ptolemy/domains/de/test/auto/VariableDelay.xml
auto.tcl: Setting watchdog for 200 seconds at Thu May 10 02:38:54 UTC 2018
3 ms. Memory: 250880K Free: 237284K (95%)
ptolemy.util.test.WatchDog.cancel(): canceling Thu May 10 02:38:54 UTC 2018
auto.tcl: Setting watchdog for 200 seconds at Thu May 10 02:38:54 UTC 2018
2 ms. Memory: 250880K Free: 237284K (95%)
ptolemy.util.test.WatchDog.cancel(): canceling Thu May 10 02:38:54 UTC 2018
------------------ testing $PTII/ptolemy/domains/de/test/auto/VariableDelay2.xml
auto.tcl: Setting watchdog for 200 seconds at Thu May 10 02:38:55 UTC 2018
2 ms. Memory: 249344K Free: 237836K (95%)
ptolemy.util.test.WatchDog.cancel(): canceling Thu May 10 02:38:55 UTC 2018
auto.tcl: Setting watchdog for 200 seconds at Thu May 10 02:38:55 UTC 2018
2 ms. Memory: 249344K Free: 237836K (95%)
ptolemy.util.test.WatchDog.cancel(): canceling Thu May 10 02:38:55 UTC 2018
------------------ testing $PTII/ptolemy/domains/de/test/auto/VariableDelayZeroDelay.xml
auto.tcl: Setting watchdog for 200 seconds at Thu May 10 02:38:55 UTC 2018
2 ms. Memory: 250880K Free: 237692K (95%)
ptolemy.util.test.WatchDog.cancel(): canceling Thu May 10 02:38:55 UTC 2018
auto.tcl: Setting watchdog for 200 seconds at Thu May 10 02:38:55 UTC 2018
2 ms. Memory: 250880K Free: 237692K (95%)
ptolemy.util.test.WatchDog.cancel(): canceling Thu May 10 02:38:55 UTC 2018
------------------ testing $PTII/ptolemy/domains/de/test/auto/VariableDelayZeroDelay2.xml
auto.tcl: Setting watchdog for 200 seconds at Thu May 10 02:38:55 UTC 2018
5 ms. Memory: 249344K Free: 236170K (95%)
ptolemy.util.test.WatchDog.cancel(): canceling Thu May 10 02:38:55 UTC 2018
auto.tcl: Setting watchdog for 200 seconds at Thu May 10 02:38:55 UTC 2018
2 ms. Memory: 249344K Free: 236170K (95%)
ptolemy.util.test.WatchDog.cancel(): canceling Thu May 10 02:38:55 UTC 2018
------------------ testing $PTII/ptolemy/domains/de/test/auto/deInCt.xml
auto.tcl: Setting watchdog for 200 seconds at Thu May 10 02:38:55 UTC 2018
0
1
1
1
1
1
1
0
0
0
0
1
1
1
1
1
1
1
1
10 ms. Memory: 250368K Free: 237173K (95%)
ptolemy.util.test.WatchDog.cancel(): canceling Thu May 10 02:38:55 UTC 2018
auto.tcl: Setting watchdog for 200 seconds at Thu May 10 02:38:55 UTC 2018
0
1
1
1
0
0
0
0
1
1
1
0
0
1
1
1
0
0
0
0
1
1
1
0
0
0
1
1
1
0
0
0
1
1
1
0
0
1
1
1
0
0
0
0
8 ms. Memory: 250368K Free: 234676K (94%)
ptolemy.util.test.WatchDog.cancel(): canceling Thu May 10 02:38:55 UTC 2018
------------------ testing $PTII/ptolemy/domains/de/test/auto/deInCt2.xml
auto.tcl: Setting watchdog for 200 seconds at Thu May 10 02:38:55 UTC 2018
0
1
1
1
0
0
1
1
1
0
0
1
1
1
0
0
1
1
1
0
0
1
1
1
0
0
1
1
1
0
0
1
1
1
0
0
1
1
1
0
0
0
13 ms. Memory: 249344K Free: 236151K (95%)
ptolemy.util.test.WatchDog.cancel(): canceling Thu May 10 02:38:55 UTC 2018
auto.tcl: Setting watchdog for 200 seconds at Thu May 10 02:38:55 UTC 2018
0
1
1
1
0
0
1
1
1
0
0
1
1
1
0
0
1
1
1
0
0
1
1
1
0
0
1
1
1
0
0
1
1
1
0
0
1
1
1
0
0
0
13 ms. Memory: 249344K Free: 233654K (94%)
ptolemy.util.test.WatchDog.cancel(): canceling Thu May 10 02:38:55 UTC 2018
------------------ testing $PTII/ptolemy/domains/de/test/auto/dynamicCausalityInterface1.xml
auto.tcl: Setting watchdog for 200 seconds at Thu May 10 02:38:55 UTC 2018
3 ms. Memory: 250368K Free: 232209K (93%)
ptolemy.util.test.WatchDog.cancel(): canceling Thu May 10 02:38:55 UTC 2018
auto.tcl: Setting watchdog for 200 seconds at Thu May 10 02:38:55 UTC 2018
1 ms. Memory: 250368K Free: 229721K (92%)
ptolemy.util.test.WatchDog.cancel(): canceling Thu May 10 02:38:55 UTC 2018
------------------ testing $PTII/ptolemy/domains/de/test/auto/fsm_de_test.xml
auto.tcl: Setting watchdog for 200 seconds at Thu May 10 02:38:55 UTC 2018
7 ms. Memory: 249344K Free: 231064K (93%)
ptolemy.util.test.WatchDog.cancel(): canceling Thu May 10 02:38:55 UTC 2018
auto.tcl: Setting watchdog for 200 seconds at Thu May 10 02:38:55 UTC 2018
5 ms. Memory: 249344K Free: 228567K (92%)
ptolemy.util.test.WatchDog.cancel(): canceling Thu May 10 02:38:55 UTC 2018
------------------ testing $PTII/ptolemy/domains/de/test/auto/functionDependencyReconstruction.xml
auto.tcl: Setting watchdog for 200 seconds at Thu May 10 02:38:55 UTC 2018
5 ms. Memory: 249856K Free: 224123K (90%)
ptolemy.util.test.WatchDog.cancel(): canceling Thu May 10 02:38:55 UTC 2018
auto.tcl: Setting watchdog for 200 seconds at Thu May 10 02:38:55 UTC 2018
3 ms. Memory: 249856K Free: 224123K (90%)
ptolemy.util.test.WatchDog.cancel(): canceling Thu May 10 02:38:55 UTC 2018
------------------ testing $PTII/ptolemy/domains/de/test/auto/multirate.xml
auto.tcl: Setting watchdog for 200 seconds at Thu May 10 02:38:55 UTC 2018
5 ms. Memory: 249344K Free: 233428K (94%)
ptolemy.util.test.WatchDog.cancel(): canceling Thu May 10 02:38:55 UTC 2018
auto.tcl: Setting watchdog for 200 seconds at Thu May 10 02:38:55 UTC 2018
4 ms. Memory: 249344K Free: 233428K (94%)
ptolemy.util.test.WatchDog.cancel(): canceling Thu May 10 02:38:55 UTC 2018
------------------ testing $PTII/ptolemy/domains/de/test/auto/multirate2.xml
auto.tcl: Setting watchdog for 200 seconds at Thu May 10 02:38:55 UTC 2018
7 ms. Memory: 249856K Free: 234128K (94%)
ptolemy.util.test.WatchDog.cancel(): canceling Thu May 10 02:38:55 UTC 2018
auto.tcl: Setting watchdog for 200 seconds at Thu May 10 02:38:55 UTC 2018
4 ms. Memory: 249856K Free: 234128K (94%)
ptolemy.util.test.WatchDog.cancel(): canceling Thu May 10 02:38:55 UTC 2018
------------------ testing $PTII/ptolemy/domains/de/test/auto/realtime.xml
auto.tcl: Setting watchdog for 200 seconds at Thu May 10 02:38:55 UTC 2018
10001 ms. Memory: 249344K Free: 236093K (95%)
ptolemy.util.test.WatchDog.cancel(): canceling Thu May 10 02:39:05 UTC 2018
auto.tcl: Setting watchdog for 200 seconds at Thu May 10 02:39:05 UTC 2018
10001 ms. Memory: 249344K Free: 236093K (95%)
ptolemy.util.test.WatchDog.cancel(): canceling Thu May 10 02:39:15 UTC 2018
------------------ testing $PTII/ptolemy/domains/de/test/auto/relationGroup.xml
auto.tcl: Setting watchdog for 200 seconds at Thu May 10 02:39:15 UTC 2018
2 ms. Memory: 249856K Free: 236649K (95%)
ptolemy.util.test.WatchDog.cancel(): canceling Thu May 10 02:39:15 UTC 2018
auto.tcl: Setting watchdog for 200 seconds at Thu May 10 02:39:15 UTC 2018
1 ms. Memory: 249856K Free: 236649K (95%)
ptolemy.util.test.WatchDog.cancel(): canceling Thu May 10 02:39:15 UTC 2018
------------------ testing $PTII/ptolemy/domains/de/test/auto/relationGroup2.xml
auto.tcl: Setting watchdog for 200 seconds at Thu May 10 02:39:15 UTC 2018
1 ms. Memory: 249344K Free: 238644K (96%)
ptolemy.util.test.WatchDog.cancel(): canceling Thu May 10 02:39:16 UTC 2018
auto.tcl: Setting watchdog for 200 seconds at Thu May 10 02:39:16 UTC 2018
1 ms. Memory: 249344K Free: 236164K (95%)
ptolemy.util.test.WatchDog.cancel(): canceling Thu May 10 02:39:16 UTC 2018
------------------ testing $PTII/ptolemy/domains/de/test/auto/sortWithOpaquePorts.xml
auto.tcl: Setting watchdog for 200 seconds at Thu May 10 02:39:16 UTC 2018
1 ms. Memory: 249856K Free: 236669K (95%)
ptolemy.util.test.WatchDog.cancel(): canceling Thu May 10 02:39:16 UTC 2018
auto.tcl: Setting watchdog for 200 seconds at Thu May 10 02:39:16 UTC 2018
2 ms. Memory: 249856K Free: 236669K (95%)
ptolemy.util.test.WatchDog.cancel(): canceling Thu May 10 02:39:16 UTC 2018
------------------ testing $PTII/ptolemy/domains/de/test/auto/transferInputsandOutputs.xml
auto.tcl: Setting watchdog for 200 seconds at Thu May 10 02:39:16 UTC 2018
4 ms. Memory: 249344K Free: 233669K (94%)
ptolemy.util.test.WatchDog.cancel(): canceling Thu May 10 02:39:16 UTC 2018
auto.tcl: Setting watchdog for 200 seconds at Thu May 10 02:39:16 UTC 2018
3 ms. Memory: 249344K Free: 233669K (94%)
ptolemy.util.test.WatchDog.cancel(): canceling Thu May 10 02:39:16 UTC 2018
------------------ testing $PTII/ptolemy/domains/de/test/auto/triggerType.xml
auto.tcl: Setting watchdog for 200 seconds at Thu May 10 02:39:16 UTC 2018
1 ms. Memory: 249856K Free: 236607K (95%)
ptolemy.util.test.WatchDog.cancel(): canceling Thu May 10 02:39:16 UTC 2018
auto.tcl: Setting watchdog for 200 seconds at Thu May 10 02:39:16 UTC 2018
1 ms. Memory: 249856K Free: 236607K (95%)
ptolemy.util.test.WatchDog.cancel(): canceling Thu May 10 02:39:16 UTC 2018
05/10/18 02:39:16
Failed: 0  Total Tests: 192  ((Passed: 187, Newly Passed: 1)  Known Failed: 5) /home/travis/build/icyphy/ptII/ptolemy/domains/de/test
05/10/18 02:39:16
Failed: 0  Total Tests: 192  ((Passed: 187, Newly Passed: 1)  Known Failed: 5) /home/travis/build/icyphy/ptII/ptolemy/domains/de/test
----------------- testing (KnownFailure) /home/travis/build/icyphy/ptII/ptolemy/domains/de/test/auto/knownFailedTests/DESDFClockTest.xml
2009 ms. Memory: 249344K Free: 228553K (92%)
Known Failure: java.lang.reflect.InvocationTargetException
----------------- testing (KnownFailure) /home/travis/build/icyphy/ptII/ptolemy/domains/de/test/auto/knownFailedTests/DirectFeedback.xml
1 ms. Memory: 249344K Free: 215114K (86%)
Known Failure: java.lang.reflect.InvocationTargetException
----------------- testing (KnownFailure) /home/travis/build/icyphy/ptII/ptolemy/domains/de/test/auto/knownFailedTests/FSMSource.xml
4 ms. Memory: 249344K Free: 198304K (80%)
----------------- testing (KnownFailure) /home/travis/build/icyphy/ptII/ptolemy/domains/de/test/auto/knownFailedTests/HierarchicalModel.xml
1 ms. Memory: 249344K Free: 178127K (71%)
Known Failure: java.lang.reflect.InvocationTargetException
----------------- testing (KnownFailure) /home/travis/build/icyphy/ptII/ptolemy/domains/de/test/auto/knownFailedTests/dependencyLoop.xml
7 ms. Memory: 249344K Free: 151225K (61%)
Known Failure: java.lang.reflect.InvocationTargetException
----------------- testing (KnownFailure) /home/travis/build/icyphy/ptII/ptolemy/domains/de/test/auto/knownFailedTests/dependencyLoop2.xml
2 ms. Memory: 249344K Free: 124323K (50%)
Known Failure: java.lang.reflect.InvocationTargetException
No auto/*.xml tests in /home/travis/build/icyphy/ptII/ptolemy/domains/de/test
AutoTests.java: About to close Vertx.
AutoTests.java: Vertx closed.
----------------- testing Thu May 10 02:39:18 UTC 2018 /home/travis/build/icyphy/ptII/ptolemy/domains/de/test/auto/ActorDepthCalculation_actorWithoutPorts.xml
----------------- Instantiating /home/travis/build/icyphy/ptII/ptolemy/domains/de/test/auto/ActorDepthCalculation_actorWithoutPorts.xml
1 ms. Memory: 249344K Free: 104170K (42%)
----------------- Invoking toplevel() on ptolemy.moml.MoMLSimpleApplication@b3fb10c
----------------- Done invoking toplevel() on ptolemy.moml.MoMLSimpleApplication@b3fb10c
reloadAllAccessors: .ActorDepthCalculation_actorWithoutPorts
----------------- testing Thu May 10 02:39:18 UTC 2018 /home/travis/build/icyphy/ptII/ptolemy/domains/de/test/auto/AssemblyLine.xml
----------------- Instantiating /home/travis/build/icyphy/ptII/ptolemy/domains/de/test/auto/AssemblyLine.xml
2 ms. Memory: 249344K Free: 94086K (38%)
----------------- Invoking toplevel() on ptolemy.moml.MoMLSimpleApplication@36088219
----------------- Done invoking toplevel() on ptolemy.moml.MoMLSimpleApplication@36088219
reloadAllAccessors: .AssemblyLine
----------------- testing Thu May 10 02:39:18 UTC 2018 /home/travis/build/icyphy/ptII/ptolemy/domains/de/test/auto/CQBug1.xml
----------------- Instantiating /home/travis/build/icyphy/ptII/ptolemy/domains/de/test/auto/CQBug1.xml
1 ms. Memory: 249344K Free: 87368K (35%)
----------------- Invoking toplevel() on ptolemy.moml.MoMLSimpleApplication@5025cf14
----------------- Done invoking toplevel() on ptolemy.moml.MoMLSimpleApplication@5025cf14
reloadAllAccessors: .CQBug1
----------------- testing Thu May 10 02:39:18 UTC 2018 /home/travis/build/icyphy/ptII/ptolemy/domains/de/test/auto/CancelFireAt.xml
----------------- Instantiating /home/travis/build/icyphy/ptII/ptolemy/domains/de/test/auto/CancelFireAt.xml
1 ms. Memory: 249344K Free: 78170K (31%)
----------------- Invoking toplevel() on ptolemy.moml.MoMLSimpleApplication@48eb46ba
----------------- Done invoking toplevel() on ptolemy.moml.MoMLSimpleApplication@48eb46ba
reloadAllAccessors: .CancelFireAt
----------------- testing Thu May 10 02:39:18 UTC 2018 /home/travis/build/icyphy/ptII/ptolemy/domains/de/test/auto/CausalityAndComposabilityAnalysis.xml
----------------- Instantiating /home/travis/build/icyphy/ptII/ptolemy/domains/de/test/auto/CausalityAndComposabilityAnalysis.xml
1 ms. Memory: 243200K Free: 232959K (96%)
----------------- Invoking toplevel() on ptolemy.moml.MoMLSimpleApplication@22b08d08
----------------- Done invoking toplevel() on ptolemy.moml.MoMLSimpleApplication@22b08d08
reloadAllAccessors: .CausalityAndComposabilityAnalysis
----------------- testing Thu May 10 02:39:18 UTC 2018 /home/travis/build/icyphy/ptII/ptolemy/domains/de/test/auto/CausalityInterface1.xml
----------------- Instantiating /home/travis/build/icyphy/ptII/ptolemy/domains/de/test/auto/CausalityInterface1.xml
3 ms. Memory: 243200K Free: 224926K (92%)
----------------- Invoking toplevel() on ptolemy.moml.MoMLSimpleApplication@2d87bd48
----------------- Done invoking toplevel() on ptolemy.moml.MoMLSimpleApplication@2d87bd48
reloadAllAccessors: .CausalityInterface1
----------------- testing Thu May 10 02:39:18 UTC 2018 /home/travis/build/icyphy/ptII/ptolemy/domains/de/test/auto/CausalityInterface15.xml
----------------- Instantiating /home/travis/build/icyphy/ptII/ptolemy/domains/de/test/auto/CausalityInterface15.xml
1 ms. Memory: 243200K Free: 216845K (89%)
----------------- Invoking toplevel() on ptolemy.moml.MoMLSimpleApplication@7bf4b8b3
----------------- Done invoking toplevel() on ptolemy.moml.MoMLSimpleApplication@7bf4b8b3
reloadAllAccessors: .CausalityInterface15
----------------- testing Thu May 10 02:39:18 UTC 2018 /home/travis/build/icyphy/ptII/ptolemy/domains/de/test/auto/CausalityInterface2.xml
----------------- Instantiating /home/travis/build/icyphy/ptII/ptolemy/domains/de/test/auto/CausalityInterface2.xml
1 ms. Memory: 243200K Free: 210386K (87%)
----------------- Invoking toplevel() on ptolemy.moml.MoMLSimpleApplication@733103e6
----------------- Done invoking toplevel() on ptolemy.moml.MoMLSimpleApplication@733103e6
reloadAllAccessors: .CausalityInterface2
----------------- testing Thu May 10 02:39:18 UTC 2018 /home/travis/build/icyphy/ptII/ptolemy/domains/de/test/auto/CausalityInterface3.xml
[...]
java.lang.RuntimeException: Execution failed
	at ptolemy.moml.MoMLSimpleApplication$UnloadThread.run(MoMLSimpleApplication.java:402)
Caused by: ptolemy.kernel.util.IllegalActionException: Test fails in iteration 1.
Value was: 1.0. Should have been: 2.0
  in .DirectFeedback.Test
	at ptolemy.actor.lib.Test.fire(Test.java:268)
	at ptolemy.domains.de.kernel.DEDirector._fire(DEDirector.java:1948)
	at ptolemy.domains.de.kernel.DEDirector.fire(DEDirector.java:502)
	at ptolemy.actor.CompositeActor.fire(CompositeActor.java:455)
	at ptolemy.actor.Manager.iterate(Manager.java:851)
	at ptolemy.actor.Manager.execute(Manager.java:369)
	at ptolemy.actor.Manager.run(Manager.java:1263)
	at ptolemy.actor.Manager$PtolemyRunThread.run(Manager.java:1915)
java.lang.RuntimeException: Execution failed
	at ptolemy.moml.MoMLSimpleApplication$UnloadThread.run(MoMLSimpleApplication.java:402)
Caused by: ptolemy.kernel.util.IllegalActionException: Actor is not ready to fire.  Perhaps UpSample.prefire() returned false? Try debugging the actor by selecting "Listen to Actor".  Also, for SDF check moml for tokenConsumptionRate on input.
  in .DESDFClockTest.Play Bell.Copy1:SDF Director and .DESDFClockTest.Play Bell.UpSample
	at ptolemy.actor.sched.StaticSchedulingDirector.fire(StaticSchedulingDirector.java:227)
	at ptolemy.domains.sdf.kernel.SDFDirector.fire(SDFDirector.java:500)
	at ptolemy.actor.CompositeActor.fire(CompositeActor.java:455)
	at ptolemy.domains.de.kernel.DEDirector._fire(DEDirector.java:1948)
	at ptolemy.domains.de.kernel.DEDirector.fire(DEDirector.java:502)
	at ptolemy.actor.CompositeActor.fire(CompositeActor.java:455)
	at ptolemy.actor.Manager.iterate(Manager.java:851)
	at ptolemy.actor.Manager.execute(Manager.java:369)
	at ptolemy.actor.Manager.run(Manager.java:1263)
	at ptolemy.actor.Manager$PtolemyRunThread.run(Manager.java:1915)
java.lang.reflect.InvocationTargetException
	at sun.reflect.NativeConstructorAccessorImpl.newInstance0(Native Method)
	at sun.reflect.NativeConstructorAccessorImpl.newInstance(NativeConstructorAccessorImpl.java:62)
	at sun.reflect.DelegatingConstructorAccessorImpl.newInstance(DelegatingConstructorAccessorImpl.java:45)
	at java.lang.reflect.Constructor.newInstance(Constructor.java:423)
	at ptolemy.util.test.junit.AutoKnownFailedTests.RunModel(AutoKnownFailedTests.java:107)
	at sun.reflect.NativeMethodAccessorImpl.invoke0(Native Method)
	at sun.reflect.NativeMethodAccessorImpl.invoke(NativeMethodAccessorImpl.java:62)
	at sun.reflect.DelegatingMethodAccessorImpl.invoke(DelegatingMethodAccessorImpl.java:43)
	at java.lang.reflect.Method.invoke(Method.java:498)
	at org.junit.runners.model.FrameworkMethod$1.runReflectiveCall(FrameworkMethod.java:44)
	at org.junit.internal.runners.model.ReflectiveCallable.run(ReflectiveCallable.java:15)
	at org.junit.runners.model.FrameworkMethod.invokeExplosively(FrameworkMethod.java:41)
	at junitparams.internal.InvokeParameterisedMethod.evaluate(InvokeParameterisedMethod.java:102)
	at org.junit.internal.runners.statements.FailOnTimeout$1.run(FailOnTimeout.java:28)
Caused by: ptolemy.kernel.util.IllegalActionException: Actor is not ready to fire.  Perhaps UpSample.prefire() returned false? Try debugging the actor by selecting "Listen to Actor".  Also, for SDF check moml for tokenConsumptionRate on input.
  in .DESDFClockTest.Play Bell.Copy1:SDF Director and .DESDFClockTest.Play Bell.UpSample
	at ptolemy.actor.sched.StaticSchedulingDirector.fire(StaticSchedulingDirector.java:227)
	at ptolemy.domains.sdf.kernel.SDFDirector.fire(SDFDirector.java:500)
	at ptolemy.actor.CompositeActor.fire(CompositeActor.java:455)
	at ptolemy.domains.de.kernel.DEDirector._fire(DEDirector.java:1948)
	at ptolemy.domains.de.kernel.DEDirector.fire(DEDirector.java:502)
	at ptolemy.actor.CompositeActor.fire(CompositeActor.java:455)
	at ptolemy.actor.Manager.iterate(Manager.java:851)
	at ptolemy.actor.Manager.execute(Manager.java:369)
	at ptolemy.actor.Manager.run(Manager.java:1263)
	at ptolemy.actor.Manager$PtolemyRunThread.run(Manager.java:1915)
java.lang.RuntimeException: Execution failed
	at ptolemy.moml.MoMLSimpleApplication$UnloadThread.run(MoMLSimpleApplication.java:402)
Caused by: ptolemy.kernel.util.IllegalActionException: Test fails in iteration 1.
Value was: 1.0. Should have been: 2.0
  in .DirectFeedback.Test
	at ptolemy.actor.lib.Test.fire(Test.java:268)
	at ptolemy.domains.de.kernel.DEDirector._fire(DEDirector.java:1948)
	at ptolemy.domains.de.kernel.DEDirector.fire(DEDirector.java:502)
	at ptolemy.actor.CompositeActor.fire(CompositeActor.java:455)
	at ptolemy.actor.Manager.iterate(Manager.java:851)
	at ptolemy.actor.Manager.execute(Manager.java:369)
	at ptolemy.actor.Manager.run(Manager.java:1263)
	at ptolemy.actor.Manager$PtolemyRunThread.run(Manager.java:1915)
java.lang.reflect.InvocationTargetException
	at sun.reflect.NativeConstructorAccessorImpl.newInstance0(Native Method)
	at sun.reflect.NativeConstructorAccessorImpl.newInstance(NativeConstructorAccessorImpl.java:62)
	at sun.reflect.DelegatingConstructorAccessorImpl.newInstance(DelegatingConstructorAccessorImpl.java:45)
	at java.lang.reflect.Constructor.newInstance(Constructor.java:423)
	at ptolemy.util.test.junit.AutoKnownFailedTests.RunModel(AutoKnownFailedTests.java:107)
	at sun.reflect.NativeMethodAccessorImpl.invoke0(Native Method)
	at sun.reflect.NativeMethodAccessorImpl.invoke(NativeMethodAccessorImpl.java:62)
	at sun.reflect.DelegatingMethodAccessorImpl.invoke(DelegatingMethodAccessorImpl.java:43)
	at java.lang.reflect.Method.invoke(Method.java:498)
	at org.junit.runners.model.FrameworkMethod$1.runReflectiveCall(FrameworkMethod.java:44)
	at org.junit.internal.runners.model.ReflectiveCallable.run(ReflectiveCallable.java:15)
	at org.junit.runners.model.FrameworkMethod.invokeExplosively(FrameworkMethod.java:41)
	at junitparams.internal.InvokeParameterisedMethod.evaluate(InvokeParameterisedMethod.java:102)
	at org.junit.internal.runners.statements.FailOnTimeout$1.run(FailOnTimeout.java:28)
Caused by: ptolemy.kernel.util.IllegalActionException: Test fails in iteration 1.
Value was: 1.0. Should have been: 2.0
  in .DirectFeedback.Test
	at ptolemy.actor.lib.Test.fire(Test.java:268)
	at ptolemy.domains.de.kernel.DEDirector._fire(DEDirector.java:1948)
	at ptolemy.domains.de.kernel.DEDirector.fire(DEDirector.java:502)
	at ptolemy.actor.CompositeActor.fire(CompositeActor.java:455)
	at ptolemy.actor.Manager.iterate(Manager.java:851)
	at ptolemy.actor.Manager.execute(Manager.java:369)
	at ptolemy.actor.Manager.run(Manager.java:1263)
	at ptolemy.actor.Manager$PtolemyRunThread.run(Manager.java:1915)
java.lang.RuntimeException: Execution failed
	at ptolemy.moml.MoMLSimpleApplication$UnloadThread.run(MoMLSimpleApplication.java:402)
Caused by: ptolemy.kernel.util.IllegalActionException: Found a zero delay loop containing .HierarchicalModel.A
  in .HierarchicalModel and .HierarchicalModel.A
	at ptolemy.actor.util.CausalityInterfaceForComposites._computeOutputPortDepth(CausalityInterfaceForComposites.java:759)
	at ptolemy.actor.util.CausalityInterfaceForComposites._computeInputDepth(CausalityInterfaceForComposites.java:696)
	at ptolemy.actor.util.CausalityInterfaceForComposites._computeOutputPortDepth(CausalityInterfaceForComposites.java:765)
	at ptolemy.actor.util.CausalityInterfaceForComposites._computeInputDepth(CausalityInterfaceForComposites.java:696)
	at ptolemy.actor.util.CausalityInterfaceForComposites._computeOutputPortDepth(CausalityInterfaceForComposites.java:765)
	at ptolemy.actor.util.CausalityInterfaceForComposites._computeInputDepth(CausalityInterfaceForComposites.java:696)
	at ptolemy.actor.util.CausalityInterfaceForComposites._computeActorDepth(CausalityInterfaceForComposites.java:532)
	at ptolemy.actor.util.CausalityInterfaceForComposites.checkForCycles(CausalityInterfaceForComposites.java:96)
	at ptolemy.domains.de.kernel.DEDirector.preinitialize(DEDirector.java:1337)
	at ptolemy.actor.CompositeActor.preinitialize(CompositeActor.java:1828)
	at ptolemy.actor.Manager.preinitializeAndResolveTypes(Manager.java:1040)
	at ptolemy.actor.Manager.initialize(Manager.java:710)
	at ptolemy.actor.Manager.execute(Manager.java:356)
	at ptolemy.actor.Manager.run(Manager.java:1263)
	at ptolemy.actor.Manager$PtolemyRunThread.run(Manager.java:1915)
java.lang.reflect.InvocationTargetException
	at sun.reflect.NativeConstructorAccessorImpl.newInstance0(Native Method)
	at sun.reflect.NativeConstructorAccessorImpl.newInstance(NativeConstructorAccessorImpl.java:62)
	at sun.reflect.DelegatingConstructorAccessorImpl.newInstance(DelegatingConstructorAccessorImpl.java:45)
	at java.lang.reflect.Constructor.newInstance(Constructor.java:423)
	at ptolemy.util.test.junit.AutoKnownFailedTests.RunModel(AutoKnownFailedTests.java:107)
	at sun.reflect.NativeMethodAccessorImpl.invoke0(Native Method)
	at sun.reflect.NativeMethodAccessorImpl.invoke(NativeMethodAccessorImpl.java:62)
	at sun.reflect.DelegatingMethodAccessorImpl.invoke(DelegatingMethodAccessorImpl.java:43)
	at java.lang.reflect.Method.invoke(Method.java:498)
	at org.junit.runners.model.FrameworkMethod$1.runReflectiveCall(FrameworkMethod.java:44)
	at org.junit.internal.runners.model.ReflectiveCallable.run(ReflectiveCallable.java:15)
	at org.junit.runners.model.FrameworkMethod.invokeExplosively(FrameworkMethod.java:41)
	at junitparams.internal.InvokeParameterisedMethod.evaluate(InvokeParameterisedMethod.java:102)
	at org.junit.internal.runners.statements.FailOnTimeout$1.run(FailOnTimeout.java:28)
Caused by: ptolemy.kernel.util.IllegalActionException: Found a zero delay loop containing .HierarchicalModel.A
  in .HierarchicalModel and .HierarchicalModel.A
	at ptolemy.actor.util.CausalityInterfaceForComposites._computeOutputPortDepth(CausalityInterfaceForComposites.java:759)
	at ptolemy.actor.util.CausalityInterfaceForComposites._computeInputDepth(CausalityInterfaceForComposites.java:696)
	at ptolemy.actor.util.CausalityInterfaceForComposites._computeOutputPortDepth(CausalityInterfaceForComposites.java:765)
	at ptolemy.actor.util.CausalityInterfaceForComposites._computeInputDepth(CausalityInterfaceForComposites.java:696)
	at ptolemy.actor.util.CausalityInterfaceForComposites._computeOutputPortDepth(CausalityInterfaceForComposites.java:765)
	at ptolemy.actor.util.CausalityInterfaceForComposites._computeInputDepth(CausalityInterfaceForComposites.java:696)
	at ptolemy.actor.util.CausalityInterfaceForComposites._computeActorDepth(CausalityInterfaceForComposites.java:532)
	at ptolemy.actor.util.CausalityInterfaceForComposites.checkForCycles(CausalityInterfaceForComposites.java:96)
	at ptolemy.domains.de.kernel.DEDirector.preinitialize(DEDirector.java:1337)
	at ptolemy.actor.CompositeActor.preinitialize(CompositeActor.java:1828)
	at ptolemy.actor.Manager.preinitializeAndResolveTypes(Manager.java:1040)
	at ptolemy.actor.Manager.initialize(Manager.java:710)
	at ptolemy.actor.Manager.execute(Manager.java:356)
	at ptolemy.actor.Manager.run(Manager.java:1263)
	at ptolemy.actor.Manager$PtolemyRunThread.run(Manager.java:1915)
java.lang.RuntimeException: Execution failed
	at ptolemy.moml.MoMLSimpleApplication$UnloadThread.run(MoMLSimpleApplication.java:402)
Caused by: ptolemy.kernel.util.IllegalActionException: Found a zero delay loop containing .dependencyLoop.original
  in .dependencyLoop and .dependencyLoop.original
	at ptolemy.actor.util.CausalityInterfaceForComposites._computeOutputPortDepth(CausalityInterfaceForComposites.java:759)
	at ptolemy.actor.util.CausalityInterfaceForComposites._computeInputDepth(CausalityInterfaceForComposites.java:696)
	at ptolemy.actor.util.CausalityInterfaceForComposites._computeOutputPortDepth(CausalityInterfaceForComposites.java:765)
	at ptolemy.actor.util.CausalityInterfaceForComposites._computeInputDepth(CausalityInterfaceForComposites.java:696)
	at ptolemy.actor.util.CausalityInterfaceForComposites._computeOutputPortDepth(CausalityInterfaceForComposites.java:765)
	at ptolemy.actor.util.CausalityInterfaceForComposites._computeInputDepth(CausalityInterfaceForComposites.java:696)
	at ptolemy.actor.util.CausalityInterfaceForComposites._computeActorDepth(CausalityInterfaceForComposites.java:532)
	at ptolemy.actor.util.CausalityInterfaceForComposites.checkForCycles(CausalityInterfaceForComposites.java:96)
	at ptolemy.domains.de.kernel.DEDirector.preinitialize(DEDirector.java:1337)
	at ptolemy.actor.CompositeActor.preinitialize(CompositeActor.java:1828)
	at ptolemy.actor.Manager.preinitializeAndResolveTypes(Manager.java:1040)
	at ptolemy.actor.Manager.initialize(Manager.java:710)
	at ptolemy.actor.Manager.execute(Manager.java:356)
	at ptolemy.actor.Manager.run(Manager.java:1263)
	at ptolemy.actor.Manager$PtolemyRunThread.run(Manager.java:1915)
java.lang.reflect.InvocationTargetException
	at sun.reflect.NativeConstructorAccessorImpl.newInstance0(Native Method)
	at sun.reflect.NativeConstructorAccessorImpl.newInstance(NativeConstructorAccessorImpl.java:62)
	at sun.reflect.DelegatingConstructorAccessorImpl.newInstance(DelegatingConstructorAccessorImpl.java:45)
	at java.lang.reflect.Constructor.newInstance(Constructor.java:423)
	at ptolemy.util.test.junit.AutoKnownFailedTests.RunModel(AutoKnownFailedTests.java:107)
	at sun.reflect.NativeMethodAccessorImpl.invoke0(Native Method)
	at sun.reflect.NativeMethodAccessorImpl.invoke(NativeMethodAccessorImpl.java:62)
	at sun.reflect.DelegatingMethodAccessorImpl.invoke(DelegatingMethodAccessorImpl.java:43)
	at java.lang.reflect.Method.invoke(Method.java:498)
	at org.junit.runners.model.FrameworkMethod$1.runReflectiveCall(FrameworkMethod.java:44)
	at org.junit.internal.runners.model.ReflectiveCallable.run(ReflectiveCallable.java:15)
	at org.junit.runners.model.FrameworkMethod.invokeExplosively(FrameworkMethod.java:41)
	at junitparams.internal.InvokeParameterisedMethod.evaluate(InvokeParameterisedMethod.java:102)
	at org.junit.internal.runners.statements.FailOnTimeout$1.run(FailOnTimeout.java:28)
Caused by: ptolemy.kernel.util.IllegalActionException: Found a zero delay loop containing .dependencyLoop.original
  in .dependencyLoop and .dependencyLoop.original
	at ptolemy.actor.util.CausalityInterfaceForComposites._computeOutputPortDepth(CausalityInterfaceForComposites.java:759)
	at ptolemy.actor.util.CausalityInterfaceForComposites._computeInputDepth(CausalityInterfaceForComposites.java:696)
	at ptolemy.actor.util.CausalityInterfaceForComposites._computeOutputPortDepth(CausalityInterfaceForComposites.java:765)
	at ptolemy.actor.util.CausalityInterfaceForComposites._computeInputDepth(CausalityInterfaceForComposites.java:696)
	at ptolemy.actor.util.CausalityInterfaceForComposites._computeOutputPortDepth(CausalityInterfaceForComposites.java:765)
	at ptolemy.actor.util.CausalityInterfaceForComposites._computeInputDepth(CausalityInterfaceForComposites.java:696)
	at ptolemy.actor.util.CausalityInterfaceForComposites._computeActorDepth(CausalityInterfaceForComposites.java:532)
	at ptolemy.actor.util.CausalityInterfaceForComposites.checkForCycles(CausalityInterfaceForComposites.java:96)
	at ptolemy.domains.de.kernel.DEDirector.preinitialize(DEDirector.java:1337)
	at ptolemy.actor.CompositeActor.preinitialize(CompositeActor.java:1828)
	at ptolemy.actor.Manager.preinitializeAndResolveTypes(Manager.java:1040)
	at ptolemy.actor.Manager.initialize(Manager.java:710)
	at ptolemy.actor.Manager.execute(Manager.java:356)
	at ptolemy.actor.Manager.run(Manager.java:1263)
	at ptolemy.actor.Manager$PtolemyRunThread.run(Manager.java:1915)
java.lang.RuntimeException: Execution failed
	at ptolemy.moml.MoMLSimpleApplication$UnloadThread.run(MoMLSimpleApplication.java:402)
Caused by: ptolemy.kernel.util.IllegalActionException: Found a zero delay loop containing .dependencyLoop2.original
  in .dependencyLoop2 and .dependencyLoop2.original
	at ptolemy.actor.util.CausalityInterfaceForComposites._computeOutputPortDepth(CausalityInterfaceForComposites.java:759)
	at ptolemy.actor.util.CausalityInterfaceForComposites._computeInputDepth(CausalityInterfaceForComposites.java:696)
	at ptolemy.actor.util.CausalityInterfaceForComposites._computeOutputPortDepth(CausalityInterfaceForComposites.java:765)
	at ptolemy.actor.util.CausalityInterfaceForComposites._computeInputDepth(CausalityInterfaceForComposites.java:696)
	at ptolemy.actor.util.CausalityInterfaceForComposites._computeOutputPortDepth(CausalityInterfaceForComposites.java:765)
	at ptolemy.actor.util.CausalityInterfaceForComposites._computeInputDepth(CausalityInterfaceForComposites.java:696)
	at ptolemy.actor.util.CausalityInterfaceForComposites._computeActorDepth(CausalityInterfaceForComposites.java:532)
	at ptolemy.actor.util.CausalityInterfaceForComposites.checkForCycles(CausalityInterfaceForComposites.java:96)
	at ptolemy.domains.de.kernel.DEDirector.preinitialize(DEDirector.java:1337)
	at ptolemy.actor.CompositeActor.preinitialize(CompositeActor.java:1828)
	at ptolemy.actor.Manager.preinitializeAndResolveTypes(Manager.java:1040)
	at ptolemy.actor.Manager.initialize(Manager.java:710)
	at ptolemy.actor.Manager.execute(Manager.java:356)
	at ptolemy.actor.Manager.run(Manager.java:1263)
	at ptolemy.actor.Manager$PtolemyRunThread.run(Manager.java:1915)
java.lang.reflect.InvocationTargetException
	at sun.reflect.NativeConstructorAccessorImpl.newInstance0(Native Method)
	at sun.reflect.NativeConstructorAccessorImpl.newInstance(NativeConstructorAccessorImpl.java:62)
	at sun.reflect.DelegatingConstructorAccessorImpl.newInstance(DelegatingConstructorAccessorImpl.java:45)
	at java.lang.reflect.Constructor.newInstance(Constructor.java:423)
	at ptolemy.util.test.junit.AutoKnownFailedTests.RunModel(AutoKnownFailedTests.java:107)
	at sun.reflect.NativeMethodAccessorImpl.invoke0(Native Method)
	at sun.reflect.NativeMethodAccessorImpl.invoke(NativeMethodAccessorImpl.java:62)
	at sun.reflect.DelegatingMethodAccessorImpl.invoke(DelegatingMethodAccessorImpl.java:43)
	at java.lang.reflect.Method.invoke(Method.java:498)
	at org.junit.runners.model.FrameworkMethod$1.runReflectiveCall(FrameworkMethod.java:44)
	at org.junit.internal.runners.model.ReflectiveCallable.run(ReflectiveCallable.java:15)
	at org.junit.runners.model.FrameworkMethod.invokeExplosively(FrameworkMethod.java:41)
	at junitparams.internal.InvokeParameterisedMethod.evaluate(InvokeParameterisedMethod.java:102)
	at org.junit.internal.runners.statements.FailOnTimeout$1.run(FailOnTimeout.java:28)
Caused by: ptolemy.kernel.util.IllegalActionException: Found a zero delay loop containing .dependencyLoop2.original
  in .dependencyLoop2 and .dependencyLoop2.original
	at ptolemy.actor.util.CausalityInterfaceForComposites._computeOutputPortDepth(CausalityInterfaceForComposites.java:759)
	at ptolemy.actor.util.CausalityInterfaceForComposites._computeInputDepth(CausalityInterfaceForComposites.java:696)
	at ptolemy.actor.util.CausalityInterfaceForComposites._computeOutputPortDepth(CausalityInterfaceForComposites.java:765)
	at ptolemy.actor.util.CausalityInterfaceForComposites._computeInputDepth(CausalityInterfaceForComposites.java:696)
	at ptolemy.actor.util.CausalityInterfaceForComposites._computeOutputPortDepth(CausalityInterfaceForComposites.java:765)
	at ptolemy.actor.util.CausalityInterfaceForComposites._computeInputDepth(CausalityInterfaceForComposites.java:696)
	at ptolemy.actor.util.CausalityInterfaceForComposites._computeActorDepth(CausalityInterfaceForComposites.java:532)
	at ptolemy.actor.util.CausalityInterfaceForComposites.checkForCycles(CausalityInterfaceForComposites.java:96)
	at ptolemy.domains.de.kernel.DEDirector.preinitialize(DEDirector.java:1337)
	at ptolemy.actor.CompositeActor.preinitialize(CompositeActor.java:1828)
	at ptolemy.actor.Manager.preinitializeAndResolveTypes(Manager.java:1040)
	at ptolemy.actor.Manager.initialize(Manager.java:710)
	at ptolemy.actor.Manager.execute(Manager.java:356)
	at ptolemy.actor.Manager.run(Manager.java:1263)
	at ptolemy.actor.Manager$PtolemyRunThread.run(Manager.java:1915)
]]></system-err>
</testsuite>
