<?xml version="1.0" encoding="UTF-8" ?>
<testsuite errors="0" failures="0" hostname="travis-job-2bfec96f-2ce4-4f9d-a2ad-052871c64d08" name="ptolemy.domains.sdf.lib.test.junit.JUnitTclTest" skipped="0" tests="82" time="8.953" timestamp="2018-05-10T15:07:55">
  <properties>
[...]
</properties>
  <testcase classname="ptolemy.util.test.junit.TclTests" name="[0] /home/travis/build/icyphy/ptII/ptolemy/domains/sdf/lib/test/ArrayToSequence.tcl (RunTclFile)" time="0.589" />
  <testcase classname="ptolemy.util.test.junit.TclTests" name="[1] /home/travis/build/icyphy/ptII/ptolemy/domains/sdf/lib/test/BitsToInt.tcl (RunTclFile)" time="0.061" />
  <testcase classname="ptolemy.util.test.junit.TclTests" name="[2] /home/travis/build/icyphy/ptII/ptolemy/domains/sdf/lib/test/DelayLine.tcl (RunTclFile)" time="0.044" />
  <testcase classname="ptolemy.util.test.junit.TclTests" name="[3] /home/travis/build/icyphy/ptII/ptolemy/domains/sdf/lib/test/FFT.tcl (RunTclFile)" time="0.03" />
  <testcase classname="ptolemy.util.test.junit.TclTests" name="[4] /home/travis/build/icyphy/ptII/ptolemy/domains/sdf/lib/test/FIR.tcl (RunTclFile)" time="0.094" />
  <testcase classname="ptolemy.util.test.junit.TclTests" name="[5] /home/travis/build/icyphy/ptII/ptolemy/domains/sdf/lib/test/IntToBits.tcl (RunTclFile)" time="0.052" />
  <testcase classname="ptolemy.util.test.junit.TclTests" name="[6] /home/travis/build/icyphy/ptII/ptolemy/domains/sdf/lib/test/MaximumEntropySpectrum.tcl (RunTclFile)" time="0.237" />
  <testcase classname="ptolemy.util.test.junit.TclTests" name="[7] /home/travis/build/icyphy/ptII/ptolemy/domains/sdf/lib/test/Repeat.tcl (RunTclFile)" time="0.032" />
  <testcase classname="ptolemy.util.test.junit.TclTests" name="[8] /home/travis/build/icyphy/ptII/ptolemy/domains/sdf/lib/test/SampleDelay.tcl (RunTclFile)" time="0.072" />
  <testcase classname="ptolemy.util.test.junit.TclTests" name="[9] /home/travis/build/icyphy/ptII/ptolemy/domains/sdf/lib/test/SequenceToArray.tcl (RunTclFile)" time="0.061" />
  <testcase classname="ptolemy.util.test.junit.AutoKnownFailedTests" name="[0] ThereAreNoKnowFailedTests (RunModel)" time="0.001" />
  <testcase classname="ptolemy.util.test.junit.AutoNameArchTests" name="[0] ThereAreNoAutoTests (RunModel)" time="0.0" />
  <testcase classname="ptolemy.util.test.junit.AutoTests" name="[0] /home/travis/build/icyphy/ptII/ptolemy/domains/sdf/lib/test/auto/ArrayToSequence.xml (RunModel)" time="0.182" />
  <testcase classname="ptolemy.util.test.junit.AutoTests" name="[1] /home/travis/build/icyphy/ptII/ptolemy/domains/sdf/lib/test/auto/ArrayToSequenceTest.xml (RunModel)" time="0.044" />
  <testcase classname="ptolemy.util.test.junit.AutoTests" name="[2] /home/travis/build/icyphy/ptII/ptolemy/domains/sdf/lib/test/auto/Autocorrelation.xml (RunModel)" time="0.02" />
  <testcase classname="ptolemy.util.test.junit.AutoTests" name="[3] /home/travis/build/icyphy/ptII/ptolemy/domains/sdf/lib/test/auto/Autocorrelation2.xml (RunModel)" time="0.056" />
  <testcase classname="ptolemy.util.test.junit.AutoTests" name="[4] /home/travis/build/icyphy/ptII/ptolemy/domains/sdf/lib/test/auto/Autocorrelation3.xml (RunModel)" time="0.045" />
  <testcase classname="ptolemy.util.test.junit.AutoTests" name="[5] /home/travis/build/icyphy/ptII/ptolemy/domains/sdf/lib/test/auto/Autocorrelation4.xml (RunModel)" time="0.028" />
  <testcase classname="ptolemy.util.test.junit.AutoTests" name="[6] /home/travis/build/icyphy/ptII/ptolemy/domains/sdf/lib/test/auto/Autocorrelation5.xml (RunModel)" time="0.102" />
  <testcase classname="ptolemy.util.test.junit.AutoTests" name="[7] /home/travis/build/icyphy/ptII/ptolemy/domains/sdf/lib/test/auto/BitsToInt.xml (RunModel)" time="0.033" />
  <testcase classname="ptolemy.util.test.junit.AutoTests" name="[8] /home/travis/build/icyphy/ptII/ptolemy/domains/sdf/lib/test/auto/BooleanJoin.xml (RunModel)" time="0.039" />
  <testcase classname="ptolemy.util.test.junit.AutoTests" name="[9] /home/travis/build/icyphy/ptII/ptolemy/domains/sdf/lib/test/auto/BootstrapSampleDelay.xml (RunModel)" time="0.047" />
  <testcase classname="ptolemy.util.test.junit.AutoTests" name="[10] /home/travis/build/icyphy/ptII/ptolemy/domains/sdf/lib/test/auto/Chop.xml (RunModel)" time="0.062" />
  <testcase classname="ptolemy.util.test.junit.AutoTests" name="[11] /home/travis/build/icyphy/ptII/ptolemy/domains/sdf/lib/test/auto/Chop2.xml (RunModel)" time="0.049" />
  <testcase classname="ptolemy.util.test.junit.AutoTests" name="[12] /home/travis/build/icyphy/ptII/ptolemy/domains/sdf/lib/test/auto/ComplexJoin.xml (RunModel)" time="0.036" />
  <testcase classname="ptolemy.util.test.junit.AutoTests" name="[13] /home/travis/build/icyphy/ptII/ptolemy/domains/sdf/lib/test/auto/CountTrues.xml (RunModel)" time="0.026" />
  <testcase classname="ptolemy.util.test.junit.AutoTests" name="[14] /home/travis/build/icyphy/ptII/ptolemy/domains/sdf/lib/test/auto/DelayLine.xml (RunModel)" time="0.036" />
  <testcase classname="ptolemy.util.test.junit.AutoTests" name="[15] /home/travis/build/icyphy/ptII/ptolemy/domains/sdf/lib/test/auto/DotProduct.xml (RunModel)" time="0.026" />
  <testcase classname="ptolemy.util.test.junit.AutoTests" name="[16] /home/travis/build/icyphy/ptII/ptolemy/domains/sdf/lib/test/auto/DotProductMatrix.xml (RunModel)" time="0.02" />
  <testcase classname="ptolemy.util.test.junit.AutoTests" name="[17] /home/travis/build/icyphy/ptII/ptolemy/domains/sdf/lib/test/auto/DownSample1.xml (RunModel)" time="0.021" />
  <testcase classname="ptolemy.util.test.junit.AutoTests" name="[18] /home/travis/build/icyphy/ptII/ptolemy/domains/sdf/lib/test/auto/DynamicRateChange.xml (RunModel)" time="0.036" />
  <testcase classname="ptolemy.util.test.junit.AutoTests" name="[19] /home/travis/build/icyphy/ptII/ptolemy/domains/sdf/lib/test/auto/DynamicRates.xml (RunModel)" time="0.031" />
  <testcase classname="ptolemy.util.test.junit.AutoTests" name="[20] /home/travis/build/icyphy/ptII/ptolemy/domains/sdf/lib/test/auto/FFT1.xml (RunModel)" time="0.043" />
  <testcase classname="ptolemy.util.test.junit.AutoTests" name="[21] /home/travis/build/icyphy/ptII/ptolemy/domains/sdf/lib/test/auto/FIR1.xml (RunModel)" time="0.056" />
  <testcase classname="ptolemy.util.test.junit.AutoTests" name="[22] /home/travis/build/icyphy/ptII/ptolemy/domains/sdf/lib/test/auto/FIR2.xml (RunModel)" time="0.021" />
  <testcase classname="ptolemy.util.test.junit.AutoTests" name="[23] /home/travis/build/icyphy/ptII/ptolemy/domains/sdf/lib/test/auto/FIR4.xml (RunModel)" time="0.046" />
  <testcase classname="ptolemy.util.test.junit.AutoTests" name="[24] /home/travis/build/icyphy/ptII/ptolemy/domains/sdf/lib/test/auto/FixJoin.xml (RunModel)" time="0.037" />
  <testcase classname="ptolemy.util.test.junit.AutoTests" name="[25] /home/travis/build/icyphy/ptII/ptolemy/domains/sdf/lib/test/auto/IntJoin1.xml (RunModel)" time="0.025" />
  <testcase classname="ptolemy.util.test.junit.AutoTests" name="[26] /home/travis/build/icyphy/ptII/ptolemy/domains/sdf/lib/test/auto/IntJoin2.xml (RunModel)" time="0.02" />
  <testcase classname="ptolemy.util.test.junit.AutoTests" name="[27] /home/travis/build/icyphy/ptII/ptolemy/domains/sdf/lib/test/auto/IntJoin3.xml (RunModel)" time="0.022" />
  <testcase classname="ptolemy.util.test.junit.AutoTests" name="[28] /home/travis/build/icyphy/ptII/ptolemy/domains/sdf/lib/test/auto/IntJoin4.xml (RunModel)" time="0.022" />
  <testcase classname="ptolemy.util.test.junit.AutoTests" name="[29] /home/travis/build/icyphy/ptII/ptolemy/domains/sdf/lib/test/auto/IntJoin5.xml (RunModel)" time="0.026" />
  <testcase classname="ptolemy.util.test.junit.AutoTests" name="[30] /home/travis/build/icyphy/ptII/ptolemy/domains/sdf/lib/test/auto/IntToBits.xml (RunModel)" time="0.021" />
  <testcase classname="ptolemy.util.test.junit.AutoTests" name="[31] /home/travis/build/icyphy/ptII/ptolemy/domains/sdf/lib/test/auto/LMSAdaptive.xml (RunModel)" time="0.091" />
  <testcase classname="ptolemy.util.test.junit.AutoTests" name="[32] /home/travis/build/icyphy/ptII/ptolemy/domains/sdf/lib/test/auto/LMSAdaptiveFIR.xml (RunModel)" time="0.381" />
  <testcase classname="ptolemy.util.test.junit.AutoTests" name="[33] /home/travis/build/icyphy/ptII/ptolemy/domains/sdf/lib/test/auto/LMSAdaptiveFIR2.xml (RunModel)" time="0.492" />
  <testcase classname="ptolemy.util.test.junit.AutoTests" name="[34] /home/travis/build/icyphy/ptII/ptolemy/domains/sdf/lib/test/auto/LongJoin.xml (RunModel)" time="0.036" />
  <testcase classname="ptolemy.util.test.junit.AutoTests" name="[35] /home/travis/build/icyphy/ptII/ptolemy/domains/sdf/lib/test/auto/Matrix1.xml (RunModel)" time="0.028" />
  <testcase classname="ptolemy.util.test.junit.AutoTests" name="[36] /home/travis/build/icyphy/ptII/ptolemy/domains/sdf/lib/test/auto/Matrix2.xml (RunModel)" time="0.025" />
  <testcase classname="ptolemy.util.test.junit.AutoTests" name="[37] /home/travis/build/icyphy/ptII/ptolemy/domains/sdf/lib/test/auto/MatrixJoin1.xml (RunModel)" time="0.057" />
  <testcase classname="ptolemy.util.test.junit.AutoTests" name="[38] /home/travis/build/icyphy/ptII/ptolemy/domains/sdf/lib/test/auto/MatrixJoin2.xml (RunModel)" time="0.026" />
  <testcase classname="ptolemy.util.test.junit.AutoTests" name="[39] /home/travis/build/icyphy/ptII/ptolemy/domains/sdf/lib/test/auto/MatrixJoin3.xml (RunModel)" time="0.03" />
  <testcase classname="ptolemy.util.test.junit.AutoTests" name="[40] /home/travis/build/icyphy/ptII/ptolemy/domains/sdf/lib/test/auto/MatrixJoin4.xml (RunModel)" time="0.03" />
  <testcase classname="ptolemy.util.test.junit.AutoTests" name="[41] /home/travis/build/icyphy/ptII/ptolemy/domains/sdf/lib/test/auto/MatrixJoin5.xml (RunModel)" time="0.025" />
  <testcase classname="ptolemy.util.test.junit.AutoTests" name="[42] /home/travis/build/icyphy/ptII/ptolemy/domains/sdf/lib/test/auto/MatrixSplit1.xml (RunModel)" time="0.044" />
  <testcase classname="ptolemy.util.test.junit.AutoTests" name="[43] /home/travis/build/icyphy/ptII/ptolemy/domains/sdf/lib/test/auto/MatrixSplit10.xml (RunModel)" time="0.028" />
  <testcase classname="ptolemy.util.test.junit.AutoTests" name="[44] /home/travis/build/icyphy/ptII/ptolemy/domains/sdf/lib/test/auto/MatrixSplit11.xml (RunModel)" time="0.024" />
  <testcase classname="ptolemy.util.test.junit.AutoTests" name="[45] /home/travis/build/icyphy/ptII/ptolemy/domains/sdf/lib/test/auto/MatrixSplit12.xml (RunModel)" time="0.034" />
  <testcase classname="ptolemy.util.test.junit.AutoTests" name="[46] /home/travis/build/icyphy/ptII/ptolemy/domains/sdf/lib/test/auto/MatrixSplit13.xml (RunModel)" time="0.031" />
  <testcase classname="ptolemy.util.test.junit.AutoTests" name="[47] /home/travis/build/icyphy/ptII/ptolemy/domains/sdf/lib/test/auto/MatrixSplit14.xml (RunModel)" time="0.018" />
  <testcase classname="ptolemy.util.test.junit.AutoTests" name="[48] /home/travis/build/icyphy/ptII/ptolemy/domains/sdf/lib/test/auto/MatrixSplit2.xml (RunModel)" time="0.025" />
  <testcase classname="ptolemy.util.test.junit.AutoTests" name="[49] /home/travis/build/icyphy/ptII/ptolemy/domains/sdf/lib/test/auto/MatrixSplit3.xml (RunModel)" time="0.02" />
  <testcase classname="ptolemy.util.test.junit.AutoTests" name="[50] /home/travis/build/icyphy/ptII/ptolemy/domains/sdf/lib/test/auto/MatrixSplit4.xml (RunModel)" time="0.024" />
  <testcase classname="ptolemy.util.test.junit.AutoTests" name="[51] /home/travis/build/icyphy/ptII/ptolemy/domains/sdf/lib/test/auto/MatrixSplit5.xml (RunModel)" time="0.018" />
  <testcase classname="ptolemy.util.test.junit.AutoTests" name="[52] /home/travis/build/icyphy/ptII/ptolemy/domains/sdf/lib/test/auto/MatrixSplit6.xml (RunModel)" time="0.018" />
  <testcase classname="ptolemy.util.test.junit.AutoTests" name="[53] /home/travis/build/icyphy/ptII/ptolemy/domains/sdf/lib/test/auto/MatrixSplit7.xml (RunModel)" time="0.022" />
  <testcase classname="ptolemy.util.test.junit.AutoTests" name="[54] /home/travis/build/icyphy/ptII/ptolemy/domains/sdf/lib/test/auto/MatrixSplit8.xml (RunModel)" time="0.017" />
  <testcase classname="ptolemy.util.test.junit.AutoTests" name="[55] /home/travis/build/icyphy/ptII/ptolemy/domains/sdf/lib/test/auto/MatrixSplit9.xml (RunModel)" time="0.037" />
  <testcase classname="ptolemy.util.test.junit.AutoTests" name="[56] /home/travis/build/icyphy/ptII/ptolemy/domains/sdf/lib/test/auto/MatrixToSequence.xml (RunModel)" time="0.054" />
  <testcase classname="ptolemy.util.test.junit.AutoTests" name="[57] /home/travis/build/icyphy/ptII/ptolemy/domains/sdf/lib/test/auto/MaximumEntropySpectrum.xml (RunModel)" time="0.097" />
  <testcase classname="ptolemy.util.test.junit.AutoTests" name="[58] /home/travis/build/icyphy/ptII/ptolemy/domains/sdf/lib/test/auto/SampleDelayConversion.xml (RunModel)" time="0.024" />
  <testcase classname="ptolemy.util.test.junit.AutoTests" name="[59] /home/travis/build/icyphy/ptII/ptolemy/domains/sdf/lib/test/auto/SequenceToArray.xml (RunModel)" time="0.046" />
  <testcase classname="ptolemy.util.test.junit.AutoTests" name="[60] /home/travis/build/icyphy/ptII/ptolemy/domains/sdf/lib/test/auto/SequenceToMatrix.xml (RunModel)" time="3.712" />
  <testcase classname="ptolemy.util.test.junit.AutoTests" name="[61] /home/travis/build/icyphy/ptII/ptolemy/domains/sdf/lib/test/auto/SmoothedPeriodogram.xml (RunModel)" time="0.067" />
  <testcase classname="ptolemy.util.test.junit.AutoTests" name="[62] /home/travis/build/icyphy/ptII/ptolemy/domains/sdf/lib/test/auto/UpDownSample1.xml (RunModel)" time="0.029" />
  <testcase classname="ptolemy.util.test.junit.AutoTests" name="[63] /home/travis/build/icyphy/ptII/ptolemy/domains/sdf/lib/test/auto/UpSample1.xml (RunModel)" time="0.036" />
  <testcase classname="ptolemy.util.test.junit.AutoTests" name="[64] /home/travis/build/icyphy/ptII/ptolemy/domains/sdf/lib/test/auto/VariableFIR.xml (RunModel)" time="0.042" />
  <testcase classname="ptolemy.util.test.junit.AutoTests" name="[65] /home/travis/build/icyphy/ptII/ptolemy/domains/sdf/lib/test/auto/VariableFIR2.xml (RunModel)" time="0.025" />
  <testcase classname="ptolemy.util.test.junit.AutoTests" name="[66] /home/travis/build/icyphy/ptII/ptolemy/domains/sdf/lib/test/auto/VariableLattice.xml (RunModel)" time="0.029" />
  <testcase classname="ptolemy.util.test.junit.AutoTests" name="[67] /home/travis/build/icyphy/ptII/ptolemy/domains/sdf/lib/test/auto/VariableLattice2.xml (RunModel)" time="0.029" />
  <testcase classname="ptolemy.util.test.junit.AutoTests" name="[68] /home/travis/build/icyphy/ptII/ptolemy/domains/sdf/lib/test/auto/VariableRecursiveLattice.xml (RunModel)" time="0.02" />
  <testcase classname="ptolemy.util.test.junit.AutoTests" name="[69] /home/travis/build/icyphy/ptII/ptolemy/domains/sdf/lib/test/auto/VariableRecursiveLattice2.xml (RunModel)" time="0.026" />
  <system-out><![CDATA[/home/travis/build/icyphy/ptII/ptolemy/domains/sdf/lib/test/ArrayToSequence.tcl
testDefs.tcl: setting time out to 9000 seconds at Thu May 10 15:07:55 UTC 2018
58 ms. Memory: 116224K Free: 85504K (74%)
18 ms. Memory: 116224K Free: 110114K (95%)
22 ms. Memory: 116224K Free: 107721K (93%)
23 ms. Memory: 116224K Free: 106456K (92%)
/home/travis/build/icyphy/ptII/ptolemy/domains/sdf/lib/test/BitsToInt.tcl
12 ms. Memory: 116224K Free: 104655K (90%)
10 ms. Memory: 116224K Free: 102814K (88%)
/home/travis/build/icyphy/ptII/ptolemy/domains/sdf/lib/test/DelayLine.tcl
6 ms. Memory: 116224K Free: 100981K (87%)
/home/travis/build/icyphy/ptII/ptolemy/domains/sdf/lib/test/FFT.tcl
5 ms. Memory: 116224K Free: 99201K (85%)
/home/travis/build/icyphy/ptII/ptolemy/domains/sdf/lib/test/FIR.tcl
13 ms. Memory: 116224K Free: 97408K (84%)
6 ms. Memory: 116224K Free: 96199K (83%)
ptolemy.kernel.util.IllegalActionException: multiplyReverse method not supported between ptolemy.data.FixToken 'fix(-0.0625,6,2)' and ptolemy.data.IntToken '1' because the types are incomparable.
  in .top.FIRclone
Because:
multiplyReverse method not supported between ptolemy.data.FixToken 'fix(-0.0625,6,2)' and ptolemy.data.IntToken '1' because the types are incomparable.
25 ms. Memory: 116224K Free: 93750K (81%)
/home/travis/build/icyphy/ptII/ptolemy/domains/sdf/lib/test/IntToBits.tcl
8 ms. Memory: 116224K Free: 92549K (80%)
17 ms. Memory: 116224K Free: 90771K (78%)
/home/travis/build/icyphy/ptII/ptolemy/domains/sdf/lib/test/MaximumEntropySpectrum.tcl
/home/travis/build/icyphy/ptII/ptolemy/domains/sdf/lib/test/Repeat.tcl
14 ms. Memory: 146944K Free: 119305K (81%)
/home/travis/build/icyphy/ptII/ptolemy/domains/sdf/lib/test/SampleDelay.tcl
4 ms. Memory: 146944K Free: 116918K (80%)
13 ms. Memory: 146944K Free: 116918K (80%)
4 ms. Memory: 146944K Free: 115709K (79%)
4 ms. Memory: 146944K Free: 114499K (78%)
11 ms. Memory: 146944K Free: 114499K (78%)
1 ms. Memory: 146944K Free: 114499K (78%)
/home/travis/build/icyphy/ptII/ptolemy/domains/sdf/lib/test/SequenceToArray.tcl
9 ms. Memory: 146944K Free: 112112K (76%)
6 ms. Memory: 146944K Free: 110919K (75%)
9 ms. Memory: 146944K Free: 109725K (75%)
4 ms. Memory: 146944K Free: 108532K (74%)
05/10/18 03:07:56
Failed: 0  Total Tests: 41  ((Passed: 41, Newly Passed: 0)  Known Failed: 0) /home/travis/build/icyphy/ptII/ptolemy/domains/sdf/lib/test
No auto/knownFailedTests/*.xml tests in /home/travis/build/icyphy/ptII/ptolemy/domains/sdf/lib/test
No auto/*.xml tests in /home/travis/build/icyphy/ptII/ptolemy/domains/sdf/lib/test
AutoTests.java: About to close Vertx.
AutoTests.java: Vertx closed.
----------------- testing Thu May 10 15:07:57 UTC 2018 /home/travis/build/icyphy/ptII/ptolemy/domains/sdf/lib/test/auto/ArrayToSequence.xml
----------------- Instantiating /home/travis/build/icyphy/ptII/ptolemy/domains/sdf/lib/test/auto/ArrayToSequence.xml
34 ms. Memory: 146944K Free: 127141K (87%)
----------------- Invoking toplevel() on ptolemy.moml.MoMLSimpleApplication@3913259b
----------------- Done invoking toplevel() on ptolemy.moml.MoMLSimpleApplication@3913259b
reloadAllAccessors: .ArrayToSequence
----------------- testing Thu May 10 15:07:57 UTC 2018 /home/travis/build/icyphy/ptII/ptolemy/domains/sdf/lib/test/auto/ArrayToSequenceTest.xml
----------------- Instantiating /home/travis/build/icyphy/ptII/ptolemy/domains/sdf/lib/test/auto/ArrayToSequenceTest.xml
8 ms. Memory: 146944K Free: 119668K (81%)
----------------- Invoking toplevel() on ptolemy.moml.MoMLSimpleApplication@a86d6eb
----------------- Done invoking toplevel() on ptolemy.moml.MoMLSimpleApplication@a86d6eb
reloadAllAccessors: .ArrayToSequenceTest
----------------- testing Thu May 10 15:07:57 UTC 2018 /home/travis/build/icyphy/ptII/ptolemy/domains/sdf/lib/test/auto/Autocorrelation.xml
----------------- Instantiating /home/travis/build/icyphy/ptII/ptolemy/domains/sdf/lib/test/auto/Autocorrelation.xml
2 ms. Memory: 146944K Free: 115082K (78%)
----------------- Invoking toplevel() on ptolemy.moml.MoMLSimpleApplication@5159bc45
----------------- Done invoking toplevel() on ptolemy.moml.MoMLSimpleApplication@5159bc45
reloadAllAccessors: .Autocorrelation
----------------- testing Thu May 10 15:07:57 UTC 2018 /home/travis/build/icyphy/ptII/ptolemy/domains/sdf/lib/test/auto/Autocorrelation2.xml
----------------- Instantiating /home/travis/build/icyphy/ptII/ptolemy/domains/sdf/lib/test/auto/Autocorrelation2.xml
7 ms. Memory: 146944K Free: 110407K (75%)
----------------- Invoking toplevel() on ptolemy.moml.MoMLSimpleApplication@5f4d5b19
----------------- Done invoking toplevel() on ptolemy.moml.MoMLSimpleApplication@5f4d5b19
reloadAllAccessors: .Autocorrelation2
----------------- testing Thu May 10 15:07:57 UTC 2018 /home/travis/build/icyphy/ptII/ptolemy/domains/sdf/lib/test/auto/Autocorrelation3.xml
----------------- Instantiating /home/travis/build/icyphy/ptII/ptolemy/domains/sdf/lib/test/auto/Autocorrelation3.xml
5 ms. Memory: 146944K Free: 105102K (72%)
----------------- Invoking toplevel() on ptolemy.moml.MoMLSimpleApplication@6e961a7d
----------------- Done invoking toplevel() on ptolemy.moml.MoMLSimpleApplication@6e961a7d
reloadAllAccessors: .Autocorrelation3
----------------- testing Thu May 10 15:07:57 UTC 2018 /home/travis/build/icyphy/ptII/ptolemy/domains/sdf/lib/test/auto/Autocorrelation4.xml
----------------- Instantiating /home/travis/build/icyphy/ptII/ptolemy/domains/sdf/lib/test/auto/Autocorrelation4.xml
5 ms. Memory: 146944K Free: 100264K (68%)
----------------- Invoking toplevel() on ptolemy.moml.MoMLSimpleApplication@766d19a
----------------- Done invoking toplevel() on ptolemy.moml.MoMLSimpleApplication@766d19a
reloadAllAccessors: .Autocorrelation4
----------------- testing Thu May 10 15:07:57 UTC 2018 /home/travis/build/icyphy/ptII/ptolemy/domains/sdf/lib/test/auto/Autocorrelation5.xml
----------------- Instantiating /home/travis/build/icyphy/ptII/ptolemy/domains/sdf/lib/test/auto/Autocorrelation5.xml
42 ms. Memory: 146944K Free: 93200K (63%)
----------------- Invoking toplevel() on ptolemy.moml.MoMLSimpleApplication@7fe8373e
----------------- Done invoking toplevel() on ptolemy.moml.MoMLSimpleApplication@7fe8373e
reloadAllAccessors: .Autocorrelation5
----------------- testing Thu May 10 15:07:57 UTC 2018 /home/travis/build/icyphy/ptII/ptolemy/domains/sdf/lib/test/auto/BitsToInt.xml
----------------- Instantiating /home/travis/build/icyphy/ptII/ptolemy/domains/sdf/lib/test/auto/BitsToInt.xml
5 ms. Memory: 146944K Free: 88730K (60%)
----------------- Invoking toplevel() on ptolemy.moml.MoMLSimpleApplication@4d8f3471
----------------- Done invoking toplevel() on ptolemy.moml.MoMLSimpleApplication@4d8f3471
reloadAllAccessors: .BitsToInt
----------------- testing Thu May 10 15:07:57 UTC 2018 /home/travis/build/icyphy/ptII/ptolemy/domains/sdf/lib/test/auto/BooleanJoin.xml
----------------- Instantiating /home/travis/build/icyphy/ptII/ptolemy/domains/sdf/lib/test/auto/BooleanJoin.xml
3 ms. Memory: 146944K Free: 84056K (57%)
----------------- Invoking toplevel() on ptolemy.moml.MoMLSimpleApplication@49dfdf96
----------------- Done invoking toplevel() on ptolemy.moml.MoMLSimpleApplication@49dfdf96
reloadAllAccessors: .BooleanJoin
----------------- testing Thu May 10 15:07:57 UTC 2018 /home/travis/build/icyphy/ptII/ptolemy/domains/sdf/lib/test/auto/BootstrapSampleDelay.xml
----------------- Instantiating /home/travis/build/icyphy/ptII/ptolemy/domains/sdf/lib/test/auto/BootstrapSampleDelay.xml
10 ms. Memory: 146944K Free: 80337K (55%)
----------------- Invoking toplevel() on ptolemy.moml.MoMLSimpleApplication@7aeaf2af
----------------- Done invoking toplevel() on ptolemy.moml.MoMLSimpleApplication@7aeaf2af
reloadAllAccessors: .BootstrapSampleDelay
----------------- testing Thu May 10 15:07:57 UTC 2018 /home/travis/build/icyphy/ptII/ptolemy/domains/sdf/lib/test/auto/Chop.xml
----------------- Instantiating /home/travis/build/icyphy/ptII/ptolemy/domains/sdf/lib/test/auto/Chop.xml
5 ms. Memory: 208384K Free: 193389K (93%)
----------------- Invoking toplevel() on ptolemy.moml.MoMLSimpleApplication@54fd36b9
----------------- Done invoking toplevel() on ptolemy.moml.MoMLSimpleApplication@54fd36b9
reloadAllAccessors: .Chop
----------------- testing Thu May 10 15:07:58 UTC 2018 /home/travis/build/icyphy/ptII/ptolemy/domains/sdf/lib/test/auto/Chop2.xml
----------------- Instantiating /home/travis/build/icyphy/ptII/ptolemy/domains/sdf/lib/test/auto/Chop2.xml
12 ms. Memory: 208384K Free: 185074K (89%)
----------------- Invoking toplevel() on ptolemy.moml.MoMLSimpleApplication@24c67262
----------------- Done invoking toplevel() on ptolemy.moml.MoMLSimpleApplication@24c67262
reloadAllAccessors: .Chop2
----------------- testing Thu May 10 15:07:58 UTC 2018 /home/travis/build/icyphy/ptII/ptolemy/domains/sdf/lib/test/auto/ComplexJoin.xml
----------------- Instantiating /home/travis/build/icyphy/ptII/ptolemy/domains/sdf/lib/test/auto/ComplexJoin.xml
5 ms. Memory: 208384K Free: 180127K (86%)
----------------- Invoking toplevel() on ptolemy.moml.MoMLSimpleApplication@1886f237
----------------- Done invoking toplevel() on ptolemy.moml.MoMLSimpleApplication@1886f237
reloadAllAccessors: .ComplexJoin
----------------- testing Thu May 10 15:07:58 UTC 2018 /home/travis/build/icyphy/ptII/ptolemy/domains/sdf/lib/test/auto/CountTrues.xml
----------------- Instantiating /home/travis/build/icyphy/ptII/ptolemy/domains/sdf/lib/test/auto/CountTrues.xml
5 ms. Memory: 208384K Free: 177039K (85%)
----------------- Invoking toplevel() on ptolemy.moml.MoMLSimpleApplication@30b88799
----------------- Done invoking toplevel() on ptolemy.moml.MoMLSimpleApplication@30b88799
reloadAllAccessors: .CountTrues
----------------- testing Thu May 10 15:07:58 UTC 2018 /home/travis/build/icyphy/ptII/ptolemy/domains/sdf/lib/test/auto/DelayLine.xml
----------------- Instantiating /home/travis/build/icyphy/ptII/ptolemy/domains/sdf/lib/test/auto/DelayLine.xml
5 ms. Memory: 208384K Free: 170894K (82%)
----------------- Invoking toplevel() on ptolemy.moml.MoMLSimpleApplication@252bd52e
----------------- Done invoking toplevel() on ptolemy.moml.MoMLSimpleApplication@252bd52e
reloadAllAccessors: .DelayLine
----------------- testing Thu May 10 15:07:58 UTC 2018 /home/travis/build/icyphy/ptII/ptolemy/domains/sdf/lib/test/auto/DotProduct.xml
----------------- Instantiating /home/travis/build/icyphy/ptII/ptolemy/domains/sdf/lib/test/auto/DotProduct.xml
4 ms. Memory: 208384K Free: 166263K (80%)
----------------- Invoking toplevel() on ptolemy.moml.MoMLSimpleApplication@4340eead
----------------- Done invoking toplevel() on ptolemy.moml.MoMLSimpleApplication@4340eead
reloadAllAccessors: .DotProduct
----------------- testing Thu May 10 15:07:58 UTC 2018 /home/travis/build/icyphy/ptII/ptolemy/domains/sdf/lib/test/auto/DotProductMatrix.xml
----------------- Instantiating /home/travis/build/icyphy/ptII/ptolemy/domains/sdf/lib/test/auto/DotProductMatrix.xml
4 ms. Memory: 208384K Free: 163159K (78%)
----------------- Invoking toplevel() on ptolemy.moml.MoMLSimpleApplication@45fdefb2
----------------- Done invoking toplevel() on ptolemy.moml.MoMLSimpleApplication@45fdefb2
reloadAllAccessors: .DotProductMatrix
----------------- testing Thu May 10 15:07:58 UTC 2018 /home/travis/build/icyphy/ptII/ptolemy/domains/sdf/lib/test/auto/DownSample1.xml
----------------- Instantiating /home/travis/build/icyphy/ptII/ptolemy/domains/sdf/lib/test/auto/DownSample1.xml
4 ms. Memory: 208384K Free: 159441K (77%)
----------------- Invoking toplevel() on ptolemy.moml.MoMLSimpleApplication@516aa4d0
----------------- Done invoking toplevel() on ptolemy.moml.MoMLSimpleApplication@516aa4d0
reloadAllAccessors: .DownSample1
----------------- testing Thu May 10 15:07:58 UTC 2018 /home/travis/build/icyphy/ptII/ptolemy/domains/sdf/lib/test/auto/DynamicRateChange.xml
----------------- Instantiating /home/travis/build/icyphy/ptII/ptolemy/domains/sdf/lib/test/auto/DynamicRateChange.xml
13 ms. Memory: 208384K Free: 153248K (74%)
----------------- Invoking toplevel() on ptolemy.moml.MoMLSimpleApplication@2bf40d28
----------------- Done invoking toplevel() on ptolemy.moml.MoMLSimpleApplication@2bf40d28
reloadAllAccessors: .DynamicRateChange
----------------- testing Thu May 10 15:07:58 UTC 2018 /home/travis/build/icyphy/ptII/ptolemy/domains/sdf/lib/test/auto/DynamicRates.xml
----------------- Instantiating /home/travis/build/icyphy/ptII/ptolemy/domains/sdf/lib/test/auto/DynamicRates.xml
8 ms. Memory: 208384K Free: 146146K (70%)
----------------- Invoking toplevel() on ptolemy.moml.MoMLSimpleApplication@7ffa2730
----------------- Done invoking toplevel() on ptolemy.moml.MoMLSimpleApplication@7ffa2730
reloadAllAccessors: .DynamicRates
----------------- testing Thu May 10 15:07:58 UTC 2018 /home/travis/build/icyphy/ptII/ptolemy/domains/sdf/lib/test/auto/FFT1.xml
----------------- Instantiating /home/travis/build/icyphy/ptII/ptolemy/domains/sdf/lib/test/auto/FFT1.xml
10 ms. Memory: 208384K Free: 141230K (68%)
----------------- Invoking toplevel() on ptolemy.moml.MoMLSimpleApplication@22b3ef6b
----------------- Done invoking toplevel() on ptolemy.moml.MoMLSimpleApplication@22b3ef6b
reloadAllAccessors: .FFT1
----------------- testing Thu May 10 15:07:58 UTC 2018 /home/travis/build/icyphy/ptII/ptolemy/domains/sdf/lib/test/auto/FIR1.xml
----------------- Instantiating /home/travis/build/icyphy/ptII/ptolemy/domains/sdf/lib/test/auto/FIR1.xml
23 ms. Memory: 208384K Free: 133195K (64%)
----------------- Invoking toplevel() on ptolemy.moml.MoMLSimpleApplication@1b2334a6
----------------- Done invoking toplevel() on ptolemy.moml.MoMLSimpleApplication@1b2334a6
reloadAllAccessors: .FIR1
----------------- testing Thu May 10 15:07:58 UTC 2018 /home/travis/build/icyphy/ptII/ptolemy/domains/sdf/lib/test/auto/FIR2.xml
----------------- Instantiating /home/travis/build/icyphy/ptII/ptolemy/domains/sdf/lib/test/auto/FIR2.xml
3 ms. Memory: 208384K Free: 129508K (62%)
----------------- Invoking toplevel() on ptolemy.moml.MoMLSimpleApplication@1c34d70e
----------------- Done invoking toplevel() on ptolemy.moml.MoMLSimpleApplication@1c34d70e
reloadAllAccessors: .FIR2
----------------- testing Thu May 10 15:07:58 UTC 2018 /home/travis/build/icyphy/ptII/ptolemy/domains/sdf/lib/test/auto/FIR4.xml
----------------- Instantiating /home/travis/build/icyphy/ptII/ptolemy/domains/sdf/lib/test/auto/FIR4.xml
9 ms. Memory: 208384K Free: 119318K (57%)
----------------- Invoking toplevel() on ptolemy.moml.MoMLSimpleApplication@18b40ef3
----------------- Done invoking toplevel() on ptolemy.moml.MoMLSimpleApplication@18b40ef3
reloadAllAccessors: .FIR4
----------------- testing Thu May 10 15:07:58 UTC 2018 /home/travis/build/icyphy/ptII/ptolemy/domains/sdf/lib/test/auto/FixJoin.xml
----------------- Instantiating /home/travis/build/icyphy/ptII/ptolemy/domains/sdf/lib/test/auto/FixJoin.xml
4 ms. Memory: 208384K Free: 114386K (55%)
----------------- Invoking toplevel() on ptolemy.moml.MoMLSimpleApplication@1aef6b52
----------------- Done invoking toplevel() on ptolemy.moml.MoMLSimpleApplication@1aef6b52
reloadAllAccessors: .FixJoin
----------------- testing Thu May 10 15:07:58 UTC 2018 /home/travis/build/icyphy/ptII/ptolemy/domains/sdf/lib/test/auto/IntJoin1.xml
----------------- Instantiating /home/travis/build/icyphy/ptII/ptolemy/domains/sdf/lib/test/auto/IntJoin1.xml
5 ms. Memory: 208384K Free: 110037K (53%)
----------------- Invoking toplevel() on ptolemy.moml.MoMLSimpleApplication@26c41f70
----------------- Done invoking toplevel() on ptolemy.moml.MoMLSimpleApplication@26c41f70
reloadAllAccessors: .IntJoin1
----------------- testing Thu May 10 15:07:58 UTC 2018 /home/travis/build/icyphy/ptII/ptolemy/domains/sdf/lib/test/auto/IntJoin2.xml
----------------- Instantiating /home/travis/build/icyphy/ptII/ptolemy/domains/sdf/lib/test/auto/IntJoin2.xml
4 ms. Memory: 208384K Free: 105106K (50%)
----------------- Invoking toplevel() on ptolemy.moml.MoMLSimpleApplication@21d08c
----------------- Done invoking toplevel() on ptolemy.moml.MoMLSimpleApplication@21d08c
reloadAllAccessors: .IntJoin2
----------------- testing Thu May 10 15:07:58 UTC 2018 /home/travis/build/icyphy/ptII/ptolemy/domains/sdf/lib/test/auto/IntJoin3.xml
----------------- Instantiating /home/travis/build/icyphy/ptII/ptolemy/domains/sdf/lib/test/auto/IntJoin3.xml
2 ms. Memory: 208384K Free: 99256K (48%)
----------------- Invoking toplevel() on ptolemy.moml.MoMLSimpleApplication@5d4c89ab
----------------- Done invoking toplevel() on ptolemy.moml.MoMLSimpleApplication@5d4c89ab
reloadAllAccessors: .IntJoin3
----------------- testing Thu May 10 15:07:58 UTC 2018 /home/travis/build/icyphy/ptII/ptolemy/domains/sdf/lib/test/auto/IntJoin4.xml
----------------- Instantiating /home/travis/build/icyphy/ptII/ptolemy/domains/sdf/lib/test/auto/IntJoin4.xml
3 ms. Memory: 208384K Free: 94325K (45%)
----------------- Invoking toplevel() on ptolemy.moml.MoMLSimpleApplication@3004b5c5
----------------- Done invoking toplevel() on ptolemy.moml.MoMLSimpleApplication@3004b5c5
reloadAllAccessors: .IntJoin4
----------------- testing Thu May 10 15:07:58 UTC 2018 /home/travis/build/icyphy/ptII/ptolemy/domains/sdf/lib/test/auto/IntJoin5.xml
----------------- Instantiating /home/travis/build/icyphy/ptII/ptolemy/domains/sdf/lib/test/auto/IntJoin5.xml
3 ms. Memory: 208384K Free: 89401K (43%)
----------------- Invoking toplevel() on ptolemy.moml.MoMLSimpleApplication@3ba63b3b
----------------- Done invoking toplevel() on ptolemy.moml.MoMLSimpleApplication@3ba63b3b
reloadAllAccessors: .IntJoin5
----------------- testing Thu May 10 15:07:58 UTC 2018 /home/travis/build/icyphy/ptII/ptolemy/domains/sdf/lib/test/auto/IntToBits.xml
----------------- Instantiating /home/travis/build/icyphy/ptII/ptolemy/domains/sdf/lib/test/auto/IntToBits.xml
5 ms. Memory: 208384K Free: 86313K (41%)
----------------- Invoking toplevel() on ptolemy.moml.MoMLSimpleApplication@35cc13ee
----------------- Done invoking toplevel() on ptolemy.moml.MoMLSimpleApplication@35cc13ee
reloadAllAccessors: .IntToBits
----------------- testing Thu May 10 15:07:58 UTC 2018 /home/travis/build/icyphy/ptII/ptolemy/domains/sdf/lib/test/auto/LMSAdaptive.xml
----------------- Instantiating /home/travis/build/icyphy/ptII/ptolemy/domains/sdf/lib/test/auto/LMSAdaptive.xml
11 ms. Memory: 208384K Free: 197892K (95%)
----------------- Invoking toplevel() on ptolemy.moml.MoMLSimpleApplication@6de757c9
----------------- Done invoking toplevel() on ptolemy.moml.MoMLSimpleApplication@6de757c9
reloadAllAccessors: .LMSAdaptive
----------------- testing Thu May 10 15:07:58 UTC 2018 /home/travis/build/icyphy/ptII/ptolemy/domains/sdf/lib/test/auto/LMSAdaptiveFIR.xml
----------------- Instantiating /home/travis/build/icyphy/ptII/ptolemy/domains/sdf/lib/test/auto/LMSAdaptiveFIR.xml
267 ms. Memory: 208384K Free: 156663K (75%)
----------------- Invoking toplevel() on ptolemy.moml.MoMLSimpleApplication@43dfcca5
----------------- Done invoking toplevel() on ptolemy.moml.MoMLSimpleApplication@43dfcca5
reloadAllAccessors: .LMSAdaptiveFIR
----------------- testing Thu May 10 15:07:59 UTC 2018 /home/travis/build/icyphy/ptII/ptolemy/domains/sdf/lib/test/auto/LMSAdaptiveFIR2.xml
----------------- Instantiating /home/travis/build/icyphy/ptII/ptolemy/domains/sdf/lib/test/auto/LMSAdaptiveFIR2.xml
370 ms. Memory: 208384K Free: 95969K (46%)
----------------- Invoking toplevel() on ptolemy.moml.MoMLSimpleApplication@1ffbde14
----------------- Done invoking toplevel() on ptolemy.moml.MoMLSimpleApplication@1ffbde14
reloadAllAccessors: .LMSAdaptiveFIR2
----------------- testing Thu May 10 15:07:59 UTC 2018 /home/travis/build/icyphy/ptII/ptolemy/domains/sdf/lib/test/auto/LongJoin.xml
----------------- Instantiating /home/travis/build/icyphy/ptII/ptolemy/domains/sdf/lib/test/auto/LongJoin.xml
5 ms. Memory: 208384K Free: 89934K (43%)
----------------- Invoking toplevel() on ptolemy.moml.MoMLSimpleApplication@55d1c79e
----------------- Done invoking toplevel() on ptolemy.moml.MoMLSimpleApplication@55d1c79e
reloadAllAccessors: .LongJoin
----------------- testing Thu May 10 15:07:59 UTC 2018 /home/travis/build/icyphy/ptII/ptolemy/domains/sdf/lib/test/auto/Matrix1.xml
----------------- Instantiating /home/travis/build/icyphy/ptII/ptolemy/domains/sdf/lib/test/auto/Matrix1.xml
7 ms. Memory: 208384K Free: 85838K (41%)
----------------- Invoking toplevel() on ptolemy.moml.MoMLSimpleApplication@17b6296e
----------------- Done invoking toplevel() on ptolemy.moml.MoMLSimpleApplication@17b6296e
reloadAllAccessors: .Matrix1
----------------- testing Thu May 10 15:07:59 UTC 2018 /home/travis/build/icyphy/ptII/ptolemy/domains/sdf/lib/test/auto/Matrix2.xml
----------------- Instantiating /home/travis/build/icyphy/ptII/ptolemy/domains/sdf/lib/test/auto/Matrix2.xml
6 ms. Memory: 208384K Free: 81742K (39%)
----------------- Invoking toplevel() on ptolemy.moml.MoMLSimpleApplication@29569135
----------------- Done invoking toplevel() on ptolemy.moml.MoMLSimpleApplication@29569135
reloadAllAccessors: .Matrix2
----------------- testing Thu May 10 15:07:59 UTC 2018 /home/travis/build/icyphy/ptII/ptolemy/domains/sdf/lib/test/auto/MatrixJoin1.xml
----------------- Instantiating /home/travis/build/icyphy/ptII/ptolemy/domains/sdf/lib/test/auto/MatrixJoin1.xml
5 ms. Memory: 332800K Free: 322338K (97%)
----------------- Invoking toplevel() on ptolemy.moml.MoMLSimpleApplication@5caa1f52
----------------- Done invoking toplevel() on ptolemy.moml.MoMLSimpleApplication@5caa1f52
reloadAllAccessors: .MatrixJoin1
----------------- testing Thu May 10 15:07:59 UTC 2018 /home/travis/build/icyphy/ptII/ptolemy/domains/sdf/lib/test/auto/MatrixJoin2.xml
----------------- Instantiating /home/travis/build/icyphy/ptII/ptolemy/domains/sdf/lib/test/auto/MatrixJoin2.xml
5 ms. Memory: 332800K Free: 314064K (94%)
----------------- Invoking toplevel() on ptolemy.moml.MoMLSimpleApplication@697c20c2
----------------- Done invoking toplevel() on ptolemy.moml.MoMLSimpleApplication@697c20c2
reloadAllAccessors: .MatrixJoin2
----------------- testing Thu May 10 15:07:59 UTC 2018 /home/travis/build/icyphy/ptII/ptolemy/domains/sdf/lib/test/auto/MatrixJoin3.xml
----------------- Instantiating /home/travis/build/icyphy/ptII/ptolemy/domains/sdf/lib/test/auto/MatrixJoin3.xml
4 ms. Memory: 332800K Free: 307478K (92%)
----------------- Invoking toplevel() on ptolemy.moml.MoMLSimpleApplication@12a2338d
----------------- Done invoking toplevel() on ptolemy.moml.MoMLSimpleApplication@12a2338d
reloadAllAccessors: .MatrixJoin3
----------------- testing Thu May 10 15:07:59 UTC 2018 /home/travis/build/icyphy/ptII/ptolemy/domains/sdf/lib/test/auto/MatrixJoin4.xml
----------------- Instantiating /home/travis/build/icyphy/ptII/ptolemy/domains/sdf/lib/test/auto/MatrixJoin4.xml
3 ms. Memory: 332800K Free: 300892K (90%)
----------------- Invoking toplevel() on ptolemy.moml.MoMLSimpleApplication@453ef27f
----------------- Done invoking toplevel() on ptolemy.moml.MoMLSimpleApplication@453ef27f
reloadAllAccessors: .MatrixJoin4
----------------- testing Thu May 10 15:07:59 UTC 2018 /home/travis/build/icyphy/ptII/ptolemy/domains/sdf/lib/test/auto/MatrixJoin5.xml
----------------- Instantiating /home/travis/build/icyphy/ptII/ptolemy/domains/sdf/lib/test/auto/MatrixJoin5.xml
5 ms. Memory: 332800K Free: 292903K (88%)
----------------- Invoking toplevel() on ptolemy.moml.MoMLSimpleApplication@4128e863
----------------- Done invoking toplevel() on ptolemy.moml.MoMLSimpleApplication@4128e863
reloadAllAccessors: .MatrixJoin5
----------------- testing Thu May 10 15:07:59 UTC 2018 /home/travis/build/icyphy/ptII/ptolemy/domains/sdf/lib/test/auto/MatrixSplit1.xml
----------------- Instantiating /home/travis/build/icyphy/ptII/ptolemy/domains/sdf/lib/test/auto/MatrixSplit1.xml
4 ms. Memory: 332800K Free: 286350K (86%)
----------------- Invoking toplevel() on ptolemy.moml.MoMLSimpleApplication@d02fc1d
----------------- Done invoking toplevel() on ptolemy.moml.MoMLSimpleApplication@d02fc1d
reloadAllAccessors: .MatrixSplit1
----------------- testing Thu May 10 15:07:59 UTC 2018 /home/travis/build/icyphy/ptII/ptolemy/domains/sdf/lib/test/auto/MatrixSplit10.xml
----------------- Instantiating /home/travis/build/icyphy/ptII/ptolemy/domains/sdf/lib/test/auto/MatrixSplit10.xml
3 ms. Memory: 332800K Free: 281434K (85%)
----------------- Invoking toplevel() on ptolemy.moml.MoMLSimpleApplication@2205a904
----------------- Done invoking toplevel() on ptolemy.moml.MoMLSimpleApplication@2205a904
reloadAllAccessors: .MatrixSplit10
----------------- testing Thu May 10 15:07:59 UTC 2018 /home/travis/build/icyphy/ptII/ptolemy/domains/sdf/lib/test/auto/MatrixSplit11.xml
----------------- Instantiating /home/travis/build/icyphy/ptII/ptolemy/domains/sdf/lib/test/auto/MatrixSplit11.xml
2 ms. Memory: 332800K Free: 276519K (83%)
----------------- Invoking toplevel() on ptolemy.moml.MoMLSimpleApplication@192fda31
----------------- Done invoking toplevel() on ptolemy.moml.MoMLSimpleApplication@192fda31
reloadAllAccessors: .MatrixSplit11
----------------- testing Thu May 10 15:07:59 UTC 2018 /home/travis/build/icyphy/ptII/ptolemy/domains/sdf/lib/test/auto/MatrixSplit12.xml
----------------- Instantiating /home/travis/build/icyphy/ptII/ptolemy/domains/sdf/lib/test/auto/MatrixSplit12.xml
3 ms. Memory: 332800K Free: 270201K (81%)
----------------- Invoking toplevel() on ptolemy.moml.MoMLSimpleApplication@685be65c
----------------- Done invoking toplevel() on ptolemy.moml.MoMLSimpleApplication@685be65c
reloadAllAccessors: .MatrixSplit12
----------------- testing Thu May 10 15:08:00 UTC 2018 /home/travis/build/icyphy/ptII/ptolemy/domains/sdf/lib/test/auto/MatrixSplit13.xml
----------------- Instantiating /home/travis/build/icyphy/ptII/ptolemy/domains/sdf/lib/test/auto/MatrixSplit13.xml
3 ms. Memory: 332800K Free: 265285K (80%)
----------------- Invoking toplevel() on ptolemy.moml.MoMLSimpleApplication@f448f1c
----------------- Done invoking toplevel() on ptolemy.moml.MoMLSimpleApplication@f448f1c
reloadAllAccessors: .MatrixSplit13
----------------- testing Thu May 10 15:08:00 UTC 2018 /home/travis/build/icyphy/ptII/ptolemy/domains/sdf/lib/test/auto/MatrixSplit14.xml
----------------- Instantiating /home/travis/build/icyphy/ptII/ptolemy/domains/sdf/lib/test/auto/MatrixSplit14.xml
2 ms. Memory: 332800K Free: 260370K (78%)
----------------- Invoking toplevel() on ptolemy.moml.MoMLSimpleApplication@67e1d459
----------------- Done invoking toplevel() on ptolemy.moml.MoMLSimpleApplication@67e1d459
reloadAllAccessors: .MatrixSplit14
----------------- testing Thu May 10 15:08:00 UTC 2018 /home/travis/build/icyphy/ptII/ptolemy/domains/sdf/lib/test/auto/MatrixSplit2.xml
----------------- Instantiating /home/travis/build/icyphy/ptII/ptolemy/domains/sdf/lib/test/auto/MatrixSplit2.xml
4 ms. Memory: 332800K Free: 254052K (76%)
----------------- Invoking toplevel() on ptolemy.moml.MoMLSimpleApplication@458e8de0
----------------- Done invoking toplevel() on ptolemy.moml.MoMLSimpleApplication@458e8de0
reloadAllAccessors: .MatrixSplit2
----------------- testing Thu May 10 15:08:00 UTC 2018 /home/travis/build/icyphy/ptII/ptolemy/domains/sdf/lib/test/auto/MatrixSplit3.xml
----------------- Instantiating /home/travis/build/icyphy/ptII/ptolemy/domains/sdf/lib/test/auto/MatrixSplit3.xml
2 ms. Memory: 332800K Free: 249136K (75%)
----------------- Invoking toplevel() on ptolemy.moml.MoMLSimpleApplication@36545e70
----------------- Done invoking toplevel() on ptolemy.moml.MoMLSimpleApplication@36545e70
reloadAllAccessors: .MatrixSplit3
----------------- testing Thu May 10 15:08:00 UTC 2018 /home/travis/build/icyphy/ptII/ptolemy/domains/sdf/lib/test/auto/MatrixSplit4.xml
----------------- Instantiating /home/travis/build/icyphy/ptII/ptolemy/domains/sdf/lib/test/auto/MatrixSplit4.xml
3 ms. Memory: 332800K Free: 244221K (73%)
----------------- Invoking toplevel() on ptolemy.moml.MoMLSimpleApplication@79c3a523
----------------- Done invoking toplevel() on ptolemy.moml.MoMLSimpleApplication@79c3a523
reloadAllAccessors: .MatrixSplit4
----------------- testing Thu May 10 15:08:00 UTC 2018 /home/travis/build/icyphy/ptII/ptolemy/domains/sdf/lib/test/auto/MatrixSplit5.xml
----------------- Instantiating /home/travis/build/icyphy/ptII/ptolemy/domains/sdf/lib/test/auto/MatrixSplit5.xml
2 ms. Memory: 332800K Free: 237903K (71%)
----------------- Invoking toplevel() on ptolemy.moml.MoMLSimpleApplication@e3918b3
----------------- Done invoking toplevel() on ptolemy.moml.MoMLSimpleApplication@e3918b3
reloadAllAccessors: .MatrixSplit5
----------------- testing Thu May 10 15:08:00 UTC 2018 /home/travis/build/icyphy/ptII/ptolemy/domains/sdf/lib/test/auto/MatrixSplit6.xml
----------------- Instantiating /home/travis/build/icyphy/ptII/ptolemy/domains/sdf/lib/test/auto/MatrixSplit6.xml
1 ms. Memory: 332800K Free: 232988K (70%)
----------------- Invoking toplevel() on ptolemy.moml.MoMLSimpleApplication@307e99c7
----------------- Done invoking toplevel() on ptolemy.moml.MoMLSimpleApplication@307e99c7
reloadAllAccessors: .MatrixSplit6
----------------- testing Thu May 10 15:08:00 UTC 2018 /home/travis/build/icyphy/ptII/ptolemy/domains/sdf/lib/test/auto/MatrixSplit7.xml
----------------- Instantiating /home/travis/build/icyphy/ptII/ptolemy/domains/sdf/lib/test/auto/MatrixSplit7.xml
2 ms. Memory: 332800K Free: 228072K (69%)
----------------- Invoking toplevel() on ptolemy.moml.MoMLSimpleApplication@e3607d7
----------------- Done invoking toplevel() on ptolemy.moml.MoMLSimpleApplication@e3607d7
reloadAllAccessors: .MatrixSplit7
----------------- testing Thu May 10 15:08:00 UTC 2018 /home/travis/build/icyphy/ptII/ptolemy/domains/sdf/lib/test/auto/MatrixSplit8.xml
----------------- Instantiating /home/travis/build/icyphy/ptII/ptolemy/domains/sdf/lib/test/auto/MatrixSplit8.xml
2 ms. Memory: 332800K Free: 223157K (67%)
----------------- Invoking toplevel() on ptolemy.moml.MoMLSimpleApplication@2a57ecc9
----------------- Done invoking toplevel() on ptolemy.moml.MoMLSimpleApplication@2a57ecc9
reloadAllAccessors: .MatrixSplit8
----------------- testing Thu May 10 15:08:00 UTC 2018 /home/travis/build/icyphy/ptII/ptolemy/domains/sdf/lib/test/auto/MatrixSplit9.xml
----------------- Instantiating /home/travis/build/icyphy/ptII/ptolemy/domains/sdf/lib/test/auto/MatrixSplit9.xml
3 ms. Memory: 332800K Free: 216839K (65%)
----------------- Invoking toplevel() on ptolemy.moml.MoMLSimpleApplication@45e8f2a2
----------------- Done invoking toplevel() on ptolemy.moml.MoMLSimpleApplication@45e8f2a2
reloadAllAccessors: .MatrixSplit9
----------------- testing Thu May 10 15:08:00 UTC 2018 /home/travis/build/icyphy/ptII/ptolemy/domains/sdf/lib/test/auto/MatrixToSequence.xml
----------------- Instantiating /home/travis/build/icyphy/ptII/ptolemy/domains/sdf/lib/test/auto/MatrixToSequence.xml
11 ms. Memory: 332800K Free: 205370K (62%)
----------------- Invoking toplevel() on ptolemy.moml.MoMLSimpleApplication@2b6b5fd0
----------------- Done invoking toplevel() on ptolemy.moml.MoMLSimpleApplication@2b6b5fd0
reloadAllAccessors: .MatrixToSequence
----------------- testing Thu May 10 15:08:00 UTC 2018 /home/travis/build/icyphy/ptII/ptolemy/domains/sdf/lib/test/auto/MaximumEntropySpectrum.xml
----------------- Instantiating /home/travis/build/icyphy/ptII/ptolemy/domains/sdf/lib/test/auto/MaximumEntropySpectrum.xml
11 ms. Memory: 332800K Free: 180761K (54%)
----------------- Invoking toplevel() on ptolemy.moml.MoMLSimpleApplication@45ada75f
----------------- Done invoking toplevel() on ptolemy.moml.MoMLSimpleApplication@45ada75f
reloadAllAccessors: .MaximumEntropySpectrum
----------------- testing Thu May 10 15:08:00 UTC 2018 /home/travis/build/icyphy/ptII/ptolemy/domains/sdf/lib/test/auto/SampleDelayConversion.xml
----------------- Instantiating /home/travis/build/icyphy/ptII/ptolemy/domains/sdf/lib/test/auto/SampleDelayConversion.xml
3 ms. Memory: 332800K Free: 174443K (52%)
----------------- Invoking toplevel() on ptolemy.moml.MoMLSimpleApplication@44231b3f
----------------- Done invoking toplevel() on ptolemy.moml.MoMLSimpleApplication@44231b3f
reloadAllAccessors: .SampleDelayConversion
----------------- testing Thu May 10 15:08:00 UTC 2018 /home/travis/build/icyphy/ptII/ptolemy/domains/sdf/lib/test/auto/SequenceToArray.xml
----------------- Instantiating /home/travis/build/icyphy/ptII/ptolemy/domains/sdf/lib/test/auto/SequenceToArray.xml
10 ms. Memory: 332800K Free: 161319K (48%)
----------------- Invoking toplevel() on ptolemy.moml.MoMLSimpleApplication@3b27da5
----------------- Done invoking toplevel() on ptolemy.moml.MoMLSimpleApplication@3b27da5
reloadAllAccessors: .SequenceToArray
----------------- testing Thu May 10 15:08:00 UTC 2018 /home/travis/build/icyphy/ptII/ptolemy/domains/sdf/lib/test/auto/SequenceToMatrix.xml
----------------- Instantiating /home/travis/build/icyphy/ptII/ptolemy/domains/sdf/lib/test/auto/SequenceToMatrix.xml
3685 ms. Memory: 579072K Free: 538291K (93%)
----------------- Invoking toplevel() on ptolemy.moml.MoMLSimpleApplication@68376dcf
----------------- Done invoking toplevel() on ptolemy.moml.MoMLSimpleApplication@68376dcf
reloadAllAccessors: .SequenceToMatrix
----------------- testing Thu May 10 15:08:04 UTC 2018 /home/travis/build/icyphy/ptII/ptolemy/domains/sdf/lib/test/auto/SmoothedPeriodogram.xml
----------------- Instantiating /home/travis/build/icyphy/ptII/ptolemy/domains/sdf/lib/test/auto/SmoothedPeriodogram.xml
15 ms. Memory: 579072K Free: 514940K (89%)
----------------- Invoking toplevel() on ptolemy.moml.MoMLSimpleApplication@65f776f6
----------------- Done invoking toplevel() on ptolemy.moml.MoMLSimpleApplication@65f776f6
reloadAllAccessors: .SmoothedPeriodogram
----------------- testing Thu May 10 15:08:04 UTC 2018 /home/travis/build/icyphy/ptII/ptolemy/domains/sdf/lib/test/auto/UpDownSample1.xml
----------------- Instantiating /home/travis/build/icyphy/ptII/ptolemy/domains/sdf/lib/test/auto/UpDownSample1.xml
4 ms. Memory: 579072K Free: 508393K (88%)
----------------- Invoking toplevel() on ptolemy.moml.MoMLSimpleApplication@4c9fc4c5
----------------- Done invoking toplevel() on ptolemy.moml.MoMLSimpleApplication@4c9fc4c5
reloadAllAccessors: .UpDownSample1
----------------- testing Thu May 10 15:08:04 UTC 2018 /home/travis/build/icyphy/ptII/ptolemy/domains/sdf/lib/test/auto/UpSample1.xml
----------------- Instantiating /home/travis/build/icyphy/ptII/ptolemy/domains/sdf/lib/test/auto/UpSample1.xml
3 ms. Memory: 579072K Free: 501846K (87%)
----------------- Invoking toplevel() on ptolemy.moml.MoMLSimpleApplication@1808837
----------------- Done invoking toplevel() on ptolemy.moml.MoMLSimpleApplication@1808837
reloadAllAccessors: .UpSample1
----------------- testing Thu May 10 15:08:04 UTC 2018 /home/travis/build/icyphy/ptII/ptolemy/domains/sdf/lib/test/auto/VariableFIR.xml
----------------- Instantiating /home/travis/build/icyphy/ptII/ptolemy/domains/sdf/lib/test/auto/VariableFIR.xml
7 ms. Memory: 579072K Free: 491655K (85%)
----------------- Invoking toplevel() on ptolemy.moml.MoMLSimpleApplication@724a5bd4
----------------- Done invoking toplevel() on ptolemy.moml.MoMLSimpleApplication@724a5bd4
reloadAllAccessors: .VariableFIR
----------------- testing Thu May 10 15:08:04 UTC 2018 /home/travis/build/icyphy/ptII/ptolemy/domains/sdf/lib/test/auto/VariableFIR2.xml
----------------- Instantiating /home/travis/build/icyphy/ptII/ptolemy/domains/sdf/lib/test/auto/VariableFIR2.xml
5 ms. Memory: 579072K Free: 479891K (83%)
----------------- Invoking toplevel() on ptolemy.moml.MoMLSimpleApplication@6b53fcb2
----------------- Done invoking toplevel() on ptolemy.moml.MoMLSimpleApplication@6b53fcb2
reloadAllAccessors: .VariableFIR2
----------------- testing Thu May 10 15:08:04 UTC 2018 /home/travis/build/icyphy/ptII/ptolemy/domains/sdf/lib/test/auto/VariableLattice.xml
----------------- Instantiating /home/travis/build/icyphy/ptII/ptolemy/domains/sdf/lib/test/auto/VariableLattice.xml
6 ms. Memory: 579072K Free: 470071K (81%)
----------------- Invoking toplevel() on ptolemy.moml.MoMLSimpleApplication@669b6ca8
----------------- Done invoking toplevel() on ptolemy.moml.MoMLSimpleApplication@669b6ca8
reloadAllAccessors: .VariableLattice
----------------- testing Thu May 10 15:08:04 UTC 2018 /home/travis/build/icyphy/ptII/ptolemy/domains/sdf/lib/test/auto/VariableLattice2.xml
----------------- Instantiating /home/travis/build/icyphy/ptII/ptolemy/domains/sdf/lib/test/auto/VariableLattice2.xml
1.0
-1.999999602036
1.9099998677481
-0.9099996420674
0.205
0.0
0.0
1.0
-0.25
-0.5
0.0
0.0
0.0
0.0
7 ms. Memory: 579072K Free: 460251K (79%)
----------------- Invoking toplevel() on ptolemy.moml.MoMLSimpleApplication@78556bce
----------------- Done invoking toplevel() on ptolemy.moml.MoMLSimpleApplication@78556bce
reloadAllAccessors: .VariableLattice2
----------------- testing Thu May 10 15:08:04 UTC 2018 /home/travis/build/icyphy/ptII/ptolemy/domains/sdf/lib/test/auto/VariableRecursiveLattice.xml
----------------- Instantiating /home/travis/build/icyphy/ptII/ptolemy/domains/sdf/lib/test/auto/VariableRecursiveLattice.xml
3 ms. Memory: 579072K Free: 450430K (78%)
----------------- Invoking toplevel() on ptolemy.moml.MoMLSimpleApplication@76b9dffc
----------------- Done invoking toplevel() on ptolemy.moml.MoMLSimpleApplication@76b9dffc
reloadAllAccessors: .VariableRecursiveLattice
----------------- testing Thu May 10 15:08:04 UTC 2018 /home/travis/build/icyphy/ptII/ptolemy/domains/sdf/lib/test/auto/VariableRecursiveLattice2.xml
----------------- Instantiating /home/travis/build/icyphy/ptII/ptolemy/domains/sdf/lib/test/auto/VariableRecursiveLattice2.xml
5 ms. Memory: 579072K Free: 443883K (77%)
----------------- Invoking toplevel() on ptolemy.moml.MoMLSimpleApplication@6034e86f
----------------- Done invoking toplevel() on ptolemy.moml.MoMLSimpleApplication@6034e86f
reloadAllAccessors: .VariableRecursiveLattice2
AutoTests.java: About to close Vertx.
AutoTests.java: Vertx closed.
]]></system-out>
  <system-err><![CDATA[]]></system-err>
</testsuite>
