<?xml version="1.0" encoding="UTF-8" ?>
<testsuite errors="0" failures="0" hostname="travis-job-c9c51161-355e-47e6-ae29-a160821027c6" name="ptolemy.domains.modal.test.junit.JUnitTclTest" skipped="0" tests="148" time="14.32" timestamp="2018-05-22T22:01:29">
  <properties>
[...]
</properties>
  <testcase classname="ptolemy.util.test.junit.TclTests" name="[0] /home/travis/build/icyphy/ptII/ptolemy/domains/modal/test/SystemLevelType.tcl (RunTclFile)" time="2.25" />
  <testcase classname="ptolemy.util.test.junit.AutoKnownFailedTests" name="[0] /home/travis/build/icyphy/ptII/ptolemy/domains/modal/test/auto/knownFailedTests/CannotAnalysisWithPreemption.xml (RunModel)" time="0.238" />
  <testcase classname="ptolemy.util.test.junit.AutoNameArchTests" name="[0] ThereAreNoAutoTests (RunModel)" time="0.007" />
  <testcase classname="ptolemy.util.test.junit.AutoTests" name="[0] /home/travis/build/icyphy/ptII/ptolemy/domains/modal/test/auto/ABPTest.xml (RunModel)" time="0.845" />
  <testcase classname="ptolemy.util.test.junit.AutoTests" name="[1] /home/travis/build/icyphy/ptII/ptolemy/domains/modal/test/auto/ABROFlat.xml (RunModel)" time="0.121" />
  <testcase classname="ptolemy.util.test.junit.AutoTests" name="[2] /home/travis/build/icyphy/ptII/ptolemy/domains/modal/test/auto/ABROFlat2.xml (RunModel)" time="0.146" />
  <testcase classname="ptolemy.util.test.junit.AutoTests" name="[3] /home/travis/build/icyphy/ptII/ptolemy/domains/modal/test/auto/ABRO_present_hmm.xml (RunModel)" time="0.248" />
  <testcase classname="ptolemy.util.test.junit.AutoTests" name="[4] /home/travis/build/icyphy/ptII/ptolemy/domains/modal/test/auto/AMICoderExample.xml (RunModel)" time="0.096" />
  <testcase classname="ptolemy.util.test.junit.AutoTests" name="[5] /home/travis/build/icyphy/ptII/ptolemy/domains/modal/test/auto/AbsentToPresent.xml (RunModel)" time="0.032" />
  <testcase classname="ptolemy.util.test.junit.AutoTests" name="[6] /home/travis/build/icyphy/ptII/ptolemy/domains/modal/test/auto/Blending.xml (RunModel)" time="0.309" />
  <testcase classname="ptolemy.util.test.junit.AutoTests" name="[7] /home/travis/build/icyphy/ptII/ptolemy/domains/modal/test/auto/Broadcast.xml (RunModel)" time="0.073" />
  <testcase classname="ptolemy.util.test.junit.AutoTests" name="[8] /home/travis/build/icyphy/ptII/ptolemy/domains/modal/test/auto/BroadcastHierarchy.xml (RunModel)" time="0.084" />
  <testcase classname="ptolemy.util.test.junit.AutoTests" name="[9] /home/travis/build/icyphy/ptII/ptolemy/domains/modal/test/auto/BroadcastHierarchy2.xml (RunModel)" time="0.17" />
  <testcase classname="ptolemy.util.test.junit.AutoTests" name="[10] /home/travis/build/icyphy/ptII/ptolemy/domains/modal/test/auto/BroadcastHierarchy3.xml (RunModel)" time="0.139" />
  <testcase classname="ptolemy.util.test.junit.AutoTests" name="[11] /home/travis/build/icyphy/ptII/ptolemy/domains/modal/test/auto/BroadcastHierarchy4.xml (RunModel)" time="0.124" />
  <testcase classname="ptolemy.util.test.junit.AutoTests" name="[12] /home/travis/build/icyphy/ptII/ptolemy/domains/modal/test/auto/CannotAnalysisWithPreemption2.xml (RunModel)" time="0.037" />
  <testcase classname="ptolemy.util.test.junit.AutoTests" name="[13] /home/travis/build/icyphy/ptII/ptolemy/domains/modal/test/auto/CannotAnalysisWithPreemption3.xml (RunModel)" time="0.048" />
  <testcase classname="ptolemy.util.test.junit.AutoTests" name="[14] /home/travis/build/icyphy/ptII/ptolemy/domains/modal/test/auto/CannotProduce.xml (RunModel)" time="0.041" />
  <testcase classname="ptolemy.util.test.junit.AutoTests" name="[15] /home/travis/build/icyphy/ptII/ptolemy/domains/modal/test/auto/CannotProduceModal.xml (RunModel)" time="0.039" />
  <testcase classname="ptolemy.util.test.junit.AutoTests" name="[16] /home/travis/build/icyphy/ptII/ptolemy/domains/modal/test/auto/Case.xml (RunModel)" time="0.118" />
  <testcase classname="ptolemy.util.test.junit.AutoTests" name="[17] /home/travis/build/icyphy/ptII/ptolemy/domains/modal/test/auto/Case1.xml (RunModel)" time="0.048" />
  <testcase classname="ptolemy.util.test.junit.AutoTests" name="[18] /home/travis/build/icyphy/ptII/ptolemy/domains/modal/test/auto/Case2.xml (RunModel)" time="0.086" />
  <testcase classname="ptolemy.util.test.junit.AutoTests" name="[19] /home/travis/build/icyphy/ptII/ptolemy/domains/modal/test/auto/CausalityInterface1.xml (RunModel)" time="0.037" />
  <testcase classname="ptolemy.util.test.junit.AutoTests" name="[20] /home/travis/build/icyphy/ptII/ptolemy/domains/modal/test/auto/CausalityInterface10.xml (RunModel)" time="0.099" />
  <testcase classname="ptolemy.util.test.junit.AutoTests" name="[21] /home/travis/build/icyphy/ptII/ptolemy/domains/modal/test/auto/CausalityInterface11.xml (RunModel)" time="0.069" />
  <testcase classname="ptolemy.util.test.junit.AutoTests" name="[22] /home/travis/build/icyphy/ptII/ptolemy/domains/modal/test/auto/CausalityInterface12.xml (RunModel)" time="0.083" />
  <testcase classname="ptolemy.util.test.junit.AutoTests" name="[23] /home/travis/build/icyphy/ptII/ptolemy/domains/modal/test/auto/CausalityInterface13.xml (RunModel)" time="0.083" />
  <testcase classname="ptolemy.util.test.junit.AutoTests" name="[24] /home/travis/build/icyphy/ptII/ptolemy/domains/modal/test/auto/CausalityInterface14.xml (RunModel)" time="0.079" />
  <testcase classname="ptolemy.util.test.junit.AutoTests" name="[25] /home/travis/build/icyphy/ptII/ptolemy/domains/modal/test/auto/CausalityInterface2.xml (RunModel)" time="0.043" />
  <testcase classname="ptolemy.util.test.junit.AutoTests" name="[26] /home/travis/build/icyphy/ptII/ptolemy/domains/modal/test/auto/CausalityInterface3.xml (RunModel)" time="0.035" />
  <testcase classname="ptolemy.util.test.junit.AutoTests" name="[27] /home/travis/build/icyphy/ptII/ptolemy/domains/modal/test/auto/CausalityInterface4.xml (RunModel)" time="0.034" />
  <testcase classname="ptolemy.util.test.junit.AutoTests" name="[28] /home/travis/build/icyphy/ptII/ptolemy/domains/modal/test/auto/CausalityInterface5.xml (RunModel)" time="0.063" />
  <testcase classname="ptolemy.util.test.junit.AutoTests" name="[29] /home/travis/build/icyphy/ptII/ptolemy/domains/modal/test/auto/CausalityInterface6.xml (RunModel)" time="0.044" />
  <testcase classname="ptolemy.util.test.junit.AutoTests" name="[30] /home/travis/build/icyphy/ptII/ptolemy/domains/modal/test/auto/CausalityInterface7.xml (RunModel)" time="0.042" />
  <testcase classname="ptolemy.util.test.junit.AutoTests" name="[31] /home/travis/build/icyphy/ptII/ptolemy/domains/modal/test/auto/CausalityInterface8.xml (RunModel)" time="0.047" />
  <testcase classname="ptolemy.util.test.junit.AutoTests" name="[32] /home/travis/build/icyphy/ptII/ptolemy/domains/modal/test/auto/CausalityInterface9.xml (RunModel)" time="0.043" />
  <testcase classname="ptolemy.util.test.junit.AutoTests" name="[33] /home/travis/build/icyphy/ptII/ptolemy/domains/modal/test/auto/ChainedTransitions.xml (RunModel)" time="0.221" />
  <testcase classname="ptolemy.util.test.junit.AutoTests" name="[34] /home/travis/build/icyphy/ptII/ptolemy/domains/modal/test/auto/CycleOfImmediateTransitionsFSM.xml (RunModel)" time="0.027" />
  <testcase classname="ptolemy.util.test.junit.AutoTests" name="[35] /home/travis/build/icyphy/ptII/ptolemy/domains/modal/test/auto/CycleOfImmediateTransitionsModal.xml (RunModel)" time="0.03" />
  <testcase classname="ptolemy.util.test.junit.AutoTests" name="[36] /home/travis/build/icyphy/ptII/ptolemy/domains/modal/test/auto/CycleOfImmediateTransitionsModal2.xml (RunModel)" time="0.031" />
  <testcase classname="ptolemy.util.test.junit.AutoTests" name="[37] /home/travis/build/icyphy/ptII/ptolemy/domains/modal/test/auto/CycleOfImmediateTransitionsModal3.xml (RunModel)" time="0.096" />
  <testcase classname="ptolemy.util.test.junit.AutoTests" name="[38] /home/travis/build/icyphy/ptII/ptolemy/domains/modal/test/auto/DeepModal1.xml (RunModel)" time="0.08" />
  <testcase classname="ptolemy.util.test.junit.AutoTests" name="[39] /home/travis/build/icyphy/ptII/ptolemy/domains/modal/test/auto/DeepModal2.xml (RunModel)" time="0.105" />
  <testcase classname="ptolemy.util.test.junit.AutoTests" name="[40] /home/travis/build/icyphy/ptII/ptolemy/domains/modal/test/auto/DeepModal3.xml (RunModel)" time="0.108" />
  <testcase classname="ptolemy.util.test.junit.AutoTests" name="[41] /home/travis/build/icyphy/ptII/ptolemy/domains/modal/test/auto/DeepModal4.xml (RunModel)" time="0.113" />
  <testcase classname="ptolemy.util.test.junit.AutoTests" name="[42] /home/travis/build/icyphy/ptII/ptolemy/domains/modal/test/auto/Default1.xml (RunModel)" time="0.024" />
  <testcase classname="ptolemy.util.test.junit.AutoTests" name="[43] /home/travis/build/icyphy/ptII/ptolemy/domains/modal/test/auto/Default2.xml (RunModel)" time="0.02" />
  <testcase classname="ptolemy.util.test.junit.AutoTests" name="[44] /home/travis/build/icyphy/ptII/ptolemy/domains/modal/test/auto/Default3.xml (RunModel)" time="0.023" />
  <testcase classname="ptolemy.util.test.junit.AutoTests" name="[45] /home/travis/build/icyphy/ptII/ptolemy/domains/modal/test/auto/Default4.xml (RunModel)" time="0.022" />
  <testcase classname="ptolemy.util.test.junit.AutoTests" name="[46] /home/travis/build/icyphy/ptII/ptolemy/domains/modal/test/auto/Default5.xml (RunModel)" time="0.031" />
  <testcase classname="ptolemy.util.test.junit.AutoTests" name="[47] /home/travis/build/icyphy/ptII/ptolemy/domains/modal/test/auto/EmptyGuard.xml (RunModel)" time="0.032" />
  <testcase classname="ptolemy.util.test.junit.AutoTests" name="[48] /home/travis/build/icyphy/ptII/ptolemy/domains/modal/test/auto/ErrorTransition1.xml (RunModel)" time="0.041" />
  <testcase classname="ptolemy.util.test.junit.AutoTests" name="[49] /home/travis/build/icyphy/ptII/ptolemy/domains/modal/test/auto/ErrorTransition10.xml (RunModel)" time="0.062" />
  <testcase classname="ptolemy.util.test.junit.AutoTests" name="[50] /home/travis/build/icyphy/ptII/ptolemy/domains/modal/test/auto/ErrorTransition11.xml (RunModel)" time="0.047" />
  <testcase classname="ptolemy.util.test.junit.AutoTests" name="[51] /home/travis/build/icyphy/ptII/ptolemy/domains/modal/test/auto/ErrorTransition2.xml (RunModel)" time="0.033" />
  <testcase classname="ptolemy.util.test.junit.AutoTests" name="[52] /home/travis/build/icyphy/ptII/ptolemy/domains/modal/test/auto/ErrorTransition3.xml (RunModel)" time="0.04" />
  <testcase classname="ptolemy.util.test.junit.AutoTests" name="[53] /home/travis/build/icyphy/ptII/ptolemy/domains/modal/test/auto/ErrorTransition4.xml (RunModel)" time="0.042" />
  <testcase classname="ptolemy.util.test.junit.AutoTests" name="[54] /home/travis/build/icyphy/ptII/ptolemy/domains/modal/test/auto/ErrorTransition5.xml (RunModel)" time="0.041" />
  <testcase classname="ptolemy.util.test.junit.AutoTests" name="[55] /home/travis/build/icyphy/ptII/ptolemy/domains/modal/test/auto/ErrorTransition6.xml (RunModel)" time="0.041" />
  <testcase classname="ptolemy.util.test.junit.AutoTests" name="[56] /home/travis/build/icyphy/ptII/ptolemy/domains/modal/test/auto/ErrorTransition7.xml (RunModel)" time="0.063" />
  <testcase classname="ptolemy.util.test.junit.AutoTests" name="[57] /home/travis/build/icyphy/ptII/ptolemy/domains/modal/test/auto/ErrorTransition8.xml (RunModel)" time="0.083" />
  <testcase classname="ptolemy.util.test.junit.AutoTests" name="[58] /home/travis/build/icyphy/ptII/ptolemy/domains/modal/test/auto/ErrorTransition9.xml (RunModel)" time="0.072" />
  <testcase classname="ptolemy.util.test.junit.AutoTests" name="[59] /home/travis/build/icyphy/ptII/ptolemy/domains/modal/test/auto/ExtendedFSM.xml (RunModel)" time="0.037" />
  <testcase classname="ptolemy.util.test.junit.AutoTests" name="[60] /home/travis/build/icyphy/ptII/ptolemy/domains/modal/test/auto/FinalStates.xml (RunModel)" time="0.034" />
  <testcase classname="ptolemy.util.test.junit.AutoTests" name="[61] /home/travis/build/icyphy/ptII/ptolemy/domains/modal/test/auto/FixedPointFSM.xml (RunModel)" time="0.077" />
  <testcase classname="ptolemy.util.test.junit.AutoTests" name="[62] /home/travis/build/icyphy/ptII/ptolemy/domains/modal/test/auto/FixedPointIterationFSMActor.xml (RunModel)" time="0.048" />
  <testcase classname="ptolemy.util.test.junit.AutoTests" name="[63] /home/travis/build/icyphy/ptII/ptolemy/domains/modal/test/auto/FixedPointIterationFSMActor2.xml (RunModel)" time="0.047" />
  <testcase classname="ptolemy.util.test.junit.AutoTests" name="[64] /home/travis/build/icyphy/ptII/ptolemy/domains/modal/test/auto/ForbiddenInstantanousLoop.xml (RunModel)" time="0.041" />
  <testcase classname="ptolemy.util.test.junit.AutoTests" name="[65] /home/travis/build/icyphy/ptII/ptolemy/domains/modal/test/auto/FunctionDependencyOfFSMActorTest.xml (RunModel)" time="0.029" />
  <testcase classname="ptolemy.util.test.junit.AutoTests" name="[66] /home/travis/build/icyphy/ptII/ptolemy/domains/modal/test/auto/GuardExpression.xml (RunModel)" time="0.025" />
  <testcase classname="ptolemy.util.test.junit.AutoTests" name="[67] /home/travis/build/icyphy/ptII/ptolemy/domains/modal/test/auto/GuardNotEvaluated.xml (RunModel)" time="0.036" />
  <testcase classname="ptolemy.util.test.junit.AutoTests" name="[68] /home/travis/build/icyphy/ptII/ptolemy/domains/modal/test/auto/GuardNotEvaluated2.xml (RunModel)" time="0.034" />
  <testcase classname="ptolemy.util.test.junit.AutoTests" name="[69] /home/travis/build/icyphy/ptII/ptolemy/domains/modal/test/auto/GuardOnAbsent.xml (RunModel)" time="0.04" />
  <testcase classname="ptolemy.util.test.junit.AutoTests" name="[70] /home/travis/build/icyphy/ptII/ptolemy/domains/modal/test/auto/HierarchicalFSMTypeInference.xml (RunModel)" time="0.05" />
  <testcase classname="ptolemy.util.test.junit.AutoTests" name="[71] /home/travis/build/icyphy/ptII/ptolemy/domains/modal/test/auto/Hysteresis.xml (RunModel)" time="0.107" />
  <testcase classname="ptolemy.util.test.junit.AutoTests" name="[72] /home/travis/build/icyphy/ptII/ptolemy/domains/modal/test/auto/HysteresisWithDefault.xml (RunModel)" time="0.215" />
  <testcase classname="ptolemy.util.test.junit.AutoTests" name="[73] /home/travis/build/icyphy/ptII/ptolemy/domains/modal/test/auto/HysteresisWithDefault2.xml (RunModel)" time="0.128" />
  <testcase classname="ptolemy.util.test.junit.AutoTests" name="[74] /home/travis/build/icyphy/ptII/ptolemy/domains/modal/test/auto/ImmediateNonConstructiveness.xml (RunModel)" time="0.024" />
  <testcase classname="ptolemy.util.test.junit.AutoTests" name="[75] /home/travis/build/icyphy/ptII/ptolemy/domains/modal/test/auto/ImmediateNonConstructiveness2.xml (RunModel)" time="0.023" />
  <testcase classname="ptolemy.util.test.junit.AutoTests" name="[76] /home/travis/build/icyphy/ptII/ptolemy/domains/modal/test/auto/ImmediateTransitionReset.xml (RunModel)" time="0.056" />
  <testcase classname="ptolemy.util.test.junit.AutoTests" name="[77] /home/travis/build/icyphy/ptII/ptolemy/domains/modal/test/auto/ImmediateTransitions1.xml (RunModel)" time="0.017" />
  <testcase classname="ptolemy.util.test.junit.AutoTests" name="[78] /home/travis/build/icyphy/ptII/ptolemy/domains/modal/test/auto/ImmediateTransitionsInstantaneousCommunication.xml (RunModel)" time="0.046" />
  <testcase classname="ptolemy.util.test.junit.AutoTests" name="[79] /home/travis/build/icyphy/ptII/ptolemy/domains/modal/test/auto/InitialImmediateTransition.xml (RunModel)" time="0.024" />
  <testcase classname="ptolemy.util.test.junit.AutoTests" name="[80] /home/travis/build/icyphy/ptII/ptolemy/domains/modal/test/auto/InitialOutputs.xml (RunModel)" time="0.022" />
  <testcase classname="ptolemy.util.test.junit.AutoTests" name="[81] /home/travis/build/icyphy/ptII/ptolemy/domains/modal/test/auto/InitialStateTransition1.xml (RunModel)" time="0.036" />
  <testcase classname="ptolemy.util.test.junit.AutoTests" name="[82] /home/travis/build/icyphy/ptII/ptolemy/domains/modal/test/auto/InitialStateTransition2.xml (RunModel)" time="0.03" />
  <testcase classname="ptolemy.util.test.junit.AutoTests" name="[83] /home/travis/build/icyphy/ptII/ptolemy/domains/modal/test/auto/InitialStateTransition3.xml (RunModel)" time="0.034" />
  <testcase classname="ptolemy.util.test.junit.AutoTests" name="[84] /home/travis/build/icyphy/ptII/ptolemy/domains/modal/test/auto/InitialStateTransition4.xml (RunModel)" time="0.04" />
  <testcase classname="ptolemy.util.test.junit.AutoTests" name="[85] /home/travis/build/icyphy/ptII/ptolemy/domains/modal/test/auto/MalformedGuardExpressionNotCaught.xml (RunModel)" time="0.027" />
  <testcase classname="ptolemy.util.test.junit.AutoTests" name="[86] /home/travis/build/icyphy/ptII/ptolemy/domains/modal/test/auto/ModalBSC.xml (RunModel)" time="0.119" />
  <testcase classname="ptolemy.util.test.junit.AutoTests" name="[87] /home/travis/build/icyphy/ptII/ptolemy/domains/modal/test/auto/ModalClocks.xml (RunModel)" time="0.102" />
  <testcase classname="ptolemy.util.test.junit.AutoTests" name="[88] /home/travis/build/icyphy/ptII/ptolemy/domains/modal/test/auto/ModalDelay.xml (RunModel)" time="0.072" />
  <testcase classname="ptolemy.util.test.junit.AutoTests" name="[89] /home/travis/build/icyphy/ptII/ptolemy/domains/modal/test/auto/ModalDelay2.xml (RunModel)" time="0.056" />
  <testcase classname="ptolemy.util.test.junit.AutoTests" name="[90] /home/travis/build/icyphy/ptII/ptolemy/domains/modal/test/auto/ModalModelFromMemo.xml (RunModel)" time="0.095" />
  <testcase classname="ptolemy.util.test.junit.AutoTests" name="[91] /home/travis/build/icyphy/ptII/ptolemy/domains/modal/test/auto/ModalModelWithMultirateTransient.xml (RunModel)" time="0.07" />
  <testcase classname="ptolemy.util.test.junit.AutoTests" name="[92] /home/travis/build/icyphy/ptII/ptolemy/domains/modal/test/auto/ModalModelWithReset.xml (RunModel)" time="0.083" />
  <testcase classname="ptolemy.util.test.junit.AutoTests" name="[93] /home/travis/build/icyphy/ptII/ptolemy/domains/modal/test/auto/MouseClickFSM.xml (RunModel)" time="0.061" />
  <testcase classname="ptolemy.util.test.junit.AutoTests" name="[94] /home/travis/build/icyphy/ptII/ptolemy/domains/modal/test/auto/MouseClickFSMModal.xml (RunModel)" time="0.056" />
  <testcase classname="ptolemy.util.test.junit.AutoTests" name="[95] /home/travis/build/icyphy/ptII/ptolemy/domains/modal/test/auto/NonStrictFSM_FeedbackLoop.xml (RunModel)" time="0.07" />
  <testcase classname="ptolemy.util.test.junit.AutoTests" name="[96] /home/travis/build/icyphy/ptII/ptolemy/domains/modal/test/auto/NonStrictFSM_FeedbackLoop_Refinement.xml (RunModel)" time="0.08" />
  <testcase classname="ptolemy.util.test.junit.AutoTests" name="[97] /home/travis/build/icyphy/ptII/ptolemy/domains/modal/test/auto/NonStrictFSM_FeedbackLoop_preemptive.xml (RunModel)" time="0.067" />
  <testcase classname="ptolemy.util.test.junit.AutoTests" name="[98] /home/travis/build/icyphy/ptII/ptolemy/domains/modal/test/auto/NormalTermination.xml (RunModel)" time="0.079" />
  <testcase classname="ptolemy.util.test.junit.AutoTests" name="[99] /home/travis/build/icyphy/ptII/ptolemy/domains/modal/test/auto/Pong.xml (RunModel)" time="0.088" />
  <testcase classname="ptolemy.util.test.junit.AutoTests" name="[100] /home/travis/build/icyphy/ptII/ptolemy/domains/modal/test/auto/Pong_test.xml (RunModel)" time="0.159" />
  <testcase classname="ptolemy.util.test.junit.AutoTests" name="[101] /home/travis/build/icyphy/ptII/ptolemy/domains/modal/test/auto/PreemptionHierarchy.xml (RunModel)" time="0.037" />
  <testcase classname="ptolemy.util.test.junit.AutoTests" name="[102] /home/travis/build/icyphy/ptII/ptolemy/domains/modal/test/auto/PreemptionHierarchy2.xml (RunModel)" time="0.049" />
  <testcase classname="ptolemy.util.test.junit.AutoTests" name="[103] /home/travis/build/icyphy/ptII/ptolemy/domains/modal/test/auto/PreemptiveTransition.xml (RunModel)" time="0.032" />
  <testcase classname="ptolemy.util.test.junit.AutoTests" name="[104] /home/travis/build/icyphy/ptII/ptolemy/domains/modal/test/auto/Priorities.xml (RunModel)" time="0.133" />
  <testcase classname="ptolemy.util.test.junit.AutoTests" name="[105] /home/travis/build/icyphy/ptII/ptolemy/domains/modal/test/auto/ResetFinal.xml (RunModel)" time="0.078" />
  <testcase classname="ptolemy.util.test.junit.AutoTests" name="[106] /home/travis/build/icyphy/ptII/ptolemy/domains/modal/test/auto/ResetFinal2.xml (RunModel)" time="0.044" />
  <testcase classname="ptolemy.util.test.junit.AutoTests" name="[107] /home/travis/build/icyphy/ptII/ptolemy/domains/modal/test/auto/ResetTransitionWithStartTime.xml (RunModel)" time="0.043" />
  <testcase classname="ptolemy.util.test.junit.AutoTests" name="[108] /home/travis/build/icyphy/ptII/ptolemy/domains/modal/test/auto/SDF-FSMComposite.xml (RunModel)" time="0.029" />
  <testcase classname="ptolemy.util.test.junit.AutoTests" name="[109] /home/travis/build/icyphy/ptII/ptolemy/domains/modal/test/auto/SeeminglyNondeterminate.xml (RunModel)" time="0.12" />
  <testcase classname="ptolemy.util.test.junit.AutoTests" name="[110] /home/travis/build/icyphy/ptII/ptolemy/domains/modal/test/auto/SeeminglyNondeterminate2.xml (RunModel)" time="0.229" />
  <testcase classname="ptolemy.util.test.junit.AutoTests" name="[111] /home/travis/build/icyphy/ptII/ptolemy/domains/modal/test/auto/SpontaneousFSM.xml (RunModel)" time="0.08" />
  <testcase classname="ptolemy.util.test.junit.AutoTests" name="[112] /home/travis/build/icyphy/ptII/ptolemy/domains/modal/test/auto/SpontaneousFSM2.xml (RunModel)" time="0.049" />
  <testcase classname="ptolemy.util.test.junit.AutoTests" name="[113] /home/travis/build/icyphy/ptII/ptolemy/domains/modal/test/auto/SpontaneousFSM3.xml (RunModel)" time="0.068" />
  <testcase classname="ptolemy.util.test.junit.AutoTests" name="[114] /home/travis/build/icyphy/ptII/ptolemy/domains/modal/test/auto/SpontaneousFSM4.xml (RunModel)" time="0.078" />
  <testcase classname="ptolemy.util.test.junit.AutoTests" name="[115] /home/travis/build/icyphy/ptII/ptolemy/domains/modal/test/auto/StateTrackerTest.xml (RunModel)" time="0.099" />
  <testcase classname="ptolemy.util.test.junit.AutoTests" name="[116] /home/travis/build/icyphy/ptII/ptolemy/domains/modal/test/auto/StrongImmediateTransition.xml (RunModel)" time="0.036" />
  <testcase classname="ptolemy.util.test.junit.AutoTests" name="[117] /home/travis/build/icyphy/ptII/ptolemy/domains/modal/test/auto/SustainHierarchy.xml (RunModel)" time="0.053" />
  <testcase classname="ptolemy.util.test.junit.AutoTests" name="[118] /home/travis/build/icyphy/ptII/ptolemy/domains/modal/test/auto/TerminationTransition1.xml (RunModel)" time="0.036" />
  <testcase classname="ptolemy.util.test.junit.AutoTests" name="[119] /home/travis/build/icyphy/ptII/ptolemy/domains/modal/test/auto/TerminationTransition2.xml (RunModel)" time="0.04" />
  <testcase classname="ptolemy.util.test.junit.AutoTests" name="[120] /home/travis/build/icyphy/ptII/ptolemy/domains/modal/test/auto/TerminationTransition3.xml (RunModel)" time="0.037" />
  <testcase classname="ptolemy.util.test.junit.AutoTests" name="[121] /home/travis/build/icyphy/ptII/ptolemy/domains/modal/test/auto/TerminationTransition4.xml (RunModel)" time="0.054" />
  <testcase classname="ptolemy.util.test.junit.AutoTests" name="[122] /home/travis/build/icyphy/ptII/ptolemy/domains/modal/test/auto/TerminationTransition5.xml (RunModel)" time="0.055" />
  <testcase classname="ptolemy.util.test.junit.AutoTests" name="[123] /home/travis/build/icyphy/ptII/ptolemy/domains/modal/test/auto/TerminationTransition6.xml (RunModel)" time="0.033" />
  <testcase classname="ptolemy.util.test.junit.AutoTests" name="[124] /home/travis/build/icyphy/ptII/ptolemy/domains/modal/test/auto/TerminationTransition7.xml (RunModel)" time="0.034" />
  <testcase classname="ptolemy.util.test.junit.AutoTests" name="[125] /home/travis/build/icyphy/ptII/ptolemy/domains/modal/test/auto/TerminationTransition8.xml (RunModel)" time="0.04" />
  <testcase classname="ptolemy.util.test.junit.AutoTests" name="[126] /home/travis/build/icyphy/ptII/ptolemy/domains/modal/test/auto/Thermostat_NoHysteresis.xml (RunModel)" time="0.106" />
  <testcase classname="ptolemy.util.test.junit.AutoTests" name="[127] /home/travis/build/icyphy/ptII/ptolemy/domains/modal/test/auto/TimedFSM.xml (RunModel)" time="0.049" />
  <testcase classname="ptolemy.util.test.junit.AutoTests" name="[128] /home/travis/build/icyphy/ptII/ptolemy/domains/modal/test/auto/Timeout1.xml (RunModel)" time="0.02" />
  <testcase classname="ptolemy.util.test.junit.AutoTests" name="[129] /home/travis/build/icyphy/ptII/ptolemy/domains/modal/test/auto/Timeout2.xml (RunModel)" time="0.03" />
  <testcase classname="ptolemy.util.test.junit.AutoTests" name="[130] /home/travis/build/icyphy/ptII/ptolemy/domains/modal/test/auto/Timeout3.xml (RunModel)" time="0.017" />
  <testcase classname="ptolemy.util.test.junit.AutoTests" name="[131] /home/travis/build/icyphy/ptII/ptolemy/domains/modal/test/auto/Timeout4.xml (RunModel)" time="0.018" />
  <testcase classname="ptolemy.util.test.junit.AutoTests" name="[132] /home/travis/build/icyphy/ptII/ptolemy/domains/modal/test/auto/TransientstateModelAdvanced.xml (RunModel)" time="0.045" />
  <testcase classname="ptolemy.util.test.junit.AutoTests" name="[133] /home/travis/build/icyphy/ptII/ptolemy/domains/modal/test/auto/TransientstateModelAdvanced2.xml (RunModel)" time="0.049" />
  <testcase classname="ptolemy.util.test.junit.AutoTests" name="[134] /home/travis/build/icyphy/ptII/ptolemy/domains/modal/test/auto/TransitionRefinements.xml (RunModel)" time="0.041" />
  <testcase classname="ptolemy.util.test.junit.AutoTests" name="[135] /home/travis/build/icyphy/ptII/ptolemy/domains/modal/test/auto/TwoRefinements1.xml (RunModel)" time="0.036" />
  <testcase classname="ptolemy.util.test.junit.AutoTests" name="[136] /home/travis/build/icyphy/ptII/ptolemy/domains/modal/test/auto/TwoRefinements2.xml (RunModel)" time="0.037" />
  <testcase classname="ptolemy.util.test.junit.AutoTests" name="[137] /home/travis/build/icyphy/ptII/ptolemy/domains/modal/test/auto/WeakImmediateTransition.xml (RunModel)" time="0.039" />
  <testcase classname="ptolemy.util.test.junit.AutoTests" name="[138] /home/travis/build/icyphy/ptII/ptolemy/domains/modal/test/auto/booleanSelect.xml (RunModel)" time="0.113" />
  <testcase classname="ptolemy.util.test.junit.AutoTests" name="[139] /home/travis/build/icyphy/ptII/ptolemy/domains/modal/test/auto/modalChangingParams.xml (RunModel)" time="0.441" />
  <testcase classname="ptolemy.util.test.junit.AutoTests" name="[140] /home/travis/build/icyphy/ptII/ptolemy/domains/modal/test/auto/modalModel.xml (RunModel)" time="0.034" />
  <testcase classname="ptolemy.util.test.junit.AutoTests" name="[141] /home/travis/build/icyphy/ptII/ptolemy/domains/modal/test/auto/modalModel2.xml (RunModel)" time="0.041" />
  <testcase classname="ptolemy.util.test.junit.AutoTests" name="[142] /home/travis/build/icyphy/ptII/ptolemy/domains/modal/test/auto/modalModel3.xml (RunModel)" time="0.054" />
  <testcase classname="ptolemy.util.test.junit.AutoTests" name="[143] /home/travis/build/icyphy/ptII/ptolemy/domains/modal/test/auto/model1.xml (RunModel)" time="0.029" />
  <testcase classname="ptolemy.util.test.junit.AutoTests" name="[144] /home/travis/build/icyphy/ptII/ptolemy/domains/modal/test/auto/test-direct-in-out.xml (RunModel)" time="0.026" />
  <system-out><![CDATA[/home/travis/build/icyphy/ptII/ptolemy/domains/modal/test/SystemLevelType.tcl
testDefs.tcl: setting time out to 9000 seconds at Tue May 22 22:01:29 UTC 2018
05/22/18 10:01:31
Failed: 0  Total Tests: 1  ((Passed: 1, Newly Passed: 0)  Known Failed: 0) /home/travis/build/icyphy/ptII/ptolemy/domains/modal/test
----------------- testing (KnownFailure) /home/travis/build/icyphy/ptII/ptolemy/domains/modal/test/auto/knownFailedTests/CannotAnalysisWithPreemption.xml
86 ms. Memory: 208384K Free: 189818K (91%)
Known Failure: java.lang.reflect.InvocationTargetException
No auto/*.xml tests in /home/travis/build/icyphy/ptII/ptolemy/domains/modal/test
AutoTests.java: About to close Vertx.
AutoTests.java: Vertx closed.
----------------- testing Tue May 22 22:01:32 UTC 2018 /home/travis/build/icyphy/ptII/ptolemy/domains/modal/test/auto/ABPTest.xml
----------------- Instantiating /home/travis/build/icyphy/ptII/ptolemy/domains/modal/test/auto/ABPTest.xml
477 ms. Memory: 332288K Free: 294923K (89%)
----------------- Invoking toplevel() on ptolemy.moml.MoMLSimpleApplication@b070afa
----------------- Done invoking toplevel() on ptolemy.moml.MoMLSimpleApplication@b070afa
reloadAllAccessors: .ABPTest
----------------- testing Tue May 22 22:01:33 UTC 2018 /home/travis/build/icyphy/ptII/ptolemy/domains/modal/test/auto/ABROFlat.xml
----------------- Instantiating /home/travis/build/icyphy/ptII/ptolemy/domains/modal/test/auto/ABROFlat.xml
44 ms. Memory: 332288K Free: 272782K (82%)
----------------- Invoking toplevel() on ptolemy.moml.MoMLSimpleApplication@2e1857f4
----------------- Done invoking toplevel() on ptolemy.moml.MoMLSimpleApplication@2e1857f4
reloadAllAccessors: .ABROFlat
----------------- testing Tue May 22 22:01:33 UTC 2018 /home/travis/build/icyphy/ptII/ptolemy/domains/modal/test/auto/ABROFlat2.xml
----------------- Instantiating /home/travis/build/icyphy/ptII/ptolemy/domains/modal/test/auto/ABROFlat2.xml
39 ms. Memory: 332288K Free: 254823K (77%)
----------------- Invoking toplevel() on ptolemy.moml.MoMLSimpleApplication@121e0332
----------------- Done invoking toplevel() on ptolemy.moml.MoMLSimpleApplication@121e0332
reloadAllAccessors: .ABROFlat2
----------------- testing Tue May 22 22:01:33 UTC 2018 /home/travis/build/icyphy/ptII/ptolemy/domains/modal/test/auto/ABRO_present_hmm.xml
----------------- Instantiating /home/travis/build/icyphy/ptII/ptolemy/domains/modal/test/auto/ABRO_present_hmm.xml
48 ms. Memory: 332288K Free: 218899K (66%)
----------------- Invoking toplevel() on ptolemy.moml.MoMLSimpleApplication@3d4e4311
----------------- Done invoking toplevel() on ptolemy.moml.MoMLSimpleApplication@3d4e4311
reloadAllAccessors: .ABRO_present_hmm
----------------- testing Tue May 22 22:01:33 UTC 2018 /home/travis/build/icyphy/ptII/ptolemy/domains/modal/test/auto/AMICoderExample.xml
----------------- Instantiating /home/travis/build/icyphy/ptII/ptolemy/domains/modal/test/auto/AMICoderExample.xml
33 ms. Memory: 332288K Free: 207461K (62%)
----------------- Invoking toplevel() on ptolemy.moml.MoMLSimpleApplication@1698356e
----------------- Done invoking toplevel() on ptolemy.moml.MoMLSimpleApplication@1698356e
reloadAllAccessors: .AMICoderExample
----------------- testing Tue May 22 22:01:33 UTC 2018 /home/travis/build/icyphy/ptII/ptolemy/domains/modal/test/auto/AbsentToPresent.xml
----------------- Instantiating /home/travis/build/icyphy/ptII/ptolemy/domains/modal/test/auto/AbsentToPresent.xml
11 ms. Memory: 332288K Free: 199115K (60%)
----------------- Invoking toplevel() on ptolemy.moml.MoMLSimpleApplication@7fd630ba
----------------- Done invoking toplevel() on ptolemy.moml.MoMLSimpleApplication@7fd630ba
reloadAllAccessors: .AbsentToPresent
----------------- testing Tue May 22 22:01:33 UTC 2018 /home/travis/build/icyphy/ptII/ptolemy/domains/modal/test/auto/Blending.xml
----------------- Instantiating /home/travis/build/icyphy/ptII/ptolemy/domains/modal/test/auto/Blending.xml
127 ms. Memory: 332288K Free: 150109K (45%)
----------------- Invoking toplevel() on ptolemy.moml.MoMLSimpleApplication@351077cd
----------------- Done invoking toplevel() on ptolemy.moml.MoMLSimpleApplication@351077cd
reloadAllAccessors: .Blending
----------------- testing Tue May 22 22:01:34 UTC 2018 /home/travis/build/icyphy/ptII/ptolemy/domains/modal/test/auto/Broadcast.xml
----------------- Instantiating /home/travis/build/icyphy/ptII/ptolemy/domains/modal/test/auto/Broadcast.xml
15 ms. Memory: 332288K Free: 137019K (41%)
----------------- Invoking toplevel() on ptolemy.moml.MoMLSimpleApplication@7d3d8d17
----------------- Done invoking toplevel() on ptolemy.moml.MoMLSimpleApplication@7d3d8d17
reloadAllAccessors: .Broadcast
----------------- testing Tue May 22 22:01:34 UTC 2018 /home/travis/build/icyphy/ptII/ptolemy/domains/modal/test/auto/BroadcastHierarchy.xml
----------------- Instantiating /home/travis/build/icyphy/ptII/ptolemy/domains/modal/test/auto/BroadcastHierarchy.xml
15 ms. Memory: 332288K Free: 120673K (36%)
----------------- Invoking toplevel() on ptolemy.moml.MoMLSimpleApplication@10fe8100
----------------- Done invoking toplevel() on ptolemy.moml.MoMLSimpleApplication@10fe8100
reloadAllAccessors: .BroadcastHierarchy
----------------- testing Tue May 22 22:01:34 UTC 2018 /home/travis/build/icyphy/ptII/ptolemy/domains/modal/test/auto/BroadcastHierarchy2.xml
----------------- Instantiating /home/travis/build/icyphy/ptII/ptolemy/domains/modal/test/auto/BroadcastHierarchy2.xml
34 ms. Memory: 332288K Free: 86385K (26%)
----------------- Invoking toplevel() on ptolemy.moml.MoMLSimpleApplication@528ccdcf
----------------- Done invoking toplevel() on ptolemy.moml.MoMLSimpleApplication@528ccdcf
reloadAllAccessors: .BroadcastHierarchy2
----------------- testing Tue May 22 22:01:34 UTC 2018 /home/travis/build/icyphy/ptII/ptolemy/domains/modal/test/auto/BroadcastHierarchy3.xml
----------------- Instantiating /home/travis/build/icyphy/ptII/ptolemy/domains/modal/test/auto/BroadcastHierarchy3.xml
29 ms. Memory: 333824K Free: 304399K (91%)
----------------- Invoking toplevel() on ptolemy.moml.MoMLSimpleApplication@396d0d21
----------------- Done invoking toplevel() on ptolemy.moml.MoMLSimpleApplication@396d0d21
reloadAllAccessors: .BroadcastHierarchy3
----------------- testing Tue May 22 22:01:34 UTC 2018 /home/travis/build/icyphy/ptII/ptolemy/domains/modal/test/auto/BroadcastHierarchy4.xml
----------------- Instantiating /home/travis/build/icyphy/ptII/ptolemy/domains/modal/test/auto/BroadcastHierarchy4.xml
20 ms. Memory: 333824K Free: 271516K (81%)
----------------- Invoking toplevel() on ptolemy.moml.MoMLSimpleApplication@f6358ce
----------------- Done invoking toplevel() on ptolemy.moml.MoMLSimpleApplication@f6358ce
reloadAllAccessors: .BroadcastHierarchy4
----------------- testing Tue May 22 22:01:34 UTC 2018 /home/travis/build/icyphy/ptII/ptolemy/domains/modal/test/auto/CannotAnalysisWithPreemption2.xml
----------------- Instantiating /home/travis/build/icyphy/ptII/ptolemy/domains/modal/test/auto/CannotAnalysisWithPreemption2.xml
4 ms. Memory: 333824K Free: 262920K (79%)
----------------- Invoking toplevel() on ptolemy.moml.MoMLSimpleApplication@693ab5a
----------------- Done invoking toplevel() on ptolemy.moml.MoMLSimpleApplication@693ab5a
reloadAllAccessors: .CannotAnalysisWithPreemption2
----------------- testing Tue May 22 22:01:34 UTC 2018 /home/travis/build/icyphy/ptII/ptolemy/domains/modal/test/auto/CannotAnalysisWithPreemption3.xml
----------------- Instantiating /home/travis/build/icyphy/ptII/ptolemy/domains/modal/test/auto/CannotAnalysisWithPreemption3.xml
4 ms. Memory: 333824K Free: 250676K (75%)
----------------- Invoking toplevel() on ptolemy.moml.MoMLSimpleApplication@62ed6a08
----------------- Done invoking toplevel() on ptolemy.moml.MoMLSimpleApplication@62ed6a08
reloadAllAccessors: .CannotAnalysisWithPreemption3
----------------- testing Tue May 22 22:01:34 UTC 2018 /home/travis/build/icyphy/ptII/ptolemy/domains/modal/test/auto/CannotProduce.xml
----------------- Instantiating /home/travis/build/icyphy/ptII/ptolemy/domains/modal/test/auto/CannotProduce.xml
18 ms. Memory: 333824K Free: 241004K (72%)
----------------- Invoking toplevel() on ptolemy.moml.MoMLSimpleApplication@38b3dc6c
----------------- Done invoking toplevel() on ptolemy.moml.MoMLSimpleApplication@38b3dc6c
reloadAllAccessors: .CannotProduce
----------------- testing Tue May 22 22:01:34 UTC 2018 /home/travis/build/icyphy/ptII/ptolemy/domains/modal/test/auto/CannotProduceModal.xml
----------------- Instantiating /home/travis/build/icyphy/ptII/ptolemy/domains/modal/test/auto/CannotProduceModal.xml
13 ms. Memory: 333824K Free: 232400K (70%)
----------------- Invoking toplevel() on ptolemy.moml.MoMLSimpleApplication@7d84ce82
----------------- Done invoking toplevel() on ptolemy.moml.MoMLSimpleApplication@7d84ce82
reloadAllAccessors: .CannotProduceModal
----------------- testing Tue May 22 22:01:35 UTC 2018 /home/travis/build/icyphy/ptII/ptolemy/domains/modal/test/auto/Case.xml
----------------- Instantiating /home/travis/build/icyphy/ptII/ptolemy/domains/modal/test/auto/Case.xml
50 ms. Memory: 333824K Free: 220124K (66%)
----------------- Invoking toplevel() on ptolemy.moml.MoMLSimpleApplication@114ae800
----------------- Done invoking toplevel() on ptolemy.moml.MoMLSimpleApplication@114ae800
reloadAllAccessors: .Case
----------------- testing Tue May 22 22:01:35 UTC 2018 /home/travis/build/icyphy/ptII/ptolemy/domains/modal/test/auto/Case1.xml
----------------- Instantiating /home/travis/build/icyphy/ptII/ptolemy/domains/modal/test/auto/Case1.xml
18 ms. Memory: 333824K Free: 209231K (63%)
----------------- Invoking toplevel() on ptolemy.moml.MoMLSimpleApplication@31c27e7a
----------------- Done invoking toplevel() on ptolemy.moml.MoMLSimpleApplication@31c27e7a
reloadAllAccessors: .Case1
----------------- testing Tue May 22 22:01:35 UTC 2018 /home/travis/build/icyphy/ptII/ptolemy/domains/modal/test/auto/Case2.xml
----------------- Instantiating /home/travis/build/icyphy/ptII/ptolemy/domains/modal/test/auto/Case2.xml
42 ms. Memory: 333824K Free: 196924K (59%)
----------------- Invoking toplevel() on ptolemy.moml.MoMLSimpleApplication@173e573f
----------------- Done invoking toplevel() on ptolemy.moml.MoMLSimpleApplication@173e573f
reloadAllAccessors: .Case2
----------------- testing Tue May 22 22:01:35 UTC 2018 /home/travis/build/icyphy/ptII/ptolemy/domains/modal/test/auto/CausalityInterface1.xml
----------------- Instantiating /home/travis/build/icyphy/ptII/ptolemy/domains/modal/test/auto/CausalityInterface1.xml
6 ms. Memory: 333824K Free: 190802K (57%)
----------------- Invoking toplevel() on ptolemy.moml.MoMLSimpleApplication@1bc209b2
----------------- Done invoking toplevel() on ptolemy.moml.MoMLSimpleApplication@1bc209b2
reloadAllAccessors: .CausalityInterface1
----------------- testing Tue May 22 22:01:35 UTC 2018 /home/travis/build/icyphy/ptII/ptolemy/domains/modal/test/auto/CausalityInterface10.xml
----------------- Instantiating /home/travis/build/icyphy/ptII/ptolemy/domains/modal/test/auto/CausalityInterface10.xml
15 ms. Memory: 333824K Free: 172541K (52%)
----------------- Invoking toplevel() on ptolemy.moml.MoMLSimpleApplication@7fe5b8ff
----------------- Done invoking toplevel() on ptolemy.moml.MoMLSimpleApplication@7fe5b8ff
reloadAllAccessors: .CausalityInterface10
----------------- testing Tue May 22 22:01:35 UTC 2018 /home/travis/build/icyphy/ptII/ptolemy/domains/modal/test/auto/CausalityInterface11.xml
----------------- Instantiating /home/travis/build/icyphy/ptII/ptolemy/domains/modal/test/auto/CausalityInterface11.xml
11 ms. Memory: 333824K Free: 157799K (47%)
----------------- Invoking toplevel() on ptolemy.moml.MoMLSimpleApplication@31d9dfa
----------------- Done invoking toplevel() on ptolemy.moml.MoMLSimpleApplication@31d9dfa
reloadAllAccessors: .CausalityInterface11
----------------- testing Tue May 22 22:01:35 UTC 2018 /home/travis/build/icyphy/ptII/ptolemy/domains/modal/test/auto/CausalityInterface12.xml
----------------- Instantiating /home/travis/build/icyphy/ptII/ptolemy/domains/modal/test/auto/CausalityInterface12.xml
12 ms. Memory: 333824K Free: 143064K (43%)
----------------- Invoking toplevel() on ptolemy.moml.MoMLSimpleApplication@4925ec80
----------------- Done invoking toplevel() on ptolemy.moml.MoMLSimpleApplication@4925ec80
reloadAllAccessors: .CausalityInterface12
----------------- testing Tue May 22 22:01:35 UTC 2018 /home/travis/build/icyphy/ptII/ptolemy/domains/modal/test/auto/CausalityInterface13.xml
----------------- Instantiating /home/travis/build/icyphy/ptII/ptolemy/domains/modal/test/auto/CausalityInterface13.xml
16 ms. Memory: 333824K Free: 123552K (37%)
----------------- Invoking toplevel() on ptolemy.moml.MoMLSimpleApplication@20a4144c
----------------- Done invoking toplevel() on ptolemy.moml.MoMLSimpleApplication@20a4144c
reloadAllAccessors: .CausalityInterface13
----------------- testing Tue May 22 22:01:35 UTC 2018 /home/travis/build/icyphy/ptII/ptolemy/domains/modal/test/auto/CausalityInterface14.xml
----------------- Instantiating /home/travis/build/icyphy/ptII/ptolemy/domains/modal/test/auto/CausalityInterface14.xml
15 ms. Memory: 333824K Free: 106367K (32%)
----------------- Invoking toplevel() on ptolemy.moml.MoMLSimpleApplication@6f805a90
----------------- Done invoking toplevel() on ptolemy.moml.MoMLSimpleApplication@6f805a90
reloadAllAccessors: .CausalityInterface14
----------------- testing Tue May 22 22:01:35 UTC 2018 /home/travis/build/icyphy/ptII/ptolemy/domains/modal/test/auto/CausalityInterface2.xml
----------------- Instantiating /home/travis/build/icyphy/ptII/ptolemy/domains/modal/test/auto/CausalityInterface2.xml
10 ms. Memory: 333824K Free: 99016K (30%)
----------------- Invoking toplevel() on ptolemy.moml.MoMLSimpleApplication@47852dbf
----------------- Done invoking toplevel() on ptolemy.moml.MoMLSimpleApplication@47852dbf
reloadAllAccessors: .CausalityInterface2
----------------- testing Tue May 22 22:01:35 UTC 2018 /home/travis/build/icyphy/ptII/ptolemy/domains/modal/test/auto/CausalityInterface3.xml
----------------- Instantiating /home/travis/build/icyphy/ptII/ptolemy/domains/modal/test/auto/CausalityInterface3.xml
5 ms. Memory: 333824K Free: 89376K (27%)
----------------- Invoking toplevel() on ptolemy.moml.MoMLSimpleApplication@634773a0
----------------- Done invoking toplevel() on ptolemy.moml.MoMLSimpleApplication@634773a0
reloadAllAccessors: .CausalityInterface3
----------------- testing Tue May 22 22:01:35 UTC 2018 /home/travis/build/icyphy/ptII/ptolemy/domains/modal/test/auto/CausalityInterface4.xml
----------------- Instantiating /home/travis/build/icyphy/ptII/ptolemy/domains/modal/test/auto/CausalityInterface4.xml
7 ms. Memory: 333824K Free: 82032K (25%)
----------------- Invoking toplevel() on ptolemy.moml.MoMLSimpleApplication@6b4019c7
----------------- Done invoking toplevel() on ptolemy.moml.MoMLSimpleApplication@6b4019c7
reloadAllAccessors: .CausalityInterface4
----------------- testing Tue May 22 22:01:35 UTC 2018 /home/travis/build/icyphy/ptII/ptolemy/domains/modal/test/auto/CausalityInterface5.xml
----------------- Instantiating /home/travis/build/icyphy/ptII/ptolemy/domains/modal/test/auto/CausalityInterface5.xml
10 ms. Memory: 578048K Free: 560275K (97%)
----------------- Invoking toplevel() on ptolemy.moml.MoMLSimpleApplication@1a634fd6
----------------- Done invoking toplevel() on ptolemy.moml.MoMLSimpleApplication@1a634fd6
reloadAllAccessors: .CausalityInterface5
----------------- testing Tue May 22 22:01:35 UTC 2018 /home/travis/build/icyphy/ptII/ptolemy/domains/modal/test/auto/CausalityInterface6.xml
----------------- Instantiating /home/travis/build/icyphy/ptII/ptolemy/domains/modal/test/auto/CausalityInterface6.xml
4 ms. Memory: 578048K Free: 544898K (94%)
----------------- Invoking toplevel() on ptolemy.moml.MoMLSimpleApplication@4fb6e6de
----------------- Done invoking toplevel() on ptolemy.moml.MoMLSimpleApplication@4fb6e6de
reloadAllAccessors: .CausalityInterface6
----------------- testing Tue May 22 22:01:36 UTC 2018 /home/travis/build/icyphy/ptII/ptolemy/domains/modal/test/auto/CausalityInterface7.xml
----------------- Instantiating /home/travis/build/icyphy/ptII/ptolemy/domains/modal/test/auto/CausalityInterface7.xml
6 ms. Memory: 578048K Free: 532663K (92%)
----------------- Invoking toplevel() on ptolemy.moml.MoMLSimpleApplication@7152fa4b
----------------- Done invoking toplevel() on ptolemy.moml.MoMLSimpleApplication@7152fa4b
reloadAllAccessors: .CausalityInterface7
----------------- testing Tue May 22 22:01:36 UTC 2018 /home/travis/build/icyphy/ptII/ptolemy/domains/modal/test/auto/CausalityInterface8.xml
----------------- Instantiating /home/travis/build/icyphy/ptII/ptolemy/domains/modal/test/auto/CausalityInterface8.xml
5 ms. Memory: 578048K Free: 520451K (90%)
----------------- Invoking toplevel() on ptolemy.moml.MoMLSimpleApplication@1289ea61
----------------- Done invoking toplevel() on ptolemy.moml.MoMLSimpleApplication@1289ea61
reloadAllAccessors: .CausalityInterface8
----------------- testing Tue May 22 22:01:36 UTC 2018 /home/travis/build/icyphy/ptII/ptolemy/domains/modal/test/auto/CausalityInterface9.xml
----------------- Instantiating /home/travis/build/icyphy/ptII/ptolemy/domains/modal/test/auto/CausalityInterface9.xml
5 ms. Memory: 578048K Free: 507984K (88%)
----------------- Invoking toplevel() on ptolemy.moml.MoMLSimpleApplication@6cd7c52c
----------------- Done invoking toplevel() on ptolemy.moml.MoMLSimpleApplication@6cd7c52c
reloadAllAccessors: .CausalityInterface9
----------------- testing Tue May 22 22:01:36 UTC 2018 /home/travis/build/icyphy/ptII/ptolemy/domains/modal/test/auto/ChainedTransitions.xml
----------------- Instantiating /home/travis/build/icyphy/ptII/ptolemy/domains/modal/test/auto/ChainedTransitions.xml
152 ms. Memory: 578048K Free: 475448K (82%)
----------------- Invoking toplevel() on ptolemy.moml.MoMLSimpleApplication@586aafcc
----------------- Done invoking toplevel() on ptolemy.moml.MoMLSimpleApplication@586aafcc
reloadAllAccessors: .ChainedTransitions
----------------- testing Tue May 22 22:01:36 UTC 2018 /home/travis/build/icyphy/ptII/ptolemy/domains/modal/test/auto/CycleOfImmediateTransitionsFSM.xml
----------------- Instantiating /home/travis/build/icyphy/ptII/ptolemy/domains/modal/test/auto/CycleOfImmediateTransitionsFSM.xml
2 ms. Memory: 578048K Free: 465662K (81%)
----------------- Invoking toplevel() on ptolemy.moml.MoMLSimpleApplication@3db85445
----------------- Done invoking toplevel() on ptolemy.moml.MoMLSimpleApplication@3db85445
reloadAllAccessors: .CycleOfImmediateTransitionsFSM
----------------- testing Tue May 22 22:01:36 UTC 2018 /home/travis/build/icyphy/ptII/ptolemy/domains/modal/test/auto/CycleOfImmediateTransitionsModal.xml
----------------- Instantiating /home/travis/build/icyphy/ptII/ptolemy/domains/modal/test/auto/CycleOfImmediateTransitionsModal.xml
2 ms. Memory: 578048K Free: 455893K (79%)
----------------- Invoking toplevel() on ptolemy.moml.MoMLSimpleApplication@6220e7ba
----------------- Done invoking toplevel() on ptolemy.moml.MoMLSimpleApplication@6220e7ba
reloadAllAccessors: .CycleOfImmediateTransitionsModal
----------------- testing Tue May 22 22:01:36 UTC 2018 /home/travis/build/icyphy/ptII/ptolemy/domains/modal/test/auto/CycleOfImmediateTransitionsModal2.xml
----------------- Instantiating /home/travis/build/icyphy/ptII/ptolemy/domains/modal/test/auto/CycleOfImmediateTransitionsModal2.xml
2 ms. Memory: 578048K Free: 446124K (77%)
----------------- Invoking toplevel() on ptolemy.moml.MoMLSimpleApplication@124573dd
----------------- Done invoking toplevel() on ptolemy.moml.MoMLSimpleApplication@124573dd
reloadAllAccessors: .CycleOfImmediateTransitionsModal2
----------------- testing Tue May 22 22:01:36 UTC 2018 /home/travis/build/icyphy/ptII/ptolemy/domains/modal/test/auto/CycleOfImmediateTransitionsModal3.xml
----------------- Instantiating /home/travis/build/icyphy/ptII/ptolemy/domains/modal/test/auto/CycleOfImmediateTransitionsModal3.xml
8 ms. Memory: 578048K Free: 413619K (72%)
----------------- Invoking toplevel() on ptolemy.moml.MoMLSimpleApplication@6d801b87
----------------- Done invoking toplevel() on ptolemy.moml.MoMLSimpleApplication@6d801b87
reloadAllAccessors: .CycleOfImmediateTransitionsModal3
----------------- testing Tue May 22 22:01:36 UTC 2018 /home/travis/build/icyphy/ptII/ptolemy/domains/modal/test/auto/DeepModal1.xml
----------------- Instantiating /home/travis/build/icyphy/ptII/ptolemy/domains/modal/test/auto/DeepModal1.xml
33 ms. Memory: 578048K Free: 396467K (69%)
----------------- Invoking toplevel() on ptolemy.moml.MoMLSimpleApplication@354dcf06
----------------- Done invoking toplevel() on ptolemy.moml.MoMLSimpleApplication@354dcf06
reloadAllAccessors: .DeepModal1
----------------- testing Tue May 22 22:01:36 UTC 2018 /home/travis/build/icyphy/ptII/ptolemy/domains/modal/test/auto/DeepModal2.xml
----------------- Instantiating /home/travis/build/icyphy/ptII/ptolemy/domains/modal/test/auto/DeepModal2.xml
37 ms. Memory: 578048K Free: 369546K (64%)
----------------- Invoking toplevel() on ptolemy.moml.MoMLSimpleApplication@2dbafda3
----------------- Done invoking toplevel() on ptolemy.moml.MoMLSimpleApplication@2dbafda3
reloadAllAccessors: .DeepModal2
----------------- testing Tue May 22 22:01:36 UTC 2018 /home/travis/build/icyphy/ptII/ptolemy/domains/modal/test/auto/DeepModal3.xml
----------------- Instantiating /home/travis/build/icyphy/ptII/ptolemy/domains/modal/test/auto/DeepModal3.xml
39 ms. Memory: 578048K Free: 347526K (60%)
----------------- Invoking toplevel() on ptolemy.moml.MoMLSimpleApplication@afec2eb
----------------- Done invoking toplevel() on ptolemy.moml.MoMLSimpleApplication@afec2eb
reloadAllAccessors: .DeepModal3
----------------- testing Tue May 22 22:01:36 UTC 2018 /home/travis/build/icyphy/ptII/ptolemy/domains/modal/test/auto/DeepModal4.xml
----------------- Instantiating /home/travis/build/icyphy/ptII/ptolemy/domains/modal/test/auto/DeepModal4.xml
46 ms. Memory: 578048K Free: 322332K (56%)
----------------- Invoking toplevel() on ptolemy.moml.MoMLSimpleApplication@6f7fcf32
----------------- Done invoking toplevel() on ptolemy.moml.MoMLSimpleApplication@6f7fcf32
reloadAllAccessors: .DeepModal4
----------------- testing Tue May 22 22:01:37 UTC 2018 /home/travis/build/icyphy/ptII/ptolemy/domains/modal/test/auto/Default1.xml
----------------- Instantiating /home/travis/build/icyphy/ptII/ptolemy/domains/modal/test/auto/Default1.xml
3 ms. Memory: 578048K Free: 312530K (54%)
----------------- Invoking toplevel() on ptolemy.moml.MoMLSimpleApplication@136b323a
----------------- Done invoking toplevel() on ptolemy.moml.MoMLSimpleApplication@136b323a
reloadAllAccessors: .Default1
----------------- testing Tue May 22 22:01:37 UTC 2018 /home/travis/build/icyphy/ptII/ptolemy/domains/modal/test/auto/Default2.xml
----------------- Instantiating /home/travis/build/icyphy/ptII/ptolemy/domains/modal/test/auto/Default2.xml
2 ms. Memory: 578048K Free: 302729K (52%)
----------------- Invoking toplevel() on ptolemy.moml.MoMLSimpleApplication@500804ec
----------------- Done invoking toplevel() on ptolemy.moml.MoMLSimpleApplication@500804ec
reloadAllAccessors: .Default2
----------------- testing Tue May 22 22:01:37 UTC 2018 /home/travis/build/icyphy/ptII/ptolemy/domains/modal/test/auto/Default3.xml
----------------- Instantiating /home/travis/build/icyphy/ptII/ptolemy/domains/modal/test/auto/Default3.xml
4 ms. Memory: 578048K Free: 292936K (51%)
----------------- Invoking toplevel() on ptolemy.moml.MoMLSimpleApplication@33e13ac3
----------------- Done invoking toplevel() on ptolemy.moml.MoMLSimpleApplication@33e13ac3
reloadAllAccessors: .Default3
----------------- testing Tue May 22 22:01:37 UTC 2018 /home/travis/build/icyphy/ptII/ptolemy/domains/modal/test/auto/Default4.xml
----------------- Instantiating /home/travis/build/icyphy/ptII/ptolemy/domains/modal/test/auto/Default4.xml
4 ms. Memory: 578048K Free: 280002K (48%)
----------------- Invoking toplevel() on ptolemy.moml.MoMLSimpleApplication@49195cc3
----------------- Done invoking toplevel() on ptolemy.moml.MoMLSimpleApplication@49195cc3
reloadAllAccessors: .Default4
----------------- testing Tue May 22 22:01:37 UTC 2018 /home/travis/build/icyphy/ptII/ptolemy/domains/modal/test/auto/Default5.xml
----------------- Instantiating /home/travis/build/icyphy/ptII/ptolemy/domains/modal/test/auto/Default5.xml
4 ms. Memory: 578048K Free: 270217K (47%)
----------------- Invoking toplevel() on ptolemy.moml.MoMLSimpleApplication@39abc145
----------------- Done invoking toplevel() on ptolemy.moml.MoMLSimpleApplication@39abc145
reloadAllAccessors: .Default5
----------------- testing Tue May 22 22:01:37 UTC 2018 /home/travis/build/icyphy/ptII/ptolemy/domains/modal/test/auto/EmptyGuard.xml
----------------- Instantiating /home/travis/build/icyphy/ptII/ptolemy/domains/modal/test/auto/EmptyGuard.xml
7 ms. Memory: 578048K Free: 260432K (45%)
----------------- Invoking toplevel() on ptolemy.moml.MoMLSimpleApplication@4c3a6e61
----------------- Done invoking toplevel() on ptolemy.moml.MoMLSimpleApplication@4c3a6e61
reloadAllAccessors: .EmptyGuard
----------------- testing Tue May 22 22:01:37 UTC 2018 /home/travis/build/icyphy/ptII/ptolemy/domains/modal/test/auto/ErrorTransition1.xml
----------------- Instantiating /home/travis/build/icyphy/ptII/ptolemy/domains/modal/test/auto/ErrorTransition1.xml
8 ms. Memory: 578048K Free: 250647K (43%)
----------------- Invoking toplevel() on ptolemy.moml.MoMLSimpleApplication@45601b2a
----------------- Done invoking toplevel() on ptolemy.moml.MoMLSimpleApplication@45601b2a
reloadAllAccessors: .ErrorTransition1
----------------- testing Tue May 22 22:01:37 UTC 2018 /home/travis/build/icyphy/ptII/ptolemy/domains/modal/test/auto/ErrorTransition10.xml
----------------- Instantiating /home/travis/build/icyphy/ptII/ptolemy/domains/modal/test/auto/ErrorTransition10.xml
16 ms. Memory: 578048K Free: 230354K (40%)
----------------- Invoking toplevel() on ptolemy.moml.MoMLSimpleApplication@6a24458f
----------------- Done invoking toplevel() on ptolemy.moml.MoMLSimpleApplication@6a24458f
reloadAllAccessors: .ErrorTransition10
----------------- testing Tue May 22 22:01:37 UTC 2018 /home/travis/build/icyphy/ptII/ptolemy/domains/modal/test/auto/ErrorTransition11.xml
----------------- Instantiating /home/travis/build/icyphy/ptII/ptolemy/domains/modal/test/auto/ErrorTransition11.xml
4 ms. Memory: 578048K Free: 215692K (37%)
----------------- Invoking toplevel() on ptolemy.moml.MoMLSimpleApplication@2c6c1a5d
----------------- Done invoking toplevel() on ptolemy.moml.MoMLSimpleApplication@2c6c1a5d
reloadAllAccessors: .ErrorTransition11
----------------- testing Tue May 22 22:01:37 UTC 2018 /home/travis/build/icyphy/ptII/ptolemy/domains/modal/test/auto/ErrorTransition2.xml
----------------- Instantiating /home/travis/build/icyphy/ptII/ptolemy/domains/modal/test/auto/ErrorTransition2.xml
6 ms. Memory: 578048K Free: 205907K (36%)
----------------- Invoking toplevel() on ptolemy.moml.MoMLSimpleApplication@62dd69f4
----------------- Done invoking toplevel() on ptolemy.moml.MoMLSimpleApplication@62dd69f4
reloadAllAccessors: .ErrorTransition2
----------------- testing Tue May 22 22:01:37 UTC 2018 /home/travis/build/icyphy/ptII/ptolemy/domains/modal/test/auto/ErrorTransition3.xml
----------------- Instantiating /home/travis/build/icyphy/ptII/ptolemy/domains/modal/test/auto/ErrorTransition3.xml
9 ms. Memory: 578048K Free: 193671K (34%)
----------------- Invoking toplevel() on ptolemy.moml.MoMLSimpleApplication@196b6dc7
----------------- Done invoking toplevel() on ptolemy.moml.MoMLSimpleApplication@196b6dc7
reloadAllAccessors: .ErrorTransition3
----------------- testing Tue May 22 22:01:37 UTC 2018 /home/travis/build/icyphy/ptII/ptolemy/domains/modal/test/auto/ErrorTransition4.xml
----------------- Instantiating /home/travis/build/icyphy/ptII/ptolemy/domains/modal/test/auto/ErrorTransition4.xml
8 ms. Memory: 578048K Free: 181428K (31%)
----------------- Invoking toplevel() on ptolemy.moml.MoMLSimpleApplication@5c364ebc
----------------- Done invoking toplevel() on ptolemy.moml.MoMLSimpleApplication@5c364ebc
reloadAllAccessors: .ErrorTransition4
----------------- testing Tue May 22 22:01:37 UTC 2018 /home/travis/build/icyphy/ptII/ptolemy/domains/modal/test/auto/ErrorTransition5.xml
----------------- Instantiating /home/travis/build/icyphy/ptII/ptolemy/domains/modal/test/auto/ErrorTransition5.xml
8 ms. Memory: 578048K Free: 166036K (29%)
----------------- Invoking toplevel() on ptolemy.moml.MoMLSimpleApplication@6b1b6c37
----------------- Done invoking toplevel() on ptolemy.moml.MoMLSimpleApplication@6b1b6c37
reloadAllAccessors: .ErrorTransition5
----------------- testing Tue May 22 22:01:37 UTC 2018 /home/travis/build/icyphy/ptII/ptolemy/domains/modal/test/auto/ErrorTransition6.xml
----------------- Instantiating /home/travis/build/icyphy/ptII/ptolemy/domains/modal/test/auto/ErrorTransition6.xml
8 ms. Memory: 578048K Free: 153808K (27%)
----------------- Invoking toplevel() on ptolemy.moml.MoMLSimpleApplication@18d103e2
----------------- Done invoking toplevel() on ptolemy.moml.MoMLSimpleApplication@18d103e2
reloadAllAccessors: .ErrorTransition6
----------------- testing Tue May 22 22:01:37 UTC 2018 /home/travis/build/icyphy/ptII/ptolemy/domains/modal/test/auto/ErrorTransition7.xml
----------------- Instantiating /home/travis/build/icyphy/ptII/ptolemy/domains/modal/test/auto/ErrorTransition7.xml
16 ms. Memory: 578048K Free: 136656K (24%)
----------------- Invoking toplevel() on ptolemy.moml.MoMLSimpleApplication@3c3787af
----------------- Done invoking toplevel() on ptolemy.moml.MoMLSimpleApplication@3c3787af
reloadAllAccessors: .ErrorTransition7
----------------- testing Tue May 22 22:01:37 UTC 2018 /home/travis/build/icyphy/ptII/ptolemy/domains/modal/test/auto/ErrorTransition8.xml
----------------- Instantiating /home/travis/build/icyphy/ptII/ptolemy/domains/modal/test/auto/ErrorTransition8.xml
38 ms. Memory: 578048K Free: 119528K (21%)
----------------- Invoking toplevel() on ptolemy.moml.MoMLSimpleApplication@1e924a0f
----------------- Done invoking toplevel() on ptolemy.moml.MoMLSimpleApplication@1e924a0f
reloadAllAccessors: .ErrorTransition8
----------------- testing Tue May 22 22:01:37 UTC 2018 /home/travis/build/icyphy/ptII/ptolemy/domains/modal/test/auto/ErrorTransition9.xml
----------------- Instantiating /home/travis/build/icyphy/ptII/ptolemy/domains/modal/test/auto/ErrorTransition9.xml
21 ms. Memory: 578048K Free: 99243K (17%)
----------------- Invoking toplevel() on ptolemy.moml.MoMLSimpleApplication@3cd13da3
----------------- Done invoking toplevel() on ptolemy.moml.MoMLSimpleApplication@3cd13da3
reloadAllAccessors: .ErrorTransition9
----------------- testing Tue May 22 22:01:37 UTC 2018 /home/travis/build/icyphy/ptII/ptolemy/domains/modal/test/auto/ExtendedFSM.xml
----------------- Instantiating /home/travis/build/icyphy/ptII/ptolemy/domains/modal/test/auto/ExtendedFSM.xml
14 ms. Memory: 578048K Free: 89458K (15%)
----------------- Invoking toplevel() on ptolemy.moml.MoMLSimpleApplication@6f0dd971
----------------- Done invoking toplevel() on ptolemy.moml.MoMLSimpleApplication@6f0dd971
reloadAllAccessors: .ExtendedFSM
----------------- testing Tue May 22 22:01:37 UTC 2018 /home/travis/build/icyphy/ptII/ptolemy/domains/modal/test/auto/FinalStates.xml
----------------- Instantiating /home/travis/build/icyphy/ptII/ptolemy/domains/modal/test/auto/FinalStates.xml
8 ms. Memory: 578048K Free: 79673K (14%)
----------------- Invoking toplevel() on ptolemy.moml.MoMLSimpleApplication@69c90dcb
----------------- Done invoking toplevel() on ptolemy.moml.MoMLSimpleApplication@69c90dcb
reloadAllAccessors: .FinalStates
----------------- testing Tue May 22 22:01:37 UTC 2018 /home/travis/build/icyphy/ptII/ptolemy/domains/modal/test/auto/FixedPointFSM.xml
----------------- Instantiating /home/travis/build/icyphy/ptII/ptolemy/domains/modal/test/auto/FixedPointFSM.xml
21 ms. Memory: 578048K Free: 551393K (95%)
----------------- Invoking toplevel() on ptolemy.moml.MoMLSimpleApplication@3a1d21eb
----------------- Done invoking toplevel() on ptolemy.moml.MoMLSimpleApplication@3a1d21eb
reloadAllAccessors: .FixedPointFSM
----------------- testing Tue May 22 22:01:37 UTC 2018 /home/travis/build/icyphy/ptII/ptolemy/domains/modal/test/auto/FixedPointIterationFSMActor.xml
----------------- Instantiating /home/travis/build/icyphy/ptII/ptolemy/domains/modal/test/auto/FixedPointIterationFSMActor.xml
10 ms. Memory: 578048K Free: 536938K (93%)
----------------- Invoking toplevel() on ptolemy.moml.MoMLSimpleApplication@45f490b4
----------------- Done invoking toplevel() on ptolemy.moml.MoMLSimpleApplication@45f490b4
reloadAllAccessors: .FixedPointIterationFSMActor
----------------- testing Tue May 22 22:01:38 UTC 2018 /home/travis/build/icyphy/ptII/ptolemy/domains/modal/test/auto/FixedPointIterationFSMActor2.xml
----------------- Instantiating /home/travis/build/icyphy/ptII/ptolemy/domains/modal/test/auto/FixedPointIterationFSMActor2.xml
15 ms. Memory: 578048K Free: 522284K (90%)
----------------- Invoking toplevel() on ptolemy.moml.MoMLSimpleApplication@4b8f4b94
----------------- Done invoking toplevel() on ptolemy.moml.MoMLSimpleApplication@4b8f4b94
reloadAllAccessors: .FixedPointIterationFSMActor2
----------------- testing Tue May 22 22:01:38 UTC 2018 /home/travis/build/icyphy/ptII/ptolemy/domains/modal/test/auto/ForbiddenInstantanousLoop.xml
----------------- Instantiating /home/travis/build/icyphy/ptII/ptolemy/domains/modal/test/auto/ForbiddenInstantanousLoop.xml
6 ms. Memory: 578048K Free: 505402K (87%)
----------------- Invoking toplevel() on ptolemy.moml.MoMLSimpleApplication@4ce7f4a
----------------- Done invoking toplevel() on ptolemy.moml.MoMLSimpleApplication@4ce7f4a
reloadAllAccessors: .ForbiddenInstantanousLoop
----------------- testing Tue May 22 22:01:38 UTC 2018 /home/travis/build/icyphy/ptII/ptolemy/domains/modal/test/auto/FunctionDependencyOfFSMActorTest.xml
----------------- Instantiating /home/travis/build/icyphy/ptII/ptolemy/domains/modal/test/auto/FunctionDependencyOfFSMActorTest.xml
8 ms. Memory: 578048K Free: 498059K (86%)
----------------- Invoking toplevel() on ptolemy.moml.MoMLSimpleApplication@78aae19d
----------------- Done invoking toplevel() on ptolemy.moml.MoMLSimpleApplication@78aae19d
reloadAllAccessors: .FunctionDependencyOfFSMActorTest
----------------- testing Tue May 22 22:01:38 UTC 2018 /home/travis/build/icyphy/ptII/ptolemy/domains/modal/test/auto/GuardExpression.xml
----------------- Instantiating /home/travis/build/icyphy/ptII/ptolemy/domains/modal/test/auto/GuardExpression.xml
7 ms. Memory: 578048K Free: 490716K (85%)
----------------- Invoking toplevel() on ptolemy.moml.MoMLSimpleApplication@7928ecd5
----------------- Done invoking toplevel() on ptolemy.moml.MoMLSimpleApplication@7928ecd5
reloadAllAccessors: .GuardExpression
----------------- testing Tue May 22 22:01:38 UTC 2018 /home/travis/build/icyphy/ptII/ptolemy/domains/modal/test/auto/GuardNotEvaluated.xml
----------------- Instantiating /home/travis/build/icyphy/ptII/ptolemy/domains/modal/test/auto/GuardNotEvaluated.xml
9 ms. Memory: 578048K Free: 478719K (83%)
----------------- Invoking toplevel() on ptolemy.moml.MoMLSimpleApplication@62b0f081
----------------- Done invoking toplevel() on ptolemy.moml.MoMLSimpleApplication@62b0f081
reloadAllAccessors: .GuardNotEvaluated
----------------- testing Tue May 22 22:01:38 UTC 2018 /home/travis/build/icyphy/ptII/ptolemy/domains/modal/test/auto/GuardNotEvaluated2.xml
----------------- Instantiating /home/travis/build/icyphy/ptII/ptolemy/domains/modal/test/auto/GuardNotEvaluated2.xml
9 ms. Memory: 578048K Free: 468950K (81%)
----------------- Invoking toplevel() on ptolemy.moml.MoMLSimpleApplication@7e31d4e5
----------------- Done invoking toplevel() on ptolemy.moml.MoMLSimpleApplication@7e31d4e5
reloadAllAccessors: .GuardNotEvaluated2
----------------- testing Tue May 22 22:01:38 UTC 2018 /home/travis/build/icyphy/ptII/ptolemy/domains/modal/test/auto/GuardOnAbsent.xml
----------------- Instantiating /home/travis/build/icyphy/ptII/ptolemy/domains/modal/test/auto/GuardOnAbsent.xml
19 ms. Memory: 578048K Free: 459165K (79%)
----------------- Invoking toplevel() on ptolemy.moml.MoMLSimpleApplication@588517a2
----------------- Done invoking toplevel() on ptolemy.moml.MoMLSimpleApplication@588517a2
reloadAllAccessors: .GuardOnAbsent
----------------- testing Tue May 22 22:01:38 UTC 2018 /home/travis/build/icyphy/ptII/ptolemy/domains/modal/test/auto/HierarchicalFSMTypeInference.xml
----------------- Instantiating /home/travis/build/icyphy/ptII/ptolemy/domains/modal/test/auto/HierarchicalFSMTypeInference.xml
7 ms. Memory: 578048K Free: 442275K (77%)
----------------- Invoking toplevel() on ptolemy.moml.MoMLSimpleApplication@8632b7d
----------------- Done invoking toplevel() on ptolemy.moml.MoMLSimpleApplication@8632b7d
reloadAllAccessors: .HierarchicalFSMTypeInference
----------------- testing Tue May 22 22:01:38 UTC 2018 /home/travis/build/icyphy/ptII/ptolemy/domains/modal/test/auto/Hysteresis.xml
----------------- Instantiating /home/travis/build/icyphy/ptII/ptolemy/domains/modal/test/auto/Hysteresis.xml
30 ms. Memory: 578048K Free: 425139K (74%)
----------------- Invoking toplevel() on ptolemy.moml.MoMLSimpleApplication@1706d9f4
----------------- Done invoking toplevel() on ptolemy.moml.MoMLSimpleApplication@1706d9f4
reloadAllAccessors: .Hysteresis
----------------- testing Tue May 22 22:01:38 UTC 2018 /home/travis/build/icyphy/ptII/ptolemy/domains/modal/test/auto/HysteresisWithDefault.xml
----------------- Instantiating /home/travis/build/icyphy/ptII/ptolemy/domains/modal/test/auto/HysteresisWithDefault.xml
114 ms. Memory: 578048K Free: 398226K (69%)
----------------- Invoking toplevel() on ptolemy.moml.MoMLSimpleApplication@67b1e90e
----------------- Done invoking toplevel() on ptolemy.moml.MoMLSimpleApplication@67b1e90e
reloadAllAccessors: .HysteresisWithDefault
----------------- testing Tue May 22 22:01:38 UTC 2018 /home/travis/build/icyphy/ptII/ptolemy/domains/modal/test/auto/HysteresisWithDefault2.xml
----------------- Instantiating /home/travis/build/icyphy/ptII/ptolemy/domains/modal/test/auto/HysteresisWithDefault2.xml
77 ms. Memory: 578048K Free: 364183K (63%)
----------------- Invoking toplevel() on ptolemy.moml.MoMLSimpleApplication@70d32b4
----------------- Done invoking toplevel() on ptolemy.moml.MoMLSimpleApplication@70d32b4
reloadAllAccessors: .HysteresisWithDefault2
----------------- testing Tue May 22 22:01:38 UTC 2018 /home/travis/build/icyphy/ptII/ptolemy/domains/modal/test/auto/ImmediateNonConstructiveness.xml
----------------- Instantiating /home/travis/build/icyphy/ptII/ptolemy/domains/modal/test/auto/ImmediateNonConstructiveness.xml
4 ms. Memory: 578048K Free: 354398K (61%)
----------------- Invoking toplevel() on ptolemy.moml.MoMLSimpleApplication@36d62f55
----------------- Done invoking toplevel() on ptolemy.moml.MoMLSimpleApplication@36d62f55
reloadAllAccessors: .ImmediateNonConstructiveness
----------------- testing Tue May 22 22:01:38 UTC 2018 /home/travis/build/icyphy/ptII/ptolemy/domains/modal/test/auto/ImmediateNonConstructiveness2.xml
----------------- Instantiating /home/travis/build/icyphy/ptII/ptolemy/domains/modal/test/auto/ImmediateNonConstructiveness2.xml
3 ms. Memory: 578048K Free: 342401K (59%)
----------------- Invoking toplevel() on ptolemy.moml.MoMLSimpleApplication@385f9ceb
----------------- Done invoking toplevel() on ptolemy.moml.MoMLSimpleApplication@385f9ceb
reloadAllAccessors: .ImmediateNonConstructiveness2
----------------- testing Tue May 22 22:01:38 UTC 2018 /home/travis/build/icyphy/ptII/ptolemy/domains/modal/test/auto/ImmediateTransitionReset.xml
----------------- Instantiating /home/travis/build/icyphy/ptII/ptolemy/domains/modal/test/auto/ImmediateTransitionReset.xml
8 ms. Memory: 578048K Free: 327723K (57%)
----------------- Invoking toplevel() on ptolemy.moml.MoMLSimpleApplication@7174b48f
----------------- Done invoking toplevel() on ptolemy.moml.MoMLSimpleApplication@7174b48f
reloadAllAccessors: .ImmediateTransitionReset
----------------- testing Tue May 22 22:01:38 UTC 2018 /home/travis/build/icyphy/ptII/ptolemy/domains/modal/test/auto/ImmediateTransitions1.xml
----------------- Instantiating /home/travis/build/icyphy/ptII/ptolemy/domains/modal/test/auto/ImmediateTransitions1.xml
3 ms. Memory: 578048K Free: 320380K (55%)
----------------- Invoking toplevel() on ptolemy.moml.MoMLSimpleApplication@1ab60bd7
----------------- Done invoking toplevel() on ptolemy.moml.MoMLSimpleApplication@1ab60bd7
reloadAllAccessors: .ImmediateTransitions1
----------------- testing Tue May 22 22:01:38 UTC 2018 /home/travis/build/icyphy/ptII/ptolemy/domains/modal/test/auto/ImmediateTransitionsInstantaneousCommunication.xml
----------------- Instantiating /home/travis/build/icyphy/ptII/ptolemy/domains/modal/test/auto/ImmediateTransitionsInstantaneousCommunication.xml
5 ms. Memory: 578048K Free: 303466K (52%)
----------------- Invoking toplevel() on ptolemy.moml.MoMLSimpleApplication@a0d0282
----------------- Done invoking toplevel() on ptolemy.moml.MoMLSimpleApplication@a0d0282
reloadAllAccessors: .ImmediateTransitionsInstantaneousCommunication
----------------- testing Tue May 22 22:01:39 UTC 2018 /home/travis/build/icyphy/ptII/ptolemy/domains/modal/test/auto/InitialImmediateTransition.xml
----------------- Instantiating /home/travis/build/icyphy/ptII/ptolemy/domains/modal/test/auto/InitialImmediateTransition.xml
4 ms. Memory: 578048K Free: 293681K (51%)
----------------- Invoking toplevel() on ptolemy.moml.MoMLSimpleApplication@17c665cb
----------------- Done invoking toplevel() on ptolemy.moml.MoMLSimpleApplication@17c665cb
reloadAllAccessors: .InitialImmediateTransition
----------------- testing Tue May 22 22:01:39 UTC 2018 /home/travis/build/icyphy/ptII/ptolemy/domains/modal/test/auto/InitialOutputs.xml
----------------- Instantiating /home/travis/build/icyphy/ptII/ptolemy/domains/modal/test/auto/InitialOutputs.xml
4 ms. Memory: 578048K Free: 283880K (49%)
----------------- Invoking toplevel() on ptolemy.moml.MoMLSimpleApplication@51ff872a
----------------- Done invoking toplevel() on ptolemy.moml.MoMLSimpleApplication@51ff872a
reloadAllAccessors: .InitialOutputs
----------------- testing Tue May 22 22:01:39 UTC 2018 /home/travis/build/icyphy/ptII/ptolemy/domains/modal/test/auto/InitialStateTransition1.xml
----------------- Instantiating /home/travis/build/icyphy/ptII/ptolemy/domains/modal/test/auto/InitialStateTransition1.xml
3 ms. Memory: 578048K Free: 271882K (47%)
----------------- Invoking toplevel() on ptolemy.moml.MoMLSimpleApplication@791fb900
----------------- Done invoking toplevel() on ptolemy.moml.MoMLSimpleApplication@791fb900
reloadAllAccessors: .InitialStateTransition1
----------------- testing Tue May 22 22:01:39 UTC 2018 /home/travis/build/icyphy/ptII/ptolemy/domains/modal/test/auto/InitialStateTransition2.xml
----------------- Instantiating /home/travis/build/icyphy/ptII/ptolemy/domains/modal/test/auto/InitialStateTransition2.xml
.InitialStateTransition2.TestExceptionAttributeNonConstructive: initialize() was not invoked, but wrapup() was.  This is unusual, but not always a problem.  For example, exporting JNLP will do this.
1 ms. Memory: 578048K Free: 262097K (45%)
----------------- Invoking toplevel() on ptolemy.moml.MoMLSimpleApplication@115086d3
----------------- Done invoking toplevel() on ptolemy.moml.MoMLSimpleApplication@115086d3
reloadAllAccessors: .InitialStateTransition2
----------------- testing Tue May 22 22:01:39 UTC 2018 /home/travis/build/icyphy/ptII/ptolemy/domains/modal/test/auto/InitialStateTransition3.xml
----------------- Instantiating /home/travis/build/icyphy/ptII/ptolemy/domains/modal/test/auto/InitialStateTransition3.xml
3 ms. Memory: 578048K Free: 249854K (43%)
----------------- Invoking toplevel() on ptolemy.moml.MoMLSimpleApplication@a95cb2b
----------------- Done invoking toplevel() on ptolemy.moml.MoMLSimpleApplication@a95cb2b
reloadAllAccessors: .InitialStateTransition3
----------------- testing Tue May 22 22:01:39 UTC 2018 /home/travis/build/icyphy/ptII/ptolemy/domains/modal/test/auto/InitialStateTransition4.xml
----------------- Instantiating /home/travis/build/icyphy/ptII/ptolemy/domains/modal/test/auto/InitialStateTransition4.xml
4 ms. Memory: 578048K Free: 235406K (41%)
----------------- Invoking toplevel() on ptolemy.moml.MoMLSimpleApplication@2f7b2077
----------------- Done invoking toplevel() on ptolemy.moml.MoMLSimpleApplication@2f7b2077
reloadAllAccessors: .InitialStateTransition4
----------------- testing Tue May 22 22:01:39 UTC 2018 /home/travis/build/icyphy/ptII/ptolemy/domains/modal/test/auto/MalformedGuardExpressionNotCaught.xml
----------------- Instantiating /home/travis/build/icyphy/ptII/ptolemy/domains/modal/test/auto/MalformedGuardExpressionNotCaught.xml
4 ms. Memory: 578048K Free: 225621K (39%)
----------------- Invoking toplevel() on ptolemy.moml.MoMLSimpleApplication@1ad640c9
----------------- Done invoking toplevel() on ptolemy.moml.MoMLSimpleApplication@1ad640c9
reloadAllAccessors: .MalformedGuardExpressionNotCaught
----------------- testing Tue May 22 22:01:39 UTC 2018 /home/travis/build/icyphy/ptII/ptolemy/domains/modal/test/auto/ModalBSC.xml
----------------- Instantiating /home/travis/build/icyphy/ptII/ptolemy/domains/modal/test/auto/ModalBSC.xml
50 ms. Memory: 578048K Free: 191611K (33%)
----------------- Invoking toplevel() on ptolemy.moml.MoMLSimpleApplication@1e56fcbd
----------------- Done invoking toplevel() on ptolemy.moml.MoMLSimpleApplication@1e56fcbd
reloadAllAccessors: .ModalBSC
----------------- testing Tue May 22 22:01:39 UTC 2018 /home/travis/build/icyphy/ptII/ptolemy/domains/modal/test/auto/ModalClocks.xml
----------------- Instantiating /home/travis/build/icyphy/ptII/ptolemy/domains/modal/test/auto/ModalClocks.xml
37 ms. Memory: 578048K Free: 164682K (28%)
----------------- Invoking toplevel() on ptolemy.moml.MoMLSimpleApplication@36bea5e5
----------------- Done invoking toplevel() on ptolemy.moml.MoMLSimpleApplication@36bea5e5
reloadAllAccessors: .ModalClocks
----------------- testing Tue May 22 22:01:39 UTC 2018 /home/travis/build/icyphy/ptII/ptolemy/domains/modal/test/auto/ModalDelay.xml
----------------- Instantiating /home/travis/build/icyphy/ptII/ptolemy/domains/modal/test/auto/ModalDelay.xml
20 ms. Memory: 578048K Free: 147530K (26%)
----------------- Invoking toplevel() on ptolemy.moml.MoMLSimpleApplication@4df8de55
----------------- Done invoking toplevel() on ptolemy.moml.MoMLSimpleApplication@4df8de55
reloadAllAccessors: .ModalDelay
----------------- testing Tue May 22 22:01:39 UTC 2018 /home/travis/build/icyphy/ptII/ptolemy/domains/modal/test/auto/ModalDelay2.xml
----------------- Instantiating /home/travis/build/icyphy/ptII/ptolemy/domains/modal/test/auto/ModalDelay2.xml
16 ms. Memory: 578048K Free: 128197K (22%)
----------------- Invoking toplevel() on ptolemy.moml.MoMLSimpleApplication@697788fb
----------------- Done invoking toplevel() on ptolemy.moml.MoMLSimpleApplication@697788fb
reloadAllAccessors: .ModalDelay2
----------------- testing Tue May 22 22:01:39 UTC 2018 /home/travis/build/icyphy/ptII/ptolemy/domains/modal/test/auto/ModalModelFromMemo.xml
----------------- Instantiating /home/travis/build/icyphy/ptII/ptolemy/domains/modal/test/auto/ModalModelFromMemo.xml
33 ms. Memory: 578048K Free: 103710K (18%)
----------------- Invoking toplevel() on ptolemy.moml.MoMLSimpleApplication@6788c68d
----------------- Done invoking toplevel() on ptolemy.moml.MoMLSimpleApplication@6788c68d
reloadAllAccessors: .ModalModelFromMemo
----------------- testing Tue May 22 22:01:39 UTC 2018 /home/travis/build/icyphy/ptII/ptolemy/domains/modal/test/auto/ModalModelWithMultirateTransient.xml
----------------- Instantiating /home/travis/build/icyphy/ptII/ptolemy/domains/modal/test/auto/ModalModelWithMultirateTransient.xml
25 ms. Memory: 578048K Free: 86550K (15%)
----------------- Invoking toplevel() on ptolemy.moml.MoMLSimpleApplication@75b4c638
----------------- Done invoking toplevel() on ptolemy.moml.MoMLSimpleApplication@75b4c638
reloadAllAccessors: .ModalModelWithMultirateTransient
----------------- testing Tue May 22 22:01:39 UTC 2018 /home/travis/build/icyphy/ptII/ptolemy/domains/modal/test/auto/ModalModelWithReset.xml
----------------- Instantiating /home/travis/build/icyphy/ptII/ptolemy/domains/modal/test/auto/ModalModelWithReset.xml
27 ms. Memory: 871936K Free: 849503K (97%)
----------------- Invoking toplevel() on ptolemy.moml.MoMLSimpleApplication@2450aaf
----------------- Done invoking toplevel() on ptolemy.moml.MoMLSimpleApplication@2450aaf
reloadAllAccessors: .ModalModelWithReset
----------------- testing Tue May 22 22:01:39 UTC 2018 /home/travis/build/icyphy/ptII/ptolemy/domains/modal/test/auto/MouseClickFSM.xml
----------------- Instantiating /home/travis/build/icyphy/ptII/ptolemy/domains/modal/test/auto/MouseClickFSM.xml
20 ms. Memory: 871936K Free: 820818K (94%)
----------------- Invoking toplevel() on ptolemy.moml.MoMLSimpleApplication@763b2a55
----------------- Done invoking toplevel() on ptolemy.moml.MoMLSimpleApplication@763b2a55
reloadAllAccessors: .MouseClickFSM
----------------- testing Tue May 22 22:01:39 UTC 2018 /home/travis/build/icyphy/ptII/ptolemy/domains/modal/test/auto/MouseClickFSMModal.xml
----------------- Instantiating /home/travis/build/icyphy/ptII/ptolemy/domains/modal/test/auto/MouseClickFSMModal.xml
15 ms. Memory: 871936K Free: 805181K (92%)
----------------- Invoking toplevel() on ptolemy.moml.MoMLSimpleApplication@918d55c
----------------- Done invoking toplevel() on ptolemy.moml.MoMLSimpleApplication@918d55c
reloadAllAccessors: .MouseClickFSMModal
----------------- testing Tue May 22 22:01:40 UTC 2018 /home/travis/build/icyphy/ptII/ptolemy/domains/modal/test/auto/NonStrictFSM_FeedbackLoop.xml
----------------- Instantiating /home/travis/build/icyphy/ptII/ptolemy/domains/modal/test/auto/NonStrictFSM_FeedbackLoop.xml
37 ms. Memory: 871936K Free: 773892K (89%)
----------------- Invoking toplevel() on ptolemy.moml.MoMLSimpleApplication@59ae56b1
----------------- Done invoking toplevel() on ptolemy.moml.MoMLSimpleApplication@59ae56b1
reloadAllAccessors: .NonStrictFSM_FeedbackLoop
----------------- testing Tue May 22 22:01:40 UTC 2018 /home/travis/build/icyphy/ptII/ptolemy/domains/modal/test/auto/NonStrictFSM_FeedbackLoop_Refinement.xml
----------------- Instantiating /home/travis/build/icyphy/ptII/ptolemy/domains/modal/test/auto/NonStrictFSM_FeedbackLoop_Refinement.xml
39 ms. Memory: 871936K Free: 734766K (84%)
----------------- Invoking toplevel() on ptolemy.moml.MoMLSimpleApplication@2b2c66a0
----------------- Done invoking toplevel() on ptolemy.moml.MoMLSimpleApplication@2b2c66a0
reloadAllAccessors: .NonStrictFSM_FeedbackLoop_Refinement
----------------- testing Tue May 22 22:01:40 UTC 2018 /home/travis/build/icyphy/ptII/ptolemy/domains/modal/test/auto/NonStrictFSM_FeedbackLoop_preemptive.xml
----------------- Instantiating /home/travis/build/icyphy/ptII/ptolemy/domains/modal/test/auto/NonStrictFSM_FeedbackLoop_preemptive.xml
19 ms. Memory: 871936K Free: 698273K (80%)
----------------- Invoking toplevel() on ptolemy.moml.MoMLSimpleApplication@9f1ce2d
----------------- Done invoking toplevel() on ptolemy.moml.MoMLSimpleApplication@9f1ce2d
reloadAllAccessors: .NonStrictFSM_FeedbackLoop_preemptive
----------------- testing Tue May 22 22:01:40 UTC 2018 /home/travis/build/icyphy/ptII/ptolemy/domains/modal/test/auto/NormalTermination.xml
----------------- Instantiating /home/travis/build/icyphy/ptII/ptolemy/domains/modal/test/auto/NormalTermination.xml
17 ms. Memory: 871936K Free: 672196K (77%)
----------------- Invoking toplevel() on ptolemy.moml.MoMLSimpleApplication@58356791
----------------- Done invoking toplevel() on ptolemy.moml.MoMLSimpleApplication@58356791
reloadAllAccessors: .NormalTermination
----------------- testing Tue May 22 22:01:40 UTC 2018 /home/travis/build/icyphy/ptII/ptolemy/domains/modal/test/auto/Pong.xml
----------------- Instantiating /home/travis/build/icyphy/ptII/ptolemy/domains/modal/test/auto/Pong.xml
57 ms. Memory: 871936K Free: 643495K (74%)
----------------- Invoking toplevel() on ptolemy.moml.MoMLSimpleApplication@381ab9bf
----------------- Done invoking toplevel() on ptolemy.moml.MoMLSimpleApplication@381ab9bf
reloadAllAccessors: .Pong
[...]
3 ms. Memory: 871936K Free: 249588K (29%)
----------------- Invoking toplevel() on ptolemy.moml.MoMLSimpleApplication@4503f369
----------------- Done invoking toplevel() on ptolemy.moml.MoMLSimpleApplication@4503f369
reloadAllAccessors: .StrongImmediateTransition
----------------- testing Tue May 22 22:01:41 UTC 2018 /home/travis/build/icyphy/ptII/ptolemy/domains/modal/test/auto/SustainHierarchy.xml
----------------- Instantiating /home/travis/build/icyphy/ptII/ptolemy/domains/modal/test/auto/SustainHierarchy.xml
8 ms. Memory: 871936K Free: 226123K (26%)
----------------- Invoking toplevel() on ptolemy.moml.MoMLSimpleApplication@33f4981
----------------- Done invoking toplevel() on ptolemy.moml.MoMLSimpleApplication@33f4981
reloadAllAccessors: .SustainHierarchy
----------------- testing Tue May 22 22:01:41 UTC 2018 /home/travis/build/icyphy/ptII/ptolemy/domains/modal/test/auto/TerminationTransition1.xml
----------------- Instantiating /home/travis/build/icyphy/ptII/ptolemy/domains/modal/test/auto/TerminationTransition1.xml
5 ms. Memory: 871936K Free: 210471K (24%)
----------------- Invoking toplevel() on ptolemy.moml.MoMLSimpleApplication@43020dca
----------------- Done invoking toplevel() on ptolemy.moml.MoMLSimpleApplication@43020dca
reloadAllAccessors: .TerminationTransition1
----------------- testing Tue May 22 22:01:42 UTC 2018 /home/travis/build/icyphy/ptII/ptolemy/domains/modal/test/auto/TerminationTransition2.xml
----------------- Instantiating /home/travis/build/icyphy/ptII/ptolemy/domains/modal/test/auto/TerminationTransition2.xml
3 ms. Memory: 871936K Free: 194818K (22%)
----------------- Invoking toplevel() on ptolemy.moml.MoMLSimpleApplication@1af549d
----------------- Done invoking toplevel() on ptolemy.moml.MoMLSimpleApplication@1af549d
reloadAllAccessors: .TerminationTransition2
----------------- testing Tue May 22 22:01:42 UTC 2018 /home/travis/build/icyphy/ptII/ptolemy/domains/modal/test/auto/TerminationTransition3.xml
----------------- Instantiating /home/travis/build/icyphy/ptII/ptolemy/domains/modal/test/auto/TerminationTransition3.xml
5 ms. Memory: 871936K Free: 176558K (20%)
----------------- Invoking toplevel() on ptolemy.moml.MoMLSimpleApplication@2f35b4eb
----------------- Done invoking toplevel() on ptolemy.moml.MoMLSimpleApplication@2f35b4eb
reloadAllAccessors: .TerminationTransition3
----------------- testing Tue May 22 22:01:42 UTC 2018 /home/travis/build/icyphy/ptII/ptolemy/domains/modal/test/auto/TerminationTransition4.xml
----------------- Instantiating /home/travis/build/icyphy/ptII/ptolemy/domains/modal/test/auto/TerminationTransition4.xml
4 ms. Memory: 871936K Free: 155709K (18%)
----------------- Invoking toplevel() on ptolemy.moml.MoMLSimpleApplication@c1322e2
----------------- Done invoking toplevel() on ptolemy.moml.MoMLSimpleApplication@c1322e2
reloadAllAccessors: .TerminationTransition4
----------------- testing Tue May 22 22:01:42 UTC 2018 /home/travis/build/icyphy/ptII/ptolemy/domains/modal/test/auto/TerminationTransition5.xml
----------------- Instantiating /home/travis/build/icyphy/ptII/ptolemy/domains/modal/test/auto/TerminationTransition5.xml
6 ms. Memory: 871936K Free: 134852K (15%)
----------------- Invoking toplevel() on ptolemy.moml.MoMLSimpleApplication@6da7d86c
----------------- Done invoking toplevel() on ptolemy.moml.MoMLSimpleApplication@6da7d86c
reloadAllAccessors: .TerminationTransition5
----------------- testing Tue May 22 22:01:42 UTC 2018 /home/travis/build/icyphy/ptII/ptolemy/domains/modal/test/auto/TerminationTransition6.xml
----------------- Instantiating /home/travis/build/icyphy/ptII/ptolemy/domains/modal/test/auto/TerminationTransition6.xml
3 ms. Memory: 871936K Free: 116600K (13%)
----------------- Invoking toplevel() on ptolemy.moml.MoMLSimpleApplication@3b2deb42
----------------- Done invoking toplevel() on ptolemy.moml.MoMLSimpleApplication@3b2deb42
reloadAllAccessors: .TerminationTransition6
----------------- testing Tue May 22 22:01:42 UTC 2018 /home/travis/build/icyphy/ptII/ptolemy/domains/modal/test/auto/TerminationTransition7.xml
----------------- Instantiating /home/travis/build/icyphy/ptII/ptolemy/domains/modal/test/auto/TerminationTransition7.xml
5 ms. Memory: 871936K Free: 100963K (12%)
----------------- Invoking toplevel() on ptolemy.moml.MoMLSimpleApplication@274cc4e5
----------------- Done invoking toplevel() on ptolemy.moml.MoMLSimpleApplication@274cc4e5
reloadAllAccessors: .TerminationTransition7
----------------- testing Tue May 22 22:01:42 UTC 2018 /home/travis/build/icyphy/ptII/ptolemy/domains/modal/test/auto/TerminationTransition8.xml
----------------- Instantiating /home/travis/build/icyphy/ptII/ptolemy/domains/modal/test/auto/TerminationTransition8.xml
3 ms. Memory: 871936K Free: 85311K (10%)
----------------- Invoking toplevel() on ptolemy.moml.MoMLSimpleApplication@ef358e0
----------------- Done invoking toplevel() on ptolemy.moml.MoMLSimpleApplication@ef358e0
reloadAllAccessors: .TerminationTransition8
----------------- testing Tue May 22 22:01:42 UTC 2018 /home/travis/build/icyphy/ptII/ptolemy/domains/modal/test/auto/Thermostat_NoHysteresis.xml
----------------- Instantiating /home/travis/build/icyphy/ptII/ptolemy/domains/modal/test/auto/Thermostat_NoHysteresis.xml
41 ms. Memory: 871936K Free: 834134K (96%)
----------------- Invoking toplevel() on ptolemy.moml.MoMLSimpleApplication@46052377
----------------- Done invoking toplevel() on ptolemy.moml.MoMLSimpleApplication@46052377
reloadAllAccessors: .Thermostat_NoHysteresis
----------------- testing Tue May 22 22:01:42 UTC 2018 /home/travis/build/icyphy/ptII/ptolemy/domains/modal/test/auto/TimedFSM.xml
----------------- Instantiating /home/travis/build/icyphy/ptII/ptolemy/domains/modal/test/auto/TimedFSM.xml
11 ms. Memory: 871936K Free: 816589K (94%)
----------------- Invoking toplevel() on ptolemy.moml.MoMLSimpleApplication@5df59ec4
----------------- Done invoking toplevel() on ptolemy.moml.MoMLSimpleApplication@5df59ec4
reloadAllAccessors: .TimedFSM
----------------- testing Tue May 22 22:01:42 UTC 2018 /home/travis/build/icyphy/ptII/ptolemy/domains/modal/test/auto/Timeout1.xml
----------------- Instantiating /home/travis/build/icyphy/ptII/ptolemy/domains/modal/test/auto/Timeout1.xml
4 ms. Memory: 871936K Free: 806165K (92%)
----------------- Invoking toplevel() on ptolemy.moml.MoMLSimpleApplication@3aa1ec36
----------------- Done invoking toplevel() on ptolemy.moml.MoMLSimpleApplication@3aa1ec36
reloadAllAccessors: .Timeout1
----------------- testing Tue May 22 22:01:42 UTC 2018 /home/travis/build/icyphy/ptII/ptolemy/domains/modal/test/auto/Timeout2.xml
----------------- Instantiating /home/travis/build/icyphy/ptII/ptolemy/domains/modal/test/auto/Timeout2.xml
8 ms. Memory: 871936K Free: 788620K (90%)
----------------- Invoking toplevel() on ptolemy.moml.MoMLSimpleApplication@21b1dd2c
----------------- Done invoking toplevel() on ptolemy.moml.MoMLSimpleApplication@21b1dd2c
reloadAllAccessors: .Timeout2
----------------- testing Tue May 22 22:01:42 UTC 2018 /home/travis/build/icyphy/ptII/ptolemy/domains/modal/test/auto/Timeout3.xml
----------------- Instantiating /home/travis/build/icyphy/ptII/ptolemy/domains/modal/test/auto/Timeout3.xml
2 ms. Memory: 871936K Free: 778196K (89%)
----------------- Invoking toplevel() on ptolemy.moml.MoMLSimpleApplication@2373ff2
----------------- Done invoking toplevel() on ptolemy.moml.MoMLSimpleApplication@2373ff2
reloadAllAccessors: .Timeout3
----------------- testing Tue May 22 22:01:42 UTC 2018 /home/travis/build/icyphy/ptII/ptolemy/domains/modal/test/auto/Timeout4.xml
----------------- Instantiating /home/travis/build/icyphy/ptII/ptolemy/domains/modal/test/auto/Timeout4.xml
3 ms. Memory: 871936K Free: 765766K (88%)
----------------- Invoking toplevel() on ptolemy.moml.MoMLSimpleApplication@20c5c32f
----------------- Done invoking toplevel() on ptolemy.moml.MoMLSimpleApplication@20c5c32f
reloadAllAccessors: .Timeout4
----------------- testing Tue May 22 22:01:42 UTC 2018 /home/travis/build/icyphy/ptII/ptolemy/domains/modal/test/auto/TransientstateModelAdvanced.xml
----------------- Instantiating /home/travis/build/icyphy/ptII/ptolemy/domains/modal/test/auto/TransientstateModelAdvanced.xml
4 ms. Memory: 871936K Free: 744901K (85%)
----------------- Invoking toplevel() on ptolemy.moml.MoMLSimpleApplication@1cfa26cf
----------------- Done invoking toplevel() on ptolemy.moml.MoMLSimpleApplication@1cfa26cf
reloadAllAccessors: .TransientstateModelAdvanced
----------------- testing Tue May 22 22:01:42 UTC 2018 /home/travis/build/icyphy/ptII/ptolemy/domains/modal/test/auto/TransientstateModelAdvanced2.xml
----------------- Instantiating /home/travis/build/icyphy/ptII/ptolemy/domains/modal/test/auto/TransientstateModelAdvanced2.xml
4 ms. Memory: 871936K Free: 722152K (83%)
----------------- Invoking toplevel() on ptolemy.moml.MoMLSimpleApplication@26a46b5
----------------- Done invoking toplevel() on ptolemy.moml.MoMLSimpleApplication@26a46b5
reloadAllAccessors: .transientstatemodelAdvanced
----------------- testing Tue May 22 22:01:42 UTC 2018 /home/travis/build/icyphy/ptII/ptolemy/domains/modal/test/auto/TransitionRefinements.xml
----------------- Instantiating /home/travis/build/icyphy/ptII/ptolemy/domains/modal/test/auto/TransitionRefinements.xml
14 ms. Memory: 871936K Free: 706500K (81%)
----------------- Invoking toplevel() on ptolemy.moml.MoMLSimpleApplication@3a240504
----------------- Done invoking toplevel() on ptolemy.moml.MoMLSimpleApplication@3a240504
reloadAllAccessors: .TransitionRefinements
----------------- testing Tue May 22 22:01:42 UTC 2018 /home/travis/build/icyphy/ptII/ptolemy/domains/modal/test/auto/TwoRefinements1.xml
----------------- Instantiating /home/travis/build/icyphy/ptII/ptolemy/domains/modal/test/auto/TwoRefinements1.xml
4 ms. Memory: 871936K Free: 688947K (79%)
----------------- Invoking toplevel() on ptolemy.moml.MoMLSimpleApplication@5bd31ad6
----------------- Done invoking toplevel() on ptolemy.moml.MoMLSimpleApplication@5bd31ad6
reloadAllAccessors: .TwoRefinements1
----------------- testing Tue May 22 22:01:42 UTC 2018 /home/travis/build/icyphy/ptII/ptolemy/domains/modal/test/auto/TwoRefinements2.xml
----------------- Instantiating /home/travis/build/icyphy/ptII/ptolemy/domains/modal/test/auto/TwoRefinements2.xml
3 ms. Memory: 871936K Free: 673295K (77%)
----------------- Invoking toplevel() on ptolemy.moml.MoMLSimpleApplication@551f0fc6
----------------- Done invoking toplevel() on ptolemy.moml.MoMLSimpleApplication@551f0fc6
reloadAllAccessors: .TwoRefinements2
----------------- testing Tue May 22 22:01:42 UTC 2018 /home/travis/build/icyphy/ptII/ptolemy/domains/modal/test/auto/WeakImmediateTransition.xml
----------------- Instantiating /home/travis/build/icyphy/ptII/ptolemy/domains/modal/test/auto/WeakImmediateTransition.xml
4 ms. Memory: 871936K Free: 655742K (75%)
----------------- Invoking toplevel() on ptolemy.moml.MoMLSimpleApplication@1201a790
----------------- Done invoking toplevel() on ptolemy.moml.MoMLSimpleApplication@1201a790
reloadAllAccessors: .WeakImmediateTransition
----------------- testing Tue May 22 22:01:42 UTC 2018 /home/travis/build/icyphy/ptII/ptolemy/domains/modal/test/auto/booleanSelect.xml
----------------- Instantiating /home/travis/build/icyphy/ptII/ptolemy/domains/modal/test/auto/booleanSelect.xml
58 ms. Memory: 871936K Free: 629642K (72%)
----------------- Invoking toplevel() on ptolemy.moml.MoMLSimpleApplication@6f95c5e7
----------------- Done invoking toplevel() on ptolemy.moml.MoMLSimpleApplication@6f95c5e7
reloadAllAccessors: .booleanSelect
----------------- testing Tue May 22 22:01:43 UTC 2018 /home/travis/build/icyphy/ptII/ptolemy/domains/modal/test/auto/modalChangingParams.xml
----------------- Instantiating /home/travis/build/icyphy/ptII/ptolemy/domains/modal/test/auto/modalChangingParams.xml
0
1
0
2
4
6
8
7
0
2
4
6
8
13
0
2
4
6
8
19
0
2
4
6
8
25
0
2
4
6
8
31
0
2
4
6
8
37
0
2
4
6
8
43
0
2
4
6
8
49
0
2
4
6
8
55
0
2
4
6
8
61
0
2
4
6
8
67
0
2
4
6
8
73
0
2
4
6
8
79
0
2
4
6
8
85
0
2
4
6
8
91
0
2
4
6
8
97
0
2
4
6
8
103
0
2
4
6
8
109
0
2
4
6
8
115
0
2
4
6
8
121
0
2
4
6
8
127
0
2
4
6
8
133
0
2
4
6
8
139
0
2
4
6
8
145
0
2
4
6
8
151
0
2
4
6
8
157
0
2
4
6
8
163
0
2
4
6
8
169
0
2
4
6
8
175
0
2
4
6
8
181
0
2
4
6
8
187
0
2
4
6
8
193
0
2
4
6
8
199
0
2
4
6
8
205
0
2
4
6
8
211
0
2
4
6
8
217
0
2
4
6
8
223
0
2
4
6
8
229
0
2
4
6
8
235
0
2
4
6
8
241
0
2
4
6
8
247
0
2
4
6
8
253
0
2
4
6
8
259
0
2
4
6
8
265
0
2
4
6
8
271
0
2
4
6
8
277
0
2
4
6
8
283
0
2
4
6
8
289
0
2
4
6
8
295
0
2
4
6
8
301
0
2
4
6
8
307
0
2
4
6
8
313
0
2
4
6
8
319
0
2
4
6
8
325
0
2
4
6
8
331
0
2
4
6
8
337
0
2
4
6
8
343
0
2
4
6
8
349
0
2
4
6
8
355
0
2
4
6
8
361
0
2
4
6
8
367
0
2
4
6
8
373
0
2
4
6
8
379
0
2
4
6
8
385
0
2
4
6
8
391
0
2
4
6
8
397
0
2
4
6
8
403
0
2
4
6
8
409
0
2
4
6
8
415
0
2
4
6
8
421
0
2
4
6
8
427
0
2
4
6
8
433
0
2
4
6
8
439
0
2
4
6
8
445
0
2
4
6
8
451
0
2
4
6
8
457
0
2
4
6
8
463
0
2
4
6
8
469
0
2
4
6
8
475
0
2
4
6
8
481
0
2
4
6
8
487
0
2
4
6
8
493
0
2
4
6
8
499
0
2
4
6
8
505
0
2
4
6
8
511
0
2
4
6
8
517
0
2
4
6
8
523
0
2
4
6
8
529
0
2
4
6
8
535
0
2
4
6
8
541
0
2
4
6
8
547
0
2
4
6
8
553
0
2
4
6
8
559
0
2
4
6
8
565
0
2
4
6
8
571
0
2
4
6
8
577
0
2
4
6
8
583
0
2
4
6
8
589
0
2
4
6
8
595
0
2
4
6
8
601
0
2
4
6
8
607
0
2
4
6
8
613
0
2
4
6
8
619
0
2
4
6
8
625
0
2
4
6
8
631
0
2
4
6
8
637
0
2
4
6
8
643
0
2
4
6
8
649
0
2
4
6
8
655
0
2
4
6
8
661
0
2
4
6
8
667
0
2
4
6
8
673
0
2
4
6
8
679
0
2
4
6
8
685
0
2
4
6
8
691
0
2
4
6
8
697
0
2
4
6
8
703
0
2
4
6
8
709
0
2
4
6
8
715
0
2
4
6
8
721
0
2
4
6
8
727
0
2
4
6
8
733
0
2
4
6
8
739
0
2
4
6
8
745
0
2
4
6
8
751
0
2
4
6
8
757
0
2
4
6
8
763
0
2
4
6
8
769
0
2
4
6
8
775
0
2
4
6
8
781
0
2
4
6
8
787
0
2
4
6
8
793
0
2
4
6
8
799
0
2
4
6
8
805
0
2
4
6
8
811
0
2
4
6
8
817
0
2
4
6
8
823
0
2
4
6
8
829
0
2
4
6
8
835
0
2
4
6
8
841
0
2
4
6
8
847
0
2
4
6
8
853
0
2
4
6
8
859
0
2
4
6
8
865
0
2
4
6
8
871
0
2
4
6
8
877
0
2
4
6
8
883
0
2
4
6
8
889
0
2
4
6
8
895
0
2
4
6
8
901
0
2
4
6
8
907
0
2
4
6
8
913
0
2
4
6
8
919
0
2
4
6
8
925
0
2
4
6
8
931
0
2
4
6
8
937
0
2
4
6
8
943
0
2
4
6
8
949
0
2
4
6
8
955
0
2
4
6
8
961
0
2
4
6
8
967
0
2
4
6
8
973
0
2
4
6
8
979
0
2
4
6
8
985
0
2
4
6
8
991
0
2
4
6
8
997
0
2
398 ms. Memory: 871936K Free: 512937K (59%)
----------------- Invoking toplevel() on ptolemy.moml.MoMLSimpleApplication@11bbc96b
----------------- Done invoking toplevel() on ptolemy.moml.MoMLSimpleApplication@11bbc96b
reloadAllAccessors: .modalChangingParams
----------------- testing Tue May 22 22:01:43 UTC 2018 /home/travis/build/icyphy/ptII/ptolemy/domains/modal/test/auto/modalModel.xml
----------------- Instantiating /home/travis/build/icyphy/ptII/ptolemy/domains/modal/test/auto/modalModel.xml
7 ms. Memory: 871936K Free: 497301K (57%)
----------------- Invoking toplevel() on ptolemy.moml.MoMLSimpleApplication@742f90bf
----------------- Done invoking toplevel() on ptolemy.moml.MoMLSimpleApplication@742f90bf
reloadAllAccessors: .modalModel
----------------- testing Tue May 22 22:01:43 UTC 2018 /home/travis/build/icyphy/ptII/ptolemy/domains/modal/test/auto/modalModel2.xml
----------------- Instantiating /home/travis/build/icyphy/ptII/ptolemy/domains/modal/test/auto/modalModel2.xml
9 ms. Memory: 871936K Free: 481648K (55%)
----------------- Invoking toplevel() on ptolemy.moml.MoMLSimpleApplication@3eacdada
----------------- Done invoking toplevel() on ptolemy.moml.MoMLSimpleApplication@3eacdada
reloadAllAccessors: .modalModel2
----------------- testing Tue May 22 22:01:43 UTC 2018 /home/travis/build/icyphy/ptII/ptolemy/domains/modal/test/auto/modalModel3.xml
----------------- Instantiating /home/travis/build/icyphy/ptII/ptolemy/domains/modal/test/auto/modalModel3.xml
0	0	0
1	0	1
4	2	2
7	4	3
10	6	4
5	0	5
8	2	6
11	4	7
14	6	8
9	0	9
12	2	10
15	4	11
18	6	12
13	0	13
16	2	14
16 ms. Memory: 871936K Free: 464096K (53%)
----------------- Invoking toplevel() on ptolemy.moml.MoMLSimpleApplication@1315d84a
----------------- Done invoking toplevel() on ptolemy.moml.MoMLSimpleApplication@1315d84a
reloadAllAccessors: .modalModel3
----------------- testing Tue May 22 22:01:43 UTC 2018 /home/travis/build/icyphy/ptII/ptolemy/domains/modal/test/auto/model1.xml
----------------- Instantiating /home/travis/build/icyphy/ptII/ptolemy/domains/modal/test/auto/model1.xml
14 ms. Memory: 871936K Free: 453671K (52%)
----------------- Invoking toplevel() on ptolemy.moml.MoMLSimpleApplication@fb3e26b
----------------- Done invoking toplevel() on ptolemy.moml.MoMLSimpleApplication@fb3e26b
reloadAllAccessors: .model1
----------------- testing Tue May 22 22:01:43 UTC 2018 /home/travis/build/icyphy/ptII/ptolemy/domains/modal/test/auto/test-direct-in-out.xml
----------------- Instantiating /home/travis/build/icyphy/ptII/ptolemy/domains/modal/test/auto/test-direct-in-out.xml
6 ms. Memory: 871936K Free: 436135K (50%)
----------------- Invoking toplevel() on ptolemy.moml.MoMLSimpleApplication@73d58228
----------------- Done invoking toplevel() on ptolemy.moml.MoMLSimpleApplication@73d58228
reloadAllAccessors: .test-direct-in-out
AutoTests.java: About to close Vertx.
AutoTests.java: Vertx closed.
]]></system-out>
  <system-err><![CDATA[java.lang.RuntimeException: Execution failed
	at ptolemy.moml.MoMLSimpleApplication$UnloadThread.run(MoMLSimpleApplication.java:402)
Caused by: ptolemy.kernel.util.IllegalActionException: Unknown inputs remain. Possible causality loop:
L_model_1893289564i

  in .CannotAnalysisWithPreemption.model_1893289564_region_1 and .CannotAnalysisWithPreemption.model_1893289564_region_1.L_model_1893289564i
	at ptolemy.actor.sched.FixedPointDirector.postfire(FixedPointDirector.java:515)
	at ptolemy.domains.sr.kernel.SRDirector.postfire(SRDirector.java:417)
	at ptolemy.actor.CompositeActor.postfire(CompositeActor.java:1668)
	at ptolemy.actor.Manager.iterate(Manager.java:852)
	at ptolemy.actor.Manager.execute(Manager.java:369)
	at ptolemy.actor.Manager.run(Manager.java:1263)
	at ptolemy.actor.Manager$PtolemyRunThread.run(Manager.java:1915)
java.lang.reflect.InvocationTargetException
	at sun.reflect.NativeConstructorAccessorImpl.newInstance0(Native Method)
	at sun.reflect.NativeConstructorAccessorImpl.newInstance(NativeConstructorAccessorImpl.java:62)
	at sun.reflect.DelegatingConstructorAccessorImpl.newInstance(DelegatingConstructorAccessorImpl.java:45)
	at java.lang.reflect.Constructor.newInstance(Constructor.java:423)
	at ptolemy.util.test.junit.AutoKnownFailedTests.RunModel(AutoKnownFailedTests.java:107)
	at sun.reflect.NativeMethodAccessorImpl.invoke0(Native Method)
	at sun.reflect.NativeMethodAccessorImpl.invoke(NativeMethodAccessorImpl.java:62)
	at sun.reflect.DelegatingMethodAccessorImpl.invoke(DelegatingMethodAccessorImpl.java:43)
	at java.lang.reflect.Method.invoke(Method.java:498)
	at org.junit.runners.model.FrameworkMethod$1.runReflectiveCall(FrameworkMethod.java:44)
	at org.junit.internal.runners.model.ReflectiveCallable.run(ReflectiveCallable.java:15)
	at org.junit.runners.model.FrameworkMethod.invokeExplosively(FrameworkMethod.java:41)
	at junitparams.internal.InvokeParameterisedMethod.evaluate(InvokeParameterisedMethod.java:102)
	at org.junit.internal.runners.statements.FailOnTimeout$1.run(FailOnTimeout.java:28)
Caused by: ptolemy.kernel.util.IllegalActionException: Unknown inputs remain. Possible causality loop:
L_model_1893289564i

  in .CannotAnalysisWithPreemption.model_1893289564_region_1 and .CannotAnalysisWithPreemption.model_1893289564_region_1.L_model_1893289564i
	at ptolemy.actor.sched.FixedPointDirector.postfire(FixedPointDirector.java:515)
	at ptolemy.domains.sr.kernel.SRDirector.postfire(SRDirector.java:417)
	at ptolemy.actor.CompositeActor.postfire(CompositeActor.java:1668)
	at ptolemy.actor.Manager.iterate(Manager.java:852)
	at ptolemy.actor.Manager.execute(Manager.java:369)
	at ptolemy.actor.Manager.run(Manager.java:1263)
	at ptolemy.actor.Manager$PtolemyRunThread.run(Manager.java:1915)
]]></system-err>
</testsuite>
