<?xml version="1.0" encoding="UTF-8" ?>
<testsuite errors="1" failures="0" hostname="travis-job-5df6c05d-90c3-4bd7-9974-972ea72cf4ea" name="ptolemy.actor.lib.hoc.test.junit.JUnitTclTest" skipped="0" tests="58" time="24.108" timestamp="2018-05-10T02:00:35">
  <properties>
[...]
</properties>
  <testcase classname="ptolemy.util.test.junit.TclTests" name="[0] /home/travis/build/icyphy/ptII/ptolemy/actor/lib/hoc/test/IterateOverArray.tcl (RunTclFile)" time="0.334" />
  <testcase classname="ptolemy.util.test.junit.AutoKnownFailedTests" name="[0] /home/travis/build/icyphy/ptII/ptolemy/actor/lib/hoc/test/auto/knownFailedTests/PreinitializeMustBeInvokedRunComposite.xml (RunModel)" time="0.264" />
  <testcase classname="ptolemy.util.test.junit.AutoNameArchTests" name="[0] ThereAreNoAutoTests (RunModel)" time="0.0" />
  <testcase classname="ptolemy.util.test.junit.AutoTests" name="[0] /home/travis/build/icyphy/ptII/ptolemy/actor/lib/hoc/test/auto/AllToAllMultiInstanceComposite.xml (RunModel)" time="0.414" />
  <testcase classname="ptolemy.util.test.junit.AutoTests" name="[1] /home/travis/build/icyphy/ptII/ptolemy/actor/lib/hoc/test/auto/ApplyFFTTest.xml (RunModel)" time="0.359" />
  <testcase classname="ptolemy.util.test.junit.AutoTests" name="[2] /home/travis/build/icyphy/ptII/ptolemy/actor/lib/hoc/test/auto/ApplyFunction.xml (RunModel)" time="0.049" />
  <testcase classname="ptolemy.util.test.junit.AutoTests" name="[3] /home/travis/build/icyphy/ptII/ptolemy/actor/lib/hoc/test/auto/BackgroundExecution.xml (RunModel)" time="0.772" />
  <testcase classname="ptolemy.util.test.junit.AutoTests" name="[4] /home/travis/build/icyphy/ptII/ptolemy/actor/lib/hoc/test/auto/Case.xml (RunModel)" time="0.096" />
  <testcase classname="ptolemy.util.test.junit.AutoTests" name="[5] /home/travis/build/icyphy/ptII/ptolemy/actor/lib/hoc/test/auto/Case1.xml (RunModel)" time="0.066" />
  <testcase classname="ptolemy.util.test.junit.AutoTests" name="[6] /home/travis/build/icyphy/ptII/ptolemy/actor/lib/hoc/test/auto/Case2.xml (RunModel)" time="0.126" />
  <testcase classname="ptolemy.util.test.junit.AutoTests" name="[7] /home/travis/build/icyphy/ptII/ptolemy/actor/lib/hoc/test/auto/Case3.xml (RunModel)" time="0.03" />
  <testcase classname="ptolemy.util.test.junit.AutoTests" name="[8] /home/travis/build/icyphy/ptII/ptolemy/actor/lib/hoc/test/auto/Case4.xml (RunModel)" time="0.052" />
  <testcase classname="ptolemy.util.test.junit.AutoTests" name="[9] /home/travis/build/icyphy/ptII/ptolemy/actor/lib/hoc/test/auto/Case5.xml (RunModel)" time="0.075" />
  <testcase classname="ptolemy.util.test.junit.AutoTests" name="[10] /home/travis/build/icyphy/ptII/ptolemy/actor/lib/hoc/test/auto/Case6.xml (RunModel)" time="0.135" />
  <testcase classname="ptolemy.util.test.junit.AutoTests" name="[11] /home/travis/build/icyphy/ptII/ptolemy/actor/lib/hoc/test/auto/CaseString2.xml (RunModel)" time="0.053" />
  <testcase classname="ptolemy.util.test.junit.AutoTests" name="[12] /home/travis/build/icyphy/ptII/ptolemy/actor/lib/hoc/test/auto/CatchUpComposite1.xml (RunModel)" time="0.071" />
  <testcase classname="ptolemy.util.test.junit.AutoTests" name="[13] /home/travis/build/icyphy/ptII/ptolemy/actor/lib/hoc/test/auto/CatchUpComposite2.xml (RunModel)" time="0.036" />
  <testcase classname="ptolemy.util.test.junit.AutoTests" name="[14] /home/travis/build/icyphy/ptII/ptolemy/actor/lib/hoc/test/auto/CatchUpComposite3.xml (RunModel)" time="0.05" />
  <testcase classname="ptolemy.util.test.junit.AutoTests" name="[15] /home/travis/build/icyphy/ptII/ptolemy/actor/lib/hoc/test/auto/CatchUpComposite4.xml (RunModel)" time="0.067" />
  <testcase classname="ptolemy.util.test.junit.AutoTests" name="[16] /home/travis/build/icyphy/ptII/ptolemy/actor/lib/hoc/test/auto/CatchUpComposite5.xml (RunModel)" time="0.044" />
  <testcase classname="ptolemy.util.test.junit.AutoTests" name="[17] /home/travis/build/icyphy/ptII/ptolemy/actor/lib/hoc/test/auto/CatchUpComposite6.xml (RunModel)" time="0.186" />
  <testcase classname="ptolemy.util.test.junit.AutoTests" name="[18] /home/travis/build/icyphy/ptII/ptolemy/actor/lib/hoc/test/auto/CatchUpComposite7.xml (RunModel)" time="0.123" />
  <testcase classname="ptolemy.util.test.junit.AutoTests" name="[19] /home/travis/build/icyphy/ptII/ptolemy/actor/lib/hoc/test/auto/ConcurrentExecutionTimeSDF.xml (RunModel)" time="0.055" />
  <testcase classname="ptolemy.util.test.junit.AutoTests" name="[20] /home/travis/build/icyphy/ptII/ptolemy/actor/lib/hoc/test/auto/ConcurrentSleep.xml (RunModel)" time="0.755" />
  <testcase classname="ptolemy.util.test.junit.AutoTests" name="[21] /home/travis/build/icyphy/ptII/ptolemy/actor/lib/hoc/test/auto/DEInPNInRunCompositeActor.xml (RunModel)" time="0.057" />
  <testcase classname="ptolemy.util.test.junit.AutoTests" name="[22] /home/travis/build/icyphy/ptII/ptolemy/actor/lib/hoc/test/auto/DFTSubSetTest.xml (RunModel)" time="0.326" />
  <testcase classname="ptolemy.util.test.junit.AutoTests" name="[23] /home/travis/build/icyphy/ptII/ptolemy/actor/lib/hoc/test/auto/HocDE.xml (RunModel)" time="0.159" />
  <testcase classname="ptolemy.util.test.junit.AutoTests" name="[24] /home/travis/build/icyphy/ptII/ptolemy/actor/lib/hoc/test/auto/IterateOverArray.xml (RunModel)" time="0.024" />
  <testcase classname="ptolemy.util.test.junit.AutoTests" name="[25] /home/travis/build/icyphy/ptII/ptolemy/actor/lib/hoc/test/auto/IterateOverArray10.xml (RunModel)" time="0.023" />
  <testcase classname="ptolemy.util.test.junit.AutoTests" name="[26] /home/travis/build/icyphy/ptII/ptolemy/actor/lib/hoc/test/auto/IterateOverArray11.xml (RunModel)" time="0.028" />
  <testcase classname="ptolemy.util.test.junit.AutoTests" name="[27] /home/travis/build/icyphy/ptII/ptolemy/actor/lib/hoc/test/auto/IterateOverArray12.xml (RunModel)" time="0.045" />
  <testcase classname="ptolemy.util.test.junit.AutoTests" name="[28] /home/travis/build/icyphy/ptII/ptolemy/actor/lib/hoc/test/auto/IterateOverArray13.xml (RunModel)" time="0.189" />
  <testcase classname="ptolemy.util.test.junit.AutoTests" name="[29] /home/travis/build/icyphy/ptII/ptolemy/actor/lib/hoc/test/auto/IterateOverArray14.xml (RunModel)" time="0.154" />
  <testcase classname="ptolemy.util.test.junit.AutoTests" name="[30] /home/travis/build/icyphy/ptII/ptolemy/actor/lib/hoc/test/auto/IterateOverArray2.xml (RunModel)" time="0.037" />
  <testcase classname="ptolemy.util.test.junit.AutoTests" name="[31] /home/travis/build/icyphy/ptII/ptolemy/actor/lib/hoc/test/auto/IterateOverArray3.xml (RunModel)" time="0.048" />
  <testcase classname="ptolemy.util.test.junit.AutoTests" name="[32] /home/travis/build/icyphy/ptII/ptolemy/actor/lib/hoc/test/auto/IterateOverArray4.xml (RunModel)" time="0.027" />
  <testcase classname="ptolemy.util.test.junit.AutoTests" name="[33] /home/travis/build/icyphy/ptII/ptolemy/actor/lib/hoc/test/auto/IterateOverArray5.xml (RunModel)" time="0.025" />
  <testcase classname="ptolemy.util.test.junit.AutoTests" name="[34] /home/travis/build/icyphy/ptII/ptolemy/actor/lib/hoc/test/auto/IterateOverArray6.xml (RunModel)" time="0.021" />
  <testcase classname="ptolemy.util.test.junit.AutoTests" name="[35] /home/travis/build/icyphy/ptII/ptolemy/actor/lib/hoc/test/auto/IterateOverArray7.xml (RunModel)" time="0.029" />
  <testcase classname="ptolemy.util.test.junit.AutoTests" name="[36] /home/travis/build/icyphy/ptII/ptolemy/actor/lib/hoc/test/auto/IterateOverArray8.xml (RunModel)" time="0.024" />
  <testcase classname="ptolemy.util.test.junit.AutoTests" name="[37] /home/travis/build/icyphy/ptII/ptolemy/actor/lib/hoc/test/auto/IterateOverArray9.xml (RunModel)" time="0.035" />
  <testcase classname="ptolemy.util.test.junit.AutoTests" name="[38] /home/travis/build/icyphy/ptII/ptolemy/actor/lib/hoc/test/auto/IterateOverArrayCoercedOutputType.xml (RunModel)" time="0.042" />
  <testcase classname="ptolemy.util.test.junit.AutoTests" name="[39] /home/travis/build/icyphy/ptII/ptolemy/actor/lib/hoc/test/auto/IterateOverArrayInferredOutputType.xml (RunModel)" time="0.034" />
  <testcase classname="ptolemy.util.test.junit.AutoTests" name="[40] /home/travis/build/icyphy/ptII/ptolemy/actor/lib/hoc/test/auto/MobileFunctionTest.xml (RunModel)" time="0.028" />
  <testcase classname="ptolemy.util.test.junit.AutoTests" name="[41] /home/travis/build/icyphy/ptII/ptolemy/actor/lib/hoc/test/auto/MobileModelTest.xml (RunModel)" time="0.139" />
  <testcase classname="ptolemy.util.test.junit.AutoTests" name="[42] /home/travis/build/icyphy/ptII/ptolemy/actor/lib/hoc/test/auto/ModelReference.xml (RunModel)" time="0.11" />
  <testcase classname="ptolemy.util.test.junit.AutoTests" name="[43] /home/travis/build/icyphy/ptII/ptolemy/actor/lib/hoc/test/auto/ModelReference3.xml (RunModel)" time="0.087" />
  <testcase classname="ptolemy.util.test.junit.AutoTests" name="[44] /home/travis/build/icyphy/ptII/ptolemy/actor/lib/hoc/test/auto/ModelReference4.xml (RunModel)" time="10.05" />
  <testcase classname="ptolemy.util.test.junit.AutoTests" name="[45] /home/travis/build/icyphy/ptII/ptolemy/actor/lib/hoc/test/auto/MultiInstanceComposite.xml (RunModel)" time="0.048" />
  <testcase classname="ptolemy.util.test.junit.AutoTests" name="[46] /home/travis/build/icyphy/ptII/ptolemy/actor/lib/hoc/test/auto/MultiInstanceComposite2.xml (RunModel)" time="0.05" />
  <testcase classname="ptolemy.util.test.junit.AutoTests" name="[47] /home/travis/build/icyphy/ptII/ptolemy/actor/lib/hoc/test/auto/MulticoreExecution.xml (RunModel)" time="1.066">
    <error type="java.lang.reflect.InvocationTargetException">java.lang.reflect.InvocationTargetException
	at java.lang.reflect.Constructor.newInstance(Constructor.java:423)
	at ptolemy.util.test.junit.AutoTests.RunModel(AutoTests.java:161)
	at junitparams.internal.InvokeParameterisedMethod.evaluate(InvokeParameterisedMethod.java:102)
Caused by: ptolemy.kernel.util.IllegalActionException: Inside thread was interrupted.
  in .MulticoreExecution.ThreadedComposite.ThreadedDirector
	at ptolemy.actor.lib.hoc.ThreadedComposite$ThreadedDirector.fire(ThreadedComposite.java:646)
	at ptolemy.actor.CompositeActor.fire(CompositeActor.java:455)
	at ptolemy.actor.sched.FixedPointDirector._fireActor(FixedPointDirector.java:768)
	at ptolemy.actor.sched.FixedPointDirector.fire(FixedPointDirector.java:244)
	at ptolemy.actor.CompositeActor.fire(CompositeActor.java:455)
	at ptolemy.actor.Manager.iterate(Manager.java:851)
	at ptolemy.actor.Manager.execute(Manager.java:369)
	at ptolemy.actor.Manager.run(Manager.java:1263)
	at ptolemy.actor.Manager$PtolemyRunThread.run(Manager.java:1915)
</error>
  </testcase>
  <testcase classname="ptolemy.util.test.junit.AutoTests" name="[48] /home/travis/build/icyphy/ptII/ptolemy/actor/lib/hoc/test/auto/ParallelExecution.xml (RunModel)" time="0.95" />
  <testcase classname="ptolemy.util.test.junit.AutoTests" name="[49] /home/travis/build/icyphy/ptII/ptolemy/actor/lib/hoc/test/auto/RunCompositeActor.xml (RunModel)" time="0.032" />
  <testcase classname="ptolemy.util.test.junit.AutoTests" name="[50] /home/travis/build/icyphy/ptII/ptolemy/actor/lib/hoc/test/auto/RunCompositeActor2.xml (RunModel)" time="0.057" />
  <testcase classname="ptolemy.util.test.junit.AutoTests" name="[51] /home/travis/build/icyphy/ptII/ptolemy/actor/lib/hoc/test/auto/RunCompositeActor3.xml (RunModel)" time="0.03" />
  <testcase classname="ptolemy.util.test.junit.AutoTests" name="[52] /home/travis/build/icyphy/ptII/ptolemy/actor/lib/hoc/test/auto/RunCompositeActor4.xml (RunModel)" time="0.033" />
  <testcase classname="ptolemy.util.test.junit.AutoTests" name="[53] /home/travis/build/icyphy/ptII/ptolemy/actor/lib/hoc/test/auto/RunCompositeIterateOverArray.xml (RunModel)" time="0.041" />
  <testcase classname="ptolemy.util.test.junit.AutoTests" name="[54] /home/travis/build/icyphy/ptII/ptolemy/actor/lib/hoc/test/auto/ThreadedJS.xml (RunModel)" time="5.308" />
  <system-out><![CDATA[/home/travis/build/icyphy/ptII/ptolemy/actor/lib/hoc/test/IterateOverArray.tcl
testDefs.tcl: setting time out to 9000 seconds at Thu May 10 02:00:35 UTC 2018
05/10/18 02:00:36
Failed: 0  Total Tests: 2  ((Passed: 2, Newly Passed: 0)  Known Failed: 0) /home/travis/build/icyphy/ptII/ptolemy/actor/lib/hoc/test
----------------- testing (KnownFailure) /home/travis/build/icyphy/ptII/ptolemy/actor/lib/hoc/test/auto/knownFailedTests/PreinitializeMustBeInvokedRunComposite.xml
38 ms. Memory: 116224K Free: 104973K (90%)
Known Failure: java.lang.reflect.InvocationTargetException
No auto/*.xml tests in /home/travis/build/icyphy/ptII/ptolemy/actor/lib/hoc/test
AutoTests.java: About to close Vertx.
AutoTests.java: Vertx closed.
----------------- testing Thu May 10 02:00:36 UTC 2018 /home/travis/build/icyphy/ptII/ptolemy/actor/lib/hoc/test/auto/AllToAllMultiInstanceComposite.xml
----------------- Instantiating /home/travis/build/icyphy/ptII/ptolemy/actor/lib/hoc/test/auto/AllToAllMultiInstanceComposite.xml
185 ms. Memory: 146944K Free: 114067K (78%)
----------------- Invoking toplevel() on ptolemy.moml.MoMLSimpleApplication@5c94158f
----------------- Done invoking toplevel() on ptolemy.moml.MoMLSimpleApplication@5c94158f
reloadAllAccessors: .AllToAllMultiInstanceComposite
----------------- testing Thu May 10 02:00:37 UTC 2018 /home/travis/build/icyphy/ptII/ptolemy/actor/lib/hoc/test/auto/ApplyFFTTest.xml
----------------- Instantiating /home/travis/build/icyphy/ptII/ptolemy/actor/lib/hoc/test/auto/ApplyFFTTest.xml
138 ms. Memory: 146944K Free: 92795K (63%)
----------------- Invoking toplevel() on ptolemy.moml.MoMLSimpleApplication@11f75303
----------------- Done invoking toplevel() on ptolemy.moml.MoMLSimpleApplication@11f75303
reloadAllAccessors: .ApplyFFTTest
----------------- testing Thu May 10 02:00:37 UTC 2018 /home/travis/build/icyphy/ptII/ptolemy/actor/lib/hoc/test/auto/ApplyFunction.xml
----------------- Instantiating /home/travis/build/icyphy/ptII/ptolemy/actor/lib/hoc/test/auto/ApplyFunction.xml
10 ms. Memory: 146944K Free: 89398K (61%)
----------------- Invoking toplevel() on ptolemy.moml.MoMLSimpleApplication@2b21111f
----------------- Done invoking toplevel() on ptolemy.moml.MoMLSimpleApplication@2b21111f
reloadAllAccessors: .ApplyFunction
----------------- testing Thu May 10 02:00:37 UTC 2018 /home/travis/build/icyphy/ptII/ptolemy/actor/lib/hoc/test/auto/BackgroundExecution.xml
----------------- Instantiating /home/travis/build/icyphy/ptII/ptolemy/actor/lib/hoc/test/auto/BackgroundExecution.xml
646 ms. Memory: 146944K Free: 80989K (55%)
----------------- Invoking toplevel() on ptolemy.moml.MoMLSimpleApplication@4c2c8b0e
----------------- Done invoking toplevel() on ptolemy.moml.MoMLSimpleApplication@4c2c8b0e
reloadAllAccessors: .BackgroundExecution
----------------- testing Thu May 10 02:00:38 UTC 2018 /home/travis/build/icyphy/ptII/ptolemy/actor/lib/hoc/test/auto/Case.xml
----------------- Instantiating /home/travis/build/icyphy/ptII/ptolemy/actor/lib/hoc/test/auto/Case.xml
40 ms. Memory: 146944K Free: 133371K (91%)
----------------- Invoking toplevel() on ptolemy.moml.MoMLSimpleApplication@5ec78dca
----------------- Done invoking toplevel() on ptolemy.moml.MoMLSimpleApplication@5ec78dca
reloadAllAccessors: .Case
----------------- testing Thu May 10 02:00:38 UTC 2018 /home/travis/build/icyphy/ptII/ptolemy/actor/lib/hoc/test/auto/Case1.xml
----------------- Instantiating /home/travis/build/icyphy/ptII/ptolemy/actor/lib/hoc/test/auto/Case1.xml
24 ms. Memory: 146944K Free: 125906K (86%)
----------------- Invoking toplevel() on ptolemy.moml.MoMLSimpleApplication@5a1dfac
----------------- Done invoking toplevel() on ptolemy.moml.MoMLSimpleApplication@5a1dfac
reloadAllAccessors: .Case1
----------------- testing Thu May 10 02:00:38 UTC 2018 /home/travis/build/icyphy/ptII/ptolemy/actor/lib/hoc/test/auto/Case2.xml
----------------- Instantiating /home/travis/build/icyphy/ptII/ptolemy/actor/lib/hoc/test/auto/Case2.xml
51 ms. Memory: 146944K Free: 114662K (78%)
----------------- Invoking toplevel() on ptolemy.moml.MoMLSimpleApplication@728e0cba
----------------- Done invoking toplevel() on ptolemy.moml.MoMLSimpleApplication@728e0cba
reloadAllAccessors: .Case2
----------------- testing Thu May 10 02:00:38 UTC 2018 /home/travis/build/icyphy/ptII/ptolemy/actor/lib/hoc/test/auto/Case3.xml
----------------- Instantiating /home/travis/build/icyphy/ptII/ptolemy/actor/lib/hoc/test/auto/Case3.xml
8 ms. Memory: 146944K Free: 106128K (72%)
----------------- Invoking toplevel() on ptolemy.moml.MoMLSimpleApplication@1e9560b2
----------------- Done invoking toplevel() on ptolemy.moml.MoMLSimpleApplication@1e9560b2
reloadAllAccessors: .Case3
----------------- testing Thu May 10 02:00:38 UTC 2018 /home/travis/build/icyphy/ptII/ptolemy/actor/lib/hoc/test/auto/Case4.xml
----------------- Instantiating /home/travis/build/icyphy/ptII/ptolemy/actor/lib/hoc/test/auto/Case4.xml
17 ms. Memory: 146944K Free: 97807K (67%)
----------------- Invoking toplevel() on ptolemy.moml.MoMLSimpleApplication@f2e35e9
----------------- Done invoking toplevel() on ptolemy.moml.MoMLSimpleApplication@f2e35e9
reloadAllAccessors: .Case4
----------------- testing Thu May 10 02:00:38 UTC 2018 /home/travis/build/icyphy/ptII/ptolemy/actor/lib/hoc/test/auto/Case5.xml
----------------- Instantiating /home/travis/build/icyphy/ptII/ptolemy/actor/lib/hoc/test/auto/Case5.xml
50 ms. Memory: 146944K Free: 90029K (61%)
----------------- Invoking toplevel() on ptolemy.moml.MoMLSimpleApplication@515575fc
----------------- Done invoking toplevel() on ptolemy.moml.MoMLSimpleApplication@515575fc
reloadAllAccessors: .junk
----------------- testing Thu May 10 02:00:38 UTC 2018 /home/travis/build/icyphy/ptII/ptolemy/actor/lib/hoc/test/auto/Case6.xml
----------------- Instantiating /home/travis/build/icyphy/ptII/ptolemy/actor/lib/hoc/test/auto/Case6.xml
65 ms. Memory: 208384K Free: 199654K (96%)
----------------- Invoking toplevel() on ptolemy.moml.MoMLSimpleApplication@547b32a7
----------------- Done invoking toplevel() on ptolemy.moml.MoMLSimpleApplication@547b32a7
reloadAllAccessors: .Case6
----------------- testing Thu May 10 02:00:38 UTC 2018 /home/travis/build/icyphy/ptII/ptolemy/actor/lib/hoc/test/auto/CaseString2.xml
----------------- Instantiating /home/travis/build/icyphy/ptII/ptolemy/actor/lib/hoc/test/auto/CaseString2.xml
22 ms. Memory: 208384K Free: 189105K (91%)
----------------- Invoking toplevel() on ptolemy.moml.MoMLSimpleApplication@7cb4b075
----------------- Done invoking toplevel() on ptolemy.moml.MoMLSimpleApplication@7cb4b075
reloadAllAccessors: .CaseString2
----------------- testing Thu May 10 02:00:38 UTC 2018 /home/travis/build/icyphy/ptII/ptolemy/actor/lib/hoc/test/auto/CatchUpComposite1.xml
----------------- Instantiating /home/travis/build/icyphy/ptII/ptolemy/actor/lib/hoc/test/auto/CatchUpComposite1.xml
14 ms. Memory: 208384K Free: 179226K (86%)
----------------- Invoking toplevel() on ptolemy.moml.MoMLSimpleApplication@418c508d
----------------- Done invoking toplevel() on ptolemy.moml.MoMLSimpleApplication@418c508d
reloadAllAccessors: .CatchUpComposite1
----------------- testing Thu May 10 02:00:38 UTC 2018 /home/travis/build/icyphy/ptII/ptolemy/actor/lib/hoc/test/auto/CatchUpComposite2.xml
----------------- Instantiating /home/travis/build/icyphy/ptII/ptolemy/actor/lib/hoc/test/auto/CatchUpComposite2.xml
9 ms. Memory: 208384K Free: 169345K (81%)
----------------- Invoking toplevel() on ptolemy.moml.MoMLSimpleApplication@6d822699
----------------- Done invoking toplevel() on ptolemy.moml.MoMLSimpleApplication@6d822699
reloadAllAccessors: .CatchUpComposite2
----------------- testing Thu May 10 02:00:39 UTC 2018 /home/travis/build/icyphy/ptII/ptolemy/actor/lib/hoc/test/auto/CatchUpComposite3.xml
----------------- Instantiating /home/travis/build/icyphy/ptII/ptolemy/actor/lib/hoc/test/auto/CatchUpComposite3.xml
8 ms. Memory: 208384K Free: 158521K (76%)
----------------- Invoking toplevel() on ptolemy.moml.MoMLSimpleApplication@b5bedc9
----------------- Done invoking toplevel() on ptolemy.moml.MoMLSimpleApplication@b5bedc9
reloadAllAccessors: .CatchUpComposite3
----------------- testing Thu May 10 02:00:39 UTC 2018 /home/travis/build/icyphy/ptII/ptolemy/actor/lib/hoc/test/auto/CatchUpComposite4.xml
----------------- Instantiating /home/travis/build/icyphy/ptII/ptolemy/actor/lib/hoc/test/auto/CatchUpComposite4.xml
23 ms. Memory: 208384K Free: 149272K (72%)
----------------- Invoking toplevel() on ptolemy.moml.MoMLSimpleApplication@202e8806
----------------- Done invoking toplevel() on ptolemy.moml.MoMLSimpleApplication@202e8806
reloadAllAccessors: .CatchUpComposite4
----------------- testing Thu May 10 02:00:39 UTC 2018 /home/travis/build/icyphy/ptII/ptolemy/actor/lib/hoc/test/auto/CatchUpComposite5.xml
----------------- Instantiating /home/travis/build/icyphy/ptII/ptolemy/actor/lib/hoc/test/auto/CatchUpComposite5.xml
10 ms. Memory: 208384K Free: 140590K (67%)
----------------- Invoking toplevel() on ptolemy.moml.MoMLSimpleApplication@6ff4e97e
----------------- Done invoking toplevel() on ptolemy.moml.MoMLSimpleApplication@6ff4e97e
reloadAllAccessors: .CatchUpComposite5
----------------- testing Thu May 10 02:00:39 UTC 2018 /home/travis/build/icyphy/ptII/ptolemy/actor/lib/hoc/test/auto/CatchUpComposite6.xml
----------------- Instantiating /home/travis/build/icyphy/ptII/ptolemy/actor/lib/hoc/test/auto/CatchUpComposite6.xml
WARNING: The execution aspects in this model can influence the timing of actors by delaying the 
execution, potentially changing the behavior. There is no guarantee that actors fire at the 
time they request to be fired. 
Use Ptides for deterministic DE behavior that is not influenced by execution aspects. 

102 ms. Memory: 208384K Free: 121747K (58%)
----------------- Invoking toplevel() on ptolemy.moml.MoMLSimpleApplication@3f205c91
----------------- Done invoking toplevel() on ptolemy.moml.MoMLSimpleApplication@3f205c91
reloadAllAccessors: .CatchUpComposite6
----------------- testing Thu May 10 02:00:39 UTC 2018 /home/travis/build/icyphy/ptII/ptolemy/actor/lib/hoc/test/auto/CatchUpComposite7.xml
----------------- Instantiating /home/travis/build/icyphy/ptII/ptolemy/actor/lib/hoc/test/auto/CatchUpComposite7.xml
WARNING: The execution aspects in this model can influence the timing of actors by delaying the 
execution, potentially changing the behavior. There is no guarantee that actors fire at the 
time they request to be fired. 
Use Ptides for deterministic DE behavior that is not influenced by execution aspects. 

53 ms. Memory: 208384K Free: 104996K (50%)
----------------- Invoking toplevel() on ptolemy.moml.MoMLSimpleApplication@2cf5756c
----------------- Done invoking toplevel() on ptolemy.moml.MoMLSimpleApplication@2cf5756c
reloadAllAccessors: .CatchUpComposite7
----------------- testing Thu May 10 02:00:39 UTC 2018 /home/travis/build/icyphy/ptII/ptolemy/actor/lib/hoc/test/auto/ConcurrentExecutionTimeSDF.xml
----------------- Instantiating /home/travis/build/icyphy/ptII/ptolemy/actor/lib/hoc/test/auto/ConcurrentExecutionTimeSDF.xml
27 ms. Memory: 208384K Free: 96362K (46%)
----------------- Invoking toplevel() on ptolemy.moml.MoMLSimpleApplication@64b3ad96
----------------- Done invoking toplevel() on ptolemy.moml.MoMLSimpleApplication@64b3ad96
reloadAllAccessors: .ConcurrentExecutionTimeSDF
----------------- testing Thu May 10 02:00:39 UTC 2018 /home/travis/build/icyphy/ptII/ptolemy/actor/lib/hoc/test/auto/ConcurrentSleep.xml
----------------- Instantiating /home/travis/build/icyphy/ptII/ptolemy/actor/lib/hoc/test/auto/ConcurrentSleep.xml
722 ms. Memory: 208384K Free: 81868K (39%)
----------------- Invoking toplevel() on ptolemy.moml.MoMLSimpleApplication@4a07bd4b
----------------- Done invoking toplevel() on ptolemy.moml.MoMLSimpleApplication@4a07bd4b
reloadAllAccessors: .ConcurrentSleep
----------------- testing Thu May 10 02:00:40 UTC 2018 /home/travis/build/icyphy/ptII/ptolemy/actor/lib/hoc/test/auto/DEInPNInRunCompositeActor.xml
----------------- Instantiating /home/travis/build/icyphy/ptII/ptolemy/actor/lib/hoc/test/auto/DEInPNInRunCompositeActor.xml
9 ms. Memory: 208384K Free: 198045K (95%)
----------------- Invoking toplevel() on ptolemy.moml.MoMLSimpleApplication@57de737c
----------------- Done invoking toplevel() on ptolemy.moml.MoMLSimpleApplication@57de737c
reloadAllAccessors: .DEInPNInRunCompositeActor
----------------- testing Thu May 10 02:00:40 UTC 2018 /home/travis/build/icyphy/ptII/ptolemy/actor/lib/hoc/test/auto/DFTSubSetTest.xml
----------------- Instantiating /home/travis/build/icyphy/ptII/ptolemy/actor/lib/hoc/test/auto/DFTSubSetTest.xml
196 ms. Memory: 208384K Free: 150194K (72%)
----------------- Invoking toplevel() on ptolemy.moml.MoMLSimpleApplication@18fcbe27
----------------- Done invoking toplevel() on ptolemy.moml.MoMLSimpleApplication@18fcbe27
reloadAllAccessors: .DFTSubSetTest
----------------- testing Thu May 10 02:00:40 UTC 2018 /home/travis/build/icyphy/ptII/ptolemy/actor/lib/hoc/test/auto/HocDE.xml
----------------- Instantiating /home/travis/build/icyphy/ptII/ptolemy/actor/lib/hoc/test/auto/HocDE.xml
110 ms. Memory: 208384K Free: 122983K (59%)
----------------- Invoking toplevel() on ptolemy.moml.MoMLSimpleApplication@73745769
----------------- Done invoking toplevel() on ptolemy.moml.MoMLSimpleApplication@73745769
reloadAllAccessors: .HocDE
----------------- testing Thu May 10 02:00:40 UTC 2018 /home/travis/build/icyphy/ptII/ptolemy/actor/lib/hoc/test/auto/IterateOverArray.xml
----------------- Instantiating /home/travis/build/icyphy/ptII/ptolemy/actor/lib/hoc/test/auto/IterateOverArray.xml
6 ms. Memory: 208384K Free: 117421K (56%)
----------------- Invoking toplevel() on ptolemy.moml.MoMLSimpleApplication@5cf633b6
----------------- Done invoking toplevel() on ptolemy.moml.MoMLSimpleApplication@5cf633b6
reloadAllAccessors: .IterateOverArray
----------------- testing Thu May 10 02:00:40 UTC 2018 /home/travis/build/icyphy/ptII/ptolemy/actor/lib/hoc/test/auto/IterateOverArray10.xml
----------------- Instantiating /home/travis/build/icyphy/ptII/ptolemy/actor/lib/hoc/test/auto/IterateOverArray10.xml
3 ms. Memory: 208384K Free: 113111K (54%)
----------------- Invoking toplevel() on ptolemy.moml.MoMLSimpleApplication@f36de6c
----------------- Done invoking toplevel() on ptolemy.moml.MoMLSimpleApplication@f36de6c
reloadAllAccessors: .IterateOverArray10
----------------- testing Thu May 10 02:00:40 UTC 2018 /home/travis/build/icyphy/ptII/ptolemy/actor/lib/hoc/test/auto/IterateOverArray11.xml
----------------- Instantiating /home/travis/build/icyphy/ptII/ptolemy/actor/lib/hoc/test/auto/IterateOverArray11.xml
10 ms. Memory: 208384K Free: 108762K (52%)
----------------- Invoking toplevel() on ptolemy.moml.MoMLSimpleApplication@767a70b
----------------- Done invoking toplevel() on ptolemy.moml.MoMLSimpleApplication@767a70b
reloadAllAccessors: .IterateOverArray11
----------------- testing Thu May 10 02:00:40 UTC 2018 /home/travis/build/icyphy/ptII/ptolemy/actor/lib/hoc/test/auto/IterateOverArray12.xml
----------------- Instantiating /home/travis/build/icyphy/ptII/ptolemy/actor/lib/hoc/test/auto/IterateOverArray12.xml
20 ms. Memory: 208384K Free: 101388K (49%)
----------------- Invoking toplevel() on ptolemy.moml.MoMLSimpleApplication@5dedea84
----------------- Done invoking toplevel() on ptolemy.moml.MoMLSimpleApplication@5dedea84
reloadAllAccessors: .IterateOverArray12
----------------- testing Thu May 10 02:00:40 UTC 2018 /home/travis/build/icyphy/ptII/ptolemy/actor/lib/hoc/test/auto/IterateOverArray13.xml
----------------- Instantiating /home/travis/build/icyphy/ptII/ptolemy/actor/lib/hoc/test/auto/IterateOverArray13.xml
115 ms. Memory: 331264K Free: 317742K (96%)
----------------- Invoking toplevel() on ptolemy.moml.MoMLSimpleApplication@66073362
----------------- Done invoking toplevel() on ptolemy.moml.MoMLSimpleApplication@66073362
reloadAllAccessors: .IterateOverArray13
----------------- testing Thu May 10 02:00:41 UTC 2018 /home/travis/build/icyphy/ptII/ptolemy/actor/lib/hoc/test/auto/IterateOverArray14.xml
----------------- Instantiating /home/travis/build/icyphy/ptII/ptolemy/actor/lib/hoc/test/auto/IterateOverArray14.xml
70 ms. Memory: 331264K Free: 280470K (85%)
----------------- Invoking toplevel() on ptolemy.moml.MoMLSimpleApplication@1cdffa52
----------------- Done invoking toplevel() on ptolemy.moml.MoMLSimpleApplication@1cdffa52
reloadAllAccessors: .IterateOverArray14
----------------- testing Thu May 10 02:00:41 UTC 2018 /home/travis/build/icyphy/ptII/ptolemy/actor/lib/hoc/test/auto/IterateOverArray2.xml
----------------- Instantiating /home/travis/build/icyphy/ptII/ptolemy/actor/lib/hoc/test/auto/IterateOverArray2.xml
9 ms. Memory: 331264K Free: 275575K (83%)
----------------- Invoking toplevel() on ptolemy.moml.MoMLSimpleApplication@70547f85
----------------- Done invoking toplevel() on ptolemy.moml.MoMLSimpleApplication@70547f85
reloadAllAccessors: .IterateOverArray2
----------------- testing Thu May 10 02:00:41 UTC 2018 /home/travis/build/icyphy/ptII/ptolemy/actor/lib/hoc/test/auto/IterateOverArray3.xml
----------------- Instantiating /home/travis/build/icyphy/ptII/ptolemy/actor/lib/hoc/test/auto/IterateOverArray3.xml
13 ms. Memory: 331264K Free: 267404K (81%)
----------------- Invoking toplevel() on ptolemy.moml.MoMLSimpleApplication@74bb2cb7
----------------- Done invoking toplevel() on ptolemy.moml.MoMLSimpleApplication@74bb2cb7
reloadAllAccessors: .IterateOverArray3
----------------- testing Thu May 10 02:00:41 UTC 2018 /home/travis/build/icyphy/ptII/ptolemy/actor/lib/hoc/test/auto/IterateOverArray4.xml
----------------- Instantiating /home/travis/build/icyphy/ptII/ptolemy/actor/lib/hoc/test/auto/IterateOverArray4.xml
6 ms. Memory: 331264K Free: 262509K (79%)
----------------- Invoking toplevel() on ptolemy.moml.MoMLSimpleApplication@23dd2dd6
----------------- Done invoking toplevel() on ptolemy.moml.MoMLSimpleApplication@23dd2dd6
reloadAllAccessors: .IterateOverArray4
----------------- testing Thu May 10 02:00:41 UTC 2018 /home/travis/build/icyphy/ptII/ptolemy/actor/lib/hoc/test/auto/IterateOverArray5.xml
----------------- Instantiating /home/travis/build/icyphy/ptII/ptolemy/actor/lib/hoc/test/auto/IterateOverArray5.xml
5 ms. Memory: 331264K Free: 257614K (78%)
----------------- Invoking toplevel() on ptolemy.moml.MoMLSimpleApplication@62084d35
----------------- Done invoking toplevel() on ptolemy.moml.MoMLSimpleApplication@62084d35
reloadAllAccessors: .IterateOverArray5
----------------- testing Thu May 10 02:00:41 UTC 2018 /home/travis/build/icyphy/ptII/ptolemy/actor/lib/hoc/test/auto/IterateOverArray6.xml
----------------- Instantiating /home/travis/build/icyphy/ptII/ptolemy/actor/lib/hoc/test/auto/IterateOverArray6.xml
5 ms. Memory: 331264K Free: 253113K (76%)
----------------- Invoking toplevel() on ptolemy.moml.MoMLSimpleApplication@7a93407a
----------------- Done invoking toplevel() on ptolemy.moml.MoMLSimpleApplication@7a93407a
reloadAllAccessors: .IterateOverArray6
----------------- testing Thu May 10 02:00:41 UTC 2018 /home/travis/build/icyphy/ptII/ptolemy/actor/lib/hoc/test/auto/IterateOverArray7.xml
----------------- Instantiating /home/travis/build/icyphy/ptII/ptolemy/actor/lib/hoc/test/auto/IterateOverArray7.xml
8 ms. Memory: 331264K Free: 248218K (75%)
----------------- Invoking toplevel() on ptolemy.moml.MoMLSimpleApplication@39f33e04
----------------- Done invoking toplevel() on ptolemy.moml.MoMLSimpleApplication@39f33e04
reloadAllAccessors: .IterateOverArray7
----------------- testing Thu May 10 02:00:41 UTC 2018 /home/travis/build/icyphy/ptII/ptolemy/actor/lib/hoc/test/auto/IterateOverArray8.xml
----------------- Instantiating /home/travis/build/icyphy/ptII/ptolemy/actor/lib/hoc/test/auto/IterateOverArray8.xml
5 ms. Memory: 331264K Free: 242493K (73%)
----------------- Invoking toplevel() on ptolemy.moml.MoMLSimpleApplication@409dc6b0
----------------- Done invoking toplevel() on ptolemy.moml.MoMLSimpleApplication@409dc6b0
reloadAllAccessors: .IterateOverArray8
----------------- testing Thu May 10 02:00:41 UTC 2018 /home/travis/build/icyphy/ptII/ptolemy/actor/lib/hoc/test/auto/IterateOverArray9.xml
----------------- Instantiating /home/travis/build/icyphy/ptII/ptolemy/actor/lib/hoc/test/auto/IterateOverArray9.xml
10 ms. Memory: 331264K Free: 237598K (72%)
----------------- Invoking toplevel() on ptolemy.moml.MoMLSimpleApplication@40c91cdc
----------------- Done invoking toplevel() on ptolemy.moml.MoMLSimpleApplication@40c91cdc
reloadAllAccessors: .IterateOverArray9
----------------- testing Thu May 10 02:00:41 UTC 2018 /home/travis/build/icyphy/ptII/ptolemy/actor/lib/hoc/test/auto/IterateOverArrayCoercedOutputType.xml
----------------- Instantiating /home/travis/build/icyphy/ptII/ptolemy/actor/lib/hoc/test/auto/IterateOverArrayCoercedOutputType.xml
4 ms. Memory: 331264K Free: 231480K (70%)
----------------- Invoking toplevel() on ptolemy.moml.MoMLSimpleApplication@98c09c9
----------------- Done invoking toplevel() on ptolemy.moml.MoMLSimpleApplication@98c09c9
reloadAllAccessors: .IterateOverArrayCoercedOutputType
----------------- testing Thu May 10 02:00:41 UTC 2018 /home/travis/build/icyphy/ptII/ptolemy/actor/lib/hoc/test/auto/IterateOverArrayInferredOutputType.xml
----------------- Instantiating /home/travis/build/icyphy/ptII/ptolemy/actor/lib/hoc/test/auto/IterateOverArrayInferredOutputType.xml
9 ms. Memory: 331264K Free: 224531K (68%)
----------------- Invoking toplevel() on ptolemy.moml.MoMLSimpleApplication@3106ea12
----------------- Done invoking toplevel() on ptolemy.moml.MoMLSimpleApplication@3106ea12
reloadAllAccessors: .IterateOverArrayInferredOutputType
----------------- testing Thu May 10 02:00:41 UTC 2018 /home/travis/build/icyphy/ptII/ptolemy/actor/lib/hoc/test/auto/MobileFunctionTest.xml
----------------- Instantiating /home/travis/build/icyphy/ptII/ptolemy/actor/lib/hoc/test/auto/MobileFunctionTest.xml
7 ms. Memory: 331264K Free: 219636K (66%)
----------------- Invoking toplevel() on ptolemy.moml.MoMLSimpleApplication@51c0762c
----------------- Done invoking toplevel() on ptolemy.moml.MoMLSimpleApplication@51c0762c
reloadAllAccessors: .MobileFunctionTest
----------------- testing Thu May 10 02:00:41 UTC 2018 /home/travis/build/icyphy/ptII/ptolemy/actor/lib/hoc/test/auto/MobileModelTest.xml
----------------- Instantiating /home/travis/build/icyphy/ptII/ptolemy/actor/lib/hoc/test/auto/MobileModelTest.xml
94 ms. Memory: 331264K Free: 198004K (60%)
----------------- Invoking toplevel() on ptolemy.moml.MoMLSimpleApplication@61fc33e8
----------------- Done invoking toplevel() on ptolemy.moml.MoMLSimpleApplication@61fc33e8
reloadAllAccessors: .MobileModelTest
----------------- testing Thu May 10 02:00:41 UTC 2018 /home/travis/build/icyphy/ptII/ptolemy/actor/lib/hoc/test/auto/ModelReference.xml
----------------- Instantiating /home/travis/build/icyphy/ptII/ptolemy/actor/lib/hoc/test/auto/ModelReference.xml
9 ms. Memory: 331264K Free: 189438K (57%)
6 ms. Memory: 331264K Free: 188214K (57%)
2 ms. Memory: 331264K Free: 188214K (57%)
4 ms. Memory: 331264K Free: 186990K (56%)
2 ms. Memory: 331264K Free: 185766K (56%)
3 ms. Memory: 331264K Free: 185766K (56%)
2 ms. Memory: 331264K Free: 184543K (56%)
6 ms. Memory: 331264K Free: 183319K (55%)
3 ms. Memory: 331264K Free: 183319K (55%)
3 ms. Memory: 331264K Free: 182095K (55%)
51 ms. Memory: 331264K Free: 182095K (55%)
----------------- Invoking toplevel() on ptolemy.moml.MoMLSimpleApplication@76cb5607
----------------- Done invoking toplevel() on ptolemy.moml.MoMLSimpleApplication@76cb5607
reloadAllAccessors: .ModelReference
----------------- testing Thu May 10 02:00:41 UTC 2018 /home/travis/build/icyphy/ptII/ptolemy/actor/lib/hoc/test/auto/ModelReference3.xml
----------------- Instantiating /home/travis/build/icyphy/ptII/ptolemy/actor/lib/hoc/test/auto/ModelReference3.xml
3 ms. Memory: 331264K Free: 175977K (53%)
5 ms. Memory: 331264K Free: 175977K (53%)
2 ms. Memory: 331264K Free: 174753K (53%)
5 ms. Memory: 331264K Free: 173529K (52%)
4 ms. Memory: 331264K Free: 173529K (52%)
2 ms. Memory: 331264K Free: 172306K (52%)
2 ms. Memory: 331264K Free: 171082K (52%)
5 ms. Memory: 331264K Free: 171082K (52%)
1 ms. Memory: 331264K Free: 169858K (51%)
4 ms. Memory: 331264K Free: 168635K (51%)
44 ms. Memory: 331264K Free: 168635K (51%)
----------------- Invoking toplevel() on ptolemy.moml.MoMLSimpleApplication@2c7a0a10
----------------- Done invoking toplevel() on ptolemy.moml.MoMLSimpleApplication@2c7a0a10
reloadAllAccessors: .ModelReference3
----------------- testing Thu May 10 02:00:42 UTC 2018 /home/travis/build/icyphy/ptII/ptolemy/actor/lib/hoc/test/auto/ModelReference4.xml
----------------- Instantiating /home/travis/build/icyphy/ptII/ptolemy/actor/lib/hoc/test/auto/ModelReference4.xml
4 ms. Memory: 331264K Free: 161687K (49%)
8 ms. Memory: 331264K Free: 160463K (48%)
3 ms. Memory: 331264K Free: 158015K (48%)
4 ms. Memory: 331264K Free: 156792K (47%)
5 ms. Memory: 331264K Free: 155568K (47%)
3 ms. Memory: 331264K Free: 154344K (47%)
2 ms. Memory: 331264K Free: 153121K (46%)
4 ms. Memory: 331264K Free: 151897K (46%)
3 ms. Memory: 331264K Free: 149450K (45%)
3 ms. Memory: 331264K Free: 148226K (45%)
10031 ms. Memory: 331264K Free: 148226K (45%)
----------------- Invoking toplevel() on ptolemy.moml.MoMLSimpleApplication@625f3447
----------------- Done invoking toplevel() on ptolemy.moml.MoMLSimpleApplication@625f3447
reloadAllAccessors: .ModelReference4
----------------- testing Thu May 10 02:00:52 UTC 2018 /home/travis/build/icyphy/ptII/ptolemy/actor/lib/hoc/test/auto/MultiInstanceComposite.xml
----------------- Instantiating /home/travis/build/icyphy/ptII/ptolemy/actor/lib/hoc/test/auto/MultiInstanceComposite.xml
28 ms. Memory: 331264K Free: 131094K (40%)
----------------- Invoking toplevel() on ptolemy.moml.MoMLSimpleApplication@5813f4b0
----------------- Done invoking toplevel() on ptolemy.moml.MoMLSimpleApplication@5813f4b0
reloadAllAccessors: .MultiInstanceComposite
----------------- testing Thu May 10 02:00:52 UTC 2018 /home/travis/build/icyphy/ptII/ptolemy/actor/lib/hoc/test/auto/MultiInstanceComposite2.xml
----------------- Instantiating /home/travis/build/icyphy/ptII/ptolemy/actor/lib/hoc/test/auto/MultiInstanceComposite2.xml
22 ms. Memory: 331264K Free: 116804K (35%)
----------------- Invoking toplevel() on ptolemy.moml.MoMLSimpleApplication@3982e71c
----------------- Done invoking toplevel() on ptolemy.moml.MoMLSimpleApplication@3982e71c
reloadAllAccessors: .MultiInstanceComposite2
----------------- testing Thu May 10 02:00:52 UTC 2018 /home/travis/build/icyphy/ptII/ptolemy/actor/lib/hoc/test/auto/MulticoreExecution.xml
----------------- Instantiating /home/travis/build/icyphy/ptII/ptolemy/actor/lib/hoc/test/auto/MulticoreExecution.xml
1025 ms. Memory: 331264K Free: 103343K (31%)
----------------- testing Thu May 10 02:00:53 UTC 2018 /home/travis/build/icyphy/ptII/ptolemy/actor/lib/hoc/test/auto/ParallelExecution.xml
----------------- Instantiating /home/travis/build/icyphy/ptII/ptolemy/actor/lib/hoc/test/auto/ParallelExecution.xml
924 ms. Memory: 331264K Free: 89052K (27%)
----------------- Invoking toplevel() on ptolemy.moml.MoMLSimpleApplication@3c02c24a
----------------- Done invoking toplevel() on ptolemy.moml.MoMLSimpleApplication@3c02c24a
reloadAllAccessors: .ParallelExecution
----------------- testing Thu May 10 02:00:54 UTC 2018 /home/travis/build/icyphy/ptII/ptolemy/actor/lib/hoc/test/auto/RunCompositeActor.xml
----------------- Instantiating /home/travis/build/icyphy/ptII/ptolemy/actor/lib/hoc/test/auto/RunCompositeActor.xml
7 ms. Memory: 331264K Free: 80486K (24%)
----------------- Invoking toplevel() on ptolemy.moml.MoMLSimpleApplication@1ee99f90
----------------- Done invoking toplevel() on ptolemy.moml.MoMLSimpleApplication@1ee99f90
reloadAllAccessors: .RunCompositeActor
----------------- testing Thu May 10 02:00:54 UTC 2018 /home/travis/build/icyphy/ptII/ptolemy/actor/lib/hoc/test/auto/RunCompositeActor2.xml
----------------- Instantiating /home/travis/build/icyphy/ptII/ptolemy/actor/lib/hoc/test/auto/RunCompositeActor2.xml
11 ms. Memory: 332288K Free: 315406K (95%)
----------------- Invoking toplevel() on ptolemy.moml.MoMLSimpleApplication@6d426a2f
----------------- Done invoking toplevel() on ptolemy.moml.MoMLSimpleApplication@6d426a2f
reloadAllAccessors: .RunCompositeActor2
----------------- testing Thu May 10 02:00:54 UTC 2018 /home/travis/build/icyphy/ptII/ptolemy/actor/lib/hoc/test/auto/RunCompositeActor3.xml
----------------- Instantiating /home/travis/build/icyphy/ptII/ptolemy/actor/lib/hoc/test/auto/RunCompositeActor3.xml
9 ms. Memory: 332288K Free: 308693K (93%)
----------------- Invoking toplevel() on ptolemy.moml.MoMLSimpleApplication@35e6bb25
----------------- Done invoking toplevel() on ptolemy.moml.MoMLSimpleApplication@35e6bb25
reloadAllAccessors: .RunCompositeActor3
----------------- testing Thu May 10 02:00:54 UTC 2018 /home/travis/build/icyphy/ptII/ptolemy/actor/lib/hoc/test/auto/RunCompositeActor4.xml
----------------- Instantiating /home/travis/build/icyphy/ptII/ptolemy/actor/lib/hoc/test/auto/RunCompositeActor4.xml
15 ms. Memory: 332288K Free: 298125K (90%)
----------------- Invoking toplevel() on ptolemy.moml.MoMLSimpleApplication@3b6ce126
----------------- Done invoking toplevel() on ptolemy.moml.MoMLSimpleApplication@3b6ce126
reloadAllAccessors: .RunCompositeActor4
----------------- testing Thu May 10 02:00:54 UTC 2018 /home/travis/build/icyphy/ptII/ptolemy/actor/lib/hoc/test/auto/RunCompositeIterateOverArray.xml
----------------- Instantiating /home/travis/build/icyphy/ptII/ptolemy/actor/lib/hoc/test/auto/RunCompositeIterateOverArray.xml
11 ms. Memory: 332288K Free: 291982K (88%)
----------------- Invoking toplevel() on ptolemy.moml.MoMLSimpleApplication@3362ee4b
----------------- Done invoking toplevel() on ptolemy.moml.MoMLSimpleApplication@3362ee4b
reloadAllAccessors: .RunCompositeIterateOverArray
----------------- testing Thu May 10 02:00:54 UTC 2018 /home/travis/build/icyphy/ptII/ptolemy/actor/lib/hoc/test/auto/ThreadedJS.xml
----------------- Instantiating /home/travis/build/icyphy/ptII/ptolemy/actor/lib/hoc/test/auto/ThreadedJS.xml
1981 ms. Memory: 538624K Free: 168171K (31%)
----------------- Invoking toplevel() on ptolemy.moml.MoMLSimpleApplication@18e3ca1f
----------------- Done invoking toplevel() on ptolemy.moml.MoMLSimpleApplication@18e3ca1f
reloadAllAccessors: .ThreadedJS
AutoTests.java: About to close Vertx.
AutoTests.java: Vertx closed.
]]></system-out>
  <system-err><![CDATA[java.lang.RuntimeException: Execution failed
	at ptolemy.moml.MoMLSimpleApplication$UnloadThread.run(MoMLSimpleApplication.java:402)
Caused by: ptolemy.kernel.util.IllegalActionException: initialize() was called after wrapup() was called but preinitialize() was not called after wrapup().
	at ptolemy.actor.lib.hoc.test.PreinitializeMustBeInvoked.initialize(PreinitializeMustBeInvoked.java:78)
	at ptolemy.actor.Director.initialize(Director.java:938)
	at ptolemy.actor.Director.initialize(Director.java:907)
	at ptolemy.actor.sched.StaticSchedulingDirector.initialize(StaticSchedulingDirector.java:159)
	at ptolemy.domains.sdf.kernel.SDFDirector.initialize(SDFDirector.java:544)
	at ptolemy.actor.CompositeActor.initialize(CompositeActor.java:935)
	at ptolemy.actor.lib.hoc.LifeCycleManager._executeInsideModel(LifeCycleManager.java:339)
	at ptolemy.actor.lib.hoc.RunCompositeActor.fire(RunCompositeActor.java:205)
	at ptolemy.actor.CompositeActor.iterate(CompositeActor.java:1146)
	at ptolemy.actor.sched.StaticSchedulingDirector.fire(StaticSchedulingDirector.java:216)
	at ptolemy.domains.sdf.kernel.SDFDirector.fire(SDFDirector.java:500)
	at ptolemy.actor.CompositeActor.fire(CompositeActor.java:455)
	at ptolemy.actor.Manager.iterate(Manager.java:851)
	at ptolemy.actor.Manager.execute(Manager.java:369)
	at ptolemy.actor.Manager.run(Manager.java:1263)
	at ptolemy.actor.Manager$PtolemyRunThread.run(Manager.java:1915)
java.lang.reflect.InvocationTargetException
	at sun.reflect.NativeConstructorAccessorImpl.newInstance0(Native Method)
	at sun.reflect.NativeConstructorAccessorImpl.newInstance(NativeConstructorAccessorImpl.java:62)
	at sun.reflect.DelegatingConstructorAccessorImpl.newInstance(DelegatingConstructorAccessorImpl.java:45)
	at java.lang.reflect.Constructor.newInstance(Constructor.java:423)
	at ptolemy.util.test.junit.AutoKnownFailedTests.RunModel(AutoKnownFailedTests.java:107)
	at sun.reflect.NativeMethodAccessorImpl.invoke0(Native Method)
	at sun.reflect.NativeMethodAccessorImpl.invoke(NativeMethodAccessorImpl.java:62)
	at sun.reflect.DelegatingMethodAccessorImpl.invoke(DelegatingMethodAccessorImpl.java:43)
	at java.lang.reflect.Method.invoke(Method.java:498)
	at org.junit.runners.model.FrameworkMethod$1.runReflectiveCall(FrameworkMethod.java:44)
	at org.junit.internal.runners.model.ReflectiveCallable.run(ReflectiveCallable.java:15)
	at org.junit.runners.model.FrameworkMethod.invokeExplosively(FrameworkMethod.java:41)
	at junitparams.internal.InvokeParameterisedMethod.evaluate(InvokeParameterisedMethod.java:102)
	at org.junit.internal.runners.statements.FailOnTimeout$1.run(FailOnTimeout.java:28)
Caused by: ptolemy.kernel.util.IllegalActionException: initialize() was called after wrapup() was called but preinitialize() was not called after wrapup().
	at ptolemy.actor.lib.hoc.test.PreinitializeMustBeInvoked.initialize(PreinitializeMustBeInvoked.java:78)
	at ptolemy.actor.Director.initialize(Director.java:938)
	at ptolemy.actor.Director.initialize(Director.java:907)
	at ptolemy.actor.sched.StaticSchedulingDirector.initialize(StaticSchedulingDirector.java:159)
	at ptolemy.domains.sdf.kernel.SDFDirector.initialize(SDFDirector.java:544)
	at ptolemy.actor.CompositeActor.initialize(CompositeActor.java:935)
	at ptolemy.actor.lib.hoc.LifeCycleManager._executeInsideModel(LifeCycleManager.java:339)
	at ptolemy.actor.lib.hoc.RunCompositeActor.fire(RunCompositeActor.java:205)
	at ptolemy.actor.CompositeActor.iterate(CompositeActor.java:1146)
	at ptolemy.actor.sched.StaticSchedulingDirector.fire(StaticSchedulingDirector.java:216)
	at ptolemy.domains.sdf.kernel.SDFDirector.fire(SDFDirector.java:500)
	at ptolemy.actor.CompositeActor.fire(CompositeActor.java:455)
	at ptolemy.actor.Manager.iterate(Manager.java:851)
	at ptolemy.actor.Manager.execute(Manager.java:369)
	at ptolemy.actor.Manager.run(Manager.java:1263)
	at ptolemy.actor.Manager$PtolemyRunThread.run(Manager.java:1915)
java.lang.RuntimeException: Execution failed
	at ptolemy.moml.MoMLSimpleApplication$UnloadThread.run(MoMLSimpleApplication.java:402)
Caused by: ptolemy.kernel.util.IllegalActionException: Inside thread was interrupted.
  in .MulticoreExecution.ThreadedComposite.ThreadedDirector
	at ptolemy.actor.lib.hoc.ThreadedComposite$ThreadedDirector.fire(ThreadedComposite.java:646)
	at ptolemy.actor.CompositeActor.fire(CompositeActor.java:455)
	at ptolemy.actor.sched.FixedPointDirector._fireActor(FixedPointDirector.java:768)
	at ptolemy.actor.sched.FixedPointDirector.fire(FixedPointDirector.java:244)
	at ptolemy.actor.CompositeActor.fire(CompositeActor.java:455)
	at ptolemy.actor.Manager.iterate(Manager.java:851)
	at ptolemy.actor.Manager.execute(Manager.java:369)
	at ptolemy.actor.Manager.run(Manager.java:1263)
	at ptolemy.actor.Manager$PtolemyRunThread.run(Manager.java:1915)
]]></system-err>
</testsuite>
