<?xml version="1.0" encoding="UTF-8" ?>
<testsuite errors="0" failures="0" hostname="travis-job-79578338-925b-481e-b263-4be70aa8e963" name="ptolemy.demo.test.junit.JUnitTclTest" skipped="0" tests="23" time="66.905" timestamp="2018-05-12T01:03:32">
  <properties>
[...]
</properties>
  <testcase classname="ptolemy.util.test.junit.TclTests" name="[0] ThereAreNoTclTests (RunTclFile)" time="0.001" />
  <testcase classname="ptolemy.util.test.junit.AutoKnownFailedTests" name="[0] ThereAreNoKnowFailedTests (RunModel)" time="0.001" />
  <testcase classname="ptolemy.util.test.junit.AutoNameArchTests" name="[0] ThereAreNoAutoTests (RunModel)" time="0.0" />
  <testcase classname="ptolemy.util.test.junit.AutoTests" name="[0] /home/travis/build/icyphy/ptII/ptolemy/demo/test/auto/ChannelFaultModel.xml (RunModel)" time="0.935" />
  <testcase classname="ptolemy.util.test.junit.AutoTests" name="[1] /home/travis/build/icyphy/ptII/ptolemy/demo/test/auto/ContactorTester.xml (RunModel)" time="1.281" />
  <testcase classname="ptolemy.util.test.junit.AutoTests" name="[2] /home/travis/build/icyphy/ptII/ptolemy/demo/test/auto/FuelSystem.xml (RunModel)" time="7.143" />
  <testcase classname="ptolemy.util.test.junit.AutoTests" name="[3] /home/travis/build/icyphy/ptII/ptolemy/demo/test/auto/FuelSystem2Tanks.xml (RunModel)" time="1.012" />
  <testcase classname="ptolemy.util.test.junit.AutoTests" name="[4] /home/travis/build/icyphy/ptII/ptolemy/demo/test/auto/FuelSystemErrorHandling.xml (RunModel)" time="7.72" />
  <testcase classname="ptolemy.util.test.junit.AutoTests" name="[5] /home/travis/build/icyphy/ptII/ptolemy/demo/test/auto/FuelSystemOntology.xml (RunModel)" time="10.332" />
  <testcase classname="ptolemy.util.test.junit.AutoTests" name="[6] /home/travis/build/icyphy/ptII/ptolemy/demo/test/auto/FuelSystemQuantityManager.xml (RunModel)" time="0.809" />
  <testcase classname="ptolemy.util.test.junit.AutoTests" name="[7] /home/travis/build/icyphy/ptII/ptolemy/demo/test/auto/FuelSystemSingleTankImproved.xml (RunModel)" time="0.257" />
  <testcase classname="ptolemy.util.test.junit.AutoTests" name="[8] /home/travis/build/icyphy/ptII/ptolemy/demo/test/auto/GMMConvergenceAnalysis.xml (RunModel)" time="31.518" />
  <testcase classname="ptolemy.util.test.junit.AutoTests" name="[9] /home/travis/build/icyphy/ptII/ptolemy/demo/test/auto/GaussianMixtureModel.xml (RunModel)" time="0.062" />
  <testcase classname="ptolemy.util.test.junit.AutoTests" name="[10] /home/travis/build/icyphy/ptII/ptolemy/demo/test/auto/GeneratorRegulator.xml (RunModel)" time="0.442" />
  <testcase classname="ptolemy.util.test.junit.AutoTests" name="[11] /home/travis/build/icyphy/ptII/ptolemy/demo/test/auto/GeneratorRegulatorFMUProtector.xml (RunModel)" time="0.605" />
  <testcase classname="ptolemy.util.test.junit.AutoTests" name="[12] /home/travis/build/icyphy/ptII/ptolemy/demo/test/auto/GeneratorRegulatorProtector.xml (RunModel)" time="0.39" />
  <testcase classname="ptolemy.util.test.junit.AutoTests" name="[13] /home/travis/build/icyphy/ptII/ptolemy/demo/test/auto/GeneratorRegulatorProtectorTuLiP.xml (RunModel)" time="0.368" />
  <testcase classname="ptolemy.util.test.junit.AutoTests" name="[14] /home/travis/build/icyphy/ptII/ptolemy/demo/test/auto/GeneratorRegulatorProtectorWithBus.xml (RunModel)" time="0.433" />
  <testcase classname="ptolemy.util.test.junit.AutoTests" name="[15] /home/travis/build/icyphy/ptII/ptolemy/demo/test/auto/GeneratorRegulatorProtectorWithConstraintMonitor.xml (RunModel)" time="0.781" />
  <testcase classname="ptolemy.util.test.junit.AutoTests" name="[16] /home/travis/build/icyphy/ptII/ptolemy/demo/test/auto/GeneratorRegulatorProtectorWithProcessor.xml (RunModel)" time="0.629" />
  <testcase classname="ptolemy.util.test.junit.AutoTests" name="[17] /home/travis/build/icyphy/ptII/ptolemy/demo/test/auto/GeneratorRegulatorProtectorWithSpecification.xml (RunModel)" time="0.512" />
  <testcase classname="ptolemy.util.test.junit.AutoTests" name="[18] /home/travis/build/icyphy/ptII/ptolemy/demo/test/auto/GeneratorTester.xml (RunModel)" time="0.383" />
  <testcase classname="ptolemy.util.test.junit.AutoTests" name="[19] /home/travis/build/icyphy/ptII/ptolemy/demo/test/auto/HiddenMarkovModelAnalysis.xml (RunModel)" time="0.755" />
  <system-out><![CDATA[No tcl tests in /home/travis/build/icyphy/ptII/ptolemy/demo/test
No auto/knownFailedTests/*.xml tests in /home/travis/build/icyphy/ptII/ptolemy/demo/test
No auto/*.xml tests in /home/travis/build/icyphy/ptII/ptolemy/demo/test
AutoTests.java: About to close Vertx.
AutoTests.java: Vertx closed.
----------------- testing Sat May 12 01:03:32 UTC 2018 /home/travis/build/icyphy/ptII/ptolemy/demo/test/auto/ChannelFaultModel.xml
----------------- Instantiating /home/travis/build/icyphy/ptII/ptolemy/demo/test/auto/ChannelFaultModel.xml
359 ms. Memory: 116224K Free: 104952K (90%)
----------------- Invoking toplevel() on ptolemy.moml.MoMLSimpleApplication@620311f
----------------- Done invoking toplevel() on ptolemy.moml.MoMLSimpleApplication@620311f
reloadAllAccessors: .ChannelFaultModel
----------------- testing Sat May 12 01:03:33 UTC 2018 /home/travis/build/icyphy/ptII/ptolemy/demo/test/auto/ContactorTester.xml
----------------- Instantiating /home/travis/build/icyphy/ptII/ptolemy/demo/test/auto/ContactorTester.xml
858 ms. Memory: 146944K Free: 100051K (68%)
----------------- Invoking toplevel() on ptolemy.moml.MoMLSimpleApplication@62e6cf5c
----------------- Done invoking toplevel() on ptolemy.moml.MoMLSimpleApplication@62e6cf5c
reloadAllAccessors: .ContactorTester
----------------- testing Sat May 12 01:03:35 UTC 2018 /home/travis/build/icyphy/ptII/ptolemy/demo/test/auto/FuelSystem.xml
----------------- Instantiating /home/travis/build/icyphy/ptII/ptolemy/demo/test/auto/FuelSystem.xml
6998 ms. Memory: 146944K Free: 133720K (91%)
----------------- Invoking toplevel() on ptolemy.moml.MoMLSimpleApplication@f6af380
----------------- Done invoking toplevel() on ptolemy.moml.MoMLSimpleApplication@f6af380
reloadAllAccessors: .FuelSystem
----------------- testing Sat May 12 01:03:42 UTC 2018 /home/travis/build/icyphy/ptII/ptolemy/demo/test/auto/FuelSystem2Tanks.xml
----------------- Instantiating /home/travis/build/icyphy/ptII/ptolemy/demo/test/auto/FuelSystem2Tanks.xml
606 ms. Memory: 207872K Free: 80093K (39%)
----------------- Invoking toplevel() on ptolemy.moml.MoMLSimpleApplication@2e586701
----------------- Done invoking toplevel() on ptolemy.moml.MoMLSimpleApplication@2e586701
reloadAllAccessors: .FuelSystem2Tanks
----------------- testing Sat May 12 01:03:43 UTC 2018 /home/travis/build/icyphy/ptII/ptolemy/demo/test/auto/FuelSystemErrorHandling.xml
----------------- Instantiating /home/travis/build/icyphy/ptII/ptolemy/demo/test/auto/FuelSystemErrorHandling.xml
6924 ms. Memory: 710656K Free: 553137K (78%)
----------------- Invoking toplevel() on ptolemy.moml.MoMLSimpleApplication@33b10b9f
----------------- Done invoking toplevel() on ptolemy.moml.MoMLSimpleApplication@33b10b9f
reloadAllAccessors: .FuelSystemErrorHandling
----------------- testing Sat May 12 01:03:50 UTC 2018 /home/travis/build/icyphy/ptII/ptolemy/demo/test/auto/FuelSystemOntology.xml
----------------- Instantiating /home/travis/build/icyphy/ptII/ptolemy/demo/test/auto/FuelSystemOntology.xml
10027 ms. Memory: 710656K Free: 339113K (48%)
----------------- Invoking toplevel() on ptolemy.moml.MoMLSimpleApplication@7f5721dc
----------------- Done invoking toplevel() on ptolemy.moml.MoMLSimpleApplication@7f5721dc
reloadAllAccessors: .FuelSystemOntology
----------------- testing Sat May 12 01:04:01 UTC 2018 /home/travis/build/icyphy/ptII/ptolemy/demo/test/auto/FuelSystemQuantityManager.xml
----------------- Instantiating /home/travis/build/icyphy/ptII/ptolemy/demo/test/auto/FuelSystemQuantityManager.xml
686 ms. Memory: 675328K Free: 589340K (87%)
----------------- Invoking toplevel() on ptolemy.moml.MoMLSimpleApplication@29f01dbb
----------------- Done invoking toplevel() on ptolemy.moml.MoMLSimpleApplication@29f01dbb
reloadAllAccessors: .FuelSystemQuantityManager
----------------- testing Sat May 12 01:04:02 UTC 2018 /home/travis/build/icyphy/ptII/ptolemy/demo/test/auto/FuelSystemSingleTankImproved.xml
----------------- Instantiating /home/travis/build/icyphy/ptII/ptolemy/demo/test/auto/FuelSystemSingleTankImproved.xml
199 ms. Memory: 675328K Free: 477836K (71%)
----------------- Invoking toplevel() on ptolemy.moml.MoMLSimpleApplication@3b9f581e
----------------- Done invoking toplevel() on ptolemy.moml.MoMLSimpleApplication@3b9f581e
reloadAllAccessors: .FuelSystemSingleTankImproved
----------------- testing Sat May 12 01:04:02 UTC 2018 /home/travis/build/icyphy/ptII/ptolemy/demo/test/auto/GMMConvergenceAnalysis.xml
----------------- Instantiating /home/travis/build/icyphy/ptII/ptolemy/demo/test/auto/GMMConvergenceAnalysis.xml
TableauFrame._addMenus: configuration == null?
TableauFrame._addMenus: configuration == null?
31179 ms. Memory: 625152K Free: 587574K (94%)
----------------- Invoking toplevel() on ptolemy.moml.MoMLSimpleApplication@2e503284
----------------- Done invoking toplevel() on ptolemy.moml.MoMLSimpleApplication@2e503284
reloadAllAccessors: .GMMConvergenceAnalysis
----------------- testing Sat May 12 01:04:33 UTC 2018 /home/travis/build/icyphy/ptII/ptolemy/demo/test/auto/GaussianMixtureModel.xml
----------------- Instantiating /home/travis/build/icyphy/ptII/ptolemy/demo/test/auto/GaussianMixtureModel.xml
19 ms. Memory: 625152K Free: 565444K (90%)
----------------- Invoking toplevel() on ptolemy.moml.MoMLSimpleApplication@4b3ffba5
----------------- Done invoking toplevel() on ptolemy.moml.MoMLSimpleApplication@4b3ffba5
reloadAllAccessors: .GaussianMixtureModel
----------------- testing Sat May 12 01:04:33 UTC 2018 /home/travis/build/icyphy/ptII/ptolemy/demo/test/auto/GeneratorRegulator.xml
----------------- Instantiating /home/travis/build/icyphy/ptII/ptolemy/demo/test/auto/GeneratorRegulator.xml
358 ms. Memory: 625152K Free: 498239K (80%)
----------------- Invoking toplevel() on ptolemy.moml.MoMLSimpleApplication@7dca5eb8
----------------- Done invoking toplevel() on ptolemy.moml.MoMLSimpleApplication@7dca5eb8
reloadAllAccessors: .GeneratorRegulator
----------------- testing Sat May 12 01:04:34 UTC 2018 /home/travis/build/icyphy/ptII/ptolemy/demo/test/auto/GeneratorRegulatorFMUProtector.xml
----------------- Instantiating /home/travis/build/icyphy/ptII/ptolemy/demo/test/auto/GeneratorRegulatorFMUProtector.xml
468 ms. Memory: 625152K Free: 434806K (70%)
----------------- Invoking toplevel() on ptolemy.moml.MoMLSimpleApplication@72d4e789
----------------- Done invoking toplevel() on ptolemy.moml.MoMLSimpleApplication@72d4e789
reloadAllAccessors: .GeneratorRegulatorFMUProtector
----------------- testing Sat May 12 01:04:34 UTC 2018 /home/travis/build/icyphy/ptII/ptolemy/demo/test/auto/GeneratorRegulatorProtector.xml
----------------- Instantiating /home/travis/build/icyphy/ptII/ptolemy/demo/test/auto/GeneratorRegulatorProtector.xml
326 ms. Memory: 625152K Free: 371348K (59%)
----------------- Invoking toplevel() on ptolemy.moml.MoMLSimpleApplication@64b44821
----------------- Done invoking toplevel() on ptolemy.moml.MoMLSimpleApplication@64b44821
reloadAllAccessors: .GeneratorRegulatorProtector
----------------- testing Sat May 12 01:04:35 UTC 2018 /home/travis/build/icyphy/ptII/ptolemy/demo/test/auto/GeneratorRegulatorProtectorTuLiP.xml
----------------- Instantiating /home/travis/build/icyphy/ptII/ptolemy/demo/test/auto/GeneratorRegulatorProtectorTuLiP.xml
306 ms. Memory: 625152K Free: 302114K (48%)
----------------- Invoking toplevel() on ptolemy.moml.MoMLSimpleApplication@2a8a1554
----------------- Done invoking toplevel() on ptolemy.moml.MoMLSimpleApplication@2a8a1554
reloadAllAccessors: .GeneratorRegulatorProtectorTuLiP
----------------- testing Sat May 12 01:04:35 UTC 2018 /home/travis/build/icyphy/ptII/ptolemy/demo/test/auto/GeneratorRegulatorProtectorWithBus.xml
----------------- Instantiating /home/travis/build/icyphy/ptII/ptolemy/demo/test/auto/GeneratorRegulatorProtectorWithBus.xml
344 ms. Memory: 625152K Free: 232915K (37%)
----------------- Invoking toplevel() on ptolemy.moml.MoMLSimpleApplication@107857b6
----------------- Done invoking toplevel() on ptolemy.moml.MoMLSimpleApplication@107857b6
reloadAllAccessors: .GeneratorRegulatorProtectorWithBus
----------------- testing Sat May 12 01:04:36 UTC 2018 /home/travis/build/icyphy/ptII/ptolemy/demo/test/auto/GeneratorRegulatorProtectorWithConstraintMonitor.xml
----------------- Instantiating /home/travis/build/icyphy/ptII/ptolemy/demo/test/auto/GeneratorRegulatorProtectorWithConstraintMonitor.xml
WARNING: The execution aspects in this model can influence the timing of actors by delaying the 
execution, potentially changing the behavior. There is no guarantee that actors fire at the 
time they request to be fired. 
Use Ptides for deterministic DE behavior that is not influenced by execution aspects. 

570 ms. Memory: 625152K Free: 105954K (17%)
----------------- Invoking toplevel() on ptolemy.moml.MoMLSimpleApplication@312e2c06
----------------- Done invoking toplevel() on ptolemy.moml.MoMLSimpleApplication@312e2c06
reloadAllAccessors: .GeneratorRegulatorProtectorWithConstraintMonitor
----------------- testing Sat May 12 01:04:36 UTC 2018 /home/travis/build/icyphy/ptII/ptolemy/demo/test/auto/GeneratorRegulatorProtectorWithProcessor.xml
----------------- Instantiating /home/travis/build/icyphy/ptII/ptolemy/demo/test/auto/GeneratorRegulatorProtectorWithProcessor.xml
WARNING: The execution aspects in this model can influence the timing of actors by delaying the 
execution, potentially changing the behavior. There is no guarantee that actors fire at the 
time they request to be fired. 
Use Ptides for deterministic DE behavior that is not influenced by execution aspects. 

486 ms. Memory: 599552K Free: 536640K (90%)
----------------- Invoking toplevel() on ptolemy.moml.MoMLSimpleApplication@6daabd11
----------------- Done invoking toplevel() on ptolemy.moml.MoMLSimpleApplication@6daabd11
reloadAllAccessors: .GeneratorRegulatorProtectorWithProcessor
----------------- testing Sat May 12 01:04:37 UTC 2018 /home/travis/build/icyphy/ptII/ptolemy/demo/test/auto/GeneratorRegulatorProtectorWithSpecification.xml
----------------- Instantiating /home/travis/build/icyphy/ptII/ptolemy/demo/test/auto/GeneratorRegulatorProtectorWithSpecification.xml
364 ms. Memory: 599552K Free: 436398K (73%)
----------------- Invoking toplevel() on ptolemy.moml.MoMLSimpleApplication@149ce5ba
----------------- Done invoking toplevel() on ptolemy.moml.MoMLSimpleApplication@149ce5ba
reloadAllAccessors: .GeneratorRegulatorProtectorWithSpecification
----------------- testing Sat May 12 01:04:38 UTC 2018 /home/travis/build/icyphy/ptII/ptolemy/demo/test/auto/GeneratorTester.xml
----------------- Instantiating /home/travis/build/icyphy/ptII/ptolemy/demo/test/auto/GeneratorTester.xml
353 ms. Memory: 599552K Free: 395123K (66%)
----------------- Invoking toplevel() on ptolemy.moml.MoMLSimpleApplication@47eaefef
----------------- Done invoking toplevel() on ptolemy.moml.MoMLSimpleApplication@47eaefef
reloadAllAccessors: .GeneratorTester
----------------- testing Sat May 12 01:04:38 UTC 2018 /home/travis/build/icyphy/ptII/ptolemy/demo/test/auto/HiddenMarkovModelAnalysis.xml
----------------- Instantiating /home/travis/build/icyphy/ptII/ptolemy/demo/test/auto/HiddenMarkovModelAnalysis.xml
653 ms. Memory: 599552K Free: 97349K (16%)
----------------- Invoking toplevel() on ptolemy.moml.MoMLSimpleApplication@58e7badd
----------------- Done invoking toplevel() on ptolemy.moml.MoMLSimpleApplication@58e7badd
reloadAllAccessors: .HiddenMarkovModelAnalysis
AutoTests.java: About to close Vertx.
AutoTests.java: Vertx closed.
]]></system-out>
  <system-err><![CDATA[Warning: Tried to create Export PDF menu item, but failed: java.lang.IndexOutOfBoundsException: Index: 0, Size: 0
Warning: Tried to create Export PDF menu item, but failed: java.lang.IndexOutOfBoundsException: Index: 0, Size: 0
Warning: '.HiddenMarkovModelAnalysis.NonStrictTest2' The test produced only 411 tokens, yet the correctValues parameter was expecting 418 tokens.
Warning: '.HiddenMarkovModelAnalysis.NonStrictTest3' The test produced only 821 tokens, yet the correctValues parameter was expecting 827 tokens.
]]></system-err>
</testsuite>
