<?xml version="1.0" encoding="UTF-8" ?>
<testsuite errors="0" failures="0" hostname="travis-job-a9a5dd3e-ee6e-4602-882b-4ff8f5f40e6e" name="ptolemy.configs.test.junit.JUnitTclTest" skipped="0" tests="11" time="1146.479" timestamp="2018-05-15T01:18:23">
  <properties>
[...]
</properties>
  <testcase classname="ptolemy.util.test.junit.TclTests" name="[0] /home/travis/build/icyphy/ptII/ptolemy/configs/test/allConfigs.tcl (RunTclFile)" time="423.468" />
  <testcase classname="ptolemy.util.test.junit.TclTests" name="[1] /home/travis/build/icyphy/ptII/ptolemy/configs/test/allDemos.tcl (RunTclFile)" time="0.002" />
  <testcase classname="ptolemy.util.test.junit.TclTests" name="[2] /home/travis/build/icyphy/ptII/ptolemy/configs/test/checkFullConstraints.tcl (RunTclFile)" time="423.771" />
  <testcase classname="ptolemy.util.test.junit.TclTests" name="[3] /home/travis/build/icyphy/ptII/ptolemy/configs/test/cloneTest.tcl (RunTclFile)" time="0.019" />
  <testcase classname="ptolemy.util.test.junit.TclTests" name="[4] /home/travis/build/icyphy/ptII/ptolemy/configs/test/configTest.tcl (RunTclFile)" time="9.012" />
  <testcase classname="ptolemy.util.test.junit.TclTests" name="[5] /home/travis/build/icyphy/ptII/ptolemy/configs/test/configurationTools.tcl (RunTclFile)" time="0.0" />
  <testcase classname="ptolemy.util.test.junit.TclTests" name="[6] /home/travis/build/icyphy/ptII/ptolemy/configs/test/missingDemos.tcl (RunTclFile)" time="249.748" />
  <testcase classname="ptolemy.util.test.junit.TclTests" name="[7] /home/travis/build/icyphy/ptII/ptolemy/configs/test/validDemos.tcl (RunTclFile)" time="40.309" />
  <testcase classname="ptolemy.util.test.junit.AutoKnownFailedTests" name="[0] ThereAreNoKnowFailedTests (RunModel)" time="0.001" />
  <testcase classname="ptolemy.util.test.junit.AutoNameArchTests" name="[0] ThereAreNoAutoTests (RunModel)" time="0.001" />
  <testcase classname="ptolemy.util.test.junit.AutoTests" name="[0] ThereAreNoAutoTests (RunModel)" time="0.0" />
  <system-out><![CDATA[/home/travis/build/icyphy/ptII/ptolemy/configs/test/allConfigs.tcl
testDefs.tcl: setting time out to 9000 seconds at Tue May 15 01:18:23 UTC 2018
1526347103431 ms. Memory: 116224K Free: 93844K (81%)
 Force everything to get expanded ptolemy/configs/bcvtb/configuration.xml
    (Skipping certain optional packages, jxta and viptos)
-------> Before clone
-------> after clone

Warning: In 'ptolemy.actor.lib.io.FileReader'
  The getName() method returns
   'fileOrURL' but the  field is named
   'fileOrURLPort'
   This is technically a violation  of the coding standard,
   but permissible because the name  ends in 'Port'
-------> Before clone
-------> after clone
1526347122594 ms. Memory: 766976K Free: 193103K (25%)
Setting containers of atomic entities to null
1526347123070 ms. Memory: 792064K Free: 720845K (91%)
 Force everything to get expanded ptolemy/configs/ptiny/configuration.xml
    (Skipping certain optional packages, jxta and viptos)
-------> Before clone
-------> after clone

Warning: In 'ptolemy.actor.lib.io.FileReader'
  The getName() method returns
   'fileOrURL' but the  field is named
   'fileOrURLPort'
   This is technically a violation  of the coding standard,
   but permissible because the name  ends in 'Port'
-------> Before clone
-------> after clone
1526347141725 ms. Memory: 1195520K Free: 891877K (75%)
Setting containers of atomic entities to null
1526347142449 ms. Memory: 1207296K Free: 1082671K (90%)
 Force everything to get expanded ptolemy/configs/space/configuration.xml
    (Skipping certain optional packages, jxta and viptos)
-------> Before clone
-------> after clone
Warning: space/configuration.xml has no 'actor library.Directors'? (this is ok for dsp, viptos)
-------> Before clone
-------> after clone
1526347142812 ms. Memory: 1207296K Free: 999953K (83%)
Setting containers of atomic entities to null
1526347143294 ms. Memory: 1243648K Free: 1119300K (90%)
 Force everything to get expanded ptolemy/configs/dsp/configuration.xml
    (Skipping certain optional packages, jxta and viptos)
-------> Before clone
-------> after clone

Warning: In 'ptolemy.actor.lib.io.FileReader'
  The getName() method returns
   'fileOrURL' but the  field is named
   'fileOrURLPort'
   This is technically a violation  of the coding standard,
   but permissible because the name  ends in 'Port'
Warning: dsp/configuration.xml has no 'actor library.Directors'? (this is ok for dsp, viptos)
-------> Before clone
-------> after clone
1526347148828 ms. Memory: 1244160K Free: 214206K (17%)
Setting containers of atomic entities to null
1526347149337 ms. Memory: 1389056K Free: 1241198K (89%)
Skipping viptos/configuration.xml, PtinyOS is not typically installed.
 Force everything to get expanded ptolemy/configs/pn/configuration.xml
    (Skipping certain optional packages, jxta and viptos)
-------> Before clone
-------> after clone

Warning: In 'ptolemy.actor.lib.io.FileReader'
  The getName() method returns
   'fileOrURL' but the  field is named
   'fileOrURLPort'
   This is technically a violation  of the coding standard,
   but permissible because the name  ends in 'Port'
Warning: pn/configuration.xml has no 'actor library.Directors'? (this is ok for dsp, viptos)
-------> Before clone
-------> after clone
1526347158378 ms. Memory: 1516544K Free: 1162284K (77%)
Setting containers of atomic entities to null
1526347159062 ms. Memory: 1677312K Free: 1501865K (90%)
 Force everything to get expanded ptolemy/configs/ptdb/configuration.xml
    (Skipping certain optional packages, jxta and viptos)
-------> Before clone
-------> after clone

Warning: In 'ptolemy.actor.lib.io.FileReader'
  The getName() method returns
   'fileOrURL' but the  field is named
   'fileOrURLPort'
   This is technically a violation  of the coding standard,
   but permissible because the name  ends in 'Port'
Skipping drop test of tm.kernel.SchedulePlotter because it must be dropped into a container that has a TMDirector
-------> Before clone
-------> after clone
1526347177728 ms. Memory: 1820672K Free: 187745K (10%)
Setting containers of atomic entities to null
1526347179294 ms. Memory: 1859584K Free: 1596492K (86%)
 Force everything to get expanded ptolemy/configs/cyphysim/configuration.xml
    (Skipping certain optional packages, jxta and viptos)
-------> Before clone
-------> after clone

Warning: In 'ptolemy.actor.lib.io.FileReader'
  The getName() method returns
   'fileOrURL' but the  field is named
   'fileOrURLPort'
   This is technically a violation  of the coding standard,
   but permissible because the name  ends in 'Port'
Skipping StateSpaceModel as this test iterates through the attributes and calls attributeChanged, which triggers a ConcurrentModificationException.  See org/ptolemy/ssm/test/SSMTest.java
Skipping StateSpaceModel as this test iterates through the attributes and calls attributeChanged, which triggers a ConcurrentModificationException.  See org/ptolemy/ssm/test/SSMTest.java
Skipping StateSpaceModel as this test iterates through the attributes and calls attributeChanged, which triggers a ConcurrentModificationException.  See org/ptolemy/ssm/test/SSMTest.java
Warning: cyphysim/configuration.xml has no 'actor library.Directors'? (this is ok for dsp, viptos)
-------> Before clone
-------> after clone
1526347195369 ms. Memory: 1866240K Free: 580008K (31%)
Setting containers of atomic entities to null
1526347197682 ms. Memory: 1866752K Free: 1539232K (82%)
 Force everything to get expanded ptolemy/configs/capecode/configuration.xml
    (Skipping certain optional packages, jxta and viptos)
JSAccessor: PT_NO_NET environment variable is set, so git pull and ptdoc are not being run.
Retrieving library from file:/home/travis/build/icyphy/ptII/org/terraswarm/accessor/accessors/web/index.json
Retrieving library from file:/home/travis/build/icyphy/ptII/org/terraswarm/accessor/accessors/web/audio/index.json
Retrieving library from file:/home/travis/build/icyphy/ptII/org/terraswarm/accessor/accessors/web/cameras/index.json
No physical cameras found, using WebcamDummyDriver.
Retrieving library from file:/home/travis/build/icyphy/ptII/org/terraswarm/accessor/accessors/web/devices/index.json
Retrieving library from file:/home/travis/build/icyphy/ptII/org/terraswarm/accessor/accessors/web/image/index.json
CharacterRecognition: The tesseract module was not present.  The CharacterRecognition accessor is not supported on this accessor host. (Thread[main,5,main])
CharacterRecognition: The tesseract module was not present.  The CharacterRecognition accessor is not supported on this accessor host. (Thread[main,5,main])
Retrieving library from file:/home/travis/build/icyphy/ptII/org/terraswarm/accessor/accessors/web/net/index.json
Retrieving library from file:/home/travis/build/icyphy/ptII/org/terraswarm/accessor/accessors/web/robotics/index.json
Retrieving library from file:/home/travis/build/icyphy/ptII/org/terraswarm/accessor/accessors/web/geodesy/index.json
Retrieving library from file:/home/travis/build/icyphy/ptII/org/terraswarm/accessor/accessors/web/services/index.json
Retrieving library from file:/home/travis/build/icyphy/ptII/org/terraswarm/accessor/accessors/web/signals/index.json
Retrieving library from file:/home/travis/build/icyphy/ptII/org/terraswarm/accessor/accessors/web/test/index.json
Retrieving library from file:/home/travis/build/icyphy/ptII/org/terraswarm/accessor/accessors/web/utilities/index.json
The Mutable accessor original file has no documentation, so we are not running jsdoc on https://accessors.org/utilities/Mutable.js
-------> Before clone
-------> after clone

Warning: In 'ptolemy.actor.lib.io.FileReader'
  The getName() method returns
   'fileOrURL' but the  field is named
   'fileOrURLPort'
   This is technically a violation  of the coding standard,
   but permissible because the name  ends in 'Port'
Skipping StateSpaceModel as this test iterates through the attributes and calls attributeChanged, which triggers a ConcurrentModificationException.  See org/ptolemy/ssm/test/SSMTest.java
Skipping StateSpaceModel as this test iterates through the attributes and calls attributeChanged, which triggers a ConcurrentModificationException.  See org/ptolemy/ssm/test/SSMTest.java
Skipping StateSpaceModel as this test iterates through the attributes and calls attributeChanged, which triggers a ConcurrentModificationException.  See org/ptolemy/ssm/test/SSMTest.java
Warning: capecode/configuration.xml has no 'actor library.Directors'? (this is ok for dsp, viptos)
-------> Before clone
-------> after clone
1526347343139 ms. Memory: 1678848K Free: 334256K (20%)
Setting containers of atomic entities to null
1526347345466 ms. Memory: 2158080K Free: 1440400K (67%)
 Force everything to get expanded ptolemy/configs/full/configuration.xml
    (Skipping certain optional packages, jxta and viptos)
Retrieving library from file:/home/travis/build/icyphy/ptII/org/terraswarm/accessor/accessors/web/index.json
Retrieving library from file:/home/travis/build/icyphy/ptII/org/terraswarm/accessor/accessors/web/audio/index.json
Retrieving library from file:/home/travis/build/icyphy/ptII/org/terraswarm/accessor/accessors/web/cameras/index.json
Retrieving library from file:/home/travis/build/icyphy/ptII/org/terraswarm/accessor/accessors/web/devices/index.json
Retrieving library from file:/home/travis/build/icyphy/ptII/org/terraswarm/accessor/accessors/web/image/index.json
CharacterRecognition: The tesseract module was not present.  The CharacterRecognition accessor is not supported on this accessor host. (Thread[main,5,main])
CharacterRecognition: The tesseract module was not present.  The CharacterRecognition accessor is not supported on this accessor host. (Thread[main,5,main])
Retrieving library from file:/home/travis/build/icyphy/ptII/org/terraswarm/accessor/accessors/web/net/index.json
Retrieving library from file:/home/travis/build/icyphy/ptII/org/terraswarm/accessor/accessors/web/robotics/index.json
Retrieving library from file:/home/travis/build/icyphy/ptII/org/terraswarm/accessor/accessors/web/geodesy/index.json
Retrieving library from file:/home/travis/build/icyphy/ptII/org/terraswarm/accessor/accessors/web/services/index.json
Retrieving library from file:/home/travis/build/icyphy/ptII/org/terraswarm/accessor/accessors/web/signals/index.json
Retrieving library from file:/home/travis/build/icyphy/ptII/org/terraswarm/accessor/accessors/web/test/index.json
Retrieving library from file:/home/travis/build/icyphy/ptII/org/terraswarm/accessor/accessors/web/utilities/index.json
The Mutable accessor original file has no documentation, so we are not running jsdoc on https://accessors.org/utilities/Mutable.js
-------> Before clone
-------> after clone

Warning: In 'ptolemy.actor.lib.io.FileReader'
  The getName() method returns
   'fileOrURL' but the  field is named
   'fileOrURLPort'
   This is technically a violation  of the coding standard,
   but permissible because the name  ends in 'Port'
Skipping StateSpaceModel as this test iterates through the attributes and calls attributeChanged, which triggers a ConcurrentModificationException.  See org/ptolemy/ssm/test/SSMTest.java
Skipping StateSpaceModel as this test iterates through the attributes and calls attributeChanged, which triggers a ConcurrentModificationException.  See org/ptolemy/ssm/test/SSMTest.java
Skipping StateSpaceModel as this test iterates through the attributes and calls attributeChanged, which triggers a ConcurrentModificationException.  See org/ptolemy/ssm/test/SSMTest.java
Skipping drop test of tm.kernel.SchedulePlotter because it must be dropped into a container that has a TMDirector
-------> Before clone
-------> after clone
1526347472147 ms. Memory: 2786816K Free: 973581K (35%)
Setting containers of atomic entities to null
1526347476508 ms. Memory: 2811392K Free: 1659899K (59%)
 Force everything to get expanded ptolemy/configs/ptinyViewer/configuration.xml
    (Skipping certain optional packages, jxta and viptos)
-------> Before clone
-------> after clone
Warning: ptinyViewer/configuration.xml has no 'actor library'?  (this is ok for ptinyViewer)
-------> Before clone
-------> after clone
1526347476538 ms. Memory: 2811392K Free: 1659899K (59%)
Setting containers of atomic entities to null
1526347479127 ms. Memory: 2811392K Free: 1677261K (60%)
 Force everything to get expanded ptolemy/configs/ptserver/configuration.xml
    (Skipping certain optional packages, jxta and viptos)
-------> Before clone
-------> after clone

Warning: In 'ptolemy.actor.lib.io.FileReader'
  The getName() method returns
   'fileOrURL' but the  field is named
   'fileOrURLPort'
   This is technically a violation  of the coding standard,
   but permissible because the name  ends in 'Port'
-------> Before clone
-------> after clone
1526347487606 ms. Memory: 2420736K Free: 645910K (27%)
Setting containers of atomic entities to null
1526347491030 ms. Memory: 2747392K Free: 1567176K (57%)
 Force everything to get expanded ptolemy/configs/visualsense/configuration.xml
    (Skipping certain optional packages, jxta and viptos)
-------> Before clone
-------> after clone

Warning: In 'ptolemy.actor.lib.io.FileReader'
  The getName() method returns
   'fileOrURL' but the  field is named
   'fileOrURLPort'
   This is technically a violation  of the coding standard,
   but permissible because the name  ends in 'Port'
-------> Before clone
-------> after clone
1526347500220 ms. Memory: 2787840K Free: 1297318K (47%)
Setting containers of atomic entities to null
1526347503556 ms. Memory: 2770944K Free: 1547829K (56%)
Skipping jxta/configuration.xml, running vergil -jxta brings up a window
 Force everything to get expanded ptolemy/configs/fullViewer/configuration.xml
    (Skipping certain optional packages, jxta and viptos)
-------> Before clone
-------> after clone
Warning: fullViewer/configuration.xml has no 'actor library'?  (this is ok for ptinyViewer)
-------> Before clone
-------> after clone
1526347503653 ms. Memory: 2770944K Free: 1501288K (54%)
Setting containers of atomic entities to null
1526347507461 ms. Memory: 2393088K Free: 1169324K (49%)
 Force everything to get expanded ptolemy/configs/hyvisual/configuration.xml
    (Skipping certain optional packages, jxta and viptos)
-------> Before clone
-------> after clone
-------> Before clone
-------> after clone
1526347511512 ms. Memory: 2779136K Free: 1472531K (53%)
Setting containers of atomic entities to null
1526347514795 ms. Memory: 2764800K Free: 1516544K (55%)
 Force everything to get expanded ptolemy/configs/ptinyKepler/configuration.xml
    (Skipping certain optional packages, jxta and viptos)
-------> Before clone
-------> after clone

Warning: In 'ptolemy.actor.lib.io.FileReader'
  The getName() method returns
   'fileOrURL' but the  field is named
   'fileOrURLPort'
   This is technically a violation  of the coding standard,
   but permissible because the name  ends in 'Port'
-------> Before clone
-------> after clone
1526347523092 ms. Memory: 2757632K Free: 1348846K (49%)
Setting containers of atomic entities to null
1526347526627 ms. Memory: 2578432K Free: 1287728K (50%)
allConfigs.tcl done!
/home/travis/build/icyphy/ptII/ptolemy/configs/test/allDemos.tcl
Skipping allDemos-1.0, use cd /home/travis/build/icyphy/ptII/ptolemy/configs/test/../../..; ant test.single -Dtest.name=ptolemy.vergil.basic.export.test.junit.ExportModelJUnitTest
/home/travis/build/icyphy/ptII/ptolemy/configs/test/checkFullConstraints.tcl
FIXME FIXME FIXME FIXME FIXME FIXME
ptolemy/configs/test/checkFullConstraints.tcl: FIXME: Invoking Configuration.check() 
results in a memory leak that consumes
more than 4gig of memory and causes problems under Travis.
so, we check the constraints only of the full configuration.
FIXME FIXME FIXME FIXME FIXME FIXME
 Force everything to get expanded ptolemy/configs/configurationFile
    (Skipping certain optional packages, jxta and viptos)
Retrieving library from file:/home/travis/build/icyphy/ptII/org/terraswarm/accessor/accessors/web/index.json
Retrieving library from file:/home/travis/build/icyphy/ptII/org/terraswarm/accessor/accessors/web/audio/index.json
Retrieving library from file:/home/travis/build/icyphy/ptII/org/terraswarm/accessor/accessors/web/cameras/index.json
Retrieving library from file:/home/travis/build/icyphy/ptII/org/terraswarm/accessor/accessors/web/devices/index.json
Retrieving library from file:/home/travis/build/icyphy/ptII/org/terraswarm/accessor/accessors/web/image/index.json
CharacterRecognition: The tesseract module was not present.  The CharacterRecognition accessor is not supported on this accessor host. (Thread[main,5,main])
CharacterRecognition: The tesseract module was not present.  The CharacterRecognition accessor is not supported on this accessor host. (Thread[main,5,main])
Retrieving library from file:/home/travis/build/icyphy/ptII/org/terraswarm/accessor/accessors/web/net/index.json
Retrieving library from file:/home/travis/build/icyphy/ptII/org/terraswarm/accessor/accessors/web/robotics/index.json
Retrieving library from file:/home/travis/build/icyphy/ptII/org/terraswarm/accessor/accessors/web/geodesy/index.json
Retrieving library from file:/home/travis/build/icyphy/ptII/org/terraswarm/accessor/accessors/web/services/index.json
Retrieving library from file:/home/travis/build/icyphy/ptII/org/terraswarm/accessor/accessors/web/signals/index.json
Retrieving library from file:/home/travis/build/icyphy/ptII/org/terraswarm/accessor/accessors/web/test/index.json
Retrieving library from file:/home/travis/build/icyphy/ptII/org/terraswarm/accessor/accessors/web/utilities/index.json
The Mutable accessor original file has no documentation, so we are not running jsdoc on https://accessors.org/utilities/Mutable.js
Retrieving library from file:/home/travis/build/icyphy/ptII/org/terraswarm/accessor/accessors/web/index.json
Retrieving library from file:/home/travis/build/icyphy/ptII/org/terraswarm/accessor/accessors/web/audio/index.json
Retrieving library from file:/home/travis/build/icyphy/ptII/org/terraswarm/accessor/accessors/web/cameras/index.json
Retrieving library from file:/home/travis/build/icyphy/ptII/org/terraswarm/accessor/accessors/web/devices/index.json
Retrieving library from file:/home/travis/build/icyphy/ptII/org/terraswarm/accessor/accessors/web/image/index.json
CharacterRecognition: The tesseract module was not present.  The CharacterRecognition accessor is not supported on this accessor host. (Thread[main,5,main])
CharacterRecognition: The tesseract module was not present.  The CharacterRecognition accessor is not supported on this accessor host. (Thread[main,5,main])
Retrieving library from file:/home/travis/build/icyphy/ptII/org/terraswarm/accessor/accessors/web/net/index.json
Retrieving library from file:/home/travis/build/icyphy/ptII/org/terraswarm/accessor/accessors/web/robotics/index.json
Retrieving library from file:/home/travis/build/icyphy/ptII/org/terraswarm/accessor/accessors/web/geodesy/index.json
Retrieving library from file:/home/travis/build/icyphy/ptII/org/terraswarm/accessor/accessors/web/services/index.json
Retrieving library from file:/home/travis/build/icyphy/ptII/org/terraswarm/accessor/accessors/web/signals/index.json
Retrieving library from file:/home/travis/build/icyphy/ptII/org/terraswarm/accessor/accessors/web/test/index.json
Retrieving library from file:/home/travis/build/icyphy/ptII/org/terraswarm/accessor/accessors/web/utilities/index.json
The Mutable accessor original file has no documentation, so we are not running jsdoc on https://accessors.org/utilities/Mutable.js
Retrieving library from file:/home/travis/build/icyphy/ptII/org/terraswarm/accessor/accessors/web/index.json
Retrieving library from file:/home/travis/build/icyphy/ptII/org/terraswarm/accessor/accessors/web/audio/index.json
Retrieving library from file:/home/travis/build/icyphy/ptII/org/terraswarm/accessor/accessors/web/cameras/index.json
Retrieving library from file:/home/travis/build/icyphy/ptII/org/terraswarm/accessor/accessors/web/devices/index.json
Retrieving library from file:/home/travis/build/icyphy/ptII/org/terraswarm/accessor/accessors/web/image/index.json
CharacterRecognition: The tesseract module was not present.  The CharacterRecognition accessor is not supported on this accessor host. (Thread[main,5,main])
CharacterRecognition: The tesseract module was not present.  The CharacterRecognition accessor is not supported on this accessor host. (Thread[main,5,main])
Retrieving library from file:/home/travis/build/icyphy/ptII/org/terraswarm/accessor/accessors/web/net/index.json
Retrieving library from file:/home/travis/build/icyphy/ptII/org/terraswarm/accessor/accessors/web/robotics/index.json
Retrieving library from file:/home/travis/build/icyphy/ptII/org/terraswarm/accessor/accessors/web/geodesy/index.json
Retrieving library from file:/home/travis/build/icyphy/ptII/org/terraswarm/accessor/accessors/web/services/index.json
Retrieving library from file:/home/travis/build/icyphy/ptII/org/terraswarm/accessor/accessors/web/signals/index.json
Retrieving library from file:/home/travis/build/icyphy/ptII/org/terraswarm/accessor/accessors/web/test/index.json
Retrieving library from file:/home/travis/build/icyphy/ptII/org/terraswarm/accessor/accessors/web/utilities/index.json
The Mutable accessor original file has no documentation, so we are not running jsdoc on https://accessors.org/utilities/Mutable.js
####################################################################################################################################################################################################################################################################################################################################################Retrieving library from file:/home/travis/build/icyphy/ptII/org/terraswarm/accessor/accessors/web/index.json
Retrieving library from file:/home/travis/build/icyphy/ptII/org/terraswarm/accessor/accessors/web/audio/index.json
###Retrieving library from file:/home/travis/build/icyphy/ptII/org/terraswarm/accessor/accessors/web/cameras/index.json
##Retrieving library from file:/home/travis/build/icyphy/ptII/org/terraswarm/accessor/accessors/web/devices/index.json
#######Retrieving library from file:/home/travis/build/icyphy/ptII/org/terraswarm/accessor/accessors/web/image/index.json
CharacterRecognition: The tesseract module was not present.  The CharacterRecognition accessor is not supported on this accessor host. (Thread[main,5,main])
CharacterRecognition: The tesseract module was not present.  The CharacterRecognition accessor is not supported on this accessor host. (Thread[main,5,main])
########Retrieving library from file:/home/travis/build/icyphy/ptII/org/terraswarm/accessor/accessors/web/net/index.json
#####################Retrieving library from file:/home/travis/build/icyphy/ptII/org/terraswarm/accessor/accessors/web/robotics/index.json
######Retrieving library from file:/home/travis/build/icyphy/ptII/org/terraswarm/accessor/accessors/web/geodesy/index.json
###Retrieving library from file:/home/travis/build/icyphy/ptII/org/terraswarm/accessor/accessors/web/services/index.json
##########Retrieving library from file:/home/travis/build/icyphy/ptII/org/terraswarm/accessor/accessors/web/signals/index.json
#Retrieving library from file:/home/travis/build/icyphy/ptII/org/terraswarm/accessor/accessors/web/test/index.json
################Retrieving library from file:/home/travis/build/icyphy/ptII/org/terraswarm/accessor/accessors/web/utilities/index.json
The Mutable accessor original file has no documentation, so we are not running jsdoc on https://accessors.org/utilities/Mutable.js
#########################################################################################################################################################################################################################################################################################################################################---- Second call to Configuration.check
#################################################################################################################################################################################################################################################################################################################################################################CharacterRecognition: The tesseract module was not present.  The CharacterRecognition accessor is not supported on this accessor host. (Thread[main,5,main])
#########################################################################################################################################################################################################################################################################################################################################################################################################1526347950338 ms. Memory: 4678144K Free: 1624216K (35%)
Setting containers of atomic entities to null
checkFullConstraints.tcl done!
/home/travis/build/icyphy/ptII/ptolemy/configs/test/cloneTest.tcl
Simple standalone clone test
The constraints of the master:
  1. (TypeConstant, arrayType(double,2)) <= (variable .Top.Map.origin: arrayType(double))
  2. (TypeConstant, double) <= (variable .Top.Map.resolution: double)
  3. (TypeConstant, {grid = arrayType(int,2), height = int, width = int}) <= (variable .Top.Map.map: {grid = arrayType(int), height = int, width = int})
  4. (port .Top.Map.map: unknown) <= (variable .Top.Map.map: {grid = arrayType(int), height = int, width = int})
  5. (variable .Top.Map.map: {grid = arrayType(int), height = int, width = int}) <= (port .Top.Map.map: unknown)
The constraints of the clone:
  1. (TypeConstant, arrayType(double,2)) <= (variable .Top.Map.origin: arrayType(double))
  2. (TypeConstant, double) <= (variable .Top.Map.resolution: double)
  3. (TypeConstant, {grid = arrayType(int,2), height = int, width = int}) <= (variable .Top.Map.map: {grid = arrayType(int), height = int, width = int})
  4. (port .Top.Map.map: unknown) <= (variable .Top.Map.map: {grid = arrayType(int), height = int, width = int})
  5. (variable .Top.Map.map: {grid = arrayType(int), height = int, width = int}) <= (port .Top.Map.map: unknown)
Congrats, the constraints are the same.
/home/travis/build/icyphy/ptII/ptolemy/configs/test/configTest.tcl
Checking file:/home/travis/build/icyphy/ptII/ptolemy/configs/ptdb/configuration.xml
Expanding the configuration
Done expanding
###############################################################################################################################################################################################################################################################################################################################################################################################################################################################################################################################
<?xml version="1.0" standalone="no"?>
<!DOCTYPE entity PUBLIC "-//UC Berkeley//DTD MoML 1//EN"
    "http://ptolemy.eecs.berkeley.edu/xml/dtd/MoML_1.dtd">
<entity name="configuration" class="ptolemy.actor.gui.Configuration">
    <property name="_createdBy" class="ptolemy.kernel.attributes.VersionAttribute" value="11.0.devel">
    </property>
    <property name="_classesToRemove" class="ptolemy.data.expr.Parameter" value="{&quot;ptolemy.codegen.kernel.StaticSchedulingCodeGenerator&quot;,&quot;ptolemy.codegen.c.kernel.CCodeGenerator&quot;}">
        <doc>An array of Strings, where each element names a class&#10;      to removed by the MoMLFilter.</doc>
    </property>
    <doc>Configuration for ptdb.</doc>
    <property name="_actorInteractionAddon" class="ptolemy.data.expr.StringParameter" value="ptdb.gui.DBReferenceActorInteractionAddon">
    </property>
    <property name="_about" class="ptolemy.data.expr.FileParameter" value="$CLASSPATH/ptolemy/configs/ptiny/intro.htm">
    </property>
    <property name="_help" class="ptolemy.data.expr.FileParameter" value="$CLASSPATH/ptolemy/configs/doc/docsPtiny.htm">
    </property>
    <property name="tableauFactory" class="ptolemy.actor.gui.TableauFactory">
        <property name="factoryModal" class="ptolemy.actor.gui.PtolemyTableauFactory">
            <property name="FSM Editor" class="ptolemy.vergil.modal.FSMGraphTableau$Factory">
                <property name="_library" class="ptolemy.moml.LibraryAttribute">
                    <configure>
    <entity name="StateLibrary" class="ptolemy.kernel.CompositeEntity"><input source="ptolemy/configs/basicUtilities.xml"></input><entity name="State" class="ptolemy.domains.modal.kernel.State"><property name="_centerName" class="ptolemy.kernel.util.Attribute"></property></entity></entity>
  </configure>
                </property>
            </property>
            <property name="Run Window" class="ptolemy.actor.gui.RunTableau$TopFactory">
            </property>
            <property name="Tree View" class="ptolemy.vergil.tree.TreeTableau$Factory">
            </property>
            <property name="XML view" class="ptolemy.actor.gui.TextEditorTableau$Factory">
                <property name="syntaxStyle" class="ptolemy.kernel.util.StringAttribute" value="text/xml">
                </property>
            </property>
        </property>
        <property name="factory2" class="ptolemy.actor.gui.PtolemyTableauFactory">
            <property name="Graph Editor" class="ptdb.gui.ActorGraphDBTableau$Factory">
                <property name="gtlibrary" class="ptolemy.moml.LibraryAttribute">
                    <configure>
		        <entity name="gtLibrary" class="ptolemy.kernel.CompositeEntity"><input source="ptolemy/configs/ptdb/searchFrameLibrary.xml"></input></entity>
		      </configure>
                </property>
            </property>
            <property name="Run Window" class="ptolemy.actor.gui.RunTableau$Factory">
            </property>
            <property name="JVM Properties" class="ptolemy.actor.gui.JVMTableau$Factory">
            </property>
        </property>
        <property name="Doc Viewer" class="ptolemy.vergil.actor.DocTableau$Factory">
            <property name="DocML view" class="ptolemy.actor.gui.TextEditorTableau$Factory">
                <property name="syntaxStyle" class="ptolemy.kernel.util.StringAttribute" value="text/xml">
                </property>
            </property>
        </property>
        <property name="Image viewer" class="ptolemy.actor.lib.image.ImageTableau$Factory">
        </property>
        <property name="HTML Viewer" class="ptolemy.actor.gui.HTMLViewerTableau$Factory">
            <property name="Source" class="ptolemy.actor.gui.TextEditorTableau$Factory">
                <property name="syntaxStyle" class="ptolemy.kernel.util.StringAttribute" value="text/html">
                </property>
            </property>
        </property>
        <property name="Web Browser" class="ptolemy.actor.gui.BrowserTableau$Factory">
        </property>
        <property name="Plotter" class="ptolemy.actor.gui.PlotTableau$Factory">
            <property name="PlotML view" class="ptolemy.actor.gui.TextEditorTableau$Factory">
                <property name="syntaxStyle" class="ptolemy.kernel.util.StringAttribute" value="text/xml">
                </property>
            </property>
        </property>
        <property name="Matrix viewer" class="ptolemy.actor.gui.MatrixTokenTableau$Factory">
        </property>
        <property name="Token viewer" class="ptolemy.actor.gui.TokenTableau$Factory">
        </property>
        <property name="Expression Evaluator" class="ptolemy.actor.gui.ExpressionShellTableau$Factory">
        </property>
        <property name="Text Editor" class="ptolemy.actor.gui.TextEditorTableau$Factory">
        </property>
    </property>
    <entity name="directory" class="ptolemy.actor.gui.ModelDirectory">
    </entity>
    <entity name="_stateRefinements" class="ptolemy.kernel.CompositeEntity">
        <entity name="Default Refinement" class="ptolemy.domains.modal.modal.Refinement">
            <property name="SDF Director" class="ptolemy.domains.sdf.kernel.SDFDirector">
                <property name="iterations" class="ptolemy.data.expr.Parameter" value="0">
                </property>
                <property name="_location" class="ptolemy.kernel.util.Location" value="65.0, 35.0">
                </property>
            </property>
        </entity>
        <entity name="State Machine Refinement" class="ptolemy.domains.modal.modal.ModalRefinement">
            <property name="_tableauFactory" class="ptolemy.vergil.modal.modal.ModalTableauFactory">
            </property>
            <entity name="_Controller" class="ptolemy.domains.modal.modal.ModalController">
                <property name="_library" class="ptolemy.moml.LibraryAttribute">
                    <configure>
            <entity name="state library" class="ptolemy.kernel.CompositeEntity">
              <input source="ptolemy/configs/basicUtilities.xml"></input>
              <entity name="state" class="ptolemy.domains.modal.kernel.State">
                <property name="_controllerFactory" class="ptolemy.vergil.modal.modal.HierarchicalStateControllerFactory"></property>
              </entity>
            </entity>
          </configure>
                </property>
            </entity>
        </entity>
    </entity>
    <entity name="_transitionRefinements" class="ptolemy.kernel.CompositeEntity">
        <entity name="Default Refinement" class="ptolemy.domains.modal.modal.Refinement">
            <property name="SDF Director" class="ptolemy.domains.sdf.kernel.SDFDirector">
                <property name="iterations" class="ptolemy.data.expr.Parameter" value="0">
                </property>
                <property name="_location" class="ptolemy.kernel.util.Location" value="65.0, 35.0">
                </property>
            </property>
        </entity>
    </entity>
    <entity name="effigyFactory" class="ptolemy.actor.gui.EffigyFactory">
        <entity name="Graph Editor" class="ptolemy.actor.gui.PtolemyEffigy$Factory">
            <entity name="blank" class="ptolemy.actor.TypedCompositeActor">
            </entity>
        </entity>
        <entity name="Icon Editor" class="ptolemy.actor.gui.PtolemyEffigy$Factory">
            <property name="blank" class="ptolemy.vergil.icon.EditorIcon">
            </property>
        </entity>
        <entity name="FSM Editor" class="ptolemy.actor.gui.PtolemyEffigy$Factory">
            <entity name="blank" class="ptolemy.domains.modal.kernel.FSMActor">
                <property name="_library" class="ptolemy.moml.LibraryAttribute">
                    <configure>
    <entity name="StateLibrary" class="ptolemy.kernel.CompositeEntity"><input source="ptolemy/configs/basicUtilities.xml"></input><entity name="State" class="ptolemy.domains.modal.kernel.State"><property name="_centerName" class="ptolemy.kernel.util.Attribute"></property></entity></entity>
  </configure>
                </property>
                <property name="annotation" class="ptolemy.kernel.util.Attribute">
                    <property name="_hideName" class="ptolemy.kernel.util.SingletonAttribute">
                    </property>
                    <property name="_iconDescription" class="ptolemy.kernel.util.SingletonConfigurableAttribute">
                        <configure><svg><text x="20" y="20" style="font-size:14; font-family:SansSerif; fill:blue">Create a state machine here.  Create transitions by holding 
by holding the (Mac: command key, Windows: control key)
and dragging from  one state to another.
Right click to configure the properties
of this model, including setting the final state(s).
Then delete this annotation.</text>
    </svg></configure>
                    </property>
                    <property name="_location" class="ptolemy.kernel.util.Location" value="120.0, 5.0">
                    </property>
                    <property name="_controllerFactory" class="ptolemy.vergil.basic.NodeControllerFactory">
                    </property>
                    <property name="_editorFactory" class="ptolemy.vergil.toolbox.AnnotationEditorFactory">
                    </property>
                </property>
            </entity>
        </entity>
        <entity name="Modal Model" class="ptolemy.actor.gui.PtolemyEffigy$Factory">
            <entity name="blank" class="ptolemy.domains.modal.modal.ModalModel">
                <property name="_tableauFactory" class="ptolemy.vergil.modal.modal.ModalTableauFactory">
                </property>
                <entity name="_Controller" class="ptolemy.domains.modal.modal.ModalController">
                    <property name="annotation" class="ptolemy.kernel.util.Attribute">
                        <property name="_hideName" class="ptolemy.kernel.util.SingletonAttribute">
                        </property>
                        <property name="_iconDescription" class="ptolemy.kernel.util.SingletonConfigurableAttribute">
                            <configure><svg><text x="20" y="20" style="font-size:14; font-family:SansSerif; fill:blue">Create a state machine here (and ports, if needed) and
create refinements for the states.  Create transitions
by holding the (Mac: command key, Windows: control key)
and dragging from one state to another.  
Right click to configure the properties 
of this model, including setting the final state(s).
Then delete this annotation.</text>
    </svg></configure>
                        </property>
                        <property name="_location" class="ptolemy.kernel.util.Location" value="120.0, 5.0">
                        </property>
                        <property name="_controllerFactory" class="ptolemy.vergil.basic.NodeControllerFactory">
                        </property>
                        <property name="_editorFactory" class="ptolemy.vergil.toolbox.AnnotationEditorFactory">
                        </property>
                    </property>
                    <property name="_library" class="ptolemy.moml.LibraryAttribute">
                        <configure>
      <entity name="state library" class="ptolemy.kernel.CompositeEntity"><input source="ptolemy/configs/basicUtilities.xml"></input><entity name="state" class="ptolemy.domains.modal.kernel.State"><property name="_centerName" class="ptolemy.kernel.util.Attribute"></property><property name="_controllerFactory" class="ptolemy.vergil.modal.modal.HierarchicalStateControllerFactory"></property></entity></entity>
    </configure>
                    </property>
                </entity>
            </entity>
        </entity>
        <entity name="Image viewer" class="ptolemy.actor.gui.ImageTokenEffigy$Factory">
        </entity>
        <entity name="HTML Viewer" class="ptolemy.actor.gui.HTMLEffigyFactory">
        </entity>
        <entity name="Web Browser" class="ptolemy.actor.gui.BrowserEffigy$Factory">
        </entity>
        <entity name="DocViewer" class="ptolemy.vergil.actor.DocEffigy$Factory">
        </entity>
        <entity name="Plotter" class="ptolemy.actor.gui.PlotEffigy$Factory">
        </entity>
        <entity name="Token viewer" class="ptolemy.actor.gui.TokenEffigy$Factory">
        </entity>
        <entity name="Text Editor" class="ptolemy.actor.gui.TextEffigy$Factory">
        </entity>
        <entity name="Expression Evaluator" class="ptolemy.actor.gui.ExpressionShellEffigy$ShellFactory">
        </entity>
    </entity>
    <entity name="actor library" class="ptolemy.kernel.CompositeEntity">
        <property name="_libraryMarker" class="ptolemy.kernel.util.SingletonAttribute">
        </property>
        <entity name="Utilities" class="ptolemy.moml.EntityLibrary">
            <configure>
                <group>
                    <property name="DocViewerAttribute" class="ptolemy.kernel.util.SingletonAttribute">
                        <property name="DocAttribute" class="ptolemy.vergil.basic.DocAttribute">
                            <property name="description" class="ptolemy.kernel.util.StringAttribute" value="To edit the documentation that appears&#10;when the user double clicks on this icon,&#10;right click on the _background_ of the model and select&#10;Documentation-&gt;Customize Documentation.&#10;The description you are currently editing&#10;will not appear when the user double clicks on the Documentation icon.">
                            </property>
                        </property>
                        <property name="viewer" class="ptolemy.vergil.basic.DocViewerFactory">
                        </property>
                        <property name="_hideName" class="ptolemy.kernel.util.SingletonAttribute">
                        </property>
                        <property name="_iconDescription" class="ptolemy.kernel.util.SingletonConfigurableAttribute">
                            <configure>
      <svg>
        <rect x="-50" y="-20" width="100" height="20" style="fill:yellow"></rect>
        <text x="-40" y="-5" style="font-size:12; font-family:SansSerif; fill:black">Documentation</text>
      </svg>
    </configure>
                        </property>
                    </property>
                    <property name="LocalPreferences" class="ptolemy.actor.gui.PtolemyPreferences">
                    </property>
                    <property name="RepaintController" class="ptolemy.actor.gui.ModelRepaintController">
                    </property>
                    <class name="CompositeClassDefinition" extends="ptolemy.actor.TypedCompositeActor">
                    </class>
                    <entity name="CompositeActor" class="ptolemy.actor.TypedCompositeActor">
                    </entity>
                    <entity name="ModalModel" class="ptolemy.domains.modal.modal.ModalModel">
                        <property name="_tableauFactory" class="ptolemy.vergil.modal.modal.ModalTableauFactory">
                        </property>
                        <entity name="_Controller" class="ptolemy.domains.modal.modal.ModalController">
                            <property name="annotation" class="ptolemy.kernel.util.Attribute">
                                <property name="_hideName" class="ptolemy.kernel.util.SingletonAttribute">
                                </property>
                                <property name="_iconDescription" class="ptolemy.kernel.util.SingletonConfigurableAttribute">
                                    <configure><svg><text x="20" y="20" style="font-size:14; font-family:SansSerif; fill:blue">Create a state machine here (and ports, if needed) and
create refinements for the states.  Create transitions
by holding the (Mac: command key, Windows: control key)
and dragging from one state to another.  
Right click to configure the properties 
of this model, including setting the final state(s).
Then delete this annotation.</text>
    </svg></configure>
                                </property>
                                <property name="_location" class="ptolemy.kernel.util.Location" value="120.0, 5.0">
                                </property>
                                <property name="_controllerFactory" class="ptolemy.vergil.basic.NodeControllerFactory">
                                </property>
                                <property name="_editorFactory" class="ptolemy.vergil.toolbox.AnnotationEditorFactory">
                                </property>
                            </property>
                            <property name="_library" class="ptolemy.moml.LibraryAttribute">
                                <configure>
      <entity name="state library" class="ptolemy.kernel.CompositeEntity"><input source="ptolemy/configs/basicUtilities.xml"></input><entity name="state" class="ptolemy.domains.modal.kernel.State"><property name="_centerName" class="ptolemy.kernel.util.Attribute"></property><property name="_controllerFactory" class="ptolemy.vergil.modal.modal.HierarchicalStateControllerFactory"></property></entity></entity>
    </configure>
                            </property>
                        </entity>
                    </entity>
                    <entity name="Decorative" class="ptolemy.moml.EntityLibrary">
                        <configure>
                            <group>
                                <doc>Decortative attributes</doc>
                                <property name="ModelID" class="ptolemy.vergil.kernel.attributes.IDAttribute">
                                    <property name="created" class="ptolemy.kernel.util.StringAttribute" value="May 15, 2018 1:32:30 AM">
                                    </property>
                                    <property name="lastUpdated" class="ptolemy.kernel.util.StringAttribute" value="May 15, 2018 1:32:30 AM">
                                    </property>
                                    <property name="author" class="ptolemy.kernel.util.StringAttribute" value="travis">
                                    </property>
                                </property>
                                <property name="Annotation" class="ptolemy.vergil.kernel.attributes.TextAttribute">
                                    <property name="textColor" class="ptolemy.actor.gui.ColorAttribute" value="{0.0, 0.0, 0.0, 1.0}">
                                    </property>
                                </property>
                                <property name="Line" class="ptolemy.vergil.kernel.attributes.LineAttribute">
                                </property>
                                <property name="Arrow" class="ptolemy.vergil.kernel.attributes.ArrowAttribute">
                                </property>
                                <property name="Rectangle" class="ptolemy.vergil.kernel.attributes.RectangleAttribute">
                                    <property name="centered" class="ptolemy.data.expr.Parameter" value="true">
                                    </property>
                                </property>
                                <property name="Polygon" class="ptolemy.vergil.kernel.attributes.ResizablePolygonAttribute">
                                    <property name="centered" class="ptolemy.data.expr.Parameter" value="true">
                                    </property>
                                </property>
                                <property name="Ellipse" class="ptolemy.vergil.kernel.attributes.EllipseAttribute">
                                </property>
                                <property name="Arc" class="ptolemy.vergil.kernel.attributes.ArcAttribute">
                                </property>
                                <property name="Image" class="ptolemy.vergil.kernel.attributes.ImageAttribute">
                                </property>
                                <property name="_shadowColor" class="ptolemy.actor.gui.ColorAttribute">
                                    <display name="ShadowColor"/>
                                    <property name="_hideName" class="ptolemy.kernel.util.SingletonAttribute">
                                    </property>
                                    <property name="_icon" class="ptolemy.vergil.icon.ValueIcon">
                                        <property name="_color" class="ptolemy.actor.gui.ColorAttribute" value="{1.0, 0.0, 1.0, 1.0}">
                                        </property>
                                    </property>
                                    <property name="_smallIconDescription" class="ptolemy.kernel.util.SingletonConfigurableAttribute">
                                        <configure>
      <svg>
        <rect x="0" y="0" width="10" height="10" style="fill:#111111"></rect>
        <rect x="-4" y="-4" width="10" height="10" style="fill:#FFFFFF"></rect>
      </svg>
    </configure>
                                    </property>
                                    <property name="_editorFactory" class="ptolemy.vergil.toolbox.VisibleParameterEditorFactory">
                                    </property>
                                </property>
                                <property name="NameIcon" class="ptolemy.vergil.icon.NameIcon">
                                </property>
                                <property name="_hideName" class="ptolemy.data.expr.SingletonParameter" value="true">
                                </property>
                            </group>
                        </configure>
                    </entity>
                    <entity name="Parameters" class="ptolemy.moml.EntityLibrary">
                        <configure>
                            <group>
                                <doc>Parameters</doc>
                                <property name="Parameter" class="ptolemy.data.expr.Parameter">
                                    <property name="_hideName" class="ptolemy.kernel.util.SingletonAttribute">
                                    </property>
                                    <property name="_icon" class="ptolemy.vergil.icon.ValueIcon">
                                        <property name="_color" class="ptolemy.actor.gui.ColorAttribute" value="{0.0, 0.0, 1.0, 1.0}">
                                        </property>
                                    </property>
                                    <property name="_smallIconDescription" class="ptolemy.kernel.util.SingletonConfigurableAttribute">
                                        <configure>
      <svg>
        <text x="20" style="font-size:14; font-family:SansSerif; fill:blue" y="20">-P-</text>
      </svg>
    </configure>
                                    </property>
                                    <property name="_editorFactory" class="ptolemy.vergil.toolbox.VisibleParameterEditorFactory">
                                    </property>
                                </property>
                                <property name="StringParameter" class="ptolemy.data.expr.StringParameter" value="">
                                    <property name="_hideName" class="ptolemy.kernel.util.SingletonAttribute">
                                    </property>
                                    <property name="_icon" class="ptolemy.vergil.icon.ValueIcon">
                                        <property name="_color" class="ptolemy.actor.gui.ColorAttribute" value="{1.0, 0.0, 0.0, 1.0}">
                                        </property>
                                    </property>
                                    <property name="_smallIconDescription" class="ptolemy.kernel.util.SingletonConfigurableAttribute">
                                        <configure>
      <svg>
        <text x="20" style="font-size:14; font-family:SansSerif; fill:red" y="20">-S-</text>
      </svg>
    </configure>
                                    </property>
                                    <property name="_editorFactory" class="ptolemy.vergil.toolbox.VisibleParameterEditorFactory">
                                    </property>
                                </property>
                                <property name="ChoiceStringParameter" class="ptolemy.data.expr.ChoiceStringParameter" value="">
                                    <property name="_hideName" class="ptolemy.kernel.util.SingletonAttribute">
                                    </property>
                                    <property name="_icon" class="ptolemy.vergil.icon.ValueIcon">
                                        <property name="_color" class="ptolemy.actor.gui.ColorAttribute" value="{1.0, 0.0, 0.0, 1.0}">
                                        </property>
                                    </property>
                                    <property name="_smallIconDescription" class="ptolemy.kernel.util.SingletonConfigurableAttribute">
                                        <configure>
      <svg>
        <text x="20" style="font-size:14; font-family:SansSerif; fill:red" y="20">-S-</text>
      </svg>
    </configure>
                                    </property>
                                    <property name="_editorFactory" class="ptolemy.vergil.toolbox.VisibleParameterEditorFactory">
                                    </property>
                                </property>
                                <property name="FileParameter" class="ptolemy.data.expr.FileParameter" value="">
                                    <property name="_hideName" class="ptolemy.kernel.util.SingletonAttribute">
                                    </property>
                                    <property name="_icon" class="ptolemy.vergil.icon.ValueIcon">
                                        <property name="_color" class="ptolemy.actor.gui.ColorAttribute" value="{0.0, 1.0, 0.0, 1.0}">
                                        </property>
                                    </property>
                                    <property name="_smallIconDescription" class="ptolemy.kernel.util.SingletonConfigurableAttribute">
                                        <configure>
      <svg>
        <text x="20" style="font-size:14; font-family:SansSerif; fill:#00BB00" y="20">-F-</text>
      </svg>
    </configure>
                                    </property>
                                    <property name="_editorFactory" class="ptolemy.vergil.toolbox.VisibleParameterEditorFactory">
                                    </property>
                                </property>
                                <property name="ColorAttribute" class="ptolemy.actor.gui.ColorAttribute">
                                    <property name="_hideName" class="ptolemy.kernel.util.SingletonAttribute">
                                    </property>
                                    <property name="_icon" class="ptolemy.vergil.icon.ValueIcon">
                                        <property name="_color" class="ptolemy.actor.gui.ColorAttribute" value="{1.0, 0.0, 1.0, 1.0}">
                                        </property>
                                    </property>
                                    <property name="_smallIconDescription" class="ptolemy.kernel.util.SingletonConfigurableAttribute">
                                        <configure>
      <svg>
        <text x="20" style="font-size:14; font-family:SansSerif; fill:#BB00BB" y="20">-C-</text>
      </svg>
    </configure>
                                    </property>
                                    <property name="_editorFactory" class="ptolemy.vergil.toolbox.VisibleParameterEditorFactory">
                                    </property>
                                </property>
                                <property name="IntRangeParameter" class="ptolemy.actor.parameters.IntRangeParameter" value="50">
                                </property>
                                <property name="SharedParameter" class="ptolemy.actor.parameters.SharedParameter">
                                    <property name="_hideName" class="ptolemy.kernel.util.SingletonAttribute">
                                    </property>
                                    <property name="_icon" class="ptolemy.vergil.icon.ValueIcon">
                                        <property name="_color" class="ptolemy.actor.gui.ColorAttribute" value="{1.0, 0.0, 0.0, 1.0}">
                                        </property>
                                    </property>
                                    <property name="_smallIconDescription" class="ptolemy.kernel.util.SingletonConfigurableAttribute">
                                        <configure>
      <svg>
        <text x="22" style="font-size:14; font-family:SansSerif; fill:grey" y="22">-S-</text>
        <text x="20" style="font-size:14; font-family:SansSerif; fill:red" y="20">-S-</text>
      </svg>
    </configure>
                                    </property>
                                    <property name="_editorFactory" class="ptolemy.vergil.toolbox.VisibleParameterEditorFactory">
                                    </property>
                                </property>
                                <property name="PortParameter" class="ptolemy.actor.parameters.PortParameter">
                                    <property name="_hideName" class="ptolemy.kernel.util.SingletonAttribute">
                                    </property>
                                    <property name="_icon" class="ptolemy.vergil.icon.ValueIcon">
                                    </property>
                                    <property name="_iconDescription" class="ptolemy.kernel.util.SingletonConfigurableAttribute">
                                        <configure>
      <svg>
	<polyline points="-15,-15, -3,-5, -16,5" style="stroke:black"></polyline>
	<polygon points="-22,-1, -22,4, -10,-5, -22,-14, -22,-9, -30,-9, -30, -1" style="fill:lightGray"></polygon>
      </svg>
    </configure>
                                    </property>
                                    <property name="_smallIconDescription" class="ptolemy.kernel.util.SingletonConfigurableAttribute">
                                        <configure>
      <svg>
        <text x="20" style="font-size:14; font-family:SansSerif; fill:black" y="20">-P-</text>
      </svg>
    </configure>
                                    </property>
                                    <property name="_editorFactory" class="ptolemy.vergil.toolbox.VisibleParameterEditorFactory">
                                    </property>
                                </property>
                                <property name="FilePortParameter" class="ptolemy.actor.parameters.FilePortParameter" value="">
                                    <property name="_hideName" class="ptolemy.kernel.util.SingletonAttribute">
                                    </property>
                                    <property name="_icon" class="ptolemy.vergil.icon.ValueIcon">
                                    </property>
                                    <property name="_iconDescription" class="ptolemy.kernel.util.SingletonConfigurableAttribute">
                                        <configure>
      <svg>
	<polyline points="-15,-15, -3,-5, -16,5" style="stroke:black"></polyline>
	<polygon points="-22,-1, -22,4, -10,-5, -22,-14, -22,-9, -30,-9, -30, -1" style="fill:green"></polygon>
      </svg>
    </configure>
                                    </property>
                                    <property name="_smallIconDescription" class="ptolemy.kernel.util.SingletonConfigurableAttribute">
                                        <configure>
      <svg>
        <text x="20" style="font-size:14; font-family:SansSerif; fill:#00BB00" y="20">-P-</text>
      </svg>
    </configure>
                                    </property>
                                    <property name="_editorFactory" class="ptolemy.vergil.toolbox.VisibleParameterEditorFactory">
                                    </property>
                                </property>
                                <property name="LiveLink" class="ptolemy.actor.gui.LiveLink" value="http://ptolemy.org#in_browser">
                                    <property name="_hideName" class="ptolemy.kernel.util.SingletonAttribute">
                                    </property>
                                    <property name="_icon" class="ptolemy.vergil.icon.ValueIcon">
                                        <property name="_color" class="ptolemy.actor.gui.ColorAttribute" value="{0.0, 0.0, 1.0, 1.0}">
                                        </property>
                                    </property>
                                    <property name="_smallIconDescription" class="ptolemy.kernel.util.SingletonConfigurableAttribute">
                                        <configure>
      <svg>
        <text x="20" style="font-size:14; font-family:SansSerif; fill:blue" y="20">LL</text>
      </svg>
    </configure>
                                    </property>
                                    <property name="_editorFactory" class="ptolemy.vergil.toolbox.VisibleParameterEditorFactory">
                                    </property>
                                </property>
                                <property name="NameParameter" class="ptolemy.data.expr.NameParameter" value="">
                                    <property name="_hideName" class="ptolemy.kernel.util.SingletonAttribute">
                                    </property>
                                    <property name="_icon" class="ptolemy.vergil.icon.ValueIcon">
                                        <property name="_color" class="ptolemy.actor.gui.ColorAttribute" value="{0.9,0.5,0.1,1.0}">
                                        </property>
                                    </property>
                                    <property name="_smallIconDescription" class="ptolemy.kernel.util.SingletonConfigurableAttribute">
                                        <configure>
      <svg>
        <text x="20" style="font-size:14; font-family:SansSerif; fill:#FF6600" y="20">-N-</text>
      </svg>
    </configure>
                                    </property>
                                    <property name="_editorFactory" class="ptolemy.vergil.toolbox.VisibleParameterEditorFactory">
                                    </property>
                                </property>
                                <property name="RequireVersion" class="ptolemy.kernel.attributes.RequireVersion" value="11.0.devel">
                                    <property name="_hideName" class="ptolemy.kernel.util.SingletonAttribute">
                                    </property>
                                    <property name="_icon" class="ptolemy.vergil.icon.ValueIcon">
                                    </property>
                                    <property name="_smallIconDescription" class="ptolemy.kernel.util.SingletonConfigurableAttribute">
                                        <configure>
      <svg>
        <text x="20" style="font-size:14; font-family:SansSerif; fill:blue" y="20">-V-</text>
      </svg>
    </configure>
                                    </property>
                                </property>
                                <property name="ScopeExtendingAttribute" class="ptolemy.data.expr.ScopeExtendingAttribute">
                                    <property name="_iconDescription" class="ptolemy.kernel.util.SingletonConfigurableAttribute">
                                        <configure>
      <svg>
           <rect x="-30" y="-15" width="60" height="30" style="fill:grey"></rect>
      </svg>
    </configure>
                                    </property>
                                </property>
                                <property name="ParameterSet" class="ptolemy.actor.parameters.ParameterSet">
                                    <property name="_editorFactory" class="ptolemy.actor.gui.FileOrURLEditorFactory">
                                    </property>
                                    <property name="_iconDescription" class="ptolemy.kernel.util.SingletonConfigurableAttribute">
                                        <configure>
      <svg>
        <rect x="-30" y="-15" width="60" height="30" style="fill:#C0C0C0"></rect>
        <text x="-30" style="font-size:30; font-family:SansSerif; fill:#00BB00" y="10">-PS-</text>
      </svg>
    </configure>
                                    </property>
                                </property>
                                <property name="Priority" class="ptolemy.actor.parameters.Priority" value="0">
                                    <property name="_hideName" class="ptolemy.kernel.util.SingletonAttribute">
                                    </property>
                                    <property name="_icon" class="ptolemy.vergil.icon.ValueIcon">
                                        <property name="_color" class="ptolemy.actor.gui.ColorAttribute" value="{0.0, 0.0, 1.0, 1.0}">
                                        </property>
                                    </property>
                                    <property name="_smallIconDescription" class="ptolemy.kernel.util.SingletonConfigurableAttribute">
                                        <configure>
            <svg>
                <text x="20" style="font-size:14; font-family:SansSerif; fill:blue" y="20">-p-</text>
            </svg>
        </configure>
                                    </property>
                                    <property name="_editorFactory" class="ptolemy.vergil.toolbox.VisibleParameterEditorFactory">
                                    </property>
                                </property>
                                <port name="PortParameter" class="ptolemy.actor.parameters.ParameterPort">
                                    <property name="input"/>
                                    <property name="defaultValue" class="ptolemy.data.expr.Parameter">
                                    </property>
                                </port>
                                <port name="FilePortParameter" class="ptolemy.actor.parameters.ParameterPort">
                                    <property name="input"/>
                                    <property name="defaultValue" class="ptolemy.data.expr.Parameter">
                                    </property>
                                </port>
                            </group>
                        </configure>
                    </entity>
                    <entity name="Ports" class="ptolemy.moml.EntityLibrary">
                        <configure>
                            <group>
                                <doc>Parameters</doc>
                                <property name="PortParameter" class="ptolemy.actor.parameters.PortParameter">
                                    <property name="_hideName" class="ptolemy.kernel.util.SingletonAttribute">
                                    </property>
                                    <property name="_icon" class="ptolemy.vergil.icon.ValueIcon">
                                    </property>
                                    <property name="_iconDescription" class="ptolemy.kernel.util.SingletonConfigurableAttribute">
                                        <configure>
      <svg>
	<polyline points="-15,-15, -3,-5, -16,5" style="stroke:black"></polyline>
	<polygon points="-22,-1, -22,4, -10,-5, -22,-14, -22,-9, -30,-9, -30, -1" style="fill:lightGray"></polygon>
      </svg>
    </configure>
                                    </property>
                                    <property name="_smallIconDescription" class="ptolemy.kernel.util.SingletonConfigurableAttribute">
                                        <configure>
      <svg>
        <text x="20" style="font-size:14; font-family:SansSerif; fill:black" y="20">-P-</text>
      </svg>
    </configure>
                                    </property>
                                    <property name="_editorFactory" class="ptolemy.vergil.toolbox.VisibleParameterEditorFactory">
                                    </property>
                                </property>
                                <property name="FilePortParameter" class="ptolemy.actor.parameters.FilePortParameter" value="">
                                    <property name="_hideName" class="ptolemy.kernel.util.SingletonAttribute">
                                    </property>
                                    <property name="_icon" class="ptolemy.vergil.icon.ValueIcon">
                                    </property>
                                    <property name="_iconDescription" class="ptolemy.kernel.util.SingletonConfigurableAttribute">
                                        <configure>
      <svg>
	<polyline points="-15,-15, -3,-5, -16,5" style="stroke:black"></polyline>
	<polygon points="-22,-1, -22,4, -10,-5, -22,-14, -22,-9, -30,-9, -30, -1" style="fill:green"></polygon>
      </svg>
    </configure>
                                    </property>
                                    <property name="_smallIconDescription" class="ptolemy.kernel.util.SingletonConfigurableAttribute">
                                        <configure>
      <svg>
        <text x="20" style="font-size:14; font-family:SansSerif; fill:#00BB00" y="20">-P-</text>
      </svg>
    </configure>
                                    </property>
                                    <property name="_editorFactory" class="ptolemy.vergil.toolbox.VisibleParameterEditorFactory">
                                    </property>
                                </property>
                                <port name="PortParameter" class="ptolemy.actor.parameters.ParameterPort">
                                    <property name="input"/>
                                    <property name="defaultValue" class="ptolemy.data.expr.Parameter">
                                    </property>
                                </port>
                                <port name="FilePortParameter" class="ptolemy.actor.parameters.ParameterPort">
                                    <property name="input"/>
                                    <property name="defaultValue" class="ptolemy.data.expr.Parameter">
                                    </property>
                                </port>
                                <port name="PublisherPort" class="ptolemy.actor.PublisherPort">
                                    <property name="output"/>
                                </port>
                                <port name="ConstantPublisherPort" class="ptolemy.actor.ConstantPublisherPort">
                                    <property name="output"/>
                                </port>
                                <port name="SubscriberPort" class="ptolemy.actor.SubscriberPort">
                                    <property name="input"/>
                                </port>
                                <port name="SubscriptionAggregatorPort" class="ptolemy.actor.SubscriptionAggregatorPort">
                                    <property name="input"/>
                                    <property name="multiport"/>
                                </port>
                            </group>
                        </configure>
                    </entity>
                    <entity name="Analysis" class="ptolemy.moml.EntityLibrary">
                        <configure>
                            <group>
                                <doc>Attributes for Analysis</doc>
                                <property name="ConstraintMonitor" class="ptolemy.data.expr.ConstraintMonitor" value="0.0">
                                    <property name="_icon" class="ptolemy.vergil.icon.ConstraintMonitorIcon">
                                        <property name="displayWidth" class="ptolemy.data.expr.Parameter" value="30">
                                        </property>
                                    </property>
                                </property>
                                <property name="DependencyHighlighter" class="ptolemy.vergil.basic.DependencyHighlighter">
                                </property>
                                <property name="MonitorReceiverContents" class="ptolemy.vergil.actor.lib.MonitorReceiverContents">
                                </property>
                                <property name="ShowTypes" class="ptolemy.vergil.actor.lib.ShowTypes">
                                </property>
                                <entity name="Assert" class="ptolemy.actor.lib.Assert">
                                    <property name="_icon" class="ptolemy.vergil.icon.BoxedValueIcon">
                                        <property name="attributeName" class="ptolemy.kernel.util.StringAttribute" value="expression">
                                        </property>
                                        <property name="displayWidth" class="ptolemy.data.expr.Parameter" value="60">
                                        </property>
                                        <property name="displayHeight" class="ptolemy.data.expr.Parameter" value="10">
                                        </property>
                                    </property>
                                </entity>
                            </group>
                        </configure>
                    </entity>
                    <entity name="JavaScript" class="ptolemy.moml.EntityLibrary">
                        <configure>
                            <group>
                                <entity name="JavaScript" class="ptolemy.actor.lib.jjs.JavaScript">
                                    <property name="_windowProperties" class="ptolemy.actor.gui.WindowPropertiesAttribute">
                                    </property>
                                    <property name="_paneSize" class="ptolemy.actor.gui.SizeAttribute">
                                    </property>
                                    <property name="script" class="ptolemy.actor.parameters.PortParameter" value="// Put your JavaScript program here.&#10;// Refer to parameters in scope using dollar-sign{parameterName}.&#10;// See: https://wiki.eecs.berkeley.edu/accessors/Version1/AccessorSpecification&#10;">
                                        <property name="style" class="ptolemy.actor.gui.style.NoteStyle">
                                            <property name="note" class="ptolemy.kernel.util.StringAttribute" value="NOTE: To see the script, invoke Open Actor">
                                            </property>
                                        </property>
                                    </property>
                                    <property name="_tableauFactory" class="ptolemy.vergil.toolbox.TextEditorTableauFactory">
                                        <property name="attributeName" class="ptolemy.kernel.util.StringAttribute" value="script">
                                        </property>
                                        <property name="syntaxStyle" class="ptolemy.kernel.util.StringAttribute" value="text/javascript">
                                        </property>
                                    </property>
                                </entity>
                            </group>
                        </configure>
                    </entity>
                    <entity name="UnitSystems" class="ptolemy.moml.EntityLibrary">
                        <configure>
                            <group>
                                <property name="BasicUnits" class="ptolemy.data.unit.UnitSystem">
                                    <property name="meters" class="ptolemy.data.unit.BaseUnit" value="1.0">
                                        <property name="Length" class="ptolemy.data.unit.UnitCategory">
                                        </property>
                                    </property>
                                    <property name="meter" class="ptolemy.data.expr.Parameter" value="meters">
                                    </property>
                                    <property name="m" class="ptolemy.data.expr.Parameter" value="meters">
                                    </property>
                                    <property name="cm" class="ptolemy.data.expr.Parameter" value="0.01*meters">
                                    </property>
                                    <property name="centimeters" class="ptolemy.data.expr.Parameter" value="cm">
                                    </property>
                                    <property name="centimeter" class="ptolemy.data.expr.Parameter" value="cm">
                                    </property>
                                    <property name="mm" class="ptolemy.data.expr.Parameter" value="0.001*meters">
                                    </property>
                                    <property name="millimeter" class="ptolemy.data.expr.Parameter" value="mm">
                                    </property>
                                    <property name="millimeters" class="ptolemy.data.expr.Parameter" value="mm">
                                    </property>
                                    <property name="in" class="ptolemy.data.expr.Parameter" value="2.54*cm">
                                    </property>
                                    <property name="inch" class="ptolemy.data.expr.Parameter" value="in">
                                    </property>
                                    <property name="inches" class="ptolemy.data.expr.Parameter" value="in">
                                    </property>
                                    <property name="seconds" class="ptolemy.data.unit.BaseUnit" value="1.0">
                                        <property name="Time" class="ptolemy.data.unit.UnitCategory">
                                        </property>
                                    </property>
                                    <property name="sec" class="ptolemy.data.expr.Parameter" value="seconds">
                                    </property>
                                    <property name="second" class="ptolemy.data.expr.Parameter" value="seconds">
                                    </property>
[...]
                                <entity name="GetCausalityInterface" class="ptolemy.actor.lib.GetCausalityInterface">
                                </entity>
                                <entity name="CurrentMicrostep" class="ptolemy.actor.lib.CurrentMicrostep">
                                </entity>
                                <entity name="NonStrictTest" class="ptolemy.actor.lib.NonStrictTest">
                                </entity>
                                <entity name="Test" class="ptolemy.actor.lib.Test">
                                </entity>
                                <entity name="TestActorPortDepth" class="ptolemy.domains.de.lib.TestActorPortDepth">
                                </entity>
                                <entity name="TypeTest" class="ptolemy.actor.lib.TypeTest">
                                </entity>
                            </group>
                        </configure>
                    </entity>
                    <entity name="Security" class="ptolemy.moml.EntityLibrary">
                        <configure>
                            <group>
                                <entity name="KeyWriter" class="ptolemy.actor.lib.security.KeyWriter">
                                    <doc>Read a secret key or public key and write it to a key store.&#10;	   </doc>
                                </entity>
                                <entity name="PublicKeyReader" class="ptolemy.actor.lib.security.PublicKeyReader">
                                    <doc>Read a public key from a key store and output it.</doc>
                                </entity>
                                <entity name="PrivateKeyReader" class="ptolemy.actor.lib.security.PrivateKeyReader">
                                    <doc>Read a private key from a key store and output it.</doc>
                                </entity>
                                <entity name="SecretKey" class="ptolemy.actor.lib.security.SecretKey">
                                    <doc>Create a secret key and output it.</doc>
                                </entity>
                                <entity name="SecretKeyReader" class="ptolemy.actor.lib.security.SecretKeyReader">
                                    <doc>Read a secret key from a key store and output it.</doc>
                                </entity>
                                <entity name="SignatureSigner" class="ptolemy.actor.lib.security.SignatureSigner">
                                    <doc>Creates a signature for the given piece of data and&#10;	  creates the key to be sent to the signature verifier.</doc>
                                </entity>
                                <entity name="SignatureVerifier" class="ptolemy.actor.lib.security.SignatureVerifier">
                                    <doc>Receives a key from an AsymmetricDecryption actor and&#10;          uses it to encrypt a data input based on a given asymmetric&#10;          algorithm.</doc>
                                </entity>
                                <entity name="SymmetricDecryption" class="ptolemy.actor.lib.security.SymmetricDecryption">
                                    <doc>Receives a key from a SymmetricEncryption actor and&#10;          uses it to decrypt a data input based on a given symmetric&#10;          algorithm.</doc>
                                </entity>
                                <entity name="SymmetricEncryption" class="ptolemy.actor.lib.security.SymmetricEncryption">
                                    <doc>Creates and sends a key to a SymmetricDecryption and&#10;	  encrypts incoming data based on a given symmetric&#10;	  algorithm.</doc>
                                </entity>
                                <entity name="SymmetricCrypto" class="ptolemy.actor.lib.security.SymmetricCrypto">
                                    <doc>Perform symmetric encryption or decryption using a given key.</doc>
                                </entity>
                            </group>
                        </configure>
                    </entity>
                    <entity name="Wireless" class="ptolemy.moml.EntityLibrary">
                        <configure>
                            <group>
                                <doc>Wireless/Sensor network library</doc>
                                <property name="WirelessDirector" class="ptolemy.domains.wireless.kernel.WirelessDirector">
                                </property>
                                <entity name="WirelessActors" class="ptolemy.moml.EntityLibrary">
                                    <configure>
                                        <group>
                                            <doc>Wireless domain actors</doc>
                                            <entity name="CollisionDetector" class="ptolemy.domains.wireless.lib.CollisionDetector">
                                            </entity>
                                            <entity name="GetProperties" class="ptolemy.domains.wireless.lib.GetProperties">
                                            </entity>
                                            <entity name="GraphicalLocator" class="ptolemy.domains.wireless.lib.GraphicalLocator">
                                            </entity>
                                            <entity name="Locator" class="ptolemy.domains.wireless.lib.Locator">
                                            </entity>
                                            <entity name="NodeRandomizer" class="ptolemy.domains.wireless.lib.NodeRandomizer">
                                            </entity>
                                            <entity name="TerrainProperty" class="ptolemy.domains.wireless.lib.TerrainProperty">
                                                <property name="_icon" class="ptolemy.vergil.icon.EditorIcon">
                                                    <property name="terrain" class="ptolemy.domains.wireless.lib.TerrainProperty$1">
                                                        <property name="width" class="ptolemy.data.expr.Parameter" value="3.0">
                                                        </property>
                                                    </property>
                                                </property>
                                            </entity>
                                            <entity name="LinkVisualizer" class="ptolemy.domains.wireless.lib.LinkVisualizer">
                                            </entity>
                                            <entity name="TransmitPropertyTransformer" class="ptolemy.domains.wireless.lib.TransmitPropertyTransformer">
                                            </entity>
                                            <entity name="Triangulator" class="ptolemy.domains.wireless.lib.Triangulator">
                                            </entity>
                                            <entity name="WirelessComposite" class="ptolemy.domains.wireless.kernel.WirelessComposite">
                                                <property name="DEDirector" class="ptolemy.domains.de.kernel.DEDirector">
                                                    <property name="_location" class="ptolemy.kernel.util.Location" value="[70.0, 35.0]">
                                                    </property>
                                                </property>
                                            </entity>
                                            <entity name="WiredToWireless" class="ptolemy.domains.wireless.lib.WiredToWireless">
                                            </entity>
                                            <entity name="WirelessToWired" class="ptolemy.domains.wireless.lib.WirelessToWired">
                                            </entity>
                                        </group>
                                    </configure>
                                </entity>
                                <entity name="WirelessChannels" class="ptolemy.moml.EntityLibrary">
                                    <configure>
                                        <group>
                                            <doc>Wireless domain channels</doc>
                                            <entity name="AtomicWirelessChannel" class="ptolemy.domains.wireless.kernel.AtomicWirelessChannel">
                                            </entity>
                                            <entity name="DelayChannel" class="ptolemy.domains.wireless.lib.DelayChannel">
                                            </entity>
                                            <entity name="LimitedRangeChannel" class="ptolemy.domains.wireless.lib.LimitedRangeChannel">
                                            </entity>
                                            <entity name="ErasureChannel" class="ptolemy.domains.wireless.lib.ErasureChannel">
                                            </entity>
                                            <entity name="PowerLossChannel" class="ptolemy.domains.wireless.lib.PowerLossChannel">
                                            </entity>
                                        </group>
                                    </configure>
                                </entity>
                            </group>
                        </configure>
                    </entity>
                    <entity name="XML" class="ptolemy.moml.EntityLibrary">
                        <configure>
                            <group>
                                <entity name="StringToXML" class="ptolemy.actor.lib.conversions.StringToXML">
                                </entity>
                                <entity name="XSLTransformer" class="ptolemy.actor.lib.xslt.XSLTransformer">
                                </entity>
                                <entity name="XMLInclusion" class="ptolemy.actor.lib.xslt.XMLInclusion">
                                </entity>
                            </group>
                        </configure>
                    </entity>
                </group>
            </configure>
        </entity>
    </entity>
    <entity name="icon editor library" class="ptolemy.kernel.CompositeEntity">
        <property name="_libraryMarker" class="ptolemy.kernel.util.SingletonAttribute">
        </property>
        <property name="Annotation" class="ptolemy.vergil.kernel.attributes.TextAttribute">
            <property name="textColor" class="ptolemy.actor.gui.ColorAttribute" value="{0.0, 0.0, 0.0, 1.0}">
            </property>
        </property>
        <property name="ellipse" class="ptolemy.vergil.kernel.attributes.EllipseAttribute">
            <property name="width" class="ptolemy.data.expr.Parameter" value="30">
            </property>
            <property name="height" class="ptolemy.data.expr.Parameter" value="30">
            </property>
            <property name="centered" class="ptolemy.data.expr.Parameter" value="true">
            </property>
            <property name="fillColor" class="ptolemy.actor.gui.ColorAttribute" value="{1.0, 1.0, 1.0, 1.0}">
            </property>
        </property>
        <property name="arc" class="ptolemy.vergil.kernel.attributes.ArcAttribute">
            <property name="width" class="ptolemy.data.expr.Parameter" value="30">
            </property>
            <property name="height" class="ptolemy.data.expr.Parameter" value="30">
            </property>
            <property name="centered" class="ptolemy.data.expr.Parameter" value="true">
            </property>
            <property name="fillColor" class="ptolemy.actor.gui.ColorAttribute" value="{1.0, 1.0, 1.0, 1.0}">
            </property>
        </property>
        <property name="image" class="ptolemy.vergil.kernel.attributes.ImageAttribute">
        </property>
        <property name="line" class="ptolemy.vergil.kernel.attributes.LineAttribute">
            <property name="x" class="ptolemy.data.expr.Parameter" value="40.0">
            </property>
            <property name="y" class="ptolemy.data.expr.Parameter" value="0.0">
            </property>
        </property>
        <property name="Arrow" class="ptolemy.vergil.kernel.attributes.ArrowAttribute">
            <property name="x" class="ptolemy.data.expr.Parameter" value="40.0">
            </property>
            <property name="y" class="ptolemy.data.expr.Parameter" value="0.0">
            </property>
        </property>
        <property name="polygon" class="ptolemy.vergil.kernel.attributes.ResizablePolygonAttribute">
            <property name="width" class="ptolemy.data.expr.Parameter" value="35">
            </property>
            <property name="height" class="ptolemy.data.expr.Parameter" value="20">
            </property>
            <property name="centered" class="ptolemy.data.expr.Parameter" value="true">
            </property>
            <property name="fillColor" class="ptolemy.actor.gui.ColorAttribute" value="{1.0, 1.0, 1.0, 1.0}">
            </property>
            <property name="vertices" class="ptolemy.data.expr.Parameter" value="{0.0, 0.0, 20.0, 0.0, 5.0, 20.0, -15.0, 20.0}">
            </property>
        </property>
        <property name="rectangle" class="ptolemy.vergil.kernel.attributes.RectangleAttribute">
            <property name="width" class="ptolemy.data.expr.Parameter" value="60">
            </property>
            <property name="height" class="ptolemy.data.expr.Parameter" value="40">
            </property>
            <property name="centered" class="ptolemy.data.expr.Parameter" value="true">
            </property>
            <property name="fillColor" class="ptolemy.actor.gui.ColorAttribute" value="{1.0, 1.0, 1.0, 1.0}">
            </property>
        </property>
        <property name="ParameterValue" class="ptolemy.vergil.kernel.attributes.AttributeValueAttribute">
            <property name="attributeName" class="ptolemy.kernel.util.StringAttribute">
            </property>
            <property name="displayWidth" class="ptolemy.data.expr.Parameter" value="6">
            </property>
        </property>
        <property name="ParameterExpression" class="ptolemy.vergil.kernel.attributes.AttributeExpressionAttribute">
            <property name="attributeName" class="ptolemy.kernel.util.StringAttribute">
            </property>
            <property name="displayWidth" class="ptolemy.data.expr.Parameter" value="6">
            </property>
        </property>
    </entity>
</entity>

/home/travis/build/icyphy/ptII/ptolemy/configs/test/configurationTools.tcl
/home/travis/build/icyphy/ptII/ptolemy/configs/test/missingDemos.tcl
Updating /home/travis/build/icyphy/ptII/ptolemy/configs/test/../../../ptolemy/configs/doc/models.txt.  This could take a minute.
Done updating /home/travis/build/icyphy/ptII/ptolemy/configs/test/../../../ptolemy/configs/doc/models.txt
Stderr for 'make -C ../doc missingDemos' was
--start--

--end--
Stderr for '/home/travis/build/icyphy/ptII/ptolemy/configs/test/../../../ptolemy/configs/test/missingDemos' was
--start--

--end--
/home/travis/build/icyphy/ptII/ptolemy/configs/test/validDemos.tcl
Validating the xml in /auto/ xml files after removing the configure blocks
.....................................................................................................................................................................................................................................................................................................................................................................................................................................................................................................................................................................................................................................................................................................................................................................................................................................................................................................................................................................................................................................................................................................................................................................................................................................................................................................................................................................................................................................................................................................................................................................................................................................................................................................................................................................................................................................................................................................................................................................................................................................................................................................................................................................................................................................................................................................................................................................................................................................................................................................................................................................................................................................................................................................................................................................................................................................................................................................................................................................................................................................................................................Checked 2965 demos from configs/doc/models.txt
Validating the xml in demo xml files after removing the configure blocks
..................................................................................................................................................................................................................................................................................................................................................................................................................................................................................................................................................................................................................................................................................................................................................................................Checked 754 demos from configs/doc/models.txt
05/15/18 01:37:29
Failed: 0  Total Tests: 3814  ((Passed: 3814, Newly Passed: 0)  Known Failed: 0) /home/travis/build/icyphy/ptII/ptolemy/configs/test
No auto/knownFailedTests/*.xml tests in /home/travis/build/icyphy/ptII/ptolemy/configs/test
No auto/*.xml tests in /home/travis/build/icyphy/ptII/ptolemy/configs/test
AutoTests.java: About to close Vertx.
AutoTests.java: Vertx closed.
No auto/*.xml tests in /home/travis/build/icyphy/ptII/ptolemy/configs/test
AutoTests.java: About to close Vertx.
AutoTests.java: Vertx closed.
]]></system-out>
  <system-err><![CDATA[[main] INFO com.github.sarxos.webcam.Webcam - WebcamDefaultDriver capture driver will be used
]]></system-err>
</testsuite>
