<?xml version="1.0" encoding="UTF-8" ?>
<testsuite errors="0" failures="0" hostname="travis-job-57614487-4c37-4d29-99d1-7798c4679ae2" name="ptolemy.actor.lib.hoc.test.junit.JUnitTclTest" skipped="0" tests="58" time="32.871" timestamp="2018-05-04T00:42:51">
  <properties>
[...]
</properties>
  <testcase classname="ptolemy.util.test.junit.TclTests" name="[0] /home/travis/build/icyphy/ptII/ptolemy/actor/lib/hoc/test/IterateOverArray.tcl (RunTclFile)" time="0.313" />
  <testcase classname="ptolemy.util.test.junit.AutoKnownFailedTests" name="[0] /home/travis/build/icyphy/ptII/ptolemy/actor/lib/hoc/test/auto/knownFailedTests/PreinitializeMustBeInvokedRunComposite.xml (RunModel)" time="0.259" />
  <testcase classname="ptolemy.util.test.junit.AutoNameArchTests" name="[0] ThereAreNoAutoTests (RunModel)" time="0.001" />
  <testcase classname="ptolemy.util.test.junit.AutoTests" name="[0] /home/travis/build/icyphy/ptII/ptolemy/actor/lib/hoc/test/auto/AllToAllMultiInstanceComposite.xml (RunModel)" time="0.347" />
  <testcase classname="ptolemy.util.test.junit.AutoTests" name="[1] /home/travis/build/icyphy/ptII/ptolemy/actor/lib/hoc/test/auto/ApplyFFTTest.xml (RunModel)" time="0.255" />
  <testcase classname="ptolemy.util.test.junit.AutoTests" name="[2] /home/travis/build/icyphy/ptII/ptolemy/actor/lib/hoc/test/auto/ApplyFunction.xml (RunModel)" time="0.026" />
  <testcase classname="ptolemy.util.test.junit.AutoTests" name="[3] /home/travis/build/icyphy/ptII/ptolemy/actor/lib/hoc/test/auto/BackgroundExecution.xml (RunModel)" time="0.795" />
  <testcase classname="ptolemy.util.test.junit.AutoTests" name="[4] /home/travis/build/icyphy/ptII/ptolemy/actor/lib/hoc/test/auto/Case.xml (RunModel)" time="0.074" />
  <testcase classname="ptolemy.util.test.junit.AutoTests" name="[5] /home/travis/build/icyphy/ptII/ptolemy/actor/lib/hoc/test/auto/Case1.xml (RunModel)" time="0.049" />
  <testcase classname="ptolemy.util.test.junit.AutoTests" name="[6] /home/travis/build/icyphy/ptII/ptolemy/actor/lib/hoc/test/auto/Case2.xml (RunModel)" time="0.105" />
  <testcase classname="ptolemy.util.test.junit.AutoTests" name="[7] /home/travis/build/icyphy/ptII/ptolemy/actor/lib/hoc/test/auto/Case3.xml (RunModel)" time="0.031" />
  <testcase classname="ptolemy.util.test.junit.AutoTests" name="[8] /home/travis/build/icyphy/ptII/ptolemy/actor/lib/hoc/test/auto/Case4.xml (RunModel)" time="0.074" />
  <testcase classname="ptolemy.util.test.junit.AutoTests" name="[9] /home/travis/build/icyphy/ptII/ptolemy/actor/lib/hoc/test/auto/Case5.xml (RunModel)" time="0.11" />
  <testcase classname="ptolemy.util.test.junit.AutoTests" name="[10] /home/travis/build/icyphy/ptII/ptolemy/actor/lib/hoc/test/auto/Case6.xml (RunModel)" time="0.113" />
  <testcase classname="ptolemy.util.test.junit.AutoTests" name="[11] /home/travis/build/icyphy/ptII/ptolemy/actor/lib/hoc/test/auto/CaseString2.xml (RunModel)" time="0.064" />
  <testcase classname="ptolemy.util.test.junit.AutoTests" name="[12] /home/travis/build/icyphy/ptII/ptolemy/actor/lib/hoc/test/auto/CatchUpComposite1.xml (RunModel)" time="0.103" />
  <testcase classname="ptolemy.util.test.junit.AutoTests" name="[13] /home/travis/build/icyphy/ptII/ptolemy/actor/lib/hoc/test/auto/CatchUpComposite2.xml (RunModel)" time="0.076" />
  <testcase classname="ptolemy.util.test.junit.AutoTests" name="[14] /home/travis/build/icyphy/ptII/ptolemy/actor/lib/hoc/test/auto/CatchUpComposite3.xml (RunModel)" time="0.067" />
  <testcase classname="ptolemy.util.test.junit.AutoTests" name="[15] /home/travis/build/icyphy/ptII/ptolemy/actor/lib/hoc/test/auto/CatchUpComposite4.xml (RunModel)" time="0.077" />
  <testcase classname="ptolemy.util.test.junit.AutoTests" name="[16] /home/travis/build/icyphy/ptII/ptolemy/actor/lib/hoc/test/auto/CatchUpComposite5.xml (RunModel)" time="0.04" />
  <testcase classname="ptolemy.util.test.junit.AutoTests" name="[17] /home/travis/build/icyphy/ptII/ptolemy/actor/lib/hoc/test/auto/CatchUpComposite6.xml (RunModel)" time="0.177" />
  <testcase classname="ptolemy.util.test.junit.AutoTests" name="[18] /home/travis/build/icyphy/ptII/ptolemy/actor/lib/hoc/test/auto/CatchUpComposite7.xml (RunModel)" time="0.1" />
  <testcase classname="ptolemy.util.test.junit.AutoTests" name="[19] /home/travis/build/icyphy/ptII/ptolemy/actor/lib/hoc/test/auto/ConcurrentExecutionTimeSDF.xml (RunModel)" time="0.065" />
  <testcase classname="ptolemy.util.test.junit.AutoTests" name="[20] /home/travis/build/icyphy/ptII/ptolemy/actor/lib/hoc/test/auto/ConcurrentSleep.xml (RunModel)" time="0.809" />
  <testcase classname="ptolemy.util.test.junit.AutoTests" name="[21] /home/travis/build/icyphy/ptII/ptolemy/actor/lib/hoc/test/auto/DEInPNInRunCompositeActor.xml (RunModel)" time="0.043" />
  <testcase classname="ptolemy.util.test.junit.AutoTests" name="[22] /home/travis/build/icyphy/ptII/ptolemy/actor/lib/hoc/test/auto/DFTSubSetTest.xml (RunModel)" time="0.282" />
  <testcase classname="ptolemy.util.test.junit.AutoTests" name="[23] /home/travis/build/icyphy/ptII/ptolemy/actor/lib/hoc/test/auto/HocDE.xml (RunModel)" time="0.191" />
  <testcase classname="ptolemy.util.test.junit.AutoTests" name="[24] /home/travis/build/icyphy/ptII/ptolemy/actor/lib/hoc/test/auto/IterateOverArray.xml (RunModel)" time="0.022" />
  <testcase classname="ptolemy.util.test.junit.AutoTests" name="[25] /home/travis/build/icyphy/ptII/ptolemy/actor/lib/hoc/test/auto/IterateOverArray10.xml (RunModel)" time="0.023" />
  <testcase classname="ptolemy.util.test.junit.AutoTests" name="[26] /home/travis/build/icyphy/ptII/ptolemy/actor/lib/hoc/test/auto/IterateOverArray11.xml (RunModel)" time="0.046" />
  <testcase classname="ptolemy.util.test.junit.AutoTests" name="[27] /home/travis/build/icyphy/ptII/ptolemy/actor/lib/hoc/test/auto/IterateOverArray12.xml (RunModel)" time="0.04" />
  <testcase classname="ptolemy.util.test.junit.AutoTests" name="[28] /home/travis/build/icyphy/ptII/ptolemy/actor/lib/hoc/test/auto/IterateOverArray13.xml (RunModel)" time="0.173" />
  <testcase classname="ptolemy.util.test.junit.AutoTests" name="[29] /home/travis/build/icyphy/ptII/ptolemy/actor/lib/hoc/test/auto/IterateOverArray14.xml (RunModel)" time="0.152" />
  <testcase classname="ptolemy.util.test.junit.AutoTests" name="[30] /home/travis/build/icyphy/ptII/ptolemy/actor/lib/hoc/test/auto/IterateOverArray2.xml (RunModel)" time="0.032" />
  <testcase classname="ptolemy.util.test.junit.AutoTests" name="[31] /home/travis/build/icyphy/ptII/ptolemy/actor/lib/hoc/test/auto/IterateOverArray3.xml (RunModel)" time="0.044" />
  <testcase classname="ptolemy.util.test.junit.AutoTests" name="[32] /home/travis/build/icyphy/ptII/ptolemy/actor/lib/hoc/test/auto/IterateOverArray4.xml (RunModel)" time="0.028" />
  <testcase classname="ptolemy.util.test.junit.AutoTests" name="[33] /home/travis/build/icyphy/ptII/ptolemy/actor/lib/hoc/test/auto/IterateOverArray5.xml (RunModel)" time="0.013" />
  <testcase classname="ptolemy.util.test.junit.AutoTests" name="[34] /home/travis/build/icyphy/ptII/ptolemy/actor/lib/hoc/test/auto/IterateOverArray6.xml (RunModel)" time="0.01" />
  <testcase classname="ptolemy.util.test.junit.AutoTests" name="[35] /home/travis/build/icyphy/ptII/ptolemy/actor/lib/hoc/test/auto/IterateOverArray7.xml (RunModel)" time="0.021" />
  <testcase classname="ptolemy.util.test.junit.AutoTests" name="[36] /home/travis/build/icyphy/ptII/ptolemy/actor/lib/hoc/test/auto/IterateOverArray8.xml (RunModel)" time="0.014" />
  <testcase classname="ptolemy.util.test.junit.AutoTests" name="[37] /home/travis/build/icyphy/ptII/ptolemy/actor/lib/hoc/test/auto/IterateOverArray9.xml (RunModel)" time="0.021" />
  <testcase classname="ptolemy.util.test.junit.AutoTests" name="[38] /home/travis/build/icyphy/ptII/ptolemy/actor/lib/hoc/test/auto/IterateOverArrayCoercedOutputType.xml (RunModel)" time="0.024" />
  <testcase classname="ptolemy.util.test.junit.AutoTests" name="[39] /home/travis/build/icyphy/ptII/ptolemy/actor/lib/hoc/test/auto/IterateOverArrayInferredOutputType.xml (RunModel)" time="0.025" />
  <testcase classname="ptolemy.util.test.junit.AutoTests" name="[40] /home/travis/build/icyphy/ptII/ptolemy/actor/lib/hoc/test/auto/MobileFunctionTest.xml (RunModel)" time="0.033" />
  <testcase classname="ptolemy.util.test.junit.AutoTests" name="[41] /home/travis/build/icyphy/ptII/ptolemy/actor/lib/hoc/test/auto/MobileModelTest.xml (RunModel)" time="0.129" />
  <testcase classname="ptolemy.util.test.junit.AutoTests" name="[42] /home/travis/build/icyphy/ptII/ptolemy/actor/lib/hoc/test/auto/ModelReference.xml (RunModel)" time="0.068" />
  <testcase classname="ptolemy.util.test.junit.AutoTests" name="[43] /home/travis/build/icyphy/ptII/ptolemy/actor/lib/hoc/test/auto/ModelReference3.xml (RunModel)" time="0.051" />
  <testcase classname="ptolemy.util.test.junit.AutoTests" name="[44] /home/travis/build/icyphy/ptII/ptolemy/actor/lib/hoc/test/auto/ModelReference4.xml (RunModel)" time="10.054" />
  <testcase classname="ptolemy.util.test.junit.AutoTests" name="[45] /home/travis/build/icyphy/ptII/ptolemy/actor/lib/hoc/test/auto/MultiInstanceComposite.xml (RunModel)" time="0.056" />
  <testcase classname="ptolemy.util.test.junit.AutoTests" name="[46] /home/travis/build/icyphy/ptII/ptolemy/actor/lib/hoc/test/auto/MultiInstanceComposite2.xml (RunModel)" time="0.056" />
  <testcase classname="ptolemy.util.test.junit.AutoTests" name="[47] /home/travis/build/icyphy/ptII/ptolemy/actor/lib/hoc/test/auto/MulticoreExecution.xml (RunModel)" time="10.097" />
  <testcase classname="ptolemy.util.test.junit.AutoTests" name="[48] /home/travis/build/icyphy/ptII/ptolemy/actor/lib/hoc/test/auto/ParallelExecution.xml (RunModel)" time="0.946" />
  <testcase classname="ptolemy.util.test.junit.AutoTests" name="[49] /home/travis/build/icyphy/ptII/ptolemy/actor/lib/hoc/test/auto/RunCompositeActor.xml (RunModel)" time="0.034" />
  <testcase classname="ptolemy.util.test.junit.AutoTests" name="[50] /home/travis/build/icyphy/ptII/ptolemy/actor/lib/hoc/test/auto/RunCompositeActor2.xml (RunModel)" time="0.025" />
  <testcase classname="ptolemy.util.test.junit.AutoTests" name="[51] /home/travis/build/icyphy/ptII/ptolemy/actor/lib/hoc/test/auto/RunCompositeActor3.xml (RunModel)" time="0.059" />
  <testcase classname="ptolemy.util.test.junit.AutoTests" name="[52] /home/travis/build/icyphy/ptII/ptolemy/actor/lib/hoc/test/auto/RunCompositeActor4.xml (RunModel)" time="0.033" />
  <testcase classname="ptolemy.util.test.junit.AutoTests" name="[53] /home/travis/build/icyphy/ptII/ptolemy/actor/lib/hoc/test/auto/RunCompositeIterateOverArray.xml (RunModel)" time="0.038" />
  <testcase classname="ptolemy.util.test.junit.AutoTests" name="[54] /home/travis/build/icyphy/ptII/ptolemy/actor/lib/hoc/test/auto/ThreadedJS.xml (RunModel)" time="5.278" />
  <system-out><![CDATA[/home/travis/build/icyphy/ptII/ptolemy/actor/lib/hoc/test/IterateOverArray.tcl
testDefs.tcl: setting time out to 9000 seconds at Fri May 04 00:42:52 UTC 2018
05/04/18 12:42:52
Failed: 0  Total Tests: 2  ((Passed: 2, Newly Passed: 0)  Known Failed: 0) /home/travis/build/icyphy/ptII/ptolemy/actor/lib/hoc/test
----------------- testing (KnownFailure) /home/travis/build/icyphy/ptII/ptolemy/actor/lib/hoc/test/auto/knownFailedTests/PreinitializeMustBeInvokedRunComposite.xml
41 ms. Memory: 116224K Free: 104911K (90%)
Known Failure: java.lang.reflect.InvocationTargetException
No auto/*.xml tests in /home/travis/build/icyphy/ptII/ptolemy/actor/lib/hoc/test
AutoTests.java: About to close Vertx.
AutoTests.java: Vertx closed.
----------------- testing Fri May 04 00:42:53 UTC 2018 /home/travis/build/icyphy/ptII/ptolemy/actor/lib/hoc/test/auto/AllToAllMultiInstanceComposite.xml
----------------- Instantiating /home/travis/build/icyphy/ptII/ptolemy/actor/lib/hoc/test/auto/AllToAllMultiInstanceComposite.xml
139 ms. Memory: 146944K Free: 108343K (74%)
----------------- Invoking toplevel() on ptolemy.moml.MoMLSimpleApplication@58d4e11e
----------------- Done invoking toplevel() on ptolemy.moml.MoMLSimpleApplication@58d4e11e
reloadAllAccessors: .AllToAllMultiInstanceComposite
----------------- testing Fri May 04 00:42:53 UTC 2018 /home/travis/build/icyphy/ptII/ptolemy/actor/lib/hoc/test/auto/ApplyFFTTest.xml
----------------- Instantiating /home/travis/build/icyphy/ptII/ptolemy/actor/lib/hoc/test/auto/ApplyFFTTest.xml
103 ms. Memory: 146944K Free: 88465K (60%)
----------------- Invoking toplevel() on ptolemy.moml.MoMLSimpleApplication@5fa2fccb
----------------- Done invoking toplevel() on ptolemy.moml.MoMLSimpleApplication@5fa2fccb
reloadAllAccessors: .ApplyFFTTest
----------------- testing Fri May 04 00:42:53 UTC 2018 /home/travis/build/icyphy/ptII/ptolemy/actor/lib/hoc/test/auto/ApplyFunction.xml
----------------- Instantiating /home/travis/build/icyphy/ptII/ptolemy/actor/lib/hoc/test/auto/ApplyFunction.xml
6 ms. Memory: 146944K Free: 84706K (58%)
----------------- Invoking toplevel() on ptolemy.moml.MoMLSimpleApplication@531cd7a9
----------------- Done invoking toplevel() on ptolemy.moml.MoMLSimpleApplication@531cd7a9
reloadAllAccessors: .ApplyFunction
----------------- testing Fri May 04 00:42:53 UTC 2018 /home/travis/build/icyphy/ptII/ptolemy/actor/lib/hoc/test/auto/BackgroundExecution.xml
----------------- Instantiating /home/travis/build/icyphy/ptII/ptolemy/actor/lib/hoc/test/auto/BackgroundExecution.xml
645 ms. Memory: 146944K Free: 136354K (93%)
----------------- Invoking toplevel() on ptolemy.moml.MoMLSimpleApplication@65709c48
----------------- Done invoking toplevel() on ptolemy.moml.MoMLSimpleApplication@65709c48
reloadAllAccessors: .BackgroundExecution
----------------- testing Fri May 04 00:42:54 UTC 2018 /home/travis/build/icyphy/ptII/ptolemy/actor/lib/hoc/test/auto/Case.xml
----------------- Instantiating /home/travis/build/icyphy/ptII/ptolemy/actor/lib/hoc/test/auto/Case.xml
17 ms. Memory: 146944K Free: 127672K (87%)
----------------- Invoking toplevel() on ptolemy.moml.MoMLSimpleApplication@78372388
----------------- Done invoking toplevel() on ptolemy.moml.MoMLSimpleApplication@78372388
reloadAllAccessors: .Case
----------------- testing Fri May 04 00:42:54 UTC 2018 /home/travis/build/icyphy/ptII/ptolemy/actor/lib/hoc/test/auto/Case1.xml
----------------- Instantiating /home/travis/build/icyphy/ptII/ptolemy/actor/lib/hoc/test/auto/Case1.xml
21 ms. Memory: 146944K Free: 120811K (82%)
----------------- Invoking toplevel() on ptolemy.moml.MoMLSimpleApplication@4fb8741f
----------------- Done invoking toplevel() on ptolemy.moml.MoMLSimpleApplication@4fb8741f
reloadAllAccessors: .Case1
----------------- testing Fri May 04 00:42:54 UTC 2018 /home/travis/build/icyphy/ptII/ptolemy/actor/lib/hoc/test/auto/Case2.xml
----------------- Instantiating /home/travis/build/icyphy/ptII/ptolemy/actor/lib/hoc/test/auto/Case2.xml
31 ms. Memory: 146944K Free: 108890K (74%)
----------------- Invoking toplevel() on ptolemy.moml.MoMLSimpleApplication@71f13570
----------------- Done invoking toplevel() on ptolemy.moml.MoMLSimpleApplication@71f13570
reloadAllAccessors: .Case2
----------------- testing Fri May 04 00:42:54 UTC 2018 /home/travis/build/icyphy/ptII/ptolemy/actor/lib/hoc/test/auto/Case3.xml
----------------- Instantiating /home/travis/build/icyphy/ptII/ptolemy/actor/lib/hoc/test/auto/Case3.xml
9 ms. Memory: 146944K Free: 102417K (70%)
----------------- Invoking toplevel() on ptolemy.moml.MoMLSimpleApplication@21ab1ac7
----------------- Done invoking toplevel() on ptolemy.moml.MoMLSimpleApplication@21ab1ac7
reloadAllAccessors: .Case3
----------------- testing Fri May 04 00:42:54 UTC 2018 /home/travis/build/icyphy/ptII/ptolemy/actor/lib/hoc/test/auto/Case4.xml
----------------- Instantiating /home/travis/build/icyphy/ptII/ptolemy/actor/lib/hoc/test/auto/Case4.xml
22 ms. Memory: 146944K Free: 93712K (64%)
----------------- Invoking toplevel() on ptolemy.moml.MoMLSimpleApplication@39a35a0d
----------------- Done invoking toplevel() on ptolemy.moml.MoMLSimpleApplication@39a35a0d
reloadAllAccessors: .Case4
----------------- testing Fri May 04 00:42:54 UTC 2018 /home/travis/build/icyphy/ptII/ptolemy/actor/lib/hoc/test/auto/Case5.xml
----------------- Instantiating /home/travis/build/icyphy/ptII/ptolemy/actor/lib/hoc/test/auto/Case5.xml
63 ms. Memory: 146944K Free: 87036K (59%)
----------------- Invoking toplevel() on ptolemy.moml.MoMLSimpleApplication@323e9e25
----------------- Done invoking toplevel() on ptolemy.moml.MoMLSimpleApplication@323e9e25
reloadAllAccessors: .junk
----------------- testing Fri May 04 00:42:54 UTC 2018 /home/travis/build/icyphy/ptII/ptolemy/actor/lib/hoc/test/auto/Case6.xml
----------------- Instantiating /home/travis/build/icyphy/ptII/ptolemy/actor/lib/hoc/test/auto/Case6.xml
27 ms. Memory: 208384K Free: 195581K (94%)
----------------- Invoking toplevel() on ptolemy.moml.MoMLSimpleApplication@2563781a
----------------- Done invoking toplevel() on ptolemy.moml.MoMLSimpleApplication@2563781a
reloadAllAccessors: .Case6
----------------- testing Fri May 04 00:42:55 UTC 2018 /home/travis/build/icyphy/ptII/ptolemy/actor/lib/hoc/test/auto/CaseString2.xml
----------------- Instantiating /home/travis/build/icyphy/ptII/ptolemy/actor/lib/hoc/test/auto/CaseString2.xml
23 ms. Memory: 208384K Free: 186032K (89%)
----------------- Invoking toplevel() on ptolemy.moml.MoMLSimpleApplication@117587ba
----------------- Done invoking toplevel() on ptolemy.moml.MoMLSimpleApplication@117587ba
reloadAllAccessors: .CaseString2
----------------- testing Fri May 04 00:42:55 UTC 2018 /home/travis/build/icyphy/ptII/ptolemy/actor/lib/hoc/test/auto/CatchUpComposite1.xml
----------------- Instantiating /home/travis/build/icyphy/ptII/ptolemy/actor/lib/hoc/test/auto/CatchUpComposite1.xml
33 ms. Memory: 208384K Free: 176136K (85%)
----------------- Invoking toplevel() on ptolemy.moml.MoMLSimpleApplication@4ad292f8
----------------- Done invoking toplevel() on ptolemy.moml.MoMLSimpleApplication@4ad292f8
reloadAllAccessors: .CatchUpComposite1
----------------- testing Fri May 04 00:42:55 UTC 2018 /home/travis/build/icyphy/ptII/ptolemy/actor/lib/hoc/test/auto/CatchUpComposite2.xml
----------------- Instantiating /home/travis/build/icyphy/ptII/ptolemy/actor/lib/hoc/test/auto/CatchUpComposite2.xml
21 ms. Memory: 208384K Free: 166855K (80%)
----------------- Invoking toplevel() on ptolemy.moml.MoMLSimpleApplication@6e14c4e2
----------------- Done invoking toplevel() on ptolemy.moml.MoMLSimpleApplication@6e14c4e2
reloadAllAccessors: .CatchUpComposite2
----------------- testing Fri May 04 00:42:55 UTC 2018 /home/travis/build/icyphy/ptII/ptolemy/actor/lib/hoc/test/auto/CatchUpComposite3.xml
----------------- Instantiating /home/travis/build/icyphy/ptII/ptolemy/actor/lib/hoc/test/auto/CatchUpComposite3.xml
16 ms. Memory: 208384K Free: 156723K (75%)
----------------- Invoking toplevel() on ptolemy.moml.MoMLSimpleApplication@713cf889
----------------- Done invoking toplevel() on ptolemy.moml.MoMLSimpleApplication@713cf889
reloadAllAccessors: .CatchUpComposite3
----------------- testing Fri May 04 00:42:55 UTC 2018 /home/travis/build/icyphy/ptII/ptolemy/actor/lib/hoc/test/auto/CatchUpComposite4.xml
----------------- Instantiating /home/travis/build/icyphy/ptII/ptolemy/actor/lib/hoc/test/auto/CatchUpComposite4.xml
23 ms. Memory: 208384K Free: 147459K (71%)
----------------- Invoking toplevel() on ptolemy.moml.MoMLSimpleApplication@23f7de8f
----------------- Done invoking toplevel() on ptolemy.moml.MoMLSimpleApplication@23f7de8f
reloadAllAccessors: .CatchUpComposite4
----------------- testing Fri May 04 00:42:55 UTC 2018 /home/travis/build/icyphy/ptII/ptolemy/actor/lib/hoc/test/auto/CatchUpComposite5.xml
----------------- Instantiating /home/travis/build/icyphy/ptII/ptolemy/actor/lib/hoc/test/auto/CatchUpComposite5.xml
13 ms. Memory: 208384K Free: 138857K (67%)
----------------- Invoking toplevel() on ptolemy.moml.MoMLSimpleApplication@1aa42bba
----------------- Done invoking toplevel() on ptolemy.moml.MoMLSimpleApplication@1aa42bba
reloadAllAccessors: .CatchUpComposite5
----------------- testing Fri May 04 00:42:55 UTC 2018 /home/travis/build/icyphy/ptII/ptolemy/actor/lib/hoc/test/auto/CatchUpComposite6.xml
----------------- Instantiating /home/travis/build/icyphy/ptII/ptolemy/actor/lib/hoc/test/auto/CatchUpComposite6.xml
WARNING: The execution aspects in this model can influence the timing of actors by delaying the 
execution, potentially changing the behavior. There is no guarantee that actors fire at the 
time they request to be fired. 
Use Ptides for deterministic DE behavior that is not influenced by execution aspects. 

92 ms. Memory: 208384K Free: 119930K (58%)
----------------- Invoking toplevel() on ptolemy.moml.MoMLSimpleApplication@4aa5f0b9
----------------- Done invoking toplevel() on ptolemy.moml.MoMLSimpleApplication@4aa5f0b9
reloadAllAccessors: .CatchUpComposite6
----------------- testing Fri May 04 00:42:55 UTC 2018 /home/travis/build/icyphy/ptII/ptolemy/actor/lib/hoc/test/auto/CatchUpComposite7.xml
----------------- Instantiating /home/travis/build/icyphy/ptII/ptolemy/actor/lib/hoc/test/auto/CatchUpComposite7.xml
WARNING: The execution aspects in this model can influence the timing of actors by delaying the 
execution, potentially changing the behavior. There is no guarantee that actors fire at the 
time they request to be fired. 
Use Ptides for deterministic DE behavior that is not influenced by execution aspects. 

45 ms. Memory: 208384K Free: 102581K (49%)
----------------- Invoking toplevel() on ptolemy.moml.MoMLSimpleApplication@652aa4
----------------- Done invoking toplevel() on ptolemy.moml.MoMLSimpleApplication@652aa4
reloadAllAccessors: .CatchUpComposite7
----------------- testing Fri May 04 00:42:55 UTC 2018 /home/travis/build/icyphy/ptII/ptolemy/actor/lib/hoc/test/auto/ConcurrentExecutionTimeSDF.xml
----------------- Instantiating /home/travis/build/icyphy/ptII/ptolemy/actor/lib/hoc/test/auto/ConcurrentExecutionTimeSDF.xml
25 ms. Memory: 208384K Free: 93930K (45%)
----------------- Invoking toplevel() on ptolemy.moml.MoMLSimpleApplication@7496d9fb
----------------- Done invoking toplevel() on ptolemy.moml.MoMLSimpleApplication@7496d9fb
reloadAllAccessors: .ConcurrentExecutionTimeSDF
----------------- testing Fri May 04 00:42:55 UTC 2018 /home/travis/build/icyphy/ptII/ptolemy/actor/lib/hoc/test/auto/ConcurrentSleep.xml
----------------- Instantiating /home/travis/build/icyphy/ptII/ptolemy/actor/lib/hoc/test/auto/ConcurrentSleep.xml
762 ms. Memory: 208384K Free: 200867K (96%)
----------------- Invoking toplevel() on ptolemy.moml.MoMLSimpleApplication@33d2e465
----------------- Done invoking toplevel() on ptolemy.moml.MoMLSimpleApplication@33d2e465
reloadAllAccessors: .ConcurrentSleep
----------------- testing Fri May 04 00:42:56 UTC 2018 /home/travis/build/icyphy/ptII/ptolemy/actor/lib/hoc/test/auto/DEInPNInRunCompositeActor.xml
----------------- Instantiating /home/travis/build/icyphy/ptII/ptolemy/actor/lib/hoc/test/auto/DEInPNInRunCompositeActor.xml
11 ms. Memory: 208384K Free: 192938K (93%)
----------------- Invoking toplevel() on ptolemy.moml.MoMLSimpleApplication@401a4d08
----------------- Done invoking toplevel() on ptolemy.moml.MoMLSimpleApplication@401a4d08
reloadAllAccessors: .DEInPNInRunCompositeActor
----------------- testing Fri May 04 00:42:56 UTC 2018 /home/travis/build/icyphy/ptII/ptolemy/actor/lib/hoc/test/auto/DFTSubSetTest.xml
----------------- Instantiating /home/travis/build/icyphy/ptII/ptolemy/actor/lib/hoc/test/auto/DFTSubSetTest.xml
210 ms. Memory: 208384K Free: 145662K (70%)
----------------- Invoking toplevel() on ptolemy.moml.MoMLSimpleApplication@29d7bbcc
----------------- Done invoking toplevel() on ptolemy.moml.MoMLSimpleApplication@29d7bbcc
reloadAllAccessors: .DFTSubSetTest
----------------- testing Fri May 04 00:42:56 UTC 2018 /home/travis/build/icyphy/ptII/ptolemy/actor/lib/hoc/test/auto/HocDE.xml
----------------- Instantiating /home/travis/build/icyphy/ptII/ptolemy/actor/lib/hoc/test/auto/HocDE.xml
144 ms. Memory: 208384K Free: 118140K (57%)
----------------- Invoking toplevel() on ptolemy.moml.MoMLSimpleApplication@6e2e606
----------------- Done invoking toplevel() on ptolemy.moml.MoMLSimpleApplication@6e2e606
reloadAllAccessors: .HocDE
----------------- testing Fri May 04 00:42:57 UTC 2018 /home/travis/build/icyphy/ptII/ptolemy/actor/lib/hoc/test/auto/IterateOverArray.xml
----------------- Instantiating /home/travis/build/icyphy/ptII/ptolemy/actor/lib/hoc/test/auto/IterateOverArray.xml
7 ms. Memory: 208384K Free: 113684K (55%)
----------------- Invoking toplevel() on ptolemy.moml.MoMLSimpleApplication@1d4121f
----------------- Done invoking toplevel() on ptolemy.moml.MoMLSimpleApplication@1d4121f
reloadAllAccessors: .IterateOverArray
----------------- testing Fri May 04 00:42:57 UTC 2018 /home/travis/build/icyphy/ptII/ptolemy/actor/lib/hoc/test/auto/IterateOverArray10.xml
----------------- Instantiating /home/travis/build/icyphy/ptII/ptolemy/actor/lib/hoc/test/auto/IterateOverArray10.xml
5 ms. Memory: 208384K Free: 109624K (53%)
----------------- Invoking toplevel() on ptolemy.moml.MoMLSimpleApplication@131bb316
----------------- Done invoking toplevel() on ptolemy.moml.MoMLSimpleApplication@131bb316
reloadAllAccessors: .IterateOverArray10
----------------- testing Fri May 04 00:42:57 UTC 2018 /home/travis/build/icyphy/ptII/ptolemy/actor/lib/hoc/test/auto/IterateOverArray11.xml
----------------- Instantiating /home/travis/build/icyphy/ptII/ptolemy/actor/lib/hoc/test/auto/IterateOverArray11.xml
5 ms. Memory: 208384K Free: 105184K (50%)
----------------- Invoking toplevel() on ptolemy.moml.MoMLSimpleApplication@3e4cf420
----------------- Done invoking toplevel() on ptolemy.moml.MoMLSimpleApplication@3e4cf420
reloadAllAccessors: .IterateOverArray11
----------------- testing Fri May 04 00:42:57 UTC 2018 /home/travis/build/icyphy/ptII/ptolemy/actor/lib/hoc/test/auto/IterateOverArray12.xml
----------------- Instantiating /home/travis/build/icyphy/ptII/ptolemy/actor/lib/hoc/test/auto/IterateOverArray12.xml
17 ms. Memory: 208384K Free: 98142K (47%)
----------------- Invoking toplevel() on ptolemy.moml.MoMLSimpleApplication@203e14f0
----------------- Done invoking toplevel() on ptolemy.moml.MoMLSimpleApplication@203e14f0
reloadAllAccessors: .IterateOverArray12
----------------- testing Fri May 04 00:42:57 UTC 2018 /home/travis/build/icyphy/ptII/ptolemy/actor/lib/hoc/test/auto/IterateOverArray13.xml
----------------- Instantiating /home/travis/build/icyphy/ptII/ptolemy/actor/lib/hoc/test/auto/IterateOverArray13.xml
81 ms. Memory: 331264K Free: 313174K (95%)
----------------- Invoking toplevel() on ptolemy.moml.MoMLSimpleApplication@652d12f6
----------------- Done invoking toplevel() on ptolemy.moml.MoMLSimpleApplication@652d12f6
reloadAllAccessors: .IterateOverArray13
----------------- testing Fri May 04 00:42:57 UTC 2018 /home/travis/build/icyphy/ptII/ptolemy/actor/lib/hoc/test/auto/IterateOverArray14.xml
----------------- Instantiating /home/travis/build/icyphy/ptII/ptolemy/actor/lib/hoc/test/auto/IterateOverArray14.xml
74 ms. Memory: 331264K Free: 276113K (83%)
----------------- Invoking toplevel() on ptolemy.moml.MoMLSimpleApplication@383d0b4f
----------------- Done invoking toplevel() on ptolemy.moml.MoMLSimpleApplication@383d0b4f
reloadAllAccessors: .IterateOverArray14
----------------- testing Fri May 04 00:42:57 UTC 2018 /home/travis/build/icyphy/ptII/ptolemy/actor/lib/hoc/test/auto/IterateOverArray2.xml
----------------- Instantiating /home/travis/build/icyphy/ptII/ptolemy/actor/lib/hoc/test/auto/IterateOverArray2.xml
8 ms. Memory: 331264K Free: 271218K (82%)
----------------- Invoking toplevel() on ptolemy.moml.MoMLSimpleApplication@71ff7ebf
----------------- Done invoking toplevel() on ptolemy.moml.MoMLSimpleApplication@71ff7ebf
reloadAllAccessors: .IterateOverArray2
----------------- testing Fri May 04 00:42:57 UTC 2018 /home/travis/build/icyphy/ptII/ptolemy/actor/lib/hoc/test/auto/IterateOverArray3.xml
----------------- Instantiating /home/travis/build/icyphy/ptII/ptolemy/actor/lib/hoc/test/auto/IterateOverArray3.xml
17 ms. Memory: 331264K Free: 263526K (80%)
----------------- Invoking toplevel() on ptolemy.moml.MoMLSimpleApplication@50814bd1
----------------- Done invoking toplevel() on ptolemy.moml.MoMLSimpleApplication@50814bd1
reloadAllAccessors: .IterateOverArray3
----------------- testing Fri May 04 00:42:57 UTC 2018 /home/travis/build/icyphy/ptII/ptolemy/actor/lib/hoc/test/auto/IterateOverArray4.xml
----------------- Instantiating /home/travis/build/icyphy/ptII/ptolemy/actor/lib/hoc/test/auto/IterateOverArray4.xml
10 ms. Memory: 331264K Free: 258631K (78%)
----------------- Invoking toplevel() on ptolemy.moml.MoMLSimpleApplication@7685566f
----------------- Done invoking toplevel() on ptolemy.moml.MoMLSimpleApplication@7685566f
reloadAllAccessors: .IterateOverArray4
----------------- testing Fri May 04 00:42:57 UTC 2018 /home/travis/build/icyphy/ptII/ptolemy/actor/lib/hoc/test/auto/IterateOverArray5.xml
----------------- Instantiating /home/travis/build/icyphy/ptII/ptolemy/actor/lib/hoc/test/auto/IterateOverArray5.xml
3 ms. Memory: 331264K Free: 253736K (77%)
----------------- Invoking toplevel() on ptolemy.moml.MoMLSimpleApplication@14e56ecf
----------------- Done invoking toplevel() on ptolemy.moml.MoMLSimpleApplication@14e56ecf
reloadAllAccessors: .IterateOverArray5
----------------- testing Fri May 04 00:42:57 UTC 2018 /home/travis/build/icyphy/ptII/ptolemy/actor/lib/hoc/test/auto/IterateOverArray6.xml
----------------- Instantiating /home/travis/build/icyphy/ptII/ptolemy/actor/lib/hoc/test/auto/IterateOverArray6.xml
3 ms. Memory: 331264K Free: 248981K (75%)
----------------- Invoking toplevel() on ptolemy.moml.MoMLSimpleApplication@6b738eba
----------------- Done invoking toplevel() on ptolemy.moml.MoMLSimpleApplication@6b738eba
reloadAllAccessors: .IterateOverArray6
----------------- testing Fri May 04 00:42:57 UTC 2018 /home/travis/build/icyphy/ptII/ptolemy/actor/lib/hoc/test/auto/IterateOverArray7.xml
----------------- Instantiating /home/travis/build/icyphy/ptII/ptolemy/actor/lib/hoc/test/auto/IterateOverArray7.xml
4 ms. Memory: 331264K Free: 243100K (73%)
----------------- Invoking toplevel() on ptolemy.moml.MoMLSimpleApplication@561cdbb3
----------------- Done invoking toplevel() on ptolemy.moml.MoMLSimpleApplication@561cdbb3
reloadAllAccessors: .IterateOverArray7
----------------- testing Fri May 04 00:42:57 UTC 2018 /home/travis/build/icyphy/ptII/ptolemy/actor/lib/hoc/test/auto/IterateOverArray8.xml
----------------- Instantiating /home/travis/build/icyphy/ptII/ptolemy/actor/lib/hoc/test/auto/IterateOverArray8.xml
3 ms. Memory: 331264K Free: 237366K (72%)
----------------- Invoking toplevel() on ptolemy.moml.MoMLSimpleApplication@6f611b2d
----------------- Done invoking toplevel() on ptolemy.moml.MoMLSimpleApplication@6f611b2d
reloadAllAccessors: .IterateOverArray8
----------------- testing Fri May 04 00:42:57 UTC 2018 /home/travis/build/icyphy/ptII/ptolemy/actor/lib/hoc/test/auto/IterateOverArray9.xml
----------------- Instantiating /home/travis/build/icyphy/ptII/ptolemy/actor/lib/hoc/test/auto/IterateOverArray9.xml
4 ms. Memory: 331264K Free: 233450K (70%)
----------------- Invoking toplevel() on ptolemy.moml.MoMLSimpleApplication@141dc7a4
----------------- Done invoking toplevel() on ptolemy.moml.MoMLSimpleApplication@141dc7a4
reloadAllAccessors: .IterateOverArray9
----------------- testing Fri May 04 00:42:57 UTC 2018 /home/travis/build/icyphy/ptII/ptolemy/actor/lib/hoc/test/auto/IterateOverArrayCoercedOutputType.xml
----------------- Instantiating /home/travis/build/icyphy/ptII/ptolemy/actor/lib/hoc/test/auto/IterateOverArrayCoercedOutputType.xml
4 ms. Memory: 331264K Free: 226597K (68%)
----------------- Invoking toplevel() on ptolemy.moml.MoMLSimpleApplication@1684d01d
----------------- Done invoking toplevel() on ptolemy.moml.MoMLSimpleApplication@1684d01d
reloadAllAccessors: .IterateOverArrayCoercedOutputType
----------------- testing Fri May 04 00:42:57 UTC 2018 /home/travis/build/icyphy/ptII/ptolemy/actor/lib/hoc/test/auto/IterateOverArrayInferredOutputType.xml
----------------- Instantiating /home/travis/build/icyphy/ptII/ptolemy/actor/lib/hoc/test/auto/IterateOverArrayInferredOutputType.xml
6 ms. Memory: 331264K Free: 220863K (67%)
----------------- Invoking toplevel() on ptolemy.moml.MoMLSimpleApplication@7f3e6aa0
----------------- Done invoking toplevel() on ptolemy.moml.MoMLSimpleApplication@7f3e6aa0
reloadAllAccessors: .IterateOverArrayInferredOutputType
----------------- testing Fri May 04 00:42:57 UTC 2018 /home/travis/build/icyphy/ptII/ptolemy/actor/lib/hoc/test/auto/MobileFunctionTest.xml
----------------- Instantiating /home/travis/build/icyphy/ptII/ptolemy/actor/lib/hoc/test/auto/MobileFunctionTest.xml
10 ms. Memory: 331264K Free: 215968K (65%)
----------------- Invoking toplevel() on ptolemy.moml.MoMLSimpleApplication@5e2ad1e2
----------------- Done invoking toplevel() on ptolemy.moml.MoMLSimpleApplication@5e2ad1e2
reloadAllAccessors: .MobileFunctionTest
----------------- testing Fri May 04 00:42:57 UTC 2018 /home/travis/build/icyphy/ptII/ptolemy/actor/lib/hoc/test/auto/MobileModelTest.xml
----------------- Instantiating /home/travis/build/icyphy/ptII/ptolemy/actor/lib/hoc/test/auto/MobileModelTest.xml
93 ms. Memory: 331264K Free: 194538K (59%)
----------------- Invoking toplevel() on ptolemy.moml.MoMLSimpleApplication@6e51df16
----------------- Done invoking toplevel() on ptolemy.moml.MoMLSimpleApplication@6e51df16
reloadAllAccessors: .MobileModelTest
----------------- testing Fri May 04 00:42:58 UTC 2018 /home/travis/build/icyphy/ptII/ptolemy/actor/lib/hoc/test/auto/ModelReference.xml
----------------- Instantiating /home/travis/build/icyphy/ptII/ptolemy/actor/lib/hoc/test/auto/ModelReference.xml
2 ms. Memory: 331264K Free: 186674K (56%)
3 ms. Memory: 331264K Free: 185695K (56%)
2 ms. Memory: 331264K Free: 184716K (56%)
1 ms. Memory: 331264K Free: 183737K (55%)
2 ms. Memory: 331264K Free: 182758K (55%)
2 ms. Memory: 331264K Free: 182758K (55%)
2 ms. Memory: 331264K Free: 181779K (55%)
3 ms. Memory: 331264K Free: 180800K (55%)
1 ms. Memory: 331264K Free: 179821K (54%)
1 ms. Memory: 331264K Free: 178842K (54%)
34 ms. Memory: 331264K Free: 178842K (54%)
----------------- Invoking toplevel() on ptolemy.moml.MoMLSimpleApplication@1c585797
----------------- Done invoking toplevel() on ptolemy.moml.MoMLSimpleApplication@1c585797
reloadAllAccessors: .ModelReference
----------------- testing Fri May 04 00:42:58 UTC 2018 /home/travis/build/icyphy/ptII/ptolemy/actor/lib/hoc/test/auto/ModelReference3.xml
----------------- Instantiating /home/travis/build/icyphy/ptII/ptolemy/actor/lib/hoc/test/auto/ModelReference3.xml
2 ms. Memory: 331264K Free: 173947K (53%)
7 ms. Memory: 331264K Free: 172968K (52%)
1 ms. Memory: 331264K Free: 171990K (52%)
5 ms. Memory: 331264K Free: 171011K (52%)
1 ms. Memory: 331264K Free: 171011K (52%)
1 ms. Memory: 331264K Free: 170032K (51%)
2 ms. Memory: 331264K Free: 169053K (51%)
3 ms. Memory: 331264K Free: 168074K (51%)
4 ms. Memory: 331264K Free: 167095K (50%)
2 ms. Memory: 331264K Free: 166116K (50%)
37 ms. Memory: 331264K Free: 166116K (50%)
----------------- Invoking toplevel() on ptolemy.moml.MoMLSimpleApplication@48f145a4
----------------- Done invoking toplevel() on ptolemy.moml.MoMLSimpleApplication@48f145a4
reloadAllAccessors: .ModelReference3
----------------- testing Fri May 04 00:42:58 UTC 2018 /home/travis/build/icyphy/ptII/ptolemy/actor/lib/hoc/test/auto/ModelReference4.xml
----------------- Instantiating /home/travis/build/icyphy/ptII/ptolemy/actor/lib/hoc/test/auto/ModelReference4.xml
4 ms. Memory: 331264K Free: 160382K (48%)
3 ms. Memory: 331264K Free: 158424K (48%)
4 ms. Memory: 331264K Free: 157445K (48%)
8 ms. Memory: 331264K Free: 156466K (47%)
3 ms. Memory: 331264K Free: 155487K (47%)
6 ms. Memory: 331264K Free: 153529K (46%)
4 ms. Memory: 331264K Free: 152550K (46%)
4 ms. Memory: 331264K Free: 151571K (46%)
4 ms. Memory: 331264K Free: 150592K (45%)
7 ms. Memory: 331264K Free: 149613K (45%)
10036 ms. Memory: 331264K Free: 149613K (45%)
----------------- Invoking toplevel() on ptolemy.moml.MoMLSimpleApplication@48c81d7
----------------- Done invoking toplevel() on ptolemy.moml.MoMLSimpleApplication@48c81d7
reloadAllAccessors: .ModelReference4
----------------- testing Fri May 04 00:43:08 UTC 2018 /home/travis/build/icyphy/ptII/ptolemy/actor/lib/hoc/test/auto/MultiInstanceComposite.xml
----------------- Instantiating /home/travis/build/icyphy/ptII/ptolemy/actor/lib/hoc/test/auto/MultiInstanceComposite.xml
33 ms. Memory: 331264K Free: 132850K (40%)
----------------- Invoking toplevel() on ptolemy.moml.MoMLSimpleApplication@29feb933
----------------- Done invoking toplevel() on ptolemy.moml.MoMLSimpleApplication@29feb933
reloadAllAccessors: .MultiInstanceComposite
----------------- testing Fri May 04 00:43:08 UTC 2018 /home/travis/build/icyphy/ptII/ptolemy/actor/lib/hoc/test/auto/MultiInstanceComposite2.xml
----------------- Instantiating /home/travis/build/icyphy/ptII/ptolemy/actor/lib/hoc/test/auto/MultiInstanceComposite2.xml
29 ms. Memory: 331264K Free: 119205K (36%)
----------------- Invoking toplevel() on ptolemy.moml.MoMLSimpleApplication@55f3b903
----------------- Done invoking toplevel() on ptolemy.moml.MoMLSimpleApplication@55f3b903
reloadAllAccessors: .MultiInstanceComposite2
----------------- testing Fri May 04 00:43:08 UTC 2018 /home/travis/build/icyphy/ptII/ptolemy/actor/lib/hoc/test/auto/MulticoreExecution.xml
----------------- Instantiating /home/travis/build/icyphy/ptII/ptolemy/actor/lib/hoc/test/auto/MulticoreExecution.xml
10063 ms. Memory: 331264K Free: 107369K (32%)
----------------- Invoking toplevel() on ptolemy.moml.MoMLSimpleApplication@11396903
----------------- Done invoking toplevel() on ptolemy.moml.MoMLSimpleApplication@11396903
reloadAllAccessors: .MulticoreExecution
----------------- testing Fri May 04 00:43:18 UTC 2018 /home/travis/build/icyphy/ptII/ptolemy/actor/lib/hoc/test/auto/ParallelExecution.xml
----------------- Instantiating /home/travis/build/icyphy/ptII/ptolemy/actor/lib/hoc/test/auto/ParallelExecution.xml
924 ms. Memory: 331264K Free: 97523K (29%)
----------------- Invoking toplevel() on ptolemy.moml.MoMLSimpleApplication@13c9b2e4
----------------- Done invoking toplevel() on ptolemy.moml.MoMLSimpleApplication@13c9b2e4
reloadAllAccessors: .ParallelExecution
----------------- testing Fri May 04 00:43:19 UTC 2018 /home/travis/build/icyphy/ptII/ptolemy/actor/lib/hoc/test/auto/RunCompositeActor.xml
----------------- Instantiating /home/travis/build/icyphy/ptII/ptolemy/actor/lib/hoc/test/auto/RunCompositeActor.xml
17 ms. Memory: 331264K Free: 88772K (27%)
----------------- Invoking toplevel() on ptolemy.moml.MoMLSimpleApplication@4c16bea6
----------------- Done invoking toplevel() on ptolemy.moml.MoMLSimpleApplication@4c16bea6
reloadAllAccessors: .RunCompositeActor
----------------- testing Fri May 04 00:43:19 UTC 2018 /home/travis/build/icyphy/ptII/ptolemy/actor/lib/hoc/test/auto/RunCompositeActor2.xml
----------------- Instantiating /home/travis/build/icyphy/ptII/ptolemy/actor/lib/hoc/test/auto/RunCompositeActor2.xml
5 ms. Memory: 331264K Free: 81871K (25%)
----------------- Invoking toplevel() on ptolemy.moml.MoMLSimpleApplication@235363a1
----------------- Done invoking toplevel() on ptolemy.moml.MoMLSimpleApplication@235363a1
reloadAllAccessors: .RunCompositeActor2
----------------- testing Fri May 04 00:43:19 UTC 2018 /home/travis/build/icyphy/ptII/ptolemy/actor/lib/hoc/test/auto/RunCompositeActor3.xml
----------------- Instantiating /home/travis/build/icyphy/ptII/ptolemy/actor/lib/hoc/test/auto/RunCompositeActor3.xml
4 ms. Memory: 332288K Free: 318773K (96%)
----------------- Invoking toplevel() on ptolemy.moml.MoMLSimpleApplication@4268b671
----------------- Done invoking toplevel() on ptolemy.moml.MoMLSimpleApplication@4268b671
reloadAllAccessors: .RunCompositeActor3
----------------- testing Fri May 04 00:43:19 UTC 2018 /home/travis/build/icyphy/ptII/ptolemy/actor/lib/hoc/test/auto/RunCompositeActor4.xml
----------------- Instantiating /home/travis/build/icyphy/ptII/ptolemy/actor/lib/hoc/test/auto/RunCompositeActor4.xml
14 ms. Memory: 332288K Free: 309384K (93%)
----------------- Invoking toplevel() on ptolemy.moml.MoMLSimpleApplication@aab3926
----------------- Done invoking toplevel() on ptolemy.moml.MoMLSimpleApplication@aab3926
reloadAllAccessors: .RunCompositeActor4
----------------- testing Fri May 04 00:43:19 UTC 2018 /home/travis/build/icyphy/ptII/ptolemy/actor/lib/hoc/test/auto/RunCompositeIterateOverArray.xml
----------------- Instantiating /home/travis/build/icyphy/ptII/ptolemy/actor/lib/hoc/test/auto/RunCompositeIterateOverArray.xml
14 ms. Memory: 332288K Free: 302586K (91%)
----------------- Invoking toplevel() on ptolemy.moml.MoMLSimpleApplication@1e25bf4b
----------------- Done invoking toplevel() on ptolemy.moml.MoMLSimpleApplication@1e25bf4b
reloadAllAccessors: .RunCompositeIterateOverArray
----------------- testing Fri May 04 00:43:19 UTC 2018 /home/travis/build/icyphy/ptII/ptolemy/actor/lib/hoc/test/auto/ThreadedJS.xml
----------------- Instantiating /home/travis/build/icyphy/ptII/ptolemy/actor/lib/hoc/test/auto/ThreadedJS.xml
2028 ms. Memory: 538624K Free: 168651K (31%)
----------------- Invoking toplevel() on ptolemy.moml.MoMLSimpleApplication@a9a628f
----------------- Done invoking toplevel() on ptolemy.moml.MoMLSimpleApplication@a9a628f
reloadAllAccessors: .ThreadedJS
AutoTests.java: About to close Vertx.
AutoTests.java: Vertx closed.
]]></system-out>
  <system-err><![CDATA[java.lang.RuntimeException: Execution failed
	at ptolemy.moml.MoMLSimpleApplication$UnloadThread.run(MoMLSimpleApplication.java:402)
Caused by: ptolemy.kernel.util.IllegalActionException: initialize() was called after wrapup() was called but preinitialize() was not called after wrapup().
	at ptolemy.actor.lib.hoc.test.PreinitializeMustBeInvoked.initialize(PreinitializeMustBeInvoked.java:78)
	at ptolemy.actor.Director.initialize(Director.java:938)
	at ptolemy.actor.Director.initialize(Director.java:907)
	at ptolemy.actor.sched.StaticSchedulingDirector.initialize(StaticSchedulingDirector.java:159)
	at ptolemy.domains.sdf.kernel.SDFDirector.initialize(SDFDirector.java:544)
	at ptolemy.actor.CompositeActor.initialize(CompositeActor.java:935)
	at ptolemy.actor.lib.hoc.LifeCycleManager._executeInsideModel(LifeCycleManager.java:339)
	at ptolemy.actor.lib.hoc.RunCompositeActor.fire(RunCompositeActor.java:205)
	at ptolemy.actor.CompositeActor.iterate(CompositeActor.java:1146)
	at ptolemy.actor.sched.StaticSchedulingDirector.fire(StaticSchedulingDirector.java:216)
	at ptolemy.domains.sdf.kernel.SDFDirector.fire(SDFDirector.java:500)
	at ptolemy.actor.CompositeActor.fire(CompositeActor.java:455)
	at ptolemy.actor.Manager.iterate(Manager.java:851)
	at ptolemy.actor.Manager.execute(Manager.java:369)
	at ptolemy.actor.Manager.run(Manager.java:1263)
	at ptolemy.actor.Manager$PtolemyRunThread.run(Manager.java:1915)
java.lang.reflect.InvocationTargetException
	at sun.reflect.NativeConstructorAccessorImpl.newInstance0(Native Method)
	at sun.reflect.NativeConstructorAccessorImpl.newInstance(NativeConstructorAccessorImpl.java:62)
	at sun.reflect.DelegatingConstructorAccessorImpl.newInstance(DelegatingConstructorAccessorImpl.java:45)
	at java.lang.reflect.Constructor.newInstance(Constructor.java:423)
	at ptolemy.util.test.junit.AutoKnownFailedTests.RunModel(AutoKnownFailedTests.java:107)
	at sun.reflect.NativeMethodAccessorImpl.invoke0(Native Method)
	at sun.reflect.NativeMethodAccessorImpl.invoke(NativeMethodAccessorImpl.java:62)
	at sun.reflect.DelegatingMethodAccessorImpl.invoke(DelegatingMethodAccessorImpl.java:43)
	at java.lang.reflect.Method.invoke(Method.java:498)
	at org.junit.runners.model.FrameworkMethod$1.runReflectiveCall(FrameworkMethod.java:44)
	at org.junit.internal.runners.model.ReflectiveCallable.run(ReflectiveCallable.java:15)
	at org.junit.runners.model.FrameworkMethod.invokeExplosively(FrameworkMethod.java:41)
	at junitparams.internal.InvokeParameterisedMethod.evaluate(InvokeParameterisedMethod.java:102)
	at org.junit.internal.runners.statements.FailOnTimeout$1.run(FailOnTimeout.java:28)
Caused by: ptolemy.kernel.util.IllegalActionException: initialize() was called after wrapup() was called but preinitialize() was not called after wrapup().
	at ptolemy.actor.lib.hoc.test.PreinitializeMustBeInvoked.initialize(PreinitializeMustBeInvoked.java:78)
	at ptolemy.actor.Director.initialize(Director.java:938)
	at ptolemy.actor.Director.initialize(Director.java:907)
	at ptolemy.actor.sched.StaticSchedulingDirector.initialize(StaticSchedulingDirector.java:159)
	at ptolemy.domains.sdf.kernel.SDFDirector.initialize(SDFDirector.java:544)
	at ptolemy.actor.CompositeActor.initialize(CompositeActor.java:935)
	at ptolemy.actor.lib.hoc.LifeCycleManager._executeInsideModel(LifeCycleManager.java:339)
	at ptolemy.actor.lib.hoc.RunCompositeActor.fire(RunCompositeActor.java:205)
	at ptolemy.actor.CompositeActor.iterate(CompositeActor.java:1146)
	at ptolemy.actor.sched.StaticSchedulingDirector.fire(StaticSchedulingDirector.java:216)
	at ptolemy.domains.sdf.kernel.SDFDirector.fire(SDFDirector.java:500)
	at ptolemy.actor.CompositeActor.fire(CompositeActor.java:455)
	at ptolemy.actor.Manager.iterate(Manager.java:851)
	at ptolemy.actor.Manager.execute(Manager.java:369)
	at ptolemy.actor.Manager.run(Manager.java:1263)
	at ptolemy.actor.Manager$PtolemyRunThread.run(Manager.java:1915)
]]></system-err>
</testsuite>
