<?xml version="1.0" encoding="UTF-8" ?>
<testsuite errors="0" failures="0" hostname="travis-job-ccba40a2-b4dd-4828-a064-b39809f4f537" name="ptolemy.domains.sdf.test.junit.JUnitTclTest" skipped="0" tests="66" time="18.587" timestamp="2018-05-13T01:08:03">
  <properties>
[...]
</properties>
  <testcase classname="ptolemy.util.test.junit.TclTests" name="[0] /home/travis/build/icyphy/ptII/ptolemy/domains/sdf/test/SDFSchedulerErrors.tcl (RunTclFile)" time="0.589" />
  <testcase classname="ptolemy.util.test.junit.TclTests" name="[1] /home/travis/build/icyphy/ptII/ptolemy/domains/sdf/test/composition.tcl (RunTclFile)" time="0.108" />
  <testcase classname="ptolemy.util.test.junit.TclTests" name="[2] /home/travis/build/icyphy/ptII/ptolemy/domains/sdf/test/cycle.tcl (RunTclFile)" time="0.038" />
  <testcase classname="ptolemy.util.test.junit.AutoKnownFailedTests" name="[0] ThereAreNoKnowFailedTests (RunModel)" time="0.007" />
  <testcase classname="ptolemy.util.test.junit.AutoNameArchTests" name="[0] ThereAreNoAutoTests (RunModel)" time="0.001" />
  <testcase classname="ptolemy.util.test.junit.AutoTests" name="[0] /home/travis/build/icyphy/ptII/ptolemy/domains/sdf/test/auto/Array.xml (RunModel)" time="0.148" />
  <testcase classname="ptolemy.util.test.junit.AutoTests" name="[1] /home/travis/build/icyphy/ptII/ptolemy/domains/sdf/test/auto/Butterfly.xml (RunModel)" time="0.084" />
  <testcase classname="ptolemy.util.test.junit.AutoTests" name="[2] /home/travis/build/icyphy/ptII/ptolemy/domains/sdf/test/auto/Expression.xml (RunModel)" time="0.054" />
  <testcase classname="ptolemy.util.test.junit.AutoTests" name="[3] /home/travis/build/icyphy/ptII/ptolemy/domains/sdf/test/auto/Eye.xml (RunModel)" time="0.352" />
  <testcase classname="ptolemy.util.test.junit.AutoTests" name="[4] /home/travis/build/icyphy/ptII/ptolemy/domains/sdf/test/auto/FixFIR.xml (RunModel)" time="0.29" />
  <testcase classname="ptolemy.util.test.junit.AutoTests" name="[5] /home/travis/build/icyphy/ptII/ptolemy/domains/sdf/test/auto/FixPoint.xml (RunModel)" time="0.026" />
  <testcase classname="ptolemy.util.test.junit.AutoTests" name="[6] /home/travis/build/icyphy/ptII/ptolemy/domains/sdf/test/auto/Gravitation.xml (RunModel)" time="3.264" />
  <testcase classname="ptolemy.util.test.junit.AutoTests" name="[7] /home/travis/build/icyphy/ptII/ptolemy/domains/sdf/test/auto/GravitationWithCollisionDetection.xml (RunModel)" time="5.768" />
  <testcase classname="ptolemy.util.test.junit.AutoTests" name="[8] /home/travis/build/icyphy/ptII/ptolemy/domains/sdf/test/auto/HDF.xml (RunModel)" time="0.095" />
  <testcase classname="ptolemy.util.test.junit.AutoTests" name="[9] /home/travis/build/icyphy/ptII/ptolemy/domains/sdf/test/auto/HDFwithTransientStates.xml (RunModel)" time="0.082" />
  <testcase classname="ptolemy.util.test.junit.AutoTests" name="[10] /home/travis/build/icyphy/ptII/ptolemy/domains/sdf/test/auto/HTVQ.xml (RunModel)" time="0.763" />
  <testcase classname="ptolemy.util.test.junit.AutoTests" name="[11] /home/travis/build/icyphy/ptII/ptolemy/domains/sdf/test/auto/InferInitProduction.xml (RunModel)" time="0.031" />
  <testcase classname="ptolemy.util.test.junit.AutoTests" name="[12] /home/travis/build/icyphy/ptII/ptolemy/domains/sdf/test/auto/InferInitProductionDeeper.xml (RunModel)" time="0.037" />
  <testcase classname="ptolemy.util.test.junit.AutoTests" name="[13] /home/travis/build/icyphy/ptII/ptolemy/domains/sdf/test/auto/LMSAdaptive.xml (RunModel)" time="0.075" />
  <testcase classname="ptolemy.util.test.junit.AutoTests" name="[14] /home/travis/build/icyphy/ptII/ptolemy/domains/sdf/test/auto/LogisticMap.xml (RunModel)" time="0.475" />
  <testcase classname="ptolemy.util.test.junit.AutoTests" name="[15] /home/travis/build/icyphy/ptII/ptolemy/domains/sdf/test/auto/MaximumEntropySpectrum.xml (RunModel)" time="0.25" />
  <testcase classname="ptolemy.util.test.junit.AutoTests" name="[16] /home/travis/build/icyphy/ptII/ptolemy/domains/sdf/test/auto/MultirateSDF.xml (RunModel)" time="0.068" />
  <testcase classname="ptolemy.util.test.junit.AutoTests" name="[17] /home/travis/build/icyphy/ptII/ptolemy/domains/sdf/test/auto/MultirateSDFwithTransientStates.xml (RunModel)" time="0.073" />
  <testcase classname="ptolemy.util.test.junit.AutoTests" name="[18] /home/travis/build/icyphy/ptII/ptolemy/domains/sdf/test/auto/NoisySinewave.xml (RunModel)" time="0.061" />
  <testcase classname="ptolemy.util.test.junit.AutoTests" name="[19] /home/travis/build/icyphy/ptII/ptolemy/domains/sdf/test/auto/Objects.xml (RunModel)" time="0.067" />
  <testcase classname="ptolemy.util.test.junit.AutoTests" name="[20] /home/travis/build/icyphy/ptII/ptolemy/domains/sdf/test/auto/OrthogonalCom.xml (RunModel)" time="0.045" />
  <testcase classname="ptolemy.util.test.junit.AutoTests" name="[21] /home/travis/build/icyphy/ptII/ptolemy/domains/sdf/test/auto/RijndaelEncryption.xml (RunModel)" time="0.453" />
  <testcase classname="ptolemy.util.test.junit.AutoTests" name="[22] /home/travis/build/icyphy/ptII/ptolemy/domains/sdf/test/auto/SDFEmptyIterations.xml (RunModel)" time="0.026" />
  <testcase classname="ptolemy.util.test.junit.AutoTests" name="[23] /home/travis/build/icyphy/ptII/ptolemy/domains/sdf/test/auto/Spectrum.xml (RunModel)" time="0.077" />
  <testcase classname="ptolemy.util.test.junit.AutoTests" name="[24] /home/travis/build/icyphy/ptII/ptolemy/domains/sdf/test/auto/de_inside_sdf.xml (RunModel)" time="0.023" />
  <testcase classname="ptolemy.util.test.junit.AutoTests" name="[25] /home/travis/build/icyphy/ptII/ptolemy/domains/sdf/test/auto/disconnectedHierarchicalSDF.xml (RunModel)" time="0.023" />
  <testcase classname="ptolemy.util.test.junit.AutoTests" name="[26] /home/travis/build/icyphy/ptII/ptolemy/domains/sdf/test/auto/disconnectedSDF.xml (RunModel)" time="0.019" />
  <testcase classname="ptolemy.util.test.junit.AutoTests" name="[27] /home/travis/build/icyphy/ptII/ptolemy/domains/sdf/test/auto/emptyRefinement.xml (RunModel)" time="0.016" />
  <testcase classname="ptolemy.util.test.junit.AutoTests" name="[28] /home/travis/build/icyphy/ptII/ptolemy/domains/sdf/test/auto/filePortParameter.xml (RunModel)" time="0.035" />
  <testcase classname="ptolemy.util.test.junit.AutoTests" name="[29] /home/travis/build/icyphy/ptII/ptolemy/domains/sdf/test/auto/inferRelationWidth1.xml (RunModel)" time="0.01" />
  <testcase classname="ptolemy.util.test.junit.AutoTests" name="[30] /home/travis/build/icyphy/ptII/ptolemy/domains/sdf/test/auto/initProductionInference.xml (RunModel)" time="0.016" />
  <testcase classname="ptolemy.util.test.junit.AutoTests" name="[31] /home/travis/build/icyphy/ptII/ptolemy/domains/sdf/test/auto/relationGroup.xml (RunModel)" time="0.011" />
  <testcase classname="ptolemy.util.test.junit.AutoTests" name="[32] /home/travis/build/icyphy/ptII/ptolemy/domains/sdf/test/auto/relationGroup10.xml (RunModel)" time="0.01" />
  <testcase classname="ptolemy.util.test.junit.AutoTests" name="[33] /home/travis/build/icyphy/ptII/ptolemy/domains/sdf/test/auto/relationGroup11.xml (RunModel)" time="0.012" />
  <testcase classname="ptolemy.util.test.junit.AutoTests" name="[34] /home/travis/build/icyphy/ptII/ptolemy/domains/sdf/test/auto/relationGroup12.xml (RunModel)" time="0.01" />
  <testcase classname="ptolemy.util.test.junit.AutoTests" name="[35] /home/travis/build/icyphy/ptII/ptolemy/domains/sdf/test/auto/relationGroup13.xml (RunModel)" time="0.018" />
  <testcase classname="ptolemy.util.test.junit.AutoTests" name="[36] /home/travis/build/icyphy/ptII/ptolemy/domains/sdf/test/auto/relationGroup14.xml (RunModel)" time="0.012" />
  <testcase classname="ptolemy.util.test.junit.AutoTests" name="[37] /home/travis/build/icyphy/ptII/ptolemy/domains/sdf/test/auto/relationGroup15.xml (RunModel)" time="0.009" />
  <testcase classname="ptolemy.util.test.junit.AutoTests" name="[38] /home/travis/build/icyphy/ptII/ptolemy/domains/sdf/test/auto/relationGroup2.xml (RunModel)" time="0.009" />
  <testcase classname="ptolemy.util.test.junit.AutoTests" name="[39] /home/travis/build/icyphy/ptII/ptolemy/domains/sdf/test/auto/relationGroup3.xml (RunModel)" time="0.007" />
  <testcase classname="ptolemy.util.test.junit.AutoTests" name="[40] /home/travis/build/icyphy/ptII/ptolemy/domains/sdf/test/auto/relationGroup4.xml (RunModel)" time="0.013" />
  <testcase classname="ptolemy.util.test.junit.AutoTests" name="[41] /home/travis/build/icyphy/ptII/ptolemy/domains/sdf/test/auto/relationGroup5.xml (RunModel)" time="0.01" />
  <testcase classname="ptolemy.util.test.junit.AutoTests" name="[42] /home/travis/build/icyphy/ptII/ptolemy/domains/sdf/test/auto/relationGroup6.xml (RunModel)" time="0.017" />
  <testcase classname="ptolemy.util.test.junit.AutoTests" name="[43] /home/travis/build/icyphy/ptII/ptolemy/domains/sdf/test/auto/relationGroup7.xml (RunModel)" time="0.011" />
  <testcase classname="ptolemy.util.test.junit.AutoTests" name="[44] /home/travis/build/icyphy/ptII/ptolemy/domains/sdf/test/auto/relationGroup8.xml (RunModel)" time="0.012" />
  <testcase classname="ptolemy.util.test.junit.AutoTests" name="[45] /home/travis/build/icyphy/ptII/ptolemy/domains/sdf/test/auto/relationGroup9.xml (RunModel)" time="0.023" />
  <testcase classname="ptolemy.util.test.junit.AutoTests" name="[46] /home/travis/build/icyphy/ptII/ptolemy/domains/sdf/test/auto/sdf_inside_de.xml (RunModel)" time="0.048" />
  <testcase classname="ptolemy.util.test.junit.AutoTests" name="[47] /home/travis/build/icyphy/ptII/ptolemy/domains/sdf/test/auto/sdf_inside_pn.xml (RunModel)" time="0.066" />
  <testcase classname="ptolemy.util.test.junit.AutoTests" name="[48] /home/travis/build/icyphy/ptII/ptolemy/domains/sdf/test/auto/sdf_sdf1.xml (RunModel)" time="0.02" />
  <testcase classname="ptolemy.util.test.junit.AutoTests" name="[49] /home/travis/build/icyphy/ptII/ptolemy/domains/sdf/test/auto/test1.xml (RunModel)" time="0.02" />
  <testcase classname="ptolemy.util.test.junit.AutoTests" name="[50] /home/travis/build/icyphy/ptII/ptolemy/domains/sdf/test/auto/time1.xml (RunModel)" time="0.009" />
  <testcase classname="ptolemy.util.test.junit.AutoTests" name="[51] /home/travis/build/icyphy/ptII/ptolemy/domains/sdf/test/auto/time2.xml (RunModel)" time="0.009" />
  <testcase classname="ptolemy.util.test.junit.AutoTests" name="[52] /home/travis/build/icyphy/ptII/ptolemy/domains/sdf/test/auto/time3.xml (RunModel)" time="0.019" />
  <testcase classname="ptolemy.util.test.junit.AutoTests" name="[53] /home/travis/build/icyphy/ptII/ptolemy/domains/sdf/test/auto/time4.xml (RunModel)" time="0.016" />
  <testcase classname="ptolemy.util.test.junit.AutoTests" name="[54] /home/travis/build/icyphy/ptII/ptolemy/domains/sdf/test/auto/time5.xml (RunModel)" time="4.008" />
  <testcase classname="ptolemy.util.test.junit.AutoTests" name="[55] /home/travis/build/icyphy/ptII/ptolemy/domains/sdf/test/auto/typeSystem_Const_Integer_smallest_Type.xml (RunModel)" time="0.023" />
  <testcase classname="ptolemy.util.test.junit.AutoTests" name="[56] /home/travis/build/icyphy/ptII/ptolemy/domains/sdf/test/auto/typeSystem_declared_Inports_OutportTypeException.xml (RunModel)" time="0.022" />
  <testcase classname="ptolemy.util.test.junit.AutoTests" name="[57] /home/travis/build/icyphy/ptII/ptolemy/domains/sdf/test/auto/typeSystem_oneDeclaredInportType_wrongTypeOutport.xml (RunModel)" time="0.015" />
  <testcase classname="ptolemy.util.test.junit.AutoTests" name="[58] /home/travis/build/icyphy/ptII/ptolemy/domains/sdf/test/auto/width.xml (RunModel)" time="0.009" />
  <testcase classname="ptolemy.util.test.junit.AutoTests" name="[59] /home/travis/build/icyphy/ptII/ptolemy/domains/sdf/test/auto/width2.xml (RunModel)" time="0.033" />
  <testcase classname="ptolemy.util.test.junit.AutoTests" name="[60] /home/travis/build/icyphy/ptII/ptolemy/domains/sdf/test/auto/width3.xml (RunModel)" time="0.033" />
  <system-out><![CDATA[/home/travis/build/icyphy/ptII/ptolemy/domains/sdf/test/SDFSchedulerErrors.tcl
testDefs.tcl: setting time out to 9000 seconds at Sun May 13 01:08:04 UTC 2018
22 ms. Memory: 116224K Free: 106893K (92%)
5 ms. Memory: 116224K Free: 99932K (86%)
4 ms. Memory: 116224K Free: 92950K (80%)
3 ms. Memory: 116224K Free: 89876K (77%)
/home/travis/build/icyphy/ptII/ptolemy/domains/sdf/test/composition.tcl
25 ms. Memory: 116224K Free: 86298K (74%)
5 ms. Memory: 116224K Free: 83929K (72%)
/home/travis/build/icyphy/ptII/ptolemy/domains/sdf/test/cycle.tcl
.Toplevel.Director Preinitializing ...
Invoking preinitialize():  .Toplevel.Actor1
Invoking preinitialize():  .Toplevel.Actor2
Invoking preinitialize():  .Toplevel.Delay
.Toplevel.Director Finished preinitialize().
### Schedule:
Execute Schedule{
Fire Actor ptolemy.domains.sdf.kernel.test.SDFTestDelay {.Toplevel.Actor1}
Fire Actor ptolemy.domains.sdf.kernel.test.SDFTestDelay {.Toplevel.Actor2}
Fire Actor ptolemy.domains.sdf.lib.SampleDelay {.Toplevel.Delay}
}
### End schedule
Called initialize().
Invoking initialize():  .Toplevel.Actor1
Initializing actor: .Toplevel.Actor1.
Invoking initialize():  .Toplevel.Actor2
Initializing actor: .Toplevel.Actor2.
Invoking initialize():  .Toplevel.Delay
Initializing actor: .Toplevel.Delay.
Director: Called prefire().
-- Setting current time to 0.0
Director prefire returns true.
The actor .Toplevel.Actor1 will be iterated.
The actor .Toplevel.Actor1 was iterated.
The actor .Toplevel.Actor2 will be iterated.
The actor .Toplevel.Actor2 was iterated.
The actor .Toplevel.Delay will be iterated.
The actor .Toplevel.Delay was iterated.
Director: Called postfire().
Postfire returns: true
Director: Called prefire().
-- Setting current time to 0.0
Director prefire returns true.
The actor .Toplevel.Actor1 will be iterated.
The actor .Toplevel.Actor1 was iterated.
The actor .Toplevel.Actor2 will be iterated.
The actor .Toplevel.Actor2 was iterated.
The actor .Toplevel.Delay will be iterated.
The actor .Toplevel.Delay was iterated.
Director: Called postfire().
Postfire returns: true
Director: Called prefire().
-- Setting current time to 0.0
Director prefire returns true.
The actor .Toplevel.Actor1 will be iterated.
The actor .Toplevel.Actor1 was iterated.
The actor .Toplevel.Actor2 will be iterated.
The actor .Toplevel.Actor2 was iterated.
The actor .Toplevel.Delay will be iterated.
The actor .Toplevel.Delay was iterated.
Director: Called postfire().
Postfire returns: true
Director: Called prefire().
-- Setting current time to 0.0
Director prefire returns true.
The actor .Toplevel.Actor1 will be iterated.
The actor .Toplevel.Actor1 was iterated.
The actor .Toplevel.Actor2 will be iterated.
The actor .Toplevel.Actor2 was iterated.
The actor .Toplevel.Delay will be iterated.
The actor .Toplevel.Delay was iterated.
Director: Called postfire().
Postfire returns: true
Director: Called prefire().
-- Setting current time to 0.0
Director prefire returns true.
The actor .Toplevel.Actor1 will be iterated.
The actor .Toplevel.Actor1 was iterated.
The actor .Toplevel.Actor2 will be iterated.
The actor .Toplevel.Actor2 was iterated.
The actor .Toplevel.Delay will be iterated.
The actor .Toplevel.Delay was iterated.
Director: Called postfire().
Postfire returns: true
Director: Called prefire().
-- Setting current time to 0.0
Director prefire returns true.
The actor .Toplevel.Actor1 will be iterated.
The actor .Toplevel.Actor1 was iterated.
The actor .Toplevel.Actor2 will be iterated.
The actor .Toplevel.Actor2 was iterated.
The actor .Toplevel.Delay will be iterated.
The actor .Toplevel.Delay was iterated.
Reached specified number of iterations: 6
Director: Called wrapup().
14 ms. Memory: 116224K Free: 81561K (70%)
05/13/18 01:08:04
Failed: 0  Total Tests: 8  ((Passed: 8, Newly Passed: 0)  Known Failed: 0) /home/travis/build/icyphy/ptII/ptolemy/domains/sdf/test
No auto/knownFailedTests/*.xml tests in /home/travis/build/icyphy/ptII/ptolemy/domains/sdf/test
No auto/*.xml tests in /home/travis/build/icyphy/ptII/ptolemy/domains/sdf/test
AutoTests.java: About to close Vertx.
AutoTests.java: Vertx closed.
----------------- testing Sun May 13 01:08:05 UTC 2018 /home/travis/build/icyphy/ptII/ptolemy/domains/sdf/test/auto/Array.xml
----------------- Instantiating /home/travis/build/icyphy/ptII/ptolemy/domains/sdf/test/auto/Array.xml
37 ms. Memory: 146944K Free: 102711K (70%)
----------------- Invoking toplevel() on ptolemy.moml.MoMLSimpleApplication@f90877a
----------------- Done invoking toplevel() on ptolemy.moml.MoMLSimpleApplication@f90877a
reloadAllAccessors: .Array
----------------- testing Sun May 13 01:08:05 UTC 2018 /home/travis/build/icyphy/ptII/ptolemy/domains/sdf/test/auto/Butterfly.xml
----------------- Instantiating /home/travis/build/icyphy/ptII/ptolemy/domains/sdf/test/auto/Butterfly.xml
59 ms. Memory: 146944K Free: 97125K (66%)
----------------- Invoking toplevel() on ptolemy.moml.MoMLSimpleApplication@46e21ed9
----------------- Done invoking toplevel() on ptolemy.moml.MoMLSimpleApplication@46e21ed9
reloadAllAccessors: .Butterfly
----------------- testing Sun May 13 01:08:05 UTC 2018 /home/travis/build/icyphy/ptII/ptolemy/domains/sdf/test/auto/Expression.xml
----------------- Instantiating /home/travis/build/icyphy/ptII/ptolemy/domains/sdf/test/auto/Expression.xml
36 ms. Memory: 146944K Free: 91539K (62%)
----------------- Invoking toplevel() on ptolemy.moml.MoMLSimpleApplication@5cc82538
----------------- Done invoking toplevel() on ptolemy.moml.MoMLSimpleApplication@5cc82538
reloadAllAccessors: .Expression
----------------- testing Sun May 13 01:08:05 UTC 2018 /home/travis/build/icyphy/ptII/ptolemy/domains/sdf/test/auto/Eye.xml
----------------- Instantiating /home/travis/build/icyphy/ptII/ptolemy/domains/sdf/test/auto/Eye.xml
276 ms. Memory: 146944K Free: 122287K (83%)
----------------- Invoking toplevel() on ptolemy.moml.MoMLSimpleApplication@79dcb143
----------------- Done invoking toplevel() on ptolemy.moml.MoMLSimpleApplication@79dcb143
reloadAllAccessors: .Eye
----------------- testing Sun May 13 01:08:05 UTC 2018 /home/travis/build/icyphy/ptII/ptolemy/domains/sdf/test/auto/FixFIR.xml
----------------- Instantiating /home/travis/build/icyphy/ptII/ptolemy/domains/sdf/test/auto/FixFIR.xml
120 ms. Memory: 146944K Free: 84148K (57%)
----------------- Invoking toplevel() on ptolemy.moml.MoMLSimpleApplication@a234570
----------------- Done invoking toplevel() on ptolemy.moml.MoMLSimpleApplication@a234570
reloadAllAccessors: .FixFIR
----------------- testing Sun May 13 01:08:06 UTC 2018 /home/travis/build/icyphy/ptII/ptolemy/domains/sdf/test/auto/FixPoint.xml
----------------- Instantiating /home/travis/build/icyphy/ptII/ptolemy/domains/sdf/test/auto/FixPoint.xml
12 ms. Memory: 146944K Free: 79969K (54%)
----------------- Invoking toplevel() on ptolemy.moml.MoMLSimpleApplication@2e96f40e
----------------- Done invoking toplevel() on ptolemy.moml.MoMLSimpleApplication@2e96f40e
reloadAllAccessors: .FixPoint
----------------- testing Sun May 13 01:08:06 UTC 2018 /home/travis/build/icyphy/ptII/ptolemy/domains/sdf/test/auto/Gravitation.xml
----------------- Instantiating /home/travis/build/icyphy/ptII/ptolemy/domains/sdf/test/auto/Gravitation.xml
3141 ms. Memory: 208384K Free: 113216K (54%)
----------------- Invoking toplevel() on ptolemy.moml.MoMLSimpleApplication@3ae9c8a5
----------------- Done invoking toplevel() on ptolemy.moml.MoMLSimpleApplication@3ae9c8a5
reloadAllAccessors: .Gravitation
----------------- testing Sun May 13 01:08:09 UTC 2018 /home/travis/build/icyphy/ptII/ptolemy/domains/sdf/test/auto/GravitationWithCollisionDetection.xml
----------------- Instantiating /home/travis/build/icyphy/ptII/ptolemy/domains/sdf/test/auto/GravitationWithCollisionDetection.xml
5616 ms. Memory: 873984K Free: 329969K (38%)
----------------- Invoking toplevel() on ptolemy.moml.MoMLSimpleApplication@28e59164
----------------- Done invoking toplevel() on ptolemy.moml.MoMLSimpleApplication@28e59164
reloadAllAccessors: .GravitationWithCollisionDetection
----------------- testing Sun May 13 01:08:15 UTC 2018 /home/travis/build/icyphy/ptII/ptolemy/domains/sdf/test/auto/HDF.xml
----------------- Instantiating /home/travis/build/icyphy/ptII/ptolemy/domains/sdf/test/auto/HDF.xml
42 ms. Memory: 873984K Free: 297636K (34%)
----------------- Invoking toplevel() on ptolemy.moml.MoMLSimpleApplication@7e1b3de3
----------------- Done invoking toplevel() on ptolemy.moml.MoMLSimpleApplication@7e1b3de3
reloadAllAccessors: .HDF
----------------- testing Sun May 13 01:08:15 UTC 2018 /home/travis/build/icyphy/ptII/ptolemy/domains/sdf/test/auto/HDFwithTransientStates.xml
----------------- Instantiating /home/travis/build/icyphy/ptII/ptolemy/domains/sdf/test/auto/HDFwithTransientStates.xml
25 ms. Memory: 873984K Free: 274042K (31%)
----------------- Invoking toplevel() on ptolemy.moml.MoMLSimpleApplication@7612273d
----------------- Done invoking toplevel() on ptolemy.moml.MoMLSimpleApplication@7612273d
reloadAllAccessors: .HDFwithTransientStates
----------------- testing Sun May 13 01:08:15 UTC 2018 /home/travis/build/icyphy/ptII/ptolemy/domains/sdf/test/auto/HTVQ.xml
----------------- Instantiating /home/travis/build/icyphy/ptII/ptolemy/domains/sdf/test/auto/HTVQ.xml
720 ms. Memory: 873984K Free: 100941K (12%)
----------------- Invoking toplevel() on ptolemy.moml.MoMLSimpleApplication@6e02ad34
----------------- Done invoking toplevel() on ptolemy.moml.MoMLSimpleApplication@6e02ad34
reloadAllAccessors: .HTVQ
----------------- testing Sun May 13 01:08:16 UTC 2018 /home/travis/build/icyphy/ptII/ptolemy/domains/sdf/test/auto/InferInitProduction.xml
----------------- Instantiating /home/travis/build/icyphy/ptII/ptolemy/domains/sdf/test/auto/InferInitProduction.xml
9 ms. Memory: 873984K Free: 85223K (10%)
----------------- Invoking toplevel() on ptolemy.moml.MoMLSimpleApplication@2311a914
----------------- Done invoking toplevel() on ptolemy.moml.MoMLSimpleApplication@2311a914
reloadAllAccessors: .InferInitProduction
----------------- testing Sun May 13 01:08:16 UTC 2018 /home/travis/build/icyphy/ptII/ptolemy/domains/sdf/test/auto/InferInitProductionDeeper.xml
----------------- Instantiating /home/travis/build/icyphy/ptII/ptolemy/domains/sdf/test/auto/InferInitProductionDeeper.xml
13 ms. Memory: 874496K Free: 859245K (98%)
----------------- Invoking toplevel() on ptolemy.moml.MoMLSimpleApplication@237d13c0
----------------- Done invoking toplevel() on ptolemy.moml.MoMLSimpleApplication@237d13c0
reloadAllAccessors: .InferInitProductionDeeper
----------------- testing Sun May 13 01:08:16 UTC 2018 /home/travis/build/icyphy/ptII/ptolemy/domains/sdf/test/auto/LMSAdaptive.xml
----------------- Instantiating /home/travis/build/icyphy/ptII/ptolemy/domains/sdf/test/auto/LMSAdaptive.xml
11 ms. Memory: 874496K Free: 836246K (96%)
----------------- Invoking toplevel() on ptolemy.moml.MoMLSimpleApplication@29ebd57c
----------------- Done invoking toplevel() on ptolemy.moml.MoMLSimpleApplication@29ebd57c
reloadAllAccessors: .LMSAdaptive
----------------- testing Sun May 13 01:08:16 UTC 2018 /home/travis/build/icyphy/ptII/ptolemy/domains/sdf/test/auto/LogisticMap.xml
----------------- Instantiating /home/travis/build/icyphy/ptII/ptolemy/domains/sdf/test/auto/LogisticMap.xml
452 ms. Memory: 874496K Free: 825766K (94%)
----------------- Invoking toplevel() on ptolemy.moml.MoMLSimpleApplication@391b1000
----------------- Done invoking toplevel() on ptolemy.moml.MoMLSimpleApplication@391b1000
reloadAllAccessors: .LogisticMap
----------------- testing Sun May 13 01:08:16 UTC 2018 /home/travis/build/icyphy/ptII/ptolemy/domains/sdf/test/auto/MaximumEntropySpectrum.xml
----------------- Instantiating /home/travis/build/icyphy/ptII/ptolemy/domains/sdf/test/auto/MaximumEntropySpectrum.xml
74 ms. Memory: 874496K Free: 757553K (87%)
----------------- Invoking toplevel() on ptolemy.moml.MoMLSimpleApplication@525c59b
----------------- Done invoking toplevel() on ptolemy.moml.MoMLSimpleApplication@525c59b
reloadAllAccessors: .MaximumEntropySpectrum
----------------- testing Sun May 13 01:08:16 UTC 2018 /home/travis/build/icyphy/ptII/ptolemy/domains/sdf/test/auto/MultirateSDF.xml
----------------- Instantiating /home/travis/build/icyphy/ptII/ptolemy/domains/sdf/test/auto/MultirateSDF.xml
19 ms. Memory: 874496K Free: 736579K (84%)
----------------- Invoking toplevel() on ptolemy.moml.MoMLSimpleApplication@775f6445
----------------- Done invoking toplevel() on ptolemy.moml.MoMLSimpleApplication@775f6445
reloadAllAccessors: .MultirateSDF
----------------- testing Sun May 13 01:08:16 UTC 2018 /home/travis/build/icyphy/ptII/ptolemy/domains/sdf/test/auto/MultirateSDFwithTransientStates.xml
----------------- Instantiating /home/travis/build/icyphy/ptII/ptolemy/domains/sdf/test/auto/MultirateSDFwithTransientStates.xml
16 ms. Memory: 874496K Free: 715612K (82%)
----------------- Invoking toplevel() on ptolemy.moml.MoMLSimpleApplication@28083b7f
----------------- Done invoking toplevel() on ptolemy.moml.MoMLSimpleApplication@28083b7f
reloadAllAccessors: .MultirateSDFwithTransientStates
----------------- testing Sun May 13 01:08:17 UTC 2018 /home/travis/build/icyphy/ptII/ptolemy/domains/sdf/test/auto/NoisySinewave.xml
----------------- Instantiating /home/travis/build/icyphy/ptII/ptolemy/domains/sdf/test/auto/NoisySinewave.xml
13 ms. Memory: 874496K Free: 694623K (79%)
----------------- Invoking toplevel() on ptolemy.moml.MoMLSimpleApplication@6c44d6af
----------------- Done invoking toplevel() on ptolemy.moml.MoMLSimpleApplication@6c44d6af
reloadAllAccessors: .NoisySinewave
----------------- testing Sun May 13 01:08:17 UTC 2018 /home/travis/build/icyphy/ptII/ptolemy/domains/sdf/test/auto/Objects.xml
----------------- Instantiating /home/travis/build/icyphy/ptII/ptolemy/domains/sdf/test/auto/Objects.xml
3 ms. Memory: 874496K Free: 678888K (78%)
----------------- Invoking toplevel() on ptolemy.moml.MoMLSimpleApplication@54dd0de9
----------------- Done invoking toplevel() on ptolemy.moml.MoMLSimpleApplication@54dd0de9
reloadAllAccessors: .Objects
----------------- testing Sun May 13 01:08:17 UTC 2018 /home/travis/build/icyphy/ptII/ptolemy/domains/sdf/test/auto/OrthogonalCom.xml
----------------- Instantiating /home/travis/build/icyphy/ptII/ptolemy/domains/sdf/test/auto/OrthogonalCom.xml
6 ms. Memory: 874496K Free: 663154K (76%)
----------------- Invoking toplevel() on ptolemy.moml.MoMLSimpleApplication@7e1168f5
----------------- Done invoking toplevel() on ptolemy.moml.MoMLSimpleApplication@7e1168f5
reloadAllAccessors: .OrthogonalCom
----------------- testing Sun May 13 01:08:17 UTC 2018 /home/travis/build/icyphy/ptII/ptolemy/domains/sdf/test/auto/RijndaelEncryption.xml
----------------- Instantiating /home/travis/build/icyphy/ptII/ptolemy/domains/sdf/test/auto/RijndaelEncryption.xml
212 ms. Memory: 874496K Free: 500545K (57%)
----------------- Invoking toplevel() on ptolemy.moml.MoMLSimpleApplication@9f0d4db
----------------- Done invoking toplevel() on ptolemy.moml.MoMLSimpleApplication@9f0d4db
reloadAllAccessors: .RijndaelEncryption
----------------- testing Sun May 13 01:08:17 UTC 2018 /home/travis/build/icyphy/ptII/ptolemy/domains/sdf/test/auto/SDFEmptyIterations.xml
----------------- Instantiating /home/travis/build/icyphy/ptII/ptolemy/domains/sdf/test/auto/SDFEmptyIterations.xml
5 ms. Memory: 874496K Free: 486965K (56%)
----------------- Invoking toplevel() on ptolemy.moml.MoMLSimpleApplication@692eef8f
----------------- Done invoking toplevel() on ptolemy.moml.MoMLSimpleApplication@692eef8f
reloadAllAccessors: .SDFEmptyIterations
----------------- testing Sun May 13 01:08:17 UTC 2018 /home/travis/build/icyphy/ptII/ptolemy/domains/sdf/test/auto/Spectrum.xml
----------------- Instantiating /home/travis/build/icyphy/ptII/ptolemy/domains/sdf/test/auto/Spectrum.xml
39 ms. Memory: 874496K Free: 465999K (53%)
----------------- Invoking toplevel() on ptolemy.moml.MoMLSimpleApplication@673ed777
----------------- Done invoking toplevel() on ptolemy.moml.MoMLSimpleApplication@673ed777
reloadAllAccessors: .Spectrum
----------------- testing Sun May 13 01:08:17 UTC 2018 /home/travis/build/icyphy/ptII/ptolemy/domains/sdf/test/auto/de_inside_sdf.xml
----------------- Instantiating /home/travis/build/icyphy/ptII/ptolemy/domains/sdf/test/auto/de_inside_sdf.xml
7 ms. Memory: 874496K Free: 455520K (52%)
----------------- Invoking toplevel() on ptolemy.moml.MoMLSimpleApplication@40bef082
----------------- Done invoking toplevel() on ptolemy.moml.MoMLSimpleApplication@40bef082
reloadAllAccessors: .de_inside_sdf
----------------- testing Sun May 13 01:08:17 UTC 2018 /home/travis/build/icyphy/ptII/ptolemy/domains/sdf/test/auto/disconnectedHierarchicalSDF.xml
----------------- Instantiating /home/travis/build/icyphy/ptII/ptolemy/domains/sdf/test/auto/disconnectedHierarchicalSDF.xml
4 ms. Memory: 874496K Free: 445041K (51%)
----------------- Invoking toplevel() on ptolemy.moml.MoMLSimpleApplication@22483b79
----------------- Done invoking toplevel() on ptolemy.moml.MoMLSimpleApplication@22483b79
reloadAllAccessors: .disconnectedHierarchicalSDF
----------------- testing Sun May 13 01:08:17 UTC 2018 /home/travis/build/icyphy/ptII/ptolemy/domains/sdf/test/auto/disconnectedSDF.xml
----------------- Instantiating /home/travis/build/icyphy/ptII/ptolemy/domains/sdf/test/auto/disconnectedSDF.xml
4 ms. Memory: 874496K Free: 434562K (50%)
----------------- Invoking toplevel() on ptolemy.moml.MoMLSimpleApplication@6acfb13e
----------------- Done invoking toplevel() on ptolemy.moml.MoMLSimpleApplication@6acfb13e
reloadAllAccessors: .disconnectedSDF
----------------- testing Sun May 13 01:08:17 UTC 2018 /home/travis/build/icyphy/ptII/ptolemy/domains/sdf/test/auto/emptyRefinement.xml
----------------- Instantiating /home/travis/build/icyphy/ptII/ptolemy/domains/sdf/test/auto/emptyRefinement.xml
3 ms. Memory: 874496K Free: 424083K (48%)
----------------- Invoking toplevel() on ptolemy.moml.MoMLSimpleApplication@2ecbfb3f
----------------- Done invoking toplevel() on ptolemy.moml.MoMLSimpleApplication@2ecbfb3f
reloadAllAccessors: .emptyRefinement
----------------- testing Sun May 13 01:08:17 UTC 2018 /home/travis/build/icyphy/ptII/ptolemy/domains/sdf/test/auto/filePortParameter.xml
----------------- Instantiating /home/travis/build/icyphy/ptII/ptolemy/domains/sdf/test/auto/filePortParameter.xml
10 ms. Memory: 874496K Free: 408349K (47%)
----------------- Invoking toplevel() on ptolemy.moml.MoMLSimpleApplication@4472d1ac
----------------- Done invoking toplevel() on ptolemy.moml.MoMLSimpleApplication@4472d1ac
reloadAllAccessors: .filePortParameter
----------------- testing Sun May 13 01:08:17 UTC 2018 /home/travis/build/icyphy/ptII/ptolemy/domains/sdf/test/auto/inferRelationWidth1.xml
----------------- Instantiating /home/travis/build/icyphy/ptII/ptolemy/domains/sdf/test/auto/inferRelationWidth1.xml
3 ms. Memory: 874496K Free: 397870K (45%)
----------------- Invoking toplevel() on ptolemy.moml.MoMLSimpleApplication@63838170
----------------- Done invoking toplevel() on ptolemy.moml.MoMLSimpleApplication@63838170
reloadAllAccessors: .inferRelationWidth1
----------------- testing Sun May 13 01:08:17 UTC 2018 /home/travis/build/icyphy/ptII/ptolemy/domains/sdf/test/auto/initProductionInference.xml
----------------- Instantiating /home/travis/build/icyphy/ptII/ptolemy/domains/sdf/test/auto/initProductionInference.xml
7 ms. Memory: 874496K Free: 387391K (44%)
----------------- Invoking toplevel() on ptolemy.moml.MoMLSimpleApplication@2c37f20a
----------------- Done invoking toplevel() on ptolemy.moml.MoMLSimpleApplication@2c37f20a
reloadAllAccessors: .initProductionInference
----------------- testing Sun May 13 01:08:17 UTC 2018 /home/travis/build/icyphy/ptII/ptolemy/domains/sdf/test/auto/relationGroup.xml
----------------- Instantiating /home/travis/build/icyphy/ptII/ptolemy/domains/sdf/test/auto/relationGroup.xml
1 ms. Memory: 874496K Free: 373811K (43%)
----------------- Invoking toplevel() on ptolemy.moml.MoMLSimpleApplication@43cb0e71
----------------- Done invoking toplevel() on ptolemy.moml.MoMLSimpleApplication@43cb0e71
reloadAllAccessors: .relationGroup
----------------- testing Sun May 13 01:08:17 UTC 2018 /home/travis/build/icyphy/ptII/ptolemy/domains/sdf/test/auto/relationGroup10.xml
----------------- Instantiating /home/travis/build/icyphy/ptII/ptolemy/domains/sdf/test/auto/relationGroup10.xml
1 ms. Memory: 874496K Free: 363332K (42%)
----------------- Invoking toplevel() on ptolemy.moml.MoMLSimpleApplication@76aab0b
----------------- Done invoking toplevel() on ptolemy.moml.MoMLSimpleApplication@76aab0b
reloadAllAccessors: .relationGroup10
----------------- testing Sun May 13 01:08:17 UTC 2018 /home/travis/build/icyphy/ptII/ptolemy/domains/sdf/test/auto/relationGroup11.xml
----------------- Instantiating /home/travis/build/icyphy/ptII/ptolemy/domains/sdf/test/auto/relationGroup11.xml
4 ms. Memory: 874496K Free: 352853K (40%)
----------------- Invoking toplevel() on ptolemy.moml.MoMLSimpleApplication@3e8c6491
----------------- Done invoking toplevel() on ptolemy.moml.MoMLSimpleApplication@3e8c6491
reloadAllAccessors: .relationGroup11
----------------- testing Sun May 13 01:08:18 UTC 2018 /home/travis/build/icyphy/ptII/ptolemy/domains/sdf/test/auto/relationGroup12.xml
----------------- Instantiating /home/travis/build/icyphy/ptII/ptolemy/domains/sdf/test/auto/relationGroup12.xml
3 ms. Memory: 874496K Free: 342374K (39%)
----------------- Invoking toplevel() on ptolemy.moml.MoMLSimpleApplication@28727e59
----------------- Done invoking toplevel() on ptolemy.moml.MoMLSimpleApplication@28727e59
reloadAllAccessors: .relationGroup12
----------------- testing Sun May 13 01:08:18 UTC 2018 /home/travis/build/icyphy/ptII/ptolemy/domains/sdf/test/auto/relationGroup13.xml
----------------- Instantiating /home/travis/build/icyphy/ptII/ptolemy/domains/sdf/test/auto/relationGroup13.xml
8 ms. Memory: 874496K Free: 331895K (38%)
----------------- Invoking toplevel() on ptolemy.moml.MoMLSimpleApplication@38eb846a
----------------- Done invoking toplevel() on ptolemy.moml.MoMLSimpleApplication@38eb846a
reloadAllAccessors: .relationGroup13
----------------- testing Sun May 13 01:08:18 UTC 2018 /home/travis/build/icyphy/ptII/ptolemy/domains/sdf/test/auto/relationGroup14.xml
----------------- Instantiating /home/travis/build/icyphy/ptII/ptolemy/domains/sdf/test/auto/relationGroup14.xml
3 ms. Memory: 874496K Free: 321416K (37%)
----------------- Invoking toplevel() on ptolemy.moml.MoMLSimpleApplication@5c3c49e5
----------------- Done invoking toplevel() on ptolemy.moml.MoMLSimpleApplication@5c3c49e5
reloadAllAccessors: .relationGroup14
----------------- testing Sun May 13 01:08:18 UTC 2018 /home/travis/build/icyphy/ptII/ptolemy/domains/sdf/test/auto/relationGroup15.xml
----------------- Instantiating /home/travis/build/icyphy/ptII/ptolemy/domains/sdf/test/auto/relationGroup15.xml
1 ms. Memory: 874496K Free: 310937K (36%)
----------------- Invoking toplevel() on ptolemy.moml.MoMLSimpleApplication@2d0a5132
----------------- Done invoking toplevel() on ptolemy.moml.MoMLSimpleApplication@2d0a5132
reloadAllAccessors: .relationGroup15
----------------- testing Sun May 13 01:08:18 UTC 2018 /home/travis/build/icyphy/ptII/ptolemy/domains/sdf/test/auto/relationGroup2.xml
----------------- Instantiating /home/travis/build/icyphy/ptII/ptolemy/domains/sdf/test/auto/relationGroup2.xml
1 ms. Memory: 874496K Free: 300458K (34%)
----------------- Invoking toplevel() on ptolemy.moml.MoMLSimpleApplication@2398b4ba
----------------- Done invoking toplevel() on ptolemy.moml.MoMLSimpleApplication@2398b4ba
reloadAllAccessors: .relationGroup2
----------------- testing Sun May 13 01:08:18 UTC 2018 /home/travis/build/icyphy/ptII/ptolemy/domains/sdf/test/auto/relationGroup3.xml
----------------- Instantiating /home/travis/build/icyphy/ptII/ptolemy/domains/sdf/test/auto/relationGroup3.xml
1 ms. Memory: 874496K Free: 289979K (33%)
----------------- Invoking toplevel() on ptolemy.moml.MoMLSimpleApplication@156cf9ea
----------------- Done invoking toplevel() on ptolemy.moml.MoMLSimpleApplication@156cf9ea
reloadAllAccessors: .relationGroup3
----------------- testing Sun May 13 01:08:18 UTC 2018 /home/travis/build/icyphy/ptII/ptolemy/domains/sdf/test/auto/relationGroup4.xml
----------------- Instantiating /home/travis/build/icyphy/ptII/ptolemy/domains/sdf/test/auto/relationGroup4.xml
4 ms. Memory: 874496K Free: 276400K (32%)
----------------- Invoking toplevel() on ptolemy.moml.MoMLSimpleApplication@56c94a4d
----------------- Done invoking toplevel() on ptolemy.moml.MoMLSimpleApplication@56c94a4d
reloadAllAccessors: .relationGroup4
----------------- testing Sun May 13 01:08:18 UTC 2018 /home/travis/build/icyphy/ptII/ptolemy/domains/sdf/test/auto/relationGroup5.xml
----------------- Instantiating /home/travis/build/icyphy/ptII/ptolemy/domains/sdf/test/auto/relationGroup5.xml
2 ms. Memory: 874496K Free: 265921K (30%)
----------------- Invoking toplevel() on ptolemy.moml.MoMLSimpleApplication@28f082e7
----------------- Done invoking toplevel() on ptolemy.moml.MoMLSimpleApplication@28f082e7
reloadAllAccessors: .relationGroup5
----------------- testing Sun May 13 01:08:18 UTC 2018 /home/travis/build/icyphy/ptII/ptolemy/domains/sdf/test/auto/relationGroup6.xml
----------------- Instantiating /home/travis/build/icyphy/ptII/ptolemy/domains/sdf/test/auto/relationGroup6.xml
4 ms. Memory: 874496K Free: 255442K (29%)
----------------- Invoking toplevel() on ptolemy.moml.MoMLSimpleApplication@79e0e6a
----------------- Done invoking toplevel() on ptolemy.moml.MoMLSimpleApplication@79e0e6a
reloadAllAccessors: .relationGroup6
----------------- testing Sun May 13 01:08:18 UTC 2018 /home/travis/build/icyphy/ptII/ptolemy/domains/sdf/test/auto/relationGroup7.xml
----------------- Instantiating /home/travis/build/icyphy/ptII/ptolemy/domains/sdf/test/auto/relationGroup7.xml
5 ms. Memory: 874496K Free: 244963K (28%)
----------------- Invoking toplevel() on ptolemy.moml.MoMLSimpleApplication@15167aeb
----------------- Done invoking toplevel() on ptolemy.moml.MoMLSimpleApplication@15167aeb
reloadAllAccessors: .relationGroup7
----------------- testing Sun May 13 01:08:18 UTC 2018 /home/travis/build/icyphy/ptII/ptolemy/domains/sdf/test/auto/relationGroup8.xml
----------------- Instantiating /home/travis/build/icyphy/ptII/ptolemy/domains/sdf/test/auto/relationGroup8.xml
2 ms. Memory: 874496K Free: 234484K (27%)
----------------- Invoking toplevel() on ptolemy.moml.MoMLSimpleApplication@78825201
----------------- Done invoking toplevel() on ptolemy.moml.MoMLSimpleApplication@78825201
reloadAllAccessors: .relationGroup8
----------------- testing Sun May 13 01:08:18 UTC 2018 /home/travis/build/icyphy/ptII/ptolemy/domains/sdf/test/auto/relationGroup9.xml
----------------- Instantiating /home/travis/build/icyphy/ptII/ptolemy/domains/sdf/test/auto/relationGroup9.xml
9 ms. Memory: 874496K Free: 224005K (26%)
----------------- Invoking toplevel() on ptolemy.moml.MoMLSimpleApplication@17769db3
----------------- Done invoking toplevel() on ptolemy.moml.MoMLSimpleApplication@17769db3
reloadAllAccessors: .relationGroup9
----------------- testing Sun May 13 01:08:18 UTC 2018 /home/travis/build/icyphy/ptII/ptolemy/domains/sdf/test/auto/sdf_inside_de.xml
----------------- Instantiating /home/travis/build/icyphy/ptII/ptolemy/domains/sdf/test/auto/sdf_inside_de.xml
19 ms. Memory: 874496K Free: 208278K (24%)
----------------- Invoking toplevel() on ptolemy.moml.MoMLSimpleApplication@598d8819
----------------- Done invoking toplevel() on ptolemy.moml.MoMLSimpleApplication@598d8819
reloadAllAccessors: .sdf_inside_de
----------------- testing Sun May 13 01:08:18 UTC 2018 /home/travis/build/icyphy/ptII/ptolemy/domains/sdf/test/auto/sdf_inside_pn.xml
----------------- Instantiating /home/travis/build/icyphy/ptII/ptolemy/domains/sdf/test/auto/sdf_inside_pn.xml
47 ms. Memory: 874496K Free: 166346K (19%)
----------------- Invoking toplevel() on ptolemy.moml.MoMLSimpleApplication@1aa287e4
----------------- Done invoking toplevel() on ptolemy.moml.MoMLSimpleApplication@1aa287e4
reloadAllAccessors: .sdf_inside_pn
----------------- testing Sun May 13 01:08:18 UTC 2018 /home/travis/build/icyphy/ptII/ptolemy/domains/sdf/test/auto/sdf_sdf1.xml
----------------- Instantiating /home/travis/build/icyphy/ptII/ptolemy/domains/sdf/test/auto/sdf_sdf1.xml
3 ms. Memory: 874496K Free: 155867K (18%)
----------------- Invoking toplevel() on ptolemy.moml.MoMLSimpleApplication@3451060
----------------- Done invoking toplevel() on ptolemy.moml.MoMLSimpleApplication@3451060
reloadAllAccessors: .sdf_sdf1
----------------- testing Sun May 13 01:08:18 UTC 2018 /home/travis/build/icyphy/ptII/ptolemy/domains/sdf/test/auto/test1.xml
----------------- Instantiating /home/travis/build/icyphy/ptII/ptolemy/domains/sdf/test/auto/test1.xml
9 ms. Memory: 874496K Free: 142288K (16%)
----------------- Invoking toplevel() on ptolemy.moml.MoMLSimpleApplication@457d6a53
----------------- Done invoking toplevel() on ptolemy.moml.MoMLSimpleApplication@457d6a53
reloadAllAccessors: .test1
----------------- testing Sun May 13 01:08:18 UTC 2018 /home/travis/build/icyphy/ptII/ptolemy/domains/sdf/test/auto/time1.xml
----------------- Instantiating /home/travis/build/icyphy/ptII/ptolemy/domains/sdf/test/auto/time1.xml
1 ms. Memory: 874496K Free: 131809K (15%)
----------------- Invoking toplevel() on ptolemy.moml.MoMLSimpleApplication@4eead01e
----------------- Done invoking toplevel() on ptolemy.moml.MoMLSimpleApplication@4eead01e
reloadAllAccessors: .time1
----------------- testing Sun May 13 01:08:18 UTC 2018 /home/travis/build/icyphy/ptII/ptolemy/domains/sdf/test/auto/time2.xml
----------------- Instantiating /home/travis/build/icyphy/ptII/ptolemy/domains/sdf/test/auto/time2.xml
3 ms. Memory: 874496K Free: 121330K (14%)
----------------- Invoking toplevel() on ptolemy.moml.MoMLSimpleApplication@4fe90013
----------------- Done invoking toplevel() on ptolemy.moml.MoMLSimpleApplication@4fe90013
reloadAllAccessors: .time2
----------------- testing Sun May 13 01:08:18 UTC 2018 /home/travis/build/icyphy/ptII/ptolemy/domains/sdf/test/auto/time3.xml
----------------- Instantiating /home/travis/build/icyphy/ptII/ptolemy/domains/sdf/test/auto/time3.xml
6 ms. Memory: 874496K Free: 110851K (13%)
----------------- Invoking toplevel() on ptolemy.moml.MoMLSimpleApplication@1f1033b8
----------------- Done invoking toplevel() on ptolemy.moml.MoMLSimpleApplication@1f1033b8
reloadAllAccessors: .time3
----------------- testing Sun May 13 01:08:18 UTC 2018 /home/travis/build/icyphy/ptII/ptolemy/domains/sdf/test/auto/time4.xml
----------------- Instantiating /home/travis/build/icyphy/ptII/ptolemy/domains/sdf/test/auto/time4.xml
6 ms. Memory: 874496K Free: 100372K (11%)
----------------- Invoking toplevel() on ptolemy.moml.MoMLSimpleApplication@11b15c3e
----------------- Done invoking toplevel() on ptolemy.moml.MoMLSimpleApplication@11b15c3e
reloadAllAccessors: .time4
----------------- testing Sun May 13 01:08:18 UTC 2018 /home/travis/build/icyphy/ptII/ptolemy/domains/sdf/test/auto/time5.xml
----------------- Instantiating /home/travis/build/icyphy/ptII/ptolemy/domains/sdf/test/auto/time5.xml
4002 ms. Memory: 874496K Free: 89893K (10%)
----------------- Invoking toplevel() on ptolemy.moml.MoMLSimpleApplication@327af894
----------------- Done invoking toplevel() on ptolemy.moml.MoMLSimpleApplication@327af894
reloadAllAccessors: .time5
----------------- testing Sun May 13 01:08:22 UTC 2018 /home/travis/build/icyphy/ptII/ptolemy/domains/sdf/test/auto/typeSystem_Const_Integer_smallest_Type.xml
----------------- Instantiating /home/travis/build/icyphy/ptII/ptolemy/domains/sdf/test/auto/typeSystem_Const_Integer_smallest_Type.xml
4 ms. Memory: 874496K Free: 79414K (9%)
----------------- Invoking toplevel() on ptolemy.moml.MoMLSimpleApplication@412a76a7
----------------- Done invoking toplevel() on ptolemy.moml.MoMLSimpleApplication@412a76a7
reloadAllAccessors: .typeSystem_Const_Integer_smallest_Type
----------------- testing Sun May 13 01:08:22 UTC 2018 /home/travis/build/icyphy/ptII/ptolemy/domains/sdf/test/auto/typeSystem_declared_Inports_OutportTypeException.xml
----------------- Instantiating /home/travis/build/icyphy/ptII/ptolemy/domains/sdf/test/auto/typeSystem_declared_Inports_OutportTypeException.xml
.typeSystem_declared_Inports_OutportTypeException.TestExceptionAttribute: initialize() was not invoked, but wrapup() was.  This is unusual, but not always a problem.  For example, exporting JNLP will do this.
2 ms. Memory: 830976K Free: 811113K (98%)
----------------- Invoking toplevel() on ptolemy.moml.MoMLSimpleApplication@3fff7619
----------------- Done invoking toplevel() on ptolemy.moml.MoMLSimpleApplication@3fff7619
reloadAllAccessors: .typeSystem_declared_Inports_OutportTypeException
----------------- testing Sun May 13 01:08:22 UTC 2018 /home/travis/build/icyphy/ptII/ptolemy/domains/sdf/test/auto/typeSystem_oneDeclaredInportType_wrongTypeOutport.xml
----------------- Instantiating /home/travis/build/icyphy/ptII/ptolemy/domains/sdf/test/auto/typeSystem_oneDeclaredInportType_wrongTypeOutport.xml
3 ms. Memory: 830976K Free: 799120K (96%)
----------------- Invoking toplevel() on ptolemy.moml.MoMLSimpleApplication@73192645
----------------- Done invoking toplevel() on ptolemy.moml.MoMLSimpleApplication@73192645
reloadAllAccessors: .typeSystem_oneDeclaredInportType_wrongTypeOutport
----------------- testing Sun May 13 01:08:22 UTC 2018 /home/travis/build/icyphy/ptII/ptolemy/domains/sdf/test/auto/width.xml
----------------- Instantiating /home/travis/build/icyphy/ptII/ptolemy/domains/sdf/test/auto/width.xml
1 ms. Memory: 830976K Free: 789139K (95%)
----------------- Invoking toplevel() on ptolemy.moml.MoMLSimpleApplication@50945732
----------------- Done invoking toplevel() on ptolemy.moml.MoMLSimpleApplication@50945732
reloadAllAccessors: .width
----------------- testing Sun May 13 01:08:22 UTC 2018 /home/travis/build/icyphy/ptII/ptolemy/domains/sdf/test/auto/width2.xml
----------------- Instantiating /home/travis/build/icyphy/ptII/ptolemy/domains/sdf/test/auto/width2.xml
26 ms. Memory: 830976K Free: 779158K (94%)
----------------- Invoking toplevel() on ptolemy.moml.MoMLSimpleApplication@ea64f15
----------------- Done invoking toplevel() on ptolemy.moml.MoMLSimpleApplication@ea64f15
reloadAllAccessors: .width2
----------------- testing Sun May 13 01:08:22 UTC 2018 /home/travis/build/icyphy/ptII/ptolemy/domains/sdf/test/auto/width3.xml
----------------- Instantiating /home/travis/build/icyphy/ptII/ptolemy/domains/sdf/test/auto/width3.xml
24 ms. Memory: 830976K Free: 769022K (93%)
----------------- Invoking toplevel() on ptolemy.moml.MoMLSimpleApplication@50c123d
----------------- Done invoking toplevel() on ptolemy.moml.MoMLSimpleApplication@50c123d
reloadAllAccessors: .width3
AutoTests.java: About to close Vertx.
AutoTests.java: Vertx closed.
]]></system-out>
  <system-err><![CDATA[java.lang.RuntimeException: Execution failed
	at ptolemy.moml.MoMLSimpleApplication$UnloadThread.run(MoMLSimpleApplication.java:402)
Caused by: ptolemy.actor.sched.NotSchedulableException: No solution exists for the balance equations.
Graph is not consistent under the SDF domain detected on external port .rateConsistency.actor.port2
  in .rateConsistency.SDF Director.Scheduler
	at ptolemy.domains.sdf.kernel.SDFScheduler._propagatePort(SDFScheduler.java:1425)
	at ptolemy.domains.sdf.kernel.SDFScheduler._solveBalanceEquations(SDFScheduler.java:710)
	at ptolemy.domains.sdf.kernel.SDFScheduler._getSchedule(SDFScheduler.java:566)
	at ptolemy.actor.sched.Scheduler.getSchedule(Scheduler.java:189)
	at ptolemy.domains.sdf.kernel.SDFDirector.createSchedule(SDFDirector.java:408)
	at ptolemy.domains.sdf.kernel.SDFDirector.preinitialize(SDFDirector.java:764)
	at ptolemy.actor.CompositeActor.preinitialize(CompositeActor.java:1828)
	at ptolemy.actor.Manager.preinitializeAndResolveTypes(Manager.java:1040)
	at ptolemy.actor.Manager.initialize(Manager.java:710)
	at ptolemy.actor.Manager.execute(Manager.java:356)
	at ptolemy.actor.Manager.run(Manager.java:1263)
	at ptolemy.actor.Manager$PtolemyRunThread.run(Manager.java:1915)
java.lang.RuntimeException: Execution failed
	at ptolemy.moml.MoMLSimpleApplication$UnloadThread.run(MoMLSimpleApplication.java:402)
Caused by: ptolemy.kernel.util.IllegalActionException: Failed to compute schedule:
  in .badRateChanges.typed composite actor.SDF Director
Because:
The SDF rate parameter may change. This is not allowed in SDF models that will be run through the code generator.  If you don't care about code generation, then you might consider setting the allowRateChanges parameter of the SDF director to false.
  in .badRateChanges.typed composite actor.Repeat.output.tokenProductionRate
	at ptolemy.domains.sdf.kernel.SDFDirector.createSchedule(SDFDirector.java:418)
	at ptolemy.domains.sdf.kernel.SDFDirector.preinitialize(SDFDirector.java:764)
	at ptolemy.actor.CompositeActor.preinitialize(CompositeActor.java:1828)
	at ptolemy.actor.Director.preinitialize(Director.java:1302)
	at ptolemy.actor.Director.preinitialize(Director.java:1257)
	at ptolemy.domains.sdf.kernel.SDFDirector.preinitialize(SDFDirector.java:763)
	at ptolemy.actor.CompositeActor.preinitialize(CompositeActor.java:1828)
	at ptolemy.actor.Manager.preinitializeAndResolveTypes(Manager.java:1040)
	at ptolemy.actor.Manager.initialize(Manager.java:710)
	at ptolemy.actor.Manager.execute(Manager.java:356)
	at ptolemy.actor.Manager.run(Manager.java:1263)
	at ptolemy.actor.Manager$PtolemyRunThread.run(Manager.java:1915)
Caused by: ptolemy.kernel.util.IllegalActionException: The SDF rate parameter may change. This is not allowed in SDF models that will be run through the code generator.  If you don't care about code generation, then you might consider setting the allowRateChanges parameter of the SDF director to false.
  in .badRateChanges.typed composite actor.Repeat.output.tokenProductionRate
	at ptolemy.domains.sdf.kernel.SDFScheduler._assertDynamicRateVariable(SDFScheduler.java:931)
	at ptolemy.domains.sdf.kernel.SDFScheduler._checkDynamicRateVariables(SDFScheduler.java:339)
	at ptolemy.domains.sdf.kernel.SDFScheduler._getSchedule(SDFScheduler.java:527)
	at ptolemy.actor.sched.Scheduler.getSchedule(Scheduler.java:189)
	at ptolemy.domains.sdf.kernel.SDFDirector.createSchedule(SDFDirector.java:408)
	... 11 more
java.lang.RuntimeException: Execution failed
	at ptolemy.moml.MoMLSimpleApplication$UnloadThread.run(MoMLSimpleApplication.java:402)
Caused by: ptolemy.kernel.util.IllegalActionException: Failed to compute schedule:
  in .badRateChanges2.typed composite actor.SDF Director
Because:
The SDF rate parameter may change. This is not allowed in SDF models that will be run through the code generator.  If you don't care about code generation, then you might consider setting the allowRateChanges parameter of the SDF director to false.
  in .badRateChanges2.typed composite actor.Repeat.output.tokenProductionRate
	at ptolemy.domains.sdf.kernel.SDFDirector.createSchedule(SDFDirector.java:418)
	at ptolemy.domains.sdf.kernel.SDFDirector.preinitialize(SDFDirector.java:764)
	at ptolemy.actor.CompositeActor.preinitialize(CompositeActor.java:1828)
	at ptolemy.actor.Director.preinitialize(Director.java:1302)
	at ptolemy.actor.Director.preinitialize(Director.java:1257)
	at ptolemy.domains.sdf.kernel.SDFDirector.preinitialize(SDFDirector.java:763)
	at ptolemy.actor.CompositeActor.preinitialize(CompositeActor.java:1828)
	at ptolemy.actor.Manager.preinitializeAndResolveTypes(Manager.java:1040)
	at ptolemy.actor.Manager.initialize(Manager.java:710)
	at ptolemy.actor.Manager.execute(Manager.java:356)
	at ptolemy.actor.Manager.run(Manager.java:1263)
	at ptolemy.actor.Manager$PtolemyRunThread.run(Manager.java:1915)
Caused by: ptolemy.kernel.util.IllegalActionException: The SDF rate parameter may change. This is not allowed in SDF models that will be run through the code generator.  If you don't care about code generation, then you might consider setting the allowRateChanges parameter of the SDF director to false.
  in .badRateChanges2.typed composite actor.Repeat.output.tokenProductionRate
	at ptolemy.domains.sdf.kernel.SDFScheduler._assertDynamicRateVariable(SDFScheduler.java:931)
	at ptolemy.domains.sdf.kernel.SDFScheduler._checkDynamicRateVariables(SDFScheduler.java:339)
	at ptolemy.domains.sdf.kernel.SDFScheduler._getSchedule(SDFScheduler.java:527)
	at ptolemy.actor.sched.Scheduler.getSchedule(Scheduler.java:189)
	at ptolemy.domains.sdf.kernel.SDFDirector.createSchedule(SDFDirector.java:408)
	... 11 more
java.lang.RuntimeException: Execution failed
	at ptolemy.moml.MoMLSimpleApplication$UnloadThread.run(MoMLSimpleApplication.java:402)
Caused by: ptolemy.actor.sched.NotSchedulableException: Actors remain that cannot be scheduled!

There are several possible reasons:
* SDF Graphs with feedback loops should have an actor with a delay in the loop, such as a SampleDelay.
* The SDF director has an "allowDisconnectedGraphs"parameter, which, when true, permits disconnected SDF graphs.
* The token consumption rate and production rates might be mismatched.
Usually, actors produce one token or consume one token on a port.  To produce or consume multiple tokens per firing, add a "tokenConsumptionRate" or "tokenProductionRate" parameter to the appropriate port.
Unscheduled actors:
.partiallyConnected.Const2 
Scheduled actors:
.partiallyConnected.Const 
  in .partiallyConnected.SDF Director.Scheduler
	at ptolemy.domains.sdf.kernel.SDFScheduler._scheduleConnectedActors(SDFScheduler.java:1828)
	at ptolemy.domains.sdf.kernel.SDFScheduler._getSchedule(SDFScheduler.java:587)
	at ptolemy.actor.sched.Scheduler.getSchedule(Scheduler.java:189)
	at ptolemy.domains.sdf.kernel.SDFDirector.createSchedule(SDFDirector.java:408)
	at ptolemy.domains.sdf.kernel.SDFDirector.preinitialize(SDFDirector.java:764)
	at ptolemy.actor.CompositeActor.preinitialize(CompositeActor.java:1828)
	at ptolemy.actor.Manager.preinitializeAndResolveTypes(Manager.java:1040)
	at ptolemy.actor.Manager.initialize(Manager.java:710)
	at ptolemy.actor.Manager.execute(Manager.java:356)
	at ptolemy.actor.Manager.run(Manager.java:1263)
	at ptolemy.actor.Manager$PtolemyRunThread.run(Manager.java:1915)
]]></system-err>
</testsuite>
