<?xml version="1.0" encoding="UTF-8" ?>
<testsuite errors="0" failures="0" hostname="travis-job-70593bc5-eec4-4fba-9671-ad84c7a208e8" name="ptolemy.domains.de.test.junit.JUnitTclTest" skipped="0" tests="101" time="125.248" timestamp="2018-04-19T04:45:15">
  <properties>
[...]
</properties>
  <testcase classname="ptolemy.util.test.junit.TclTests" name="[0] /home/travis/build/icyphy/ptII/ptolemy/domains/de/test/DependencyLoop.tcl (RunTclFile)" time="0.762" />
  <testcase classname="ptolemy.util.test.junit.TclTests" name="[1] /home/travis/build/icyphy/ptII/ptolemy/domains/de/test/RunDETestsAsQSS.tcl (RunTclFile)" time="85.487" />
  <testcase classname="ptolemy.util.test.junit.AutoKnownFailedTests" name="[0] /home/travis/build/icyphy/ptII/ptolemy/domains/de/test/auto/knownFailedTests/DESDFClockTest.xml (RunModel)" time="2.034" />
  <testcase classname="ptolemy.util.test.junit.AutoKnownFailedTests" name="[1] /home/travis/build/icyphy/ptII/ptolemy/domains/de/test/auto/knownFailedTests/DirectFeedback.xml (RunModel)" time="0.018" />
  <testcase classname="ptolemy.util.test.junit.AutoKnownFailedTests" name="[2] /home/travis/build/icyphy/ptII/ptolemy/domains/de/test/auto/knownFailedTests/FSMSource.xml (RunModel)" time="0.021" />
  <testcase classname="ptolemy.util.test.junit.AutoKnownFailedTests" name="[3] /home/travis/build/icyphy/ptII/ptolemy/domains/de/test/auto/knownFailedTests/HierarchicalModel.xml (RunModel)" time="0.033" />
  <testcase classname="ptolemy.util.test.junit.AutoKnownFailedTests" name="[4] /home/travis/build/icyphy/ptII/ptolemy/domains/de/test/auto/knownFailedTests/dependencyLoop.xml (RunModel)" time="0.03" />
  <testcase classname="ptolemy.util.test.junit.AutoKnownFailedTests" name="[5] /home/travis/build/icyphy/ptII/ptolemy/domains/de/test/auto/knownFailedTests/dependencyLoop2.xml (RunModel)" time="0.046" />
  <testcase classname="ptolemy.util.test.junit.AutoNameArchTests" name="[0] ThereAreNoAutoTests (RunModel)" time="0.001" />
  <testcase classname="ptolemy.util.test.junit.AutoTests" name="[0] /home/travis/build/icyphy/ptII/ptolemy/domains/de/test/auto/ActorDepthCalculation_actorWithoutPorts.xml (RunModel)" time="0.018" />
  <testcase classname="ptolemy.util.test.junit.AutoTests" name="[1] /home/travis/build/icyphy/ptII/ptolemy/domains/de/test/auto/AssemblyLine.xml (RunModel)" time="0.012" />
  <testcase classname="ptolemy.util.test.junit.AutoTests" name="[2] /home/travis/build/icyphy/ptII/ptolemy/domains/de/test/auto/CQBug1.xml (RunModel)" time="0.004" />
  <testcase classname="ptolemy.util.test.junit.AutoTests" name="[3] /home/travis/build/icyphy/ptII/ptolemy/domains/de/test/auto/CancelFireAt.xml (RunModel)" time="0.004" />
  <testcase classname="ptolemy.util.test.junit.AutoTests" name="[4] /home/travis/build/icyphy/ptII/ptolemy/domains/de/test/auto/CausalityAndComposabilityAnalysis.xml (RunModel)" time="0.007" />
  <testcase classname="ptolemy.util.test.junit.AutoTests" name="[5] /home/travis/build/icyphy/ptII/ptolemy/domains/de/test/auto/CausalityInterface1.xml (RunModel)" time="0.01" />
  <testcase classname="ptolemy.util.test.junit.AutoTests" name="[6] /home/travis/build/icyphy/ptII/ptolemy/domains/de/test/auto/CausalityInterface15.xml (RunModel)" time="0.011" />
  <testcase classname="ptolemy.util.test.junit.AutoTests" name="[7] /home/travis/build/icyphy/ptII/ptolemy/domains/de/test/auto/CausalityInterface2.xml (RunModel)" time="0.008" />
  <testcase classname="ptolemy.util.test.junit.AutoTests" name="[8] /home/travis/build/icyphy/ptII/ptolemy/domains/de/test/auto/CausalityInterface3.xml (RunModel)" time="0.009" />
  <testcase classname="ptolemy.util.test.junit.AutoTests" name="[9] /home/travis/build/icyphy/ptII/ptolemy/domains/de/test/auto/ClockDrift.xml (RunModel)" time="0.038" />
  <testcase classname="ptolemy.util.test.junit.AutoTests" name="[10] /home/travis/build/icyphy/ptII/ptolemy/domains/de/test/auto/ClockDriftAndValueChange.xml (RunModel)" time="0.028" />
  <testcase classname="ptolemy.util.test.junit.AutoTests" name="[11] /home/travis/build/icyphy/ptII/ptolemy/domains/de/test/auto/ClockDriftChange.xml (RunModel)" time="0.024" />
  <testcase classname="ptolemy.util.test.junit.AutoTests" name="[12] /home/travis/build/icyphy/ptII/ptolemy/domains/de/test/auto/ComposableCausalityAnalysis.xml (RunModel)" time="0.014" />
  <testcase classname="ptolemy.util.test.junit.AutoTests" name="[13] /home/travis/build/icyphy/ptII/ptolemy/domains/de/test/auto/DEFixedPointLimitation.xml (RunModel)" time="0.008" />
  <testcase classname="ptolemy.util.test.junit.AutoTests" name="[14] /home/travis/build/icyphy/ptII/ptolemy/domains/de/test/auto/DEScheduleTest.xml (RunModel)" time="0.009" />
  <testcase classname="ptolemy.util.test.junit.AutoTests" name="[15] /home/travis/build/icyphy/ptII/ptolemy/domains/de/test/auto/DEinDEwithStartTimes.xml (RunModel)" time="0.011" />
  <testcase classname="ptolemy.util.test.junit.AutoTests" name="[16] /home/travis/build/icyphy/ptII/ptolemy/domains/de/test/auto/DEinDEwithStartTimes2.xml (RunModel)" time="0.011" />
  <testcase classname="ptolemy.util.test.junit.AutoTests" name="[17] /home/travis/build/icyphy/ptII/ptolemy/domains/de/test/auto/DateDemo.xml (RunModel)" time="0.021" />
  <testcase classname="ptolemy.util.test.junit.AutoTests" name="[18] /home/travis/build/icyphy/ptII/ptolemy/domains/de/test/auto/DateToEvent.xml (RunModel)" time="2.03" />
  <testcase classname="ptolemy.util.test.junit.AutoTests" name="[19] /home/travis/build/icyphy/ptII/ptolemy/domains/de/test/auto/DepthTest1.xml (RunModel)" time="0.007" />
  <testcase classname="ptolemy.util.test.junit.AutoTests" name="[20] /home/travis/build/icyphy/ptII/ptolemy/domains/de/test/auto/DepthTest2.xml (RunModel)" time="0.016" />
  <testcase classname="ptolemy.util.test.junit.AutoTests" name="[21] /home/travis/build/icyphy/ptII/ptolemy/domains/de/test/auto/DepthTest3.xml (RunModel)" time="0.007" />
  <testcase classname="ptolemy.util.test.junit.AutoTests" name="[22] /home/travis/build/icyphy/ptII/ptolemy/domains/de/test/auto/DepthTest4.xml (RunModel)" time="0.012" />
  <testcase classname="ptolemy.util.test.junit.AutoTests" name="[23] /home/travis/build/icyphy/ptII/ptolemy/domains/de/test/auto/DepthTest5.xml (RunModel)" time="0.013" />
  <testcase classname="ptolemy.util.test.junit.AutoTests" name="[24] /home/travis/build/icyphy/ptII/ptolemy/domains/de/test/auto/DepthTest6.xml (RunModel)" time="0.012" />
  <testcase classname="ptolemy.util.test.junit.AutoTests" name="[25] /home/travis/build/icyphy/ptII/ptolemy/domains/de/test/auto/DepthTest7.xml (RunModel)" time="0.01" />
  <testcase classname="ptolemy.util.test.junit.AutoTests" name="[26] /home/travis/build/icyphy/ptII/ptolemy/domains/de/test/auto/EventToDate.xml (RunModel)" time="3.031" />
  <testcase classname="ptolemy.util.test.junit.AutoTests" name="[27] /home/travis/build/icyphy/ptII/ptolemy/domains/de/test/auto/FSM1.xml (RunModel)" time="0.029" />
  <testcase classname="ptolemy.util.test.junit.AutoTests" name="[28] /home/travis/build/icyphy/ptII/ptolemy/domains/de/test/auto/FSM7.xml (RunModel)" time="0.028" />
  <testcase classname="ptolemy.util.test.junit.AutoTests" name="[29] /home/travis/build/icyphy/ptII/ptolemy/domains/de/test/auto/Inspection.xml (RunModel)" time="0.047" />
  <testcase classname="ptolemy.util.test.junit.AutoTests" name="[30] /home/travis/build/icyphy/ptII/ptolemy/domains/de/test/auto/Iteration.xml (RunModel)" time="0.029" />
  <testcase classname="ptolemy.util.test.junit.AutoTests" name="[31] /home/travis/build/icyphy/ptII/ptolemy/domains/de/test/auto/LineFault.xml (RunModel)" time="0.52" />
  <testcase classname="ptolemy.util.test.junit.AutoTests" name="[32] /home/travis/build/icyphy/ptII/ptolemy/domains/de/test/auto/MergeModel1Add.xml (RunModel)" time="0.068" />
  <testcase classname="ptolemy.util.test.junit.AutoTests" name="[33] /home/travis/build/icyphy/ptII/ptolemy/domains/de/test/auto/MergeModel2Add.xml (RunModel)" time="0.035" />
  <testcase classname="ptolemy.util.test.junit.AutoTests" name="[34] /home/travis/build/icyphy/ptII/ptolemy/domains/de/test/auto/MergeModel3Add.xml (RunModel)" time="0.042" />
  <testcase classname="ptolemy.util.test.junit.AutoTests" name="[35] /home/travis/build/icyphy/ptII/ptolemy/domains/de/test/auto/MergeWithoutDiscard.xml (RunModel)" time="0.015" />
  <testcase classname="ptolemy.util.test.junit.AutoTests" name="[36] /home/travis/build/icyphy/ptII/ptolemy/domains/de/test/auto/Modal1.xml (RunModel)" time="0.036" />
  <testcase classname="ptolemy.util.test.junit.AutoTests" name="[37] /home/travis/build/icyphy/ptII/ptolemy/domains/de/test/auto/Modal2.xml (RunModel)" time="0.032" />
  <testcase classname="ptolemy.util.test.junit.AutoTests" name="[38] /home/travis/build/icyphy/ptII/ptolemy/domains/de/test/auto/Modal3.xml (RunModel)" time="0.03" />
  <testcase classname="ptolemy.util.test.junit.AutoTests" name="[39] /home/travis/build/icyphy/ptII/ptolemy/domains/de/test/auto/Modal4.xml (RunModel)" time="0.032" />
  <testcase classname="ptolemy.util.test.junit.AutoTests" name="[40] /home/travis/build/icyphy/ptII/ptolemy/domains/de/test/auto/Modal5.xml (RunModel)" time="0.029" />
  <testcase classname="ptolemy.util.test.junit.AutoTests" name="[41] /home/travis/build/icyphy/ptII/ptolemy/domains/de/test/auto/Modal6.xml (RunModel)" time="0.025" />
  <testcase classname="ptolemy.util.test.junit.AutoTests" name="[42] /home/travis/build/icyphy/ptII/ptolemy/domains/de/test/auto/Modal7.xml (RunModel)" time="0.025" />
  <testcase classname="ptolemy.util.test.junit.AutoTests" name="[43] /home/travis/build/icyphy/ptII/ptolemy/domains/de/test/auto/ModalModel.xml (RunModel)" time="0.134" />
  <testcase classname="ptolemy.util.test.junit.AutoTests" name="[44] /home/travis/build/icyphy/ptII/ptolemy/domains/de/test/auto/ModalSource.xml (RunModel)" time="0.016" />
  <testcase classname="ptolemy.util.test.junit.AutoTests" name="[45] /home/travis/build/icyphy/ptII/ptolemy/domains/de/test/auto/NonInterruptibleTimerZeroDelay.xml (RunModel)" time="0.009" />
  <testcase classname="ptolemy.util.test.junit.AutoTests" name="[46] /home/travis/build/icyphy/ptII/ptolemy/domains/de/test/auto/OpenQueueingNetwork.xml (RunModel)" time="1.976" />
  <testcase classname="ptolemy.util.test.junit.AutoTests" name="[47] /home/travis/build/icyphy/ptII/ptolemy/domains/de/test/auto/OpenQueuingNetwork.xml (RunModel)" time="0.246" />
  <testcase classname="ptolemy.util.test.junit.AutoTests" name="[48] /home/travis/build/icyphy/ptII/ptolemy/domains/de/test/auto/PeriodicSampler.xml (RunModel)" time="0.007" />
  <testcase classname="ptolemy.util.test.junit.AutoTests" name="[49] /home/travis/build/icyphy/ptII/ptolemy/domains/de/test/auto/PersistentIO.xml (RunModel)" time="0.016" />
  <testcase classname="ptolemy.util.test.junit.AutoTests" name="[50] /home/travis/build/icyphy/ptII/ptolemy/domains/de/test/auto/PortParameterResetOnInitialize.xml (RunModel)" time="0.008" />
  <testcase classname="ptolemy.util.test.junit.AutoTests" name="[51] /home/travis/build/icyphy/ptII/ptolemy/domains/de/test/auto/PortParameterUpdates.xml (RunModel)" time="0.018" />
  <testcase classname="ptolemy.util.test.junit.AutoTests" name="[52] /home/travis/build/icyphy/ptII/ptolemy/domains/de/test/auto/QueueAndServer.xml (RunModel)" time="0.017" />
  <testcase classname="ptolemy.util.test.junit.AutoTests" name="[53] /home/travis/build/icyphy/ptII/ptolemy/domains/de/test/auto/Records.xml (RunModel)" time="0.011" />
  <testcase classname="ptolemy.util.test.junit.AutoTests" name="[54] /home/travis/build/icyphy/ptII/ptolemy/domains/de/test/auto/ResetTransitionWithStartTime1.xml (RunModel)" time="0.019" />
  <testcase classname="ptolemy.util.test.junit.AutoTests" name="[55] /home/travis/build/icyphy/ptII/ptolemy/domains/de/test/auto/ResetTransitionWithStartTime2.xml (RunModel)" time="0.015" />
  <testcase classname="ptolemy.util.test.junit.AutoTests" name="[56] /home/travis/build/icyphy/ptII/ptolemy/domains/de/test/auto/ResetTransitionWithStartTime3.xml (RunModel)" time="0.016" />
  <testcase classname="ptolemy.util.test.junit.AutoTests" name="[57] /home/travis/build/icyphy/ptII/ptolemy/domains/de/test/auto/ResetTransitionWithStartTime4.xml (RunModel)" time="0.017" />
  <testcase classname="ptolemy.util.test.junit.AutoTests" name="[58] /home/travis/build/icyphy/ptII/ptolemy/domains/de/test/auto/ResettableTimer1.xml (RunModel)" time="0.009" />
  <testcase classname="ptolemy.util.test.junit.AutoTests" name="[59] /home/travis/build/icyphy/ptII/ptolemy/domains/de/test/auto/ResettableTimer2.xml (RunModel)" time="0.009" />
  <testcase classname="ptolemy.util.test.junit.AutoTests" name="[60] /home/travis/build/icyphy/ptII/ptolemy/domains/de/test/auto/ResettableTimer3.xml (RunModel)" time="0.008" />
  <testcase classname="ptolemy.util.test.junit.AutoTests" name="[61] /home/travis/build/icyphy/ptII/ptolemy/domains/de/test/auto/ResettableTimer4.xml (RunModel)" time="0.008" />
  <testcase classname="ptolemy.util.test.junit.AutoTests" name="[62] /home/travis/build/icyphy/ptII/ptolemy/domains/de/test/auto/ResettableTimer5.xml (RunModel)" time="0.009" />
  <testcase classname="ptolemy.util.test.junit.AutoTests" name="[63] /home/travis/build/icyphy/ptII/ptolemy/domains/de/test/auto/ResettableTimer6.xml (RunModel)" time="0.01" />
  <testcase classname="ptolemy.util.test.junit.AutoTests" name="[64] /home/travis/build/icyphy/ptII/ptolemy/domains/de/test/auto/ServerZeroDelay.xml (RunModel)" time="0.009" />
  <testcase classname="ptolemy.util.test.junit.AutoTests" name="[65] /home/travis/build/icyphy/ptII/ptolemy/domains/de/test/auto/SmartSender.xml (RunModel)" time="3.008" />
  <testcase classname="ptolemy.util.test.junit.AutoTests" name="[66] /home/travis/build/icyphy/ptII/ptolemy/domains/de/test/auto/ThreadedComposite.xml (RunModel)" time="0.138" />
  <testcase classname="ptolemy.util.test.junit.AutoTests" name="[67] /home/travis/build/icyphy/ptII/ptolemy/domains/de/test/auto/Time.xml (RunModel)" time="0.393" />
  <testcase classname="ptolemy.util.test.junit.AutoTests" name="[68] /home/travis/build/icyphy/ptII/ptolemy/domains/de/test/auto/TimeDelayZeroDelay.xml (RunModel)" time="0.012" />
  <testcase classname="ptolemy.util.test.junit.AutoTests" name="[69] /home/travis/build/icyphy/ptII/ptolemy/domains/de/test/auto/TimerZeroDelay.xml (RunModel)" time="0.012" />
  <testcase classname="ptolemy.util.test.junit.AutoTests" name="[70] /home/travis/build/icyphy/ptII/ptolemy/domains/de/test/auto/TimingParadox.xml (RunModel)" time="0.323" />
  <testcase classname="ptolemy.util.test.junit.AutoTests" name="[71] /home/travis/build/icyphy/ptII/ptolemy/domains/de/test/auto/TransferInputs.xml (RunModel)" time="0.015" />
  <testcase classname="ptolemy.util.test.junit.AutoTests" name="[72] /home/travis/build/icyphy/ptII/ptolemy/domains/de/test/auto/TransferOutputs2.xml (RunModel)" time="0.015" />
  <testcase classname="ptolemy.util.test.junit.AutoTests" name="[73] /home/travis/build/icyphy/ptII/ptolemy/domains/de/test/auto/Trilateration.xml (RunModel)" time="11.303" />
  <testcase classname="ptolemy.util.test.junit.AutoTests" name="[74] /home/travis/build/icyphy/ptII/ptolemy/domains/de/test/auto/TwoSigmaDelta.xml (RunModel)" time="2.071" />
  <testcase classname="ptolemy.util.test.junit.AutoTests" name="[75] /home/travis/build/icyphy/ptII/ptolemy/domains/de/test/auto/VariableDelay.xml (RunModel)" time="0.011" />
  <testcase classname="ptolemy.util.test.junit.AutoTests" name="[76] /home/travis/build/icyphy/ptII/ptolemy/domains/de/test/auto/VariableDelay2.xml (RunModel)" time="0.013" />
  <testcase classname="ptolemy.util.test.junit.AutoTests" name="[77] /home/travis/build/icyphy/ptII/ptolemy/domains/de/test/auto/VariableDelayZeroDelay.xml (RunModel)" time="0.014" />
  <testcase classname="ptolemy.util.test.junit.AutoTests" name="[78] /home/travis/build/icyphy/ptII/ptolemy/domains/de/test/auto/VariableDelayZeroDelay2.xml (RunModel)" time="0.009" />
  <testcase classname="ptolemy.util.test.junit.AutoTests" name="[79] /home/travis/build/icyphy/ptII/ptolemy/domains/de/test/auto/deInCt.xml (RunModel)" time="0.016" />
  <testcase classname="ptolemy.util.test.junit.AutoTests" name="[80] /home/travis/build/icyphy/ptII/ptolemy/domains/de/test/auto/deInCt2.xml (RunModel)" time="0.016" />
  <testcase classname="ptolemy.util.test.junit.AutoTests" name="[81] /home/travis/build/icyphy/ptII/ptolemy/domains/de/test/auto/dynamicCausalityInterface1.xml (RunModel)" time="0.025" />
  <testcase classname="ptolemy.util.test.junit.AutoTests" name="[82] /home/travis/build/icyphy/ptII/ptolemy/domains/de/test/auto/fsm_de_test.xml (RunModel)" time="0.032" />
  <testcase classname="ptolemy.util.test.junit.AutoTests" name="[83] /home/travis/build/icyphy/ptII/ptolemy/domains/de/test/auto/functionDependencyReconstruction.xml (RunModel)" time="0.03" />
  <testcase classname="ptolemy.util.test.junit.AutoTests" name="[84] /home/travis/build/icyphy/ptII/ptolemy/domains/de/test/auto/multirate.xml (RunModel)" time="0.017" />
  <testcase classname="ptolemy.util.test.junit.AutoTests" name="[85] /home/travis/build/icyphy/ptII/ptolemy/domains/de/test/auto/multirate2.xml (RunModel)" time="0.014" />
  <testcase classname="ptolemy.util.test.junit.AutoTests" name="[86] /home/travis/build/icyphy/ptII/ptolemy/domains/de/test/auto/realtime.xml (RunModel)" time="10.011" />
  <testcase classname="ptolemy.util.test.junit.AutoTests" name="[87] /home/travis/build/icyphy/ptII/ptolemy/domains/de/test/auto/relationGroup.xml (RunModel)" time="0.007" />
  <testcase classname="ptolemy.util.test.junit.AutoTests" name="[88] /home/travis/build/icyphy/ptII/ptolemy/domains/de/test/auto/relationGroup2.xml (RunModel)" time="0.006" />
  <testcase classname="ptolemy.util.test.junit.AutoTests" name="[89] /home/travis/build/icyphy/ptII/ptolemy/domains/de/test/auto/sortWithOpaquePorts.xml (RunModel)" time="0.006" />
  <testcase classname="ptolemy.util.test.junit.AutoTests" name="[90] /home/travis/build/icyphy/ptII/ptolemy/domains/de/test/auto/transferInputsandOutputs.xml (RunModel)" time="0.015" />
  <testcase classname="ptolemy.util.test.junit.AutoTests" name="[91] /home/travis/build/icyphy/ptII/ptolemy/domains/de/test/auto/triggerType.xml (RunModel)" time="0.01" />
  <system-out><![CDATA[/home/travis/build/icyphy/ptII/ptolemy/domains/de/test/DependencyLoop.tcl
testDefs.tcl: setting time out to 9000 seconds at Thu Apr 19 04:45:15 UTC 2018
18 ms. Memory: 116224K Free: 93425K (80%)
9 ms. Memory: 146944K Free: 135503K (92%)
/home/travis/build/icyphy/ptII/ptolemy/domains/de/test/RunDETestsAsQSS.tcl
Run the DE tests using ptolemy.domains.qss.test.QSSDirectorTest, which extends QSSDirector and prints a message in the constructors.
------------------ testing $PTII/ptolemy/domains/de/test/auto/knownFailedTests/dependencyLoop.xml (Known Failure) 
9 ms. Memory: 146944K Free: 131230K (89%)


==== $PTIIhome/travis/build/icyphy/ptII/ptolemy/domains/de/test/../../../../: Auto Automatic test in file $PTII/ptolemy/domains/de/test/auto/knownFailedTests/dependencyLoop.xml
==== Contents of test case:

	    # FIXME: we should use $relativeFilename here, but it
	    # might have backslashes under Windows, which causes no end
	    # of trouble.
	    createAndExecute $file
	    list {}
	
.... Test generated KNOWN error:
    while executing
ptolemy.kernel.util.IllegalActionException: Found a zero delay loop containing .dependencyLoop.original
  in .dependencyLoop and .dependencyLoop.original
	at ptolemy.actor.util.CausalityInterfaceForComposites._computeOutputPortDepth(CausalityInterfaceForComposites.java:759)
	at ptolemy.actor.util.CausalityInterfaceForComposites._computeInputDepth(CausalityInterfaceForComposites.java:696)
	at ptolemy.actor.util.CausalityInterfaceForComposites._computeOutputPortDepth(CausalityInterfaceForComposites.java:765)
	at ptolemy.actor.util.CausalityInterfaceForComposites._computeInputDepth(CausalityInterfaceForComposites.java:696)
	at ptolemy.actor.util.CausalityInterfaceForComposites._computeOutputPortDepth(CausalityInterfaceForComposites.java:765)
	at ptolemy.actor.util.CausalityInterfaceForComposites._computeInputDepth(CausalityInterfaceForComposites.java:696)
	at ptolemy.actor.util.CausalityInterfaceForComposites._computeActorDepth(CausalityInterfaceForComposites.java:532)
	at ptolemy.actor.util.CausalityInterfaceForComposites.checkForCycles(CausalityInterfaceForComposites.java:96)
	at ptolemy.domains.de.kernel.DEDirector.preinitialize(DEDirector.java:1337)
	at ptolemy.actor.CompositeActor.preinitialize(CompositeActor.java:1828)
	at ptolemy.actor.Manager.preinitializeAndResolveTypes(Manager.java:1040)
	at ptolemy.actor.Manager.initialize(Manager.java:710)
	at ptolemy.actor.Manager.execute(Manager.java:356)
	at ptolemy.actor.Manager.run(Manager.java:1263)
	at ptolemy.actor.Manager$PtolemyRunThread.run(Manager.java:1915)

    while executing
ptolemy.kernel.util.IllegalActionException: Found a zero delay loop containing .dependencyLoop.original
  in .dependencyLoop and .dependencyLoop.original
    while executing
"java::new ptolemy.moml.MoMLSimpleApplication $file
"
    (procedure "createAndExecute" line 2)
    invoked from within
"createAndExecute $file"
    ("uplevel" body line 5)
    invoked from within
"uplevel $contents_of_test"
------------------ testing $PTII/ptolemy/domains/de/test/auto/knownFailedTests/DESDFClockTest.xml (Known Failure) 
2085 ms. Memory: 146944K Free: 115418K (79%)


==== $PTIIhome/travis/build/icyphy/ptII/ptolemy/domains/de/test/../../../../: Auto Automatic test in file $PTII/ptolemy/domains/de/test/auto/knownFailedTests/DESDFClockTest.xml
==== Contents of test case:

	    # FIXME: we should use $relativeFilename here, but it
	    # might have backslashes under Windows, which causes no end
	    # of trouble.
	    createAndExecute $file
	    list {}
	
.... Test generated KNOWN error:
    while executing
ptolemy.kernel.util.IllegalActionException: Actor is not ready to fire.  Perhaps UpSample.prefire() returned false? Try debugging the actor by selecting "Listen to Actor".  Also, for SDF check moml for tokenConsumptionRate on input.
  in .DESDFClockTest.Play Bell.Copy1:SDF Director and .DESDFClockTest.Play Bell.UpSample
	at ptolemy.actor.sched.StaticSchedulingDirector.fire(StaticSchedulingDirector.java:227)
	at ptolemy.domains.sdf.kernel.SDFDirector.fire(SDFDirector.java:500)
	at ptolemy.actor.CompositeActor.fire(CompositeActor.java:455)
	at ptolemy.domains.de.kernel.DEDirector._fire(DEDirector.java:1948)
	at ptolemy.domains.de.kernel.DEDirector.fire(DEDirector.java:502)
	at ptolemy.actor.CompositeActor.fire(CompositeActor.java:455)
	at ptolemy.actor.Manager.iterate(Manager.java:851)
	at ptolemy.actor.Manager.execute(Manager.java:369)
	at ptolemy.actor.Manager.run(Manager.java:1263)
	at ptolemy.actor.Manager$PtolemyRunThread.run(Manager.java:1915)

    while executing
ptolemy.kernel.util.IllegalActionException: Actor is not ready to fire.  Perhaps UpSample.prefire() returned false? Try debugging the actor by selecting "Listen to Actor".  Also, for SDF check moml for tokenConsumptionRate on input.
  in .DESDFClockTest.Play Bell.Copy1:SDF Director and .DESDFClockTest.Play Bell.UpSample
    while executing
"java::new ptolemy.moml.MoMLSimpleApplication $file
"
    (procedure "createAndExecute" line 2)
    invoked from within
"createAndExecute $file"
    ("uplevel" body line 5)
    invoked from within
"uplevel $contents_of_test"
------------------ testing $PTII/ptolemy/domains/de/test/auto/knownFailedTests/FSMSource.xml (Known Failure) 
26 ms. Memory: 146944K Free: 105891K (72%)
!!!! Auto was marked as failing, but now passes
------------------ testing $PTII/ptolemy/domains/de/test/auto/knownFailedTests/dependencyLoop2.xml (Known Failure) 
6 ms. Memory: 146944K Free: 104007K (71%)


==== $PTIIhome/travis/build/icyphy/ptII/ptolemy/domains/de/test/../../../../: Auto Automatic test in file $PTII/ptolemy/domains/de/test/auto/knownFailedTests/dependencyLoop2.xml
==== Contents of test case:

	    # FIXME: we should use $relativeFilename here, but it
	    # might have backslashes under Windows, which causes no end
	    # of trouble.
	    createAndExecute $file
	    list {}
	
.... Test generated KNOWN error:
    while executing
ptolemy.kernel.util.IllegalActionException: Found a zero delay loop containing .dependencyLoop2.original
  in .dependencyLoop2 and .dependencyLoop2.original
	at ptolemy.actor.util.CausalityInterfaceForComposites._computeOutputPortDepth(CausalityInterfaceForComposites.java:759)
	at ptolemy.actor.util.CausalityInterfaceForComposites._computeInputDepth(CausalityInterfaceForComposites.java:696)
	at ptolemy.actor.util.CausalityInterfaceForComposites._computeOutputPortDepth(CausalityInterfaceForComposites.java:765)
	at ptolemy.actor.util.CausalityInterfaceForComposites._computeInputDepth(CausalityInterfaceForComposites.java:696)
	at ptolemy.actor.util.CausalityInterfaceForComposites._computeOutputPortDepth(CausalityInterfaceForComposites.java:765)
	at ptolemy.actor.util.CausalityInterfaceForComposites._computeInputDepth(CausalityInterfaceForComposites.java:696)
	at ptolemy.actor.util.CausalityInterfaceForComposites._computeActorDepth(CausalityInterfaceForComposites.java:532)
	at ptolemy.actor.util.CausalityInterfaceForComposites.checkForCycles(CausalityInterfaceForComposites.java:96)
	at ptolemy.domains.de.kernel.DEDirector.preinitialize(DEDirector.java:1337)
	at ptolemy.actor.CompositeActor.preinitialize(CompositeActor.java:1828)
	at ptolemy.actor.Manager.preinitializeAndResolveTypes(Manager.java:1040)
	at ptolemy.actor.Manager.initialize(Manager.java:710)
	at ptolemy.actor.Manager.execute(Manager.java:356)
	at ptolemy.actor.Manager.run(Manager.java:1263)
	at ptolemy.actor.Manager$PtolemyRunThread.run(Manager.java:1915)

    while executing
ptolemy.kernel.util.IllegalActionException: Found a zero delay loop containing .dependencyLoop2.original
  in .dependencyLoop2 and .dependencyLoop2.original
    while executing
"java::new ptolemy.moml.MoMLSimpleApplication $file
"
    (procedure "createAndExecute" line 2)
    invoked from within
"createAndExecute $file"
    ("uplevel" body line 5)
    invoked from within
"uplevel $contents_of_test"
------------------ testing $PTII/ptolemy/domains/de/test/auto/knownFailedTests/HierarchicalModel.xml (Known Failure) 
5 ms. Memory: 146944K Free: 83421K (57%)


==== $PTIIhome/travis/build/icyphy/ptII/ptolemy/domains/de/test/../../../../: Auto Automatic test in file $PTII/ptolemy/domains/de/test/auto/knownFailedTests/HierarchicalModel.xml
==== Contents of test case:

	    # FIXME: we should use $relativeFilename here, but it
	    # might have backslashes under Windows, which causes no end
	    # of trouble.
	    createAndExecute $file
	    list {}
	
.... Test generated KNOWN error:
    while executing
ptolemy.kernel.util.IllegalActionException: Found a zero delay loop containing .HierarchicalModel.A
  in .HierarchicalModel and .HierarchicalModel.A
	at ptolemy.actor.util.CausalityInterfaceForComposites._computeOutputPortDepth(CausalityInterfaceForComposites.java:759)
	at ptolemy.actor.util.CausalityInterfaceForComposites._computeInputDepth(CausalityInterfaceForComposites.java:696)
	at ptolemy.actor.util.CausalityInterfaceForComposites._computeOutputPortDepth(CausalityInterfaceForComposites.java:765)
	at ptolemy.actor.util.CausalityInterfaceForComposites._computeInputDepth(CausalityInterfaceForComposites.java:696)
	at ptolemy.actor.util.CausalityInterfaceForComposites._computeOutputPortDepth(CausalityInterfaceForComposites.java:765)
	at ptolemy.actor.util.CausalityInterfaceForComposites._computeInputDepth(CausalityInterfaceForComposites.java:696)
	at ptolemy.actor.util.CausalityInterfaceForComposites._computeActorDepth(CausalityInterfaceForComposites.java:532)
	at ptolemy.actor.util.CausalityInterfaceForComposites.checkForCycles(CausalityInterfaceForComposites.java:96)
	at ptolemy.domains.de.kernel.DEDirector.preinitialize(DEDirector.java:1337)
	at ptolemy.actor.CompositeActor.preinitialize(CompositeActor.java:1828)
	at ptolemy.actor.Manager.preinitializeAndResolveTypes(Manager.java:1040)
	at ptolemy.actor.Manager.initialize(Manager.java:710)
	at ptolemy.actor.Manager.execute(Manager.java:356)
	at ptolemy.actor.Manager.run(Manager.java:1263)
	at ptolemy.actor.Manager$PtolemyRunThread.run(Manager.java:1915)

    while executing
ptolemy.kernel.util.IllegalActionException: Found a zero delay loop containing .HierarchicalModel.A
  in .HierarchicalModel and .HierarchicalModel.A
    while executing
"java::new ptolemy.moml.MoMLSimpleApplication $file
"
    (procedure "createAndExecute" line 2)
    invoked from within
"createAndExecute $file"
    ("uplevel" body line 5)
    invoked from within
"uplevel $contents_of_test"
------------------ testing $PTII/ptolemy/domains/de/test/auto/knownFailedTests/DirectFeedback.xml (Known Failure) 
12 ms. Memory: 146944K Free: 139162K (95%)


==== $PTIIhome/travis/build/icyphy/ptII/ptolemy/domains/de/test/../../../../: Auto Automatic test in file $PTII/ptolemy/domains/de/test/auto/knownFailedTests/DirectFeedback.xml
==== Contents of test case:

	    # FIXME: we should use $relativeFilename here, but it
	    # might have backslashes under Windows, which causes no end
	    # of trouble.
	    createAndExecute $file
	    list {}
	
.... Test generated KNOWN error:
    while executing
ptolemy.kernel.util.IllegalActionException: Test fails in iteration 1.
Value was: 1.0. Should have been: 2.0
  in .DirectFeedback.Test
	at ptolemy.actor.lib.Test.fire(Test.java:268)
	at ptolemy.domains.de.kernel.DEDirector._fire(DEDirector.java:1948)
	at ptolemy.domains.de.kernel.DEDirector.fire(DEDirector.java:502)
	at ptolemy.actor.CompositeActor.fire(CompositeActor.java:455)
	at ptolemy.actor.Manager.iterate(Manager.java:851)
	at ptolemy.actor.Manager.execute(Manager.java:369)
	at ptolemy.actor.Manager.run(Manager.java:1263)
	at ptolemy.actor.Manager$PtolemyRunThread.run(Manager.java:1915)

    while executing
ptolemy.kernel.util.IllegalActionException: Test fails in iteration 1.
Value was: 1.0. Should have been: 2.0
  in .DirectFeedback.Test
    while executing
"java::new ptolemy.moml.MoMLSimpleApplication $file
"
    (procedure "createAndExecute" line 2)
    invoked from within
"createAndExecute $file"
    ("uplevel" body line 5)
    invoked from within
"uplevel $contents_of_test"
------------------ testing $PTII/ptolemy/domains/de/test/auto/ActorDepthCalculation_actorWithoutPorts.xml
auto.tcl: Setting watchdog for 200 seconds at Thu Apr 19 04:45:18 UTC 2018
4 ms. Memory: 146944K Free: 131605K (90%)
ptolemy.util.test.WatchDog.cancel(): canceling Thu Apr 19 04:45:18 UTC 2018
auto.tcl: Setting watchdog for 200 seconds at Thu Apr 19 04:45:18 UTC 2018
5 ms. Memory: 146944K Free: 129534K (88%)
ptolemy.util.test.WatchDog.cancel(): canceling Thu Apr 19 04:45:18 UTC 2018
------------------ testing $PTII/ptolemy/domains/de/test/auto/AssemblyLine.xml
auto.tcl: Setting watchdog for 200 seconds at Thu Apr 19 04:45:19 UTC 2018
13 ms. Memory: 208384K Free: 186134K (89%)
ptolemy.util.test.WatchDog.cancel(): canceling Thu Apr 19 04:45:19 UTC 2018
auto.tcl: Setting watchdog for 200 seconds at Thu Apr 19 04:45:19 UTC 2018
8 ms. Memory: 208384K Free: 186134K (89%)
ptolemy.util.test.WatchDog.cancel(): canceling Thu Apr 19 04:45:19 UTC 2018
------------------ testing $PTII/ptolemy/domains/de/test/auto/CQBug1.xml
auto.tcl: Setting watchdog for 200 seconds at Thu Apr 19 04:45:19 UTC 2018
4 ms. Memory: 208384K Free: 197726K (95%)
ptolemy.util.test.WatchDog.cancel(): canceling Thu Apr 19 04:45:19 UTC 2018
auto.tcl: Setting watchdog for 200 seconds at Thu Apr 19 04:45:19 UTC 2018
2 ms. Memory: 208384K Free: 197726K (95%)
ptolemy.util.test.WatchDog.cancel(): canceling Thu Apr 19 04:45:19 UTC 2018
------------------ testing $PTII/ptolemy/domains/de/test/auto/CancelFireAt.xml
auto.tcl: Setting watchdog for 200 seconds at Thu Apr 19 04:45:19 UTC 2018
3 ms. Memory: 208384K Free: 201440K (97%)
ptolemy.util.test.WatchDog.cancel(): canceling Thu Apr 19 04:45:19 UTC 2018
auto.tcl: Setting watchdog for 200 seconds at Thu Apr 19 04:45:19 UTC 2018
7 ms. Memory: 208384K Free: 199341K (96%)
ptolemy.util.test.WatchDog.cancel(): canceling Thu Apr 19 04:45:19 UTC 2018
------------------ testing $PTII/ptolemy/domains/de/test/auto/CausalityAndComposabilityAnalysis.xml
auto.tcl: Setting watchdog for 200 seconds at Thu Apr 19 04:45:19 UTC 2018
9 ms. Memory: 208384K Free: 196840K (94%)
ptolemy.util.test.WatchDog.cancel(): canceling Thu Apr 19 04:45:19 UTC 2018
auto.tcl: Setting watchdog for 200 seconds at Thu Apr 19 04:45:19 UTC 2018
6 ms. Memory: 208384K Free: 196502K (94%)
ptolemy.util.test.WatchDog.cancel(): canceling Thu Apr 19 04:45:19 UTC 2018
------------------ testing $PTII/ptolemy/domains/de/test/auto/CausalityInterface1.xml
auto.tcl: Setting watchdog for 200 seconds at Thu Apr 19 04:45:19 UTC 2018
12 ms. Memory: 208384K Free: 196440K (94%)
ptolemy.util.test.WatchDog.cancel(): canceling Thu Apr 19 04:45:19 UTC 2018
auto.tcl: Setting watchdog for 200 seconds at Thu Apr 19 04:45:19 UTC 2018
8 ms. Memory: 208384K Free: 196440K (94%)
ptolemy.util.test.WatchDog.cancel(): canceling Thu Apr 19 04:45:19 UTC 2018
------------------ testing $PTII/ptolemy/domains/de/test/auto/CausalityInterface15.xml
auto.tcl: Setting watchdog for 200 seconds at Thu Apr 19 04:45:19 UTC 2018
12 ms. Memory: 208384K Free: 196431K (94%)
ptolemy.util.test.WatchDog.cancel(): canceling Thu Apr 19 04:45:19 UTC 2018
auto.tcl: Setting watchdog for 200 seconds at Thu Apr 19 04:45:19 UTC 2018
8 ms. Memory: 208384K Free: 194332K (93%)
ptolemy.util.test.WatchDog.cancel(): canceling Thu Apr 19 04:45:19 UTC 2018
------------------ testing $PTII/ptolemy/domains/de/test/auto/CausalityInterface2.xml
auto.tcl: Setting watchdog for 200 seconds at Thu Apr 19 04:45:19 UTC 2018
9 ms. Memory: 208384K Free: 196415K (94%)
ptolemy.util.test.WatchDog.cancel(): canceling Thu Apr 19 04:45:19 UTC 2018
auto.tcl: Setting watchdog for 200 seconds at Thu Apr 19 04:45:19 UTC 2018
3 ms. Memory: 208384K Free: 196415K (94%)
ptolemy.util.test.WatchDog.cancel(): canceling Thu Apr 19 04:45:19 UTC 2018
------------------ testing $PTII/ptolemy/domains/de/test/auto/CausalityInterface3.xml
auto.tcl: Setting watchdog for 200 seconds at Thu Apr 19 04:45:19 UTC 2018
3 ms. Memory: 208384K Free: 196766K (94%)
ptolemy.util.test.WatchDog.cancel(): canceling Thu Apr 19 04:45:19 UTC 2018
auto.tcl: Setting watchdog for 200 seconds at Thu Apr 19 04:45:19 UTC 2018
4 ms. Memory: 208384K Free: 196766K (94%)
ptolemy.util.test.WatchDog.cancel(): canceling Thu Apr 19 04:45:19 UTC 2018
------------------ testing $PTII/ptolemy/domains/de/test/auto/ClockDrift.xml
auto.tcl: Setting watchdog for 200 seconds at Thu Apr 19 04:45:19 UTC 2018
84 ms. Memory: 208384K Free: 187663K (90%)
ptolemy.util.test.WatchDog.cancel(): canceling Thu Apr 19 04:45:20 UTC 2018
auto.tcl: Setting watchdog for 200 seconds at Thu Apr 19 04:45:20 UTC 2018
40 ms. Memory: 208384K Free: 185564K (89%)
ptolemy.util.test.WatchDog.cancel(): canceling Thu Apr 19 04:45:20 UTC 2018
------------------ testing $PTII/ptolemy/domains/de/test/auto/ClockDriftAndValueChange.xml
auto.tcl: Setting watchdog for 200 seconds at Thu Apr 19 04:45:20 UTC 2018
57 ms. Memory: 208384K Free: 187500K (90%)
ptolemy.util.test.WatchDog.cancel(): canceling Thu Apr 19 04:45:20 UTC 2018
auto.tcl: Setting watchdog for 200 seconds at Thu Apr 19 04:45:20 UTC 2018
34 ms. Memory: 208384K Free: 185401K (89%)
ptolemy.util.test.WatchDog.cancel(): canceling Thu Apr 19 04:45:20 UTC 2018
------------------ testing $PTII/ptolemy/domains/de/test/auto/ClockDriftChange.xml
auto.tcl: Setting watchdog for 200 seconds at Thu Apr 19 04:45:20 UTC 2018
42 ms. Memory: 208384K Free: 190825K (92%)
ptolemy.util.test.WatchDog.cancel(): canceling Thu Apr 19 04:45:20 UTC 2018
auto.tcl: Setting watchdog for 200 seconds at Thu Apr 19 04:45:20 UTC 2018
35 ms. Memory: 208384K Free: 188726K (91%)
ptolemy.util.test.WatchDog.cancel(): canceling Thu Apr 19 04:45:20 UTC 2018
------------------ testing $PTII/ptolemy/domains/de/test/auto/ComposableCausalityAnalysis.xml
auto.tcl: Setting watchdog for 200 seconds at Thu Apr 19 04:45:20 UTC 2018
1 ms. Memory: 208384K Free: 196289K (94%)
ptolemy.util.test.WatchDog.cancel(): canceling Thu Apr 19 04:45:20 UTC 2018
auto.tcl: Setting watchdog for 200 seconds at Thu Apr 19 04:45:20 UTC 2018
2 ms. Memory: 208384K Free: 194189K (93%)
ptolemy.util.test.WatchDog.cancel(): canceling Thu Apr 19 04:45:20 UTC 2018
------------------ testing $PTII/ptolemy/domains/de/test/auto/DEFixedPointLimitation.xml
auto.tcl: Setting watchdog for 200 seconds at Thu Apr 19 04:45:20 UTC 2018
1 ms. Memory: 208384K Free: 196369K (94%)
ptolemy.util.test.WatchDog.cancel(): canceling Thu Apr 19 04:45:20 UTC 2018
auto.tcl: Setting watchdog for 200 seconds at Thu Apr 19 04:45:20 UTC 2018
2 ms. Memory: 208384K Free: 196369K (94%)
ptolemy.util.test.WatchDog.cancel(): canceling Thu Apr 19 04:45:20 UTC 2018
------------------ testing $PTII/ptolemy/domains/de/test/auto/DEScheduleTest.xml
auto.tcl: Setting watchdog for 200 seconds at Thu Apr 19 04:45:20 UTC 2018
4 ms. Memory: 208384K Free: 198504K (95%)
ptolemy.util.test.WatchDog.cancel(): canceling Thu Apr 19 04:45:20 UTC 2018
auto.tcl: Setting watchdog for 200 seconds at Thu Apr 19 04:45:20 UTC 2018
5 ms. Memory: 208384K Free: 196405K (94%)
ptolemy.util.test.WatchDog.cancel(): canceling Thu Apr 19 04:45:20 UTC 2018
------------------ testing $PTII/ptolemy/domains/de/test/auto/DEinDEwithStartTimes.xml
auto.tcl: Setting watchdog for 200 seconds at Thu Apr 19 04:45:20 UTC 2018
3 ms. Memory: 208384K Free: 196374K (94%)
ptolemy.util.test.WatchDog.cancel(): canceling Thu Apr 19 04:45:20 UTC 2018
auto.tcl: Setting watchdog for 200 seconds at Thu Apr 19 04:45:20 UTC 2018
4 ms. Memory: 208384K Free: 194274K (93%)
ptolemy.util.test.WatchDog.cancel(): canceling Thu Apr 19 04:45:20 UTC 2018
------------------ testing $PTII/ptolemy/domains/de/test/auto/DEinDEwithStartTimes2.xml
auto.tcl: Setting watchdog for 200 seconds at Thu Apr 19 04:45:20 UTC 2018
7 ms. Memory: 208384K Free: 196691K (94%)
ptolemy.util.test.WatchDog.cancel(): canceling Thu Apr 19 04:45:20 UTC 2018
auto.tcl: Setting watchdog for 200 seconds at Thu Apr 19 04:45:20 UTC 2018
3 ms. Memory: 208384K Free: 194254K (93%)
ptolemy.util.test.WatchDog.cancel(): canceling Thu Apr 19 04:45:20 UTC 2018
------------------ testing $PTII/ptolemy/domains/de/test/auto/DateDemo.xml
auto.tcl: Setting watchdog for 200 seconds at Thu Apr 19 04:45:20 UTC 2018
16 ms. Memory: 208384K Free: 188801K (91%)
ptolemy.util.test.WatchDog.cancel(): canceling Thu Apr 19 04:45:20 UTC 2018
auto.tcl: Setting watchdog for 200 seconds at Thu Apr 19 04:45:20 UTC 2018
9 ms. Memory: 208384K Free: 186702K (90%)
ptolemy.util.test.WatchDog.cancel(): canceling Thu Apr 19 04:45:20 UTC 2018
------------------ testing $PTII/ptolemy/domains/de/test/auto/DateToEvent.xml
auto.tcl: Setting watchdog for 200 seconds at Thu Apr 19 04:45:21 UTC 2018
2016 ms. Memory: 208384K Free: 183527K (88%)
ptolemy.util.test.WatchDog.cancel(): canceling Thu Apr 19 04:45:23 UTC 2018
auto.tcl: Setting watchdog for 200 seconds at Thu Apr 19 04:45:23 UTC 2018
2004 ms. Memory: 208384K Free: 183527K (88%)
ptolemy.util.test.WatchDog.cancel(): canceling Thu Apr 19 04:45:25 UTC 2018
------------------ testing $PTII/ptolemy/domains/de/test/auto/DepthTest1.xml
auto.tcl: Setting watchdog for 200 seconds at Thu Apr 19 04:45:25 UTC 2018
4 ms. Memory: 208384K Free: 198368K (95%)
ptolemy.util.test.WatchDog.cancel(): canceling Thu Apr 19 04:45:25 UTC 2018
auto.tcl: Setting watchdog for 200 seconds at Thu Apr 19 04:45:25 UTC 2018
2 ms. Memory: 208384K Free: 198031K (95%)
ptolemy.util.test.WatchDog.cancel(): canceling Thu Apr 19 04:45:25 UTC 2018
------------------ testing $PTII/ptolemy/domains/de/test/auto/DepthTest2.xml
auto.tcl: Setting watchdog for 200 seconds at Thu Apr 19 04:45:25 UTC 2018
3 ms. Memory: 208384K Free: 194234K (93%)
ptolemy.util.test.WatchDog.cancel(): canceling Thu Apr 19 04:45:25 UTC 2018
auto.tcl: Setting watchdog for 200 seconds at Thu Apr 19 04:45:25 UTC 2018
4 ms. Memory: 208384K Free: 194234K (93%)
ptolemy.util.test.WatchDog.cancel(): canceling Thu Apr 19 04:45:25 UTC 2018
------------------ testing $PTII/ptolemy/domains/de/test/auto/DepthTest3.xml
auto.tcl: Setting watchdog for 200 seconds at Thu Apr 19 04:45:25 UTC 2018
5 ms. Memory: 208384K Free: 198704K (95%)
ptolemy.util.test.WatchDog.cancel(): canceling Thu Apr 19 04:45:25 UTC 2018
auto.tcl: Setting watchdog for 200 seconds at Thu Apr 19 04:45:25 UTC 2018
2 ms. Memory: 208384K Free: 198366K (95%)
ptolemy.util.test.WatchDog.cancel(): canceling Thu Apr 19 04:45:25 UTC 2018
------------------ testing $PTII/ptolemy/domains/de/test/auto/DepthTest4.xml
auto.tcl: Setting watchdog for 200 seconds at Thu Apr 19 04:45:25 UTC 2018
2 ms. Memory: 208384K Free: 196354K (94%)
ptolemy.util.test.WatchDog.cancel(): canceling Thu Apr 19 04:45:25 UTC 2018
auto.tcl: Setting watchdog for 200 seconds at Thu Apr 19 04:45:25 UTC 2018
2 ms. Memory: 208384K Free: 196354K (94%)
ptolemy.util.test.WatchDog.cancel(): canceling Thu Apr 19 04:45:25 UTC 2018
------------------ testing $PTII/ptolemy/domains/de/test/auto/DepthTest5.xml
auto.tcl: Setting watchdog for 200 seconds at Thu Apr 19 04:45:25 UTC 2018
3 ms. Memory: 208384K Free: 196302K (94%)
ptolemy.util.test.WatchDog.cancel(): canceling Thu Apr 19 04:45:25 UTC 2018
auto.tcl: Setting watchdog for 200 seconds at Thu Apr 19 04:45:25 UTC 2018
2 ms. Memory: 208384K Free: 196302K (94%)
ptolemy.util.test.WatchDog.cancel(): canceling Thu Apr 19 04:45:25 UTC 2018
------------------ testing $PTII/ptolemy/domains/de/test/auto/DepthTest6.xml
auto.tcl: Setting watchdog for 200 seconds at Thu Apr 19 04:45:25 UTC 2018
5 ms. Memory: 208384K Free: 196616K (94%)
ptolemy.util.test.WatchDog.cancel(): canceling Thu Apr 19 04:45:25 UTC 2018
auto.tcl: Setting watchdog for 200 seconds at Thu Apr 19 04:45:25 UTC 2018
2 ms. Memory: 208384K Free: 196616K (94%)
ptolemy.util.test.WatchDog.cancel(): canceling Thu Apr 19 04:45:25 UTC 2018
------------------ testing $PTII/ptolemy/domains/de/test/auto/DepthTest7.xml
auto.tcl: Setting watchdog for 200 seconds at Thu Apr 19 04:45:25 UTC 2018
2 ms. Memory: 208384K Free: 196275K (94%)
ptolemy.util.test.WatchDog.cancel(): canceling Thu Apr 19 04:45:25 UTC 2018
auto.tcl: Setting watchdog for 200 seconds at Thu Apr 19 04:45:25 UTC 2018
2 ms. Memory: 208384K Free: 196275K (94%)
ptolemy.util.test.WatchDog.cancel(): canceling Thu Apr 19 04:45:25 UTC 2018
------------------ testing $PTII/ptolemy/domains/de/test/auto/EventToDate.xml
auto.tcl: Setting watchdog for 200 seconds at Thu Apr 19 04:45:25 UTC 2018
3006 ms. Memory: 208384K Free: 183342K (88%)
ptolemy.util.test.WatchDog.cancel(): canceling Thu Apr 19 04:45:28 UTC 2018
auto.tcl: Setting watchdog for 200 seconds at Thu Apr 19 04:45:28 UTC 2018
3004 ms. Memory: 208384K Free: 183342K (88%)
ptolemy.util.test.WatchDog.cancel(): canceling Thu Apr 19 04:45:31 UTC 2018
------------------ testing $PTII/ptolemy/domains/de/test/auto/FSM1.xml
auto.tcl: Setting watchdog for 200 seconds at Thu Apr 19 04:45:31 UTC 2018
20 ms. Memory: 208384K Free: 187213K (90%)
ptolemy.util.test.WatchDog.cancel(): canceling Thu Apr 19 04:45:31 UTC 2018
auto.tcl: Setting watchdog for 200 seconds at Thu Apr 19 04:45:31 UTC 2018
22 ms. Memory: 208384K Free: 185114K (89%)
ptolemy.util.test.WatchDog.cancel(): canceling Thu Apr 19 04:45:31 UTC 2018
------------------ testing $PTII/ptolemy/domains/de/test/auto/FSM7.xml
auto.tcl: Setting watchdog for 200 seconds at Thu Apr 19 04:45:31 UTC 2018
13 ms. Memory: 208384K Free: 187416K (90%)
ptolemy.util.test.WatchDog.cancel(): canceling Thu Apr 19 04:45:31 UTC 2018
auto.tcl: Setting watchdog for 200 seconds at Thu Apr 19 04:45:31 UTC 2018
16 ms. Memory: 208384K Free: 185317K (89%)
ptolemy.util.test.WatchDog.cancel(): canceling Thu Apr 19 04:45:31 UTC 2018
------------------ testing $PTII/ptolemy/domains/de/test/auto/Inspection.xml
auto.tcl: Setting watchdog for 200 seconds at Thu Apr 19 04:45:31 UTC 2018
39 ms. Memory: 208384K Free: 188968K (91%)
ptolemy.util.test.WatchDog.cancel(): canceling Thu Apr 19 04:45:32 UTC 2018
auto.tcl: Setting watchdog for 200 seconds at Thu Apr 19 04:45:32 UTC 2018
21 ms. Memory: 208384K Free: 186869K (90%)
ptolemy.util.test.WatchDog.cancel(): canceling Thu Apr 19 04:45:32 UTC 2018
------------------ testing $PTII/ptolemy/domains/de/test/auto/Iteration.xml
auto.tcl: Setting watchdog for 200 seconds at Thu Apr 19 04:45:32 UTC 2018
7 ms. Memory: 208384K Free: 194272K (93%)
ptolemy.util.test.WatchDog.cancel(): canceling Thu Apr 19 04:45:32 UTC 2018
auto.tcl: Setting watchdog for 200 seconds at Thu Apr 19 04:45:32 UTC 2018
7 ms. Memory: 208384K Free: 194272K (93%)
ptolemy.util.test.WatchDog.cancel(): canceling Thu Apr 19 04:45:32 UTC 2018
------------------ testing $PTII/ptolemy/domains/de/test/auto/LineFault.xml
auto.tcl: Setting watchdog for 200 seconds at Thu Apr 19 04:45:32 UTC 2018
730 ms. Memory: 208384K Free: 193334K (93%)
ptolemy.util.test.WatchDog.cancel(): canceling Thu Apr 19 04:45:33 UTC 2018
auto.tcl: Setting watchdog for 200 seconds at Thu Apr 19 04:45:33 UTC 2018
550 ms. Memory: 208384K Free: 137435K (66%)
ptolemy.util.test.WatchDog.cancel(): canceling Thu Apr 19 04:45:33 UTC 2018
------------------ testing $PTII/ptolemy/domains/de/test/auto/MergeModel1Add.xml
auto.tcl: Setting watchdog for 200 seconds at Thu Apr 19 04:45:33 UTC 2018
31 ms. Memory: 331264K Free: 299302K (90%)
ptolemy.util.test.WatchDog.cancel(): canceling Thu Apr 19 04:45:33 UTC 2018
auto.tcl: Setting watchdog for 200 seconds at Thu Apr 19 04:45:33 UTC 2018
10 ms. Memory: 331264K Free: 299302K (90%)
ptolemy.util.test.WatchDog.cancel(): canceling Thu Apr 19 04:45:33 UTC 2018
------------------ testing $PTII/ptolemy/domains/de/test/auto/MergeModel2Add.xml
auto.tcl: Setting watchdog for 200 seconds at Thu Apr 19 04:45:33 UTC 2018
9 ms. Memory: 331264K Free: 304509K (92%)
ptolemy.util.test.WatchDog.cancel(): canceling Thu Apr 19 04:45:33 UTC 2018
auto.tcl: Setting watchdog for 200 seconds at Thu Apr 19 04:45:33 UTC 2018
6 ms. Memory: 331264K Free: 300637K (91%)
ptolemy.util.test.WatchDog.cancel(): canceling Thu Apr 19 04:45:33 UTC 2018
------------------ testing $PTII/ptolemy/domains/de/test/auto/MergeModel3Add.xml
auto.tcl: Setting watchdog for 200 seconds at Thu Apr 19 04:45:34 UTC 2018
7 ms. Memory: 331264K Free: 304518K (92%)
ptolemy.util.test.WatchDog.cancel(): canceling Thu Apr 19 04:45:34 UTC 2018
auto.tcl: Setting watchdog for 200 seconds at Thu Apr 19 04:45:34 UTC 2018
7 ms. Memory: 331264K Free: 300631K (91%)
ptolemy.util.test.WatchDog.cancel(): canceling Thu Apr 19 04:45:34 UTC 2018
------------------ testing $PTII/ptolemy/domains/de/test/auto/MergeWithoutDiscard.xml
auto.tcl: Setting watchdog for 200 seconds at Thu Apr 19 04:45:34 UTC 2018
2 ms. Memory: 331264K Free: 316146K (95%)
ptolemy.util.test.WatchDog.cancel(): canceling Thu Apr 19 04:45:34 UTC 2018
auto.tcl: Setting watchdog for 200 seconds at Thu Apr 19 04:45:34 UTC 2018
1 ms. Memory: 331264K Free: 316146K (95%)
ptolemy.util.test.WatchDog.cancel(): canceling Thu Apr 19 04:45:34 UTC 2018
------------------ testing $PTII/ptolemy/domains/de/test/auto/Modal1.xml
auto.tcl: Setting watchdog for 200 seconds at Thu Apr 19 04:45:34 UTC 2018
10 ms. Memory: 331264K Free: 310147K (94%)
ptolemy.util.test.WatchDog.cancel(): canceling Thu Apr 19 04:45:34 UTC 2018
auto.tcl: Setting watchdog for 200 seconds at Thu Apr 19 04:45:34 UTC 2018
11 ms. Memory: 331264K Free: 306268K (92%)
ptolemy.util.test.WatchDog.cancel(): canceling Thu Apr 19 04:45:34 UTC 2018
------------------ testing $PTII/ptolemy/domains/de/test/auto/Modal2.xml
auto.tcl: Setting watchdog for 200 seconds at Thu Apr 19 04:45:34 UTC 2018
18 ms. Memory: 331264K Free: 305089K (92%)
ptolemy.util.test.WatchDog.cancel(): canceling Thu Apr 19 04:45:34 UTC 2018
auto.tcl: Setting watchdog for 200 seconds at Thu Apr 19 04:45:34 UTC 2018
16 ms. Memory: 331264K Free: 301202K (91%)
ptolemy.util.test.WatchDog.cancel(): canceling Thu Apr 19 04:45:34 UTC 2018
------------------ testing $PTII/ptolemy/domains/de/test/auto/Modal3.xml
auto.tcl: Setting watchdog for 200 seconds at Thu Apr 19 04:45:34 UTC 2018
15 ms. Memory: 331264K Free: 310003K (94%)
ptolemy.util.test.WatchDog.cancel(): canceling Thu Apr 19 04:45:34 UTC 2018
auto.tcl: Setting watchdog for 200 seconds at Thu Apr 19 04:45:34 UTC 2018
12 ms. Memory: 331264K Free: 306115K (92%)
ptolemy.util.test.WatchDog.cancel(): canceling Thu Apr 19 04:45:34 UTC 2018
------------------ testing $PTII/ptolemy/domains/de/test/auto/Modal4.xml
auto.tcl: Setting watchdog for 200 seconds at Thu Apr 19 04:45:34 UTC 2018
24 ms. Memory: 331264K Free: 310008K (94%)
ptolemy.util.test.WatchDog.cancel(): canceling Thu Apr 19 04:45:34 UTC 2018
auto.tcl: Setting watchdog for 200 seconds at Thu Apr 19 04:45:34 UTC 2018
20 ms. Memory: 331264K Free: 306121K (92%)
ptolemy.util.test.WatchDog.cancel(): canceling Thu Apr 19 04:45:34 UTC 2018
------------------ testing $PTII/ptolemy/domains/de/test/auto/Modal5.xml
auto.tcl: Setting watchdog for 200 seconds at Thu Apr 19 04:45:34 UTC 2018
15 ms. Memory: 331264K Free: 310003K (94%)
ptolemy.util.test.WatchDog.cancel(): canceling Thu Apr 19 04:45:34 UTC 2018
auto.tcl: Setting watchdog for 200 seconds at Thu Apr 19 04:45:34 UTC 2018
12 ms. Memory: 331264K Free: 306116K (92%)
ptolemy.util.test.WatchDog.cancel(): canceling Thu Apr 19 04:45:34 UTC 2018
------------------ testing $PTII/ptolemy/domains/de/test/auto/Modal6.xml
auto.tcl: Setting watchdog for 200 seconds at Thu Apr 19 04:45:34 UTC 2018
10 ms. Memory: 331264K Free: 309985K (94%)
ptolemy.util.test.WatchDog.cancel(): canceling Thu Apr 19 04:45:34 UTC 2018
auto.tcl: Setting watchdog for 200 seconds at Thu Apr 19 04:45:34 UTC 2018
12 ms. Memory: 331264K Free: 306105K (92%)
ptolemy.util.test.WatchDog.cancel(): canceling Thu Apr 19 04:45:34 UTC 2018
------------------ testing $PTII/ptolemy/domains/de/test/auto/Modal7.xml
auto.tcl: Setting watchdog for 200 seconds at Thu Apr 19 04:45:34 UTC 2018
9 ms. Memory: 331264K Free: 306098K (92%)
ptolemy.util.test.WatchDog.cancel(): canceling Thu Apr 19 04:45:34 UTC 2018
auto.tcl: Setting watchdog for 200 seconds at Thu Apr 19 04:45:34 UTC 2018
9 ms. Memory: 331264K Free: 306098K (92%)
ptolemy.util.test.WatchDog.cancel(): canceling Thu Apr 19 04:45:34 UTC 2018
------------------ testing $PTII/ptolemy/domains/de/test/auto/ModalModel.xml
auto.tcl: Setting watchdog for 200 seconds at Thu Apr 19 04:45:34 UTC 2018
154 ms. Memory: 331264K Free: 248982K (75%)
ptolemy.util.test.WatchDog.cancel(): canceling Thu Apr 19 04:45:35 UTC 2018
auto.tcl: Setting watchdog for 200 seconds at Thu Apr 19 04:45:35 UTC 2018
156 ms. Memory: 331264K Free: 190740K (58%)
ptolemy.util.test.WatchDog.cancel(): canceling Thu Apr 19 04:45:35 UTC 2018
------------------ testing $PTII/ptolemy/domains/de/test/auto/ModalSource.xml
auto.tcl: Setting watchdog for 200 seconds at Thu Apr 19 04:45:35 UTC 2018
5 ms. Memory: 331264K Free: 316577K (96%)
ptolemy.util.test.WatchDog.cancel(): canceling Thu Apr 19 04:45:35 UTC 2018
auto.tcl: Setting watchdog for 200 seconds at Thu Apr 19 04:45:35 UTC 2018
5 ms. Memory: 331264K Free: 313064K (95%)
ptolemy.util.test.WatchDog.cancel(): canceling Thu Apr 19 04:45:35 UTC 2018
------------------ testing $PTII/ptolemy/domains/de/test/auto/NonInterruptibleTimerZeroDelay.xml
auto.tcl: Setting watchdog for 200 seconds at Thu Apr 19 04:45:35 UTC 2018
4 ms. Memory: 331264K Free: 320927K (97%)
ptolemy.util.test.WatchDog.cancel(): canceling Thu Apr 19 04:45:35 UTC 2018
auto.tcl: Setting watchdog for 200 seconds at Thu Apr 19 04:45:35 UTC 2018
2 ms. Memory: 331264K Free: 317414K (96%)
ptolemy.util.test.WatchDog.cancel(): canceling Thu Apr 19 04:45:35 UTC 2018
------------------ testing $PTII/ptolemy/domains/de/test/auto/OpenQueueingNetwork.xml
auto.tcl: Setting watchdog for 200 seconds at Thu Apr 19 04:45:35 UTC 2018
2404 ms. Memory: 307712K Free: 150408K (49%)
ptolemy.util.test.WatchDog.cancel(): canceling Thu Apr 19 04:45:37 UTC 2018
auto.tcl: Setting watchdog for 200 seconds at Thu Apr 19 04:45:37 UTC 2018
2233 ms. Memory: 278528K Free: 196577K (71%)
ptolemy.util.test.WatchDog.cancel(): canceling Thu Apr 19 04:45:40 UTC 2018
------------------ testing $PTII/ptolemy/domains/de/test/auto/OpenQueuingNetwork.xml
auto.tcl: Setting watchdog for 200 seconds at Thu Apr 19 04:45:40 UTC 2018
225 ms. Memory: 278528K Free: 179035K (64%)
ptolemy.util.test.WatchDog.cancel(): canceling Thu Apr 19 04:45:40 UTC 2018
auto.tcl: Setting watchdog for 200 seconds at Thu Apr 19 04:45:40 UTC 2018
219 ms. Memory: 278528K Free: 118454K (43%)
ptolemy.util.test.WatchDog.cancel(): canceling Thu Apr 19 04:45:40 UTC 2018
------------------ testing $PTII/ptolemy/domains/de/test/auto/PeriodicSampler.xml
auto.tcl: Setting watchdog for 200 seconds at Thu Apr 19 04:45:40 UTC 2018
2 ms. Memory: 281088K Free: 266528K (95%)
ptolemy.util.test.WatchDog.cancel(): canceling Thu Apr 19 04:45:40 UTC 2018
auto.tcl: Setting watchdog for 200 seconds at Thu Apr 19 04:45:40 UTC 2018
1 ms. Memory: 281088K Free: 266528K (95%)
ptolemy.util.test.WatchDog.cancel(): canceling Thu Apr 19 04:45:40 UTC 2018
------------------ testing $PTII/ptolemy/domains/de/test/auto/PersistentIO.xml
auto.tcl: Setting watchdog for 200 seconds at Thu Apr 19 04:45:40 UTC 2018
15 ms. Memory: 278528K Free: 259136K (93%)
ptolemy.util.test.WatchDog.cancel(): canceling Thu Apr 19 04:45:40 UTC 2018
auto.tcl: Setting watchdog for 200 seconds at Thu Apr 19 04:45:40 UTC 2018
3 ms. Memory: 278528K Free: 259136K (93%)
ptolemy.util.test.WatchDog.cancel(): canceling Thu Apr 19 04:45:40 UTC 2018
------------------ testing $PTII/ptolemy/domains/de/test/auto/PortParameterResetOnInitialize.xml
auto.tcl: Setting watchdog for 200 seconds at Thu Apr 19 04:45:40 UTC 2018
2 ms. Memory: 280576K Free: 268448K (96%)
ptolemy.util.test.WatchDog.cancel(): canceling Thu Apr 19 04:45:41 UTC 2018
auto.tcl: Setting watchdog for 200 seconds at Thu Apr 19 04:45:41 UTC 2018
2 ms. Memory: 280576K Free: 268448K (96%)
ptolemy.util.test.WatchDog.cancel(): canceling Thu Apr 19 04:45:41 UTC 2018
------------------ testing $PTII/ptolemy/domains/de/test/auto/PortParameterUpdates.xml
auto.tcl: Setting watchdog for 200 seconds at Thu Apr 19 04:45:41 UTC 2018
5 ms. Memory: 278528K Free: 266630K (96%)
ptolemy.util.test.WatchDog.cancel(): canceling Thu Apr 19 04:45:41 UTC 2018
auto.tcl: Setting watchdog for 200 seconds at Thu Apr 19 04:45:41 UTC 2018
6 ms. Memory: 278528K Free: 263874K (95%)
ptolemy.util.test.WatchDog.cancel(): canceling Thu Apr 19 04:45:41 UTC 2018
------------------ testing $PTII/ptolemy/domains/de/test/auto/QueueAndServer.xml
auto.tcl: Setting watchdog for 200 seconds at Thu Apr 19 04:45:41 UTC 2018
17 ms. Memory: 280576K Free: 265772K (95%)
ptolemy.util.test.WatchDog.cancel(): canceling Thu Apr 19 04:45:41 UTC 2018
auto.tcl: Setting watchdog for 200 seconds at Thu Apr 19 04:45:41 UTC 2018
6 ms. Memory: 280576K Free: 265772K (95%)
ptolemy.util.test.WatchDog.cancel(): canceling Thu Apr 19 04:45:41 UTC 2018
------------------ testing $PTII/ptolemy/domains/de/test/auto/Records.xml
auto.tcl: Setting watchdog for 200 seconds at Thu Apr 19 04:45:41 UTC 2018
8 ms. Memory: 278528K Free: 266437K (96%)
ptolemy.util.test.WatchDog.cancel(): canceling Thu Apr 19 04:45:41 UTC 2018
auto.tcl: Setting watchdog for 200 seconds at Thu Apr 19 04:45:41 UTC 2018
2 ms. Memory: 278528K Free: 266437K (96%)
ptolemy.util.test.WatchDog.cancel(): canceling Thu Apr 19 04:45:41 UTC 2018
------------------ testing $PTII/ptolemy/domains/de/test/auto/ResetTransitionWithStartTime1.xml
auto.tcl: Setting watchdog for 200 seconds at Thu Apr 19 04:45:41 UTC 2018
6 ms. Memory: 280064K Free: 263255K (94%)
ptolemy.util.test.WatchDog.cancel(): canceling Thu Apr 19 04:45:41 UTC 2018
auto.tcl: Setting watchdog for 200 seconds at Thu Apr 19 04:45:41 UTC 2018
11 ms. Memory: 280064K Free: 260483K (93%)
ptolemy.util.test.WatchDog.cancel(): canceling Thu Apr 19 04:45:41 UTC 2018
------------------ testing $PTII/ptolemy/domains/de/test/auto/ResetTransitionWithStartTime2.xml
auto.tcl: Setting watchdog for 200 seconds at Thu Apr 19 04:45:41 UTC 2018
5 ms. Memory: 278528K Free: 261807K (94%)
ptolemy.util.test.WatchDog.cancel(): canceling Thu Apr 19 04:45:41 UTC 2018
auto.tcl: Setting watchdog for 200 seconds at Thu Apr 19 04:45:41 UTC 2018
5 ms. Memory: 278528K Free: 259036K (93%)
ptolemy.util.test.WatchDog.cancel(): canceling Thu Apr 19 04:45:41 UTC 2018
------------------ testing $PTII/ptolemy/domains/de/test/auto/ResetTransitionWithStartTime3.xml
auto.tcl: Setting watchdog for 200 seconds at Thu Apr 19 04:45:41 UTC 2018
7 ms. Memory: 280064K Free: 263358K (94%)
ptolemy.util.test.WatchDog.cancel(): canceling Thu Apr 19 04:45:41 UTC 2018
auto.tcl: Setting watchdog for 200 seconds at Thu Apr 19 04:45:41 UTC 2018
5 ms. Memory: 280064K Free: 260594K (93%)
ptolemy.util.test.WatchDog.cancel(): canceling Thu Apr 19 04:45:41 UTC 2018
------------------ testing $PTII/ptolemy/domains/de/test/auto/ResetTransitionWithStartTime4.xml
auto.tcl: Setting watchdog for 200 seconds at Thu Apr 19 04:45:41 UTC 2018
4 ms. Memory: 278528K Free: 263711K (95%)
ptolemy.util.test.WatchDog.cancel(): canceling Thu Apr 19 04:45:41 UTC 2018
auto.tcl: Setting watchdog for 200 seconds at Thu Apr 19 04:45:41 UTC 2018
3 ms. Memory: 278528K Free: 263711K (95%)
ptolemy.util.test.WatchDog.cancel(): canceling Thu Apr 19 04:45:41 UTC 2018
------------------ testing $PTII/ptolemy/domains/de/test/auto/ResettableTimer1.xml
auto.tcl: Setting watchdog for 200 seconds at Thu Apr 19 04:45:41 UTC 2018
2 ms. Memory: 280064K Free: 267982K (96%)
ptolemy.util.test.WatchDog.cancel(): canceling Thu Apr 19 04:45:41 UTC 2018
auto.tcl: Setting watchdog for 200 seconds at Thu Apr 19 04:45:41 UTC 2018
2 ms. Memory: 280064K Free: 267982K (96%)
ptolemy.util.test.WatchDog.cancel(): canceling Thu Apr 19 04:45:41 UTC 2018
------------------ testing $PTII/ptolemy/domains/de/test/auto/ResettableTimer2.xml
auto.tcl: Setting watchdog for 200 seconds at Thu Apr 19 04:45:41 UTC 2018
2 ms. Memory: 278528K Free: 266601K (96%)
ptolemy.util.test.WatchDog.cancel(): canceling Thu Apr 19 04:45:41 UTC 2018
auto.tcl: Setting watchdog for 200 seconds at Thu Apr 19 04:45:41 UTC 2018
2 ms. Memory: 278528K Free: 266601K (96%)
ptolemy.util.test.WatchDog.cancel(): canceling Thu Apr 19 04:45:41 UTC 2018
------------------ testing $PTII/ptolemy/domains/de/test/auto/ResettableTimer3.xml
auto.tcl: Setting watchdog for 200 seconds at Thu Apr 19 04:45:41 UTC 2018
2 ms. Memory: 279552K Free: 267633K (96%)
ptolemy.util.test.WatchDog.cancel(): canceling Thu Apr 19 04:45:41 UTC 2018
auto.tcl: Setting watchdog for 200 seconds at Thu Apr 19 04:45:41 UTC 2018
1 ms. Memory: 279552K Free: 267633K (96%)
ptolemy.util.test.WatchDog.cancel(): canceling Thu Apr 19 04:45:41 UTC 2018
------------------ testing $PTII/ptolemy/domains/de/test/auto/ResettableTimer4.xml
auto.tcl: Setting watchdog for 200 seconds at Thu Apr 19 04:45:41 UTC 2018
1 ms. Memory: 278528K Free: 264651K (95%)
ptolemy.util.test.WatchDog.cancel(): canceling Thu Apr 19 04:45:41 UTC 2018
auto.tcl: Setting watchdog for 200 seconds at Thu Apr 19 04:45:41 UTC 2018
1 ms. Memory: 278528K Free: 264651K (95%)
ptolemy.util.test.WatchDog.cancel(): canceling Thu Apr 19 04:45:41 UTC 2018
------------------ testing $PTII/ptolemy/domains/de/test/auto/ResettableTimer5.xml
auto.tcl: Setting watchdog for 200 seconds at Thu Apr 19 04:45:41 UTC 2018
2 ms. Memory: 279552K Free: 265665K (95%)
ptolemy.util.test.WatchDog.cancel(): canceling Thu Apr 19 04:45:41 UTC 2018
auto.tcl: Setting watchdog for 200 seconds at Thu Apr 19 04:45:41 UTC 2018
2 ms. Memory: 279552K Free: 265665K (95%)
ptolemy.util.test.WatchDog.cancel(): canceling Thu Apr 19 04:45:41 UTC 2018
------------------ testing $PTII/ptolemy/domains/de/test/auto/ResettableTimer6.xml
auto.tcl: Setting watchdog for 200 seconds at Thu Apr 19 04:45:41 UTC 2018
1 ms. Memory: 278528K Free: 264493K (95%)
ptolemy.util.test.WatchDog.cancel(): canceling Thu Apr 19 04:45:41 UTC 2018
auto.tcl: Setting watchdog for 200 seconds at Thu Apr 19 04:45:41 UTC 2018
1 ms. Memory: 278528K Free: 264493K (95%)
ptolemy.util.test.WatchDog.cancel(): canceling Thu Apr 19 04:45:41 UTC 2018
------------------ testing $PTII/ptolemy/domains/de/test/auto/ServerZeroDelay.xml
auto.tcl: Setting watchdog for 200 seconds at Thu Apr 19 04:45:41 UTC 2018
2 ms. Memory: 279552K Free: 265605K (95%)
ptolemy.util.test.WatchDog.cancel(): canceling Thu Apr 19 04:45:41 UTC 2018
auto.tcl: Setting watchdog for 200 seconds at Thu Apr 19 04:45:41 UTC 2018
2 ms. Memory: 279552K Free: 265605K (95%)
ptolemy.util.test.WatchDog.cancel(): canceling Thu Apr 19 04:45:41 UTC 2018
------------------ testing $PTII/ptolemy/domains/de/test/auto/SmartSender.xml
auto.tcl: Setting watchdog for 200 seconds at Thu Apr 19 04:45:41 UTC 2018
3002 ms. Memory: 278528K Free: 264496K (95%)
ptolemy.util.test.WatchDog.cancel(): canceling Thu Apr 19 04:45:44 UTC 2018
auto.tcl: Setting watchdog for 200 seconds at Thu Apr 19 04:45:44 UTC 2018
3002 ms. Memory: 278528K Free: 264496K (95%)
ptolemy.util.test.WatchDog.cancel(): canceling Thu Apr 19 04:45:47 UTC 2018
------------------ testing $PTII/ptolemy/domains/de/test/auto/ThreadedComposite.xml
auto.tcl: Setting watchdog for 200 seconds at Thu Apr 19 04:45:48 UTC 2018
204 ms. Memory: 279552K Free: 247386K (88%)
ptolemy.util.test.WatchDog.cancel(): canceling Thu Apr 19 04:45:48 UTC 2018
auto.tcl: Setting watchdog for 200 seconds at Thu Apr 19 04:45:48 UTC 2018
168 ms. Memory: 279552K Free: 230048K (82%)
ptolemy.util.test.WatchDog.cancel(): canceling Thu Apr 19 04:45:48 UTC 2018
------------------ testing $PTII/ptolemy/domains/de/test/auto/Time.xml
auto.tcl: Setting watchdog for 200 seconds at Thu Apr 19 04:45:48 UTC 2018
480 ms. Memory: 278528K Free: 210982K (76%)
ptolemy.util.test.WatchDog.cancel(): canceling Thu Apr 19 04:45:48 UTC 2018
auto.tcl: Setting watchdog for 200 seconds at Thu Apr 19 04:45:48 UTC 2018
433 ms. Memory: 278528K Free: 155872K (56%)
ptolemy.util.test.WatchDog.cancel(): canceling Thu Apr 19 04:45:49 UTC 2018
------------------ testing $PTII/ptolemy/domains/de/test/auto/TimeDelayZeroDelay.xml
auto.tcl: Setting watchdog for 200 seconds at Thu Apr 19 04:45:49 UTC 2018
2 ms. Memory: 279040K Free: 267470K (96%)
ptolemy.util.test.WatchDog.cancel(): canceling Thu Apr 19 04:45:49 UTC 2018
auto.tcl: Setting watchdog for 200 seconds at Thu Apr 19 04:45:49 UTC 2018
1 ms. Memory: 279040K Free: 267470K (96%)
ptolemy.util.test.WatchDog.cancel(): canceling Thu Apr 19 04:45:49 UTC 2018
------------------ testing $PTII/ptolemy/domains/de/test/auto/TimerZeroDelay.xml
auto.tcl: Setting watchdog for 200 seconds at Thu Apr 19 04:45:49 UTC 2018
4 ms. Memory: 278528K Free: 267064K (96%)
ptolemy.util.test.WatchDog.cancel(): canceling Thu Apr 19 04:45:49 UTC 2018
auto.tcl: Setting watchdog for 200 seconds at Thu Apr 19 04:45:49 UTC 2018
2 ms. Memory: 278528K Free: 267064K (96%)
ptolemy.util.test.WatchDog.cancel(): canceling Thu Apr 19 04:45:49 UTC 2018
------------------ testing $PTII/ptolemy/domains/de/test/auto/TimingParadox.xml
auto.tcl: Setting watchdog for 200 seconds at Thu Apr 19 04:45:49 UTC 2018
323 ms. Memory: 279040K Free: 197657K (71%)
ptolemy.util.test.WatchDog.cancel(): canceling Thu Apr 19 04:45:50 UTC 2018
auto.tcl: Setting watchdog for 200 seconds at Thu Apr 19 04:45:50 UTC 2018
306 ms. Memory: 279040K Free: 160390K (57%)
ptolemy.util.test.WatchDog.cancel(): canceling Thu Apr 19 04:45:50 UTC 2018
------------------ testing $PTII/ptolemy/domains/de/test/auto/TransferInputs.xml
auto.tcl: Setting watchdog for 200 seconds at Thu Apr 19 04:45:50 UTC 2018
2 ms. Memory: 279040K Free: 266469K (95%)
ptolemy.util.test.WatchDog.cancel(): canceling Thu Apr 19 04:45:50 UTC 2018
auto.tcl: Setting watchdog for 200 seconds at Thu Apr 19 04:45:50 UTC 2018
5 ms. Memory: 279040K Free: 266469K (95%)
ptolemy.util.test.WatchDog.cancel(): canceling Thu Apr 19 04:45:50 UTC 2018
------------------ testing $PTII/ptolemy/domains/de/test/auto/TransferOutputs2.xml
auto.tcl: Setting watchdog for 200 seconds at Thu Apr 19 04:45:50 UTC 2018
3 ms. Memory: 278528K Free: 264587K (95%)
ptolemy.util.test.WatchDog.cancel(): canceling Thu Apr 19 04:45:50 UTC 2018
auto.tcl: Setting watchdog for 200 seconds at Thu Apr 19 04:45:50 UTC 2018
2 ms. Memory: 278528K Free: 262085K (94%)
ptolemy.util.test.WatchDog.cancel(): canceling Thu Apr 19 04:45:50 UTC 2018
------------------ testing $PTII/ptolemy/domains/de/test/auto/Trilateration.xml
auto.tcl: Setting watchdog for 200 seconds at Thu Apr 19 04:45:50 UTC 2018
13263 ms. Memory: 497152K Free: 400990K (81%)
ptolemy.util.test.WatchDog.cancel(): canceling Thu Apr 19 04:46:04 UTC 2018
auto.tcl: Setting watchdog for 200 seconds at Thu Apr 19 04:46:04 UTC 2018
10755 ms. Memory: 385024K Free: 183725K (48%)
ptolemy.util.test.WatchDog.cancel(): canceling Thu Apr 19 04:46:15 UTC 2018
------------------ testing $PTII/ptolemy/domains/de/test/auto/TwoSigmaDelta.xml
auto.tcl: Setting watchdog for 200 seconds at Thu Apr 19 04:46:15 UTC 2018
2586 ms. Memory: 381952K Free: 71324K (19%)
ptolemy.util.test.WatchDog.cancel(): canceling Thu Apr 19 04:46:18 UTC 2018
auto.tcl: Setting watchdog for 200 seconds at Thu Apr 19 04:46:18 UTC 2018
2030 ms. Memory: 371200K Free: 122753K (33%)
ptolemy.util.test.WatchDog.cancel(): canceling Thu Apr 19 04:46:20 UTC 2018
------------------ testing $PTII/ptolemy/domains/de/test/auto/VariableDelay.xml
auto.tcl: Setting watchdog for 200 seconds at Thu Apr 19 04:46:20 UTC 2018
2 ms. Memory: 368640K Free: 353351K (96%)
ptolemy.util.test.WatchDog.cancel(): canceling Thu Apr 19 04:46:20 UTC 2018
auto.tcl: Setting watchdog for 200 seconds at Thu Apr 19 04:46:20 UTC 2018
2 ms. Memory: 368640K Free: 353351K (96%)
ptolemy.util.test.WatchDog.cancel(): canceling Thu Apr 19 04:46:20 UTC 2018
------------------ testing $PTII/ptolemy/domains/de/test/auto/VariableDelay2.xml
auto.tcl: Setting watchdog for 200 seconds at Thu Apr 19 04:46:20 UTC 2018
2 ms. Memory: 370688K Free: 358680K (97%)
ptolemy.util.test.WatchDog.cancel(): canceling Thu Apr 19 04:46:20 UTC 2018
auto.tcl: Setting watchdog for 200 seconds at Thu Apr 19 04:46:20 UTC 2018
1 ms. Memory: 370688K Free: 358680K (97%)
ptolemy.util.test.WatchDog.cancel(): canceling Thu Apr 19 04:46:20 UTC 2018
------------------ testing $PTII/ptolemy/domains/de/test/auto/VariableDelayZeroDelay.xml
auto.tcl: Setting watchdog for 200 seconds at Thu Apr 19 04:46:20 UTC 2018
2 ms. Memory: 368640K Free: 353759K (96%)
ptolemy.util.test.WatchDog.cancel(): canceling Thu Apr 19 04:46:20 UTC 2018
auto.tcl: Setting watchdog for 200 seconds at Thu Apr 19 04:46:20 UTC 2018
1 ms. Memory: 368640K Free: 353754K (96%)
ptolemy.util.test.WatchDog.cancel(): canceling Thu Apr 19 04:46:20 UTC 2018
------------------ testing $PTII/ptolemy/domains/de/test/auto/VariableDelayZeroDelay2.xml
auto.tcl: Setting watchdog for 200 seconds at Thu Apr 19 04:46:20 UTC 2018
2 ms. Memory: 370688K Free: 358677K (97%)
ptolemy.util.test.WatchDog.cancel(): canceling Thu Apr 19 04:46:20 UTC 2018
auto.tcl: Setting watchdog for 200 seconds at Thu Apr 19 04:46:20 UTC 2018
2 ms. Memory: 370688K Free: 358677K (97%)
ptolemy.util.test.WatchDog.cancel(): canceling Thu Apr 19 04:46:20 UTC 2018
------------------ testing $PTII/ptolemy/domains/de/test/auto/deInCt.xml
auto.tcl: Setting watchdog for 200 seconds at Thu Apr 19 04:46:20 UTC 2018
0
1
1
1
0
0
0
1
1
1
1
0
0
0
1
1
0
0
0
1
1
1
1
1
1
0
0
0
1
1
1
1
1
9 ms. Memory: 368640K Free: 353748K (96%)
ptolemy.util.test.WatchDog.cancel(): canceling Thu Apr 19 04:46:20 UTC 2018
auto.tcl: Setting watchdog for 200 seconds at Thu Apr 19 04:46:20 UTC 2018
0
1
1
1
0
0
0
0
1
1
0
0
0
0
1
1
1
0
0
0
0
0
1
1
1
0
0
0
0
1
1
1
0
0
1
1
1
0
0
0
0
9 ms. Memory: 368640K Free: 349249K (95%)
ptolemy.util.test.WatchDog.cancel(): canceling Thu Apr 19 04:46:20 UTC 2018
------------------ testing $PTII/ptolemy/domains/de/test/auto/deInCt2.xml
auto.tcl: Setting watchdog for 200 seconds at Thu Apr 19 04:46:20 UTC 2018
0
1
1
1
0
0
1
1
1
0
0
1
1
1
0
0
1
1
1
0
0
1
1
1
0
0
1
1
1
0
0
1
1
1
0
0
1
1
1
0
0
0
9 ms. Memory: 370176K Free: 358156K (97%)
ptolemy.util.test.WatchDog.cancel(): canceling Thu Apr 19 04:46:20 UTC 2018
auto.tcl: Setting watchdog for 200 seconds at Thu Apr 19 04:46:20 UTC 2018
0
1
1
1
0
0
1
1
1
0
0
1
1
1
0
0
1
1
1
0
0
1
1
1
0
0
1
1
1
0
0
1
1
1
0
0
1
1
1
0
0
0
5 ms. Memory: 370176K Free: 353657K (96%)
ptolemy.util.test.WatchDog.cancel(): canceling Thu Apr 19 04:46:20 UTC 2018
------------------ testing $PTII/ptolemy/domains/de/test/auto/dynamicCausalityInterface1.xml
auto.tcl: Setting watchdog for 200 seconds at Thu Apr 19 04:46:20 UTC 2018
2 ms. Memory: 368640K Free: 347639K (94%)
ptolemy.util.test.WatchDog.cancel(): canceling Thu Apr 19 04:46:20 UTC 2018
auto.tcl: Setting watchdog for 200 seconds at Thu Apr 19 04:46:20 UTC 2018
0 ms. Memory: 368640K Free: 347639K (94%)
ptolemy.util.test.WatchDog.cancel(): canceling Thu Apr 19 04:46:20 UTC 2018
------------------ testing $PTII/ptolemy/domains/de/test/auto/fsm_de_test.xml
auto.tcl: Setting watchdog for 200 seconds at Thu Apr 19 04:46:20 UTC 2018
11 ms. Memory: 370176K Free: 350680K (95%)
ptolemy.util.test.WatchDog.cancel(): canceling Thu Apr 19 04:46:20 UTC 2018
auto.tcl: Setting watchdog for 200 seconds at Thu Apr 19 04:46:20 UTC 2018
5 ms. Memory: 370176K Free: 346181K (94%)
ptolemy.util.test.WatchDog.cancel(): canceling Thu Apr 19 04:46:20 UTC 2018
------------------ testing $PTII/ptolemy/domains/de/test/auto/functionDependencyReconstruction.xml
auto.tcl: Setting watchdog for 200 seconds at Thu Apr 19 04:46:20 UTC 2018
2 ms. Memory: 368640K Free: 340161K (92%)
ptolemy.util.test.WatchDog.cancel(): canceling Thu Apr 19 04:46:20 UTC 2018
auto.tcl: Setting watchdog for 200 seconds at Thu Apr 19 04:46:20 UTC 2018
2 ms. Memory: 368640K Free: 340161K (92%)
ptolemy.util.test.WatchDog.cancel(): canceling Thu Apr 19 04:46:20 UTC 2018
------------------ testing $PTII/ptolemy/domains/de/test/auto/multirate.xml
auto.tcl: Setting watchdog for 200 seconds at Thu Apr 19 04:46:21 UTC 2018
9 ms. Memory: 369664K Free: 350050K (95%)
ptolemy.util.test.WatchDog.cancel(): canceling Thu Apr 19 04:46:21 UTC 2018
auto.tcl: Setting watchdog for 200 seconds at Thu Apr 19 04:46:21 UTC 2018
2 ms. Memory: 369664K Free: 350050K (95%)
ptolemy.util.test.WatchDog.cancel(): canceling Thu Apr 19 04:46:21 UTC 2018
------------------ testing $PTII/ptolemy/domains/de/test/auto/multirate2.xml
auto.tcl: Setting watchdog for 200 seconds at Thu Apr 19 04:46:21 UTC 2018
2 ms. Memory: 368640K Free: 349195K (95%)
ptolemy.util.test.WatchDog.cancel(): canceling Thu Apr 19 04:46:21 UTC 2018
auto.tcl: Setting watchdog for 200 seconds at Thu Apr 19 04:46:21 UTC 2018
3 ms. Memory: 368640K Free: 349195K (95%)
ptolemy.util.test.WatchDog.cancel(): canceling Thu Apr 19 04:46:21 UTC 2018
------------------ testing $PTII/ptolemy/domains/de/test/auto/realtime.xml
auto.tcl: Setting watchdog for 200 seconds at Thu Apr 19 04:46:21 UTC 2018
10001 ms. Memory: 369664K Free: 354716K (96%)
ptolemy.util.test.WatchDog.cancel(): canceling Thu Apr 19 04:46:31 UTC 2018
auto.tcl: Setting watchdog for 200 seconds at Thu Apr 19 04:46:31 UTC 2018
10002 ms. Memory: 369664K Free: 350217K (95%)
ptolemy.util.test.WatchDog.cancel(): canceling Thu Apr 19 04:46:41 UTC 2018
------------------ testing $PTII/ptolemy/domains/de/test/auto/relationGroup.xml
auto.tcl: Setting watchdog for 200 seconds at Thu Apr 19 04:46:41 UTC 2018
1 ms. Memory: 368640K Free: 356595K (97%)
ptolemy.util.test.WatchDog.cancel(): canceling Thu Apr 19 04:46:41 UTC 2018
auto.tcl: Setting watchdog for 200 seconds at Thu Apr 19 04:46:41 UTC 2018
1 ms. Memory: 368640K Free: 356595K (97%)
ptolemy.util.test.WatchDog.cancel(): canceling Thu Apr 19 04:46:41 UTC 2018
------------------ testing $PTII/ptolemy/domains/de/test/auto/relationGroup2.xml
auto.tcl: Setting watchdog for 200 seconds at Thu Apr 19 04:46:41 UTC 2018
1 ms. Memory: 369664K Free: 354773K (96%)
ptolemy.util.test.WatchDog.cancel(): canceling Thu Apr 19 04:46:41 UTC 2018
auto.tcl: Setting watchdog for 200 seconds at Thu Apr 19 04:46:41 UTC 2018
1 ms. Memory: 369664K Free: 354773K (96%)
ptolemy.util.test.WatchDog.cancel(): canceling Thu Apr 19 04:46:41 UTC 2018
------------------ testing $PTII/ptolemy/domains/de/test/auto/sortWithOpaquePorts.xml
auto.tcl: Setting watchdog for 200 seconds at Thu Apr 19 04:46:41 UTC 2018
1 ms. Memory: 368640K Free: 353750K (96%)
ptolemy.util.test.WatchDog.cancel(): canceling Thu Apr 19 04:46:41 UTC 2018
auto.tcl: Setting watchdog for 200 seconds at Thu Apr 19 04:46:41 UTC 2018
1 ms. Memory: 368640K Free: 349267K (95%)
ptolemy.util.test.WatchDog.cancel(): canceling Thu Apr 19 04:46:41 UTC 2018
------------------ testing $PTII/ptolemy/domains/de/test/auto/transferInputsandOutputs.xml
auto.tcl: Setting watchdog for 200 seconds at Thu Apr 19 04:46:41 UTC 2018
1 ms. Memory: 369152K Free: 349751K (95%)
ptolemy.util.test.WatchDog.cancel(): canceling Thu Apr 19 04:46:41 UTC 2018
auto.tcl: Setting watchdog for 200 seconds at Thu Apr 19 04:46:41 UTC 2018
1 ms. Memory: 369152K Free: 349751K (95%)
ptolemy.util.test.WatchDog.cancel(): canceling Thu Apr 19 04:46:41 UTC 2018
------------------ testing $PTII/ptolemy/domains/de/test/auto/triggerType.xml
auto.tcl: Setting watchdog for 200 seconds at Thu Apr 19 04:46:41 UTC 2018
1 ms. Memory: 368640K Free: 353688K (96%)
ptolemy.util.test.WatchDog.cancel(): canceling Thu Apr 19 04:46:41 UTC 2018
auto.tcl: Setting watchdog for 200 seconds at Thu Apr 19 04:46:41 UTC 2018
1 ms. Memory: 368640K Free: 353688K (96%)
ptolemy.util.test.WatchDog.cancel(): canceling Thu Apr 19 04:46:41 UTC 2018
04/19/18 04:46:41
Failed: 0  Total Tests: 192  ((Passed: 187, Newly Passed: 1)  Known Failed: 5) /home/travis/build/icyphy/ptII/ptolemy/domains/de/test
04/19/18 04:46:41
Failed: 0  Total Tests: 192  ((Passed: 187, Newly Passed: 1)  Known Failed: 5) /home/travis/build/icyphy/ptII/ptolemy/domains/de/test
----------------- testing (KnownFailure) /home/travis/build/icyphy/ptII/ptolemy/domains/de/test/auto/knownFailedTests/DESDFClockTest.xml
2011 ms. Memory: 369152K Free: 342751K (93%)
Known Failure: java.lang.reflect.InvocationTargetException
----------------- testing (KnownFailure) /home/travis/build/icyphy/ptII/ptolemy/domains/de/test/auto/knownFailedTests/DirectFeedback.xml
1 ms. Memory: 369152K Free: 319773K (87%)
Known Failure: java.lang.reflect.InvocationTargetException
----------------- testing (KnownFailure) /home/travis/build/icyphy/ptII/ptolemy/domains/de/test/auto/knownFailedTests/FSMSource.xml
7 ms. Memory: 369152K Free: 296794K (80%)
----------------- testing (KnownFailure) /home/travis/build/icyphy/ptII/ptolemy/domains/de/test/auto/knownFailedTests/HierarchicalModel.xml
3 ms. Memory: 369152K Free: 273807K (74%)
Known Failure: java.lang.reflect.InvocationTargetException
----------------- testing (KnownFailure) /home/travis/build/icyphy/ptII/ptolemy/domains/de/test/auto/knownFailedTests/dependencyLoop.xml
2 ms. Memory: 369152K Free: 239339K (65%)
Known Failure: java.lang.reflect.InvocationTargetException
----------------- testing (KnownFailure) /home/travis/build/icyphy/ptII/ptolemy/domains/de/test/auto/knownFailedTests/dependencyLoop2.xml
3 ms. Memory: 369152K Free: 204871K (55%)
Known Failure: java.lang.reflect.InvocationTargetException
No auto/*.xml tests in /home/travis/build/icyphy/ptII/ptolemy/domains/de/test
AutoTests.java: About to close Vertx.
AutoTests.java: Vertx closed.
----------------- testing Thu Apr 19 04:46:43 UTC 2018 /home/travis/build/icyphy/ptII/ptolemy/domains/de/test/auto/ActorDepthCalculation_actorWithoutPorts.xml
2 ms. Memory: 369152K Free: 176147K (48%)
reloadAllAccessors: .ActorDepthCalculation_actorWithoutPorts
----------------- testing Thu Apr 19 04:46:43 UTC 2018 /home/travis/build/icyphy/ptII/ptolemy/domains/de/test/auto/AssemblyLine.xml
2 ms. Memory: 369152K Free: 158897K (43%)
reloadAllAccessors: .AssemblyLine
----------------- testing Thu Apr 19 04:46:43 UTC 2018 /home/travis/build/icyphy/ptII/ptolemy/domains/de/test/auto/CQBug1.xml
1 ms. Memory: 369152K Free: 147408K (40%)
reloadAllAccessors: .CQBug1
----------------- testing Thu Apr 19 04:46:43 UTC 2018 /home/travis/build/icyphy/ptII/ptolemy/domains/de/test/auto/CancelFireAt.xml
0 ms. Memory: 369152K Free: 135918K (37%)
reloadAllAccessors: .CancelFireAt
----------------- testing Thu Apr 19 04:46:43 UTC 2018 /home/travis/build/icyphy/ptII/ptolemy/domains/de/test/auto/CausalityAndComposabilityAnalysis.xml
1 ms. Memory: 369152K Free: 124429K (34%)
reloadAllAccessors: .CausalityAndComposabilityAnalysis
----------------- testing Thu Apr 19 04:46:43 UTC 2018 /home/travis/build/icyphy/ptII/ptolemy/domains/de/test/auto/CausalityInterface1.xml
3 ms. Memory: 369152K Free: 112940K (31%)
reloadAllAccessors: .CausalityInterface1
----------------- testing Thu Apr 19 04:46:43 UTC 2018 /home/travis/build/icyphy/ptII/ptolemy/domains/de/test/auto/CausalityInterface15.xml
1 ms. Memory: 369152K Free: 101450K (27%)
reloadAllAccessors: .CausalityInterface15
----------------- testing Thu Apr 19 04:46:43 UTC 2018 /home/travis/build/icyphy/ptII/ptolemy/domains/de/test/auto/CausalityInterface2.xml
1 ms. Memory: 369152K Free: 85478K (23%)
reloadAllAccessors: .CausalityInterface2
----------------- testing Thu Apr 19 04:46:43 UTC 2018 /home/travis/build/icyphy/ptII/ptolemy/domains/de/test/auto/CausalityInterface3.xml
1 ms. Memory: 369152K Free: 77249K (21%)
reloadAllAccessors: .CausalityInterface3
----------------- testing Thu Apr 19 04:46:43 UTC 2018 /home/travis/build/icyphy/ptII/ptolemy/domains/de/test/auto/ClockDrift.xml
11 ms. Memory: 355840K Free: 334438K (94%)
reloadAllAccessors: .ClockDrift
----------------- testing Thu Apr 19 04:46:43 UTC 2018 /home/travis/build/icyphy/ptII/ptolemy/domains/de/test/auto/ClockDriftAndValueChange.xml
9 ms. Memory: 355840K Free: 315150K (89%)
reloadAllAccessors: .ClockDriftAndValueChange
----------------- testing Thu Apr 19 04:46:43 UTC 2018 /home/travis/build/icyphy/ptII/ptolemy/domains/de/test/auto/ClockDriftChange.xml
7 ms. Memory: 355840K Free: 298668K (84%)
reloadAllAccessors: .ClockDriftChange
----------------- testing Thu Apr 19 04:46:43 UTC 2018 /home/travis/build/icyphy/ptII/ptolemy/domains/de/test/auto/ComposableCausalityAnalysis.xml
1 ms. Memory: 355840K Free: 287690K (81%)
reloadAllAccessors: .ComposableCausalityAnalysis
----------------- testing Thu Apr 19 04:46:43 UTC 2018 /home/travis/build/icyphy/ptII/ptolemy/domains/de/test/auto/DEFixedPointLimitation.xml
0 ms. Memory: 355840K Free: 276713K (78%)
reloadAllAccessors: .DEFixedPointLimitation
----------------- testing Thu Apr 19 04:46:43 UTC 2018 /home/travis/build/icyphy/ptII/ptolemy/domains/de/test/auto/DEScheduleTest.xml
1 ms. Memory: 355840K Free: 265735K (75%)
reloadAllAccessors: .DEScheduleTest
----------------- testing Thu Apr 19 04:46:43 UTC 2018 /home/travis/build/icyphy/ptII/ptolemy/domains/de/test/auto/DEinDEwithStartTimes.xml
2 ms. Memory: 355840K Free: 254758K (72%)
reloadAllAccessors: .DEinDEwithStartTimes
----------------- testing Thu Apr 19 04:46:43 UTC 2018 /home/travis/build/icyphy/ptII/ptolemy/domains/de/test/auto/DEinDEwithStartTimes2.xml
1 ms. Memory: 355840K Free: 235459K (66%)
reloadAllAccessors: .DEinDEwithStartTimes2
----------------- testing Thu Apr 19 04:46:43 UTC 2018 /home/travis/build/icyphy/ptII/ptolemy/domains/de/test/auto/DateDemo.xml
4 ms. Memory: 355840K Free: 218993K (62%)
reloadAllAccessors: .DateDemo
----------------- testing Thu Apr 19 04:46:43 UTC 2018 /home/travis/build/icyphy/ptII/ptolemy/domains/de/test/auto/DateToEvent.xml
2003 ms. Memory: 355840K Free: 191534K (54%)
reloadAllAccessors: .DateToEvent
----------------- testing Thu Apr 19 04:46:46 UTC 2018 /home/travis/build/icyphy/ptII/ptolemy/domains/de/test/auto/DepthTest1.xml
[...]
java.lang.RuntimeException: Execution failed
	at ptolemy.moml.MoMLSimpleApplication$UnloadThread.run(MoMLSimpleApplication.java:402)
Caused by: ptolemy.kernel.util.IllegalActionException: Test fails in iteration 1.
Value was: 1.0. Should have been: 2.0
  in .DirectFeedback.Test
	at ptolemy.actor.lib.Test.fire(Test.java:268)
	at ptolemy.domains.de.kernel.DEDirector._fire(DEDirector.java:1948)
	at ptolemy.domains.de.kernel.DEDirector.fire(DEDirector.java:502)
	at ptolemy.actor.CompositeActor.fire(CompositeActor.java:455)
	at ptolemy.actor.Manager.iterate(Manager.java:851)
	at ptolemy.actor.Manager.execute(Manager.java:369)
	at ptolemy.actor.Manager.run(Manager.java:1263)
	at ptolemy.actor.Manager$PtolemyRunThread.run(Manager.java:1915)
java.lang.RuntimeException: Execution failed
	at ptolemy.moml.MoMLSimpleApplication$UnloadThread.run(MoMLSimpleApplication.java:402)
Caused by: ptolemy.kernel.util.IllegalActionException: Actor is not ready to fire.  Perhaps UpSample.prefire() returned false? Try debugging the actor by selecting "Listen to Actor".  Also, for SDF check moml for tokenConsumptionRate on input.
  in .DESDFClockTest.Play Bell.Copy1:SDF Director and .DESDFClockTest.Play Bell.UpSample
	at ptolemy.actor.sched.StaticSchedulingDirector.fire(StaticSchedulingDirector.java:227)
	at ptolemy.domains.sdf.kernel.SDFDirector.fire(SDFDirector.java:500)
	at ptolemy.actor.CompositeActor.fire(CompositeActor.java:455)
	at ptolemy.domains.de.kernel.DEDirector._fire(DEDirector.java:1948)
	at ptolemy.domains.de.kernel.DEDirector.fire(DEDirector.java:502)
	at ptolemy.actor.CompositeActor.fire(CompositeActor.java:455)
	at ptolemy.actor.Manager.iterate(Manager.java:851)
	at ptolemy.actor.Manager.execute(Manager.java:369)
	at ptolemy.actor.Manager.run(Manager.java:1263)
	at ptolemy.actor.Manager$PtolemyRunThread.run(Manager.java:1915)
java.lang.reflect.InvocationTargetException
	at sun.reflect.NativeConstructorAccessorImpl.newInstance0(Native Method)
	at sun.reflect.NativeConstructorAccessorImpl.newInstance(NativeConstructorAccessorImpl.java:62)
	at sun.reflect.DelegatingConstructorAccessorImpl.newInstance(DelegatingConstructorAccessorImpl.java:45)
	at java.lang.reflect.Constructor.newInstance(Constructor.java:423)
	at ptolemy.util.test.junit.AutoKnownFailedTests.RunModel(AutoKnownFailedTests.java:107)
	at sun.reflect.NativeMethodAccessorImpl.invoke0(Native Method)
	at sun.reflect.NativeMethodAccessorImpl.invoke(NativeMethodAccessorImpl.java:62)
	at sun.reflect.DelegatingMethodAccessorImpl.invoke(DelegatingMethodAccessorImpl.java:43)
	at java.lang.reflect.Method.invoke(Method.java:498)
	at org.junit.runners.model.FrameworkMethod$1.runReflectiveCall(FrameworkMethod.java:44)
	at org.junit.internal.runners.model.ReflectiveCallable.run(ReflectiveCallable.java:15)
	at org.junit.runners.model.FrameworkMethod.invokeExplosively(FrameworkMethod.java:41)
	at junitparams.internal.InvokeParameterisedMethod.evaluate(InvokeParameterisedMethod.java:102)
	at org.junit.internal.runners.statements.FailOnTimeout$1.run(FailOnTimeout.java:28)
Caused by: ptolemy.kernel.util.IllegalActionException: Actor is not ready to fire.  Perhaps UpSample.prefire() returned false? Try debugging the actor by selecting "Listen to Actor".  Also, for SDF check moml for tokenConsumptionRate on input.
  in .DESDFClockTest.Play Bell.Copy1:SDF Director and .DESDFClockTest.Play Bell.UpSample
	at ptolemy.actor.sched.StaticSchedulingDirector.fire(StaticSchedulingDirector.java:227)
	at ptolemy.domains.sdf.kernel.SDFDirector.fire(SDFDirector.java:500)
	at ptolemy.actor.CompositeActor.fire(CompositeActor.java:455)
	at ptolemy.domains.de.kernel.DEDirector._fire(DEDirector.java:1948)
	at ptolemy.domains.de.kernel.DEDirector.fire(DEDirector.java:502)
	at ptolemy.actor.CompositeActor.fire(CompositeActor.java:455)
	at ptolemy.actor.Manager.iterate(Manager.java:851)
	at ptolemy.actor.Manager.execute(Manager.java:369)
	at ptolemy.actor.Manager.run(Manager.java:1263)
	at ptolemy.actor.Manager$PtolemyRunThread.run(Manager.java:1915)
java.lang.RuntimeException: Execution failed
	at ptolemy.moml.MoMLSimpleApplication$UnloadThread.run(MoMLSimpleApplication.java:402)
Caused by: ptolemy.kernel.util.IllegalActionException: Test fails in iteration 1.
Value was: 1.0. Should have been: 2.0
  in .DirectFeedback.Test
	at ptolemy.actor.lib.Test.fire(Test.java:268)
	at ptolemy.domains.de.kernel.DEDirector._fire(DEDirector.java:1948)
	at ptolemy.domains.de.kernel.DEDirector.fire(DEDirector.java:502)
	at ptolemy.actor.CompositeActor.fire(CompositeActor.java:455)
	at ptolemy.actor.Manager.iterate(Manager.java:851)
	at ptolemy.actor.Manager.execute(Manager.java:369)
	at ptolemy.actor.Manager.run(Manager.java:1263)
	at ptolemy.actor.Manager$PtolemyRunThread.run(Manager.java:1915)
java.lang.reflect.InvocationTargetException
	at sun.reflect.NativeConstructorAccessorImpl.newInstance0(Native Method)
	at sun.reflect.NativeConstructorAccessorImpl.newInstance(NativeConstructorAccessorImpl.java:62)
	at sun.reflect.DelegatingConstructorAccessorImpl.newInstance(DelegatingConstructorAccessorImpl.java:45)
	at java.lang.reflect.Constructor.newInstance(Constructor.java:423)
	at ptolemy.util.test.junit.AutoKnownFailedTests.RunModel(AutoKnownFailedTests.java:107)
	at sun.reflect.NativeMethodAccessorImpl.invoke0(Native Method)
	at sun.reflect.NativeMethodAccessorImpl.invoke(NativeMethodAccessorImpl.java:62)
	at sun.reflect.DelegatingMethodAccessorImpl.invoke(DelegatingMethodAccessorImpl.java:43)
	at java.lang.reflect.Method.invoke(Method.java:498)
	at org.junit.runners.model.FrameworkMethod$1.runReflectiveCall(FrameworkMethod.java:44)
	at org.junit.internal.runners.model.ReflectiveCallable.run(ReflectiveCallable.java:15)
	at org.junit.runners.model.FrameworkMethod.invokeExplosively(FrameworkMethod.java:41)
	at junitparams.internal.InvokeParameterisedMethod.evaluate(InvokeParameterisedMethod.java:102)
	at org.junit.internal.runners.statements.FailOnTimeout$1.run(FailOnTimeout.java:28)
Caused by: ptolemy.kernel.util.IllegalActionException: Test fails in iteration 1.
Value was: 1.0. Should have been: 2.0
  in .DirectFeedback.Test
	at ptolemy.actor.lib.Test.fire(Test.java:268)
	at ptolemy.domains.de.kernel.DEDirector._fire(DEDirector.java:1948)
	at ptolemy.domains.de.kernel.DEDirector.fire(DEDirector.java:502)
	at ptolemy.actor.CompositeActor.fire(CompositeActor.java:455)
	at ptolemy.actor.Manager.iterate(Manager.java:851)
	at ptolemy.actor.Manager.execute(Manager.java:369)
	at ptolemy.actor.Manager.run(Manager.java:1263)
	at ptolemy.actor.Manager$PtolemyRunThread.run(Manager.java:1915)
java.lang.RuntimeException: Execution failed
	at ptolemy.moml.MoMLSimpleApplication$UnloadThread.run(MoMLSimpleApplication.java:402)
Caused by: ptolemy.kernel.util.IllegalActionException: Found a zero delay loop containing .HierarchicalModel.A
  in .HierarchicalModel and .HierarchicalModel.A
	at ptolemy.actor.util.CausalityInterfaceForComposites._computeOutputPortDepth(CausalityInterfaceForComposites.java:759)
	at ptolemy.actor.util.CausalityInterfaceForComposites._computeInputDepth(CausalityInterfaceForComposites.java:696)
	at ptolemy.actor.util.CausalityInterfaceForComposites._computeOutputPortDepth(CausalityInterfaceForComposites.java:765)
	at ptolemy.actor.util.CausalityInterfaceForComposites._computeInputDepth(CausalityInterfaceForComposites.java:696)
	at ptolemy.actor.util.CausalityInterfaceForComposites._computeOutputPortDepth(CausalityInterfaceForComposites.java:765)
	at ptolemy.actor.util.CausalityInterfaceForComposites._computeInputDepth(CausalityInterfaceForComposites.java:696)
	at ptolemy.actor.util.CausalityInterfaceForComposites._computeActorDepth(CausalityInterfaceForComposites.java:532)
	at ptolemy.actor.util.CausalityInterfaceForComposites.checkForCycles(CausalityInterfaceForComposites.java:96)
	at ptolemy.domains.de.kernel.DEDirector.preinitialize(DEDirector.java:1337)
	at ptolemy.actor.CompositeActor.preinitialize(CompositeActor.java:1828)
	at ptolemy.actor.Manager.preinitializeAndResolveTypes(Manager.java:1040)
	at ptolemy.actor.Manager.initialize(Manager.java:710)
	at ptolemy.actor.Manager.execute(Manager.java:356)
	at ptolemy.actor.Manager.run(Manager.java:1263)
	at ptolemy.actor.Manager$PtolemyRunThread.run(Manager.java:1915)
java.lang.reflect.InvocationTargetException
	at sun.reflect.NativeConstructorAccessorImpl.newInstance0(Native Method)
	at sun.reflect.NativeConstructorAccessorImpl.newInstance(NativeConstructorAccessorImpl.java:62)
	at sun.reflect.DelegatingConstructorAccessorImpl.newInstance(DelegatingConstructorAccessorImpl.java:45)
	at java.lang.reflect.Constructor.newInstance(Constructor.java:423)
	at ptolemy.util.test.junit.AutoKnownFailedTests.RunModel(AutoKnownFailedTests.java:107)
	at sun.reflect.NativeMethodAccessorImpl.invoke0(Native Method)
	at sun.reflect.NativeMethodAccessorImpl.invoke(NativeMethodAccessorImpl.java:62)
	at sun.reflect.DelegatingMethodAccessorImpl.invoke(DelegatingMethodAccessorImpl.java:43)
	at java.lang.reflect.Method.invoke(Method.java:498)
	at org.junit.runners.model.FrameworkMethod$1.runReflectiveCall(FrameworkMethod.java:44)
	at org.junit.internal.runners.model.ReflectiveCallable.run(ReflectiveCallable.java:15)
	at org.junit.runners.model.FrameworkMethod.invokeExplosively(FrameworkMethod.java:41)
	at junitparams.internal.InvokeParameterisedMethod.evaluate(InvokeParameterisedMethod.java:102)
	at org.junit.internal.runners.statements.FailOnTimeout$1.run(FailOnTimeout.java:28)
Caused by: ptolemy.kernel.util.IllegalActionException: Found a zero delay loop containing .HierarchicalModel.A
  in .HierarchicalModel and .HierarchicalModel.A
	at ptolemy.actor.util.CausalityInterfaceForComposites._computeOutputPortDepth(CausalityInterfaceForComposites.java:759)
	at ptolemy.actor.util.CausalityInterfaceForComposites._computeInputDepth(CausalityInterfaceForComposites.java:696)
	at ptolemy.actor.util.CausalityInterfaceForComposites._computeOutputPortDepth(CausalityInterfaceForComposites.java:765)
	at ptolemy.actor.util.CausalityInterfaceForComposites._computeInputDepth(CausalityInterfaceForComposites.java:696)
	at ptolemy.actor.util.CausalityInterfaceForComposites._computeOutputPortDepth(CausalityInterfaceForComposites.java:765)
	at ptolemy.actor.util.CausalityInterfaceForComposites._computeInputDepth(CausalityInterfaceForComposites.java:696)
	at ptolemy.actor.util.CausalityInterfaceForComposites._computeActorDepth(CausalityInterfaceForComposites.java:532)
	at ptolemy.actor.util.CausalityInterfaceForComposites.checkForCycles(CausalityInterfaceForComposites.java:96)
	at ptolemy.domains.de.kernel.DEDirector.preinitialize(DEDirector.java:1337)
	at ptolemy.actor.CompositeActor.preinitialize(CompositeActor.java:1828)
	at ptolemy.actor.Manager.preinitializeAndResolveTypes(Manager.java:1040)
	at ptolemy.actor.Manager.initialize(Manager.java:710)
	at ptolemy.actor.Manager.execute(Manager.java:356)
	at ptolemy.actor.Manager.run(Manager.java:1263)
	at ptolemy.actor.Manager$PtolemyRunThread.run(Manager.java:1915)
java.lang.RuntimeException: Execution failed
	at ptolemy.moml.MoMLSimpleApplication$UnloadThread.run(MoMLSimpleApplication.java:402)
Caused by: ptolemy.kernel.util.IllegalActionException: Found a zero delay loop containing .dependencyLoop.original
  in .dependencyLoop and .dependencyLoop.original
	at ptolemy.actor.util.CausalityInterfaceForComposites._computeOutputPortDepth(CausalityInterfaceForComposites.java:759)
	at ptolemy.actor.util.CausalityInterfaceForComposites._computeInputDepth(CausalityInterfaceForComposites.java:696)
	at ptolemy.actor.util.CausalityInterfaceForComposites._computeOutputPortDepth(CausalityInterfaceForComposites.java:765)
	at ptolemy.actor.util.CausalityInterfaceForComposites._computeInputDepth(CausalityInterfaceForComposites.java:696)
	at ptolemy.actor.util.CausalityInterfaceForComposites._computeOutputPortDepth(CausalityInterfaceForComposites.java:765)
	at ptolemy.actor.util.CausalityInterfaceForComposites._computeInputDepth(CausalityInterfaceForComposites.java:696)
	at ptolemy.actor.util.CausalityInterfaceForComposites._computeActorDepth(CausalityInterfaceForComposites.java:532)
	at ptolemy.actor.util.CausalityInterfaceForComposites.checkForCycles(CausalityInterfaceForComposites.java:96)
	at ptolemy.domains.de.kernel.DEDirector.preinitialize(DEDirector.java:1337)
	at ptolemy.actor.CompositeActor.preinitialize(CompositeActor.java:1828)
	at ptolemy.actor.Manager.preinitializeAndResolveTypes(Manager.java:1040)
	at ptolemy.actor.Manager.initialize(Manager.java:710)
	at ptolemy.actor.Manager.execute(Manager.java:356)
	at ptolemy.actor.Manager.run(Manager.java:1263)
	at ptolemy.actor.Manager$PtolemyRunThread.run(Manager.java:1915)
java.lang.reflect.InvocationTargetException
	at sun.reflect.NativeConstructorAccessorImpl.newInstance0(Native Method)
	at sun.reflect.NativeConstructorAccessorImpl.newInstance(NativeConstructorAccessorImpl.java:62)
	at sun.reflect.DelegatingConstructorAccessorImpl.newInstance(DelegatingConstructorAccessorImpl.java:45)
	at java.lang.reflect.Constructor.newInstance(Constructor.java:423)
	at ptolemy.util.test.junit.AutoKnownFailedTests.RunModel(AutoKnownFailedTests.java:107)
	at sun.reflect.NativeMethodAccessorImpl.invoke0(Native Method)
	at sun.reflect.NativeMethodAccessorImpl.invoke(NativeMethodAccessorImpl.java:62)
	at sun.reflect.DelegatingMethodAccessorImpl.invoke(DelegatingMethodAccessorImpl.java:43)
	at java.lang.reflect.Method.invoke(Method.java:498)
	at org.junit.runners.model.FrameworkMethod$1.runReflectiveCall(FrameworkMethod.java:44)
	at org.junit.internal.runners.model.ReflectiveCallable.run(ReflectiveCallable.java:15)
	at org.junit.runners.model.FrameworkMethod.invokeExplosively(FrameworkMethod.java:41)
	at junitparams.internal.InvokeParameterisedMethod.evaluate(InvokeParameterisedMethod.java:102)
	at org.junit.internal.runners.statements.FailOnTimeout$1.run(FailOnTimeout.java:28)
Caused by: ptolemy.kernel.util.IllegalActionException: Found a zero delay loop containing .dependencyLoop.original
  in .dependencyLoop and .dependencyLoop.original
	at ptolemy.actor.util.CausalityInterfaceForComposites._computeOutputPortDepth(CausalityInterfaceForComposites.java:759)
	at ptolemy.actor.util.CausalityInterfaceForComposites._computeInputDepth(CausalityInterfaceForComposites.java:696)
	at ptolemy.actor.util.CausalityInterfaceForComposites._computeOutputPortDepth(CausalityInterfaceForComposites.java:765)
	at ptolemy.actor.util.CausalityInterfaceForComposites._computeInputDepth(CausalityInterfaceForComposites.java:696)
	at ptolemy.actor.util.CausalityInterfaceForComposites._computeOutputPortDepth(CausalityInterfaceForComposites.java:765)
	at ptolemy.actor.util.CausalityInterfaceForComposites._computeInputDepth(CausalityInterfaceForComposites.java:696)
	at ptolemy.actor.util.CausalityInterfaceForComposites._computeActorDepth(CausalityInterfaceForComposites.java:532)
	at ptolemy.actor.util.CausalityInterfaceForComposites.checkForCycles(CausalityInterfaceForComposites.java:96)
	at ptolemy.domains.de.kernel.DEDirector.preinitialize(DEDirector.java:1337)
	at ptolemy.actor.CompositeActor.preinitialize(CompositeActor.java:1828)
	at ptolemy.actor.Manager.preinitializeAndResolveTypes(Manager.java:1040)
	at ptolemy.actor.Manager.initialize(Manager.java:710)
	at ptolemy.actor.Manager.execute(Manager.java:356)
	at ptolemy.actor.Manager.run(Manager.java:1263)
	at ptolemy.actor.Manager$PtolemyRunThread.run(Manager.java:1915)
java.lang.RuntimeException: Execution failed
	at ptolemy.moml.MoMLSimpleApplication$UnloadThread.run(MoMLSimpleApplication.java:402)
Caused by: ptolemy.kernel.util.IllegalActionException: Found a zero delay loop containing .dependencyLoop2.original
  in .dependencyLoop2 and .dependencyLoop2.original
	at ptolemy.actor.util.CausalityInterfaceForComposites._computeOutputPortDepth(CausalityInterfaceForComposites.java:759)
	at ptolemy.actor.util.CausalityInterfaceForComposites._computeInputDepth(CausalityInterfaceForComposites.java:696)
	at ptolemy.actor.util.CausalityInterfaceForComposites._computeOutputPortDepth(CausalityInterfaceForComposites.java:765)
	at ptolemy.actor.util.CausalityInterfaceForComposites._computeInputDepth(CausalityInterfaceForComposites.java:696)
	at ptolemy.actor.util.CausalityInterfaceForComposites._computeOutputPortDepth(CausalityInterfaceForComposites.java:765)
	at ptolemy.actor.util.CausalityInterfaceForComposites._computeInputDepth(CausalityInterfaceForComposites.java:696)
	at ptolemy.actor.util.CausalityInterfaceForComposites._computeActorDepth(CausalityInterfaceForComposites.java:532)
	at ptolemy.actor.util.CausalityInterfaceForComposites.checkForCycles(CausalityInterfaceForComposites.java:96)
	at ptolemy.domains.de.kernel.DEDirector.preinitialize(DEDirector.java:1337)
	at ptolemy.actor.CompositeActor.preinitialize(CompositeActor.java:1828)
	at ptolemy.actor.Manager.preinitializeAndResolveTypes(Manager.java:1040)
	at ptolemy.actor.Manager.initialize(Manager.java:710)
	at ptolemy.actor.Manager.execute(Manager.java:356)
	at ptolemy.actor.Manager.run(Manager.java:1263)
	at ptolemy.actor.Manager$PtolemyRunThread.run(Manager.java:1915)
java.lang.reflect.InvocationTargetException
	at sun.reflect.NativeConstructorAccessorImpl.newInstance0(Native Method)
	at sun.reflect.NativeConstructorAccessorImpl.newInstance(NativeConstructorAccessorImpl.java:62)
	at sun.reflect.DelegatingConstructorAccessorImpl.newInstance(DelegatingConstructorAccessorImpl.java:45)
	at java.lang.reflect.Constructor.newInstance(Constructor.java:423)
	at ptolemy.util.test.junit.AutoKnownFailedTests.RunModel(AutoKnownFailedTests.java:107)
	at sun.reflect.NativeMethodAccessorImpl.invoke0(Native Method)
	at sun.reflect.NativeMethodAccessorImpl.invoke(NativeMethodAccessorImpl.java:62)
	at sun.reflect.DelegatingMethodAccessorImpl.invoke(DelegatingMethodAccessorImpl.java:43)
	at java.lang.reflect.Method.invoke(Method.java:498)
	at org.junit.runners.model.FrameworkMethod$1.runReflectiveCall(FrameworkMethod.java:44)
	at org.junit.internal.runners.model.ReflectiveCallable.run(ReflectiveCallable.java:15)
	at org.junit.runners.model.FrameworkMethod.invokeExplosively(FrameworkMethod.java:41)
	at junitparams.internal.InvokeParameterisedMethod.evaluate(InvokeParameterisedMethod.java:102)
	at org.junit.internal.runners.statements.FailOnTimeout$1.run(FailOnTimeout.java:28)
Caused by: ptolemy.kernel.util.IllegalActionException: Found a zero delay loop containing .dependencyLoop2.original
  in .dependencyLoop2 and .dependencyLoop2.original
	at ptolemy.actor.util.CausalityInterfaceForComposites._computeOutputPortDepth(CausalityInterfaceForComposites.java:759)
	at ptolemy.actor.util.CausalityInterfaceForComposites._computeInputDepth(CausalityInterfaceForComposites.java:696)
	at ptolemy.actor.util.CausalityInterfaceForComposites._computeOutputPortDepth(CausalityInterfaceForComposites.java:765)
	at ptolemy.actor.util.CausalityInterfaceForComposites._computeInputDepth(CausalityInterfaceForComposites.java:696)
	at ptolemy.actor.util.CausalityInterfaceForComposites._computeOutputPortDepth(CausalityInterfaceForComposites.java:765)
	at ptolemy.actor.util.CausalityInterfaceForComposites._computeInputDepth(CausalityInterfaceForComposites.java:696)
	at ptolemy.actor.util.CausalityInterfaceForComposites._computeActorDepth(CausalityInterfaceForComposites.java:532)
	at ptolemy.actor.util.CausalityInterfaceForComposites.checkForCycles(CausalityInterfaceForComposites.java:96)
	at ptolemy.domains.de.kernel.DEDirector.preinitialize(DEDirector.java:1337)
	at ptolemy.actor.CompositeActor.preinitialize(CompositeActor.java:1828)
	at ptolemy.actor.Manager.preinitializeAndResolveTypes(Manager.java:1040)
	at ptolemy.actor.Manager.initialize(Manager.java:710)
	at ptolemy.actor.Manager.execute(Manager.java:356)
	at ptolemy.actor.Manager.run(Manager.java:1263)
	at ptolemy.actor.Manager$PtolemyRunThread.run(Manager.java:1915)
]]></system-err>
</testsuite>
