<?xml version="1.0" encoding="UTF-8" ?>
<testsuite errors="0" failures="0" hostname="travis-job-825f7779-39c1-4e72-a3fa-ad191e7b9a9a" name="ptolemy.domains.de.test.junit.JUnitTclTest" skipped="0" tests="101" time="125.289" timestamp="2018-05-22T23:32:59">
  <properties>
[...]
</properties>
  <testcase classname="ptolemy.util.test.junit.TclTests" name="[0] /home/travis/build/icyphy/ptII/ptolemy/domains/de/test/DependencyLoop.tcl (RunTclFile)" time="0.711" />
  <testcase classname="ptolemy.util.test.junit.TclTests" name="[1] /home/travis/build/icyphy/ptII/ptolemy/domains/de/test/RunDETestsAsQSS.tcl (RunTclFile)" time="86.035" />
  <testcase classname="ptolemy.util.test.junit.AutoKnownFailedTests" name="[0] /home/travis/build/icyphy/ptII/ptolemy/domains/de/test/auto/knownFailedTests/DESDFClockTest.xml (RunModel)" time="2.026" />
  <testcase classname="ptolemy.util.test.junit.AutoKnownFailedTests" name="[1] /home/travis/build/icyphy/ptII/ptolemy/domains/de/test/auto/knownFailedTests/DirectFeedback.xml (RunModel)" time="0.011" />
  <testcase classname="ptolemy.util.test.junit.AutoKnownFailedTests" name="[2] /home/travis/build/icyphy/ptII/ptolemy/domains/de/test/auto/knownFailedTests/FSMSource.xml (RunModel)" time="0.018" />
  <testcase classname="ptolemy.util.test.junit.AutoKnownFailedTests" name="[3] /home/travis/build/icyphy/ptII/ptolemy/domains/de/test/auto/knownFailedTests/HierarchicalModel.xml (RunModel)" time="0.033" />
  <testcase classname="ptolemy.util.test.junit.AutoKnownFailedTests" name="[4] /home/travis/build/icyphy/ptII/ptolemy/domains/de/test/auto/knownFailedTests/dependencyLoop.xml (RunModel)" time="0.029" />
  <testcase classname="ptolemy.util.test.junit.AutoKnownFailedTests" name="[5] /home/travis/build/icyphy/ptII/ptolemy/domains/de/test/auto/knownFailedTests/dependencyLoop2.xml (RunModel)" time="0.032" />
  <testcase classname="ptolemy.util.test.junit.AutoNameArchTests" name="[0] ThereAreNoAutoTests (RunModel)" time="0.0" />
  <testcase classname="ptolemy.util.test.junit.AutoTests" name="[0] /home/travis/build/icyphy/ptII/ptolemy/domains/de/test/auto/ActorDepthCalculation_actorWithoutPorts.xml (RunModel)" time="0.021" />
  <testcase classname="ptolemy.util.test.junit.AutoTests" name="[1] /home/travis/build/icyphy/ptII/ptolemy/domains/de/test/auto/AssemblyLine.xml (RunModel)" time="0.017" />
  <testcase classname="ptolemy.util.test.junit.AutoTests" name="[2] /home/travis/build/icyphy/ptII/ptolemy/domains/de/test/auto/CQBug1.xml (RunModel)" time="0.005" />
  <testcase classname="ptolemy.util.test.junit.AutoTests" name="[3] /home/travis/build/icyphy/ptII/ptolemy/domains/de/test/auto/CancelFireAt.xml (RunModel)" time="0.004" />
  <testcase classname="ptolemy.util.test.junit.AutoTests" name="[4] /home/travis/build/icyphy/ptII/ptolemy/domains/de/test/auto/CausalityAndComposabilityAnalysis.xml (RunModel)" time="0.008" />
  <testcase classname="ptolemy.util.test.junit.AutoTests" name="[5] /home/travis/build/icyphy/ptII/ptolemy/domains/de/test/auto/CausalityInterface1.xml (RunModel)" time="0.009" />
  <testcase classname="ptolemy.util.test.junit.AutoTests" name="[6] /home/travis/build/icyphy/ptII/ptolemy/domains/de/test/auto/CausalityInterface15.xml (RunModel)" time="0.01" />
  <testcase classname="ptolemy.util.test.junit.AutoTests" name="[7] /home/travis/build/icyphy/ptII/ptolemy/domains/de/test/auto/CausalityInterface2.xml (RunModel)" time="0.008" />
  <testcase classname="ptolemy.util.test.junit.AutoTests" name="[8] /home/travis/build/icyphy/ptII/ptolemy/domains/de/test/auto/CausalityInterface3.xml (RunModel)" time="0.015" />
  <testcase classname="ptolemy.util.test.junit.AutoTests" name="[9] /home/travis/build/icyphy/ptII/ptolemy/domains/de/test/auto/ClockDrift.xml (RunModel)" time="0.024" />
  <testcase classname="ptolemy.util.test.junit.AutoTests" name="[10] /home/travis/build/icyphy/ptII/ptolemy/domains/de/test/auto/ClockDriftAndValueChange.xml (RunModel)" time="0.022" />
  <testcase classname="ptolemy.util.test.junit.AutoTests" name="[11] /home/travis/build/icyphy/ptII/ptolemy/domains/de/test/auto/ClockDriftChange.xml (RunModel)" time="0.018" />
  <testcase classname="ptolemy.util.test.junit.AutoTests" name="[12] /home/travis/build/icyphy/ptII/ptolemy/domains/de/test/auto/ComposableCausalityAnalysis.xml (RunModel)" time="0.013" />
  <testcase classname="ptolemy.util.test.junit.AutoTests" name="[13] /home/travis/build/icyphy/ptII/ptolemy/domains/de/test/auto/DEFixedPointLimitation.xml (RunModel)" time="0.006" />
  <testcase classname="ptolemy.util.test.junit.AutoTests" name="[14] /home/travis/build/icyphy/ptII/ptolemy/domains/de/test/auto/DEScheduleTest.xml (RunModel)" time="0.008" />
  <testcase classname="ptolemy.util.test.junit.AutoTests" name="[15] /home/travis/build/icyphy/ptII/ptolemy/domains/de/test/auto/DEinDEwithStartTimes.xml (RunModel)" time="0.009" />
  <testcase classname="ptolemy.util.test.junit.AutoTests" name="[16] /home/travis/build/icyphy/ptII/ptolemy/domains/de/test/auto/DEinDEwithStartTimes2.xml (RunModel)" time="0.009" />
  <testcase classname="ptolemy.util.test.junit.AutoTests" name="[17] /home/travis/build/icyphy/ptII/ptolemy/domains/de/test/auto/DateDemo.xml (RunModel)" time="0.03" />
  <testcase classname="ptolemy.util.test.junit.AutoTests" name="[18] /home/travis/build/icyphy/ptII/ptolemy/domains/de/test/auto/DateToEvent.xml (RunModel)" time="2.031" />
  <testcase classname="ptolemy.util.test.junit.AutoTests" name="[19] /home/travis/build/icyphy/ptII/ptolemy/domains/de/test/auto/DepthTest1.xml (RunModel)" time="0.006" />
  <testcase classname="ptolemy.util.test.junit.AutoTests" name="[20] /home/travis/build/icyphy/ptII/ptolemy/domains/de/test/auto/DepthTest2.xml (RunModel)" time="0.01" />
  <testcase classname="ptolemy.util.test.junit.AutoTests" name="[21] /home/travis/build/icyphy/ptII/ptolemy/domains/de/test/auto/DepthTest3.xml (RunModel)" time="0.004" />
  <testcase classname="ptolemy.util.test.junit.AutoTests" name="[22] /home/travis/build/icyphy/ptII/ptolemy/domains/de/test/auto/DepthTest4.xml (RunModel)" time="0.009" />
  <testcase classname="ptolemy.util.test.junit.AutoTests" name="[23] /home/travis/build/icyphy/ptII/ptolemy/domains/de/test/auto/DepthTest5.xml (RunModel)" time="0.009" />
  <testcase classname="ptolemy.util.test.junit.AutoTests" name="[24] /home/travis/build/icyphy/ptII/ptolemy/domains/de/test/auto/DepthTest6.xml (RunModel)" time="0.008" />
  <testcase classname="ptolemy.util.test.junit.AutoTests" name="[25] /home/travis/build/icyphy/ptII/ptolemy/domains/de/test/auto/DepthTest7.xml (RunModel)" time="0.01" />
  <testcase classname="ptolemy.util.test.junit.AutoTests" name="[26] /home/travis/build/icyphy/ptII/ptolemy/domains/de/test/auto/EventToDate.xml (RunModel)" time="3.023" />
  <testcase classname="ptolemy.util.test.junit.AutoTests" name="[27] /home/travis/build/icyphy/ptII/ptolemy/domains/de/test/auto/FSM1.xml (RunModel)" time="0.025" />
  <testcase classname="ptolemy.util.test.junit.AutoTests" name="[28] /home/travis/build/icyphy/ptII/ptolemy/domains/de/test/auto/FSM7.xml (RunModel)" time="0.022" />
  <testcase classname="ptolemy.util.test.junit.AutoTests" name="[29] /home/travis/build/icyphy/ptII/ptolemy/domains/de/test/auto/Inspection.xml (RunModel)" time="0.042" />
  <testcase classname="ptolemy.util.test.junit.AutoTests" name="[30] /home/travis/build/icyphy/ptII/ptolemy/domains/de/test/auto/Iteration.xml (RunModel)" time="0.015" />
  <testcase classname="ptolemy.util.test.junit.AutoTests" name="[31] /home/travis/build/icyphy/ptII/ptolemy/domains/de/test/auto/LineFault.xml (RunModel)" time="0.407" />
  <testcase classname="ptolemy.util.test.junit.AutoTests" name="[32] /home/travis/build/icyphy/ptII/ptolemy/domains/de/test/auto/MergeModel1Add.xml (RunModel)" time="0.032" />
  <testcase classname="ptolemy.util.test.junit.AutoTests" name="[33] /home/travis/build/icyphy/ptII/ptolemy/domains/de/test/auto/MergeModel2Add.xml (RunModel)" time="0.026" />
  <testcase classname="ptolemy.util.test.junit.AutoTests" name="[34] /home/travis/build/icyphy/ptII/ptolemy/domains/de/test/auto/MergeModel3Add.xml (RunModel)" time="0.029" />
  <testcase classname="ptolemy.util.test.junit.AutoTests" name="[35] /home/travis/build/icyphy/ptII/ptolemy/domains/de/test/auto/MergeWithoutDiscard.xml (RunModel)" time="0.008" />
  <testcase classname="ptolemy.util.test.junit.AutoTests" name="[36] /home/travis/build/icyphy/ptII/ptolemy/domains/de/test/auto/Modal1.xml (RunModel)" time="0.02" />
  <testcase classname="ptolemy.util.test.junit.AutoTests" name="[37] /home/travis/build/icyphy/ptII/ptolemy/domains/de/test/auto/Modal2.xml (RunModel)" time="0.024" />
  <testcase classname="ptolemy.util.test.junit.AutoTests" name="[38] /home/travis/build/icyphy/ptII/ptolemy/domains/de/test/auto/Modal3.xml (RunModel)" time="0.025" />
  <testcase classname="ptolemy.util.test.junit.AutoTests" name="[39] /home/travis/build/icyphy/ptII/ptolemy/domains/de/test/auto/Modal4.xml (RunModel)" time="0.023" />
  <testcase classname="ptolemy.util.test.junit.AutoTests" name="[40] /home/travis/build/icyphy/ptII/ptolemy/domains/de/test/auto/Modal5.xml (RunModel)" time="0.024" />
  <testcase classname="ptolemy.util.test.junit.AutoTests" name="[41] /home/travis/build/icyphy/ptII/ptolemy/domains/de/test/auto/Modal6.xml (RunModel)" time="0.02" />
  <testcase classname="ptolemy.util.test.junit.AutoTests" name="[42] /home/travis/build/icyphy/ptII/ptolemy/domains/de/test/auto/Modal7.xml (RunModel)" time="0.02" />
  <testcase classname="ptolemy.util.test.junit.AutoTests" name="[43] /home/travis/build/icyphy/ptII/ptolemy/domains/de/test/auto/ModalModel.xml (RunModel)" time="0.096" />
  <testcase classname="ptolemy.util.test.junit.AutoTests" name="[44] /home/travis/build/icyphy/ptII/ptolemy/domains/de/test/auto/ModalSource.xml (RunModel)" time="0.013" />
  <testcase classname="ptolemy.util.test.junit.AutoTests" name="[45] /home/travis/build/icyphy/ptII/ptolemy/domains/de/test/auto/NonInterruptibleTimerZeroDelay.xml (RunModel)" time="0.007" />
  <testcase classname="ptolemy.util.test.junit.AutoTests" name="[46] /home/travis/build/icyphy/ptII/ptolemy/domains/de/test/auto/OpenQueueingNetwork.xml (RunModel)" time="1.927" />
  <testcase classname="ptolemy.util.test.junit.AutoTests" name="[47] /home/travis/build/icyphy/ptII/ptolemy/domains/de/test/auto/OpenQueuingNetwork.xml (RunModel)" time="0.286" />
  <testcase classname="ptolemy.util.test.junit.AutoTests" name="[48] /home/travis/build/icyphy/ptII/ptolemy/domains/de/test/auto/PeriodicSampler.xml (RunModel)" time="0.011" />
  <testcase classname="ptolemy.util.test.junit.AutoTests" name="[49] /home/travis/build/icyphy/ptII/ptolemy/domains/de/test/auto/PersistentIO.xml (RunModel)" time="0.032" />
  <testcase classname="ptolemy.util.test.junit.AutoTests" name="[50] /home/travis/build/icyphy/ptII/ptolemy/domains/de/test/auto/PortParameterResetOnInitialize.xml (RunModel)" time="0.01" />
  <testcase classname="ptolemy.util.test.junit.AutoTests" name="[51] /home/travis/build/icyphy/ptII/ptolemy/domains/de/test/auto/PortParameterUpdates.xml (RunModel)" time="0.019" />
  <testcase classname="ptolemy.util.test.junit.AutoTests" name="[52] /home/travis/build/icyphy/ptII/ptolemy/domains/de/test/auto/QueueAndServer.xml (RunModel)" time="0.02" />
  <testcase classname="ptolemy.util.test.junit.AutoTests" name="[53] /home/travis/build/icyphy/ptII/ptolemy/domains/de/test/auto/Records.xml (RunModel)" time="0.02" />
  <testcase classname="ptolemy.util.test.junit.AutoTests" name="[54] /home/travis/build/icyphy/ptII/ptolemy/domains/de/test/auto/ResetTransitionWithStartTime1.xml (RunModel)" time="0.018" />
  <testcase classname="ptolemy.util.test.junit.AutoTests" name="[55] /home/travis/build/icyphy/ptII/ptolemy/domains/de/test/auto/ResetTransitionWithStartTime2.xml (RunModel)" time="0.017" />
  <testcase classname="ptolemy.util.test.junit.AutoTests" name="[56] /home/travis/build/icyphy/ptII/ptolemy/domains/de/test/auto/ResetTransitionWithStartTime3.xml (RunModel)" time="0.019" />
  <testcase classname="ptolemy.util.test.junit.AutoTests" name="[57] /home/travis/build/icyphy/ptII/ptolemy/domains/de/test/auto/ResetTransitionWithStartTime4.xml (RunModel)" time="0.017" />
  <testcase classname="ptolemy.util.test.junit.AutoTests" name="[58] /home/travis/build/icyphy/ptII/ptolemy/domains/de/test/auto/ResettableTimer1.xml (RunModel)" time="0.01" />
  <testcase classname="ptolemy.util.test.junit.AutoTests" name="[59] /home/travis/build/icyphy/ptII/ptolemy/domains/de/test/auto/ResettableTimer2.xml (RunModel)" time="0.009" />
  <testcase classname="ptolemy.util.test.junit.AutoTests" name="[60] /home/travis/build/icyphy/ptII/ptolemy/domains/de/test/auto/ResettableTimer3.xml (RunModel)" time="0.009" />
  <testcase classname="ptolemy.util.test.junit.AutoTests" name="[61] /home/travis/build/icyphy/ptII/ptolemy/domains/de/test/auto/ResettableTimer4.xml (RunModel)" time="0.008" />
  <testcase classname="ptolemy.util.test.junit.AutoTests" name="[62] /home/travis/build/icyphy/ptII/ptolemy/domains/de/test/auto/ResettableTimer5.xml (RunModel)" time="0.009" />
  <testcase classname="ptolemy.util.test.junit.AutoTests" name="[63] /home/travis/build/icyphy/ptII/ptolemy/domains/de/test/auto/ResettableTimer6.xml (RunModel)" time="0.019" />
  <testcase classname="ptolemy.util.test.junit.AutoTests" name="[64] /home/travis/build/icyphy/ptII/ptolemy/domains/de/test/auto/ServerZeroDelay.xml (RunModel)" time="0.01" />
  <testcase classname="ptolemy.util.test.junit.AutoTests" name="[65] /home/travis/build/icyphy/ptII/ptolemy/domains/de/test/auto/SmartSender.xml (RunModel)" time="3.008" />
  <testcase classname="ptolemy.util.test.junit.AutoTests" name="[66] /home/travis/build/icyphy/ptII/ptolemy/domains/de/test/auto/ThreadedComposite.xml (RunModel)" time="0.315" />
  <testcase classname="ptolemy.util.test.junit.AutoTests" name="[67] /home/travis/build/icyphy/ptII/ptolemy/domains/de/test/auto/Time.xml (RunModel)" time="0.433" />
  <testcase classname="ptolemy.util.test.junit.AutoTests" name="[68] /home/travis/build/icyphy/ptII/ptolemy/domains/de/test/auto/TimeDelayZeroDelay.xml (RunModel)" time="0.011" />
  <testcase classname="ptolemy.util.test.junit.AutoTests" name="[69] /home/travis/build/icyphy/ptII/ptolemy/domains/de/test/auto/TimerZeroDelay.xml (RunModel)" time="0.009" />
  <testcase classname="ptolemy.util.test.junit.AutoTests" name="[70] /home/travis/build/icyphy/ptII/ptolemy/domains/de/test/auto/TimingParadox.xml (RunModel)" time="0.332" />
  <testcase classname="ptolemy.util.test.junit.AutoTests" name="[71] /home/travis/build/icyphy/ptII/ptolemy/domains/de/test/auto/TransferInputs.xml (RunModel)" time="0.008" />
  <testcase classname="ptolemy.util.test.junit.AutoTests" name="[72] /home/travis/build/icyphy/ptII/ptolemy/domains/de/test/auto/TransferOutputs2.xml (RunModel)" time="0.015" />
  <testcase classname="ptolemy.util.test.junit.AutoTests" name="[73] /home/travis/build/icyphy/ptII/ptolemy/domains/de/test/auto/Trilateration.xml (RunModel)" time="11.156" />
  <testcase classname="ptolemy.util.test.junit.AutoTests" name="[74] /home/travis/build/icyphy/ptII/ptolemy/domains/de/test/auto/TwoSigmaDelta.xml (RunModel)" time="1.91" />
  <testcase classname="ptolemy.util.test.junit.AutoTests" name="[75] /home/travis/build/icyphy/ptII/ptolemy/domains/de/test/auto/VariableDelay.xml (RunModel)" time="0.014" />
  <testcase classname="ptolemy.util.test.junit.AutoTests" name="[76] /home/travis/build/icyphy/ptII/ptolemy/domains/de/test/auto/VariableDelay2.xml (RunModel)" time="0.008" />
  <testcase classname="ptolemy.util.test.junit.AutoTests" name="[77] /home/travis/build/icyphy/ptII/ptolemy/domains/de/test/auto/VariableDelayZeroDelay.xml (RunModel)" time="0.009" />
  <testcase classname="ptolemy.util.test.junit.AutoTests" name="[78] /home/travis/build/icyphy/ptII/ptolemy/domains/de/test/auto/VariableDelayZeroDelay2.xml (RunModel)" time="0.016" />
  <testcase classname="ptolemy.util.test.junit.AutoTests" name="[79] /home/travis/build/icyphy/ptII/ptolemy/domains/de/test/auto/deInCt.xml (RunModel)" time="0.019" />
  <testcase classname="ptolemy.util.test.junit.AutoTests" name="[80] /home/travis/build/icyphy/ptII/ptolemy/domains/de/test/auto/deInCt2.xml (RunModel)" time="0.017" />
  <testcase classname="ptolemy.util.test.junit.AutoTests" name="[81] /home/travis/build/icyphy/ptII/ptolemy/domains/de/test/auto/dynamicCausalityInterface1.xml (RunModel)" time="0.025" />
  <testcase classname="ptolemy.util.test.junit.AutoTests" name="[82] /home/travis/build/icyphy/ptII/ptolemy/domains/de/test/auto/fsm_de_test.xml (RunModel)" time="0.032" />
  <testcase classname="ptolemy.util.test.junit.AutoTests" name="[83] /home/travis/build/icyphy/ptII/ptolemy/domains/de/test/auto/functionDependencyReconstruction.xml (RunModel)" time="0.047" />
  <testcase classname="ptolemy.util.test.junit.AutoTests" name="[84] /home/travis/build/icyphy/ptII/ptolemy/domains/de/test/auto/multirate.xml (RunModel)" time="0.02" />
  <testcase classname="ptolemy.util.test.junit.AutoTests" name="[85] /home/travis/build/icyphy/ptII/ptolemy/domains/de/test/auto/multirate2.xml (RunModel)" time="0.027" />
  <testcase classname="ptolemy.util.test.junit.AutoTests" name="[86] /home/travis/build/icyphy/ptII/ptolemy/domains/de/test/auto/realtime.xml (RunModel)" time="10.009" />
  <testcase classname="ptolemy.util.test.junit.AutoTests" name="[87] /home/travis/build/icyphy/ptII/ptolemy/domains/de/test/auto/relationGroup.xml (RunModel)" time="0.007" />
  <testcase classname="ptolemy.util.test.junit.AutoTests" name="[88] /home/travis/build/icyphy/ptII/ptolemy/domains/de/test/auto/relationGroup2.xml (RunModel)" time="0.005" />
  <testcase classname="ptolemy.util.test.junit.AutoTests" name="[89] /home/travis/build/icyphy/ptII/ptolemy/domains/de/test/auto/sortWithOpaquePorts.xml (RunModel)" time="0.009" />
  <testcase classname="ptolemy.util.test.junit.AutoTests" name="[90] /home/travis/build/icyphy/ptII/ptolemy/domains/de/test/auto/transferInputsandOutputs.xml (RunModel)" time="0.016" />
  <testcase classname="ptolemy.util.test.junit.AutoTests" name="[91] /home/travis/build/icyphy/ptII/ptolemy/domains/de/test/auto/triggerType.xml (RunModel)" time="0.007" />
  <system-out><![CDATA[/home/travis/build/icyphy/ptII/ptolemy/domains/de/test/DependencyLoop.tcl
testDefs.tcl: setting time out to 9000 seconds at Tue May 22 23:32:59 UTC 2018
16 ms. Memory: 116224K Free: 95087K (82%)
14 ms. Memory: 146944K Free: 137813K (94%)
/home/travis/build/icyphy/ptII/ptolemy/domains/de/test/RunDETestsAsQSS.tcl
Run the DE tests using ptolemy.domains.qss.test.QSSDirectorTest, which extends QSSDirector and prints a message in the constructors.
------------------ testing $PTII/ptolemy/domains/de/test/auto/knownFailedTests/dependencyLoop.xml (Known Failure) 
7 ms. Memory: 146944K Free: 133540K (91%)


==== $PTIIhome/travis/build/icyphy/ptII/ptolemy/domains/de/test/../../../../: Auto Automatic test in file $PTII/ptolemy/domains/de/test/auto/knownFailedTests/dependencyLoop.xml
==== Contents of test case:

	    # FIXME: we should use $relativeFilename here, but it
	    # might have backslashes under Windows, which causes no end
	    # of trouble.
	    createAndExecute $file
	    list {}
	
.... Test generated KNOWN error:
    while executing
ptolemy.kernel.util.IllegalActionException: Found a zero delay loop containing .dependencyLoop.original
  in .dependencyLoop and .dependencyLoop.original
	at ptolemy.actor.util.CausalityInterfaceForComposites._computeOutputPortDepth(CausalityInterfaceForComposites.java:759)
	at ptolemy.actor.util.CausalityInterfaceForComposites._computeInputDepth(CausalityInterfaceForComposites.java:696)
	at ptolemy.actor.util.CausalityInterfaceForComposites._computeOutputPortDepth(CausalityInterfaceForComposites.java:765)
	at ptolemy.actor.util.CausalityInterfaceForComposites._computeInputDepth(CausalityInterfaceForComposites.java:696)
	at ptolemy.actor.util.CausalityInterfaceForComposites._computeOutputPortDepth(CausalityInterfaceForComposites.java:765)
	at ptolemy.actor.util.CausalityInterfaceForComposites._computeInputDepth(CausalityInterfaceForComposites.java:696)
	at ptolemy.actor.util.CausalityInterfaceForComposites._computeActorDepth(CausalityInterfaceForComposites.java:532)
	at ptolemy.actor.util.CausalityInterfaceForComposites.checkForCycles(CausalityInterfaceForComposites.java:96)
	at ptolemy.domains.de.kernel.DEDirector.preinitialize(DEDirector.java:1337)
	at ptolemy.actor.CompositeActor.preinitialize(CompositeActor.java:1828)
	at ptolemy.actor.Manager.preinitializeAndResolveTypes(Manager.java:1040)
	at ptolemy.actor.Manager.initialize(Manager.java:710)
	at ptolemy.actor.Manager.execute(Manager.java:356)
	at ptolemy.actor.Manager.run(Manager.java:1263)
	at ptolemy.actor.Manager$PtolemyRunThread.run(Manager.java:1915)

    while executing
ptolemy.kernel.util.IllegalActionException: Found a zero delay loop containing .dependencyLoop.original
  in .dependencyLoop and .dependencyLoop.original
    while executing
"java::new ptolemy.moml.MoMLSimpleApplication $file
"
    (procedure "createAndExecute" line 2)
    invoked from within
"createAndExecute $file"
    ("uplevel" body line 5)
    invoked from within
"uplevel $contents_of_test"
------------------ testing $PTII/ptolemy/domains/de/test/auto/knownFailedTests/DESDFClockTest.xml (Known Failure) 
2086 ms. Memory: 146944K Free: 117703K (80%)


==== $PTIIhome/travis/build/icyphy/ptII/ptolemy/domains/de/test/../../../../: Auto Automatic test in file $PTII/ptolemy/domains/de/test/auto/knownFailedTests/DESDFClockTest.xml
==== Contents of test case:

	    # FIXME: we should use $relativeFilename here, but it
	    # might have backslashes under Windows, which causes no end
	    # of trouble.
	    createAndExecute $file
	    list {}
	
.... Test generated KNOWN error:
    while executing
ptolemy.kernel.util.IllegalActionException: Actor is not ready to fire.  Perhaps UpSample.prefire() returned false? Try debugging the actor by selecting "Listen to Actor".  Also, for SDF check moml for tokenConsumptionRate on input.
  in .DESDFClockTest.Play Bell.Copy1:SDF Director and .DESDFClockTest.Play Bell.UpSample
	at ptolemy.actor.sched.StaticSchedulingDirector.fire(StaticSchedulingDirector.java:227)
	at ptolemy.domains.sdf.kernel.SDFDirector.fire(SDFDirector.java:500)
	at ptolemy.actor.CompositeActor.fire(CompositeActor.java:455)
	at ptolemy.domains.de.kernel.DEDirector._fire(DEDirector.java:1948)
	at ptolemy.domains.de.kernel.DEDirector.fire(DEDirector.java:502)
	at ptolemy.actor.CompositeActor.fire(CompositeActor.java:455)
	at ptolemy.actor.Manager.iterate(Manager.java:851)
	at ptolemy.actor.Manager.execute(Manager.java:369)
	at ptolemy.actor.Manager.run(Manager.java:1263)
	at ptolemy.actor.Manager$PtolemyRunThread.run(Manager.java:1915)

    while executing
ptolemy.kernel.util.IllegalActionException: Actor is not ready to fire.  Perhaps UpSample.prefire() returned false? Try debugging the actor by selecting "Listen to Actor".  Also, for SDF check moml for tokenConsumptionRate on input.
  in .DESDFClockTest.Play Bell.Copy1:SDF Director and .DESDFClockTest.Play Bell.UpSample
    while executing
"java::new ptolemy.moml.MoMLSimpleApplication $file
"
    (procedure "createAndExecute" line 2)
    invoked from within
"createAndExecute $file"
    ("uplevel" body line 5)
    invoked from within
"uplevel $contents_of_test"
------------------ testing $PTII/ptolemy/domains/de/test/auto/knownFailedTests/FSMSource.xml (Known Failure) 
18 ms. Memory: 146944K Free: 108730K (74%)
!!!! Auto was marked as failing, but now passes
------------------ testing $PTII/ptolemy/domains/de/test/auto/knownFailedTests/dependencyLoop2.xml (Known Failure) 
5 ms. Memory: 146944K Free: 106846K (73%)


==== $PTIIhome/travis/build/icyphy/ptII/ptolemy/domains/de/test/../../../../: Auto Automatic test in file $PTII/ptolemy/domains/de/test/auto/knownFailedTests/dependencyLoop2.xml
==== Contents of test case:

	    # FIXME: we should use $relativeFilename here, but it
	    # might have backslashes under Windows, which causes no end
	    # of trouble.
	    createAndExecute $file
	    list {}
	
.... Test generated KNOWN error:
    while executing
ptolemy.kernel.util.IllegalActionException: Found a zero delay loop containing .dependencyLoop2.original
  in .dependencyLoop2 and .dependencyLoop2.original
	at ptolemy.actor.util.CausalityInterfaceForComposites._computeOutputPortDepth(CausalityInterfaceForComposites.java:759)
	at ptolemy.actor.util.CausalityInterfaceForComposites._computeInputDepth(CausalityInterfaceForComposites.java:696)
	at ptolemy.actor.util.CausalityInterfaceForComposites._computeOutputPortDepth(CausalityInterfaceForComposites.java:765)
	at ptolemy.actor.util.CausalityInterfaceForComposites._computeInputDepth(CausalityInterfaceForComposites.java:696)
	at ptolemy.actor.util.CausalityInterfaceForComposites._computeOutputPortDepth(CausalityInterfaceForComposites.java:765)
	at ptolemy.actor.util.CausalityInterfaceForComposites._computeInputDepth(CausalityInterfaceForComposites.java:696)
	at ptolemy.actor.util.CausalityInterfaceForComposites._computeActorDepth(CausalityInterfaceForComposites.java:532)
	at ptolemy.actor.util.CausalityInterfaceForComposites.checkForCycles(CausalityInterfaceForComposites.java:96)
	at ptolemy.domains.de.kernel.DEDirector.preinitialize(DEDirector.java:1337)
	at ptolemy.actor.CompositeActor.preinitialize(CompositeActor.java:1828)
	at ptolemy.actor.Manager.preinitializeAndResolveTypes(Manager.java:1040)
	at ptolemy.actor.Manager.initialize(Manager.java:710)
	at ptolemy.actor.Manager.execute(Manager.java:356)
	at ptolemy.actor.Manager.run(Manager.java:1263)
	at ptolemy.actor.Manager$PtolemyRunThread.run(Manager.java:1915)

    while executing
ptolemy.kernel.util.IllegalActionException: Found a zero delay loop containing .dependencyLoop2.original
  in .dependencyLoop2 and .dependencyLoop2.original
    while executing
"java::new ptolemy.moml.MoMLSimpleApplication $file
"
    (procedure "createAndExecute" line 2)
    invoked from within
"createAndExecute $file"
    ("uplevel" body line 5)
    invoked from within
"uplevel $contents_of_test"
------------------ testing $PTII/ptolemy/domains/de/test/auto/knownFailedTests/HierarchicalModel.xml (Known Failure) 
10 ms. Memory: 146944K Free: 86287K (59%)


==== $PTIIhome/travis/build/icyphy/ptII/ptolemy/domains/de/test/../../../../: Auto Automatic test in file $PTII/ptolemy/domains/de/test/auto/knownFailedTests/HierarchicalModel.xml
==== Contents of test case:

	    # FIXME: we should use $relativeFilename here, but it
	    # might have backslashes under Windows, which causes no end
	    # of trouble.
	    createAndExecute $file
	    list {}
	
.... Test generated KNOWN error:
    while executing
ptolemy.kernel.util.IllegalActionException: Found a zero delay loop containing .HierarchicalModel.A
  in .HierarchicalModel and .HierarchicalModel.A
	at ptolemy.actor.util.CausalityInterfaceForComposites._computeOutputPortDepth(CausalityInterfaceForComposites.java:759)
	at ptolemy.actor.util.CausalityInterfaceForComposites._computeInputDepth(CausalityInterfaceForComposites.java:696)
	at ptolemy.actor.util.CausalityInterfaceForComposites._computeOutputPortDepth(CausalityInterfaceForComposites.java:765)
	at ptolemy.actor.util.CausalityInterfaceForComposites._computeInputDepth(CausalityInterfaceForComposites.java:696)
	at ptolemy.actor.util.CausalityInterfaceForComposites._computeOutputPortDepth(CausalityInterfaceForComposites.java:765)
	at ptolemy.actor.util.CausalityInterfaceForComposites._computeInputDepth(CausalityInterfaceForComposites.java:696)
	at ptolemy.actor.util.CausalityInterfaceForComposites._computeActorDepth(CausalityInterfaceForComposites.java:532)
	at ptolemy.actor.util.CausalityInterfaceForComposites.checkForCycles(CausalityInterfaceForComposites.java:96)
	at ptolemy.domains.de.kernel.DEDirector.preinitialize(DEDirector.java:1337)
	at ptolemy.actor.CompositeActor.preinitialize(CompositeActor.java:1828)
	at ptolemy.actor.Manager.preinitializeAndResolveTypes(Manager.java:1040)
	at ptolemy.actor.Manager.initialize(Manager.java:710)
	at ptolemy.actor.Manager.execute(Manager.java:356)
	at ptolemy.actor.Manager.run(Manager.java:1263)
	at ptolemy.actor.Manager$PtolemyRunThread.run(Manager.java:1915)

    while executing
ptolemy.kernel.util.IllegalActionException: Found a zero delay loop containing .HierarchicalModel.A
  in .HierarchicalModel and .HierarchicalModel.A
    while executing
"java::new ptolemy.moml.MoMLSimpleApplication $file
"
    (procedure "createAndExecute" line 2)
    invoked from within
"createAndExecute $file"
    ("uplevel" body line 5)
    invoked from within
"uplevel $contents_of_test"
------------------ testing $PTII/ptolemy/domains/de/test/auto/knownFailedTests/DirectFeedback.xml (Known Failure) 
4 ms. Memory: 146944K Free: 82058K (56%)


==== $PTIIhome/travis/build/icyphy/ptII/ptolemy/domains/de/test/../../../../: Auto Automatic test in file $PTII/ptolemy/domains/de/test/auto/knownFailedTests/DirectFeedback.xml
==== Contents of test case:

	    # FIXME: we should use $relativeFilename here, but it
	    # might have backslashes under Windows, which causes no end
	    # of trouble.
	    createAndExecute $file
	    list {}
	
.... Test generated KNOWN error:
    while executing
ptolemy.kernel.util.IllegalActionException: Test fails in iteration 1.
Value was: 1.0. Should have been: 2.0
  in .DirectFeedback.Test
	at ptolemy.actor.lib.Test.fire(Test.java:268)
	at ptolemy.domains.de.kernel.DEDirector._fire(DEDirector.java:1948)
	at ptolemy.domains.de.kernel.DEDirector.fire(DEDirector.java:502)
	at ptolemy.actor.CompositeActor.fire(CompositeActor.java:455)
	at ptolemy.actor.Manager.iterate(Manager.java:851)
	at ptolemy.actor.Manager.execute(Manager.java:369)
	at ptolemy.actor.Manager.run(Manager.java:1263)
	at ptolemy.actor.Manager$PtolemyRunThread.run(Manager.java:1915)

    while executing
ptolemy.kernel.util.IllegalActionException: Test fails in iteration 1.
Value was: 1.0. Should have been: 2.0
  in .DirectFeedback.Test
    while executing
"java::new ptolemy.moml.MoMLSimpleApplication $file
"
    (procedure "createAndExecute" line 2)
    invoked from within
"createAndExecute $file"
    ("uplevel" body line 5)
    invoked from within
"uplevel $contents_of_test"
------------------ testing $PTII/ptolemy/domains/de/test/auto/ActorDepthCalculation_actorWithoutPorts.xml
auto.tcl: Setting watchdog for 200 seconds at Tue May 22 23:33:02 UTC 2018
4 ms. Memory: 146944K Free: 134942K (92%)
ptolemy.util.test.WatchDog.cancel(): canceling Tue May 22 23:33:02 UTC 2018
auto.tcl: Setting watchdog for 200 seconds at Tue May 22 23:33:02 UTC 2018
4 ms. Memory: 146944K Free: 132894K (90%)
ptolemy.util.test.WatchDog.cancel(): canceling Tue May 22 23:33:02 UTC 2018
------------------ testing $PTII/ptolemy/domains/de/test/auto/AssemblyLine.xml
auto.tcl: Setting watchdog for 200 seconds at Tue May 22 23:33:03 UTC 2018
20 ms. Memory: 208384K Free: 182703K (88%)
ptolemy.util.test.WatchDog.cancel(): canceling Tue May 22 23:33:03 UTC 2018
auto.tcl: Setting watchdog for 200 seconds at Tue May 22 23:33:03 UTC 2018
7 ms. Memory: 208384K Free: 182703K (88%)
ptolemy.util.test.WatchDog.cancel(): canceling Tue May 22 23:33:03 UTC 2018
------------------ testing $PTII/ptolemy/domains/de/test/auto/CQBug1.xml
auto.tcl: Setting watchdog for 200 seconds at Tue May 22 23:33:03 UTC 2018
3 ms. Memory: 208384K Free: 197648K (95%)
ptolemy.util.test.WatchDog.cancel(): canceling Tue May 22 23:33:03 UTC 2018
auto.tcl: Setting watchdog for 200 seconds at Tue May 22 23:33:03 UTC 2018
1 ms. Memory: 208384K Free: 197648K (95%)
ptolemy.util.test.WatchDog.cancel(): canceling Tue May 22 23:33:03 UTC 2018
------------------ testing $PTII/ptolemy/domains/de/test/auto/CancelFireAt.xml
auto.tcl: Setting watchdog for 200 seconds at Tue May 22 23:33:03 UTC 2018
5 ms. Memory: 208384K Free: 201066K (96%)
ptolemy.util.test.WatchDog.cancel(): canceling Tue May 22 23:33:03 UTC 2018
auto.tcl: Setting watchdog for 200 seconds at Tue May 22 23:33:03 UTC 2018
9 ms. Memory: 208384K Free: 198930K (95%)
ptolemy.util.test.WatchDog.cancel(): canceling Tue May 22 23:33:03 UTC 2018
------------------ testing $PTII/ptolemy/domains/de/test/auto/CausalityAndComposabilityAnalysis.xml
auto.tcl: Setting watchdog for 200 seconds at Tue May 22 23:33:03 UTC 2018
6 ms. Memory: 208384K Free: 198864K (95%)
ptolemy.util.test.WatchDog.cancel(): canceling Tue May 22 23:33:03 UTC 2018
auto.tcl: Setting watchdog for 200 seconds at Tue May 22 23:33:03 UTC 2018
8 ms. Memory: 208384K Free: 196729K (94%)
ptolemy.util.test.WatchDog.cancel(): canceling Tue May 22 23:33:03 UTC 2018
------------------ testing $PTII/ptolemy/domains/de/test/auto/CausalityInterface1.xml
auto.tcl: Setting watchdog for 200 seconds at Tue May 22 23:33:03 UTC 2018
19 ms. Memory: 208384K Free: 196328K (94%)
ptolemy.util.test.WatchDog.cancel(): canceling Tue May 22 23:33:03 UTC 2018
auto.tcl: Setting watchdog for 200 seconds at Tue May 22 23:33:03 UTC 2018
4 ms. Memory: 208384K Free: 196328K (94%)
ptolemy.util.test.WatchDog.cancel(): canceling Tue May 22 23:33:03 UTC 2018
------------------ testing $PTII/ptolemy/domains/de/test/auto/CausalityInterface15.xml
auto.tcl: Setting watchdog for 200 seconds at Tue May 22 23:33:03 UTC 2018
4 ms. Memory: 208384K Free: 196318K (94%)
ptolemy.util.test.WatchDog.cancel(): canceling Tue May 22 23:33:03 UTC 2018
auto.tcl: Setting watchdog for 200 seconds at Tue May 22 23:33:03 UTC 2018
6 ms. Memory: 208384K Free: 196318K (94%)
ptolemy.util.test.WatchDog.cancel(): canceling Tue May 22 23:33:03 UTC 2018
------------------ testing $PTII/ptolemy/domains/de/test/auto/CausalityInterface2.xml
auto.tcl: Setting watchdog for 200 seconds at Tue May 22 23:33:04 UTC 2018
8 ms. Memory: 208384K Free: 196640K (94%)
ptolemy.util.test.WatchDog.cancel(): canceling Tue May 22 23:33:04 UTC 2018
auto.tcl: Setting watchdog for 200 seconds at Tue May 22 23:33:04 UTC 2018
5 ms. Memory: 208384K Free: 196640K (94%)
ptolemy.util.test.WatchDog.cancel(): canceling Tue May 22 23:33:04 UTC 2018
------------------ testing $PTII/ptolemy/domains/de/test/auto/CausalityInterface3.xml
auto.tcl: Setting watchdog for 200 seconds at Tue May 22 23:33:04 UTC 2018
8 ms. Memory: 208384K Free: 196316K (94%)
ptolemy.util.test.WatchDog.cancel(): canceling Tue May 22 23:33:04 UTC 2018
auto.tcl: Setting watchdog for 200 seconds at Tue May 22 23:33:04 UTC 2018
3 ms. Memory: 208384K Free: 196316K (94%)
ptolemy.util.test.WatchDog.cancel(): canceling Tue May 22 23:33:04 UTC 2018
------------------ testing $PTII/ptolemy/domains/de/test/auto/ClockDrift.xml
auto.tcl: Setting watchdog for 200 seconds at Tue May 22 23:33:04 UTC 2018
81 ms. Memory: 208384K Free: 187440K (90%)
ptolemy.util.test.WatchDog.cancel(): canceling Tue May 22 23:33:04 UTC 2018
auto.tcl: Setting watchdog for 200 seconds at Tue May 22 23:33:04 UTC 2018
49 ms. Memory: 208384K Free: 185304K (89%)
ptolemy.util.test.WatchDog.cancel(): canceling Tue May 22 23:33:04 UTC 2018
------------------ testing $PTII/ptolemy/domains/de/test/auto/ClockDriftAndValueChange.xml
auto.tcl: Setting watchdog for 200 seconds at Tue May 22 23:33:04 UTC 2018
43 ms. Memory: 208384K Free: 187275K (90%)
ptolemy.util.test.WatchDog.cancel(): canceling Tue May 22 23:33:04 UTC 2018
auto.tcl: Setting watchdog for 200 seconds at Tue May 22 23:33:04 UTC 2018
32 ms. Memory: 208384K Free: 185140K (89%)
ptolemy.util.test.WatchDog.cancel(): canceling Tue May 22 23:33:04 UTC 2018
------------------ testing $PTII/ptolemy/domains/de/test/auto/ClockDriftChange.xml
auto.tcl: Setting watchdog for 200 seconds at Tue May 22 23:33:04 UTC 2018
30 ms. Memory: 208384K Free: 190634K (91%)
ptolemy.util.test.WatchDog.cancel(): canceling Tue May 22 23:33:04 UTC 2018
auto.tcl: Setting watchdog for 200 seconds at Tue May 22 23:33:04 UTC 2018
26 ms. Memory: 208384K Free: 188498K (90%)
ptolemy.util.test.WatchDog.cancel(): canceling Tue May 22 23:33:04 UTC 2018
------------------ testing $PTII/ptolemy/domains/de/test/auto/ComposableCausalityAnalysis.xml
auto.tcl: Setting watchdog for 200 seconds at Tue May 22 23:33:04 UTC 2018
3 ms. Memory: 208384K Free: 196173K (94%)
ptolemy.util.test.WatchDog.cancel(): canceling Tue May 22 23:33:04 UTC 2018
auto.tcl: Setting watchdog for 200 seconds at Tue May 22 23:33:04 UTC 2018
2 ms. Memory: 208384K Free: 196173K (94%)
ptolemy.util.test.WatchDog.cancel(): canceling Tue May 22 23:33:04 UTC 2018
------------------ testing $PTII/ptolemy/domains/de/test/auto/DEFixedPointLimitation.xml
auto.tcl: Setting watchdog for 200 seconds at Tue May 22 23:33:04 UTC 2018
2 ms. Memory: 208384K Free: 198389K (95%)
ptolemy.util.test.WatchDog.cancel(): canceling Tue May 22 23:33:04 UTC 2018
auto.tcl: Setting watchdog for 200 seconds at Tue May 22 23:33:04 UTC 2018
2 ms. Memory: 208384K Free: 196253K (94%)
ptolemy.util.test.WatchDog.cancel(): canceling Tue May 22 23:33:04 UTC 2018
------------------ testing $PTII/ptolemy/domains/de/test/auto/DEScheduleTest.xml
auto.tcl: Setting watchdog for 200 seconds at Tue May 22 23:33:04 UTC 2018
5 ms. Memory: 208384K Free: 198425K (95%)
ptolemy.util.test.WatchDog.cancel(): canceling Tue May 22 23:33:05 UTC 2018
auto.tcl: Setting watchdog for 200 seconds at Tue May 22 23:33:05 UTC 2018
5 ms. Memory: 208384K Free: 196289K (94%)
ptolemy.util.test.WatchDog.cancel(): canceling Tue May 22 23:33:05 UTC 2018
------------------ testing $PTII/ptolemy/domains/de/test/auto/DEinDEwithStartTimes.xml
auto.tcl: Setting watchdog for 200 seconds at Tue May 22 23:33:05 UTC 2018
6 ms. Memory: 208384K Free: 196258K (94%)
ptolemy.util.test.WatchDog.cancel(): canceling Tue May 22 23:33:05 UTC 2018
auto.tcl: Setting watchdog for 200 seconds at Tue May 22 23:33:05 UTC 2018
3 ms. Memory: 208384K Free: 194122K (93%)
ptolemy.util.test.WatchDog.cancel(): canceling Tue May 22 23:33:05 UTC 2018
------------------ testing $PTII/ptolemy/domains/de/test/auto/DEinDEwithStartTimes2.xml
auto.tcl: Setting watchdog for 200 seconds at Tue May 22 23:33:05 UTC 2018
6 ms. Memory: 208384K Free: 196575K (94%)
ptolemy.util.test.WatchDog.cancel(): canceling Tue May 22 23:33:05 UTC 2018
auto.tcl: Setting watchdog for 200 seconds at Tue May 22 23:33:05 UTC 2018
4 ms. Memory: 208384K Free: 194102K (93%)
ptolemy.util.test.WatchDog.cancel(): canceling Tue May 22 23:33:05 UTC 2018
------------------ testing $PTII/ptolemy/domains/de/test/auto/DateDemo.xml
auto.tcl: Setting watchdog for 200 seconds at Tue May 22 23:33:05 UTC 2018
14 ms. Memory: 208384K Free: 188560K (90%)
ptolemy.util.test.WatchDog.cancel(): canceling Tue May 22 23:33:05 UTC 2018
auto.tcl: Setting watchdog for 200 seconds at Tue May 22 23:33:05 UTC 2018
11 ms. Memory: 208384K Free: 186424K (89%)
ptolemy.util.test.WatchDog.cancel(): canceling Tue May 22 23:33:05 UTC 2018
------------------ testing $PTII/ptolemy/domains/de/test/auto/DateToEvent.xml
auto.tcl: Setting watchdog for 200 seconds at Tue May 22 23:33:05 UTC 2018
2013 ms. Memory: 208384K Free: 183160K (88%)
ptolemy.util.test.WatchDog.cancel(): canceling Tue May 22 23:33:07 UTC 2018
auto.tcl: Setting watchdog for 200 seconds at Tue May 22 23:33:07 UTC 2018
2004 ms. Memory: 208384K Free: 183160K (88%)
ptolemy.util.test.WatchDog.cancel(): canceling Tue May 22 23:33:09 UTC 2018
------------------ testing $PTII/ptolemy/domains/de/test/auto/DepthTest1.xml
auto.tcl: Setting watchdog for 200 seconds at Tue May 22 23:33:09 UTC 2018
9 ms. Memory: 208384K Free: 198291K (95%)
ptolemy.util.test.WatchDog.cancel(): canceling Tue May 22 23:33:09 UTC 2018
auto.tcl: Setting watchdog for 200 seconds at Tue May 22 23:33:09 UTC 2018
1 ms. Memory: 208384K Free: 198291K (95%)
ptolemy.util.test.WatchDog.cancel(): canceling Tue May 22 23:33:09 UTC 2018
------------------ testing $PTII/ptolemy/domains/de/test/auto/DepthTest2.xml
auto.tcl: Setting watchdog for 200 seconds at Tue May 22 23:33:09 UTC 2018
3 ms. Memory: 208384K Free: 194116K (93%)
ptolemy.util.test.WatchDog.cancel(): canceling Tue May 22 23:33:09 UTC 2018
auto.tcl: Setting watchdog for 200 seconds at Tue May 22 23:33:09 UTC 2018
7 ms. Memory: 208384K Free: 194116K (93%)
ptolemy.util.test.WatchDog.cancel(): canceling Tue May 22 23:33:09 UTC 2018
------------------ testing $PTII/ptolemy/domains/de/test/auto/DepthTest3.xml
auto.tcl: Setting watchdog for 200 seconds at Tue May 22 23:33:09 UTC 2018
1 ms. Memory: 208384K Free: 198289K (95%)
ptolemy.util.test.WatchDog.cancel(): canceling Tue May 22 23:33:09 UTC 2018
auto.tcl: Setting watchdog for 200 seconds at Tue May 22 23:33:09 UTC 2018
2 ms. Memory: 208384K Free: 198289K (95%)
ptolemy.util.test.WatchDog.cancel(): canceling Tue May 22 23:33:09 UTC 2018
------------------ testing $PTII/ptolemy/domains/de/test/auto/DepthTest4.xml
auto.tcl: Setting watchdog for 200 seconds at Tue May 22 23:33:09 UTC 2018
5 ms. Memory: 208384K Free: 196238K (94%)
ptolemy.util.test.WatchDog.cancel(): canceling Tue May 22 23:33:09 UTC 2018
auto.tcl: Setting watchdog for 200 seconds at Tue May 22 23:33:09 UTC 2018
2 ms. Memory: 208384K Free: 196238K (94%)
ptolemy.util.test.WatchDog.cancel(): canceling Tue May 22 23:33:09 UTC 2018
------------------ testing $PTII/ptolemy/domains/de/test/auto/DepthTest5.xml
auto.tcl: Setting watchdog for 200 seconds at Tue May 22 23:33:09 UTC 2018
3 ms. Memory: 208384K Free: 196524K (94%)
ptolemy.util.test.WatchDog.cancel(): canceling Tue May 22 23:33:09 UTC 2018
auto.tcl: Setting watchdog for 200 seconds at Tue May 22 23:33:09 UTC 2018
2 ms. Memory: 208384K Free: 196524K (94%)
ptolemy.util.test.WatchDog.cancel(): canceling Tue May 22 23:33:09 UTC 2018
------------------ testing $PTII/ptolemy/domains/de/test/auto/DepthTest6.xml
auto.tcl: Setting watchdog for 200 seconds at Tue May 22 23:33:09 UTC 2018
8 ms. Memory: 208384K Free: 196156K (94%)
ptolemy.util.test.WatchDog.cancel(): canceling Tue May 22 23:33:09 UTC 2018
auto.tcl: Setting watchdog for 200 seconds at Tue May 22 23:33:09 UTC 2018
2 ms. Memory: 208384K Free: 196156K (94%)
ptolemy.util.test.WatchDog.cancel(): canceling Tue May 22 23:33:09 UTC 2018
------------------ testing $PTII/ptolemy/domains/de/test/auto/DepthTest7.xml
auto.tcl: Setting watchdog for 200 seconds at Tue May 22 23:33:09 UTC 2018
3 ms. Memory: 208384K Free: 196144K (94%)
ptolemy.util.test.WatchDog.cancel(): canceling Tue May 22 23:33:09 UTC 2018
auto.tcl: Setting watchdog for 200 seconds at Tue May 22 23:33:09 UTC 2018
3 ms. Memory: 208384K Free: 196144K (94%)
ptolemy.util.test.WatchDog.cancel(): canceling Tue May 22 23:33:09 UTC 2018
------------------ testing $PTII/ptolemy/domains/de/test/auto/EventToDate.xml
auto.tcl: Setting watchdog for 200 seconds at Tue May 22 23:33:09 UTC 2018
3009 ms. Memory: 208384K Free: 183029K (88%)
ptolemy.util.test.WatchDog.cancel(): canceling Tue May 22 23:33:13 UTC 2018
auto.tcl: Setting watchdog for 200 seconds at Tue May 22 23:33:13 UTC 2018
3004 ms. Memory: 208384K Free: 183029K (88%)
ptolemy.util.test.WatchDog.cancel(): canceling Tue May 22 23:33:16 UTC 2018
------------------ testing $PTII/ptolemy/domains/de/test/auto/FSM1.xml
auto.tcl: Setting watchdog for 200 seconds at Tue May 22 23:33:16 UTC 2018
24 ms. Memory: 208384K Free: 189125K (91%)
ptolemy.util.test.WatchDog.cancel(): canceling Tue May 22 23:33:16 UTC 2018
auto.tcl: Setting watchdog for 200 seconds at Tue May 22 23:33:16 UTC 2018
13 ms. Memory: 208384K Free: 184854K (89%)
ptolemy.util.test.WatchDog.cancel(): canceling Tue May 22 23:33:16 UTC 2018
------------------ testing $PTII/ptolemy/domains/de/test/auto/FSM7.xml
auto.tcl: Setting watchdog for 200 seconds at Tue May 22 23:33:16 UTC 2018
22 ms. Memory: 208384K Free: 187602K (90%)
ptolemy.util.test.WatchDog.cancel(): canceling Tue May 22 23:33:16 UTC 2018
auto.tcl: Setting watchdog for 200 seconds at Tue May 22 23:33:16 UTC 2018
18 ms. Memory: 208384K Free: 185466K (89%)
ptolemy.util.test.WatchDog.cancel(): canceling Tue May 22 23:33:16 UTC 2018
------------------ testing $PTII/ptolemy/domains/de/test/auto/Inspection.xml
auto.tcl: Setting watchdog for 200 seconds at Tue May 22 23:33:16 UTC 2018
29 ms. Memory: 208384K Free: 188743K (91%)
ptolemy.util.test.WatchDog.cancel(): canceling Tue May 22 23:33:16 UTC 2018
auto.tcl: Setting watchdog for 200 seconds at Tue May 22 23:33:16 UTC 2018
21 ms. Memory: 208384K Free: 186607K (90%)
ptolemy.util.test.WatchDog.cancel(): canceling Tue May 22 23:33:16 UTC 2018
------------------ testing $PTII/ptolemy/domains/de/test/auto/Iteration.xml
auto.tcl: Setting watchdog for 200 seconds at Tue May 22 23:33:16 UTC 2018
16 ms. Memory: 208384K Free: 196288K (94%)
ptolemy.util.test.WatchDog.cancel(): canceling Tue May 22 23:33:16 UTC 2018
auto.tcl: Setting watchdog for 200 seconds at Tue May 22 23:33:16 UTC 2018
5 ms. Memory: 208384K Free: 193815K (93%)
ptolemy.util.test.WatchDog.cancel(): canceling Tue May 22 23:33:16 UTC 2018
------------------ testing $PTII/ptolemy/domains/de/test/auto/LineFault.xml
auto.tcl: Setting watchdog for 200 seconds at Tue May 22 23:33:16 UTC 2018
686 ms. Memory: 208384K Free: 195116K (94%)
ptolemy.util.test.WatchDog.cancel(): canceling Tue May 22 23:33:17 UTC 2018
auto.tcl: Setting watchdog for 200 seconds at Tue May 22 23:33:17 UTC 2018
534 ms. Memory: 208384K Free: 138688K (67%)
ptolemy.util.test.WatchDog.cancel(): canceling Tue May 22 23:33:18 UTC 2018
------------------ testing $PTII/ptolemy/domains/de/test/auto/MergeModel1Add.xml
auto.tcl: Setting watchdog for 200 seconds at Tue May 22 23:33:18 UTC 2018
14 ms. Memory: 331264K Free: 302819K (91%)
ptolemy.util.test.WatchDog.cancel(): canceling Tue May 22 23:33:18 UTC 2018
auto.tcl: Setting watchdog for 200 seconds at Tue May 22 23:33:18 UTC 2018
13 ms. Memory: 331264K Free: 298871K (90%)
ptolemy.util.test.WatchDog.cancel(): canceling Tue May 22 23:33:18 UTC 2018
------------------ testing $PTII/ptolemy/domains/de/test/auto/MergeModel2Add.xml
auto.tcl: Setting watchdog for 200 seconds at Tue May 22 23:33:18 UTC 2018
10 ms. Memory: 331264K Free: 304158K (92%)
ptolemy.util.test.WatchDog.cancel(): canceling Tue May 22 23:33:18 UTC 2018
auto.tcl: Setting watchdog for 200 seconds at Tue May 22 23:33:18 UTC 2018
7 ms. Memory: 331264K Free: 300210K (91%)
ptolemy.util.test.WatchDog.cancel(): canceling Tue May 22 23:33:18 UTC 2018
------------------ testing $PTII/ptolemy/domains/de/test/auto/MergeModel3Add.xml
auto.tcl: Setting watchdog for 200 seconds at Tue May 22 23:33:18 UTC 2018
15 ms. Memory: 331264K Free: 304168K (92%)
ptolemy.util.test.WatchDog.cancel(): canceling Tue May 22 23:33:18 UTC 2018
auto.tcl: Setting watchdog for 200 seconds at Tue May 22 23:33:18 UTC 2018
10 ms. Memory: 331264K Free: 300221K (91%)
ptolemy.util.test.WatchDog.cancel(): canceling Tue May 22 23:33:18 UTC 2018
------------------ testing $PTII/ptolemy/domains/de/test/auto/MergeWithoutDiscard.xml
auto.tcl: Setting watchdog for 200 seconds at Tue May 22 23:33:18 UTC 2018
2 ms. Memory: 331264K Free: 316293K (95%)
ptolemy.util.test.WatchDog.cancel(): canceling Tue May 22 23:33:18 UTC 2018
auto.tcl: Setting watchdog for 200 seconds at Tue May 22 23:33:18 UTC 2018
2 ms. Memory: 331264K Free: 316293K (95%)
ptolemy.util.test.WatchDog.cancel(): canceling Tue May 22 23:33:18 UTC 2018
------------------ testing $PTII/ptolemy/domains/de/test/auto/Modal1.xml
auto.tcl: Setting watchdog for 200 seconds at Tue May 22 23:33:18 UTC 2018
17 ms. Memory: 331264K Free: 309908K (94%)
ptolemy.util.test.WatchDog.cancel(): canceling Tue May 22 23:33:18 UTC 2018
auto.tcl: Setting watchdog for 200 seconds at Tue May 22 23:33:18 UTC 2018
16 ms. Memory: 331264K Free: 305961K (92%)
ptolemy.util.test.WatchDog.cancel(): canceling Tue May 22 23:33:18 UTC 2018
------------------ testing $PTII/ptolemy/domains/de/test/auto/Modal2.xml
auto.tcl: Setting watchdog for 200 seconds at Tue May 22 23:33:18 UTC 2018
13 ms. Memory: 331264K Free: 309774K (94%)
ptolemy.util.test.WatchDog.cancel(): canceling Tue May 22 23:33:18 UTC 2018
auto.tcl: Setting watchdog for 200 seconds at Tue May 22 23:33:18 UTC 2018
10 ms. Memory: 331264K Free: 305826K (92%)
ptolemy.util.test.WatchDog.cancel(): canceling Tue May 22 23:33:18 UTC 2018
------------------ testing $PTII/ptolemy/domains/de/test/auto/Modal3.xml
auto.tcl: Setting watchdog for 200 seconds at Tue May 22 23:33:18 UTC 2018
9 ms. Memory: 331264K Free: 309780K (94%)
ptolemy.util.test.WatchDog.cancel(): canceling Tue May 22 23:33:18 UTC 2018
auto.tcl: Setting watchdog for 200 seconds at Tue May 22 23:33:18 UTC 2018
9 ms. Memory: 331264K Free: 305833K (92%)
ptolemy.util.test.WatchDog.cancel(): canceling Tue May 22 23:33:18 UTC 2018
------------------ testing $PTII/ptolemy/domains/de/test/auto/Modal4.xml
auto.tcl: Setting watchdog for 200 seconds at Tue May 22 23:33:18 UTC 2018
11 ms. Memory: 331264K Free: 309786K (94%)
ptolemy.util.test.WatchDog.cancel(): canceling Tue May 22 23:33:18 UTC 2018
auto.tcl: Setting watchdog for 200 seconds at Tue May 22 23:33:18 UTC 2018
16 ms. Memory: 331264K Free: 305838K (92%)
ptolemy.util.test.WatchDog.cancel(): canceling Tue May 22 23:33:18 UTC 2018
------------------ testing $PTII/ptolemy/domains/de/test/auto/Modal5.xml
auto.tcl: Setting watchdog for 200 seconds at Tue May 22 23:33:18 UTC 2018
15 ms. Memory: 331264K Free: 309773K (94%)
ptolemy.util.test.WatchDog.cancel(): canceling Tue May 22 23:33:18 UTC 2018
auto.tcl: Setting watchdog for 200 seconds at Tue May 22 23:33:18 UTC 2018
11 ms. Memory: 331264K Free: 305825K (92%)
ptolemy.util.test.WatchDog.cancel(): canceling Tue May 22 23:33:18 UTC 2018
------------------ testing $PTII/ptolemy/domains/de/test/auto/Modal6.xml
auto.tcl: Setting watchdog for 200 seconds at Tue May 22 23:33:19 UTC 2018
15 ms. Memory: 331264K Free: 310056K (94%)
ptolemy.util.test.WatchDog.cancel(): canceling Tue May 22 23:33:19 UTC 2018
auto.tcl: Setting watchdog for 200 seconds at Tue May 22 23:33:19 UTC 2018
14 ms. Memory: 331264K Free: 306108K (92%)
ptolemy.util.test.WatchDog.cancel(): canceling Tue May 22 23:33:19 UTC 2018
------------------ testing $PTII/ptolemy/domains/de/test/auto/Modal7.xml
auto.tcl: Setting watchdog for 200 seconds at Tue May 22 23:33:19 UTC 2018
13 ms. Memory: 331264K Free: 309771K (94%)
ptolemy.util.test.WatchDog.cancel(): canceling Tue May 22 23:33:19 UTC 2018
auto.tcl: Setting watchdog for 200 seconds at Tue May 22 23:33:19 UTC 2018
11 ms. Memory: 331264K Free: 305823K (92%)
ptolemy.util.test.WatchDog.cancel(): canceling Tue May 22 23:33:19 UTC 2018
------------------ testing $PTII/ptolemy/domains/de/test/auto/ModalModel.xml
auto.tcl: Setting watchdog for 200 seconds at Tue May 22 23:33:19 UTC 2018
147 ms. Memory: 331264K Free: 246286K (74%)
ptolemy.util.test.WatchDog.cancel(): canceling Tue May 22 23:33:19 UTC 2018
auto.tcl: Setting watchdog for 200 seconds at Tue May 22 23:33:19 UTC 2018
163 ms. Memory: 331264K Free: 191022K (58%)
ptolemy.util.test.WatchDog.cancel(): canceling Tue May 22 23:33:19 UTC 2018
------------------ testing $PTII/ptolemy/domains/de/test/auto/ModalSource.xml
auto.tcl: Setting watchdog for 200 seconds at Tue May 22 23:33:19 UTC 2018
6 ms. Memory: 331264K Free: 316557K (96%)
ptolemy.util.test.WatchDog.cancel(): canceling Tue May 22 23:33:19 UTC 2018
auto.tcl: Setting watchdog for 200 seconds at Tue May 22 23:33:19 UTC 2018
5 ms. Memory: 331264K Free: 313042K (94%)
ptolemy.util.test.WatchDog.cancel(): canceling Tue May 22 23:33:19 UTC 2018
------------------ testing $PTII/ptolemy/domains/de/test/auto/NonInterruptibleTimerZeroDelay.xml
auto.tcl: Setting watchdog for 200 seconds at Tue May 22 23:33:19 UTC 2018
4 ms. Memory: 331264K Free: 320910K (97%)
ptolemy.util.test.WatchDog.cancel(): canceling Tue May 22 23:33:19 UTC 2018
auto.tcl: Setting watchdog for 200 seconds at Tue May 22 23:33:19 UTC 2018
2 ms. Memory: 331264K Free: 317395K (96%)
ptolemy.util.test.WatchDog.cancel(): canceling Tue May 22 23:33:19 UTC 2018
------------------ testing $PTII/ptolemy/domains/de/test/auto/OpenQueueingNetwork.xml
auto.tcl: Setting watchdog for 200 seconds at Tue May 22 23:33:19 UTC 2018
3023 ms. Memory: 573952K Free: 359972K (63%)
ptolemy.util.test.WatchDog.cancel(): canceling Tue May 22 23:33:22 UTC 2018
auto.tcl: Setting watchdog for 200 seconds at Tue May 22 23:33:22 UTC 2018
2609 ms. Memory: 550912K Free: 221189K (40%)
ptolemy.util.test.WatchDog.cancel(): canceling Tue May 22 23:33:25 UTC 2018
------------------ testing $PTII/ptolemy/domains/de/test/auto/OpenQueuingNetwork.xml
auto.tcl: Setting watchdog for 200 seconds at Tue May 22 23:33:25 UTC 2018
260 ms. Memory: 549888K Free: 445786K (81%)
ptolemy.util.test.WatchDog.cancel(): canceling Tue May 22 23:33:26 UTC 2018
auto.tcl: Setting watchdog for 200 seconds at Tue May 22 23:33:26 UTC 2018
254 ms. Memory: 549888K Free: 380689K (69%)
ptolemy.util.test.WatchDog.cancel(): canceling Tue May 22 23:33:26 UTC 2018
------------------ testing $PTII/ptolemy/domains/de/test/auto/PeriodicSampler.xml
auto.tcl: Setting watchdog for 200 seconds at Tue May 22 23:33:26 UTC 2018
2 ms. Memory: 551936K Free: 531087K (96%)
ptolemy.util.test.WatchDog.cancel(): canceling Tue May 22 23:33:26 UTC 2018
auto.tcl: Setting watchdog for 200 seconds at Tue May 22 23:33:26 UTC 2018
1 ms. Memory: 551936K Free: 531087K (96%)
ptolemy.util.test.WatchDog.cancel(): canceling Tue May 22 23:33:26 UTC 2018
------------------ testing $PTII/ptolemy/domains/de/test/auto/PersistentIO.xml
auto.tcl: Setting watchdog for 200 seconds at Tue May 22 23:33:26 UTC 2018
6 ms. Memory: 549376K Free: 522617K (95%)
ptolemy.util.test.WatchDog.cancel(): canceling Tue May 22 23:33:26 UTC 2018
auto.tcl: Setting watchdog for 200 seconds at Tue May 22 23:33:26 UTC 2018
3 ms. Memory: 549376K Free: 522617K (95%)
ptolemy.util.test.WatchDog.cancel(): canceling Tue May 22 23:33:26 UTC 2018
------------------ testing $PTII/ptolemy/domains/de/test/auto/PortParameterResetOnInitialize.xml
auto.tcl: Setting watchdog for 200 seconds at Tue May 22 23:33:26 UTC 2018
2 ms. Memory: 551424K Free: 530806K (96%)
ptolemy.util.test.WatchDog.cancel(): canceling Tue May 22 23:33:26 UTC 2018
auto.tcl: Setting watchdog for 200 seconds at Tue May 22 23:33:26 UTC 2018
2 ms. Memory: 551424K Free: 530806K (96%)
ptolemy.util.test.WatchDog.cancel(): canceling Tue May 22 23:33:26 UTC 2018
------------------ testing $PTII/ptolemy/domains/de/test/auto/PortParameterUpdates.xml
auto.tcl: Setting watchdog for 200 seconds at Tue May 22 23:33:26 UTC 2018
5 ms. Memory: 549376K Free: 533801K (97%)
ptolemy.util.test.WatchDog.cancel(): canceling Tue May 22 23:33:26 UTC 2018
auto.tcl: Setting watchdog for 200 seconds at Tue May 22 23:33:26 UTC 2018
3 ms. Memory: 549376K Free: 527292K (96%)
ptolemy.util.test.WatchDog.cancel(): canceling Tue May 22 23:33:26 UTC 2018
------------------ testing $PTII/ptolemy/domains/de/test/auto/QueueAndServer.xml
auto.tcl: Setting watchdog for 200 seconds at Tue May 22 23:33:26 UTC 2018
18 ms. Memory: 551424K Free: 535583K (97%)
ptolemy.util.test.WatchDog.cancel(): canceling Tue May 22 23:33:26 UTC 2018
auto.tcl: Setting watchdog for 200 seconds at Tue May 22 23:33:26 UTC 2018
6 ms. Memory: 551424K Free: 529073K (96%)
ptolemy.util.test.WatchDog.cancel(): canceling Tue May 22 23:33:26 UTC 2018
------------------ testing $PTII/ptolemy/domains/de/test/auto/Records.xml
auto.tcl: Setting watchdog for 200 seconds at Tue May 22 23:33:26 UTC 2018
9 ms. Memory: 549376K Free: 533475K (97%)
ptolemy.util.test.WatchDog.cancel(): canceling Tue May 22 23:33:26 UTC 2018
auto.tcl: Setting watchdog for 200 seconds at Tue May 22 23:33:26 UTC 2018
2 ms. Memory: 549376K Free: 533475K (97%)
ptolemy.util.test.WatchDog.cancel(): canceling Tue May 22 23:33:26 UTC 2018
------------------ testing $PTII/ptolemy/domains/de/test/auto/ResetTransitionWithStartTime1.xml
auto.tcl: Setting watchdog for 200 seconds at Tue May 22 23:33:26 UTC 2018
12 ms. Memory: 551424K Free: 529268K (96%)
ptolemy.util.test.WatchDog.cancel(): canceling Tue May 22 23:33:26 UTC 2018
auto.tcl: Setting watchdog for 200 seconds at Tue May 22 23:33:26 UTC 2018
5 ms. Memory: 551424K Free: 529039K (96%)
ptolemy.util.test.WatchDog.cancel(): canceling Tue May 22 23:33:26 UTC 2018
------------------ testing $PTII/ptolemy/domains/de/test/auto/ResetTransitionWithStartTime2.xml
auto.tcl: Setting watchdog for 200 seconds at Tue May 22 23:33:26 UTC 2018
5 ms. Memory: 549376K Free: 527211K (96%)
ptolemy.util.test.WatchDog.cancel(): canceling Tue May 22 23:33:26 UTC 2018
auto.tcl: Setting watchdog for 200 seconds at Tue May 22 23:33:26 UTC 2018
5 ms. Memory: 549376K Free: 527211K (96%)
ptolemy.util.test.WatchDog.cancel(): canceling Tue May 22 23:33:26 UTC 2018
------------------ testing $PTII/ptolemy/domains/de/test/auto/ResetTransitionWithStartTime3.xml
auto.tcl: Setting watchdog for 200 seconds at Tue May 22 23:33:26 UTC 2018
4 ms. Memory: 550912K Free: 528516K (96%)
ptolemy.util.test.WatchDog.cancel(): canceling Tue May 22 23:33:26 UTC 2018
auto.tcl: Setting watchdog for 200 seconds at Tue May 22 23:33:26 UTC 2018
6 ms. Memory: 550912K Free: 528516K (96%)
ptolemy.util.test.WatchDog.cancel(): canceling Tue May 22 23:33:26 UTC 2018
------------------ testing $PTII/ptolemy/domains/de/test/auto/ResetTransitionWithStartTime4.xml
auto.tcl: Setting watchdog for 200 seconds at Tue May 22 23:33:26 UTC 2018
5 ms. Memory: 549376K Free: 526979K (96%)
ptolemy.util.test.WatchDog.cancel(): canceling Tue May 22 23:33:26 UTC 2018
auto.tcl: Setting watchdog for 200 seconds at Tue May 22 23:33:26 UTC 2018
3 ms. Memory: 549376K Free: 526979K (96%)
ptolemy.util.test.WatchDog.cancel(): canceling Tue May 22 23:33:26 UTC 2018
------------------ testing $PTII/ptolemy/domains/de/test/auto/ResettableTimer1.xml
auto.tcl: Setting watchdog for 200 seconds at Tue May 22 23:33:27 UTC 2018
2 ms. Memory: 550912K Free: 535020K (97%)
ptolemy.util.test.WatchDog.cancel(): canceling Tue May 22 23:33:27 UTC 2018
auto.tcl: Setting watchdog for 200 seconds at Tue May 22 23:33:27 UTC 2018
2 ms. Memory: 550912K Free: 535020K (97%)
ptolemy.util.test.WatchDog.cancel(): canceling Tue May 22 23:33:27 UTC 2018
------------------ testing $PTII/ptolemy/domains/de/test/auto/ResettableTimer2.xml
auto.tcl: Setting watchdog for 200 seconds at Tue May 22 23:33:27 UTC 2018
2 ms. Memory: 549376K Free: 533772K (97%)
ptolemy.util.test.WatchDog.cancel(): canceling Tue May 22 23:33:27 UTC 2018
auto.tcl: Setting watchdog for 200 seconds at Tue May 22 23:33:27 UTC 2018
2 ms. Memory: 549376K Free: 533772K (97%)
ptolemy.util.test.WatchDog.cancel(): canceling Tue May 22 23:33:27 UTC 2018
------------------ testing $PTII/ptolemy/domains/de/test/auto/ResettableTimer3.xml
auto.tcl: Setting watchdog for 200 seconds at Tue May 22 23:33:27 UTC 2018
1 ms. Memory: 550912K Free: 535077K (97%)
ptolemy.util.test.WatchDog.cancel(): canceling Tue May 22 23:33:27 UTC 2018
auto.tcl: Setting watchdog for 200 seconds at Tue May 22 23:33:27 UTC 2018
1 ms. Memory: 550912K Free: 535077K (97%)
ptolemy.util.test.WatchDog.cancel(): canceling Tue May 22 23:33:27 UTC 2018
------------------ testing $PTII/ptolemy/domains/de/test/auto/ResettableTimer4.xml
auto.tcl: Setting watchdog for 200 seconds at Tue May 22 23:33:27 UTC 2018
2 ms. Memory: 549376K Free: 533784K (97%)
ptolemy.util.test.WatchDog.cancel(): canceling Tue May 22 23:33:27 UTC 2018
auto.tcl: Setting watchdog for 200 seconds at Tue May 22 23:33:27 UTC 2018
1 ms. Memory: 549376K Free: 533784K (97%)
ptolemy.util.test.WatchDog.cancel(): canceling Tue May 22 23:33:27 UTC 2018
------------------ testing $PTII/ptolemy/domains/de/test/auto/ResettableTimer5.xml
auto.tcl: Setting watchdog for 200 seconds at Tue May 22 23:33:27 UTC 2018
1 ms. Memory: 550400K Free: 530126K (96%)
ptolemy.util.test.WatchDog.cancel(): canceling Tue May 22 23:33:27 UTC 2018
auto.tcl: Setting watchdog for 200 seconds at Tue May 22 23:33:27 UTC 2018
1 ms. Memory: 550400K Free: 530126K (96%)
ptolemy.util.test.WatchDog.cancel(): canceling Tue May 22 23:33:27 UTC 2018
------------------ testing $PTII/ptolemy/domains/de/test/auto/ResettableTimer6.xml
auto.tcl: Setting watchdog for 200 seconds at Tue May 22 23:33:27 UTC 2018
1 ms. Memory: 549376K Free: 528822K (96%)
ptolemy.util.test.WatchDog.cancel(): canceling Tue May 22 23:33:27 UTC 2018
auto.tcl: Setting watchdog for 200 seconds at Tue May 22 23:33:27 UTC 2018
1 ms. Memory: 549376K Free: 528822K (96%)
ptolemy.util.test.WatchDog.cancel(): canceling Tue May 22 23:33:27 UTC 2018
------------------ testing $PTII/ptolemy/domains/de/test/auto/ServerZeroDelay.xml
auto.tcl: Setting watchdog for 200 seconds at Tue May 22 23:33:27 UTC 2018
3 ms. Memory: 550400K Free: 534746K (97%)
ptolemy.util.test.WatchDog.cancel(): canceling Tue May 22 23:33:27 UTC 2018
auto.tcl: Setting watchdog for 200 seconds at Tue May 22 23:33:27 UTC 2018
2 ms. Memory: 550400K Free: 534746K (97%)
ptolemy.util.test.WatchDog.cancel(): canceling Tue May 22 23:33:27 UTC 2018
------------------ testing $PTII/ptolemy/domains/de/test/auto/SmartSender.xml
auto.tcl: Setting watchdog for 200 seconds at Tue May 22 23:33:27 UTC 2018
3001 ms. Memory: 549376K Free: 529037K (96%)
ptolemy.util.test.WatchDog.cancel(): canceling Tue May 22 23:33:30 UTC 2018
auto.tcl: Setting watchdog for 200 seconds at Tue May 22 23:33:30 UTC 2018
3001 ms. Memory: 549376K Free: 529037K (96%)
ptolemy.util.test.WatchDog.cancel(): canceling Tue May 22 23:33:33 UTC 2018
------------------ testing $PTII/ptolemy/domains/de/test/auto/ThreadedComposite.xml
auto.tcl: Setting watchdog for 200 seconds at Tue May 22 23:33:33 UTC 2018
227 ms. Memory: 550400K Free: 513976K (93%)
ptolemy.util.test.WatchDog.cancel(): canceling Tue May 22 23:33:33 UTC 2018
auto.tcl: Setting watchdog for 200 seconds at Tue May 22 23:33:33 UTC 2018
168 ms. Memory: 550400K Free: 488732K (89%)
ptolemy.util.test.WatchDog.cancel(): canceling Tue May 22 23:33:33 UTC 2018
------------------ testing $PTII/ptolemy/domains/de/test/auto/Time.xml
auto.tcl: Setting watchdog for 200 seconds at Tue May 22 23:33:33 UTC 2018
494 ms. Memory: 549376K Free: 477055K (87%)
ptolemy.util.test.WatchDog.cancel(): canceling Tue May 22 23:33:34 UTC 2018
auto.tcl: Setting watchdog for 200 seconds at Tue May 22 23:33:34 UTC 2018
499 ms. Memory: 549376K Free: 418468K (76%)
ptolemy.util.test.WatchDog.cancel(): canceling Tue May 22 23:33:34 UTC 2018
------------------ testing $PTII/ptolemy/domains/de/test/auto/TimeDelayZeroDelay.xml
auto.tcl: Setting watchdog for 200 seconds at Tue May 22 23:33:34 UTC 2018
1 ms. Memory: 550400K Free: 534426K (97%)
ptolemy.util.test.WatchDog.cancel(): canceling Tue May 22 23:33:34 UTC 2018
auto.tcl: Setting watchdog for 200 seconds at Tue May 22 23:33:34 UTC 2018
2 ms. Memory: 550400K Free: 534426K (97%)
ptolemy.util.test.WatchDog.cancel(): canceling Tue May 22 23:33:34 UTC 2018
------------------ testing $PTII/ptolemy/domains/de/test/auto/TimerZeroDelay.xml
auto.tcl: Setting watchdog for 200 seconds at Tue May 22 23:33:35 UTC 2018
2 ms. Memory: 549376K Free: 533675K (97%)
ptolemy.util.test.WatchDog.cancel(): canceling Tue May 22 23:33:35 UTC 2018
auto.tcl: Setting watchdog for 200 seconds at Tue May 22 23:33:35 UTC 2018
2 ms. Memory: 549376K Free: 533675K (97%)
ptolemy.util.test.WatchDog.cancel(): canceling Tue May 22 23:33:35 UTC 2018
------------------ testing $PTII/ptolemy/domains/de/test/auto/TimingParadox.xml
auto.tcl: Setting watchdog for 200 seconds at Tue May 22 23:33:35 UTC 2018
342 ms. Memory: 549888K Free: 463915K (84%)
ptolemy.util.test.WatchDog.cancel(): canceling Tue May 22 23:33:35 UTC 2018
auto.tcl: Setting watchdog for 200 seconds at Tue May 22 23:33:35 UTC 2018
321 ms. Memory: 549888K Free: 424858K (77%)
ptolemy.util.test.WatchDog.cancel(): canceling Tue May 22 23:33:35 UTC 2018
------------------ testing $PTII/ptolemy/domains/de/test/auto/TransferInputs.xml
auto.tcl: Setting watchdog for 200 seconds at Tue May 22 23:33:35 UTC 2018
3 ms. Memory: 549888K Free: 533091K (97%)
ptolemy.util.test.WatchDog.cancel(): canceling Tue May 22 23:33:35 UTC 2018
auto.tcl: Setting watchdog for 200 seconds at Tue May 22 23:33:35 UTC 2018
1 ms. Memory: 549888K Free: 533091K (97%)
ptolemy.util.test.WatchDog.cancel(): canceling Tue May 22 23:33:35 UTC 2018
------------------ testing $PTII/ptolemy/domains/de/test/auto/TransferOutputs2.xml
auto.tcl: Setting watchdog for 200 seconds at Tue May 22 23:33:35 UTC 2018
3 ms. Memory: 549376K Free: 522491K (95%)
ptolemy.util.test.WatchDog.cancel(): canceling Tue May 22 23:33:35 UTC 2018
auto.tcl: Setting watchdog for 200 seconds at Tue May 22 23:33:35 UTC 2018
3 ms. Memory: 549376K Free: 522491K (95%)
ptolemy.util.test.WatchDog.cancel(): canceling Tue May 22 23:33:35 UTC 2018
------------------ testing $PTII/ptolemy/domains/de/test/auto/Trilateration.xml
auto.tcl: Setting watchdog for 200 seconds at Tue May 22 23:33:36 UTC 2018
12875 ms. Memory: 766976K Free: 170872K (22%)
ptolemy.util.test.WatchDog.cancel(): canceling Tue May 22 23:33:49 UTC 2018
auto.tcl: Setting watchdog for 200 seconds at Tue May 22 23:33:49 UTC 2018
10428 ms. Memory: 623104K Free: 566295K (91%)
ptolemy.util.test.WatchDog.cancel(): canceling Tue May 22 23:34:00 UTC 2018
------------------ testing $PTII/ptolemy/domains/de/test/auto/TwoSigmaDelta.xml
auto.tcl: Setting watchdog for 200 seconds at Tue May 22 23:34:00 UTC 2018
2519 ms. Memory: 619520K Free: 304173K (49%)
ptolemy.util.test.WatchDog.cancel(): canceling Tue May 22 23:34:03 UTC 2018
auto.tcl: Setting watchdog for 200 seconds at Tue May 22 23:34:03 UTC 2018
2160 ms. Memory: 619520K Free: 66939K (11%)
ptolemy.util.test.WatchDog.cancel(): canceling Tue May 22 23:34:05 UTC 2018
------------------ testing $PTII/ptolemy/domains/de/test/auto/VariableDelay.xml
auto.tcl: Setting watchdog for 200 seconds at Tue May 22 23:34:05 UTC 2018
3 ms. Memory: 623104K Free: 599018K (96%)
ptolemy.util.test.WatchDog.cancel(): canceling Tue May 22 23:34:05 UTC 2018
auto.tcl: Setting watchdog for 200 seconds at Tue May 22 23:34:05 UTC 2018
2 ms. Memory: 623104K Free: 599018K (96%)
ptolemy.util.test.WatchDog.cancel(): canceling Tue May 22 23:34:05 UTC 2018
------------------ testing $PTII/ptolemy/domains/de/test/auto/VariableDelay2.xml
auto.tcl: Setting watchdog for 200 seconds at Tue May 22 23:34:05 UTC 2018
3 ms. Memory: 619520K Free: 601259K (97%)
ptolemy.util.test.WatchDog.cancel(): canceling Tue May 22 23:34:05 UTC 2018
auto.tcl: Setting watchdog for 200 seconds at Tue May 22 23:34:05 UTC 2018
1 ms. Memory: 619520K Free: 601259K (97%)
ptolemy.util.test.WatchDog.cancel(): canceling Tue May 22 23:34:05 UTC 2018
------------------ testing $PTII/ptolemy/domains/de/test/auto/VariableDelayZeroDelay.xml
auto.tcl: Setting watchdog for 200 seconds at Tue May 22 23:34:05 UTC 2018
2 ms. Memory: 622592K Free: 598949K (96%)
ptolemy.util.test.WatchDog.cancel(): canceling Tue May 22 23:34:05 UTC 2018
auto.tcl: Setting watchdog for 200 seconds at Tue May 22 23:34:05 UTC 2018
2 ms. Memory: 622592K Free: 598949K (96%)
ptolemy.util.test.WatchDog.cancel(): canceling Tue May 22 23:34:05 UTC 2018
------------------ testing $PTII/ptolemy/domains/de/test/auto/VariableDelayZeroDelay2.xml
auto.tcl: Setting watchdog for 200 seconds at Tue May 22 23:34:05 UTC 2018
2 ms. Memory: 619520K Free: 595875K (96%)
ptolemy.util.test.WatchDog.cancel(): canceling Tue May 22 23:34:05 UTC 2018
auto.tcl: Setting watchdog for 200 seconds at Tue May 22 23:34:05 UTC 2018
2 ms. Memory: 619520K Free: 595875K (96%)
ptolemy.util.test.WatchDog.cancel(): canceling Tue May 22 23:34:05 UTC 2018
------------------ testing $PTII/ptolemy/domains/de/test/auto/deInCt.xml
auto.tcl: Setting watchdog for 200 seconds at Tue May 22 23:34:05 UTC 2018
0
1
1
1
0
0
0
1
1
1
0
0
0
1
1
1
0
0
0
0
1
1
1
0
0
0
1
1
1
1
0
0
0
0
9 ms. Memory: 622080K Free: 598402K (96%)
ptolemy.util.test.WatchDog.cancel(): canceling Tue May 22 23:34:05 UTC 2018
auto.tcl: Setting watchdog for 200 seconds at Tue May 22 23:34:05 UTC 2018
0
1
1
1
0
0
0
1
1
1
0
0
0
0
0
1
1
1
0
0
0
1
1
1
0
0
0
1
1
1
0
0
0
1
1
1
0
0
0
0
1
1
1
1
8 ms. Memory: 622080K Free: 598402K (96%)
ptolemy.util.test.WatchDog.cancel(): canceling Tue May 22 23:34:05 UTC 2018
------------------ testing $PTII/ptolemy/domains/de/test/auto/deInCt2.xml
auto.tcl: Setting watchdog for 200 seconds at Tue May 22 23:34:05 UTC 2018
0
1
1
1
0
0
1
1
1
0
0
1
1
1
0
0
1
1
1
0
0
1
1
1
0
0
1
1
1
0
0
1
1
1
0
0
1
1
1
0
0
0
5 ms. Memory: 619520K Free: 595872K (96%)
ptolemy.util.test.WatchDog.cancel(): canceling Tue May 22 23:34:05 UTC 2018
auto.tcl: Setting watchdog for 200 seconds at Tue May 22 23:34:05 UTC 2018
0
1
1
1
0
0
1
1
1
0
0
1
1
1
0
0
1
1
1
0
0
1
1
1
0
0
1
1
1
0
0
1
1
1
0
0
1
1
1
0
0
0
5 ms. Memory: 619520K Free: 595872K (96%)
ptolemy.util.test.WatchDog.cancel(): canceling Tue May 22 23:34:05 UTC 2018
------------------ testing $PTII/ptolemy/domains/de/test/auto/dynamicCausalityInterface1.xml
auto.tcl: Setting watchdog for 200 seconds at Tue May 22 23:34:05 UTC 2018
1 ms. Memory: 621568K Free: 589685K (95%)
ptolemy.util.test.WatchDog.cancel(): canceling Tue May 22 23:34:05 UTC 2018
auto.tcl: Setting watchdog for 200 seconds at Tue May 22 23:34:05 UTC 2018
1 ms. Memory: 621568K Free: 589685K (95%)
ptolemy.util.test.WatchDog.cancel(): canceling Tue May 22 23:34:05 UTC 2018
------------------ testing $PTII/ptolemy/domains/de/test/auto/fsm_de_test.xml
auto.tcl: Setting watchdog for 200 seconds at Tue May 22 23:34:05 UTC 2018
7 ms. Memory: 619520K Free: 595763K (96%)
ptolemy.util.test.WatchDog.cancel(): canceling Tue May 22 23:34:05 UTC 2018
auto.tcl: Setting watchdog for 200 seconds at Tue May 22 23:34:05 UTC 2018
5 ms. Memory: 619520K Free: 587524K (95%)
ptolemy.util.test.WatchDog.cancel(): canceling Tue May 22 23:34:05 UTC 2018
------------------ testing $PTII/ptolemy/domains/de/test/auto/functionDependencyReconstruction.xml
auto.tcl: Setting watchdog for 200 seconds at Tue May 22 23:34:05 UTC 2018
2 ms. Memory: 621568K Free: 589555K (95%)
ptolemy.util.test.WatchDog.cancel(): canceling Tue May 22 23:34:05 UTC 2018
auto.tcl: Setting watchdog for 200 seconds at Tue May 22 23:34:05 UTC 2018
3 ms. Memory: 621568K Free: 581324K (94%)
ptolemy.util.test.WatchDog.cancel(): canceling Tue May 22 23:34:05 UTC 2018
------------------ testing $PTII/ptolemy/domains/de/test/auto/multirate.xml
auto.tcl: Setting watchdog for 200 seconds at Tue May 22 23:34:05 UTC 2018
6 ms. Memory: 619520K Free: 595630K (96%)
ptolemy.util.test.WatchDog.cancel(): canceling Tue May 22 23:34:05 UTC 2018
auto.tcl: Setting watchdog for 200 seconds at Tue May 22 23:34:05 UTC 2018
3 ms. Memory: 619520K Free: 595599K (96%)
ptolemy.util.test.WatchDog.cancel(): canceling Tue May 22 23:34:05 UTC 2018
------------------ testing $PTII/ptolemy/domains/de/test/auto/multirate2.xml
auto.tcl: Setting watchdog for 200 seconds at Tue May 22 23:34:05 UTC 2018
2 ms. Memory: 621056K Free: 597324K (96%)
ptolemy.util.test.WatchDog.cancel(): canceling Tue May 22 23:34:05 UTC 2018
auto.tcl: Setting watchdog for 200 seconds at Tue May 22 23:34:05 UTC 2018
2 ms. Memory: 621056K Free: 597324K (96%)
ptolemy.util.test.WatchDog.cancel(): canceling Tue May 22 23:34:05 UTC 2018
------------------ testing $PTII/ptolemy/domains/de/test/auto/realtime.xml
auto.tcl: Setting watchdog for 200 seconds at Tue May 22 23:34:06 UTC 2018
10001 ms. Memory: 619520K Free: 601198K (97%)
ptolemy.util.test.WatchDog.cancel(): canceling Tue May 22 23:34:16 UTC 2018
auto.tcl: Setting watchdog for 200 seconds at Tue May 22 23:34:16 UTC 2018
10003 ms. Memory: 619520K Free: 601198K (97%)
ptolemy.util.test.WatchDog.cancel(): canceling Tue May 22 23:34:26 UTC 2018
------------------ testing $PTII/ptolemy/domains/de/test/auto/relationGroup.xml
auto.tcl: Setting watchdog for 200 seconds at Tue May 22 23:34:26 UTC 2018
2 ms. Memory: 621056K Free: 597379K (96%)
ptolemy.util.test.WatchDog.cancel(): canceling Tue May 22 23:34:26 UTC 2018
auto.tcl: Setting watchdog for 200 seconds at Tue May 22 23:34:26 UTC 2018
1 ms. Memory: 621056K Free: 597379K (96%)
ptolemy.util.test.WatchDog.cancel(): canceling Tue May 22 23:34:26 UTC 2018
------------------ testing $PTII/ptolemy/domains/de/test/auto/relationGroup2.xml
auto.tcl: Setting watchdog for 200 seconds at Tue May 22 23:34:26 UTC 2018
5 ms. Memory: 619520K Free: 595870K (96%)
ptolemy.util.test.WatchDog.cancel(): canceling Tue May 22 23:34:26 UTC 2018
auto.tcl: Setting watchdog for 200 seconds at Tue May 22 23:34:26 UTC 2018
1 ms. Memory: 619520K Free: 595870K (96%)
ptolemy.util.test.WatchDog.cancel(): canceling Tue May 22 23:34:26 UTC 2018
------------------ testing $PTII/ptolemy/domains/de/test/auto/sortWithOpaquePorts.xml
auto.tcl: Setting watchdog for 200 seconds at Tue May 22 23:34:26 UTC 2018
2 ms. Memory: 620544K Free: 596895K (96%)
ptolemy.util.test.WatchDog.cancel(): canceling Tue May 22 23:34:26 UTC 2018
auto.tcl: Setting watchdog for 200 seconds at Tue May 22 23:34:26 UTC 2018
1 ms. Memory: 620544K Free: 596895K (96%)
ptolemy.util.test.WatchDog.cancel(): canceling Tue May 22 23:34:26 UTC 2018
------------------ testing $PTII/ptolemy/domains/de/test/auto/transferInputsandOutputs.xml
auto.tcl: Setting watchdog for 200 seconds at Tue May 22 23:34:26 UTC 2018
3 ms. Memory: 619520K Free: 595858K (96%)
ptolemy.util.test.WatchDog.cancel(): canceling Tue May 22 23:34:26 UTC 2018
auto.tcl: Setting watchdog for 200 seconds at Tue May 22 23:34:26 UTC 2018
2 ms. Memory: 619520K Free: 595858K (96%)
ptolemy.util.test.WatchDog.cancel(): canceling Tue May 22 23:34:26 UTC 2018
------------------ testing $PTII/ptolemy/domains/de/test/auto/triggerType.xml
auto.tcl: Setting watchdog for 200 seconds at Tue May 22 23:34:26 UTC 2018
1 ms. Memory: 620544K Free: 596832K (96%)
ptolemy.util.test.WatchDog.cancel(): canceling Tue May 22 23:34:26 UTC 2018
auto.tcl: Setting watchdog for 200 seconds at Tue May 22 23:34:26 UTC 2018
2 ms. Memory: 620544K Free: 596832K (96%)
ptolemy.util.test.WatchDog.cancel(): canceling Tue May 22 23:34:26 UTC 2018
05/22/18 11:34:26
Failed: 0  Total Tests: 192  ((Passed: 187, Newly Passed: 1)  Known Failed: 5) /home/travis/build/icyphy/ptII/ptolemy/domains/de/test
05/22/18 11:34:26
Failed: 0  Total Tests: 192  ((Passed: 187, Newly Passed: 1)  Known Failed: 5) /home/travis/build/icyphy/ptII/ptolemy/domains/de/test
----------------- testing (KnownFailure) /home/travis/build/icyphy/ptII/ptolemy/domains/de/test/auto/knownFailedTests/DESDFClockTest.xml
2008 ms. Memory: 619520K Free: 585100K (94%)
Known Failure: java.lang.reflect.InvocationTargetException
----------------- testing (KnownFailure) /home/travis/build/icyphy/ptII/ptolemy/domains/de/test/auto/knownFailedTests/DirectFeedback.xml
1 ms. Memory: 619520K Free: 542050K (87%)
Known Failure: java.lang.reflect.InvocationTargetException
----------------- testing (KnownFailure) /home/travis/build/icyphy/ptII/ptolemy/domains/de/test/auto/knownFailedTests/FSMSource.xml
5 ms. Memory: 619520K Free: 499001K (81%)
----------------- testing (KnownFailure) /home/travis/build/icyphy/ptII/ptolemy/domains/de/test/auto/knownFailedTests/HierarchicalModel.xml
1 ms. Memory: 619520K Free: 466676K (75%)
Known Failure: java.lang.reflect.InvocationTargetException
----------------- testing (KnownFailure) /home/travis/build/icyphy/ptII/ptolemy/domains/de/test/auto/knownFailedTests/dependencyLoop.xml
2 ms. Memory: 619520K Free: 412848K (67%)
Known Failure: java.lang.reflect.InvocationTargetException
----------------- testing (KnownFailure) /home/travis/build/icyphy/ptII/ptolemy/domains/de/test/auto/knownFailedTests/dependencyLoop2.xml
2 ms. Memory: 619520K Free: 359021K (58%)
Known Failure: java.lang.reflect.InvocationTargetException
No auto/*.xml tests in /home/travis/build/icyphy/ptII/ptolemy/domains/de/test
AutoTests.java: About to close Vertx.
AutoTests.java: Vertx closed.
----------------- testing Tue May 22 23:34:28 UTC 2018 /home/travis/build/icyphy/ptII/ptolemy/domains/de/test/auto/ActorDepthCalculation_actorWithoutPorts.xml
----------------- Instantiating /home/travis/build/icyphy/ptII/ptolemy/domains/de/test/auto/ActorDepthCalculation_actorWithoutPorts.xml
2 ms. Memory: 619520K Free: 305209K (49%)
----------------- Invoking toplevel() on ptolemy.moml.MoMLSimpleApplication@41f368cd
----------------- Done invoking toplevel() on ptolemy.moml.MoMLSimpleApplication@41f368cd
reloadAllAccessors: .ActorDepthCalculation_actorWithoutPorts
----------------- testing Tue May 22 23:34:28 UTC 2018 /home/travis/build/icyphy/ptII/ptolemy/domains/de/test/auto/AssemblyLine.xml
----------------- Instantiating /home/travis/build/icyphy/ptII/ptolemy/domains/de/test/auto/AssemblyLine.xml
1 ms. Memory: 619520K Free: 283685K (46%)
----------------- Invoking toplevel() on ptolemy.moml.MoMLSimpleApplication@3506c9b
----------------- Done invoking toplevel() on ptolemy.moml.MoMLSimpleApplication@3506c9b
reloadAllAccessors: .AssemblyLine
----------------- testing Tue May 22 23:34:28 UTC 2018 /home/travis/build/icyphy/ptII/ptolemy/domains/de/test/auto/CQBug1.xml
----------------- Instantiating /home/travis/build/icyphy/ptII/ptolemy/domains/de/test/auto/CQBug1.xml
0 ms. Memory: 619520K Free: 262160K (42%)
----------------- Invoking toplevel() on ptolemy.moml.MoMLSimpleApplication@498c7206
----------------- Done invoking toplevel() on ptolemy.moml.MoMLSimpleApplication@498c7206
reloadAllAccessors: .CQBug1
----------------- testing Tue May 22 23:34:28 UTC 2018 /home/travis/build/icyphy/ptII/ptolemy/domains/de/test/auto/CancelFireAt.xml
----------------- Instantiating /home/travis/build/icyphy/ptII/ptolemy/domains/de/test/auto/CancelFireAt.xml
1 ms. Memory: 619520K Free: 240636K (39%)
----------------- Invoking toplevel() on ptolemy.moml.MoMLSimpleApplication@2fcd2d8b
----------------- Done invoking toplevel() on ptolemy.moml.MoMLSimpleApplication@2fcd2d8b
reloadAllAccessors: .CancelFireAt
----------------- testing Tue May 22 23:34:28 UTC 2018 /home/travis/build/icyphy/ptII/ptolemy/domains/de/test/auto/CausalityAndComposabilityAnalysis.xml
----------------- Instantiating /home/travis/build/icyphy/ptII/ptolemy/domains/de/test/auto/CausalityAndComposabilityAnalysis.xml
1 ms. Memory: 619520K Free: 219111K (35%)
----------------- Invoking toplevel() on ptolemy.moml.MoMLSimpleApplication@43cfb721
----------------- Done invoking toplevel() on ptolemy.moml.MoMLSimpleApplication@43cfb721
reloadAllAccessors: .CausalityAndComposabilityAnalysis
----------------- testing Tue May 22 23:34:28 UTC 2018 /home/travis/build/icyphy/ptII/ptolemy/domains/de/test/auto/CausalityInterface1.xml
----------------- Instantiating /home/travis/build/icyphy/ptII/ptolemy/domains/de/test/auto/CausalityInterface1.xml
3 ms. Memory: 619520K Free: 197586K (32%)
----------------- Invoking toplevel() on ptolemy.moml.MoMLSimpleApplication@491a9193
----------------- Done invoking toplevel() on ptolemy.moml.MoMLSimpleApplication@491a9193
reloadAllAccessors: .CausalityInterface1
----------------- testing Tue May 22 23:34:28 UTC 2018 /home/travis/build/icyphy/ptII/ptolemy/domains/de/test/auto/CausalityInterface15.xml
----------------- Instantiating /home/travis/build/icyphy/ptII/ptolemy/domains/de/test/auto/CausalityInterface15.xml
1 ms. Memory: 619520K Free: 176062K (28%)
----------------- Invoking toplevel() on ptolemy.moml.MoMLSimpleApplication@23468826
----------------- Done invoking toplevel() on ptolemy.moml.MoMLSimpleApplication@23468826
reloadAllAccessors: .CausalityInterface15
----------------- testing Tue May 22 23:34:28 UTC 2018 /home/travis/build/icyphy/ptII/ptolemy/domains/de/test/auto/CausalityInterface2.xml
----------------- Instantiating /home/travis/build/icyphy/ptII/ptolemy/domains/de/test/auto/CausalityInterface2.xml
0 ms. Memory: 619520K Free: 154537K (25%)
----------------- Invoking toplevel() on ptolemy.moml.MoMLSimpleApplication@78ceef6c
----------------- Done invoking toplevel() on ptolemy.moml.MoMLSimpleApplication@78ceef6c
reloadAllAccessors: .CausalityInterface2
----------------- testing Tue May 22 23:34:28 UTC 2018 /home/travis/build/icyphy/ptII/ptolemy/domains/de/test/auto/CausalityInterface3.xml
[...]
java.lang.RuntimeException: Execution failed
	at ptolemy.moml.MoMLSimpleApplication$UnloadThread.run(MoMLSimpleApplication.java:402)
Caused by: ptolemy.kernel.util.IllegalActionException: Test fails in iteration 1.
Value was: 1.0. Should have been: 2.0
  in .DirectFeedback.Test
	at ptolemy.actor.lib.Test.fire(Test.java:268)
	at ptolemy.domains.de.kernel.DEDirector._fire(DEDirector.java:1948)
	at ptolemy.domains.de.kernel.DEDirector.fire(DEDirector.java:502)
	at ptolemy.actor.CompositeActor.fire(CompositeActor.java:455)
	at ptolemy.actor.Manager.iterate(Manager.java:851)
	at ptolemy.actor.Manager.execute(Manager.java:369)
	at ptolemy.actor.Manager.run(Manager.java:1263)
	at ptolemy.actor.Manager$PtolemyRunThread.run(Manager.java:1915)
java.lang.RuntimeException: Execution failed
	at ptolemy.moml.MoMLSimpleApplication$UnloadThread.run(MoMLSimpleApplication.java:402)
Caused by: ptolemy.kernel.util.IllegalActionException: Actor is not ready to fire.  Perhaps UpSample.prefire() returned false? Try debugging the actor by selecting "Listen to Actor".  Also, for SDF check moml for tokenConsumptionRate on input.
  in .DESDFClockTest.Play Bell.Copy1:SDF Director and .DESDFClockTest.Play Bell.UpSample
	at ptolemy.actor.sched.StaticSchedulingDirector.fire(StaticSchedulingDirector.java:227)
	at ptolemy.domains.sdf.kernel.SDFDirector.fire(SDFDirector.java:500)
	at ptolemy.actor.CompositeActor.fire(CompositeActor.java:455)
	at ptolemy.domains.de.kernel.DEDirector._fire(DEDirector.java:1948)
	at ptolemy.domains.de.kernel.DEDirector.fire(DEDirector.java:502)
	at ptolemy.actor.CompositeActor.fire(CompositeActor.java:455)
	at ptolemy.actor.Manager.iterate(Manager.java:851)
	at ptolemy.actor.Manager.execute(Manager.java:369)
	at ptolemy.actor.Manager.run(Manager.java:1263)
	at ptolemy.actor.Manager$PtolemyRunThread.run(Manager.java:1915)
java.lang.reflect.InvocationTargetException
	at sun.reflect.NativeConstructorAccessorImpl.newInstance0(Native Method)
	at sun.reflect.NativeConstructorAccessorImpl.newInstance(NativeConstructorAccessorImpl.java:62)
	at sun.reflect.DelegatingConstructorAccessorImpl.newInstance(DelegatingConstructorAccessorImpl.java:45)
	at java.lang.reflect.Constructor.newInstance(Constructor.java:423)
	at ptolemy.util.test.junit.AutoKnownFailedTests.RunModel(AutoKnownFailedTests.java:107)
	at sun.reflect.NativeMethodAccessorImpl.invoke0(Native Method)
	at sun.reflect.NativeMethodAccessorImpl.invoke(NativeMethodAccessorImpl.java:62)
	at sun.reflect.DelegatingMethodAccessorImpl.invoke(DelegatingMethodAccessorImpl.java:43)
	at java.lang.reflect.Method.invoke(Method.java:498)
	at org.junit.runners.model.FrameworkMethod$1.runReflectiveCall(FrameworkMethod.java:44)
	at org.junit.internal.runners.model.ReflectiveCallable.run(ReflectiveCallable.java:15)
	at org.junit.runners.model.FrameworkMethod.invokeExplosively(FrameworkMethod.java:41)
	at junitparams.internal.InvokeParameterisedMethod.evaluate(InvokeParameterisedMethod.java:102)
	at org.junit.internal.runners.statements.FailOnTimeout$1.run(FailOnTimeout.java:28)
Caused by: ptolemy.kernel.util.IllegalActionException: Actor is not ready to fire.  Perhaps UpSample.prefire() returned false? Try debugging the actor by selecting "Listen to Actor".  Also, for SDF check moml for tokenConsumptionRate on input.
  in .DESDFClockTest.Play Bell.Copy1:SDF Director and .DESDFClockTest.Play Bell.UpSample
	at ptolemy.actor.sched.StaticSchedulingDirector.fire(StaticSchedulingDirector.java:227)
	at ptolemy.domains.sdf.kernel.SDFDirector.fire(SDFDirector.java:500)
	at ptolemy.actor.CompositeActor.fire(CompositeActor.java:455)
	at ptolemy.domains.de.kernel.DEDirector._fire(DEDirector.java:1948)
	at ptolemy.domains.de.kernel.DEDirector.fire(DEDirector.java:502)
	at ptolemy.actor.CompositeActor.fire(CompositeActor.java:455)
	at ptolemy.actor.Manager.iterate(Manager.java:851)
	at ptolemy.actor.Manager.execute(Manager.java:369)
	at ptolemy.actor.Manager.run(Manager.java:1263)
	at ptolemy.actor.Manager$PtolemyRunThread.run(Manager.java:1915)
java.lang.RuntimeException: Execution failed
	at ptolemy.moml.MoMLSimpleApplication$UnloadThread.run(MoMLSimpleApplication.java:402)
Caused by: ptolemy.kernel.util.IllegalActionException: Test fails in iteration 1.
Value was: 1.0. Should have been: 2.0
  in .DirectFeedback.Test
	at ptolemy.actor.lib.Test.fire(Test.java:268)
	at ptolemy.domains.de.kernel.DEDirector._fire(DEDirector.java:1948)
	at ptolemy.domains.de.kernel.DEDirector.fire(DEDirector.java:502)
	at ptolemy.actor.CompositeActor.fire(CompositeActor.java:455)
	at ptolemy.actor.Manager.iterate(Manager.java:851)
	at ptolemy.actor.Manager.execute(Manager.java:369)
	at ptolemy.actor.Manager.run(Manager.java:1263)
	at ptolemy.actor.Manager$PtolemyRunThread.run(Manager.java:1915)
java.lang.reflect.InvocationTargetException
	at sun.reflect.NativeConstructorAccessorImpl.newInstance0(Native Method)
	at sun.reflect.NativeConstructorAccessorImpl.newInstance(NativeConstructorAccessorImpl.java:62)
	at sun.reflect.DelegatingConstructorAccessorImpl.newInstance(DelegatingConstructorAccessorImpl.java:45)
	at java.lang.reflect.Constructor.newInstance(Constructor.java:423)
	at ptolemy.util.test.junit.AutoKnownFailedTests.RunModel(AutoKnownFailedTests.java:107)
	at sun.reflect.NativeMethodAccessorImpl.invoke0(Native Method)
	at sun.reflect.NativeMethodAccessorImpl.invoke(NativeMethodAccessorImpl.java:62)
	at sun.reflect.DelegatingMethodAccessorImpl.invoke(DelegatingMethodAccessorImpl.java:43)
	at java.lang.reflect.Method.invoke(Method.java:498)
	at org.junit.runners.model.FrameworkMethod$1.runReflectiveCall(FrameworkMethod.java:44)
	at org.junit.internal.runners.model.ReflectiveCallable.run(ReflectiveCallable.java:15)
	at org.junit.runners.model.FrameworkMethod.invokeExplosively(FrameworkMethod.java:41)
	at junitparams.internal.InvokeParameterisedMethod.evaluate(InvokeParameterisedMethod.java:102)
	at org.junit.internal.runners.statements.FailOnTimeout$1.run(FailOnTimeout.java:28)
Caused by: ptolemy.kernel.util.IllegalActionException: Test fails in iteration 1.
Value was: 1.0. Should have been: 2.0
  in .DirectFeedback.Test
	at ptolemy.actor.lib.Test.fire(Test.java:268)
	at ptolemy.domains.de.kernel.DEDirector._fire(DEDirector.java:1948)
	at ptolemy.domains.de.kernel.DEDirector.fire(DEDirector.java:502)
	at ptolemy.actor.CompositeActor.fire(CompositeActor.java:455)
	at ptolemy.actor.Manager.iterate(Manager.java:851)
	at ptolemy.actor.Manager.execute(Manager.java:369)
	at ptolemy.actor.Manager.run(Manager.java:1263)
	at ptolemy.actor.Manager$PtolemyRunThread.run(Manager.java:1915)
java.lang.RuntimeException: Execution failed
	at ptolemy.moml.MoMLSimpleApplication$UnloadThread.run(MoMLSimpleApplication.java:402)
Caused by: ptolemy.kernel.util.IllegalActionException: Found a zero delay loop containing .HierarchicalModel.A
  in .HierarchicalModel and .HierarchicalModel.A
	at ptolemy.actor.util.CausalityInterfaceForComposites._computeOutputPortDepth(CausalityInterfaceForComposites.java:759)
	at ptolemy.actor.util.CausalityInterfaceForComposites._computeInputDepth(CausalityInterfaceForComposites.java:696)
	at ptolemy.actor.util.CausalityInterfaceForComposites._computeOutputPortDepth(CausalityInterfaceForComposites.java:765)
	at ptolemy.actor.util.CausalityInterfaceForComposites._computeInputDepth(CausalityInterfaceForComposites.java:696)
	at ptolemy.actor.util.CausalityInterfaceForComposites._computeOutputPortDepth(CausalityInterfaceForComposites.java:765)
	at ptolemy.actor.util.CausalityInterfaceForComposites._computeInputDepth(CausalityInterfaceForComposites.java:696)
	at ptolemy.actor.util.CausalityInterfaceForComposites._computeActorDepth(CausalityInterfaceForComposites.java:532)
	at ptolemy.actor.util.CausalityInterfaceForComposites.checkForCycles(CausalityInterfaceForComposites.java:96)
	at ptolemy.domains.de.kernel.DEDirector.preinitialize(DEDirector.java:1337)
	at ptolemy.actor.CompositeActor.preinitialize(CompositeActor.java:1828)
	at ptolemy.actor.Manager.preinitializeAndResolveTypes(Manager.java:1040)
	at ptolemy.actor.Manager.initialize(Manager.java:710)
	at ptolemy.actor.Manager.execute(Manager.java:356)
	at ptolemy.actor.Manager.run(Manager.java:1263)
	at ptolemy.actor.Manager$PtolemyRunThread.run(Manager.java:1915)
java.lang.reflect.InvocationTargetException
	at sun.reflect.NativeConstructorAccessorImpl.newInstance0(Native Method)
	at sun.reflect.NativeConstructorAccessorImpl.newInstance(NativeConstructorAccessorImpl.java:62)
	at sun.reflect.DelegatingConstructorAccessorImpl.newInstance(DelegatingConstructorAccessorImpl.java:45)
	at java.lang.reflect.Constructor.newInstance(Constructor.java:423)
	at ptolemy.util.test.junit.AutoKnownFailedTests.RunModel(AutoKnownFailedTests.java:107)
	at sun.reflect.NativeMethodAccessorImpl.invoke0(Native Method)
	at sun.reflect.NativeMethodAccessorImpl.invoke(NativeMethodAccessorImpl.java:62)
	at sun.reflect.DelegatingMethodAccessorImpl.invoke(DelegatingMethodAccessorImpl.java:43)
	at java.lang.reflect.Method.invoke(Method.java:498)
	at org.junit.runners.model.FrameworkMethod$1.runReflectiveCall(FrameworkMethod.java:44)
	at org.junit.internal.runners.model.ReflectiveCallable.run(ReflectiveCallable.java:15)
	at org.junit.runners.model.FrameworkMethod.invokeExplosively(FrameworkMethod.java:41)
	at junitparams.internal.InvokeParameterisedMethod.evaluate(InvokeParameterisedMethod.java:102)
	at org.junit.internal.runners.statements.FailOnTimeout$1.run(FailOnTimeout.java:28)
Caused by: ptolemy.kernel.util.IllegalActionException: Found a zero delay loop containing .HierarchicalModel.A
  in .HierarchicalModel and .HierarchicalModel.A
	at ptolemy.actor.util.CausalityInterfaceForComposites._computeOutputPortDepth(CausalityInterfaceForComposites.java:759)
	at ptolemy.actor.util.CausalityInterfaceForComposites._computeInputDepth(CausalityInterfaceForComposites.java:696)
	at ptolemy.actor.util.CausalityInterfaceForComposites._computeOutputPortDepth(CausalityInterfaceForComposites.java:765)
	at ptolemy.actor.util.CausalityInterfaceForComposites._computeInputDepth(CausalityInterfaceForComposites.java:696)
	at ptolemy.actor.util.CausalityInterfaceForComposites._computeOutputPortDepth(CausalityInterfaceForComposites.java:765)
	at ptolemy.actor.util.CausalityInterfaceForComposites._computeInputDepth(CausalityInterfaceForComposites.java:696)
	at ptolemy.actor.util.CausalityInterfaceForComposites._computeActorDepth(CausalityInterfaceForComposites.java:532)
	at ptolemy.actor.util.CausalityInterfaceForComposites.checkForCycles(CausalityInterfaceForComposites.java:96)
	at ptolemy.domains.de.kernel.DEDirector.preinitialize(DEDirector.java:1337)
	at ptolemy.actor.CompositeActor.preinitialize(CompositeActor.java:1828)
	at ptolemy.actor.Manager.preinitializeAndResolveTypes(Manager.java:1040)
	at ptolemy.actor.Manager.initialize(Manager.java:710)
	at ptolemy.actor.Manager.execute(Manager.java:356)
	at ptolemy.actor.Manager.run(Manager.java:1263)
	at ptolemy.actor.Manager$PtolemyRunThread.run(Manager.java:1915)
java.lang.RuntimeException: Execution failed
	at ptolemy.moml.MoMLSimpleApplication$UnloadThread.run(MoMLSimpleApplication.java:402)
Caused by: ptolemy.kernel.util.IllegalActionException: Found a zero delay loop containing .dependencyLoop.original
  in .dependencyLoop and .dependencyLoop.original
	at ptolemy.actor.util.CausalityInterfaceForComposites._computeOutputPortDepth(CausalityInterfaceForComposites.java:759)
	at ptolemy.actor.util.CausalityInterfaceForComposites._computeInputDepth(CausalityInterfaceForComposites.java:696)
	at ptolemy.actor.util.CausalityInterfaceForComposites._computeOutputPortDepth(CausalityInterfaceForComposites.java:765)
	at ptolemy.actor.util.CausalityInterfaceForComposites._computeInputDepth(CausalityInterfaceForComposites.java:696)
	at ptolemy.actor.util.CausalityInterfaceForComposites._computeOutputPortDepth(CausalityInterfaceForComposites.java:765)
	at ptolemy.actor.util.CausalityInterfaceForComposites._computeInputDepth(CausalityInterfaceForComposites.java:696)
	at ptolemy.actor.util.CausalityInterfaceForComposites._computeActorDepth(CausalityInterfaceForComposites.java:532)
	at ptolemy.actor.util.CausalityInterfaceForComposites.checkForCycles(CausalityInterfaceForComposites.java:96)
	at ptolemy.domains.de.kernel.DEDirector.preinitialize(DEDirector.java:1337)
	at ptolemy.actor.CompositeActor.preinitialize(CompositeActor.java:1828)
	at ptolemy.actor.Manager.preinitializeAndResolveTypes(Manager.java:1040)
	at ptolemy.actor.Manager.initialize(Manager.java:710)
	at ptolemy.actor.Manager.execute(Manager.java:356)
	at ptolemy.actor.Manager.run(Manager.java:1263)
	at ptolemy.actor.Manager$PtolemyRunThread.run(Manager.java:1915)
java.lang.reflect.InvocationTargetException
	at sun.reflect.NativeConstructorAccessorImpl.newInstance0(Native Method)
	at sun.reflect.NativeConstructorAccessorImpl.newInstance(NativeConstructorAccessorImpl.java:62)
	at sun.reflect.DelegatingConstructorAccessorImpl.newInstance(DelegatingConstructorAccessorImpl.java:45)
	at java.lang.reflect.Constructor.newInstance(Constructor.java:423)
	at ptolemy.util.test.junit.AutoKnownFailedTests.RunModel(AutoKnownFailedTests.java:107)
	at sun.reflect.NativeMethodAccessorImpl.invoke0(Native Method)
	at sun.reflect.NativeMethodAccessorImpl.invoke(NativeMethodAccessorImpl.java:62)
	at sun.reflect.DelegatingMethodAccessorImpl.invoke(DelegatingMethodAccessorImpl.java:43)
	at java.lang.reflect.Method.invoke(Method.java:498)
	at org.junit.runners.model.FrameworkMethod$1.runReflectiveCall(FrameworkMethod.java:44)
	at org.junit.internal.runners.model.ReflectiveCallable.run(ReflectiveCallable.java:15)
	at org.junit.runners.model.FrameworkMethod.invokeExplosively(FrameworkMethod.java:41)
	at junitparams.internal.InvokeParameterisedMethod.evaluate(InvokeParameterisedMethod.java:102)
	at org.junit.internal.runners.statements.FailOnTimeout$1.run(FailOnTimeout.java:28)
Caused by: ptolemy.kernel.util.IllegalActionException: Found a zero delay loop containing .dependencyLoop.original
  in .dependencyLoop and .dependencyLoop.original
	at ptolemy.actor.util.CausalityInterfaceForComposites._computeOutputPortDepth(CausalityInterfaceForComposites.java:759)
	at ptolemy.actor.util.CausalityInterfaceForComposites._computeInputDepth(CausalityInterfaceForComposites.java:696)
	at ptolemy.actor.util.CausalityInterfaceForComposites._computeOutputPortDepth(CausalityInterfaceForComposites.java:765)
	at ptolemy.actor.util.CausalityInterfaceForComposites._computeInputDepth(CausalityInterfaceForComposites.java:696)
	at ptolemy.actor.util.CausalityInterfaceForComposites._computeOutputPortDepth(CausalityInterfaceForComposites.java:765)
	at ptolemy.actor.util.CausalityInterfaceForComposites._computeInputDepth(CausalityInterfaceForComposites.java:696)
	at ptolemy.actor.util.CausalityInterfaceForComposites._computeActorDepth(CausalityInterfaceForComposites.java:532)
	at ptolemy.actor.util.CausalityInterfaceForComposites.checkForCycles(CausalityInterfaceForComposites.java:96)
	at ptolemy.domains.de.kernel.DEDirector.preinitialize(DEDirector.java:1337)
	at ptolemy.actor.CompositeActor.preinitialize(CompositeActor.java:1828)
	at ptolemy.actor.Manager.preinitializeAndResolveTypes(Manager.java:1040)
	at ptolemy.actor.Manager.initialize(Manager.java:710)
	at ptolemy.actor.Manager.execute(Manager.java:356)
	at ptolemy.actor.Manager.run(Manager.java:1263)
	at ptolemy.actor.Manager$PtolemyRunThread.run(Manager.java:1915)
java.lang.RuntimeException: Execution failed
	at ptolemy.moml.MoMLSimpleApplication$UnloadThread.run(MoMLSimpleApplication.java:402)
Caused by: ptolemy.kernel.util.IllegalActionException: Found a zero delay loop containing .dependencyLoop2.original
  in .dependencyLoop2 and .dependencyLoop2.original
	at ptolemy.actor.util.CausalityInterfaceForComposites._computeOutputPortDepth(CausalityInterfaceForComposites.java:759)
	at ptolemy.actor.util.CausalityInterfaceForComposites._computeInputDepth(CausalityInterfaceForComposites.java:696)
	at ptolemy.actor.util.CausalityInterfaceForComposites._computeOutputPortDepth(CausalityInterfaceForComposites.java:765)
	at ptolemy.actor.util.CausalityInterfaceForComposites._computeInputDepth(CausalityInterfaceForComposites.java:696)
	at ptolemy.actor.util.CausalityInterfaceForComposites._computeOutputPortDepth(CausalityInterfaceForComposites.java:765)
	at ptolemy.actor.util.CausalityInterfaceForComposites._computeInputDepth(CausalityInterfaceForComposites.java:696)
	at ptolemy.actor.util.CausalityInterfaceForComposites._computeActorDepth(CausalityInterfaceForComposites.java:532)
	at ptolemy.actor.util.CausalityInterfaceForComposites.checkForCycles(CausalityInterfaceForComposites.java:96)
	at ptolemy.domains.de.kernel.DEDirector.preinitialize(DEDirector.java:1337)
	at ptolemy.actor.CompositeActor.preinitialize(CompositeActor.java:1828)
	at ptolemy.actor.Manager.preinitializeAndResolveTypes(Manager.java:1040)
	at ptolemy.actor.Manager.initialize(Manager.java:710)
	at ptolemy.actor.Manager.execute(Manager.java:356)
	at ptolemy.actor.Manager.run(Manager.java:1263)
	at ptolemy.actor.Manager$PtolemyRunThread.run(Manager.java:1915)
java.lang.reflect.InvocationTargetException
	at sun.reflect.NativeConstructorAccessorImpl.newInstance0(Native Method)
	at sun.reflect.NativeConstructorAccessorImpl.newInstance(NativeConstructorAccessorImpl.java:62)
	at sun.reflect.DelegatingConstructorAccessorImpl.newInstance(DelegatingConstructorAccessorImpl.java:45)
	at java.lang.reflect.Constructor.newInstance(Constructor.java:423)
	at ptolemy.util.test.junit.AutoKnownFailedTests.RunModel(AutoKnownFailedTests.java:107)
	at sun.reflect.NativeMethodAccessorImpl.invoke0(Native Method)
	at sun.reflect.NativeMethodAccessorImpl.invoke(NativeMethodAccessorImpl.java:62)
	at sun.reflect.DelegatingMethodAccessorImpl.invoke(DelegatingMethodAccessorImpl.java:43)
	at java.lang.reflect.Method.invoke(Method.java:498)
	at org.junit.runners.model.FrameworkMethod$1.runReflectiveCall(FrameworkMethod.java:44)
	at org.junit.internal.runners.model.ReflectiveCallable.run(ReflectiveCallable.java:15)
	at org.junit.runners.model.FrameworkMethod.invokeExplosively(FrameworkMethod.java:41)
	at junitparams.internal.InvokeParameterisedMethod.evaluate(InvokeParameterisedMethod.java:102)
	at org.junit.internal.runners.statements.FailOnTimeout$1.run(FailOnTimeout.java:28)
Caused by: ptolemy.kernel.util.IllegalActionException: Found a zero delay loop containing .dependencyLoop2.original
  in .dependencyLoop2 and .dependencyLoop2.original
	at ptolemy.actor.util.CausalityInterfaceForComposites._computeOutputPortDepth(CausalityInterfaceForComposites.java:759)
	at ptolemy.actor.util.CausalityInterfaceForComposites._computeInputDepth(CausalityInterfaceForComposites.java:696)
	at ptolemy.actor.util.CausalityInterfaceForComposites._computeOutputPortDepth(CausalityInterfaceForComposites.java:765)
	at ptolemy.actor.util.CausalityInterfaceForComposites._computeInputDepth(CausalityInterfaceForComposites.java:696)
	at ptolemy.actor.util.CausalityInterfaceForComposites._computeOutputPortDepth(CausalityInterfaceForComposites.java:765)
	at ptolemy.actor.util.CausalityInterfaceForComposites._computeInputDepth(CausalityInterfaceForComposites.java:696)
	at ptolemy.actor.util.CausalityInterfaceForComposites._computeActorDepth(CausalityInterfaceForComposites.java:532)
	at ptolemy.actor.util.CausalityInterfaceForComposites.checkForCycles(CausalityInterfaceForComposites.java:96)
	at ptolemy.domains.de.kernel.DEDirector.preinitialize(DEDirector.java:1337)
	at ptolemy.actor.CompositeActor.preinitialize(CompositeActor.java:1828)
	at ptolemy.actor.Manager.preinitializeAndResolveTypes(Manager.java:1040)
	at ptolemy.actor.Manager.initialize(Manager.java:710)
	at ptolemy.actor.Manager.execute(Manager.java:356)
	at ptolemy.actor.Manager.run(Manager.java:1263)
	at ptolemy.actor.Manager$PtolemyRunThread.run(Manager.java:1915)
]]></system-err>
</testsuite>
