<?xml version="1.0" encoding="UTF-8" ?>
<testsuite errors="0" failures="0" hostname="travis-job-d9dfdce7-8b27-45ce-93f3-29dfbb07977d" name="ptolemy.domains.de.test.junit.JUnitTclTest" skipped="0" tests="101" time="131.131" timestamp="2018-05-17T02:00:51">
  <properties>
[...]
</properties>
  <testcase classname="ptolemy.util.test.junit.TclTests" name="[0] /home/travis/build/icyphy/ptII/ptolemy/domains/de/test/DependencyLoop.tcl (RunTclFile)" time="0.751" />
  <testcase classname="ptolemy.util.test.junit.TclTests" name="[1] /home/travis/build/icyphy/ptII/ptolemy/domains/de/test/RunDETestsAsQSS.tcl (RunTclFile)" time="90.065" />
  <testcase classname="ptolemy.util.test.junit.AutoKnownFailedTests" name="[0] /home/travis/build/icyphy/ptII/ptolemy/domains/de/test/auto/knownFailedTests/DESDFClockTest.xml (RunModel)" time="2.036" />
  <testcase classname="ptolemy.util.test.junit.AutoKnownFailedTests" name="[1] /home/travis/build/icyphy/ptII/ptolemy/domains/de/test/auto/knownFailedTests/DirectFeedback.xml (RunModel)" time="0.01" />
  <testcase classname="ptolemy.util.test.junit.AutoKnownFailedTests" name="[2] /home/travis/build/icyphy/ptII/ptolemy/domains/de/test/auto/knownFailedTests/FSMSource.xml (RunModel)" time="0.027" />
  <testcase classname="ptolemy.util.test.junit.AutoKnownFailedTests" name="[3] /home/travis/build/icyphy/ptII/ptolemy/domains/de/test/auto/knownFailedTests/HierarchicalModel.xml (RunModel)" time="0.046" />
  <testcase classname="ptolemy.util.test.junit.AutoKnownFailedTests" name="[4] /home/travis/build/icyphy/ptII/ptolemy/domains/de/test/auto/knownFailedTests/dependencyLoop.xml (RunModel)" time="0.045" />
  <testcase classname="ptolemy.util.test.junit.AutoKnownFailedTests" name="[5] /home/travis/build/icyphy/ptII/ptolemy/domains/de/test/auto/knownFailedTests/dependencyLoop2.xml (RunModel)" time="0.047" />
  <testcase classname="ptolemy.util.test.junit.AutoNameArchTests" name="[0] ThereAreNoAutoTests (RunModel)" time="0.0" />
  <testcase classname="ptolemy.util.test.junit.AutoTests" name="[0] /home/travis/build/icyphy/ptII/ptolemy/domains/de/test/auto/ActorDepthCalculation_actorWithoutPorts.xml (RunModel)" time="0.02" />
  <testcase classname="ptolemy.util.test.junit.AutoTests" name="[1] /home/travis/build/icyphy/ptII/ptolemy/domains/de/test/auto/AssemblyLine.xml (RunModel)" time="0.025" />
  <testcase classname="ptolemy.util.test.junit.AutoTests" name="[2] /home/travis/build/icyphy/ptII/ptolemy/domains/de/test/auto/CQBug1.xml (RunModel)" time="0.009" />
  <testcase classname="ptolemy.util.test.junit.AutoTests" name="[3] /home/travis/build/icyphy/ptII/ptolemy/domains/de/test/auto/CancelFireAt.xml (RunModel)" time="0.013" />
  <testcase classname="ptolemy.util.test.junit.AutoTests" name="[4] /home/travis/build/icyphy/ptII/ptolemy/domains/de/test/auto/CausalityAndComposabilityAnalysis.xml (RunModel)" time="0.012" />
  <testcase classname="ptolemy.util.test.junit.AutoTests" name="[5] /home/travis/build/icyphy/ptII/ptolemy/domains/de/test/auto/CausalityInterface1.xml (RunModel)" time="0.013" />
  <testcase classname="ptolemy.util.test.junit.AutoTests" name="[6] /home/travis/build/icyphy/ptII/ptolemy/domains/de/test/auto/CausalityInterface15.xml (RunModel)" time="0.013" />
  <testcase classname="ptolemy.util.test.junit.AutoTests" name="[7] /home/travis/build/icyphy/ptII/ptolemy/domains/de/test/auto/CausalityInterface2.xml (RunModel)" time="0.012" />
  <testcase classname="ptolemy.util.test.junit.AutoTests" name="[8] /home/travis/build/icyphy/ptII/ptolemy/domains/de/test/auto/CausalityInterface3.xml (RunModel)" time="0.013" />
  <testcase classname="ptolemy.util.test.junit.AutoTests" name="[9] /home/travis/build/icyphy/ptII/ptolemy/domains/de/test/auto/ClockDrift.xml (RunModel)" time="0.038" />
  <testcase classname="ptolemy.util.test.junit.AutoTests" name="[10] /home/travis/build/icyphy/ptII/ptolemy/domains/de/test/auto/ClockDriftAndValueChange.xml (RunModel)" time="0.024" />
  <testcase classname="ptolemy.util.test.junit.AutoTests" name="[11] /home/travis/build/icyphy/ptII/ptolemy/domains/de/test/auto/ClockDriftChange.xml (RunModel)" time="0.025" />
  <testcase classname="ptolemy.util.test.junit.AutoTests" name="[12] /home/travis/build/icyphy/ptII/ptolemy/domains/de/test/auto/ComposableCausalityAnalysis.xml (RunModel)" time="0.021" />
  <testcase classname="ptolemy.util.test.junit.AutoTests" name="[13] /home/travis/build/icyphy/ptII/ptolemy/domains/de/test/auto/DEFixedPointLimitation.xml (RunModel)" time="0.007" />
  <testcase classname="ptolemy.util.test.junit.AutoTests" name="[14] /home/travis/build/icyphy/ptII/ptolemy/domains/de/test/auto/DEScheduleTest.xml (RunModel)" time="0.025" />
  <testcase classname="ptolemy.util.test.junit.AutoTests" name="[15] /home/travis/build/icyphy/ptII/ptolemy/domains/de/test/auto/DEinDEwithStartTimes.xml (RunModel)" time="0.014" />
  <testcase classname="ptolemy.util.test.junit.AutoTests" name="[16] /home/travis/build/icyphy/ptII/ptolemy/domains/de/test/auto/DEinDEwithStartTimes2.xml (RunModel)" time="0.012" />
  <testcase classname="ptolemy.util.test.junit.AutoTests" name="[17] /home/travis/build/icyphy/ptII/ptolemy/domains/de/test/auto/DateDemo.xml (RunModel)" time="0.023" />
  <testcase classname="ptolemy.util.test.junit.AutoTests" name="[18] /home/travis/build/icyphy/ptII/ptolemy/domains/de/test/auto/DateToEvent.xml (RunModel)" time="2.032" />
  <testcase classname="ptolemy.util.test.junit.AutoTests" name="[19] /home/travis/build/icyphy/ptII/ptolemy/domains/de/test/auto/DepthTest1.xml (RunModel)" time="0.012" />
  <testcase classname="ptolemy.util.test.junit.AutoTests" name="[20] /home/travis/build/icyphy/ptII/ptolemy/domains/de/test/auto/DepthTest2.xml (RunModel)" time="0.021" />
  <testcase classname="ptolemy.util.test.junit.AutoTests" name="[21] /home/travis/build/icyphy/ptII/ptolemy/domains/de/test/auto/DepthTest3.xml (RunModel)" time="0.009" />
  <testcase classname="ptolemy.util.test.junit.AutoTests" name="[22] /home/travis/build/icyphy/ptII/ptolemy/domains/de/test/auto/DepthTest4.xml (RunModel)" time="0.008" />
  <testcase classname="ptolemy.util.test.junit.AutoTests" name="[23] /home/travis/build/icyphy/ptII/ptolemy/domains/de/test/auto/DepthTest5.xml (RunModel)" time="0.017" />
  <testcase classname="ptolemy.util.test.junit.AutoTests" name="[24] /home/travis/build/icyphy/ptII/ptolemy/domains/de/test/auto/DepthTest6.xml (RunModel)" time="0.011" />
  <testcase classname="ptolemy.util.test.junit.AutoTests" name="[25] /home/travis/build/icyphy/ptII/ptolemy/domains/de/test/auto/DepthTest7.xml (RunModel)" time="0.014" />
  <testcase classname="ptolemy.util.test.junit.AutoTests" name="[26] /home/travis/build/icyphy/ptII/ptolemy/domains/de/test/auto/EventToDate.xml (RunModel)" time="3.039" />
  <testcase classname="ptolemy.util.test.junit.AutoTests" name="[27] /home/travis/build/icyphy/ptII/ptolemy/domains/de/test/auto/FSM1.xml (RunModel)" time="0.028" />
  <testcase classname="ptolemy.util.test.junit.AutoTests" name="[28] /home/travis/build/icyphy/ptII/ptolemy/domains/de/test/auto/FSM7.xml (RunModel)" time="0.038" />
  <testcase classname="ptolemy.util.test.junit.AutoTests" name="[29] /home/travis/build/icyphy/ptII/ptolemy/domains/de/test/auto/Inspection.xml (RunModel)" time="0.042" />
  <testcase classname="ptolemy.util.test.junit.AutoTests" name="[30] /home/travis/build/icyphy/ptII/ptolemy/domains/de/test/auto/Iteration.xml (RunModel)" time="0.024" />
  <testcase classname="ptolemy.util.test.junit.AutoTests" name="[31] /home/travis/build/icyphy/ptII/ptolemy/domains/de/test/auto/LineFault.xml (RunModel)" time="0.534" />
  <testcase classname="ptolemy.util.test.junit.AutoTests" name="[32] /home/travis/build/icyphy/ptII/ptolemy/domains/de/test/auto/MergeModel1Add.xml (RunModel)" time="0.044" />
  <testcase classname="ptolemy.util.test.junit.AutoTests" name="[33] /home/travis/build/icyphy/ptII/ptolemy/domains/de/test/auto/MergeModel2Add.xml (RunModel)" time="0.037" />
  <testcase classname="ptolemy.util.test.junit.AutoTests" name="[34] /home/travis/build/icyphy/ptII/ptolemy/domains/de/test/auto/MergeModel3Add.xml (RunModel)" time="0.041" />
  <testcase classname="ptolemy.util.test.junit.AutoTests" name="[35] /home/travis/build/icyphy/ptII/ptolemy/domains/de/test/auto/MergeWithoutDiscard.xml (RunModel)" time="0.01" />
  <testcase classname="ptolemy.util.test.junit.AutoTests" name="[36] /home/travis/build/icyphy/ptII/ptolemy/domains/de/test/auto/Modal1.xml (RunModel)" time="0.039" />
  <testcase classname="ptolemy.util.test.junit.AutoTests" name="[37] /home/travis/build/icyphy/ptII/ptolemy/domains/de/test/auto/Modal2.xml (RunModel)" time="0.033" />
  <testcase classname="ptolemy.util.test.junit.AutoTests" name="[38] /home/travis/build/icyphy/ptII/ptolemy/domains/de/test/auto/Modal3.xml (RunModel)" time="0.028" />
  <testcase classname="ptolemy.util.test.junit.AutoTests" name="[39] /home/travis/build/icyphy/ptII/ptolemy/domains/de/test/auto/Modal4.xml (RunModel)" time="0.035" />
  <testcase classname="ptolemy.util.test.junit.AutoTests" name="[40] /home/travis/build/icyphy/ptII/ptolemy/domains/de/test/auto/Modal5.xml (RunModel)" time="0.032" />
  <testcase classname="ptolemy.util.test.junit.AutoTests" name="[41] /home/travis/build/icyphy/ptII/ptolemy/domains/de/test/auto/Modal6.xml (RunModel)" time="0.029" />
  <testcase classname="ptolemy.util.test.junit.AutoTests" name="[42] /home/travis/build/icyphy/ptII/ptolemy/domains/de/test/auto/Modal7.xml (RunModel)" time="0.033" />
  <testcase classname="ptolemy.util.test.junit.AutoTests" name="[43] /home/travis/build/icyphy/ptII/ptolemy/domains/de/test/auto/ModalModel.xml (RunModel)" time="0.165" />
  <testcase classname="ptolemy.util.test.junit.AutoTests" name="[44] /home/travis/build/icyphy/ptII/ptolemy/domains/de/test/auto/ModalSource.xml (RunModel)" time="0.019" />
  <testcase classname="ptolemy.util.test.junit.AutoTests" name="[45] /home/travis/build/icyphy/ptII/ptolemy/domains/de/test/auto/NonInterruptibleTimerZeroDelay.xml (RunModel)" time="0.013" />
  <testcase classname="ptolemy.util.test.junit.AutoTests" name="[46] /home/travis/build/icyphy/ptII/ptolemy/domains/de/test/auto/OpenQueueingNetwork.xml (RunModel)" time="2.227" />
  <testcase classname="ptolemy.util.test.junit.AutoTests" name="[47] /home/travis/build/icyphy/ptII/ptolemy/domains/de/test/auto/OpenQueuingNetwork.xml (RunModel)" time="0.251" />
  <testcase classname="ptolemy.util.test.junit.AutoTests" name="[48] /home/travis/build/icyphy/ptII/ptolemy/domains/de/test/auto/PeriodicSampler.xml (RunModel)" time="0.008" />
  <testcase classname="ptolemy.util.test.junit.AutoTests" name="[49] /home/travis/build/icyphy/ptII/ptolemy/domains/de/test/auto/PersistentIO.xml (RunModel)" time="0.018" />
  <testcase classname="ptolemy.util.test.junit.AutoTests" name="[50] /home/travis/build/icyphy/ptII/ptolemy/domains/de/test/auto/PortParameterResetOnInitialize.xml (RunModel)" time="0.009" />
  <testcase classname="ptolemy.util.test.junit.AutoTests" name="[51] /home/travis/build/icyphy/ptII/ptolemy/domains/de/test/auto/PortParameterUpdates.xml (RunModel)" time="0.018" />
  <testcase classname="ptolemy.util.test.junit.AutoTests" name="[52] /home/travis/build/icyphy/ptII/ptolemy/domains/de/test/auto/QueueAndServer.xml (RunModel)" time="0.019" />
  <testcase classname="ptolemy.util.test.junit.AutoTests" name="[53] /home/travis/build/icyphy/ptII/ptolemy/domains/de/test/auto/Records.xml (RunModel)" time="0.018" />
  <testcase classname="ptolemy.util.test.junit.AutoTests" name="[54] /home/travis/build/icyphy/ptII/ptolemy/domains/de/test/auto/ResetTransitionWithStartTime1.xml (RunModel)" time="0.017" />
  <testcase classname="ptolemy.util.test.junit.AutoTests" name="[55] /home/travis/build/icyphy/ptII/ptolemy/domains/de/test/auto/ResetTransitionWithStartTime2.xml (RunModel)" time="0.015" />
  <testcase classname="ptolemy.util.test.junit.AutoTests" name="[56] /home/travis/build/icyphy/ptII/ptolemy/domains/de/test/auto/ResetTransitionWithStartTime3.xml (RunModel)" time="0.02" />
  <testcase classname="ptolemy.util.test.junit.AutoTests" name="[57] /home/travis/build/icyphy/ptII/ptolemy/domains/de/test/auto/ResetTransitionWithStartTime4.xml (RunModel)" time="0.016" />
  <testcase classname="ptolemy.util.test.junit.AutoTests" name="[58] /home/travis/build/icyphy/ptII/ptolemy/domains/de/test/auto/ResettableTimer1.xml (RunModel)" time="0.01" />
  <testcase classname="ptolemy.util.test.junit.AutoTests" name="[59] /home/travis/build/icyphy/ptII/ptolemy/domains/de/test/auto/ResettableTimer2.xml (RunModel)" time="0.01" />
  <testcase classname="ptolemy.util.test.junit.AutoTests" name="[60] /home/travis/build/icyphy/ptII/ptolemy/domains/de/test/auto/ResettableTimer3.xml (RunModel)" time="0.009" />
  <testcase classname="ptolemy.util.test.junit.AutoTests" name="[61] /home/travis/build/icyphy/ptII/ptolemy/domains/de/test/auto/ResettableTimer4.xml (RunModel)" time="0.009" />
  <testcase classname="ptolemy.util.test.junit.AutoTests" name="[62] /home/travis/build/icyphy/ptII/ptolemy/domains/de/test/auto/ResettableTimer5.xml (RunModel)" time="0.012" />
  <testcase classname="ptolemy.util.test.junit.AutoTests" name="[63] /home/travis/build/icyphy/ptII/ptolemy/domains/de/test/auto/ResettableTimer6.xml (RunModel)" time="0.016" />
  <testcase classname="ptolemy.util.test.junit.AutoTests" name="[64] /home/travis/build/icyphy/ptII/ptolemy/domains/de/test/auto/ServerZeroDelay.xml (RunModel)" time="0.014" />
  <testcase classname="ptolemy.util.test.junit.AutoTests" name="[65] /home/travis/build/icyphy/ptII/ptolemy/domains/de/test/auto/SmartSender.xml (RunModel)" time="3.008" />
  <testcase classname="ptolemy.util.test.junit.AutoTests" name="[66] /home/travis/build/icyphy/ptII/ptolemy/domains/de/test/auto/ThreadedComposite.xml (RunModel)" time="0.213" />
  <testcase classname="ptolemy.util.test.junit.AutoTests" name="[67] /home/travis/build/icyphy/ptII/ptolemy/domains/de/test/auto/Time.xml (RunModel)" time="0.404" />
  <testcase classname="ptolemy.util.test.junit.AutoTests" name="[68] /home/travis/build/icyphy/ptII/ptolemy/domains/de/test/auto/TimeDelayZeroDelay.xml (RunModel)" time="0.01" />
  <testcase classname="ptolemy.util.test.junit.AutoTests" name="[69] /home/travis/build/icyphy/ptII/ptolemy/domains/de/test/auto/TimerZeroDelay.xml (RunModel)" time="0.009" />
  <testcase classname="ptolemy.util.test.junit.AutoTests" name="[70] /home/travis/build/icyphy/ptII/ptolemy/domains/de/test/auto/TimingParadox.xml (RunModel)" time="0.328" />
  <testcase classname="ptolemy.util.test.junit.AutoTests" name="[71] /home/travis/build/icyphy/ptII/ptolemy/domains/de/test/auto/TransferInputs.xml (RunModel)" time="0.008" />
  <testcase classname="ptolemy.util.test.junit.AutoTests" name="[72] /home/travis/build/icyphy/ptII/ptolemy/domains/de/test/auto/TransferOutputs2.xml (RunModel)" time="0.013" />
  <testcase classname="ptolemy.util.test.junit.AutoTests" name="[73] /home/travis/build/icyphy/ptII/ptolemy/domains/de/test/auto/Trilateration.xml (RunModel)" time="12.208" />
  <testcase classname="ptolemy.util.test.junit.AutoTests" name="[74] /home/travis/build/icyphy/ptII/ptolemy/domains/de/test/auto/TwoSigmaDelta.xml (RunModel)" time="2.018" />
  <testcase classname="ptolemy.util.test.junit.AutoTests" name="[75] /home/travis/build/icyphy/ptII/ptolemy/domains/de/test/auto/VariableDelay.xml (RunModel)" time="0.01" />
  <testcase classname="ptolemy.util.test.junit.AutoTests" name="[76] /home/travis/build/icyphy/ptII/ptolemy/domains/de/test/auto/VariableDelay2.xml (RunModel)" time="0.008" />
  <testcase classname="ptolemy.util.test.junit.AutoTests" name="[77] /home/travis/build/icyphy/ptII/ptolemy/domains/de/test/auto/VariableDelayZeroDelay.xml (RunModel)" time="0.009" />
  <testcase classname="ptolemy.util.test.junit.AutoTests" name="[78] /home/travis/build/icyphy/ptII/ptolemy/domains/de/test/auto/VariableDelayZeroDelay2.xml (RunModel)" time="0.009" />
  <testcase classname="ptolemy.util.test.junit.AutoTests" name="[79] /home/travis/build/icyphy/ptII/ptolemy/domains/de/test/auto/deInCt.xml (RunModel)" time="0.012" />
  <testcase classname="ptolemy.util.test.junit.AutoTests" name="[80] /home/travis/build/icyphy/ptII/ptolemy/domains/de/test/auto/deInCt2.xml (RunModel)" time="0.013" />
  <testcase classname="ptolemy.util.test.junit.AutoTests" name="[81] /home/travis/build/icyphy/ptII/ptolemy/domains/de/test/auto/dynamicCausalityInterface1.xml (RunModel)" time="0.017" />
  <testcase classname="ptolemy.util.test.junit.AutoTests" name="[82] /home/travis/build/icyphy/ptII/ptolemy/domains/de/test/auto/fsm_de_test.xml (RunModel)" time="0.02" />
  <testcase classname="ptolemy.util.test.junit.AutoTests" name="[83] /home/travis/build/icyphy/ptII/ptolemy/domains/de/test/auto/functionDependencyReconstruction.xml (RunModel)" time="0.033" />
  <testcase classname="ptolemy.util.test.junit.AutoTests" name="[84] /home/travis/build/icyphy/ptII/ptolemy/domains/de/test/auto/multirate.xml (RunModel)" time="0.013" />
  <testcase classname="ptolemy.util.test.junit.AutoTests" name="[85] /home/travis/build/icyphy/ptII/ptolemy/domains/de/test/auto/multirate2.xml (RunModel)" time="0.013" />
  <testcase classname="ptolemy.util.test.junit.AutoTests" name="[86] /home/travis/build/icyphy/ptII/ptolemy/domains/de/test/auto/realtime.xml (RunModel)" time="10.01" />
  <testcase classname="ptolemy.util.test.junit.AutoTests" name="[87] /home/travis/build/icyphy/ptII/ptolemy/domains/de/test/auto/relationGroup.xml (RunModel)" time="0.008" />
  <testcase classname="ptolemy.util.test.junit.AutoTests" name="[88] /home/travis/build/icyphy/ptII/ptolemy/domains/de/test/auto/relationGroup2.xml (RunModel)" time="0.007" />
  <testcase classname="ptolemy.util.test.junit.AutoTests" name="[89] /home/travis/build/icyphy/ptII/ptolemy/domains/de/test/auto/sortWithOpaquePorts.xml (RunModel)" time="0.008" />
  <testcase classname="ptolemy.util.test.junit.AutoTests" name="[90] /home/travis/build/icyphy/ptII/ptolemy/domains/de/test/auto/transferInputsandOutputs.xml (RunModel)" time="0.014" />
  <testcase classname="ptolemy.util.test.junit.AutoTests" name="[91] /home/travis/build/icyphy/ptII/ptolemy/domains/de/test/auto/triggerType.xml (RunModel)" time="0.008" />
  <system-out><![CDATA[/home/travis/build/icyphy/ptII/ptolemy/domains/de/test/DependencyLoop.tcl
testDefs.tcl: setting time out to 9000 seconds at Thu May 17 02:00:51 UTC 2018
18 ms. Memory: 116224K Free: 95094K (82%)
6 ms. Memory: 146944K Free: 137828K (94%)
/home/travis/build/icyphy/ptII/ptolemy/domains/de/test/RunDETestsAsQSS.tcl
Run the DE tests using ptolemy.domains.qss.test.QSSDirectorTest, which extends QSSDirector and prints a message in the constructors.
------------------ testing $PTII/ptolemy/domains/de/test/auto/knownFailedTests/dependencyLoop.xml (Known Failure) 
7 ms. Memory: 146944K Free: 133555K (91%)


==== $PTIIhome/travis/build/icyphy/ptII/ptolemy/domains/de/test/../../../../: Auto Automatic test in file $PTII/ptolemy/domains/de/test/auto/knownFailedTests/dependencyLoop.xml
==== Contents of test case:

	    # FIXME: we should use $relativeFilename here, but it
	    # might have backslashes under Windows, which causes no end
	    # of trouble.
	    createAndExecute $file
	    list {}
	
.... Test generated KNOWN error:
    while executing
ptolemy.kernel.util.IllegalActionException: Found a zero delay loop containing .dependencyLoop.original
  in .dependencyLoop and .dependencyLoop.original
	at ptolemy.actor.util.CausalityInterfaceForComposites._computeOutputPortDepth(CausalityInterfaceForComposites.java:759)
	at ptolemy.actor.util.CausalityInterfaceForComposites._computeInputDepth(CausalityInterfaceForComposites.java:696)
	at ptolemy.actor.util.CausalityInterfaceForComposites._computeOutputPortDepth(CausalityInterfaceForComposites.java:765)
	at ptolemy.actor.util.CausalityInterfaceForComposites._computeInputDepth(CausalityInterfaceForComposites.java:696)
	at ptolemy.actor.util.CausalityInterfaceForComposites._computeOutputPortDepth(CausalityInterfaceForComposites.java:765)
	at ptolemy.actor.util.CausalityInterfaceForComposites._computeInputDepth(CausalityInterfaceForComposites.java:696)
	at ptolemy.actor.util.CausalityInterfaceForComposites._computeActorDepth(CausalityInterfaceForComposites.java:532)
	at ptolemy.actor.util.CausalityInterfaceForComposites.checkForCycles(CausalityInterfaceForComposites.java:96)
	at ptolemy.domains.de.kernel.DEDirector.preinitialize(DEDirector.java:1337)
	at ptolemy.actor.CompositeActor.preinitialize(CompositeActor.java:1828)
	at ptolemy.actor.Manager.preinitializeAndResolveTypes(Manager.java:1040)
	at ptolemy.actor.Manager.initialize(Manager.java:710)
	at ptolemy.actor.Manager.execute(Manager.java:356)
	at ptolemy.actor.Manager.run(Manager.java:1263)
	at ptolemy.actor.Manager$PtolemyRunThread.run(Manager.java:1915)

    while executing
ptolemy.kernel.util.IllegalActionException: Found a zero delay loop containing .dependencyLoop.original
  in .dependencyLoop and .dependencyLoop.original
    while executing
"java::new ptolemy.moml.MoMLSimpleApplication $file
"
    (procedure "createAndExecute" line 2)
    invoked from within
"createAndExecute $file"
    ("uplevel" body line 5)
    invoked from within
"uplevel $contents_of_test"
------------------ testing $PTII/ptolemy/domains/de/test/auto/knownFailedTests/DESDFClockTest.xml (Known Failure) 
2065 ms. Memory: 146944K Free: 117769K (80%)


==== $PTIIhome/travis/build/icyphy/ptII/ptolemy/domains/de/test/../../../../: Auto Automatic test in file $PTII/ptolemy/domains/de/test/auto/knownFailedTests/DESDFClockTest.xml
==== Contents of test case:

	    # FIXME: we should use $relativeFilename here, but it
	    # might have backslashes under Windows, which causes no end
	    # of trouble.
	    createAndExecute $file
	    list {}
	
.... Test generated KNOWN error:
    while executing
ptolemy.kernel.util.IllegalActionException: Actor is not ready to fire.  Perhaps UpSample.prefire() returned false? Try debugging the actor by selecting "Listen to Actor".  Also, for SDF check moml for tokenConsumptionRate on input.
  in .DESDFClockTest.Play Bell.Copy1:SDF Director and .DESDFClockTest.Play Bell.UpSample
	at ptolemy.actor.sched.StaticSchedulingDirector.fire(StaticSchedulingDirector.java:227)
	at ptolemy.domains.sdf.kernel.SDFDirector.fire(SDFDirector.java:500)
	at ptolemy.actor.CompositeActor.fire(CompositeActor.java:455)
	at ptolemy.domains.de.kernel.DEDirector._fire(DEDirector.java:1948)
	at ptolemy.domains.de.kernel.DEDirector.fire(DEDirector.java:502)
	at ptolemy.actor.CompositeActor.fire(CompositeActor.java:455)
	at ptolemy.actor.Manager.iterate(Manager.java:851)
	at ptolemy.actor.Manager.execute(Manager.java:369)
	at ptolemy.actor.Manager.run(Manager.java:1263)
	at ptolemy.actor.Manager$PtolemyRunThread.run(Manager.java:1915)

    while executing
ptolemy.kernel.util.IllegalActionException: Actor is not ready to fire.  Perhaps UpSample.prefire() returned false? Try debugging the actor by selecting "Listen to Actor".  Also, for SDF check moml for tokenConsumptionRate on input.
  in .DESDFClockTest.Play Bell.Copy1:SDF Director and .DESDFClockTest.Play Bell.UpSample
    while executing
"java::new ptolemy.moml.MoMLSimpleApplication $file
"
    (procedure "createAndExecute" line 2)
    invoked from within
"createAndExecute $file"
    ("uplevel" body line 5)
    invoked from within
"uplevel $contents_of_test"
------------------ testing $PTII/ptolemy/domains/de/test/auto/knownFailedTests/FSMSource.xml (Known Failure) 
30 ms. Memory: 146944K Free: 108777K (74%)
!!!! Auto was marked as failing, but now passes
------------------ testing $PTII/ptolemy/domains/de/test/auto/knownFailedTests/dependencyLoop2.xml (Known Failure) 
11 ms. Memory: 146944K Free: 106894K (73%)


==== $PTIIhome/travis/build/icyphy/ptII/ptolemy/domains/de/test/../../../../: Auto Automatic test in file $PTII/ptolemy/domains/de/test/auto/knownFailedTests/dependencyLoop2.xml
==== Contents of test case:

	    # FIXME: we should use $relativeFilename here, but it
	    # might have backslashes under Windows, which causes no end
	    # of trouble.
	    createAndExecute $file
	    list {}
	
.... Test generated KNOWN error:
    while executing
ptolemy.kernel.util.IllegalActionException: Found a zero delay loop containing .dependencyLoop2.original
  in .dependencyLoop2 and .dependencyLoop2.original
	at ptolemy.actor.util.CausalityInterfaceForComposites._computeOutputPortDepth(CausalityInterfaceForComposites.java:759)
	at ptolemy.actor.util.CausalityInterfaceForComposites._computeInputDepth(CausalityInterfaceForComposites.java:696)
	at ptolemy.actor.util.CausalityInterfaceForComposites._computeOutputPortDepth(CausalityInterfaceForComposites.java:765)
	at ptolemy.actor.util.CausalityInterfaceForComposites._computeInputDepth(CausalityInterfaceForComposites.java:696)
	at ptolemy.actor.util.CausalityInterfaceForComposites._computeOutputPortDepth(CausalityInterfaceForComposites.java:765)
	at ptolemy.actor.util.CausalityInterfaceForComposites._computeInputDepth(CausalityInterfaceForComposites.java:696)
	at ptolemy.actor.util.CausalityInterfaceForComposites._computeActorDepth(CausalityInterfaceForComposites.java:532)
	at ptolemy.actor.util.CausalityInterfaceForComposites.checkForCycles(CausalityInterfaceForComposites.java:96)
	at ptolemy.domains.de.kernel.DEDirector.preinitialize(DEDirector.java:1337)
	at ptolemy.actor.CompositeActor.preinitialize(CompositeActor.java:1828)
	at ptolemy.actor.Manager.preinitializeAndResolveTypes(Manager.java:1040)
	at ptolemy.actor.Manager.initialize(Manager.java:710)
	at ptolemy.actor.Manager.execute(Manager.java:356)
	at ptolemy.actor.Manager.run(Manager.java:1263)
	at ptolemy.actor.Manager$PtolemyRunThread.run(Manager.java:1915)

    while executing
ptolemy.kernel.util.IllegalActionException: Found a zero delay loop containing .dependencyLoop2.original
  in .dependencyLoop2 and .dependencyLoop2.original
    while executing
"java::new ptolemy.moml.MoMLSimpleApplication $file
"
    (procedure "createAndExecute" line 2)
    invoked from within
"createAndExecute $file"
    ("uplevel" body line 5)
    invoked from within
"uplevel $contents_of_test"
------------------ testing $PTII/ptolemy/domains/de/test/auto/knownFailedTests/HierarchicalModel.xml (Known Failure) 
6 ms. Memory: 146944K Free: 86343K (59%)


==== $PTIIhome/travis/build/icyphy/ptII/ptolemy/domains/de/test/../../../../: Auto Automatic test in file $PTII/ptolemy/domains/de/test/auto/knownFailedTests/HierarchicalModel.xml
==== Contents of test case:

	    # FIXME: we should use $relativeFilename here, but it
	    # might have backslashes under Windows, which causes no end
	    # of trouble.
	    createAndExecute $file
	    list {}
	
.... Test generated KNOWN error:
    while executing
ptolemy.kernel.util.IllegalActionException: Found a zero delay loop containing .HierarchicalModel.A
  in .HierarchicalModel and .HierarchicalModel.A
	at ptolemy.actor.util.CausalityInterfaceForComposites._computeOutputPortDepth(CausalityInterfaceForComposites.java:759)
	at ptolemy.actor.util.CausalityInterfaceForComposites._computeInputDepth(CausalityInterfaceForComposites.java:696)
	at ptolemy.actor.util.CausalityInterfaceForComposites._computeOutputPortDepth(CausalityInterfaceForComposites.java:765)
	at ptolemy.actor.util.CausalityInterfaceForComposites._computeInputDepth(CausalityInterfaceForComposites.java:696)
	at ptolemy.actor.util.CausalityInterfaceForComposites._computeOutputPortDepth(CausalityInterfaceForComposites.java:765)
	at ptolemy.actor.util.CausalityInterfaceForComposites._computeInputDepth(CausalityInterfaceForComposites.java:696)
	at ptolemy.actor.util.CausalityInterfaceForComposites._computeActorDepth(CausalityInterfaceForComposites.java:532)
	at ptolemy.actor.util.CausalityInterfaceForComposites.checkForCycles(CausalityInterfaceForComposites.java:96)
	at ptolemy.domains.de.kernel.DEDirector.preinitialize(DEDirector.java:1337)
	at ptolemy.actor.CompositeActor.preinitialize(CompositeActor.java:1828)
	at ptolemy.actor.Manager.preinitializeAndResolveTypes(Manager.java:1040)
	at ptolemy.actor.Manager.initialize(Manager.java:710)
	at ptolemy.actor.Manager.execute(Manager.java:356)
	at ptolemy.actor.Manager.run(Manager.java:1263)
	at ptolemy.actor.Manager$PtolemyRunThread.run(Manager.java:1915)

    while executing
ptolemy.kernel.util.IllegalActionException: Found a zero delay loop containing .HierarchicalModel.A
  in .HierarchicalModel and .HierarchicalModel.A
    while executing
"java::new ptolemy.moml.MoMLSimpleApplication $file
"
    (procedure "createAndExecute" line 2)
    invoked from within
"createAndExecute $file"
    ("uplevel" body line 5)
    invoked from within
"uplevel $contents_of_test"
------------------ testing $PTII/ptolemy/domains/de/test/auto/knownFailedTests/DirectFeedback.xml (Known Failure) 
17 ms. Memory: 146944K Free: 142567K (97%)


==== $PTIIhome/travis/build/icyphy/ptII/ptolemy/domains/de/test/../../../../: Auto Automatic test in file $PTII/ptolemy/domains/de/test/auto/knownFailedTests/DirectFeedback.xml
==== Contents of test case:

	    # FIXME: we should use $relativeFilename here, but it
	    # might have backslashes under Windows, which causes no end
	    # of trouble.
	    createAndExecute $file
	    list {}
	
.... Test generated KNOWN error:
    while executing
ptolemy.kernel.util.IllegalActionException: Test fails in iteration 1.
Value was: 1.0. Should have been: 2.0
  in .DirectFeedback.Test
	at ptolemy.actor.lib.Test.fire(Test.java:268)
	at ptolemy.domains.de.kernel.DEDirector._fire(DEDirector.java:1948)
	at ptolemy.domains.de.kernel.DEDirector.fire(DEDirector.java:502)
	at ptolemy.actor.CompositeActor.fire(CompositeActor.java:455)
	at ptolemy.actor.Manager.iterate(Manager.java:851)
	at ptolemy.actor.Manager.execute(Manager.java:369)
	at ptolemy.actor.Manager.run(Manager.java:1263)
	at ptolemy.actor.Manager$PtolemyRunThread.run(Manager.java:1915)

    while executing
ptolemy.kernel.util.IllegalActionException: Test fails in iteration 1.
Value was: 1.0. Should have been: 2.0
  in .DirectFeedback.Test
    while executing
"java::new ptolemy.moml.MoMLSimpleApplication $file
"
    (procedure "createAndExecute" line 2)
    invoked from within
"createAndExecute $file"
    ("uplevel" body line 5)
    invoked from within
"uplevel $contents_of_test"
------------------ testing $PTII/ptolemy/domains/de/test/auto/ActorDepthCalculation_actorWithoutPorts.xml
auto.tcl: Setting watchdog for 200 seconds at Thu May 17 02:00:54 UTC 2018
10 ms. Memory: 146944K Free: 133595K (91%)
ptolemy.util.test.WatchDog.cancel(): canceling Thu May 17 02:00:54 UTC 2018
auto.tcl: Setting watchdog for 200 seconds at Thu May 17 02:00:54 UTC 2018
4 ms. Memory: 146944K Free: 132556K (90%)
ptolemy.util.test.WatchDog.cancel(): canceling Thu May 17 02:00:54 UTC 2018
------------------ testing $PTII/ptolemy/domains/de/test/auto/AssemblyLine.xml
auto.tcl: Setting watchdog for 200 seconds at Thu May 17 02:00:55 UTC 2018
20 ms. Memory: 208384K Free: 182827K (88%)
ptolemy.util.test.WatchDog.cancel(): canceling Thu May 17 02:00:55 UTC 2018
auto.tcl: Setting watchdog for 200 seconds at Thu May 17 02:00:55 UTC 2018
6 ms. Memory: 208384K Free: 182827K (88%)
ptolemy.util.test.WatchDog.cancel(): canceling Thu May 17 02:00:55 UTC 2018
------------------ testing $PTII/ptolemy/domains/de/test/auto/CQBug1.xml
auto.tcl: Setting watchdog for 200 seconds at Thu May 17 02:00:55 UTC 2018
4 ms. Memory: 208384K Free: 197711K (95%)
ptolemy.util.test.WatchDog.cancel(): canceling Thu May 17 02:00:55 UTC 2018
auto.tcl: Setting watchdog for 200 seconds at Thu May 17 02:00:55 UTC 2018
2 ms. Memory: 208384K Free: 197711K (95%)
ptolemy.util.test.WatchDog.cancel(): canceling Thu May 17 02:00:55 UTC 2018
------------------ testing $PTII/ptolemy/domains/de/test/auto/CancelFireAt.xml
auto.tcl: Setting watchdog for 200 seconds at Thu May 17 02:00:55 UTC 2018
7 ms. Memory: 208384K Free: 201437K (97%)
ptolemy.util.test.WatchDog.cancel(): canceling Thu May 17 02:00:55 UTC 2018
auto.tcl: Setting watchdog for 200 seconds at Thu May 17 02:00:55 UTC 2018
9 ms. Memory: 208384K Free: 198994K (95%)
ptolemy.util.test.WatchDog.cancel(): canceling Thu May 17 02:00:55 UTC 2018
------------------ testing $PTII/ptolemy/domains/de/test/auto/CausalityAndComposabilityAnalysis.xml
auto.tcl: Setting watchdog for 200 seconds at Thu May 17 02:00:55 UTC 2018
8 ms. Memory: 208384K Free: 196486K (94%)
ptolemy.util.test.WatchDog.cancel(): canceling Thu May 17 02:00:55 UTC 2018
auto.tcl: Setting watchdog for 200 seconds at Thu May 17 02:00:55 UTC 2018
10 ms. Memory: 208384K Free: 196486K (94%)
ptolemy.util.test.WatchDog.cancel(): canceling Thu May 17 02:00:55 UTC 2018
------------------ testing $PTII/ptolemy/domains/de/test/auto/CausalityInterface1.xml
auto.tcl: Setting watchdog for 200 seconds at Thu May 17 02:00:55 UTC 2018
13 ms. Memory: 208384K Free: 196422K (94%)
ptolemy.util.test.WatchDog.cancel(): canceling Thu May 17 02:00:55 UTC 2018
auto.tcl: Setting watchdog for 200 seconds at Thu May 17 02:00:55 UTC 2018
4 ms. Memory: 208384K Free: 196422K (94%)
ptolemy.util.test.WatchDog.cancel(): canceling Thu May 17 02:00:55 UTC 2018
------------------ testing $PTII/ptolemy/domains/de/test/auto/CausalityInterface15.xml
auto.tcl: Setting watchdog for 200 seconds at Thu May 17 02:00:55 UTC 2018
12 ms. Memory: 208384K Free: 196413K (94%)
ptolemy.util.test.WatchDog.cancel(): canceling Thu May 17 02:00:55 UTC 2018
auto.tcl: Setting watchdog for 200 seconds at Thu May 17 02:00:55 UTC 2018
17 ms. Memory: 208384K Free: 196413K (94%)
ptolemy.util.test.WatchDog.cancel(): canceling Thu May 17 02:00:55 UTC 2018
------------------ testing $PTII/ptolemy/domains/de/test/auto/CausalityInterface2.xml
auto.tcl: Setting watchdog for 200 seconds at Thu May 17 02:00:55 UTC 2018
6 ms. Memory: 208384K Free: 196735K (94%)
ptolemy.util.test.WatchDog.cancel(): canceling Thu May 17 02:00:55 UTC 2018
auto.tcl: Setting watchdog for 200 seconds at Thu May 17 02:00:55 UTC 2018
3 ms. Memory: 208384K Free: 196735K (94%)
ptolemy.util.test.WatchDog.cancel(): canceling Thu May 17 02:00:55 UTC 2018
------------------ testing $PTII/ptolemy/domains/de/test/auto/CausalityInterface3.xml
auto.tcl: Setting watchdog for 200 seconds at Thu May 17 02:00:56 UTC 2018
3 ms. Memory: 208384K Free: 196410K (94%)
ptolemy.util.test.WatchDog.cancel(): canceling Thu May 17 02:00:56 UTC 2018
auto.tcl: Setting watchdog for 200 seconds at Thu May 17 02:00:56 UTC 2018
3 ms. Memory: 208384K Free: 196410K (94%)
ptolemy.util.test.WatchDog.cancel(): canceling Thu May 17 02:00:56 UTC 2018
------------------ testing $PTII/ptolemy/domains/de/test/auto/ClockDrift.xml
auto.tcl: Setting watchdog for 200 seconds at Thu May 17 02:00:56 UTC 2018
85 ms. Memory: 208384K Free: 187625K (90%)
ptolemy.util.test.WatchDog.cancel(): canceling Thu May 17 02:00:56 UTC 2018
auto.tcl: Setting watchdog for 200 seconds at Thu May 17 02:00:56 UTC 2018
48 ms. Memory: 208384K Free: 185520K (89%)
ptolemy.util.test.WatchDog.cancel(): canceling Thu May 17 02:00:56 UTC 2018
------------------ testing $PTII/ptolemy/domains/de/test/auto/ClockDriftAndValueChange.xml
auto.tcl: Setting watchdog for 200 seconds at Thu May 17 02:00:56 UTC 2018
27 ms. Memory: 208384K Free: 187458K (90%)
ptolemy.util.test.WatchDog.cancel(): canceling Thu May 17 02:00:56 UTC 2018
auto.tcl: Setting watchdog for 200 seconds at Thu May 17 02:00:56 UTC 2018
37 ms. Memory: 208384K Free: 185353K (89%)
ptolemy.util.test.WatchDog.cancel(): canceling Thu May 17 02:00:56 UTC 2018
------------------ testing $PTII/ptolemy/domains/de/test/auto/ClockDriftChange.xml
auto.tcl: Setting watchdog for 200 seconds at Thu May 17 02:00:56 UTC 2018
22 ms. Memory: 208384K Free: 190789K (92%)
ptolemy.util.test.WatchDog.cancel(): canceling Thu May 17 02:00:56 UTC 2018
auto.tcl: Setting watchdog for 200 seconds at Thu May 17 02:00:56 UTC 2018
31 ms. Memory: 208384K Free: 188683K (91%)
ptolemy.util.test.WatchDog.cancel(): canceling Thu May 17 02:00:56 UTC 2018
------------------ testing $PTII/ptolemy/domains/de/test/auto/ComposableCausalityAnalysis.xml
auto.tcl: Setting watchdog for 200 seconds at Thu May 17 02:00:56 UTC 2018
4 ms. Memory: 208384K Free: 196266K (94%)
ptolemy.util.test.WatchDog.cancel(): canceling Thu May 17 02:00:56 UTC 2018
auto.tcl: Setting watchdog for 200 seconds at Thu May 17 02:00:56 UTC 2018
5 ms. Memory: 208384K Free: 194160K (93%)
ptolemy.util.test.WatchDog.cancel(): canceling Thu May 17 02:00:56 UTC 2018
------------------ testing $PTII/ptolemy/domains/de/test/auto/DEFixedPointLimitation.xml
auto.tcl: Setting watchdog for 200 seconds at Thu May 17 02:00:56 UTC 2018
1 ms. Memory: 208384K Free: 196346K (94%)
ptolemy.util.test.WatchDog.cancel(): canceling Thu May 17 02:00:56 UTC 2018
auto.tcl: Setting watchdog for 200 seconds at Thu May 17 02:00:56 UTC 2018
5 ms. Memory: 208384K Free: 196346K (94%)
ptolemy.util.test.WatchDog.cancel(): canceling Thu May 17 02:00:56 UTC 2018
------------------ testing $PTII/ptolemy/domains/de/test/auto/DEScheduleTest.xml
auto.tcl: Setting watchdog for 200 seconds at Thu May 17 02:00:56 UTC 2018
4 ms. Memory: 208384K Free: 198488K (95%)
ptolemy.util.test.WatchDog.cancel(): canceling Thu May 17 02:00:56 UTC 2018
auto.tcl: Setting watchdog for 200 seconds at Thu May 17 02:00:56 UTC 2018
3 ms. Memory: 208384K Free: 196382K (94%)
ptolemy.util.test.WatchDog.cancel(): canceling Thu May 17 02:00:56 UTC 2018
------------------ testing $PTII/ptolemy/domains/de/test/auto/DEinDEwithStartTimes.xml
auto.tcl: Setting watchdog for 200 seconds at Thu May 17 02:00:56 UTC 2018
8 ms. Memory: 208384K Free: 196689K (94%)
ptolemy.util.test.WatchDog.cancel(): canceling Thu May 17 02:00:56 UTC 2018
auto.tcl: Setting watchdog for 200 seconds at Thu May 17 02:00:56 UTC 2018
5 ms. Memory: 208384K Free: 194584K (93%)
ptolemy.util.test.WatchDog.cancel(): canceling Thu May 17 02:00:56 UTC 2018
------------------ testing $PTII/ptolemy/domains/de/test/auto/DEinDEwithStartTimes2.xml
auto.tcl: Setting watchdog for 200 seconds at Thu May 17 02:00:57 UTC 2018
7 ms. Memory: 208384K Free: 196331K (94%)
ptolemy.util.test.WatchDog.cancel(): canceling Thu May 17 02:00:57 UTC 2018
auto.tcl: Setting watchdog for 200 seconds at Thu May 17 02:00:57 UTC 2018
4 ms. Memory: 208384K Free: 194226K (93%)
ptolemy.util.test.WatchDog.cancel(): canceling Thu May 17 02:00:57 UTC 2018
------------------ testing $PTII/ptolemy/domains/de/test/auto/DateDemo.xml
auto.tcl: Setting watchdog for 200 seconds at Thu May 17 02:00:57 UTC 2018
8 ms. Memory: 208384K Free: 188744K (91%)
ptolemy.util.test.WatchDog.cancel(): canceling Thu May 17 02:00:57 UTC 2018
auto.tcl: Setting watchdog for 200 seconds at Thu May 17 02:00:57 UTC 2018
7 ms. Memory: 208384K Free: 186638K (90%)
ptolemy.util.test.WatchDog.cancel(): canceling Thu May 17 02:00:57 UTC 2018
------------------ testing $PTII/ptolemy/domains/de/test/auto/DateToEvent.xml
auto.tcl: Setting watchdog for 200 seconds at Thu May 17 02:00:57 UTC 2018
2015 ms. Memory: 208384K Free: 183449K (88%)
ptolemy.util.test.WatchDog.cancel(): canceling Thu May 17 02:00:59 UTC 2018
auto.tcl: Setting watchdog for 200 seconds at Thu May 17 02:00:59 UTC 2018
2005 ms. Memory: 208384K Free: 180992K (87%)
ptolemy.util.test.WatchDog.cancel(): canceling Thu May 17 02:01:01 UTC 2018
------------------ testing $PTII/ptolemy/domains/de/test/auto/DepthTest1.xml
auto.tcl: Setting watchdog for 200 seconds at Thu May 17 02:01:01 UTC 2018
4 ms. Memory: 208384K Free: 198015K (95%)
ptolemy.util.test.WatchDog.cancel(): canceling Thu May 17 02:01:01 UTC 2018
auto.tcl: Setting watchdog for 200 seconds at Thu May 17 02:01:01 UTC 2018
2 ms. Memory: 208384K Free: 198015K (95%)
ptolemy.util.test.WatchDog.cancel(): canceling Thu May 17 02:01:01 UTC 2018
------------------ testing $PTII/ptolemy/domains/de/test/auto/DepthTest2.xml
auto.tcl: Setting watchdog for 200 seconds at Thu May 17 02:01:01 UTC 2018
10 ms. Memory: 208384K Free: 194205K (93%)
ptolemy.util.test.WatchDog.cancel(): canceling Thu May 17 02:01:01 UTC 2018
auto.tcl: Setting watchdog for 200 seconds at Thu May 17 02:01:01 UTC 2018
7 ms. Memory: 208384K Free: 194205K (93%)
ptolemy.util.test.WatchDog.cancel(): canceling Thu May 17 02:01:01 UTC 2018
------------------ testing $PTII/ptolemy/domains/de/test/auto/DepthTest3.xml
auto.tcl: Setting watchdog for 200 seconds at Thu May 17 02:01:01 UTC 2018
5 ms. Memory: 208384K Free: 198348K (95%)
ptolemy.util.test.WatchDog.cancel(): canceling Thu May 17 02:01:01 UTC 2018
auto.tcl: Setting watchdog for 200 seconds at Thu May 17 02:01:01 UTC 2018
2 ms. Memory: 208384K Free: 198348K (95%)
ptolemy.util.test.WatchDog.cancel(): canceling Thu May 17 02:01:01 UTC 2018
------------------ testing $PTII/ptolemy/domains/de/test/auto/DepthTest4.xml
auto.tcl: Setting watchdog for 200 seconds at Thu May 17 02:01:01 UTC 2018
5 ms. Memory: 208384K Free: 196667K (94%)
ptolemy.util.test.WatchDog.cancel(): canceling Thu May 17 02:01:01 UTC 2018
auto.tcl: Setting watchdog for 200 seconds at Thu May 17 02:01:01 UTC 2018
2 ms. Memory: 208384K Free: 196330K (94%)
ptolemy.util.test.WatchDog.cancel(): canceling Thu May 17 02:01:01 UTC 2018
------------------ testing $PTII/ptolemy/domains/de/test/auto/DepthTest5.xml
auto.tcl: Setting watchdog for 200 seconds at Thu May 17 02:01:01 UTC 2018
5 ms. Memory: 208384K Free: 196277K (94%)
ptolemy.util.test.WatchDog.cancel(): canceling Thu May 17 02:01:01 UTC 2018
auto.tcl: Setting watchdog for 200 seconds at Thu May 17 02:01:01 UTC 2018
3 ms. Memory: 208384K Free: 196277K (94%)
ptolemy.util.test.WatchDog.cancel(): canceling Thu May 17 02:01:01 UTC 2018
------------------ testing $PTII/ptolemy/domains/de/test/auto/DepthTest6.xml
auto.tcl: Setting watchdog for 200 seconds at Thu May 17 02:01:01 UTC 2018
7 ms. Memory: 208384K Free: 196584K (94%)
ptolemy.util.test.WatchDog.cancel(): canceling Thu May 17 02:01:01 UTC 2018
auto.tcl: Setting watchdog for 200 seconds at Thu May 17 02:01:01 UTC 2018
3 ms. Memory: 208384K Free: 196584K (94%)
ptolemy.util.test.WatchDog.cancel(): canceling Thu May 17 02:01:01 UTC 2018
------------------ testing $PTII/ptolemy/domains/de/test/auto/DepthTest7.xml
auto.tcl: Setting watchdog for 200 seconds at Thu May 17 02:01:01 UTC 2018
3 ms. Memory: 208384K Free: 196235K (94%)
ptolemy.util.test.WatchDog.cancel(): canceling Thu May 17 02:01:01 UTC 2018
auto.tcl: Setting watchdog for 200 seconds at Thu May 17 02:01:01 UTC 2018
2 ms. Memory: 208384K Free: 196235K (94%)
ptolemy.util.test.WatchDog.cancel(): canceling Thu May 17 02:01:01 UTC 2018
------------------ testing $PTII/ptolemy/domains/de/test/auto/EventToDate.xml
auto.tcl: Setting watchdog for 200 seconds at Thu May 17 02:01:01 UTC 2018
3010 ms. Memory: 208384K Free: 185728K (89%)
ptolemy.util.test.WatchDog.cancel(): canceling Thu May 17 02:01:05 UTC 2018
auto.tcl: Setting watchdog for 200 seconds at Thu May 17 02:01:05 UTC 2018
3005 ms. Memory: 208384K Free: 185728K (89%)
ptolemy.util.test.WatchDog.cancel(): canceling Thu May 17 02:01:08 UTC 2018
------------------ testing $PTII/ptolemy/domains/de/test/auto/FSM1.xml
auto.tcl: Setting watchdog for 200 seconds at Thu May 17 02:01:08 UTC 2018
19 ms. Memory: 208384K Free: 189275K (91%)
ptolemy.util.test.WatchDog.cancel(): canceling Thu May 17 02:01:08 UTC 2018
auto.tcl: Setting watchdog for 200 seconds at Thu May 17 02:01:08 UTC 2018
20 ms. Memory: 208384K Free: 185064K (89%)
ptolemy.util.test.WatchDog.cancel(): canceling Thu May 17 02:01:08 UTC 2018
------------------ testing $PTII/ptolemy/domains/de/test/auto/FSM7.xml
auto.tcl: Setting watchdog for 200 seconds at Thu May 17 02:01:08 UTC 2018
19 ms. Memory: 208384K Free: 187372K (90%)
ptolemy.util.test.WatchDog.cancel(): canceling Thu May 17 02:01:08 UTC 2018
auto.tcl: Setting watchdog for 200 seconds at Thu May 17 02:01:08 UTC 2018
14 ms. Memory: 208384K Free: 185267K (89%)
ptolemy.util.test.WatchDog.cancel(): canceling Thu May 17 02:01:08 UTC 2018
------------------ testing $PTII/ptolemy/domains/de/test/auto/Inspection.xml
auto.tcl: Setting watchdog for 200 seconds at Thu May 17 02:01:08 UTC 2018
38 ms. Memory: 208384K Free: 188587K (90%)
ptolemy.util.test.WatchDog.cancel(): canceling Thu May 17 02:01:08 UTC 2018
auto.tcl: Setting watchdog for 200 seconds at Thu May 17 02:01:08 UTC 2018
19 ms. Memory: 208384K Free: 186482K (89%)
ptolemy.util.test.WatchDog.cancel(): canceling Thu May 17 02:01:08 UTC 2018
------------------ testing $PTII/ptolemy/domains/de/test/auto/Iteration.xml
auto.tcl: Setting watchdog for 200 seconds at Thu May 17 02:01:08 UTC 2018
9 ms. Memory: 208384K Free: 194273K (93%)
ptolemy.util.test.WatchDog.cancel(): canceling Thu May 17 02:01:08 UTC 2018
auto.tcl: Setting watchdog for 200 seconds at Thu May 17 02:01:08 UTC 2018
6 ms. Memory: 208384K Free: 193935K (93%)
ptolemy.util.test.WatchDog.cancel(): canceling Thu May 17 02:01:08 UTC 2018
------------------ testing $PTII/ptolemy/domains/de/test/auto/LineFault.xml
auto.tcl: Setting watchdog for 200 seconds at Thu May 17 02:01:08 UTC 2018
806 ms. Memory: 208384K Free: 196277K (94%)
ptolemy.util.test.WatchDog.cancel(): canceling Thu May 17 02:01:09 UTC 2018
auto.tcl: Setting watchdog for 200 seconds at Thu May 17 02:01:09 UTC 2018
653 ms. Memory: 208384K Free: 138792K (67%)
ptolemy.util.test.WatchDog.cancel(): canceling Thu May 17 02:01:10 UTC 2018
------------------ testing $PTII/ptolemy/domains/de/test/auto/MergeModel1Add.xml
auto.tcl: Setting watchdog for 200 seconds at Thu May 17 02:01:10 UTC 2018
16 ms. Memory: 331264K Free: 302733K (91%)
ptolemy.util.test.WatchDog.cancel(): canceling Thu May 17 02:01:10 UTC 2018
auto.tcl: Setting watchdog for 200 seconds at Thu May 17 02:01:10 UTC 2018
10 ms. Memory: 331264K Free: 298768K (90%)
ptolemy.util.test.WatchDog.cancel(): canceling Thu May 17 02:01:10 UTC 2018
------------------ testing $PTII/ptolemy/domains/de/test/auto/MergeModel2Add.xml
auto.tcl: Setting watchdog for 200 seconds at Thu May 17 02:01:10 UTC 2018
11 ms. Memory: 331264K Free: 304071K (92%)
ptolemy.util.test.WatchDog.cancel(): canceling Thu May 17 02:01:10 UTC 2018
auto.tcl: Setting watchdog for 200 seconds at Thu May 17 02:01:10 UTC 2018
9 ms. Memory: 331264K Free: 300107K (91%)
ptolemy.util.test.WatchDog.cancel(): canceling Thu May 17 02:01:10 UTC 2018
------------------ testing $PTII/ptolemy/domains/de/test/auto/MergeModel3Add.xml
auto.tcl: Setting watchdog for 200 seconds at Thu May 17 02:01:10 UTC 2018
12 ms. Memory: 331264K Free: 304082K (92%)
ptolemy.util.test.WatchDog.cancel(): canceling Thu May 17 02:01:10 UTC 2018
auto.tcl: Setting watchdog for 200 seconds at Thu May 17 02:01:10 UTC 2018
11 ms. Memory: 331264K Free: 300117K (91%)
ptolemy.util.test.WatchDog.cancel(): canceling Thu May 17 02:01:10 UTC 2018
------------------ testing $PTII/ptolemy/domains/de/test/auto/MergeWithoutDiscard.xml
auto.tcl: Setting watchdog for 200 seconds at Thu May 17 02:01:10 UTC 2018
2 ms. Memory: 331264K Free: 320223K (97%)
ptolemy.util.test.WatchDog.cancel(): canceling Thu May 17 02:01:10 UTC 2018
auto.tcl: Setting watchdog for 200 seconds at Thu May 17 02:01:10 UTC 2018
1 ms. Memory: 331264K Free: 316258K (95%)
ptolemy.util.test.WatchDog.cancel(): canceling Thu May 17 02:01:10 UTC 2018
------------------ testing $PTII/ptolemy/domains/de/test/auto/Modal1.xml
auto.tcl: Setting watchdog for 200 seconds at Thu May 17 02:01:10 UTC 2018
23 ms. Memory: 331264K Free: 309849K (94%)
ptolemy.util.test.WatchDog.cancel(): canceling Thu May 17 02:01:11 UTC 2018
auto.tcl: Setting watchdog for 200 seconds at Thu May 17 02:01:11 UTC 2018
31 ms. Memory: 331264K Free: 305885K (92%)
ptolemy.util.test.WatchDog.cancel(): canceling Thu May 17 02:01:11 UTC 2018
------------------ testing $PTII/ptolemy/domains/de/test/auto/Modal2.xml
auto.tcl: Setting watchdog for 200 seconds at Thu May 17 02:01:11 UTC 2018
13 ms. Memory: 331264K Free: 309706K (93%)
ptolemy.util.test.WatchDog.cancel(): canceling Thu May 17 02:01:11 UTC 2018
auto.tcl: Setting watchdog for 200 seconds at Thu May 17 02:01:11 UTC 2018
12 ms. Memory: 331264K Free: 305741K (92%)
ptolemy.util.test.WatchDog.cancel(): canceling Thu May 17 02:01:11 UTC 2018
------------------ testing $PTII/ptolemy/domains/de/test/auto/Modal3.xml
auto.tcl: Setting watchdog for 200 seconds at Thu May 17 02:01:11 UTC 2018
15 ms. Memory: 331264K Free: 310006K (94%)
ptolemy.util.test.WatchDog.cancel(): canceling Thu May 17 02:01:11 UTC 2018
auto.tcl: Setting watchdog for 200 seconds at Thu May 17 02:01:11 UTC 2018
11 ms. Memory: 331264K Free: 306041K (92%)
ptolemy.util.test.WatchDog.cancel(): canceling Thu May 17 02:01:11 UTC 2018
------------------ testing $PTII/ptolemy/domains/de/test/auto/Modal4.xml
auto.tcl: Setting watchdog for 200 seconds at Thu May 17 02:01:11 UTC 2018
29 ms. Memory: 331264K Free: 309734K (94%)
ptolemy.util.test.WatchDog.cancel(): canceling Thu May 17 02:01:11 UTC 2018
auto.tcl: Setting watchdog for 200 seconds at Thu May 17 02:01:11 UTC 2018
20 ms. Memory: 331264K Free: 305769K (92%)
ptolemy.util.test.WatchDog.cancel(): canceling Thu May 17 02:01:11 UTC 2018
------------------ testing $PTII/ptolemy/domains/de/test/auto/Modal5.xml
auto.tcl: Setting watchdog for 200 seconds at Thu May 17 02:01:11 UTC 2018
21 ms. Memory: 331264K Free: 309721K (93%)
ptolemy.util.test.WatchDog.cancel(): canceling Thu May 17 02:01:11 UTC 2018
auto.tcl: Setting watchdog for 200 seconds at Thu May 17 02:01:11 UTC 2018
13 ms. Memory: 331264K Free: 305757K (92%)
ptolemy.util.test.WatchDog.cancel(): canceling Thu May 17 02:01:11 UTC 2018
------------------ testing $PTII/ptolemy/domains/de/test/auto/Modal6.xml
auto.tcl: Setting watchdog for 200 seconds at Thu May 17 02:01:11 UTC 2018
15 ms. Memory: 331264K Free: 309718K (93%)
ptolemy.util.test.WatchDog.cancel(): canceling Thu May 17 02:01:11 UTC 2018
auto.tcl: Setting watchdog for 200 seconds at Thu May 17 02:01:11 UTC 2018
15 ms. Memory: 331264K Free: 305754K (92%)
ptolemy.util.test.WatchDog.cancel(): canceling Thu May 17 02:01:11 UTC 2018
------------------ testing $PTII/ptolemy/domains/de/test/auto/Modal7.xml
auto.tcl: Setting watchdog for 200 seconds at Thu May 17 02:01:11 UTC 2018
20 ms. Memory: 331264K Free: 309719K (93%)
ptolemy.util.test.WatchDog.cancel(): canceling Thu May 17 02:01:11 UTC 2018
auto.tcl: Setting watchdog for 200 seconds at Thu May 17 02:01:11 UTC 2018
12 ms. Memory: 331264K Free: 305754K (92%)
ptolemy.util.test.WatchDog.cancel(): canceling Thu May 17 02:01:11 UTC 2018
------------------ testing $PTII/ptolemy/domains/de/test/auto/ModalModel.xml
auto.tcl: Setting watchdog for 200 seconds at Thu May 17 02:01:11 UTC 2018
230 ms. Memory: 331264K Free: 246183K (74%)
ptolemy.util.test.WatchDog.cancel(): canceling Thu May 17 02:01:12 UTC 2018
auto.tcl: Setting watchdog for 200 seconds at Thu May 17 02:01:12 UTC 2018
184 ms. Memory: 331264K Free: 190677K (58%)
ptolemy.util.test.WatchDog.cancel(): canceling Thu May 17 02:01:12 UTC 2018
------------------ testing $PTII/ptolemy/domains/de/test/auto/ModalSource.xml
auto.tcl: Setting watchdog for 200 seconds at Thu May 17 02:01:12 UTC 2018
10 ms. Memory: 331264K Free: 316716K (96%)
ptolemy.util.test.WatchDog.cancel(): canceling Thu May 17 02:01:12 UTC 2018
auto.tcl: Setting watchdog for 200 seconds at Thu May 17 02:01:12 UTC 2018
9 ms. Memory: 331264K Free: 313188K (95%)
ptolemy.util.test.WatchDog.cancel(): canceling Thu May 17 02:01:12 UTC 2018
------------------ testing $PTII/ptolemy/domains/de/test/auto/NonInterruptibleTimerZeroDelay.xml
auto.tcl: Setting watchdog for 200 seconds at Thu May 17 02:01:12 UTC 2018
4 ms. Memory: 331264K Free: 320896K (97%)
ptolemy.util.test.WatchDog.cancel(): canceling Thu May 17 02:01:12 UTC 2018
auto.tcl: Setting watchdog for 200 seconds at Thu May 17 02:01:12 UTC 2018
2 ms. Memory: 331264K Free: 317368K (96%)
ptolemy.util.test.WatchDog.cancel(): canceling Thu May 17 02:01:12 UTC 2018
------------------ testing $PTII/ptolemy/domains/de/test/auto/OpenQueueingNetwork.xml
auto.tcl: Setting watchdog for 200 seconds at Thu May 17 02:01:12 UTC 2018
3131 ms. Memory: 317952K Free: 151705K (48%)
ptolemy.util.test.WatchDog.cancel(): canceling Thu May 17 02:01:15 UTC 2018
auto.tcl: Setting watchdog for 200 seconds at Thu May 17 02:01:15 UTC 2018
2525 ms. Memory: 287232K Free: 230405K (80%)
ptolemy.util.test.WatchDog.cancel(): canceling Thu May 17 02:01:18 UTC 2018
------------------ testing $PTII/ptolemy/domains/de/test/auto/OpenQueuingNetwork.xml
auto.tcl: Setting watchdog for 200 seconds at Thu May 17 02:01:18 UTC 2018
245 ms. Memory: 287232K Free: 187815K (65%)
ptolemy.util.test.WatchDog.cancel(): canceling Thu May 17 02:01:18 UTC 2018
auto.tcl: Setting watchdog for 200 seconds at Thu May 17 02:01:18 UTC 2018
239 ms. Memory: 287232K Free: 130904K (46%)
ptolemy.util.test.WatchDog.cancel(): canceling Thu May 17 02:01:19 UTC 2018
------------------ testing $PTII/ptolemy/domains/de/test/auto/PeriodicSampler.xml
auto.tcl: Setting watchdog for 200 seconds at Thu May 17 02:01:19 UTC 2018
2 ms. Memory: 289792K Free: 274934K (95%)
ptolemy.util.test.WatchDog.cancel(): canceling Thu May 17 02:01:19 UTC 2018
auto.tcl: Setting watchdog for 200 seconds at Thu May 17 02:01:19 UTC 2018
2 ms. Memory: 289792K Free: 274934K (95%)
ptolemy.util.test.WatchDog.cancel(): canceling Thu May 17 02:01:19 UTC 2018
------------------ testing $PTII/ptolemy/domains/de/test/auto/PersistentIO.xml
auto.tcl: Setting watchdog for 200 seconds at Thu May 17 02:01:19 UTC 2018
9 ms. Memory: 287232K Free: 267227K (93%)
ptolemy.util.test.WatchDog.cancel(): canceling Thu May 17 02:01:19 UTC 2018
auto.tcl: Setting watchdog for 200 seconds at Thu May 17 02:01:19 UTC 2018
4 ms. Memory: 287232K Free: 267227K (93%)
ptolemy.util.test.WatchDog.cancel(): canceling Thu May 17 02:01:19 UTC 2018
------------------ testing $PTII/ptolemy/domains/de/test/auto/PortParameterResetOnInitialize.xml
auto.tcl: Setting watchdog for 200 seconds at Thu May 17 02:01:19 UTC 2018
2 ms. Memory: 289280K Free: 274782K (95%)
ptolemy.util.test.WatchDog.cancel(): canceling Thu May 17 02:01:19 UTC 2018
auto.tcl: Setting watchdog for 200 seconds at Thu May 17 02:01:19 UTC 2018
2 ms. Memory: 289280K Free: 274782K (95%)
ptolemy.util.test.WatchDog.cancel(): canceling Thu May 17 02:01:19 UTC 2018
------------------ testing $PTII/ptolemy/domains/de/test/auto/PortParameterUpdates.xml
auto.tcl: Setting watchdog for 200 seconds at Thu May 17 02:01:19 UTC 2018
7 ms. Memory: 287232K Free: 272868K (95%)
ptolemy.util.test.WatchDog.cancel(): canceling Thu May 17 02:01:19 UTC 2018
auto.tcl: Setting watchdog for 200 seconds at Thu May 17 02:01:19 UTC 2018
3 ms. Memory: 287232K Free: 269994K (94%)
ptolemy.util.test.WatchDog.cancel(): canceling Thu May 17 02:01:19 UTC 2018
------------------ testing $PTII/ptolemy/domains/de/test/auto/QueueAndServer.xml
auto.tcl: Setting watchdog for 200 seconds at Thu May 17 02:01:19 UTC 2018
17 ms. Memory: 289280K Free: 274064K (95%)
ptolemy.util.test.WatchDog.cancel(): canceling Thu May 17 02:01:19 UTC 2018
auto.tcl: Setting watchdog for 200 seconds at Thu May 17 02:01:19 UTC 2018
6 ms. Memory: 289280K Free: 274064K (95%)
ptolemy.util.test.WatchDog.cancel(): canceling Thu May 17 02:01:19 UTC 2018
------------------ testing $PTII/ptolemy/domains/de/test/auto/Records.xml
auto.tcl: Setting watchdog for 200 seconds at Thu May 17 02:01:19 UTC 2018
3 ms. Memory: 287232K Free: 274829K (96%)
ptolemy.util.test.WatchDog.cancel(): canceling Thu May 17 02:01:19 UTC 2018
auto.tcl: Setting watchdog for 200 seconds at Thu May 17 02:01:19 UTC 2018
2 ms. Memory: 287232K Free: 274829K (96%)
ptolemy.util.test.WatchDog.cancel(): canceling Thu May 17 02:01:19 UTC 2018
------------------ testing $PTII/ptolemy/domains/de/test/auto/ResetTransitionWithStartTime1.xml
auto.tcl: Setting watchdog for 200 seconds at Thu May 17 02:01:19 UTC 2018
11 ms. Memory: 288768K Free: 273616K (95%)
ptolemy.util.test.WatchDog.cancel(): canceling Thu May 17 02:01:19 UTC 2018
auto.tcl: Setting watchdog for 200 seconds at Thu May 17 02:01:19 UTC 2018
5 ms. Memory: 288768K Free: 270641K (94%)
ptolemy.util.test.WatchDog.cancel(): canceling Thu May 17 02:01:19 UTC 2018
------------------ testing $PTII/ptolemy/domains/de/test/auto/ResetTransitionWithStartTime2.xml
auto.tcl: Setting watchdog for 200 seconds at Thu May 17 02:01:19 UTC 2018
9 ms. Memory: 287232K Free: 272070K (95%)
ptolemy.util.test.WatchDog.cancel(): canceling Thu May 17 02:01:19 UTC 2018
auto.tcl: Setting watchdog for 200 seconds at Thu May 17 02:01:19 UTC 2018
5 ms. Memory: 287232K Free: 269197K (94%)
ptolemy.util.test.WatchDog.cancel(): canceling Thu May 17 02:01:19 UTC 2018
------------------ testing $PTII/ptolemy/domains/de/test/auto/ResetTransitionWithStartTime3.xml
auto.tcl: Setting watchdog for 200 seconds at Thu May 17 02:01:19 UTC 2018
7 ms. Memory: 288768K Free: 273504K (95%)
ptolemy.util.test.WatchDog.cancel(): canceling Thu May 17 02:01:19 UTC 2018
auto.tcl: Setting watchdog for 200 seconds at Thu May 17 02:01:19 UTC 2018
6 ms. Memory: 288768K Free: 270631K (94%)
ptolemy.util.test.WatchDog.cancel(): canceling Thu May 17 02:01:19 UTC 2018
------------------ testing $PTII/ptolemy/domains/de/test/auto/ResetTransitionWithStartTime4.xml
auto.tcl: Setting watchdog for 200 seconds at Thu May 17 02:01:19 UTC 2018
4 ms. Memory: 287232K Free: 271967K (95%)
ptolemy.util.test.WatchDog.cancel(): canceling Thu May 17 02:01:19 UTC 2018
auto.tcl: Setting watchdog for 200 seconds at Thu May 17 02:01:19 UTC 2018
4 ms. Memory: 287232K Free: 267850K (93%)
ptolemy.util.test.WatchDog.cancel(): canceling Thu May 17 02:01:19 UTC 2018
------------------ testing $PTII/ptolemy/domains/de/test/auto/ResettableTimer1.xml
auto.tcl: Setting watchdog for 200 seconds at Thu May 17 02:01:19 UTC 2018
5 ms. Memory: 288768K Free: 276371K (96%)
ptolemy.util.test.WatchDog.cancel(): canceling Thu May 17 02:01:19 UTC 2018
auto.tcl: Setting watchdog for 200 seconds at Thu May 17 02:01:19 UTC 2018
2 ms. Memory: 288768K Free: 276371K (96%)
ptolemy.util.test.WatchDog.cancel(): canceling Thu May 17 02:01:19 UTC 2018
------------------ testing $PTII/ptolemy/domains/de/test/auto/ResettableTimer2.xml
auto.tcl: Setting watchdog for 200 seconds at Thu May 17 02:01:19 UTC 2018
2 ms. Memory: 287232K Free: 274995K (96%)
ptolemy.util.test.WatchDog.cancel(): canceling Thu May 17 02:01:19 UTC 2018
auto.tcl: Setting watchdog for 200 seconds at Thu May 17 02:01:19 UTC 2018
2 ms. Memory: 287232K Free: 274995K (96%)
ptolemy.util.test.WatchDog.cancel(): canceling Thu May 17 02:01:19 UTC 2018
------------------ testing $PTII/ptolemy/domains/de/test/auto/ResettableTimer3.xml
auto.tcl: Setting watchdog for 200 seconds at Thu May 17 02:01:19 UTC 2018
1 ms. Memory: 288256K Free: 275917K (96%)
ptolemy.util.test.WatchDog.cancel(): canceling Thu May 17 02:01:19 UTC 2018
auto.tcl: Setting watchdog for 200 seconds at Thu May 17 02:01:19 UTC 2018
2 ms. Memory: 288256K Free: 275917K (96%)
ptolemy.util.test.WatchDog.cancel(): canceling Thu May 17 02:01:19 UTC 2018
------------------ testing $PTII/ptolemy/domains/de/test/auto/ResettableTimer4.xml
auto.tcl: Setting watchdog for 200 seconds at Thu May 17 02:01:19 UTC 2018
1 ms. Memory: 287232K Free: 274991K (96%)
ptolemy.util.test.WatchDog.cancel(): canceling Thu May 17 02:01:19 UTC 2018
auto.tcl: Setting watchdog for 200 seconds at Thu May 17 02:01:19 UTC 2018
1 ms. Memory: 287232K Free: 274991K (96%)
ptolemy.util.test.WatchDog.cancel(): canceling Thu May 17 02:01:20 UTC 2018
------------------ testing $PTII/ptolemy/domains/de/test/auto/ResettableTimer5.xml
auto.tcl: Setting watchdog for 200 seconds at Thu May 17 02:01:20 UTC 2018
1 ms. Memory: 288256K Free: 276022K (96%)
ptolemy.util.test.WatchDog.cancel(): canceling Thu May 17 02:01:20 UTC 2018
auto.tcl: Setting watchdog for 200 seconds at Thu May 17 02:01:20 UTC 2018
1 ms. Memory: 288256K Free: 276022K (96%)
ptolemy.util.test.WatchDog.cancel(): canceling Thu May 17 02:01:20 UTC 2018
------------------ testing $PTII/ptolemy/domains/de/test/auto/ResettableTimer6.xml
auto.tcl: Setting watchdog for 200 seconds at Thu May 17 02:01:20 UTC 2018
1 ms. Memory: 287232K Free: 272780K (95%)
ptolemy.util.test.WatchDog.cancel(): canceling Thu May 17 02:01:20 UTC 2018
auto.tcl: Setting watchdog for 200 seconds at Thu May 17 02:01:20 UTC 2018
1 ms. Memory: 287232K Free: 272780K (95%)
ptolemy.util.test.WatchDog.cancel(): canceling Thu May 17 02:01:20 UTC 2018
------------------ testing $PTII/ptolemy/domains/de/test/auto/ServerZeroDelay.xml
auto.tcl: Setting watchdog for 200 seconds at Thu May 17 02:01:20 UTC 2018
4 ms. Memory: 288256K Free: 275954K (96%)
ptolemy.util.test.WatchDog.cancel(): canceling Thu May 17 02:01:20 UTC 2018
auto.tcl: Setting watchdog for 200 seconds at Thu May 17 02:01:20 UTC 2018
2 ms. Memory: 288256K Free: 275954K (96%)
ptolemy.util.test.WatchDog.cancel(): canceling Thu May 17 02:01:20 UTC 2018
------------------ testing $PTII/ptolemy/domains/de/test/auto/SmartSender.xml
auto.tcl: Setting watchdog for 200 seconds at Thu May 17 02:01:20 UTC 2018
3002 ms. Memory: 287232K Free: 272883K (95%)
ptolemy.util.test.WatchDog.cancel(): canceling Thu May 17 02:01:23 UTC 2018
auto.tcl: Setting watchdog for 200 seconds at Thu May 17 02:01:23 UTC 2018
3001 ms. Memory: 287232K Free: 272883K (95%)
ptolemy.util.test.WatchDog.cancel(): canceling Thu May 17 02:01:26 UTC 2018
------------------ testing $PTII/ptolemy/domains/de/test/auto/ThreadedComposite.xml
auto.tcl: Setting watchdog for 200 seconds at Thu May 17 02:01:26 UTC 2018
194 ms. Memory: 288256K Free: 248684K (86%)
ptolemy.util.test.WatchDog.cancel(): canceling Thu May 17 02:01:26 UTC 2018
auto.tcl: Setting watchdog for 200 seconds at Thu May 17 02:01:26 UTC 2018
130 ms. Memory: 288256K Free: 230588K (80%)
ptolemy.util.test.WatchDog.cancel(): canceling Thu May 17 02:01:26 UTC 2018
------------------ testing $PTII/ptolemy/domains/de/test/auto/Time.xml
auto.tcl: Setting watchdog for 200 seconds at Thu May 17 02:01:26 UTC 2018
496 ms. Memory: 287232K Free: 223091K (78%)
ptolemy.util.test.WatchDog.cancel(): canceling Thu May 17 02:01:27 UTC 2018
auto.tcl: Setting watchdog for 200 seconds at Thu May 17 02:01:27 UTC 2018
483 ms. Memory: 287232K Free: 171374K (60%)
ptolemy.util.test.WatchDog.cancel(): canceling Thu May 17 02:01:27 UTC 2018
------------------ testing $PTII/ptolemy/domains/de/test/auto/TimeDelayZeroDelay.xml
auto.tcl: Setting watchdog for 200 seconds at Thu May 17 02:01:27 UTC 2018
2 ms. Memory: 287744K Free: 275888K (96%)
ptolemy.util.test.WatchDog.cancel(): canceling Thu May 17 02:01:27 UTC 2018
auto.tcl: Setting watchdog for 200 seconds at Thu May 17 02:01:27 UTC 2018
2 ms. Memory: 287744K Free: 275888K (96%)
ptolemy.util.test.WatchDog.cancel(): canceling Thu May 17 02:01:27 UTC 2018
------------------ testing $PTII/ptolemy/domains/de/test/auto/TimerZeroDelay.xml
auto.tcl: Setting watchdog for 200 seconds at Thu May 17 02:01:27 UTC 2018
3 ms. Memory: 287232K Free: 275486K (96%)
ptolemy.util.test.WatchDog.cancel(): canceling Thu May 17 02:01:27 UTC 2018
auto.tcl: Setting watchdog for 200 seconds at Thu May 17 02:01:27 UTC 2018
2 ms. Memory: 287232K Free: 275486K (96%)
ptolemy.util.test.WatchDog.cancel(): canceling Thu May 17 02:01:27 UTC 2018
------------------ testing $PTII/ptolemy/domains/de/test/auto/TimingParadox.xml
auto.tcl: Setting watchdog for 200 seconds at Thu May 17 02:01:27 UTC 2018
350 ms. Memory: 287744K Free: 212029K (74%)
ptolemy.util.test.WatchDog.cancel(): canceling Thu May 17 02:01:28 UTC 2018
auto.tcl: Setting watchdog for 200 seconds at Thu May 17 02:01:28 UTC 2018
338 ms. Memory: 287744K Free: 178546K (62%)
ptolemy.util.test.WatchDog.cancel(): canceling Thu May 17 02:01:28 UTC 2018
------------------ testing $PTII/ptolemy/domains/de/test/auto/TransferInputs.xml
auto.tcl: Setting watchdog for 200 seconds at Thu May 17 02:01:28 UTC 2018
2 ms. Memory: 287744K Free: 274836K (96%)
ptolemy.util.test.WatchDog.cancel(): canceling Thu May 17 02:01:28 UTC 2018
auto.tcl: Setting watchdog for 200 seconds at Thu May 17 02:01:28 UTC 2018
2 ms. Memory: 287744K Free: 274836K (96%)
ptolemy.util.test.WatchDog.cancel(): canceling Thu May 17 02:01:28 UTC 2018
------------------ testing $PTII/ptolemy/domains/de/test/auto/TransferOutputs2.xml
auto.tcl: Setting watchdog for 200 seconds at Thu May 17 02:01:28 UTC 2018
3 ms. Memory: 287232K Free: 270759K (94%)
ptolemy.util.test.WatchDog.cancel(): canceling Thu May 17 02:01:28 UTC 2018
auto.tcl: Setting watchdog for 200 seconds at Thu May 17 02:01:28 UTC 2018
3 ms. Memory: 287232K Free: 268135K (93%)
ptolemy.util.test.WatchDog.cancel(): canceling Thu May 17 02:01:28 UTC 2018
------------------ testing $PTII/ptolemy/domains/de/test/auto/Trilateration.xml
auto.tcl: Setting watchdog for 200 seconds at Thu May 17 02:01:28 UTC 2018
14403 ms. Memory: 759296K Free: 717436K (94%)
ptolemy.util.test.WatchDog.cancel(): canceling Thu May 17 02:01:44 UTC 2018
auto.tcl: Setting watchdog for 200 seconds at Thu May 17 02:01:44 UTC 2018
11326 ms. Memory: 639488K Free: 527198K (82%)
ptolemy.util.test.WatchDog.cancel(): canceling Thu May 17 02:01:55 UTC 2018
------------------ testing $PTII/ptolemy/domains/de/test/auto/TwoSigmaDelta.xml
auto.tcl: Setting watchdog for 200 seconds at Thu May 17 02:01:55 UTC 2018
2748 ms. Memory: 643072K Free: 327049K (51%)
ptolemy.util.test.WatchDog.cancel(): canceling Thu May 17 02:01:58 UTC 2018
auto.tcl: Setting watchdog for 200 seconds at Thu May 17 02:01:58 UTC 2018
2216 ms. Memory: 643072K Free: 95873K (15%)
ptolemy.util.test.WatchDog.cancel(): canceling Thu May 17 02:02:00 UTC 2018
------------------ testing $PTII/ptolemy/domains/de/test/auto/VariableDelay.xml
auto.tcl: Setting watchdog for 200 seconds at Thu May 17 02:02:00 UTC 2018
4 ms. Memory: 640000K Free: 620654K (97%)
ptolemy.util.test.WatchDog.cancel(): canceling Thu May 17 02:02:00 UTC 2018
auto.tcl: Setting watchdog for 200 seconds at Thu May 17 02:02:00 UTC 2018
2 ms. Memory: 640000K Free: 620654K (97%)
ptolemy.util.test.WatchDog.cancel(): canceling Thu May 17 02:02:00 UTC 2018
------------------ testing $PTII/ptolemy/domains/de/test/auto/VariableDelay2.xml
auto.tcl: Setting watchdog for 200 seconds at Thu May 17 02:02:01 UTC 2018
8 ms. Memory: 639488K Free: 620564K (97%)
ptolemy.util.test.WatchDog.cancel(): canceling Thu May 17 02:02:01 UTC 2018
auto.tcl: Setting watchdog for 200 seconds at Thu May 17 02:02:01 UTC 2018
2 ms. Memory: 639488K Free: 620564K (97%)
ptolemy.util.test.WatchDog.cancel(): canceling Thu May 17 02:02:01 UTC 2018
------------------ testing $PTII/ptolemy/domains/de/test/auto/VariableDelayZeroDelay.xml
auto.tcl: Setting watchdog for 200 seconds at Thu May 17 02:02:01 UTC 2018
2 ms. Memory: 639488K Free: 614983K (96%)
ptolemy.util.test.WatchDog.cancel(): canceling Thu May 17 02:02:01 UTC 2018
auto.tcl: Setting watchdog for 200 seconds at Thu May 17 02:02:01 UTC 2018
2 ms. Memory: 639488K Free: 614983K (96%)
ptolemy.util.test.WatchDog.cancel(): canceling Thu May 17 02:02:01 UTC 2018
------------------ testing $PTII/ptolemy/domains/de/test/auto/VariableDelayZeroDelay2.xml
auto.tcl: Setting watchdog for 200 seconds at Thu May 17 02:02:01 UTC 2018
2 ms. Memory: 642048K Free: 617541K (96%)
ptolemy.util.test.WatchDog.cancel(): canceling Thu May 17 02:02:01 UTC 2018
auto.tcl: Setting watchdog for 200 seconds at Thu May 17 02:02:01 UTC 2018
2 ms. Memory: 642048K Free: 617541K (96%)
ptolemy.util.test.WatchDog.cancel(): canceling Thu May 17 02:02:01 UTC 2018
------------------ testing $PTII/ptolemy/domains/de/test/auto/deInCt.xml
auto.tcl: Setting watchdog for 200 seconds at Thu May 17 02:02:01 UTC 2018
0
1
1
1
0
0
0
1
1
1
0
0
0
0
0
0
1
1
1
1
0
0
0
1
1
1
0
0
0
0
0
0
11 ms. Memory: 639488K Free: 614978K (96%)
ptolemy.util.test.WatchDog.cancel(): canceling Thu May 17 02:02:01 UTC 2018
auto.tcl: Setting watchdog for 200 seconds at Thu May 17 02:02:01 UTC 2018
0
1
1
1
0
0
0
1
1
1
1
1
0
0
0
1
1
1
0
0
0
0
1
1
1
1
1
1
5 ms. Memory: 639488K Free: 614978K (96%)
ptolemy.util.test.WatchDog.cancel(): canceling Thu May 17 02:02:01 UTC 2018
------------------ testing $PTII/ptolemy/domains/de/test/auto/deInCt2.xml
auto.tcl: Setting watchdog for 200 seconds at Thu May 17 02:02:01 UTC 2018
0
1
1
1
0
0
1
1
1
0
0
1
1
1
0
0
1
1
1
0
0
1
1
1
0
0
1
1
1
0
0
1
1
1
0
0
1
1
1
0
0
0
5 ms. Memory: 642048K Free: 617529K (96%)
ptolemy.util.test.WatchDog.cancel(): canceling Thu May 17 02:02:01 UTC 2018
auto.tcl: Setting watchdog for 200 seconds at Thu May 17 02:02:01 UTC 2018
0
1
1
1
0
0
1
1
1
0
0
1
1
1
0
0
1
1
1
0
0
1
1
1
0
0
1
1
1
0
0
1
1
1
0
0
1
1
1
0
0
0
6 ms. Memory: 642048K Free: 617529K (96%)
ptolemy.util.test.WatchDog.cancel(): canceling Thu May 17 02:02:01 UTC 2018
------------------ testing $PTII/ptolemy/domains/de/test/auto/dynamicCausalityInterface1.xml
auto.tcl: Setting watchdog for 200 seconds at Thu May 17 02:02:01 UTC 2018
1 ms. Memory: 639488K Free: 606270K (95%)
ptolemy.util.test.WatchDog.cancel(): canceling Thu May 17 02:02:01 UTC 2018
auto.tcl: Setting watchdog for 200 seconds at Thu May 17 02:02:01 UTC 2018
0 ms. Memory: 639488K Free: 606270K (95%)
ptolemy.util.test.WatchDog.cancel(): canceling Thu May 17 02:02:01 UTC 2018
------------------ testing $PTII/ptolemy/domains/de/test/auto/fsm_de_test.xml
auto.tcl: Setting watchdog for 200 seconds at Thu May 17 02:02:01 UTC 2018
7 ms. Memory: 641536K Free: 616916K (96%)
ptolemy.util.test.WatchDog.cancel(): canceling Thu May 17 02:02:01 UTC 2018
auto.tcl: Setting watchdog for 200 seconds at Thu May 17 02:02:01 UTC 2018
5 ms. Memory: 641536K Free: 608229K (95%)
ptolemy.util.test.WatchDog.cancel(): canceling Thu May 17 02:02:01 UTC 2018
------------------ testing $PTII/ptolemy/domains/de/test/auto/functionDependencyReconstruction.xml
auto.tcl: Setting watchdog for 200 seconds at Thu May 17 02:02:01 UTC 2018
3 ms. Memory: 639488K Free: 606172K (95%)
ptolemy.util.test.WatchDog.cancel(): canceling Thu May 17 02:02:01 UTC 2018
auto.tcl: Setting watchdog for 200 seconds at Thu May 17 02:02:01 UTC 2018
3 ms. Memory: 639488K Free: 606172K (95%)
ptolemy.util.test.WatchDog.cancel(): canceling Thu May 17 02:02:01 UTC 2018
------------------ testing $PTII/ptolemy/domains/de/test/auto/multirate.xml
auto.tcl: Setting watchdog for 200 seconds at Thu May 17 02:02:01 UTC 2018
6 ms. Memory: 641536K Free: 616784K (96%)
ptolemy.util.test.WatchDog.cancel(): canceling Thu May 17 02:02:01 UTC 2018
auto.tcl: Setting watchdog for 200 seconds at Thu May 17 02:02:01 UTC 2018
3 ms. Memory: 641536K Free: 616784K (96%)
ptolemy.util.test.WatchDog.cancel(): canceling Thu May 17 02:02:01 UTC 2018
------------------ testing $PTII/ptolemy/domains/de/test/auto/multirate2.xml
auto.tcl: Setting watchdog for 200 seconds at Thu May 17 02:02:01 UTC 2018
3 ms. Memory: 639488K Free: 614915K (96%)
ptolemy.util.test.WatchDog.cancel(): canceling Thu May 17 02:02:01 UTC 2018
auto.tcl: Setting watchdog for 200 seconds at Thu May 17 02:02:01 UTC 2018
3 ms. Memory: 639488K Free: 614915K (96%)
ptolemy.util.test.WatchDog.cancel(): canceling Thu May 17 02:02:01 UTC 2018
------------------ testing $PTII/ptolemy/domains/de/test/auto/realtime.xml
auto.tcl: Setting watchdog for 200 seconds at Thu May 17 02:02:01 UTC 2018
10002 ms. Memory: 641024K Free: 616450K (96%)
ptolemy.util.test.WatchDog.cancel(): canceling Thu May 17 02:02:11 UTC 2018
auto.tcl: Setting watchdog for 200 seconds at Thu May 17 02:02:11 UTC 2018
10001 ms. Memory: 641024K Free: 616450K (96%)
ptolemy.util.test.WatchDog.cancel(): canceling Thu May 17 02:02:21 UTC 2018
------------------ testing $PTII/ptolemy/domains/de/test/auto/relationGroup.xml
auto.tcl: Setting watchdog for 200 seconds at Thu May 17 02:02:21 UTC 2018
2 ms. Memory: 639488K Free: 620529K (97%)
ptolemy.util.test.WatchDog.cancel(): canceling Thu May 17 02:02:21 UTC 2018
auto.tcl: Setting watchdog for 200 seconds at Thu May 17 02:02:21 UTC 2018
5 ms. Memory: 639488K Free: 620529K (97%)
ptolemy.util.test.WatchDog.cancel(): canceling Thu May 17 02:02:21 UTC 2018
------------------ testing $PTII/ptolemy/domains/de/test/auto/relationGroup2.xml
auto.tcl: Setting watchdog for 200 seconds at Thu May 17 02:02:21 UTC 2018
1 ms. Memory: 641024K Free: 616511K (96%)
ptolemy.util.test.WatchDog.cancel(): canceling Thu May 17 02:02:21 UTC 2018
auto.tcl: Setting watchdog for 200 seconds at Thu May 17 02:02:21 UTC 2018
1 ms. Memory: 641024K Free: 616511K (96%)
ptolemy.util.test.WatchDog.cancel(): canceling Thu May 17 02:02:21 UTC 2018
------------------ testing $PTII/ptolemy/domains/de/test/auto/sortWithOpaquePorts.xml
auto.tcl: Setting watchdog for 200 seconds at Thu May 17 02:02:22 UTC 2018
1 ms. Memory: 639488K Free: 614975K (96%)
ptolemy.util.test.WatchDog.cancel(): canceling Thu May 17 02:02:22 UTC 2018
auto.tcl: Setting watchdog for 200 seconds at Thu May 17 02:02:22 UTC 2018
2 ms. Memory: 639488K Free: 614975K (96%)
ptolemy.util.test.WatchDog.cancel(): canceling Thu May 17 02:02:22 UTC 2018
------------------ testing $PTII/ptolemy/domains/de/test/auto/transferInputsandOutputs.xml
auto.tcl: Setting watchdog for 200 seconds at Thu May 17 02:02:22 UTC 2018
3 ms. Memory: 640512K Free: 615986K (96%)
ptolemy.util.test.WatchDog.cancel(): canceling Thu May 17 02:02:22 UTC 2018
auto.tcl: Setting watchdog for 200 seconds at Thu May 17 02:02:22 UTC 2018
2 ms. Memory: 640512K Free: 615986K (96%)
ptolemy.util.test.WatchDog.cancel(): canceling Thu May 17 02:02:22 UTC 2018
------------------ testing $PTII/ptolemy/domains/de/test/auto/triggerType.xml
auto.tcl: Setting watchdog for 200 seconds at Thu May 17 02:02:22 UTC 2018
1 ms. Memory: 639488K Free: 614912K (96%)
ptolemy.util.test.WatchDog.cancel(): canceling Thu May 17 02:02:22 UTC 2018
auto.tcl: Setting watchdog for 200 seconds at Thu May 17 02:02:22 UTC 2018
2 ms. Memory: 639488K Free: 614912K (96%)
ptolemy.util.test.WatchDog.cancel(): canceling Thu May 17 02:02:22 UTC 2018
05/17/18 02:02:22
Failed: 0  Total Tests: 192  ((Passed: 187, Newly Passed: 1)  Known Failed: 5) /home/travis/build/icyphy/ptII/ptolemy/domains/de/test
05/17/18 02:02:22
Failed: 0  Total Tests: 192  ((Passed: 187, Newly Passed: 1)  Known Failed: 5) /home/travis/build/icyphy/ptII/ptolemy/domains/de/test
----------------- testing (KnownFailure) /home/travis/build/icyphy/ptII/ptolemy/domains/de/test/auto/knownFailedTests/DESDFClockTest.xml
2010 ms. Memory: 640512K Free: 604820K (94%)
Known Failure: java.lang.reflect.InvocationTargetException
----------------- testing (KnownFailure) /home/travis/build/icyphy/ptII/ptolemy/domains/de/test/auto/knownFailedTests/DirectFeedback.xml
2 ms. Memory: 640512K Free: 560173K (87%)
Known Failure: java.lang.reflect.InvocationTargetException
----------------- testing (KnownFailure) /home/travis/build/icyphy/ptII/ptolemy/domains/de/test/auto/knownFailedTests/FSMSource.xml
9 ms. Memory: 640512K Free: 515526K (80%)
----------------- testing (KnownFailure) /home/travis/build/icyphy/ptII/ptolemy/domains/de/test/auto/knownFailedTests/HierarchicalModel.xml
2 ms. Memory: 640512K Free: 482025K (75%)
Known Failure: java.lang.reflect.InvocationTargetException
----------------- testing (KnownFailure) /home/travis/build/icyphy/ptII/ptolemy/domains/de/test/auto/knownFailedTests/dependencyLoop.xml
5 ms. Memory: 640512K Free: 426201K (67%)
Known Failure: java.lang.reflect.InvocationTargetException
----------------- testing (KnownFailure) /home/travis/build/icyphy/ptII/ptolemy/domains/de/test/auto/knownFailedTests/dependencyLoop2.xml
3 ms. Memory: 640512K Free: 370377K (58%)
Known Failure: java.lang.reflect.InvocationTargetException
No auto/*.xml tests in /home/travis/build/icyphy/ptII/ptolemy/domains/de/test
AutoTests.java: About to close Vertx.
AutoTests.java: Vertx closed.
----------------- testing Thu May 17 02:02:24 UTC 2018 /home/travis/build/icyphy/ptII/ptolemy/domains/de/test/auto/ActorDepthCalculation_actorWithoutPorts.xml
----------------- Instantiating /home/travis/build/icyphy/ptII/ptolemy/domains/de/test/auto/ActorDepthCalculation_actorWithoutPorts.xml
2 ms. Memory: 640512K Free: 314569K (49%)
----------------- Invoking toplevel() on ptolemy.moml.MoMLSimpleApplication@26725cfa
----------------- Done invoking toplevel() on ptolemy.moml.MoMLSimpleApplication@26725cfa
reloadAllAccessors: .ActorDepthCalculation_actorWithoutPorts
----------------- testing Thu May 17 02:02:24 UTC 2018 /home/travis/build/icyphy/ptII/ptolemy/domains/de/test/auto/AssemblyLine.xml
----------------- Instantiating /home/travis/build/icyphy/ptII/ptolemy/domains/de/test/auto/AssemblyLine.xml
4 ms. Memory: 640512K Free: 292245K (46%)
----------------- Invoking toplevel() on ptolemy.moml.MoMLSimpleApplication@6f02fb6
----------------- Done invoking toplevel() on ptolemy.moml.MoMLSimpleApplication@6f02fb6
reloadAllAccessors: .AssemblyLine
----------------- testing Thu May 17 02:02:24 UTC 2018 /home/travis/build/icyphy/ptII/ptolemy/domains/de/test/auto/CQBug1.xml
----------------- Instantiating /home/travis/build/icyphy/ptII/ptolemy/domains/de/test/auto/CQBug1.xml
0 ms. Memory: 640512K Free: 269922K (42%)
----------------- Invoking toplevel() on ptolemy.moml.MoMLSimpleApplication@74f9aba
----------------- Done invoking toplevel() on ptolemy.moml.MoMLSimpleApplication@74f9aba
reloadAllAccessors: .CQBug1
----------------- testing Thu May 17 02:02:24 UTC 2018 /home/travis/build/icyphy/ptII/ptolemy/domains/de/test/auto/CancelFireAt.xml
----------------- Instantiating /home/travis/build/icyphy/ptII/ptolemy/domains/de/test/auto/CancelFireAt.xml
2 ms. Memory: 640512K Free: 247599K (39%)
----------------- Invoking toplevel() on ptolemy.moml.MoMLSimpleApplication@3ab0a4e
----------------- Done invoking toplevel() on ptolemy.moml.MoMLSimpleApplication@3ab0a4e
reloadAllAccessors: .CancelFireAt
----------------- testing Thu May 17 02:02:24 UTC 2018 /home/travis/build/icyphy/ptII/ptolemy/domains/de/test/auto/CausalityAndComposabilityAnalysis.xml
----------------- Instantiating /home/travis/build/icyphy/ptII/ptolemy/domains/de/test/auto/CausalityAndComposabilityAnalysis.xml
1 ms. Memory: 640512K Free: 225275K (35%)
----------------- Invoking toplevel() on ptolemy.moml.MoMLSimpleApplication@36bae3f
----------------- Done invoking toplevel() on ptolemy.moml.MoMLSimpleApplication@36bae3f
reloadAllAccessors: .CausalityAndComposabilityAnalysis
----------------- testing Thu May 17 02:02:24 UTC 2018 /home/travis/build/icyphy/ptII/ptolemy/domains/de/test/auto/CausalityInterface1.xml
----------------- Instantiating /home/travis/build/icyphy/ptII/ptolemy/domains/de/test/auto/CausalityInterface1.xml
5 ms. Memory: 640512K Free: 202952K (32%)
----------------- Invoking toplevel() on ptolemy.moml.MoMLSimpleApplication@2c2fb0bd
----------------- Done invoking toplevel() on ptolemy.moml.MoMLSimpleApplication@2c2fb0bd
reloadAllAccessors: .CausalityInterface1
----------------- testing Thu May 17 02:02:24 UTC 2018 /home/travis/build/icyphy/ptII/ptolemy/domains/de/test/auto/CausalityInterface15.xml
----------------- Instantiating /home/travis/build/icyphy/ptII/ptolemy/domains/de/test/auto/CausalityInterface15.xml
2 ms. Memory: 640512K Free: 180629K (28%)
----------------- Invoking toplevel() on ptolemy.moml.MoMLSimpleApplication@5d112235
----------------- Done invoking toplevel() on ptolemy.moml.MoMLSimpleApplication@5d112235
reloadAllAccessors: .CausalityInterface15
----------------- testing Thu May 17 02:02:24 UTC 2018 /home/travis/build/icyphy/ptII/ptolemy/domains/de/test/auto/CausalityInterface2.xml
----------------- Instantiating /home/travis/build/icyphy/ptII/ptolemy/domains/de/test/auto/CausalityInterface2.xml
1 ms. Memory: 640512K Free: 158306K (25%)
----------------- Invoking toplevel() on ptolemy.moml.MoMLSimpleApplication@8651cbc
----------------- Done invoking toplevel() on ptolemy.moml.MoMLSimpleApplication@8651cbc
reloadAllAccessors: .CausalityInterface2
----------------- testing Thu May 17 02:02:24 UTC 2018 /home/travis/build/icyphy/ptII/ptolemy/domains/de/test/auto/CausalityInterface3.xml
[...]
java.lang.RuntimeException: Execution failed
	at ptolemy.moml.MoMLSimpleApplication$UnloadThread.run(MoMLSimpleApplication.java:402)
Caused by: ptolemy.kernel.util.IllegalActionException: Test fails in iteration 1.
Value was: 1.0. Should have been: 2.0
  in .DirectFeedback.Test
	at ptolemy.actor.lib.Test.fire(Test.java:268)
	at ptolemy.domains.de.kernel.DEDirector._fire(DEDirector.java:1948)
	at ptolemy.domains.de.kernel.DEDirector.fire(DEDirector.java:502)
	at ptolemy.actor.CompositeActor.fire(CompositeActor.java:455)
	at ptolemy.actor.Manager.iterate(Manager.java:851)
	at ptolemy.actor.Manager.execute(Manager.java:369)
	at ptolemy.actor.Manager.run(Manager.java:1263)
	at ptolemy.actor.Manager$PtolemyRunThread.run(Manager.java:1915)
java.lang.RuntimeException: Execution failed
	at ptolemy.moml.MoMLSimpleApplication$UnloadThread.run(MoMLSimpleApplication.java:402)
Caused by: ptolemy.kernel.util.IllegalActionException: Actor is not ready to fire.  Perhaps UpSample.prefire() returned false? Try debugging the actor by selecting "Listen to Actor".  Also, for SDF check moml for tokenConsumptionRate on input.
  in .DESDFClockTest.Play Bell.Copy1:SDF Director and .DESDFClockTest.Play Bell.UpSample
	at ptolemy.actor.sched.StaticSchedulingDirector.fire(StaticSchedulingDirector.java:227)
	at ptolemy.domains.sdf.kernel.SDFDirector.fire(SDFDirector.java:500)
	at ptolemy.actor.CompositeActor.fire(CompositeActor.java:455)
	at ptolemy.domains.de.kernel.DEDirector._fire(DEDirector.java:1948)
	at ptolemy.domains.de.kernel.DEDirector.fire(DEDirector.java:502)
	at ptolemy.actor.CompositeActor.fire(CompositeActor.java:455)
	at ptolemy.actor.Manager.iterate(Manager.java:851)
	at ptolemy.actor.Manager.execute(Manager.java:369)
	at ptolemy.actor.Manager.run(Manager.java:1263)
	at ptolemy.actor.Manager$PtolemyRunThread.run(Manager.java:1915)
java.lang.reflect.InvocationTargetException
	at sun.reflect.NativeConstructorAccessorImpl.newInstance0(Native Method)
	at sun.reflect.NativeConstructorAccessorImpl.newInstance(NativeConstructorAccessorImpl.java:62)
	at sun.reflect.DelegatingConstructorAccessorImpl.newInstance(DelegatingConstructorAccessorImpl.java:45)
	at java.lang.reflect.Constructor.newInstance(Constructor.java:423)
	at ptolemy.util.test.junit.AutoKnownFailedTests.RunModel(AutoKnownFailedTests.java:107)
	at sun.reflect.NativeMethodAccessorImpl.invoke0(Native Method)
	at sun.reflect.NativeMethodAccessorImpl.invoke(NativeMethodAccessorImpl.java:62)
	at sun.reflect.DelegatingMethodAccessorImpl.invoke(DelegatingMethodAccessorImpl.java:43)
	at java.lang.reflect.Method.invoke(Method.java:498)
	at org.junit.runners.model.FrameworkMethod$1.runReflectiveCall(FrameworkMethod.java:44)
	at org.junit.internal.runners.model.ReflectiveCallable.run(ReflectiveCallable.java:15)
	at org.junit.runners.model.FrameworkMethod.invokeExplosively(FrameworkMethod.java:41)
	at junitparams.internal.InvokeParameterisedMethod.evaluate(InvokeParameterisedMethod.java:102)
	at org.junit.internal.runners.statements.FailOnTimeout$1.run(FailOnTimeout.java:28)
Caused by: ptolemy.kernel.util.IllegalActionException: Actor is not ready to fire.  Perhaps UpSample.prefire() returned false? Try debugging the actor by selecting "Listen to Actor".  Also, for SDF check moml for tokenConsumptionRate on input.
  in .DESDFClockTest.Play Bell.Copy1:SDF Director and .DESDFClockTest.Play Bell.UpSample
	at ptolemy.actor.sched.StaticSchedulingDirector.fire(StaticSchedulingDirector.java:227)
	at ptolemy.domains.sdf.kernel.SDFDirector.fire(SDFDirector.java:500)
	at ptolemy.actor.CompositeActor.fire(CompositeActor.java:455)
	at ptolemy.domains.de.kernel.DEDirector._fire(DEDirector.java:1948)
	at ptolemy.domains.de.kernel.DEDirector.fire(DEDirector.java:502)
	at ptolemy.actor.CompositeActor.fire(CompositeActor.java:455)
	at ptolemy.actor.Manager.iterate(Manager.java:851)
	at ptolemy.actor.Manager.execute(Manager.java:369)
	at ptolemy.actor.Manager.run(Manager.java:1263)
	at ptolemy.actor.Manager$PtolemyRunThread.run(Manager.java:1915)
java.lang.RuntimeException: Execution failed
	at ptolemy.moml.MoMLSimpleApplication$UnloadThread.run(MoMLSimpleApplication.java:402)
Caused by: ptolemy.kernel.util.IllegalActionException: Test fails in iteration 1.
Value was: 1.0. Should have been: 2.0
  in .DirectFeedback.Test
	at ptolemy.actor.lib.Test.fire(Test.java:268)
	at ptolemy.domains.de.kernel.DEDirector._fire(DEDirector.java:1948)
	at ptolemy.domains.de.kernel.DEDirector.fire(DEDirector.java:502)
	at ptolemy.actor.CompositeActor.fire(CompositeActor.java:455)
	at ptolemy.actor.Manager.iterate(Manager.java:851)
	at ptolemy.actor.Manager.execute(Manager.java:369)
	at ptolemy.actor.Manager.run(Manager.java:1263)
	at ptolemy.actor.Manager$PtolemyRunThread.run(Manager.java:1915)
java.lang.reflect.InvocationTargetException
	at sun.reflect.NativeConstructorAccessorImpl.newInstance0(Native Method)
	at sun.reflect.NativeConstructorAccessorImpl.newInstance(NativeConstructorAccessorImpl.java:62)
	at sun.reflect.DelegatingConstructorAccessorImpl.newInstance(DelegatingConstructorAccessorImpl.java:45)
	at java.lang.reflect.Constructor.newInstance(Constructor.java:423)
	at ptolemy.util.test.junit.AutoKnownFailedTests.RunModel(AutoKnownFailedTests.java:107)
	at sun.reflect.NativeMethodAccessorImpl.invoke0(Native Method)
	at sun.reflect.NativeMethodAccessorImpl.invoke(NativeMethodAccessorImpl.java:62)
	at sun.reflect.DelegatingMethodAccessorImpl.invoke(DelegatingMethodAccessorImpl.java:43)
	at java.lang.reflect.Method.invoke(Method.java:498)
	at org.junit.runners.model.FrameworkMethod$1.runReflectiveCall(FrameworkMethod.java:44)
	at org.junit.internal.runners.model.ReflectiveCallable.run(ReflectiveCallable.java:15)
	at org.junit.runners.model.FrameworkMethod.invokeExplosively(FrameworkMethod.java:41)
	at junitparams.internal.InvokeParameterisedMethod.evaluate(InvokeParameterisedMethod.java:102)
	at org.junit.internal.runners.statements.FailOnTimeout$1.run(FailOnTimeout.java:28)
Caused by: ptolemy.kernel.util.IllegalActionException: Test fails in iteration 1.
Value was: 1.0. Should have been: 2.0
  in .DirectFeedback.Test
	at ptolemy.actor.lib.Test.fire(Test.java:268)
	at ptolemy.domains.de.kernel.DEDirector._fire(DEDirector.java:1948)
	at ptolemy.domains.de.kernel.DEDirector.fire(DEDirector.java:502)
	at ptolemy.actor.CompositeActor.fire(CompositeActor.java:455)
	at ptolemy.actor.Manager.iterate(Manager.java:851)
	at ptolemy.actor.Manager.execute(Manager.java:369)
	at ptolemy.actor.Manager.run(Manager.java:1263)
	at ptolemy.actor.Manager$PtolemyRunThread.run(Manager.java:1915)
java.lang.RuntimeException: Execution failed
	at ptolemy.moml.MoMLSimpleApplication$UnloadThread.run(MoMLSimpleApplication.java:402)
Caused by: ptolemy.kernel.util.IllegalActionException: Found a zero delay loop containing .HierarchicalModel.A
  in .HierarchicalModel and .HierarchicalModel.A
	at ptolemy.actor.util.CausalityInterfaceForComposites._computeOutputPortDepth(CausalityInterfaceForComposites.java:759)
	at ptolemy.actor.util.CausalityInterfaceForComposites._computeInputDepth(CausalityInterfaceForComposites.java:696)
	at ptolemy.actor.util.CausalityInterfaceForComposites._computeOutputPortDepth(CausalityInterfaceForComposites.java:765)
	at ptolemy.actor.util.CausalityInterfaceForComposites._computeInputDepth(CausalityInterfaceForComposites.java:696)
	at ptolemy.actor.util.CausalityInterfaceForComposites._computeOutputPortDepth(CausalityInterfaceForComposites.java:765)
	at ptolemy.actor.util.CausalityInterfaceForComposites._computeInputDepth(CausalityInterfaceForComposites.java:696)
	at ptolemy.actor.util.CausalityInterfaceForComposites._computeActorDepth(CausalityInterfaceForComposites.java:532)
	at ptolemy.actor.util.CausalityInterfaceForComposites.checkForCycles(CausalityInterfaceForComposites.java:96)
	at ptolemy.domains.de.kernel.DEDirector.preinitialize(DEDirector.java:1337)
	at ptolemy.actor.CompositeActor.preinitialize(CompositeActor.java:1828)
	at ptolemy.actor.Manager.preinitializeAndResolveTypes(Manager.java:1040)
	at ptolemy.actor.Manager.initialize(Manager.java:710)
	at ptolemy.actor.Manager.execute(Manager.java:356)
	at ptolemy.actor.Manager.run(Manager.java:1263)
	at ptolemy.actor.Manager$PtolemyRunThread.run(Manager.java:1915)
java.lang.reflect.InvocationTargetException
	at sun.reflect.NativeConstructorAccessorImpl.newInstance0(Native Method)
	at sun.reflect.NativeConstructorAccessorImpl.newInstance(NativeConstructorAccessorImpl.java:62)
	at sun.reflect.DelegatingConstructorAccessorImpl.newInstance(DelegatingConstructorAccessorImpl.java:45)
	at java.lang.reflect.Constructor.newInstance(Constructor.java:423)
	at ptolemy.util.test.junit.AutoKnownFailedTests.RunModel(AutoKnownFailedTests.java:107)
	at sun.reflect.NativeMethodAccessorImpl.invoke0(Native Method)
	at sun.reflect.NativeMethodAccessorImpl.invoke(NativeMethodAccessorImpl.java:62)
	at sun.reflect.DelegatingMethodAccessorImpl.invoke(DelegatingMethodAccessorImpl.java:43)
	at java.lang.reflect.Method.invoke(Method.java:498)
	at org.junit.runners.model.FrameworkMethod$1.runReflectiveCall(FrameworkMethod.java:44)
	at org.junit.internal.runners.model.ReflectiveCallable.run(ReflectiveCallable.java:15)
	at org.junit.runners.model.FrameworkMethod.invokeExplosively(FrameworkMethod.java:41)
	at junitparams.internal.InvokeParameterisedMethod.evaluate(InvokeParameterisedMethod.java:102)
	at org.junit.internal.runners.statements.FailOnTimeout$1.run(FailOnTimeout.java:28)
Caused by: ptolemy.kernel.util.IllegalActionException: Found a zero delay loop containing .HierarchicalModel.A
  in .HierarchicalModel and .HierarchicalModel.A
	at ptolemy.actor.util.CausalityInterfaceForComposites._computeOutputPortDepth(CausalityInterfaceForComposites.java:759)
	at ptolemy.actor.util.CausalityInterfaceForComposites._computeInputDepth(CausalityInterfaceForComposites.java:696)
	at ptolemy.actor.util.CausalityInterfaceForComposites._computeOutputPortDepth(CausalityInterfaceForComposites.java:765)
	at ptolemy.actor.util.CausalityInterfaceForComposites._computeInputDepth(CausalityInterfaceForComposites.java:696)
	at ptolemy.actor.util.CausalityInterfaceForComposites._computeOutputPortDepth(CausalityInterfaceForComposites.java:765)
	at ptolemy.actor.util.CausalityInterfaceForComposites._computeInputDepth(CausalityInterfaceForComposites.java:696)
	at ptolemy.actor.util.CausalityInterfaceForComposites._computeActorDepth(CausalityInterfaceForComposites.java:532)
	at ptolemy.actor.util.CausalityInterfaceForComposites.checkForCycles(CausalityInterfaceForComposites.java:96)
	at ptolemy.domains.de.kernel.DEDirector.preinitialize(DEDirector.java:1337)
	at ptolemy.actor.CompositeActor.preinitialize(CompositeActor.java:1828)
	at ptolemy.actor.Manager.preinitializeAndResolveTypes(Manager.java:1040)
	at ptolemy.actor.Manager.initialize(Manager.java:710)
	at ptolemy.actor.Manager.execute(Manager.java:356)
	at ptolemy.actor.Manager.run(Manager.java:1263)
	at ptolemy.actor.Manager$PtolemyRunThread.run(Manager.java:1915)
java.lang.RuntimeException: Execution failed
	at ptolemy.moml.MoMLSimpleApplication$UnloadThread.run(MoMLSimpleApplication.java:402)
Caused by: ptolemy.kernel.util.IllegalActionException: Found a zero delay loop containing .dependencyLoop.original
  in .dependencyLoop and .dependencyLoop.original
	at ptolemy.actor.util.CausalityInterfaceForComposites._computeOutputPortDepth(CausalityInterfaceForComposites.java:759)
	at ptolemy.actor.util.CausalityInterfaceForComposites._computeInputDepth(CausalityInterfaceForComposites.java:696)
	at ptolemy.actor.util.CausalityInterfaceForComposites._computeOutputPortDepth(CausalityInterfaceForComposites.java:765)
	at ptolemy.actor.util.CausalityInterfaceForComposites._computeInputDepth(CausalityInterfaceForComposites.java:696)
	at ptolemy.actor.util.CausalityInterfaceForComposites._computeOutputPortDepth(CausalityInterfaceForComposites.java:765)
	at ptolemy.actor.util.CausalityInterfaceForComposites._computeInputDepth(CausalityInterfaceForComposites.java:696)
	at ptolemy.actor.util.CausalityInterfaceForComposites._computeActorDepth(CausalityInterfaceForComposites.java:532)
	at ptolemy.actor.util.CausalityInterfaceForComposites.checkForCycles(CausalityInterfaceForComposites.java:96)
	at ptolemy.domains.de.kernel.DEDirector.preinitialize(DEDirector.java:1337)
	at ptolemy.actor.CompositeActor.preinitialize(CompositeActor.java:1828)
	at ptolemy.actor.Manager.preinitializeAndResolveTypes(Manager.java:1040)
	at ptolemy.actor.Manager.initialize(Manager.java:710)
	at ptolemy.actor.Manager.execute(Manager.java:356)
	at ptolemy.actor.Manager.run(Manager.java:1263)
	at ptolemy.actor.Manager$PtolemyRunThread.run(Manager.java:1915)
java.lang.reflect.InvocationTargetException
	at sun.reflect.NativeConstructorAccessorImpl.newInstance0(Native Method)
	at sun.reflect.NativeConstructorAccessorImpl.newInstance(NativeConstructorAccessorImpl.java:62)
	at sun.reflect.DelegatingConstructorAccessorImpl.newInstance(DelegatingConstructorAccessorImpl.java:45)
	at java.lang.reflect.Constructor.newInstance(Constructor.java:423)
	at ptolemy.util.test.junit.AutoKnownFailedTests.RunModel(AutoKnownFailedTests.java:107)
	at sun.reflect.NativeMethodAccessorImpl.invoke0(Native Method)
	at sun.reflect.NativeMethodAccessorImpl.invoke(NativeMethodAccessorImpl.java:62)
	at sun.reflect.DelegatingMethodAccessorImpl.invoke(DelegatingMethodAccessorImpl.java:43)
	at java.lang.reflect.Method.invoke(Method.java:498)
	at org.junit.runners.model.FrameworkMethod$1.runReflectiveCall(FrameworkMethod.java:44)
	at org.junit.internal.runners.model.ReflectiveCallable.run(ReflectiveCallable.java:15)
	at org.junit.runners.model.FrameworkMethod.invokeExplosively(FrameworkMethod.java:41)
	at junitparams.internal.InvokeParameterisedMethod.evaluate(InvokeParameterisedMethod.java:102)
	at org.junit.internal.runners.statements.FailOnTimeout$1.run(FailOnTimeout.java:28)
Caused by: ptolemy.kernel.util.IllegalActionException: Found a zero delay loop containing .dependencyLoop.original
  in .dependencyLoop and .dependencyLoop.original
	at ptolemy.actor.util.CausalityInterfaceForComposites._computeOutputPortDepth(CausalityInterfaceForComposites.java:759)
	at ptolemy.actor.util.CausalityInterfaceForComposites._computeInputDepth(CausalityInterfaceForComposites.java:696)
	at ptolemy.actor.util.CausalityInterfaceForComposites._computeOutputPortDepth(CausalityInterfaceForComposites.java:765)
	at ptolemy.actor.util.CausalityInterfaceForComposites._computeInputDepth(CausalityInterfaceForComposites.java:696)
	at ptolemy.actor.util.CausalityInterfaceForComposites._computeOutputPortDepth(CausalityInterfaceForComposites.java:765)
	at ptolemy.actor.util.CausalityInterfaceForComposites._computeInputDepth(CausalityInterfaceForComposites.java:696)
	at ptolemy.actor.util.CausalityInterfaceForComposites._computeActorDepth(CausalityInterfaceForComposites.java:532)
	at ptolemy.actor.util.CausalityInterfaceForComposites.checkForCycles(CausalityInterfaceForComposites.java:96)
	at ptolemy.domains.de.kernel.DEDirector.preinitialize(DEDirector.java:1337)
	at ptolemy.actor.CompositeActor.preinitialize(CompositeActor.java:1828)
	at ptolemy.actor.Manager.preinitializeAndResolveTypes(Manager.java:1040)
	at ptolemy.actor.Manager.initialize(Manager.java:710)
	at ptolemy.actor.Manager.execute(Manager.java:356)
	at ptolemy.actor.Manager.run(Manager.java:1263)
	at ptolemy.actor.Manager$PtolemyRunThread.run(Manager.java:1915)
java.lang.RuntimeException: Execution failed
	at ptolemy.moml.MoMLSimpleApplication$UnloadThread.run(MoMLSimpleApplication.java:402)
Caused by: ptolemy.kernel.util.IllegalActionException: Found a zero delay loop containing .dependencyLoop2.original
  in .dependencyLoop2 and .dependencyLoop2.original
	at ptolemy.actor.util.CausalityInterfaceForComposites._computeOutputPortDepth(CausalityInterfaceForComposites.java:759)
	at ptolemy.actor.util.CausalityInterfaceForComposites._computeInputDepth(CausalityInterfaceForComposites.java:696)
	at ptolemy.actor.util.CausalityInterfaceForComposites._computeOutputPortDepth(CausalityInterfaceForComposites.java:765)
	at ptolemy.actor.util.CausalityInterfaceForComposites._computeInputDepth(CausalityInterfaceForComposites.java:696)
	at ptolemy.actor.util.CausalityInterfaceForComposites._computeOutputPortDepth(CausalityInterfaceForComposites.java:765)
	at ptolemy.actor.util.CausalityInterfaceForComposites._computeInputDepth(CausalityInterfaceForComposites.java:696)
	at ptolemy.actor.util.CausalityInterfaceForComposites._computeActorDepth(CausalityInterfaceForComposites.java:532)
	at ptolemy.actor.util.CausalityInterfaceForComposites.checkForCycles(CausalityInterfaceForComposites.java:96)
	at ptolemy.domains.de.kernel.DEDirector.preinitialize(DEDirector.java:1337)
	at ptolemy.actor.CompositeActor.preinitialize(CompositeActor.java:1828)
	at ptolemy.actor.Manager.preinitializeAndResolveTypes(Manager.java:1040)
	at ptolemy.actor.Manager.initialize(Manager.java:710)
	at ptolemy.actor.Manager.execute(Manager.java:356)
	at ptolemy.actor.Manager.run(Manager.java:1263)
	at ptolemy.actor.Manager$PtolemyRunThread.run(Manager.java:1915)
java.lang.reflect.InvocationTargetException
	at sun.reflect.NativeConstructorAccessorImpl.newInstance0(Native Method)
	at sun.reflect.NativeConstructorAccessorImpl.newInstance(NativeConstructorAccessorImpl.java:62)
	at sun.reflect.DelegatingConstructorAccessorImpl.newInstance(DelegatingConstructorAccessorImpl.java:45)
	at java.lang.reflect.Constructor.newInstance(Constructor.java:423)
	at ptolemy.util.test.junit.AutoKnownFailedTests.RunModel(AutoKnownFailedTests.java:107)
	at sun.reflect.NativeMethodAccessorImpl.invoke0(Native Method)
	at sun.reflect.NativeMethodAccessorImpl.invoke(NativeMethodAccessorImpl.java:62)
	at sun.reflect.DelegatingMethodAccessorImpl.invoke(DelegatingMethodAccessorImpl.java:43)
	at java.lang.reflect.Method.invoke(Method.java:498)
	at org.junit.runners.model.FrameworkMethod$1.runReflectiveCall(FrameworkMethod.java:44)
	at org.junit.internal.runners.model.ReflectiveCallable.run(ReflectiveCallable.java:15)
	at org.junit.runners.model.FrameworkMethod.invokeExplosively(FrameworkMethod.java:41)
	at junitparams.internal.InvokeParameterisedMethod.evaluate(InvokeParameterisedMethod.java:102)
	at org.junit.internal.runners.statements.FailOnTimeout$1.run(FailOnTimeout.java:28)
Caused by: ptolemy.kernel.util.IllegalActionException: Found a zero delay loop containing .dependencyLoop2.original
  in .dependencyLoop2 and .dependencyLoop2.original
	at ptolemy.actor.util.CausalityInterfaceForComposites._computeOutputPortDepth(CausalityInterfaceForComposites.java:759)
	at ptolemy.actor.util.CausalityInterfaceForComposites._computeInputDepth(CausalityInterfaceForComposites.java:696)
	at ptolemy.actor.util.CausalityInterfaceForComposites._computeOutputPortDepth(CausalityInterfaceForComposites.java:765)
	at ptolemy.actor.util.CausalityInterfaceForComposites._computeInputDepth(CausalityInterfaceForComposites.java:696)
	at ptolemy.actor.util.CausalityInterfaceForComposites._computeOutputPortDepth(CausalityInterfaceForComposites.java:765)
	at ptolemy.actor.util.CausalityInterfaceForComposites._computeInputDepth(CausalityInterfaceForComposites.java:696)
	at ptolemy.actor.util.CausalityInterfaceForComposites._computeActorDepth(CausalityInterfaceForComposites.java:532)
	at ptolemy.actor.util.CausalityInterfaceForComposites.checkForCycles(CausalityInterfaceForComposites.java:96)
	at ptolemy.domains.de.kernel.DEDirector.preinitialize(DEDirector.java:1337)
	at ptolemy.actor.CompositeActor.preinitialize(CompositeActor.java:1828)
	at ptolemy.actor.Manager.preinitializeAndResolveTypes(Manager.java:1040)
	at ptolemy.actor.Manager.initialize(Manager.java:710)
	at ptolemy.actor.Manager.execute(Manager.java:356)
	at ptolemy.actor.Manager.run(Manager.java:1263)
	at ptolemy.actor.Manager$PtolemyRunThread.run(Manager.java:1915)
]]></system-err>
</testsuite>
