<?xml version="1.0" encoding="UTF-8" ?>
<testsuite errors="0" failures="0" hostname="travis-job-37783493-355f-4c6a-8077-8cbf31175310" name="ptolemy.actor.lib.hoc.test.junit.JUnitTclTest" skipped="0" tests="58" time="31.638" timestamp="2018-05-10T20:59:46">
  <properties>
[...]
</properties>
  <testcase classname="ptolemy.util.test.junit.TclTests" name="[0] /home/travis/build/icyphy/ptII/ptolemy/actor/lib/hoc/test/IterateOverArray.tcl (RunTclFile)" time="0.296" />
  <testcase classname="ptolemy.util.test.junit.AutoKnownFailedTests" name="[0] /home/travis/build/icyphy/ptII/ptolemy/actor/lib/hoc/test/auto/knownFailedTests/PreinitializeMustBeInvokedRunComposite.xml (RunModel)" time="0.217" />
  <testcase classname="ptolemy.util.test.junit.AutoNameArchTests" name="[0] ThereAreNoAutoTests (RunModel)" time="0.001" />
  <testcase classname="ptolemy.util.test.junit.AutoTests" name="[0] /home/travis/build/icyphy/ptII/ptolemy/actor/lib/hoc/test/auto/AllToAllMultiInstanceComposite.xml (RunModel)" time="0.275" />
  <testcase classname="ptolemy.util.test.junit.AutoTests" name="[1] /home/travis/build/icyphy/ptII/ptolemy/actor/lib/hoc/test/auto/ApplyFFTTest.xml (RunModel)" time="0.35" />
  <testcase classname="ptolemy.util.test.junit.AutoTests" name="[2] /home/travis/build/icyphy/ptII/ptolemy/actor/lib/hoc/test/auto/ApplyFunction.xml (RunModel)" time="0.03" />
  <testcase classname="ptolemy.util.test.junit.AutoTests" name="[3] /home/travis/build/icyphy/ptII/ptolemy/actor/lib/hoc/test/auto/BackgroundExecution.xml (RunModel)" time="0.703" />
  <testcase classname="ptolemy.util.test.junit.AutoTests" name="[4] /home/travis/build/icyphy/ptII/ptolemy/actor/lib/hoc/test/auto/Case.xml (RunModel)" time="0.062" />
  <testcase classname="ptolemy.util.test.junit.AutoTests" name="[5] /home/travis/build/icyphy/ptII/ptolemy/actor/lib/hoc/test/auto/Case1.xml (RunModel)" time="0.027" />
  <testcase classname="ptolemy.util.test.junit.AutoTests" name="[6] /home/travis/build/icyphy/ptII/ptolemy/actor/lib/hoc/test/auto/Case2.xml (RunModel)" time="0.069" />
  <testcase classname="ptolemy.util.test.junit.AutoTests" name="[7] /home/travis/build/icyphy/ptII/ptolemy/actor/lib/hoc/test/auto/Case3.xml (RunModel)" time="0.058" />
  <testcase classname="ptolemy.util.test.junit.AutoTests" name="[8] /home/travis/build/icyphy/ptII/ptolemy/actor/lib/hoc/test/auto/Case4.xml (RunModel)" time="0.067" />
  <testcase classname="ptolemy.util.test.junit.AutoTests" name="[9] /home/travis/build/icyphy/ptII/ptolemy/actor/lib/hoc/test/auto/Case5.xml (RunModel)" time="0.082" />
  <testcase classname="ptolemy.util.test.junit.AutoTests" name="[10] /home/travis/build/icyphy/ptII/ptolemy/actor/lib/hoc/test/auto/Case6.xml (RunModel)" time="0.098" />
  <testcase classname="ptolemy.util.test.junit.AutoTests" name="[11] /home/travis/build/icyphy/ptII/ptolemy/actor/lib/hoc/test/auto/CaseString2.xml (RunModel)" time="0.067" />
  <testcase classname="ptolemy.util.test.junit.AutoTests" name="[12] /home/travis/build/icyphy/ptII/ptolemy/actor/lib/hoc/test/auto/CatchUpComposite1.xml (RunModel)" time="0.092" />
  <testcase classname="ptolemy.util.test.junit.AutoTests" name="[13] /home/travis/build/icyphy/ptII/ptolemy/actor/lib/hoc/test/auto/CatchUpComposite2.xml (RunModel)" time="0.067" />
  <testcase classname="ptolemy.util.test.junit.AutoTests" name="[14] /home/travis/build/icyphy/ptII/ptolemy/actor/lib/hoc/test/auto/CatchUpComposite3.xml (RunModel)" time="0.048" />
  <testcase classname="ptolemy.util.test.junit.AutoTests" name="[15] /home/travis/build/icyphy/ptII/ptolemy/actor/lib/hoc/test/auto/CatchUpComposite4.xml (RunModel)" time="0.052" />
  <testcase classname="ptolemy.util.test.junit.AutoTests" name="[16] /home/travis/build/icyphy/ptII/ptolemy/actor/lib/hoc/test/auto/CatchUpComposite5.xml (RunModel)" time="0.036" />
  <testcase classname="ptolemy.util.test.junit.AutoTests" name="[17] /home/travis/build/icyphy/ptII/ptolemy/actor/lib/hoc/test/auto/CatchUpComposite6.xml (RunModel)" time="0.181" />
  <testcase classname="ptolemy.util.test.junit.AutoTests" name="[18] /home/travis/build/icyphy/ptII/ptolemy/actor/lib/hoc/test/auto/CatchUpComposite7.xml (RunModel)" time="0.08" />
  <testcase classname="ptolemy.util.test.junit.AutoTests" name="[19] /home/travis/build/icyphy/ptII/ptolemy/actor/lib/hoc/test/auto/ConcurrentExecutionTimeSDF.xml (RunModel)" time="0.042" />
  <testcase classname="ptolemy.util.test.junit.AutoTests" name="[20] /home/travis/build/icyphy/ptII/ptolemy/actor/lib/hoc/test/auto/ConcurrentSleep.xml (RunModel)" time="0.752" />
  <testcase classname="ptolemy.util.test.junit.AutoTests" name="[21] /home/travis/build/icyphy/ptII/ptolemy/actor/lib/hoc/test/auto/DEInPNInRunCompositeActor.xml (RunModel)" time="0.077" />
  <testcase classname="ptolemy.util.test.junit.AutoTests" name="[22] /home/travis/build/icyphy/ptII/ptolemy/actor/lib/hoc/test/auto/DFTSubSetTest.xml (RunModel)" time="0.256" />
  <testcase classname="ptolemy.util.test.junit.AutoTests" name="[23] /home/travis/build/icyphy/ptII/ptolemy/actor/lib/hoc/test/auto/HocDE.xml (RunModel)" time="0.175" />
  <testcase classname="ptolemy.util.test.junit.AutoTests" name="[24] /home/travis/build/icyphy/ptII/ptolemy/actor/lib/hoc/test/auto/IterateOverArray.xml (RunModel)" time="0.038" />
  <testcase classname="ptolemy.util.test.junit.AutoTests" name="[25] /home/travis/build/icyphy/ptII/ptolemy/actor/lib/hoc/test/auto/IterateOverArray10.xml (RunModel)" time="0.019" />
  <testcase classname="ptolemy.util.test.junit.AutoTests" name="[26] /home/travis/build/icyphy/ptII/ptolemy/actor/lib/hoc/test/auto/IterateOverArray11.xml (RunModel)" time="0.031" />
  <testcase classname="ptolemy.util.test.junit.AutoTests" name="[27] /home/travis/build/icyphy/ptII/ptolemy/actor/lib/hoc/test/auto/IterateOverArray12.xml (RunModel)" time="0.04" />
  <testcase classname="ptolemy.util.test.junit.AutoTests" name="[28] /home/travis/build/icyphy/ptII/ptolemy/actor/lib/hoc/test/auto/IterateOverArray13.xml (RunModel)" time="0.15" />
  <testcase classname="ptolemy.util.test.junit.AutoTests" name="[29] /home/travis/build/icyphy/ptII/ptolemy/actor/lib/hoc/test/auto/IterateOverArray14.xml (RunModel)" time="0.139" />
  <testcase classname="ptolemy.util.test.junit.AutoTests" name="[30] /home/travis/build/icyphy/ptII/ptolemy/actor/lib/hoc/test/auto/IterateOverArray2.xml (RunModel)" time="0.029" />
  <testcase classname="ptolemy.util.test.junit.AutoTests" name="[31] /home/travis/build/icyphy/ptII/ptolemy/actor/lib/hoc/test/auto/IterateOverArray3.xml (RunModel)" time="0.064" />
  <testcase classname="ptolemy.util.test.junit.AutoTests" name="[32] /home/travis/build/icyphy/ptII/ptolemy/actor/lib/hoc/test/auto/IterateOverArray4.xml (RunModel)" time="0.04" />
  <testcase classname="ptolemy.util.test.junit.AutoTests" name="[33] /home/travis/build/icyphy/ptII/ptolemy/actor/lib/hoc/test/auto/IterateOverArray5.xml (RunModel)" time="0.018" />
  <testcase classname="ptolemy.util.test.junit.AutoTests" name="[34] /home/travis/build/icyphy/ptII/ptolemy/actor/lib/hoc/test/auto/IterateOverArray6.xml (RunModel)" time="0.011" />
  <testcase classname="ptolemy.util.test.junit.AutoTests" name="[35] /home/travis/build/icyphy/ptII/ptolemy/actor/lib/hoc/test/auto/IterateOverArray7.xml (RunModel)" time="0.02" />
  <testcase classname="ptolemy.util.test.junit.AutoTests" name="[36] /home/travis/build/icyphy/ptII/ptolemy/actor/lib/hoc/test/auto/IterateOverArray8.xml (RunModel)" time="0.023" />
  <testcase classname="ptolemy.util.test.junit.AutoTests" name="[37] /home/travis/build/icyphy/ptII/ptolemy/actor/lib/hoc/test/auto/IterateOverArray9.xml (RunModel)" time="0.031" />
  <testcase classname="ptolemy.util.test.junit.AutoTests" name="[38] /home/travis/build/icyphy/ptII/ptolemy/actor/lib/hoc/test/auto/IterateOverArrayCoercedOutputType.xml (RunModel)" time="0.04" />
  <testcase classname="ptolemy.util.test.junit.AutoTests" name="[39] /home/travis/build/icyphy/ptII/ptolemy/actor/lib/hoc/test/auto/IterateOverArrayInferredOutputType.xml (RunModel)" time="0.034" />
  <testcase classname="ptolemy.util.test.junit.AutoTests" name="[40] /home/travis/build/icyphy/ptII/ptolemy/actor/lib/hoc/test/auto/MobileFunctionTest.xml (RunModel)" time="0.024" />
  <testcase classname="ptolemy.util.test.junit.AutoTests" name="[41] /home/travis/build/icyphy/ptII/ptolemy/actor/lib/hoc/test/auto/MobileModelTest.xml (RunModel)" time="0.092" />
  <testcase classname="ptolemy.util.test.junit.AutoTests" name="[42] /home/travis/build/icyphy/ptII/ptolemy/actor/lib/hoc/test/auto/ModelReference.xml (RunModel)" time="0.062" />
  <testcase classname="ptolemy.util.test.junit.AutoTests" name="[43] /home/travis/build/icyphy/ptII/ptolemy/actor/lib/hoc/test/auto/ModelReference3.xml (RunModel)" time="0.049" />
  <testcase classname="ptolemy.util.test.junit.AutoTests" name="[44] /home/travis/build/icyphy/ptII/ptolemy/actor/lib/hoc/test/auto/ModelReference4.xml (RunModel)" time="10.03" />
  <testcase classname="ptolemy.util.test.junit.AutoTests" name="[45] /home/travis/build/icyphy/ptII/ptolemy/actor/lib/hoc/test/auto/MultiInstanceComposite.xml (RunModel)" time="0.042" />
  <testcase classname="ptolemy.util.test.junit.AutoTests" name="[46] /home/travis/build/icyphy/ptII/ptolemy/actor/lib/hoc/test/auto/MultiInstanceComposite2.xml (RunModel)" time="0.038" />
  <testcase classname="ptolemy.util.test.junit.AutoTests" name="[47] /home/travis/build/icyphy/ptII/ptolemy/actor/lib/hoc/test/auto/MulticoreExecution.xml (RunModel)" time="10.068" />
  <testcase classname="ptolemy.util.test.junit.AutoTests" name="[48] /home/travis/build/icyphy/ptII/ptolemy/actor/lib/hoc/test/auto/ParallelExecution.xml (RunModel)" time="0.936" />
  <testcase classname="ptolemy.util.test.junit.AutoTests" name="[49] /home/travis/build/icyphy/ptII/ptolemy/actor/lib/hoc/test/auto/RunCompositeActor.xml (RunModel)" time="0.024" />
  <testcase classname="ptolemy.util.test.junit.AutoTests" name="[50] /home/travis/build/icyphy/ptII/ptolemy/actor/lib/hoc/test/auto/RunCompositeActor2.xml (RunModel)" time="0.047" />
  <testcase classname="ptolemy.util.test.junit.AutoTests" name="[51] /home/travis/build/icyphy/ptII/ptolemy/actor/lib/hoc/test/auto/RunCompositeActor3.xml (RunModel)" time="0.024" />
  <testcase classname="ptolemy.util.test.junit.AutoTests" name="[52] /home/travis/build/icyphy/ptII/ptolemy/actor/lib/hoc/test/auto/RunCompositeActor4.xml (RunModel)" time="0.025" />
  <testcase classname="ptolemy.util.test.junit.AutoTests" name="[53] /home/travis/build/icyphy/ptII/ptolemy/actor/lib/hoc/test/auto/RunCompositeIterateOverArray.xml (RunModel)" time="0.031" />
  <testcase classname="ptolemy.util.test.junit.AutoTests" name="[54] /home/travis/build/icyphy/ptII/ptolemy/actor/lib/hoc/test/auto/ThreadedJS.xml (RunModel)" time="4.669" />
  <system-out><![CDATA[/home/travis/build/icyphy/ptII/ptolemy/actor/lib/hoc/test/IterateOverArray.tcl
testDefs.tcl: setting time out to 9000 seconds at Thu May 10 20:59:46 UTC 2018
05/10/18 08:59:47
Failed: 0  Total Tests: 2  ((Passed: 2, Newly Passed: 0)  Known Failed: 0) /home/travis/build/icyphy/ptII/ptolemy/actor/lib/hoc/test
----------------- testing (KnownFailure) /home/travis/build/icyphy/ptII/ptolemy/actor/lib/hoc/test/auto/knownFailedTests/PreinitializeMustBeInvokedRunComposite.xml
31 ms. Memory: 116224K Free: 105061K (90%)
Known Failure: java.lang.reflect.InvocationTargetException
No auto/*.xml tests in /home/travis/build/icyphy/ptII/ptolemy/actor/lib/hoc/test
AutoTests.java: About to close Vertx.
AutoTests.java: Vertx closed.
----------------- testing Thu May 10 20:59:47 UTC 2018 /home/travis/build/icyphy/ptII/ptolemy/actor/lib/hoc/test/auto/AllToAllMultiInstanceComposite.xml
----------------- Instantiating /home/travis/build/icyphy/ptII/ptolemy/actor/lib/hoc/test/auto/AllToAllMultiInstanceComposite.xml
105 ms. Memory: 146944K Free: 113002K (77%)
----------------- Invoking toplevel() on ptolemy.moml.MoMLSimpleApplication@88e878b
----------------- Done invoking toplevel() on ptolemy.moml.MoMLSimpleApplication@88e878b
reloadAllAccessors: .AllToAllMultiInstanceComposite
----------------- testing Thu May 10 20:59:47 UTC 2018 /home/travis/build/icyphy/ptII/ptolemy/actor/lib/hoc/test/auto/ApplyFFTTest.xml
----------------- Instantiating /home/travis/build/icyphy/ptII/ptolemy/actor/lib/hoc/test/auto/ApplyFFTTest.xml
155 ms. Memory: 146944K Free: 92851K (63%)
----------------- Invoking toplevel() on ptolemy.moml.MoMLSimpleApplication@11f75303
----------------- Done invoking toplevel() on ptolemy.moml.MoMLSimpleApplication@11f75303
reloadAllAccessors: .ApplyFFTTest
----------------- testing Thu May 10 20:59:48 UTC 2018 /home/travis/build/icyphy/ptII/ptolemy/actor/lib/hoc/test/auto/ApplyFunction.xml
----------------- Instantiating /home/travis/build/icyphy/ptII/ptolemy/actor/lib/hoc/test/auto/ApplyFunction.xml
5 ms. Memory: 146944K Free: 89084K (61%)
----------------- Invoking toplevel() on ptolemy.moml.MoMLSimpleApplication@15e4003e
----------------- Done invoking toplevel() on ptolemy.moml.MoMLSimpleApplication@15e4003e
reloadAllAccessors: .ApplyFunction
----------------- testing Thu May 10 20:59:48 UTC 2018 /home/travis/build/icyphy/ptII/ptolemy/actor/lib/hoc/test/auto/BackgroundExecution.xml
----------------- Instantiating /home/travis/build/icyphy/ptII/ptolemy/actor/lib/hoc/test/auto/BackgroundExecution.xml
634 ms. Memory: 146944K Free: 80118K (55%)
----------------- Invoking toplevel() on ptolemy.moml.MoMLSimpleApplication@77095536
----------------- Done invoking toplevel() on ptolemy.moml.MoMLSimpleApplication@77095536
reloadAllAccessors: .BackgroundExecution
----------------- testing Thu May 10 20:59:49 UTC 2018 /home/travis/build/icyphy/ptII/ptolemy/actor/lib/hoc/test/auto/Case.xml
----------------- Instantiating /home/travis/build/icyphy/ptII/ptolemy/actor/lib/hoc/test/auto/Case.xml
12 ms. Memory: 146944K Free: 133136K (91%)
----------------- Invoking toplevel() on ptolemy.moml.MoMLSimpleApplication@7ff68968
----------------- Done invoking toplevel() on ptolemy.moml.MoMLSimpleApplication@7ff68968
reloadAllAccessors: .Case
----------------- testing Thu May 10 20:59:49 UTC 2018 /home/travis/build/icyphy/ptII/ptolemy/actor/lib/hoc/test/auto/Case1.xml
----------------- Instantiating /home/travis/build/icyphy/ptII/ptolemy/actor/lib/hoc/test/auto/Case1.xml
7 ms. Memory: 146944K Free: 125464K (85%)
----------------- Invoking toplevel() on ptolemy.moml.MoMLSimpleApplication@5d675968
----------------- Done invoking toplevel() on ptolemy.moml.MoMLSimpleApplication@5d675968
reloadAllAccessors: .Case1
----------------- testing Thu May 10 20:59:49 UTC 2018 /home/travis/build/icyphy/ptII/ptolemy/actor/lib/hoc/test/auto/Case2.xml
----------------- Instantiating /home/travis/build/icyphy/ptII/ptolemy/actor/lib/hoc/test/auto/Case2.xml
23 ms. Memory: 146944K Free: 114549K (78%)
----------------- Invoking toplevel() on ptolemy.moml.MoMLSimpleApplication@67d13328
----------------- Done invoking toplevel() on ptolemy.moml.MoMLSimpleApplication@67d13328
reloadAllAccessors: .Case2
----------------- testing Thu May 10 20:59:49 UTC 2018 /home/travis/build/icyphy/ptII/ptolemy/actor/lib/hoc/test/auto/Case3.xml
----------------- Instantiating /home/travis/build/icyphy/ptII/ptolemy/actor/lib/hoc/test/auto/Case3.xml
10 ms. Memory: 146944K Free: 107174K (73%)
----------------- Invoking toplevel() on ptolemy.moml.MoMLSimpleApplication@2f5a9e53
----------------- Done invoking toplevel() on ptolemy.moml.MoMLSimpleApplication@2f5a9e53
reloadAllAccessors: .Case3
----------------- testing Thu May 10 20:59:49 UTC 2018 /home/travis/build/icyphy/ptII/ptolemy/actor/lib/hoc/test/auto/Case4.xml
----------------- Instantiating /home/travis/build/icyphy/ptII/ptolemy/actor/lib/hoc/test/auto/Case4.xml
12 ms. Memory: 146944K Free: 98757K (67%)
----------------- Invoking toplevel() on ptolemy.moml.MoMLSimpleApplication@40032391
----------------- Done invoking toplevel() on ptolemy.moml.MoMLSimpleApplication@40032391
reloadAllAccessors: .Case4
----------------- testing Thu May 10 20:59:49 UTC 2018 /home/travis/build/icyphy/ptII/ptolemy/actor/lib/hoc/test/auto/Case5.xml
----------------- Instantiating /home/travis/build/icyphy/ptII/ptolemy/actor/lib/hoc/test/auto/Case5.xml
44 ms. Memory: 146944K Free: 91294K (62%)
----------------- Invoking toplevel() on ptolemy.moml.MoMLSimpleApplication@7e0b895e
----------------- Done invoking toplevel() on ptolemy.moml.MoMLSimpleApplication@7e0b895e
reloadAllAccessors: .junk
----------------- testing Thu May 10 20:59:49 UTC 2018 /home/travis/build/icyphy/ptII/ptolemy/actor/lib/hoc/test/auto/Case6.xml
----------------- Instantiating /home/travis/build/icyphy/ptII/ptolemy/actor/lib/hoc/test/auto/Case6.xml
58 ms. Memory: 208384K Free: 200411K (96%)
----------------- Invoking toplevel() on ptolemy.moml.MoMLSimpleApplication@5d67ac1e
----------------- Done invoking toplevel() on ptolemy.moml.MoMLSimpleApplication@5d67ac1e
reloadAllAccessors: .Case6
----------------- testing Thu May 10 20:59:49 UTC 2018 /home/travis/build/icyphy/ptII/ptolemy/actor/lib/hoc/test/auto/CaseString2.xml
----------------- Instantiating /home/travis/build/icyphy/ptII/ptolemy/actor/lib/hoc/test/auto/CaseString2.xml
26 ms. Memory: 208384K Free: 190270K (91%)
----------------- Invoking toplevel() on ptolemy.moml.MoMLSimpleApplication@37960cad
----------------- Done invoking toplevel() on ptolemy.moml.MoMLSimpleApplication@37960cad
reloadAllAccessors: .CaseString2
----------------- testing Thu May 10 20:59:49 UTC 2018 /home/travis/build/icyphy/ptII/ptolemy/actor/lib/hoc/test/auto/CatchUpComposite1.xml
----------------- Instantiating /home/travis/build/icyphy/ptII/ptolemy/actor/lib/hoc/test/auto/CatchUpComposite1.xml
20 ms. Memory: 208384K Free: 180423K (87%)
----------------- Invoking toplevel() on ptolemy.moml.MoMLSimpleApplication@29dbbcc6
----------------- Done invoking toplevel() on ptolemy.moml.MoMLSimpleApplication@29dbbcc6
reloadAllAccessors: .CatchUpComposite1
----------------- testing Thu May 10 20:59:49 UTC 2018 /home/travis/build/icyphy/ptII/ptolemy/actor/lib/hoc/test/auto/CatchUpComposite2.xml
----------------- Instantiating /home/travis/build/icyphy/ptII/ptolemy/actor/lib/hoc/test/auto/CatchUpComposite2.xml
18 ms. Memory: 208384K Free: 171143K (82%)
----------------- Invoking toplevel() on ptolemy.moml.MoMLSimpleApplication@6e14c4e2
----------------- Done invoking toplevel() on ptolemy.moml.MoMLSimpleApplication@6e14c4e2
reloadAllAccessors: .CatchUpComposite2
----------------- testing Thu May 10 20:59:49 UTC 2018 /home/travis/build/icyphy/ptII/ptolemy/actor/lib/hoc/test/auto/CatchUpComposite3.xml
----------------- Instantiating /home/travis/build/icyphy/ptII/ptolemy/actor/lib/hoc/test/auto/CatchUpComposite3.xml
10 ms. Memory: 208384K Free: 160981K (77%)
----------------- Invoking toplevel() on ptolemy.moml.MoMLSimpleApplication@2edb9c4b
----------------- Done invoking toplevel() on ptolemy.moml.MoMLSimpleApplication@2edb9c4b
reloadAllAccessors: .CatchUpComposite3
----------------- testing Thu May 10 20:59:49 UTC 2018 /home/travis/build/icyphy/ptII/ptolemy/actor/lib/hoc/test/auto/CatchUpComposite4.xml
----------------- Instantiating /home/travis/build/icyphy/ptII/ptolemy/actor/lib/hoc/test/auto/CatchUpComposite4.xml
17 ms. Memory: 208384K Free: 151732K (73%)
----------------- Invoking toplevel() on ptolemy.moml.MoMLSimpleApplication@5cda075a
----------------- Done invoking toplevel() on ptolemy.moml.MoMLSimpleApplication@5cda075a
reloadAllAccessors: .CatchUpComposite4
----------------- testing Thu May 10 20:59:49 UTC 2018 /home/travis/build/icyphy/ptII/ptolemy/actor/lib/hoc/test/auto/CatchUpComposite5.xml
----------------- Instantiating /home/travis/build/icyphy/ptII/ptolemy/actor/lib/hoc/test/auto/CatchUpComposite5.xml
13 ms. Memory: 208384K Free: 143130K (69%)
----------------- Invoking toplevel() on ptolemy.moml.MoMLSimpleApplication@24a19b8d
----------------- Done invoking toplevel() on ptolemy.moml.MoMLSimpleApplication@24a19b8d
reloadAllAccessors: .CatchUpComposite5
----------------- testing Thu May 10 20:59:49 UTC 2018 /home/travis/build/icyphy/ptII/ptolemy/actor/lib/hoc/test/auto/CatchUpComposite6.xml
----------------- Instantiating /home/travis/build/icyphy/ptII/ptolemy/actor/lib/hoc/test/auto/CatchUpComposite6.xml
WARNING: The execution aspects in this model can influence the timing of actors by delaying the 
execution, potentially changing the behavior. There is no guarantee that actors fire at the 
time they request to be fired. 
Use Ptides for deterministic DE behavior that is not influenced by execution aspects. 

105 ms. Memory: 208384K Free: 124301K (60%)
----------------- Invoking toplevel() on ptolemy.moml.MoMLSimpleApplication@3ac91c51
----------------- Done invoking toplevel() on ptolemy.moml.MoMLSimpleApplication@3ac91c51
reloadAllAccessors: .CatchUpComposite6
----------------- testing Thu May 10 20:59:50 UTC 2018 /home/travis/build/icyphy/ptII/ptolemy/actor/lib/hoc/test/auto/CatchUpComposite7.xml
----------------- Instantiating /home/travis/build/icyphy/ptII/ptolemy/actor/lib/hoc/test/auto/CatchUpComposite7.xml
WARNING: The execution aspects in this model can influence the timing of actors by delaying the 
execution, potentially changing the behavior. There is no guarantee that actors fire at the 
time they request to be fired. 
Use Ptides for deterministic DE behavior that is not influenced by execution aspects. 

32 ms. Memory: 208384K Free: 107550K (52%)
----------------- Invoking toplevel() on ptolemy.moml.MoMLSimpleApplication@1635d51d
----------------- Done invoking toplevel() on ptolemy.moml.MoMLSimpleApplication@1635d51d
reloadAllAccessors: .CatchUpComposite7
----------------- testing Thu May 10 20:59:50 UTC 2018 /home/travis/build/icyphy/ptII/ptolemy/actor/lib/hoc/test/auto/ConcurrentExecutionTimeSDF.xml
----------------- Instantiating /home/travis/build/icyphy/ptII/ptolemy/actor/lib/hoc/test/auto/ConcurrentExecutionTimeSDF.xml
11 ms. Memory: 208384K Free: 98269K (47%)
----------------- Invoking toplevel() on ptolemy.moml.MoMLSimpleApplication@7bc73374
----------------- Done invoking toplevel() on ptolemy.moml.MoMLSimpleApplication@7bc73374
reloadAllAccessors: .ConcurrentExecutionTimeSDF
----------------- testing Thu May 10 20:59:50 UTC 2018 /home/travis/build/icyphy/ptII/ptolemy/actor/lib/hoc/test/auto/ConcurrentSleep.xml
----------------- Instantiating /home/travis/build/icyphy/ptII/ptolemy/actor/lib/hoc/test/auto/ConcurrentSleep.xml
724 ms. Memory: 208384K Free: 83774K (40%)
----------------- Invoking toplevel() on ptolemy.moml.MoMLSimpleApplication@7ea447ab
----------------- Done invoking toplevel() on ptolemy.moml.MoMLSimpleApplication@7ea447ab
reloadAllAccessors: .ConcurrentSleep
----------------- testing Thu May 10 20:59:50 UTC 2018 /home/travis/build/icyphy/ptII/ptolemy/actor/lib/hoc/test/auto/DEInPNInRunCompositeActor.xml
----------------- Instantiating /home/travis/build/icyphy/ptII/ptolemy/actor/lib/hoc/test/auto/DEInPNInRunCompositeActor.xml
18 ms. Memory: 208384K Free: 198975K (95%)
----------------- Invoking toplevel() on ptolemy.moml.MoMLSimpleApplication@769ecea5
----------------- Done invoking toplevel() on ptolemy.moml.MoMLSimpleApplication@769ecea5
reloadAllAccessors: .DEInPNInRunCompositeActor
----------------- testing Thu May 10 20:59:51 UTC 2018 /home/travis/build/icyphy/ptII/ptolemy/actor/lib/hoc/test/auto/DFTSubSetTest.xml
----------------- Instantiating /home/travis/build/icyphy/ptII/ptolemy/actor/lib/hoc/test/auto/DFTSubSetTest.xml
164 ms. Memory: 208384K Free: 151472K (73%)
----------------- Invoking toplevel() on ptolemy.moml.MoMLSimpleApplication@29564ea0
----------------- Done invoking toplevel() on ptolemy.moml.MoMLSimpleApplication@29564ea0
reloadAllAccessors: .DFTSubSetTest
----------------- testing Thu May 10 20:59:51 UTC 2018 /home/travis/build/icyphy/ptII/ptolemy/actor/lib/hoc/test/auto/HocDE.xml
----------------- Instantiating /home/travis/build/icyphy/ptII/ptolemy/actor/lib/hoc/test/auto/HocDE.xml
130 ms. Memory: 208384K Free: 124389K (60%)
----------------- Invoking toplevel() on ptolemy.moml.MoMLSimpleApplication@296ee3a9
----------------- Done invoking toplevel() on ptolemy.moml.MoMLSimpleApplication@296ee3a9
reloadAllAccessors: .HocDE
----------------- testing Thu May 10 20:59:51 UTC 2018 /home/travis/build/icyphy/ptII/ptolemy/actor/lib/hoc/test/auto/IterateOverArray.xml
----------------- Instantiating /home/travis/build/icyphy/ptII/ptolemy/actor/lib/hoc/test/auto/IterateOverArray.xml
7 ms. Memory: 208384K Free: 118022K (57%)
----------------- Invoking toplevel() on ptolemy.moml.MoMLSimpleApplication@53769cd1
----------------- Done invoking toplevel() on ptolemy.moml.MoMLSimpleApplication@53769cd1
reloadAllAccessors: .IterateOverArray
----------------- testing Thu May 10 20:59:51 UTC 2018 /home/travis/build/icyphy/ptII/ptolemy/actor/lib/hoc/test/auto/IterateOverArray10.xml
----------------- Instantiating /home/travis/build/icyphy/ptII/ptolemy/actor/lib/hoc/test/auto/IterateOverArray10.xml
3 ms. Memory: 208384K Free: 113310K (54%)
----------------- Invoking toplevel() on ptolemy.moml.MoMLSimpleApplication@5790aa98
----------------- Done invoking toplevel() on ptolemy.moml.MoMLSimpleApplication@5790aa98
reloadAllAccessors: .IterateOverArray10
----------------- testing Thu May 10 20:59:51 UTC 2018 /home/travis/build/icyphy/ptII/ptolemy/actor/lib/hoc/test/auto/IterateOverArray11.xml
----------------- Instantiating /home/travis/build/icyphy/ptII/ptolemy/actor/lib/hoc/test/auto/IterateOverArray11.xml
6 ms. Memory: 208384K Free: 108339K (52%)
----------------- Invoking toplevel() on ptolemy.moml.MoMLSimpleApplication@73c9ffc5
----------------- Done invoking toplevel() on ptolemy.moml.MoMLSimpleApplication@73c9ffc5
reloadAllAccessors: .IterateOverArray11
----------------- testing Thu May 10 20:59:51 UTC 2018 /home/travis/build/icyphy/ptII/ptolemy/actor/lib/hoc/test/auto/IterateOverArray12.xml
----------------- Instantiating /home/travis/build/icyphy/ptII/ptolemy/actor/lib/hoc/test/auto/IterateOverArray12.xml
16 ms. Memory: 208384K Free: 100350K (48%)
----------------- Invoking toplevel() on ptolemy.moml.MoMLSimpleApplication@2f5e7aa6
----------------- Done invoking toplevel() on ptolemy.moml.MoMLSimpleApplication@2f5e7aa6
reloadAllAccessors: .IterateOverArray12
----------------- testing Thu May 10 20:59:51 UTC 2018 /home/travis/build/icyphy/ptII/ptolemy/actor/lib/hoc/test/auto/IterateOverArray13.xml
----------------- Instantiating /home/travis/build/icyphy/ptII/ptolemy/actor/lib/hoc/test/auto/IterateOverArray13.xml
92 ms. Memory: 331264K Free: 315362K (95%)
----------------- Invoking toplevel() on ptolemy.moml.MoMLSimpleApplication@54b0162e
----------------- Done invoking toplevel() on ptolemy.moml.MoMLSimpleApplication@54b0162e
reloadAllAccessors: .IterateOverArray13
----------------- testing Thu May 10 20:59:51 UTC 2018 /home/travis/build/icyphy/ptII/ptolemy/actor/lib/hoc/test/auto/IterateOverArray14.xml
----------------- Instantiating /home/travis/build/icyphy/ptII/ptolemy/actor/lib/hoc/test/auto/IterateOverArray14.xml
60 ms. Memory: 331264K Free: 279092K (84%)
----------------- Invoking toplevel() on ptolemy.moml.MoMLSimpleApplication@772b10b3
----------------- Done invoking toplevel() on ptolemy.moml.MoMLSimpleApplication@772b10b3
reloadAllAccessors: .IterateOverArray14
----------------- testing Thu May 10 20:59:51 UTC 2018 /home/travis/build/icyphy/ptII/ptolemy/actor/lib/hoc/test/auto/IterateOverArray2.xml
----------------- Instantiating /home/travis/build/icyphy/ptII/ptolemy/actor/lib/hoc/test/auto/IterateOverArray2.xml
8 ms. Memory: 331264K Free: 274197K (83%)
----------------- Invoking toplevel() on ptolemy.moml.MoMLSimpleApplication@78ffc5fb
----------------- Done invoking toplevel() on ptolemy.moml.MoMLSimpleApplication@78ffc5fb
reloadAllAccessors: .IterateOverArray2
----------------- testing Thu May 10 20:59:51 UTC 2018 /home/travis/build/icyphy/ptII/ptolemy/actor/lib/hoc/test/auto/IterateOverArray3.xml
----------------- Instantiating /home/travis/build/icyphy/ptII/ptolemy/actor/lib/hoc/test/auto/IterateOverArray3.xml
20 ms. Memory: 331264K Free: 266024K (80%)
----------------- Invoking toplevel() on ptolemy.moml.MoMLSimpleApplication@a47b2a7
----------------- Done invoking toplevel() on ptolemy.moml.MoMLSimpleApplication@a47b2a7
reloadAllAccessors: .IterateOverArray3
----------------- testing Thu May 10 20:59:52 UTC 2018 /home/travis/build/icyphy/ptII/ptolemy/actor/lib/hoc/test/auto/IterateOverArray4.xml
----------------- Instantiating /home/travis/build/icyphy/ptII/ptolemy/actor/lib/hoc/test/auto/IterateOverArray4.xml
4 ms. Memory: 331264K Free: 261129K (79%)
----------------- Invoking toplevel() on ptolemy.moml.MoMLSimpleApplication@1fe67d90
----------------- Done invoking toplevel() on ptolemy.moml.MoMLSimpleApplication@1fe67d90
reloadAllAccessors: .IterateOverArray4
----------------- testing Thu May 10 20:59:52 UTC 2018 /home/travis/build/icyphy/ptII/ptolemy/actor/lib/hoc/test/auto/IterateOverArray5.xml
----------------- Instantiating /home/travis/build/icyphy/ptII/ptolemy/actor/lib/hoc/test/auto/IterateOverArray5.xml
2 ms. Memory: 331264K Free: 256234K (77%)
----------------- Invoking toplevel() on ptolemy.moml.MoMLSimpleApplication@7624b3a0
----------------- Done invoking toplevel() on ptolemy.moml.MoMLSimpleApplication@7624b3a0
reloadAllAccessors: .IterateOverArray5
----------------- testing Thu May 10 20:59:52 UTC 2018 /home/travis/build/icyphy/ptII/ptolemy/actor/lib/hoc/test/auto/IterateOverArray6.xml
----------------- Instantiating /home/travis/build/icyphy/ptII/ptolemy/actor/lib/hoc/test/auto/IterateOverArray6.xml
3 ms. Memory: 331264K Free: 251732K (76%)
----------------- Invoking toplevel() on ptolemy.moml.MoMLSimpleApplication@70f72a84
----------------- Done invoking toplevel() on ptolemy.moml.MoMLSimpleApplication@70f72a84
reloadAllAccessors: .IterateOverArray6
----------------- testing Thu May 10 20:59:52 UTC 2018 /home/travis/build/icyphy/ptII/ptolemy/actor/lib/hoc/test/auto/IterateOverArray7.xml
----------------- Instantiating /home/travis/build/icyphy/ptII/ptolemy/actor/lib/hoc/test/auto/IterateOverArray7.xml
3 ms. Memory: 331264K Free: 246837K (75%)
----------------- Invoking toplevel() on ptolemy.moml.MoMLSimpleApplication@7a51562e
----------------- Done invoking toplevel() on ptolemy.moml.MoMLSimpleApplication@7a51562e
reloadAllAccessors: .IterateOverArray7
----------------- testing Thu May 10 20:59:52 UTC 2018 /home/travis/build/icyphy/ptII/ptolemy/actor/lib/hoc/test/auto/IterateOverArray8.xml
----------------- Instantiating /home/travis/build/icyphy/ptII/ptolemy/actor/lib/hoc/test/auto/IterateOverArray8.xml
4 ms. Memory: 331264K Free: 241112K (73%)
----------------- Invoking toplevel() on ptolemy.moml.MoMLSimpleApplication@10c1d751
----------------- Done invoking toplevel() on ptolemy.moml.MoMLSimpleApplication@10c1d751
reloadAllAccessors: .IterateOverArray8
----------------- testing Thu May 10 20:59:52 UTC 2018 /home/travis/build/icyphy/ptII/ptolemy/actor/lib/hoc/test/auto/IterateOverArray9.xml
----------------- Instantiating /home/travis/build/icyphy/ptII/ptolemy/actor/lib/hoc/test/auto/IterateOverArray9.xml
8 ms. Memory: 331264K Free: 236217K (71%)
----------------- Invoking toplevel() on ptolemy.moml.MoMLSimpleApplication@18fc295
----------------- Done invoking toplevel() on ptolemy.moml.MoMLSimpleApplication@18fc295
reloadAllAccessors: .IterateOverArray9
----------------- testing Thu May 10 20:59:52 UTC 2018 /home/travis/build/icyphy/ptII/ptolemy/actor/lib/hoc/test/auto/IterateOverArrayCoercedOutputType.xml
----------------- Instantiating /home/travis/build/icyphy/ptII/ptolemy/actor/lib/hoc/test/auto/IterateOverArrayCoercedOutputType.xml
4 ms. Memory: 331264K Free: 230098K (69%)
----------------- Invoking toplevel() on ptolemy.moml.MoMLSimpleApplication@1797fb45
----------------- Done invoking toplevel() on ptolemy.moml.MoMLSimpleApplication@1797fb45
reloadAllAccessors: .IterateOverArrayCoercedOutputType
----------------- testing Thu May 10 20:59:52 UTC 2018 /home/travis/build/icyphy/ptII/ptolemy/actor/lib/hoc/test/auto/IterateOverArrayInferredOutputType.xml
----------------- Instantiating /home/travis/build/icyphy/ptII/ptolemy/actor/lib/hoc/test/auto/IterateOverArrayInferredOutputType.xml
11 ms. Memory: 331264K Free: 223149K (67%)
----------------- Invoking toplevel() on ptolemy.moml.MoMLSimpleApplication@7969396
----------------- Done invoking toplevel() on ptolemy.moml.MoMLSimpleApplication@7969396
reloadAllAccessors: .IterateOverArrayInferredOutputType
----------------- testing Thu May 10 20:59:52 UTC 2018 /home/travis/build/icyphy/ptII/ptolemy/actor/lib/hoc/test/auto/MobileFunctionTest.xml
----------------- Instantiating /home/travis/build/icyphy/ptII/ptolemy/actor/lib/hoc/test/auto/MobileFunctionTest.xml
5 ms. Memory: 331264K Free: 218254K (66%)
----------------- Invoking toplevel() on ptolemy.moml.MoMLSimpleApplication@5225cde7
----------------- Done invoking toplevel() on ptolemy.moml.MoMLSimpleApplication@5225cde7
reloadAllAccessors: .MobileFunctionTest
----------------- testing Thu May 10 20:59:52 UTC 2018 /home/travis/build/icyphy/ptII/ptolemy/actor/lib/hoc/test/auto/MobileModelTest.xml
----------------- Instantiating /home/travis/build/icyphy/ptII/ptolemy/actor/lib/hoc/test/auto/MobileModelTest.xml
56 ms. Memory: 331264K Free: 196612K (59%)
----------------- Invoking toplevel() on ptolemy.moml.MoMLSimpleApplication@16a44b04
----------------- Done invoking toplevel() on ptolemy.moml.MoMLSimpleApplication@16a44b04
reloadAllAccessors: .MobileModelTest
----------------- testing Thu May 10 20:59:52 UTC 2018 /home/travis/build/icyphy/ptII/ptolemy/actor/lib/hoc/test/auto/ModelReference.xml
----------------- Instantiating /home/travis/build/icyphy/ptII/ptolemy/actor/lib/hoc/test/auto/ModelReference.xml
3 ms. Memory: 331264K Free: 188046K (57%)
1 ms. Memory: 331264K Free: 186823K (56%)
2 ms. Memory: 331264K Free: 186823K (56%)
2 ms. Memory: 331264K Free: 185599K (56%)
2 ms. Memory: 331264K Free: 184375K (56%)
6 ms. Memory: 331264K Free: 184375K (56%)
2 ms. Memory: 331264K Free: 183151K (55%)
1 ms. Memory: 331264K Free: 181928K (55%)
3 ms. Memory: 331264K Free: 181928K (55%)
2 ms. Memory: 331264K Free: 180704K (55%)
37 ms. Memory: 331264K Free: 180704K (55%)
----------------- Invoking toplevel() on ptolemy.moml.MoMLSimpleApplication@2f38320c
----------------- Done invoking toplevel() on ptolemy.moml.MoMLSimpleApplication@2f38320c
reloadAllAccessors: .ModelReference
----------------- testing Thu May 10 20:59:52 UTC 2018 /home/travis/build/icyphy/ptII/ptolemy/actor/lib/hoc/test/auto/ModelReference3.xml
----------------- Instantiating /home/travis/build/icyphy/ptII/ptolemy/actor/lib/hoc/test/auto/ModelReference3.xml
1 ms. Memory: 331264K Free: 174586K (53%)
4 ms. Memory: 331264K Free: 174586K (53%)
1 ms. Memory: 331264K Free: 173362K (52%)
3 ms. Memory: 331264K Free: 172138K (52%)
1 ms. Memory: 331264K Free: 172138K (52%)
1 ms. Memory: 331264K Free: 170915K (52%)
1 ms. Memory: 331264K Free: 169691K (51%)
3 ms. Memory: 331264K Free: 169691K (51%)
2 ms. Memory: 331264K Free: 168467K (51%)
1 ms. Memory: 331264K Free: 167243K (50%)
29 ms. Memory: 331264K Free: 167243K (50%)
----------------- Invoking toplevel() on ptolemy.moml.MoMLSimpleApplication@6ca6c0c2
----------------- Done invoking toplevel() on ptolemy.moml.MoMLSimpleApplication@6ca6c0c2
reloadAllAccessors: .ModelReference3
----------------- testing Thu May 10 20:59:52 UTC 2018 /home/travis/build/icyphy/ptII/ptolemy/actor/lib/hoc/test/auto/ModelReference4.xml
----------------- Instantiating /home/travis/build/icyphy/ptII/ptolemy/actor/lib/hoc/test/auto/ModelReference4.xml
3 ms. Memory: 331264K Free: 160294K (48%)
2 ms. Memory: 331264K Free: 159070K (48%)
2 ms. Memory: 331264K Free: 156623K (47%)
2 ms. Memory: 331264K Free: 155399K (47%)
3 ms. Memory: 331264K Free: 154176K (47%)
3 ms. Memory: 331264K Free: 152952K (46%)
3 ms. Memory: 331264K Free: 151728K (46%)
1 ms. Memory: 331264K Free: 150505K (45%)
5 ms. Memory: 331264K Free: 148041K (45%)
2 ms. Memory: 331264K Free: 146818K (44%)
10015 ms. Memory: 331264K Free: 146818K (44%)
----------------- Invoking toplevel() on ptolemy.moml.MoMLSimpleApplication@2a70919c
----------------- Done invoking toplevel() on ptolemy.moml.MoMLSimpleApplication@2a70919c
reloadAllAccessors: .ModelReference4
----------------- testing Thu May 10 21:00:02 UTC 2018 /home/travis/build/icyphy/ptII/ptolemy/actor/lib/hoc/test/auto/MultiInstanceComposite.xml
----------------- Instantiating /home/travis/build/icyphy/ptII/ptolemy/actor/lib/hoc/test/auto/MultiInstanceComposite.xml
24 ms. Memory: 331264K Free: 129558K (39%)
----------------- Invoking toplevel() on ptolemy.moml.MoMLSimpleApplication@324c570d
----------------- Done invoking toplevel() on ptolemy.moml.MoMLSimpleApplication@324c570d
reloadAllAccessors: .MultiInstanceComposite
----------------- testing Thu May 10 21:00:02 UTC 2018 /home/travis/build/icyphy/ptII/ptolemy/actor/lib/hoc/test/auto/MultiInstanceComposite2.xml
----------------- Instantiating /home/travis/build/icyphy/ptII/ptolemy/actor/lib/hoc/test/auto/MultiInstanceComposite2.xml
13 ms. Memory: 331264K Free: 115170K (35%)
----------------- Invoking toplevel() on ptolemy.moml.MoMLSimpleApplication@31bc9a9b
----------------- Done invoking toplevel() on ptolemy.moml.MoMLSimpleApplication@31bc9a9b
reloadAllAccessors: .MultiInstanceComposite2
----------------- testing Thu May 10 21:00:02 UTC 2018 /home/travis/build/icyphy/ptII/ptolemy/actor/lib/hoc/test/auto/MulticoreExecution.xml
----------------- Instantiating /home/travis/build/icyphy/ptII/ptolemy/actor/lib/hoc/test/auto/MulticoreExecution.xml
10044 ms. Memory: 331264K Free: 102869K (31%)
----------------- Invoking toplevel() on ptolemy.moml.MoMLSimpleApplication@169422cc
----------------- Done invoking toplevel() on ptolemy.moml.MoMLSimpleApplication@169422cc
reloadAllAccessors: .MulticoreExecution
----------------- testing Thu May 10 21:00:12 UTC 2018 /home/travis/build/icyphy/ptII/ptolemy/actor/lib/hoc/test/auto/ParallelExecution.xml
----------------- Instantiating /home/travis/build/icyphy/ptII/ptolemy/actor/lib/hoc/test/auto/ParallelExecution.xml
915 ms. Memory: 331264K Free: 91840K (28%)
----------------- Invoking toplevel() on ptolemy.moml.MoMLSimpleApplication@6e77a4c2
----------------- Done invoking toplevel() on ptolemy.moml.MoMLSimpleApplication@6e77a4c2
reloadAllAccessors: .ParallelExecution
----------------- testing Thu May 10 21:00:13 UTC 2018 /home/travis/build/icyphy/ptII/ptolemy/actor/lib/hoc/test/auto/RunCompositeActor.xml
----------------- Instantiating /home/travis/build/icyphy/ptII/ptolemy/actor/lib/hoc/test/auto/RunCompositeActor.xml
7 ms. Memory: 331264K Free: 82379K (25%)
----------------- Invoking toplevel() on ptolemy.moml.MoMLSimpleApplication@3438cbfc
----------------- Done invoking toplevel() on ptolemy.moml.MoMLSimpleApplication@3438cbfc
reloadAllAccessors: .RunCompositeActor
----------------- testing Thu May 10 21:00:13 UTC 2018 /home/travis/build/icyphy/ptII/ptolemy/actor/lib/hoc/test/auto/RunCompositeActor2.xml
----------------- Instantiating /home/travis/build/icyphy/ptII/ptolemy/actor/lib/hoc/test/auto/RunCompositeActor2.xml
10 ms. Memory: 332288K Free: 318815K (96%)
----------------- Invoking toplevel() on ptolemy.moml.MoMLSimpleApplication@3a42952c
----------------- Done invoking toplevel() on ptolemy.moml.MoMLSimpleApplication@3a42952c
reloadAllAccessors: .RunCompositeActor2
----------------- testing Thu May 10 21:00:13 UTC 2018 /home/travis/build/icyphy/ptII/ptolemy/actor/lib/hoc/test/auto/RunCompositeActor3.xml
----------------- Instantiating /home/travis/build/icyphy/ptII/ptolemy/actor/lib/hoc/test/auto/RunCompositeActor3.xml
5 ms. Memory: 332288K Free: 311684K (94%)
----------------- Invoking toplevel() on ptolemy.moml.MoMLSimpleApplication@9dc040
----------------- Done invoking toplevel() on ptolemy.moml.MoMLSimpleApplication@9dc040
reloadAllAccessors: .RunCompositeActor3
----------------- testing Thu May 10 21:00:13 UTC 2018 /home/travis/build/icyphy/ptII/ptolemy/actor/lib/hoc/test/auto/RunCompositeActor4.xml
----------------- Instantiating /home/travis/build/icyphy/ptII/ptolemy/actor/lib/hoc/test/auto/RunCompositeActor4.xml
12 ms. Memory: 332288K Free: 302720K (91%)
----------------- Invoking toplevel() on ptolemy.moml.MoMLSimpleApplication@3435f121
----------------- Done invoking toplevel() on ptolemy.moml.MoMLSimpleApplication@3435f121
reloadAllAccessors: .RunCompositeActor4
----------------- testing Thu May 10 21:00:13 UTC 2018 /home/travis/build/icyphy/ptII/ptolemy/actor/lib/hoc/test/auto/RunCompositeIterateOverArray.xml
----------------- Instantiating /home/travis/build/icyphy/ptII/ptolemy/actor/lib/hoc/test/auto/RunCompositeIterateOverArray.xml
10 ms. Memory: 332288K Free: 296194K (89%)
----------------- Invoking toplevel() on ptolemy.moml.MoMLSimpleApplication@6bf1b98c
----------------- Done invoking toplevel() on ptolemy.moml.MoMLSimpleApplication@6bf1b98c
reloadAllAccessors: .RunCompositeIterateOverArray
----------------- testing Thu May 10 21:00:13 UTC 2018 /home/travis/build/icyphy/ptII/ptolemy/actor/lib/hoc/test/auto/ThreadedJS.xml
----------------- Instantiating /home/travis/build/icyphy/ptII/ptolemy/actor/lib/hoc/test/auto/ThreadedJS.xml
1673 ms. Memory: 537088K Free: 163656K (30%)
----------------- Invoking toplevel() on ptolemy.moml.MoMLSimpleApplication@7dce760d
----------------- Done invoking toplevel() on ptolemy.moml.MoMLSimpleApplication@7dce760d
reloadAllAccessors: .ThreadedJS
AutoTests.java: About to close Vertx.
AutoTests.java: Vertx closed.
]]></system-out>
  <system-err><![CDATA[java.lang.RuntimeException: Execution failed
	at ptolemy.moml.MoMLSimpleApplication$UnloadThread.run(MoMLSimpleApplication.java:402)
Caused by: ptolemy.kernel.util.IllegalActionException: initialize() was called after wrapup() was called but preinitialize() was not called after wrapup().
	at ptolemy.actor.lib.hoc.test.PreinitializeMustBeInvoked.initialize(PreinitializeMustBeInvoked.java:78)
	at ptolemy.actor.Director.initialize(Director.java:938)
	at ptolemy.actor.Director.initialize(Director.java:907)
	at ptolemy.actor.sched.StaticSchedulingDirector.initialize(StaticSchedulingDirector.java:159)
	at ptolemy.domains.sdf.kernel.SDFDirector.initialize(SDFDirector.java:544)
	at ptolemy.actor.CompositeActor.initialize(CompositeActor.java:935)
	at ptolemy.actor.lib.hoc.LifeCycleManager._executeInsideModel(LifeCycleManager.java:339)
	at ptolemy.actor.lib.hoc.RunCompositeActor.fire(RunCompositeActor.java:205)
	at ptolemy.actor.CompositeActor.iterate(CompositeActor.java:1146)
	at ptolemy.actor.sched.StaticSchedulingDirector.fire(StaticSchedulingDirector.java:216)
	at ptolemy.domains.sdf.kernel.SDFDirector.fire(SDFDirector.java:500)
	at ptolemy.actor.CompositeActor.fire(CompositeActor.java:455)
	at ptolemy.actor.Manager.iterate(Manager.java:851)
	at ptolemy.actor.Manager.execute(Manager.java:369)
	at ptolemy.actor.Manager.run(Manager.java:1263)
	at ptolemy.actor.Manager$PtolemyRunThread.run(Manager.java:1915)
java.lang.reflect.InvocationTargetException
	at sun.reflect.NativeConstructorAccessorImpl.newInstance0(Native Method)
	at sun.reflect.NativeConstructorAccessorImpl.newInstance(NativeConstructorAccessorImpl.java:62)
	at sun.reflect.DelegatingConstructorAccessorImpl.newInstance(DelegatingConstructorAccessorImpl.java:45)
	at java.lang.reflect.Constructor.newInstance(Constructor.java:423)
	at ptolemy.util.test.junit.AutoKnownFailedTests.RunModel(AutoKnownFailedTests.java:107)
	at sun.reflect.NativeMethodAccessorImpl.invoke0(Native Method)
	at sun.reflect.NativeMethodAccessorImpl.invoke(NativeMethodAccessorImpl.java:62)
	at sun.reflect.DelegatingMethodAccessorImpl.invoke(DelegatingMethodAccessorImpl.java:43)
	at java.lang.reflect.Method.invoke(Method.java:498)
	at org.junit.runners.model.FrameworkMethod$1.runReflectiveCall(FrameworkMethod.java:44)
	at org.junit.internal.runners.model.ReflectiveCallable.run(ReflectiveCallable.java:15)
	at org.junit.runners.model.FrameworkMethod.invokeExplosively(FrameworkMethod.java:41)
	at junitparams.internal.InvokeParameterisedMethod.evaluate(InvokeParameterisedMethod.java:102)
	at org.junit.internal.runners.statements.FailOnTimeout$1.run(FailOnTimeout.java:28)
Caused by: ptolemy.kernel.util.IllegalActionException: initialize() was called after wrapup() was called but preinitialize() was not called after wrapup().
	at ptolemy.actor.lib.hoc.test.PreinitializeMustBeInvoked.initialize(PreinitializeMustBeInvoked.java:78)
	at ptolemy.actor.Director.initialize(Director.java:938)
	at ptolemy.actor.Director.initialize(Director.java:907)
	at ptolemy.actor.sched.StaticSchedulingDirector.initialize(StaticSchedulingDirector.java:159)
	at ptolemy.domains.sdf.kernel.SDFDirector.initialize(SDFDirector.java:544)
	at ptolemy.actor.CompositeActor.initialize(CompositeActor.java:935)
	at ptolemy.actor.lib.hoc.LifeCycleManager._executeInsideModel(LifeCycleManager.java:339)
	at ptolemy.actor.lib.hoc.RunCompositeActor.fire(RunCompositeActor.java:205)
	at ptolemy.actor.CompositeActor.iterate(CompositeActor.java:1146)
	at ptolemy.actor.sched.StaticSchedulingDirector.fire(StaticSchedulingDirector.java:216)
	at ptolemy.domains.sdf.kernel.SDFDirector.fire(SDFDirector.java:500)
	at ptolemy.actor.CompositeActor.fire(CompositeActor.java:455)
	at ptolemy.actor.Manager.iterate(Manager.java:851)
	at ptolemy.actor.Manager.execute(Manager.java:369)
	at ptolemy.actor.Manager.run(Manager.java:1263)
	at ptolemy.actor.Manager$PtolemyRunThread.run(Manager.java:1915)
]]></system-err>
</testsuite>
