<?xml version="1.0" encoding="UTF-8" ?>
<testsuite errors="0" failures="0" hostname="travis-job-d8d5883f-6d34-4820-b5b0-d25b6e8ef989" name="ptolemy.actor.lib.hoc.test.junit.JUnitTclTest" skipped="0" tests="58" time="33.377" timestamp="2018-05-30T22:34:38">
  <properties>
[...]
</properties>
  <testcase classname="ptolemy.util.test.junit.TclTests" name="[0] /home/travis/build/icyphy/ptII/ptolemy/actor/lib/hoc/test/IterateOverArray.tcl (RunTclFile)" time="0.302" />
  <testcase classname="ptolemy.util.test.junit.AutoKnownFailedTests" name="[0] /home/travis/build/icyphy/ptII/ptolemy/actor/lib/hoc/test/auto/knownFailedTests/PreinitializeMustBeInvokedRunComposite.xml (RunModel)" time="0.22" />
  <testcase classname="ptolemy.util.test.junit.AutoNameArchTests" name="[0] ThereAreNoAutoArchTests (RunModel)" time="0.0" />
  <testcase classname="ptolemy.util.test.junit.AutoTests" name="[0] /home/travis/build/icyphy/ptII/ptolemy/actor/lib/hoc/test/auto/AllToAllMultiInstanceComposite.xml (RunModel)" time="0.278" />
  <testcase classname="ptolemy.util.test.junit.AutoTests" name="[1] /home/travis/build/icyphy/ptII/ptolemy/actor/lib/hoc/test/auto/ApplyFFTTest.xml (RunModel)" time="0.398" />
  <testcase classname="ptolemy.util.test.junit.AutoTests" name="[2] /home/travis/build/icyphy/ptII/ptolemy/actor/lib/hoc/test/auto/ApplyFunction.xml (RunModel)" time="0.026" />
  <testcase classname="ptolemy.util.test.junit.AutoTests" name="[3] /home/travis/build/icyphy/ptII/ptolemy/actor/lib/hoc/test/auto/BackgroundExecution.xml (RunModel)" time="0.675" />
  <testcase classname="ptolemy.util.test.junit.AutoTests" name="[4] /home/travis/build/icyphy/ptII/ptolemy/actor/lib/hoc/test/auto/Case.xml (RunModel)" time="0.111" />
  <testcase classname="ptolemy.util.test.junit.AutoTests" name="[5] /home/travis/build/icyphy/ptII/ptolemy/actor/lib/hoc/test/auto/Case1.xml (RunModel)" time="0.07" />
  <testcase classname="ptolemy.util.test.junit.AutoTests" name="[6] /home/travis/build/icyphy/ptII/ptolemy/actor/lib/hoc/test/auto/Case2.xml (RunModel)" time="0.116" />
  <testcase classname="ptolemy.util.test.junit.AutoTests" name="[7] /home/travis/build/icyphy/ptII/ptolemy/actor/lib/hoc/test/auto/Case3.xml (RunModel)" time="0.071" />
  <testcase classname="ptolemy.util.test.junit.AutoTests" name="[8] /home/travis/build/icyphy/ptII/ptolemy/actor/lib/hoc/test/auto/Case4.xml (RunModel)" time="0.035" />
  <testcase classname="ptolemy.util.test.junit.AutoTests" name="[9] /home/travis/build/icyphy/ptII/ptolemy/actor/lib/hoc/test/auto/Case5.xml (RunModel)" time="0.053" />
  <testcase classname="ptolemy.util.test.junit.AutoTests" name="[10] /home/travis/build/icyphy/ptII/ptolemy/actor/lib/hoc/test/auto/Case6.xml (RunModel)" time="0.108" />
  <testcase classname="ptolemy.util.test.junit.AutoTests" name="[11] /home/travis/build/icyphy/ptII/ptolemy/actor/lib/hoc/test/auto/CaseString2.xml (RunModel)" time="0.084" />
  <testcase classname="ptolemy.util.test.junit.AutoTests" name="[12] /home/travis/build/icyphy/ptII/ptolemy/actor/lib/hoc/test/auto/CatchUpComposite1.xml (RunModel)" time="0.087" />
  <testcase classname="ptolemy.util.test.junit.AutoTests" name="[13] /home/travis/build/icyphy/ptII/ptolemy/actor/lib/hoc/test/auto/CatchUpComposite2.xml (RunModel)" time="0.074" />
  <testcase classname="ptolemy.util.test.junit.AutoTests" name="[14] /home/travis/build/icyphy/ptII/ptolemy/actor/lib/hoc/test/auto/CatchUpComposite3.xml (RunModel)" time="0.075" />
  <testcase classname="ptolemy.util.test.junit.AutoTests" name="[15] /home/travis/build/icyphy/ptII/ptolemy/actor/lib/hoc/test/auto/CatchUpComposite4.xml (RunModel)" time="0.076" />
  <testcase classname="ptolemy.util.test.junit.AutoTests" name="[16] /home/travis/build/icyphy/ptII/ptolemy/actor/lib/hoc/test/auto/CatchUpComposite5.xml (RunModel)" time="0.052" />
  <testcase classname="ptolemy.util.test.junit.AutoTests" name="[17] /home/travis/build/icyphy/ptII/ptolemy/actor/lib/hoc/test/auto/CatchUpComposite6.xml (RunModel)" time="0.206" />
  <testcase classname="ptolemy.util.test.junit.AutoTests" name="[18] /home/travis/build/icyphy/ptII/ptolemy/actor/lib/hoc/test/auto/CatchUpComposite7.xml (RunModel)" time="0.12" />
  <testcase classname="ptolemy.util.test.junit.AutoTests" name="[19] /home/travis/build/icyphy/ptII/ptolemy/actor/lib/hoc/test/auto/ConcurrentExecutionTimeSDF.xml (RunModel)" time="0.063" />
  <testcase classname="ptolemy.util.test.junit.AutoTests" name="[20] /home/travis/build/icyphy/ptII/ptolemy/actor/lib/hoc/test/auto/ConcurrentSleep.xml (RunModel)" time="0.789" />
  <testcase classname="ptolemy.util.test.junit.AutoTests" name="[21] /home/travis/build/icyphy/ptII/ptolemy/actor/lib/hoc/test/auto/DEInPNInRunCompositeActor.xml (RunModel)" time="0.029" />
  <testcase classname="ptolemy.util.test.junit.AutoTests" name="[22] /home/travis/build/icyphy/ptII/ptolemy/actor/lib/hoc/test/auto/DFTSubSetTest.xml (RunModel)" time="0.265" />
  <testcase classname="ptolemy.util.test.junit.AutoTests" name="[23] /home/travis/build/icyphy/ptII/ptolemy/actor/lib/hoc/test/auto/HocDE.xml (RunModel)" time="0.237" />
  <testcase classname="ptolemy.util.test.junit.AutoTests" name="[24] /home/travis/build/icyphy/ptII/ptolemy/actor/lib/hoc/test/auto/IterateOverArray.xml (RunModel)" time="0.035" />
  <testcase classname="ptolemy.util.test.junit.AutoTests" name="[25] /home/travis/build/icyphy/ptII/ptolemy/actor/lib/hoc/test/auto/IterateOverArray10.xml (RunModel)" time="0.039" />
  <testcase classname="ptolemy.util.test.junit.AutoTests" name="[26] /home/travis/build/icyphy/ptII/ptolemy/actor/lib/hoc/test/auto/IterateOverArray11.xml (RunModel)" time="0.037" />
  <testcase classname="ptolemy.util.test.junit.AutoTests" name="[27] /home/travis/build/icyphy/ptII/ptolemy/actor/lib/hoc/test/auto/IterateOverArray12.xml (RunModel)" time="0.054" />
  <testcase classname="ptolemy.util.test.junit.AutoTests" name="[28] /home/travis/build/icyphy/ptII/ptolemy/actor/lib/hoc/test/auto/IterateOverArray13.xml (RunModel)" time="0.176" />
  <testcase classname="ptolemy.util.test.junit.AutoTests" name="[29] /home/travis/build/icyphy/ptII/ptolemy/actor/lib/hoc/test/auto/IterateOverArray14.xml (RunModel)" time="0.171" />
  <testcase classname="ptolemy.util.test.junit.AutoTests" name="[30] /home/travis/build/icyphy/ptII/ptolemy/actor/lib/hoc/test/auto/IterateOverArray2.xml (RunModel)" time="0.054" />
  <testcase classname="ptolemy.util.test.junit.AutoTests" name="[31] /home/travis/build/icyphy/ptII/ptolemy/actor/lib/hoc/test/auto/IterateOverArray3.xml (RunModel)" time="0.064" />
  <testcase classname="ptolemy.util.test.junit.AutoTests" name="[32] /home/travis/build/icyphy/ptII/ptolemy/actor/lib/hoc/test/auto/IterateOverArray4.xml (RunModel)" time="0.026" />
  <testcase classname="ptolemy.util.test.junit.AutoTests" name="[33] /home/travis/build/icyphy/ptII/ptolemy/actor/lib/hoc/test/auto/IterateOverArray5.xml (RunModel)" time="0.033" />
  <testcase classname="ptolemy.util.test.junit.AutoTests" name="[34] /home/travis/build/icyphy/ptII/ptolemy/actor/lib/hoc/test/auto/IterateOverArray6.xml (RunModel)" time="0.02" />
  <testcase classname="ptolemy.util.test.junit.AutoTests" name="[35] /home/travis/build/icyphy/ptII/ptolemy/actor/lib/hoc/test/auto/IterateOverArray7.xml (RunModel)" time="0.028" />
  <testcase classname="ptolemy.util.test.junit.AutoTests" name="[36] /home/travis/build/icyphy/ptII/ptolemy/actor/lib/hoc/test/auto/IterateOverArray8.xml (RunModel)" time="0.027" />
  <testcase classname="ptolemy.util.test.junit.AutoTests" name="[37] /home/travis/build/icyphy/ptII/ptolemy/actor/lib/hoc/test/auto/IterateOverArray9.xml (RunModel)" time="0.03" />
  <testcase classname="ptolemy.util.test.junit.AutoTests" name="[38] /home/travis/build/icyphy/ptII/ptolemy/actor/lib/hoc/test/auto/IterateOverArrayCoercedOutputType.xml (RunModel)" time="0.043" />
  <testcase classname="ptolemy.util.test.junit.AutoTests" name="[39] /home/travis/build/icyphy/ptII/ptolemy/actor/lib/hoc/test/auto/IterateOverArrayInferredOutputType.xml (RunModel)" time="0.032" />
  <testcase classname="ptolemy.util.test.junit.AutoTests" name="[40] /home/travis/build/icyphy/ptII/ptolemy/actor/lib/hoc/test/auto/MobileFunctionTest.xml (RunModel)" time="0.025" />
  <testcase classname="ptolemy.util.test.junit.AutoTests" name="[41] /home/travis/build/icyphy/ptII/ptolemy/actor/lib/hoc/test/auto/MobileModelTest.xml (RunModel)" time="0.118" />
  <testcase classname="ptolemy.util.test.junit.AutoTests" name="[42] /home/travis/build/icyphy/ptII/ptolemy/actor/lib/hoc/test/auto/ModelReference.xml (RunModel)" time="0.074" />
  <testcase classname="ptolemy.util.test.junit.AutoTests" name="[43] /home/travis/build/icyphy/ptII/ptolemy/actor/lib/hoc/test/auto/ModelReference3.xml (RunModel)" time="0.057" />
  <testcase classname="ptolemy.util.test.junit.AutoTests" name="[44] /home/travis/build/icyphy/ptII/ptolemy/actor/lib/hoc/test/auto/ModelReference4.xml (RunModel)" time="10.044" />
  <testcase classname="ptolemy.util.test.junit.AutoTests" name="[45] /home/travis/build/icyphy/ptII/ptolemy/actor/lib/hoc/test/auto/MultiInstanceComposite.xml (RunModel)" time="0.062" />
  <testcase classname="ptolemy.util.test.junit.AutoTests" name="[46] /home/travis/build/icyphy/ptII/ptolemy/actor/lib/hoc/test/auto/MultiInstanceComposite2.xml (RunModel)" time="0.046" />
  <testcase classname="ptolemy.util.test.junit.AutoTests" name="[47] /home/travis/build/icyphy/ptII/ptolemy/actor/lib/hoc/test/auto/MulticoreExecution.xml (RunModel)" time="10.067" />
  <testcase classname="ptolemy.util.test.junit.AutoTests" name="[48] /home/travis/build/icyphy/ptII/ptolemy/actor/lib/hoc/test/auto/ParallelExecution.xml (RunModel)" time="0.941" />
  <testcase classname="ptolemy.util.test.junit.AutoTests" name="[49] /home/travis/build/icyphy/ptII/ptolemy/actor/lib/hoc/test/auto/RunCompositeActor.xml (RunModel)" time="0.03" />
  <testcase classname="ptolemy.util.test.junit.AutoTests" name="[50] /home/travis/build/icyphy/ptII/ptolemy/actor/lib/hoc/test/auto/RunCompositeActor2.xml (RunModel)" time="0.028" />
  <testcase classname="ptolemy.util.test.junit.AutoTests" name="[51] /home/travis/build/icyphy/ptII/ptolemy/actor/lib/hoc/test/auto/RunCompositeActor3.xml (RunModel)" time="0.025" />
  <testcase classname="ptolemy.util.test.junit.AutoTests" name="[52] /home/travis/build/icyphy/ptII/ptolemy/actor/lib/hoc/test/auto/RunCompositeActor4.xml (RunModel)" time="0.037" />
  <testcase classname="ptolemy.util.test.junit.AutoTests" name="[53] /home/travis/build/icyphy/ptII/ptolemy/actor/lib/hoc/test/auto/RunCompositeIterateOverArray.xml (RunModel)" time="0.03" />
  <testcase classname="ptolemy.util.test.junit.AutoTests" name="[54] /home/travis/build/icyphy/ptII/ptolemy/actor/lib/hoc/test/auto/ThreadedJS.xml (RunModel)" time="5.779" />
  <system-out><![CDATA[/home/travis/build/icyphy/ptII/ptolemy/actor/lib/hoc/test/IterateOverArray.tcl
testDefs.tcl: setting time out to 9000 seconds at Wed May 30 22:34:38 UTC 2018
05/30/18 10:34:38
Failed: 0  Total Tests: 2  ((Passed: 2, Newly Passed: 0)  Known Failed: 0) /home/travis/build/icyphy/ptII/ptolemy/actor/lib/hoc/test
----------------- testing (KnownFailure) /home/travis/build/icyphy/ptII/ptolemy/actor/lib/hoc/test/auto/knownFailedTests/PreinitializeMustBeInvokedRunComposite.xml
38 ms. Memory: 116224K Free: 105057K (90%)
Known Failure: java.lang.reflect.InvocationTargetException
No auto/linux-amd64/*.xml tests in /home/travis/build/icyphy/ptII/ptolemy/actor/lib/hoc/test
AutoTests.java: About to close Vertx.
AutoTests.java: Vertx closed.
----------------- testing Wed May 30 22:34:39 UTC 2018 /home/travis/build/icyphy/ptII/ptolemy/actor/lib/hoc/test/auto/AllToAllMultiInstanceComposite.xml
----------------- Instantiating /home/travis/build/icyphy/ptII/ptolemy/actor/lib/hoc/test/auto/AllToAllMultiInstanceComposite.xml
117 ms. Memory: 116224K Free: 85805K (74%)
----------------- Invoking toplevel() on ptolemy.moml.MoMLSimpleApplication@5df8a817
----------------- Done invoking toplevel() on ptolemy.moml.MoMLSimpleApplication@5df8a817
reloadAllAccessors: .AllToAllMultiInstanceComposite
----------------- testing Wed May 30 22:34:39 UTC 2018 /home/travis/build/icyphy/ptII/ptolemy/actor/lib/hoc/test/auto/ApplyFFTTest.xml
----------------- Instantiating /home/travis/build/icyphy/ptII/ptolemy/actor/lib/hoc/test/auto/ApplyFFTTest.xml
185 ms. Memory: 116224K Free: 95916K (83%)
----------------- Invoking toplevel() on ptolemy.moml.MoMLSimpleApplication@11f75303
----------------- Done invoking toplevel() on ptolemy.moml.MoMLSimpleApplication@11f75303
reloadAllAccessors: .ApplyFFTTest
----------------- testing Wed May 30 22:34:40 UTC 2018 /home/travis/build/icyphy/ptII/ptolemy/actor/lib/hoc/test/auto/ApplyFunction.xml
----------------- Instantiating /home/travis/build/icyphy/ptII/ptolemy/actor/lib/hoc/test/auto/ApplyFunction.xml
5 ms. Memory: 116224K Free: 92287K (79%)
----------------- Invoking toplevel() on ptolemy.moml.MoMLSimpleApplication@15e4003e
----------------- Done invoking toplevel() on ptolemy.moml.MoMLSimpleApplication@15e4003e
reloadAllAccessors: .ApplyFunction
----------------- testing Wed May 30 22:34:40 UTC 2018 /home/travis/build/icyphy/ptII/ptolemy/actor/lib/hoc/test/auto/BackgroundExecution.xml
----------------- Instantiating /home/travis/build/icyphy/ptII/ptolemy/actor/lib/hoc/test/auto/BackgroundExecution.xml
622 ms. Memory: 116224K Free: 84363K (73%)
----------------- Invoking toplevel() on ptolemy.moml.MoMLSimpleApplication@1ba99a3a
----------------- Done invoking toplevel() on ptolemy.moml.MoMLSimpleApplication@1ba99a3a
reloadAllAccessors: .BackgroundExecution
----------------- testing Wed May 30 22:34:40 UTC 2018 /home/travis/build/icyphy/ptII/ptolemy/actor/lib/hoc/test/auto/Case.xml
----------------- Instantiating /home/travis/build/icyphy/ptII/ptolemy/actor/lib/hoc/test/auto/Case.xml
48 ms. Memory: 146944K Free: 137683K (94%)
----------------- Invoking toplevel() on ptolemy.moml.MoMLSimpleApplication@280f9b32
----------------- Done invoking toplevel() on ptolemy.moml.MoMLSimpleApplication@280f9b32
reloadAllAccessors: .Case
----------------- testing Wed May 30 22:34:40 UTC 2018 /home/travis/build/icyphy/ptII/ptolemy/actor/lib/hoc/test/auto/Case1.xml
----------------- Instantiating /home/travis/build/icyphy/ptII/ptolemy/actor/lib/hoc/test/auto/Case1.xml
16 ms. Memory: 146944K Free: 130147K (89%)
----------------- Invoking toplevel() on ptolemy.moml.MoMLSimpleApplication@3cce4929
----------------- Done invoking toplevel() on ptolemy.moml.MoMLSimpleApplication@3cce4929
reloadAllAccessors: .Case1
----------------- testing Wed May 30 22:34:40 UTC 2018 /home/travis/build/icyphy/ptII/ptolemy/actor/lib/hoc/test/auto/Case2.xml
----------------- Instantiating /home/travis/build/icyphy/ptII/ptolemy/actor/lib/hoc/test/auto/Case2.xml
49 ms. Memory: 146944K Free: 118748K (81%)
----------------- Invoking toplevel() on ptolemy.moml.MoMLSimpleApplication@4fed61ab
----------------- Done invoking toplevel() on ptolemy.moml.MoMLSimpleApplication@4fed61ab
reloadAllAccessors: .Case2
----------------- testing Wed May 30 22:34:41 UTC 2018 /home/travis/build/icyphy/ptII/ptolemy/actor/lib/hoc/test/auto/Case3.xml
----------------- Instantiating /home/travis/build/icyphy/ptII/ptolemy/actor/lib/hoc/test/auto/Case3.xml
14 ms. Memory: 146944K Free: 111960K (76%)
----------------- Invoking toplevel() on ptolemy.moml.MoMLSimpleApplication@6c6f28fe
----------------- Done invoking toplevel() on ptolemy.moml.MoMLSimpleApplication@6c6f28fe
reloadAllAccessors: .Case3
----------------- testing Wed May 30 22:34:41 UTC 2018 /home/travis/build/icyphy/ptII/ptolemy/actor/lib/hoc/test/auto/Case4.xml
----------------- Instantiating /home/travis/build/icyphy/ptII/ptolemy/actor/lib/hoc/test/auto/Case4.xml
9 ms. Memory: 146944K Free: 103487K (70%)
----------------- Invoking toplevel() on ptolemy.moml.MoMLSimpleApplication@2f7f02a6
----------------- Done invoking toplevel() on ptolemy.moml.MoMLSimpleApplication@2f7f02a6
reloadAllAccessors: .Case4
----------------- testing Wed May 30 22:34:41 UTC 2018 /home/travis/build/icyphy/ptII/ptolemy/actor/lib/hoc/test/auto/Case5.xml
----------------- Instantiating /home/travis/build/icyphy/ptII/ptolemy/actor/lib/hoc/test/auto/Case5.xml
31 ms. Memory: 146944K Free: 96402K (66%)
----------------- Invoking toplevel() on ptolemy.moml.MoMLSimpleApplication@1588381d
----------------- Done invoking toplevel() on ptolemy.moml.MoMLSimpleApplication@1588381d
reloadAllAccessors: .junk
----------------- testing Wed May 30 22:34:41 UTC 2018 /home/travis/build/icyphy/ptII/ptolemy/actor/lib/hoc/test/auto/Case6.xml
----------------- Instantiating /home/travis/build/icyphy/ptII/ptolemy/actor/lib/hoc/test/auto/Case6.xml
66 ms. Memory: 146944K Free: 83302K (57%)
----------------- Invoking toplevel() on ptolemy.moml.MoMLSimpleApplication@5eb13098
----------------- Done invoking toplevel() on ptolemy.moml.MoMLSimpleApplication@5eb13098
reloadAllAccessors: .Case6
----------------- testing Wed May 30 22:34:41 UTC 2018 /home/travis/build/icyphy/ptII/ptolemy/actor/lib/hoc/test/auto/CaseString2.xml
----------------- Instantiating /home/travis/build/icyphy/ptII/ptolemy/actor/lib/hoc/test/auto/CaseString2.xml
16 ms. Memory: 146944K Free: 135882K (92%)
----------------- Invoking toplevel() on ptolemy.moml.MoMLSimpleApplication@7cb4b075
----------------- Done invoking toplevel() on ptolemy.moml.MoMLSimpleApplication@7cb4b075
reloadAllAccessors: .CaseString2
----------------- testing Wed May 30 22:34:41 UTC 2018 /home/travis/build/icyphy/ptII/ptolemy/actor/lib/hoc/test/auto/CatchUpComposite1.xml
----------------- Instantiating /home/travis/build/icyphy/ptII/ptolemy/actor/lib/hoc/test/auto/CatchUpComposite1.xml
15 ms. Memory: 146944K Free: 126266K (86%)
----------------- Invoking toplevel() on ptolemy.moml.MoMLSimpleApplication@6bab18f7
----------------- Done invoking toplevel() on ptolemy.moml.MoMLSimpleApplication@6bab18f7
reloadAllAccessors: .CatchUpComposite1
----------------- testing Wed May 30 22:34:41 UTC 2018 /home/travis/build/icyphy/ptII/ptolemy/actor/lib/hoc/test/auto/CatchUpComposite2.xml
----------------- Instantiating /home/travis/build/icyphy/ptII/ptolemy/actor/lib/hoc/test/auto/CatchUpComposite2.xml
17 ms. Memory: 146944K Free: 116727K (79%)
----------------- Invoking toplevel() on ptolemy.moml.MoMLSimpleApplication@4ed1d150
----------------- Done invoking toplevel() on ptolemy.moml.MoMLSimpleApplication@4ed1d150
reloadAllAccessors: .CatchUpComposite2
----------------- testing Wed May 30 22:34:41 UTC 2018 /home/travis/build/icyphy/ptII/ptolemy/actor/lib/hoc/test/auto/CatchUpComposite3.xml
----------------- Instantiating /home/travis/build/icyphy/ptII/ptolemy/actor/lib/hoc/test/auto/CatchUpComposite3.xml
7 ms. Memory: 146944K Free: 107204K (73%)
----------------- Invoking toplevel() on ptolemy.moml.MoMLSimpleApplication@27ee3a0a
----------------- Done invoking toplevel() on ptolemy.moml.MoMLSimpleApplication@27ee3a0a
reloadAllAccessors: .CatchUpComposite3
----------------- testing Wed May 30 22:34:41 UTC 2018 /home/travis/build/icyphy/ptII/ptolemy/actor/lib/hoc/test/auto/CatchUpComposite4.xml
----------------- Instantiating /home/travis/build/icyphy/ptII/ptolemy/actor/lib/hoc/test/auto/CatchUpComposite4.xml
21 ms. Memory: 146944K Free: 97818K (67%)
----------------- Invoking toplevel() on ptolemy.moml.MoMLSimpleApplication@7d5a83a7
----------------- Done invoking toplevel() on ptolemy.moml.MoMLSimpleApplication@7d5a83a7
reloadAllAccessors: .CatchUpComposite4
----------------- testing Wed May 30 22:34:41 UTC 2018 /home/travis/build/icyphy/ptII/ptolemy/actor/lib/hoc/test/auto/CatchUpComposite5.xml
----------------- Instantiating /home/travis/build/icyphy/ptII/ptolemy/actor/lib/hoc/test/auto/CatchUpComposite5.xml
15 ms. Memory: 146944K Free: 89065K (61%)
----------------- Invoking toplevel() on ptolemy.moml.MoMLSimpleApplication@5bd891a4
----------------- Done invoking toplevel() on ptolemy.moml.MoMLSimpleApplication@5bd891a4
reloadAllAccessors: .CatchUpComposite5
----------------- testing Wed May 30 22:34:41 UTC 2018 /home/travis/build/icyphy/ptII/ptolemy/actor/lib/hoc/test/auto/CatchUpComposite6.xml
----------------- Instantiating /home/travis/build/icyphy/ptII/ptolemy/actor/lib/hoc/test/auto/CatchUpComposite6.xml
WARNING: The execution aspects in this model can influence the timing of actors by delaying the 
execution, potentially changing the behavior. There is no guarantee that actors fire at the 
time they request to be fired. 
Use Ptides for deterministic DE behavior that is not influenced by execution aspects. 

117 ms. Memory: 209408K Free: 194544K (93%)
----------------- Invoking toplevel() on ptolemy.moml.MoMLSimpleApplication@4a9d1080
----------------- Done invoking toplevel() on ptolemy.moml.MoMLSimpleApplication@4a9d1080
reloadAllAccessors: .CatchUpComposite6
----------------- testing Wed May 30 22:34:42 UTC 2018 /home/travis/build/icyphy/ptII/ptolemy/actor/lib/hoc/test/auto/CatchUpComposite7.xml
----------------- Instantiating /home/travis/build/icyphy/ptII/ptolemy/actor/lib/hoc/test/auto/CatchUpComposite7.xml
WARNING: The execution aspects in this model can influence the timing of actors by delaying the 
execution, potentially changing the behavior. There is no guarantee that actors fire at the 
time they request to be fired. 
Use Ptides for deterministic DE behavior that is not influenced by execution aspects. 

50 ms. Memory: 209408K Free: 177731K (85%)
----------------- Invoking toplevel() on ptolemy.moml.MoMLSimpleApplication@68ca2aec
----------------- Done invoking toplevel() on ptolemy.moml.MoMLSimpleApplication@68ca2aec
reloadAllAccessors: .CatchUpComposite7
----------------- testing Wed May 30 22:34:42 UTC 2018 /home/travis/build/icyphy/ptII/ptolemy/actor/lib/hoc/test/auto/ConcurrentExecutionTimeSDF.xml
----------------- Instantiating /home/travis/build/icyphy/ptII/ptolemy/actor/lib/hoc/test/auto/ConcurrentExecutionTimeSDF.xml
26 ms. Memory: 209408K Free: 168276K (80%)
----------------- Invoking toplevel() on ptolemy.moml.MoMLSimpleApplication@65a30a6b
----------------- Done invoking toplevel() on ptolemy.moml.MoMLSimpleApplication@65a30a6b
reloadAllAccessors: .ConcurrentExecutionTimeSDF
----------------- testing Wed May 30 22:34:42 UTC 2018 /home/travis/build/icyphy/ptII/ptolemy/actor/lib/hoc/test/auto/ConcurrentSleep.xml
----------------- Instantiating /home/travis/build/icyphy/ptII/ptolemy/actor/lib/hoc/test/auto/ConcurrentSleep.xml
744 ms. Memory: 209408K Free: 153085K (73%)
----------------- Invoking toplevel() on ptolemy.moml.MoMLSimpleApplication@46274ee4
----------------- Done invoking toplevel() on ptolemy.moml.MoMLSimpleApplication@46274ee4
reloadAllAccessors: .ConcurrentSleep
----------------- testing Wed May 30 22:34:42 UTC 2018 /home/travis/build/icyphy/ptII/ptolemy/actor/lib/hoc/test/auto/DEInPNInRunCompositeActor.xml
----------------- Instantiating /home/travis/build/icyphy/ptII/ptolemy/actor/lib/hoc/test/auto/DEInPNInRunCompositeActor.xml
10 ms. Memory: 209408K Free: 145712K (70%)
----------------- Invoking toplevel() on ptolemy.moml.MoMLSimpleApplication@613e8070
----------------- Done invoking toplevel() on ptolemy.moml.MoMLSimpleApplication@613e8070
reloadAllAccessors: .DEInPNInRunCompositeActor
----------------- testing Wed May 30 22:34:43 UTC 2018 /home/travis/build/icyphy/ptII/ptolemy/actor/lib/hoc/test/auto/DFTSubSetTest.xml
----------------- Instantiating /home/travis/build/icyphy/ptII/ptolemy/actor/lib/hoc/test/auto/DFTSubSetTest.xml
152 ms. Memory: 209408K Free: 98131K (47%)
----------------- Invoking toplevel() on ptolemy.moml.MoMLSimpleApplication@26548c13
----------------- Done invoking toplevel() on ptolemy.moml.MoMLSimpleApplication@26548c13
reloadAllAccessors: .DFTSubSetTest
----------------- testing Wed May 30 22:34:43 UTC 2018 /home/travis/build/icyphy/ptII/ptolemy/actor/lib/hoc/test/auto/HocDE.xml
----------------- Instantiating /home/travis/build/icyphy/ptII/ptolemy/actor/lib/hoc/test/auto/HocDE.xml
193 ms. Memory: 209408K Free: 193450K (92%)
----------------- Invoking toplevel() on ptolemy.moml.MoMLSimpleApplication@3e31cde3
----------------- Done invoking toplevel() on ptolemy.moml.MoMLSimpleApplication@3e31cde3
reloadAllAccessors: .HocDE
----------------- testing Wed May 30 22:34:43 UTC 2018 /home/travis/build/icyphy/ptII/ptolemy/actor/lib/hoc/test/auto/IterateOverArray.xml
----------------- Instantiating /home/travis/build/icyphy/ptII/ptolemy/actor/lib/hoc/test/auto/IterateOverArray.xml
6 ms. Memory: 209408K Free: 186601K (89%)
----------------- Invoking toplevel() on ptolemy.moml.MoMLSimpleApplication@25a1d807
----------------- Done invoking toplevel() on ptolemy.moml.MoMLSimpleApplication@25a1d807
reloadAllAccessors: .IterateOverArray
----------------- testing Wed May 30 22:34:43 UTC 2018 /home/travis/build/icyphy/ptII/ptolemy/actor/lib/hoc/test/auto/IterateOverArray10.xml
----------------- Instantiating /home/travis/build/icyphy/ptII/ptolemy/actor/lib/hoc/test/auto/IterateOverArray10.xml
2 ms. Memory: 209408K Free: 182157K (87%)
----------------- Invoking toplevel() on ptolemy.moml.MoMLSimpleApplication@43d92091
----------------- Done invoking toplevel() on ptolemy.moml.MoMLSimpleApplication@43d92091
reloadAllAccessors: .IterateOverArray10
----------------- testing Wed May 30 22:34:43 UTC 2018 /home/travis/build/icyphy/ptII/ptolemy/actor/lib/hoc/test/auto/IterateOverArray11.xml
----------------- Instantiating /home/travis/build/icyphy/ptII/ptolemy/actor/lib/hoc/test/auto/IterateOverArray11.xml
8 ms. Memory: 209408K Free: 176909K (84%)
----------------- Invoking toplevel() on ptolemy.moml.MoMLSimpleApplication@21b43440
----------------- Done invoking toplevel() on ptolemy.moml.MoMLSimpleApplication@21b43440
reloadAllAccessors: .IterateOverArray11
----------------- testing Wed May 30 22:34:43 UTC 2018 /home/travis/build/icyphy/ptII/ptolemy/actor/lib/hoc/test/auto/IterateOverArray12.xml
----------------- Instantiating /home/travis/build/icyphy/ptII/ptolemy/actor/lib/hoc/test/auto/IterateOverArray12.xml
24 ms. Memory: 209408K Free: 169984K (81%)
----------------- Invoking toplevel() on ptolemy.moml.MoMLSimpleApplication@76df1891
----------------- Done invoking toplevel() on ptolemy.moml.MoMLSimpleApplication@76df1891
reloadAllAccessors: .IterateOverArray12
----------------- testing Wed May 30 22:34:43 UTC 2018 /home/travis/build/icyphy/ptII/ptolemy/actor/lib/hoc/test/auto/IterateOverArray13.xml
----------------- Instantiating /home/travis/build/icyphy/ptII/ptolemy/actor/lib/hoc/test/auto/IterateOverArray13.xml
81 ms. Memory: 209408K Free: 136595K (65%)
----------------- Invoking toplevel() on ptolemy.moml.MoMLSimpleApplication@4f42fc32
----------------- Done invoking toplevel() on ptolemy.moml.MoMLSimpleApplication@4f42fc32
reloadAllAccessors: .IterateOverArray13
----------------- testing Wed May 30 22:34:43 UTC 2018 /home/travis/build/icyphy/ptII/ptolemy/actor/lib/hoc/test/auto/IterateOverArray14.xml
----------------- Instantiating /home/travis/build/icyphy/ptII/ptolemy/actor/lib/hoc/test/auto/IterateOverArray14.xml
80 ms. Memory: 209408K Free: 101552K (48%)
----------------- Invoking toplevel() on ptolemy.moml.MoMLSimpleApplication@ba4a9c1
----------------- Done invoking toplevel() on ptolemy.moml.MoMLSimpleApplication@ba4a9c1
reloadAllAccessors: .IterateOverArray14
----------------- testing Wed May 30 22:34:44 UTC 2018 /home/travis/build/icyphy/ptII/ptolemy/actor/lib/hoc/test/auto/IterateOverArray2.xml
----------------- Instantiating /home/travis/build/icyphy/ptII/ptolemy/actor/lib/hoc/test/auto/IterateOverArray2.xml
10 ms. Memory: 209408K Free: 95485K (46%)
----------------- Invoking toplevel() on ptolemy.moml.MoMLSimpleApplication@3f32d273
----------------- Done invoking toplevel() on ptolemy.moml.MoMLSimpleApplication@3f32d273
reloadAllAccessors: .IterateOverArray2
----------------- testing Wed May 30 22:34:44 UTC 2018 /home/travis/build/icyphy/ptII/ptolemy/actor/lib/hoc/test/auto/IterateOverArray3.xml
----------------- Instantiating /home/travis/build/icyphy/ptII/ptolemy/actor/lib/hoc/test/auto/IterateOverArray3.xml
10 ms. Memory: 209408K Free: 88623K (42%)
----------------- Invoking toplevel() on ptolemy.moml.MoMLSimpleApplication@48396f16
----------------- Done invoking toplevel() on ptolemy.moml.MoMLSimpleApplication@48396f16
reloadAllAccessors: .IterateOverArray3
----------------- testing Wed May 30 22:34:44 UTC 2018 /home/travis/build/icyphy/ptII/ptolemy/actor/lib/hoc/test/auto/IterateOverArray4.xml
----------------- Instantiating /home/travis/build/icyphy/ptII/ptolemy/actor/lib/hoc/test/auto/IterateOverArray4.xml
4 ms. Memory: 209408K Free: 83400K (40%)
----------------- Invoking toplevel() on ptolemy.moml.MoMLSimpleApplication@2f1d8e27
----------------- Done invoking toplevel() on ptolemy.moml.MoMLSimpleApplication@2f1d8e27
reloadAllAccessors: .IterateOverArray4
----------------- testing Wed May 30 22:34:44 UTC 2018 /home/travis/build/icyphy/ptII/ptolemy/actor/lib/hoc/test/auto/IterateOverArray5.xml
----------------- Instantiating /home/travis/build/icyphy/ptII/ptolemy/actor/lib/hoc/test/auto/IterateOverArray5.xml
7 ms. Memory: 332288K Free: 323647K (97%)
----------------- Invoking toplevel() on ptolemy.moml.MoMLSimpleApplication@22b4508a
----------------- Done invoking toplevel() on ptolemy.moml.MoMLSimpleApplication@22b4508a
reloadAllAccessors: .IterateOverArray5
----------------- testing Wed May 30 22:34:44 UTC 2018 /home/travis/build/icyphy/ptII/ptolemy/actor/lib/hoc/test/auto/IterateOverArray6.xml
----------------- Instantiating /home/travis/build/icyphy/ptII/ptolemy/actor/lib/hoc/test/auto/IterateOverArray6.xml
2 ms. Memory: 332288K Free: 318185K (96%)
----------------- Invoking toplevel() on ptolemy.moml.MoMLSimpleApplication@68a32508
----------------- Done invoking toplevel() on ptolemy.moml.MoMLSimpleApplication@68a32508
reloadAllAccessors: .IterateOverArray6
----------------- testing Wed May 30 22:34:44 UTC 2018 /home/travis/build/icyphy/ptII/ptolemy/actor/lib/hoc/test/auto/IterateOverArray7.xml
----------------- Instantiating /home/travis/build/icyphy/ptII/ptolemy/actor/lib/hoc/test/auto/IterateOverArray7.xml
5 ms. Memory: 332288K Free: 312843K (94%)
----------------- Invoking toplevel() on ptolemy.moml.MoMLSimpleApplication@7ab88810
----------------- Done invoking toplevel() on ptolemy.moml.MoMLSimpleApplication@7ab88810
reloadAllAccessors: .IterateOverArray7
----------------- testing Wed May 30 22:34:44 UTC 2018 /home/travis/build/icyphy/ptII/ptolemy/actor/lib/hoc/test/auto/IterateOverArray8.xml
----------------- Instantiating /home/travis/build/icyphy/ptII/ptolemy/actor/lib/hoc/test/auto/IterateOverArray8.xml
8 ms. Memory: 332288K Free: 307509K (93%)
----------------- Invoking toplevel() on ptolemy.moml.MoMLSimpleApplication@10a4aea6
----------------- Done invoking toplevel() on ptolemy.moml.MoMLSimpleApplication@10a4aea6
reloadAllAccessors: .IterateOverArray8
----------------- testing Wed May 30 22:34:44 UTC 2018 /home/travis/build/icyphy/ptII/ptolemy/actor/lib/hoc/test/auto/IterateOverArray9.xml
----------------- Instantiating /home/travis/build/icyphy/ptII/ptolemy/actor/lib/hoc/test/auto/IterateOverArray9.xml
11 ms. Memory: 332288K Free: 302167K (91%)
----------------- Invoking toplevel() on ptolemy.moml.MoMLSimpleApplication@40ef88fc
----------------- Done invoking toplevel() on ptolemy.moml.MoMLSimpleApplication@40ef88fc
reloadAllAccessors: .IterateOverArray9
----------------- testing Wed May 30 22:34:44 UTC 2018 /home/travis/build/icyphy/ptII/ptolemy/actor/lib/hoc/test/auto/IterateOverArrayCoercedOutputType.xml
----------------- Instantiating /home/travis/build/icyphy/ptII/ptolemy/actor/lib/hoc/test/auto/IterateOverArrayCoercedOutputType.xml
4 ms. Memory: 332288K Free: 295627K (89%)
----------------- Invoking toplevel() on ptolemy.moml.MoMLSimpleApplication@3cb11440
----------------- Done invoking toplevel() on ptolemy.moml.MoMLSimpleApplication@3cb11440
reloadAllAccessors: .IterateOverArrayCoercedOutputType
----------------- testing Wed May 30 22:34:44 UTC 2018 /home/travis/build/icyphy/ptII/ptolemy/actor/lib/hoc/test/auto/IterateOverArrayInferredOutputType.xml
----------------- Instantiating /home/travis/build/icyphy/ptII/ptolemy/actor/lib/hoc/test/auto/IterateOverArrayInferredOutputType.xml
14 ms. Memory: 332288K Free: 288650K (87%)
----------------- Invoking toplevel() on ptolemy.moml.MoMLSimpleApplication@620c26d2
----------------- Done invoking toplevel() on ptolemy.moml.MoMLSimpleApplication@620c26d2
reloadAllAccessors: .IterateOverArrayInferredOutputType
----------------- testing Wed May 30 22:34:44 UTC 2018 /home/travis/build/icyphy/ptII/ptolemy/actor/lib/hoc/test/auto/MobileFunctionTest.xml
----------------- Instantiating /home/travis/build/icyphy/ptII/ptolemy/actor/lib/hoc/test/auto/MobileFunctionTest.xml
5 ms. Memory: 332288K Free: 281641K (85%)
----------------- Invoking toplevel() on ptolemy.moml.MoMLSimpleApplication@44a742b0
----------------- Done invoking toplevel() on ptolemy.moml.MoMLSimpleApplication@44a742b0
reloadAllAccessors: .MobileFunctionTest
----------------- testing Wed May 30 22:34:44 UTC 2018 /home/travis/build/icyphy/ptII/ptolemy/actor/lib/hoc/test/auto/MobileModelTest.xml
----------------- Instantiating /home/travis/build/icyphy/ptII/ptolemy/actor/lib/hoc/test/auto/MobileModelTest.xml
77 ms. Memory: 332288K Free: 259917K (78%)
----------------- Invoking toplevel() on ptolemy.moml.MoMLSimpleApplication@43365327
----------------- Done invoking toplevel() on ptolemy.moml.MoMLSimpleApplication@43365327
reloadAllAccessors: .MobileModelTest
----------------- testing Wed May 30 22:34:44 UTC 2018 /home/travis/build/icyphy/ptII/ptolemy/actor/lib/hoc/test/auto/ModelReference.xml
----------------- Instantiating /home/travis/build/icyphy/ptII/ptolemy/actor/lib/hoc/test/auto/ModelReference.xml
2 ms. Memory: 332288K Free: 249629K (75%)
2 ms. Memory: 332288K Free: 249629K (75%)
3 ms. Memory: 332288K Free: 247978K (75%)
2 ms. Memory: 332288K Free: 247978K (75%)
1 ms. Memory: 332288K Free: 246343K (74%)
2 ms. Memory: 332288K Free: 246343K (74%)
2 ms. Memory: 332288K Free: 244708K (74%)
3 ms. Memory: 332288K Free: 244708K (74%)
3 ms. Memory: 332288K Free: 244708K (74%)
5 ms. Memory: 332288K Free: 243073K (73%)
46 ms. Memory: 332288K Free: 243073K (73%)
----------------- Invoking toplevel() on ptolemy.moml.MoMLSimpleApplication@28e7810e
----------------- Done invoking toplevel() on ptolemy.moml.MoMLSimpleApplication@28e7810e
reloadAllAccessors: .ModelReference
----------------- testing Wed May 30 22:34:44 UTC 2018 /home/travis/build/icyphy/ptII/ptolemy/actor/lib/hoc/test/auto/ModelReference3.xml
----------------- Instantiating /home/travis/build/icyphy/ptII/ptolemy/actor/lib/hoc/test/auto/ModelReference3.xml
2 ms. Memory: 332288K Free: 238168K (72%)
6 ms. Memory: 332288K Free: 236517K (71%)
2 ms. Memory: 332288K Free: 236517K (71%)
4 ms. Memory: 332288K Free: 234874K (71%)
2 ms. Memory: 332288K Free: 234874K (71%)
1 ms. Memory: 332288K Free: 233223K (70%)
2 ms. Memory: 332288K Free: 233223K (70%)
4 ms. Memory: 332288K Free: 231572K (70%)
3 ms. Memory: 332288K Free: 231572K (70%)
4 ms. Memory: 332288K Free: 229937K (69%)
37 ms. Memory: 332288K Free: 229937K (69%)
----------------- Invoking toplevel() on ptolemy.moml.MoMLSimpleApplication@185888bb
----------------- Done invoking toplevel() on ptolemy.moml.MoMLSimpleApplication@185888bb
reloadAllAccessors: .ModelReference3
----------------- testing Wed May 30 22:34:44 UTC 2018 /home/travis/build/icyphy/ptII/ptolemy/actor/lib/hoc/test/auto/ModelReference4.xml
----------------- Instantiating /home/travis/build/icyphy/ptII/ptolemy/actor/lib/hoc/test/auto/ModelReference4.xml
3 ms. Memory: 332288K Free: 222960K (67%)
2 ms. Memory: 332288K Free: 221325K (67%)
2 ms. Memory: 332288K Free: 219690K (66%)
3 ms. Memory: 332288K Free: 218055K (66%)
2 ms. Memory: 332288K Free: 214769K (65%)
2 ms. Memory: 332288K Free: 213134K (64%)
4 ms. Memory: 332288K Free: 211499K (64%)
2 ms. Memory: 332288K Free: 209864K (63%)
2 ms. Memory: 332288K Free: 208229K (63%)
3 ms. Memory: 332288K Free: 206594K (62%)
10025 ms. Memory: 332288K Free: 206594K (62%)
----------------- Invoking toplevel() on ptolemy.moml.MoMLSimpleApplication@3898accb
----------------- Done invoking toplevel() on ptolemy.moml.MoMLSimpleApplication@3898accb
reloadAllAccessors: .ModelReference4
----------------- testing Wed May 30 22:34:54 UTC 2018 /home/travis/build/icyphy/ptII/ptolemy/actor/lib/hoc/test/auto/MultiInstanceComposite.xml
----------------- Instantiating /home/travis/build/icyphy/ptII/ptolemy/actor/lib/hoc/test/auto/MultiInstanceComposite.xml
28 ms. Memory: 332288K Free: 183219K (55%)
----------------- Invoking toplevel() on ptolemy.moml.MoMLSimpleApplication@1c8addf6
----------------- Done invoking toplevel() on ptolemy.moml.MoMLSimpleApplication@1c8addf6
reloadAllAccessors: .MultiInstanceComposite
----------------- testing Wed May 30 22:34:54 UTC 2018 /home/travis/build/icyphy/ptII/ptolemy/actor/lib/hoc/test/auto/MultiInstanceComposite2.xml
----------------- Instantiating /home/travis/build/icyphy/ptII/ptolemy/actor/lib/hoc/test/auto/MultiInstanceComposite2.xml
15 ms. Memory: 332288K Free: 169637K (51%)
----------------- Invoking toplevel() on ptolemy.moml.MoMLSimpleApplication@64e3b415
----------------- Done invoking toplevel() on ptolemy.moml.MoMLSimpleApplication@64e3b415
reloadAllAccessors: .MultiInstanceComposite2
----------------- testing Wed May 30 22:34:54 UTC 2018 /home/travis/build/icyphy/ptII/ptolemy/actor/lib/hoc/test/auto/MulticoreExecution.xml
----------------- Instantiating /home/travis/build/icyphy/ptII/ptolemy/actor/lib/hoc/test/auto/MulticoreExecution.xml
10038 ms. Memory: 332288K Free: 156104K (47%)
----------------- Invoking toplevel() on ptolemy.moml.MoMLSimpleApplication@1831d801
----------------- Done invoking toplevel() on ptolemy.moml.MoMLSimpleApplication@1831d801
reloadAllAccessors: .MulticoreExecution
----------------- testing Wed May 30 22:35:04 UTC 2018 /home/travis/build/icyphy/ptII/ptolemy/actor/lib/hoc/test/auto/ParallelExecution.xml
----------------- Instantiating /home/travis/build/icyphy/ptII/ptolemy/actor/lib/hoc/test/auto/ParallelExecution.xml
920 ms. Memory: 332288K Free: 144635K (44%)
----------------- Invoking toplevel() on ptolemy.moml.MoMLSimpleApplication@21055008
----------------- Done invoking toplevel() on ptolemy.moml.MoMLSimpleApplication@21055008
reloadAllAccessors: .ParallelExecution
----------------- testing Wed May 30 22:35:05 UTC 2018 /home/travis/build/icyphy/ptII/ptolemy/actor/lib/hoc/test/auto/RunCompositeActor.xml
----------------- Instantiating /home/travis/build/icyphy/ptII/ptolemy/actor/lib/hoc/test/auto/RunCompositeActor.xml
12 ms. Memory: 332288K Free: 136007K (41%)
----------------- Invoking toplevel() on ptolemy.moml.MoMLSimpleApplication@757ad985
----------------- Done invoking toplevel() on ptolemy.moml.MoMLSimpleApplication@757ad985
reloadAllAccessors: .RunCompositeActor
----------------- testing Wed May 30 22:35:05 UTC 2018 /home/travis/build/icyphy/ptII/ptolemy/actor/lib/hoc/test/auto/RunCompositeActor2.xml
----------------- Instantiating /home/travis/build/icyphy/ptII/ptolemy/actor/lib/hoc/test/auto/RunCompositeActor2.xml
3 ms. Memory: 332288K Free: 129030K (39%)
----------------- Invoking toplevel() on ptolemy.moml.MoMLSimpleApplication@ef7912b
----------------- Done invoking toplevel() on ptolemy.moml.MoMLSimpleApplication@ef7912b
reloadAllAccessors: .RunCompositeActor2
----------------- testing Wed May 30 22:35:05 UTC 2018 /home/travis/build/icyphy/ptII/ptolemy/actor/lib/hoc/test/auto/RunCompositeActor3.xml
----------------- Instantiating /home/travis/build/icyphy/ptII/ptolemy/actor/lib/hoc/test/auto/RunCompositeActor3.xml
6 ms. Memory: 332288K Free: 122053K (37%)
----------------- Invoking toplevel() on ptolemy.moml.MoMLSimpleApplication@18294858
----------------- Done invoking toplevel() on ptolemy.moml.MoMLSimpleApplication@18294858
reloadAllAccessors: .RunCompositeActor3
----------------- testing Wed May 30 22:35:05 UTC 2018 /home/travis/build/icyphy/ptII/ptolemy/actor/lib/hoc/test/auto/RunCompositeActor4.xml
----------------- Instantiating /home/travis/build/icyphy/ptII/ptolemy/actor/lib/hoc/test/auto/RunCompositeActor4.xml
15 ms. Memory: 332288K Free: 113425K (34%)
----------------- Invoking toplevel() on ptolemy.moml.MoMLSimpleApplication@17fe030f
----------------- Done invoking toplevel() on ptolemy.moml.MoMLSimpleApplication@17fe030f
reloadAllAccessors: .RunCompositeActor4
----------------- testing Wed May 30 22:35:05 UTC 2018 /home/travis/build/icyphy/ptII/ptolemy/actor/lib/hoc/test/auto/RunCompositeIterateOverArray.xml
----------------- Instantiating /home/travis/build/icyphy/ptII/ptolemy/actor/lib/hoc/test/auto/RunCompositeIterateOverArray.xml
7 ms. Memory: 332288K Free: 106884K (32%)
----------------- Invoking toplevel() on ptolemy.moml.MoMLSimpleApplication@3023ea86
----------------- Done invoking toplevel() on ptolemy.moml.MoMLSimpleApplication@3023ea86
reloadAllAccessors: .RunCompositeIterateOverArray
----------------- testing Wed May 30 22:35:06 UTC 2018 /home/travis/build/icyphy/ptII/ptolemy/actor/lib/hoc/test/auto/ThreadedJS.xml
----------------- Instantiating /home/travis/build/icyphy/ptII/ptolemy/actor/lib/hoc/test/auto/ThreadedJS.xml
2281 ms. Memory: 422912K Free: 271028K (64%)
----------------- Invoking toplevel() on ptolemy.moml.MoMLSimpleApplication@263c10b0
----------------- Done invoking toplevel() on ptolemy.moml.MoMLSimpleApplication@263c10b0
reloadAllAccessors: .ThreadedJS
AutoTests.java: About to close Vertx.
AutoTests.java: Vertx closed.
]]></system-out>
  <system-err><![CDATA[java.lang.RuntimeException: Execution failed
	at ptolemy.moml.MoMLSimpleApplication$UnloadThread.run(MoMLSimpleApplication.java:402)
Caused by: ptolemy.kernel.util.IllegalActionException: initialize() was called after wrapup() was called but preinitialize() was not called after wrapup().
	at ptolemy.actor.lib.hoc.test.PreinitializeMustBeInvoked.initialize(PreinitializeMustBeInvoked.java:78)
	at ptolemy.actor.Director.initialize(Director.java:938)
	at ptolemy.actor.Director.initialize(Director.java:907)
	at ptolemy.actor.sched.StaticSchedulingDirector.initialize(StaticSchedulingDirector.java:159)
	at ptolemy.domains.sdf.kernel.SDFDirector.initialize(SDFDirector.java:544)
	at ptolemy.actor.CompositeActor.initialize(CompositeActor.java:935)
	at ptolemy.actor.lib.hoc.LifeCycleManager._executeInsideModel(LifeCycleManager.java:339)
	at ptolemy.actor.lib.hoc.RunCompositeActor.fire(RunCompositeActor.java:205)
	at ptolemy.actor.CompositeActor.iterate(CompositeActor.java:1146)
	at ptolemy.actor.sched.StaticSchedulingDirector.fire(StaticSchedulingDirector.java:216)
	at ptolemy.domains.sdf.kernel.SDFDirector.fire(SDFDirector.java:500)
	at ptolemy.actor.CompositeActor.fire(CompositeActor.java:455)
	at ptolemy.actor.Manager.iterate(Manager.java:851)
	at ptolemy.actor.Manager.execute(Manager.java:369)
	at ptolemy.actor.Manager.run(Manager.java:1263)
	at ptolemy.actor.Manager$PtolemyRunThread.run(Manager.java:1915)
java.lang.reflect.InvocationTargetException
	at sun.reflect.NativeConstructorAccessorImpl.newInstance0(Native Method)
	at sun.reflect.NativeConstructorAccessorImpl.newInstance(NativeConstructorAccessorImpl.java:62)
	at sun.reflect.DelegatingConstructorAccessorImpl.newInstance(DelegatingConstructorAccessorImpl.java:45)
	at java.lang.reflect.Constructor.newInstance(Constructor.java:423)
	at ptolemy.util.test.junit.AutoKnownFailedTests.RunModel(AutoKnownFailedTests.java:107)
	at sun.reflect.NativeMethodAccessorImpl.invoke0(Native Method)
	at sun.reflect.NativeMethodAccessorImpl.invoke(NativeMethodAccessorImpl.java:62)
	at sun.reflect.DelegatingMethodAccessorImpl.invoke(DelegatingMethodAccessorImpl.java:43)
	at java.lang.reflect.Method.invoke(Method.java:498)
	at org.junit.runners.model.FrameworkMethod$1.runReflectiveCall(FrameworkMethod.java:44)
	at org.junit.internal.runners.model.ReflectiveCallable.run(ReflectiveCallable.java:15)
	at org.junit.runners.model.FrameworkMethod.invokeExplosively(FrameworkMethod.java:41)
	at junitparams.internal.InvokeParameterisedMethod.evaluate(InvokeParameterisedMethod.java:102)
	at org.junit.internal.runners.statements.FailOnTimeout$1.run(FailOnTimeout.java:28)
Caused by: ptolemy.kernel.util.IllegalActionException: initialize() was called after wrapup() was called but preinitialize() was not called after wrapup().
	at ptolemy.actor.lib.hoc.test.PreinitializeMustBeInvoked.initialize(PreinitializeMustBeInvoked.java:78)
	at ptolemy.actor.Director.initialize(Director.java:938)
	at ptolemy.actor.Director.initialize(Director.java:907)
	at ptolemy.actor.sched.StaticSchedulingDirector.initialize(StaticSchedulingDirector.java:159)
	at ptolemy.domains.sdf.kernel.SDFDirector.initialize(SDFDirector.java:544)
	at ptolemy.actor.CompositeActor.initialize(CompositeActor.java:935)
	at ptolemy.actor.lib.hoc.LifeCycleManager._executeInsideModel(LifeCycleManager.java:339)
	at ptolemy.actor.lib.hoc.RunCompositeActor.fire(RunCompositeActor.java:205)
	at ptolemy.actor.CompositeActor.iterate(CompositeActor.java:1146)
	at ptolemy.actor.sched.StaticSchedulingDirector.fire(StaticSchedulingDirector.java:216)
	at ptolemy.domains.sdf.kernel.SDFDirector.fire(SDFDirector.java:500)
	at ptolemy.actor.CompositeActor.fire(CompositeActor.java:455)
	at ptolemy.actor.Manager.iterate(Manager.java:851)
	at ptolemy.actor.Manager.execute(Manager.java:369)
	at ptolemy.actor.Manager.run(Manager.java:1263)
	at ptolemy.actor.Manager$PtolemyRunThread.run(Manager.java:1915)
]]></system-err>
</testsuite>
