<?xml version="1.0" encoding="UTF-8" ?>
<testsuite errors="0" failures="0" hostname="travis-job-dce69bde-8989-4f80-82e6-258d34c159a9" name="ptolemy.domains.de.test.junit.JUnitTclTest" skipped="0" tests="101" time="129.127" timestamp="2018-04-30T11:56:28">
  <properties>
[...]
</properties>
  <testcase classname="ptolemy.util.test.junit.TclTests" name="[0] /home/travis/build/icyphy/ptII/ptolemy/domains/de/test/DependencyLoop.tcl (RunTclFile)" time="0.759" />
  <testcase classname="ptolemy.util.test.junit.TclTests" name="[1] /home/travis/build/icyphy/ptII/ptolemy/domains/de/test/RunDETestsAsQSS.tcl (RunTclFile)" time="88.656" />
  <testcase classname="ptolemy.util.test.junit.AutoKnownFailedTests" name="[0] /home/travis/build/icyphy/ptII/ptolemy/domains/de/test/auto/knownFailedTests/DESDFClockTest.xml (RunModel)" time="2.021" />
  <testcase classname="ptolemy.util.test.junit.AutoKnownFailedTests" name="[1] /home/travis/build/icyphy/ptII/ptolemy/domains/de/test/auto/knownFailedTests/DirectFeedback.xml (RunModel)" time="0.008" />
  <testcase classname="ptolemy.util.test.junit.AutoKnownFailedTests" name="[2] /home/travis/build/icyphy/ptII/ptolemy/domains/de/test/auto/knownFailedTests/FSMSource.xml (RunModel)" time="0.02" />
  <testcase classname="ptolemy.util.test.junit.AutoKnownFailedTests" name="[3] /home/travis/build/icyphy/ptII/ptolemy/domains/de/test/auto/knownFailedTests/HierarchicalModel.xml (RunModel)" time="0.032" />
  <testcase classname="ptolemy.util.test.junit.AutoKnownFailedTests" name="[4] /home/travis/build/icyphy/ptII/ptolemy/domains/de/test/auto/knownFailedTests/dependencyLoop.xml (RunModel)" time="0.023" />
  <testcase classname="ptolemy.util.test.junit.AutoKnownFailedTests" name="[5] /home/travis/build/icyphy/ptII/ptolemy/domains/de/test/auto/knownFailedTests/dependencyLoop2.xml (RunModel)" time="0.026" />
  <testcase classname="ptolemy.util.test.junit.AutoNameArchTests" name="[0] ThereAreNoAutoTests (RunModel)" time="0.003" />
  <testcase classname="ptolemy.util.test.junit.AutoTests" name="[0] /home/travis/build/icyphy/ptII/ptolemy/domains/de/test/auto/ActorDepthCalculation_actorWithoutPorts.xml (RunModel)" time="0.009" />
  <testcase classname="ptolemy.util.test.junit.AutoTests" name="[1] /home/travis/build/icyphy/ptII/ptolemy/domains/de/test/auto/AssemblyLine.xml (RunModel)" time="0.013" />
  <testcase classname="ptolemy.util.test.junit.AutoTests" name="[2] /home/travis/build/icyphy/ptII/ptolemy/domains/de/test/auto/CQBug1.xml (RunModel)" time="0.005" />
  <testcase classname="ptolemy.util.test.junit.AutoTests" name="[3] /home/travis/build/icyphy/ptII/ptolemy/domains/de/test/auto/CancelFireAt.xml (RunModel)" time="0.004" />
  <testcase classname="ptolemy.util.test.junit.AutoTests" name="[4] /home/travis/build/icyphy/ptII/ptolemy/domains/de/test/auto/CausalityAndComposabilityAnalysis.xml (RunModel)" time="0.01" />
  <testcase classname="ptolemy.util.test.junit.AutoTests" name="[5] /home/travis/build/icyphy/ptII/ptolemy/domains/de/test/auto/CausalityInterface1.xml (RunModel)" time="0.012" />
  <testcase classname="ptolemy.util.test.junit.AutoTests" name="[6] /home/travis/build/icyphy/ptII/ptolemy/domains/de/test/auto/CausalityInterface15.xml (RunModel)" time="0.009" />
  <testcase classname="ptolemy.util.test.junit.AutoTests" name="[7] /home/travis/build/icyphy/ptII/ptolemy/domains/de/test/auto/CausalityInterface2.xml (RunModel)" time="0.008" />
  <testcase classname="ptolemy.util.test.junit.AutoTests" name="[8] /home/travis/build/icyphy/ptII/ptolemy/domains/de/test/auto/CausalityInterface3.xml (RunModel)" time="0.009" />
  <testcase classname="ptolemy.util.test.junit.AutoTests" name="[9] /home/travis/build/icyphy/ptII/ptolemy/domains/de/test/auto/ClockDrift.xml (RunModel)" time="0.027" />
  <testcase classname="ptolemy.util.test.junit.AutoTests" name="[10] /home/travis/build/icyphy/ptII/ptolemy/domains/de/test/auto/ClockDriftAndValueChange.xml (RunModel)" time="0.023" />
  <testcase classname="ptolemy.util.test.junit.AutoTests" name="[11] /home/travis/build/icyphy/ptII/ptolemy/domains/de/test/auto/ClockDriftChange.xml (RunModel)" time="0.02" />
  <testcase classname="ptolemy.util.test.junit.AutoTests" name="[12] /home/travis/build/icyphy/ptII/ptolemy/domains/de/test/auto/ComposableCausalityAnalysis.xml (RunModel)" time="0.012" />
  <testcase classname="ptolemy.util.test.junit.AutoTests" name="[13] /home/travis/build/icyphy/ptII/ptolemy/domains/de/test/auto/DEFixedPointLimitation.xml (RunModel)" time="0.007" />
  <testcase classname="ptolemy.util.test.junit.AutoTests" name="[14] /home/travis/build/icyphy/ptII/ptolemy/domains/de/test/auto/DEScheduleTest.xml (RunModel)" time="0.009" />
  <testcase classname="ptolemy.util.test.junit.AutoTests" name="[15] /home/travis/build/icyphy/ptII/ptolemy/domains/de/test/auto/DEinDEwithStartTimes.xml (RunModel)" time="0.009" />
  <testcase classname="ptolemy.util.test.junit.AutoTests" name="[16] /home/travis/build/icyphy/ptII/ptolemy/domains/de/test/auto/DEinDEwithStartTimes2.xml (RunModel)" time="0.01" />
  <testcase classname="ptolemy.util.test.junit.AutoTests" name="[17] /home/travis/build/icyphy/ptII/ptolemy/domains/de/test/auto/DateDemo.xml (RunModel)" time="0.019" />
  <testcase classname="ptolemy.util.test.junit.AutoTests" name="[18] /home/travis/build/icyphy/ptII/ptolemy/domains/de/test/auto/DateToEvent.xml (RunModel)" time="2.029" />
  <testcase classname="ptolemy.util.test.junit.AutoTests" name="[19] /home/travis/build/icyphy/ptII/ptolemy/domains/de/test/auto/DepthTest1.xml (RunModel)" time="0.005" />
  <testcase classname="ptolemy.util.test.junit.AutoTests" name="[20] /home/travis/build/icyphy/ptII/ptolemy/domains/de/test/auto/DepthTest2.xml (RunModel)" time="0.01" />
  <testcase classname="ptolemy.util.test.junit.AutoTests" name="[21] /home/travis/build/icyphy/ptII/ptolemy/domains/de/test/auto/DepthTest3.xml (RunModel)" time="0.005" />
  <testcase classname="ptolemy.util.test.junit.AutoTests" name="[22] /home/travis/build/icyphy/ptII/ptolemy/domains/de/test/auto/DepthTest4.xml (RunModel)" time="0.011" />
  <testcase classname="ptolemy.util.test.junit.AutoTests" name="[23] /home/travis/build/icyphy/ptII/ptolemy/domains/de/test/auto/DepthTest5.xml (RunModel)" time="0.009" />
  <testcase classname="ptolemy.util.test.junit.AutoTests" name="[24] /home/travis/build/icyphy/ptII/ptolemy/domains/de/test/auto/DepthTest6.xml (RunModel)" time="0.008" />
  <testcase classname="ptolemy.util.test.junit.AutoTests" name="[25] /home/travis/build/icyphy/ptII/ptolemy/domains/de/test/auto/DepthTest7.xml (RunModel)" time="0.008" />
  <testcase classname="ptolemy.util.test.junit.AutoTests" name="[26] /home/travis/build/icyphy/ptII/ptolemy/domains/de/test/auto/EventToDate.xml (RunModel)" time="3.023" />
  <testcase classname="ptolemy.util.test.junit.AutoTests" name="[27] /home/travis/build/icyphy/ptII/ptolemy/domains/de/test/auto/FSM1.xml (RunModel)" time="0.023" />
  <testcase classname="ptolemy.util.test.junit.AutoTests" name="[28] /home/travis/build/icyphy/ptII/ptolemy/domains/de/test/auto/FSM7.xml (RunModel)" time="0.033" />
  <testcase classname="ptolemy.util.test.junit.AutoTests" name="[29] /home/travis/build/icyphy/ptII/ptolemy/domains/de/test/auto/Inspection.xml (RunModel)" time="0.033" />
  <testcase classname="ptolemy.util.test.junit.AutoTests" name="[30] /home/travis/build/icyphy/ptII/ptolemy/domains/de/test/auto/Iteration.xml (RunModel)" time="0.017" />
  <testcase classname="ptolemy.util.test.junit.AutoTests" name="[31] /home/travis/build/icyphy/ptII/ptolemy/domains/de/test/auto/LineFault.xml (RunModel)" time="0.42" />
  <testcase classname="ptolemy.util.test.junit.AutoTests" name="[32] /home/travis/build/icyphy/ptII/ptolemy/domains/de/test/auto/MergeModel1Add.xml (RunModel)" time="0.03" />
  <testcase classname="ptolemy.util.test.junit.AutoTests" name="[33] /home/travis/build/icyphy/ptII/ptolemy/domains/de/test/auto/MergeModel2Add.xml (RunModel)" time="0.022" />
  <testcase classname="ptolemy.util.test.junit.AutoTests" name="[34] /home/travis/build/icyphy/ptII/ptolemy/domains/de/test/auto/MergeModel3Add.xml (RunModel)" time="0.029" />
  <testcase classname="ptolemy.util.test.junit.AutoTests" name="[35] /home/travis/build/icyphy/ptII/ptolemy/domains/de/test/auto/MergeWithoutDiscard.xml (RunModel)" time="0.007" />
  <testcase classname="ptolemy.util.test.junit.AutoTests" name="[36] /home/travis/build/icyphy/ptII/ptolemy/domains/de/test/auto/Modal1.xml (RunModel)" time="0.021" />
  <testcase classname="ptolemy.util.test.junit.AutoTests" name="[37] /home/travis/build/icyphy/ptII/ptolemy/domains/de/test/auto/Modal2.xml (RunModel)" time="0.02" />
  <testcase classname="ptolemy.util.test.junit.AutoTests" name="[38] /home/travis/build/icyphy/ptII/ptolemy/domains/de/test/auto/Modal3.xml (RunModel)" time="0.033" />
  <testcase classname="ptolemy.util.test.junit.AutoTests" name="[39] /home/travis/build/icyphy/ptII/ptolemy/domains/de/test/auto/Modal4.xml (RunModel)" time="0.021" />
  <testcase classname="ptolemy.util.test.junit.AutoTests" name="[40] /home/travis/build/icyphy/ptII/ptolemy/domains/de/test/auto/Modal5.xml (RunModel)" time="0.027" />
  <testcase classname="ptolemy.util.test.junit.AutoTests" name="[41] /home/travis/build/icyphy/ptII/ptolemy/domains/de/test/auto/Modal6.xml (RunModel)" time="0.019" />
  <testcase classname="ptolemy.util.test.junit.AutoTests" name="[42] /home/travis/build/icyphy/ptII/ptolemy/domains/de/test/auto/Modal7.xml (RunModel)" time="0.025" />
  <testcase classname="ptolemy.util.test.junit.AutoTests" name="[43] /home/travis/build/icyphy/ptII/ptolemy/domains/de/test/auto/ModalModel.xml (RunModel)" time="0.114" />
  <testcase classname="ptolemy.util.test.junit.AutoTests" name="[44] /home/travis/build/icyphy/ptII/ptolemy/domains/de/test/auto/ModalSource.xml (RunModel)" time="0.013" />
  <testcase classname="ptolemy.util.test.junit.AutoTests" name="[45] /home/travis/build/icyphy/ptII/ptolemy/domains/de/test/auto/NonInterruptibleTimerZeroDelay.xml (RunModel)" time="0.007" />
  <testcase classname="ptolemy.util.test.junit.AutoTests" name="[46] /home/travis/build/icyphy/ptII/ptolemy/domains/de/test/auto/OpenQueueingNetwork.xml (RunModel)" time="1.824" />
  <testcase classname="ptolemy.util.test.junit.AutoTests" name="[47] /home/travis/build/icyphy/ptII/ptolemy/domains/de/test/auto/OpenQueuingNetwork.xml (RunModel)" time="0.239" />
  <testcase classname="ptolemy.util.test.junit.AutoTests" name="[48] /home/travis/build/icyphy/ptII/ptolemy/domains/de/test/auto/PeriodicSampler.xml (RunModel)" time="0.008" />
  <testcase classname="ptolemy.util.test.junit.AutoTests" name="[49] /home/travis/build/icyphy/ptII/ptolemy/domains/de/test/auto/PersistentIO.xml (RunModel)" time="0.023" />
  <testcase classname="ptolemy.util.test.junit.AutoTests" name="[50] /home/travis/build/icyphy/ptII/ptolemy/domains/de/test/auto/PortParameterResetOnInitialize.xml (RunModel)" time="0.01" />
  <testcase classname="ptolemy.util.test.junit.AutoTests" name="[51] /home/travis/build/icyphy/ptII/ptolemy/domains/de/test/auto/PortParameterUpdates.xml (RunModel)" time="0.014" />
  <testcase classname="ptolemy.util.test.junit.AutoTests" name="[52] /home/travis/build/icyphy/ptII/ptolemy/domains/de/test/auto/QueueAndServer.xml (RunModel)" time="0.019" />
  <testcase classname="ptolemy.util.test.junit.AutoTests" name="[53] /home/travis/build/icyphy/ptII/ptolemy/domains/de/test/auto/Records.xml (RunModel)" time="0.019" />
  <testcase classname="ptolemy.util.test.junit.AutoTests" name="[54] /home/travis/build/icyphy/ptII/ptolemy/domains/de/test/auto/ResetTransitionWithStartTime1.xml (RunModel)" time="0.018" />
  <testcase classname="ptolemy.util.test.junit.AutoTests" name="[55] /home/travis/build/icyphy/ptII/ptolemy/domains/de/test/auto/ResetTransitionWithStartTime2.xml (RunModel)" time="0.019" />
  <testcase classname="ptolemy.util.test.junit.AutoTests" name="[56] /home/travis/build/icyphy/ptII/ptolemy/domains/de/test/auto/ResetTransitionWithStartTime3.xml (RunModel)" time="0.019" />
  <testcase classname="ptolemy.util.test.junit.AutoTests" name="[57] /home/travis/build/icyphy/ptII/ptolemy/domains/de/test/auto/ResetTransitionWithStartTime4.xml (RunModel)" time="0.018" />
  <testcase classname="ptolemy.util.test.junit.AutoTests" name="[58] /home/travis/build/icyphy/ptII/ptolemy/domains/de/test/auto/ResettableTimer1.xml (RunModel)" time="0.011" />
  <testcase classname="ptolemy.util.test.junit.AutoTests" name="[59] /home/travis/build/icyphy/ptII/ptolemy/domains/de/test/auto/ResettableTimer2.xml (RunModel)" time="0.01" />
  <testcase classname="ptolemy.util.test.junit.AutoTests" name="[60] /home/travis/build/icyphy/ptII/ptolemy/domains/de/test/auto/ResettableTimer3.xml (RunModel)" time="0.009" />
  <testcase classname="ptolemy.util.test.junit.AutoTests" name="[61] /home/travis/build/icyphy/ptII/ptolemy/domains/de/test/auto/ResettableTimer4.xml (RunModel)" time="0.009" />
  <testcase classname="ptolemy.util.test.junit.AutoTests" name="[62] /home/travis/build/icyphy/ptII/ptolemy/domains/de/test/auto/ResettableTimer5.xml (RunModel)" time="0.01" />
  <testcase classname="ptolemy.util.test.junit.AutoTests" name="[63] /home/travis/build/icyphy/ptII/ptolemy/domains/de/test/auto/ResettableTimer6.xml (RunModel)" time="0.01" />
  <testcase classname="ptolemy.util.test.junit.AutoTests" name="[64] /home/travis/build/icyphy/ptII/ptolemy/domains/de/test/auto/ServerZeroDelay.xml (RunModel)" time="0.01" />
  <testcase classname="ptolemy.util.test.junit.AutoTests" name="[65] /home/travis/build/icyphy/ptII/ptolemy/domains/de/test/auto/SmartSender.xml (RunModel)" time="3.007" />
  <testcase classname="ptolemy.util.test.junit.AutoTests" name="[66] /home/travis/build/icyphy/ptII/ptolemy/domains/de/test/auto/ThreadedComposite.xml (RunModel)" time="0.182" />
  <testcase classname="ptolemy.util.test.junit.AutoTests" name="[67] /home/travis/build/icyphy/ptII/ptolemy/domains/de/test/auto/Time.xml (RunModel)" time="0.47" />
  <testcase classname="ptolemy.util.test.junit.AutoTests" name="[68] /home/travis/build/icyphy/ptII/ptolemy/domains/de/test/auto/TimeDelayZeroDelay.xml (RunModel)" time="0.016" />
  <testcase classname="ptolemy.util.test.junit.AutoTests" name="[69] /home/travis/build/icyphy/ptII/ptolemy/domains/de/test/auto/TimerZeroDelay.xml (RunModel)" time="0.011" />
  <testcase classname="ptolemy.util.test.junit.AutoTests" name="[70] /home/travis/build/icyphy/ptII/ptolemy/domains/de/test/auto/TimingParadox.xml (RunModel)" time="0.362" />
  <testcase classname="ptolemy.util.test.junit.AutoTests" name="[71] /home/travis/build/icyphy/ptII/ptolemy/domains/de/test/auto/TransferInputs.xml (RunModel)" time="0.013" />
  <testcase classname="ptolemy.util.test.junit.AutoTests" name="[72] /home/travis/build/icyphy/ptII/ptolemy/domains/de/test/auto/TransferOutputs2.xml (RunModel)" time="0.018" />
  <testcase classname="ptolemy.util.test.junit.AutoTests" name="[73] /home/travis/build/icyphy/ptII/ptolemy/domains/de/test/auto/Trilateration.xml (RunModel)" time="12.194" />
  <testcase classname="ptolemy.util.test.junit.AutoTests" name="[74] /home/travis/build/icyphy/ptII/ptolemy/domains/de/test/auto/TwoSigmaDelta.xml (RunModel)" time="2.085" />
  <testcase classname="ptolemy.util.test.junit.AutoTests" name="[75] /home/travis/build/icyphy/ptII/ptolemy/domains/de/test/auto/VariableDelay.xml (RunModel)" time="0.011" />
  <testcase classname="ptolemy.util.test.junit.AutoTests" name="[76] /home/travis/build/icyphy/ptII/ptolemy/domains/de/test/auto/VariableDelay2.xml (RunModel)" time="0.009" />
  <testcase classname="ptolemy.util.test.junit.AutoTests" name="[77] /home/travis/build/icyphy/ptII/ptolemy/domains/de/test/auto/VariableDelayZeroDelay.xml (RunModel)" time="0.017" />
  <testcase classname="ptolemy.util.test.junit.AutoTests" name="[78] /home/travis/build/icyphy/ptII/ptolemy/domains/de/test/auto/VariableDelayZeroDelay2.xml (RunModel)" time="0.031" />
  <testcase classname="ptolemy.util.test.junit.AutoTests" name="[79] /home/travis/build/icyphy/ptII/ptolemy/domains/de/test/auto/deInCt.xml (RunModel)" time="0.047" />
  <testcase classname="ptolemy.util.test.junit.AutoTests" name="[80] /home/travis/build/icyphy/ptII/ptolemy/domains/de/test/auto/deInCt2.xml (RunModel)" time="0.034" />
  <testcase classname="ptolemy.util.test.junit.AutoTests" name="[81] /home/travis/build/icyphy/ptII/ptolemy/domains/de/test/auto/dynamicCausalityInterface1.xml (RunModel)" time="0.05" />
  <testcase classname="ptolemy.util.test.junit.AutoTests" name="[82] /home/travis/build/icyphy/ptII/ptolemy/domains/de/test/auto/fsm_de_test.xml (RunModel)" time="0.059" />
  <testcase classname="ptolemy.util.test.junit.AutoTests" name="[83] /home/travis/build/icyphy/ptII/ptolemy/domains/de/test/auto/functionDependencyReconstruction.xml (RunModel)" time="0.078" />
  <testcase classname="ptolemy.util.test.junit.AutoTests" name="[84] /home/travis/build/icyphy/ptII/ptolemy/domains/de/test/auto/multirate.xml (RunModel)" time="0.029" />
  <testcase classname="ptolemy.util.test.junit.AutoTests" name="[85] /home/travis/build/icyphy/ptII/ptolemy/domains/de/test/auto/multirate2.xml (RunModel)" time="0.014" />
  <testcase classname="ptolemy.util.test.junit.AutoTests" name="[86] /home/travis/build/icyphy/ptII/ptolemy/domains/de/test/auto/realtime.xml (RunModel)" time="10.013" />
  <testcase classname="ptolemy.util.test.junit.AutoTests" name="[87] /home/travis/build/icyphy/ptII/ptolemy/domains/de/test/auto/relationGroup.xml (RunModel)" time="0.012" />
  <testcase classname="ptolemy.util.test.junit.AutoTests" name="[88] /home/travis/build/icyphy/ptII/ptolemy/domains/de/test/auto/relationGroup2.xml (RunModel)" time="0.007" />
  <testcase classname="ptolemy.util.test.junit.AutoTests" name="[89] /home/travis/build/icyphy/ptII/ptolemy/domains/de/test/auto/sortWithOpaquePorts.xml (RunModel)" time="0.009" />
  <testcase classname="ptolemy.util.test.junit.AutoTests" name="[90] /home/travis/build/icyphy/ptII/ptolemy/domains/de/test/auto/transferInputsandOutputs.xml (RunModel)" time="0.016" />
  <testcase classname="ptolemy.util.test.junit.AutoTests" name="[91] /home/travis/build/icyphy/ptII/ptolemy/domains/de/test/auto/triggerType.xml (RunModel)" time="0.013" />
  <system-out><![CDATA[/home/travis/build/icyphy/ptII/ptolemy/domains/de/test/DependencyLoop.tcl
testDefs.tcl: setting time out to 9000 seconds at Mon Apr 30 11:56:28 UTC 2018
16 ms. Memory: 116224K Free: 95071K (82%)
7 ms. Memory: 116224K Free: 107664K (93%)
/home/travis/build/icyphy/ptII/ptolemy/domains/de/test/RunDETestsAsQSS.tcl
Run the DE tests using ptolemy.domains.qss.test.QSSDirectorTest, which extends QSSDirector and prints a message in the constructors.
------------------ testing $PTII/ptolemy/domains/de/test/auto/knownFailedTests/dependencyLoop.xml (Known Failure) 
21 ms. Memory: 116224K Free: 104504K (90%)


==== $PTIIhome/travis/build/icyphy/ptII/ptolemy/domains/de/test/../../../../: Auto Automatic test in file $PTII/ptolemy/domains/de/test/auto/knownFailedTests/dependencyLoop.xml
==== Contents of test case:

	    # FIXME: we should use $relativeFilename here, but it
	    # might have backslashes under Windows, which causes no end
	    # of trouble.
	    createAndExecute $file
	    list {}
	
.... Test generated KNOWN error:
    while executing
ptolemy.kernel.util.IllegalActionException: Found a zero delay loop containing .dependencyLoop.original
  in .dependencyLoop and .dependencyLoop.original
	at ptolemy.actor.util.CausalityInterfaceForComposites._computeOutputPortDepth(CausalityInterfaceForComposites.java:759)
	at ptolemy.actor.util.CausalityInterfaceForComposites._computeInputDepth(CausalityInterfaceForComposites.java:696)
	at ptolemy.actor.util.CausalityInterfaceForComposites._computeOutputPortDepth(CausalityInterfaceForComposites.java:765)
	at ptolemy.actor.util.CausalityInterfaceForComposites._computeInputDepth(CausalityInterfaceForComposites.java:696)
	at ptolemy.actor.util.CausalityInterfaceForComposites._computeOutputPortDepth(CausalityInterfaceForComposites.java:765)
	at ptolemy.actor.util.CausalityInterfaceForComposites._computeInputDepth(CausalityInterfaceForComposites.java:696)
	at ptolemy.actor.util.CausalityInterfaceForComposites._computeActorDepth(CausalityInterfaceForComposites.java:532)
	at ptolemy.actor.util.CausalityInterfaceForComposites.checkForCycles(CausalityInterfaceForComposites.java:96)
	at ptolemy.domains.de.kernel.DEDirector.preinitialize(DEDirector.java:1337)
	at ptolemy.actor.CompositeActor.preinitialize(CompositeActor.java:1828)
	at ptolemy.actor.Manager.preinitializeAndResolveTypes(Manager.java:1040)
	at ptolemy.actor.Manager.initialize(Manager.java:710)
	at ptolemy.actor.Manager.execute(Manager.java:356)
	at ptolemy.actor.Manager.run(Manager.java:1263)
	at ptolemy.actor.Manager$PtolemyRunThread.run(Manager.java:1915)

    while executing
ptolemy.kernel.util.IllegalActionException: Found a zero delay loop containing .dependencyLoop.original
  in .dependencyLoop and .dependencyLoop.original
    while executing
"java::new ptolemy.moml.MoMLSimpleApplication $file
"
    (procedure "createAndExecute" line 2)
    invoked from within
"createAndExecute $file"
    ("uplevel" body line 5)
    invoked from within
"uplevel $contents_of_test"
------------------ testing $PTII/ptolemy/domains/de/test/auto/knownFailedTests/DESDFClockTest.xml (Known Failure) 
2077 ms. Memory: 116224K Free: 89697K (77%)


==== $PTIIhome/travis/build/icyphy/ptII/ptolemy/domains/de/test/../../../../: Auto Automatic test in file $PTII/ptolemy/domains/de/test/auto/knownFailedTests/DESDFClockTest.xml
==== Contents of test case:

	    # FIXME: we should use $relativeFilename here, but it
	    # might have backslashes under Windows, which causes no end
	    # of trouble.
	    createAndExecute $file
	    list {}
	
.... Test generated KNOWN error:
    while executing
ptolemy.kernel.util.IllegalActionException: Actor is not ready to fire.  Perhaps UpSample.prefire() returned false? Try debugging the actor by selecting "Listen to Actor".  Also, for SDF check moml for tokenConsumptionRate on input.
  in .DESDFClockTest.Play Bell.Copy1:SDF Director and .DESDFClockTest.Play Bell.UpSample
	at ptolemy.actor.sched.StaticSchedulingDirector.fire(StaticSchedulingDirector.java:227)
	at ptolemy.domains.sdf.kernel.SDFDirector.fire(SDFDirector.java:500)
	at ptolemy.actor.CompositeActor.fire(CompositeActor.java:455)
	at ptolemy.domains.de.kernel.DEDirector._fire(DEDirector.java:1948)
	at ptolemy.domains.de.kernel.DEDirector.fire(DEDirector.java:502)
	at ptolemy.actor.CompositeActor.fire(CompositeActor.java:455)
	at ptolemy.actor.Manager.iterate(Manager.java:851)
	at ptolemy.actor.Manager.execute(Manager.java:369)
	at ptolemy.actor.Manager.run(Manager.java:1263)
	at ptolemy.actor.Manager$PtolemyRunThread.run(Manager.java:1915)

    while executing
ptolemy.kernel.util.IllegalActionException: Actor is not ready to fire.  Perhaps UpSample.prefire() returned false? Try debugging the actor by selecting "Listen to Actor".  Also, for SDF check moml for tokenConsumptionRate on input.
  in .DESDFClockTest.Play Bell.Copy1:SDF Director and .DESDFClockTest.Play Bell.UpSample
    while executing
"java::new ptolemy.moml.MoMLSimpleApplication $file
"
    (procedure "createAndExecute" line 2)
    invoked from within
"createAndExecute $file"
    ("uplevel" body line 5)
    invoked from within
"uplevel $contents_of_test"
------------------ testing $PTII/ptolemy/domains/de/test/auto/knownFailedTests/FSMSource.xml (Known Failure) 
39 ms. Memory: 116224K Free: 111569K (96%)
!!!! Auto was marked as failing, but now passes
------------------ testing $PTII/ptolemy/domains/de/test/auto/knownFailedTests/dependencyLoop2.xml (Known Failure) 
6 ms. Memory: 116224K Free: 94038K (81%)


==== $PTIIhome/travis/build/icyphy/ptII/ptolemy/domains/de/test/../../../../: Auto Automatic test in file $PTII/ptolemy/domains/de/test/auto/knownFailedTests/dependencyLoop2.xml
==== Contents of test case:

	    # FIXME: we should use $relativeFilename here, but it
	    # might have backslashes under Windows, which causes no end
	    # of trouble.
	    createAndExecute $file
	    list {}
	
.... Test generated KNOWN error:
    while executing
ptolemy.kernel.util.IllegalActionException: Found a zero delay loop containing .dependencyLoop2.original
  in .dependencyLoop2 and .dependencyLoop2.original
	at ptolemy.actor.util.CausalityInterfaceForComposites._computeOutputPortDepth(CausalityInterfaceForComposites.java:759)
	at ptolemy.actor.util.CausalityInterfaceForComposites._computeInputDepth(CausalityInterfaceForComposites.java:696)
	at ptolemy.actor.util.CausalityInterfaceForComposites._computeOutputPortDepth(CausalityInterfaceForComposites.java:765)
	at ptolemy.actor.util.CausalityInterfaceForComposites._computeInputDepth(CausalityInterfaceForComposites.java:696)
	at ptolemy.actor.util.CausalityInterfaceForComposites._computeOutputPortDepth(CausalityInterfaceForComposites.java:765)
	at ptolemy.actor.util.CausalityInterfaceForComposites._computeInputDepth(CausalityInterfaceForComposites.java:696)
	at ptolemy.actor.util.CausalityInterfaceForComposites._computeActorDepth(CausalityInterfaceForComposites.java:532)
	at ptolemy.actor.util.CausalityInterfaceForComposites.checkForCycles(CausalityInterfaceForComposites.java:96)
	at ptolemy.domains.de.kernel.DEDirector.preinitialize(DEDirector.java:1337)
	at ptolemy.actor.CompositeActor.preinitialize(CompositeActor.java:1828)
	at ptolemy.actor.Manager.preinitializeAndResolveTypes(Manager.java:1040)
	at ptolemy.actor.Manager.initialize(Manager.java:710)
	at ptolemy.actor.Manager.execute(Manager.java:356)
	at ptolemy.actor.Manager.run(Manager.java:1263)
	at ptolemy.actor.Manager$PtolemyRunThread.run(Manager.java:1915)

    while executing
ptolemy.kernel.util.IllegalActionException: Found a zero delay loop containing .dependencyLoop2.original
  in .dependencyLoop2 and .dependencyLoop2.original
    while executing
"java::new ptolemy.moml.MoMLSimpleApplication $file
"
    (procedure "createAndExecute" line 2)
    invoked from within
"createAndExecute $file"
    ("uplevel" body line 5)
    invoked from within
"uplevel $contents_of_test"
------------------ testing $PTII/ptolemy/domains/de/test/auto/knownFailedTests/HierarchicalModel.xml (Known Failure) 
7 ms. Memory: 146944K Free: 134474K (92%)


==== $PTIIhome/travis/build/icyphy/ptII/ptolemy/domains/de/test/../../../../: Auto Automatic test in file $PTII/ptolemy/domains/de/test/auto/knownFailedTests/HierarchicalModel.xml
==== Contents of test case:

	    # FIXME: we should use $relativeFilename here, but it
	    # might have backslashes under Windows, which causes no end
	    # of trouble.
	    createAndExecute $file
	    list {}
	
.... Test generated KNOWN error:
    while executing
ptolemy.kernel.util.IllegalActionException: Found a zero delay loop containing .HierarchicalModel.A
  in .HierarchicalModel and .HierarchicalModel.A
	at ptolemy.actor.util.CausalityInterfaceForComposites._computeOutputPortDepth(CausalityInterfaceForComposites.java:759)
	at ptolemy.actor.util.CausalityInterfaceForComposites._computeInputDepth(CausalityInterfaceForComposites.java:696)
	at ptolemy.actor.util.CausalityInterfaceForComposites._computeOutputPortDepth(CausalityInterfaceForComposites.java:765)
	at ptolemy.actor.util.CausalityInterfaceForComposites._computeInputDepth(CausalityInterfaceForComposites.java:696)
	at ptolemy.actor.util.CausalityInterfaceForComposites._computeOutputPortDepth(CausalityInterfaceForComposites.java:765)
	at ptolemy.actor.util.CausalityInterfaceForComposites._computeInputDepth(CausalityInterfaceForComposites.java:696)
	at ptolemy.actor.util.CausalityInterfaceForComposites._computeActorDepth(CausalityInterfaceForComposites.java:532)
	at ptolemy.actor.util.CausalityInterfaceForComposites.checkForCycles(CausalityInterfaceForComposites.java:96)
	at ptolemy.domains.de.kernel.DEDirector.preinitialize(DEDirector.java:1337)
	at ptolemy.actor.CompositeActor.preinitialize(CompositeActor.java:1828)
	at ptolemy.actor.Manager.preinitializeAndResolveTypes(Manager.java:1040)
	at ptolemy.actor.Manager.initialize(Manager.java:710)
	at ptolemy.actor.Manager.execute(Manager.java:356)
	at ptolemy.actor.Manager.run(Manager.java:1263)
	at ptolemy.actor.Manager$PtolemyRunThread.run(Manager.java:1915)

    while executing
ptolemy.kernel.util.IllegalActionException: Found a zero delay loop containing .HierarchicalModel.A
  in .HierarchicalModel and .HierarchicalModel.A
    while executing
"java::new ptolemy.moml.MoMLSimpleApplication $file
"
    (procedure "createAndExecute" line 2)
    invoked from within
"createAndExecute $file"
    ("uplevel" body line 5)
    invoked from within
"uplevel $contents_of_test"
------------------ testing $PTII/ptolemy/domains/de/test/auto/knownFailedTests/DirectFeedback.xml (Known Failure) 
4 ms. Memory: 146944K Free: 129455K (88%)


==== $PTIIhome/travis/build/icyphy/ptII/ptolemy/domains/de/test/../../../../: Auto Automatic test in file $PTII/ptolemy/domains/de/test/auto/knownFailedTests/DirectFeedback.xml
==== Contents of test case:

	    # FIXME: we should use $relativeFilename here, but it
	    # might have backslashes under Windows, which causes no end
	    # of trouble.
	    createAndExecute $file
	    list {}
	
.... Test generated KNOWN error:
    while executing
ptolemy.kernel.util.IllegalActionException: Test fails in iteration 1.
Value was: 1.0. Should have been: 2.0
  in .DirectFeedback.Test
	at ptolemy.actor.lib.Test.fire(Test.java:268)
	at ptolemy.domains.de.kernel.DEDirector._fire(DEDirector.java:1948)
	at ptolemy.domains.de.kernel.DEDirector.fire(DEDirector.java:502)
	at ptolemy.actor.CompositeActor.fire(CompositeActor.java:455)
	at ptolemy.actor.Manager.iterate(Manager.java:851)
	at ptolemy.actor.Manager.execute(Manager.java:369)
	at ptolemy.actor.Manager.run(Manager.java:1263)
	at ptolemy.actor.Manager$PtolemyRunThread.run(Manager.java:1915)

    while executing
ptolemy.kernel.util.IllegalActionException: Test fails in iteration 1.
Value was: 1.0. Should have been: 2.0
  in .DirectFeedback.Test
    while executing
"java::new ptolemy.moml.MoMLSimpleApplication $file
"
    (procedure "createAndExecute" line 2)
    invoked from within
"createAndExecute $file"
    ("uplevel" body line 5)
    invoked from within
"uplevel $contents_of_test"
------------------ testing $PTII/ptolemy/domains/de/test/auto/ActorDepthCalculation_actorWithoutPorts.xml
auto.tcl: Setting watchdog for 200 seconds at Mon Apr 30 11:56:31 UTC 2018
4 ms. Memory: 146944K Free: 121697K (83%)
ptolemy.util.test.WatchDog.cancel(): canceling Mon Apr 30 11:56:31 UTC 2018
auto.tcl: Setting watchdog for 200 seconds at Mon Apr 30 11:56:31 UTC 2018
5 ms. Memory: 146944K Free: 120638K (82%)
ptolemy.util.test.WatchDog.cancel(): canceling Mon Apr 30 11:56:31 UTC 2018
------------------ testing $PTII/ptolemy/domains/de/test/auto/AssemblyLine.xml
auto.tcl: Setting watchdog for 200 seconds at Mon Apr 30 11:56:32 UTC 2018
16 ms. Memory: 146944K Free: 127585K (87%)
ptolemy.util.test.WatchDog.cancel(): canceling Mon Apr 30 11:56:32 UTC 2018
auto.tcl: Setting watchdog for 200 seconds at Mon Apr 30 11:56:32 UTC 2018
16 ms. Memory: 146944K Free: 126538K (86%)
ptolemy.util.test.WatchDog.cancel(): canceling Mon Apr 30 11:56:32 UTC 2018
------------------ testing $PTII/ptolemy/domains/de/test/auto/CQBug1.xml
auto.tcl: Setting watchdog for 200 seconds at Mon Apr 30 11:56:32 UTC 2018
4 ms. Memory: 146944K Free: 138330K (94%)
ptolemy.util.test.WatchDog.cancel(): canceling Mon Apr 30 11:56:32 UTC 2018
auto.tcl: Setting watchdog for 200 seconds at Mon Apr 30 11:56:32 UTC 2018
2 ms. Memory: 146944K Free: 138330K (94%)
ptolemy.util.test.WatchDog.cancel(): canceling Mon Apr 30 11:56:32 UTC 2018
------------------ testing $PTII/ptolemy/domains/de/test/auto/CancelFireAt.xml
auto.tcl: Setting watchdog for 200 seconds at Mon Apr 30 11:56:32 UTC 2018
4 ms. Memory: 146944K Free: 140305K (95%)
ptolemy.util.test.WatchDog.cancel(): canceling Mon Apr 30 11:56:32 UTC 2018
auto.tcl: Setting watchdog for 200 seconds at Mon Apr 30 11:56:32 UTC 2018
4 ms. Memory: 146944K Free: 139258K (95%)
ptolemy.util.test.WatchDog.cancel(): canceling Mon Apr 30 11:56:32 UTC 2018
------------------ testing $PTII/ptolemy/domains/de/test/auto/CausalityAndComposabilityAnalysis.xml
auto.tcl: Setting watchdog for 200 seconds at Mon Apr 30 11:56:32 UTC 2018
12 ms. Memory: 146944K Free: 136965K (93%)
ptolemy.util.test.WatchDog.cancel(): canceling Mon Apr 30 11:56:32 UTC 2018
auto.tcl: Setting watchdog for 200 seconds at Mon Apr 30 11:56:32 UTC 2018
5 ms. Memory: 146944K Free: 136965K (93%)
ptolemy.util.test.WatchDog.cancel(): canceling Mon Apr 30 11:56:32 UTC 2018
------------------ testing $PTII/ptolemy/domains/de/test/auto/CausalityInterface1.xml
auto.tcl: Setting watchdog for 200 seconds at Mon Apr 30 11:56:32 UTC 2018
18 ms. Memory: 146944K Free: 136288K (93%)
ptolemy.util.test.WatchDog.cancel(): canceling Mon Apr 30 11:56:32 UTC 2018
auto.tcl: Setting watchdog for 200 seconds at Mon Apr 30 11:56:32 UTC 2018
9 ms. Memory: 146944K Free: 135241K (92%)
ptolemy.util.test.WatchDog.cancel(): canceling Mon Apr 30 11:56:33 UTC 2018
------------------ testing $PTII/ptolemy/domains/de/test/auto/CausalityInterface15.xml
auto.tcl: Setting watchdog for 200 seconds at Mon Apr 30 11:56:33 UTC 2018
20 ms. Memory: 146944K Free: 135232K (92%)
ptolemy.util.test.WatchDog.cancel(): canceling Mon Apr 30 11:56:33 UTC 2018
auto.tcl: Setting watchdog for 200 seconds at Mon Apr 30 11:56:33 UTC 2018
4 ms. Memory: 146944K Free: 134184K (91%)
ptolemy.util.test.WatchDog.cancel(): canceling Mon Apr 30 11:56:33 UTC 2018
------------------ testing $PTII/ptolemy/domains/de/test/auto/CausalityInterface2.xml
auto.tcl: Setting watchdog for 200 seconds at Mon Apr 30 11:56:33 UTC 2018
11 ms. Memory: 146944K Free: 136262K (93%)
ptolemy.util.test.WatchDog.cancel(): canceling Mon Apr 30 11:56:33 UTC 2018
auto.tcl: Setting watchdog for 200 seconds at Mon Apr 30 11:56:33 UTC 2018
3 ms. Memory: 146944K Free: 136262K (93%)
ptolemy.util.test.WatchDog.cancel(): canceling Mon Apr 30 11:56:33 UTC 2018
------------------ testing $PTII/ptolemy/domains/de/test/auto/CausalityInterface3.xml
auto.tcl: Setting watchdog for 200 seconds at Mon Apr 30 11:56:33 UTC 2018
11 ms. Memory: 146944K Free: 136275K (93%)
ptolemy.util.test.WatchDog.cancel(): canceling Mon Apr 30 11:56:33 UTC 2018
auto.tcl: Setting watchdog for 200 seconds at Mon Apr 30 11:56:33 UTC 2018
4 ms. Memory: 146944K Free: 135227K (92%)
ptolemy.util.test.WatchDog.cancel(): canceling Mon Apr 30 11:56:33 UTC 2018
------------------ testing $PTII/ptolemy/domains/de/test/auto/ClockDrift.xml
auto.tcl: Setting watchdog for 200 seconds at Mon Apr 30 11:56:33 UTC 2018
110 ms. Memory: 146944K Free: 128135K (87%)
ptolemy.util.test.WatchDog.cancel(): canceling Mon Apr 30 11:56:33 UTC 2018
auto.tcl: Setting watchdog for 200 seconds at Mon Apr 30 11:56:33 UTC 2018
78 ms. Memory: 146944K Free: 124993K (85%)
ptolemy.util.test.WatchDog.cancel(): canceling Mon Apr 30 11:56:33 UTC 2018
------------------ testing $PTII/ptolemy/domains/de/test/auto/ClockDriftAndValueChange.xml
auto.tcl: Setting watchdog for 200 seconds at Mon Apr 30 11:56:33 UTC 2018
28 ms. Memory: 146944K Free: 127965K (87%)
ptolemy.util.test.WatchDog.cancel(): canceling Mon Apr 30 11:56:33 UTC 2018
auto.tcl: Setting watchdog for 200 seconds at Mon Apr 30 11:56:33 UTC 2018
29 ms. Memory: 146944K Free: 124823K (85%)
ptolemy.util.test.WatchDog.cancel(): canceling Mon Apr 30 11:56:33 UTC 2018
------------------ testing $PTII/ptolemy/domains/de/test/auto/ClockDriftChange.xml
auto.tcl: Setting watchdog for 200 seconds at Mon Apr 30 11:56:33 UTC 2018
40 ms. Memory: 146944K Free: 130658K (89%)
ptolemy.util.test.WatchDog.cancel(): canceling Mon Apr 30 11:56:33 UTC 2018
auto.tcl: Setting watchdog for 200 seconds at Mon Apr 30 11:56:33 UTC 2018
24 ms. Memory: 146944K Free: 127516K (87%)
ptolemy.util.test.WatchDog.cancel(): canceling Mon Apr 30 11:56:33 UTC 2018
------------------ testing $PTII/ptolemy/domains/de/test/auto/ComposableCausalityAnalysis.xml
auto.tcl: Setting watchdog for 200 seconds at Mon Apr 30 11:56:33 UTC 2018
2 ms. Memory: 146944K Free: 135192K (92%)
ptolemy.util.test.WatchDog.cancel(): canceling Mon Apr 30 11:56:33 UTC 2018
auto.tcl: Setting watchdog for 200 seconds at Mon Apr 30 11:56:33 UTC 2018
2 ms. Memory: 146944K Free: 134145K (91%)
ptolemy.util.test.WatchDog.cancel(): canceling Mon Apr 30 11:56:33 UTC 2018
------------------ testing $PTII/ptolemy/domains/de/test/auto/DEFixedPointLimitation.xml
auto.tcl: Setting watchdog for 200 seconds at Mon Apr 30 11:56:34 UTC 2018
3 ms. Memory: 146944K Free: 136211K (93%)
ptolemy.util.test.WatchDog.cancel(): canceling Mon Apr 30 11:56:34 UTC 2018
auto.tcl: Setting watchdog for 200 seconds at Mon Apr 30 11:56:34 UTC 2018
2 ms. Memory: 146944K Free: 136211K (93%)
ptolemy.util.test.WatchDog.cancel(): canceling Mon Apr 30 11:56:34 UTC 2018
------------------ testing $PTII/ptolemy/domains/de/test/auto/DEScheduleTest.xml
auto.tcl: Setting watchdog for 200 seconds at Mon Apr 30 11:56:34 UTC 2018
6 ms. Memory: 146944K Free: 137293K (93%)
ptolemy.util.test.WatchDog.cancel(): canceling Mon Apr 30 11:56:34 UTC 2018
auto.tcl: Setting watchdog for 200 seconds at Mon Apr 30 11:56:34 UTC 2018
4 ms. Memory: 146944K Free: 136246K (93%)
ptolemy.util.test.WatchDog.cancel(): canceling Mon Apr 30 11:56:34 UTC 2018
------------------ testing $PTII/ptolemy/domains/de/test/auto/DEinDEwithStartTimes.xml
auto.tcl: Setting watchdog for 200 seconds at Mon Apr 30 11:56:34 UTC 2018
7 ms. Memory: 146944K Free: 136215K (93%)
ptolemy.util.test.WatchDog.cancel(): canceling Mon Apr 30 11:56:34 UTC 2018
auto.tcl: Setting watchdog for 200 seconds at Mon Apr 30 11:56:34 UTC 2018
6 ms. Memory: 146944K Free: 134121K (91%)
ptolemy.util.test.WatchDog.cancel(): canceling Mon Apr 30 11:56:34 UTC 2018
------------------ testing $PTII/ptolemy/domains/de/test/auto/DEinDEwithStartTimes2.xml
auto.tcl: Setting watchdog for 200 seconds at Mon Apr 30 11:56:34 UTC 2018
11 ms. Memory: 146944K Free: 135148K (92%)
ptolemy.util.test.WatchDog.cancel(): canceling Mon Apr 30 11:56:34 UTC 2018
auto.tcl: Setting watchdog for 200 seconds at Mon Apr 30 11:56:34 UTC 2018
5 ms. Memory: 146944K Free: 134100K (91%)
ptolemy.util.test.WatchDog.cancel(): canceling Mon Apr 30 11:56:34 UTC 2018
------------------ testing $PTII/ptolemy/domains/de/test/auto/DateDemo.xml
auto.tcl: Setting watchdog for 200 seconds at Mon Apr 30 11:56:34 UTC 2018
12 ms. Memory: 146944K Free: 129248K (88%)
ptolemy.util.test.WatchDog.cancel(): canceling Mon Apr 30 11:56:34 UTC 2018
auto.tcl: Setting watchdog for 200 seconds at Mon Apr 30 11:56:34 UTC 2018
14 ms. Memory: 146944K Free: 127153K (87%)
ptolemy.util.test.WatchDog.cancel(): canceling Mon Apr 30 11:56:34 UTC 2018
------------------ testing $PTII/ptolemy/domains/de/test/auto/DateToEvent.xml
auto.tcl: Setting watchdog for 200 seconds at Mon Apr 30 11:56:34 UTC 2018
2011 ms. Memory: 146944K Free: 122200K (83%)
ptolemy.util.test.WatchDog.cancel(): canceling Mon Apr 30 11:56:36 UTC 2018
auto.tcl: Setting watchdog for 200 seconds at Mon Apr 30 11:56:36 UTC 2018
2006 ms. Memory: 146944K Free: 121153K (82%)
ptolemy.util.test.WatchDog.cancel(): canceling Mon Apr 30 11:56:38 UTC 2018
------------------ testing $PTII/ptolemy/domains/de/test/auto/DepthTest1.xml
auto.tcl: Setting watchdog for 200 seconds at Mon Apr 30 11:56:38 UTC 2018
3 ms. Memory: 146944K Free: 137113K (93%)
ptolemy.util.test.WatchDog.cancel(): canceling Mon Apr 30 11:56:38 UTC 2018
auto.tcl: Setting watchdog for 200 seconds at Mon Apr 30 11:56:38 UTC 2018
5 ms. Memory: 146944K Free: 137113K (93%)
ptolemy.util.test.WatchDog.cancel(): canceling Mon Apr 30 11:56:38 UTC 2018
------------------ testing $PTII/ptolemy/domains/de/test/auto/DepthTest2.xml
auto.tcl: Setting watchdog for 200 seconds at Mon Apr 30 11:56:38 UTC 2018
3 ms. Memory: 146944K Free: 134048K (91%)
ptolemy.util.test.WatchDog.cancel(): canceling Mon Apr 30 11:56:38 UTC 2018
auto.tcl: Setting watchdog for 200 seconds at Mon Apr 30 11:56:38 UTC 2018
6 ms. Memory: 146944K Free: 134048K (91%)
ptolemy.util.test.WatchDog.cancel(): canceling Mon Apr 30 11:56:38 UTC 2018
------------------ testing $PTII/ptolemy/domains/de/test/auto/DepthTest3.xml
auto.tcl: Setting watchdog for 200 seconds at Mon Apr 30 11:56:38 UTC 2018
3 ms. Memory: 146944K Free: 138676K (94%)
ptolemy.util.test.WatchDog.cancel(): canceling Mon Apr 30 11:56:38 UTC 2018
auto.tcl: Setting watchdog for 200 seconds at Mon Apr 30 11:56:38 UTC 2018
1 ms. Memory: 146944K Free: 138676K (94%)
ptolemy.util.test.WatchDog.cancel(): canceling Mon Apr 30 11:56:38 UTC 2018
------------------ testing $PTII/ptolemy/domains/de/test/auto/DepthTest4.xml
auto.tcl: Setting watchdog for 200 seconds at Mon Apr 30 11:56:38 UTC 2018
10 ms. Memory: 146944K Free: 136054K (93%)
ptolemy.util.test.WatchDog.cancel(): canceling Mon Apr 30 11:56:38 UTC 2018
auto.tcl: Setting watchdog for 200 seconds at Mon Apr 30 11:56:38 UTC 2018
2 ms. Memory: 146944K Free: 135007K (92%)
ptolemy.util.test.WatchDog.cancel(): canceling Mon Apr 30 11:56:38 UTC 2018
------------------ testing $PTII/ptolemy/domains/de/test/auto/DepthTest5.xml
auto.tcl: Setting watchdog for 200 seconds at Mon Apr 30 11:56:39 UTC 2018
6 ms. Memory: 146944K Free: 134954K (92%)
ptolemy.util.test.WatchDog.cancel(): canceling Mon Apr 30 11:56:39 UTC 2018
auto.tcl: Setting watchdog for 200 seconds at Mon Apr 30 11:56:39 UTC 2018
2 ms. Memory: 146944K Free: 134954K (92%)
ptolemy.util.test.WatchDog.cancel(): canceling Mon Apr 30 11:56:39 UTC 2018
------------------ testing $PTII/ptolemy/domains/de/test/auto/DepthTest6.xml
auto.tcl: Setting watchdog for 200 seconds at Mon Apr 30 11:56:39 UTC 2018
17 ms. Memory: 146944K Free: 134906K (92%)
ptolemy.util.test.WatchDog.cancel(): canceling Mon Apr 30 11:56:39 UTC 2018
auto.tcl: Setting watchdog for 200 seconds at Mon Apr 30 11:56:39 UTC 2018
2 ms. Memory: 146944K Free: 134906K (92%)
ptolemy.util.test.WatchDog.cancel(): canceling Mon Apr 30 11:56:39 UTC 2018
------------------ testing $PTII/ptolemy/domains/de/test/auto/DepthTest7.xml
auto.tcl: Setting watchdog for 200 seconds at Mon Apr 30 11:56:39 UTC 2018
3 ms. Memory: 146944K Free: 135958K (93%)
ptolemy.util.test.WatchDog.cancel(): canceling Mon Apr 30 11:56:39 UTC 2018
auto.tcl: Setting watchdog for 200 seconds at Mon Apr 30 11:56:39 UTC 2018
2 ms. Memory: 146944K Free: 134911K (92%)
ptolemy.util.test.WatchDog.cancel(): canceling Mon Apr 30 11:56:39 UTC 2018
------------------ testing $PTII/ptolemy/domains/de/test/auto/EventToDate.xml
auto.tcl: Setting watchdog for 200 seconds at Mon Apr 30 11:56:39 UTC 2018
3006 ms. Memory: 146944K Free: 125507K (85%)
ptolemy.util.test.WatchDog.cancel(): canceling Mon Apr 30 11:56:42 UTC 2018
auto.tcl: Setting watchdog for 200 seconds at Mon Apr 30 11:56:42 UTC 2018
3004 ms. Memory: 146944K Free: 124460K (85%)
ptolemy.util.test.WatchDog.cancel(): canceling Mon Apr 30 11:56:45 UTC 2018
------------------ testing $PTII/ptolemy/domains/de/test/auto/FSM1.xml
auto.tcl: Setting watchdog for 200 seconds at Mon Apr 30 11:56:45 UTC 2018
33 ms. Memory: 146944K Free: 127926K (87%)
ptolemy.util.test.WatchDog.cancel(): canceling Mon Apr 30 11:56:45 UTC 2018
auto.tcl: Setting watchdog for 200 seconds at Mon Apr 30 11:56:45 UTC 2018
20 ms. Memory: 146944K Free: 124784K (85%)
ptolemy.util.test.WatchDog.cancel(): canceling Mon Apr 30 11:56:45 UTC 2018
------------------ testing $PTII/ptolemy/domains/de/test/auto/FSM7.xml
auto.tcl: Setting watchdog for 200 seconds at Mon Apr 30 11:56:45 UTC 2018
26 ms. Memory: 146944K Free: 127101K (86%)
ptolemy.util.test.WatchDog.cancel(): canceling Mon Apr 30 11:56:45 UTC 2018
auto.tcl: Setting watchdog for 200 seconds at Mon Apr 30 11:56:45 UTC 2018
21 ms. Memory: 146944K Free: 123959K (84%)
ptolemy.util.test.WatchDog.cancel(): canceling Mon Apr 30 11:56:45 UTC 2018
------------------ testing $PTII/ptolemy/domains/de/test/auto/Inspection.xml
auto.tcl: Setting watchdog for 200 seconds at Mon Apr 30 11:56:45 UTC 2018
55 ms. Memory: 146944K Free: 127883K (87%)
ptolemy.util.test.WatchDog.cancel(): canceling Mon Apr 30 11:56:45 UTC 2018
auto.tcl: Setting watchdog for 200 seconds at Mon Apr 30 11:56:45 UTC 2018
34 ms. Memory: 146944K Free: 125788K (86%)
ptolemy.util.test.WatchDog.cancel(): canceling Mon Apr 30 11:56:45 UTC 2018
------------------ testing $PTII/ptolemy/domains/de/test/auto/Iteration.xml
auto.tcl: Setting watchdog for 200 seconds at Mon Apr 30 11:56:45 UTC 2018
10 ms. Memory: 146944K Free: 134830K (92%)
ptolemy.util.test.WatchDog.cancel(): canceling Mon Apr 30 11:56:45 UTC 2018
auto.tcl: Setting watchdog for 200 seconds at Mon Apr 30 11:56:45 UTC 2018
9 ms. Memory: 146944K Free: 132626K (90%)
ptolemy.util.test.WatchDog.cancel(): canceling Mon Apr 30 11:56:45 UTC 2018
------------------ testing $PTII/ptolemy/domains/de/test/auto/LineFault.xml
auto.tcl: Setting watchdog for 200 seconds at Mon Apr 30 11:56:45 UTC 2018
862 ms. Memory: 146944K Free: 137861K (94%)
ptolemy.util.test.WatchDog.cancel(): canceling Mon Apr 30 11:56:47 UTC 2018
auto.tcl: Setting watchdog for 200 seconds at Mon Apr 30 11:56:47 UTC 2018
805 ms. Memory: 146944K Free: 81714K (56%)
ptolemy.util.test.WatchDog.cancel(): canceling Mon Apr 30 11:56:47 UTC 2018
------------------ testing $PTII/ptolemy/domains/de/test/auto/MergeModel1Add.xml
auto.tcl: Setting watchdog for 200 seconds at Mon Apr 30 11:56:47 UTC 2018
22 ms. Memory: 209920K Free: 180435K (86%)
ptolemy.util.test.WatchDog.cancel(): canceling Mon Apr 30 11:56:48 UTC 2018
auto.tcl: Setting watchdog for 200 seconds at Mon Apr 30 11:56:48 UTC 2018
11 ms. Memory: 209920K Free: 178551K (85%)
ptolemy.util.test.WatchDog.cancel(): canceling Mon Apr 30 11:56:48 UTC 2018
------------------ testing $PTII/ptolemy/domains/de/test/auto/MergeModel2Add.xml
auto.tcl: Setting watchdog for 200 seconds at Mon Apr 30 11:56:48 UTC 2018
15 ms. Memory: 210432K Free: 184167K (88%)
ptolemy.util.test.WatchDog.cancel(): canceling Mon Apr 30 11:56:48 UTC 2018
auto.tcl: Setting watchdog for 200 seconds at Mon Apr 30 11:56:48 UTC 2018
9 ms. Memory: 210432K Free: 182283K (87%)
ptolemy.util.test.WatchDog.cancel(): canceling Mon Apr 30 11:56:48 UTC 2018
------------------ testing $PTII/ptolemy/domains/de/test/auto/MergeModel3Add.xml
auto.tcl: Setting watchdog for 200 seconds at Mon Apr 30 11:56:48 UTC 2018
12 ms. Memory: 209920K Free: 183594K (87%)
ptolemy.util.test.WatchDog.cancel(): canceling Mon Apr 30 11:56:48 UTC 2018
auto.tcl: Setting watchdog for 200 seconds at Mon Apr 30 11:56:48 UTC 2018
12 ms. Memory: 209920K Free: 181703K (87%)
ptolemy.util.test.WatchDog.cancel(): canceling Mon Apr 30 11:56:48 UTC 2018
------------------ testing $PTII/ptolemy/domains/de/test/auto/MergeWithoutDiscard.xml
auto.tcl: Setting watchdog for 200 seconds at Mon Apr 30 11:56:48 UTC 2018
4 ms. Memory: 210432K Free: 198631K (94%)
ptolemy.util.test.WatchDog.cancel(): canceling Mon Apr 30 11:56:48 UTC 2018
auto.tcl: Setting watchdog for 200 seconds at Mon Apr 30 11:56:48 UTC 2018
1 ms. Memory: 210432K Free: 198631K (94%)
ptolemy.util.test.WatchDog.cancel(): canceling Mon Apr 30 11:56:48 UTC 2018
------------------ testing $PTII/ptolemy/domains/de/test/auto/Modal1.xml
auto.tcl: Setting watchdog for 200 seconds at Mon Apr 30 11:56:48 UTC 2018
12 ms. Memory: 210432K Free: 190730K (91%)
ptolemy.util.test.WatchDog.cancel(): canceling Mon Apr 30 11:56:48 UTC 2018
auto.tcl: Setting watchdog for 200 seconds at Mon Apr 30 11:56:48 UTC 2018
14 ms. Memory: 210432K Free: 186946K (89%)
ptolemy.util.test.WatchDog.cancel(): canceling Mon Apr 30 11:56:48 UTC 2018
------------------ testing $PTII/ptolemy/domains/de/test/auto/Modal2.xml
auto.tcl: Setting watchdog for 200 seconds at Mon Apr 30 11:56:48 UTC 2018
19 ms. Memory: 210432K Free: 190604K (91%)
ptolemy.util.test.WatchDog.cancel(): canceling Mon Apr 30 11:56:48 UTC 2018
auto.tcl: Setting watchdog for 200 seconds at Mon Apr 30 11:56:48 UTC 2018
20 ms. Memory: 210432K Free: 186821K (89%)
ptolemy.util.test.WatchDog.cancel(): canceling Mon Apr 30 11:56:48 UTC 2018
------------------ testing $PTII/ptolemy/domains/de/test/auto/Modal3.xml
auto.tcl: Setting watchdog for 200 seconds at Mon Apr 30 11:56:48 UTC 2018
19 ms. Memory: 210432K Free: 190603K (91%)
ptolemy.util.test.WatchDog.cancel(): canceling Mon Apr 30 11:56:48 UTC 2018
auto.tcl: Setting watchdog for 200 seconds at Mon Apr 30 11:56:48 UTC 2018
16 ms. Memory: 210432K Free: 186819K (89%)
ptolemy.util.test.WatchDog.cancel(): canceling Mon Apr 30 11:56:48 UTC 2018
------------------ testing $PTII/ptolemy/domains/de/test/auto/Modal4.xml
auto.tcl: Setting watchdog for 200 seconds at Mon Apr 30 11:56:48 UTC 2018
13 ms. Memory: 208384K Free: 188551K (90%)
ptolemy.util.test.WatchDog.cancel(): canceling Mon Apr 30 11:56:48 UTC 2018
auto.tcl: Setting watchdog for 200 seconds at Mon Apr 30 11:56:48 UTC 2018
21 ms. Memory: 208384K Free: 184768K (89%)
ptolemy.util.test.WatchDog.cancel(): canceling Mon Apr 30 11:56:48 UTC 2018
------------------ testing $PTII/ptolemy/domains/de/test/auto/Modal5.xml
auto.tcl: Setting watchdog for 200 seconds at Mon Apr 30 11:56:48 UTC 2018
19 ms. Memory: 209920K Free: 190073K (91%)
ptolemy.util.test.WatchDog.cancel(): canceling Mon Apr 30 11:56:48 UTC 2018
auto.tcl: Setting watchdog for 200 seconds at Mon Apr 30 11:56:48 UTC 2018
16 ms. Memory: 209920K Free: 186290K (89%)
ptolemy.util.test.WatchDog.cancel(): canceling Mon Apr 30 11:56:48 UTC 2018
------------------ testing $PTII/ptolemy/domains/de/test/auto/Modal6.xml
auto.tcl: Setting watchdog for 200 seconds at Mon Apr 30 11:56:49 UTC 2018
12 ms. Memory: 209920K Free: 190166K (91%)
ptolemy.util.test.WatchDog.cancel(): canceling Mon Apr 30 11:56:49 UTC 2018
auto.tcl: Setting watchdog for 200 seconds at Mon Apr 30 11:56:49 UTC 2018
15 ms. Memory: 209920K Free: 186383K (89%)
ptolemy.util.test.WatchDog.cancel(): canceling Mon Apr 30 11:56:49 UTC 2018
------------------ testing $PTII/ptolemy/domains/de/test/auto/Modal7.xml
auto.tcl: Setting watchdog for 200 seconds at Mon Apr 30 11:56:49 UTC 2018
10 ms. Memory: 209920K Free: 188180K (90%)
ptolemy.util.test.WatchDog.cancel(): canceling Mon Apr 30 11:56:49 UTC 2018
auto.tcl: Setting watchdog for 200 seconds at Mon Apr 30 11:56:49 UTC 2018
11 ms. Memory: 209920K Free: 186289K (89%)
ptolemy.util.test.WatchDog.cancel(): canceling Mon Apr 30 11:56:49 UTC 2018
------------------ testing $PTII/ptolemy/domains/de/test/auto/ModalModel.xml
auto.tcl: Setting watchdog for 200 seconds at Mon Apr 30 11:56:49 UTC 2018
211 ms. Memory: 209920K Free: 129792K (62%)
ptolemy.util.test.WatchDog.cancel(): canceling Mon Apr 30 11:56:49 UTC 2018
auto.tcl: Setting watchdog for 200 seconds at Mon Apr 30 11:56:49 UTC 2018
234 ms. Memory: 209920K Free: 197378K (94%)
ptolemy.util.test.WatchDog.cancel(): canceling Mon Apr 30 11:56:49 UTC 2018
------------------ testing $PTII/ptolemy/domains/de/test/auto/ModalSource.xml
auto.tcl: Setting watchdog for 200 seconds at Mon Apr 30 11:56:49 UTC 2018
6 ms. Memory: 209920K Free: 195145K (93%)
ptolemy.util.test.WatchDog.cancel(): canceling Mon Apr 30 11:56:49 UTC 2018
auto.tcl: Setting watchdog for 200 seconds at Mon Apr 30 11:56:49 UTC 2018
7 ms. Memory: 209920K Free: 193395K (92%)
ptolemy.util.test.WatchDog.cancel(): canceling Mon Apr 30 11:56:49 UTC 2018
------------------ testing $PTII/ptolemy/domains/de/test/auto/NonInterruptibleTimerZeroDelay.xml
auto.tcl: Setting watchdog for 200 seconds at Mon Apr 30 11:56:49 UTC 2018
3 ms. Memory: 336896K Free: 326333K (97%)
ptolemy.util.test.WatchDog.cancel(): canceling Mon Apr 30 11:56:49 UTC 2018
auto.tcl: Setting watchdog for 200 seconds at Mon Apr 30 11:56:49 UTC 2018
2 ms. Memory: 336896K Free: 322832K (96%)
ptolemy.util.test.WatchDog.cancel(): canceling Mon Apr 30 11:56:49 UTC 2018
------------------ testing $PTII/ptolemy/domains/de/test/auto/OpenQueueingNetwork.xml
auto.tcl: Setting watchdog for 200 seconds at Mon Apr 30 11:56:49 UTC 2018
3367 ms. Memory: 336384K Free: 194965K (58%)
ptolemy.util.test.WatchDog.cancel(): canceling Mon Apr 30 11:56:53 UTC 2018
auto.tcl: Setting watchdog for 200 seconds at Mon Apr 30 11:56:53 UTC 2018
2044 ms. Memory: 314880K Free: 119340K (38%)
ptolemy.util.test.WatchDog.cancel(): canceling Mon Apr 30 11:56:55 UTC 2018
------------------ testing $PTII/ptolemy/domains/de/test/auto/OpenQueuingNetwork.xml
auto.tcl: Setting watchdog for 200 seconds at Mon Apr 30 11:56:55 UTC 2018
249 ms. Memory: 313344K Free: 214193K (68%)
ptolemy.util.test.WatchDog.cancel(): canceling Mon Apr 30 11:56:55 UTC 2018
auto.tcl: Setting watchdog for 200 seconds at Mon Apr 30 11:56:55 UTC 2018
239 ms. Memory: 313344K Free: 156404K (50%)
ptolemy.util.test.WatchDog.cancel(): canceling Mon Apr 30 11:56:56 UTC 2018
------------------ testing $PTII/ptolemy/domains/de/test/auto/PeriodicSampler.xml
auto.tcl: Setting watchdog for 200 seconds at Mon Apr 30 11:56:56 UTC 2018
3 ms. Memory: 314880K Free: 301821K (96%)
ptolemy.util.test.WatchDog.cancel(): canceling Mon Apr 30 11:56:56 UTC 2018
auto.tcl: Setting watchdog for 200 seconds at Mon Apr 30 11:56:56 UTC 2018
2 ms. Memory: 314880K Free: 298523K (95%)
ptolemy.util.test.WatchDog.cancel(): canceling Mon Apr 30 11:56:56 UTC 2018
------------------ testing $PTII/ptolemy/domains/de/test/auto/PersistentIO.xml
auto.tcl: Setting watchdog for 200 seconds at Mon Apr 30 11:56:56 UTC 2018
5 ms. Memory: 313344K Free: 294305K (94%)
ptolemy.util.test.WatchDog.cancel(): canceling Mon Apr 30 11:56:56 UTC 2018
auto.tcl: Setting watchdog for 200 seconds at Mon Apr 30 11:56:56 UTC 2018
4 ms. Memory: 313344K Free: 291007K (93%)
ptolemy.util.test.WatchDog.cancel(): canceling Mon Apr 30 11:56:56 UTC 2018
------------------ testing $PTII/ptolemy/domains/de/test/auto/PortParameterResetOnInitialize.xml
auto.tcl: Setting watchdog for 200 seconds at Mon Apr 30 11:56:56 UTC 2018
2 ms. Memory: 314880K Free: 298984K (95%)
ptolemy.util.test.WatchDog.cancel(): canceling Mon Apr 30 11:56:56 UTC 2018
auto.tcl: Setting watchdog for 200 seconds at Mon Apr 30 11:56:56 UTC 2018
2 ms. Memory: 314880K Free: 298984K (95%)
ptolemy.util.test.WatchDog.cancel(): canceling Mon Apr 30 11:56:56 UTC 2018
------------------ testing $PTII/ptolemy/domains/de/test/auto/PortParameterUpdates.xml
auto.tcl: Setting watchdog for 200 seconds at Mon Apr 30 11:56:56 UTC 2018
4 ms. Memory: 313344K Free: 297598K (95%)
ptolemy.util.test.WatchDog.cancel(): canceling Mon Apr 30 11:56:56 UTC 2018
auto.tcl: Setting watchdog for 200 seconds at Mon Apr 30 11:56:56 UTC 2018
4 ms. Memory: 313344K Free: 294300K (94%)
ptolemy.util.test.WatchDog.cancel(): canceling Mon Apr 30 11:56:56 UTC 2018
------------------ testing $PTII/ptolemy/domains/de/test/auto/QueueAndServer.xml
auto.tcl: Setting watchdog for 200 seconds at Mon Apr 30 11:56:56 UTC 2018
15 ms. Memory: 314368K Free: 298537K (95%)
ptolemy.util.test.WatchDog.cancel(): canceling Mon Apr 30 11:56:56 UTC 2018
auto.tcl: Setting watchdog for 200 seconds at Mon Apr 30 11:56:56 UTC 2018
7 ms. Memory: 314368K Free: 295240K (94%)
ptolemy.util.test.WatchDog.cancel(): canceling Mon Apr 30 11:56:56 UTC 2018
------------------ testing $PTII/ptolemy/domains/de/test/auto/Records.xml
auto.tcl: Setting watchdog for 200 seconds at Mon Apr 30 11:56:56 UTC 2018
5 ms. Memory: 313344K Free: 299759K (96%)
ptolemy.util.test.WatchDog.cancel(): canceling Mon Apr 30 11:56:56 UTC 2018
auto.tcl: Setting watchdog for 200 seconds at Mon Apr 30 11:56:56 UTC 2018
1 ms. Memory: 313344K Free: 299759K (96%)
ptolemy.util.test.WatchDog.cancel(): canceling Mon Apr 30 11:56:56 UTC 2018
------------------ testing $PTII/ptolemy/domains/de/test/auto/ResetTransitionWithStartTime1.xml
auto.tcl: Setting watchdog for 200 seconds at Mon Apr 30 11:56:56 UTC 2018
8 ms. Memory: 314368K Free: 297511K (95%)
ptolemy.util.test.WatchDog.cancel(): canceling Mon Apr 30 11:56:56 UTC 2018
auto.tcl: Setting watchdog for 200 seconds at Mon Apr 30 11:56:56 UTC 2018
6 ms. Memory: 314368K Free: 297511K (95%)
ptolemy.util.test.WatchDog.cancel(): canceling Mon Apr 30 11:56:56 UTC 2018
------------------ testing $PTII/ptolemy/domains/de/test/auto/ResetTransitionWithStartTime2.xml
auto.tcl: Setting watchdog for 200 seconds at Mon Apr 30 11:56:56 UTC 2018
8 ms. Memory: 313344K Free: 291888K (93%)
ptolemy.util.test.WatchDog.cancel(): canceling Mon Apr 30 11:56:56 UTC 2018
auto.tcl: Setting watchdog for 200 seconds at Mon Apr 30 11:56:56 UTC 2018
10 ms. Memory: 313344K Free: 291888K (93%)
ptolemy.util.test.WatchDog.cancel(): canceling Mon Apr 30 11:56:56 UTC 2018
------------------ testing $PTII/ptolemy/domains/de/test/auto/ResetTransitionWithStartTime3.xml
auto.tcl: Setting watchdog for 200 seconds at Mon Apr 30 11:56:56 UTC 2018
10 ms. Memory: 314368K Free: 297501K (95%)
ptolemy.util.test.WatchDog.cancel(): canceling Mon Apr 30 11:56:56 UTC 2018
auto.tcl: Setting watchdog for 200 seconds at Mon Apr 30 11:56:56 UTC 2018
11 ms. Memory: 314368K Free: 297501K (95%)
ptolemy.util.test.WatchDog.cancel(): canceling Mon Apr 30 11:56:56 UTC 2018
------------------ testing $PTII/ptolemy/domains/de/test/auto/ResetTransitionWithStartTime4.xml
auto.tcl: Setting watchdog for 200 seconds at Mon Apr 30 11:56:56 UTC 2018
5 ms. Memory: 313344K Free: 296540K (95%)
ptolemy.util.test.WatchDog.cancel(): canceling Mon Apr 30 11:56:56 UTC 2018
auto.tcl: Setting watchdog for 200 seconds at Mon Apr 30 11:56:56 UTC 2018
4 ms. Memory: 313344K Free: 296540K (95%)
ptolemy.util.test.WatchDog.cancel(): canceling Mon Apr 30 11:56:56 UTC 2018
------------------ testing $PTII/ptolemy/domains/de/test/auto/ResettableTimer1.xml
auto.tcl: Setting watchdog for 200 seconds at Mon Apr 30 11:56:57 UTC 2018
4 ms. Memory: 313856K Free: 300297K (96%)
ptolemy.util.test.WatchDog.cancel(): canceling Mon Apr 30 11:56:57 UTC 2018
auto.tcl: Setting watchdog for 200 seconds at Mon Apr 30 11:56:57 UTC 2018
2 ms. Memory: 313856K Free: 300297K (96%)
ptolemy.util.test.WatchDog.cancel(): canceling Mon Apr 30 11:56:57 UTC 2018
------------------ testing $PTII/ptolemy/domains/de/test/auto/ResettableTimer2.xml
auto.tcl: Setting watchdog for 200 seconds at Mon Apr 30 11:56:57 UTC 2018
5 ms. Memory: 313344K Free: 299883K (96%)
ptolemy.util.test.WatchDog.cancel(): canceling Mon Apr 30 11:56:57 UTC 2018
auto.tcl: Setting watchdog for 200 seconds at Mon Apr 30 11:56:57 UTC 2018
3 ms. Memory: 313344K Free: 299883K (96%)
ptolemy.util.test.WatchDog.cancel(): canceling Mon Apr 30 11:56:57 UTC 2018
------------------ testing $PTII/ptolemy/domains/de/test/auto/ResettableTimer3.xml
auto.tcl: Setting watchdog for 200 seconds at Mon Apr 30 11:56:57 UTC 2018
2 ms. Memory: 313856K Free: 298035K (95%)
ptolemy.util.test.WatchDog.cancel(): canceling Mon Apr 30 11:56:57 UTC 2018
auto.tcl: Setting watchdog for 200 seconds at Mon Apr 30 11:56:57 UTC 2018
1 ms. Memory: 313856K Free: 298035K (95%)
ptolemy.util.test.WatchDog.cancel(): canceling Mon Apr 30 11:56:57 UTC 2018
------------------ testing $PTII/ptolemy/domains/de/test/auto/ResettableTimer4.xml
auto.tcl: Setting watchdog for 200 seconds at Mon Apr 30 11:56:57 UTC 2018
1 ms. Memory: 313344K Free: 299903K (96%)
ptolemy.util.test.WatchDog.cancel(): canceling Mon Apr 30 11:56:57 UTC 2018
auto.tcl: Setting watchdog for 200 seconds at Mon Apr 30 11:56:57 UTC 2018
1 ms. Memory: 313344K Free: 299903K (96%)
ptolemy.util.test.WatchDog.cancel(): canceling Mon Apr 30 11:56:57 UTC 2018
------------------ testing $PTII/ptolemy/domains/de/test/auto/ResettableTimer5.xml
auto.tcl: Setting watchdog for 200 seconds at Mon Apr 30 11:56:57 UTC 2018
2 ms. Memory: 313856K Free: 298078K (95%)
ptolemy.util.test.WatchDog.cancel(): canceling Mon Apr 30 11:56:57 UTC 2018
auto.tcl: Setting watchdog for 200 seconds at Mon Apr 30 11:56:57 UTC 2018
1 ms. Memory: 313856K Free: 298078K (95%)
ptolemy.util.test.WatchDog.cancel(): canceling Mon Apr 30 11:56:57 UTC 2018
------------------ testing $PTII/ptolemy/domains/de/test/auto/ResettableTimer6.xml
auto.tcl: Setting watchdog for 200 seconds at Mon Apr 30 11:56:57 UTC 2018
5 ms. Memory: 313344K Free: 297476K (95%)
ptolemy.util.test.WatchDog.cancel(): canceling Mon Apr 30 11:56:57 UTC 2018
auto.tcl: Setting watchdog for 200 seconds at Mon Apr 30 11:56:57 UTC 2018
1 ms. Memory: 313344K Free: 297476K (95%)
ptolemy.util.test.WatchDog.cancel(): canceling Mon Apr 30 11:56:57 UTC 2018
------------------ testing $PTII/ptolemy/domains/de/test/auto/ServerZeroDelay.xml
auto.tcl: Setting watchdog for 200 seconds at Mon Apr 30 11:56:57 UTC 2018
3 ms. Memory: 313856K Free: 303635K (97%)
ptolemy.util.test.WatchDog.cancel(): canceling Mon Apr 30 11:56:57 UTC 2018
auto.tcl: Setting watchdog for 200 seconds at Mon Apr 30 11:56:57 UTC 2018
3 ms. Memory: 313856K Free: 300337K (96%)
ptolemy.util.test.WatchDog.cancel(): canceling Mon Apr 30 11:56:57 UTC 2018
------------------ testing $PTII/ptolemy/domains/de/test/auto/SmartSender.xml
auto.tcl: Setting watchdog for 200 seconds at Mon Apr 30 11:56:57 UTC 2018
3002 ms. Memory: 313344K Free: 297501K (95%)
ptolemy.util.test.WatchDog.cancel(): canceling Mon Apr 30 11:57:00 UTC 2018
auto.tcl: Setting watchdog for 200 seconds at Mon Apr 30 11:57:00 UTC 2018
3003 ms. Memory: 313344K Free: 297501K (95%)
ptolemy.util.test.WatchDog.cancel(): canceling Mon Apr 30 11:57:03 UTC 2018
------------------ testing $PTII/ptolemy/domains/de/test/auto/ThreadedComposite.xml
auto.tcl: Setting watchdog for 200 seconds at Mon Apr 30 11:57:03 UTC 2018
277 ms. Memory: 313856K Free: 277483K (88%)
ptolemy.util.test.WatchDog.cancel(): canceling Mon Apr 30 11:57:03 UTC 2018
auto.tcl: Setting watchdog for 200 seconds at Mon Apr 30 11:57:03 UTC 2018
215 ms. Memory: 313856K Free: 256988K (82%)
ptolemy.util.test.WatchDog.cancel(): canceling Mon Apr 30 11:57:04 UTC 2018
------------------ testing $PTII/ptolemy/domains/de/test/auto/Time.xml
auto.tcl: Setting watchdog for 200 seconds at Mon Apr 30 11:57:04 UTC 2018
562 ms. Memory: 313344K Free: 248471K (79%)
ptolemy.util.test.WatchDog.cancel(): canceling Mon Apr 30 11:57:04 UTC 2018
auto.tcl: Setting watchdog for 200 seconds at Mon Apr 30 11:57:04 UTC 2018
544 ms. Memory: 313344K Free: 195967K (63%)
ptolemy.util.test.WatchDog.cancel(): canceling Mon Apr 30 11:57:05 UTC 2018
------------------ testing $PTII/ptolemy/domains/de/test/auto/TimeDelayZeroDelay.xml
auto.tcl: Setting watchdog for 200 seconds at Mon Apr 30 11:57:05 UTC 2018
3 ms. Memory: 313856K Free: 303505K (97%)
ptolemy.util.test.WatchDog.cancel(): canceling Mon Apr 30 11:57:05 UTC 2018
auto.tcl: Setting watchdog for 200 seconds at Mon Apr 30 11:57:05 UTC 2018
2 ms. Memory: 313856K Free: 300223K (96%)
ptolemy.util.test.WatchDog.cancel(): canceling Mon Apr 30 11:57:05 UTC 2018
------------------ testing $PTII/ptolemy/domains/de/test/auto/TimerZeroDelay.xml
auto.tcl: Setting watchdog for 200 seconds at Mon Apr 30 11:57:05 UTC 2018
3 ms. Memory: 313344K Free: 303085K (97%)
ptolemy.util.test.WatchDog.cancel(): canceling Mon Apr 30 11:57:05 UTC 2018
auto.tcl: Setting watchdog for 200 seconds at Mon Apr 30 11:57:05 UTC 2018
2 ms. Memory: 313344K Free: 299803K (96%)
ptolemy.util.test.WatchDog.cancel(): canceling Mon Apr 30 11:57:05 UTC 2018
------------------ testing $PTII/ptolemy/domains/de/test/auto/TimingParadox.xml
auto.tcl: Setting watchdog for 200 seconds at Mon Apr 30 11:57:05 UTC 2018
366 ms. Memory: 313856K Free: 235886K (75%)
ptolemy.util.test.WatchDog.cancel(): canceling Mon Apr 30 11:57:05 UTC 2018
auto.tcl: Setting watchdog for 200 seconds at Mon Apr 30 11:57:05 UTC 2018
340 ms. Memory: 313856K Free: 199774K (64%)
ptolemy.util.test.WatchDog.cancel(): canceling Mon Apr 30 11:57:06 UTC 2018
------------------ testing $PTII/ptolemy/domains/de/test/auto/TransferInputs.xml
auto.tcl: Setting watchdog for 200 seconds at Mon Apr 30 11:57:06 UTC 2018
2 ms. Memory: 313856K Free: 299203K (95%)
ptolemy.util.test.WatchDog.cancel(): canceling Mon Apr 30 11:57:06 UTC 2018
auto.tcl: Setting watchdog for 200 seconds at Mon Apr 30 11:57:06 UTC 2018
1 ms. Memory: 313856K Free: 299203K (95%)
ptolemy.util.test.WatchDog.cancel(): canceling Mon Apr 30 11:57:06 UTC 2018
------------------ testing $PTII/ptolemy/domains/de/test/auto/TransferOutputs2.xml
auto.tcl: Setting watchdog for 200 seconds at Mon Apr 30 11:57:06 UTC 2018
3 ms. Memory: 313344K Free: 294200K (94%)
ptolemy.util.test.WatchDog.cancel(): canceling Mon Apr 30 11:57:06 UTC 2018
auto.tcl: Setting watchdog for 200 seconds at Mon Apr 30 11:57:06 UTC 2018
4 ms. Memory: 313344K Free: 294200K (94%)
ptolemy.util.test.WatchDog.cancel(): canceling Mon Apr 30 11:57:06 UTC 2018
------------------ testing $PTII/ptolemy/domains/de/test/auto/Trilateration.xml
auto.tcl: Setting watchdog for 200 seconds at Mon Apr 30 11:57:06 UTC 2018
13158 ms. Memory: 391680K Free: 218384K (56%)
ptolemy.util.test.WatchDog.cancel(): canceling Mon Apr 30 11:57:20 UTC 2018
auto.tcl: Setting watchdog for 200 seconds at Mon Apr 30 11:57:20 UTC 2018
10276 ms. Memory: 280576K Free: 68959K (25%)
ptolemy.util.test.WatchDog.cancel(): canceling Mon Apr 30 11:57:31 UTC 2018
------------------ testing $PTII/ptolemy/domains/de/test/auto/TwoSigmaDelta.xml
auto.tcl: Setting watchdog for 200 seconds at Mon Apr 30 11:57:31 UTC 2018
3095 ms. Memory: 272896K Free: 165747K (61%)
ptolemy.util.test.WatchDog.cancel(): canceling Mon Apr 30 11:57:34 UTC 2018
auto.tcl: Setting watchdog for 200 seconds at Mon Apr 30 11:57:34 UTC 2018
2198 ms. Memory: 266240K Free: 115809K (43%)
ptolemy.util.test.WatchDog.cancel(): canceling Mon Apr 30 11:57:36 UTC 2018
------------------ testing $PTII/ptolemy/domains/de/test/auto/VariableDelay.xml
auto.tcl: Setting watchdog for 200 seconds at Mon Apr 30 11:57:36 UTC 2018
3 ms. Memory: 264192K Free: 249821K (95%)
ptolemy.util.test.WatchDog.cancel(): canceling Mon Apr 30 11:57:36 UTC 2018
auto.tcl: Setting watchdog for 200 seconds at Mon Apr 30 11:57:36 UTC 2018
1 ms. Memory: 264192K Free: 249821K (95%)
ptolemy.util.test.WatchDog.cancel(): canceling Mon Apr 30 11:57:36 UTC 2018
------------------ testing $PTII/ptolemy/domains/de/test/auto/VariableDelay2.xml
auto.tcl: Setting watchdog for 200 seconds at Mon Apr 30 11:57:36 UTC 2018
4 ms. Memory: 265728K Free: 253593K (95%)
ptolemy.util.test.WatchDog.cancel(): canceling Mon Apr 30 11:57:36 UTC 2018
auto.tcl: Setting watchdog for 200 seconds at Mon Apr 30 11:57:36 UTC 2018
2 ms. Memory: 265728K Free: 253593K (95%)
ptolemy.util.test.WatchDog.cancel(): canceling Mon Apr 30 11:57:36 UTC 2018
------------------ testing $PTII/ptolemy/domains/de/test/auto/VariableDelayZeroDelay.xml
auto.tcl: Setting watchdog for 200 seconds at Mon Apr 30 11:57:36 UTC 2018
2 ms. Memory: 264192K Free: 250228K (95%)
ptolemy.util.test.WatchDog.cancel(): canceling Mon Apr 30 11:57:36 UTC 2018
auto.tcl: Setting watchdog for 200 seconds at Mon Apr 30 11:57:36 UTC 2018
2 ms. Memory: 264192K Free: 250228K (95%)
ptolemy.util.test.WatchDog.cancel(): canceling Mon Apr 30 11:57:36 UTC 2018
------------------ testing $PTII/ptolemy/domains/de/test/auto/VariableDelayZeroDelay2.xml
auto.tcl: Setting watchdog for 200 seconds at Mon Apr 30 11:57:36 UTC 2018
7 ms. Memory: 265728K Free: 251759K (95%)
ptolemy.util.test.WatchDog.cancel(): canceling Mon Apr 30 11:57:36 UTC 2018
auto.tcl: Setting watchdog for 200 seconds at Mon Apr 30 11:57:36 UTC 2018
1 ms. Memory: 265728K Free: 251759K (95%)
ptolemy.util.test.WatchDog.cancel(): canceling Mon Apr 30 11:57:36 UTC 2018
------------------ testing $PTII/ptolemy/domains/de/test/auto/deInCt.xml
auto.tcl: Setting watchdog for 200 seconds at Mon Apr 30 11:57:36 UTC 2018
0
1
1
0
0
0
1
1
1
1
1
0
0
0
1
1
1
0
0
0
1
1
0
0
0
1
1
1
1
0
0
0
1
1
0
0
0
0
0
0
12 ms. Memory: 264192K Free: 250221K (95%)
ptolemy.util.test.WatchDog.cancel(): canceling Mon Apr 30 11:57:36 UTC 2018
auto.tcl: Setting watchdog for 200 seconds at Mon Apr 30 11:57:36 UTC 2018
0
1
1
1
1
1
1
0
0
0
0
1
1
1
0
0
0
0
1
1
1
1
0
0
1
1
1
1
1
1
5 ms. Memory: 264192K Free: 250221K (95%)
ptolemy.util.test.WatchDog.cancel(): canceling Mon Apr 30 11:57:36 UTC 2018
------------------ testing $PTII/ptolemy/domains/de/test/auto/deInCt2.xml
auto.tcl: Setting watchdog for 200 seconds at Mon Apr 30 11:57:37 UTC 2018
0
1
1
1
0
0
1
1
1
0
0
1
1
1
0
0
1
1
1
0
0
1
1
1
0
0
1
1
1
0
0
1
1
1
0
0
1
1
1
0
0
0
7 ms. Memory: 265216K Free: 251243K (95%)
ptolemy.util.test.WatchDog.cancel(): canceling Mon Apr 30 11:57:37 UTC 2018
auto.tcl: Setting watchdog for 200 seconds at Mon Apr 30 11:57:37 UTC 2018
0
1
1
1
0
0
1
1
1
0
0
1
1
1
0
0
1
1
1
0
0
1
1
1
0
0
1
1
1
0
0
1
1
1
0
0
1
1
1
0
0
0
7 ms. Memory: 265216K Free: 248494K (94%)
ptolemy.util.test.WatchDog.cancel(): canceling Mon Apr 30 11:57:37 UTC 2018
------------------ testing $PTII/ptolemy/domains/de/test/auto/dynamicCausalityInterface1.xml
auto.tcl: Setting watchdog for 200 seconds at Mon Apr 30 11:57:37 UTC 2018
2 ms. Memory: 264192K Free: 244702K (93%)
ptolemy.util.test.WatchDog.cancel(): canceling Mon Apr 30 11:57:37 UTC 2018
auto.tcl: Setting watchdog for 200 seconds at Mon Apr 30 11:57:37 UTC 2018
1 ms. Memory: 264192K Free: 244702K (93%)
ptolemy.util.test.WatchDog.cancel(): canceling Mon Apr 30 11:57:37 UTC 2018
------------------ testing $PTII/ptolemy/domains/de/test/auto/fsm_de_test.xml
auto.tcl: Setting watchdog for 200 seconds at Mon Apr 30 11:57:37 UTC 2018
6 ms. Memory: 265216K Free: 248386K (94%)
ptolemy.util.test.WatchDog.cancel(): canceling Mon Apr 30 11:57:37 UTC 2018
auto.tcl: Setting watchdog for 200 seconds at Mon Apr 30 11:57:37 UTC 2018
5 ms. Memory: 265216K Free: 245637K (93%)
ptolemy.util.test.WatchDog.cancel(): canceling Mon Apr 30 11:57:37 UTC 2018
------------------ testing $PTII/ptolemy/domains/de/test/auto/functionDependencyReconstruction.xml
auto.tcl: Setting watchdog for 200 seconds at Mon Apr 30 11:57:37 UTC 2018
2 ms. Memory: 264192K Free: 239071K (90%)
ptolemy.util.test.WatchDog.cancel(): canceling Mon Apr 30 11:57:37 UTC 2018
auto.tcl: Setting watchdog for 200 seconds at Mon Apr 30 11:57:37 UTC 2018
3 ms. Memory: 264192K Free: 236322K (89%)
ptolemy.util.test.WatchDog.cancel(): canceling Mon Apr 30 11:57:37 UTC 2018
------------------ testing $PTII/ptolemy/domains/de/test/auto/multirate.xml
auto.tcl: Setting watchdog for 200 seconds at Mon Apr 30 11:57:37 UTC 2018
4 ms. Memory: 264704K Free: 247739K (94%)
ptolemy.util.test.WatchDog.cancel(): canceling Mon Apr 30 11:57:37 UTC 2018
auto.tcl: Setting watchdog for 200 seconds at Mon Apr 30 11:57:37 UTC 2018
3 ms. Memory: 264704K Free: 247739K (94%)
ptolemy.util.test.WatchDog.cancel(): canceling Mon Apr 30 11:57:37 UTC 2018
------------------ testing $PTII/ptolemy/domains/de/test/auto/multirate2.xml
auto.tcl: Setting watchdog for 200 seconds at Mon Apr 30 11:57:37 UTC 2018
3 ms. Memory: 264192K Free: 249236K (94%)
ptolemy.util.test.WatchDog.cancel(): canceling Mon Apr 30 11:57:37 UTC 2018
auto.tcl: Setting watchdog for 200 seconds at Mon Apr 30 11:57:37 UTC 2018
3 ms. Memory: 264192K Free: 249236K (94%)
ptolemy.util.test.WatchDog.cancel(): canceling Mon Apr 30 11:57:37 UTC 2018
------------------ testing $PTII/ptolemy/domains/de/test/auto/realtime.xml
auto.tcl: Setting watchdog for 200 seconds at Mon Apr 30 11:57:37 UTC 2018
10002 ms. Memory: 264704K Free: 247018K (93%)
ptolemy.util.test.WatchDog.cancel(): canceling Mon Apr 30 11:57:47 UTC 2018
auto.tcl: Setting watchdog for 200 seconds at Mon Apr 30 11:57:47 UTC 2018
10001 ms. Memory: 264704K Free: 247018K (93%)
ptolemy.util.test.WatchDog.cancel(): canceling Mon Apr 30 11:57:57 UTC 2018
------------------ testing $PTII/ptolemy/domains/de/test/auto/relationGroup.xml
auto.tcl: Setting watchdog for 200 seconds at Mon Apr 30 11:57:57 UTC 2018
1 ms. Memory: 264192K Free: 254782K (96%)
ptolemy.util.test.WatchDog.cancel(): canceling Mon Apr 30 11:57:57 UTC 2018
auto.tcl: Setting watchdog for 200 seconds at Mon Apr 30 11:57:57 UTC 2018
1 ms. Memory: 264192K Free: 252033K (95%)
ptolemy.util.test.WatchDog.cancel(): canceling Mon Apr 30 11:57:57 UTC 2018
------------------ testing $PTII/ptolemy/domains/de/test/auto/relationGroup2.xml
auto.tcl: Setting watchdog for 200 seconds at Mon Apr 30 11:57:57 UTC 2018
1 ms. Memory: 264704K Free: 255321K (96%)
ptolemy.util.test.WatchDog.cancel(): canceling Mon Apr 30 11:57:57 UTC 2018
auto.tcl: Setting watchdog for 200 seconds at Mon Apr 30 11:57:57 UTC 2018
1 ms. Memory: 264704K Free: 252556K (95%)
ptolemy.util.test.WatchDog.cancel(): canceling Mon Apr 30 11:57:57 UTC 2018
------------------ testing $PTII/ptolemy/domains/de/test/auto/sortWithOpaquePorts.xml
auto.tcl: Setting watchdog for 200 seconds at Mon Apr 30 11:57:57 UTC 2018
2 ms. Memory: 264192K Free: 250217K (95%)
ptolemy.util.test.WatchDog.cancel(): canceling Mon Apr 30 11:57:57 UTC 2018
auto.tcl: Setting watchdog for 200 seconds at Mon Apr 30 11:57:57 UTC 2018
1 ms. Memory: 264192K Free: 250217K (95%)
ptolemy.util.test.WatchDog.cancel(): canceling Mon Apr 30 11:57:57 UTC 2018
------------------ testing $PTII/ptolemy/domains/de/test/auto/transferInputsandOutputs.xml
auto.tcl: Setting watchdog for 200 seconds at Mon Apr 30 11:57:57 UTC 2018
2 ms. Memory: 264704K Free: 247967K (94%)
ptolemy.util.test.WatchDog.cancel(): canceling Mon Apr 30 11:57:57 UTC 2018
auto.tcl: Setting watchdog for 200 seconds at Mon Apr 30 11:57:57 UTC 2018
2 ms. Memory: 264704K Free: 247967K (94%)
ptolemy.util.test.WatchDog.cancel(): canceling Mon Apr 30 11:57:57 UTC 2018
------------------ testing $PTII/ptolemy/domains/de/test/auto/triggerType.xml
auto.tcl: Setting watchdog for 200 seconds at Mon Apr 30 11:57:57 UTC 2018
1 ms. Memory: 264192K Free: 250156K (95%)
ptolemy.util.test.WatchDog.cancel(): canceling Mon Apr 30 11:57:57 UTC 2018
auto.tcl: Setting watchdog for 200 seconds at Mon Apr 30 11:57:57 UTC 2018
1 ms. Memory: 264192K Free: 250156K (95%)
ptolemy.util.test.WatchDog.cancel(): canceling Mon Apr 30 11:57:57 UTC 2018
04/30/18 11:57:57
Failed: 0  Total Tests: 192  ((Passed: 187, Newly Passed: 1)  Known Failed: 5) /home/travis/build/icyphy/ptII/ptolemy/domains/de/test
04/30/18 11:57:57
Failed: 0  Total Tests: 192  ((Passed: 187, Newly Passed: 1)  Known Failed: 5) /home/travis/build/icyphy/ptII/ptolemy/domains/de/test
----------------- testing (KnownFailure) /home/travis/build/icyphy/ptII/ptolemy/domains/de/test/auto/knownFailedTests/DESDFClockTest.xml
2007 ms. Memory: 264704K Free: 242503K (92%)
Known Failure: java.lang.reflect.InvocationTargetException
----------------- testing (KnownFailure) /home/travis/build/icyphy/ptII/ptolemy/domains/de/test/auto/knownFailedTests/DirectFeedback.xml
1 ms. Memory: 264704K Free: 227875K (86%)
Known Failure: java.lang.reflect.InvocationTargetException
----------------- testing (KnownFailure) /home/travis/build/icyphy/ptII/ptolemy/domains/de/test/auto/knownFailedTests/FSMSource.xml
4 ms. Memory: 264704K Free: 209581K (79%)
----------------- testing (KnownFailure) /home/travis/build/icyphy/ptII/ptolemy/domains/de/test/auto/knownFailedTests/HierarchicalModel.xml
6 ms. Memory: 264704K Free: 187630K (71%)
Known Failure: java.lang.reflect.InvocationTargetException
----------------- testing (KnownFailure) /home/travis/build/icyphy/ptII/ptolemy/domains/de/test/auto/knownFailedTests/dependencyLoop.xml
2 ms. Memory: 264704K Free: 158336K (60%)
Known Failure: java.lang.reflect.InvocationTargetException
----------------- testing (KnownFailure) /home/travis/build/icyphy/ptII/ptolemy/domains/de/test/auto/knownFailedTests/dependencyLoop2.xml
1 ms. Memory: 264704K Free: 132714K (50%)
Known Failure: java.lang.reflect.InvocationTargetException
No auto/*.xml tests in /home/travis/build/icyphy/ptII/ptolemy/domains/de/test
AutoTests.java: About to close Vertx.
AutoTests.java: Vertx closed.
----------------- testing Mon Apr 30 11:57:59 UTC 2018 /home/travis/build/icyphy/ptII/ptolemy/domains/de/test/auto/ActorDepthCalculation_actorWithoutPorts.xml
1 ms. Memory: 264704K Free: 107108K (40%)
reloadAllAccessors: .ActorDepthCalculation_actorWithoutPorts
----------------- testing Mon Apr 30 11:57:59 UTC 2018 /home/travis/build/icyphy/ptII/ptolemy/domains/de/test/auto/AssemblyLine.xml
2 ms. Memory: 264704K Free: 96133K (36%)
reloadAllAccessors: .AssemblyLine
----------------- testing Mon Apr 30 11:58:00 UTC 2018 /home/travis/build/icyphy/ptII/ptolemy/domains/de/test/auto/CQBug1.xml
0 ms. Memory: 264704K Free: 88822K (34%)
reloadAllAccessors: .CQBug1
----------------- testing Mon Apr 30 11:58:00 UTC 2018 /home/travis/build/icyphy/ptII/ptolemy/domains/de/test/auto/CancelFireAt.xml
1 ms. Memory: 264704K Free: 78753K (30%)
reloadAllAccessors: .CancelFireAt
----------------- testing Mon Apr 30 11:58:00 UTC 2018 /home/travis/build/icyphy/ptII/ptolemy/domains/de/test/auto/CausalityAndComposabilityAnalysis.xml
2 ms. Memory: 256512K Free: 245902K (96%)
reloadAllAccessors: .CausalityAndComposabilityAnalysis
----------------- testing Mon Apr 30 11:58:00 UTC 2018 /home/travis/build/icyphy/ptII/ptolemy/domains/de/test/auto/CausalityInterface1.xml
3 ms. Memory: 256512K Free: 237143K (92%)
reloadAllAccessors: .CausalityInterface1
----------------- testing Mon Apr 30 11:58:00 UTC 2018 /home/travis/build/icyphy/ptII/ptolemy/domains/de/test/auto/CausalityInterface15.xml
1 ms. Memory: 256512K Free: 230123K (90%)
reloadAllAccessors: .CausalityInterface15
----------------- testing Mon Apr 30 11:58:00 UTC 2018 /home/travis/build/icyphy/ptII/ptolemy/domains/de/test/auto/CausalityInterface2.xml
0 ms. Memory: 256512K Free: 223118K (87%)
reloadAllAccessors: .CausalityInterface2
----------------- testing Mon Apr 30 11:58:00 UTC 2018 /home/travis/build/icyphy/ptII/ptolemy/domains/de/test/auto/CausalityInterface3.xml
1 ms. Memory: 256512K Free: 214374K (84%)
reloadAllAccessors: .CausalityInterface3
----------------- testing Mon Apr 30 11:58:00 UTC 2018 /home/travis/build/icyphy/ptII/ptolemy/domains/de/test/auto/ClockDrift.xml
12 ms. Memory: 256512K Free: 198550K (77%)
reloadAllAccessors: .ClockDrift
----------------- testing Mon Apr 30 11:58:00 UTC 2018 /home/travis/build/icyphy/ptII/ptolemy/domains/de/test/auto/ClockDriftAndValueChange.xml
8 ms. Memory: 256512K Free: 184493K (72%)
reloadAllAccessors: .ClockDriftAndValueChange
----------------- testing Mon Apr 30 11:58:00 UTC 2018 /home/travis/build/icyphy/ptII/ptolemy/domains/de/test/auto/ClockDriftChange.xml
7 ms. Memory: 256512K Free: 172211K (67%)
reloadAllAccessors: .ClockDriftChange
----------------- testing Mon Apr 30 11:58:00 UTC 2018 /home/travis/build/icyphy/ptII/ptolemy/domains/de/test/auto/ComposableCausalityAnalysis.xml
1 ms. Memory: 256512K Free: 163461K (64%)
reloadAllAccessors: .ComposableCausalityAnalysis
----------------- testing Mon Apr 30 11:58:00 UTC 2018 /home/travis/build/icyphy/ptII/ptolemy/domains/de/test/auto/DEFixedPointLimitation.xml
1 ms. Memory: 256512K Free: 156440K (61%)
reloadAllAccessors: .DEFixedPointLimitation
----------------- testing Mon Apr 30 11:58:00 UTC 2018 /home/travis/build/icyphy/ptII/ptolemy/domains/de/test/auto/DEScheduleTest.xml
1 ms. Memory: 256512K Free: 151171K (59%)
reloadAllAccessors: .DEScheduleTest
----------------- testing Mon Apr 30 11:58:00 UTC 2018 /home/travis/build/icyphy/ptII/ptolemy/domains/de/test/auto/DEinDEwithStartTimes.xml
2 ms. Memory: 256512K Free: 142408K (56%)
reloadAllAccessors: .DEinDEwithStartTimes
----------------- testing Mon Apr 30 11:58:00 UTC 2018 /home/travis/build/icyphy/ptII/ptolemy/domains/de/test/auto/DEinDEwithStartTimes2.xml
2 ms. Memory: 256512K Free: 131890K (51%)
reloadAllAccessors: .DEinDEwithStartTimes2
----------------- testing Mon Apr 30 11:58:00 UTC 2018 /home/travis/build/icyphy/ptII/ptolemy/domains/de/test/auto/DateDemo.xml
3 ms. Memory: 256512K Free: 117817K (46%)
reloadAllAccessors: .DateDemo
----------------- testing Mon Apr 30 11:58:00 UTC 2018 /home/travis/build/icyphy/ptII/ptolemy/domains/de/test/auto/DateToEvent.xml
2004 ms. Memory: 256512K Free: 98483K (38%)
reloadAllAccessors: .DateToEvent
----------------- testing Mon Apr 30 11:58:02 UTC 2018 /home/travis/build/icyphy/ptII/ptolemy/domains/de/test/auto/DepthTest1.xml
[...]
java.lang.RuntimeException: Execution failed
	at ptolemy.moml.MoMLSimpleApplication$UnloadThread.run(MoMLSimpleApplication.java:402)
Caused by: ptolemy.kernel.util.IllegalActionException: Test fails in iteration 1.
Value was: 1.0. Should have been: 2.0
  in .DirectFeedback.Test
	at ptolemy.actor.lib.Test.fire(Test.java:268)
	at ptolemy.domains.de.kernel.DEDirector._fire(DEDirector.java:1948)
	at ptolemy.domains.de.kernel.DEDirector.fire(DEDirector.java:502)
	at ptolemy.actor.CompositeActor.fire(CompositeActor.java:455)
	at ptolemy.actor.Manager.iterate(Manager.java:851)
	at ptolemy.actor.Manager.execute(Manager.java:369)
	at ptolemy.actor.Manager.run(Manager.java:1263)
	at ptolemy.actor.Manager$PtolemyRunThread.run(Manager.java:1915)
java.lang.RuntimeException: Execution failed
	at ptolemy.moml.MoMLSimpleApplication$UnloadThread.run(MoMLSimpleApplication.java:402)
Caused by: ptolemy.kernel.util.IllegalActionException: Actor is not ready to fire.  Perhaps UpSample.prefire() returned false? Try debugging the actor by selecting "Listen to Actor".  Also, for SDF check moml for tokenConsumptionRate on input.
  in .DESDFClockTest.Play Bell.Copy1:SDF Director and .DESDFClockTest.Play Bell.UpSample
	at ptolemy.actor.sched.StaticSchedulingDirector.fire(StaticSchedulingDirector.java:227)
	at ptolemy.domains.sdf.kernel.SDFDirector.fire(SDFDirector.java:500)
	at ptolemy.actor.CompositeActor.fire(CompositeActor.java:455)
	at ptolemy.domains.de.kernel.DEDirector._fire(DEDirector.java:1948)
	at ptolemy.domains.de.kernel.DEDirector.fire(DEDirector.java:502)
	at ptolemy.actor.CompositeActor.fire(CompositeActor.java:455)
	at ptolemy.actor.Manager.iterate(Manager.java:851)
	at ptolemy.actor.Manager.execute(Manager.java:369)
	at ptolemy.actor.Manager.run(Manager.java:1263)
	at ptolemy.actor.Manager$PtolemyRunThread.run(Manager.java:1915)
java.lang.reflect.InvocationTargetException
	at sun.reflect.NativeConstructorAccessorImpl.newInstance0(Native Method)
	at sun.reflect.NativeConstructorAccessorImpl.newInstance(NativeConstructorAccessorImpl.java:62)
	at sun.reflect.DelegatingConstructorAccessorImpl.newInstance(DelegatingConstructorAccessorImpl.java:45)
	at java.lang.reflect.Constructor.newInstance(Constructor.java:423)
	at ptolemy.util.test.junit.AutoKnownFailedTests.RunModel(AutoKnownFailedTests.java:107)
	at sun.reflect.NativeMethodAccessorImpl.invoke0(Native Method)
	at sun.reflect.NativeMethodAccessorImpl.invoke(NativeMethodAccessorImpl.java:62)
	at sun.reflect.DelegatingMethodAccessorImpl.invoke(DelegatingMethodAccessorImpl.java:43)
	at java.lang.reflect.Method.invoke(Method.java:498)
	at org.junit.runners.model.FrameworkMethod$1.runReflectiveCall(FrameworkMethod.java:44)
	at org.junit.internal.runners.model.ReflectiveCallable.run(ReflectiveCallable.java:15)
	at org.junit.runners.model.FrameworkMethod.invokeExplosively(FrameworkMethod.java:41)
	at junitparams.internal.InvokeParameterisedMethod.evaluate(InvokeParameterisedMethod.java:102)
	at org.junit.internal.runners.statements.FailOnTimeout$1.run(FailOnTimeout.java:28)
Caused by: ptolemy.kernel.util.IllegalActionException: Actor is not ready to fire.  Perhaps UpSample.prefire() returned false? Try debugging the actor by selecting "Listen to Actor".  Also, for SDF check moml for tokenConsumptionRate on input.
  in .DESDFClockTest.Play Bell.Copy1:SDF Director and .DESDFClockTest.Play Bell.UpSample
	at ptolemy.actor.sched.StaticSchedulingDirector.fire(StaticSchedulingDirector.java:227)
	at ptolemy.domains.sdf.kernel.SDFDirector.fire(SDFDirector.java:500)
	at ptolemy.actor.CompositeActor.fire(CompositeActor.java:455)
	at ptolemy.domains.de.kernel.DEDirector._fire(DEDirector.java:1948)
	at ptolemy.domains.de.kernel.DEDirector.fire(DEDirector.java:502)
	at ptolemy.actor.CompositeActor.fire(CompositeActor.java:455)
	at ptolemy.actor.Manager.iterate(Manager.java:851)
	at ptolemy.actor.Manager.execute(Manager.java:369)
	at ptolemy.actor.Manager.run(Manager.java:1263)
	at ptolemy.actor.Manager$PtolemyRunThread.run(Manager.java:1915)
java.lang.RuntimeException: Execution failed
	at ptolemy.moml.MoMLSimpleApplication$UnloadThread.run(MoMLSimpleApplication.java:402)
Caused by: ptolemy.kernel.util.IllegalActionException: Test fails in iteration 1.
Value was: 1.0. Should have been: 2.0
  in .DirectFeedback.Test
	at ptolemy.actor.lib.Test.fire(Test.java:268)
	at ptolemy.domains.de.kernel.DEDirector._fire(DEDirector.java:1948)
	at ptolemy.domains.de.kernel.DEDirector.fire(DEDirector.java:502)
	at ptolemy.actor.CompositeActor.fire(CompositeActor.java:455)
	at ptolemy.actor.Manager.iterate(Manager.java:851)
	at ptolemy.actor.Manager.execute(Manager.java:369)
	at ptolemy.actor.Manager.run(Manager.java:1263)
	at ptolemy.actor.Manager$PtolemyRunThread.run(Manager.java:1915)
java.lang.reflect.InvocationTargetException
	at sun.reflect.NativeConstructorAccessorImpl.newInstance0(Native Method)
	at sun.reflect.NativeConstructorAccessorImpl.newInstance(NativeConstructorAccessorImpl.java:62)
	at sun.reflect.DelegatingConstructorAccessorImpl.newInstance(DelegatingConstructorAccessorImpl.java:45)
	at java.lang.reflect.Constructor.newInstance(Constructor.java:423)
	at ptolemy.util.test.junit.AutoKnownFailedTests.RunModel(AutoKnownFailedTests.java:107)
	at sun.reflect.NativeMethodAccessorImpl.invoke0(Native Method)
	at sun.reflect.NativeMethodAccessorImpl.invoke(NativeMethodAccessorImpl.java:62)
	at sun.reflect.DelegatingMethodAccessorImpl.invoke(DelegatingMethodAccessorImpl.java:43)
	at java.lang.reflect.Method.invoke(Method.java:498)
	at org.junit.runners.model.FrameworkMethod$1.runReflectiveCall(FrameworkMethod.java:44)
	at org.junit.internal.runners.model.ReflectiveCallable.run(ReflectiveCallable.java:15)
	at org.junit.runners.model.FrameworkMethod.invokeExplosively(FrameworkMethod.java:41)
	at junitparams.internal.InvokeParameterisedMethod.evaluate(InvokeParameterisedMethod.java:102)
	at org.junit.internal.runners.statements.FailOnTimeout$1.run(FailOnTimeout.java:28)
Caused by: ptolemy.kernel.util.IllegalActionException: Test fails in iteration 1.
Value was: 1.0. Should have been: 2.0
  in .DirectFeedback.Test
	at ptolemy.actor.lib.Test.fire(Test.java:268)
	at ptolemy.domains.de.kernel.DEDirector._fire(DEDirector.java:1948)
	at ptolemy.domains.de.kernel.DEDirector.fire(DEDirector.java:502)
	at ptolemy.actor.CompositeActor.fire(CompositeActor.java:455)
	at ptolemy.actor.Manager.iterate(Manager.java:851)
	at ptolemy.actor.Manager.execute(Manager.java:369)
	at ptolemy.actor.Manager.run(Manager.java:1263)
	at ptolemy.actor.Manager$PtolemyRunThread.run(Manager.java:1915)
java.lang.RuntimeException: Execution failed
	at ptolemy.moml.MoMLSimpleApplication$UnloadThread.run(MoMLSimpleApplication.java:402)
Caused by: ptolemy.kernel.util.IllegalActionException: Found a zero delay loop containing .HierarchicalModel.A
  in .HierarchicalModel and .HierarchicalModel.A
	at ptolemy.actor.util.CausalityInterfaceForComposites._computeOutputPortDepth(CausalityInterfaceForComposites.java:759)
	at ptolemy.actor.util.CausalityInterfaceForComposites._computeInputDepth(CausalityInterfaceForComposites.java:696)
	at ptolemy.actor.util.CausalityInterfaceForComposites._computeOutputPortDepth(CausalityInterfaceForComposites.java:765)
	at ptolemy.actor.util.CausalityInterfaceForComposites._computeInputDepth(CausalityInterfaceForComposites.java:696)
	at ptolemy.actor.util.CausalityInterfaceForComposites._computeOutputPortDepth(CausalityInterfaceForComposites.java:765)
	at ptolemy.actor.util.CausalityInterfaceForComposites._computeInputDepth(CausalityInterfaceForComposites.java:696)
	at ptolemy.actor.util.CausalityInterfaceForComposites._computeActorDepth(CausalityInterfaceForComposites.java:532)
	at ptolemy.actor.util.CausalityInterfaceForComposites.checkForCycles(CausalityInterfaceForComposites.java:96)
	at ptolemy.domains.de.kernel.DEDirector.preinitialize(DEDirector.java:1337)
	at ptolemy.actor.CompositeActor.preinitialize(CompositeActor.java:1828)
	at ptolemy.actor.Manager.preinitializeAndResolveTypes(Manager.java:1040)
	at ptolemy.actor.Manager.initialize(Manager.java:710)
	at ptolemy.actor.Manager.execute(Manager.java:356)
	at ptolemy.actor.Manager.run(Manager.java:1263)
	at ptolemy.actor.Manager$PtolemyRunThread.run(Manager.java:1915)
java.lang.reflect.InvocationTargetException
	at sun.reflect.NativeConstructorAccessorImpl.newInstance0(Native Method)
	at sun.reflect.NativeConstructorAccessorImpl.newInstance(NativeConstructorAccessorImpl.java:62)
	at sun.reflect.DelegatingConstructorAccessorImpl.newInstance(DelegatingConstructorAccessorImpl.java:45)
	at java.lang.reflect.Constructor.newInstance(Constructor.java:423)
	at ptolemy.util.test.junit.AutoKnownFailedTests.RunModel(AutoKnownFailedTests.java:107)
	at sun.reflect.NativeMethodAccessorImpl.invoke0(Native Method)
	at sun.reflect.NativeMethodAccessorImpl.invoke(NativeMethodAccessorImpl.java:62)
	at sun.reflect.DelegatingMethodAccessorImpl.invoke(DelegatingMethodAccessorImpl.java:43)
	at java.lang.reflect.Method.invoke(Method.java:498)
	at org.junit.runners.model.FrameworkMethod$1.runReflectiveCall(FrameworkMethod.java:44)
	at org.junit.internal.runners.model.ReflectiveCallable.run(ReflectiveCallable.java:15)
	at org.junit.runners.model.FrameworkMethod.invokeExplosively(FrameworkMethod.java:41)
	at junitparams.internal.InvokeParameterisedMethod.evaluate(InvokeParameterisedMethod.java:102)
	at org.junit.internal.runners.statements.FailOnTimeout$1.run(FailOnTimeout.java:28)
Caused by: ptolemy.kernel.util.IllegalActionException: Found a zero delay loop containing .HierarchicalModel.A
  in .HierarchicalModel and .HierarchicalModel.A
	at ptolemy.actor.util.CausalityInterfaceForComposites._computeOutputPortDepth(CausalityInterfaceForComposites.java:759)
	at ptolemy.actor.util.CausalityInterfaceForComposites._computeInputDepth(CausalityInterfaceForComposites.java:696)
	at ptolemy.actor.util.CausalityInterfaceForComposites._computeOutputPortDepth(CausalityInterfaceForComposites.java:765)
	at ptolemy.actor.util.CausalityInterfaceForComposites._computeInputDepth(CausalityInterfaceForComposites.java:696)
	at ptolemy.actor.util.CausalityInterfaceForComposites._computeOutputPortDepth(CausalityInterfaceForComposites.java:765)
	at ptolemy.actor.util.CausalityInterfaceForComposites._computeInputDepth(CausalityInterfaceForComposites.java:696)
	at ptolemy.actor.util.CausalityInterfaceForComposites._computeActorDepth(CausalityInterfaceForComposites.java:532)
	at ptolemy.actor.util.CausalityInterfaceForComposites.checkForCycles(CausalityInterfaceForComposites.java:96)
	at ptolemy.domains.de.kernel.DEDirector.preinitialize(DEDirector.java:1337)
	at ptolemy.actor.CompositeActor.preinitialize(CompositeActor.java:1828)
	at ptolemy.actor.Manager.preinitializeAndResolveTypes(Manager.java:1040)
	at ptolemy.actor.Manager.initialize(Manager.java:710)
	at ptolemy.actor.Manager.execute(Manager.java:356)
	at ptolemy.actor.Manager.run(Manager.java:1263)
	at ptolemy.actor.Manager$PtolemyRunThread.run(Manager.java:1915)
java.lang.RuntimeException: Execution failed
	at ptolemy.moml.MoMLSimpleApplication$UnloadThread.run(MoMLSimpleApplication.java:402)
Caused by: ptolemy.kernel.util.IllegalActionException: Found a zero delay loop containing .dependencyLoop.original
  in .dependencyLoop and .dependencyLoop.original
	at ptolemy.actor.util.CausalityInterfaceForComposites._computeOutputPortDepth(CausalityInterfaceForComposites.java:759)
	at ptolemy.actor.util.CausalityInterfaceForComposites._computeInputDepth(CausalityInterfaceForComposites.java:696)
	at ptolemy.actor.util.CausalityInterfaceForComposites._computeOutputPortDepth(CausalityInterfaceForComposites.java:765)
	at ptolemy.actor.util.CausalityInterfaceForComposites._computeInputDepth(CausalityInterfaceForComposites.java:696)
	at ptolemy.actor.util.CausalityInterfaceForComposites._computeOutputPortDepth(CausalityInterfaceForComposites.java:765)
	at ptolemy.actor.util.CausalityInterfaceForComposites._computeInputDepth(CausalityInterfaceForComposites.java:696)
	at ptolemy.actor.util.CausalityInterfaceForComposites._computeActorDepth(CausalityInterfaceForComposites.java:532)
	at ptolemy.actor.util.CausalityInterfaceForComposites.checkForCycles(CausalityInterfaceForComposites.java:96)
	at ptolemy.domains.de.kernel.DEDirector.preinitialize(DEDirector.java:1337)
	at ptolemy.actor.CompositeActor.preinitialize(CompositeActor.java:1828)
	at ptolemy.actor.Manager.preinitializeAndResolveTypes(Manager.java:1040)
	at ptolemy.actor.Manager.initialize(Manager.java:710)
	at ptolemy.actor.Manager.execute(Manager.java:356)
	at ptolemy.actor.Manager.run(Manager.java:1263)
	at ptolemy.actor.Manager$PtolemyRunThread.run(Manager.java:1915)
java.lang.reflect.InvocationTargetException
	at sun.reflect.NativeConstructorAccessorImpl.newInstance0(Native Method)
	at sun.reflect.NativeConstructorAccessorImpl.newInstance(NativeConstructorAccessorImpl.java:62)
	at sun.reflect.DelegatingConstructorAccessorImpl.newInstance(DelegatingConstructorAccessorImpl.java:45)
	at java.lang.reflect.Constructor.newInstance(Constructor.java:423)
	at ptolemy.util.test.junit.AutoKnownFailedTests.RunModel(AutoKnownFailedTests.java:107)
	at sun.reflect.NativeMethodAccessorImpl.invoke0(Native Method)
	at sun.reflect.NativeMethodAccessorImpl.invoke(NativeMethodAccessorImpl.java:62)
	at sun.reflect.DelegatingMethodAccessorImpl.invoke(DelegatingMethodAccessorImpl.java:43)
	at java.lang.reflect.Method.invoke(Method.java:498)
	at org.junit.runners.model.FrameworkMethod$1.runReflectiveCall(FrameworkMethod.java:44)
	at org.junit.internal.runners.model.ReflectiveCallable.run(ReflectiveCallable.java:15)
	at org.junit.runners.model.FrameworkMethod.invokeExplosively(FrameworkMethod.java:41)
	at junitparams.internal.InvokeParameterisedMethod.evaluate(InvokeParameterisedMethod.java:102)
	at org.junit.internal.runners.statements.FailOnTimeout$1.run(FailOnTimeout.java:28)
Caused by: ptolemy.kernel.util.IllegalActionException: Found a zero delay loop containing .dependencyLoop.original
  in .dependencyLoop and .dependencyLoop.original
	at ptolemy.actor.util.CausalityInterfaceForComposites._computeOutputPortDepth(CausalityInterfaceForComposites.java:759)
	at ptolemy.actor.util.CausalityInterfaceForComposites._computeInputDepth(CausalityInterfaceForComposites.java:696)
	at ptolemy.actor.util.CausalityInterfaceForComposites._computeOutputPortDepth(CausalityInterfaceForComposites.java:765)
	at ptolemy.actor.util.CausalityInterfaceForComposites._computeInputDepth(CausalityInterfaceForComposites.java:696)
	at ptolemy.actor.util.CausalityInterfaceForComposites._computeOutputPortDepth(CausalityInterfaceForComposites.java:765)
	at ptolemy.actor.util.CausalityInterfaceForComposites._computeInputDepth(CausalityInterfaceForComposites.java:696)
	at ptolemy.actor.util.CausalityInterfaceForComposites._computeActorDepth(CausalityInterfaceForComposites.java:532)
	at ptolemy.actor.util.CausalityInterfaceForComposites.checkForCycles(CausalityInterfaceForComposites.java:96)
	at ptolemy.domains.de.kernel.DEDirector.preinitialize(DEDirector.java:1337)
	at ptolemy.actor.CompositeActor.preinitialize(CompositeActor.java:1828)
	at ptolemy.actor.Manager.preinitializeAndResolveTypes(Manager.java:1040)
	at ptolemy.actor.Manager.initialize(Manager.java:710)
	at ptolemy.actor.Manager.execute(Manager.java:356)
	at ptolemy.actor.Manager.run(Manager.java:1263)
	at ptolemy.actor.Manager$PtolemyRunThread.run(Manager.java:1915)
java.lang.RuntimeException: Execution failed
	at ptolemy.moml.MoMLSimpleApplication$UnloadThread.run(MoMLSimpleApplication.java:402)
Caused by: ptolemy.kernel.util.IllegalActionException: Found a zero delay loop containing .dependencyLoop2.original
  in .dependencyLoop2 and .dependencyLoop2.original
	at ptolemy.actor.util.CausalityInterfaceForComposites._computeOutputPortDepth(CausalityInterfaceForComposites.java:759)
	at ptolemy.actor.util.CausalityInterfaceForComposites._computeInputDepth(CausalityInterfaceForComposites.java:696)
	at ptolemy.actor.util.CausalityInterfaceForComposites._computeOutputPortDepth(CausalityInterfaceForComposites.java:765)
	at ptolemy.actor.util.CausalityInterfaceForComposites._computeInputDepth(CausalityInterfaceForComposites.java:696)
	at ptolemy.actor.util.CausalityInterfaceForComposites._computeOutputPortDepth(CausalityInterfaceForComposites.java:765)
	at ptolemy.actor.util.CausalityInterfaceForComposites._computeInputDepth(CausalityInterfaceForComposites.java:696)
	at ptolemy.actor.util.CausalityInterfaceForComposites._computeActorDepth(CausalityInterfaceForComposites.java:532)
	at ptolemy.actor.util.CausalityInterfaceForComposites.checkForCycles(CausalityInterfaceForComposites.java:96)
	at ptolemy.domains.de.kernel.DEDirector.preinitialize(DEDirector.java:1337)
	at ptolemy.actor.CompositeActor.preinitialize(CompositeActor.java:1828)
	at ptolemy.actor.Manager.preinitializeAndResolveTypes(Manager.java:1040)
	at ptolemy.actor.Manager.initialize(Manager.java:710)
	at ptolemy.actor.Manager.execute(Manager.java:356)
	at ptolemy.actor.Manager.run(Manager.java:1263)
	at ptolemy.actor.Manager$PtolemyRunThread.run(Manager.java:1915)
java.lang.reflect.InvocationTargetException
	at sun.reflect.NativeConstructorAccessorImpl.newInstance0(Native Method)
	at sun.reflect.NativeConstructorAccessorImpl.newInstance(NativeConstructorAccessorImpl.java:62)
	at sun.reflect.DelegatingConstructorAccessorImpl.newInstance(DelegatingConstructorAccessorImpl.java:45)
	at java.lang.reflect.Constructor.newInstance(Constructor.java:423)
	at ptolemy.util.test.junit.AutoKnownFailedTests.RunModel(AutoKnownFailedTests.java:107)
	at sun.reflect.NativeMethodAccessorImpl.invoke0(Native Method)
	at sun.reflect.NativeMethodAccessorImpl.invoke(NativeMethodAccessorImpl.java:62)
	at sun.reflect.DelegatingMethodAccessorImpl.invoke(DelegatingMethodAccessorImpl.java:43)
	at java.lang.reflect.Method.invoke(Method.java:498)
	at org.junit.runners.model.FrameworkMethod$1.runReflectiveCall(FrameworkMethod.java:44)
	at org.junit.internal.runners.model.ReflectiveCallable.run(ReflectiveCallable.java:15)
	at org.junit.runners.model.FrameworkMethod.invokeExplosively(FrameworkMethod.java:41)
	at junitparams.internal.InvokeParameterisedMethod.evaluate(InvokeParameterisedMethod.java:102)
	at org.junit.internal.runners.statements.FailOnTimeout$1.run(FailOnTimeout.java:28)
Caused by: ptolemy.kernel.util.IllegalActionException: Found a zero delay loop containing .dependencyLoop2.original
  in .dependencyLoop2 and .dependencyLoop2.original
	at ptolemy.actor.util.CausalityInterfaceForComposites._computeOutputPortDepth(CausalityInterfaceForComposites.java:759)
	at ptolemy.actor.util.CausalityInterfaceForComposites._computeInputDepth(CausalityInterfaceForComposites.java:696)
	at ptolemy.actor.util.CausalityInterfaceForComposites._computeOutputPortDepth(CausalityInterfaceForComposites.java:765)
	at ptolemy.actor.util.CausalityInterfaceForComposites._computeInputDepth(CausalityInterfaceForComposites.java:696)
	at ptolemy.actor.util.CausalityInterfaceForComposites._computeOutputPortDepth(CausalityInterfaceForComposites.java:765)
	at ptolemy.actor.util.CausalityInterfaceForComposites._computeInputDepth(CausalityInterfaceForComposites.java:696)
	at ptolemy.actor.util.CausalityInterfaceForComposites._computeActorDepth(CausalityInterfaceForComposites.java:532)
	at ptolemy.actor.util.CausalityInterfaceForComposites.checkForCycles(CausalityInterfaceForComposites.java:96)
	at ptolemy.domains.de.kernel.DEDirector.preinitialize(DEDirector.java:1337)
	at ptolemy.actor.CompositeActor.preinitialize(CompositeActor.java:1828)
	at ptolemy.actor.Manager.preinitializeAndResolveTypes(Manager.java:1040)
	at ptolemy.actor.Manager.initialize(Manager.java:710)
	at ptolemy.actor.Manager.execute(Manager.java:356)
	at ptolemy.actor.Manager.run(Manager.java:1263)
	at ptolemy.actor.Manager$PtolemyRunThread.run(Manager.java:1915)
]]></system-err>
</testsuite>
