<?xml version="1.0" encoding="UTF-8" ?>
<testsuite errors="0" failures="0" hostname="travis-job-5b16b9eb-3e02-4f67-b450-a5c373700437" name="ptolemy.domains.sdf.test.junit.JUnitTclTest" skipped="0" tests="66" time="21.938" timestamp="2018-05-25T01:23:40">
  <properties>
[...]
</properties>
  <testcase classname="ptolemy.util.test.junit.TclTests" name="[0] /home/travis/build/icyphy/ptII/ptolemy/domains/sdf/test/SDFSchedulerErrors.tcl (RunTclFile)" time="0.726" />
  <testcase classname="ptolemy.util.test.junit.TclTests" name="[1] /home/travis/build/icyphy/ptII/ptolemy/domains/sdf/test/composition.tcl (RunTclFile)" time="0.169" />
  <testcase classname="ptolemy.util.test.junit.TclTests" name="[2] /home/travis/build/icyphy/ptII/ptolemy/domains/sdf/test/cycle.tcl (RunTclFile)" time="0.033" />
  <testcase classname="ptolemy.util.test.junit.AutoKnownFailedTests" name="[0] ThereAreNoKnowFailedTests (RunModel)" time="0.0" />
  <testcase classname="ptolemy.util.test.junit.AutoNameArchTests" name="[0] ThereAreNoAutoTests (RunModel)" time="0.0" />
  <testcase classname="ptolemy.util.test.junit.AutoTests" name="[0] /home/travis/build/icyphy/ptII/ptolemy/domains/sdf/test/auto/Array.xml (RunModel)" time="0.223" />
  <testcase classname="ptolemy.util.test.junit.AutoTests" name="[1] /home/travis/build/icyphy/ptII/ptolemy/domains/sdf/test/auto/Butterfly.xml (RunModel)" time="0.173" />
  <testcase classname="ptolemy.util.test.junit.AutoTests" name="[2] /home/travis/build/icyphy/ptII/ptolemy/domains/sdf/test/auto/Expression.xml (RunModel)" time="0.123" />
  <testcase classname="ptolemy.util.test.junit.AutoTests" name="[3] /home/travis/build/icyphy/ptII/ptolemy/domains/sdf/test/auto/Eye.xml (RunModel)" time="0.392" />
  <testcase classname="ptolemy.util.test.junit.AutoTests" name="[4] /home/travis/build/icyphy/ptII/ptolemy/domains/sdf/test/auto/FixFIR.xml (RunModel)" time="0.404" />
  <testcase classname="ptolemy.util.test.junit.AutoTests" name="[5] /home/travis/build/icyphy/ptII/ptolemy/domains/sdf/test/auto/FixPoint.xml (RunModel)" time="0.044" />
  <testcase classname="ptolemy.util.test.junit.AutoTests" name="[6] /home/travis/build/icyphy/ptII/ptolemy/domains/sdf/test/auto/Gravitation.xml (RunModel)" time="3.385" />
  <testcase classname="ptolemy.util.test.junit.AutoTests" name="[7] /home/travis/build/icyphy/ptII/ptolemy/domains/sdf/test/auto/GravitationWithCollisionDetection.xml (RunModel)" time="7.364" />
  <testcase classname="ptolemy.util.test.junit.AutoTests" name="[8] /home/travis/build/icyphy/ptII/ptolemy/domains/sdf/test/auto/HDF.xml (RunModel)" time="0.174" />
  <testcase classname="ptolemy.util.test.junit.AutoTests" name="[9] /home/travis/build/icyphy/ptII/ptolemy/domains/sdf/test/auto/HDFwithTransientStates.xml (RunModel)" time="0.145" />
  <testcase classname="ptolemy.util.test.junit.AutoTests" name="[10] /home/travis/build/icyphy/ptII/ptolemy/domains/sdf/test/auto/HTVQ.xml (RunModel)" time="0.822" />
  <testcase classname="ptolemy.util.test.junit.AutoTests" name="[11] /home/travis/build/icyphy/ptII/ptolemy/domains/sdf/test/auto/InferInitProduction.xml (RunModel)" time="0.027" />
  <testcase classname="ptolemy.util.test.junit.AutoTests" name="[12] /home/travis/build/icyphy/ptII/ptolemy/domains/sdf/test/auto/InferInitProductionDeeper.xml (RunModel)" time="0.04" />
  <testcase classname="ptolemy.util.test.junit.AutoTests" name="[13] /home/travis/build/icyphy/ptII/ptolemy/domains/sdf/test/auto/LMSAdaptive.xml (RunModel)" time="0.099" />
  <testcase classname="ptolemy.util.test.junit.AutoTests" name="[14] /home/travis/build/icyphy/ptII/ptolemy/domains/sdf/test/auto/LogisticMap.xml (RunModel)" time="0.465" />
  <testcase classname="ptolemy.util.test.junit.AutoTests" name="[15] /home/travis/build/icyphy/ptII/ptolemy/domains/sdf/test/auto/MaximumEntropySpectrum.xml (RunModel)" time="0.357" />
  <testcase classname="ptolemy.util.test.junit.AutoTests" name="[16] /home/travis/build/icyphy/ptII/ptolemy/domains/sdf/test/auto/MultirateSDF.xml (RunModel)" time="0.074" />
  <testcase classname="ptolemy.util.test.junit.AutoTests" name="[17] /home/travis/build/icyphy/ptII/ptolemy/domains/sdf/test/auto/MultirateSDFwithTransientStates.xml (RunModel)" time="0.108" />
  <testcase classname="ptolemy.util.test.junit.AutoTests" name="[18] /home/travis/build/icyphy/ptII/ptolemy/domains/sdf/test/auto/NoisySinewave.xml (RunModel)" time="0.084" />
  <testcase classname="ptolemy.util.test.junit.AutoTests" name="[19] /home/travis/build/icyphy/ptII/ptolemy/domains/sdf/test/auto/Objects.xml (RunModel)" time="0.061" />
  <testcase classname="ptolemy.util.test.junit.AutoTests" name="[20] /home/travis/build/icyphy/ptII/ptolemy/domains/sdf/test/auto/OrthogonalCom.xml (RunModel)" time="0.061" />
  <testcase classname="ptolemy.util.test.junit.AutoTests" name="[21] /home/travis/build/icyphy/ptII/ptolemy/domains/sdf/test/auto/RijndaelEncryption.xml (RunModel)" time="0.672" />
  <testcase classname="ptolemy.util.test.junit.AutoTests" name="[22] /home/travis/build/icyphy/ptII/ptolemy/domains/sdf/test/auto/SDFEmptyIterations.xml (RunModel)" time="0.018" />
  <testcase classname="ptolemy.util.test.junit.AutoTests" name="[23] /home/travis/build/icyphy/ptII/ptolemy/domains/sdf/test/auto/Spectrum.xml (RunModel)" time="0.111" />
  <testcase classname="ptolemy.util.test.junit.AutoTests" name="[24] /home/travis/build/icyphy/ptII/ptolemy/domains/sdf/test/auto/de_inside_sdf.xml (RunModel)" time="0.034" />
  <testcase classname="ptolemy.util.test.junit.AutoTests" name="[25] /home/travis/build/icyphy/ptII/ptolemy/domains/sdf/test/auto/disconnectedHierarchicalSDF.xml (RunModel)" time="0.032" />
  <testcase classname="ptolemy.util.test.junit.AutoTests" name="[26] /home/travis/build/icyphy/ptII/ptolemy/domains/sdf/test/auto/disconnectedSDF.xml (RunModel)" time="0.024" />
  <testcase classname="ptolemy.util.test.junit.AutoTests" name="[27] /home/travis/build/icyphy/ptII/ptolemy/domains/sdf/test/auto/emptyRefinement.xml (RunModel)" time="0.027" />
  <testcase classname="ptolemy.util.test.junit.AutoTests" name="[28] /home/travis/build/icyphy/ptII/ptolemy/domains/sdf/test/auto/filePortParameter.xml (RunModel)" time="0.051" />
  <testcase classname="ptolemy.util.test.junit.AutoTests" name="[29] /home/travis/build/icyphy/ptII/ptolemy/domains/sdf/test/auto/inferRelationWidth1.xml (RunModel)" time="0.023" />
  <testcase classname="ptolemy.util.test.junit.AutoTests" name="[30] /home/travis/build/icyphy/ptII/ptolemy/domains/sdf/test/auto/initProductionInference.xml (RunModel)" time="0.026" />
  <testcase classname="ptolemy.util.test.junit.AutoTests" name="[31] /home/travis/build/icyphy/ptII/ptolemy/domains/sdf/test/auto/relationGroup.xml (RunModel)" time="0.02" />
  <testcase classname="ptolemy.util.test.junit.AutoTests" name="[32] /home/travis/build/icyphy/ptII/ptolemy/domains/sdf/test/auto/relationGroup10.xml (RunModel)" time="0.017" />
  <testcase classname="ptolemy.util.test.junit.AutoTests" name="[33] /home/travis/build/icyphy/ptII/ptolemy/domains/sdf/test/auto/relationGroup11.xml (RunModel)" time="0.02" />
  <testcase classname="ptolemy.util.test.junit.AutoTests" name="[34] /home/travis/build/icyphy/ptII/ptolemy/domains/sdf/test/auto/relationGroup12.xml (RunModel)" time="0.018" />
  <testcase classname="ptolemy.util.test.junit.AutoTests" name="[35] /home/travis/build/icyphy/ptII/ptolemy/domains/sdf/test/auto/relationGroup13.xml (RunModel)" time="0.024" />
  <testcase classname="ptolemy.util.test.junit.AutoTests" name="[36] /home/travis/build/icyphy/ptII/ptolemy/domains/sdf/test/auto/relationGroup14.xml (RunModel)" time="0.018" />
  <testcase classname="ptolemy.util.test.junit.AutoTests" name="[37] /home/travis/build/icyphy/ptII/ptolemy/domains/sdf/test/auto/relationGroup15.xml (RunModel)" time="0.016" />
  <testcase classname="ptolemy.util.test.junit.AutoTests" name="[38] /home/travis/build/icyphy/ptII/ptolemy/domains/sdf/test/auto/relationGroup2.xml (RunModel)" time="0.011" />
  <testcase classname="ptolemy.util.test.junit.AutoTests" name="[39] /home/travis/build/icyphy/ptII/ptolemy/domains/sdf/test/auto/relationGroup3.xml (RunModel)" time="0.009" />
  <testcase classname="ptolemy.util.test.junit.AutoTests" name="[40] /home/travis/build/icyphy/ptII/ptolemy/domains/sdf/test/auto/relationGroup4.xml (RunModel)" time="0.018" />
  <testcase classname="ptolemy.util.test.junit.AutoTests" name="[41] /home/travis/build/icyphy/ptII/ptolemy/domains/sdf/test/auto/relationGroup5.xml (RunModel)" time="0.022" />
  <testcase classname="ptolemy.util.test.junit.AutoTests" name="[42] /home/travis/build/icyphy/ptII/ptolemy/domains/sdf/test/auto/relationGroup6.xml (RunModel)" time="0.017" />
  <testcase classname="ptolemy.util.test.junit.AutoTests" name="[43] /home/travis/build/icyphy/ptII/ptolemy/domains/sdf/test/auto/relationGroup7.xml (RunModel)" time="0.013" />
  <testcase classname="ptolemy.util.test.junit.AutoTests" name="[44] /home/travis/build/icyphy/ptII/ptolemy/domains/sdf/test/auto/relationGroup8.xml (RunModel)" time="0.019" />
  <testcase classname="ptolemy.util.test.junit.AutoTests" name="[45] /home/travis/build/icyphy/ptII/ptolemy/domains/sdf/test/auto/relationGroup9.xml (RunModel)" time="0.019" />
  <testcase classname="ptolemy.util.test.junit.AutoTests" name="[46] /home/travis/build/icyphy/ptII/ptolemy/domains/sdf/test/auto/sdf_inside_de.xml (RunModel)" time="0.052" />
  <testcase classname="ptolemy.util.test.junit.AutoTests" name="[47] /home/travis/build/icyphy/ptII/ptolemy/domains/sdf/test/auto/sdf_inside_pn.xml (RunModel)" time="0.075" />
  <testcase classname="ptolemy.util.test.junit.AutoTests" name="[48] /home/travis/build/icyphy/ptII/ptolemy/domains/sdf/test/auto/sdf_sdf1.xml (RunModel)" time="0.025" />
  <testcase classname="ptolemy.util.test.junit.AutoTests" name="[49] /home/travis/build/icyphy/ptII/ptolemy/domains/sdf/test/auto/test1.xml (RunModel)" time="0.029" />
  <testcase classname="ptolemy.util.test.junit.AutoTests" name="[50] /home/travis/build/icyphy/ptII/ptolemy/domains/sdf/test/auto/time1.xml (RunModel)" time="0.017" />
  <testcase classname="ptolemy.util.test.junit.AutoTests" name="[51] /home/travis/build/icyphy/ptII/ptolemy/domains/sdf/test/auto/time2.xml (RunModel)" time="0.011" />
  <testcase classname="ptolemy.util.test.junit.AutoTests" name="[52] /home/travis/build/icyphy/ptII/ptolemy/domains/sdf/test/auto/time3.xml (RunModel)" time="0.024" />
  <testcase classname="ptolemy.util.test.junit.AutoTests" name="[53] /home/travis/build/icyphy/ptII/ptolemy/domains/sdf/test/auto/time4.xml (RunModel)" time="0.023" />
  <testcase classname="ptolemy.util.test.junit.AutoTests" name="[54] /home/travis/build/icyphy/ptII/ptolemy/domains/sdf/test/auto/time5.xml (RunModel)" time="4.012" />
  <testcase classname="ptolemy.util.test.junit.AutoTests" name="[55] /home/travis/build/icyphy/ptII/ptolemy/domains/sdf/test/auto/typeSystem_Const_Integer_smallest_Type.xml (RunModel)" time="0.027" />
  <testcase classname="ptolemy.util.test.junit.AutoTests" name="[56] /home/travis/build/icyphy/ptII/ptolemy/domains/sdf/test/auto/typeSystem_declared_Inports_OutportTypeException.xml (RunModel)" time="0.018" />
  <testcase classname="ptolemy.util.test.junit.AutoTests" name="[57] /home/travis/build/icyphy/ptII/ptolemy/domains/sdf/test/auto/typeSystem_oneDeclaredInportType_wrongTypeOutport.xml (RunModel)" time="0.015" />
  <testcase classname="ptolemy.util.test.junit.AutoTests" name="[58] /home/travis/build/icyphy/ptII/ptolemy/domains/sdf/test/auto/width.xml (RunModel)" time="0.011" />
  <testcase classname="ptolemy.util.test.junit.AutoTests" name="[59] /home/travis/build/icyphy/ptII/ptolemy/domains/sdf/test/auto/width2.xml (RunModel)" time="0.036" />
  <testcase classname="ptolemy.util.test.junit.AutoTests" name="[60] /home/travis/build/icyphy/ptII/ptolemy/domains/sdf/test/auto/width3.xml (RunModel)" time="0.034" />
  <system-out><![CDATA[/home/travis/build/icyphy/ptII/ptolemy/domains/sdf/test/SDFSchedulerErrors.tcl
testDefs.tcl: setting time out to 9000 seconds at Fri May 25 01:23:40 UTC 2018
21 ms. Memory: 116224K Free: 106823K (92%)
6 ms. Memory: 116224K Free: 99758K (86%)
5 ms. Memory: 116224K Free: 92750K (80%)
3 ms. Memory: 116224K Free: 89686K (77%)
/home/travis/build/icyphy/ptII/ptolemy/domains/sdf/test/composition.tcl
47 ms. Memory: 116224K Free: 86013K (74%)
7 ms. Memory: 116224K Free: 84194K (72%)
/home/travis/build/icyphy/ptII/ptolemy/domains/sdf/test/cycle.tcl
.Toplevel.Director Preinitializing ...
Invoking preinitialize():  .Toplevel.Actor1
Invoking preinitialize():  .Toplevel.Actor2
Invoking preinitialize():  .Toplevel.Delay
.Toplevel.Director Finished preinitialize().
### Schedule:
Execute Schedule{
Fire Actor ptolemy.domains.sdf.kernel.test.SDFTestDelay {.Toplevel.Actor1}
Fire Actor ptolemy.domains.sdf.kernel.test.SDFTestDelay {.Toplevel.Actor2}
Fire Actor ptolemy.domains.sdf.lib.SampleDelay {.Toplevel.Delay}
}
### End schedule
Called initialize().
Invoking initialize():  .Toplevel.Actor1
Initializing actor: .Toplevel.Actor1.
Invoking initialize():  .Toplevel.Actor2
Initializing actor: .Toplevel.Actor2.
Invoking initialize():  .Toplevel.Delay
Initializing actor: .Toplevel.Delay.
Director: Called prefire().
-- Setting current time to 0.0
Director prefire returns true.
The actor .Toplevel.Actor1 will be iterated.
The actor .Toplevel.Actor1 was iterated.
The actor .Toplevel.Actor2 will be iterated.
The actor .Toplevel.Actor2 was iterated.
The actor .Toplevel.Delay will be iterated.
The actor .Toplevel.Delay was iterated.
Director: Called postfire().
Postfire returns: true
Director: Called prefire().
-- Setting current time to 0.0
Director prefire returns true.
The actor .Toplevel.Actor1 will be iterated.
The actor .Toplevel.Actor1 was iterated.
The actor .Toplevel.Actor2 will be iterated.
The actor .Toplevel.Actor2 was iterated.
The actor .Toplevel.Delay will be iterated.
The actor .Toplevel.Delay was iterated.
Director: Called postfire().
Postfire returns: true
Director: Called prefire().
-- Setting current time to 0.0
Director prefire returns true.
The actor .Toplevel.Actor1 will be iterated.
The actor .Toplevel.Actor1 was iterated.
The actor .Toplevel.Actor2 will be iterated.
The actor .Toplevel.Actor2 was iterated.
The actor .Toplevel.Delay will be iterated.
The actor .Toplevel.Delay was iterated.
Director: Called postfire().
Postfire returns: true
Director: Called prefire().
-- Setting current time to 0.0
Director prefire returns true.
The actor .Toplevel.Actor1 will be iterated.
The actor .Toplevel.Actor1 was iterated.
The actor .Toplevel.Actor2 will be iterated.
The actor .Toplevel.Actor2 was iterated.
The actor .Toplevel.Delay will be iterated.
The actor .Toplevel.Delay was iterated.
Director: Called postfire().
Postfire returns: true
Director: Called prefire().
-- Setting current time to 0.0
Director prefire returns true.
The actor .Toplevel.Actor1 will be iterated.
The actor .Toplevel.Actor1 was iterated.
The actor .Toplevel.Actor2 will be iterated.
The actor .Toplevel.Actor2 was iterated.
The actor .Toplevel.Delay will be iterated.
The actor .Toplevel.Delay was iterated.
Director: Called postfire().
Postfire returns: true
Director: Called prefire().
-- Setting current time to 0.0
Director prefire returns true.
The actor .Toplevel.Actor1 will be iterated.
The actor .Toplevel.Actor1 was iterated.
The actor .Toplevel.Actor2 will be iterated.
The actor .Toplevel.Actor2 was iterated.
The actor .Toplevel.Delay will be iterated.
The actor .Toplevel.Delay was iterated.
Reached specified number of iterations: 6
Director: Called wrapup().
9 ms. Memory: 116224K Free: 81764K (70%)
05/25/18 01:23:41
Failed: 0  Total Tests: 8  ((Passed: 8, Newly Passed: 0)  Known Failed: 0) /home/travis/build/icyphy/ptII/ptolemy/domains/sdf/test
No auto/knownFailedTests/*.xml tests in /home/travis/build/icyphy/ptII/ptolemy/domains/sdf/test
No auto/*.xml tests in /home/travis/build/icyphy/ptII/ptolemy/domains/sdf/test
AutoTests.java: About to close Vertx.
AutoTests.java: Vertx closed.
----------------- testing Fri May 25 01:23:41 UTC 2018 /home/travis/build/icyphy/ptII/ptolemy/domains/sdf/test/auto/Array.xml
----------------- Instantiating /home/travis/build/icyphy/ptII/ptolemy/domains/sdf/test/auto/Array.xml
39 ms. Memory: 116224K Free: 102858K (88%)
----------------- Invoking toplevel() on ptolemy.moml.MoMLSimpleApplication@57ef155e
----------------- Done invoking toplevel() on ptolemy.moml.MoMLSimpleApplication@57ef155e
reloadAllAccessors: .Array
----------------- testing Fri May 25 01:23:42 UTC 2018 /home/travis/build/icyphy/ptII/ptolemy/domains/sdf/test/auto/Butterfly.xml
----------------- Instantiating /home/travis/build/icyphy/ptII/ptolemy/domains/sdf/test/auto/Butterfly.xml
106 ms. Memory: 116224K Free: 96780K (83%)
----------------- Invoking toplevel() on ptolemy.moml.MoMLSimpleApplication@448bc7de
----------------- Done invoking toplevel() on ptolemy.moml.MoMLSimpleApplication@448bc7de
reloadAllAccessors: .Butterfly
----------------- testing Fri May 25 01:23:42 UTC 2018 /home/travis/build/icyphy/ptII/ptolemy/domains/sdf/test/auto/Expression.xml
----------------- Instantiating /home/travis/build/icyphy/ptII/ptolemy/domains/sdf/test/auto/Expression.xml
95 ms. Memory: 116224K Free: 91287K (79%)
----------------- Invoking toplevel() on ptolemy.moml.MoMLSimpleApplication@2646346c
----------------- Done invoking toplevel() on ptolemy.moml.MoMLSimpleApplication@2646346c
reloadAllAccessors: .Expression
----------------- testing Fri May 25 01:23:42 UTC 2018 /home/travis/build/icyphy/ptII/ptolemy/domains/sdf/test/auto/Eye.xml
----------------- Instantiating /home/travis/build/icyphy/ptII/ptolemy/domains/sdf/test/auto/Eye.xml
216 ms. Memory: 146944K Free: 126379K (86%)
----------------- Invoking toplevel() on ptolemy.moml.MoMLSimpleApplication@7aca30e9
----------------- Done invoking toplevel() on ptolemy.moml.MoMLSimpleApplication@7aca30e9
reloadAllAccessors: .Eye
----------------- testing Fri May 25 01:23:42 UTC 2018 /home/travis/build/icyphy/ptII/ptolemy/domains/sdf/test/auto/FixFIR.xml
----------------- Instantiating /home/travis/build/icyphy/ptII/ptolemy/domains/sdf/test/auto/FixFIR.xml
153 ms. Memory: 146944K Free: 89721K (61%)
----------------- Invoking toplevel() on ptolemy.moml.MoMLSimpleApplication@6d51465
----------------- Done invoking toplevel() on ptolemy.moml.MoMLSimpleApplication@6d51465
reloadAllAccessors: .FixFIR
----------------- testing Fri May 25 01:23:43 UTC 2018 /home/travis/build/icyphy/ptII/ptolemy/domains/sdf/test/auto/FixPoint.xml
----------------- Instantiating /home/travis/build/icyphy/ptII/ptolemy/domains/sdf/test/auto/FixPoint.xml
14 ms. Memory: 146944K Free: 85283K (58%)
----------------- Invoking toplevel() on ptolemy.moml.MoMLSimpleApplication@119368d8
----------------- Done invoking toplevel() on ptolemy.moml.MoMLSimpleApplication@119368d8
reloadAllAccessors: .FixPoint
----------------- testing Fri May 25 01:23:43 UTC 2018 /home/travis/build/icyphy/ptII/ptolemy/domains/sdf/test/auto/Gravitation.xml
----------------- Instantiating /home/travis/build/icyphy/ptII/ptolemy/domains/sdf/test/auto/Gravitation.xml
3247 ms. Memory: 209920K Free: 174238K (83%)
----------------- Invoking toplevel() on ptolemy.moml.MoMLSimpleApplication@3a954ab3
----------------- Done invoking toplevel() on ptolemy.moml.MoMLSimpleApplication@3a954ab3
reloadAllAccessors: .Gravitation
----------------- testing Fri May 25 01:23:46 UTC 2018 /home/travis/build/icyphy/ptII/ptolemy/domains/sdf/test/auto/GravitationWithCollisionDetection.xml
----------------- Instantiating /home/travis/build/icyphy/ptII/ptolemy/domains/sdf/test/auto/GravitationWithCollisionDetection.xml
7055 ms. Memory: 677888K Free: 657439K (97%)
----------------- Invoking toplevel() on ptolemy.moml.MoMLSimpleApplication@46c6fda7
----------------- Done invoking toplevel() on ptolemy.moml.MoMLSimpleApplication@46c6fda7
reloadAllAccessors: .GravitationWithCollisionDetection
----------------- testing Fri May 25 01:23:54 UTC 2018 /home/travis/build/icyphy/ptII/ptolemy/domains/sdf/test/auto/HDF.xml
----------------- Instantiating /home/travis/build/icyphy/ptII/ptolemy/domains/sdf/test/auto/HDF.xml
53 ms. Memory: 677888K Free: 633378K (93%)
----------------- Invoking toplevel() on ptolemy.moml.MoMLSimpleApplication@4660ab11
----------------- Done invoking toplevel() on ptolemy.moml.MoMLSimpleApplication@4660ab11
reloadAllAccessors: .HDF
----------------- testing Fri May 25 01:23:54 UTC 2018 /home/travis/build/icyphy/ptII/ptolemy/domains/sdf/test/auto/HDFwithTransientStates.xml
----------------- Instantiating /home/travis/build/icyphy/ptII/ptolemy/domains/sdf/test/auto/HDFwithTransientStates.xml
25 ms. Memory: 677888K Free: 609503K (90%)
----------------- Invoking toplevel() on ptolemy.moml.MoMLSimpleApplication@508ce016
----------------- Done invoking toplevel() on ptolemy.moml.MoMLSimpleApplication@508ce016
reloadAllAccessors: .HDFwithTransientStates
----------------- testing Fri May 25 01:23:54 UTC 2018 /home/travis/build/icyphy/ptII/ptolemy/domains/sdf/test/auto/HTVQ.xml
----------------- Instantiating /home/travis/build/icyphy/ptII/ptolemy/domains/sdf/test/auto/HTVQ.xml
778 ms. Memory: 677888K Free: 442274K (65%)
----------------- Invoking toplevel() on ptolemy.moml.MoMLSimpleApplication@16a67ee5
----------------- Done invoking toplevel() on ptolemy.moml.MoMLSimpleApplication@16a67ee5
reloadAllAccessors: .HTVQ
----------------- testing Fri May 25 01:23:55 UTC 2018 /home/travis/build/icyphy/ptII/ptolemy/domains/sdf/test/auto/InferInitProduction.xml
----------------- Instantiating /home/travis/build/icyphy/ptII/ptolemy/domains/sdf/test/auto/InferInitProduction.xml
5 ms. Memory: 677888K Free: 430344K (63%)
----------------- Invoking toplevel() on ptolemy.moml.MoMLSimpleApplication@709a00d2
----------------- Done invoking toplevel() on ptolemy.moml.MoMLSimpleApplication@709a00d2
reloadAllAccessors: .InferInitProduction
----------------- testing Fri May 25 01:23:55 UTC 2018 /home/travis/build/icyphy/ptII/ptolemy/domains/sdf/test/auto/InferInitProductionDeeper.xml
----------------- Instantiating /home/travis/build/icyphy/ptII/ptolemy/domains/sdf/test/auto/InferInitProductionDeeper.xml
10 ms. Memory: 677888K Free: 418415K (62%)
----------------- Invoking toplevel() on ptolemy.moml.MoMLSimpleApplication@7d25b3c8
----------------- Done invoking toplevel() on ptolemy.moml.MoMLSimpleApplication@7d25b3c8
reloadAllAccessors: .InferInitProductionDeeper
----------------- testing Fri May 25 01:23:55 UTC 2018 /home/travis/build/icyphy/ptII/ptolemy/domains/sdf/test/auto/LMSAdaptive.xml
----------------- Instantiating /home/travis/build/icyphy/ptII/ptolemy/domains/sdf/test/auto/LMSAdaptive.xml
19 ms. Memory: 677888K Free: 400504K (59%)
----------------- Invoking toplevel() on ptolemy.moml.MoMLSimpleApplication@37e4d58e
----------------- Done invoking toplevel() on ptolemy.moml.MoMLSimpleApplication@37e4d58e
reloadAllAccessors: .LMSAdaptive
----------------- testing Fri May 25 01:23:55 UTC 2018 /home/travis/build/icyphy/ptII/ptolemy/domains/sdf/test/auto/LogisticMap.xml
----------------- Instantiating /home/travis/build/icyphy/ptII/ptolemy/domains/sdf/test/auto/LogisticMap.xml
438 ms. Memory: 677888K Free: 388575K (57%)
----------------- Invoking toplevel() on ptolemy.moml.MoMLSimpleApplication@5493df
----------------- Done invoking toplevel() on ptolemy.moml.MoMLSimpleApplication@5493df
reloadAllAccessors: .LogisticMap
----------------- testing Fri May 25 01:23:55 UTC 2018 /home/travis/build/icyphy/ptII/ptolemy/domains/sdf/test/auto/MaximumEntropySpectrum.xml
----------------- Instantiating /home/travis/build/icyphy/ptII/ptolemy/domains/sdf/test/auto/MaximumEntropySpectrum.xml
91 ms. Memory: 677888K Free: 316905K (47%)
----------------- Invoking toplevel() on ptolemy.moml.MoMLSimpleApplication@50832de5
----------------- Done invoking toplevel() on ptolemy.moml.MoMLSimpleApplication@50832de5
reloadAllAccessors: .MaximumEntropySpectrum
----------------- testing Fri May 25 01:23:56 UTC 2018 /home/travis/build/icyphy/ptII/ptolemy/domains/sdf/test/auto/MultirateSDF.xml
----------------- Instantiating /home/travis/build/icyphy/ptII/ptolemy/domains/sdf/test/auto/MultirateSDF.xml
24 ms. Memory: 677888K Free: 296204K (44%)
----------------- Invoking toplevel() on ptolemy.moml.MoMLSimpleApplication@e1e9f20
----------------- Done invoking toplevel() on ptolemy.moml.MoMLSimpleApplication@e1e9f20
reloadAllAccessors: .MultirateSDF
----------------- testing Fri May 25 01:23:56 UTC 2018 /home/travis/build/icyphy/ptII/ptolemy/domains/sdf/test/auto/MultirateSDFwithTransientStates.xml
----------------- Instantiating /home/travis/build/icyphy/ptII/ptolemy/domains/sdf/test/auto/MultirateSDFwithTransientStates.xml
27 ms. Memory: 677888K Free: 272328K (40%)
----------------- Invoking toplevel() on ptolemy.moml.MoMLSimpleApplication@451b6388
----------------- Done invoking toplevel() on ptolemy.moml.MoMLSimpleApplication@451b6388
reloadAllAccessors: .MultirateSDFwithTransientStates
----------------- testing Fri May 25 01:23:56 UTC 2018 /home/travis/build/icyphy/ptII/ptolemy/domains/sdf/test/auto/NoisySinewave.xml
----------------- Instantiating /home/travis/build/icyphy/ptII/ptolemy/domains/sdf/test/auto/NoisySinewave.xml
20 ms. Memory: 677888K Free: 248437K (37%)
----------------- Invoking toplevel() on ptolemy.moml.MoMLSimpleApplication@2364a46
----------------- Done invoking toplevel() on ptolemy.moml.MoMLSimpleApplication@2364a46
reloadAllAccessors: .NoisySinewave
----------------- testing Fri May 25 01:23:56 UTC 2018 /home/travis/build/icyphy/ptII/ptolemy/domains/sdf/test/auto/Objects.xml
----------------- Instantiating /home/travis/build/icyphy/ptII/ptolemy/domains/sdf/test/auto/Objects.xml
2 ms. Memory: 677888K Free: 230534K (34%)
----------------- Invoking toplevel() on ptolemy.moml.MoMLSimpleApplication@19430bfe
----------------- Done invoking toplevel() on ptolemy.moml.MoMLSimpleApplication@19430bfe
reloadAllAccessors: .Objects
----------------- testing Fri May 25 01:23:56 UTC 2018 /home/travis/build/icyphy/ptII/ptolemy/domains/sdf/test/auto/OrthogonalCom.xml
----------------- Instantiating /home/travis/build/icyphy/ptII/ptolemy/domains/sdf/test/auto/OrthogonalCom.xml
10 ms. Memory: 677888K Free: 212624K (31%)
----------------- Invoking toplevel() on ptolemy.moml.MoMLSimpleApplication@24847ac9
----------------- Done invoking toplevel() on ptolemy.moml.MoMLSimpleApplication@24847ac9
reloadAllAccessors: .OrthogonalCom
----------------- testing Fri May 25 01:23:56 UTC 2018 /home/travis/build/icyphy/ptII/ptolemy/domains/sdf/test/auto/RijndaelEncryption.xml
----------------- Instantiating /home/travis/build/icyphy/ptII/ptolemy/domains/sdf/test/auto/RijndaelEncryption.xml
319 ms. Memory: 652800K Free: 621603K (95%)
----------------- Invoking toplevel() on ptolemy.moml.MoMLSimpleApplication@401e6687
----------------- Done invoking toplevel() on ptolemy.moml.MoMLSimpleApplication@401e6687
reloadAllAccessors: .RijndaelEncryption
----------------- testing Fri May 25 01:23:57 UTC 2018 /home/travis/build/icyphy/ptII/ptolemy/domains/sdf/test/auto/SDFEmptyIterations.xml
----------------- Instantiating /home/travis/build/icyphy/ptII/ptolemy/domains/sdf/test/auto/SDFEmptyIterations.xml
5 ms. Memory: 652800K Free: 608404K (93%)
----------------- Invoking toplevel() on ptolemy.moml.MoMLSimpleApplication@296848d0
----------------- Done invoking toplevel() on ptolemy.moml.MoMLSimpleApplication@296848d0
reloadAllAccessors: .SDFEmptyIterations
----------------- testing Fri May 25 01:23:57 UTC 2018 /home/travis/build/icyphy/ptII/ptolemy/domains/sdf/test/auto/Spectrum.xml
----------------- Instantiating /home/travis/build/icyphy/ptII/ptolemy/domains/sdf/test/auto/Spectrum.xml
35 ms. Memory: 652800K Free: 578045K (89%)
----------------- Invoking toplevel() on ptolemy.moml.MoMLSimpleApplication@59c1cd03
----------------- Done invoking toplevel() on ptolemy.moml.MoMLSimpleApplication@59c1cd03
reloadAllAccessors: .Spectrum
----------------- testing Fri May 25 01:23:57 UTC 2018 /home/travis/build/icyphy/ptII/ptolemy/domains/sdf/test/auto/de_inside_sdf.xml
----------------- Instantiating /home/travis/build/icyphy/ptII/ptolemy/domains/sdf/test/auto/de_inside_sdf.xml
10 ms. Memory: 652800K Free: 570467K (87%)
----------------- Invoking toplevel() on ptolemy.moml.MoMLSimpleApplication@6768dbdb
----------------- Done invoking toplevel() on ptolemy.moml.MoMLSimpleApplication@6768dbdb
reloadAllAccessors: .de_inside_sdf
----------------- testing Fri May 25 01:23:57 UTC 2018 /home/travis/build/icyphy/ptII/ptolemy/domains/sdf/test/auto/disconnectedHierarchicalSDF.xml
----------------- Instantiating /home/travis/build/icyphy/ptII/ptolemy/domains/sdf/test/auto/disconnectedHierarchicalSDF.xml
5 ms. Memory: 652800K Free: 559008K (86%)
----------------- Invoking toplevel() on ptolemy.moml.MoMLSimpleApplication@547d7092
----------------- Done invoking toplevel() on ptolemy.moml.MoMLSimpleApplication@547d7092
reloadAllAccessors: .disconnectedHierarchicalSDF
----------------- testing Fri May 25 01:23:57 UTC 2018 /home/travis/build/icyphy/ptII/ptolemy/domains/sdf/test/auto/disconnectedSDF.xml
----------------- Instantiating /home/travis/build/icyphy/ptII/ptolemy/domains/sdf/test/auto/disconnectedSDF.xml
3 ms. Memory: 652800K Free: 551430K (84%)
----------------- Invoking toplevel() on ptolemy.moml.MoMLSimpleApplication@2e958db2
----------------- Done invoking toplevel() on ptolemy.moml.MoMLSimpleApplication@2e958db2
reloadAllAccessors: .disconnectedSDF
----------------- testing Fri May 25 01:23:57 UTC 2018 /home/travis/build/icyphy/ptII/ptolemy/domains/sdf/test/auto/emptyRefinement.xml
----------------- Instantiating /home/travis/build/icyphy/ptII/ptolemy/domains/sdf/test/auto/emptyRefinement.xml
4 ms. Memory: 652800K Free: 542095K (83%)
----------------- Invoking toplevel() on ptolemy.moml.MoMLSimpleApplication@40e5a87f
----------------- Done invoking toplevel() on ptolemy.moml.MoMLSimpleApplication@40e5a87f
reloadAllAccessors: .emptyRefinement
----------------- testing Fri May 25 01:23:57 UTC 2018 /home/travis/build/icyphy/ptII/ptolemy/domains/sdf/test/auto/filePortParameter.xml
----------------- Instantiating /home/travis/build/icyphy/ptII/ptolemy/domains/sdf/test/auto/filePortParameter.xml
17 ms. Memory: 652800K Free: 530713K (81%)
----------------- Invoking toplevel() on ptolemy.moml.MoMLSimpleApplication@54079586
----------------- Done invoking toplevel() on ptolemy.moml.MoMLSimpleApplication@54079586
reloadAllAccessors: .filePortParameter
----------------- testing Fri May 25 01:23:57 UTC 2018 /home/travis/build/icyphy/ptII/ptolemy/domains/sdf/test/auto/inferRelationWidth1.xml
----------------- Instantiating /home/travis/build/icyphy/ptII/ptolemy/domains/sdf/test/auto/inferRelationWidth1.xml
4 ms. Memory: 652800K Free: 523135K (80%)
----------------- Invoking toplevel() on ptolemy.moml.MoMLSimpleApplication@541ba19b
----------------- Done invoking toplevel() on ptolemy.moml.MoMLSimpleApplication@541ba19b
reloadAllAccessors: .inferRelationWidth1
----------------- testing Fri May 25 01:23:57 UTC 2018 /home/travis/build/icyphy/ptII/ptolemy/domains/sdf/test/auto/initProductionInference.xml
----------------- Instantiating /home/travis/build/icyphy/ptII/ptolemy/domains/sdf/test/auto/initProductionInference.xml
8 ms. Memory: 652800K Free: 515557K (79%)
----------------- Invoking toplevel() on ptolemy.moml.MoMLSimpleApplication@4a84e7b7
----------------- Done invoking toplevel() on ptolemy.moml.MoMLSimpleApplication@4a84e7b7
reloadAllAccessors: .initProductionInference
----------------- testing Fri May 25 01:23:57 UTC 2018 /home/travis/build/icyphy/ptII/ptolemy/domains/sdf/test/auto/relationGroup.xml
----------------- Instantiating /home/travis/build/icyphy/ptII/ptolemy/domains/sdf/test/auto/relationGroup.xml
3 ms. Memory: 652800K Free: 507980K (78%)
----------------- Invoking toplevel() on ptolemy.moml.MoMLSimpleApplication@34c8158
----------------- Done invoking toplevel() on ptolemy.moml.MoMLSimpleApplication@34c8158
reloadAllAccessors: .relationGroup
----------------- testing Fri May 25 01:23:57 UTC 2018 /home/travis/build/icyphy/ptII/ptolemy/domains/sdf/test/auto/relationGroup10.xml
----------------- Instantiating /home/travis/build/icyphy/ptII/ptolemy/domains/sdf/test/auto/relationGroup10.xml
2 ms. Memory: 652800K Free: 498645K (76%)
----------------- Invoking toplevel() on ptolemy.moml.MoMLSimpleApplication@1b5e90c2
----------------- Done invoking toplevel() on ptolemy.moml.MoMLSimpleApplication@1b5e90c2
reloadAllAccessors: .relationGroup10
----------------- testing Fri May 25 01:23:57 UTC 2018 /home/travis/build/icyphy/ptII/ptolemy/domains/sdf/test/auto/relationGroup11.xml
----------------- Instantiating /home/travis/build/icyphy/ptII/ptolemy/domains/sdf/test/auto/relationGroup11.xml
3 ms. Memory: 652800K Free: 491068K (75%)
----------------- Invoking toplevel() on ptolemy.moml.MoMLSimpleApplication@72b34187
----------------- Done invoking toplevel() on ptolemy.moml.MoMLSimpleApplication@72b34187
reloadAllAccessors: .relationGroup11
----------------- testing Fri May 25 01:23:57 UTC 2018 /home/travis/build/icyphy/ptII/ptolemy/domains/sdf/test/auto/relationGroup12.xml
----------------- Instantiating /home/travis/build/icyphy/ptII/ptolemy/domains/sdf/test/auto/relationGroup12.xml
3 ms. Memory: 652800K Free: 483490K (74%)
----------------- Invoking toplevel() on ptolemy.moml.MoMLSimpleApplication@14ff6896
----------------- Done invoking toplevel() on ptolemy.moml.MoMLSimpleApplication@14ff6896
reloadAllAccessors: .relationGroup12
----------------- testing Fri May 25 01:23:57 UTC 2018 /home/travis/build/icyphy/ptII/ptolemy/domains/sdf/test/auto/relationGroup13.xml
----------------- Instantiating /home/travis/build/icyphy/ptII/ptolemy/domains/sdf/test/auto/relationGroup13.xml
4 ms. Memory: 652800K Free: 475912K (73%)
----------------- Invoking toplevel() on ptolemy.moml.MoMLSimpleApplication@81e1f08
----------------- Done invoking toplevel() on ptolemy.moml.MoMLSimpleApplication@81e1f08
reloadAllAccessors: .relationGroup13
----------------- testing Fri May 25 01:23:57 UTC 2018 /home/travis/build/icyphy/ptII/ptolemy/domains/sdf/test/auto/relationGroup14.xml
----------------- Instantiating /home/travis/build/icyphy/ptII/ptolemy/domains/sdf/test/auto/relationGroup14.xml
4 ms. Memory: 652800K Free: 468335K (72%)
----------------- Invoking toplevel() on ptolemy.moml.MoMLSimpleApplication@533796f6
----------------- Done invoking toplevel() on ptolemy.moml.MoMLSimpleApplication@533796f6
reloadAllAccessors: .relationGroup14
----------------- testing Fri May 25 01:23:57 UTC 2018 /home/travis/build/icyphy/ptII/ptolemy/domains/sdf/test/auto/relationGroup15.xml
----------------- Instantiating /home/travis/build/icyphy/ptII/ptolemy/domains/sdf/test/auto/relationGroup15.xml
2 ms. Memory: 652800K Free: 459000K (70%)
----------------- Invoking toplevel() on ptolemy.moml.MoMLSimpleApplication@b4f8ed2
----------------- Done invoking toplevel() on ptolemy.moml.MoMLSimpleApplication@b4f8ed2
reloadAllAccessors: .relationGroup15
----------------- testing Fri May 25 01:23:57 UTC 2018 /home/travis/build/icyphy/ptII/ptolemy/domains/sdf/test/auto/relationGroup2.xml
----------------- Instantiating /home/travis/build/icyphy/ptII/ptolemy/domains/sdf/test/auto/relationGroup2.xml
3 ms. Memory: 652800K Free: 451422K (69%)
----------------- Invoking toplevel() on ptolemy.moml.MoMLSimpleApplication@a176aa5
----------------- Done invoking toplevel() on ptolemy.moml.MoMLSimpleApplication@a176aa5
reloadAllAccessors: .relationGroup2
----------------- testing Fri May 25 01:23:57 UTC 2018 /home/travis/build/icyphy/ptII/ptolemy/domains/sdf/test/auto/relationGroup3.xml
----------------- Instantiating /home/travis/build/icyphy/ptII/ptolemy/domains/sdf/test/auto/relationGroup3.xml
2 ms. Memory: 652800K Free: 443845K (68%)
----------------- Invoking toplevel() on ptolemy.moml.MoMLSimpleApplication@6bb9ce56
----------------- Done invoking toplevel() on ptolemy.moml.MoMLSimpleApplication@6bb9ce56
reloadAllAccessors: .relationGroup3
----------------- testing Fri May 25 01:23:57 UTC 2018 /home/travis/build/icyphy/ptII/ptolemy/domains/sdf/test/auto/relationGroup4.xml
----------------- Instantiating /home/travis/build/icyphy/ptII/ptolemy/domains/sdf/test/auto/relationGroup4.xml
6 ms. Memory: 652800K Free: 436267K (67%)
----------------- Invoking toplevel() on ptolemy.moml.MoMLSimpleApplication@23a5c37a
----------------- Done invoking toplevel() on ptolemy.moml.MoMLSimpleApplication@23a5c37a
reloadAllAccessors: .relationGroup4
----------------- testing Fri May 25 01:23:57 UTC 2018 /home/travis/build/icyphy/ptII/ptolemy/domains/sdf/test/auto/relationGroup5.xml
----------------- Instantiating /home/travis/build/icyphy/ptII/ptolemy/domains/sdf/test/auto/relationGroup5.xml
3 ms. Memory: 652800K Free: 428689K (66%)
----------------- Invoking toplevel() on ptolemy.moml.MoMLSimpleApplication@38abeaaa
----------------- Done invoking toplevel() on ptolemy.moml.MoMLSimpleApplication@38abeaaa
reloadAllAccessors: .relationGroup5
----------------- testing Fri May 25 01:23:57 UTC 2018 /home/travis/build/icyphy/ptII/ptolemy/domains/sdf/test/auto/relationGroup6.xml
----------------- Instantiating /home/travis/build/icyphy/ptII/ptolemy/domains/sdf/test/auto/relationGroup6.xml
7 ms. Memory: 652800K Free: 419355K (64%)
----------------- Invoking toplevel() on ptolemy.moml.MoMLSimpleApplication@4eeb9476
----------------- Done invoking toplevel() on ptolemy.moml.MoMLSimpleApplication@4eeb9476
reloadAllAccessors: .relationGroup6
----------------- testing Fri May 25 01:23:57 UTC 2018 /home/travis/build/icyphy/ptII/ptolemy/domains/sdf/test/auto/relationGroup7.xml
----------------- Instantiating /home/travis/build/icyphy/ptII/ptolemy/domains/sdf/test/auto/relationGroup7.xml
2 ms. Memory: 652800K Free: 411777K (63%)
----------------- Invoking toplevel() on ptolemy.moml.MoMLSimpleApplication@62473322
----------------- Done invoking toplevel() on ptolemy.moml.MoMLSimpleApplication@62473322
reloadAllAccessors: .relationGroup7
----------------- testing Fri May 25 01:23:57 UTC 2018 /home/travis/build/icyphy/ptII/ptolemy/domains/sdf/test/auto/relationGroup8.xml
----------------- Instantiating /home/travis/build/icyphy/ptII/ptolemy/domains/sdf/test/auto/relationGroup8.xml
2 ms. Memory: 652800K Free: 404199K (62%)
----------------- Invoking toplevel() on ptolemy.moml.MoMLSimpleApplication@3e08e07c
----------------- Done invoking toplevel() on ptolemy.moml.MoMLSimpleApplication@3e08e07c
reloadAllAccessors: .relationGroup8
----------------- testing Fri May 25 01:23:57 UTC 2018 /home/travis/build/icyphy/ptII/ptolemy/domains/sdf/test/auto/relationGroup9.xml
----------------- Instantiating /home/travis/build/icyphy/ptII/ptolemy/domains/sdf/test/auto/relationGroup9.xml
7 ms. Memory: 652800K Free: 396621K (61%)
----------------- Invoking toplevel() on ptolemy.moml.MoMLSimpleApplication@4af523ab
----------------- Done invoking toplevel() on ptolemy.moml.MoMLSimpleApplication@4af523ab
reloadAllAccessors: .relationGroup9
----------------- testing Fri May 25 01:23:57 UTC 2018 /home/travis/build/icyphy/ptII/ptolemy/domains/sdf/test/auto/sdf_inside_de.xml
----------------- Instantiating /home/travis/build/icyphy/ptII/ptolemy/domains/sdf/test/auto/sdf_inside_de.xml
14 ms. Memory: 652800K Free: 381442K (58%)
----------------- Invoking toplevel() on ptolemy.moml.MoMLSimpleApplication@3f1e0412
----------------- Done invoking toplevel() on ptolemy.moml.MoMLSimpleApplication@3f1e0412
reloadAllAccessors: .sdf_inside_de
----------------- testing Fri May 25 01:23:58 UTC 2018 /home/travis/build/icyphy/ptII/ptolemy/domains/sdf/test/auto/sdf_inside_pn.xml
----------------- Instantiating /home/travis/build/icyphy/ptII/ptolemy/domains/sdf/test/auto/sdf_inside_pn.xml
40 ms. Memory: 652800K Free: 349359K (54%)
----------------- Invoking toplevel() on ptolemy.moml.MoMLSimpleApplication@a700c46
----------------- Done invoking toplevel() on ptolemy.moml.MoMLSimpleApplication@a700c46
reloadAllAccessors: .sdf_inside_pn
----------------- testing Fri May 25 01:23:58 UTC 2018 /home/travis/build/icyphy/ptII/ptolemy/domains/sdf/test/auto/sdf_sdf1.xml
----------------- Instantiating /home/travis/build/icyphy/ptII/ptolemy/domains/sdf/test/auto/sdf_sdf1.xml
4 ms. Memory: 652800K Free: 337976K (52%)
----------------- Invoking toplevel() on ptolemy.moml.MoMLSimpleApplication@403bd5e1
----------------- Done invoking toplevel() on ptolemy.moml.MoMLSimpleApplication@403bd5e1
reloadAllAccessors: .sdf_sdf1
----------------- testing Fri May 25 01:23:58 UTC 2018 /home/travis/build/icyphy/ptII/ptolemy/domains/sdf/test/auto/test1.xml
----------------- Instantiating /home/travis/build/icyphy/ptII/ptolemy/domains/sdf/test/auto/test1.xml
7 ms. Memory: 652800K Free: 326602K (50%)
----------------- Invoking toplevel() on ptolemy.moml.MoMLSimpleApplication@4bae5546
----------------- Done invoking toplevel() on ptolemy.moml.MoMLSimpleApplication@4bae5546
reloadAllAccessors: .test1
----------------- testing Fri May 25 01:23:58 UTC 2018 /home/travis/build/icyphy/ptII/ptolemy/domains/sdf/test/auto/time1.xml
----------------- Instantiating /home/travis/build/icyphy/ptII/ptolemy/domains/sdf/test/auto/time1.xml
3 ms. Memory: 652800K Free: 319024K (49%)
----------------- Invoking toplevel() on ptolemy.moml.MoMLSimpleApplication@c9b31e3
----------------- Done invoking toplevel() on ptolemy.moml.MoMLSimpleApplication@c9b31e3
reloadAllAccessors: .time1
----------------- testing Fri May 25 01:23:58 UTC 2018 /home/travis/build/icyphy/ptII/ptolemy/domains/sdf/test/auto/time2.xml
----------------- Instantiating /home/travis/build/icyphy/ptII/ptolemy/domains/sdf/test/auto/time2.xml
2 ms. Memory: 652800K Free: 311446K (48%)
----------------- Invoking toplevel() on ptolemy.moml.MoMLSimpleApplication@332b1730
----------------- Done invoking toplevel() on ptolemy.moml.MoMLSimpleApplication@332b1730
reloadAllAccessors: .time2
----------------- testing Fri May 25 01:23:58 UTC 2018 /home/travis/build/icyphy/ptII/ptolemy/domains/sdf/test/auto/time3.xml
----------------- Instantiating /home/travis/build/icyphy/ptII/ptolemy/domains/sdf/test/auto/time3.xml
9 ms. Memory: 652800K Free: 298323K (46%)
----------------- Invoking toplevel() on ptolemy.moml.MoMLSimpleApplication@a957ade
----------------- Done invoking toplevel() on ptolemy.moml.MoMLSimpleApplication@a957ade
reloadAllAccessors: .time3
----------------- testing Fri May 25 01:23:58 UTC 2018 /home/travis/build/icyphy/ptII/ptolemy/domains/sdf/test/auto/time4.xml
----------------- Instantiating /home/travis/build/icyphy/ptII/ptolemy/domains/sdf/test/auto/time4.xml
8 ms. Memory: 652800K Free: 286940K (44%)
----------------- Invoking toplevel() on ptolemy.moml.MoMLSimpleApplication@4cadbd87
----------------- Done invoking toplevel() on ptolemy.moml.MoMLSimpleApplication@4cadbd87
reloadAllAccessors: .time4
----------------- testing Fri May 25 01:23:58 UTC 2018 /home/travis/build/icyphy/ptII/ptolemy/domains/sdf/test/auto/time5.xml
----------------- Instantiating /home/travis/build/icyphy/ptII/ptolemy/domains/sdf/test/auto/time5.xml
4002 ms. Memory: 652800K Free: 279363K (43%)
----------------- Invoking toplevel() on ptolemy.moml.MoMLSimpleApplication@57d46772
----------------- Done invoking toplevel() on ptolemy.moml.MoMLSimpleApplication@57d46772
reloadAllAccessors: .time5
----------------- testing Fri May 25 01:24:02 UTC 2018 /home/travis/build/icyphy/ptII/ptolemy/domains/sdf/test/auto/typeSystem_Const_Integer_smallest_Type.xml
----------------- Instantiating /home/travis/build/icyphy/ptII/ptolemy/domains/sdf/test/auto/typeSystem_Const_Integer_smallest_Type.xml
4 ms. Memory: 652800K Free: 267980K (41%)
----------------- Invoking toplevel() on ptolemy.moml.MoMLSimpleApplication@4f3900c7
----------------- Done invoking toplevel() on ptolemy.moml.MoMLSimpleApplication@4f3900c7
reloadAllAccessors: .typeSystem_Const_Integer_smallest_Type
----------------- testing Fri May 25 01:24:02 UTC 2018 /home/travis/build/icyphy/ptII/ptolemy/domains/sdf/test/auto/typeSystem_declared_Inports_OutportTypeException.xml
----------------- Instantiating /home/travis/build/icyphy/ptII/ptolemy/domains/sdf/test/auto/typeSystem_declared_Inports_OutportTypeException.xml
.typeSystem_declared_Inports_OutportTypeException.TestExceptionAttribute: initialize() was not invoked, but wrapup() was.  This is unusual, but not always a problem.  For example, exporting JNLP will do this.
2 ms. Memory: 652800K Free: 256613K (39%)
----------------- Invoking toplevel() on ptolemy.moml.MoMLSimpleApplication@6130f8e9
----------------- Done invoking toplevel() on ptolemy.moml.MoMLSimpleApplication@6130f8e9
reloadAllAccessors: .typeSystem_declared_Inports_OutportTypeException
----------------- testing Fri May 25 01:24:02 UTC 2018 /home/travis/build/icyphy/ptII/ptolemy/domains/sdf/test/auto/typeSystem_oneDeclaredInportType_wrongTypeOutport.xml
----------------- Instantiating /home/travis/build/icyphy/ptII/ptolemy/domains/sdf/test/auto/typeSystem_oneDeclaredInportType_wrongTypeOutport.xml
3 ms. Memory: 652800K Free: 247279K (38%)
----------------- Invoking toplevel() on ptolemy.moml.MoMLSimpleApplication@1e9f1048
----------------- Done invoking toplevel() on ptolemy.moml.MoMLSimpleApplication@1e9f1048
reloadAllAccessors: .typeSystem_oneDeclaredInportType_wrongTypeOutport
----------------- testing Fri May 25 01:24:02 UTC 2018 /home/travis/build/icyphy/ptII/ptolemy/domains/sdf/test/auto/width.xml
----------------- Instantiating /home/travis/build/icyphy/ptII/ptolemy/domains/sdf/test/auto/width.xml
2 ms. Memory: 652800K Free: 239701K (37%)
----------------- Invoking toplevel() on ptolemy.moml.MoMLSimpleApplication@2629e670
----------------- Done invoking toplevel() on ptolemy.moml.MoMLSimpleApplication@2629e670
reloadAllAccessors: .width
----------------- testing Fri May 25 01:24:02 UTC 2018 /home/travis/build/icyphy/ptII/ptolemy/domains/sdf/test/auto/width2.xml
----------------- Instantiating /home/travis/build/icyphy/ptII/ptolemy/domains/sdf/test/auto/width2.xml
26 ms. Memory: 652800K Free: 232123K (36%)
----------------- Invoking toplevel() on ptolemy.moml.MoMLSimpleApplication@2475b6d7
----------------- Done invoking toplevel() on ptolemy.moml.MoMLSimpleApplication@2475b6d7
reloadAllAccessors: .width2
----------------- testing Fri May 25 01:24:02 UTC 2018 /home/travis/build/icyphy/ptII/ptolemy/domains/sdf/test/auto/width3.xml
----------------- Instantiating /home/travis/build/icyphy/ptII/ptolemy/domains/sdf/test/auto/width3.xml
23 ms. Memory: 652800K Free: 224546K (34%)
----------------- Invoking toplevel() on ptolemy.moml.MoMLSimpleApplication@6331849e
----------------- Done invoking toplevel() on ptolemy.moml.MoMLSimpleApplication@6331849e
reloadAllAccessors: .width3
AutoTests.java: About to close Vertx.
AutoTests.java: Vertx closed.
]]></system-out>
  <system-err><![CDATA[java.lang.RuntimeException: Execution failed
	at ptolemy.moml.MoMLSimpleApplication$UnloadThread.run(MoMLSimpleApplication.java:402)
Caused by: ptolemy.actor.sched.NotSchedulableException: No solution exists for the balance equations.
Graph is not consistent under the SDF domain detected on external port .rateConsistency.actor.port2
  in .rateConsistency.SDF Director.Scheduler
	at ptolemy.domains.sdf.kernel.SDFScheduler._propagatePort(SDFScheduler.java:1425)
	at ptolemy.domains.sdf.kernel.SDFScheduler._solveBalanceEquations(SDFScheduler.java:710)
	at ptolemy.domains.sdf.kernel.SDFScheduler._getSchedule(SDFScheduler.java:566)
	at ptolemy.actor.sched.Scheduler.getSchedule(Scheduler.java:189)
	at ptolemy.domains.sdf.kernel.SDFDirector.createSchedule(SDFDirector.java:408)
	at ptolemy.domains.sdf.kernel.SDFDirector.preinitialize(SDFDirector.java:764)
	at ptolemy.actor.CompositeActor.preinitialize(CompositeActor.java:1828)
	at ptolemy.actor.Manager.preinitializeAndResolveTypes(Manager.java:1040)
	at ptolemy.actor.Manager.initialize(Manager.java:710)
	at ptolemy.actor.Manager.execute(Manager.java:356)
	at ptolemy.actor.Manager.run(Manager.java:1263)
	at ptolemy.actor.Manager$PtolemyRunThread.run(Manager.java:1915)
java.lang.RuntimeException: Execution failed
	at ptolemy.moml.MoMLSimpleApplication$UnloadThread.run(MoMLSimpleApplication.java:402)
Caused by: ptolemy.kernel.util.IllegalActionException: Failed to compute schedule:
  in .badRateChanges.typed composite actor.SDF Director
Because:
The SDF rate parameter may change. This is not allowed in SDF models that will be run through the code generator.  If you don't care about code generation, then you might consider setting the allowRateChanges parameter of the SDF director to false.
  in .badRateChanges.typed composite actor.Repeat.output.tokenProductionRate
	at ptolemy.domains.sdf.kernel.SDFDirector.createSchedule(SDFDirector.java:418)
	at ptolemy.domains.sdf.kernel.SDFDirector.preinitialize(SDFDirector.java:764)
	at ptolemy.actor.CompositeActor.preinitialize(CompositeActor.java:1828)
	at ptolemy.actor.Director.preinitialize(Director.java:1302)
	at ptolemy.actor.Director.preinitialize(Director.java:1257)
	at ptolemy.domains.sdf.kernel.SDFDirector.preinitialize(SDFDirector.java:763)
	at ptolemy.actor.CompositeActor.preinitialize(CompositeActor.java:1828)
	at ptolemy.actor.Manager.preinitializeAndResolveTypes(Manager.java:1040)
	at ptolemy.actor.Manager.initialize(Manager.java:710)
	at ptolemy.actor.Manager.execute(Manager.java:356)
	at ptolemy.actor.Manager.run(Manager.java:1263)
	at ptolemy.actor.Manager$PtolemyRunThread.run(Manager.java:1915)
Caused by: ptolemy.kernel.util.IllegalActionException: The SDF rate parameter may change. This is not allowed in SDF models that will be run through the code generator.  If you don't care about code generation, then you might consider setting the allowRateChanges parameter of the SDF director to false.
  in .badRateChanges.typed composite actor.Repeat.output.tokenProductionRate
	at ptolemy.domains.sdf.kernel.SDFScheduler._assertDynamicRateVariable(SDFScheduler.java:931)
	at ptolemy.domains.sdf.kernel.SDFScheduler._checkDynamicRateVariables(SDFScheduler.java:339)
	at ptolemy.domains.sdf.kernel.SDFScheduler._getSchedule(SDFScheduler.java:527)
	at ptolemy.actor.sched.Scheduler.getSchedule(Scheduler.java:189)
	at ptolemy.domains.sdf.kernel.SDFDirector.createSchedule(SDFDirector.java:408)
	... 11 more
java.lang.RuntimeException: Execution failed
	at ptolemy.moml.MoMLSimpleApplication$UnloadThread.run(MoMLSimpleApplication.java:402)
Caused by: ptolemy.kernel.util.IllegalActionException: Failed to compute schedule:
  in .badRateChanges2.typed composite actor.SDF Director
Because:
The SDF rate parameter may change. This is not allowed in SDF models that will be run through the code generator.  If you don't care about code generation, then you might consider setting the allowRateChanges parameter of the SDF director to false.
  in .badRateChanges2.typed composite actor.Repeat.output.tokenProductionRate
	at ptolemy.domains.sdf.kernel.SDFDirector.createSchedule(SDFDirector.java:418)
	at ptolemy.domains.sdf.kernel.SDFDirector.preinitialize(SDFDirector.java:764)
	at ptolemy.actor.CompositeActor.preinitialize(CompositeActor.java:1828)
	at ptolemy.actor.Director.preinitialize(Director.java:1302)
	at ptolemy.actor.Director.preinitialize(Director.java:1257)
	at ptolemy.domains.sdf.kernel.SDFDirector.preinitialize(SDFDirector.java:763)
	at ptolemy.actor.CompositeActor.preinitialize(CompositeActor.java:1828)
	at ptolemy.actor.Manager.preinitializeAndResolveTypes(Manager.java:1040)
	at ptolemy.actor.Manager.initialize(Manager.java:710)
	at ptolemy.actor.Manager.execute(Manager.java:356)
	at ptolemy.actor.Manager.run(Manager.java:1263)
	at ptolemy.actor.Manager$PtolemyRunThread.run(Manager.java:1915)
Caused by: ptolemy.kernel.util.IllegalActionException: The SDF rate parameter may change. This is not allowed in SDF models that will be run through the code generator.  If you don't care about code generation, then you might consider setting the allowRateChanges parameter of the SDF director to false.
  in .badRateChanges2.typed composite actor.Repeat.output.tokenProductionRate
	at ptolemy.domains.sdf.kernel.SDFScheduler._assertDynamicRateVariable(SDFScheduler.java:931)
	at ptolemy.domains.sdf.kernel.SDFScheduler._checkDynamicRateVariables(SDFScheduler.java:339)
	at ptolemy.domains.sdf.kernel.SDFScheduler._getSchedule(SDFScheduler.java:527)
	at ptolemy.actor.sched.Scheduler.getSchedule(Scheduler.java:189)
	at ptolemy.domains.sdf.kernel.SDFDirector.createSchedule(SDFDirector.java:408)
	... 11 more
java.lang.RuntimeException: Execution failed
	at ptolemy.moml.MoMLSimpleApplication$UnloadThread.run(MoMLSimpleApplication.java:402)
Caused by: ptolemy.actor.sched.NotSchedulableException: Actors remain that cannot be scheduled!

There are several possible reasons:
* SDF Graphs with feedback loops should have an actor with a delay in the loop, such as a SampleDelay.
* The SDF director has an "allowDisconnectedGraphs"parameter, which, when true, permits disconnected SDF graphs.
* The token consumption rate and production rates might be mismatched.
Usually, actors produce one token or consume one token on a port.  To produce or consume multiple tokens per firing, add a "tokenConsumptionRate" or "tokenProductionRate" parameter to the appropriate port.
Unscheduled actors:
.partiallyConnected.Const2 
Scheduled actors:
.partiallyConnected.Const 
  in .partiallyConnected.SDF Director.Scheduler
	at ptolemy.domains.sdf.kernel.SDFScheduler._scheduleConnectedActors(SDFScheduler.java:1828)
	at ptolemy.domains.sdf.kernel.SDFScheduler._getSchedule(SDFScheduler.java:587)
	at ptolemy.actor.sched.Scheduler.getSchedule(Scheduler.java:189)
	at ptolemy.domains.sdf.kernel.SDFDirector.createSchedule(SDFDirector.java:408)
	at ptolemy.domains.sdf.kernel.SDFDirector.preinitialize(SDFDirector.java:764)
	at ptolemy.actor.CompositeActor.preinitialize(CompositeActor.java:1828)
	at ptolemy.actor.Manager.preinitializeAndResolveTypes(Manager.java:1040)
	at ptolemy.actor.Manager.initialize(Manager.java:710)
	at ptolemy.actor.Manager.execute(Manager.java:356)
	at ptolemy.actor.Manager.run(Manager.java:1263)
	at ptolemy.actor.Manager$PtolemyRunThread.run(Manager.java:1915)
]]></system-err>
</testsuite>
