<?xml version="1.0" encoding="UTF-8" ?>
<testsuite errors="0" failures="0" hostname="travis-job-24b4861c-c0c1-46f4-bbdb-9f081ffce69a" name="ptolemy.domains.de.test.junit.JUnitTclTest" skipped="0" tests="101" time="130.319" timestamp="2018-05-08T01:04:00">
  <properties>
[...]
</properties>
  <testcase classname="ptolemy.util.test.junit.TclTests" name="[0] /home/travis/build/icyphy/ptII/ptolemy/domains/de/test/DependencyLoop.tcl (RunTclFile)" time="0.771" />
  <testcase classname="ptolemy.util.test.junit.TclTests" name="[1] /home/travis/build/icyphy/ptII/ptolemy/domains/de/test/RunDETestsAsQSS.tcl (RunTclFile)" time="89.402" />
  <testcase classname="ptolemy.util.test.junit.AutoKnownFailedTests" name="[0] /home/travis/build/icyphy/ptII/ptolemy/domains/de/test/auto/knownFailedTests/DESDFClockTest.xml (RunModel)" time="2.023" />
  <testcase classname="ptolemy.util.test.junit.AutoKnownFailedTests" name="[1] /home/travis/build/icyphy/ptII/ptolemy/domains/de/test/auto/knownFailedTests/DirectFeedback.xml (RunModel)" time="0.011" />
  <testcase classname="ptolemy.util.test.junit.AutoKnownFailedTests" name="[2] /home/travis/build/icyphy/ptII/ptolemy/domains/de/test/auto/knownFailedTests/FSMSource.xml (RunModel)" time="0.031" />
  <testcase classname="ptolemy.util.test.junit.AutoKnownFailedTests" name="[3] /home/travis/build/icyphy/ptII/ptolemy/domains/de/test/auto/knownFailedTests/HierarchicalModel.xml (RunModel)" time="0.031" />
  <testcase classname="ptolemy.util.test.junit.AutoKnownFailedTests" name="[4] /home/travis/build/icyphy/ptII/ptolemy/domains/de/test/auto/knownFailedTests/dependencyLoop.xml (RunModel)" time="0.025" />
  <testcase classname="ptolemy.util.test.junit.AutoKnownFailedTests" name="[5] /home/travis/build/icyphy/ptII/ptolemy/domains/de/test/auto/knownFailedTests/dependencyLoop2.xml (RunModel)" time="0.028" />
  <testcase classname="ptolemy.util.test.junit.AutoNameArchTests" name="[0] ThereAreNoAutoTests (RunModel)" time="0.0" />
  <testcase classname="ptolemy.util.test.junit.AutoTests" name="[0] /home/travis/build/icyphy/ptII/ptolemy/domains/de/test/auto/ActorDepthCalculation_actorWithoutPorts.xml (RunModel)" time="0.016" />
  <testcase classname="ptolemy.util.test.junit.AutoTests" name="[1] /home/travis/build/icyphy/ptII/ptolemy/domains/de/test/auto/AssemblyLine.xml (RunModel)" time="0.013" />
  <testcase classname="ptolemy.util.test.junit.AutoTests" name="[2] /home/travis/build/icyphy/ptII/ptolemy/domains/de/test/auto/CQBug1.xml (RunModel)" time="0.013" />
  <testcase classname="ptolemy.util.test.junit.AutoTests" name="[3] /home/travis/build/icyphy/ptII/ptolemy/domains/de/test/auto/CancelFireAt.xml (RunModel)" time="0.009" />
  <testcase classname="ptolemy.util.test.junit.AutoTests" name="[4] /home/travis/build/icyphy/ptII/ptolemy/domains/de/test/auto/CausalityAndComposabilityAnalysis.xml (RunModel)" time="0.009" />
  <testcase classname="ptolemy.util.test.junit.AutoTests" name="[5] /home/travis/build/icyphy/ptII/ptolemy/domains/de/test/auto/CausalityInterface1.xml (RunModel)" time="0.01" />
  <testcase classname="ptolemy.util.test.junit.AutoTests" name="[6] /home/travis/build/icyphy/ptII/ptolemy/domains/de/test/auto/CausalityInterface15.xml (RunModel)" time="0.01" />
  <testcase classname="ptolemy.util.test.junit.AutoTests" name="[7] /home/travis/build/icyphy/ptII/ptolemy/domains/de/test/auto/CausalityInterface2.xml (RunModel)" time="0.008" />
  <testcase classname="ptolemy.util.test.junit.AutoTests" name="[8] /home/travis/build/icyphy/ptII/ptolemy/domains/de/test/auto/CausalityInterface3.xml (RunModel)" time="0.013" />
  <testcase classname="ptolemy.util.test.junit.AutoTests" name="[9] /home/travis/build/icyphy/ptII/ptolemy/domains/de/test/auto/ClockDrift.xml (RunModel)" time="0.032" />
  <testcase classname="ptolemy.util.test.junit.AutoTests" name="[10] /home/travis/build/icyphy/ptII/ptolemy/domains/de/test/auto/ClockDriftAndValueChange.xml (RunModel)" time="0.023" />
  <testcase classname="ptolemy.util.test.junit.AutoTests" name="[11] /home/travis/build/icyphy/ptII/ptolemy/domains/de/test/auto/ClockDriftChange.xml (RunModel)" time="0.022" />
  <testcase classname="ptolemy.util.test.junit.AutoTests" name="[12] /home/travis/build/icyphy/ptII/ptolemy/domains/de/test/auto/ComposableCausalityAnalysis.xml (RunModel)" time="0.013" />
  <testcase classname="ptolemy.util.test.junit.AutoTests" name="[13] /home/travis/build/icyphy/ptII/ptolemy/domains/de/test/auto/DEFixedPointLimitation.xml (RunModel)" time="0.006" />
  <testcase classname="ptolemy.util.test.junit.AutoTests" name="[14] /home/travis/build/icyphy/ptII/ptolemy/domains/de/test/auto/DEScheduleTest.xml (RunModel)" time="0.02" />
  <testcase classname="ptolemy.util.test.junit.AutoTests" name="[15] /home/travis/build/icyphy/ptII/ptolemy/domains/de/test/auto/DEinDEwithStartTimes.xml (RunModel)" time="0.012" />
  <testcase classname="ptolemy.util.test.junit.AutoTests" name="[16] /home/travis/build/icyphy/ptII/ptolemy/domains/de/test/auto/DEinDEwithStartTimes2.xml (RunModel)" time="0.01" />
  <testcase classname="ptolemy.util.test.junit.AutoTests" name="[17] /home/travis/build/icyphy/ptII/ptolemy/domains/de/test/auto/DateDemo.xml (RunModel)" time="0.025" />
  <testcase classname="ptolemy.util.test.junit.AutoTests" name="[18] /home/travis/build/icyphy/ptII/ptolemy/domains/de/test/auto/DateToEvent.xml (RunModel)" time="2.034" />
  <testcase classname="ptolemy.util.test.junit.AutoTests" name="[19] /home/travis/build/icyphy/ptII/ptolemy/domains/de/test/auto/DepthTest1.xml (RunModel)" time="0.019" />
  <testcase classname="ptolemy.util.test.junit.AutoTests" name="[20] /home/travis/build/icyphy/ptII/ptolemy/domains/de/test/auto/DepthTest2.xml (RunModel)" time="0.023" />
  <testcase classname="ptolemy.util.test.junit.AutoTests" name="[21] /home/travis/build/icyphy/ptII/ptolemy/domains/de/test/auto/DepthTest3.xml (RunModel)" time="0.007" />
  <testcase classname="ptolemy.util.test.junit.AutoTests" name="[22] /home/travis/build/icyphy/ptII/ptolemy/domains/de/test/auto/DepthTest4.xml (RunModel)" time="0.012" />
  <testcase classname="ptolemy.util.test.junit.AutoTests" name="[23] /home/travis/build/icyphy/ptII/ptolemy/domains/de/test/auto/DepthTest5.xml (RunModel)" time="0.014" />
  <testcase classname="ptolemy.util.test.junit.AutoTests" name="[24] /home/travis/build/icyphy/ptII/ptolemy/domains/de/test/auto/DepthTest6.xml (RunModel)" time="0.013" />
  <testcase classname="ptolemy.util.test.junit.AutoTests" name="[25] /home/travis/build/icyphy/ptII/ptolemy/domains/de/test/auto/DepthTest7.xml (RunModel)" time="0.012" />
  <testcase classname="ptolemy.util.test.junit.AutoTests" name="[26] /home/travis/build/icyphy/ptII/ptolemy/domains/de/test/auto/EventToDate.xml (RunModel)" time="3.037" />
  <testcase classname="ptolemy.util.test.junit.AutoTests" name="[27] /home/travis/build/icyphy/ptII/ptolemy/domains/de/test/auto/FSM1.xml (RunModel)" time="0.033" />
  <testcase classname="ptolemy.util.test.junit.AutoTests" name="[28] /home/travis/build/icyphy/ptII/ptolemy/domains/de/test/auto/FSM7.xml (RunModel)" time="0.031" />
  <testcase classname="ptolemy.util.test.junit.AutoTests" name="[29] /home/travis/build/icyphy/ptII/ptolemy/domains/de/test/auto/Inspection.xml (RunModel)" time="0.041" />
  <testcase classname="ptolemy.util.test.junit.AutoTests" name="[30] /home/travis/build/icyphy/ptII/ptolemy/domains/de/test/auto/Iteration.xml (RunModel)" time="0.027" />
  <testcase classname="ptolemy.util.test.junit.AutoTests" name="[31] /home/travis/build/icyphy/ptII/ptolemy/domains/de/test/auto/LineFault.xml (RunModel)" time="0.632" />
  <testcase classname="ptolemy.util.test.junit.AutoTests" name="[32] /home/travis/build/icyphy/ptII/ptolemy/domains/de/test/auto/MergeModel1Add.xml (RunModel)" time="0.057" />
  <testcase classname="ptolemy.util.test.junit.AutoTests" name="[33] /home/travis/build/icyphy/ptII/ptolemy/domains/de/test/auto/MergeModel2Add.xml (RunModel)" time="0.041" />
  <testcase classname="ptolemy.util.test.junit.AutoTests" name="[34] /home/travis/build/icyphy/ptII/ptolemy/domains/de/test/auto/MergeModel3Add.xml (RunModel)" time="0.042" />
  <testcase classname="ptolemy.util.test.junit.AutoTests" name="[35] /home/travis/build/icyphy/ptII/ptolemy/domains/de/test/auto/MergeWithoutDiscard.xml (RunModel)" time="0.011" />
  <testcase classname="ptolemy.util.test.junit.AutoTests" name="[36] /home/travis/build/icyphy/ptII/ptolemy/domains/de/test/auto/Modal1.xml (RunModel)" time="0.033" />
  <testcase classname="ptolemy.util.test.junit.AutoTests" name="[37] /home/travis/build/icyphy/ptII/ptolemy/domains/de/test/auto/Modal2.xml (RunModel)" time="0.028" />
  <testcase classname="ptolemy.util.test.junit.AutoTests" name="[38] /home/travis/build/icyphy/ptII/ptolemy/domains/de/test/auto/Modal3.xml (RunModel)" time="0.037" />
  <testcase classname="ptolemy.util.test.junit.AutoTests" name="[39] /home/travis/build/icyphy/ptII/ptolemy/domains/de/test/auto/Modal4.xml (RunModel)" time="0.036" />
  <testcase classname="ptolemy.util.test.junit.AutoTests" name="[40] /home/travis/build/icyphy/ptII/ptolemy/domains/de/test/auto/Modal5.xml (RunModel)" time="0.035" />
  <testcase classname="ptolemy.util.test.junit.AutoTests" name="[41] /home/travis/build/icyphy/ptII/ptolemy/domains/de/test/auto/Modal6.xml (RunModel)" time="0.031" />
  <testcase classname="ptolemy.util.test.junit.AutoTests" name="[42] /home/travis/build/icyphy/ptII/ptolemy/domains/de/test/auto/Modal7.xml (RunModel)" time="0.033" />
  <testcase classname="ptolemy.util.test.junit.AutoTests" name="[43] /home/travis/build/icyphy/ptII/ptolemy/domains/de/test/auto/ModalModel.xml (RunModel)" time="0.172" />
  <testcase classname="ptolemy.util.test.junit.AutoTests" name="[44] /home/travis/build/icyphy/ptII/ptolemy/domains/de/test/auto/ModalSource.xml (RunModel)" time="0.017" />
  <testcase classname="ptolemy.util.test.junit.AutoTests" name="[45] /home/travis/build/icyphy/ptII/ptolemy/domains/de/test/auto/NonInterruptibleTimerZeroDelay.xml (RunModel)" time="0.009" />
  <testcase classname="ptolemy.util.test.junit.AutoTests" name="[46] /home/travis/build/icyphy/ptII/ptolemy/domains/de/test/auto/OpenQueueingNetwork.xml (RunModel)" time="2.51" />
  <testcase classname="ptolemy.util.test.junit.AutoTests" name="[47] /home/travis/build/icyphy/ptII/ptolemy/domains/de/test/auto/OpenQueuingNetwork.xml (RunModel)" time="0.332" />
  <testcase classname="ptolemy.util.test.junit.AutoTests" name="[48] /home/travis/build/icyphy/ptII/ptolemy/domains/de/test/auto/PeriodicSampler.xml (RunModel)" time="0.009" />
  <testcase classname="ptolemy.util.test.junit.AutoTests" name="[49] /home/travis/build/icyphy/ptII/ptolemy/domains/de/test/auto/PersistentIO.xml (RunModel)" time="0.019" />
  <testcase classname="ptolemy.util.test.junit.AutoTests" name="[50] /home/travis/build/icyphy/ptII/ptolemy/domains/de/test/auto/PortParameterResetOnInitialize.xml (RunModel)" time="0.009" />
  <testcase classname="ptolemy.util.test.junit.AutoTests" name="[51] /home/travis/build/icyphy/ptII/ptolemy/domains/de/test/auto/PortParameterUpdates.xml (RunModel)" time="0.019" />
  <testcase classname="ptolemy.util.test.junit.AutoTests" name="[52] /home/travis/build/icyphy/ptII/ptolemy/domains/de/test/auto/QueueAndServer.xml (RunModel)" time="0.02" />
  <testcase classname="ptolemy.util.test.junit.AutoTests" name="[53] /home/travis/build/icyphy/ptII/ptolemy/domains/de/test/auto/Records.xml (RunModel)" time="0.021" />
  <testcase classname="ptolemy.util.test.junit.AutoTests" name="[54] /home/travis/build/icyphy/ptII/ptolemy/domains/de/test/auto/ResetTransitionWithStartTime1.xml (RunModel)" time="0.018" />
  <testcase classname="ptolemy.util.test.junit.AutoTests" name="[55] /home/travis/build/icyphy/ptII/ptolemy/domains/de/test/auto/ResetTransitionWithStartTime2.xml (RunModel)" time="0.016" />
  <testcase classname="ptolemy.util.test.junit.AutoTests" name="[56] /home/travis/build/icyphy/ptII/ptolemy/domains/de/test/auto/ResetTransitionWithStartTime3.xml (RunModel)" time="0.018" />
  <testcase classname="ptolemy.util.test.junit.AutoTests" name="[57] /home/travis/build/icyphy/ptII/ptolemy/domains/de/test/auto/ResetTransitionWithStartTime4.xml (RunModel)" time="0.021" />
  <testcase classname="ptolemy.util.test.junit.AutoTests" name="[58] /home/travis/build/icyphy/ptII/ptolemy/domains/de/test/auto/ResettableTimer1.xml (RunModel)" time="0.011" />
  <testcase classname="ptolemy.util.test.junit.AutoTests" name="[59] /home/travis/build/icyphy/ptII/ptolemy/domains/de/test/auto/ResettableTimer2.xml (RunModel)" time="0.01" />
  <testcase classname="ptolemy.util.test.junit.AutoTests" name="[60] /home/travis/build/icyphy/ptII/ptolemy/domains/de/test/auto/ResettableTimer3.xml (RunModel)" time="0.009" />
  <testcase classname="ptolemy.util.test.junit.AutoTests" name="[61] /home/travis/build/icyphy/ptII/ptolemy/domains/de/test/auto/ResettableTimer4.xml (RunModel)" time="0.009" />
  <testcase classname="ptolemy.util.test.junit.AutoTests" name="[62] /home/travis/build/icyphy/ptII/ptolemy/domains/de/test/auto/ResettableTimer5.xml (RunModel)" time="0.009" />
  <testcase classname="ptolemy.util.test.junit.AutoTests" name="[63] /home/travis/build/icyphy/ptII/ptolemy/domains/de/test/auto/ResettableTimer6.xml (RunModel)" time="0.018" />
  <testcase classname="ptolemy.util.test.junit.AutoTests" name="[64] /home/travis/build/icyphy/ptII/ptolemy/domains/de/test/auto/ServerZeroDelay.xml (RunModel)" time="0.012" />
  <testcase classname="ptolemy.util.test.junit.AutoTests" name="[65] /home/travis/build/icyphy/ptII/ptolemy/domains/de/test/auto/SmartSender.xml (RunModel)" time="3.009" />
  <testcase classname="ptolemy.util.test.junit.AutoTests" name="[66] /home/travis/build/icyphy/ptII/ptolemy/domains/de/test/auto/ThreadedComposite.xml (RunModel)" time="0.147" />
  <testcase classname="ptolemy.util.test.junit.AutoTests" name="[67] /home/travis/build/icyphy/ptII/ptolemy/domains/de/test/auto/Time.xml (RunModel)" time="0.455" />
  <testcase classname="ptolemy.util.test.junit.AutoTests" name="[68] /home/travis/build/icyphy/ptII/ptolemy/domains/de/test/auto/TimeDelayZeroDelay.xml (RunModel)" time="0.02" />
  <testcase classname="ptolemy.util.test.junit.AutoTests" name="[69] /home/travis/build/icyphy/ptII/ptolemy/domains/de/test/auto/TimerZeroDelay.xml (RunModel)" time="0.009" />
  <testcase classname="ptolemy.util.test.junit.AutoTests" name="[70] /home/travis/build/icyphy/ptII/ptolemy/domains/de/test/auto/TimingParadox.xml (RunModel)" time="0.383" />
  <testcase classname="ptolemy.util.test.junit.AutoTests" name="[71] /home/travis/build/icyphy/ptII/ptolemy/domains/de/test/auto/TransferInputs.xml (RunModel)" time="0.016" />
  <testcase classname="ptolemy.util.test.junit.AutoTests" name="[72] /home/travis/build/icyphy/ptII/ptolemy/domains/de/test/auto/TransferOutputs2.xml (RunModel)" time="0.017" />
  <testcase classname="ptolemy.util.test.junit.AutoTests" name="[73] /home/travis/build/icyphy/ptII/ptolemy/domains/de/test/auto/Trilateration.xml (RunModel)" time="11.572" />
  <testcase classname="ptolemy.util.test.junit.AutoTests" name="[74] /home/travis/build/icyphy/ptII/ptolemy/domains/de/test/auto/TwoSigmaDelta.xml (RunModel)" time="1.957" />
  <testcase classname="ptolemy.util.test.junit.AutoTests" name="[75] /home/travis/build/icyphy/ptII/ptolemy/domains/de/test/auto/VariableDelay.xml (RunModel)" time="0.011" />
  <testcase classname="ptolemy.util.test.junit.AutoTests" name="[76] /home/travis/build/icyphy/ptII/ptolemy/domains/de/test/auto/VariableDelay2.xml (RunModel)" time="0.01" />
  <testcase classname="ptolemy.util.test.junit.AutoTests" name="[77] /home/travis/build/icyphy/ptII/ptolemy/domains/de/test/auto/VariableDelayZeroDelay.xml (RunModel)" time="0.011" />
  <testcase classname="ptolemy.util.test.junit.AutoTests" name="[78] /home/travis/build/icyphy/ptII/ptolemy/domains/de/test/auto/VariableDelayZeroDelay2.xml (RunModel)" time="0.009" />
  <testcase classname="ptolemy.util.test.junit.AutoTests" name="[79] /home/travis/build/icyphy/ptII/ptolemy/domains/de/test/auto/deInCt.xml (RunModel)" time="0.015" />
  <testcase classname="ptolemy.util.test.junit.AutoTests" name="[80] /home/travis/build/icyphy/ptII/ptolemy/domains/de/test/auto/deInCt2.xml (RunModel)" time="0.018" />
  <testcase classname="ptolemy.util.test.junit.AutoTests" name="[81] /home/travis/build/icyphy/ptII/ptolemy/domains/de/test/auto/dynamicCausalityInterface1.xml (RunModel)" time="0.027" />
  <testcase classname="ptolemy.util.test.junit.AutoTests" name="[82] /home/travis/build/icyphy/ptII/ptolemy/domains/de/test/auto/fsm_de_test.xml (RunModel)" time="0.026" />
  <testcase classname="ptolemy.util.test.junit.AutoTests" name="[83] /home/travis/build/icyphy/ptII/ptolemy/domains/de/test/auto/functionDependencyReconstruction.xml (RunModel)" time="0.034" />
  <testcase classname="ptolemy.util.test.junit.AutoTests" name="[84] /home/travis/build/icyphy/ptII/ptolemy/domains/de/test/auto/multirate.xml (RunModel)" time="0.018" />
  <testcase classname="ptolemy.util.test.junit.AutoTests" name="[85] /home/travis/build/icyphy/ptII/ptolemy/domains/de/test/auto/multirate2.xml (RunModel)" time="0.018" />
  <testcase classname="ptolemy.util.test.junit.AutoTests" name="[86] /home/travis/build/icyphy/ptII/ptolemy/domains/de/test/auto/realtime.xml (RunModel)" time="10.012" />
  <testcase classname="ptolemy.util.test.junit.AutoTests" name="[87] /home/travis/build/icyphy/ptII/ptolemy/domains/de/test/auto/relationGroup.xml (RunModel)" time="0.009" />
  <testcase classname="ptolemy.util.test.junit.AutoTests" name="[88] /home/travis/build/icyphy/ptII/ptolemy/domains/de/test/auto/relationGroup2.xml (RunModel)" time="0.007" />
  <testcase classname="ptolemy.util.test.junit.AutoTests" name="[89] /home/travis/build/icyphy/ptII/ptolemy/domains/de/test/auto/sortWithOpaquePorts.xml (RunModel)" time="0.008" />
  <testcase classname="ptolemy.util.test.junit.AutoTests" name="[90] /home/travis/build/icyphy/ptII/ptolemy/domains/de/test/auto/transferInputsandOutputs.xml (RunModel)" time="0.014" />
  <testcase classname="ptolemy.util.test.junit.AutoTests" name="[91] /home/travis/build/icyphy/ptII/ptolemy/domains/de/test/auto/triggerType.xml (RunModel)" time="0.009" />
  <system-out><![CDATA[/home/travis/build/icyphy/ptII/ptolemy/domains/de/test/DependencyLoop.tcl
testDefs.tcl: setting time out to 9000 seconds at Tue May 08 01:04:00 UTC 2018
14 ms. Memory: 116224K Free: 95114K (82%)
13 ms. Memory: 146944K Free: 137491K (94%)
/home/travis/build/icyphy/ptII/ptolemy/domains/de/test/RunDETestsAsQSS.tcl
Run the DE tests using ptolemy.domains.qss.test.QSSDirectorTest, which extends QSSDirector and prints a message in the constructors.
------------------ testing $PTII/ptolemy/domains/de/test/auto/knownFailedTests/dependencyLoop.xml (Known Failure) 
24 ms. Memory: 146944K Free: 133216K (91%)


==== $PTIIhome/travis/build/icyphy/ptII/ptolemy/domains/de/test/../../../../: Auto Automatic test in file $PTII/ptolemy/domains/de/test/auto/knownFailedTests/dependencyLoop.xml
==== Contents of test case:

	    # FIXME: we should use $relativeFilename here, but it
	    # might have backslashes under Windows, which causes no end
	    # of trouble.
	    createAndExecute $file
	    list {}
	
.... Test generated KNOWN error:
    while executing
ptolemy.kernel.util.IllegalActionException: Found a zero delay loop containing .dependencyLoop.original
  in .dependencyLoop and .dependencyLoop.original
	at ptolemy.actor.util.CausalityInterfaceForComposites._computeOutputPortDepth(CausalityInterfaceForComposites.java:759)
	at ptolemy.actor.util.CausalityInterfaceForComposites._computeInputDepth(CausalityInterfaceForComposites.java:696)
	at ptolemy.actor.util.CausalityInterfaceForComposites._computeOutputPortDepth(CausalityInterfaceForComposites.java:765)
	at ptolemy.actor.util.CausalityInterfaceForComposites._computeInputDepth(CausalityInterfaceForComposites.java:696)
	at ptolemy.actor.util.CausalityInterfaceForComposites._computeOutputPortDepth(CausalityInterfaceForComposites.java:765)
	at ptolemy.actor.util.CausalityInterfaceForComposites._computeInputDepth(CausalityInterfaceForComposites.java:696)
	at ptolemy.actor.util.CausalityInterfaceForComposites._computeActorDepth(CausalityInterfaceForComposites.java:532)
	at ptolemy.actor.util.CausalityInterfaceForComposites.checkForCycles(CausalityInterfaceForComposites.java:96)
	at ptolemy.domains.de.kernel.DEDirector.preinitialize(DEDirector.java:1337)
	at ptolemy.actor.CompositeActor.preinitialize(CompositeActor.java:1828)
	at ptolemy.actor.Manager.preinitializeAndResolveTypes(Manager.java:1040)
	at ptolemy.actor.Manager.initialize(Manager.java:710)
	at ptolemy.actor.Manager.execute(Manager.java:356)
	at ptolemy.actor.Manager.run(Manager.java:1263)
	at ptolemy.actor.Manager$PtolemyRunThread.run(Manager.java:1915)

    while executing
ptolemy.kernel.util.IllegalActionException: Found a zero delay loop containing .dependencyLoop.original
  in .dependencyLoop and .dependencyLoop.original
    while executing
"java::new ptolemy.moml.MoMLSimpleApplication $file
"
    (procedure "createAndExecute" line 2)
    invoked from within
"createAndExecute $file"
    ("uplevel" body line 5)
    invoked from within
"uplevel $contents_of_test"
------------------ testing $PTII/ptolemy/domains/de/test/auto/knownFailedTests/DESDFClockTest.xml (Known Failure) 
2051 ms. Memory: 146944K Free: 117907K (80%)


==== $PTIIhome/travis/build/icyphy/ptII/ptolemy/domains/de/test/../../../../: Auto Automatic test in file $PTII/ptolemy/domains/de/test/auto/knownFailedTests/DESDFClockTest.xml
==== Contents of test case:

	    # FIXME: we should use $relativeFilename here, but it
	    # might have backslashes under Windows, which causes no end
	    # of trouble.
	    createAndExecute $file
	    list {}
	
.... Test generated KNOWN error:
    while executing
ptolemy.kernel.util.IllegalActionException: Actor is not ready to fire.  Perhaps UpSample.prefire() returned false? Try debugging the actor by selecting "Listen to Actor".  Also, for SDF check moml for tokenConsumptionRate on input.
  in .DESDFClockTest.Play Bell.Copy1:SDF Director and .DESDFClockTest.Play Bell.UpSample
	at ptolemy.actor.sched.StaticSchedulingDirector.fire(StaticSchedulingDirector.java:227)
	at ptolemy.domains.sdf.kernel.SDFDirector.fire(SDFDirector.java:500)
	at ptolemy.actor.CompositeActor.fire(CompositeActor.java:455)
	at ptolemy.domains.de.kernel.DEDirector._fire(DEDirector.java:1948)
	at ptolemy.domains.de.kernel.DEDirector.fire(DEDirector.java:502)
	at ptolemy.actor.CompositeActor.fire(CompositeActor.java:455)
	at ptolemy.actor.Manager.iterate(Manager.java:851)
	at ptolemy.actor.Manager.execute(Manager.java:369)
	at ptolemy.actor.Manager.run(Manager.java:1263)
	at ptolemy.actor.Manager$PtolemyRunThread.run(Manager.java:1915)

    while executing
ptolemy.kernel.util.IllegalActionException: Actor is not ready to fire.  Perhaps UpSample.prefire() returned false? Try debugging the actor by selecting "Listen to Actor".  Also, for SDF check moml for tokenConsumptionRate on input.
  in .DESDFClockTest.Play Bell.Copy1:SDF Director and .DESDFClockTest.Play Bell.UpSample
    while executing
"java::new ptolemy.moml.MoMLSimpleApplication $file
"
    (procedure "createAndExecute" line 2)
    invoked from within
"createAndExecute $file"
    ("uplevel" body line 5)
    invoked from within
"uplevel $contents_of_test"
------------------ testing $PTII/ptolemy/domains/de/test/auto/knownFailedTests/FSMSource.xml (Known Failure) 
42 ms. Memory: 146944K Free: 108440K (74%)
!!!! Auto was marked as failing, but now passes
------------------ testing $PTII/ptolemy/domains/de/test/auto/knownFailedTests/dependencyLoop2.xml (Known Failure) 
10 ms. Memory: 146944K Free: 106581K (73%)


==== $PTIIhome/travis/build/icyphy/ptII/ptolemy/domains/de/test/../../../../: Auto Automatic test in file $PTII/ptolemy/domains/de/test/auto/knownFailedTests/dependencyLoop2.xml
==== Contents of test case:

	    # FIXME: we should use $relativeFilename here, but it
	    # might have backslashes under Windows, which causes no end
	    # of trouble.
	    createAndExecute $file
	    list {}
	
.... Test generated KNOWN error:
    while executing
ptolemy.kernel.util.IllegalActionException: Found a zero delay loop containing .dependencyLoop2.original
  in .dependencyLoop2 and .dependencyLoop2.original
	at ptolemy.actor.util.CausalityInterfaceForComposites._computeOutputPortDepth(CausalityInterfaceForComposites.java:759)
	at ptolemy.actor.util.CausalityInterfaceForComposites._computeInputDepth(CausalityInterfaceForComposites.java:696)
	at ptolemy.actor.util.CausalityInterfaceForComposites._computeOutputPortDepth(CausalityInterfaceForComposites.java:765)
	at ptolemy.actor.util.CausalityInterfaceForComposites._computeInputDepth(CausalityInterfaceForComposites.java:696)
	at ptolemy.actor.util.CausalityInterfaceForComposites._computeOutputPortDepth(CausalityInterfaceForComposites.java:765)
	at ptolemy.actor.util.CausalityInterfaceForComposites._computeInputDepth(CausalityInterfaceForComposites.java:696)
	at ptolemy.actor.util.CausalityInterfaceForComposites._computeActorDepth(CausalityInterfaceForComposites.java:532)
	at ptolemy.actor.util.CausalityInterfaceForComposites.checkForCycles(CausalityInterfaceForComposites.java:96)
	at ptolemy.domains.de.kernel.DEDirector.preinitialize(DEDirector.java:1337)
	at ptolemy.actor.CompositeActor.preinitialize(CompositeActor.java:1828)
	at ptolemy.actor.Manager.preinitializeAndResolveTypes(Manager.java:1040)
	at ptolemy.actor.Manager.initialize(Manager.java:710)
	at ptolemy.actor.Manager.execute(Manager.java:356)
	at ptolemy.actor.Manager.run(Manager.java:1263)
	at ptolemy.actor.Manager$PtolemyRunThread.run(Manager.java:1915)

    while executing
ptolemy.kernel.util.IllegalActionException: Found a zero delay loop containing .dependencyLoop2.original
  in .dependencyLoop2 and .dependencyLoop2.original
    while executing
"java::new ptolemy.moml.MoMLSimpleApplication $file
"
    (procedure "createAndExecute" line 2)
    invoked from within
"createAndExecute $file"
    ("uplevel" body line 5)
    invoked from within
"uplevel $contents_of_test"
------------------ testing $PTII/ptolemy/domains/de/test/auto/knownFailedTests/HierarchicalModel.xml (Known Failure) 
5 ms. Memory: 146944K Free: 85022K (58%)


==== $PTIIhome/travis/build/icyphy/ptII/ptolemy/domains/de/test/../../../../: Auto Automatic test in file $PTII/ptolemy/domains/de/test/auto/knownFailedTests/HierarchicalModel.xml
==== Contents of test case:

	    # FIXME: we should use $relativeFilename here, but it
	    # might have backslashes under Windows, which causes no end
	    # of trouble.
	    createAndExecute $file
	    list {}
	
.... Test generated KNOWN error:
    while executing
ptolemy.kernel.util.IllegalActionException: Found a zero delay loop containing .HierarchicalModel.A
  in .HierarchicalModel and .HierarchicalModel.A
	at ptolemy.actor.util.CausalityInterfaceForComposites._computeOutputPortDepth(CausalityInterfaceForComposites.java:759)
	at ptolemy.actor.util.CausalityInterfaceForComposites._computeInputDepth(CausalityInterfaceForComposites.java:696)
	at ptolemy.actor.util.CausalityInterfaceForComposites._computeOutputPortDepth(CausalityInterfaceForComposites.java:765)
	at ptolemy.actor.util.CausalityInterfaceForComposites._computeInputDepth(CausalityInterfaceForComposites.java:696)
	at ptolemy.actor.util.CausalityInterfaceForComposites._computeOutputPortDepth(CausalityInterfaceForComposites.java:765)
	at ptolemy.actor.util.CausalityInterfaceForComposites._computeInputDepth(CausalityInterfaceForComposites.java:696)
	at ptolemy.actor.util.CausalityInterfaceForComposites._computeActorDepth(CausalityInterfaceForComposites.java:532)
	at ptolemy.actor.util.CausalityInterfaceForComposites.checkForCycles(CausalityInterfaceForComposites.java:96)
	at ptolemy.domains.de.kernel.DEDirector.preinitialize(DEDirector.java:1337)
	at ptolemy.actor.CompositeActor.preinitialize(CompositeActor.java:1828)
	at ptolemy.actor.Manager.preinitializeAndResolveTypes(Manager.java:1040)
	at ptolemy.actor.Manager.initialize(Manager.java:710)
	at ptolemy.actor.Manager.execute(Manager.java:356)
	at ptolemy.actor.Manager.run(Manager.java:1263)
	at ptolemy.actor.Manager$PtolemyRunThread.run(Manager.java:1915)

    while executing
ptolemy.kernel.util.IllegalActionException: Found a zero delay loop containing .HierarchicalModel.A
  in .HierarchicalModel and .HierarchicalModel.A
    while executing
"java::new ptolemy.moml.MoMLSimpleApplication $file
"
    (procedure "createAndExecute" line 2)
    invoked from within
"createAndExecute $file"
    ("uplevel" body line 5)
    invoked from within
"uplevel $contents_of_test"
------------------ testing $PTII/ptolemy/domains/de/test/auto/knownFailedTests/DirectFeedback.xml (Known Failure) 
22 ms. Memory: 146944K Free: 142326K (97%)


==== $PTIIhome/travis/build/icyphy/ptII/ptolemy/domains/de/test/../../../../: Auto Automatic test in file $PTII/ptolemy/domains/de/test/auto/knownFailedTests/DirectFeedback.xml
==== Contents of test case:

	    # FIXME: we should use $relativeFilename here, but it
	    # might have backslashes under Windows, which causes no end
	    # of trouble.
	    createAndExecute $file
	    list {}
	
.... Test generated KNOWN error:
    while executing
ptolemy.kernel.util.IllegalActionException: Test fails in iteration 1.
Value was: 1.0. Should have been: 2.0
  in .DirectFeedback.Test
	at ptolemy.actor.lib.Test.fire(Test.java:268)
	at ptolemy.domains.de.kernel.DEDirector._fire(DEDirector.java:1948)
	at ptolemy.domains.de.kernel.DEDirector.fire(DEDirector.java:502)
	at ptolemy.actor.CompositeActor.fire(CompositeActor.java:455)
	at ptolemy.actor.Manager.iterate(Manager.java:851)
	at ptolemy.actor.Manager.execute(Manager.java:369)
	at ptolemy.actor.Manager.run(Manager.java:1263)
	at ptolemy.actor.Manager$PtolemyRunThread.run(Manager.java:1915)

    while executing
ptolemy.kernel.util.IllegalActionException: Test fails in iteration 1.
Value was: 1.0. Should have been: 2.0
  in .DirectFeedback.Test
    while executing
"java::new ptolemy.moml.MoMLSimpleApplication $file
"
    (procedure "createAndExecute" line 2)
    invoked from within
"createAndExecute $file"
    ("uplevel" body line 5)
    invoked from within
"uplevel $contents_of_test"
------------------ testing $PTII/ptolemy/domains/de/test/auto/ActorDepthCalculation_actorWithoutPorts.xml
auto.tcl: Setting watchdog for 200 seconds at Tue May 08 01:04:03 UTC 2018
4 ms. Memory: 146944K Free: 133635K (91%)
ptolemy.util.test.WatchDog.cancel(): canceling Tue May 08 01:04:03 UTC 2018
auto.tcl: Setting watchdog for 200 seconds at Tue May 08 01:04:03 UTC 2018
5 ms. Memory: 146944K Free: 132599K (90%)
ptolemy.util.test.WatchDog.cancel(): canceling Tue May 08 01:04:03 UTC 2018
------------------ testing $PTII/ptolemy/domains/de/test/auto/AssemblyLine.xml
auto.tcl: Setting watchdog for 200 seconds at Tue May 08 01:04:04 UTC 2018
19 ms. Memory: 208384K Free: 186336K (89%)
ptolemy.util.test.WatchDog.cancel(): canceling Tue May 08 01:04:04 UTC 2018
auto.tcl: Setting watchdog for 200 seconds at Tue May 08 01:04:04 UTC 2018
7 ms. Memory: 208384K Free: 186336K (89%)
ptolemy.util.test.WatchDog.cancel(): canceling Tue May 08 01:04:04 UTC 2018
------------------ testing $PTII/ptolemy/domains/de/test/auto/CQBug1.xml
auto.tcl: Setting watchdog for 200 seconds at Tue May 08 01:04:04 UTC 2018
13 ms. Memory: 208384K Free: 197725K (95%)
ptolemy.util.test.WatchDog.cancel(): canceling Tue May 08 01:04:04 UTC 2018
auto.tcl: Setting watchdog for 200 seconds at Tue May 08 01:04:04 UTC 2018
2 ms. Memory: 208384K Free: 197725K (95%)
ptolemy.util.test.WatchDog.cancel(): canceling Tue May 08 01:04:04 UTC 2018
------------------ testing $PTII/ptolemy/domains/de/test/auto/CancelFireAt.xml
auto.tcl: Setting watchdog for 200 seconds at Tue May 08 01:04:04 UTC 2018
4 ms. Memory: 208384K Free: 201444K (97%)
ptolemy.util.test.WatchDog.cancel(): canceling Tue May 08 01:04:04 UTC 2018
auto.tcl: Setting watchdog for 200 seconds at Tue May 08 01:04:04 UTC 2018
2 ms. Memory: 208384K Free: 199345K (96%)
ptolemy.util.test.WatchDog.cancel(): canceling Tue May 08 01:04:04 UTC 2018
------------------ testing $PTII/ptolemy/domains/de/test/auto/CausalityAndComposabilityAnalysis.xml
auto.tcl: Setting watchdog for 200 seconds at Tue May 08 01:04:04 UTC 2018
16 ms. Memory: 208384K Free: 196507K (94%)
ptolemy.util.test.WatchDog.cancel(): canceling Tue May 08 01:04:04 UTC 2018
auto.tcl: Setting watchdog for 200 seconds at Tue May 08 01:04:04 UTC 2018
5 ms. Memory: 208384K Free: 196507K (94%)
ptolemy.util.test.WatchDog.cancel(): canceling Tue May 08 01:04:04 UTC 2018
------------------ testing $PTII/ptolemy/domains/de/test/auto/CausalityInterface1.xml
auto.tcl: Setting watchdog for 200 seconds at Tue May 08 01:04:04 UTC 2018
22 ms. Memory: 208384K Free: 196445K (94%)
ptolemy.util.test.WatchDog.cancel(): canceling Tue May 08 01:04:04 UTC 2018
auto.tcl: Setting watchdog for 200 seconds at Tue May 08 01:04:04 UTC 2018
4 ms. Memory: 208384K Free: 196445K (94%)
ptolemy.util.test.WatchDog.cancel(): canceling Tue May 08 01:04:04 UTC 2018
------------------ testing $PTII/ptolemy/domains/de/test/auto/CausalityInterface15.xml
auto.tcl: Setting watchdog for 200 seconds at Tue May 08 01:04:04 UTC 2018
15 ms. Memory: 208384K Free: 196436K (94%)
ptolemy.util.test.WatchDog.cancel(): canceling Tue May 08 01:04:04 UTC 2018
auto.tcl: Setting watchdog for 200 seconds at Tue May 08 01:04:04 UTC 2018
8 ms. Memory: 208384K Free: 196436K (94%)
ptolemy.util.test.WatchDog.cancel(): canceling Tue May 08 01:04:04 UTC 2018
------------------ testing $PTII/ptolemy/domains/de/test/auto/CausalityInterface2.xml
auto.tcl: Setting watchdog for 200 seconds at Tue May 08 01:04:04 UTC 2018
7 ms. Memory: 208384K Free: 196420K (94%)
ptolemy.util.test.WatchDog.cancel(): canceling Tue May 08 01:04:04 UTC 2018
auto.tcl: Setting watchdog for 200 seconds at Tue May 08 01:04:04 UTC 2018
3 ms. Memory: 208384K Free: 196420K (94%)
ptolemy.util.test.WatchDog.cancel(): canceling Tue May 08 01:04:04 UTC 2018
------------------ testing $PTII/ptolemy/domains/de/test/auto/CausalityInterface3.xml
auto.tcl: Setting watchdog for 200 seconds at Tue May 08 01:04:05 UTC 2018
8 ms. Memory: 208384K Free: 196433K (94%)
ptolemy.util.test.WatchDog.cancel(): canceling Tue May 08 01:04:05 UTC 2018
auto.tcl: Setting watchdog for 200 seconds at Tue May 08 01:04:05 UTC 2018
6 ms. Memory: 208384K Free: 196433K (94%)
ptolemy.util.test.WatchDog.cancel(): canceling Tue May 08 01:04:05 UTC 2018
------------------ testing $PTII/ptolemy/domains/de/test/auto/ClockDrift.xml
auto.tcl: Setting watchdog for 200 seconds at Tue May 08 01:04:05 UTC 2018
64 ms. Memory: 208384K Free: 187667K (90%)
ptolemy.util.test.WatchDog.cancel(): canceling Tue May 08 01:04:05 UTC 2018
auto.tcl: Setting watchdog for 200 seconds at Tue May 08 01:04:05 UTC 2018
60 ms. Memory: 208384K Free: 185569K (89%)
ptolemy.util.test.WatchDog.cancel(): canceling Tue May 08 01:04:05 UTC 2018
------------------ testing $PTII/ptolemy/domains/de/test/auto/ClockDriftAndValueChange.xml
auto.tcl: Setting watchdog for 200 seconds at Tue May 08 01:04:05 UTC 2018
67 ms. Memory: 208384K Free: 187502K (90%)
ptolemy.util.test.WatchDog.cancel(): canceling Tue May 08 01:04:05 UTC 2018
auto.tcl: Setting watchdog for 200 seconds at Tue May 08 01:04:05 UTC 2018
37 ms. Memory: 208384K Free: 185404K (89%)
ptolemy.util.test.WatchDog.cancel(): canceling Tue May 08 01:04:05 UTC 2018
------------------ testing $PTII/ptolemy/domains/de/test/auto/ClockDriftChange.xml
auto.tcl: Setting watchdog for 200 seconds at Tue May 08 01:04:05 UTC 2018
50 ms. Memory: 208384K Free: 190824K (92%)
ptolemy.util.test.WatchDog.cancel(): canceling Tue May 08 01:04:05 UTC 2018
auto.tcl: Setting watchdog for 200 seconds at Tue May 08 01:04:05 UTC 2018
35 ms. Memory: 208384K Free: 188725K (91%)
ptolemy.util.test.WatchDog.cancel(): canceling Tue May 08 01:04:05 UTC 2018
------------------ testing $PTII/ptolemy/domains/de/test/auto/ComposableCausalityAnalysis.xml
auto.tcl: Setting watchdog for 200 seconds at Tue May 08 01:04:05 UTC 2018
2 ms. Memory: 208384K Free: 196285K (94%)
ptolemy.util.test.WatchDog.cancel(): canceling Tue May 08 01:04:05 UTC 2018
auto.tcl: Setting watchdog for 200 seconds at Tue May 08 01:04:05 UTC 2018
3 ms. Memory: 208384K Free: 194187K (93%)
ptolemy.util.test.WatchDog.cancel(): canceling Tue May 08 01:04:05 UTC 2018
------------------ testing $PTII/ptolemy/domains/de/test/auto/DEFixedPointLimitation.xml
auto.tcl: Setting watchdog for 200 seconds at Tue May 08 01:04:05 UTC 2018
2 ms. Memory: 208384K Free: 196366K (94%)
ptolemy.util.test.WatchDog.cancel(): canceling Tue May 08 01:04:05 UTC 2018
auto.tcl: Setting watchdog for 200 seconds at Tue May 08 01:04:05 UTC 2018
2 ms. Memory: 208384K Free: 196366K (94%)
ptolemy.util.test.WatchDog.cancel(): canceling Tue May 08 01:04:05 UTC 2018
------------------ testing $PTII/ptolemy/domains/de/test/auto/DEScheduleTest.xml
auto.tcl: Setting watchdog for 200 seconds at Tue May 08 01:04:05 UTC 2018
4 ms. Memory: 208384K Free: 198500K (95%)
ptolemy.util.test.WatchDog.cancel(): canceling Tue May 08 01:04:05 UTC 2018
auto.tcl: Setting watchdog for 200 seconds at Tue May 08 01:04:05 UTC 2018
7 ms. Memory: 208384K Free: 196402K (94%)
ptolemy.util.test.WatchDog.cancel(): canceling Tue May 08 01:04:05 UTC 2018
------------------ testing $PTII/ptolemy/domains/de/test/auto/DEinDEwithStartTimes.xml
auto.tcl: Setting watchdog for 200 seconds at Tue May 08 01:04:06 UTC 2018
5 ms. Memory: 208384K Free: 196371K (94%)
ptolemy.util.test.WatchDog.cancel(): canceling Tue May 08 01:04:06 UTC 2018
auto.tcl: Setting watchdog for 200 seconds at Tue May 08 01:04:06 UTC 2018
5 ms. Memory: 208384K Free: 194273K (93%)
ptolemy.util.test.WatchDog.cancel(): canceling Tue May 08 01:04:06 UTC 2018
------------------ testing $PTII/ptolemy/domains/de/test/auto/DEinDEwithStartTimes2.xml
auto.tcl: Setting watchdog for 200 seconds at Tue May 08 01:04:06 UTC 2018
9 ms. Memory: 208384K Free: 196688K (94%)
ptolemy.util.test.WatchDog.cancel(): canceling Tue May 08 01:04:06 UTC 2018
auto.tcl: Setting watchdog for 200 seconds at Tue May 08 01:04:06 UTC 2018
5 ms. Memory: 208384K Free: 194252K (93%)
ptolemy.util.test.WatchDog.cancel(): canceling Tue May 08 01:04:06 UTC 2018
------------------ testing $PTII/ptolemy/domains/de/test/auto/DateDemo.xml
auto.tcl: Setting watchdog for 200 seconds at Tue May 08 01:04:06 UTC 2018
16 ms. Memory: 208384K Free: 188793K (91%)
ptolemy.util.test.WatchDog.cancel(): canceling Tue May 08 01:04:06 UTC 2018
auto.tcl: Setting watchdog for 200 seconds at Tue May 08 01:04:06 UTC 2018
8 ms. Memory: 208384K Free: 186695K (90%)
ptolemy.util.test.WatchDog.cancel(): canceling Tue May 08 01:04:06 UTC 2018
------------------ testing $PTII/ptolemy/domains/de/test/auto/DateToEvent.xml
auto.tcl: Setting watchdog for 200 seconds at Tue May 08 01:04:06 UTC 2018
2019 ms. Memory: 208384K Free: 183520K (88%)
ptolemy.util.test.WatchDog.cancel(): canceling Tue May 08 01:04:08 UTC 2018
auto.tcl: Setting watchdog for 200 seconds at Tue May 08 01:04:08 UTC 2018
2006 ms. Memory: 208384K Free: 181062K (87%)
ptolemy.util.test.WatchDog.cancel(): canceling Tue May 08 01:04:10 UTC 2018
------------------ testing $PTII/ptolemy/domains/de/test/auto/DepthTest1.xml
auto.tcl: Setting watchdog for 200 seconds at Tue May 08 01:04:10 UTC 2018
3 ms. Memory: 208384K Free: 197703K (95%)
ptolemy.util.test.WatchDog.cancel(): canceling Tue May 08 01:04:10 UTC 2018
auto.tcl: Setting watchdog for 200 seconds at Tue May 08 01:04:10 UTC 2018
1 ms. Memory: 208384K Free: 197703K (95%)
ptolemy.util.test.WatchDog.cancel(): canceling Tue May 08 01:04:10 UTC 2018
------------------ testing $PTII/ptolemy/domains/de/test/auto/DepthTest2.xml
auto.tcl: Setting watchdog for 200 seconds at Tue May 08 01:04:10 UTC 2018
7 ms. Memory: 208384K Free: 193906K (93%)
ptolemy.util.test.WatchDog.cancel(): canceling Tue May 08 01:04:10 UTC 2018
auto.tcl: Setting watchdog for 200 seconds at Tue May 08 01:04:10 UTC 2018
6 ms. Memory: 208384K Free: 193906K (93%)
ptolemy.util.test.WatchDog.cancel(): canceling Tue May 08 01:04:10 UTC 2018
------------------ testing $PTII/ptolemy/domains/de/test/auto/DepthTest3.xml
auto.tcl: Setting watchdog for 200 seconds at Tue May 08 01:04:10 UTC 2018
3 ms. Memory: 208384K Free: 198373K (95%)
ptolemy.util.test.WatchDog.cancel(): canceling Tue May 08 01:04:10 UTC 2018
auto.tcl: Setting watchdog for 200 seconds at Tue May 08 01:04:10 UTC 2018
2 ms. Memory: 208384K Free: 198373K (95%)
ptolemy.util.test.WatchDog.cancel(): canceling Tue May 08 01:04:10 UTC 2018
------------------ testing $PTII/ptolemy/domains/de/test/auto/DepthTest4.xml
auto.tcl: Setting watchdog for 200 seconds at Tue May 08 01:04:10 UTC 2018
3 ms. Memory: 208384K Free: 196024K (94%)
ptolemy.util.test.WatchDog.cancel(): canceling Tue May 08 01:04:10 UTC 2018
auto.tcl: Setting watchdog for 200 seconds at Tue May 08 01:04:10 UTC 2018
2 ms. Memory: 208384K Free: 196024K (94%)
ptolemy.util.test.WatchDog.cancel(): canceling Tue May 08 01:04:10 UTC 2018
------------------ testing $PTII/ptolemy/domains/de/test/auto/DepthTest5.xml
auto.tcl: Setting watchdog for 200 seconds at Tue May 08 01:04:10 UTC 2018
5 ms. Memory: 208384K Free: 196309K (94%)
ptolemy.util.test.WatchDog.cancel(): canceling Tue May 08 01:04:10 UTC 2018
auto.tcl: Setting watchdog for 200 seconds at Tue May 08 01:04:10 UTC 2018
3 ms. Memory: 208384K Free: 196309K (94%)
ptolemy.util.test.WatchDog.cancel(): canceling Tue May 08 01:04:10 UTC 2018
------------------ testing $PTII/ptolemy/domains/de/test/auto/DepthTest6.xml
auto.tcl: Setting watchdog for 200 seconds at Tue May 08 01:04:10 UTC 2018
10 ms. Memory: 208384K Free: 195940K (94%)
ptolemy.util.test.WatchDog.cancel(): canceling Tue May 08 01:04:10 UTC 2018
auto.tcl: Setting watchdog for 200 seconds at Tue May 08 01:04:10 UTC 2018
2 ms. Memory: 208384K Free: 195940K (94%)
ptolemy.util.test.WatchDog.cancel(): canceling Tue May 08 01:04:10 UTC 2018
------------------ testing $PTII/ptolemy/domains/de/test/auto/DepthTest7.xml
auto.tcl: Setting watchdog for 200 seconds at Tue May 08 01:04:11 UTC 2018
7 ms. Memory: 208384K Free: 195928K (94%)
ptolemy.util.test.WatchDog.cancel(): canceling Tue May 08 01:04:11 UTC 2018
auto.tcl: Setting watchdog for 200 seconds at Tue May 08 01:04:11 UTC 2018
3 ms. Memory: 208384K Free: 195928K (94%)
ptolemy.util.test.WatchDog.cancel(): canceling Tue May 08 01:04:11 UTC 2018
------------------ testing $PTII/ptolemy/domains/de/test/auto/EventToDate.xml
auto.tcl: Setting watchdog for 200 seconds at Tue May 08 01:04:11 UTC 2018
3009 ms. Memory: 208384K Free: 185458K (89%)
ptolemy.util.test.WatchDog.cancel(): canceling Tue May 08 01:04:14 UTC 2018
auto.tcl: Setting watchdog for 200 seconds at Tue May 08 01:04:14 UTC 2018
3005 ms. Memory: 208384K Free: 185458K (89%)
ptolemy.util.test.WatchDog.cancel(): canceling Tue May 08 01:04:17 UTC 2018
------------------ testing $PTII/ptolemy/domains/de/test/auto/FSM1.xml
auto.tcl: Setting watchdog for 200 seconds at Tue May 08 01:04:17 UTC 2018
36 ms. Memory: 208384K Free: 186886K (90%)
ptolemy.util.test.WatchDog.cancel(): canceling Tue May 08 01:04:17 UTC 2018
auto.tcl: Setting watchdog for 200 seconds at Tue May 08 01:04:17 UTC 2018
39 ms. Memory: 208384K Free: 184787K (89%)
ptolemy.util.test.WatchDog.cancel(): canceling Tue May 08 01:04:17 UTC 2018
------------------ testing $PTII/ptolemy/domains/de/test/auto/FSM7.xml
auto.tcl: Setting watchdog for 200 seconds at Tue May 08 01:04:17 UTC 2018
16 ms. Memory: 208384K Free: 187087K (90%)
ptolemy.util.test.WatchDog.cancel(): canceling Tue May 08 01:04:17 UTC 2018
auto.tcl: Setting watchdog for 200 seconds at Tue May 08 01:04:17 UTC 2018
16 ms. Memory: 208384K Free: 184989K (89%)
ptolemy.util.test.WatchDog.cancel(): canceling Tue May 08 01:04:17 UTC 2018
------------------ testing $PTII/ptolemy/domains/de/test/auto/Inspection.xml
auto.tcl: Setting watchdog for 200 seconds at Tue May 08 01:04:17 UTC 2018
45 ms. Memory: 208384K Free: 188304K (90%)
ptolemy.util.test.WatchDog.cancel(): canceling Tue May 08 01:04:17 UTC 2018
auto.tcl: Setting watchdog for 200 seconds at Tue May 08 01:04:17 UTC 2018
30 ms. Memory: 208384K Free: 186206K (89%)
ptolemy.util.test.WatchDog.cancel(): canceling Tue May 08 01:04:17 UTC 2018
------------------ testing $PTII/ptolemy/domains/de/test/auto/Iteration.xml
auto.tcl: Setting watchdog for 200 seconds at Tue May 08 01:04:17 UTC 2018
18 ms. Memory: 208384K Free: 193638K (93%)
ptolemy.util.test.WatchDog.cancel(): canceling Tue May 08 01:04:17 UTC 2018
auto.tcl: Setting watchdog for 200 seconds at Tue May 08 01:04:17 UTC 2018
7 ms. Memory: 208384K Free: 193638K (93%)
ptolemy.util.test.WatchDog.cancel(): canceling Tue May 08 01:04:17 UTC 2018
------------------ testing $PTII/ptolemy/domains/de/test/auto/LineFault.xml
auto.tcl: Setting watchdog for 200 seconds at Tue May 08 01:04:17 UTC 2018
703 ms. Memory: 208384K Free: 195941K (94%)
ptolemy.util.test.WatchDog.cancel(): canceling Tue May 08 01:04:18 UTC 2018
auto.tcl: Setting watchdog for 200 seconds at Tue May 08 01:04:18 UTC 2018
684 ms. Memory: 208384K Free: 138654K (67%)
ptolemy.util.test.WatchDog.cancel(): canceling Tue May 08 01:04:19 UTC 2018
------------------ testing $PTII/ptolemy/domains/de/test/auto/MergeModel1Add.xml
auto.tcl: Setting watchdog for 200 seconds at Tue May 08 01:04:19 UTC 2018
16 ms. Memory: 331264K Free: 302419K (91%)
ptolemy.util.test.WatchDog.cancel(): canceling Tue May 08 01:04:19 UTC 2018
auto.tcl: Setting watchdog for 200 seconds at Tue May 08 01:04:19 UTC 2018
14 ms. Memory: 331264K Free: 298457K (90%)
ptolemy.util.test.WatchDog.cancel(): canceling Tue May 08 01:04:19 UTC 2018
------------------ testing $PTII/ptolemy/domains/de/test/auto/MergeModel2Add.xml
auto.tcl: Setting watchdog for 200 seconds at Tue May 08 01:04:19 UTC 2018
12 ms. Memory: 331264K Free: 303758K (92%)
ptolemy.util.test.WatchDog.cancel(): canceling Tue May 08 01:04:19 UTC 2018
auto.tcl: Setting watchdog for 200 seconds at Tue May 08 01:04:19 UTC 2018
9 ms. Memory: 331264K Free: 299796K (91%)
ptolemy.util.test.WatchDog.cancel(): canceling Tue May 08 01:04:19 UTC 2018
------------------ testing $PTII/ptolemy/domains/de/test/auto/MergeModel3Add.xml
auto.tcl: Setting watchdog for 200 seconds at Tue May 08 01:04:19 UTC 2018
11 ms. Memory: 331264K Free: 303768K (92%)
ptolemy.util.test.WatchDog.cancel(): canceling Tue May 08 01:04:19 UTC 2018
auto.tcl: Setting watchdog for 200 seconds at Tue May 08 01:04:19 UTC 2018
9 ms. Memory: 331264K Free: 299806K (91%)
ptolemy.util.test.WatchDog.cancel(): canceling Tue May 08 01:04:19 UTC 2018
------------------ testing $PTII/ptolemy/domains/de/test/auto/MergeWithoutDiscard.xml
auto.tcl: Setting watchdog for 200 seconds at Tue May 08 01:04:19 UTC 2018
4 ms. Memory: 331264K Free: 319211K (96%)
ptolemy.util.test.WatchDog.cancel(): canceling Tue May 08 01:04:19 UTC 2018
auto.tcl: Setting watchdog for 200 seconds at Tue May 08 01:04:19 UTC 2018
2 ms. Memory: 331264K Free: 315246K (95%)
ptolemy.util.test.WatchDog.cancel(): canceling Tue May 08 01:04:19 UTC 2018
------------------ testing $PTII/ptolemy/domains/de/test/auto/Modal1.xml
auto.tcl: Setting watchdog for 200 seconds at Tue May 08 01:04:20 UTC 2018
13 ms. Memory: 331264K Free: 309127K (93%)
ptolemy.util.test.WatchDog.cancel(): canceling Tue May 08 01:04:20 UTC 2018
auto.tcl: Setting watchdog for 200 seconds at Tue May 08 01:04:20 UTC 2018
13 ms. Memory: 331264K Free: 305165K (92%)
ptolemy.util.test.WatchDog.cancel(): canceling Tue May 08 01:04:20 UTC 2018
------------------ testing $PTII/ptolemy/domains/de/test/auto/Modal2.xml
auto.tcl: Setting watchdog for 200 seconds at Tue May 08 01:04:20 UTC 2018
21 ms. Memory: 331264K Free: 309017K (93%)
ptolemy.util.test.WatchDog.cancel(): canceling Tue May 08 01:04:20 UTC 2018
auto.tcl: Setting watchdog for 200 seconds at Tue May 08 01:04:20 UTC 2018
19 ms. Memory: 331264K Free: 305056K (92%)
ptolemy.util.test.WatchDog.cancel(): canceling Tue May 08 01:04:20 UTC 2018
------------------ testing $PTII/ptolemy/domains/de/test/auto/Modal3.xml
auto.tcl: Setting watchdog for 200 seconds at Tue May 08 01:04:20 UTC 2018
18 ms. Memory: 331264K Free: 308999K (93%)
ptolemy.util.test.WatchDog.cancel(): canceling Tue May 08 01:04:20 UTC 2018
auto.tcl: Setting watchdog for 200 seconds at Tue May 08 01:04:20 UTC 2018
17 ms. Memory: 331264K Free: 305037K (92%)
ptolemy.util.test.WatchDog.cancel(): canceling Tue May 08 01:04:20 UTC 2018
------------------ testing $PTII/ptolemy/domains/de/test/auto/Modal4.xml
auto.tcl: Setting watchdog for 200 seconds at Tue May 08 01:04:20 UTC 2018
30 ms. Memory: 331264K Free: 308803K (93%)
ptolemy.util.test.WatchDog.cancel(): canceling Tue May 08 01:04:20 UTC 2018
auto.tcl: Setting watchdog for 200 seconds at Tue May 08 01:04:20 UTC 2018
30 ms. Memory: 331264K Free: 304841K (92%)
ptolemy.util.test.WatchDog.cancel(): canceling Tue May 08 01:04:20 UTC 2018
------------------ testing $PTII/ptolemy/domains/de/test/auto/Modal5.xml
auto.tcl: Setting watchdog for 200 seconds at Tue May 08 01:04:20 UTC 2018
17 ms. Memory: 331264K Free: 308789K (93%)
ptolemy.util.test.WatchDog.cancel(): canceling Tue May 08 01:04:20 UTC 2018
auto.tcl: Setting watchdog for 200 seconds at Tue May 08 01:04:20 UTC 2018
15 ms. Memory: 331264K Free: 304827K (92%)
ptolemy.util.test.WatchDog.cancel(): canceling Tue May 08 01:04:20 UTC 2018
------------------ testing $PTII/ptolemy/domains/de/test/auto/Modal6.xml
auto.tcl: Setting watchdog for 200 seconds at Tue May 08 01:04:20 UTC 2018
16 ms. Memory: 331264K Free: 308786K (93%)
ptolemy.util.test.WatchDog.cancel(): canceling Tue May 08 01:04:20 UTC 2018
auto.tcl: Setting watchdog for 200 seconds at Tue May 08 01:04:20 UTC 2018
20 ms. Memory: 331264K Free: 304824K (92%)
ptolemy.util.test.WatchDog.cancel(): canceling Tue May 08 01:04:20 UTC 2018
------------------ testing $PTII/ptolemy/domains/de/test/auto/Modal7.xml
auto.tcl: Setting watchdog for 200 seconds at Tue May 08 01:04:20 UTC 2018
18 ms. Memory: 331264K Free: 308787K (93%)
ptolemy.util.test.WatchDog.cancel(): canceling Tue May 08 01:04:20 UTC 2018
auto.tcl: Setting watchdog for 200 seconds at Tue May 08 01:04:20 UTC 2018
12 ms. Memory: 331264K Free: 304825K (92%)
ptolemy.util.test.WatchDog.cancel(): canceling Tue May 08 01:04:20 UTC 2018
------------------ testing $PTII/ptolemy/domains/de/test/auto/ModalModel.xml
auto.tcl: Setting watchdog for 200 seconds at Tue May 08 01:04:20 UTC 2018
264 ms. Memory: 331264K Free: 245259K (74%)
ptolemy.util.test.WatchDog.cancel(): canceling Tue May 08 01:04:21 UTC 2018
auto.tcl: Setting watchdog for 200 seconds at Tue May 08 01:04:21 UTC 2018
220 ms. Memory: 331264K Free: 189793K (57%)
ptolemy.util.test.WatchDog.cancel(): canceling Tue May 08 01:04:21 UTC 2018
------------------ testing $PTII/ptolemy/domains/de/test/auto/ModalSource.xml
auto.tcl: Setting watchdog for 200 seconds at Tue May 08 01:04:21 UTC 2018
8 ms. Memory: 331264K Free: 315780K (95%)
ptolemy.util.test.WatchDog.cancel(): canceling Tue May 08 01:04:21 UTC 2018
auto.tcl: Setting watchdog for 200 seconds at Tue May 08 01:04:21 UTC 2018
7 ms. Memory: 331264K Free: 312253K (94%)
ptolemy.util.test.WatchDog.cancel(): canceling Tue May 08 01:04:21 UTC 2018
------------------ testing $PTII/ptolemy/domains/de/test/auto/NonInterruptibleTimerZeroDelay.xml
auto.tcl: Setting watchdog for 200 seconds at Tue May 08 01:04:21 UTC 2018
4 ms. Memory: 331264K Free: 319773K (97%)
ptolemy.util.test.WatchDog.cancel(): canceling Tue May 08 01:04:21 UTC 2018
auto.tcl: Setting watchdog for 200 seconds at Tue May 08 01:04:21 UTC 2018
2 ms. Memory: 331264K Free: 316247K (95%)
ptolemy.util.test.WatchDog.cancel(): canceling Tue May 08 01:04:21 UTC 2018
------------------ testing $PTII/ptolemy/domains/de/test/auto/OpenQueueingNetwork.xml
auto.tcl: Setting watchdog for 200 seconds at Tue May 08 01:04:21 UTC 2018
3531 ms. Memory: 307712K Free: 142529K (46%)
ptolemy.util.test.WatchDog.cancel(): canceling Tue May 08 01:04:25 UTC 2018
auto.tcl: Setting watchdog for 200 seconds at Tue May 08 01:04:25 UTC 2018
2696 ms. Memory: 278528K Free: 201080K (72%)
ptolemy.util.test.WatchDog.cancel(): canceling Tue May 08 01:04:28 UTC 2018
------------------ testing $PTII/ptolemy/domains/de/test/auto/OpenQueuingNetwork.xml
auto.tcl: Setting watchdog for 200 seconds at Tue May 08 01:04:28 UTC 2018
269 ms. Memory: 278528K Free: 178243K (64%)
ptolemy.util.test.WatchDog.cancel(): canceling Tue May 08 01:04:28 UTC 2018
auto.tcl: Setting watchdog for 200 seconds at Tue May 08 01:04:28 UTC 2018
259 ms. Memory: 278528K Free: 117947K (42%)
ptolemy.util.test.WatchDog.cancel(): canceling Tue May 08 01:04:28 UTC 2018
------------------ testing $PTII/ptolemy/domains/de/test/auto/PeriodicSampler.xml
auto.tcl: Setting watchdog for 200 seconds at Tue May 08 01:04:28 UTC 2018
3 ms. Memory: 281088K Free: 265720K (95%)
ptolemy.util.test.WatchDog.cancel(): canceling Tue May 08 01:04:28 UTC 2018
auto.tcl: Setting watchdog for 200 seconds at Tue May 08 01:04:28 UTC 2018
2 ms. Memory: 281088K Free: 265720K (95%)
ptolemy.util.test.WatchDog.cancel(): canceling Tue May 08 01:04:28 UTC 2018
------------------ testing $PTII/ptolemy/domains/de/test/auto/PersistentIO.xml
auto.tcl: Setting watchdog for 200 seconds at Tue May 08 01:04:28 UTC 2018
13 ms. Memory: 278528K Free: 258253K (93%)
ptolemy.util.test.WatchDog.cancel(): canceling Tue May 08 01:04:28 UTC 2018
auto.tcl: Setting watchdog for 200 seconds at Tue May 08 01:04:28 UTC 2018
4 ms. Memory: 278528K Free: 258253K (93%)
ptolemy.util.test.WatchDog.cancel(): canceling Tue May 08 01:04:28 UTC 2018
------------------ testing $PTII/ptolemy/domains/de/test/auto/PortParameterResetOnInitialize.xml
auto.tcl: Setting watchdog for 200 seconds at Tue May 08 01:04:28 UTC 2018
5 ms. Memory: 280576K Free: 265556K (95%)
ptolemy.util.test.WatchDog.cancel(): canceling Tue May 08 01:04:29 UTC 2018
auto.tcl: Setting watchdog for 200 seconds at Tue May 08 01:04:29 UTC 2018
2 ms. Memory: 280576K Free: 265556K (95%)
ptolemy.util.test.WatchDog.cancel(): canceling Tue May 08 01:04:29 UTC 2018
------------------ testing $PTII/ptolemy/domains/de/test/auto/PortParameterUpdates.xml
auto.tcl: Setting watchdog for 200 seconds at Tue May 08 01:04:29 UTC 2018
4 ms. Memory: 278528K Free: 263749K (95%)
ptolemy.util.test.WatchDog.cancel(): canceling Tue May 08 01:04:29 UTC 2018
auto.tcl: Setting watchdog for 200 seconds at Tue May 08 01:04:29 UTC 2018
4 ms. Memory: 278528K Free: 261004K (94%)
ptolemy.util.test.WatchDog.cancel(): canceling Tue May 08 01:04:29 UTC 2018
------------------ testing $PTII/ptolemy/domains/de/test/auto/QueueAndServer.xml
auto.tcl: Setting watchdog for 200 seconds at Tue May 08 01:04:29 UTC 2018
13 ms. Memory: 280576K Free: 264874K (94%)
ptolemy.util.test.WatchDog.cancel(): canceling Tue May 08 01:04:29 UTC 2018
auto.tcl: Setting watchdog for 200 seconds at Tue May 08 01:04:29 UTC 2018
7 ms. Memory: 280576K Free: 264874K (94%)
ptolemy.util.test.WatchDog.cancel(): canceling Tue May 08 01:04:29 UTC 2018
------------------ testing $PTII/ptolemy/domains/de/test/auto/Records.xml
auto.tcl: Setting watchdog for 200 seconds at Tue May 08 01:04:29 UTC 2018
4 ms. Memory: 278528K Free: 265512K (95%)
ptolemy.util.test.WatchDog.cancel(): canceling Tue May 08 01:04:29 UTC 2018
auto.tcl: Setting watchdog for 200 seconds at Tue May 08 01:04:29 UTC 2018
2 ms. Memory: 278528K Free: 265512K (95%)
ptolemy.util.test.WatchDog.cancel(): canceling Tue May 08 01:04:29 UTC 2018
------------------ testing $PTII/ptolemy/domains/de/test/auto/ResetTransitionWithStartTime1.xml
auto.tcl: Setting watchdog for 200 seconds at Tue May 08 01:04:29 UTC 2018
11 ms. Memory: 280064K Free: 262446K (94%)
ptolemy.util.test.WatchDog.cancel(): canceling Tue May 08 01:04:29 UTC 2018
auto.tcl: Setting watchdog for 200 seconds at Tue May 08 01:04:29 UTC 2018
6 ms. Memory: 280064K Free: 259588K (93%)
ptolemy.util.test.WatchDog.cancel(): canceling Tue May 08 01:04:29 UTC 2018
------------------ testing $PTII/ptolemy/domains/de/test/auto/ResetTransitionWithStartTime2.xml
auto.tcl: Setting watchdog for 200 seconds at Tue May 08 01:04:29 UTC 2018
8 ms. Memory: 278528K Free: 260909K (94%)
ptolemy.util.test.WatchDog.cancel(): canceling Tue May 08 01:04:29 UTC 2018
auto.tcl: Setting watchdog for 200 seconds at Tue May 08 01:04:29 UTC 2018
7 ms. Memory: 278528K Free: 258148K (93%)
ptolemy.util.test.WatchDog.cancel(): canceling Tue May 08 01:04:29 UTC 2018
------------------ testing $PTII/ptolemy/domains/de/test/auto/ResetTransitionWithStartTime3.xml
auto.tcl: Setting watchdog for 200 seconds at Tue May 08 01:04:29 UTC 2018
6 ms. Memory: 280064K Free: 262347K (94%)
ptolemy.util.test.WatchDog.cancel(): canceling Tue May 08 01:04:29 UTC 2018
auto.tcl: Setting watchdog for 200 seconds at Tue May 08 01:04:29 UTC 2018
7 ms. Memory: 280064K Free: 259593K (93%)
ptolemy.util.test.WatchDog.cancel(): canceling Tue May 08 01:04:29 UTC 2018
------------------ testing $PTII/ptolemy/domains/de/test/auto/ResetTransitionWithStartTime4.xml
auto.tcl: Setting watchdog for 200 seconds at Tue May 08 01:04:29 UTC 2018
4 ms. Memory: 278528K Free: 262789K (94%)
ptolemy.util.test.WatchDog.cancel(): canceling Tue May 08 01:04:29 UTC 2018
auto.tcl: Setting watchdog for 200 seconds at Tue May 08 01:04:29 UTC 2018
3 ms. Memory: 278528K Free: 262789K (94%)
ptolemy.util.test.WatchDog.cancel(): canceling Tue May 08 01:04:29 UTC 2018
------------------ testing $PTII/ptolemy/domains/de/test/auto/ResettableTimer1.xml
auto.tcl: Setting watchdog for 200 seconds at Tue May 08 01:04:29 UTC 2018
6 ms. Memory: 280064K Free: 267058K (95%)
ptolemy.util.test.WatchDog.cancel(): canceling Tue May 08 01:04:29 UTC 2018
auto.tcl: Setting watchdog for 200 seconds at Tue May 08 01:04:29 UTC 2018
2 ms. Memory: 280064K Free: 267058K (95%)
ptolemy.util.test.WatchDog.cancel(): canceling Tue May 08 01:04:29 UTC 2018
------------------ testing $PTII/ptolemy/domains/de/test/auto/ResettableTimer2.xml
auto.tcl: Setting watchdog for 200 seconds at Tue May 08 01:04:29 UTC 2018
4 ms. Memory: 278528K Free: 265676K (95%)
ptolemy.util.test.WatchDog.cancel(): canceling Tue May 08 01:04:29 UTC 2018
auto.tcl: Setting watchdog for 200 seconds at Tue May 08 01:04:29 UTC 2018
2 ms. Memory: 278528K Free: 265676K (95%)
ptolemy.util.test.WatchDog.cancel(): canceling Tue May 08 01:04:29 UTC 2018
------------------ testing $PTII/ptolemy/domains/de/test/auto/ResettableTimer3.xml
auto.tcl: Setting watchdog for 200 seconds at Tue May 08 01:04:29 UTC 2018
1 ms. Memory: 279552K Free: 266612K (95%)
ptolemy.util.test.WatchDog.cancel(): canceling Tue May 08 01:04:29 UTC 2018
auto.tcl: Setting watchdog for 200 seconds at Tue May 08 01:04:29 UTC 2018
1 ms. Memory: 279552K Free: 266612K (95%)
ptolemy.util.test.WatchDog.cancel(): canceling Tue May 08 01:04:29 UTC 2018
------------------ testing $PTII/ptolemy/domains/de/test/auto/ResettableTimer4.xml
auto.tcl: Setting watchdog for 200 seconds at Tue May 08 01:04:29 UTC 2018
2 ms. Memory: 278528K Free: 265689K (95%)
ptolemy.util.test.WatchDog.cancel(): canceling Tue May 08 01:04:29 UTC 2018
auto.tcl: Setting watchdog for 200 seconds at Tue May 08 01:04:29 UTC 2018
1 ms. Memory: 278528K Free: 265689K (95%)
ptolemy.util.test.WatchDog.cancel(): canceling Tue May 08 01:04:29 UTC 2018
------------------ testing $PTII/ptolemy/domains/de/test/auto/ResettableTimer5.xml
auto.tcl: Setting watchdog for 200 seconds at Tue May 08 01:04:29 UTC 2018
2 ms. Memory: 279552K Free: 264643K (95%)
ptolemy.util.test.WatchDog.cancel(): canceling Tue May 08 01:04:29 UTC 2018
auto.tcl: Setting watchdog for 200 seconds at Tue May 08 01:04:29 UTC 2018
1 ms. Memory: 279552K Free: 264643K (95%)
ptolemy.util.test.WatchDog.cancel(): canceling Tue May 08 01:04:29 UTC 2018
------------------ testing $PTII/ptolemy/domains/de/test/auto/ResettableTimer6.xml
auto.tcl: Setting watchdog for 200 seconds at Tue May 08 01:04:29 UTC 2018
3 ms. Memory: 278528K Free: 265540K (95%)
ptolemy.util.test.WatchDog.cancel(): canceling Tue May 08 01:04:29 UTC 2018
auto.tcl: Setting watchdog for 200 seconds at Tue May 08 01:04:29 UTC 2018
2 ms. Memory: 278528K Free: 265540K (95%)
ptolemy.util.test.WatchDog.cancel(): canceling Tue May 08 01:04:29 UTC 2018
------------------ testing $PTII/ptolemy/domains/de/test/auto/ServerZeroDelay.xml
auto.tcl: Setting watchdog for 200 seconds at Tue May 08 01:04:29 UTC 2018
3 ms. Memory: 279552K Free: 266651K (95%)
ptolemy.util.test.WatchDog.cancel(): canceling Tue May 08 01:04:29 UTC 2018
auto.tcl: Setting watchdog for 200 seconds at Tue May 08 01:04:29 UTC 2018
3 ms. Memory: 279552K Free: 266651K (95%)
ptolemy.util.test.WatchDog.cancel(): canceling Tue May 08 01:04:30 UTC 2018
------------------ testing $PTII/ptolemy/domains/de/test/auto/SmartSender.xml
auto.tcl: Setting watchdog for 200 seconds at Tue May 08 01:04:30 UTC 2018
3001 ms. Memory: 278528K Free: 265623K (95%)
ptolemy.util.test.WatchDog.cancel(): canceling Tue May 08 01:04:33 UTC 2018
auto.tcl: Setting watchdog for 200 seconds at Tue May 08 01:04:33 UTC 2018
3001 ms. Memory: 278528K Free: 265623K (95%)
ptolemy.util.test.WatchDog.cancel(): canceling Tue May 08 01:04:36 UTC 2018
------------------ testing $PTII/ptolemy/domains/de/test/auto/ThreadedComposite.xml
auto.tcl: Setting watchdog for 200 seconds at Tue May 08 01:04:36 UTC 2018
196 ms. Memory: 279552K Free: 244505K (87%)
ptolemy.util.test.WatchDog.cancel(): canceling Tue May 08 01:04:36 UTC 2018
auto.tcl: Setting watchdog for 200 seconds at Tue May 08 01:04:36 UTC 2018
181 ms. Memory: 279552K Free: 227187K (81%)
ptolemy.util.test.WatchDog.cancel(): canceling Tue May 08 01:04:36 UTC 2018
------------------ testing $PTII/ptolemy/domains/de/test/auto/Time.xml
auto.tcl: Setting watchdog for 200 seconds at Tue May 08 01:04:36 UTC 2018
571 ms. Memory: 278528K Free: 214015K (77%)
ptolemy.util.test.WatchDog.cancel(): canceling Tue May 08 01:04:37 UTC 2018
auto.tcl: Setting watchdog for 200 seconds at Tue May 08 01:04:37 UTC 2018
496 ms. Memory: 278528K Free: 161853K (58%)
ptolemy.util.test.WatchDog.cancel(): canceling Tue May 08 01:04:37 UTC 2018
------------------ testing $PTII/ptolemy/domains/de/test/auto/TimeDelayZeroDelay.xml
auto.tcl: Setting watchdog for 200 seconds at Tue May 08 01:04:37 UTC 2018
4 ms. Memory: 279040K Free: 266566K (96%)
ptolemy.util.test.WatchDog.cancel(): canceling Tue May 08 01:04:37 UTC 2018
auto.tcl: Setting watchdog for 200 seconds at Tue May 08 01:04:37 UTC 2018
2 ms. Memory: 279040K Free: 266566K (96%)
ptolemy.util.test.WatchDog.cancel(): canceling Tue May 08 01:04:37 UTC 2018
------------------ testing $PTII/ptolemy/domains/de/test/auto/TimerZeroDelay.xml
auto.tcl: Setting watchdog for 200 seconds at Tue May 08 01:04:37 UTC 2018
2 ms. Memory: 278528K Free: 266153K (96%)
ptolemy.util.test.WatchDog.cancel(): canceling Tue May 08 01:04:37 UTC 2018
auto.tcl: Setting watchdog for 200 seconds at Tue May 08 01:04:37 UTC 2018
2 ms. Memory: 278528K Free: 266153K (96%)
ptolemy.util.test.WatchDog.cancel(): canceling Tue May 08 01:04:37 UTC 2018
------------------ testing $PTII/ptolemy/domains/de/test/auto/TimingParadox.xml
auto.tcl: Setting watchdog for 200 seconds at Tue May 08 01:04:37 UTC 2018
337 ms. Memory: 279040K Free: 200890K (72%)
ptolemy.util.test.WatchDog.cancel(): canceling Tue May 08 01:04:38 UTC 2018
auto.tcl: Setting watchdog for 200 seconds at Tue May 08 01:04:38 UTC 2018
313 ms. Memory: 279040K Free: 166349K (60%)
ptolemy.util.test.WatchDog.cancel(): canceling Tue May 08 01:04:38 UTC 2018
------------------ testing $PTII/ptolemy/domains/de/test/auto/TransferInputs.xml
auto.tcl: Setting watchdog for 200 seconds at Tue May 08 01:04:38 UTC 2018
2 ms. Memory: 279040K Free: 265523K (95%)
ptolemy.util.test.WatchDog.cancel(): canceling Tue May 08 01:04:38 UTC 2018
auto.tcl: Setting watchdog for 200 seconds at Tue May 08 01:04:38 UTC 2018
2 ms. Memory: 279040K Free: 265523K (95%)
ptolemy.util.test.WatchDog.cancel(): canceling Tue May 08 01:04:38 UTC 2018
------------------ testing $PTII/ptolemy/domains/de/test/auto/TransferOutputs2.xml
auto.tcl: Setting watchdog for 200 seconds at Tue May 08 01:04:38 UTC 2018
3 ms. Memory: 278528K Free: 261648K (94%)
ptolemy.util.test.WatchDog.cancel(): canceling Tue May 08 01:04:38 UTC 2018
auto.tcl: Setting watchdog for 200 seconds at Tue May 08 01:04:38 UTC 2018
9 ms. Memory: 278528K Free: 259138K (93%)
ptolemy.util.test.WatchDog.cancel(): canceling Tue May 08 01:04:38 UTC 2018
------------------ testing $PTII/ptolemy/domains/de/test/auto/Trilateration.xml
auto.tcl: Setting watchdog for 200 seconds at Tue May 08 01:04:38 UTC 2018
13283 ms. Memory: 352256K Free: 171415K (49%)
ptolemy.util.test.WatchDog.cancel(): canceling Tue May 08 01:04:53 UTC 2018
auto.tcl: Setting watchdog for 200 seconds at Tue May 08 01:04:53 UTC 2018
10327 ms. Memory: 242688K Free: 79380K (33%)
ptolemy.util.test.WatchDog.cancel(): canceling Tue May 08 01:05:03 UTC 2018
------------------ testing $PTII/ptolemy/domains/de/test/auto/TwoSigmaDelta.xml
auto.tcl: Setting watchdog for 200 seconds at Tue May 08 01:05:03 UTC 2018
2962 ms. Memory: 236544K Free: 94694K (40%)
ptolemy.util.test.WatchDog.cancel(): canceling Tue May 08 01:05:06 UTC 2018
auto.tcl: Setting watchdog for 200 seconds at Tue May 08 01:05:06 UTC 2018
2353 ms. Memory: 223744K Free: 150691K (67%)
ptolemy.util.test.WatchDog.cancel(): canceling Tue May 08 01:05:09 UTC 2018
------------------ testing $PTII/ptolemy/domains/de/test/auto/VariableDelay.xml
auto.tcl: Setting watchdog for 200 seconds at Tue May 08 01:05:09 UTC 2018
4 ms. Memory: 224768K Free: 211977K (94%)
ptolemy.util.test.WatchDog.cancel(): canceling Tue May 08 01:05:09 UTC 2018
auto.tcl: Setting watchdog for 200 seconds at Tue May 08 01:05:09 UTC 2018
2 ms. Memory: 224768K Free: 209998K (93%)
ptolemy.util.test.WatchDog.cancel(): canceling Tue May 08 01:05:09 UTC 2018
------------------ testing $PTII/ptolemy/domains/de/test/auto/VariableDelay2.xml
auto.tcl: Setting watchdog for 200 seconds at Tue May 08 01:05:09 UTC 2018
3 ms. Memory: 223744K Free: 211361K (94%)
ptolemy.util.test.WatchDog.cancel(): canceling Tue May 08 01:05:09 UTC 2018
auto.tcl: Setting watchdog for 200 seconds at Tue May 08 01:05:09 UTC 2018
2 ms. Memory: 223744K Free: 209382K (94%)
ptolemy.util.test.WatchDog.cancel(): canceling Tue May 08 01:05:09 UTC 2018
------------------ testing $PTII/ptolemy/domains/de/test/auto/VariableDelayZeroDelay.xml
auto.tcl: Setting watchdog for 200 seconds at Tue May 08 01:05:09 UTC 2018
2 ms. Memory: 224768K Free: 212384K (94%)
ptolemy.util.test.WatchDog.cancel(): canceling Tue May 08 01:05:09 UTC 2018
auto.tcl: Setting watchdog for 200 seconds at Tue May 08 01:05:09 UTC 2018
2 ms. Memory: 224768K Free: 212384K (94%)
ptolemy.util.test.WatchDog.cancel(): canceling Tue May 08 01:05:09 UTC 2018
------------------ testing $PTII/ptolemy/domains/de/test/auto/VariableDelayZeroDelay2.xml
auto.tcl: Setting watchdog for 200 seconds at Tue May 08 01:05:09 UTC 2018
6 ms. Memory: 223744K Free: 211374K (94%)
ptolemy.util.test.WatchDog.cancel(): canceling Tue May 08 01:05:09 UTC 2018
auto.tcl: Setting watchdog for 200 seconds at Tue May 08 01:05:09 UTC 2018
2 ms. Memory: 223744K Free: 209411K (94%)
ptolemy.util.test.WatchDog.cancel(): canceling Tue May 08 01:05:09 UTC 2018
------------------ testing $PTII/ptolemy/domains/de/test/auto/deInCt.xml
auto.tcl: Setting watchdog for 200 seconds at Tue May 08 01:05:09 UTC 2018
0
1
1
1
0
0
0
0
0
1
1
1
0
0
0
1
1
1
1
1
1
0
0
1
1
1
1
1
1
10 ms. Memory: 224768K Free: 210399K (94%)
ptolemy.util.test.WatchDog.cancel(): canceling Tue May 08 01:05:09 UTC 2018
auto.tcl: Setting watchdog for 200 seconds at Tue May 08 01:05:09 UTC 2018
0
1
1
1
1
1
0
0
0
1
1
1
0
0
0
0
1
1
1
0
0
1
1
1
0
0
0
1
1
1
0
0
0
1
1
1
1
0
0
0
1
1
1
0
0
0
0
7 ms. Memory: 224768K Free: 210399K (94%)
ptolemy.util.test.WatchDog.cancel(): canceling Tue May 08 01:05:09 UTC 2018
------------------ testing $PTII/ptolemy/domains/de/test/auto/deInCt2.xml
auto.tcl: Setting watchdog for 200 seconds at Tue May 08 01:05:09 UTC 2018
0
1
1
1
0
0
1
1
1
0
0
1
1
1
0
0
1
1
1
0
0
1
1
1
0
0
1
1
1
0
0
1
1
1
0
0
1
1
1
0
0
0
11 ms. Memory: 223744K Free: 209383K (94%)
ptolemy.util.test.WatchDog.cancel(): canceling Tue May 08 01:05:09 UTC 2018
auto.tcl: Setting watchdog for 200 seconds at Tue May 08 01:05:09 UTC 2018
0
1
1
1
0
0
1
1
1
0
0
1
1
1
0
0
1
1
1
0
0
1
1
1
0
0
1
1
1
0
0
1
1
1
0
0
1
1
1
0
0
0
8 ms. Memory: 223744K Free: 209383K (94%)
ptolemy.util.test.WatchDog.cancel(): canceling Tue May 08 01:05:09 UTC 2018
------------------ testing $PTII/ptolemy/domains/de/test/auto/dynamicCausalityInterface1.xml
auto.tcl: Setting watchdog for 200 seconds at Tue May 08 01:05:09 UTC 2018
1 ms. Memory: 224256K Free: 207405K (92%)
ptolemy.util.test.WatchDog.cancel(): canceling Tue May 08 01:05:09 UTC 2018
auto.tcl: Setting watchdog for 200 seconds at Tue May 08 01:05:09 UTC 2018
1 ms. Memory: 224256K Free: 205442K (92%)
ptolemy.util.test.WatchDog.cancel(): canceling Tue May 08 01:05:09 UTC 2018
------------------ testing $PTII/ptolemy/domains/de/test/auto/fsm_de_test.xml
auto.tcl: Setting watchdog for 200 seconds at Tue May 08 01:05:09 UTC 2018
7 ms. Memory: 223744K Free: 205340K (92%)
ptolemy.util.test.WatchDog.cancel(): canceling Tue May 08 01:05:09 UTC 2018
auto.tcl: Setting watchdog for 200 seconds at Tue May 08 01:05:09 UTC 2018
5 ms. Memory: 223744K Free: 203362K (91%)
ptolemy.util.test.WatchDog.cancel(): canceling Tue May 08 01:05:09 UTC 2018
------------------ testing $PTII/ptolemy/domains/de/test/auto/functionDependencyReconstruction.xml
auto.tcl: Setting watchdog for 200 seconds at Tue May 08 01:05:09 UTC 2018
3 ms. Memory: 224256K Free: 199969K (89%)
ptolemy.util.test.WatchDog.cancel(): canceling Tue May 08 01:05:09 UTC 2018
auto.tcl: Setting watchdog for 200 seconds at Tue May 08 01:05:09 UTC 2018
3 ms. Memory: 224256K Free: 197991K (88%)
ptolemy.util.test.WatchDog.cancel(): canceling Tue May 08 01:05:09 UTC 2018
------------------ testing $PTII/ptolemy/domains/de/test/auto/multirate.xml
auto.tcl: Setting watchdog for 200 seconds at Tue May 08 01:05:10 UTC 2018
4 ms. Memory: 223744K Free: 210572K (94%)
ptolemy.util.test.WatchDog.cancel(): canceling Tue May 08 01:05:10 UTC 2018
auto.tcl: Setting watchdog for 200 seconds at Tue May 08 01:05:10 UTC 2018
4 ms. Memory: 223744K Free: 208602K (93%)
ptolemy.util.test.WatchDog.cancel(): canceling Tue May 08 01:05:10 UTC 2018
------------------ testing $PTII/ptolemy/domains/de/test/auto/multirate2.xml
auto.tcl: Setting watchdog for 200 seconds at Tue May 08 01:05:10 UTC 2018
3 ms. Memory: 224256K Free: 209848K (94%)
ptolemy.util.test.WatchDog.cancel(): canceling Tue May 08 01:05:10 UTC 2018
auto.tcl: Setting watchdog for 200 seconds at Tue May 08 01:05:10 UTC 2018
3 ms. Memory: 224256K Free: 207877K (93%)
ptolemy.util.test.WatchDog.cancel(): canceling Tue May 08 01:05:10 UTC 2018
------------------ testing $PTII/ptolemy/domains/de/test/auto/realtime.xml
auto.tcl: Setting watchdog for 200 seconds at Tue May 08 01:05:10 UTC 2018
10001 ms. Memory: 223744K Free: 210758K (94%)
ptolemy.util.test.WatchDog.cancel(): canceling Tue May 08 01:05:20 UTC 2018
auto.tcl: Setting watchdog for 200 seconds at Tue May 08 01:05:20 UTC 2018
10001 ms. Memory: 223744K Free: 210758K (94%)
ptolemy.util.test.WatchDog.cancel(): canceling Tue May 08 01:05:30 UTC 2018
------------------ testing $PTII/ptolemy/domains/de/test/auto/relationGroup.xml
auto.tcl: Setting watchdog for 200 seconds at Tue May 08 01:05:30 UTC 2018
7 ms. Memory: 224256K Free: 213261K (95%)
ptolemy.util.test.WatchDog.cancel(): canceling Tue May 08 01:05:30 UTC 2018
auto.tcl: Setting watchdog for 200 seconds at Tue May 08 01:05:30 UTC 2018
1 ms. Memory: 224256K Free: 213261K (95%)
ptolemy.util.test.WatchDog.cancel(): canceling Tue May 08 01:05:30 UTC 2018
------------------ testing $PTII/ptolemy/domains/de/test/auto/relationGroup2.xml
auto.tcl: Setting watchdog for 200 seconds at Tue May 08 01:05:30 UTC 2018
1 ms. Memory: 223744K Free: 211352K (94%)
ptolemy.util.test.WatchDog.cancel(): canceling Tue May 08 01:05:30 UTC 2018
auto.tcl: Setting watchdog for 200 seconds at Tue May 08 01:05:30 UTC 2018
1 ms. Memory: 223744K Free: 211352K (94%)
ptolemy.util.test.WatchDog.cancel(): canceling Tue May 08 01:05:30 UTC 2018
------------------ testing $PTII/ptolemy/domains/de/test/auto/sortWithOpaquePorts.xml
auto.tcl: Setting watchdog for 200 seconds at Tue May 08 01:05:30 UTC 2018
1 ms. Memory: 224256K Free: 211873K (94%)
ptolemy.util.test.WatchDog.cancel(): canceling Tue May 08 01:05:30 UTC 2018
auto.tcl: Setting watchdog for 200 seconds at Tue May 08 01:05:30 UTC 2018
2 ms. Memory: 224256K Free: 209910K (94%)
ptolemy.util.test.WatchDog.cancel(): canceling Tue May 08 01:05:30 UTC 2018
------------------ testing $PTII/ptolemy/domains/de/test/auto/transferInputsandOutputs.xml
auto.tcl: Setting watchdog for 200 seconds at Tue May 08 01:05:30 UTC 2018
3 ms. Memory: 223744K Free: 209393K (94%)
ptolemy.util.test.WatchDog.cancel(): canceling Tue May 08 01:05:30 UTC 2018
auto.tcl: Setting watchdog for 200 seconds at Tue May 08 01:05:30 UTC 2018
2 ms. Memory: 223744K Free: 207431K (93%)
ptolemy.util.test.WatchDog.cancel(): canceling Tue May 08 01:05:30 UTC 2018
------------------ testing $PTII/ptolemy/domains/de/test/auto/triggerType.xml
auto.tcl: Setting watchdog for 200 seconds at Tue May 08 01:05:30 UTC 2018
2 ms. Memory: 224256K Free: 211803K (94%)
ptolemy.util.test.WatchDog.cancel(): canceling Tue May 08 01:05:30 UTC 2018
auto.tcl: Setting watchdog for 200 seconds at Tue May 08 01:05:30 UTC 2018
1 ms. Memory: 224256K Free: 209824K (94%)
ptolemy.util.test.WatchDog.cancel(): canceling Tue May 08 01:05:30 UTC 2018
05/08/18 01:05:30
Failed: 0  Total Tests: 192  ((Passed: 187, Newly Passed: 1)  Known Failed: 5) /home/travis/build/icyphy/ptII/ptolemy/domains/de/test
05/08/18 01:05:30
Failed: 0  Total Tests: 192  ((Passed: 187, Newly Passed: 1)  Known Failed: 5) /home/travis/build/icyphy/ptII/ptolemy/domains/de/test
----------------- testing (KnownFailure) /home/travis/build/icyphy/ptII/ptolemy/domains/de/test/auto/knownFailedTests/DESDFClockTest.xml
2008 ms. Memory: 223744K Free: 201900K (90%)
Known Failure: java.lang.reflect.InvocationTargetException
----------------- testing (KnownFailure) /home/travis/build/icyphy/ptII/ptolemy/domains/de/test/auto/knownFailedTests/DirectFeedback.xml
1 ms. Memory: 223744K Free: 190513K (85%)
Known Failure: java.lang.reflect.InvocationTargetException
----------------- testing (KnownFailure) /home/travis/build/icyphy/ptII/ptolemy/domains/de/test/auto/knownFailedTests/FSMSource.xml
13 ms. Memory: 223744K Free: 176279K (79%)
----------------- testing (KnownFailure) /home/travis/build/icyphy/ptII/ptolemy/domains/de/test/auto/knownFailedTests/HierarchicalModel.xml
1 ms. Memory: 223744K Free: 156304K (70%)
Known Failure: java.lang.reflect.InvocationTargetException
----------------- testing (KnownFailure) /home/travis/build/icyphy/ptII/ptolemy/domains/de/test/auto/knownFailedTests/dependencyLoop.xml
1 ms. Memory: 223744K Free: 130643K (58%)
Known Failure: java.lang.reflect.InvocationTargetException
----------------- testing (KnownFailure) /home/travis/build/icyphy/ptII/ptolemy/domains/de/test/auto/knownFailedTests/dependencyLoop2.xml
3 ms. Memory: 223744K Free: 104981K (47%)
Known Failure: java.lang.reflect.InvocationTargetException
No auto/*.xml tests in /home/travis/build/icyphy/ptII/ptolemy/domains/de/test
AutoTests.java: About to close Vertx.
AutoTests.java: Vertx closed.
----------------- testing Tue May 08 01:05:32 UTC 2018 /home/travis/build/icyphy/ptII/ptolemy/domains/de/test/auto/ActorDepthCalculation_actorWithoutPorts.xml
----------------- Instantiating /home/travis/build/icyphy/ptII/ptolemy/domains/de/test/auto/ActorDepthCalculation_actorWithoutPorts.xml
2 ms. Memory: 223744K Free: 85038K (38%)
----------------- Invoking toplevel() on ptolemy.moml.MoMLSimpleApplication@b8c70b0
----------------- Done invoking toplevel() on ptolemy.moml.MoMLSimpleApplication@b8c70b0
reloadAllAccessors: .ActorDepthCalculation_actorWithoutPorts
----------------- testing Tue May 08 01:05:32 UTC 2018 /home/travis/build/icyphy/ptII/ptolemy/domains/de/test/auto/AssemblyLine.xml
----------------- Instantiating /home/travis/build/icyphy/ptII/ptolemy/domains/de/test/auto/AssemblyLine.xml
2 ms. Memory: 223744K Free: 75797K (34%)
----------------- Invoking toplevel() on ptolemy.moml.MoMLSimpleApplication@313e91f6
----------------- Done invoking toplevel() on ptolemy.moml.MoMLSimpleApplication@313e91f6
reloadAllAccessors: .AssemblyLine
----------------- testing Tue May 08 01:05:32 UTC 2018 /home/travis/build/icyphy/ptII/ptolemy/domains/de/test/auto/CQBug1.xml
----------------- Instantiating /home/travis/build/icyphy/ptII/ptolemy/domains/de/test/auto/CQBug1.xml
0 ms. Memory: 218112K Free: 206984K (95%)
----------------- Invoking toplevel() on ptolemy.moml.MoMLSimpleApplication@76c9b0f8
----------------- Done invoking toplevel() on ptolemy.moml.MoMLSimpleApplication@76c9b0f8
reloadAllAccessors: .CQBug1
----------------- testing Tue May 08 01:05:32 UTC 2018 /home/travis/build/icyphy/ptII/ptolemy/domains/de/test/auto/CancelFireAt.xml
----------------- Instantiating /home/travis/build/icyphy/ptII/ptolemy/domains/de/test/auto/CancelFireAt.xml
1 ms. Memory: 218112K Free: 202867K (93%)
----------------- Invoking toplevel() on ptolemy.moml.MoMLSimpleApplication@4416631d
----------------- Done invoking toplevel() on ptolemy.moml.MoMLSimpleApplication@4416631d
reloadAllAccessors: .CancelFireAt
----------------- testing Tue May 08 01:05:32 UTC 2018 /home/travis/build/icyphy/ptII/ptolemy/domains/de/test/auto/CausalityAndComposabilityAnalysis.xml
----------------- Instantiating /home/travis/build/icyphy/ptII/ptolemy/domains/de/test/auto/CausalityAndComposabilityAnalysis.xml
1 ms. Memory: 218112K Free: 196144K (90%)
----------------- Invoking toplevel() on ptolemy.moml.MoMLSimpleApplication@186985ee
----------------- Done invoking toplevel() on ptolemy.moml.MoMLSimpleApplication@186985ee
reloadAllAccessors: .CausalityAndComposabilityAnalysis
----------------- testing Tue May 08 01:05:32 UTC 2018 /home/travis/build/icyphy/ptII/ptolemy/domains/de/test/auto/CausalityInterface1.xml
----------------- Instantiating /home/travis/build/icyphy/ptII/ptolemy/domains/de/test/auto/CausalityInterface1.xml
3 ms. Memory: 218112K Free: 190667K (87%)
----------------- Invoking toplevel() on ptolemy.moml.MoMLSimpleApplication@6c0d6728
----------------- Done invoking toplevel() on ptolemy.moml.MoMLSimpleApplication@6c0d6728
reloadAllAccessors: .CausalityInterface1
----------------- testing Tue May 08 01:05:32 UTC 2018 /home/travis/build/icyphy/ptII/ptolemy/domains/de/test/auto/CausalityInterface15.xml
----------------- Instantiating /home/travis/build/icyphy/ptII/ptolemy/domains/de/test/auto/CausalityInterface15.xml
1 ms. Memory: 218112K Free: 183800K (84%)
----------------- Invoking toplevel() on ptolemy.moml.MoMLSimpleApplication@6011d0c4
----------------- Done invoking toplevel() on ptolemy.moml.MoMLSimpleApplication@6011d0c4
reloadAllAccessors: .CausalityInterface15
----------------- testing Tue May 08 01:05:32 UTC 2018 /home/travis/build/icyphy/ptII/ptolemy/domains/de/test/auto/CausalityInterface2.xml
----------------- Instantiating /home/travis/build/icyphy/ptII/ptolemy/domains/de/test/auto/CausalityInterface2.xml
1 ms. Memory: 218112K Free: 177077K (81%)
----------------- Invoking toplevel() on ptolemy.moml.MoMLSimpleApplication@4c417ad6
----------------- Done invoking toplevel() on ptolemy.moml.MoMLSimpleApplication@4c417ad6
reloadAllAccessors: .CausalityInterface2
----------------- testing Tue May 08 01:05:32 UTC 2018 /home/travis/build/icyphy/ptII/ptolemy/domains/de/test/auto/CausalityInterface3.xml
[...]
java.lang.RuntimeException: Execution failed
	at ptolemy.moml.MoMLSimpleApplication$UnloadThread.run(MoMLSimpleApplication.java:402)
Caused by: ptolemy.kernel.util.IllegalActionException: Test fails in iteration 1.
Value was: 1.0. Should have been: 2.0
  in .DirectFeedback.Test
	at ptolemy.actor.lib.Test.fire(Test.java:268)
	at ptolemy.domains.de.kernel.DEDirector._fire(DEDirector.java:1948)
	at ptolemy.domains.de.kernel.DEDirector.fire(DEDirector.java:502)
	at ptolemy.actor.CompositeActor.fire(CompositeActor.java:455)
	at ptolemy.actor.Manager.iterate(Manager.java:851)
	at ptolemy.actor.Manager.execute(Manager.java:369)
	at ptolemy.actor.Manager.run(Manager.java:1263)
	at ptolemy.actor.Manager$PtolemyRunThread.run(Manager.java:1915)
java.lang.RuntimeException: Execution failed
	at ptolemy.moml.MoMLSimpleApplication$UnloadThread.run(MoMLSimpleApplication.java:402)
Caused by: ptolemy.kernel.util.IllegalActionException: Actor is not ready to fire.  Perhaps UpSample.prefire() returned false? Try debugging the actor by selecting "Listen to Actor".  Also, for SDF check moml for tokenConsumptionRate on input.
  in .DESDFClockTest.Play Bell.Copy1:SDF Director and .DESDFClockTest.Play Bell.UpSample
	at ptolemy.actor.sched.StaticSchedulingDirector.fire(StaticSchedulingDirector.java:227)
	at ptolemy.domains.sdf.kernel.SDFDirector.fire(SDFDirector.java:500)
	at ptolemy.actor.CompositeActor.fire(CompositeActor.java:455)
	at ptolemy.domains.de.kernel.DEDirector._fire(DEDirector.java:1948)
	at ptolemy.domains.de.kernel.DEDirector.fire(DEDirector.java:502)
	at ptolemy.actor.CompositeActor.fire(CompositeActor.java:455)
	at ptolemy.actor.Manager.iterate(Manager.java:851)
	at ptolemy.actor.Manager.execute(Manager.java:369)
	at ptolemy.actor.Manager.run(Manager.java:1263)
	at ptolemy.actor.Manager$PtolemyRunThread.run(Manager.java:1915)
java.lang.reflect.InvocationTargetException
	at sun.reflect.NativeConstructorAccessorImpl.newInstance0(Native Method)
	at sun.reflect.NativeConstructorAccessorImpl.newInstance(NativeConstructorAccessorImpl.java:62)
	at sun.reflect.DelegatingConstructorAccessorImpl.newInstance(DelegatingConstructorAccessorImpl.java:45)
	at java.lang.reflect.Constructor.newInstance(Constructor.java:423)
	at ptolemy.util.test.junit.AutoKnownFailedTests.RunModel(AutoKnownFailedTests.java:107)
	at sun.reflect.NativeMethodAccessorImpl.invoke0(Native Method)
	at sun.reflect.NativeMethodAccessorImpl.invoke(NativeMethodAccessorImpl.java:62)
	at sun.reflect.DelegatingMethodAccessorImpl.invoke(DelegatingMethodAccessorImpl.java:43)
	at java.lang.reflect.Method.invoke(Method.java:498)
	at org.junit.runners.model.FrameworkMethod$1.runReflectiveCall(FrameworkMethod.java:44)
	at org.junit.internal.runners.model.ReflectiveCallable.run(ReflectiveCallable.java:15)
	at org.junit.runners.model.FrameworkMethod.invokeExplosively(FrameworkMethod.java:41)
	at junitparams.internal.InvokeParameterisedMethod.evaluate(InvokeParameterisedMethod.java:102)
	at org.junit.internal.runners.statements.FailOnTimeout$1.run(FailOnTimeout.java:28)
Caused by: ptolemy.kernel.util.IllegalActionException: Actor is not ready to fire.  Perhaps UpSample.prefire() returned false? Try debugging the actor by selecting "Listen to Actor".  Also, for SDF check moml for tokenConsumptionRate on input.
  in .DESDFClockTest.Play Bell.Copy1:SDF Director and .DESDFClockTest.Play Bell.UpSample
	at ptolemy.actor.sched.StaticSchedulingDirector.fire(StaticSchedulingDirector.java:227)
	at ptolemy.domains.sdf.kernel.SDFDirector.fire(SDFDirector.java:500)
	at ptolemy.actor.CompositeActor.fire(CompositeActor.java:455)
	at ptolemy.domains.de.kernel.DEDirector._fire(DEDirector.java:1948)
	at ptolemy.domains.de.kernel.DEDirector.fire(DEDirector.java:502)
	at ptolemy.actor.CompositeActor.fire(CompositeActor.java:455)
	at ptolemy.actor.Manager.iterate(Manager.java:851)
	at ptolemy.actor.Manager.execute(Manager.java:369)
	at ptolemy.actor.Manager.run(Manager.java:1263)
	at ptolemy.actor.Manager$PtolemyRunThread.run(Manager.java:1915)
java.lang.RuntimeException: Execution failed
	at ptolemy.moml.MoMLSimpleApplication$UnloadThread.run(MoMLSimpleApplication.java:402)
Caused by: ptolemy.kernel.util.IllegalActionException: Test fails in iteration 1.
Value was: 1.0. Should have been: 2.0
  in .DirectFeedback.Test
	at ptolemy.actor.lib.Test.fire(Test.java:268)
	at ptolemy.domains.de.kernel.DEDirector._fire(DEDirector.java:1948)
	at ptolemy.domains.de.kernel.DEDirector.fire(DEDirector.java:502)
	at ptolemy.actor.CompositeActor.fire(CompositeActor.java:455)
	at ptolemy.actor.Manager.iterate(Manager.java:851)
	at ptolemy.actor.Manager.execute(Manager.java:369)
	at ptolemy.actor.Manager.run(Manager.java:1263)
	at ptolemy.actor.Manager$PtolemyRunThread.run(Manager.java:1915)
java.lang.reflect.InvocationTargetException
	at sun.reflect.NativeConstructorAccessorImpl.newInstance0(Native Method)
	at sun.reflect.NativeConstructorAccessorImpl.newInstance(NativeConstructorAccessorImpl.java:62)
	at sun.reflect.DelegatingConstructorAccessorImpl.newInstance(DelegatingConstructorAccessorImpl.java:45)
	at java.lang.reflect.Constructor.newInstance(Constructor.java:423)
	at ptolemy.util.test.junit.AutoKnownFailedTests.RunModel(AutoKnownFailedTests.java:107)
	at sun.reflect.NativeMethodAccessorImpl.invoke0(Native Method)
	at sun.reflect.NativeMethodAccessorImpl.invoke(NativeMethodAccessorImpl.java:62)
	at sun.reflect.DelegatingMethodAccessorImpl.invoke(DelegatingMethodAccessorImpl.java:43)
	at java.lang.reflect.Method.invoke(Method.java:498)
	at org.junit.runners.model.FrameworkMethod$1.runReflectiveCall(FrameworkMethod.java:44)
	at org.junit.internal.runners.model.ReflectiveCallable.run(ReflectiveCallable.java:15)
	at org.junit.runners.model.FrameworkMethod.invokeExplosively(FrameworkMethod.java:41)
	at junitparams.internal.InvokeParameterisedMethod.evaluate(InvokeParameterisedMethod.java:102)
	at org.junit.internal.runners.statements.FailOnTimeout$1.run(FailOnTimeout.java:28)
Caused by: ptolemy.kernel.util.IllegalActionException: Test fails in iteration 1.
Value was: 1.0. Should have been: 2.0
  in .DirectFeedback.Test
	at ptolemy.actor.lib.Test.fire(Test.java:268)
	at ptolemy.domains.de.kernel.DEDirector._fire(DEDirector.java:1948)
	at ptolemy.domains.de.kernel.DEDirector.fire(DEDirector.java:502)
	at ptolemy.actor.CompositeActor.fire(CompositeActor.java:455)
	at ptolemy.actor.Manager.iterate(Manager.java:851)
	at ptolemy.actor.Manager.execute(Manager.java:369)
	at ptolemy.actor.Manager.run(Manager.java:1263)
	at ptolemy.actor.Manager$PtolemyRunThread.run(Manager.java:1915)
java.lang.RuntimeException: Execution failed
	at ptolemy.moml.MoMLSimpleApplication$UnloadThread.run(MoMLSimpleApplication.java:402)
Caused by: ptolemy.kernel.util.IllegalActionException: Found a zero delay loop containing .HierarchicalModel.A
  in .HierarchicalModel and .HierarchicalModel.A
	at ptolemy.actor.util.CausalityInterfaceForComposites._computeOutputPortDepth(CausalityInterfaceForComposites.java:759)
	at ptolemy.actor.util.CausalityInterfaceForComposites._computeInputDepth(CausalityInterfaceForComposites.java:696)
	at ptolemy.actor.util.CausalityInterfaceForComposites._computeOutputPortDepth(CausalityInterfaceForComposites.java:765)
	at ptolemy.actor.util.CausalityInterfaceForComposites._computeInputDepth(CausalityInterfaceForComposites.java:696)
	at ptolemy.actor.util.CausalityInterfaceForComposites._computeOutputPortDepth(CausalityInterfaceForComposites.java:765)
	at ptolemy.actor.util.CausalityInterfaceForComposites._computeInputDepth(CausalityInterfaceForComposites.java:696)
	at ptolemy.actor.util.CausalityInterfaceForComposites._computeActorDepth(CausalityInterfaceForComposites.java:532)
	at ptolemy.actor.util.CausalityInterfaceForComposites.checkForCycles(CausalityInterfaceForComposites.java:96)
	at ptolemy.domains.de.kernel.DEDirector.preinitialize(DEDirector.java:1337)
	at ptolemy.actor.CompositeActor.preinitialize(CompositeActor.java:1828)
	at ptolemy.actor.Manager.preinitializeAndResolveTypes(Manager.java:1040)
	at ptolemy.actor.Manager.initialize(Manager.java:710)
	at ptolemy.actor.Manager.execute(Manager.java:356)
	at ptolemy.actor.Manager.run(Manager.java:1263)
	at ptolemy.actor.Manager$PtolemyRunThread.run(Manager.java:1915)
java.lang.reflect.InvocationTargetException
	at sun.reflect.NativeConstructorAccessorImpl.newInstance0(Native Method)
	at sun.reflect.NativeConstructorAccessorImpl.newInstance(NativeConstructorAccessorImpl.java:62)
	at sun.reflect.DelegatingConstructorAccessorImpl.newInstance(DelegatingConstructorAccessorImpl.java:45)
	at java.lang.reflect.Constructor.newInstance(Constructor.java:423)
	at ptolemy.util.test.junit.AutoKnownFailedTests.RunModel(AutoKnownFailedTests.java:107)
	at sun.reflect.NativeMethodAccessorImpl.invoke0(Native Method)
	at sun.reflect.NativeMethodAccessorImpl.invoke(NativeMethodAccessorImpl.java:62)
	at sun.reflect.DelegatingMethodAccessorImpl.invoke(DelegatingMethodAccessorImpl.java:43)
	at java.lang.reflect.Method.invoke(Method.java:498)
	at org.junit.runners.model.FrameworkMethod$1.runReflectiveCall(FrameworkMethod.java:44)
	at org.junit.internal.runners.model.ReflectiveCallable.run(ReflectiveCallable.java:15)
	at org.junit.runners.model.FrameworkMethod.invokeExplosively(FrameworkMethod.java:41)
	at junitparams.internal.InvokeParameterisedMethod.evaluate(InvokeParameterisedMethod.java:102)
	at org.junit.internal.runners.statements.FailOnTimeout$1.run(FailOnTimeout.java:28)
Caused by: ptolemy.kernel.util.IllegalActionException: Found a zero delay loop containing .HierarchicalModel.A
  in .HierarchicalModel and .HierarchicalModel.A
	at ptolemy.actor.util.CausalityInterfaceForComposites._computeOutputPortDepth(CausalityInterfaceForComposites.java:759)
	at ptolemy.actor.util.CausalityInterfaceForComposites._computeInputDepth(CausalityInterfaceForComposites.java:696)
	at ptolemy.actor.util.CausalityInterfaceForComposites._computeOutputPortDepth(CausalityInterfaceForComposites.java:765)
	at ptolemy.actor.util.CausalityInterfaceForComposites._computeInputDepth(CausalityInterfaceForComposites.java:696)
	at ptolemy.actor.util.CausalityInterfaceForComposites._computeOutputPortDepth(CausalityInterfaceForComposites.java:765)
	at ptolemy.actor.util.CausalityInterfaceForComposites._computeInputDepth(CausalityInterfaceForComposites.java:696)
	at ptolemy.actor.util.CausalityInterfaceForComposites._computeActorDepth(CausalityInterfaceForComposites.java:532)
	at ptolemy.actor.util.CausalityInterfaceForComposites.checkForCycles(CausalityInterfaceForComposites.java:96)
	at ptolemy.domains.de.kernel.DEDirector.preinitialize(DEDirector.java:1337)
	at ptolemy.actor.CompositeActor.preinitialize(CompositeActor.java:1828)
	at ptolemy.actor.Manager.preinitializeAndResolveTypes(Manager.java:1040)
	at ptolemy.actor.Manager.initialize(Manager.java:710)
	at ptolemy.actor.Manager.execute(Manager.java:356)
	at ptolemy.actor.Manager.run(Manager.java:1263)
	at ptolemy.actor.Manager$PtolemyRunThread.run(Manager.java:1915)
java.lang.RuntimeException: Execution failed
	at ptolemy.moml.MoMLSimpleApplication$UnloadThread.run(MoMLSimpleApplication.java:402)
Caused by: ptolemy.kernel.util.IllegalActionException: Found a zero delay loop containing .dependencyLoop.original
  in .dependencyLoop and .dependencyLoop.original
	at ptolemy.actor.util.CausalityInterfaceForComposites._computeOutputPortDepth(CausalityInterfaceForComposites.java:759)
	at ptolemy.actor.util.CausalityInterfaceForComposites._computeInputDepth(CausalityInterfaceForComposites.java:696)
	at ptolemy.actor.util.CausalityInterfaceForComposites._computeOutputPortDepth(CausalityInterfaceForComposites.java:765)
	at ptolemy.actor.util.CausalityInterfaceForComposites._computeInputDepth(CausalityInterfaceForComposites.java:696)
	at ptolemy.actor.util.CausalityInterfaceForComposites._computeOutputPortDepth(CausalityInterfaceForComposites.java:765)
	at ptolemy.actor.util.CausalityInterfaceForComposites._computeInputDepth(CausalityInterfaceForComposites.java:696)
	at ptolemy.actor.util.CausalityInterfaceForComposites._computeActorDepth(CausalityInterfaceForComposites.java:532)
	at ptolemy.actor.util.CausalityInterfaceForComposites.checkForCycles(CausalityInterfaceForComposites.java:96)
	at ptolemy.domains.de.kernel.DEDirector.preinitialize(DEDirector.java:1337)
	at ptolemy.actor.CompositeActor.preinitialize(CompositeActor.java:1828)
	at ptolemy.actor.Manager.preinitializeAndResolveTypes(Manager.java:1040)
	at ptolemy.actor.Manager.initialize(Manager.java:710)
	at ptolemy.actor.Manager.execute(Manager.java:356)
	at ptolemy.actor.Manager.run(Manager.java:1263)
	at ptolemy.actor.Manager$PtolemyRunThread.run(Manager.java:1915)
java.lang.reflect.InvocationTargetException
	at sun.reflect.NativeConstructorAccessorImpl.newInstance0(Native Method)
	at sun.reflect.NativeConstructorAccessorImpl.newInstance(NativeConstructorAccessorImpl.java:62)
	at sun.reflect.DelegatingConstructorAccessorImpl.newInstance(DelegatingConstructorAccessorImpl.java:45)
	at java.lang.reflect.Constructor.newInstance(Constructor.java:423)
	at ptolemy.util.test.junit.AutoKnownFailedTests.RunModel(AutoKnownFailedTests.java:107)
	at sun.reflect.NativeMethodAccessorImpl.invoke0(Native Method)
	at sun.reflect.NativeMethodAccessorImpl.invoke(NativeMethodAccessorImpl.java:62)
	at sun.reflect.DelegatingMethodAccessorImpl.invoke(DelegatingMethodAccessorImpl.java:43)
	at java.lang.reflect.Method.invoke(Method.java:498)
	at org.junit.runners.model.FrameworkMethod$1.runReflectiveCall(FrameworkMethod.java:44)
	at org.junit.internal.runners.model.ReflectiveCallable.run(ReflectiveCallable.java:15)
	at org.junit.runners.model.FrameworkMethod.invokeExplosively(FrameworkMethod.java:41)
	at junitparams.internal.InvokeParameterisedMethod.evaluate(InvokeParameterisedMethod.java:102)
	at org.junit.internal.runners.statements.FailOnTimeout$1.run(FailOnTimeout.java:28)
Caused by: ptolemy.kernel.util.IllegalActionException: Found a zero delay loop containing .dependencyLoop.original
  in .dependencyLoop and .dependencyLoop.original
	at ptolemy.actor.util.CausalityInterfaceForComposites._computeOutputPortDepth(CausalityInterfaceForComposites.java:759)
	at ptolemy.actor.util.CausalityInterfaceForComposites._computeInputDepth(CausalityInterfaceForComposites.java:696)
	at ptolemy.actor.util.CausalityInterfaceForComposites._computeOutputPortDepth(CausalityInterfaceForComposites.java:765)
	at ptolemy.actor.util.CausalityInterfaceForComposites._computeInputDepth(CausalityInterfaceForComposites.java:696)
	at ptolemy.actor.util.CausalityInterfaceForComposites._computeOutputPortDepth(CausalityInterfaceForComposites.java:765)
	at ptolemy.actor.util.CausalityInterfaceForComposites._computeInputDepth(CausalityInterfaceForComposites.java:696)
	at ptolemy.actor.util.CausalityInterfaceForComposites._computeActorDepth(CausalityInterfaceForComposites.java:532)
	at ptolemy.actor.util.CausalityInterfaceForComposites.checkForCycles(CausalityInterfaceForComposites.java:96)
	at ptolemy.domains.de.kernel.DEDirector.preinitialize(DEDirector.java:1337)
	at ptolemy.actor.CompositeActor.preinitialize(CompositeActor.java:1828)
	at ptolemy.actor.Manager.preinitializeAndResolveTypes(Manager.java:1040)
	at ptolemy.actor.Manager.initialize(Manager.java:710)
	at ptolemy.actor.Manager.execute(Manager.java:356)
	at ptolemy.actor.Manager.run(Manager.java:1263)
	at ptolemy.actor.Manager$PtolemyRunThread.run(Manager.java:1915)
java.lang.RuntimeException: Execution failed
	at ptolemy.moml.MoMLSimpleApplication$UnloadThread.run(MoMLSimpleApplication.java:402)
Caused by: ptolemy.kernel.util.IllegalActionException: Found a zero delay loop containing .dependencyLoop2.original
  in .dependencyLoop2 and .dependencyLoop2.original
	at ptolemy.actor.util.CausalityInterfaceForComposites._computeOutputPortDepth(CausalityInterfaceForComposites.java:759)
	at ptolemy.actor.util.CausalityInterfaceForComposites._computeInputDepth(CausalityInterfaceForComposites.java:696)
	at ptolemy.actor.util.CausalityInterfaceForComposites._computeOutputPortDepth(CausalityInterfaceForComposites.java:765)
	at ptolemy.actor.util.CausalityInterfaceForComposites._computeInputDepth(CausalityInterfaceForComposites.java:696)
	at ptolemy.actor.util.CausalityInterfaceForComposites._computeOutputPortDepth(CausalityInterfaceForComposites.java:765)
	at ptolemy.actor.util.CausalityInterfaceForComposites._computeInputDepth(CausalityInterfaceForComposites.java:696)
	at ptolemy.actor.util.CausalityInterfaceForComposites._computeActorDepth(CausalityInterfaceForComposites.java:532)
	at ptolemy.actor.util.CausalityInterfaceForComposites.checkForCycles(CausalityInterfaceForComposites.java:96)
	at ptolemy.domains.de.kernel.DEDirector.preinitialize(DEDirector.java:1337)
	at ptolemy.actor.CompositeActor.preinitialize(CompositeActor.java:1828)
	at ptolemy.actor.Manager.preinitializeAndResolveTypes(Manager.java:1040)
	at ptolemy.actor.Manager.initialize(Manager.java:710)
	at ptolemy.actor.Manager.execute(Manager.java:356)
	at ptolemy.actor.Manager.run(Manager.java:1263)
	at ptolemy.actor.Manager$PtolemyRunThread.run(Manager.java:1915)
java.lang.reflect.InvocationTargetException
	at sun.reflect.NativeConstructorAccessorImpl.newInstance0(Native Method)
	at sun.reflect.NativeConstructorAccessorImpl.newInstance(NativeConstructorAccessorImpl.java:62)
	at sun.reflect.DelegatingConstructorAccessorImpl.newInstance(DelegatingConstructorAccessorImpl.java:45)
	at java.lang.reflect.Constructor.newInstance(Constructor.java:423)
	at ptolemy.util.test.junit.AutoKnownFailedTests.RunModel(AutoKnownFailedTests.java:107)
	at sun.reflect.NativeMethodAccessorImpl.invoke0(Native Method)
	at sun.reflect.NativeMethodAccessorImpl.invoke(NativeMethodAccessorImpl.java:62)
	at sun.reflect.DelegatingMethodAccessorImpl.invoke(DelegatingMethodAccessorImpl.java:43)
	at java.lang.reflect.Method.invoke(Method.java:498)
	at org.junit.runners.model.FrameworkMethod$1.runReflectiveCall(FrameworkMethod.java:44)
	at org.junit.internal.runners.model.ReflectiveCallable.run(ReflectiveCallable.java:15)
	at org.junit.runners.model.FrameworkMethod.invokeExplosively(FrameworkMethod.java:41)
	at junitparams.internal.InvokeParameterisedMethod.evaluate(InvokeParameterisedMethod.java:102)
	at org.junit.internal.runners.statements.FailOnTimeout$1.run(FailOnTimeout.java:28)
Caused by: ptolemy.kernel.util.IllegalActionException: Found a zero delay loop containing .dependencyLoop2.original
  in .dependencyLoop2 and .dependencyLoop2.original
	at ptolemy.actor.util.CausalityInterfaceForComposites._computeOutputPortDepth(CausalityInterfaceForComposites.java:759)
	at ptolemy.actor.util.CausalityInterfaceForComposites._computeInputDepth(CausalityInterfaceForComposites.java:696)
	at ptolemy.actor.util.CausalityInterfaceForComposites._computeOutputPortDepth(CausalityInterfaceForComposites.java:765)
	at ptolemy.actor.util.CausalityInterfaceForComposites._computeInputDepth(CausalityInterfaceForComposites.java:696)
	at ptolemy.actor.util.CausalityInterfaceForComposites._computeOutputPortDepth(CausalityInterfaceForComposites.java:765)
	at ptolemy.actor.util.CausalityInterfaceForComposites._computeInputDepth(CausalityInterfaceForComposites.java:696)
	at ptolemy.actor.util.CausalityInterfaceForComposites._computeActorDepth(CausalityInterfaceForComposites.java:532)
	at ptolemy.actor.util.CausalityInterfaceForComposites.checkForCycles(CausalityInterfaceForComposites.java:96)
	at ptolemy.domains.de.kernel.DEDirector.preinitialize(DEDirector.java:1337)
	at ptolemy.actor.CompositeActor.preinitialize(CompositeActor.java:1828)
	at ptolemy.actor.Manager.preinitializeAndResolveTypes(Manager.java:1040)
	at ptolemy.actor.Manager.initialize(Manager.java:710)
	at ptolemy.actor.Manager.execute(Manager.java:356)
	at ptolemy.actor.Manager.run(Manager.java:1263)
	at ptolemy.actor.Manager$PtolemyRunThread.run(Manager.java:1915)
]]></system-err>
</testsuite>
