<?xml version="1.0" encoding="UTF-8" ?>
<testsuite errors="0" failures="0" hostname="travis-job-204e5c6d-534b-4a95-8e7a-b5af756ca2bb" name="ptolemy.domains.de.test.junit.JUnitTclTest" skipped="0" tests="101" time="125.531" timestamp="2018-05-11T00:40:53">
  <properties>
[...]
</properties>
  <testcase classname="ptolemy.util.test.junit.TclTests" name="[0] /home/travis/build/icyphy/ptII/ptolemy/domains/de/test/DependencyLoop.tcl (RunTclFile)" time="0.692" />
  <testcase classname="ptolemy.util.test.junit.TclTests" name="[1] /home/travis/build/icyphy/ptII/ptolemy/domains/de/test/RunDETestsAsQSS.tcl (RunTclFile)" time="86.323" />
  <testcase classname="ptolemy.util.test.junit.AutoKnownFailedTests" name="[0] /home/travis/build/icyphy/ptII/ptolemy/domains/de/test/auto/knownFailedTests/DESDFClockTest.xml (RunModel)" time="2.03" />
  <testcase classname="ptolemy.util.test.junit.AutoKnownFailedTests" name="[1] /home/travis/build/icyphy/ptII/ptolemy/domains/de/test/auto/knownFailedTests/DirectFeedback.xml (RunModel)" time="0.011" />
  <testcase classname="ptolemy.util.test.junit.AutoKnownFailedTests" name="[2] /home/travis/build/icyphy/ptII/ptolemy/domains/de/test/auto/knownFailedTests/FSMSource.xml (RunModel)" time="0.027" />
  <testcase classname="ptolemy.util.test.junit.AutoKnownFailedTests" name="[3] /home/travis/build/icyphy/ptII/ptolemy/domains/de/test/auto/knownFailedTests/HierarchicalModel.xml (RunModel)" time="0.032" />
  <testcase classname="ptolemy.util.test.junit.AutoKnownFailedTests" name="[4] /home/travis/build/icyphy/ptII/ptolemy/domains/de/test/auto/knownFailedTests/dependencyLoop.xml (RunModel)" time="0.025" />
  <testcase classname="ptolemy.util.test.junit.AutoKnownFailedTests" name="[5] /home/travis/build/icyphy/ptII/ptolemy/domains/de/test/auto/knownFailedTests/dependencyLoop2.xml (RunModel)" time="0.031" />
  <testcase classname="ptolemy.util.test.junit.AutoNameArchTests" name="[0] ThereAreNoAutoTests (RunModel)" time="0.004" />
  <testcase classname="ptolemy.util.test.junit.AutoTests" name="[0] /home/travis/build/icyphy/ptII/ptolemy/domains/de/test/auto/ActorDepthCalculation_actorWithoutPorts.xml (RunModel)" time="0.017" />
  <testcase classname="ptolemy.util.test.junit.AutoTests" name="[1] /home/travis/build/icyphy/ptII/ptolemy/domains/de/test/auto/AssemblyLine.xml (RunModel)" time="0.02" />
  <testcase classname="ptolemy.util.test.junit.AutoTests" name="[2] /home/travis/build/icyphy/ptII/ptolemy/domains/de/test/auto/CQBug1.xml (RunModel)" time="0.007" />
  <testcase classname="ptolemy.util.test.junit.AutoTests" name="[3] /home/travis/build/icyphy/ptII/ptolemy/domains/de/test/auto/CancelFireAt.xml (RunModel)" time="0.009" />
  <testcase classname="ptolemy.util.test.junit.AutoTests" name="[4] /home/travis/build/icyphy/ptII/ptolemy/domains/de/test/auto/CausalityAndComposabilityAnalysis.xml (RunModel)" time="0.008" />
  <testcase classname="ptolemy.util.test.junit.AutoTests" name="[5] /home/travis/build/icyphy/ptII/ptolemy/domains/de/test/auto/CausalityInterface1.xml (RunModel)" time="0.01" />
  <testcase classname="ptolemy.util.test.junit.AutoTests" name="[6] /home/travis/build/icyphy/ptII/ptolemy/domains/de/test/auto/CausalityInterface15.xml (RunModel)" time="0.011" />
  <testcase classname="ptolemy.util.test.junit.AutoTests" name="[7] /home/travis/build/icyphy/ptII/ptolemy/domains/de/test/auto/CausalityInterface2.xml (RunModel)" time="0.007" />
  <testcase classname="ptolemy.util.test.junit.AutoTests" name="[8] /home/travis/build/icyphy/ptII/ptolemy/domains/de/test/auto/CausalityInterface3.xml (RunModel)" time="0.008" />
  <testcase classname="ptolemy.util.test.junit.AutoTests" name="[9] /home/travis/build/icyphy/ptII/ptolemy/domains/de/test/auto/ClockDrift.xml (RunModel)" time="0.024" />
  <testcase classname="ptolemy.util.test.junit.AutoTests" name="[10] /home/travis/build/icyphy/ptII/ptolemy/domains/de/test/auto/ClockDriftAndValueChange.xml (RunModel)" time="0.021" />
  <testcase classname="ptolemy.util.test.junit.AutoTests" name="[11] /home/travis/build/icyphy/ptII/ptolemy/domains/de/test/auto/ClockDriftChange.xml (RunModel)" time="0.019" />
  <testcase classname="ptolemy.util.test.junit.AutoTests" name="[12] /home/travis/build/icyphy/ptII/ptolemy/domains/de/test/auto/ComposableCausalityAnalysis.xml (RunModel)" time="0.01" />
  <testcase classname="ptolemy.util.test.junit.AutoTests" name="[13] /home/travis/build/icyphy/ptII/ptolemy/domains/de/test/auto/DEFixedPointLimitation.xml (RunModel)" time="0.007" />
  <testcase classname="ptolemy.util.test.junit.AutoTests" name="[14] /home/travis/build/icyphy/ptII/ptolemy/domains/de/test/auto/DEScheduleTest.xml (RunModel)" time="0.009" />
  <testcase classname="ptolemy.util.test.junit.AutoTests" name="[15] /home/travis/build/icyphy/ptII/ptolemy/domains/de/test/auto/DEinDEwithStartTimes.xml (RunModel)" time="0.01" />
  <testcase classname="ptolemy.util.test.junit.AutoTests" name="[16] /home/travis/build/icyphy/ptII/ptolemy/domains/de/test/auto/DEinDEwithStartTimes2.xml (RunModel)" time="0.009" />
  <testcase classname="ptolemy.util.test.junit.AutoTests" name="[17] /home/travis/build/icyphy/ptII/ptolemy/domains/de/test/auto/DateDemo.xml (RunModel)" time="0.019" />
  <testcase classname="ptolemy.util.test.junit.AutoTests" name="[18] /home/travis/build/icyphy/ptII/ptolemy/domains/de/test/auto/DateToEvent.xml (RunModel)" time="2.026" />
  <testcase classname="ptolemy.util.test.junit.AutoTests" name="[19] /home/travis/build/icyphy/ptII/ptolemy/domains/de/test/auto/DepthTest1.xml (RunModel)" time="0.013" />
  <testcase classname="ptolemy.util.test.junit.AutoTests" name="[20] /home/travis/build/icyphy/ptII/ptolemy/domains/de/test/auto/DepthTest2.xml (RunModel)" time="0.01" />
  <testcase classname="ptolemy.util.test.junit.AutoTests" name="[21] /home/travis/build/icyphy/ptII/ptolemy/domains/de/test/auto/DepthTest3.xml (RunModel)" time="0.005" />
  <testcase classname="ptolemy.util.test.junit.AutoTests" name="[22] /home/travis/build/icyphy/ptII/ptolemy/domains/de/test/auto/DepthTest4.xml (RunModel)" time="0.007" />
  <testcase classname="ptolemy.util.test.junit.AutoTests" name="[23] /home/travis/build/icyphy/ptII/ptolemy/domains/de/test/auto/DepthTest5.xml (RunModel)" time="0.009" />
  <testcase classname="ptolemy.util.test.junit.AutoTests" name="[24] /home/travis/build/icyphy/ptII/ptolemy/domains/de/test/auto/DepthTest6.xml (RunModel)" time="0.008" />
  <testcase classname="ptolemy.util.test.junit.AutoTests" name="[25] /home/travis/build/icyphy/ptII/ptolemy/domains/de/test/auto/DepthTest7.xml (RunModel)" time="0.013" />
  <testcase classname="ptolemy.util.test.junit.AutoTests" name="[26] /home/travis/build/icyphy/ptII/ptolemy/domains/de/test/auto/EventToDate.xml (RunModel)" time="3.032" />
  <testcase classname="ptolemy.util.test.junit.AutoTests" name="[27] /home/travis/build/icyphy/ptII/ptolemy/domains/de/test/auto/FSM1.xml (RunModel)" time="0.02" />
  <testcase classname="ptolemy.util.test.junit.AutoTests" name="[28] /home/travis/build/icyphy/ptII/ptolemy/domains/de/test/auto/FSM7.xml (RunModel)" time="0.018" />
  <testcase classname="ptolemy.util.test.junit.AutoTests" name="[29] /home/travis/build/icyphy/ptII/ptolemy/domains/de/test/auto/Inspection.xml (RunModel)" time="0.029" />
  <testcase classname="ptolemy.util.test.junit.AutoTests" name="[30] /home/travis/build/icyphy/ptII/ptolemy/domains/de/test/auto/Iteration.xml (RunModel)" time="0.012" />
  <testcase classname="ptolemy.util.test.junit.AutoTests" name="[31] /home/travis/build/icyphy/ptII/ptolemy/domains/de/test/auto/LineFault.xml (RunModel)" time="0.371" />
  <testcase classname="ptolemy.util.test.junit.AutoTests" name="[32] /home/travis/build/icyphy/ptII/ptolemy/domains/de/test/auto/MergeModel1Add.xml (RunModel)" time="0.03" />
  <testcase classname="ptolemy.util.test.junit.AutoTests" name="[33] /home/travis/build/icyphy/ptII/ptolemy/domains/de/test/auto/MergeModel2Add.xml (RunModel)" time="0.029" />
  <testcase classname="ptolemy.util.test.junit.AutoTests" name="[34] /home/travis/build/icyphy/ptII/ptolemy/domains/de/test/auto/MergeModel3Add.xml (RunModel)" time="0.029" />
  <testcase classname="ptolemy.util.test.junit.AutoTests" name="[35] /home/travis/build/icyphy/ptII/ptolemy/domains/de/test/auto/MergeWithoutDiscard.xml (RunModel)" time="0.009" />
  <testcase classname="ptolemy.util.test.junit.AutoTests" name="[36] /home/travis/build/icyphy/ptII/ptolemy/domains/de/test/auto/Modal1.xml (RunModel)" time="0.022" />
  <testcase classname="ptolemy.util.test.junit.AutoTests" name="[37] /home/travis/build/icyphy/ptII/ptolemy/domains/de/test/auto/Modal2.xml (RunModel)" time="0.022" />
  <testcase classname="ptolemy.util.test.junit.AutoTests" name="[38] /home/travis/build/icyphy/ptII/ptolemy/domains/de/test/auto/Modal3.xml (RunModel)" time="0.023" />
  <testcase classname="ptolemy.util.test.junit.AutoTests" name="[39] /home/travis/build/icyphy/ptII/ptolemy/domains/de/test/auto/Modal4.xml (RunModel)" time="0.023" />
  <testcase classname="ptolemy.util.test.junit.AutoTests" name="[40] /home/travis/build/icyphy/ptII/ptolemy/domains/de/test/auto/Modal5.xml (RunModel)" time="0.021" />
  <testcase classname="ptolemy.util.test.junit.AutoTests" name="[41] /home/travis/build/icyphy/ptII/ptolemy/domains/de/test/auto/Modal6.xml (RunModel)" time="0.018" />
  <testcase classname="ptolemy.util.test.junit.AutoTests" name="[42] /home/travis/build/icyphy/ptII/ptolemy/domains/de/test/auto/Modal7.xml (RunModel)" time="0.021" />
  <testcase classname="ptolemy.util.test.junit.AutoTests" name="[43] /home/travis/build/icyphy/ptII/ptolemy/domains/de/test/auto/ModalModel.xml (RunModel)" time="0.119" />
  <testcase classname="ptolemy.util.test.junit.AutoTests" name="[44] /home/travis/build/icyphy/ptII/ptolemy/domains/de/test/auto/ModalSource.xml (RunModel)" time="0.012" />
  <testcase classname="ptolemy.util.test.junit.AutoTests" name="[45] /home/travis/build/icyphy/ptII/ptolemy/domains/de/test/auto/NonInterruptibleTimerZeroDelay.xml (RunModel)" time="0.008" />
  <testcase classname="ptolemy.util.test.junit.AutoTests" name="[46] /home/travis/build/icyphy/ptII/ptolemy/domains/de/test/auto/OpenQueueingNetwork.xml (RunModel)" time="1.923" />
  <testcase classname="ptolemy.util.test.junit.AutoTests" name="[47] /home/travis/build/icyphy/ptII/ptolemy/domains/de/test/auto/OpenQueuingNetwork.xml (RunModel)" time="0.261" />
  <testcase classname="ptolemy.util.test.junit.AutoTests" name="[48] /home/travis/build/icyphy/ptII/ptolemy/domains/de/test/auto/PeriodicSampler.xml (RunModel)" time="0.01" />
  <testcase classname="ptolemy.util.test.junit.AutoTests" name="[49] /home/travis/build/icyphy/ptII/ptolemy/domains/de/test/auto/PersistentIO.xml (RunModel)" time="0.017" />
  <testcase classname="ptolemy.util.test.junit.AutoTests" name="[50] /home/travis/build/icyphy/ptII/ptolemy/domains/de/test/auto/PortParameterResetOnInitialize.xml (RunModel)" time="0.009" />
  <testcase classname="ptolemy.util.test.junit.AutoTests" name="[51] /home/travis/build/icyphy/ptII/ptolemy/domains/de/test/auto/PortParameterUpdates.xml (RunModel)" time="0.018" />
  <testcase classname="ptolemy.util.test.junit.AutoTests" name="[52] /home/travis/build/icyphy/ptII/ptolemy/domains/de/test/auto/QueueAndServer.xml (RunModel)" time="0.023" />
  <testcase classname="ptolemy.util.test.junit.AutoTests" name="[53] /home/travis/build/icyphy/ptII/ptolemy/domains/de/test/auto/Records.xml (RunModel)" time="0.019" />
  <testcase classname="ptolemy.util.test.junit.AutoTests" name="[54] /home/travis/build/icyphy/ptII/ptolemy/domains/de/test/auto/ResetTransitionWithStartTime1.xml (RunModel)" time="0.019" />
  <testcase classname="ptolemy.util.test.junit.AutoTests" name="[55] /home/travis/build/icyphy/ptII/ptolemy/domains/de/test/auto/ResetTransitionWithStartTime2.xml (RunModel)" time="0.017" />
  <testcase classname="ptolemy.util.test.junit.AutoTests" name="[56] /home/travis/build/icyphy/ptII/ptolemy/domains/de/test/auto/ResetTransitionWithStartTime3.xml (RunModel)" time="0.016" />
  <testcase classname="ptolemy.util.test.junit.AutoTests" name="[57] /home/travis/build/icyphy/ptII/ptolemy/domains/de/test/auto/ResetTransitionWithStartTime4.xml (RunModel)" time="0.02" />
  <testcase classname="ptolemy.util.test.junit.AutoTests" name="[58] /home/travis/build/icyphy/ptII/ptolemy/domains/de/test/auto/ResettableTimer1.xml (RunModel)" time="0.009" />
  <testcase classname="ptolemy.util.test.junit.AutoTests" name="[59] /home/travis/build/icyphy/ptII/ptolemy/domains/de/test/auto/ResettableTimer2.xml (RunModel)" time="0.014" />
  <testcase classname="ptolemy.util.test.junit.AutoTests" name="[60] /home/travis/build/icyphy/ptII/ptolemy/domains/de/test/auto/ResettableTimer3.xml (RunModel)" time="0.007" />
  <testcase classname="ptolemy.util.test.junit.AutoTests" name="[61] /home/travis/build/icyphy/ptII/ptolemy/domains/de/test/auto/ResettableTimer4.xml (RunModel)" time="0.008" />
  <testcase classname="ptolemy.util.test.junit.AutoTests" name="[62] /home/travis/build/icyphy/ptII/ptolemy/domains/de/test/auto/ResettableTimer5.xml (RunModel)" time="0.008" />
  <testcase classname="ptolemy.util.test.junit.AutoTests" name="[63] /home/travis/build/icyphy/ptII/ptolemy/domains/de/test/auto/ResettableTimer6.xml (RunModel)" time="0.009" />
  <testcase classname="ptolemy.util.test.junit.AutoTests" name="[64] /home/travis/build/icyphy/ptII/ptolemy/domains/de/test/auto/ServerZeroDelay.xml (RunModel)" time="0.008" />
  <testcase classname="ptolemy.util.test.junit.AutoTests" name="[65] /home/travis/build/icyphy/ptII/ptolemy/domains/de/test/auto/SmartSender.xml (RunModel)" time="3.009" />
  <testcase classname="ptolemy.util.test.junit.AutoTests" name="[66] /home/travis/build/icyphy/ptII/ptolemy/domains/de/test/auto/ThreadedComposite.xml (RunModel)" time="0.166" />
  <testcase classname="ptolemy.util.test.junit.AutoTests" name="[67] /home/travis/build/icyphy/ptII/ptolemy/domains/de/test/auto/Time.xml (RunModel)" time="0.427" />
  <testcase classname="ptolemy.util.test.junit.AutoTests" name="[68] /home/travis/build/icyphy/ptII/ptolemy/domains/de/test/auto/TimeDelayZeroDelay.xml (RunModel)" time="0.014" />
  <testcase classname="ptolemy.util.test.junit.AutoTests" name="[69] /home/travis/build/icyphy/ptII/ptolemy/domains/de/test/auto/TimerZeroDelay.xml (RunModel)" time="0.01" />
  <testcase classname="ptolemy.util.test.junit.AutoTests" name="[70] /home/travis/build/icyphy/ptII/ptolemy/domains/de/test/auto/TimingParadox.xml (RunModel)" time="0.359" />
  <testcase classname="ptolemy.util.test.junit.AutoTests" name="[71] /home/travis/build/icyphy/ptII/ptolemy/domains/de/test/auto/TransferInputs.xml (RunModel)" time="0.015" />
  <testcase classname="ptolemy.util.test.junit.AutoTests" name="[72] /home/travis/build/icyphy/ptII/ptolemy/domains/de/test/auto/TransferOutputs2.xml (RunModel)" time="0.027" />
  <testcase classname="ptolemy.util.test.junit.AutoTests" name="[73] /home/travis/build/icyphy/ptII/ptolemy/domains/de/test/auto/Trilateration.xml (RunModel)" time="11.177" />
  <testcase classname="ptolemy.util.test.junit.AutoTests" name="[74] /home/travis/build/icyphy/ptII/ptolemy/domains/de/test/auto/TwoSigmaDelta.xml (RunModel)" time="2.04" />
  <testcase classname="ptolemy.util.test.junit.AutoTests" name="[75] /home/travis/build/icyphy/ptII/ptolemy/domains/de/test/auto/VariableDelay.xml (RunModel)" time="0.009" />
  <testcase classname="ptolemy.util.test.junit.AutoTests" name="[76] /home/travis/build/icyphy/ptII/ptolemy/domains/de/test/auto/VariableDelay2.xml (RunModel)" time="0.015" />
  <testcase classname="ptolemy.util.test.junit.AutoTests" name="[77] /home/travis/build/icyphy/ptII/ptolemy/domains/de/test/auto/VariableDelayZeroDelay.xml (RunModel)" time="0.013" />
  <testcase classname="ptolemy.util.test.junit.AutoTests" name="[78] /home/travis/build/icyphy/ptII/ptolemy/domains/de/test/auto/VariableDelayZeroDelay2.xml (RunModel)" time="0.015" />
  <testcase classname="ptolemy.util.test.junit.AutoTests" name="[79] /home/travis/build/icyphy/ptII/ptolemy/domains/de/test/auto/deInCt.xml (RunModel)" time="0.019" />
  <testcase classname="ptolemy.util.test.junit.AutoTests" name="[80] /home/travis/build/icyphy/ptII/ptolemy/domains/de/test/auto/deInCt2.xml (RunModel)" time="0.016" />
  <testcase classname="ptolemy.util.test.junit.AutoTests" name="[81] /home/travis/build/icyphy/ptII/ptolemy/domains/de/test/auto/dynamicCausalityInterface1.xml (RunModel)" time="0.017" />
  <testcase classname="ptolemy.util.test.junit.AutoTests" name="[82] /home/travis/build/icyphy/ptII/ptolemy/domains/de/test/auto/fsm_de_test.xml (RunModel)" time="0.026" />
  <testcase classname="ptolemy.util.test.junit.AutoTests" name="[83] /home/travis/build/icyphy/ptII/ptolemy/domains/de/test/auto/functionDependencyReconstruction.xml (RunModel)" time="0.03" />
  <testcase classname="ptolemy.util.test.junit.AutoTests" name="[84] /home/travis/build/icyphy/ptII/ptolemy/domains/de/test/auto/multirate.xml (RunModel)" time="0.015" />
  <testcase classname="ptolemy.util.test.junit.AutoTests" name="[85] /home/travis/build/icyphy/ptII/ptolemy/domains/de/test/auto/multirate2.xml (RunModel)" time="0.016" />
  <testcase classname="ptolemy.util.test.junit.AutoTests" name="[86] /home/travis/build/icyphy/ptII/ptolemy/domains/de/test/auto/realtime.xml (RunModel)" time="10.01" />
  <testcase classname="ptolemy.util.test.junit.AutoTests" name="[87] /home/travis/build/icyphy/ptII/ptolemy/domains/de/test/auto/relationGroup.xml (RunModel)" time="0.018" />
  <testcase classname="ptolemy.util.test.junit.AutoTests" name="[88] /home/travis/build/icyphy/ptII/ptolemy/domains/de/test/auto/relationGroup2.xml (RunModel)" time="0.009" />
  <testcase classname="ptolemy.util.test.junit.AutoTests" name="[89] /home/travis/build/icyphy/ptII/ptolemy/domains/de/test/auto/sortWithOpaquePorts.xml (RunModel)" time="0.012" />
  <testcase classname="ptolemy.util.test.junit.AutoTests" name="[90] /home/travis/build/icyphy/ptII/ptolemy/domains/de/test/auto/transferInputsandOutputs.xml (RunModel)" time="0.02" />
  <testcase classname="ptolemy.util.test.junit.AutoTests" name="[91] /home/travis/build/icyphy/ptII/ptolemy/domains/de/test/auto/triggerType.xml (RunModel)" time="0.009" />
  <system-out><![CDATA[/home/travis/build/icyphy/ptII/ptolemy/domains/de/test/DependencyLoop.tcl
testDefs.tcl: setting time out to 9000 seconds at Fri May 11 00:40:53 UTC 2018
14 ms. Memory: 116224K Free: 95084K (82%)
10 ms. Memory: 146944K Free: 138678K (94%)
/home/travis/build/icyphy/ptII/ptolemy/domains/de/test/RunDETestsAsQSS.tcl
Run the DE tests using ptolemy.domains.qss.test.QSSDirectorTest, which extends QSSDirector and prints a message in the constructors.
------------------ testing $PTII/ptolemy/domains/de/test/auto/knownFailedTests/dependencyLoop.xml (Known Failure) 
7 ms. Memory: 146944K Free: 134403K (91%)


==== $PTIIhome/travis/build/icyphy/ptII/ptolemy/domains/de/test/../../../../: Auto Automatic test in file $PTII/ptolemy/domains/de/test/auto/knownFailedTests/dependencyLoop.xml
==== Contents of test case:

	    # FIXME: we should use $relativeFilename here, but it
	    # might have backslashes under Windows, which causes no end
	    # of trouble.
	    createAndExecute $file
	    list {}
	
.... Test generated KNOWN error:
    while executing
ptolemy.kernel.util.IllegalActionException: Found a zero delay loop containing .dependencyLoop.original
  in .dependencyLoop and .dependencyLoop.original
	at ptolemy.actor.util.CausalityInterfaceForComposites._computeOutputPortDepth(CausalityInterfaceForComposites.java:759)
	at ptolemy.actor.util.CausalityInterfaceForComposites._computeInputDepth(CausalityInterfaceForComposites.java:696)
	at ptolemy.actor.util.CausalityInterfaceForComposites._computeOutputPortDepth(CausalityInterfaceForComposites.java:765)
	at ptolemy.actor.util.CausalityInterfaceForComposites._computeInputDepth(CausalityInterfaceForComposites.java:696)
	at ptolemy.actor.util.CausalityInterfaceForComposites._computeOutputPortDepth(CausalityInterfaceForComposites.java:765)
	at ptolemy.actor.util.CausalityInterfaceForComposites._computeInputDepth(CausalityInterfaceForComposites.java:696)
	at ptolemy.actor.util.CausalityInterfaceForComposites._computeActorDepth(CausalityInterfaceForComposites.java:532)
	at ptolemy.actor.util.CausalityInterfaceForComposites.checkForCycles(CausalityInterfaceForComposites.java:96)
	at ptolemy.domains.de.kernel.DEDirector.preinitialize(DEDirector.java:1337)
	at ptolemy.actor.CompositeActor.preinitialize(CompositeActor.java:1828)
	at ptolemy.actor.Manager.preinitializeAndResolveTypes(Manager.java:1040)
	at ptolemy.actor.Manager.initialize(Manager.java:710)
	at ptolemy.actor.Manager.execute(Manager.java:356)
	at ptolemy.actor.Manager.run(Manager.java:1263)
	at ptolemy.actor.Manager$PtolemyRunThread.run(Manager.java:1915)

    while executing
ptolemy.kernel.util.IllegalActionException: Found a zero delay loop containing .dependencyLoop.original
  in .dependencyLoop and .dependencyLoop.original
    while executing
"java::new ptolemy.moml.MoMLSimpleApplication $file
"
    (procedure "createAndExecute" line 2)
    invoked from within
"createAndExecute $file"
    ("uplevel" body line 5)
    invoked from within
"uplevel $contents_of_test"
------------------ testing $PTII/ptolemy/domains/de/test/auto/knownFailedTests/DESDFClockTest.xml (Known Failure) 
2067 ms. Memory: 146944K Free: 118948K (81%)


==== $PTIIhome/travis/build/icyphy/ptII/ptolemy/domains/de/test/../../../../: Auto Automatic test in file $PTII/ptolemy/domains/de/test/auto/knownFailedTests/DESDFClockTest.xml
==== Contents of test case:

	    # FIXME: we should use $relativeFilename here, but it
	    # might have backslashes under Windows, which causes no end
	    # of trouble.
	    createAndExecute $file
	    list {}
	
.... Test generated KNOWN error:
    while executing
ptolemy.kernel.util.IllegalActionException: Actor is not ready to fire.  Perhaps UpSample.prefire() returned false? Try debugging the actor by selecting "Listen to Actor".  Also, for SDF check moml for tokenConsumptionRate on input.
  in .DESDFClockTest.Play Bell.Copy1:SDF Director and .DESDFClockTest.Play Bell.UpSample
	at ptolemy.actor.sched.StaticSchedulingDirector.fire(StaticSchedulingDirector.java:227)
	at ptolemy.domains.sdf.kernel.SDFDirector.fire(SDFDirector.java:500)
	at ptolemy.actor.CompositeActor.fire(CompositeActor.java:455)
	at ptolemy.domains.de.kernel.DEDirector._fire(DEDirector.java:1948)
	at ptolemy.domains.de.kernel.DEDirector.fire(DEDirector.java:502)
	at ptolemy.actor.CompositeActor.fire(CompositeActor.java:455)
	at ptolemy.actor.Manager.iterate(Manager.java:851)
	at ptolemy.actor.Manager.execute(Manager.java:369)
	at ptolemy.actor.Manager.run(Manager.java:1263)
	at ptolemy.actor.Manager$PtolemyRunThread.run(Manager.java:1915)

    while executing
ptolemy.kernel.util.IllegalActionException: Actor is not ready to fire.  Perhaps UpSample.prefire() returned false? Try debugging the actor by selecting "Listen to Actor".  Also, for SDF check moml for tokenConsumptionRate on input.
  in .DESDFClockTest.Play Bell.Copy1:SDF Director and .DESDFClockTest.Play Bell.UpSample
    while executing
"java::new ptolemy.moml.MoMLSimpleApplication $file
"
    (procedure "createAndExecute" line 2)
    invoked from within
"createAndExecute $file"
    ("uplevel" body line 5)
    invoked from within
"uplevel $contents_of_test"
------------------ testing $PTII/ptolemy/domains/de/test/auto/knownFailedTests/FSMSource.xml (Known Failure) 
36 ms. Memory: 146944K Free: 109963K (75%)
!!!! Auto was marked as failing, but now passes
------------------ testing $PTII/ptolemy/domains/de/test/auto/knownFailedTests/dependencyLoop2.xml (Known Failure) 
5 ms. Memory: 146944K Free: 108080K (74%)


==== $PTIIhome/travis/build/icyphy/ptII/ptolemy/domains/de/test/../../../../: Auto Automatic test in file $PTII/ptolemy/domains/de/test/auto/knownFailedTests/dependencyLoop2.xml
==== Contents of test case:

	    # FIXME: we should use $relativeFilename here, but it
	    # might have backslashes under Windows, which causes no end
	    # of trouble.
	    createAndExecute $file
	    list {}
	
.... Test generated KNOWN error:
    while executing
ptolemy.kernel.util.IllegalActionException: Found a zero delay loop containing .dependencyLoop2.original
  in .dependencyLoop2 and .dependencyLoop2.original
	at ptolemy.actor.util.CausalityInterfaceForComposites._computeOutputPortDepth(CausalityInterfaceForComposites.java:759)
	at ptolemy.actor.util.CausalityInterfaceForComposites._computeInputDepth(CausalityInterfaceForComposites.java:696)
	at ptolemy.actor.util.CausalityInterfaceForComposites._computeOutputPortDepth(CausalityInterfaceForComposites.java:765)
	at ptolemy.actor.util.CausalityInterfaceForComposites._computeInputDepth(CausalityInterfaceForComposites.java:696)
	at ptolemy.actor.util.CausalityInterfaceForComposites._computeOutputPortDepth(CausalityInterfaceForComposites.java:765)
	at ptolemy.actor.util.CausalityInterfaceForComposites._computeInputDepth(CausalityInterfaceForComposites.java:696)
	at ptolemy.actor.util.CausalityInterfaceForComposites._computeActorDepth(CausalityInterfaceForComposites.java:532)
	at ptolemy.actor.util.CausalityInterfaceForComposites.checkForCycles(CausalityInterfaceForComposites.java:96)
	at ptolemy.domains.de.kernel.DEDirector.preinitialize(DEDirector.java:1337)
	at ptolemy.actor.CompositeActor.preinitialize(CompositeActor.java:1828)
	at ptolemy.actor.Manager.preinitializeAndResolveTypes(Manager.java:1040)
	at ptolemy.actor.Manager.initialize(Manager.java:710)
	at ptolemy.actor.Manager.execute(Manager.java:356)
	at ptolemy.actor.Manager.run(Manager.java:1263)
	at ptolemy.actor.Manager$PtolemyRunThread.run(Manager.java:1915)

    while executing
ptolemy.kernel.util.IllegalActionException: Found a zero delay loop containing .dependencyLoop2.original
  in .dependencyLoop2 and .dependencyLoop2.original
    while executing
"java::new ptolemy.moml.MoMLSimpleApplication $file
"
    (procedure "createAndExecute" line 2)
    invoked from within
"createAndExecute $file"
    ("uplevel" body line 5)
    invoked from within
"uplevel $contents_of_test"
------------------ testing $PTII/ptolemy/domains/de/test/auto/knownFailedTests/HierarchicalModel.xml (Known Failure) 
4 ms. Memory: 146944K Free: 87473K (60%)


==== $PTIIhome/travis/build/icyphy/ptII/ptolemy/domains/de/test/../../../../: Auto Automatic test in file $PTII/ptolemy/domains/de/test/auto/knownFailedTests/HierarchicalModel.xml
==== Contents of test case:

	    # FIXME: we should use $relativeFilename here, but it
	    # might have backslashes under Windows, which causes no end
	    # of trouble.
	    createAndExecute $file
	    list {}
	
.... Test generated KNOWN error:
    while executing
ptolemy.kernel.util.IllegalActionException: Found a zero delay loop containing .HierarchicalModel.A
  in .HierarchicalModel and .HierarchicalModel.A
	at ptolemy.actor.util.CausalityInterfaceForComposites._computeOutputPortDepth(CausalityInterfaceForComposites.java:759)
	at ptolemy.actor.util.CausalityInterfaceForComposites._computeInputDepth(CausalityInterfaceForComposites.java:696)
	at ptolemy.actor.util.CausalityInterfaceForComposites._computeOutputPortDepth(CausalityInterfaceForComposites.java:765)
	at ptolemy.actor.util.CausalityInterfaceForComposites._computeInputDepth(CausalityInterfaceForComposites.java:696)
	at ptolemy.actor.util.CausalityInterfaceForComposites._computeOutputPortDepth(CausalityInterfaceForComposites.java:765)
	at ptolemy.actor.util.CausalityInterfaceForComposites._computeInputDepth(CausalityInterfaceForComposites.java:696)
	at ptolemy.actor.util.CausalityInterfaceForComposites._computeActorDepth(CausalityInterfaceForComposites.java:532)
	at ptolemy.actor.util.CausalityInterfaceForComposites.checkForCycles(CausalityInterfaceForComposites.java:96)
	at ptolemy.domains.de.kernel.DEDirector.preinitialize(DEDirector.java:1337)
	at ptolemy.actor.CompositeActor.preinitialize(CompositeActor.java:1828)
	at ptolemy.actor.Manager.preinitializeAndResolveTypes(Manager.java:1040)
	at ptolemy.actor.Manager.initialize(Manager.java:710)
	at ptolemy.actor.Manager.execute(Manager.java:356)
	at ptolemy.actor.Manager.run(Manager.java:1263)
	at ptolemy.actor.Manager$PtolemyRunThread.run(Manager.java:1915)

    while executing
ptolemy.kernel.util.IllegalActionException: Found a zero delay loop containing .HierarchicalModel.A
  in .HierarchicalModel and .HierarchicalModel.A
    while executing
"java::new ptolemy.moml.MoMLSimpleApplication $file
"
    (procedure "createAndExecute" line 2)
    invoked from within
"createAndExecute $file"
    ("uplevel" body line 5)
    invoked from within
"uplevel $contents_of_test"
------------------ testing $PTII/ptolemy/domains/de/test/auto/knownFailedTests/DirectFeedback.xml (Known Failure) 
4 ms. Memory: 146944K Free: 82140K (56%)


==== $PTIIhome/travis/build/icyphy/ptII/ptolemy/domains/de/test/../../../../: Auto Automatic test in file $PTII/ptolemy/domains/de/test/auto/knownFailedTests/DirectFeedback.xml
==== Contents of test case:

	    # FIXME: we should use $relativeFilename here, but it
	    # might have backslashes under Windows, which causes no end
	    # of trouble.
	    createAndExecute $file
	    list {}
	
.... Test generated KNOWN error:
    while executing
ptolemy.kernel.util.IllegalActionException: Test fails in iteration 1.
Value was: 1.0. Should have been: 2.0
  in .DirectFeedback.Test
	at ptolemy.actor.lib.Test.fire(Test.java:268)
	at ptolemy.domains.de.kernel.DEDirector._fire(DEDirector.java:1948)
	at ptolemy.domains.de.kernel.DEDirector.fire(DEDirector.java:502)
	at ptolemy.actor.CompositeActor.fire(CompositeActor.java:455)
	at ptolemy.actor.Manager.iterate(Manager.java:851)
	at ptolemy.actor.Manager.execute(Manager.java:369)
	at ptolemy.actor.Manager.run(Manager.java:1263)
	at ptolemy.actor.Manager$PtolemyRunThread.run(Manager.java:1915)

    while executing
ptolemy.kernel.util.IllegalActionException: Test fails in iteration 1.
Value was: 1.0. Should have been: 2.0
  in .DirectFeedback.Test
    while executing
"java::new ptolemy.moml.MoMLSimpleApplication $file
"
    (procedure "createAndExecute" line 2)
    invoked from within
"createAndExecute $file"
    ("uplevel" body line 5)
    invoked from within
"uplevel $contents_of_test"
------------------ testing $PTII/ptolemy/domains/de/test/auto/ActorDepthCalculation_actorWithoutPorts.xml
auto.tcl: Setting watchdog for 200 seconds at Fri May 11 00:40:56 UTC 2018
10 ms. Memory: 146944K Free: 134844K (92%)
ptolemy.util.test.WatchDog.cancel(): canceling Fri May 11 00:40:56 UTC 2018
auto.tcl: Setting watchdog for 200 seconds at Fri May 11 00:40:56 UTC 2018
4 ms. Memory: 146944K Free: 132777K (90%)
ptolemy.util.test.WatchDog.cancel(): canceling Fri May 11 00:40:56 UTC 2018
------------------ testing $PTII/ptolemy/domains/de/test/auto/AssemblyLine.xml
auto.tcl: Setting watchdog for 200 seconds at Fri May 11 00:40:57 UTC 2018
22 ms. Memory: 208384K Free: 181511K (87%)
ptolemy.util.test.WatchDog.cancel(): canceling Fri May 11 00:40:57 UTC 2018
auto.tcl: Setting watchdog for 200 seconds at Fri May 11 00:40:57 UTC 2018
6 ms. Memory: 208384K Free: 181511K (87%)
ptolemy.util.test.WatchDog.cancel(): canceling Fri May 11 00:40:57 UTC 2018
------------------ testing $PTII/ptolemy/domains/de/test/auto/CQBug1.xml
auto.tcl: Setting watchdog for 200 seconds at Fri May 11 00:40:57 UTC 2018
3 ms. Memory: 208384K Free: 196438K (94%)
ptolemy.util.test.WatchDog.cancel(): canceling Fri May 11 00:40:57 UTC 2018
auto.tcl: Setting watchdog for 200 seconds at Fri May 11 00:40:57 UTC 2018
2 ms. Memory: 208384K Free: 196438K (94%)
ptolemy.util.test.WatchDog.cancel(): canceling Fri May 11 00:40:57 UTC 2018
------------------ testing $PTII/ptolemy/domains/de/test/auto/CancelFireAt.xml
auto.tcl: Setting watchdog for 200 seconds at Fri May 11 00:40:57 UTC 2018
4 ms. Memory: 208384K Free: 201413K (97%)
ptolemy.util.test.WatchDog.cancel(): canceling Fri May 11 00:40:57 UTC 2018
auto.tcl: Setting watchdog for 200 seconds at Fri May 11 00:40:57 UTC 2018
5 ms. Memory: 208384K Free: 199287K (96%)
ptolemy.util.test.WatchDog.cancel(): canceling Fri May 11 00:40:57 UTC 2018
------------------ testing $PTII/ptolemy/domains/de/test/auto/CausalityAndComposabilityAnalysis.xml
auto.tcl: Setting watchdog for 200 seconds at Fri May 11 00:40:57 UTC 2018
20 ms. Memory: 208384K Free: 198885K (95%)
ptolemy.util.test.WatchDog.cancel(): canceling Fri May 11 00:40:57 UTC 2018
auto.tcl: Setting watchdog for 200 seconds at Fri May 11 00:40:57 UTC 2018
13 ms. Memory: 208384K Free: 196421K (94%)
ptolemy.util.test.WatchDog.cancel(): canceling Fri May 11 00:40:57 UTC 2018
------------------ testing $PTII/ptolemy/domains/de/test/auto/CausalityInterface1.xml
auto.tcl: Setting watchdog for 200 seconds at Fri May 11 00:40:57 UTC 2018
10 ms. Memory: 208384K Free: 196359K (94%)
ptolemy.util.test.WatchDog.cancel(): canceling Fri May 11 00:40:57 UTC 2018
auto.tcl: Setting watchdog for 200 seconds at Fri May 11 00:40:57 UTC 2018
4 ms. Memory: 208384K Free: 196359K (94%)
ptolemy.util.test.WatchDog.cancel(): canceling Fri May 11 00:40:57 UTC 2018
------------------ testing $PTII/ptolemy/domains/de/test/auto/CausalityInterface15.xml
auto.tcl: Setting watchdog for 200 seconds at Fri May 11 00:40:57 UTC 2018
4 ms. Memory: 208384K Free: 196349K (94%)
ptolemy.util.test.WatchDog.cancel(): canceling Fri May 11 00:40:57 UTC 2018
auto.tcl: Setting watchdog for 200 seconds at Fri May 11 00:40:57 UTC 2018
7 ms. Memory: 208384K Free: 196349K (94%)
ptolemy.util.test.WatchDog.cancel(): canceling Fri May 11 00:40:57 UTC 2018
------------------ testing $PTII/ptolemy/domains/de/test/auto/CausalityInterface2.xml
auto.tcl: Setting watchdog for 200 seconds at Fri May 11 00:40:57 UTC 2018
3 ms. Memory: 208384K Free: 196332K (94%)
ptolemy.util.test.WatchDog.cancel(): canceling Fri May 11 00:40:57 UTC 2018
auto.tcl: Setting watchdog for 200 seconds at Fri May 11 00:40:57 UTC 2018
7 ms. Memory: 208384K Free: 196332K (94%)
ptolemy.util.test.WatchDog.cancel(): canceling Fri May 11 00:40:57 UTC 2018
------------------ testing $PTII/ptolemy/domains/de/test/auto/CausalityInterface3.xml
auto.tcl: Setting watchdog for 200 seconds at Fri May 11 00:40:57 UTC 2018
6 ms. Memory: 208384K Free: 196345K (94%)
ptolemy.util.test.WatchDog.cancel(): canceling Fri May 11 00:40:58 UTC 2018
auto.tcl: Setting watchdog for 200 seconds at Fri May 11 00:40:58 UTC 2018
4 ms. Memory: 208384K Free: 196345K (94%)
ptolemy.util.test.WatchDog.cancel(): canceling Fri May 11 00:40:58 UTC 2018
------------------ testing $PTII/ptolemy/domains/de/test/auto/ClockDrift.xml
auto.tcl: Setting watchdog for 200 seconds at Fri May 11 00:40:58 UTC 2018
86 ms. Memory: 208384K Free: 187495K (90%)
ptolemy.util.test.WatchDog.cancel(): canceling Fri May 11 00:40:58 UTC 2018
auto.tcl: Setting watchdog for 200 seconds at Fri May 11 00:40:58 UTC 2018
32 ms. Memory: 208384K Free: 185369K (89%)
ptolemy.util.test.WatchDog.cancel(): canceling Fri May 11 00:40:58 UTC 2018
------------------ testing $PTII/ptolemy/domains/de/test/auto/ClockDriftAndValueChange.xml
auto.tcl: Setting watchdog for 200 seconds at Fri May 11 00:40:58 UTC 2018
49 ms. Memory: 208384K Free: 187332K (90%)
ptolemy.util.test.WatchDog.cancel(): canceling Fri May 11 00:40:58 UTC 2018
auto.tcl: Setting watchdog for 200 seconds at Fri May 11 00:40:58 UTC 2018
20 ms. Memory: 208384K Free: 185206K (89%)
ptolemy.util.test.WatchDog.cancel(): canceling Fri May 11 00:40:58 UTC 2018
------------------ testing $PTII/ptolemy/domains/de/test/auto/ClockDriftChange.xml
auto.tcl: Setting watchdog for 200 seconds at Fri May 11 00:40:58 UTC 2018
35 ms. Memory: 208384K Free: 190680K (92%)
ptolemy.util.test.WatchDog.cancel(): canceling Fri May 11 00:40:58 UTC 2018
auto.tcl: Setting watchdog for 200 seconds at Fri May 11 00:40:58 UTC 2018
22 ms. Memory: 208384K Free: 188554K (90%)
ptolemy.util.test.WatchDog.cancel(): canceling Fri May 11 00:40:58 UTC 2018
------------------ testing $PTII/ptolemy/domains/de/test/auto/ComposableCausalityAnalysis.xml
auto.tcl: Setting watchdog for 200 seconds at Fri May 11 00:40:58 UTC 2018
2 ms. Memory: 208384K Free: 196191K (94%)
ptolemy.util.test.WatchDog.cancel(): canceling Fri May 11 00:40:58 UTC 2018
auto.tcl: Setting watchdog for 200 seconds at Fri May 11 00:40:58 UTC 2018
2 ms. Memory: 208384K Free: 194065K (93%)
ptolemy.util.test.WatchDog.cancel(): canceling Fri May 11 00:40:58 UTC 2018
------------------ testing $PTII/ptolemy/domains/de/test/auto/DEFixedPointLimitation.xml
auto.tcl: Setting watchdog for 200 seconds at Fri May 11 00:40:58 UTC 2018
5 ms. Memory: 208384K Free: 198398K (95%)
ptolemy.util.test.WatchDog.cancel(): canceling Fri May 11 00:40:58 UTC 2018
auto.tcl: Setting watchdog for 200 seconds at Fri May 11 00:40:58 UTC 2018
5 ms. Memory: 208384K Free: 196272K (94%)
ptolemy.util.test.WatchDog.cancel(): canceling Fri May 11 00:40:58 UTC 2018
------------------ testing $PTII/ptolemy/domains/de/test/auto/DEScheduleTest.xml
auto.tcl: Setting watchdog for 200 seconds at Fri May 11 00:40:58 UTC 2018
8 ms. Memory: 208384K Free: 198772K (95%)
ptolemy.util.test.WatchDog.cancel(): canceling Fri May 11 00:40:58 UTC 2018
auto.tcl: Setting watchdog for 200 seconds at Fri May 11 00:40:58 UTC 2018
8 ms. Memory: 208384K Free: 196307K (94%)
ptolemy.util.test.WatchDog.cancel(): canceling Fri May 11 00:40:58 UTC 2018
------------------ testing $PTII/ptolemy/domains/de/test/auto/DEinDEwithStartTimes.xml
auto.tcl: Setting watchdog for 200 seconds at Fri May 11 00:40:58 UTC 2018
8 ms. Memory: 208384K Free: 196277K (94%)
ptolemy.util.test.WatchDog.cancel(): canceling Fri May 11 00:40:58 UTC 2018
auto.tcl: Setting watchdog for 200 seconds at Fri May 11 00:40:58 UTC 2018
4 ms. Memory: 208384K Free: 194150K (93%)
ptolemy.util.test.WatchDog.cancel(): canceling Fri May 11 00:40:58 UTC 2018
------------------ testing $PTII/ptolemy/domains/de/test/auto/DEinDEwithStartTimes2.xml
auto.tcl: Setting watchdog for 200 seconds at Fri May 11 00:40:58 UTC 2018
4 ms. Memory: 208384K Free: 196256K (94%)
ptolemy.util.test.WatchDog.cancel(): canceling Fri May 11 00:40:59 UTC 2018
auto.tcl: Setting watchdog for 200 seconds at Fri May 11 00:40:59 UTC 2018
4 ms. Memory: 208384K Free: 194130K (93%)
ptolemy.util.test.WatchDog.cancel(): canceling Fri May 11 00:40:59 UTC 2018
------------------ testing $PTII/ptolemy/domains/de/test/auto/DateDemo.xml
auto.tcl: Setting watchdog for 200 seconds at Fri May 11 00:40:59 UTC 2018
17 ms. Memory: 208384K Free: 188614K (91%)
ptolemy.util.test.WatchDog.cancel(): canceling Fri May 11 00:40:59 UTC 2018
auto.tcl: Setting watchdog for 200 seconds at Fri May 11 00:40:59 UTC 2018
8 ms. Memory: 208384K Free: 186488K (89%)
ptolemy.util.test.WatchDog.cancel(): canceling Fri May 11 00:40:59 UTC 2018
------------------ testing $PTII/ptolemy/domains/de/test/auto/DateToEvent.xml
auto.tcl: Setting watchdog for 200 seconds at Fri May 11 00:40:59 UTC 2018
2011 ms. Memory: 208384K Free: 183233K (88%)
ptolemy.util.test.WatchDog.cancel(): canceling Fri May 11 00:41:01 UTC 2018
auto.tcl: Setting watchdog for 200 seconds at Fri May 11 00:41:01 UTC 2018
2005 ms. Memory: 208384K Free: 180776K (87%)
ptolemy.util.test.WatchDog.cancel(): canceling Fri May 11 00:41:03 UTC 2018
------------------ testing $PTII/ptolemy/domains/de/test/auto/DepthTest1.xml
auto.tcl: Setting watchdog for 200 seconds at Fri May 11 00:41:03 UTC 2018
3 ms. Memory: 208384K Free: 197960K (95%)
ptolemy.util.test.WatchDog.cancel(): canceling Fri May 11 00:41:03 UTC 2018
auto.tcl: Setting watchdog for 200 seconds at Fri May 11 00:41:03 UTC 2018
2 ms. Memory: 208384K Free: 197960K (95%)
ptolemy.util.test.WatchDog.cancel(): canceling Fri May 11 00:41:03 UTC 2018
------------------ testing $PTII/ptolemy/domains/de/test/auto/DepthTest2.xml
auto.tcl: Setting watchdog for 200 seconds at Fri May 11 00:41:03 UTC 2018
6 ms. Memory: 208384K Free: 193658K (93%)
ptolemy.util.test.WatchDog.cancel(): canceling Fri May 11 00:41:03 UTC 2018
auto.tcl: Setting watchdog for 200 seconds at Fri May 11 00:41:03 UTC 2018
6 ms. Memory: 208384K Free: 193658K (93%)
ptolemy.util.test.WatchDog.cancel(): canceling Fri May 11 00:41:03 UTC 2018
------------------ testing $PTII/ptolemy/domains/de/test/auto/DepthTest3.xml
auto.tcl: Setting watchdog for 200 seconds at Fri May 11 00:41:03 UTC 2018
6 ms. Memory: 208384K Free: 198149K (95%)
ptolemy.util.test.WatchDog.cancel(): canceling Fri May 11 00:41:03 UTC 2018
auto.tcl: Setting watchdog for 200 seconds at Fri May 11 00:41:03 UTC 2018
4 ms. Memory: 208384K Free: 198149K (95%)
ptolemy.util.test.WatchDog.cancel(): canceling Fri May 11 00:41:03 UTC 2018
------------------ testing $PTII/ptolemy/domains/de/test/auto/DepthTest4.xml
auto.tcl: Setting watchdog for 200 seconds at Fri May 11 00:41:03 UTC 2018
3 ms. Memory: 208384K Free: 195773K (94%)
ptolemy.util.test.WatchDog.cancel(): canceling Fri May 11 00:41:03 UTC 2018
auto.tcl: Setting watchdog for 200 seconds at Fri May 11 00:41:03 UTC 2018
3 ms. Memory: 208384K Free: 195773K (94%)
ptolemy.util.test.WatchDog.cancel(): canceling Fri May 11 00:41:03 UTC 2018
------------------ testing $PTII/ptolemy/domains/de/test/auto/DepthTest5.xml
auto.tcl: Setting watchdog for 200 seconds at Fri May 11 00:41:03 UTC 2018
5 ms. Memory: 208384K Free: 196056K (94%)
ptolemy.util.test.WatchDog.cancel(): canceling Fri May 11 00:41:03 UTC 2018
auto.tcl: Setting watchdog for 200 seconds at Fri May 11 00:41:03 UTC 2018
1 ms. Memory: 208384K Free: 196056K (94%)
ptolemy.util.test.WatchDog.cancel(): canceling Fri May 11 00:41:03 UTC 2018
------------------ testing $PTII/ptolemy/domains/de/test/auto/DepthTest6.xml
auto.tcl: Setting watchdog for 200 seconds at Fri May 11 00:41:03 UTC 2018
9 ms. Memory: 208384K Free: 196017K (94%)
ptolemy.util.test.WatchDog.cancel(): canceling Fri May 11 00:41:03 UTC 2018
auto.tcl: Setting watchdog for 200 seconds at Fri May 11 00:41:03 UTC 2018
2 ms. Memory: 208384K Free: 196017K (94%)
ptolemy.util.test.WatchDog.cancel(): canceling Fri May 11 00:41:03 UTC 2018
------------------ testing $PTII/ptolemy/domains/de/test/auto/DepthTest7.xml
auto.tcl: Setting watchdog for 200 seconds at Fri May 11 00:41:03 UTC 2018
5 ms. Memory: 208384K Free: 194447K (93%)
ptolemy.util.test.WatchDog.cancel(): canceling Fri May 11 00:41:03 UTC 2018
auto.tcl: Setting watchdog for 200 seconds at Fri May 11 00:41:03 UTC 2018
2 ms. Memory: 208384K Free: 194447K (93%)
ptolemy.util.test.WatchDog.cancel(): canceling Fri May 11 00:41:03 UTC 2018
------------------ testing $PTII/ptolemy/domains/de/test/auto/EventToDate.xml
auto.tcl: Setting watchdog for 200 seconds at Fri May 11 00:41:03 UTC 2018
3005 ms. Memory: 208384K Free: 185065K (89%)
ptolemy.util.test.WatchDog.cancel(): canceling Fri May 11 00:41:06 UTC 2018
auto.tcl: Setting watchdog for 200 seconds at Fri May 11 00:41:06 UTC 2018
3004 ms. Memory: 208384K Free: 185065K (89%)
ptolemy.util.test.WatchDog.cancel(): canceling Fri May 11 00:41:09 UTC 2018
------------------ testing $PTII/ptolemy/domains/de/test/auto/FSM1.xml
auto.tcl: Setting watchdog for 200 seconds at Fri May 11 00:41:10 UTC 2018
33 ms. Memory: 208384K Free: 188675K (91%)
ptolemy.util.test.WatchDog.cancel(): canceling Fri May 11 00:41:10 UTC 2018
auto.tcl: Setting watchdog for 200 seconds at Fri May 11 00:41:10 UTC 2018
35 ms. Memory: 208384K Free: 184422K (89%)
ptolemy.util.test.WatchDog.cancel(): canceling Fri May 11 00:41:10 UTC 2018
------------------ testing $PTII/ptolemy/domains/de/test/auto/FSM7.xml
auto.tcl: Setting watchdog for 200 seconds at Fri May 11 00:41:10 UTC 2018
25 ms. Memory: 208384K Free: 188879K (91%)
ptolemy.util.test.WatchDog.cancel(): canceling Fri May 11 00:41:10 UTC 2018
auto.tcl: Setting watchdog for 200 seconds at Fri May 11 00:41:10 UTC 2018
20 ms. Memory: 208384K Free: 184626K (89%)
ptolemy.util.test.WatchDog.cancel(): canceling Fri May 11 00:41:10 UTC 2018
------------------ testing $PTII/ptolemy/domains/de/test/auto/Inspection.xml
auto.tcl: Setting watchdog for 200 seconds at Fri May 11 00:41:10 UTC 2018
20 ms. Memory: 208384K Free: 187965K (90%)
ptolemy.util.test.WatchDog.cancel(): canceling Fri May 11 00:41:10 UTC 2018
auto.tcl: Setting watchdog for 200 seconds at Fri May 11 00:41:10 UTC 2018
21 ms. Memory: 208384K Free: 185839K (89%)
ptolemy.util.test.WatchDog.cancel(): canceling Fri May 11 00:41:10 UTC 2018
------------------ testing $PTII/ptolemy/domains/de/test/auto/Iteration.xml
auto.tcl: Setting watchdog for 200 seconds at Fri May 11 00:41:10 UTC 2018
15 ms. Memory: 208384K Free: 195482K (94%)
ptolemy.util.test.WatchDog.cancel(): canceling Fri May 11 00:41:10 UTC 2018
auto.tcl: Setting watchdog for 200 seconds at Fri May 11 00:41:10 UTC 2018
8 ms. Memory: 208384K Free: 193356K (93%)
ptolemy.util.test.WatchDog.cancel(): canceling Fri May 11 00:41:10 UTC 2018
------------------ testing $PTII/ptolemy/domains/de/test/auto/LineFault.xml
auto.tcl: Setting watchdog for 200 seconds at Fri May 11 00:41:10 UTC 2018
766 ms. Memory: 208384K Free: 194560K (93%)
ptolemy.util.test.WatchDog.cancel(): canceling Fri May 11 00:41:11 UTC 2018
auto.tcl: Setting watchdog for 200 seconds at Fri May 11 00:41:11 UTC 2018
596 ms. Memory: 208384K Free: 138382K (66%)
ptolemy.util.test.WatchDog.cancel(): canceling Fri May 11 00:41:12 UTC 2018
------------------ testing $PTII/ptolemy/domains/de/test/auto/MergeModel1Add.xml
auto.tcl: Setting watchdog for 200 seconds at Fri May 11 00:41:12 UTC 2018
30 ms. Memory: 331264K Free: 302393K (91%)
ptolemy.util.test.WatchDog.cancel(): canceling Fri May 11 00:41:12 UTC 2018
auto.tcl: Setting watchdog for 200 seconds at Fri May 11 00:41:12 UTC 2018
10 ms. Memory: 331264K Free: 298459K (90%)
ptolemy.util.test.WatchDog.cancel(): canceling Fri May 11 00:41:12 UTC 2018
------------------ testing $PTII/ptolemy/domains/de/test/auto/MergeModel2Add.xml
auto.tcl: Setting watchdog for 200 seconds at Fri May 11 00:41:12 UTC 2018
8 ms. Memory: 331264K Free: 303732K (92%)
ptolemy.util.test.WatchDog.cancel(): canceling Fri May 11 00:41:12 UTC 2018
auto.tcl: Setting watchdog for 200 seconds at Fri May 11 00:41:12 UTC 2018
7 ms. Memory: 331264K Free: 299798K (91%)
ptolemy.util.test.WatchDog.cancel(): canceling Fri May 11 00:41:12 UTC 2018
------------------ testing $PTII/ptolemy/domains/de/test/auto/MergeModel3Add.xml
auto.tcl: Setting watchdog for 200 seconds at Fri May 11 00:41:12 UTC 2018
10 ms. Memory: 331264K Free: 303742K (92%)
ptolemy.util.test.WatchDog.cancel(): canceling Fri May 11 00:41:12 UTC 2018
auto.tcl: Setting watchdog for 200 seconds at Fri May 11 00:41:12 UTC 2018
9 ms. Memory: 331264K Free: 299808K (91%)
ptolemy.util.test.WatchDog.cancel(): canceling Fri May 11 00:41:12 UTC 2018
------------------ testing $PTII/ptolemy/domains/de/test/auto/MergeWithoutDiscard.xml
auto.tcl: Setting watchdog for 200 seconds at Fri May 11 00:41:12 UTC 2018
2 ms. Memory: 331264K Free: 315825K (95%)
ptolemy.util.test.WatchDog.cancel(): canceling Fri May 11 00:41:12 UTC 2018
auto.tcl: Setting watchdog for 200 seconds at Fri May 11 00:41:12 UTC 2018
1 ms. Memory: 331264K Free: 315825K (95%)
ptolemy.util.test.WatchDog.cancel(): canceling Fri May 11 00:41:12 UTC 2018
------------------ testing $PTII/ptolemy/domains/de/test/auto/Modal1.xml
auto.tcl: Setting watchdog for 200 seconds at Fri May 11 00:41:12 UTC 2018
18 ms. Memory: 331264K Free: 309447K (93%)
ptolemy.util.test.WatchDog.cancel(): canceling Fri May 11 00:41:12 UTC 2018
auto.tcl: Setting watchdog for 200 seconds at Fri May 11 00:41:12 UTC 2018
19 ms. Memory: 331264K Free: 300598K (91%)
ptolemy.util.test.WatchDog.cancel(): canceling Fri May 11 00:41:12 UTC 2018
------------------ testing $PTII/ptolemy/domains/de/test/auto/Modal2.xml
auto.tcl: Setting watchdog for 200 seconds at Fri May 11 00:41:12 UTC 2018
11 ms. Memory: 331264K Free: 309304K (93%)
ptolemy.util.test.WatchDog.cancel(): canceling Fri May 11 00:41:12 UTC 2018
auto.tcl: Setting watchdog for 200 seconds at Fri May 11 00:41:12 UTC 2018
10 ms. Memory: 331264K Free: 305370K (92%)
ptolemy.util.test.WatchDog.cancel(): canceling Fri May 11 00:41:12 UTC 2018
------------------ testing $PTII/ptolemy/domains/de/test/auto/Modal3.xml
auto.tcl: Setting watchdog for 200 seconds at Fri May 11 00:41:13 UTC 2018
16 ms. Memory: 331264K Free: 309604K (93%)
ptolemy.util.test.WatchDog.cancel(): canceling Fri May 11 00:41:13 UTC 2018
auto.tcl: Setting watchdog for 200 seconds at Fri May 11 00:41:13 UTC 2018
13 ms. Memory: 331264K Free: 305385K (92%)
ptolemy.util.test.WatchDog.cancel(): canceling Fri May 11 00:41:13 UTC 2018
------------------ testing $PTII/ptolemy/domains/de/test/auto/Modal4.xml
auto.tcl: Setting watchdog for 200 seconds at Fri May 11 00:41:13 UTC 2018
29 ms. Memory: 331264K Free: 309332K (93%)
ptolemy.util.test.WatchDog.cancel(): canceling Fri May 11 00:41:13 UTC 2018
auto.tcl: Setting watchdog for 200 seconds at Fri May 11 00:41:13 UTC 2018
14 ms. Memory: 331264K Free: 305398K (92%)
ptolemy.util.test.WatchDog.cancel(): canceling Fri May 11 00:41:13 UTC 2018
------------------ testing $PTII/ptolemy/domains/de/test/auto/Modal5.xml
auto.tcl: Setting watchdog for 200 seconds at Fri May 11 00:41:13 UTC 2018
12 ms. Memory: 331264K Free: 309319K (93%)
ptolemy.util.test.WatchDog.cancel(): canceling Fri May 11 00:41:13 UTC 2018
auto.tcl: Setting watchdog for 200 seconds at Fri May 11 00:41:13 UTC 2018
14 ms. Memory: 331264K Free: 305385K (92%)
ptolemy.util.test.WatchDog.cancel(): canceling Fri May 11 00:41:13 UTC 2018
------------------ testing $PTII/ptolemy/domains/de/test/auto/Modal6.xml
auto.tcl: Setting watchdog for 200 seconds at Fri May 11 00:41:13 UTC 2018
11 ms. Memory: 331264K Free: 309316K (93%)
ptolemy.util.test.WatchDog.cancel(): canceling Fri May 11 00:41:13 UTC 2018
auto.tcl: Setting watchdog for 200 seconds at Fri May 11 00:41:13 UTC 2018
12 ms. Memory: 331264K Free: 305382K (92%)
ptolemy.util.test.WatchDog.cancel(): canceling Fri May 11 00:41:13 UTC 2018
------------------ testing $PTII/ptolemy/domains/de/test/auto/Modal7.xml
auto.tcl: Setting watchdog for 200 seconds at Fri May 11 00:41:13 UTC 2018
18 ms. Memory: 331264K Free: 309316K (93%)
ptolemy.util.test.WatchDog.cancel(): canceling Fri May 11 00:41:13 UTC 2018
auto.tcl: Setting watchdog for 200 seconds at Fri May 11 00:41:13 UTC 2018
10 ms. Memory: 331264K Free: 305382K (92%)
ptolemy.util.test.WatchDog.cancel(): canceling Fri May 11 00:41:13 UTC 2018
------------------ testing $PTII/ptolemy/domains/de/test/auto/ModalModel.xml
auto.tcl: Setting watchdog for 200 seconds at Fri May 11 00:41:13 UTC 2018
152 ms. Memory: 331264K Free: 248219K (75%)
ptolemy.util.test.WatchDog.cancel(): canceling Fri May 11 00:41:13 UTC 2018
auto.tcl: Setting watchdog for 200 seconds at Fri May 11 00:41:13 UTC 2018
153 ms. Memory: 331264K Free: 193006K (58%)
ptolemy.util.test.WatchDog.cancel(): canceling Fri May 11 00:41:13 UTC 2018
------------------ testing $PTII/ptolemy/domains/de/test/auto/ModalSource.xml
auto.tcl: Setting watchdog for 200 seconds at Fri May 11 00:41:13 UTC 2018
5 ms. Memory: 331264K Free: 316046K (95%)
ptolemy.util.test.WatchDog.cancel(): canceling Fri May 11 00:41:14 UTC 2018
auto.tcl: Setting watchdog for 200 seconds at Fri May 11 00:41:14 UTC 2018
5 ms. Memory: 331264K Free: 312524K (94%)
ptolemy.util.test.WatchDog.cancel(): canceling Fri May 11 00:41:14 UTC 2018
------------------ testing $PTII/ptolemy/domains/de/test/auto/NonInterruptibleTimerZeroDelay.xml
auto.tcl: Setting watchdog for 200 seconds at Fri May 11 00:41:14 UTC 2018
4 ms. Memory: 331264K Free: 320406K (97%)
ptolemy.util.test.WatchDog.cancel(): canceling Fri May 11 00:41:14 UTC 2018
auto.tcl: Setting watchdog for 200 seconds at Fri May 11 00:41:14 UTC 2018
3 ms. Memory: 331264K Free: 316868K (96%)
ptolemy.util.test.WatchDog.cancel(): canceling Fri May 11 00:41:14 UTC 2018
------------------ testing $PTII/ptolemy/domains/de/test/auto/OpenQueueingNetwork.xml
auto.tcl: Setting watchdog for 200 seconds at Fri May 11 00:41:14 UTC 2018
2461 ms. Memory: 573952K Free: 421493K (73%)
ptolemy.util.test.WatchDog.cancel(): canceling Fri May 11 00:41:16 UTC 2018
auto.tcl: Setting watchdog for 200 seconds at Fri May 11 00:41:16 UTC 2018
2251 ms. Memory: 550912K Free: 325194K (59%)
ptolemy.util.test.WatchDog.cancel(): canceling Fri May 11 00:41:18 UTC 2018
------------------ testing $PTII/ptolemy/domains/de/test/auto/OpenQueuingNetwork.xml
auto.tcl: Setting watchdog for 200 seconds at Fri May 11 00:41:19 UTC 2018
234 ms. Memory: 549888K Free: 444941K (81%)
ptolemy.util.test.WatchDog.cancel(): canceling Fri May 11 00:41:19 UTC 2018
auto.tcl: Setting watchdog for 200 seconds at Fri May 11 00:41:19 UTC 2018
210 ms. Memory: 549888K Free: 384724K (70%)
ptolemy.util.test.WatchDog.cancel(): canceling Fri May 11 00:41:19 UTC 2018
------------------ testing $PTII/ptolemy/domains/de/test/auto/PeriodicSampler.xml
auto.tcl: Setting watchdog for 200 seconds at Fri May 11 00:41:19 UTC 2018
2 ms. Memory: 551936K Free: 531608K (96%)
ptolemy.util.test.WatchDog.cancel(): canceling Fri May 11 00:41:19 UTC 2018
auto.tcl: Setting watchdog for 200 seconds at Fri May 11 00:41:19 UTC 2018
2 ms. Memory: 551936K Free: 531608K (96%)
ptolemy.util.test.WatchDog.cancel(): canceling Fri May 11 00:41:19 UTC 2018
------------------ testing $PTII/ptolemy/domains/de/test/auto/PersistentIO.xml
auto.tcl: Setting watchdog for 200 seconds at Fri May 11 00:41:19 UTC 2018
11 ms. Memory: 549376K Free: 524157K (95%)
ptolemy.util.test.WatchDog.cancel(): canceling Fri May 11 00:41:19 UTC 2018
auto.tcl: Setting watchdog for 200 seconds at Fri May 11 00:41:19 UTC 2018
4 ms. Memory: 549376K Free: 524157K (95%)
ptolemy.util.test.WatchDog.cancel(): canceling Fri May 11 00:41:19 UTC 2018
------------------ testing $PTII/ptolemy/domains/de/test/auto/PortParameterResetOnInitialize.xml
auto.tcl: Setting watchdog for 200 seconds at Fri May 11 00:41:19 UTC 2018
3 ms. Memory: 551424K Free: 531558K (96%)
ptolemy.util.test.WatchDog.cancel(): canceling Fri May 11 00:41:19 UTC 2018
auto.tcl: Setting watchdog for 200 seconds at Fri May 11 00:41:19 UTC 2018
2 ms. Memory: 551424K Free: 531558K (96%)
ptolemy.util.test.WatchDog.cancel(): canceling Fri May 11 00:41:19 UTC 2018
------------------ testing $PTII/ptolemy/domains/de/test/auto/PortParameterUpdates.xml
auto.tcl: Setting watchdog for 200 seconds at Fri May 11 00:41:19 UTC 2018
6 ms. Memory: 549376K Free: 529644K (96%)
ptolemy.util.test.WatchDog.cancel(): canceling Fri May 11 00:41:19 UTC 2018
auto.tcl: Setting watchdog for 200 seconds at Fri May 11 00:41:19 UTC 2018
4 ms. Memory: 549376K Free: 524169K (95%)
ptolemy.util.test.WatchDog.cancel(): canceling Fri May 11 00:41:19 UTC 2018
------------------ testing $PTII/ptolemy/domains/de/test/auto/QueueAndServer.xml
auto.tcl: Setting watchdog for 200 seconds at Fri May 11 00:41:19 UTC 2018
11 ms. Memory: 551424K Free: 530614K (96%)
ptolemy.util.test.WatchDog.cancel(): canceling Fri May 11 00:41:19 UTC 2018
auto.tcl: Setting watchdog for 200 seconds at Fri May 11 00:41:19 UTC 2018
6 ms. Memory: 551424K Free: 530614K (96%)
ptolemy.util.test.WatchDog.cancel(): canceling Fri May 11 00:41:19 UTC 2018
------------------ testing $PTII/ptolemy/domains/de/test/auto/Records.xml
auto.tcl: Setting watchdog for 200 seconds at Fri May 11 00:41:20 UTC 2018
5 ms. Memory: 549376K Free: 533998K (97%)
ptolemy.util.test.WatchDog.cancel(): canceling Fri May 11 00:41:20 UTC 2018
auto.tcl: Setting watchdog for 200 seconds at Fri May 11 00:41:20 UTC 2018
4 ms. Memory: 549376K Free: 533998K (97%)
ptolemy.util.test.WatchDog.cancel(): canceling Fri May 11 00:41:20 UTC 2018
------------------ testing $PTII/ptolemy/domains/de/test/auto/ResetTransitionWithStartTime1.xml
auto.tcl: Setting watchdog for 200 seconds at Fri May 11 00:41:20 UTC 2018
6 ms. Memory: 551424K Free: 530582K (96%)
ptolemy.util.test.WatchDog.cancel(): canceling Fri May 11 00:41:20 UTC 2018
auto.tcl: Setting watchdog for 200 seconds at Fri May 11 00:41:20 UTC 2018
5 ms. Memory: 551424K Free: 530582K (96%)
ptolemy.util.test.WatchDog.cancel(): canceling Fri May 11 00:41:20 UTC 2018
------------------ testing $PTII/ptolemy/domains/de/test/auto/ResetTransitionWithStartTime2.xml
auto.tcl: Setting watchdog for 200 seconds at Fri May 11 00:41:20 UTC 2018
5 ms. Memory: 549376K Free: 528762K (96%)
ptolemy.util.test.WatchDog.cancel(): canceling Fri May 11 00:41:20 UTC 2018
auto.tcl: Setting watchdog for 200 seconds at Fri May 11 00:41:20 UTC 2018
6 ms. Memory: 549376K Free: 528762K (96%)
ptolemy.util.test.WatchDog.cancel(): canceling Fri May 11 00:41:20 UTC 2018
------------------ testing $PTII/ptolemy/domains/de/test/auto/ResetTransitionWithStartTime3.xml
auto.tcl: Setting watchdog for 200 seconds at Fri May 11 00:41:20 UTC 2018
5 ms. Memory: 550912K Free: 530075K (96%)
ptolemy.util.test.WatchDog.cancel(): canceling Fri May 11 00:41:20 UTC 2018
auto.tcl: Setting watchdog for 200 seconds at Fri May 11 00:41:20 UTC 2018
5 ms. Memory: 550912K Free: 530075K (96%)
ptolemy.util.test.WatchDog.cancel(): canceling Fri May 11 00:41:20 UTC 2018
------------------ testing $PTII/ptolemy/domains/de/test/auto/ResetTransitionWithStartTime4.xml
auto.tcl: Setting watchdog for 200 seconds at Fri May 11 00:41:20 UTC 2018
4 ms. Memory: 549376K Free: 528521K (96%)
ptolemy.util.test.WatchDog.cancel(): canceling Fri May 11 00:41:20 UTC 2018
auto.tcl: Setting watchdog for 200 seconds at Fri May 11 00:41:20 UTC 2018
4 ms. Memory: 549376K Free: 528521K (96%)
ptolemy.util.test.WatchDog.cancel(): canceling Fri May 11 00:41:20 UTC 2018
------------------ testing $PTII/ptolemy/domains/de/test/auto/ResettableTimer1.xml
auto.tcl: Setting watchdog for 200 seconds at Fri May 11 00:41:20 UTC 2018
5 ms. Memory: 550912K Free: 535543K (97%)
ptolemy.util.test.WatchDog.cancel(): canceling Fri May 11 00:41:20 UTC 2018
auto.tcl: Setting watchdog for 200 seconds at Fri May 11 00:41:20 UTC 2018
2 ms. Memory: 550912K Free: 535543K (97%)
ptolemy.util.test.WatchDog.cancel(): canceling Fri May 11 00:41:20 UTC 2018
------------------ testing $PTII/ptolemy/domains/de/test/auto/ResettableTimer2.xml
auto.tcl: Setting watchdog for 200 seconds at Fri May 11 00:41:20 UTC 2018
2 ms. Memory: 549376K Free: 534294K (97%)
ptolemy.util.test.WatchDog.cancel(): canceling Fri May 11 00:41:20 UTC 2018
auto.tcl: Setting watchdog for 200 seconds at Fri May 11 00:41:20 UTC 2018
2 ms. Memory: 549376K Free: 534294K (97%)
ptolemy.util.test.WatchDog.cancel(): canceling Fri May 11 00:41:20 UTC 2018
------------------ testing $PTII/ptolemy/domains/de/test/auto/ResettableTimer3.xml
auto.tcl: Setting watchdog for 200 seconds at Fri May 11 00:41:20 UTC 2018
1 ms. Memory: 550912K Free: 535600K (97%)
ptolemy.util.test.WatchDog.cancel(): canceling Fri May 11 00:41:20 UTC 2018
auto.tcl: Setting watchdog for 200 seconds at Fri May 11 00:41:20 UTC 2018
1 ms. Memory: 550912K Free: 535600K (97%)
ptolemy.util.test.WatchDog.cancel(): canceling Fri May 11 00:41:20 UTC 2018
------------------ testing $PTII/ptolemy/domains/de/test/auto/ResettableTimer4.xml
auto.tcl: Setting watchdog for 200 seconds at Fri May 11 00:41:20 UTC 2018
1 ms. Memory: 549376K Free: 534307K (97%)
ptolemy.util.test.WatchDog.cancel(): canceling Fri May 11 00:41:20 UTC 2018
auto.tcl: Setting watchdog for 200 seconds at Fri May 11 00:41:20 UTC 2018
2 ms. Memory: 549376K Free: 534307K (97%)
ptolemy.util.test.WatchDog.cancel(): canceling Fri May 11 00:41:20 UTC 2018
------------------ testing $PTII/ptolemy/domains/de/test/auto/ResettableTimer5.xml
auto.tcl: Setting watchdog for 200 seconds at Fri May 11 00:41:20 UTC 2018
1 ms. Memory: 550400K Free: 530650K (96%)
ptolemy.util.test.WatchDog.cancel(): canceling Fri May 11 00:41:20 UTC 2018
auto.tcl: Setting watchdog for 200 seconds at Fri May 11 00:41:20 UTC 2018
1 ms. Memory: 550400K Free: 530650K (96%)
ptolemy.util.test.WatchDog.cancel(): canceling Fri May 11 00:41:20 UTC 2018
------------------ testing $PTII/ptolemy/domains/de/test/auto/ResettableTimer6.xml
auto.tcl: Setting watchdog for 200 seconds at Fri May 11 00:41:20 UTC 2018
1 ms. Memory: 549376K Free: 529346K (96%)
ptolemy.util.test.WatchDog.cancel(): canceling Fri May 11 00:41:20 UTC 2018
auto.tcl: Setting watchdog for 200 seconds at Fri May 11 00:41:20 UTC 2018
1 ms. Memory: 549376K Free: 529346K (96%)
ptolemy.util.test.WatchDog.cancel(): canceling Fri May 11 00:41:20 UTC 2018
------------------ testing $PTII/ptolemy/domains/de/test/auto/ServerZeroDelay.xml
auto.tcl: Setting watchdog for 200 seconds at Fri May 11 00:41:20 UTC 2018
2 ms. Memory: 550400K Free: 535269K (97%)
ptolemy.util.test.WatchDog.cancel(): canceling Fri May 11 00:41:20 UTC 2018
auto.tcl: Setting watchdog for 200 seconds at Fri May 11 00:41:20 UTC 2018
2 ms. Memory: 550400K Free: 535269K (97%)
ptolemy.util.test.WatchDog.cancel(): canceling Fri May 11 00:41:20 UTC 2018
------------------ testing $PTII/ptolemy/domains/de/test/auto/SmartSender.xml
auto.tcl: Setting watchdog for 200 seconds at Fri May 11 00:41:20 UTC 2018
3002 ms. Memory: 549376K Free: 529561K (96%)
ptolemy.util.test.WatchDog.cancel(): canceling Fri May 11 00:41:23 UTC 2018
auto.tcl: Setting watchdog for 200 seconds at Fri May 11 00:41:23 UTC 2018
3001 ms. Memory: 549376K Free: 529561K (96%)
ptolemy.util.test.WatchDog.cancel(): canceling Fri May 11 00:41:26 UTC 2018
------------------ testing $PTII/ptolemy/domains/de/test/auto/ThreadedComposite.xml
auto.tcl: Setting watchdog for 200 seconds at Fri May 11 00:41:26 UTC 2018
201 ms. Memory: 550400K Free: 510061K (93%)
ptolemy.util.test.WatchDog.cancel(): canceling Fri May 11 00:41:27 UTC 2018
auto.tcl: Setting watchdog for 200 seconds at Fri May 11 00:41:27 UTC 2018
199 ms. Memory: 550400K Free: 485868K (88%)
ptolemy.util.test.WatchDog.cancel(): canceling Fri May 11 00:41:27 UTC 2018
------------------ testing $PTII/ptolemy/domains/de/test/auto/Time.xml
auto.tcl: Setting watchdog for 200 seconds at Fri May 11 00:41:27 UTC 2018
509 ms. Memory: 549376K Free: 482260K (88%)
ptolemy.util.test.WatchDog.cancel(): canceling Fri May 11 00:41:27 UTC 2018
auto.tcl: Setting watchdog for 200 seconds at Fri May 11 00:41:27 UTC 2018
466 ms. Memory: 549376K Free: 427518K (78%)
ptolemy.util.test.WatchDog.cancel(): canceling Fri May 11 00:41:28 UTC 2018
------------------ testing $PTII/ptolemy/domains/de/test/auto/TimeDelayZeroDelay.xml
auto.tcl: Setting watchdog for 200 seconds at Fri May 11 00:41:28 UTC 2018
4 ms. Memory: 550400K Free: 534958K (97%)
ptolemy.util.test.WatchDog.cancel(): canceling Fri May 11 00:41:28 UTC 2018
auto.tcl: Setting watchdog for 200 seconds at Fri May 11 00:41:28 UTC 2018
2 ms. Memory: 550400K Free: 534958K (97%)
ptolemy.util.test.WatchDog.cancel(): canceling Fri May 11 00:41:28 UTC 2018
------------------ testing $PTII/ptolemy/domains/de/test/auto/TimerZeroDelay.xml
auto.tcl: Setting watchdog for 200 seconds at Fri May 11 00:41:28 UTC 2018
2 ms. Memory: 549376K Free: 534207K (97%)
ptolemy.util.test.WatchDog.cancel(): canceling Fri May 11 00:41:28 UTC 2018
auto.tcl: Setting watchdog for 200 seconds at Fri May 11 00:41:28 UTC 2018
2 ms. Memory: 549376K Free: 534207K (97%)
ptolemy.util.test.WatchDog.cancel(): canceling Fri May 11 00:41:28 UTC 2018
------------------ testing $PTII/ptolemy/domains/de/test/auto/TimingParadox.xml
auto.tcl: Setting watchdog for 200 seconds at Fri May 11 00:41:28 UTC 2018
303 ms. Memory: 549888K Free: 468806K (85%)
ptolemy.util.test.WatchDog.cancel(): canceling Fri May 11 00:41:28 UTC 2018
auto.tcl: Setting watchdog for 200 seconds at Fri May 11 00:41:28 UTC 2018
279 ms. Memory: 549888K Free: 435961K (79%)
ptolemy.util.test.WatchDog.cancel(): canceling Fri May 11 00:41:29 UTC 2018
------------------ testing $PTII/ptolemy/domains/de/test/auto/TransferInputs.xml
auto.tcl: Setting watchdog for 200 seconds at Fri May 11 00:41:29 UTC 2018
1 ms. Memory: 549888K Free: 533624K (97%)
ptolemy.util.test.WatchDog.cancel(): canceling Fri May 11 00:41:29 UTC 2018
auto.tcl: Setting watchdog for 200 seconds at Fri May 11 00:41:29 UTC 2018
2 ms. Memory: 549888K Free: 533624K (97%)
ptolemy.util.test.WatchDog.cancel(): canceling Fri May 11 00:41:29 UTC 2018
------------------ testing $PTII/ptolemy/domains/de/test/auto/TransferOutputs2.xml
auto.tcl: Setting watchdog for 200 seconds at Fri May 11 00:41:29 UTC 2018
2 ms. Memory: 549376K Free: 528739K (96%)
ptolemy.util.test.WatchDog.cancel(): canceling Fri May 11 00:41:29 UTC 2018
auto.tcl: Setting watchdog for 200 seconds at Fri May 11 00:41:29 UTC 2018
3 ms. Memory: 549376K Free: 528739K (96%)
ptolemy.util.test.WatchDog.cancel(): canceling Fri May 11 00:41:29 UTC 2018
------------------ testing $PTII/ptolemy/domains/de/test/auto/Trilateration.xml
auto.tcl: Setting watchdog for 200 seconds at Fri May 11 00:41:29 UTC 2018
13651 ms. Memory: 453632K Free: 123947K (27%)
ptolemy.util.test.WatchDog.cancel(): canceling Fri May 11 00:41:43 UTC 2018
auto.tcl: Setting watchdog for 200 seconds at Fri May 11 00:41:43 UTC 2018
10602 ms. Memory: 331264K Free: 240437K (73%)
ptolemy.util.test.WatchDog.cancel(): canceling Fri May 11 00:41:54 UTC 2018
------------------ testing $PTII/ptolemy/domains/de/test/auto/TwoSigmaDelta.xml
auto.tcl: Setting watchdog for 200 seconds at Fri May 11 00:41:54 UTC 2018
2681 ms. Memory: 320000K Free: 266335K (83%)
ptolemy.util.test.WatchDog.cancel(): canceling Fri May 11 00:41:57 UTC 2018
auto.tcl: Setting watchdog for 200 seconds at Fri May 11 00:41:57 UTC 2018
1951 ms. Memory: 307712K Free: 256898K (83%)
ptolemy.util.test.WatchDog.cancel(): canceling Fri May 11 00:41:59 UTC 2018
------------------ testing $PTII/ptolemy/domains/de/test/auto/VariableDelay.xml
auto.tcl: Setting watchdog for 200 seconds at Fri May 11 00:41:59 UTC 2018
2 ms. Memory: 309760K Free: 293025K (95%)
ptolemy.util.test.WatchDog.cancel(): canceling Fri May 11 00:41:59 UTC 2018
auto.tcl: Setting watchdog for 200 seconds at Fri May 11 00:41:59 UTC 2018
2 ms. Memory: 309760K Free: 293025K (95%)
ptolemy.util.test.WatchDog.cancel(): canceling Fri May 11 00:41:59 UTC 2018
------------------ testing $PTII/ptolemy/domains/de/test/auto/VariableDelay2.xml
auto.tcl: Setting watchdog for 200 seconds at Fri May 11 00:41:59 UTC 2018
6 ms. Memory: 307712K Free: 293654K (95%)
ptolemy.util.test.WatchDog.cancel(): canceling Fri May 11 00:41:59 UTC 2018
auto.tcl: Setting watchdog for 200 seconds at Fri May 11 00:41:59 UTC 2018
2 ms. Memory: 307712K Free: 293654K (95%)
ptolemy.util.test.WatchDog.cancel(): canceling Fri May 11 00:41:59 UTC 2018
------------------ testing $PTII/ptolemy/domains/de/test/auto/VariableDelayZeroDelay.xml
auto.tcl: Setting watchdog for 200 seconds at Fri May 11 00:41:59 UTC 2018
2 ms. Memory: 309248K Free: 296259K (96%)
ptolemy.util.test.WatchDog.cancel(): canceling Fri May 11 00:41:59 UTC 2018
auto.tcl: Setting watchdog for 200 seconds at Fri May 11 00:41:59 UTC 2018
2 ms. Memory: 309248K Free: 292926K (95%)
ptolemy.util.test.WatchDog.cancel(): canceling Fri May 11 00:41:59 UTC 2018
------------------ testing $PTII/ptolemy/domains/de/test/auto/VariableDelayZeroDelay2.xml
auto.tcl: Setting watchdog for 200 seconds at Fri May 11 00:41:59 UTC 2018
6 ms. Memory: 307712K Free: 291405K (95%)
ptolemy.util.test.WatchDog.cancel(): canceling Fri May 11 00:41:59 UTC 2018
auto.tcl: Setting watchdog for 200 seconds at Fri May 11 00:41:59 UTC 2018
1 ms. Memory: 307712K Free: 291405K (95%)
ptolemy.util.test.WatchDog.cancel(): canceling Fri May 11 00:41:59 UTC 2018
------------------ testing $PTII/ptolemy/domains/de/test/auto/deInCt.xml
auto.tcl: Setting watchdog for 200 seconds at Fri May 11 00:41:59 UTC 2018
0
1
1
1
1
1
0
0
0
1
1
1
0
0
0
0
1
1
1
1
1
1
0
0
0
0
1
1
1
0
0
0
1
1
1
1
17 ms. Memory: 309248K Free: 292913K (95%)
ptolemy.util.test.WatchDog.cancel(): canceling Fri May 11 00:41:59 UTC 2018
auto.tcl: Setting watchdog for 200 seconds at Fri May 11 00:41:59 UTC 2018
0
1
1
1
1
1
0
0
0
1
1
1
0
0
0
0
0
0
1
1
1
0
0
1
1
1
1
0
0
0
0
0
7 ms. Memory: 309248K Free: 292913K (95%)
ptolemy.util.test.WatchDog.cancel(): canceling Fri May 11 00:41:59 UTC 2018
------------------ testing $PTII/ptolemy/domains/de/test/auto/deInCt2.xml
auto.tcl: Setting watchdog for 200 seconds at Fri May 11 00:41:59 UTC 2018
0
1
1
1
0
0
1
1
1
0
0
1
1
1
0
0
1
1
1
0
0
1
1
1
0
0
1
1
1
0
0
1
1
1
0
0
1
1
1
0
0
0
13 ms. Memory: 307712K Free: 291377K (95%)
ptolemy.util.test.WatchDog.cancel(): canceling Fri May 11 00:41:59 UTC 2018
auto.tcl: Setting watchdog for 200 seconds at Fri May 11 00:41:59 UTC 2018
0
1
1
1
0
0
1
1
1
0
0
1
1
1
0
0
1
1
1
0
0
1
1
1
0
0
1
1
1
0
0
1
1
1
0
0
1
1
1
0
0
0
10 ms. Memory: 307712K Free: 291377K (95%)
ptolemy.util.test.WatchDog.cancel(): canceling Fri May 11 00:41:59 UTC 2018
------------------ testing $PTII/ptolemy/domains/de/test/auto/dynamicCausalityInterface1.xml
auto.tcl: Setting watchdog for 200 seconds at Fri May 11 00:41:59 UTC 2018
1 ms. Memory: 308736K Free: 291368K (94%)
ptolemy.util.test.WatchDog.cancel(): canceling Fri May 11 00:41:59 UTC 2018
auto.tcl: Setting watchdog for 200 seconds at Fri May 11 00:41:59 UTC 2018
1 ms. Memory: 308736K Free: 288035K (93%)
ptolemy.util.test.WatchDog.cancel(): canceling Fri May 11 00:41:59 UTC 2018
------------------ testing $PTII/ptolemy/domains/de/test/auto/fsm_de_test.xml
auto.tcl: Setting watchdog for 200 seconds at Fri May 11 00:42:00 UTC 2018
11 ms. Memory: 307712K Free: 287975K (94%)
ptolemy.util.test.WatchDog.cancel(): canceling Fri May 11 00:42:00 UTC 2018
auto.tcl: Setting watchdog for 200 seconds at Fri May 11 00:42:00 UTC 2018
4 ms. Memory: 307712K Free: 284643K (93%)
ptolemy.util.test.WatchDog.cancel(): canceling Fri May 11 00:42:00 UTC 2018
------------------ testing $PTII/ptolemy/domains/de/test/auto/functionDependencyReconstruction.xml
auto.tcl: Setting watchdog for 200 seconds at Fri May 11 00:42:00 UTC 2018
2 ms. Memory: 308736K Free: 284620K (92%)
ptolemy.util.test.WatchDog.cancel(): canceling Fri May 11 00:42:00 UTC 2018
auto.tcl: Setting watchdog for 200 seconds at Fri May 11 00:42:00 UTC 2018
2 ms. Memory: 308736K Free: 281288K (91%)
ptolemy.util.test.WatchDog.cancel(): canceling Fri May 11 00:42:00 UTC 2018
------------------ testing $PTII/ptolemy/domains/de/test/auto/multirate.xml
auto.tcl: Setting watchdog for 200 seconds at Fri May 11 00:42:00 UTC 2018
6 ms. Memory: 307712K Free: 291159K (95%)
ptolemy.util.test.WatchDog.cancel(): canceling Fri May 11 00:42:00 UTC 2018
auto.tcl: Setting watchdog for 200 seconds at Fri May 11 00:42:00 UTC 2018
3 ms. Memory: 307712K Free: 287835K (94%)
ptolemy.util.test.WatchDog.cancel(): canceling Fri May 11 00:42:00 UTC 2018
------------------ testing $PTII/ptolemy/domains/de/test/auto/multirate2.xml
auto.tcl: Setting watchdog for 200 seconds at Fri May 11 00:42:00 UTC 2018
2 ms. Memory: 308736K Free: 294627K (95%)
ptolemy.util.test.WatchDog.cancel(): canceling Fri May 11 00:42:00 UTC 2018
auto.tcl: Setting watchdog for 200 seconds at Fri May 11 00:42:00 UTC 2018
3 ms. Memory: 308736K Free: 291294K (94%)
ptolemy.util.test.WatchDog.cancel(): canceling Fri May 11 00:42:00 UTC 2018
------------------ testing $PTII/ptolemy/domains/de/test/auto/realtime.xml
auto.tcl: Setting watchdog for 200 seconds at Fri May 11 00:42:00 UTC 2018
10002 ms. Memory: 307712K Free: 291322K (95%)
ptolemy.util.test.WatchDog.cancel(): canceling Fri May 11 00:42:10 UTC 2018
auto.tcl: Setting watchdog for 200 seconds at Fri May 11 00:42:10 UTC 2018
10002 ms. Memory: 307712K Free: 291322K (95%)
ptolemy.util.test.WatchDog.cancel(): canceling Fri May 11 00:42:20 UTC 2018
------------------ testing $PTII/ptolemy/domains/de/test/auto/relationGroup.xml
auto.tcl: Setting watchdog for 200 seconds at Fri May 11 00:42:20 UTC 2018
1 ms. Memory: 308224K Free: 297464K (97%)
ptolemy.util.test.WatchDog.cancel(): canceling Fri May 11 00:42:20 UTC 2018
auto.tcl: Setting watchdog for 200 seconds at Fri May 11 00:42:20 UTC 2018
1 ms. Memory: 308224K Free: 294147K (95%)
ptolemy.util.test.WatchDog.cancel(): canceling Fri May 11 00:42:20 UTC 2018
------------------ testing $PTII/ptolemy/domains/de/test/auto/relationGroup2.xml
auto.tcl: Setting watchdog for 200 seconds at Fri May 11 00:42:20 UTC 2018
5 ms. Memory: 307712K Free: 294715K (96%)
ptolemy.util.test.WatchDog.cancel(): canceling Fri May 11 00:42:20 UTC 2018
auto.tcl: Setting watchdog for 200 seconds at Fri May 11 00:42:20 UTC 2018
1 ms. Memory: 307712K Free: 294715K (96%)
ptolemy.util.test.WatchDog.cancel(): canceling Fri May 11 00:42:20 UTC 2018
------------------ testing $PTII/ptolemy/domains/de/test/auto/sortWithOpaquePorts.xml
auto.tcl: Setting watchdog for 200 seconds at Fri May 11 00:42:20 UTC 2018
1 ms. Memory: 308224K Free: 291904K (95%)
ptolemy.util.test.WatchDog.cancel(): canceling Fri May 11 00:42:20 UTC 2018
auto.tcl: Setting watchdog for 200 seconds at Fri May 11 00:42:20 UTC 2018
1 ms. Memory: 308224K Free: 291904K (95%)
ptolemy.util.test.WatchDog.cancel(): canceling Fri May 11 00:42:20 UTC 2018
------------------ testing $PTII/ptolemy/domains/de/test/auto/transferInputsandOutputs.xml
auto.tcl: Setting watchdog for 200 seconds at Fri May 11 00:42:20 UTC 2018
3 ms. Memory: 307712K Free: 291371K (95%)
ptolemy.util.test.WatchDog.cancel(): canceling Fri May 11 00:42:20 UTC 2018
auto.tcl: Setting watchdog for 200 seconds at Fri May 11 00:42:20 UTC 2018
2 ms. Memory: 307712K Free: 288054K (94%)
ptolemy.util.test.WatchDog.cancel(): canceling Fri May 11 00:42:20 UTC 2018
------------------ testing $PTII/ptolemy/domains/de/test/auto/triggerType.xml
auto.tcl: Setting watchdog for 200 seconds at Fri May 11 00:42:20 UTC 2018
1 ms. Memory: 308224K Free: 295166K (96%)
ptolemy.util.test.WatchDog.cancel(): canceling Fri May 11 00:42:20 UTC 2018
auto.tcl: Setting watchdog for 200 seconds at Fri May 11 00:42:20 UTC 2018
1 ms. Memory: 308224K Free: 291850K (95%)
ptolemy.util.test.WatchDog.cancel(): canceling Fri May 11 00:42:20 UTC 2018
05/11/18 12:42:20
Failed: 0  Total Tests: 192  ((Passed: 187, Newly Passed: 1)  Known Failed: 5) /home/travis/build/icyphy/ptII/ptolemy/domains/de/test
05/11/18 12:42:20
Failed: 0  Total Tests: 192  ((Passed: 187, Newly Passed: 1)  Known Failed: 5) /home/travis/build/icyphy/ptII/ptolemy/domains/de/test
----------------- testing (KnownFailure) /home/travis/build/icyphy/ptII/ptolemy/domains/de/test/auto/knownFailedTests/DESDFClockTest.xml
2014 ms. Memory: 307712K Free: 285630K (93%)
Known Failure: java.lang.reflect.InvocationTargetException
----------------- testing (KnownFailure) /home/travis/build/icyphy/ptII/ptolemy/domains/de/test/auto/knownFailedTests/DirectFeedback.xml
1 ms. Memory: 307712K Free: 267525K (87%)
Known Failure: java.lang.reflect.InvocationTargetException
----------------- testing (KnownFailure) /home/travis/build/icyphy/ptII/ptolemy/domains/de/test/auto/knownFailedTests/FSMSource.xml
13 ms. Memory: 307712K Free: 244879K (80%)
----------------- testing (KnownFailure) /home/travis/build/icyphy/ptII/ptolemy/domains/de/test/auto/knownFailedTests/HierarchicalModel.xml
1 ms. Memory: 307712K Free: 222216K (72%)
Known Failure: java.lang.reflect.InvocationTargetException
----------------- testing (KnownFailure) /home/travis/build/icyphy/ptII/ptolemy/domains/de/test/auto/knownFailedTests/dependencyLoop.xml
2 ms. Memory: 307712K Free: 190517K (62%)
Known Failure: java.lang.reflect.InvocationTargetException
----------------- testing (KnownFailure) /home/travis/build/icyphy/ptII/ptolemy/domains/de/test/auto/knownFailedTests/dependencyLoop2.xml
2 ms. Memory: 307712K Free: 158802K (52%)
Known Failure: java.lang.reflect.InvocationTargetException
No auto/*.xml tests in /home/travis/build/icyphy/ptII/ptolemy/domains/de/test
AutoTests.java: About to close Vertx.
AutoTests.java: Vertx closed.
----------------- testing Fri May 11 00:42:22 UTC 2018 /home/travis/build/icyphy/ptII/ptolemy/domains/de/test/auto/ActorDepthCalculation_actorWithoutPorts.xml
----------------- Instantiating /home/travis/build/icyphy/ptII/ptolemy/domains/de/test/auto/ActorDepthCalculation_actorWithoutPorts.xml
2 ms. Memory: 307712K Free: 131645K (43%)
----------------- Invoking toplevel() on ptolemy.moml.MoMLSimpleApplication@26725cfa
----------------- Done invoking toplevel() on ptolemy.moml.MoMLSimpleApplication@26725cfa
reloadAllAccessors: .ActorDepthCalculation_actorWithoutPorts
----------------- testing Fri May 11 00:42:22 UTC 2018 /home/travis/build/icyphy/ptII/ptolemy/domains/de/test/auto/AssemblyLine.xml
----------------- Instantiating /home/travis/build/icyphy/ptII/ptolemy/domains/de/test/auto/AssemblyLine.xml
4 ms. Memory: 307712K Free: 118067K (38%)
----------------- Invoking toplevel() on ptolemy.moml.MoMLSimpleApplication@b87b9ff
----------------- Done invoking toplevel() on ptolemy.moml.MoMLSimpleApplication@b87b9ff
reloadAllAccessors: .AssemblyLine
----------------- testing Fri May 11 00:42:22 UTC 2018 /home/travis/build/icyphy/ptII/ptolemy/domains/de/test/auto/CQBug1.xml
----------------- Instantiating /home/travis/build/icyphy/ptII/ptolemy/domains/de/test/auto/CQBug1.xml
1 ms. Memory: 307712K Free: 109014K (35%)
----------------- Invoking toplevel() on ptolemy.moml.MoMLSimpleApplication@5ce4f902
----------------- Done invoking toplevel() on ptolemy.moml.MoMLSimpleApplication@5ce4f902
reloadAllAccessors: .CQBug1
----------------- testing Fri May 11 00:42:22 UTC 2018 /home/travis/build/icyphy/ptII/ptolemy/domains/de/test/auto/CancelFireAt.xml
----------------- Instantiating /home/travis/build/icyphy/ptII/ptolemy/domains/de/test/auto/CancelFireAt.xml
0 ms. Memory: 307712K Free: 99962K (32%)
----------------- Invoking toplevel() on ptolemy.moml.MoMLSimpleApplication@6471f2f3
----------------- Done invoking toplevel() on ptolemy.moml.MoMLSimpleApplication@6471f2f3
reloadAllAccessors: .CancelFireAt
----------------- testing Fri May 11 00:42:22 UTC 2018 /home/travis/build/icyphy/ptII/ptolemy/domains/de/test/auto/CausalityAndComposabilityAnalysis.xml
----------------- Instantiating /home/travis/build/icyphy/ptII/ptolemy/domains/de/test/auto/CausalityAndComposabilityAnalysis.xml
1 ms. Memory: 307712K Free: 90910K (30%)
----------------- Invoking toplevel() on ptolemy.moml.MoMLSimpleApplication@2b657a1d
----------------- Done invoking toplevel() on ptolemy.moml.MoMLSimpleApplication@2b657a1d
reloadAllAccessors: .CausalityAndComposabilityAnalysis
----------------- testing Fri May 11 00:42:22 UTC 2018 /home/travis/build/icyphy/ptII/ptolemy/domains/de/test/auto/CausalityInterface1.xml
----------------- Instantiating /home/travis/build/icyphy/ptII/ptolemy/domains/de/test/auto/CausalityInterface1.xml
2 ms. Memory: 307712K Free: 78541K (26%)
----------------- Invoking toplevel() on ptolemy.moml.MoMLSimpleApplication@683d453c
----------------- Done invoking toplevel() on ptolemy.moml.MoMLSimpleApplication@683d453c
reloadAllAccessors: .CausalityInterface1
----------------- testing Fri May 11 00:42:22 UTC 2018 /home/travis/build/icyphy/ptII/ptolemy/domains/de/test/auto/CausalityInterface15.xml
----------------- Instantiating /home/travis/build/icyphy/ptII/ptolemy/domains/de/test/auto/CausalityInterface15.xml
1 ms. Memory: 298496K Free: 286310K (96%)
----------------- Invoking toplevel() on ptolemy.moml.MoMLSimpleApplication@5123cf6e
----------------- Done invoking toplevel() on ptolemy.moml.MoMLSimpleApplication@5123cf6e
reloadAllAccessors: .CausalityInterface15
----------------- testing Fri May 11 00:42:22 UTC 2018 /home/travis/build/icyphy/ptII/ptolemy/domains/de/test/auto/CausalityInterface2.xml
----------------- Instantiating /home/travis/build/icyphy/ptII/ptolemy/domains/de/test/auto/CausalityInterface2.xml
1 ms. Memory: 298496K Free: 277712K (93%)
----------------- Invoking toplevel() on ptolemy.moml.MoMLSimpleApplication@8651cbc
----------------- Done invoking toplevel() on ptolemy.moml.MoMLSimpleApplication@8651cbc
reloadAllAccessors: .CausalityInterface2
----------------- testing Fri May 11 00:42:22 UTC 2018 /home/travis/build/icyphy/ptII/ptolemy/domains/de/test/auto/CausalityInterface3.xml
[...]
java.lang.RuntimeException: Execution failed
	at ptolemy.moml.MoMLSimpleApplication$UnloadThread.run(MoMLSimpleApplication.java:402)
Caused by: ptolemy.kernel.util.IllegalActionException: Test fails in iteration 1.
Value was: 1.0. Should have been: 2.0
  in .DirectFeedback.Test
	at ptolemy.actor.lib.Test.fire(Test.java:268)
	at ptolemy.domains.de.kernel.DEDirector._fire(DEDirector.java:1948)
	at ptolemy.domains.de.kernel.DEDirector.fire(DEDirector.java:502)
	at ptolemy.actor.CompositeActor.fire(CompositeActor.java:455)
	at ptolemy.actor.Manager.iterate(Manager.java:851)
	at ptolemy.actor.Manager.execute(Manager.java:369)
	at ptolemy.actor.Manager.run(Manager.java:1263)
	at ptolemy.actor.Manager$PtolemyRunThread.run(Manager.java:1915)
java.lang.RuntimeException: Execution failed
	at ptolemy.moml.MoMLSimpleApplication$UnloadThread.run(MoMLSimpleApplication.java:402)
Caused by: ptolemy.kernel.util.IllegalActionException: Actor is not ready to fire.  Perhaps UpSample.prefire() returned false? Try debugging the actor by selecting "Listen to Actor".  Also, for SDF check moml for tokenConsumptionRate on input.
  in .DESDFClockTest.Play Bell.Copy1:SDF Director and .DESDFClockTest.Play Bell.UpSample
	at ptolemy.actor.sched.StaticSchedulingDirector.fire(StaticSchedulingDirector.java:227)
	at ptolemy.domains.sdf.kernel.SDFDirector.fire(SDFDirector.java:500)
	at ptolemy.actor.CompositeActor.fire(CompositeActor.java:455)
	at ptolemy.domains.de.kernel.DEDirector._fire(DEDirector.java:1948)
	at ptolemy.domains.de.kernel.DEDirector.fire(DEDirector.java:502)
	at ptolemy.actor.CompositeActor.fire(CompositeActor.java:455)
	at ptolemy.actor.Manager.iterate(Manager.java:851)
	at ptolemy.actor.Manager.execute(Manager.java:369)
	at ptolemy.actor.Manager.run(Manager.java:1263)
	at ptolemy.actor.Manager$PtolemyRunThread.run(Manager.java:1915)
java.lang.reflect.InvocationTargetException
	at sun.reflect.NativeConstructorAccessorImpl.newInstance0(Native Method)
	at sun.reflect.NativeConstructorAccessorImpl.newInstance(NativeConstructorAccessorImpl.java:62)
	at sun.reflect.DelegatingConstructorAccessorImpl.newInstance(DelegatingConstructorAccessorImpl.java:45)
	at java.lang.reflect.Constructor.newInstance(Constructor.java:423)
	at ptolemy.util.test.junit.AutoKnownFailedTests.RunModel(AutoKnownFailedTests.java:107)
	at sun.reflect.NativeMethodAccessorImpl.invoke0(Native Method)
	at sun.reflect.NativeMethodAccessorImpl.invoke(NativeMethodAccessorImpl.java:62)
	at sun.reflect.DelegatingMethodAccessorImpl.invoke(DelegatingMethodAccessorImpl.java:43)
	at java.lang.reflect.Method.invoke(Method.java:498)
	at org.junit.runners.model.FrameworkMethod$1.runReflectiveCall(FrameworkMethod.java:44)
	at org.junit.internal.runners.model.ReflectiveCallable.run(ReflectiveCallable.java:15)
	at org.junit.runners.model.FrameworkMethod.invokeExplosively(FrameworkMethod.java:41)
	at junitparams.internal.InvokeParameterisedMethod.evaluate(InvokeParameterisedMethod.java:102)
	at org.junit.internal.runners.statements.FailOnTimeout$1.run(FailOnTimeout.java:28)
Caused by: ptolemy.kernel.util.IllegalActionException: Actor is not ready to fire.  Perhaps UpSample.prefire() returned false? Try debugging the actor by selecting "Listen to Actor".  Also, for SDF check moml for tokenConsumptionRate on input.
  in .DESDFClockTest.Play Bell.Copy1:SDF Director and .DESDFClockTest.Play Bell.UpSample
	at ptolemy.actor.sched.StaticSchedulingDirector.fire(StaticSchedulingDirector.java:227)
	at ptolemy.domains.sdf.kernel.SDFDirector.fire(SDFDirector.java:500)
	at ptolemy.actor.CompositeActor.fire(CompositeActor.java:455)
	at ptolemy.domains.de.kernel.DEDirector._fire(DEDirector.java:1948)
	at ptolemy.domains.de.kernel.DEDirector.fire(DEDirector.java:502)
	at ptolemy.actor.CompositeActor.fire(CompositeActor.java:455)
	at ptolemy.actor.Manager.iterate(Manager.java:851)
	at ptolemy.actor.Manager.execute(Manager.java:369)
	at ptolemy.actor.Manager.run(Manager.java:1263)
	at ptolemy.actor.Manager$PtolemyRunThread.run(Manager.java:1915)
java.lang.RuntimeException: Execution failed
	at ptolemy.moml.MoMLSimpleApplication$UnloadThread.run(MoMLSimpleApplication.java:402)
Caused by: ptolemy.kernel.util.IllegalActionException: Test fails in iteration 1.
Value was: 1.0. Should have been: 2.0
  in .DirectFeedback.Test
	at ptolemy.actor.lib.Test.fire(Test.java:268)
	at ptolemy.domains.de.kernel.DEDirector._fire(DEDirector.java:1948)
	at ptolemy.domains.de.kernel.DEDirector.fire(DEDirector.java:502)
	at ptolemy.actor.CompositeActor.fire(CompositeActor.java:455)
	at ptolemy.actor.Manager.iterate(Manager.java:851)
	at ptolemy.actor.Manager.execute(Manager.java:369)
	at ptolemy.actor.Manager.run(Manager.java:1263)
	at ptolemy.actor.Manager$PtolemyRunThread.run(Manager.java:1915)
java.lang.reflect.InvocationTargetException
	at sun.reflect.NativeConstructorAccessorImpl.newInstance0(Native Method)
	at sun.reflect.NativeConstructorAccessorImpl.newInstance(NativeConstructorAccessorImpl.java:62)
	at sun.reflect.DelegatingConstructorAccessorImpl.newInstance(DelegatingConstructorAccessorImpl.java:45)
	at java.lang.reflect.Constructor.newInstance(Constructor.java:423)
	at ptolemy.util.test.junit.AutoKnownFailedTests.RunModel(AutoKnownFailedTests.java:107)
	at sun.reflect.NativeMethodAccessorImpl.invoke0(Native Method)
	at sun.reflect.NativeMethodAccessorImpl.invoke(NativeMethodAccessorImpl.java:62)
	at sun.reflect.DelegatingMethodAccessorImpl.invoke(DelegatingMethodAccessorImpl.java:43)
	at java.lang.reflect.Method.invoke(Method.java:498)
	at org.junit.runners.model.FrameworkMethod$1.runReflectiveCall(FrameworkMethod.java:44)
	at org.junit.internal.runners.model.ReflectiveCallable.run(ReflectiveCallable.java:15)
	at org.junit.runners.model.FrameworkMethod.invokeExplosively(FrameworkMethod.java:41)
	at junitparams.internal.InvokeParameterisedMethod.evaluate(InvokeParameterisedMethod.java:102)
	at org.junit.internal.runners.statements.FailOnTimeout$1.run(FailOnTimeout.java:28)
Caused by: ptolemy.kernel.util.IllegalActionException: Test fails in iteration 1.
Value was: 1.0. Should have been: 2.0
  in .DirectFeedback.Test
	at ptolemy.actor.lib.Test.fire(Test.java:268)
	at ptolemy.domains.de.kernel.DEDirector._fire(DEDirector.java:1948)
	at ptolemy.domains.de.kernel.DEDirector.fire(DEDirector.java:502)
	at ptolemy.actor.CompositeActor.fire(CompositeActor.java:455)
	at ptolemy.actor.Manager.iterate(Manager.java:851)
	at ptolemy.actor.Manager.execute(Manager.java:369)
	at ptolemy.actor.Manager.run(Manager.java:1263)
	at ptolemy.actor.Manager$PtolemyRunThread.run(Manager.java:1915)
java.lang.RuntimeException: Execution failed
	at ptolemy.moml.MoMLSimpleApplication$UnloadThread.run(MoMLSimpleApplication.java:402)
Caused by: ptolemy.kernel.util.IllegalActionException: Found a zero delay loop containing .HierarchicalModel.A
  in .HierarchicalModel and .HierarchicalModel.A
	at ptolemy.actor.util.CausalityInterfaceForComposites._computeOutputPortDepth(CausalityInterfaceForComposites.java:759)
	at ptolemy.actor.util.CausalityInterfaceForComposites._computeInputDepth(CausalityInterfaceForComposites.java:696)
	at ptolemy.actor.util.CausalityInterfaceForComposites._computeOutputPortDepth(CausalityInterfaceForComposites.java:765)
	at ptolemy.actor.util.CausalityInterfaceForComposites._computeInputDepth(CausalityInterfaceForComposites.java:696)
	at ptolemy.actor.util.CausalityInterfaceForComposites._computeOutputPortDepth(CausalityInterfaceForComposites.java:765)
	at ptolemy.actor.util.CausalityInterfaceForComposites._computeInputDepth(CausalityInterfaceForComposites.java:696)
	at ptolemy.actor.util.CausalityInterfaceForComposites._computeActorDepth(CausalityInterfaceForComposites.java:532)
	at ptolemy.actor.util.CausalityInterfaceForComposites.checkForCycles(CausalityInterfaceForComposites.java:96)
	at ptolemy.domains.de.kernel.DEDirector.preinitialize(DEDirector.java:1337)
	at ptolemy.actor.CompositeActor.preinitialize(CompositeActor.java:1828)
	at ptolemy.actor.Manager.preinitializeAndResolveTypes(Manager.java:1040)
	at ptolemy.actor.Manager.initialize(Manager.java:710)
	at ptolemy.actor.Manager.execute(Manager.java:356)
	at ptolemy.actor.Manager.run(Manager.java:1263)
	at ptolemy.actor.Manager$PtolemyRunThread.run(Manager.java:1915)
java.lang.reflect.InvocationTargetException
	at sun.reflect.NativeConstructorAccessorImpl.newInstance0(Native Method)
	at sun.reflect.NativeConstructorAccessorImpl.newInstance(NativeConstructorAccessorImpl.java:62)
	at sun.reflect.DelegatingConstructorAccessorImpl.newInstance(DelegatingConstructorAccessorImpl.java:45)
	at java.lang.reflect.Constructor.newInstance(Constructor.java:423)
	at ptolemy.util.test.junit.AutoKnownFailedTests.RunModel(AutoKnownFailedTests.java:107)
	at sun.reflect.NativeMethodAccessorImpl.invoke0(Native Method)
	at sun.reflect.NativeMethodAccessorImpl.invoke(NativeMethodAccessorImpl.java:62)
	at sun.reflect.DelegatingMethodAccessorImpl.invoke(DelegatingMethodAccessorImpl.java:43)
	at java.lang.reflect.Method.invoke(Method.java:498)
	at org.junit.runners.model.FrameworkMethod$1.runReflectiveCall(FrameworkMethod.java:44)
	at org.junit.internal.runners.model.ReflectiveCallable.run(ReflectiveCallable.java:15)
	at org.junit.runners.model.FrameworkMethod.invokeExplosively(FrameworkMethod.java:41)
	at junitparams.internal.InvokeParameterisedMethod.evaluate(InvokeParameterisedMethod.java:102)
	at org.junit.internal.runners.statements.FailOnTimeout$1.run(FailOnTimeout.java:28)
Caused by: ptolemy.kernel.util.IllegalActionException: Found a zero delay loop containing .HierarchicalModel.A
  in .HierarchicalModel and .HierarchicalModel.A
	at ptolemy.actor.util.CausalityInterfaceForComposites._computeOutputPortDepth(CausalityInterfaceForComposites.java:759)
	at ptolemy.actor.util.CausalityInterfaceForComposites._computeInputDepth(CausalityInterfaceForComposites.java:696)
	at ptolemy.actor.util.CausalityInterfaceForComposites._computeOutputPortDepth(CausalityInterfaceForComposites.java:765)
	at ptolemy.actor.util.CausalityInterfaceForComposites._computeInputDepth(CausalityInterfaceForComposites.java:696)
	at ptolemy.actor.util.CausalityInterfaceForComposites._computeOutputPortDepth(CausalityInterfaceForComposites.java:765)
	at ptolemy.actor.util.CausalityInterfaceForComposites._computeInputDepth(CausalityInterfaceForComposites.java:696)
	at ptolemy.actor.util.CausalityInterfaceForComposites._computeActorDepth(CausalityInterfaceForComposites.java:532)
	at ptolemy.actor.util.CausalityInterfaceForComposites.checkForCycles(CausalityInterfaceForComposites.java:96)
	at ptolemy.domains.de.kernel.DEDirector.preinitialize(DEDirector.java:1337)
	at ptolemy.actor.CompositeActor.preinitialize(CompositeActor.java:1828)
	at ptolemy.actor.Manager.preinitializeAndResolveTypes(Manager.java:1040)
	at ptolemy.actor.Manager.initialize(Manager.java:710)
	at ptolemy.actor.Manager.execute(Manager.java:356)
	at ptolemy.actor.Manager.run(Manager.java:1263)
	at ptolemy.actor.Manager$PtolemyRunThread.run(Manager.java:1915)
java.lang.RuntimeException: Execution failed
	at ptolemy.moml.MoMLSimpleApplication$UnloadThread.run(MoMLSimpleApplication.java:402)
Caused by: ptolemy.kernel.util.IllegalActionException: Found a zero delay loop containing .dependencyLoop.original
  in .dependencyLoop and .dependencyLoop.original
	at ptolemy.actor.util.CausalityInterfaceForComposites._computeOutputPortDepth(CausalityInterfaceForComposites.java:759)
	at ptolemy.actor.util.CausalityInterfaceForComposites._computeInputDepth(CausalityInterfaceForComposites.java:696)
	at ptolemy.actor.util.CausalityInterfaceForComposites._computeOutputPortDepth(CausalityInterfaceForComposites.java:765)
	at ptolemy.actor.util.CausalityInterfaceForComposites._computeInputDepth(CausalityInterfaceForComposites.java:696)
	at ptolemy.actor.util.CausalityInterfaceForComposites._computeOutputPortDepth(CausalityInterfaceForComposites.java:765)
	at ptolemy.actor.util.CausalityInterfaceForComposites._computeInputDepth(CausalityInterfaceForComposites.java:696)
	at ptolemy.actor.util.CausalityInterfaceForComposites._computeActorDepth(CausalityInterfaceForComposites.java:532)
	at ptolemy.actor.util.CausalityInterfaceForComposites.checkForCycles(CausalityInterfaceForComposites.java:96)
	at ptolemy.domains.de.kernel.DEDirector.preinitialize(DEDirector.java:1337)
	at ptolemy.actor.CompositeActor.preinitialize(CompositeActor.java:1828)
	at ptolemy.actor.Manager.preinitializeAndResolveTypes(Manager.java:1040)
	at ptolemy.actor.Manager.initialize(Manager.java:710)
	at ptolemy.actor.Manager.execute(Manager.java:356)
	at ptolemy.actor.Manager.run(Manager.java:1263)
	at ptolemy.actor.Manager$PtolemyRunThread.run(Manager.java:1915)
java.lang.reflect.InvocationTargetException
	at sun.reflect.NativeConstructorAccessorImpl.newInstance0(Native Method)
	at sun.reflect.NativeConstructorAccessorImpl.newInstance(NativeConstructorAccessorImpl.java:62)
	at sun.reflect.DelegatingConstructorAccessorImpl.newInstance(DelegatingConstructorAccessorImpl.java:45)
	at java.lang.reflect.Constructor.newInstance(Constructor.java:423)
	at ptolemy.util.test.junit.AutoKnownFailedTests.RunModel(AutoKnownFailedTests.java:107)
	at sun.reflect.NativeMethodAccessorImpl.invoke0(Native Method)
	at sun.reflect.NativeMethodAccessorImpl.invoke(NativeMethodAccessorImpl.java:62)
	at sun.reflect.DelegatingMethodAccessorImpl.invoke(DelegatingMethodAccessorImpl.java:43)
	at java.lang.reflect.Method.invoke(Method.java:498)
	at org.junit.runners.model.FrameworkMethod$1.runReflectiveCall(FrameworkMethod.java:44)
	at org.junit.internal.runners.model.ReflectiveCallable.run(ReflectiveCallable.java:15)
	at org.junit.runners.model.FrameworkMethod.invokeExplosively(FrameworkMethod.java:41)
	at junitparams.internal.InvokeParameterisedMethod.evaluate(InvokeParameterisedMethod.java:102)
	at org.junit.internal.runners.statements.FailOnTimeout$1.run(FailOnTimeout.java:28)
Caused by: ptolemy.kernel.util.IllegalActionException: Found a zero delay loop containing .dependencyLoop.original
  in .dependencyLoop and .dependencyLoop.original
	at ptolemy.actor.util.CausalityInterfaceForComposites._computeOutputPortDepth(CausalityInterfaceForComposites.java:759)
	at ptolemy.actor.util.CausalityInterfaceForComposites._computeInputDepth(CausalityInterfaceForComposites.java:696)
	at ptolemy.actor.util.CausalityInterfaceForComposites._computeOutputPortDepth(CausalityInterfaceForComposites.java:765)
	at ptolemy.actor.util.CausalityInterfaceForComposites._computeInputDepth(CausalityInterfaceForComposites.java:696)
	at ptolemy.actor.util.CausalityInterfaceForComposites._computeOutputPortDepth(CausalityInterfaceForComposites.java:765)
	at ptolemy.actor.util.CausalityInterfaceForComposites._computeInputDepth(CausalityInterfaceForComposites.java:696)
	at ptolemy.actor.util.CausalityInterfaceForComposites._computeActorDepth(CausalityInterfaceForComposites.java:532)
	at ptolemy.actor.util.CausalityInterfaceForComposites.checkForCycles(CausalityInterfaceForComposites.java:96)
	at ptolemy.domains.de.kernel.DEDirector.preinitialize(DEDirector.java:1337)
	at ptolemy.actor.CompositeActor.preinitialize(CompositeActor.java:1828)
	at ptolemy.actor.Manager.preinitializeAndResolveTypes(Manager.java:1040)
	at ptolemy.actor.Manager.initialize(Manager.java:710)
	at ptolemy.actor.Manager.execute(Manager.java:356)
	at ptolemy.actor.Manager.run(Manager.java:1263)
	at ptolemy.actor.Manager$PtolemyRunThread.run(Manager.java:1915)
java.lang.RuntimeException: Execution failed
	at ptolemy.moml.MoMLSimpleApplication$UnloadThread.run(MoMLSimpleApplication.java:402)
Caused by: ptolemy.kernel.util.IllegalActionException: Found a zero delay loop containing .dependencyLoop2.original
  in .dependencyLoop2 and .dependencyLoop2.original
	at ptolemy.actor.util.CausalityInterfaceForComposites._computeOutputPortDepth(CausalityInterfaceForComposites.java:759)
	at ptolemy.actor.util.CausalityInterfaceForComposites._computeInputDepth(CausalityInterfaceForComposites.java:696)
	at ptolemy.actor.util.CausalityInterfaceForComposites._computeOutputPortDepth(CausalityInterfaceForComposites.java:765)
	at ptolemy.actor.util.CausalityInterfaceForComposites._computeInputDepth(CausalityInterfaceForComposites.java:696)
	at ptolemy.actor.util.CausalityInterfaceForComposites._computeOutputPortDepth(CausalityInterfaceForComposites.java:765)
	at ptolemy.actor.util.CausalityInterfaceForComposites._computeInputDepth(CausalityInterfaceForComposites.java:696)
	at ptolemy.actor.util.CausalityInterfaceForComposites._computeActorDepth(CausalityInterfaceForComposites.java:532)
	at ptolemy.actor.util.CausalityInterfaceForComposites.checkForCycles(CausalityInterfaceForComposites.java:96)
	at ptolemy.domains.de.kernel.DEDirector.preinitialize(DEDirector.java:1337)
	at ptolemy.actor.CompositeActor.preinitialize(CompositeActor.java:1828)
	at ptolemy.actor.Manager.preinitializeAndResolveTypes(Manager.java:1040)
	at ptolemy.actor.Manager.initialize(Manager.java:710)
	at ptolemy.actor.Manager.execute(Manager.java:356)
	at ptolemy.actor.Manager.run(Manager.java:1263)
	at ptolemy.actor.Manager$PtolemyRunThread.run(Manager.java:1915)
java.lang.reflect.InvocationTargetException
	at sun.reflect.NativeConstructorAccessorImpl.newInstance0(Native Method)
	at sun.reflect.NativeConstructorAccessorImpl.newInstance(NativeConstructorAccessorImpl.java:62)
	at sun.reflect.DelegatingConstructorAccessorImpl.newInstance(DelegatingConstructorAccessorImpl.java:45)
	at java.lang.reflect.Constructor.newInstance(Constructor.java:423)
	at ptolemy.util.test.junit.AutoKnownFailedTests.RunModel(AutoKnownFailedTests.java:107)
	at sun.reflect.NativeMethodAccessorImpl.invoke0(Native Method)
	at sun.reflect.NativeMethodAccessorImpl.invoke(NativeMethodAccessorImpl.java:62)
	at sun.reflect.DelegatingMethodAccessorImpl.invoke(DelegatingMethodAccessorImpl.java:43)
	at java.lang.reflect.Method.invoke(Method.java:498)
	at org.junit.runners.model.FrameworkMethod$1.runReflectiveCall(FrameworkMethod.java:44)
	at org.junit.internal.runners.model.ReflectiveCallable.run(ReflectiveCallable.java:15)
	at org.junit.runners.model.FrameworkMethod.invokeExplosively(FrameworkMethod.java:41)
	at junitparams.internal.InvokeParameterisedMethod.evaluate(InvokeParameterisedMethod.java:102)
	at org.junit.internal.runners.statements.FailOnTimeout$1.run(FailOnTimeout.java:28)
Caused by: ptolemy.kernel.util.IllegalActionException: Found a zero delay loop containing .dependencyLoop2.original
  in .dependencyLoop2 and .dependencyLoop2.original
	at ptolemy.actor.util.CausalityInterfaceForComposites._computeOutputPortDepth(CausalityInterfaceForComposites.java:759)
	at ptolemy.actor.util.CausalityInterfaceForComposites._computeInputDepth(CausalityInterfaceForComposites.java:696)
	at ptolemy.actor.util.CausalityInterfaceForComposites._computeOutputPortDepth(CausalityInterfaceForComposites.java:765)
	at ptolemy.actor.util.CausalityInterfaceForComposites._computeInputDepth(CausalityInterfaceForComposites.java:696)
	at ptolemy.actor.util.CausalityInterfaceForComposites._computeOutputPortDepth(CausalityInterfaceForComposites.java:765)
	at ptolemy.actor.util.CausalityInterfaceForComposites._computeInputDepth(CausalityInterfaceForComposites.java:696)
	at ptolemy.actor.util.CausalityInterfaceForComposites._computeActorDepth(CausalityInterfaceForComposites.java:532)
	at ptolemy.actor.util.CausalityInterfaceForComposites.checkForCycles(CausalityInterfaceForComposites.java:96)
	at ptolemy.domains.de.kernel.DEDirector.preinitialize(DEDirector.java:1337)
	at ptolemy.actor.CompositeActor.preinitialize(CompositeActor.java:1828)
	at ptolemy.actor.Manager.preinitializeAndResolveTypes(Manager.java:1040)
	at ptolemy.actor.Manager.initialize(Manager.java:710)
	at ptolemy.actor.Manager.execute(Manager.java:356)
	at ptolemy.actor.Manager.run(Manager.java:1263)
	at ptolemy.actor.Manager$PtolemyRunThread.run(Manager.java:1915)
]]></system-err>
</testsuite>
