<?xml version="1.0" encoding="UTF-8" ?>
<testsuite errors="0" failures="0" hostname="travis-job-6c0cc67c-dd87-4d24-af99-77fb6b105fbb" name="ptolemy.domains.sdf.lib.test.junit.JUnitTclTest" skipped="0" tests="82" time="11.276" timestamp="2018-05-27T01:24:31">
  <properties>
[...]
</properties>
  <testcase classname="ptolemy.util.test.junit.TclTests" name="[0] /home/travis/build/icyphy/ptII/ptolemy/domains/sdf/lib/test/ArrayToSequence.tcl (RunTclFile)" time="0.555" />
  <testcase classname="ptolemy.util.test.junit.TclTests" name="[1] /home/travis/build/icyphy/ptII/ptolemy/domains/sdf/lib/test/BitsToInt.tcl (RunTclFile)" time="0.069" />
  <testcase classname="ptolemy.util.test.junit.TclTests" name="[2] /home/travis/build/icyphy/ptII/ptolemy/domains/sdf/lib/test/DelayLine.tcl (RunTclFile)" time="0.049" />
  <testcase classname="ptolemy.util.test.junit.TclTests" name="[3] /home/travis/build/icyphy/ptII/ptolemy/domains/sdf/lib/test/FFT.tcl (RunTclFile)" time="0.037" />
  <testcase classname="ptolemy.util.test.junit.TclTests" name="[4] /home/travis/build/icyphy/ptII/ptolemy/domains/sdf/lib/test/FIR.tcl (RunTclFile)" time="0.129" />
  <testcase classname="ptolemy.util.test.junit.TclTests" name="[5] /home/travis/build/icyphy/ptII/ptolemy/domains/sdf/lib/test/IntToBits.tcl (RunTclFile)" time="0.046" />
  <testcase classname="ptolemy.util.test.junit.TclTests" name="[6] /home/travis/build/icyphy/ptII/ptolemy/domains/sdf/lib/test/MaximumEntropySpectrum.tcl (RunTclFile)" time="0.285" />
  <testcase classname="ptolemy.util.test.junit.TclTests" name="[7] /home/travis/build/icyphy/ptII/ptolemy/domains/sdf/lib/test/Repeat.tcl (RunTclFile)" time="0.033" />
  <testcase classname="ptolemy.util.test.junit.TclTests" name="[8] /home/travis/build/icyphy/ptII/ptolemy/domains/sdf/lib/test/SampleDelay.tcl (RunTclFile)" time="0.06" />
  <testcase classname="ptolemy.util.test.junit.TclTests" name="[9] /home/travis/build/icyphy/ptII/ptolemy/domains/sdf/lib/test/SequenceToArray.tcl (RunTclFile)" time="0.058" />
  <testcase classname="ptolemy.util.test.junit.AutoKnownFailedTests" name="[0] ThereAreNoKnowFailedTests (RunModel)" time="0.004" />
  <testcase classname="ptolemy.util.test.junit.AutoNameArchTests" name="[0] ThereAreNoAutoTests (RunModel)" time="0.0" />
  <testcase classname="ptolemy.util.test.junit.AutoTests" name="[0] /home/travis/build/icyphy/ptII/ptolemy/domains/sdf/lib/test/auto/ArrayToSequence.xml (RunModel)" time="0.195" />
  <testcase classname="ptolemy.util.test.junit.AutoTests" name="[1] /home/travis/build/icyphy/ptII/ptolemy/domains/sdf/lib/test/auto/ArrayToSequenceTest.xml (RunModel)" time="0.05" />
  <testcase classname="ptolemy.util.test.junit.AutoTests" name="[2] /home/travis/build/icyphy/ptII/ptolemy/domains/sdf/lib/test/auto/Autocorrelation.xml (RunModel)" time="0.035" />
  <testcase classname="ptolemy.util.test.junit.AutoTests" name="[3] /home/travis/build/icyphy/ptII/ptolemy/domains/sdf/lib/test/auto/Autocorrelation2.xml (RunModel)" time="0.037" />
  <testcase classname="ptolemy.util.test.junit.AutoTests" name="[4] /home/travis/build/icyphy/ptII/ptolemy/domains/sdf/lib/test/auto/Autocorrelation3.xml (RunModel)" time="0.036" />
  <testcase classname="ptolemy.util.test.junit.AutoTests" name="[5] /home/travis/build/icyphy/ptII/ptolemy/domains/sdf/lib/test/auto/Autocorrelation4.xml (RunModel)" time="0.068" />
  <testcase classname="ptolemy.util.test.junit.AutoTests" name="[6] /home/travis/build/icyphy/ptII/ptolemy/domains/sdf/lib/test/auto/Autocorrelation5.xml (RunModel)" time="0.109" />
  <testcase classname="ptolemy.util.test.junit.AutoTests" name="[7] /home/travis/build/icyphy/ptII/ptolemy/domains/sdf/lib/test/auto/BitsToInt.xml (RunModel)" time="0.048" />
  <testcase classname="ptolemy.util.test.junit.AutoTests" name="[8] /home/travis/build/icyphy/ptII/ptolemy/domains/sdf/lib/test/auto/BooleanJoin.xml (RunModel)" time="0.035" />
  <testcase classname="ptolemy.util.test.junit.AutoTests" name="[9] /home/travis/build/icyphy/ptII/ptolemy/domains/sdf/lib/test/auto/BootstrapSampleDelay.xml (RunModel)" time="0.03" />
  <testcase classname="ptolemy.util.test.junit.AutoTests" name="[10] /home/travis/build/icyphy/ptII/ptolemy/domains/sdf/lib/test/auto/Chop.xml (RunModel)" time="0.106" />
  <testcase classname="ptolemy.util.test.junit.AutoTests" name="[11] /home/travis/build/icyphy/ptII/ptolemy/domains/sdf/lib/test/auto/Chop2.xml (RunModel)" time="0.077" />
  <testcase classname="ptolemy.util.test.junit.AutoTests" name="[12] /home/travis/build/icyphy/ptII/ptolemy/domains/sdf/lib/test/auto/ComplexJoin.xml (RunModel)" time="0.06" />
  <testcase classname="ptolemy.util.test.junit.AutoTests" name="[13] /home/travis/build/icyphy/ptII/ptolemy/domains/sdf/lib/test/auto/CountTrues.xml (RunModel)" time="0.042" />
  <testcase classname="ptolemy.util.test.junit.AutoTests" name="[14] /home/travis/build/icyphy/ptII/ptolemy/domains/sdf/lib/test/auto/DelayLine.xml (RunModel)" time="0.085" />
  <testcase classname="ptolemy.util.test.junit.AutoTests" name="[15] /home/travis/build/icyphy/ptII/ptolemy/domains/sdf/lib/test/auto/DotProduct.xml (RunModel)" time="0.043" />
  <testcase classname="ptolemy.util.test.junit.AutoTests" name="[16] /home/travis/build/icyphy/ptII/ptolemy/domains/sdf/lib/test/auto/DotProductMatrix.xml (RunModel)" time="0.023" />
  <testcase classname="ptolemy.util.test.junit.AutoTests" name="[17] /home/travis/build/icyphy/ptII/ptolemy/domains/sdf/lib/test/auto/DownSample1.xml (RunModel)" time="0.037" />
  <testcase classname="ptolemy.util.test.junit.AutoTests" name="[18] /home/travis/build/icyphy/ptII/ptolemy/domains/sdf/lib/test/auto/DynamicRateChange.xml (RunModel)" time="0.055" />
  <testcase classname="ptolemy.util.test.junit.AutoTests" name="[19] /home/travis/build/icyphy/ptII/ptolemy/domains/sdf/lib/test/auto/DynamicRates.xml (RunModel)" time="0.045" />
  <testcase classname="ptolemy.util.test.junit.AutoTests" name="[20] /home/travis/build/icyphy/ptII/ptolemy/domains/sdf/lib/test/auto/FFT1.xml (RunModel)" time="0.045" />
  <testcase classname="ptolemy.util.test.junit.AutoTests" name="[21] /home/travis/build/icyphy/ptII/ptolemy/domains/sdf/lib/test/auto/FIR1.xml (RunModel)" time="0.076" />
  <testcase classname="ptolemy.util.test.junit.AutoTests" name="[22] /home/travis/build/icyphy/ptII/ptolemy/domains/sdf/lib/test/auto/FIR2.xml (RunModel)" time="0.047" />
  <testcase classname="ptolemy.util.test.junit.AutoTests" name="[23] /home/travis/build/icyphy/ptII/ptolemy/domains/sdf/lib/test/auto/FIR4.xml (RunModel)" time="0.063" />
  <testcase classname="ptolemy.util.test.junit.AutoTests" name="[24] /home/travis/build/icyphy/ptII/ptolemy/domains/sdf/lib/test/auto/FixJoin.xml (RunModel)" time="0.05" />
  <testcase classname="ptolemy.util.test.junit.AutoTests" name="[25] /home/travis/build/icyphy/ptII/ptolemy/domains/sdf/lib/test/auto/IntJoin1.xml (RunModel)" time="0.037" />
  <testcase classname="ptolemy.util.test.junit.AutoTests" name="[26] /home/travis/build/icyphy/ptII/ptolemy/domains/sdf/lib/test/auto/IntJoin2.xml (RunModel)" time="0.031" />
  <testcase classname="ptolemy.util.test.junit.AutoTests" name="[27] /home/travis/build/icyphy/ptII/ptolemy/domains/sdf/lib/test/auto/IntJoin3.xml (RunModel)" time="0.032" />
  <testcase classname="ptolemy.util.test.junit.AutoTests" name="[28] /home/travis/build/icyphy/ptII/ptolemy/domains/sdf/lib/test/auto/IntJoin4.xml (RunModel)" time="0.033" />
  <testcase classname="ptolemy.util.test.junit.AutoTests" name="[29] /home/travis/build/icyphy/ptII/ptolemy/domains/sdf/lib/test/auto/IntJoin5.xml (RunModel)" time="0.031" />
  <testcase classname="ptolemy.util.test.junit.AutoTests" name="[30] /home/travis/build/icyphy/ptII/ptolemy/domains/sdf/lib/test/auto/IntToBits.xml (RunModel)" time="0.034" />
  <testcase classname="ptolemy.util.test.junit.AutoTests" name="[31] /home/travis/build/icyphy/ptII/ptolemy/domains/sdf/lib/test/auto/LMSAdaptive.xml (RunModel)" time="0.079" />
  <testcase classname="ptolemy.util.test.junit.AutoTests" name="[32] /home/travis/build/icyphy/ptII/ptolemy/domains/sdf/lib/test/auto/LMSAdaptiveFIR.xml (RunModel)" time="0.563" />
  <testcase classname="ptolemy.util.test.junit.AutoTests" name="[33] /home/travis/build/icyphy/ptII/ptolemy/domains/sdf/lib/test/auto/LMSAdaptiveFIR2.xml (RunModel)" time="0.805" />
  <testcase classname="ptolemy.util.test.junit.AutoTests" name="[34] /home/travis/build/icyphy/ptII/ptolemy/domains/sdf/lib/test/auto/LongJoin.xml (RunModel)" time="0.04" />
  <testcase classname="ptolemy.util.test.junit.AutoTests" name="[35] /home/travis/build/icyphy/ptII/ptolemy/domains/sdf/lib/test/auto/Matrix1.xml (RunModel)" time="0.026" />
  <testcase classname="ptolemy.util.test.junit.AutoTests" name="[36] /home/travis/build/icyphy/ptII/ptolemy/domains/sdf/lib/test/auto/Matrix2.xml (RunModel)" time="0.031" />
  <testcase classname="ptolemy.util.test.junit.AutoTests" name="[37] /home/travis/build/icyphy/ptII/ptolemy/domains/sdf/lib/test/auto/MatrixJoin1.xml (RunModel)" time="0.048" />
  <testcase classname="ptolemy.util.test.junit.AutoTests" name="[38] /home/travis/build/icyphy/ptII/ptolemy/domains/sdf/lib/test/auto/MatrixJoin2.xml (RunModel)" time="0.032" />
  <testcase classname="ptolemy.util.test.junit.AutoTests" name="[39] /home/travis/build/icyphy/ptII/ptolemy/domains/sdf/lib/test/auto/MatrixJoin3.xml (RunModel)" time="0.034" />
  <testcase classname="ptolemy.util.test.junit.AutoTests" name="[40] /home/travis/build/icyphy/ptII/ptolemy/domains/sdf/lib/test/auto/MatrixJoin4.xml (RunModel)" time="0.029" />
  <testcase classname="ptolemy.util.test.junit.AutoTests" name="[41] /home/travis/build/icyphy/ptII/ptolemy/domains/sdf/lib/test/auto/MatrixJoin5.xml (RunModel)" time="0.023" />
  <testcase classname="ptolemy.util.test.junit.AutoTests" name="[42] /home/travis/build/icyphy/ptII/ptolemy/domains/sdf/lib/test/auto/MatrixSplit1.xml (RunModel)" time="0.044" />
  <testcase classname="ptolemy.util.test.junit.AutoTests" name="[43] /home/travis/build/icyphy/ptII/ptolemy/domains/sdf/lib/test/auto/MatrixSplit10.xml (RunModel)" time="0.027" />
  <testcase classname="ptolemy.util.test.junit.AutoTests" name="[44] /home/travis/build/icyphy/ptII/ptolemy/domains/sdf/lib/test/auto/MatrixSplit11.xml (RunModel)" time="0.022" />
  <testcase classname="ptolemy.util.test.junit.AutoTests" name="[45] /home/travis/build/icyphy/ptII/ptolemy/domains/sdf/lib/test/auto/MatrixSplit12.xml (RunModel)" time="0.03" />
  <testcase classname="ptolemy.util.test.junit.AutoTests" name="[46] /home/travis/build/icyphy/ptII/ptolemy/domains/sdf/lib/test/auto/MatrixSplit13.xml (RunModel)" time="0.037" />
  <testcase classname="ptolemy.util.test.junit.AutoTests" name="[47] /home/travis/build/icyphy/ptII/ptolemy/domains/sdf/lib/test/auto/MatrixSplit14.xml (RunModel)" time="0.023" />
  <testcase classname="ptolemy.util.test.junit.AutoTests" name="[48] /home/travis/build/icyphy/ptII/ptolemy/domains/sdf/lib/test/auto/MatrixSplit2.xml (RunModel)" time="0.025" />
  <testcase classname="ptolemy.util.test.junit.AutoTests" name="[49] /home/travis/build/icyphy/ptII/ptolemy/domains/sdf/lib/test/auto/MatrixSplit3.xml (RunModel)" time="0.033" />
  <testcase classname="ptolemy.util.test.junit.AutoTests" name="[50] /home/travis/build/icyphy/ptII/ptolemy/domains/sdf/lib/test/auto/MatrixSplit4.xml (RunModel)" time="0.024" />
  <testcase classname="ptolemy.util.test.junit.AutoTests" name="[51] /home/travis/build/icyphy/ptII/ptolemy/domains/sdf/lib/test/auto/MatrixSplit5.xml (RunModel)" time="0.023" />
  <testcase classname="ptolemy.util.test.junit.AutoTests" name="[52] /home/travis/build/icyphy/ptII/ptolemy/domains/sdf/lib/test/auto/MatrixSplit6.xml (RunModel)" time="0.034" />
  <testcase classname="ptolemy.util.test.junit.AutoTests" name="[53] /home/travis/build/icyphy/ptII/ptolemy/domains/sdf/lib/test/auto/MatrixSplit7.xml (RunModel)" time="0.03" />
  <testcase classname="ptolemy.util.test.junit.AutoTests" name="[54] /home/travis/build/icyphy/ptII/ptolemy/domains/sdf/lib/test/auto/MatrixSplit8.xml (RunModel)" time="0.02" />
  <testcase classname="ptolemy.util.test.junit.AutoTests" name="[55] /home/travis/build/icyphy/ptII/ptolemy/domains/sdf/lib/test/auto/MatrixSplit9.xml (RunModel)" time="0.023" />
  <testcase classname="ptolemy.util.test.junit.AutoTests" name="[56] /home/travis/build/icyphy/ptII/ptolemy/domains/sdf/lib/test/auto/MatrixToSequence.xml (RunModel)" time="0.053" />
  <testcase classname="ptolemy.util.test.junit.AutoTests" name="[57] /home/travis/build/icyphy/ptII/ptolemy/domains/sdf/lib/test/auto/MaximumEntropySpectrum.xml (RunModel)" time="0.14" />
  <testcase classname="ptolemy.util.test.junit.AutoTests" name="[58] /home/travis/build/icyphy/ptII/ptolemy/domains/sdf/lib/test/auto/SampleDelayConversion.xml (RunModel)" time="0.028" />
  <testcase classname="ptolemy.util.test.junit.AutoTests" name="[59] /home/travis/build/icyphy/ptII/ptolemy/domains/sdf/lib/test/auto/SequenceToArray.xml (RunModel)" time="0.074" />
  <testcase classname="ptolemy.util.test.junit.AutoTests" name="[60] /home/travis/build/icyphy/ptII/ptolemy/domains/sdf/lib/test/auto/SequenceToMatrix.xml (RunModel)" time="4.871" />
  <testcase classname="ptolemy.util.test.junit.AutoTests" name="[61] /home/travis/build/icyphy/ptII/ptolemy/domains/sdf/lib/test/auto/SmoothedPeriodogram.xml (RunModel)" time="0.066" />
  <testcase classname="ptolemy.util.test.junit.AutoTests" name="[62] /home/travis/build/icyphy/ptII/ptolemy/domains/sdf/lib/test/auto/UpDownSample1.xml (RunModel)" time="0.024" />
  <testcase classname="ptolemy.util.test.junit.AutoTests" name="[63] /home/travis/build/icyphy/ptII/ptolemy/domains/sdf/lib/test/auto/UpSample1.xml (RunModel)" time="0.014" />
  <testcase classname="ptolemy.util.test.junit.AutoTests" name="[64] /home/travis/build/icyphy/ptII/ptolemy/domains/sdf/lib/test/auto/VariableFIR.xml (RunModel)" time="0.043" />
  <testcase classname="ptolemy.util.test.junit.AutoTests" name="[65] /home/travis/build/icyphy/ptII/ptolemy/domains/sdf/lib/test/auto/VariableFIR2.xml (RunModel)" time="0.034" />
  <testcase classname="ptolemy.util.test.junit.AutoTests" name="[66] /home/travis/build/icyphy/ptII/ptolemy/domains/sdf/lib/test/auto/VariableLattice.xml (RunModel)" time="0.036" />
  <testcase classname="ptolemy.util.test.junit.AutoTests" name="[67] /home/travis/build/icyphy/ptII/ptolemy/domains/sdf/lib/test/auto/VariableLattice2.xml (RunModel)" time="0.036" />
  <testcase classname="ptolemy.util.test.junit.AutoTests" name="[68] /home/travis/build/icyphy/ptII/ptolemy/domains/sdf/lib/test/auto/VariableRecursiveLattice.xml (RunModel)" time="0.034" />
  <testcase classname="ptolemy.util.test.junit.AutoTests" name="[69] /home/travis/build/icyphy/ptII/ptolemy/domains/sdf/lib/test/auto/VariableRecursiveLattice2.xml (RunModel)" time="0.03" />
  <system-out><![CDATA[/home/travis/build/icyphy/ptII/ptolemy/domains/sdf/lib/test/ArrayToSequence.tcl
testDefs.tcl: setting time out to 9000 seconds at Sun May 27 01:24:31 UTC 2018
54 ms. Memory: 116224K Free: 85504K (74%)
10 ms. Memory: 116224K Free: 110161K (95%)
14 ms. Memory: 116224K Free: 107749K (93%)
14 ms. Memory: 116224K Free: 106530K (92%)
/home/travis/build/icyphy/ptII/ptolemy/domains/sdf/lib/test/BitsToInt.tcl
19 ms. Memory: 116224K Free: 104723K (90%)
13 ms. Memory: 116224K Free: 102940K (89%)
/home/travis/build/icyphy/ptII/ptolemy/domains/sdf/lib/test/DelayLine.tcl
17 ms. Memory: 116224K Free: 101149K (87%)
/home/travis/build/icyphy/ptII/ptolemy/domains/sdf/lib/test/FFT.tcl
14 ms. Memory: 116224K Free: 99381K (86%)
/home/travis/build/icyphy/ptII/ptolemy/domains/sdf/lib/test/FIR.tcl
25 ms. Memory: 116224K Free: 97568K (84%)
6 ms. Memory: 116224K Free: 96390K (83%)
ptolemy.kernel.util.IllegalActionException: multiplyReverse method not supported between ptolemy.data.FixToken 'fix(-0.0625,6,2)' and ptolemy.data.IntToken '1' because the types are incomparable.
  in .top.FIRclone
Because:
multiplyReverse method not supported between ptolemy.data.FixToken 'fix(-0.0625,6,2)' and ptolemy.data.IntToken '1' because the types are incomparable.
39 ms. Memory: 116224K Free: 94009K (81%)
/home/travis/build/icyphy/ptII/ptolemy/domains/sdf/lib/test/IntToBits.tcl
6 ms. Memory: 116224K Free: 92234K (79%)
4 ms. Memory: 116224K Free: 90443K (78%)
/home/travis/build/icyphy/ptII/ptolemy/domains/sdf/lib/test/MaximumEntropySpectrum.tcl
/home/travis/build/icyphy/ptII/ptolemy/domains/sdf/lib/test/Repeat.tcl
8 ms. Memory: 116224K Free: 91176K (78%)
/home/travis/build/icyphy/ptII/ptolemy/domains/sdf/lib/test/SampleDelay.tcl
8 ms. Memory: 116224K Free: 88181K (76%)
5 ms. Memory: 116224K Free: 87570K (75%)
4 ms. Memory: 116224K Free: 86935K (75%)
4 ms. Memory: 116224K Free: 86332K (74%)
3 ms. Memory: 116224K Free: 85736K (74%)
1 ms. Memory: 116224K Free: 85133K (73%)
/home/travis/build/icyphy/ptII/ptolemy/domains/sdf/lib/test/SequenceToArray.tcl
6 ms. Memory: 116224K Free: 83300K (72%)
5 ms. Memory: 116224K Free: 82697K (71%)
7 ms. Memory: 116224K Free: 81199K (70%)
7 ms. Memory: 116224K Free: 110295K (95%)
05/27/18 01:24:33
Failed: 0  Total Tests: 41  ((Passed: 41, Newly Passed: 0)  Known Failed: 0) /home/travis/build/icyphy/ptII/ptolemy/domains/sdf/lib/test
No auto/knownFailedTests/*.xml tests in /home/travis/build/icyphy/ptII/ptolemy/domains/sdf/lib/test
No auto/*.xml tests in /home/travis/build/icyphy/ptII/ptolemy/domains/sdf/lib/test
AutoTests.java: About to close Vertx.
AutoTests.java: Vertx closed.
----------------- testing Sun May 27 01:24:33 UTC 2018 /home/travis/build/icyphy/ptII/ptolemy/domains/sdf/lib/test/auto/ArrayToSequence.xml
----------------- Instantiating /home/travis/build/icyphy/ptII/ptolemy/domains/sdf/lib/test/auto/ArrayToSequence.xml
32 ms. Memory: 146944K Free: 130777K (89%)
----------------- Invoking toplevel() on ptolemy.moml.MoMLSimpleApplication@62a9a232
----------------- Done invoking toplevel() on ptolemy.moml.MoMLSimpleApplication@62a9a232
reloadAllAccessors: .ArrayToSequence
----------------- testing Sun May 27 01:24:33 UTC 2018 /home/travis/build/icyphy/ptII/ptolemy/domains/sdf/lib/test/auto/ArrayToSequenceTest.xml
----------------- Instantiating /home/travis/build/icyphy/ptII/ptolemy/domains/sdf/lib/test/auto/ArrayToSequenceTest.xml
11 ms. Memory: 146944K Free: 123372K (84%)
----------------- Invoking toplevel() on ptolemy.moml.MoMLSimpleApplication@5176abd4
----------------- Done invoking toplevel() on ptolemy.moml.MoMLSimpleApplication@5176abd4
reloadAllAccessors: .ArrayToSequenceTest
----------------- testing Sun May 27 01:24:33 UTC 2018 /home/travis/build/icyphy/ptII/ptolemy/domains/sdf/lib/test/auto/Autocorrelation.xml
----------------- Instantiating /home/travis/build/icyphy/ptII/ptolemy/domains/sdf/lib/test/auto/Autocorrelation.xml
4 ms. Memory: 146944K Free: 118778K (81%)
----------------- Invoking toplevel() on ptolemy.moml.MoMLSimpleApplication@5f9949ff
----------------- Done invoking toplevel() on ptolemy.moml.MoMLSimpleApplication@5f9949ff
reloadAllAccessors: .Autocorrelation
----------------- testing Sun May 27 01:24:33 UTC 2018 /home/travis/build/icyphy/ptII/ptolemy/domains/sdf/lib/test/auto/Autocorrelation2.xml
----------------- Instantiating /home/travis/build/icyphy/ptII/ptolemy/domains/sdf/lib/test/auto/Autocorrelation2.xml
9 ms. Memory: 146944K Free: 114192K (78%)
----------------- Invoking toplevel() on ptolemy.moml.MoMLSimpleApplication@31f47de8
----------------- Done invoking toplevel() on ptolemy.moml.MoMLSimpleApplication@31f47de8
reloadAllAccessors: .Autocorrelation2
----------------- testing Sun May 27 01:24:33 UTC 2018 /home/travis/build/icyphy/ptII/ptolemy/domains/sdf/lib/test/auto/Autocorrelation3.xml
----------------- Instantiating /home/travis/build/icyphy/ptII/ptolemy/domains/sdf/lib/test/auto/Autocorrelation3.xml
5 ms. Memory: 146944K Free: 108915K (74%)
----------------- Invoking toplevel() on ptolemy.moml.MoMLSimpleApplication@7e8a7f75
----------------- Done invoking toplevel() on ptolemy.moml.MoMLSimpleApplication@7e8a7f75
reloadAllAccessors: .Autocorrelation3
----------------- testing Sun May 27 01:24:33 UTC 2018 /home/travis/build/icyphy/ptII/ptolemy/domains/sdf/lib/test/auto/Autocorrelation4.xml
----------------- Instantiating /home/travis/build/icyphy/ptII/ptolemy/domains/sdf/lib/test/auto/Autocorrelation4.xml
13 ms. Memory: 146944K Free: 104281K (71%)
----------------- Invoking toplevel() on ptolemy.moml.MoMLSimpleApplication@5e6fed9f
----------------- Done invoking toplevel() on ptolemy.moml.MoMLSimpleApplication@5e6fed9f
reloadAllAccessors: .Autocorrelation4
----------------- testing Sun May 27 01:24:33 UTC 2018 /home/travis/build/icyphy/ptII/ptolemy/domains/sdf/lib/test/auto/Autocorrelation5.xml
----------------- Instantiating /home/travis/build/icyphy/ptII/ptolemy/domains/sdf/lib/test/auto/Autocorrelation5.xml
53 ms. Memory: 146944K Free: 96793K (66%)
----------------- Invoking toplevel() on ptolemy.moml.MoMLSimpleApplication@4c37cdc3
----------------- Done invoking toplevel() on ptolemy.moml.MoMLSimpleApplication@4c37cdc3
reloadAllAccessors: .Autocorrelation5
----------------- testing Sun May 27 01:24:34 UTC 2018 /home/travis/build/icyphy/ptII/ptolemy/domains/sdf/lib/test/auto/BitsToInt.xml
----------------- Instantiating /home/travis/build/icyphy/ptII/ptolemy/domains/sdf/lib/test/auto/BitsToInt.xml
11 ms. Memory: 146944K Free: 92383K (63%)
----------------- Invoking toplevel() on ptolemy.moml.MoMLSimpleApplication@3c3c7cd2
----------------- Done invoking toplevel() on ptolemy.moml.MoMLSimpleApplication@3c3c7cd2
reloadAllAccessors: .BitsToInt
----------------- testing Sun May 27 01:24:34 UTC 2018 /home/travis/build/icyphy/ptII/ptolemy/domains/sdf/lib/test/auto/BooleanJoin.xml
----------------- Instantiating /home/travis/build/icyphy/ptII/ptolemy/domains/sdf/lib/test/auto/BooleanJoin.xml
4 ms. Memory: 146944K Free: 87693K (60%)
----------------- Invoking toplevel() on ptolemy.moml.MoMLSimpleApplication@739a4c73
----------------- Done invoking toplevel() on ptolemy.moml.MoMLSimpleApplication@739a4c73
reloadAllAccessors: .BooleanJoin
----------------- testing Sun May 27 01:24:34 UTC 2018 /home/travis/build/icyphy/ptII/ptolemy/domains/sdf/lib/test/auto/BootstrapSampleDelay.xml
----------------- Instantiating /home/travis/build/icyphy/ptII/ptolemy/domains/sdf/lib/test/auto/BootstrapSampleDelay.xml
6 ms. Memory: 146944K Free: 83911K (57%)
----------------- Invoking toplevel() on ptolemy.moml.MoMLSimpleApplication@3d4ae3cf
----------------- Done invoking toplevel() on ptolemy.moml.MoMLSimpleApplication@3d4ae3cf
reloadAllAccessors: .BootstrapSampleDelay
----------------- testing Sun May 27 01:24:34 UTC 2018 /home/travis/build/icyphy/ptII/ptolemy/domains/sdf/lib/test/auto/Chop.xml
----------------- Instantiating /home/travis/build/icyphy/ptII/ptolemy/domains/sdf/lib/test/auto/Chop.xml
16 ms. Memory: 146944K Free: 136046K (93%)
----------------- Invoking toplevel() on ptolemy.moml.MoMLSimpleApplication@3748b96c
----------------- Done invoking toplevel() on ptolemy.moml.MoMLSimpleApplication@3748b96c
reloadAllAccessors: .Chop
----------------- testing Sun May 27 01:24:34 UTC 2018 /home/travis/build/icyphy/ptII/ptolemy/domains/sdf/lib/test/auto/Chop2.xml
----------------- Instantiating /home/travis/build/icyphy/ptII/ptolemy/domains/sdf/lib/test/auto/Chop2.xml
12 ms. Memory: 146944K Free: 128939K (88%)
----------------- Invoking toplevel() on ptolemy.moml.MoMLSimpleApplication@3976d12a
----------------- Done invoking toplevel() on ptolemy.moml.MoMLSimpleApplication@3976d12a
reloadAllAccessors: .Chop2
----------------- testing Sun May 27 01:24:34 UTC 2018 /home/travis/build/icyphy/ptII/ptolemy/domains/sdf/lib/test/auto/ComplexJoin.xml
----------------- Instantiating /home/travis/build/icyphy/ptII/ptolemy/domains/sdf/lib/test/auto/ComplexJoin.xml
9 ms. Memory: 146944K Free: 124361K (85%)
----------------- Invoking toplevel() on ptolemy.moml.MoMLSimpleApplication@6f492e3b
----------------- Done invoking toplevel() on ptolemy.moml.MoMLSimpleApplication@6f492e3b
reloadAllAccessors: .ComplexJoin
----------------- testing Sun May 27 01:24:34 UTC 2018 /home/travis/build/icyphy/ptII/ptolemy/domains/sdf/lib/test/auto/CountTrues.xml
----------------- Instantiating /home/travis/build/icyphy/ptII/ptolemy/domains/sdf/lib/test/auto/CountTrues.xml
8 ms. Memory: 146944K Free: 120218K (82%)
----------------- Invoking toplevel() on ptolemy.moml.MoMLSimpleApplication@18299077
----------------- Done invoking toplevel() on ptolemy.moml.MoMLSimpleApplication@18299077
reloadAllAccessors: .CountTrues
----------------- testing Sun May 27 01:24:34 UTC 2018 /home/travis/build/icyphy/ptII/ptolemy/domains/sdf/lib/test/auto/DelayLine.xml
----------------- Instantiating /home/travis/build/icyphy/ptII/ptolemy/domains/sdf/lib/test/auto/DelayLine.xml
14 ms. Memory: 146944K Free: 114660K (78%)
----------------- Invoking toplevel() on ptolemy.moml.MoMLSimpleApplication@2679513c
----------------- Done invoking toplevel() on ptolemy.moml.MoMLSimpleApplication@2679513c
reloadAllAccessors: .DelayLine
----------------- testing Sun May 27 01:24:34 UTC 2018 /home/travis/build/icyphy/ptII/ptolemy/domains/sdf/lib/test/auto/DotProduct.xml
----------------- Instantiating /home/travis/build/icyphy/ptII/ptolemy/domains/sdf/lib/test/auto/DotProduct.xml
5 ms. Memory: 146944K Free: 110215K (75%)
----------------- Invoking toplevel() on ptolemy.moml.MoMLSimpleApplication@167ea497
----------------- Done invoking toplevel() on ptolemy.moml.MoMLSimpleApplication@167ea497
reloadAllAccessors: .DotProduct
----------------- testing Sun May 27 01:24:34 UTC 2018 /home/travis/build/icyphy/ptII/ptolemy/domains/sdf/lib/test/auto/DotProductMatrix.xml
----------------- Instantiating /home/travis/build/icyphy/ptII/ptolemy/domains/sdf/lib/test/auto/DotProductMatrix.xml
6 ms. Memory: 146944K Free: 106938K (73%)
----------------- Invoking toplevel() on ptolemy.moml.MoMLSimpleApplication@4db89735
----------------- Done invoking toplevel() on ptolemy.moml.MoMLSimpleApplication@4db89735
reloadAllAccessors: .DotProductMatrix
----------------- testing Sun May 27 01:24:34 UTC 2018 /home/travis/build/icyphy/ptII/ptolemy/domains/sdf/lib/test/auto/DownSample1.xml
----------------- Instantiating /home/travis/build/icyphy/ptII/ptolemy/domains/sdf/lib/test/auto/DownSample1.xml
7 ms. Memory: 146944K Free: 102874K (70%)
----------------- Invoking toplevel() on ptolemy.moml.MoMLSimpleApplication@fd6a630
----------------- Done invoking toplevel() on ptolemy.moml.MoMLSimpleApplication@fd6a630
reloadAllAccessors: .DownSample1
----------------- testing Sun May 27 01:24:34 UTC 2018 /home/travis/build/icyphy/ptII/ptolemy/domains/sdf/lib/test/auto/DynamicRateChange.xml
----------------- Instantiating /home/travis/build/icyphy/ptII/ptolemy/domains/sdf/lib/test/auto/DynamicRateChange.xml
15 ms. Memory: 146944K Free: 96666K (66%)
----------------- Invoking toplevel() on ptolemy.moml.MoMLSimpleApplication@78531185
----------------- Done invoking toplevel() on ptolemy.moml.MoMLSimpleApplication@78531185
reloadAllAccessors: .DynamicRateChange
----------------- testing Sun May 27 01:24:34 UTC 2018 /home/travis/build/icyphy/ptII/ptolemy/domains/sdf/lib/test/auto/DynamicRates.xml
----------------- Instantiating /home/travis/build/icyphy/ptII/ptolemy/domains/sdf/lib/test/auto/DynamicRates.xml
17 ms. Memory: 146944K Free: 90522K (62%)
----------------- Invoking toplevel() on ptolemy.moml.MoMLSimpleApplication@dc3d8d4
----------------- Done invoking toplevel() on ptolemy.moml.MoMLSimpleApplication@dc3d8d4
reloadAllAccessors: .DynamicRates
----------------- testing Sun May 27 01:24:34 UTC 2018 /home/travis/build/icyphy/ptII/ptolemy/domains/sdf/lib/test/auto/FFT1.xml
----------------- Instantiating /home/travis/build/icyphy/ptII/ptolemy/domains/sdf/lib/test/auto/FFT1.xml
14 ms. Memory: 146944K Free: 85952K (58%)
----------------- Invoking toplevel() on ptolemy.moml.MoMLSimpleApplication@42267193
----------------- Done invoking toplevel() on ptolemy.moml.MoMLSimpleApplication@42267193
reloadAllAccessors: .FFT1
----------------- testing Sun May 27 01:24:34 UTC 2018 /home/travis/build/icyphy/ptII/ptolemy/domains/sdf/lib/test/auto/FIR1.xml
----------------- Instantiating /home/travis/build/icyphy/ptII/ptolemy/domains/sdf/lib/test/auto/FIR1.xml
30 ms. Memory: 146944K Free: 78041K (53%)
----------------- Invoking toplevel() on ptolemy.moml.MoMLSimpleApplication@3f0d0dd7
----------------- Done invoking toplevel() on ptolemy.moml.MoMLSimpleApplication@3f0d0dd7
reloadAllAccessors: .FIR1
----------------- testing Sun May 27 01:24:34 UTC 2018 /home/travis/build/icyphy/ptII/ptolemy/domains/sdf/lib/test/auto/FIR2.xml
----------------- Instantiating /home/travis/build/icyphy/ptII/ptolemy/domains/sdf/lib/test/auto/FIR2.xml
5 ms. Memory: 209920K Free: 198736K (95%)
----------------- Invoking toplevel() on ptolemy.moml.MoMLSimpleApplication@15040e1e
----------------- Done invoking toplevel() on ptolemy.moml.MoMLSimpleApplication@15040e1e
reloadAllAccessors: .FIR2
----------------- testing Sun May 27 01:24:34 UTC 2018 /home/travis/build/icyphy/ptII/ptolemy/domains/sdf/lib/test/auto/FIR4.xml
----------------- Instantiating /home/travis/build/icyphy/ptII/ptolemy/domains/sdf/lib/test/auto/FIR4.xml
11 ms. Memory: 209920K Free: 189497K (90%)
----------------- Invoking toplevel() on ptolemy.moml.MoMLSimpleApplication@113b8130
----------------- Done invoking toplevel() on ptolemy.moml.MoMLSimpleApplication@113b8130
reloadAllAccessors: .FIR4
----------------- testing Sun May 27 01:24:34 UTC 2018 /home/travis/build/icyphy/ptII/ptolemy/domains/sdf/lib/test/auto/FixJoin.xml
----------------- Instantiating /home/travis/build/icyphy/ptII/ptolemy/domains/sdf/lib/test/auto/FixJoin.xml
5 ms. Memory: 209920K Free: 184534K (88%)
----------------- Invoking toplevel() on ptolemy.moml.MoMLSimpleApplication@6c0976ae
----------------- Done invoking toplevel() on ptolemy.moml.MoMLSimpleApplication@6c0976ae
reloadAllAccessors: .FixJoin
----------------- testing Sun May 27 01:24:35 UTC 2018 /home/travis/build/icyphy/ptII/ptolemy/domains/sdf/lib/test/auto/IntJoin1.xml
----------------- Instantiating /home/travis/build/icyphy/ptII/ptolemy/domains/sdf/lib/test/auto/IntJoin1.xml
3 ms. Memory: 209920K Free: 178556K (85%)
----------------- Invoking toplevel() on ptolemy.moml.MoMLSimpleApplication@5ca6a3ba
----------------- Done invoking toplevel() on ptolemy.moml.MoMLSimpleApplication@5ca6a3ba
reloadAllAccessors: .IntJoin1
----------------- testing Sun May 27 01:24:35 UTC 2018 /home/travis/build/icyphy/ptII/ptolemy/domains/sdf/lib/test/auto/IntJoin2.xml
----------------- Instantiating /home/travis/build/icyphy/ptII/ptolemy/domains/sdf/lib/test/auto/IntJoin2.xml
6 ms. Memory: 209920K Free: 173606K (83%)
----------------- Invoking toplevel() on ptolemy.moml.MoMLSimpleApplication@4463f973
----------------- Done invoking toplevel() on ptolemy.moml.MoMLSimpleApplication@4463f973
reloadAllAccessors: .IntJoin2
----------------- testing Sun May 27 01:24:35 UTC 2018 /home/travis/build/icyphy/ptII/ptolemy/domains/sdf/lib/test/auto/IntJoin3.xml
----------------- Instantiating /home/travis/build/icyphy/ptII/ptolemy/domains/sdf/lib/test/auto/IntJoin3.xml
4 ms. Memory: 209920K Free: 168651K (80%)
----------------- Invoking toplevel() on ptolemy.moml.MoMLSimpleApplication@3a2661d0
----------------- Done invoking toplevel() on ptolemy.moml.MoMLSimpleApplication@3a2661d0
reloadAllAccessors: .IntJoin3
----------------- testing Sun May 27 01:24:35 UTC 2018 /home/travis/build/icyphy/ptII/ptolemy/domains/sdf/lib/test/auto/IntJoin4.xml
----------------- Instantiating /home/travis/build/icyphy/ptII/ptolemy/domains/sdf/lib/test/auto/IntJoin4.xml
6 ms. Memory: 209920K Free: 162673K (77%)
----------------- Invoking toplevel() on ptolemy.moml.MoMLSimpleApplication@5edaaec2
----------------- Done invoking toplevel() on ptolemy.moml.MoMLSimpleApplication@5edaaec2
reloadAllAccessors: .IntJoin4
----------------- testing Sun May 27 01:24:35 UTC 2018 /home/travis/build/icyphy/ptII/ptolemy/domains/sdf/lib/test/auto/IntJoin5.xml
----------------- Instantiating /home/travis/build/icyphy/ptII/ptolemy/domains/sdf/lib/test/auto/IntJoin5.xml
3 ms. Memory: 209920K Free: 157686K (75%)
----------------- Invoking toplevel() on ptolemy.moml.MoMLSimpleApplication@2ad5112e
----------------- Done invoking toplevel() on ptolemy.moml.MoMLSimpleApplication@2ad5112e
reloadAllAccessors: .IntJoin5
----------------- testing Sun May 27 01:24:35 UTC 2018 /home/travis/build/icyphy/ptII/ptolemy/domains/sdf/lib/test/auto/IntToBits.xml
----------------- Instantiating /home/travis/build/icyphy/ptII/ptolemy/domains/sdf/lib/test/auto/IntToBits.xml
9 ms. Memory: 209920K Free: 154409K (74%)
----------------- Invoking toplevel() on ptolemy.moml.MoMLSimpleApplication@32d06007
----------------- Done invoking toplevel() on ptolemy.moml.MoMLSimpleApplication@32d06007
reloadAllAccessors: .IntToBits
----------------- testing Sun May 27 01:24:35 UTC 2018 /home/travis/build/icyphy/ptII/ptolemy/domains/sdf/lib/test/auto/LMSAdaptive.xml
----------------- Instantiating /home/travis/build/icyphy/ptII/ptolemy/domains/sdf/lib/test/auto/LMSAdaptive.xml
15 ms. Memory: 209920K Free: 144342K (69%)
----------------- Invoking toplevel() on ptolemy.moml.MoMLSimpleApplication@82cfdc6
----------------- Done invoking toplevel() on ptolemy.moml.MoMLSimpleApplication@82cfdc6
reloadAllAccessors: .LMSAdaptive
----------------- testing Sun May 27 01:24:35 UTC 2018 /home/travis/build/icyphy/ptII/ptolemy/domains/sdf/lib/test/auto/LMSAdaptiveFIR.xml
----------------- Instantiating /home/travis/build/icyphy/ptII/ptolemy/domains/sdf/lib/test/auto/LMSAdaptiveFIR.xml
429 ms. Memory: 209920K Free: 104168K (50%)
----------------- Invoking toplevel() on ptolemy.moml.MoMLSimpleApplication@4dd13774
----------------- Done invoking toplevel() on ptolemy.moml.MoMLSimpleApplication@4dd13774
reloadAllAccessors: .LMSAdaptiveFIR
----------------- testing Sun May 27 01:24:35 UTC 2018 /home/travis/build/icyphy/ptII/ptolemy/domains/sdf/lib/test/auto/LMSAdaptiveFIR2.xml
----------------- Instantiating /home/travis/build/icyphy/ptII/ptolemy/domains/sdf/lib/test/auto/LMSAdaptiveFIR2.xml
672 ms. Memory: 210432K Free: 164797K (78%)
----------------- Invoking toplevel() on ptolemy.moml.MoMLSimpleApplication@13ba8caf
----------------- Done invoking toplevel() on ptolemy.moml.MoMLSimpleApplication@13ba8caf
reloadAllAccessors: .LMSAdaptiveFIR2
----------------- testing Sun May 27 01:24:36 UTC 2018 /home/travis/build/icyphy/ptII/ptolemy/domains/sdf/lib/test/auto/LongJoin.xml
----------------- Instantiating /home/travis/build/icyphy/ptII/ptolemy/domains/sdf/lib/test/auto/LongJoin.xml
12 ms. Memory: 210432K Free: 159089K (76%)
----------------- Invoking toplevel() on ptolemy.moml.MoMLSimpleApplication@407f2201
----------------- Done invoking toplevel() on ptolemy.moml.MoMLSimpleApplication@407f2201
reloadAllAccessors: .LongJoin
----------------- testing Sun May 27 01:24:36 UTC 2018 /home/travis/build/icyphy/ptII/ptolemy/domains/sdf/lib/test/auto/Matrix1.xml
----------------- Instantiating /home/travis/build/icyphy/ptII/ptolemy/domains/sdf/lib/test/auto/Matrix1.xml
4 ms. Memory: 210432K Free: 154031K (73%)
----------------- Invoking toplevel() on ptolemy.moml.MoMLSimpleApplication@bc614b
----------------- Done invoking toplevel() on ptolemy.moml.MoMLSimpleApplication@bc614b
reloadAllAccessors: .Matrix1
----------------- testing Sun May 27 01:24:36 UTC 2018 /home/travis/build/icyphy/ptII/ptolemy/domains/sdf/lib/test/auto/Matrix2.xml
----------------- Instantiating /home/travis/build/icyphy/ptII/ptolemy/domains/sdf/lib/test/auto/Matrix2.xml
3 ms. Memory: 210432K Free: 149714K (71%)
----------------- Invoking toplevel() on ptolemy.moml.MoMLSimpleApplication@6e30298
----------------- Done invoking toplevel() on ptolemy.moml.MoMLSimpleApplication@6e30298
reloadAllAccessors: .Matrix2
----------------- testing Sun May 27 01:24:36 UTC 2018 /home/travis/build/icyphy/ptII/ptolemy/domains/sdf/lib/test/auto/MatrixJoin1.xml
----------------- Instantiating /home/travis/build/icyphy/ptII/ptolemy/domains/sdf/lib/test/auto/MatrixJoin1.xml
4 ms. Memory: 210432K Free: 144704K (69%)
----------------- Invoking toplevel() on ptolemy.moml.MoMLSimpleApplication@1684179e
----------------- Done invoking toplevel() on ptolemy.moml.MoMLSimpleApplication@1684179e
reloadAllAccessors: .MatrixJoin1
----------------- testing Sun May 27 01:24:36 UTC 2018 /home/travis/build/icyphy/ptII/ptolemy/domains/sdf/lib/test/auto/MatrixJoin2.xml
----------------- Instantiating /home/travis/build/icyphy/ptII/ptolemy/domains/sdf/lib/test/auto/MatrixJoin2.xml
4 ms. Memory: 210432K Free: 139764K (66%)
----------------- Invoking toplevel() on ptolemy.moml.MoMLSimpleApplication@62c54c2b
----------------- Done invoking toplevel() on ptolemy.moml.MoMLSimpleApplication@62c54c2b
reloadAllAccessors: .MatrixJoin2
----------------- testing Sun May 27 01:24:36 UTC 2018 /home/travis/build/icyphy/ptII/ptolemy/domains/sdf/lib/test/auto/MatrixJoin3.xml
----------------- Instantiating /home/travis/build/icyphy/ptII/ptolemy/domains/sdf/lib/test/auto/MatrixJoin3.xml
4 ms. Memory: 210432K Free: 134722K (64%)
----------------- Invoking toplevel() on ptolemy.moml.MoMLSimpleApplication@219a8941
----------------- Done invoking toplevel() on ptolemy.moml.MoMLSimpleApplication@219a8941
reloadAllAccessors: .MatrixJoin3
----------------- testing Sun May 27 01:24:36 UTC 2018 /home/travis/build/icyphy/ptII/ptolemy/domains/sdf/lib/test/auto/MatrixJoin4.xml
----------------- Instantiating /home/travis/build/icyphy/ptII/ptolemy/domains/sdf/lib/test/auto/MatrixJoin4.xml
3 ms. Memory: 210432K Free: 130405K (62%)
----------------- Invoking toplevel() on ptolemy.moml.MoMLSimpleApplication@79f0ab22
----------------- Done invoking toplevel() on ptolemy.moml.MoMLSimpleApplication@79f0ab22
reloadAllAccessors: .MatrixJoin4
----------------- testing Sun May 27 01:24:36 UTC 2018 /home/travis/build/icyphy/ptII/ptolemy/domains/sdf/lib/test/auto/MatrixJoin5.xml
----------------- Instantiating /home/travis/build/icyphy/ptII/ptolemy/domains/sdf/lib/test/auto/MatrixJoin5.xml
2 ms. Memory: 210432K Free: 125347K (60%)
----------------- Invoking toplevel() on ptolemy.moml.MoMLSimpleApplication@1c54d560
----------------- Done invoking toplevel() on ptolemy.moml.MoMLSimpleApplication@1c54d560
reloadAllAccessors: .MatrixJoin5
----------------- testing Sun May 27 01:24:37 UTC 2018 /home/travis/build/icyphy/ptII/ptolemy/domains/sdf/lib/test/auto/MatrixSplit1.xml
----------------- Instantiating /home/travis/build/icyphy/ptII/ptolemy/domains/sdf/lib/test/auto/MatrixSplit1.xml
6 ms. Memory: 210432K Free: 119108K (57%)
----------------- Invoking toplevel() on ptolemy.moml.MoMLSimpleApplication@2d669179
----------------- Done invoking toplevel() on ptolemy.moml.MoMLSimpleApplication@2d669179
reloadAllAccessors: .MatrixSplit1
----------------- testing Sun May 27 01:24:37 UTC 2018 /home/travis/build/icyphy/ptII/ptolemy/domains/sdf/lib/test/auto/MatrixSplit10.xml
----------------- Instantiating /home/travis/build/icyphy/ptII/ptolemy/domains/sdf/lib/test/auto/MatrixSplit10.xml
4 ms. Memory: 210432K Free: 115422K (55%)
----------------- Invoking toplevel() on ptolemy.moml.MoMLSimpleApplication@2a8e56a1
----------------- Done invoking toplevel() on ptolemy.moml.MoMLSimpleApplication@2a8e56a1
reloadAllAccessors: .MatrixSplit10
----------------- testing Sun May 27 01:24:37 UTC 2018 /home/travis/build/icyphy/ptII/ptolemy/domains/sdf/lib/test/auto/MatrixSplit11.xml
----------------- Instantiating /home/travis/build/icyphy/ptII/ptolemy/domains/sdf/lib/test/auto/MatrixSplit11.xml
2 ms. Memory: 210432K Free: 111010K (53%)
----------------- Invoking toplevel() on ptolemy.moml.MoMLSimpleApplication@3071bef8
----------------- Done invoking toplevel() on ptolemy.moml.MoMLSimpleApplication@3071bef8
reloadAllAccessors: .MatrixSplit11
----------------- testing Sun May 27 01:24:37 UTC 2018 /home/travis/build/icyphy/ptII/ptolemy/domains/sdf/lib/test/auto/MatrixSplit12.xml
----------------- Instantiating /home/travis/build/icyphy/ptII/ptolemy/domains/sdf/lib/test/auto/MatrixSplit12.xml
3 ms. Memory: 210432K Free: 107323K (51%)
----------------- Invoking toplevel() on ptolemy.moml.MoMLSimpleApplication@67d6b31f
----------------- Done invoking toplevel() on ptolemy.moml.MoMLSimpleApplication@67d6b31f
reloadAllAccessors: .MatrixSplit12
----------------- testing Sun May 27 01:24:37 UTC 2018 /home/travis/build/icyphy/ptII/ptolemy/domains/sdf/lib/test/auto/MatrixSplit13.xml
----------------- Instantiating /home/travis/build/icyphy/ptII/ptolemy/domains/sdf/lib/test/auto/MatrixSplit13.xml
6 ms. Memory: 210432K Free: 102928K (49%)
----------------- Invoking toplevel() on ptolemy.moml.MoMLSimpleApplication@54ee9023
----------------- Done invoking toplevel() on ptolemy.moml.MoMLSimpleApplication@54ee9023
reloadAllAccessors: .MatrixSplit13
----------------- testing Sun May 27 01:24:37 UTC 2018 /home/travis/build/icyphy/ptII/ptolemy/domains/sdf/lib/test/auto/MatrixSplit14.xml
----------------- Instantiating /home/travis/build/icyphy/ptII/ptolemy/domains/sdf/lib/test/auto/MatrixSplit14.xml
2 ms. Memory: 210432K Free: 98533K (47%)
----------------- Invoking toplevel() on ptolemy.moml.MoMLSimpleApplication@631d0c55
----------------- Done invoking toplevel() on ptolemy.moml.MoMLSimpleApplication@631d0c55
reloadAllAccessors: .MatrixSplit14
----------------- testing Sun May 27 01:24:37 UTC 2018 /home/travis/build/icyphy/ptII/ptolemy/domains/sdf/lib/test/auto/MatrixSplit2.xml
----------------- Instantiating /home/travis/build/icyphy/ptII/ptolemy/domains/sdf/lib/test/auto/MatrixSplit2.xml
4 ms. Memory: 210432K Free: 94814K (45%)
----------------- Invoking toplevel() on ptolemy.moml.MoMLSimpleApplication@7be8a452
----------------- Done invoking toplevel() on ptolemy.moml.MoMLSimpleApplication@7be8a452
reloadAllAccessors: .MatrixSplit2
----------------- testing Sun May 27 01:24:37 UTC 2018 /home/travis/build/icyphy/ptII/ptolemy/domains/sdf/lib/test/auto/MatrixSplit3.xml
----------------- Instantiating /home/travis/build/icyphy/ptII/ptolemy/domains/sdf/lib/test/auto/MatrixSplit3.xml
6 ms. Memory: 210432K Free: 90371K (43%)
----------------- Invoking toplevel() on ptolemy.moml.MoMLSimpleApplication@5164988a
----------------- Done invoking toplevel() on ptolemy.moml.MoMLSimpleApplication@5164988a
reloadAllAccessors: .MatrixSplit3
----------------- testing Sun May 27 01:24:37 UTC 2018 /home/travis/build/icyphy/ptII/ptolemy/domains/sdf/lib/test/auto/MatrixSplit4.xml
----------------- Instantiating /home/travis/build/icyphy/ptII/ptolemy/domains/sdf/lib/test/auto/MatrixSplit4.xml
3 ms. Memory: 210432K Free: 86652K (41%)
----------------- Invoking toplevel() on ptolemy.moml.MoMLSimpleApplication@53b25159
----------------- Done invoking toplevel() on ptolemy.moml.MoMLSimpleApplication@53b25159
reloadAllAccessors: .MatrixSplit4
----------------- testing Sun May 27 01:24:37 UTC 2018 /home/travis/build/icyphy/ptII/ptolemy/domains/sdf/lib/test/auto/MatrixSplit5.xml
----------------- Instantiating /home/travis/build/icyphy/ptII/ptolemy/domains/sdf/lib/test/auto/MatrixSplit5.xml
3 ms. Memory: 210432K Free: 82209K (39%)
----------------- Invoking toplevel() on ptolemy.moml.MoMLSimpleApplication@7528f1b3
----------------- Done invoking toplevel() on ptolemy.moml.MoMLSimpleApplication@7528f1b3
reloadAllAccessors: .MatrixSplit5
----------------- testing Sun May 27 01:24:37 UTC 2018 /home/travis/build/icyphy/ptII/ptolemy/domains/sdf/lib/test/auto/MatrixSplit6.xml
----------------- Instantiating /home/travis/build/icyphy/ptII/ptolemy/domains/sdf/lib/test/auto/MatrixSplit6.xml
9 ms. Memory: 333312K Free: 324968K (97%)
----------------- Invoking toplevel() on ptolemy.moml.MoMLSimpleApplication@49daafab
----------------- Done invoking toplevel() on ptolemy.moml.MoMLSimpleApplication@49daafab
reloadAllAccessors: .MatrixSplit6
----------------- testing Sun May 27 01:24:37 UTC 2018 /home/travis/build/icyphy/ptII/ptolemy/domains/sdf/lib/test/auto/MatrixSplit7.xml
----------------- Instantiating /home/travis/build/icyphy/ptII/ptolemy/domains/sdf/lib/test/auto/MatrixSplit7.xml
2 ms. Memory: 333312K Free: 318283K (95%)
----------------- Invoking toplevel() on ptolemy.moml.MoMLSimpleApplication@52db7ba
----------------- Done invoking toplevel() on ptolemy.moml.MoMLSimpleApplication@52db7ba
reloadAllAccessors: .MatrixSplit7
----------------- testing Sun May 27 01:24:37 UTC 2018 /home/travis/build/icyphy/ptII/ptolemy/domains/sdf/lib/test/auto/MatrixSplit8.xml
----------------- Instantiating /home/travis/build/icyphy/ptII/ptolemy/domains/sdf/lib/test/auto/MatrixSplit8.xml
2 ms. Memory: 333312K Free: 313378K (94%)
----------------- Invoking toplevel() on ptolemy.moml.MoMLSimpleApplication@792c0daa
----------------- Done invoking toplevel() on ptolemy.moml.MoMLSimpleApplication@792c0daa
reloadAllAccessors: .MatrixSplit8
----------------- testing Sun May 27 01:24:37 UTC 2018 /home/travis/build/icyphy/ptII/ptolemy/domains/sdf/lib/test/auto/MatrixSplit9.xml
----------------- Instantiating /home/travis/build/icyphy/ptII/ptolemy/domains/sdf/lib/test/auto/MatrixSplit9.xml
2 ms. Memory: 333312K Free: 307475K (92%)
----------------- Invoking toplevel() on ptolemy.moml.MoMLSimpleApplication@2d43ca2c
----------------- Done invoking toplevel() on ptolemy.moml.MoMLSimpleApplication@2d43ca2c
reloadAllAccessors: .MatrixSplit9
----------------- testing Sun May 27 01:24:37 UTC 2018 /home/travis/build/icyphy/ptII/ptolemy/domains/sdf/lib/test/auto/MatrixToSequence.xml
----------------- Instantiating /home/travis/build/icyphy/ptII/ptolemy/domains/sdf/lib/test/auto/MatrixToSequence.xml
10 ms. Memory: 333312K Free: 296439K (89%)
----------------- Invoking toplevel() on ptolemy.moml.MoMLSimpleApplication@7dfad7a9
----------------- Done invoking toplevel() on ptolemy.moml.MoMLSimpleApplication@7dfad7a9
reloadAllAccessors: .MatrixToSequence
----------------- testing Sun May 27 01:24:37 UTC 2018 /home/travis/build/icyphy/ptII/ptolemy/domains/sdf/lib/test/auto/MaximumEntropySpectrum.xml
----------------- Instantiating /home/travis/build/icyphy/ptII/ptolemy/domains/sdf/lib/test/auto/MaximumEntropySpectrum.xml
18 ms. Memory: 333312K Free: 272140K (82%)
----------------- Invoking toplevel() on ptolemy.moml.MoMLSimpleApplication@23f2b773
----------------- Done invoking toplevel() on ptolemy.moml.MoMLSimpleApplication@23f2b773
reloadAllAccessors: .MaximumEntropySpectrum
----------------- testing Sun May 27 01:24:37 UTC 2018 /home/travis/build/icyphy/ptII/ptolemy/domains/sdf/lib/test/auto/SampleDelayConversion.xml
----------------- Instantiating /home/travis/build/icyphy/ptII/ptolemy/domains/sdf/lib/test/auto/SampleDelayConversion.xml
3 ms. Memory: 333312K Free: 267235K (80%)
----------------- Invoking toplevel() on ptolemy.moml.MoMLSimpleApplication@b844514
----------------- Done invoking toplevel() on ptolemy.moml.MoMLSimpleApplication@b844514
reloadAllAccessors: .SampleDelayConversion
----------------- testing Sun May 27 01:24:37 UTC 2018 /home/travis/build/icyphy/ptII/ptolemy/domains/sdf/lib/test/auto/SequenceToArray.xml
----------------- Instantiating /home/travis/build/icyphy/ptII/ptolemy/domains/sdf/lib/test/auto/SequenceToArray.xml
24 ms. Memory: 333312K Free: 253746K (76%)
----------------- Invoking toplevel() on ptolemy.moml.MoMLSimpleApplication@751ca3a0
----------------- Done invoking toplevel() on ptolemy.moml.MoMLSimpleApplication@751ca3a0
reloadAllAccessors: .SequenceToArray
----------------- testing Sun May 27 01:24:37 UTC 2018 /home/travis/build/icyphy/ptII/ptolemy/domains/sdf/lib/test/auto/SequenceToMatrix.xml
----------------- Instantiating /home/travis/build/icyphy/ptII/ptolemy/domains/sdf/lib/test/auto/SequenceToMatrix.xml
4822 ms. Memory: 333824K Free: 141705K (42%)
----------------- Invoking toplevel() on ptolemy.moml.MoMLSimpleApplication@6d68c634
----------------- Done invoking toplevel() on ptolemy.moml.MoMLSimpleApplication@6d68c634
reloadAllAccessors: .SequenceToMatrix
----------------- testing Sun May 27 01:24:42 UTC 2018 /home/travis/build/icyphy/ptII/ptolemy/domains/sdf/lib/test/auto/SmoothedPeriodogram.xml
----------------- Instantiating /home/travis/build/icyphy/ptII/ptolemy/domains/sdf/lib/test/auto/SmoothedPeriodogram.xml
13 ms. Memory: 333824K Free: 123160K (37%)
----------------- Invoking toplevel() on ptolemy.moml.MoMLSimpleApplication@33655a31
----------------- Done invoking toplevel() on ptolemy.moml.MoMLSimpleApplication@33655a31
reloadAllAccessors: .SmoothedPeriodogram
----------------- testing Sun May 27 01:24:42 UTC 2018 /home/travis/build/icyphy/ptII/ptolemy/domains/sdf/lib/test/auto/UpDownSample1.xml
----------------- Instantiating /home/travis/build/icyphy/ptII/ptolemy/domains/sdf/lib/test/auto/UpDownSample1.xml
3 ms. Memory: 333824K Free: 117503K (35%)
----------------- Invoking toplevel() on ptolemy.moml.MoMLSimpleApplication@3f517216
----------------- Done invoking toplevel() on ptolemy.moml.MoMLSimpleApplication@3f517216
reloadAllAccessors: .UpDownSample1
----------------- testing Sun May 27 01:24:42 UTC 2018 /home/travis/build/icyphy/ptII/ptolemy/domains/sdf/lib/test/auto/UpSample1.xml
----------------- Instantiating /home/travis/build/icyphy/ptII/ptolemy/domains/sdf/lib/test/auto/UpSample1.xml
3 ms. Memory: 333824K Free: 113824K (34%)
----------------- Invoking toplevel() on ptolemy.moml.MoMLSimpleApplication@45e1c3ee
----------------- Done invoking toplevel() on ptolemy.moml.MoMLSimpleApplication@45e1c3ee
reloadAllAccessors: .UpSample1
----------------- testing Sun May 27 01:24:42 UTC 2018 /home/travis/build/icyphy/ptII/ptolemy/domains/sdf/lib/test/auto/VariableFIR.xml
----------------- Instantiating /home/travis/build/icyphy/ptII/ptolemy/domains/sdf/lib/test/auto/VariableFIR.xml
3 ms. Memory: 333824K Free: 107003K (32%)
----------------- Invoking toplevel() on ptolemy.moml.MoMLSimpleApplication@14bf7362
----------------- Done invoking toplevel() on ptolemy.moml.MoMLSimpleApplication@14bf7362
reloadAllAccessors: .VariableFIR
----------------- testing Sun May 27 01:24:42 UTC 2018 /home/travis/build/icyphy/ptII/ptolemy/domains/sdf/lib/test/auto/VariableFIR2.xml
----------------- Instantiating /home/travis/build/icyphy/ptII/ptolemy/domains/sdf/lib/test/auto/VariableFIR2.xml
5 ms. Memory: 333824K Free: 100133K (30%)
----------------- Invoking toplevel() on ptolemy.moml.MoMLSimpleApplication@23c64849
----------------- Done invoking toplevel() on ptolemy.moml.MoMLSimpleApplication@23c64849
reloadAllAccessors: .VariableFIR2
----------------- testing Sun May 27 01:24:42 UTC 2018 /home/travis/build/icyphy/ptII/ptolemy/domains/sdf/lib/test/auto/VariableLattice.xml
----------------- Instantiating /home/travis/build/icyphy/ptII/ptolemy/domains/sdf/lib/test/auto/VariableLattice.xml
5 ms. Memory: 333824K Free: 92776K (28%)
----------------- Invoking toplevel() on ptolemy.moml.MoMLSimpleApplication@5e334059
----------------- Done invoking toplevel() on ptolemy.moml.MoMLSimpleApplication@5e334059
reloadAllAccessors: .VariableLattice
----------------- testing Sun May 27 01:24:42 UTC 2018 /home/travis/build/icyphy/ptII/ptolemy/domains/sdf/lib/test/auto/VariableLattice2.xml
----------------- Instantiating /home/travis/build/icyphy/ptII/ptolemy/domains/sdf/lib/test/auto/VariableLattice2.xml
1.0
-1.999999602036
1.9099998677481
-0.9099996420674
0.205
0.0
0.0
1.0
-0.25
-0.5
0.0
0.0
0.0
0.0
9 ms. Memory: 333824K Free: 87196K (26%)
----------------- Invoking toplevel() on ptolemy.moml.MoMLSimpleApplication@5fa611ea
----------------- Done invoking toplevel() on ptolemy.moml.MoMLSimpleApplication@5fa611ea
reloadAllAccessors: .VariableLattice2
----------------- testing Sun May 27 01:24:42 UTC 2018 /home/travis/build/icyphy/ptII/ptolemy/domains/sdf/lib/test/auto/VariableRecursiveLattice.xml
----------------- Instantiating /home/travis/build/icyphy/ptII/ptolemy/domains/sdf/lib/test/auto/VariableRecursiveLattice.xml
6 ms. Memory: 333824K Free: 81617K (24%)
----------------- Invoking toplevel() on ptolemy.moml.MoMLSimpleApplication@3ea59757
----------------- Done invoking toplevel() on ptolemy.moml.MoMLSimpleApplication@3ea59757
reloadAllAccessors: .VariableRecursiveLattice
----------------- testing Sun May 27 01:24:42 UTC 2018 /home/travis/build/icyphy/ptII/ptolemy/domains/sdf/lib/test/auto/VariableRecursiveLattice2.xml
----------------- Instantiating /home/travis/build/icyphy/ptII/ptolemy/domains/sdf/lib/test/auto/VariableRecursiveLattice2.xml
3 ms. Memory: 481792K Free: 468778K (97%)
----------------- Invoking toplevel() on ptolemy.moml.MoMLSimpleApplication@54fa5357
----------------- Done invoking toplevel() on ptolemy.moml.MoMLSimpleApplication@54fa5357
reloadAllAccessors: .VariableRecursiveLattice2
AutoTests.java: About to close Vertx.
AutoTests.java: Vertx closed.
]]></system-out>
  <system-err><![CDATA[]]></system-err>
</testsuite>
