<?xml version="1.0" encoding="UTF-8" ?>
<testsuite errors="0" failures="0" hostname="travis-job-2bb0be28-726e-41cf-9b18-516a435901e5" name="ptolemy.domains.de.test.junit.JUnitTclTest" skipped="0" tests="101" time="123.772" timestamp="2018-05-16T16:48:43">
  <properties>
[...]
</properties>
  <testcase classname="ptolemy.util.test.junit.TclTests" name="[0] /home/travis/build/icyphy/ptII/ptolemy/domains/de/test/DependencyLoop.tcl (RunTclFile)" time="0.768" />
  <testcase classname="ptolemy.util.test.junit.TclTests" name="[1] /home/travis/build/icyphy/ptII/ptolemy/domains/de/test/RunDETestsAsQSS.tcl (RunTclFile)" time="84.024" />
  <testcase classname="ptolemy.util.test.junit.AutoKnownFailedTests" name="[0] /home/travis/build/icyphy/ptII/ptolemy/domains/de/test/auto/knownFailedTests/DESDFClockTest.xml (RunModel)" time="2.028" />
  <testcase classname="ptolemy.util.test.junit.AutoKnownFailedTests" name="[1] /home/travis/build/icyphy/ptII/ptolemy/domains/de/test/auto/knownFailedTests/DirectFeedback.xml (RunModel)" time="0.015" />
  <testcase classname="ptolemy.util.test.junit.AutoKnownFailedTests" name="[2] /home/travis/build/icyphy/ptII/ptolemy/domains/de/test/auto/knownFailedTests/FSMSource.xml (RunModel)" time="0.025" />
  <testcase classname="ptolemy.util.test.junit.AutoKnownFailedTests" name="[3] /home/travis/build/icyphy/ptII/ptolemy/domains/de/test/auto/knownFailedTests/HierarchicalModel.xml (RunModel)" time="0.038" />
  <testcase classname="ptolemy.util.test.junit.AutoKnownFailedTests" name="[4] /home/travis/build/icyphy/ptII/ptolemy/domains/de/test/auto/knownFailedTests/dependencyLoop.xml (RunModel)" time="0.034" />
  <testcase classname="ptolemy.util.test.junit.AutoKnownFailedTests" name="[5] /home/travis/build/icyphy/ptII/ptolemy/domains/de/test/auto/knownFailedTests/dependencyLoop2.xml (RunModel)" time="0.029" />
  <testcase classname="ptolemy.util.test.junit.AutoNameArchTests" name="[0] ThereAreNoAutoTests (RunModel)" time="0.001" />
  <testcase classname="ptolemy.util.test.junit.AutoTests" name="[0] /home/travis/build/icyphy/ptII/ptolemy/domains/de/test/auto/ActorDepthCalculation_actorWithoutPorts.xml (RunModel)" time="0.015" />
  <testcase classname="ptolemy.util.test.junit.AutoTests" name="[1] /home/travis/build/icyphy/ptII/ptolemy/domains/de/test/auto/AssemblyLine.xml (RunModel)" time="0.014" />
  <testcase classname="ptolemy.util.test.junit.AutoTests" name="[2] /home/travis/build/icyphy/ptII/ptolemy/domains/de/test/auto/CQBug1.xml (RunModel)" time="0.011" />
  <testcase classname="ptolemy.util.test.junit.AutoTests" name="[3] /home/travis/build/icyphy/ptII/ptolemy/domains/de/test/auto/CancelFireAt.xml (RunModel)" time="0.007" />
  <testcase classname="ptolemy.util.test.junit.AutoTests" name="[4] /home/travis/build/icyphy/ptII/ptolemy/domains/de/test/auto/CausalityAndComposabilityAnalysis.xml (RunModel)" time="0.012" />
  <testcase classname="ptolemy.util.test.junit.AutoTests" name="[5] /home/travis/build/icyphy/ptII/ptolemy/domains/de/test/auto/CausalityInterface1.xml (RunModel)" time="0.011" />
  <testcase classname="ptolemy.util.test.junit.AutoTests" name="[6] /home/travis/build/icyphy/ptII/ptolemy/domains/de/test/auto/CausalityInterface15.xml (RunModel)" time="0.016" />
  <testcase classname="ptolemy.util.test.junit.AutoTests" name="[7] /home/travis/build/icyphy/ptII/ptolemy/domains/de/test/auto/CausalityInterface2.xml (RunModel)" time="0.013" />
  <testcase classname="ptolemy.util.test.junit.AutoTests" name="[8] /home/travis/build/icyphy/ptII/ptolemy/domains/de/test/auto/CausalityInterface3.xml (RunModel)" time="0.01" />
  <testcase classname="ptolemy.util.test.junit.AutoTests" name="[9] /home/travis/build/icyphy/ptII/ptolemy/domains/de/test/auto/ClockDrift.xml (RunModel)" time="0.026" />
  <testcase classname="ptolemy.util.test.junit.AutoTests" name="[10] /home/travis/build/icyphy/ptII/ptolemy/domains/de/test/auto/ClockDriftAndValueChange.xml (RunModel)" time="0.021" />
  <testcase classname="ptolemy.util.test.junit.AutoTests" name="[11] /home/travis/build/icyphy/ptII/ptolemy/domains/de/test/auto/ClockDriftChange.xml (RunModel)" time="0.021" />
  <testcase classname="ptolemy.util.test.junit.AutoTests" name="[12] /home/travis/build/icyphy/ptII/ptolemy/domains/de/test/auto/ComposableCausalityAnalysis.xml (RunModel)" time="0.013" />
  <testcase classname="ptolemy.util.test.junit.AutoTests" name="[13] /home/travis/build/icyphy/ptII/ptolemy/domains/de/test/auto/DEFixedPointLimitation.xml (RunModel)" time="0.008" />
  <testcase classname="ptolemy.util.test.junit.AutoTests" name="[14] /home/travis/build/icyphy/ptII/ptolemy/domains/de/test/auto/DEScheduleTest.xml (RunModel)" time="0.008" />
  <testcase classname="ptolemy.util.test.junit.AutoTests" name="[15] /home/travis/build/icyphy/ptII/ptolemy/domains/de/test/auto/DEinDEwithStartTimes.xml (RunModel)" time="0.011" />
  <testcase classname="ptolemy.util.test.junit.AutoTests" name="[16] /home/travis/build/icyphy/ptII/ptolemy/domains/de/test/auto/DEinDEwithStartTimes2.xml (RunModel)" time="0.009" />
  <testcase classname="ptolemy.util.test.junit.AutoTests" name="[17] /home/travis/build/icyphy/ptII/ptolemy/domains/de/test/auto/DateDemo.xml (RunModel)" time="0.028" />
  <testcase classname="ptolemy.util.test.junit.AutoTests" name="[18] /home/travis/build/icyphy/ptII/ptolemy/domains/de/test/auto/DateToEvent.xml (RunModel)" time="2.027" />
  <testcase classname="ptolemy.util.test.junit.AutoTests" name="[19] /home/travis/build/icyphy/ptII/ptolemy/domains/de/test/auto/DepthTest1.xml (RunModel)" time="0.006" />
  <testcase classname="ptolemy.util.test.junit.AutoTests" name="[20] /home/travis/build/icyphy/ptII/ptolemy/domains/de/test/auto/DepthTest2.xml (RunModel)" time="0.022" />
  <testcase classname="ptolemy.util.test.junit.AutoTests" name="[21] /home/travis/build/icyphy/ptII/ptolemy/domains/de/test/auto/DepthTest3.xml (RunModel)" time="0.007" />
  <testcase classname="ptolemy.util.test.junit.AutoTests" name="[22] /home/travis/build/icyphy/ptII/ptolemy/domains/de/test/auto/DepthTest4.xml (RunModel)" time="0.02" />
  <testcase classname="ptolemy.util.test.junit.AutoTests" name="[23] /home/travis/build/icyphy/ptII/ptolemy/domains/de/test/auto/DepthTest5.xml (RunModel)" time="0.013" />
  <testcase classname="ptolemy.util.test.junit.AutoTests" name="[24] /home/travis/build/icyphy/ptII/ptolemy/domains/de/test/auto/DepthTest6.xml (RunModel)" time="0.011" />
  <testcase classname="ptolemy.util.test.junit.AutoTests" name="[25] /home/travis/build/icyphy/ptII/ptolemy/domains/de/test/auto/DepthTest7.xml (RunModel)" time="0.01" />
  <testcase classname="ptolemy.util.test.junit.AutoTests" name="[26] /home/travis/build/icyphy/ptII/ptolemy/domains/de/test/auto/EventToDate.xml (RunModel)" time="3.029" />
  <testcase classname="ptolemy.util.test.junit.AutoTests" name="[27] /home/travis/build/icyphy/ptII/ptolemy/domains/de/test/auto/FSM1.xml (RunModel)" time="0.044" />
  <testcase classname="ptolemy.util.test.junit.AutoTests" name="[28] /home/travis/build/icyphy/ptII/ptolemy/domains/de/test/auto/FSM7.xml (RunModel)" time="0.027" />
  <testcase classname="ptolemy.util.test.junit.AutoTests" name="[29] /home/travis/build/icyphy/ptII/ptolemy/domains/de/test/auto/Inspection.xml (RunModel)" time="0.035" />
  <testcase classname="ptolemy.util.test.junit.AutoTests" name="[30] /home/travis/build/icyphy/ptII/ptolemy/domains/de/test/auto/Iteration.xml (RunModel)" time="0.016" />
  <testcase classname="ptolemy.util.test.junit.AutoTests" name="[31] /home/travis/build/icyphy/ptII/ptolemy/domains/de/test/auto/LineFault.xml (RunModel)" time="0.507" />
  <testcase classname="ptolemy.util.test.junit.AutoTests" name="[32] /home/travis/build/icyphy/ptII/ptolemy/domains/de/test/auto/MergeModel1Add.xml (RunModel)" time="0.035" />
  <testcase classname="ptolemy.util.test.junit.AutoTests" name="[33] /home/travis/build/icyphy/ptII/ptolemy/domains/de/test/auto/MergeModel2Add.xml (RunModel)" time="0.03" />
  <testcase classname="ptolemy.util.test.junit.AutoTests" name="[34] /home/travis/build/icyphy/ptII/ptolemy/domains/de/test/auto/MergeModel3Add.xml (RunModel)" time="0.031" />
  <testcase classname="ptolemy.util.test.junit.AutoTests" name="[35] /home/travis/build/icyphy/ptII/ptolemy/domains/de/test/auto/MergeWithoutDiscard.xml (RunModel)" time="0.009" />
  <testcase classname="ptolemy.util.test.junit.AutoTests" name="[36] /home/travis/build/icyphy/ptII/ptolemy/domains/de/test/auto/Modal1.xml (RunModel)" time="0.024" />
  <testcase classname="ptolemy.util.test.junit.AutoTests" name="[37] /home/travis/build/icyphy/ptII/ptolemy/domains/de/test/auto/Modal2.xml (RunModel)" time="0.024" />
  <testcase classname="ptolemy.util.test.junit.AutoTests" name="[38] /home/travis/build/icyphy/ptII/ptolemy/domains/de/test/auto/Modal3.xml (RunModel)" time="0.028" />
  <testcase classname="ptolemy.util.test.junit.AutoTests" name="[39] /home/travis/build/icyphy/ptII/ptolemy/domains/de/test/auto/Modal4.xml (RunModel)" time="0.025" />
  <testcase classname="ptolemy.util.test.junit.AutoTests" name="[40] /home/travis/build/icyphy/ptII/ptolemy/domains/de/test/auto/Modal5.xml (RunModel)" time="0.027" />
  <testcase classname="ptolemy.util.test.junit.AutoTests" name="[41] /home/travis/build/icyphy/ptII/ptolemy/domains/de/test/auto/Modal6.xml (RunModel)" time="0.026" />
  <testcase classname="ptolemy.util.test.junit.AutoTests" name="[42] /home/travis/build/icyphy/ptII/ptolemy/domains/de/test/auto/Modal7.xml (RunModel)" time="0.026" />
  <testcase classname="ptolemy.util.test.junit.AutoTests" name="[43] /home/travis/build/icyphy/ptII/ptolemy/domains/de/test/auto/ModalModel.xml (RunModel)" time="0.129" />
  <testcase classname="ptolemy.util.test.junit.AutoTests" name="[44] /home/travis/build/icyphy/ptII/ptolemy/domains/de/test/auto/ModalSource.xml (RunModel)" time="0.016" />
  <testcase classname="ptolemy.util.test.junit.AutoTests" name="[45] /home/travis/build/icyphy/ptII/ptolemy/domains/de/test/auto/NonInterruptibleTimerZeroDelay.xml (RunModel)" time="0.01" />
  <testcase classname="ptolemy.util.test.junit.AutoTests" name="[46] /home/travis/build/icyphy/ptII/ptolemy/domains/de/test/auto/OpenQueueingNetwork.xml (RunModel)" time="2.167" />
  <testcase classname="ptolemy.util.test.junit.AutoTests" name="[47] /home/travis/build/icyphy/ptII/ptolemy/domains/de/test/auto/OpenQueuingNetwork.xml (RunModel)" time="0.245" />
  <testcase classname="ptolemy.util.test.junit.AutoTests" name="[48] /home/travis/build/icyphy/ptII/ptolemy/domains/de/test/auto/PeriodicSampler.xml (RunModel)" time="0.01" />
  <testcase classname="ptolemy.util.test.junit.AutoTests" name="[49] /home/travis/build/icyphy/ptII/ptolemy/domains/de/test/auto/PersistentIO.xml (RunModel)" time="0.017" />
  <testcase classname="ptolemy.util.test.junit.AutoTests" name="[50] /home/travis/build/icyphy/ptII/ptolemy/domains/de/test/auto/PortParameterResetOnInitialize.xml (RunModel)" time="0.008" />
  <testcase classname="ptolemy.util.test.junit.AutoTests" name="[51] /home/travis/build/icyphy/ptII/ptolemy/domains/de/test/auto/PortParameterUpdates.xml (RunModel)" time="0.012" />
  <testcase classname="ptolemy.util.test.junit.AutoTests" name="[52] /home/travis/build/icyphy/ptII/ptolemy/domains/de/test/auto/QueueAndServer.xml (RunModel)" time="0.033" />
  <testcase classname="ptolemy.util.test.junit.AutoTests" name="[53] /home/travis/build/icyphy/ptII/ptolemy/domains/de/test/auto/Records.xml (RunModel)" time="0.016" />
  <testcase classname="ptolemy.util.test.junit.AutoTests" name="[54] /home/travis/build/icyphy/ptII/ptolemy/domains/de/test/auto/ResetTransitionWithStartTime1.xml (RunModel)" time="0.016" />
  <testcase classname="ptolemy.util.test.junit.AutoTests" name="[55] /home/travis/build/icyphy/ptII/ptolemy/domains/de/test/auto/ResetTransitionWithStartTime2.xml (RunModel)" time="0.016" />
  <testcase classname="ptolemy.util.test.junit.AutoTests" name="[56] /home/travis/build/icyphy/ptII/ptolemy/domains/de/test/auto/ResetTransitionWithStartTime3.xml (RunModel)" time="0.016" />
  <testcase classname="ptolemy.util.test.junit.AutoTests" name="[57] /home/travis/build/icyphy/ptII/ptolemy/domains/de/test/auto/ResetTransitionWithStartTime4.xml (RunModel)" time="0.016" />
  <testcase classname="ptolemy.util.test.junit.AutoTests" name="[58] /home/travis/build/icyphy/ptII/ptolemy/domains/de/test/auto/ResettableTimer1.xml (RunModel)" time="0.014" />
  <testcase classname="ptolemy.util.test.junit.AutoTests" name="[59] /home/travis/build/icyphy/ptII/ptolemy/domains/de/test/auto/ResettableTimer2.xml (RunModel)" time="0.011" />
  <testcase classname="ptolemy.util.test.junit.AutoTests" name="[60] /home/travis/build/icyphy/ptII/ptolemy/domains/de/test/auto/ResettableTimer3.xml (RunModel)" time="0.008" />
  <testcase classname="ptolemy.util.test.junit.AutoTests" name="[61] /home/travis/build/icyphy/ptII/ptolemy/domains/de/test/auto/ResettableTimer4.xml (RunModel)" time="0.008" />
  <testcase classname="ptolemy.util.test.junit.AutoTests" name="[62] /home/travis/build/icyphy/ptII/ptolemy/domains/de/test/auto/ResettableTimer5.xml (RunModel)" time="0.009" />
  <testcase classname="ptolemy.util.test.junit.AutoTests" name="[63] /home/travis/build/icyphy/ptII/ptolemy/domains/de/test/auto/ResettableTimer6.xml (RunModel)" time="0.009" />
  <testcase classname="ptolemy.util.test.junit.AutoTests" name="[64] /home/travis/build/icyphy/ptII/ptolemy/domains/de/test/auto/ServerZeroDelay.xml (RunModel)" time="0.009" />
  <testcase classname="ptolemy.util.test.junit.AutoTests" name="[65] /home/travis/build/icyphy/ptII/ptolemy/domains/de/test/auto/SmartSender.xml (RunModel)" time="3.007" />
  <testcase classname="ptolemy.util.test.junit.AutoTests" name="[66] /home/travis/build/icyphy/ptII/ptolemy/domains/de/test/auto/ThreadedComposite.xml (RunModel)" time="0.444" />
  <testcase classname="ptolemy.util.test.junit.AutoTests" name="[67] /home/travis/build/icyphy/ptII/ptolemy/domains/de/test/auto/Time.xml (RunModel)" time="0.402" />
  <testcase classname="ptolemy.util.test.junit.AutoTests" name="[68] /home/travis/build/icyphy/ptII/ptolemy/domains/de/test/auto/TimeDelayZeroDelay.xml (RunModel)" time="0.01" />
  <testcase classname="ptolemy.util.test.junit.AutoTests" name="[69] /home/travis/build/icyphy/ptII/ptolemy/domains/de/test/auto/TimerZeroDelay.xml (RunModel)" time="0.009" />
  <testcase classname="ptolemy.util.test.junit.AutoTests" name="[70] /home/travis/build/icyphy/ptII/ptolemy/domains/de/test/auto/TimingParadox.xml (RunModel)" time="0.32" />
  <testcase classname="ptolemy.util.test.junit.AutoTests" name="[71] /home/travis/build/icyphy/ptII/ptolemy/domains/de/test/auto/TransferInputs.xml (RunModel)" time="0.017" />
  <testcase classname="ptolemy.util.test.junit.AutoTests" name="[72] /home/travis/build/icyphy/ptII/ptolemy/domains/de/test/auto/TransferOutputs2.xml (RunModel)" time="0.015" />
  <testcase classname="ptolemy.util.test.junit.AutoTests" name="[73] /home/travis/build/icyphy/ptII/ptolemy/domains/de/test/auto/Trilateration.xml (RunModel)" time="11.161" />
  <testcase classname="ptolemy.util.test.junit.AutoTests" name="[74] /home/travis/build/icyphy/ptII/ptolemy/domains/de/test/auto/TwoSigmaDelta.xml (RunModel)" time="1.844" />
  <testcase classname="ptolemy.util.test.junit.AutoTests" name="[75] /home/travis/build/icyphy/ptII/ptolemy/domains/de/test/auto/VariableDelay.xml (RunModel)" time="0.011" />
  <testcase classname="ptolemy.util.test.junit.AutoTests" name="[76] /home/travis/build/icyphy/ptII/ptolemy/domains/de/test/auto/VariableDelay2.xml (RunModel)" time="0.007" />
  <testcase classname="ptolemy.util.test.junit.AutoTests" name="[77] /home/travis/build/icyphy/ptII/ptolemy/domains/de/test/auto/VariableDelayZeroDelay.xml (RunModel)" time="0.01" />
  <testcase classname="ptolemy.util.test.junit.AutoTests" name="[78] /home/travis/build/icyphy/ptII/ptolemy/domains/de/test/auto/VariableDelayZeroDelay2.xml (RunModel)" time="0.009" />
  <testcase classname="ptolemy.util.test.junit.AutoTests" name="[79] /home/travis/build/icyphy/ptII/ptolemy/domains/de/test/auto/deInCt.xml (RunModel)" time="0.017" />
  <testcase classname="ptolemy.util.test.junit.AutoTests" name="[80] /home/travis/build/icyphy/ptII/ptolemy/domains/de/test/auto/deInCt2.xml (RunModel)" time="0.012" />
  <testcase classname="ptolemy.util.test.junit.AutoTests" name="[81] /home/travis/build/icyphy/ptII/ptolemy/domains/de/test/auto/dynamicCausalityInterface1.xml (RunModel)" time="0.016" />
  <testcase classname="ptolemy.util.test.junit.AutoTests" name="[82] /home/travis/build/icyphy/ptII/ptolemy/domains/de/test/auto/fsm_de_test.xml (RunModel)" time="0.019" />
  <testcase classname="ptolemy.util.test.junit.AutoTests" name="[83] /home/travis/build/icyphy/ptII/ptolemy/domains/de/test/auto/functionDependencyReconstruction.xml (RunModel)" time="0.028" />
  <testcase classname="ptolemy.util.test.junit.AutoTests" name="[84] /home/travis/build/icyphy/ptII/ptolemy/domains/de/test/auto/multirate.xml (RunModel)" time="0.014" />
  <testcase classname="ptolemy.util.test.junit.AutoTests" name="[85] /home/travis/build/icyphy/ptII/ptolemy/domains/de/test/auto/multirate2.xml (RunModel)" time="0.013" />
  <testcase classname="ptolemy.util.test.junit.AutoTests" name="[86] /home/travis/build/icyphy/ptII/ptolemy/domains/de/test/auto/realtime.xml (RunModel)" time="10.01" />
  <testcase classname="ptolemy.util.test.junit.AutoTests" name="[87] /home/travis/build/icyphy/ptII/ptolemy/domains/de/test/auto/relationGroup.xml (RunModel)" time="0.008" />
  <testcase classname="ptolemy.util.test.junit.AutoTests" name="[88] /home/travis/build/icyphy/ptII/ptolemy/domains/de/test/auto/relationGroup2.xml (RunModel)" time="0.009" />
  <testcase classname="ptolemy.util.test.junit.AutoTests" name="[89] /home/travis/build/icyphy/ptII/ptolemy/domains/de/test/auto/sortWithOpaquePorts.xml (RunModel)" time="0.01" />
  <testcase classname="ptolemy.util.test.junit.AutoTests" name="[90] /home/travis/build/icyphy/ptII/ptolemy/domains/de/test/auto/transferInputsandOutputs.xml (RunModel)" time="0.019" />
  <testcase classname="ptolemy.util.test.junit.AutoTests" name="[91] /home/travis/build/icyphy/ptII/ptolemy/domains/de/test/auto/triggerType.xml (RunModel)" time="0.01" />
  <system-out><![CDATA[/home/travis/build/icyphy/ptII/ptolemy/domains/de/test/DependencyLoop.tcl
testDefs.tcl: setting time out to 9000 seconds at Wed May 16 16:48:43 UTC 2018
11 ms. Memory: 116224K Free: 95066K (82%)
7 ms. Memory: 116224K Free: 107635K (93%)
/home/travis/build/icyphy/ptII/ptolemy/domains/de/test/RunDETestsAsQSS.tcl
Run the DE tests using ptolemy.domains.qss.test.QSSDirectorTest, which extends QSSDirector and prints a message in the constructors.
------------------ testing $PTII/ptolemy/domains/de/test/auto/knownFailedTests/dependencyLoop.xml (Known Failure) 
7 ms. Memory: 116224K Free: 104477K (90%)


==== $PTIIhome/travis/build/icyphy/ptII/ptolemy/domains/de/test/../../../../: Auto Automatic test in file $PTII/ptolemy/domains/de/test/auto/knownFailedTests/dependencyLoop.xml
==== Contents of test case:

	    # FIXME: we should use $relativeFilename here, but it
	    # might have backslashes under Windows, which causes no end
	    # of trouble.
	    createAndExecute $file
	    list {}
	
.... Test generated KNOWN error:
    while executing
ptolemy.kernel.util.IllegalActionException: Found a zero delay loop containing .dependencyLoop.original
  in .dependencyLoop and .dependencyLoop.original
	at ptolemy.actor.util.CausalityInterfaceForComposites._computeOutputPortDepth(CausalityInterfaceForComposites.java:759)
	at ptolemy.actor.util.CausalityInterfaceForComposites._computeInputDepth(CausalityInterfaceForComposites.java:696)
	at ptolemy.actor.util.CausalityInterfaceForComposites._computeOutputPortDepth(CausalityInterfaceForComposites.java:765)
	at ptolemy.actor.util.CausalityInterfaceForComposites._computeInputDepth(CausalityInterfaceForComposites.java:696)
	at ptolemy.actor.util.CausalityInterfaceForComposites._computeOutputPortDepth(CausalityInterfaceForComposites.java:765)
	at ptolemy.actor.util.CausalityInterfaceForComposites._computeInputDepth(CausalityInterfaceForComposites.java:696)
	at ptolemy.actor.util.CausalityInterfaceForComposites._computeActorDepth(CausalityInterfaceForComposites.java:532)
	at ptolemy.actor.util.CausalityInterfaceForComposites.checkForCycles(CausalityInterfaceForComposites.java:96)
	at ptolemy.domains.de.kernel.DEDirector.preinitialize(DEDirector.java:1337)
	at ptolemy.actor.CompositeActor.preinitialize(CompositeActor.java:1828)
	at ptolemy.actor.Manager.preinitializeAndResolveTypes(Manager.java:1040)
	at ptolemy.actor.Manager.initialize(Manager.java:710)
	at ptolemy.actor.Manager.execute(Manager.java:356)
	at ptolemy.actor.Manager.run(Manager.java:1263)
	at ptolemy.actor.Manager$PtolemyRunThread.run(Manager.java:1915)

    while executing
ptolemy.kernel.util.IllegalActionException: Found a zero delay loop containing .dependencyLoop.original
  in .dependencyLoop and .dependencyLoop.original
    while executing
"java::new ptolemy.moml.MoMLSimpleApplication $file
"
    (procedure "createAndExecute" line 2)
    invoked from within
"createAndExecute $file"
    ("uplevel" body line 5)
    invoked from within
"uplevel $contents_of_test"
------------------ testing $PTII/ptolemy/domains/de/test/auto/knownFailedTests/DESDFClockTest.xml (Known Failure) 
2065 ms. Memory: 116224K Free: 89656K (77%)


==== $PTIIhome/travis/build/icyphy/ptII/ptolemy/domains/de/test/../../../../: Auto Automatic test in file $PTII/ptolemy/domains/de/test/auto/knownFailedTests/DESDFClockTest.xml
==== Contents of test case:

	    # FIXME: we should use $relativeFilename here, but it
	    # might have backslashes under Windows, which causes no end
	    # of trouble.
	    createAndExecute $file
	    list {}
	
.... Test generated KNOWN error:
    while executing
ptolemy.kernel.util.IllegalActionException: Actor is not ready to fire.  Perhaps UpSample.prefire() returned false? Try debugging the actor by selecting "Listen to Actor".  Also, for SDF check moml for tokenConsumptionRate on input.
  in .DESDFClockTest.Play Bell.Copy1:SDF Director and .DESDFClockTest.Play Bell.UpSample
	at ptolemy.actor.sched.StaticSchedulingDirector.fire(StaticSchedulingDirector.java:227)
	at ptolemy.domains.sdf.kernel.SDFDirector.fire(SDFDirector.java:500)
	at ptolemy.actor.CompositeActor.fire(CompositeActor.java:455)
	at ptolemy.domains.de.kernel.DEDirector._fire(DEDirector.java:1948)
	at ptolemy.domains.de.kernel.DEDirector.fire(DEDirector.java:502)
	at ptolemy.actor.CompositeActor.fire(CompositeActor.java:455)
	at ptolemy.actor.Manager.iterate(Manager.java:851)
	at ptolemy.actor.Manager.execute(Manager.java:369)
	at ptolemy.actor.Manager.run(Manager.java:1263)
	at ptolemy.actor.Manager$PtolemyRunThread.run(Manager.java:1915)

    while executing
ptolemy.kernel.util.IllegalActionException: Actor is not ready to fire.  Perhaps UpSample.prefire() returned false? Try debugging the actor by selecting "Listen to Actor".  Also, for SDF check moml for tokenConsumptionRate on input.
  in .DESDFClockTest.Play Bell.Copy1:SDF Director and .DESDFClockTest.Play Bell.UpSample
    while executing
"java::new ptolemy.moml.MoMLSimpleApplication $file
"
    (procedure "createAndExecute" line 2)
    invoked from within
"createAndExecute $file"
    ("uplevel" body line 5)
    invoked from within
"uplevel $contents_of_test"
------------------ testing $PTII/ptolemy/domains/de/test/auto/knownFailedTests/FSMSource.xml (Known Failure) 
42 ms. Memory: 116224K Free: 111638K (96%)
!!!! Auto was marked as failing, but now passes
------------------ testing $PTII/ptolemy/domains/de/test/auto/knownFailedTests/dependencyLoop2.xml (Known Failure) 
4 ms. Memory: 116224K Free: 93863K (81%)


==== $PTIIhome/travis/build/icyphy/ptII/ptolemy/domains/de/test/../../../../: Auto Automatic test in file $PTII/ptolemy/domains/de/test/auto/knownFailedTests/dependencyLoop2.xml
==== Contents of test case:

	    # FIXME: we should use $relativeFilename here, but it
	    # might have backslashes under Windows, which causes no end
	    # of trouble.
	    createAndExecute $file
	    list {}
	
.... Test generated KNOWN error:
    while executing
ptolemy.kernel.util.IllegalActionException: Found a zero delay loop containing .dependencyLoop2.original
  in .dependencyLoop2 and .dependencyLoop2.original
	at ptolemy.actor.util.CausalityInterfaceForComposites._computeOutputPortDepth(CausalityInterfaceForComposites.java:759)
	at ptolemy.actor.util.CausalityInterfaceForComposites._computeInputDepth(CausalityInterfaceForComposites.java:696)
	at ptolemy.actor.util.CausalityInterfaceForComposites._computeOutputPortDepth(CausalityInterfaceForComposites.java:765)
	at ptolemy.actor.util.CausalityInterfaceForComposites._computeInputDepth(CausalityInterfaceForComposites.java:696)
	at ptolemy.actor.util.CausalityInterfaceForComposites._computeOutputPortDepth(CausalityInterfaceForComposites.java:765)
	at ptolemy.actor.util.CausalityInterfaceForComposites._computeInputDepth(CausalityInterfaceForComposites.java:696)
	at ptolemy.actor.util.CausalityInterfaceForComposites._computeActorDepth(CausalityInterfaceForComposites.java:532)
	at ptolemy.actor.util.CausalityInterfaceForComposites.checkForCycles(CausalityInterfaceForComposites.java:96)
	at ptolemy.domains.de.kernel.DEDirector.preinitialize(DEDirector.java:1337)
	at ptolemy.actor.CompositeActor.preinitialize(CompositeActor.java:1828)
	at ptolemy.actor.Manager.preinitializeAndResolveTypes(Manager.java:1040)
	at ptolemy.actor.Manager.initialize(Manager.java:710)
	at ptolemy.actor.Manager.execute(Manager.java:356)
	at ptolemy.actor.Manager.run(Manager.java:1263)
	at ptolemy.actor.Manager$PtolemyRunThread.run(Manager.java:1915)

    while executing
ptolemy.kernel.util.IllegalActionException: Found a zero delay loop containing .dependencyLoop2.original
  in .dependencyLoop2 and .dependencyLoop2.original
    while executing
"java::new ptolemy.moml.MoMLSimpleApplication $file
"
    (procedure "createAndExecute" line 2)
    invoked from within
"createAndExecute $file"
    ("uplevel" body line 5)
    invoked from within
"uplevel $contents_of_test"
------------------ testing $PTII/ptolemy/domains/de/test/auto/knownFailedTests/HierarchicalModel.xml (Known Failure) 
4 ms. Memory: 146944K Free: 134651K (92%)


==== $PTIIhome/travis/build/icyphy/ptII/ptolemy/domains/de/test/../../../../: Auto Automatic test in file $PTII/ptolemy/domains/de/test/auto/knownFailedTests/HierarchicalModel.xml
==== Contents of test case:

	    # FIXME: we should use $relativeFilename here, but it
	    # might have backslashes under Windows, which causes no end
	    # of trouble.
	    createAndExecute $file
	    list {}
	
.... Test generated KNOWN error:
    while executing
ptolemy.kernel.util.IllegalActionException: Found a zero delay loop containing .HierarchicalModel.A
  in .HierarchicalModel and .HierarchicalModel.A
	at ptolemy.actor.util.CausalityInterfaceForComposites._computeOutputPortDepth(CausalityInterfaceForComposites.java:759)
	at ptolemy.actor.util.CausalityInterfaceForComposites._computeInputDepth(CausalityInterfaceForComposites.java:696)
	at ptolemy.actor.util.CausalityInterfaceForComposites._computeOutputPortDepth(CausalityInterfaceForComposites.java:765)
	at ptolemy.actor.util.CausalityInterfaceForComposites._computeInputDepth(CausalityInterfaceForComposites.java:696)
	at ptolemy.actor.util.CausalityInterfaceForComposites._computeOutputPortDepth(CausalityInterfaceForComposites.java:765)
	at ptolemy.actor.util.CausalityInterfaceForComposites._computeInputDepth(CausalityInterfaceForComposites.java:696)
	at ptolemy.actor.util.CausalityInterfaceForComposites._computeActorDepth(CausalityInterfaceForComposites.java:532)
	at ptolemy.actor.util.CausalityInterfaceForComposites.checkForCycles(CausalityInterfaceForComposites.java:96)
	at ptolemy.domains.de.kernel.DEDirector.preinitialize(DEDirector.java:1337)
	at ptolemy.actor.CompositeActor.preinitialize(CompositeActor.java:1828)
	at ptolemy.actor.Manager.preinitializeAndResolveTypes(Manager.java:1040)
	at ptolemy.actor.Manager.initialize(Manager.java:710)
	at ptolemy.actor.Manager.execute(Manager.java:356)
	at ptolemy.actor.Manager.run(Manager.java:1263)
	at ptolemy.actor.Manager$PtolemyRunThread.run(Manager.java:1915)

    while executing
ptolemy.kernel.util.IllegalActionException: Found a zero delay loop containing .HierarchicalModel.A
  in .HierarchicalModel and .HierarchicalModel.A
    while executing
"java::new ptolemy.moml.MoMLSimpleApplication $file
"
    (procedure "createAndExecute" line 2)
    invoked from within
"createAndExecute $file"
    ("uplevel" body line 5)
    invoked from within
"uplevel $contents_of_test"
------------------ testing $PTII/ptolemy/domains/de/test/auto/knownFailedTests/DirectFeedback.xml (Known Failure) 
7 ms. Memory: 146944K Free: 129411K (88%)


==== $PTIIhome/travis/build/icyphy/ptII/ptolemy/domains/de/test/../../../../: Auto Automatic test in file $PTII/ptolemy/domains/de/test/auto/knownFailedTests/DirectFeedback.xml
==== Contents of test case:

	    # FIXME: we should use $relativeFilename here, but it
	    # might have backslashes under Windows, which causes no end
	    # of trouble.
	    createAndExecute $file
	    list {}
	
.... Test generated KNOWN error:
    while executing
ptolemy.kernel.util.IllegalActionException: Test fails in iteration 1.
Value was: 1.0. Should have been: 2.0
  in .DirectFeedback.Test
	at ptolemy.actor.lib.Test.fire(Test.java:268)
	at ptolemy.domains.de.kernel.DEDirector._fire(DEDirector.java:1948)
	at ptolemy.domains.de.kernel.DEDirector.fire(DEDirector.java:502)
	at ptolemy.actor.CompositeActor.fire(CompositeActor.java:455)
	at ptolemy.actor.Manager.iterate(Manager.java:851)
	at ptolemy.actor.Manager.execute(Manager.java:369)
	at ptolemy.actor.Manager.run(Manager.java:1263)
	at ptolemy.actor.Manager$PtolemyRunThread.run(Manager.java:1915)

    while executing
ptolemy.kernel.util.IllegalActionException: Test fails in iteration 1.
Value was: 1.0. Should have been: 2.0
  in .DirectFeedback.Test
    while executing
"java::new ptolemy.moml.MoMLSimpleApplication $file
"
    (procedure "createAndExecute" line 2)
    invoked from within
"createAndExecute $file"
    ("uplevel" body line 5)
    invoked from within
"uplevel $contents_of_test"
------------------ testing $PTII/ptolemy/domains/de/test/auto/ActorDepthCalculation_actorWithoutPorts.xml
auto.tcl: Setting watchdog for 200 seconds at Wed May 16 16:48:46 UTC 2018
5 ms. Memory: 146944K Free: 121625K (83%)
ptolemy.util.test.WatchDog.cancel(): canceling Wed May 16 16:48:46 UTC 2018
auto.tcl: Setting watchdog for 200 seconds at Wed May 16 16:48:46 UTC 2018
4 ms. Memory: 146944K Free: 120560K (82%)
ptolemy.util.test.WatchDog.cancel(): canceling Wed May 16 16:48:46 UTC 2018
------------------ testing $PTII/ptolemy/domains/de/test/auto/AssemblyLine.xml
auto.tcl: Setting watchdog for 200 seconds at Wed May 16 16:48:47 UTC 2018
20 ms. Memory: 146944K Free: 127589K (87%)
ptolemy.util.test.WatchDog.cancel(): canceling Wed May 16 16:48:47 UTC 2018
auto.tcl: Setting watchdog for 200 seconds at Wed May 16 16:48:47 UTC 2018
6 ms. Memory: 146944K Free: 126537K (86%)
ptolemy.util.test.WatchDog.cancel(): canceling Wed May 16 16:48:47 UTC 2018
------------------ testing $PTII/ptolemy/domains/de/test/auto/CQBug1.xml
auto.tcl: Setting watchdog for 200 seconds at Wed May 16 16:48:47 UTC 2018
7 ms. Memory: 146944K Free: 138323K (94%)
ptolemy.util.test.WatchDog.cancel(): canceling Wed May 16 16:48:47 UTC 2018
auto.tcl: Setting watchdog for 200 seconds at Wed May 16 16:48:47 UTC 2018
2 ms. Memory: 146944K Free: 138323K (94%)
ptolemy.util.test.WatchDog.cancel(): canceling Wed May 16 16:48:47 UTC 2018
------------------ testing $PTII/ptolemy/domains/de/test/auto/CancelFireAt.xml
auto.tcl: Setting watchdog for 200 seconds at Wed May 16 16:48:47 UTC 2018
11 ms. Memory: 146944K Free: 140413K (96%)
ptolemy.util.test.WatchDog.cancel(): canceling Wed May 16 16:48:47 UTC 2018
auto.tcl: Setting watchdog for 200 seconds at Wed May 16 16:48:47 UTC 2018
3 ms. Memory: 146944K Free: 139361K (95%)
ptolemy.util.test.WatchDog.cancel(): canceling Wed May 16 16:48:47 UTC 2018
------------------ testing $PTII/ptolemy/domains/de/test/auto/CausalityAndComposabilityAnalysis.xml
auto.tcl: Setting watchdog for 200 seconds at Wed May 16 16:48:47 UTC 2018
16 ms. Memory: 146944K Free: 138002K (94%)
ptolemy.util.test.WatchDog.cancel(): canceling Wed May 16 16:48:47 UTC 2018
auto.tcl: Setting watchdog for 200 seconds at Wed May 16 16:48:47 UTC 2018
9 ms. Memory: 146944K Free: 136950K (93%)
ptolemy.util.test.WatchDog.cancel(): canceling Wed May 16 16:48:47 UTC 2018
------------------ testing $PTII/ptolemy/domains/de/test/auto/CausalityInterface1.xml
auto.tcl: Setting watchdog for 200 seconds at Wed May 16 16:48:47 UTC 2018
19 ms. Memory: 146944K Free: 136272K (93%)
ptolemy.util.test.WatchDog.cancel(): canceling Wed May 16 16:48:47 UTC 2018
auto.tcl: Setting watchdog for 200 seconds at Wed May 16 16:48:47 UTC 2018
4 ms. Memory: 146944K Free: 136272K (93%)
ptolemy.util.test.WatchDog.cancel(): canceling Wed May 16 16:48:47 UTC 2018
------------------ testing $PTII/ptolemy/domains/de/test/auto/CausalityInterface15.xml
auto.tcl: Setting watchdog for 200 seconds at Wed May 16 16:48:47 UTC 2018
8 ms. Memory: 146944K Free: 135211K (92%)
ptolemy.util.test.WatchDog.cancel(): canceling Wed May 16 16:48:48 UTC 2018
auto.tcl: Setting watchdog for 200 seconds at Wed May 16 16:48:48 UTC 2018
3 ms. Memory: 146944K Free: 135211K (92%)
ptolemy.util.test.WatchDog.cancel(): canceling Wed May 16 16:48:48 UTC 2018
------------------ testing $PTII/ptolemy/domains/de/test/auto/CausalityInterface2.xml
auto.tcl: Setting watchdog for 200 seconds at Wed May 16 16:48:48 UTC 2018
7 ms. Memory: 146944K Free: 136246K (93%)
ptolemy.util.test.WatchDog.cancel(): canceling Wed May 16 16:48:48 UTC 2018
auto.tcl: Setting watchdog for 200 seconds at Wed May 16 16:48:48 UTC 2018
3 ms. Memory: 146944K Free: 136246K (93%)
ptolemy.util.test.WatchDog.cancel(): canceling Wed May 16 16:48:48 UTC 2018
------------------ testing $PTII/ptolemy/domains/de/test/auto/CausalityInterface3.xml
auto.tcl: Setting watchdog for 200 seconds at Wed May 16 16:48:48 UTC 2018
4 ms. Memory: 146944K Free: 136258K (93%)
ptolemy.util.test.WatchDog.cancel(): canceling Wed May 16 16:48:48 UTC 2018
auto.tcl: Setting watchdog for 200 seconds at Wed May 16 16:48:48 UTC 2018
3 ms. Memory: 146944K Free: 135206K (92%)
ptolemy.util.test.WatchDog.cancel(): canceling Wed May 16 16:48:48 UTC 2018
------------------ testing $PTII/ptolemy/domains/de/test/auto/ClockDrift.xml
auto.tcl: Setting watchdog for 200 seconds at Wed May 16 16:48:48 UTC 2018
59 ms. Memory: 146944K Free: 128091K (87%)
ptolemy.util.test.WatchDog.cancel(): canceling Wed May 16 16:48:48 UTC 2018
auto.tcl: Setting watchdog for 200 seconds at Wed May 16 16:48:48 UTC 2018
61 ms. Memory: 146944K Free: 124935K (85%)
ptolemy.util.test.WatchDog.cancel(): canceling Wed May 16 16:48:48 UTC 2018
------------------ testing $PTII/ptolemy/domains/de/test/auto/ClockDriftAndValueChange.xml
auto.tcl: Setting watchdog for 200 seconds at Wed May 16 16:48:48 UTC 2018
46 ms. Memory: 146944K Free: 127924K (87%)
ptolemy.util.test.WatchDog.cancel(): canceling Wed May 16 16:48:48 UTC 2018
auto.tcl: Setting watchdog for 200 seconds at Wed May 16 16:48:48 UTC 2018
35 ms. Memory: 146944K Free: 124768K (85%)
ptolemy.util.test.WatchDog.cancel(): canceling Wed May 16 16:48:48 UTC 2018
------------------ testing $PTII/ptolemy/domains/de/test/auto/ClockDriftChange.xml
auto.tcl: Setting watchdog for 200 seconds at Wed May 16 16:48:48 UTC 2018
21 ms. Memory: 146944K Free: 130611K (89%)
ptolemy.util.test.WatchDog.cancel(): canceling Wed May 16 16:48:48 UTC 2018
auto.tcl: Setting watchdog for 200 seconds at Wed May 16 16:48:48 UTC 2018
23 ms. Memory: 146944K Free: 128507K (87%)
ptolemy.util.test.WatchDog.cancel(): canceling Wed May 16 16:48:48 UTC 2018
------------------ testing $PTII/ptolemy/domains/de/test/auto/ComposableCausalityAnalysis.xml
auto.tcl: Setting watchdog for 200 seconds at Wed May 16 16:48:48 UTC 2018
2 ms. Memory: 146944K Free: 135162K (92%)
ptolemy.util.test.WatchDog.cancel(): canceling Wed May 16 16:48:48 UTC 2018
auto.tcl: Setting watchdog for 200 seconds at Wed May 16 16:48:48 UTC 2018
3 ms. Memory: 146944K Free: 134001K (91%)
ptolemy.util.test.WatchDog.cancel(): canceling Wed May 16 16:48:48 UTC 2018
------------------ testing $PTII/ptolemy/domains/de/test/auto/DEFixedPointLimitation.xml
auto.tcl: Setting watchdog for 200 seconds at Wed May 16 16:48:48 UTC 2018
2 ms. Memory: 146944K Free: 136185K (93%)
ptolemy.util.test.WatchDog.cancel(): canceling Wed May 16 16:48:48 UTC 2018
auto.tcl: Setting watchdog for 200 seconds at Wed May 16 16:48:48 UTC 2018
1 ms. Memory: 146944K Free: 136185K (93%)
ptolemy.util.test.WatchDog.cancel(): canceling Wed May 16 16:48:48 UTC 2018
------------------ testing $PTII/ptolemy/domains/de/test/auto/DEScheduleTest.xml
auto.tcl: Setting watchdog for 200 seconds at Wed May 16 16:48:48 UTC 2018
4 ms. Memory: 146944K Free: 137273K (93%)
ptolemy.util.test.WatchDog.cancel(): canceling Wed May 16 16:48:49 UTC 2018
auto.tcl: Setting watchdog for 200 seconds at Wed May 16 16:48:49 UTC 2018
6 ms. Memory: 146944K Free: 136221K (93%)
ptolemy.util.test.WatchDog.cancel(): canceling Wed May 16 16:48:49 UTC 2018
------------------ testing $PTII/ptolemy/domains/de/test/auto/DEinDEwithStartTimes.xml
auto.tcl: Setting watchdog for 200 seconds at Wed May 16 16:48:49 UTC 2018
3 ms. Memory: 146944K Free: 136191K (93%)
ptolemy.util.test.WatchDog.cancel(): canceling Wed May 16 16:48:49 UTC 2018
auto.tcl: Setting watchdog for 200 seconds at Wed May 16 16:48:49 UTC 2018
3 ms. Memory: 146944K Free: 134086K (91%)
ptolemy.util.test.WatchDog.cancel(): canceling Wed May 16 16:48:49 UTC 2018
------------------ testing $PTII/ptolemy/domains/de/test/auto/DEinDEwithStartTimes2.xml
auto.tcl: Setting watchdog for 200 seconds at Wed May 16 16:48:49 UTC 2018
7 ms. Memory: 146944K Free: 135118K (92%)
ptolemy.util.test.WatchDog.cancel(): canceling Wed May 16 16:48:49 UTC 2018
auto.tcl: Setting watchdog for 200 seconds at Wed May 16 16:48:49 UTC 2018
3 ms. Memory: 146944K Free: 134066K (91%)
ptolemy.util.test.WatchDog.cancel(): canceling Wed May 16 16:48:49 UTC 2018
------------------ testing $PTII/ptolemy/domains/de/test/auto/DateDemo.xml
auto.tcl: Setting watchdog for 200 seconds at Wed May 16 16:48:49 UTC 2018
7 ms. Memory: 146944K Free: 129177K (88%)
ptolemy.util.test.WatchDog.cancel(): canceling Wed May 16 16:48:49 UTC 2018
auto.tcl: Setting watchdog for 200 seconds at Wed May 16 16:48:49 UTC 2018
6 ms. Memory: 146944K Free: 127073K (86%)
ptolemy.util.test.WatchDog.cancel(): canceling Wed May 16 16:48:49 UTC 2018
------------------ testing $PTII/ptolemy/domains/de/test/auto/DateToEvent.xml
auto.tcl: Setting watchdog for 200 seconds at Wed May 16 16:48:49 UTC 2018
2023 ms. Memory: 146944K Free: 122051K (83%)
ptolemy.util.test.WatchDog.cancel(): canceling Wed May 16 16:48:51 UTC 2018
auto.tcl: Setting watchdog for 200 seconds at Wed May 16 16:48:51 UTC 2018
2006 ms. Memory: 146944K Free: 120999K (82%)
ptolemy.util.test.WatchDog.cancel(): canceling Wed May 16 16:48:53 UTC 2018
------------------ testing $PTII/ptolemy/domains/de/test/auto/DepthTest1.xml
auto.tcl: Setting watchdog for 200 seconds at Wed May 16 16:48:53 UTC 2018
3 ms. Memory: 146944K Free: 138576K (94%)
ptolemy.util.test.WatchDog.cancel(): canceling Wed May 16 16:48:53 UTC 2018
auto.tcl: Setting watchdog for 200 seconds at Wed May 16 16:48:53 UTC 2018
4 ms. Memory: 146944K Free: 138576K (94%)
ptolemy.util.test.WatchDog.cancel(): canceling Wed May 16 16:48:53 UTC 2018
------------------ testing $PTII/ptolemy/domains/de/test/auto/DepthTest2.xml
auto.tcl: Setting watchdog for 200 seconds at Wed May 16 16:48:53 UTC 2018
2 ms. Memory: 146944K Free: 134152K (91%)
ptolemy.util.test.WatchDog.cancel(): canceling Wed May 16 16:48:53 UTC 2018
auto.tcl: Setting watchdog for 200 seconds at Wed May 16 16:48:53 UTC 2018
3 ms. Memory: 146944K Free: 134152K (91%)
ptolemy.util.test.WatchDog.cancel(): canceling Wed May 16 16:48:53 UTC 2018
------------------ testing $PTII/ptolemy/domains/de/test/auto/DepthTest3.xml
auto.tcl: Setting watchdog for 200 seconds at Wed May 16 16:48:53 UTC 2018
2 ms. Memory: 146944K Free: 138879K (95%)
ptolemy.util.test.WatchDog.cancel(): canceling Wed May 16 16:48:53 UTC 2018
auto.tcl: Setting watchdog for 200 seconds at Wed May 16 16:48:53 UTC 2018
2 ms. Memory: 146944K Free: 138879K (95%)
ptolemy.util.test.WatchDog.cancel(): canceling Wed May 16 16:48:53 UTC 2018
------------------ testing $PTII/ptolemy/domains/de/test/auto/DepthTest4.xml
auto.tcl: Setting watchdog for 200 seconds at Wed May 16 16:48:53 UTC 2018
9 ms. Memory: 146944K Free: 136137K (93%)
ptolemy.util.test.WatchDog.cancel(): canceling Wed May 16 16:48:53 UTC 2018
auto.tcl: Setting watchdog for 200 seconds at Wed May 16 16:48:53 UTC 2018
2 ms. Memory: 146944K Free: 135077K (92%)
ptolemy.util.test.WatchDog.cancel(): canceling Wed May 16 16:48:53 UTC 2018
------------------ testing $PTII/ptolemy/domains/de/test/auto/DepthTest5.xml
auto.tcl: Setting watchdog for 200 seconds at Wed May 16 16:48:53 UTC 2018
2 ms. Memory: 146944K Free: 135143K (92%)
ptolemy.util.test.WatchDog.cancel(): canceling Wed May 16 16:48:53 UTC 2018
auto.tcl: Setting watchdog for 200 seconds at Wed May 16 16:48:53 UTC 2018
2 ms. Memory: 146944K Free: 135143K (92%)
ptolemy.util.test.WatchDog.cancel(): canceling Wed May 16 16:48:53 UTC 2018
------------------ testing $PTII/ptolemy/domains/de/test/auto/DepthTest6.xml
auto.tcl: Setting watchdog for 200 seconds at Wed May 16 16:48:53 UTC 2018
6 ms. Memory: 146944K Free: 134994K (92%)
ptolemy.util.test.WatchDog.cancel(): canceling Wed May 16 16:48:53 UTC 2018
auto.tcl: Setting watchdog for 200 seconds at Wed May 16 16:48:53 UTC 2018
2 ms. Memory: 146944K Free: 134994K (92%)
ptolemy.util.test.WatchDog.cancel(): canceling Wed May 16 16:48:53 UTC 2018
------------------ testing $PTII/ptolemy/domains/de/test/auto/DepthTest7.xml
auto.tcl: Setting watchdog for 200 seconds at Wed May 16 16:48:53 UTC 2018
3 ms. Memory: 146944K Free: 136059K (93%)
ptolemy.util.test.WatchDog.cancel(): canceling Wed May 16 16:48:53 UTC 2018
auto.tcl: Setting watchdog for 200 seconds at Wed May 16 16:48:53 UTC 2018
2 ms. Memory: 146944K Free: 134998K (92%)
ptolemy.util.test.WatchDog.cancel(): canceling Wed May 16 16:48:53 UTC 2018
------------------ testing $PTII/ptolemy/domains/de/test/auto/EventToDate.xml
auto.tcl: Setting watchdog for 200 seconds at Wed May 16 16:48:53 UTC 2018
3011 ms. Memory: 146944K Free: 125503K (85%)
ptolemy.util.test.WatchDog.cancel(): canceling Wed May 16 16:48:57 UTC 2018
auto.tcl: Setting watchdog for 200 seconds at Wed May 16 16:48:57 UTC 2018
3003 ms. Memory: 146944K Free: 125503K (85%)
ptolemy.util.test.WatchDog.cancel(): canceling Wed May 16 16:49:00 UTC 2018
------------------ testing $PTII/ptolemy/domains/de/test/auto/FSM1.xml
auto.tcl: Setting watchdog for 200 seconds at Wed May 16 16:49:00 UTC 2018
27 ms. Memory: 146944K Free: 127991K (87%)
ptolemy.util.test.WatchDog.cancel(): canceling Wed May 16 16:49:00 UTC 2018
auto.tcl: Setting watchdog for 200 seconds at Wed May 16 16:49:00 UTC 2018
18 ms. Memory: 146944K Free: 124803K (85%)
ptolemy.util.test.WatchDog.cancel(): canceling Wed May 16 16:49:00 UTC 2018
------------------ testing $PTII/ptolemy/domains/de/test/auto/FSM7.xml
auto.tcl: Setting watchdog for 200 seconds at Wed May 16 16:49:00 UTC 2018
12 ms. Memory: 146944K Free: 127123K (87%)
ptolemy.util.test.WatchDog.cancel(): canceling Wed May 16 16:49:00 UTC 2018
auto.tcl: Setting watchdog for 200 seconds at Wed May 16 16:49:00 UTC 2018
10 ms. Memory: 146944K Free: 123918K (84%)
ptolemy.util.test.WatchDog.cancel(): canceling Wed May 16 16:49:00 UTC 2018
------------------ testing $PTII/ptolemy/domains/de/test/auto/Inspection.xml
auto.tcl: Setting watchdog for 200 seconds at Wed May 16 16:49:00 UTC 2018
22 ms. Memory: 146944K Free: 127933K (87%)
ptolemy.util.test.WatchDog.cancel(): canceling Wed May 16 16:49:00 UTC 2018
auto.tcl: Setting watchdog for 200 seconds at Wed May 16 16:49:00 UTC 2018
19 ms. Memory: 146944K Free: 125812K (86%)
ptolemy.util.test.WatchDog.cancel(): canceling Wed May 16 16:49:00 UTC 2018
------------------ testing $PTII/ptolemy/domains/de/test/auto/Iteration.xml
auto.tcl: Setting watchdog for 200 seconds at Wed May 16 16:49:00 UTC 2018
7 ms. Memory: 146944K Free: 133856K (91%)
ptolemy.util.test.WatchDog.cancel(): canceling Wed May 16 16:49:00 UTC 2018
auto.tcl: Setting watchdog for 200 seconds at Wed May 16 16:49:00 UTC 2018
10 ms. Memory: 146944K Free: 132694K (90%)
ptolemy.util.test.WatchDog.cancel(): canceling Wed May 16 16:49:00 UTC 2018
------------------ testing $PTII/ptolemy/domains/de/test/auto/LineFault.xml
auto.tcl: Setting watchdog for 200 seconds at Wed May 16 16:49:00 UTC 2018
569 ms. Memory: 146944K Free: 138154K (94%)
ptolemy.util.test.WatchDog.cancel(): canceling Wed May 16 16:49:01 UTC 2018
auto.tcl: Setting watchdog for 200 seconds at Wed May 16 16:49:01 UTC 2018
509 ms. Memory: 146944K Free: 81774K (56%)
ptolemy.util.test.WatchDog.cancel(): canceling Wed May 16 16:49:01 UTC 2018
------------------ testing $PTII/ptolemy/domains/de/test/auto/MergeModel1Add.xml
auto.tcl: Setting watchdog for 200 seconds at Wed May 16 16:49:01 UTC 2018
34 ms. Memory: 209920K Free: 180367K (86%)
ptolemy.util.test.WatchDog.cancel(): canceling Wed May 16 16:49:01 UTC 2018
auto.tcl: Setting watchdog for 200 seconds at Wed May 16 16:49:01 UTC 2018
12 ms. Memory: 209920K Free: 178478K (85%)
ptolemy.util.test.WatchDog.cancel(): canceling Wed May 16 16:49:02 UTC 2018
------------------ testing $PTII/ptolemy/domains/de/test/auto/MergeModel2Add.xml
auto.tcl: Setting watchdog for 200 seconds at Wed May 16 16:49:02 UTC 2018
12 ms. Memory: 210432K Free: 184162K (88%)
ptolemy.util.test.WatchDog.cancel(): canceling Wed May 16 16:49:02 UTC 2018
auto.tcl: Setting watchdog for 200 seconds at Wed May 16 16:49:02 UTC 2018
7 ms. Memory: 210432K Free: 182273K (87%)
ptolemy.util.test.WatchDog.cancel(): canceling Wed May 16 16:49:02 UTC 2018
------------------ testing $PTII/ptolemy/domains/de/test/auto/MergeModel3Add.xml
auto.tcl: Setting watchdog for 200 seconds at Wed May 16 16:49:02 UTC 2018
19 ms. Memory: 209920K Free: 183604K (87%)
ptolemy.util.test.WatchDog.cancel(): canceling Wed May 16 16:49:02 UTC 2018
auto.tcl: Setting watchdog for 200 seconds at Wed May 16 16:49:02 UTC 2018
7 ms. Memory: 209920K Free: 181708K (87%)
ptolemy.util.test.WatchDog.cancel(): canceling Wed May 16 16:49:02 UTC 2018
------------------ testing $PTII/ptolemy/domains/de/test/auto/MergeWithoutDiscard.xml
auto.tcl: Setting watchdog for 200 seconds at Wed May 16 16:49:02 UTC 2018
2 ms. Memory: 210432K Free: 198731K (94%)
ptolemy.util.test.WatchDog.cancel(): canceling Wed May 16 16:49:02 UTC 2018
auto.tcl: Setting watchdog for 200 seconds at Wed May 16 16:49:02 UTC 2018
2 ms. Memory: 210432K Free: 198731K (94%)
ptolemy.util.test.WatchDog.cancel(): canceling Wed May 16 16:49:02 UTC 2018
------------------ testing $PTII/ptolemy/domains/de/test/auto/Modal1.xml
auto.tcl: Setting watchdog for 200 seconds at Wed May 16 16:49:02 UTC 2018
24 ms. Memory: 210432K Free: 190777K (91%)
ptolemy.util.test.WatchDog.cancel(): canceling Wed May 16 16:49:02 UTC 2018
auto.tcl: Setting watchdog for 200 seconds at Wed May 16 16:49:02 UTC 2018
17 ms. Memory: 210432K Free: 186960K (89%)
ptolemy.util.test.WatchDog.cancel(): canceling Wed May 16 16:49:02 UTC 2018
------------------ testing $PTII/ptolemy/domains/de/test/auto/Modal2.xml
auto.tcl: Setting watchdog for 200 seconds at Wed May 16 16:49:02 UTC 2018
16 ms. Memory: 210432K Free: 190635K (91%)
ptolemy.util.test.WatchDog.cancel(): canceling Wed May 16 16:49:02 UTC 2018
auto.tcl: Setting watchdog for 200 seconds at Wed May 16 16:49:02 UTC 2018
16 ms. Memory: 210432K Free: 186810K (89%)
ptolemy.util.test.WatchDog.cancel(): canceling Wed May 16 16:49:02 UTC 2018
------------------ testing $PTII/ptolemy/domains/de/test/auto/Modal3.xml
auto.tcl: Setting watchdog for 200 seconds at Wed May 16 16:49:02 UTC 2018
18 ms. Memory: 209408K Free: 189625K (91%)
ptolemy.util.test.WatchDog.cancel(): canceling Wed May 16 16:49:02 UTC 2018
auto.tcl: Setting watchdog for 200 seconds at Wed May 16 16:49:02 UTC 2018
13 ms. Memory: 209408K Free: 185824K (89%)
ptolemy.util.test.WatchDog.cancel(): canceling Wed May 16 16:49:02 UTC 2018
------------------ testing $PTII/ptolemy/domains/de/test/auto/Modal4.xml
auto.tcl: Setting watchdog for 200 seconds at Wed May 16 16:49:02 UTC 2018
21 ms. Memory: 209920K Free: 190125K (91%)
ptolemy.util.test.WatchDog.cancel(): canceling Wed May 16 16:49:02 UTC 2018
auto.tcl: Setting watchdog for 200 seconds at Wed May 16 16:49:02 UTC 2018
14 ms. Memory: 209920K Free: 186300K (89%)
ptolemy.util.test.WatchDog.cancel(): canceling Wed May 16 16:49:02 UTC 2018
------------------ testing $PTII/ptolemy/domains/de/test/auto/Modal5.xml
auto.tcl: Setting watchdog for 200 seconds at Wed May 16 16:49:02 UTC 2018
18 ms. Memory: 209920K Free: 190215K (91%)
ptolemy.util.test.WatchDog.cancel(): canceling Wed May 16 16:49:02 UTC 2018
auto.tcl: Setting watchdog for 200 seconds at Wed May 16 16:49:02 UTC 2018
12 ms. Memory: 209920K Free: 186406K (89%)
ptolemy.util.test.WatchDog.cancel(): canceling Wed May 16 16:49:02 UTC 2018
------------------ testing $PTII/ptolemy/domains/de/test/auto/Modal6.xml
auto.tcl: Setting watchdog for 200 seconds at Wed May 16 16:49:02 UTC 2018
11 ms. Memory: 209920K Free: 190165K (91%)
ptolemy.util.test.WatchDog.cancel(): canceling Wed May 16 16:49:02 UTC 2018
auto.tcl: Setting watchdog for 200 seconds at Wed May 16 16:49:02 UTC 2018
14 ms. Memory: 209920K Free: 186260K (89%)
ptolemy.util.test.WatchDog.cancel(): canceling Wed May 16 16:49:02 UTC 2018
------------------ testing $PTII/ptolemy/domains/de/test/auto/Modal7.xml
auto.tcl: Setting watchdog for 200 seconds at Wed May 16 16:49:02 UTC 2018
16 ms. Memory: 209920K Free: 188190K (90%)
ptolemy.util.test.WatchDog.cancel(): canceling Wed May 16 16:49:03 UTC 2018
auto.tcl: Setting watchdog for 200 seconds at Wed May 16 16:49:03 UTC 2018
8 ms. Memory: 209920K Free: 186277K (89%)
ptolemy.util.test.WatchDog.cancel(): canceling Wed May 16 16:49:03 UTC 2018
------------------ testing $PTII/ptolemy/domains/de/test/auto/ModalModel.xml
auto.tcl: Setting watchdog for 200 seconds at Wed May 16 16:49:03 UTC 2018
144 ms. Memory: 209920K Free: 129365K (62%)
ptolemy.util.test.WatchDog.cancel(): canceling Wed May 16 16:49:03 UTC 2018
auto.tcl: Setting watchdog for 200 seconds at Wed May 16 16:49:03 UTC 2018
166 ms. Memory: 209920K Free: 197540K (94%)
ptolemy.util.test.WatchDog.cancel(): canceling Wed May 16 16:49:03 UTC 2018
------------------ testing $PTII/ptolemy/domains/de/test/auto/ModalSource.xml
auto.tcl: Setting watchdog for 200 seconds at Wed May 16 16:49:03 UTC 2018
5 ms. Memory: 209920K Free: 195323K (93%)
ptolemy.util.test.WatchDog.cancel(): canceling Wed May 16 16:49:03 UTC 2018
auto.tcl: Setting watchdog for 200 seconds at Wed May 16 16:49:03 UTC 2018
5 ms. Memory: 209920K Free: 193572K (92%)
ptolemy.util.test.WatchDog.cancel(): canceling Wed May 16 16:49:03 UTC 2018
------------------ testing $PTII/ptolemy/domains/de/test/auto/NonInterruptibleTimerZeroDelay.xml
auto.tcl: Setting watchdog for 200 seconds at Wed May 16 16:49:03 UTC 2018
4 ms. Memory: 335872K Free: 325479K (97%)
ptolemy.util.test.WatchDog.cancel(): canceling Wed May 16 16:49:03 UTC 2018
auto.tcl: Setting watchdog for 200 seconds at Wed May 16 16:49:03 UTC 2018
1 ms. Memory: 335872K Free: 321994K (96%)
ptolemy.util.test.WatchDog.cancel(): canceling Wed May 16 16:49:03 UTC 2018
------------------ testing $PTII/ptolemy/domains/de/test/auto/OpenQueueingNetwork.xml
auto.tcl: Setting watchdog for 200 seconds at Wed May 16 16:49:03 UTC 2018
2608 ms. Memory: 336384K Free: 180675K (54%)
ptolemy.util.test.WatchDog.cancel(): canceling Wed May 16 16:49:06 UTC 2018
auto.tcl: Setting watchdog for 200 seconds at Wed May 16 16:49:06 UTC 2018
2233 ms. Memory: 314880K Free: 90082K (29%)
ptolemy.util.test.WatchDog.cancel(): canceling Wed May 16 16:49:08 UTC 2018
------------------ testing $PTII/ptolemy/domains/de/test/auto/OpenQueuingNetwork.xml
auto.tcl: Setting watchdog for 200 seconds at Wed May 16 16:49:08 UTC 2018
223 ms. Memory: 313344K Free: 218231K (70%)
ptolemy.util.test.WatchDog.cancel(): canceling Wed May 16 16:49:09 UTC 2018
auto.tcl: Setting watchdog for 200 seconds at Wed May 16 16:49:09 UTC 2018
208 ms. Memory: 313344K Free: 157488K (50%)
ptolemy.util.test.WatchDog.cancel(): canceling Wed May 16 16:49:09 UTC 2018
------------------ testing $PTII/ptolemy/domains/de/test/auto/PeriodicSampler.xml
auto.tcl: Setting watchdog for 200 seconds at Wed May 16 16:49:09 UTC 2018
2 ms. Memory: 314880K Free: 301945K (96%)
ptolemy.util.test.WatchDog.cancel(): canceling Wed May 16 16:49:09 UTC 2018
auto.tcl: Setting watchdog for 200 seconds at Wed May 16 16:49:09 UTC 2018
1 ms. Memory: 314880K Free: 298677K (95%)
ptolemy.util.test.WatchDog.cancel(): canceling Wed May 16 16:49:09 UTC 2018
------------------ testing $PTII/ptolemy/domains/de/test/auto/PersistentIO.xml
auto.tcl: Setting watchdog for 200 seconds at Wed May 16 16:49:09 UTC 2018
11 ms. Memory: 313344K Free: 296863K (95%)
ptolemy.util.test.WatchDog.cancel(): canceling Wed May 16 16:49:09 UTC 2018
auto.tcl: Setting watchdog for 200 seconds at Wed May 16 16:49:09 UTC 2018
3 ms. Memory: 313344K Free: 293611K (94%)
ptolemy.util.test.WatchDog.cancel(): canceling Wed May 16 16:49:09 UTC 2018
------------------ testing $PTII/ptolemy/domains/de/test/auto/PortParameterResetOnInitialize.xml
auto.tcl: Setting watchdog for 200 seconds at Wed May 16 16:49:09 UTC 2018
4 ms. Memory: 314880K Free: 299138K (95%)
ptolemy.util.test.WatchDog.cancel(): canceling Wed May 16 16:49:09 UTC 2018
auto.tcl: Setting watchdog for 200 seconds at Wed May 16 16:49:09 UTC 2018
1 ms. Memory: 314880K Free: 299138K (95%)
ptolemy.util.test.WatchDog.cancel(): canceling Wed May 16 16:49:09 UTC 2018
------------------ testing $PTII/ptolemy/domains/de/test/auto/PortParameterUpdates.xml
auto.tcl: Setting watchdog for 200 seconds at Wed May 16 16:49:09 UTC 2018
3 ms. Memory: 313344K Free: 300102K (96%)
ptolemy.util.test.WatchDog.cancel(): canceling Wed May 16 16:49:09 UTC 2018
auto.tcl: Setting watchdog for 200 seconds at Wed May 16 16:49:09 UTC 2018
3 ms. Memory: 313344K Free: 296842K (95%)
ptolemy.util.test.WatchDog.cancel(): canceling Wed May 16 16:49:09 UTC 2018
------------------ testing $PTII/ptolemy/domains/de/test/auto/QueueAndServer.xml
auto.tcl: Setting watchdog for 200 seconds at Wed May 16 16:49:09 UTC 2018
7 ms. Memory: 314368K Free: 301057K (96%)
ptolemy.util.test.WatchDog.cancel(): canceling Wed May 16 16:49:09 UTC 2018
auto.tcl: Setting watchdog for 200 seconds at Wed May 16 16:49:09 UTC 2018
5 ms. Memory: 314368K Free: 297805K (95%)
ptolemy.util.test.WatchDog.cancel(): canceling Wed May 16 16:49:09 UTC 2018
------------------ testing $PTII/ptolemy/domains/de/test/auto/Records.xml
auto.tcl: Setting watchdog for 200 seconds at Wed May 16 16:49:09 UTC 2018
4 ms. Memory: 313344K Free: 299958K (96%)
ptolemy.util.test.WatchDog.cancel(): canceling Wed May 16 16:49:09 UTC 2018
auto.tcl: Setting watchdog for 200 seconds at Wed May 16 16:49:09 UTC 2018
2 ms. Memory: 313344K Free: 299958K (96%)
ptolemy.util.test.WatchDog.cancel(): canceling Wed May 16 16:49:09 UTC 2018
------------------ testing $PTII/ptolemy/domains/de/test/auto/ResetTransitionWithStartTime1.xml
auto.tcl: Setting watchdog for 200 seconds at Wed May 16 16:49:09 UTC 2018
5 ms. Memory: 314368K Free: 297740K (95%)
ptolemy.util.test.WatchDog.cancel(): canceling Wed May 16 16:49:09 UTC 2018
auto.tcl: Setting watchdog for 200 seconds at Wed May 16 16:49:09 UTC 2018
5 ms. Memory: 314368K Free: 297740K (95%)
ptolemy.util.test.WatchDog.cancel(): canceling Wed May 16 16:49:09 UTC 2018
------------------ testing $PTII/ptolemy/domains/de/test/auto/ResetTransitionWithStartTime2.xml
auto.tcl: Setting watchdog for 200 seconds at Wed May 16 16:49:09 UTC 2018
5 ms. Memory: 313344K Free: 296755K (95%)
ptolemy.util.test.WatchDog.cancel(): canceling Wed May 16 16:49:09 UTC 2018
auto.tcl: Setting watchdog for 200 seconds at Wed May 16 16:49:09 UTC 2018
5 ms. Memory: 313344K Free: 296755K (95%)
ptolemy.util.test.WatchDog.cancel(): canceling Wed May 16 16:49:09 UTC 2018
------------------ testing $PTII/ptolemy/domains/de/test/auto/ResetTransitionWithStartTime3.xml
auto.tcl: Setting watchdog for 200 seconds at Wed May 16 16:49:09 UTC 2018
7 ms. Memory: 314368K Free: 297729K (95%)
ptolemy.util.test.WatchDog.cancel(): canceling Wed May 16 16:49:09 UTC 2018
auto.tcl: Setting watchdog for 200 seconds at Wed May 16 16:49:09 UTC 2018
5 ms. Memory: 314368K Free: 297729K (95%)
ptolemy.util.test.WatchDog.cancel(): canceling Wed May 16 16:49:09 UTC 2018
------------------ testing $PTII/ptolemy/domains/de/test/auto/ResetTransitionWithStartTime4.xml
auto.tcl: Setting watchdog for 200 seconds at Wed May 16 16:49:09 UTC 2018
3 ms. Memory: 313344K Free: 296752K (95%)
ptolemy.util.test.WatchDog.cancel(): canceling Wed May 16 16:49:09 UTC 2018
auto.tcl: Setting watchdog for 200 seconds at Wed May 16 16:49:09 UTC 2018
4 ms. Memory: 313344K Free: 296752K (95%)
ptolemy.util.test.WatchDog.cancel(): canceling Wed May 16 16:49:09 UTC 2018
------------------ testing $PTII/ptolemy/domains/de/test/auto/ResettableTimer1.xml
auto.tcl: Setting watchdog for 200 seconds at Wed May 16 16:49:09 UTC 2018
3 ms. Memory: 313856K Free: 298176K (95%)
ptolemy.util.test.WatchDog.cancel(): canceling Wed May 16 16:49:09 UTC 2018
auto.tcl: Setting watchdog for 200 seconds at Wed May 16 16:49:09 UTC 2018
2 ms. Memory: 313856K Free: 298176K (95%)
ptolemy.util.test.WatchDog.cancel(): canceling Wed May 16 16:49:09 UTC 2018
------------------ testing $PTII/ptolemy/domains/de/test/auto/ResettableTimer2.xml
auto.tcl: Setting watchdog for 200 seconds at Wed May 16 16:49:10 UTC 2018
2 ms. Memory: 313344K Free: 300073K (96%)
ptolemy.util.test.WatchDog.cancel(): canceling Wed May 16 16:49:10 UTC 2018
auto.tcl: Setting watchdog for 200 seconds at Wed May 16 16:49:10 UTC 2018
2 ms. Memory: 313344K Free: 300073K (96%)
ptolemy.util.test.WatchDog.cancel(): canceling Wed May 16 16:49:10 UTC 2018
------------------ testing $PTII/ptolemy/domains/de/test/auto/ResettableTimer3.xml
auto.tcl: Setting watchdog for 200 seconds at Wed May 16 16:49:10 UTC 2018
5 ms. Memory: 313856K Free: 300545K (96%)
ptolemy.util.test.WatchDog.cancel(): canceling Wed May 16 16:49:10 UTC 2018
auto.tcl: Setting watchdog for 200 seconds at Wed May 16 16:49:10 UTC 2018
1 ms. Memory: 313856K Free: 300545K (96%)
ptolemy.util.test.WatchDog.cancel(): canceling Wed May 16 16:49:10 UTC 2018
------------------ testing $PTII/ptolemy/domains/de/test/auto/ResettableTimer4.xml
auto.tcl: Setting watchdog for 200 seconds at Wed May 16 16:49:10 UTC 2018
1 ms. Memory: 313344K Free: 300094K (96%)
ptolemy.util.test.WatchDog.cancel(): canceling Wed May 16 16:49:10 UTC 2018
auto.tcl: Setting watchdog for 200 seconds at Wed May 16 16:49:10 UTC 2018
1 ms. Memory: 313344K Free: 300094K (96%)
ptolemy.util.test.WatchDog.cancel(): canceling Wed May 16 16:49:10 UTC 2018
------------------ testing $PTII/ptolemy/domains/de/test/auto/ResettableTimer5.xml
auto.tcl: Setting watchdog for 200 seconds at Wed May 16 16:49:10 UTC 2018
2 ms. Memory: 313856K Free: 300548K (96%)
ptolemy.util.test.WatchDog.cancel(): canceling Wed May 16 16:49:10 UTC 2018
auto.tcl: Setting watchdog for 200 seconds at Wed May 16 16:49:10 UTC 2018
1 ms. Memory: 313856K Free: 300548K (96%)
ptolemy.util.test.WatchDog.cancel(): canceling Wed May 16 16:49:10 UTC 2018
------------------ testing $PTII/ptolemy/domains/de/test/auto/ResettableTimer6.xml
auto.tcl: Setting watchdog for 200 seconds at Wed May 16 16:49:10 UTC 2018
1 ms. Memory: 313344K Free: 299985K (96%)
ptolemy.util.test.WatchDog.cancel(): canceling Wed May 16 16:49:10 UTC 2018
auto.tcl: Setting watchdog for 200 seconds at Wed May 16 16:49:10 UTC 2018
1 ms. Memory: 313344K Free: 299985K (96%)
ptolemy.util.test.WatchDog.cancel(): canceling Wed May 16 16:49:10 UTC 2018
------------------ testing $PTII/ptolemy/domains/de/test/auto/ServerZeroDelay.xml
auto.tcl: Setting watchdog for 200 seconds at Wed May 16 16:49:10 UTC 2018
5 ms. Memory: 313856K Free: 303804K (97%)
ptolemy.util.test.WatchDog.cancel(): canceling Wed May 16 16:49:10 UTC 2018
auto.tcl: Setting watchdog for 200 seconds at Wed May 16 16:49:10 UTC 2018
2 ms. Memory: 313856K Free: 300536K (96%)
ptolemy.util.test.WatchDog.cancel(): canceling Wed May 16 16:49:10 UTC 2018
------------------ testing $PTII/ptolemy/domains/de/test/auto/SmartSender.xml
auto.tcl: Setting watchdog for 200 seconds at Wed May 16 16:49:10 UTC 2018
3004 ms. Memory: 313344K Free: 300019K (96%)
ptolemy.util.test.WatchDog.cancel(): canceling Wed May 16 16:49:13 UTC 2018
auto.tcl: Setting watchdog for 200 seconds at Wed May 16 16:49:13 UTC 2018
3005 ms. Memory: 313344K Free: 300019K (96%)
ptolemy.util.test.WatchDog.cancel(): canceling Wed May 16 16:49:16 UTC 2018
------------------ testing $PTII/ptolemy/domains/de/test/auto/ThreadedComposite.xml
auto.tcl: Setting watchdog for 200 seconds at Wed May 16 16:49:16 UTC 2018
221 ms. Memory: 313856K Free: 277740K (88%)
ptolemy.util.test.WatchDog.cancel(): canceling Wed May 16 16:49:16 UTC 2018
auto.tcl: Setting watchdog for 200 seconds at Wed May 16 16:49:16 UTC 2018
138 ms. Memory: 313856K Free: 261958K (83%)
ptolemy.util.test.WatchDog.cancel(): canceling Wed May 16 16:49:16 UTC 2018
------------------ testing $PTII/ptolemy/domains/de/test/auto/Time.xml
auto.tcl: Setting watchdog for 200 seconds at Wed May 16 16:49:16 UTC 2018
472 ms. Memory: 313344K Free: 248669K (79%)
ptolemy.util.test.WatchDog.cancel(): canceling Wed May 16 16:49:17 UTC 2018
auto.tcl: Setting watchdog for 200 seconds at Wed May 16 16:49:17 UTC 2018
410 ms. Memory: 313344K Free: 196632K (63%)
ptolemy.util.test.WatchDog.cancel(): canceling Wed May 16 16:49:17 UTC 2018
------------------ testing $PTII/ptolemy/domains/de/test/auto/TimeDelayZeroDelay.xml
auto.tcl: Setting watchdog for 200 seconds at Wed May 16 16:49:17 UTC 2018
2 ms. Memory: 313856K Free: 303670K (97%)
ptolemy.util.test.WatchDog.cancel(): canceling Wed May 16 16:49:17 UTC 2018
auto.tcl: Setting watchdog for 200 seconds at Wed May 16 16:49:17 UTC 2018
2 ms. Memory: 313856K Free: 300418K (96%)
ptolemy.util.test.WatchDog.cancel(): canceling Wed May 16 16:49:17 UTC 2018
------------------ testing $PTII/ptolemy/domains/de/test/auto/TimerZeroDelay.xml
auto.tcl: Setting watchdog for 200 seconds at Wed May 16 16:49:17 UTC 2018
3 ms. Memory: 313344K Free: 303250K (97%)
ptolemy.util.test.WatchDog.cancel(): canceling Wed May 16 16:49:17 UTC 2018
auto.tcl: Setting watchdog for 200 seconds at Wed May 16 16:49:17 UTC 2018
1 ms. Memory: 313344K Free: 299989K (96%)
ptolemy.util.test.WatchDog.cancel(): canceling Wed May 16 16:49:17 UTC 2018
------------------ testing $PTII/ptolemy/domains/de/test/auto/TimingParadox.xml
auto.tcl: Setting watchdog for 200 seconds at Wed May 16 16:49:17 UTC 2018
293 ms. Memory: 313856K Free: 236368K (75%)
ptolemy.util.test.WatchDog.cancel(): canceling Wed May 16 16:49:18 UTC 2018
auto.tcl: Setting watchdog for 200 seconds at Wed May 16 16:49:18 UTC 2018
298 ms. Memory: 313856K Free: 200592K (64%)
ptolemy.util.test.WatchDog.cancel(): canceling Wed May 16 16:49:18 UTC 2018
------------------ testing $PTII/ptolemy/domains/de/test/auto/TransferInputs.xml
auto.tcl: Setting watchdog for 200 seconds at Wed May 16 16:49:18 UTC 2018
2 ms. Memory: 313856K Free: 299397K (95%)
ptolemy.util.test.WatchDog.cancel(): canceling Wed May 16 16:49:18 UTC 2018
auto.tcl: Setting watchdog for 200 seconds at Wed May 16 16:49:18 UTC 2018
1 ms. Memory: 313856K Free: 299397K (95%)
ptolemy.util.test.WatchDog.cancel(): canceling Wed May 16 16:49:18 UTC 2018
------------------ testing $PTII/ptolemy/domains/de/test/auto/TransferOutputs2.xml
auto.tcl: Setting watchdog for 200 seconds at Wed May 16 16:49:18 UTC 2018
2 ms. Memory: 313344K Free: 293237K (94%)
ptolemy.util.test.WatchDog.cancel(): canceling Wed May 16 16:49:18 UTC 2018
auto.tcl: Setting watchdog for 200 seconds at Wed May 16 16:49:18 UTC 2018
2 ms. Memory: 313344K Free: 293237K (94%)
ptolemy.util.test.WatchDog.cancel(): canceling Wed May 16 16:49:18 UTC 2018
------------------ testing $PTII/ptolemy/domains/de/test/auto/Trilateration.xml
auto.tcl: Setting watchdog for 200 seconds at Wed May 16 16:49:18 UTC 2018
12629 ms. Memory: 391680K Free: 229433K (59%)
ptolemy.util.test.WatchDog.cancel(): canceling Wed May 16 16:49:32 UTC 2018
auto.tcl: Setting watchdog for 200 seconds at Wed May 16 16:49:32 UTC 2018
10015 ms. Memory: 280576K Free: 95643K (34%)
ptolemy.util.test.WatchDog.cancel(): canceling Wed May 16 16:49:42 UTC 2018
------------------ testing $PTII/ptolemy/domains/de/test/auto/TwoSigmaDelta.xml
auto.tcl: Setting watchdog for 200 seconds at Wed May 16 16:49:42 UTC 2018
2542 ms. Memory: 272896K Free: 175487K (64%)
ptolemy.util.test.WatchDog.cancel(): canceling Wed May 16 16:49:45 UTC 2018
auto.tcl: Setting watchdog for 200 seconds at Wed May 16 16:49:45 UTC 2018
1959 ms. Memory: 266240K Free: 129629K (49%)
ptolemy.util.test.WatchDog.cancel(): canceling Wed May 16 16:49:47 UTC 2018
------------------ testing $PTII/ptolemy/domains/de/test/auto/VariableDelay.xml
auto.tcl: Setting watchdog for 200 seconds at Wed May 16 16:49:47 UTC 2018
3 ms. Memory: 264192K Free: 248721K (94%)
ptolemy.util.test.WatchDog.cancel(): canceling Wed May 16 16:49:47 UTC 2018
auto.tcl: Setting watchdog for 200 seconds at Wed May 16 16:49:47 UTC 2018
1 ms. Memory: 264192K Free: 248721K (94%)
ptolemy.util.test.WatchDog.cancel(): canceling Wed May 16 16:49:47 UTC 2018
------------------ testing $PTII/ptolemy/domains/de/test/auto/VariableDelay2.xml
auto.tcl: Setting watchdog for 200 seconds at Wed May 16 16:49:47 UTC 2018
6 ms. Memory: 265728K Free: 248821K (94%)
ptolemy.util.test.WatchDog.cancel(): canceling Wed May 16 16:49:47 UTC 2018
auto.tcl: Setting watchdog for 200 seconds at Wed May 16 16:49:47 UTC 2018
2 ms. Memory: 265728K Free: 248821K (94%)
ptolemy.util.test.WatchDog.cancel(): canceling Wed May 16 16:49:47 UTC 2018
------------------ testing $PTII/ptolemy/domains/de/test/auto/VariableDelayZeroDelay.xml
auto.tcl: Setting watchdog for 200 seconds at Wed May 16 16:49:47 UTC 2018
2 ms. Memory: 264192K Free: 250948K (95%)
ptolemy.util.test.WatchDog.cancel(): canceling Wed May 16 16:49:47 UTC 2018
auto.tcl: Setting watchdog for 200 seconds at Wed May 16 16:49:47 UTC 2018
2 ms. Memory: 264192K Free: 250948K (95%)
ptolemy.util.test.WatchDog.cancel(): canceling Wed May 16 16:49:47 UTC 2018
------------------ testing $PTII/ptolemy/domains/de/test/auto/VariableDelayZeroDelay2.xml
auto.tcl: Setting watchdog for 200 seconds at Wed May 16 16:49:47 UTC 2018
4 ms. Memory: 265728K Free: 250662K (94%)
ptolemy.util.test.WatchDog.cancel(): canceling Wed May 16 16:49:47 UTC 2018
auto.tcl: Setting watchdog for 200 seconds at Wed May 16 16:49:47 UTC 2018
2 ms. Memory: 265728K Free: 250662K (94%)
ptolemy.util.test.WatchDog.cancel(): canceling Wed May 16 16:49:47 UTC 2018
------------------ testing $PTII/ptolemy/domains/de/test/auto/deInCt.xml
auto.tcl: Setting watchdog for 200 seconds at Wed May 16 16:49:47 UTC 2018
0
1
1
1
0
0
1
1
1
1
0
0
0
0
1
1
1
1
0
0
0
1
1
1
0
0
0
0
1
1
1
0
0
1
1
1
0
0
0
1
1
1
1
18 ms. Memory: 264192K Free: 249123K (94%)
ptolemy.util.test.WatchDog.cancel(): canceling Wed May 16 16:49:47 UTC 2018
auto.tcl: Setting watchdog for 200 seconds at Wed May 16 16:49:47 UTC 2018
0
1
1
1
0
0
0
0
1
1
1
1
0
0
0
1
1
1
0
0
0
0
1
1
0
0
0
1
1
1
1
0
0
0
1
1
1
0
0
0
1
1
1
0
0
0
1
1
1
0
0
0
0
5 ms. Memory: 264192K Free: 249123K (94%)
ptolemy.util.test.WatchDog.cancel(): canceling Wed May 16 16:49:47 UTC 2018
------------------ testing $PTII/ptolemy/domains/de/test/auto/deInCt2.xml
auto.tcl: Setting watchdog for 200 seconds at Wed May 16 16:49:47 UTC 2018
0
1
1
1
0
0
1
1
1
0
0
1
1
1
0
0
1
1
1
0
0
1
1
1
0
0
1
1
1
0
0
1
1
1
0
0
1
1
1
0
0
0
11 ms. Memory: 265216K Free: 250145K (94%)
ptolemy.util.test.WatchDog.cancel(): canceling Wed May 16 16:49:47 UTC 2018
auto.tcl: Setting watchdog for 200 seconds at Wed May 16 16:49:47 UTC 2018
0
1
1
1
0
0
1
1
1
0
0
1
1
1
0
0
1
1
1
0
0
1
1
1
0
0
1
1
1
0
0
1
1
1
0
0
1
1
1
0
0
0
5 ms. Memory: 265216K Free: 247353K (93%)
ptolemy.util.test.WatchDog.cancel(): canceling Wed May 16 16:49:47 UTC 2018
------------------ testing $PTII/ptolemy/domains/de/test/auto/dynamicCausalityInterface1.xml
auto.tcl: Setting watchdog for 200 seconds at Wed May 16 16:49:47 UTC 2018
1 ms. Memory: 264192K Free: 243519K (92%)
ptolemy.util.test.WatchDog.cancel(): canceling Wed May 16 16:49:47 UTC 2018
auto.tcl: Setting watchdog for 200 seconds at Wed May 16 16:49:47 UTC 2018
1 ms. Memory: 264192K Free: 243519K (92%)
ptolemy.util.test.WatchDog.cancel(): canceling Wed May 16 16:49:47 UTC 2018
------------------ testing $PTII/ptolemy/domains/de/test/auto/fsm_de_test.xml
auto.tcl: Setting watchdog for 200 seconds at Wed May 16 16:49:47 UTC 2018
11 ms. Memory: 265216K Free: 247228K (93%)
ptolemy.util.test.WatchDog.cancel(): canceling Wed May 16 16:49:47 UTC 2018
auto.tcl: Setting watchdog for 200 seconds at Wed May 16 16:49:47 UTC 2018
7 ms. Memory: 265216K Free: 244420K (92%)
ptolemy.util.test.WatchDog.cancel(): canceling Wed May 16 16:49:47 UTC 2018
------------------ testing $PTII/ptolemy/domains/de/test/auto/functionDependencyReconstruction.xml
auto.tcl: Setting watchdog for 200 seconds at Wed May 16 16:49:47 UTC 2018
2 ms. Memory: 264192K Free: 239632K (91%)
ptolemy.util.test.WatchDog.cancel(): canceling Wed May 16 16:49:47 UTC 2018
auto.tcl: Setting watchdog for 200 seconds at Wed May 16 16:49:47 UTC 2018
2 ms. Memory: 264192K Free: 236824K (90%)
ptolemy.util.test.WatchDog.cancel(): canceling Wed May 16 16:49:47 UTC 2018
------------------ testing $PTII/ptolemy/domains/de/test/auto/multirate.xml
auto.tcl: Setting watchdog for 200 seconds at Wed May 16 16:49:47 UTC 2018
4 ms. Memory: 264704K Free: 248427K (94%)
ptolemy.util.test.WatchDog.cancel(): canceling Wed May 16 16:49:47 UTC 2018
auto.tcl: Setting watchdog for 200 seconds at Wed May 16 16:49:47 UTC 2018
3 ms. Memory: 264704K Free: 248427K (94%)
ptolemy.util.test.WatchDog.cancel(): canceling Wed May 16 16:49:47 UTC 2018
------------------ testing $PTII/ptolemy/domains/de/test/auto/multirate2.xml
auto.tcl: Setting watchdog for 200 seconds at Wed May 16 16:49:47 UTC 2018
5 ms. Memory: 264192K Free: 249053K (94%)
ptolemy.util.test.WatchDog.cancel(): canceling Wed May 16 16:49:47 UTC 2018
auto.tcl: Setting watchdog for 200 seconds at Wed May 16 16:49:47 UTC 2018
3 ms. Memory: 264192K Free: 246245K (93%)
ptolemy.util.test.WatchDog.cancel(): canceling Wed May 16 16:49:47 UTC 2018
------------------ testing $PTII/ptolemy/domains/de/test/auto/realtime.xml
auto.tcl: Setting watchdog for 200 seconds at Wed May 16 16:49:47 UTC 2018
10006 ms. Memory: 264704K Free: 249561K (94%)
ptolemy.util.test.WatchDog.cancel(): canceling Wed May 16 16:49:58 UTC 2018
auto.tcl: Setting watchdog for 200 seconds at Wed May 16 16:49:58 UTC 2018
10001 ms. Memory: 264704K Free: 249561K (94%)
ptolemy.util.test.WatchDog.cancel(): canceling Wed May 16 16:50:08 UTC 2018
------------------ testing $PTII/ptolemy/domains/de/test/auto/relationGroup.xml
auto.tcl: Setting watchdog for 200 seconds at Wed May 16 16:50:08 UTC 2018
8 ms. Memory: 264192K Free: 253712K (96%)
ptolemy.util.test.WatchDog.cancel(): canceling Wed May 16 16:50:08 UTC 2018
auto.tcl: Setting watchdog for 200 seconds at Wed May 16 16:50:08 UTC 2018
1 ms. Memory: 264192K Free: 250904K (95%)
ptolemy.util.test.WatchDog.cancel(): canceling Wed May 16 16:50:08 UTC 2018
------------------ testing $PTII/ptolemy/domains/de/test/auto/relationGroup2.xml
auto.tcl: Setting watchdog for 200 seconds at Wed May 16 16:50:08 UTC 2018
1 ms. Memory: 264704K Free: 252422K (95%)
ptolemy.util.test.WatchDog.cancel(): canceling Wed May 16 16:50:08 UTC 2018
auto.tcl: Setting watchdog for 200 seconds at Wed May 16 16:50:08 UTC 2018
1 ms. Memory: 264704K Free: 249631K (94%)
ptolemy.util.test.WatchDog.cancel(): canceling Wed May 16 16:50:08 UTC 2018
------------------ testing $PTII/ptolemy/domains/de/test/auto/sortWithOpaquePorts.xml
auto.tcl: Setting watchdog for 200 seconds at Wed May 16 16:50:08 UTC 2018
1 ms. Memory: 264192K Free: 249120K (94%)
ptolemy.util.test.WatchDog.cancel(): canceling Wed May 16 16:50:08 UTC 2018
auto.tcl: Setting watchdog for 200 seconds at Wed May 16 16:50:08 UTC 2018
1 ms. Memory: 264192K Free: 249120K (94%)
ptolemy.util.test.WatchDog.cancel(): canceling Wed May 16 16:50:08 UTC 2018
------------------ testing $PTII/ptolemy/domains/de/test/auto/transferInputsandOutputs.xml
auto.tcl: Setting watchdog for 200 seconds at Wed May 16 16:50:08 UTC 2018
5 ms. Memory: 264704K Free: 246812K (93%)
ptolemy.util.test.WatchDog.cancel(): canceling Wed May 16 16:50:08 UTC 2018
auto.tcl: Setting watchdog for 200 seconds at Wed May 16 16:50:08 UTC 2018
1 ms. Memory: 264704K Free: 246812K (93%)
ptolemy.util.test.WatchDog.cancel(): canceling Wed May 16 16:50:08 UTC 2018
------------------ testing $PTII/ptolemy/domains/de/test/auto/triggerType.xml
auto.tcl: Setting watchdog for 200 seconds at Wed May 16 16:50:08 UTC 2018
1 ms. Memory: 264192K Free: 249058K (94%)
ptolemy.util.test.WatchDog.cancel(): canceling Wed May 16 16:50:08 UTC 2018
auto.tcl: Setting watchdog for 200 seconds at Wed May 16 16:50:08 UTC 2018
2 ms. Memory: 264192K Free: 249058K (94%)
ptolemy.util.test.WatchDog.cancel(): canceling Wed May 16 16:50:08 UTC 2018
05/16/18 04:50:08
Failed: 0  Total Tests: 192  ((Passed: 187, Newly Passed: 1)  Known Failed: 5) /home/travis/build/icyphy/ptII/ptolemy/domains/de/test
05/16/18 04:50:08
Failed: 0  Total Tests: 192  ((Passed: 187, Newly Passed: 1)  Known Failed: 5) /home/travis/build/icyphy/ptII/ptolemy/domains/de/test
----------------- testing (KnownFailure) /home/travis/build/icyphy/ptII/ptolemy/domains/de/test/auto/knownFailedTests/DESDFClockTest.xml
2013 ms. Memory: 264704K Free: 241436K (91%)
Known Failure: java.lang.reflect.InvocationTargetException
----------------- testing (KnownFailure) /home/travis/build/icyphy/ptII/ptolemy/domains/de/test/auto/knownFailedTests/DirectFeedback.xml
3 ms. Memory: 264704K Free: 226813K (86%)
Known Failure: java.lang.reflect.InvocationTargetException
----------------- testing (KnownFailure) /home/travis/build/icyphy/ptII/ptolemy/domains/de/test/auto/knownFailedTests/FSMSource.xml
4 ms. Memory: 264704K Free: 208518K (79%)
----------------- testing (KnownFailure) /home/travis/build/icyphy/ptII/ptolemy/domains/de/test/auto/knownFailedTests/HierarchicalModel.xml
2 ms. Memory: 264704K Free: 186552K (70%)
Known Failure: java.lang.reflect.InvocationTargetException
----------------- testing (KnownFailure) /home/travis/build/icyphy/ptII/ptolemy/domains/de/test/auto/knownFailedTests/dependencyLoop.xml
1 ms. Memory: 264704K Free: 157306K (59%)
Known Failure: java.lang.reflect.InvocationTargetException
----------------- testing (KnownFailure) /home/travis/build/icyphy/ptII/ptolemy/domains/de/test/auto/knownFailedTests/dependencyLoop2.xml
3 ms. Memory: 264704K Free: 128028K (48%)
Known Failure: java.lang.reflect.InvocationTargetException
No auto/*.xml tests in /home/travis/build/icyphy/ptII/ptolemy/domains/de/test
AutoTests.java: About to close Vertx.
AutoTests.java: Vertx closed.
----------------- testing Wed May 16 16:50:10 UTC 2018 /home/travis/build/icyphy/ptII/ptolemy/domains/de/test/auto/ActorDepthCalculation_actorWithoutPorts.xml
----------------- Instantiating /home/travis/build/icyphy/ptII/ptolemy/domains/de/test/auto/ActorDepthCalculation_actorWithoutPorts.xml
1 ms. Memory: 264704K Free: 106077K (40%)
----------------- Invoking toplevel() on ptolemy.moml.MoMLSimpleApplication@3e6e68d1
----------------- Done invoking toplevel() on ptolemy.moml.MoMLSimpleApplication@3e6e68d1
reloadAllAccessors: .ActorDepthCalculation_actorWithoutPorts
----------------- testing Wed May 16 16:50:10 UTC 2018 /home/travis/build/icyphy/ptII/ptolemy/domains/de/test/auto/AssemblyLine.xml
----------------- Instantiating /home/travis/build/icyphy/ptII/ptolemy/domains/de/test/auto/AssemblyLine.xml
3 ms. Memory: 264704K Free: 95094K (36%)
----------------- Invoking toplevel() on ptolemy.moml.MoMLSimpleApplication@b3ec1c8
----------------- Done invoking toplevel() on ptolemy.moml.MoMLSimpleApplication@b3ec1c8
reloadAllAccessors: .AssemblyLine
----------------- testing Wed May 16 16:50:10 UTC 2018 /home/travis/build/icyphy/ptII/ptolemy/domains/de/test/auto/CQBug1.xml
----------------- Instantiating /home/travis/build/icyphy/ptII/ptolemy/domains/de/test/auto/CQBug1.xml
0 ms. Memory: 264704K Free: 87783K (33%)
----------------- Invoking toplevel() on ptolemy.moml.MoMLSimpleApplication@47dd82ef
----------------- Done invoking toplevel() on ptolemy.moml.MoMLSimpleApplication@47dd82ef
reloadAllAccessors: .CQBug1
----------------- testing Wed May 16 16:50:10 UTC 2018 /home/travis/build/icyphy/ptII/ptolemy/domains/de/test/auto/CancelFireAt.xml
----------------- Instantiating /home/travis/build/icyphy/ptII/ptolemy/domains/de/test/auto/CancelFireAt.xml
1 ms. Memory: 264704K Free: 80471K (30%)
----------------- Invoking toplevel() on ptolemy.moml.MoMLSimpleApplication@5cfc29fa
----------------- Done invoking toplevel() on ptolemy.moml.MoMLSimpleApplication@5cfc29fa
reloadAllAccessors: .CancelFireAt
----------------- testing Wed May 16 16:50:10 UTC 2018 /home/travis/build/icyphy/ptII/ptolemy/domains/de/test/auto/CausalityAndComposabilityAnalysis.xml
----------------- Instantiating /home/travis/build/icyphy/ptII/ptolemy/domains/de/test/auto/CausalityAndComposabilityAnalysis.xml
1 ms. Memory: 256512K Free: 244929K (95%)
----------------- Invoking toplevel() on ptolemy.moml.MoMLSimpleApplication@93e01f8
----------------- Done invoking toplevel() on ptolemy.moml.MoMLSimpleApplication@93e01f8
reloadAllAccessors: .CausalityAndComposabilityAnalysis
----------------- testing Wed May 16 16:50:10 UTC 2018 /home/travis/build/icyphy/ptII/ptolemy/domains/de/test/auto/CausalityInterface1.xml
----------------- Instantiating /home/travis/build/icyphy/ptII/ptolemy/domains/de/test/auto/CausalityInterface1.xml
4 ms. Memory: 256512K Free: 236144K (92%)
----------------- Invoking toplevel() on ptolemy.moml.MoMLSimpleApplication@3186980b
----------------- Done invoking toplevel() on ptolemy.moml.MoMLSimpleApplication@3186980b
reloadAllAccessors: .CausalityInterface1
----------------- testing Wed May 16 16:50:10 UTC 2018 /home/travis/build/icyphy/ptII/ptolemy/domains/de/test/auto/CausalityInterface15.xml
----------------- Instantiating /home/travis/build/icyphy/ptII/ptolemy/domains/de/test/auto/CausalityInterface15.xml
1 ms. Memory: 256512K Free: 229140K (89%)
----------------- Invoking toplevel() on ptolemy.moml.MoMLSimpleApplication@19527ef5
----------------- Done invoking toplevel() on ptolemy.moml.MoMLSimpleApplication@19527ef5
reloadAllAccessors: .CausalityInterface15
----------------- testing Wed May 16 16:50:10 UTC 2018 /home/travis/build/icyphy/ptII/ptolemy/domains/de/test/auto/CausalityInterface2.xml
----------------- Instantiating /home/travis/build/icyphy/ptII/ptolemy/domains/de/test/auto/CausalityInterface2.xml
0 ms. Memory: 256512K Free: 222119K (87%)
----------------- Invoking toplevel() on ptolemy.moml.MoMLSimpleApplication@5b8d1077
----------------- Done invoking toplevel() on ptolemy.moml.MoMLSimpleApplication@5b8d1077
reloadAllAccessors: .CausalityInterface2
----------------- testing Wed May 16 16:50:10 UTC 2018 /home/travis/build/icyphy/ptII/ptolemy/domains/de/test/auto/CausalityInterface3.xml
[...]
java.lang.RuntimeException: Execution failed
	at ptolemy.moml.MoMLSimpleApplication$UnloadThread.run(MoMLSimpleApplication.java:402)
Caused by: ptolemy.kernel.util.IllegalActionException: Test fails in iteration 1.
Value was: 1.0. Should have been: 2.0
  in .DirectFeedback.Test
	at ptolemy.actor.lib.Test.fire(Test.java:268)
	at ptolemy.domains.de.kernel.DEDirector._fire(DEDirector.java:1948)
	at ptolemy.domains.de.kernel.DEDirector.fire(DEDirector.java:502)
	at ptolemy.actor.CompositeActor.fire(CompositeActor.java:455)
	at ptolemy.actor.Manager.iterate(Manager.java:851)
	at ptolemy.actor.Manager.execute(Manager.java:369)
	at ptolemy.actor.Manager.run(Manager.java:1263)
	at ptolemy.actor.Manager$PtolemyRunThread.run(Manager.java:1915)
java.lang.RuntimeException: Execution failed
	at ptolemy.moml.MoMLSimpleApplication$UnloadThread.run(MoMLSimpleApplication.java:402)
Caused by: ptolemy.kernel.util.IllegalActionException: Actor is not ready to fire.  Perhaps UpSample.prefire() returned false? Try debugging the actor by selecting "Listen to Actor".  Also, for SDF check moml for tokenConsumptionRate on input.
  in .DESDFClockTest.Play Bell.Copy1:SDF Director and .DESDFClockTest.Play Bell.UpSample
	at ptolemy.actor.sched.StaticSchedulingDirector.fire(StaticSchedulingDirector.java:227)
	at ptolemy.domains.sdf.kernel.SDFDirector.fire(SDFDirector.java:500)
	at ptolemy.actor.CompositeActor.fire(CompositeActor.java:455)
	at ptolemy.domains.de.kernel.DEDirector._fire(DEDirector.java:1948)
	at ptolemy.domains.de.kernel.DEDirector.fire(DEDirector.java:502)
	at ptolemy.actor.CompositeActor.fire(CompositeActor.java:455)
	at ptolemy.actor.Manager.iterate(Manager.java:851)
	at ptolemy.actor.Manager.execute(Manager.java:369)
	at ptolemy.actor.Manager.run(Manager.java:1263)
	at ptolemy.actor.Manager$PtolemyRunThread.run(Manager.java:1915)
java.lang.reflect.InvocationTargetException
	at sun.reflect.NativeConstructorAccessorImpl.newInstance0(Native Method)
	at sun.reflect.NativeConstructorAccessorImpl.newInstance(NativeConstructorAccessorImpl.java:62)
	at sun.reflect.DelegatingConstructorAccessorImpl.newInstance(DelegatingConstructorAccessorImpl.java:45)
	at java.lang.reflect.Constructor.newInstance(Constructor.java:423)
	at ptolemy.util.test.junit.AutoKnownFailedTests.RunModel(AutoKnownFailedTests.java:107)
	at sun.reflect.NativeMethodAccessorImpl.invoke0(Native Method)
	at sun.reflect.NativeMethodAccessorImpl.invoke(NativeMethodAccessorImpl.java:62)
	at sun.reflect.DelegatingMethodAccessorImpl.invoke(DelegatingMethodAccessorImpl.java:43)
	at java.lang.reflect.Method.invoke(Method.java:498)
	at org.junit.runners.model.FrameworkMethod$1.runReflectiveCall(FrameworkMethod.java:44)
	at org.junit.internal.runners.model.ReflectiveCallable.run(ReflectiveCallable.java:15)
	at org.junit.runners.model.FrameworkMethod.invokeExplosively(FrameworkMethod.java:41)
	at junitparams.internal.InvokeParameterisedMethod.evaluate(InvokeParameterisedMethod.java:102)
	at org.junit.internal.runners.statements.FailOnTimeout$1.run(FailOnTimeout.java:28)
Caused by: ptolemy.kernel.util.IllegalActionException: Actor is not ready to fire.  Perhaps UpSample.prefire() returned false? Try debugging the actor by selecting "Listen to Actor".  Also, for SDF check moml for tokenConsumptionRate on input.
  in .DESDFClockTest.Play Bell.Copy1:SDF Director and .DESDFClockTest.Play Bell.UpSample
	at ptolemy.actor.sched.StaticSchedulingDirector.fire(StaticSchedulingDirector.java:227)
	at ptolemy.domains.sdf.kernel.SDFDirector.fire(SDFDirector.java:500)
	at ptolemy.actor.CompositeActor.fire(CompositeActor.java:455)
	at ptolemy.domains.de.kernel.DEDirector._fire(DEDirector.java:1948)
	at ptolemy.domains.de.kernel.DEDirector.fire(DEDirector.java:502)
	at ptolemy.actor.CompositeActor.fire(CompositeActor.java:455)
	at ptolemy.actor.Manager.iterate(Manager.java:851)
	at ptolemy.actor.Manager.execute(Manager.java:369)
	at ptolemy.actor.Manager.run(Manager.java:1263)
	at ptolemy.actor.Manager$PtolemyRunThread.run(Manager.java:1915)
java.lang.RuntimeException: Execution failed
	at ptolemy.moml.MoMLSimpleApplication$UnloadThread.run(MoMLSimpleApplication.java:402)
Caused by: ptolemy.kernel.util.IllegalActionException: Test fails in iteration 1.
Value was: 1.0. Should have been: 2.0
  in .DirectFeedback.Test
	at ptolemy.actor.lib.Test.fire(Test.java:268)
	at ptolemy.domains.de.kernel.DEDirector._fire(DEDirector.java:1948)
	at ptolemy.domains.de.kernel.DEDirector.fire(DEDirector.java:502)
	at ptolemy.actor.CompositeActor.fire(CompositeActor.java:455)
	at ptolemy.actor.Manager.iterate(Manager.java:851)
	at ptolemy.actor.Manager.execute(Manager.java:369)
	at ptolemy.actor.Manager.run(Manager.java:1263)
	at ptolemy.actor.Manager$PtolemyRunThread.run(Manager.java:1915)
java.lang.reflect.InvocationTargetException
	at sun.reflect.NativeConstructorAccessorImpl.newInstance0(Native Method)
	at sun.reflect.NativeConstructorAccessorImpl.newInstance(NativeConstructorAccessorImpl.java:62)
	at sun.reflect.DelegatingConstructorAccessorImpl.newInstance(DelegatingConstructorAccessorImpl.java:45)
	at java.lang.reflect.Constructor.newInstance(Constructor.java:423)
	at ptolemy.util.test.junit.AutoKnownFailedTests.RunModel(AutoKnownFailedTests.java:107)
	at sun.reflect.NativeMethodAccessorImpl.invoke0(Native Method)
	at sun.reflect.NativeMethodAccessorImpl.invoke(NativeMethodAccessorImpl.java:62)
	at sun.reflect.DelegatingMethodAccessorImpl.invoke(DelegatingMethodAccessorImpl.java:43)
	at java.lang.reflect.Method.invoke(Method.java:498)
	at org.junit.runners.model.FrameworkMethod$1.runReflectiveCall(FrameworkMethod.java:44)
	at org.junit.internal.runners.model.ReflectiveCallable.run(ReflectiveCallable.java:15)
	at org.junit.runners.model.FrameworkMethod.invokeExplosively(FrameworkMethod.java:41)
	at junitparams.internal.InvokeParameterisedMethod.evaluate(InvokeParameterisedMethod.java:102)
	at org.junit.internal.runners.statements.FailOnTimeout$1.run(FailOnTimeout.java:28)
Caused by: ptolemy.kernel.util.IllegalActionException: Test fails in iteration 1.
Value was: 1.0. Should have been: 2.0
  in .DirectFeedback.Test
	at ptolemy.actor.lib.Test.fire(Test.java:268)
	at ptolemy.domains.de.kernel.DEDirector._fire(DEDirector.java:1948)
	at ptolemy.domains.de.kernel.DEDirector.fire(DEDirector.java:502)
	at ptolemy.actor.CompositeActor.fire(CompositeActor.java:455)
	at ptolemy.actor.Manager.iterate(Manager.java:851)
	at ptolemy.actor.Manager.execute(Manager.java:369)
	at ptolemy.actor.Manager.run(Manager.java:1263)
	at ptolemy.actor.Manager$PtolemyRunThread.run(Manager.java:1915)
java.lang.RuntimeException: Execution failed
	at ptolemy.moml.MoMLSimpleApplication$UnloadThread.run(MoMLSimpleApplication.java:402)
Caused by: ptolemy.kernel.util.IllegalActionException: Found a zero delay loop containing .HierarchicalModel.A
  in .HierarchicalModel and .HierarchicalModel.A
	at ptolemy.actor.util.CausalityInterfaceForComposites._computeOutputPortDepth(CausalityInterfaceForComposites.java:759)
	at ptolemy.actor.util.CausalityInterfaceForComposites._computeInputDepth(CausalityInterfaceForComposites.java:696)
	at ptolemy.actor.util.CausalityInterfaceForComposites._computeOutputPortDepth(CausalityInterfaceForComposites.java:765)
	at ptolemy.actor.util.CausalityInterfaceForComposites._computeInputDepth(CausalityInterfaceForComposites.java:696)
	at ptolemy.actor.util.CausalityInterfaceForComposites._computeOutputPortDepth(CausalityInterfaceForComposites.java:765)
	at ptolemy.actor.util.CausalityInterfaceForComposites._computeInputDepth(CausalityInterfaceForComposites.java:696)
	at ptolemy.actor.util.CausalityInterfaceForComposites._computeActorDepth(CausalityInterfaceForComposites.java:532)
	at ptolemy.actor.util.CausalityInterfaceForComposites.checkForCycles(CausalityInterfaceForComposites.java:96)
	at ptolemy.domains.de.kernel.DEDirector.preinitialize(DEDirector.java:1337)
	at ptolemy.actor.CompositeActor.preinitialize(CompositeActor.java:1828)
	at ptolemy.actor.Manager.preinitializeAndResolveTypes(Manager.java:1040)
	at ptolemy.actor.Manager.initialize(Manager.java:710)
	at ptolemy.actor.Manager.execute(Manager.java:356)
	at ptolemy.actor.Manager.run(Manager.java:1263)
	at ptolemy.actor.Manager$PtolemyRunThread.run(Manager.java:1915)
java.lang.reflect.InvocationTargetException
	at sun.reflect.NativeConstructorAccessorImpl.newInstance0(Native Method)
	at sun.reflect.NativeConstructorAccessorImpl.newInstance(NativeConstructorAccessorImpl.java:62)
	at sun.reflect.DelegatingConstructorAccessorImpl.newInstance(DelegatingConstructorAccessorImpl.java:45)
	at java.lang.reflect.Constructor.newInstance(Constructor.java:423)
	at ptolemy.util.test.junit.AutoKnownFailedTests.RunModel(AutoKnownFailedTests.java:107)
	at sun.reflect.NativeMethodAccessorImpl.invoke0(Native Method)
	at sun.reflect.NativeMethodAccessorImpl.invoke(NativeMethodAccessorImpl.java:62)
	at sun.reflect.DelegatingMethodAccessorImpl.invoke(DelegatingMethodAccessorImpl.java:43)
	at java.lang.reflect.Method.invoke(Method.java:498)
	at org.junit.runners.model.FrameworkMethod$1.runReflectiveCall(FrameworkMethod.java:44)
	at org.junit.internal.runners.model.ReflectiveCallable.run(ReflectiveCallable.java:15)
	at org.junit.runners.model.FrameworkMethod.invokeExplosively(FrameworkMethod.java:41)
	at junitparams.internal.InvokeParameterisedMethod.evaluate(InvokeParameterisedMethod.java:102)
	at org.junit.internal.runners.statements.FailOnTimeout$1.run(FailOnTimeout.java:28)
Caused by: ptolemy.kernel.util.IllegalActionException: Found a zero delay loop containing .HierarchicalModel.A
  in .HierarchicalModel and .HierarchicalModel.A
	at ptolemy.actor.util.CausalityInterfaceForComposites._computeOutputPortDepth(CausalityInterfaceForComposites.java:759)
	at ptolemy.actor.util.CausalityInterfaceForComposites._computeInputDepth(CausalityInterfaceForComposites.java:696)
	at ptolemy.actor.util.CausalityInterfaceForComposites._computeOutputPortDepth(CausalityInterfaceForComposites.java:765)
	at ptolemy.actor.util.CausalityInterfaceForComposites._computeInputDepth(CausalityInterfaceForComposites.java:696)
	at ptolemy.actor.util.CausalityInterfaceForComposites._computeOutputPortDepth(CausalityInterfaceForComposites.java:765)
	at ptolemy.actor.util.CausalityInterfaceForComposites._computeInputDepth(CausalityInterfaceForComposites.java:696)
	at ptolemy.actor.util.CausalityInterfaceForComposites._computeActorDepth(CausalityInterfaceForComposites.java:532)
	at ptolemy.actor.util.CausalityInterfaceForComposites.checkForCycles(CausalityInterfaceForComposites.java:96)
	at ptolemy.domains.de.kernel.DEDirector.preinitialize(DEDirector.java:1337)
	at ptolemy.actor.CompositeActor.preinitialize(CompositeActor.java:1828)
	at ptolemy.actor.Manager.preinitializeAndResolveTypes(Manager.java:1040)
	at ptolemy.actor.Manager.initialize(Manager.java:710)
	at ptolemy.actor.Manager.execute(Manager.java:356)
	at ptolemy.actor.Manager.run(Manager.java:1263)
	at ptolemy.actor.Manager$PtolemyRunThread.run(Manager.java:1915)
java.lang.RuntimeException: Execution failed
	at ptolemy.moml.MoMLSimpleApplication$UnloadThread.run(MoMLSimpleApplication.java:402)
Caused by: ptolemy.kernel.util.IllegalActionException: Found a zero delay loop containing .dependencyLoop.original
  in .dependencyLoop and .dependencyLoop.original
	at ptolemy.actor.util.CausalityInterfaceForComposites._computeOutputPortDepth(CausalityInterfaceForComposites.java:759)
	at ptolemy.actor.util.CausalityInterfaceForComposites._computeInputDepth(CausalityInterfaceForComposites.java:696)
	at ptolemy.actor.util.CausalityInterfaceForComposites._computeOutputPortDepth(CausalityInterfaceForComposites.java:765)
	at ptolemy.actor.util.CausalityInterfaceForComposites._computeInputDepth(CausalityInterfaceForComposites.java:696)
	at ptolemy.actor.util.CausalityInterfaceForComposites._computeOutputPortDepth(CausalityInterfaceForComposites.java:765)
	at ptolemy.actor.util.CausalityInterfaceForComposites._computeInputDepth(CausalityInterfaceForComposites.java:696)
	at ptolemy.actor.util.CausalityInterfaceForComposites._computeActorDepth(CausalityInterfaceForComposites.java:532)
	at ptolemy.actor.util.CausalityInterfaceForComposites.checkForCycles(CausalityInterfaceForComposites.java:96)
	at ptolemy.domains.de.kernel.DEDirector.preinitialize(DEDirector.java:1337)
	at ptolemy.actor.CompositeActor.preinitialize(CompositeActor.java:1828)
	at ptolemy.actor.Manager.preinitializeAndResolveTypes(Manager.java:1040)
	at ptolemy.actor.Manager.initialize(Manager.java:710)
	at ptolemy.actor.Manager.execute(Manager.java:356)
	at ptolemy.actor.Manager.run(Manager.java:1263)
	at ptolemy.actor.Manager$PtolemyRunThread.run(Manager.java:1915)
java.lang.reflect.InvocationTargetException
	at sun.reflect.NativeConstructorAccessorImpl.newInstance0(Native Method)
	at sun.reflect.NativeConstructorAccessorImpl.newInstance(NativeConstructorAccessorImpl.java:62)
	at sun.reflect.DelegatingConstructorAccessorImpl.newInstance(DelegatingConstructorAccessorImpl.java:45)
	at java.lang.reflect.Constructor.newInstance(Constructor.java:423)
	at ptolemy.util.test.junit.AutoKnownFailedTests.RunModel(AutoKnownFailedTests.java:107)
	at sun.reflect.NativeMethodAccessorImpl.invoke0(Native Method)
	at sun.reflect.NativeMethodAccessorImpl.invoke(NativeMethodAccessorImpl.java:62)
	at sun.reflect.DelegatingMethodAccessorImpl.invoke(DelegatingMethodAccessorImpl.java:43)
	at java.lang.reflect.Method.invoke(Method.java:498)
	at org.junit.runners.model.FrameworkMethod$1.runReflectiveCall(FrameworkMethod.java:44)
	at org.junit.internal.runners.model.ReflectiveCallable.run(ReflectiveCallable.java:15)
	at org.junit.runners.model.FrameworkMethod.invokeExplosively(FrameworkMethod.java:41)
	at junitparams.internal.InvokeParameterisedMethod.evaluate(InvokeParameterisedMethod.java:102)
	at org.junit.internal.runners.statements.FailOnTimeout$1.run(FailOnTimeout.java:28)
Caused by: ptolemy.kernel.util.IllegalActionException: Found a zero delay loop containing .dependencyLoop.original
  in .dependencyLoop and .dependencyLoop.original
	at ptolemy.actor.util.CausalityInterfaceForComposites._computeOutputPortDepth(CausalityInterfaceForComposites.java:759)
	at ptolemy.actor.util.CausalityInterfaceForComposites._computeInputDepth(CausalityInterfaceForComposites.java:696)
	at ptolemy.actor.util.CausalityInterfaceForComposites._computeOutputPortDepth(CausalityInterfaceForComposites.java:765)
	at ptolemy.actor.util.CausalityInterfaceForComposites._computeInputDepth(CausalityInterfaceForComposites.java:696)
	at ptolemy.actor.util.CausalityInterfaceForComposites._computeOutputPortDepth(CausalityInterfaceForComposites.java:765)
	at ptolemy.actor.util.CausalityInterfaceForComposites._computeInputDepth(CausalityInterfaceForComposites.java:696)
	at ptolemy.actor.util.CausalityInterfaceForComposites._computeActorDepth(CausalityInterfaceForComposites.java:532)
	at ptolemy.actor.util.CausalityInterfaceForComposites.checkForCycles(CausalityInterfaceForComposites.java:96)
	at ptolemy.domains.de.kernel.DEDirector.preinitialize(DEDirector.java:1337)
	at ptolemy.actor.CompositeActor.preinitialize(CompositeActor.java:1828)
	at ptolemy.actor.Manager.preinitializeAndResolveTypes(Manager.java:1040)
	at ptolemy.actor.Manager.initialize(Manager.java:710)
	at ptolemy.actor.Manager.execute(Manager.java:356)
	at ptolemy.actor.Manager.run(Manager.java:1263)
	at ptolemy.actor.Manager$PtolemyRunThread.run(Manager.java:1915)
java.lang.RuntimeException: Execution failed
	at ptolemy.moml.MoMLSimpleApplication$UnloadThread.run(MoMLSimpleApplication.java:402)
Caused by: ptolemy.kernel.util.IllegalActionException: Found a zero delay loop containing .dependencyLoop2.original
  in .dependencyLoop2 and .dependencyLoop2.original
	at ptolemy.actor.util.CausalityInterfaceForComposites._computeOutputPortDepth(CausalityInterfaceForComposites.java:759)
	at ptolemy.actor.util.CausalityInterfaceForComposites._computeInputDepth(CausalityInterfaceForComposites.java:696)
	at ptolemy.actor.util.CausalityInterfaceForComposites._computeOutputPortDepth(CausalityInterfaceForComposites.java:765)
	at ptolemy.actor.util.CausalityInterfaceForComposites._computeInputDepth(CausalityInterfaceForComposites.java:696)
	at ptolemy.actor.util.CausalityInterfaceForComposites._computeOutputPortDepth(CausalityInterfaceForComposites.java:765)
	at ptolemy.actor.util.CausalityInterfaceForComposites._computeInputDepth(CausalityInterfaceForComposites.java:696)
	at ptolemy.actor.util.CausalityInterfaceForComposites._computeActorDepth(CausalityInterfaceForComposites.java:532)
	at ptolemy.actor.util.CausalityInterfaceForComposites.checkForCycles(CausalityInterfaceForComposites.java:96)
	at ptolemy.domains.de.kernel.DEDirector.preinitialize(DEDirector.java:1337)
	at ptolemy.actor.CompositeActor.preinitialize(CompositeActor.java:1828)
	at ptolemy.actor.Manager.preinitializeAndResolveTypes(Manager.java:1040)
	at ptolemy.actor.Manager.initialize(Manager.java:710)
	at ptolemy.actor.Manager.execute(Manager.java:356)
	at ptolemy.actor.Manager.run(Manager.java:1263)
	at ptolemy.actor.Manager$PtolemyRunThread.run(Manager.java:1915)
java.lang.reflect.InvocationTargetException
	at sun.reflect.NativeConstructorAccessorImpl.newInstance0(Native Method)
	at sun.reflect.NativeConstructorAccessorImpl.newInstance(NativeConstructorAccessorImpl.java:62)
	at sun.reflect.DelegatingConstructorAccessorImpl.newInstance(DelegatingConstructorAccessorImpl.java:45)
	at java.lang.reflect.Constructor.newInstance(Constructor.java:423)
	at ptolemy.util.test.junit.AutoKnownFailedTests.RunModel(AutoKnownFailedTests.java:107)
	at sun.reflect.NativeMethodAccessorImpl.invoke0(Native Method)
	at sun.reflect.NativeMethodAccessorImpl.invoke(NativeMethodAccessorImpl.java:62)
	at sun.reflect.DelegatingMethodAccessorImpl.invoke(DelegatingMethodAccessorImpl.java:43)
	at java.lang.reflect.Method.invoke(Method.java:498)
	at org.junit.runners.model.FrameworkMethod$1.runReflectiveCall(FrameworkMethod.java:44)
	at org.junit.internal.runners.model.ReflectiveCallable.run(ReflectiveCallable.java:15)
	at org.junit.runners.model.FrameworkMethod.invokeExplosively(FrameworkMethod.java:41)
	at junitparams.internal.InvokeParameterisedMethod.evaluate(InvokeParameterisedMethod.java:102)
	at org.junit.internal.runners.statements.FailOnTimeout$1.run(FailOnTimeout.java:28)
Caused by: ptolemy.kernel.util.IllegalActionException: Found a zero delay loop containing .dependencyLoop2.original
  in .dependencyLoop2 and .dependencyLoop2.original
	at ptolemy.actor.util.CausalityInterfaceForComposites._computeOutputPortDepth(CausalityInterfaceForComposites.java:759)
	at ptolemy.actor.util.CausalityInterfaceForComposites._computeInputDepth(CausalityInterfaceForComposites.java:696)
	at ptolemy.actor.util.CausalityInterfaceForComposites._computeOutputPortDepth(CausalityInterfaceForComposites.java:765)
	at ptolemy.actor.util.CausalityInterfaceForComposites._computeInputDepth(CausalityInterfaceForComposites.java:696)
	at ptolemy.actor.util.CausalityInterfaceForComposites._computeOutputPortDepth(CausalityInterfaceForComposites.java:765)
	at ptolemy.actor.util.CausalityInterfaceForComposites._computeInputDepth(CausalityInterfaceForComposites.java:696)
	at ptolemy.actor.util.CausalityInterfaceForComposites._computeActorDepth(CausalityInterfaceForComposites.java:532)
	at ptolemy.actor.util.CausalityInterfaceForComposites.checkForCycles(CausalityInterfaceForComposites.java:96)
	at ptolemy.domains.de.kernel.DEDirector.preinitialize(DEDirector.java:1337)
	at ptolemy.actor.CompositeActor.preinitialize(CompositeActor.java:1828)
	at ptolemy.actor.Manager.preinitializeAndResolveTypes(Manager.java:1040)
	at ptolemy.actor.Manager.initialize(Manager.java:710)
	at ptolemy.actor.Manager.execute(Manager.java:356)
	at ptolemy.actor.Manager.run(Manager.java:1263)
	at ptolemy.actor.Manager$PtolemyRunThread.run(Manager.java:1915)
]]></system-err>
</testsuite>
