<?xml version="1.0" encoding="UTF-8" ?>
<testsuite errors="0" failures="0" hostname="travis-job-80c11cbe-05a9-4e64-b661-937427fa0f8d" name="ptolemy.domains.de.test.junit.JUnitTclTest" skipped="0" tests="101" time="125.156" timestamp="2018-05-23T15:05:25">
  <properties>
[...]
</properties>
  <testcase classname="ptolemy.util.test.junit.TclTests" name="[0] /home/travis/build/icyphy/ptII/ptolemy/domains/de/test/DependencyLoop.tcl (RunTclFile)" time="0.804" />
  <testcase classname="ptolemy.util.test.junit.TclTests" name="[1] /home/travis/build/icyphy/ptII/ptolemy/domains/de/test/RunDETestsAsQSS.tcl (RunTclFile)" time="85.036" />
  <testcase classname="ptolemy.util.test.junit.AutoKnownFailedTests" name="[0] /home/travis/build/icyphy/ptII/ptolemy/domains/de/test/auto/knownFailedTests/DESDFClockTest.xml (RunModel)" time="2.031" />
  <testcase classname="ptolemy.util.test.junit.AutoKnownFailedTests" name="[1] /home/travis/build/icyphy/ptII/ptolemy/domains/de/test/auto/knownFailedTests/DirectFeedback.xml (RunModel)" time="0.022" />
  <testcase classname="ptolemy.util.test.junit.AutoKnownFailedTests" name="[2] /home/travis/build/icyphy/ptII/ptolemy/domains/de/test/auto/knownFailedTests/FSMSource.xml (RunModel)" time="0.014" />
  <testcase classname="ptolemy.util.test.junit.AutoKnownFailedTests" name="[3] /home/travis/build/icyphy/ptII/ptolemy/domains/de/test/auto/knownFailedTests/HierarchicalModel.xml (RunModel)" time="0.028" />
  <testcase classname="ptolemy.util.test.junit.AutoKnownFailedTests" name="[4] /home/travis/build/icyphy/ptII/ptolemy/domains/de/test/auto/knownFailedTests/dependencyLoop.xml (RunModel)" time="0.025" />
  <testcase classname="ptolemy.util.test.junit.AutoKnownFailedTests" name="[5] /home/travis/build/icyphy/ptII/ptolemy/domains/de/test/auto/knownFailedTests/dependencyLoop2.xml (RunModel)" time="0.029" />
  <testcase classname="ptolemy.util.test.junit.AutoNameArchTests" name="[0] ThereAreNoAutoTests (RunModel)" time="0.001" />
  <testcase classname="ptolemy.util.test.junit.AutoTests" name="[0] /home/travis/build/icyphy/ptII/ptolemy/domains/de/test/auto/ActorDepthCalculation_actorWithoutPorts.xml (RunModel)" time="0.01" />
  <testcase classname="ptolemy.util.test.junit.AutoTests" name="[1] /home/travis/build/icyphy/ptII/ptolemy/domains/de/test/auto/AssemblyLine.xml (RunModel)" time="0.013" />
  <testcase classname="ptolemy.util.test.junit.AutoTests" name="[2] /home/travis/build/icyphy/ptII/ptolemy/domains/de/test/auto/CQBug1.xml (RunModel)" time="0.006" />
  <testcase classname="ptolemy.util.test.junit.AutoTests" name="[3] /home/travis/build/icyphy/ptII/ptolemy/domains/de/test/auto/CancelFireAt.xml (RunModel)" time="0.005" />
  <testcase classname="ptolemy.util.test.junit.AutoTests" name="[4] /home/travis/build/icyphy/ptII/ptolemy/domains/de/test/auto/CausalityAndComposabilityAnalysis.xml (RunModel)" time="0.009" />
  <testcase classname="ptolemy.util.test.junit.AutoTests" name="[5] /home/travis/build/icyphy/ptII/ptolemy/domains/de/test/auto/CausalityInterface1.xml (RunModel)" time="0.01" />
  <testcase classname="ptolemy.util.test.junit.AutoTests" name="[6] /home/travis/build/icyphy/ptII/ptolemy/domains/de/test/auto/CausalityInterface15.xml (RunModel)" time="0.01" />
  <testcase classname="ptolemy.util.test.junit.AutoTests" name="[7] /home/travis/build/icyphy/ptII/ptolemy/domains/de/test/auto/CausalityInterface2.xml (RunModel)" time="0.013" />
  <testcase classname="ptolemy.util.test.junit.AutoTests" name="[8] /home/travis/build/icyphy/ptII/ptolemy/domains/de/test/auto/CausalityInterface3.xml (RunModel)" time="0.009" />
  <testcase classname="ptolemy.util.test.junit.AutoTests" name="[9] /home/travis/build/icyphy/ptII/ptolemy/domains/de/test/auto/ClockDrift.xml (RunModel)" time="0.026" />
  <testcase classname="ptolemy.util.test.junit.AutoTests" name="[10] /home/travis/build/icyphy/ptII/ptolemy/domains/de/test/auto/ClockDriftAndValueChange.xml (RunModel)" time="0.024" />
  <testcase classname="ptolemy.util.test.junit.AutoTests" name="[11] /home/travis/build/icyphy/ptII/ptolemy/domains/de/test/auto/ClockDriftChange.xml (RunModel)" time="0.02" />
  <testcase classname="ptolemy.util.test.junit.AutoTests" name="[12] /home/travis/build/icyphy/ptII/ptolemy/domains/de/test/auto/ComposableCausalityAnalysis.xml (RunModel)" time="0.011" />
  <testcase classname="ptolemy.util.test.junit.AutoTests" name="[13] /home/travis/build/icyphy/ptII/ptolemy/domains/de/test/auto/DEFixedPointLimitation.xml (RunModel)" time="0.009" />
  <testcase classname="ptolemy.util.test.junit.AutoTests" name="[14] /home/travis/build/icyphy/ptII/ptolemy/domains/de/test/auto/DEScheduleTest.xml (RunModel)" time="0.008" />
  <testcase classname="ptolemy.util.test.junit.AutoTests" name="[15] /home/travis/build/icyphy/ptII/ptolemy/domains/de/test/auto/DEinDEwithStartTimes.xml (RunModel)" time="0.01" />
  <testcase classname="ptolemy.util.test.junit.AutoTests" name="[16] /home/travis/build/icyphy/ptII/ptolemy/domains/de/test/auto/DEinDEwithStartTimes2.xml (RunModel)" time="0.01" />
  <testcase classname="ptolemy.util.test.junit.AutoTests" name="[17] /home/travis/build/icyphy/ptII/ptolemy/domains/de/test/auto/DateDemo.xml (RunModel)" time="0.021" />
  <testcase classname="ptolemy.util.test.junit.AutoTests" name="[18] /home/travis/build/icyphy/ptII/ptolemy/domains/de/test/auto/DateToEvent.xml (RunModel)" time="2.03" />
  <testcase classname="ptolemy.util.test.junit.AutoTests" name="[19] /home/travis/build/icyphy/ptII/ptolemy/domains/de/test/auto/DepthTest1.xml (RunModel)" time="0.008" />
  <testcase classname="ptolemy.util.test.junit.AutoTests" name="[20] /home/travis/build/icyphy/ptII/ptolemy/domains/de/test/auto/DepthTest2.xml (RunModel)" time="0.016" />
  <testcase classname="ptolemy.util.test.junit.AutoTests" name="[21] /home/travis/build/icyphy/ptII/ptolemy/domains/de/test/auto/DepthTest3.xml (RunModel)" time="0.007" />
  <testcase classname="ptolemy.util.test.junit.AutoTests" name="[22] /home/travis/build/icyphy/ptII/ptolemy/domains/de/test/auto/DepthTest4.xml (RunModel)" time="0.011" />
  <testcase classname="ptolemy.util.test.junit.AutoTests" name="[23] /home/travis/build/icyphy/ptII/ptolemy/domains/de/test/auto/DepthTest5.xml (RunModel)" time="0.012" />
  <testcase classname="ptolemy.util.test.junit.AutoTests" name="[24] /home/travis/build/icyphy/ptII/ptolemy/domains/de/test/auto/DepthTest6.xml (RunModel)" time="0.012" />
  <testcase classname="ptolemy.util.test.junit.AutoTests" name="[25] /home/travis/build/icyphy/ptII/ptolemy/domains/de/test/auto/DepthTest7.xml (RunModel)" time="0.01" />
  <testcase classname="ptolemy.util.test.junit.AutoTests" name="[26] /home/travis/build/icyphy/ptII/ptolemy/domains/de/test/auto/EventToDate.xml (RunModel)" time="3.03" />
  <testcase classname="ptolemy.util.test.junit.AutoTests" name="[27] /home/travis/build/icyphy/ptII/ptolemy/domains/de/test/auto/FSM1.xml (RunModel)" time="0.028" />
  <testcase classname="ptolemy.util.test.junit.AutoTests" name="[28] /home/travis/build/icyphy/ptII/ptolemy/domains/de/test/auto/FSM7.xml (RunModel)" time="0.039" />
  <testcase classname="ptolemy.util.test.junit.AutoTests" name="[29] /home/travis/build/icyphy/ptII/ptolemy/domains/de/test/auto/Inspection.xml (RunModel)" time="0.036" />
  <testcase classname="ptolemy.util.test.junit.AutoTests" name="[30] /home/travis/build/icyphy/ptII/ptolemy/domains/de/test/auto/Iteration.xml (RunModel)" time="0.017" />
  <testcase classname="ptolemy.util.test.junit.AutoTests" name="[31] /home/travis/build/icyphy/ptII/ptolemy/domains/de/test/auto/LineFault.xml (RunModel)" time="0.502" />
  <testcase classname="ptolemy.util.test.junit.AutoTests" name="[32] /home/travis/build/icyphy/ptII/ptolemy/domains/de/test/auto/MergeModel1Add.xml (RunModel)" time="0.035" />
  <testcase classname="ptolemy.util.test.junit.AutoTests" name="[33] /home/travis/build/icyphy/ptII/ptolemy/domains/de/test/auto/MergeModel2Add.xml (RunModel)" time="0.032" />
  <testcase classname="ptolemy.util.test.junit.AutoTests" name="[34] /home/travis/build/icyphy/ptII/ptolemy/domains/de/test/auto/MergeModel3Add.xml (RunModel)" time="0.038" />
  <testcase classname="ptolemy.util.test.junit.AutoTests" name="[35] /home/travis/build/icyphy/ptII/ptolemy/domains/de/test/auto/MergeWithoutDiscard.xml (RunModel)" time="0.008" />
  <testcase classname="ptolemy.util.test.junit.AutoTests" name="[36] /home/travis/build/icyphy/ptII/ptolemy/domains/de/test/auto/Modal1.xml (RunModel)" time="0.032" />
  <testcase classname="ptolemy.util.test.junit.AutoTests" name="[37] /home/travis/build/icyphy/ptII/ptolemy/domains/de/test/auto/Modal2.xml (RunModel)" time="0.025" />
  <testcase classname="ptolemy.util.test.junit.AutoTests" name="[38] /home/travis/build/icyphy/ptII/ptolemy/domains/de/test/auto/Modal3.xml (RunModel)" time="0.023" />
  <testcase classname="ptolemy.util.test.junit.AutoTests" name="[39] /home/travis/build/icyphy/ptII/ptolemy/domains/de/test/auto/Modal4.xml (RunModel)" time="0.024" />
  <testcase classname="ptolemy.util.test.junit.AutoTests" name="[40] /home/travis/build/icyphy/ptII/ptolemy/domains/de/test/auto/Modal5.xml (RunModel)" time="0.028" />
  <testcase classname="ptolemy.util.test.junit.AutoTests" name="[41] /home/travis/build/icyphy/ptII/ptolemy/domains/de/test/auto/Modal6.xml (RunModel)" time="0.024" />
  <testcase classname="ptolemy.util.test.junit.AutoTests" name="[42] /home/travis/build/icyphy/ptII/ptolemy/domains/de/test/auto/Modal7.xml (RunModel)" time="0.025" />
  <testcase classname="ptolemy.util.test.junit.AutoTests" name="[43] /home/travis/build/icyphy/ptII/ptolemy/domains/de/test/auto/ModalModel.xml (RunModel)" time="0.135" />
  <testcase classname="ptolemy.util.test.junit.AutoTests" name="[44] /home/travis/build/icyphy/ptII/ptolemy/domains/de/test/auto/ModalSource.xml (RunModel)" time="0.016" />
  <testcase classname="ptolemy.util.test.junit.AutoTests" name="[45] /home/travis/build/icyphy/ptII/ptolemy/domains/de/test/auto/NonInterruptibleTimerZeroDelay.xml (RunModel)" time="0.01" />
  <testcase classname="ptolemy.util.test.junit.AutoTests" name="[46] /home/travis/build/icyphy/ptII/ptolemy/domains/de/test/auto/OpenQueueingNetwork.xml (RunModel)" time="2.166" />
  <testcase classname="ptolemy.util.test.junit.AutoTests" name="[47] /home/travis/build/icyphy/ptII/ptolemy/domains/de/test/auto/OpenQueuingNetwork.xml (RunModel)" time="0.257" />
  <testcase classname="ptolemy.util.test.junit.AutoTests" name="[48] /home/travis/build/icyphy/ptII/ptolemy/domains/de/test/auto/PeriodicSampler.xml (RunModel)" time="0.008" />
  <testcase classname="ptolemy.util.test.junit.AutoTests" name="[49] /home/travis/build/icyphy/ptII/ptolemy/domains/de/test/auto/PersistentIO.xml (RunModel)" time="0.021" />
  <testcase classname="ptolemy.util.test.junit.AutoTests" name="[50] /home/travis/build/icyphy/ptII/ptolemy/domains/de/test/auto/PortParameterResetOnInitialize.xml (RunModel)" time="0.008" />
  <testcase classname="ptolemy.util.test.junit.AutoTests" name="[51] /home/travis/build/icyphy/ptII/ptolemy/domains/de/test/auto/PortParameterUpdates.xml (RunModel)" time="0.015" />
  <testcase classname="ptolemy.util.test.junit.AutoTests" name="[52] /home/travis/build/icyphy/ptII/ptolemy/domains/de/test/auto/QueueAndServer.xml (RunModel)" time="0.02" />
  <testcase classname="ptolemy.util.test.junit.AutoTests" name="[53] /home/travis/build/icyphy/ptII/ptolemy/domains/de/test/auto/Records.xml (RunModel)" time="0.013" />
  <testcase classname="ptolemy.util.test.junit.AutoTests" name="[54] /home/travis/build/icyphy/ptII/ptolemy/domains/de/test/auto/ResetTransitionWithStartTime1.xml (RunModel)" time="0.021" />
  <testcase classname="ptolemy.util.test.junit.AutoTests" name="[55] /home/travis/build/icyphy/ptII/ptolemy/domains/de/test/auto/ResetTransitionWithStartTime2.xml (RunModel)" time="0.019" />
  <testcase classname="ptolemy.util.test.junit.AutoTests" name="[56] /home/travis/build/icyphy/ptII/ptolemy/domains/de/test/auto/ResetTransitionWithStartTime3.xml (RunModel)" time="0.017" />
  <testcase classname="ptolemy.util.test.junit.AutoTests" name="[57] /home/travis/build/icyphy/ptII/ptolemy/domains/de/test/auto/ResetTransitionWithStartTime4.xml (RunModel)" time="0.017" />
  <testcase classname="ptolemy.util.test.junit.AutoTests" name="[58] /home/travis/build/icyphy/ptII/ptolemy/domains/de/test/auto/ResettableTimer1.xml (RunModel)" time="0.011" />
  <testcase classname="ptolemy.util.test.junit.AutoTests" name="[59] /home/travis/build/icyphy/ptII/ptolemy/domains/de/test/auto/ResettableTimer2.xml (RunModel)" time="0.009" />
  <testcase classname="ptolemy.util.test.junit.AutoTests" name="[60] /home/travis/build/icyphy/ptII/ptolemy/domains/de/test/auto/ResettableTimer3.xml (RunModel)" time="0.007" />
  <testcase classname="ptolemy.util.test.junit.AutoTests" name="[61] /home/travis/build/icyphy/ptII/ptolemy/domains/de/test/auto/ResettableTimer4.xml (RunModel)" time="0.009" />
  <testcase classname="ptolemy.util.test.junit.AutoTests" name="[62] /home/travis/build/icyphy/ptII/ptolemy/domains/de/test/auto/ResettableTimer5.xml (RunModel)" time="0.009" />
  <testcase classname="ptolemy.util.test.junit.AutoTests" name="[63] /home/travis/build/icyphy/ptII/ptolemy/domains/de/test/auto/ResettableTimer6.xml (RunModel)" time="0.018" />
  <testcase classname="ptolemy.util.test.junit.AutoTests" name="[64] /home/travis/build/icyphy/ptII/ptolemy/domains/de/test/auto/ServerZeroDelay.xml (RunModel)" time="0.01" />
  <testcase classname="ptolemy.util.test.junit.AutoTests" name="[65] /home/travis/build/icyphy/ptII/ptolemy/domains/de/test/auto/SmartSender.xml (RunModel)" time="3.009" />
  <testcase classname="ptolemy.util.test.junit.AutoTests" name="[66] /home/travis/build/icyphy/ptII/ptolemy/domains/de/test/auto/ThreadedComposite.xml (RunModel)" time="0.376" />
  <testcase classname="ptolemy.util.test.junit.AutoTests" name="[67] /home/travis/build/icyphy/ptII/ptolemy/domains/de/test/auto/Time.xml (RunModel)" time="0.415" />
  <testcase classname="ptolemy.util.test.junit.AutoTests" name="[68] /home/travis/build/icyphy/ptII/ptolemy/domains/de/test/auto/TimeDelayZeroDelay.xml (RunModel)" time="0.017" />
  <testcase classname="ptolemy.util.test.junit.AutoTests" name="[69] /home/travis/build/icyphy/ptII/ptolemy/domains/de/test/auto/TimerZeroDelay.xml (RunModel)" time="0.01" />
  <testcase classname="ptolemy.util.test.junit.AutoTests" name="[70] /home/travis/build/icyphy/ptII/ptolemy/domains/de/test/auto/TimingParadox.xml (RunModel)" time="0.346" />
  <testcase classname="ptolemy.util.test.junit.AutoTests" name="[71] /home/travis/build/icyphy/ptII/ptolemy/domains/de/test/auto/TransferInputs.xml (RunModel)" time="0.013" />
  <testcase classname="ptolemy.util.test.junit.AutoTests" name="[72] /home/travis/build/icyphy/ptII/ptolemy/domains/de/test/auto/TransferOutputs2.xml (RunModel)" time="0.033" />
  <testcase classname="ptolemy.util.test.junit.AutoTests" name="[73] /home/travis/build/icyphy/ptII/ptolemy/domains/de/test/auto/Trilateration.xml (RunModel)" time="11.392" />
  <testcase classname="ptolemy.util.test.junit.AutoTests" name="[74] /home/travis/build/icyphy/ptII/ptolemy/domains/de/test/auto/TwoSigmaDelta.xml (RunModel)" time="2.002" />
  <testcase classname="ptolemy.util.test.junit.AutoTests" name="[75] /home/travis/build/icyphy/ptII/ptolemy/domains/de/test/auto/VariableDelay.xml (RunModel)" time="0.013" />
  <testcase classname="ptolemy.util.test.junit.AutoTests" name="[76] /home/travis/build/icyphy/ptII/ptolemy/domains/de/test/auto/VariableDelay2.xml (RunModel)" time="0.009" />
  <testcase classname="ptolemy.util.test.junit.AutoTests" name="[77] /home/travis/build/icyphy/ptII/ptolemy/domains/de/test/auto/VariableDelayZeroDelay.xml (RunModel)" time="0.011" />
  <testcase classname="ptolemy.util.test.junit.AutoTests" name="[78] /home/travis/build/icyphy/ptII/ptolemy/domains/de/test/auto/VariableDelayZeroDelay2.xml (RunModel)" time="0.009" />
  <testcase classname="ptolemy.util.test.junit.AutoTests" name="[79] /home/travis/build/icyphy/ptII/ptolemy/domains/de/test/auto/deInCt.xml (RunModel)" time="0.013" />
  <testcase classname="ptolemy.util.test.junit.AutoTests" name="[80] /home/travis/build/icyphy/ptII/ptolemy/domains/de/test/auto/deInCt2.xml (RunModel)" time="0.012" />
  <testcase classname="ptolemy.util.test.junit.AutoTests" name="[81] /home/travis/build/icyphy/ptII/ptolemy/domains/de/test/auto/dynamicCausalityInterface1.xml (RunModel)" time="0.02" />
  <testcase classname="ptolemy.util.test.junit.AutoTests" name="[82] /home/travis/build/icyphy/ptII/ptolemy/domains/de/test/auto/fsm_de_test.xml (RunModel)" time="0.02" />
  <testcase classname="ptolemy.util.test.junit.AutoTests" name="[83] /home/travis/build/icyphy/ptII/ptolemy/domains/de/test/auto/functionDependencyReconstruction.xml (RunModel)" time="0.029" />
  <testcase classname="ptolemy.util.test.junit.AutoTests" name="[84] /home/travis/build/icyphy/ptII/ptolemy/domains/de/test/auto/multirate.xml (RunModel)" time="0.014" />
  <testcase classname="ptolemy.util.test.junit.AutoTests" name="[85] /home/travis/build/icyphy/ptII/ptolemy/domains/de/test/auto/multirate2.xml (RunModel)" time="0.013" />
  <testcase classname="ptolemy.util.test.junit.AutoTests" name="[86] /home/travis/build/icyphy/ptII/ptolemy/domains/de/test/auto/realtime.xml (RunModel)" time="10.01" />
  <testcase classname="ptolemy.util.test.junit.AutoTests" name="[87] /home/travis/build/icyphy/ptII/ptolemy/domains/de/test/auto/relationGroup.xml (RunModel)" time="0.007" />
  <testcase classname="ptolemy.util.test.junit.AutoTests" name="[88] /home/travis/build/icyphy/ptII/ptolemy/domains/de/test/auto/relationGroup2.xml (RunModel)" time="0.006" />
  <testcase classname="ptolemy.util.test.junit.AutoTests" name="[89] /home/travis/build/icyphy/ptII/ptolemy/domains/de/test/auto/sortWithOpaquePorts.xml (RunModel)" time="0.008" />
  <testcase classname="ptolemy.util.test.junit.AutoTests" name="[90] /home/travis/build/icyphy/ptII/ptolemy/domains/de/test/auto/transferInputsandOutputs.xml (RunModel)" time="0.014" />
  <testcase classname="ptolemy.util.test.junit.AutoTests" name="[91] /home/travis/build/icyphy/ptII/ptolemy/domains/de/test/auto/triggerType.xml (RunModel)" time="0.008" />
  <system-out><![CDATA[/home/travis/build/icyphy/ptII/ptolemy/domains/de/test/DependencyLoop.tcl
testDefs.tcl: setting time out to 9000 seconds at Wed May 23 15:05:25 UTC 2018
13 ms. Memory: 116224K Free: 95043K (82%)
18 ms. Memory: 146944K Free: 137435K (94%)
/home/travis/build/icyphy/ptII/ptolemy/domains/de/test/RunDETestsAsQSS.tcl
Run the DE tests using ptolemy.domains.qss.test.QSSDirectorTest, which extends QSSDirector and prints a message in the constructors.
------------------ testing $PTII/ptolemy/domains/de/test/auto/knownFailedTests/dependencyLoop.xml (Known Failure) 
6 ms. Memory: 146944K Free: 133148K (91%)


==== $PTIIhome/travis/build/icyphy/ptII/ptolemy/domains/de/test/../../../../: Auto Automatic test in file $PTII/ptolemy/domains/de/test/auto/knownFailedTests/dependencyLoop.xml
==== Contents of test case:

	    # FIXME: we should use $relativeFilename here, but it
	    # might have backslashes under Windows, which causes no end
	    # of trouble.
	    createAndExecute $file
	    list {}
	
.... Test generated KNOWN error:
    while executing
ptolemy.kernel.util.IllegalActionException: Found a zero delay loop containing .dependencyLoop.original
  in .dependencyLoop and .dependencyLoop.original
	at ptolemy.actor.util.CausalityInterfaceForComposites._computeOutputPortDepth(CausalityInterfaceForComposites.java:759)
	at ptolemy.actor.util.CausalityInterfaceForComposites._computeInputDepth(CausalityInterfaceForComposites.java:696)
	at ptolemy.actor.util.CausalityInterfaceForComposites._computeOutputPortDepth(CausalityInterfaceForComposites.java:765)
	at ptolemy.actor.util.CausalityInterfaceForComposites._computeInputDepth(CausalityInterfaceForComposites.java:696)
	at ptolemy.actor.util.CausalityInterfaceForComposites._computeOutputPortDepth(CausalityInterfaceForComposites.java:765)
	at ptolemy.actor.util.CausalityInterfaceForComposites._computeInputDepth(CausalityInterfaceForComposites.java:696)
	at ptolemy.actor.util.CausalityInterfaceForComposites._computeActorDepth(CausalityInterfaceForComposites.java:532)
	at ptolemy.actor.util.CausalityInterfaceForComposites.checkForCycles(CausalityInterfaceForComposites.java:96)
	at ptolemy.domains.de.kernel.DEDirector.preinitialize(DEDirector.java:1337)
	at ptolemy.actor.CompositeActor.preinitialize(CompositeActor.java:1828)
	at ptolemy.actor.Manager.preinitializeAndResolveTypes(Manager.java:1040)
	at ptolemy.actor.Manager.initialize(Manager.java:710)
	at ptolemy.actor.Manager.execute(Manager.java:356)
	at ptolemy.actor.Manager.run(Manager.java:1263)
	at ptolemy.actor.Manager$PtolemyRunThread.run(Manager.java:1915)

    while executing
ptolemy.kernel.util.IllegalActionException: Found a zero delay loop containing .dependencyLoop.original
  in .dependencyLoop and .dependencyLoop.original
    while executing
"java::new ptolemy.moml.MoMLSimpleApplication $file
"
    (procedure "createAndExecute" line 2)
    invoked from within
"createAndExecute $file"
    ("uplevel" body line 5)
    invoked from within
"uplevel $contents_of_test"
------------------ testing $PTII/ptolemy/domains/de/test/auto/knownFailedTests/DESDFClockTest.xml (Known Failure) 
2085 ms. Memory: 146944K Free: 117769K (80%)


==== $PTIIhome/travis/build/icyphy/ptII/ptolemy/domains/de/test/../../../../: Auto Automatic test in file $PTII/ptolemy/domains/de/test/auto/knownFailedTests/DESDFClockTest.xml
==== Contents of test case:

	    # FIXME: we should use $relativeFilename here, but it
	    # might have backslashes under Windows, which causes no end
	    # of trouble.
	    createAndExecute $file
	    list {}
	
.... Test generated KNOWN error:
    while executing
ptolemy.kernel.util.IllegalActionException: Actor is not ready to fire.  Perhaps UpSample.prefire() returned false? Try debugging the actor by selecting "Listen to Actor".  Also, for SDF check moml for tokenConsumptionRate on input.
  in .DESDFClockTest.Play Bell.Copy1:SDF Director and .DESDFClockTest.Play Bell.UpSample
	at ptolemy.actor.sched.StaticSchedulingDirector.fire(StaticSchedulingDirector.java:227)
	at ptolemy.domains.sdf.kernel.SDFDirector.fire(SDFDirector.java:500)
	at ptolemy.actor.CompositeActor.fire(CompositeActor.java:455)
	at ptolemy.domains.de.kernel.DEDirector._fire(DEDirector.java:1948)
	at ptolemy.domains.de.kernel.DEDirector.fire(DEDirector.java:502)
	at ptolemy.actor.CompositeActor.fire(CompositeActor.java:455)
	at ptolemy.actor.Manager.iterate(Manager.java:851)
	at ptolemy.actor.Manager.execute(Manager.java:369)
	at ptolemy.actor.Manager.run(Manager.java:1263)
	at ptolemy.actor.Manager$PtolemyRunThread.run(Manager.java:1915)

    while executing
ptolemy.kernel.util.IllegalActionException: Actor is not ready to fire.  Perhaps UpSample.prefire() returned false? Try debugging the actor by selecting "Listen to Actor".  Also, for SDF check moml for tokenConsumptionRate on input.
  in .DESDFClockTest.Play Bell.Copy1:SDF Director and .DESDFClockTest.Play Bell.UpSample
    while executing
"java::new ptolemy.moml.MoMLSimpleApplication $file
"
    (procedure "createAndExecute" line 2)
    invoked from within
"createAndExecute $file"
    ("uplevel" body line 5)
    invoked from within
"uplevel $contents_of_test"
------------------ testing $PTII/ptolemy/domains/de/test/auto/knownFailedTests/FSMSource.xml (Known Failure) 
36 ms. Memory: 146944K Free: 108269K (74%)
!!!! Auto was marked as failing, but now passes
------------------ testing $PTII/ptolemy/domains/de/test/auto/knownFailedTests/dependencyLoop2.xml (Known Failure) 
7 ms. Memory: 146944K Free: 106410K (72%)


==== $PTIIhome/travis/build/icyphy/ptII/ptolemy/domains/de/test/../../../../: Auto Automatic test in file $PTII/ptolemy/domains/de/test/auto/knownFailedTests/dependencyLoop2.xml
==== Contents of test case:

	    # FIXME: we should use $relativeFilename here, but it
	    # might have backslashes under Windows, which causes no end
	    # of trouble.
	    createAndExecute $file
	    list {}
	
.... Test generated KNOWN error:
    while executing
ptolemy.kernel.util.IllegalActionException: Found a zero delay loop containing .dependencyLoop2.original
  in .dependencyLoop2 and .dependencyLoop2.original
	at ptolemy.actor.util.CausalityInterfaceForComposites._computeOutputPortDepth(CausalityInterfaceForComposites.java:759)
	at ptolemy.actor.util.CausalityInterfaceForComposites._computeInputDepth(CausalityInterfaceForComposites.java:696)
	at ptolemy.actor.util.CausalityInterfaceForComposites._computeOutputPortDepth(CausalityInterfaceForComposites.java:765)
	at ptolemy.actor.util.CausalityInterfaceForComposites._computeInputDepth(CausalityInterfaceForComposites.java:696)
	at ptolemy.actor.util.CausalityInterfaceForComposites._computeOutputPortDepth(CausalityInterfaceForComposites.java:765)
	at ptolemy.actor.util.CausalityInterfaceForComposites._computeInputDepth(CausalityInterfaceForComposites.java:696)
	at ptolemy.actor.util.CausalityInterfaceForComposites._computeActorDepth(CausalityInterfaceForComposites.java:532)
	at ptolemy.actor.util.CausalityInterfaceForComposites.checkForCycles(CausalityInterfaceForComposites.java:96)
	at ptolemy.domains.de.kernel.DEDirector.preinitialize(DEDirector.java:1337)
	at ptolemy.actor.CompositeActor.preinitialize(CompositeActor.java:1828)
	at ptolemy.actor.Manager.preinitializeAndResolveTypes(Manager.java:1040)
	at ptolemy.actor.Manager.initialize(Manager.java:710)
	at ptolemy.actor.Manager.execute(Manager.java:356)
	at ptolemy.actor.Manager.run(Manager.java:1263)
	at ptolemy.actor.Manager$PtolemyRunThread.run(Manager.java:1915)

    while executing
ptolemy.kernel.util.IllegalActionException: Found a zero delay loop containing .dependencyLoop2.original
  in .dependencyLoop2 and .dependencyLoop2.original
    while executing
"java::new ptolemy.moml.MoMLSimpleApplication $file
"
    (procedure "createAndExecute" line 2)
    invoked from within
"createAndExecute $file"
    ("uplevel" body line 5)
    invoked from within
"uplevel $contents_of_test"
------------------ testing $PTII/ptolemy/domains/de/test/auto/knownFailedTests/HierarchicalModel.xml (Known Failure) 
6 ms. Memory: 146944K Free: 85882K (58%)


==== $PTIIhome/travis/build/icyphy/ptII/ptolemy/domains/de/test/../../../../: Auto Automatic test in file $PTII/ptolemy/domains/de/test/auto/knownFailedTests/HierarchicalModel.xml
==== Contents of test case:

	    # FIXME: we should use $relativeFilename here, but it
	    # might have backslashes under Windows, which causes no end
	    # of trouble.
	    createAndExecute $file
	    list {}
	
.... Test generated KNOWN error:
    while executing
ptolemy.kernel.util.IllegalActionException: Found a zero delay loop containing .HierarchicalModel.A
  in .HierarchicalModel and .HierarchicalModel.A
	at ptolemy.actor.util.CausalityInterfaceForComposites._computeOutputPortDepth(CausalityInterfaceForComposites.java:759)
	at ptolemy.actor.util.CausalityInterfaceForComposites._computeInputDepth(CausalityInterfaceForComposites.java:696)
	at ptolemy.actor.util.CausalityInterfaceForComposites._computeOutputPortDepth(CausalityInterfaceForComposites.java:765)
	at ptolemy.actor.util.CausalityInterfaceForComposites._computeInputDepth(CausalityInterfaceForComposites.java:696)
	at ptolemy.actor.util.CausalityInterfaceForComposites._computeOutputPortDepth(CausalityInterfaceForComposites.java:765)
	at ptolemy.actor.util.CausalityInterfaceForComposites._computeInputDepth(CausalityInterfaceForComposites.java:696)
	at ptolemy.actor.util.CausalityInterfaceForComposites._computeActorDepth(CausalityInterfaceForComposites.java:532)
	at ptolemy.actor.util.CausalityInterfaceForComposites.checkForCycles(CausalityInterfaceForComposites.java:96)
	at ptolemy.domains.de.kernel.DEDirector.preinitialize(DEDirector.java:1337)
	at ptolemy.actor.CompositeActor.preinitialize(CompositeActor.java:1828)
	at ptolemy.actor.Manager.preinitializeAndResolveTypes(Manager.java:1040)
	at ptolemy.actor.Manager.initialize(Manager.java:710)
	at ptolemy.actor.Manager.execute(Manager.java:356)
	at ptolemy.actor.Manager.run(Manager.java:1263)
	at ptolemy.actor.Manager$PtolemyRunThread.run(Manager.java:1915)

    while executing
ptolemy.kernel.util.IllegalActionException: Found a zero delay loop containing .HierarchicalModel.A
  in .HierarchicalModel and .HierarchicalModel.A
    while executing
"java::new ptolemy.moml.MoMLSimpleApplication $file
"
    (procedure "createAndExecute" line 2)
    invoked from within
"createAndExecute $file"
    ("uplevel" body line 5)
    invoked from within
"uplevel $contents_of_test"
------------------ testing $PTII/ptolemy/domains/de/test/auto/knownFailedTests/DirectFeedback.xml (Known Failure) 
3 ms. Memory: 146944K Free: 81839K (56%)


==== $PTIIhome/travis/build/icyphy/ptII/ptolemy/domains/de/test/../../../../: Auto Automatic test in file $PTII/ptolemy/domains/de/test/auto/knownFailedTests/DirectFeedback.xml
==== Contents of test case:

	    # FIXME: we should use $relativeFilename here, but it
	    # might have backslashes under Windows, which causes no end
	    # of trouble.
	    createAndExecute $file
	    list {}
	
.... Test generated KNOWN error:
    while executing
ptolemy.kernel.util.IllegalActionException: Test fails in iteration 1.
Value was: 1.0. Should have been: 2.0
  in .DirectFeedback.Test
	at ptolemy.actor.lib.Test.fire(Test.java:268)
	at ptolemy.domains.de.kernel.DEDirector._fire(DEDirector.java:1948)
	at ptolemy.domains.de.kernel.DEDirector.fire(DEDirector.java:502)
	at ptolemy.actor.CompositeActor.fire(CompositeActor.java:455)
	at ptolemy.actor.Manager.iterate(Manager.java:851)
	at ptolemy.actor.Manager.execute(Manager.java:369)
	at ptolemy.actor.Manager.run(Manager.java:1263)
	at ptolemy.actor.Manager$PtolemyRunThread.run(Manager.java:1915)

    while executing
ptolemy.kernel.util.IllegalActionException: Test fails in iteration 1.
Value was: 1.0. Should have been: 2.0
  in .DirectFeedback.Test
    while executing
"java::new ptolemy.moml.MoMLSimpleApplication $file
"
    (procedure "createAndExecute" line 2)
    invoked from within
"createAndExecute $file"
    ("uplevel" body line 5)
    invoked from within
"uplevel $contents_of_test"
------------------ testing $PTII/ptolemy/domains/de/test/auto/ActorDepthCalculation_actorWithoutPorts.xml
auto.tcl: Setting watchdog for 200 seconds at Wed May 23 15:05:29 UTC 2018
9 ms. Memory: 146944K Free: 134319K (91%)
ptolemy.util.test.WatchDog.cancel(): canceling Wed May 23 15:05:29 UTC 2018
auto.tcl: Setting watchdog for 200 seconds at Wed May 23 15:05:29 UTC 2018
4 ms. Memory: 146944K Free: 132271K (90%)
ptolemy.util.test.WatchDog.cancel(): canceling Wed May 23 15:05:29 UTC 2018
------------------ testing $PTII/ptolemy/domains/de/test/auto/AssemblyLine.xml
auto.tcl: Setting watchdog for 200 seconds at Wed May 23 15:05:29 UTC 2018
19 ms. Memory: 208384K Free: 186614K (90%)
ptolemy.util.test.WatchDog.cancel(): canceling Wed May 23 15:05:29 UTC 2018
auto.tcl: Setting watchdog for 200 seconds at Wed May 23 15:05:29 UTC 2018
10 ms. Memory: 208384K Free: 186614K (90%)
ptolemy.util.test.WatchDog.cancel(): canceling Wed May 23 15:05:29 UTC 2018
------------------ testing $PTII/ptolemy/domains/de/test/auto/CQBug1.xml
auto.tcl: Setting watchdog for 200 seconds at Wed May 23 15:05:29 UTC 2018
3 ms. Memory: 208384K Free: 197706K (95%)
ptolemy.util.test.WatchDog.cancel(): canceling Wed May 23 15:05:30 UTC 2018
auto.tcl: Setting watchdog for 200 seconds at Wed May 23 15:05:30 UTC 2018
2 ms. Memory: 208384K Free: 197706K (95%)
ptolemy.util.test.WatchDog.cancel(): canceling Wed May 23 15:05:30 UTC 2018
------------------ testing $PTII/ptolemy/domains/de/test/auto/CancelFireAt.xml
auto.tcl: Setting watchdog for 200 seconds at Wed May 23 15:05:30 UTC 2018
4 ms. Memory: 208384K Free: 201024K (96%)
ptolemy.util.test.WatchDog.cancel(): canceling Wed May 23 15:05:30 UTC 2018
auto.tcl: Setting watchdog for 200 seconds at Wed May 23 15:05:30 UTC 2018
6 ms. Memory: 208384K Free: 198915K (95%)
ptolemy.util.test.WatchDog.cancel(): canceling Wed May 23 15:05:30 UTC 2018
------------------ testing $PTII/ptolemy/domains/de/test/auto/CausalityAndComposabilityAnalysis.xml
auto.tcl: Setting watchdog for 200 seconds at Wed May 23 15:05:30 UTC 2018
7 ms. Memory: 208384K Free: 196476K (94%)
ptolemy.util.test.WatchDog.cancel(): canceling Wed May 23 15:05:30 UTC 2018
auto.tcl: Setting watchdog for 200 seconds at Wed May 23 15:05:30 UTC 2018
9 ms. Memory: 208384K Free: 196476K (94%)
ptolemy.util.test.WatchDog.cancel(): canceling Wed May 23 15:05:30 UTC 2018
------------------ testing $PTII/ptolemy/domains/de/test/auto/CausalityInterface1.xml
auto.tcl: Setting watchdog for 200 seconds at Wed May 23 15:05:30 UTC 2018
17 ms. Memory: 208384K Free: 196412K (94%)
ptolemy.util.test.WatchDog.cancel(): canceling Wed May 23 15:05:30 UTC 2018
auto.tcl: Setting watchdog for 200 seconds at Wed May 23 15:05:30 UTC 2018
4 ms. Memory: 208384K Free: 196412K (94%)
ptolemy.util.test.WatchDog.cancel(): canceling Wed May 23 15:05:30 UTC 2018
------------------ testing $PTII/ptolemy/domains/de/test/auto/CausalityInterface15.xml
auto.tcl: Setting watchdog for 200 seconds at Wed May 23 15:05:30 UTC 2018
16 ms. Memory: 208384K Free: 196402K (94%)
ptolemy.util.test.WatchDog.cancel(): canceling Wed May 23 15:05:30 UTC 2018
auto.tcl: Setting watchdog for 200 seconds at Wed May 23 15:05:30 UTC 2018
5 ms. Memory: 208384K Free: 196402K (94%)
ptolemy.util.test.WatchDog.cancel(): canceling Wed May 23 15:05:30 UTC 2018
------------------ testing $PTII/ptolemy/domains/de/test/auto/CausalityInterface2.xml
auto.tcl: Setting watchdog for 200 seconds at Wed May 23 15:05:30 UTC 2018
4 ms. Memory: 208384K Free: 196386K (94%)
ptolemy.util.test.WatchDog.cancel(): canceling Wed May 23 15:05:30 UTC 2018
auto.tcl: Setting watchdog for 200 seconds at Wed May 23 15:05:30 UTC 2018
2 ms. Memory: 208384K Free: 196386K (94%)
ptolemy.util.test.WatchDog.cancel(): canceling Wed May 23 15:05:30 UTC 2018
------------------ testing $PTII/ptolemy/domains/de/test/auto/CausalityInterface3.xml
auto.tcl: Setting watchdog for 200 seconds at Wed May 23 15:05:30 UTC 2018
5 ms. Memory: 208384K Free: 196394K (94%)
ptolemy.util.test.WatchDog.cancel(): canceling Wed May 23 15:05:30 UTC 2018
auto.tcl: Setting watchdog for 200 seconds at Wed May 23 15:05:30 UTC 2018
6 ms. Memory: 208384K Free: 196394K (94%)
ptolemy.util.test.WatchDog.cancel(): canceling Wed May 23 15:05:30 UTC 2018
------------------ testing $PTII/ptolemy/domains/de/test/auto/ClockDrift.xml
auto.tcl: Setting watchdog for 200 seconds at Wed May 23 15:05:30 UTC 2018
57 ms. Memory: 208384K Free: 187597K (90%)
ptolemy.util.test.WatchDog.cancel(): canceling Wed May 23 15:05:30 UTC 2018
auto.tcl: Setting watchdog for 200 seconds at Wed May 23 15:05:30 UTC 2018
51 ms. Memory: 208384K Free: 185488K (89%)
ptolemy.util.test.WatchDog.cancel(): canceling Wed May 23 15:05:30 UTC 2018
------------------ testing $PTII/ptolemy/domains/de/test/auto/ClockDriftAndValueChange.xml
auto.tcl: Setting watchdog for 200 seconds at Wed May 23 15:05:30 UTC 2018
60 ms. Memory: 208384K Free: 187434K (90%)
ptolemy.util.test.WatchDog.cancel(): canceling Wed May 23 15:05:30 UTC 2018
auto.tcl: Setting watchdog for 200 seconds at Wed May 23 15:05:30 UTC 2018
22 ms. Memory: 208384K Free: 185325K (89%)
ptolemy.util.test.WatchDog.cancel(): canceling Wed May 23 15:05:30 UTC 2018
------------------ testing $PTII/ptolemy/domains/de/test/auto/ClockDriftChange.xml
auto.tcl: Setting watchdog for 200 seconds at Wed May 23 15:05:31 UTC 2018
39 ms. Memory: 208384K Free: 190772K (92%)
ptolemy.util.test.WatchDog.cancel(): canceling Wed May 23 15:05:31 UTC 2018
auto.tcl: Setting watchdog for 200 seconds at Wed May 23 15:05:31 UTC 2018
24 ms. Memory: 208384K Free: 188663K (91%)
ptolemy.util.test.WatchDog.cancel(): canceling Wed May 23 15:05:31 UTC 2018
------------------ testing $PTII/ptolemy/domains/de/test/auto/ComposableCausalityAnalysis.xml
auto.tcl: Setting watchdog for 200 seconds at Wed May 23 15:05:31 UTC 2018
2 ms. Memory: 208384K Free: 196254K (94%)
ptolemy.util.test.WatchDog.cancel(): canceling Wed May 23 15:05:31 UTC 2018
auto.tcl: Setting watchdog for 200 seconds at Wed May 23 15:05:31 UTC 2018
2 ms. Memory: 208384K Free: 194145K (93%)
ptolemy.util.test.WatchDog.cancel(): canceling Wed May 23 15:05:31 UTC 2018
------------------ testing $PTII/ptolemy/domains/de/test/auto/DEFixedPointLimitation.xml
auto.tcl: Setting watchdog for 200 seconds at Wed May 23 15:05:31 UTC 2018
2 ms. Memory: 208384K Free: 196335K (94%)
ptolemy.util.test.WatchDog.cancel(): canceling Wed May 23 15:05:31 UTC 2018
auto.tcl: Setting watchdog for 200 seconds at Wed May 23 15:05:31 UTC 2018
1 ms. Memory: 208384K Free: 196335K (94%)
ptolemy.util.test.WatchDog.cancel(): canceling Wed May 23 15:05:31 UTC 2018
------------------ testing $PTII/ptolemy/domains/de/test/auto/DEScheduleTest.xml
auto.tcl: Setting watchdog for 200 seconds at Wed May 23 15:05:31 UTC 2018
6 ms. Memory: 208384K Free: 198479K (95%)
ptolemy.util.test.WatchDog.cancel(): canceling Wed May 23 15:05:31 UTC 2018
auto.tcl: Setting watchdog for 200 seconds at Wed May 23 15:05:31 UTC 2018
6 ms. Memory: 208384K Free: 196370K (94%)
ptolemy.util.test.WatchDog.cancel(): canceling Wed May 23 15:05:31 UTC 2018
------------------ testing $PTII/ptolemy/domains/de/test/auto/DEinDEwithStartTimes.xml
auto.tcl: Setting watchdog for 200 seconds at Wed May 23 15:05:31 UTC 2018
7 ms. Memory: 208384K Free: 196338K (94%)
ptolemy.util.test.WatchDog.cancel(): canceling Wed May 23 15:05:31 UTC 2018
auto.tcl: Setting watchdog for 200 seconds at Wed May 23 15:05:31 UTC 2018
5 ms. Memory: 208384K Free: 194230K (93%)
ptolemy.util.test.WatchDog.cancel(): canceling Wed May 23 15:05:31 UTC 2018
------------------ testing $PTII/ptolemy/domains/de/test/auto/DEinDEwithStartTimes2.xml
auto.tcl: Setting watchdog for 200 seconds at Wed May 23 15:05:31 UTC 2018
9 ms. Memory: 208384K Free: 196319K (94%)
ptolemy.util.test.WatchDog.cancel(): canceling Wed May 23 15:05:31 UTC 2018
auto.tcl: Setting watchdog for 200 seconds at Wed May 23 15:05:31 UTC 2018
4 ms. Memory: 208384K Free: 194210K (93%)
ptolemy.util.test.WatchDog.cancel(): canceling Wed May 23 15:05:31 UTC 2018
------------------ testing $PTII/ptolemy/domains/de/test/auto/DateDemo.xml
auto.tcl: Setting watchdog for 200 seconds at Wed May 23 15:05:31 UTC 2018
11 ms. Memory: 208384K Free: 188721K (91%)
ptolemy.util.test.WatchDog.cancel(): canceling Wed May 23 15:05:31 UTC 2018
auto.tcl: Setting watchdog for 200 seconds at Wed May 23 15:05:31 UTC 2018
6 ms. Memory: 208384K Free: 186612K (90%)
ptolemy.util.test.WatchDog.cancel(): canceling Wed May 23 15:05:31 UTC 2018
------------------ testing $PTII/ptolemy/domains/de/test/auto/DateToEvent.xml
auto.tcl: Setting watchdog for 200 seconds at Wed May 23 15:05:31 UTC 2018
2019 ms. Memory: 208384K Free: 183429K (88%)
ptolemy.util.test.WatchDog.cancel(): canceling Wed May 23 15:05:33 UTC 2018
auto.tcl: Setting watchdog for 200 seconds at Wed May 23 15:05:33 UTC 2018
2008 ms. Memory: 208384K Free: 183429K (88%)
ptolemy.util.test.WatchDog.cancel(): canceling Wed May 23 15:05:35 UTC 2018
------------------ testing $PTII/ptolemy/domains/de/test/auto/DepthTest1.xml
auto.tcl: Setting watchdog for 200 seconds at Wed May 23 15:05:35 UTC 2018
2 ms. Memory: 208384K Free: 198005K (95%)
ptolemy.util.test.WatchDog.cancel(): canceling Wed May 23 15:05:35 UTC 2018
auto.tcl: Setting watchdog for 200 seconds at Wed May 23 15:05:35 UTC 2018
2 ms. Memory: 208384K Free: 198005K (95%)
ptolemy.util.test.WatchDog.cancel(): canceling Wed May 23 15:05:35 UTC 2018
------------------ testing $PTII/ptolemy/domains/de/test/auto/DepthTest2.xml
auto.tcl: Setting watchdog for 200 seconds at Wed May 23 15:05:35 UTC 2018
3 ms. Memory: 208384K Free: 194189K (93%)
ptolemy.util.test.WatchDog.cancel(): canceling Wed May 23 15:05:36 UTC 2018
auto.tcl: Setting watchdog for 200 seconds at Wed May 23 15:05:36 UTC 2018
6 ms. Memory: 208384K Free: 194189K (93%)
ptolemy.util.test.WatchDog.cancel(): canceling Wed May 23 15:05:36 UTC 2018
------------------ testing $PTII/ptolemy/domains/de/test/auto/DepthTest3.xml
auto.tcl: Setting watchdog for 200 seconds at Wed May 23 15:05:36 UTC 2018
2 ms. Memory: 208384K Free: 198678K (95%)
ptolemy.util.test.WatchDog.cancel(): canceling Wed May 23 15:05:36 UTC 2018
auto.tcl: Setting watchdog for 200 seconds at Wed May 23 15:05:36 UTC 2018
1 ms. Memory: 208384K Free: 198678K (95%)
ptolemy.util.test.WatchDog.cancel(): canceling Wed May 23 15:05:36 UTC 2018
------------------ testing $PTII/ptolemy/domains/de/test/auto/DepthTest4.xml
auto.tcl: Setting watchdog for 200 seconds at Wed May 23 15:05:36 UTC 2018
3 ms. Memory: 208384K Free: 196319K (94%)
ptolemy.util.test.WatchDog.cancel(): canceling Wed May 23 15:05:36 UTC 2018
auto.tcl: Setting watchdog for 200 seconds at Wed May 23 15:05:36 UTC 2018
2 ms. Memory: 208384K Free: 196319K (94%)
ptolemy.util.test.WatchDog.cancel(): canceling Wed May 23 15:05:36 UTC 2018
------------------ testing $PTII/ptolemy/domains/de/test/auto/DepthTest5.xml
auto.tcl: Setting watchdog for 200 seconds at Wed May 23 15:05:36 UTC 2018
5 ms. Memory: 208384K Free: 196266K (94%)
ptolemy.util.test.WatchDog.cancel(): canceling Wed May 23 15:05:36 UTC 2018
auto.tcl: Setting watchdog for 200 seconds at Wed May 23 15:05:36 UTC 2018
2 ms. Memory: 208384K Free: 196266K (94%)
ptolemy.util.test.WatchDog.cancel(): canceling Wed May 23 15:05:36 UTC 2018
------------------ testing $PTII/ptolemy/domains/de/test/auto/DepthTest6.xml
auto.tcl: Setting watchdog for 200 seconds at Wed May 23 15:05:36 UTC 2018
8 ms. Memory: 208384K Free: 196235K (94%)
ptolemy.util.test.WatchDog.cancel(): canceling Wed May 23 15:05:36 UTC 2018
auto.tcl: Setting watchdog for 200 seconds at Wed May 23 15:05:36 UTC 2018
2 ms. Memory: 208384K Free: 196235K (94%)
ptolemy.util.test.WatchDog.cancel(): canceling Wed May 23 15:05:36 UTC 2018
------------------ testing $PTII/ptolemy/domains/de/test/auto/DepthTest7.xml
auto.tcl: Setting watchdog for 200 seconds at Wed May 23 15:05:36 UTC 2018
2 ms. Memory: 208384K Free: 196223K (94%)
ptolemy.util.test.WatchDog.cancel(): canceling Wed May 23 15:05:36 UTC 2018
auto.tcl: Setting watchdog for 200 seconds at Wed May 23 15:05:36 UTC 2018
1 ms. Memory: 208384K Free: 196223K (94%)
ptolemy.util.test.WatchDog.cancel(): canceling Wed May 23 15:05:36 UTC 2018
------------------ testing $PTII/ptolemy/domains/de/test/auto/EventToDate.xml
auto.tcl: Setting watchdog for 200 seconds at Wed May 23 15:05:36 UTC 2018
3005 ms. Memory: 208384K Free: 186037K (89%)
ptolemy.util.test.WatchDog.cancel(): canceling Wed May 23 15:05:39 UTC 2018
auto.tcl: Setting watchdog for 200 seconds at Wed May 23 15:05:39 UTC 2018
3005 ms. Memory: 208384K Free: 186037K (89%)
ptolemy.util.test.WatchDog.cancel(): canceling Wed May 23 15:05:42 UTC 2018
------------------ testing $PTII/ptolemy/domains/de/test/auto/FSM1.xml
auto.tcl: Setting watchdog for 200 seconds at Wed May 23 15:05:42 UTC 2018
17 ms. Memory: 208384K Free: 187082K (90%)
ptolemy.util.test.WatchDog.cancel(): canceling Wed May 23 15:05:42 UTC 2018
auto.tcl: Setting watchdog for 200 seconds at Wed May 23 15:05:42 UTC 2018
20 ms. Memory: 208384K Free: 182526K (88%)
ptolemy.util.test.WatchDog.cancel(): canceling Wed May 23 15:05:42 UTC 2018
------------------ testing $PTII/ptolemy/domains/de/test/auto/FSM7.xml
auto.tcl: Setting watchdog for 200 seconds at Wed May 23 15:05:42 UTC 2018
13 ms. Memory: 208384K Free: 187305K (90%)
ptolemy.util.test.WatchDog.cancel(): canceling Wed May 23 15:05:42 UTC 2018
auto.tcl: Setting watchdog for 200 seconds at Wed May 23 15:05:42 UTC 2018
14 ms. Memory: 208384K Free: 185180K (89%)
ptolemy.util.test.WatchDog.cancel(): canceling Wed May 23 15:05:42 UTC 2018
------------------ testing $PTII/ptolemy/domains/de/test/auto/Inspection.xml
auto.tcl: Setting watchdog for 200 seconds at Wed May 23 15:05:42 UTC 2018
18 ms. Memory: 208384K Free: 188519K (90%)
ptolemy.util.test.WatchDog.cancel(): canceling Wed May 23 15:05:42 UTC 2018
auto.tcl: Setting watchdog for 200 seconds at Wed May 23 15:05:42 UTC 2018
26 ms. Memory: 208384K Free: 186394K (89%)
ptolemy.util.test.WatchDog.cancel(): canceling Wed May 23 15:05:42 UTC 2018
------------------ testing $PTII/ptolemy/domains/de/test/auto/Iteration.xml
auto.tcl: Setting watchdog for 200 seconds at Wed May 23 15:05:42 UTC 2018
19 ms. Memory: 208384K Free: 193905K (93%)
ptolemy.util.test.WatchDog.cancel(): canceling Wed May 23 15:05:42 UTC 2018
auto.tcl: Setting watchdog for 200 seconds at Wed May 23 15:05:42 UTC 2018
7 ms. Memory: 208384K Free: 193905K (93%)
ptolemy.util.test.WatchDog.cancel(): canceling Wed May 23 15:05:42 UTC 2018
------------------ testing $PTII/ptolemy/domains/de/test/auto/LineFault.xml
auto.tcl: Setting watchdog for 200 seconds at Wed May 23 15:05:43 UTC 2018
756 ms. Memory: 208384K Free: 195174K (94%)
ptolemy.util.test.WatchDog.cancel(): canceling Wed May 23 15:05:44 UTC 2018
auto.tcl: Setting watchdog for 200 seconds at Wed May 23 15:05:44 UTC 2018
601 ms. Memory: 208384K Free: 139373K (67%)
ptolemy.util.test.WatchDog.cancel(): canceling Wed May 23 15:05:44 UTC 2018
------------------ testing $PTII/ptolemy/domains/de/test/auto/MergeModel1Add.xml
auto.tcl: Setting watchdog for 200 seconds at Wed May 23 15:05:44 UTC 2018
31 ms. Memory: 331264K Free: 302845K (91%)
ptolemy.util.test.WatchDog.cancel(): canceling Wed May 23 15:05:44 UTC 2018
auto.tcl: Setting watchdog for 200 seconds at Wed May 23 15:05:44 UTC 2018
13 ms. Memory: 331264K Free: 298894K (90%)
ptolemy.util.test.WatchDog.cancel(): canceling Wed May 23 15:05:44 UTC 2018
------------------ testing $PTII/ptolemy/domains/de/test/auto/MergeModel2Add.xml
auto.tcl: Setting watchdog for 200 seconds at Wed May 23 15:05:44 UTC 2018
10 ms. Memory: 331264K Free: 304200K (92%)
ptolemy.util.test.WatchDog.cancel(): canceling Wed May 23 15:05:44 UTC 2018
auto.tcl: Setting watchdog for 200 seconds at Wed May 23 15:05:44 UTC 2018
7 ms. Memory: 331264K Free: 300265K (91%)
ptolemy.util.test.WatchDog.cancel(): canceling Wed May 23 15:05:44 UTC 2018
------------------ testing $PTII/ptolemy/domains/de/test/auto/MergeModel3Add.xml
auto.tcl: Setting watchdog for 200 seconds at Wed May 23 15:05:44 UTC 2018
12 ms. Memory: 331264K Free: 304196K (92%)
ptolemy.util.test.WatchDog.cancel(): canceling Wed May 23 15:05:45 UTC 2018
auto.tcl: Setting watchdog for 200 seconds at Wed May 23 15:05:45 UTC 2018
8 ms. Memory: 331264K Free: 300260K (91%)
ptolemy.util.test.WatchDog.cancel(): canceling Wed May 23 15:05:45 UTC 2018
------------------ testing $PTII/ptolemy/domains/de/test/auto/MergeWithoutDiscard.xml
auto.tcl: Setting watchdog for 200 seconds at Wed May 23 15:05:45 UTC 2018
2 ms. Memory: 331264K Free: 316300K (95%)
ptolemy.util.test.WatchDog.cancel(): canceling Wed May 23 15:05:45 UTC 2018
auto.tcl: Setting watchdog for 200 seconds at Wed May 23 15:05:45 UTC 2018
1 ms. Memory: 331264K Free: 316015K (95%)
ptolemy.util.test.WatchDog.cancel(): canceling Wed May 23 15:05:45 UTC 2018
------------------ testing $PTII/ptolemy/domains/de/test/auto/Modal1.xml
auto.tcl: Setting watchdog for 200 seconds at Wed May 23 15:05:45 UTC 2018
21 ms. Memory: 331264K Free: 309935K (94%)
ptolemy.util.test.WatchDog.cancel(): canceling Wed May 23 15:05:45 UTC 2018
auto.tcl: Setting watchdog for 200 seconds at Wed May 23 15:05:45 UTC 2018
19 ms. Memory: 331264K Free: 306000K (92%)
ptolemy.util.test.WatchDog.cancel(): canceling Wed May 23 15:05:45 UTC 2018
------------------ testing $PTII/ptolemy/domains/de/test/auto/Modal2.xml
auto.tcl: Setting watchdog for 200 seconds at Wed May 23 15:05:45 UTC 2018
20 ms. Memory: 331264K Free: 309809K (94%)
ptolemy.util.test.WatchDog.cancel(): canceling Wed May 23 15:05:45 UTC 2018
auto.tcl: Setting watchdog for 200 seconds at Wed May 23 15:05:45 UTC 2018
18 ms. Memory: 331264K Free: 305873K (92%)
ptolemy.util.test.WatchDog.cancel(): canceling Wed May 23 15:05:45 UTC 2018
------------------ testing $PTII/ptolemy/domains/de/test/auto/Modal3.xml
auto.tcl: Setting watchdog for 200 seconds at Wed May 23 15:05:45 UTC 2018
17 ms. Memory: 331264K Free: 305170K (92%)
ptolemy.util.test.WatchDog.cancel(): canceling Wed May 23 15:05:45 UTC 2018
auto.tcl: Setting watchdog for 200 seconds at Wed May 23 15:05:45 UTC 2018
9 ms. Memory: 331264K Free: 300948K (91%)
ptolemy.util.test.WatchDog.cancel(): canceling Wed May 23 15:05:45 UTC 2018
------------------ testing $PTII/ptolemy/domains/de/test/auto/Modal4.xml
auto.tcl: Setting watchdog for 200 seconds at Wed May 23 15:05:45 UTC 2018
23 ms. Memory: 331264K Free: 309805K (94%)
ptolemy.util.test.WatchDog.cancel(): canceling Wed May 23 15:05:45 UTC 2018
auto.tcl: Setting watchdog for 200 seconds at Wed May 23 15:05:45 UTC 2018
16 ms. Memory: 331264K Free: 305853K (92%)
ptolemy.util.test.WatchDog.cancel(): canceling Wed May 23 15:05:45 UTC 2018
------------------ testing $PTII/ptolemy/domains/de/test/auto/Modal5.xml
auto.tcl: Setting watchdog for 200 seconds at Wed May 23 15:05:45 UTC 2018
11 ms. Memory: 331264K Free: 309808K (94%)
ptolemy.util.test.WatchDog.cancel(): canceling Wed May 23 15:05:45 UTC 2018
auto.tcl: Setting watchdog for 200 seconds at Wed May 23 15:05:45 UTC 2018
12 ms. Memory: 331264K Free: 305856K (92%)
ptolemy.util.test.WatchDog.cancel(): canceling Wed May 23 15:05:45 UTC 2018
------------------ testing $PTII/ptolemy/domains/de/test/auto/Modal6.xml
auto.tcl: Setting watchdog for 200 seconds at Wed May 23 15:05:45 UTC 2018
11 ms. Memory: 331264K Free: 309790K (94%)
ptolemy.util.test.WatchDog.cancel(): canceling Wed May 23 15:05:45 UTC 2018
auto.tcl: Setting watchdog for 200 seconds at Wed May 23 15:05:45 UTC 2018
13 ms. Memory: 331264K Free: 305838K (92%)
ptolemy.util.test.WatchDog.cancel(): canceling Wed May 23 15:05:45 UTC 2018
------------------ testing $PTII/ptolemy/domains/de/test/auto/Modal7.xml
auto.tcl: Setting watchdog for 200 seconds at Wed May 23 15:05:45 UTC 2018
31 ms. Memory: 331264K Free: 309774K (94%)
ptolemy.util.test.WatchDog.cancel(): canceling Wed May 23 15:05:45 UTC 2018
auto.tcl: Setting watchdog for 200 seconds at Wed May 23 15:05:45 UTC 2018
11 ms. Memory: 331264K Free: 305822K (92%)
ptolemy.util.test.WatchDog.cancel(): canceling Wed May 23 15:05:45 UTC 2018
------------------ testing $PTII/ptolemy/domains/de/test/auto/ModalModel.xml
auto.tcl: Setting watchdog for 200 seconds at Wed May 23 15:05:45 UTC 2018
197 ms. Memory: 331264K Free: 246100K (74%)
ptolemy.util.test.WatchDog.cancel(): canceling Wed May 23 15:05:46 UTC 2018
auto.tcl: Setting watchdog for 200 seconds at Wed May 23 15:05:46 UTC 2018
154 ms. Memory: 331264K Free: 190880K (58%)
ptolemy.util.test.WatchDog.cancel(): canceling Wed May 23 15:05:46 UTC 2018
------------------ testing $PTII/ptolemy/domains/de/test/auto/ModalSource.xml
auto.tcl: Setting watchdog for 200 seconds at Wed May 23 15:05:46 UTC 2018
6 ms. Memory: 331264K Free: 316754K (96%)
ptolemy.util.test.WatchDog.cancel(): canceling Wed May 23 15:05:46 UTC 2018
auto.tcl: Setting watchdog for 200 seconds at Wed May 23 15:05:46 UTC 2018
6 ms. Memory: 331264K Free: 313232K (95%)
ptolemy.util.test.WatchDog.cancel(): canceling Wed May 23 15:05:46 UTC 2018
------------------ testing $PTII/ptolemy/domains/de/test/auto/NonInterruptibleTimerZeroDelay.xml
auto.tcl: Setting watchdog for 200 seconds at Wed May 23 15:05:46 UTC 2018
3 ms. Memory: 331264K Free: 320920K (97%)
ptolemy.util.test.WatchDog.cancel(): canceling Wed May 23 15:05:46 UTC 2018
auto.tcl: Setting watchdog for 200 seconds at Wed May 23 15:05:46 UTC 2018
2 ms. Memory: 331264K Free: 317406K (96%)
ptolemy.util.test.WatchDog.cancel(): canceling Wed May 23 15:05:46 UTC 2018
------------------ testing $PTII/ptolemy/domains/de/test/auto/OpenQueueingNetwork.xml
auto.tcl: Setting watchdog for 200 seconds at Wed May 23 15:05:46 UTC 2018
2643 ms. Memory: 317952K Free: 159863K (50%)
ptolemy.util.test.WatchDog.cancel(): canceling Wed May 23 15:05:49 UTC 2018
auto.tcl: Setting watchdog for 200 seconds at Wed May 23 15:05:49 UTC 2018
2140 ms. Memory: 287232K Free: 236501K (82%)
ptolemy.util.test.WatchDog.cancel(): canceling Wed May 23 15:05:51 UTC 2018
------------------ testing $PTII/ptolemy/domains/de/test/auto/OpenQueuingNetwork.xml
auto.tcl: Setting watchdog for 200 seconds at Wed May 23 15:05:51 UTC 2018
222 ms. Memory: 287232K Free: 187608K (65%)
ptolemy.util.test.WatchDog.cancel(): canceling Wed May 23 15:05:51 UTC 2018
auto.tcl: Setting watchdog for 200 seconds at Wed May 23 15:05:51 UTC 2018
205 ms. Memory: 287232K Free: 130386K (45%)
ptolemy.util.test.WatchDog.cancel(): canceling Wed May 23 15:05:52 UTC 2018
------------------ testing $PTII/ptolemy/domains/de/test/auto/PeriodicSampler.xml
auto.tcl: Setting watchdog for 200 seconds at Wed May 23 15:05:52 UTC 2018
2 ms. Memory: 289792K Free: 274897K (95%)
ptolemy.util.test.WatchDog.cancel(): canceling Wed May 23 15:05:52 UTC 2018
auto.tcl: Setting watchdog for 200 seconds at Wed May 23 15:05:52 UTC 2018
2 ms. Memory: 289792K Free: 274897K (95%)
ptolemy.util.test.WatchDog.cancel(): canceling Wed May 23 15:05:52 UTC 2018
------------------ testing $PTII/ptolemy/domains/de/test/auto/PersistentIO.xml
auto.tcl: Setting watchdog for 200 seconds at Wed May 23 15:05:52 UTC 2018
11 ms. Memory: 287232K Free: 267148K (93%)
ptolemy.util.test.WatchDog.cancel(): canceling Wed May 23 15:05:52 UTC 2018
auto.tcl: Setting watchdog for 200 seconds at Wed May 23 15:05:52 UTC 2018
4 ms. Memory: 287232K Free: 267148K (93%)
ptolemy.util.test.WatchDog.cancel(): canceling Wed May 23 15:05:52 UTC 2018
------------------ testing $PTII/ptolemy/domains/de/test/auto/PortParameterResetOnInitialize.xml
auto.tcl: Setting watchdog for 200 seconds at Wed May 23 15:05:52 UTC 2018
5 ms. Memory: 289280K Free: 274753K (95%)
ptolemy.util.test.WatchDog.cancel(): canceling Wed May 23 15:05:52 UTC 2018
auto.tcl: Setting watchdog for 200 seconds at Wed May 23 15:05:52 UTC 2018
1 ms. Memory: 289280K Free: 274753K (95%)
ptolemy.util.test.WatchDog.cancel(): canceling Wed May 23 15:05:52 UTC 2018
------------------ testing $PTII/ptolemy/domains/de/test/auto/PortParameterUpdates.xml
auto.tcl: Setting watchdog for 200 seconds at Wed May 23 15:05:52 UTC 2018
3 ms. Memory: 287232K Free: 272830K (95%)
ptolemy.util.test.WatchDog.cancel(): canceling Wed May 23 15:05:52 UTC 2018
auto.tcl: Setting watchdog for 200 seconds at Wed May 23 15:05:52 UTC 2018
3 ms. Memory: 287232K Free: 269928K (94%)
ptolemy.util.test.WatchDog.cancel(): canceling Wed May 23 15:05:52 UTC 2018
------------------ testing $PTII/ptolemy/domains/de/test/auto/QueueAndServer.xml
auto.tcl: Setting watchdog for 200 seconds at Wed May 23 15:05:52 UTC 2018
20 ms. Memory: 289280K Free: 273997K (95%)
ptolemy.util.test.WatchDog.cancel(): canceling Wed May 23 15:05:52 UTC 2018
auto.tcl: Setting watchdog for 200 seconds at Wed May 23 15:05:52 UTC 2018
6 ms. Memory: 289280K Free: 273997K (95%)
ptolemy.util.test.WatchDog.cancel(): canceling Wed May 23 15:05:52 UTC 2018
------------------ testing $PTII/ptolemy/domains/de/test/auto/Records.xml
auto.tcl: Setting watchdog for 200 seconds at Wed May 23 15:05:52 UTC 2018
3 ms. Memory: 287232K Free: 274792K (96%)
ptolemy.util.test.WatchDog.cancel(): canceling Wed May 23 15:05:52 UTC 2018
auto.tcl: Setting watchdog for 200 seconds at Wed May 23 15:05:52 UTC 2018
2 ms. Memory: 287232K Free: 274792K (96%)
ptolemy.util.test.WatchDog.cancel(): canceling Wed May 23 15:05:52 UTC 2018
------------------ testing $PTII/ptolemy/domains/de/test/auto/ResetTransitionWithStartTime1.xml
auto.tcl: Setting watchdog for 200 seconds at Wed May 23 15:05:52 UTC 2018
7 ms. Memory: 288768K Free: 273557K (95%)
ptolemy.util.test.WatchDog.cancel(): canceling Wed May 23 15:05:52 UTC 2018
auto.tcl: Setting watchdog for 200 seconds at Wed May 23 15:05:52 UTC 2018
5 ms. Memory: 288768K Free: 270655K (94%)
ptolemy.util.test.WatchDog.cancel(): canceling Wed May 23 15:05:52 UTC 2018
------------------ testing $PTII/ptolemy/domains/de/test/auto/ResetTransitionWithStartTime2.xml
auto.tcl: Setting watchdog for 200 seconds at Wed May 23 15:05:52 UTC 2018
5 ms. Memory: 287232K Free: 271919K (95%)
ptolemy.util.test.WatchDog.cancel(): canceling Wed May 23 15:05:52 UTC 2018
auto.tcl: Setting watchdog for 200 seconds at Wed May 23 15:05:52 UTC 2018
6 ms. Memory: 287232K Free: 269017K (94%)
ptolemy.util.test.WatchDog.cancel(): canceling Wed May 23 15:05:52 UTC 2018
------------------ testing $PTII/ptolemy/domains/de/test/auto/ResetTransitionWithStartTime3.xml
auto.tcl: Setting watchdog for 200 seconds at Wed May 23 15:05:52 UTC 2018
11 ms. Memory: 288768K Free: 273453K (95%)
ptolemy.util.test.WatchDog.cancel(): canceling Wed May 23 15:05:52 UTC 2018
auto.tcl: Setting watchdog for 200 seconds at Wed May 23 15:05:52 UTC 2018
5 ms. Memory: 288768K Free: 270551K (94%)
ptolemy.util.test.WatchDog.cancel(): canceling Wed May 23 15:05:52 UTC 2018
------------------ testing $PTII/ptolemy/domains/de/test/auto/ResetTransitionWithStartTime4.xml
auto.tcl: Setting watchdog for 200 seconds at Wed May 23 15:05:52 UTC 2018
4 ms. Memory: 287232K Free: 271916K (95%)
ptolemy.util.test.WatchDog.cancel(): canceling Wed May 23 15:05:52 UTC 2018
auto.tcl: Setting watchdog for 200 seconds at Wed May 23 15:05:52 UTC 2018
4 ms. Memory: 287232K Free: 271916K (95%)
ptolemy.util.test.WatchDog.cancel(): canceling Wed May 23 15:05:52 UTC 2018
------------------ testing $PTII/ptolemy/domains/de/test/auto/ResettableTimer1.xml
auto.tcl: Setting watchdog for 200 seconds at Wed May 23 15:05:52 UTC 2018
3 ms. Memory: 288768K Free: 276350K (96%)
ptolemy.util.test.WatchDog.cancel(): canceling Wed May 23 15:05:52 UTC 2018
auto.tcl: Setting watchdog for 200 seconds at Wed May 23 15:05:52 UTC 2018
1 ms. Memory: 288768K Free: 276350K (96%)
ptolemy.util.test.WatchDog.cancel(): canceling Wed May 23 15:05:52 UTC 2018
------------------ testing $PTII/ptolemy/domains/de/test/auto/ResettableTimer2.xml
auto.tcl: Setting watchdog for 200 seconds at Wed May 23 15:05:52 UTC 2018
3 ms. Memory: 287232K Free: 274957K (96%)
ptolemy.util.test.WatchDog.cancel(): canceling Wed May 23 15:05:52 UTC 2018
auto.tcl: Setting watchdog for 200 seconds at Wed May 23 15:05:52 UTC 2018
2 ms. Memory: 287232K Free: 274957K (96%)
ptolemy.util.test.WatchDog.cancel(): canceling Wed May 23 15:05:52 UTC 2018
------------------ testing $PTII/ptolemy/domains/de/test/auto/ResettableTimer3.xml
auto.tcl: Setting watchdog for 200 seconds at Wed May 23 15:05:52 UTC 2018
2 ms. Memory: 288256K Free: 275895K (96%)
ptolemy.util.test.WatchDog.cancel(): canceling Wed May 23 15:05:52 UTC 2018
auto.tcl: Setting watchdog for 200 seconds at Wed May 23 15:05:52 UTC 2018
1 ms. Memory: 288256K Free: 275895K (96%)
ptolemy.util.test.WatchDog.cancel(): canceling Wed May 23 15:05:52 UTC 2018
------------------ testing $PTII/ptolemy/domains/de/test/auto/ResettableTimer4.xml
auto.tcl: Setting watchdog for 200 seconds at Wed May 23 15:05:52 UTC 2018
1 ms. Memory: 287232K Free: 274986K (96%)
ptolemy.util.test.WatchDog.cancel(): canceling Wed May 23 15:05:52 UTC 2018
auto.tcl: Setting watchdog for 200 seconds at Wed May 23 15:05:52 UTC 2018
1 ms. Memory: 287232K Free: 274986K (96%)
ptolemy.util.test.WatchDog.cancel(): canceling Wed May 23 15:05:52 UTC 2018
------------------ testing $PTII/ptolemy/domains/de/test/auto/ResettableTimer5.xml
auto.tcl: Setting watchdog for 200 seconds at Wed May 23 15:05:52 UTC 2018
2 ms. Memory: 288256K Free: 273942K (95%)
ptolemy.util.test.WatchDog.cancel(): canceling Wed May 23 15:05:52 UTC 2018
auto.tcl: Setting watchdog for 200 seconds at Wed May 23 15:05:52 UTC 2018
1 ms. Memory: 288256K Free: 273942K (95%)
ptolemy.util.test.WatchDog.cancel(): canceling Wed May 23 15:05:52 UTC 2018
------------------ testing $PTII/ptolemy/domains/de/test/auto/ResettableTimer6.xml
auto.tcl: Setting watchdog for 200 seconds at Wed May 23 15:05:53 UTC 2018
2 ms. Memory: 287232K Free: 272773K (95%)
ptolemy.util.test.WatchDog.cancel(): canceling Wed May 23 15:05:53 UTC 2018
auto.tcl: Setting watchdog for 200 seconds at Wed May 23 15:05:53 UTC 2018
1 ms. Memory: 287232K Free: 272773K (95%)
ptolemy.util.test.WatchDog.cancel(): canceling Wed May 23 15:05:53 UTC 2018
------------------ testing $PTII/ptolemy/domains/de/test/auto/ServerZeroDelay.xml
auto.tcl: Setting watchdog for 200 seconds at Wed May 23 15:05:53 UTC 2018
3 ms. Memory: 288256K Free: 275931K (96%)
ptolemy.util.test.WatchDog.cancel(): canceling Wed May 23 15:05:53 UTC 2018
auto.tcl: Setting watchdog for 200 seconds at Wed May 23 15:05:53 UTC 2018
2 ms. Memory: 288256K Free: 275931K (96%)
ptolemy.util.test.WatchDog.cancel(): canceling Wed May 23 15:05:53 UTC 2018
------------------ testing $PTII/ptolemy/domains/de/test/auto/SmartSender.xml
auto.tcl: Setting watchdog for 200 seconds at Wed May 23 15:05:53 UTC 2018
3001 ms. Memory: 287232K Free: 272860K (95%)
ptolemy.util.test.WatchDog.cancel(): canceling Wed May 23 15:05:56 UTC 2018
auto.tcl: Setting watchdog for 200 seconds at Wed May 23 15:05:56 UTC 2018
3002 ms. Memory: 287232K Free: 272860K (95%)
ptolemy.util.test.WatchDog.cancel(): canceling Wed May 23 15:05:59 UTC 2018
------------------ testing $PTII/ptolemy/domains/de/test/auto/ThreadedComposite.xml
auto.tcl: Setting watchdog for 200 seconds at Wed May 23 15:05:59 UTC 2018
190 ms. Memory: 288256K Free: 252788K (88%)
ptolemy.util.test.WatchDog.cancel(): canceling Wed May 23 15:05:59 UTC 2018
auto.tcl: Setting watchdog for 200 seconds at Wed May 23 15:05:59 UTC 2018
134 ms. Memory: 288256K Free: 234666K (81%)
ptolemy.util.test.WatchDog.cancel(): canceling Wed May 23 15:05:59 UTC 2018
------------------ testing $PTII/ptolemy/domains/de/test/auto/Time.xml
auto.tcl: Setting watchdog for 200 seconds at Wed May 23 15:05:59 UTC 2018
492 ms. Memory: 287232K Free: 218953K (76%)
ptolemy.util.test.WatchDog.cancel(): canceling Wed May 23 15:06:00 UTC 2018
auto.tcl: Setting watchdog for 200 seconds at Wed May 23 15:06:00 UTC 2018
475 ms. Memory: 287232K Free: 164114K (57%)
ptolemy.util.test.WatchDog.cancel(): canceling Wed May 23 15:06:00 UTC 2018
------------------ testing $PTII/ptolemy/domains/de/test/auto/TimeDelayZeroDelay.xml
auto.tcl: Setting watchdog for 200 seconds at Wed May 23 15:06:00 UTC 2018
6 ms. Memory: 287744K Free: 275885K (96%)
ptolemy.util.test.WatchDog.cancel(): canceling Wed May 23 15:06:00 UTC 2018
auto.tcl: Setting watchdog for 200 seconds at Wed May 23 15:06:00 UTC 2018
1 ms. Memory: 287744K Free: 275885K (96%)
ptolemy.util.test.WatchDog.cancel(): canceling Wed May 23 15:06:00 UTC 2018
------------------ testing $PTII/ptolemy/domains/de/test/auto/TimerZeroDelay.xml
auto.tcl: Setting watchdog for 200 seconds at Wed May 23 15:06:00 UTC 2018
2 ms. Memory: 287232K Free: 275483K (96%)
ptolemy.util.test.WatchDog.cancel(): canceling Wed May 23 15:06:00 UTC 2018
auto.tcl: Setting watchdog for 200 seconds at Wed May 23 15:06:00 UTC 2018
3 ms. Memory: 287232K Free: 275483K (96%)
ptolemy.util.test.WatchDog.cancel(): canceling Wed May 23 15:06:00 UTC 2018
------------------ testing $PTII/ptolemy/domains/de/test/auto/TimingParadox.xml
auto.tcl: Setting watchdog for 200 seconds at Wed May 23 15:06:00 UTC 2018
308 ms. Memory: 287744K Free: 207842K (72%)
ptolemy.util.test.WatchDog.cancel(): canceling Wed May 23 15:06:01 UTC 2018
auto.tcl: Setting watchdog for 200 seconds at Wed May 23 15:06:01 UTC 2018
290 ms. Memory: 287744K Free: 171737K (60%)
ptolemy.util.test.WatchDog.cancel(): canceling Wed May 23 15:06:01 UTC 2018
------------------ testing $PTII/ptolemy/domains/de/test/auto/TransferInputs.xml
auto.tcl: Setting watchdog for 200 seconds at Wed May 23 15:06:01 UTC 2018
2 ms. Memory: 287744K Free: 274891K (96%)
ptolemy.util.test.WatchDog.cancel(): canceling Wed May 23 15:06:01 UTC 2018
auto.tcl: Setting watchdog for 200 seconds at Wed May 23 15:06:01 UTC 2018
1 ms. Memory: 287744K Free: 274891K (96%)
ptolemy.util.test.WatchDog.cancel(): canceling Wed May 23 15:06:01 UTC 2018
------------------ testing $PTII/ptolemy/domains/de/test/auto/TransferOutputs2.xml
auto.tcl: Setting watchdog for 200 seconds at Wed May 23 15:06:01 UTC 2018
2 ms. Memory: 287232K Free: 270819K (94%)
ptolemy.util.test.WatchDog.cancel(): canceling Wed May 23 15:06:01 UTC 2018
auto.tcl: Setting watchdog for 200 seconds at Wed May 23 15:06:01 UTC 2018
3 ms. Memory: 287232K Free: 268222K (93%)
ptolemy.util.test.WatchDog.cancel(): canceling Wed May 23 15:06:01 UTC 2018
------------------ testing $PTII/ptolemy/domains/de/test/auto/Trilateration.xml
auto.tcl: Setting watchdog for 200 seconds at Wed May 23 15:06:01 UTC 2018
12457 ms. Memory: 473088K Free: 237783K (50%)
ptolemy.util.test.WatchDog.cancel(): canceling Wed May 23 15:06:15 UTC 2018
auto.tcl: Setting watchdog for 200 seconds at Wed May 23 15:06:15 UTC 2018
10388 ms. Memory: 352256K Free: 187450K (53%)
ptolemy.util.test.WatchDog.cancel(): canceling Wed May 23 15:06:25 UTC 2018
------------------ testing $PTII/ptolemy/domains/de/test/auto/TwoSigmaDelta.xml
auto.tcl: Setting watchdog for 200 seconds at Wed May 23 15:06:25 UTC 2018
2712 ms. Memory: 339968K Free: 298465K (88%)
ptolemy.util.test.WatchDog.cancel(): canceling Wed May 23 15:06:28 UTC 2018
auto.tcl: Setting watchdog for 200 seconds at Wed May 23 15:06:28 UTC 2018
2108 ms. Memory: 326144K Free: 301686K (93%)
ptolemy.util.test.WatchDog.cancel(): canceling Wed May 23 15:06:30 UTC 2018
------------------ testing $PTII/ptolemy/domains/de/test/auto/VariableDelay.xml
auto.tcl: Setting watchdog for 200 seconds at Wed May 23 15:06:30 UTC 2018
2 ms. Memory: 328192K Free: 314580K (96%)
ptolemy.util.test.WatchDog.cancel(): canceling Wed May 23 15:06:30 UTC 2018
auto.tcl: Setting watchdog for 200 seconds at Wed May 23 15:06:30 UTC 2018
1 ms. Memory: 328192K Free: 310910K (95%)
ptolemy.util.test.WatchDog.cancel(): canceling Wed May 23 15:06:30 UTC 2018
------------------ testing $PTII/ptolemy/domains/de/test/auto/VariableDelay2.xml
auto.tcl: Setting watchdog for 200 seconds at Wed May 23 15:06:30 UTC 2018
7 ms. Memory: 326144K Free: 315390K (97%)
ptolemy.util.test.WatchDog.cancel(): canceling Wed May 23 15:06:30 UTC 2018
auto.tcl: Setting watchdog for 200 seconds at Wed May 23 15:06:30 UTC 2018
2 ms. Memory: 326144K Free: 311734K (96%)
ptolemy.util.test.WatchDog.cancel(): canceling Wed May 23 15:06:30 UTC 2018
------------------ testing $PTII/ptolemy/domains/de/test/auto/VariableDelayZeroDelay.xml
auto.tcl: Setting watchdog for 200 seconds at Wed May 23 15:06:30 UTC 2018
2 ms. Memory: 328192K Free: 314989K (96%)
ptolemy.util.test.WatchDog.cancel(): canceling Wed May 23 15:06:30 UTC 2018
auto.tcl: Setting watchdog for 200 seconds at Wed May 23 15:06:30 UTC 2018
2 ms. Memory: 328192K Free: 311334K (95%)
ptolemy.util.test.WatchDog.cancel(): canceling Wed May 23 15:06:30 UTC 2018
------------------ testing $PTII/ptolemy/domains/de/test/auto/VariableDelayZeroDelay2.xml
auto.tcl: Setting watchdog for 200 seconds at Wed May 23 15:06:30 UTC 2018
2 ms. Memory: 326144K Free: 312940K (96%)
ptolemy.util.test.WatchDog.cancel(): canceling Wed May 23 15:06:30 UTC 2018
auto.tcl: Setting watchdog for 200 seconds at Wed May 23 15:06:30 UTC 2018
2 ms. Memory: 326144K Free: 309269K (95%)
ptolemy.util.test.WatchDog.cancel(): canceling Wed May 23 15:06:30 UTC 2018
------------------ testing $PTII/ptolemy/domains/de/test/auto/deInCt.xml
auto.tcl: Setting watchdog for 200 seconds at Wed May 23 15:06:30 UTC 2018
0
1
1
1
0
0
0
1
1
1
0
0
0
1
1
0
0
0
1
1
1
0
0
0
1
1
1
0
0
0
1
1
1
1
0
0
0
1
1
1
1
0
0
0
0
0
9 ms. Memory: 327680K Free: 310814K (95%)
ptolemy.util.test.WatchDog.cancel(): canceling Wed May 23 15:06:30 UTC 2018
auto.tcl: Setting watchdog for 200 seconds at Wed May 23 15:06:30 UTC 2018
0
1
1
1
1
0
0
0
0
1
1
1
1
0
0
0
1
1
1
0
0
0
1
1
1
1
1
0
0
0
0
1
1
0
0
0
5 ms. Memory: 327680K Free: 310814K (95%)
ptolemy.util.test.WatchDog.cancel(): canceling Wed May 23 15:06:30 UTC 2018
------------------ testing $PTII/ptolemy/domains/de/test/auto/deInCt2.xml
auto.tcl: Setting watchdog for 200 seconds at Wed May 23 15:06:30 UTC 2018
0
1
1
1
0
0
1
1
1
0
0
1
1
1
0
0
1
1
1
0
0
1
1
1
0
0
1
1
1
0
0
1
1
1
0
0
1
1
1
0
0
0
8 ms. Memory: 326144K Free: 309278K (95%)
ptolemy.util.test.WatchDog.cancel(): canceling Wed May 23 15:06:30 UTC 2018
auto.tcl: Setting watchdog for 200 seconds at Wed May 23 15:06:30 UTC 2018
0
1
1
1
0
0
1
1
1
0
0
1
1
1
0
0
1
1
1
0
0
1
1
1
0
0
1
1
1
0
0
1
1
1
0
0
1
1
1
0
0
0
4 ms. Memory: 326144K Free: 309278K (95%)
ptolemy.util.test.WatchDog.cancel(): canceling Wed May 23 15:06:30 UTC 2018
------------------ testing $PTII/ptolemy/domains/de/test/auto/dynamicCausalityInterface1.xml
auto.tcl: Setting watchdog for 200 seconds at Wed May 23 15:06:31 UTC 2018
3 ms. Memory: 327680K Free: 309588K (94%)
ptolemy.util.test.WatchDog.cancel(): canceling Wed May 23 15:06:31 UTC 2018
auto.tcl: Setting watchdog for 200 seconds at Wed May 23 15:06:31 UTC 2018
1 ms. Memory: 327680K Free: 309588K (94%)
ptolemy.util.test.WatchDog.cancel(): canceling Wed May 23 15:06:31 UTC 2018
------------------ testing $PTII/ptolemy/domains/de/test/auto/fsm_de_test.xml
auto.tcl: Setting watchdog for 200 seconds at Wed May 23 15:06:31 UTC 2018
10 ms. Memory: 326144K Free: 305508K (94%)
ptolemy.util.test.WatchDog.cancel(): canceling Wed May 23 15:06:31 UTC 2018
auto.tcl: Setting watchdog for 200 seconds at Wed May 23 15:06:31 UTC 2018
4 ms. Memory: 326144K Free: 305508K (94%)
ptolemy.util.test.WatchDog.cancel(): canceling Wed May 23 15:06:31 UTC 2018
------------------ testing $PTII/ptolemy/domains/de/test/auto/functionDependencyReconstruction.xml
auto.tcl: Setting watchdog for 200 seconds at Wed May 23 15:06:31 UTC 2018
2 ms. Memory: 327168K Free: 299193K (91%)
ptolemy.util.test.WatchDog.cancel(): canceling Wed May 23 15:06:31 UTC 2018
auto.tcl: Setting watchdog for 200 seconds at Wed May 23 15:06:31 UTC 2018
3 ms. Memory: 327168K Free: 299193K (91%)
ptolemy.util.test.WatchDog.cancel(): canceling Wed May 23 15:06:31 UTC 2018
------------------ testing $PTII/ptolemy/domains/de/test/auto/multirate.xml
auto.tcl: Setting watchdog for 200 seconds at Wed May 23 15:06:31 UTC 2018
4 ms. Memory: 326144K Free: 311473K (96%)
ptolemy.util.test.WatchDog.cancel(): canceling Wed May 23 15:06:31 UTC 2018
auto.tcl: Setting watchdog for 200 seconds at Wed May 23 15:06:31 UTC 2018
3 ms. Memory: 326144K Free: 306578K (94%)
ptolemy.util.test.WatchDog.cancel(): canceling Wed May 23 15:06:31 UTC 2018
------------------ testing $PTII/ptolemy/domains/de/test/auto/multirate2.xml
auto.tcl: Setting watchdog for 200 seconds at Wed May 23 15:06:31 UTC 2018
5 ms. Memory: 327168K Free: 312679K (96%)
ptolemy.util.test.WatchDog.cancel(): canceling Wed May 23 15:06:31 UTC 2018
auto.tcl: Setting watchdog for 200 seconds at Wed May 23 15:06:31 UTC 2018
3 ms. Memory: 327168K Free: 312679K (96%)
ptolemy.util.test.WatchDog.cancel(): canceling Wed May 23 15:06:31 UTC 2018
------------------ testing $PTII/ptolemy/domains/de/test/auto/realtime.xml
auto.tcl: Setting watchdog for 200 seconds at Wed May 23 15:06:31 UTC 2018
10006 ms. Memory: 326144K Free: 311650K (96%)
ptolemy.util.test.WatchDog.cancel(): canceling Wed May 23 15:06:41 UTC 2018
auto.tcl: Setting watchdog for 200 seconds at Wed May 23 15:06:41 UTC 2018
10002 ms. Memory: 326144K Free: 311650K (96%)
ptolemy.util.test.WatchDog.cancel(): canceling Wed May 23 15:06:51 UTC 2018
------------------ testing $PTII/ptolemy/domains/de/test/auto/relationGroup.xml
auto.tcl: Setting watchdog for 200 seconds at Wed May 23 15:06:51 UTC 2018
2 ms. Memory: 327168K Free: 316375K (97%)
ptolemy.util.test.WatchDog.cancel(): canceling Wed May 23 15:06:51 UTC 2018
auto.tcl: Setting watchdog for 200 seconds at Wed May 23 15:06:51 UTC 2018
2 ms. Memory: 327168K Free: 316375K (97%)
ptolemy.util.test.WatchDog.cancel(): canceling Wed May 23 15:06:51 UTC 2018
------------------ testing $PTII/ptolemy/domains/de/test/auto/relationGroup2.xml
auto.tcl: Setting watchdog for 200 seconds at Wed May 23 15:06:51 UTC 2018
1 ms. Memory: 326144K Free: 315378K (97%)
ptolemy.util.test.WatchDog.cancel(): canceling Wed May 23 15:06:51 UTC 2018
auto.tcl: Setting watchdog for 200 seconds at Wed May 23 15:06:51 UTC 2018
1 ms. Memory: 326144K Free: 315378K (97%)
ptolemy.util.test.WatchDog.cancel(): canceling Wed May 23 15:06:51 UTC 2018
------------------ testing $PTII/ptolemy/domains/de/test/auto/sortWithOpaquePorts.xml
auto.tcl: Setting watchdog for 200 seconds at Wed May 23 15:06:51 UTC 2018
2 ms. Memory: 326656K Free: 313444K (96%)
ptolemy.util.test.WatchDog.cancel(): canceling Wed May 23 15:06:51 UTC 2018
auto.tcl: Setting watchdog for 200 seconds at Wed May 23 15:06:51 UTC 2018
1 ms. Memory: 326656K Free: 309773K (95%)
ptolemy.util.test.WatchDog.cancel(): canceling Wed May 23 15:06:51 UTC 2018
------------------ testing $PTII/ptolemy/domains/de/test/auto/transferInputsandOutputs.xml
auto.tcl: Setting watchdog for 200 seconds at Wed May 23 15:06:51 UTC 2018
2 ms. Memory: 326144K Free: 309248K (95%)
ptolemy.util.test.WatchDog.cancel(): canceling Wed May 23 15:06:51 UTC 2018
auto.tcl: Setting watchdog for 200 seconds at Wed May 23 15:06:51 UTC 2018
1 ms. Memory: 326144K Free: 309248K (95%)
ptolemy.util.test.WatchDog.cancel(): canceling Wed May 23 15:06:51 UTC 2018
------------------ testing $PTII/ptolemy/domains/de/test/auto/triggerType.xml
auto.tcl: Setting watchdog for 200 seconds at Wed May 23 15:06:51 UTC 2018
1 ms. Memory: 326656K Free: 313382K (96%)
ptolemy.util.test.WatchDog.cancel(): canceling Wed May 23 15:06:51 UTC 2018
auto.tcl: Setting watchdog for 200 seconds at Wed May 23 15:06:51 UTC 2018
2 ms. Memory: 326656K Free: 309711K (95%)
ptolemy.util.test.WatchDog.cancel(): canceling Wed May 23 15:06:51 UTC 2018
05/23/18 03:06:51
Failed: 0  Total Tests: 192  ((Passed: 187, Newly Passed: 1)  Known Failed: 5) /home/travis/build/icyphy/ptII/ptolemy/domains/de/test
05/23/18 03:06:51
Failed: 0  Total Tests: 192  ((Passed: 187, Newly Passed: 1)  Known Failed: 5) /home/travis/build/icyphy/ptII/ptolemy/domains/de/test
----------------- testing (KnownFailure) /home/travis/build/icyphy/ptII/ptolemy/domains/de/test/auto/knownFailedTests/DESDFClockTest.xml
2015 ms. Memory: 326144K Free: 303129K (93%)
Known Failure: java.lang.reflect.InvocationTargetException
----------------- testing (KnownFailure) /home/travis/build/icyphy/ptII/ptolemy/domains/de/test/auto/knownFailedTests/DirectFeedback.xml
1 ms. Memory: 326144K Free: 283550K (87%)
Known Failure: java.lang.reflect.InvocationTargetException
----------------- testing (KnownFailure) /home/travis/build/icyphy/ptII/ptolemy/domains/de/test/auto/knownFailedTests/FSMSource.xml
4 ms. Memory: 326144K Free: 259060K (79%)
----------------- testing (KnownFailure) /home/travis/build/icyphy/ptII/ptolemy/domains/de/test/auto/knownFailedTests/HierarchicalModel.xml
2 ms. Memory: 326144K Free: 234555K (72%)
Known Failure: java.lang.reflect.InvocationTargetException
----------------- testing (KnownFailure) /home/travis/build/icyphy/ptII/ptolemy/domains/de/test/auto/knownFailedTests/dependencyLoop.xml
2 ms. Memory: 326144K Free: 205170K (63%)
Known Failure: java.lang.reflect.InvocationTargetException
----------------- testing (KnownFailure) /home/travis/build/icyphy/ptII/ptolemy/domains/de/test/auto/knownFailedTests/dependencyLoop2.xml
2 ms. Memory: 326144K Free: 175785K (54%)
Known Failure: java.lang.reflect.InvocationTargetException
No auto/*.xml tests in /home/travis/build/icyphy/ptII/ptolemy/domains/de/test
AutoTests.java: About to close Vertx.
AutoTests.java: Vertx closed.
----------------- testing Wed May 23 15:06:53 UTC 2018 /home/travis/build/icyphy/ptII/ptolemy/domains/de/test/auto/ActorDepthCalculation_actorWithoutPorts.xml
----------------- Instantiating /home/travis/build/icyphy/ptII/ptolemy/domains/de/test/auto/ActorDepthCalculation_actorWithoutPorts.xml
1 ms. Memory: 326144K Free: 151311K (46%)
----------------- Invoking toplevel() on ptolemy.moml.MoMLSimpleApplication@70d8abaa
----------------- Done invoking toplevel() on ptolemy.moml.MoMLSimpleApplication@70d8abaa
reloadAllAccessors: .ActorDepthCalculation_actorWithoutPorts
----------------- testing Wed May 23 15:06:53 UTC 2018 /home/travis/build/icyphy/ptII/ptolemy/domains/de/test/auto/AssemblyLine.xml
----------------- Instantiating /home/travis/build/icyphy/ptII/ptolemy/domains/de/test/auto/AssemblyLine.xml
1 ms. Memory: 326144K Free: 136619K (42%)
----------------- Invoking toplevel() on ptolemy.moml.MoMLSimpleApplication@1c977a75
----------------- Done invoking toplevel() on ptolemy.moml.MoMLSimpleApplication@1c977a75
reloadAllAccessors: .AssemblyLine
----------------- testing Wed May 23 15:06:53 UTC 2018 /home/travis/build/icyphy/ptII/ptolemy/domains/de/test/auto/CQBug1.xml
----------------- Instantiating /home/travis/build/icyphy/ptII/ptolemy/domains/de/test/auto/CQBug1.xml
0 ms. Memory: 326144K Free: 126829K (39%)
----------------- Invoking toplevel() on ptolemy.moml.MoMLSimpleApplication@3a36694c
----------------- Done invoking toplevel() on ptolemy.moml.MoMLSimpleApplication@3a36694c
reloadAllAccessors: .CQBug1
----------------- testing Wed May 23 15:06:53 UTC 2018 /home/travis/build/icyphy/ptII/ptolemy/domains/de/test/auto/CancelFireAt.xml
----------------- Instantiating /home/travis/build/icyphy/ptII/ptolemy/domains/de/test/auto/CancelFireAt.xml
1 ms. Memory: 326144K Free: 117040K (36%)
----------------- Invoking toplevel() on ptolemy.moml.MoMLSimpleApplication@2932d4ab
----------------- Done invoking toplevel() on ptolemy.moml.MoMLSimpleApplication@2932d4ab
reloadAllAccessors: .CancelFireAt
----------------- testing Wed May 23 15:06:53 UTC 2018 /home/travis/build/icyphy/ptII/ptolemy/domains/de/test/auto/CausalityAndComposabilityAnalysis.xml
----------------- Instantiating /home/travis/build/icyphy/ptII/ptolemy/domains/de/test/auto/CausalityAndComposabilityAnalysis.xml
1 ms. Memory: 326144K Free: 107250K (33%)
----------------- Invoking toplevel() on ptolemy.moml.MoMLSimpleApplication@f77b53d
----------------- Done invoking toplevel() on ptolemy.moml.MoMLSimpleApplication@f77b53d
reloadAllAccessors: .CausalityAndComposabilityAnalysis
----------------- testing Wed May 23 15:06:53 UTC 2018 /home/travis/build/icyphy/ptII/ptolemy/domains/de/test/auto/CausalityInterface1.xml
----------------- Instantiating /home/travis/build/icyphy/ptII/ptolemy/domains/de/test/auto/CausalityInterface1.xml
3 ms. Memory: 326144K Free: 97461K (30%)
----------------- Invoking toplevel() on ptolemy.moml.MoMLSimpleApplication@447af69b
----------------- Done invoking toplevel() on ptolemy.moml.MoMLSimpleApplication@447af69b
reloadAllAccessors: .CausalityInterface1
----------------- testing Wed May 23 15:06:54 UTC 2018 /home/travis/build/icyphy/ptII/ptolemy/domains/de/test/auto/CausalityInterface15.xml
----------------- Instantiating /home/travis/build/icyphy/ptII/ptolemy/domains/de/test/auto/CausalityInterface15.xml
2 ms. Memory: 326144K Free: 79105K (24%)
----------------- Invoking toplevel() on ptolemy.moml.MoMLSimpleApplication@3fecc3f7
----------------- Done invoking toplevel() on ptolemy.moml.MoMLSimpleApplication@3fecc3f7
reloadAllAccessors: .CausalityInterface15
----------------- testing Wed May 23 15:06:54 UTC 2018 /home/travis/build/icyphy/ptII/ptolemy/domains/de/test/auto/CausalityInterface2.xml
----------------- Instantiating /home/travis/build/icyphy/ptII/ptolemy/domains/de/test/auto/CausalityInterface2.xml
2 ms. Memory: 315904K Free: 306033K (97%)
----------------- Invoking toplevel() on ptolemy.moml.MoMLSimpleApplication@561de6cf
----------------- Done invoking toplevel() on ptolemy.moml.MoMLSimpleApplication@561de6cf
reloadAllAccessors: .CausalityInterface2
----------------- testing Wed May 23 15:06:54 UTC 2018 /home/travis/build/icyphy/ptII/ptolemy/domains/de/test/auto/CausalityInterface3.xml
[...]
java.lang.RuntimeException: Execution failed
	at ptolemy.moml.MoMLSimpleApplication$UnloadThread.run(MoMLSimpleApplication.java:402)
Caused by: ptolemy.kernel.util.IllegalActionException: Test fails in iteration 1.
Value was: 1.0. Should have been: 2.0
  in .DirectFeedback.Test
	at ptolemy.actor.lib.Test.fire(Test.java:268)
	at ptolemy.domains.de.kernel.DEDirector._fire(DEDirector.java:1948)
	at ptolemy.domains.de.kernel.DEDirector.fire(DEDirector.java:502)
	at ptolemy.actor.CompositeActor.fire(CompositeActor.java:455)
	at ptolemy.actor.Manager.iterate(Manager.java:851)
	at ptolemy.actor.Manager.execute(Manager.java:369)
	at ptolemy.actor.Manager.run(Manager.java:1263)
	at ptolemy.actor.Manager$PtolemyRunThread.run(Manager.java:1915)
java.lang.RuntimeException: Execution failed
	at ptolemy.moml.MoMLSimpleApplication$UnloadThread.run(MoMLSimpleApplication.java:402)
Caused by: ptolemy.kernel.util.IllegalActionException: Actor is not ready to fire.  Perhaps UpSample.prefire() returned false? Try debugging the actor by selecting "Listen to Actor".  Also, for SDF check moml for tokenConsumptionRate on input.
  in .DESDFClockTest.Play Bell.Copy1:SDF Director and .DESDFClockTest.Play Bell.UpSample
	at ptolemy.actor.sched.StaticSchedulingDirector.fire(StaticSchedulingDirector.java:227)
	at ptolemy.domains.sdf.kernel.SDFDirector.fire(SDFDirector.java:500)
	at ptolemy.actor.CompositeActor.fire(CompositeActor.java:455)
	at ptolemy.domains.de.kernel.DEDirector._fire(DEDirector.java:1948)
	at ptolemy.domains.de.kernel.DEDirector.fire(DEDirector.java:502)
	at ptolemy.actor.CompositeActor.fire(CompositeActor.java:455)
	at ptolemy.actor.Manager.iterate(Manager.java:851)
	at ptolemy.actor.Manager.execute(Manager.java:369)
	at ptolemy.actor.Manager.run(Manager.java:1263)
	at ptolemy.actor.Manager$PtolemyRunThread.run(Manager.java:1915)
java.lang.reflect.InvocationTargetException
	at sun.reflect.NativeConstructorAccessorImpl.newInstance0(Native Method)
	at sun.reflect.NativeConstructorAccessorImpl.newInstance(NativeConstructorAccessorImpl.java:62)
	at sun.reflect.DelegatingConstructorAccessorImpl.newInstance(DelegatingConstructorAccessorImpl.java:45)
	at java.lang.reflect.Constructor.newInstance(Constructor.java:423)
	at ptolemy.util.test.junit.AutoKnownFailedTests.RunModel(AutoKnownFailedTests.java:107)
	at sun.reflect.NativeMethodAccessorImpl.invoke0(Native Method)
	at sun.reflect.NativeMethodAccessorImpl.invoke(NativeMethodAccessorImpl.java:62)
	at sun.reflect.DelegatingMethodAccessorImpl.invoke(DelegatingMethodAccessorImpl.java:43)
	at java.lang.reflect.Method.invoke(Method.java:498)
	at org.junit.runners.model.FrameworkMethod$1.runReflectiveCall(FrameworkMethod.java:44)
	at org.junit.internal.runners.model.ReflectiveCallable.run(ReflectiveCallable.java:15)
	at org.junit.runners.model.FrameworkMethod.invokeExplosively(FrameworkMethod.java:41)
	at junitparams.internal.InvokeParameterisedMethod.evaluate(InvokeParameterisedMethod.java:102)
	at org.junit.internal.runners.statements.FailOnTimeout$1.run(FailOnTimeout.java:28)
Caused by: ptolemy.kernel.util.IllegalActionException: Actor is not ready to fire.  Perhaps UpSample.prefire() returned false? Try debugging the actor by selecting "Listen to Actor".  Also, for SDF check moml for tokenConsumptionRate on input.
  in .DESDFClockTest.Play Bell.Copy1:SDF Director and .DESDFClockTest.Play Bell.UpSample
	at ptolemy.actor.sched.StaticSchedulingDirector.fire(StaticSchedulingDirector.java:227)
	at ptolemy.domains.sdf.kernel.SDFDirector.fire(SDFDirector.java:500)
	at ptolemy.actor.CompositeActor.fire(CompositeActor.java:455)
	at ptolemy.domains.de.kernel.DEDirector._fire(DEDirector.java:1948)
	at ptolemy.domains.de.kernel.DEDirector.fire(DEDirector.java:502)
	at ptolemy.actor.CompositeActor.fire(CompositeActor.java:455)
	at ptolemy.actor.Manager.iterate(Manager.java:851)
	at ptolemy.actor.Manager.execute(Manager.java:369)
	at ptolemy.actor.Manager.run(Manager.java:1263)
	at ptolemy.actor.Manager$PtolemyRunThread.run(Manager.java:1915)
java.lang.RuntimeException: Execution failed
	at ptolemy.moml.MoMLSimpleApplication$UnloadThread.run(MoMLSimpleApplication.java:402)
Caused by: ptolemy.kernel.util.IllegalActionException: Test fails in iteration 1.
Value was: 1.0. Should have been: 2.0
  in .DirectFeedback.Test
	at ptolemy.actor.lib.Test.fire(Test.java:268)
	at ptolemy.domains.de.kernel.DEDirector._fire(DEDirector.java:1948)
	at ptolemy.domains.de.kernel.DEDirector.fire(DEDirector.java:502)
	at ptolemy.actor.CompositeActor.fire(CompositeActor.java:455)
	at ptolemy.actor.Manager.iterate(Manager.java:851)
	at ptolemy.actor.Manager.execute(Manager.java:369)
	at ptolemy.actor.Manager.run(Manager.java:1263)
	at ptolemy.actor.Manager$PtolemyRunThread.run(Manager.java:1915)
java.lang.reflect.InvocationTargetException
	at sun.reflect.NativeConstructorAccessorImpl.newInstance0(Native Method)
	at sun.reflect.NativeConstructorAccessorImpl.newInstance(NativeConstructorAccessorImpl.java:62)
	at sun.reflect.DelegatingConstructorAccessorImpl.newInstance(DelegatingConstructorAccessorImpl.java:45)
	at java.lang.reflect.Constructor.newInstance(Constructor.java:423)
	at ptolemy.util.test.junit.AutoKnownFailedTests.RunModel(AutoKnownFailedTests.java:107)
	at sun.reflect.NativeMethodAccessorImpl.invoke0(Native Method)
	at sun.reflect.NativeMethodAccessorImpl.invoke(NativeMethodAccessorImpl.java:62)
	at sun.reflect.DelegatingMethodAccessorImpl.invoke(DelegatingMethodAccessorImpl.java:43)
	at java.lang.reflect.Method.invoke(Method.java:498)
	at org.junit.runners.model.FrameworkMethod$1.runReflectiveCall(FrameworkMethod.java:44)
	at org.junit.internal.runners.model.ReflectiveCallable.run(ReflectiveCallable.java:15)
	at org.junit.runners.model.FrameworkMethod.invokeExplosively(FrameworkMethod.java:41)
	at junitparams.internal.InvokeParameterisedMethod.evaluate(InvokeParameterisedMethod.java:102)
	at org.junit.internal.runners.statements.FailOnTimeout$1.run(FailOnTimeout.java:28)
Caused by: ptolemy.kernel.util.IllegalActionException: Test fails in iteration 1.
Value was: 1.0. Should have been: 2.0
  in .DirectFeedback.Test
	at ptolemy.actor.lib.Test.fire(Test.java:268)
	at ptolemy.domains.de.kernel.DEDirector._fire(DEDirector.java:1948)
	at ptolemy.domains.de.kernel.DEDirector.fire(DEDirector.java:502)
	at ptolemy.actor.CompositeActor.fire(CompositeActor.java:455)
	at ptolemy.actor.Manager.iterate(Manager.java:851)
	at ptolemy.actor.Manager.execute(Manager.java:369)
	at ptolemy.actor.Manager.run(Manager.java:1263)
	at ptolemy.actor.Manager$PtolemyRunThread.run(Manager.java:1915)
java.lang.RuntimeException: Execution failed
	at ptolemy.moml.MoMLSimpleApplication$UnloadThread.run(MoMLSimpleApplication.java:402)
Caused by: ptolemy.kernel.util.IllegalActionException: Found a zero delay loop containing .HierarchicalModel.A
  in .HierarchicalModel and .HierarchicalModel.A
	at ptolemy.actor.util.CausalityInterfaceForComposites._computeOutputPortDepth(CausalityInterfaceForComposites.java:759)
	at ptolemy.actor.util.CausalityInterfaceForComposites._computeInputDepth(CausalityInterfaceForComposites.java:696)
	at ptolemy.actor.util.CausalityInterfaceForComposites._computeOutputPortDepth(CausalityInterfaceForComposites.java:765)
	at ptolemy.actor.util.CausalityInterfaceForComposites._computeInputDepth(CausalityInterfaceForComposites.java:696)
	at ptolemy.actor.util.CausalityInterfaceForComposites._computeOutputPortDepth(CausalityInterfaceForComposites.java:765)
	at ptolemy.actor.util.CausalityInterfaceForComposites._computeInputDepth(CausalityInterfaceForComposites.java:696)
	at ptolemy.actor.util.CausalityInterfaceForComposites._computeActorDepth(CausalityInterfaceForComposites.java:532)
	at ptolemy.actor.util.CausalityInterfaceForComposites.checkForCycles(CausalityInterfaceForComposites.java:96)
	at ptolemy.domains.de.kernel.DEDirector.preinitialize(DEDirector.java:1337)
	at ptolemy.actor.CompositeActor.preinitialize(CompositeActor.java:1828)
	at ptolemy.actor.Manager.preinitializeAndResolveTypes(Manager.java:1040)
	at ptolemy.actor.Manager.initialize(Manager.java:710)
	at ptolemy.actor.Manager.execute(Manager.java:356)
	at ptolemy.actor.Manager.run(Manager.java:1263)
	at ptolemy.actor.Manager$PtolemyRunThread.run(Manager.java:1915)
java.lang.reflect.InvocationTargetException
	at sun.reflect.NativeConstructorAccessorImpl.newInstance0(Native Method)
	at sun.reflect.NativeConstructorAccessorImpl.newInstance(NativeConstructorAccessorImpl.java:62)
	at sun.reflect.DelegatingConstructorAccessorImpl.newInstance(DelegatingConstructorAccessorImpl.java:45)
	at java.lang.reflect.Constructor.newInstance(Constructor.java:423)
	at ptolemy.util.test.junit.AutoKnownFailedTests.RunModel(AutoKnownFailedTests.java:107)
	at sun.reflect.NativeMethodAccessorImpl.invoke0(Native Method)
	at sun.reflect.NativeMethodAccessorImpl.invoke(NativeMethodAccessorImpl.java:62)
	at sun.reflect.DelegatingMethodAccessorImpl.invoke(DelegatingMethodAccessorImpl.java:43)
	at java.lang.reflect.Method.invoke(Method.java:498)
	at org.junit.runners.model.FrameworkMethod$1.runReflectiveCall(FrameworkMethod.java:44)
	at org.junit.internal.runners.model.ReflectiveCallable.run(ReflectiveCallable.java:15)
	at org.junit.runners.model.FrameworkMethod.invokeExplosively(FrameworkMethod.java:41)
	at junitparams.internal.InvokeParameterisedMethod.evaluate(InvokeParameterisedMethod.java:102)
	at org.junit.internal.runners.statements.FailOnTimeout$1.run(FailOnTimeout.java:28)
Caused by: ptolemy.kernel.util.IllegalActionException: Found a zero delay loop containing .HierarchicalModel.A
  in .HierarchicalModel and .HierarchicalModel.A
	at ptolemy.actor.util.CausalityInterfaceForComposites._computeOutputPortDepth(CausalityInterfaceForComposites.java:759)
	at ptolemy.actor.util.CausalityInterfaceForComposites._computeInputDepth(CausalityInterfaceForComposites.java:696)
	at ptolemy.actor.util.CausalityInterfaceForComposites._computeOutputPortDepth(CausalityInterfaceForComposites.java:765)
	at ptolemy.actor.util.CausalityInterfaceForComposites._computeInputDepth(CausalityInterfaceForComposites.java:696)
	at ptolemy.actor.util.CausalityInterfaceForComposites._computeOutputPortDepth(CausalityInterfaceForComposites.java:765)
	at ptolemy.actor.util.CausalityInterfaceForComposites._computeInputDepth(CausalityInterfaceForComposites.java:696)
	at ptolemy.actor.util.CausalityInterfaceForComposites._computeActorDepth(CausalityInterfaceForComposites.java:532)
	at ptolemy.actor.util.CausalityInterfaceForComposites.checkForCycles(CausalityInterfaceForComposites.java:96)
	at ptolemy.domains.de.kernel.DEDirector.preinitialize(DEDirector.java:1337)
	at ptolemy.actor.CompositeActor.preinitialize(CompositeActor.java:1828)
	at ptolemy.actor.Manager.preinitializeAndResolveTypes(Manager.java:1040)
	at ptolemy.actor.Manager.initialize(Manager.java:710)
	at ptolemy.actor.Manager.execute(Manager.java:356)
	at ptolemy.actor.Manager.run(Manager.java:1263)
	at ptolemy.actor.Manager$PtolemyRunThread.run(Manager.java:1915)
java.lang.RuntimeException: Execution failed
	at ptolemy.moml.MoMLSimpleApplication$UnloadThread.run(MoMLSimpleApplication.java:402)
Caused by: ptolemy.kernel.util.IllegalActionException: Found a zero delay loop containing .dependencyLoop.original
  in .dependencyLoop and .dependencyLoop.original
	at ptolemy.actor.util.CausalityInterfaceForComposites._computeOutputPortDepth(CausalityInterfaceForComposites.java:759)
	at ptolemy.actor.util.CausalityInterfaceForComposites._computeInputDepth(CausalityInterfaceForComposites.java:696)
	at ptolemy.actor.util.CausalityInterfaceForComposites._computeOutputPortDepth(CausalityInterfaceForComposites.java:765)
	at ptolemy.actor.util.CausalityInterfaceForComposites._computeInputDepth(CausalityInterfaceForComposites.java:696)
	at ptolemy.actor.util.CausalityInterfaceForComposites._computeOutputPortDepth(CausalityInterfaceForComposites.java:765)
	at ptolemy.actor.util.CausalityInterfaceForComposites._computeInputDepth(CausalityInterfaceForComposites.java:696)
	at ptolemy.actor.util.CausalityInterfaceForComposites._computeActorDepth(CausalityInterfaceForComposites.java:532)
	at ptolemy.actor.util.CausalityInterfaceForComposites.checkForCycles(CausalityInterfaceForComposites.java:96)
	at ptolemy.domains.de.kernel.DEDirector.preinitialize(DEDirector.java:1337)
	at ptolemy.actor.CompositeActor.preinitialize(CompositeActor.java:1828)
	at ptolemy.actor.Manager.preinitializeAndResolveTypes(Manager.java:1040)
	at ptolemy.actor.Manager.initialize(Manager.java:710)
	at ptolemy.actor.Manager.execute(Manager.java:356)
	at ptolemy.actor.Manager.run(Manager.java:1263)
	at ptolemy.actor.Manager$PtolemyRunThread.run(Manager.java:1915)
java.lang.reflect.InvocationTargetException
	at sun.reflect.NativeConstructorAccessorImpl.newInstance0(Native Method)
	at sun.reflect.NativeConstructorAccessorImpl.newInstance(NativeConstructorAccessorImpl.java:62)
	at sun.reflect.DelegatingConstructorAccessorImpl.newInstance(DelegatingConstructorAccessorImpl.java:45)
	at java.lang.reflect.Constructor.newInstance(Constructor.java:423)
	at ptolemy.util.test.junit.AutoKnownFailedTests.RunModel(AutoKnownFailedTests.java:107)
	at sun.reflect.NativeMethodAccessorImpl.invoke0(Native Method)
	at sun.reflect.NativeMethodAccessorImpl.invoke(NativeMethodAccessorImpl.java:62)
	at sun.reflect.DelegatingMethodAccessorImpl.invoke(DelegatingMethodAccessorImpl.java:43)
	at java.lang.reflect.Method.invoke(Method.java:498)
	at org.junit.runners.model.FrameworkMethod$1.runReflectiveCall(FrameworkMethod.java:44)
	at org.junit.internal.runners.model.ReflectiveCallable.run(ReflectiveCallable.java:15)
	at org.junit.runners.model.FrameworkMethod.invokeExplosively(FrameworkMethod.java:41)
	at junitparams.internal.InvokeParameterisedMethod.evaluate(InvokeParameterisedMethod.java:102)
	at org.junit.internal.runners.statements.FailOnTimeout$1.run(FailOnTimeout.java:28)
Caused by: ptolemy.kernel.util.IllegalActionException: Found a zero delay loop containing .dependencyLoop.original
  in .dependencyLoop and .dependencyLoop.original
	at ptolemy.actor.util.CausalityInterfaceForComposites._computeOutputPortDepth(CausalityInterfaceForComposites.java:759)
	at ptolemy.actor.util.CausalityInterfaceForComposites._computeInputDepth(CausalityInterfaceForComposites.java:696)
	at ptolemy.actor.util.CausalityInterfaceForComposites._computeOutputPortDepth(CausalityInterfaceForComposites.java:765)
	at ptolemy.actor.util.CausalityInterfaceForComposites._computeInputDepth(CausalityInterfaceForComposites.java:696)
	at ptolemy.actor.util.CausalityInterfaceForComposites._computeOutputPortDepth(CausalityInterfaceForComposites.java:765)
	at ptolemy.actor.util.CausalityInterfaceForComposites._computeInputDepth(CausalityInterfaceForComposites.java:696)
	at ptolemy.actor.util.CausalityInterfaceForComposites._computeActorDepth(CausalityInterfaceForComposites.java:532)
	at ptolemy.actor.util.CausalityInterfaceForComposites.checkForCycles(CausalityInterfaceForComposites.java:96)
	at ptolemy.domains.de.kernel.DEDirector.preinitialize(DEDirector.java:1337)
	at ptolemy.actor.CompositeActor.preinitialize(CompositeActor.java:1828)
	at ptolemy.actor.Manager.preinitializeAndResolveTypes(Manager.java:1040)
	at ptolemy.actor.Manager.initialize(Manager.java:710)
	at ptolemy.actor.Manager.execute(Manager.java:356)
	at ptolemy.actor.Manager.run(Manager.java:1263)
	at ptolemy.actor.Manager$PtolemyRunThread.run(Manager.java:1915)
java.lang.RuntimeException: Execution failed
	at ptolemy.moml.MoMLSimpleApplication$UnloadThread.run(MoMLSimpleApplication.java:402)
Caused by: ptolemy.kernel.util.IllegalActionException: Found a zero delay loop containing .dependencyLoop2.original
  in .dependencyLoop2 and .dependencyLoop2.original
	at ptolemy.actor.util.CausalityInterfaceForComposites._computeOutputPortDepth(CausalityInterfaceForComposites.java:759)
	at ptolemy.actor.util.CausalityInterfaceForComposites._computeInputDepth(CausalityInterfaceForComposites.java:696)
	at ptolemy.actor.util.CausalityInterfaceForComposites._computeOutputPortDepth(CausalityInterfaceForComposites.java:765)
	at ptolemy.actor.util.CausalityInterfaceForComposites._computeInputDepth(CausalityInterfaceForComposites.java:696)
	at ptolemy.actor.util.CausalityInterfaceForComposites._computeOutputPortDepth(CausalityInterfaceForComposites.java:765)
	at ptolemy.actor.util.CausalityInterfaceForComposites._computeInputDepth(CausalityInterfaceForComposites.java:696)
	at ptolemy.actor.util.CausalityInterfaceForComposites._computeActorDepth(CausalityInterfaceForComposites.java:532)
	at ptolemy.actor.util.CausalityInterfaceForComposites.checkForCycles(CausalityInterfaceForComposites.java:96)
	at ptolemy.domains.de.kernel.DEDirector.preinitialize(DEDirector.java:1337)
	at ptolemy.actor.CompositeActor.preinitialize(CompositeActor.java:1828)
	at ptolemy.actor.Manager.preinitializeAndResolveTypes(Manager.java:1040)
	at ptolemy.actor.Manager.initialize(Manager.java:710)
	at ptolemy.actor.Manager.execute(Manager.java:356)
	at ptolemy.actor.Manager.run(Manager.java:1263)
	at ptolemy.actor.Manager$PtolemyRunThread.run(Manager.java:1915)
java.lang.reflect.InvocationTargetException
	at sun.reflect.NativeConstructorAccessorImpl.newInstance0(Native Method)
	at sun.reflect.NativeConstructorAccessorImpl.newInstance(NativeConstructorAccessorImpl.java:62)
	at sun.reflect.DelegatingConstructorAccessorImpl.newInstance(DelegatingConstructorAccessorImpl.java:45)
	at java.lang.reflect.Constructor.newInstance(Constructor.java:423)
	at ptolemy.util.test.junit.AutoKnownFailedTests.RunModel(AutoKnownFailedTests.java:107)
	at sun.reflect.NativeMethodAccessorImpl.invoke0(Native Method)
	at sun.reflect.NativeMethodAccessorImpl.invoke(NativeMethodAccessorImpl.java:62)
	at sun.reflect.DelegatingMethodAccessorImpl.invoke(DelegatingMethodAccessorImpl.java:43)
	at java.lang.reflect.Method.invoke(Method.java:498)
	at org.junit.runners.model.FrameworkMethod$1.runReflectiveCall(FrameworkMethod.java:44)
	at org.junit.internal.runners.model.ReflectiveCallable.run(ReflectiveCallable.java:15)
	at org.junit.runners.model.FrameworkMethod.invokeExplosively(FrameworkMethod.java:41)
	at junitparams.internal.InvokeParameterisedMethod.evaluate(InvokeParameterisedMethod.java:102)
	at org.junit.internal.runners.statements.FailOnTimeout$1.run(FailOnTimeout.java:28)
Caused by: ptolemy.kernel.util.IllegalActionException: Found a zero delay loop containing .dependencyLoop2.original
  in .dependencyLoop2 and .dependencyLoop2.original
	at ptolemy.actor.util.CausalityInterfaceForComposites._computeOutputPortDepth(CausalityInterfaceForComposites.java:759)
	at ptolemy.actor.util.CausalityInterfaceForComposites._computeInputDepth(CausalityInterfaceForComposites.java:696)
	at ptolemy.actor.util.CausalityInterfaceForComposites._computeOutputPortDepth(CausalityInterfaceForComposites.java:765)
	at ptolemy.actor.util.CausalityInterfaceForComposites._computeInputDepth(CausalityInterfaceForComposites.java:696)
	at ptolemy.actor.util.CausalityInterfaceForComposites._computeOutputPortDepth(CausalityInterfaceForComposites.java:765)
	at ptolemy.actor.util.CausalityInterfaceForComposites._computeInputDepth(CausalityInterfaceForComposites.java:696)
	at ptolemy.actor.util.CausalityInterfaceForComposites._computeActorDepth(CausalityInterfaceForComposites.java:532)
	at ptolemy.actor.util.CausalityInterfaceForComposites.checkForCycles(CausalityInterfaceForComposites.java:96)
	at ptolemy.domains.de.kernel.DEDirector.preinitialize(DEDirector.java:1337)
	at ptolemy.actor.CompositeActor.preinitialize(CompositeActor.java:1828)
	at ptolemy.actor.Manager.preinitializeAndResolveTypes(Manager.java:1040)
	at ptolemy.actor.Manager.initialize(Manager.java:710)
	at ptolemy.actor.Manager.execute(Manager.java:356)
	at ptolemy.actor.Manager.run(Manager.java:1263)
	at ptolemy.actor.Manager$PtolemyRunThread.run(Manager.java:1915)
]]></system-err>
</testsuite>
