<?xml version="1.0" encoding="UTF-8" ?>
<testsuite errors="0" failures="0" hostname="travis-job-d2ce312d-c4a6-4414-96ed-4936b2d1245e" name="ptolemy.domains.de.test.junit.JUnitTclTest" skipped="0" tests="101" time="124.438" timestamp="2018-04-30T10:54:01">
  <properties>
[...]
</properties>
  <testcase classname="ptolemy.util.test.junit.TclTests" name="[0] /home/travis/build/icyphy/ptII/ptolemy/domains/de/test/DependencyLoop.tcl (RunTclFile)" time="0.696" />
  <testcase classname="ptolemy.util.test.junit.TclTests" name="[1] /home/travis/build/icyphy/ptII/ptolemy/domains/de/test/RunDETestsAsQSS.tcl (RunTclFile)" time="84.576" />
  <testcase classname="ptolemy.util.test.junit.AutoKnownFailedTests" name="[0] /home/travis/build/icyphy/ptII/ptolemy/domains/de/test/auto/knownFailedTests/DESDFClockTest.xml (RunModel)" time="2.031" />
  <testcase classname="ptolemy.util.test.junit.AutoKnownFailedTests" name="[1] /home/travis/build/icyphy/ptII/ptolemy/domains/de/test/auto/knownFailedTests/DirectFeedback.xml (RunModel)" time="0.011" />
  <testcase classname="ptolemy.util.test.junit.AutoKnownFailedTests" name="[2] /home/travis/build/icyphy/ptII/ptolemy/domains/de/test/auto/knownFailedTests/FSMSource.xml (RunModel)" time="0.02" />
  <testcase classname="ptolemy.util.test.junit.AutoKnownFailedTests" name="[3] /home/travis/build/icyphy/ptII/ptolemy/domains/de/test/auto/knownFailedTests/HierarchicalModel.xml (RunModel)" time="0.047" />
  <testcase classname="ptolemy.util.test.junit.AutoKnownFailedTests" name="[4] /home/travis/build/icyphy/ptII/ptolemy/domains/de/test/auto/knownFailedTests/dependencyLoop.xml (RunModel)" time="0.042" />
  <testcase classname="ptolemy.util.test.junit.AutoKnownFailedTests" name="[5] /home/travis/build/icyphy/ptII/ptolemy/domains/de/test/auto/knownFailedTests/dependencyLoop2.xml (RunModel)" time="0.028" />
  <testcase classname="ptolemy.util.test.junit.AutoNameArchTests" name="[0] ThereAreNoAutoTests (RunModel)" time="0.0" />
  <testcase classname="ptolemy.util.test.junit.AutoTests" name="[0] /home/travis/build/icyphy/ptII/ptolemy/domains/de/test/auto/ActorDepthCalculation_actorWithoutPorts.xml (RunModel)" time="0.012" />
  <testcase classname="ptolemy.util.test.junit.AutoTests" name="[1] /home/travis/build/icyphy/ptII/ptolemy/domains/de/test/auto/AssemblyLine.xml (RunModel)" time="0.016" />
  <testcase classname="ptolemy.util.test.junit.AutoTests" name="[2] /home/travis/build/icyphy/ptII/ptolemy/domains/de/test/auto/CQBug1.xml (RunModel)" time="0.007" />
  <testcase classname="ptolemy.util.test.junit.AutoTests" name="[3] /home/travis/build/icyphy/ptII/ptolemy/domains/de/test/auto/CancelFireAt.xml (RunModel)" time="0.006" />
  <testcase classname="ptolemy.util.test.junit.AutoTests" name="[4] /home/travis/build/icyphy/ptII/ptolemy/domains/de/test/auto/CausalityAndComposabilityAnalysis.xml (RunModel)" time="0.009" />
  <testcase classname="ptolemy.util.test.junit.AutoTests" name="[5] /home/travis/build/icyphy/ptII/ptolemy/domains/de/test/auto/CausalityInterface1.xml (RunModel)" time="0.011" />
  <testcase classname="ptolemy.util.test.junit.AutoTests" name="[6] /home/travis/build/icyphy/ptII/ptolemy/domains/de/test/auto/CausalityInterface15.xml (RunModel)" time="0.012" />
  <testcase classname="ptolemy.util.test.junit.AutoTests" name="[7] /home/travis/build/icyphy/ptII/ptolemy/domains/de/test/auto/CausalityInterface2.xml (RunModel)" time="0.01" />
  <testcase classname="ptolemy.util.test.junit.AutoTests" name="[8] /home/travis/build/icyphy/ptII/ptolemy/domains/de/test/auto/CausalityInterface3.xml (RunModel)" time="0.018" />
  <testcase classname="ptolemy.util.test.junit.AutoTests" name="[9] /home/travis/build/icyphy/ptII/ptolemy/domains/de/test/auto/ClockDrift.xml (RunModel)" time="0.035" />
  <testcase classname="ptolemy.util.test.junit.AutoTests" name="[10] /home/travis/build/icyphy/ptII/ptolemy/domains/de/test/auto/ClockDriftAndValueChange.xml (RunModel)" time="0.03" />
  <testcase classname="ptolemy.util.test.junit.AutoTests" name="[11] /home/travis/build/icyphy/ptII/ptolemy/domains/de/test/auto/ClockDriftChange.xml (RunModel)" time="0.025" />
  <testcase classname="ptolemy.util.test.junit.AutoTests" name="[12] /home/travis/build/icyphy/ptII/ptolemy/domains/de/test/auto/ComposableCausalityAnalysis.xml (RunModel)" time="0.017" />
  <testcase classname="ptolemy.util.test.junit.AutoTests" name="[13] /home/travis/build/icyphy/ptII/ptolemy/domains/de/test/auto/DEFixedPointLimitation.xml (RunModel)" time="0.012" />
  <testcase classname="ptolemy.util.test.junit.AutoTests" name="[14] /home/travis/build/icyphy/ptII/ptolemy/domains/de/test/auto/DEScheduleTest.xml (RunModel)" time="0.011" />
  <testcase classname="ptolemy.util.test.junit.AutoTests" name="[15] /home/travis/build/icyphy/ptII/ptolemy/domains/de/test/auto/DEinDEwithStartTimes.xml (RunModel)" time="0.013" />
  <testcase classname="ptolemy.util.test.junit.AutoTests" name="[16] /home/travis/build/icyphy/ptII/ptolemy/domains/de/test/auto/DEinDEwithStartTimes2.xml (RunModel)" time="0.013" />
  <testcase classname="ptolemy.util.test.junit.AutoTests" name="[17] /home/travis/build/icyphy/ptII/ptolemy/domains/de/test/auto/DateDemo.xml (RunModel)" time="0.024" />
  <testcase classname="ptolemy.util.test.junit.AutoTests" name="[18] /home/travis/build/icyphy/ptII/ptolemy/domains/de/test/auto/DateToEvent.xml (RunModel)" time="2.034" />
  <testcase classname="ptolemy.util.test.junit.AutoTests" name="[19] /home/travis/build/icyphy/ptII/ptolemy/domains/de/test/auto/DepthTest1.xml (RunModel)" time="0.005" />
  <testcase classname="ptolemy.util.test.junit.AutoTests" name="[20] /home/travis/build/icyphy/ptII/ptolemy/domains/de/test/auto/DepthTest2.xml (RunModel)" time="0.013" />
  <testcase classname="ptolemy.util.test.junit.AutoTests" name="[21] /home/travis/build/icyphy/ptII/ptolemy/domains/de/test/auto/DepthTest3.xml (RunModel)" time="0.004" />
  <testcase classname="ptolemy.util.test.junit.AutoTests" name="[22] /home/travis/build/icyphy/ptII/ptolemy/domains/de/test/auto/DepthTest4.xml (RunModel)" time="0.007" />
  <testcase classname="ptolemy.util.test.junit.AutoTests" name="[23] /home/travis/build/icyphy/ptII/ptolemy/domains/de/test/auto/DepthTest5.xml (RunModel)" time="0.008" />
  <testcase classname="ptolemy.util.test.junit.AutoTests" name="[24] /home/travis/build/icyphy/ptII/ptolemy/domains/de/test/auto/DepthTest6.xml (RunModel)" time="0.008" />
  <testcase classname="ptolemy.util.test.junit.AutoTests" name="[25] /home/travis/build/icyphy/ptII/ptolemy/domains/de/test/auto/DepthTest7.xml (RunModel)" time="0.007" />
  <testcase classname="ptolemy.util.test.junit.AutoTests" name="[26] /home/travis/build/icyphy/ptII/ptolemy/domains/de/test/auto/EventToDate.xml (RunModel)" time="3.022" />
  <testcase classname="ptolemy.util.test.junit.AutoTests" name="[27] /home/travis/build/icyphy/ptII/ptolemy/domains/de/test/auto/FSM1.xml (RunModel)" time="0.029" />
  <testcase classname="ptolemy.util.test.junit.AutoTests" name="[28] /home/travis/build/icyphy/ptII/ptolemy/domains/de/test/auto/FSM7.xml (RunModel)" time="0.048" />
  <testcase classname="ptolemy.util.test.junit.AutoTests" name="[29] /home/travis/build/icyphy/ptII/ptolemy/domains/de/test/auto/Inspection.xml (RunModel)" time="0.038" />
  <testcase classname="ptolemy.util.test.junit.AutoTests" name="[30] /home/travis/build/icyphy/ptII/ptolemy/domains/de/test/auto/Iteration.xml (RunModel)" time="0.021" />
  <testcase classname="ptolemy.util.test.junit.AutoTests" name="[31] /home/travis/build/icyphy/ptII/ptolemy/domains/de/test/auto/LineFault.xml (RunModel)" time="0.461" />
  <testcase classname="ptolemy.util.test.junit.AutoTests" name="[32] /home/travis/build/icyphy/ptII/ptolemy/domains/de/test/auto/MergeModel1Add.xml (RunModel)" time="0.035" />
  <testcase classname="ptolemy.util.test.junit.AutoTests" name="[33] /home/travis/build/icyphy/ptII/ptolemy/domains/de/test/auto/MergeModel2Add.xml (RunModel)" time="0.034" />
  <testcase classname="ptolemy.util.test.junit.AutoTests" name="[34] /home/travis/build/icyphy/ptII/ptolemy/domains/de/test/auto/MergeModel3Add.xml (RunModel)" time="0.036" />
  <testcase classname="ptolemy.util.test.junit.AutoTests" name="[35] /home/travis/build/icyphy/ptII/ptolemy/domains/de/test/auto/MergeWithoutDiscard.xml (RunModel)" time="0.008" />
  <testcase classname="ptolemy.util.test.junit.AutoTests" name="[36] /home/travis/build/icyphy/ptII/ptolemy/domains/de/test/auto/Modal1.xml (RunModel)" time="0.024" />
  <testcase classname="ptolemy.util.test.junit.AutoTests" name="[37] /home/travis/build/icyphy/ptII/ptolemy/domains/de/test/auto/Modal2.xml (RunModel)" time="0.024" />
  <testcase classname="ptolemy.util.test.junit.AutoTests" name="[38] /home/travis/build/icyphy/ptII/ptolemy/domains/de/test/auto/Modal3.xml (RunModel)" time="0.024" />
  <testcase classname="ptolemy.util.test.junit.AutoTests" name="[39] /home/travis/build/icyphy/ptII/ptolemy/domains/de/test/auto/Modal4.xml (RunModel)" time="0.028" />
  <testcase classname="ptolemy.util.test.junit.AutoTests" name="[40] /home/travis/build/icyphy/ptII/ptolemy/domains/de/test/auto/Modal5.xml (RunModel)" time="0.024" />
  <testcase classname="ptolemy.util.test.junit.AutoTests" name="[41] /home/travis/build/icyphy/ptII/ptolemy/domains/de/test/auto/Modal6.xml (RunModel)" time="0.021" />
  <testcase classname="ptolemy.util.test.junit.AutoTests" name="[42] /home/travis/build/icyphy/ptII/ptolemy/domains/de/test/auto/Modal7.xml (RunModel)" time="0.023" />
  <testcase classname="ptolemy.util.test.junit.AutoTests" name="[43] /home/travis/build/icyphy/ptII/ptolemy/domains/de/test/auto/ModalModel.xml (RunModel)" time="0.127" />
  <testcase classname="ptolemy.util.test.junit.AutoTests" name="[44] /home/travis/build/icyphy/ptII/ptolemy/domains/de/test/auto/ModalSource.xml (RunModel)" time="0.015" />
  <testcase classname="ptolemy.util.test.junit.AutoTests" name="[45] /home/travis/build/icyphy/ptII/ptolemy/domains/de/test/auto/NonInterruptibleTimerZeroDelay.xml (RunModel)" time="0.01" />
  <testcase classname="ptolemy.util.test.junit.AutoTests" name="[46] /home/travis/build/icyphy/ptII/ptolemy/domains/de/test/auto/OpenQueueingNetwork.xml (RunModel)" time="1.974" />
  <testcase classname="ptolemy.util.test.junit.AutoTests" name="[47] /home/travis/build/icyphy/ptII/ptolemy/domains/de/test/auto/OpenQueuingNetwork.xml (RunModel)" time="0.264" />
  <testcase classname="ptolemy.util.test.junit.AutoTests" name="[48] /home/travis/build/icyphy/ptII/ptolemy/domains/de/test/auto/PeriodicSampler.xml (RunModel)" time="0.008" />
  <testcase classname="ptolemy.util.test.junit.AutoTests" name="[49] /home/travis/build/icyphy/ptII/ptolemy/domains/de/test/auto/PersistentIO.xml (RunModel)" time="0.022" />
  <testcase classname="ptolemy.util.test.junit.AutoTests" name="[50] /home/travis/build/icyphy/ptII/ptolemy/domains/de/test/auto/PortParameterResetOnInitialize.xml (RunModel)" time="0.009" />
  <testcase classname="ptolemy.util.test.junit.AutoTests" name="[51] /home/travis/build/icyphy/ptII/ptolemy/domains/de/test/auto/PortParameterUpdates.xml (RunModel)" time="0.016" />
  <testcase classname="ptolemy.util.test.junit.AutoTests" name="[52] /home/travis/build/icyphy/ptII/ptolemy/domains/de/test/auto/QueueAndServer.xml (RunModel)" time="0.018" />
  <testcase classname="ptolemy.util.test.junit.AutoTests" name="[53] /home/travis/build/icyphy/ptII/ptolemy/domains/de/test/auto/Records.xml (RunModel)" time="0.018" />
  <testcase classname="ptolemy.util.test.junit.AutoTests" name="[54] /home/travis/build/icyphy/ptII/ptolemy/domains/de/test/auto/ResetTransitionWithStartTime1.xml (RunModel)" time="0.028" />
  <testcase classname="ptolemy.util.test.junit.AutoTests" name="[55] /home/travis/build/icyphy/ptII/ptolemy/domains/de/test/auto/ResetTransitionWithStartTime2.xml (RunModel)" time="0.016" />
  <testcase classname="ptolemy.util.test.junit.AutoTests" name="[56] /home/travis/build/icyphy/ptII/ptolemy/domains/de/test/auto/ResetTransitionWithStartTime3.xml (RunModel)" time="0.022" />
  <testcase classname="ptolemy.util.test.junit.AutoTests" name="[57] /home/travis/build/icyphy/ptII/ptolemy/domains/de/test/auto/ResetTransitionWithStartTime4.xml (RunModel)" time="0.016" />
  <testcase classname="ptolemy.util.test.junit.AutoTests" name="[58] /home/travis/build/icyphy/ptII/ptolemy/domains/de/test/auto/ResettableTimer1.xml (RunModel)" time="0.01" />
  <testcase classname="ptolemy.util.test.junit.AutoTests" name="[59] /home/travis/build/icyphy/ptII/ptolemy/domains/de/test/auto/ResettableTimer2.xml (RunModel)" time="0.009" />
  <testcase classname="ptolemy.util.test.junit.AutoTests" name="[60] /home/travis/build/icyphy/ptII/ptolemy/domains/de/test/auto/ResettableTimer3.xml (RunModel)" time="0.008" />
  <testcase classname="ptolemy.util.test.junit.AutoTests" name="[61] /home/travis/build/icyphy/ptII/ptolemy/domains/de/test/auto/ResettableTimer4.xml (RunModel)" time="0.01" />
  <testcase classname="ptolemy.util.test.junit.AutoTests" name="[62] /home/travis/build/icyphy/ptII/ptolemy/domains/de/test/auto/ResettableTimer5.xml (RunModel)" time="0.009" />
  <testcase classname="ptolemy.util.test.junit.AutoTests" name="[63] /home/travis/build/icyphy/ptII/ptolemy/domains/de/test/auto/ResettableTimer6.xml (RunModel)" time="0.019" />
  <testcase classname="ptolemy.util.test.junit.AutoTests" name="[64] /home/travis/build/icyphy/ptII/ptolemy/domains/de/test/auto/ServerZeroDelay.xml (RunModel)" time="0.013" />
  <testcase classname="ptolemy.util.test.junit.AutoTests" name="[65] /home/travis/build/icyphy/ptII/ptolemy/domains/de/test/auto/SmartSender.xml (RunModel)" time="3.007" />
  <testcase classname="ptolemy.util.test.junit.AutoTests" name="[66] /home/travis/build/icyphy/ptII/ptolemy/domains/de/test/auto/ThreadedComposite.xml (RunModel)" time="0.503" />
  <testcase classname="ptolemy.util.test.junit.AutoTests" name="[67] /home/travis/build/icyphy/ptII/ptolemy/domains/de/test/auto/Time.xml (RunModel)" time="0.407" />
  <testcase classname="ptolemy.util.test.junit.AutoTests" name="[68] /home/travis/build/icyphy/ptII/ptolemy/domains/de/test/auto/TimeDelayZeroDelay.xml (RunModel)" time="0.012" />
  <testcase classname="ptolemy.util.test.junit.AutoTests" name="[69] /home/travis/build/icyphy/ptII/ptolemy/domains/de/test/auto/TimerZeroDelay.xml (RunModel)" time="0.009" />
  <testcase classname="ptolemy.util.test.junit.AutoTests" name="[70] /home/travis/build/icyphy/ptII/ptolemy/domains/de/test/auto/TimingParadox.xml (RunModel)" time="0.351" />
  <testcase classname="ptolemy.util.test.junit.AutoTests" name="[71] /home/travis/build/icyphy/ptII/ptolemy/domains/de/test/auto/TransferInputs.xml (RunModel)" time="0.012" />
  <testcase classname="ptolemy.util.test.junit.AutoTests" name="[72] /home/travis/build/icyphy/ptII/ptolemy/domains/de/test/auto/TransferOutputs2.xml (RunModel)" time="0.018" />
  <testcase classname="ptolemy.util.test.junit.AutoTests" name="[73] /home/travis/build/icyphy/ptII/ptolemy/domains/de/test/auto/Trilateration.xml (RunModel)" time="11.351" />
  <testcase classname="ptolemy.util.test.junit.AutoTests" name="[74] /home/travis/build/icyphy/ptII/ptolemy/domains/de/test/auto/TwoSigmaDelta.xml (RunModel)" time="1.921" />
  <testcase classname="ptolemy.util.test.junit.AutoTests" name="[75] /home/travis/build/icyphy/ptII/ptolemy/domains/de/test/auto/VariableDelay.xml (RunModel)" time="0.016" />
  <testcase classname="ptolemy.util.test.junit.AutoTests" name="[76] /home/travis/build/icyphy/ptII/ptolemy/domains/de/test/auto/VariableDelay2.xml (RunModel)" time="0.011" />
  <testcase classname="ptolemy.util.test.junit.AutoTests" name="[77] /home/travis/build/icyphy/ptII/ptolemy/domains/de/test/auto/VariableDelayZeroDelay.xml (RunModel)" time="0.014" />
  <testcase classname="ptolemy.util.test.junit.AutoTests" name="[78] /home/travis/build/icyphy/ptII/ptolemy/domains/de/test/auto/VariableDelayZeroDelay2.xml (RunModel)" time="0.01" />
  <testcase classname="ptolemy.util.test.junit.AutoTests" name="[79] /home/travis/build/icyphy/ptII/ptolemy/domains/de/test/auto/deInCt.xml (RunModel)" time="0.016" />
  <testcase classname="ptolemy.util.test.junit.AutoTests" name="[80] /home/travis/build/icyphy/ptII/ptolemy/domains/de/test/auto/deInCt2.xml (RunModel)" time="0.014" />
  <testcase classname="ptolemy.util.test.junit.AutoTests" name="[81] /home/travis/build/icyphy/ptII/ptolemy/domains/de/test/auto/dynamicCausalityInterface1.xml (RunModel)" time="0.021" />
  <testcase classname="ptolemy.util.test.junit.AutoTests" name="[82] /home/travis/build/icyphy/ptII/ptolemy/domains/de/test/auto/fsm_de_test.xml (RunModel)" time="0.03" />
  <testcase classname="ptolemy.util.test.junit.AutoTests" name="[83] /home/travis/build/icyphy/ptII/ptolemy/domains/de/test/auto/functionDependencyReconstruction.xml (RunModel)" time="0.029" />
  <testcase classname="ptolemy.util.test.junit.AutoTests" name="[84] /home/travis/build/icyphy/ptII/ptolemy/domains/de/test/auto/multirate.xml (RunModel)" time="0.014" />
  <testcase classname="ptolemy.util.test.junit.AutoTests" name="[85] /home/travis/build/icyphy/ptII/ptolemy/domains/de/test/auto/multirate2.xml (RunModel)" time="0.016" />
  <testcase classname="ptolemy.util.test.junit.AutoTests" name="[86] /home/travis/build/icyphy/ptII/ptolemy/domains/de/test/auto/realtime.xml (RunModel)" time="10.01" />
  <testcase classname="ptolemy.util.test.junit.AutoTests" name="[87] /home/travis/build/icyphy/ptII/ptolemy/domains/de/test/auto/relationGroup.xml (RunModel)" time="0.006" />
  <testcase classname="ptolemy.util.test.junit.AutoTests" name="[88] /home/travis/build/icyphy/ptII/ptolemy/domains/de/test/auto/relationGroup2.xml (RunModel)" time="0.007" />
  <testcase classname="ptolemy.util.test.junit.AutoTests" name="[89] /home/travis/build/icyphy/ptII/ptolemy/domains/de/test/auto/sortWithOpaquePorts.xml (RunModel)" time="0.009" />
  <testcase classname="ptolemy.util.test.junit.AutoTests" name="[90] /home/travis/build/icyphy/ptII/ptolemy/domains/de/test/auto/transferInputsandOutputs.xml (RunModel)" time="0.012" />
  <testcase classname="ptolemy.util.test.junit.AutoTests" name="[91] /home/travis/build/icyphy/ptII/ptolemy/domains/de/test/auto/triggerType.xml (RunModel)" time="0.007" />
  <system-out><![CDATA[/home/travis/build/icyphy/ptII/ptolemy/domains/de/test/DependencyLoop.tcl
testDefs.tcl: setting time out to 9000 seconds at Mon Apr 30 10:54:01 UTC 2018
19 ms. Memory: 116224K Free: 95073K (82%)
7 ms. Memory: 146944K Free: 139039K (95%)
/home/travis/build/icyphy/ptII/ptolemy/domains/de/test/RunDETestsAsQSS.tcl
Run the DE tests using ptolemy.domains.qss.test.QSSDirectorTest, which extends QSSDirector and prints a message in the constructors.
------------------ testing $PTII/ptolemy/domains/de/test/auto/knownFailedTests/dependencyLoop.xml (Known Failure) 
11 ms. Memory: 146944K Free: 134764K (92%)


==== $PTIIhome/travis/build/icyphy/ptII/ptolemy/domains/de/test/../../../../: Auto Automatic test in file $PTII/ptolemy/domains/de/test/auto/knownFailedTests/dependencyLoop.xml
==== Contents of test case:

	    # FIXME: we should use $relativeFilename here, but it
	    # might have backslashes under Windows, which causes no end
	    # of trouble.
	    createAndExecute $file
	    list {}
	
.... Test generated KNOWN error:
    while executing
ptolemy.kernel.util.IllegalActionException: Found a zero delay loop containing .dependencyLoop.original
  in .dependencyLoop and .dependencyLoop.original
	at ptolemy.actor.util.CausalityInterfaceForComposites._computeOutputPortDepth(CausalityInterfaceForComposites.java:759)
	at ptolemy.actor.util.CausalityInterfaceForComposites._computeInputDepth(CausalityInterfaceForComposites.java:696)
	at ptolemy.actor.util.CausalityInterfaceForComposites._computeOutputPortDepth(CausalityInterfaceForComposites.java:765)
	at ptolemy.actor.util.CausalityInterfaceForComposites._computeInputDepth(CausalityInterfaceForComposites.java:696)
	at ptolemy.actor.util.CausalityInterfaceForComposites._computeOutputPortDepth(CausalityInterfaceForComposites.java:765)
	at ptolemy.actor.util.CausalityInterfaceForComposites._computeInputDepth(CausalityInterfaceForComposites.java:696)
	at ptolemy.actor.util.CausalityInterfaceForComposites._computeActorDepth(CausalityInterfaceForComposites.java:532)
	at ptolemy.actor.util.CausalityInterfaceForComposites.checkForCycles(CausalityInterfaceForComposites.java:96)
	at ptolemy.domains.de.kernel.DEDirector.preinitialize(DEDirector.java:1337)
	at ptolemy.actor.CompositeActor.preinitialize(CompositeActor.java:1828)
	at ptolemy.actor.Manager.preinitializeAndResolveTypes(Manager.java:1040)
	at ptolemy.actor.Manager.initialize(Manager.java:710)
	at ptolemy.actor.Manager.execute(Manager.java:356)
	at ptolemy.actor.Manager.run(Manager.java:1263)
	at ptolemy.actor.Manager$PtolemyRunThread.run(Manager.java:1915)

    while executing
ptolemy.kernel.util.IllegalActionException: Found a zero delay loop containing .dependencyLoop.original
  in .dependencyLoop and .dependencyLoop.original
    while executing
"java::new ptolemy.moml.MoMLSimpleApplication $file
"
    (procedure "createAndExecute" line 2)
    invoked from within
"createAndExecute $file"
    ("uplevel" body line 5)
    invoked from within
"uplevel $contents_of_test"
------------------ testing $PTII/ptolemy/domains/de/test/auto/knownFailedTests/DESDFClockTest.xml (Known Failure) 
2087 ms. Memory: 146944K Free: 118942K (81%)


==== $PTIIhome/travis/build/icyphy/ptII/ptolemy/domains/de/test/../../../../: Auto Automatic test in file $PTII/ptolemy/domains/de/test/auto/knownFailedTests/DESDFClockTest.xml
==== Contents of test case:

	    # FIXME: we should use $relativeFilename here, but it
	    # might have backslashes under Windows, which causes no end
	    # of trouble.
	    createAndExecute $file
	    list {}
	
.... Test generated KNOWN error:
    while executing
ptolemy.kernel.util.IllegalActionException: Actor is not ready to fire.  Perhaps UpSample.prefire() returned false? Try debugging the actor by selecting "Listen to Actor".  Also, for SDF check moml for tokenConsumptionRate on input.
  in .DESDFClockTest.Play Bell.Copy1:SDF Director and .DESDFClockTest.Play Bell.UpSample
	at ptolemy.actor.sched.StaticSchedulingDirector.fire(StaticSchedulingDirector.java:227)
	at ptolemy.domains.sdf.kernel.SDFDirector.fire(SDFDirector.java:500)
	at ptolemy.actor.CompositeActor.fire(CompositeActor.java:455)
	at ptolemy.domains.de.kernel.DEDirector._fire(DEDirector.java:1948)
	at ptolemy.domains.de.kernel.DEDirector.fire(DEDirector.java:502)
	at ptolemy.actor.CompositeActor.fire(CompositeActor.java:455)
	at ptolemy.actor.Manager.iterate(Manager.java:851)
	at ptolemy.actor.Manager.execute(Manager.java:369)
	at ptolemy.actor.Manager.run(Manager.java:1263)
	at ptolemy.actor.Manager$PtolemyRunThread.run(Manager.java:1915)

    while executing
ptolemy.kernel.util.IllegalActionException: Actor is not ready to fire.  Perhaps UpSample.prefire() returned false? Try debugging the actor by selecting "Listen to Actor".  Also, for SDF check moml for tokenConsumptionRate on input.
  in .DESDFClockTest.Play Bell.Copy1:SDF Director and .DESDFClockTest.Play Bell.UpSample
    while executing
"java::new ptolemy.moml.MoMLSimpleApplication $file
"
    (procedure "createAndExecute" line 2)
    invoked from within
"createAndExecute $file"
    ("uplevel" body line 5)
    invoked from within
"uplevel $contents_of_test"
------------------ testing $PTII/ptolemy/domains/de/test/auto/knownFailedTests/FSMSource.xml (Known Failure) 
30 ms. Memory: 146944K Free: 109944K (75%)
!!!! Auto was marked as failing, but now passes
------------------ testing $PTII/ptolemy/domains/de/test/auto/knownFailedTests/dependencyLoop2.xml (Known Failure) 
5 ms. Memory: 146944K Free: 108061K (74%)


==== $PTIIhome/travis/build/icyphy/ptII/ptolemy/domains/de/test/../../../../: Auto Automatic test in file $PTII/ptolemy/domains/de/test/auto/knownFailedTests/dependencyLoop2.xml
==== Contents of test case:

	    # FIXME: we should use $relativeFilename here, but it
	    # might have backslashes under Windows, which causes no end
	    # of trouble.
	    createAndExecute $file
	    list {}
	
.... Test generated KNOWN error:
    while executing
ptolemy.kernel.util.IllegalActionException: Found a zero delay loop containing .dependencyLoop2.original
  in .dependencyLoop2 and .dependencyLoop2.original
	at ptolemy.actor.util.CausalityInterfaceForComposites._computeOutputPortDepth(CausalityInterfaceForComposites.java:759)
	at ptolemy.actor.util.CausalityInterfaceForComposites._computeInputDepth(CausalityInterfaceForComposites.java:696)
	at ptolemy.actor.util.CausalityInterfaceForComposites._computeOutputPortDepth(CausalityInterfaceForComposites.java:765)
	at ptolemy.actor.util.CausalityInterfaceForComposites._computeInputDepth(CausalityInterfaceForComposites.java:696)
	at ptolemy.actor.util.CausalityInterfaceForComposites._computeOutputPortDepth(CausalityInterfaceForComposites.java:765)
	at ptolemy.actor.util.CausalityInterfaceForComposites._computeInputDepth(CausalityInterfaceForComposites.java:696)
	at ptolemy.actor.util.CausalityInterfaceForComposites._computeActorDepth(CausalityInterfaceForComposites.java:532)
	at ptolemy.actor.util.CausalityInterfaceForComposites.checkForCycles(CausalityInterfaceForComposites.java:96)
	at ptolemy.domains.de.kernel.DEDirector.preinitialize(DEDirector.java:1337)
	at ptolemy.actor.CompositeActor.preinitialize(CompositeActor.java:1828)
	at ptolemy.actor.Manager.preinitializeAndResolveTypes(Manager.java:1040)
	at ptolemy.actor.Manager.initialize(Manager.java:710)
	at ptolemy.actor.Manager.execute(Manager.java:356)
	at ptolemy.actor.Manager.run(Manager.java:1263)
	at ptolemy.actor.Manager$PtolemyRunThread.run(Manager.java:1915)

    while executing
ptolemy.kernel.util.IllegalActionException: Found a zero delay loop containing .dependencyLoop2.original
  in .dependencyLoop2 and .dependencyLoop2.original
    while executing
"java::new ptolemy.moml.MoMLSimpleApplication $file
"
    (procedure "createAndExecute" line 2)
    invoked from within
"createAndExecute $file"
    ("uplevel" body line 5)
    invoked from within
"uplevel $contents_of_test"
------------------ testing $PTII/ptolemy/domains/de/test/auto/knownFailedTests/HierarchicalModel.xml (Known Failure) 
5 ms. Memory: 146944K Free: 87418K (59%)


==== $PTIIhome/travis/build/icyphy/ptII/ptolemy/domains/de/test/../../../../: Auto Automatic test in file $PTII/ptolemy/domains/de/test/auto/knownFailedTests/HierarchicalModel.xml
==== Contents of test case:

	    # FIXME: we should use $relativeFilename here, but it
	    # might have backslashes under Windows, which causes no end
	    # of trouble.
	    createAndExecute $file
	    list {}
	
.... Test generated KNOWN error:
    while executing
ptolemy.kernel.util.IllegalActionException: Found a zero delay loop containing .HierarchicalModel.A
  in .HierarchicalModel and .HierarchicalModel.A
	at ptolemy.actor.util.CausalityInterfaceForComposites._computeOutputPortDepth(CausalityInterfaceForComposites.java:759)
	at ptolemy.actor.util.CausalityInterfaceForComposites._computeInputDepth(CausalityInterfaceForComposites.java:696)
	at ptolemy.actor.util.CausalityInterfaceForComposites._computeOutputPortDepth(CausalityInterfaceForComposites.java:765)
	at ptolemy.actor.util.CausalityInterfaceForComposites._computeInputDepth(CausalityInterfaceForComposites.java:696)
	at ptolemy.actor.util.CausalityInterfaceForComposites._computeOutputPortDepth(CausalityInterfaceForComposites.java:765)
	at ptolemy.actor.util.CausalityInterfaceForComposites._computeInputDepth(CausalityInterfaceForComposites.java:696)
	at ptolemy.actor.util.CausalityInterfaceForComposites._computeActorDepth(CausalityInterfaceForComposites.java:532)
	at ptolemy.actor.util.CausalityInterfaceForComposites.checkForCycles(CausalityInterfaceForComposites.java:96)
	at ptolemy.domains.de.kernel.DEDirector.preinitialize(DEDirector.java:1337)
	at ptolemy.actor.CompositeActor.preinitialize(CompositeActor.java:1828)
	at ptolemy.actor.Manager.preinitializeAndResolveTypes(Manager.java:1040)
	at ptolemy.actor.Manager.initialize(Manager.java:710)
	at ptolemy.actor.Manager.execute(Manager.java:356)
	at ptolemy.actor.Manager.run(Manager.java:1263)
	at ptolemy.actor.Manager$PtolemyRunThread.run(Manager.java:1915)

    while executing
ptolemy.kernel.util.IllegalActionException: Found a zero delay loop containing .HierarchicalModel.A
  in .HierarchicalModel and .HierarchicalModel.A
    while executing
"java::new ptolemy.moml.MoMLSimpleApplication $file
"
    (procedure "createAndExecute" line 2)
    invoked from within
"createAndExecute $file"
    ("uplevel" body line 5)
    invoked from within
"uplevel $contents_of_test"
------------------ testing $PTII/ptolemy/domains/de/test/auto/knownFailedTests/DirectFeedback.xml (Known Failure) 
6 ms. Memory: 146944K Free: 82078K (56%)


==== $PTIIhome/travis/build/icyphy/ptII/ptolemy/domains/de/test/../../../../: Auto Automatic test in file $PTII/ptolemy/domains/de/test/auto/knownFailedTests/DirectFeedback.xml
==== Contents of test case:

	    # FIXME: we should use $relativeFilename here, but it
	    # might have backslashes under Windows, which causes no end
	    # of trouble.
	    createAndExecute $file
	    list {}
	
.... Test generated KNOWN error:
    while executing
ptolemy.kernel.util.IllegalActionException: Test fails in iteration 1.
Value was: 1.0. Should have been: 2.0
  in .DirectFeedback.Test
	at ptolemy.actor.lib.Test.fire(Test.java:268)
	at ptolemy.domains.de.kernel.DEDirector._fire(DEDirector.java:1948)
	at ptolemy.domains.de.kernel.DEDirector.fire(DEDirector.java:502)
	at ptolemy.actor.CompositeActor.fire(CompositeActor.java:455)
	at ptolemy.actor.Manager.iterate(Manager.java:851)
	at ptolemy.actor.Manager.execute(Manager.java:369)
	at ptolemy.actor.Manager.run(Manager.java:1263)
	at ptolemy.actor.Manager$PtolemyRunThread.run(Manager.java:1915)

    while executing
ptolemy.kernel.util.IllegalActionException: Test fails in iteration 1.
Value was: 1.0. Should have been: 2.0
  in .DirectFeedback.Test
    while executing
"java::new ptolemy.moml.MoMLSimpleApplication $file
"
    (procedure "createAndExecute" line 2)
    invoked from within
"createAndExecute $file"
    ("uplevel" body line 5)
    invoked from within
"uplevel $contents_of_test"
------------------ testing $PTII/ptolemy/domains/de/test/auto/ActorDepthCalculation_actorWithoutPorts.xml
auto.tcl: Setting watchdog for 200 seconds at Mon Apr 30 10:54:04 UTC 2018
5 ms. Memory: 146944K Free: 134881K (92%)
ptolemy.util.test.WatchDog.cancel(): canceling Mon Apr 30 10:54:04 UTC 2018
auto.tcl: Setting watchdog for 200 seconds at Mon Apr 30 10:54:04 UTC 2018
4 ms. Memory: 146944K Free: 133847K (91%)
ptolemy.util.test.WatchDog.cancel(): canceling Mon Apr 30 10:54:04 UTC 2018
------------------ testing $PTII/ptolemy/domains/de/test/auto/AssemblyLine.xml
auto.tcl: Setting watchdog for 200 seconds at Mon Apr 30 10:54:05 UTC 2018
10 ms. Memory: 208384K Free: 181535K (87%)
ptolemy.util.test.WatchDog.cancel(): canceling Mon Apr 30 10:54:05 UTC 2018
auto.tcl: Setting watchdog for 200 seconds at Mon Apr 30 10:54:05 UTC 2018
6 ms. Memory: 208384K Free: 181535K (87%)
ptolemy.util.test.WatchDog.cancel(): canceling Mon Apr 30 10:54:05 UTC 2018
------------------ testing $PTII/ptolemy/domains/de/test/auto/CQBug1.xml
auto.tcl: Setting watchdog for 200 seconds at Mon Apr 30 10:54:05 UTC 2018
3 ms. Memory: 208384K Free: 196448K (94%)
ptolemy.util.test.WatchDog.cancel(): canceling Mon Apr 30 10:54:05 UTC 2018
auto.tcl: Setting watchdog for 200 seconds at Mon Apr 30 10:54:05 UTC 2018
2 ms. Memory: 208384K Free: 196448K (94%)
ptolemy.util.test.WatchDog.cancel(): canceling Mon Apr 30 10:54:05 UTC 2018
------------------ testing $PTII/ptolemy/domains/de/test/auto/CancelFireAt.xml
auto.tcl: Setting watchdog for 200 seconds at Mon Apr 30 10:54:05 UTC 2018
8 ms. Memory: 208384K Free: 201007K (96%)
ptolemy.util.test.WatchDog.cancel(): canceling Mon Apr 30 10:54:05 UTC 2018
auto.tcl: Setting watchdog for 200 seconds at Mon Apr 30 10:54:05 UTC 2018
4 ms. Memory: 208384K Free: 198888K (95%)
ptolemy.util.test.WatchDog.cancel(): canceling Mon Apr 30 10:54:05 UTC 2018
------------------ testing $PTII/ptolemy/domains/de/test/auto/CausalityAndComposabilityAnalysis.xml
auto.tcl: Setting watchdog for 200 seconds at Mon Apr 30 10:54:05 UTC 2018
14 ms. Memory: 208384K Free: 198558K (95%)
ptolemy.util.test.WatchDog.cancel(): canceling Mon Apr 30 10:54:05 UTC 2018
auto.tcl: Setting watchdog for 200 seconds at Mon Apr 30 10:54:05 UTC 2018
5 ms. Memory: 208384K Free: 196435K (94%)
ptolemy.util.test.WatchDog.cancel(): canceling Mon Apr 30 10:54:05 UTC 2018
------------------ testing $PTII/ptolemy/domains/de/test/auto/CausalityInterface1.xml
auto.tcl: Setting watchdog for 200 seconds at Mon Apr 30 10:54:05 UTC 2018
15 ms. Memory: 208384K Free: 196376K (94%)
ptolemy.util.test.WatchDog.cancel(): canceling Mon Apr 30 10:54:05 UTC 2018
auto.tcl: Setting watchdog for 200 seconds at Mon Apr 30 10:54:05 UTC 2018
3 ms. Memory: 208384K Free: 196376K (94%)
ptolemy.util.test.WatchDog.cancel(): canceling Mon Apr 30 10:54:05 UTC 2018
------------------ testing $PTII/ptolemy/domains/de/test/auto/CausalityInterface15.xml
auto.tcl: Setting watchdog for 200 seconds at Mon Apr 30 10:54:05 UTC 2018
20 ms. Memory: 208384K Free: 196365K (94%)
ptolemy.util.test.WatchDog.cancel(): canceling Mon Apr 30 10:54:05 UTC 2018
auto.tcl: Setting watchdog for 200 seconds at Mon Apr 30 10:54:05 UTC 2018
4 ms. Memory: 208384K Free: 196365K (94%)
ptolemy.util.test.WatchDog.cancel(): canceling Mon Apr 30 10:54:05 UTC 2018
------------------ testing $PTII/ptolemy/domains/de/test/auto/CausalityInterface2.xml
auto.tcl: Setting watchdog for 200 seconds at Mon Apr 30 10:54:05 UTC 2018
7 ms. Memory: 208384K Free: 196349K (94%)
ptolemy.util.test.WatchDog.cancel(): canceling Mon Apr 30 10:54:05 UTC 2018
auto.tcl: Setting watchdog for 200 seconds at Mon Apr 30 10:54:05 UTC 2018
3 ms. Memory: 208384K Free: 196349K (94%)
ptolemy.util.test.WatchDog.cancel(): canceling Mon Apr 30 10:54:05 UTC 2018
------------------ testing $PTII/ptolemy/domains/de/test/auto/CausalityInterface3.xml
auto.tcl: Setting watchdog for 200 seconds at Mon Apr 30 10:54:05 UTC 2018
5 ms. Memory: 208384K Free: 196362K (94%)
ptolemy.util.test.WatchDog.cancel(): canceling Mon Apr 30 10:54:06 UTC 2018
auto.tcl: Setting watchdog for 200 seconds at Mon Apr 30 10:54:06 UTC 2018
7 ms. Memory: 208384K Free: 196362K (94%)
ptolemy.util.test.WatchDog.cancel(): canceling Mon Apr 30 10:54:06 UTC 2018
------------------ testing $PTII/ptolemy/domains/de/test/auto/ClockDrift.xml
auto.tcl: Setting watchdog for 200 seconds at Mon Apr 30 10:54:06 UTC 2018
87 ms. Memory: 208384K Free: 187535K (90%)
ptolemy.util.test.WatchDog.cancel(): canceling Mon Apr 30 10:54:06 UTC 2018
auto.tcl: Setting watchdog for 200 seconds at Mon Apr 30 10:54:06 UTC 2018
45 ms. Memory: 208384K Free: 185415K (89%)
ptolemy.util.test.WatchDog.cancel(): canceling Mon Apr 30 10:54:06 UTC 2018
------------------ testing $PTII/ptolemy/domains/de/test/auto/ClockDriftAndValueChange.xml
auto.tcl: Setting watchdog for 200 seconds at Mon Apr 30 10:54:06 UTC 2018
40 ms. Memory: 208384K Free: 187368K (90%)
ptolemy.util.test.WatchDog.cancel(): canceling Mon Apr 30 10:54:06 UTC 2018
auto.tcl: Setting watchdog for 200 seconds at Mon Apr 30 10:54:06 UTC 2018
28 ms. Memory: 208384K Free: 185248K (89%)
ptolemy.util.test.WatchDog.cancel(): canceling Mon Apr 30 10:54:06 UTC 2018
------------------ testing $PTII/ptolemy/domains/de/test/auto/ClockDriftChange.xml
auto.tcl: Setting watchdog for 200 seconds at Mon Apr 30 10:54:06 UTC 2018
29 ms. Memory: 208384K Free: 190712K (92%)
ptolemy.util.test.WatchDog.cancel(): canceling Mon Apr 30 10:54:06 UTC 2018
auto.tcl: Setting watchdog for 200 seconds at Mon Apr 30 10:54:06 UTC 2018
23 ms. Memory: 208384K Free: 188592K (91%)
ptolemy.util.test.WatchDog.cancel(): canceling Mon Apr 30 10:54:06 UTC 2018
------------------ testing $PTII/ptolemy/domains/de/test/auto/ComposableCausalityAnalysis.xml
auto.tcl: Setting watchdog for 200 seconds at Mon Apr 30 10:54:06 UTC 2018
2 ms. Memory: 208384K Free: 196217K (94%)
ptolemy.util.test.WatchDog.cancel(): canceling Mon Apr 30 10:54:06 UTC 2018
auto.tcl: Setting watchdog for 200 seconds at Mon Apr 30 10:54:06 UTC 2018
1 ms. Memory: 208384K Free: 194097K (93%)
ptolemy.util.test.WatchDog.cancel(): canceling Mon Apr 30 10:54:06 UTC 2018
------------------ testing $PTII/ptolemy/domains/de/test/auto/DEFixedPointLimitation.xml
auto.tcl: Setting watchdog for 200 seconds at Mon Apr 30 10:54:06 UTC 2018
1 ms. Memory: 208384K Free: 198417K (95%)
ptolemy.util.test.WatchDog.cancel(): canceling Mon Apr 30 10:54:06 UTC 2018
auto.tcl: Setting watchdog for 200 seconds at Mon Apr 30 10:54:06 UTC 2018
1 ms. Memory: 208384K Free: 196297K (94%)
ptolemy.util.test.WatchDog.cancel(): canceling Mon Apr 30 10:54:06 UTC 2018
------------------ testing $PTII/ptolemy/domains/de/test/auto/DEScheduleTest.xml
auto.tcl: Setting watchdog for 200 seconds at Mon Apr 30 10:54:06 UTC 2018
3 ms. Memory: 208384K Free: 198453K (95%)
ptolemy.util.test.WatchDog.cancel(): canceling Mon Apr 30 10:54:06 UTC 2018
auto.tcl: Setting watchdog for 200 seconds at Mon Apr 30 10:54:06 UTC 2018
5 ms. Memory: 208384K Free: 196333K (94%)
ptolemy.util.test.WatchDog.cancel(): canceling Mon Apr 30 10:54:06 UTC 2018
------------------ testing $PTII/ptolemy/domains/de/test/auto/DEinDEwithStartTimes.xml
auto.tcl: Setting watchdog for 200 seconds at Mon Apr 30 10:54:06 UTC 2018
7 ms. Memory: 208384K Free: 196303K (94%)
ptolemy.util.test.WatchDog.cancel(): canceling Mon Apr 30 10:54:06 UTC 2018
auto.tcl: Setting watchdog for 200 seconds at Mon Apr 30 10:54:06 UTC 2018
3 ms. Memory: 208384K Free: 194183K (93%)
ptolemy.util.test.WatchDog.cancel(): canceling Mon Apr 30 10:54:06 UTC 2018
------------------ testing $PTII/ptolemy/domains/de/test/auto/DEinDEwithStartTimes2.xml
auto.tcl: Setting watchdog for 200 seconds at Mon Apr 30 10:54:06 UTC 2018
4 ms. Memory: 208384K Free: 196282K (94%)
ptolemy.util.test.WatchDog.cancel(): canceling Mon Apr 30 10:54:06 UTC 2018
auto.tcl: Setting watchdog for 200 seconds at Mon Apr 30 10:54:06 UTC 2018
3 ms. Memory: 208384K Free: 194163K (93%)
ptolemy.util.test.WatchDog.cancel(): canceling Mon Apr 30 10:54:06 UTC 2018
------------------ testing $PTII/ptolemy/domains/de/test/auto/DateDemo.xml
auto.tcl: Setting watchdog for 200 seconds at Mon Apr 30 10:54:06 UTC 2018
14 ms. Memory: 208384K Free: 188662K (91%)
ptolemy.util.test.WatchDog.cancel(): canceling Mon Apr 30 10:54:07 UTC 2018
auto.tcl: Setting watchdog for 200 seconds at Mon Apr 30 10:54:07 UTC 2018
6 ms. Memory: 208384K Free: 186542K (90%)
ptolemy.util.test.WatchDog.cancel(): canceling Mon Apr 30 10:54:07 UTC 2018
------------------ testing $PTII/ptolemy/domains/de/test/auto/DateToEvent.xml
auto.tcl: Setting watchdog for 200 seconds at Mon Apr 30 10:54:07 UTC 2018
2019 ms. Memory: 208384K Free: 183300K (88%)
ptolemy.util.test.WatchDog.cancel(): canceling Mon Apr 30 10:54:09 UTC 2018
auto.tcl: Setting watchdog for 200 seconds at Mon Apr 30 10:54:09 UTC 2018
2005 ms. Memory: 208384K Free: 180843K (87%)
ptolemy.util.test.WatchDog.cancel(): canceling Mon Apr 30 10:54:11 UTC 2018
------------------ testing $PTII/ptolemy/domains/de/test/auto/DepthTest1.xml
auto.tcl: Setting watchdog for 200 seconds at Mon Apr 30 10:54:11 UTC 2018
4 ms. Memory: 208384K Free: 197981K (95%)
ptolemy.util.test.WatchDog.cancel(): canceling Mon Apr 30 10:54:11 UTC 2018
auto.tcl: Setting watchdog for 200 seconds at Mon Apr 30 10:54:11 UTC 2018
2 ms. Memory: 208384K Free: 197981K (95%)
ptolemy.util.test.WatchDog.cancel(): canceling Mon Apr 30 10:54:11 UTC 2018
------------------ testing $PTII/ptolemy/domains/de/test/auto/DepthTest2.xml
auto.tcl: Setting watchdog for 200 seconds at Mon Apr 30 10:54:11 UTC 2018
3 ms. Memory: 208384K Free: 194143K (93%)
ptolemy.util.test.WatchDog.cancel(): canceling Mon Apr 30 10:54:11 UTC 2018
auto.tcl: Setting watchdog for 200 seconds at Mon Apr 30 10:54:11 UTC 2018
6 ms. Memory: 208384K Free: 194143K (93%)
ptolemy.util.test.WatchDog.cancel(): canceling Mon Apr 30 10:54:11 UTC 2018
------------------ testing $PTII/ptolemy/domains/de/test/auto/DepthTest3.xml
auto.tcl: Setting watchdog for 200 seconds at Mon Apr 30 10:54:11 UTC 2018
6 ms. Memory: 208384K Free: 198653K (95%)
ptolemy.util.test.WatchDog.cancel(): canceling Mon Apr 30 10:54:11 UTC 2018
auto.tcl: Setting watchdog for 200 seconds at Mon Apr 30 10:54:11 UTC 2018
1 ms. Memory: 208384K Free: 198653K (95%)
ptolemy.util.test.WatchDog.cancel(): canceling Mon Apr 30 10:54:11 UTC 2018
------------------ testing $PTII/ptolemy/domains/de/test/auto/DepthTest4.xml
auto.tcl: Setting watchdog for 200 seconds at Mon Apr 30 10:54:11 UTC 2018
3 ms. Memory: 208384K Free: 196284K (94%)
ptolemy.util.test.WatchDog.cancel(): canceling Mon Apr 30 10:54:11 UTC 2018
auto.tcl: Setting watchdog for 200 seconds at Mon Apr 30 10:54:11 UTC 2018
2 ms. Memory: 208384K Free: 196284K (94%)
ptolemy.util.test.WatchDog.cancel(): canceling Mon Apr 30 10:54:11 UTC 2018
------------------ testing $PTII/ptolemy/domains/de/test/auto/DepthTest5.xml
auto.tcl: Setting watchdog for 200 seconds at Mon Apr 30 10:54:11 UTC 2018
5 ms. Memory: 208384K Free: 196231K (94%)
ptolemy.util.test.WatchDog.cancel(): canceling Mon Apr 30 10:54:11 UTC 2018
auto.tcl: Setting watchdog for 200 seconds at Mon Apr 30 10:54:11 UTC 2018
2 ms. Memory: 208384K Free: 196231K (94%)
ptolemy.util.test.WatchDog.cancel(): canceling Mon Apr 30 10:54:11 UTC 2018
------------------ testing $PTII/ptolemy/domains/de/test/auto/DepthTest6.xml
auto.tcl: Setting watchdog for 200 seconds at Mon Apr 30 10:54:11 UTC 2018
7 ms. Memory: 208384K Free: 196529K (94%)
ptolemy.util.test.WatchDog.cancel(): canceling Mon Apr 30 10:54:11 UTC 2018
auto.tcl: Setting watchdog for 200 seconds at Mon Apr 30 10:54:11 UTC 2018
2 ms. Memory: 208384K Free: 196529K (94%)
ptolemy.util.test.WatchDog.cancel(): canceling Mon Apr 30 10:54:11 UTC 2018
------------------ testing $PTII/ptolemy/domains/de/test/auto/DepthTest7.xml
auto.tcl: Setting watchdog for 200 seconds at Mon Apr 30 10:54:11 UTC 2018
3 ms. Memory: 208384K Free: 196188K (94%)
ptolemy.util.test.WatchDog.cancel(): canceling Mon Apr 30 10:54:11 UTC 2018
auto.tcl: Setting watchdog for 200 seconds at Mon Apr 30 10:54:11 UTC 2018
2 ms. Memory: 208384K Free: 196188K (94%)
ptolemy.util.test.WatchDog.cancel(): canceling Mon Apr 30 10:54:11 UTC 2018
------------------ testing $PTII/ptolemy/domains/de/test/auto/EventToDate.xml
auto.tcl: Setting watchdog for 200 seconds at Mon Apr 30 10:54:11 UTC 2018
3011 ms. Memory: 208384K Free: 185612K (89%)
ptolemy.util.test.WatchDog.cancel(): canceling Mon Apr 30 10:54:14 UTC 2018
auto.tcl: Setting watchdog for 200 seconds at Mon Apr 30 10:54:14 UTC 2018
3003 ms. Memory: 208384K Free: 185612K (89%)
ptolemy.util.test.WatchDog.cancel(): canceling Mon Apr 30 10:54:17 UTC 2018
------------------ testing $PTII/ptolemy/domains/de/test/auto/FSM1.xml
auto.tcl: Setting watchdog for 200 seconds at Mon Apr 30 10:54:17 UTC 2018
39 ms. Memory: 208384K Free: 189202K (91%)
ptolemy.util.test.WatchDog.cancel(): canceling Mon Apr 30 10:54:17 UTC 2018
auto.tcl: Setting watchdog for 200 seconds at Mon Apr 30 10:54:17 UTC 2018
21 ms. Memory: 208384K Free: 184962K (89%)
ptolemy.util.test.WatchDog.cancel(): canceling Mon Apr 30 10:54:17 UTC 2018
------------------ testing $PTII/ptolemy/domains/de/test/auto/FSM7.xml
auto.tcl: Setting watchdog for 200 seconds at Mon Apr 30 10:54:18 UTC 2018
24 ms. Memory: 208384K Free: 187285K (90%)
ptolemy.util.test.WatchDog.cancel(): canceling Mon Apr 30 10:54:18 UTC 2018
auto.tcl: Setting watchdog for 200 seconds at Mon Apr 30 10:54:18 UTC 2018
23 ms. Memory: 208384K Free: 185165K (89%)
ptolemy.util.test.WatchDog.cancel(): canceling Mon Apr 30 10:54:18 UTC 2018
------------------ testing $PTII/ptolemy/domains/de/test/auto/Inspection.xml
auto.tcl: Setting watchdog for 200 seconds at Mon Apr 30 10:54:18 UTC 2018
34 ms. Memory: 208384K Free: 188499K (90%)
ptolemy.util.test.WatchDog.cancel(): canceling Mon Apr 30 10:54:18 UTC 2018
auto.tcl: Setting watchdog for 200 seconds at Mon Apr 30 10:54:18 UTC 2018
25 ms. Memory: 208384K Free: 186379K (89%)
ptolemy.util.test.WatchDog.cancel(): canceling Mon Apr 30 10:54:18 UTC 2018
------------------ testing $PTII/ptolemy/domains/de/test/auto/Iteration.xml
auto.tcl: Setting watchdog for 200 seconds at Mon Apr 30 10:54:18 UTC 2018
7 ms. Memory: 208384K Free: 194213K (93%)
ptolemy.util.test.WatchDog.cancel(): canceling Mon Apr 30 10:54:18 UTC 2018
auto.tcl: Setting watchdog for 200 seconds at Mon Apr 30 10:54:18 UTC 2018
11 ms. Memory: 208384K Free: 194213K (93%)
ptolemy.util.test.WatchDog.cancel(): canceling Mon Apr 30 10:54:18 UTC 2018
------------------ testing $PTII/ptolemy/domains/de/test/auto/LineFault.xml
auto.tcl: Setting watchdog for 200 seconds at Mon Apr 30 10:54:18 UTC 2018
702 ms. Memory: 208384K Free: 195100K (94%)
ptolemy.util.test.WatchDog.cancel(): canceling Mon Apr 30 10:54:19 UTC 2018
auto.tcl: Setting watchdog for 200 seconds at Mon Apr 30 10:54:19 UTC 2018
599 ms. Memory: 208384K Free: 139104K (67%)
ptolemy.util.test.WatchDog.cancel(): canceling Mon Apr 30 10:54:19 UTC 2018
------------------ testing $PTII/ptolemy/domains/de/test/auto/MergeModel1Add.xml
auto.tcl: Setting watchdog for 200 seconds at Mon Apr 30 10:54:20 UTC 2018
19 ms. Memory: 331264K Free: 302906K (91%)
ptolemy.util.test.WatchDog.cancel(): canceling Mon Apr 30 10:54:20 UTC 2018
auto.tcl: Setting watchdog for 200 seconds at Mon Apr 30 10:54:20 UTC 2018
9 ms. Memory: 331264K Free: 298977K (90%)
ptolemy.util.test.WatchDog.cancel(): canceling Mon Apr 30 10:54:20 UTC 2018
------------------ testing $PTII/ptolemy/domains/de/test/auto/MergeModel2Add.xml
auto.tcl: Setting watchdog for 200 seconds at Mon Apr 30 10:54:20 UTC 2018
13 ms. Memory: 331264K Free: 304243K (92%)
ptolemy.util.test.WatchDog.cancel(): canceling Mon Apr 30 10:54:20 UTC 2018
auto.tcl: Setting watchdog for 200 seconds at Mon Apr 30 10:54:20 UTC 2018
11 ms. Memory: 331264K Free: 300314K (91%)
ptolemy.util.test.WatchDog.cancel(): canceling Mon Apr 30 10:54:20 UTC 2018
------------------ testing $PTII/ptolemy/domains/de/test/auto/MergeModel3Add.xml
auto.tcl: Setting watchdog for 200 seconds at Mon Apr 30 10:54:20 UTC 2018
10 ms. Memory: 331264K Free: 304253K (92%)
ptolemy.util.test.WatchDog.cancel(): canceling Mon Apr 30 10:54:20 UTC 2018
auto.tcl: Setting watchdog for 200 seconds at Mon Apr 30 10:54:20 UTC 2018
10 ms. Memory: 331264K Free: 300323K (91%)
ptolemy.util.test.WatchDog.cancel(): canceling Mon Apr 30 10:54:20 UTC 2018
------------------ testing $PTII/ptolemy/domains/de/test/auto/MergeWithoutDiscard.xml
auto.tcl: Setting watchdog for 200 seconds at Mon Apr 30 10:54:20 UTC 2018
2 ms. Memory: 331264K Free: 316324K (95%)
ptolemy.util.test.WatchDog.cancel(): canceling Mon Apr 30 10:54:20 UTC 2018
auto.tcl: Setting watchdog for 200 seconds at Mon Apr 30 10:54:20 UTC 2018
1 ms. Memory: 331264K Free: 316324K (95%)
ptolemy.util.test.WatchDog.cancel(): canceling Mon Apr 30 10:54:20 UTC 2018
------------------ testing $PTII/ptolemy/domains/de/test/auto/Modal1.xml
auto.tcl: Setting watchdog for 200 seconds at Mon Apr 30 10:54:20 UTC 2018
19 ms. Memory: 331264K Free: 309949K (94%)
ptolemy.util.test.WatchDog.cancel(): canceling Mon Apr 30 10:54:20 UTC 2018
auto.tcl: Setting watchdog for 200 seconds at Mon Apr 30 10:54:20 UTC 2018
20 ms. Memory: 331264K Free: 306020K (92%)
ptolemy.util.test.WatchDog.cancel(): canceling Mon Apr 30 10:54:20 UTC 2018
------------------ testing $PTII/ptolemy/domains/de/test/auto/Modal2.xml
auto.tcl: Setting watchdog for 200 seconds at Mon Apr 30 10:54:20 UTC 2018
16 ms. Memory: 331264K Free: 309823K (94%)
ptolemy.util.test.WatchDog.cancel(): canceling Mon Apr 30 10:54:20 UTC 2018
auto.tcl: Setting watchdog for 200 seconds at Mon Apr 30 10:54:20 UTC 2018
16 ms. Memory: 331264K Free: 305893K (92%)
ptolemy.util.test.WatchDog.cancel(): canceling Mon Apr 30 10:54:20 UTC 2018
------------------ testing $PTII/ptolemy/domains/de/test/auto/Modal3.xml
auto.tcl: Setting watchdog for 200 seconds at Mon Apr 30 10:54:20 UTC 2018
9 ms. Memory: 331264K Free: 310114K (94%)
ptolemy.util.test.WatchDog.cancel(): canceling Mon Apr 30 10:54:20 UTC 2018
auto.tcl: Setting watchdog for 200 seconds at Mon Apr 30 10:54:20 UTC 2018
10 ms. Memory: 331264K Free: 305899K (92%)
ptolemy.util.test.WatchDog.cancel(): canceling Mon Apr 30 10:54:20 UTC 2018
------------------ testing $PTII/ptolemy/domains/de/test/auto/Modal4.xml
auto.tcl: Setting watchdog for 200 seconds at Mon Apr 30 10:54:20 UTC 2018
27 ms. Memory: 331264K Free: 309834K (94%)
ptolemy.util.test.WatchDog.cancel(): canceling Mon Apr 30 10:54:20 UTC 2018
auto.tcl: Setting watchdog for 200 seconds at Mon Apr 30 10:54:20 UTC 2018
15 ms. Memory: 331264K Free: 305904K (92%)
ptolemy.util.test.WatchDog.cancel(): canceling Mon Apr 30 10:54:20 UTC 2018
------------------ testing $PTII/ptolemy/domains/de/test/auto/Modal5.xml
auto.tcl: Setting watchdog for 200 seconds at Mon Apr 30 10:54:20 UTC 2018
15 ms. Memory: 331264K Free: 309821K (94%)
ptolemy.util.test.WatchDog.cancel(): canceling Mon Apr 30 10:54:20 UTC 2018
auto.tcl: Setting watchdog for 200 seconds at Mon Apr 30 10:54:20 UTC 2018
16 ms. Memory: 331264K Free: 305892K (92%)
ptolemy.util.test.WatchDog.cancel(): canceling Mon Apr 30 10:54:20 UTC 2018
------------------ testing $PTII/ptolemy/domains/de/test/auto/Modal6.xml
auto.tcl: Setting watchdog for 200 seconds at Mon Apr 30 10:54:20 UTC 2018
14 ms. Memory: 331264K Free: 309818K (94%)
ptolemy.util.test.WatchDog.cancel(): canceling Mon Apr 30 10:54:21 UTC 2018
auto.tcl: Setting watchdog for 200 seconds at Mon Apr 30 10:54:21 UTC 2018
12 ms. Memory: 331264K Free: 305888K (92%)
ptolemy.util.test.WatchDog.cancel(): canceling Mon Apr 30 10:54:21 UTC 2018
------------------ testing $PTII/ptolemy/domains/de/test/auto/Modal7.xml
auto.tcl: Setting watchdog for 200 seconds at Mon Apr 30 10:54:21 UTC 2018
17 ms. Memory: 331264K Free: 309818K (94%)
ptolemy.util.test.WatchDog.cancel(): canceling Mon Apr 30 10:54:21 UTC 2018
auto.tcl: Setting watchdog for 200 seconds at Mon Apr 30 10:54:21 UTC 2018
15 ms. Memory: 331264K Free: 305889K (92%)
ptolemy.util.test.WatchDog.cancel(): canceling Mon Apr 30 10:54:21 UTC 2018
------------------ testing $PTII/ptolemy/domains/de/test/auto/ModalModel.xml
auto.tcl: Setting watchdog for 200 seconds at Mon Apr 30 10:54:21 UTC 2018
203 ms. Memory: 331264K Free: 246388K (74%)
ptolemy.util.test.WatchDog.cancel(): canceling Mon Apr 30 10:54:21 UTC 2018
auto.tcl: Setting watchdog for 200 seconds at Mon Apr 30 10:54:21 UTC 2018
178 ms. Memory: 331264K Free: 191304K (58%)
ptolemy.util.test.WatchDog.cancel(): canceling Mon Apr 30 10:54:21 UTC 2018
------------------ testing $PTII/ptolemy/domains/de/test/auto/ModalSource.xml
auto.tcl: Setting watchdog for 200 seconds at Mon Apr 30 10:54:21 UTC 2018
8 ms. Memory: 331264K Free: 316322K (95%)
ptolemy.util.test.WatchDog.cancel(): canceling Mon Apr 30 10:54:21 UTC 2018
auto.tcl: Setting watchdog for 200 seconds at Mon Apr 30 10:54:21 UTC 2018
6 ms. Memory: 331264K Free: 312820K (94%)
ptolemy.util.test.WatchDog.cancel(): canceling Mon Apr 30 10:54:21 UTC 2018
------------------ testing $PTII/ptolemy/domains/de/test/auto/NonInterruptibleTimerZeroDelay.xml
auto.tcl: Setting watchdog for 200 seconds at Mon Apr 30 10:54:21 UTC 2018
4 ms. Memory: 331264K Free: 320668K (97%)
ptolemy.util.test.WatchDog.cancel(): canceling Mon Apr 30 10:54:21 UTC 2018
auto.tcl: Setting watchdog for 200 seconds at Mon Apr 30 10:54:21 UTC 2018
2 ms. Memory: 331264K Free: 317166K (96%)
ptolemy.util.test.WatchDog.cancel(): canceling Mon Apr 30 10:54:21 UTC 2018
------------------ testing $PTII/ptolemy/domains/de/test/auto/OpenQueueingNetwork.xml
auto.tcl: Setting watchdog for 200 seconds at Mon Apr 30 10:54:21 UTC 2018
2566 ms. Memory: 573952K Free: 405829K (71%)
ptolemy.util.test.WatchDog.cancel(): canceling Mon Apr 30 10:54:24 UTC 2018
auto.tcl: Setting watchdog for 200 seconds at Mon Apr 30 10:54:24 UTC 2018
2240 ms. Memory: 550912K Free: 303706K (55%)
ptolemy.util.test.WatchDog.cancel(): canceling Mon Apr 30 10:54:26 UTC 2018
------------------ testing $PTII/ptolemy/domains/de/test/auto/OpenQueuingNetwork.xml
auto.tcl: Setting watchdog for 200 seconds at Mon Apr 30 10:54:26 UTC 2018
228 ms. Memory: 549888K Free: 444632K (81%)
ptolemy.util.test.WatchDog.cancel(): canceling Mon Apr 30 10:54:27 UTC 2018
auto.tcl: Setting watchdog for 200 seconds at Mon Apr 30 10:54:27 UTC 2018
204 ms. Memory: 549888K Free: 384513K (70%)
ptolemy.util.test.WatchDog.cancel(): canceling Mon Apr 30 10:54:27 UTC 2018
------------------ testing $PTII/ptolemy/domains/de/test/auto/PeriodicSampler.xml
auto.tcl: Setting watchdog for 200 seconds at Mon Apr 30 10:54:27 UTC 2018
3 ms. Memory: 551936K Free: 530646K (96%)
ptolemy.util.test.WatchDog.cancel(): canceling Mon Apr 30 10:54:27 UTC 2018
auto.tcl: Setting watchdog for 200 seconds at Mon Apr 30 10:54:27 UTC 2018
1 ms. Memory: 551936K Free: 530646K (96%)
ptolemy.util.test.WatchDog.cancel(): canceling Mon Apr 30 10:54:27 UTC 2018
------------------ testing $PTII/ptolemy/domains/de/test/auto/PersistentIO.xml
auto.tcl: Setting watchdog for 200 seconds at Mon Apr 30 10:54:27 UTC 2018
4 ms. Memory: 549376K Free: 522006K (95%)
ptolemy.util.test.WatchDog.cancel(): canceling Mon Apr 30 10:54:27 UTC 2018
auto.tcl: Setting watchdog for 200 seconds at Mon Apr 30 10:54:27 UTC 2018
3 ms. Memory: 549376K Free: 522006K (95%)
ptolemy.util.test.WatchDog.cancel(): canceling Mon Apr 30 10:54:27 UTC 2018
------------------ testing $PTII/ptolemy/domains/de/test/auto/PortParameterResetOnInitialize.xml
auto.tcl: Setting watchdog for 200 seconds at Mon Apr 30 10:54:27 UTC 2018
2 ms. Memory: 551424K Free: 530595K (96%)
ptolemy.util.test.WatchDog.cancel(): canceling Mon Apr 30 10:54:27 UTC 2018
auto.tcl: Setting watchdog for 200 seconds at Mon Apr 30 10:54:27 UTC 2018
1 ms. Memory: 551424K Free: 530595K (96%)
ptolemy.util.test.WatchDog.cancel(): canceling Mon Apr 30 10:54:27 UTC 2018
------------------ testing $PTII/ptolemy/domains/de/test/auto/PortParameterUpdates.xml
auto.tcl: Setting watchdog for 200 seconds at Mon Apr 30 10:54:27 UTC 2018
7 ms. Memory: 549376K Free: 528451K (96%)
ptolemy.util.test.WatchDog.cancel(): canceling Mon Apr 30 10:54:27 UTC 2018
auto.tcl: Setting watchdog for 200 seconds at Mon Apr 30 10:54:27 UTC 2018
3 ms. Memory: 549376K Free: 521771K (95%)
ptolemy.util.test.WatchDog.cancel(): canceling Mon Apr 30 10:54:27 UTC 2018
------------------ testing $PTII/ptolemy/domains/de/test/auto/QueueAndServer.xml
auto.tcl: Setting watchdog for 200 seconds at Mon Apr 30 10:54:27 UTC 2018
17 ms. Memory: 551424K Free: 530461K (96%)
ptolemy.util.test.WatchDog.cancel(): canceling Mon Apr 30 10:54:27 UTC 2018
auto.tcl: Setting watchdog for 200 seconds at Mon Apr 30 10:54:27 UTC 2018
6 ms. Memory: 551424K Free: 523765K (95%)
ptolemy.util.test.WatchDog.cancel(): canceling Mon Apr 30 10:54:27 UTC 2018
------------------ testing $PTII/ptolemy/domains/de/test/auto/Records.xml
auto.tcl: Setting watchdog for 200 seconds at Mon Apr 30 10:54:27 UTC 2018
8 ms. Memory: 549376K Free: 533034K (97%)
ptolemy.util.test.WatchDog.cancel(): canceling Mon Apr 30 10:54:27 UTC 2018
auto.tcl: Setting watchdog for 200 seconds at Mon Apr 30 10:54:27 UTC 2018
2 ms. Memory: 549376K Free: 533034K (97%)
ptolemy.util.test.WatchDog.cancel(): canceling Mon Apr 30 10:54:27 UTC 2018
------------------ testing $PTII/ptolemy/domains/de/test/auto/ResetTransitionWithStartTime1.xml
auto.tcl: Setting watchdog for 200 seconds at Mon Apr 30 10:54:27 UTC 2018
13 ms. Memory: 551424K Free: 528427K (96%)
ptolemy.util.test.WatchDog.cancel(): canceling Mon Apr 30 10:54:27 UTC 2018
auto.tcl: Setting watchdog for 200 seconds at Mon Apr 30 10:54:27 UTC 2018
10 ms. Memory: 551424K Free: 528427K (96%)
ptolemy.util.test.WatchDog.cancel(): canceling Mon Apr 30 10:54:27 UTC 2018
------------------ testing $PTII/ptolemy/domains/de/test/auto/ResetTransitionWithStartTime2.xml
auto.tcl: Setting watchdog for 200 seconds at Mon Apr 30 10:54:27 UTC 2018
8 ms. Memory: 549376K Free: 526597K (96%)
ptolemy.util.test.WatchDog.cancel(): canceling Mon Apr 30 10:54:27 UTC 2018
auto.tcl: Setting watchdog for 200 seconds at Mon Apr 30 10:54:27 UTC 2018
5 ms. Memory: 549376K Free: 526597K (96%)
ptolemy.util.test.WatchDog.cancel(): canceling Mon Apr 30 10:54:27 UTC 2018
------------------ testing $PTII/ptolemy/domains/de/test/auto/ResetTransitionWithStartTime3.xml
auto.tcl: Setting watchdog for 200 seconds at Mon Apr 30 10:54:28 UTC 2018
8 ms. Memory: 550912K Free: 534582K (97%)
ptolemy.util.test.WatchDog.cancel(): canceling Mon Apr 30 10:54:28 UTC 2018
auto.tcl: Setting watchdog for 200 seconds at Mon Apr 30 10:54:28 UTC 2018
4 ms. Memory: 550912K Free: 527902K (96%)
ptolemy.util.test.WatchDog.cancel(): canceling Mon Apr 30 10:54:28 UTC 2018
------------------ testing $PTII/ptolemy/domains/de/test/auto/ResetTransitionWithStartTime4.xml
auto.tcl: Setting watchdog for 200 seconds at Mon Apr 30 10:54:28 UTC 2018
5 ms. Memory: 549376K Free: 526357K (96%)
ptolemy.util.test.WatchDog.cancel(): canceling Mon Apr 30 10:54:28 UTC 2018
auto.tcl: Setting watchdog for 200 seconds at Mon Apr 30 10:54:28 UTC 2018
3 ms. Memory: 549376K Free: 526357K (96%)
ptolemy.util.test.WatchDog.cancel(): canceling Mon Apr 30 10:54:28 UTC 2018
------------------ testing $PTII/ptolemy/domains/de/test/auto/ResettableTimer1.xml
auto.tcl: Setting watchdog for 200 seconds at Mon Apr 30 10:54:28 UTC 2018
3 ms. Memory: 550912K Free: 534576K (97%)
ptolemy.util.test.WatchDog.cancel(): canceling Mon Apr 30 10:54:28 UTC 2018
auto.tcl: Setting watchdog for 200 seconds at Mon Apr 30 10:54:28 UTC 2018
2 ms. Memory: 550912K Free: 534576K (97%)
ptolemy.util.test.WatchDog.cancel(): canceling Mon Apr 30 10:54:28 UTC 2018
------------------ testing $PTII/ptolemy/domains/de/test/auto/ResettableTimer2.xml
auto.tcl: Setting watchdog for 200 seconds at Mon Apr 30 10:54:28 UTC 2018
4 ms. Memory: 549376K Free: 533328K (97%)
ptolemy.util.test.WatchDog.cancel(): canceling Mon Apr 30 10:54:28 UTC 2018
auto.tcl: Setting watchdog for 200 seconds at Mon Apr 30 10:54:28 UTC 2018
2 ms. Memory: 549376K Free: 533328K (97%)
ptolemy.util.test.WatchDog.cancel(): canceling Mon Apr 30 10:54:28 UTC 2018
------------------ testing $PTII/ptolemy/domains/de/test/auto/ResettableTimer3.xml
auto.tcl: Setting watchdog for 200 seconds at Mon Apr 30 10:54:28 UTC 2018
1 ms. Memory: 550912K Free: 534864K (97%)
ptolemy.util.test.WatchDog.cancel(): canceling Mon Apr 30 10:54:28 UTC 2018
auto.tcl: Setting watchdog for 200 seconds at Mon Apr 30 10:54:28 UTC 2018
1 ms. Memory: 550912K Free: 534864K (97%)
ptolemy.util.test.WatchDog.cancel(): canceling Mon Apr 30 10:54:28 UTC 2018
------------------ testing $PTII/ptolemy/domains/de/test/auto/ResettableTimer4.xml
auto.tcl: Setting watchdog for 200 seconds at Mon Apr 30 10:54:28 UTC 2018
1 ms. Memory: 549376K Free: 528661K (96%)
ptolemy.util.test.WatchDog.cancel(): canceling Mon Apr 30 10:54:28 UTC 2018
auto.tcl: Setting watchdog for 200 seconds at Mon Apr 30 10:54:28 UTC 2018
1 ms. Memory: 549376K Free: 528661K (96%)
ptolemy.util.test.WatchDog.cancel(): canceling Mon Apr 30 10:54:28 UTC 2018
------------------ testing $PTII/ptolemy/domains/de/test/auto/ResettableTimer5.xml
auto.tcl: Setting watchdog for 200 seconds at Mon Apr 30 10:54:28 UTC 2018
2 ms. Memory: 550400K Free: 529683K (96%)
ptolemy.util.test.WatchDog.cancel(): canceling Mon Apr 30 10:54:28 UTC 2018
auto.tcl: Setting watchdog for 200 seconds at Mon Apr 30 10:54:28 UTC 2018
1 ms. Memory: 550400K Free: 529683K (96%)
ptolemy.util.test.WatchDog.cancel(): canceling Mon Apr 30 10:54:28 UTC 2018
------------------ testing $PTII/ptolemy/domains/de/test/auto/ResettableTimer6.xml
auto.tcl: Setting watchdog for 200 seconds at Mon Apr 30 10:54:28 UTC 2018
1 ms. Memory: 549376K Free: 528379K (96%)
ptolemy.util.test.WatchDog.cancel(): canceling Mon Apr 30 10:54:28 UTC 2018
auto.tcl: Setting watchdog for 200 seconds at Mon Apr 30 10:54:28 UTC 2018
1 ms. Memory: 549376K Free: 528379K (96%)
ptolemy.util.test.WatchDog.cancel(): canceling Mon Apr 30 10:54:28 UTC 2018
------------------ testing $PTII/ptolemy/domains/de/test/auto/ServerZeroDelay.xml
auto.tcl: Setting watchdog for 200 seconds at Mon Apr 30 10:54:28 UTC 2018
4 ms. Memory: 550400K Free: 529624K (96%)
ptolemy.util.test.WatchDog.cancel(): canceling Mon Apr 30 10:54:28 UTC 2018
auto.tcl: Setting watchdog for 200 seconds at Mon Apr 30 10:54:28 UTC 2018
2 ms. Memory: 550400K Free: 529624K (96%)
ptolemy.util.test.WatchDog.cancel(): canceling Mon Apr 30 10:54:28 UTC 2018
------------------ testing $PTII/ptolemy/domains/de/test/auto/SmartSender.xml
auto.tcl: Setting watchdog for 200 seconds at Mon Apr 30 10:54:28 UTC 2018
3001 ms. Memory: 549376K Free: 519236K (95%)
ptolemy.util.test.WatchDog.cancel(): canceling Mon Apr 30 10:54:31 UTC 2018
auto.tcl: Setting watchdog for 200 seconds at Mon Apr 30 10:54:31 UTC 2018
3001 ms. Memory: 549376K Free: 519236K (95%)
ptolemy.util.test.WatchDog.cancel(): canceling Mon Apr 30 10:54:34 UTC 2018
------------------ testing $PTII/ptolemy/domains/de/test/auto/ThreadedComposite.xml
auto.tcl: Setting watchdog for 200 seconds at Mon Apr 30 10:54:34 UTC 2018
209 ms. Memory: 550400K Free: 513363K (93%)
ptolemy.util.test.WatchDog.cancel(): canceling Mon Apr 30 10:54:34 UTC 2018
auto.tcl: Setting watchdog for 200 seconds at Mon Apr 30 10:54:34 UTC 2018
106 ms. Memory: 550400K Free: 497308K (90%)
ptolemy.util.test.WatchDog.cancel(): canceling Mon Apr 30 10:54:34 UTC 2018
------------------ testing $PTII/ptolemy/domains/de/test/auto/Time.xml
auto.tcl: Setting watchdog for 200 seconds at Mon Apr 30 10:54:35 UTC 2018
463 ms. Memory: 549376K Free: 481292K (88%)
ptolemy.util.test.WatchDog.cancel(): canceling Mon Apr 30 10:54:35 UTC 2018
auto.tcl: Setting watchdog for 200 seconds at Mon Apr 30 10:54:35 UTC 2018
430 ms. Memory: 549376K Free: 427854K (78%)
ptolemy.util.test.WatchDog.cancel(): canceling Mon Apr 30 10:54:35 UTC 2018
------------------ testing $PTII/ptolemy/domains/de/test/auto/TimeDelayZeroDelay.xml
auto.tcl: Setting watchdog for 200 seconds at Mon Apr 30 10:54:35 UTC 2018
2 ms. Memory: 550400K Free: 533991K (97%)
ptolemy.util.test.WatchDog.cancel(): canceling Mon Apr 30 10:54:35 UTC 2018
auto.tcl: Setting watchdog for 200 seconds at Mon Apr 30 10:54:35 UTC 2018
2 ms. Memory: 550400K Free: 533991K (97%)
ptolemy.util.test.WatchDog.cancel(): canceling Mon Apr 30 10:54:35 UTC 2018
------------------ testing $PTII/ptolemy/domains/de/test/auto/TimerZeroDelay.xml
auto.tcl: Setting watchdog for 200 seconds at Mon Apr 30 10:54:36 UTC 2018
2 ms. Memory: 549376K Free: 533240K (97%)
ptolemy.util.test.WatchDog.cancel(): canceling Mon Apr 30 10:54:36 UTC 2018
auto.tcl: Setting watchdog for 200 seconds at Mon Apr 30 10:54:36 UTC 2018
1 ms. Memory: 549376K Free: 533240K (97%)
ptolemy.util.test.WatchDog.cancel(): canceling Mon Apr 30 10:54:36 UTC 2018
------------------ testing $PTII/ptolemy/domains/de/test/auto/TimingParadox.xml
auto.tcl: Setting watchdog for 200 seconds at Mon Apr 30 10:54:36 UTC 2018
291 ms. Memory: 549888K Free: 467364K (85%)
ptolemy.util.test.WatchDog.cancel(): canceling Mon Apr 30 10:54:36 UTC 2018
auto.tcl: Setting watchdog for 200 seconds at Mon Apr 30 10:54:36 UTC 2018
284 ms. Memory: 549888K Free: 433965K (79%)
ptolemy.util.test.WatchDog.cancel(): canceling Mon Apr 30 10:54:36 UTC 2018
------------------ testing $PTII/ptolemy/domains/de/test/auto/TransferInputs.xml
auto.tcl: Setting watchdog for 200 seconds at Mon Apr 30 10:54:36 UTC 2018
2 ms. Memory: 549888K Free: 532656K (97%)
ptolemy.util.test.WatchDog.cancel(): canceling Mon Apr 30 10:54:36 UTC 2018
auto.tcl: Setting watchdog for 200 seconds at Mon Apr 30 10:54:36 UTC 2018
1 ms. Memory: 549888K Free: 532656K (97%)
ptolemy.util.test.WatchDog.cancel(): canceling Mon Apr 30 10:54:36 UTC 2018
------------------ testing $PTII/ptolemy/domains/de/test/auto/TransferOutputs2.xml
auto.tcl: Setting watchdog for 200 seconds at Mon Apr 30 10:54:36 UTC 2018
2 ms. Memory: 549376K Free: 525380K (96%)
ptolemy.util.test.WatchDog.cancel(): canceling Mon Apr 30 10:54:36 UTC 2018
auto.tcl: Setting watchdog for 200 seconds at Mon Apr 30 10:54:36 UTC 2018
3 ms. Memory: 549376K Free: 525380K (96%)
ptolemy.util.test.WatchDog.cancel(): canceling Mon Apr 30 10:54:36 UTC 2018
------------------ testing $PTII/ptolemy/domains/de/test/auto/Trilateration.xml
auto.tcl: Setting watchdog for 200 seconds at Mon Apr 30 10:54:37 UTC 2018
12335 ms. Memory: 628224K Free: 429394K (68%)
ptolemy.util.test.WatchDog.cancel(): canceling Mon Apr 30 10:54:50 UTC 2018
auto.tcl: Setting watchdog for 200 seconds at Mon Apr 30 10:54:50 UTC 2018
10353 ms. Memory: 508416K Free: 197465K (39%)
ptolemy.util.test.WatchDog.cancel(): canceling Mon Apr 30 10:55:00 UTC 2018
------------------ testing $PTII/ptolemy/domains/de/test/auto/TwoSigmaDelta.xml
auto.tcl: Setting watchdog for 200 seconds at Mon Apr 30 10:55:00 UTC 2018
2577 ms. Memory: 512000K Free: 196143K (38%)
ptolemy.util.test.WatchDog.cancel(): canceling Mon Apr 30 10:55:03 UTC 2018
auto.tcl: Setting watchdog for 200 seconds at Mon Apr 30 10:55:03 UTC 2018
1915 ms. Memory: 489472K Free: 367145K (75%)
ptolemy.util.test.WatchDog.cancel(): canceling Mon Apr 30 10:55:05 UTC 2018
------------------ testing $PTII/ptolemy/domains/de/test/auto/VariableDelay.xml
auto.tcl: Setting watchdog for 200 seconds at Mon Apr 30 10:55:05 UTC 2018
2 ms. Memory: 492032K Free: 471281K (96%)
ptolemy.util.test.WatchDog.cancel(): canceling Mon Apr 30 10:55:05 UTC 2018
auto.tcl: Setting watchdog for 200 seconds at Mon Apr 30 10:55:05 UTC 2018
2 ms. Memory: 492032K Free: 471281K (96%)
ptolemy.util.test.WatchDog.cancel(): canceling Mon Apr 30 10:55:05 UTC 2018
------------------ testing $PTII/ptolemy/domains/de/test/auto/VariableDelay2.xml
auto.tcl: Setting watchdog for 200 seconds at Mon Apr 30 10:55:05 UTC 2018
2 ms. Memory: 488960K Free: 472705K (97%)
ptolemy.util.test.WatchDog.cancel(): canceling Mon Apr 30 10:55:05 UTC 2018
auto.tcl: Setting watchdog for 200 seconds at Mon Apr 30 10:55:05 UTC 2018
2 ms. Memory: 488960K Free: 472705K (97%)
ptolemy.util.test.WatchDog.cancel(): canceling Mon Apr 30 10:55:05 UTC 2018
------------------ testing $PTII/ptolemy/domains/de/test/auto/VariableDelayZeroDelay.xml
auto.tcl: Setting watchdog for 200 seconds at Mon Apr 30 10:55:05 UTC 2018
2 ms. Memory: 491520K Free: 471188K (96%)
ptolemy.util.test.WatchDog.cancel(): canceling Mon Apr 30 10:55:05 UTC 2018
auto.tcl: Setting watchdog for 200 seconds at Mon Apr 30 10:55:05 UTC 2018
2 ms. Memory: 491520K Free: 471188K (96%)
ptolemy.util.test.WatchDog.cancel(): canceling Mon Apr 30 10:55:05 UTC 2018
------------------ testing $PTII/ptolemy/domains/de/test/auto/VariableDelayZeroDelay2.xml
auto.tcl: Setting watchdog for 200 seconds at Mon Apr 30 10:55:05 UTC 2018
2 ms. Memory: 488960K Free: 468627K (96%)
ptolemy.util.test.WatchDog.cancel(): canceling Mon Apr 30 10:55:05 UTC 2018
auto.tcl: Setting watchdog for 200 seconds at Mon Apr 30 10:55:05 UTC 2018
2 ms. Memory: 488960K Free: 468627K (96%)
ptolemy.util.test.WatchDog.cancel(): canceling Mon Apr 30 10:55:05 UTC 2018
------------------ testing $PTII/ptolemy/domains/de/test/auto/deInCt.xml
auto.tcl: Setting watchdog for 200 seconds at Mon Apr 30 10:55:05 UTC 2018
0
1
1
1
0
0
0
1
1
1
0
0
0
0
1
1
1
0
0
0
0
1
1
1
0
0
0
0
0
0
1
1
1
0
0
0
0
9 ms. Memory: 491008K Free: 470657K (96%)
ptolemy.util.test.WatchDog.cancel(): canceling Mon Apr 30 10:55:05 UTC 2018
auto.tcl: Setting watchdog for 200 seconds at Mon Apr 30 10:55:05 UTC 2018
0
1
1
1
1
0
0
0
1
1
1
0
0
0
1
1
1
1
1
0
0
0
1
1
1
0
0
0
1
1
1
1
1
1
1
8 ms. Memory: 491008K Free: 470657K (96%)
ptolemy.util.test.WatchDog.cancel(): canceling Mon Apr 30 10:55:05 UTC 2018
------------------ testing $PTII/ptolemy/domains/de/test/auto/deInCt2.xml
auto.tcl: Setting watchdog for 200 seconds at Mon Apr 30 10:55:05 UTC 2018
0
1
1
1
0
0
1
1
1
0
0
1
1
1
0
0
1
1
1
0
0
1
1
1
0
0
1
1
1
0
0
1
1
1
0
0
1
1
1
0
0
0
13 ms. Memory: 488960K Free: 468608K (96%)
ptolemy.util.test.WatchDog.cancel(): canceling Mon Apr 30 10:55:05 UTC 2018
auto.tcl: Setting watchdog for 200 seconds at Mon Apr 30 10:55:05 UTC 2018
0
1
1
1
0
0
1
1
1
0
0
1
1
1
0
0
1
1
1
0
0
1
1
1
0
0
1
1
1
0
0
1
1
1
0
0
1
1
1
0
0
0
5 ms. Memory: 488960K Free: 468608K (96%)
ptolemy.util.test.WatchDog.cancel(): canceling Mon Apr 30 10:55:05 UTC 2018
------------------ testing $PTII/ptolemy/domains/de/test/auto/dynamicCausalityInterface1.xml
auto.tcl: Setting watchdog for 200 seconds at Mon Apr 30 10:55:05 UTC 2018
1 ms. Memory: 491008K Free: 468626K (95%)
ptolemy.util.test.WatchDog.cancel(): canceling Mon Apr 30 10:55:05 UTC 2018
auto.tcl: Setting watchdog for 200 seconds at Mon Apr 30 10:55:05 UTC 2018
0 ms. Memory: 491008K Free: 468626K (95%)
ptolemy.util.test.WatchDog.cancel(): canceling Mon Apr 30 10:55:05 UTC 2018
------------------ testing $PTII/ptolemy/domains/de/test/auto/fsm_de_test.xml
auto.tcl: Setting watchdog for 200 seconds at Mon Apr 30 10:55:05 UTC 2018
6 ms. Memory: 488960K Free: 462405K (95%)
ptolemy.util.test.WatchDog.cancel(): canceling Mon Apr 30 10:55:05 UTC 2018
auto.tcl: Setting watchdog for 200 seconds at Mon Apr 30 10:55:05 UTC 2018
5 ms. Memory: 488960K Free: 462405K (95%)
ptolemy.util.test.WatchDog.cancel(): canceling Mon Apr 30 10:55:05 UTC 2018
------------------ testing $PTII/ptolemy/domains/de/test/auto/functionDependencyReconstruction.xml
auto.tcl: Setting watchdog for 200 seconds at Mon Apr 30 10:55:06 UTC 2018
2 ms. Memory: 490496K Free: 457823K (93%)
ptolemy.util.test.WatchDog.cancel(): canceling Mon Apr 30 10:55:06 UTC 2018
auto.tcl: Setting watchdog for 200 seconds at Mon Apr 30 10:55:06 UTC 2018
3 ms. Memory: 490496K Free: 457823K (93%)
ptolemy.util.test.WatchDog.cancel(): canceling Mon Apr 30 10:55:06 UTC 2018
------------------ testing $PTII/ptolemy/domains/de/test/auto/multirate.xml
auto.tcl: Setting watchdog for 200 seconds at Mon Apr 30 10:55:06 UTC 2018
6 ms. Memory: 488960K Free: 472441K (97%)
ptolemy.util.test.WatchDog.cancel(): canceling Mon Apr 30 10:55:06 UTC 2018
auto.tcl: Setting watchdog for 200 seconds at Mon Apr 30 10:55:06 UTC 2018
3 ms. Memory: 488960K Free: 466324K (95%)
ptolemy.util.test.WatchDog.cancel(): canceling Mon Apr 30 10:55:06 UTC 2018
------------------ testing $PTII/ptolemy/domains/de/test/auto/multirate2.xml
auto.tcl: Setting watchdog for 200 seconds at Mon Apr 30 10:55:06 UTC 2018
5 ms. Memory: 490496K Free: 474181K (97%)
ptolemy.util.test.WatchDog.cancel(): canceling Mon Apr 30 10:55:06 UTC 2018
auto.tcl: Setting watchdog for 200 seconds at Mon Apr 30 10:55:06 UTC 2018
3 ms. Memory: 490496K Free: 468072K (95%)
ptolemy.util.test.WatchDog.cancel(): canceling Mon Apr 30 10:55:06 UTC 2018
------------------ testing $PTII/ptolemy/domains/de/test/auto/realtime.xml
auto.tcl: Setting watchdog for 200 seconds at Mon Apr 30 10:55:06 UTC 2018
10001 ms. Memory: 488960K Free: 468552K (96%)
ptolemy.util.test.WatchDog.cancel(): canceling Mon Apr 30 10:55:16 UTC 2018
auto.tcl: Setting watchdog for 200 seconds at Mon Apr 30 10:55:16 UTC 2018
10001 ms. Memory: 488960K Free: 468552K (96%)
ptolemy.util.test.WatchDog.cancel(): canceling Mon Apr 30 10:55:26 UTC 2018
------------------ testing $PTII/ptolemy/domains/de/test/auto/relationGroup.xml
auto.tcl: Setting watchdog for 200 seconds at Mon Apr 30 10:55:26 UTC 2018
1 ms. Memory: 489984K Free: 473693K (97%)
ptolemy.util.test.WatchDog.cancel(): canceling Mon Apr 30 10:55:26 UTC 2018
auto.tcl: Setting watchdog for 200 seconds at Mon Apr 30 10:55:26 UTC 2018
1 ms. Memory: 489984K Free: 473693K (97%)
ptolemy.util.test.WatchDog.cancel(): canceling Mon Apr 30 10:55:26 UTC 2018
------------------ testing $PTII/ptolemy/domains/de/test/auto/relationGroup2.xml
auto.tcl: Setting watchdog for 200 seconds at Mon Apr 30 10:55:26 UTC 2018
1 ms. Memory: 488960K Free: 468621K (96%)
ptolemy.util.test.WatchDog.cancel(): canceling Mon Apr 30 10:55:26 UTC 2018
auto.tcl: Setting watchdog for 200 seconds at Mon Apr 30 10:55:26 UTC 2018
1 ms. Memory: 488960K Free: 468621K (96%)
ptolemy.util.test.WatchDog.cancel(): canceling Mon Apr 30 10:55:26 UTC 2018
------------------ testing $PTII/ptolemy/domains/de/test/auto/sortWithOpaquePorts.xml
auto.tcl: Setting watchdog for 200 seconds at Mon Apr 30 10:55:26 UTC 2018
1 ms. Memory: 489984K Free: 469646K (96%)
ptolemy.util.test.WatchDog.cancel(): canceling Mon Apr 30 10:55:26 UTC 2018
auto.tcl: Setting watchdog for 200 seconds at Mon Apr 30 10:55:26 UTC 2018
1 ms. Memory: 489984K Free: 469646K (96%)
ptolemy.util.test.WatchDog.cancel(): canceling Mon Apr 30 10:55:26 UTC 2018
------------------ testing $PTII/ptolemy/domains/de/test/auto/transferInputsandOutputs.xml
auto.tcl: Setting watchdog for 200 seconds at Mon Apr 30 10:55:26 UTC 2018
2 ms. Memory: 488960K Free: 468609K (96%)
ptolemy.util.test.WatchDog.cancel(): canceling Mon Apr 30 10:55:26 UTC 2018
auto.tcl: Setting watchdog for 200 seconds at Mon Apr 30 10:55:26 UTC 2018
1 ms. Memory: 488960K Free: 462492K (95%)
ptolemy.util.test.WatchDog.cancel(): canceling Mon Apr 30 10:55:26 UTC 2018
------------------ testing $PTII/ptolemy/domains/de/test/auto/triggerType.xml
auto.tcl: Setting watchdog for 200 seconds at Mon Apr 30 10:55:26 UTC 2018
1 ms. Memory: 489984K Free: 469584K (96%)
ptolemy.util.test.WatchDog.cancel(): canceling Mon Apr 30 10:55:26 UTC 2018
auto.tcl: Setting watchdog for 200 seconds at Mon Apr 30 10:55:26 UTC 2018
2 ms. Memory: 489984K Free: 469584K (96%)
ptolemy.util.test.WatchDog.cancel(): canceling Mon Apr 30 10:55:26 UTC 2018
04/30/18 10:55:26
Failed: 0  Total Tests: 192  ((Passed: 187, Newly Passed: 1)  Known Failed: 5) /home/travis/build/icyphy/ptII/ptolemy/domains/de/test
04/30/18 10:55:26
Failed: 0  Total Tests: 192  ((Passed: 187, Newly Passed: 1)  Known Failed: 5) /home/travis/build/icyphy/ptII/ptolemy/domains/de/test
----------------- testing (KnownFailure) /home/travis/build/icyphy/ptII/ptolemy/domains/de/test/auto/knownFailedTests/DESDFClockTest.xml
2009 ms. Memory: 488960K Free: 452295K (93%)
Known Failure: java.lang.reflect.InvocationTargetException
----------------- testing (KnownFailure) /home/travis/build/icyphy/ptII/ptolemy/domains/de/test/auto/knownFailedTests/DirectFeedback.xml
1 ms. Memory: 488960K Free: 419691K (86%)
Known Failure: java.lang.reflect.InvocationTargetException
----------------- testing (KnownFailure) /home/travis/build/icyphy/ptII/ptolemy/domains/de/test/auto/knownFailedTests/FSMSource.xml
5 ms. Memory: 488960K Free: 387086K (79%)
----------------- testing (KnownFailure) /home/travis/build/icyphy/ptII/ptolemy/domains/de/test/auto/knownFailedTests/HierarchicalModel.xml
2 ms. Memory: 488960K Free: 354451K (72%)
Known Failure: java.lang.reflect.InvocationTargetException
----------------- testing (KnownFailure) /home/travis/build/icyphy/ptII/ptolemy/domains/de/test/auto/knownFailedTests/dependencyLoop.xml
2 ms. Memory: 488960K Free: 313695K (64%)
Known Failure: java.lang.reflect.InvocationTargetException
----------------- testing (KnownFailure) /home/travis/build/icyphy/ptII/ptolemy/domains/de/test/auto/knownFailedTests/dependencyLoop2.xml
2 ms. Memory: 488960K Free: 272924K (56%)
Known Failure: java.lang.reflect.InvocationTargetException
No auto/*.xml tests in /home/travis/build/icyphy/ptII/ptolemy/domains/de/test
AutoTests.java: About to close Vertx.
AutoTests.java: Vertx closed.
----------------- testing Mon Apr 30 10:55:28 UTC 2018 /home/travis/build/icyphy/ptII/ptolemy/domains/de/test/auto/ActorDepthCalculation_actorWithoutPorts.xml
1 ms. Memory: 488960K Free: 232168K (47%)
reloadAllAccessors: .ActorDepthCalculation_actorWithoutPorts
----------------- testing Mon Apr 30 10:55:28 UTC 2018 /home/travis/build/icyphy/ptII/ptolemy/domains/de/test/auto/AssemblyLine.xml
2 ms. Memory: 488960K Free: 215866K (44%)
reloadAllAccessors: .AssemblyLine
----------------- testing Mon Apr 30 10:55:28 UTC 2018 /home/travis/build/icyphy/ptII/ptolemy/domains/de/test/auto/CQBug1.xml
1 ms. Memory: 488960K Free: 199564K (41%)
reloadAllAccessors: .CQBug1
----------------- testing Mon Apr 30 10:55:28 UTC 2018 /home/travis/build/icyphy/ptII/ptolemy/domains/de/test/auto/CancelFireAt.xml
1 ms. Memory: 488960K Free: 183262K (37%)
reloadAllAccessors: .CancelFireAt
----------------- testing Mon Apr 30 10:55:28 UTC 2018 /home/travis/build/icyphy/ptII/ptolemy/domains/de/test/auto/CausalityAndComposabilityAnalysis.xml
1 ms. Memory: 488960K Free: 166959K (34%)
reloadAllAccessors: .CausalityAndComposabilityAnalysis
----------------- testing Mon Apr 30 10:55:28 UTC 2018 /home/travis/build/icyphy/ptII/ptolemy/domains/de/test/auto/CausalityInterface1.xml
4 ms. Memory: 488960K Free: 150657K (31%)
reloadAllAccessors: .CausalityInterface1
----------------- testing Mon Apr 30 10:55:28 UTC 2018 /home/travis/build/icyphy/ptII/ptolemy/domains/de/test/auto/CausalityInterface15.xml
1 ms. Memory: 488960K Free: 134355K (27%)
reloadAllAccessors: .CausalityInterface15
----------------- testing Mon Apr 30 10:55:28 UTC 2018 /home/travis/build/icyphy/ptII/ptolemy/domains/de/test/auto/CausalityInterface2.xml
1 ms. Memory: 488960K Free: 118053K (24%)
reloadAllAccessors: .CausalityInterface2
----------------- testing Mon Apr 30 10:55:28 UTC 2018 /home/travis/build/icyphy/ptII/ptolemy/domains/de/test/auto/CausalityInterface3.xml
1 ms. Memory: 488960K Free: 101751K (21%)
reloadAllAccessors: .CausalityInterface3
----------------- testing Mon Apr 30 10:55:29 UTC 2018 /home/travis/build/icyphy/ptII/ptolemy/domains/de/test/auto/ClockDrift.xml
12 ms. Memory: 488960K Free: 77281K (16%)
reloadAllAccessors: .ClockDrift
----------------- testing Mon Apr 30 10:55:29 UTC 2018 /home/travis/build/icyphy/ptII/ptolemy/domains/de/test/auto/ClockDriftAndValueChange.xml
8 ms. Memory: 470528K Free: 448247K (95%)
reloadAllAccessors: .ClockDriftAndValueChange
----------------- testing Mon Apr 30 10:55:29 UTC 2018 /home/travis/build/icyphy/ptII/ptolemy/domains/de/test/auto/ClockDriftChange.xml
7 ms. Memory: 470528K Free: 428898K (91%)
reloadAllAccessors: .ClockDriftChange
----------------- testing Mon Apr 30 10:55:29 UTC 2018 /home/travis/build/icyphy/ptII/ptolemy/domains/de/test/auto/ComposableCausalityAnalysis.xml
1 ms. Memory: 470528K Free: 417231K (89%)
reloadAllAccessors: .ComposableCausalityAnalysis
----------------- testing Mon Apr 30 10:55:29 UTC 2018 /home/travis/build/icyphy/ptII/ptolemy/domains/de/test/auto/DEFixedPointLimitation.xml
1 ms. Memory: 470528K Free: 405557K (86%)
reloadAllAccessors: .DEFixedPointLimitation
----------------- testing Mon Apr 30 10:55:29 UTC 2018 /home/travis/build/icyphy/ptII/ptolemy/domains/de/test/auto/DEScheduleTest.xml
2 ms. Memory: 470528K Free: 397785K (85%)
reloadAllAccessors: .DEScheduleTest
----------------- testing Mon Apr 30 10:55:29 UTC 2018 /home/travis/build/icyphy/ptII/ptolemy/domains/de/test/auto/DEinDEwithStartTimes.xml
2 ms. Memory: 470528K Free: 386110K (82%)
reloadAllAccessors: .DEinDEwithStartTimes
----------------- testing Mon Apr 30 10:55:29 UTC 2018 /home/travis/build/icyphy/ptII/ptolemy/domains/de/test/auto/DEinDEwithStartTimes2.xml
2 ms. Memory: 470528K Free: 374436K (80%)
reloadAllAccessors: .DEinDEwithStartTimes2
----------------- testing Mon Apr 30 10:55:29 UTC 2018 /home/travis/build/icyphy/ptII/ptolemy/domains/de/test/auto/DateDemo.xml
4 ms. Memory: 470528K Free: 358881K (76%)
reloadAllAccessors: .DateDemo
----------------- testing Mon Apr 30 10:55:29 UTC 2018 /home/travis/build/icyphy/ptII/ptolemy/domains/de/test/auto/DateToEvent.xml
2005 ms. Memory: 470528K Free: 335533K (71%)
reloadAllAccessors: .DateToEvent
----------------- testing Mon Apr 30 10:55:31 UTC 2018 /home/travis/build/icyphy/ptII/ptolemy/domains/de/test/auto/DepthTest1.xml
[...]
java.lang.RuntimeException: Execution failed
	at ptolemy.moml.MoMLSimpleApplication$UnloadThread.run(MoMLSimpleApplication.java:402)
Caused by: ptolemy.kernel.util.IllegalActionException: Test fails in iteration 1.
Value was: 1.0. Should have been: 2.0
  in .DirectFeedback.Test
	at ptolemy.actor.lib.Test.fire(Test.java:268)
	at ptolemy.domains.de.kernel.DEDirector._fire(DEDirector.java:1948)
	at ptolemy.domains.de.kernel.DEDirector.fire(DEDirector.java:502)
	at ptolemy.actor.CompositeActor.fire(CompositeActor.java:455)
	at ptolemy.actor.Manager.iterate(Manager.java:851)
	at ptolemy.actor.Manager.execute(Manager.java:369)
	at ptolemy.actor.Manager.run(Manager.java:1263)
	at ptolemy.actor.Manager$PtolemyRunThread.run(Manager.java:1915)
java.lang.RuntimeException: Execution failed
	at ptolemy.moml.MoMLSimpleApplication$UnloadThread.run(MoMLSimpleApplication.java:402)
Caused by: ptolemy.kernel.util.IllegalActionException: Actor is not ready to fire.  Perhaps UpSample.prefire() returned false? Try debugging the actor by selecting "Listen to Actor".  Also, for SDF check moml for tokenConsumptionRate on input.
  in .DESDFClockTest.Play Bell.Copy1:SDF Director and .DESDFClockTest.Play Bell.UpSample
	at ptolemy.actor.sched.StaticSchedulingDirector.fire(StaticSchedulingDirector.java:227)
	at ptolemy.domains.sdf.kernel.SDFDirector.fire(SDFDirector.java:500)
	at ptolemy.actor.CompositeActor.fire(CompositeActor.java:455)
	at ptolemy.domains.de.kernel.DEDirector._fire(DEDirector.java:1948)
	at ptolemy.domains.de.kernel.DEDirector.fire(DEDirector.java:502)
	at ptolemy.actor.CompositeActor.fire(CompositeActor.java:455)
	at ptolemy.actor.Manager.iterate(Manager.java:851)
	at ptolemy.actor.Manager.execute(Manager.java:369)
	at ptolemy.actor.Manager.run(Manager.java:1263)
	at ptolemy.actor.Manager$PtolemyRunThread.run(Manager.java:1915)
java.lang.reflect.InvocationTargetException
	at sun.reflect.NativeConstructorAccessorImpl.newInstance0(Native Method)
	at sun.reflect.NativeConstructorAccessorImpl.newInstance(NativeConstructorAccessorImpl.java:62)
	at sun.reflect.DelegatingConstructorAccessorImpl.newInstance(DelegatingConstructorAccessorImpl.java:45)
	at java.lang.reflect.Constructor.newInstance(Constructor.java:423)
	at ptolemy.util.test.junit.AutoKnownFailedTests.RunModel(AutoKnownFailedTests.java:107)
	at sun.reflect.NativeMethodAccessorImpl.invoke0(Native Method)
	at sun.reflect.NativeMethodAccessorImpl.invoke(NativeMethodAccessorImpl.java:62)
	at sun.reflect.DelegatingMethodAccessorImpl.invoke(DelegatingMethodAccessorImpl.java:43)
	at java.lang.reflect.Method.invoke(Method.java:498)
	at org.junit.runners.model.FrameworkMethod$1.runReflectiveCall(FrameworkMethod.java:44)
	at org.junit.internal.runners.model.ReflectiveCallable.run(ReflectiveCallable.java:15)
	at org.junit.runners.model.FrameworkMethod.invokeExplosively(FrameworkMethod.java:41)
	at junitparams.internal.InvokeParameterisedMethod.evaluate(InvokeParameterisedMethod.java:102)
	at org.junit.internal.runners.statements.FailOnTimeout$1.run(FailOnTimeout.java:28)
Caused by: ptolemy.kernel.util.IllegalActionException: Actor is not ready to fire.  Perhaps UpSample.prefire() returned false? Try debugging the actor by selecting "Listen to Actor".  Also, for SDF check moml for tokenConsumptionRate on input.
  in .DESDFClockTest.Play Bell.Copy1:SDF Director and .DESDFClockTest.Play Bell.UpSample
	at ptolemy.actor.sched.StaticSchedulingDirector.fire(StaticSchedulingDirector.java:227)
	at ptolemy.domains.sdf.kernel.SDFDirector.fire(SDFDirector.java:500)
	at ptolemy.actor.CompositeActor.fire(CompositeActor.java:455)
	at ptolemy.domains.de.kernel.DEDirector._fire(DEDirector.java:1948)
	at ptolemy.domains.de.kernel.DEDirector.fire(DEDirector.java:502)
	at ptolemy.actor.CompositeActor.fire(CompositeActor.java:455)
	at ptolemy.actor.Manager.iterate(Manager.java:851)
	at ptolemy.actor.Manager.execute(Manager.java:369)
	at ptolemy.actor.Manager.run(Manager.java:1263)
	at ptolemy.actor.Manager$PtolemyRunThread.run(Manager.java:1915)
java.lang.RuntimeException: Execution failed
	at ptolemy.moml.MoMLSimpleApplication$UnloadThread.run(MoMLSimpleApplication.java:402)
Caused by: ptolemy.kernel.util.IllegalActionException: Test fails in iteration 1.
Value was: 1.0. Should have been: 2.0
  in .DirectFeedback.Test
	at ptolemy.actor.lib.Test.fire(Test.java:268)
	at ptolemy.domains.de.kernel.DEDirector._fire(DEDirector.java:1948)
	at ptolemy.domains.de.kernel.DEDirector.fire(DEDirector.java:502)
	at ptolemy.actor.CompositeActor.fire(CompositeActor.java:455)
	at ptolemy.actor.Manager.iterate(Manager.java:851)
	at ptolemy.actor.Manager.execute(Manager.java:369)
	at ptolemy.actor.Manager.run(Manager.java:1263)
	at ptolemy.actor.Manager$PtolemyRunThread.run(Manager.java:1915)
java.lang.reflect.InvocationTargetException
	at sun.reflect.NativeConstructorAccessorImpl.newInstance0(Native Method)
	at sun.reflect.NativeConstructorAccessorImpl.newInstance(NativeConstructorAccessorImpl.java:62)
	at sun.reflect.DelegatingConstructorAccessorImpl.newInstance(DelegatingConstructorAccessorImpl.java:45)
	at java.lang.reflect.Constructor.newInstance(Constructor.java:423)
	at ptolemy.util.test.junit.AutoKnownFailedTests.RunModel(AutoKnownFailedTests.java:107)
	at sun.reflect.NativeMethodAccessorImpl.invoke0(Native Method)
	at sun.reflect.NativeMethodAccessorImpl.invoke(NativeMethodAccessorImpl.java:62)
	at sun.reflect.DelegatingMethodAccessorImpl.invoke(DelegatingMethodAccessorImpl.java:43)
	at java.lang.reflect.Method.invoke(Method.java:498)
	at org.junit.runners.model.FrameworkMethod$1.runReflectiveCall(FrameworkMethod.java:44)
	at org.junit.internal.runners.model.ReflectiveCallable.run(ReflectiveCallable.java:15)
	at org.junit.runners.model.FrameworkMethod.invokeExplosively(FrameworkMethod.java:41)
	at junitparams.internal.InvokeParameterisedMethod.evaluate(InvokeParameterisedMethod.java:102)
	at org.junit.internal.runners.statements.FailOnTimeout$1.run(FailOnTimeout.java:28)
Caused by: ptolemy.kernel.util.IllegalActionException: Test fails in iteration 1.
Value was: 1.0. Should have been: 2.0
  in .DirectFeedback.Test
	at ptolemy.actor.lib.Test.fire(Test.java:268)
	at ptolemy.domains.de.kernel.DEDirector._fire(DEDirector.java:1948)
	at ptolemy.domains.de.kernel.DEDirector.fire(DEDirector.java:502)
	at ptolemy.actor.CompositeActor.fire(CompositeActor.java:455)
	at ptolemy.actor.Manager.iterate(Manager.java:851)
	at ptolemy.actor.Manager.execute(Manager.java:369)
	at ptolemy.actor.Manager.run(Manager.java:1263)
	at ptolemy.actor.Manager$PtolemyRunThread.run(Manager.java:1915)
java.lang.RuntimeException: Execution failed
	at ptolemy.moml.MoMLSimpleApplication$UnloadThread.run(MoMLSimpleApplication.java:402)
Caused by: ptolemy.kernel.util.IllegalActionException: Found a zero delay loop containing .HierarchicalModel.A
  in .HierarchicalModel and .HierarchicalModel.A
	at ptolemy.actor.util.CausalityInterfaceForComposites._computeOutputPortDepth(CausalityInterfaceForComposites.java:759)
	at ptolemy.actor.util.CausalityInterfaceForComposites._computeInputDepth(CausalityInterfaceForComposites.java:696)
	at ptolemy.actor.util.CausalityInterfaceForComposites._computeOutputPortDepth(CausalityInterfaceForComposites.java:765)
	at ptolemy.actor.util.CausalityInterfaceForComposites._computeInputDepth(CausalityInterfaceForComposites.java:696)
	at ptolemy.actor.util.CausalityInterfaceForComposites._computeOutputPortDepth(CausalityInterfaceForComposites.java:765)
	at ptolemy.actor.util.CausalityInterfaceForComposites._computeInputDepth(CausalityInterfaceForComposites.java:696)
	at ptolemy.actor.util.CausalityInterfaceForComposites._computeActorDepth(CausalityInterfaceForComposites.java:532)
	at ptolemy.actor.util.CausalityInterfaceForComposites.checkForCycles(CausalityInterfaceForComposites.java:96)
	at ptolemy.domains.de.kernel.DEDirector.preinitialize(DEDirector.java:1337)
	at ptolemy.actor.CompositeActor.preinitialize(CompositeActor.java:1828)
	at ptolemy.actor.Manager.preinitializeAndResolveTypes(Manager.java:1040)
	at ptolemy.actor.Manager.initialize(Manager.java:710)
	at ptolemy.actor.Manager.execute(Manager.java:356)
	at ptolemy.actor.Manager.run(Manager.java:1263)
	at ptolemy.actor.Manager$PtolemyRunThread.run(Manager.java:1915)
java.lang.reflect.InvocationTargetException
	at sun.reflect.NativeConstructorAccessorImpl.newInstance0(Native Method)
	at sun.reflect.NativeConstructorAccessorImpl.newInstance(NativeConstructorAccessorImpl.java:62)
	at sun.reflect.DelegatingConstructorAccessorImpl.newInstance(DelegatingConstructorAccessorImpl.java:45)
	at java.lang.reflect.Constructor.newInstance(Constructor.java:423)
	at ptolemy.util.test.junit.AutoKnownFailedTests.RunModel(AutoKnownFailedTests.java:107)
	at sun.reflect.NativeMethodAccessorImpl.invoke0(Native Method)
	at sun.reflect.NativeMethodAccessorImpl.invoke(NativeMethodAccessorImpl.java:62)
	at sun.reflect.DelegatingMethodAccessorImpl.invoke(DelegatingMethodAccessorImpl.java:43)
	at java.lang.reflect.Method.invoke(Method.java:498)
	at org.junit.runners.model.FrameworkMethod$1.runReflectiveCall(FrameworkMethod.java:44)
	at org.junit.internal.runners.model.ReflectiveCallable.run(ReflectiveCallable.java:15)
	at org.junit.runners.model.FrameworkMethod.invokeExplosively(FrameworkMethod.java:41)
	at junitparams.internal.InvokeParameterisedMethod.evaluate(InvokeParameterisedMethod.java:102)
	at org.junit.internal.runners.statements.FailOnTimeout$1.run(FailOnTimeout.java:28)
Caused by: ptolemy.kernel.util.IllegalActionException: Found a zero delay loop containing .HierarchicalModel.A
  in .HierarchicalModel and .HierarchicalModel.A
	at ptolemy.actor.util.CausalityInterfaceForComposites._computeOutputPortDepth(CausalityInterfaceForComposites.java:759)
	at ptolemy.actor.util.CausalityInterfaceForComposites._computeInputDepth(CausalityInterfaceForComposites.java:696)
	at ptolemy.actor.util.CausalityInterfaceForComposites._computeOutputPortDepth(CausalityInterfaceForComposites.java:765)
	at ptolemy.actor.util.CausalityInterfaceForComposites._computeInputDepth(CausalityInterfaceForComposites.java:696)
	at ptolemy.actor.util.CausalityInterfaceForComposites._computeOutputPortDepth(CausalityInterfaceForComposites.java:765)
	at ptolemy.actor.util.CausalityInterfaceForComposites._computeInputDepth(CausalityInterfaceForComposites.java:696)
	at ptolemy.actor.util.CausalityInterfaceForComposites._computeActorDepth(CausalityInterfaceForComposites.java:532)
	at ptolemy.actor.util.CausalityInterfaceForComposites.checkForCycles(CausalityInterfaceForComposites.java:96)
	at ptolemy.domains.de.kernel.DEDirector.preinitialize(DEDirector.java:1337)
	at ptolemy.actor.CompositeActor.preinitialize(CompositeActor.java:1828)
	at ptolemy.actor.Manager.preinitializeAndResolveTypes(Manager.java:1040)
	at ptolemy.actor.Manager.initialize(Manager.java:710)
	at ptolemy.actor.Manager.execute(Manager.java:356)
	at ptolemy.actor.Manager.run(Manager.java:1263)
	at ptolemy.actor.Manager$PtolemyRunThread.run(Manager.java:1915)
java.lang.RuntimeException: Execution failed
	at ptolemy.moml.MoMLSimpleApplication$UnloadThread.run(MoMLSimpleApplication.java:402)
Caused by: ptolemy.kernel.util.IllegalActionException: Found a zero delay loop containing .dependencyLoop.original
  in .dependencyLoop and .dependencyLoop.original
	at ptolemy.actor.util.CausalityInterfaceForComposites._computeOutputPortDepth(CausalityInterfaceForComposites.java:759)
	at ptolemy.actor.util.CausalityInterfaceForComposites._computeInputDepth(CausalityInterfaceForComposites.java:696)
	at ptolemy.actor.util.CausalityInterfaceForComposites._computeOutputPortDepth(CausalityInterfaceForComposites.java:765)
	at ptolemy.actor.util.CausalityInterfaceForComposites._computeInputDepth(CausalityInterfaceForComposites.java:696)
	at ptolemy.actor.util.CausalityInterfaceForComposites._computeOutputPortDepth(CausalityInterfaceForComposites.java:765)
	at ptolemy.actor.util.CausalityInterfaceForComposites._computeInputDepth(CausalityInterfaceForComposites.java:696)
	at ptolemy.actor.util.CausalityInterfaceForComposites._computeActorDepth(CausalityInterfaceForComposites.java:532)
	at ptolemy.actor.util.CausalityInterfaceForComposites.checkForCycles(CausalityInterfaceForComposites.java:96)
	at ptolemy.domains.de.kernel.DEDirector.preinitialize(DEDirector.java:1337)
	at ptolemy.actor.CompositeActor.preinitialize(CompositeActor.java:1828)
	at ptolemy.actor.Manager.preinitializeAndResolveTypes(Manager.java:1040)
	at ptolemy.actor.Manager.initialize(Manager.java:710)
	at ptolemy.actor.Manager.execute(Manager.java:356)
	at ptolemy.actor.Manager.run(Manager.java:1263)
	at ptolemy.actor.Manager$PtolemyRunThread.run(Manager.java:1915)
java.lang.reflect.InvocationTargetException
	at sun.reflect.NativeConstructorAccessorImpl.newInstance0(Native Method)
	at sun.reflect.NativeConstructorAccessorImpl.newInstance(NativeConstructorAccessorImpl.java:62)
	at sun.reflect.DelegatingConstructorAccessorImpl.newInstance(DelegatingConstructorAccessorImpl.java:45)
	at java.lang.reflect.Constructor.newInstance(Constructor.java:423)
	at ptolemy.util.test.junit.AutoKnownFailedTests.RunModel(AutoKnownFailedTests.java:107)
	at sun.reflect.NativeMethodAccessorImpl.invoke0(Native Method)
	at sun.reflect.NativeMethodAccessorImpl.invoke(NativeMethodAccessorImpl.java:62)
	at sun.reflect.DelegatingMethodAccessorImpl.invoke(DelegatingMethodAccessorImpl.java:43)
	at java.lang.reflect.Method.invoke(Method.java:498)
	at org.junit.runners.model.FrameworkMethod$1.runReflectiveCall(FrameworkMethod.java:44)
	at org.junit.internal.runners.model.ReflectiveCallable.run(ReflectiveCallable.java:15)
	at org.junit.runners.model.FrameworkMethod.invokeExplosively(FrameworkMethod.java:41)
	at junitparams.internal.InvokeParameterisedMethod.evaluate(InvokeParameterisedMethod.java:102)
	at org.junit.internal.runners.statements.FailOnTimeout$1.run(FailOnTimeout.java:28)
Caused by: ptolemy.kernel.util.IllegalActionException: Found a zero delay loop containing .dependencyLoop.original
  in .dependencyLoop and .dependencyLoop.original
	at ptolemy.actor.util.CausalityInterfaceForComposites._computeOutputPortDepth(CausalityInterfaceForComposites.java:759)
	at ptolemy.actor.util.CausalityInterfaceForComposites._computeInputDepth(CausalityInterfaceForComposites.java:696)
	at ptolemy.actor.util.CausalityInterfaceForComposites._computeOutputPortDepth(CausalityInterfaceForComposites.java:765)
	at ptolemy.actor.util.CausalityInterfaceForComposites._computeInputDepth(CausalityInterfaceForComposites.java:696)
	at ptolemy.actor.util.CausalityInterfaceForComposites._computeOutputPortDepth(CausalityInterfaceForComposites.java:765)
	at ptolemy.actor.util.CausalityInterfaceForComposites._computeInputDepth(CausalityInterfaceForComposites.java:696)
	at ptolemy.actor.util.CausalityInterfaceForComposites._computeActorDepth(CausalityInterfaceForComposites.java:532)
	at ptolemy.actor.util.CausalityInterfaceForComposites.checkForCycles(CausalityInterfaceForComposites.java:96)
	at ptolemy.domains.de.kernel.DEDirector.preinitialize(DEDirector.java:1337)
	at ptolemy.actor.CompositeActor.preinitialize(CompositeActor.java:1828)
	at ptolemy.actor.Manager.preinitializeAndResolveTypes(Manager.java:1040)
	at ptolemy.actor.Manager.initialize(Manager.java:710)
	at ptolemy.actor.Manager.execute(Manager.java:356)
	at ptolemy.actor.Manager.run(Manager.java:1263)
	at ptolemy.actor.Manager$PtolemyRunThread.run(Manager.java:1915)
java.lang.RuntimeException: Execution failed
	at ptolemy.moml.MoMLSimpleApplication$UnloadThread.run(MoMLSimpleApplication.java:402)
Caused by: ptolemy.kernel.util.IllegalActionException: Found a zero delay loop containing .dependencyLoop2.original
  in .dependencyLoop2 and .dependencyLoop2.original
	at ptolemy.actor.util.CausalityInterfaceForComposites._computeOutputPortDepth(CausalityInterfaceForComposites.java:759)
	at ptolemy.actor.util.CausalityInterfaceForComposites._computeInputDepth(CausalityInterfaceForComposites.java:696)
	at ptolemy.actor.util.CausalityInterfaceForComposites._computeOutputPortDepth(CausalityInterfaceForComposites.java:765)
	at ptolemy.actor.util.CausalityInterfaceForComposites._computeInputDepth(CausalityInterfaceForComposites.java:696)
	at ptolemy.actor.util.CausalityInterfaceForComposites._computeOutputPortDepth(CausalityInterfaceForComposites.java:765)
	at ptolemy.actor.util.CausalityInterfaceForComposites._computeInputDepth(CausalityInterfaceForComposites.java:696)
	at ptolemy.actor.util.CausalityInterfaceForComposites._computeActorDepth(CausalityInterfaceForComposites.java:532)
	at ptolemy.actor.util.CausalityInterfaceForComposites.checkForCycles(CausalityInterfaceForComposites.java:96)
	at ptolemy.domains.de.kernel.DEDirector.preinitialize(DEDirector.java:1337)
	at ptolemy.actor.CompositeActor.preinitialize(CompositeActor.java:1828)
	at ptolemy.actor.Manager.preinitializeAndResolveTypes(Manager.java:1040)
	at ptolemy.actor.Manager.initialize(Manager.java:710)
	at ptolemy.actor.Manager.execute(Manager.java:356)
	at ptolemy.actor.Manager.run(Manager.java:1263)
	at ptolemy.actor.Manager$PtolemyRunThread.run(Manager.java:1915)
java.lang.reflect.InvocationTargetException
	at sun.reflect.NativeConstructorAccessorImpl.newInstance0(Native Method)
	at sun.reflect.NativeConstructorAccessorImpl.newInstance(NativeConstructorAccessorImpl.java:62)
	at sun.reflect.DelegatingConstructorAccessorImpl.newInstance(DelegatingConstructorAccessorImpl.java:45)
	at java.lang.reflect.Constructor.newInstance(Constructor.java:423)
	at ptolemy.util.test.junit.AutoKnownFailedTests.RunModel(AutoKnownFailedTests.java:107)
	at sun.reflect.NativeMethodAccessorImpl.invoke0(Native Method)
	at sun.reflect.NativeMethodAccessorImpl.invoke(NativeMethodAccessorImpl.java:62)
	at sun.reflect.DelegatingMethodAccessorImpl.invoke(DelegatingMethodAccessorImpl.java:43)
	at java.lang.reflect.Method.invoke(Method.java:498)
	at org.junit.runners.model.FrameworkMethod$1.runReflectiveCall(FrameworkMethod.java:44)
	at org.junit.internal.runners.model.ReflectiveCallable.run(ReflectiveCallable.java:15)
	at org.junit.runners.model.FrameworkMethod.invokeExplosively(FrameworkMethod.java:41)
	at junitparams.internal.InvokeParameterisedMethod.evaluate(InvokeParameterisedMethod.java:102)
	at org.junit.internal.runners.statements.FailOnTimeout$1.run(FailOnTimeout.java:28)
Caused by: ptolemy.kernel.util.IllegalActionException: Found a zero delay loop containing .dependencyLoop2.original
  in .dependencyLoop2 and .dependencyLoop2.original
	at ptolemy.actor.util.CausalityInterfaceForComposites._computeOutputPortDepth(CausalityInterfaceForComposites.java:759)
	at ptolemy.actor.util.CausalityInterfaceForComposites._computeInputDepth(CausalityInterfaceForComposites.java:696)
	at ptolemy.actor.util.CausalityInterfaceForComposites._computeOutputPortDepth(CausalityInterfaceForComposites.java:765)
	at ptolemy.actor.util.CausalityInterfaceForComposites._computeInputDepth(CausalityInterfaceForComposites.java:696)
	at ptolemy.actor.util.CausalityInterfaceForComposites._computeOutputPortDepth(CausalityInterfaceForComposites.java:765)
	at ptolemy.actor.util.CausalityInterfaceForComposites._computeInputDepth(CausalityInterfaceForComposites.java:696)
	at ptolemy.actor.util.CausalityInterfaceForComposites._computeActorDepth(CausalityInterfaceForComposites.java:532)
	at ptolemy.actor.util.CausalityInterfaceForComposites.checkForCycles(CausalityInterfaceForComposites.java:96)
	at ptolemy.domains.de.kernel.DEDirector.preinitialize(DEDirector.java:1337)
	at ptolemy.actor.CompositeActor.preinitialize(CompositeActor.java:1828)
	at ptolemy.actor.Manager.preinitializeAndResolveTypes(Manager.java:1040)
	at ptolemy.actor.Manager.initialize(Manager.java:710)
	at ptolemy.actor.Manager.execute(Manager.java:356)
	at ptolemy.actor.Manager.run(Manager.java:1263)
	at ptolemy.actor.Manager$PtolemyRunThread.run(Manager.java:1915)
]]></system-err>
</testsuite>
