<?xml version="1.0" encoding="UTF-8" ?>
<testsuite errors="3" failures="2" hostname="travis-job-a0348d46-1280-48b1-be4a-b8281696e2ae" name="ptolemy.configs.test.junit.JUnitTclTest" skipped="0" tests="9" time="1595.298" timestamp="2018-04-26T06:18:18">
  <properties>
[...]
</properties>
  <testcase classname="ptolemy.util.test.junit.TclTests" name="[0] /home/travis/build/icyphy/ptII/ptolemy/configs/test/allConfigs.tcl (RunTclFile)" time="1361.137">
    <error message="Evaluating the Tcl file &quot;/home/travis/build/icyphy/ptII/ptolemy/configs/test/allConfigs.tcl&quot;resulted in a TclException being thrown.&#xa;The Tcl errorInfo variable could not be obtained.&#xa;java.lang.Exception: Evaluating the Tcl file &quot;/home/travis/build/icyphy/ptII/ptolemy/configs/test/allConfigs.tcl&quot;resulted in a TclException being thrown.&#xa;The Tcl errorInfo global variable has the value:&#xa;java.lang.OutOfMemoryError: GC overhead limit exceeded&#xa;    while executing&#xa;&quot;$parser {parse java.net.URL java.net.URL} $URL $URL&quot;&#xa;    invoked from within&#xa;&quot;set object [$parser {parse java.net.URL java.net.URL} $URL $URL]&quot;&#xa;    (&quot;foreach&quot; body line 73)&#xa;    invoked from within&#xa;&quot;foreach i $configs {&#xa;&#xa;    &#xa;    if {[regexp &quot;jxta/&quot; $i] == 1} {&#xa;&#x9;puts &quot;Skipping $i, running vergil -jxta brings up a window&quot;&#xa;&#x9;continue&#xa;    }&#xa;&#xa;    if {[...&quot;&#xa;    (file &quot;/home/travis/build/icyphy/ptII/ptolemy/configs/test/allConfigs.tcl&quot; line 157)" type="java.lang.Exception">java.lang.Exception: Evaluating the Tcl file &quot;/home/travis/build/icyphy/ptII/ptolemy/configs/test/allConfigs.tcl&quot;resulted in a TclException being thrown.
The Tcl errorInfo variable could not be obtained.
java.lang.Exception: Evaluating the Tcl file &quot;/home/travis/build/icyphy/ptII/ptolemy/configs/test/allConfigs.tcl&quot;resulted in a TclException being thrown.
The Tcl errorInfo global variable has the value:
java.lang.OutOfMemoryError: GC overhead limit exceeded
    while executing
&quot;$parser {parse java.net.URL java.net.URL} $URL $URL&quot;
    invoked from within
&quot;set object [$parser {parse java.net.URL java.net.URL} $URL $URL]&quot;
    (&quot;foreach&quot; body line 73)
    invoked from within
&quot;foreach i $configs {

    
    if {[regexp &quot;jxta/&quot; $i] == 1} {
	puts &quot;Skipping $i, running vergil -jxta brings up a window&quot;
	continue
    }

    if {[...&quot;
    (file &quot;/home/travis/build/icyphy/ptII/ptolemy/configs/test/allConfigs.tcl&quot; line 157)
	at ptolemy.util.test.junit.TclTests.RunTclFile(TclTests.java:260)
	at junitparams.internal.InvokeParameterisedMethod.evaluate(InvokeParameterisedMethod.java:102)
	at junitparams.internal.ParameterisedTestMethodRunner.runMethodInvoker(ParameterisedTestMethodRunner.java:47)
	at junitparams.internal.ParameterisedTestMethodRunner.runTestMethod(ParameterisedTestMethodRunner.java:41)
	at junitparams.internal.ParameterisedTestClassRunner.runParameterisedTest(ParameterisedTestClassRunner.java:143)
	at junitparams.JUnitParamsRunner.runChild(JUnitParamsRunner.java:237)
	at junitparams.JUnitParamsRunner.runChild(JUnitParamsRunner.java:215)
Caused by: java.lang.reflect.InvocationTargetException
	at ptolemy.util.test.junit.TclTests.RunTclFile(TclTests.java:233)
Caused by: tcl.lang.ReflectException
	at tcl.lang.JavaInvoke.call(JavaInvoke.java:257)
	at tcl.lang.JavaInvoke.callMethod(JavaInvoke.java:116)
	at tcl.lang.ReflectObject.cmdProc(ReflectObject.java:727)
	at tcl.lang.Parser.evalObjv(Parser.java:740)
	at tcl.lang.Parser.eval2(Parser.java:1138)
	at tcl.lang.Parser.evalTokens(Parser.java:930)
	at tcl.lang.Parser.eval2(Parser.java:1125)
	at tcl.lang.Interp.eval(Interp.java:1782)
	at tcl.lang.Interp.eval(Interp.java:1841)
	at tcl.lang.ForeachCmd.cmdProc(ForeachCmd.java:116)
	at tcl.lang.AutoloadStub.cmdProc(Extension.java:144)
	at tcl.lang.Parser.evalObjv(Parser.java:740)
	at tcl.lang.Parser.eval2(Parser.java:1138)
	at tcl.lang.Interp.eval(Interp.java:1782)
	at tcl.lang.Interp.evalFile(Interp.java:1880)
</error>
  </testcase>
  <testcase classname="ptolemy.util.test.junit.TclTests" name="[1] /home/travis/build/icyphy/ptII/ptolemy/configs/test/allDemos.tcl (RunTclFile)" time="0.008">
    <failure message="Number of failed tests is has increased. expected:&lt;0&gt; but was:&lt;4&gt;" type="junit.framework.AssertionFailedError">junit.framework.AssertionFailedError: Number of failed tests is has increased. expected:&lt;0&gt; but was:&lt;4&gt;
	at ptolemy.util.test.junit.TclTests.RunTclFile(TclTests.java:286)
	at junitparams.internal.InvokeParameterisedMethod.evaluate(InvokeParameterisedMethod.java:102)
	at junitparams.internal.ParameterisedTestMethodRunner.runMethodInvoker(ParameterisedTestMethodRunner.java:47)
	at junitparams.internal.ParameterisedTestMethodRunner.runTestMethod(ParameterisedTestMethodRunner.java:41)
	at junitparams.internal.ParameterisedTestClassRunner.runParameterisedTest(ParameterisedTestClassRunner.java:143)
	at junitparams.JUnitParamsRunner.runChild(JUnitParamsRunner.java:237)
	at junitparams.JUnitParamsRunner.runChild(JUnitParamsRunner.java:215)
</failure>
  </testcase>
  <testcase classname="ptolemy.util.test.junit.TclTests" name="[2] /home/travis/build/icyphy/ptII/ptolemy/configs/test/cloneTest.tcl (RunTclFile)" time="0.018" />
  <testcase classname="ptolemy.util.test.junit.TclTests" name="[3] /home/travis/build/icyphy/ptII/ptolemy/configs/test/configTest.tcl (RunTclFile)" time="15.783">
    <error message="Evaluating the Tcl file &quot;/home/travis/build/icyphy/ptII/ptolemy/configs/test/configTest.tcl&quot;resulted in a TclException being thrown.&#xa;The Tcl errorInfo variable could not be obtained.&#xa;java.lang.Exception: Evaluating the Tcl file &quot;/home/travis/build/icyphy/ptII/ptolemy/configs/test/configTest.tcl&quot;resulted in a TclException being thrown.&#xa;The Tcl errorInfo global variable has the value:&#xa;java.lang.OutOfMemoryError: GC overhead limit exceeded&#xa;    while executing&#xa;&quot;$configuration description&quot;&#xa;    (file &quot;/home/travis/build/icyphy/ptII/ptolemy/configs/test/configTest.tcl&quot; line 55)" type="java.lang.Exception">java.lang.Exception: Evaluating the Tcl file &quot;/home/travis/build/icyphy/ptII/ptolemy/configs/test/configTest.tcl&quot;resulted in a TclException being thrown.
The Tcl errorInfo variable could not be obtained.
java.lang.Exception: Evaluating the Tcl file &quot;/home/travis/build/icyphy/ptII/ptolemy/configs/test/configTest.tcl&quot;resulted in a TclException being thrown.
The Tcl errorInfo global variable has the value:
java.lang.OutOfMemoryError: GC overhead limit exceeded
    while executing
&quot;$configuration description&quot;
    (file &quot;/home/travis/build/icyphy/ptII/ptolemy/configs/test/configTest.tcl&quot; line 55)
	at ptolemy.util.test.junit.TclTests.RunTclFile(TclTests.java:260)
	at junitparams.internal.InvokeParameterisedMethod.evaluate(InvokeParameterisedMethod.java:102)
	at junitparams.internal.ParameterisedTestMethodRunner.runMethodInvoker(ParameterisedTestMethodRunner.java:47)
	at junitparams.internal.ParameterisedTestMethodRunner.runTestMethod(ParameterisedTestMethodRunner.java:41)
	at junitparams.internal.ParameterisedTestClassRunner.runParameterisedTest(ParameterisedTestClassRunner.java:143)
	at junitparams.JUnitParamsRunner.runChild(JUnitParamsRunner.java:237)
	at junitparams.JUnitParamsRunner.runChild(JUnitParamsRunner.java:215)
Caused by: java.lang.reflect.InvocationTargetException
	at ptolemy.util.test.junit.TclTests.RunTclFile(TclTests.java:233)
Caused by: tcl.lang.ReflectException
	at tcl.lang.JavaInvoke.call(JavaInvoke.java:257)
	at tcl.lang.JavaInvoke.callMethod(JavaInvoke.java:116)
	at tcl.lang.ReflectObject.cmdProc(ReflectObject.java:727)
	at tcl.lang.Parser.evalObjv(Parser.java:740)
	at tcl.lang.Parser.eval2(Parser.java:1138)
	at tcl.lang.Interp.eval(Interp.java:1782)
	at tcl.lang.Interp.evalFile(Interp.java:1880)
</error>
  </testcase>
  <testcase classname="ptolemy.util.test.junit.TclTests" name="[4] /home/travis/build/icyphy/ptII/ptolemy/configs/test/missingDemos.tcl (RunTclFile)" time="184.48">
    <failure message="Number of failed tests is has increased. expected:&lt;4&gt; but was:&lt;6&gt;" type="junit.framework.AssertionFailedError">junit.framework.AssertionFailedError: Number of failed tests is has increased. expected:&lt;4&gt; but was:&lt;6&gt;
	at ptolemy.util.test.junit.TclTests.RunTclFile(TclTests.java:286)
	at junitparams.internal.InvokeParameterisedMethod.evaluate(InvokeParameterisedMethod.java:102)
	at junitparams.internal.ParameterisedTestMethodRunner.runMethodInvoker(ParameterisedTestMethodRunner.java:47)
	at junitparams.internal.ParameterisedTestMethodRunner.runTestMethod(ParameterisedTestMethodRunner.java:41)
	at junitparams.internal.ParameterisedTestClassRunner.runParameterisedTest(ParameterisedTestClassRunner.java:143)
	at junitparams.JUnitParamsRunner.runChild(JUnitParamsRunner.java:237)
	at junitparams.JUnitParamsRunner.runChild(JUnitParamsRunner.java:215)
</failure>
  </testcase>
  <testcase classname="ptolemy.util.test.junit.TclTests" name="[5] /home/travis/build/icyphy/ptII/ptolemy/configs/test/validDemos.tcl (RunTclFile)" time="19.783">
    <error type="java.lang.reflect.InvocationTargetException">java.lang.reflect.InvocationTargetException
	at ptolemy.util.test.junit.TclTests.RunTclFile(TclTests.java:233)
	at junitparams.internal.InvokeParameterisedMethod.evaluate(InvokeParameterisedMethod.java:102)
	at junitparams.internal.ParameterisedTestMethodRunner.runMethodInvoker(ParameterisedTestMethodRunner.java:47)
	at junitparams.internal.ParameterisedTestMethodRunner.runTestMethod(ParameterisedTestMethodRunner.java:41)
	at junitparams.internal.ParameterisedTestClassRunner.runParameterisedTest(ParameterisedTestClassRunner.java:143)
	at junitparams.JUnitParamsRunner.runChild(JUnitParamsRunner.java:237)
	at junitparams.JUnitParamsRunner.runChild(JUnitParamsRunner.java:215)
Caused by: java.lang.OutOfMemoryError: GC overhead limit exceeded
</error>
  </testcase>
  <testcase classname="ptolemy.util.test.junit.AutoKnownFailedTests" name="[0] ThereAreNoKnowFailedTests (RunModel)" time="0.001" />
  <testcase classname="ptolemy.util.test.junit.AutoNameArchTests" name="[0] ThereAreNoAutoTests (RunModel)" time="0.004" />
  <testcase classname="ptolemy.util.test.junit.AutoTests" name="[0] ThereAreNoAutoTests (RunModel)" time="3.447" />
  <system-out><![CDATA[/home/travis/build/icyphy/ptII/ptolemy/configs/test/allConfigs.tcl
testDefs.tcl: setting time out to 9000 seconds at Thu Apr 26 06:18:18 UTC 2018
 Force everything to get expanded ptolemy/configs/bcvtb/configuration.xml
    (Skipping certain optional packages, jxta and viptos)
-------> Before clone
-------> after clone

Warning: In 'ptolemy.actor.lib.io.FileReader'
  The getName() method returns
   'fileOrURL' but the  field is named
   'fileOrURLPort'
   This is technically a violation  of the coding standard,
   but permissible because the name  ends in 'Port'
---- Second call to Configuration.check
-------> Before clone
-------> after clone
 Force everything to get expanded ptolemy/configs/ptiny/configuration.xml
    (Skipping certain optional packages, jxta and viptos)
-------> Before clone
-------> after clone

Warning: In 'ptolemy.actor.lib.io.FileReader'
  The getName() method returns
   'fileOrURL' but the  field is named
   'fileOrURLPort'
   This is technically a violation  of the coding standard,
   but permissible because the name  ends in 'Port'
---- Second call to Configuration.check
-------> Before clone
-------> after clone
 Force everything to get expanded ptolemy/configs/space/configuration.xml
    (Skipping certain optional packages, jxta and viptos)
-------> Before clone
-------> after clone
---- Second call to Configuration.check
Warning: space/configuration.xml has no 'actor library.Directors'? (this is ok for dsp, viptos)
-------> Before clone
-------> after clone
 Force everything to get expanded ptolemy/configs/dsp/configuration.xml
    (Skipping certain optional packages, jxta and viptos)
-------> Before clone
-------> after clone

Warning: In 'ptolemy.actor.lib.io.FileReader'
  The getName() method returns
   'fileOrURL' but the  field is named
   'fileOrURLPort'
   This is technically a violation  of the coding standard,
   but permissible because the name  ends in 'Port'
---- Second call to Configuration.check
Warning: dsp/configuration.xml has no 'actor library.Directors'? (this is ok for dsp, viptos)
-------> Before clone
-------> after clone
Skipping viptos/configuration.xml, PtinyOS is not typically installed.
 Force everything to get expanded ptolemy/configs/pn/configuration.xml
    (Skipping certain optional packages, jxta and viptos)
-------> Before clone
-------> after clone

Warning: In 'ptolemy.actor.lib.io.FileReader'
  The getName() method returns
   'fileOrURL' but the  field is named
   'fileOrURLPort'
   This is technically a violation  of the coding standard,
   but permissible because the name  ends in 'Port'
---- Second call to Configuration.check
Warning: pn/configuration.xml has no 'actor library.Directors'? (this is ok for dsp, viptos)
-------> Before clone
-------> after clone
 Force everything to get expanded ptolemy/configs/ptdb/configuration.xml
    (Skipping certain optional packages, jxta and viptos)
-------> Before clone
-------> after clone

Warning: In 'ptolemy.actor.lib.io.FileReader'
  The getName() method returns
   'fileOrURL' but the  field is named
   'fileOrURLPort'
   This is technically a violation  of the coding standard,
   but permissible because the name  ends in 'Port'
---- Second call to Configuration.check
Skipping drop test of tm.kernel.SchedulePlotter because it must be dropped into a container that has a TMDirector
-------> Before clone
-------> after clone
 Force everything to get expanded ptolemy/configs/cyphysim/configuration.xml
    (Skipping certain optional packages, jxta and viptos)
-------> Before clone
-------> after clone

Warning: In 'ptolemy.actor.lib.io.FileReader'
  The getName() method returns
   'fileOrURL' but the  field is named
   'fileOrURLPort'
   This is technically a violation  of the coding standard,
   but permissible because the name  ends in 'Port'
---- Second call to Configuration.check
Skipping StateSpaceModel as this test iterates through the attributes and calls attributeChanged, which triggers a ConcurrentModificationException.  See org/ptolemy/ssm/test/SSMTest.java
Skipping StateSpaceModel as this test iterates through the attributes and calls attributeChanged, which triggers a ConcurrentModificationException.  See org/ptolemy/ssm/test/SSMTest.java
Skipping StateSpaceModel as this test iterates through the attributes and calls attributeChanged, which triggers a ConcurrentModificationException.  See org/ptolemy/ssm/test/SSMTest.java
Warning: cyphysim/configuration.xml has no 'actor library.Directors'? (this is ok for dsp, viptos)
-------> Before clone
-------> after clone
 Force everything to get expanded ptolemy/configs/capecode/configuration.xml
    (Skipping certain optional packages, jxta and viptos)
JSAccessor: PT_NO_NET environment variable is set, so git pull and ptdoc are not being run.
Retrieving library from file:/home/travis/build/icyphy/ptII/org/terraswarm/accessor/accessors/web/index.json
Retrieving library from file:/home/travis/build/icyphy/ptII/org/terraswarm/accessor/accessors/web/audio/index.json
Retrieving library from file:/home/travis/build/icyphy/ptII/org/terraswarm/accessor/accessors/web/cameras/index.json
No physical cameras found, using WebcamDummyDriver.
Retrieving library from file:/home/travis/build/icyphy/ptII/org/terraswarm/accessor/accessors/web/devices/index.json
Retrieving library from file:/home/travis/build/icyphy/ptII/org/terraswarm/accessor/accessors/web/image/index.json
CharacterRecognition: The tesseract module was not present.  The CharacterRecognition accessor is not supported on this accessor host. (Thread[main,5,main])
CharacterRecognition: The tesseract module was not present.  The CharacterRecognition accessor is not supported on this accessor host. (Thread[main,5,main])
Retrieving library from file:/home/travis/build/icyphy/ptII/org/terraswarm/accessor/accessors/web/net/index.json
Retrieving library from file:/home/travis/build/icyphy/ptII/org/terraswarm/accessor/accessors/web/robotics/index.json
Retrieving library from file:/home/travis/build/icyphy/ptII/org/terraswarm/accessor/accessors/web/geodesy/index.json
Retrieving library from file:/home/travis/build/icyphy/ptII/org/terraswarm/accessor/accessors/web/services/index.json
Heartbeat: Heartbeat: Could not get $KEYSTORE/heartbeatKey:  ptolemy.kernel.util.IllegalActionException: Failed to read URI: /home/travis/.ptKeystore/heartbeatKey
  in .configuration.actor library.Accessors.services.Heartbeat
Because:
Cannot read file '/home/travis/.ptKeystore/heartbeatKey' or '/home/travis/.ptKeystore/heartbeatKey'
The key is not public, so this accessor is only useful If you have the key.  See https://www.icyphy.org/accessors/library/index.html?accessor=services.Heartbeat (Thread[main,5,main])
Heartbeat: Heartbeat: Could not get $KEYSTORE/heartbeatKey:  ptolemy.kernel.util.IllegalActionException: Failed to read URI: /home/travis/.ptKeystore/heartbeatKey
  in .configuration.actor library.Accessors.services.Heartbeat
Because:
Cannot read file '/home/travis/.ptKeystore/heartbeatKey' or '/home/travis/.ptKeystore/heartbeatKey'
The key is not public, so this accessor is only useful If you have the key.  See https://www.icyphy.org/accessors/library/index.html?accessor=services.Heartbeat (Thread[main,5,main])
Retrieving library from file:/home/travis/build/icyphy/ptII/org/terraswarm/accessor/accessors/web/signals/index.json
Retrieving library from file:/home/travis/build/icyphy/ptII/org/terraswarm/accessor/accessors/web/test/index.json
Retrieving library from file:/home/travis/build/icyphy/ptII/org/terraswarm/accessor/accessors/web/utilities/index.json
The Mutable accessor original file has no documentation, so we are not running jsdoc on https://accessors.org/utilities/Mutable.js
-------> Before clone
-------> after clone

Warning: In 'ptolemy.actor.lib.io.FileReader'
  The getName() method returns
   'fileOrURL' but the  field is named
   'fileOrURLPort'
   This is technically a violation  of the coding standard,
   but permissible because the name  ends in 'Port'
CharacterRecognition: The tesseract module was not present.  The CharacterRecognition accessor is not supported on this accessor host. (Thread[main,5,main])


==== $PTII/ptolemy/configs/test/allConfigs.tcl: capecode/configuration.xml-3.1 Test to see if capecode/configuration.xml contains any actors whose type constraints don't clone
==== Contents of test case:

	    set results [[java::cast ptolemy.actor.gui.Configuration $configuration] check]
	    # FIXME: Need to call this twice to find problems with RecordAssembler.
	    puts "---- Second call to Configuration.check"
	    set results2 [[java::cast ptolemy.actor.gui.Configuration $configuration] check]
   	    # Don't call return as the last line of a test proc, since return
	    # throws an exception.
	    list $results $results2
    
==== Test generated error:
    while executing
ptolemy.kernel.util.InternalErrorException: The check for clone methods properly setting the fields failed.
  in .configuration.actor library.Accessors.net.SecureCommClient
Because:
GC overhead limit exceeded
	at ptolemy.actor.gui.Configuration.check(Configuration.java:424)
	at sun.reflect.NativeMethodAccessorImpl.invoke0(Native Method)
	at sun.reflect.NativeMethodAccessorImpl.invoke(NativeMethodAccessorImpl.java:62)
	at sun.reflect.DelegatingMethodAccessorImpl.invoke(DelegatingMethodAccessorImpl.java:43)
	at java.lang.reflect.Method.invoke(Method.java:498)
	at tcl.lang.reflect.PkgInvoker.invokeMethod(PkgInvoker.java:129)
	at tcl.lang.JavaInvoke.call(JavaInvoke.java:253)
	at tcl.lang.JavaInvoke.callMethod(JavaInvoke.java:116)
	at tcl.lang.ReflectObject.cmdProc(ReflectObject.java:727)
	at tcl.lang.Parser.evalObjv(Parser.java:740)
	at tcl.lang.Parser.eval2(Parser.java:1138)
	at tcl.lang.Parser.evalTokens(Parser.java:930)
	at tcl.lang.Parser.eval2(Parser.java:1125)
	at tcl.lang.Interp.eval(Interp.java:1782)
	at tcl.lang.Interp.eval(Interp.java:1841)
	at tcl.lang.UplevelCmd.cmdProc(UplevelCmd.java:93)
	at tcl.lang.Parser.evalObjv(Parser.java:740)
	at tcl.lang.Parser.eval2(Parser.java:1138)
	at tcl.lang.Interp.eval(Interp.java:1782)
	at tcl.lang.Interp.eval(Interp.java:1841)
	at tcl.lang.CatchCmd.cmdProc(CatchCmd.java:42)
	at tcl.lang.Parser.evalObjv(Parser.java:740)
	at tcl.lang.Parser.eval2(Parser.java:1138)
	at tcl.lang.Parser.evalTokens(Parser.java:930)
	at tcl.lang.Parser.eval2(Parser.java:1125)
	at tcl.lang.Procedure.cmdProc(Procedure.java:175)
	at tcl.lang.Parser.evalObjv(Parser.java:740)
	at tcl.lang.Parser.eval2(Parser.java:1138)
	at tcl.lang.Interp.eval(Interp.java:1782)
	at tcl.lang.Interp.eval(Interp.java:1841)
	at tcl.lang.ForeachCmd.cmdProc(ForeachCmd.java:116)
	at tcl.lang.AutoloadStub.cmdProc(Extension.java:144)
	at tcl.lang.Parser.evalObjv(Parser.java:740)
	at tcl.lang.Parser.eval2(Parser.java:1138)
	at tcl.lang.Interp.eval(Interp.java:1782)
	at tcl.lang.Interp.evalFile(Interp.java:1880)
	at sun.reflect.NativeMethodAccessorImpl.invoke0(Native Method)
	at sun.reflect.NativeMethodAccessorImpl.invoke(NativeMethodAccessorImpl.java:62)
	at sun.reflect.DelegatingMethodAccessorImpl.invoke(DelegatingMethodAccessorImpl.java:43)
	at java.lang.reflect.Method.invoke(Method.java:498)
	at ptolemy.util.test.junit.TclTests.RunTclFile(TclTests.java:233)
	at sun.reflect.NativeMethodAccessorImpl.invoke0(Native Method)
	at sun.reflect.NativeMethodAccessorImpl.invoke(NativeMethodAccessorImpl.java:62)
	at sun.reflect.DelegatingMethodAccessorImpl.invoke(DelegatingMethodAccessorImpl.java:43)
	at java.lang.reflect.Method.invoke(Method.java:498)
	at org.junit.runners.model.FrameworkMethod$1.runReflectiveCall(FrameworkMethod.java:44)
	at org.junit.internal.runners.model.ReflectiveCallable.run(ReflectiveCallable.java:15)
	at org.junit.runners.model.FrameworkMethod.invokeExplosively(FrameworkMethod.java:41)
	at junitparams.internal.InvokeParameterisedMethod.evaluate(InvokeParameterisedMethod.java:102)
	at junitparams.internal.ParameterisedTestMethodRunner.runMethodInvoker(ParameterisedTestMethodRunner.java:47)
	at junitparams.internal.ParameterisedTestMethodRunner.runTestMethod(ParameterisedTestMethodRunner.java:41)
	at junitparams.internal.ParameterisedTestClassRunner.runParameterisedTest(ParameterisedTestClassRunner.java:143)
	at junitparams.JUnitParamsRunner.runChild(JUnitParamsRunner.java:237)
	at junitparams.JUnitParamsRunner.runChild(JUnitParamsRunner.java:215)
	at org.junit.runners.ParentRunner$3.run(ParentRunner.java:193)
	at org.junit.runners.ParentRunner$1.schedule(ParentRunner.java:52)
	at org.junit.runners.ParentRunner.runChildren(ParentRunner.java:191)
	at org.junit.runners.ParentRunner.access$000(ParentRunner.java:42)
	at org.junit.runners.ParentRunner$2.evaluate(ParentRunner.java:184)
	at org.junit.internal.runners.statements.RunAfters.evaluate(RunAfters.java:31)
	at org.junit.runners.ParentRunner.run(ParentRunner.java:236)
	at org.junit.runners.Suite.runChild(Suite.java:128)
	at org.junit.runners.Suite.runChild(Suite.java:24)
	at org.junit.runners.ParentRunner$3.run(ParentRunner.java:193)
	at org.junit.runners.ParentRunner$1.schedule(ParentRunner.java:52)
	at org.junit.runners.ParentRunner.runChildren(ParentRunner.java:191)
	at org.junit.runners.ParentRunner.access$000(ParentRunner.java:42)
	at org.junit.runners.ParentRunner$2.evaluate(ParentRunner.java:184)
	at org.junit.runners.ParentRunner.run(ParentRunner.java:236)
	at junit.framework.JUnit4TestAdapter.run(JUnit4TestAdapter.java:39)
	at org.apache.tools.ant.taskdefs.optional.junit.JUnitTestRunner.run(JUnitTestRunner.java:535)
	at org.apache.tools.ant.taskdefs.optional.junit.JUnitTestRunner.launch(JUnitTestRunner.java:1182)
	at org.apache.tools.ant.taskdefs.optional.junit.JUnitTestRunner.main(JUnitTestRunner.java:1033)
Caused by: java.lang.OutOfMemoryError: GC overhead limit exceeded
Caused by: java.lang.OutOfMemoryError: GC overhead limit exceeded

    while executing
ptolemy.kernel.util.InternalErrorException: The check for clone methods properly setting the fields failed.
  in .configuration.actor library.Accessors.net.SecureCommClient
Because:
GC overhead limit exceeded
    while executing
"[java::cast ptolemy.actor.gui.Configuration $configuration] check"
    invoked from within
"set results [[java::cast ptolemy.actor.gui.Configuration $configuration] check]"
    ("uplevel" body line 2)
    invoked from within
"uplevel $contents_of_test"


==== $PTII/ptolemy/configs/test/allConfigs.tcl: capecode/configuration.xml-4.1 Test to see if capecode/configuration.xml contains any actors that might not drag and drop properly by creating ChangeRequests 
==== Contents of test case:


	# This test caught a problem with AudioReader, where the initial
	# default source URL parameter had a bogus value.

	# Create a base model.
	set baseModel {<?xml version="1.0" standalone="no"?>
	    <!DOCTYPE entity PUBLIC "-//UC Berkeley//DTD MoML 1//EN"
	    "http://ptolemy.eecs.berkeley.edu/xml/dtd/MoML_1.dtd">
	    <entity name="top" class="ptolemy.actor.TypedCompositeActor">
	    <property name="dir" class="ptolemy.domains.sdf.kernel.SDFDirector">
	    <property name="iterations" value="2"/>
	    </property>
	    </entity>
	}

	set parser [java::new ptolemy.moml.MoMLParser]
	$parser reset
	set toplevel [java::cast ptolemy.actor.CompositeActor  [$parser parse $baseModel]]
	set manager [java::new ptolemy.actor.Manager [$toplevel workspace] "w"]
	$toplevel setManager $manager
	

	# Set up a StreamChangeListener to listen for errors
	set stream [java::new java.io.ByteArrayOutputStream]
	set printStream [java::new  {java.io.PrintStream java.io.OutputStream} $stream]
	set listener [java::new ptolemy.kernel.util.StreamChangeListener  $printStream]
	$toplevel addChangeListener $listener

	set cloneConfiguration  [java::cast ptolemy.kernel.CompositeEntity [$configuration clone]]

	set entityList [$configuration allAtomicEntityList]
	set results {}
	for {set iterator [$entityList iterator]}  {[$iterator hasNext] == 1} {} {
   	    set entity [$iterator next]
	    
	    #puts [$entity toString]
	    #if [java::instanceof $entity ptolemy.kernel.util.NamedObj] {
	    #	puts [[java::cast ptolemy.kernel.util.NamedObj $entity]  #		  getName]
	    #}

	    if [java::instanceof $entity ptolemy.actor.TypedAtomicActor] {
		set actor [java::cast ptolemy.actor.TypedAtomicActor $entity]
		#puts "Actor: [$actor getFullName]"
		set actorName [$actor getFullName]
                if [regexp {StateSpaceModel} $actorName] {
                    puts "Skipping StateSpaceModel as this test iterates through the attributes and calls attributeChanged, which triggers a ConcurrentModificationException.  See org/ptolemy/ssm/test/SSMTest.java"
                }  {
		    if [catch {set r [_dropTest $toplevel $actor $cloneConfiguration $stream $printStream 0]} errMsg] {
			lappend results "Drag and Drop test of actor: [$actor getFullName] failed:\n$errMsg\n[jdkStackTrace]"
		    }
		}
		if {[llength $r] != 0} {
		    lappend results $r
		}
	    }

        }
	list $results
    
==== Test generated error:
    while executing
java.lang.OutOfMemoryError: GC overhead limit exceeded

    while executing
java.lang.OutOfMemoryError: GC overhead limit exceeded
    while executing
"$configuration clone"
    invoked from within
"java::cast ptolemy.kernel.CompositeEntity [$configuration clone]"
    invoked from within
"set cloneConfiguration  [java::cast ptolemy.kernel.CompositeEntity [$configuration clone]]"
    ("uplevel" body line 30)
    invoked from within
"uplevel $contents_of_test"


==== $PTII/ptolemy/configs/test/allConfigs.tcl: capecode/configuration.xml-4.2 Test to see if capecode/configuration.xml contains any attributes that might not drag and drop properly by creating ChangeRequests 
==== Contents of test case:


	# Use the baseModel from 4.1 above

	# Set up a StreamChangeListener to listen for errors
	set stream [java::new java.io.ByteArrayOutputStream]
	set printStream [java::new  {java.io.PrintStream java.io.OutputStream} $stream]
	set listener [java::new ptolemy.kernel.util.StreamChangeListener  $printStream]
	$toplevel addChangeListener $listener

	set cloneConfiguration  [java::cast ptolemy.kernel.CompositeEntity [$configuration clone]]

	set entityList [$configuration deepNamedObjList]
	set results {}
	set count 0
	for {set iterator [$entityList iterator]}  {[$iterator hasNext] == 1} {} {
		set object [$iterator next]
		#puts "6Attribute: [$object toString]"
		if [java::instanceof $object ptolemy.moml.EntityLibrary] {
		    #puts "---------- [$object toString]"

		    # FIXME: I don't understand why I need to expand the entityLibraries
		    # and get the attributes?
		    set entityLibrary [java::cast ptolemy.moml.EntityLibrary $object]
		    #puts [$entityLibrary exportMoML]
		    set attributes [$entityLibrary attributeList]
		    #puts [listToFullNames $attributes]
		    for {set iterator2 [$attributes iterator]} {[$iterator2 hasNext] == 1} {} {
			set attr [$iterator2 next]
			#puts "attr: [java::instanceof $attr ptolemy.kernel.util.Attribute] [$attr toString] "
			
			set attribute [java::cast ptolemy.kernel.util.Attribute $attr]

			if [java::instanceof $attribute ptolemy.domains.tm.kernel.SchedulePlotter] {
			    puts "Skipping drop test of tm.kernel.SchedulePlotter because it must be dropped into a container that has a TMDirector"
			    continue
			}

			set r [_dropTest $toplevel $attribute $cloneConfiguration $stream $printStream 1]
			if {[llength $r] != 0} {
			    lappend results $r
			}
		    }
		}
	    }
	list $results
    
==== Test generated error:
    while executing
java.lang.InternalError: BMH.reinvoke=Lambda(a0:L/SpeciesData<L>,a1:I,a2:L,a3:I)=>{
    t4:L=Species_L.argL0(a0:L);
    t5:L=MethodHandle.invokeBasic(t4:L,a1:I,a2:L,a3:I);t5:L}
	at java.lang.invoke.MethodHandleStatics.newInternalError(MethodHandleStatics.java:127)
	at java.lang.invoke.LambdaForm.compileToBytecode(LambdaForm.java:660)
	at java.lang.invoke.LambdaForm.prepare(LambdaForm.java:635)
	at java.lang.invoke.MethodHandle.<init>(MethodHandle.java:461)
	at java.lang.invoke.BoundMethodHandle.<init>(BoundMethodHandle.java:58)
	at java.lang.invoke.BoundMethodHandle$Species_L.<init>(BoundMethodHandle.java:211)
	at java.lang.invoke.BoundMethodHandle$Species_L.make(BoundMethodHandle.java:224)
	at java.lang.invoke.BoundMethodHandle.makeReinvoker(BoundMethodHandle.java:141)
	at java.lang.invoke.DirectMethodHandle.rebind(DirectMethodHandle.java:130)
	at java.lang.invoke.MethodHandles.insertArguments(MethodHandles.java:2371)
	at jdk.nashorn.internal.lookup.MethodHandleFactory$StandardMethodHandleFunctionality.insertArguments(MethodHandleFactory.java:401)
	at jdk.nashorn.internal.runtime.CompiledFunction.createBuiltInConstructor(CompiledFunction.java:135)
	at jdk.nashorn.internal.runtime.FinalScriptFunctionData.addInvoker(FinalScriptFunctionData.java:140)
	at jdk.nashorn.internal.runtime.FinalScriptFunctionData.<init>(FinalScriptFunctionData.java:70)
	at jdk.nashorn.internal.runtime.ScriptFunction.<init>(ScriptFunction.java:232)
	at jdk.nashorn.internal.runtime.ScriptFunction.<init>(ScriptFunction.java:278)
	at jdk.nashorn.internal.objects.NativeArray$Constructor.<init>(Unknown Source)
	at sun.reflect.GeneratedConstructorAccessor36.newInstance(Unknown Source)
	at sun.reflect.DelegatingConstructorAccessorImpl.newInstance(DelegatingConstructorAccessorImpl.java:45)
	at java.lang.reflect.Constructor.newInstance(Constructor.java:423)
	at java.lang.Class.newInstance(Class.java:442)
	at jdk.nashorn.internal.objects.Global.initConstructor(Global.java:2566)
	at jdk.nashorn.internal.objects.Global.initConstructorAndSwitchPoint(Global.java:2251)
	at jdk.nashorn.internal.objects.Global.init(Global.java:2299)
	at jdk.nashorn.internal.objects.Global.initBuiltinObjects(Global.java:1094)
	at jdk.nashorn.internal.runtime.Context.initGlobal(Context.java:1150)
	at jdk.nashorn.api.scripting.NashornScriptEngine.createNashornGlobal(NashornScriptEngine.java:360)
	at jdk.nashorn.api.scripting.NashornScriptEngine.<init>(NashornScriptEngine.java:143)
	at jdk.nashorn.api.scripting.NashornScriptEngineFactory.getScriptEngine(NashornScriptEngineFactory.java:148)
	at javax.script.ScriptEngineManager.getEngineByName(ScriptEngineManager.java:238)
	at ptolemy.actor.lib.jjs.JavaScript.clone(JavaScript.java:606)
	at ptolemy.kernel.CompositeEntity.clone(CompositeEntity.java:362)
	at ptolemy.moml.EntityLibrary.clone(EntityLibrary.java:261)
	at ptolemy.kernel.CompositeEntity.clone(CompositeEntity.java:362)
	at ptolemy.moml.EntityLibrary.clone(EntityLibrary.java:261)
	at ptolemy.kernel.CompositeEntity.clone(CompositeEntity.java:362)
	at ptolemy.kernel.CompositeEntity.clone(CompositeEntity.java:362)
	at ptolemy.kernel.util.NamedObj.clone(NamedObj.java:450)
	at sun.reflect.NativeMethodAccessorImpl.invoke0(Native Method)
	at sun.reflect.NativeMethodAccessorImpl.invoke(NativeMethodAccessorImpl.java:62)
	at sun.reflect.DelegatingMethodAccessorImpl.invoke(DelegatingMethodAccessorImpl.java:43)
	at java.lang.reflect.Method.invoke(Method.java:498)
	at tcl.lang.reflect.PkgInvoker.invokeMethod(PkgInvoker.java:129)
	at tcl.lang.JavaInvoke.call(JavaInvoke.java:253)
	at tcl.lang.JavaInvoke.callMethod(JavaInvoke.java:116)
	at tcl.lang.ReflectObject.cmdProc(ReflectObject.java:727)
	at tcl.lang.Parser.evalObjv(Parser.java:740)
	at tcl.lang.Parser.eval2(Parser.java:1138)
	at tcl.lang.Parser.evalTokens(Parser.java:930)
	at tcl.lang.Parser.eval2(Parser.java:1125)
	at tcl.lang.Parser.evalTokens(Parser.java:930)
	at tcl.lang.Parser.eval2(Parser.java:1125)
	at tcl.lang.Interp.eval(Interp.java:1782)
	at tcl.lang.Interp.eval(Interp.java:1841)
	at tcl.lang.UplevelCmd.cmdProc(UplevelCmd.java:93)
	at tcl.lang.Parser.evalObjv(Parser.java:740)
	at tcl.lang.Parser.eval2(Parser.java:1138)
	at tcl.lang.Interp.eval(Interp.java:1782)
	at tcl.lang.Interp.eval(Interp.java:1841)
	at tcl.lang.CatchCmd.cmdProc(CatchCmd.java:42)
	at tcl.lang.Parser.evalObjv(Parser.java:740)
	at tcl.lang.Parser.eval2(Parser.java:1138)
	at tcl.lang.Parser.evalTokens(Parser.java:930)
	at tcl.lang.Parser.eval2(Parser.java:1125)
	at tcl.lang.Procedure.cmdProc(Procedure.java:175)
	at tcl.lang.Parser.evalObjv(Parser.java:740)
	at tcl.lang.Parser.eval2(Parser.java:1138)
	at tcl.lang.Interp.eval(Interp.java:1782)
	at tcl.lang.Interp.eval(Interp.java:1841)
	at tcl.lang.ForeachCmd.cmdProc(ForeachCmd.java:116)
	at tcl.lang.AutoloadStub.cmdProc(Extension.java:144)
	at tcl.lang.Parser.evalObjv(Parser.java:740)
	at tcl.lang.Parser.eval2(Parser.java:1138)
	at tcl.lang.Interp.eval(Interp.java:1782)
	at tcl.lang.Interp.evalFile(Interp.java:1880)
	at sun.reflect.NativeMethodAccessorImpl.invoke0(Native Method)
	at sun.reflect.NativeMethodAccessorImpl.invoke(NativeMethodAccessorImpl.java:62)
	at sun.reflect.DelegatingMethodAccessorImpl.invoke(DelegatingMethodAccessorImpl.java:43)
	at java.lang.reflect.Method.invoke(Method.java:498)
	at ptolemy.util.test.junit.TclTests.RunTclFile(TclTests.java:233)
	at sun.reflect.NativeMethodAccessorImpl.invoke0(Native Method)
	at sun.reflect.NativeMethodAccessorImpl.invoke(NativeMethodAccessorImpl.java:62)
	at sun.reflect.DelegatingMethodAccessorImpl.invoke(DelegatingMethodAccessorImpl.java:43)
	at java.lang.reflect.Method.invoke(Method.java:498)
	at org.junit.runners.model.FrameworkMethod$1.runReflectiveCall(FrameworkMethod.java:44)
	at org.junit.internal.runners.model.ReflectiveCallable.run(ReflectiveCallable.java:15)
	at org.junit.runners.model.FrameworkMethod.invokeExplosively(FrameworkMethod.java:41)
	at junitparams.internal.InvokeParameterisedMethod.evaluate(InvokeParameterisedMethod.java:102)
	at junitparams.internal.ParameterisedTestMethodRunner.runMethodInvoker(ParameterisedTestMethodRunner.java:47)
	at junitparams.internal.ParameterisedTestMethodRunner.runTestMethod(ParameterisedTestMethodRunner.java:41)
	at junitparams.internal.ParameterisedTestClassRunner.runParameterisedTest(ParameterisedTestClassRunner.java:143)
	at junitparams.JUnitParamsRunner.runChild(JUnitParamsRunner.java:237)
	at junitparams.JUnitParamsRunner.runChild(JUnitParamsRunner.java:215)
	at org.junit.runners.ParentRunner$3.run(ParentRunner.java:193)
	at org.junit.runners.ParentRunner$1.schedule(ParentRunner.java:52)
	at org.junit.runners.ParentRunner.runChildren(ParentRunner.java:191)
	at org.junit.runners.ParentRunner.access$000(ParentRunner.java:42)
	at org.junit.runners.ParentRunner$2.evaluate(ParentRunner.java:184)
	at org.junit.internal.runners.statements.RunAfters.evaluate(RunAfters.java:31)
	at org.junit.runners.ParentRunner.run(ParentRunner.java:236)
	at org.junit.runners.Suite.runChild(Suite.java:128)
	at org.junit.runners.Suite.runChild(Suite.java:24)
	at org.junit.runners.ParentRunner$3.run(ParentRunner.java:193)
	at org.junit.runners.ParentRunner$1.schedule(ParentRunner.java:52)
	at org.junit.runners.ParentRunner.runChildren(ParentRunner.java:191)
	at org.junit.runners.ParentRunner.access$000(ParentRunner.java:42)
	at org.junit.runners.ParentRunner$2.evaluate(ParentRunner.java:184)
	at org.junit.runners.ParentRunner.run(ParentRunner.java:236)
	at junit.framework.JUnit4TestAdapter.run(JUnit4TestAdapter.java:39)
	at org.apache.tools.ant.taskdefs.optional.junit.JUnitTestRunner.run(JUnitTestRunner.java:535)
	at org.apache.tools.ant.taskdefs.optional.junit.JUnitTestRunner.launch(JUnitTestRunner.java:1182)
	at org.apache.tools.ant.taskdefs.optional.junit.JUnitTestRunner.main(JUnitTestRunner.java:1033)
Caused by: java.lang.OutOfMemoryError: GC overhead limit exceeded

    while executing
java.lang.InternalError: BMH.reinvoke=Lambda(a0:L/SpeciesData<L>,a1:I,a2:L,a3:I)=>{
    t4:L=Species_L.argL0(a0:L);
    t5:L=MethodHandle.invokeBasic(t4:L,a1:I,a2:L,a3:I);t5:L}
    while executing
"$configuration clone"
    invoked from within
"java::cast ptolemy.kernel.CompositeEntity [$configuration clone]"
    invoked from within
"set cloneConfiguration  [java::cast ptolemy.kernel.CompositeEntity [$configuration clone]]"
    ("uplevel" body line 11)
    invoked from within
"uplevel $contents_of_test"
Warning: capecode/configuration.xml has no 'actor library.Directors'? (this is ok for dsp, viptos)
-------> Before clone


==== $PTII/ptolemy/configs/test/allConfigs.tcl: capecode/configuration.xml-6.1 Test that clone(Workspace) works on a new Actor.  Creating kars in Kepler does this.
==== Contents of test case:

	# In general, if we call getName on a public field in an actor,
	# then the name that is returned should be the same as the name
	# of the field.
	puts "-------> Before clone"
 	set cloneConfiguration [java::cast ptolemy.kernel.CompositeEntity [$configuration clone [java::new ptolemy.kernel.util.Workspace {clonedWorkspace}]]]
	puts "-------> after clone"
	set workspace61 [java::new ptolemy.kernel.util.Workspace "workspace61"]
	set compositeEntity61 [java::new ptolemy.kernel.CompositeEntity $workspace61]
	set workspace61Clone [java::new ptolemy.kernel.util.Workspace "workspace61Clone"]
	set entityList [$configuration allAtomicEntityList]
	set results {}
	for {set iterator [$entityList iterator]}  {[$iterator hasNext] == 1} {} {
	    set entity [$iterator next]
	    if [java::instanceof $entity ptolemy.actor.TypedAtomicActor] {
		set actor [java::cast ptolemy.actor.TypedAtomicActor $entity]
		set className [$actor getClassName]
		# Create a new actor
		set newActor [java::new $className $compositeEntity61 [$compositeEntity61 uniqueName [split $className . ]]]
		# Clone it.
		if [catch {set clonedActor [$newActor clone $workspace61Clone]} errMsg] {
		    lappend $results "Cloning $className failed:\n$errMsg:\n[jdkStackTrace]\n"
		}
		[java::cast ptolemy.kernel.ComponentEntity $clonedActor] setContainer [java::null]
	    }
	}
	[java::cast ptolemy.kernel.CompositeEntity $compositeEntity61] setContainer [java::null]
	$cloneConfiguration setContainer [java::null]
	list $results
    
==== Test generated error:
    while executing
java.lang.OutOfMemoryError: GC overhead limit exceeded

    while executing
java.lang.OutOfMemoryError: GC overhead limit exceeded
    while executing
"$configuration clone [java::new ptolemy.kernel.util.Workspace {clonedWorkspace}]"
    invoked from within
"java::cast ptolemy.kernel.CompositeEntity [$configuration clone [java::new ptolemy.kernel.util.Workspace {clonedWorkspace}]]"
    invoked from within
"set cloneConfiguration [java::cast ptolemy.kernel.CompositeEntity [$configuration clone [java::new ptolemy.kernel.util.Workspace {clonedWorkspace}]]]"
    ("uplevel" body line 6)
    invoked from within
"uplevel $contents_of_test"
 Force everything to get expanded ptolemy/configs/full/configuration.xml
    (Skipping certain optional packages, jxta and viptos)
/home/travis/build/icyphy/ptII/ptolemy/configs/test/allDemos.tcl
Skipping allDemos-1.0, use cd /home/travis/build/icyphy/ptII/ptolemy/configs/test/../../..; ant test.single -Dtest.name=ptolemy.vergil.basic.export.test.junit.ExportModelJUnitTest
/home/travis/build/icyphy/ptII/ptolemy/configs/test/cloneTest.tcl
Simple standalone clone test
The constraints of the master:
  1. (TypeConstant, arrayType(double,2)) <= (variable .Top.Map.origin: arrayType(double))
  2. (TypeConstant, double) <= (variable .Top.Map.resolution: double)
  3. (TypeConstant, {grid = arrayType(int,2), height = int, width = int}) <= (variable .Top.Map.map: {grid = arrayType(int), height = int, width = int})
  4. (port .Top.Map.map: unknown) <= (variable .Top.Map.map: {grid = arrayType(int), height = int, width = int})
  5. (variable .Top.Map.map: {grid = arrayType(int), height = int, width = int}) <= (port .Top.Map.map: unknown)
The constraints of the clone:
  1. (TypeConstant, arrayType(double,2)) <= (variable .Top.Map.origin: arrayType(double))
  2. (TypeConstant, double) <= (variable .Top.Map.resolution: double)
  3. (TypeConstant, {grid = arrayType(int,2), height = int, width = int}) <= (variable .Top.Map.map: {grid = arrayType(int), height = int, width = int})
  4. (port .Top.Map.map: unknown) <= (variable .Top.Map.map: {grid = arrayType(int), height = int, width = int})
  5. (variable .Top.Map.map: {grid = arrayType(int), height = int, width = int}) <= (port .Top.Map.map: unknown)
Congrats, the constraints are the same.
/home/travis/build/icyphy/ptII/ptolemy/configs/test/configTest.tcl
Checking file:/home/travis/build/icyphy/ptII/ptolemy/configs/ptdb/configuration.xml
Expanding the configuration
/home/travis/build/icyphy/ptII/ptolemy/configs/test/missingDemos.tcl
Updating /home/travis/build/icyphy/ptII/ptolemy/configs/test/../../../ptolemy/configs/doc/models.txt.  This could take a minute.


==== $PTII/ptolemy/configs/test/missingDemos.tcl: missingDemos-0.5 Update ptolemy/configs/doc/models.txt
==== Contents of test case:

    puts "Updating $PTII/ptolemy/configs/doc/models.txt.  This could take a minute."
    exec -stderrok make -C ../doc update
    puts "Done updating $PTII/ptolemy/configs/doc/models.txt"
    file exists ../doc/models.txt

==== Test generated error:
make: Entering directory `/home/travis/build/icyphy/ptII/ptolemy/configs/doc'
(cd ../../../ptolemy/configs/capecode; make capecodeModels.txt)
make[1]: Entering directory `/home/travis/build/icyphy/ptII/ptolemy/configs/capecode'
DISPLAY="" "/usr/lib/jvm/java-8-oracle/bin/java" "-Dptolemy.ptII.dir=/home/travis/build/icyphy/ptII" \
		-classpath "../../..::/home/travis/build/icyphy/ptII/ptolemy/actor/ptalon/antlr/antlr.jar::/home/travis/build/icyphy/ptII/lib/jetty-all-8.1.5-v20120716.jar:/home/travis/build/icyphy/ptII/lib/javax.servlet-api-3.0.1.jar:/home/travis/build/icyphy/ptII/lib/smack.jar:/home/travis/build/icyphy/ptII/lib/smackx.jar::/usr/lib/eclipse/plugins/org.eclipse.jdt.core_3.8.2.dist.jar:/usr/lib/eclipse/plugins/org.eclipse.core.runtime_3.8.0.dist.jar:/usr/lib/eclipse/plugins/org.eclipse.osgi_3.8.1.dist.jar:/usr/lib/eclipse/plugins/org.eclipse.core.resources_3.8.1.dist.jar:/usr/lib/eclipse/plugins/org.eclipse.equinox.common_3.6.100.dist.jar:/usr/lib/eclipse/plugins/org.eclipse.core.jobs_3.5.200.dist.jar:/usr/lib/eclipse/plugins/org.eclipse.core.contenttype_3.4.200.dist.jar:/usr/lib/eclipse/plugins/org.eclipse.equinox.preferences_3.5.0.dist.jar:/usr/lib/eclipse/plugins/org.eclipse.text_3.5.200.dist.jar:/usr/lib/eclipse/plugins/org.eclipse.ui.workbench_3.8.1.dist.jar:/usr/lib/eclipse/plugins/org.eclipse.jface_3.8.0.dist.jar:/usr/lib/eclipse/plugins/org.eclipse.swt_3.8.2.jar:/usr/lib/eclipse/plugins/org.eclipse.jface.text_3.8.1.dist.jar:/usr/lib/eclipse/plugins/org.eclipse.ui.workbench.texteditor_3.8.0.dist.jar:/usr/lib/eclipse/plugins/org.eclipse.ui.editors_3.8.0.dist.jar:/usr/lib/eclipse/plugins/org.eclipse.core.commands_3.6.1.dist.jar:/usr/lib/eclipse/plugins/org.eclipse.equinox.registry_3.5.200.dist.jar:/usr/lib/eclipse/plugins/org.eclipse.ui.console_3.5.100.dist.jar:/usr/lib/eclipse/plugins/org.eclipse.ui.forms_3.5.200.dist.jar:/usr/lib/eclipse/plugins/org.eclipse.ui.ide_3.8.1.dist.jar::/usr/lib/eclipse/plugins/org.eclipse.core.commands_3.6.1.dist.jar:/usr/lib/eclipse/plugins/org.eclipse.equinox.registry_3.5.200.dist.jar:/usr/lib/eclipse/plugins/org.eclipse.jface_3.8.0.dist.jar:/usr/lib/eclipse/plugins/org.eclipse.jface.text_3.8.1.dist.jar:/usr/lib/eclipse/plugins/org.eclipse.ui.workbench_3.8.1.dist.jar:/usr/lib/eclipse/plugins/org.eclipse.ui.workbench.texteditor_3.8.0.dist.jar:/usr/lib/eclipse/plugins/org.eclipse.ui.console_3.5.100.dist.jar:/usr/lib/eclipse/plugins/org.eclipse.ui.editors_3.8.0.dist.jar:/usr/lib/eclipse/plugins/org.eclipse.text_3.5.200.dist.jar:/usr/lib/eclipse/plugins/org.eclipse.ui.forms_3.5.200.dist.jar:/usr/lib/eclipse/plugins/org.eclipse.ui.ide_3.8.1.dist.jar:/usr/lib/eclipse/plugins/org.eclipse.swt_3.8.2.jar:/home/travis/build/icyphy/ptII/lib/bsh-2.0b4.jar:/home/travis/build/icyphy/ptII/lib/ptcolt.jar::/home/travis/build/icyphy/ptII/vendors/oracle/dbxml.jar:/home/travis/build/icyphy/ptII/vendors/oracle/db.jar:/home/travis/build/icyphy/ptII/lib/nrjavaserial-3.11.0.devel.jar:/home/travis/build/icyphy/ptII/lib/diva.jar:/home/travis/build/icyphy/ptII/lib/ptCal.jar:/home/travis/build/icyphy/ptII/lib/saxon8.jar:/home/travis/build/icyphy/ptII/lib/saxon8-dom.jar:/home/travis/build/icyphy/ptII/lib/java_cup.jar:/home/travis/build/icyphy/ptII/vendors/jai-1_1_2_01/lib/jai_core.jar:/home/travis/build/icyphy/ptII/vendors/jai-1_1_2_01/lib/jai_codec.jar:/usr/share/java/j3dcore.jar:/usr/share/java/j3dutils.jar:/usr/share/java/vecmath.jar::/home/travis/build/icyphy/ptII/lib/javax.mail.jar::/home/travis/build/icyphy/ptII/lib/jcerti.jar:/home/travis/build/icyphy/ptII/ptolemy/distributed/jini/jar/jini-core.jar:/home/travis/build/icyphy/ptII/ptolemy/distributed/jini/jar/jini-ext.jar:/home/travis/build/icyphy/ptII/vendors/JMF-2.1.1e/lib/jmf.jar:/home/travis/build/icyphy/ptII/lib/jna-4.0.0-variadic.jar::/home/travis/build/icyphy/ptII/vendors/misc/joystick/Joystick.jar:/home/travis/build/icyphy/ptII/lib/jsoup-1.8.2.jar:/home/travis/build/icyphy/ptII/ptolemy/actor/lib/excel/jxl.jar:/home/travis/build/icyphy/ptII/lib/junit-4.8.2.jar:/home/travis/build/icyphy/ptII/lib/JUnitParams-0.4.0.jar:/home/travis/build/icyphy/ptII/lib/jython.jar:/home/travis/build/icyphy/ptII/lib/kieler.jar:/home/travis/build/icyphy/ptII/vendors/opencv/share/OpenCV/java/opencv-341.jar:::/home/travis/build/icyphy/ptII/lib/oscP5.jar:/usr/lib/jvm/java-8-oracle/jre/../lib/tools.jar:/home/travis/build/icyphy/ptII/lib/mapss.jar:/home/travis/build/icyphy/ptII/ptolemy/domains/ptinyos/lib/jdom.jar:/home/travis/build/icyphy/ptII/ptolemy/domains/ptinyos/lib/nesc.jar:/home/travis/build/icyphy/ptII/lib/g4ltl.jar::/home/travis/build/icyphy/ptII/lib/org-openide-util.jar:/home/travis/build/icyphy/ptII/lib/org-openide-util-lookup.jar:/home/travis/build/icyphy/ptII/lib/org-netbeans-api-visual.jar:/home/travis/build/icyphy/ptII/vendors/misc/itext/iText.jar:/home/travis/build/icyphy/ptII/lib/ptjacl.jar:/home/travis/build/icyphy/ptII/lib/jetty-all-8.1.5-v20120716.jar::/home/travis/build/icyphy/ptII/lib/org.eclipse.paho.client.mqttv3.jar::/home/travis/build/icyphy/ptII/lib/JRI.jar:/home/travis/build/icyphy/ptII/lib/commons-lang-2.6.jar:/home/travis/build/icyphy/ptII/lib/commons-logging-1.1.1.jar:/home/travis/build/icyphy/ptII/lib/PDFRenderer.jar:/home/travis/build/icyphy/ptII/lib/protobuf-java-2.4.1.jar:/home/travis/build/icyphy/ptII/lib/slf4j-api-1.7.13.jar:/home/travis/build/icyphy/ptII/lib/slf4j-simple-1.7.13.jar::/home/travis/build/icyphy/ptII/ptserver/lib/hessian-4.0.7.jar:/home/travis/build/icyphy/ptII/lib/jetty-all-8.1.5-v20120716.jar:/home/travis/build/icyphy/ptII/lib/javax.servlet-api-3.0.1.jar:/home/travis/build/icyphy/ptII/ptserver/lib/wmqtt.jar:/home/travis/build/icyphy/ptII/lib/javax.servlet-api-3.0.1.jar::/home/travis/build/icyphy/ptII/vendors/misc/sphinx4/sphinx4-data-5prealpha.jar:/home/travis/build/icyphy/ptII/vendors/misc/sphinx4/sphinx4-core-5prealpha.jar:space/space.jar:/home/travis/build/icyphy/ptII/lib/StructuralCoder.jar:/home/travis/build/icyphy/ptII/lib/svgSalamander.jar:/home/travis/build/icyphy/ptII/lib/rsyntaxtextarea-2.6.0-SNAPSHOT.jar:/home/travis/build/icyphy/ptII/ptolemy/domains/ptinyos/lib/jdom.jar:/home/travis/build/icyphy/ptII/ptolemy/domains/ptinyos/lib/nesc.jar::/home/travis/build/icyphy/ptII/lib/hazelcast-3.8.2.jar:/home/travis/build/icyphy/ptII/lib/jackson-annotations-2.9.0.jar:/home/travis/build/icyphy/ptII/lib/jackson-core-2.9.3.jar:/home/travis/build/icyphy/ptII/lib/jackson-databind-2.9.3.jar:/home/travis/build/icyphy/ptII/lib/netty-buffer-4.1.19.Final.jar:/home/travis/build/icyphy/ptII/lib/netty-codec-4.1.19.Final.jar:/home/travis/build/icyphy/ptII/lib/netty-codec-dns-4.1.19.Final.jar:/home/travis/build/icyphy/ptII/lib/netty-codec-http-4.1.19.Final.jar:/home/travis/build/icyphy/ptII/lib/netty-codec-http2-4.1.19.Final.jar:/home/travis/build/icyphy/ptII/lib/netty-common-4.1.19.Final.jar:/home/travis/build/icyphy/ptII/lib/netty-handler-4.1.19.Final.jar:/home/travis/build/icyphy/ptII/lib/netty-resolver-4.1.19.Final.jar:/home/travis/build/icyphy/ptII/lib/netty-resolver-dns-4.1.19.Final.jar:/home/travis/build/icyphy/ptII/lib/netty-transport-4.1.19.Final.jar:/home/travis/build/icyphy/ptII/lib/vertx-codegen-3.5.1.jar:/home/travis/build/icyphy/ptII/lib/vertx-core-3.5.1.jar:/home/travis/build/icyphy/ptII/lib/vertx-hazelcast-3.5.1.jar:/home/travis/build/icyphy/ptII/lib/vertx-lang-js-3.5.1.jar:/home/travis/build/icyphy/ptII/lib/vertx-service-proxy-3.5.1.jar:/home/travis/build/icyphy/ptII/lib/vertx-web-3.5.1.jar:/home/travis/build/icyphy/ptII/lib/webcam-capture-0.3.12.jar:/home/travis/build/icyphy/ptII/lib/bridj-0.7.0.jar:/home/travis/build/icyphy/ptII/lib/xbjlib-1.1.0.nrjavaserial.jar:/home/travis/build/icyphy/ptII/lib/sootclasses.jar::/usr/lib/jvm/java-8-oracle/jre/lib/rt.jar:/usr/lib/jvm/java-8-oracle/jre/lib/jce.jar" \
		ptolemy.actor.gui.HTMLAbout demonstrations.htm capecodeModels.txt
Printing '.' for regular models, 'P' for models with LiveLinks.
..PJSAccessor: PT_NO_NET environment variable is set, so git pull and ptdoc are not being run.
No physical cameras found, using WebcamDummyDriver.
.P.P.P.P.P...PClipPlayerHelper: failed to instantiate a JFXPanel, which can happen if a graphical display is not present: java.lang.UnsupportedOperationException: Unable to open DISPLAY
.P..P.P...P.....P..P..P.P.P..P..P...P...P.P..P..P...P.P.P.P..P.P..LC_ALL=C sort -f capecodeModels.txt  > capecodeModels.txt.sorted
mv capecodeModels.txt.sorted capecodeModels.txt
make[1]: Leaving directory `/home/travis/build/icyphy/ptII/ptolemy/configs/capecode'
#
# Starting to build models.txt: Thu Apr 26 06:42:14 UTC 2018
#
# See https://chess.eecs.berkeley.edu/ptexternal/wiki/Main/Finalizers for why we set DISPLAY
DISPLAY="" "/usr/lib/jvm/java-8-oracle/bin/java"  -Xmx1500m "-Dptolemy.ptII.dir=/home/travis/build/icyphy/ptII" \
		-classpath "../../..::/home/travis/build/icyphy/ptII/ptolemy/actor/ptalon/antlr/antlr.jar::/home/travis/build/icyphy/ptII/lib/jetty-all-8.1.5-v20120716.jar:/home/travis/build/icyphy/ptII/lib/javax.servlet-api-3.0.1.jar:/home/travis/build/icyphy/ptII/lib/smack.jar:/home/travis/build/icyphy/ptII/lib/smackx.jar::/usr/lib/eclipse/plugins/org.eclipse.jdt.core_3.8.2.dist.jar:/usr/lib/eclipse/plugins/org.eclipse.core.runtime_3.8.0.dist.jar:/usr/lib/eclipse/plugins/org.eclipse.osgi_3.8.1.dist.jar:/usr/lib/eclipse/plugins/org.eclipse.core.resources_3.8.1.dist.jar:/usr/lib/eclipse/plugins/org.eclipse.equinox.common_3.6.100.dist.jar:/usr/lib/eclipse/plugins/org.eclipse.core.jobs_3.5.200.dist.jar:/usr/lib/eclipse/plugins/org.eclipse.core.contenttype_3.4.200.dist.jar:/usr/lib/eclipse/plugins/org.eclipse.equinox.preferences_3.5.0.dist.jar:/usr/lib/eclipse/plugins/org.eclipse.text_3.5.200.dist.jar:/usr/lib/eclipse/plugins/org.eclipse.ui.workbench_3.8.1.dist.jar:/usr/lib/eclipse/plugins/org.eclipse.jface_3.8.0.dist.jar:/usr/lib/eclipse/plugins/org.eclipse.swt_3.8.2.jar:/usr/lib/eclipse/plugins/org.eclipse.jface.text_3.8.1.dist.jar:/usr/lib/eclipse/plugins/org.eclipse.ui.workbench.texteditor_3.8.0.dist.jar:/usr/lib/eclipse/plugins/org.eclipse.ui.editors_3.8.0.dist.jar:/usr/lib/eclipse/plugins/org.eclipse.core.commands_3.6.1.dist.jar:/usr/lib/eclipse/plugins/org.eclipse.equinox.registry_3.5.200.dist.jar:/usr/lib/eclipse/plugins/org.eclipse.ui.console_3.5.100.dist.jar:/usr/lib/eclipse/plugins/org.eclipse.ui.forms_3.5.200.dist.jar:/usr/lib/eclipse/plugins/org.eclipse.ui.ide_3.8.1.dist.jar::/usr/lib/eclipse/plugins/org.eclipse.core.commands_3.6.1.dist.jar:/usr/lib/eclipse/plugins/org.eclipse.equinox.registry_3.5.200.dist.jar:/usr/lib/eclipse/plugins/org.eclipse.jface_3.8.0.dist.jar:/usr/lib/eclipse/plugins/org.eclipse.jface.text_3.8.1.dist.jar:/usr/lib/eclipse/plugins/org.eclipse.ui.workbench_3.8.1.dist.jar:/usr/lib/eclipse/plugins/org.eclipse.ui.workbench.texteditor_3.8.0.dist.jar:/usr/lib/eclipse/plugins/org.eclipse.ui.console_3.5.100.dist.jar:/usr/lib/eclipse/plugins/org.eclipse.ui.editors_3.8.0.dist.jar:/usr/lib/eclipse/plugins/org.eclipse.text_3.5.200.dist.jar:/usr/lib/eclipse/plugins/org.eclipse.ui.forms_3.5.200.dist.jar:/usr/lib/eclipse/plugins/org.eclipse.ui.ide_3.8.1.dist.jar:/usr/lib/eclipse/plugins/org.eclipse.swt_3.8.2.jar:/home/travis/build/icyphy/ptII/lib/bsh-2.0b4.jar:/home/travis/build/icyphy/ptII/lib/ptcolt.jar::/home/travis/build/icyphy/ptII/vendors/oracle/dbxml.jar:/home/travis/build/icyphy/ptII/vendors/oracle/db.jar:/home/travis/build/icyphy/ptII/lib/nrjavaserial-3.11.0.devel.jar:/home/travis/build/icyphy/ptII/lib/diva.jar:/home/travis/build/icyphy/ptII/lib/ptCal.jar:/home/travis/build/icyphy/ptII/lib/saxon8.jar:/home/travis/build/icyphy/ptII/lib/saxon8-dom.jar:/home/travis/build/icyphy/ptII/lib/java_cup.jar:/home/travis/build/icyphy/ptII/vendors/jai-1_1_2_01/lib/jai_core.jar:/home/travis/build/icyphy/ptII/vendors/jai-1_1_2_01/lib/jai_codec.jar:/usr/share/java/j3dcore.jar:/usr/share/java/j3dutils.jar:/usr/share/java/vecmath.jar::/home/travis/build/icyphy/ptII/lib/javax.mail.jar::/home/travis/build/icyphy/ptII/lib/jcerti.jar:/home/travis/build/icyphy/ptII/ptolemy/distributed/jini/jar/jini-core.jar:/home/travis/build/icyphy/ptII/ptolemy/distributed/jini/jar/jini-ext.jar:/home/travis/build/icyphy/ptII/vendors/JMF-2.1.1e/lib/jmf.jar:/home/travis/build/icyphy/ptII/lib/jna-4.0.0-variadic.jar::/home/travis/build/icyphy/ptII/vendors/misc/joystick/Joystick.jar:/home/travis/build/icyphy/ptII/lib/jsoup-1.8.2.jar:/home/travis/build/icyphy/ptII/ptolemy/actor/lib/excel/jxl.jar:/home/travis/build/icyphy/ptII/lib/junit-4.8.2.jar:/home/travis/build/icyphy/ptII/lib/JUnitParams-0.4.0.jar:/home/travis/build/icyphy/ptII/lib/jython.jar:/home/travis/build/icyphy/ptII/lib/kieler.jar:/home/travis/build/icyphy/ptII/vendors/opencv/share/OpenCV/java/opencv-341.jar:::/home/travis/build/icyphy/ptII/lib/oscP5.jar:/usr/lib/jvm/java-8-oracle/jre/../lib/tools.jar:/home/travis/build/icyphy/ptII/lib/mapss.jar:/home/travis/build/icyphy/ptII/ptolemy/domains/ptinyos/lib/jdom.jar:/home/travis/build/icyphy/ptII/ptolemy/domains/ptinyos/lib/nesc.jar:/home/travis/build/icyphy/ptII/lib/g4ltl.jar::/home/travis/build/icyphy/ptII/lib/org-openide-util.jar:/home/travis/build/icyphy/ptII/lib/org-openide-util-lookup.jar:/home/travis/build/icyphy/ptII/lib/org-netbeans-api-visual.jar:/home/travis/build/icyphy/ptII/vendors/misc/itext/iText.jar:/home/travis/build/icyphy/ptII/lib/ptjacl.jar:/home/travis/build/icyphy/ptII/lib/jetty-all-8.1.5-v20120716.jar::/home/travis/build/icyphy/ptII/lib/org.eclipse.paho.client.mqttv3.jar::/home/travis/build/icyphy/ptII/lib/JRI.jar:/home/travis/build/icyphy/ptII/lib/commons-lang-2.6.jar:/home/travis/build/icyphy/ptII/lib/commons-logging-1.1.1.jar:/home/travis/build/icyphy/ptII/lib/PDFRenderer.jar:/home/travis/build/icyphy/ptII/lib/protobuf-java-2.4.1.jar:/home/travis/build/icyphy/ptII/lib/slf4j-api-1.7.13.jar:/home/travis/build/icyphy/ptII/lib/slf4j-simple-1.7.13.jar::/home/travis/build/icyphy/ptII/ptserver/lib/hessian-4.0.7.jar:/home/travis/build/icyphy/ptII/lib/jetty-all-8.1.5-v20120716.jar:/home/travis/build/icyphy/ptII/lib/javax.servlet-api-3.0.1.jar:/home/travis/build/icyphy/ptII/ptserver/lib/wmqtt.jar:/home/travis/build/icyphy/ptII/lib/javax.servlet-api-3.0.1.jar::/home/travis/build/icyphy/ptII/vendors/misc/sphinx4/sphinx4-data-5prealpha.jar:/home/travis/build/icyphy/ptII/vendors/misc/sphinx4/sphinx4-core-5prealpha.jar:space/space.jar:/home/travis/build/icyphy/ptII/lib/StructuralCoder.jar:/home/travis/build/icyphy/ptII/lib/svgSalamander.jar:/home/travis/build/icyphy/ptII/lib/rsyntaxtextarea-2.6.0-SNAPSHOT.jar:/home/travis/build/icyphy/ptII/ptolemy/domains/ptinyos/lib/jdom.jar:/home/travis/build/icyphy/ptII/ptolemy/domains/ptinyos/lib/nesc.jar::/home/travis/build/icyphy/ptII/lib/hazelcast-3.8.2.jar:/home/travis/build/icyphy/ptII/lib/jackson-annotations-2.9.0.jar:/home/travis/build/icyphy/ptII/lib/jackson-core-2.9.3.jar:/home/travis/build/icyphy/ptII/lib/jackson-databind-2.9.3.jar:/home/travis/build/icyphy/ptII/lib/netty-buffer-4.1.19.Final.jar:/home/travis/build/icyphy/ptII/lib/netty-codec-4.1.19.Final.jar:/home/travis/build/icyphy/ptII/lib/netty-codec-dns-4.1.19.Final.jar:/home/travis/build/icyphy/ptII/lib/netty-codec-http-4.1.19.Final.jar:/home/travis/build/icyphy/ptII/lib/netty-codec-http2-4.1.19.Final.jar:/home/travis/build/icyphy/ptII/lib/netty-common-4.1.19.Final.jar:/home/travis/build/icyphy/ptII/lib/netty-handler-4.1.19.Final.jar:/home/travis/build/icyphy/ptII/lib/netty-resolver-4.1.19.Final.jar:/home/travis/build/icyphy/ptII/lib/netty-resolver-dns-4.1.19.Final.jar:/home/travis/build/icyphy/ptII/lib/netty-transport-4.1.19.Final.jar:/home/travis/build/icyphy/ptII/lib/vertx-codegen-3.5.1.jar:/home/travis/build/icyphy/ptII/lib/vertx-core-3.5.1.jar:/home/travis/build/icyphy/ptII/lib/vertx-hazelcast-3.5.1.jar:/home/travis/build/icyphy/ptII/lib/vertx-lang-js-3.5.1.jar:/home/travis/build/icyphy/ptII/lib/vertx-service-proxy-3.5.1.jar:/home/travis/build/icyphy/ptII/lib/vertx-web-3.5.1.jar:/home/travis/build/icyphy/ptII/lib/webcam-capture-0.3.12.jar:/home/travis/build/icyphy/ptII/lib/bridj-0.7.0.jar:/home/travis/build/icyphy/ptII/lib/xbjlib-1.1.0.nrjavaserial.jar:/home/travis/build/icyphy/ptII/lib/sootclasses.jar::/usr/lib/jvm/java-8-oracle/jre/lib/rt.jar:/usr/lib/jvm/java-8-oracle/jre/lib/jce.jar" \
		ptolemy.actor.gui.HTMLAbout 
Printing '.' for regular models, 'P' for models with LiveLinks.
...P...P.......P.......P....P..P............PJSAccessor: PT_NO_NET environment variable is set, so git pull and ptdoc are not being run.
...P...P..P....PNo physical cameras found, using WebcamDummyDriver.
.P.P.........P.P....P....................P..P..PClipPlayerHelper: failed to instantiate a JFXPanel, which can happen if a graphical display is not present: java.lang.UnsupportedOperationException: Unable to open DISPLAY
...P.....P......P......P.........P.....P...P..................P.................P......P....P.P........P.....P..P.....P..P...P....P........P......P..P......P.....P...P.P....P......P....P.P.....P....P......P.P.P...............P.P....P...........P..P...P..P..P.....P.....P.P...................P........P.P..........P.P............P....P..........P.....P.P.P.P............P...P............P...P............P..P....P...............P.........P.....P......P.....P.P..........P.........P.....P.P...P..P....P..P...P....P....P......P........P.........P...P..P..........P....P......P......P............................P..........# Include the models in the ExecDemos directory.
ls -1 /home/travis/build/icyphy/ptII/ptolemy/demo/ExecDemos/Demos/*.xml | sed "s@/home/travis/build/icyphy/ptII@\$CLASSPATH@" >> models.txt
LC_ALL=C sort -f models.txt | uniq > /tmp/models.txt
mv /tmp/models.txt models.txt
#
# Done building models.txt: Thu Apr 26 06:43:54 UTC 2018
#
git commit -m "Master files changed" completeDemosBcvtb.htm completeDemosPtiny.htm completeDemosPtinyKepler.htm demosPtiny.htm demosBcvtb.htm demosPtinyKepler.htm docsBcvtb.htm docsPtdb.htm docsPtiny.htm docsPtinyKepler.htm models.txt
HEAD detached at c0cee0e6
Untracked files:
	../../../META-INF/
	../../../junit8101103006798180095.properties
	../../../junitvmwatcher7325364417110546104.properties
	../../actor/lib/jai/test/auto/PtolemyII.bmp
	../../actor/lib/jai/test/auto/PtolemyII.jpg
	../../actor/lib/jai/test/auto/PtolemyII.pgm
	../../actor/lib/jai/test/auto/PtolemyII.tif
	../../actor/lib/jai/test/auto/file.png

nothing added to commit but untracked files present
rm -f doc.jar
make doc.jar
make[1]: Entering directory `/home/travis/build/icyphy/ptII/ptolemy/configs/doc'
rm -rf ptjar_tmpdir doc.jar
mkdir ptjar_tmpdir
# Copy any class files from this directory
mkdir -p ptjar_tmpdir/ptolemy/configs/doc
cp *.class completeDemosBcvtb.htm completeDemosPtiny.htm completeDemosPtinyKepler.htm demosPtiny.htm demosBcvtb.htm demosPtinyKepler.htm docsBcvtb.htm docsPtdb.htm docsPtiny.htm docsPtinyKepler.htm models.txt basicHelp.htm book.htm ClassesIllustrated.png ClassesIllustrated.xml completeDemos.htm copyright.htm demos.htm docs.htm pt_cover_online.png vergilFsmEditorHelp.htm vergilGraphEditorHelp.htm whatsNew.htm whatsNew3.0.2.htm whatsNew4.0.htm whatsNew5.0.htm whatsNew5.1.htm whatsNew6.0.htm whatsNew7.0.htm whatsNew8.0.htm whatsNew10.0.htm whatsNew11.0.htm ptjar_tmpdir/ptolemy/configs/doc
Creating doc.jar
(cd ptjar_tmpdir; "/usr/lib/jvm/java-8-oracle/bin/jar"  -cvf tmp.jar .)
added manifest
adding: ptolemy/(in = 0) (out= 0)(stored 0%)
adding: ptolemy/configs/(in = 0) (out= 0)(stored 0%)
adding: ptolemy/configs/doc/(in = 0) (out= 0)(stored 0%)
adding: ptolemy/configs/doc/completeDemos.htm(in = 115482) (out= 20211)(deflated 82%)
adding: ptolemy/configs/doc/basicHelp.htm(in = 2016) (out= 890)(deflated 55%)
adding: ptolemy/configs/doc/ClassesIllustrated.png(in = 68676) (out= 67144)(deflated 2%)
adding: ptolemy/configs/doc/copyright.htm(in = 872094) (out= 205308)(deflated 76%)
adding: ptolemy/configs/doc/completeDemosPtiny.htm(in = 27435) (out= 5853)(deflated 78%)
adding: ptolemy/configs/doc/demosBcvtb.htm(in = 10834) (out= 3829)(deflated 64%)
adding: ptolemy/configs/doc/docs.htm(in = 2442) (out= 959)(deflated 60%)
adding: ptolemy/configs/doc/whatsNew11.0.htm(in = 5055) (out= 1763)(deflated 65%)
adding: ptolemy/configs/doc/whatsNew5.0.htm(in = 23108) (out= 6211)(deflated 73%)
adding: ptolemy/configs/doc/docsBcvtb.htm(in = 2819) (out= 1084)(deflated 61%)
adding: ptolemy/configs/doc/docsPtdb.htm(in = 2658) (out= 1077)(deflated 59%)
adding: ptolemy/configs/doc/whatsNew7.0.htm(in = 24218) (out= 7892)(deflated 67%)
adding: ptolemy/configs/doc/models.txt(in = 55526) (out= 7600)(deflated 86%)
adding: ptolemy/configs/doc/completeDemosBcvtb.htm(in = 13678) (out= 3481)(deflated 74%)
adding: ptolemy/configs/doc/vergilFsmEditorHelp.htm(in = 621) (out= 361)(deflated 41%)
adding: ptolemy/configs/doc/pt_cover_online.png(in = 138106) (out= 138151)(deflated 0%)
adding: ptolemy/configs/doc/docsPtiny.htm(in = 2658) (out= 1077)(deflated 59%)
adding: ptolemy/configs/doc/demosPtiny.htm(in = 21242) (out= 6808)(deflated 67%)
adding: ptolemy/configs/doc/demosPtinyKepler.htm(in = 15279) (out= 5172)(deflated 66%)
adding: ptolemy/configs/doc/whatsNew5.1.htm(in = 3412) (out= 1339)(deflated 60%)
adding: ptolemy/configs/doc/docsPtinyKepler.htm(in = 2507) (out= 963)(deflated 61%)
adding: ptolemy/configs/doc/book.htm(in = 2553) (out= 1017)(deflated 60%)
adding: ptolemy/configs/doc/whatsNew8.0.htm(in = 53219) (out= 13709)(deflated 74%)
adding: ptolemy/configs/doc/whatsNew.htm(in = 712) (out= 298)(deflated 58%)
adding: ptolemy/configs/doc/vergilGraphEditorHelp.htm(in = 3278) (out= 1204)(deflated 63%)
adding: ptolemy/configs/doc/whatsNew6.0.htm(in = 20237) (out= 6560)(deflated 67%)
adding: ptolemy/configs/doc/whatsNew4.0.htm(in = 25979) (out= 6381)(deflated 75%)
adding: ptolemy/configs/doc/demos.htm(in = 38256) (out= 11334)(deflated 70%)
adding: ptolemy/configs/doc/whatsNew3.0.2.htm(in = 3199) (out= 1135)(deflated 64%)
adding: ptolemy/configs/doc/ClassesIllustrated.xml(in = 16565) (out= 2158)(deflated 86%)
adding: ptolemy/configs/doc/whatsNew10.0.htm(in = 55082) (out= 12449)(deflated 77%)
adding: ptolemy/configs/doc/completeDemosPtinyKepler.htm(in = 22350) (out= 4906)(deflated 78%)
mv ptjar_tmpdir/tmp.jar doc.jar
"/usr/lib/jvm/java-8-oracle/bin/jar"  -i doc.jar
rm -rf ptjar_tmpdir
make[1]: Leaving directory `/home/travis/build/icyphy/ptII/ptolemy/configs/doc'
# The first commit will change completeDemosPtiny.htm, which will cause completeDemosBcvtb.htm to be updated
if [ -d /home/travis/build/icyphy/ptII/.git ]; then \
		echo "Committing changes to completeDemosBcvtb.htm completeDemosPtiny.htm completeDemosPtinyKepler.htm demosPtiny.htm demosBcvtb.htm demosPtinyKepler.htm docsBcvtb.htm docsPtdb.htm docsPtiny.htm docsPtinyKepler.htm models.txt"; \
		git commit -m "Master files changed" completeDemosBcvtb.htm completeDemosPtiny.htm completeDemosPtinyKepler.htm demosPtiny.htm demosBcvtb.htm demosPtinyKepler.htm docsBcvtb.htm docsPtdb.htm docsPtiny.htm docsPtinyKepler.htm models.txt; \
		git push; \
        else \
		echo "No /home/travis/build/icyphy/ptII/.git/ directory, so completeDemosBcvtb.htm completeDemosPtiny.htm completeDemosPtinyKepler.htm demosPtiny.htm demosBcvtb.htm demosPtinyKepler.htm docsBcvtb.htm docsPtdb.htm docsPtiny.htm docsPtinyKepler.htm models.txt are not being committed."; \
		echo "This only a problem if the ptII tree is supposed to be under Subversion."; \
        fi
Committing changes to completeDemosBcvtb.htm completeDemosPtiny.htm completeDemosPtinyKepler.htm demosPtiny.htm demosBcvtb.htm demosPtinyKepler.htm docsBcvtb.htm docsPtdb.htm docsPtiny.htm docsPtinyKepler.htm models.txt
HEAD detached at c0cee0e6
Untracked files:
	../../../META-INF/
	../../../junit8101103006798180095.properties
	../../../junitvmwatcher7325364417110546104.properties
	../../actor/lib/jai/test/auto/PtolemyII.bmp
	../../actor/lib/jai/test/auto/PtolemyII.jpg
	../../actor/lib/jai/test/auto/PtolemyII.pgm
	../../actor/lib/jai/test/auto/PtolemyII.tif
	../../actor/lib/jai/test/auto/file.png

nothing added to commit but untracked files present
make: Leaving directory `/home/travis/build/icyphy/ptII/ptolemy/configs/doc'
[main] INFO com.github.sarxos.webcam.Webcam - WebcamDefaultDriver capture driver will be used
libdc1394 error: Failed to initialize libdc1394
libdc1394 error: Failed to initialize libdc1394
[main] INFO com.github.sarxos.webcam.Webcam - WebcamDefaultDriver capture driver will be used
make: [update] Error 1 (ignored)
cp: cannot stat ‘*.class’: No such file or directory
make[1]: [doc.jar] Error 1 (ignored)
fatal: You are not currently on a branch.
To push the history leading to the current (detached HEAD)
state now, use

    git push origin HEAD:<name-of-remote-branch>

make: *** [update] Error 128
    while executing
"exec -stderrok make -C ../doc update"
    ("uplevel" body line 3)
    invoked from within
"uplevel $contents_of_test"
Stderr for 'make -C ../doc missingDemos' was
--start--

--end--
Stderr for '/home/travis/build/icyphy/ptII/ptolemy/configs/test/../../../ptolemy/configs/test/missingDemos' was
--start--
/home/travis/build/icyphy/ptII/ptolemy/configs/test/../../../ptolemy/configs/test/missingDemos: 45: /home/travis/build/icyphy/ptII/ptolemy/configs/test/../../../ptolemy/configs/test/missingDemos: Syntax error: Bad fd number
--end--


==== $PTII/ptolemy/configs/test/missingDemos.tcl: missingDemos-2.0 Run the missingDemos script.
==== Contents of test case:

    jdkCaptureOutAndErr {
	# In the installer, missingDemos might not be executable.
	exec chmod a+x $PTII/ptolemy/configs/test/missingDemos
        exec $PTII/ptolemy/configs/test/missingDemos
    } out err
    puts "Stderr for '$PTII/ptolemy/configs/test/missingDemos' was\n--start--\n$err\n--end--"
    regsub -all {make: [^']*'} $err {} err2
    list $out $err2

==== Result was:
{} {/home/travis/build/icyphy/ptII/ptolemy/configs/test/../../../ptolemy/configs/test/missingDemos: 45: /home/travis/build/icyphy/ptII/ptolemy/configs/test/../../../ptolemy/configs/test/missingDemos: Syntax error: Bad fd number}
---- Result should have been:
{} {}
---- missingDemos-2.0 FAILED
/home/travis/build/icyphy/ptII/ptolemy/configs/test/validDemos.tcl
Validating the xml in /auto/ xml files after removing the configure blocks
04/26/18 06:44:40
Failed: 6  Total Tests: 60  ((Passed: 54, Newly Passed: 0)  Known Failed: 0) /home/travis/build/icyphy/ptII/ptolemy/configs/test
No auto/knownFailedTests/*.xml tests in /home/travis/build/icyphy/ptII/ptolemy/configs/test
No auto/*.xml tests in /home/travis/build/icyphy/ptII/ptolemy/configs/test
AutoTests.java: About to close Vertx.
AutoTests.java: Vertx closed.
No auto/*.xml tests in /home/travis/build/icyphy/ptII/ptolemy/configs/test
AutoTests.java: About to close Vertx.
AutoTests.java: Vertx closed.
]]></system-out>
  <system-err><![CDATA[[main] INFO com.github.sarxos.webcam.Webcam - WebcamDefaultDriver capture driver will be used
java.lang.Exception: Evaluating the Tcl file "/home/travis/build/icyphy/ptII/ptolemy/configs/test/allConfigs.tcl"resulted in a TclException being thrown.
The Tcl errorInfo global variable has the value:
java.lang.OutOfMemoryError: GC overhead limit exceeded
    while executing
"$parser {parse java.net.URL java.net.URL} $URL $URL"
    invoked from within
"set object [$parser {parse java.net.URL java.net.URL} $URL $URL]"
    ("foreach" body line 73)
    invoked from within
"foreach i $configs {

    
    if {[regexp "jxta/" $i] == 1} {
	puts "Skipping $i, running vergil -jxta brings up a window"
	continue
    }

    if {[..."
    (file "/home/travis/build/icyphy/ptII/ptolemy/configs/test/allConfigs.tcl" line 157)
	at ptolemy.util.test.junit.TclTests.RunTclFile(TclTests.java:253)
	at sun.reflect.NativeMethodAccessorImpl.invoke0(Native Method)
	at sun.reflect.NativeMethodAccessorImpl.invoke(NativeMethodAccessorImpl.java:62)
	at sun.reflect.DelegatingMethodAccessorImpl.invoke(DelegatingMethodAccessorImpl.java:43)
	at java.lang.reflect.Method.invoke(Method.java:498)
	at org.junit.runners.model.FrameworkMethod$1.runReflectiveCall(FrameworkMethod.java:44)
	at org.junit.internal.runners.model.ReflectiveCallable.run(ReflectiveCallable.java:15)
	at org.junit.runners.model.FrameworkMethod.invokeExplosively(FrameworkMethod.java:41)
	at junitparams.internal.InvokeParameterisedMethod.evaluate(InvokeParameterisedMethod.java:102)
	at junitparams.internal.ParameterisedTestMethodRunner.runMethodInvoker(ParameterisedTestMethodRunner.java:47)
	at junitparams.internal.ParameterisedTestMethodRunner.runTestMethod(ParameterisedTestMethodRunner.java:41)
	at junitparams.internal.ParameterisedTestClassRunner.runParameterisedTest(ParameterisedTestClassRunner.java:143)
	at junitparams.JUnitParamsRunner.runChild(JUnitParamsRunner.java:237)
	at junitparams.JUnitParamsRunner.runChild(JUnitParamsRunner.java:215)
	at org.junit.runners.ParentRunner$3.run(ParentRunner.java:193)
	at org.junit.runners.ParentRunner$1.schedule(ParentRunner.java:52)
	at org.junit.runners.ParentRunner.runChildren(ParentRunner.java:191)
	at org.junit.runners.ParentRunner.access$000(ParentRunner.java:42)
	at org.junit.runners.ParentRunner$2.evaluate(ParentRunner.java:184)
	at org.junit.internal.runners.statements.RunAfters.evaluate(RunAfters.java:31)
	at org.junit.runners.ParentRunner.run(ParentRunner.java:236)
	at org.junit.runners.Suite.runChild(Suite.java:128)
	at org.junit.runners.Suite.runChild(Suite.java:24)
	at org.junit.runners.ParentRunner$3.run(ParentRunner.java:193)
	at org.junit.runners.ParentRunner$1.schedule(ParentRunner.java:52)
	at org.junit.runners.ParentRunner.runChildren(ParentRunner.java:191)
	at org.junit.runners.ParentRunner.access$000(ParentRunner.java:42)
	at org.junit.runners.ParentRunner$2.evaluate(ParentRunner.java:184)
	at org.junit.runners.ParentRunner.run(ParentRunner.java:236)
	at junit.framework.JUnit4TestAdapter.run(JUnit4TestAdapter.java:39)
	at org.apache.tools.ant.taskdefs.optional.junit.JUnitTestRunner.run(JUnitTestRunner.java:535)
	at org.apache.tools.ant.taskdefs.optional.junit.JUnitTestRunner.launch(JUnitTestRunner.java:1182)
	at org.apache.tools.ant.taskdefs.optional.junit.JUnitTestRunner.main(JUnitTestRunner.java:1033)
java.lang.Exception: Evaluating the Tcl file "/home/travis/build/icyphy/ptII/ptolemy/configs/test/configTest.tcl"resulted in a TclException being thrown.
The Tcl errorInfo global variable has the value:
java.lang.OutOfMemoryError: GC overhead limit exceeded
    while executing
"$configuration description"
    (file "/home/travis/build/icyphy/ptII/ptolemy/configs/test/configTest.tcl" line 55)
	at ptolemy.util.test.junit.TclTests.RunTclFile(TclTests.java:253)
	at sun.reflect.NativeMethodAccessorImpl.invoke0(Native Method)
	at sun.reflect.NativeMethodAccessorImpl.invoke(NativeMethodAccessorImpl.java:62)
	at sun.reflect.DelegatingMethodAccessorImpl.invoke(DelegatingMethodAccessorImpl.java:43)
	at java.lang.reflect.Method.invoke(Method.java:498)
	at org.junit.runners.model.FrameworkMethod$1.runReflectiveCall(FrameworkMethod.java:44)
	at org.junit.internal.runners.model.ReflectiveCallable.run(ReflectiveCallable.java:15)
	at org.junit.runners.model.FrameworkMethod.invokeExplosively(FrameworkMethod.java:41)
	at junitparams.internal.InvokeParameterisedMethod.evaluate(InvokeParameterisedMethod.java:102)
	at junitparams.internal.ParameterisedTestMethodRunner.runMethodInvoker(ParameterisedTestMethodRunner.java:47)
	at junitparams.internal.ParameterisedTestMethodRunner.runTestMethod(ParameterisedTestMethodRunner.java:41)
	at junitparams.internal.ParameterisedTestClassRunner.runParameterisedTest(ParameterisedTestClassRunner.java:143)
	at junitparams.JUnitParamsRunner.runChild(JUnitParamsRunner.java:237)
	at junitparams.JUnitParamsRunner.runChild(JUnitParamsRunner.java:215)
	at org.junit.runners.ParentRunner$3.run(ParentRunner.java:193)
	at org.junit.runners.ParentRunner$1.schedule(ParentRunner.java:52)
	at org.junit.runners.ParentRunner.runChildren(ParentRunner.java:191)
	at org.junit.runners.ParentRunner.access$000(ParentRunner.java:42)
	at org.junit.runners.ParentRunner$2.evaluate(ParentRunner.java:184)
	at org.junit.internal.runners.statements.RunAfters.evaluate(RunAfters.java:31)
	at org.junit.runners.ParentRunner.run(ParentRunner.java:236)
	at org.junit.runners.Suite.runChild(Suite.java:128)
	at org.junit.runners.Suite.runChild(Suite.java:24)
	at org.junit.runners.ParentRunner$3.run(ParentRunner.java:193)
	at org.junit.runners.ParentRunner$1.schedule(ParentRunner.java:52)
	at org.junit.runners.ParentRunner.runChildren(ParentRunner.java:191)
	at org.junit.runners.ParentRunner.access$000(ParentRunner.java:42)
	at org.junit.runners.ParentRunner$2.evaluate(ParentRunner.java:184)
	at org.junit.runners.ParentRunner.run(ParentRunner.java:236)
	at junit.framework.JUnit4TestAdapter.run(JUnit4TestAdapter.java:39)
	at org.apache.tools.ant.taskdefs.optional.junit.JUnitTestRunner.run(JUnitTestRunner.java:535)
	at org.apache.tools.ant.taskdefs.optional.junit.JUnitTestRunner.launch(JUnitTestRunner.java:1182)
	at org.apache.tools.ant.taskdefs.optional.junit.JUnitTestRunner.main(JUnitTestRunner.java:1033)
]]></system-err>
</testsuite>
