<?xml version="1.0" encoding="UTF-8" ?>
<testsuite errors="0" failures="0" hostname="travis-job-1713b162-f83d-45d4-8e2d-0aa9be505c35" name="ptolemy.domains.sdf.test.junit.JUnitTclTest" skipped="0" tests="66" time="20.994" timestamp="2018-05-26T01:23:01">
  <properties>
[...]
</properties>
  <testcase classname="ptolemy.util.test.junit.TclTests" name="[0] /home/travis/build/icyphy/ptII/ptolemy/domains/sdf/test/SDFSchedulerErrors.tcl (RunTclFile)" time="0.732" />
  <testcase classname="ptolemy.util.test.junit.TclTests" name="[1] /home/travis/build/icyphy/ptII/ptolemy/domains/sdf/test/composition.tcl (RunTclFile)" time="0.159" />
  <testcase classname="ptolemy.util.test.junit.TclTests" name="[2] /home/travis/build/icyphy/ptII/ptolemy/domains/sdf/test/cycle.tcl (RunTclFile)" time="0.031" />
  <testcase classname="ptolemy.util.test.junit.AutoKnownFailedTests" name="[0] ThereAreNoKnowFailedTests (RunModel)" time="0.0" />
  <testcase classname="ptolemy.util.test.junit.AutoNameArchTests" name="[0] ThereAreNoAutoTests (RunModel)" time="0.01" />
  <testcase classname="ptolemy.util.test.junit.AutoTests" name="[0] /home/travis/build/icyphy/ptII/ptolemy/domains/sdf/test/auto/Array.xml (RunModel)" time="0.145" />
  <testcase classname="ptolemy.util.test.junit.AutoTests" name="[1] /home/travis/build/icyphy/ptII/ptolemy/domains/sdf/test/auto/Butterfly.xml (RunModel)" time="0.105" />
  <testcase classname="ptolemy.util.test.junit.AutoTests" name="[2] /home/travis/build/icyphy/ptII/ptolemy/domains/sdf/test/auto/Expression.xml (RunModel)" time="0.067" />
  <testcase classname="ptolemy.util.test.junit.AutoTests" name="[3] /home/travis/build/icyphy/ptII/ptolemy/domains/sdf/test/auto/Eye.xml (RunModel)" time="0.382" />
  <testcase classname="ptolemy.util.test.junit.AutoTests" name="[4] /home/travis/build/icyphy/ptII/ptolemy/domains/sdf/test/auto/FixFIR.xml (RunModel)" time="0.437" />
  <testcase classname="ptolemy.util.test.junit.AutoTests" name="[5] /home/travis/build/icyphy/ptII/ptolemy/domains/sdf/test/auto/FixPoint.xml (RunModel)" time="0.048" />
  <testcase classname="ptolemy.util.test.junit.AutoTests" name="[6] /home/travis/build/icyphy/ptII/ptolemy/domains/sdf/test/auto/Gravitation.xml (RunModel)" time="3.319" />
  <testcase classname="ptolemy.util.test.junit.AutoTests" name="[7] /home/travis/build/icyphy/ptII/ptolemy/domains/sdf/test/auto/GravitationWithCollisionDetection.xml (RunModel)" time="6.859" />
  <testcase classname="ptolemy.util.test.junit.AutoTests" name="[8] /home/travis/build/icyphy/ptII/ptolemy/domains/sdf/test/auto/HDF.xml (RunModel)" time="0.169" />
  <testcase classname="ptolemy.util.test.junit.AutoTests" name="[9] /home/travis/build/icyphy/ptII/ptolemy/domains/sdf/test/auto/HDFwithTransientStates.xml (RunModel)" time="0.079" />
  <testcase classname="ptolemy.util.test.junit.AutoTests" name="[10] /home/travis/build/icyphy/ptII/ptolemy/domains/sdf/test/auto/HTVQ.xml (RunModel)" time="1.017" />
  <testcase classname="ptolemy.util.test.junit.AutoTests" name="[11] /home/travis/build/icyphy/ptII/ptolemy/domains/sdf/test/auto/InferInitProduction.xml (RunModel)" time="0.035" />
  <testcase classname="ptolemy.util.test.junit.AutoTests" name="[12] /home/travis/build/icyphy/ptII/ptolemy/domains/sdf/test/auto/InferInitProductionDeeper.xml (RunModel)" time="0.032" />
  <testcase classname="ptolemy.util.test.junit.AutoTests" name="[13] /home/travis/build/icyphy/ptII/ptolemy/domains/sdf/test/auto/LMSAdaptive.xml (RunModel)" time="0.083" />
  <testcase classname="ptolemy.util.test.junit.AutoTests" name="[14] /home/travis/build/icyphy/ptII/ptolemy/domains/sdf/test/auto/LogisticMap.xml (RunModel)" time="0.482" />
  <testcase classname="ptolemy.util.test.junit.AutoTests" name="[15] /home/travis/build/icyphy/ptII/ptolemy/domains/sdf/test/auto/MaximumEntropySpectrum.xml (RunModel)" time="0.289" />
  <testcase classname="ptolemy.util.test.junit.AutoTests" name="[16] /home/travis/build/icyphy/ptII/ptolemy/domains/sdf/test/auto/MultirateSDF.xml (RunModel)" time="0.08" />
  <testcase classname="ptolemy.util.test.junit.AutoTests" name="[17] /home/travis/build/icyphy/ptII/ptolemy/domains/sdf/test/auto/MultirateSDFwithTransientStates.xml (RunModel)" time="0.087" />
  <testcase classname="ptolemy.util.test.junit.AutoTests" name="[18] /home/travis/build/icyphy/ptII/ptolemy/domains/sdf/test/auto/NoisySinewave.xml (RunModel)" time="0.064" />
  <testcase classname="ptolemy.util.test.junit.AutoTests" name="[19] /home/travis/build/icyphy/ptII/ptolemy/domains/sdf/test/auto/Objects.xml (RunModel)" time="0.075" />
  <testcase classname="ptolemy.util.test.junit.AutoTests" name="[20] /home/travis/build/icyphy/ptII/ptolemy/domains/sdf/test/auto/OrthogonalCom.xml (RunModel)" time="0.047" />
  <testcase classname="ptolemy.util.test.junit.AutoTests" name="[21] /home/travis/build/icyphy/ptII/ptolemy/domains/sdf/test/auto/RijndaelEncryption.xml (RunModel)" time="0.567" />
  <testcase classname="ptolemy.util.test.junit.AutoTests" name="[22] /home/travis/build/icyphy/ptII/ptolemy/domains/sdf/test/auto/SDFEmptyIterations.xml (RunModel)" time="0.021" />
  <testcase classname="ptolemy.util.test.junit.AutoTests" name="[23] /home/travis/build/icyphy/ptII/ptolemy/domains/sdf/test/auto/Spectrum.xml (RunModel)" time="0.068" />
  <testcase classname="ptolemy.util.test.junit.AutoTests" name="[24] /home/travis/build/icyphy/ptII/ptolemy/domains/sdf/test/auto/de_inside_sdf.xml (RunModel)" time="0.023" />
  <testcase classname="ptolemy.util.test.junit.AutoTests" name="[25] /home/travis/build/icyphy/ptII/ptolemy/domains/sdf/test/auto/disconnectedHierarchicalSDF.xml (RunModel)" time="0.028" />
  <testcase classname="ptolemy.util.test.junit.AutoTests" name="[26] /home/travis/build/icyphy/ptII/ptolemy/domains/sdf/test/auto/disconnectedSDF.xml (RunModel)" time="0.026" />
  <testcase classname="ptolemy.util.test.junit.AutoTests" name="[27] /home/travis/build/icyphy/ptII/ptolemy/domains/sdf/test/auto/emptyRefinement.xml (RunModel)" time="0.016" />
  <testcase classname="ptolemy.util.test.junit.AutoTests" name="[28] /home/travis/build/icyphy/ptII/ptolemy/domains/sdf/test/auto/filePortParameter.xml (RunModel)" time="0.042" />
  <testcase classname="ptolemy.util.test.junit.AutoTests" name="[29] /home/travis/build/icyphy/ptII/ptolemy/domains/sdf/test/auto/inferRelationWidth1.xml (RunModel)" time="0.014" />
  <testcase classname="ptolemy.util.test.junit.AutoTests" name="[30] /home/travis/build/icyphy/ptII/ptolemy/domains/sdf/test/auto/initProductionInference.xml (RunModel)" time="0.026" />
  <testcase classname="ptolemy.util.test.junit.AutoTests" name="[31] /home/travis/build/icyphy/ptII/ptolemy/domains/sdf/test/auto/relationGroup.xml (RunModel)" time="0.017" />
  <testcase classname="ptolemy.util.test.junit.AutoTests" name="[32] /home/travis/build/icyphy/ptII/ptolemy/domains/sdf/test/auto/relationGroup10.xml (RunModel)" time="0.018" />
  <testcase classname="ptolemy.util.test.junit.AutoTests" name="[33] /home/travis/build/icyphy/ptII/ptolemy/domains/sdf/test/auto/relationGroup11.xml (RunModel)" time="0.017" />
  <testcase classname="ptolemy.util.test.junit.AutoTests" name="[34] /home/travis/build/icyphy/ptII/ptolemy/domains/sdf/test/auto/relationGroup12.xml (RunModel)" time="0.013" />
  <testcase classname="ptolemy.util.test.junit.AutoTests" name="[35] /home/travis/build/icyphy/ptII/ptolemy/domains/sdf/test/auto/relationGroup13.xml (RunModel)" time="0.021" />
  <testcase classname="ptolemy.util.test.junit.AutoTests" name="[36] /home/travis/build/icyphy/ptII/ptolemy/domains/sdf/test/auto/relationGroup14.xml (RunModel)" time="0.018" />
  <testcase classname="ptolemy.util.test.junit.AutoTests" name="[37] /home/travis/build/icyphy/ptII/ptolemy/domains/sdf/test/auto/relationGroup15.xml (RunModel)" time="0.013" />
  <testcase classname="ptolemy.util.test.junit.AutoTests" name="[38] /home/travis/build/icyphy/ptII/ptolemy/domains/sdf/test/auto/relationGroup2.xml (RunModel)" time="0.017" />
  <testcase classname="ptolemy.util.test.junit.AutoTests" name="[39] /home/travis/build/icyphy/ptII/ptolemy/domains/sdf/test/auto/relationGroup3.xml (RunModel)" time="0.009" />
  <testcase classname="ptolemy.util.test.junit.AutoTests" name="[40] /home/travis/build/icyphy/ptII/ptolemy/domains/sdf/test/auto/relationGroup4.xml (RunModel)" time="0.016" />
  <testcase classname="ptolemy.util.test.junit.AutoTests" name="[41] /home/travis/build/icyphy/ptII/ptolemy/domains/sdf/test/auto/relationGroup5.xml (RunModel)" time="0.018" />
  <testcase classname="ptolemy.util.test.junit.AutoTests" name="[42] /home/travis/build/icyphy/ptII/ptolemy/domains/sdf/test/auto/relationGroup6.xml (RunModel)" time="0.024" />
  <testcase classname="ptolemy.util.test.junit.AutoTests" name="[43] /home/travis/build/icyphy/ptII/ptolemy/domains/sdf/test/auto/relationGroup7.xml (RunModel)" time="0.014" />
  <testcase classname="ptolemy.util.test.junit.AutoTests" name="[44] /home/travis/build/icyphy/ptII/ptolemy/domains/sdf/test/auto/relationGroup8.xml (RunModel)" time="0.014" />
  <testcase classname="ptolemy.util.test.junit.AutoTests" name="[45] /home/travis/build/icyphy/ptII/ptolemy/domains/sdf/test/auto/relationGroup9.xml (RunModel)" time="0.024" />
  <testcase classname="ptolemy.util.test.junit.AutoTests" name="[46] /home/travis/build/icyphy/ptII/ptolemy/domains/sdf/test/auto/sdf_inside_de.xml (RunModel)" time="0.06" />
  <testcase classname="ptolemy.util.test.junit.AutoTests" name="[47] /home/travis/build/icyphy/ptII/ptolemy/domains/sdf/test/auto/sdf_inside_pn.xml (RunModel)" time="0.063" />
  <testcase classname="ptolemy.util.test.junit.AutoTests" name="[48] /home/travis/build/icyphy/ptII/ptolemy/domains/sdf/test/auto/sdf_sdf1.xml (RunModel)" time="0.022" />
  <testcase classname="ptolemy.util.test.junit.AutoTests" name="[49] /home/travis/build/icyphy/ptII/ptolemy/domains/sdf/test/auto/test1.xml (RunModel)" time="0.021" />
  <testcase classname="ptolemy.util.test.junit.AutoTests" name="[50] /home/travis/build/icyphy/ptII/ptolemy/domains/sdf/test/auto/time1.xml (RunModel)" time="0.009" />
  <testcase classname="ptolemy.util.test.junit.AutoTests" name="[51] /home/travis/build/icyphy/ptII/ptolemy/domains/sdf/test/auto/time2.xml (RunModel)" time="0.012" />
  <testcase classname="ptolemy.util.test.junit.AutoTests" name="[52] /home/travis/build/icyphy/ptII/ptolemy/domains/sdf/test/auto/time3.xml (RunModel)" time="0.024" />
  <testcase classname="ptolemy.util.test.junit.AutoTests" name="[53] /home/travis/build/icyphy/ptII/ptolemy/domains/sdf/test/auto/time4.xml (RunModel)" time="0.021" />
  <testcase classname="ptolemy.util.test.junit.AutoTests" name="[54] /home/travis/build/icyphy/ptII/ptolemy/domains/sdf/test/auto/time5.xml (RunModel)" time="4.012" />
  <testcase classname="ptolemy.util.test.junit.AutoTests" name="[55] /home/travis/build/icyphy/ptII/ptolemy/domains/sdf/test/auto/typeSystem_Const_Integer_smallest_Type.xml (RunModel)" time="0.048" />
  <testcase classname="ptolemy.util.test.junit.AutoTests" name="[56] /home/travis/build/icyphy/ptII/ptolemy/domains/sdf/test/auto/typeSystem_declared_Inports_OutportTypeException.xml (RunModel)" time="0.016" />
  <testcase classname="ptolemy.util.test.junit.AutoTests" name="[57] /home/travis/build/icyphy/ptII/ptolemy/domains/sdf/test/auto/typeSystem_oneDeclaredInportType_wrongTypeOutport.xml (RunModel)" time="0.017" />
  <testcase classname="ptolemy.util.test.junit.AutoTests" name="[58] /home/travis/build/icyphy/ptII/ptolemy/domains/sdf/test/auto/width.xml (RunModel)" time="0.01" />
  <testcase classname="ptolemy.util.test.junit.AutoTests" name="[59] /home/travis/build/icyphy/ptII/ptolemy/domains/sdf/test/auto/width2.xml (RunModel)" time="0.038" />
  <testcase classname="ptolemy.util.test.junit.AutoTests" name="[60] /home/travis/build/icyphy/ptII/ptolemy/domains/sdf/test/auto/width3.xml (RunModel)" time="0.041" />
  <system-out><![CDATA[/home/travis/build/icyphy/ptII/ptolemy/domains/sdf/test/SDFSchedulerErrors.tcl
testDefs.tcl: setting time out to 9000 seconds at Sat May 26 01:23:01 UTC 2018
18 ms. Memory: 116224K Free: 106965K (92%)
8 ms. Memory: 116224K Free: 99975K (86%)
4 ms. Memory: 116224K Free: 92929K (80%)
3 ms. Memory: 116224K Free: 89853K (77%)
/home/travis/build/icyphy/ptII/ptolemy/domains/sdf/test/composition.tcl
30 ms. Memory: 116224K Free: 86225K (74%)
7 ms. Memory: 116224K Free: 83841K (72%)
/home/travis/build/icyphy/ptII/ptolemy/domains/sdf/test/cycle.tcl
.Toplevel.Director Preinitializing ...
Invoking preinitialize():  .Toplevel.Actor1
Invoking preinitialize():  .Toplevel.Actor2
Invoking preinitialize():  .Toplevel.Delay
.Toplevel.Director Finished preinitialize().
### Schedule:
Execute Schedule{
Fire Actor ptolemy.domains.sdf.kernel.test.SDFTestDelay {.Toplevel.Actor1}
Fire Actor ptolemy.domains.sdf.kernel.test.SDFTestDelay {.Toplevel.Actor2}
Fire Actor ptolemy.domains.sdf.lib.SampleDelay {.Toplevel.Delay}
}
### End schedule
Called initialize().
Invoking initialize():  .Toplevel.Actor1
Initializing actor: .Toplevel.Actor1.
Invoking initialize():  .Toplevel.Actor2
Initializing actor: .Toplevel.Actor2.
Invoking initialize():  .Toplevel.Delay
Initializing actor: .Toplevel.Delay.
Director: Called prefire().
-- Setting current time to 0.0
Director prefire returns true.
The actor .Toplevel.Actor1 will be iterated.
The actor .Toplevel.Actor1 was iterated.
The actor .Toplevel.Actor2 will be iterated.
The actor .Toplevel.Actor2 was iterated.
The actor .Toplevel.Delay will be iterated.
The actor .Toplevel.Delay was iterated.
Director: Called postfire().
Postfire returns: true
Director: Called prefire().
-- Setting current time to 0.0
Director prefire returns true.
The actor .Toplevel.Actor1 will be iterated.
The actor .Toplevel.Actor1 was iterated.
The actor .Toplevel.Actor2 will be iterated.
The actor .Toplevel.Actor2 was iterated.
The actor .Toplevel.Delay will be iterated.
The actor .Toplevel.Delay was iterated.
Director: Called postfire().
Postfire returns: true
Director: Called prefire().
-- Setting current time to 0.0
Director prefire returns true.
The actor .Toplevel.Actor1 will be iterated.
The actor .Toplevel.Actor1 was iterated.
The actor .Toplevel.Actor2 will be iterated.
The actor .Toplevel.Actor2 was iterated.
The actor .Toplevel.Delay will be iterated.
The actor .Toplevel.Delay was iterated.
Director: Called postfire().
Postfire returns: true
Director: Called prefire().
-- Setting current time to 0.0
Director prefire returns true.
The actor .Toplevel.Actor1 will be iterated.
The actor .Toplevel.Actor1 was iterated.
The actor .Toplevel.Actor2 will be iterated.
The actor .Toplevel.Actor2 was iterated.
The actor .Toplevel.Delay will be iterated.
The actor .Toplevel.Delay was iterated.
Director: Called postfire().
Postfire returns: true
Director: Called prefire().
-- Setting current time to 0.0
Director prefire returns true.
The actor .Toplevel.Actor1 will be iterated.
The actor .Toplevel.Actor1 was iterated.
The actor .Toplevel.Actor2 will be iterated.
The actor .Toplevel.Actor2 was iterated.
The actor .Toplevel.Delay will be iterated.
The actor .Toplevel.Delay was iterated.
Director: Called postfire().
Postfire returns: true
Director: Called prefire().
-- Setting current time to 0.0
Director prefire returns true.
The actor .Toplevel.Actor1 will be iterated.
The actor .Toplevel.Actor1 was iterated.
The actor .Toplevel.Actor2 will be iterated.
The actor .Toplevel.Actor2 was iterated.
The actor .Toplevel.Delay will be iterated.
The actor .Toplevel.Delay was iterated.
Reached specified number of iterations: 6
Director: Called wrapup().
7 ms. Memory: 116224K Free: 82065K (71%)
05/26/18 01:23:02
Failed: 0  Total Tests: 8  ((Passed: 8, Newly Passed: 0)  Known Failed: 0) /home/travis/build/icyphy/ptII/ptolemy/domains/sdf/test
No auto/knownFailedTests/*.xml tests in /home/travis/build/icyphy/ptII/ptolemy/domains/sdf/test
No auto/*.xml tests in /home/travis/build/icyphy/ptII/ptolemy/domains/sdf/test
AutoTests.java: About to close Vertx.
AutoTests.java: Vertx closed.
----------------- testing Sat May 26 01:23:02 UTC 2018 /home/travis/build/icyphy/ptII/ptolemy/domains/sdf/test/auto/Array.xml
----------------- Instantiating /home/travis/build/icyphy/ptII/ptolemy/domains/sdf/test/auto/Array.xml
31 ms. Memory: 146944K Free: 102214K (70%)
----------------- Invoking toplevel() on ptolemy.moml.MoMLSimpleApplication@33f8885
----------------- Done invoking toplevel() on ptolemy.moml.MoMLSimpleApplication@33f8885
reloadAllAccessors: .Array
----------------- testing Sat May 26 01:23:02 UTC 2018 /home/travis/build/icyphy/ptII/ptolemy/domains/sdf/test/auto/Butterfly.xml
----------------- Instantiating /home/travis/build/icyphy/ptII/ptolemy/domains/sdf/test/auto/Butterfly.xml
77 ms. Memory: 146944K Free: 96628K (66%)
----------------- Invoking toplevel() on ptolemy.moml.MoMLSimpleApplication@43fad9d4
----------------- Done invoking toplevel() on ptolemy.moml.MoMLSimpleApplication@43fad9d4
reloadAllAccessors: .Butterfly
----------------- testing Sat May 26 01:23:02 UTC 2018 /home/travis/build/icyphy/ptII/ptolemy/domains/sdf/test/auto/Expression.xml
----------------- Instantiating /home/travis/build/icyphy/ptII/ptolemy/domains/sdf/test/auto/Expression.xml
45 ms. Memory: 146944K Free: 91050K (62%)
----------------- Invoking toplevel() on ptolemy.moml.MoMLSimpleApplication@735684f9
----------------- Done invoking toplevel() on ptolemy.moml.MoMLSimpleApplication@735684f9
reloadAllAccessors: .Expression
----------------- testing Sat May 26 01:23:03 UTC 2018 /home/travis/build/icyphy/ptII/ptolemy/domains/sdf/test/auto/Eye.xml
----------------- Instantiating /home/travis/build/icyphy/ptII/ptolemy/domains/sdf/test/auto/Eye.xml
217 ms. Memory: 146944K Free: 121817K (83%)
----------------- Invoking toplevel() on ptolemy.moml.MoMLSimpleApplication@3500b44e
----------------- Done invoking toplevel() on ptolemy.moml.MoMLSimpleApplication@3500b44e
reloadAllAccessors: .Eye
----------------- testing Sat May 26 01:23:03 UTC 2018 /home/travis/build/icyphy/ptII/ptolemy/domains/sdf/test/auto/FixFIR.xml
----------------- Instantiating /home/travis/build/icyphy/ptII/ptolemy/domains/sdf/test/auto/FixFIR.xml
207 ms. Memory: 146944K Free: 83336K (57%)
----------------- Invoking toplevel() on ptolemy.moml.MoMLSimpleApplication@6676994
----------------- Done invoking toplevel() on ptolemy.moml.MoMLSimpleApplication@6676994
reloadAllAccessors: .FixFIR
----------------- testing Sat May 26 01:23:03 UTC 2018 /home/travis/build/icyphy/ptII/ptolemy/domains/sdf/test/auto/FixPoint.xml
----------------- Instantiating /home/travis/build/icyphy/ptII/ptolemy/domains/sdf/test/auto/FixPoint.xml
11 ms. Memory: 146944K Free: 78749K (54%)
----------------- Invoking toplevel() on ptolemy.moml.MoMLSimpleApplication@554793b8
----------------- Done invoking toplevel() on ptolemy.moml.MoMLSimpleApplication@554793b8
reloadAllAccessors: .FixPoint
----------------- testing Sat May 26 01:23:03 UTC 2018 /home/travis/build/icyphy/ptII/ptolemy/domains/sdf/test/auto/Gravitation.xml
----------------- Instantiating /home/travis/build/icyphy/ptII/ptolemy/domains/sdf/test/auto/Gravitation.xml
3182 ms. Memory: 208384K Free: 112833K (54%)
----------------- Invoking toplevel() on ptolemy.moml.MoMLSimpleApplication@3a954ab3
----------------- Done invoking toplevel() on ptolemy.moml.MoMLSimpleApplication@3a954ab3
reloadAllAccessors: .Gravitation
----------------- testing Sat May 26 01:23:07 UTC 2018 /home/travis/build/icyphy/ptII/ptolemy/domains/sdf/test/auto/GravitationWithCollisionDetection.xml
----------------- Instantiating /home/travis/build/icyphy/ptII/ptolemy/domains/sdf/test/auto/GravitationWithCollisionDetection.xml
6599 ms. Memory: 873984K Free: 324411K (37%)
----------------- Invoking toplevel() on ptolemy.moml.MoMLSimpleApplication@6d6b3ce9
----------------- Done invoking toplevel() on ptolemy.moml.MoMLSimpleApplication@6d6b3ce9
reloadAllAccessors: .GravitationWithCollisionDetection
----------------- testing Sat May 26 01:23:14 UTC 2018 /home/travis/build/icyphy/ptII/ptolemy/domains/sdf/test/auto/HDF.xml
----------------- Instantiating /home/travis/build/icyphy/ptII/ptolemy/domains/sdf/test/auto/HDF.xml
48 ms. Memory: 873984K Free: 292949K (34%)
----------------- Invoking toplevel() on ptolemy.moml.MoMLSimpleApplication@6bd91764
----------------- Done invoking toplevel() on ptolemy.moml.MoMLSimpleApplication@6bd91764
reloadAllAccessors: .HDF
----------------- testing Sat May 26 01:23:14 UTC 2018 /home/travis/build/icyphy/ptII/ptolemy/domains/sdf/test/auto/HDFwithTransientStates.xml
----------------- Instantiating /home/travis/build/icyphy/ptII/ptolemy/domains/sdf/test/auto/HDFwithTransientStates.xml
20 ms. Memory: 873984K Free: 269355K (31%)
----------------- Invoking toplevel() on ptolemy.moml.MoMLSimpleApplication@7b620778
----------------- Done invoking toplevel() on ptolemy.moml.MoMLSimpleApplication@7b620778
reloadAllAccessors: .HDFwithTransientStates
----------------- testing Sat May 26 01:23:14 UTC 2018 /home/travis/build/icyphy/ptII/ptolemy/domains/sdf/test/auto/HTVQ.xml
----------------- Instantiating /home/travis/build/icyphy/ptII/ptolemy/domains/sdf/test/auto/HTVQ.xml
972 ms. Memory: 873984K Free: 96435K (11%)
----------------- Invoking toplevel() on ptolemy.moml.MoMLSimpleApplication@3e12730
----------------- Done invoking toplevel() on ptolemy.moml.MoMLSimpleApplication@3e12730
reloadAllAccessors: .HTVQ
----------------- testing Sat May 26 01:23:15 UTC 2018 /home/travis/build/icyphy/ptII/ptolemy/domains/sdf/test/auto/InferInitProduction.xml
----------------- Instantiating /home/travis/build/icyphy/ptII/ptolemy/domains/sdf/test/auto/InferInitProduction.xml
10 ms. Memory: 873984K Free: 80717K (9%)
----------------- Invoking toplevel() on ptolemy.moml.MoMLSimpleApplication@393231e9
----------------- Done invoking toplevel() on ptolemy.moml.MoMLSimpleApplication@393231e9
reloadAllAccessors: .InferInitProduction
----------------- testing Sat May 26 01:23:15 UTC 2018 /home/travis/build/icyphy/ptII/ptolemy/domains/sdf/test/auto/InferInitProductionDeeper.xml
----------------- Instantiating /home/travis/build/icyphy/ptII/ptolemy/domains/sdf/test/auto/InferInitProductionDeeper.xml
5 ms. Memory: 874496K Free: 851246K (97%)
----------------- Invoking toplevel() on ptolemy.moml.MoMLSimpleApplication@50ddfc12
----------------- Done invoking toplevel() on ptolemy.moml.MoMLSimpleApplication@50ddfc12
reloadAllAccessors: .InferInitProductionDeeper
----------------- testing Sat May 26 01:23:15 UTC 2018 /home/travis/build/icyphy/ptII/ptolemy/domains/sdf/test/auto/LMSAdaptive.xml
----------------- Instantiating /home/travis/build/icyphy/ptII/ptolemy/domains/sdf/test/auto/LMSAdaptive.xml
15 ms. Memory: 874496K Free: 825255K (94%)
----------------- Invoking toplevel() on ptolemy.moml.MoMLSimpleApplication@2ed3e997
----------------- Done invoking toplevel() on ptolemy.moml.MoMLSimpleApplication@2ed3e997
reloadAllAccessors: .LMSAdaptive
----------------- testing Sat May 26 01:23:15 UTC 2018 /home/travis/build/icyphy/ptII/ptolemy/domains/sdf/test/auto/LogisticMap.xml
----------------- Instantiating /home/travis/build/icyphy/ptII/ptolemy/domains/sdf/test/auto/LogisticMap.xml
447 ms. Memory: 874496K Free: 809537K (93%)
----------------- Invoking toplevel() on ptolemy.moml.MoMLSimpleApplication@7d3277da
----------------- Done invoking toplevel() on ptolemy.moml.MoMLSimpleApplication@7d3277da
reloadAllAccessors: .LogisticMap
----------------- testing Sat May 26 01:23:15 UTC 2018 /home/travis/build/icyphy/ptII/ptolemy/domains/sdf/test/auto/MaximumEntropySpectrum.xml
----------------- Instantiating /home/travis/build/icyphy/ptII/ptolemy/domains/sdf/test/auto/MaximumEntropySpectrum.xml
72 ms. Memory: 874496K Free: 730904K (84%)
----------------- Invoking toplevel() on ptolemy.moml.MoMLSimpleApplication@349eb94a
----------------- Done invoking toplevel() on ptolemy.moml.MoMLSimpleApplication@349eb94a
reloadAllAccessors: .MaximumEntropySpectrum
----------------- testing Sat May 26 01:23:16 UTC 2018 /home/travis/build/icyphy/ptII/ptolemy/domains/sdf/test/auto/MultirateSDF.xml
----------------- Instantiating /home/travis/build/icyphy/ptII/ptolemy/domains/sdf/test/auto/MultirateSDF.xml
19 ms. Memory: 874496K Free: 707311K (81%)
----------------- Invoking toplevel() on ptolemy.moml.MoMLSimpleApplication@13606038
----------------- Done invoking toplevel() on ptolemy.moml.MoMLSimpleApplication@13606038
reloadAllAccessors: .MultirateSDF
----------------- testing Sat May 26 01:23:16 UTC 2018 /home/travis/build/icyphy/ptII/ptolemy/domains/sdf/test/auto/MultirateSDFwithTransientStates.xml
----------------- Instantiating /home/travis/build/icyphy/ptII/ptolemy/domains/sdf/test/auto/MultirateSDFwithTransientStates.xml
19 ms. Memory: 874496K Free: 683717K (78%)
----------------- Invoking toplevel() on ptolemy.moml.MoMLSimpleApplication@ac7cb65
----------------- Done invoking toplevel() on ptolemy.moml.MoMLSimpleApplication@ac7cb65
reloadAllAccessors: .MultirateSDFwithTransientStates
----------------- testing Sat May 26 01:23:16 UTC 2018 /home/travis/build/icyphy/ptII/ptolemy/domains/sdf/test/auto/NoisySinewave.xml
----------------- Instantiating /home/travis/build/icyphy/ptII/ptolemy/domains/sdf/test/auto/NoisySinewave.xml
13 ms. Memory: 874496K Free: 660123K (75%)
----------------- Invoking toplevel() on ptolemy.moml.MoMLSimpleApplication@6a3c4451
----------------- Done invoking toplevel() on ptolemy.moml.MoMLSimpleApplication@6a3c4451
reloadAllAccessors: .NoisySinewave
----------------- testing Sat May 26 01:23:16 UTC 2018 /home/travis/build/icyphy/ptII/ptolemy/domains/sdf/test/auto/Objects.xml
----------------- Instantiating /home/travis/build/icyphy/ptII/ptolemy/domains/sdf/test/auto/Objects.xml
2 ms. Memory: 874496K Free: 634518K (73%)
----------------- Invoking toplevel() on ptolemy.moml.MoMLSimpleApplication@7eef76cc
----------------- Done invoking toplevel() on ptolemy.moml.MoMLSimpleApplication@7eef76cc
reloadAllAccessors: .Objects
----------------- testing Sat May 26 01:23:16 UTC 2018 /home/travis/build/icyphy/ptII/ptolemy/domains/sdf/test/auto/OrthogonalCom.xml
----------------- Instantiating /home/travis/build/icyphy/ptII/ptolemy/domains/sdf/test/auto/OrthogonalCom.xml
6 ms. Memory: 874496K Free: 618799K (71%)
----------------- Invoking toplevel() on ptolemy.moml.MoMLSimpleApplication@2c72c876
----------------- Done invoking toplevel() on ptolemy.moml.MoMLSimpleApplication@2c72c876
reloadAllAccessors: .OrthogonalCom
----------------- testing Sat May 26 01:23:16 UTC 2018 /home/travis/build/icyphy/ptII/ptolemy/domains/sdf/test/auto/RijndaelEncryption.xml
----------------- Instantiating /home/travis/build/icyphy/ptII/ptolemy/domains/sdf/test/auto/RijndaelEncryption.xml
248 ms. Memory: 874496K Free: 453635K (52%)
----------------- Invoking toplevel() on ptolemy.moml.MoMLSimpleApplication@256bd13f
----------------- Done invoking toplevel() on ptolemy.moml.MoMLSimpleApplication@256bd13f
reloadAllAccessors: .RijndaelEncryption
----------------- testing Sat May 26 01:23:17 UTC 2018 /home/travis/build/icyphy/ptII/ptolemy/domains/sdf/test/auto/SDFEmptyIterations.xml
----------------- Instantiating /home/travis/build/icyphy/ptII/ptolemy/domains/sdf/test/auto/SDFEmptyIterations.xml
12 ms. Memory: 874496K Free: 437917K (50%)
----------------- Invoking toplevel() on ptolemy.moml.MoMLSimpleApplication@a57d524
----------------- Done invoking toplevel() on ptolemy.moml.MoMLSimpleApplication@a57d524
reloadAllAccessors: .SDFEmptyIterations
----------------- testing Sat May 26 01:23:17 UTC 2018 /home/travis/build/icyphy/ptII/ptolemy/domains/sdf/test/auto/Spectrum.xml
----------------- Instantiating /home/travis/build/icyphy/ptII/ptolemy/domains/sdf/test/auto/Spectrum.xml
28 ms. Memory: 874496K Free: 414339K (47%)
----------------- Invoking toplevel() on ptolemy.moml.MoMLSimpleApplication@50bb6b78
----------------- Done invoking toplevel() on ptolemy.moml.MoMLSimpleApplication@50bb6b78
reloadAllAccessors: .Spectrum
----------------- testing Sat May 26 01:23:17 UTC 2018 /home/travis/build/icyphy/ptII/ptolemy/domains/sdf/test/auto/de_inside_sdf.xml
----------------- Instantiating /home/travis/build/icyphy/ptII/ptolemy/domains/sdf/test/auto/de_inside_sdf.xml
5 ms. Memory: 874496K Free: 398620K (46%)
----------------- Invoking toplevel() on ptolemy.moml.MoMLSimpleApplication@33378c3c
----------------- Done invoking toplevel() on ptolemy.moml.MoMLSimpleApplication@33378c3c
reloadAllAccessors: .de_inside_sdf
----------------- testing Sat May 26 01:23:17 UTC 2018 /home/travis/build/icyphy/ptII/ptolemy/domains/sdf/test/auto/disconnectedHierarchicalSDF.xml
----------------- Instantiating /home/travis/build/icyphy/ptII/ptolemy/domains/sdf/test/auto/disconnectedHierarchicalSDF.xml
6 ms. Memory: 874496K Free: 380890K (44%)
----------------- Invoking toplevel() on ptolemy.moml.MoMLSimpleApplication@1a76287d
----------------- Done invoking toplevel() on ptolemy.moml.MoMLSimpleApplication@1a76287d
reloadAllAccessors: .disconnectedHierarchicalSDF
----------------- testing Sat May 26 01:23:17 UTC 2018 /home/travis/build/icyphy/ptII/ptolemy/domains/sdf/test/auto/disconnectedSDF.xml
----------------- Instantiating /home/travis/build/icyphy/ptII/ptolemy/domains/sdf/test/auto/disconnectedSDF.xml
3 ms. Memory: 874496K Free: 365171K (42%)
----------------- Invoking toplevel() on ptolemy.moml.MoMLSimpleApplication@2e958db2
----------------- Done invoking toplevel() on ptolemy.moml.MoMLSimpleApplication@2e958db2
reloadAllAccessors: .disconnectedSDF
----------------- testing Sat May 26 01:23:17 UTC 2018 /home/travis/build/icyphy/ptII/ptolemy/domains/sdf/test/auto/emptyRefinement.xml
----------------- Instantiating /home/travis/build/icyphy/ptII/ptolemy/domains/sdf/test/auto/emptyRefinement.xml
4 ms. Memory: 874496K Free: 349453K (40%)
----------------- Invoking toplevel() on ptolemy.moml.MoMLSimpleApplication@40e5a87f
----------------- Done invoking toplevel() on ptolemy.moml.MoMLSimpleApplication@40e5a87f
reloadAllAccessors: .emptyRefinement
----------------- testing Sat May 26 01:23:17 UTC 2018 /home/travis/build/icyphy/ptII/ptolemy/domains/sdf/test/auto/filePortParameter.xml
----------------- Instantiating /home/travis/build/icyphy/ptII/ptolemy/domains/sdf/test/auto/filePortParameter.xml
11 ms. Memory: 874496K Free: 333734K (38%)
----------------- Invoking toplevel() on ptolemy.moml.MoMLSimpleApplication@4be31f29
----------------- Done invoking toplevel() on ptolemy.moml.MoMLSimpleApplication@4be31f29
reloadAllAccessors: .filePortParameter
----------------- testing Sat May 26 01:23:17 UTC 2018 /home/travis/build/icyphy/ptII/ptolemy/domains/sdf/test/auto/inferRelationWidth1.xml
----------------- Instantiating /home/travis/build/icyphy/ptII/ptolemy/domains/sdf/test/auto/inferRelationWidth1.xml
3 ms. Memory: 874496K Free: 318016K (36%)
----------------- Invoking toplevel() on ptolemy.moml.MoMLSimpleApplication@58caa6d0
----------------- Done invoking toplevel() on ptolemy.moml.MoMLSimpleApplication@58caa6d0
reloadAllAccessors: .inferRelationWidth1
----------------- testing Sat May 26 01:23:17 UTC 2018 /home/travis/build/icyphy/ptII/ptolemy/domains/sdf/test/auto/initProductionInference.xml
----------------- Instantiating /home/travis/build/icyphy/ptII/ptolemy/domains/sdf/test/auto/initProductionInference.xml
8 ms. Memory: 874496K Free: 302297K (35%)
----------------- Invoking toplevel() on ptolemy.moml.MoMLSimpleApplication@2daae784
----------------- Done invoking toplevel() on ptolemy.moml.MoMLSimpleApplication@2daae784
reloadAllAccessors: .initProductionInference
----------------- testing Sat May 26 01:23:17 UTC 2018 /home/travis/build/icyphy/ptII/ptolemy/domains/sdf/test/auto/relationGroup.xml
----------------- Instantiating /home/travis/build/icyphy/ptII/ptolemy/domains/sdf/test/auto/relationGroup.xml
4 ms. Memory: 874496K Free: 284567K (33%)
----------------- Invoking toplevel() on ptolemy.moml.MoMLSimpleApplication@3a3e06cc
----------------- Done invoking toplevel() on ptolemy.moml.MoMLSimpleApplication@3a3e06cc
reloadAllAccessors: .relationGroup
----------------- testing Sat May 26 01:23:17 UTC 2018 /home/travis/build/icyphy/ptII/ptolemy/domains/sdf/test/auto/relationGroup10.xml
----------------- Instantiating /home/travis/build/icyphy/ptII/ptolemy/domains/sdf/test/auto/relationGroup10.xml
3 ms. Memory: 874496K Free: 268848K (31%)
----------------- Invoking toplevel() on ptolemy.moml.MoMLSimpleApplication@753e8e92
----------------- Done invoking toplevel() on ptolemy.moml.MoMLSimpleApplication@753e8e92
reloadAllAccessors: .relationGroup10
----------------- testing Sat May 26 01:23:17 UTC 2018 /home/travis/build/icyphy/ptII/ptolemy/domains/sdf/test/auto/relationGroup11.xml
----------------- Instantiating /home/travis/build/icyphy/ptII/ptolemy/domains/sdf/test/auto/relationGroup11.xml
3 ms. Memory: 874496K Free: 253130K (29%)
----------------- Invoking toplevel() on ptolemy.moml.MoMLSimpleApplication@680f20bf
----------------- Done invoking toplevel() on ptolemy.moml.MoMLSimpleApplication@680f20bf
reloadAllAccessors: .relationGroup11
----------------- testing Sat May 26 01:23:17 UTC 2018 /home/travis/build/icyphy/ptII/ptolemy/domains/sdf/test/auto/relationGroup12.xml
----------------- Instantiating /home/travis/build/icyphy/ptII/ptolemy/domains/sdf/test/auto/relationGroup12.xml
3 ms. Memory: 874496K Free: 237411K (27%)
----------------- Invoking toplevel() on ptolemy.moml.MoMLSimpleApplication@243c263d
----------------- Done invoking toplevel() on ptolemy.moml.MoMLSimpleApplication@243c263d
reloadAllAccessors: .relationGroup12
----------------- testing Sat May 26 01:23:17 UTC 2018 /home/travis/build/icyphy/ptII/ptolemy/domains/sdf/test/auto/relationGroup13.xml
----------------- Instantiating /home/travis/build/icyphy/ptII/ptolemy/domains/sdf/test/auto/relationGroup13.xml
6 ms. Memory: 874496K Free: 221693K (25%)
----------------- Invoking toplevel() on ptolemy.moml.MoMLSimpleApplication@6dd22162
----------------- Done invoking toplevel() on ptolemy.moml.MoMLSimpleApplication@6dd22162
reloadAllAccessors: .relationGroup13
----------------- testing Sat May 26 01:23:17 UTC 2018 /home/travis/build/icyphy/ptII/ptolemy/domains/sdf/test/auto/relationGroup14.xml
----------------- Instantiating /home/travis/build/icyphy/ptII/ptolemy/domains/sdf/test/auto/relationGroup14.xml
4 ms. Memory: 874496K Free: 205974K (24%)
----------------- Invoking toplevel() on ptolemy.moml.MoMLSimpleApplication@5c3c49e5
----------------- Done invoking toplevel() on ptolemy.moml.MoMLSimpleApplication@5c3c49e5
reloadAllAccessors: .relationGroup14
----------------- testing Sat May 26 01:23:17 UTC 2018 /home/travis/build/icyphy/ptII/ptolemy/domains/sdf/test/auto/relationGroup15.xml
----------------- Instantiating /home/travis/build/icyphy/ptII/ptolemy/domains/sdf/test/auto/relationGroup15.xml
2 ms. Memory: 874496K Free: 188244K (22%)
----------------- Invoking toplevel() on ptolemy.moml.MoMLSimpleApplication@7050abdf
----------------- Done invoking toplevel() on ptolemy.moml.MoMLSimpleApplication@7050abdf
reloadAllAccessors: .relationGroup15
----------------- testing Sat May 26 01:23:17 UTC 2018 /home/travis/build/icyphy/ptII/ptolemy/domains/sdf/test/auto/relationGroup2.xml
----------------- Instantiating /home/travis/build/icyphy/ptII/ptolemy/domains/sdf/test/auto/relationGroup2.xml
6 ms. Memory: 874496K Free: 172525K (20%)
----------------- Invoking toplevel() on ptolemy.moml.MoMLSimpleApplication@525170ba
----------------- Done invoking toplevel() on ptolemy.moml.MoMLSimpleApplication@525170ba
reloadAllAccessors: .relationGroup2
----------------- testing Sat May 26 01:23:17 UTC 2018 /home/travis/build/icyphy/ptII/ptolemy/domains/sdf/test/auto/relationGroup3.xml
----------------- Instantiating /home/travis/build/icyphy/ptII/ptolemy/domains/sdf/test/auto/relationGroup3.xml
1 ms. Memory: 874496K Free: 156807K (18%)
----------------- Invoking toplevel() on ptolemy.moml.MoMLSimpleApplication@5a351aba
----------------- Done invoking toplevel() on ptolemy.moml.MoMLSimpleApplication@5a351aba
reloadAllAccessors: .relationGroup3
----------------- testing Sat May 26 01:23:17 UTC 2018 /home/travis/build/icyphy/ptII/ptolemy/domains/sdf/test/auto/relationGroup4.xml
----------------- Instantiating /home/travis/build/icyphy/ptII/ptolemy/domains/sdf/test/auto/relationGroup4.xml
5 ms. Memory: 874496K Free: 141088K (16%)
----------------- Invoking toplevel() on ptolemy.moml.MoMLSimpleApplication@de94865
----------------- Done invoking toplevel() on ptolemy.moml.MoMLSimpleApplication@de94865
reloadAllAccessors: .relationGroup4
----------------- testing Sat May 26 01:23:17 UTC 2018 /home/travis/build/icyphy/ptII/ptolemy/domains/sdf/test/auto/relationGroup5.xml
----------------- Instantiating /home/travis/build/icyphy/ptII/ptolemy/domains/sdf/test/auto/relationGroup5.xml
3 ms. Memory: 874496K Free: 125370K (14%)
----------------- Invoking toplevel() on ptolemy.moml.MoMLSimpleApplication@18b2b9e
----------------- Done invoking toplevel() on ptolemy.moml.MoMLSimpleApplication@18b2b9e
reloadAllAccessors: .relationGroup5
----------------- testing Sat May 26 01:23:17 UTC 2018 /home/travis/build/icyphy/ptII/ptolemy/domains/sdf/test/auto/relationGroup6.xml
----------------- Instantiating /home/travis/build/icyphy/ptII/ptolemy/domains/sdf/test/auto/relationGroup6.xml
3 ms. Memory: 874496K Free: 107639K (12%)
----------------- Invoking toplevel() on ptolemy.moml.MoMLSimpleApplication@49f508a2
----------------- Done invoking toplevel() on ptolemy.moml.MoMLSimpleApplication@49f508a2
reloadAllAccessors: .relationGroup6
----------------- testing Sat May 26 01:23:17 UTC 2018 /home/travis/build/icyphy/ptII/ptolemy/domains/sdf/test/auto/relationGroup7.xml
----------------- Instantiating /home/travis/build/icyphy/ptII/ptolemy/domains/sdf/test/auto/relationGroup7.xml
3 ms. Memory: 874496K Free: 91921K (11%)
----------------- Invoking toplevel() on ptolemy.moml.MoMLSimpleApplication@15167aeb
----------------- Done invoking toplevel() on ptolemy.moml.MoMLSimpleApplication@15167aeb
reloadAllAccessors: .relationGroup7
----------------- testing Sat May 26 01:23:17 UTC 2018 /home/travis/build/icyphy/ptII/ptolemy/domains/sdf/test/auto/relationGroup8.xml
----------------- Instantiating /home/travis/build/icyphy/ptII/ptolemy/domains/sdf/test/auto/relationGroup8.xml
3 ms. Memory: 874496K Free: 77184K (9%)
----------------- Invoking toplevel() on ptolemy.moml.MoMLSimpleApplication@78825201
----------------- Done invoking toplevel() on ptolemy.moml.MoMLSimpleApplication@78825201
reloadAllAccessors: .relationGroup8
----------------- testing Sat May 26 01:23:17 UTC 2018 /home/travis/build/icyphy/ptII/ptolemy/domains/sdf/test/auto/relationGroup9.xml
----------------- Instantiating /home/travis/build/icyphy/ptII/ptolemy/domains/sdf/test/auto/relationGroup9.xml
7 ms. Memory: 830464K Free: 803379K (97%)
----------------- Invoking toplevel() on ptolemy.moml.MoMLSimpleApplication@1c4681a
----------------- Done invoking toplevel() on ptolemy.moml.MoMLSimpleApplication@1c4681a
reloadAllAccessors: .relationGroup9
----------------- testing Sat May 26 01:23:17 UTC 2018 /home/travis/build/icyphy/ptII/ptolemy/domains/sdf/test/auto/sdf_inside_de.xml
----------------- Instantiating /home/travis/build/icyphy/ptII/ptolemy/domains/sdf/test/auto/sdf_inside_de.xml
18 ms. Memory: 830464K Free: 779583K (94%)
----------------- Invoking toplevel() on ptolemy.moml.MoMLSimpleApplication@574d5f50
----------------- Done invoking toplevel() on ptolemy.moml.MoMLSimpleApplication@574d5f50
reloadAllAccessors: .sdf_inside_de
----------------- testing Sat May 26 01:23:17 UTC 2018 /home/travis/build/icyphy/ptII/ptolemy/domains/sdf/test/auto/sdf_inside_pn.xml
----------------- Instantiating /home/travis/build/icyphy/ptII/ptolemy/domains/sdf/test/auto/sdf_inside_pn.xml
26 ms. Memory: 830464K Free: 727185K (88%)
----------------- Invoking toplevel() on ptolemy.moml.MoMLSimpleApplication@3f39cdd4
----------------- Done invoking toplevel() on ptolemy.moml.MoMLSimpleApplication@3f39cdd4
reloadAllAccessors: .sdf_inside_pn
----------------- testing Sat May 26 01:23:17 UTC 2018 /home/travis/build/icyphy/ptII/ptolemy/domains/sdf/test/auto/sdf_sdf1.xml
----------------- Instantiating /home/travis/build/icyphy/ptII/ptolemy/domains/sdf/test/auto/sdf_sdf1.xml
3 ms. Memory: 830464K Free: 712214K (86%)
----------------- Invoking toplevel() on ptolemy.moml.MoMLSimpleApplication@22a07c16
----------------- Done invoking toplevel() on ptolemy.moml.MoMLSimpleApplication@22a07c16
reloadAllAccessors: .sdf_sdf1
----------------- testing Sat May 26 01:23:17 UTC 2018 /home/travis/build/icyphy/ptII/ptolemy/domains/sdf/test/auto/test1.xml
----------------- Instantiating /home/travis/build/icyphy/ptII/ptolemy/domains/sdf/test/auto/test1.xml
7 ms. Memory: 830464K Free: 695920K (84%)
----------------- Invoking toplevel() on ptolemy.moml.MoMLSimpleApplication@356eadbd
----------------- Done invoking toplevel() on ptolemy.moml.MoMLSimpleApplication@356eadbd
reloadAllAccessors: .test1
----------------- testing Sat May 26 01:23:17 UTC 2018 /home/travis/build/icyphy/ptII/ptolemy/domains/sdf/test/auto/time1.xml
----------------- Instantiating /home/travis/build/icyphy/ptII/ptolemy/domains/sdf/test/auto/time1.xml
2 ms. Memory: 830464K Free: 680949K (82%)
----------------- Invoking toplevel() on ptolemy.moml.MoMLSimpleApplication@64cceaf2
----------------- Done invoking toplevel() on ptolemy.moml.MoMLSimpleApplication@64cceaf2
reloadAllAccessors: .time1
----------------- testing Sat May 26 01:23:17 UTC 2018 /home/travis/build/icyphy/ptII/ptolemy/domains/sdf/test/auto/time2.xml
----------------- Instantiating /home/travis/build/icyphy/ptII/ptolemy/domains/sdf/test/auto/time2.xml
3 ms. Memory: 830464K Free: 665978K (80%)
----------------- Invoking toplevel() on ptolemy.moml.MoMLSimpleApplication@420f166e
----------------- Done invoking toplevel() on ptolemy.moml.MoMLSimpleApplication@420f166e
reloadAllAccessors: .time2
----------------- testing Sat May 26 01:23:17 UTC 2018 /home/travis/build/icyphy/ptII/ptolemy/domains/sdf/test/auto/time3.xml
----------------- Instantiating /home/travis/build/icyphy/ptII/ptolemy/domains/sdf/test/auto/time3.xml
9 ms. Memory: 830464K Free: 651007K (78%)
----------------- Invoking toplevel() on ptolemy.moml.MoMLSimpleApplication@34e65cf8
----------------- Done invoking toplevel() on ptolemy.moml.MoMLSimpleApplication@34e65cf8
reloadAllAccessors: .time3
----------------- testing Sat May 26 01:23:18 UTC 2018 /home/travis/build/icyphy/ptII/ptolemy/domains/sdf/test/auto/time4.xml
----------------- Instantiating /home/travis/build/icyphy/ptII/ptolemy/domains/sdf/test/auto/time4.xml
5 ms. Memory: 830464K Free: 634712K (76%)
----------------- Invoking toplevel() on ptolemy.moml.MoMLSimpleApplication@287a8c7c
----------------- Done invoking toplevel() on ptolemy.moml.MoMLSimpleApplication@287a8c7c
reloadAllAccessors: .time4
----------------- testing Sat May 26 01:23:18 UTC 2018 /home/travis/build/icyphy/ptII/ptolemy/domains/sdf/test/auto/time5.xml
----------------- Instantiating /home/travis/build/icyphy/ptII/ptolemy/domains/sdf/test/auto/time5.xml
4002 ms. Memory: 830464K Free: 619741K (75%)
----------------- Invoking toplevel() on ptolemy.moml.MoMLSimpleApplication@4a372412
----------------- Done invoking toplevel() on ptolemy.moml.MoMLSimpleApplication@4a372412
reloadAllAccessors: .time5
----------------- testing Sat May 26 01:23:22 UTC 2018 /home/travis/build/icyphy/ptII/ptolemy/domains/sdf/test/auto/typeSystem_Const_Integer_smallest_Type.xml
----------------- Instantiating /home/travis/build/icyphy/ptII/ptolemy/domains/sdf/test/auto/typeSystem_Const_Integer_smallest_Type.xml
4 ms. Memory: 830464K Free: 604770K (73%)
----------------- Invoking toplevel() on ptolemy.moml.MoMLSimpleApplication@935732f
----------------- Done invoking toplevel() on ptolemy.moml.MoMLSimpleApplication@935732f
reloadAllAccessors: .typeSystem_Const_Integer_smallest_Type
----------------- testing Sat May 26 01:23:22 UTC 2018 /home/travis/build/icyphy/ptII/ptolemy/domains/sdf/test/auto/typeSystem_declared_Inports_OutportTypeException.xml
----------------- Instantiating /home/travis/build/icyphy/ptII/ptolemy/domains/sdf/test/auto/typeSystem_declared_Inports_OutportTypeException.xml
.typeSystem_declared_Inports_OutportTypeException.TestExceptionAttribute: initialize() was not invoked, but wrapup() was.  This is unusual, but not always a problem.  For example, exporting JNLP will do this.
2 ms. Memory: 830464K Free: 588476K (71%)
----------------- Invoking toplevel() on ptolemy.moml.MoMLSimpleApplication@5a532a11
----------------- Done invoking toplevel() on ptolemy.moml.MoMLSimpleApplication@5a532a11
reloadAllAccessors: .typeSystem_declared_Inports_OutportTypeException
----------------- testing Sat May 26 01:23:22 UTC 2018 /home/travis/build/icyphy/ptII/ptolemy/domains/sdf/test/auto/typeSystem_oneDeclaredInportType_wrongTypeOutport.xml
----------------- Instantiating /home/travis/build/icyphy/ptII/ptolemy/domains/sdf/test/auto/typeSystem_oneDeclaredInportType_wrongTypeOutport.xml
6 ms. Memory: 830464K Free: 573505K (69%)
----------------- Invoking toplevel() on ptolemy.moml.MoMLSimpleApplication@4d884ccf
----------------- Done invoking toplevel() on ptolemy.moml.MoMLSimpleApplication@4d884ccf
reloadAllAccessors: .typeSystem_oneDeclaredInportType_wrongTypeOutport
----------------- testing Sat May 26 01:23:22 UTC 2018 /home/travis/build/icyphy/ptII/ptolemy/domains/sdf/test/auto/width.xml
----------------- Instantiating /home/travis/build/icyphy/ptII/ptolemy/domains/sdf/test/auto/width.xml
2 ms. Memory: 830464K Free: 558534K (67%)
----------------- Invoking toplevel() on ptolemy.moml.MoMLSimpleApplication@5b90aaf3
----------------- Done invoking toplevel() on ptolemy.moml.MoMLSimpleApplication@5b90aaf3
reloadAllAccessors: .width
----------------- testing Sat May 26 01:23:22 UTC 2018 /home/travis/build/icyphy/ptII/ptolemy/domains/sdf/test/auto/width2.xml
----------------- Instantiating /home/travis/build/icyphy/ptII/ptolemy/domains/sdf/test/auto/width2.xml
28 ms. Memory: 830464K Free: 543563K (65%)
----------------- Invoking toplevel() on ptolemy.moml.MoMLSimpleApplication@436d2e1
----------------- Done invoking toplevel() on ptolemy.moml.MoMLSimpleApplication@436d2e1
reloadAllAccessors: .width2
----------------- testing Sat May 26 01:23:22 UTC 2018 /home/travis/build/icyphy/ptII/ptolemy/domains/sdf/test/auto/width3.xml
----------------- Instantiating /home/travis/build/icyphy/ptII/ptolemy/domains/sdf/test/auto/width3.xml
30 ms. Memory: 830464K Free: 527269K (63%)
----------------- Invoking toplevel() on ptolemy.moml.MoMLSimpleApplication@187b2597
----------------- Done invoking toplevel() on ptolemy.moml.MoMLSimpleApplication@187b2597
reloadAllAccessors: .width3
AutoTests.java: About to close Vertx.
AutoTests.java: Vertx closed.
]]></system-out>
  <system-err><![CDATA[java.lang.RuntimeException: Execution failed
	at ptolemy.moml.MoMLSimpleApplication$UnloadThread.run(MoMLSimpleApplication.java:402)
Caused by: ptolemy.actor.sched.NotSchedulableException: No solution exists for the balance equations.
Graph is not consistent under the SDF domain detected on external port .rateConsistency.actor.port2
  in .rateConsistency.SDF Director.Scheduler
	at ptolemy.domains.sdf.kernel.SDFScheduler._propagatePort(SDFScheduler.java:1425)
	at ptolemy.domains.sdf.kernel.SDFScheduler._solveBalanceEquations(SDFScheduler.java:710)
	at ptolemy.domains.sdf.kernel.SDFScheduler._getSchedule(SDFScheduler.java:566)
	at ptolemy.actor.sched.Scheduler.getSchedule(Scheduler.java:189)
	at ptolemy.domains.sdf.kernel.SDFDirector.createSchedule(SDFDirector.java:408)
	at ptolemy.domains.sdf.kernel.SDFDirector.preinitialize(SDFDirector.java:764)
	at ptolemy.actor.CompositeActor.preinitialize(CompositeActor.java:1828)
	at ptolemy.actor.Manager.preinitializeAndResolveTypes(Manager.java:1040)
	at ptolemy.actor.Manager.initialize(Manager.java:710)
	at ptolemy.actor.Manager.execute(Manager.java:356)
	at ptolemy.actor.Manager.run(Manager.java:1263)
	at ptolemy.actor.Manager$PtolemyRunThread.run(Manager.java:1915)
java.lang.RuntimeException: Execution failed
	at ptolemy.moml.MoMLSimpleApplication$UnloadThread.run(MoMLSimpleApplication.java:402)
Caused by: ptolemy.kernel.util.IllegalActionException: Failed to compute schedule:
  in .badRateChanges.typed composite actor.SDF Director
Because:
The SDF rate parameter may change. This is not allowed in SDF models that will be run through the code generator.  If you don't care about code generation, then you might consider setting the allowRateChanges parameter of the SDF director to false.
  in .badRateChanges.typed composite actor.Repeat.output.tokenProductionRate
	at ptolemy.domains.sdf.kernel.SDFDirector.createSchedule(SDFDirector.java:418)
	at ptolemy.domains.sdf.kernel.SDFDirector.preinitialize(SDFDirector.java:764)
	at ptolemy.actor.CompositeActor.preinitialize(CompositeActor.java:1828)
	at ptolemy.actor.Director.preinitialize(Director.java:1302)
	at ptolemy.actor.Director.preinitialize(Director.java:1257)
	at ptolemy.domains.sdf.kernel.SDFDirector.preinitialize(SDFDirector.java:763)
	at ptolemy.actor.CompositeActor.preinitialize(CompositeActor.java:1828)
	at ptolemy.actor.Manager.preinitializeAndResolveTypes(Manager.java:1040)
	at ptolemy.actor.Manager.initialize(Manager.java:710)
	at ptolemy.actor.Manager.execute(Manager.java:356)
	at ptolemy.actor.Manager.run(Manager.java:1263)
	at ptolemy.actor.Manager$PtolemyRunThread.run(Manager.java:1915)
Caused by: ptolemy.kernel.util.IllegalActionException: The SDF rate parameter may change. This is not allowed in SDF models that will be run through the code generator.  If you don't care about code generation, then you might consider setting the allowRateChanges parameter of the SDF director to false.
  in .badRateChanges.typed composite actor.Repeat.output.tokenProductionRate
	at ptolemy.domains.sdf.kernel.SDFScheduler._assertDynamicRateVariable(SDFScheduler.java:931)
	at ptolemy.domains.sdf.kernel.SDFScheduler._checkDynamicRateVariables(SDFScheduler.java:339)
	at ptolemy.domains.sdf.kernel.SDFScheduler._getSchedule(SDFScheduler.java:527)
	at ptolemy.actor.sched.Scheduler.getSchedule(Scheduler.java:189)
	at ptolemy.domains.sdf.kernel.SDFDirector.createSchedule(SDFDirector.java:408)
	... 11 more
java.lang.RuntimeException: Execution failed
	at ptolemy.moml.MoMLSimpleApplication$UnloadThread.run(MoMLSimpleApplication.java:402)
Caused by: ptolemy.kernel.util.IllegalActionException: Failed to compute schedule:
  in .badRateChanges2.typed composite actor.SDF Director
Because:
The SDF rate parameter may change. This is not allowed in SDF models that will be run through the code generator.  If you don't care about code generation, then you might consider setting the allowRateChanges parameter of the SDF director to false.
  in .badRateChanges2.typed composite actor.Repeat.output.tokenProductionRate
	at ptolemy.domains.sdf.kernel.SDFDirector.createSchedule(SDFDirector.java:418)
	at ptolemy.domains.sdf.kernel.SDFDirector.preinitialize(SDFDirector.java:764)
	at ptolemy.actor.CompositeActor.preinitialize(CompositeActor.java:1828)
	at ptolemy.actor.Director.preinitialize(Director.java:1302)
	at ptolemy.actor.Director.preinitialize(Director.java:1257)
	at ptolemy.domains.sdf.kernel.SDFDirector.preinitialize(SDFDirector.java:763)
	at ptolemy.actor.CompositeActor.preinitialize(CompositeActor.java:1828)
	at ptolemy.actor.Manager.preinitializeAndResolveTypes(Manager.java:1040)
	at ptolemy.actor.Manager.initialize(Manager.java:710)
	at ptolemy.actor.Manager.execute(Manager.java:356)
	at ptolemy.actor.Manager.run(Manager.java:1263)
	at ptolemy.actor.Manager$PtolemyRunThread.run(Manager.java:1915)
Caused by: ptolemy.kernel.util.IllegalActionException: The SDF rate parameter may change. This is not allowed in SDF models that will be run through the code generator.  If you don't care about code generation, then you might consider setting the allowRateChanges parameter of the SDF director to false.
  in .badRateChanges2.typed composite actor.Repeat.output.tokenProductionRate
	at ptolemy.domains.sdf.kernel.SDFScheduler._assertDynamicRateVariable(SDFScheduler.java:931)
	at ptolemy.domains.sdf.kernel.SDFScheduler._checkDynamicRateVariables(SDFScheduler.java:339)
	at ptolemy.domains.sdf.kernel.SDFScheduler._getSchedule(SDFScheduler.java:527)
	at ptolemy.actor.sched.Scheduler.getSchedule(Scheduler.java:189)
	at ptolemy.domains.sdf.kernel.SDFDirector.createSchedule(SDFDirector.java:408)
	... 11 more
java.lang.RuntimeException: Execution failed
	at ptolemy.moml.MoMLSimpleApplication$UnloadThread.run(MoMLSimpleApplication.java:402)
Caused by: ptolemy.actor.sched.NotSchedulableException: Actors remain that cannot be scheduled!

There are several possible reasons:
* SDF Graphs with feedback loops should have an actor with a delay in the loop, such as a SampleDelay.
* The SDF director has an "allowDisconnectedGraphs"parameter, which, when true, permits disconnected SDF graphs.
* The token consumption rate and production rates might be mismatched.
Usually, actors produce one token or consume one token on a port.  To produce or consume multiple tokens per firing, add a "tokenConsumptionRate" or "tokenProductionRate" parameter to the appropriate port.
Unscheduled actors:
.partiallyConnected.Const2 
Scheduled actors:
.partiallyConnected.Const 
  in .partiallyConnected.SDF Director.Scheduler
	at ptolemy.domains.sdf.kernel.SDFScheduler._scheduleConnectedActors(SDFScheduler.java:1828)
	at ptolemy.domains.sdf.kernel.SDFScheduler._getSchedule(SDFScheduler.java:587)
	at ptolemy.actor.sched.Scheduler.getSchedule(Scheduler.java:189)
	at ptolemy.domains.sdf.kernel.SDFDirector.createSchedule(SDFDirector.java:408)
	at ptolemy.domains.sdf.kernel.SDFDirector.preinitialize(SDFDirector.java:764)
	at ptolemy.actor.CompositeActor.preinitialize(CompositeActor.java:1828)
	at ptolemy.actor.Manager.preinitializeAndResolveTypes(Manager.java:1040)
	at ptolemy.actor.Manager.initialize(Manager.java:710)
	at ptolemy.actor.Manager.execute(Manager.java:356)
	at ptolemy.actor.Manager.run(Manager.java:1263)
	at ptolemy.actor.Manager$PtolemyRunThread.run(Manager.java:1915)
]]></system-err>
</testsuite>
