<?xml version="1.0" encoding="UTF-8" ?>
<testsuite errors="0" failures="0" hostname="travis-job-316ece6e-7d4a-49b8-9cac-98f393eb48cd" name="ptolemy.domains.de.test.junit.JUnitTclTest" skipped="0" tests="101" time="129.949" timestamp="2018-04-27T04:44:15">
  <properties>
[...]
</properties>
  <testcase classname="ptolemy.util.test.junit.TclTests" name="[0] /home/travis/build/icyphy/ptII/ptolemy/domains/de/test/DependencyLoop.tcl (RunTclFile)" time="0.814" />
  <testcase classname="ptolemy.util.test.junit.TclTests" name="[1] /home/travis/build/icyphy/ptII/ptolemy/domains/de/test/RunDETestsAsQSS.tcl (RunTclFile)" time="88.942" />
  <testcase classname="ptolemy.util.test.junit.AutoKnownFailedTests" name="[0] /home/travis/build/icyphy/ptII/ptolemy/domains/de/test/auto/knownFailedTests/DESDFClockTest.xml (RunModel)" time="2.029" />
  <testcase classname="ptolemy.util.test.junit.AutoKnownFailedTests" name="[1] /home/travis/build/icyphy/ptII/ptolemy/domains/de/test/auto/knownFailedTests/DirectFeedback.xml (RunModel)" time="0.006" />
  <testcase classname="ptolemy.util.test.junit.AutoKnownFailedTests" name="[2] /home/travis/build/icyphy/ptII/ptolemy/domains/de/test/auto/knownFailedTests/FSMSource.xml (RunModel)" time="0.019" />
  <testcase classname="ptolemy.util.test.junit.AutoKnownFailedTests" name="[3] /home/travis/build/icyphy/ptII/ptolemy/domains/de/test/auto/knownFailedTests/HierarchicalModel.xml (RunModel)" time="0.029" />
  <testcase classname="ptolemy.util.test.junit.AutoKnownFailedTests" name="[4] /home/travis/build/icyphy/ptII/ptolemy/domains/de/test/auto/knownFailedTests/dependencyLoop.xml (RunModel)" time="0.023" />
  <testcase classname="ptolemy.util.test.junit.AutoKnownFailedTests" name="[5] /home/travis/build/icyphy/ptII/ptolemy/domains/de/test/auto/knownFailedTests/dependencyLoop2.xml (RunModel)" time="0.028" />
  <testcase classname="ptolemy.util.test.junit.AutoNameArchTests" name="[0] ThereAreNoAutoTests (RunModel)" time="0.0" />
  <testcase classname="ptolemy.util.test.junit.AutoTests" name="[0] /home/travis/build/icyphy/ptII/ptolemy/domains/de/test/auto/ActorDepthCalculation_actorWithoutPorts.xml (RunModel)" time="0.01" />
  <testcase classname="ptolemy.util.test.junit.AutoTests" name="[1] /home/travis/build/icyphy/ptII/ptolemy/domains/de/test/auto/AssemblyLine.xml (RunModel)" time="0.012" />
  <testcase classname="ptolemy.util.test.junit.AutoTests" name="[2] /home/travis/build/icyphy/ptII/ptolemy/domains/de/test/auto/CQBug1.xml (RunModel)" time="0.006" />
  <testcase classname="ptolemy.util.test.junit.AutoTests" name="[3] /home/travis/build/icyphy/ptII/ptolemy/domains/de/test/auto/CancelFireAt.xml (RunModel)" time="0.005" />
  <testcase classname="ptolemy.util.test.junit.AutoTests" name="[4] /home/travis/build/icyphy/ptII/ptolemy/domains/de/test/auto/CausalityAndComposabilityAnalysis.xml (RunModel)" time="0.011" />
  <testcase classname="ptolemy.util.test.junit.AutoTests" name="[5] /home/travis/build/icyphy/ptII/ptolemy/domains/de/test/auto/CausalityInterface1.xml (RunModel)" time="0.009" />
  <testcase classname="ptolemy.util.test.junit.AutoTests" name="[6] /home/travis/build/icyphy/ptII/ptolemy/domains/de/test/auto/CausalityInterface15.xml (RunModel)" time="0.01" />
  <testcase classname="ptolemy.util.test.junit.AutoTests" name="[7] /home/travis/build/icyphy/ptII/ptolemy/domains/de/test/auto/CausalityInterface2.xml (RunModel)" time="0.008" />
  <testcase classname="ptolemy.util.test.junit.AutoTests" name="[8] /home/travis/build/icyphy/ptII/ptolemy/domains/de/test/auto/CausalityInterface3.xml (RunModel)" time="0.008" />
  <testcase classname="ptolemy.util.test.junit.AutoTests" name="[9] /home/travis/build/icyphy/ptII/ptolemy/domains/de/test/auto/ClockDrift.xml (RunModel)" time="0.029" />
  <testcase classname="ptolemy.util.test.junit.AutoTests" name="[10] /home/travis/build/icyphy/ptII/ptolemy/domains/de/test/auto/ClockDriftAndValueChange.xml (RunModel)" time="0.027" />
  <testcase classname="ptolemy.util.test.junit.AutoTests" name="[11] /home/travis/build/icyphy/ptII/ptolemy/domains/de/test/auto/ClockDriftChange.xml (RunModel)" time="0.021" />
  <testcase classname="ptolemy.util.test.junit.AutoTests" name="[12] /home/travis/build/icyphy/ptII/ptolemy/domains/de/test/auto/ComposableCausalityAnalysis.xml (RunModel)" time="0.012" />
  <testcase classname="ptolemy.util.test.junit.AutoTests" name="[13] /home/travis/build/icyphy/ptII/ptolemy/domains/de/test/auto/DEFixedPointLimitation.xml (RunModel)" time="0.006" />
  <testcase classname="ptolemy.util.test.junit.AutoTests" name="[14] /home/travis/build/icyphy/ptII/ptolemy/domains/de/test/auto/DEScheduleTest.xml (RunModel)" time="0.009" />
  <testcase classname="ptolemy.util.test.junit.AutoTests" name="[15] /home/travis/build/icyphy/ptII/ptolemy/domains/de/test/auto/DEinDEwithStartTimes.xml (RunModel)" time="0.01" />
  <testcase classname="ptolemy.util.test.junit.AutoTests" name="[16] /home/travis/build/icyphy/ptII/ptolemy/domains/de/test/auto/DEinDEwithStartTimes2.xml (RunModel)" time="0.01" />
  <testcase classname="ptolemy.util.test.junit.AutoTests" name="[17] /home/travis/build/icyphy/ptII/ptolemy/domains/de/test/auto/DateDemo.xml (RunModel)" time="0.02" />
  <testcase classname="ptolemy.util.test.junit.AutoTests" name="[18] /home/travis/build/icyphy/ptII/ptolemy/domains/de/test/auto/DateToEvent.xml (RunModel)" time="2.036" />
  <testcase classname="ptolemy.util.test.junit.AutoTests" name="[19] /home/travis/build/icyphy/ptII/ptolemy/domains/de/test/auto/DepthTest1.xml (RunModel)" time="0.012" />
  <testcase classname="ptolemy.util.test.junit.AutoTests" name="[20] /home/travis/build/icyphy/ptII/ptolemy/domains/de/test/auto/DepthTest2.xml (RunModel)" time="0.018" />
  <testcase classname="ptolemy.util.test.junit.AutoTests" name="[21] /home/travis/build/icyphy/ptII/ptolemy/domains/de/test/auto/DepthTest3.xml (RunModel)" time="0.007" />
  <testcase classname="ptolemy.util.test.junit.AutoTests" name="[22] /home/travis/build/icyphy/ptII/ptolemy/domains/de/test/auto/DepthTest4.xml (RunModel)" time="0.013" />
  <testcase classname="ptolemy.util.test.junit.AutoTests" name="[23] /home/travis/build/icyphy/ptII/ptolemy/domains/de/test/auto/DepthTest5.xml (RunModel)" time="0.014" />
  <testcase classname="ptolemy.util.test.junit.AutoTests" name="[24] /home/travis/build/icyphy/ptII/ptolemy/domains/de/test/auto/DepthTest6.xml (RunModel)" time="0.014" />
  <testcase classname="ptolemy.util.test.junit.AutoTests" name="[25] /home/travis/build/icyphy/ptII/ptolemy/domains/de/test/auto/DepthTest7.xml (RunModel)" time="0.012" />
  <testcase classname="ptolemy.util.test.junit.AutoTests" name="[26] /home/travis/build/icyphy/ptII/ptolemy/domains/de/test/auto/EventToDate.xml (RunModel)" time="3.039" />
  <testcase classname="ptolemy.util.test.junit.AutoTests" name="[27] /home/travis/build/icyphy/ptII/ptolemy/domains/de/test/auto/FSM1.xml (RunModel)" time="0.032" />
  <testcase classname="ptolemy.util.test.junit.AutoTests" name="[28] /home/travis/build/icyphy/ptII/ptolemy/domains/de/test/auto/FSM7.xml (RunModel)" time="0.032" />
  <testcase classname="ptolemy.util.test.junit.AutoTests" name="[29] /home/travis/build/icyphy/ptII/ptolemy/domains/de/test/auto/Inspection.xml (RunModel)" time="0.046" />
  <testcase classname="ptolemy.util.test.junit.AutoTests" name="[30] /home/travis/build/icyphy/ptII/ptolemy/domains/de/test/auto/Iteration.xml (RunModel)" time="0.033" />
  <testcase classname="ptolemy.util.test.junit.AutoTests" name="[31] /home/travis/build/icyphy/ptII/ptolemy/domains/de/test/auto/LineFault.xml (RunModel)" time="0.631" />
  <testcase classname="ptolemy.util.test.junit.AutoTests" name="[32] /home/travis/build/icyphy/ptII/ptolemy/domains/de/test/auto/MergeModel1Add.xml (RunModel)" time="0.042" />
  <testcase classname="ptolemy.util.test.junit.AutoTests" name="[33] /home/travis/build/icyphy/ptII/ptolemy/domains/de/test/auto/MergeModel2Add.xml (RunModel)" time="0.039" />
  <testcase classname="ptolemy.util.test.junit.AutoTests" name="[34] /home/travis/build/icyphy/ptII/ptolemy/domains/de/test/auto/MergeModel3Add.xml (RunModel)" time="0.04" />
  <testcase classname="ptolemy.util.test.junit.AutoTests" name="[35] /home/travis/build/icyphy/ptII/ptolemy/domains/de/test/auto/MergeWithoutDiscard.xml (RunModel)" time="0.01" />
  <testcase classname="ptolemy.util.test.junit.AutoTests" name="[36] /home/travis/build/icyphy/ptII/ptolemy/domains/de/test/auto/Modal1.xml (RunModel)" time="0.029" />
  <testcase classname="ptolemy.util.test.junit.AutoTests" name="[37] /home/travis/build/icyphy/ptII/ptolemy/domains/de/test/auto/Modal2.xml (RunModel)" time="0.028" />
  <testcase classname="ptolemy.util.test.junit.AutoTests" name="[38] /home/travis/build/icyphy/ptII/ptolemy/domains/de/test/auto/Modal3.xml (RunModel)" time="0.034" />
  <testcase classname="ptolemy.util.test.junit.AutoTests" name="[39] /home/travis/build/icyphy/ptII/ptolemy/domains/de/test/auto/Modal4.xml (RunModel)" time="0.039" />
  <testcase classname="ptolemy.util.test.junit.AutoTests" name="[40] /home/travis/build/icyphy/ptII/ptolemy/domains/de/test/auto/Modal5.xml (RunModel)" time="0.031" />
  <testcase classname="ptolemy.util.test.junit.AutoTests" name="[41] /home/travis/build/icyphy/ptII/ptolemy/domains/de/test/auto/Modal6.xml (RunModel)" time="0.032" />
  <testcase classname="ptolemy.util.test.junit.AutoTests" name="[42] /home/travis/build/icyphy/ptII/ptolemy/domains/de/test/auto/Modal7.xml (RunModel)" time="0.033" />
  <testcase classname="ptolemy.util.test.junit.AutoTests" name="[43] /home/travis/build/icyphy/ptII/ptolemy/domains/de/test/auto/ModalModel.xml (RunModel)" time="0.212" />
  <testcase classname="ptolemy.util.test.junit.AutoTests" name="[44] /home/travis/build/icyphy/ptII/ptolemy/domains/de/test/auto/ModalSource.xml (RunModel)" time="0.023" />
  <testcase classname="ptolemy.util.test.junit.AutoTests" name="[45] /home/travis/build/icyphy/ptII/ptolemy/domains/de/test/auto/NonInterruptibleTimerZeroDelay.xml (RunModel)" time="0.015" />
  <testcase classname="ptolemy.util.test.junit.AutoTests" name="[46] /home/travis/build/icyphy/ptII/ptolemy/domains/de/test/auto/OpenQueueingNetwork.xml (RunModel)" time="2.636" />
  <testcase classname="ptolemy.util.test.junit.AutoTests" name="[47] /home/travis/build/icyphy/ptII/ptolemy/domains/de/test/auto/OpenQueuingNetwork.xml (RunModel)" time="0.315" />
  <testcase classname="ptolemy.util.test.junit.AutoTests" name="[48] /home/travis/build/icyphy/ptII/ptolemy/domains/de/test/auto/PeriodicSampler.xml (RunModel)" time="0.008" />
  <testcase classname="ptolemy.util.test.junit.AutoTests" name="[49] /home/travis/build/icyphy/ptII/ptolemy/domains/de/test/auto/PersistentIO.xml (RunModel)" time="0.02" />
  <testcase classname="ptolemy.util.test.junit.AutoTests" name="[50] /home/travis/build/icyphy/ptII/ptolemy/domains/de/test/auto/PortParameterResetOnInitialize.xml (RunModel)" time="0.009" />
  <testcase classname="ptolemy.util.test.junit.AutoTests" name="[51] /home/travis/build/icyphy/ptII/ptolemy/domains/de/test/auto/PortParameterUpdates.xml (RunModel)" time="0.023" />
  <testcase classname="ptolemy.util.test.junit.AutoTests" name="[52] /home/travis/build/icyphy/ptII/ptolemy/domains/de/test/auto/QueueAndServer.xml (RunModel)" time="0.021" />
  <testcase classname="ptolemy.util.test.junit.AutoTests" name="[53] /home/travis/build/icyphy/ptII/ptolemy/domains/de/test/auto/Records.xml (RunModel)" time="0.022" />
  <testcase classname="ptolemy.util.test.junit.AutoTests" name="[54] /home/travis/build/icyphy/ptII/ptolemy/domains/de/test/auto/ResetTransitionWithStartTime1.xml (RunModel)" time="0.02" />
  <testcase classname="ptolemy.util.test.junit.AutoTests" name="[55] /home/travis/build/icyphy/ptII/ptolemy/domains/de/test/auto/ResetTransitionWithStartTime2.xml (RunModel)" time="0.021" />
  <testcase classname="ptolemy.util.test.junit.AutoTests" name="[56] /home/travis/build/icyphy/ptII/ptolemy/domains/de/test/auto/ResetTransitionWithStartTime3.xml (RunModel)" time="0.018" />
  <testcase classname="ptolemy.util.test.junit.AutoTests" name="[57] /home/travis/build/icyphy/ptII/ptolemy/domains/de/test/auto/ResetTransitionWithStartTime4.xml (RunModel)" time="0.025" />
  <testcase classname="ptolemy.util.test.junit.AutoTests" name="[58] /home/travis/build/icyphy/ptII/ptolemy/domains/de/test/auto/ResettableTimer1.xml (RunModel)" time="0.01" />
  <testcase classname="ptolemy.util.test.junit.AutoTests" name="[59] /home/travis/build/icyphy/ptII/ptolemy/domains/de/test/auto/ResettableTimer2.xml (RunModel)" time="0.009" />
  <testcase classname="ptolemy.util.test.junit.AutoTests" name="[60] /home/travis/build/icyphy/ptII/ptolemy/domains/de/test/auto/ResettableTimer3.xml (RunModel)" time="0.009" />
  <testcase classname="ptolemy.util.test.junit.AutoTests" name="[61] /home/travis/build/icyphy/ptII/ptolemy/domains/de/test/auto/ResettableTimer4.xml (RunModel)" time="0.009" />
  <testcase classname="ptolemy.util.test.junit.AutoTests" name="[62] /home/travis/build/icyphy/ptII/ptolemy/domains/de/test/auto/ResettableTimer5.xml (RunModel)" time="0.01" />
  <testcase classname="ptolemy.util.test.junit.AutoTests" name="[63] /home/travis/build/icyphy/ptII/ptolemy/domains/de/test/auto/ResettableTimer6.xml (RunModel)" time="0.011" />
  <testcase classname="ptolemy.util.test.junit.AutoTests" name="[64] /home/travis/build/icyphy/ptII/ptolemy/domains/de/test/auto/ServerZeroDelay.xml (RunModel)" time="0.01" />
  <testcase classname="ptolemy.util.test.junit.AutoTests" name="[65] /home/travis/build/icyphy/ptII/ptolemy/domains/de/test/auto/SmartSender.xml (RunModel)" time="3.011" />
  <testcase classname="ptolemy.util.test.junit.AutoTests" name="[66] /home/travis/build/icyphy/ptII/ptolemy/domains/de/test/auto/ThreadedComposite.xml (RunModel)" time="0.151" />
  <testcase classname="ptolemy.util.test.junit.AutoTests" name="[67] /home/travis/build/icyphy/ptII/ptolemy/domains/de/test/auto/Time.xml (RunModel)" time="0.464" />
  <testcase classname="ptolemy.util.test.junit.AutoTests" name="[68] /home/travis/build/icyphy/ptII/ptolemy/domains/de/test/auto/TimeDelayZeroDelay.xml (RunModel)" time="0.01" />
  <testcase classname="ptolemy.util.test.junit.AutoTests" name="[69] /home/travis/build/icyphy/ptII/ptolemy/domains/de/test/auto/TimerZeroDelay.xml (RunModel)" time="0.01" />
  <testcase classname="ptolemy.util.test.junit.AutoTests" name="[70] /home/travis/build/icyphy/ptII/ptolemy/domains/de/test/auto/TimingParadox.xml (RunModel)" time="0.363" />
  <testcase classname="ptolemy.util.test.junit.AutoTests" name="[71] /home/travis/build/icyphy/ptII/ptolemy/domains/de/test/auto/TransferInputs.xml (RunModel)" time="0.009" />
  <testcase classname="ptolemy.util.test.junit.AutoTests" name="[72] /home/travis/build/icyphy/ptII/ptolemy/domains/de/test/auto/TransferOutputs2.xml (RunModel)" time="0.017" />
  <testcase classname="ptolemy.util.test.junit.AutoTests" name="[73] /home/travis/build/icyphy/ptII/ptolemy/domains/de/test/auto/Trilateration.xml (RunModel)" time="11.279" />
  <testcase classname="ptolemy.util.test.junit.AutoTests" name="[74] /home/travis/build/icyphy/ptII/ptolemy/domains/de/test/auto/TwoSigmaDelta.xml (RunModel)" time="2.239" />
  <testcase classname="ptolemy.util.test.junit.AutoTests" name="[75] /home/travis/build/icyphy/ptII/ptolemy/domains/de/test/auto/VariableDelay.xml (RunModel)" time="0.011" />
  <testcase classname="ptolemy.util.test.junit.AutoTests" name="[76] /home/travis/build/icyphy/ptII/ptolemy/domains/de/test/auto/VariableDelay2.xml (RunModel)" time="0.01" />
  <testcase classname="ptolemy.util.test.junit.AutoTests" name="[77] /home/travis/build/icyphy/ptII/ptolemy/domains/de/test/auto/VariableDelayZeroDelay.xml (RunModel)" time="0.01" />
  <testcase classname="ptolemy.util.test.junit.AutoTests" name="[78] /home/travis/build/icyphy/ptII/ptolemy/domains/de/test/auto/VariableDelayZeroDelay2.xml (RunModel)" time="0.016" />
  <testcase classname="ptolemy.util.test.junit.AutoTests" name="[79] /home/travis/build/icyphy/ptII/ptolemy/domains/de/test/auto/deInCt.xml (RunModel)" time="0.016" />
  <testcase classname="ptolemy.util.test.junit.AutoTests" name="[80] /home/travis/build/icyphy/ptII/ptolemy/domains/de/test/auto/deInCt2.xml (RunModel)" time="0.015" />
  <testcase classname="ptolemy.util.test.junit.AutoTests" name="[81] /home/travis/build/icyphy/ptII/ptolemy/domains/de/test/auto/dynamicCausalityInterface1.xml (RunModel)" time="0.022" />
  <testcase classname="ptolemy.util.test.junit.AutoTests" name="[82] /home/travis/build/icyphy/ptII/ptolemy/domains/de/test/auto/fsm_de_test.xml (RunModel)" time="0.034" />
  <testcase classname="ptolemy.util.test.junit.AutoTests" name="[83] /home/travis/build/icyphy/ptII/ptolemy/domains/de/test/auto/functionDependencyReconstruction.xml (RunModel)" time="0.034" />
  <testcase classname="ptolemy.util.test.junit.AutoTests" name="[84] /home/travis/build/icyphy/ptII/ptolemy/domains/de/test/auto/multirate.xml (RunModel)" time="0.016" />
  <testcase classname="ptolemy.util.test.junit.AutoTests" name="[85] /home/travis/build/icyphy/ptII/ptolemy/domains/de/test/auto/multirate2.xml (RunModel)" time="0.019" />
  <testcase classname="ptolemy.util.test.junit.AutoTests" name="[86] /home/travis/build/icyphy/ptII/ptolemy/domains/de/test/auto/realtime.xml (RunModel)" time="10.011" />
  <testcase classname="ptolemy.util.test.junit.AutoTests" name="[87] /home/travis/build/icyphy/ptII/ptolemy/domains/de/test/auto/relationGroup.xml (RunModel)" time="0.008" />
  <testcase classname="ptolemy.util.test.junit.AutoTests" name="[88] /home/travis/build/icyphy/ptII/ptolemy/domains/de/test/auto/relationGroup2.xml (RunModel)" time="0.006" />
  <testcase classname="ptolemy.util.test.junit.AutoTests" name="[89] /home/travis/build/icyphy/ptII/ptolemy/domains/de/test/auto/sortWithOpaquePorts.xml (RunModel)" time="0.009" />
  <testcase classname="ptolemy.util.test.junit.AutoTests" name="[90] /home/travis/build/icyphy/ptII/ptolemy/domains/de/test/auto/transferInputsandOutputs.xml (RunModel)" time="0.014" />
  <testcase classname="ptolemy.util.test.junit.AutoTests" name="[91] /home/travis/build/icyphy/ptII/ptolemy/domains/de/test/auto/triggerType.xml (RunModel)" time="0.006" />
  <system-out><![CDATA[/home/travis/build/icyphy/ptII/ptolemy/domains/de/test/DependencyLoop.tcl
testDefs.tcl: setting time out to 9000 seconds at Fri Apr 27 04:44:16 UTC 2018
23 ms. Memory: 116224K Free: 95125K (82%)
8 ms. Memory: 146944K Free: 137859K (94%)
/home/travis/build/icyphy/ptII/ptolemy/domains/de/test/RunDETestsAsQSS.tcl
Run the DE tests using ptolemy.domains.qss.test.QSSDirectorTest, which extends QSSDirector and prints a message in the constructors.
------------------ testing $PTII/ptolemy/domains/de/test/auto/knownFailedTests/dependencyLoop.xml (Known Failure) 
13 ms. Memory: 146944K Free: 133584K (91%)


==== $PTIIhome/travis/build/icyphy/ptII/ptolemy/domains/de/test/../../../../: Auto Automatic test in file $PTII/ptolemy/domains/de/test/auto/knownFailedTests/dependencyLoop.xml
==== Contents of test case:

	    # FIXME: we should use $relativeFilename here, but it
	    # might have backslashes under Windows, which causes no end
	    # of trouble.
	    createAndExecute $file
	    list {}
	
.... Test generated KNOWN error:
    while executing
ptolemy.kernel.util.IllegalActionException: Found a zero delay loop containing .dependencyLoop.original
  in .dependencyLoop and .dependencyLoop.original
	at ptolemy.actor.util.CausalityInterfaceForComposites._computeOutputPortDepth(CausalityInterfaceForComposites.java:759)
	at ptolemy.actor.util.CausalityInterfaceForComposites._computeInputDepth(CausalityInterfaceForComposites.java:696)
	at ptolemy.actor.util.CausalityInterfaceForComposites._computeOutputPortDepth(CausalityInterfaceForComposites.java:765)
	at ptolemy.actor.util.CausalityInterfaceForComposites._computeInputDepth(CausalityInterfaceForComposites.java:696)
	at ptolemy.actor.util.CausalityInterfaceForComposites._computeOutputPortDepth(CausalityInterfaceForComposites.java:765)
	at ptolemy.actor.util.CausalityInterfaceForComposites._computeInputDepth(CausalityInterfaceForComposites.java:696)
	at ptolemy.actor.util.CausalityInterfaceForComposites._computeActorDepth(CausalityInterfaceForComposites.java:532)
	at ptolemy.actor.util.CausalityInterfaceForComposites.checkForCycles(CausalityInterfaceForComposites.java:96)
	at ptolemy.domains.de.kernel.DEDirector.preinitialize(DEDirector.java:1337)
	at ptolemy.actor.CompositeActor.preinitialize(CompositeActor.java:1828)
	at ptolemy.actor.Manager.preinitializeAndResolveTypes(Manager.java:1040)
	at ptolemy.actor.Manager.initialize(Manager.java:710)
	at ptolemy.actor.Manager.execute(Manager.java:356)
	at ptolemy.actor.Manager.run(Manager.java:1263)
	at ptolemy.actor.Manager$PtolemyRunThread.run(Manager.java:1915)

    while executing
ptolemy.kernel.util.IllegalActionException: Found a zero delay loop containing .dependencyLoop.original
  in .dependencyLoop and .dependencyLoop.original
    while executing
"java::new ptolemy.moml.MoMLSimpleApplication $file
"
    (procedure "createAndExecute" line 2)
    invoked from within
"createAndExecute $file"
    ("uplevel" body line 5)
    invoked from within
"uplevel $contents_of_test"
------------------ testing $PTII/ptolemy/domains/de/test/auto/knownFailedTests/DESDFClockTest.xml (Known Failure) 
2129 ms. Memory: 146944K Free: 117783K (80%)


==== $PTIIhome/travis/build/icyphy/ptII/ptolemy/domains/de/test/../../../../: Auto Automatic test in file $PTII/ptolemy/domains/de/test/auto/knownFailedTests/DESDFClockTest.xml
==== Contents of test case:

	    # FIXME: we should use $relativeFilename here, but it
	    # might have backslashes under Windows, which causes no end
	    # of trouble.
	    createAndExecute $file
	    list {}
	
.... Test generated KNOWN error:
    while executing
ptolemy.kernel.util.IllegalActionException: Actor is not ready to fire.  Perhaps UpSample.prefire() returned false? Try debugging the actor by selecting "Listen to Actor".  Also, for SDF check moml for tokenConsumptionRate on input.
  in .DESDFClockTest.Play Bell.Copy1:SDF Director and .DESDFClockTest.Play Bell.UpSample
	at ptolemy.actor.sched.StaticSchedulingDirector.fire(StaticSchedulingDirector.java:227)
	at ptolemy.domains.sdf.kernel.SDFDirector.fire(SDFDirector.java:500)
	at ptolemy.actor.CompositeActor.fire(CompositeActor.java:455)
	at ptolemy.domains.de.kernel.DEDirector._fire(DEDirector.java:1948)
	at ptolemy.domains.de.kernel.DEDirector.fire(DEDirector.java:502)
	at ptolemy.actor.CompositeActor.fire(CompositeActor.java:455)
	at ptolemy.actor.Manager.iterate(Manager.java:851)
	at ptolemy.actor.Manager.execute(Manager.java:369)
	at ptolemy.actor.Manager.run(Manager.java:1263)
	at ptolemy.actor.Manager$PtolemyRunThread.run(Manager.java:1915)

    while executing
ptolemy.kernel.util.IllegalActionException: Actor is not ready to fire.  Perhaps UpSample.prefire() returned false? Try debugging the actor by selecting "Listen to Actor".  Also, for SDF check moml for tokenConsumptionRate on input.
  in .DESDFClockTest.Play Bell.Copy1:SDF Director and .DESDFClockTest.Play Bell.UpSample
    while executing
"java::new ptolemy.moml.MoMLSimpleApplication $file
"
    (procedure "createAndExecute" line 2)
    invoked from within
"createAndExecute $file"
    ("uplevel" body line 5)
    invoked from within
"uplevel $contents_of_test"
------------------ testing $PTII/ptolemy/domains/de/test/auto/knownFailedTests/FSMSource.xml (Known Failure) 
22 ms. Memory: 146944K Free: 108803K (74%)
!!!! Auto was marked as failing, but now passes
------------------ testing $PTII/ptolemy/domains/de/test/auto/knownFailedTests/dependencyLoop2.xml (Known Failure) 
7 ms. Memory: 146944K Free: 106920K (73%)


==== $PTIIhome/travis/build/icyphy/ptII/ptolemy/domains/de/test/../../../../: Auto Automatic test in file $PTII/ptolemy/domains/de/test/auto/knownFailedTests/dependencyLoop2.xml
==== Contents of test case:

	    # FIXME: we should use $relativeFilename here, but it
	    # might have backslashes under Windows, which causes no end
	    # of trouble.
	    createAndExecute $file
	    list {}
	
.... Test generated KNOWN error:
    while executing
ptolemy.kernel.util.IllegalActionException: Found a zero delay loop containing .dependencyLoop2.original
  in .dependencyLoop2 and .dependencyLoop2.original
	at ptolemy.actor.util.CausalityInterfaceForComposites._computeOutputPortDepth(CausalityInterfaceForComposites.java:759)
	at ptolemy.actor.util.CausalityInterfaceForComposites._computeInputDepth(CausalityInterfaceForComposites.java:696)
	at ptolemy.actor.util.CausalityInterfaceForComposites._computeOutputPortDepth(CausalityInterfaceForComposites.java:765)
	at ptolemy.actor.util.CausalityInterfaceForComposites._computeInputDepth(CausalityInterfaceForComposites.java:696)
	at ptolemy.actor.util.CausalityInterfaceForComposites._computeOutputPortDepth(CausalityInterfaceForComposites.java:765)
	at ptolemy.actor.util.CausalityInterfaceForComposites._computeInputDepth(CausalityInterfaceForComposites.java:696)
	at ptolemy.actor.util.CausalityInterfaceForComposites._computeActorDepth(CausalityInterfaceForComposites.java:532)
	at ptolemy.actor.util.CausalityInterfaceForComposites.checkForCycles(CausalityInterfaceForComposites.java:96)
	at ptolemy.domains.de.kernel.DEDirector.preinitialize(DEDirector.java:1337)
	at ptolemy.actor.CompositeActor.preinitialize(CompositeActor.java:1828)
	at ptolemy.actor.Manager.preinitializeAndResolveTypes(Manager.java:1040)
	at ptolemy.actor.Manager.initialize(Manager.java:710)
	at ptolemy.actor.Manager.execute(Manager.java:356)
	at ptolemy.actor.Manager.run(Manager.java:1263)
	at ptolemy.actor.Manager$PtolemyRunThread.run(Manager.java:1915)

    while executing
ptolemy.kernel.util.IllegalActionException: Found a zero delay loop containing .dependencyLoop2.original
  in .dependencyLoop2 and .dependencyLoop2.original
    while executing
"java::new ptolemy.moml.MoMLSimpleApplication $file
"
    (procedure "createAndExecute" line 2)
    invoked from within
"createAndExecute $file"
    ("uplevel" body line 5)
    invoked from within
"uplevel $contents_of_test"
------------------ testing $PTII/ptolemy/domains/de/test/auto/knownFailedTests/HierarchicalModel.xml (Known Failure) 
6 ms. Memory: 146944K Free: 86324K (59%)


==== $PTIIhome/travis/build/icyphy/ptII/ptolemy/domains/de/test/../../../../: Auto Automatic test in file $PTII/ptolemy/domains/de/test/auto/knownFailedTests/HierarchicalModel.xml
==== Contents of test case:

	    # FIXME: we should use $relativeFilename here, but it
	    # might have backslashes under Windows, which causes no end
	    # of trouble.
	    createAndExecute $file
	    list {}
	
.... Test generated KNOWN error:
    while executing
ptolemy.kernel.util.IllegalActionException: Found a zero delay loop containing .HierarchicalModel.A
  in .HierarchicalModel and .HierarchicalModel.A
	at ptolemy.actor.util.CausalityInterfaceForComposites._computeOutputPortDepth(CausalityInterfaceForComposites.java:759)
	at ptolemy.actor.util.CausalityInterfaceForComposites._computeInputDepth(CausalityInterfaceForComposites.java:696)
	at ptolemy.actor.util.CausalityInterfaceForComposites._computeOutputPortDepth(CausalityInterfaceForComposites.java:765)
	at ptolemy.actor.util.CausalityInterfaceForComposites._computeInputDepth(CausalityInterfaceForComposites.java:696)
	at ptolemy.actor.util.CausalityInterfaceForComposites._computeOutputPortDepth(CausalityInterfaceForComposites.java:765)
	at ptolemy.actor.util.CausalityInterfaceForComposites._computeInputDepth(CausalityInterfaceForComposites.java:696)
	at ptolemy.actor.util.CausalityInterfaceForComposites._computeActorDepth(CausalityInterfaceForComposites.java:532)
	at ptolemy.actor.util.CausalityInterfaceForComposites.checkForCycles(CausalityInterfaceForComposites.java:96)
	at ptolemy.domains.de.kernel.DEDirector.preinitialize(DEDirector.java:1337)
	at ptolemy.actor.CompositeActor.preinitialize(CompositeActor.java:1828)
	at ptolemy.actor.Manager.preinitializeAndResolveTypes(Manager.java:1040)
	at ptolemy.actor.Manager.initialize(Manager.java:710)
	at ptolemy.actor.Manager.execute(Manager.java:356)
	at ptolemy.actor.Manager.run(Manager.java:1263)
	at ptolemy.actor.Manager$PtolemyRunThread.run(Manager.java:1915)

    while executing
ptolemy.kernel.util.IllegalActionException: Found a zero delay loop containing .HierarchicalModel.A
  in .HierarchicalModel and .HierarchicalModel.A
    while executing
"java::new ptolemy.moml.MoMLSimpleApplication $file
"
    (procedure "createAndExecute" line 2)
    invoked from within
"createAndExecute $file"
    ("uplevel" body line 5)
    invoked from within
"uplevel $contents_of_test"
------------------ testing $PTII/ptolemy/domains/de/test/auto/knownFailedTests/DirectFeedback.xml (Known Failure) 
18 ms. Memory: 146944K Free: 142601K (97%)


==== $PTIIhome/travis/build/icyphy/ptII/ptolemy/domains/de/test/../../../../: Auto Automatic test in file $PTII/ptolemy/domains/de/test/auto/knownFailedTests/DirectFeedback.xml
==== Contents of test case:

	    # FIXME: we should use $relativeFilename here, but it
	    # might have backslashes under Windows, which causes no end
	    # of trouble.
	    createAndExecute $file
	    list {}
	
.... Test generated KNOWN error:
    while executing
ptolemy.kernel.util.IllegalActionException: Test fails in iteration 1.
Value was: 1.0. Should have been: 2.0
  in .DirectFeedback.Test
	at ptolemy.actor.lib.Test.fire(Test.java:268)
	at ptolemy.domains.de.kernel.DEDirector._fire(DEDirector.java:1948)
	at ptolemy.domains.de.kernel.DEDirector.fire(DEDirector.java:502)
	at ptolemy.actor.CompositeActor.fire(CompositeActor.java:455)
	at ptolemy.actor.Manager.iterate(Manager.java:851)
	at ptolemy.actor.Manager.execute(Manager.java:369)
	at ptolemy.actor.Manager.run(Manager.java:1263)
	at ptolemy.actor.Manager$PtolemyRunThread.run(Manager.java:1915)

    while executing
ptolemy.kernel.util.IllegalActionException: Test fails in iteration 1.
Value was: 1.0. Should have been: 2.0
  in .DirectFeedback.Test
    while executing
"java::new ptolemy.moml.MoMLSimpleApplication $file
"
    (procedure "createAndExecute" line 2)
    invoked from within
"createAndExecute $file"
    ("uplevel" body line 5)
    invoked from within
"uplevel $contents_of_test"
------------------ testing $PTII/ptolemy/domains/de/test/auto/ActorDepthCalculation_actorWithoutPorts.xml
auto.tcl: Setting watchdog for 200 seconds at Fri Apr 27 04:44:19 UTC 2018
5 ms. Memory: 146944K Free: 133625K (91%)
ptolemy.util.test.WatchDog.cancel(): canceling Fri Apr 27 04:44:19 UTC 2018
auto.tcl: Setting watchdog for 200 seconds at Fri Apr 27 04:44:19 UTC 2018
6 ms. Memory: 146944K Free: 132585K (90%)
ptolemy.util.test.WatchDog.cancel(): canceling Fri Apr 27 04:44:19 UTC 2018
------------------ testing $PTII/ptolemy/domains/de/test/auto/AssemblyLine.xml
auto.tcl: Setting watchdog for 200 seconds at Fri Apr 27 04:44:19 UTC 2018
22 ms. Memory: 208384K Free: 186357K (89%)
ptolemy.util.test.WatchDog.cancel(): canceling Fri Apr 27 04:44:20 UTC 2018
auto.tcl: Setting watchdog for 200 seconds at Fri Apr 27 04:44:20 UTC 2018
12 ms. Memory: 208384K Free: 186357K (89%)
ptolemy.util.test.WatchDog.cancel(): canceling Fri Apr 27 04:44:20 UTC 2018
------------------ testing $PTII/ptolemy/domains/de/test/auto/CQBug1.xml
auto.tcl: Setting watchdog for 200 seconds at Fri Apr 27 04:44:20 UTC 2018
7 ms. Memory: 208384K Free: 197736K (95%)
ptolemy.util.test.WatchDog.cancel(): canceling Fri Apr 27 04:44:20 UTC 2018
auto.tcl: Setting watchdog for 200 seconds at Fri Apr 27 04:44:20 UTC 2018
3 ms. Memory: 208384K Free: 197736K (95%)
ptolemy.util.test.WatchDog.cancel(): canceling Fri Apr 27 04:44:20 UTC 2018
------------------ testing $PTII/ptolemy/domains/de/test/auto/CancelFireAt.xml
auto.tcl: Setting watchdog for 200 seconds at Fri Apr 27 04:44:20 UTC 2018
15 ms. Memory: 208384K Free: 201113K (97%)
ptolemy.util.test.WatchDog.cancel(): canceling Fri Apr 27 04:44:20 UTC 2018
auto.tcl: Setting watchdog for 200 seconds at Fri Apr 27 04:44:20 UTC 2018
7 ms. Memory: 208384K Free: 199019K (96%)
ptolemy.util.test.WatchDog.cancel(): canceling Fri Apr 27 04:44:20 UTC 2018
------------------ testing $PTII/ptolemy/domains/de/test/auto/CausalityAndComposabilityAnalysis.xml
auto.tcl: Setting watchdog for 200 seconds at Fri Apr 27 04:44:20 UTC 2018
10 ms. Memory: 208384K Free: 196522K (94%)
ptolemy.util.test.WatchDog.cancel(): canceling Fri Apr 27 04:44:20 UTC 2018
auto.tcl: Setting watchdog for 200 seconds at Fri Apr 27 04:44:20 UTC 2018
7 ms. Memory: 208384K Free: 196522K (94%)
ptolemy.util.test.WatchDog.cancel(): canceling Fri Apr 27 04:44:20 UTC 2018
------------------ testing $PTII/ptolemy/domains/de/test/auto/CausalityInterface1.xml
auto.tcl: Setting watchdog for 200 seconds at Fri Apr 27 04:44:20 UTC 2018
16 ms. Memory: 208384K Free: 196459K (94%)
ptolemy.util.test.WatchDog.cancel(): canceling Fri Apr 27 04:44:20 UTC 2018
auto.tcl: Setting watchdog for 200 seconds at Fri Apr 27 04:44:20 UTC 2018
9 ms. Memory: 208384K Free: 196459K (94%)
ptolemy.util.test.WatchDog.cancel(): canceling Fri Apr 27 04:44:20 UTC 2018
------------------ testing $PTII/ptolemy/domains/de/test/auto/CausalityInterface15.xml
auto.tcl: Setting watchdog for 200 seconds at Fri Apr 27 04:44:20 UTC 2018
16 ms. Memory: 208384K Free: 196449K (94%)
ptolemy.util.test.WatchDog.cancel(): canceling Fri Apr 27 04:44:20 UTC 2018
auto.tcl: Setting watchdog for 200 seconds at Fri Apr 27 04:44:20 UTC 2018
3 ms. Memory: 208384K Free: 196449K (94%)
ptolemy.util.test.WatchDog.cancel(): canceling Fri Apr 27 04:44:20 UTC 2018
------------------ testing $PTII/ptolemy/domains/de/test/auto/CausalityInterface2.xml
auto.tcl: Setting watchdog for 200 seconds at Fri Apr 27 04:44:20 UTC 2018
4 ms. Memory: 208384K Free: 196433K (94%)
ptolemy.util.test.WatchDog.cancel(): canceling Fri Apr 27 04:44:20 UTC 2018
auto.tcl: Setting watchdog for 200 seconds at Fri Apr 27 04:44:20 UTC 2018
3 ms. Memory: 208384K Free: 196433K (94%)
ptolemy.util.test.WatchDog.cancel(): canceling Fri Apr 27 04:44:20 UTC 2018
------------------ testing $PTII/ptolemy/domains/de/test/auto/CausalityInterface3.xml
auto.tcl: Setting watchdog for 200 seconds at Fri Apr 27 04:44:20 UTC 2018
6 ms. Memory: 208384K Free: 196784K (94%)
ptolemy.util.test.WatchDog.cancel(): canceling Fri Apr 27 04:44:20 UTC 2018
auto.tcl: Setting watchdog for 200 seconds at Fri Apr 27 04:44:20 UTC 2018
3 ms. Memory: 208384K Free: 196446K (94%)
ptolemy.util.test.WatchDog.cancel(): canceling Fri Apr 27 04:44:20 UTC 2018
------------------ testing $PTII/ptolemy/domains/de/test/auto/ClockDrift.xml
auto.tcl: Setting watchdog for 200 seconds at Fri Apr 27 04:44:20 UTC 2018
63 ms. Memory: 208384K Free: 187696K (90%)
ptolemy.util.test.WatchDog.cancel(): canceling Fri Apr 27 04:44:20 UTC 2018
auto.tcl: Setting watchdog for 200 seconds at Fri Apr 27 04:44:20 UTC 2018
45 ms. Memory: 208384K Free: 185602K (89%)
ptolemy.util.test.WatchDog.cancel(): canceling Fri Apr 27 04:44:21 UTC 2018
------------------ testing $PTII/ptolemy/domains/de/test/auto/ClockDriftAndValueChange.xml
auto.tcl: Setting watchdog for 200 seconds at Fri Apr 27 04:44:21 UTC 2018
38 ms. Memory: 208384K Free: 187533K (90%)
ptolemy.util.test.WatchDog.cancel(): canceling Fri Apr 27 04:44:21 UTC 2018
auto.tcl: Setting watchdog for 200 seconds at Fri Apr 27 04:44:21 UTC 2018
40 ms. Memory: 208384K Free: 185439K (89%)
ptolemy.util.test.WatchDog.cancel(): canceling Fri Apr 27 04:44:21 UTC 2018
------------------ testing $PTII/ptolemy/domains/de/test/auto/ClockDriftChange.xml
auto.tcl: Setting watchdog for 200 seconds at Fri Apr 27 04:44:21 UTC 2018
46 ms. Memory: 208384K Free: 190851K (92%)
ptolemy.util.test.WatchDog.cancel(): canceling Fri Apr 27 04:44:21 UTC 2018
auto.tcl: Setting watchdog for 200 seconds at Fri Apr 27 04:44:21 UTC 2018
34 ms. Memory: 208384K Free: 188757K (91%)
ptolemy.util.test.WatchDog.cancel(): canceling Fri Apr 27 04:44:21 UTC 2018
------------------ testing $PTII/ptolemy/domains/de/test/auto/ComposableCausalityAnalysis.xml
auto.tcl: Setting watchdog for 200 seconds at Fri Apr 27 04:44:21 UTC 2018
2 ms. Memory: 208384K Free: 196303K (94%)
ptolemy.util.test.WatchDog.cancel(): canceling Fri Apr 27 04:44:21 UTC 2018
auto.tcl: Setting watchdog for 200 seconds at Fri Apr 27 04:44:21 UTC 2018
2 ms. Memory: 208384K Free: 194209K (93%)
ptolemy.util.test.WatchDog.cancel(): canceling Fri Apr 27 04:44:21 UTC 2018
------------------ testing $PTII/ptolemy/domains/de/test/auto/DEFixedPointLimitation.xml
auto.tcl: Setting watchdog for 200 seconds at Fri Apr 27 04:44:21 UTC 2018
3 ms. Memory: 208384K Free: 196383K (94%)
ptolemy.util.test.WatchDog.cancel(): canceling Fri Apr 27 04:44:21 UTC 2018
auto.tcl: Setting watchdog for 200 seconds at Fri Apr 27 04:44:21 UTC 2018
2 ms. Memory: 208384K Free: 196383K (94%)
ptolemy.util.test.WatchDog.cancel(): canceling Fri Apr 27 04:44:21 UTC 2018
------------------ testing $PTII/ptolemy/domains/de/test/auto/DEScheduleTest.xml
auto.tcl: Setting watchdog for 200 seconds at Fri Apr 27 04:44:21 UTC 2018
5 ms. Memory: 208384K Free: 198850K (95%)
ptolemy.util.test.WatchDog.cancel(): canceling Fri Apr 27 04:44:21 UTC 2018
auto.tcl: Setting watchdog for 200 seconds at Fri Apr 27 04:44:21 UTC 2018
5 ms. Memory: 208384K Free: 196418K (94%)
ptolemy.util.test.WatchDog.cancel(): canceling Fri Apr 27 04:44:21 UTC 2018
------------------ testing $PTII/ptolemy/domains/de/test/auto/DEinDEwithStartTimes.xml
auto.tcl: Setting watchdog for 200 seconds at Fri Apr 27 04:44:21 UTC 2018
7 ms. Memory: 208384K Free: 196388K (94%)
ptolemy.util.test.WatchDog.cancel(): canceling Fri Apr 27 04:44:21 UTC 2018
auto.tcl: Setting watchdog for 200 seconds at Fri Apr 27 04:44:21 UTC 2018
7 ms. Memory: 208384K Free: 194294K (93%)
ptolemy.util.test.WatchDog.cancel(): canceling Fri Apr 27 04:44:21 UTC 2018
------------------ testing $PTII/ptolemy/domains/de/test/auto/DEinDEwithStartTimes2.xml
auto.tcl: Setting watchdog for 200 seconds at Fri Apr 27 04:44:21 UTC 2018
5 ms. Memory: 208384K Free: 196367K (94%)
ptolemy.util.test.WatchDog.cancel(): canceling Fri Apr 27 04:44:21 UTC 2018
auto.tcl: Setting watchdog for 200 seconds at Fri Apr 27 04:44:21 UTC 2018
4 ms. Memory: 208384K Free: 194273K (93%)
ptolemy.util.test.WatchDog.cancel(): canceling Fri Apr 27 04:44:21 UTC 2018
------------------ testing $PTII/ptolemy/domains/de/test/auto/DateDemo.xml
auto.tcl: Setting watchdog for 200 seconds at Fri Apr 27 04:44:21 UTC 2018
16 ms. Memory: 208384K Free: 188821K (91%)
ptolemy.util.test.WatchDog.cancel(): canceling Fri Apr 27 04:44:21 UTC 2018
auto.tcl: Setting watchdog for 200 seconds at Fri Apr 27 04:44:21 UTC 2018
11 ms. Memory: 208384K Free: 186727K (90%)
ptolemy.util.test.WatchDog.cancel(): canceling Fri Apr 27 04:44:22 UTC 2018
------------------ testing $PTII/ptolemy/domains/de/test/auto/DateToEvent.xml
auto.tcl: Setting watchdog for 200 seconds at Fri Apr 27 04:44:22 UTC 2018
2012 ms. Memory: 208384K Free: 183569K (88%)
ptolemy.util.test.WatchDog.cancel(): canceling Fri Apr 27 04:44:24 UTC 2018
auto.tcl: Setting watchdog for 200 seconds at Fri Apr 27 04:44:24 UTC 2018
2005 ms. Memory: 208384K Free: 181112K (87%)
ptolemy.util.test.WatchDog.cancel(): canceling Fri Apr 27 04:44:26 UTC 2018
------------------ testing $PTII/ptolemy/domains/de/test/auto/DepthTest1.xml
auto.tcl: Setting watchdog for 200 seconds at Fri Apr 27 04:44:26 UTC 2018
4 ms. Memory: 208384K Free: 198376K (95%)
ptolemy.util.test.WatchDog.cancel(): canceling Fri Apr 27 04:44:26 UTC 2018
auto.tcl: Setting watchdog for 200 seconds at Fri Apr 27 04:44:26 UTC 2018
2 ms. Memory: 208384K Free: 198376K (95%)
ptolemy.util.test.WatchDog.cancel(): canceling Fri Apr 27 04:44:26 UTC 2018
------------------ testing $PTII/ptolemy/domains/de/test/auto/DepthTest2.xml
auto.tcl: Setting watchdog for 200 seconds at Fri Apr 27 04:44:26 UTC 2018
9 ms. Memory: 208384K Free: 194251K (93%)
ptolemy.util.test.WatchDog.cancel(): canceling Fri Apr 27 04:44:26 UTC 2018
auto.tcl: Setting watchdog for 200 seconds at Fri Apr 27 04:44:26 UTC 2018
4 ms. Memory: 208384K Free: 194251K (93%)
ptolemy.util.test.WatchDog.cancel(): canceling Fri Apr 27 04:44:26 UTC 2018
------------------ testing $PTII/ptolemy/domains/de/test/auto/DepthTest3.xml
auto.tcl: Setting watchdog for 200 seconds at Fri Apr 27 04:44:26 UTC 2018
3 ms. Memory: 208384K Free: 198373K (95%)
ptolemy.util.test.WatchDog.cancel(): canceling Fri Apr 27 04:44:26 UTC 2018
auto.tcl: Setting watchdog for 200 seconds at Fri Apr 27 04:44:26 UTC 2018
4 ms. Memory: 208384K Free: 198373K (95%)
ptolemy.util.test.WatchDog.cancel(): canceling Fri Apr 27 04:44:26 UTC 2018
------------------ testing $PTII/ptolemy/domains/de/test/auto/DepthTest4.xml
auto.tcl: Setting watchdog for 200 seconds at Fri Apr 27 04:44:26 UTC 2018
6 ms. Memory: 208384K Free: 196364K (94%)
ptolemy.util.test.WatchDog.cancel(): canceling Fri Apr 27 04:44:26 UTC 2018
auto.tcl: Setting watchdog for 200 seconds at Fri Apr 27 04:44:26 UTC 2018
3 ms. Memory: 208384K Free: 196364K (94%)
ptolemy.util.test.WatchDog.cancel(): canceling Fri Apr 27 04:44:26 UTC 2018
------------------ testing $PTII/ptolemy/domains/de/test/auto/DepthTest5.xml
auto.tcl: Setting watchdog for 200 seconds at Fri Apr 27 04:44:26 UTC 2018
4 ms. Memory: 208384K Free: 196312K (94%)
ptolemy.util.test.WatchDog.cancel(): canceling Fri Apr 27 04:44:26 UTC 2018
auto.tcl: Setting watchdog for 200 seconds at Fri Apr 27 04:44:26 UTC 2018
2 ms. Memory: 208384K Free: 196312K (94%)
ptolemy.util.test.WatchDog.cancel(): canceling Fri Apr 27 04:44:26 UTC 2018
------------------ testing $PTII/ptolemy/domains/de/test/auto/DepthTest6.xml
auto.tcl: Setting watchdog for 200 seconds at Fri Apr 27 04:44:26 UTC 2018
8 ms. Memory: 208384K Free: 196281K (94%)
ptolemy.util.test.WatchDog.cancel(): canceling Fri Apr 27 04:44:26 UTC 2018
auto.tcl: Setting watchdog for 200 seconds at Fri Apr 27 04:44:26 UTC 2018
3 ms. Memory: 208384K Free: 196281K (94%)
ptolemy.util.test.WatchDog.cancel(): canceling Fri Apr 27 04:44:26 UTC 2018
------------------ testing $PTII/ptolemy/domains/de/test/auto/DepthTest7.xml
auto.tcl: Setting watchdog for 200 seconds at Fri Apr 27 04:44:26 UTC 2018
3 ms. Memory: 208384K Free: 196269K (94%)
ptolemy.util.test.WatchDog.cancel(): canceling Fri Apr 27 04:44:26 UTC 2018
auto.tcl: Setting watchdog for 200 seconds at Fri Apr 27 04:44:26 UTC 2018
3 ms. Memory: 208384K Free: 196269K (94%)
ptolemy.util.test.WatchDog.cancel(): canceling Fri Apr 27 04:44:26 UTC 2018
------------------ testing $PTII/ptolemy/domains/de/test/auto/EventToDate.xml
auto.tcl: Setting watchdog for 200 seconds at Fri Apr 27 04:44:26 UTC 2018
3010 ms. Memory: 208384K Free: 185820K (89%)
ptolemy.util.test.WatchDog.cancel(): canceling Fri Apr 27 04:44:29 UTC 2018
auto.tcl: Setting watchdog for 200 seconds at Fri Apr 27 04:44:29 UTC 2018
3004 ms. Memory: 208384K Free: 185820K (89%)
ptolemy.util.test.WatchDog.cancel(): canceling Fri Apr 27 04:44:32 UTC 2018
------------------ testing $PTII/ptolemy/domains/de/test/auto/FSM1.xml
auto.tcl: Setting watchdog for 200 seconds at Fri Apr 27 04:44:32 UTC 2018
26 ms. Memory: 208384K Free: 189334K (91%)
ptolemy.util.test.WatchDog.cancel(): canceling Fri Apr 27 04:44:32 UTC 2018
auto.tcl: Setting watchdog for 200 seconds at Fri Apr 27 04:44:32 UTC 2018
16 ms. Memory: 208384K Free: 185146K (89%)
ptolemy.util.test.WatchDog.cancel(): canceling Fri Apr 27 04:44:32 UTC 2018
------------------ testing $PTII/ptolemy/domains/de/test/auto/FSM7.xml
auto.tcl: Setting watchdog for 200 seconds at Fri Apr 27 04:44:33 UTC 2018
36 ms. Memory: 208384K Free: 187443K (90%)
ptolemy.util.test.WatchDog.cancel(): canceling Fri Apr 27 04:44:33 UTC 2018
auto.tcl: Setting watchdog for 200 seconds at Fri Apr 27 04:44:33 UTC 2018
27 ms. Memory: 208384K Free: 185349K (89%)
ptolemy.util.test.WatchDog.cancel(): canceling Fri Apr 27 04:44:33 UTC 2018
------------------ testing $PTII/ptolemy/domains/de/test/auto/Inspection.xml
auto.tcl: Setting watchdog for 200 seconds at Fri Apr 27 04:44:33 UTC 2018
62 ms. Memory: 208384K Free: 188656K (91%)
ptolemy.util.test.WatchDog.cancel(): canceling Fri Apr 27 04:44:33 UTC 2018
auto.tcl: Setting watchdog for 200 seconds at Fri Apr 27 04:44:33 UTC 2018
41 ms. Memory: 208384K Free: 186561K (90%)
ptolemy.util.test.WatchDog.cancel(): canceling Fri Apr 27 04:44:33 UTC 2018
------------------ testing $PTII/ptolemy/domains/de/test/auto/Iteration.xml
auto.tcl: Setting watchdog for 200 seconds at Fri Apr 27 04:44:33 UTC 2018
11 ms. Memory: 208384K Free: 193981K (93%)
ptolemy.util.test.WatchDog.cancel(): canceling Fri Apr 27 04:44:33 UTC 2018
auto.tcl: Setting watchdog for 200 seconds at Fri Apr 27 04:44:33 UTC 2018
9 ms. Memory: 208384K Free: 193981K (93%)
ptolemy.util.test.WatchDog.cancel(): canceling Fri Apr 27 04:44:33 UTC 2018
------------------ testing $PTII/ptolemy/domains/de/test/auto/LineFault.xml
auto.tcl: Setting watchdog for 200 seconds at Fri Apr 27 04:44:33 UTC 2018
832 ms. Memory: 208384K Free: 196226K (94%)
ptolemy.util.test.WatchDog.cancel(): canceling Fri Apr 27 04:44:34 UTC 2018
auto.tcl: Setting watchdog for 200 seconds at Fri Apr 27 04:44:34 UTC 2018
786 ms. Memory: 208384K Free: 139051K (67%)
ptolemy.util.test.WatchDog.cancel(): canceling Fri Apr 27 04:44:35 UTC 2018
------------------ testing $PTII/ptolemy/domains/de/test/auto/MergeModel1Add.xml
auto.tcl: Setting watchdog for 200 seconds at Fri Apr 27 04:44:35 UTC 2018
29 ms. Memory: 331264K Free: 302825K (91%)
ptolemy.util.test.WatchDog.cancel(): canceling Fri Apr 27 04:44:35 UTC 2018
auto.tcl: Setting watchdog for 200 seconds at Fri Apr 27 04:44:35 UTC 2018
13 ms. Memory: 331264K Free: 298879K (90%)
ptolemy.util.test.WatchDog.cancel(): canceling Fri Apr 27 04:44:35 UTC 2018
------------------ testing $PTII/ptolemy/domains/de/test/auto/MergeModel2Add.xml
auto.tcl: Setting watchdog for 200 seconds at Fri Apr 27 04:44:35 UTC 2018
9 ms. Memory: 331264K Free: 304162K (92%)
ptolemy.util.test.WatchDog.cancel(): canceling Fri Apr 27 04:44:35 UTC 2018
auto.tcl: Setting watchdog for 200 seconds at Fri Apr 27 04:44:35 UTC 2018
10 ms. Memory: 331264K Free: 300215K (91%)
ptolemy.util.test.WatchDog.cancel(): canceling Fri Apr 27 04:44:35 UTC 2018
------------------ testing $PTII/ptolemy/domains/de/test/auto/MergeModel3Add.xml
auto.tcl: Setting watchdog for 200 seconds at Fri Apr 27 04:44:35 UTC 2018
11 ms. Memory: 331264K Free: 304172K (92%)
ptolemy.util.test.WatchDog.cancel(): canceling Fri Apr 27 04:44:35 UTC 2018
auto.tcl: Setting watchdog for 200 seconds at Fri Apr 27 04:44:35 UTC 2018
9 ms. Memory: 331264K Free: 300226K (91%)
ptolemy.util.test.WatchDog.cancel(): canceling Fri Apr 27 04:44:35 UTC 2018
------------------ testing $PTII/ptolemy/domains/de/test/auto/MergeWithoutDiscard.xml
auto.tcl: Setting watchdog for 200 seconds at Fri Apr 27 04:44:35 UTC 2018
4 ms. Memory: 331264K Free: 316294K (95%)
ptolemy.util.test.WatchDog.cancel(): canceling Fri Apr 27 04:44:35 UTC 2018
auto.tcl: Setting watchdog for 200 seconds at Fri Apr 27 04:44:35 UTC 2018
2 ms. Memory: 331264K Free: 316294K (95%)
ptolemy.util.test.WatchDog.cancel(): canceling Fri Apr 27 04:44:35 UTC 2018
------------------ testing $PTII/ptolemy/domains/de/test/auto/Modal1.xml
auto.tcl: Setting watchdog for 200 seconds at Fri Apr 27 04:44:35 UTC 2018
21 ms. Memory: 331264K Free: 309919K (94%)
ptolemy.util.test.WatchDog.cancel(): canceling Fri Apr 27 04:44:36 UTC 2018
auto.tcl: Setting watchdog for 200 seconds at Fri Apr 27 04:44:36 UTC 2018
30 ms. Memory: 331264K Free: 305972K (92%)
ptolemy.util.test.WatchDog.cancel(): canceling Fri Apr 27 04:44:36 UTC 2018
------------------ testing $PTII/ptolemy/domains/de/test/auto/Modal2.xml
auto.tcl: Setting watchdog for 200 seconds at Fri Apr 27 04:44:36 UTC 2018
12 ms. Memory: 331264K Free: 309792K (94%)
ptolemy.util.test.WatchDog.cancel(): canceling Fri Apr 27 04:44:36 UTC 2018
auto.tcl: Setting watchdog for 200 seconds at Fri Apr 27 04:44:36 UTC 2018
12 ms. Memory: 331264K Free: 305845K (92%)
ptolemy.util.test.WatchDog.cancel(): canceling Fri Apr 27 04:44:36 UTC 2018
------------------ testing $PTII/ptolemy/domains/de/test/auto/Modal3.xml
auto.tcl: Setting watchdog for 200 seconds at Fri Apr 27 04:44:36 UTC 2018
12 ms. Memory: 331264K Free: 310060K (94%)
ptolemy.util.test.WatchDog.cancel(): canceling Fri Apr 27 04:44:36 UTC 2018
auto.tcl: Setting watchdog for 200 seconds at Fri Apr 27 04:44:36 UTC 2018
12 ms. Memory: 331264K Free: 306113K (92%)
ptolemy.util.test.WatchDog.cancel(): canceling Fri Apr 27 04:44:36 UTC 2018
------------------ testing $PTII/ptolemy/domains/de/test/auto/Modal4.xml
auto.tcl: Setting watchdog for 200 seconds at Fri Apr 27 04:44:36 UTC 2018
13 ms. Memory: 331264K Free: 310073K (94%)
ptolemy.util.test.WatchDog.cancel(): canceling Fri Apr 27 04:44:36 UTC 2018
auto.tcl: Setting watchdog for 200 seconds at Fri Apr 27 04:44:36 UTC 2018
15 ms. Memory: 331264K Free: 305841K (92%)
ptolemy.util.test.WatchDog.cancel(): canceling Fri Apr 27 04:44:36 UTC 2018
------------------ testing $PTII/ptolemy/domains/de/test/auto/Modal5.xml
auto.tcl: Setting watchdog for 200 seconds at Fri Apr 27 04:44:36 UTC 2018
17 ms. Memory: 331264K Free: 309775K (94%)
ptolemy.util.test.WatchDog.cancel(): canceling Fri Apr 27 04:44:36 UTC 2018
auto.tcl: Setting watchdog for 200 seconds at Fri Apr 27 04:44:36 UTC 2018
16 ms. Memory: 331264K Free: 305829K (92%)
ptolemy.util.test.WatchDog.cancel(): canceling Fri Apr 27 04:44:36 UTC 2018
------------------ testing $PTII/ptolemy/domains/de/test/auto/Modal6.xml
auto.tcl: Setting watchdog for 200 seconds at Fri Apr 27 04:44:36 UTC 2018
19 ms. Memory: 331264K Free: 304857K (92%)
ptolemy.util.test.WatchDog.cancel(): canceling Fri Apr 27 04:44:36 UTC 2018
auto.tcl: Setting watchdog for 200 seconds at Fri Apr 27 04:44:36 UTC 2018
18 ms. Memory: 331264K Free: 300911K (91%)
ptolemy.util.test.WatchDog.cancel(): canceling Fri Apr 27 04:44:36 UTC 2018
------------------ testing $PTII/ptolemy/domains/de/test/auto/Modal7.xml
auto.tcl: Setting watchdog for 200 seconds at Fri Apr 27 04:44:36 UTC 2018
20 ms. Memory: 331264K Free: 309772K (94%)
ptolemy.util.test.WatchDog.cancel(): canceling Fri Apr 27 04:44:36 UTC 2018
auto.tcl: Setting watchdog for 200 seconds at Fri Apr 27 04:44:36 UTC 2018
13 ms. Memory: 331264K Free: 305826K (92%)
ptolemy.util.test.WatchDog.cancel(): canceling Fri Apr 27 04:44:36 UTC 2018
------------------ testing $PTII/ptolemy/domains/de/test/auto/ModalModel.xml
auto.tcl: Setting watchdog for 200 seconds at Fri Apr 27 04:44:36 UTC 2018
256 ms. Memory: 331264K Free: 246235K (74%)
ptolemy.util.test.WatchDog.cancel(): canceling Fri Apr 27 04:44:37 UTC 2018
auto.tcl: Setting watchdog for 200 seconds at Fri Apr 27 04:44:37 UTC 2018
233 ms. Memory: 331264K Free: 190813K (58%)
ptolemy.util.test.WatchDog.cancel(): canceling Fri Apr 27 04:44:37 UTC 2018
------------------ testing $PTII/ptolemy/domains/de/test/auto/ModalSource.xml
auto.tcl: Setting watchdog for 200 seconds at Fri Apr 27 04:44:37 UTC 2018
11 ms. Memory: 331264K Free: 316541K (96%)
ptolemy.util.test.WatchDog.cancel(): canceling Fri Apr 27 04:44:37 UTC 2018
auto.tcl: Setting watchdog for 200 seconds at Fri Apr 27 04:44:37 UTC 2018
6 ms. Memory: 331264K Free: 313026K (94%)
ptolemy.util.test.WatchDog.cancel(): canceling Fri Apr 27 04:44:37 UTC 2018
------------------ testing $PTII/ptolemy/domains/de/test/auto/NonInterruptibleTimerZeroDelay.xml
auto.tcl: Setting watchdog for 200 seconds at Fri Apr 27 04:44:37 UTC 2018
4 ms. Memory: 331264K Free: 320909K (97%)
ptolemy.util.test.WatchDog.cancel(): canceling Fri Apr 27 04:44:37 UTC 2018
auto.tcl: Setting watchdog for 200 seconds at Fri Apr 27 04:44:37 UTC 2018
3 ms. Memory: 331264K Free: 317378K (96%)
ptolemy.util.test.WatchDog.cancel(): canceling Fri Apr 27 04:44:37 UTC 2018
------------------ testing $PTII/ptolemy/domains/de/test/auto/OpenQueueingNetwork.xml
auto.tcl: Setting watchdog for 200 seconds at Fri Apr 27 04:44:37 UTC 2018
3321 ms. Memory: 317952K Free: 179408K (56%)
ptolemy.util.test.WatchDog.cancel(): canceling Fri Apr 27 04:44:41 UTC 2018
auto.tcl: Setting watchdog for 200 seconds at Fri Apr 27 04:44:41 UTC 2018
2805 ms. Memory: 297472K Free: 78109K (26%)
ptolemy.util.test.WatchDog.cancel(): canceling Fri Apr 27 04:44:43 UTC 2018
------------------ testing $PTII/ptolemy/domains/de/test/auto/OpenQueuingNetwork.xml
auto.tcl: Setting watchdog for 200 seconds at Fri Apr 27 04:44:43 UTC 2018
286 ms. Memory: 296448K Free: 199786K (67%)
ptolemy.util.test.WatchDog.cancel(): canceling Fri Apr 27 04:44:44 UTC 2018
auto.tcl: Setting watchdog for 200 seconds at Fri Apr 27 04:44:44 UTC 2018
283 ms. Memory: 296448K Free: 142732K (48%)
ptolemy.util.test.WatchDog.cancel(): canceling Fri Apr 27 04:44:44 UTC 2018
------------------ testing $PTII/ptolemy/domains/de/test/auto/PeriodicSampler.xml
auto.tcl: Setting watchdog for 200 seconds at Fri Apr 27 04:44:44 UTC 2018
3 ms. Memory: 296960K Free: 284484K (96%)
ptolemy.util.test.WatchDog.cancel(): canceling Fri Apr 27 04:44:44 UTC 2018
auto.tcl: Setting watchdog for 200 seconds at Fri Apr 27 04:44:44 UTC 2018
2 ms. Memory: 296960K Free: 281416K (95%)
ptolemy.util.test.WatchDog.cancel(): canceling Fri Apr 27 04:44:44 UTC 2018
------------------ testing $PTII/ptolemy/domains/de/test/auto/PersistentIO.xml
auto.tcl: Setting watchdog for 200 seconds at Fri Apr 27 04:44:44 UTC 2018
12 ms. Memory: 296448K Free: 278452K (94%)
ptolemy.util.test.WatchDog.cancel(): canceling Fri Apr 27 04:44:44 UTC 2018
auto.tcl: Setting watchdog for 200 seconds at Fri Apr 27 04:44:44 UTC 2018
4 ms. Memory: 296448K Free: 275399K (93%)
ptolemy.util.test.WatchDog.cancel(): canceling Fri Apr 27 04:44:44 UTC 2018
------------------ testing $PTII/ptolemy/domains/de/test/auto/PortParameterResetOnInitialize.xml
auto.tcl: Setting watchdog for 200 seconds at Fri Apr 27 04:44:44 UTC 2018
2 ms. Memory: 296448K Free: 281260K (95%)
ptolemy.util.test.WatchDog.cancel(): canceling Fri Apr 27 04:44:44 UTC 2018
auto.tcl: Setting watchdog for 200 seconds at Fri Apr 27 04:44:44 UTC 2018
2 ms. Memory: 296448K Free: 281260K (95%)
ptolemy.util.test.WatchDog.cancel(): canceling Fri Apr 27 04:44:44 UTC 2018
------------------ testing $PTII/ptolemy/domains/de/test/auto/PortParameterUpdates.xml
auto.tcl: Setting watchdog for 200 seconds at Fri Apr 27 04:44:44 UTC 2018
5 ms. Memory: 298496K Free: 283554K (95%)
ptolemy.util.test.WatchDog.cancel(): canceling Fri Apr 27 04:44:44 UTC 2018
auto.tcl: Setting watchdog for 200 seconds at Fri Apr 27 04:44:44 UTC 2018
5 ms. Memory: 298496K Free: 280486K (94%)
ptolemy.util.test.WatchDog.cancel(): canceling Fri Apr 27 04:44:44 UTC 2018
------------------ testing $PTII/ptolemy/domains/de/test/auto/QueueAndServer.xml
auto.tcl: Setting watchdog for 200 seconds at Fri Apr 27 04:44:44 UTC 2018
13 ms. Memory: 296448K Free: 278303K (94%)
ptolemy.util.test.WatchDog.cancel(): canceling Fri Apr 27 04:44:44 UTC 2018
auto.tcl: Setting watchdog for 200 seconds at Fri Apr 27 04:44:44 UTC 2018
6 ms. Memory: 296448K Free: 278303K (94%)
ptolemy.util.test.WatchDog.cancel(): canceling Fri Apr 27 04:44:44 UTC 2018
------------------ testing $PTII/ptolemy/domains/de/test/auto/Records.xml
auto.tcl: Setting watchdog for 200 seconds at Fri Apr 27 04:44:44 UTC 2018
6 ms. Memory: 298496K Free: 285496K (96%)
ptolemy.util.test.WatchDog.cancel(): canceling Fri Apr 27 04:44:45 UTC 2018
auto.tcl: Setting watchdog for 200 seconds at Fri Apr 27 04:44:45 UTC 2018
2 ms. Memory: 298496K Free: 285496K (96%)
ptolemy.util.test.WatchDog.cancel(): canceling Fri Apr 27 04:44:45 UTC 2018
------------------ testing $PTII/ptolemy/domains/de/test/auto/ResetTransitionWithStartTime1.xml
auto.tcl: Setting watchdog for 200 seconds at Fri Apr 27 04:44:45 UTC 2018
14 ms. Memory: 296448K Free: 280404K (95%)
ptolemy.util.test.WatchDog.cancel(): canceling Fri Apr 27 04:44:45 UTC 2018
auto.tcl: Setting watchdog for 200 seconds at Fri Apr 27 04:44:45 UTC 2018
7 ms. Memory: 296448K Free: 280404K (95%)
ptolemy.util.test.WatchDog.cancel(): canceling Fri Apr 27 04:44:45 UTC 2018
------------------ testing $PTII/ptolemy/domains/de/test/auto/ResetTransitionWithStartTime2.xml
auto.tcl: Setting watchdog for 200 seconds at Fri Apr 27 04:44:45 UTC 2018
7 ms. Memory: 297984K Free: 281948K (95%)
ptolemy.util.test.WatchDog.cancel(): canceling Fri Apr 27 04:44:45 UTC 2018
auto.tcl: Setting watchdog for 200 seconds at Fri Apr 27 04:44:45 UTC 2018
6 ms. Memory: 297984K Free: 281948K (95%)
ptolemy.util.test.WatchDog.cancel(): canceling Fri Apr 27 04:44:45 UTC 2018
------------------ testing $PTII/ptolemy/domains/de/test/auto/ResetTransitionWithStartTime3.xml
auto.tcl: Setting watchdog for 200 seconds at Fri Apr 27 04:44:45 UTC 2018
8 ms. Memory: 296448K Free: 280410K (95%)
ptolemy.util.test.WatchDog.cancel(): canceling Fri Apr 27 04:44:45 UTC 2018
auto.tcl: Setting watchdog for 200 seconds at Fri Apr 27 04:44:45 UTC 2018
10 ms. Memory: 296448K Free: 280410K (95%)
ptolemy.util.test.WatchDog.cancel(): canceling Fri Apr 27 04:44:45 UTC 2018
------------------ testing $PTII/ptolemy/domains/de/test/auto/ResetTransitionWithStartTime4.xml
auto.tcl: Setting watchdog for 200 seconds at Fri Apr 27 04:44:45 UTC 2018
3 ms. Memory: 297984K Free: 281933K (95%)
ptolemy.util.test.WatchDog.cancel(): canceling Fri Apr 27 04:44:45 UTC 2018
auto.tcl: Setting watchdog for 200 seconds at Fri Apr 27 04:44:45 UTC 2018
4 ms. Memory: 297984K Free: 281933K (95%)
ptolemy.util.test.WatchDog.cancel(): canceling Fri Apr 27 04:44:45 UTC 2018
------------------ testing $PTII/ptolemy/domains/de/test/auto/ResettableTimer1.xml
auto.tcl: Setting watchdog for 200 seconds at Fri Apr 27 04:44:45 UTC 2018
3 ms. Memory: 296448K Free: 283468K (96%)
ptolemy.util.test.WatchDog.cancel(): canceling Fri Apr 27 04:44:45 UTC 2018
auto.tcl: Setting watchdog for 200 seconds at Fri Apr 27 04:44:45 UTC 2018
2 ms. Memory: 296448K Free: 283468K (96%)
ptolemy.util.test.WatchDog.cancel(): canceling Fri Apr 27 04:44:45 UTC 2018
------------------ testing $PTII/ptolemy/domains/de/test/auto/ResettableTimer2.xml
auto.tcl: Setting watchdog for 200 seconds at Fri Apr 27 04:44:45 UTC 2018
3 ms. Memory: 297984K Free: 285152K (96%)
ptolemy.util.test.WatchDog.cancel(): canceling Fri Apr 27 04:44:45 UTC 2018
auto.tcl: Setting watchdog for 200 seconds at Fri Apr 27 04:44:45 UTC 2018
2 ms. Memory: 297984K Free: 285152K (96%)
ptolemy.util.test.WatchDog.cancel(): canceling Fri Apr 27 04:44:45 UTC 2018
------------------ testing $PTII/ptolemy/domains/de/test/auto/ResettableTimer3.xml
auto.tcl: Setting watchdog for 200 seconds at Fri Apr 27 04:44:45 UTC 2018
1 ms. Memory: 296448K Free: 283510K (96%)
ptolemy.util.test.WatchDog.cancel(): canceling Fri Apr 27 04:44:45 UTC 2018
auto.tcl: Setting watchdog for 200 seconds at Fri Apr 27 04:44:45 UTC 2018
1 ms. Memory: 296448K Free: 283510K (96%)
ptolemy.util.test.WatchDog.cancel(): canceling Fri Apr 27 04:44:45 UTC 2018
------------------ testing $PTII/ptolemy/domains/de/test/auto/ResettableTimer4.xml
auto.tcl: Setting watchdog for 200 seconds at Fri Apr 27 04:44:45 UTC 2018
2 ms. Memory: 297472K Free: 284652K (96%)
ptolemy.util.test.WatchDog.cancel(): canceling Fri Apr 27 04:44:45 UTC 2018
auto.tcl: Setting watchdog for 200 seconds at Fri Apr 27 04:44:45 UTC 2018
2 ms. Memory: 297472K Free: 284652K (96%)
ptolemy.util.test.WatchDog.cancel(): canceling Fri Apr 27 04:44:45 UTC 2018
------------------ testing $PTII/ptolemy/domains/de/test/auto/ResettableTimer5.xml
auto.tcl: Setting watchdog for 200 seconds at Fri Apr 27 04:44:45 UTC 2018
1 ms. Memory: 296448K Free: 281371K (95%)
ptolemy.util.test.WatchDog.cancel(): canceling Fri Apr 27 04:44:45 UTC 2018
auto.tcl: Setting watchdog for 200 seconds at Fri Apr 27 04:44:45 UTC 2018
2 ms. Memory: 296448K Free: 281371K (95%)
ptolemy.util.test.WatchDog.cancel(): canceling Fri Apr 27 04:44:45 UTC 2018
------------------ testing $PTII/ptolemy/domains/de/test/auto/ResettableTimer6.xml
auto.tcl: Setting watchdog for 200 seconds at Fri Apr 27 04:44:45 UTC 2018
2 ms. Memory: 297472K Free: 284494K (96%)
ptolemy.util.test.WatchDog.cancel(): canceling Fri Apr 27 04:44:45 UTC 2018
auto.tcl: Setting watchdog for 200 seconds at Fri Apr 27 04:44:45 UTC 2018
1 ms. Memory: 297472K Free: 284494K (96%)
ptolemy.util.test.WatchDog.cancel(): canceling Fri Apr 27 04:44:45 UTC 2018
------------------ testing $PTII/ptolemy/domains/de/test/auto/ServerZeroDelay.xml
auto.tcl: Setting watchdog for 200 seconds at Fri Apr 27 04:44:45 UTC 2018
3 ms. Memory: 296448K Free: 283567K (96%)
ptolemy.util.test.WatchDog.cancel(): canceling Fri Apr 27 04:44:45 UTC 2018
auto.tcl: Setting watchdog for 200 seconds at Fri Apr 27 04:44:45 UTC 2018
3 ms. Memory: 296448K Free: 283567K (96%)
ptolemy.util.test.WatchDog.cancel(): canceling Fri Apr 27 04:44:45 UTC 2018
------------------ testing $PTII/ptolemy/domains/de/test/auto/SmartSender.xml
auto.tcl: Setting watchdog for 200 seconds at Fri Apr 27 04:44:45 UTC 2018
3002 ms. Memory: 297472K Free: 284586K (96%)
ptolemy.util.test.WatchDog.cancel(): canceling Fri Apr 27 04:44:48 UTC 2018
auto.tcl: Setting watchdog for 200 seconds at Fri Apr 27 04:44:48 UTC 2018
3002 ms. Memory: 297472K Free: 284586K (96%)
ptolemy.util.test.WatchDog.cancel(): canceling Fri Apr 27 04:44:51 UTC 2018
------------------ testing $PTII/ptolemy/domains/de/test/auto/ThreadedComposite.xml
auto.tcl: Setting watchdog for 200 seconds at Fri Apr 27 04:44:51 UTC 2018
272 ms. Memory: 296448K Free: 262296K (88%)
ptolemy.util.test.WatchDog.cancel(): canceling Fri Apr 27 04:44:52 UTC 2018
auto.tcl: Setting watchdog for 200 seconds at Fri Apr 27 04:44:52 UTC 2018
194 ms. Memory: 296448K Free: 243289K (82%)
ptolemy.util.test.WatchDog.cancel(): canceling Fri Apr 27 04:44:52 UTC 2018
------------------ testing $PTII/ptolemy/domains/de/test/auto/Time.xml
auto.tcl: Setting watchdog for 200 seconds at Fri Apr 27 04:44:52 UTC 2018
580 ms. Memory: 297472K Free: 234762K (79%)
ptolemy.util.test.WatchDog.cancel(): canceling Fri Apr 27 04:44:53 UTC 2018
auto.tcl: Setting watchdog for 200 seconds at Fri Apr 27 04:44:53 UTC 2018
506 ms. Memory: 297472K Free: 185925K (63%)
ptolemy.util.test.WatchDog.cancel(): canceling Fri Apr 27 04:44:53 UTC 2018
------------------ testing $PTII/ptolemy/domains/de/test/auto/TimeDelayZeroDelay.xml
auto.tcl: Setting watchdog for 200 seconds at Fri Apr 27 04:44:53 UTC 2018
2 ms. Memory: 296448K Free: 284044K (96%)
ptolemy.util.test.WatchDog.cancel(): canceling Fri Apr 27 04:44:53 UTC 2018
auto.tcl: Setting watchdog for 200 seconds at Fri Apr 27 04:44:53 UTC 2018
2 ms. Memory: 296448K Free: 284044K (96%)
ptolemy.util.test.WatchDog.cancel(): canceling Fri Apr 27 04:44:53 UTC 2018
------------------ testing $PTII/ptolemy/domains/de/test/auto/TimerZeroDelay.xml
auto.tcl: Setting watchdog for 200 seconds at Fri Apr 27 04:44:53 UTC 2018
3 ms. Memory: 296960K Free: 284668K (96%)
ptolemy.util.test.WatchDog.cancel(): canceling Fri Apr 27 04:44:53 UTC 2018
auto.tcl: Setting watchdog for 200 seconds at Fri Apr 27 04:44:53 UTC 2018
2 ms. Memory: 296960K Free: 284668K (96%)
ptolemy.util.test.WatchDog.cancel(): canceling Fri Apr 27 04:44:53 UTC 2018
------------------ testing $PTII/ptolemy/domains/de/test/auto/TimingParadox.xml
auto.tcl: Setting watchdog for 200 seconds at Fri Apr 27 04:44:53 UTC 2018
363 ms. Memory: 296448K Free: 221650K (75%)
ptolemy.util.test.WatchDog.cancel(): canceling Fri Apr 27 04:44:54 UTC 2018
auto.tcl: Setting watchdog for 200 seconds at Fri Apr 27 04:44:54 UTC 2018
348 ms. Memory: 296448K Free: 186042K (63%)
ptolemy.util.test.WatchDog.cancel(): canceling Fri Apr 27 04:44:54 UTC 2018
------------------ testing $PTII/ptolemy/domains/de/test/auto/TransferInputs.xml
auto.tcl: Setting watchdog for 200 seconds at Fri Apr 27 04:44:54 UTC 2018
2 ms. Memory: 296960K Free: 283571K (95%)
ptolemy.util.test.WatchDog.cancel(): canceling Fri Apr 27 04:44:54 UTC 2018
auto.tcl: Setting watchdog for 200 seconds at Fri Apr 27 04:44:54 UTC 2018
1 ms. Memory: 296960K Free: 283571K (95%)
ptolemy.util.test.WatchDog.cancel(): canceling Fri Apr 27 04:44:54 UTC 2018
------------------ testing $PTII/ptolemy/domains/de/test/auto/TransferOutputs2.xml
auto.tcl: Setting watchdog for 200 seconds at Fri Apr 27 04:44:54 UTC 2018
3 ms. Memory: 296448K Free: 279272K (94%)
ptolemy.util.test.WatchDog.cancel(): canceling Fri Apr 27 04:44:54 UTC 2018
auto.tcl: Setting watchdog for 200 seconds at Fri Apr 27 04:44:54 UTC 2018
3 ms. Memory: 296448K Free: 276519K (93%)
ptolemy.util.test.WatchDog.cancel(): canceling Fri Apr 27 04:44:54 UTC 2018
------------------ testing $PTII/ptolemy/domains/de/test/auto/Trilateration.xml
auto.tcl: Setting watchdog for 200 seconds at Fri Apr 27 04:44:54 UTC 2018
12587 ms. Memory: 563200K Free: 250703K (45%)
ptolemy.util.test.WatchDog.cancel(): canceling Fri Apr 27 04:45:08 UTC 2018
auto.tcl: Setting watchdog for 200 seconds at Fri Apr 27 04:45:08 UTC 2018
10461 ms. Memory: 444928K Free: 119271K (27%)
ptolemy.util.test.WatchDog.cancel(): canceling Fri Apr 27 04:45:19 UTC 2018
------------------ testing $PTII/ptolemy/domains/de/test/auto/TwoSigmaDelta.xml
auto.tcl: Setting watchdog for 200 seconds at Fri Apr 27 04:45:19 UTC 2018
3048 ms. Memory: 441344K Free: 130616K (30%)
ptolemy.util.test.WatchDog.cancel(): canceling Fri Apr 27 04:45:22 UTC 2018
auto.tcl: Setting watchdog for 200 seconds at Fri Apr 27 04:45:22 UTC 2018
2173 ms. Memory: 428032K Free: 248662K (58%)
ptolemy.util.test.WatchDog.cancel(): canceling Fri Apr 27 04:45:24 UTC 2018
------------------ testing $PTII/ptolemy/domains/de/test/auto/VariableDelay.xml
auto.tcl: Setting watchdog for 200 seconds at Fri Apr 27 04:45:24 UTC 2018
2 ms. Memory: 424960K Free: 407974K (96%)
ptolemy.util.test.WatchDog.cancel(): canceling Fri Apr 27 04:45:24 UTC 2018
auto.tcl: Setting watchdog for 200 seconds at Fri Apr 27 04:45:24 UTC 2018
6 ms. Memory: 424960K Free: 407974K (96%)
ptolemy.util.test.WatchDog.cancel(): canceling Fri Apr 27 04:45:24 UTC 2018
------------------ testing $PTII/ptolemy/domains/de/test/auto/VariableDelay2.xml
auto.tcl: Setting watchdog for 200 seconds at Fri Apr 27 04:45:24 UTC 2018
2 ms. Memory: 427520K Free: 414382K (97%)
ptolemy.util.test.WatchDog.cancel(): canceling Fri Apr 27 04:45:24 UTC 2018
auto.tcl: Setting watchdog for 200 seconds at Fri Apr 27 04:45:24 UTC 2018
2 ms. Memory: 427520K Free: 414382K (97%)
ptolemy.util.test.WatchDog.cancel(): canceling Fri Apr 27 04:45:24 UTC 2018
------------------ testing $PTII/ptolemy/domains/de/test/auto/VariableDelayZeroDelay.xml
auto.tcl: Setting watchdog for 200 seconds at Fri Apr 27 04:45:24 UTC 2018
2 ms. Memory: 424960K Free: 408386K (96%)
ptolemy.util.test.WatchDog.cancel(): canceling Fri Apr 27 04:45:24 UTC 2018
auto.tcl: Setting watchdog for 200 seconds at Fri Apr 27 04:45:24 UTC 2018
2 ms. Memory: 424960K Free: 408386K (96%)
ptolemy.util.test.WatchDog.cancel(): canceling Fri Apr 27 04:45:24 UTC 2018
------------------ testing $PTII/ptolemy/domains/de/test/auto/VariableDelayZeroDelay2.xml
auto.tcl: Setting watchdog for 200 seconds at Fri Apr 27 04:45:24 UTC 2018
2 ms. Memory: 427520K Free: 410944K (96%)
ptolemy.util.test.WatchDog.cancel(): canceling Fri Apr 27 04:45:24 UTC 2018
auto.tcl: Setting watchdog for 200 seconds at Fri Apr 27 04:45:24 UTC 2018
2 ms. Memory: 427520K Free: 410944K (96%)
ptolemy.util.test.WatchDog.cancel(): canceling Fri Apr 27 04:45:24 UTC 2018
------------------ testing $PTII/ptolemy/domains/de/test/auto/deInCt.xml
auto.tcl: Setting watchdog for 200 seconds at Fri Apr 27 04:45:24 UTC 2018
0
1
1
1
1
0
0
0
0
0
1
1
1
1
0
0
1
1
1
0
0
0
0
0
1
1
1
0
0
0
0
0
8 ms. Memory: 424960K Free: 408373K (96%)
ptolemy.util.test.WatchDog.cancel(): canceling Fri Apr 27 04:45:24 UTC 2018
auto.tcl: Setting watchdog for 200 seconds at Fri Apr 27 04:45:24 UTC 2018
0
1
1
1
1
0
0
0
1
1
1
1
0
0
0
1
1
1
0
0
0
0
0
1
1
1
0
0
0
0
10 ms. Memory: 424960K Free: 403455K (95%)
ptolemy.util.test.WatchDog.cancel(): canceling Fri Apr 27 04:45:24 UTC 2018
------------------ testing $PTII/ptolemy/domains/de/test/auto/deInCt2.xml
auto.tcl: Setting watchdog for 200 seconds at Fri Apr 27 04:45:24 UTC 2018
0
1
1
1
0
0
1
1
1
0
0
1
1
1
0
0
1
1
1
0
0
1
1
1
0
0
1
1
1
0
0
1
1
1
0
0
1
1
1
0
0
0
5 ms. Memory: 427008K Free: 410421K (96%)
ptolemy.util.test.WatchDog.cancel(): canceling Fri Apr 27 04:45:25 UTC 2018
auto.tcl: Setting watchdog for 200 seconds at Fri Apr 27 04:45:25 UTC 2018
0
1
1
1
0
0
1
1
1
0
0
1
1
1
0
0
1
1
1
0
0
1
1
1
0
0
1
1
1
0
0
1
1
1
0
0
1
1
1
0
0
0
11 ms. Memory: 427008K Free: 405510K (95%)
ptolemy.util.test.WatchDog.cancel(): canceling Fri Apr 27 04:45:25 UTC 2018
------------------ testing $PTII/ptolemy/domains/de/test/auto/dynamicCausalityInterface1.xml
auto.tcl: Setting watchdog for 200 seconds at Fri Apr 27 04:45:25 UTC 2018
2 ms. Memory: 424960K Free: 406902K (96%)
ptolemy.util.test.WatchDog.cancel(): canceling Fri Apr 27 04:45:25 UTC 2018
auto.tcl: Setting watchdog for 200 seconds at Fri Apr 27 04:45:25 UTC 2018
1 ms. Memory: 424960K Free: 401984K (95%)
ptolemy.util.test.WatchDog.cancel(): canceling Fri Apr 27 04:45:25 UTC 2018
------------------ testing $PTII/ptolemy/domains/de/test/auto/fsm_de_test.xml
auto.tcl: Setting watchdog for 200 seconds at Fri Apr 27 04:45:25 UTC 2018
8 ms. Memory: 426496K Free: 404889K (95%)
ptolemy.util.test.WatchDog.cancel(): canceling Fri Apr 27 04:45:25 UTC 2018
auto.tcl: Setting watchdog for 200 seconds at Fri Apr 27 04:45:25 UTC 2018
5 ms. Memory: 426496K Free: 399963K (94%)
ptolemy.util.test.WatchDog.cancel(): canceling Fri Apr 27 04:45:25 UTC 2018
------------------ testing $PTII/ptolemy/domains/de/test/auto/functionDependencyReconstruction.xml
auto.tcl: Setting watchdog for 200 seconds at Fri Apr 27 04:45:25 UTC 2018
3 ms. Memory: 424960K Free: 393531K (93%)
ptolemy.util.test.WatchDog.cancel(): canceling Fri Apr 27 04:45:25 UTC 2018
auto.tcl: Setting watchdog for 200 seconds at Fri Apr 27 04:45:25 UTC 2018
3 ms. Memory: 424960K Free: 393531K (93%)
ptolemy.util.test.WatchDog.cancel(): canceling Fri Apr 27 04:45:25 UTC 2018
------------------ testing $PTII/ptolemy/domains/de/test/auto/multirate.xml
auto.tcl: Setting watchdog for 200 seconds at Fri Apr 27 04:45:25 UTC 2018
4 ms. Memory: 426496K Free: 404748K (95%)
ptolemy.util.test.WatchDog.cancel(): canceling Fri Apr 27 04:45:25 UTC 2018
auto.tcl: Setting watchdog for 200 seconds at Fri Apr 27 04:45:25 UTC 2018
3 ms. Memory: 426496K Free: 404748K (95%)
ptolemy.util.test.WatchDog.cancel(): canceling Fri Apr 27 04:45:25 UTC 2018
------------------ testing $PTII/ptolemy/domains/de/test/auto/multirate2.xml
auto.tcl: Setting watchdog for 200 seconds at Fri Apr 27 04:45:25 UTC 2018
4 ms. Memory: 424960K Free: 403393K (95%)
ptolemy.util.test.WatchDog.cancel(): canceling Fri Apr 27 04:45:25 UTC 2018
auto.tcl: Setting watchdog for 200 seconds at Fri Apr 27 04:45:25 UTC 2018
3 ms. Memory: 424960K Free: 403393K (95%)
ptolemy.util.test.WatchDog.cancel(): canceling Fri Apr 27 04:45:25 UTC 2018
------------------ testing $PTII/ptolemy/domains/de/test/auto/realtime.xml
auto.tcl: Setting watchdog for 200 seconds at Fri Apr 27 04:45:25 UTC 2018
10001 ms. Memory: 425984K Free: 409341K (96%)
ptolemy.util.test.WatchDog.cancel(): canceling Fri Apr 27 04:45:35 UTC 2018
auto.tcl: Setting watchdog for 200 seconds at Fri Apr 27 04:45:35 UTC 2018
10001 ms. Memory: 425984K Free: 409341K (96%)
ptolemy.util.test.WatchDog.cancel(): canceling Fri Apr 27 04:45:45 UTC 2018
------------------ testing $PTII/ptolemy/domains/de/test/auto/relationGroup.xml
auto.tcl: Setting watchdog for 200 seconds at Fri Apr 27 04:45:45 UTC 2018
1 ms. Memory: 424960K Free: 411787K (97%)
ptolemy.util.test.WatchDog.cancel(): canceling Fri Apr 27 04:45:45 UTC 2018
auto.tcl: Setting watchdog for 200 seconds at Fri Apr 27 04:45:45 UTC 2018
1 ms. Memory: 424960K Free: 411787K (97%)
ptolemy.util.test.WatchDog.cancel(): canceling Fri Apr 27 04:45:45 UTC 2018
------------------ testing $PTII/ptolemy/domains/de/test/auto/relationGroup2.xml
auto.tcl: Setting watchdog for 200 seconds at Fri Apr 27 04:45:45 UTC 2018
1 ms. Memory: 425984K Free: 409402K (96%)
ptolemy.util.test.WatchDog.cancel(): canceling Fri Apr 27 04:45:45 UTC 2018
auto.tcl: Setting watchdog for 200 seconds at Fri Apr 27 04:45:45 UTC 2018
1 ms. Memory: 425984K Free: 409402K (96%)
ptolemy.util.test.WatchDog.cancel(): canceling Fri Apr 27 04:45:45 UTC 2018
------------------ testing $PTII/ptolemy/domains/de/test/auto/sortWithOpaquePorts.xml
auto.tcl: Setting watchdog for 200 seconds at Fri Apr 27 04:45:45 UTC 2018
1 ms. Memory: 424960K Free: 408379K (96%)
ptolemy.util.test.WatchDog.cancel(): canceling Fri Apr 27 04:45:45 UTC 2018
auto.tcl: Setting watchdog for 200 seconds at Fri Apr 27 04:45:45 UTC 2018
1 ms. Memory: 424960K Free: 408379K (96%)
ptolemy.util.test.WatchDog.cancel(): canceling Fri Apr 27 04:45:45 UTC 2018
------------------ testing $PTII/ptolemy/domains/de/test/auto/transferInputsandOutputs.xml
auto.tcl: Setting watchdog for 200 seconds at Fri Apr 27 04:45:45 UTC 2018
1 ms. Memory: 425984K Free: 404472K (95%)
ptolemy.util.test.WatchDog.cancel(): canceling Fri Apr 27 04:45:45 UTC 2018
auto.tcl: Setting watchdog for 200 seconds at Fri Apr 27 04:45:45 UTC 2018
1 ms. Memory: 425984K Free: 404472K (95%)
ptolemy.util.test.WatchDog.cancel(): canceling Fri Apr 27 04:45:45 UTC 2018
------------------ testing $PTII/ptolemy/domains/de/test/auto/triggerType.xml
auto.tcl: Setting watchdog for 200 seconds at Fri Apr 27 04:45:45 UTC 2018
1 ms. Memory: 424960K Free: 408317K (96%)
ptolemy.util.test.WatchDog.cancel(): canceling Fri Apr 27 04:45:45 UTC 2018
auto.tcl: Setting watchdog for 200 seconds at Fri Apr 27 04:45:45 UTC 2018
1 ms. Memory: 424960K Free: 408317K (96%)
ptolemy.util.test.WatchDog.cancel(): canceling Fri Apr 27 04:45:45 UTC 2018
04/27/18 04:45:45
Failed: 0  Total Tests: 192  ((Passed: 187, Newly Passed: 1)  Known Failed: 5) /home/travis/build/icyphy/ptII/ptolemy/domains/de/test
04/27/18 04:45:45
Failed: 0  Total Tests: 192  ((Passed: 187, Newly Passed: 1)  Known Failed: 5) /home/travis/build/icyphy/ptII/ptolemy/domains/de/test
----------------- testing (KnownFailure) /home/travis/build/icyphy/ptII/ptolemy/domains/de/test/auto/knownFailedTests/DESDFClockTest.xml
2009 ms. Memory: 425472K Free: 395132K (93%)
Known Failure: java.lang.reflect.InvocationTargetException
----------------- testing (KnownFailure) /home/travis/build/icyphy/ptII/ptolemy/domains/de/test/auto/knownFailedTests/DirectFeedback.xml
1 ms. Memory: 425472K Free: 367648K (86%)
Known Failure: java.lang.reflect.InvocationTargetException
----------------- testing (KnownFailure) /home/travis/build/icyphy/ptII/ptolemy/domains/de/test/auto/knownFailedTests/FSMSource.xml
11 ms. Memory: 425472K Free: 340164K (80%)
----------------- testing (KnownFailure) /home/travis/build/icyphy/ptII/ptolemy/domains/de/test/auto/knownFailedTests/HierarchicalModel.xml
2 ms. Memory: 425472K Free: 312655K (73%)
Known Failure: java.lang.reflect.InvocationTargetException
----------------- testing (KnownFailure) /home/travis/build/icyphy/ptII/ptolemy/domains/de/test/auto/knownFailedTests/dependencyLoop.xml
1 ms. Memory: 425472K Free: 271412K (64%)
Known Failure: java.lang.reflect.InvocationTargetException
----------------- testing (KnownFailure) /home/travis/build/icyphy/ptII/ptolemy/domains/de/test/auto/knownFailedTests/dependencyLoop2.xml
3 ms. Memory: 425472K Free: 230170K (54%)
Known Failure: java.lang.reflect.InvocationTargetException
No auto/*.xml tests in /home/travis/build/icyphy/ptII/ptolemy/domains/de/test
AutoTests.java: About to close Vertx.
AutoTests.java: Vertx closed.
----------------- testing Fri Apr 27 04:45:47 UTC 2018 /home/travis/build/icyphy/ptII/ptolemy/domains/de/test/auto/ActorDepthCalculation_actorWithoutPorts.xml
1 ms. Memory: 425472K Free: 195814K (46%)
reloadAllAccessors: .ActorDepthCalculation_actorWithoutPorts
----------------- testing Fri Apr 27 04:45:47 UTC 2018 /home/travis/build/icyphy/ptII/ptolemy/domains/de/test/auto/AssemblyLine.xml
2 ms. Memory: 425472K Free: 182072K (43%)
reloadAllAccessors: .AssemblyLine
----------------- testing Fri Apr 27 04:45:47 UTC 2018 /home/travis/build/icyphy/ptII/ptolemy/domains/de/test/auto/CQBug1.xml
1 ms. Memory: 425472K Free: 168330K (40%)
reloadAllAccessors: .CQBug1
----------------- testing Fri Apr 27 04:45:47 UTC 2018 /home/travis/build/icyphy/ptII/ptolemy/domains/de/test/auto/CancelFireAt.xml
0 ms. Memory: 425472K Free: 154588K (36%)
reloadAllAccessors: .CancelFireAt
----------------- testing Fri Apr 27 04:45:47 UTC 2018 /home/travis/build/icyphy/ptII/ptolemy/domains/de/test/auto/CausalityAndComposabilityAnalysis.xml
1 ms. Memory: 425472K Free: 140845K (33%)
reloadAllAccessors: .CausalityAndComposabilityAnalysis
----------------- testing Fri Apr 27 04:45:47 UTC 2018 /home/travis/build/icyphy/ptII/ptolemy/domains/de/test/auto/CausalityInterface1.xml
3 ms. Memory: 425472K Free: 127103K (30%)
reloadAllAccessors: .CausalityInterface1
----------------- testing Fri Apr 27 04:45:47 UTC 2018 /home/travis/build/icyphy/ptII/ptolemy/domains/de/test/auto/CausalityInterface15.xml
2 ms. Memory: 425472K Free: 113361K (27%)
reloadAllAccessors: .CausalityInterface15
----------------- testing Fri Apr 27 04:45:48 UTC 2018 /home/travis/build/icyphy/ptII/ptolemy/domains/de/test/auto/CausalityInterface2.xml
1 ms. Memory: 425472K Free: 99619K (23%)
reloadAllAccessors: .CausalityInterface2
----------------- testing Fri Apr 27 04:45:48 UTC 2018 /home/travis/build/icyphy/ptII/ptolemy/domains/de/test/auto/CausalityInterface3.xml
1 ms. Memory: 425472K Free: 80966K (19%)
reloadAllAccessors: .CausalityInterface3
----------------- testing Fri Apr 27 04:45:48 UTC 2018 /home/travis/build/icyphy/ptII/ptolemy/domains/de/test/auto/ClockDrift.xml
8 ms. Memory: 410112K Free: 394778K (96%)
reloadAllAccessors: .ClockDrift
----------------- testing Fri Apr 27 04:45:48 UTC 2018 /home/travis/build/icyphy/ptII/ptolemy/domains/de/test/auto/ClockDriftAndValueChange.xml
8 ms. Memory: 410112K Free: 375270K (92%)
reloadAllAccessors: .ClockDriftAndValueChange
----------------- testing Fri Apr 27 04:45:48 UTC 2018 /home/travis/build/icyphy/ptII/ptolemy/domains/de/test/auto/ClockDriftChange.xml
8 ms. Memory: 410112K Free: 362127K (88%)
reloadAllAccessors: .ClockDriftChange
----------------- testing Fri Apr 27 04:45:48 UTC 2018 /home/travis/build/icyphy/ptII/ptolemy/domains/de/test/auto/ComposableCausalityAnalysis.xml
1 ms. Memory: 410112K Free: 352265K (86%)
reloadAllAccessors: .ComposableCausalityAnalysis
----------------- testing Fri Apr 27 04:45:48 UTC 2018 /home/travis/build/icyphy/ptII/ptolemy/domains/de/test/auto/DEFixedPointLimitation.xml
1 ms. Memory: 410112K Free: 342403K (83%)
reloadAllAccessors: .DEFixedPointLimitation
----------------- testing Fri Apr 27 04:45:48 UTC 2018 /home/travis/build/icyphy/ptII/ptolemy/domains/de/test/auto/DEScheduleTest.xml
1 ms. Memory: 410112K Free: 332541K (81%)
reloadAllAccessors: .DEScheduleTest
----------------- testing Fri Apr 27 04:45:48 UTC 2018 /home/travis/build/icyphy/ptII/ptolemy/domains/de/test/auto/DEinDEwithStartTimes.xml
2 ms. Memory: 410112K Free: 322679K (79%)
reloadAllAccessors: .DEinDEwithStartTimes
----------------- testing Fri Apr 27 04:45:48 UTC 2018 /home/travis/build/icyphy/ptII/ptolemy/domains/de/test/auto/DEinDEwithStartTimes2.xml
1 ms. Memory: 410112K Free: 309735K (76%)
reloadAllAccessors: .DEinDEwithStartTimes2
----------------- testing Fri Apr 27 04:45:48 UTC 2018 /home/travis/build/icyphy/ptII/ptolemy/domains/de/test/auto/DateDemo.xml
3 ms. Memory: 410112K Free: 293301K (72%)
reloadAllAccessors: .DateDemo
----------------- testing Fri Apr 27 04:45:48 UTC 2018 /home/travis/build/icyphy/ptII/ptolemy/domains/de/test/auto/DateToEvent.xml
2003 ms. Memory: 410112K Free: 270280K (66%)
reloadAllAccessors: .DateToEvent
----------------- testing Fri Apr 27 04:45:50 UTC 2018 /home/travis/build/icyphy/ptII/ptolemy/domains/de/test/auto/DepthTest1.xml
[...]
java.lang.RuntimeException: Execution failed
	at ptolemy.moml.MoMLSimpleApplication$UnloadThread.run(MoMLSimpleApplication.java:402)
Caused by: ptolemy.kernel.util.IllegalActionException: Test fails in iteration 1.
Value was: 1.0. Should have been: 2.0
  in .DirectFeedback.Test
	at ptolemy.actor.lib.Test.fire(Test.java:268)
	at ptolemy.domains.de.kernel.DEDirector._fire(DEDirector.java:1948)
	at ptolemy.domains.de.kernel.DEDirector.fire(DEDirector.java:502)
	at ptolemy.actor.CompositeActor.fire(CompositeActor.java:455)
	at ptolemy.actor.Manager.iterate(Manager.java:851)
	at ptolemy.actor.Manager.execute(Manager.java:369)
	at ptolemy.actor.Manager.run(Manager.java:1263)
	at ptolemy.actor.Manager$PtolemyRunThread.run(Manager.java:1915)
java.lang.RuntimeException: Execution failed
	at ptolemy.moml.MoMLSimpleApplication$UnloadThread.run(MoMLSimpleApplication.java:402)
Caused by: ptolemy.kernel.util.IllegalActionException: Actor is not ready to fire.  Perhaps UpSample.prefire() returned false? Try debugging the actor by selecting "Listen to Actor".  Also, for SDF check moml for tokenConsumptionRate on input.
  in .DESDFClockTest.Play Bell.Copy1:SDF Director and .DESDFClockTest.Play Bell.UpSample
	at ptolemy.actor.sched.StaticSchedulingDirector.fire(StaticSchedulingDirector.java:227)
	at ptolemy.domains.sdf.kernel.SDFDirector.fire(SDFDirector.java:500)
	at ptolemy.actor.CompositeActor.fire(CompositeActor.java:455)
	at ptolemy.domains.de.kernel.DEDirector._fire(DEDirector.java:1948)
	at ptolemy.domains.de.kernel.DEDirector.fire(DEDirector.java:502)
	at ptolemy.actor.CompositeActor.fire(CompositeActor.java:455)
	at ptolemy.actor.Manager.iterate(Manager.java:851)
	at ptolemy.actor.Manager.execute(Manager.java:369)
	at ptolemy.actor.Manager.run(Manager.java:1263)
	at ptolemy.actor.Manager$PtolemyRunThread.run(Manager.java:1915)
java.lang.reflect.InvocationTargetException
	at sun.reflect.NativeConstructorAccessorImpl.newInstance0(Native Method)
	at sun.reflect.NativeConstructorAccessorImpl.newInstance(NativeConstructorAccessorImpl.java:62)
	at sun.reflect.DelegatingConstructorAccessorImpl.newInstance(DelegatingConstructorAccessorImpl.java:45)
	at java.lang.reflect.Constructor.newInstance(Constructor.java:423)
	at ptolemy.util.test.junit.AutoKnownFailedTests.RunModel(AutoKnownFailedTests.java:107)
	at sun.reflect.NativeMethodAccessorImpl.invoke0(Native Method)
	at sun.reflect.NativeMethodAccessorImpl.invoke(NativeMethodAccessorImpl.java:62)
	at sun.reflect.DelegatingMethodAccessorImpl.invoke(DelegatingMethodAccessorImpl.java:43)
	at java.lang.reflect.Method.invoke(Method.java:498)
	at org.junit.runners.model.FrameworkMethod$1.runReflectiveCall(FrameworkMethod.java:44)
	at org.junit.internal.runners.model.ReflectiveCallable.run(ReflectiveCallable.java:15)
	at org.junit.runners.model.FrameworkMethod.invokeExplosively(FrameworkMethod.java:41)
	at junitparams.internal.InvokeParameterisedMethod.evaluate(InvokeParameterisedMethod.java:102)
	at org.junit.internal.runners.statements.FailOnTimeout$1.run(FailOnTimeout.java:28)
Caused by: ptolemy.kernel.util.IllegalActionException: Actor is not ready to fire.  Perhaps UpSample.prefire() returned false? Try debugging the actor by selecting "Listen to Actor".  Also, for SDF check moml for tokenConsumptionRate on input.
  in .DESDFClockTest.Play Bell.Copy1:SDF Director and .DESDFClockTest.Play Bell.UpSample
	at ptolemy.actor.sched.StaticSchedulingDirector.fire(StaticSchedulingDirector.java:227)
	at ptolemy.domains.sdf.kernel.SDFDirector.fire(SDFDirector.java:500)
	at ptolemy.actor.CompositeActor.fire(CompositeActor.java:455)
	at ptolemy.domains.de.kernel.DEDirector._fire(DEDirector.java:1948)
	at ptolemy.domains.de.kernel.DEDirector.fire(DEDirector.java:502)
	at ptolemy.actor.CompositeActor.fire(CompositeActor.java:455)
	at ptolemy.actor.Manager.iterate(Manager.java:851)
	at ptolemy.actor.Manager.execute(Manager.java:369)
	at ptolemy.actor.Manager.run(Manager.java:1263)
	at ptolemy.actor.Manager$PtolemyRunThread.run(Manager.java:1915)
java.lang.RuntimeException: Execution failed
	at ptolemy.moml.MoMLSimpleApplication$UnloadThread.run(MoMLSimpleApplication.java:402)
Caused by: ptolemy.kernel.util.IllegalActionException: Test fails in iteration 1.
Value was: 1.0. Should have been: 2.0
  in .DirectFeedback.Test
	at ptolemy.actor.lib.Test.fire(Test.java:268)
	at ptolemy.domains.de.kernel.DEDirector._fire(DEDirector.java:1948)
	at ptolemy.domains.de.kernel.DEDirector.fire(DEDirector.java:502)
	at ptolemy.actor.CompositeActor.fire(CompositeActor.java:455)
	at ptolemy.actor.Manager.iterate(Manager.java:851)
	at ptolemy.actor.Manager.execute(Manager.java:369)
	at ptolemy.actor.Manager.run(Manager.java:1263)
	at ptolemy.actor.Manager$PtolemyRunThread.run(Manager.java:1915)
java.lang.reflect.InvocationTargetException
	at sun.reflect.NativeConstructorAccessorImpl.newInstance0(Native Method)
	at sun.reflect.NativeConstructorAccessorImpl.newInstance(NativeConstructorAccessorImpl.java:62)
	at sun.reflect.DelegatingConstructorAccessorImpl.newInstance(DelegatingConstructorAccessorImpl.java:45)
	at java.lang.reflect.Constructor.newInstance(Constructor.java:423)
	at ptolemy.util.test.junit.AutoKnownFailedTests.RunModel(AutoKnownFailedTests.java:107)
	at sun.reflect.NativeMethodAccessorImpl.invoke0(Native Method)
	at sun.reflect.NativeMethodAccessorImpl.invoke(NativeMethodAccessorImpl.java:62)
	at sun.reflect.DelegatingMethodAccessorImpl.invoke(DelegatingMethodAccessorImpl.java:43)
	at java.lang.reflect.Method.invoke(Method.java:498)
	at org.junit.runners.model.FrameworkMethod$1.runReflectiveCall(FrameworkMethod.java:44)
	at org.junit.internal.runners.model.ReflectiveCallable.run(ReflectiveCallable.java:15)
	at org.junit.runners.model.FrameworkMethod.invokeExplosively(FrameworkMethod.java:41)
	at junitparams.internal.InvokeParameterisedMethod.evaluate(InvokeParameterisedMethod.java:102)
	at org.junit.internal.runners.statements.FailOnTimeout$1.run(FailOnTimeout.java:28)
Caused by: ptolemy.kernel.util.IllegalActionException: Test fails in iteration 1.
Value was: 1.0. Should have been: 2.0
  in .DirectFeedback.Test
	at ptolemy.actor.lib.Test.fire(Test.java:268)
	at ptolemy.domains.de.kernel.DEDirector._fire(DEDirector.java:1948)
	at ptolemy.domains.de.kernel.DEDirector.fire(DEDirector.java:502)
	at ptolemy.actor.CompositeActor.fire(CompositeActor.java:455)
	at ptolemy.actor.Manager.iterate(Manager.java:851)
	at ptolemy.actor.Manager.execute(Manager.java:369)
	at ptolemy.actor.Manager.run(Manager.java:1263)
	at ptolemy.actor.Manager$PtolemyRunThread.run(Manager.java:1915)
java.lang.RuntimeException: Execution failed
	at ptolemy.moml.MoMLSimpleApplication$UnloadThread.run(MoMLSimpleApplication.java:402)
Caused by: ptolemy.kernel.util.IllegalActionException: Found a zero delay loop containing .HierarchicalModel.A
  in .HierarchicalModel and .HierarchicalModel.A
	at ptolemy.actor.util.CausalityInterfaceForComposites._computeOutputPortDepth(CausalityInterfaceForComposites.java:759)
	at ptolemy.actor.util.CausalityInterfaceForComposites._computeInputDepth(CausalityInterfaceForComposites.java:696)
	at ptolemy.actor.util.CausalityInterfaceForComposites._computeOutputPortDepth(CausalityInterfaceForComposites.java:765)
	at ptolemy.actor.util.CausalityInterfaceForComposites._computeInputDepth(CausalityInterfaceForComposites.java:696)
	at ptolemy.actor.util.CausalityInterfaceForComposites._computeOutputPortDepth(CausalityInterfaceForComposites.java:765)
	at ptolemy.actor.util.CausalityInterfaceForComposites._computeInputDepth(CausalityInterfaceForComposites.java:696)
	at ptolemy.actor.util.CausalityInterfaceForComposites._computeActorDepth(CausalityInterfaceForComposites.java:532)
	at ptolemy.actor.util.CausalityInterfaceForComposites.checkForCycles(CausalityInterfaceForComposites.java:96)
	at ptolemy.domains.de.kernel.DEDirector.preinitialize(DEDirector.java:1337)
	at ptolemy.actor.CompositeActor.preinitialize(CompositeActor.java:1828)
	at ptolemy.actor.Manager.preinitializeAndResolveTypes(Manager.java:1040)
	at ptolemy.actor.Manager.initialize(Manager.java:710)
	at ptolemy.actor.Manager.execute(Manager.java:356)
	at ptolemy.actor.Manager.run(Manager.java:1263)
	at ptolemy.actor.Manager$PtolemyRunThread.run(Manager.java:1915)
java.lang.reflect.InvocationTargetException
	at sun.reflect.NativeConstructorAccessorImpl.newInstance0(Native Method)
	at sun.reflect.NativeConstructorAccessorImpl.newInstance(NativeConstructorAccessorImpl.java:62)
	at sun.reflect.DelegatingConstructorAccessorImpl.newInstance(DelegatingConstructorAccessorImpl.java:45)
	at java.lang.reflect.Constructor.newInstance(Constructor.java:423)
	at ptolemy.util.test.junit.AutoKnownFailedTests.RunModel(AutoKnownFailedTests.java:107)
	at sun.reflect.NativeMethodAccessorImpl.invoke0(Native Method)
	at sun.reflect.NativeMethodAccessorImpl.invoke(NativeMethodAccessorImpl.java:62)
	at sun.reflect.DelegatingMethodAccessorImpl.invoke(DelegatingMethodAccessorImpl.java:43)
	at java.lang.reflect.Method.invoke(Method.java:498)
	at org.junit.runners.model.FrameworkMethod$1.runReflectiveCall(FrameworkMethod.java:44)
	at org.junit.internal.runners.model.ReflectiveCallable.run(ReflectiveCallable.java:15)
	at org.junit.runners.model.FrameworkMethod.invokeExplosively(FrameworkMethod.java:41)
	at junitparams.internal.InvokeParameterisedMethod.evaluate(InvokeParameterisedMethod.java:102)
	at org.junit.internal.runners.statements.FailOnTimeout$1.run(FailOnTimeout.java:28)
Caused by: ptolemy.kernel.util.IllegalActionException: Found a zero delay loop containing .HierarchicalModel.A
  in .HierarchicalModel and .HierarchicalModel.A
	at ptolemy.actor.util.CausalityInterfaceForComposites._computeOutputPortDepth(CausalityInterfaceForComposites.java:759)
	at ptolemy.actor.util.CausalityInterfaceForComposites._computeInputDepth(CausalityInterfaceForComposites.java:696)
	at ptolemy.actor.util.CausalityInterfaceForComposites._computeOutputPortDepth(CausalityInterfaceForComposites.java:765)
	at ptolemy.actor.util.CausalityInterfaceForComposites._computeInputDepth(CausalityInterfaceForComposites.java:696)
	at ptolemy.actor.util.CausalityInterfaceForComposites._computeOutputPortDepth(CausalityInterfaceForComposites.java:765)
	at ptolemy.actor.util.CausalityInterfaceForComposites._computeInputDepth(CausalityInterfaceForComposites.java:696)
	at ptolemy.actor.util.CausalityInterfaceForComposites._computeActorDepth(CausalityInterfaceForComposites.java:532)
	at ptolemy.actor.util.CausalityInterfaceForComposites.checkForCycles(CausalityInterfaceForComposites.java:96)
	at ptolemy.domains.de.kernel.DEDirector.preinitialize(DEDirector.java:1337)
	at ptolemy.actor.CompositeActor.preinitialize(CompositeActor.java:1828)
	at ptolemy.actor.Manager.preinitializeAndResolveTypes(Manager.java:1040)
	at ptolemy.actor.Manager.initialize(Manager.java:710)
	at ptolemy.actor.Manager.execute(Manager.java:356)
	at ptolemy.actor.Manager.run(Manager.java:1263)
	at ptolemy.actor.Manager$PtolemyRunThread.run(Manager.java:1915)
java.lang.RuntimeException: Execution failed
	at ptolemy.moml.MoMLSimpleApplication$UnloadThread.run(MoMLSimpleApplication.java:402)
Caused by: ptolemy.kernel.util.IllegalActionException: Found a zero delay loop containing .dependencyLoop.original
  in .dependencyLoop and .dependencyLoop.original
	at ptolemy.actor.util.CausalityInterfaceForComposites._computeOutputPortDepth(CausalityInterfaceForComposites.java:759)
	at ptolemy.actor.util.CausalityInterfaceForComposites._computeInputDepth(CausalityInterfaceForComposites.java:696)
	at ptolemy.actor.util.CausalityInterfaceForComposites._computeOutputPortDepth(CausalityInterfaceForComposites.java:765)
	at ptolemy.actor.util.CausalityInterfaceForComposites._computeInputDepth(CausalityInterfaceForComposites.java:696)
	at ptolemy.actor.util.CausalityInterfaceForComposites._computeOutputPortDepth(CausalityInterfaceForComposites.java:765)
	at ptolemy.actor.util.CausalityInterfaceForComposites._computeInputDepth(CausalityInterfaceForComposites.java:696)
	at ptolemy.actor.util.CausalityInterfaceForComposites._computeActorDepth(CausalityInterfaceForComposites.java:532)
	at ptolemy.actor.util.CausalityInterfaceForComposites.checkForCycles(CausalityInterfaceForComposites.java:96)
	at ptolemy.domains.de.kernel.DEDirector.preinitialize(DEDirector.java:1337)
	at ptolemy.actor.CompositeActor.preinitialize(CompositeActor.java:1828)
	at ptolemy.actor.Manager.preinitializeAndResolveTypes(Manager.java:1040)
	at ptolemy.actor.Manager.initialize(Manager.java:710)
	at ptolemy.actor.Manager.execute(Manager.java:356)
	at ptolemy.actor.Manager.run(Manager.java:1263)
	at ptolemy.actor.Manager$PtolemyRunThread.run(Manager.java:1915)
java.lang.reflect.InvocationTargetException
	at sun.reflect.NativeConstructorAccessorImpl.newInstance0(Native Method)
	at sun.reflect.NativeConstructorAccessorImpl.newInstance(NativeConstructorAccessorImpl.java:62)
	at sun.reflect.DelegatingConstructorAccessorImpl.newInstance(DelegatingConstructorAccessorImpl.java:45)
	at java.lang.reflect.Constructor.newInstance(Constructor.java:423)
	at ptolemy.util.test.junit.AutoKnownFailedTests.RunModel(AutoKnownFailedTests.java:107)
	at sun.reflect.NativeMethodAccessorImpl.invoke0(Native Method)
	at sun.reflect.NativeMethodAccessorImpl.invoke(NativeMethodAccessorImpl.java:62)
	at sun.reflect.DelegatingMethodAccessorImpl.invoke(DelegatingMethodAccessorImpl.java:43)
	at java.lang.reflect.Method.invoke(Method.java:498)
	at org.junit.runners.model.FrameworkMethod$1.runReflectiveCall(FrameworkMethod.java:44)
	at org.junit.internal.runners.model.ReflectiveCallable.run(ReflectiveCallable.java:15)
	at org.junit.runners.model.FrameworkMethod.invokeExplosively(FrameworkMethod.java:41)
	at junitparams.internal.InvokeParameterisedMethod.evaluate(InvokeParameterisedMethod.java:102)
	at org.junit.internal.runners.statements.FailOnTimeout$1.run(FailOnTimeout.java:28)
Caused by: ptolemy.kernel.util.IllegalActionException: Found a zero delay loop containing .dependencyLoop.original
  in .dependencyLoop and .dependencyLoop.original
	at ptolemy.actor.util.CausalityInterfaceForComposites._computeOutputPortDepth(CausalityInterfaceForComposites.java:759)
	at ptolemy.actor.util.CausalityInterfaceForComposites._computeInputDepth(CausalityInterfaceForComposites.java:696)
	at ptolemy.actor.util.CausalityInterfaceForComposites._computeOutputPortDepth(CausalityInterfaceForComposites.java:765)
	at ptolemy.actor.util.CausalityInterfaceForComposites._computeInputDepth(CausalityInterfaceForComposites.java:696)
	at ptolemy.actor.util.CausalityInterfaceForComposites._computeOutputPortDepth(CausalityInterfaceForComposites.java:765)
	at ptolemy.actor.util.CausalityInterfaceForComposites._computeInputDepth(CausalityInterfaceForComposites.java:696)
	at ptolemy.actor.util.CausalityInterfaceForComposites._computeActorDepth(CausalityInterfaceForComposites.java:532)
	at ptolemy.actor.util.CausalityInterfaceForComposites.checkForCycles(CausalityInterfaceForComposites.java:96)
	at ptolemy.domains.de.kernel.DEDirector.preinitialize(DEDirector.java:1337)
	at ptolemy.actor.CompositeActor.preinitialize(CompositeActor.java:1828)
	at ptolemy.actor.Manager.preinitializeAndResolveTypes(Manager.java:1040)
	at ptolemy.actor.Manager.initialize(Manager.java:710)
	at ptolemy.actor.Manager.execute(Manager.java:356)
	at ptolemy.actor.Manager.run(Manager.java:1263)
	at ptolemy.actor.Manager$PtolemyRunThread.run(Manager.java:1915)
java.lang.RuntimeException: Execution failed
	at ptolemy.moml.MoMLSimpleApplication$UnloadThread.run(MoMLSimpleApplication.java:402)
Caused by: ptolemy.kernel.util.IllegalActionException: Found a zero delay loop containing .dependencyLoop2.original
  in .dependencyLoop2 and .dependencyLoop2.original
	at ptolemy.actor.util.CausalityInterfaceForComposites._computeOutputPortDepth(CausalityInterfaceForComposites.java:759)
	at ptolemy.actor.util.CausalityInterfaceForComposites._computeInputDepth(CausalityInterfaceForComposites.java:696)
	at ptolemy.actor.util.CausalityInterfaceForComposites._computeOutputPortDepth(CausalityInterfaceForComposites.java:765)
	at ptolemy.actor.util.CausalityInterfaceForComposites._computeInputDepth(CausalityInterfaceForComposites.java:696)
	at ptolemy.actor.util.CausalityInterfaceForComposites._computeOutputPortDepth(CausalityInterfaceForComposites.java:765)
	at ptolemy.actor.util.CausalityInterfaceForComposites._computeInputDepth(CausalityInterfaceForComposites.java:696)
	at ptolemy.actor.util.CausalityInterfaceForComposites._computeActorDepth(CausalityInterfaceForComposites.java:532)
	at ptolemy.actor.util.CausalityInterfaceForComposites.checkForCycles(CausalityInterfaceForComposites.java:96)
	at ptolemy.domains.de.kernel.DEDirector.preinitialize(DEDirector.java:1337)
	at ptolemy.actor.CompositeActor.preinitialize(CompositeActor.java:1828)
	at ptolemy.actor.Manager.preinitializeAndResolveTypes(Manager.java:1040)
	at ptolemy.actor.Manager.initialize(Manager.java:710)
	at ptolemy.actor.Manager.execute(Manager.java:356)
	at ptolemy.actor.Manager.run(Manager.java:1263)
	at ptolemy.actor.Manager$PtolemyRunThread.run(Manager.java:1915)
java.lang.reflect.InvocationTargetException
	at sun.reflect.NativeConstructorAccessorImpl.newInstance0(Native Method)
	at sun.reflect.NativeConstructorAccessorImpl.newInstance(NativeConstructorAccessorImpl.java:62)
	at sun.reflect.DelegatingConstructorAccessorImpl.newInstance(DelegatingConstructorAccessorImpl.java:45)
	at java.lang.reflect.Constructor.newInstance(Constructor.java:423)
	at ptolemy.util.test.junit.AutoKnownFailedTests.RunModel(AutoKnownFailedTests.java:107)
	at sun.reflect.NativeMethodAccessorImpl.invoke0(Native Method)
	at sun.reflect.NativeMethodAccessorImpl.invoke(NativeMethodAccessorImpl.java:62)
	at sun.reflect.DelegatingMethodAccessorImpl.invoke(DelegatingMethodAccessorImpl.java:43)
	at java.lang.reflect.Method.invoke(Method.java:498)
	at org.junit.runners.model.FrameworkMethod$1.runReflectiveCall(FrameworkMethod.java:44)
	at org.junit.internal.runners.model.ReflectiveCallable.run(ReflectiveCallable.java:15)
	at org.junit.runners.model.FrameworkMethod.invokeExplosively(FrameworkMethod.java:41)
	at junitparams.internal.InvokeParameterisedMethod.evaluate(InvokeParameterisedMethod.java:102)
	at org.junit.internal.runners.statements.FailOnTimeout$1.run(FailOnTimeout.java:28)
Caused by: ptolemy.kernel.util.IllegalActionException: Found a zero delay loop containing .dependencyLoop2.original
  in .dependencyLoop2 and .dependencyLoop2.original
	at ptolemy.actor.util.CausalityInterfaceForComposites._computeOutputPortDepth(CausalityInterfaceForComposites.java:759)
	at ptolemy.actor.util.CausalityInterfaceForComposites._computeInputDepth(CausalityInterfaceForComposites.java:696)
	at ptolemy.actor.util.CausalityInterfaceForComposites._computeOutputPortDepth(CausalityInterfaceForComposites.java:765)
	at ptolemy.actor.util.CausalityInterfaceForComposites._computeInputDepth(CausalityInterfaceForComposites.java:696)
	at ptolemy.actor.util.CausalityInterfaceForComposites._computeOutputPortDepth(CausalityInterfaceForComposites.java:765)
	at ptolemy.actor.util.CausalityInterfaceForComposites._computeInputDepth(CausalityInterfaceForComposites.java:696)
	at ptolemy.actor.util.CausalityInterfaceForComposites._computeActorDepth(CausalityInterfaceForComposites.java:532)
	at ptolemy.actor.util.CausalityInterfaceForComposites.checkForCycles(CausalityInterfaceForComposites.java:96)
	at ptolemy.domains.de.kernel.DEDirector.preinitialize(DEDirector.java:1337)
	at ptolemy.actor.CompositeActor.preinitialize(CompositeActor.java:1828)
	at ptolemy.actor.Manager.preinitializeAndResolveTypes(Manager.java:1040)
	at ptolemy.actor.Manager.initialize(Manager.java:710)
	at ptolemy.actor.Manager.execute(Manager.java:356)
	at ptolemy.actor.Manager.run(Manager.java:1263)
	at ptolemy.actor.Manager$PtolemyRunThread.run(Manager.java:1915)
]]></system-err>
</testsuite>
