<?xml version="1.0" encoding="UTF-8" ?>
<testsuite errors="0" failures="0" hostname="travis-job-0890af81-9a10-47d9-b2cc-888f89adb34c" name="ptolemy.domains.de.test.junit.JUnitTclTest" skipped="0" tests="101" time="154.659" timestamp="2018-05-01T01:28:50">
  <properties>
[...]
</properties>
  <testcase classname="ptolemy.util.test.junit.TclTests" name="[0] /home/travis/build/icyphy/ptII/ptolemy/domains/de/test/DependencyLoop.tcl (RunTclFile)" time="0.892" />
  <testcase classname="ptolemy.util.test.junit.TclTests" name="[1] /home/travis/build/icyphy/ptII/ptolemy/domains/de/test/RunDETestsAsQSS.tcl (RunTclFile)" time="105.947" />
  <testcase classname="ptolemy.util.test.junit.AutoKnownFailedTests" name="[0] /home/travis/build/icyphy/ptII/ptolemy/domains/de/test/auto/knownFailedTests/DESDFClockTest.xml (RunModel)" time="2.039" />
  <testcase classname="ptolemy.util.test.junit.AutoKnownFailedTests" name="[1] /home/travis/build/icyphy/ptII/ptolemy/domains/de/test/auto/knownFailedTests/DirectFeedback.xml (RunModel)" time="0.021" />
  <testcase classname="ptolemy.util.test.junit.AutoKnownFailedTests" name="[2] /home/travis/build/icyphy/ptII/ptolemy/domains/de/test/auto/knownFailedTests/FSMSource.xml (RunModel)" time="0.036" />
  <testcase classname="ptolemy.util.test.junit.AutoKnownFailedTests" name="[3] /home/travis/build/icyphy/ptII/ptolemy/domains/de/test/auto/knownFailedTests/HierarchicalModel.xml (RunModel)" time="0.036" />
  <testcase classname="ptolemy.util.test.junit.AutoKnownFailedTests" name="[4] /home/travis/build/icyphy/ptII/ptolemy/domains/de/test/auto/knownFailedTests/dependencyLoop.xml (RunModel)" time="0.038" />
  <testcase classname="ptolemy.util.test.junit.AutoKnownFailedTests" name="[5] /home/travis/build/icyphy/ptII/ptolemy/domains/de/test/auto/knownFailedTests/dependencyLoop2.xml (RunModel)" time="0.047" />
  <testcase classname="ptolemy.util.test.junit.AutoNameArchTests" name="[0] ThereAreNoAutoTests (RunModel)" time="0.002" />
  <testcase classname="ptolemy.util.test.junit.AutoTests" name="[0] /home/travis/build/icyphy/ptII/ptolemy/domains/de/test/auto/ActorDepthCalculation_actorWithoutPorts.xml (RunModel)" time="0.024" />
  <testcase classname="ptolemy.util.test.junit.AutoTests" name="[1] /home/travis/build/icyphy/ptII/ptolemy/domains/de/test/auto/AssemblyLine.xml (RunModel)" time="0.027" />
  <testcase classname="ptolemy.util.test.junit.AutoTests" name="[2] /home/travis/build/icyphy/ptII/ptolemy/domains/de/test/auto/CQBug1.xml (RunModel)" time="0.013" />
  <testcase classname="ptolemy.util.test.junit.AutoTests" name="[3] /home/travis/build/icyphy/ptII/ptolemy/domains/de/test/auto/CancelFireAt.xml (RunModel)" time="0.005" />
  <testcase classname="ptolemy.util.test.junit.AutoTests" name="[4] /home/travis/build/icyphy/ptII/ptolemy/domains/de/test/auto/CausalityAndComposabilityAnalysis.xml (RunModel)" time="0.01" />
  <testcase classname="ptolemy.util.test.junit.AutoTests" name="[5] /home/travis/build/icyphy/ptII/ptolemy/domains/de/test/auto/CausalityInterface1.xml (RunModel)" time="0.011" />
  <testcase classname="ptolemy.util.test.junit.AutoTests" name="[6] /home/travis/build/icyphy/ptII/ptolemy/domains/de/test/auto/CausalityInterface15.xml (RunModel)" time="0.016" />
  <testcase classname="ptolemy.util.test.junit.AutoTests" name="[7] /home/travis/build/icyphy/ptII/ptolemy/domains/de/test/auto/CausalityInterface2.xml (RunModel)" time="0.011" />
  <testcase classname="ptolemy.util.test.junit.AutoTests" name="[8] /home/travis/build/icyphy/ptII/ptolemy/domains/de/test/auto/CausalityInterface3.xml (RunModel)" time="0.012" />
  <testcase classname="ptolemy.util.test.junit.AutoTests" name="[9] /home/travis/build/icyphy/ptII/ptolemy/domains/de/test/auto/ClockDrift.xml (RunModel)" time="0.034" />
  <testcase classname="ptolemy.util.test.junit.AutoTests" name="[10] /home/travis/build/icyphy/ptII/ptolemy/domains/de/test/auto/ClockDriftAndValueChange.xml (RunModel)" time="0.031" />
  <testcase classname="ptolemy.util.test.junit.AutoTests" name="[11] /home/travis/build/icyphy/ptII/ptolemy/domains/de/test/auto/ClockDriftChange.xml (RunModel)" time="0.028" />
  <testcase classname="ptolemy.util.test.junit.AutoTests" name="[12] /home/travis/build/icyphy/ptII/ptolemy/domains/de/test/auto/ComposableCausalityAnalysis.xml (RunModel)" time="0.018" />
  <testcase classname="ptolemy.util.test.junit.AutoTests" name="[13] /home/travis/build/icyphy/ptII/ptolemy/domains/de/test/auto/DEFixedPointLimitation.xml (RunModel)" time="0.009" />
  <testcase classname="ptolemy.util.test.junit.AutoTests" name="[14] /home/travis/build/icyphy/ptII/ptolemy/domains/de/test/auto/DEScheduleTest.xml (RunModel)" time="0.011" />
  <testcase classname="ptolemy.util.test.junit.AutoTests" name="[15] /home/travis/build/icyphy/ptII/ptolemy/domains/de/test/auto/DEinDEwithStartTimes.xml (RunModel)" time="0.021" />
  <testcase classname="ptolemy.util.test.junit.AutoTests" name="[16] /home/travis/build/icyphy/ptII/ptolemy/domains/de/test/auto/DEinDEwithStartTimes2.xml (RunModel)" time="0.019" />
  <testcase classname="ptolemy.util.test.junit.AutoTests" name="[17] /home/travis/build/icyphy/ptII/ptolemy/domains/de/test/auto/DateDemo.xml (RunModel)" time="0.03" />
  <testcase classname="ptolemy.util.test.junit.AutoTests" name="[18] /home/travis/build/icyphy/ptII/ptolemy/domains/de/test/auto/DateToEvent.xml (RunModel)" time="2.054" />
  <testcase classname="ptolemy.util.test.junit.AutoTests" name="[19] /home/travis/build/icyphy/ptII/ptolemy/domains/de/test/auto/DepthTest1.xml (RunModel)" time="0.009" />
  <testcase classname="ptolemy.util.test.junit.AutoTests" name="[20] /home/travis/build/icyphy/ptII/ptolemy/domains/de/test/auto/DepthTest2.xml (RunModel)" time="0.023" />
  <testcase classname="ptolemy.util.test.junit.AutoTests" name="[21] /home/travis/build/icyphy/ptII/ptolemy/domains/de/test/auto/DepthTest3.xml (RunModel)" time="0.009" />
  <testcase classname="ptolemy.util.test.junit.AutoTests" name="[22] /home/travis/build/icyphy/ptII/ptolemy/domains/de/test/auto/DepthTest4.xml (RunModel)" time="0.016" />
  <testcase classname="ptolemy.util.test.junit.AutoTests" name="[23] /home/travis/build/icyphy/ptII/ptolemy/domains/de/test/auto/DepthTest5.xml (RunModel)" time="0.017" />
  <testcase classname="ptolemy.util.test.junit.AutoTests" name="[24] /home/travis/build/icyphy/ptII/ptolemy/domains/de/test/auto/DepthTest6.xml (RunModel)" time="0.016" />
  <testcase classname="ptolemy.util.test.junit.AutoTests" name="[25] /home/travis/build/icyphy/ptII/ptolemy/domains/de/test/auto/DepthTest7.xml (RunModel)" time="0.015" />
  <testcase classname="ptolemy.util.test.junit.AutoTests" name="[26] /home/travis/build/icyphy/ptII/ptolemy/domains/de/test/auto/EventToDate.xml (RunModel)" time="3.048" />
  <testcase classname="ptolemy.util.test.junit.AutoTests" name="[27] /home/travis/build/icyphy/ptII/ptolemy/domains/de/test/auto/FSM1.xml (RunModel)" time="0.046" />
  <testcase classname="ptolemy.util.test.junit.AutoTests" name="[28] /home/travis/build/icyphy/ptII/ptolemy/domains/de/test/auto/FSM7.xml (RunModel)" time="0.042" />
  <testcase classname="ptolemy.util.test.junit.AutoTests" name="[29] /home/travis/build/icyphy/ptII/ptolemy/domains/de/test/auto/Inspection.xml (RunModel)" time="0.054" />
  <testcase classname="ptolemy.util.test.junit.AutoTests" name="[30] /home/travis/build/icyphy/ptII/ptolemy/domains/de/test/auto/Iteration.xml (RunModel)" time="0.025" />
  <testcase classname="ptolemy.util.test.junit.AutoTests" name="[31] /home/travis/build/icyphy/ptII/ptolemy/domains/de/test/auto/LineFault.xml (RunModel)" time="0.869" />
  <testcase classname="ptolemy.util.test.junit.AutoTests" name="[32] /home/travis/build/icyphy/ptII/ptolemy/domains/de/test/auto/MergeModel1Add.xml (RunModel)" time="0.058" />
  <testcase classname="ptolemy.util.test.junit.AutoTests" name="[33] /home/travis/build/icyphy/ptII/ptolemy/domains/de/test/auto/MergeModel2Add.xml (RunModel)" time="0.048" />
  <testcase classname="ptolemy.util.test.junit.AutoTests" name="[34] /home/travis/build/icyphy/ptII/ptolemy/domains/de/test/auto/MergeModel3Add.xml (RunModel)" time="0.057" />
  <testcase classname="ptolemy.util.test.junit.AutoTests" name="[35] /home/travis/build/icyphy/ptII/ptolemy/domains/de/test/auto/MergeWithoutDiscard.xml (RunModel)" time="0.014" />
  <testcase classname="ptolemy.util.test.junit.AutoTests" name="[36] /home/travis/build/icyphy/ptII/ptolemy/domains/de/test/auto/Modal1.xml (RunModel)" time="0.039" />
  <testcase classname="ptolemy.util.test.junit.AutoTests" name="[37] /home/travis/build/icyphy/ptII/ptolemy/domains/de/test/auto/Modal2.xml (RunModel)" time="0.044" />
  <testcase classname="ptolemy.util.test.junit.AutoTests" name="[38] /home/travis/build/icyphy/ptII/ptolemy/domains/de/test/auto/Modal3.xml (RunModel)" time="0.047" />
  <testcase classname="ptolemy.util.test.junit.AutoTests" name="[39] /home/travis/build/icyphy/ptII/ptolemy/domains/de/test/auto/Modal4.xml (RunModel)" time="0.046" />
  <testcase classname="ptolemy.util.test.junit.AutoTests" name="[40] /home/travis/build/icyphy/ptII/ptolemy/domains/de/test/auto/Modal5.xml (RunModel)" time="0.041" />
  <testcase classname="ptolemy.util.test.junit.AutoTests" name="[41] /home/travis/build/icyphy/ptII/ptolemy/domains/de/test/auto/Modal6.xml (RunModel)" time="0.039" />
  <testcase classname="ptolemy.util.test.junit.AutoTests" name="[42] /home/travis/build/icyphy/ptII/ptolemy/domains/de/test/auto/Modal7.xml (RunModel)" time="0.039" />
  <testcase classname="ptolemy.util.test.junit.AutoTests" name="[43] /home/travis/build/icyphy/ptII/ptolemy/domains/de/test/auto/ModalModel.xml (RunModel)" time="0.241" />
  <testcase classname="ptolemy.util.test.junit.AutoTests" name="[44] /home/travis/build/icyphy/ptII/ptolemy/domains/de/test/auto/ModalSource.xml (RunModel)" time="0.022" />
  <testcase classname="ptolemy.util.test.junit.AutoTests" name="[45] /home/travis/build/icyphy/ptII/ptolemy/domains/de/test/auto/NonInterruptibleTimerZeroDelay.xml (RunModel)" time="0.014" />
  <testcase classname="ptolemy.util.test.junit.AutoTests" name="[46] /home/travis/build/icyphy/ptII/ptolemy/domains/de/test/auto/OpenQueueingNetwork.xml (RunModel)" time="3.56" />
  <testcase classname="ptolemy.util.test.junit.AutoTests" name="[47] /home/travis/build/icyphy/ptII/ptolemy/domains/de/test/auto/OpenQueuingNetwork.xml (RunModel)" time="0.343" />
  <testcase classname="ptolemy.util.test.junit.AutoTests" name="[48] /home/travis/build/icyphy/ptII/ptolemy/domains/de/test/auto/PeriodicSampler.xml (RunModel)" time="0.011" />
  <testcase classname="ptolemy.util.test.junit.AutoTests" name="[49] /home/travis/build/icyphy/ptII/ptolemy/domains/de/test/auto/PersistentIO.xml (RunModel)" time="0.026" />
  <testcase classname="ptolemy.util.test.junit.AutoTests" name="[50] /home/travis/build/icyphy/ptII/ptolemy/domains/de/test/auto/PortParameterResetOnInitialize.xml (RunModel)" time="0.013" />
  <testcase classname="ptolemy.util.test.junit.AutoTests" name="[51] /home/travis/build/icyphy/ptII/ptolemy/domains/de/test/auto/PortParameterUpdates.xml (RunModel)" time="0.021" />
  <testcase classname="ptolemy.util.test.junit.AutoTests" name="[52] /home/travis/build/icyphy/ptII/ptolemy/domains/de/test/auto/QueueAndServer.xml (RunModel)" time="0.027" />
  <testcase classname="ptolemy.util.test.junit.AutoTests" name="[53] /home/travis/build/icyphy/ptII/ptolemy/domains/de/test/auto/Records.xml (RunModel)" time="0.018" />
  <testcase classname="ptolemy.util.test.junit.AutoTests" name="[54] /home/travis/build/icyphy/ptII/ptolemy/domains/de/test/auto/ResetTransitionWithStartTime1.xml (RunModel)" time="0.025" />
  <testcase classname="ptolemy.util.test.junit.AutoTests" name="[55] /home/travis/build/icyphy/ptII/ptolemy/domains/de/test/auto/ResetTransitionWithStartTime2.xml (RunModel)" time="0.023" />
  <testcase classname="ptolemy.util.test.junit.AutoTests" name="[56] /home/travis/build/icyphy/ptII/ptolemy/domains/de/test/auto/ResetTransitionWithStartTime3.xml (RunModel)" time="0.024" />
  <testcase classname="ptolemy.util.test.junit.AutoTests" name="[57] /home/travis/build/icyphy/ptII/ptolemy/domains/de/test/auto/ResetTransitionWithStartTime4.xml (RunModel)" time="0.024" />
  <testcase classname="ptolemy.util.test.junit.AutoTests" name="[58] /home/travis/build/icyphy/ptII/ptolemy/domains/de/test/auto/ResettableTimer1.xml (RunModel)" time="0.014" />
  <testcase classname="ptolemy.util.test.junit.AutoTests" name="[59] /home/travis/build/icyphy/ptII/ptolemy/domains/de/test/auto/ResettableTimer2.xml (RunModel)" time="0.016" />
  <testcase classname="ptolemy.util.test.junit.AutoTests" name="[60] /home/travis/build/icyphy/ptII/ptolemy/domains/de/test/auto/ResettableTimer3.xml (RunModel)" time="0.011" />
  <testcase classname="ptolemy.util.test.junit.AutoTests" name="[61] /home/travis/build/icyphy/ptII/ptolemy/domains/de/test/auto/ResettableTimer4.xml (RunModel)" time="0.013" />
  <testcase classname="ptolemy.util.test.junit.AutoTests" name="[62] /home/travis/build/icyphy/ptII/ptolemy/domains/de/test/auto/ResettableTimer5.xml (RunModel)" time="0.012" />
  <testcase classname="ptolemy.util.test.junit.AutoTests" name="[63] /home/travis/build/icyphy/ptII/ptolemy/domains/de/test/auto/ResettableTimer6.xml (RunModel)" time="0.014" />
  <testcase classname="ptolemy.util.test.junit.AutoTests" name="[64] /home/travis/build/icyphy/ptII/ptolemy/domains/de/test/auto/ServerZeroDelay.xml (RunModel)" time="0.013" />
  <testcase classname="ptolemy.util.test.junit.AutoTests" name="[65] /home/travis/build/icyphy/ptII/ptolemy/domains/de/test/auto/SmartSender.xml (RunModel)" time="3.012" />
  <testcase classname="ptolemy.util.test.junit.AutoTests" name="[66] /home/travis/build/icyphy/ptII/ptolemy/domains/de/test/auto/ThreadedComposite.xml (RunModel)" time="0.301" />
  <testcase classname="ptolemy.util.test.junit.AutoTests" name="[67] /home/travis/build/icyphy/ptII/ptolemy/domains/de/test/auto/Time.xml (RunModel)" time="0.675" />
  <testcase classname="ptolemy.util.test.junit.AutoTests" name="[68] /home/travis/build/icyphy/ptII/ptolemy/domains/de/test/auto/TimeDelayZeroDelay.xml (RunModel)" time="0.013" />
  <testcase classname="ptolemy.util.test.junit.AutoTests" name="[69] /home/travis/build/icyphy/ptII/ptolemy/domains/de/test/auto/TimerZeroDelay.xml (RunModel)" time="0.016" />
  <testcase classname="ptolemy.util.test.junit.AutoTests" name="[70] /home/travis/build/icyphy/ptII/ptolemy/domains/de/test/auto/TimingParadox.xml (RunModel)" time="0.684" />
  <testcase classname="ptolemy.util.test.junit.AutoTests" name="[71] /home/travis/build/icyphy/ptII/ptolemy/domains/de/test/auto/TransferInputs.xml (RunModel)" time="0.014" />
  <testcase classname="ptolemy.util.test.junit.AutoTests" name="[72] /home/travis/build/icyphy/ptII/ptolemy/domains/de/test/auto/TransferOutputs2.xml (RunModel)" time="0.021" />
  <testcase classname="ptolemy.util.test.junit.AutoTests" name="[73] /home/travis/build/icyphy/ptII/ptolemy/domains/de/test/auto/Trilateration.xml (RunModel)" time="16.019" />
  <testcase classname="ptolemy.util.test.junit.AutoTests" name="[74] /home/travis/build/icyphy/ptII/ptolemy/domains/de/test/auto/TwoSigmaDelta.xml (RunModel)" time="2.57" />
  <testcase classname="ptolemy.util.test.junit.AutoTests" name="[75] /home/travis/build/icyphy/ptII/ptolemy/domains/de/test/auto/VariableDelay.xml (RunModel)" time="0.027" />
  <testcase classname="ptolemy.util.test.junit.AutoTests" name="[76] /home/travis/build/icyphy/ptII/ptolemy/domains/de/test/auto/VariableDelay2.xml (RunModel)" time="0.015" />
  <testcase classname="ptolemy.util.test.junit.AutoTests" name="[77] /home/travis/build/icyphy/ptII/ptolemy/domains/de/test/auto/VariableDelayZeroDelay.xml (RunModel)" time="0.011" />
  <testcase classname="ptolemy.util.test.junit.AutoTests" name="[78] /home/travis/build/icyphy/ptII/ptolemy/domains/de/test/auto/VariableDelayZeroDelay2.xml (RunModel)" time="0.026" />
  <testcase classname="ptolemy.util.test.junit.AutoTests" name="[79] /home/travis/build/icyphy/ptII/ptolemy/domains/de/test/auto/deInCt.xml (RunModel)" time="0.024" />
  <testcase classname="ptolemy.util.test.junit.AutoTests" name="[80] /home/travis/build/icyphy/ptII/ptolemy/domains/de/test/auto/deInCt2.xml (RunModel)" time="0.027" />
  <testcase classname="ptolemy.util.test.junit.AutoTests" name="[81] /home/travis/build/icyphy/ptII/ptolemy/domains/de/test/auto/dynamicCausalityInterface1.xml (RunModel)" time="0.024" />
  <testcase classname="ptolemy.util.test.junit.AutoTests" name="[82] /home/travis/build/icyphy/ptII/ptolemy/domains/de/test/auto/fsm_de_test.xml (RunModel)" time="0.043" />
  <testcase classname="ptolemy.util.test.junit.AutoTests" name="[83] /home/travis/build/icyphy/ptII/ptolemy/domains/de/test/auto/functionDependencyReconstruction.xml (RunModel)" time="0.066" />
  <testcase classname="ptolemy.util.test.junit.AutoTests" name="[84] /home/travis/build/icyphy/ptII/ptolemy/domains/de/test/auto/multirate.xml (RunModel)" time="0.026" />
  <testcase classname="ptolemy.util.test.junit.AutoTests" name="[85] /home/travis/build/icyphy/ptII/ptolemy/domains/de/test/auto/multirate2.xml (RunModel)" time="0.024" />
  <testcase classname="ptolemy.util.test.junit.AutoTests" name="[86] /home/travis/build/icyphy/ptII/ptolemy/domains/de/test/auto/realtime.xml (RunModel)" time="10.017" />
  <testcase classname="ptolemy.util.test.junit.AutoTests" name="[87] /home/travis/build/icyphy/ptII/ptolemy/domains/de/test/auto/relationGroup.xml (RunModel)" time="0.01" />
  <testcase classname="ptolemy.util.test.junit.AutoTests" name="[88] /home/travis/build/icyphy/ptII/ptolemy/domains/de/test/auto/relationGroup2.xml (RunModel)" time="0.007" />
  <testcase classname="ptolemy.util.test.junit.AutoTests" name="[89] /home/travis/build/icyphy/ptII/ptolemy/domains/de/test/auto/sortWithOpaquePorts.xml (RunModel)" time="0.008" />
  <testcase classname="ptolemy.util.test.junit.AutoTests" name="[90] /home/travis/build/icyphy/ptII/ptolemy/domains/de/test/auto/transferInputsandOutputs.xml (RunModel)" time="0.016" />
  <testcase classname="ptolemy.util.test.junit.AutoTests" name="[91] /home/travis/build/icyphy/ptII/ptolemy/domains/de/test/auto/triggerType.xml (RunModel)" time="0.012" />
  <system-out><![CDATA[/home/travis/build/icyphy/ptII/ptolemy/domains/de/test/DependencyLoop.tcl
testDefs.tcl: setting time out to 9000 seconds at Tue May 01 01:28:50 UTC 2018
18 ms. Memory: 116224K Free: 95084K (82%)
8 ms. Memory: 146944K Free: 139119K (95%)
/home/travis/build/icyphy/ptII/ptolemy/domains/de/test/RunDETestsAsQSS.tcl
Run the DE tests using ptolemy.domains.qss.test.QSSDirectorTest, which extends QSSDirector and prints a message in the constructors.
------------------ testing $PTII/ptolemy/domains/de/test/auto/knownFailedTests/dependencyLoop.xml (Known Failure) 
18 ms. Memory: 146944K Free: 134844K (92%)


==== $PTIIhome/travis/build/icyphy/ptII/ptolemy/domains/de/test/../../../../: Auto Automatic test in file $PTII/ptolemy/domains/de/test/auto/knownFailedTests/dependencyLoop.xml
==== Contents of test case:

	    # FIXME: we should use $relativeFilename here, but it
	    # might have backslashes under Windows, which causes no end
	    # of trouble.
	    createAndExecute $file
	    list {}
	
.... Test generated KNOWN error:
    while executing
ptolemy.kernel.util.IllegalActionException: Found a zero delay loop containing .dependencyLoop.original
  in .dependencyLoop and .dependencyLoop.original
	at ptolemy.actor.util.CausalityInterfaceForComposites._computeOutputPortDepth(CausalityInterfaceForComposites.java:759)
	at ptolemy.actor.util.CausalityInterfaceForComposites._computeInputDepth(CausalityInterfaceForComposites.java:696)
	at ptolemy.actor.util.CausalityInterfaceForComposites._computeOutputPortDepth(CausalityInterfaceForComposites.java:765)
	at ptolemy.actor.util.CausalityInterfaceForComposites._computeInputDepth(CausalityInterfaceForComposites.java:696)
	at ptolemy.actor.util.CausalityInterfaceForComposites._computeOutputPortDepth(CausalityInterfaceForComposites.java:765)
	at ptolemy.actor.util.CausalityInterfaceForComposites._computeInputDepth(CausalityInterfaceForComposites.java:696)
	at ptolemy.actor.util.CausalityInterfaceForComposites._computeActorDepth(CausalityInterfaceForComposites.java:532)
	at ptolemy.actor.util.CausalityInterfaceForComposites.checkForCycles(CausalityInterfaceForComposites.java:96)
	at ptolemy.domains.de.kernel.DEDirector.preinitialize(DEDirector.java:1337)
	at ptolemy.actor.CompositeActor.preinitialize(CompositeActor.java:1828)
	at ptolemy.actor.Manager.preinitializeAndResolveTypes(Manager.java:1040)
	at ptolemy.actor.Manager.initialize(Manager.java:710)
	at ptolemy.actor.Manager.execute(Manager.java:356)
	at ptolemy.actor.Manager.run(Manager.java:1263)
	at ptolemy.actor.Manager$PtolemyRunThread.run(Manager.java:1915)

    while executing
ptolemy.kernel.util.IllegalActionException: Found a zero delay loop containing .dependencyLoop.original
  in .dependencyLoop and .dependencyLoop.original
    while executing
"java::new ptolemy.moml.MoMLSimpleApplication $file
"
    (procedure "createAndExecute" line 2)
    invoked from within
"createAndExecute $file"
    ("uplevel" body line 5)
    invoked from within
"uplevel $contents_of_test"
------------------ testing $PTII/ptolemy/domains/de/test/auto/knownFailedTests/DESDFClockTest.xml (Known Failure) 
2121 ms. Memory: 146944K Free: 118983K (81%)


==== $PTIIhome/travis/build/icyphy/ptII/ptolemy/domains/de/test/../../../../: Auto Automatic test in file $PTII/ptolemy/domains/de/test/auto/knownFailedTests/DESDFClockTest.xml
==== Contents of test case:

	    # FIXME: we should use $relativeFilename here, but it
	    # might have backslashes under Windows, which causes no end
	    # of trouble.
	    createAndExecute $file
	    list {}
	
.... Test generated KNOWN error:
    while executing
ptolemy.kernel.util.IllegalActionException: Actor is not ready to fire.  Perhaps UpSample.prefire() returned false? Try debugging the actor by selecting "Listen to Actor".  Also, for SDF check moml for tokenConsumptionRate on input.
  in .DESDFClockTest.Play Bell.Copy1:SDF Director and .DESDFClockTest.Play Bell.UpSample
	at ptolemy.actor.sched.StaticSchedulingDirector.fire(StaticSchedulingDirector.java:227)
	at ptolemy.domains.sdf.kernel.SDFDirector.fire(SDFDirector.java:500)
	at ptolemy.actor.CompositeActor.fire(CompositeActor.java:455)
	at ptolemy.domains.de.kernel.DEDirector._fire(DEDirector.java:1948)
	at ptolemy.domains.de.kernel.DEDirector.fire(DEDirector.java:502)
	at ptolemy.actor.CompositeActor.fire(CompositeActor.java:455)
	at ptolemy.actor.Manager.iterate(Manager.java:851)
	at ptolemy.actor.Manager.execute(Manager.java:369)
	at ptolemy.actor.Manager.run(Manager.java:1263)
	at ptolemy.actor.Manager$PtolemyRunThread.run(Manager.java:1915)

    while executing
ptolemy.kernel.util.IllegalActionException: Actor is not ready to fire.  Perhaps UpSample.prefire() returned false? Try debugging the actor by selecting "Listen to Actor".  Also, for SDF check moml for tokenConsumptionRate on input.
  in .DESDFClockTest.Play Bell.Copy1:SDF Director and .DESDFClockTest.Play Bell.UpSample
    while executing
"java::new ptolemy.moml.MoMLSimpleApplication $file
"
    (procedure "createAndExecute" line 2)
    invoked from within
"createAndExecute $file"
    ("uplevel" body line 5)
    invoked from within
"uplevel $contents_of_test"
------------------ testing $PTII/ptolemy/domains/de/test/auto/knownFailedTests/FSMSource.xml (Known Failure) 
39 ms. Memory: 146944K Free: 110001K (75%)
!!!! Auto was marked as failing, but now passes
------------------ testing $PTII/ptolemy/domains/de/test/auto/knownFailedTests/dependencyLoop2.xml (Known Failure) 
12 ms. Memory: 146944K Free: 108126K (74%)


==== $PTIIhome/travis/build/icyphy/ptII/ptolemy/domains/de/test/../../../../: Auto Automatic test in file $PTII/ptolemy/domains/de/test/auto/knownFailedTests/dependencyLoop2.xml
==== Contents of test case:

	    # FIXME: we should use $relativeFilename here, but it
	    # might have backslashes under Windows, which causes no end
	    # of trouble.
	    createAndExecute $file
	    list {}
	
.... Test generated KNOWN error:
    while executing
ptolemy.kernel.util.IllegalActionException: Found a zero delay loop containing .dependencyLoop2.original
  in .dependencyLoop2 and .dependencyLoop2.original
	at ptolemy.actor.util.CausalityInterfaceForComposites._computeOutputPortDepth(CausalityInterfaceForComposites.java:759)
	at ptolemy.actor.util.CausalityInterfaceForComposites._computeInputDepth(CausalityInterfaceForComposites.java:696)
	at ptolemy.actor.util.CausalityInterfaceForComposites._computeOutputPortDepth(CausalityInterfaceForComposites.java:765)
	at ptolemy.actor.util.CausalityInterfaceForComposites._computeInputDepth(CausalityInterfaceForComposites.java:696)
	at ptolemy.actor.util.CausalityInterfaceForComposites._computeOutputPortDepth(CausalityInterfaceForComposites.java:765)
	at ptolemy.actor.util.CausalityInterfaceForComposites._computeInputDepth(CausalityInterfaceForComposites.java:696)
	at ptolemy.actor.util.CausalityInterfaceForComposites._computeActorDepth(CausalityInterfaceForComposites.java:532)
	at ptolemy.actor.util.CausalityInterfaceForComposites.checkForCycles(CausalityInterfaceForComposites.java:96)
	at ptolemy.domains.de.kernel.DEDirector.preinitialize(DEDirector.java:1337)
	at ptolemy.actor.CompositeActor.preinitialize(CompositeActor.java:1828)
	at ptolemy.actor.Manager.preinitializeAndResolveTypes(Manager.java:1040)
	at ptolemy.actor.Manager.initialize(Manager.java:710)
	at ptolemy.actor.Manager.execute(Manager.java:356)
	at ptolemy.actor.Manager.run(Manager.java:1263)
	at ptolemy.actor.Manager$PtolemyRunThread.run(Manager.java:1915)

    while executing
ptolemy.kernel.util.IllegalActionException: Found a zero delay loop containing .dependencyLoop2.original
  in .dependencyLoop2 and .dependencyLoop2.original
    while executing
"java::new ptolemy.moml.MoMLSimpleApplication $file
"
    (procedure "createAndExecute" line 2)
    invoked from within
"createAndExecute $file"
    ("uplevel" body line 5)
    invoked from within
"uplevel $contents_of_test"
------------------ testing $PTII/ptolemy/domains/de/test/auto/knownFailedTests/HierarchicalModel.xml (Known Failure) 
18 ms. Memory: 146944K Free: 87501K (60%)


==== $PTIIhome/travis/build/icyphy/ptII/ptolemy/domains/de/test/../../../../: Auto Automatic test in file $PTII/ptolemy/domains/de/test/auto/knownFailedTests/HierarchicalModel.xml
==== Contents of test case:

	    # FIXME: we should use $relativeFilename here, but it
	    # might have backslashes under Windows, which causes no end
	    # of trouble.
	    createAndExecute $file
	    list {}
	
.... Test generated KNOWN error:
    while executing
ptolemy.kernel.util.IllegalActionException: Found a zero delay loop containing .HierarchicalModel.A
  in .HierarchicalModel and .HierarchicalModel.A
	at ptolemy.actor.util.CausalityInterfaceForComposites._computeOutputPortDepth(CausalityInterfaceForComposites.java:759)
	at ptolemy.actor.util.CausalityInterfaceForComposites._computeInputDepth(CausalityInterfaceForComposites.java:696)
	at ptolemy.actor.util.CausalityInterfaceForComposites._computeOutputPortDepth(CausalityInterfaceForComposites.java:765)
	at ptolemy.actor.util.CausalityInterfaceForComposites._computeInputDepth(CausalityInterfaceForComposites.java:696)
	at ptolemy.actor.util.CausalityInterfaceForComposites._computeOutputPortDepth(CausalityInterfaceForComposites.java:765)
	at ptolemy.actor.util.CausalityInterfaceForComposites._computeInputDepth(CausalityInterfaceForComposites.java:696)
	at ptolemy.actor.util.CausalityInterfaceForComposites._computeActorDepth(CausalityInterfaceForComposites.java:532)
	at ptolemy.actor.util.CausalityInterfaceForComposites.checkForCycles(CausalityInterfaceForComposites.java:96)
	at ptolemy.domains.de.kernel.DEDirector.preinitialize(DEDirector.java:1337)
	at ptolemy.actor.CompositeActor.preinitialize(CompositeActor.java:1828)
	at ptolemy.actor.Manager.preinitializeAndResolveTypes(Manager.java:1040)
	at ptolemy.actor.Manager.initialize(Manager.java:710)
	at ptolemy.actor.Manager.execute(Manager.java:356)
	at ptolemy.actor.Manager.run(Manager.java:1263)
	at ptolemy.actor.Manager$PtolemyRunThread.run(Manager.java:1915)

    while executing
ptolemy.kernel.util.IllegalActionException: Found a zero delay loop containing .HierarchicalModel.A
  in .HierarchicalModel and .HierarchicalModel.A
    while executing
"java::new ptolemy.moml.MoMLSimpleApplication $file
"
    (procedure "createAndExecute" line 2)
    invoked from within
"createAndExecute $file"
    ("uplevel" body line 5)
    invoked from within
"uplevel $contents_of_test"
------------------ testing $PTII/ptolemy/domains/de/test/auto/knownFailedTests/DirectFeedback.xml (Known Failure) 
12 ms. Memory: 146944K Free: 83316K (57%)


==== $PTIIhome/travis/build/icyphy/ptII/ptolemy/domains/de/test/../../../../: Auto Automatic test in file $PTII/ptolemy/domains/de/test/auto/knownFailedTests/DirectFeedback.xml
==== Contents of test case:

	    # FIXME: we should use $relativeFilename here, but it
	    # might have backslashes under Windows, which causes no end
	    # of trouble.
	    createAndExecute $file
	    list {}
	
.... Test generated KNOWN error:
    while executing
ptolemy.kernel.util.IllegalActionException: Test fails in iteration 1.
Value was: 1.0. Should have been: 2.0
  in .DirectFeedback.Test
	at ptolemy.actor.lib.Test.fire(Test.java:268)
	at ptolemy.domains.de.kernel.DEDirector._fire(DEDirector.java:1948)
	at ptolemy.domains.de.kernel.DEDirector.fire(DEDirector.java:502)
	at ptolemy.actor.CompositeActor.fire(CompositeActor.java:455)
	at ptolemy.actor.Manager.iterate(Manager.java:851)
	at ptolemy.actor.Manager.execute(Manager.java:369)
	at ptolemy.actor.Manager.run(Manager.java:1263)
	at ptolemy.actor.Manager$PtolemyRunThread.run(Manager.java:1915)

    while executing
ptolemy.kernel.util.IllegalActionException: Test fails in iteration 1.
Value was: 1.0. Should have been: 2.0
  in .DirectFeedback.Test
    while executing
"java::new ptolemy.moml.MoMLSimpleApplication $file
"
    (procedure "createAndExecute" line 2)
    invoked from within
"createAndExecute $file"
    ("uplevel" body line 5)
    invoked from within
"uplevel $contents_of_test"
------------------ testing $PTII/ptolemy/domains/de/test/auto/ActorDepthCalculation_actorWithoutPorts.xml
auto.tcl: Setting watchdog for 200 seconds at Tue May 01 01:28:54 UTC 2018
19 ms. Memory: 146944K Free: 135771K (92%)
ptolemy.util.test.WatchDog.cancel(): canceling Tue May 01 01:28:54 UTC 2018
auto.tcl: Setting watchdog for 200 seconds at Tue May 01 01:28:54 UTC 2018
8 ms. Memory: 146944K Free: 134728K (92%)
ptolemy.util.test.WatchDog.cancel(): canceling Tue May 01 01:28:54 UTC 2018
------------------ testing $PTII/ptolemy/domains/de/test/auto/AssemblyLine.xml
auto.tcl: Setting watchdog for 200 seconds at Tue May 01 01:28:55 UTC 2018
14 ms. Memory: 208384K Free: 181435K (87%)
ptolemy.util.test.WatchDog.cancel(): canceling Tue May 01 01:28:55 UTC 2018
auto.tcl: Setting watchdog for 200 seconds at Tue May 01 01:28:55 UTC 2018
13 ms. Memory: 208384K Free: 181435K (87%)
ptolemy.util.test.WatchDog.cancel(): canceling Tue May 01 01:28:55 UTC 2018
------------------ testing $PTII/ptolemy/domains/de/test/auto/CQBug1.xml
auto.tcl: Setting watchdog for 200 seconds at Tue May 01 01:28:55 UTC 2018
12 ms. Memory: 208384K Free: 196057K (94%)
ptolemy.util.test.WatchDog.cancel(): canceling Tue May 01 01:28:55 UTC 2018
auto.tcl: Setting watchdog for 200 seconds at Tue May 01 01:28:55 UTC 2018
3 ms. Memory: 208384K Free: 196057K (94%)
ptolemy.util.test.WatchDog.cancel(): canceling Tue May 01 01:28:55 UTC 2018
------------------ testing $PTII/ptolemy/domains/de/test/auto/CancelFireAt.xml
auto.tcl: Setting watchdog for 200 seconds at Tue May 01 01:28:55 UTC 2018
6 ms. Memory: 208384K Free: 201052K (96%)
ptolemy.util.test.WatchDog.cancel(): canceling Tue May 01 01:28:55 UTC 2018
auto.tcl: Setting watchdog for 200 seconds at Tue May 01 01:28:55 UTC 2018
12 ms. Memory: 208384K Free: 198906K (95%)
ptolemy.util.test.WatchDog.cancel(): canceling Tue May 01 01:28:55 UTC 2018
------------------ testing $PTII/ptolemy/domains/de/test/auto/CausalityAndComposabilityAnalysis.xml
auto.tcl: Setting watchdog for 200 seconds at Tue May 01 01:28:55 UTC 2018
12 ms. Memory: 208384K Free: 199251K (96%)
ptolemy.util.test.WatchDog.cancel(): canceling Tue May 01 01:28:55 UTC 2018
auto.tcl: Setting watchdog for 200 seconds at Tue May 01 01:28:55 UTC 2018
11 ms. Memory: 208384K Free: 197105K (95%)
ptolemy.util.test.WatchDog.cancel(): canceling Tue May 01 01:28:55 UTC 2018
------------------ testing $PTII/ptolemy/domains/de/test/auto/CausalityInterface1.xml
auto.tcl: Setting watchdog for 200 seconds at Tue May 01 01:28:55 UTC 2018
13 ms. Memory: 208384K Free: 196296K (94%)
ptolemy.util.test.WatchDog.cancel(): canceling Tue May 01 01:28:55 UTC 2018
auto.tcl: Setting watchdog for 200 seconds at Tue May 01 01:28:55 UTC 2018
5 ms. Memory: 208384K Free: 196296K (94%)
ptolemy.util.test.WatchDog.cancel(): canceling Tue May 01 01:28:55 UTC 2018
------------------ testing $PTII/ptolemy/domains/de/test/auto/CausalityInterface15.xml
auto.tcl: Setting watchdog for 200 seconds at Tue May 01 01:28:55 UTC 2018
14 ms. Memory: 208384K Free: 196624K (94%)
ptolemy.util.test.WatchDog.cancel(): canceling Tue May 01 01:28:55 UTC 2018
auto.tcl: Setting watchdog for 200 seconds at Tue May 01 01:28:55 UTC 2018
5 ms. Memory: 208384K Free: 196286K (94%)
ptolemy.util.test.WatchDog.cancel(): canceling Tue May 01 01:28:55 UTC 2018
------------------ testing $PTII/ptolemy/domains/de/test/auto/CausalityInterface2.xml
auto.tcl: Setting watchdog for 200 seconds at Tue May 01 01:28:55 UTC 2018
14 ms. Memory: 208384K Free: 196270K (94%)
ptolemy.util.test.WatchDog.cancel(): canceling Tue May 01 01:28:55 UTC 2018
auto.tcl: Setting watchdog for 200 seconds at Tue May 01 01:28:55 UTC 2018
9 ms. Memory: 208384K Free: 196270K (94%)
ptolemy.util.test.WatchDog.cancel(): canceling Tue May 01 01:28:55 UTC 2018
------------------ testing $PTII/ptolemy/domains/de/test/auto/CausalityInterface3.xml
auto.tcl: Setting watchdog for 200 seconds at Tue May 01 01:28:55 UTC 2018
8 ms. Memory: 208384K Free: 196283K (94%)
ptolemy.util.test.WatchDog.cancel(): canceling Tue May 01 01:28:56 UTC 2018
auto.tcl: Setting watchdog for 200 seconds at Tue May 01 01:28:56 UTC 2018
6 ms. Memory: 208384K Free: 196283K (94%)
ptolemy.util.test.WatchDog.cancel(): canceling Tue May 01 01:28:56 UTC 2018
------------------ testing $PTII/ptolemy/domains/de/test/auto/ClockDrift.xml
auto.tcl: Setting watchdog for 200 seconds at Tue May 01 01:28:56 UTC 2018
98 ms. Memory: 208384K Free: 187377K (90%)
ptolemy.util.test.WatchDog.cancel(): canceling Tue May 01 01:28:56 UTC 2018
auto.tcl: Setting watchdog for 200 seconds at Tue May 01 01:28:56 UTC 2018
85 ms. Memory: 208384K Free: 185231K (89%)
ptolemy.util.test.WatchDog.cancel(): canceling Tue May 01 01:28:56 UTC 2018
------------------ testing $PTII/ptolemy/domains/de/test/auto/ClockDriftAndValueChange.xml
auto.tcl: Setting watchdog for 200 seconds at Tue May 01 01:28:56 UTC 2018
72 ms. Memory: 208384K Free: 187212K (90%)
ptolemy.util.test.WatchDog.cancel(): canceling Tue May 01 01:28:56 UTC 2018
auto.tcl: Setting watchdog for 200 seconds at Tue May 01 01:28:56 UTC 2018
52 ms. Memory: 208384K Free: 185066K (89%)
ptolemy.util.test.WatchDog.cancel(): canceling Tue May 01 01:28:56 UTC 2018
------------------ testing $PTII/ptolemy/domains/de/test/auto/ClockDriftChange.xml
auto.tcl: Setting watchdog for 200 seconds at Tue May 01 01:28:56 UTC 2018
56 ms. Memory: 208384K Free: 190579K (91%)
ptolemy.util.test.WatchDog.cancel(): canceling Tue May 01 01:28:56 UTC 2018
auto.tcl: Setting watchdog for 200 seconds at Tue May 01 01:28:56 UTC 2018
43 ms. Memory: 208384K Free: 188433K (90%)
ptolemy.util.test.WatchDog.cancel(): canceling Tue May 01 01:28:56 UTC 2018
------------------ testing $PTII/ptolemy/domains/de/test/auto/ComposableCausalityAnalysis.xml
auto.tcl: Setting watchdog for 200 seconds at Tue May 01 01:28:56 UTC 2018
3 ms. Memory: 208384K Free: 196137K (94%)
ptolemy.util.test.WatchDog.cancel(): canceling Tue May 01 01:28:56 UTC 2018
auto.tcl: Setting watchdog for 200 seconds at Tue May 01 01:28:56 UTC 2018
2 ms. Memory: 208384K Free: 196137K (94%)
ptolemy.util.test.WatchDog.cancel(): canceling Tue May 01 01:28:56 UTC 2018
------------------ testing $PTII/ptolemy/domains/de/test/auto/DEFixedPointLimitation.xml
auto.tcl: Setting watchdog for 200 seconds at Tue May 01 01:28:56 UTC 2018
5 ms. Memory: 208384K Free: 198364K (95%)
ptolemy.util.test.WatchDog.cancel(): canceling Tue May 01 01:28:57 UTC 2018
auto.tcl: Setting watchdog for 200 seconds at Tue May 01 01:28:57 UTC 2018
3 ms. Memory: 208384K Free: 196218K (94%)
ptolemy.util.test.WatchDog.cancel(): canceling Tue May 01 01:28:57 UTC 2018
------------------ testing $PTII/ptolemy/domains/de/test/auto/DEScheduleTest.xml
auto.tcl: Setting watchdog for 200 seconds at Tue May 01 01:28:57 UTC 2018
6 ms. Memory: 208384K Free: 198398K (95%)
ptolemy.util.test.WatchDog.cancel(): canceling Tue May 01 01:28:57 UTC 2018
auto.tcl: Setting watchdog for 200 seconds at Tue May 01 01:28:57 UTC 2018
5 ms. Memory: 208384K Free: 196252K (94%)
ptolemy.util.test.WatchDog.cancel(): canceling Tue May 01 01:28:57 UTC 2018
------------------ testing $PTII/ptolemy/domains/de/test/auto/DEinDEwithStartTimes.xml
auto.tcl: Setting watchdog for 200 seconds at Tue May 01 01:28:57 UTC 2018
7 ms. Memory: 208384K Free: 196222K (94%)
ptolemy.util.test.WatchDog.cancel(): canceling Tue May 01 01:28:57 UTC 2018
auto.tcl: Setting watchdog for 200 seconds at Tue May 01 01:28:57 UTC 2018
9 ms. Memory: 208384K Free: 196222K (94%)
ptolemy.util.test.WatchDog.cancel(): canceling Tue May 01 01:28:57 UTC 2018
------------------ testing $PTII/ptolemy/domains/de/test/auto/DEinDEwithStartTimes2.xml
auto.tcl: Setting watchdog for 200 seconds at Tue May 01 01:28:57 UTC 2018
15 ms. Memory: 208384K Free: 196539K (94%)
ptolemy.util.test.WatchDog.cancel(): canceling Tue May 01 01:28:57 UTC 2018
auto.tcl: Setting watchdog for 200 seconds at Tue May 01 01:28:57 UTC 2018
5 ms. Memory: 208384K Free: 194056K (93%)
ptolemy.util.test.WatchDog.cancel(): canceling Tue May 01 01:28:57 UTC 2018
------------------ testing $PTII/ptolemy/domains/de/test/auto/DateDemo.xml
auto.tcl: Setting watchdog for 200 seconds at Tue May 01 01:28:57 UTC 2018
22 ms. Memory: 208384K Free: 188506K (90%)
ptolemy.util.test.WatchDog.cancel(): canceling Tue May 01 01:28:57 UTC 2018
auto.tcl: Setting watchdog for 200 seconds at Tue May 01 01:28:57 UTC 2018
10 ms. Memory: 208384K Free: 186360K (89%)
ptolemy.util.test.WatchDog.cancel(): canceling Tue May 01 01:28:57 UTC 2018
------------------ testing $PTII/ptolemy/domains/de/test/auto/DateToEvent.xml
auto.tcl: Setting watchdog for 200 seconds at Tue May 01 01:28:57 UTC 2018
2017 ms. Memory: 208384K Free: 183094K (88%)
ptolemy.util.test.WatchDog.cancel(): canceling Tue May 01 01:28:59 UTC 2018
auto.tcl: Setting watchdog for 200 seconds at Tue May 01 01:28:59 UTC 2018
2008 ms. Memory: 208384K Free: 183094K (88%)
ptolemy.util.test.WatchDog.cancel(): canceling Tue May 01 01:29:01 UTC 2018
------------------ testing $PTII/ptolemy/domains/de/test/auto/DepthTest1.xml
auto.tcl: Setting watchdog for 200 seconds at Tue May 01 01:29:01 UTC 2018
9 ms. Memory: 208384K Free: 195468K (94%)
ptolemy.util.test.WatchDog.cancel(): canceling Tue May 01 01:29:01 UTC 2018
auto.tcl: Setting watchdog for 200 seconds at Tue May 01 01:29:01 UTC 2018
3 ms. Memory: 208384K Free: 195468K (94%)
ptolemy.util.test.WatchDog.cancel(): canceling Tue May 01 01:29:01 UTC 2018
------------------ testing $PTII/ptolemy/domains/de/test/auto/DepthTest2.xml
auto.tcl: Setting watchdog for 200 seconds at Tue May 01 01:29:01 UTC 2018
8 ms. Memory: 208384K Free: 194068K (93%)
ptolemy.util.test.WatchDog.cancel(): canceling Tue May 01 01:29:01 UTC 2018
auto.tcl: Setting watchdog for 200 seconds at Tue May 01 01:29:01 UTC 2018
3 ms. Memory: 208384K Free: 194068K (93%)
ptolemy.util.test.WatchDog.cancel(): canceling Tue May 01 01:29:01 UTC 2018
------------------ testing $PTII/ptolemy/domains/de/test/auto/DepthTest3.xml
auto.tcl: Setting watchdog for 200 seconds at Tue May 01 01:29:01 UTC 2018
5 ms. Memory: 208384K Free: 198261K (95%)
ptolemy.util.test.WatchDog.cancel(): canceling Tue May 01 01:29:01 UTC 2018
auto.tcl: Setting watchdog for 200 seconds at Tue May 01 01:29:01 UTC 2018
3 ms. Memory: 208384K Free: 198261K (95%)
ptolemy.util.test.WatchDog.cancel(): canceling Tue May 01 01:29:01 UTC 2018
------------------ testing $PTII/ptolemy/domains/de/test/auto/DepthTest4.xml
auto.tcl: Setting watchdog for 200 seconds at Tue May 01 01:29:01 UTC 2018
13 ms. Memory: 208384K Free: 196203K (94%)
ptolemy.util.test.WatchDog.cancel(): canceling Tue May 01 01:29:02 UTC 2018
auto.tcl: Setting watchdog for 200 seconds at Tue May 01 01:29:02 UTC 2018
3 ms. Memory: 208384K Free: 196203K (94%)
ptolemy.util.test.WatchDog.cancel(): canceling Tue May 01 01:29:02 UTC 2018
------------------ testing $PTII/ptolemy/domains/de/test/auto/DepthTest5.xml
auto.tcl: Setting watchdog for 200 seconds at Tue May 01 01:29:02 UTC 2018
4 ms. Memory: 208384K Free: 196486K (94%)
ptolemy.util.test.WatchDog.cancel(): canceling Tue May 01 01:29:02 UTC 2018
auto.tcl: Setting watchdog for 200 seconds at Tue May 01 01:29:02 UTC 2018
3 ms. Memory: 208384K Free: 196486K (94%)
ptolemy.util.test.WatchDog.cancel(): canceling Tue May 01 01:29:02 UTC 2018
------------------ testing $PTII/ptolemy/domains/de/test/auto/DepthTest6.xml
auto.tcl: Setting watchdog for 200 seconds at Tue May 01 01:29:02 UTC 2018
9 ms. Memory: 208384K Free: 196449K (94%)
ptolemy.util.test.WatchDog.cancel(): canceling Tue May 01 01:29:02 UTC 2018
auto.tcl: Setting watchdog for 200 seconds at Tue May 01 01:29:02 UTC 2018
3 ms. Memory: 208384K Free: 196449K (94%)
ptolemy.util.test.WatchDog.cancel(): canceling Tue May 01 01:29:02 UTC 2018
------------------ testing $PTII/ptolemy/domains/de/test/auto/DepthTest7.xml
auto.tcl: Setting watchdog for 200 seconds at Tue May 01 01:29:02 UTC 2018
5 ms. Memory: 208384K Free: 194878K (94%)
ptolemy.util.test.WatchDog.cancel(): canceling Tue May 01 01:29:02 UTC 2018
auto.tcl: Setting watchdog for 200 seconds at Tue May 01 01:29:02 UTC 2018
2 ms. Memory: 208384K Free: 194878K (94%)
ptolemy.util.test.WatchDog.cancel(): canceling Tue May 01 01:29:02 UTC 2018
------------------ testing $PTII/ptolemy/domains/de/test/auto/EventToDate.xml
auto.tcl: Setting watchdog for 200 seconds at Tue May 01 01:29:02 UTC 2018
3015 ms. Memory: 208384K Free: 187545K (90%)
ptolemy.util.test.WatchDog.cancel(): canceling Tue May 01 01:29:05 UTC 2018
auto.tcl: Setting watchdog for 200 seconds at Tue May 01 01:29:05 UTC 2018
3005 ms. Memory: 208384K Free: 185400K (89%)
ptolemy.util.test.WatchDog.cancel(): canceling Tue May 01 01:29:08 UTC 2018
------------------ testing $PTII/ptolemy/domains/de/test/auto/FSM1.xml
auto.tcl: Setting watchdog for 200 seconds at Tue May 01 01:29:08 UTC 2018
24 ms. Memory: 208384K Free: 189068K (91%)
ptolemy.util.test.WatchDog.cancel(): canceling Tue May 01 01:29:08 UTC 2018
auto.tcl: Setting watchdog for 200 seconds at Tue May 01 01:29:08 UTC 2018
21 ms. Memory: 208384K Free: 184776K (89%)
ptolemy.util.test.WatchDog.cancel(): canceling Tue May 01 01:29:08 UTC 2018
------------------ testing $PTII/ptolemy/domains/de/test/auto/FSM7.xml
auto.tcl: Setting watchdog for 200 seconds at Tue May 01 01:29:08 UTC 2018
41 ms. Memory: 208384K Free: 187125K (90%)
ptolemy.util.test.WatchDog.cancel(): canceling Tue May 01 01:29:08 UTC 2018
auto.tcl: Setting watchdog for 200 seconds at Tue May 01 01:29:08 UTC 2018
28 ms. Memory: 208384K Free: 184980K (89%)
ptolemy.util.test.WatchDog.cancel(): canceling Tue May 01 01:29:08 UTC 2018
------------------ testing $PTII/ptolemy/domains/de/test/auto/Inspection.xml
auto.tcl: Setting watchdog for 200 seconds at Tue May 01 01:29:08 UTC 2018
68 ms. Memory: 208384K Free: 188675K (91%)
ptolemy.util.test.WatchDog.cancel(): canceling Tue May 01 01:29:08 UTC 2018
auto.tcl: Setting watchdog for 200 seconds at Tue May 01 01:29:08 UTC 2018
39 ms. Memory: 208384K Free: 186192K (89%)
ptolemy.util.test.WatchDog.cancel(): canceling Tue May 01 01:29:09 UTC 2018
------------------ testing $PTII/ptolemy/domains/de/test/auto/Iteration.xml
auto.tcl: Setting watchdog for 200 seconds at Tue May 01 01:29:09 UTC 2018
16 ms. Memory: 208384K Free: 193767K (93%)
ptolemy.util.test.WatchDog.cancel(): canceling Tue May 01 01:29:09 UTC 2018
auto.tcl: Setting watchdog for 200 seconds at Tue May 01 01:29:09 UTC 2018
32 ms. Memory: 208384K Free: 193767K (93%)
ptolemy.util.test.WatchDog.cancel(): canceling Tue May 01 01:29:09 UTC 2018
------------------ testing $PTII/ptolemy/domains/de/test/auto/LineFault.xml
auto.tcl: Setting watchdog for 200 seconds at Tue May 01 01:29:09 UTC 2018
1302 ms. Memory: 208384K Free: 196233K (94%)
ptolemy.util.test.WatchDog.cancel(): canceling Tue May 01 01:29:10 UTC 2018
auto.tcl: Setting watchdog for 200 seconds at Tue May 01 01:29:10 UTC 2018
907 ms. Memory: 208384K Free: 139946K (67%)
ptolemy.util.test.WatchDog.cancel(): canceling Tue May 01 01:29:11 UTC 2018
------------------ testing $PTII/ptolemy/domains/de/test/auto/MergeModel1Add.xml
auto.tcl: Setting watchdog for 200 seconds at Tue May 01 01:29:11 UTC 2018
41 ms. Memory: 331264K Free: 302539K (91%)
ptolemy.util.test.WatchDog.cancel(): canceling Tue May 01 01:29:11 UTC 2018
auto.tcl: Setting watchdog for 200 seconds at Tue May 01 01:29:11 UTC 2018
23 ms. Memory: 331264K Free: 298528K (90%)
ptolemy.util.test.WatchDog.cancel(): canceling Tue May 01 01:29:11 UTC 2018
------------------ testing $PTII/ptolemy/domains/de/test/auto/MergeModel2Add.xml
auto.tcl: Setting watchdog for 200 seconds at Tue May 01 01:29:12 UTC 2018
15 ms. Memory: 331264K Free: 303891K (92%)
ptolemy.util.test.WatchDog.cancel(): canceling Tue May 01 01:29:12 UTC 2018
auto.tcl: Setting watchdog for 200 seconds at Tue May 01 01:29:12 UTC 2018
17 ms. Memory: 331264K Free: 299895K (91%)
ptolemy.util.test.WatchDog.cancel(): canceling Tue May 01 01:29:12 UTC 2018
------------------ testing $PTII/ptolemy/domains/de/test/auto/MergeModel3Add.xml
auto.tcl: Setting watchdog for 200 seconds at Tue May 01 01:29:12 UTC 2018
14 ms. Memory: 331264K Free: 303893K (92%)
ptolemy.util.test.WatchDog.cancel(): canceling Tue May 01 01:29:12 UTC 2018
auto.tcl: Setting watchdog for 200 seconds at Tue May 01 01:29:12 UTC 2018
11 ms. Memory: 331264K Free: 299897K (91%)
ptolemy.util.test.WatchDog.cancel(): canceling Tue May 01 01:29:12 UTC 2018
------------------ testing $PTII/ptolemy/domains/de/test/auto/MergeWithoutDiscard.xml
auto.tcl: Setting watchdog for 200 seconds at Tue May 01 01:29:12 UTC 2018
5 ms. Memory: 331264K Free: 319495K (96%)
ptolemy.util.test.WatchDog.cancel(): canceling Tue May 01 01:29:12 UTC 2018
auto.tcl: Setting watchdog for 200 seconds at Tue May 01 01:29:12 UTC 2018
2 ms. Memory: 331264K Free: 315500K (95%)
ptolemy.util.test.WatchDog.cancel(): canceling Tue May 01 01:29:12 UTC 2018
------------------ testing $PTII/ptolemy/domains/de/test/auto/Modal1.xml
auto.tcl: Setting watchdog for 200 seconds at Tue May 01 01:29:12 UTC 2018
20 ms. Memory: 331264K Free: 309312K (93%)
ptolemy.util.test.WatchDog.cancel(): canceling Tue May 01 01:29:12 UTC 2018
auto.tcl: Setting watchdog for 200 seconds at Tue May 01 01:29:12 UTC 2018
27 ms. Memory: 331264K Free: 305300K (92%)
ptolemy.util.test.WatchDog.cancel(): canceling Tue May 01 01:29:12 UTC 2018
------------------ testing $PTII/ptolemy/domains/de/test/auto/Modal2.xml
auto.tcl: Setting watchdog for 200 seconds at Tue May 01 01:29:12 UTC 2018
21 ms. Memory: 331264K Free: 309185K (93%)
ptolemy.util.test.WatchDog.cancel(): canceling Tue May 01 01:29:12 UTC 2018
auto.tcl: Setting watchdog for 200 seconds at Tue May 01 01:29:12 UTC 2018
22 ms. Memory: 331264K Free: 305190K (92%)
ptolemy.util.test.WatchDog.cancel(): canceling Tue May 01 01:29:12 UTC 2018
------------------ testing $PTII/ptolemy/domains/de/test/auto/Modal3.xml
auto.tcl: Setting watchdog for 200 seconds at Tue May 01 01:29:12 UTC 2018
18 ms. Memory: 331264K Free: 309469K (93%)
ptolemy.util.test.WatchDog.cancel(): canceling Tue May 01 01:29:12 UTC 2018
auto.tcl: Setting watchdog for 200 seconds at Tue May 01 01:29:12 UTC 2018
16 ms. Memory: 331264K Free: 305188K (92%)
ptolemy.util.test.WatchDog.cancel(): canceling Tue May 01 01:29:12 UTC 2018
------------------ testing $PTII/ptolemy/domains/de/test/auto/Modal4.xml
auto.tcl: Setting watchdog for 200 seconds at Tue May 01 01:29:12 UTC 2018
31 ms. Memory: 331264K Free: 309196K (93%)
ptolemy.util.test.WatchDog.cancel(): canceling Tue May 01 01:29:12 UTC 2018
auto.tcl: Setting watchdog for 200 seconds at Tue May 01 01:29:12 UTC 2018
37 ms. Memory: 331264K Free: 305185K (92%)
ptolemy.util.test.WatchDog.cancel(): canceling Tue May 01 01:29:12 UTC 2018
------------------ testing $PTII/ptolemy/domains/de/test/auto/Modal5.xml
auto.tcl: Setting watchdog for 200 seconds at Tue May 01 01:29:12 UTC 2018
18 ms. Memory: 331264K Free: 309184K (93%)
ptolemy.util.test.WatchDog.cancel(): canceling Tue May 01 01:29:13 UTC 2018
auto.tcl: Setting watchdog for 200 seconds at Tue May 01 01:29:13 UTC 2018
19 ms. Memory: 331264K Free: 305172K (92%)
ptolemy.util.test.WatchDog.cancel(): canceling Tue May 01 01:29:13 UTC 2018
------------------ testing $PTII/ptolemy/domains/de/test/auto/Modal6.xml
auto.tcl: Setting watchdog for 200 seconds at Tue May 01 01:29:13 UTC 2018
26 ms. Memory: 331264K Free: 309213K (93%)
ptolemy.util.test.WatchDog.cancel(): canceling Tue May 01 01:29:13 UTC 2018
auto.tcl: Setting watchdog for 200 seconds at Tue May 01 01:29:13 UTC 2018
23 ms. Memory: 331264K Free: 305201K (92%)
ptolemy.util.test.WatchDog.cancel(): canceling Tue May 01 01:29:13 UTC 2018
------------------ testing $PTII/ptolemy/domains/de/test/auto/Modal7.xml
auto.tcl: Setting watchdog for 200 seconds at Tue May 01 01:29:13 UTC 2018
24 ms. Memory: 331264K Free: 309189K (93%)
ptolemy.util.test.WatchDog.cancel(): canceling Tue May 01 01:29:13 UTC 2018
auto.tcl: Setting watchdog for 200 seconds at Tue May 01 01:29:13 UTC 2018
15 ms. Memory: 331264K Free: 305177K (92%)
ptolemy.util.test.WatchDog.cancel(): canceling Tue May 01 01:29:13 UTC 2018
------------------ testing $PTII/ptolemy/domains/de/test/auto/ModalModel.xml
auto.tcl: Setting watchdog for 200 seconds at Tue May 01 01:29:13 UTC 2018
314 ms. Memory: 331264K Free: 247809K (75%)
ptolemy.util.test.WatchDog.cancel(): canceling Tue May 01 01:29:13 UTC 2018
auto.tcl: Setting watchdog for 200 seconds at Tue May 01 01:29:13 UTC 2018
283 ms. Memory: 331264K Free: 191737K (58%)
ptolemy.util.test.WatchDog.cancel(): canceling Tue May 01 01:29:14 UTC 2018
------------------ testing $PTII/ptolemy/domains/de/test/auto/ModalSource.xml
auto.tcl: Setting watchdog for 200 seconds at Tue May 01 01:29:14 UTC 2018
13 ms. Memory: 331264K Free: 316022K (95%)
ptolemy.util.test.WatchDog.cancel(): canceling Tue May 01 01:29:14 UTC 2018
auto.tcl: Setting watchdog for 200 seconds at Tue May 01 01:29:14 UTC 2018
9 ms. Memory: 331264K Free: 312438K (94%)
ptolemy.util.test.WatchDog.cancel(): canceling Tue May 01 01:29:14 UTC 2018
------------------ testing $PTII/ptolemy/domains/de/test/auto/NonInterruptibleTimerZeroDelay.xml
auto.tcl: Setting watchdog for 200 seconds at Tue May 01 01:29:14 UTC 2018
5 ms. Memory: 331264K Free: 320443K (97%)
ptolemy.util.test.WatchDog.cancel(): canceling Tue May 01 01:29:14 UTC 2018
auto.tcl: Setting watchdog for 200 seconds at Tue May 01 01:29:14 UTC 2018
3 ms. Memory: 331264K Free: 316859K (96%)
ptolemy.util.test.WatchDog.cancel(): canceling Tue May 01 01:29:14 UTC 2018
------------------ testing $PTII/ptolemy/domains/de/test/auto/OpenQueueingNetwork.xml
auto.tcl: Setting watchdog for 200 seconds at Tue May 01 01:29:14 UTC 2018
5265 ms. Memory: 307712K Free: 143200K (47%)
ptolemy.util.test.WatchDog.cancel(): canceling Tue May 01 01:29:19 UTC 2018
auto.tcl: Setting watchdog for 200 seconds at Tue May 01 01:29:19 UTC 2018
2994 ms. Memory: 278528K Free: 217515K (78%)
ptolemy.util.test.WatchDog.cancel(): canceling Tue May 01 01:29:22 UTC 2018
------------------ testing $PTII/ptolemy/domains/de/test/auto/OpenQueuingNetwork.xml
auto.tcl: Setting watchdog for 200 seconds at Tue May 01 01:29:22 UTC 2018
383 ms. Memory: 278528K Free: 182613K (66%)
ptolemy.util.test.WatchDog.cancel(): canceling Tue May 01 01:29:23 UTC 2018
auto.tcl: Setting watchdog for 200 seconds at Tue May 01 01:29:23 UTC 2018
366 ms. Memory: 278528K Free: 122165K (44%)
ptolemy.util.test.WatchDog.cancel(): canceling Tue May 01 01:29:23 UTC 2018
------------------ testing $PTII/ptolemy/domains/de/test/auto/PeriodicSampler.xml
auto.tcl: Setting watchdog for 200 seconds at Tue May 01 01:29:23 UTC 2018
3 ms. Memory: 281088K Free: 266178K (95%)
ptolemy.util.test.WatchDog.cancel(): canceling Tue May 01 01:29:23 UTC 2018
auto.tcl: Setting watchdog for 200 seconds at Tue May 01 01:29:23 UTC 2018
2 ms. Memory: 281088K Free: 266178K (95%)
ptolemy.util.test.WatchDog.cancel(): canceling Tue May 01 01:29:23 UTC 2018
------------------ testing $PTII/ptolemy/domains/de/test/auto/PersistentIO.xml
auto.tcl: Setting watchdog for 200 seconds at Tue May 01 01:29:23 UTC 2018
7 ms. Memory: 278528K Free: 258676K (93%)
ptolemy.util.test.WatchDog.cancel(): canceling Tue May 01 01:29:23 UTC 2018
auto.tcl: Setting watchdog for 200 seconds at Tue May 01 01:29:23 UTC 2018
6 ms. Memory: 278528K Free: 258676K (93%)
ptolemy.util.test.WatchDog.cancel(): canceling Tue May 01 01:29:23 UTC 2018
------------------ testing $PTII/ptolemy/domains/de/test/auto/PortParameterResetOnInitialize.xml
auto.tcl: Setting watchdog for 200 seconds at Tue May 01 01:29:23 UTC 2018
7 ms. Memory: 280576K Free: 266031K (95%)
ptolemy.util.test.WatchDog.cancel(): canceling Tue May 01 01:29:23 UTC 2018
auto.tcl: Setting watchdog for 200 seconds at Tue May 01 01:29:23 UTC 2018
3 ms. Memory: 280576K Free: 266031K (95%)
ptolemy.util.test.WatchDog.cancel(): canceling Tue May 01 01:29:23 UTC 2018
------------------ testing $PTII/ptolemy/domains/de/test/auto/PortParameterUpdates.xml
auto.tcl: Setting watchdog for 200 seconds at Tue May 01 01:29:24 UTC 2018
5 ms. Memory: 278528K Free: 264116K (95%)
ptolemy.util.test.WatchDog.cancel(): canceling Tue May 01 01:29:24 UTC 2018
auto.tcl: Setting watchdog for 200 seconds at Tue May 01 01:29:24 UTC 2018
6 ms. Memory: 278528K Free: 261337K (94%)
ptolemy.util.test.WatchDog.cancel(): canceling Tue May 01 01:29:24 UTC 2018
------------------ testing $PTII/ptolemy/domains/de/test/auto/QueueAndServer.xml
auto.tcl: Setting watchdog for 200 seconds at Tue May 01 01:29:24 UTC 2018
22 ms. Memory: 280576K Free: 265327K (95%)
ptolemy.util.test.WatchDog.cancel(): canceling Tue May 01 01:29:24 UTC 2018
auto.tcl: Setting watchdog for 200 seconds at Tue May 01 01:29:24 UTC 2018
18 ms. Memory: 280576K Free: 265327K (95%)
ptolemy.util.test.WatchDog.cancel(): canceling Tue May 01 01:29:24 UTC 2018
------------------ testing $PTII/ptolemy/domains/de/test/auto/Records.xml
auto.tcl: Setting watchdog for 200 seconds at Tue May 01 01:29:24 UTC 2018
8 ms. Memory: 278528K Free: 265992K (95%)
ptolemy.util.test.WatchDog.cancel(): canceling Tue May 01 01:29:24 UTC 2018
auto.tcl: Setting watchdog for 200 seconds at Tue May 01 01:29:24 UTC 2018
3 ms. Memory: 278528K Free: 265992K (95%)
ptolemy.util.test.WatchDog.cancel(): canceling Tue May 01 01:29:24 UTC 2018
------------------ testing $PTII/ptolemy/domains/de/test/auto/ResetTransitionWithStartTime1.xml
auto.tcl: Setting watchdog for 200 seconds at Tue May 01 01:29:24 UTC 2018
14 ms. Memory: 280064K Free: 262890K (94%)
ptolemy.util.test.WatchDog.cancel(): canceling Tue May 01 01:29:24 UTC 2018
auto.tcl: Setting watchdog for 200 seconds at Tue May 01 01:29:24 UTC 2018
7 ms. Memory: 280064K Free: 260006K (93%)
ptolemy.util.test.WatchDog.cancel(): canceling Tue May 01 01:29:24 UTC 2018
------------------ testing $PTII/ptolemy/domains/de/test/auto/ResetTransitionWithStartTime2.xml
auto.tcl: Setting watchdog for 200 seconds at Tue May 01 01:29:24 UTC 2018
9 ms. Memory: 278528K Free: 261345K (94%)
ptolemy.util.test.WatchDog.cancel(): canceling Tue May 01 01:29:24 UTC 2018
auto.tcl: Setting watchdog for 200 seconds at Tue May 01 01:29:24 UTC 2018
9 ms. Memory: 278528K Free: 258558K (93%)
ptolemy.util.test.WatchDog.cancel(): canceling Tue May 01 01:29:24 UTC 2018
------------------ testing $PTII/ptolemy/domains/de/test/auto/ResetTransitionWithStartTime3.xml
auto.tcl: Setting watchdog for 200 seconds at Tue May 01 01:29:24 UTC 2018
11 ms. Memory: 280064K Free: 262799K (94%)
ptolemy.util.test.WatchDog.cancel(): canceling Tue May 01 01:29:24 UTC 2018
auto.tcl: Setting watchdog for 200 seconds at Tue May 01 01:29:24 UTC 2018
8 ms. Memory: 280064K Free: 260020K (93%)
ptolemy.util.test.WatchDog.cancel(): canceling Tue May 01 01:29:24 UTC 2018
------------------ testing $PTII/ptolemy/domains/de/test/auto/ResetTransitionWithStartTime4.xml
auto.tcl: Setting watchdog for 200 seconds at Tue May 01 01:29:24 UTC 2018
4 ms. Memory: 278528K Free: 263240K (95%)
ptolemy.util.test.WatchDog.cancel(): canceling Tue May 01 01:29:24 UTC 2018
auto.tcl: Setting watchdog for 200 seconds at Tue May 01 01:29:24 UTC 2018
5 ms. Memory: 278528K Free: 263240K (95%)
ptolemy.util.test.WatchDog.cancel(): canceling Tue May 01 01:29:24 UTC 2018
------------------ testing $PTII/ptolemy/domains/de/test/auto/ResettableTimer1.xml
auto.tcl: Setting watchdog for 200 seconds at Tue May 01 01:29:24 UTC 2018
5 ms. Memory: 280064K Free: 267647K (96%)
ptolemy.util.test.WatchDog.cancel(): canceling Tue May 01 01:29:24 UTC 2018
auto.tcl: Setting watchdog for 200 seconds at Tue May 01 01:29:24 UTC 2018
4 ms. Memory: 280064K Free: 267647K (96%)
ptolemy.util.test.WatchDog.cancel(): canceling Tue May 01 01:29:24 UTC 2018
------------------ testing $PTII/ptolemy/domains/de/test/auto/ResettableTimer2.xml
auto.tcl: Setting watchdog for 200 seconds at Tue May 01 01:29:24 UTC 2018
3 ms. Memory: 278528K Free: 266154K (96%)
ptolemy.util.test.WatchDog.cancel(): canceling Tue May 01 01:29:24 UTC 2018
auto.tcl: Setting watchdog for 200 seconds at Tue May 01 01:29:24 UTC 2018
5 ms. Memory: 278528K Free: 266154K (96%)
ptolemy.util.test.WatchDog.cancel(): canceling Tue May 01 01:29:24 UTC 2018
------------------ testing $PTII/ptolemy/domains/de/test/auto/ResettableTimer3.xml
auto.tcl: Setting watchdog for 200 seconds at Tue May 01 01:29:24 UTC 2018
2 ms. Memory: 279552K Free: 265117K (95%)
ptolemy.util.test.WatchDog.cancel(): canceling Tue May 01 01:29:24 UTC 2018
auto.tcl: Setting watchdog for 200 seconds at Tue May 01 01:29:24 UTC 2018
2 ms. Memory: 279552K Free: 265117K (95%)
ptolemy.util.test.WatchDog.cancel(): canceling Tue May 01 01:29:24 UTC 2018
------------------ testing $PTII/ptolemy/domains/de/test/auto/ResettableTimer4.xml
auto.tcl: Setting watchdog for 200 seconds at Tue May 01 01:29:24 UTC 2018
2 ms. Memory: 278528K Free: 266173K (96%)
ptolemy.util.test.WatchDog.cancel(): canceling Tue May 01 01:29:24 UTC 2018
auto.tcl: Setting watchdog for 200 seconds at Tue May 01 01:29:24 UTC 2018
1 ms. Memory: 278528K Free: 266173K (96%)
ptolemy.util.test.WatchDog.cancel(): canceling Tue May 01 01:29:24 UTC 2018
------------------ testing $PTII/ptolemy/domains/de/test/auto/ResettableTimer5.xml
auto.tcl: Setting watchdog for 200 seconds at Tue May 01 01:29:25 UTC 2018
2 ms. Memory: 279552K Free: 265119K (95%)
ptolemy.util.test.WatchDog.cancel(): canceling Tue May 01 01:29:25 UTC 2018
auto.tcl: Setting watchdog for 200 seconds at Tue May 01 01:29:25 UTC 2018
2 ms. Memory: 279552K Free: 265119K (95%)
ptolemy.util.test.WatchDog.cancel(): canceling Tue May 01 01:29:25 UTC 2018
------------------ testing $PTII/ptolemy/domains/de/test/auto/ResettableTimer6.xml
auto.tcl: Setting watchdog for 200 seconds at Tue May 01 01:29:25 UTC 2018
2 ms. Memory: 278528K Free: 266016K (96%)
ptolemy.util.test.WatchDog.cancel(): canceling Tue May 01 01:29:25 UTC 2018
auto.tcl: Setting watchdog for 200 seconds at Tue May 01 01:29:25 UTC 2018
2 ms. Memory: 278528K Free: 266016K (96%)
ptolemy.util.test.WatchDog.cancel(): canceling Tue May 01 01:29:25 UTC 2018
------------------ testing $PTII/ptolemy/domains/de/test/auto/ServerZeroDelay.xml
auto.tcl: Setting watchdog for 200 seconds at Tue May 01 01:29:25 UTC 2018
5 ms. Memory: 279552K Free: 267127K (96%)
ptolemy.util.test.WatchDog.cancel(): canceling Tue May 01 01:29:25 UTC 2018
auto.tcl: Setting watchdog for 200 seconds at Tue May 01 01:29:25 UTC 2018
4 ms. Memory: 279552K Free: 267127K (96%)
ptolemy.util.test.WatchDog.cancel(): canceling Tue May 01 01:29:25 UTC 2018
------------------ testing $PTII/ptolemy/domains/de/test/auto/SmartSender.xml
auto.tcl: Setting watchdog for 200 seconds at Tue May 01 01:29:25 UTC 2018
3001 ms. Memory: 278528K Free: 264127K (95%)
ptolemy.util.test.WatchDog.cancel(): canceling Tue May 01 01:29:28 UTC 2018
auto.tcl: Setting watchdog for 200 seconds at Tue May 01 01:29:28 UTC 2018
3001 ms. Memory: 278528K Free: 264127K (95%)
ptolemy.util.test.WatchDog.cancel(): canceling Tue May 01 01:29:31 UTC 2018
------------------ testing $PTII/ptolemy/domains/de/test/auto/ThreadedComposite.xml
auto.tcl: Setting watchdog for 200 seconds at Tue May 01 01:29:31 UTC 2018
358 ms. Memory: 279552K Free: 244910K (88%)
ptolemy.util.test.WatchDog.cancel(): canceling Tue May 01 01:29:31 UTC 2018
auto.tcl: Setting watchdog for 200 seconds at Tue May 01 01:29:31 UTC 2018
302 ms. Memory: 279552K Free: 227540K (81%)
ptolemy.util.test.WatchDog.cancel(): canceling Tue May 01 01:29:32 UTC 2018
------------------ testing $PTII/ptolemy/domains/de/test/auto/Time.xml
auto.tcl: Setting watchdog for 200 seconds at Tue May 01 01:29:32 UTC 2018
1020 ms. Memory: 278528K Free: 216462K (78%)
ptolemy.util.test.WatchDog.cancel(): canceling Tue May 01 01:29:33 UTC 2018
auto.tcl: Setting watchdog for 200 seconds at Tue May 01 01:29:33 UTC 2018
822 ms. Memory: 278528K Free: 166579K (60%)
ptolemy.util.test.WatchDog.cancel(): canceling Tue May 01 01:29:33 UTC 2018
------------------ testing $PTII/ptolemy/domains/de/test/auto/TimeDelayZeroDelay.xml
auto.tcl: Setting watchdog for 200 seconds at Tue May 01 01:29:34 UTC 2018
3 ms. Memory: 279040K Free: 267065K (96%)
ptolemy.util.test.WatchDog.cancel(): canceling Tue May 01 01:29:34 UTC 2018
auto.tcl: Setting watchdog for 200 seconds at Tue May 01 01:29:34 UTC 2018
2 ms. Memory: 279040K Free: 267065K (96%)
ptolemy.util.test.WatchDog.cancel(): canceling Tue May 01 01:29:34 UTC 2018
------------------ testing $PTII/ptolemy/domains/de/test/auto/TimerZeroDelay.xml
auto.tcl: Setting watchdog for 200 seconds at Tue May 01 01:29:34 UTC 2018
3 ms. Memory: 278528K Free: 266659K (96%)
ptolemy.util.test.WatchDog.cancel(): canceling Tue May 01 01:29:34 UTC 2018
auto.tcl: Setting watchdog for 200 seconds at Tue May 01 01:29:34 UTC 2018
3 ms. Memory: 278528K Free: 266659K (96%)
ptolemy.util.test.WatchDog.cancel(): canceling Tue May 01 01:29:34 UTC 2018
------------------ testing $PTII/ptolemy/domains/de/test/auto/TimingParadox.xml
auto.tcl: Setting watchdog for 200 seconds at Tue May 01 01:29:34 UTC 2018
513 ms. Memory: 279040K Free: 201231K (72%)
ptolemy.util.test.WatchDog.cancel(): canceling Tue May 01 01:29:34 UTC 2018
auto.tcl: Setting watchdog for 200 seconds at Tue May 01 01:29:34 UTC 2018
522 ms. Memory: 279040K Free: 168968K (61%)
ptolemy.util.test.WatchDog.cancel(): canceling Tue May 01 01:29:35 UTC 2018
------------------ testing $PTII/ptolemy/domains/de/test/auto/TransferInputs.xml
auto.tcl: Setting watchdog for 200 seconds at Tue May 01 01:29:35 UTC 2018
2 ms. Memory: 279040K Free: 266014K (95%)
ptolemy.util.test.WatchDog.cancel(): canceling Tue May 01 01:29:35 UTC 2018
auto.tcl: Setting watchdog for 200 seconds at Tue May 01 01:29:35 UTC 2018
2 ms. Memory: 279040K Free: 266014K (95%)
ptolemy.util.test.WatchDog.cancel(): canceling Tue May 01 01:29:35 UTC 2018
------------------ testing $PTII/ptolemy/domains/de/test/auto/TransferOutputs2.xml
auto.tcl: Setting watchdog for 200 seconds at Tue May 01 01:29:35 UTC 2018
4 ms. Memory: 278528K Free: 262143K (94%)
ptolemy.util.test.WatchDog.cancel(): canceling Tue May 01 01:29:35 UTC 2018
auto.tcl: Setting watchdog for 200 seconds at Tue May 01 01:29:35 UTC 2018
4 ms. Memory: 278528K Free: 259638K (93%)
ptolemy.util.test.WatchDog.cancel(): canceling Tue May 01 01:29:35 UTC 2018
------------------ testing $PTII/ptolemy/domains/de/test/auto/Trilateration.xml
auto.tcl: Setting watchdog for 200 seconds at Tue May 01 01:29:35 UTC 2018
17397 ms. Memory: 352256K Free: 172010K (49%)
ptolemy.util.test.WatchDog.cancel(): canceling Tue May 01 01:29:54 UTC 2018
auto.tcl: Setting watchdog for 200 seconds at Tue May 01 01:29:54 UTC 2018
14765 ms. Memory: 242688K Free: 73486K (30%)
ptolemy.util.test.WatchDog.cancel(): canceling Tue May 01 01:30:09 UTC 2018
------------------ testing $PTII/ptolemy/domains/de/test/auto/TwoSigmaDelta.xml
auto.tcl: Setting watchdog for 200 seconds at Tue May 01 01:30:09 UTC 2018
3818 ms. Memory: 236544K Free: 106708K (45%)
ptolemy.util.test.WatchDog.cancel(): canceling Tue May 01 01:30:13 UTC 2018
auto.tcl: Setting watchdog for 200 seconds at Tue May 01 01:30:13 UTC 2018
2737 ms. Memory: 223744K Free: 166037K (74%)
ptolemy.util.test.WatchDog.cancel(): canceling Tue May 01 01:30:16 UTC 2018
------------------ testing $PTII/ptolemy/domains/de/test/auto/VariableDelay.xml
auto.tcl: Setting watchdog for 200 seconds at Tue May 01 01:30:16 UTC 2018
4 ms. Memory: 224768K Free: 212428K (95%)
ptolemy.util.test.WatchDog.cancel(): canceling Tue May 01 01:30:16 UTC 2018
auto.tcl: Setting watchdog for 200 seconds at Tue May 01 01:30:16 UTC 2018
3 ms. Memory: 224768K Free: 210406K (94%)
ptolemy.util.test.WatchDog.cancel(): canceling Tue May 01 01:30:16 UTC 2018
------------------ testing $PTII/ptolemy/domains/de/test/auto/VariableDelay2.xml
auto.tcl: Setting watchdog for 200 seconds at Tue May 01 01:30:16 UTC 2018
2 ms. Memory: 223744K Free: 211804K (95%)
ptolemy.util.test.WatchDog.cancel(): canceling Tue May 01 01:30:16 UTC 2018
auto.tcl: Setting watchdog for 200 seconds at Tue May 01 01:30:16 UTC 2018
3 ms. Memory: 223744K Free: 209798K (94%)
ptolemy.util.test.WatchDog.cancel(): canceling Tue May 01 01:30:16 UTC 2018
------------------ testing $PTII/ptolemy/domains/de/test/auto/VariableDelayZeroDelay.xml
auto.tcl: Setting watchdog for 200 seconds at Tue May 01 01:30:16 UTC 2018
2 ms. Memory: 224768K Free: 212827K (95%)
ptolemy.util.test.WatchDog.cancel(): canceling Tue May 01 01:30:16 UTC 2018
auto.tcl: Setting watchdog for 200 seconds at Tue May 01 01:30:16 UTC 2018
3 ms. Memory: 224768K Free: 212827K (95%)
ptolemy.util.test.WatchDog.cancel(): canceling Tue May 01 01:30:16 UTC 2018
------------------ testing $PTII/ptolemy/domains/de/test/auto/VariableDelayZeroDelay2.xml
auto.tcl: Setting watchdog for 200 seconds at Tue May 01 01:30:16 UTC 2018
7 ms. Memory: 223744K Free: 211801K (95%)
ptolemy.util.test.WatchDog.cancel(): canceling Tue May 01 01:30:16 UTC 2018
auto.tcl: Setting watchdog for 200 seconds at Tue May 01 01:30:16 UTC 2018
2 ms. Memory: 223744K Free: 209779K (94%)
ptolemy.util.test.WatchDog.cancel(): canceling Tue May 01 01:30:16 UTC 2018
------------------ testing $PTII/ptolemy/domains/de/test/auto/deInCt.xml
auto.tcl: Setting watchdog for 200 seconds at Tue May 01 01:30:16 UTC 2018
0
1
1
1
1
0
0
0
1
1
1
1
0
0
0
0
1
1
0
0
1
1
1
0
0
0
0
1
1
1
1
0
0
0
0
0
1
1
1
1
14 ms. Memory: 224768K Free: 212821K (95%)
ptolemy.util.test.WatchDog.cancel(): canceling Tue May 01 01:30:16 UTC 2018
auto.tcl: Setting watchdog for 200 seconds at Tue May 01 01:30:16 UTC 2018
0
1
1
1
0
0
0
1
1
1
0
0
0
0
0
1
1
1
0
0
0
1
1
1
0
0
0
0
1
1
1
1
1
0
0
0
0
10 ms. Memory: 224768K Free: 210815K (94%)
ptolemy.util.test.WatchDog.cancel(): canceling Tue May 01 01:30:16 UTC 2018
------------------ testing $PTII/ptolemy/domains/de/test/auto/deInCt2.xml
auto.tcl: Setting watchdog for 200 seconds at Tue May 01 01:30:16 UTC 2018
0
1
1
1
0
0
1
1
1
0
0
1
1
1
0
0
1
1
1
0
0
1
1
1
0
0
1
1
1
0
0
1
1
1
0
0
1
1
1
0
0
0
19 ms. Memory: 223744K Free: 211796K (95%)
ptolemy.util.test.WatchDog.cancel(): canceling Tue May 01 01:30:16 UTC 2018
auto.tcl: Setting watchdog for 200 seconds at Tue May 01 01:30:16 UTC 2018
0
1
1
1
0
0
1
1
1
0
0
1
1
1
0
0
1
1
1
0
0
1
1
1
0
0
1
1
1
0
0
1
1
1
0
0
1
1
1
0
0
0
14 ms. Memory: 223744K Free: 209790K (94%)
ptolemy.util.test.WatchDog.cancel(): canceling Tue May 01 01:30:16 UTC 2018
------------------ testing $PTII/ptolemy/domains/de/test/auto/dynamicCausalityInterface1.xml
auto.tcl: Setting watchdog for 200 seconds at Tue May 01 01:30:16 UTC 2018
2 ms. Memory: 224256K Free: 207720K (93%)
ptolemy.util.test.WatchDog.cancel(): canceling Tue May 01 01:30:16 UTC 2018
auto.tcl: Setting watchdog for 200 seconds at Tue May 01 01:30:16 UTC 2018
1 ms. Memory: 224256K Free: 207720K (93%)
ptolemy.util.test.WatchDog.cancel(): canceling Tue May 01 01:30:16 UTC 2018
------------------ testing $PTII/ptolemy/domains/de/test/auto/fsm_de_test.xml
auto.tcl: Setting watchdog for 200 seconds at Tue May 01 01:30:16 UTC 2018
15 ms. Memory: 223744K Free: 205647K (92%)
ptolemy.util.test.WatchDog.cancel(): canceling Tue May 01 01:30:16 UTC 2018
auto.tcl: Setting watchdog for 200 seconds at Tue May 01 01:30:16 UTC 2018
14 ms. Memory: 223744K Free: 205647K (92%)
ptolemy.util.test.WatchDog.cancel(): canceling Tue May 01 01:30:16 UTC 2018
------------------ testing $PTII/ptolemy/domains/de/test/auto/functionDependencyReconstruction.xml
auto.tcl: Setting watchdog for 200 seconds at Tue May 01 01:30:16 UTC 2018
3 ms. Memory: 224256K Free: 200133K (89%)
ptolemy.util.test.WatchDog.cancel(): canceling Tue May 01 01:30:16 UTC 2018
auto.tcl: Setting watchdog for 200 seconds at Tue May 01 01:30:16 UTC 2018
5 ms. Memory: 224256K Free: 198111K (88%)
ptolemy.util.test.WatchDog.cancel(): canceling Tue May 01 01:30:16 UTC 2018
------------------ testing $PTII/ptolemy/domains/de/test/auto/multirate.xml
auto.tcl: Setting watchdog for 200 seconds at Tue May 01 01:30:16 UTC 2018
7 ms. Memory: 223744K Free: 209558K (94%)
ptolemy.util.test.WatchDog.cancel(): canceling Tue May 01 01:30:16 UTC 2018
auto.tcl: Setting watchdog for 200 seconds at Tue May 01 01:30:16 UTC 2018
6 ms. Memory: 223744K Free: 207534K (93%)
ptolemy.util.test.WatchDog.cancel(): canceling Tue May 01 01:30:16 UTC 2018
------------------ testing $PTII/ptolemy/domains/de/test/auto/multirate2.xml
auto.tcl: Setting watchdog for 200 seconds at Tue May 01 01:30:17 UTC 2018
9 ms. Memory: 224256K Free: 210258K (94%)
ptolemy.util.test.WatchDog.cancel(): canceling Tue May 01 01:30:17 UTC 2018
auto.tcl: Setting watchdog for 200 seconds at Tue May 01 01:30:17 UTC 2018
5 ms. Memory: 224256K Free: 208237K (93%)
ptolemy.util.test.WatchDog.cancel(): canceling Tue May 01 01:30:17 UTC 2018
------------------ testing $PTII/ptolemy/domains/de/test/auto/realtime.xml
auto.tcl: Setting watchdog for 200 seconds at Tue May 01 01:30:17 UTC 2018
10003 ms. Memory: 223744K Free: 211756K (95%)
ptolemy.util.test.WatchDog.cancel(): canceling Tue May 01 01:30:27 UTC 2018
auto.tcl: Setting watchdog for 200 seconds at Tue May 01 01:30:27 UTC 2018
10001 ms. Memory: 223744K Free: 209751K (94%)
ptolemy.util.test.WatchDog.cancel(): canceling Tue May 01 01:30:37 UTC 2018
------------------ testing $PTII/ptolemy/domains/de/test/auto/relationGroup.xml
auto.tcl: Setting watchdog for 200 seconds at Tue May 01 01:30:37 UTC 2018
2 ms. Memory: 224256K Free: 213703K (95%)
ptolemy.util.test.WatchDog.cancel(): canceling Tue May 01 01:30:37 UTC 2018
auto.tcl: Setting watchdog for 200 seconds at Tue May 01 01:30:37 UTC 2018
2 ms. Memory: 224256K Free: 213703K (95%)
ptolemy.util.test.WatchDog.cancel(): canceling Tue May 01 01:30:37 UTC 2018
------------------ testing $PTII/ptolemy/domains/de/test/auto/relationGroup2.xml
auto.tcl: Setting watchdog for 200 seconds at Tue May 01 01:30:37 UTC 2018
1 ms. Memory: 223744K Free: 211803K (95%)
ptolemy.util.test.WatchDog.cancel(): canceling Tue May 01 01:30:37 UTC 2018
auto.tcl: Setting watchdog for 200 seconds at Tue May 01 01:30:37 UTC 2018
1 ms. Memory: 223744K Free: 211803K (95%)
ptolemy.util.test.WatchDog.cancel(): canceling Tue May 01 01:30:37 UTC 2018
------------------ testing $PTII/ptolemy/domains/de/test/auto/sortWithOpaquePorts.xml
auto.tcl: Setting watchdog for 200 seconds at Tue May 01 01:30:37 UTC 2018
2 ms. Memory: 224256K Free: 212324K (95%)
ptolemy.util.test.WatchDog.cancel(): canceling Tue May 01 01:30:37 UTC 2018
auto.tcl: Setting watchdog for 200 seconds at Tue May 01 01:30:37 UTC 2018
1 ms. Memory: 224256K Free: 210302K (94%)
ptolemy.util.test.WatchDog.cancel(): canceling Tue May 01 01:30:37 UTC 2018
------------------ testing $PTII/ptolemy/domains/de/test/auto/transferInputsandOutputs.xml
auto.tcl: Setting watchdog for 200 seconds at Tue May 01 01:30:37 UTC 2018
3 ms. Memory: 223744K Free: 209793K (94%)
ptolemy.util.test.WatchDog.cancel(): canceling Tue May 01 01:30:37 UTC 2018
auto.tcl: Setting watchdog for 200 seconds at Tue May 01 01:30:37 UTC 2018
2 ms. Memory: 223744K Free: 207788K (93%)
ptolemy.util.test.WatchDog.cancel(): canceling Tue May 01 01:30:37 UTC 2018
------------------ testing $PTII/ptolemy/domains/de/test/auto/triggerType.xml
auto.tcl: Setting watchdog for 200 seconds at Tue May 01 01:30:37 UTC 2018
2 ms. Memory: 224256K Free: 212254K (95%)
ptolemy.util.test.WatchDog.cancel(): canceling Tue May 01 01:30:37 UTC 2018
auto.tcl: Setting watchdog for 200 seconds at Tue May 01 01:30:37 UTC 2018
2 ms. Memory: 224256K Free: 210249K (94%)
ptolemy.util.test.WatchDog.cancel(): canceling Tue May 01 01:30:37 UTC 2018
05/01/18 01:30:37
Failed: 0  Total Tests: 192  ((Passed: 187, Newly Passed: 1)  Known Failed: 5) /home/travis/build/icyphy/ptII/ptolemy/domains/de/test
05/01/18 01:30:37
Failed: 0  Total Tests: 192  ((Passed: 187, Newly Passed: 1)  Known Failed: 5) /home/travis/build/icyphy/ptII/ptolemy/domains/de/test
----------------- testing (KnownFailure) /home/travis/build/icyphy/ptII/ptolemy/domains/de/test/auto/knownFailedTests/DESDFClockTest.xml
2016 ms. Memory: 223744K Free: 202391K (90%)
Known Failure: java.lang.reflect.InvocationTargetException
----------------- testing (KnownFailure) /home/travis/build/icyphy/ptII/ptolemy/domains/de/test/auto/knownFailedTests/DirectFeedback.xml
1 ms. Memory: 223744K Free: 190999K (85%)
Known Failure: java.lang.reflect.InvocationTargetException
----------------- testing (KnownFailure) /home/travis/build/icyphy/ptII/ptolemy/domains/de/test/auto/knownFailedTests/FSMSource.xml
17 ms. Memory: 223744K Free: 176757K (79%)
----------------- testing (KnownFailure) /home/travis/build/icyphy/ptII/ptolemy/domains/de/test/auto/knownFailedTests/HierarchicalModel.xml
2 ms. Memory: 223744K Free: 156766K (70%)
Known Failure: java.lang.reflect.InvocationTargetException
----------------- testing (KnownFailure) /home/travis/build/icyphy/ptII/ptolemy/domains/de/test/auto/knownFailedTests/dependencyLoop.xml
2 ms. Memory: 223744K Free: 131105K (59%)
Known Failure: java.lang.reflect.InvocationTargetException
----------------- testing (KnownFailure) /home/travis/build/icyphy/ptII/ptolemy/domains/de/test/auto/knownFailedTests/dependencyLoop2.xml
4 ms. Memory: 223744K Free: 105444K (47%)
Known Failure: java.lang.reflect.InvocationTargetException
No auto/*.xml tests in /home/travis/build/icyphy/ptII/ptolemy/domains/de/test
AutoTests.java: About to close Vertx.
AutoTests.java: Vertx closed.
----------------- testing Tue May 01 01:30:39 UTC 2018 /home/travis/build/icyphy/ptII/ptolemy/domains/de/test/auto/ActorDepthCalculation_actorWithoutPorts.xml
3 ms. Memory: 223744K Free: 88347K (39%)
reloadAllAccessors: .ActorDepthCalculation_actorWithoutPorts
----------------- testing Tue May 01 01:30:39 UTC 2018 /home/travis/build/icyphy/ptII/ptolemy/domains/de/test/auto/AssemblyLine.xml
2 ms. Memory: 223744K Free: 76944K (34%)
reloadAllAccessors: .AssemblyLine
----------------- testing Tue May 01 01:30:39 UTC 2018 /home/travis/build/icyphy/ptII/ptolemy/domains/de/test/auto/CQBug1.xml
1 ms. Memory: 218112K Free: 207369K (95%)
reloadAllAccessors: .CQBug1
----------------- testing Tue May 01 01:30:39 UTC 2018 /home/travis/build/icyphy/ptII/ptolemy/domains/de/test/auto/CancelFireAt.xml
1 ms. Memory: 218112K Free: 200635K (92%)
reloadAllAccessors: .CancelFireAt
----------------- testing Tue May 01 01:30:39 UTC 2018 /home/travis/build/icyphy/ptII/ptolemy/domains/de/test/auto/CausalityAndComposabilityAnalysis.xml
1 ms. Memory: 218112K Free: 192424K (88%)
reloadAllAccessors: .CausalityAndComposabilityAnalysis
----------------- testing Tue May 01 01:30:39 UTC 2018 /home/travis/build/icyphy/ptII/ptolemy/domains/de/test/auto/CausalityInterface1.xml
3 ms. Memory: 218112K Free: 182940K (84%)
reloadAllAccessors: .CausalityInterface1
----------------- testing Tue May 01 01:30:39 UTC 2018 /home/travis/build/icyphy/ptII/ptolemy/domains/de/test/auto/CausalityInterface15.xml
2 ms. Memory: 218112K Free: 174722K (80%)
reloadAllAccessors: .CausalityInterface15
----------------- testing Tue May 01 01:30:39 UTC 2018 /home/travis/build/icyphy/ptII/ptolemy/domains/de/test/auto/CausalityInterface2.xml
2 ms. Memory: 218112K Free: 166503K (76%)
reloadAllAccessors: .CausalityInterface2
----------------- testing Tue May 01 01:30:39 UTC 2018 /home/travis/build/icyphy/ptII/ptolemy/domains/de/test/auto/CausalityInterface3.xml
1 ms. Memory: 218112K Free: 157017K (72%)
reloadAllAccessors: .CausalityInterface3
----------------- testing Tue May 01 01:30:39 UTC 2018 /home/travis/build/icyphy/ptII/ptolemy/domains/de/test/auto/ClockDrift.xml
14 ms. Memory: 218112K Free: 140597K (64%)
reloadAllAccessors: .ClockDrift
----------------- testing Tue May 01 01:30:39 UTC 2018 /home/travis/build/icyphy/ptII/ptolemy/domains/de/test/auto/ClockDriftAndValueChange.xml
12 ms. Memory: 218112K Free: 126910K (58%)
reloadAllAccessors: .ClockDriftAndValueChange
----------------- testing Tue May 01 01:30:39 UTC 2018 /home/travis/build/icyphy/ptII/ptolemy/domains/de/test/auto/ClockDriftChange.xml
11 ms. Memory: 218112K Free: 111949K (51%)
reloadAllAccessors: .ClockDriftChange
----------------- testing Tue May 01 01:30:39 UTC 2018 /home/travis/build/icyphy/ptII/ptolemy/domains/de/test/auto/ComposableCausalityAnalysis.xml
1 ms. Memory: 218112K Free: 103731K (48%)
reloadAllAccessors: .ComposableCausalityAnalysis
----------------- testing Tue May 01 01:30:39 UTC 2018 /home/travis/build/icyphy/ptII/ptolemy/domains/de/test/auto/DEFixedPointLimitation.xml
1 ms. Memory: 218112K Free: 95513K (44%)
reloadAllAccessors: .DEFixedPointLimitation
----------------- testing Tue May 01 01:30:39 UTC 2018 /home/travis/build/icyphy/ptII/ptolemy/domains/de/test/auto/DEScheduleTest.xml
2 ms. Memory: 218112K Free: 86029K (39%)
reloadAllAccessors: .DEScheduleTest
----------------- testing Tue May 01 01:30:39 UTC 2018 /home/travis/build/icyphy/ptII/ptolemy/domains/de/test/auto/DEinDEwithStartTimes.xml
3 ms. Memory: 218112K Free: 77826K (36%)
reloadAllAccessors: .DEinDEwithStartTimes
----------------- testing Tue May 01 01:30:40 UTC 2018 /home/travis/build/icyphy/ptII/ptolemy/domains/de/test/auto/DEinDEwithStartTimes2.xml
2 ms. Memory: 212992K Free: 200785K (94%)
reloadAllAccessors: .DEinDEwithStartTimes2
----------------- testing Tue May 01 01:30:40 UTC 2018 /home/travis/build/icyphy/ptII/ptolemy/domains/de/test/auto/DateDemo.xml
5 ms. Memory: 212992K Free: 186708K (88%)
reloadAllAccessors: .DateDemo
----------------- testing Tue May 01 01:30:40 UTC 2018 /home/travis/build/icyphy/ptII/ptolemy/domains/de/test/auto/DateToEvent.xml
2005 ms. Memory: 212992K Free: 167352K (79%)
reloadAllAccessors: .DateToEvent
[...]
java.lang.RuntimeException: Execution failed
	at ptolemy.moml.MoMLSimpleApplication$UnloadThread.run(MoMLSimpleApplication.java:402)
Caused by: ptolemy.kernel.util.IllegalActionException: Test fails in iteration 1.
Value was: 1.0. Should have been: 2.0
  in .DirectFeedback.Test
	at ptolemy.actor.lib.Test.fire(Test.java:268)
	at ptolemy.domains.de.kernel.DEDirector._fire(DEDirector.java:1948)
	at ptolemy.domains.de.kernel.DEDirector.fire(DEDirector.java:502)
	at ptolemy.actor.CompositeActor.fire(CompositeActor.java:455)
	at ptolemy.actor.Manager.iterate(Manager.java:851)
	at ptolemy.actor.Manager.execute(Manager.java:369)
	at ptolemy.actor.Manager.run(Manager.java:1263)
	at ptolemy.actor.Manager$PtolemyRunThread.run(Manager.java:1915)
java.lang.RuntimeException: Execution failed
	at ptolemy.moml.MoMLSimpleApplication$UnloadThread.run(MoMLSimpleApplication.java:402)
Caused by: ptolemy.kernel.util.IllegalActionException: Actor is not ready to fire.  Perhaps UpSample.prefire() returned false? Try debugging the actor by selecting "Listen to Actor".  Also, for SDF check moml for tokenConsumptionRate on input.
  in .DESDFClockTest.Play Bell.Copy1:SDF Director and .DESDFClockTest.Play Bell.UpSample
	at ptolemy.actor.sched.StaticSchedulingDirector.fire(StaticSchedulingDirector.java:227)
	at ptolemy.domains.sdf.kernel.SDFDirector.fire(SDFDirector.java:500)
	at ptolemy.actor.CompositeActor.fire(CompositeActor.java:455)
	at ptolemy.domains.de.kernel.DEDirector._fire(DEDirector.java:1948)
	at ptolemy.domains.de.kernel.DEDirector.fire(DEDirector.java:502)
	at ptolemy.actor.CompositeActor.fire(CompositeActor.java:455)
	at ptolemy.actor.Manager.iterate(Manager.java:851)
	at ptolemy.actor.Manager.execute(Manager.java:369)
	at ptolemy.actor.Manager.run(Manager.java:1263)
	at ptolemy.actor.Manager$PtolemyRunThread.run(Manager.java:1915)
java.lang.reflect.InvocationTargetException
	at sun.reflect.NativeConstructorAccessorImpl.newInstance0(Native Method)
	at sun.reflect.NativeConstructorAccessorImpl.newInstance(NativeConstructorAccessorImpl.java:62)
	at sun.reflect.DelegatingConstructorAccessorImpl.newInstance(DelegatingConstructorAccessorImpl.java:45)
	at java.lang.reflect.Constructor.newInstance(Constructor.java:423)
	at ptolemy.util.test.junit.AutoKnownFailedTests.RunModel(AutoKnownFailedTests.java:107)
	at sun.reflect.NativeMethodAccessorImpl.invoke0(Native Method)
	at sun.reflect.NativeMethodAccessorImpl.invoke(NativeMethodAccessorImpl.java:62)
	at sun.reflect.DelegatingMethodAccessorImpl.invoke(DelegatingMethodAccessorImpl.java:43)
	at java.lang.reflect.Method.invoke(Method.java:498)
	at org.junit.runners.model.FrameworkMethod$1.runReflectiveCall(FrameworkMethod.java:44)
	at org.junit.internal.runners.model.ReflectiveCallable.run(ReflectiveCallable.java:15)
	at org.junit.runners.model.FrameworkMethod.invokeExplosively(FrameworkMethod.java:41)
	at junitparams.internal.InvokeParameterisedMethod.evaluate(InvokeParameterisedMethod.java:102)
	at org.junit.internal.runners.statements.FailOnTimeout$1.run(FailOnTimeout.java:28)
Caused by: ptolemy.kernel.util.IllegalActionException: Actor is not ready to fire.  Perhaps UpSample.prefire() returned false? Try debugging the actor by selecting "Listen to Actor".  Also, for SDF check moml for tokenConsumptionRate on input.
  in .DESDFClockTest.Play Bell.Copy1:SDF Director and .DESDFClockTest.Play Bell.UpSample
	at ptolemy.actor.sched.StaticSchedulingDirector.fire(StaticSchedulingDirector.java:227)
	at ptolemy.domains.sdf.kernel.SDFDirector.fire(SDFDirector.java:500)
	at ptolemy.actor.CompositeActor.fire(CompositeActor.java:455)
	at ptolemy.domains.de.kernel.DEDirector._fire(DEDirector.java:1948)
	at ptolemy.domains.de.kernel.DEDirector.fire(DEDirector.java:502)
	at ptolemy.actor.CompositeActor.fire(CompositeActor.java:455)
	at ptolemy.actor.Manager.iterate(Manager.java:851)
	at ptolemy.actor.Manager.execute(Manager.java:369)
	at ptolemy.actor.Manager.run(Manager.java:1263)
	at ptolemy.actor.Manager$PtolemyRunThread.run(Manager.java:1915)
java.lang.RuntimeException: Execution failed
	at ptolemy.moml.MoMLSimpleApplication$UnloadThread.run(MoMLSimpleApplication.java:402)
Caused by: ptolemy.kernel.util.IllegalActionException: Test fails in iteration 1.
Value was: 1.0. Should have been: 2.0
  in .DirectFeedback.Test
	at ptolemy.actor.lib.Test.fire(Test.java:268)
	at ptolemy.domains.de.kernel.DEDirector._fire(DEDirector.java:1948)
	at ptolemy.domains.de.kernel.DEDirector.fire(DEDirector.java:502)
	at ptolemy.actor.CompositeActor.fire(CompositeActor.java:455)
	at ptolemy.actor.Manager.iterate(Manager.java:851)
	at ptolemy.actor.Manager.execute(Manager.java:369)
	at ptolemy.actor.Manager.run(Manager.java:1263)
	at ptolemy.actor.Manager$PtolemyRunThread.run(Manager.java:1915)
java.lang.reflect.InvocationTargetException
	at sun.reflect.NativeConstructorAccessorImpl.newInstance0(Native Method)
	at sun.reflect.NativeConstructorAccessorImpl.newInstance(NativeConstructorAccessorImpl.java:62)
	at sun.reflect.DelegatingConstructorAccessorImpl.newInstance(DelegatingConstructorAccessorImpl.java:45)
	at java.lang.reflect.Constructor.newInstance(Constructor.java:423)
	at ptolemy.util.test.junit.AutoKnownFailedTests.RunModel(AutoKnownFailedTests.java:107)
	at sun.reflect.NativeMethodAccessorImpl.invoke0(Native Method)
	at sun.reflect.NativeMethodAccessorImpl.invoke(NativeMethodAccessorImpl.java:62)
	at sun.reflect.DelegatingMethodAccessorImpl.invoke(DelegatingMethodAccessorImpl.java:43)
	at java.lang.reflect.Method.invoke(Method.java:498)
	at org.junit.runners.model.FrameworkMethod$1.runReflectiveCall(FrameworkMethod.java:44)
	at org.junit.internal.runners.model.ReflectiveCallable.run(ReflectiveCallable.java:15)
	at org.junit.runners.model.FrameworkMethod.invokeExplosively(FrameworkMethod.java:41)
	at junitparams.internal.InvokeParameterisedMethod.evaluate(InvokeParameterisedMethod.java:102)
	at org.junit.internal.runners.statements.FailOnTimeout$1.run(FailOnTimeout.java:28)
Caused by: ptolemy.kernel.util.IllegalActionException: Test fails in iteration 1.
Value was: 1.0. Should have been: 2.0
  in .DirectFeedback.Test
	at ptolemy.actor.lib.Test.fire(Test.java:268)
	at ptolemy.domains.de.kernel.DEDirector._fire(DEDirector.java:1948)
	at ptolemy.domains.de.kernel.DEDirector.fire(DEDirector.java:502)
	at ptolemy.actor.CompositeActor.fire(CompositeActor.java:455)
	at ptolemy.actor.Manager.iterate(Manager.java:851)
	at ptolemy.actor.Manager.execute(Manager.java:369)
	at ptolemy.actor.Manager.run(Manager.java:1263)
	at ptolemy.actor.Manager$PtolemyRunThread.run(Manager.java:1915)
java.lang.RuntimeException: Execution failed
	at ptolemy.moml.MoMLSimpleApplication$UnloadThread.run(MoMLSimpleApplication.java:402)
Caused by: ptolemy.kernel.util.IllegalActionException: Found a zero delay loop containing .HierarchicalModel.A
  in .HierarchicalModel and .HierarchicalModel.A
	at ptolemy.actor.util.CausalityInterfaceForComposites._computeOutputPortDepth(CausalityInterfaceForComposites.java:759)
	at ptolemy.actor.util.CausalityInterfaceForComposites._computeInputDepth(CausalityInterfaceForComposites.java:696)
	at ptolemy.actor.util.CausalityInterfaceForComposites._computeOutputPortDepth(CausalityInterfaceForComposites.java:765)
	at ptolemy.actor.util.CausalityInterfaceForComposites._computeInputDepth(CausalityInterfaceForComposites.java:696)
	at ptolemy.actor.util.CausalityInterfaceForComposites._computeOutputPortDepth(CausalityInterfaceForComposites.java:765)
	at ptolemy.actor.util.CausalityInterfaceForComposites._computeInputDepth(CausalityInterfaceForComposites.java:696)
	at ptolemy.actor.util.CausalityInterfaceForComposites._computeActorDepth(CausalityInterfaceForComposites.java:532)
	at ptolemy.actor.util.CausalityInterfaceForComposites.checkForCycles(CausalityInterfaceForComposites.java:96)
	at ptolemy.domains.de.kernel.DEDirector.preinitialize(DEDirector.java:1337)
	at ptolemy.actor.CompositeActor.preinitialize(CompositeActor.java:1828)
	at ptolemy.actor.Manager.preinitializeAndResolveTypes(Manager.java:1040)
	at ptolemy.actor.Manager.initialize(Manager.java:710)
	at ptolemy.actor.Manager.execute(Manager.java:356)
	at ptolemy.actor.Manager.run(Manager.java:1263)
	at ptolemy.actor.Manager$PtolemyRunThread.run(Manager.java:1915)
java.lang.reflect.InvocationTargetException
	at sun.reflect.NativeConstructorAccessorImpl.newInstance0(Native Method)
	at sun.reflect.NativeConstructorAccessorImpl.newInstance(NativeConstructorAccessorImpl.java:62)
	at sun.reflect.DelegatingConstructorAccessorImpl.newInstance(DelegatingConstructorAccessorImpl.java:45)
	at java.lang.reflect.Constructor.newInstance(Constructor.java:423)
	at ptolemy.util.test.junit.AutoKnownFailedTests.RunModel(AutoKnownFailedTests.java:107)
	at sun.reflect.NativeMethodAccessorImpl.invoke0(Native Method)
	at sun.reflect.NativeMethodAccessorImpl.invoke(NativeMethodAccessorImpl.java:62)
	at sun.reflect.DelegatingMethodAccessorImpl.invoke(DelegatingMethodAccessorImpl.java:43)
	at java.lang.reflect.Method.invoke(Method.java:498)
	at org.junit.runners.model.FrameworkMethod$1.runReflectiveCall(FrameworkMethod.java:44)
	at org.junit.internal.runners.model.ReflectiveCallable.run(ReflectiveCallable.java:15)
	at org.junit.runners.model.FrameworkMethod.invokeExplosively(FrameworkMethod.java:41)
	at junitparams.internal.InvokeParameterisedMethod.evaluate(InvokeParameterisedMethod.java:102)
	at org.junit.internal.runners.statements.FailOnTimeout$1.run(FailOnTimeout.java:28)
Caused by: ptolemy.kernel.util.IllegalActionException: Found a zero delay loop containing .HierarchicalModel.A
  in .HierarchicalModel and .HierarchicalModel.A
	at ptolemy.actor.util.CausalityInterfaceForComposites._computeOutputPortDepth(CausalityInterfaceForComposites.java:759)
	at ptolemy.actor.util.CausalityInterfaceForComposites._computeInputDepth(CausalityInterfaceForComposites.java:696)
	at ptolemy.actor.util.CausalityInterfaceForComposites._computeOutputPortDepth(CausalityInterfaceForComposites.java:765)
	at ptolemy.actor.util.CausalityInterfaceForComposites._computeInputDepth(CausalityInterfaceForComposites.java:696)
	at ptolemy.actor.util.CausalityInterfaceForComposites._computeOutputPortDepth(CausalityInterfaceForComposites.java:765)
	at ptolemy.actor.util.CausalityInterfaceForComposites._computeInputDepth(CausalityInterfaceForComposites.java:696)
	at ptolemy.actor.util.CausalityInterfaceForComposites._computeActorDepth(CausalityInterfaceForComposites.java:532)
	at ptolemy.actor.util.CausalityInterfaceForComposites.checkForCycles(CausalityInterfaceForComposites.java:96)
	at ptolemy.domains.de.kernel.DEDirector.preinitialize(DEDirector.java:1337)
	at ptolemy.actor.CompositeActor.preinitialize(CompositeActor.java:1828)
	at ptolemy.actor.Manager.preinitializeAndResolveTypes(Manager.java:1040)
	at ptolemy.actor.Manager.initialize(Manager.java:710)
	at ptolemy.actor.Manager.execute(Manager.java:356)
	at ptolemy.actor.Manager.run(Manager.java:1263)
	at ptolemy.actor.Manager$PtolemyRunThread.run(Manager.java:1915)
java.lang.RuntimeException: Execution failed
	at ptolemy.moml.MoMLSimpleApplication$UnloadThread.run(MoMLSimpleApplication.java:402)
Caused by: ptolemy.kernel.util.IllegalActionException: Found a zero delay loop containing .dependencyLoop.original
  in .dependencyLoop and .dependencyLoop.original
	at ptolemy.actor.util.CausalityInterfaceForComposites._computeOutputPortDepth(CausalityInterfaceForComposites.java:759)
	at ptolemy.actor.util.CausalityInterfaceForComposites._computeInputDepth(CausalityInterfaceForComposites.java:696)
	at ptolemy.actor.util.CausalityInterfaceForComposites._computeOutputPortDepth(CausalityInterfaceForComposites.java:765)
	at ptolemy.actor.util.CausalityInterfaceForComposites._computeInputDepth(CausalityInterfaceForComposites.java:696)
	at ptolemy.actor.util.CausalityInterfaceForComposites._computeOutputPortDepth(CausalityInterfaceForComposites.java:765)
	at ptolemy.actor.util.CausalityInterfaceForComposites._computeInputDepth(CausalityInterfaceForComposites.java:696)
	at ptolemy.actor.util.CausalityInterfaceForComposites._computeActorDepth(CausalityInterfaceForComposites.java:532)
	at ptolemy.actor.util.CausalityInterfaceForComposites.checkForCycles(CausalityInterfaceForComposites.java:96)
	at ptolemy.domains.de.kernel.DEDirector.preinitialize(DEDirector.java:1337)
	at ptolemy.actor.CompositeActor.preinitialize(CompositeActor.java:1828)
	at ptolemy.actor.Manager.preinitializeAndResolveTypes(Manager.java:1040)
	at ptolemy.actor.Manager.initialize(Manager.java:710)
	at ptolemy.actor.Manager.execute(Manager.java:356)
	at ptolemy.actor.Manager.run(Manager.java:1263)
	at ptolemy.actor.Manager$PtolemyRunThread.run(Manager.java:1915)
java.lang.reflect.InvocationTargetException
	at sun.reflect.NativeConstructorAccessorImpl.newInstance0(Native Method)
	at sun.reflect.NativeConstructorAccessorImpl.newInstance(NativeConstructorAccessorImpl.java:62)
	at sun.reflect.DelegatingConstructorAccessorImpl.newInstance(DelegatingConstructorAccessorImpl.java:45)
	at java.lang.reflect.Constructor.newInstance(Constructor.java:423)
	at ptolemy.util.test.junit.AutoKnownFailedTests.RunModel(AutoKnownFailedTests.java:107)
	at sun.reflect.NativeMethodAccessorImpl.invoke0(Native Method)
	at sun.reflect.NativeMethodAccessorImpl.invoke(NativeMethodAccessorImpl.java:62)
	at sun.reflect.DelegatingMethodAccessorImpl.invoke(DelegatingMethodAccessorImpl.java:43)
	at java.lang.reflect.Method.invoke(Method.java:498)
	at org.junit.runners.model.FrameworkMethod$1.runReflectiveCall(FrameworkMethod.java:44)
	at org.junit.internal.runners.model.ReflectiveCallable.run(ReflectiveCallable.java:15)
	at org.junit.runners.model.FrameworkMethod.invokeExplosively(FrameworkMethod.java:41)
	at junitparams.internal.InvokeParameterisedMethod.evaluate(InvokeParameterisedMethod.java:102)
	at org.junit.internal.runners.statements.FailOnTimeout$1.run(FailOnTimeout.java:28)
Caused by: ptolemy.kernel.util.IllegalActionException: Found a zero delay loop containing .dependencyLoop.original
  in .dependencyLoop and .dependencyLoop.original
	at ptolemy.actor.util.CausalityInterfaceForComposites._computeOutputPortDepth(CausalityInterfaceForComposites.java:759)
	at ptolemy.actor.util.CausalityInterfaceForComposites._computeInputDepth(CausalityInterfaceForComposites.java:696)
	at ptolemy.actor.util.CausalityInterfaceForComposites._computeOutputPortDepth(CausalityInterfaceForComposites.java:765)
	at ptolemy.actor.util.CausalityInterfaceForComposites._computeInputDepth(CausalityInterfaceForComposites.java:696)
	at ptolemy.actor.util.CausalityInterfaceForComposites._computeOutputPortDepth(CausalityInterfaceForComposites.java:765)
	at ptolemy.actor.util.CausalityInterfaceForComposites._computeInputDepth(CausalityInterfaceForComposites.java:696)
	at ptolemy.actor.util.CausalityInterfaceForComposites._computeActorDepth(CausalityInterfaceForComposites.java:532)
	at ptolemy.actor.util.CausalityInterfaceForComposites.checkForCycles(CausalityInterfaceForComposites.java:96)
	at ptolemy.domains.de.kernel.DEDirector.preinitialize(DEDirector.java:1337)
	at ptolemy.actor.CompositeActor.preinitialize(CompositeActor.java:1828)
	at ptolemy.actor.Manager.preinitializeAndResolveTypes(Manager.java:1040)
	at ptolemy.actor.Manager.initialize(Manager.java:710)
	at ptolemy.actor.Manager.execute(Manager.java:356)
	at ptolemy.actor.Manager.run(Manager.java:1263)
	at ptolemy.actor.Manager$PtolemyRunThread.run(Manager.java:1915)
java.lang.RuntimeException: Execution failed
	at ptolemy.moml.MoMLSimpleApplication$UnloadThread.run(MoMLSimpleApplication.java:402)
Caused by: ptolemy.kernel.util.IllegalActionException: Found a zero delay loop containing .dependencyLoop2.original
  in .dependencyLoop2 and .dependencyLoop2.original
	at ptolemy.actor.util.CausalityInterfaceForComposites._computeOutputPortDepth(CausalityInterfaceForComposites.java:759)
	at ptolemy.actor.util.CausalityInterfaceForComposites._computeInputDepth(CausalityInterfaceForComposites.java:696)
	at ptolemy.actor.util.CausalityInterfaceForComposites._computeOutputPortDepth(CausalityInterfaceForComposites.java:765)
	at ptolemy.actor.util.CausalityInterfaceForComposites._computeInputDepth(CausalityInterfaceForComposites.java:696)
	at ptolemy.actor.util.CausalityInterfaceForComposites._computeOutputPortDepth(CausalityInterfaceForComposites.java:765)
	at ptolemy.actor.util.CausalityInterfaceForComposites._computeInputDepth(CausalityInterfaceForComposites.java:696)
	at ptolemy.actor.util.CausalityInterfaceForComposites._computeActorDepth(CausalityInterfaceForComposites.java:532)
	at ptolemy.actor.util.CausalityInterfaceForComposites.checkForCycles(CausalityInterfaceForComposites.java:96)
	at ptolemy.domains.de.kernel.DEDirector.preinitialize(DEDirector.java:1337)
	at ptolemy.actor.CompositeActor.preinitialize(CompositeActor.java:1828)
	at ptolemy.actor.Manager.preinitializeAndResolveTypes(Manager.java:1040)
	at ptolemy.actor.Manager.initialize(Manager.java:710)
	at ptolemy.actor.Manager.execute(Manager.java:356)
	at ptolemy.actor.Manager.run(Manager.java:1263)
	at ptolemy.actor.Manager$PtolemyRunThread.run(Manager.java:1915)
java.lang.reflect.InvocationTargetException
	at sun.reflect.NativeConstructorAccessorImpl.newInstance0(Native Method)
	at sun.reflect.NativeConstructorAccessorImpl.newInstance(NativeConstructorAccessorImpl.java:62)
	at sun.reflect.DelegatingConstructorAccessorImpl.newInstance(DelegatingConstructorAccessorImpl.java:45)
	at java.lang.reflect.Constructor.newInstance(Constructor.java:423)
	at ptolemy.util.test.junit.AutoKnownFailedTests.RunModel(AutoKnownFailedTests.java:107)
	at sun.reflect.NativeMethodAccessorImpl.invoke0(Native Method)
	at sun.reflect.NativeMethodAccessorImpl.invoke(NativeMethodAccessorImpl.java:62)
	at sun.reflect.DelegatingMethodAccessorImpl.invoke(DelegatingMethodAccessorImpl.java:43)
	at java.lang.reflect.Method.invoke(Method.java:498)
	at org.junit.runners.model.FrameworkMethod$1.runReflectiveCall(FrameworkMethod.java:44)
	at org.junit.internal.runners.model.ReflectiveCallable.run(ReflectiveCallable.java:15)
	at org.junit.runners.model.FrameworkMethod.invokeExplosively(FrameworkMethod.java:41)
	at junitparams.internal.InvokeParameterisedMethod.evaluate(InvokeParameterisedMethod.java:102)
	at org.junit.internal.runners.statements.FailOnTimeout$1.run(FailOnTimeout.java:28)
Caused by: ptolemy.kernel.util.IllegalActionException: Found a zero delay loop containing .dependencyLoop2.original
  in .dependencyLoop2 and .dependencyLoop2.original
	at ptolemy.actor.util.CausalityInterfaceForComposites._computeOutputPortDepth(CausalityInterfaceForComposites.java:759)
	at ptolemy.actor.util.CausalityInterfaceForComposites._computeInputDepth(CausalityInterfaceForComposites.java:696)
	at ptolemy.actor.util.CausalityInterfaceForComposites._computeOutputPortDepth(CausalityInterfaceForComposites.java:765)
	at ptolemy.actor.util.CausalityInterfaceForComposites._computeInputDepth(CausalityInterfaceForComposites.java:696)
	at ptolemy.actor.util.CausalityInterfaceForComposites._computeOutputPortDepth(CausalityInterfaceForComposites.java:765)
	at ptolemy.actor.util.CausalityInterfaceForComposites._computeInputDepth(CausalityInterfaceForComposites.java:696)
	at ptolemy.actor.util.CausalityInterfaceForComposites._computeActorDepth(CausalityInterfaceForComposites.java:532)
	at ptolemy.actor.util.CausalityInterfaceForComposites.checkForCycles(CausalityInterfaceForComposites.java:96)
	at ptolemy.domains.de.kernel.DEDirector.preinitialize(DEDirector.java:1337)
	at ptolemy.actor.CompositeActor.preinitialize(CompositeActor.java:1828)
	at ptolemy.actor.Manager.preinitializeAndResolveTypes(Manager.java:1040)
	at ptolemy.actor.Manager.initialize(Manager.java:710)
	at ptolemy.actor.Manager.execute(Manager.java:356)
	at ptolemy.actor.Manager.run(Manager.java:1263)
	at ptolemy.actor.Manager$PtolemyRunThread.run(Manager.java:1915)
]]></system-err>
</testsuite>
