<?xml version="1.0" encoding="UTF-8" ?>
<testsuite errors="0" failures="0" hostname="travis-job-804219e4-950b-4341-b828-0a613e2157f8" name="ptolemy.domains.modal.test.junit.JUnitTclTest" skipped="0" tests="148" time="11.801" timestamp="2018-05-11T17:16:13">
  <properties>
[...]
</properties>
  <testcase classname="ptolemy.util.test.junit.TclTests" name="[0] /home/travis/build/icyphy/ptII/ptolemy/domains/modal/test/SystemLevelType.tcl (RunTclFile)" time="2.042" />
  <testcase classname="ptolemy.util.test.junit.AutoKnownFailedTests" name="[0] /home/travis/build/icyphy/ptII/ptolemy/domains/modal/test/auto/knownFailedTests/CannotAnalysisWithPreemption.xml (RunModel)" time="0.206" />
  <testcase classname="ptolemy.util.test.junit.AutoNameArchTests" name="[0] ThereAreNoAutoTests (RunModel)" time="0.017" />
  <testcase classname="ptolemy.util.test.junit.AutoTests" name="[0] /home/travis/build/icyphy/ptII/ptolemy/domains/modal/test/auto/ABPTest.xml (RunModel)" time="0.87" />
  <testcase classname="ptolemy.util.test.junit.AutoTests" name="[1] /home/travis/build/icyphy/ptII/ptolemy/domains/modal/test/auto/ABROFlat.xml (RunModel)" time="0.149" />
  <testcase classname="ptolemy.util.test.junit.AutoTests" name="[2] /home/travis/build/icyphy/ptII/ptolemy/domains/modal/test/auto/ABROFlat2.xml (RunModel)" time="0.088" />
  <testcase classname="ptolemy.util.test.junit.AutoTests" name="[3] /home/travis/build/icyphy/ptII/ptolemy/domains/modal/test/auto/ABRO_present_hmm.xml (RunModel)" time="0.134" />
  <testcase classname="ptolemy.util.test.junit.AutoTests" name="[4] /home/travis/build/icyphy/ptII/ptolemy/domains/modal/test/auto/AMICoderExample.xml (RunModel)" time="0.064" />
  <testcase classname="ptolemy.util.test.junit.AutoTests" name="[5] /home/travis/build/icyphy/ptII/ptolemy/domains/modal/test/auto/AbsentToPresent.xml (RunModel)" time="0.036" />
  <testcase classname="ptolemy.util.test.junit.AutoTests" name="[6] /home/travis/build/icyphy/ptII/ptolemy/domains/modal/test/auto/Blending.xml (RunModel)" time="0.296" />
  <testcase classname="ptolemy.util.test.junit.AutoTests" name="[7] /home/travis/build/icyphy/ptII/ptolemy/domains/modal/test/auto/Broadcast.xml (RunModel)" time="0.063" />
  <testcase classname="ptolemy.util.test.junit.AutoTests" name="[8] /home/travis/build/icyphy/ptII/ptolemy/domains/modal/test/auto/BroadcastHierarchy.xml (RunModel)" time="0.087" />
  <testcase classname="ptolemy.util.test.junit.AutoTests" name="[9] /home/travis/build/icyphy/ptII/ptolemy/domains/modal/test/auto/BroadcastHierarchy2.xml (RunModel)" time="0.161" />
  <testcase classname="ptolemy.util.test.junit.AutoTests" name="[10] /home/travis/build/icyphy/ptII/ptolemy/domains/modal/test/auto/BroadcastHierarchy3.xml (RunModel)" time="0.136" />
  <testcase classname="ptolemy.util.test.junit.AutoTests" name="[11] /home/travis/build/icyphy/ptII/ptolemy/domains/modal/test/auto/BroadcastHierarchy4.xml (RunModel)" time="0.128" />
  <testcase classname="ptolemy.util.test.junit.AutoTests" name="[12] /home/travis/build/icyphy/ptII/ptolemy/domains/modal/test/auto/CannotAnalysisWithPreemption2.xml (RunModel)" time="0.031" />
  <testcase classname="ptolemy.util.test.junit.AutoTests" name="[13] /home/travis/build/icyphy/ptII/ptolemy/domains/modal/test/auto/CannotAnalysisWithPreemption3.xml (RunModel)" time="0.046" />
  <testcase classname="ptolemy.util.test.junit.AutoTests" name="[14] /home/travis/build/icyphy/ptII/ptolemy/domains/modal/test/auto/CannotProduce.xml (RunModel)" time="0.047" />
  <testcase classname="ptolemy.util.test.junit.AutoTests" name="[15] /home/travis/build/icyphy/ptII/ptolemy/domains/modal/test/auto/CannotProduceModal.xml (RunModel)" time="0.028" />
  <testcase classname="ptolemy.util.test.junit.AutoTests" name="[16] /home/travis/build/icyphy/ptII/ptolemy/domains/modal/test/auto/Case.xml (RunModel)" time="0.077" />
  <testcase classname="ptolemy.util.test.junit.AutoTests" name="[17] /home/travis/build/icyphy/ptII/ptolemy/domains/modal/test/auto/Case1.xml (RunModel)" time="0.041" />
  <testcase classname="ptolemy.util.test.junit.AutoTests" name="[18] /home/travis/build/icyphy/ptII/ptolemy/domains/modal/test/auto/Case2.xml (RunModel)" time="0.088" />
  <testcase classname="ptolemy.util.test.junit.AutoTests" name="[19] /home/travis/build/icyphy/ptII/ptolemy/domains/modal/test/auto/CausalityInterface1.xml (RunModel)" time="0.029" />
  <testcase classname="ptolemy.util.test.junit.AutoTests" name="[20] /home/travis/build/icyphy/ptII/ptolemy/domains/modal/test/auto/CausalityInterface10.xml (RunModel)" time="0.075" />
  <testcase classname="ptolemy.util.test.junit.AutoTests" name="[21] /home/travis/build/icyphy/ptII/ptolemy/domains/modal/test/auto/CausalityInterface11.xml (RunModel)" time="0.071" />
  <testcase classname="ptolemy.util.test.junit.AutoTests" name="[22] /home/travis/build/icyphy/ptII/ptolemy/domains/modal/test/auto/CausalityInterface12.xml (RunModel)" time="0.058" />
  <testcase classname="ptolemy.util.test.junit.AutoTests" name="[23] /home/travis/build/icyphy/ptII/ptolemy/domains/modal/test/auto/CausalityInterface13.xml (RunModel)" time="0.065" />
  <testcase classname="ptolemy.util.test.junit.AutoTests" name="[24] /home/travis/build/icyphy/ptII/ptolemy/domains/modal/test/auto/CausalityInterface14.xml (RunModel)" time="0.059" />
  <testcase classname="ptolemy.util.test.junit.AutoTests" name="[25] /home/travis/build/icyphy/ptII/ptolemy/domains/modal/test/auto/CausalityInterface2.xml (RunModel)" time="0.039" />
  <testcase classname="ptolemy.util.test.junit.AutoTests" name="[26] /home/travis/build/icyphy/ptII/ptolemy/domains/modal/test/auto/CausalityInterface3.xml (RunModel)" time="0.056" />
  <testcase classname="ptolemy.util.test.junit.AutoTests" name="[27] /home/travis/build/icyphy/ptII/ptolemy/domains/modal/test/auto/CausalityInterface4.xml (RunModel)" time="0.03" />
  <testcase classname="ptolemy.util.test.junit.AutoTests" name="[28] /home/travis/build/icyphy/ptII/ptolemy/domains/modal/test/auto/CausalityInterface5.xml (RunModel)" time="0.039" />
  <testcase classname="ptolemy.util.test.junit.AutoTests" name="[29] /home/travis/build/icyphy/ptII/ptolemy/domains/modal/test/auto/CausalityInterface6.xml (RunModel)" time="0.048" />
  <testcase classname="ptolemy.util.test.junit.AutoTests" name="[30] /home/travis/build/icyphy/ptII/ptolemy/domains/modal/test/auto/CausalityInterface7.xml (RunModel)" time="0.046" />
  <testcase classname="ptolemy.util.test.junit.AutoTests" name="[31] /home/travis/build/icyphy/ptII/ptolemy/domains/modal/test/auto/CausalityInterface8.xml (RunModel)" time="0.04" />
  <testcase classname="ptolemy.util.test.junit.AutoTests" name="[32] /home/travis/build/icyphy/ptII/ptolemy/domains/modal/test/auto/CausalityInterface9.xml (RunModel)" time="0.043" />
  <testcase classname="ptolemy.util.test.junit.AutoTests" name="[33] /home/travis/build/icyphy/ptII/ptolemy/domains/modal/test/auto/ChainedTransitions.xml (RunModel)" time="0.167" />
  <testcase classname="ptolemy.util.test.junit.AutoTests" name="[34] /home/travis/build/icyphy/ptII/ptolemy/domains/modal/test/auto/CycleOfImmediateTransitionsFSM.xml (RunModel)" time="0.023" />
  <testcase classname="ptolemy.util.test.junit.AutoTests" name="[35] /home/travis/build/icyphy/ptII/ptolemy/domains/modal/test/auto/CycleOfImmediateTransitionsModal.xml (RunModel)" time="0.031" />
  <testcase classname="ptolemy.util.test.junit.AutoTests" name="[36] /home/travis/build/icyphy/ptII/ptolemy/domains/modal/test/auto/CycleOfImmediateTransitionsModal2.xml (RunModel)" time="0.038" />
  <testcase classname="ptolemy.util.test.junit.AutoTests" name="[37] /home/travis/build/icyphy/ptII/ptolemy/domains/modal/test/auto/CycleOfImmediateTransitionsModal3.xml (RunModel)" time="0.088" />
  <testcase classname="ptolemy.util.test.junit.AutoTests" name="[38] /home/travis/build/icyphy/ptII/ptolemy/domains/modal/test/auto/DeepModal1.xml (RunModel)" time="0.057" />
  <testcase classname="ptolemy.util.test.junit.AutoTests" name="[39] /home/travis/build/icyphy/ptII/ptolemy/domains/modal/test/auto/DeepModal2.xml (RunModel)" time="0.082" />
  <testcase classname="ptolemy.util.test.junit.AutoTests" name="[40] /home/travis/build/icyphy/ptII/ptolemy/domains/modal/test/auto/DeepModal3.xml (RunModel)" time="0.091" />
  <testcase classname="ptolemy.util.test.junit.AutoTests" name="[41] /home/travis/build/icyphy/ptII/ptolemy/domains/modal/test/auto/DeepModal4.xml (RunModel)" time="0.085" />
  <testcase classname="ptolemy.util.test.junit.AutoTests" name="[42] /home/travis/build/icyphy/ptII/ptolemy/domains/modal/test/auto/Default1.xml (RunModel)" time="0.026" />
  <testcase classname="ptolemy.util.test.junit.AutoTests" name="[43] /home/travis/build/icyphy/ptII/ptolemy/domains/modal/test/auto/Default2.xml (RunModel)" time="0.019" />
  <testcase classname="ptolemy.util.test.junit.AutoTests" name="[44] /home/travis/build/icyphy/ptII/ptolemy/domains/modal/test/auto/Default3.xml (RunModel)" time="0.026" />
  <testcase classname="ptolemy.util.test.junit.AutoTests" name="[45] /home/travis/build/icyphy/ptII/ptolemy/domains/modal/test/auto/Default4.xml (RunModel)" time="0.022" />
  <testcase classname="ptolemy.util.test.junit.AutoTests" name="[46] /home/travis/build/icyphy/ptII/ptolemy/domains/modal/test/auto/Default5.xml (RunModel)" time="0.046" />
  <testcase classname="ptolemy.util.test.junit.AutoTests" name="[47] /home/travis/build/icyphy/ptII/ptolemy/domains/modal/test/auto/EmptyGuard.xml (RunModel)" time="0.03" />
  <testcase classname="ptolemy.util.test.junit.AutoTests" name="[48] /home/travis/build/icyphy/ptII/ptolemy/domains/modal/test/auto/ErrorTransition1.xml (RunModel)" time="0.03" />
  <testcase classname="ptolemy.util.test.junit.AutoTests" name="[49] /home/travis/build/icyphy/ptII/ptolemy/domains/modal/test/auto/ErrorTransition10.xml (RunModel)" time="0.046" />
  <testcase classname="ptolemy.util.test.junit.AutoTests" name="[50] /home/travis/build/icyphy/ptII/ptolemy/domains/modal/test/auto/ErrorTransition11.xml (RunModel)" time="0.041" />
  <testcase classname="ptolemy.util.test.junit.AutoTests" name="[51] /home/travis/build/icyphy/ptII/ptolemy/domains/modal/test/auto/ErrorTransition2.xml (RunModel)" time="0.028" />
  <testcase classname="ptolemy.util.test.junit.AutoTests" name="[52] /home/travis/build/icyphy/ptII/ptolemy/domains/modal/test/auto/ErrorTransition3.xml (RunModel)" time="0.037" />
  <testcase classname="ptolemy.util.test.junit.AutoTests" name="[53] /home/travis/build/icyphy/ptII/ptolemy/domains/modal/test/auto/ErrorTransition4.xml (RunModel)" time="0.044" />
  <testcase classname="ptolemy.util.test.junit.AutoTests" name="[54] /home/travis/build/icyphy/ptII/ptolemy/domains/modal/test/auto/ErrorTransition5.xml (RunModel)" time="0.035" />
  <testcase classname="ptolemy.util.test.junit.AutoTests" name="[55] /home/travis/build/icyphy/ptII/ptolemy/domains/modal/test/auto/ErrorTransition6.xml (RunModel)" time="0.036" />
  <testcase classname="ptolemy.util.test.junit.AutoTests" name="[56] /home/travis/build/icyphy/ptII/ptolemy/domains/modal/test/auto/ErrorTransition7.xml (RunModel)" time="0.045" />
  <testcase classname="ptolemy.util.test.junit.AutoTests" name="[57] /home/travis/build/icyphy/ptII/ptolemy/domains/modal/test/auto/ErrorTransition8.xml (RunModel)" time="0.071" />
  <testcase classname="ptolemy.util.test.junit.AutoTests" name="[58] /home/travis/build/icyphy/ptII/ptolemy/domains/modal/test/auto/ErrorTransition9.xml (RunModel)" time="0.047" />
  <testcase classname="ptolemy.util.test.junit.AutoTests" name="[59] /home/travis/build/icyphy/ptII/ptolemy/domains/modal/test/auto/ExtendedFSM.xml (RunModel)" time="0.037" />
  <testcase classname="ptolemy.util.test.junit.AutoTests" name="[60] /home/travis/build/icyphy/ptII/ptolemy/domains/modal/test/auto/FinalStates.xml (RunModel)" time="0.021" />
  <testcase classname="ptolemy.util.test.junit.AutoTests" name="[61] /home/travis/build/icyphy/ptII/ptolemy/domains/modal/test/auto/FixedPointFSM.xml (RunModel)" time="0.051" />
  <testcase classname="ptolemy.util.test.junit.AutoTests" name="[62] /home/travis/build/icyphy/ptII/ptolemy/domains/modal/test/auto/FixedPointIterationFSMActor.xml (RunModel)" time="0.045" />
  <testcase classname="ptolemy.util.test.junit.AutoTests" name="[63] /home/travis/build/icyphy/ptII/ptolemy/domains/modal/test/auto/FixedPointIterationFSMActor2.xml (RunModel)" time="0.043" />
  <testcase classname="ptolemy.util.test.junit.AutoTests" name="[64] /home/travis/build/icyphy/ptII/ptolemy/domains/modal/test/auto/ForbiddenInstantanousLoop.xml (RunModel)" time="0.036" />
  <testcase classname="ptolemy.util.test.junit.AutoTests" name="[65] /home/travis/build/icyphy/ptII/ptolemy/domains/modal/test/auto/FunctionDependencyOfFSMActorTest.xml (RunModel)" time="0.028" />
  <testcase classname="ptolemy.util.test.junit.AutoTests" name="[66] /home/travis/build/icyphy/ptII/ptolemy/domains/modal/test/auto/GuardExpression.xml (RunModel)" time="0.023" />
  <testcase classname="ptolemy.util.test.junit.AutoTests" name="[67] /home/travis/build/icyphy/ptII/ptolemy/domains/modal/test/auto/GuardNotEvaluated.xml (RunModel)" time="0.036" />
  <testcase classname="ptolemy.util.test.junit.AutoTests" name="[68] /home/travis/build/icyphy/ptII/ptolemy/domains/modal/test/auto/GuardNotEvaluated2.xml (RunModel)" time="0.035" />
  <testcase classname="ptolemy.util.test.junit.AutoTests" name="[69] /home/travis/build/icyphy/ptII/ptolemy/domains/modal/test/auto/GuardOnAbsent.xml (RunModel)" time="0.038" />
  <testcase classname="ptolemy.util.test.junit.AutoTests" name="[70] /home/travis/build/icyphy/ptII/ptolemy/domains/modal/test/auto/HierarchicalFSMTypeInference.xml (RunModel)" time="0.034" />
  <testcase classname="ptolemy.util.test.junit.AutoTests" name="[71] /home/travis/build/icyphy/ptII/ptolemy/domains/modal/test/auto/Hysteresis.xml (RunModel)" time="0.051" />
  <testcase classname="ptolemy.util.test.junit.AutoTests" name="[72] /home/travis/build/icyphy/ptII/ptolemy/domains/modal/test/auto/HysteresisWithDefault.xml (RunModel)" time="0.086" />
  <testcase classname="ptolemy.util.test.junit.AutoTests" name="[73] /home/travis/build/icyphy/ptII/ptolemy/domains/modal/test/auto/HysteresisWithDefault2.xml (RunModel)" time="0.093" />
  <testcase classname="ptolemy.util.test.junit.AutoTests" name="[74] /home/travis/build/icyphy/ptII/ptolemy/domains/modal/test/auto/ImmediateNonConstructiveness.xml (RunModel)" time="0.021" />
  <testcase classname="ptolemy.util.test.junit.AutoTests" name="[75] /home/travis/build/icyphy/ptII/ptolemy/domains/modal/test/auto/ImmediateNonConstructiveness2.xml (RunModel)" time="0.022" />
  <testcase classname="ptolemy.util.test.junit.AutoTests" name="[76] /home/travis/build/icyphy/ptII/ptolemy/domains/modal/test/auto/ImmediateTransitionReset.xml (RunModel)" time="0.038" />
  <testcase classname="ptolemy.util.test.junit.AutoTests" name="[77] /home/travis/build/icyphy/ptII/ptolemy/domains/modal/test/auto/ImmediateTransitions1.xml (RunModel)" time="0.013" />
  <testcase classname="ptolemy.util.test.junit.AutoTests" name="[78] /home/travis/build/icyphy/ptII/ptolemy/domains/modal/test/auto/ImmediateTransitionsInstantaneousCommunication.xml (RunModel)" time="0.046" />
  <testcase classname="ptolemy.util.test.junit.AutoTests" name="[79] /home/travis/build/icyphy/ptII/ptolemy/domains/modal/test/auto/InitialImmediateTransition.xml (RunModel)" time="0.018" />
  <testcase classname="ptolemy.util.test.junit.AutoTests" name="[80] /home/travis/build/icyphy/ptII/ptolemy/domains/modal/test/auto/InitialOutputs.xml (RunModel)" time="0.016" />
  <testcase classname="ptolemy.util.test.junit.AutoTests" name="[81] /home/travis/build/icyphy/ptII/ptolemy/domains/modal/test/auto/InitialStateTransition1.xml (RunModel)" time="0.032" />
  <testcase classname="ptolemy.util.test.junit.AutoTests" name="[82] /home/travis/build/icyphy/ptII/ptolemy/domains/modal/test/auto/InitialStateTransition2.xml (RunModel)" time="0.027" />
  <testcase classname="ptolemy.util.test.junit.AutoTests" name="[83] /home/travis/build/icyphy/ptII/ptolemy/domains/modal/test/auto/InitialStateTransition3.xml (RunModel)" time="0.028" />
  <testcase classname="ptolemy.util.test.junit.AutoTests" name="[84] /home/travis/build/icyphy/ptII/ptolemy/domains/modal/test/auto/InitialStateTransition4.xml (RunModel)" time="0.032" />
  <testcase classname="ptolemy.util.test.junit.AutoTests" name="[85] /home/travis/build/icyphy/ptII/ptolemy/domains/modal/test/auto/MalformedGuardExpressionNotCaught.xml (RunModel)" time="0.023" />
  <testcase classname="ptolemy.util.test.junit.AutoTests" name="[86] /home/travis/build/icyphy/ptII/ptolemy/domains/modal/test/auto/ModalBSC.xml (RunModel)" time="0.106" />
  <testcase classname="ptolemy.util.test.junit.AutoTests" name="[87] /home/travis/build/icyphy/ptII/ptolemy/domains/modal/test/auto/ModalClocks.xml (RunModel)" time="0.104" />
  <testcase classname="ptolemy.util.test.junit.AutoTests" name="[88] /home/travis/build/icyphy/ptII/ptolemy/domains/modal/test/auto/ModalDelay.xml (RunModel)" time="0.055" />
  <testcase classname="ptolemy.util.test.junit.AutoTests" name="[89] /home/travis/build/icyphy/ptII/ptolemy/domains/modal/test/auto/ModalDelay2.xml (RunModel)" time="0.054" />
  <testcase classname="ptolemy.util.test.junit.AutoTests" name="[90] /home/travis/build/icyphy/ptII/ptolemy/domains/modal/test/auto/ModalModelFromMemo.xml (RunModel)" time="0.068" />
  <testcase classname="ptolemy.util.test.junit.AutoTests" name="[91] /home/travis/build/icyphy/ptII/ptolemy/domains/modal/test/auto/ModalModelWithMultirateTransient.xml (RunModel)" time="0.047" />
  <testcase classname="ptolemy.util.test.junit.AutoTests" name="[92] /home/travis/build/icyphy/ptII/ptolemy/domains/modal/test/auto/ModalModelWithReset.xml (RunModel)" time="0.059" />
  <testcase classname="ptolemy.util.test.junit.AutoTests" name="[93] /home/travis/build/icyphy/ptII/ptolemy/domains/modal/test/auto/MouseClickFSM.xml (RunModel)" time="0.046" />
  <testcase classname="ptolemy.util.test.junit.AutoTests" name="[94] /home/travis/build/icyphy/ptII/ptolemy/domains/modal/test/auto/MouseClickFSMModal.xml (RunModel)" time="0.045" />
  <testcase classname="ptolemy.util.test.junit.AutoTests" name="[95] /home/travis/build/icyphy/ptII/ptolemy/domains/modal/test/auto/NonStrictFSM_FeedbackLoop.xml (RunModel)" time="0.055" />
  <testcase classname="ptolemy.util.test.junit.AutoTests" name="[96] /home/travis/build/icyphy/ptII/ptolemy/domains/modal/test/auto/NonStrictFSM_FeedbackLoop_Refinement.xml (RunModel)" time="0.072" />
  <testcase classname="ptolemy.util.test.junit.AutoTests" name="[97] /home/travis/build/icyphy/ptII/ptolemy/domains/modal/test/auto/NonStrictFSM_FeedbackLoop_preemptive.xml (RunModel)" time="0.049" />
  <testcase classname="ptolemy.util.test.junit.AutoTests" name="[98] /home/travis/build/icyphy/ptII/ptolemy/domains/modal/test/auto/NormalTermination.xml (RunModel)" time="0.063" />
  <testcase classname="ptolemy.util.test.junit.AutoTests" name="[99] /home/travis/build/icyphy/ptII/ptolemy/domains/modal/test/auto/Pong.xml (RunModel)" time="0.079" />
  <testcase classname="ptolemy.util.test.junit.AutoTests" name="[100] /home/travis/build/icyphy/ptII/ptolemy/domains/modal/test/auto/Pong_test.xml (RunModel)" time="0.127" />
  <testcase classname="ptolemy.util.test.junit.AutoTests" name="[101] /home/travis/build/icyphy/ptII/ptolemy/domains/modal/test/auto/PreemptionHierarchy.xml (RunModel)" time="0.031" />
  <testcase classname="ptolemy.util.test.junit.AutoTests" name="[102] /home/travis/build/icyphy/ptII/ptolemy/domains/modal/test/auto/PreemptionHierarchy2.xml (RunModel)" time="0.035" />
  <testcase classname="ptolemy.util.test.junit.AutoTests" name="[103] /home/travis/build/icyphy/ptII/ptolemy/domains/modal/test/auto/PreemptiveTransition.xml (RunModel)" time="0.026" />
  <testcase classname="ptolemy.util.test.junit.AutoTests" name="[104] /home/travis/build/icyphy/ptII/ptolemy/domains/modal/test/auto/Priorities.xml (RunModel)" time="0.094" />
  <testcase classname="ptolemy.util.test.junit.AutoTests" name="[105] /home/travis/build/icyphy/ptII/ptolemy/domains/modal/test/auto/ResetFinal.xml (RunModel)" time="0.074" />
  <testcase classname="ptolemy.util.test.junit.AutoTests" name="[106] /home/travis/build/icyphy/ptII/ptolemy/domains/modal/test/auto/ResetFinal2.xml (RunModel)" time="0.036" />
  <testcase classname="ptolemy.util.test.junit.AutoTests" name="[107] /home/travis/build/icyphy/ptII/ptolemy/domains/modal/test/auto/ResetTransitionWithStartTime.xml (RunModel)" time="0.031" />
  <testcase classname="ptolemy.util.test.junit.AutoTests" name="[108] /home/travis/build/icyphy/ptII/ptolemy/domains/modal/test/auto/SDF-FSMComposite.xml (RunModel)" time="0.028" />
  <testcase classname="ptolemy.util.test.junit.AutoTests" name="[109] /home/travis/build/icyphy/ptII/ptolemy/domains/modal/test/auto/SeeminglyNondeterminate.xml (RunModel)" time="0.067" />
  <testcase classname="ptolemy.util.test.junit.AutoTests" name="[110] /home/travis/build/icyphy/ptII/ptolemy/domains/modal/test/auto/SeeminglyNondeterminate2.xml (RunModel)" time="0.076" />
  <testcase classname="ptolemy.util.test.junit.AutoTests" name="[111] /home/travis/build/icyphy/ptII/ptolemy/domains/modal/test/auto/SpontaneousFSM.xml (RunModel)" time="0.048" />
  <testcase classname="ptolemy.util.test.junit.AutoTests" name="[112] /home/travis/build/icyphy/ptII/ptolemy/domains/modal/test/auto/SpontaneousFSM2.xml (RunModel)" time="0.035" />
  <testcase classname="ptolemy.util.test.junit.AutoTests" name="[113] /home/travis/build/icyphy/ptII/ptolemy/domains/modal/test/auto/SpontaneousFSM3.xml (RunModel)" time="0.049" />
  <testcase classname="ptolemy.util.test.junit.AutoTests" name="[114] /home/travis/build/icyphy/ptII/ptolemy/domains/modal/test/auto/SpontaneousFSM4.xml (RunModel)" time="0.048" />
  <testcase classname="ptolemy.util.test.junit.AutoTests" name="[115] /home/travis/build/icyphy/ptII/ptolemy/domains/modal/test/auto/StateTrackerTest.xml (RunModel)" time="0.053" />
  <testcase classname="ptolemy.util.test.junit.AutoTests" name="[116] /home/travis/build/icyphy/ptII/ptolemy/domains/modal/test/auto/StrongImmediateTransition.xml (RunModel)" time="0.024" />
  <testcase classname="ptolemy.util.test.junit.AutoTests" name="[117] /home/travis/build/icyphy/ptII/ptolemy/domains/modal/test/auto/SustainHierarchy.xml (RunModel)" time="0.035" />
  <testcase classname="ptolemy.util.test.junit.AutoTests" name="[118] /home/travis/build/icyphy/ptII/ptolemy/domains/modal/test/auto/TerminationTransition1.xml (RunModel)" time="0.024" />
  <testcase classname="ptolemy.util.test.junit.AutoTests" name="[119] /home/travis/build/icyphy/ptII/ptolemy/domains/modal/test/auto/TerminationTransition2.xml (RunModel)" time="0.028" />
  <testcase classname="ptolemy.util.test.junit.AutoTests" name="[120] /home/travis/build/icyphy/ptII/ptolemy/domains/modal/test/auto/TerminationTransition3.xml (RunModel)" time="0.029" />
  <testcase classname="ptolemy.util.test.junit.AutoTests" name="[121] /home/travis/build/icyphy/ptII/ptolemy/domains/modal/test/auto/TerminationTransition4.xml (RunModel)" time="0.04" />
  <testcase classname="ptolemy.util.test.junit.AutoTests" name="[122] /home/travis/build/icyphy/ptII/ptolemy/domains/modal/test/auto/TerminationTransition5.xml (RunModel)" time="0.048" />
  <testcase classname="ptolemy.util.test.junit.AutoTests" name="[123] /home/travis/build/icyphy/ptII/ptolemy/domains/modal/test/auto/TerminationTransition6.xml (RunModel)" time="0.024" />
  <testcase classname="ptolemy.util.test.junit.AutoTests" name="[124] /home/travis/build/icyphy/ptII/ptolemy/domains/modal/test/auto/TerminationTransition7.xml (RunModel)" time="0.025" />
  <testcase classname="ptolemy.util.test.junit.AutoTests" name="[125] /home/travis/build/icyphy/ptII/ptolemy/domains/modal/test/auto/TerminationTransition8.xml (RunModel)" time="0.025" />
  <testcase classname="ptolemy.util.test.junit.AutoTests" name="[126] /home/travis/build/icyphy/ptII/ptolemy/domains/modal/test/auto/Thermostat_NoHysteresis.xml (RunModel)" time="0.066" />
  <testcase classname="ptolemy.util.test.junit.AutoTests" name="[127] /home/travis/build/icyphy/ptII/ptolemy/domains/modal/test/auto/TimedFSM.xml (RunModel)" time="0.036" />
  <testcase classname="ptolemy.util.test.junit.AutoTests" name="[128] /home/travis/build/icyphy/ptII/ptolemy/domains/modal/test/auto/Timeout1.xml (RunModel)" time="0.014" />
  <testcase classname="ptolemy.util.test.junit.AutoTests" name="[129] /home/travis/build/icyphy/ptII/ptolemy/domains/modal/test/auto/Timeout2.xml (RunModel)" time="0.021" />
  <testcase classname="ptolemy.util.test.junit.AutoTests" name="[130] /home/travis/build/icyphy/ptII/ptolemy/domains/modal/test/auto/Timeout3.xml (RunModel)" time="0.012" />
  <testcase classname="ptolemy.util.test.junit.AutoTests" name="[131] /home/travis/build/icyphy/ptII/ptolemy/domains/modal/test/auto/Timeout4.xml (RunModel)" time="0.021" />
  <testcase classname="ptolemy.util.test.junit.AutoTests" name="[132] /home/travis/build/icyphy/ptII/ptolemy/domains/modal/test/auto/TransientstateModelAdvanced.xml (RunModel)" time="0.032" />
  <testcase classname="ptolemy.util.test.junit.AutoTests" name="[133] /home/travis/build/icyphy/ptII/ptolemy/domains/modal/test/auto/TransientstateModelAdvanced2.xml (RunModel)" time="0.035" />
  <testcase classname="ptolemy.util.test.junit.AutoTests" name="[134] /home/travis/build/icyphy/ptII/ptolemy/domains/modal/test/auto/TransitionRefinements.xml (RunModel)" time="0.027" />
  <testcase classname="ptolemy.util.test.junit.AutoTests" name="[135] /home/travis/build/icyphy/ptII/ptolemy/domains/modal/test/auto/TwoRefinements1.xml (RunModel)" time="0.029" />
  <testcase classname="ptolemy.util.test.junit.AutoTests" name="[136] /home/travis/build/icyphy/ptII/ptolemy/domains/modal/test/auto/TwoRefinements2.xml (RunModel)" time="0.032" />
  <testcase classname="ptolemy.util.test.junit.AutoTests" name="[137] /home/travis/build/icyphy/ptII/ptolemy/domains/modal/test/auto/WeakImmediateTransition.xml (RunModel)" time="0.029" />
  <testcase classname="ptolemy.util.test.junit.AutoTests" name="[138] /home/travis/build/icyphy/ptII/ptolemy/domains/modal/test/auto/booleanSelect.xml (RunModel)" time="0.073" />
  <testcase classname="ptolemy.util.test.junit.AutoTests" name="[139] /home/travis/build/icyphy/ptII/ptolemy/domains/modal/test/auto/modalChangingParams.xml (RunModel)" time="0.32" />
  <testcase classname="ptolemy.util.test.junit.AutoTests" name="[140] /home/travis/build/icyphy/ptII/ptolemy/domains/modal/test/auto/modalModel.xml (RunModel)" time="0.031" />
  <testcase classname="ptolemy.util.test.junit.AutoTests" name="[141] /home/travis/build/icyphy/ptII/ptolemy/domains/modal/test/auto/modalModel2.xml (RunModel)" time="0.035" />
  <testcase classname="ptolemy.util.test.junit.AutoTests" name="[142] /home/travis/build/icyphy/ptII/ptolemy/domains/modal/test/auto/modalModel3.xml (RunModel)" time="0.045" />
  <testcase classname="ptolemy.util.test.junit.AutoTests" name="[143] /home/travis/build/icyphy/ptII/ptolemy/domains/modal/test/auto/model1.xml (RunModel)" time="0.022" />
  <testcase classname="ptolemy.util.test.junit.AutoTests" name="[144] /home/travis/build/icyphy/ptII/ptolemy/domains/modal/test/auto/test-direct-in-out.xml (RunModel)" time="0.021" />
  <system-out><![CDATA[/home/travis/build/icyphy/ptII/ptolemy/domains/modal/test/SystemLevelType.tcl
testDefs.tcl: setting time out to 9000 seconds at Fri May 11 17:16:13 UTC 2018
05/11/18 05:16:15
Failed: 0  Total Tests: 1  ((Passed: 1, Newly Passed: 0)  Known Failed: 0) /home/travis/build/icyphy/ptII/ptolemy/domains/modal/test
----------------- testing (KnownFailure) /home/travis/build/icyphy/ptII/ptolemy/domains/modal/test/auto/knownFailedTests/CannotAnalysisWithPreemption.xml
60 ms. Memory: 208384K Free: 189409K (91%)
Known Failure: java.lang.reflect.InvocationTargetException
No auto/*.xml tests in /home/travis/build/icyphy/ptII/ptolemy/domains/modal/test
AutoTests.java: About to close Vertx.
AutoTests.java: Vertx closed.
----------------- testing Fri May 11 17:16:16 UTC 2018 /home/travis/build/icyphy/ptII/ptolemy/domains/modal/test/auto/ABPTest.xml
----------------- Instantiating /home/travis/build/icyphy/ptII/ptolemy/domains/modal/test/auto/ABPTest.xml
460 ms. Memory: 331776K Free: 290736K (88%)
----------------- Invoking toplevel() on ptolemy.moml.MoMLSimpleApplication@679f797a
----------------- Done invoking toplevel() on ptolemy.moml.MoMLSimpleApplication@679f797a
reloadAllAccessors: .ABPTest
----------------- testing Fri May 11 17:16:16 UTC 2018 /home/travis/build/icyphy/ptII/ptolemy/domains/modal/test/auto/ABROFlat.xml
----------------- Instantiating /home/travis/build/icyphy/ptII/ptolemy/domains/modal/test/auto/ABROFlat.xml
37 ms. Memory: 331776K Free: 268600K (81%)
----------------- Invoking toplevel() on ptolemy.moml.MoMLSimpleApplication@7e1f33bd
----------------- Done invoking toplevel() on ptolemy.moml.MoMLSimpleApplication@7e1f33bd
reloadAllAccessors: .ABROFlat
----------------- testing Fri May 11 17:16:17 UTC 2018 /home/travis/build/icyphy/ptII/ptolemy/domains/modal/test/auto/ABROFlat2.xml
----------------- Instantiating /home/travis/build/icyphy/ptII/ptolemy/domains/modal/test/auto/ABROFlat2.xml
15 ms. Memory: 331776K Free: 245789K (74%)
----------------- Invoking toplevel() on ptolemy.moml.MoMLSimpleApplication@7fcf9a08
----------------- Done invoking toplevel() on ptolemy.moml.MoMLSimpleApplication@7fcf9a08
reloadAllAccessors: .ABROFlat2
----------------- testing Fri May 11 17:16:17 UTC 2018 /home/travis/build/icyphy/ptII/ptolemy/domains/modal/test/auto/ABRO_present_hmm.xml
----------------- Instantiating /home/travis/build/icyphy/ptII/ptolemy/domains/modal/test/auto/ABRO_present_hmm.xml
24 ms. Memory: 331776K Free: 214774K (65%)
----------------- Invoking toplevel() on ptolemy.moml.MoMLSimpleApplication@5ebbaab1
----------------- Done invoking toplevel() on ptolemy.moml.MoMLSimpleApplication@5ebbaab1
reloadAllAccessors: .ABRO_present_hmm
----------------- testing Fri May 11 17:16:17 UTC 2018 /home/travis/build/icyphy/ptII/ptolemy/domains/modal/test/auto/AMICoderExample.xml
----------------- Instantiating /home/travis/build/icyphy/ptII/ptolemy/domains/modal/test/auto/AMICoderExample.xml
23 ms. Memory: 331776K Free: 203368K (61%)
----------------- Invoking toplevel() on ptolemy.moml.MoMLSimpleApplication@78d9351c
----------------- Done invoking toplevel() on ptolemy.moml.MoMLSimpleApplication@78d9351c
reloadAllAccessors: .AMICoderExample
----------------- testing Fri May 11 17:16:17 UTC 2018 /home/travis/build/icyphy/ptII/ptolemy/domains/modal/test/auto/AbsentToPresent.xml
----------------- Instantiating /home/travis/build/icyphy/ptII/ptolemy/domains/modal/test/auto/AbsentToPresent.xml
10 ms. Memory: 331776K Free: 195061K (59%)
----------------- Invoking toplevel() on ptolemy.moml.MoMLSimpleApplication@4fd9433b
----------------- Done invoking toplevel() on ptolemy.moml.MoMLSimpleApplication@4fd9433b
reloadAllAccessors: .AbsentToPresent
----------------- testing Fri May 11 17:16:17 UTC 2018 /home/travis/build/icyphy/ptII/ptolemy/domains/modal/test/auto/Blending.xml
----------------- Instantiating /home/travis/build/icyphy/ptII/ptolemy/domains/modal/test/auto/Blending.xml
155 ms. Memory: 331776K Free: 144461K (44%)
----------------- Invoking toplevel() on ptolemy.moml.MoMLSimpleApplication@4f5511ed
----------------- Done invoking toplevel() on ptolemy.moml.MoMLSimpleApplication@4f5511ed
reloadAllAccessors: .Blending
----------------- testing Fri May 11 17:16:17 UTC 2018 /home/travis/build/icyphy/ptII/ptolemy/domains/modal/test/auto/Broadcast.xml
----------------- Instantiating /home/travis/build/icyphy/ptII/ptolemy/domains/modal/test/auto/Broadcast.xml
10 ms. Memory: 331776K Free: 131399K (40%)
----------------- Invoking toplevel() on ptolemy.moml.MoMLSimpleApplication@57bc6855
----------------- Done invoking toplevel() on ptolemy.moml.MoMLSimpleApplication@57bc6855
reloadAllAccessors: .Broadcast
----------------- testing Fri May 11 17:16:17 UTC 2018 /home/travis/build/icyphy/ptII/ptolemy/domains/modal/test/auto/BroadcastHierarchy.xml
----------------- Instantiating /home/travis/build/icyphy/ptII/ptolemy/domains/modal/test/auto/BroadcastHierarchy.xml
8 ms. Memory: 331776K Free: 113462K (34%)
----------------- Invoking toplevel() on ptolemy.moml.MoMLSimpleApplication@54db8d8c
----------------- Done invoking toplevel() on ptolemy.moml.MoMLSimpleApplication@54db8d8c
reloadAllAccessors: .BroadcastHierarchy
----------------- testing Fri May 11 17:16:17 UTC 2018 /home/travis/build/icyphy/ptII/ptolemy/domains/modal/test/auto/BroadcastHierarchy2.xml
----------------- Instantiating /home/travis/build/icyphy/ptII/ptolemy/domains/modal/test/auto/BroadcastHierarchy2.xml
35 ms. Memory: 331776K Free: 77572K (23%)
----------------- Invoking toplevel() on ptolemy.moml.MoMLSimpleApplication@4bf58c4e
----------------- Done invoking toplevel() on ptolemy.moml.MoMLSimpleApplication@4bf58c4e
reloadAllAccessors: .BroadcastHierarchy2
----------------- testing Fri May 11 17:16:18 UTC 2018 /home/travis/build/icyphy/ptII/ptolemy/domains/modal/test/auto/BroadcastHierarchy3.xml
----------------- Instantiating /home/travis/build/icyphy/ptII/ptolemy/domains/modal/test/auto/BroadcastHierarchy3.xml
23 ms. Memory: 333824K Free: 294507K (88%)
----------------- Invoking toplevel() on ptolemy.moml.MoMLSimpleApplication@396d0d21
----------------- Done invoking toplevel() on ptolemy.moml.MoMLSimpleApplication@396d0d21
reloadAllAccessors: .BroadcastHierarchy3
----------------- testing Fri May 11 17:16:18 UTC 2018 /home/travis/build/icyphy/ptII/ptolemy/domains/modal/test/auto/BroadcastHierarchy4.xml
----------------- Instantiating /home/travis/build/icyphy/ptII/ptolemy/domains/modal/test/auto/BroadcastHierarchy4.xml
22 ms. Memory: 333824K Free: 260421K (78%)
----------------- Invoking toplevel() on ptolemy.moml.MoMLSimpleApplication@71c61f85
----------------- Done invoking toplevel() on ptolemy.moml.MoMLSimpleApplication@71c61f85
reloadAllAccessors: .BroadcastHierarchy4
----------------- testing Fri May 11 17:16:18 UTC 2018 /home/travis/build/icyphy/ptII/ptolemy/domains/modal/test/auto/CannotAnalysisWithPreemption2.xml
----------------- Instantiating /home/travis/build/icyphy/ptII/ptolemy/domains/modal/test/auto/CannotAnalysisWithPreemption2.xml
3 ms. Memory: 333824K Free: 251858K (75%)
----------------- Invoking toplevel() on ptolemy.moml.MoMLSimpleApplication@293699c
----------------- Done invoking toplevel() on ptolemy.moml.MoMLSimpleApplication@293699c
reloadAllAccessors: .CannotAnalysisWithPreemption2
----------------- testing Fri May 11 17:16:18 UTC 2018 /home/travis/build/icyphy/ptII/ptolemy/domains/modal/test/auto/CannotAnalysisWithPreemption3.xml
----------------- Instantiating /home/travis/build/icyphy/ptII/ptolemy/domains/modal/test/auto/CannotAnalysisWithPreemption3.xml
4 ms. Memory: 333824K Free: 239640K (72%)
----------------- Invoking toplevel() on ptolemy.moml.MoMLSimpleApplication@27755eab
----------------- Done invoking toplevel() on ptolemy.moml.MoMLSimpleApplication@27755eab
reloadAllAccessors: .CannotAnalysisWithPreemption3
----------------- testing Fri May 11 17:16:18 UTC 2018 /home/travis/build/icyphy/ptII/ptolemy/domains/modal/test/auto/CannotProduce.xml
----------------- Instantiating /home/travis/build/icyphy/ptII/ptolemy/domains/modal/test/auto/CannotProduce.xml
12 ms. Memory: 333824K Free: 230014K (69%)
----------------- Invoking toplevel() on ptolemy.moml.MoMLSimpleApplication@274b86c6
----------------- Done invoking toplevel() on ptolemy.moml.MoMLSimpleApplication@274b86c6
reloadAllAccessors: .CannotProduce
----------------- testing Fri May 11 17:16:18 UTC 2018 /home/travis/build/icyphy/ptII/ptolemy/domains/modal/test/auto/CannotProduceModal.xml
----------------- Instantiating /home/travis/build/icyphy/ptII/ptolemy/domains/modal/test/auto/CannotProduceModal.xml
6 ms. Memory: 333824K Free: 221452K (66%)
----------------- Invoking toplevel() on ptolemy.moml.MoMLSimpleApplication@2754d720
----------------- Done invoking toplevel() on ptolemy.moml.MoMLSimpleApplication@2754d720
reloadAllAccessors: .CannotProduceModal
----------------- testing Fri May 11 17:16:18 UTC 2018 /home/travis/build/icyphy/ptII/ptolemy/domains/modal/test/auto/Case.xml
----------------- Instantiating /home/travis/build/icyphy/ptII/ptolemy/domains/modal/test/auto/Case.xml
33 ms. Memory: 333824K Free: 209194K (63%)
----------------- Invoking toplevel() on ptolemy.moml.MoMLSimpleApplication@28dfd5c3
----------------- Done invoking toplevel() on ptolemy.moml.MoMLSimpleApplication@28dfd5c3
reloadAllAccessors: .Case
----------------- testing Fri May 11 17:16:18 UTC 2018 /home/travis/build/icyphy/ptII/ptolemy/domains/modal/test/auto/Case1.xml
----------------- Instantiating /home/travis/build/icyphy/ptII/ptolemy/domains/modal/test/auto/Case1.xml
14 ms. Memory: 333824K Free: 198342K (59%)
----------------- Invoking toplevel() on ptolemy.moml.MoMLSimpleApplication@21fd4700
----------------- Done invoking toplevel() on ptolemy.moml.MoMLSimpleApplication@21fd4700
reloadAllAccessors: .Case1
----------------- testing Fri May 11 17:16:18 UTC 2018 /home/travis/build/icyphy/ptII/ptolemy/domains/modal/test/auto/Case2.xml
----------------- Instantiating /home/travis/build/icyphy/ptII/ptolemy/domains/modal/test/auto/Case2.xml
39 ms. Memory: 333824K Free: 186084K (56%)
----------------- Invoking toplevel() on ptolemy.moml.MoMLSimpleApplication@6738a588
----------------- Done invoking toplevel() on ptolemy.moml.MoMLSimpleApplication@6738a588
reloadAllAccessors: .Case2
----------------- testing Fri May 11 17:16:18 UTC 2018 /home/travis/build/icyphy/ptII/ptolemy/domains/modal/test/auto/CausalityInterface1.xml
----------------- Instantiating /home/travis/build/icyphy/ptII/ptolemy/domains/modal/test/auto/CausalityInterface1.xml
3 ms. Memory: 333824K Free: 179983K (54%)
----------------- Invoking toplevel() on ptolemy.moml.MoMLSimpleApplication@10240943
----------------- Done invoking toplevel() on ptolemy.moml.MoMLSimpleApplication@10240943
reloadAllAccessors: .CausalityInterface1
----------------- testing Fri May 11 17:16:18 UTC 2018 /home/travis/build/icyphy/ptII/ptolemy/domains/modal/test/auto/CausalityInterface10.xml
----------------- Instantiating /home/travis/build/icyphy/ptII/ptolemy/domains/modal/test/auto/CausalityInterface10.xml
14 ms. Memory: 333824K Free: 160560K (48%)
----------------- Invoking toplevel() on ptolemy.moml.MoMLSimpleApplication@3da5d14f
----------------- Done invoking toplevel() on ptolemy.moml.MoMLSimpleApplication@3da5d14f
reloadAllAccessors: .CausalityInterface10
----------------- testing Fri May 11 17:16:18 UTC 2018 /home/travis/build/icyphy/ptII/ptolemy/domains/modal/test/auto/CausalityInterface11.xml
----------------- Instantiating /home/travis/build/icyphy/ptII/ptolemy/domains/modal/test/auto/CausalityInterface11.xml
10 ms. Memory: 333824K Free: 144654K (43%)
----------------- Invoking toplevel() on ptolemy.moml.MoMLSimpleApplication@36f31583
----------------- Done invoking toplevel() on ptolemy.moml.MoMLSimpleApplication@36f31583
reloadAllAccessors: .CausalityInterface11
----------------- testing Fri May 11 17:16:18 UTC 2018 /home/travis/build/icyphy/ptII/ptolemy/domains/modal/test/auto/CausalityInterface12.xml
----------------- Instantiating /home/travis/build/icyphy/ptII/ptolemy/domains/modal/test/auto/CausalityInterface12.xml
8 ms. Memory: 333824K Free: 128748K (39%)
----------------- Invoking toplevel() on ptolemy.moml.MoMLSimpleApplication@5f97711
----------------- Done invoking toplevel() on ptolemy.moml.MoMLSimpleApplication@5f97711
reloadAllAccessors: .CausalityInterface12
----------------- testing Fri May 11 17:16:18 UTC 2018 /home/travis/build/icyphy/ptII/ptolemy/domains/modal/test/auto/CausalityInterface13.xml
----------------- Instantiating /home/travis/build/icyphy/ptII/ptolemy/domains/modal/test/auto/CausalityInterface13.xml
10 ms. Memory: 333824K Free: 109339K (33%)
----------------- Invoking toplevel() on ptolemy.moml.MoMLSimpleApplication@df81539
----------------- Done invoking toplevel() on ptolemy.moml.MoMLSimpleApplication@df81539
reloadAllAccessors: .CausalityInterface13
----------------- testing Fri May 11 17:16:19 UTC 2018 /home/travis/build/icyphy/ptII/ptolemy/domains/modal/test/auto/CausalityInterface14.xml
----------------- Instantiating /home/travis/build/icyphy/ptII/ptolemy/domains/modal/test/auto/CausalityInterface14.xml
10 ms. Memory: 333824K Free: 92191K (28%)
----------------- Invoking toplevel() on ptolemy.moml.MoMLSimpleApplication@72be2dff
----------------- Done invoking toplevel() on ptolemy.moml.MoMLSimpleApplication@72be2dff
reloadAllAccessors: .CausalityInterface14
----------------- testing Fri May 11 17:16:19 UTC 2018 /home/travis/build/icyphy/ptII/ptolemy/domains/modal/test/auto/CausalityInterface2.xml
----------------- Instantiating /home/travis/build/icyphy/ptII/ptolemy/domains/modal/test/auto/CausalityInterface2.xml
11 ms. Memory: 333824K Free: 84863K (25%)
----------------- Invoking toplevel() on ptolemy.moml.MoMLSimpleApplication@7a1e0807
----------------- Done invoking toplevel() on ptolemy.moml.MoMLSimpleApplication@7a1e0807
reloadAllAccessors: .CausalityInterface2
----------------- testing Fri May 11 17:16:19 UTC 2018 /home/travis/build/icyphy/ptII/ptolemy/domains/modal/test/auto/CausalityInterface3.xml
----------------- Instantiating /home/travis/build/icyphy/ptII/ptolemy/domains/modal/test/auto/CausalityInterface3.xml
3 ms. Memory: 576512K Free: 559588K (97%)
----------------- Invoking toplevel() on ptolemy.moml.MoMLSimpleApplication@6bdb8c16
----------------- Done invoking toplevel() on ptolemy.moml.MoMLSimpleApplication@6bdb8c16
reloadAllAccessors: .CausalityInterface3
----------------- testing Fri May 11 17:16:19 UTC 2018 /home/travis/build/icyphy/ptII/ptolemy/domains/modal/test/auto/CausalityInterface4.xml
----------------- Instantiating /home/travis/build/icyphy/ptII/ptolemy/domains/modal/test/auto/CausalityInterface4.xml
7 ms. Memory: 576512K Free: 546468K (95%)
----------------- Invoking toplevel() on ptolemy.moml.MoMLSimpleApplication@6faf67e6
----------------- Done invoking toplevel() on ptolemy.moml.MoMLSimpleApplication@6faf67e6
reloadAllAccessors: .CausalityInterface4
----------------- testing Fri May 11 17:16:19 UTC 2018 /home/travis/build/icyphy/ptII/ptolemy/domains/modal/test/auto/CausalityInterface5.xml
----------------- Instantiating /home/travis/build/icyphy/ptII/ptolemy/domains/modal/test/auto/CausalityInterface5.xml
6 ms. Memory: 576512K Free: 534280K (93%)
----------------- Invoking toplevel() on ptolemy.moml.MoMLSimpleApplication@aca2c91
----------------- Done invoking toplevel() on ptolemy.moml.MoMLSimpleApplication@aca2c91
reloadAllAccessors: .CausalityInterface5
----------------- testing Fri May 11 17:16:19 UTC 2018 /home/travis/build/icyphy/ptII/ptolemy/domains/modal/test/auto/CausalityInterface6.xml
----------------- Instantiating /home/travis/build/icyphy/ptII/ptolemy/domains/modal/test/auto/CausalityInterface6.xml
7 ms. Memory: 576512K Free: 522098K (91%)
----------------- Invoking toplevel() on ptolemy.moml.MoMLSimpleApplication@51d37b9e
----------------- Done invoking toplevel() on ptolemy.moml.MoMLSimpleApplication@51d37b9e
reloadAllAccessors: .CausalityInterface6
----------------- testing Fri May 11 17:16:19 UTC 2018 /home/travis/build/icyphy/ptII/ptolemy/domains/modal/test/auto/CausalityInterface7.xml
----------------- Instantiating /home/travis/build/icyphy/ptII/ptolemy/domains/modal/test/auto/CausalityInterface7.xml
7 ms. Memory: 576512K Free: 509909K (88%)
----------------- Invoking toplevel() on ptolemy.moml.MoMLSimpleApplication@7954beea
----------------- Done invoking toplevel() on ptolemy.moml.MoMLSimpleApplication@7954beea
reloadAllAccessors: .CausalityInterface7
----------------- testing Fri May 11 17:16:19 UTC 2018 /home/travis/build/icyphy/ptII/ptolemy/domains/modal/test/auto/CausalityInterface8.xml
----------------- Instantiating /home/travis/build/icyphy/ptII/ptolemy/domains/modal/test/auto/CausalityInterface8.xml
6 ms. Memory: 576512K Free: 494602K (86%)
----------------- Invoking toplevel() on ptolemy.moml.MoMLSimpleApplication@5e1c74af
----------------- Done invoking toplevel() on ptolemy.moml.MoMLSimpleApplication@5e1c74af
reloadAllAccessors: .CausalityInterface8
----------------- testing Fri May 11 17:16:19 UTC 2018 /home/travis/build/icyphy/ptII/ptolemy/domains/modal/test/auto/CausalityInterface9.xml
----------------- Instantiating /home/travis/build/icyphy/ptII/ptolemy/domains/modal/test/auto/CausalityInterface9.xml
7 ms. Memory: 576512K Free: 482397K (84%)
----------------- Invoking toplevel() on ptolemy.moml.MoMLSimpleApplication@2498d330
----------------- Done invoking toplevel() on ptolemy.moml.MoMLSimpleApplication@2498d330
reloadAllAccessors: .CausalityInterface9
----------------- testing Fri May 11 17:16:19 UTC 2018 /home/travis/build/icyphy/ptII/ptolemy/domains/modal/test/auto/ChainedTransitions.xml
----------------- Instantiating /home/travis/build/icyphy/ptII/ptolemy/domains/modal/test/auto/ChainedTransitions.xml
100 ms. Memory: 576512K Free: 453094K (79%)
----------------- Invoking toplevel() on ptolemy.moml.MoMLSimpleApplication@13180aeb
----------------- Done invoking toplevel() on ptolemy.moml.MoMLSimpleApplication@13180aeb
reloadAllAccessors: .ChainedTransitions
----------------- testing Fri May 11 17:16:19 UTC 2018 /home/travis/build/icyphy/ptII/ptolemy/domains/modal/test/auto/CycleOfImmediateTransitionsFSM.xml
----------------- Instantiating /home/travis/build/icyphy/ptII/ptolemy/domains/modal/test/auto/CycleOfImmediateTransitionsFSM.xml
3 ms. Memory: 576512K Free: 443324K (77%)
----------------- Invoking toplevel() on ptolemy.moml.MoMLSimpleApplication@5679bff9
----------------- Done invoking toplevel() on ptolemy.moml.MoMLSimpleApplication@5679bff9
reloadAllAccessors: .CycleOfImmediateTransitionsFSM
----------------- testing Fri May 11 17:16:19 UTC 2018 /home/travis/build/icyphy/ptII/ptolemy/domains/modal/test/auto/CycleOfImmediateTransitionsModal.xml
----------------- Instantiating /home/travis/build/icyphy/ptII/ptolemy/domains/modal/test/auto/CycleOfImmediateTransitionsModal.xml
5 ms. Memory: 576512K Free: 430459K (75%)
----------------- Invoking toplevel() on ptolemy.moml.MoMLSimpleApplication@6b7d7de0
----------------- Done invoking toplevel() on ptolemy.moml.MoMLSimpleApplication@6b7d7de0
reloadAllAccessors: .CycleOfImmediateTransitionsModal
----------------- testing Fri May 11 17:16:19 UTC 2018 /home/travis/build/icyphy/ptII/ptolemy/domains/modal/test/auto/CycleOfImmediateTransitionsModal2.xml
----------------- Instantiating /home/travis/build/icyphy/ptII/ptolemy/domains/modal/test/auto/CycleOfImmediateTransitionsModal2.xml
5 ms. Memory: 576512K Free: 420712K (73%)
----------------- Invoking toplevel() on ptolemy.moml.MoMLSimpleApplication@5ca2905f
----------------- Done invoking toplevel() on ptolemy.moml.MoMLSimpleApplication@5ca2905f
reloadAllAccessors: .CycleOfImmediateTransitionsModal2
----------------- testing Fri May 11 17:16:19 UTC 2018 /home/travis/build/icyphy/ptII/ptolemy/domains/modal/test/auto/CycleOfImmediateTransitionsModal3.xml
----------------- Instantiating /home/travis/build/icyphy/ptII/ptolemy/domains/modal/test/auto/CycleOfImmediateTransitionsModal3.xml
11 ms. Memory: 576512K Free: 391449K (68%)
----------------- Invoking toplevel() on ptolemy.moml.MoMLSimpleApplication@19e278ad
----------------- Done invoking toplevel() on ptolemy.moml.MoMLSimpleApplication@19e278ad
reloadAllAccessors: .CycleOfImmediateTransitionsModal3
----------------- testing Fri May 11 17:16:19 UTC 2018 /home/travis/build/icyphy/ptII/ptolemy/domains/modal/test/auto/DeepModal1.xml
----------------- Instantiating /home/travis/build/icyphy/ptII/ptolemy/domains/modal/test/auto/DeepModal1.xml
28 ms. Memory: 576512K Free: 374367K (65%)
----------------- Invoking toplevel() on ptolemy.moml.MoMLSimpleApplication@bc7bc83
----------------- Done invoking toplevel() on ptolemy.moml.MoMLSimpleApplication@bc7bc83
reloadAllAccessors: .DeepModal1
----------------- testing Fri May 11 17:16:19 UTC 2018 /home/travis/build/icyphy/ptII/ptolemy/domains/modal/test/auto/DeepModal2.xml
----------------- Instantiating /home/travis/build/icyphy/ptII/ptolemy/domains/modal/test/auto/DeepModal2.xml
19 ms. Memory: 576512K Free: 349281K (61%)
----------------- Invoking toplevel() on ptolemy.moml.MoMLSimpleApplication@352daed2
----------------- Done invoking toplevel() on ptolemy.moml.MoMLSimpleApplication@352daed2
reloadAllAccessors: .DeepModal2
----------------- testing Fri May 11 17:16:19 UTC 2018 /home/travis/build/icyphy/ptII/ptolemy/domains/modal/test/auto/DeepModal3.xml
----------------- Instantiating /home/travis/build/icyphy/ptII/ptolemy/domains/modal/test/auto/DeepModal3.xml
34 ms. Memory: 576512K Free: 327330K (57%)
----------------- Invoking toplevel() on ptolemy.moml.MoMLSimpleApplication@334e7dfe
----------------- Done invoking toplevel() on ptolemy.moml.MoMLSimpleApplication@334e7dfe
reloadAllAccessors: .DeepModal3
----------------- testing Fri May 11 17:16:20 UTC 2018 /home/travis/build/icyphy/ptII/ptolemy/domains/modal/test/auto/DeepModal4.xml
----------------- Instantiating /home/travis/build/icyphy/ptII/ptolemy/domains/modal/test/auto/DeepModal4.xml
30 ms. Memory: 576512K Free: 305363K (53%)
----------------- Invoking toplevel() on ptolemy.moml.MoMLSimpleApplication@5d8f864e
----------------- Done invoking toplevel() on ptolemy.moml.MoMLSimpleApplication@5d8f864e
reloadAllAccessors: .DeepModal4
----------------- testing Fri May 11 17:16:20 UTC 2018 /home/travis/build/icyphy/ptII/ptolemy/domains/modal/test/auto/Default1.xml
----------------- Instantiating /home/travis/build/icyphy/ptII/ptolemy/domains/modal/test/auto/Default1.xml
2 ms. Memory: 576512K Free: 295592K (51%)
----------------- Invoking toplevel() on ptolemy.moml.MoMLSimpleApplication@4a024144
----------------- Done invoking toplevel() on ptolemy.moml.MoMLSimpleApplication@4a024144
reloadAllAccessors: .Default1
----------------- testing Fri May 11 17:16:20 UTC 2018 /home/travis/build/icyphy/ptII/ptolemy/domains/modal/test/auto/Default2.xml
----------------- Instantiating /home/travis/build/icyphy/ptII/ptolemy/domains/modal/test/auto/Default2.xml
3 ms. Memory: 576512K Free: 282712K (49%)
----------------- Invoking toplevel() on ptolemy.moml.MoMLSimpleApplication@9d9eb15
----------------- Done invoking toplevel() on ptolemy.moml.MoMLSimpleApplication@9d9eb15
reloadAllAccessors: .Default2
----------------- testing Fri May 11 17:16:20 UTC 2018 /home/travis/build/icyphy/ptII/ptolemy/domains/modal/test/auto/Default3.xml
----------------- Instantiating /home/travis/build/icyphy/ptII/ptolemy/domains/modal/test/auto/Default3.xml
8 ms. Memory: 576512K Free: 272957K (47%)
----------------- Invoking toplevel() on ptolemy.moml.MoMLSimpleApplication@4df8017
----------------- Done invoking toplevel() on ptolemy.moml.MoMLSimpleApplication@4df8017
reloadAllAccessors: .Default3
----------------- testing Fri May 11 17:16:20 UTC 2018 /home/travis/build/icyphy/ptII/ptolemy/domains/modal/test/auto/Default4.xml
----------------- Instantiating /home/travis/build/icyphy/ptII/ptolemy/domains/modal/test/auto/Default4.xml
7 ms. Memory: 576512K Free: 263187K (46%)
----------------- Invoking toplevel() on ptolemy.moml.MoMLSimpleApplication@25df1eaa
----------------- Done invoking toplevel() on ptolemy.moml.MoMLSimpleApplication@25df1eaa
reloadAllAccessors: .Default4
----------------- testing Fri May 11 17:16:20 UTC 2018 /home/travis/build/icyphy/ptII/ptolemy/domains/modal/test/auto/Default5.xml
----------------- Instantiating /home/travis/build/icyphy/ptII/ptolemy/domains/modal/test/auto/Default5.xml
6 ms. Memory: 576512K Free: 253433K (44%)
----------------- Invoking toplevel() on ptolemy.moml.MoMLSimpleApplication@6d55c882
----------------- Done invoking toplevel() on ptolemy.moml.MoMLSimpleApplication@6d55c882
reloadAllAccessors: .Default5
----------------- testing Fri May 11 17:16:20 UTC 2018 /home/travis/build/icyphy/ptII/ptolemy/domains/modal/test/auto/EmptyGuard.xml
----------------- Instantiating /home/travis/build/icyphy/ptII/ptolemy/domains/modal/test/auto/EmptyGuard.xml
8 ms. Memory: 576512K Free: 240568K (42%)
----------------- Invoking toplevel() on ptolemy.moml.MoMLSimpleApplication@43ad9459
----------------- Done invoking toplevel() on ptolemy.moml.MoMLSimpleApplication@43ad9459
reloadAllAccessors: .EmptyGuard
----------------- testing Fri May 11 17:16:20 UTC 2018 /home/travis/build/icyphy/ptII/ptolemy/domains/modal/test/auto/ErrorTransition1.xml
----------------- Instantiating /home/travis/build/icyphy/ptII/ptolemy/domains/modal/test/auto/ErrorTransition1.xml
5 ms. Memory: 576512K Free: 230814K (40%)
----------------- Invoking toplevel() on ptolemy.moml.MoMLSimpleApplication@30867512
----------------- Done invoking toplevel() on ptolemy.moml.MoMLSimpleApplication@30867512
reloadAllAccessors: .ErrorTransition1
----------------- testing Fri May 11 17:16:20 UTC 2018 /home/travis/build/icyphy/ptII/ptolemy/domains/modal/test/auto/ErrorTransition10.xml
----------------- Instantiating /home/travis/build/icyphy/ptII/ptolemy/domains/modal/test/auto/ErrorTransition10.xml
12 ms. Memory: 576512K Free: 213755K (37%)
----------------- Invoking toplevel() on ptolemy.moml.MoMLSimpleApplication@5a9fcb31
----------------- Done invoking toplevel() on ptolemy.moml.MoMLSimpleApplication@5a9fcb31
reloadAllAccessors: .ErrorTransition10
----------------- testing Fri May 11 17:16:20 UTC 2018 /home/travis/build/icyphy/ptII/ptolemy/domains/modal/test/auto/ErrorTransition11.xml
----------------- Instantiating /home/travis/build/icyphy/ptII/ptolemy/domains/modal/test/auto/ErrorTransition11.xml
4 ms. Memory: 576512K Free: 199131K (35%)
----------------- Invoking toplevel() on ptolemy.moml.MoMLSimpleApplication@7ebba776
----------------- Done invoking toplevel() on ptolemy.moml.MoMLSimpleApplication@7ebba776
reloadAllAccessors: .ErrorTransition11
----------------- testing Fri May 11 17:16:20 UTC 2018 /home/travis/build/icyphy/ptII/ptolemy/domains/modal/test/auto/ErrorTransition2.xml
----------------- Instantiating /home/travis/build/icyphy/ptII/ptolemy/domains/modal/test/auto/ErrorTransition2.xml
5 ms. Memory: 576512K Free: 183800K (32%)
----------------- Invoking toplevel() on ptolemy.moml.MoMLSimpleApplication@1ad3f1e7
----------------- Done invoking toplevel() on ptolemy.moml.MoMLSimpleApplication@1ad3f1e7
reloadAllAccessors: .ErrorTransition2
----------------- testing Fri May 11 17:16:20 UTC 2018 /home/travis/build/icyphy/ptII/ptolemy/domains/modal/test/auto/ErrorTransition3.xml
----------------- Instantiating /home/travis/build/icyphy/ptII/ptolemy/domains/modal/test/auto/ErrorTransition3.xml
9 ms. Memory: 576512K Free: 171603K (30%)
----------------- Invoking toplevel() on ptolemy.moml.MoMLSimpleApplication@b967ab6
----------------- Done invoking toplevel() on ptolemy.moml.MoMLSimpleApplication@b967ab6
reloadAllAccessors: .ErrorTransition3
----------------- testing Fri May 11 17:16:20 UTC 2018 /home/travis/build/icyphy/ptII/ptolemy/domains/modal/test/auto/ErrorTransition4.xml
----------------- Instantiating /home/travis/build/icyphy/ptII/ptolemy/domains/modal/test/auto/ErrorTransition4.xml
10 ms. Memory: 576512K Free: 159398K (28%)
----------------- Invoking toplevel() on ptolemy.moml.MoMLSimpleApplication@3b253d38
----------------- Done invoking toplevel() on ptolemy.moml.MoMLSimpleApplication@3b253d38
reloadAllAccessors: .ErrorTransition4
----------------- testing Fri May 11 17:16:20 UTC 2018 /home/travis/build/icyphy/ptII/ptolemy/domains/modal/test/auto/ErrorTransition5.xml
----------------- Instantiating /home/travis/build/icyphy/ptII/ptolemy/domains/modal/test/auto/ErrorTransition5.xml
5 ms. Memory: 576512K Free: 147193K (26%)
----------------- Invoking toplevel() on ptolemy.moml.MoMLSimpleApplication@b00479f
----------------- Done invoking toplevel() on ptolemy.moml.MoMLSimpleApplication@b00479f
reloadAllAccessors: .ErrorTransition5
----------------- testing Fri May 11 17:16:20 UTC 2018 /home/travis/build/icyphy/ptII/ptolemy/domains/modal/test/auto/ErrorTransition6.xml
----------------- Instantiating /home/travis/build/icyphy/ptII/ptolemy/domains/modal/test/auto/ErrorTransition6.xml
10 ms. Memory: 576512K Free: 134996K (23%)
----------------- Invoking toplevel() on ptolemy.moml.MoMLSimpleApplication@18376cac
----------------- Done invoking toplevel() on ptolemy.moml.MoMLSimpleApplication@18376cac
reloadAllAccessors: .ErrorTransition6
----------------- testing Fri May 11 17:16:20 UTC 2018 /home/travis/build/icyphy/ptII/ptolemy/domains/modal/test/auto/ErrorTransition7.xml
----------------- Instantiating /home/travis/build/icyphy/ptII/ptolemy/domains/modal/test/auto/ErrorTransition7.xml
12 ms. Memory: 576512K Free: 114788K (20%)
----------------- Invoking toplevel() on ptolemy.moml.MoMLSimpleApplication@4a9d7a8c
----------------- Done invoking toplevel() on ptolemy.moml.MoMLSimpleApplication@4a9d7a8c
reloadAllAccessors: .ErrorTransition7
----------------- testing Fri May 11 17:16:20 UTC 2018 /home/travis/build/icyphy/ptII/ptolemy/domains/modal/test/auto/ErrorTransition8.xml
----------------- Instantiating /home/travis/build/icyphy/ptII/ptolemy/domains/modal/test/auto/ErrorTransition8.xml
39 ms. Memory: 576512K Free: 97730K (17%)
----------------- Invoking toplevel() on ptolemy.moml.MoMLSimpleApplication@5199c0b4
----------------- Done invoking toplevel() on ptolemy.moml.MoMLSimpleApplication@5199c0b4
reloadAllAccessors: .ErrorTransition8
----------------- testing Fri May 11 17:16:20 UTC 2018 /home/travis/build/icyphy/ptII/ptolemy/domains/modal/test/auto/ErrorTransition9.xml
----------------- Instantiating /home/travis/build/icyphy/ptII/ptolemy/domains/modal/test/auto/ErrorTransition9.xml
13 ms. Memory: 576512K Free: 80655K (14%)
----------------- Invoking toplevel() on ptolemy.moml.MoMLSimpleApplication@20b31e8
----------------- Done invoking toplevel() on ptolemy.moml.MoMLSimpleApplication@20b31e8
reloadAllAccessors: .ErrorTransition9
----------------- testing Fri May 11 17:16:20 UTC 2018 /home/travis/build/icyphy/ptII/ptolemy/domains/modal/test/auto/ExtendedFSM.xml
----------------- Instantiating /home/travis/build/icyphy/ptII/ptolemy/domains/modal/test/auto/ExtendedFSM.xml
9 ms. Memory: 577024K Free: 557632K (97%)
----------------- Invoking toplevel() on ptolemy.moml.MoMLSimpleApplication@58b8aa55
----------------- Done invoking toplevel() on ptolemy.moml.MoMLSimpleApplication@58b8aa55
reloadAllAccessors: .ExtendedFSM
----------------- testing Fri May 11 17:16:20 UTC 2018 /home/travis/build/icyphy/ptII/ptolemy/domains/modal/test/auto/FinalStates.xml
----------------- Instantiating /home/travis/build/icyphy/ptII/ptolemy/domains/modal/test/auto/FinalStates.xml
4 ms. Memory: 577024K Free: 545692K (95%)
----------------- Invoking toplevel() on ptolemy.moml.MoMLSimpleApplication@75f65271
----------------- Done invoking toplevel() on ptolemy.moml.MoMLSimpleApplication@75f65271
reloadAllAccessors: .FinalStates
----------------- testing Fri May 11 17:16:20 UTC 2018 /home/travis/build/icyphy/ptII/ptolemy/domains/modal/test/auto/FixedPointFSM.xml
----------------- Instantiating /home/travis/build/icyphy/ptII/ptolemy/domains/modal/test/auto/FixedPointFSM.xml
20 ms. Memory: 577024K Free: 526207K (91%)
----------------- Invoking toplevel() on ptolemy.moml.MoMLSimpleApplication@13d6647f
----------------- Done invoking toplevel() on ptolemy.moml.MoMLSimpleApplication@13d6647f
reloadAllAccessors: .FixedPointFSM
----------------- testing Fri May 11 17:16:20 UTC 2018 /home/travis/build/icyphy/ptII/ptolemy/domains/modal/test/auto/FixedPointIterationFSMActor.xml
----------------- Instantiating /home/travis/build/icyphy/ptII/ptolemy/domains/modal/test/auto/FixedPointIterationFSMActor.xml
12 ms. Memory: 577024K Free: 511020K (89%)
----------------- Invoking toplevel() on ptolemy.moml.MoMLSimpleApplication@33654e3a
----------------- Done invoking toplevel() on ptolemy.moml.MoMLSimpleApplication@33654e3a
reloadAllAccessors: .FixedPointIterationFSMActor
----------------- testing Fri May 11 17:16:20 UTC 2018 /home/travis/build/icyphy/ptII/ptolemy/domains/modal/test/auto/FixedPointIterationFSMActor2.xml
----------------- Instantiating /home/travis/build/icyphy/ptII/ptolemy/domains/modal/test/auto/FixedPointIterationFSMActor2.xml
14 ms. Memory: 577024K Free: 494617K (86%)
----------------- Invoking toplevel() on ptolemy.moml.MoMLSimpleApplication@110535f7
----------------- Done invoking toplevel() on ptolemy.moml.MoMLSimpleApplication@110535f7
reloadAllAccessors: .FixedPointIterationFSMActor2
----------------- testing Fri May 11 17:16:21 UTC 2018 /home/travis/build/icyphy/ptII/ptolemy/domains/modal/test/auto/ForbiddenInstantanousLoop.xml
----------------- Instantiating /home/travis/build/icyphy/ptII/ptolemy/domains/modal/test/auto/ForbiddenInstantanousLoop.xml
6 ms. Memory: 577024K Free: 478362K (83%)
----------------- Invoking toplevel() on ptolemy.moml.MoMLSimpleApplication@fb1ce12
----------------- Done invoking toplevel() on ptolemy.moml.MoMLSimpleApplication@fb1ce12
reloadAllAccessors: .ForbiddenInstantanousLoop
----------------- testing Fri May 11 17:16:21 UTC 2018 /home/travis/build/icyphy/ptII/ptolemy/domains/modal/test/auto/FunctionDependencyOfFSMActorTest.xml
----------------- Instantiating /home/travis/build/icyphy/ptII/ptolemy/domains/modal/test/auto/FunctionDependencyOfFSMActorTest.xml
11 ms. Memory: 577024K Free: 466421K (81%)
----------------- Invoking toplevel() on ptolemy.moml.MoMLSimpleApplication@220175ee
----------------- Done invoking toplevel() on ptolemy.moml.MoMLSimpleApplication@220175ee
reloadAllAccessors: .FunctionDependencyOfFSMActorTest
----------------- testing Fri May 11 17:16:21 UTC 2018 /home/travis/build/icyphy/ptII/ptolemy/domains/modal/test/auto/GuardExpression.xml
----------------- Instantiating /home/travis/build/icyphy/ptII/ptolemy/domains/modal/test/auto/GuardExpression.xml
6 ms. Memory: 577024K Free: 456683K (79%)
----------------- Invoking toplevel() on ptolemy.moml.MoMLSimpleApplication@6dca431
----------------- Done invoking toplevel() on ptolemy.moml.MoMLSimpleApplication@6dca431
reloadAllAccessors: .GuardExpression
----------------- testing Fri May 11 17:16:21 UTC 2018 /home/travis/build/icyphy/ptII/ptolemy/domains/modal/test/auto/GuardNotEvaluated.xml
----------------- Instantiating /home/travis/build/icyphy/ptII/ptolemy/domains/modal/test/auto/GuardNotEvaluated.xml
12 ms. Memory: 577024K Free: 443683K (77%)
----------------- Invoking toplevel() on ptolemy.moml.MoMLSimpleApplication@30318c5d
----------------- Done invoking toplevel() on ptolemy.moml.MoMLSimpleApplication@30318c5d
reloadAllAccessors: .GuardNotEvaluated
----------------- testing Fri May 11 17:16:21 UTC 2018 /home/travis/build/icyphy/ptII/ptolemy/domains/modal/test/auto/GuardNotEvaluated2.xml
----------------- Instantiating /home/travis/build/icyphy/ptII/ptolemy/domains/modal/test/auto/GuardNotEvaluated2.xml
8 ms. Memory: 577024K Free: 428495K (74%)
----------------- Invoking toplevel() on ptolemy.moml.MoMLSimpleApplication@203da4b4
----------------- Done invoking toplevel() on ptolemy.moml.MoMLSimpleApplication@203da4b4
reloadAllAccessors: .GuardNotEvaluated2
----------------- testing Fri May 11 17:16:21 UTC 2018 /home/travis/build/icyphy/ptII/ptolemy/domains/modal/test/auto/GuardOnAbsent.xml
----------------- Instantiating /home/travis/build/icyphy/ptII/ptolemy/domains/modal/test/auto/GuardOnAbsent.xml
10 ms. Memory: 577024K Free: 418756K (73%)
----------------- Invoking toplevel() on ptolemy.moml.MoMLSimpleApplication@ed5ef20
----------------- Done invoking toplevel() on ptolemy.moml.MoMLSimpleApplication@ed5ef20
reloadAllAccessors: .GuardOnAbsent
----------------- testing Fri May 11 17:16:21 UTC 2018 /home/travis/build/icyphy/ptII/ptolemy/domains/modal/test/auto/HierarchicalFSMTypeInference.xml
----------------- Instantiating /home/travis/build/icyphy/ptII/ptolemy/domains/modal/test/auto/HierarchicalFSMTypeInference.xml
5 ms. Memory: 577024K Free: 402494K (70%)
----------------- Invoking toplevel() on ptolemy.moml.MoMLSimpleApplication@2fcf78d1
----------------- Done invoking toplevel() on ptolemy.moml.MoMLSimpleApplication@2fcf78d1
reloadAllAccessors: .HierarchicalFSMTypeInference
----------------- testing Fri May 11 17:16:21 UTC 2018 /home/travis/build/icyphy/ptII/ptolemy/domains/modal/test/auto/Hysteresis.xml
----------------- Instantiating /home/travis/build/icyphy/ptII/ptolemy/domains/modal/test/auto/Hysteresis.xml
12 ms. Memory: 577024K Free: 380782K (66%)
----------------- Invoking toplevel() on ptolemy.moml.MoMLSimpleApplication@149ad286
----------------- Done invoking toplevel() on ptolemy.moml.MoMLSimpleApplication@149ad286
reloadAllAccessors: .Hysteresis
----------------- testing Fri May 11 17:16:21 UTC 2018 /home/travis/build/icyphy/ptII/ptolemy/domains/modal/test/auto/HysteresisWithDefault.xml
----------------- Instantiating /home/travis/build/icyphy/ptII/ptolemy/domains/modal/test/auto/HysteresisWithDefault.xml
49 ms. Memory: 577024K Free: 354774K (61%)
----------------- Invoking toplevel() on ptolemy.moml.MoMLSimpleApplication@3e1d410b
----------------- Done invoking toplevel() on ptolemy.moml.MoMLSimpleApplication@3e1d410b
reloadAllAccessors: .HysteresisWithDefault
----------------- testing Fri May 11 17:16:21 UTC 2018 /home/travis/build/icyphy/ptII/ptolemy/domains/modal/test/auto/HysteresisWithDefault2.xml
----------------- Instantiating /home/travis/build/icyphy/ptII/ptolemy/domains/modal/test/auto/HysteresisWithDefault2.xml
60 ms. Memory: 577024K Free: 320070K (55%)
----------------- Invoking toplevel() on ptolemy.moml.MoMLSimpleApplication@5f100e6
----------------- Done invoking toplevel() on ptolemy.moml.MoMLSimpleApplication@5f100e6
reloadAllAccessors: .HysteresisWithDefault2
----------------- testing Fri May 11 17:16:21 UTC 2018 /home/travis/build/icyphy/ptII/ptolemy/domains/modal/test/auto/ImmediateNonConstructiveness.xml
----------------- Instantiating /home/travis/build/icyphy/ptII/ptolemy/domains/modal/test/auto/ImmediateNonConstructiveness.xml
4 ms. Memory: 577024K Free: 310331K (54%)
----------------- Invoking toplevel() on ptolemy.moml.MoMLSimpleApplication@127d8919
----------------- Done invoking toplevel() on ptolemy.moml.MoMLSimpleApplication@127d8919
reloadAllAccessors: .ImmediateNonConstructiveness
----------------- testing Fri May 11 17:16:21 UTC 2018 /home/travis/build/icyphy/ptII/ptolemy/domains/modal/test/auto/ImmediateNonConstructiveness2.xml
----------------- Instantiating /home/travis/build/icyphy/ptII/ptolemy/domains/modal/test/auto/ImmediateNonConstructiveness2.xml
2 ms. Memory: 577024K Free: 300593K (52%)
----------------- Invoking toplevel() on ptolemy.moml.MoMLSimpleApplication@5c6cbd06
----------------- Done invoking toplevel() on ptolemy.moml.MoMLSimpleApplication@5c6cbd06
reloadAllAccessors: .ImmediateNonConstructiveness2
----------------- testing Fri May 11 17:16:21 UTC 2018 /home/travis/build/icyphy/ptII/ptolemy/domains/modal/test/auto/ImmediateTransitionReset.xml
----------------- Instantiating /home/travis/build/icyphy/ptII/ptolemy/domains/modal/test/auto/ImmediateTransitionReset.xml
5 ms. Memory: 577024K Free: 282160K (49%)
----------------- Invoking toplevel() on ptolemy.moml.MoMLSimpleApplication@1bc17825
----------------- Done invoking toplevel() on ptolemy.moml.MoMLSimpleApplication@1bc17825
reloadAllAccessors: .ImmediateTransitionReset
----------------- testing Fri May 11 17:16:21 UTC 2018 /home/travis/build/icyphy/ptII/ptolemy/domains/modal/test/auto/ImmediateTransitions1.xml
----------------- Instantiating /home/travis/build/icyphy/ptII/ptolemy/domains/modal/test/auto/ImmediateTransitions1.xml
1 ms. Memory: 577024K Free: 272406K (47%)
----------------- Invoking toplevel() on ptolemy.moml.MoMLSimpleApplication@2ba069a2
----------------- Done invoking toplevel() on ptolemy.moml.MoMLSimpleApplication@2ba069a2
reloadAllAccessors: .ImmediateTransitions1
----------------- testing Fri May 11 17:16:21 UTC 2018 /home/travis/build/icyphy/ptII/ptolemy/domains/modal/test/auto/ImmediateTransitionsInstantaneousCommunication.xml
----------------- Instantiating /home/travis/build/icyphy/ptII/ptolemy/domains/modal/test/auto/ImmediateTransitionsInstantaneousCommunication.xml
4 ms. Memory: 577024K Free: 256159K (44%)
----------------- Invoking toplevel() on ptolemy.moml.MoMLSimpleApplication@34d25f8c
----------------- Done invoking toplevel() on ptolemy.moml.MoMLSimpleApplication@34d25f8c
reloadAllAccessors: .ImmediateTransitionsInstantaneousCommunication
----------------- testing Fri May 11 17:16:21 UTC 2018 /home/travis/build/icyphy/ptII/ptolemy/domains/modal/test/auto/InitialImmediateTransition.xml
----------------- Instantiating /home/travis/build/icyphy/ptII/ptolemy/domains/modal/test/auto/InitialImmediateTransition.xml
4 ms. Memory: 577024K Free: 244218K (42%)
----------------- Invoking toplevel() on ptolemy.moml.MoMLSimpleApplication@299d2860
----------------- Done invoking toplevel() on ptolemy.moml.MoMLSimpleApplication@299d2860
reloadAllAccessors: .InitialImmediateTransition
----------------- testing Fri May 11 17:16:21 UTC 2018 /home/travis/build/icyphy/ptII/ptolemy/domains/modal/test/auto/InitialOutputs.xml
----------------- Instantiating /home/travis/build/icyphy/ptII/ptolemy/domains/modal/test/auto/InitialOutputs.xml
3 ms. Memory: 577024K Free: 234463K (41%)
----------------- Invoking toplevel() on ptolemy.moml.MoMLSimpleApplication@40a575de
----------------- Done invoking toplevel() on ptolemy.moml.MoMLSimpleApplication@40a575de
reloadAllAccessors: .InitialOutputs
----------------- testing Fri May 11 17:16:21 UTC 2018 /home/travis/build/icyphy/ptII/ptolemy/domains/modal/test/auto/InitialStateTransition1.xml
----------------- Instantiating /home/travis/build/icyphy/ptII/ptolemy/domains/modal/test/auto/InitialStateTransition1.xml
2 ms. Memory: 577024K Free: 221463K (38%)
----------------- Invoking toplevel() on ptolemy.moml.MoMLSimpleApplication@5a24e486
----------------- Done invoking toplevel() on ptolemy.moml.MoMLSimpleApplication@5a24e486
reloadAllAccessors: .InitialStateTransition1
----------------- testing Fri May 11 17:16:21 UTC 2018 /home/travis/build/icyphy/ptII/ptolemy/domains/modal/test/auto/InitialStateTransition2.xml
----------------- Instantiating /home/travis/build/icyphy/ptII/ptolemy/domains/modal/test/auto/InitialStateTransition2.xml
.InitialStateTransition2.TestExceptionAttributeNonConstructive: initialize() was not invoked, but wrapup() was.  This is unusual, but not always a problem.  For example, exporting JNLP will do this.
1 ms. Memory: 577024K Free: 206276K (36%)
----------------- Invoking toplevel() on ptolemy.moml.MoMLSimpleApplication@221269d7
----------------- Done invoking toplevel() on ptolemy.moml.MoMLSimpleApplication@221269d7
reloadAllAccessors: .InitialStateTransition2
----------------- testing Fri May 11 17:16:21 UTC 2018 /home/travis/build/icyphy/ptII/ptolemy/domains/modal/test/auto/InitialStateTransition3.xml
----------------- Instantiating /home/travis/build/icyphy/ptII/ptolemy/domains/modal/test/auto/InitialStateTransition3.xml
5 ms. Memory: 577024K Free: 193291K (33%)
----------------- Invoking toplevel() on ptolemy.moml.MoMLSimpleApplication@46e6bb5
----------------- Done invoking toplevel() on ptolemy.moml.MoMLSimpleApplication@46e6bb5
reloadAllAccessors: .InitialStateTransition3
----------------- testing Fri May 11 17:16:21 UTC 2018 /home/travis/build/icyphy/ptII/ptolemy/domains/modal/test/auto/InitialStateTransition4.xml
----------------- Instantiating /home/travis/build/icyphy/ptII/ptolemy/domains/modal/test/auto/InitialStateTransition4.xml
4 ms. Memory: 577024K Free: 178104K (31%)
----------------- Invoking toplevel() on ptolemy.moml.MoMLSimpleApplication@2c1d61d1
----------------- Done invoking toplevel() on ptolemy.moml.MoMLSimpleApplication@2c1d61d1
reloadAllAccessors: .InitialStateTransition4
----------------- testing Fri May 11 17:16:21 UTC 2018 /home/travis/build/icyphy/ptII/ptolemy/domains/modal/test/auto/MalformedGuardExpressionNotCaught.xml
----------------- Instantiating /home/travis/build/icyphy/ptII/ptolemy/domains/modal/test/auto/MalformedGuardExpressionNotCaught.xml
3 ms. Memory: 577024K Free: 168358K (29%)
----------------- Invoking toplevel() on ptolemy.moml.MoMLSimpleApplication@4bed82af
----------------- Done invoking toplevel() on ptolemy.moml.MoMLSimpleApplication@4bed82af
reloadAllAccessors: .MalformedGuardExpressionNotCaught
----------------- testing Fri May 11 17:16:21 UTC 2018 /home/travis/build/icyphy/ptII/ptolemy/domains/modal/test/auto/ModalBSC.xml
----------------- Instantiating /home/travis/build/icyphy/ptII/ptolemy/domains/modal/test/auto/ModalBSC.xml
46 ms. Memory: 577024K Free: 135849K (24%)
----------------- Invoking toplevel() on ptolemy.moml.MoMLSimpleApplication@4c2744cc
----------------- Done invoking toplevel() on ptolemy.moml.MoMLSimpleApplication@4c2744cc
reloadAllAccessors: .ModalBSC
----------------- testing Fri May 11 17:16:21 UTC 2018 /home/travis/build/icyphy/ptII/ptolemy/domains/modal/test/auto/ModalClocks.xml
----------------- Instantiating /home/travis/build/icyphy/ptII/ptolemy/domains/modal/test/auto/ModalClocks.xml
53 ms. Memory: 577024K Free: 107653K (19%)
----------------- Invoking toplevel() on ptolemy.moml.MoMLSimpleApplication@5014e7a9
----------------- Done invoking toplevel() on ptolemy.moml.MoMLSimpleApplication@5014e7a9
reloadAllAccessors: .ModalClocks
----------------- testing Fri May 11 17:16:22 UTC 2018 /home/travis/build/icyphy/ptII/ptolemy/domains/modal/test/auto/ModalDelay.xml
----------------- Instantiating /home/travis/build/icyphy/ptII/ptolemy/domains/modal/test/auto/ModalDelay.xml
21 ms. Memory: 577024K Free: 88153K (15%)
----------------- Invoking toplevel() on ptolemy.moml.MoMLSimpleApplication@54270e86
----------------- Done invoking toplevel() on ptolemy.moml.MoMLSimpleApplication@54270e86
reloadAllAccessors: .ModalDelay
----------------- testing Fri May 11 17:16:22 UTC 2018 /home/travis/build/icyphy/ptII/ptolemy/domains/modal/test/auto/ModalDelay2.xml
----------------- Instantiating /home/travis/build/icyphy/ptII/ptolemy/domains/modal/test/auto/ModalDelay2.xml
11 ms. Memory: 869376K Free: 849808K (98%)
----------------- Invoking toplevel() on ptolemy.moml.MoMLSimpleApplication@1be2523a
----------------- Done invoking toplevel() on ptolemy.moml.MoMLSimpleApplication@1be2523a
reloadAllAccessors: .ModalDelay2
----------------- testing Fri May 11 17:16:22 UTC 2018 /home/travis/build/icyphy/ptII/ptolemy/domains/modal/test/auto/ModalModelFromMemo.xml
----------------- Instantiating /home/travis/build/icyphy/ptII/ptolemy/domains/modal/test/auto/ModalModelFromMemo.xml
20 ms. Memory: 869376K Free: 816051K (94%)
----------------- Invoking toplevel() on ptolemy.moml.MoMLSimpleApplication@3319959c
----------------- Done invoking toplevel() on ptolemy.moml.MoMLSimpleApplication@3319959c
reloadAllAccessors: .ModalModelFromMemo
----------------- testing Fri May 11 17:16:22 UTC 2018 /home/travis/build/icyphy/ptII/ptolemy/domains/modal/test/auto/ModalModelWithMultirateTransient.xml
----------------- Instantiating /home/travis/build/icyphy/ptII/ptolemy/domains/modal/test/auto/ModalModelWithMultirateTransient.xml
15 ms. Memory: 869376K Free: 795238K (91%)
----------------- Invoking toplevel() on ptolemy.moml.MoMLSimpleApplication@6d0b42a0
----------------- Done invoking toplevel() on ptolemy.moml.MoMLSimpleApplication@6d0b42a0
reloadAllAccessors: .ModalModelWithMultirateTransient
----------------- testing Fri May 11 17:16:22 UTC 2018 /home/travis/build/icyphy/ptII/ptolemy/domains/modal/test/auto/ModalModelWithReset.xml
----------------- Instantiating /home/travis/build/icyphy/ptII/ptolemy/domains/modal/test/auto/ModalModelWithReset.xml
20 ms. Memory: 869376K Free: 779653K (90%)
----------------- Invoking toplevel() on ptolemy.moml.MoMLSimpleApplication@54e64ffd
----------------- Done invoking toplevel() on ptolemy.moml.MoMLSimpleApplication@54e64ffd
reloadAllAccessors: .ModalModelWithReset
----------------- testing Fri May 11 17:16:22 UTC 2018 /home/travis/build/icyphy/ptII/ptolemy/domains/modal/test/auto/MouseClickFSM.xml
----------------- Instantiating /home/travis/build/icyphy/ptII/ptolemy/domains/modal/test/auto/MouseClickFSM.xml
16 ms. Memory: 869376K Free: 751107K (86%)
----------------- Invoking toplevel() on ptolemy.moml.MoMLSimpleApplication@711bb948
----------------- Done invoking toplevel() on ptolemy.moml.MoMLSimpleApplication@711bb948
reloadAllAccessors: .MouseClickFSM
----------------- testing Fri May 11 17:16:22 UTC 2018 /home/travis/build/icyphy/ptII/ptolemy/domains/modal/test/auto/MouseClickFSMModal.xml
----------------- Instantiating /home/travis/build/icyphy/ptII/ptolemy/domains/modal/test/auto/MouseClickFSMModal.xml
16 ms. Memory: 869376K Free: 735506K (85%)
----------------- Invoking toplevel() on ptolemy.moml.MoMLSimpleApplication@67a87882
----------------- Done invoking toplevel() on ptolemy.moml.MoMLSimpleApplication@67a87882
reloadAllAccessors: .MouseClickFSMModal
----------------- testing Fri May 11 17:16:22 UTC 2018 /home/travis/build/icyphy/ptII/ptolemy/domains/modal/test/auto/NonStrictFSM_FeedbackLoop.xml
----------------- Instantiating /home/travis/build/icyphy/ptII/ptolemy/domains/modal/test/auto/NonStrictFSM_FeedbackLoop.xml
29 ms. Memory: 869376K Free: 704335K (81%)
----------------- Invoking toplevel() on ptolemy.moml.MoMLSimpleApplication@72ee6328
----------------- Done invoking toplevel() on ptolemy.moml.MoMLSimpleApplication@72ee6328
reloadAllAccessors: .NonStrictFSM_FeedbackLoop
----------------- testing Fri May 11 17:16:22 UTC 2018 /home/travis/build/icyphy/ptII/ptolemy/domains/modal/test/auto/NonStrictFSM_FeedbackLoop_Refinement.xml
----------------- Instantiating /home/travis/build/icyphy/ptII/ptolemy/domains/modal/test/auto/NonStrictFSM_FeedbackLoop_Refinement.xml
43 ms. Memory: 869376K Free: 665399K (77%)
----------------- Invoking toplevel() on ptolemy.moml.MoMLSimpleApplication@7cb5dc46
----------------- Done invoking toplevel() on ptolemy.moml.MoMLSimpleApplication@7cb5dc46
reloadAllAccessors: .NonStrictFSM_FeedbackLoop_Refinement
----------------- testing Fri May 11 17:16:22 UTC 2018 /home/travis/build/icyphy/ptII/ptolemy/domains/modal/test/auto/NonStrictFSM_FeedbackLoop_preemptive.xml
----------------- Instantiating /home/travis/build/icyphy/ptII/ptolemy/domains/modal/test/auto/NonStrictFSM_FeedbackLoop_preemptive.xml
14 ms. Memory: 869376K Free: 629017K (72%)
----------------- Invoking toplevel() on ptolemy.moml.MoMLSimpleApplication@43146b9f
----------------- Done invoking toplevel() on ptolemy.moml.MoMLSimpleApplication@43146b9f
reloadAllAccessors: .NonStrictFSM_FeedbackLoop_preemptive
----------------- testing Fri May 11 17:16:22 UTC 2018 /home/travis/build/icyphy/ptII/ptolemy/domains/modal/test/auto/NormalTermination.xml
----------------- Instantiating /home/travis/build/icyphy/ptII/ptolemy/domains/modal/test/auto/NormalTermination.xml
8 ms. Memory: 869376K Free: 603026K (69%)
----------------- Invoking toplevel() on ptolemy.moml.MoMLSimpleApplication@59ba7802
----------------- Done invoking toplevel() on ptolemy.moml.MoMLSimpleApplication@59ba7802
reloadAllAccessors: .NormalTermination
----------------- testing Fri May 11 17:16:22 UTC 2018 /home/travis/build/icyphy/ptII/ptolemy/domains/modal/test/auto/Pong.xml
----------------- Instantiating /home/travis/build/icyphy/ptII/ptolemy/domains/modal/test/auto/Pong.xml
54 ms. Memory: 869376K Free: 574448K (66%)
----------------- Invoking toplevel() on ptolemy.moml.MoMLSimpleApplication@7fc6cc82
----------------- Done invoking toplevel() on ptolemy.moml.MoMLSimpleApplication@7fc6cc82
reloadAllAccessors: .Pong
[...]
2 ms. Memory: 869376K Free: 171667K (20%)
----------------- Invoking toplevel() on ptolemy.moml.MoMLSimpleApplication@f403858
----------------- Done invoking toplevel() on ptolemy.moml.MoMLSimpleApplication@f403858
reloadAllAccessors: .StrongImmediateTransition
----------------- testing Fri May 11 17:16:23 UTC 2018 /home/travis/build/icyphy/ptII/ptolemy/domains/modal/test/auto/SustainHierarchy.xml
----------------- Instantiating /home/travis/build/icyphy/ptII/ptolemy/domains/modal/test/auto/SustainHierarchy.xml
4 ms. Memory: 869376K Free: 148324K (17%)
----------------- Invoking toplevel() on ptolemy.moml.MoMLSimpleApplication@7c155c31
----------------- Done invoking toplevel() on ptolemy.moml.MoMLSimpleApplication@7c155c31
reloadAllAccessors: .SustainHierarchy
----------------- testing Fri May 11 17:16:23 UTC 2018 /home/travis/build/icyphy/ptII/ptolemy/domains/modal/test/auto/TerminationTransition1.xml
----------------- Instantiating /home/travis/build/icyphy/ptII/ptolemy/domains/modal/test/auto/TerminationTransition1.xml
2 ms. Memory: 869376K Free: 132723K (15%)
----------------- Invoking toplevel() on ptolemy.moml.MoMLSimpleApplication@3477e694
----------------- Done invoking toplevel() on ptolemy.moml.MoMLSimpleApplication@3477e694
reloadAllAccessors: .TerminationTransition1
----------------- testing Fri May 11 17:16:23 UTC 2018 /home/travis/build/icyphy/ptII/ptolemy/domains/modal/test/auto/TerminationTransition2.xml
----------------- Instantiating /home/travis/build/icyphy/ptII/ptolemy/domains/modal/test/auto/TerminationTransition2.xml
2 ms. Memory: 869376K Free: 117121K (13%)
----------------- Invoking toplevel() on ptolemy.moml.MoMLSimpleApplication@67fbb836
----------------- Done invoking toplevel() on ptolemy.moml.MoMLSimpleApplication@67fbb836
reloadAllAccessors: .TerminationTransition2
----------------- testing Fri May 11 17:16:23 UTC 2018 /home/travis/build/icyphy/ptII/ptolemy/domains/modal/test/auto/TerminationTransition3.xml
----------------- Instantiating /home/travis/build/icyphy/ptII/ptolemy/domains/modal/test/auto/TerminationTransition3.xml
2 ms. Memory: 869376K Free: 98982K (11%)
----------------- Invoking toplevel() on ptolemy.moml.MoMLSimpleApplication@63f5de86
----------------- Done invoking toplevel() on ptolemy.moml.MoMLSimpleApplication@63f5de86
reloadAllAccessors: .TerminationTransition3
----------------- testing Fri May 11 17:16:23 UTC 2018 /home/travis/build/icyphy/ptII/ptolemy/domains/modal/test/auto/TerminationTransition4.xml
----------------- Instantiating /home/travis/build/icyphy/ptII/ptolemy/domains/modal/test/auto/TerminationTransition4.xml
3 ms. Memory: 869376K Free: 78646K (9%)
----------------- Invoking toplevel() on ptolemy.moml.MoMLSimpleApplication@22b42a97
----------------- Done invoking toplevel() on ptolemy.moml.MoMLSimpleApplication@22b42a97
reloadAllAccessors: .TerminationTransition4
----------------- testing Fri May 11 17:16:23 UTC 2018 /home/travis/build/icyphy/ptII/ptolemy/domains/modal/test/auto/TerminationTransition5.xml
----------------- Instantiating /home/travis/build/icyphy/ptII/ptolemy/domains/modal/test/auto/TerminationTransition5.xml
2 ms. Memory: 869376K Free: 836896K (96%)
----------------- Invoking toplevel() on ptolemy.moml.MoMLSimpleApplication@5a138a0b
----------------- Done invoking toplevel() on ptolemy.moml.MoMLSimpleApplication@5a138a0b
reloadAllAccessors: .TerminationTransition5
----------------- testing Fri May 11 17:16:24 UTC 2018 /home/travis/build/icyphy/ptII/ptolemy/domains/modal/test/auto/TerminationTransition6.xml
----------------- Instantiating /home/travis/build/icyphy/ptII/ptolemy/domains/modal/test/auto/TerminationTransition6.xml
2 ms. Memory: 869376K Free: 819441K (94%)
----------------- Invoking toplevel() on ptolemy.moml.MoMLSimpleApplication@5c55588b
----------------- Done invoking toplevel() on ptolemy.moml.MoMLSimpleApplication@5c55588b
reloadAllAccessors: .TerminationTransition6
----------------- testing Fri May 11 17:16:24 UTC 2018 /home/travis/build/icyphy/ptII/ptolemy/domains/modal/test/auto/TerminationTransition7.xml
----------------- Instantiating /home/travis/build/icyphy/ptII/ptolemy/domains/modal/test/auto/TerminationTransition7.xml
4 ms. Memory: 869376K Free: 803734K (92%)
----------------- Invoking toplevel() on ptolemy.moml.MoMLSimpleApplication@51b2880c
----------------- Done invoking toplevel() on ptolemy.moml.MoMLSimpleApplication@51b2880c
reloadAllAccessors: .TerminationTransition7
----------------- testing Fri May 11 17:16:24 UTC 2018 /home/travis/build/icyphy/ptII/ptolemy/domains/modal/test/auto/TerminationTransition8.xml
----------------- Instantiating /home/travis/build/icyphy/ptII/ptolemy/domains/modal/test/auto/TerminationTransition8.xml
2 ms. Memory: 869376K Free: 786279K (90%)
----------------- Invoking toplevel() on ptolemy.moml.MoMLSimpleApplication@70f2ea0c
----------------- Done invoking toplevel() on ptolemy.moml.MoMLSimpleApplication@70f2ea0c
reloadAllAccessors: .TerminationTransition8
----------------- testing Fri May 11 17:16:24 UTC 2018 /home/travis/build/icyphy/ptII/ptolemy/domains/modal/test/auto/Thermostat_NoHysteresis.xml
----------------- Instantiating /home/travis/build/icyphy/ptII/ptolemy/domains/modal/test/auto/Thermostat_NoHysteresis.xml
28 ms. Memory: 869376K Free: 755084K (87%)
----------------- Invoking toplevel() on ptolemy.moml.MoMLSimpleApplication@2b682b92
----------------- Done invoking toplevel() on ptolemy.moml.MoMLSimpleApplication@2b682b92
reloadAllAccessors: .Thermostat_NoHysteresis
----------------- testing Fri May 11 17:16:24 UTC 2018 /home/travis/build/icyphy/ptII/ptolemy/domains/modal/test/auto/TimedFSM.xml
----------------- Instantiating /home/travis/build/icyphy/ptII/ptolemy/domains/modal/test/auto/TimedFSM.xml
9 ms. Memory: 869376K Free: 737628K (85%)
----------------- Invoking toplevel() on ptolemy.moml.MoMLSimpleApplication@268bf98b
----------------- Done invoking toplevel() on ptolemy.moml.MoMLSimpleApplication@268bf98b
reloadAllAccessors: .TimedFSM
----------------- testing Fri May 11 17:16:24 UTC 2018 /home/travis/build/icyphy/ptII/ptolemy/domains/modal/test/auto/Timeout1.xml
----------------- Instantiating /home/travis/build/icyphy/ptII/ptolemy/domains/modal/test/auto/Timeout1.xml
3 ms. Memory: 869376K Free: 727238K (84%)
----------------- Invoking toplevel() on ptolemy.moml.MoMLSimpleApplication@767640fa
----------------- Done invoking toplevel() on ptolemy.moml.MoMLSimpleApplication@767640fa
reloadAllAccessors: .Timeout1
----------------- testing Fri May 11 17:16:24 UTC 2018 /home/travis/build/icyphy/ptII/ptolemy/domains/modal/test/auto/Timeout2.xml
----------------- Instantiating /home/travis/build/icyphy/ptII/ptolemy/domains/modal/test/auto/Timeout2.xml
6 ms. Memory: 869376K Free: 709791K (82%)
----------------- Invoking toplevel() on ptolemy.moml.MoMLSimpleApplication@1cf59bc0
----------------- Done invoking toplevel() on ptolemy.moml.MoMLSimpleApplication@1cf59bc0
reloadAllAccessors: .Timeout2
----------------- testing Fri May 11 17:16:24 UTC 2018 /home/travis/build/icyphy/ptII/ptolemy/domains/modal/test/auto/Timeout3.xml
----------------- Instantiating /home/travis/build/icyphy/ptII/ptolemy/domains/modal/test/auto/Timeout3.xml
2 ms. Memory: 869376K Free: 699401K (80%)
----------------- Invoking toplevel() on ptolemy.moml.MoMLSimpleApplication@9d6a64d
----------------- Done invoking toplevel() on ptolemy.moml.MoMLSimpleApplication@9d6a64d
reloadAllAccessors: .Timeout3
----------------- testing Fri May 11 17:16:24 UTC 2018 /home/travis/build/icyphy/ptII/ptolemy/domains/modal/test/auto/Timeout4.xml
----------------- Instantiating /home/travis/build/icyphy/ptII/ptolemy/domains/modal/test/auto/Timeout4.xml
2 ms. Memory: 869376K Free: 687157K (79%)
----------------- Invoking toplevel() on ptolemy.moml.MoMLSimpleApplication@508506b3
----------------- Done invoking toplevel() on ptolemy.moml.MoMLSimpleApplication@508506b3
reloadAllAccessors: .Timeout4
----------------- testing Fri May 11 17:16:24 UTC 2018 /home/travis/build/icyphy/ptII/ptolemy/domains/modal/test/auto/TransientstateModelAdvanced.xml
----------------- Instantiating /home/travis/build/icyphy/ptII/ptolemy/domains/modal/test/auto/TransientstateModelAdvanced.xml
3 ms. Memory: 869376K Free: 666360K (77%)
----------------- Invoking toplevel() on ptolemy.moml.MoMLSimpleApplication@dbb4499
----------------- Done invoking toplevel() on ptolemy.moml.MoMLSimpleApplication@dbb4499
reloadAllAccessors: .TransientstateModelAdvanced
----------------- testing Fri May 11 17:16:24 UTC 2018 /home/travis/build/icyphy/ptII/ptolemy/domains/modal/test/auto/TransientstateModelAdvanced2.xml
----------------- Instantiating /home/travis/build/icyphy/ptII/ptolemy/domains/modal/test/auto/TransientstateModelAdvanced2.xml
3 ms. Memory: 869376K Free: 643726K (74%)
----------------- Invoking toplevel() on ptolemy.moml.MoMLSimpleApplication@71affdc1
----------------- Done invoking toplevel() on ptolemy.moml.MoMLSimpleApplication@71affdc1
reloadAllAccessors: .transientstatemodelAdvanced
----------------- testing Fri May 11 17:16:24 UTC 2018 /home/travis/build/icyphy/ptII/ptolemy/domains/modal/test/auto/TransitionRefinements.xml
----------------- Instantiating /home/travis/build/icyphy/ptII/ptolemy/domains/modal/test/auto/TransitionRefinements.xml
7 ms. Memory: 869376K Free: 628133K (72%)
----------------- Invoking toplevel() on ptolemy.moml.MoMLSimpleApplication@4358a976
----------------- Done invoking toplevel() on ptolemy.moml.MoMLSimpleApplication@4358a976
reloadAllAccessors: .TransitionRefinements
----------------- testing Fri May 11 17:16:24 UTC 2018 /home/travis/build/icyphy/ptII/ptolemy/domains/modal/test/auto/TwoRefinements1.xml
----------------- Instantiating /home/travis/build/icyphy/ptII/ptolemy/domains/modal/test/auto/TwoRefinements1.xml
5 ms. Memory: 869376K Free: 610678K (70%)
----------------- Invoking toplevel() on ptolemy.moml.MoMLSimpleApplication@6319bbf4
----------------- Done invoking toplevel() on ptolemy.moml.MoMLSimpleApplication@6319bbf4
reloadAllAccessors: .TwoRefinements1
----------------- testing Fri May 11 17:16:24 UTC 2018 /home/travis/build/icyphy/ptII/ptolemy/domains/modal/test/auto/TwoRefinements2.xml
----------------- Instantiating /home/travis/build/icyphy/ptII/ptolemy/domains/modal/test/auto/TwoRefinements2.xml
2 ms. Memory: 869376K Free: 595084K (68%)
----------------- Invoking toplevel() on ptolemy.moml.MoMLSimpleApplication@70946690
----------------- Done invoking toplevel() on ptolemy.moml.MoMLSimpleApplication@70946690
reloadAllAccessors: .TwoRefinements2
----------------- testing Fri May 11 17:16:24 UTC 2018 /home/travis/build/icyphy/ptII/ptolemy/domains/modal/test/auto/WeakImmediateTransition.xml
----------------- Instantiating /home/travis/build/icyphy/ptII/ptolemy/domains/modal/test/auto/WeakImmediateTransition.xml
2 ms. Memory: 869376K Free: 577629K (66%)
----------------- Invoking toplevel() on ptolemy.moml.MoMLSimpleApplication@517b57e4
----------------- Done invoking toplevel() on ptolemy.moml.MoMLSimpleApplication@517b57e4
reloadAllAccessors: .WeakImmediateTransition
----------------- testing Fri May 11 17:16:24 UTC 2018 /home/travis/build/icyphy/ptII/ptolemy/domains/modal/test/auto/booleanSelect.xml
----------------- Instantiating /home/travis/build/icyphy/ptII/ptolemy/domains/modal/test/auto/booleanSelect.xml
32 ms. Memory: 869376K Free: 551614K (63%)
----------------- Invoking toplevel() on ptolemy.moml.MoMLSimpleApplication@6fc89af0
----------------- Done invoking toplevel() on ptolemy.moml.MoMLSimpleApplication@6fc89af0
reloadAllAccessors: .booleanSelect
----------------- testing Fri May 11 17:16:24 UTC 2018 /home/travis/build/icyphy/ptII/ptolemy/domains/modal/test/auto/modalChangingParams.xml
----------------- Instantiating /home/travis/build/icyphy/ptII/ptolemy/domains/modal/test/auto/modalChangingParams.xml
0
1
0
2
4
6
8
7
0
2
4
6
8
13
0
2
4
6
8
19
0
2
4
6
8
25
0
2
4
6
8
31
0
2
4
6
8
37
0
2
4
6
8
43
0
2
4
6
8
49
0
2
4
6
8
55
0
2
4
6
8
61
0
2
4
6
8
67
0
2
4
6
8
73
0
2
4
6
8
79
0
2
4
6
8
85
0
2
4
6
8
91
0
2
4
6
8
97
0
2
4
6
8
103
0
2
4
6
8
109
0
2
4
6
8
115
0
2
4
6
8
121
0
2
4
6
8
127
0
2
4
6
8
133
0
2
4
6
8
139
0
2
4
6
8
145
0
2
4
6
8
151
0
2
4
6
8
157
0
2
4
6
8
163
0
2
4
6
8
169
0
2
4
6
8
175
0
2
4
6
8
181
0
2
4
6
8
187
0
2
4
6
8
193
0
2
4
6
8
199
0
2
4
6
8
205
0
2
4
6
8
211
0
2
4
6
8
217
0
2
4
6
8
223
0
2
4
6
8
229
0
2
4
6
8
235
0
2
4
6
8
241
0
2
4
6
8
247
0
2
4
6
8
253
0
2
4
6
8
259
0
2
4
6
8
265
0
2
4
6
8
271
0
2
4
6
8
277
0
2
4
6
8
283
0
2
4
6
8
289
0
2
4
6
8
295
0
2
4
6
8
301
0
2
4
6
8
307
0
2
4
6
8
313
0
2
4
6
8
319
0
2
4
6
8
325
0
2
4
6
8
331
0
2
4
6
8
337
0
2
4
6
8
343
0
2
4
6
8
349
0
2
4
6
8
355
0
2
4
6
8
361
0
2
4
6
8
367
0
2
4
6
8
373
0
2
4
6
8
379
0
2
4
6
8
385
0
2
4
6
8
391
0
2
4
6
8
397
0
2
4
6
8
403
0
2
4
6
8
409
0
2
4
6
8
415
0
2
4
6
8
421
0
2
4
6
8
427
0
2
4
6
8
433
0
2
4
6
8
439
0
2
4
6
8
445
0
2
4
6
8
451
0
2
4
6
8
457
0
2
4
6
8
463
0
2
4
6
8
469
0
2
4
6
8
475
0
2
4
6
8
481
0
2
4
6
8
487
0
2
4
6
8
493
0
2
4
6
8
499
0
2
4
6
8
505
0
2
4
6
8
511
0
2
4
6
8
517
0
2
4
6
8
523
0
2
4
6
8
529
0
2
4
6
8
535
0
2
4
6
8
541
0
2
4
6
8
547
0
2
4
6
8
553
0
2
4
6
8
559
0
2
4
6
8
565
0
2
4
6
8
571
0
2
4
6
8
577
0
2
4
6
8
583
0
2
4
6
8
589
0
2
4
6
8
595
0
2
4
6
8
601
0
2
4
6
8
607
0
2
4
6
8
613
0
2
4
6
8
619
0
2
4
6
8
625
0
2
4
6
8
631
0
2
4
6
8
637
0
2
4
6
8
643
0
2
4
6
8
649
0
2
4
6
8
655
0
2
4
6
8
661
0
2
4
6
8
667
0
2
4
6
8
673
0
2
4
6
8
679
0
2
4
6
8
685
0
2
4
6
8
691
0
2
4
6
8
697
0
2
4
6
8
703
0
2
4
6
8
709
0
2
4
6
8
715
0
2
4
6
8
721
0
2
4
6
8
727
0
2
4
6
8
733
0
2
4
6
8
739
0
2
4
6
8
745
0
2
4
6
8
751
0
2
4
6
8
757
0
2
4
6
8
763
0
2
4
6
8
769
0
2
4
6
8
775
0
2
4
6
8
781
0
2
4
6
8
787
0
2
4
6
8
793
0
2
4
6
8
799
0
2
4
6
8
805
0
2
4
6
8
811
0
2
4
6
8
817
0
2
4
6
8
823
0
2
4
6
8
829
0
2
4
6
8
835
0
2
4
6
8
841
0
2
4
6
8
847
0
2
4
6
8
853
0
2
4
6
8
859
0
2
4
6
8
865
0
2
4
6
8
871
0
2
4
6
8
877
0
2
4
6
8
883
0
2
4
6
8
889
0
2
4
6
8
895
0
2
4
6
8
901
0
2
4
6
8
907
0
2
4
6
8
913
0
2
4
6
8
919
0
2
4
6
8
925
0
2
4
6
8
931
0
2
4
6
8
937
0
2
4
6
8
943
0
2
4
6
8
949
0
2
4
6
8
955
0
2
4
6
8
961
0
2
4
6
8
967
0
2
4
6
8
973
0
2
4
6
8
979
0
2
4
6
8
985
0
2
4
6
8
991
0
2
4
6
8
997
0
2
283 ms. Memory: 869376K Free: 430208K (49%)
----------------- Invoking toplevel() on ptolemy.moml.MoMLSimpleApplication@2273ea85
----------------- Done invoking toplevel() on ptolemy.moml.MoMLSimpleApplication@2273ea85
reloadAllAccessors: .modalChangingParams
----------------- testing Fri May 11 17:16:24 UTC 2018 /home/travis/build/icyphy/ptII/ptolemy/domains/modal/test/auto/modalModel.xml
----------------- Instantiating /home/travis/build/icyphy/ptII/ptolemy/domains/modal/test/auto/modalModel.xml
12 ms. Memory: 869376K Free: 414622K (48%)
----------------- Invoking toplevel() on ptolemy.moml.MoMLSimpleApplication@523c48f5
----------------- Done invoking toplevel() on ptolemy.moml.MoMLSimpleApplication@523c48f5
reloadAllAccessors: .modalModel
----------------- testing Fri May 11 17:16:24 UTC 2018 /home/travis/build/icyphy/ptII/ptolemy/domains/modal/test/auto/modalModel2.xml
----------------- Instantiating /home/travis/build/icyphy/ptII/ptolemy/domains/modal/test/auto/modalModel2.xml
6 ms. Memory: 869376K Free: 399037K (46%)
----------------- Invoking toplevel() on ptolemy.moml.MoMLSimpleApplication@298c6f93
----------------- Done invoking toplevel() on ptolemy.moml.MoMLSimpleApplication@298c6f93
reloadAllAccessors: .modalModel2
----------------- testing Fri May 11 17:16:24 UTC 2018 /home/travis/build/icyphy/ptII/ptolemy/domains/modal/test/auto/modalModel3.xml
----------------- Instantiating /home/travis/build/icyphy/ptII/ptolemy/domains/modal/test/auto/modalModel3.xml
0	0	0
1	0	1
4	2	2
7	4	3
10	6	4
5	0	5
8	2	6
11	4	7
14	6	8
9	0	9
12	2	10
15	4	11
18	6	12
13	0	13
16	2	14
12 ms. Memory: 869376K Free: 376371K (43%)
----------------- Invoking toplevel() on ptolemy.moml.MoMLSimpleApplication@2a373768
----------------- Done invoking toplevel() on ptolemy.moml.MoMLSimpleApplication@2a373768
reloadAllAccessors: .modalModel3
----------------- testing Fri May 11 17:16:25 UTC 2018 /home/travis/build/icyphy/ptII/ptolemy/domains/modal/test/auto/model1.xml
----------------- Instantiating /home/travis/build/icyphy/ptII/ptolemy/domains/modal/test/auto/model1.xml
12 ms. Memory: 869376K Free: 365980K (42%)
----------------- Invoking toplevel() on ptolemy.moml.MoMLSimpleApplication@bed15cf
----------------- Done invoking toplevel() on ptolemy.moml.MoMLSimpleApplication@bed15cf
reloadAllAccessors: .model1
----------------- testing Fri May 11 17:16:25 UTC 2018 /home/travis/build/icyphy/ptII/ptolemy/domains/modal/test/auto/test-direct-in-out.xml
----------------- Instantiating /home/travis/build/icyphy/ptII/ptolemy/domains/modal/test/auto/test-direct-in-out.xml
4 ms. Memory: 869376K Free: 348525K (40%)
----------------- Invoking toplevel() on ptolemy.moml.MoMLSimpleApplication@502ff15c
----------------- Done invoking toplevel() on ptolemy.moml.MoMLSimpleApplication@502ff15c
reloadAllAccessors: .test-direct-in-out
AutoTests.java: About to close Vertx.
AutoTests.java: Vertx closed.
]]></system-out>
  <system-err><![CDATA[java.lang.RuntimeException: Execution failed
	at ptolemy.moml.MoMLSimpleApplication$UnloadThread.run(MoMLSimpleApplication.java:402)
Caused by: ptolemy.kernel.util.IllegalActionException: Unknown inputs remain. Possible causality loop:
L_model_1893289564i

  in .CannotAnalysisWithPreemption.model_1893289564_region_1 and .CannotAnalysisWithPreemption.model_1893289564_region_1.L_model_1893289564i
	at ptolemy.actor.sched.FixedPointDirector.postfire(FixedPointDirector.java:515)
	at ptolemy.domains.sr.kernel.SRDirector.postfire(SRDirector.java:417)
	at ptolemy.actor.CompositeActor.postfire(CompositeActor.java:1668)
	at ptolemy.actor.Manager.iterate(Manager.java:852)
	at ptolemy.actor.Manager.execute(Manager.java:369)
	at ptolemy.actor.Manager.run(Manager.java:1263)
	at ptolemy.actor.Manager$PtolemyRunThread.run(Manager.java:1915)
java.lang.reflect.InvocationTargetException
	at sun.reflect.NativeConstructorAccessorImpl.newInstance0(Native Method)
	at sun.reflect.NativeConstructorAccessorImpl.newInstance(NativeConstructorAccessorImpl.java:62)
	at sun.reflect.DelegatingConstructorAccessorImpl.newInstance(DelegatingConstructorAccessorImpl.java:45)
	at java.lang.reflect.Constructor.newInstance(Constructor.java:423)
	at ptolemy.util.test.junit.AutoKnownFailedTests.RunModel(AutoKnownFailedTests.java:107)
	at sun.reflect.NativeMethodAccessorImpl.invoke0(Native Method)
	at sun.reflect.NativeMethodAccessorImpl.invoke(NativeMethodAccessorImpl.java:62)
	at sun.reflect.DelegatingMethodAccessorImpl.invoke(DelegatingMethodAccessorImpl.java:43)
	at java.lang.reflect.Method.invoke(Method.java:498)
	at org.junit.runners.model.FrameworkMethod$1.runReflectiveCall(FrameworkMethod.java:44)
	at org.junit.internal.runners.model.ReflectiveCallable.run(ReflectiveCallable.java:15)
	at org.junit.runners.model.FrameworkMethod.invokeExplosively(FrameworkMethod.java:41)
	at junitparams.internal.InvokeParameterisedMethod.evaluate(InvokeParameterisedMethod.java:102)
	at org.junit.internal.runners.statements.FailOnTimeout$1.run(FailOnTimeout.java:28)
Caused by: ptolemy.kernel.util.IllegalActionException: Unknown inputs remain. Possible causality loop:
L_model_1893289564i

  in .CannotAnalysisWithPreemption.model_1893289564_region_1 and .CannotAnalysisWithPreemption.model_1893289564_region_1.L_model_1893289564i
	at ptolemy.actor.sched.FixedPointDirector.postfire(FixedPointDirector.java:515)
	at ptolemy.domains.sr.kernel.SRDirector.postfire(SRDirector.java:417)
	at ptolemy.actor.CompositeActor.postfire(CompositeActor.java:1668)
	at ptolemy.actor.Manager.iterate(Manager.java:852)
	at ptolemy.actor.Manager.execute(Manager.java:369)
	at ptolemy.actor.Manager.run(Manager.java:1263)
	at ptolemy.actor.Manager$PtolemyRunThread.run(Manager.java:1915)
]]></system-err>
</testsuite>
