<?xml version="1.0" encoding="UTF-8" ?>
<testsuite errors="0" failures="0" hostname="travis-job-b9b12764-7ad0-4309-9ff4-7e2d5a2f94bf" name="ptolemy.domains.de.test.junit.JUnitTclTest" skipped="0" tests="101" time="121.247" timestamp="2018-06-01T21:04:12">
  <properties>
[...]
</properties>
  <testcase classname="ptolemy.util.test.junit.TclTests" name="[0] /home/travis/build/icyphy/ptII/ptolemy/domains/de/test/DependencyLoop.tcl (RunTclFile)" time="0.692" />
  <testcase classname="ptolemy.util.test.junit.TclTests" name="[1] /home/travis/build/icyphy/ptII/ptolemy/domains/de/test/RunDETestsAsQSS.tcl (RunTclFile)" time="83.585" />
  <testcase classname="ptolemy.util.test.junit.AutoKnownFailedTests" name="[0] /home/travis/build/icyphy/ptII/ptolemy/domains/de/test/auto/knownFailedTests/DESDFClockTest.xml (RunModel)" time="2.033" />
  <testcase classname="ptolemy.util.test.junit.AutoKnownFailedTests" name="[1] /home/travis/build/icyphy/ptII/ptolemy/domains/de/test/auto/knownFailedTests/DirectFeedback.xml (RunModel)" time="0.01" />
  <testcase classname="ptolemy.util.test.junit.AutoKnownFailedTests" name="[2] /home/travis/build/icyphy/ptII/ptolemy/domains/de/test/auto/knownFailedTests/FSMSource.xml (RunModel)" time="0.012" />
  <testcase classname="ptolemy.util.test.junit.AutoKnownFailedTests" name="[3] /home/travis/build/icyphy/ptII/ptolemy/domains/de/test/auto/knownFailedTests/HierarchicalModel.xml (RunModel)" time="0.021" />
  <testcase classname="ptolemy.util.test.junit.AutoKnownFailedTests" name="[4] /home/travis/build/icyphy/ptII/ptolemy/domains/de/test/auto/knownFailedTests/dependencyLoop.xml (RunModel)" time="0.025" />
  <testcase classname="ptolemy.util.test.junit.AutoKnownFailedTests" name="[5] /home/travis/build/icyphy/ptII/ptolemy/domains/de/test/auto/knownFailedTests/dependencyLoop2.xml (RunModel)" time="0.025" />
  <testcase classname="ptolemy.util.test.junit.AutoNameArchTests" name="[0] ThereAreNoAutoArchTests (RunModel)" time="0.0" />
  <testcase classname="ptolemy.util.test.junit.AutoTests" name="[0] /home/travis/build/icyphy/ptII/ptolemy/domains/de/test/auto/ActorDepthCalculation_actorWithoutPorts.xml (RunModel)" time="0.008" />
  <testcase classname="ptolemy.util.test.junit.AutoTests" name="[1] /home/travis/build/icyphy/ptII/ptolemy/domains/de/test/auto/AssemblyLine.xml (RunModel)" time="0.009" />
  <testcase classname="ptolemy.util.test.junit.AutoTests" name="[2] /home/travis/build/icyphy/ptII/ptolemy/domains/de/test/auto/CQBug1.xml (RunModel)" time="0.004" />
  <testcase classname="ptolemy.util.test.junit.AutoTests" name="[3] /home/travis/build/icyphy/ptII/ptolemy/domains/de/test/auto/CancelFireAt.xml (RunModel)" time="0.01" />
  <testcase classname="ptolemy.util.test.junit.AutoTests" name="[4] /home/travis/build/icyphy/ptII/ptolemy/domains/de/test/auto/CausalityAndComposabilityAnalysis.xml (RunModel)" time="0.006" />
  <testcase classname="ptolemy.util.test.junit.AutoTests" name="[5] /home/travis/build/icyphy/ptII/ptolemy/domains/de/test/auto/CausalityInterface1.xml (RunModel)" time="0.008" />
  <testcase classname="ptolemy.util.test.junit.AutoTests" name="[6] /home/travis/build/icyphy/ptII/ptolemy/domains/de/test/auto/CausalityInterface15.xml (RunModel)" time="0.011" />
  <testcase classname="ptolemy.util.test.junit.AutoTests" name="[7] /home/travis/build/icyphy/ptII/ptolemy/domains/de/test/auto/CausalityInterface2.xml (RunModel)" time="0.007" />
  <testcase classname="ptolemy.util.test.junit.AutoTests" name="[8] /home/travis/build/icyphy/ptII/ptolemy/domains/de/test/auto/CausalityInterface3.xml (RunModel)" time="0.01" />
  <testcase classname="ptolemy.util.test.junit.AutoTests" name="[9] /home/travis/build/icyphy/ptII/ptolemy/domains/de/test/auto/ClockDrift.xml (RunModel)" time="0.033" />
  <testcase classname="ptolemy.util.test.junit.AutoTests" name="[10] /home/travis/build/icyphy/ptII/ptolemy/domains/de/test/auto/ClockDriftAndValueChange.xml (RunModel)" time="0.02" />
  <testcase classname="ptolemy.util.test.junit.AutoTests" name="[11] /home/travis/build/icyphy/ptII/ptolemy/domains/de/test/auto/ClockDriftChange.xml (RunModel)" time="0.016" />
  <testcase classname="ptolemy.util.test.junit.AutoTests" name="[12] /home/travis/build/icyphy/ptII/ptolemy/domains/de/test/auto/ComposableCausalityAnalysis.xml (RunModel)" time="0.011" />
  <testcase classname="ptolemy.util.test.junit.AutoTests" name="[13] /home/travis/build/icyphy/ptII/ptolemy/domains/de/test/auto/DEFixedPointLimitation.xml (RunModel)" time="0.005" />
  <testcase classname="ptolemy.util.test.junit.AutoTests" name="[14] /home/travis/build/icyphy/ptII/ptolemy/domains/de/test/auto/DEScheduleTest.xml (RunModel)" time="0.023" />
  <testcase classname="ptolemy.util.test.junit.AutoTests" name="[15] /home/travis/build/icyphy/ptII/ptolemy/domains/de/test/auto/DEinDEwithStartTimes.xml (RunModel)" time="0.013" />
  <testcase classname="ptolemy.util.test.junit.AutoTests" name="[16] /home/travis/build/icyphy/ptII/ptolemy/domains/de/test/auto/DEinDEwithStartTimes2.xml (RunModel)" time="0.01" />
  <testcase classname="ptolemy.util.test.junit.AutoTests" name="[17] /home/travis/build/icyphy/ptII/ptolemy/domains/de/test/auto/DateDemo.xml (RunModel)" time="0.026" />
  <testcase classname="ptolemy.util.test.junit.AutoTests" name="[18] /home/travis/build/icyphy/ptII/ptolemy/domains/de/test/auto/DateToEvent.xml (RunModel)" time="2.026" />
  <testcase classname="ptolemy.util.test.junit.AutoTests" name="[19] /home/travis/build/icyphy/ptII/ptolemy/domains/de/test/auto/DepthTest1.xml (RunModel)" time="0.008" />
  <testcase classname="ptolemy.util.test.junit.AutoTests" name="[20] /home/travis/build/icyphy/ptII/ptolemy/domains/de/test/auto/DepthTest2.xml (RunModel)" time="0.009" />
  <testcase classname="ptolemy.util.test.junit.AutoTests" name="[21] /home/travis/build/icyphy/ptII/ptolemy/domains/de/test/auto/DepthTest3.xml (RunModel)" time="0.004" />
  <testcase classname="ptolemy.util.test.junit.AutoTests" name="[22] /home/travis/build/icyphy/ptII/ptolemy/domains/de/test/auto/DepthTest4.xml (RunModel)" time="0.007" />
  <testcase classname="ptolemy.util.test.junit.AutoTests" name="[23] /home/travis/build/icyphy/ptII/ptolemy/domains/de/test/auto/DepthTest5.xml (RunModel)" time="0.007" />
  <testcase classname="ptolemy.util.test.junit.AutoTests" name="[24] /home/travis/build/icyphy/ptII/ptolemy/domains/de/test/auto/DepthTest6.xml (RunModel)" time="0.007" />
  <testcase classname="ptolemy.util.test.junit.AutoTests" name="[25] /home/travis/build/icyphy/ptII/ptolemy/domains/de/test/auto/DepthTest7.xml (RunModel)" time="0.007" />
  <testcase classname="ptolemy.util.test.junit.AutoTests" name="[26] /home/travis/build/icyphy/ptII/ptolemy/domains/de/test/auto/EventToDate.xml (RunModel)" time="3.028" />
  <testcase classname="ptolemy.util.test.junit.AutoTests" name="[27] /home/travis/build/icyphy/ptII/ptolemy/domains/de/test/auto/FSM1.xml (RunModel)" time="0.02" />
  <testcase classname="ptolemy.util.test.junit.AutoTests" name="[28] /home/travis/build/icyphy/ptII/ptolemy/domains/de/test/auto/FSM7.xml (RunModel)" time="0.016" />
  <testcase classname="ptolemy.util.test.junit.AutoTests" name="[29] /home/travis/build/icyphy/ptII/ptolemy/domains/de/test/auto/Inspection.xml (RunModel)" time="0.023" />
  <testcase classname="ptolemy.util.test.junit.AutoTests" name="[30] /home/travis/build/icyphy/ptII/ptolemy/domains/de/test/auto/Iteration.xml (RunModel)" time="0.011" />
  <testcase classname="ptolemy.util.test.junit.AutoTests" name="[31] /home/travis/build/icyphy/ptII/ptolemy/domains/de/test/auto/LineFault.xml (RunModel)" time="0.351" />
  <testcase classname="ptolemy.util.test.junit.AutoTests" name="[32] /home/travis/build/icyphy/ptII/ptolemy/domains/de/test/auto/MergeModel1Add.xml (RunModel)" time="0.023" />
  <testcase classname="ptolemy.util.test.junit.AutoTests" name="[33] /home/travis/build/icyphy/ptII/ptolemy/domains/de/test/auto/MergeModel2Add.xml (RunModel)" time="0.023" />
  <testcase classname="ptolemy.util.test.junit.AutoTests" name="[34] /home/travis/build/icyphy/ptII/ptolemy/domains/de/test/auto/MergeModel3Add.xml (RunModel)" time="0.021" />
  <testcase classname="ptolemy.util.test.junit.AutoTests" name="[35] /home/travis/build/icyphy/ptII/ptolemy/domains/de/test/auto/MergeWithoutDiscard.xml (RunModel)" time="0.005" />
  <testcase classname="ptolemy.util.test.junit.AutoTests" name="[36] /home/travis/build/icyphy/ptII/ptolemy/domains/de/test/auto/Modal1.xml (RunModel)" time="0.015" />
  <testcase classname="ptolemy.util.test.junit.AutoTests" name="[37] /home/travis/build/icyphy/ptII/ptolemy/domains/de/test/auto/Modal2.xml (RunModel)" time="0.014" />
  <testcase classname="ptolemy.util.test.junit.AutoTests" name="[38] /home/travis/build/icyphy/ptII/ptolemy/domains/de/test/auto/Modal3.xml (RunModel)" time="0.015" />
  <testcase classname="ptolemy.util.test.junit.AutoTests" name="[39] /home/travis/build/icyphy/ptII/ptolemy/domains/de/test/auto/Modal4.xml (RunModel)" time="0.016" />
  <testcase classname="ptolemy.util.test.junit.AutoTests" name="[40] /home/travis/build/icyphy/ptII/ptolemy/domains/de/test/auto/Modal5.xml (RunModel)" time="0.015" />
  <testcase classname="ptolemy.util.test.junit.AutoTests" name="[41] /home/travis/build/icyphy/ptII/ptolemy/domains/de/test/auto/Modal6.xml (RunModel)" time="0.015" />
  <testcase classname="ptolemy.util.test.junit.AutoTests" name="[42] /home/travis/build/icyphy/ptII/ptolemy/domains/de/test/auto/Modal7.xml (RunModel)" time="0.016" />
  <testcase classname="ptolemy.util.test.junit.AutoTests" name="[43] /home/travis/build/icyphy/ptII/ptolemy/domains/de/test/auto/ModalModel.xml (RunModel)" time="0.094" />
  <testcase classname="ptolemy.util.test.junit.AutoTests" name="[44] /home/travis/build/icyphy/ptII/ptolemy/domains/de/test/auto/ModalSource.xml (RunModel)" time="0.01" />
  <testcase classname="ptolemy.util.test.junit.AutoTests" name="[45] /home/travis/build/icyphy/ptII/ptolemy/domains/de/test/auto/NonInterruptibleTimerZeroDelay.xml (RunModel)" time="0.006" />
  <testcase classname="ptolemy.util.test.junit.AutoTests" name="[46] /home/travis/build/icyphy/ptII/ptolemy/domains/de/test/auto/OpenQueueingNetwork.xml (RunModel)" time="1.532" />
  <testcase classname="ptolemy.util.test.junit.AutoTests" name="[47] /home/travis/build/icyphy/ptII/ptolemy/domains/de/test/auto/OpenQueuingNetwork.xml (RunModel)" time="0.24" />
  <testcase classname="ptolemy.util.test.junit.AutoTests" name="[48] /home/travis/build/icyphy/ptII/ptolemy/domains/de/test/auto/PeriodicSampler.xml (RunModel)" time="0.013" />
  <testcase classname="ptolemy.util.test.junit.AutoTests" name="[49] /home/travis/build/icyphy/ptII/ptolemy/domains/de/test/auto/PersistentIO.xml (RunModel)" time="0.027" />
  <testcase classname="ptolemy.util.test.junit.AutoTests" name="[50] /home/travis/build/icyphy/ptII/ptolemy/domains/de/test/auto/PortParameterResetOnInitialize.xml (RunModel)" time="0.008" />
  <testcase classname="ptolemy.util.test.junit.AutoTests" name="[51] /home/travis/build/icyphy/ptII/ptolemy/domains/de/test/auto/PortParameterUpdates.xml (RunModel)" time="0.015" />
  <testcase classname="ptolemy.util.test.junit.AutoTests" name="[52] /home/travis/build/icyphy/ptII/ptolemy/domains/de/test/auto/QueueAndServer.xml (RunModel)" time="0.019" />
  <testcase classname="ptolemy.util.test.junit.AutoTests" name="[53] /home/travis/build/icyphy/ptII/ptolemy/domains/de/test/auto/Records.xml (RunModel)" time="0.013" />
  <testcase classname="ptolemy.util.test.junit.AutoTests" name="[54] /home/travis/build/icyphy/ptII/ptolemy/domains/de/test/auto/ResetTransitionWithStartTime1.xml (RunModel)" time="0.014" />
  <testcase classname="ptolemy.util.test.junit.AutoTests" name="[55] /home/travis/build/icyphy/ptII/ptolemy/domains/de/test/auto/ResetTransitionWithStartTime2.xml (RunModel)" time="0.013" />
  <testcase classname="ptolemy.util.test.junit.AutoTests" name="[56] /home/travis/build/icyphy/ptII/ptolemy/domains/de/test/auto/ResetTransitionWithStartTime3.xml (RunModel)" time="0.014" />
  <testcase classname="ptolemy.util.test.junit.AutoTests" name="[57] /home/travis/build/icyphy/ptII/ptolemy/domains/de/test/auto/ResetTransitionWithStartTime4.xml (RunModel)" time="0.013" />
  <testcase classname="ptolemy.util.test.junit.AutoTests" name="[58] /home/travis/build/icyphy/ptII/ptolemy/domains/de/test/auto/ResettableTimer1.xml (RunModel)" time="0.008" />
  <testcase classname="ptolemy.util.test.junit.AutoTests" name="[59] /home/travis/build/icyphy/ptII/ptolemy/domains/de/test/auto/ResettableTimer2.xml (RunModel)" time="0.008" />
  <testcase classname="ptolemy.util.test.junit.AutoTests" name="[60] /home/travis/build/icyphy/ptII/ptolemy/domains/de/test/auto/ResettableTimer3.xml (RunModel)" time="0.006" />
  <testcase classname="ptolemy.util.test.junit.AutoTests" name="[61] /home/travis/build/icyphy/ptII/ptolemy/domains/de/test/auto/ResettableTimer4.xml (RunModel)" time="0.006" />
  <testcase classname="ptolemy.util.test.junit.AutoTests" name="[62] /home/travis/build/icyphy/ptII/ptolemy/domains/de/test/auto/ResettableTimer5.xml (RunModel)" time="0.007" />
  <testcase classname="ptolemy.util.test.junit.AutoTests" name="[63] /home/travis/build/icyphy/ptII/ptolemy/domains/de/test/auto/ResettableTimer6.xml (RunModel)" time="0.008" />
  <testcase classname="ptolemy.util.test.junit.AutoTests" name="[64] /home/travis/build/icyphy/ptII/ptolemy/domains/de/test/auto/ServerZeroDelay.xml (RunModel)" time="0.014" />
  <testcase classname="ptolemy.util.test.junit.AutoTests" name="[65] /home/travis/build/icyphy/ptII/ptolemy/domains/de/test/auto/SmartSender.xml (RunModel)" time="3.007" />
  <testcase classname="ptolemy.util.test.junit.AutoTests" name="[66] /home/travis/build/icyphy/ptII/ptolemy/domains/de/test/auto/ThreadedComposite.xml (RunModel)" time="0.114" />
  <testcase classname="ptolemy.util.test.junit.AutoTests" name="[67] /home/travis/build/icyphy/ptII/ptolemy/domains/de/test/auto/Time.xml (RunModel)" time="0.395" />
  <testcase classname="ptolemy.util.test.junit.AutoTests" name="[68] /home/travis/build/icyphy/ptII/ptolemy/domains/de/test/auto/TimeDelayZeroDelay.xml (RunModel)" time="0.009" />
  <testcase classname="ptolemy.util.test.junit.AutoTests" name="[69] /home/travis/build/icyphy/ptII/ptolemy/domains/de/test/auto/TimerZeroDelay.xml (RunModel)" time="0.008" />
  <testcase classname="ptolemy.util.test.junit.AutoTests" name="[70] /home/travis/build/icyphy/ptII/ptolemy/domains/de/test/auto/TimingParadox.xml (RunModel)" time="0.35" />
  <testcase classname="ptolemy.util.test.junit.AutoTests" name="[71] /home/travis/build/icyphy/ptII/ptolemy/domains/de/test/auto/TransferInputs.xml (RunModel)" time="0.013" />
  <testcase classname="ptolemy.util.test.junit.AutoTests" name="[72] /home/travis/build/icyphy/ptII/ptolemy/domains/de/test/auto/TransferOutputs2.xml (RunModel)" time="0.013" />
  <testcase classname="ptolemy.util.test.junit.AutoTests" name="[73] /home/travis/build/icyphy/ptII/ptolemy/domains/de/test/auto/Trilateration.xml (RunModel)" time="10.509" />
  <testcase classname="ptolemy.util.test.junit.AutoTests" name="[74] /home/travis/build/icyphy/ptII/ptolemy/domains/de/test/auto/TwoSigmaDelta.xml (RunModel)" time="1.966" />
  <testcase classname="ptolemy.util.test.junit.AutoTests" name="[75] /home/travis/build/icyphy/ptII/ptolemy/domains/de/test/auto/VariableDelay.xml (RunModel)" time="0.008" />
  <testcase classname="ptolemy.util.test.junit.AutoTests" name="[76] /home/travis/build/icyphy/ptII/ptolemy/domains/de/test/auto/VariableDelay2.xml (RunModel)" time="0.007" />
  <testcase classname="ptolemy.util.test.junit.AutoTests" name="[77] /home/travis/build/icyphy/ptII/ptolemy/domains/de/test/auto/VariableDelayZeroDelay.xml (RunModel)" time="0.008" />
  <testcase classname="ptolemy.util.test.junit.AutoTests" name="[78] /home/travis/build/icyphy/ptII/ptolemy/domains/de/test/auto/VariableDelayZeroDelay2.xml (RunModel)" time="0.007" />
  <testcase classname="ptolemy.util.test.junit.AutoTests" name="[79] /home/travis/build/icyphy/ptII/ptolemy/domains/de/test/auto/deInCt.xml (RunModel)" time="0.011" />
  <testcase classname="ptolemy.util.test.junit.AutoTests" name="[80] /home/travis/build/icyphy/ptII/ptolemy/domains/de/test/auto/deInCt2.xml (RunModel)" time="0.017" />
  <testcase classname="ptolemy.util.test.junit.AutoTests" name="[81] /home/travis/build/icyphy/ptII/ptolemy/domains/de/test/auto/dynamicCausalityInterface1.xml (RunModel)" time="0.018" />
  <testcase classname="ptolemy.util.test.junit.AutoTests" name="[82] /home/travis/build/icyphy/ptII/ptolemy/domains/de/test/auto/fsm_de_test.xml (RunModel)" time="0.023" />
  <testcase classname="ptolemy.util.test.junit.AutoTests" name="[83] /home/travis/build/icyphy/ptII/ptolemy/domains/de/test/auto/functionDependencyReconstruction.xml (RunModel)" time="0.031" />
  <testcase classname="ptolemy.util.test.junit.AutoTests" name="[84] /home/travis/build/icyphy/ptII/ptolemy/domains/de/test/auto/multirate.xml (RunModel)" time="0.015" />
  <testcase classname="ptolemy.util.test.junit.AutoTests" name="[85] /home/travis/build/icyphy/ptII/ptolemy/domains/de/test/auto/multirate2.xml (RunModel)" time="0.014" />
  <testcase classname="ptolemy.util.test.junit.AutoTests" name="[86] /home/travis/build/icyphy/ptII/ptolemy/domains/de/test/auto/realtime.xml (RunModel)" time="10.008" />
  <testcase classname="ptolemy.util.test.junit.AutoTests" name="[87] /home/travis/build/icyphy/ptII/ptolemy/domains/de/test/auto/relationGroup.xml (RunModel)" time="0.006" />
  <testcase classname="ptolemy.util.test.junit.AutoTests" name="[88] /home/travis/build/icyphy/ptII/ptolemy/domains/de/test/auto/relationGroup2.xml (RunModel)" time="0.005" />
  <testcase classname="ptolemy.util.test.junit.AutoTests" name="[89] /home/travis/build/icyphy/ptII/ptolemy/domains/de/test/auto/sortWithOpaquePorts.xml (RunModel)" time="0.011" />
  <testcase classname="ptolemy.util.test.junit.AutoTests" name="[90] /home/travis/build/icyphy/ptII/ptolemy/domains/de/test/auto/transferInputsandOutputs.xml (RunModel)" time="0.021" />
  <testcase classname="ptolemy.util.test.junit.AutoTests" name="[91] /home/travis/build/icyphy/ptII/ptolemy/domains/de/test/auto/triggerType.xml (RunModel)" time="0.008" />
  <system-out><![CDATA[/home/travis/build/icyphy/ptII/ptolemy/domains/de/test/DependencyLoop.tcl
testDefs.tcl: setting time out to 9000 seconds at Fri Jun 01 21:04:13 UTC 2018
15 ms. Memory: 116224K Free: 95027K (82%)
14 ms. Memory: 146944K Free: 137914K (94%)
/home/travis/build/icyphy/ptII/ptolemy/domains/de/test/RunDETestsAsQSS.tcl
Run the DE tests using ptolemy.domains.qss.test.QSSDirectorTest, which extends QSSDirector and prints a message in the constructors.
------------------ testing $PTII/ptolemy/domains/de/test/auto/knownFailedTests/dependencyLoop.xml (Known Failure) 
10 ms. Memory: 146944K Free: 133647K (91%)


==== $PTIIhome/travis/build/icyphy/ptII/ptolemy/domains/de/test/../../../../: Auto Automatic test in file $PTII/ptolemy/domains/de/test/auto/knownFailedTests/dependencyLoop.xml
==== Contents of test case:

	    # FIXME: we should use $relativeFilename here, but it
	    # might have backslashes under Windows, which causes no end
	    # of trouble.
	    createAndExecute $file
	    list {}
	
.... Test generated KNOWN error:
    while executing
ptolemy.kernel.util.IllegalActionException: Found a zero delay loop containing .dependencyLoop.original
  in .dependencyLoop and .dependencyLoop.original
	at ptolemy.actor.util.CausalityInterfaceForComposites._computeOutputPortDepth(CausalityInterfaceForComposites.java:759)
	at ptolemy.actor.util.CausalityInterfaceForComposites._computeInputDepth(CausalityInterfaceForComposites.java:696)
	at ptolemy.actor.util.CausalityInterfaceForComposites._computeOutputPortDepth(CausalityInterfaceForComposites.java:765)
	at ptolemy.actor.util.CausalityInterfaceForComposites._computeInputDepth(CausalityInterfaceForComposites.java:696)
	at ptolemy.actor.util.CausalityInterfaceForComposites._computeOutputPortDepth(CausalityInterfaceForComposites.java:765)
	at ptolemy.actor.util.CausalityInterfaceForComposites._computeInputDepth(CausalityInterfaceForComposites.java:696)
	at ptolemy.actor.util.CausalityInterfaceForComposites._computeActorDepth(CausalityInterfaceForComposites.java:532)
	at ptolemy.actor.util.CausalityInterfaceForComposites.checkForCycles(CausalityInterfaceForComposites.java:96)
	at ptolemy.domains.de.kernel.DEDirector.preinitialize(DEDirector.java:1337)
	at ptolemy.actor.CompositeActor.preinitialize(CompositeActor.java:1828)
	at ptolemy.actor.Manager.preinitializeAndResolveTypes(Manager.java:1040)
	at ptolemy.actor.Manager.initialize(Manager.java:710)
	at ptolemy.actor.Manager.execute(Manager.java:356)
	at ptolemy.actor.Manager.run(Manager.java:1263)
	at ptolemy.actor.Manager$PtolemyRunThread.run(Manager.java:1915)

    while executing
ptolemy.kernel.util.IllegalActionException: Found a zero delay loop containing .dependencyLoop.original
  in .dependencyLoop and .dependencyLoop.original
    while executing
"java::new ptolemy.moml.MoMLSimpleApplication $file
"
    (procedure "createAndExecute" line 2)
    invoked from within
"createAndExecute $file"
    ("uplevel" body line 5)
    invoked from within
"uplevel $contents_of_test"
------------------ testing $PTII/ptolemy/domains/de/test/auto/knownFailedTests/DESDFClockTest.xml (Known Failure) 
2089 ms. Memory: 146944K Free: 117920K (80%)


==== $PTIIhome/travis/build/icyphy/ptII/ptolemy/domains/de/test/../../../../: Auto Automatic test in file $PTII/ptolemy/domains/de/test/auto/knownFailedTests/DESDFClockTest.xml
==== Contents of test case:

	    # FIXME: we should use $relativeFilename here, but it
	    # might have backslashes under Windows, which causes no end
	    # of trouble.
	    createAndExecute $file
	    list {}
	
.... Test generated KNOWN error:
    while executing
ptolemy.kernel.util.IllegalActionException: Actor is not ready to fire.  Perhaps UpSample.prefire() returned false? Try debugging the actor by selecting "Listen to Actor".  Also, for SDF check moml for tokenConsumptionRate on input.
  in .DESDFClockTest.Play Bell.Copy1:SDF Director and .DESDFClockTest.Play Bell.UpSample
	at ptolemy.actor.sched.StaticSchedulingDirector.fire(StaticSchedulingDirector.java:227)
	at ptolemy.domains.sdf.kernel.SDFDirector.fire(SDFDirector.java:500)
	at ptolemy.actor.CompositeActor.fire(CompositeActor.java:455)
	at ptolemy.domains.de.kernel.DEDirector._fire(DEDirector.java:1948)
	at ptolemy.domains.de.kernel.DEDirector.fire(DEDirector.java:502)
	at ptolemy.actor.CompositeActor.fire(CompositeActor.java:455)
	at ptolemy.actor.Manager.iterate(Manager.java:851)
	at ptolemy.actor.Manager.execute(Manager.java:369)
	at ptolemy.actor.Manager.run(Manager.java:1263)
	at ptolemy.actor.Manager$PtolemyRunThread.run(Manager.java:1915)

    while executing
ptolemy.kernel.util.IllegalActionException: Actor is not ready to fire.  Perhaps UpSample.prefire() returned false? Try debugging the actor by selecting "Listen to Actor".  Also, for SDF check moml for tokenConsumptionRate on input.
  in .DESDFClockTest.Play Bell.Copy1:SDF Director and .DESDFClockTest.Play Bell.UpSample
    while executing
"java::new ptolemy.moml.MoMLSimpleApplication $file
"
    (procedure "createAndExecute" line 2)
    invoked from within
"createAndExecute $file"
    ("uplevel" body line 5)
    invoked from within
"uplevel $contents_of_test"
------------------ testing $PTII/ptolemy/domains/de/test/auto/knownFailedTests/FSMSource.xml (Known Failure) 
20 ms. Memory: 146944K Free: 108971K (74%)
!!!! Auto was marked as failing, but now passes
------------------ testing $PTII/ptolemy/domains/de/test/auto/knownFailedTests/dependencyLoop2.xml (Known Failure) 
9 ms. Memory: 146944K Free: 107088K (73%)


==== $PTIIhome/travis/build/icyphy/ptII/ptolemy/domains/de/test/../../../../: Auto Automatic test in file $PTII/ptolemy/domains/de/test/auto/knownFailedTests/dependencyLoop2.xml
==== Contents of test case:

	    # FIXME: we should use $relativeFilename here, but it
	    # might have backslashes under Windows, which causes no end
	    # of trouble.
	    createAndExecute $file
	    list {}
	
.... Test generated KNOWN error:
    while executing
ptolemy.kernel.util.IllegalActionException: Found a zero delay loop containing .dependencyLoop2.original
  in .dependencyLoop2 and .dependencyLoop2.original
	at ptolemy.actor.util.CausalityInterfaceForComposites._computeOutputPortDepth(CausalityInterfaceForComposites.java:759)
	at ptolemy.actor.util.CausalityInterfaceForComposites._computeInputDepth(CausalityInterfaceForComposites.java:696)
	at ptolemy.actor.util.CausalityInterfaceForComposites._computeOutputPortDepth(CausalityInterfaceForComposites.java:765)
	at ptolemy.actor.util.CausalityInterfaceForComposites._computeInputDepth(CausalityInterfaceForComposites.java:696)
	at ptolemy.actor.util.CausalityInterfaceForComposites._computeOutputPortDepth(CausalityInterfaceForComposites.java:765)
	at ptolemy.actor.util.CausalityInterfaceForComposites._computeInputDepth(CausalityInterfaceForComposites.java:696)
	at ptolemy.actor.util.CausalityInterfaceForComposites._computeActorDepth(CausalityInterfaceForComposites.java:532)
	at ptolemy.actor.util.CausalityInterfaceForComposites.checkForCycles(CausalityInterfaceForComposites.java:96)
	at ptolemy.domains.de.kernel.DEDirector.preinitialize(DEDirector.java:1337)
	at ptolemy.actor.CompositeActor.preinitialize(CompositeActor.java:1828)
	at ptolemy.actor.Manager.preinitializeAndResolveTypes(Manager.java:1040)
	at ptolemy.actor.Manager.initialize(Manager.java:710)
	at ptolemy.actor.Manager.execute(Manager.java:356)
	at ptolemy.actor.Manager.run(Manager.java:1263)
	at ptolemy.actor.Manager$PtolemyRunThread.run(Manager.java:1915)

    while executing
ptolemy.kernel.util.IllegalActionException: Found a zero delay loop containing .dependencyLoop2.original
  in .dependencyLoop2 and .dependencyLoop2.original
    while executing
"java::new ptolemy.moml.MoMLSimpleApplication $file
"
    (procedure "createAndExecute" line 2)
    invoked from within
"createAndExecute $file"
    ("uplevel" body line 5)
    invoked from within
"uplevel $contents_of_test"
------------------ testing $PTII/ptolemy/domains/de/test/auto/knownFailedTests/HierarchicalModel.xml (Known Failure) 
4 ms. Memory: 146944K Free: 86664K (59%)


==== $PTIIhome/travis/build/icyphy/ptII/ptolemy/domains/de/test/../../../../: Auto Automatic test in file $PTII/ptolemy/domains/de/test/auto/knownFailedTests/HierarchicalModel.xml
==== Contents of test case:

	    # FIXME: we should use $relativeFilename here, but it
	    # might have backslashes under Windows, which causes no end
	    # of trouble.
	    createAndExecute $file
	    list {}
	
.... Test generated KNOWN error:
    while executing
ptolemy.kernel.util.IllegalActionException: Found a zero delay loop containing .HierarchicalModel.A
  in .HierarchicalModel and .HierarchicalModel.A
	at ptolemy.actor.util.CausalityInterfaceForComposites._computeOutputPortDepth(CausalityInterfaceForComposites.java:759)
	at ptolemy.actor.util.CausalityInterfaceForComposites._computeInputDepth(CausalityInterfaceForComposites.java:696)
	at ptolemy.actor.util.CausalityInterfaceForComposites._computeOutputPortDepth(CausalityInterfaceForComposites.java:765)
	at ptolemy.actor.util.CausalityInterfaceForComposites._computeInputDepth(CausalityInterfaceForComposites.java:696)
	at ptolemy.actor.util.CausalityInterfaceForComposites._computeOutputPortDepth(CausalityInterfaceForComposites.java:765)
	at ptolemy.actor.util.CausalityInterfaceForComposites._computeInputDepth(CausalityInterfaceForComposites.java:696)
	at ptolemy.actor.util.CausalityInterfaceForComposites._computeActorDepth(CausalityInterfaceForComposites.java:532)
	at ptolemy.actor.util.CausalityInterfaceForComposites.checkForCycles(CausalityInterfaceForComposites.java:96)
	at ptolemy.domains.de.kernel.DEDirector.preinitialize(DEDirector.java:1337)
	at ptolemy.actor.CompositeActor.preinitialize(CompositeActor.java:1828)
	at ptolemy.actor.Manager.preinitializeAndResolveTypes(Manager.java:1040)
	at ptolemy.actor.Manager.initialize(Manager.java:710)
	at ptolemy.actor.Manager.execute(Manager.java:356)
	at ptolemy.actor.Manager.run(Manager.java:1263)
	at ptolemy.actor.Manager$PtolemyRunThread.run(Manager.java:1915)

    while executing
ptolemy.kernel.util.IllegalActionException: Found a zero delay loop containing .HierarchicalModel.A
  in .HierarchicalModel and .HierarchicalModel.A
    while executing
"java::new ptolemy.moml.MoMLSimpleApplication $file
"
    (procedure "createAndExecute" line 2)
    invoked from within
"createAndExecute $file"
    ("uplevel" body line 5)
    invoked from within
"uplevel $contents_of_test"
------------------ testing $PTII/ptolemy/domains/de/test/auto/knownFailedTests/DirectFeedback.xml (Known Failure) 
16 ms. Memory: 146944K Free: 142535K (97%)


==== $PTIIhome/travis/build/icyphy/ptII/ptolemy/domains/de/test/../../../../: Auto Automatic test in file $PTII/ptolemy/domains/de/test/auto/knownFailedTests/DirectFeedback.xml
==== Contents of test case:

	    # FIXME: we should use $relativeFilename here, but it
	    # might have backslashes under Windows, which causes no end
	    # of trouble.
	    createAndExecute $file
	    list {}
	
.... Test generated KNOWN error:
    while executing
ptolemy.kernel.util.IllegalActionException: Test fails in iteration 1.
Value was: 1.0. Should have been: 2.0
  in .DirectFeedback.Test
	at ptolemy.actor.lib.Test.fire(Test.java:268)
	at ptolemy.domains.de.kernel.DEDirector._fire(DEDirector.java:1948)
	at ptolemy.domains.de.kernel.DEDirector.fire(DEDirector.java:502)
	at ptolemy.actor.CompositeActor.fire(CompositeActor.java:455)
	at ptolemy.actor.Manager.iterate(Manager.java:851)
	at ptolemy.actor.Manager.execute(Manager.java:369)
	at ptolemy.actor.Manager.run(Manager.java:1263)
	at ptolemy.actor.Manager$PtolemyRunThread.run(Manager.java:1915)

    while executing
ptolemy.kernel.util.IllegalActionException: Test fails in iteration 1.
Value was: 1.0. Should have been: 2.0
  in .DirectFeedback.Test
    while executing
"java::new ptolemy.moml.MoMLSimpleApplication $file
"
    (procedure "createAndExecute" line 2)
    invoked from within
"createAndExecute $file"
    ("uplevel" body line 5)
    invoked from within
"uplevel $contents_of_test"
------------------ testing $PTII/ptolemy/domains/de/test/auto/ActorDepthCalculation_actorWithoutPorts.xml
auto.tcl: Setting watchdog for 200 seconds at Fri Jun 01 21:04:16 UTC 2018
6 ms. Memory: 146944K Free: 133811K (91%)
ptolemy.util.test.WatchDog.cancel(): canceling Fri Jun 01 21:04:16 UTC 2018
auto.tcl: Setting watchdog for 200 seconds at Fri Jun 01 21:04:16 UTC 2018
4 ms. Memory: 146944K Free: 132783K (90%)
ptolemy.util.test.WatchDog.cancel(): canceling Fri Jun 01 21:04:16 UTC 2018
------------------ testing $PTII/ptolemy/domains/de/test/auto/AssemblyLine.xml
auto.tcl: Setting watchdog for 200 seconds at Fri Jun 01 21:04:16 UTC 2018
11 ms. Memory: 208384K Free: 186161K (89%)
ptolemy.util.test.WatchDog.cancel(): canceling Fri Jun 01 21:04:16 UTC 2018
auto.tcl: Setting watchdog for 200 seconds at Fri Jun 01 21:04:16 UTC 2018
10 ms. Memory: 208384K Free: 186161K (89%)
ptolemy.util.test.WatchDog.cancel(): canceling Fri Jun 01 21:04:16 UTC 2018
------------------ testing $PTII/ptolemy/domains/de/test/auto/CQBug1.xml
auto.tcl: Setting watchdog for 200 seconds at Fri Jun 01 21:04:16 UTC 2018
6 ms. Memory: 208384K Free: 197740K (95%)
ptolemy.util.test.WatchDog.cancel(): canceling Fri Jun 01 21:04:16 UTC 2018
auto.tcl: Setting watchdog for 200 seconds at Fri Jun 01 21:04:16 UTC 2018
2 ms. Memory: 208384K Free: 197740K (95%)
ptolemy.util.test.WatchDog.cancel(): canceling Fri Jun 01 21:04:16 UTC 2018
------------------ testing $PTII/ptolemy/domains/de/test/auto/CancelFireAt.xml
auto.tcl: Setting watchdog for 200 seconds at Fri Jun 01 21:04:16 UTC 2018
4 ms. Memory: 208384K Free: 201450K (97%)
ptolemy.util.test.WatchDog.cancel(): canceling Fri Jun 01 21:04:16 UTC 2018
auto.tcl: Setting watchdog for 200 seconds at Fri Jun 01 21:04:16 UTC 2018
3 ms. Memory: 208384K Free: 199360K (96%)
ptolemy.util.test.WatchDog.cancel(): canceling Fri Jun 01 21:04:16 UTC 2018
------------------ testing $PTII/ptolemy/domains/de/test/auto/CausalityAndComposabilityAnalysis.xml
auto.tcl: Setting watchdog for 200 seconds at Fri Jun 01 21:04:16 UTC 2018
7 ms. Memory: 208384K Free: 196531K (94%)
ptolemy.util.test.WatchDog.cancel(): canceling Fri Jun 01 21:04:17 UTC 2018
auto.tcl: Setting watchdog for 200 seconds at Fri Jun 01 21:04:17 UTC 2018
5 ms. Memory: 208384K Free: 196531K (94%)
ptolemy.util.test.WatchDog.cancel(): canceling Fri Jun 01 21:04:17 UTC 2018
------------------ testing $PTII/ptolemy/domains/de/test/auto/CausalityInterface1.xml
auto.tcl: Setting watchdog for 200 seconds at Fri Jun 01 21:04:17 UTC 2018
16 ms. Memory: 208384K Free: 196469K (94%)
ptolemy.util.test.WatchDog.cancel(): canceling Fri Jun 01 21:04:17 UTC 2018
auto.tcl: Setting watchdog for 200 seconds at Fri Jun 01 21:04:17 UTC 2018
4 ms. Memory: 208384K Free: 196469K (94%)
ptolemy.util.test.WatchDog.cancel(): canceling Fri Jun 01 21:04:17 UTC 2018
------------------ testing $PTII/ptolemy/domains/de/test/auto/CausalityInterface15.xml
auto.tcl: Setting watchdog for 200 seconds at Fri Jun 01 21:04:17 UTC 2018
10 ms. Memory: 208384K Free: 196460K (94%)
ptolemy.util.test.WatchDog.cancel(): canceling Fri Jun 01 21:04:17 UTC 2018
auto.tcl: Setting watchdog for 200 seconds at Fri Jun 01 21:04:17 UTC 2018
7 ms. Memory: 208384K Free: 194370K (93%)
ptolemy.util.test.WatchDog.cancel(): canceling Fri Jun 01 21:04:17 UTC 2018
------------------ testing $PTII/ptolemy/domains/de/test/auto/CausalityInterface2.xml
auto.tcl: Setting watchdog for 200 seconds at Fri Jun 01 21:04:17 UTC 2018
7 ms. Memory: 208384K Free: 196443K (94%)
ptolemy.util.test.WatchDog.cancel(): canceling Fri Jun 01 21:04:17 UTC 2018
auto.tcl: Setting watchdog for 200 seconds at Fri Jun 01 21:04:17 UTC 2018
7 ms. Memory: 208384K Free: 196443K (94%)
ptolemy.util.test.WatchDog.cancel(): canceling Fri Jun 01 21:04:17 UTC 2018
------------------ testing $PTII/ptolemy/domains/de/test/auto/CausalityInterface3.xml
auto.tcl: Setting watchdog for 200 seconds at Fri Jun 01 21:04:17 UTC 2018
6 ms. Memory: 208384K Free: 196456K (94%)
ptolemy.util.test.WatchDog.cancel(): canceling Fri Jun 01 21:04:17 UTC 2018
auto.tcl: Setting watchdog for 200 seconds at Fri Jun 01 21:04:17 UTC 2018
6 ms. Memory: 208384K Free: 196456K (94%)
ptolemy.util.test.WatchDog.cancel(): canceling Fri Jun 01 21:04:17 UTC 2018
------------------ testing $PTII/ptolemy/domains/de/test/auto/ClockDrift.xml
auto.tcl: Setting watchdog for 200 seconds at Fri Jun 01 21:04:17 UTC 2018
52 ms. Memory: 208384K Free: 187719K (90%)
ptolemy.util.test.WatchDog.cancel(): canceling Fri Jun 01 21:04:17 UTC 2018
auto.tcl: Setting watchdog for 200 seconds at Fri Jun 01 21:04:17 UTC 2018
70 ms. Memory: 208384K Free: 185630K (89%)
ptolemy.util.test.WatchDog.cancel(): canceling Fri Jun 01 21:04:17 UTC 2018
------------------ testing $PTII/ptolemy/domains/de/test/auto/ClockDriftAndValueChange.xml
auto.tcl: Setting watchdog for 200 seconds at Fri Jun 01 21:04:17 UTC 2018
51 ms. Memory: 208384K Free: 187555K (90%)
ptolemy.util.test.WatchDog.cancel(): canceling Fri Jun 01 21:04:17 UTC 2018
auto.tcl: Setting watchdog for 200 seconds at Fri Jun 01 21:04:17 UTC 2018
21 ms. Memory: 208384K Free: 185466K (89%)
ptolemy.util.test.WatchDog.cancel(): canceling Fri Jun 01 21:04:17 UTC 2018
------------------ testing $PTII/ptolemy/domains/de/test/auto/ClockDriftChange.xml
auto.tcl: Setting watchdog for 200 seconds at Fri Jun 01 21:04:17 UTC 2018
30 ms. Memory: 208384K Free: 190865K (92%)
ptolemy.util.test.WatchDog.cancel(): canceling Fri Jun 01 21:04:17 UTC 2018
auto.tcl: Setting watchdog for 200 seconds at Fri Jun 01 21:04:17 UTC 2018
21 ms. Memory: 208384K Free: 188775K (91%)
ptolemy.util.test.WatchDog.cancel(): canceling Fri Jun 01 21:04:17 UTC 2018
------------------ testing $PTII/ptolemy/domains/de/test/auto/ComposableCausalityAnalysis.xml
auto.tcl: Setting watchdog for 200 seconds at Fri Jun 01 21:04:17 UTC 2018
2 ms. Memory: 208384K Free: 196310K (94%)
ptolemy.util.test.WatchDog.cancel(): canceling Fri Jun 01 21:04:17 UTC 2018
auto.tcl: Setting watchdog for 200 seconds at Fri Jun 01 21:04:17 UTC 2018
1 ms. Memory: 208384K Free: 194221K (93%)
ptolemy.util.test.WatchDog.cancel(): canceling Fri Jun 01 21:04:17 UTC 2018
------------------ testing $PTII/ptolemy/domains/de/test/auto/DEFixedPointLimitation.xml
auto.tcl: Setting watchdog for 200 seconds at Fri Jun 01 21:04:18 UTC 2018
4 ms. Memory: 208384K Free: 196188K (94%)
ptolemy.util.test.WatchDog.cancel(): canceling Fri Jun 01 21:04:18 UTC 2018
auto.tcl: Setting watchdog for 200 seconds at Fri Jun 01 21:04:18 UTC 2018
2 ms. Memory: 208384K Free: 196188K (94%)
ptolemy.util.test.WatchDog.cancel(): canceling Fri Jun 01 21:04:18 UTC 2018
------------------ testing $PTII/ptolemy/domains/de/test/auto/DEScheduleTest.xml
auto.tcl: Setting watchdog for 200 seconds at Fri Jun 01 21:04:18 UTC 2018
3 ms. Memory: 208384K Free: 198312K (95%)
ptolemy.util.test.WatchDog.cancel(): canceling Fri Jun 01 21:04:18 UTC 2018
auto.tcl: Setting watchdog for 200 seconds at Fri Jun 01 21:04:18 UTC 2018
5 ms. Memory: 208384K Free: 196222K (94%)
ptolemy.util.test.WatchDog.cancel(): canceling Fri Jun 01 21:04:18 UTC 2018
------------------ testing $PTII/ptolemy/domains/de/test/auto/DEinDEwithStartTimes.xml
auto.tcl: Setting watchdog for 200 seconds at Fri Jun 01 21:04:18 UTC 2018
5 ms. Memory: 208384K Free: 196192K (94%)
ptolemy.util.test.WatchDog.cancel(): canceling Fri Jun 01 21:04:18 UTC 2018
auto.tcl: Setting watchdog for 200 seconds at Fri Jun 01 21:04:18 UTC 2018
3 ms. Memory: 208384K Free: 194102K (93%)
ptolemy.util.test.WatchDog.cancel(): canceling Fri Jun 01 21:04:18 UTC 2018
------------------ testing $PTII/ptolemy/domains/de/test/auto/DEinDEwithStartTimes2.xml
auto.tcl: Setting watchdog for 200 seconds at Fri Jun 01 21:04:18 UTC 2018
5 ms. Memory: 208384K Free: 196509K (94%)
ptolemy.util.test.WatchDog.cancel(): canceling Fri Jun 01 21:04:18 UTC 2018
auto.tcl: Setting watchdog for 200 seconds at Fri Jun 01 21:04:18 UTC 2018
4 ms. Memory: 208384K Free: 194082K (93%)
ptolemy.util.test.WatchDog.cancel(): canceling Fri Jun 01 21:04:18 UTC 2018
------------------ testing $PTII/ptolemy/domains/de/test/auto/DateDemo.xml
auto.tcl: Setting watchdog for 200 seconds at Fri Jun 01 21:04:18 UTC 2018
6 ms. Memory: 208384K Free: 188641K (91%)
ptolemy.util.test.WatchDog.cancel(): canceling Fri Jun 01 21:04:18 UTC 2018
auto.tcl: Setting watchdog for 200 seconds at Fri Jun 01 21:04:18 UTC 2018
5 ms. Memory: 208384K Free: 186551K (90%)
ptolemy.util.test.WatchDog.cancel(): canceling Fri Jun 01 21:04:18 UTC 2018
------------------ testing $PTII/ptolemy/domains/de/test/auto/DateToEvent.xml
auto.tcl: Setting watchdog for 200 seconds at Fri Jun 01 21:04:18 UTC 2018
2010 ms. Memory: 208384K Free: 183387K (88%)
ptolemy.util.test.WatchDog.cancel(): canceling Fri Jun 01 21:04:20 UTC 2018
auto.tcl: Setting watchdog for 200 seconds at Fri Jun 01 21:04:20 UTC 2018
2009 ms. Memory: 208384K Free: 180929K (87%)
ptolemy.util.test.WatchDog.cancel(): canceling Fri Jun 01 21:04:22 UTC 2018
------------------ testing $PTII/ptolemy/domains/de/test/auto/DepthTest1.xml
auto.tcl: Setting watchdog for 200 seconds at Fri Jun 01 21:04:22 UTC 2018
4 ms. Memory: 208384K Free: 197840K (95%)
ptolemy.util.test.WatchDog.cancel(): canceling Fri Jun 01 21:04:22 UTC 2018
auto.tcl: Setting watchdog for 200 seconds at Fri Jun 01 21:04:22 UTC 2018
2 ms. Memory: 208384K Free: 197840K (95%)
ptolemy.util.test.WatchDog.cancel(): canceling Fri Jun 01 21:04:22 UTC 2018
------------------ testing $PTII/ptolemy/domains/de/test/auto/DepthTest2.xml
auto.tcl: Setting watchdog for 200 seconds at Fri Jun 01 21:04:22 UTC 2018
7 ms. Memory: 208384K Free: 194063K (93%)
ptolemy.util.test.WatchDog.cancel(): canceling Fri Jun 01 21:04:22 UTC 2018
auto.tcl: Setting watchdog for 200 seconds at Fri Jun 01 21:04:22 UTC 2018
2 ms. Memory: 208384K Free: 194063K (93%)
ptolemy.util.test.WatchDog.cancel(): canceling Fri Jun 01 21:04:22 UTC 2018
------------------ testing $PTII/ptolemy/domains/de/test/auto/DepthTest3.xml
auto.tcl: Setting watchdog for 200 seconds at Fri Jun 01 21:04:22 UTC 2018
2 ms. Memory: 208384K Free: 198175K (95%)
ptolemy.util.test.WatchDog.cancel(): canceling Fri Jun 01 21:04:22 UTC 2018
auto.tcl: Setting watchdog for 200 seconds at Fri Jun 01 21:04:22 UTC 2018
2 ms. Memory: 208384K Free: 198175K (95%)
ptolemy.util.test.WatchDog.cancel(): canceling Fri Jun 01 21:04:22 UTC 2018
------------------ testing $PTII/ptolemy/domains/de/test/auto/DepthTest4.xml
auto.tcl: Setting watchdog for 200 seconds at Fri Jun 01 21:04:22 UTC 2018
3 ms. Memory: 208384K Free: 196174K (94%)
ptolemy.util.test.WatchDog.cancel(): canceling Fri Jun 01 21:04:22 UTC 2018
auto.tcl: Setting watchdog for 200 seconds at Fri Jun 01 21:04:22 UTC 2018
2 ms. Memory: 208384K Free: 196174K (94%)
ptolemy.util.test.WatchDog.cancel(): canceling Fri Jun 01 21:04:22 UTC 2018
------------------ testing $PTII/ptolemy/domains/de/test/auto/DepthTest5.xml
auto.tcl: Setting watchdog for 200 seconds at Fri Jun 01 21:04:22 UTC 2018
3 ms. Memory: 208384K Free: 196459K (94%)
ptolemy.util.test.WatchDog.cancel(): canceling Fri Jun 01 21:04:22 UTC 2018
auto.tcl: Setting watchdog for 200 seconds at Fri Jun 01 21:04:22 UTC 2018
2 ms. Memory: 208384K Free: 196459K (94%)
ptolemy.util.test.WatchDog.cancel(): canceling Fri Jun 01 21:04:22 UTC 2018
------------------ testing $PTII/ptolemy/domains/de/test/auto/DepthTest6.xml
auto.tcl: Setting watchdog for 200 seconds at Fri Jun 01 21:04:22 UTC 2018
8 ms. Memory: 208384K Free: 196436K (94%)
ptolemy.util.test.WatchDog.cancel(): canceling Fri Jun 01 21:04:22 UTC 2018
auto.tcl: Setting watchdog for 200 seconds at Fri Jun 01 21:04:22 UTC 2018
2 ms. Memory: 208384K Free: 196436K (94%)
ptolemy.util.test.WatchDog.cancel(): canceling Fri Jun 01 21:04:22 UTC 2018
------------------ testing $PTII/ptolemy/domains/de/test/auto/DepthTest7.xml
auto.tcl: Setting watchdog for 200 seconds at Fri Jun 01 21:04:22 UTC 2018
2 ms. Memory: 208384K Free: 194850K (94%)
ptolemy.util.test.WatchDog.cancel(): canceling Fri Jun 01 21:04:22 UTC 2018
auto.tcl: Setting watchdog for 200 seconds at Fri Jun 01 21:04:22 UTC 2018
2 ms. Memory: 208384K Free: 194850K (94%)
ptolemy.util.test.WatchDog.cancel(): canceling Fri Jun 01 21:04:22 UTC 2018
------------------ testing $PTII/ptolemy/domains/de/test/auto/EventToDate.xml
auto.tcl: Setting watchdog for 200 seconds at Fri Jun 01 21:04:22 UTC 2018
3005 ms. Memory: 208384K Free: 185653K (89%)
ptolemy.util.test.WatchDog.cancel(): canceling Fri Jun 01 21:04:26 UTC 2018
auto.tcl: Setting watchdog for 200 seconds at Fri Jun 01 21:04:26 UTC 2018
3003 ms. Memory: 208384K Free: 185653K (89%)
ptolemy.util.test.WatchDog.cancel(): canceling Fri Jun 01 21:04:29 UTC 2018
------------------ testing $PTII/ptolemy/domains/de/test/auto/FSM1.xml
auto.tcl: Setting watchdog for 200 seconds at Fri Jun 01 21:04:29 UTC 2018
26 ms. Memory: 208384K Free: 187062K (90%)
ptolemy.util.test.WatchDog.cancel(): canceling Fri Jun 01 21:04:29 UTC 2018
auto.tcl: Setting watchdog for 200 seconds at Fri Jun 01 21:04:29 UTC 2018
12 ms. Memory: 208384K Free: 184973K (89%)
ptolemy.util.test.WatchDog.cancel(): canceling Fri Jun 01 21:04:29 UTC 2018
------------------ testing $PTII/ptolemy/domains/de/test/auto/FSM7.xml
auto.tcl: Setting watchdog for 200 seconds at Fri Jun 01 21:04:29 UTC 2018
22 ms. Memory: 208384K Free: 187266K (90%)
ptolemy.util.test.WatchDog.cancel(): canceling Fri Jun 01 21:04:29 UTC 2018
auto.tcl: Setting watchdog for 200 seconds at Fri Jun 01 21:04:29 UTC 2018
16 ms. Memory: 208384K Free: 185177K (89%)
ptolemy.util.test.WatchDog.cancel(): canceling Fri Jun 01 21:04:29 UTC 2018
------------------ testing $PTII/ptolemy/domains/de/test/auto/Inspection.xml
auto.tcl: Setting watchdog for 200 seconds at Fri Jun 01 21:04:29 UTC 2018
41 ms. Memory: 208384K Free: 188817K (91%)
ptolemy.util.test.WatchDog.cancel(): canceling Fri Jun 01 21:04:29 UTC 2018
auto.tcl: Setting watchdog for 200 seconds at Fri Jun 01 21:04:29 UTC 2018
26 ms. Memory: 208384K Free: 186390K (89%)
ptolemy.util.test.WatchDog.cancel(): canceling Fri Jun 01 21:04:29 UTC 2018
------------------ testing $PTII/ptolemy/domains/de/test/auto/Iteration.xml
auto.tcl: Setting watchdog for 200 seconds at Fri Jun 01 21:04:29 UTC 2018
18 ms. Memory: 208384K Free: 193794K (93%)
ptolemy.util.test.WatchDog.cancel(): canceling Fri Jun 01 21:04:29 UTC 2018
auto.tcl: Setting watchdog for 200 seconds at Fri Jun 01 21:04:29 UTC 2018
6 ms. Memory: 208384K Free: 193794K (93%)
ptolemy.util.test.WatchDog.cancel(): canceling Fri Jun 01 21:04:29 UTC 2018
------------------ testing $PTII/ptolemy/domains/de/test/auto/LineFault.xml
auto.tcl: Setting watchdog for 200 seconds at Fri Jun 01 21:04:29 UTC 2018
504 ms. Memory: 208384K Free: 193908K (93%)
ptolemy.util.test.WatchDog.cancel(): canceling Fri Jun 01 21:04:30 UTC 2018
auto.tcl: Setting watchdog for 200 seconds at Fri Jun 01 21:04:30 UTC 2018
377 ms. Memory: 208384K Free: 136414K (65%)
ptolemy.util.test.WatchDog.cancel(): canceling Fri Jun 01 21:04:30 UTC 2018
------------------ testing $PTII/ptolemy/domains/de/test/auto/MergeModel1Add.xml
auto.tcl: Setting watchdog for 200 seconds at Fri Jun 01 21:04:30 UTC 2018
9 ms. Memory: 331264K Free: 299106K (90%)
ptolemy.util.test.WatchDog.cancel(): canceling Fri Jun 01 21:04:30 UTC 2018
auto.tcl: Setting watchdog for 200 seconds at Fri Jun 01 21:04:30 UTC 2018
4 ms. Memory: 331264K Free: 299106K (90%)
ptolemy.util.test.WatchDog.cancel(): canceling Fri Jun 01 21:04:30 UTC 2018
------------------ testing $PTII/ptolemy/domains/de/test/auto/MergeModel2Add.xml
auto.tcl: Setting watchdog for 200 seconds at Fri Jun 01 21:04:30 UTC 2018
6 ms. Memory: 331264K Free: 304325K (92%)
ptolemy.util.test.WatchDog.cancel(): canceling Fri Jun 01 21:04:30 UTC 2018
auto.tcl: Setting watchdog for 200 seconds at Fri Jun 01 21:04:30 UTC 2018
5 ms. Memory: 331264K Free: 300452K (91%)
ptolemy.util.test.WatchDog.cancel(): canceling Fri Jun 01 21:04:30 UTC 2018
------------------ testing $PTII/ptolemy/domains/de/test/auto/MergeModel3Add.xml
auto.tcl: Setting watchdog for 200 seconds at Fri Jun 01 21:04:30 UTC 2018
7 ms. Memory: 331264K Free: 304304K (92%)
ptolemy.util.test.WatchDog.cancel(): canceling Fri Jun 01 21:04:30 UTC 2018
auto.tcl: Setting watchdog for 200 seconds at Fri Jun 01 21:04:30 UTC 2018
7 ms. Memory: 331264K Free: 300431K (91%)
ptolemy.util.test.WatchDog.cancel(): canceling Fri Jun 01 21:04:31 UTC 2018
------------------ testing $PTII/ptolemy/domains/de/test/auto/MergeWithoutDiscard.xml
auto.tcl: Setting watchdog for 200 seconds at Fri Jun 01 21:04:31 UTC 2018
4 ms. Memory: 331264K Free: 315952K (95%)
ptolemy.util.test.WatchDog.cancel(): canceling Fri Jun 01 21:04:31 UTC 2018
auto.tcl: Setting watchdog for 200 seconds at Fri Jun 01 21:04:31 UTC 2018
1 ms. Memory: 331264K Free: 315952K (95%)
ptolemy.util.test.WatchDog.cancel(): canceling Fri Jun 01 21:04:31 UTC 2018
------------------ testing $PTII/ptolemy/domains/de/test/auto/Modal1.xml
auto.tcl: Setting watchdog for 200 seconds at Fri Jun 01 21:04:31 UTC 2018
14 ms. Memory: 331264K Free: 309935K (94%)
ptolemy.util.test.WatchDog.cancel(): canceling Fri Jun 01 21:04:31 UTC 2018
auto.tcl: Setting watchdog for 200 seconds at Fri Jun 01 21:04:31 UTC 2018
17 ms. Memory: 331264K Free: 306062K (92%)
ptolemy.util.test.WatchDog.cancel(): canceling Fri Jun 01 21:04:31 UTC 2018
------------------ testing $PTII/ptolemy/domains/de/test/auto/Modal2.xml
auto.tcl: Setting watchdog for 200 seconds at Fri Jun 01 21:04:31 UTC 2018
14 ms. Memory: 331264K Free: 309809K (94%)
ptolemy.util.test.WatchDog.cancel(): canceling Fri Jun 01 21:04:31 UTC 2018
auto.tcl: Setting watchdog for 200 seconds at Fri Jun 01 21:04:31 UTC 2018
16 ms. Memory: 331264K Free: 305936K (92%)
ptolemy.util.test.WatchDog.cancel(): canceling Fri Jun 01 21:04:31 UTC 2018
------------------ testing $PTII/ptolemy/domains/de/test/auto/Modal3.xml
auto.tcl: Setting watchdog for 200 seconds at Fri Jun 01 21:04:31 UTC 2018
14 ms. Memory: 331264K Free: 310092K (94%)
ptolemy.util.test.WatchDog.cancel(): canceling Fri Jun 01 21:04:31 UTC 2018
auto.tcl: Setting watchdog for 200 seconds at Fri Jun 01 21:04:31 UTC 2018
10 ms. Memory: 331264K Free: 305934K (92%)
ptolemy.util.test.WatchDog.cancel(): canceling Fri Jun 01 21:04:31 UTC 2018
------------------ testing $PTII/ptolemy/domains/de/test/auto/Modal4.xml
auto.tcl: Setting watchdog for 200 seconds at Fri Jun 01 21:04:31 UTC 2018
21 ms. Memory: 331264K Free: 309804K (94%)
ptolemy.util.test.WatchDog.cancel(): canceling Fri Jun 01 21:04:31 UTC 2018
auto.tcl: Setting watchdog for 200 seconds at Fri Jun 01 21:04:31 UTC 2018
27 ms. Memory: 331264K Free: 305931K (92%)
ptolemy.util.test.WatchDog.cancel(): canceling Fri Jun 01 21:04:31 UTC 2018
------------------ testing $PTII/ptolemy/domains/de/test/auto/Modal5.xml
auto.tcl: Setting watchdog for 200 seconds at Fri Jun 01 21:04:31 UTC 2018
15 ms. Memory: 331264K Free: 309791K (94%)
ptolemy.util.test.WatchDog.cancel(): canceling Fri Jun 01 21:04:31 UTC 2018
auto.tcl: Setting watchdog for 200 seconds at Fri Jun 01 21:04:31 UTC 2018
12 ms. Memory: 331264K Free: 305918K (92%)
ptolemy.util.test.WatchDog.cancel(): canceling Fri Jun 01 21:04:31 UTC 2018
------------------ testing $PTII/ptolemy/domains/de/test/auto/Modal6.xml
auto.tcl: Setting watchdog for 200 seconds at Fri Jun 01 21:04:31 UTC 2018
12 ms. Memory: 331264K Free: 309788K (94%)
ptolemy.util.test.WatchDog.cancel(): canceling Fri Jun 01 21:04:31 UTC 2018
auto.tcl: Setting watchdog for 200 seconds at Fri Jun 01 21:04:31 UTC 2018
14 ms. Memory: 331264K Free: 305915K (92%)
ptolemy.util.test.WatchDog.cancel(): canceling Fri Jun 01 21:04:31 UTC 2018
------------------ testing $PTII/ptolemy/domains/de/test/auto/Modal7.xml
auto.tcl: Setting watchdog for 200 seconds at Fri Jun 01 21:04:31 UTC 2018
15 ms. Memory: 331264K Free: 301000K (91%)
ptolemy.util.test.WatchDog.cancel(): canceling Fri Jun 01 21:04:31 UTC 2018
auto.tcl: Setting watchdog for 200 seconds at Fri Jun 01 21:04:31 UTC 2018
11 ms. Memory: 331264K Free: 301000K (91%)
ptolemy.util.test.WatchDog.cancel(): canceling Fri Jun 01 21:04:31 UTC 2018
------------------ testing $PTII/ptolemy/domains/de/test/auto/ModalModel.xml
auto.tcl: Setting watchdog for 200 seconds at Fri Jun 01 21:04:31 UTC 2018
173 ms. Memory: 331264K Free: 246527K (74%)
ptolemy.util.test.WatchDog.cancel(): canceling Fri Jun 01 21:04:32 UTC 2018
auto.tcl: Setting watchdog for 200 seconds at Fri Jun 01 21:04:32 UTC 2018
158 ms. Memory: 331264K Free: 188432K (57%)
ptolemy.util.test.WatchDog.cancel(): canceling Fri Jun 01 21:04:32 UTC 2018
------------------ testing $PTII/ptolemy/domains/de/test/auto/ModalSource.xml
auto.tcl: Setting watchdog for 200 seconds at Fri Jun 01 21:04:32 UTC 2018
5 ms. Memory: 331264K Free: 316403K (96%)
ptolemy.util.test.WatchDog.cancel(): canceling Fri Jun 01 21:04:32 UTC 2018
auto.tcl: Setting watchdog for 200 seconds at Fri Jun 01 21:04:32 UTC 2018
5 ms. Memory: 331264K Free: 312906K (94%)
ptolemy.util.test.WatchDog.cancel(): canceling Fri Jun 01 21:04:32 UTC 2018
------------------ testing $PTII/ptolemy/domains/de/test/auto/NonInterruptibleTimerZeroDelay.xml
auto.tcl: Setting watchdog for 200 seconds at Fri Jun 01 21:04:32 UTC 2018
3 ms. Memory: 331264K Free: 320738K (97%)
ptolemy.util.test.WatchDog.cancel(): canceling Fri Jun 01 21:04:32 UTC 2018
auto.tcl: Setting watchdog for 200 seconds at Fri Jun 01 21:04:32 UTC 2018
2 ms. Memory: 331264K Free: 317241K (96%)
ptolemy.util.test.WatchDog.cancel(): canceling Fri Jun 01 21:04:32 UTC 2018
------------------ testing $PTII/ptolemy/domains/de/test/auto/OpenQueueingNetwork.xml
auto.tcl: Setting watchdog for 200 seconds at Fri Jun 01 21:04:32 UTC 2018
2532 ms. Memory: 573952K Free: 421656K (73%)
ptolemy.util.test.WatchDog.cancel(): canceling Fri Jun 01 21:04:35 UTC 2018
auto.tcl: Setting watchdog for 200 seconds at Fri Jun 01 21:04:35 UTC 2018
2126 ms. Memory: 550912K Free: 326994K (59%)
ptolemy.util.test.WatchDog.cancel(): canceling Fri Jun 01 21:04:37 UTC 2018
------------------ testing $PTII/ptolemy/domains/de/test/auto/OpenQueuingNetwork.xml
auto.tcl: Setting watchdog for 200 seconds at Fri Jun 01 21:04:37 UTC 2018
218 ms. Memory: 549888K Free: 445445K (81%)
ptolemy.util.test.WatchDog.cancel(): canceling Fri Jun 01 21:04:37 UTC 2018
auto.tcl: Setting watchdog for 200 seconds at Fri Jun 01 21:04:37 UTC 2018
214 ms. Memory: 549888K Free: 385643K (70%)
ptolemy.util.test.WatchDog.cancel(): canceling Fri Jun 01 21:04:37 UTC 2018
------------------ testing $PTII/ptolemy/domains/de/test/auto/PeriodicSampler.xml
auto.tcl: Setting watchdog for 200 seconds at Fri Jun 01 21:04:37 UTC 2018
2 ms. Memory: 551936K Free: 531936K (96%)
ptolemy.util.test.WatchDog.cancel(): canceling Fri Jun 01 21:04:37 UTC 2018
auto.tcl: Setting watchdog for 200 seconds at Fri Jun 01 21:04:37 UTC 2018
2 ms. Memory: 551936K Free: 531936K (96%)
ptolemy.util.test.WatchDog.cancel(): canceling Fri Jun 01 21:04:37 UTC 2018
------------------ testing $PTII/ptolemy/domains/de/test/auto/PersistentIO.xml
auto.tcl: Setting watchdog for 200 seconds at Fri Jun 01 21:04:37 UTC 2018
10 ms. Memory: 549376K Free: 524532K (95%)
ptolemy.util.test.WatchDog.cancel(): canceling Fri Jun 01 21:04:37 UTC 2018
auto.tcl: Setting watchdog for 200 seconds at Fri Jun 01 21:04:37 UTC 2018
3 ms. Memory: 549376K Free: 524532K (95%)
ptolemy.util.test.WatchDog.cancel(): canceling Fri Jun 01 21:04:37 UTC 2018
------------------ testing $PTII/ptolemy/domains/de/test/auto/PortParameterResetOnInitialize.xml
auto.tcl: Setting watchdog for 200 seconds at Fri Jun 01 21:04:37 UTC 2018
2 ms. Memory: 551424K Free: 531885K (96%)
ptolemy.util.test.WatchDog.cancel(): canceling Fri Jun 01 21:04:37 UTC 2018
auto.tcl: Setting watchdog for 200 seconds at Fri Jun 01 21:04:37 UTC 2018
1 ms. Memory: 551424K Free: 531885K (96%)
ptolemy.util.test.WatchDog.cancel(): canceling Fri Jun 01 21:04:37 UTC 2018
------------------ testing $PTII/ptolemy/domains/de/test/auto/PortParameterUpdates.xml
auto.tcl: Setting watchdog for 200 seconds at Fri Jun 01 21:04:38 UTC 2018
4 ms. Memory: 549376K Free: 529970K (96%)
ptolemy.util.test.WatchDog.cancel(): canceling Fri Jun 01 21:04:38 UTC 2018
auto.tcl: Setting watchdog for 200 seconds at Fri Jun 01 21:04:38 UTC 2018
5 ms. Memory: 549376K Free: 524534K (95%)
ptolemy.util.test.WatchDog.cancel(): canceling Fri Jun 01 21:04:38 UTC 2018
------------------ testing $PTII/ptolemy/domains/de/test/auto/QueueAndServer.xml
auto.tcl: Setting watchdog for 200 seconds at Fri Jun 01 21:04:38 UTC 2018
18 ms. Memory: 551424K Free: 526544K (95%)
ptolemy.util.test.WatchDog.cancel(): canceling Fri Jun 01 21:04:38 UTC 2018
auto.tcl: Setting watchdog for 200 seconds at Fri Jun 01 21:04:38 UTC 2018
5 ms. Memory: 551424K Free: 526544K (95%)
ptolemy.util.test.WatchDog.cancel(): canceling Fri Jun 01 21:04:38 UTC 2018
------------------ testing $PTII/ptolemy/domains/de/test/auto/Records.xml
auto.tcl: Setting watchdog for 200 seconds at Fri Jun 01 21:04:38 UTC 2018
10 ms. Memory: 549376K Free: 529646K (96%)
ptolemy.util.test.WatchDog.cancel(): canceling Fri Jun 01 21:04:38 UTC 2018
auto.tcl: Setting watchdog for 200 seconds at Fri Jun 01 21:04:38 UTC 2018
2 ms. Memory: 549376K Free: 524209K (95%)
ptolemy.util.test.WatchDog.cancel(): canceling Fri Jun 01 21:04:38 UTC 2018
------------------ testing $PTII/ptolemy/domains/de/test/auto/ResetTransitionWithStartTime1.xml
auto.tcl: Setting watchdog for 200 seconds at Fri Jun 01 21:04:38 UTC 2018
6 ms. Memory: 551424K Free: 530946K (96%)
ptolemy.util.test.WatchDog.cancel(): canceling Fri Jun 01 21:04:38 UTC 2018
auto.tcl: Setting watchdog for 200 seconds at Fri Jun 01 21:04:38 UTC 2018
6 ms. Memory: 551424K Free: 530946K (96%)
ptolemy.util.test.WatchDog.cancel(): canceling Fri Jun 01 21:04:38 UTC 2018
------------------ testing $PTII/ptolemy/domains/de/test/auto/ResetTransitionWithStartTime2.xml
auto.tcl: Setting watchdog for 200 seconds at Fri Jun 01 21:04:38 UTC 2018
6 ms. Memory: 549376K Free: 529127K (96%)
ptolemy.util.test.WatchDog.cancel(): canceling Fri Jun 01 21:04:38 UTC 2018
auto.tcl: Setting watchdog for 200 seconds at Fri Jun 01 21:04:38 UTC 2018
4 ms. Memory: 549376K Free: 529127K (96%)
ptolemy.util.test.WatchDog.cancel(): canceling Fri Jun 01 21:04:38 UTC 2018
------------------ testing $PTII/ptolemy/domains/de/test/auto/ResetTransitionWithStartTime3.xml
auto.tcl: Setting watchdog for 200 seconds at Fri Jun 01 21:04:38 UTC 2018
6 ms. Memory: 550912K Free: 530432K (96%)
ptolemy.util.test.WatchDog.cancel(): canceling Fri Jun 01 21:04:38 UTC 2018
auto.tcl: Setting watchdog for 200 seconds at Fri Jun 01 21:04:38 UTC 2018
5 ms. Memory: 550912K Free: 530432K (96%)
ptolemy.util.test.WatchDog.cancel(): canceling Fri Jun 01 21:04:38 UTC 2018
------------------ testing $PTII/ptolemy/domains/de/test/auto/ResetTransitionWithStartTime4.xml
auto.tcl: Setting watchdog for 200 seconds at Fri Jun 01 21:04:38 UTC 2018
3 ms. Memory: 549376K Free: 528887K (96%)
ptolemy.util.test.WatchDog.cancel(): canceling Fri Jun 01 21:04:38 UTC 2018
auto.tcl: Setting watchdog for 200 seconds at Fri Jun 01 21:04:38 UTC 2018
3 ms. Memory: 549376K Free: 528887K (96%)
ptolemy.util.test.WatchDog.cancel(): canceling Fri Jun 01 21:04:38 UTC 2018
------------------ testing $PTII/ptolemy/domains/de/test/auto/ResettableTimer1.xml
auto.tcl: Setting watchdog for 200 seconds at Fri Jun 01 21:04:38 UTC 2018
3 ms. Memory: 550912K Free: 535871K (97%)
ptolemy.util.test.WatchDog.cancel(): canceling Fri Jun 01 21:04:38 UTC 2018
auto.tcl: Setting watchdog for 200 seconds at Fri Jun 01 21:04:38 UTC 2018
1 ms. Memory: 550912K Free: 535871K (97%)
ptolemy.util.test.WatchDog.cancel(): canceling Fri Jun 01 21:04:38 UTC 2018
------------------ testing $PTII/ptolemy/domains/de/test/auto/ResettableTimer2.xml
auto.tcl: Setting watchdog for 200 seconds at Fri Jun 01 21:04:38 UTC 2018
2 ms. Memory: 549376K Free: 534623K (97%)
ptolemy.util.test.WatchDog.cancel(): canceling Fri Jun 01 21:04:38 UTC 2018
auto.tcl: Setting watchdog for 200 seconds at Fri Jun 01 21:04:38 UTC 2018
2 ms. Memory: 549376K Free: 534623K (97%)
ptolemy.util.test.WatchDog.cancel(): canceling Fri Jun 01 21:04:38 UTC 2018
------------------ testing $PTII/ptolemy/domains/de/test/auto/ResettableTimer3.xml
auto.tcl: Setting watchdog for 200 seconds at Fri Jun 01 21:04:38 UTC 2018
1 ms. Memory: 550912K Free: 535928K (97%)
ptolemy.util.test.WatchDog.cancel(): canceling Fri Jun 01 21:04:38 UTC 2018
auto.tcl: Setting watchdog for 200 seconds at Fri Jun 01 21:04:38 UTC 2018
1 ms. Memory: 550912K Free: 535928K (97%)
ptolemy.util.test.WatchDog.cancel(): canceling Fri Jun 01 21:04:38 UTC 2018
------------------ testing $PTII/ptolemy/domains/de/test/auto/ResettableTimer4.xml
auto.tcl: Setting watchdog for 200 seconds at Fri Jun 01 21:04:38 UTC 2018
1 ms. Memory: 549376K Free: 534635K (97%)
ptolemy.util.test.WatchDog.cancel(): canceling Fri Jun 01 21:04:38 UTC 2018
auto.tcl: Setting watchdog for 200 seconds at Fri Jun 01 21:04:38 UTC 2018
1 ms. Memory: 549376K Free: 534635K (97%)
ptolemy.util.test.WatchDog.cancel(): canceling Fri Jun 01 21:04:38 UTC 2018
------------------ testing $PTII/ptolemy/domains/de/test/auto/ResettableTimer5.xml
auto.tcl: Setting watchdog for 200 seconds at Fri Jun 01 21:04:38 UTC 2018
1 ms. Memory: 550400K Free: 530978K (96%)
ptolemy.util.test.WatchDog.cancel(): canceling Fri Jun 01 21:04:38 UTC 2018
auto.tcl: Setting watchdog for 200 seconds at Fri Jun 01 21:04:38 UTC 2018
1 ms. Memory: 550400K Free: 530978K (96%)
ptolemy.util.test.WatchDog.cancel(): canceling Fri Jun 01 21:04:38 UTC 2018
------------------ testing $PTII/ptolemy/domains/de/test/auto/ResettableTimer6.xml
auto.tcl: Setting watchdog for 200 seconds at Fri Jun 01 21:04:38 UTC 2018
4 ms. Memory: 549376K Free: 529674K (96%)
ptolemy.util.test.WatchDog.cancel(): canceling Fri Jun 01 21:04:38 UTC 2018
auto.tcl: Setting watchdog for 200 seconds at Fri Jun 01 21:04:38 UTC 2018
1 ms. Memory: 549376K Free: 529674K (96%)
ptolemy.util.test.WatchDog.cancel(): canceling Fri Jun 01 21:04:38 UTC 2018
------------------ testing $PTII/ptolemy/domains/de/test/auto/ServerZeroDelay.xml
auto.tcl: Setting watchdog for 200 seconds at Fri Jun 01 21:04:38 UTC 2018
2 ms. Memory: 550400K Free: 535367K (97%)
ptolemy.util.test.WatchDog.cancel(): canceling Fri Jun 01 21:04:38 UTC 2018
auto.tcl: Setting watchdog for 200 seconds at Fri Jun 01 21:04:38 UTC 2018
2 ms. Memory: 550400K Free: 535367K (97%)
ptolemy.util.test.WatchDog.cancel(): canceling Fri Jun 01 21:04:38 UTC 2018
------------------ testing $PTII/ptolemy/domains/de/test/auto/SmartSender.xml
auto.tcl: Setting watchdog for 200 seconds at Fri Jun 01 21:04:38 UTC 2018
3002 ms. Memory: 549376K Free: 534568K (97%)
ptolemy.util.test.WatchDog.cancel(): canceling Fri Jun 01 21:04:41 UTC 2018
auto.tcl: Setting watchdog for 200 seconds at Fri Jun 01 21:04:41 UTC 2018
3002 ms. Memory: 549376K Free: 534568K (97%)
ptolemy.util.test.WatchDog.cancel(): canceling Fri Jun 01 21:04:44 UTC 2018
------------------ testing $PTII/ptolemy/domains/de/test/auto/ThreadedComposite.xml
auto.tcl: Setting watchdog for 200 seconds at Fri Jun 01 21:04:44 UTC 2018
188 ms. Memory: 550400K Free: 510447K (93%)
ptolemy.util.test.WatchDog.cancel(): canceling Fri Jun 01 21:04:45 UTC 2018
auto.tcl: Setting watchdog for 200 seconds at Fri Jun 01 21:04:45 UTC 2018
133 ms. Memory: 550400K Free: 495652K (90%)
ptolemy.util.test.WatchDog.cancel(): canceling Fri Jun 01 21:04:45 UTC 2018
------------------ testing $PTII/ptolemy/domains/de/test/auto/Time.xml
auto.tcl: Setting watchdog for 200 seconds at Fri Jun 01 21:04:45 UTC 2018
466 ms. Memory: 549376K Free: 482586K (88%)
ptolemy.util.test.WatchDog.cancel(): canceling Fri Jun 01 21:04:45 UTC 2018
auto.tcl: Setting watchdog for 200 seconds at Fri Jun 01 21:04:45 UTC 2018
477 ms. Memory: 549376K Free: 428221K (78%)
ptolemy.util.test.WatchDog.cancel(): canceling Fri Jun 01 21:04:46 UTC 2018
------------------ testing $PTII/ptolemy/domains/de/test/auto/TimeDelayZeroDelay.xml
auto.tcl: Setting watchdog for 200 seconds at Fri Jun 01 21:04:46 UTC 2018
2 ms. Memory: 550400K Free: 535284K (97%)
ptolemy.util.test.WatchDog.cancel(): canceling Fri Jun 01 21:04:46 UTC 2018
auto.tcl: Setting watchdog for 200 seconds at Fri Jun 01 21:04:46 UTC 2018
3 ms. Memory: 550400K Free: 535284K (97%)
ptolemy.util.test.WatchDog.cancel(): canceling Fri Jun 01 21:04:46 UTC 2018
------------------ testing $PTII/ptolemy/domains/de/test/auto/TimerZeroDelay.xml
auto.tcl: Setting watchdog for 200 seconds at Fri Jun 01 21:04:46 UTC 2018
3 ms. Memory: 549376K Free: 534534K (97%)
ptolemy.util.test.WatchDog.cancel(): canceling Fri Jun 01 21:04:46 UTC 2018
auto.tcl: Setting watchdog for 200 seconds at Fri Jun 01 21:04:46 UTC 2018
1 ms. Memory: 549376K Free: 534534K (97%)
ptolemy.util.test.WatchDog.cancel(): canceling Fri Jun 01 21:04:46 UTC 2018
------------------ testing $PTII/ptolemy/domains/de/test/auto/TimingParadox.xml
auto.tcl: Setting watchdog for 200 seconds at Fri Jun 01 21:04:46 UTC 2018
353 ms. Memory: 549888K Free: 469375K (85%)
ptolemy.util.test.WatchDog.cancel(): canceling Fri Jun 01 21:04:46 UTC 2018
auto.tcl: Setting watchdog for 200 seconds at Fri Jun 01 21:04:46 UTC 2018
332 ms. Memory: 549888K Free: 436757K (79%)
ptolemy.util.test.WatchDog.cancel(): canceling Fri Jun 01 21:04:47 UTC 2018
------------------ testing $PTII/ptolemy/domains/de/test/auto/TransferInputs.xml
auto.tcl: Setting watchdog for 200 seconds at Fri Jun 01 21:04:47 UTC 2018
2 ms. Memory: 549888K Free: 533950K (97%)
ptolemy.util.test.WatchDog.cancel(): canceling Fri Jun 01 21:04:47 UTC 2018
auto.tcl: Setting watchdog for 200 seconds at Fri Jun 01 21:04:47 UTC 2018
1 ms. Memory: 549888K Free: 533950K (97%)
ptolemy.util.test.WatchDog.cancel(): canceling Fri Jun 01 21:04:47 UTC 2018
------------------ testing $PTII/ptolemy/domains/de/test/auto/TransferOutputs2.xml
auto.tcl: Setting watchdog for 200 seconds at Fri Jun 01 21:04:47 UTC 2018
2 ms. Memory: 549376K Free: 529085K (96%)
ptolemy.util.test.WatchDog.cancel(): canceling Fri Jun 01 21:04:47 UTC 2018
auto.tcl: Setting watchdog for 200 seconds at Fri Jun 01 21:04:47 UTC 2018
3 ms. Memory: 549376K Free: 529085K (96%)
ptolemy.util.test.WatchDog.cancel(): canceling Fri Jun 01 21:04:47 UTC 2018
------------------ testing $PTII/ptolemy/domains/de/test/auto/Trilateration.xml
auto.tcl: Setting watchdog for 200 seconds at Fri Jun 01 21:04:47 UTC 2018
12688 ms. Memory: 453632K Free: 131971K (29%)
ptolemy.util.test.WatchDog.cancel(): canceling Fri Jun 01 21:05:01 UTC 2018
auto.tcl: Setting watchdog for 200 seconds at Fri Jun 01 21:05:01 UTC 2018
10378 ms. Memory: 331264K Free: 245549K (74%)
ptolemy.util.test.WatchDog.cancel(): canceling Fri Jun 01 21:05:11 UTC 2018
------------------ testing $PTII/ptolemy/domains/de/test/auto/TwoSigmaDelta.xml
auto.tcl: Setting watchdog for 200 seconds at Fri Jun 01 21:05:11 UTC 2018
2530 ms. Memory: 320000K Free: 275334K (86%)
ptolemy.util.test.WatchDog.cancel(): canceling Fri Jun 01 21:05:14 UTC 2018
auto.tcl: Setting watchdog for 200 seconds at Fri Jun 01 21:05:14 UTC 2018
1932 ms. Memory: 307712K Free: 273478K (89%)
ptolemy.util.test.WatchDog.cancel(): canceling Fri Jun 01 21:05:16 UTC 2018
------------------ testing $PTII/ptolemy/domains/de/test/auto/VariableDelay.xml
auto.tcl: Setting watchdog for 200 seconds at Fri Jun 01 21:05:16 UTC 2018
2 ms. Memory: 309760K Free: 293192K (95%)
ptolemy.util.test.WatchDog.cancel(): canceling Fri Jun 01 21:05:16 UTC 2018
auto.tcl: Setting watchdog for 200 seconds at Fri Jun 01 21:05:16 UTC 2018
1 ms. Memory: 309760K Free: 293192K (95%)
ptolemy.util.test.WatchDog.cancel(): canceling Fri Jun 01 21:05:16 UTC 2018
------------------ testing $PTII/ptolemy/domains/de/test/auto/VariableDelay2.xml
auto.tcl: Setting watchdog for 200 seconds at Fri Jun 01 21:05:16 UTC 2018
8 ms. Memory: 307712K Free: 293827K (95%)
ptolemy.util.test.WatchDog.cancel(): canceling Fri Jun 01 21:05:16 UTC 2018
auto.tcl: Setting watchdog for 200 seconds at Fri Jun 01 21:05:16 UTC 2018
2 ms. Memory: 307712K Free: 293827K (95%)
ptolemy.util.test.WatchDog.cancel(): canceling Fri Jun 01 21:05:16 UTC 2018
------------------ testing $PTII/ptolemy/domains/de/test/auto/VariableDelayZeroDelay.xml
auto.tcl: Setting watchdog for 200 seconds at Fri Jun 01 21:05:16 UTC 2018
2 ms. Memory: 309248K Free: 296490K (96%)
ptolemy.util.test.WatchDog.cancel(): canceling Fri Jun 01 21:05:16 UTC 2018
auto.tcl: Setting watchdog for 200 seconds at Fri Jun 01 21:05:16 UTC 2018
1 ms. Memory: 309248K Free: 293099K (95%)
ptolemy.util.test.WatchDog.cancel(): canceling Fri Jun 01 21:05:16 UTC 2018
------------------ testing $PTII/ptolemy/domains/de/test/auto/VariableDelayZeroDelay2.xml
auto.tcl: Setting watchdog for 200 seconds at Fri Jun 01 21:05:16 UTC 2018
2 ms. Memory: 307712K Free: 294952K (96%)
ptolemy.util.test.WatchDog.cancel(): canceling Fri Jun 01 21:05:16 UTC 2018
auto.tcl: Setting watchdog for 200 seconds at Fri Jun 01 21:05:16 UTC 2018
2 ms. Memory: 307712K Free: 291577K (95%)
ptolemy.util.test.WatchDog.cancel(): canceling Fri Jun 01 21:05:16 UTC 2018
------------------ testing $PTII/ptolemy/domains/de/test/auto/deInCt.xml
auto.tcl: Setting watchdog for 200 seconds at Fri Jun 01 21:05:16 UTC 2018
0
1
1
1
0
0
0
0
0
0
0
1
1
1
1
0
0
0
1
1
1
0
0
0
1
1
1
1
1
0
0
0
0
9 ms. Memory: 309248K Free: 293094K (95%)
ptolemy.util.test.WatchDog.cancel(): canceling Fri Jun 01 21:05:16 UTC 2018
auto.tcl: Setting watchdog for 200 seconds at Fri Jun 01 21:05:16 UTC 2018
0
1
1
1
1
1
1
0
0
0
1
1
1
1
0
0
0
1
1
1
0
0
0
1
1
1
0
0
0
1
1
1
1
0
0
0
1
1
1
1
7 ms. Memory: 309248K Free: 293094K (95%)
ptolemy.util.test.WatchDog.cancel(): canceling Fri Jun 01 21:05:16 UTC 2018
------------------ testing $PTII/ptolemy/domains/de/test/auto/deInCt2.xml
auto.tcl: Setting watchdog for 200 seconds at Fri Jun 01 21:05:16 UTC 2018
0
1
1
1
0
0
1
1
1
0
0
1
1
1
0
0
1
1
1
0
0
1
1
1
0
0
1
1
1
0
0
1
1
1
0
0
1
1
1
0
0
0
11 ms. Memory: 307712K Free: 291545K (95%)
ptolemy.util.test.WatchDog.cancel(): canceling Fri Jun 01 21:05:16 UTC 2018
auto.tcl: Setting watchdog for 200 seconds at Fri Jun 01 21:05:16 UTC 2018
0
1
1
1
0
0
1
1
1
0
0
1
1
1
0
0
1
1
1
0
0
1
1
1
0
0
1
1
1
0
0
1
1
1
0
0
1
1
1
0
0
0
4 ms. Memory: 307712K Free: 291545K (95%)
ptolemy.util.test.WatchDog.cancel(): canceling Fri Jun 01 21:05:16 UTC 2018
------------------ testing $PTII/ptolemy/domains/de/test/auto/dynamicCausalityInterface1.xml
auto.tcl: Setting watchdog for 200 seconds at Fri Jun 01 21:05:16 UTC 2018
2 ms. Memory: 308736K Free: 289203K (94%)
ptolemy.util.test.WatchDog.cancel(): canceling Fri Jun 01 21:05:16 UTC 2018
auto.tcl: Setting watchdog for 200 seconds at Fri Jun 01 21:05:16 UTC 2018
1 ms. Memory: 308736K Free: 289203K (94%)
ptolemy.util.test.WatchDog.cancel(): canceling Fri Jun 01 21:05:16 UTC 2018
------------------ testing $PTII/ptolemy/domains/de/test/auto/fsm_de_test.xml
auto.tcl: Setting watchdog for 200 seconds at Fri Jun 01 21:05:16 UTC 2018
7 ms. Memory: 307712K Free: 288082K (94%)
ptolemy.util.test.WatchDog.cancel(): canceling Fri Jun 01 21:05:16 UTC 2018
auto.tcl: Setting watchdog for 200 seconds at Fri Jun 01 21:05:16 UTC 2018
5 ms. Memory: 307712K Free: 288082K (94%)
ptolemy.util.test.WatchDog.cancel(): canceling Fri Jun 01 21:05:16 UTC 2018
------------------ testing $PTII/ptolemy/domains/de/test/auto/functionDependencyReconstruction.xml
auto.tcl: Setting watchdog for 200 seconds at Fri Jun 01 21:05:16 UTC 2018
2 ms. Memory: 308736K Free: 282347K (91%)
ptolemy.util.test.WatchDog.cancel(): canceling Fri Jun 01 21:05:16 UTC 2018
auto.tcl: Setting watchdog for 200 seconds at Fri Jun 01 21:05:16 UTC 2018
2 ms. Memory: 308736K Free: 278971K (90%)
ptolemy.util.test.WatchDog.cancel(): canceling Fri Jun 01 21:05:16 UTC 2018
------------------ testing $PTII/ptolemy/domains/de/test/auto/multirate.xml
auto.tcl: Setting watchdog for 200 seconds at Fri Jun 01 21:05:16 UTC 2018
3 ms. Memory: 307712K Free: 291332K (95%)
ptolemy.util.test.WatchDog.cancel(): canceling Fri Jun 01 21:05:16 UTC 2018
auto.tcl: Setting watchdog for 200 seconds at Fri Jun 01 21:05:16 UTC 2018
4 ms. Memory: 307712K Free: 287941K (94%)
ptolemy.util.test.WatchDog.cancel(): canceling Fri Jun 01 21:05:16 UTC 2018
------------------ testing $PTII/ptolemy/domains/de/test/auto/multirate2.xml
auto.tcl: Setting watchdog for 200 seconds at Fri Jun 01 21:05:16 UTC 2018
3 ms. Memory: 308736K Free: 292536K (95%)
ptolemy.util.test.WatchDog.cancel(): canceling Fri Jun 01 21:05:16 UTC 2018
auto.tcl: Setting watchdog for 200 seconds at Fri Jun 01 21:05:16 UTC 2018
3 ms. Memory: 308736K Free: 289161K (94%)
ptolemy.util.test.WatchDog.cancel(): canceling Fri Jun 01 21:05:16 UTC 2018
------------------ testing $PTII/ptolemy/domains/de/test/auto/realtime.xml
auto.tcl: Setting watchdog for 200 seconds at Fri Jun 01 21:05:16 UTC 2018
10002 ms. Memory: 307712K Free: 291490K (95%)
ptolemy.util.test.WatchDog.cancel(): canceling Fri Jun 01 21:05:26 UTC 2018
auto.tcl: Setting watchdog for 200 seconds at Fri Jun 01 21:05:26 UTC 2018
10001 ms. Memory: 307712K Free: 291490K (95%)
ptolemy.util.test.WatchDog.cancel(): canceling Fri Jun 01 21:05:36 UTC 2018
------------------ testing $PTII/ptolemy/domains/de/test/auto/relationGroup.xml
auto.tcl: Setting watchdog for 200 seconds at Fri Jun 01 21:05:37 UTC 2018
1 ms. Memory: 308224K Free: 295432K (96%)
ptolemy.util.test.WatchDog.cancel(): canceling Fri Jun 01 21:05:37 UTC 2018
auto.tcl: Setting watchdog for 200 seconds at Fri Jun 01 21:05:37 UTC 2018
1 ms. Memory: 308224K Free: 295432K (96%)
ptolemy.util.test.WatchDog.cancel(): canceling Fri Jun 01 21:05:37 UTC 2018
------------------ testing $PTII/ptolemy/domains/de/test/auto/relationGroup2.xml
auto.tcl: Setting watchdog for 200 seconds at Fri Jun 01 21:05:37 UTC 2018
1 ms. Memory: 307712K Free: 294944K (96%)
ptolemy.util.test.WatchDog.cancel(): canceling Fri Jun 01 21:05:37 UTC 2018
auto.tcl: Setting watchdog for 200 seconds at Fri Jun 01 21:05:37 UTC 2018
0 ms. Memory: 307712K Free: 294944K (96%)
ptolemy.util.test.WatchDog.cancel(): canceling Fri Jun 01 21:05:37 UTC 2018
------------------ testing $PTII/ptolemy/domains/de/test/auto/sortWithOpaquePorts.xml
auto.tcl: Setting watchdog for 200 seconds at Fri Jun 01 21:05:37 UTC 2018
1 ms. Memory: 308224K Free: 292067K (95%)
ptolemy.util.test.WatchDog.cancel(): canceling Fri Jun 01 21:05:37 UTC 2018
auto.tcl: Setting watchdog for 200 seconds at Fri Jun 01 21:05:37 UTC 2018
1 ms. Memory: 308224K Free: 292067K (95%)
ptolemy.util.test.WatchDog.cancel(): canceling Fri Jun 01 21:05:37 UTC 2018
------------------ testing $PTII/ptolemy/domains/de/test/auto/transferInputsandOutputs.xml
auto.tcl: Setting watchdog for 200 seconds at Fri Jun 01 21:05:37 UTC 2018
3 ms. Memory: 307712K Free: 291542K (95%)
ptolemy.util.test.WatchDog.cancel(): canceling Fri Jun 01 21:05:37 UTC 2018
auto.tcl: Setting watchdog for 200 seconds at Fri Jun 01 21:05:37 UTC 2018
1 ms. Memory: 307712K Free: 288151K (94%)
ptolemy.util.test.WatchDog.cancel(): canceling Fri Jun 01 21:05:37 UTC 2018
------------------ testing $PTII/ptolemy/domains/de/test/auto/triggerType.xml
auto.tcl: Setting watchdog for 200 seconds at Fri Jun 01 21:05:37 UTC 2018
1 ms. Memory: 308224K Free: 295395K (96%)
ptolemy.util.test.WatchDog.cancel(): canceling Fri Jun 01 21:05:37 UTC 2018
auto.tcl: Setting watchdog for 200 seconds at Fri Jun 01 21:05:37 UTC 2018
1 ms. Memory: 308224K Free: 292012K (95%)
ptolemy.util.test.WatchDog.cancel(): canceling Fri Jun 01 21:05:37 UTC 2018
06/01/18 09:05:37
Failed: 0  Total Tests: 192  ((Passed: 187, Newly Passed: 1)  Known Failed: 5) /home/travis/build/icyphy/ptII/ptolemy/domains/de/test
06/01/18 09:05:37
Failed: 0  Total Tests: 192  ((Passed: 187, Newly Passed: 1)  Known Failed: 5) /home/travis/build/icyphy/ptII/ptolemy/domains/de/test
----------------- testing (KnownFailure) /home/travis/build/icyphy/ptII/ptolemy/domains/de/test/auto/knownFailedTests/DESDFClockTest.xml
2012 ms. Memory: 307712K Free: 285856K (93%)
Known Failure: java.lang.reflect.InvocationTargetException
----------------- testing (KnownFailure) /home/travis/build/icyphy/ptII/ptolemy/domains/de/test/auto/knownFailedTests/DirectFeedback.xml
1 ms. Memory: 307712K Free: 267751K (87%)
Known Failure: java.lang.reflect.InvocationTargetException
----------------- testing (KnownFailure) /home/travis/build/icyphy/ptII/ptolemy/domains/de/test/auto/knownFailedTests/FSMSource.xml
3 ms. Memory: 307712K Free: 245104K (80%)
----------------- testing (KnownFailure) /home/travis/build/icyphy/ptII/ptolemy/domains/de/test/auto/knownFailedTests/HierarchicalModel.xml
2 ms. Memory: 307712K Free: 222442K (72%)
Known Failure: java.lang.reflect.InvocationTargetException
----------------- testing (KnownFailure) /home/travis/build/icyphy/ptII/ptolemy/domains/de/test/auto/knownFailedTests/dependencyLoop.xml
1 ms. Memory: 307712K Free: 190727K (62%)
Known Failure: java.lang.reflect.InvocationTargetException
----------------- testing (KnownFailure) /home/travis/build/icyphy/ptII/ptolemy/domains/de/test/auto/knownFailedTests/dependencyLoop2.xml
2 ms. Memory: 307712K Free: 159020K (52%)
Known Failure: java.lang.reflect.InvocationTargetException
No auto/linux-amd64/*.xml tests in /home/travis/build/icyphy/ptII/ptolemy/domains/de/test
AutoTests.java: About to close Vertx.
AutoTests.java: Vertx closed.

===========================================================================================
----------------- testing Fri Jun 01 21:05:39 UTC 2018 /home/travis/build/icyphy/ptII/ptolemy/domains/de/test/auto/ActorDepthCalculation_actorWithoutPorts.xml
----------------- Instantiating /home/travis/build/icyphy/ptII/ptolemy/domains/de/test/auto/ActorDepthCalculation_actorWithoutPorts.xml
1 ms. Memory: 307712K Free: 131847K (43%)
----------------- Invoking toplevel() on ptolemy.moml.MoMLSimpleApplication@23405691
----------------- Done invoking toplevel() on ptolemy.moml.MoMLSimpleApplication@23405691
reloadAllAccessors: .ActorDepthCalculation_actorWithoutPorts

===========================================================================================
----------------- testing Fri Jun 01 21:05:39 UTC 2018 /home/travis/build/icyphy/ptII/ptolemy/domains/de/test/auto/AssemblyLine.xml
----------------- Instantiating /home/travis/build/icyphy/ptII/ptolemy/domains/de/test/auto/AssemblyLine.xml
1 ms. Memory: 307712K Free: 118269K (38%)
----------------- Invoking toplevel() on ptolemy.moml.MoMLSimpleApplication@399d977c
----------------- Done invoking toplevel() on ptolemy.moml.MoMLSimpleApplication@399d977c
reloadAllAccessors: .AssemblyLine

===========================================================================================
----------------- testing Fri Jun 01 21:05:39 UTC 2018 /home/travis/build/icyphy/ptII/ptolemy/domains/de/test/auto/CQBug1.xml
----------------- Instantiating /home/travis/build/icyphy/ptII/ptolemy/domains/de/test/auto/CQBug1.xml
1 ms. Memory: 307712K Free: 109217K (35%)
----------------- Invoking toplevel() on ptolemy.moml.MoMLSimpleApplication@6590423b
----------------- Done invoking toplevel() on ptolemy.moml.MoMLSimpleApplication@6590423b
reloadAllAccessors: .CQBug1

===========================================================================================
----------------- testing Fri Jun 01 21:05:39 UTC 2018 /home/travis/build/icyphy/ptII/ptolemy/domains/de/test/auto/CancelFireAt.xml
----------------- Instantiating /home/travis/build/icyphy/ptII/ptolemy/domains/de/test/auto/CancelFireAt.xml
0 ms. Memory: 307712K Free: 100164K (33%)
----------------- Invoking toplevel() on ptolemy.moml.MoMLSimpleApplication@7fe19006
----------------- Done invoking toplevel() on ptolemy.moml.MoMLSimpleApplication@7fe19006
reloadAllAccessors: .CancelFireAt

===========================================================================================
----------------- testing Fri Jun 01 21:05:39 UTC 2018 /home/travis/build/icyphy/ptII/ptolemy/domains/de/test/auto/CausalityAndComposabilityAnalysis.xml
----------------- Instantiating /home/travis/build/icyphy/ptII/ptolemy/domains/de/test/auto/CausalityAndComposabilityAnalysis.xml
1 ms. Memory: 307712K Free: 91112K (30%)
----------------- Invoking toplevel() on ptolemy.moml.MoMLSimpleApplication@548a6898
----------------- Done invoking toplevel() on ptolemy.moml.MoMLSimpleApplication@548a6898
reloadAllAccessors: .CausalityAndComposabilityAnalysis

===========================================================================================
----------------- testing Fri Jun 01 21:05:39 UTC 2018 /home/travis/build/icyphy/ptII/ptolemy/domains/de/test/auto/CausalityInterface1.xml
----------------- Instantiating /home/travis/build/icyphy/ptII/ptolemy/domains/de/test/auto/CausalityInterface1.xml
3 ms. Memory: 307712K Free: 78685K (26%)
----------------- Invoking toplevel() on ptolemy.moml.MoMLSimpleApplication@7c472cab
----------------- Done invoking toplevel() on ptolemy.moml.MoMLSimpleApplication@7c472cab
reloadAllAccessors: .CausalityInterface1

===========================================================================================
----------------- testing Fri Jun 01 21:05:39 UTC 2018 /home/travis/build/icyphy/ptII/ptolemy/domains/de/test/auto/CausalityInterface15.xml
----------------- Instantiating /home/travis/build/icyphy/ptII/ptolemy/domains/de/test/auto/CausalityInterface15.xml
1 ms. Memory: 298496K Free: 286442K (96%)
----------------- Invoking toplevel() on ptolemy.moml.MoMLSimpleApplication@42dcfc33
----------------- Done invoking toplevel() on ptolemy.moml.MoMLSimpleApplication@42dcfc33
reloadAllAccessors: .CausalityInterface15

[...]
java.lang.RuntimeException: Execution failed
	at ptolemy.moml.MoMLSimpleApplication$UnloadThread.run(MoMLSimpleApplication.java:402)
Caused by: ptolemy.kernel.util.IllegalActionException: Test fails in iteration 1.
Value was: 1.0. Should have been: 2.0
  in .DirectFeedback.Test
	at ptolemy.actor.lib.Test.fire(Test.java:268)
	at ptolemy.domains.de.kernel.DEDirector._fire(DEDirector.java:1948)
	at ptolemy.domains.de.kernel.DEDirector.fire(DEDirector.java:502)
	at ptolemy.actor.CompositeActor.fire(CompositeActor.java:455)
	at ptolemy.actor.Manager.iterate(Manager.java:851)
	at ptolemy.actor.Manager.execute(Manager.java:369)
	at ptolemy.actor.Manager.run(Manager.java:1263)
	at ptolemy.actor.Manager$PtolemyRunThread.run(Manager.java:1915)
java.lang.RuntimeException: Execution failed
	at ptolemy.moml.MoMLSimpleApplication$UnloadThread.run(MoMLSimpleApplication.java:402)
Caused by: ptolemy.kernel.util.IllegalActionException: Actor is not ready to fire.  Perhaps UpSample.prefire() returned false? Try debugging the actor by selecting "Listen to Actor".  Also, for SDF check moml for tokenConsumptionRate on input.
  in .DESDFClockTest.Play Bell.Copy1:SDF Director and .DESDFClockTest.Play Bell.UpSample
	at ptolemy.actor.sched.StaticSchedulingDirector.fire(StaticSchedulingDirector.java:227)
	at ptolemy.domains.sdf.kernel.SDFDirector.fire(SDFDirector.java:500)
	at ptolemy.actor.CompositeActor.fire(CompositeActor.java:455)
	at ptolemy.domains.de.kernel.DEDirector._fire(DEDirector.java:1948)
	at ptolemy.domains.de.kernel.DEDirector.fire(DEDirector.java:502)
	at ptolemy.actor.CompositeActor.fire(CompositeActor.java:455)
	at ptolemy.actor.Manager.iterate(Manager.java:851)
	at ptolemy.actor.Manager.execute(Manager.java:369)
	at ptolemy.actor.Manager.run(Manager.java:1263)
	at ptolemy.actor.Manager$PtolemyRunThread.run(Manager.java:1915)
java.lang.reflect.InvocationTargetException
	at sun.reflect.NativeConstructorAccessorImpl.newInstance0(Native Method)
	at sun.reflect.NativeConstructorAccessorImpl.newInstance(NativeConstructorAccessorImpl.java:62)
	at sun.reflect.DelegatingConstructorAccessorImpl.newInstance(DelegatingConstructorAccessorImpl.java:45)
	at java.lang.reflect.Constructor.newInstance(Constructor.java:423)
	at ptolemy.util.test.junit.AutoKnownFailedTests.RunModel(AutoKnownFailedTests.java:107)
	at sun.reflect.NativeMethodAccessorImpl.invoke0(Native Method)
	at sun.reflect.NativeMethodAccessorImpl.invoke(NativeMethodAccessorImpl.java:62)
	at sun.reflect.DelegatingMethodAccessorImpl.invoke(DelegatingMethodAccessorImpl.java:43)
	at java.lang.reflect.Method.invoke(Method.java:498)
	at org.junit.runners.model.FrameworkMethod$1.runReflectiveCall(FrameworkMethod.java:44)
	at org.junit.internal.runners.model.ReflectiveCallable.run(ReflectiveCallable.java:15)
	at org.junit.runners.model.FrameworkMethod.invokeExplosively(FrameworkMethod.java:41)
	at junitparams.internal.InvokeParameterisedMethod.evaluate(InvokeParameterisedMethod.java:102)
	at org.junit.internal.runners.statements.FailOnTimeout$1.run(FailOnTimeout.java:28)
Caused by: ptolemy.kernel.util.IllegalActionException: Actor is not ready to fire.  Perhaps UpSample.prefire() returned false? Try debugging the actor by selecting "Listen to Actor".  Also, for SDF check moml for tokenConsumptionRate on input.
  in .DESDFClockTest.Play Bell.Copy1:SDF Director and .DESDFClockTest.Play Bell.UpSample
	at ptolemy.actor.sched.StaticSchedulingDirector.fire(StaticSchedulingDirector.java:227)
	at ptolemy.domains.sdf.kernel.SDFDirector.fire(SDFDirector.java:500)
	at ptolemy.actor.CompositeActor.fire(CompositeActor.java:455)
	at ptolemy.domains.de.kernel.DEDirector._fire(DEDirector.java:1948)
	at ptolemy.domains.de.kernel.DEDirector.fire(DEDirector.java:502)
	at ptolemy.actor.CompositeActor.fire(CompositeActor.java:455)
	at ptolemy.actor.Manager.iterate(Manager.java:851)
	at ptolemy.actor.Manager.execute(Manager.java:369)
	at ptolemy.actor.Manager.run(Manager.java:1263)
	at ptolemy.actor.Manager$PtolemyRunThread.run(Manager.java:1915)
java.lang.RuntimeException: Execution failed
	at ptolemy.moml.MoMLSimpleApplication$UnloadThread.run(MoMLSimpleApplication.java:402)
Caused by: ptolemy.kernel.util.IllegalActionException: Test fails in iteration 1.
Value was: 1.0. Should have been: 2.0
  in .DirectFeedback.Test
	at ptolemy.actor.lib.Test.fire(Test.java:268)
	at ptolemy.domains.de.kernel.DEDirector._fire(DEDirector.java:1948)
	at ptolemy.domains.de.kernel.DEDirector.fire(DEDirector.java:502)
	at ptolemy.actor.CompositeActor.fire(CompositeActor.java:455)
	at ptolemy.actor.Manager.iterate(Manager.java:851)
	at ptolemy.actor.Manager.execute(Manager.java:369)
	at ptolemy.actor.Manager.run(Manager.java:1263)
	at ptolemy.actor.Manager$PtolemyRunThread.run(Manager.java:1915)
java.lang.reflect.InvocationTargetException
	at sun.reflect.NativeConstructorAccessorImpl.newInstance0(Native Method)
	at sun.reflect.NativeConstructorAccessorImpl.newInstance(NativeConstructorAccessorImpl.java:62)
	at sun.reflect.DelegatingConstructorAccessorImpl.newInstance(DelegatingConstructorAccessorImpl.java:45)
	at java.lang.reflect.Constructor.newInstance(Constructor.java:423)
	at ptolemy.util.test.junit.AutoKnownFailedTests.RunModel(AutoKnownFailedTests.java:107)
	at sun.reflect.NativeMethodAccessorImpl.invoke0(Native Method)
	at sun.reflect.NativeMethodAccessorImpl.invoke(NativeMethodAccessorImpl.java:62)
	at sun.reflect.DelegatingMethodAccessorImpl.invoke(DelegatingMethodAccessorImpl.java:43)
	at java.lang.reflect.Method.invoke(Method.java:498)
	at org.junit.runners.model.FrameworkMethod$1.runReflectiveCall(FrameworkMethod.java:44)
	at org.junit.internal.runners.model.ReflectiveCallable.run(ReflectiveCallable.java:15)
	at org.junit.runners.model.FrameworkMethod.invokeExplosively(FrameworkMethod.java:41)
	at junitparams.internal.InvokeParameterisedMethod.evaluate(InvokeParameterisedMethod.java:102)
	at org.junit.internal.runners.statements.FailOnTimeout$1.run(FailOnTimeout.java:28)
Caused by: ptolemy.kernel.util.IllegalActionException: Test fails in iteration 1.
Value was: 1.0. Should have been: 2.0
  in .DirectFeedback.Test
	at ptolemy.actor.lib.Test.fire(Test.java:268)
	at ptolemy.domains.de.kernel.DEDirector._fire(DEDirector.java:1948)
	at ptolemy.domains.de.kernel.DEDirector.fire(DEDirector.java:502)
	at ptolemy.actor.CompositeActor.fire(CompositeActor.java:455)
	at ptolemy.actor.Manager.iterate(Manager.java:851)
	at ptolemy.actor.Manager.execute(Manager.java:369)
	at ptolemy.actor.Manager.run(Manager.java:1263)
	at ptolemy.actor.Manager$PtolemyRunThread.run(Manager.java:1915)
java.lang.RuntimeException: Execution failed
	at ptolemy.moml.MoMLSimpleApplication$UnloadThread.run(MoMLSimpleApplication.java:402)
Caused by: ptolemy.kernel.util.IllegalActionException: Found a zero delay loop containing .HierarchicalModel.A
  in .HierarchicalModel and .HierarchicalModel.A
	at ptolemy.actor.util.CausalityInterfaceForComposites._computeOutputPortDepth(CausalityInterfaceForComposites.java:759)
	at ptolemy.actor.util.CausalityInterfaceForComposites._computeInputDepth(CausalityInterfaceForComposites.java:696)
	at ptolemy.actor.util.CausalityInterfaceForComposites._computeOutputPortDepth(CausalityInterfaceForComposites.java:765)
	at ptolemy.actor.util.CausalityInterfaceForComposites._computeInputDepth(CausalityInterfaceForComposites.java:696)
	at ptolemy.actor.util.CausalityInterfaceForComposites._computeOutputPortDepth(CausalityInterfaceForComposites.java:765)
	at ptolemy.actor.util.CausalityInterfaceForComposites._computeInputDepth(CausalityInterfaceForComposites.java:696)
	at ptolemy.actor.util.CausalityInterfaceForComposites._computeActorDepth(CausalityInterfaceForComposites.java:532)
	at ptolemy.actor.util.CausalityInterfaceForComposites.checkForCycles(CausalityInterfaceForComposites.java:96)
	at ptolemy.domains.de.kernel.DEDirector.preinitialize(DEDirector.java:1337)
	at ptolemy.actor.CompositeActor.preinitialize(CompositeActor.java:1828)
	at ptolemy.actor.Manager.preinitializeAndResolveTypes(Manager.java:1040)
	at ptolemy.actor.Manager.initialize(Manager.java:710)
	at ptolemy.actor.Manager.execute(Manager.java:356)
	at ptolemy.actor.Manager.run(Manager.java:1263)
	at ptolemy.actor.Manager$PtolemyRunThread.run(Manager.java:1915)
java.lang.reflect.InvocationTargetException
	at sun.reflect.NativeConstructorAccessorImpl.newInstance0(Native Method)
	at sun.reflect.NativeConstructorAccessorImpl.newInstance(NativeConstructorAccessorImpl.java:62)
	at sun.reflect.DelegatingConstructorAccessorImpl.newInstance(DelegatingConstructorAccessorImpl.java:45)
	at java.lang.reflect.Constructor.newInstance(Constructor.java:423)
	at ptolemy.util.test.junit.AutoKnownFailedTests.RunModel(AutoKnownFailedTests.java:107)
	at sun.reflect.NativeMethodAccessorImpl.invoke0(Native Method)
	at sun.reflect.NativeMethodAccessorImpl.invoke(NativeMethodAccessorImpl.java:62)
	at sun.reflect.DelegatingMethodAccessorImpl.invoke(DelegatingMethodAccessorImpl.java:43)
	at java.lang.reflect.Method.invoke(Method.java:498)
	at org.junit.runners.model.FrameworkMethod$1.runReflectiveCall(FrameworkMethod.java:44)
	at org.junit.internal.runners.model.ReflectiveCallable.run(ReflectiveCallable.java:15)
	at org.junit.runners.model.FrameworkMethod.invokeExplosively(FrameworkMethod.java:41)
	at junitparams.internal.InvokeParameterisedMethod.evaluate(InvokeParameterisedMethod.java:102)
	at org.junit.internal.runners.statements.FailOnTimeout$1.run(FailOnTimeout.java:28)
Caused by: ptolemy.kernel.util.IllegalActionException: Found a zero delay loop containing .HierarchicalModel.A
  in .HierarchicalModel and .HierarchicalModel.A
	at ptolemy.actor.util.CausalityInterfaceForComposites._computeOutputPortDepth(CausalityInterfaceForComposites.java:759)
	at ptolemy.actor.util.CausalityInterfaceForComposites._computeInputDepth(CausalityInterfaceForComposites.java:696)
	at ptolemy.actor.util.CausalityInterfaceForComposites._computeOutputPortDepth(CausalityInterfaceForComposites.java:765)
	at ptolemy.actor.util.CausalityInterfaceForComposites._computeInputDepth(CausalityInterfaceForComposites.java:696)
	at ptolemy.actor.util.CausalityInterfaceForComposites._computeOutputPortDepth(CausalityInterfaceForComposites.java:765)
	at ptolemy.actor.util.CausalityInterfaceForComposites._computeInputDepth(CausalityInterfaceForComposites.java:696)
	at ptolemy.actor.util.CausalityInterfaceForComposites._computeActorDepth(CausalityInterfaceForComposites.java:532)
	at ptolemy.actor.util.CausalityInterfaceForComposites.checkForCycles(CausalityInterfaceForComposites.java:96)
	at ptolemy.domains.de.kernel.DEDirector.preinitialize(DEDirector.java:1337)
	at ptolemy.actor.CompositeActor.preinitialize(CompositeActor.java:1828)
	at ptolemy.actor.Manager.preinitializeAndResolveTypes(Manager.java:1040)
	at ptolemy.actor.Manager.initialize(Manager.java:710)
	at ptolemy.actor.Manager.execute(Manager.java:356)
	at ptolemy.actor.Manager.run(Manager.java:1263)
	at ptolemy.actor.Manager$PtolemyRunThread.run(Manager.java:1915)
java.lang.RuntimeException: Execution failed
	at ptolemy.moml.MoMLSimpleApplication$UnloadThread.run(MoMLSimpleApplication.java:402)
Caused by: ptolemy.kernel.util.IllegalActionException: Found a zero delay loop containing .dependencyLoop.original
  in .dependencyLoop and .dependencyLoop.original
	at ptolemy.actor.util.CausalityInterfaceForComposites._computeOutputPortDepth(CausalityInterfaceForComposites.java:759)
	at ptolemy.actor.util.CausalityInterfaceForComposites._computeInputDepth(CausalityInterfaceForComposites.java:696)
	at ptolemy.actor.util.CausalityInterfaceForComposites._computeOutputPortDepth(CausalityInterfaceForComposites.java:765)
	at ptolemy.actor.util.CausalityInterfaceForComposites._computeInputDepth(CausalityInterfaceForComposites.java:696)
	at ptolemy.actor.util.CausalityInterfaceForComposites._computeOutputPortDepth(CausalityInterfaceForComposites.java:765)
	at ptolemy.actor.util.CausalityInterfaceForComposites._computeInputDepth(CausalityInterfaceForComposites.java:696)
	at ptolemy.actor.util.CausalityInterfaceForComposites._computeActorDepth(CausalityInterfaceForComposites.java:532)
	at ptolemy.actor.util.CausalityInterfaceForComposites.checkForCycles(CausalityInterfaceForComposites.java:96)
	at ptolemy.domains.de.kernel.DEDirector.preinitialize(DEDirector.java:1337)
	at ptolemy.actor.CompositeActor.preinitialize(CompositeActor.java:1828)
	at ptolemy.actor.Manager.preinitializeAndResolveTypes(Manager.java:1040)
	at ptolemy.actor.Manager.initialize(Manager.java:710)
	at ptolemy.actor.Manager.execute(Manager.java:356)
	at ptolemy.actor.Manager.run(Manager.java:1263)
	at ptolemy.actor.Manager$PtolemyRunThread.run(Manager.java:1915)
java.lang.reflect.InvocationTargetException
	at sun.reflect.NativeConstructorAccessorImpl.newInstance0(Native Method)
	at sun.reflect.NativeConstructorAccessorImpl.newInstance(NativeConstructorAccessorImpl.java:62)
	at sun.reflect.DelegatingConstructorAccessorImpl.newInstance(DelegatingConstructorAccessorImpl.java:45)
	at java.lang.reflect.Constructor.newInstance(Constructor.java:423)
	at ptolemy.util.test.junit.AutoKnownFailedTests.RunModel(AutoKnownFailedTests.java:107)
	at sun.reflect.NativeMethodAccessorImpl.invoke0(Native Method)
	at sun.reflect.NativeMethodAccessorImpl.invoke(NativeMethodAccessorImpl.java:62)
	at sun.reflect.DelegatingMethodAccessorImpl.invoke(DelegatingMethodAccessorImpl.java:43)
	at java.lang.reflect.Method.invoke(Method.java:498)
	at org.junit.runners.model.FrameworkMethod$1.runReflectiveCall(FrameworkMethod.java:44)
	at org.junit.internal.runners.model.ReflectiveCallable.run(ReflectiveCallable.java:15)
	at org.junit.runners.model.FrameworkMethod.invokeExplosively(FrameworkMethod.java:41)
	at junitparams.internal.InvokeParameterisedMethod.evaluate(InvokeParameterisedMethod.java:102)
	at org.junit.internal.runners.statements.FailOnTimeout$1.run(FailOnTimeout.java:28)
Caused by: ptolemy.kernel.util.IllegalActionException: Found a zero delay loop containing .dependencyLoop.original
  in .dependencyLoop and .dependencyLoop.original
	at ptolemy.actor.util.CausalityInterfaceForComposites._computeOutputPortDepth(CausalityInterfaceForComposites.java:759)
	at ptolemy.actor.util.CausalityInterfaceForComposites._computeInputDepth(CausalityInterfaceForComposites.java:696)
	at ptolemy.actor.util.CausalityInterfaceForComposites._computeOutputPortDepth(CausalityInterfaceForComposites.java:765)
	at ptolemy.actor.util.CausalityInterfaceForComposites._computeInputDepth(CausalityInterfaceForComposites.java:696)
	at ptolemy.actor.util.CausalityInterfaceForComposites._computeOutputPortDepth(CausalityInterfaceForComposites.java:765)
	at ptolemy.actor.util.CausalityInterfaceForComposites._computeInputDepth(CausalityInterfaceForComposites.java:696)
	at ptolemy.actor.util.CausalityInterfaceForComposites._computeActorDepth(CausalityInterfaceForComposites.java:532)
	at ptolemy.actor.util.CausalityInterfaceForComposites.checkForCycles(CausalityInterfaceForComposites.java:96)
	at ptolemy.domains.de.kernel.DEDirector.preinitialize(DEDirector.java:1337)
	at ptolemy.actor.CompositeActor.preinitialize(CompositeActor.java:1828)
	at ptolemy.actor.Manager.preinitializeAndResolveTypes(Manager.java:1040)
	at ptolemy.actor.Manager.initialize(Manager.java:710)
	at ptolemy.actor.Manager.execute(Manager.java:356)
	at ptolemy.actor.Manager.run(Manager.java:1263)
	at ptolemy.actor.Manager$PtolemyRunThread.run(Manager.java:1915)
java.lang.RuntimeException: Execution failed
	at ptolemy.moml.MoMLSimpleApplication$UnloadThread.run(MoMLSimpleApplication.java:402)
Caused by: ptolemy.kernel.util.IllegalActionException: Found a zero delay loop containing .dependencyLoop2.original
  in .dependencyLoop2 and .dependencyLoop2.original
	at ptolemy.actor.util.CausalityInterfaceForComposites._computeOutputPortDepth(CausalityInterfaceForComposites.java:759)
	at ptolemy.actor.util.CausalityInterfaceForComposites._computeInputDepth(CausalityInterfaceForComposites.java:696)
	at ptolemy.actor.util.CausalityInterfaceForComposites._computeOutputPortDepth(CausalityInterfaceForComposites.java:765)
	at ptolemy.actor.util.CausalityInterfaceForComposites._computeInputDepth(CausalityInterfaceForComposites.java:696)
	at ptolemy.actor.util.CausalityInterfaceForComposites._computeOutputPortDepth(CausalityInterfaceForComposites.java:765)
	at ptolemy.actor.util.CausalityInterfaceForComposites._computeInputDepth(CausalityInterfaceForComposites.java:696)
	at ptolemy.actor.util.CausalityInterfaceForComposites._computeActorDepth(CausalityInterfaceForComposites.java:532)
	at ptolemy.actor.util.CausalityInterfaceForComposites.checkForCycles(CausalityInterfaceForComposites.java:96)
	at ptolemy.domains.de.kernel.DEDirector.preinitialize(DEDirector.java:1337)
	at ptolemy.actor.CompositeActor.preinitialize(CompositeActor.java:1828)
	at ptolemy.actor.Manager.preinitializeAndResolveTypes(Manager.java:1040)
	at ptolemy.actor.Manager.initialize(Manager.java:710)
	at ptolemy.actor.Manager.execute(Manager.java:356)
	at ptolemy.actor.Manager.run(Manager.java:1263)
	at ptolemy.actor.Manager$PtolemyRunThread.run(Manager.java:1915)
java.lang.reflect.InvocationTargetException
	at sun.reflect.NativeConstructorAccessorImpl.newInstance0(Native Method)
	at sun.reflect.NativeConstructorAccessorImpl.newInstance(NativeConstructorAccessorImpl.java:62)
	at sun.reflect.DelegatingConstructorAccessorImpl.newInstance(DelegatingConstructorAccessorImpl.java:45)
	at java.lang.reflect.Constructor.newInstance(Constructor.java:423)
	at ptolemy.util.test.junit.AutoKnownFailedTests.RunModel(AutoKnownFailedTests.java:107)
	at sun.reflect.NativeMethodAccessorImpl.invoke0(Native Method)
	at sun.reflect.NativeMethodAccessorImpl.invoke(NativeMethodAccessorImpl.java:62)
	at sun.reflect.DelegatingMethodAccessorImpl.invoke(DelegatingMethodAccessorImpl.java:43)
	at java.lang.reflect.Method.invoke(Method.java:498)
	at org.junit.runners.model.FrameworkMethod$1.runReflectiveCall(FrameworkMethod.java:44)
	at org.junit.internal.runners.model.ReflectiveCallable.run(ReflectiveCallable.java:15)
	at org.junit.runners.model.FrameworkMethod.invokeExplosively(FrameworkMethod.java:41)
	at junitparams.internal.InvokeParameterisedMethod.evaluate(InvokeParameterisedMethod.java:102)
	at org.junit.internal.runners.statements.FailOnTimeout$1.run(FailOnTimeout.java:28)
Caused by: ptolemy.kernel.util.IllegalActionException: Found a zero delay loop containing .dependencyLoop2.original
  in .dependencyLoop2 and .dependencyLoop2.original
	at ptolemy.actor.util.CausalityInterfaceForComposites._computeOutputPortDepth(CausalityInterfaceForComposites.java:759)
	at ptolemy.actor.util.CausalityInterfaceForComposites._computeInputDepth(CausalityInterfaceForComposites.java:696)
	at ptolemy.actor.util.CausalityInterfaceForComposites._computeOutputPortDepth(CausalityInterfaceForComposites.java:765)
	at ptolemy.actor.util.CausalityInterfaceForComposites._computeInputDepth(CausalityInterfaceForComposites.java:696)
	at ptolemy.actor.util.CausalityInterfaceForComposites._computeOutputPortDepth(CausalityInterfaceForComposites.java:765)
	at ptolemy.actor.util.CausalityInterfaceForComposites._computeInputDepth(CausalityInterfaceForComposites.java:696)
	at ptolemy.actor.util.CausalityInterfaceForComposites._computeActorDepth(CausalityInterfaceForComposites.java:532)
	at ptolemy.actor.util.CausalityInterfaceForComposites.checkForCycles(CausalityInterfaceForComposites.java:96)
	at ptolemy.domains.de.kernel.DEDirector.preinitialize(DEDirector.java:1337)
	at ptolemy.actor.CompositeActor.preinitialize(CompositeActor.java:1828)
	at ptolemy.actor.Manager.preinitializeAndResolveTypes(Manager.java:1040)
	at ptolemy.actor.Manager.initialize(Manager.java:710)
	at ptolemy.actor.Manager.execute(Manager.java:356)
	at ptolemy.actor.Manager.run(Manager.java:1263)
	at ptolemy.actor.Manager$PtolemyRunThread.run(Manager.java:1915)
]]></system-err>
</testsuite>
