<?xml version="1.0" encoding="UTF-8" ?>
<testsuite errors="0" failures="0" hostname="travis-job-25908165-4cf1-44c1-ad25-de6c676aa42c" name="ptolemy.domains.de.test.junit.JUnitTclTest" skipped="0" tests="101" time="135.793" timestamp="2018-05-16T18:22:39">
  <properties>
[...]
</properties>
  <testcase classname="ptolemy.util.test.junit.TclTests" name="[0] /home/travis/build/icyphy/ptII/ptolemy/domains/de/test/DependencyLoop.tcl (RunTclFile)" time="0.89" />
  <testcase classname="ptolemy.util.test.junit.TclTests" name="[1] /home/travis/build/icyphy/ptII/ptolemy/domains/de/test/RunDETestsAsQSS.tcl (RunTclFile)" time="92.796" />
  <testcase classname="ptolemy.util.test.junit.AutoKnownFailedTests" name="[0] /home/travis/build/icyphy/ptII/ptolemy/domains/de/test/auto/knownFailedTests/DESDFClockTest.xml (RunModel)" time="2.037" />
  <testcase classname="ptolemy.util.test.junit.AutoKnownFailedTests" name="[1] /home/travis/build/icyphy/ptII/ptolemy/domains/de/test/auto/knownFailedTests/DirectFeedback.xml (RunModel)" time="0.008" />
  <testcase classname="ptolemy.util.test.junit.AutoKnownFailedTests" name="[2] /home/travis/build/icyphy/ptII/ptolemy/domains/de/test/auto/knownFailedTests/FSMSource.xml (RunModel)" time="0.026" />
  <testcase classname="ptolemy.util.test.junit.AutoKnownFailedTests" name="[3] /home/travis/build/icyphy/ptII/ptolemy/domains/de/test/auto/knownFailedTests/HierarchicalModel.xml (RunModel)" time="0.043" />
  <testcase classname="ptolemy.util.test.junit.AutoKnownFailedTests" name="[4] /home/travis/build/icyphy/ptII/ptolemy/domains/de/test/auto/knownFailedTests/dependencyLoop.xml (RunModel)" time="0.053" />
  <testcase classname="ptolemy.util.test.junit.AutoKnownFailedTests" name="[5] /home/travis/build/icyphy/ptII/ptolemy/domains/de/test/auto/knownFailedTests/dependencyLoop2.xml (RunModel)" time="0.044" />
  <testcase classname="ptolemy.util.test.junit.AutoNameArchTests" name="[0] ThereAreNoAutoTests (RunModel)" time="0.001" />
  <testcase classname="ptolemy.util.test.junit.AutoTests" name="[0] /home/travis/build/icyphy/ptII/ptolemy/domains/de/test/auto/ActorDepthCalculation_actorWithoutPorts.xml (RunModel)" time="0.017" />
  <testcase classname="ptolemy.util.test.junit.AutoTests" name="[1] /home/travis/build/icyphy/ptII/ptolemy/domains/de/test/auto/AssemblyLine.xml (RunModel)" time="0.02" />
  <testcase classname="ptolemy.util.test.junit.AutoTests" name="[2] /home/travis/build/icyphy/ptII/ptolemy/domains/de/test/auto/CQBug1.xml (RunModel)" time="0.013" />
  <testcase classname="ptolemy.util.test.junit.AutoTests" name="[3] /home/travis/build/icyphy/ptII/ptolemy/domains/de/test/auto/CancelFireAt.xml (RunModel)" time="0.011" />
  <testcase classname="ptolemy.util.test.junit.AutoTests" name="[4] /home/travis/build/icyphy/ptII/ptolemy/domains/de/test/auto/CausalityAndComposabilityAnalysis.xml (RunModel)" time="0.02" />
  <testcase classname="ptolemy.util.test.junit.AutoTests" name="[5] /home/travis/build/icyphy/ptII/ptolemy/domains/de/test/auto/CausalityInterface1.xml (RunModel)" time="0.024" />
  <testcase classname="ptolemy.util.test.junit.AutoTests" name="[6] /home/travis/build/icyphy/ptII/ptolemy/domains/de/test/auto/CausalityInterface15.xml (RunModel)" time="0.024" />
  <testcase classname="ptolemy.util.test.junit.AutoTests" name="[7] /home/travis/build/icyphy/ptII/ptolemy/domains/de/test/auto/CausalityInterface2.xml (RunModel)" time="0.01" />
  <testcase classname="ptolemy.util.test.junit.AutoTests" name="[8] /home/travis/build/icyphy/ptII/ptolemy/domains/de/test/auto/CausalityInterface3.xml (RunModel)" time="0.018" />
  <testcase classname="ptolemy.util.test.junit.AutoTests" name="[9] /home/travis/build/icyphy/ptII/ptolemy/domains/de/test/auto/ClockDrift.xml (RunModel)" time="0.032" />
  <testcase classname="ptolemy.util.test.junit.AutoTests" name="[10] /home/travis/build/icyphy/ptII/ptolemy/domains/de/test/auto/ClockDriftAndValueChange.xml (RunModel)" time="0.038" />
  <testcase classname="ptolemy.util.test.junit.AutoTests" name="[11] /home/travis/build/icyphy/ptII/ptolemy/domains/de/test/auto/ClockDriftChange.xml (RunModel)" time="0.033" />
  <testcase classname="ptolemy.util.test.junit.AutoTests" name="[12] /home/travis/build/icyphy/ptII/ptolemy/domains/de/test/auto/ComposableCausalityAnalysis.xml (RunModel)" time="0.019" />
  <testcase classname="ptolemy.util.test.junit.AutoTests" name="[13] /home/travis/build/icyphy/ptII/ptolemy/domains/de/test/auto/DEFixedPointLimitation.xml (RunModel)" time="0.01" />
  <testcase classname="ptolemy.util.test.junit.AutoTests" name="[14] /home/travis/build/icyphy/ptII/ptolemy/domains/de/test/auto/DEScheduleTest.xml (RunModel)" time="0.016" />
  <testcase classname="ptolemy.util.test.junit.AutoTests" name="[15] /home/travis/build/icyphy/ptII/ptolemy/domains/de/test/auto/DEinDEwithStartTimes.xml (RunModel)" time="0.027" />
  <testcase classname="ptolemy.util.test.junit.AutoTests" name="[16] /home/travis/build/icyphy/ptII/ptolemy/domains/de/test/auto/DEinDEwithStartTimes2.xml (RunModel)" time="0.014" />
  <testcase classname="ptolemy.util.test.junit.AutoTests" name="[17] /home/travis/build/icyphy/ptII/ptolemy/domains/de/test/auto/DateDemo.xml (RunModel)" time="0.035" />
  <testcase classname="ptolemy.util.test.junit.AutoTests" name="[18] /home/travis/build/icyphy/ptII/ptolemy/domains/de/test/auto/DateToEvent.xml (RunModel)" time="2.041" />
  <testcase classname="ptolemy.util.test.junit.AutoTests" name="[19] /home/travis/build/icyphy/ptII/ptolemy/domains/de/test/auto/DepthTest1.xml (RunModel)" time="0.009" />
  <testcase classname="ptolemy.util.test.junit.AutoTests" name="[20] /home/travis/build/icyphy/ptII/ptolemy/domains/de/test/auto/DepthTest2.xml (RunModel)" time="0.023" />
  <testcase classname="ptolemy.util.test.junit.AutoTests" name="[21] /home/travis/build/icyphy/ptII/ptolemy/domains/de/test/auto/DepthTest3.xml (RunModel)" time="0.006" />
  <testcase classname="ptolemy.util.test.junit.AutoTests" name="[22] /home/travis/build/icyphy/ptII/ptolemy/domains/de/test/auto/DepthTest4.xml (RunModel)" time="0.018" />
  <testcase classname="ptolemy.util.test.junit.AutoTests" name="[23] /home/travis/build/icyphy/ptII/ptolemy/domains/de/test/auto/DepthTest5.xml (RunModel)" time="0.021" />
  <testcase classname="ptolemy.util.test.junit.AutoTests" name="[24] /home/travis/build/icyphy/ptII/ptolemy/domains/de/test/auto/DepthTest6.xml (RunModel)" time="0.016" />
  <testcase classname="ptolemy.util.test.junit.AutoTests" name="[25] /home/travis/build/icyphy/ptII/ptolemy/domains/de/test/auto/DepthTest7.xml (RunModel)" time="0.015" />
  <testcase classname="ptolemy.util.test.junit.AutoTests" name="[26] /home/travis/build/icyphy/ptII/ptolemy/domains/de/test/auto/EventToDate.xml (RunModel)" time="3.043" />
  <testcase classname="ptolemy.util.test.junit.AutoTests" name="[27] /home/travis/build/icyphy/ptII/ptolemy/domains/de/test/auto/FSM1.xml (RunModel)" time="0.028" />
  <testcase classname="ptolemy.util.test.junit.AutoTests" name="[28] /home/travis/build/icyphy/ptII/ptolemy/domains/de/test/auto/FSM7.xml (RunModel)" time="0.026" />
  <testcase classname="ptolemy.util.test.junit.AutoTests" name="[29] /home/travis/build/icyphy/ptII/ptolemy/domains/de/test/auto/Inspection.xml (RunModel)" time="0.037" />
  <testcase classname="ptolemy.util.test.junit.AutoTests" name="[30] /home/travis/build/icyphy/ptII/ptolemy/domains/de/test/auto/Iteration.xml (RunModel)" time="0.017" />
  <testcase classname="ptolemy.util.test.junit.AutoTests" name="[31] /home/travis/build/icyphy/ptII/ptolemy/domains/de/test/auto/LineFault.xml (RunModel)" time="0.457" />
  <testcase classname="ptolemy.util.test.junit.AutoTests" name="[32] /home/travis/build/icyphy/ptII/ptolemy/domains/de/test/auto/MergeModel1Add.xml (RunModel)" time="0.039" />
  <testcase classname="ptolemy.util.test.junit.AutoTests" name="[33] /home/travis/build/icyphy/ptII/ptolemy/domains/de/test/auto/MergeModel2Add.xml (RunModel)" time="0.029" />
  <testcase classname="ptolemy.util.test.junit.AutoTests" name="[34] /home/travis/build/icyphy/ptII/ptolemy/domains/de/test/auto/MergeModel3Add.xml (RunModel)" time="0.032" />
  <testcase classname="ptolemy.util.test.junit.AutoTests" name="[35] /home/travis/build/icyphy/ptII/ptolemy/domains/de/test/auto/MergeWithoutDiscard.xml (RunModel)" time="0.009" />
  <testcase classname="ptolemy.util.test.junit.AutoTests" name="[36] /home/travis/build/icyphy/ptII/ptolemy/domains/de/test/auto/Modal1.xml (RunModel)" time="0.035" />
  <testcase classname="ptolemy.util.test.junit.AutoTests" name="[37] /home/travis/build/icyphy/ptII/ptolemy/domains/de/test/auto/Modal2.xml (RunModel)" time="0.023" />
  <testcase classname="ptolemy.util.test.junit.AutoTests" name="[38] /home/travis/build/icyphy/ptII/ptolemy/domains/de/test/auto/Modal3.xml (RunModel)" time="0.022" />
  <testcase classname="ptolemy.util.test.junit.AutoTests" name="[39] /home/travis/build/icyphy/ptII/ptolemy/domains/de/test/auto/Modal4.xml (RunModel)" time="0.023" />
  <testcase classname="ptolemy.util.test.junit.AutoTests" name="[40] /home/travis/build/icyphy/ptII/ptolemy/domains/de/test/auto/Modal5.xml (RunModel)" time="0.021" />
  <testcase classname="ptolemy.util.test.junit.AutoTests" name="[41] /home/travis/build/icyphy/ptII/ptolemy/domains/de/test/auto/Modal6.xml (RunModel)" time="0.024" />
  <testcase classname="ptolemy.util.test.junit.AutoTests" name="[42] /home/travis/build/icyphy/ptII/ptolemy/domains/de/test/auto/Modal7.xml (RunModel)" time="0.023" />
  <testcase classname="ptolemy.util.test.junit.AutoTests" name="[43] /home/travis/build/icyphy/ptII/ptolemy/domains/de/test/auto/ModalModel.xml (RunModel)" time="0.144" />
  <testcase classname="ptolemy.util.test.junit.AutoTests" name="[44] /home/travis/build/icyphy/ptII/ptolemy/domains/de/test/auto/ModalSource.xml (RunModel)" time="0.015" />
  <testcase classname="ptolemy.util.test.junit.AutoTests" name="[45] /home/travis/build/icyphy/ptII/ptolemy/domains/de/test/auto/NonInterruptibleTimerZeroDelay.xml (RunModel)" time="0.013" />
  <testcase classname="ptolemy.util.test.junit.AutoTests" name="[46] /home/travis/build/icyphy/ptII/ptolemy/domains/de/test/auto/OpenQueueingNetwork.xml (RunModel)" time="2.385" />
  <testcase classname="ptolemy.util.test.junit.AutoTests" name="[47] /home/travis/build/icyphy/ptII/ptolemy/domains/de/test/auto/OpenQueuingNetwork.xml (RunModel)" time="0.33" />
  <testcase classname="ptolemy.util.test.junit.AutoTests" name="[48] /home/travis/build/icyphy/ptII/ptolemy/domains/de/test/auto/PeriodicSampler.xml (RunModel)" time="0.011" />
  <testcase classname="ptolemy.util.test.junit.AutoTests" name="[49] /home/travis/build/icyphy/ptII/ptolemy/domains/de/test/auto/PersistentIO.xml (RunModel)" time="0.024" />
  <testcase classname="ptolemy.util.test.junit.AutoTests" name="[50] /home/travis/build/icyphy/ptII/ptolemy/domains/de/test/auto/PortParameterResetOnInitialize.xml (RunModel)" time="0.012" />
  <testcase classname="ptolemy.util.test.junit.AutoTests" name="[51] /home/travis/build/icyphy/ptII/ptolemy/domains/de/test/auto/PortParameterUpdates.xml (RunModel)" time="0.019" />
  <testcase classname="ptolemy.util.test.junit.AutoTests" name="[52] /home/travis/build/icyphy/ptII/ptolemy/domains/de/test/auto/QueueAndServer.xml (RunModel)" time="0.023" />
  <testcase classname="ptolemy.util.test.junit.AutoTests" name="[53] /home/travis/build/icyphy/ptII/ptolemy/domains/de/test/auto/Records.xml (RunModel)" time="0.017" />
  <testcase classname="ptolemy.util.test.junit.AutoTests" name="[54] /home/travis/build/icyphy/ptII/ptolemy/domains/de/test/auto/ResetTransitionWithStartTime1.xml (RunModel)" time="0.026" />
  <testcase classname="ptolemy.util.test.junit.AutoTests" name="[55] /home/travis/build/icyphy/ptII/ptolemy/domains/de/test/auto/ResetTransitionWithStartTime2.xml (RunModel)" time="0.022" />
  <testcase classname="ptolemy.util.test.junit.AutoTests" name="[56] /home/travis/build/icyphy/ptII/ptolemy/domains/de/test/auto/ResetTransitionWithStartTime3.xml (RunModel)" time="0.021" />
  <testcase classname="ptolemy.util.test.junit.AutoTests" name="[57] /home/travis/build/icyphy/ptII/ptolemy/domains/de/test/auto/ResetTransitionWithStartTime4.xml (RunModel)" time="0.018" />
  <testcase classname="ptolemy.util.test.junit.AutoTests" name="[58] /home/travis/build/icyphy/ptII/ptolemy/domains/de/test/auto/ResettableTimer1.xml (RunModel)" time="0.011" />
  <testcase classname="ptolemy.util.test.junit.AutoTests" name="[59] /home/travis/build/icyphy/ptII/ptolemy/domains/de/test/auto/ResettableTimer2.xml (RunModel)" time="0.01" />
  <testcase classname="ptolemy.util.test.junit.AutoTests" name="[60] /home/travis/build/icyphy/ptII/ptolemy/domains/de/test/auto/ResettableTimer3.xml (RunModel)" time="0.009" />
  <testcase classname="ptolemy.util.test.junit.AutoTests" name="[61] /home/travis/build/icyphy/ptII/ptolemy/domains/de/test/auto/ResettableTimer4.xml (RunModel)" time="0.01" />
  <testcase classname="ptolemy.util.test.junit.AutoTests" name="[62] /home/travis/build/icyphy/ptII/ptolemy/domains/de/test/auto/ResettableTimer5.xml (RunModel)" time="0.011" />
  <testcase classname="ptolemy.util.test.junit.AutoTests" name="[63] /home/travis/build/icyphy/ptII/ptolemy/domains/de/test/auto/ResettableTimer6.xml (RunModel)" time="0.011" />
  <testcase classname="ptolemy.util.test.junit.AutoTests" name="[64] /home/travis/build/icyphy/ptII/ptolemy/domains/de/test/auto/ServerZeroDelay.xml (RunModel)" time="0.01" />
  <testcase classname="ptolemy.util.test.junit.AutoTests" name="[65] /home/travis/build/icyphy/ptII/ptolemy/domains/de/test/auto/SmartSender.xml (RunModel)" time="3.009" />
  <testcase classname="ptolemy.util.test.junit.AutoTests" name="[66] /home/travis/build/icyphy/ptII/ptolemy/domains/de/test/auto/ThreadedComposite.xml (RunModel)" time="0.173" />
  <testcase classname="ptolemy.util.test.junit.AutoTests" name="[67] /home/travis/build/icyphy/ptII/ptolemy/domains/de/test/auto/Time.xml (RunModel)" time="0.464" />
  <testcase classname="ptolemy.util.test.junit.AutoTests" name="[68] /home/travis/build/icyphy/ptII/ptolemy/domains/de/test/auto/TimeDelayZeroDelay.xml (RunModel)" time="0.013" />
  <testcase classname="ptolemy.util.test.junit.AutoTests" name="[69] /home/travis/build/icyphy/ptII/ptolemy/domains/de/test/auto/TimerZeroDelay.xml (RunModel)" time="0.01" />
  <testcase classname="ptolemy.util.test.junit.AutoTests" name="[70] /home/travis/build/icyphy/ptII/ptolemy/domains/de/test/auto/TimingParadox.xml (RunModel)" time="0.372" />
  <testcase classname="ptolemy.util.test.junit.AutoTests" name="[71] /home/travis/build/icyphy/ptII/ptolemy/domains/de/test/auto/TransferInputs.xml (RunModel)" time="0.019" />
  <testcase classname="ptolemy.util.test.junit.AutoTests" name="[72] /home/travis/build/icyphy/ptII/ptolemy/domains/de/test/auto/TransferOutputs2.xml (RunModel)" time="0.024" />
  <testcase classname="ptolemy.util.test.junit.AutoTests" name="[73] /home/travis/build/icyphy/ptII/ptolemy/domains/de/test/auto/Trilateration.xml (RunModel)" time="13.391" />
  <testcase classname="ptolemy.util.test.junit.AutoTests" name="[74] /home/travis/build/icyphy/ptII/ptolemy/domains/de/test/auto/TwoSigmaDelta.xml (RunModel)" time="2.141" />
  <testcase classname="ptolemy.util.test.junit.AutoTests" name="[75] /home/travis/build/icyphy/ptII/ptolemy/domains/de/test/auto/VariableDelay.xml (RunModel)" time="0.013" />
  <testcase classname="ptolemy.util.test.junit.AutoTests" name="[76] /home/travis/build/icyphy/ptII/ptolemy/domains/de/test/auto/VariableDelay2.xml (RunModel)" time="0.007" />
  <testcase classname="ptolemy.util.test.junit.AutoTests" name="[77] /home/travis/build/icyphy/ptII/ptolemy/domains/de/test/auto/VariableDelayZeroDelay.xml (RunModel)" time="0.009" />
  <testcase classname="ptolemy.util.test.junit.AutoTests" name="[78] /home/travis/build/icyphy/ptII/ptolemy/domains/de/test/auto/VariableDelayZeroDelay2.xml (RunModel)" time="0.01" />
  <testcase classname="ptolemy.util.test.junit.AutoTests" name="[79] /home/travis/build/icyphy/ptII/ptolemy/domains/de/test/auto/deInCt.xml (RunModel)" time="0.018" />
  <testcase classname="ptolemy.util.test.junit.AutoTests" name="[80] /home/travis/build/icyphy/ptII/ptolemy/domains/de/test/auto/deInCt2.xml (RunModel)" time="0.044" />
  <testcase classname="ptolemy.util.test.junit.AutoTests" name="[81] /home/travis/build/icyphy/ptII/ptolemy/domains/de/test/auto/dynamicCausalityInterface1.xml (RunModel)" time="0.03" />
  <testcase classname="ptolemy.util.test.junit.AutoTests" name="[82] /home/travis/build/icyphy/ptII/ptolemy/domains/de/test/auto/fsm_de_test.xml (RunModel)" time="0.023" />
  <testcase classname="ptolemy.util.test.junit.AutoTests" name="[83] /home/travis/build/icyphy/ptII/ptolemy/domains/de/test/auto/functionDependencyReconstruction.xml (RunModel)" time="0.051" />
  <testcase classname="ptolemy.util.test.junit.AutoTests" name="[84] /home/travis/build/icyphy/ptII/ptolemy/domains/de/test/auto/multirate.xml (RunModel)" time="0.05" />
  <testcase classname="ptolemy.util.test.junit.AutoTests" name="[85] /home/travis/build/icyphy/ptII/ptolemy/domains/de/test/auto/multirate2.xml (RunModel)" time="0.046" />
  <testcase classname="ptolemy.util.test.junit.AutoTests" name="[86] /home/travis/build/icyphy/ptII/ptolemy/domains/de/test/auto/realtime.xml (RunModel)" time="10.028" />
  <testcase classname="ptolemy.util.test.junit.AutoTests" name="[87] /home/travis/build/icyphy/ptII/ptolemy/domains/de/test/auto/relationGroup.xml (RunModel)" time="0.008" />
  <testcase classname="ptolemy.util.test.junit.AutoTests" name="[88] /home/travis/build/icyphy/ptII/ptolemy/domains/de/test/auto/relationGroup2.xml (RunModel)" time="0.005" />
  <testcase classname="ptolemy.util.test.junit.AutoTests" name="[89] /home/travis/build/icyphy/ptII/ptolemy/domains/de/test/auto/sortWithOpaquePorts.xml (RunModel)" time="0.008" />
  <testcase classname="ptolemy.util.test.junit.AutoTests" name="[90] /home/travis/build/icyphy/ptII/ptolemy/domains/de/test/auto/transferInputsandOutputs.xml (RunModel)" time="0.016" />
  <testcase classname="ptolemy.util.test.junit.AutoTests" name="[91] /home/travis/build/icyphy/ptII/ptolemy/domains/de/test/auto/triggerType.xml (RunModel)" time="0.007" />
  <system-out><![CDATA[/home/travis/build/icyphy/ptII/ptolemy/domains/de/test/DependencyLoop.tcl
testDefs.tcl: setting time out to 9000 seconds at Wed May 16 18:22:39 UTC 2018
30 ms. Memory: 116224K Free: 95033K (82%)
7 ms. Memory: 116224K Free: 107621K (93%)
/home/travis/build/icyphy/ptII/ptolemy/domains/de/test/RunDETestsAsQSS.tcl
Run the DE tests using ptolemy.domains.qss.test.QSSDirectorTest, which extends QSSDirector and prints a message in the constructors.
------------------ testing $PTII/ptolemy/domains/de/test/auto/knownFailedTests/dependencyLoop.xml (Known Failure) 
7 ms. Memory: 116224K Free: 104464K (90%)


==== $PTIIhome/travis/build/icyphy/ptII/ptolemy/domains/de/test/../../../../: Auto Automatic test in file $PTII/ptolemy/domains/de/test/auto/knownFailedTests/dependencyLoop.xml
==== Contents of test case:

	    # FIXME: we should use $relativeFilename here, but it
	    # might have backslashes under Windows, which causes no end
	    # of trouble.
	    createAndExecute $file
	    list {}
	
.... Test generated KNOWN error:
    while executing
ptolemy.kernel.util.IllegalActionException: Found a zero delay loop containing .dependencyLoop.original
  in .dependencyLoop and .dependencyLoop.original
	at ptolemy.actor.util.CausalityInterfaceForComposites._computeOutputPortDepth(CausalityInterfaceForComposites.java:759)
	at ptolemy.actor.util.CausalityInterfaceForComposites._computeInputDepth(CausalityInterfaceForComposites.java:696)
	at ptolemy.actor.util.CausalityInterfaceForComposites._computeOutputPortDepth(CausalityInterfaceForComposites.java:765)
	at ptolemy.actor.util.CausalityInterfaceForComposites._computeInputDepth(CausalityInterfaceForComposites.java:696)
	at ptolemy.actor.util.CausalityInterfaceForComposites._computeOutputPortDepth(CausalityInterfaceForComposites.java:765)
	at ptolemy.actor.util.CausalityInterfaceForComposites._computeInputDepth(CausalityInterfaceForComposites.java:696)
	at ptolemy.actor.util.CausalityInterfaceForComposites._computeActorDepth(CausalityInterfaceForComposites.java:532)
	at ptolemy.actor.util.CausalityInterfaceForComposites.checkForCycles(CausalityInterfaceForComposites.java:96)
	at ptolemy.domains.de.kernel.DEDirector.preinitialize(DEDirector.java:1337)
	at ptolemy.actor.CompositeActor.preinitialize(CompositeActor.java:1828)
	at ptolemy.actor.Manager.preinitializeAndResolveTypes(Manager.java:1040)
	at ptolemy.actor.Manager.initialize(Manager.java:710)
	at ptolemy.actor.Manager.execute(Manager.java:356)
	at ptolemy.actor.Manager.run(Manager.java:1263)
	at ptolemy.actor.Manager$PtolemyRunThread.run(Manager.java:1915)

    while executing
ptolemy.kernel.util.IllegalActionException: Found a zero delay loop containing .dependencyLoop.original
  in .dependencyLoop and .dependencyLoop.original
    while executing
"java::new ptolemy.moml.MoMLSimpleApplication $file
"
    (procedure "createAndExecute" line 2)
    invoked from within
"createAndExecute $file"
    ("uplevel" body line 5)
    invoked from within
"uplevel $contents_of_test"
------------------ testing $PTII/ptolemy/domains/de/test/auto/knownFailedTests/DESDFClockTest.xml (Known Failure) 
2084 ms. Memory: 116224K Free: 89156K (77%)


==== $PTIIhome/travis/build/icyphy/ptII/ptolemy/domains/de/test/../../../../: Auto Automatic test in file $PTII/ptolemy/domains/de/test/auto/knownFailedTests/DESDFClockTest.xml
==== Contents of test case:

	    # FIXME: we should use $relativeFilename here, but it
	    # might have backslashes under Windows, which causes no end
	    # of trouble.
	    createAndExecute $file
	    list {}
	
.... Test generated KNOWN error:
    while executing
ptolemy.kernel.util.IllegalActionException: Actor is not ready to fire.  Perhaps UpSample.prefire() returned false? Try debugging the actor by selecting "Listen to Actor".  Also, for SDF check moml for tokenConsumptionRate on input.
  in .DESDFClockTest.Play Bell.Copy1:SDF Director and .DESDFClockTest.Play Bell.UpSample
	at ptolemy.actor.sched.StaticSchedulingDirector.fire(StaticSchedulingDirector.java:227)
	at ptolemy.domains.sdf.kernel.SDFDirector.fire(SDFDirector.java:500)
	at ptolemy.actor.CompositeActor.fire(CompositeActor.java:455)
	at ptolemy.domains.de.kernel.DEDirector._fire(DEDirector.java:1948)
	at ptolemy.domains.de.kernel.DEDirector.fire(DEDirector.java:502)
	at ptolemy.actor.CompositeActor.fire(CompositeActor.java:455)
	at ptolemy.actor.Manager.iterate(Manager.java:851)
	at ptolemy.actor.Manager.execute(Manager.java:369)
	at ptolemy.actor.Manager.run(Manager.java:1263)
	at ptolemy.actor.Manager$PtolemyRunThread.run(Manager.java:1915)

    while executing
ptolemy.kernel.util.IllegalActionException: Actor is not ready to fire.  Perhaps UpSample.prefire() returned false? Try debugging the actor by selecting "Listen to Actor".  Also, for SDF check moml for tokenConsumptionRate on input.
  in .DESDFClockTest.Play Bell.Copy1:SDF Director and .DESDFClockTest.Play Bell.UpSample
    while executing
"java::new ptolemy.moml.MoMLSimpleApplication $file
"
    (procedure "createAndExecute" line 2)
    invoked from within
"createAndExecute $file"
    ("uplevel" body line 5)
    invoked from within
"uplevel $contents_of_test"
------------------ testing $PTII/ptolemy/domains/de/test/auto/knownFailedTests/FSMSource.xml (Known Failure) 
35 ms. Memory: 116224K Free: 111733K (96%)
!!!! Auto was marked as failing, but now passes
------------------ testing $PTII/ptolemy/domains/de/test/auto/knownFailedTests/dependencyLoop2.xml (Known Failure) 
5 ms. Memory: 116224K Free: 93660K (81%)


==== $PTIIhome/travis/build/icyphy/ptII/ptolemy/domains/de/test/../../../../: Auto Automatic test in file $PTII/ptolemy/domains/de/test/auto/knownFailedTests/dependencyLoop2.xml
==== Contents of test case:

	    # FIXME: we should use $relativeFilename here, but it
	    # might have backslashes under Windows, which causes no end
	    # of trouble.
	    createAndExecute $file
	    list {}
	
.... Test generated KNOWN error:
    while executing
ptolemy.kernel.util.IllegalActionException: Found a zero delay loop containing .dependencyLoop2.original
  in .dependencyLoop2 and .dependencyLoop2.original
	at ptolemy.actor.util.CausalityInterfaceForComposites._computeOutputPortDepth(CausalityInterfaceForComposites.java:759)
	at ptolemy.actor.util.CausalityInterfaceForComposites._computeInputDepth(CausalityInterfaceForComposites.java:696)
	at ptolemy.actor.util.CausalityInterfaceForComposites._computeOutputPortDepth(CausalityInterfaceForComposites.java:765)
	at ptolemy.actor.util.CausalityInterfaceForComposites._computeInputDepth(CausalityInterfaceForComposites.java:696)
	at ptolemy.actor.util.CausalityInterfaceForComposites._computeOutputPortDepth(CausalityInterfaceForComposites.java:765)
	at ptolemy.actor.util.CausalityInterfaceForComposites._computeInputDepth(CausalityInterfaceForComposites.java:696)
	at ptolemy.actor.util.CausalityInterfaceForComposites._computeActorDepth(CausalityInterfaceForComposites.java:532)
	at ptolemy.actor.util.CausalityInterfaceForComposites.checkForCycles(CausalityInterfaceForComposites.java:96)
	at ptolemy.domains.de.kernel.DEDirector.preinitialize(DEDirector.java:1337)
	at ptolemy.actor.CompositeActor.preinitialize(CompositeActor.java:1828)
	at ptolemy.actor.Manager.preinitializeAndResolveTypes(Manager.java:1040)
	at ptolemy.actor.Manager.initialize(Manager.java:710)
	at ptolemy.actor.Manager.execute(Manager.java:356)
	at ptolemy.actor.Manager.run(Manager.java:1263)
	at ptolemy.actor.Manager$PtolemyRunThread.run(Manager.java:1915)

    while executing
ptolemy.kernel.util.IllegalActionException: Found a zero delay loop containing .dependencyLoop2.original
  in .dependencyLoop2 and .dependencyLoop2.original
    while executing
"java::new ptolemy.moml.MoMLSimpleApplication $file
"
    (procedure "createAndExecute" line 2)
    invoked from within
"createAndExecute $file"
    ("uplevel" body line 5)
    invoked from within
"uplevel $contents_of_test"
------------------ testing $PTII/ptolemy/domains/de/test/auto/knownFailedTests/HierarchicalModel.xml (Known Failure) 
14 ms. Memory: 146944K Free: 134447K (91%)


==== $PTIIhome/travis/build/icyphy/ptII/ptolemy/domains/de/test/../../../../: Auto Automatic test in file $PTII/ptolemy/domains/de/test/auto/knownFailedTests/HierarchicalModel.xml
==== Contents of test case:

	    # FIXME: we should use $relativeFilename here, but it
	    # might have backslashes under Windows, which causes no end
	    # of trouble.
	    createAndExecute $file
	    list {}
	
.... Test generated KNOWN error:
    while executing
ptolemy.kernel.util.IllegalActionException: Found a zero delay loop containing .HierarchicalModel.A
  in .HierarchicalModel and .HierarchicalModel.A
	at ptolemy.actor.util.CausalityInterfaceForComposites._computeOutputPortDepth(CausalityInterfaceForComposites.java:759)
	at ptolemy.actor.util.CausalityInterfaceForComposites._computeInputDepth(CausalityInterfaceForComposites.java:696)
	at ptolemy.actor.util.CausalityInterfaceForComposites._computeOutputPortDepth(CausalityInterfaceForComposites.java:765)
	at ptolemy.actor.util.CausalityInterfaceForComposites._computeInputDepth(CausalityInterfaceForComposites.java:696)
	at ptolemy.actor.util.CausalityInterfaceForComposites._computeOutputPortDepth(CausalityInterfaceForComposites.java:765)
	at ptolemy.actor.util.CausalityInterfaceForComposites._computeInputDepth(CausalityInterfaceForComposites.java:696)
	at ptolemy.actor.util.CausalityInterfaceForComposites._computeActorDepth(CausalityInterfaceForComposites.java:532)
	at ptolemy.actor.util.CausalityInterfaceForComposites.checkForCycles(CausalityInterfaceForComposites.java:96)
	at ptolemy.domains.de.kernel.DEDirector.preinitialize(DEDirector.java:1337)
	at ptolemy.actor.CompositeActor.preinitialize(CompositeActor.java:1828)
	at ptolemy.actor.Manager.preinitializeAndResolveTypes(Manager.java:1040)
	at ptolemy.actor.Manager.initialize(Manager.java:710)
	at ptolemy.actor.Manager.execute(Manager.java:356)
	at ptolemy.actor.Manager.run(Manager.java:1263)
	at ptolemy.actor.Manager$PtolemyRunThread.run(Manager.java:1915)

    while executing
ptolemy.kernel.util.IllegalActionException: Found a zero delay loop containing .HierarchicalModel.A
  in .HierarchicalModel and .HierarchicalModel.A
    while executing
"java::new ptolemy.moml.MoMLSimpleApplication $file
"
    (procedure "createAndExecute" line 2)
    invoked from within
"createAndExecute $file"
    ("uplevel" body line 5)
    invoked from within
"uplevel $contents_of_test"
------------------ testing $PTII/ptolemy/domains/de/test/auto/knownFailedTests/DirectFeedback.xml (Known Failure) 
14 ms. Memory: 146944K Free: 129413K (88%)


==== $PTIIhome/travis/build/icyphy/ptII/ptolemy/domains/de/test/../../../../: Auto Automatic test in file $PTII/ptolemy/domains/de/test/auto/knownFailedTests/DirectFeedback.xml
==== Contents of test case:

	    # FIXME: we should use $relativeFilename here, but it
	    # might have backslashes under Windows, which causes no end
	    # of trouble.
	    createAndExecute $file
	    list {}
	
.... Test generated KNOWN error:
    while executing
ptolemy.kernel.util.IllegalActionException: Test fails in iteration 1.
Value was: 1.0. Should have been: 2.0
  in .DirectFeedback.Test
	at ptolemy.actor.lib.Test.fire(Test.java:268)
	at ptolemy.domains.de.kernel.DEDirector._fire(DEDirector.java:1948)
	at ptolemy.domains.de.kernel.DEDirector.fire(DEDirector.java:502)
	at ptolemy.actor.CompositeActor.fire(CompositeActor.java:455)
	at ptolemy.actor.Manager.iterate(Manager.java:851)
	at ptolemy.actor.Manager.execute(Manager.java:369)
	at ptolemy.actor.Manager.run(Manager.java:1263)
	at ptolemy.actor.Manager$PtolemyRunThread.run(Manager.java:1915)

    while executing
ptolemy.kernel.util.IllegalActionException: Test fails in iteration 1.
Value was: 1.0. Should have been: 2.0
  in .DirectFeedback.Test
    while executing
"java::new ptolemy.moml.MoMLSimpleApplication $file
"
    (procedure "createAndExecute" line 2)
    invoked from within
"createAndExecute $file"
    ("uplevel" body line 5)
    invoked from within
"uplevel $contents_of_test"
------------------ testing $PTII/ptolemy/domains/de/test/auto/ActorDepthCalculation_actorWithoutPorts.xml
auto.tcl: Setting watchdog for 200 seconds at Wed May 16 18:22:42 UTC 2018
15 ms. Memory: 146944K Free: 121628K (83%)
ptolemy.util.test.WatchDog.cancel(): canceling Wed May 16 18:22:42 UTC 2018
auto.tcl: Setting watchdog for 200 seconds at Wed May 16 18:22:42 UTC 2018
5 ms. Memory: 146944K Free: 120564K (82%)
ptolemy.util.test.WatchDog.cancel(): canceling Wed May 16 18:22:42 UTC 2018
------------------ testing $PTII/ptolemy/domains/de/test/auto/AssemblyLine.xml
auto.tcl: Setting watchdog for 200 seconds at Wed May 16 18:22:43 UTC 2018
13 ms. Memory: 146944K Free: 127552K (87%)
ptolemy.util.test.WatchDog.cancel(): canceling Wed May 16 18:22:43 UTC 2018
auto.tcl: Setting watchdog for 200 seconds at Wed May 16 18:22:43 UTC 2018
7 ms. Memory: 146944K Free: 126501K (86%)
ptolemy.util.test.WatchDog.cancel(): canceling Wed May 16 18:22:43 UTC 2018
------------------ testing $PTII/ptolemy/domains/de/test/auto/CQBug1.xml
auto.tcl: Setting watchdog for 200 seconds at Wed May 16 18:22:43 UTC 2018
15 ms. Memory: 146944K Free: 138205K (94%)
ptolemy.util.test.WatchDog.cancel(): canceling Wed May 16 18:22:43 UTC 2018
auto.tcl: Setting watchdog for 200 seconds at Wed May 16 18:22:43 UTC 2018
2 ms. Memory: 146944K Free: 138205K (94%)
ptolemy.util.test.WatchDog.cancel(): canceling Wed May 16 18:22:43 UTC 2018
------------------ testing $PTII/ptolemy/domains/de/test/auto/CancelFireAt.xml
auto.tcl: Setting watchdog for 200 seconds at Wed May 16 18:22:43 UTC 2018
4 ms. Memory: 146944K Free: 140294K (95%)
ptolemy.util.test.WatchDog.cancel(): canceling Wed May 16 18:22:43 UTC 2018
auto.tcl: Setting watchdog for 200 seconds at Wed May 16 18:22:43 UTC 2018
5 ms. Memory: 146944K Free: 139243K (95%)
ptolemy.util.test.WatchDog.cancel(): canceling Wed May 16 18:22:43 UTC 2018
------------------ testing $PTII/ptolemy/domains/de/test/auto/CausalityAndComposabilityAnalysis.xml
auto.tcl: Setting watchdog for 200 seconds at Wed May 16 18:22:43 UTC 2018
12 ms. Memory: 146944K Free: 137789K (94%)
ptolemy.util.test.WatchDog.cancel(): canceling Wed May 16 18:22:43 UTC 2018
auto.tcl: Setting watchdog for 200 seconds at Wed May 16 18:22:43 UTC 2018
6 ms. Memory: 146944K Free: 136734K (93%)
ptolemy.util.test.WatchDog.cancel(): canceling Wed May 16 18:22:43 UTC 2018
------------------ testing $PTII/ptolemy/domains/de/test/auto/CausalityInterface1.xml
auto.tcl: Setting watchdog for 200 seconds at Wed May 16 18:22:43 UTC 2018
15 ms. Memory: 146944K Free: 136264K (93%)
ptolemy.util.test.WatchDog.cancel(): canceling Wed May 16 18:22:43 UTC 2018
auto.tcl: Setting watchdog for 200 seconds at Wed May 16 18:22:43 UTC 2018
4 ms. Memory: 146944K Free: 136264K (93%)
ptolemy.util.test.WatchDog.cancel(): canceling Wed May 16 18:22:43 UTC 2018
------------------ testing $PTII/ptolemy/domains/de/test/auto/CausalityInterface15.xml
auto.tcl: Setting watchdog for 200 seconds at Wed May 16 18:22:44 UTC 2018
5 ms. Memory: 146944K Free: 135205K (92%)
ptolemy.util.test.WatchDog.cancel(): canceling Wed May 16 18:22:44 UTC 2018
auto.tcl: Setting watchdog for 200 seconds at Wed May 16 18:22:44 UTC 2018
4 ms. Memory: 146944K Free: 135205K (92%)
ptolemy.util.test.WatchDog.cancel(): canceling Wed May 16 18:22:44 UTC 2018
------------------ testing $PTII/ptolemy/domains/de/test/auto/CausalityInterface2.xml
auto.tcl: Setting watchdog for 200 seconds at Wed May 16 18:22:44 UTC 2018
8 ms. Memory: 146944K Free: 136240K (93%)
ptolemy.util.test.WatchDog.cancel(): canceling Wed May 16 18:22:44 UTC 2018
auto.tcl: Setting watchdog for 200 seconds at Wed May 16 18:22:44 UTC 2018
4 ms. Memory: 146944K Free: 136240K (93%)
ptolemy.util.test.WatchDog.cancel(): canceling Wed May 16 18:22:44 UTC 2018
------------------ testing $PTII/ptolemy/domains/de/test/auto/CausalityInterface3.xml
auto.tcl: Setting watchdog for 200 seconds at Wed May 16 18:22:44 UTC 2018
3 ms. Memory: 146944K Free: 136253K (93%)
ptolemy.util.test.WatchDog.cancel(): canceling Wed May 16 18:22:44 UTC 2018
auto.tcl: Setting watchdog for 200 seconds at Wed May 16 18:22:44 UTC 2018
3 ms. Memory: 146944K Free: 135201K (92%)
ptolemy.util.test.WatchDog.cancel(): canceling Wed May 16 18:22:44 UTC 2018
------------------ testing $PTII/ptolemy/domains/de/test/auto/ClockDrift.xml
auto.tcl: Setting watchdog for 200 seconds at Wed May 16 18:22:44 UTC 2018
77 ms. Memory: 146944K Free: 128088K (87%)
ptolemy.util.test.WatchDog.cancel(): canceling Wed May 16 18:22:44 UTC 2018
auto.tcl: Setting watchdog for 200 seconds at Wed May 16 18:22:44 UTC 2018
45 ms. Memory: 146944K Free: 124934K (85%)
ptolemy.util.test.WatchDog.cancel(): canceling Wed May 16 18:22:44 UTC 2018
------------------ testing $PTII/ptolemy/domains/de/test/auto/ClockDriftAndValueChange.xml
auto.tcl: Setting watchdog for 200 seconds at Wed May 16 18:22:44 UTC 2018
41 ms. Memory: 146944K Free: 127925K (87%)
ptolemy.util.test.WatchDog.cancel(): canceling Wed May 16 18:22:44 UTC 2018
auto.tcl: Setting watchdog for 200 seconds at Wed May 16 18:22:44 UTC 2018
62 ms. Memory: 146944K Free: 124771K (85%)
ptolemy.util.test.WatchDog.cancel(): canceling Wed May 16 18:22:44 UTC 2018
------------------ testing $PTII/ptolemy/domains/de/test/auto/ClockDriftChange.xml
auto.tcl: Setting watchdog for 200 seconds at Wed May 16 18:22:44 UTC 2018
29 ms. Memory: 146944K Free: 130619K (89%)
ptolemy.util.test.WatchDog.cancel(): canceling Wed May 16 18:22:44 UTC 2018
auto.tcl: Setting watchdog for 200 seconds at Wed May 16 18:22:44 UTC 2018
35 ms. Memory: 146944K Free: 128516K (87%)
ptolemy.util.test.WatchDog.cancel(): canceling Wed May 16 18:22:44 UTC 2018
------------------ testing $PTII/ptolemy/domains/de/test/auto/ComposableCausalityAnalysis.xml
auto.tcl: Setting watchdog for 200 seconds at Wed May 16 18:22:44 UTC 2018
2 ms. Memory: 146944K Free: 135057K (92%)
ptolemy.util.test.WatchDog.cancel(): canceling Wed May 16 18:22:44 UTC 2018
auto.tcl: Setting watchdog for 200 seconds at Wed May 16 18:22:44 UTC 2018
2 ms. Memory: 146944K Free: 134005K (91%)
ptolemy.util.test.WatchDog.cancel(): canceling Wed May 16 18:22:44 UTC 2018
------------------ testing $PTII/ptolemy/domains/de/test/auto/DEFixedPointLimitation.xml
auto.tcl: Setting watchdog for 200 seconds at Wed May 16 18:22:44 UTC 2018
2 ms. Memory: 146944K Free: 136189K (93%)
ptolemy.util.test.WatchDog.cancel(): canceling Wed May 16 18:22:44 UTC 2018
auto.tcl: Setting watchdog for 200 seconds at Wed May 16 18:22:44 UTC 2018
2 ms. Memory: 146944K Free: 136189K (93%)
ptolemy.util.test.WatchDog.cancel(): canceling Wed May 16 18:22:44 UTC 2018
------------------ testing $PTII/ptolemy/domains/de/test/auto/DEScheduleTest.xml
auto.tcl: Setting watchdog for 200 seconds at Wed May 16 18:22:45 UTC 2018
6 ms. Memory: 146944K Free: 137277K (93%)
ptolemy.util.test.WatchDog.cancel(): canceling Wed May 16 18:22:45 UTC 2018
auto.tcl: Setting watchdog for 200 seconds at Wed May 16 18:22:45 UTC 2018
4 ms. Memory: 146944K Free: 136225K (93%)
ptolemy.util.test.WatchDog.cancel(): canceling Wed May 16 18:22:45 UTC 2018
------------------ testing $PTII/ptolemy/domains/de/test/auto/DEinDEwithStartTimes.xml
auto.tcl: Setting watchdog for 200 seconds at Wed May 16 18:22:45 UTC 2018
4 ms. Memory: 146944K Free: 136194K (93%)
ptolemy.util.test.WatchDog.cancel(): canceling Wed May 16 18:22:45 UTC 2018
auto.tcl: Setting watchdog for 200 seconds at Wed May 16 18:22:45 UTC 2018
11 ms. Memory: 146944K Free: 134091K (91%)
ptolemy.util.test.WatchDog.cancel(): canceling Wed May 16 18:22:45 UTC 2018
------------------ testing $PTII/ptolemy/domains/de/test/auto/DEinDEwithStartTimes2.xml
auto.tcl: Setting watchdog for 200 seconds at Wed May 16 18:22:45 UTC 2018
9 ms. Memory: 146944K Free: 135122K (92%)
ptolemy.util.test.WatchDog.cancel(): canceling Wed May 16 18:22:45 UTC 2018
auto.tcl: Setting watchdog for 200 seconds at Wed May 16 18:22:45 UTC 2018
9 ms. Memory: 146944K Free: 134071K (91%)
ptolemy.util.test.WatchDog.cancel(): canceling Wed May 16 18:22:45 UTC 2018
------------------ testing $PTII/ptolemy/domains/de/test/auto/DateDemo.xml
auto.tcl: Setting watchdog for 200 seconds at Wed May 16 18:22:45 UTC 2018
19 ms. Memory: 146944K Free: 129201K (88%)
ptolemy.util.test.WatchDog.cancel(): canceling Wed May 16 18:22:45 UTC 2018
auto.tcl: Setting watchdog for 200 seconds at Wed May 16 18:22:45 UTC 2018
11 ms. Memory: 146944K Free: 127098K (86%)
ptolemy.util.test.WatchDog.cancel(): canceling Wed May 16 18:22:45 UTC 2018
------------------ testing $PTII/ptolemy/domains/de/test/auto/DateToEvent.xml
auto.tcl: Setting watchdog for 200 seconds at Wed May 16 18:22:45 UTC 2018
2010 ms. Memory: 146944K Free: 123308K (84%)
ptolemy.util.test.WatchDog.cancel(): canceling Wed May 16 18:22:47 UTC 2018
auto.tcl: Setting watchdog for 200 seconds at Wed May 16 18:22:47 UTC 2018
2009 ms. Memory: 146944K Free: 121028K (82%)
ptolemy.util.test.WatchDog.cancel(): canceling Wed May 16 18:22:49 UTC 2018
------------------ testing $PTII/ptolemy/domains/de/test/auto/DepthTest1.xml
auto.tcl: Setting watchdog for 200 seconds at Wed May 16 18:22:49 UTC 2018
4 ms. Memory: 146944K Free: 138145K (94%)
ptolemy.util.test.WatchDog.cancel(): canceling Wed May 16 18:22:49 UTC 2018
auto.tcl: Setting watchdog for 200 seconds at Wed May 16 18:22:49 UTC 2018
1 ms. Memory: 146944K Free: 138145K (94%)
ptolemy.util.test.WatchDog.cancel(): canceling Wed May 16 18:22:49 UTC 2018
------------------ testing $PTII/ptolemy/domains/de/test/auto/DepthTest2.xml
auto.tcl: Setting watchdog for 200 seconds at Wed May 16 18:22:49 UTC 2018
7 ms. Memory: 146944K Free: 133832K (91%)
ptolemy.util.test.WatchDog.cancel(): canceling Wed May 16 18:22:49 UTC 2018
auto.tcl: Setting watchdog for 200 seconds at Wed May 16 18:22:49 UTC 2018
3 ms. Memory: 146944K Free: 133832K (91%)
ptolemy.util.test.WatchDog.cancel(): canceling Wed May 16 18:22:49 UTC 2018
------------------ testing $PTII/ptolemy/domains/de/test/auto/DepthTest3.xml
auto.tcl: Setting watchdog for 200 seconds at Wed May 16 18:22:49 UTC 2018
3 ms. Memory: 146944K Free: 138478K (94%)
ptolemy.util.test.WatchDog.cancel(): canceling Wed May 16 18:22:49 UTC 2018
auto.tcl: Setting watchdog for 200 seconds at Wed May 16 18:22:49 UTC 2018
2 ms. Memory: 146944K Free: 138478K (94%)
ptolemy.util.test.WatchDog.cancel(): canceling Wed May 16 18:22:49 UTC 2018
------------------ testing $PTII/ptolemy/domains/de/test/auto/DepthTest4.xml
auto.tcl: Setting watchdog for 200 seconds at Wed May 16 18:22:49 UTC 2018
7 ms. Memory: 146944K Free: 135848K (92%)
ptolemy.util.test.WatchDog.cancel(): canceling Wed May 16 18:22:49 UTC 2018
auto.tcl: Setting watchdog for 200 seconds at Wed May 16 18:22:49 UTC 2018
3 ms. Memory: 146944K Free: 134796K (92%)
ptolemy.util.test.WatchDog.cancel(): canceling Wed May 16 18:22:49 UTC 2018
------------------ testing $PTII/ptolemy/domains/de/test/auto/DepthTest5.xml
auto.tcl: Setting watchdog for 200 seconds at Wed May 16 18:22:49 UTC 2018
4 ms. Memory: 146944K Free: 134744K (92%)
ptolemy.util.test.WatchDog.cancel(): canceling Wed May 16 18:22:49 UTC 2018
auto.tcl: Setting watchdog for 200 seconds at Wed May 16 18:22:49 UTC 2018
3 ms. Memory: 146944K Free: 134744K (92%)
ptolemy.util.test.WatchDog.cancel(): canceling Wed May 16 18:22:49 UTC 2018
------------------ testing $PTII/ptolemy/domains/de/test/auto/DepthTest6.xml
auto.tcl: Setting watchdog for 200 seconds at Wed May 16 18:22:50 UTC 2018
9 ms. Memory: 146944K Free: 134814K (92%)
ptolemy.util.test.WatchDog.cancel(): canceling Wed May 16 18:22:50 UTC 2018
auto.tcl: Setting watchdog for 200 seconds at Wed May 16 18:22:50 UTC 2018
3 ms. Memory: 146944K Free: 134814K (92%)
ptolemy.util.test.WatchDog.cancel(): canceling Wed May 16 18:22:50 UTC 2018
------------------ testing $PTII/ptolemy/domains/de/test/auto/DepthTest7.xml
auto.tcl: Setting watchdog for 200 seconds at Wed May 16 18:22:50 UTC 2018
3 ms. Memory: 146944K Free: 135752K (92%)
ptolemy.util.test.WatchDog.cancel(): canceling Wed May 16 18:22:50 UTC 2018
auto.tcl: Setting watchdog for 200 seconds at Wed May 16 18:22:50 UTC 2018
2 ms. Memory: 146944K Free: 134701K (92%)
ptolemy.util.test.WatchDog.cancel(): canceling Wed May 16 18:22:50 UTC 2018
------------------ testing $PTII/ptolemy/domains/de/test/auto/EventToDate.xml
auto.tcl: Setting watchdog for 200 seconds at Wed May 16 18:22:50 UTC 2018
3006 ms. Memory: 146944K Free: 125260K (85%)
ptolemy.util.test.WatchDog.cancel(): canceling Wed May 16 18:22:53 UTC 2018
auto.tcl: Setting watchdog for 200 seconds at Wed May 16 18:22:53 UTC 2018
3006 ms. Memory: 146944K Free: 125260K (85%)
ptolemy.util.test.WatchDog.cancel(): canceling Wed May 16 18:22:56 UTC 2018
------------------ testing $PTII/ptolemy/domains/de/test/auto/FSM1.xml
auto.tcl: Setting watchdog for 200 seconds at Wed May 16 18:22:56 UTC 2018
40 ms. Memory: 146944K Free: 127635K (87%)
ptolemy.util.test.WatchDog.cancel(): canceling Wed May 16 18:22:56 UTC 2018
auto.tcl: Setting watchdog for 200 seconds at Wed May 16 18:22:56 UTC 2018
18 ms. Memory: 146944K Free: 124457K (85%)
ptolemy.util.test.WatchDog.cancel(): canceling Wed May 16 18:22:56 UTC 2018
------------------ testing $PTII/ptolemy/domains/de/test/auto/FSM7.xml
auto.tcl: Setting watchdog for 200 seconds at Wed May 16 18:22:56 UTC 2018
22 ms. Memory: 146944K Free: 126757K (86%)
ptolemy.util.test.WatchDog.cancel(): canceling Wed May 16 18:22:56 UTC 2018
auto.tcl: Setting watchdog for 200 seconds at Wed May 16 18:22:56 UTC 2018
24 ms. Memory: 146944K Free: 123555K (84%)
ptolemy.util.test.WatchDog.cancel(): canceling Wed May 16 18:22:56 UTC 2018
------------------ testing $PTII/ptolemy/domains/de/test/auto/Inspection.xml
auto.tcl: Setting watchdog for 200 seconds at Wed May 16 18:22:56 UTC 2018
50 ms. Memory: 146944K Free: 127600K (87%)
ptolemy.util.test.WatchDog.cancel(): canceling Wed May 16 18:22:56 UTC 2018
auto.tcl: Setting watchdog for 200 seconds at Wed May 16 18:22:56 UTC 2018
35 ms. Memory: 146944K Free: 125481K (85%)
ptolemy.util.test.WatchDog.cancel(): canceling Wed May 16 18:22:56 UTC 2018
------------------ testing $PTII/ptolemy/domains/de/test/auto/Iteration.xml
auto.tcl: Setting watchdog for 200 seconds at Wed May 16 18:22:56 UTC 2018
16 ms. Memory: 146944K Free: 133536K (91%)
ptolemy.util.test.WatchDog.cancel(): canceling Wed May 16 18:22:56 UTC 2018
auto.tcl: Setting watchdog for 200 seconds at Wed May 16 18:22:56 UTC 2018
10 ms. Memory: 146944K Free: 132375K (90%)
ptolemy.util.test.WatchDog.cancel(): canceling Wed May 16 18:22:56 UTC 2018
------------------ testing $PTII/ptolemy/domains/de/test/auto/LineFault.xml
auto.tcl: Setting watchdog for 200 seconds at Wed May 16 18:22:56 UTC 2018
812 ms. Memory: 146944K Free: 137789K (94%)
ptolemy.util.test.WatchDog.cancel(): canceling Wed May 16 18:22:58 UTC 2018
auto.tcl: Setting watchdog for 200 seconds at Wed May 16 18:22:58 UTC 2018
702 ms. Memory: 146944K Free: 81413K (55%)
ptolemy.util.test.WatchDog.cancel(): canceling Wed May 16 18:22:58 UTC 2018
------------------ testing $PTII/ptolemy/domains/de/test/auto/MergeModel1Add.xml
auto.tcl: Setting watchdog for 200 seconds at Wed May 16 18:22:58 UTC 2018
33 ms. Memory: 209920K Free: 180157K (86%)
ptolemy.util.test.WatchDog.cancel(): canceling Wed May 16 18:22:58 UTC 2018
auto.tcl: Setting watchdog for 200 seconds at Wed May 16 18:22:58 UTC 2018
13 ms. Memory: 209920K Free: 178258K (85%)
ptolemy.util.test.WatchDog.cancel(): canceling Wed May 16 18:22:59 UTC 2018
------------------ testing $PTII/ptolemy/domains/de/test/auto/MergeModel2Add.xml
auto.tcl: Setting watchdog for 200 seconds at Wed May 16 18:22:59 UTC 2018
12 ms. Memory: 210432K Free: 183943K (87%)
ptolemy.util.test.WatchDog.cancel(): canceling Wed May 16 18:22:59 UTC 2018
auto.tcl: Setting watchdog for 200 seconds at Wed May 16 18:22:59 UTC 2018
13 ms. Memory: 210432K Free: 182056K (87%)
ptolemy.util.test.WatchDog.cancel(): canceling Wed May 16 18:22:59 UTC 2018
------------------ testing $PTII/ptolemy/domains/de/test/auto/MergeModel3Add.xml
auto.tcl: Setting watchdog for 200 seconds at Wed May 16 18:22:59 UTC 2018
12 ms. Memory: 209920K Free: 183321K (87%)
ptolemy.util.test.WatchDog.cancel(): canceling Wed May 16 18:22:59 UTC 2018
auto.tcl: Setting watchdog for 200 seconds at Wed May 16 18:22:59 UTC 2018
11 ms. Memory: 209920K Free: 181430K (86%)
ptolemy.util.test.WatchDog.cancel(): canceling Wed May 16 18:22:59 UTC 2018
------------------ testing $PTII/ptolemy/domains/de/test/auto/MergeWithoutDiscard.xml
auto.tcl: Setting watchdog for 200 seconds at Wed May 16 18:22:59 UTC 2018
5 ms. Memory: 210432K Free: 198431K (94%)
ptolemy.util.test.WatchDog.cancel(): canceling Wed May 16 18:22:59 UTC 2018
auto.tcl: Setting watchdog for 200 seconds at Wed May 16 18:22:59 UTC 2018
1 ms. Memory: 210432K Free: 198431K (94%)
ptolemy.util.test.WatchDog.cancel(): canceling Wed May 16 18:22:59 UTC 2018
------------------ testing $PTII/ptolemy/domains/de/test/auto/Modal1.xml
auto.tcl: Setting watchdog for 200 seconds at Wed May 16 18:22:59 UTC 2018
21 ms. Memory: 210432K Free: 190083K (90%)
ptolemy.util.test.WatchDog.cancel(): canceling Wed May 16 18:22:59 UTC 2018
auto.tcl: Setting watchdog for 200 seconds at Wed May 16 18:22:59 UTC 2018
22 ms. Memory: 210432K Free: 186269K (89%)
ptolemy.util.test.WatchDog.cancel(): canceling Wed May 16 18:22:59 UTC 2018
------------------ testing $PTII/ptolemy/domains/de/test/auto/Modal2.xml
auto.tcl: Setting watchdog for 200 seconds at Wed May 16 18:22:59 UTC 2018
12 ms. Memory: 210432K Free: 189964K (90%)
ptolemy.util.test.WatchDog.cancel(): canceling Wed May 16 18:22:59 UTC 2018
auto.tcl: Setting watchdog for 200 seconds at Wed May 16 18:22:59 UTC 2018
12 ms. Memory: 210432K Free: 186150K (88%)
ptolemy.util.test.WatchDog.cancel(): canceling Wed May 16 18:22:59 UTC 2018
------------------ testing $PTII/ptolemy/domains/de/test/auto/Modal3.xml
auto.tcl: Setting watchdog for 200 seconds at Wed May 16 18:22:59 UTC 2018
10 ms. Memory: 210432K Free: 189951K (90%)
ptolemy.util.test.WatchDog.cancel(): canceling Wed May 16 18:22:59 UTC 2018
auto.tcl: Setting watchdog for 200 seconds at Wed May 16 18:22:59 UTC 2018
17 ms. Memory: 210432K Free: 186153K (88%)
ptolemy.util.test.WatchDog.cancel(): canceling Wed May 16 18:22:59 UTC 2018
------------------ testing $PTII/ptolemy/domains/de/test/auto/Modal4.xml
auto.tcl: Setting watchdog for 200 seconds at Wed May 16 18:22:59 UTC 2018
13 ms. Memory: 208384K Free: 187915K (90%)
ptolemy.util.test.WatchDog.cancel(): canceling Wed May 16 18:22:59 UTC 2018
auto.tcl: Setting watchdog for 200 seconds at Wed May 16 18:22:59 UTC 2018
20 ms. Memory: 208384K Free: 184101K (88%)
ptolemy.util.test.WatchDog.cancel(): canceling Wed May 16 18:22:59 UTC 2018
------------------ testing $PTII/ptolemy/domains/de/test/auto/Modal5.xml
auto.tcl: Setting watchdog for 200 seconds at Wed May 16 18:22:59 UTC 2018
18 ms. Memory: 209920K Free: 189428K (90%)
ptolemy.util.test.WatchDog.cancel(): canceling Wed May 16 18:22:59 UTC 2018
auto.tcl: Setting watchdog for 200 seconds at Wed May 16 18:22:59 UTC 2018
16 ms. Memory: 209920K Free: 185631K (88%)
ptolemy.util.test.WatchDog.cancel(): canceling Wed May 16 18:22:59 UTC 2018
------------------ testing $PTII/ptolemy/domains/de/test/auto/Modal6.xml
auto.tcl: Setting watchdog for 200 seconds at Wed May 16 18:23:00 UTC 2018
15 ms. Memory: 209920K Free: 189498K (90%)
ptolemy.util.test.WatchDog.cancel(): canceling Wed May 16 18:23:00 UTC 2018
auto.tcl: Setting watchdog for 200 seconds at Wed May 16 18:23:00 UTC 2018
20 ms. Memory: 209920K Free: 185612K (88%)
ptolemy.util.test.WatchDog.cancel(): canceling Wed May 16 18:23:00 UTC 2018
------------------ testing $PTII/ptolemy/domains/de/test/auto/Modal7.xml
auto.tcl: Setting watchdog for 200 seconds at Wed May 16 18:23:00 UTC 2018
11 ms. Memory: 209920K Free: 187528K (89%)
ptolemy.util.test.WatchDog.cancel(): canceling Wed May 16 18:23:00 UTC 2018
auto.tcl: Setting watchdog for 200 seconds at Wed May 16 18:23:00 UTC 2018
12 ms. Memory: 209920K Free: 185622K (88%)
ptolemy.util.test.WatchDog.cancel(): canceling Wed May 16 18:23:00 UTC 2018
------------------ testing $PTII/ptolemy/domains/de/test/auto/ModalModel.xml
auto.tcl: Setting watchdog for 200 seconds at Wed May 16 18:23:00 UTC 2018
202 ms. Memory: 209920K Free: 128726K (61%)
ptolemy.util.test.WatchDog.cancel(): canceling Wed May 16 18:23:00 UTC 2018
auto.tcl: Setting watchdog for 200 seconds at Wed May 16 18:23:00 UTC 2018
234 ms. Memory: 209920K Free: 196741K (94%)
ptolemy.util.test.WatchDog.cancel(): canceling Wed May 16 18:23:00 UTC 2018
------------------ testing $PTII/ptolemy/domains/de/test/auto/ModalSource.xml
auto.tcl: Setting watchdog for 200 seconds at Wed May 16 18:23:00 UTC 2018
13 ms. Memory: 209920K Free: 194531K (93%)
ptolemy.util.test.WatchDog.cancel(): canceling Wed May 16 18:23:00 UTC 2018
auto.tcl: Setting watchdog for 200 seconds at Wed May 16 18:23:00 UTC 2018
7 ms. Memory: 209920K Free: 192788K (92%)
ptolemy.util.test.WatchDog.cancel(): canceling Wed May 16 18:23:00 UTC 2018
------------------ testing $PTII/ptolemy/domains/de/test/auto/NonInterruptibleTimerZeroDelay.xml
auto.tcl: Setting watchdog for 200 seconds at Wed May 16 18:23:00 UTC 2018
5 ms. Memory: 336896K Free: 325628K (97%)
ptolemy.util.test.WatchDog.cancel(): canceling Wed May 16 18:23:00 UTC 2018
auto.tcl: Setting watchdog for 200 seconds at Wed May 16 18:23:00 UTC 2018
3 ms. Memory: 336896K Free: 322133K (96%)
ptolemy.util.test.WatchDog.cancel(): canceling Wed May 16 18:23:00 UTC 2018
------------------ testing $PTII/ptolemy/domains/de/test/auto/OpenQueueingNetwork.xml
auto.tcl: Setting watchdog for 200 seconds at Wed May 16 18:23:00 UTC 2018
3571 ms. Memory: 323584K Free: 183732K (57%)
ptolemy.util.test.WatchDog.cancel(): canceling Wed May 16 18:23:04 UTC 2018
auto.tcl: Setting watchdog for 200 seconds at Wed May 16 18:23:04 UTC 2018
2490 ms. Memory: 304640K Free: 79835K (26%)
ptolemy.util.test.WatchDog.cancel(): canceling Wed May 16 18:23:07 UTC 2018
------------------ testing $PTII/ptolemy/domains/de/test/auto/OpenQueuingNetwork.xml
auto.tcl: Setting watchdog for 200 seconds at Wed May 16 18:23:07 UTC 2018
278 ms. Memory: 303104K Free: 203092K (67%)
ptolemy.util.test.WatchDog.cancel(): canceling Wed May 16 18:23:07 UTC 2018
auto.tcl: Setting watchdog for 200 seconds at Wed May 16 18:23:07 UTC 2018
266 ms. Memory: 303104K Free: 144550K (48%)
ptolemy.util.test.WatchDog.cancel(): canceling Wed May 16 18:23:07 UTC 2018
------------------ testing $PTII/ptolemy/domains/de/test/auto/PeriodicSampler.xml
auto.tcl: Setting watchdog for 200 seconds at Wed May 16 18:23:07 UTC 2018
3 ms. Memory: 304640K Free: 291353K (96%)
ptolemy.util.test.WatchDog.cancel(): canceling Wed May 16 18:23:07 UTC 2018
auto.tcl: Setting watchdog for 200 seconds at Wed May 16 18:23:07 UTC 2018
2 ms. Memory: 304640K Free: 288226K (95%)
ptolemy.util.test.WatchDog.cancel(): canceling Wed May 16 18:23:07 UTC 2018
------------------ testing $PTII/ptolemy/domains/de/test/auto/PersistentIO.xml
auto.tcl: Setting watchdog for 200 seconds at Wed May 16 18:23:08 UTC 2018
12 ms. Memory: 303104K Free: 284162K (94%)
ptolemy.util.test.WatchDog.cancel(): canceling Wed May 16 18:23:08 UTC 2018
auto.tcl: Setting watchdog for 200 seconds at Wed May 16 18:23:08 UTC 2018
5 ms. Memory: 303104K Free: 281027K (93%)
ptolemy.util.test.WatchDog.cancel(): canceling Wed May 16 18:23:08 UTC 2018
------------------ testing $PTII/ptolemy/domains/de/test/auto/PortParameterResetOnInitialize.xml
auto.tcl: Setting watchdog for 200 seconds at Wed May 16 18:23:08 UTC 2018
2 ms. Memory: 304640K Free: 290903K (95%)
ptolemy.util.test.WatchDog.cancel(): canceling Wed May 16 18:23:08 UTC 2018
auto.tcl: Setting watchdog for 200 seconds at Wed May 16 18:23:08 UTC 2018
3 ms. Memory: 304640K Free: 290903K (95%)
ptolemy.util.test.WatchDog.cancel(): canceling Wed May 16 18:23:08 UTC 2018
------------------ testing $PTII/ptolemy/domains/de/test/auto/PortParameterUpdates.xml
auto.tcl: Setting watchdog for 200 seconds at Wed May 16 18:23:08 UTC 2018
4 ms. Memory: 303104K Free: 287065K (95%)
ptolemy.util.test.WatchDog.cancel(): canceling Wed May 16 18:23:08 UTC 2018
auto.tcl: Setting watchdog for 200 seconds at Wed May 16 18:23:08 UTC 2018
4 ms. Memory: 303104K Free: 283929K (94%)
ptolemy.util.test.WatchDog.cancel(): canceling Wed May 16 18:23:08 UTC 2018
------------------ testing $PTII/ptolemy/domains/de/test/auto/QueueAndServer.xml
auto.tcl: Setting watchdog for 200 seconds at Wed May 16 18:23:08 UTC 2018
8 ms. Memory: 304128K Free: 287111K (94%)
ptolemy.util.test.WatchDog.cancel(): canceling Wed May 16 18:23:08 UTC 2018
auto.tcl: Setting watchdog for 200 seconds at Wed May 16 18:23:08 UTC 2018
9 ms. Memory: 304128K Free: 287111K (94%)
ptolemy.util.test.WatchDog.cancel(): canceling Wed May 16 18:23:08 UTC 2018
------------------ testing $PTII/ptolemy/domains/de/test/auto/Records.xml
auto.tcl: Setting watchdog for 200 seconds at Wed May 16 18:23:08 UTC 2018
5 ms. Memory: 303104K Free: 289140K (95%)
ptolemy.util.test.WatchDog.cancel(): canceling Wed May 16 18:23:08 UTC 2018
auto.tcl: Setting watchdog for 200 seconds at Wed May 16 18:23:08 UTC 2018
2 ms. Memory: 303104K Free: 289140K (95%)
ptolemy.util.test.WatchDog.cancel(): canceling Wed May 16 18:23:08 UTC 2018
------------------ testing $PTII/ptolemy/domains/de/test/auto/ResetTransitionWithStartTime1.xml
auto.tcl: Setting watchdog for 200 seconds at Wed May 16 18:23:08 UTC 2018
17 ms. Memory: 304128K Free: 287055K (94%)
ptolemy.util.test.WatchDog.cancel(): canceling Wed May 16 18:23:08 UTC 2018
auto.tcl: Setting watchdog for 200 seconds at Wed May 16 18:23:08 UTC 2018
9 ms. Memory: 304128K Free: 287055K (94%)
ptolemy.util.test.WatchDog.cancel(): canceling Wed May 16 18:23:08 UTC 2018
------------------ testing $PTII/ptolemy/domains/de/test/auto/ResetTransitionWithStartTime2.xml
auto.tcl: Setting watchdog for 200 seconds at Wed May 16 18:23:08 UTC 2018
8 ms. Memory: 303104K Free: 286068K (94%)
ptolemy.util.test.WatchDog.cancel(): canceling Wed May 16 18:23:08 UTC 2018
auto.tcl: Setting watchdog for 200 seconds at Wed May 16 18:23:08 UTC 2018
11 ms. Memory: 303104K Free: 286068K (94%)
ptolemy.util.test.WatchDog.cancel(): canceling Wed May 16 18:23:08 UTC 2018
------------------ testing $PTII/ptolemy/domains/de/test/auto/ResetTransitionWithStartTime3.xml
auto.tcl: Setting watchdog for 200 seconds at Wed May 16 18:23:08 UTC 2018
9 ms. Memory: 304128K Free: 287053K (94%)
ptolemy.util.test.WatchDog.cancel(): canceling Wed May 16 18:23:08 UTC 2018
auto.tcl: Setting watchdog for 200 seconds at Wed May 16 18:23:08 UTC 2018
7 ms. Memory: 304128K Free: 287053K (94%)
ptolemy.util.test.WatchDog.cancel(): canceling Wed May 16 18:23:08 UTC 2018
------------------ testing $PTII/ptolemy/domains/de/test/auto/ResetTransitionWithStartTime4.xml
auto.tcl: Setting watchdog for 200 seconds at Wed May 16 18:23:08 UTC 2018
4 ms. Memory: 303104K Free: 286065K (94%)
ptolemy.util.test.WatchDog.cancel(): canceling Wed May 16 18:23:08 UTC 2018
auto.tcl: Setting watchdog for 200 seconds at Wed May 16 18:23:08 UTC 2018
4 ms. Memory: 303104K Free: 286065K (94%)
ptolemy.util.test.WatchDog.cancel(): canceling Wed May 16 18:23:08 UTC 2018
------------------ testing $PTII/ptolemy/domains/de/test/auto/ResettableTimer1.xml
auto.tcl: Setting watchdog for 200 seconds at Wed May 16 18:23:08 UTC 2018
3 ms. Memory: 303616K Free: 287445K (95%)
ptolemy.util.test.WatchDog.cancel(): canceling Wed May 16 18:23:08 UTC 2018
auto.tcl: Setting watchdog for 200 seconds at Wed May 16 18:23:08 UTC 2018
2 ms. Memory: 303616K Free: 287445K (95%)
ptolemy.util.test.WatchDog.cancel(): canceling Wed May 16 18:23:08 UTC 2018
------------------ testing $PTII/ptolemy/domains/de/test/auto/ResettableTimer2.xml
auto.tcl: Setting watchdog for 200 seconds at Wed May 16 18:23:08 UTC 2018
3 ms. Memory: 303104K Free: 289262K (95%)
ptolemy.util.test.WatchDog.cancel(): canceling Wed May 16 18:23:08 UTC 2018
auto.tcl: Setting watchdog for 200 seconds at Wed May 16 18:23:08 UTC 2018
4 ms. Memory: 303104K Free: 289262K (95%)
ptolemy.util.test.WatchDog.cancel(): canceling Wed May 16 18:23:08 UTC 2018
------------------ testing $PTII/ptolemy/domains/de/test/auto/ResettableTimer3.xml
auto.tcl: Setting watchdog for 200 seconds at Wed May 16 18:23:08 UTC 2018
1 ms. Memory: 303616K Free: 287519K (95%)
ptolemy.util.test.WatchDog.cancel(): canceling Wed May 16 18:23:08 UTC 2018
auto.tcl: Setting watchdog for 200 seconds at Wed May 16 18:23:08 UTC 2018
1 ms. Memory: 303616K Free: 287519K (95%)
ptolemy.util.test.WatchDog.cancel(): canceling Wed May 16 18:23:08 UTC 2018
------------------ testing $PTII/ptolemy/domains/de/test/auto/ResettableTimer4.xml
auto.tcl: Setting watchdog for 200 seconds at Wed May 16 18:23:09 UTC 2018
1 ms. Memory: 303104K Free: 289283K (95%)
ptolemy.util.test.WatchDog.cancel(): canceling Wed May 16 18:23:09 UTC 2018
auto.tcl: Setting watchdog for 200 seconds at Wed May 16 18:23:09 UTC 2018
2 ms. Memory: 303104K Free: 289283K (95%)
ptolemy.util.test.WatchDog.cancel(): canceling Wed May 16 18:23:09 UTC 2018
------------------ testing $PTII/ptolemy/domains/de/test/auto/ResettableTimer5.xml
auto.tcl: Setting watchdog for 200 seconds at Wed May 16 18:23:09 UTC 2018
4 ms. Memory: 303616K Free: 287513K (95%)
ptolemy.util.test.WatchDog.cancel(): canceling Wed May 16 18:23:09 UTC 2018
auto.tcl: Setting watchdog for 200 seconds at Wed May 16 18:23:09 UTC 2018
2 ms. Memory: 303616K Free: 287513K (95%)
ptolemy.util.test.WatchDog.cancel(): canceling Wed May 16 18:23:09 UTC 2018
------------------ testing $PTII/ptolemy/domains/de/test/auto/ResettableTimer6.xml
auto.tcl: Setting watchdog for 200 seconds at Wed May 16 18:23:09 UTC 2018
6 ms. Memory: 303104K Free: 289176K (95%)
ptolemy.util.test.WatchDog.cancel(): canceling Wed May 16 18:23:09 UTC 2018
auto.tcl: Setting watchdog for 200 seconds at Wed May 16 18:23:09 UTC 2018
2 ms. Memory: 303104K Free: 289176K (95%)
ptolemy.util.test.WatchDog.cancel(): canceling Wed May 16 18:23:09 UTC 2018
------------------ testing $PTII/ptolemy/domains/de/test/auto/ServerZeroDelay.xml
auto.tcl: Setting watchdog for 200 seconds at Wed May 16 18:23:09 UTC 2018
7 ms. Memory: 303616K Free: 289715K (95%)
ptolemy.util.test.WatchDog.cancel(): canceling Wed May 16 18:23:09 UTC 2018
auto.tcl: Setting watchdog for 200 seconds at Wed May 16 18:23:09 UTC 2018
2 ms. Memory: 303616K Free: 289715K (95%)
ptolemy.util.test.WatchDog.cancel(): canceling Wed May 16 18:23:09 UTC 2018
------------------ testing $PTII/ptolemy/domains/de/test/auto/SmartSender.xml
auto.tcl: Setting watchdog for 200 seconds at Wed May 16 18:23:09 UTC 2018
3002 ms. Memory: 303104K Free: 286982K (95%)
ptolemy.util.test.WatchDog.cancel(): canceling Wed May 16 18:23:12 UTC 2018
auto.tcl: Setting watchdog for 200 seconds at Wed May 16 18:23:12 UTC 2018
3001 ms. Memory: 303104K Free: 286982K (95%)
ptolemy.util.test.WatchDog.cancel(): canceling Wed May 16 18:23:15 UTC 2018
------------------ testing $PTII/ptolemy/domains/de/test/auto/ThreadedComposite.xml
auto.tcl: Setting watchdog for 200 seconds at Wed May 16 18:23:15 UTC 2018
265 ms. Memory: 303616K Free: 267905K (88%)
ptolemy.util.test.WatchDog.cancel(): canceling Wed May 16 18:23:15 UTC 2018
auto.tcl: Setting watchdog for 200 seconds at Wed May 16 18:23:15 UTC 2018
163 ms. Memory: 303616K Free: 252799K (83%)
ptolemy.util.test.WatchDog.cancel(): canceling Wed May 16 18:23:15 UTC 2018
------------------ testing $PTII/ptolemy/domains/de/test/auto/Time.xml
auto.tcl: Setting watchdog for 200 seconds at Wed May 16 18:23:15 UTC 2018
599 ms. Memory: 303104K Free: 233454K (77%)
ptolemy.util.test.WatchDog.cancel(): canceling Wed May 16 18:23:16 UTC 2018
auto.tcl: Setting watchdog for 200 seconds at Wed May 16 18:23:16 UTC 2018
499 ms. Memory: 303104K Free: 180430K (60%)
ptolemy.util.test.WatchDog.cancel(): canceling Wed May 16 18:23:16 UTC 2018
------------------ testing $PTII/ptolemy/domains/de/test/auto/TimeDelayZeroDelay.xml
auto.tcl: Setting watchdog for 200 seconds at Wed May 16 18:23:17 UTC 2018
2 ms. Memory: 303616K Free: 290297K (96%)
ptolemy.util.test.WatchDog.cancel(): canceling Wed May 16 18:23:17 UTC 2018
auto.tcl: Setting watchdog for 200 seconds at Wed May 16 18:23:17 UTC 2018
3 ms. Memory: 303616K Free: 290297K (96%)
ptolemy.util.test.WatchDog.cancel(): canceling Wed May 16 18:23:17 UTC 2018
------------------ testing $PTII/ptolemy/domains/de/test/auto/TimerZeroDelay.xml
auto.tcl: Setting watchdog for 200 seconds at Wed May 16 18:23:17 UTC 2018
2 ms. Memory: 303104K Free: 289858K (96%)
ptolemy.util.test.WatchDog.cancel(): canceling Wed May 16 18:23:17 UTC 2018
auto.tcl: Setting watchdog for 200 seconds at Wed May 16 18:23:17 UTC 2018
2 ms. Memory: 303104K Free: 289858K (96%)
ptolemy.util.test.WatchDog.cancel(): canceling Wed May 16 18:23:17 UTC 2018
------------------ testing $PTII/ptolemy/domains/de/test/auto/TimingParadox.xml
auto.tcl: Setting watchdog for 200 seconds at Wed May 16 18:23:17 UTC 2018
357 ms. Memory: 303616K Free: 226492K (75%)
ptolemy.util.test.WatchDog.cancel(): canceling Wed May 16 18:23:17 UTC 2018
auto.tcl: Setting watchdog for 200 seconds at Wed May 16 18:23:17 UTC 2018
342 ms. Memory: 303616K Free: 193224K (64%)
ptolemy.util.test.WatchDog.cancel(): canceling Wed May 16 18:23:18 UTC 2018
------------------ testing $PTII/ptolemy/domains/de/test/auto/TransferInputs.xml
auto.tcl: Setting watchdog for 200 seconds at Wed May 16 18:23:18 UTC 2018
1 ms. Memory: 303616K Free: 289274K (95%)
ptolemy.util.test.WatchDog.cancel(): canceling Wed May 16 18:23:18 UTC 2018
auto.tcl: Setting watchdog for 200 seconds at Wed May 16 18:23:18 UTC 2018
2 ms. Memory: 303616K Free: 289274K (95%)
ptolemy.util.test.WatchDog.cancel(): canceling Wed May 16 18:23:18 UTC 2018
------------------ testing $PTII/ptolemy/domains/de/test/auto/TransferOutputs2.xml
auto.tcl: Setting watchdog for 200 seconds at Wed May 16 18:23:18 UTC 2018
4 ms. Memory: 303104K Free: 284875K (94%)
ptolemy.util.test.WatchDog.cancel(): canceling Wed May 16 18:23:18 UTC 2018
auto.tcl: Setting watchdog for 200 seconds at Wed May 16 18:23:18 UTC 2018
4 ms. Memory: 303104K Free: 282086K (93%)
ptolemy.util.test.WatchDog.cancel(): canceling Wed May 16 18:23:18 UTC 2018
------------------ testing $PTII/ptolemy/domains/de/test/auto/Trilateration.xml
auto.tcl: Setting watchdog for 200 seconds at Wed May 16 18:23:18 UTC 2018
14238 ms. Memory: 229888K Free: 98994K (43%)
ptolemy.util.test.WatchDog.cancel(): canceling Wed May 16 18:23:33 UTC 2018
auto.tcl: Setting watchdog for 200 seconds at Wed May 16 18:23:33 UTC 2018
11944 ms. Memory: 137728K Free: 64592K (47%)
ptolemy.util.test.WatchDog.cancel(): canceling Wed May 16 18:23:45 UTC 2018
------------------ testing $PTII/ptolemy/domains/de/test/auto/TwoSigmaDelta.xml
auto.tcl: Setting watchdog for 200 seconds at Wed May 16 18:23:45 UTC 2018
3080 ms. Memory: 129024K Free: 89798K (70%)
ptolemy.util.test.WatchDog.cancel(): canceling Wed May 16 18:23:49 UTC 2018
auto.tcl: Setting watchdog for 200 seconds at Wed May 16 18:23:49 UTC 2018
2456 ms. Memory: 123904K Free: 80739K (65%)
ptolemy.util.test.WatchDog.cancel(): canceling Wed May 16 18:23:51 UTC 2018
------------------ testing $PTII/ptolemy/domains/de/test/auto/VariableDelay.xml
auto.tcl: Setting watchdog for 200 seconds at Wed May 16 18:23:51 UTC 2018
3 ms. Memory: 123904K Free: 112957K (91%)
ptolemy.util.test.WatchDog.cancel(): canceling Wed May 16 18:23:51 UTC 2018
auto.tcl: Setting watchdog for 200 seconds at Wed May 16 18:23:51 UTC 2018
2 ms. Memory: 123904K Free: 112146K (91%)
ptolemy.util.test.WatchDog.cancel(): canceling Wed May 16 18:23:51 UTC 2018
------------------ testing $PTII/ptolemy/domains/de/test/auto/VariableDelay2.xml
auto.tcl: Setting watchdog for 200 seconds at Wed May 16 18:23:51 UTC 2018
1 ms. Memory: 123904K Free: 113348K (91%)
ptolemy.util.test.WatchDog.cancel(): canceling Wed May 16 18:23:51 UTC 2018
auto.tcl: Setting watchdog for 200 seconds at Wed May 16 18:23:51 UTC 2018
3 ms. Memory: 123904K Free: 112537K (91%)
ptolemy.util.test.WatchDog.cancel(): canceling Wed May 16 18:23:51 UTC 2018
------------------ testing $PTII/ptolemy/domains/de/test/auto/VariableDelayZeroDelay.xml
auto.tcl: Setting watchdog for 200 seconds at Wed May 16 18:23:51 UTC 2018
4 ms. Memory: 123904K Free: 114198K (92%)
ptolemy.util.test.WatchDog.cancel(): canceling Wed May 16 18:23:51 UTC 2018
auto.tcl: Setting watchdog for 200 seconds at Wed May 16 18:23:51 UTC 2018
2 ms. Memory: 123904K Free: 113379K (92%)
ptolemy.util.test.WatchDog.cancel(): canceling Wed May 16 18:23:51 UTC 2018
------------------ testing $PTII/ptolemy/domains/de/test/auto/VariableDelayZeroDelay2.xml
auto.tcl: Setting watchdog for 200 seconds at Wed May 16 18:23:51 UTC 2018
6 ms. Memory: 123904K Free: 113329K (91%)
ptolemy.util.test.WatchDog.cancel(): canceling Wed May 16 18:23:51 UTC 2018
auto.tcl: Setting watchdog for 200 seconds at Wed May 16 18:23:51 UTC 2018
2 ms. Memory: 123904K Free: 112502K (91%)
ptolemy.util.test.WatchDog.cancel(): canceling Wed May 16 18:23:51 UTC 2018
------------------ testing $PTII/ptolemy/domains/de/test/auto/deInCt.xml
auto.tcl: Setting watchdog for 200 seconds at Wed May 16 18:23:51 UTC 2018
0
1
1
1
1
1
1
1
1
1
1
1
0
0
0
0
10 ms. Memory: 123904K Free: 112530K (91%)
ptolemy.util.test.WatchDog.cancel(): canceling Wed May 16 18:23:51 UTC 2018
auto.tcl: Setting watchdog for 200 seconds at Wed May 16 18:23:51 UTC 2018
0
1
1
1
0
0
0
1
1
1
0
0
0
0
1
1
1
0
0
0
1
1
1
0
0
0
0
0
1
1
1
0
0
0
0
1
1
1
0
0
0
1
1
1
1
0
0
0
0
8 ms. Memory: 123904K Free: 110852K (89%)
ptolemy.util.test.WatchDog.cancel(): canceling Wed May 16 18:23:51 UTC 2018
------------------ testing $PTII/ptolemy/domains/de/test/auto/deInCt2.xml
auto.tcl: Setting watchdog for 200 seconds at Wed May 16 18:23:51 UTC 2018
0
1
1
1
0
0
1
1
1
0
0
1
1
1
0
0
1
1
1
0
0
1
1
1
0
0
1
1
1
0
0
1
1
1
0
0
1
1
1
0
0
0
13 ms. Memory: 123904K Free: 112514K (91%)
ptolemy.util.test.WatchDog.cancel(): canceling Wed May 16 18:23:51 UTC 2018
auto.tcl: Setting watchdog for 200 seconds at Wed May 16 18:23:51 UTC 2018
0
1
1
1
0
0
1
1
1
0
0
1
1
1
0
0
1
1
1
0
0
1
1
1
0
0
1
1
1
0
0
1
1
1
0
0
1
1
1
0
0
0
7 ms. Memory: 123904K Free: 110876K (89%)
ptolemy.util.test.WatchDog.cancel(): canceling Wed May 16 18:23:51 UTC 2018
------------------ testing $PTII/ptolemy/domains/de/test/auto/dynamicCausalityInterface1.xml
auto.tcl: Setting watchdog for 200 seconds at Wed May 16 18:23:51 UTC 2018
1 ms. Memory: 123904K Free: 107958K (87%)
ptolemy.util.test.WatchDog.cancel(): canceling Wed May 16 18:23:52 UTC 2018
auto.tcl: Setting watchdog for 200 seconds at Wed May 16 18:23:52 UTC 2018
1 ms. Memory: 123904K Free: 107131K (86%)
ptolemy.util.test.WatchDog.cancel(): canceling Wed May 16 18:23:52 UTC 2018
------------------ testing $PTII/ptolemy/domains/de/test/auto/fsm_de_test.xml
auto.tcl: Setting watchdog for 200 seconds at Wed May 16 18:23:52 UTC 2018
9 ms. Memory: 123904K Free: 107406K (87%)
ptolemy.util.test.WatchDog.cancel(): canceling Wed May 16 18:23:52 UTC 2018
auto.tcl: Setting watchdog for 200 seconds at Wed May 16 18:23:52 UTC 2018
8 ms. Memory: 123904K Free: 104957K (85%)
ptolemy.util.test.WatchDog.cancel(): canceling Wed May 16 18:23:52 UTC 2018
------------------ testing $PTII/ptolemy/domains/de/test/auto/functionDependencyReconstruction.xml
auto.tcl: Setting watchdog for 200 seconds at Wed May 16 18:23:52 UTC 2018
3 ms. Memory: 123904K Free: 100857K (81%)
ptolemy.util.test.WatchDog.cancel(): canceling Wed May 16 18:23:52 UTC 2018
auto.tcl: Setting watchdog for 200 seconds at Wed May 16 18:23:52 UTC 2018
3 ms. Memory: 123904K Free: 98408K (79%)
ptolemy.util.test.WatchDog.cancel(): canceling Wed May 16 18:23:52 UTC 2018
------------------ testing $PTII/ptolemy/domains/de/test/auto/multirate.xml
auto.tcl: Setting watchdog for 200 seconds at Wed May 16 18:23:52 UTC 2018
4 ms. Memory: 123904K Free: 110250K (89%)
ptolemy.util.test.WatchDog.cancel(): canceling Wed May 16 18:23:52 UTC 2018
auto.tcl: Setting watchdog for 200 seconds at Wed May 16 18:23:52 UTC 2018
3 ms. Memory: 123904K Free: 109421K (88%)
ptolemy.util.test.WatchDog.cancel(): canceling Wed May 16 18:23:52 UTC 2018
------------------ testing $PTII/ptolemy/domains/de/test/auto/multirate2.xml
auto.tcl: Setting watchdog for 200 seconds at Wed May 16 18:23:52 UTC 2018
3 ms. Memory: 123904K Free: 111193K (90%)
ptolemy.util.test.WatchDog.cancel(): canceling Wed May 16 18:23:52 UTC 2018
auto.tcl: Setting watchdog for 200 seconds at Wed May 16 18:23:52 UTC 2018
4 ms. Memory: 123904K Free: 109563K (88%)
ptolemy.util.test.WatchDog.cancel(): canceling Wed May 16 18:23:52 UTC 2018
------------------ testing $PTII/ptolemy/domains/de/test/auto/realtime.xml
auto.tcl: Setting watchdog for 200 seconds at Wed May 16 18:23:52 UTC 2018
10002 ms. Memory: 123904K Free: 113325K (91%)
ptolemy.util.test.WatchDog.cancel(): canceling Wed May 16 18:24:02 UTC 2018
auto.tcl: Setting watchdog for 200 seconds at Wed May 16 18:24:02 UTC 2018
10002 ms. Memory: 123904K Free: 112506K (91%)
ptolemy.util.test.WatchDog.cancel(): canceling Wed May 16 18:24:12 UTC 2018
------------------ testing $PTII/ptolemy/domains/de/test/auto/relationGroup.xml
auto.tcl: Setting watchdog for 200 seconds at Wed May 16 18:24:12 UTC 2018
2 ms. Memory: 123904K Free: 114132K (92%)
ptolemy.util.test.WatchDog.cancel(): canceling Wed May 16 18:24:12 UTC 2018
auto.tcl: Setting watchdog for 200 seconds at Wed May 16 18:24:12 UTC 2018
1 ms. Memory: 123904K Free: 113305K (91%)
ptolemy.util.test.WatchDog.cancel(): canceling Wed May 16 18:24:12 UTC 2018
------------------ testing $PTII/ptolemy/domains/de/test/auto/relationGroup2.xml
auto.tcl: Setting watchdog for 200 seconds at Wed May 16 18:24:12 UTC 2018
1 ms. Memory: 123904K Free: 114182K (92%)
ptolemy.util.test.WatchDog.cancel(): canceling Wed May 16 18:24:12 UTC 2018
auto.tcl: Setting watchdog for 200 seconds at Wed May 16 18:24:12 UTC 2018
1 ms. Memory: 123904K Free: 113371K (91%)
ptolemy.util.test.WatchDog.cancel(): canceling Wed May 16 18:24:12 UTC 2018
------------------ testing $PTII/ptolemy/domains/de/test/auto/sortWithOpaquePorts.xml
auto.tcl: Setting watchdog for 200 seconds at Wed May 16 18:24:12 UTC 2018
1 ms. Memory: 123904K Free: 112514K (91%)
ptolemy.util.test.WatchDog.cancel(): canceling Wed May 16 18:24:12 UTC 2018
auto.tcl: Setting watchdog for 200 seconds at Wed May 16 18:24:12 UTC 2018
2 ms. Memory: 123904K Free: 111687K (90%)
ptolemy.util.test.WatchDog.cancel(): canceling Wed May 16 18:24:12 UTC 2018
------------------ testing $PTII/ptolemy/domains/de/test/auto/transferInputsandOutputs.xml
auto.tcl: Setting watchdog for 200 seconds at Wed May 16 18:24:12 UTC 2018
3 ms. Memory: 123904K Free: 110060K (89%)
ptolemy.util.test.WatchDog.cancel(): canceling Wed May 16 18:24:12 UTC 2018
auto.tcl: Setting watchdog for 200 seconds at Wed May 16 18:24:12 UTC 2018
4 ms. Memory: 123904K Free: 109225K (88%)
ptolemy.util.test.WatchDog.cancel(): canceling Wed May 16 18:24:12 UTC 2018
------------------ testing $PTII/ptolemy/domains/de/test/auto/triggerType.xml
auto.tcl: Setting watchdog for 200 seconds at Wed May 16 18:24:12 UTC 2018
2 ms. Memory: 123904K Free: 112436K (91%)
ptolemy.util.test.WatchDog.cancel(): canceling Wed May 16 18:24:12 UTC 2018
auto.tcl: Setting watchdog for 200 seconds at Wed May 16 18:24:12 UTC 2018
1 ms. Memory: 123904K Free: 111609K (90%)
ptolemy.util.test.WatchDog.cancel(): canceling Wed May 16 18:24:12 UTC 2018
05/16/18 06:24:12
Failed: 0  Total Tests: 192  ((Passed: 187, Newly Passed: 1)  Known Failed: 5) /home/travis/build/icyphy/ptII/ptolemy/domains/de/test
05/16/18 06:24:12
Failed: 0  Total Tests: 192  ((Passed: 187, Newly Passed: 1)  Known Failed: 5) /home/travis/build/icyphy/ptII/ptolemy/domains/de/test
----------------- testing (KnownFailure) /home/travis/build/icyphy/ptII/ptolemy/domains/de/test/auto/knownFailedTests/DESDFClockTest.xml
2010 ms. Memory: 123904K Free: 105509K (85%)
Known Failure: java.lang.reflect.InvocationTargetException
----------------- testing (KnownFailure) /home/travis/build/icyphy/ptII/ptolemy/domains/de/test/auto/knownFailedTests/DirectFeedback.xml
1 ms. Memory: 123904K Free: 100362K (81%)
Known Failure: java.lang.reflect.InvocationTargetException
----------------- testing (KnownFailure) /home/travis/build/icyphy/ptII/ptolemy/domains/de/test/auto/knownFailedTests/FSMSource.xml
7 ms. Memory: 123904K Free: 90940K (73%)
----------------- testing (KnownFailure) /home/travis/build/icyphy/ptII/ptolemy/domains/de/test/auto/knownFailedTests/HierarchicalModel.xml
2 ms. Memory: 122880K Free: 113350K (92%)
Known Failure: java.lang.reflect.InvocationTargetException
----------------- testing (KnownFailure) /home/travis/build/icyphy/ptII/ptolemy/domains/de/test/auto/knownFailedTests/dependencyLoop.xml
3 ms. Memory: 122880K Free: 93595K (76%)
Known Failure: java.lang.reflect.InvocationTargetException
----------------- testing (KnownFailure) /home/travis/build/icyphy/ptII/ptolemy/domains/de/test/auto/knownFailedTests/dependencyLoop2.xml
6 ms. Memory: 131584K Free: 124620K (95%)
Known Failure: java.lang.reflect.InvocationTargetException
No auto/*.xml tests in /home/travis/build/icyphy/ptII/ptolemy/domains/de/test
AutoTests.java: About to close Vertx.
AutoTests.java: Vertx closed.
----------------- testing Wed May 16 18:24:15 UTC 2018 /home/travis/build/icyphy/ptII/ptolemy/domains/de/test/auto/ActorDepthCalculation_actorWithoutPorts.xml
----------------- Instantiating /home/travis/build/icyphy/ptII/ptolemy/domains/de/test/auto/ActorDepthCalculation_actorWithoutPorts.xml
1 ms. Memory: 131584K Free: 114954K (87%)
----------------- Invoking toplevel() on ptolemy.moml.MoMLSimpleApplication@2e29a5d2
----------------- Done invoking toplevel() on ptolemy.moml.MoMLSimpleApplication@2e29a5d2
reloadAllAccessors: .ActorDepthCalculation_actorWithoutPorts
----------------- testing Wed May 16 18:24:15 UTC 2018 /home/travis/build/icyphy/ptII/ptolemy/domains/de/test/auto/AssemblyLine.xml
----------------- Instantiating /home/travis/build/icyphy/ptII/ptolemy/domains/de/test/auto/AssemblyLine.xml
5 ms. Memory: 131584K Free: 106809K (81%)
----------------- Invoking toplevel() on ptolemy.moml.MoMLSimpleApplication@755ba935
----------------- Done invoking toplevel() on ptolemy.moml.MoMLSimpleApplication@755ba935
reloadAllAccessors: .AssemblyLine
----------------- testing Wed May 16 18:24:15 UTC 2018 /home/travis/build/icyphy/ptII/ptolemy/domains/de/test/auto/CQBug1.xml
----------------- Instantiating /home/travis/build/icyphy/ptII/ptolemy/domains/de/test/auto/CQBug1.xml
1 ms. Memory: 131584K Free: 103365K (79%)
----------------- Invoking toplevel() on ptolemy.moml.MoMLSimpleApplication@4db3075b
----------------- Done invoking toplevel() on ptolemy.moml.MoMLSimpleApplication@4db3075b
reloadAllAccessors: .CQBug1
----------------- testing Wed May 16 18:24:15 UTC 2018 /home/travis/build/icyphy/ptII/ptolemy/domains/de/test/auto/CancelFireAt.xml
----------------- Instantiating /home/travis/build/icyphy/ptII/ptolemy/domains/de/test/auto/CancelFireAt.xml
2 ms. Memory: 131584K Free: 100012K (76%)
----------------- Invoking toplevel() on ptolemy.moml.MoMLSimpleApplication@8130f0e
----------------- Done invoking toplevel() on ptolemy.moml.MoMLSimpleApplication@8130f0e
reloadAllAccessors: .CancelFireAt
----------------- testing Wed May 16 18:24:15 UTC 2018 /home/travis/build/icyphy/ptII/ptolemy/domains/de/test/auto/CausalityAndComposabilityAnalysis.xml
----------------- Instantiating /home/travis/build/icyphy/ptII/ptolemy/domains/de/test/auto/CausalityAndComposabilityAnalysis.xml
2 ms. Memory: 131584K Free: 94529K (72%)
----------------- Invoking toplevel() on ptolemy.moml.MoMLSimpleApplication@2ca9ed0a
----------------- Done invoking toplevel() on ptolemy.moml.MoMLSimpleApplication@2ca9ed0a
reloadAllAccessors: .CausalityAndComposabilityAnalysis
----------------- testing Wed May 16 18:24:15 UTC 2018 /home/travis/build/icyphy/ptII/ptolemy/domains/de/test/auto/CausalityInterface1.xml
----------------- Instantiating /home/travis/build/icyphy/ptII/ptolemy/domains/de/test/auto/CausalityInterface1.xml
13 ms. Memory: 131584K Free: 88517K (67%)
----------------- Invoking toplevel() on ptolemy.moml.MoMLSimpleApplication@5dda638a
----------------- Done invoking toplevel() on ptolemy.moml.MoMLSimpleApplication@5dda638a
reloadAllAccessors: .CausalityInterface1
----------------- testing Wed May 16 18:24:15 UTC 2018 /home/travis/build/icyphy/ptII/ptolemy/domains/de/test/auto/CausalityInterface15.xml
----------------- Instantiating /home/travis/build/icyphy/ptII/ptolemy/domains/de/test/auto/CausalityInterface15.xml
2 ms. Memory: 131584K Free: 81957K (62%)
----------------- Invoking toplevel() on ptolemy.moml.MoMLSimpleApplication@6b196f0c
----------------- Done invoking toplevel() on ptolemy.moml.MoMLSimpleApplication@6b196f0c
reloadAllAccessors: .CausalityInterface15
----------------- testing Wed May 16 18:24:15 UTC 2018 /home/travis/build/icyphy/ptII/ptolemy/domains/de/test/auto/CausalityInterface2.xml
----------------- Instantiating /home/travis/build/icyphy/ptII/ptolemy/domains/de/test/auto/CausalityInterface2.xml
1 ms. Memory: 131584K Free: 76450K (58%)
----------------- Invoking toplevel() on ptolemy.moml.MoMLSimpleApplication@37d91074
----------------- Done invoking toplevel() on ptolemy.moml.MoMLSimpleApplication@37d91074
reloadAllAccessors: .CausalityInterface2
----------------- testing Wed May 16 18:24:15 UTC 2018 /home/travis/build/icyphy/ptII/ptolemy/domains/de/test/auto/CausalityInterface3.xml
[...]
java.lang.RuntimeException: Execution failed
	at ptolemy.moml.MoMLSimpleApplication$UnloadThread.run(MoMLSimpleApplication.java:402)
Caused by: ptolemy.kernel.util.IllegalActionException: Test fails in iteration 1.
Value was: 1.0. Should have been: 2.0
  in .DirectFeedback.Test
	at ptolemy.actor.lib.Test.fire(Test.java:268)
	at ptolemy.domains.de.kernel.DEDirector._fire(DEDirector.java:1948)
	at ptolemy.domains.de.kernel.DEDirector.fire(DEDirector.java:502)
	at ptolemy.actor.CompositeActor.fire(CompositeActor.java:455)
	at ptolemy.actor.Manager.iterate(Manager.java:851)
	at ptolemy.actor.Manager.execute(Manager.java:369)
	at ptolemy.actor.Manager.run(Manager.java:1263)
	at ptolemy.actor.Manager$PtolemyRunThread.run(Manager.java:1915)
java.lang.RuntimeException: Execution failed
	at ptolemy.moml.MoMLSimpleApplication$UnloadThread.run(MoMLSimpleApplication.java:402)
Caused by: ptolemy.kernel.util.IllegalActionException: Actor is not ready to fire.  Perhaps UpSample.prefire() returned false? Try debugging the actor by selecting "Listen to Actor".  Also, for SDF check moml for tokenConsumptionRate on input.
  in .DESDFClockTest.Play Bell.Copy1:SDF Director and .DESDFClockTest.Play Bell.UpSample
	at ptolemy.actor.sched.StaticSchedulingDirector.fire(StaticSchedulingDirector.java:227)
	at ptolemy.domains.sdf.kernel.SDFDirector.fire(SDFDirector.java:500)
	at ptolemy.actor.CompositeActor.fire(CompositeActor.java:455)
	at ptolemy.domains.de.kernel.DEDirector._fire(DEDirector.java:1948)
	at ptolemy.domains.de.kernel.DEDirector.fire(DEDirector.java:502)
	at ptolemy.actor.CompositeActor.fire(CompositeActor.java:455)
	at ptolemy.actor.Manager.iterate(Manager.java:851)
	at ptolemy.actor.Manager.execute(Manager.java:369)
	at ptolemy.actor.Manager.run(Manager.java:1263)
	at ptolemy.actor.Manager$PtolemyRunThread.run(Manager.java:1915)
java.lang.reflect.InvocationTargetException
	at sun.reflect.NativeConstructorAccessorImpl.newInstance0(Native Method)
	at sun.reflect.NativeConstructorAccessorImpl.newInstance(NativeConstructorAccessorImpl.java:62)
	at sun.reflect.DelegatingConstructorAccessorImpl.newInstance(DelegatingConstructorAccessorImpl.java:45)
	at java.lang.reflect.Constructor.newInstance(Constructor.java:423)
	at ptolemy.util.test.junit.AutoKnownFailedTests.RunModel(AutoKnownFailedTests.java:107)
	at sun.reflect.NativeMethodAccessorImpl.invoke0(Native Method)
	at sun.reflect.NativeMethodAccessorImpl.invoke(NativeMethodAccessorImpl.java:62)
	at sun.reflect.DelegatingMethodAccessorImpl.invoke(DelegatingMethodAccessorImpl.java:43)
	at java.lang.reflect.Method.invoke(Method.java:498)
	at org.junit.runners.model.FrameworkMethod$1.runReflectiveCall(FrameworkMethod.java:44)
	at org.junit.internal.runners.model.ReflectiveCallable.run(ReflectiveCallable.java:15)
	at org.junit.runners.model.FrameworkMethod.invokeExplosively(FrameworkMethod.java:41)
	at junitparams.internal.InvokeParameterisedMethod.evaluate(InvokeParameterisedMethod.java:102)
	at org.junit.internal.runners.statements.FailOnTimeout$1.run(FailOnTimeout.java:28)
Caused by: ptolemy.kernel.util.IllegalActionException: Actor is not ready to fire.  Perhaps UpSample.prefire() returned false? Try debugging the actor by selecting "Listen to Actor".  Also, for SDF check moml for tokenConsumptionRate on input.
  in .DESDFClockTest.Play Bell.Copy1:SDF Director and .DESDFClockTest.Play Bell.UpSample
	at ptolemy.actor.sched.StaticSchedulingDirector.fire(StaticSchedulingDirector.java:227)
	at ptolemy.domains.sdf.kernel.SDFDirector.fire(SDFDirector.java:500)
	at ptolemy.actor.CompositeActor.fire(CompositeActor.java:455)
	at ptolemy.domains.de.kernel.DEDirector._fire(DEDirector.java:1948)
	at ptolemy.domains.de.kernel.DEDirector.fire(DEDirector.java:502)
	at ptolemy.actor.CompositeActor.fire(CompositeActor.java:455)
	at ptolemy.actor.Manager.iterate(Manager.java:851)
	at ptolemy.actor.Manager.execute(Manager.java:369)
	at ptolemy.actor.Manager.run(Manager.java:1263)
	at ptolemy.actor.Manager$PtolemyRunThread.run(Manager.java:1915)
java.lang.RuntimeException: Execution failed
	at ptolemy.moml.MoMLSimpleApplication$UnloadThread.run(MoMLSimpleApplication.java:402)
Caused by: ptolemy.kernel.util.IllegalActionException: Test fails in iteration 1.
Value was: 1.0. Should have been: 2.0
  in .DirectFeedback.Test
	at ptolemy.actor.lib.Test.fire(Test.java:268)
	at ptolemy.domains.de.kernel.DEDirector._fire(DEDirector.java:1948)
	at ptolemy.domains.de.kernel.DEDirector.fire(DEDirector.java:502)
	at ptolemy.actor.CompositeActor.fire(CompositeActor.java:455)
	at ptolemy.actor.Manager.iterate(Manager.java:851)
	at ptolemy.actor.Manager.execute(Manager.java:369)
	at ptolemy.actor.Manager.run(Manager.java:1263)
	at ptolemy.actor.Manager$PtolemyRunThread.run(Manager.java:1915)
java.lang.reflect.InvocationTargetException
	at sun.reflect.NativeConstructorAccessorImpl.newInstance0(Native Method)
	at sun.reflect.NativeConstructorAccessorImpl.newInstance(NativeConstructorAccessorImpl.java:62)
	at sun.reflect.DelegatingConstructorAccessorImpl.newInstance(DelegatingConstructorAccessorImpl.java:45)
	at java.lang.reflect.Constructor.newInstance(Constructor.java:423)
	at ptolemy.util.test.junit.AutoKnownFailedTests.RunModel(AutoKnownFailedTests.java:107)
	at sun.reflect.NativeMethodAccessorImpl.invoke0(Native Method)
	at sun.reflect.NativeMethodAccessorImpl.invoke(NativeMethodAccessorImpl.java:62)
	at sun.reflect.DelegatingMethodAccessorImpl.invoke(DelegatingMethodAccessorImpl.java:43)
	at java.lang.reflect.Method.invoke(Method.java:498)
	at org.junit.runners.model.FrameworkMethod$1.runReflectiveCall(FrameworkMethod.java:44)
	at org.junit.internal.runners.model.ReflectiveCallable.run(ReflectiveCallable.java:15)
	at org.junit.runners.model.FrameworkMethod.invokeExplosively(FrameworkMethod.java:41)
	at junitparams.internal.InvokeParameterisedMethod.evaluate(InvokeParameterisedMethod.java:102)
	at org.junit.internal.runners.statements.FailOnTimeout$1.run(FailOnTimeout.java:28)
Caused by: ptolemy.kernel.util.IllegalActionException: Test fails in iteration 1.
Value was: 1.0. Should have been: 2.0
  in .DirectFeedback.Test
	at ptolemy.actor.lib.Test.fire(Test.java:268)
	at ptolemy.domains.de.kernel.DEDirector._fire(DEDirector.java:1948)
	at ptolemy.domains.de.kernel.DEDirector.fire(DEDirector.java:502)
	at ptolemy.actor.CompositeActor.fire(CompositeActor.java:455)
	at ptolemy.actor.Manager.iterate(Manager.java:851)
	at ptolemy.actor.Manager.execute(Manager.java:369)
	at ptolemy.actor.Manager.run(Manager.java:1263)
	at ptolemy.actor.Manager$PtolemyRunThread.run(Manager.java:1915)
java.lang.RuntimeException: Execution failed
	at ptolemy.moml.MoMLSimpleApplication$UnloadThread.run(MoMLSimpleApplication.java:402)
Caused by: ptolemy.kernel.util.IllegalActionException: Found a zero delay loop containing .HierarchicalModel.A
  in .HierarchicalModel and .HierarchicalModel.A
	at ptolemy.actor.util.CausalityInterfaceForComposites._computeOutputPortDepth(CausalityInterfaceForComposites.java:759)
	at ptolemy.actor.util.CausalityInterfaceForComposites._computeInputDepth(CausalityInterfaceForComposites.java:696)
	at ptolemy.actor.util.CausalityInterfaceForComposites._computeOutputPortDepth(CausalityInterfaceForComposites.java:765)
	at ptolemy.actor.util.CausalityInterfaceForComposites._computeInputDepth(CausalityInterfaceForComposites.java:696)
	at ptolemy.actor.util.CausalityInterfaceForComposites._computeOutputPortDepth(CausalityInterfaceForComposites.java:765)
	at ptolemy.actor.util.CausalityInterfaceForComposites._computeInputDepth(CausalityInterfaceForComposites.java:696)
	at ptolemy.actor.util.CausalityInterfaceForComposites._computeActorDepth(CausalityInterfaceForComposites.java:532)
	at ptolemy.actor.util.CausalityInterfaceForComposites.checkForCycles(CausalityInterfaceForComposites.java:96)
	at ptolemy.domains.de.kernel.DEDirector.preinitialize(DEDirector.java:1337)
	at ptolemy.actor.CompositeActor.preinitialize(CompositeActor.java:1828)
	at ptolemy.actor.Manager.preinitializeAndResolveTypes(Manager.java:1040)
	at ptolemy.actor.Manager.initialize(Manager.java:710)
	at ptolemy.actor.Manager.execute(Manager.java:356)
	at ptolemy.actor.Manager.run(Manager.java:1263)
	at ptolemy.actor.Manager$PtolemyRunThread.run(Manager.java:1915)
java.lang.reflect.InvocationTargetException
	at sun.reflect.NativeConstructorAccessorImpl.newInstance0(Native Method)
	at sun.reflect.NativeConstructorAccessorImpl.newInstance(NativeConstructorAccessorImpl.java:62)
	at sun.reflect.DelegatingConstructorAccessorImpl.newInstance(DelegatingConstructorAccessorImpl.java:45)
	at java.lang.reflect.Constructor.newInstance(Constructor.java:423)
	at ptolemy.util.test.junit.AutoKnownFailedTests.RunModel(AutoKnownFailedTests.java:107)
	at sun.reflect.NativeMethodAccessorImpl.invoke0(Native Method)
	at sun.reflect.NativeMethodAccessorImpl.invoke(NativeMethodAccessorImpl.java:62)
	at sun.reflect.DelegatingMethodAccessorImpl.invoke(DelegatingMethodAccessorImpl.java:43)
	at java.lang.reflect.Method.invoke(Method.java:498)
	at org.junit.runners.model.FrameworkMethod$1.runReflectiveCall(FrameworkMethod.java:44)
	at org.junit.internal.runners.model.ReflectiveCallable.run(ReflectiveCallable.java:15)
	at org.junit.runners.model.FrameworkMethod.invokeExplosively(FrameworkMethod.java:41)
	at junitparams.internal.InvokeParameterisedMethod.evaluate(InvokeParameterisedMethod.java:102)
	at org.junit.internal.runners.statements.FailOnTimeout$1.run(FailOnTimeout.java:28)
Caused by: ptolemy.kernel.util.IllegalActionException: Found a zero delay loop containing .HierarchicalModel.A
  in .HierarchicalModel and .HierarchicalModel.A
	at ptolemy.actor.util.CausalityInterfaceForComposites._computeOutputPortDepth(CausalityInterfaceForComposites.java:759)
	at ptolemy.actor.util.CausalityInterfaceForComposites._computeInputDepth(CausalityInterfaceForComposites.java:696)
	at ptolemy.actor.util.CausalityInterfaceForComposites._computeOutputPortDepth(CausalityInterfaceForComposites.java:765)
	at ptolemy.actor.util.CausalityInterfaceForComposites._computeInputDepth(CausalityInterfaceForComposites.java:696)
	at ptolemy.actor.util.CausalityInterfaceForComposites._computeOutputPortDepth(CausalityInterfaceForComposites.java:765)
	at ptolemy.actor.util.CausalityInterfaceForComposites._computeInputDepth(CausalityInterfaceForComposites.java:696)
	at ptolemy.actor.util.CausalityInterfaceForComposites._computeActorDepth(CausalityInterfaceForComposites.java:532)
	at ptolemy.actor.util.CausalityInterfaceForComposites.checkForCycles(CausalityInterfaceForComposites.java:96)
	at ptolemy.domains.de.kernel.DEDirector.preinitialize(DEDirector.java:1337)
	at ptolemy.actor.CompositeActor.preinitialize(CompositeActor.java:1828)
	at ptolemy.actor.Manager.preinitializeAndResolveTypes(Manager.java:1040)
	at ptolemy.actor.Manager.initialize(Manager.java:710)
	at ptolemy.actor.Manager.execute(Manager.java:356)
	at ptolemy.actor.Manager.run(Manager.java:1263)
	at ptolemy.actor.Manager$PtolemyRunThread.run(Manager.java:1915)
java.lang.RuntimeException: Execution failed
	at ptolemy.moml.MoMLSimpleApplication$UnloadThread.run(MoMLSimpleApplication.java:402)
Caused by: ptolemy.kernel.util.IllegalActionException: Found a zero delay loop containing .dependencyLoop.original
  in .dependencyLoop and .dependencyLoop.original
	at ptolemy.actor.util.CausalityInterfaceForComposites._computeOutputPortDepth(CausalityInterfaceForComposites.java:759)
	at ptolemy.actor.util.CausalityInterfaceForComposites._computeInputDepth(CausalityInterfaceForComposites.java:696)
	at ptolemy.actor.util.CausalityInterfaceForComposites._computeOutputPortDepth(CausalityInterfaceForComposites.java:765)
	at ptolemy.actor.util.CausalityInterfaceForComposites._computeInputDepth(CausalityInterfaceForComposites.java:696)
	at ptolemy.actor.util.CausalityInterfaceForComposites._computeOutputPortDepth(CausalityInterfaceForComposites.java:765)
	at ptolemy.actor.util.CausalityInterfaceForComposites._computeInputDepth(CausalityInterfaceForComposites.java:696)
	at ptolemy.actor.util.CausalityInterfaceForComposites._computeActorDepth(CausalityInterfaceForComposites.java:532)
	at ptolemy.actor.util.CausalityInterfaceForComposites.checkForCycles(CausalityInterfaceForComposites.java:96)
	at ptolemy.domains.de.kernel.DEDirector.preinitialize(DEDirector.java:1337)
	at ptolemy.actor.CompositeActor.preinitialize(CompositeActor.java:1828)
	at ptolemy.actor.Manager.preinitializeAndResolveTypes(Manager.java:1040)
	at ptolemy.actor.Manager.initialize(Manager.java:710)
	at ptolemy.actor.Manager.execute(Manager.java:356)
	at ptolemy.actor.Manager.run(Manager.java:1263)
	at ptolemy.actor.Manager$PtolemyRunThread.run(Manager.java:1915)
java.lang.reflect.InvocationTargetException
	at sun.reflect.NativeConstructorAccessorImpl.newInstance0(Native Method)
	at sun.reflect.NativeConstructorAccessorImpl.newInstance(NativeConstructorAccessorImpl.java:62)
	at sun.reflect.DelegatingConstructorAccessorImpl.newInstance(DelegatingConstructorAccessorImpl.java:45)
	at java.lang.reflect.Constructor.newInstance(Constructor.java:423)
	at ptolemy.util.test.junit.AutoKnownFailedTests.RunModel(AutoKnownFailedTests.java:107)
	at sun.reflect.NativeMethodAccessorImpl.invoke0(Native Method)
	at sun.reflect.NativeMethodAccessorImpl.invoke(NativeMethodAccessorImpl.java:62)
	at sun.reflect.DelegatingMethodAccessorImpl.invoke(DelegatingMethodAccessorImpl.java:43)
	at java.lang.reflect.Method.invoke(Method.java:498)
	at org.junit.runners.model.FrameworkMethod$1.runReflectiveCall(FrameworkMethod.java:44)
	at org.junit.internal.runners.model.ReflectiveCallable.run(ReflectiveCallable.java:15)
	at org.junit.runners.model.FrameworkMethod.invokeExplosively(FrameworkMethod.java:41)
	at junitparams.internal.InvokeParameterisedMethod.evaluate(InvokeParameterisedMethod.java:102)
	at org.junit.internal.runners.statements.FailOnTimeout$1.run(FailOnTimeout.java:28)
Caused by: ptolemy.kernel.util.IllegalActionException: Found a zero delay loop containing .dependencyLoop.original
  in .dependencyLoop and .dependencyLoop.original
	at ptolemy.actor.util.CausalityInterfaceForComposites._computeOutputPortDepth(CausalityInterfaceForComposites.java:759)
	at ptolemy.actor.util.CausalityInterfaceForComposites._computeInputDepth(CausalityInterfaceForComposites.java:696)
	at ptolemy.actor.util.CausalityInterfaceForComposites._computeOutputPortDepth(CausalityInterfaceForComposites.java:765)
	at ptolemy.actor.util.CausalityInterfaceForComposites._computeInputDepth(CausalityInterfaceForComposites.java:696)
	at ptolemy.actor.util.CausalityInterfaceForComposites._computeOutputPortDepth(CausalityInterfaceForComposites.java:765)
	at ptolemy.actor.util.CausalityInterfaceForComposites._computeInputDepth(CausalityInterfaceForComposites.java:696)
	at ptolemy.actor.util.CausalityInterfaceForComposites._computeActorDepth(CausalityInterfaceForComposites.java:532)
	at ptolemy.actor.util.CausalityInterfaceForComposites.checkForCycles(CausalityInterfaceForComposites.java:96)
	at ptolemy.domains.de.kernel.DEDirector.preinitialize(DEDirector.java:1337)
	at ptolemy.actor.CompositeActor.preinitialize(CompositeActor.java:1828)
	at ptolemy.actor.Manager.preinitializeAndResolveTypes(Manager.java:1040)
	at ptolemy.actor.Manager.initialize(Manager.java:710)
	at ptolemy.actor.Manager.execute(Manager.java:356)
	at ptolemy.actor.Manager.run(Manager.java:1263)
	at ptolemy.actor.Manager$PtolemyRunThread.run(Manager.java:1915)
java.lang.RuntimeException: Execution failed
	at ptolemy.moml.MoMLSimpleApplication$UnloadThread.run(MoMLSimpleApplication.java:402)
Caused by: ptolemy.kernel.util.IllegalActionException: Found a zero delay loop containing .dependencyLoop2.original
  in .dependencyLoop2 and .dependencyLoop2.original
	at ptolemy.actor.util.CausalityInterfaceForComposites._computeOutputPortDepth(CausalityInterfaceForComposites.java:759)
	at ptolemy.actor.util.CausalityInterfaceForComposites._computeInputDepth(CausalityInterfaceForComposites.java:696)
	at ptolemy.actor.util.CausalityInterfaceForComposites._computeOutputPortDepth(CausalityInterfaceForComposites.java:765)
	at ptolemy.actor.util.CausalityInterfaceForComposites._computeInputDepth(CausalityInterfaceForComposites.java:696)
	at ptolemy.actor.util.CausalityInterfaceForComposites._computeOutputPortDepth(CausalityInterfaceForComposites.java:765)
	at ptolemy.actor.util.CausalityInterfaceForComposites._computeInputDepth(CausalityInterfaceForComposites.java:696)
	at ptolemy.actor.util.CausalityInterfaceForComposites._computeActorDepth(CausalityInterfaceForComposites.java:532)
	at ptolemy.actor.util.CausalityInterfaceForComposites.checkForCycles(CausalityInterfaceForComposites.java:96)
	at ptolemy.domains.de.kernel.DEDirector.preinitialize(DEDirector.java:1337)
	at ptolemy.actor.CompositeActor.preinitialize(CompositeActor.java:1828)
	at ptolemy.actor.Manager.preinitializeAndResolveTypes(Manager.java:1040)
	at ptolemy.actor.Manager.initialize(Manager.java:710)
	at ptolemy.actor.Manager.execute(Manager.java:356)
	at ptolemy.actor.Manager.run(Manager.java:1263)
	at ptolemy.actor.Manager$PtolemyRunThread.run(Manager.java:1915)
java.lang.reflect.InvocationTargetException
	at sun.reflect.NativeConstructorAccessorImpl.newInstance0(Native Method)
	at sun.reflect.NativeConstructorAccessorImpl.newInstance(NativeConstructorAccessorImpl.java:62)
	at sun.reflect.DelegatingConstructorAccessorImpl.newInstance(DelegatingConstructorAccessorImpl.java:45)
	at java.lang.reflect.Constructor.newInstance(Constructor.java:423)
	at ptolemy.util.test.junit.AutoKnownFailedTests.RunModel(AutoKnownFailedTests.java:107)
	at sun.reflect.NativeMethodAccessorImpl.invoke0(Native Method)
	at sun.reflect.NativeMethodAccessorImpl.invoke(NativeMethodAccessorImpl.java:62)
	at sun.reflect.DelegatingMethodAccessorImpl.invoke(DelegatingMethodAccessorImpl.java:43)
	at java.lang.reflect.Method.invoke(Method.java:498)
	at org.junit.runners.model.FrameworkMethod$1.runReflectiveCall(FrameworkMethod.java:44)
	at org.junit.internal.runners.model.ReflectiveCallable.run(ReflectiveCallable.java:15)
	at org.junit.runners.model.FrameworkMethod.invokeExplosively(FrameworkMethod.java:41)
	at junitparams.internal.InvokeParameterisedMethod.evaluate(InvokeParameterisedMethod.java:102)
	at org.junit.internal.runners.statements.FailOnTimeout$1.run(FailOnTimeout.java:28)
Caused by: ptolemy.kernel.util.IllegalActionException: Found a zero delay loop containing .dependencyLoop2.original
  in .dependencyLoop2 and .dependencyLoop2.original
	at ptolemy.actor.util.CausalityInterfaceForComposites._computeOutputPortDepth(CausalityInterfaceForComposites.java:759)
	at ptolemy.actor.util.CausalityInterfaceForComposites._computeInputDepth(CausalityInterfaceForComposites.java:696)
	at ptolemy.actor.util.CausalityInterfaceForComposites._computeOutputPortDepth(CausalityInterfaceForComposites.java:765)
	at ptolemy.actor.util.CausalityInterfaceForComposites._computeInputDepth(CausalityInterfaceForComposites.java:696)
	at ptolemy.actor.util.CausalityInterfaceForComposites._computeOutputPortDepth(CausalityInterfaceForComposites.java:765)
	at ptolemy.actor.util.CausalityInterfaceForComposites._computeInputDepth(CausalityInterfaceForComposites.java:696)
	at ptolemy.actor.util.CausalityInterfaceForComposites._computeActorDepth(CausalityInterfaceForComposites.java:532)
	at ptolemy.actor.util.CausalityInterfaceForComposites.checkForCycles(CausalityInterfaceForComposites.java:96)
	at ptolemy.domains.de.kernel.DEDirector.preinitialize(DEDirector.java:1337)
	at ptolemy.actor.CompositeActor.preinitialize(CompositeActor.java:1828)
	at ptolemy.actor.Manager.preinitializeAndResolveTypes(Manager.java:1040)
	at ptolemy.actor.Manager.initialize(Manager.java:710)
	at ptolemy.actor.Manager.execute(Manager.java:356)
	at ptolemy.actor.Manager.run(Manager.java:1263)
	at ptolemy.actor.Manager$PtolemyRunThread.run(Manager.java:1915)
]]></system-err>
</testsuite>
