/home/travis/build/icyphy/ptII/bin/ant: Running /home/travis/build/icyphy/ptII/ant/bin/ant build test.core4.xml
Buildfile: /home/travis/build/icyphy/ptII/build.xml

build-message:
     [echo] Use ant -p to see other targets. JAVA_HOME=/usr/lib/jvm/java-8-oracle
     [echo] tools.jar is necessary for compilation of doc/doclets/.
     [echo] If compilation fails, try setting JAVA_HOME to the location of the JDK.
     [echo] For example:
     [echo]   [bldmastr@sisyphus ptII]$ which java
     [echo]   /usr/bin/java
     [echo]   [bldmastr@sisyphus ptII]$ ls -l /usr/bin/java
     [echo]   lrwxrwxrwx 1 root root 26 Jul 31 10:12 /usr/bin/java -> /usr/java/default/bin/java
     [echo]   [bldmastr@sisyphus ptII]$ export JAVA_HOME=/usr/java/default
     [echo]     

-build-subprojects-empty:

-check-maven-ant-task:

build-websensor:

build-subprojects:

-check-node:

-check-node-works:
     [exec] v7.10.1

-check-npm:

-check-npm-works:
     [exec] 4.2.0

-check-if-npmjs-org-is-up:
     [echo] Check to see if https://www.npmjs.org is up.

-jsdoc-no-network-message:

-check-jsdoc:

jsdoc-install:
    [mkdir] Created dir: /home/travis/build/icyphy/ptII/node_modules
     [exec] /home/travis/build/icyphy/ptII
     [exec] └─┬ @terraswarm/jsdoc@3.5.1-dev 
     [exec]   ├── bluebird@3.4.7 
     [exec]   ├─┬ catharsis@0.8.9 
     [exec]   │ └─┬ underscore-contrib@0.3.0 
     [exec]   │   └── underscore@1.6.0 
     [exec]   ├── escape-string-regexp@1.0.5 
     [exec]   ├─┬ espree@3.1.7 
     [exec]   │ ├── acorn@3.3.0 
     [exec]   │ └── acorn-jsx@3.0.1 
     [exec]   ├── js2xmlparser@1.0.0 
     [exec]   ├─┬ klaw@1.3.1 
     [exec]   │ └── graceful-fs@4.1.11 
     [exec]   ├── marked@0.3.19 
     [exec]   ├─┬ mkdirp@0.5.1 
     [exec]   │ └── minimist@0.0.8 
     [exec]   ├─┬ requizzle@0.2.1 
     [exec]   │ └── underscore@1.6.0 
     [exec]   ├── strip-json-comments@2.0.1 
     [exec]   ├── taffydb@2.6.2 
     [exec]   └── underscore@1.8.3 
     [exec] 
     [exec] npm WARN enoent ENOENT: no such file or directory, open '/home/travis/build/icyphy/ptII/package.json'
     [exec] npm WARN ptII No description
     [exec] npm WARN ptII No repository field.
     [exec] npm WARN ptII No README data
     [exec] npm WARN ptII No license field.

jsdoc-update:

-ptdoc-no-node:

-ptdoc-no-npm:

ptdoc:
     [echo] 
     [echo]       If the ptdoc target fails, then try running:
     [echo]           ant build-project build-bin
     [echo]     

-check-node:

-check-node-works:
     [exec] v7.10.1

-check-npm:

-check-npm-works:
     [exec] 4.2.0

-check-if-npmjs-org-is-up:
     [echo] Check to see if https://www.npmjs.org is up.

-jsdoc-no-network-message:

-check-jsdoc:
     [echo] To stop CapeCode from invoking jsdoc and svn, set the PT_NO_NET environment variable.  
     [echo]     Under BASH:
     [echo]         export PT_NO_NET=true
     [echo]     If ptdoc fails, and you are building from $PTII, try:
     [echo]         ant build-project build-bin
     [echo]     

jsdoc-install:
     [echo] npm.executable: npm
    [mkdir] Created dir: /home/travis/build/icyphy/ptII/org/terraswarm/accessor/accessors/node_modules
     [exec] /home/travis/build/icyphy/ptII/org/terraswarm/accessor/accessors
     [exec] └─┬ @terraswarm/jsdoc@3.5.1-dev 
     [exec]   ├── bluebird@3.4.7 
     [exec]   ├─┬ catharsis@0.8.9 
     [exec]   │ └─┬ underscore-contrib@0.3.0 
     [exec]   │   └── underscore@1.6.0 
     [exec]   ├── escape-string-regexp@1.0.5 
     [exec]   ├─┬ espree@3.1.7 
     [exec]   │ ├── acorn@3.3.0 
     [exec]   │ └── acorn-jsx@3.0.1 
     [exec]   ├── js2xmlparser@1.0.0 
     [exec]   ├─┬ klaw@1.3.1 
     [exec]   │ └── graceful-fs@4.1.11 
     [exec]   ├── marked@0.3.19 
     [exec]   ├─┬ mkdirp@0.5.1 
     [exec]   │ └── minimist@0.0.8 
     [exec]   ├─┬ requizzle@0.2.1 
     [exec]   │ └── underscore@1.6.0 
     [exec]   ├── strip-json-comments@2.0.1 
     [exec]   ├── taffydb@2.6.2 
     [exec]   └── underscore@1.8.3 
     [exec] 
     [exec] npm WARN enoent ENOENT: no such file or directory, open '/home/travis/build/icyphy/ptII/org/terraswarm/accessor/accessors/package.json'
     [exec] npm WARN accessors No description
     [exec] npm WARN accessors No repository field.
     [exec] npm WARN accessors No README data
     [exec] npm WARN accessors No license field.

jsdoc-update:

-ptdoc-no-node-message:

-ptdoc-no-npm-message:

-check-jsdoc-again:

-jsdoc-command-message:

ptdoc:
     [echo] Invoke /home/travis/build/icyphy/ptII/org/terraswarm/accessor/accessors/web/../node_modules/@terraswarm/jsdoc/jsdoc.js to read *.js files and generate *PtDoc.xml files suitable for Ptolemy.
     [echo]     See https://chess.eecs.berkeley.edu/ptexternal/wiki/Main/JSDocSystems
     [echo]     See jsdoc/jsdoc.json
     [echo]     See jsdoc/plugins/accessorJSDocTags.js
     [echo]     See jsdoc/templates/ptdoc/publish.js
     [echo] 
     [echo]     If the ptdoc target fails, the there is likely a problem with node or npm.  It is possible
     [echo]     to use CapeCode even if the ptdoc target fails.
     [echo]     
     [echo]     If you are building from $PTII, try:
     [echo]         ant build-project build-bin
     [echo] 
     [echo]     
     [exec] Generating output files...
     [exec] Finished running in 5.14 seconds.

build-project:
     [echo] ptII: /home/travis/build/icyphy/ptII/build.xml
    [javac] Compiling 4705 source files to /home/travis/build/icyphy/ptII
    [javac] /home/travis/build/icyphy/ptII/ptolemy/util/StringUtilities.java:48: warning: Unsafe is internal proprietary API and may be removed in a future release
    [javac] import sun.misc.Unsafe;
    [javac]                ^
    [javac] warning: Supported source version 'RELEASE_6' from annotation processor 'org.netbeans.modules.openide.util.NbBundleProcessor' less than -source '1.8'
    [javac] warning: Supported source version 'RELEASE_6' from annotation processor 'org.netbeans.modules.openide.util.URLStreamHandlerRegistrationProcessor' less than -source '1.8'
    [javac] warning: Supported source version 'RELEASE_6' from annotation processor 'org.netbeans.modules.openide.util.ServiceProviderProcessor' less than -source '1.8'
    [javac] /home/travis/build/icyphy/ptII/ptolemy/util/StringUtilities.java:48: warning: Unsafe is internal proprietary API and may be removed in a future release
    [javac] import sun.misc.Unsafe;
    [javac]                ^
    [javac] /home/travis/build/icyphy/ptII/ptolemy/util/StringUtilities.java:48: warning: Unsafe is internal proprietary API and may be removed in a future release
    [javac] import sun.misc.Unsafe;
    [javac]                ^
    [javac] /home/travis/build/icyphy/ptII/ptolemy/util/StringUtilities.java:118: warning: Unsafe is internal proprietary API and may be removed in a future release
    [javac]             Field theUnsafe = Unsafe.class.getDeclaredField("theUnsafe");
    [javac]                               ^
    [javac] /home/travis/build/icyphy/ptII/ptolemy/util/StringUtilities.java:120: warning: Unsafe is internal proprietary API and may be removed in a future release
    [javac]             Unsafe unsafe = (Unsafe) theUnsafe.get(null);
    [javac]             ^
    [javac] /home/travis/build/icyphy/ptII/ptolemy/util/StringUtilities.java:120: warning: Unsafe is internal proprietary API and may be removed in a future release
    [javac]             Unsafe unsafe = (Unsafe) theUnsafe.get(null);
    [javac]                              ^
    [javac] Note: Some input files use or override a deprecated API.
    [javac] Note: Recompile with -Xlint:deprecation for details.
    [javac] Note: Some input files use unchecked or unsafe operations.
    [javac] Note: Recompile with -Xlint:unchecked for details.
    [javac] 9 warnings

-check-ptII-mk-file:

-check-bin-vergil:

-check-make-bin-vergil:

build-bin-not:

build-not-bin-vergil:
     [echo] 
     [echo] 	$PTII/bin/vergil does not exist, perhaps (cd $PTII/bin; make) has not been run?
     [echo] 	This can happen if the make binary cannot be found in the path or if $PTII/mk/ptII.mk
     [echo] 	is not present.
     [echo] 	Skipping running make in $PTII/bin, which creates scripts like $PTII/bin/vergil.
     [echo] 	This is only an issue if you want to invoke "$PTII/bin/vergil" instead of "ant vergil".
     [echo] 	However, $PTII/bin does include other scripts that may be of use.
     [echo]       

build-bin:
     [exec] for file in .momllib-util .nc2moml-util .ncapp2moml-util capecode convertToLazy copernicus decompile emachine giottoc histogram homer jode mescal moml obfuscate ptcg ptcodegen ptexecute ptjacl ptjaclapp ptplot ptstartjini ptolemy ptweb pxgraph soot tinicomm tinic tiniconverter startjini.gui vergil; do \
     [exec] 		echo "$file"; \
     [exec] 		rm -f "$file"; \
     [exec] 		ln -s ptinvoke "$file"; \
     [exec] 		chmod a+x "$file"; \
     [exec] 	done
     [exec] .momllib-util
     [exec] .nc2moml-util
     [exec] .ncapp2moml-util
     [exec] capecode
     [exec] convertToLazy
     [exec] copernicus
     [exec] decompile
     [exec] emachine
     [exec] giottoc
     [exec] histogram
     [exec] homer
     [exec] jode
     [exec] mescal
     [exec] moml
     [exec] obfuscate
     [exec] ptcg
     [exec] ptcodegen
     [exec] ptexecute
     [exec] ptjacl
     [exec] ptjaclapp
     [exec] ptplot
     [exec] ptstartjini
     [exec] ptolemy
     [exec] ptweb
     [exec] pxgraph
     [exec] soot
     [exec] tinicomm
     [exec] tinic
     [exec] tiniconverter
     [exec] startjini.gui
     [exec] vergil
     [exec] rm -f makebat
     [exec] ln -s ptinvoke makebat
     [exec] rm -f ".momllib-util.bat"
     [exec] ./makebat -q "`basename .momllib-util.bat .bat`"
     [exec] rm -f ".nc2moml-util.bat"
     [exec] ./makebat -q "`basename .nc2moml-util.bat .bat`"
     [exec] rm -f ".ncapp2moml-util.bat"
     [exec] ./makebat -q "`basename .ncapp2moml-util.bat .bat`"
     [exec] rm -f "capecode.bat"
     [exec] ./makebat -q "`basename capecode.bat .bat`"
     [exec] rm -f "convertToLazy.bat"
     [exec] ./makebat -q "`basename convertToLazy.bat .bat`"
     [exec] rm -f "copernicus.bat"
     [exec] ./makebat -q "`basename copernicus.bat .bat`"
     [exec] rm -f "decompile.bat"
     [exec] ./makebat -q "`basename decompile.bat .bat`"
     [exec] rm -f "emachine.bat"
     [exec] ./makebat -q "`basename emachine.bat .bat`"
     [exec] rm -f "giottoc.bat"
     [exec] ./makebat -q "`basename giottoc.bat .bat`"
     [exec] rm -f "histogram.bat"
     [exec] ./makebat -q "`basename histogram.bat .bat`"
     [exec] rm -f "homer.bat"
     [exec] ./makebat -q "`basename homer.bat .bat`"
     [exec] rm -f "jode.bat"
     [exec] ./makebat -q "`basename jode.bat .bat`"
     [exec] rm -f "mescal.bat"
     [exec] ./makebat -q "`basename mescal.bat .bat`"
     [exec] LD_LIBRARY_PATH = /home/travis/build/icyphy/ptII/mescal/lib:/home/travis/build/icyphy/ptII/mescal/bin:/usr/local/lib:/home/travis/build/icyphy/ptII/lib:/home/travis/pthla/certi-tools/lib:/home/travis/pthla/certi-tools/lib:/usr/lib/jni:/usr/local/share/OpenCV/java/:/usr/share/OpenCV/java:
     [exec] rm -f "moml.bat"
     [exec] ./makebat -q "`basename moml.bat .bat`"
     [exec] rm -f "obfuscate.bat"
     [exec] ./makebat -q "`basename obfuscate.bat .bat`"
     [exec] rm -f "ptcg.bat"
     [exec] ./makebat -q "`basename ptcg.bat .bat`"
     [exec] rm -f "ptcodegen.bat"
     [exec] ./makebat -q "`basename ptcodegen.bat .bat`"
     [exec] rm -f "ptexecute.bat"
     [exec] ./makebat -q "`basename ptexecute.bat .bat`"
     [exec] rm -f "ptjacl.bat"
     [exec] ./makebat -q "`basename ptjacl.bat .bat`"
     [exec] rm -f "ptjaclapp.bat"
     [exec] ./makebat -q "`basename ptjaclapp.bat .bat`"
     [exec] rm -f "ptplot.bat"
     [exec] ./makebat -q "`basename ptplot.bat .bat`"
     [exec] rm -f "ptstartjini.bat"
     [exec] ./makebat -q "`basename ptstartjini.bat .bat`"
     [exec] rm -f "ptolemy.bat"
     [exec] ./makebat -q "`basename ptolemy.bat .bat`"
     [exec] rm -f "ptweb.bat"
     [exec] ./makebat -q "`basename ptweb.bat .bat`"
     [exec] rm -f "pxgraph.bat"
     [exec] ./makebat -q "`basename pxgraph.bat .bat`"
     [exec] rm -f "soot.bat"
     [exec] ./makebat -q "`basename soot.bat .bat`"
     [exec] rm -f "tinicomm.bat"
     [exec] ./makebat -q "`basename tinicomm.bat .bat`"
     [exec] rm -f "tinic.bat"
     [exec] ./makebat -q "`basename tinic.bat .bat`"
     [exec] rm -f "tiniconverter.bat"
     [exec] ./makebat -q "`basename tiniconverter.bat .bat`"
     [exec] Cloning into 'universalJavaApplicationStub'...
     [exec] rm -f "startjini.gui.bat"
     [exec] ./makebat -q "`basename startjini.gui.bat .bat`"
     [exec] rm -f "vergil.bat"
     [exec] ./makebat -q "`basename vergil.bat .bat`"
     [exec] rm -f makeapp
     [exec] ln -s ptinvoke makeapp
     [exec] chmod a+x ptinvoke makeapp
     [exec] ./makeapp CapeCode.app CAPECODE -capecode
     [exec] ./makeapp: /home/travis/build/icyphy/ptII/vendors/universalJavaApplicationStub/src/universalJavaApplicationStub does not exist, creating it from GitHub.
     [exec] Updating universalJavaApplicationStub from /home/travis/build/icyphy/ptII/vendors/universalJavaApplicationStub/src/universalJavaApplicationStub
     [exec] Untaring /home/travis/build/icyphy/ptII/vendors/installer/MacJVM.tar.gz in /home/travis/build/icyphy/ptII/ now: Fri Apr 20 01:18:03 UTC 2018
     [exec] touch CapeCode.app
     [exec] ./makeapp Vergil.app FULL -full
     [exec] Updating universalJavaApplicationStub from /home/travis/build/icyphy/ptII/vendors/universalJavaApplicationStub/src/universalJavaApplicationStub
     [exec] Untaring /home/travis/build/icyphy/ptII/vendors/installer/MacJVM.tar.gz in /home/travis/build/icyphy/ptII/ now: Fri Apr 20 01:18:06 UTC 2018
     [exec] touch Vergil.app
     [exec] chmod a+x ant cyphysim hyvisual startjini mkjnlp mkl4j mkosgi mkptdemo mkptlivelinkdemo mkpttest node npm ptjunit ptIITravisBuild.sh reloadAllAccessors updateFmu viptos 

build:

initReports:
    [mkdir] Created dir: /home/travis/build/icyphy/ptII/reports/doccheck
    [mkdir] Created dir: /home/travis/build/icyphy/ptII/reports/ojdcheck

test.core4.xml:
     [echo] 
     [echo]       ==test.core4.xml ==
     [echo]       This target runs the fourth batch of core tests
     [echo]       and generates JUnit xml output.
     [echo]       timeout = 4000000 milliseconds
     [echo]     
    [junit] javachdir: directory = ptolemy/caltrop/test
    [junit] javachdir: pwd: /home/travis/build/icyphy/ptII/ptolemy/caltrop/test  Invoking with -Djava.net.preferIPv4Stack=true
    [junit] Running ptolemy.caltrop.test.junit.JUnitTclTest
    [junit] /home/travis/build/icyphy/ptII/ptolemy/caltrop/test/DDF.tcl
    [junit] testDefs.tcl: setting time out to 9000 seconds at Fri Apr 20 01:18:10 UTC 2018
    [junit] 11 ms. Memory: 116224K Free: 102796K (88%)
    [junit] /home/travis/build/icyphy/ptII/ptolemy/caltrop/test/PtolemyPlatform.tcl
    [junit] java.lang.RuntimeException: Execution failed
    [junit] 	at ptolemy.moml.MoMLSimpleApplication$UnloadThread.run(MoMLSimpleApplication.java:402)
    [junit] Caused by: ptolemy.kernel.util.IllegalActionException: Actor is not a valid DDF actor.
    [junit]   in .badDDF1.GreaterThan5
    [junit] Because:
    [junit] java.lang.RuntimeException: A guard depends on an input!
    [junit] 	at ptolemy.caltrop.actors.AbstractCalInterpreter.preinitialize(AbstractCalInterpreter.java:208)
    [junit] 	at ptolemy.actor.Director.preinitialize(Director.java:1302)
    [junit] 	at ptolemy.actor.Director.preinitialize(Director.java:1257)
    [junit] 	at ptolemy.actor.CompositeActor.preinitialize(CompositeActor.java:1828)
    [junit] 	at ptolemy.actor.Manager.preinitializeAndResolveTypes(Manager.java:1040)
    [junit] 	at ptolemy.actor.Manager.initialize(Manager.java:710)
    [junit] 	at ptolemy.actor.Manager.execute(Manager.java:356)
    [junit] 	at ptolemy.actor.Manager.run(Manager.java:1263)
    [junit] 	at ptolemy.actor.Manager$PtolemyRunThread.run(Manager.java:1915)
    [junit] Caused by: java.lang.RuntimeException: java.lang.RuntimeException: A guard depends on an input!
    [junit] 	at ptolemy.caltrop.ddi.DDF.isLegalActor(DDF.java:127)
    [junit] 	at ptolemy.caltrop.actors.AbstractCalInterpreter.preinitialize(AbstractCalInterpreter.java:205)
    [junit] 	... 8 more
    [junit] Caused by: java.lang.RuntimeException: A guard depends on an input!
    [junit] 	at ptolemy.caltrop.ddi.DDF.isLegalActor(DDF.java:122)
    [junit] 	... 9 more
    [junit] 
    [junit] Exception: java.lang.RuntimeException thrown from the UncaughtExceptionHandler in thread "Thread-3"
    [junit] /home/travis/build/icyphy/ptII/ptolemy/caltrop/test/SDF.tcl
    [junit] 9 ms. Memory: 146944K Free: 119053K (81%)
    [junit] java.lang.RuntimeException: Execution failed
    [junit] 	at ptolemy.moml.MoMLSimpleApplication$UnloadThread.run(MoMLSimpleApplication.java:402)
    [junit] Caused by: ptolemy.kernel.util.IllegalActionException: Actor is not a valid SDF actor.
    [junit]   in .badSDF1.Ramp
    [junit] Because:
    [junit] java.lang.RuntimeException: Action rates are not equal!
    [junit] 	at ptolemy.caltrop.actors.AbstractCalInterpreter.preinitialize(AbstractCalInterpreter.java:208)
    [junit] 	at ptolemy.actor.Director.preinitialize(Director.java:1302)
    [junit] 	at ptolemy.actor.Director.preinitialize(Director.java:1257)
    [junit] 	at ptolemy.domains.sdf.kernel.SDFDirector.preinitialize(SDFDirector.java:763)
    [junit] 	at ptolemy.actor.CompositeActor.preinitialize(CompositeActor.java:1828)
    [junit] 	at ptolemy.actor.Manager.preinitializeAndResolveTypes(Manager.java:1040)
    [junit] 	at ptolemy.actor.Manager.initialize(Manager.java:710)
    [junit] 	at ptolemy.actor.Manager.execute(Manager.java:356)
    [junit] 	at ptolemy.actor.Manager.run(Manager.java:1263)
    [junit] 	at ptolemy.actor.Manager$PtolemyRunThread.run(Manager.java:1915)
    [junit] Caused by: java.lang.RuntimeException: java.lang.RuntimeException: Action rates are not equal!
    [junit] 	at ptolemy.caltrop.ddi.SDF.isLegalActor(SDF.java:115)
    [junit] 	at ptolemy.caltrop.actors.AbstractCalInterpreter.preinitialize(AbstractCalInterpreter.java:205)
    [junit] 	... 9 more
    [junit] Caused by: java.lang.RuntimeException: Action rates are not equal!
    [junit] 	at ptolemy.caltrop.ddi.SDF.isLegalActor(SDF.java:95)
    [junit] 	... 10 more
    [junit] 
    [junit] Exception: java.lang.RuntimeException thrown from the UncaughtExceptionHandler in thread "Thread-5"
    [junit] 1 ms. Memory: 146944K Free: 107558K (73%)
    [junit] 04/20/18 01:18:13
    [junit] Failed: 0  Total Tests: 14  ((Passed: 14, Newly Passed: 0)  Known Failed: 0) /home/travis/build/icyphy/ptII/ptolemy/caltrop/test
    [junit] No auto/knownFailedTests/*.xml tests in /home/travis/build/icyphy/ptII/ptolemy/caltrop/test
    [junit] No auto/*.xml tests in /home/travis/build/icyphy/ptII/ptolemy/caltrop/test
    [junit] java.lang.RuntimeException: Execution failed
    [junit] 	at ptolemy.moml.MoMLSimpleApplication$UnloadThread.run(MoMLSimpleApplication.java:402)
    [junit] Caused by: ptolemy.kernel.util.IllegalActionException: Actor is not a valid SDF actor.
    [junit]   in .badSDF2.Ramp
    [junit] Because:
    [junit] java.lang.Exception: The expression 'Variable: n' cannot be statically computed.
    [junit] 	at ptolemy.caltrop.actors.AbstractCalInterpreter.preinitialize(AbstractCalInterpreter.java:208)
    [junit] 	at ptolemy.actor.Director.preinitialize(Director.java:1302)
    [junit] 	at ptolemy.actor.Director.preinitialize(Director.java:1257)
    [junit] 	at ptolemy.domains.sdf.kernel.SDFDirector.preinitialize(SDFDirector.java:763)
    [junit] 	at ptolemy.actor.CompositeActor.preinitialize(CompositeActor.java:1828)
    [junit] 	at ptolemy.actor.Manager.preinitializeAndResolveTypes(Manager.java:1040)
    [junit] 	at ptolemy.actor.Manager.initialize(Manager.java:710)
    [junit] 	at ptolemy.actor.Manager.execute(Manager.java:356)
    [junit] 	at ptolemy.actor.Manager.run(Manager.java:1263)
    [junit] 	at ptolemy.actor.Manager$PtolemyRunThread.run(Manager.java:1915)
    [junit] Caused by: java.lang.RuntimeException: java.lang.Exception: The expression 'Variable: n' cannot be statically computed.
    [junit] 	at ptolemy.caltrop.ddi.SDF.isLegalActor(SDF.java:115)
    [junit] 	at ptolemy.caltrop.actors.AbstractCalInterpreter.preinitialize(AbstractCalInterpreter.java:205)
    [junit] 	... 9 more
    [junit] Caused by: java.lang.Exception: The expression 'Variable: n' cannot be statically computed.
    [junit] 	at ptolemy.caltrop.ddi.DataflowWithRates._computeRepeatExpression(DataflowWithRates.java:199)
    [junit] 	at ptolemy.caltrop.ddi.DataflowWithRates._computeActionRates(DataflowWithRates.java:178)
    [junit] 	at ptolemy.caltrop.ddi.DataflowWithRates._computeActionRates(DataflowWithRates.java:153)
    [junit] 	at ptolemy.caltrop.ddi.SDF.isLegalActor(SDF.java:91)
    [junit] 	... 10 more
    [junit] 
    [junit] Exception: java.lang.RuntimeException thrown from the UncaughtExceptionHandler in thread "Thread-7"
    [junit] AutoTests.java: About to close Vertx.
    [junit] AutoTests.java: Vertx closed.
    [junit] ----------------- testing Fri Apr 20 01:18:13 UTC 2018 /home/travis/build/icyphy/ptII/ptolemy/caltrop/test/auto/DDFDDI.xml
    [junit] 155 ms. Memory: 122368K Free: 65340K (53%)
    [junit] reloadAllAccessors: .DDFDDI
    [junit] ----------------- testing Fri Apr 20 01:18:13 UTC 2018 /home/travis/build/icyphy/ptII/ptolemy/caltrop/test/auto/FunctionClosures.xml
    [junit] 36 ms. Memory: 148992K Free: 125588K (84%)
    [junit] reloadAllAccessors: .FunctionClosures
    [junit] ----------------- testing Fri Apr 20 01:18:14 UTC 2018 /home/travis/build/icyphy/ptII/ptolemy/caltrop/test/auto/FunctionDefinition.xml
    [junit] 9 ms. Memory: 148992K Free: 84004K (56%)
    [junit] reloadAllAccessors: .FunctionDefinition
    [junit] ----------------- testing Fri Apr 20 01:18:14 UTC 2018 /home/travis/build/icyphy/ptII/ptolemy/caltrop/test/auto/Primes.xml
    [junit] 7 ms. Memory: 148992K Free: 53985K (36%)
    [junit] reloadAllAccessors: .Primes
    [junit] ----------------- testing Fri Apr 20 01:18:14 UTC 2018 /home/travis/build/icyphy/ptII/ptolemy/caltrop/test/auto/SDFDDI.xml
    [junit] 67 ms. Memory: 179200K Free: 136449K (76%)
    [junit] reloadAllAccessors: .SDFDDI
    [junit] AutoTests.java: About to close Vertx.
    [junit] AutoTests.java: Vertx closed.
    [junit] Tests run: 10, Failures: 0, Errors: 0, Skipped: 0, Time elapsed: 4.203 sec
    [junit] Output:
    [junit] /home/travis/build/icyphy/ptII/ptolemy/caltrop/test/DDF.tcl
    [junit] testDefs.tcl: setting time out to 9000 seconds at Fri Apr 20 01:18:10 UTC 2018
    [junit] 11 ms. Memory: 116224K Free: 102796K (88%)
    [junit] /home/travis/build/icyphy/ptII/ptolemy/caltrop/test/PtolemyPlatform.tcl
    [junit] /home/travis/build/icyphy/ptII/ptolemy/caltrop/test/SDF.tcl
    [junit] 9 ms. Memory: 146944K Free: 119053K (81%)
    [junit] 1 ms. Memory: 146944K Free: 107558K (73%)
    [junit] 04/20/18 01:18:13
    [junit] Failed: 0  Total Tests: 14  ((Passed: 14, Newly Passed: 0)  Known Failed: 0) /home/travis/build/icyphy/ptII/ptolemy/caltrop/test
    [junit] No auto/knownFailedTests/*.xml tests in /home/travis/build/icyphy/ptII/ptolemy/caltrop/test
    [junit] No auto/*.xml tests in /home/travis/build/icyphy/ptII/ptolemy/caltrop/test
    [junit] AutoTests.java: About to close Vertx.
    [junit] AutoTests.java: Vertx closed.
    [junit] ----------------- testing Fri Apr 20 01:18:13 UTC 2018 /home/travis/build/icyphy/ptII/ptolemy/caltrop/test/auto/DDFDDI.xml
    [junit] 155 ms. Memory: 122368K Free: 65340K (53%)
    [junit] reloadAllAccessors: .DDFDDI
    [junit] ----------------- testing Fri Apr 20 01:18:13 UTC 2018 /home/travis/build/icyphy/ptII/ptolemy/caltrop/test/auto/FunctionClosures.xml
    [junit] 36 ms. Memory: 148992K Free: 125588K (84%)
    [junit] reloadAllAccessors: .FunctionClosures
    [junit] ----------------- testing Fri Apr 20 01:18:14 UTC 2018 /home/travis/build/icyphy/ptII/ptolemy/caltrop/test/auto/FunctionDefinition.xml
    [junit] 9 ms. Memory: 148992K Free: 84004K (56%)
    [junit] reloadAllAccessors: .FunctionDefinition
    [junit] ----------------- testing Fri Apr 20 01:18:14 UTC 2018 /home/travis/build/icyphy/ptII/ptolemy/caltrop/test/auto/Primes.xml
    [junit] 7 ms. Memory: 148992K Free: 53985K (36%)
    [junit] reloadAllAccessors: .Primes
    [junit] ----------------- testing Fri Apr 20 01:18:14 UTC 2018 /home/travis/build/icyphy/ptII/ptolemy/caltrop/test/auto/SDFDDI.xml
    [junit] 67 ms. Memory: 179200K Free: 136449K (76%)
    [junit] reloadAllAccessors: .SDFDDI
    [junit] AutoTests.java: About to close Vertx.
    [junit] AutoTests.java: Vertx closed.
    [junit] 
    [junit] Error: 
    [junit] java.lang.RuntimeException: Execution failed
    [junit] 	at ptolemy.moml.MoMLSimpleApplication$UnloadThread.run(MoMLSimpleApplication.java:402)
    [junit] Caused by: ptolemy.kernel.util.IllegalActionException: Actor is not a valid DDF actor.
    [junit]   in .badDDF1.GreaterThan5
    [junit] Because:
    [junit] java.lang.RuntimeException: A guard depends on an input!
    [junit] 	at ptolemy.caltrop.actors.AbstractCalInterpreter.preinitialize(AbstractCalInterpreter.java:208)
    [junit] 	at ptolemy.actor.Director.preinitialize(Director.java:1302)
    [junit] 	at ptolemy.actor.Director.preinitialize(Director.java:1257)
    [junit] 	at ptolemy.actor.CompositeActor.preinitialize(CompositeActor.java:1828)
    [junit] 	at ptolemy.actor.Manager.preinitializeAndResolveTypes(Manager.java:1040)
    [junit] 	at ptolemy.actor.Manager.initialize(Manager.java:710)
    [junit] 	at ptolemy.actor.Manager.execute(Manager.java:356)
    [junit] 	at ptolemy.actor.Manager.run(Manager.java:1263)
    [junit] 	at ptolemy.actor.Manager$PtolemyRunThread.run(Manager.java:1915)
    [junit] Caused by: java.lang.RuntimeException: java.lang.RuntimeException: A guard depends on an input!
    [junit] 	at ptolemy.caltrop.ddi.DDF.isLegalActor(DDF.java:127)
    [junit] 	at ptolemy.caltrop.actors.AbstractCalInterpreter.preinitialize(AbstractCalInterpreter.java:205)
    [junit] 	... 8 more
    [junit] Caused by: java.lang.RuntimeException: A guard depends on an input!
    [junit] 	at ptolemy.caltrop.ddi.DDF.isLegalActor(DDF.java:122)
    [junit] 	... 9 more
    [junit] java.lang.RuntimeException: Execution failed
    [junit] 	at ptolemy.moml.MoMLSimpleApplication$UnloadThread.run(MoMLSimpleApplication.java:402)
    [junit] Caused by: ptolemy.kernel.util.IllegalActionException: Actor is not a valid SDF actor.
    [junit]   in .badSDF1.Ramp
    [junit] Because:
    [junit] java.lang.RuntimeException: Action rates are not equal!
    [junit] 	at ptolemy.caltrop.actors.AbstractCalInterpreter.preinitialize(AbstractCalInterpreter.java:208)
    [junit] 	at ptolemy.actor.Director.preinitialize(Director.java:1302)
    [junit] 	at ptolemy.actor.Director.preinitialize(Director.java:1257)
    [junit] 	at ptolemy.domains.sdf.kernel.SDFDirector.preinitialize(SDFDirector.java:763)
    [junit] 	at ptolemy.actor.CompositeActor.preinitialize(CompositeActor.java:1828)
    [junit] 	at ptolemy.actor.Manager.preinitializeAndResolveTypes(Manager.java:1040)
    [junit] 	at ptolemy.actor.Manager.initialize(Manager.java:710)
    [junit] 	at ptolemy.actor.Manager.execute(Manager.java:356)
    [junit] 	at ptolemy.actor.Manager.run(Manager.java:1263)
    [junit] 	at ptolemy.actor.Manager$PtolemyRunThread.run(Manager.java:1915)
    [junit] Caused by: java.lang.RuntimeException: java.lang.RuntimeException: Action rates are not equal!
    [junit] 	at ptolemy.caltrop.ddi.SDF.isLegalActor(SDF.java:115)
    [junit] 	at ptolemy.caltrop.actors.AbstractCalInterpreter.preinitialize(AbstractCalInterpreter.java:205)
    [junit] 	... 9 more
    [junit] Caused by: java.lang.RuntimeException: Action rates are not equal!
    [junit] 	at ptolemy.caltrop.ddi.SDF.isLegalActor(SDF.java:95)
    [junit] 	... 10 more
    [junit] java.lang.RuntimeException: Execution failed
    [junit] 	at ptolemy.moml.MoMLSimpleApplication$UnloadThread.run(MoMLSimpleApplication.java:402)
    [junit] Caused by: ptolemy.kernel.util.IllegalActionException: Actor is not a valid SDF actor.
    [junit]   in .badSDF2.Ramp
    [junit] Because:
    [junit] java.lang.Exception: The expression 'Variable: n' cannot be statically computed.
    [junit] 	at ptolemy.caltrop.actors.AbstractCalInterpreter.preinitialize(AbstractCalInterpreter.java:208)
    [junit] 	at ptolemy.actor.Director.preinitialize(Director.java:1302)
    [junit] 	at ptolemy.actor.Director.preinitialize(Director.java:1257)
    [junit] 	at ptolemy.domains.sdf.kernel.SDFDirector.preinitialize(SDFDirector.java:763)
    [junit] 	at ptolemy.actor.CompositeActor.preinitialize(CompositeActor.java:1828)
    [junit] 	at ptolemy.actor.Manager.preinitializeAndResolveTypes(Manager.java:1040)
    [junit] 	at ptolemy.actor.Manager.initialize(Manager.java:710)
    [junit] 	at ptolemy.actor.Manager.execute(Manager.java:356)
    [junit] 	at ptolemy.actor.Manager.run(Manager.java:1263)
    [junit] 	at ptolemy.actor.Manager$PtolemyRunThread.run(Manager.java:1915)
    [junit] Caused by: java.lang.RuntimeException: java.lang.Exception: The expression 'Variable: n' cannot be statically computed.
    [junit] 	at ptolemy.caltrop.ddi.SDF.isLegalActor(SDF.java:115)
    [junit] 	at ptolemy.caltrop.actors.AbstractCalInterpreter.preinitialize(AbstractCalInterpreter.java:205)
    [junit] 	... 9 more
    [junit] Caused by: java.lang.Exception: The expression 'Variable: n' cannot be statically computed.
    [junit] 	at ptolemy.caltrop.ddi.DataflowWithRates._computeRepeatExpression(DataflowWithRates.java:199)
    [junit] 	at ptolemy.caltrop.ddi.DataflowWithRates._computeActionRates(DataflowWithRates.java:178)
    [junit] 	at ptolemy.caltrop.ddi.DataflowWithRates._computeActionRates(DataflowWithRates.java:153)
    [junit] 	at ptolemy.caltrop.ddi.SDF.isLegalActor(SDF.java:91)
    [junit] 	... 10 more
    [junit] 
    [junit] javachdir: directory = ptolemy/caltrop/util/test
    [junit] javachdir: pwd: /home/travis/build/icyphy/ptII/ptolemy/caltrop/util/test  Invoking with -Djava.net.preferIPv4Stack=true
    [junit] Running ptolemy.caltrop.util.test.junit.JUnitTclTest
    [junit] /home/travis/build/icyphy/ptII/ptolemy/caltrop/util/test/IntegerList.tcl
    [junit] testDefs.tcl: setting time out to 9000 seconds at Fri Apr 20 01:18:15 UTC 2018
    [junit] /home/travis/build/icyphy/ptII/ptolemy/caltrop/util/test/PtArrayList.tcl
    [junit] 04/20/18 01:18:15
    [junit] Failed: 0  Total Tests: 9  ((Passed: 9, Newly Passed: 0)  Known Failed: 0) /home/travis/build/icyphy/ptII/ptolemy/caltrop/util/test
    [junit] No auto/knownFailedTests/*.xml tests in /home/travis/build/icyphy/ptII/ptolemy/caltrop/util/test
    [junit] No auto/*.xml tests in /home/travis/build/icyphy/ptII/ptolemy/caltrop/util/test
    [junit] AutoTests.java: About to close Vertx.
    [junit] AutoTests.java: Vertx closed.
    [junit] No auto/*.xml tests in /home/travis/build/icyphy/ptII/ptolemy/caltrop/util/test
    [junit] AutoTests.java: About to close Vertx.
    [junit] AutoTests.java: Vertx closed.
    [junit] Tests run: 5, Failures: 0, Errors: 0, Skipped: 0, Time elapsed: 0.631 sec
    [junit] Output:
    [junit] /home/travis/build/icyphy/ptII/ptolemy/caltrop/util/test/IntegerList.tcl
    [junit] testDefs.tcl: setting time out to 9000 seconds at Fri Apr 20 01:18:15 UTC 2018
    [junit] /home/travis/build/icyphy/ptII/ptolemy/caltrop/util/test/PtArrayList.tcl
    [junit] 04/20/18 01:18:15
    [junit] Failed: 0  Total Tests: 9  ((Passed: 9, Newly Passed: 0)  Known Failed: 0) /home/travis/build/icyphy/ptII/ptolemy/caltrop/util/test
    [junit] No auto/knownFailedTests/*.xml tests in /home/travis/build/icyphy/ptII/ptolemy/caltrop/util/test
    [junit] No auto/*.xml tests in /home/travis/build/icyphy/ptII/ptolemy/caltrop/util/test
    [junit] AutoTests.java: About to close Vertx.
    [junit] AutoTests.java: Vertx closed.
    [junit] No auto/*.xml tests in /home/travis/build/icyphy/ptII/ptolemy/caltrop/util/test
    [junit] AutoTests.java: About to close Vertx.
    [junit] AutoTests.java: Vertx closed.
    [junit] 
    [junit] javachdir: directory = ptolemy/distributed/domains/sdf/kernel/test
    [junit] javachdir: pwd: /home/travis/build/icyphy/ptII/ptolemy/distributed/domains/sdf/kernel/test  Invoking with -Djava.net.preferIPv4Stack=true
    [junit] Running ptolemy.distributed.domains.sdf.kernel.test.junit.JUnitTclTest
    [junit] /home/travis/build/icyphy/ptII/ptolemy/distributed/domains/sdf/kernel/test/DistributedSDFDirector.tcl
    [junit] testDefs.tcl: setting time out to 9000 seconds at Fri Apr 20 01:18:16 UTC 2018
    [junit] 04/20/18 01:18:17
    [junit] Failed: 0  Total Tests: 2  ((Passed: 2, Newly Passed: 0)  Known Failed: 0) /home/travis/build/icyphy/ptII/ptolemy/distributed/domains/sdf/kernel/test
    [junit] No auto/knownFailedTests/*.xml tests in /home/travis/build/icyphy/ptII/ptolemy/distributed/domains/sdf/kernel/test
    [junit] No auto/*.xml tests in /home/travis/build/icyphy/ptII/ptolemy/distributed/domains/sdf/kernel/test
    [junit] AutoTests.java: About to close Vertx.
    [junit] AutoTests.java: Vertx closed.
    [junit] No auto/*.xml tests in /home/travis/build/icyphy/ptII/ptolemy/distributed/domains/sdf/kernel/test
    [junit] AutoTests.java: About to close Vertx.
    [junit] AutoTests.java: Vertx closed.
    [junit] Tests run: 4, Failures: 0, Errors: 0, Skipped: 0, Time elapsed: 0.649 sec
    [junit] Output:
    [junit] /home/travis/build/icyphy/ptII/ptolemy/distributed/domains/sdf/kernel/test/DistributedSDFDirector.tcl
    [junit] testDefs.tcl: setting time out to 9000 seconds at Fri Apr 20 01:18:16 UTC 2018
    [junit] 04/20/18 01:18:17
    [junit] Failed: 0  Total Tests: 2  ((Passed: 2, Newly Passed: 0)  Known Failed: 0) /home/travis/build/icyphy/ptII/ptolemy/distributed/domains/sdf/kernel/test
    [junit] No auto/knownFailedTests/*.xml tests in /home/travis/build/icyphy/ptII/ptolemy/distributed/domains/sdf/kernel/test
    [junit] No auto/*.xml tests in /home/travis/build/icyphy/ptII/ptolemy/distributed/domains/sdf/kernel/test
    [junit] AutoTests.java: About to close Vertx.
    [junit] AutoTests.java: Vertx closed.
    [junit] No auto/*.xml tests in /home/travis/build/icyphy/ptII/ptolemy/distributed/domains/sdf/kernel/test
    [junit] AutoTests.java: About to close Vertx.
    [junit] AutoTests.java: Vertx closed.
    [junit] 
    [junit] javachdir: directory = ptolemy/moml/filter/test
    [junit] javachdir: pwd: /home/travis/build/icyphy/ptII/ptolemy/moml/filter/test  Invoking with -Djava.net.preferIPv4Stack=true
    [junit] Running ptolemy.moml.filter.test.junit.JUnitTclTest
    [junit] /home/travis/build/icyphy/ptII/ptolemy/moml/filter/test/ActorIndex.tcl
    [junit] testDefs.tcl: setting time out to 9000 seconds at Fri Apr 20 01:18:17 UTC 2018
    [junit] Failed to process ptolemy.actor.lib.Sinewave
    [junit] java.lang.ClassNotFoundException: ptolemy.actor.lib.Sinewave
    [junit] Warning, failed to parse $CLASSPATH/NotAModel.xml
    [junit] java.io.IOException: Cannot find file 'NotAModel.xml' in classpath
    [junit] 	at ptolemy.util.FileUtilities.nameToURL(FileUtilities.java:638)
    [junit] 	at ptolemy.moml.filter.ActorIndex.generateActorIndex(ActorIndex.java:140)
    [junit] 	at ptolemy.moml.filter.ActorIndex.main(ActorIndex.java:290)
    [junit] 	at sun.reflect.NativeMethodAccessorImpl.invoke0(Native Method)
    [junit] 	at sun.reflect.NativeMethodAccessorImpl.invoke(NativeMethodAccessorImpl.java:62)
    [junit] 	at sun.reflect.DelegatingMethodAccessorImpl.invoke(DelegatingMethodAccessorImpl.java:43)
    [junit] 	at java.lang.reflect.Method.invoke(Method.java:498)
    [junit] 	at tcl.lang.reflect.PkgInvoker.invokeMethod(PkgInvoker.java:129)
    [junit] 	at tcl.lang.JavaInvoke.call(JavaInvoke.java:253)
    [junit] 	at tcl.lang.JavaInvoke.callStaticMethod(JavaInvoke.java:169)
    [junit] 	at tcl.lang.JavaCallCmd.cmdProc(JavaCallCmd.java:74)
    [junit] 	at tcl.lang.Parser.evalObjv(Parser.java:740)
    [junit] 	at tcl.lang.Parser.eval2(Parser.java:1138)
    [junit] 	at tcl.lang.Interp.eval(Interp.java:1782)
    [junit] 	at tcl.lang.Interp.eval(Interp.java:1841)
    [junit] 	at tcl.lang.UplevelCmd.cmdProc(UplevelCmd.java:93)
    [junit] 	at tcl.lang.AutoloadStub.cmdProc(Extension.java:144)
    [junit] 	at tcl.lang.Parser.evalObjv(Parser.java:740)
    [junit] 	at tcl.lang.Parser.eval2(Parser.java:1138)
    [junit] 	at tcl.lang.Interp.eval(Interp.java:1782)
    [junit] 	at tcl.lang.Interp.eval(Interp.java:1841)
    [junit] 	at tcl.lang.CatchCmd.cmdProc(CatchCmd.java:42)
    [junit] 	at tcl.lang.Parser.evalObjv(Parser.java:740)
    [junit] 	at tcl.lang.Parser.eval2(Parser.java:1138)
    [junit] 	at tcl.lang.Parser.evalTokens(Parser.java:930)
    [junit] 	at tcl.lang.Parser.eval2(Parser.java:1125)
    [junit] 	at tcl.lang.Procedure.cmdProc(Procedure.java:175)
    [junit] 	at tcl.lang.Parser.evalObjv(Parser.java:740)
    [junit] 	at tcl.lang.Parser.eval2(Parser.java:1138)
    [junit] 	at tcl.lang.Interp.eval(Interp.java:1782)
    [junit] 	at tcl.lang.Interp.evalFile(Interp.java:1880)
    [junit] 	at sun.reflect.NativeMethodAccessorImpl.invoke0(Native Method)
    [junit] 	at sun.reflect.NativeMethodAccessorImpl.invoke(NativeMethodAccessorImpl.java:62)
    [junit] 	at sun.reflect.DelegatingMethodAccessorImpl.invoke(DelegatingMethodAccessorImpl.java:43)
    [junit] 	at java.lang.reflect.Method.invoke(Method.java:498)
    [junit] 	at ptolemy.util.test.junit.TclTests.RunTclFile(TclTests.java:233)
    [junit] 	at sun.reflect.NativeMethodAccessorImpl.invoke0(Native Method)
    [junit] 	at sun.reflect.NativeMethodAccessorImpl.invoke(NativeMethodAccessorImpl.java:62)
    [junit] 	at sun.reflect.DelegatingMethodAccessorImpl.invoke(DelegatingMethodAccessorImpl.java:43)
    [junit] 	at java.lang.reflect.Method.invoke(Method.java:498)
    [junit] 	at org.junit.runners.model.FrameworkMethod$1.runReflectiveCall(FrameworkMethod.java:44)
    [junit] 	at org.junit.internal.runners.model.ReflectiveCallable.run(ReflectiveCallable.java:15)
    [junit] 	at org.junit.runners.model.FrameworkMethod.invokeExplosively(FrameworkMethod.java:41)
    [junit] 	at junitparams.internal.InvokeParameterisedMethod.evaluate(InvokeParameterisedMethod.java:102)
    [junit] 	at junitparams.internal.ParameterisedTestMethodRunner.runMethodInvoker(ParameterisedTestMethodRunner.java:47)
    [junit] 	at junitparams.internal.ParameterisedTestMethodRunner.runTestMethod(ParameterisedTestMethodRunner.java:41)
    [junit] 	at junitparams.internal.ParameterisedTestClassRunner.runParameterisedTest(ParameterisedTestClassRunner.java:143)
    [junit] 	at junitparams.JUnitParamsRunner.runChild(JUnitParamsRunner.java:237)
    [junit] 	at junitparams.JUnitParamsRunner.runChild(JUnitParamsRunner.java:215)
    [junit] 	at org.junit.runners.ParentRunner$3.run(ParentRunner.java:193)
    [junit] 	at org.junit.runners.ParentRunner$1.schedule(ParentRunner.java:52)
    [junit] 	at org.junit.runners.ParentRunner.runChildren(ParentRunner.java:191)
    [junit] 	at org.junit.runners.ParentRunner.access$000(ParentRunner.java:42)
    [junit] 	at org.junit.runners.ParentRunner$2.evaluate(ParentRunner.java:184)
    [junit] 	at org.junit.internal.runners.statements.RunAfters.evaluate(RunAfters.java:31)
    [junit] 	at org.junit.runners.ParentRunner.run(ParentRunner.java:236)
    [junit] 	at org.junit.runners.Suite.runChild(Suite.java:128)
    [junit] 	at org.junit.runners.Suite.runChild(Suite.java:24)
    [junit] 	at org.junit.runners.ParentRunner$3.run(ParentRunner.java:193)
    [junit] 	at org.junit.runners.ParentRunner$1.schedule(ParentRunner.java:52)
    [junit] 	at org.junit.runners.ParentRunner.runChildren(ParentRunner.java:191)
    [junit] 	at org.junit.runners.ParentRunner.access$000(ParentRunner.java:42)
    [junit] 	at org.junit.runners.ParentRunner$2.evaluate(ParentRunner.java:184)
    [junit] 	at org.junit.runners.ParentRunner.run(ParentRunner.java:236)
    [junit] 	at junit.framework.JUnit4TestAdapter.run(JUnit4TestAdapter.java:39)
    [junit] 	at org.apache.tools.ant.taskdefs.optional.junit.JUnitTestRunner.run(JUnitTestRunner.java:535)
    [junit] 	at org.apache.tools.ant.taskdefs.optional.junit.JUnitTestRunner.launch(JUnitTestRunner.java:1182)
    [junit] 	at org.apache.tools.ant.taskdefs.optional.junit.JUnitTestRunner.main(JUnitTestRunner.java:1033)
    [junit] /home/travis/build/icyphy/ptII/ptolemy/moml/filter/test/AddEditorFactory.tcl
    [junit] /home/travis/build/icyphy/ptII/ptolemy/moml/filter/test/AddIcon.tcl
    [junit] /home/travis/build/icyphy/ptII/ptolemy/moml/filter/test/AddMissingParameter.tcl
    [junit] /home/travis/build/icyphy/ptII/ptolemy/moml/filter/test/BackwardCompatibility.tcl
    [junit] 
    [junit] 
    [junit] ==== $PTII/ptolemy/moml/filter/test/BackwardCompatibility.tcl: BackwardCompatiblity-20.1 Try running old models, first check that the makefile created the compat/ directory
    [junit] ==== Contents of test case:
    [junit]  
    [junit]     if {! [file exists compat]} {
    [junit] 	error "compat directory does not exist.  This could happen If you do not have access to old Ptolemy II tests"
    [junit]     } else {
    [junit] 	list 1
    [junit]     }
    [junit] 
    [junit] .... Test generated KNOWN error:
    [junit] compat directory does not exist.  This could happen If you do not have access to old Ptolemy II tests
    [junit]     while executing
    [junit] "error "compat directory does not exist.  This could happen If you do not have access to old Ptolemy II tests""
    [junit]     invoked from within
    [junit] "if {! [file exists compat]} {
    [junit] 	error "compat directory does not exist.  This could happen If you do not have access to old Ptolemy II tests"
    [junit]     } els..."
    [junit]     ("uplevel" body line 2)
    [junit]     invoked from within
    [junit] "uplevel $contents_of_test"
    [junit] /home/travis/build/icyphy/ptII/ptolemy/moml/filter/test/BackwardCompatibilityPN.tcl
    [junit] /home/travis/build/icyphy/ptII/ptolemy/moml/filter/test/GRColorChanges.tcl
    [junit] /home/travis/build/icyphy/ptII/ptolemy/moml/filter/test/LazyTypedCompositeActorChanges.tcl
    [junit] /home/travis/build/icyphy/ptII/ptolemy/moml/filter/test/MultiportToSinglePort.tcl
    [junit] /home/travis/build/icyphy/ptII/ptolemy/moml/filter/test/PropertyClassChanges.tcl
    [junit] /home/travis/build/icyphy/ptII/ptolemy/moml/filter/test/PropertyClassChangesHDF.tcl
    [junit] /home/travis/build/icyphy/ptII/ptolemy/moml/filter/test/RelationWidthChanges.tcl
    [junit] /home/travis/build/icyphy/ptII/ptolemy/moml/filter/test/RemoveClasses.tcl
    [junit]     If you get a 'X connection to xxx:11.0 broken' message, then
    [junit]     see $PTII/ptolemy/moml/filter/RemoveGraphicalClasses.java
    [junit]     Or, under Solaris, run java -verbose -classpath 
    [junit]            ${PTII}/lib/ptjacl.jar:${PTII}/lib/diva.jar:${PTII}
    [junit]            tcl.lang.Shell xxx.tcl
    [junit]     If you get a 'X connection to xxx:11.0 broken' message, then
    [junit]     see $PTII/ptolemy/moml/filter/RemoveGraphicalClasses.java
    [junit]     Or, under Solaris, run java -verbose -classpath 
    [junit]            ${PTII}/lib/ptjacl.jar:${PTII}/lib/diva.jar:${PTII}
    [junit]            tcl.lang.Shell xxx.tcl
    [junit]     If you get a 'X connection to xxx:11.0 broken' message, then
    [junit]     see $PTII/ptolemy/moml/filter/RemoveGraphicalClasses.java
    [junit]     Or, under Solaris, run java -verbose -classpath 
    [junit]            ${PTII}/lib/ptjacl.jar:${PTII}/lib/diva.jar:${PTII}
    [junit]            tcl.lang.Shell xxx.tcl
    [junit] 35 ms. Memory: 146944K Free: 98262K (67%)
    [junit]     If you get a 'X connection to xxx:11.0 broken' message, then
    [junit]     see $PTII/ptolemy/moml/filter/RemoveGraphicalClasses.java
    [junit]     Or, under Solaris, run java -verbose -classpath 
    [junit]            ${PTII}/lib/ptjacl.jar:${PTII}/lib/diva.jar:${PTII}
    [junit]            tcl.lang.Shell xxx.tcl
    [junit] 47 ms. Memory: 146944K Free: 91030K (62%)
    [junit] /home/travis/build/icyphy/ptII/ptolemy/moml/filter/test/RemoveGraphicalClasses.tcl
    [junit]     If you get a 'X connection to xxx:11.0 broken' message, then
    [junit]     see $PTII/ptolemy/moml/filter/RemoveGraphicalClasses.java
    [junit]     Or, under Solaris, run java -verbose -classpath 
    [junit]            ${PTII}/lib/ptjacl.jar:${PTII}/lib/diva.jar:${PTII}
    [junit]            tcl.lang.Shell xxx.tcl
    [junit]     If you get a 'X connection to xxx:11.0 broken' message, then
    [junit]     see $PTII/ptolemy/moml/filter/RemoveGraphicalClasses.java
    [junit]     Or, under Solaris, run java -verbose -classpath 
    [junit]            ${PTII}/lib/ptjacl.jar:${PTII}/lib/diva.jar:${PTII}
    [junit]            tcl.lang.Shell xxx.tcl
    [junit]     If you get a 'X connection to xxx:11.0 broken' message, then
    [junit]     see $PTII/ptolemy/moml/filter/RemoveGraphicalClasses.java
    [junit]     Or, under Solaris, run java -verbose -classpath 
    [junit]            ${PTII}/lib/ptjacl.jar:${PTII}/lib/diva.jar:${PTII}
    [junit]            tcl.lang.Shell xxx.tcl
    [junit] 16 ms. Memory: 146944K Free: 85007K (58%)
    [junit]     If you get a 'X connection to xxx:11.0 broken' message, then
    [junit]     see $PTII/ptolemy/moml/filter/RemoveGraphicalClasses.java
    [junit]     Or, under Solaris, run java -verbose -classpath 
    [junit]            ${PTII}/lib/ptjacl.jar:${PTII}/lib/diva.jar:${PTII}
    [junit]            tcl.lang.Shell xxx.tcl
    [junit] 45 ms. Memory: 146944K Free: 140272K (95%)
    [junit] /home/travis/build/icyphy/ptII/ptolemy/moml/filter/test/RemoveGraphicalClassesApplication.tcl
    [junit] 04/20/18 01:18:21
    [junit] Failed: 0  Total Tests: 57  ((Passed: 56, Newly Passed: 0)  Known Failed: 1) /home/travis/build/icyphy/ptII/ptolemy/moml/filter/test
    [junit] No auto/knownFailedTests/*.xml tests in /home/travis/build/icyphy/ptII/ptolemy/moml/filter/test
    [junit] No auto/*.xml tests in /home/travis/build/icyphy/ptII/ptolemy/moml/filter/test
    [junit] AutoTests.java: About to close Vertx.
    [junit] AutoTests.java: Vertx closed.
    [junit] ----------------- testing Fri Apr 20 01:18:21 UTC 2018 /home/travis/build/icyphy/ptII/ptolemy/moml/filter/test/auto/TimeGap.xml
    [junit] 28 ms. Memory: 146944K Free: 105352K (72%)
    [junit] reloadAllAccessors: .TimeGap
    [junit] ----------------- testing Fri Apr 20 01:18:21 UTC 2018 /home/travis/build/icyphy/ptII/ptolemy/moml/filter/test/auto/VariableDelay.xml
    [junit] 2 ms. Memory: 146944K Free: 103705K (71%)
    [junit] reloadAllAccessors: .
    [junit] ----------------- testing Fri Apr 20 01:18:21 UTC 2018 /home/travis/build/icyphy/ptII/ptolemy/moml/filter/test/auto/expression.xml
    [junit] 3 ms. Memory: 146944K Free: 101625K (69%)
    [junit] reloadAllAccessors: .model
    [junit] ----------------- testing Fri Apr 20 01:18:21 UTC 2018 /home/travis/build/icyphy/ptII/ptolemy/moml/filter/test/auto/modulation2.xml
    [junit] 54 ms. Memory: 146944K Free: 86236K (59%)
    [junit] reloadAllAccessors: .modulation2
    [junit] AutoTests.java: About to close Vertx.
    [junit] AutoTests.java: Vertx closed.
    [junit] Tests run: 21, Failures: 0, Errors: 0, Skipped: 0, Time elapsed: 4.079 sec
    [junit] Output:
    [junit] /home/travis/build/icyphy/ptII/ptolemy/moml/filter/test/ActorIndex.tcl
    [junit] testDefs.tcl: setting time out to 9000 seconds at Fri Apr 20 01:18:17 UTC 2018
    [junit] /home/travis/build/icyphy/ptII/ptolemy/moml/filter/test/AddEditorFactory.tcl
    [junit] /home/travis/build/icyphy/ptII/ptolemy/moml/filter/test/AddIcon.tcl
    [junit] /home/travis/build/icyphy/ptII/ptolemy/moml/filter/test/AddMissingParameter.tcl
    [junit] /home/travis/build/icyphy/ptII/ptolemy/moml/filter/test/BackwardCompatibility.tcl
    [junit] 
    [junit] 
    [junit] ==== $PTII/ptolemy/moml/filter/test/BackwardCompatibility.tcl: BackwardCompatiblity-20.1 Try running old models, first check that the makefile created the compat/ directory
    [junit] ==== Contents of test case:
    [junit]  
    [junit]     if {! [file exists compat]} {
    [junit] 	error "compat directory does not exist.  This could happen If you do not have access to old Ptolemy II tests"
    [junit]     } else {
    [junit] 	list 1
    [junit]     }
    [junit] 
    [junit] .... Test generated KNOWN error:
    [junit] compat directory does not exist.  This could happen If you do not have access to old Ptolemy II tests
    [junit]     while executing
    [junit] "error "compat directory does not exist.  This could happen If you do not have access to old Ptolemy II tests""
    [junit]     invoked from within
    [junit] "if {! [file exists compat]} {
    [junit] 	error "compat directory does not exist.  This could happen If you do not have access to old Ptolemy II tests"
    [junit]     } els..."
    [junit]     ("uplevel" body line 2)
    [junit]     invoked from within
    [junit] "uplevel $contents_of_test"
    [junit] /home/travis/build/icyphy/ptII/ptolemy/moml/filter/test/BackwardCompatibilityPN.tcl
    [junit] /home/travis/build/icyphy/ptII/ptolemy/moml/filter/test/GRColorChanges.tcl
    [junit] /home/travis/build/icyphy/ptII/ptolemy/moml/filter/test/LazyTypedCompositeActorChanges.tcl
    [junit] /home/travis/build/icyphy/ptII/ptolemy/moml/filter/test/MultiportToSinglePort.tcl
    [junit] /home/travis/build/icyphy/ptII/ptolemy/moml/filter/test/PropertyClassChanges.tcl
    [junit] /home/travis/build/icyphy/ptII/ptolemy/moml/filter/test/PropertyClassChangesHDF.tcl
    [junit] /home/travis/build/icyphy/ptII/ptolemy/moml/filter/test/RelationWidthChanges.tcl
    [junit] /home/travis/build/icyphy/ptII/ptolemy/moml/filter/test/RemoveClasses.tcl
    [junit]     If you get a 'X connection to xxx:11.0 broken' message, then
    [junit]     see $PTII/ptolemy/moml/filter/RemoveGraphicalClasses.java
    [junit]     Or, under Solaris, run java -verbose -classpath 
    [junit]            ${PTII}/lib/ptjacl.jar:${PTII}/lib/diva.jar:${PTII}
    [junit]            tcl.lang.Shell xxx.tcl
    [junit]     If you get a 'X connection to xxx:11.0 broken' message, then
    [junit]     see $PTII/ptolemy/moml/filter/RemoveGraphicalClasses.java
    [junit]     Or, under Solaris, run java -verbose -classpath 
    [junit]            ${PTII}/lib/ptjacl.jar:${PTII}/lib/diva.jar:${PTII}
    [junit]            tcl.lang.Shell xxx.tcl
    [junit]     If you get a 'X connection to xxx:11.0 broken' message, then
    [junit]     see $PTII/ptolemy/moml/filter/RemoveGraphicalClasses.java
    [junit]     Or, under Solaris, run java -verbose -classpath 
    [junit]            ${PTII}/lib/ptjacl.jar:${PTII}/lib/diva.jar:${PTII}
    [junit]            tcl.lang.Shell xxx.tcl
    [junit] 35 ms. Memory: 146944K Free: 98262K (67%)
    [junit]     If you get a 'X connection to xxx:11.0 broken' message, then
    [junit]     see $PTII/ptolemy/moml/filter/RemoveGraphicalClasses.java
    [junit]     Or, under Solaris, run java -verbose -classpath 
    [junit]            ${PTII}/lib/ptjacl.jar:${PTII}/lib/diva.jar:${PTII}
    [junit]            tcl.lang.Shell xxx.tcl
    [junit] 47 ms. Memory: 146944K Free: 91030K (62%)
    [junit] /home/travis/build/icyphy/ptII/ptolemy/moml/filter/test/RemoveGraphicalClasses.tcl
    [junit]     If you get a 'X connection to xxx:11.0 broken' message, then
    [junit]     see $PTII/ptolemy/moml/filter/RemoveGraphicalClasses.java
    [junit]     Or, under Solaris, run java -verbose -classpath 
    [junit]            ${PTII}/lib/ptjacl.jar:${PTII}/lib/diva.jar:${PTII}
    [junit]            tcl.lang.Shell xxx.tcl
    [junit]     If you get a 'X connection to xxx:11.0 broken' message, then
    [junit]     see $PTII/ptolemy/moml/filter/RemoveGraphicalClasses.java
    [junit]     Or, under Solaris, run java -verbose -classpath 
    [junit]            ${PTII}/lib/ptjacl.jar:${PTII}/lib/diva.jar:${PTII}
    [junit]            tcl.lang.Shell xxx.tcl
    [junit]     If you get a 'X connection to xxx:11.0 broken' message, then
    [junit]     see $PTII/ptolemy/moml/filter/RemoveGraphicalClasses.java
    [junit]     Or, under Solaris, run java -verbose -classpath 
    [junit]            ${PTII}/lib/ptjacl.jar:${PTII}/lib/diva.jar:${PTII}
    [junit]            tcl.lang.Shell xxx.tcl
    [junit] 16 ms. Memory: 146944K Free: 85007K (58%)
    [junit]     If you get a 'X connection to xxx:11.0 broken' message, then
    [junit]     see $PTII/ptolemy/moml/filter/RemoveGraphicalClasses.java
    [junit]     Or, under Solaris, run java -verbose -classpath 
    [junit]            ${PTII}/lib/ptjacl.jar:${PTII}/lib/diva.jar:${PTII}
    [junit]            tcl.lang.Shell xxx.tcl
    [junit] 45 ms. Memory: 146944K Free: 140272K (95%)
    [junit] /home/travis/build/icyphy/ptII/ptolemy/moml/filter/test/RemoveGraphicalClassesApplication.tcl
    [junit] 04/20/18 01:18:21
    [junit] Failed: 0  Total Tests: 57  ((Passed: 56, Newly Passed: 0)  Known Failed: 1) /home/travis/build/icyphy/ptII/ptolemy/moml/filter/test
    [junit] No auto/knownFailedTests/*.xml tests in /home/travis/build/icyphy/ptII/ptolemy/moml/filter/test
    [junit] No auto/*.xml tests in /home/travis/build/icyphy/ptII/ptolemy/moml/filter/test
    [junit] AutoTests.java: About to close Vertx.
    [junit] AutoTests.java: Vertx closed.
    [junit] ----------------- testing Fri Apr 20 01:18:21 UTC 2018 /home/travis/build/icyphy/ptII/ptolemy/moml/filter/test/auto/TimeGap.xml
    [junit] 28 ms. Memory: 146944K Free: 105352K (72%)
    [junit] reloadAllAccessors: .TimeGap
    [junit] ----------------- testing Fri Apr 20 01:18:21 UTC 2018 /home/travis/build/icyphy/ptII/ptolemy/moml/filter/test/auto/VariableDelay.xml
    [junit] 2 ms. Memory: 146944K Free: 103705K (71%)
    [junit] reloadAllAccessors: .
    [junit] ----------------- testing Fri Apr 20 01:18:21 UTC 2018 /home/travis/build/icyphy/ptII/ptolemy/moml/filter/test/auto/expression.xml
    [junit] 3 ms. Memory: 146944K Free: 101625K (69%)
    [junit] reloadAllAccessors: .model
    [junit] ----------------- testing Fri Apr 20 01:18:21 UTC 2018 /home/travis/build/icyphy/ptII/ptolemy/moml/filter/test/auto/modulation2.xml
    [junit] 54 ms. Memory: 146944K Free: 86236K (59%)
    [junit] reloadAllAccessors: .modulation2
    [junit] AutoTests.java: About to close Vertx.
    [junit] AutoTests.java: Vertx closed.
    [junit] 
    [junit] Error: 
    [junit] Failed to process ptolemy.actor.lib.Sinewave
    [junit] java.lang.ClassNotFoundException: ptolemy.actor.lib.Sinewave
    [junit] Warning, failed to parse $CLASSPATH/NotAModel.xml
    [junit] java.io.IOException: Cannot find file 'NotAModel.xml' in classpath
    [junit] 	at ptolemy.util.FileUtilities.nameToURL(FileUtilities.java:638)
    [junit] 	at ptolemy.moml.filter.ActorIndex.generateActorIndex(ActorIndex.java:140)
    [junit] 	at ptolemy.moml.filter.ActorIndex.main(ActorIndex.java:290)
    [junit] 	at sun.reflect.NativeMethodAccessorImpl.invoke0(Native Method)
    [junit] 	at sun.reflect.NativeMethodAccessorImpl.invoke(NativeMethodAccessorImpl.java:62)
    [junit] 	at sun.reflect.DelegatingMethodAccessorImpl.invoke(DelegatingMethodAccessorImpl.java:43)
    [junit] 	at java.lang.reflect.Method.invoke(Method.java:498)
    [junit] 	at tcl.lang.reflect.PkgInvoker.invokeMethod(PkgInvoker.java:129)
    [junit] 	at tcl.lang.JavaInvoke.call(JavaInvoke.java:253)
    [junit] 	at tcl.lang.JavaInvoke.callStaticMethod(JavaInvoke.java:169)
    [junit] 	at tcl.lang.JavaCallCmd.cmdProc(JavaCallCmd.java:74)
    [junit] 	at tcl.lang.Parser.evalObjv(Parser.java:740)
    [junit] 	at tcl.lang.Parser.eval2(Parser.java:1138)
    [junit] 	at tcl.lang.Interp.eval(Interp.java:1782)
    [junit] 	at tcl.lang.Interp.eval(Interp.java:1841)
    [junit] 	at tcl.lang.UplevelCmd.cmdProc(UplevelCmd.java:93)
    [junit] 	at tcl.lang.AutoloadStub.cmdProc(Extension.java:144)
    [junit] 	at tcl.lang.Parser.evalObjv(Parser.java:740)
    [junit] 	at tcl.lang.Parser.eval2(Parser.java:1138)
    [junit] 	at tcl.lang.Interp.eval(Interp.java:1782)
    [junit] 	at tcl.lang.Interp.eval(Interp.java:1841)
    [junit] 	at tcl.lang.CatchCmd.cmdProc(CatchCmd.java:42)
    [junit] 	at tcl.lang.Parser.evalObjv(Parser.java:740)
    [junit] 	at tcl.lang.Parser.eval2(Parser.java:1138)
    [junit] 	at tcl.lang.Parser.evalTokens(Parser.java:930)
    [junit] 	at tcl.lang.Parser.eval2(Parser.java:1125)
    [junit] 	at tcl.lang.Procedure.cmdProc(Procedure.java:175)
    [junit] 	at tcl.lang.Parser.evalObjv(Parser.java:740)
    [junit] 	at tcl.lang.Parser.eval2(Parser.java:1138)
    [junit] 	at tcl.lang.Interp.eval(Interp.java:1782)
    [junit] 	at tcl.lang.Interp.evalFile(Interp.java:1880)
    [junit] 	at sun.reflect.NativeMethodAccessorImpl.invoke0(Native Method)
    [junit] 	at sun.reflect.NativeMethodAccessorImpl.invoke(NativeMethodAccessorImpl.java:62)
    [junit] 	at sun.reflect.DelegatingMethodAccessorImpl.invoke(DelegatingMethodAccessorImpl.java:43)
    [junit] 	at java.lang.reflect.Method.invoke(Method.java:498)
    [junit] 	at ptolemy.util.test.junit.TclTests.RunTclFile(TclTests.java:233)
    [junit] 	at sun.reflect.NativeMethodAccessorImpl.invoke0(Native Method)
    [junit] 	at sun.reflect.NativeMethodAccessorImpl.invoke(NativeMethodAccessorImpl.java:62)
    [junit] 	at sun.reflect.DelegatingMethodAccessorImpl.invoke(DelegatingMethodAccessorImpl.java:43)
    [junit] 	at java.lang.reflect.Method.invoke(Method.java:498)
    [junit] 	at org.junit.runners.model.FrameworkMethod$1.runReflectiveCall(FrameworkMethod.java:44)
    [junit] 	at org.junit.internal.runners.model.ReflectiveCallable.run(ReflectiveCallable.java:15)
    [junit] 	at org.junit.runners.model.FrameworkMethod.invokeExplosively(FrameworkMethod.java:41)
    [junit] 	at junitparams.internal.InvokeParameterisedMethod.evaluate(InvokeParameterisedMethod.java:102)
    [junit] 	at junitparams.internal.ParameterisedTestMethodRunner.runMethodInvoker(ParameterisedTestMethodRunner.java:47)
    [junit] 	at junitparams.internal.ParameterisedTestMethodRunner.runTestMethod(ParameterisedTestMethodRunner.java:41)
    [junit] 	at junitparams.internal.ParameterisedTestClassRunner.runParameterisedTest(ParameterisedTestClassRunner.java:143)
    [junit] 	at junitparams.JUnitParamsRunner.runChild(JUnitParamsRunner.java:237)
    [junit] 	at junitparams.JUnitParamsRunner.runChild(JUnitParamsRunner.java:215)
    [junit] 	at org.junit.runners.ParentRunner$3.run(ParentRunner.java:193)
    [junit] 	at org.junit.runners.ParentRunner$1.schedule(ParentRunner.java:52)
    [junit] 	at org.junit.runners.ParentRunner.runChildren(ParentRunner.java:191)
    [junit] 	at org.junit.runners.ParentRunner.access$000(ParentRunner.java:42)
    [junit] 	at org.junit.runners.ParentRunner$2.evaluate(ParentRunner.java:184)
    [junit] 	at org.junit.internal.runners.statements.RunAfters.evaluate(RunAfters.java:31)
    [junit] 	at org.junit.runners.ParentRunner.run(ParentRunner.java:236)
    [junit] 	at org.junit.runners.Suite.runChild(Suite.java:128)
    [junit] 	at org.junit.runners.Suite.runChild(Suite.java:24)
    [junit] 	at org.junit.runners.ParentRunner$3.run(ParentRunner.java:193)
    [junit] 	at org.junit.runners.ParentRunner$1.schedule(ParentRunner.java:52)
    [junit] 	at org.junit.runners.ParentRunner.runChildren(ParentRunner.java:191)
    [junit] 	at org.junit.runners.ParentRunner.access$000(ParentRunner.java:42)
    [junit] 	at org.junit.runners.ParentRunner$2.evaluate(ParentRunner.java:184)
    [junit] 	at org.junit.runners.ParentRunner.run(ParentRunner.java:236)
    [junit] 	at junit.framework.JUnit4TestAdapter.run(JUnit4TestAdapter.java:39)
    [junit] 	at org.apache.tools.ant.taskdefs.optional.junit.JUnitTestRunner.run(JUnitTestRunner.java:535)
    [junit] 	at org.apache.tools.ant.taskdefs.optional.junit.JUnitTestRunner.launch(JUnitTestRunner.java:1182)
    [junit] 	at org.apache.tools.ant.taskdefs.optional.junit.JUnitTestRunner.main(JUnitTestRunner.java:1033)
    [junit] 
    [junit] javachdir: directory = ptolemy/moml/test
    [junit] javachdir: pwd: /home/travis/build/icyphy/ptII/ptolemy/moml/test  Invoking with -Djava.net.preferIPv4Stack=true
    [junit] Running ptolemy.moml.test.junit.JUnitTclTest
    [junit] /home/travis/build/icyphy/ptII/ptolemy/moml/test/ConvertToLazy.tcl
    [junit] testDefs.tcl: setting time out to 9000 seconds at Fri Apr 20 01:18:22 UTC 2018
    [junit] 461 ms. Memory: 208384K Free: 125888K (60%)
    [junit] /home/travis/build/icyphy/ptII/ptolemy/moml/test/Documentation.tcl
    [junit] /home/travis/build/icyphy/ptII/ptolemy/moml/test/EntityLibrary.tcl
    [junit] This test will print an error message to stderr which can be ignored
    [junit] /home/travis/build/icyphy/ptII/ptolemy/moml/test/ImportAttribute.tcl
    [junit] /home/travis/build/icyphy/ptII/ptolemy/moml/test/LevelCrossingLinkTest.tcl
    [junit] 9 ms. Memory: 208384K Free: 102237K (49%)
    [junit] Failed to populate library.
    [junit] java.io.FileNotFoundException: ./EntityLibary.tcl (No such file or directory)
    [junit] 	at java.io.FileInputStream.open0(Native Method)
    [junit] 	at java.io.FileInputStream.open(FileInputStream.java:195)
    [junit] 	at java.io.FileInputStream.<init>(FileInputStream.java:138)
    [junit] 	at java.io.FileInputStream.<init>(FileInputStream.java:93)
    [junit] 	at sun.net.www.protocol.file.FileURLConnection.connect(FileURLConnection.java:90)
    [junit] 	at sun.net.www.protocol.file.FileURLConnection.getInputStream(FileURLConnection.java:188)
    [junit] 	at java.net.URL.openStream(URL.java:1045)
    [junit] 	at ptolemy.moml.MoMLParser.parse(MoMLParser.java:1522)
    [junit] 	at ptolemy.moml.EntityLibrary.populate(EntityLibrary.java:533)
    [junit] 	at ptolemy.moml.EntityLibrary.deepEntityList(EntityLibrary.java:349)
    [junit] 	at sun.reflect.NativeMethodAccessorImpl.invoke0(Native Method)
    [junit] 	at sun.reflect.NativeMethodAccessorImpl.invoke(NativeMethodAccessorImpl.java:62)
    [junit] 	at sun.reflect.DelegatingMethodAccessorImpl.invoke(DelegatingMethodAccessorImpl.java:43)
    [junit] 	at java.lang.reflect.Method.invoke(Method.java:498)
    [junit] 	at tcl.lang.reflect.PkgInvoker.invokeMethod(PkgInvoker.java:129)
    [junit] 	at tcl.lang.JavaInvoke.call(JavaInvoke.java:253)
    [junit] 	at tcl.lang.JavaInvoke.callMethod(JavaInvoke.java:116)
    [junit] 	at tcl.lang.ReflectObject.cmdProc(ReflectObject.java:727)
    [junit] 	at tcl.lang.Parser.evalObjv(Parser.java:740)
    [junit] 	at tcl.lang.Parser.eval2(Parser.java:1138)
    [junit] 	at tcl.lang.Parser.evalTokens(Parser.java:930)
    [junit] 	at tcl.lang.Parser.eval2(Parser.java:1125)
    [junit] 	at tcl.lang.Interp.eval(Interp.java:1782)
    [junit] 	at tcl.lang.Interp.eval(Interp.java:1841)
    [junit] 	at tcl.lang.CatchCmd.cmdProc(CatchCmd.java:42)
    [junit] 	at tcl.lang.Parser.evalObjv(Parser.java:740)
    [junit] 	at tcl.lang.Parser.eval2(Parser.java:1138)
    [junit] 	at tcl.lang.Interp.eval(Interp.java:1782)
    [junit] 	at tcl.lang.Interp.eval(Interp.java:1841)
    [junit] 	at tcl.lang.UplevelCmd.cmdProc(UplevelCmd.java:93)
    [junit] 	at tcl.lang.Parser.evalObjv(Parser.java:740)
    [junit] 	at tcl.lang.Parser.eval2(Parser.java:1138)
    [junit] 	at tcl.lang.Interp.eval(Interp.java:1782)
    [junit] 	at tcl.lang.Interp.eval(Interp.java:1841)
    [junit] 	at tcl.lang.CatchCmd.cmdProc(CatchCmd.java:42)
    [junit] 	at tcl.lang.Parser.evalObjv(Parser.java:740)
    [junit] 	at tcl.lang.Parser.eval2(Parser.java:1138)
    [junit] 	at tcl.lang.Parser.evalTokens(Parser.java:930)
    [junit] 	at tcl.lang.Parser.eval2(Parser.java:1125)
    [junit] 	at tcl.lang.Procedure.cmdProc(Procedure.java:175)
    [junit] 	at tcl.lang.Parser.evalObjv(Parser.java:740)
    [junit] 	at tcl.lang.Parser.eval2(Parser.java:1138)
    [junit] 	at tcl.lang.Interp.eval(Interp.java:1782)
    [junit] 	at tcl.lang.Interp.evalFile(Interp.java:1880)
    [junit] 	at sun.reflect.NativeMethodAccessorImpl.invoke0(Native Method)
    [junit] 	at sun.reflect.NativeMethodAccessorImpl.invoke(NativeMethodAccessorImpl.java:62)
    [junit] 	at sun.reflect.DelegatingMethodAccessorImpl.invoke(DelegatingMethodAccessorImpl.java:43)
    [junit] 	at java.lang.reflect.Method.invoke(Method.java:498)
    [junit] 	at ptolemy.util.test.junit.TclTests.RunTclFile(TclTests.java:233)
    [junit] 	at sun.reflect.NativeMethodAccessorImpl.invoke0(Native Method)
    [junit] 	at sun.reflect.NativeMethodAccessorImpl.invoke(NativeMethodAccessorImpl.java:62)
    [junit] 	at sun.reflect.DelegatingMethodAccessorImpl.invoke(DelegatingMethodAccessorImpl.java:43)
    [junit] 	at java.lang.reflect.Method.invoke(Method.java:498)
    [junit] 	at org.junit.runners.model.FrameworkMethod$1.runReflectiveCall(FrameworkMethod.java:44)
    [junit] 	at org.junit.internal.runners.model.ReflectiveCallable.run(ReflectiveCallable.java:15)
    [junit] 	at org.junit.runners.model.FrameworkMethod.invokeExplosively(FrameworkMethod.java:41)
    [junit] 	at junitparams.internal.InvokeParameterisedMethod.evaluate(InvokeParameterisedMethod.java:102)
    [junit] 	at junitparams.internal.ParameterisedTestMethodRunner.runMethodInvoker(ParameterisedTestMethodRunner.java:47)
    [junit] 	at junitparams.internal.ParameterisedTestMethodRunner.runTestMethod(ParameterisedTestMethodRunner.java:41)
    [junit] 	at junitparams.internal.ParameterisedTestClassRunner.runParameterisedTest(ParameterisedTestClassRunner.java:143)
    [junit] 	at junitparams.JUnitParamsRunner.runChild(JUnitParamsRunner.java:237)
    [junit] 	at junitparams.JUnitParamsRunner.runChild(JUnitParamsRunner.java:215)
    [junit] 	at org.junit.runners.ParentRunner$3.run(ParentRunner.java:193)
    [junit] 	at org.junit.runners.ParentRunner$1.schedule(ParentRunner.java:52)
    [junit] 	at org.junit.runners.ParentRunner.runChildren(ParentRunner.java:191)
    [junit] 	at org.junit.runners.ParentRunner.access$000(ParentRunner.java:42)
    [junit] 	at org.junit.runners.ParentRunner$2.evaluate(ParentRunner.java:184)
    [junit] 	at org.junit.internal.runners.statements.RunAfters.evaluate(RunAfters.java:31)
    [junit] 	at org.junit.runners.ParentRunner.run(ParentRunner.java:236)
    [junit] 	at org.junit.runners.Suite.runChild(Suite.java:128)
    [junit] 	at org.junit.runners.Suite.runChild(Suite.java:24)
    [junit] 	at org.junit.runners.ParentRunner$3.run(ParentRunner.java:193)
    [junit] 	at org.junit.runners.ParentRunner$1.schedule(ParentRunner.java:52)
    [junit] 	at org.junit.runners.ParentRunner.runChildren(ParentRunner.java:191)
    [junit] 	at org.junit.runners.ParentRunner.access$000(ParentRunner.java:42)
    [junit] 	at org.junit.runners.ParentRunner$2.evaluate(ParentRunner.java:184)
    [junit] 	at org.junit.runners.ParentRunner.run(ParentRunner.java:236)
    [junit] 	at junit.framework.JUnit4TestAdapter.run(JUnit4TestAdapter.java:39)
    [junit] 	at org.apache.tools.ant.taskdefs.optional.junit.JUnitTestRunner.run(JUnitTestRunner.java:535)
    [junit] 	at org.apache.tools.ant.taskdefs.optional.junit.JUnitTestRunner.launch(JUnitTestRunner.java:1182)
    [junit] 	at org.apache.tools.ant.taskdefs.optional.junit.JUnitTestRunner.main(JUnitTestRunner.java:1033)
    [junit] 4 ms. Memory: 208384K Free: 99804K (48%)
    [junit] 6 ms. Memory: 208384K Free: 99804K (48%)
    [junit] 7 ms. Memory: 208384K Free: 94940K (46%)
    [junit] /home/travis/build/icyphy/ptII/ptolemy/moml/test/LibraryAttribute.tcl
    [junit] /home/travis/build/icyphy/ptII/ptolemy/moml/test/LibraryBuilder.tcl
    [junit] /home/travis/build/icyphy/ptII/ptolemy/moml/test/Location.tcl
    [junit] /home/travis/build/icyphy/ptII/ptolemy/moml/test/MoMLAttribute.tcl
    [junit] /home/travis/build/icyphy/ptII/ptolemy/moml/test/MoMLChangeRequest.tcl
    [junit] 6 ms. Memory: 208384K Free: 87611K (42%)
    [junit] 
    [junit] 
    [junit] ==== $PTII/ptolemy/moml/test/MoMLChangeRequest.tcl: MoMLChangeRequest-4.1 Call two arg constructor (Originator, request)
    [junit] ==== Contents of test case:
    [junit] 
    [junit]     # Create a base model.
    [junit]     set parser [java::new ptolemy.moml.MoMLParser]
    [junit]     $parser reset
    [junit]     set toplevel4 [java::cast ptolemy.actor.CompositeActor  [$parser parse $baseModel4]]
    [junit]     set manager [java::new ptolemy.actor.Manager [$toplevel4 workspace] "w"]
    [junit]     $toplevel4 setManager $manager
    [junit] 
    [junit]     set change [java::new ptolemy.moml.MoMLChangeRequest  $toplevel4 $baseModel5]
    [junit]     
    [junit]     # NOTE: Request is filled immediately because the model is not running.
    [junit]     # Note that this call also ends up calling MoMLParser.getToplevel()
    [junit]     $manager requestChange $change
    [junit] 
    [junit]     $toplevel4 exportMoML
    [junit] 
    [junit] ==== Result was:
    [junit] <?xml version="1.0" standalone="no"?>
    [junit] <!DOCTYPE entity PUBLIC "-//UC Berkeley//DTD MoML 1//EN"
    [junit]     "http://ptolemy.eecs.berkeley.edu/xml/dtd/MoML_1.dtd">
    [junit] <entity name="top4" class="ptolemy.actor.TypedCompositeActor">
    [junit]     <property name="_createdBy" class="ptolemy.kernel.attributes.VersionAttribute" value="11.0.devel">
    [junit]     </property>
    [junit]     <property name="dir4" class="ptolemy.domains.sdf.kernel.SDFDirector">
    [junit]         <property name="iterations" class="ptolemy.data.expr.Parameter" value="4">
    [junit]         </property>
    [junit]     </property>
    [junit] </entity>
    [junit] 
    [junit] ---- KNOWN Failure, Result should have been:
    [junit] <?xml version="1.0" standalone="no"?>
    [junit] <!DOCTYPE entity PUBLIC "-//UC Berkeley//DTD MoML 1//EN"
    [junit]     "http://ptolemy.eecs.berkeley.edu/xml/dtd/MoML_1.dtd">
    [junit] <entity name="top5" class="ptolemy.actor.TypedCompositeActor">
    [junit]     <property name="_createdBy" class="ptolemy.kernel.attributes.VersionAttribute" value="2.1-devel-2">
    [junit]     </property>
    [junit]     <property name="dir5" class="ptolemy.domains.sdf.kernel.SDFDirector">
    [junit]         <property name="Scheduler" class="ptolemy.domains.sdf.kernel.SDFScheduler">
    [junit]         </property>
    [junit]         <property name="allowDisconnectedGraphs" class="ptolemy.data.expr.Parameter" value="false">
    [junit]         </property>
    [junit]         <property name="allowRateChanges" class="ptolemy.data.expr.Parameter" value="false">
    [junit]         </property>
    [junit]         <property name="iterations" class="ptolemy.data.expr.Parameter" value="5">
    [junit]         </property>
    [junit]         <property name="vectorizationFactor" class="ptolemy.data.expr.Parameter" value="1">
    [junit]         </property>
    [junit]     </property>
    [junit] </entity>
    [junit] 
    [junit] ---- MoMLChangeRequest-4.1 Failed, but this is a KNOWN failure
    [junit] Warning: Missing Classes: ptolemy.actor.lib.XXX
    [junit] /home/travis/build/icyphy/ptII/ptolemy/moml/test/MoMLCommandLineApplication.tcl
    [junit] /home/travis/build/icyphy/ptII/ptolemy/moml/test/MoMLParser.tcl
    [junit]     If you get a 'X connection to xxx:11.0 broken' message, then
    [junit]     see $PTII/ptolemy/moml/filter/RemoveGraphicalClasses.java
    [junit]     Or, under Solaris, run java -verbose -classpath 
    [junit]            ${PTII}/lib/ptjacl.jar:${PTII}/lib/diva.jar:${PTII}
    [junit]            tcl.lang.Shell xxx.tcl
    [junit] 3 ms. Memory: 333824K Free: 208668K (63%)
    [junit] 2 ms. Memory: 333824K Free: 208668K (63%)
    [junit] 2 ms. Memory: 333824K Free: 208668K (63%)
    [junit] 3 ms. Memory: 333824K Free: 203796K (61%)
    [junit] 3 ms. Memory: 333824K Free: 203796K (61%)
    [junit] 3 ms. Memory: 333824K Free: 203796K (61%)
    [junit] 3 ms. Memory: 333824K Free: 203796K (61%)
    [junit] /home/travis/build/icyphy/ptII/ptolemy/moml/test/MoMLParserNoPackage.tcl
    [junit] /home/travis/build/icyphy/ptII/ptolemy/moml/test/MoMLUndoChangeRequest.tcl
    [junit] /home/travis/build/icyphy/ptII/ptolemy/moml/test/MoMLUndoEntry.tcl
    [junit] /home/travis/build/icyphy/ptII/ptolemy/moml/test/MoMLVariableChecker.tcl
    [junit] 25 ms. Memory: 334336K Free: 307553K (92%)
    [junit] /home/travis/build/icyphy/ptII/ptolemy/moml/test/ParserAttribute.tcl
    [junit] /home/travis/build/icyphy/ptII/ptolemy/moml/test/StreamErrorHandler.tcl
    [junit] /home/travis/build/icyphy/ptII/ptolemy/moml/test/UndoContext.tcl
    [junit] /home/travis/build/icyphy/ptII/ptolemy/moml/test/UndoDeleteEntity.tcl
    [junit] Warning: Missing Classes: ptolemy.moml.test.notAClass
    [junit] /home/travis/build/icyphy/ptII/ptolemy/moml/test/UndoDeletePort.tcl
    [junit] /home/travis/build/icyphy/ptII/ptolemy/moml/test/UndoDeleteProperty.tcl
    [junit] /home/travis/build/icyphy/ptII/ptolemy/moml/test/UndoDeleteRelation.tcl
    [junit] /home/travis/build/icyphy/ptII/ptolemy/moml/test/UndoDoc.tcl
    [junit] /home/travis/build/icyphy/ptII/ptolemy/moml/test/UndoEntity.tcl
    [junit] /home/travis/build/icyphy/ptII/ptolemy/moml/test/UndoLink.tcl
    [junit] /home/travis/build/icyphy/ptII/ptolemy/moml/test/UndoPort.tcl
    [junit] /home/travis/build/icyphy/ptII/ptolemy/moml/test/UndoProperty.tcl
    [junit] /home/travis/build/icyphy/ptII/ptolemy/moml/test/UndoRelation.tcl
    [junit] /home/travis/build/icyphy/ptII/ptolemy/moml/test/UndoRename.tcl
    [junit] /home/travis/build/icyphy/ptII/ptolemy/moml/test/UndoUnlink.tcl
    [junit] /home/travis/build/icyphy/ptII/ptolemy/moml/test/UndoVertex.tcl
    [junit] /home/travis/build/icyphy/ptII/ptolemy/moml/test/Vertex.tcl
    [junit] /home/travis/build/icyphy/ptII/ptolemy/moml/test/_aJVMBug.tcl
    [junit] /home/travis/build/icyphy/ptII/ptolemy/moml/test/parseMoML.tcl
    [junit] 04/20/18 01:18:30
    [junit] Failed: 0  Total Tests: 440  ((Passed: 439, Newly Passed: 0)  Known Failed: 1) /home/travis/build/icyphy/ptII/ptolemy/moml/test
    [junit] No auto/knownFailedTests/*.xml tests in /home/travis/build/icyphy/ptII/ptolemy/moml/test
    [junit] No auto/*.xml tests in /home/travis/build/icyphy/ptII/ptolemy/moml/test
    [junit] AutoTests.java: About to close Vertx.
    [junit] AutoTests.java: Vertx closed.
    [junit] No auto/*.xml tests in /home/travis/build/icyphy/ptII/ptolemy/moml/test
    [junit] AutoTests.java: About to close Vertx.
    [junit] AutoTests.java: Vertx closed.
    [junit] Tests run: 38, Failures: 0, Errors: 0, Skipped: 0, Time elapsed: 8.604 sec
    [junit] Output:
    [junit] /home/travis/build/icyphy/ptII/ptolemy/moml/test/ConvertToLazy.tcl
    [junit] testDefs.tcl: setting time out to 9000 seconds at Fri Apr 20 01:18:22 UTC 2018
    [junit] 461 ms. Memory: 208384K Free: 125888K (60%)
    [junit] /home/travis/build/icyphy/ptII/ptolemy/moml/test/Documentation.tcl
    [junit] /home/travis/build/icyphy/ptII/ptolemy/moml/test/EntityLibrary.tcl
    [junit] This test will print an error message to stderr which can be ignored
    [junit] /home/travis/build/icyphy/ptII/ptolemy/moml/test/ImportAttribute.tcl
    [junit] /home/travis/build/icyphy/ptII/ptolemy/moml/test/LevelCrossingLinkTest.tcl
    [junit] 9 ms. Memory: 208384K Free: 102237K (49%)
    [junit] 4 ms. Memory: 208384K Free: 99804K (48%)
    [junit] 6 ms. Memory: 208384K Free: 99804K (48%)
    [junit] 7 ms. Memory: 208384K Free: 94940K (46%)
    [junit] /home/travis/build/icyphy/ptII/ptolemy/moml/test/LibraryAttribute.tcl
    [junit] /home/travis/build/icyphy/ptII/ptolemy/moml/test/LibraryBuilder.tcl
    [junit] /home/travis/build/icyphy/ptII/ptolemy/moml/test/Location.tcl
    [junit] /home/travis/build/icyphy/ptII/ptolemy/moml/test/MoMLAttribute.tcl
    [junit] /home/travis/build/icyphy/ptII/ptolemy/moml/test/MoMLChangeRequest.tcl
    [junit] 6 ms. Memory: 208384K Free: 87611K (42%)
    [junit] 
    [junit] 
    [junit] ==== $PTII/ptolemy/moml/test/MoMLChangeRequest.tcl: MoMLChangeRequest-4.1 Call two arg constructor (Originator, request)
    [junit] ==== Contents of test case:
    [junit] 
    [junit]     # Create a base model.
    [junit]     set parser [java::new ptolemy.moml.MoMLParser]
    [junit]     $parser reset
    [junit]     set toplevel4 [java::cast ptolemy.actor.CompositeActor  [$parser parse $baseModel4]]
    [junit]     set manager [java::new ptolemy.actor.Manager [$toplevel4 workspace] "w"]
    [junit]     $toplevel4 setManager $manager
    [junit] 
    [junit]     set change [java::new ptolemy.moml.MoMLChangeRequest  $toplevel4 $baseModel5]
    [junit]     
    [junit]     # NOTE: Request is filled immediately because the model is not running.
    [junit]     # Note that this call also ends up calling MoMLParser.getToplevel()
    [junit]     $manager requestChange $change
    [junit] 
    [junit]     $toplevel4 exportMoML
    [junit] 
    [junit] ==== Result was:
    [junit] <?xml version="1.0" standalone="no"?>
    [junit] <!DOCTYPE entity PUBLIC "-//UC Berkeley//DTD MoML 1//EN"
    [junit]     "http://ptolemy.eecs.berkeley.edu/xml/dtd/MoML_1.dtd">
    [junit] <entity name="top4" class="ptolemy.actor.TypedCompositeActor">
    [junit]     <property name="_createdBy" class="ptolemy.kernel.attributes.VersionAttribute" value="11.0.devel">
    [junit]     </property>
    [junit]     <property name="dir4" class="ptolemy.domains.sdf.kernel.SDFDirector">
    [junit]         <property name="iterations" class="ptolemy.data.expr.Parameter" value="4">
    [junit]         </property>
    [junit]     </property>
    [junit] </entity>
    [junit] 
    [junit] ---- KNOWN Failure, Result should have been:
    [junit] <?xml version="1.0" standalone="no"?>
    [junit] <!DOCTYPE entity PUBLIC "-//UC Berkeley//DTD MoML 1//EN"
    [junit]     "http://ptolemy.eecs.berkeley.edu/xml/dtd/MoML_1.dtd">
    [junit] <entity name="top5" class="ptolemy.actor.TypedCompositeActor">
    [junit]     <property name="_createdBy" class="ptolemy.kernel.attributes.VersionAttribute" value="2.1-devel-2">
    [junit]     </property>
    [junit]     <property name="dir5" class="ptolemy.domains.sdf.kernel.SDFDirector">
    [junit]         <property name="Scheduler" class="ptolemy.domains.sdf.kernel.SDFScheduler">
    [junit]         </property>
    [junit]         <property name="allowDisconnectedGraphs" class="ptolemy.data.expr.Parameter" value="false">
    [junit]         </property>
    [junit]         <property name="allowRateChanges" class="ptolemy.data.expr.Parameter" value="false">
    [junit]         </property>
    [junit]         <property name="iterations" class="ptolemy.data.expr.Parameter" value="5">
    [junit]         </property>
    [junit]         <property name="vectorizationFactor" class="ptolemy.data.expr.Parameter" value="1">
    [junit]         </property>
    [junit]     </property>
    [junit] </entity>
    [junit] 
    [junit] ---- MoMLChangeRequest-4.1 Failed, but this is a KNOWN failure
    [junit] /home/travis/build/icyphy/ptII/ptolemy/moml/test/MoMLCommandLineApplication.tcl
    [junit] /home/travis/build/icyphy/ptII/ptolemy/moml/test/MoMLParser.tcl
    [junit]     If you get a 'X connection to xxx:11.0 broken' message, then
    [junit]     see $PTII/ptolemy/moml/filter/RemoveGraphicalClasses.java
    [junit]     Or, under Solaris, run java -verbose -classpath 
    [junit]            ${PTII}/lib/ptjacl.jar:${PTII}/lib/diva.jar:${PTII}
    [junit]            tcl.lang.Shell xxx.tcl
    [junit] 3 ms. Memory: 333824K Free: 208668K (63%)
    [junit] 2 ms. Memory: 333824K Free: 208668K (63%)
    [junit] 2 ms. Memory: 333824K Free: 208668K (63%)
    [junit] 3 ms. Memory: 333824K Free: 203796K (61%)
    [junit] 3 ms. Memory: 333824K Free: 203796K (61%)
    [junit] 3 ms. Memory: 333824K Free: 203796K (61%)
    [junit] 3 ms. Memory: 333824K Free: 203796K (61%)
    [junit] /home/travis/build/icyphy/ptII/ptolemy/moml/test/MoMLParserNoPackage.tcl
    [junit] /home/travis/build/icyphy/ptII/ptolemy/moml/test/MoMLUndoChangeRequest.tcl
    [junit] /home/travis/build/icyphy/ptII/ptolemy/moml/test/MoMLUndoEntry.tcl
    [junit] /home/travis/build/icyphy/ptII/ptolemy/moml/test/MoMLVariableChecker.tcl
    [junit] 25 ms. Memory: 334336K Free: 307553K (92%)
    [junit] /home/travis/build/icyphy/ptII/ptolemy/moml/test/ParserAttribute.tcl
    [junit] /home/travis/build/icyphy/ptII/ptolemy/moml/test/StreamErrorHandler.tcl
    [junit] /home/travis/build/icyphy/ptII/ptolemy/moml/test/UndoContext.tcl
    [junit] /home/travis/build/icyphy/ptII/ptolemy/moml/test/UndoDeleteEntity.tcl
    [junit] /home/travis/build/icyphy/ptII/ptolemy/moml/test/UndoDeletePort.tcl
    [junit] /home/travis/build/icyphy/ptII/ptolemy/moml/test/UndoDeleteProperty.tcl
    [junit] /home/travis/build/icyphy/ptII/ptolemy/moml/test/UndoDeleteRelation.tcl
    [junit] /home/travis/build/icyphy/ptII/ptolemy/moml/test/UndoDoc.tcl
    [junit] /home/travis/build/icyphy/ptII/ptolemy/moml/test/UndoEntity.tcl
    [junit] /home/travis/build/icyphy/ptII/ptolemy/moml/test/UndoLink.tcl
    [junit] /home/travis/build/icyphy/ptII/ptolemy/moml/test/UndoPort.tcl
    [junit] /home/travis/build/icyphy/ptII/ptolemy/moml/test/UndoProperty.tcl
    [junit] /home/travis/build/icyphy/ptII/ptolemy/moml/test/UndoRelation.tcl
    [junit] /home/travis/build/icyphy/ptII/ptolemy/moml/test/UndoRename.tcl
    [junit] /home/travis/build/icyphy/ptII/ptolemy/moml/test/UndoUnlink.tcl
    [junit] /home/travis/build/icyphy/ptII/ptolemy/moml/test/UndoVertex.tcl
    [junit] /home/travis/build/icyphy/ptII/ptolemy/moml/test/Vertex.tcl
    [junit] /home/travis/build/icyphy/ptII/ptolemy/moml/test/_aJVMBug.tcl
    [junit] /home/travis/build/icyphy/ptII/ptolemy/moml/test/parseMoML.tcl
    [junit] 04/20/18 01:18:30
    [junit] Failed: 0  Total Tests: 440  ((Passed: 439, Newly Passed: 0)  Known Failed: 1) /home/travis/build/icyphy/ptII/ptolemy/moml/test
    [junit] No auto/knownFailedTests/*.xml tests in /home/travis/build/icyphy/ptII/ptolemy/moml/test
    [junit] No auto/*.xml tests in /home/travis/build/icyphy/ptII/ptolemy/moml/test
    [junit] AutoTests.java: About to close Vertx.
    [junit] AutoTests.java: Vertx closed.
    [junit] No auto/*.xml tests in /home/travis/build/icyphy/ptII/ptolemy/moml/test
    [junit] AutoTests.java: About to close Vertx.
    [junit] AutoTests.java: Vertx closed.
    [junit] 
    [junit] Error: 
    [junit] Failed to populate library.
    [junit] java.io.FileNotFoundException: ./EntityLibary.tcl (No such file or directory)
    [junit] 	at java.io.FileInputStream.open0(Native Method)
    [junit] 	at java.io.FileInputStream.open(FileInputStream.java:195)
    [junit] 	at java.io.FileInputStream.<init>(FileInputStream.java:138)
    [junit] 	at java.io.FileInputStream.<init>(FileInputStream.java:93)
    [junit] 	at sun.net.www.protocol.file.FileURLConnection.connect(FileURLConnection.java:90)
    [junit] 	at sun.net.www.protocol.file.FileURLConnection.getInputStream(FileURLConnection.java:188)
    [junit] 	at java.net.URL.openStream(URL.java:1045)
    [junit] 	at ptolemy.moml.MoMLParser.parse(MoMLParser.java:1522)
    [junit] 	at ptolemy.moml.EntityLibrary.populate(EntityLibrary.java:533)
    [junit] 	at ptolemy.moml.EntityLibrary.deepEntityList(EntityLibrary.java:349)
    [junit] 	at sun.reflect.NativeMethodAccessorImpl.invoke0(Native Method)
    [junit] 	at sun.reflect.NativeMethodAccessorImpl.invoke(NativeMethodAccessorImpl.java:62)
    [junit] 	at sun.reflect.DelegatingMethodAccessorImpl.invoke(DelegatingMethodAccessorImpl.java:43)
    [junit] 	at java.lang.reflect.Method.invoke(Method.java:498)
    [junit] 	at tcl.lang.reflect.PkgInvoker.invokeMethod(PkgInvoker.java:129)
    [junit] 	at tcl.lang.JavaInvoke.call(JavaInvoke.java:253)
    [junit] 	at tcl.lang.JavaInvoke.callMethod(JavaInvoke.java:116)
    [junit] 	at tcl.lang.ReflectObject.cmdProc(ReflectObject.java:727)
    [junit] 	at tcl.lang.Parser.evalObjv(Parser.java:740)
    [junit] 	at tcl.lang.Parser.eval2(Parser.java:1138)
    [junit] 	at tcl.lang.Parser.evalTokens(Parser.java:930)
    [junit] 	at tcl.lang.Parser.eval2(Parser.java:1125)
    [junit] 	at tcl.lang.Interp.eval(Interp.java:1782)
    [junit] 	at tcl.lang.Interp.eval(Interp.java:1841)
    [junit] 	at tcl.lang.CatchCmd.cmdProc(CatchCmd.java:42)
    [junit] 	at tcl.lang.Parser.evalObjv(Parser.java:740)
    [junit] 	at tcl.lang.Parser.eval2(Parser.java:1138)
    [junit] 	at tcl.lang.Interp.eval(Interp.java:1782)
    [junit] 	at tcl.lang.Interp.eval(Interp.java:1841)
    [junit] 	at tcl.lang.UplevelCmd.cmdProc(UplevelCmd.java:93)
    [junit] 	at tcl.lang.Parser.evalObjv(Parser.java:740)
    [junit] 	at tcl.lang.Parser.eval2(Parser.java:1138)
    [junit] 	at tcl.lang.Interp.eval(Interp.java:1782)
    [junit] 	at tcl.lang.Interp.eval(Interp.java:1841)
    [junit] 	at tcl.lang.CatchCmd.cmdProc(CatchCmd.java:42)
    [junit] 	at tcl.lang.Parser.evalObjv(Parser.java:740)
    [junit] 	at tcl.lang.Parser.eval2(Parser.java:1138)
    [junit] 	at tcl.lang.Parser.evalTokens(Parser.java:930)
    [junit] 	at tcl.lang.Parser.eval2(Parser.java:1125)
    [junit] 	at tcl.lang.Procedure.cmdProc(Procedure.java:175)
    [junit] 	at tcl.lang.Parser.evalObjv(Parser.java:740)
    [junit] 	at tcl.lang.Parser.eval2(Parser.java:1138)
    [junit] 	at tcl.lang.Interp.eval(Interp.java:1782)
    [junit] 	at tcl.lang.Interp.evalFile(Interp.java:1880)
    [junit] 	at sun.reflect.NativeMethodAccessorImpl.invoke0(Native Method)
    [junit] 	at sun.reflect.NativeMethodAccessorImpl.invoke(NativeMethodAccessorImpl.java:62)
    [junit] 	at sun.reflect.DelegatingMethodAccessorImpl.invoke(DelegatingMethodAccessorImpl.java:43)
    [junit] 	at java.lang.reflect.Method.invoke(Method.java:498)
    [junit] 	at ptolemy.util.test.junit.TclTests.RunTclFile(TclTests.java:233)
    [junit] 	at sun.reflect.NativeMethodAccessorImpl.invoke0(Native Method)
    [junit] 	at sun.reflect.NativeMethodAccessorImpl.invoke(NativeMethodAccessorImpl.java:62)
    [junit] 	at sun.reflect.DelegatingMethodAccessorImpl.invoke(DelegatingMethodAccessorImpl.java:43)
    [junit] 	at java.lang.reflect.Method.invoke(Method.java:498)
    [junit] 	at org.junit.runners.model.FrameworkMethod$1.runReflectiveCall(FrameworkMethod.java:44)
    [junit] 	at org.junit.internal.runners.model.ReflectiveCallable.run(ReflectiveCallable.java:15)
    [junit] 	at org.junit.runners.model.FrameworkMethod.invokeExplosively(FrameworkMethod.java:41)
    [junit] 	at junitparams.internal.InvokeParameterisedMethod.evaluate(InvokeParameterisedMethod.java:102)
    [junit] 	at junitparams.internal.ParameterisedTestMethodRunner.runMethodInvoker(ParameterisedTestMethodRunner.java:47)
    [junit] 	at junitparams.internal.ParameterisedTestMethodRunner.runTestMethod(ParameterisedTestMethodRunner.java:41)
    [junit] 	at junitparams.internal.ParameterisedTestClassRunner.runParameterisedTest(ParameterisedTestClassRunner.java:143)
    [junit] 	at junitparams.JUnitParamsRunner.runChild(JUnitParamsRunner.java:237)
    [junit] 	at junitparams.JUnitParamsRunner.runChild(JUnitParamsRunner.java:215)
    [junit] 	at org.junit.runners.ParentRunner$3.run(ParentRunner.java:193)
    [junit] 	at org.junit.runners.ParentRunner$1.schedule(ParentRunner.java:52)
    [junit] 	at org.junit.runners.ParentRunner.runChildren(ParentRunner.java:191)
    [junit] 	at org.junit.runners.ParentRunner.access$000(ParentRunner.java:42)
    [junit] 	at org.junit.runners.ParentRunner$2.evaluate(ParentRunner.java:184)
    [junit] 	at org.junit.internal.runners.statements.RunAfters.evaluate(RunAfters.java:31)
    [junit] 	at org.junit.runners.ParentRunner.run(ParentRunner.java:236)
    [junit] 	at org.junit.runners.Suite.runChild(Suite.java:128)
    [junit] 	at org.junit.runners.Suite.runChild(Suite.java:24)
    [junit] 	at org.junit.runners.ParentRunner$3.run(ParentRunner.java:193)
    [junit] 	at org.junit.runners.ParentRunner$1.schedule(ParentRunner.java:52)
    [junit] 	at org.junit.runners.ParentRunner.runChildren(ParentRunner.java:191)
    [junit] 	at org.junit.runners.ParentRunner.access$000(ParentRunner.java:42)
    [junit] 	at org.junit.runners.ParentRunner$2.evaluate(ParentRunner.java:184)
    [junit] 	at org.junit.runners.ParentRunner.run(ParentRunner.java:236)
    [junit] 	at junit.framework.JUnit4TestAdapter.run(JUnit4TestAdapter.java:39)
    [junit] 	at org.apache.tools.ant.taskdefs.optional.junit.JUnitTestRunner.run(JUnitTestRunner.java:535)
    [junit] 	at org.apache.tools.ant.taskdefs.optional.junit.JUnitTestRunner.launch(JUnitTestRunner.java:1182)
    [junit] 	at org.apache.tools.ant.taskdefs.optional.junit.JUnitTestRunner.main(JUnitTestRunner.java:1033)
    [junit] Warning: Missing Classes: ptolemy.actor.lib.XXX
    [junit] Warning: Missing Classes: ptolemy.moml.test.notAClass
    [junit] 
    [junit] javachdir: directory = ptolemy/moml/unit/test
    [junit] javachdir: pwd: /home/travis/build/icyphy/ptII/ptolemy/moml/unit/test  Invoking with -Djava.net.preferIPv4Stack=true
    [junit] Running ptolemy.moml.unit.test.junit.JUnitTclTest
    [junit] /home/travis/build/icyphy/ptII/ptolemy/moml/unit/test/UParser.tcl
    [junit] testDefs.tcl: setting time out to 9000 seconds at Fri Apr 20 01:18:31 UTC 2018
    [junit] /home/travis/build/icyphy/ptII/ptolemy/moml/unit/test/Unit.tcl
    [junit] 04/20/18 01:18:32
    [junit] Failed: 0  Total Tests: 2  ((Passed: 2, Newly Passed: 0)  Known Failed: 0) /home/travis/build/icyphy/ptII/ptolemy/moml/unit/test
    [junit] No auto/knownFailedTests/*.xml tests in /home/travis/build/icyphy/ptII/ptolemy/moml/unit/test
    [junit] No auto/*.xml tests in /home/travis/build/icyphy/ptII/ptolemy/moml/unit/test
    [junit] AutoTests.java: About to close Vertx.
    [junit] AutoTests.java: Vertx closed.
    [junit] No auto/*.xml tests in /home/travis/build/icyphy/ptII/ptolemy/moml/unit/test
    [junit] AutoTests.java: About to close Vertx.
    [junit] AutoTests.java: Vertx closed.
    [junit] Tests run: 5, Failures: 0, Errors: 0, Skipped: 0, Time elapsed: 0.878 sec
    [junit] Output:
    [junit] /home/travis/build/icyphy/ptII/ptolemy/moml/unit/test/UParser.tcl
    [junit] testDefs.tcl: setting time out to 9000 seconds at Fri Apr 20 01:18:31 UTC 2018
    [junit] /home/travis/build/icyphy/ptII/ptolemy/moml/unit/test/Unit.tcl
    [junit] 04/20/18 01:18:32
    [junit] Failed: 0  Total Tests: 2  ((Passed: 2, Newly Passed: 0)  Known Failed: 0) /home/travis/build/icyphy/ptII/ptolemy/moml/unit/test
    [junit] No auto/knownFailedTests/*.xml tests in /home/travis/build/icyphy/ptII/ptolemy/moml/unit/test
    [junit] No auto/*.xml tests in /home/travis/build/icyphy/ptII/ptolemy/moml/unit/test
    [junit] AutoTests.java: About to close Vertx.
    [junit] AutoTests.java: Vertx closed.
    [junit] No auto/*.xml tests in /home/travis/build/icyphy/ptII/ptolemy/moml/unit/test
    [junit] AutoTests.java: About to close Vertx.
    [junit] AutoTests.java: Vertx closed.
    [junit] 
    [junit] javachdir: directory = ptolemy/util/test
    [junit] javachdir: pwd: /home/travis/build/icyphy/ptII/ptolemy/util/test  Invoking with -Djava.net.preferIPv4Stack=true
    [junit] Running ptolemy.util.test.junit.JUnitTclTest
    [junit] /home/travis/build/icyphy/ptII/ptolemy/util/test/CancelException.tcl
    [junit] testDefs.tcl: setting time out to 9000 seconds at Fri Apr 20 01:18:33 UTC 2018
    [junit] /home/travis/build/icyphy/ptII/ptolemy/util/test/ClassUtilities.tcl
    [junit] ClassUtilities-3.1: file:/home/travis/build/icyphy/ptII/ file:/home/travis/build/icyphy/ptII/
    [junit] /home/travis/build/icyphy/ptII/ptolemy/util/test/FileUtilities.tcl
    [junit] /home/travis/build/icyphy/ptII/ptolemy/util/test/MessageHandler.tcl
    [junit] /home/travis/build/icyphy/ptII/ptolemy/util/test/StreamExec.tcl
    [junit] sleeping 2 seconds: About to execute:
    [junit]     echo AtTop
    [junit] About to execute:
    [junit]     sleep 10
    [junit] AtTop
    [junit] All Done
    [junit] /home/travis/build/icyphy/ptII/ptolemy/util/test/StringUtilities.tcl
    [junit] # About to run "make test_policy SCRIPT=policy/userName.tcl"
    [junit] # About to run "make test_policy SCRIPT=policy/ptolemyPtIIDir.tcl"
    [junit] '/home/travis/build/icyphy/ptII' == '/home/travis/build/icyphy/ptII'
    [junit] 
    [junit] 
    [junit] ==== $PTII/ptolemy/util/test/StringUtilities.tcl: StringUtilities-3.8.3 getProperty: PTII includes cygdrive  
    [junit] ==== Contents of test case:
    [junit] 
    [junit]     set pathSeparator [java::call ptolemy.util.StringUtilities  getProperty path.separator]
    [junit] 
    [junit]     # We use exec here so that we get the message each time
    [junit]     catch {
    [junit] 	set results [exec -stderrok make test_cygdrive]
    [junit]     } errMsg
    [junit]     regsub -all {^make\[.*$\n*} $errMsg {} errMsg2
    [junit]     list $errMsg2
    [junit] 
    [junit] ==== Result was:
    [junit] {couldn't read file "ptolemy_ptII_dir.tcl"}
    [junit] ---- KNOWN Failure, Result should have been:
    [junit] {/cygdrive/c/ptII
    [junit] ptolemy.ptII.dir property = "/cygdrive/c/ptII", which contains "cygdrive". This is almost always an error under Cygwin that is occurs when one does PTII=`pwd`.  Instead, do PTII=c:/foo/ptII}
    [junit] ---- StringUtilities-3.8.3 Failed, but this is a KNOWN failure
    [junit] /home/travis/build/icyphy/ptII/ptolemy/util/test/XSLTUtilities.tcl
    [junit] 04/20/18 01:18:43
    [junit] Failed: 0  Total Tests: 98  ((Passed: 97, Newly Passed: 0)  Known Failed: 1) /home/travis/build/icyphy/ptII/ptolemy/util/test
    [junit] No auto/knownFailedTests/*.xml tests in /home/travis/build/icyphy/ptII/ptolemy/util/test
    [junit] No auto/*.xml tests in /home/travis/build/icyphy/ptII/ptolemy/util/test
    [junit] AutoTests.java: About to close Vertx.
    [junit] AutoTests.java: Vertx closed.
    [junit] No auto/*.xml tests in /home/travis/build/icyphy/ptII/ptolemy/util/test
    [junit] AutoTests.java: About to close Vertx.
    [junit] AutoTests.java: Vertx closed.
    [junit] Tests run: 10, Failures: 0, Errors: 0, Skipped: 0, Time elapsed: 10.103 sec
    [junit] Output:
    [junit] /home/travis/build/icyphy/ptII/ptolemy/util/test/CancelException.tcl
    [junit] testDefs.tcl: setting time out to 9000 seconds at Fri Apr 20 01:18:33 UTC 2018
    [junit] /home/travis/build/icyphy/ptII/ptolemy/util/test/ClassUtilities.tcl
    [junit] ClassUtilities-3.1: file:/home/travis/build/icyphy/ptII/ file:/home/travis/build/icyphy/ptII/
    [junit] /home/travis/build/icyphy/ptII/ptolemy/util/test/FileUtilities.tcl
    [junit] /home/travis/build/icyphy/ptII/ptolemy/util/test/MessageHandler.tcl
    [junit] /home/travis/build/icyphy/ptII/ptolemy/util/test/StreamExec.tcl
    [junit] sleeping 2 seconds: About to execute:
    [junit]     echo AtTop
    [junit] About to execute:
    [junit]     sleep 10
    [junit] AtTop
    [junit] All Done
    [junit] /home/travis/build/icyphy/ptII/ptolemy/util/test/StringUtilities.tcl
    [junit] # About to run "make test_policy SCRIPT=policy/userName.tcl"
    [junit] # About to run "make test_policy SCRIPT=policy/ptolemyPtIIDir.tcl"
    [junit] '/home/travis/build/icyphy/ptII' == '/home/travis/build/icyphy/ptII'
    [junit] 
    [junit] 
    [junit] ==== $PTII/ptolemy/util/test/StringUtilities.tcl: StringUtilities-3.8.3 getProperty: PTII includes cygdrive  
    [junit] ==== Contents of test case:
    [junit] 
    [junit]     set pathSeparator [java::call ptolemy.util.StringUtilities  getProperty path.separator]
    [junit] 
    [junit]     # We use exec here so that we get the message each time
    [junit]     catch {
    [junit] 	set results [exec -stderrok make test_cygdrive]
    [junit]     } errMsg
    [junit]     regsub -all {^make\[.*$\n*} $errMsg {} errMsg2
    [junit]     list $errMsg2
    [junit] 
    [junit] ==== Result was:
    [junit] {couldn't read file "ptolemy_ptII_dir.tcl"}
    [junit] ---- KNOWN Failure, Result should have been:
    [junit] {/cygdrive/c/ptII
    [junit] ptolemy.ptII.dir property = "/cygdrive/c/ptII", which contains "cygdrive". This is almost always an error under Cygwin that is occurs when one does PTII=`pwd`.  Instead, do PTII=c:/foo/ptII}
    [junit] ---- StringUtilities-3.8.3 Failed, but this is a KNOWN failure
    [junit] /home/travis/build/icyphy/ptII/ptolemy/util/test/XSLTUtilities.tcl
    [junit] 04/20/18 01:18:43
    [junit] Failed: 0  Total Tests: 98  ((Passed: 97, Newly Passed: 0)  Known Failed: 1) /home/travis/build/icyphy/ptII/ptolemy/util/test
    [junit] No auto/knownFailedTests/*.xml tests in /home/travis/build/icyphy/ptII/ptolemy/util/test
    [junit] No auto/*.xml tests in /home/travis/build/icyphy/ptII/ptolemy/util/test
    [junit] AutoTests.java: About to close Vertx.
    [junit] AutoTests.java: Vertx closed.
    [junit] No auto/*.xml tests in /home/travis/build/icyphy/ptII/ptolemy/util/test
    [junit] AutoTests.java: About to close Vertx.
    [junit] AutoTests.java: Vertx closed.
    [junit] 
    [junit] javachdir: directory = ptolemy/vergil/actor/lib/test
    [junit] javachdir: pwd: /home/travis/build/icyphy/ptII/ptolemy/vergil/actor/lib/test  Invoking with -Djava.net.preferIPv4Stack=true
    [junit] Running ptolemy.vergil.actor.lib.test.junit.JUnitTclTest
    [junit] No tcl tests in /home/travis/build/icyphy/ptII/ptolemy/vergil/actor/lib/test
    [junit] No auto/knownFailedTests/*.xml tests in /home/travis/build/icyphy/ptII/ptolemy/vergil/actor/lib/test
    [junit] No auto/*.xml tests in /home/travis/build/icyphy/ptII/ptolemy/vergil/actor/lib/test
    [junit] AutoTests.java: About to close Vertx.
    [junit] AutoTests.java: Vertx closed.
    [junit] ----------------- testing Fri Apr 20 01:18:44 UTC 2018 /home/travis/build/icyphy/ptII/ptolemy/vergil/actor/lib/test/auto/ModelReference.xml
    [junit] 6 ms. Memory: 116224K Free: 82438K (71%)
    [junit] 5 ms. Memory: 116224K Free: 81760K (70%)
    [junit] 13 ms. Memory: 116224K Free: 110842K (95%)
    [junit] 5 ms. Memory: 116224K Free: 109864K (95%)
    [junit] 12069 ms. Memory: 116224K Free: 109864K (95%)
    [junit] reloadAllAccessors: .ModelReference
    [junit] AutoTests.java: About to close Vertx.
    [junit] AutoTests.java: Vertx closed.
    [junit] Tests run: 4, Failures: 0, Errors: 0, Skipped: 0, Time elapsed: 12.879 sec
    [junit] Output:
    [junit] No tcl tests in /home/travis/build/icyphy/ptII/ptolemy/vergil/actor/lib/test
    [junit] No auto/knownFailedTests/*.xml tests in /home/travis/build/icyphy/ptII/ptolemy/vergil/actor/lib/test
    [junit] No auto/*.xml tests in /home/travis/build/icyphy/ptII/ptolemy/vergil/actor/lib/test
    [junit] AutoTests.java: About to close Vertx.
    [junit] AutoTests.java: Vertx closed.
    [junit] ----------------- testing Fri Apr 20 01:18:44 UTC 2018 /home/travis/build/icyphy/ptII/ptolemy/vergil/actor/lib/test/auto/ModelReference.xml
    [junit] 6 ms. Memory: 116224K Free: 82438K (71%)
    [junit] 5 ms. Memory: 116224K Free: 81760K (70%)
    [junit] 13 ms. Memory: 116224K Free: 110842K (95%)
    [junit] 5 ms. Memory: 116224K Free: 109864K (95%)
    [junit] 12069 ms. Memory: 116224K Free: 109864K (95%)
    [junit] reloadAllAccessors: .ModelReference
    [junit] AutoTests.java: About to close Vertx.
    [junit] AutoTests.java: Vertx closed.
    [junit] 
    [junit] javachdir: directory = ptolemy/vergil/basic/export/html/jsoup/test
    [junit] javachdir: pwd: /home/travis/build/icyphy/ptII/ptolemy/vergil/basic/export/html/jsoup/test  Invoking with -Djava.net.preferIPv4Stack=true
    [junit] Running ptolemy.vergil.basic.export.html.jsoup.test.junit.JUnitTclTest
    [junit] No tcl tests in /home/travis/build/icyphy/ptII/ptolemy/vergil/basic/export/html/jsoup/test
    [junit] No auto/knownFailedTests/*.xml tests in /home/travis/build/icyphy/ptII/ptolemy/vergil/basic/export/html/jsoup/test
    [junit] No auto/*.xml tests in /home/travis/build/icyphy/ptII/ptolemy/vergil/basic/export/html/jsoup/test
    [junit] AutoTests.java: About to close Vertx.
    [junit] AutoTests.java: Vertx closed.
    [junit] ----------------- testing Fri Apr 20 01:18:57 UTC 2018 /home/travis/build/icyphy/ptII/ptolemy/vergil/basic/export/html/jsoup/test/auto/HTMLPageAssembler.xml
    [junit] 102 ms. Memory: 146944K Free: 137540K (94%)
    [junit] reloadAllAccessors: .HTMLPageAssembler
    [junit] ----------------- testing Fri Apr 20 01:18:58 UTC 2018 /home/travis/build/icyphy/ptII/ptolemy/vergil/basic/export/html/jsoup/test/auto/HTMLPageAssemblerDivNotFound.xml
    [junit] 10 ms. Memory: 146944K Free: 132309K (90%)
    [junit] reloadAllAccessors: .HTMLPageAssemblerDivNotFound
    [junit] ----------------- testing Fri Apr 20 01:18:58 UTC 2018 /home/travis/build/icyphy/ptII/ptolemy/vergil/basic/export/html/jsoup/test/auto/HTMLPageAssemblerDuplicateID.xml
    [junit] 5 ms. Memory: 146944K Free: 128566K (87%)
    [junit] reloadAllAccessors: .HTMLPageAssemblerDuplicateID
    [junit] ----------------- testing Fri Apr 20 01:18:58 UTC 2018 /home/travis/build/icyphy/ptII/ptolemy/vergil/basic/export/html/jsoup/test/auto/HTMLPageAssemblerInputError.xml
    [junit] 10 ms. Memory: 146944K Free: 124840K (85%)
    [junit] reloadAllAccessors: .HTMLPageAssemblerInputError
    [junit] ----------------- testing Fri Apr 20 01:18:58 UTC 2018 /home/travis/build/icyphy/ptII/ptolemy/vergil/basic/export/html/jsoup/test/auto/HTMLPageAssemblerTemplateErrors.xml
    [junit] 4 ms. Memory: 146944K Free: 120969K (82%)
    [junit] reloadAllAccessors: .HTMLPageAssemblerTemplateErrors
    [junit] AutoTests.java: About to close Vertx.
    [junit] AutoTests.java: Vertx closed.
    [junit] Tests run: 8, Failures: 0, Errors: 0, Skipped: 0, Time elapsed: 0.829 sec
    [junit] Output:
    [junit] No tcl tests in /home/travis/build/icyphy/ptII/ptolemy/vergil/basic/export/html/jsoup/test
    [junit] No auto/knownFailedTests/*.xml tests in /home/travis/build/icyphy/ptII/ptolemy/vergil/basic/export/html/jsoup/test
    [junit] No auto/*.xml tests in /home/travis/build/icyphy/ptII/ptolemy/vergil/basic/export/html/jsoup/test
    [junit] AutoTests.java: About to close Vertx.
    [junit] AutoTests.java: Vertx closed.
    [junit] ----------------- testing Fri Apr 20 01:18:57 UTC 2018 /home/travis/build/icyphy/ptII/ptolemy/vergil/basic/export/html/jsoup/test/auto/HTMLPageAssembler.xml
    [junit] 102 ms. Memory: 146944K Free: 137540K (94%)
    [junit] reloadAllAccessors: .HTMLPageAssembler
    [junit] ----------------- testing Fri Apr 20 01:18:58 UTC 2018 /home/travis/build/icyphy/ptII/ptolemy/vergil/basic/export/html/jsoup/test/auto/HTMLPageAssemblerDivNotFound.xml
    [junit] 10 ms. Memory: 146944K Free: 132309K (90%)
    [junit] reloadAllAccessors: .HTMLPageAssemblerDivNotFound
    [junit] ----------------- testing Fri Apr 20 01:18:58 UTC 2018 /home/travis/build/icyphy/ptII/ptolemy/vergil/basic/export/html/jsoup/test/auto/HTMLPageAssemblerDuplicateID.xml
    [junit] 5 ms. Memory: 146944K Free: 128566K (87%)
    [junit] reloadAllAccessors: .HTMLPageAssemblerDuplicateID
    [junit] ----------------- testing Fri Apr 20 01:18:58 UTC 2018 /home/travis/build/icyphy/ptII/ptolemy/vergil/basic/export/html/jsoup/test/auto/HTMLPageAssemblerInputError.xml
    [junit] 10 ms. Memory: 146944K Free: 124840K (85%)
    [junit] reloadAllAccessors: .HTMLPageAssemblerInputError
    [junit] ----------------- testing Fri Apr 20 01:18:58 UTC 2018 /home/travis/build/icyphy/ptII/ptolemy/vergil/basic/export/html/jsoup/test/auto/HTMLPageAssemblerTemplateErrors.xml
    [junit] 4 ms. Memory: 146944K Free: 120969K (82%)
    [junit] reloadAllAccessors: .HTMLPageAssemblerTemplateErrors
    [junit] AutoTests.java: About to close Vertx.
    [junit] AutoTests.java: Vertx closed.
    [junit] 
    [junit] javachdir: directory = ptolemy/vergil/basic/export/html/test
    [junit] javachdir: pwd: /home/travis/build/icyphy/ptII/ptolemy/vergil/basic/export/html/test  Invoking with -Djava.net.preferIPv4Stack=true
    [junit] Running ptolemy.vergil.basic.export.html.test.junit.JUnitTclTest
    [junit] No tcl tests in /home/travis/build/icyphy/ptII/ptolemy/vergil/basic/export/html/test
    [junit] No auto/knownFailedTests/*.xml tests in /home/travis/build/icyphy/ptII/ptolemy/vergil/basic/export/html/test
    [junit] No auto/*.xml tests in /home/travis/build/icyphy/ptII/ptolemy/vergil/basic/export/html/test
    [junit] AutoTests.java: About to close Vertx.
    [junit] AutoTests.java: Vertx closed.
    [junit] No auto/*.xml tests in /home/travis/build/icyphy/ptII/ptolemy/vergil/basic/export/html/test
    [junit] AutoTests.java: About to close Vertx.
    [junit] AutoTests.java: Vertx closed.
    [junit] Tests run: 4, Failures: 0, Errors: 0, Skipped: 0, Time elapsed: 0.406 sec
    [junit] Output:
    [junit] No tcl tests in /home/travis/build/icyphy/ptII/ptolemy/vergil/basic/export/html/test
    [junit] No auto/knownFailedTests/*.xml tests in /home/travis/build/icyphy/ptII/ptolemy/vergil/basic/export/html/test
    [junit] No auto/*.xml tests in /home/travis/build/icyphy/ptII/ptolemy/vergil/basic/export/html/test
    [junit] AutoTests.java: About to close Vertx.
    [junit] AutoTests.java: Vertx closed.
    [junit] No auto/*.xml tests in /home/travis/build/icyphy/ptII/ptolemy/vergil/basic/export/html/test
    [junit] AutoTests.java: About to close Vertx.
    [junit] AutoTests.java: Vertx closed.
    [junit] 
    [junit] javachdir: directory = ptolemy/vergil/basic/export/test
    [junit] javachdir: pwd: /home/travis/build/icyphy/ptII/ptolemy/vergil/basic/export/test  Invoking with -Djava.net.preferIPv4Stack=true
    [junit] Running ptolemy.vergil.basic.export.test.junit.JUnitTclTest
    [junit] /home/travis/build/icyphy/ptII/ptolemy/vergil/basic/export/test/ExportModel.tcl
    [junit] testDefs.tcl: setting time out to 9000 seconds at Fri Apr 20 01:18:59 UTC 2018
    [junit] Exported /home/travis/build/icyphy/ptII/ptolemy/vergil/basic/export/test/modulation.gif
    [junit] /tmp/ExportModel8677674220920178760.png
    [junit] Exported /tmp/ExportModel8677674220920178760.png
    [junit] Exported modulation/index.html
    [junit] BrowserLauncher: UnsupportedOperation: file:/home/travis/build/icyphy/ptII/ptolemy/vergil/basic/export/test/modulation/index.html: java.lang.UnsupportedOperationException: The BROWSE action is not supported on the current platform!
    [junit] Xlib:  extension "RANDR" missing on display ":99.0".
    [junit] 04/20/18 01:20:15
    [junit] Failed: 0  Total Tests: 4  ((Passed: 4, Newly Passed: 0)  Known Failed: 0) /home/travis/build/icyphy/ptII/ptolemy/vergil/basic/export/test
    [junit] No auto/knownFailedTests/*.xml tests in /home/travis/build/icyphy/ptII/ptolemy/vergil/basic/export/test
    [junit] No auto/*.xml tests in /home/travis/build/icyphy/ptII/ptolemy/vergil/basic/export/test
    [junit] AutoTests.java: About to close Vertx.
    [junit] AutoTests.java: Vertx closed.
    [junit] No auto/*.xml tests in /home/travis/build/icyphy/ptII/ptolemy/vergil/basic/export/test
    [junit] AutoTests.java: About to close Vertx.
    [junit] AutoTests.java: Vertx closed.
    [junit] Tests run: 4, Failures: 0, Errors: 0, Skipped: 0, Time elapsed: 76.572 sec
    [junit] Output:
    [junit] /home/travis/build/icyphy/ptII/ptolemy/vergil/basic/export/test/ExportModel.tcl
    [junit] testDefs.tcl: setting time out to 9000 seconds at Fri Apr 20 01:18:59 UTC 2018
    [junit] Exported /home/travis/build/icyphy/ptII/ptolemy/vergil/basic/export/test/modulation.gif
    [junit] /tmp/ExportModel8677674220920178760.png
    [junit] Exported /tmp/ExportModel8677674220920178760.png
    [junit] Exported modulation/index.html
    [junit] BrowserLauncher: UnsupportedOperation: file:/home/travis/build/icyphy/ptII/ptolemy/vergil/basic/export/test/modulation/index.html: java.lang.UnsupportedOperationException: The BROWSE action is not supported on the current platform!
    [junit] 04/20/18 01:20:15
    [junit] Failed: 0  Total Tests: 4  ((Passed: 4, Newly Passed: 0)  Known Failed: 0) /home/travis/build/icyphy/ptII/ptolemy/vergil/basic/export/test
    [junit] No auto/knownFailedTests/*.xml tests in /home/travis/build/icyphy/ptII/ptolemy/vergil/basic/export/test
    [junit] No auto/*.xml tests in /home/travis/build/icyphy/ptII/ptolemy/vergil/basic/export/test
    [junit] AutoTests.java: About to close Vertx.
    [junit] AutoTests.java: Vertx closed.
    [junit] No auto/*.xml tests in /home/travis/build/icyphy/ptII/ptolemy/vergil/basic/export/test
    [junit] AutoTests.java: About to close Vertx.
    [junit] AutoTests.java: Vertx closed.
    [junit] 
    [junit] javachdir: directory = ptolemy/vergil/basic/imprt/g4ltl/test
    [junit] javachdir: pwd: /home/travis/build/icyphy/ptII/ptolemy/vergil/basic/imprt/g4ltl/test  Invoking with -Djava.net.preferIPv4Stack=true
    [junit] Running ptolemy.vergil.basic.imprt.g4ltl.test.junit.JUnitTclTest
    [junit] /home/travis/build/icyphy/ptII/ptolemy/vergil/basic/imprt/g4ltl/test/G4LTL.tcl
    [junit] testDefs.tcl: setting time out to 9000 seconds at Fri Apr 20 01:20:17 UTC 2018
    [junit] Rewritten as       : ( ( true ) U ( ( ( "req1" ) /\ ( ( false ) V ( ! ( "grant1" ) ) ) ) \/ ( ( ( "grant1" ) /\ ( "grant2" ) ) \/ ( ( "req2" ) /\ ( ( false ) V ( ! ( "grant2" ) ) ) ) ) ) )
    [junit] 
    [junit] ***********************
    [junit] 
    [junit] 
    [junit] Total elapsed time in execution of method formulaToBA() is : 11
    [junit] Total elapsed time in execution of method createGameArena() is : 0
    [junit] Total elapsed time in execution of method createReductionGraph() is: 3
    [junit] Total elapsed time in execution of method analyzeSafetyGame() is: 23
    [junit] 59 ms. Memory: 269824K Free: 242615K (90%)
    [junit] 
    [junit] 
    [junit] ==== $PTII/ptolemy/vergil/basic/imprt/g4ltl/test/G4LTL.tcl: G4LTL-2.1 Synthesize from ArbitorLTL.txt using CoBuechi and unrollSteps 1 and merge it into the ArbitorTest.xml
    [junit] ==== Contents of test case:
    [junit] 
    [junit]     $parser resetAll
    [junit]     set toplevel [java::cast ptolemy.actor.TypedCompositeActor [$parser parseFile ArbitorTest.xml]]
    [junit]     # Import using CoBuechi with unrollstep == 1
    [junit]     set result [generateMoML $PTII/ptolemy/vergil/basic/imprt/g4ltl/demo/Arbitor/ArbitorLTL.txt $toplevel 0 1]
    [junit] 
    [junit]     set request [java::new ptolemy.moml.MoMLChangeRequest $toplevel $toplevel {
    [junit]       <entity name=".ArbitorTest" class="ptolemy.actor.TypedCompositeActor">
    [junit] 	<entity name="model1" class="ptolemy.domains.modal.kernel.FSMActor">
    [junit]            <property name="seed" class="ptolemy.actor.parameters.SharedParameter" value="1L">
    [junit]            </property>
    [junit]            <property name="resetSeedOnEachRun" class="ptolemy.actor.parameters.SharedParameter" value="true">
    [junit]            </property>
    [junit]         </entity>
    [junit] 	<relation name="relation4" class="ptolemy.actor.TypedIORelation">
    [junit] 	</relation>
    [junit] 	<relation name="relation5" class="ptolemy.actor.TypedIORelation">
    [junit] 	</relation>
    [junit] 	<link port="model1.req1" relation="relation2"/>
    [junit] 	<link port="model1.req2" relation="relation"/>
    [junit] 	<link port="model1.grant1" relation="relation4"/>
    [junit] 	<link port="model1.grant2" relation="relation5"/>
    [junit] 	<link port="Grant1.input" relation="relation4"/>
    [junit] 	<link port="Grant2.input" relation="relation5"/>
    [junit]       </entity>
    [junit]     }]
    [junit]     set manager [java::new ptolemy.actor.Manager [$toplevel workspace] myManager]
    [junit]     $toplevel setManager $manager
    [junit]     $manager requestChange $request
    [junit]     #puts [$toplevel exportMoML]
    [junit]     createBasicModelErrorHandler $toplevel
    [junit]     $manager execute
    [junit]     # This should not fail
    [junit]     $manager execute
    [junit]     $manager execute
    [junit] 
    [junit] .... Test generated KNOWN error:
    [junit] Test fails in iteration 0.
    [junit] Value was: false. Should have been: true
    [junit]   in .ArbitorTest.Grant1
    [junit]     while executing
    [junit] ptolemy.kernel.util.IllegalActionException: Test fails in iteration 0.
    [junit] Value was: false. Should have been: true
    [junit]   in .ArbitorTest.Grant1
    [junit] 	at ptolemy.actor.lib.Test.fire(Test.java:268)
    [junit] 	at ptolemy.actor.AtomicActor.iterate(AtomicActor.java:512)
    [junit] 	at ptolemy.actor.sched.StaticSchedulingDirector.fire(StaticSchedulingDirector.java:216)
    [junit] 	at ptolemy.domains.sdf.kernel.SDFDirector.fire(SDFDirector.java:500)
    [junit] 	at ptolemy.actor.CompositeActor.fire(CompositeActor.java:455)
    [junit] 	at ptolemy.actor.Manager.iterate(Manager.java:851)
    [junit] 	at ptolemy.actor.Manager.execute(Manager.java:369)
    [junit] 	at sun.reflect.NativeMethodAccessorImpl.invoke0(Native Method)
    [junit] 	at sun.reflect.NativeMethodAccessorImpl.invoke(NativeMethodAccessorImpl.java:62)
    [junit] 	at sun.reflect.DelegatingMethodAccessorImpl.invoke(DelegatingMethodAccessorImpl.java:43)
    [junit] 	at java.lang.reflect.Method.invoke(Method.java:498)
    [junit] 	at tcl.lang.reflect.PkgInvoker.invokeMethod(PkgInvoker.java:129)
    [junit] 	at tcl.lang.JavaInvoke.call(JavaInvoke.java:253)
    [junit] 	at tcl.lang.JavaInvoke.callMethod(JavaInvoke.java:116)
    [junit] 	at tcl.lang.ReflectObject.cmdProc(ReflectObject.java:727)
    [junit] 	at tcl.lang.Parser.evalObjv(Parser.java:740)
    [junit] 	at tcl.lang.Parser.eval2(Parser.java:1138)
    [junit] 	at tcl.lang.Interp.eval(Interp.java:1782)
    [junit] 	at tcl.lang.Interp.eval(Interp.java:1841)
    [junit] 	at tcl.lang.UplevelCmd.cmdProc(UplevelCmd.java:93)
    [junit] 	at tcl.lang.Parser.evalObjv(Parser.java:740)
    [junit] 	at tcl.lang.Parser.eval2(Parser.java:1138)
    [junit] 	at tcl.lang.Interp.eval(Interp.java:1782)
    [junit] 	at tcl.lang.Interp.eval(Interp.java:1841)
    [junit] 	at tcl.lang.CatchCmd.cmdProc(CatchCmd.java:42)
    [junit] 	at tcl.lang.Parser.evalObjv(Parser.java:740)
    [junit] 	at tcl.lang.Parser.eval2(Parser.java:1138)
    [junit] 	at tcl.lang.Parser.evalTokens(Parser.java:930)
    [junit] 	at tcl.lang.Parser.eval2(Parser.java:1125)
    [junit] 	at tcl.lang.Procedure.cmdProc(Procedure.java:175)
    [junit] 	at tcl.lang.Parser.evalObjv(Parser.java:740)
    [junit] 	at tcl.lang.Parser.eval2(Parser.java:1138)
    [junit] 	at tcl.lang.Interp.eval(Interp.java:1782)
    [junit] 	at tcl.lang.Interp.evalFile(Interp.java:1880)
    [junit] 	at sun.reflect.NativeMethodAccessorImpl.invoke0(Native Method)
    [junit] 	at sun.reflect.NativeMethodAccessorImpl.invoke(NativeMethodAccessorImpl.java:62)
    [junit] 	at sun.reflect.DelegatingMethodAccessorImpl.invoke(DelegatingMethodAccessorImpl.java:43)
    [junit] 	at java.lang.reflect.Method.invoke(Method.java:498)
    [junit] 	at ptolemy.util.test.junit.TclTests.RunTclFile(TclTests.java:233)
    [junit] 	at sun.reflect.NativeMethodAccessorImpl.invoke0(Native Method)
    [junit] 	at sun.reflect.NativeMethodAccessorImpl.invoke(NativeMethodAccessorImpl.java:62)
    [junit] 	at sun.reflect.DelegatingMethodAccessorImpl.invoke(DelegatingMethodAccessorImpl.java:43)
    [junit] 	at java.lang.reflect.Method.invoke(Method.java:498)
    [junit] 	at org.junit.runners.model.FrameworkMethod$1.runReflectiveCall(FrameworkMethod.java:44)
    [junit] 	at org.junit.internal.runners.model.ReflectiveCallable.run(ReflectiveCallable.java:15)
    [junit] 	at org.junit.runners.model.FrameworkMethod.invokeExplosively(FrameworkMethod.java:41)
    [junit] 	at junitparams.internal.InvokeParameterisedMethod.evaluate(InvokeParameterisedMethod.java:102)
    [junit] 	at junitparams.internal.ParameterisedTestMethodRunner.runMethodInvoker(ParameterisedTestMethodRunner.java:47)
    [junit] 	at junitparams.internal.ParameterisedTestMethodRunner.runTestMethod(ParameterisedTestMethodRunner.java:41)
    [junit] 	at junitparams.internal.ParameterisedTestClassRunner.runParameterisedTest(ParameterisedTestClassRunner.java:143)
    [junit] 	at junitparams.JUnitParamsRunner.runChild(JUnitParamsRunner.java:237)
    [junit] 	at junitparams.JUnitParamsRunner.runChild(JUnitParamsRunner.java:215)
    [junit] 	at org.junit.runners.ParentRunner$3.run(ParentRunner.java:193)
    [junit] 	at org.junit.runners.ParentRunner$1.schedule(ParentRunner.java:52)
    [junit] 	at org.junit.runners.ParentRunner.runChildren(ParentRunner.java:191)
    [junit] 	at org.junit.runners.ParentRunner.access$000(ParentRunner.java:42)
    [junit] 	at org.junit.runners.ParentRunner$2.evaluate(ParentRunner.java:184)
    [junit] 	at org.junit.internal.runners.statements.RunAfters.evaluate(RunAfters.java:31)
    [junit] 	at org.junit.runners.ParentRunner.run(ParentRunner.java:236)
    [junit] 	at org.junit.runners.Suite.runChild(Suite.java:128)
    [junit] 	at org.junit.runners.Suite.runChild(Suite.java:24)
    [junit] 	at org.junit.runners.ParentRunner$3.run(ParentRunner.java:193)
    [junit] 	at org.junit.runners.ParentRunner$1.schedule(ParentRunner.java:52)
    [junit] 	at org.junit.runners.ParentRunner.runChildren(ParentRunner.java:191)
    [junit] 	at org.junit.runners.ParentRunner.access$000(ParentRunner.java:42)
    [junit] 	at org.junit.runners.ParentRunner$2.evaluate(ParentRunner.java:184)
    [junit] 	at org.junit.runners.ParentRunner.run(ParentRunner.java:236)
    [junit] 	at junit.framework.JUnit4TestAdapter.run(JUnit4TestAdapter.java:39)
    [junit] 	at org.apache.tools.ant.taskdefs.optional.junit.JUnitTestRunner.run(JUnitTestRunner.java:535)
    [junit] 	at org.apache.tools.ant.taskdefs.optional.junit.JUnitTestRunner.launch(JUnitTestRunner.java:1182)
    [junit] 	at org.apache.tools.ant.taskdefs.optional.junit.JUnitTestRunner.main(JUnitTestRunner.java:1033)
    [junit] 
    [junit]     while executing
    [junit] ptolemy.kernel.util.IllegalActionException: Test fails in iteration 0.
    [junit] Value was: false. Should have been: true
    [junit]   in .ArbitorTest.Grant1
    [junit]     while executing
    [junit] "$manager execute"
    [junit]     ("uplevel" body line 32)
    [junit]     invoked from within
    [junit] "uplevel $contents_of_test"
    [junit] Rewritten as       : ( ( true ) U ( ( ( "req1" ) /\ ( ( ! ( "grant1" ) ) /\ ( X ( ! ( "grant1" ) ) ) ) ) \/ ( ( ( "req2" ) /\ ( ( false ) V ( ! ( "grant2" ) ) ) ) \/ ( ( ( "req3" ) /\ ( ( false ) V ( ! ( "grant3" ) ) ) ) \/ ( ( ( "grant1" ) /\ ( "grant2" ) ) \/ ( ( ( "grant2" ) /\ ( "grant3" ) ) \/ ( ( "grant1" ) /\ ( "grant3" ) ) ) ) ) ) ) )
    [junit] 
    [junit] ***********************
    [junit] 
    [junit] 
    [junit] Total elapsed time in execution of method formulaToBA() is : 30
    [junit] Total elapsed time in execution of method createGameArena() is : 2
    [junit] Total elapsed time in execution of method createReductionGraph() is: 333
    [junit] Total elapsed time in execution of method analyzeSafetyGame() is: 132
    [junit] 24 ms. Memory: 441344K Free: 240913K (55%)
    [junit] 
    [junit] 
    [junit] ==== $PTII/ptolemy/vergil/basic/imprt/g4ltl/test/G4LTL.tcl: G4LTL-2.2 Synthesize from PriorityArbitorLTL.txt using CoBuechi and unrollSteps 3 and merge it into the PriorityArbitorTest.xml
    [junit] ==== Contents of test case:
    [junit] 
    [junit]     $parser resetAll
    [junit]     set toplevel [java::cast ptolemy.actor.TypedCompositeActor [$parser parseFile PriorityArbitorTest.xml]]
    [junit]     # Import using CoBuechi with unrollstep == 3
    [junit]     set result [generateMoML $PTII/ptolemy/vergil/basic/imprt/g4ltl/demo/PriorityArbitor/PriorityArbitorLTL.txt $toplevel 0 3]
    [junit] 
    [junit]     set request [java::new ptolemy.moml.MoMLChangeRequest $toplevel $toplevel {
    [junit]       <entity name=".PriorityArbitorTest" class="ptolemy.actor.TypedCompositeActor">
    [junit] 	<entity name="model1" class="ptolemy.domains.modal.kernel.FSMActor">
    [junit]            <property name="seed" class="ptolemy.actor.parameters.SharedParameter" value="1L">
    [junit]            </property>
    [junit]            <property name="resetSeedOnEachRun" class="ptolemy.actor.parameters.SharedParameter" value="true">
    [junit]            </property>
    [junit]         </entity>
    [junit] 	<relation name="relation0" class="ptolemy.actor.TypedIORelation">
    [junit] 	</relation>        
    [junit] 	<relation name="relation2" class="ptolemy.actor.TypedIORelation">
    [junit] 	</relation>
    [junit] 	<relation name="relation4" class="ptolemy.actor.TypedIORelation">
    [junit] 	</relation>
    [junit] 	<link port="model1.req1" relation="relation4"/>
    [junit] 	<link port="model1.req2" relation="relation"/>
    [junit] 	<link port="model1.req3" relation="relation2"/>
    [junit] 	<link port="model1.grant1" relation="relation5"/>
    [junit] 	<link port="model1.grant2" relation="relation6"/>
    [junit] 	<link port="model1.grant3" relation="relation7"/>
    [junit]       </entity>
    [junit]     }]
    [junit]     set manager [java::new ptolemy.actor.Manager [$toplevel workspace] myManager]
    [junit]     $toplevel setManager $manager
    [junit]     $manager requestChange $request
    [junit]     #puts [$toplevel exportMoML]
    [junit]     createBasicModelErrorHandler $toplevel
    [junit]     $manager execute
    [junit]     # This should not fail
    [junit]     $manager execute
    [junit]     $manager execute
    [junit] 
    [junit] .... Test generated KNOWN error:
    [junit] Test fails in iteration 0.
    [junit] Value was: false. Should have been: true
    [junit]   in .PriorityArbitorTest.Test5
    [junit]     while executing
    [junit] ptolemy.kernel.util.IllegalActionException: Test fails in iteration 0.
    [junit] Value was: false. Should have been: true
    [junit]   in .PriorityArbitorTest.Test5
    [junit] 	at ptolemy.actor.lib.Test.fire(Test.java:268)
    [junit] 	at ptolemy.actor.AtomicActor.iterate(AtomicActor.java:512)
    [junit] 	at ptolemy.actor.sched.StaticSchedulingDirector.fire(StaticSchedulingDirector.java:216)
    [junit] 	at ptolemy.domains.sdf.kernel.SDFDirector.fire(SDFDirector.java:500)
    [junit] 	at ptolemy.actor.CompositeActor.fire(CompositeActor.java:455)
    [junit] 	at ptolemy.actor.Manager.iterate(Manager.java:851)
    [junit] 	at ptolemy.actor.Manager.execute(Manager.java:369)
    [junit] 	at sun.reflect.NativeMethodAccessorImpl.invoke0(Native Method)
    [junit] 	at sun.reflect.NativeMethodAccessorImpl.invoke(NativeMethodAccessorImpl.java:62)
    [junit] 	at sun.reflect.DelegatingMethodAccessorImpl.invoke(DelegatingMethodAccessorImpl.java:43)
    [junit] 	at java.lang.reflect.Method.invoke(Method.java:498)
    [junit] 	at tcl.lang.reflect.PkgInvoker.invokeMethod(PkgInvoker.java:129)
    [junit] 	at tcl.lang.JavaInvoke.call(JavaInvoke.java:253)
    [junit] 	at tcl.lang.JavaInvoke.callMethod(JavaInvoke.java:116)
    [junit] 	at tcl.lang.ReflectObject.cmdProc(ReflectObject.java:727)
    [junit] 	at tcl.lang.Parser.evalObjv(Parser.java:740)
    [junit] 	at tcl.lang.Parser.eval2(Parser.java:1138)
    [junit] 	at tcl.lang.Interp.eval(Interp.java:1782)
    [junit] 	at tcl.lang.Interp.eval(Interp.java:1841)
    [junit] 	at tcl.lang.UplevelCmd.cmdProc(UplevelCmd.java:93)
    [junit] 	at tcl.lang.Parser.evalObjv(Parser.java:740)
    [junit] 	at tcl.lang.Parser.eval2(Parser.java:1138)
    [junit] 	at tcl.lang.Interp.eval(Interp.java:1782)
    [junit] 	at tcl.lang.Interp.eval(Interp.java:1841)
    [junit] 	at tcl.lang.CatchCmd.cmdProc(CatchCmd.java:42)
    [junit] 	at tcl.lang.Parser.evalObjv(Parser.java:740)
    [junit] 	at tcl.lang.Parser.eval2(Parser.java:1138)
    [junit] 	at tcl.lang.Parser.evalTokens(Parser.java:930)
    [junit] 	at tcl.lang.Parser.eval2(Parser.java:1125)
    [junit] 	at tcl.lang.Procedure.cmdProc(Procedure.java:175)
    [junit] 	at tcl.lang.Parser.evalObjv(Parser.java:740)
    [junit] 	at tcl.lang.Parser.eval2(Parser.java:1138)
    [junit] 	at tcl.lang.Interp.eval(Interp.java:1782)
    [junit] 	at tcl.lang.Interp.evalFile(Interp.java:1880)
    [junit] 	at sun.reflect.NativeMethodAccessorImpl.invoke0(Native Method)
    [junit] 	at sun.reflect.NativeMethodAccessorImpl.invoke(NativeMethodAccessorImpl.java:62)
    [junit] 	at sun.reflect.DelegatingMethodAccessorImpl.invoke(DelegatingMethodAccessorImpl.java:43)
    [junit] 	at java.lang.reflect.Method.invoke(Method.java:498)
    [junit] 	at ptolemy.util.test.junit.TclTests.RunTclFile(TclTests.java:233)
    [junit] 	at sun.reflect.NativeMethodAccessorImpl.invoke0(Native Method)
    [junit] 	at sun.reflect.NativeMethodAccessorImpl.invoke(NativeMethodAccessorImpl.java:62)
    [junit] 	at sun.reflect.DelegatingMethodAccessorImpl.invoke(DelegatingMethodAccessorImpl.java:43)
    [junit] 	at java.lang.reflect.Method.invoke(Method.java:498)
    [junit] 	at org.junit.runners.model.FrameworkMethod$1.runReflectiveCall(FrameworkMethod.java:44)
    [junit] 	at org.junit.internal.runners.model.ReflectiveCallable.run(ReflectiveCallable.java:15)
    [junit] 	at org.junit.runners.model.FrameworkMethod.invokeExplosively(FrameworkMethod.java:41)
    [junit] 	at junitparams.internal.InvokeParameterisedMethod.evaluate(InvokeParameterisedMethod.java:102)
    [junit] 	at junitparams.internal.ParameterisedTestMethodRunner.runMethodInvoker(ParameterisedTestMethodRunner.java:47)
    [junit] 	at junitparams.internal.ParameterisedTestMethodRunner.runTestMethod(ParameterisedTestMethodRunner.java:41)
    [junit] 	at junitparams.internal.ParameterisedTestClassRunner.runParameterisedTest(ParameterisedTestClassRunner.java:143)
    [junit] 	at junitparams.JUnitParamsRunner.runChild(JUnitParamsRunner.java:237)
    [junit] 	at junitparams.JUnitParamsRunner.runChild(JUnitParamsRunner.java:215)
    [junit] 	at org.junit.runners.ParentRunner$3.run(ParentRunner.java:193)
    [junit] 	at org.junit.runners.ParentRunner$1.schedule(ParentRunner.java:52)
    [junit] 	at org.junit.runners.ParentRunner.runChildren(ParentRunner.java:191)
    [junit] 	at org.junit.runners.ParentRunner.access$000(ParentRunner.java:42)
    [junit] 	at org.junit.runners.ParentRunner$2.evaluate(ParentRunner.java:184)
    [junit] 	at org.junit.internal.runners.statements.RunAfters.evaluate(RunAfters.java:31)
    [junit] 	at org.junit.runners.ParentRunner.run(ParentRunner.java:236)
    [junit] 	at org.junit.runners.Suite.runChild(Suite.java:128)
    [junit] 	at org.junit.runners.Suite.runChild(Suite.java:24)
    [junit] 	at org.junit.runners.ParentRunner$3.run(ParentRunner.java:193)
    [junit] 	at org.junit.runners.ParentRunner$1.schedule(ParentRunner.java:52)
    [junit] 	at org.junit.runners.ParentRunner.runChildren(ParentRunner.java:191)
    [junit] 	at org.junit.runners.ParentRunner.access$000(ParentRunner.java:42)
    [junit] 	at org.junit.runners.ParentRunner$2.evaluate(ParentRunner.java:184)
    [junit] 	at org.junit.runners.ParentRunner.run(ParentRunner.java:236)
    [junit] 	at junit.framework.JUnit4TestAdapter.run(JUnit4TestAdapter.java:39)
    [junit] 	at org.apache.tools.ant.taskdefs.optional.junit.JUnitTestRunner.run(JUnitTestRunner.java:535)
    [junit] 	at org.apache.tools.ant.taskdefs.optional.junit.JUnitTestRunner.launch(JUnitTestRunner.java:1182)
    [junit] 	at org.apache.tools.ant.taskdefs.optional.junit.JUnitTestRunner.main(JUnitTestRunner.java:1033)
    [junit] 
    [junit]     while executing
    [junit] ptolemy.kernel.util.IllegalActionException: Test fails in iteration 0.
    [junit] Value was: false. Should have been: true
    [junit]   in .PriorityArbitorTest.Test5
    [junit]     while executing
    [junit] "$manager execute"
    [junit]     ("uplevel" body line 34)
    [junit]     invoked from within
    [junit] "uplevel $contents_of_test"
    [junit] Rewritten as       : ( ( ( false ) V ( ( true ) U ( "operator" ) ) ) /\ ( ( true ) U ( ( ( "error" ) /\ ( ( ! ( "stop" ) ) V ( ! ( "operator" ) ) ) ) \/ ( ( ( "stop" ) /\ ( ( "grant1" ) \/ ( "grant2" ) ) ) \/ ( ( ( "req1" ) /\ ( ( false ) V ( ! ( "grant1" ) ) ) ) \/ ( ( ( "grant1" ) /\ ( "grant2" ) ) \/ ( ( "req2" ) /\ ( ( false ) V ( ! ( "grant2" ) ) ) ) ) ) ) ) ) )
    [junit] 
    [junit] ***********************
    [junit] 
    [junit] 
    [junit] Total elapsed time in execution of method formulaToBA() is : 40
    [junit] Total elapsed time in execution of method createGameArena() is : 13
    [junit] Total elapsed time in execution of method createReductionGraph() is: 1608
    [junit] Total elapsed time in execution of method analyzeSafetyGame() is: 587
    [junit] 80 ms. Memory: 563712K Free: 349699K (62%)
    [junit] 
    [junit] 
    [junit] ==== $PTII/ptolemy/vergil/basic/imprt/g4ltl/test/G4LTL.tcl: G4LTL-2.3 Synthesize from ErrorHandlingLTL.txt using CoBuechi and unrollSteps 3 and merge it into the ErrorHandlingTest.xml
    [junit] ==== Contents of test case:
    [junit] 
    [junit]     $parser resetAll
    [junit]     set toplevel [java::cast ptolemy.actor.TypedCompositeActor [$parser parseFile ErrorHandlingTest.xml]]
    [junit]     # Import using CoBuechi with unrollstep == 3
    [junit]     set result [generateMoML $PTII/ptolemy/vergil/basic/imprt/g4ltl/demo/ErrorHandling/ErrorHandlingLTL.txt $toplevel 0 3]
    [junit] 
    [junit]     set request [java::new ptolemy.moml.MoMLChangeRequest $toplevel $toplevel {
    [junit]       <entity name=".ErrorHandlingTest" class="ptolemy.actor.TypedCompositeActor">
    [junit] 	<entity name="model1" class="ptolemy.domains.modal.kernel.FSMActor">
    [junit]            <property name="seed" class="ptolemy.actor.parameters.SharedParameter" value="1L">
    [junit]            </property>
    [junit]            <property name="resetSeedOnEachRun" class="ptolemy.actor.parameters.SharedParameter" value="true">
    [junit]            </property>
    [junit]         </entity>        
    [junit]     <relation name="relation16" class="ptolemy.actor.TypedIORelation">
    [junit]     </relation>
    [junit]     <relation name="relation17" class="ptolemy.actor.TypedIORelation">
    [junit]     </relation>
    [junit]     <relation name="relation18" class="ptolemy.actor.TypedIORelation">
    [junit]     </relation>
    [junit]     <relation name="relation19" class="ptolemy.actor.TypedIORelation">
    [junit]     </relation>
    [junit]     <link port="SetVariable.output" relation="relation16"/>
    [junit]     <link port="SetVariable2.output" relation="relation17"/>
    [junit]     <link port="SetVariable7.output" relation="relation18"/>  
    [junit]     <link port="SetVariable6.output" relation="relation19"/>
    [junit]     <link port="model1.error" relation="relation16"/>
    [junit]     <link port="model1.operator" relation="relation17"/>
    [junit]     <link port="model1.req1" relation="relation18"/>
    [junit]     <link port="model1.req2" relation="relation19"/>
    [junit]     <link port="model1.stop" relation="relation13"/>
    [junit]     <link port="model1.grant1" relation="relation9"/>
    [junit]     <link port="model1.grant2" relation="relation10"/>
    [junit]       </entity>
    [junit]     }]
    [junit]     set manager [java::new ptolemy.actor.Manager [$toplevel workspace] myManager]
    [junit]     $toplevel setManager $manager
    [junit]     $manager requestChange $request
    [junit]     #puts [$toplevel exportMoML]
    [junit]     createBasicModelErrorHandler $toplevel
    [junit]     $manager execute
    [junit]     # This should not fail
    [junit]     $manager execute
    [junit]     $manager execute
    [junit] 
    [junit] .... Test generated KNOWN error:
    [junit] Test fails in iteration 0.
    [junit] Value was: false. Should have been: true
    [junit]   in .ErrorHandlingTest.NonStrictTest2
    [junit]     while executing
    [junit] ptolemy.kernel.util.IllegalActionException: Test fails in iteration 0.
    [junit] Value was: false. Should have been: true
    [junit]   in .ErrorHandlingTest.NonStrictTest2
    [junit] 	at ptolemy.actor.lib.NonStrictTest.postfire(NonStrictTest.java:328)
    [junit] 	at ptolemy.actor.sched.FixedPointDirector._postfireActor(FixedPointDirector.java:1027)
    [junit] 	at ptolemy.actor.sched.FixedPointDirector.postfire(FixedPointDirector.java:520)
    [junit] 	at ptolemy.domains.sr.kernel.SRDirector.postfire(SRDirector.java:417)
    [junit] 	at ptolemy.actor.CompositeActor.postfire(CompositeActor.java:1668)
    [junit] 	at ptolemy.actor.Manager.iterate(Manager.java:852)
    [junit] 	at ptolemy.actor.Manager.execute(Manager.java:369)
    [junit] 	at sun.reflect.NativeMethodAccessorImpl.invoke0(Native Method)
    [junit] 	at sun.reflect.NativeMethodAccessorImpl.invoke(NativeMethodAccessorImpl.java:62)
    [junit] 	at sun.reflect.DelegatingMethodAccessorImpl.invoke(DelegatingMethodAccessorImpl.java:43)
    [junit] 	at java.lang.reflect.Method.invoke(Method.java:498)
    [junit] 	at tcl.lang.reflect.PkgInvoker.invokeMethod(PkgInvoker.java:129)
    [junit] 	at tcl.lang.JavaInvoke.call(JavaInvoke.java:253)
    [junit] 	at tcl.lang.JavaInvoke.callMethod(JavaInvoke.java:116)
    [junit] 	at tcl.lang.ReflectObject.cmdProc(ReflectObject.java:727)
    [junit] 	at tcl.lang.Parser.evalObjv(Parser.java:740)
    [junit] 	at tcl.lang.Parser.eval2(Parser.java:1138)
    [junit] 	at tcl.lang.Interp.eval(Interp.java:1782)
    [junit] 	at tcl.lang.Interp.eval(Interp.java:1841)
    [junit] 	at tcl.lang.UplevelCmd.cmdProc(UplevelCmd.java:93)
    [junit] 	at tcl.lang.Parser.evalObjv(Parser.java:740)
    [junit] 	at tcl.lang.Parser.eval2(Parser.java:1138)
    [junit] 	at tcl.lang.Interp.eval(Interp.java:1782)
    [junit] 	at tcl.lang.Interp.eval(Interp.java:1841)
    [junit] 	at tcl.lang.CatchCmd.cmdProc(CatchCmd.java:42)
    [junit] 	at tcl.lang.Parser.evalObjv(Parser.java:740)
    [junit] 	at tcl.lang.Parser.eval2(Parser.java:1138)
    [junit] 	at tcl.lang.Parser.evalTokens(Parser.java:930)
    [junit] 	at tcl.lang.Parser.eval2(Parser.java:1125)
    [junit] 	at tcl.lang.Procedure.cmdProc(Procedure.java:175)
    [junit] 	at tcl.lang.Parser.evalObjv(Parser.java:740)
    [junit] 	at tcl.lang.Parser.eval2(Parser.java:1138)
    [junit] 	at tcl.lang.Interp.eval(Interp.java:1782)
    [junit] 	at tcl.lang.Interp.evalFile(Interp.java:1880)
    [junit] 	at sun.reflect.NativeMethodAccessorImpl.invoke0(Native Method)
    [junit] 	at sun.reflect.NativeMethodAccessorImpl.invoke(NativeMethodAccessorImpl.java:62)
    [junit] 	at sun.reflect.DelegatingMethodAccessorImpl.invoke(DelegatingMethodAccessorImpl.java:43)
    [junit] 	at java.lang.reflect.Method.invoke(Method.java:498)
    [junit] 	at ptolemy.util.test.junit.TclTests.RunTclFile(TclTests.java:233)
    [junit] 	at sun.reflect.NativeMethodAccessorImpl.invoke0(Native Method)
    [junit] 	at sun.reflect.NativeMethodAccessorImpl.invoke(NativeMethodAccessorImpl.java:62)
    [junit] 	at sun.reflect.DelegatingMethodAccessorImpl.invoke(DelegatingMethodAccessorImpl.java:43)
    [junit] 	at java.lang.reflect.Method.invoke(Method.java:498)
    [junit] 	at org.junit.runners.model.FrameworkMethod$1.runReflectiveCall(FrameworkMethod.java:44)
    [junit] 	at org.junit.internal.runners.model.ReflectiveCallable.run(ReflectiveCallable.java:15)
    [junit] 	at org.junit.runners.model.FrameworkMethod.invokeExplosively(FrameworkMethod.java:41)
    [junit] 	at junitparams.internal.InvokeParameterisedMethod.evaluate(InvokeParameterisedMethod.java:102)
    [junit] 	at junitparams.internal.ParameterisedTestMethodRunner.runMethodInvoker(ParameterisedTestMethodRunner.java:47)
    [junit] 	at junitparams.internal.ParameterisedTestMethodRunner.runTestMethod(ParameterisedTestMethodRunner.java:41)
    [junit] 	at junitparams.internal.ParameterisedTestClassRunner.runParameterisedTest(ParameterisedTestClassRunner.java:143)
    [junit] 	at junitparams.JUnitParamsRunner.runChild(JUnitParamsRunner.java:237)
    [junit] 	at junitparams.JUnitParamsRunner.runChild(JUnitParamsRunner.java:215)
    [junit] 	at org.junit.runners.ParentRunner$3.run(ParentRunner.java:193)
    [junit] 	at org.junit.runners.ParentRunner$1.schedule(ParentRunner.java:52)
    [junit] 	at org.junit.runners.ParentRunner.runChildren(ParentRunner.java:191)
    [junit] 	at org.junit.runners.ParentRunner.access$000(ParentRunner.java:42)
    [junit] 	at org.junit.runners.ParentRunner$2.evaluate(ParentRunner.java:184)
    [junit] 	at org.junit.internal.runners.statements.RunAfters.evaluate(RunAfters.java:31)
    [junit] 	at org.junit.runners.ParentRunner.run(ParentRunner.java:236)
    [junit] 	at org.junit.runners.Suite.runChild(Suite.java:128)
    [junit] 	at org.junit.runners.Suite.runChild(Suite.java:24)
    [junit] 	at org.junit.runners.ParentRunner$3.run(ParentRunner.java:193)
    [junit] 	at org.junit.runners.ParentRunner$1.schedule(ParentRunner.java:52)
    [junit] 	at org.junit.runners.ParentRunner.runChildren(ParentRunner.java:191)
    [junit] 	at org.junit.runners.ParentRunner.access$000(ParentRunner.java:42)
    [junit] 	at org.junit.runners.ParentRunner$2.evaluate(ParentRunner.java:184)
    [junit] 	at org.junit.runners.ParentRunner.run(ParentRunner.java:236)
    [junit] 	at junit.framework.JUnit4TestAdapter.run(JUnit4TestAdapter.java:39)
    [junit] 	at org.apache.tools.ant.taskdefs.optional.junit.JUnitTestRunner.run(JUnitTestRunner.java:535)
    [junit] 	at org.apache.tools.ant.taskdefs.optional.junit.JUnitTestRunner.launch(JUnitTestRunner.java:1182)
    [junit] 	at org.apache.tools.ant.taskdefs.optional.junit.JUnitTestRunner.main(JUnitTestRunner.java:1033)
    [junit] 
    [junit]     while executing
    [junit] ptolemy.kernel.util.IllegalActionException: Test fails in iteration 0.
    [junit] Value was: false. Should have been: true
    [junit]   in .ErrorHandlingTest.NonStrictTest2
    [junit]     while executing
    [junit] "$manager execute"
    [junit]     ("uplevel" body line 41)
    [junit]     invoked from within
    [junit] "uplevel $contents_of_test"
    [junit] 04/20/18 01:20:25
    [junit] Failed: 0  Total Tests: 4  ((Passed: 1, Newly Passed: 0)  Known Failed: 3) /home/travis/build/icyphy/ptII/ptolemy/vergil/basic/imprt/g4ltl/test
    [junit] No auto/knownFailedTests/*.xml tests in /home/travis/build/icyphy/ptII/ptolemy/vergil/basic/imprt/g4ltl/test
    [junit] No auto/*.xml tests in /home/travis/build/icyphy/ptII/ptolemy/vergil/basic/imprt/g4ltl/test
    [junit] AutoTests.java: About to close Vertx.
    [junit] AutoTests.java: Vertx closed.
    [junit] No auto/*.xml tests in /home/travis/build/icyphy/ptII/ptolemy/vergil/basic/imprt/g4ltl/test
    [junit] AutoTests.java: About to close Vertx.
    [junit] AutoTests.java: Vertx closed.
    [junit] Tests run: 4, Failures: 0, Errors: 0, Skipped: 0, Time elapsed: 8.92 sec
    [junit] Output:
    [junit] /home/travis/build/icyphy/ptII/ptolemy/vergil/basic/imprt/g4ltl/test/G4LTL.tcl
    [junit] testDefs.tcl: setting time out to 9000 seconds at Fri Apr 20 01:20:17 UTC 2018
    [junit] Rewritten as       : ( ( true ) U ( ( ( "req1" ) /\ ( ( false ) V ( ! ( "grant1" ) ) ) ) \/ ( ( ( "grant1" ) /\ ( "grant2" ) ) \/ ( ( "req2" ) /\ ( ( false ) V ( ! ( "grant2" ) ) ) ) ) ) )
    [junit] 
    [junit] ***********************
    [junit] 
    [junit] 
    [junit] Total elapsed time in execution of method formulaToBA() is : 11
    [junit] Total elapsed time in execution of method createGameArena() is : 0
    [junit] Total elapsed time in execution of method createReductionGraph() is: 3
    [junit] Total elapsed time in execution of method analyzeSafetyGame() is: 23
    [junit] 59 ms. Memory: 269824K Free: 242615K (90%)
    [junit] 
    [junit] 
    [junit] ==== $PTII/ptolemy/vergil/basic/imprt/g4ltl/test/G4LTL.tcl: G4LTL-2.1 Synthesize from ArbitorLTL.txt using CoBuechi and unrollSteps 1 and merge it into the ArbitorTest.xml
    [junit] ==== Contents of test case:
    [junit] 
    [junit]     $parser resetAll
    [junit]     set toplevel [java::cast ptolemy.actor.TypedCompositeActor [$parser parseFile ArbitorTest.xml]]
    [junit]     # Import using CoBuechi with unrollstep == 1
    [junit]     set result [generateMoML $PTII/ptolemy/vergil/basic/imprt/g4ltl/demo/Arbitor/ArbitorLTL.txt $toplevel 0 1]
    [junit] 
    [junit]     set request [java::new ptolemy.moml.MoMLChangeRequest $toplevel $toplevel {
    [junit]       <entity name=".ArbitorTest" class="ptolemy.actor.TypedCompositeActor">
    [junit] 	<entity name="model1" class="ptolemy.domains.modal.kernel.FSMActor">
    [junit]            <property name="seed" class="ptolemy.actor.parameters.SharedParameter" value="1L">
    [junit]            </property>
    [junit]            <property name="resetSeedOnEachRun" class="ptolemy.actor.parameters.SharedParameter" value="true">
    [junit]            </property>
    [junit]         </entity>
    [junit] 	<relation name="relation4" class="ptolemy.actor.TypedIORelation">
    [junit] 	</relation>
    [junit] 	<relation name="relation5" class="ptolemy.actor.TypedIORelation">
    [junit] 	</relation>
    [junit] 	<link port="model1.req1" relation="relation2"/>
    [junit] 	<link port="model1.req2" relation="relation"/>
    [junit] 	<link port="model1.grant1" relation="relation4"/>
    [junit] 	<link port="model1.grant2" relation="relation5"/>
    [junit] 	<link port="Grant1.input" relation="relation4"/>
    [junit] 	<link port="Grant2.input" relation="relation5"/>
    [junit]       </entity>
    [junit]     }]
    [junit]     set manager [java::new ptolemy.actor.Manager [$toplevel workspace] myManager]
    [junit]     $toplevel setManager $manager
    [junit]     $manager requestChange $request
    [junit]     #puts [$toplevel exportMoML]
    [junit]     createBasicModelErrorHandler $toplevel
    [junit]     $manager execute
    [junit]     # This should not fail
    [junit]     $manager execute
    [junit]     $manager execute
    [junit] 
    [junit] .... Test generated KNOWN error:
    [junit] Test fails in iteration 0.
    [junit] Value was: false. Should have been: true
    [junit]   in .ArbitorTest.Grant1
    [junit]     while executing
    [junit] ptolemy.kernel.util.IllegalActionException: Test fails in iteration 0.
    [junit] Value was: false. Should have been: true
    [junit]   in .ArbitorTest.Grant1
    [junit] 	at ptolemy.actor.lib.Test.fire(Test.java:268)
    [junit] 	at ptolemy.actor.AtomicActor.iterate(AtomicActor.java:512)
    [junit] 	at ptolemy.actor.sched.StaticSchedulingDirector.fire(StaticSchedulingDirector.java:216)
    [junit] 	at ptolemy.domains.sdf.kernel.SDFDirector.fire(SDFDirector.java:500)
    [junit] 	at ptolemy.actor.CompositeActor.fire(CompositeActor.java:455)
    [junit] 	at ptolemy.actor.Manager.iterate(Manager.java:851)
    [junit] 	at ptolemy.actor.Manager.execute(Manager.java:369)
    [junit] 	at sun.reflect.NativeMethodAccessorImpl.invoke0(Native Method)
    [junit] 	at sun.reflect.NativeMethodAccessorImpl.invoke(NativeMethodAccessorImpl.java:62)
    [junit] 	at sun.reflect.DelegatingMethodAccessorImpl.invoke(DelegatingMethodAccessorImpl.java:43)
    [junit] 	at java.lang.reflect.Method.invoke(Method.java:498)
    [junit] 	at tcl.lang.reflect.PkgInvoker.invokeMethod(PkgInvoker.java:129)
    [junit] 	at tcl.lang.JavaInvoke.call(JavaInvoke.java:253)
    [junit] 	at tcl.lang.JavaInvoke.callMethod(JavaInvoke.java:116)
    [junit] 	at tcl.lang.ReflectObject.cmdProc(ReflectObject.java:727)
    [junit] 	at tcl.lang.Parser.evalObjv(Parser.java:740)
    [junit] 	at tcl.lang.Parser.eval2(Parser.java:1138)
    [junit] 	at tcl.lang.Interp.eval(Interp.java:1782)
    [junit] 	at tcl.lang.Interp.eval(Interp.java:1841)
    [junit] 	at tcl.lang.UplevelCmd.cmdProc(UplevelCmd.java:93)
    [junit] 	at tcl.lang.Parser.evalObjv(Parser.java:740)
    [junit] 	at tcl.lang.Parser.eval2(Parser.java:1138)
    [junit] 	at tcl.lang.Interp.eval(Interp.java:1782)
    [junit] 	at tcl.lang.Interp.eval(Interp.java:1841)
    [junit] 	at tcl.lang.CatchCmd.cmdProc(CatchCmd.java:42)
    [junit] 	at tcl.lang.Parser.evalObjv(Parser.java:740)
    [junit] 	at tcl.lang.Parser.eval2(Parser.java:1138)
    [junit] 	at tcl.lang.Parser.evalTokens(Parser.java:930)
    [junit] 	at tcl.lang.Parser.eval2(Parser.java:1125)
    [junit] 	at tcl.lang.Procedure.cmdProc(Procedure.java:175)
    [junit] 	at tcl.lang.Parser.evalObjv(Parser.java:740)
    [junit] 	at tcl.lang.Parser.eval2(Parser.java:1138)
    [junit] 	at tcl.lang.Interp.eval(Interp.java:1782)
    [junit] 	at tcl.lang.Interp.evalFile(Interp.java:1880)
    [junit] 	at sun.reflect.NativeMethodAccessorImpl.invoke0(Native Method)
    [junit] 	at sun.reflect.NativeMethodAccessorImpl.invoke(NativeMethodAccessorImpl.java:62)
    [junit] 	at sun.reflect.DelegatingMethodAccessorImpl.invoke(DelegatingMethodAccessorImpl.java:43)
    [junit] 	at java.lang.reflect.Method.invoke(Method.java:498)
    [junit] 	at ptolemy.util.test.junit.TclTests.RunTclFile(TclTests.java:233)
    [junit] 	at sun.reflect.NativeMethodAccessorImpl.invoke0(Native Method)
    [junit] 	at sun.reflect.NativeMethodAccessorImpl.invoke(NativeMethodAccessorImpl.java:62)
    [junit] 	at sun.reflect.DelegatingMethodAccessorImpl.invoke(DelegatingMethodAccessorImpl.java:43)
    [junit] 	at java.lang.reflect.Method.invoke(Method.java:498)
    [junit] 	at org.junit.runners.model.FrameworkMethod$1.runReflectiveCall(FrameworkMethod.java:44)
    [junit] 	at org.junit.internal.runners.model.ReflectiveCallable.run(ReflectiveCallable.java:15)
    [junit] 	at org.junit.runners.model.FrameworkMethod.invokeExplosively(FrameworkMethod.java:41)
    [junit] 	at junitparams.internal.InvokeParameterisedMethod.evaluate(InvokeParameterisedMethod.java:102)
    [junit] 	at junitparams.internal.ParameterisedTestMethodRunner.runMethodInvoker(ParameterisedTestMethodRunner.java:47)
    [junit] 	at junitparams.internal.ParameterisedTestMethodRunner.runTestMethod(ParameterisedTestMethodRunner.java:41)
    [junit] 	at junitparams.internal.ParameterisedTestClassRunner.runParameterisedTest(ParameterisedTestClassRunner.java:143)
    [junit] 	at junitparams.JUnitParamsRunner.runChild(JUnitParamsRunner.java:237)
    [junit] 	at junitparams.JUnitParamsRunner.runChild(JUnitParamsRunner.java:215)
    [junit] 	at org.junit.runners.ParentRunner$3.run(ParentRunner.java:193)
    [junit] 	at org.junit.runners.ParentRunner$1.schedule(ParentRunner.java:52)
    [junit] 	at org.junit.runners.ParentRunner.runChildren(ParentRunner.java:191)
    [junit] 	at org.junit.runners.ParentRunner.access$000(ParentRunner.java:42)
    [junit] 	at org.junit.runners.ParentRunner$2.evaluate(ParentRunner.java:184)
    [junit] 	at org.junit.internal.runners.statements.RunAfters.evaluate(RunAfters.java:31)
    [junit] 	at org.junit.runners.ParentRunner.run(ParentRunner.java:236)
    [junit] 	at org.junit.runners.Suite.runChild(Suite.java:128)
    [junit] 	at org.junit.runners.Suite.runChild(Suite.java:24)
    [junit] 	at org.junit.runners.ParentRunner$3.run(ParentRunner.java:193)
    [junit] 	at org.junit.runners.ParentRunner$1.schedule(ParentRunner.java:52)
    [junit] 	at org.junit.runners.ParentRunner.runChildren(ParentRunner.java:191)
    [junit] 	at org.junit.runners.ParentRunner.access$000(ParentRunner.java:42)
    [junit] 	at org.junit.runners.ParentRunner$2.evaluate(ParentRunner.java:184)
    [junit] 	at org.junit.runners.ParentRunner.run(ParentRunner.java:236)
    [junit] 	at junit.framework.JUnit4TestAdapter.run(JUnit4TestAdapter.java:39)
    [junit] 	at org.apache.tools.ant.taskdefs.optional.junit.JUnitTestRunner.run(JUnitTestRunner.java:535)
    [junit] 	at org.apache.tools.ant.taskdefs.optional.junit.JUnitTestRunner.launch(JUnitTestRunner.java:1182)
    [junit] 	at org.apache.tools.ant.taskdefs.optional.junit.JUnitTestRunner.main(JUnitTestRunner.java:1033)
    [junit] 
    [junit]     while executing
    [junit] ptolemy.kernel.util.IllegalActionException: Test fails in iteration 0.
    [junit] Value was: false. Should have been: true
    [junit]   in .ArbitorTest.Grant1
    [junit]     while executing
    [junit] "$manager execute"
    [junit]     ("uplevel" body line 32)
    [junit]     invoked from within
    [junit] "uplevel $contents_of_test"
    [junit] Rewritten as       : ( ( true ) U ( ( ( "req1" ) /\ ( ( ! ( "grant1" ) ) /\ ( X ( ! ( "grant1" ) ) ) ) ) \/ ( ( ( "req2" ) /\ ( ( false ) V ( ! ( "grant2" ) ) ) ) \/ ( ( ( "req3" ) /\ ( ( false ) V ( ! ( "grant3" ) ) ) ) \/ ( ( ( "grant1" ) /\ ( "grant2" ) ) \/ ( ( ( "grant2" ) /\ ( "grant3" ) ) \/ ( ( "grant1" ) /\ ( "grant3" ) ) ) ) ) ) ) )
    [junit] 
    [junit] ***********************
    [junit] 
    [junit] 
    [junit] Total elapsed time in execution of method formulaToBA() is : 30
    [junit] Total elapsed time in execution of method createGameArena() is : 2
    [junit] Total elapsed time in execution of method createReductionGraph() is: 333
    [junit] Total elapsed time in execution of method analyzeSafetyGame() is: 132
    [junit] 24 ms. Memory: 441344K Free: 240913K (55%)
    [junit] 
    [junit] 
    [junit] ==== $PTII/ptolemy/vergil/basic/imprt/g4ltl/test/G4LTL.tcl: G4LTL-2.2 Synthesize from PriorityArbitorLTL.txt using CoBuechi and unrollSteps 3 and merge it into the PriorityArbitorTest.xml
    [junit] ==== Contents of test case:
    [junit] 
    [junit]     $parser resetAll
    [junit]     set toplevel [java::cast ptolemy.actor.TypedCompositeActor [$parser parseFile PriorityArbitorTest.xml]]
    [junit]     # Import using CoBuechi with unrollstep == 3
    [junit]     set result [generateMoML $PTII/ptolemy/vergil/basic/imprt/g4ltl/demo/PriorityArbitor/PriorityArbitorLTL.txt $toplevel 0 3]
    [junit] 
    [junit]     set request [java::new ptolemy.moml.MoMLChangeRequest $toplevel $toplevel {
    [junit]       <entity name=".PriorityArbitorTest" class="ptolemy.actor.TypedCompositeActor">
    [junit] 	<entity name="model1" class="ptolemy.domains.modal.kernel.FSMActor">
    [junit]            <property name="seed" class="ptolemy.actor.parameters.SharedParameter" value="1L">
    [junit]            </property>
    [junit]            <property name="resetSeedOnEachRun" class="ptolemy.actor.parameters.SharedParameter" value="true">
    [junit]            </property>
    [junit]         </entity>
    [junit] 	<relation name="relation0" class="ptolemy.actor.TypedIORelation">
    [junit] 	</relation>        
    [junit] 	<relation name="relation2" class="ptolemy.actor.TypedIORelation">
    [junit] 	</relation>
    [junit] 	<relation name="relation4" class="ptolemy.actor.TypedIORelation">
    [junit] 	</relation>
    [junit] 	<link port="model1.req1" relation="relation4"/>
    [junit] 	<link port="model1.req2" relation="relation"/>
    [junit] 	<link port="model1.req3" relation="relation2"/>
    [junit] 	<link port="model1.grant1" relation="relation5"/>
    [junit] 	<link port="model1.grant2" relation="relation6"/>
    [junit] 	<link port="model1.grant3" relation="relation7"/>
    [junit]       </entity>
    [junit]     }]
    [junit]     set manager [java::new ptolemy.actor.Manager [$toplevel workspace] myManager]
    [junit]     $toplevel setManager $manager
    [junit]     $manager requestChange $request
    [junit]     #puts [$toplevel exportMoML]
    [junit]     createBasicModelErrorHandler $toplevel
    [junit]     $manager execute
    [junit]     # This should not fail
    [junit]     $manager execute
    [junit]     $manager execute
    [junit] 
    [junit] .... Test generated KNOWN error:
    [junit] Test fails in iteration 0.
    [junit] Value was: false. Should have been: true
    [junit]   in .PriorityArbitorTest.Test5
    [junit]     while executing
    [junit] ptolemy.kernel.util.IllegalActionException: Test fails in iteration 0.
    [junit] Value was: false. Should have been: true
    [junit]   in .PriorityArbitorTest.Test5
    [junit] 	at ptolemy.actor.lib.Test.fire(Test.java:268)
    [junit] 	at ptolemy.actor.AtomicActor.iterate(AtomicActor.java:512)
    [junit] 	at ptolemy.actor.sched.StaticSchedulingDirector.fire(StaticSchedulingDirector.java:216)
    [junit] 	at ptolemy.domains.sdf.kernel.SDFDirector.fire(SDFDirector.java:500)
    [junit] 	at ptolemy.actor.CompositeActor.fire(CompositeActor.java:455)
    [junit] 	at ptolemy.actor.Manager.iterate(Manager.java:851)
    [junit] 	at ptolemy.actor.Manager.execute(Manager.java:369)
    [junit] 	at sun.reflect.NativeMethodAccessorImpl.invoke0(Native Method)
    [junit] 	at sun.reflect.NativeMethodAccessorImpl.invoke(NativeMethodAccessorImpl.java:62)
    [junit] 	at sun.reflect.DelegatingMethodAccessorImpl.invoke(DelegatingMethodAccessorImpl.java:43)
    [junit] 	at java.lang.reflect.Method.invoke(Method.java:498)
    [junit] 	at tcl.lang.reflect.PkgInvoker.invokeMethod(PkgInvoker.java:129)
    [junit] 	at tcl.lang.JavaInvoke.call(JavaInvoke.java:253)
    [junit] 	at tcl.lang.JavaInvoke.callMethod(JavaInvoke.java:116)
    [junit] 	at tcl.lang.ReflectObject.cmdProc(ReflectObject.java:727)
    [junit] 	at tcl.lang.Parser.evalObjv(Parser.java:740)
    [junit] 	at tcl.lang.Parser.eval2(Parser.java:1138)
    [junit] 	at tcl.lang.Interp.eval(Interp.java:1782)
    [junit] 	at tcl.lang.Interp.eval(Interp.java:1841)
    [junit] 	at tcl.lang.UplevelCmd.cmdProc(UplevelCmd.java:93)
    [junit] 	at tcl.lang.Parser.evalObjv(Parser.java:740)
    [junit] 	at tcl.lang.Parser.eval2(Parser.java:1138)
    [junit] 	at tcl.lang.Interp.eval(Interp.java:1782)
    [junit] 	at tcl.lang.Interp.eval(Interp.java:1841)
    [junit] 	at tcl.lang.CatchCmd.cmdProc(CatchCmd.java:42)
    [junit] 	at tcl.lang.Parser.evalObjv(Parser.java:740)
    [junit] 	at tcl.lang.Parser.eval2(Parser.java:1138)
    [junit] 	at tcl.lang.Parser.evalTokens(Parser.java:930)
    [junit] 	at tcl.lang.Parser.eval2(Parser.java:1125)
    [junit] 	at tcl.lang.Procedure.cmdProc(Procedure.java:175)
    [junit] 	at tcl.lang.Parser.evalObjv(Parser.java:740)
    [junit] 	at tcl.lang.Parser.eval2(Parser.java:1138)
    [junit] 	at tcl.lang.Interp.eval(Interp.java:1782)
    [junit] 	at tcl.lang.Interp.evalFile(Interp.java:1880)
    [junit] 	at sun.reflect.NativeMethodAccessorImpl.invoke0(Native Method)
    [junit] 	at sun.reflect.NativeMethodAccessorImpl.invoke(NativeMethodAccessorImpl.java:62)
    [junit] 	at sun.reflect.DelegatingMethodAccessorImpl.invoke(DelegatingMethodAccessorImpl.java:43)
    [junit] 	at java.lang.reflect.Method.invoke(Method.java:498)
    [junit] 	at ptolemy.util.test.junit.TclTests.RunTclFile(TclTests.java:233)
    [junit] 	at sun.reflect.NativeMethodAccessorImpl.invoke0(Native Method)
    [junit] 	at sun.reflect.NativeMethodAccessorImpl.invoke(NativeMethodAccessorImpl.java:62)
    [junit] 	at sun.reflect.DelegatingMethodAccessorImpl.invoke(DelegatingMethodAccessorImpl.java:43)
    [junit] 	at java.lang.reflect.Method.invoke(Method.java:498)
    [junit] 	at org.junit.runners.model.FrameworkMethod$1.runReflectiveCall(FrameworkMethod.java:44)
    [junit] 	at org.junit.internal.runners.model.ReflectiveCallable.run(ReflectiveCallable.java:15)
    [junit] 	at org.junit.runners.model.FrameworkMethod.invokeExplosively(FrameworkMethod.java:41)
    [junit] 	at junitparams.internal.InvokeParameterisedMethod.evaluate(InvokeParameterisedMethod.java:102)
    [junit] 	at junitparams.internal.ParameterisedTestMethodRunner.runMethodInvoker(ParameterisedTestMethodRunner.java:47)
    [junit] 	at junitparams.internal.ParameterisedTestMethodRunner.runTestMethod(ParameterisedTestMethodRunner.java:41)
    [junit] 	at junitparams.internal.ParameterisedTestClassRunner.runParameterisedTest(ParameterisedTestClassRunner.java:143)
    [junit] 	at junitparams.JUnitParamsRunner.runChild(JUnitParamsRunner.java:237)
    [junit] 	at junitparams.JUnitParamsRunner.runChild(JUnitParamsRunner.java:215)
    [junit] 	at org.junit.runners.ParentRunner$3.run(ParentRunner.java:193)
    [junit] 	at org.junit.runners.ParentRunner$1.schedule(ParentRunner.java:52)
    [junit] 	at org.junit.runners.ParentRunner.runChildren(ParentRunner.java:191)
    [junit] 	at org.junit.runners.ParentRunner.access$000(ParentRunner.java:42)
    [junit] 	at org.junit.runners.ParentRunner$2.evaluate(ParentRunner.java:184)
    [junit] 	at org.junit.internal.runners.statements.RunAfters.evaluate(RunAfters.java:31)
    [junit] 	at org.junit.runners.ParentRunner.run(ParentRunner.java:236)
    [junit] 	at org.junit.runners.Suite.runChild(Suite.java:128)
    [junit] 	at org.junit.runners.Suite.runChild(Suite.java:24)
    [junit] 	at org.junit.runners.ParentRunner$3.run(ParentRunner.java:193)
    [junit] 	at org.junit.runners.ParentRunner$1.schedule(ParentRunner.java:52)
    [junit] 	at org.junit.runners.ParentRunner.runChildren(ParentRunner.java:191)
    [junit] 	at org.junit.runners.ParentRunner.access$000(ParentRunner.java:42)
    [junit] 	at org.junit.runners.ParentRunner$2.evaluate(ParentRunner.java:184)
    [junit] 	at org.junit.runners.ParentRunner.run(ParentRunner.java:236)
    [junit] 	at junit.framework.JUnit4TestAdapter.run(JUnit4TestAdapter.java:39)
    [junit] 	at org.apache.tools.ant.taskdefs.optional.junit.JUnitTestRunner.run(JUnitTestRunner.java:535)
    [junit] 	at org.apache.tools.ant.taskdefs.optional.junit.JUnitTestRunner.launch(JUnitTestRunner.java:1182)
    [junit] 	at org.apache.tools.ant.taskdefs.optional.junit.JUnitTestRunner.main(JUnitTestRunner.java:1033)
    [junit] 
    [junit]     while executing
    [junit] ptolemy.kernel.util.IllegalActionException: Test fails in iteration 0.
    [junit] Value was: false. Should have been: true
    [junit]   in .PriorityArbitorTest.Test5
    [junit]     while executing
    [junit] "$manager execute"
    [junit]     ("uplevel" body line 34)
    [junit]     invoked from within
    [junit] "uplevel $contents_of_test"
    [junit] Rewritten as       : ( ( ( false ) V ( ( true ) U ( "operator" ) ) ) /\ ( ( true ) U ( ( ( "error" ) /\ ( ( ! ( "stop" ) ) V ( ! ( "operator" ) ) ) ) \/ ( ( ( "stop" ) /\ ( ( "grant1" ) \/ ( "grant2" ) ) ) \/ ( ( ( "req1" ) /\ ( ( false ) V ( ! ( "grant1" ) ) ) ) \/ ( ( ( "grant1" ) /\ ( "grant2" ) ) \/ ( ( "req2" ) /\ ( ( false ) V ( ! ( "grant2" ) ) ) ) ) ) ) ) ) )
    [junit] 
    [junit] ***********************
    [junit] 
    [junit] 
    [junit] Total elapsed time in execution of method formulaToBA() is : 40
    [junit] Total elapsed time in execution of method createGameArena() is : 13
    [junit] Total elapsed time in execution of method createReductionGraph() is: 1608
    [junit] Total elapsed time in execution of method analyzeSafetyGame() is: 587
    [junit] 80 ms. Memory: 563712K Free: 349699K (62%)
    [junit] 
    [junit] 
    [junit] ==== $PTII/ptolemy/vergil/basic/imprt/g4ltl/test/G4LTL.tcl: G4LTL-2.3 Synthesize from ErrorHandlingLTL.txt using CoBuechi and unrollSteps 3 and merge it into the ErrorHandlingTest.xml
    [junit] ==== Contents of test case:
    [junit] 
    [junit]     $parser resetAll
    [junit]     set toplevel [java::cast ptolemy.actor.TypedCompositeActor [$parser parseFile ErrorHandlingTest.xml]]
    [junit]     # Import using CoBuechi with unrollstep == 3
    [junit]     set result [generateMoML $PTII/ptolemy/vergil/basic/imprt/g4ltl/demo/ErrorHandling/ErrorHandlingLTL.txt $toplevel 0 3]
    [junit] 
    [junit]     set request [java::new ptolemy.moml.MoMLChangeRequest $toplevel $toplevel {
    [junit]       <entity name=".ErrorHandlingTest" class="ptolemy.actor.TypedCompositeActor">
    [junit] 	<entity name="model1" class="ptolemy.domains.modal.kernel.FSMActor">
    [junit]            <property name="seed" class="ptolemy.actor.parameters.SharedParameter" value="1L">
    [junit]            </property>
    [junit]            <property name="resetSeedOnEachRun" class="ptolemy.actor.parameters.SharedParameter" value="true">
    [junit]            </property>
    [junit]         </entity>        
    [junit]     <relation name="relation16" class="ptolemy.actor.TypedIORelation">
    [junit]     </relation>
    [junit]     <relation name="relation17" class="ptolemy.actor.TypedIORelation">
    [junit]     </relation>
    [junit]     <relation name="relation18" class="ptolemy.actor.TypedIORelation">
    [junit]     </relation>
    [junit]     <relation name="relation19" class="ptolemy.actor.TypedIORelation">
    [junit]     </relation>
    [junit]     <link port="SetVariable.output" relation="relation16"/>
    [junit]     <link port="SetVariable2.output" relation="relation17"/>
    [junit]     <link port="SetVariable7.output" relation="relation18"/>  
    [junit]     <link port="SetVariable6.output" relation="relation19"/>
    [junit]     <link port="model1.error" relation="relation16"/>
    [junit]     <link port="model1.operator" relation="relation17"/>
    [junit]     <link port="model1.req1" relation="relation18"/>
    [junit]     <link port="model1.req2" relation="relation19"/>
    [junit]     <link port="model1.stop" relation="relation13"/>
    [junit]     <link port="model1.grant1" relation="relation9"/>
    [junit]     <link port="model1.grant2" relation="relation10"/>
    [junit]       </entity>
    [junit]     }]
    [junit]     set manager [java::new ptolemy.actor.Manager [$toplevel workspace] myManager]
    [junit]     $toplevel setManager $manager
    [junit]     $manager requestChange $request
    [junit]     #puts [$toplevel exportMoML]
    [junit]     createBasicModelErrorHandler $toplevel
    [junit]     $manager execute
    [junit]     # This should not fail
    [junit]     $manager execute
    [junit]     $manager execute
    [junit] 
    [junit] .... Test generated KNOWN error:
    [junit] Test fails in iteration 0.
    [junit] Value was: false. Should have been: true
    [junit]   in .ErrorHandlingTest.NonStrictTest2
    [junit]     while executing
    [junit] ptolemy.kernel.util.IllegalActionException: Test fails in iteration 0.
    [junit] Value was: false. Should have been: true
    [junit]   in .ErrorHandlingTest.NonStrictTest2
    [junit] 	at ptolemy.actor.lib.NonStrictTest.postfire(NonStrictTest.java:328)
    [junit] 	at ptolemy.actor.sched.FixedPointDirector._postfireActor(FixedPointDirector.java:1027)
    [junit] 	at ptolemy.actor.sched.FixedPointDirector.postfire(FixedPointDirector.java:520)
    [junit] 	at ptolemy.domains.sr.kernel.SRDirector.postfire(SRDirector.java:417)
    [junit] 	at ptolemy.actor.CompositeActor.postfire(CompositeActor.java:1668)
    [junit] 	at ptolemy.actor.Manager.iterate(Manager.java:852)
    [junit] 	at ptolemy.actor.Manager.execute(Manager.java:369)
    [junit] 	at sun.reflect.NativeMethodAccessorImpl.invoke0(Native Method)
    [junit] 	at sun.reflect.NativeMethodAccessorImpl.invoke(NativeMethodAccessorImpl.java:62)
    [junit] 	at sun.reflect.DelegatingMethodAccessorImpl.invoke(DelegatingMethodAccessorImpl.java:43)
    [junit] 	at java.lang.reflect.Method.invoke(Method.java:498)
    [junit] 	at tcl.lang.reflect.PkgInvoker.invokeMethod(PkgInvoker.java:129)
    [junit] 	at tcl.lang.JavaInvoke.call(JavaInvoke.java:253)
    [junit] 	at tcl.lang.JavaInvoke.callMethod(JavaInvoke.java:116)
    [junit] 	at tcl.lang.ReflectObject.cmdProc(ReflectObject.java:727)
    [junit] 	at tcl.lang.Parser.evalObjv(Parser.java:740)
    [junit] 	at tcl.lang.Parser.eval2(Parser.java:1138)
    [junit] 	at tcl.lang.Interp.eval(Interp.java:1782)
    [junit] 	at tcl.lang.Interp.eval(Interp.java:1841)
    [junit] 	at tcl.lang.UplevelCmd.cmdProc(UplevelCmd.java:93)
    [junit] 	at tcl.lang.Parser.evalObjv(Parser.java:740)
    [junit] 	at tcl.lang.Parser.eval2(Parser.java:1138)
    [junit] 	at tcl.lang.Interp.eval(Interp.java:1782)
    [junit] 	at tcl.lang.Interp.eval(Interp.java:1841)
    [junit] 	at tcl.lang.CatchCmd.cmdProc(CatchCmd.java:42)
    [junit] 	at tcl.lang.Parser.evalObjv(Parser.java:740)
    [junit] 	at tcl.lang.Parser.eval2(Parser.java:1138)
    [junit] 	at tcl.lang.Parser.evalTokens(Parser.java:930)
    [junit] 	at tcl.lang.Parser.eval2(Parser.java:1125)
    [junit] 	at tcl.lang.Procedure.cmdProc(Procedure.java:175)
    [junit] 	at tcl.lang.Parser.evalObjv(Parser.java:740)
    [junit] 	at tcl.lang.Parser.eval2(Parser.java:1138)
    [junit] 	at tcl.lang.Interp.eval(Interp.java:1782)
    [junit] 	at tcl.lang.Interp.evalFile(Interp.java:1880)
    [junit] 	at sun.reflect.NativeMethodAccessorImpl.invoke0(Native Method)
    [junit] 	at sun.reflect.NativeMethodAccessorImpl.invoke(NativeMethodAccessorImpl.java:62)
    [junit] 	at sun.reflect.DelegatingMethodAccessorImpl.invoke(DelegatingMethodAccessorImpl.java:43)
    [junit] 	at java.lang.reflect.Method.invoke(Method.java:498)
    [junit] 	at ptolemy.util.test.junit.TclTests.RunTclFile(TclTests.java:233)
    [junit] 	at sun.reflect.NativeMethodAccessorImpl.invoke0(Native Method)
    [junit] 	at sun.reflect.NativeMethodAccessorImpl.invoke(NativeMethodAccessorImpl.java:62)
    [junit] 	at sun.reflect.DelegatingMethodAccessorImpl.invoke(DelegatingMethodAccessorImpl.java:43)
    [junit] 	at java.lang.reflect.Method.invoke(Method.java:498)
    [junit] 	at org.junit.runners.model.FrameworkMethod$1.runReflectiveCall(FrameworkMethod.java:44)
    [junit] 	at org.junit.internal.runners.model.ReflectiveCallable.run(ReflectiveCallable.java:15)
    [junit] 	at org.junit.runners.model.FrameworkMethod.invokeExplosively(FrameworkMethod.java:41)
    [junit] 	at junitparams.internal.InvokeParameterisedMethod.evaluate(InvokeParameterisedMethod.java:102)
    [junit] 	at junitparams.internal.ParameterisedTestMethodRunner.runMethodInvoker(ParameterisedTestMethodRunner.java:47)
    [junit] 	at junitparams.internal.ParameterisedTestMethodRunner.runTestMethod(ParameterisedTestMethodRunner.java:41)
    [junit] 	at junitparams.internal.ParameterisedTestClassRunner.runParameterisedTest(ParameterisedTestClassRunner.java:143)
    [junit] 	at junitparams.JUnitParamsRunner.runChild(JUnitParamsRunner.java:237)
    [junit] 	at junitparams.JUnitParamsRunner.runChild(JUnitParamsRunner.java:215)
    [junit] 	at org.junit.runners.ParentRunner$3.run(ParentRunner.java:193)
    [junit] 	at org.junit.runners.ParentRunner$1.schedule(ParentRunner.java:52)
    [junit] 	at org.junit.runners.ParentRunner.runChildren(ParentRunner.java:191)
    [junit] 	at org.junit.runners.ParentRunner.access$000(ParentRunner.java:42)
    [junit] 	at org.junit.runners.ParentRunner$2.evaluate(ParentRunner.java:184)
    [junit] 	at org.junit.internal.runners.statements.RunAfters.evaluate(RunAfters.java:31)
    [junit] 	at org.junit.runners.ParentRunner.run(ParentRunner.java:236)
    [junit] 	at org.junit.runners.Suite.runChild(Suite.java:128)
    [junit] 	at org.junit.runners.Suite.runChild(Suite.java:24)
    [junit] 	at org.junit.runners.ParentRunner$3.run(ParentRunner.java:193)
    [junit] 	at org.junit.runners.ParentRunner$1.schedule(ParentRunner.java:52)
    [junit] 	at org.junit.runners.ParentRunner.runChildren(ParentRunner.java:191)
    [junit] 	at org.junit.runners.ParentRunner.access$000(ParentRunner.java:42)
    [junit] 	at org.junit.runners.ParentRunner$2.evaluate(ParentRunner.java:184)
    [junit] 	at org.junit.runners.ParentRunner.run(ParentRunner.java:236)
    [junit] 	at junit.framework.JUnit4TestAdapter.run(JUnit4TestAdapter.java:39)
    [junit] 	at org.apache.tools.ant.taskdefs.optional.junit.JUnitTestRunner.run(JUnitTestRunner.java:535)
    [junit] 	at org.apache.tools.ant.taskdefs.optional.junit.JUnitTestRunner.launch(JUnitTestRunner.java:1182)
    [junit] 	at org.apache.tools.ant.taskdefs.optional.junit.JUnitTestRunner.main(JUnitTestRunner.java:1033)
    [junit] 
    [junit]     while executing
    [junit] ptolemy.kernel.util.IllegalActionException: Test fails in iteration 0.
    [junit] Value was: false. Should have been: true
    [junit]   in .ErrorHandlingTest.NonStrictTest2
    [junit]     while executing
    [junit] "$manager execute"
    [junit]     ("uplevel" body line 41)
    [junit]     invoked from within
    [junit] "uplevel $contents_of_test"
    [junit] 04/20/18 01:20:25
    [junit] Failed: 0  Total Tests: 4  ((Passed: 1, Newly Passed: 0)  Known Failed: 3) /home/travis/build/icyphy/ptII/ptolemy/vergil/basic/imprt/g4ltl/test
    [junit] No auto/knownFailedTests/*.xml tests in /home/travis/build/icyphy/ptII/ptolemy/vergil/basic/imprt/g4ltl/test
    [junit] No auto/*.xml tests in /home/travis/build/icyphy/ptII/ptolemy/vergil/basic/imprt/g4ltl/test
    [junit] AutoTests.java: About to close Vertx.
    [junit] AutoTests.java: Vertx closed.
    [junit] No auto/*.xml tests in /home/travis/build/icyphy/ptII/ptolemy/vergil/basic/imprt/g4ltl/test
    [junit] AutoTests.java: About to close Vertx.
    [junit] AutoTests.java: Vertx closed.
    [junit] 
    [junit] javachdir: directory = ptolemy/vergil/basic/layout/kieler/test
    [junit] javachdir: pwd: /home/travis/build/icyphy/ptII/ptolemy/vergil/basic/layout/kieler/test  Invoking with -Djava.net.preferIPv4Stack=true
    [junit] Running ptolemy.vergil.basic.layout.kieler.test.junit.JUnitTclTest
    [junit] No tcl tests in /home/travis/build/icyphy/ptII/ptolemy/vergil/basic/layout/kieler/test
    [junit] No auto/knownFailedTests/*.xml tests in /home/travis/build/icyphy/ptII/ptolemy/vergil/basic/layout/kieler/test
    [junit] No auto/*.xml tests in /home/travis/build/icyphy/ptII/ptolemy/vergil/basic/layout/kieler/test
    [junit] AutoTests.java: About to close Vertx.
    [junit] AutoTests.java: Vertx closed.
    [junit] No auto/*.xml tests in /home/travis/build/icyphy/ptII/ptolemy/vergil/basic/layout/kieler/test
    [junit] AutoTests.java: About to close Vertx.
    [junit] AutoTests.java: Vertx closed.
    [junit] Tests run: 4, Failures: 0, Errors: 0, Skipped: 0, Time elapsed: 0.51 sec
    [junit] Output:
    [junit] No tcl tests in /home/travis/build/icyphy/ptII/ptolemy/vergil/basic/layout/kieler/test
    [junit] No auto/knownFailedTests/*.xml tests in /home/travis/build/icyphy/ptII/ptolemy/vergil/basic/layout/kieler/test
    [junit] No auto/*.xml tests in /home/travis/build/icyphy/ptII/ptolemy/vergil/basic/layout/kieler/test
    [junit] AutoTests.java: About to close Vertx.
    [junit] AutoTests.java: Vertx closed.
    [junit] No auto/*.xml tests in /home/travis/build/icyphy/ptII/ptolemy/vergil/basic/layout/kieler/test
    [junit] AutoTests.java: About to close Vertx.
    [junit] AutoTests.java: Vertx closed.
    [junit] 
    [junit] javachdir: directory = ptolemy/vergil/basic/test
    [junit] javachdir: pwd: /home/travis/build/icyphy/ptII/ptolemy/vergil/basic/test  Invoking with -Djava.net.preferIPv4Stack=true
    [junit] Running ptolemy.vergil.basic.test.junit.JUnitTclTest
    [junit] /home/travis/build/icyphy/ptII/ptolemy/vergil/basic/test/DocAttribute.tcl
    [junit] testDefs.tcl: setting time out to 9000 seconds at Fri Apr 20 01:20:28 UTC 2018
    [junit] /home/travis/build/icyphy/ptII/ptolemy/vergil/basic/test/KeplerDocumentationAttribute.tcl
    [junit] 04/20/18 01:20:28
    [junit] Failed: 0  Total Tests: 15  ((Passed: 15, Newly Passed: 0)  Known Failed: 0) /home/travis/build/icyphy/ptII/ptolemy/vergil/basic/test
    [junit] No auto/knownFailedTests/*.xml tests in /home/travis/build/icyphy/ptII/ptolemy/vergil/basic/test
    [junit] No auto/*.xml tests in /home/travis/build/icyphy/ptII/ptolemy/vergil/basic/test
    [junit] AutoTests.java: About to close Vertx.
    [junit] AutoTests.java: Vertx closed.
    [junit] No auto/*.xml tests in /home/travis/build/icyphy/ptII/ptolemy/vergil/basic/test
    [junit] AutoTests.java: About to close Vertx.
    [junit] AutoTests.java: Vertx closed.
    [junit] Tests run: 5, Failures: 0, Errors: 0, Skipped: 0, Time elapsed: 0.923 sec
    [junit] Output:
    [junit] /home/travis/build/icyphy/ptII/ptolemy/vergil/basic/test/DocAttribute.tcl
    [junit] testDefs.tcl: setting time out to 9000 seconds at Fri Apr 20 01:20:28 UTC 2018
    [junit] /home/travis/build/icyphy/ptII/ptolemy/vergil/basic/test/KeplerDocumentationAttribute.tcl
    [junit] 04/20/18 01:20:28
    [junit] Failed: 0  Total Tests: 15  ((Passed: 15, Newly Passed: 0)  Known Failed: 0) /home/travis/build/icyphy/ptII/ptolemy/vergil/basic/test
    [junit] No auto/knownFailedTests/*.xml tests in /home/travis/build/icyphy/ptII/ptolemy/vergil/basic/test
    [junit] No auto/*.xml tests in /home/travis/build/icyphy/ptII/ptolemy/vergil/basic/test
    [junit] AutoTests.java: About to close Vertx.
    [junit] AutoTests.java: Vertx closed.
    [junit] No auto/*.xml tests in /home/travis/build/icyphy/ptII/ptolemy/vergil/basic/test
    [junit] AutoTests.java: About to close Vertx.
    [junit] AutoTests.java: Vertx closed.
    [junit] 
    [junit] javachdir: directory = ptolemy/vergil/icon/test
    [junit] javachdir: pwd: /home/travis/build/icyphy/ptII/ptolemy/vergil/icon/test  Invoking with -Djava.net.preferIPv4Stack=true
    [junit] Running ptolemy.vergil.icon.test.junit.JUnitTclTest
    [junit] /home/travis/build/icyphy/ptII/ptolemy/vergil/icon/test/EditorIcon.tcl
    [junit] testDefs.tcl: setting time out to 9000 seconds at Fri Apr 20 01:20:29 UTC 2018
    [junit] /home/travis/build/icyphy/ptII/ptolemy/vergil/icon/test/XMLIcon.tcl
    [junit] 04/20/18 01:20:30
    [junit] Failed: 0  Total Tests: 7  ((Passed: 7, Newly Passed: 0)  Known Failed: 0) /home/travis/build/icyphy/ptII/ptolemy/vergil/icon/test
    [junit] No auto/knownFailedTests/*.xml tests in /home/travis/build/icyphy/ptII/ptolemy/vergil/icon/test
    [junit] No auto/*.xml tests in /home/travis/build/icyphy/ptII/ptolemy/vergil/icon/test
    [junit] AutoTests.java: About to close Vertx.
    [junit] AutoTests.java: Vertx closed.
    [junit] No auto/*.xml tests in /home/travis/build/icyphy/ptII/ptolemy/vergil/icon/test
    [junit] AutoTests.java: About to close Vertx.
    [junit] AutoTests.java: Vertx closed.
    [junit] Tests run: 5, Failures: 0, Errors: 0, Skipped: 0, Time elapsed: 0.853 sec
    [junit] Output:
    [junit] /home/travis/build/icyphy/ptII/ptolemy/vergil/icon/test/EditorIcon.tcl
    [junit] testDefs.tcl: setting time out to 9000 seconds at Fri Apr 20 01:20:29 UTC 2018
    [junit] /home/travis/build/icyphy/ptII/ptolemy/vergil/icon/test/XMLIcon.tcl
    [junit] 04/20/18 01:20:30
    [junit] Failed: 0  Total Tests: 7  ((Passed: 7, Newly Passed: 0)  Known Failed: 0) /home/travis/build/icyphy/ptII/ptolemy/vergil/icon/test
    [junit] No auto/knownFailedTests/*.xml tests in /home/travis/build/icyphy/ptII/ptolemy/vergil/icon/test
    [junit] No auto/*.xml tests in /home/travis/build/icyphy/ptII/ptolemy/vergil/icon/test
    [junit] AutoTests.java: About to close Vertx.
    [junit] AutoTests.java: Vertx closed.
    [junit] No auto/*.xml tests in /home/travis/build/icyphy/ptII/ptolemy/vergil/icon/test
    [junit] AutoTests.java: About to close Vertx.
    [junit] AutoTests.java: Vertx closed.
    [junit] 
    [junit] javachdir: directory = ptolemy/vergil/kernel/attributes/test
    [junit] javachdir: pwd: /home/travis/build/icyphy/ptII/ptolemy/vergil/kernel/attributes/test  Invoking with -Djava.net.preferIPv4Stack=true
    [junit] Running ptolemy.vergil.kernel.attributes.test.junit.JUnitTclTest
    [junit] /home/travis/build/icyphy/ptII/ptolemy/vergil/kernel/attributes/test/AttributeValueAttribute.tcl
    [junit] testDefs.tcl: setting time out to 9000 seconds at Fri Apr 20 01:20:31 UTC 2018
    [junit] /home/travis/build/icyphy/ptII/ptolemy/vergil/kernel/attributes/test/UpdateAnnotations.tcl
    [junit] 04/20/18 01:20:31
    [junit] Failed: 0  Total Tests: 25  ((Passed: 25, Newly Passed: 0)  Known Failed: 0) /home/travis/build/icyphy/ptII/ptolemy/vergil/kernel/attributes/test
    [junit] No auto/knownFailedTests/*.xml tests in /home/travis/build/icyphy/ptII/ptolemy/vergil/kernel/attributes/test
    [junit] No auto/*.xml tests in /home/travis/build/icyphy/ptII/ptolemy/vergil/kernel/attributes/test
    [junit] AutoTests.java: About to close Vertx.
    [junit] AutoTests.java: Vertx closed.
    [junit] No auto/*.xml tests in /home/travis/build/icyphy/ptII/ptolemy/vergil/kernel/attributes/test
    [junit] AutoTests.java: About to close Vertx.
    [junit] AutoTests.java: Vertx closed.
    [junit] Tests run: 5, Failures: 0, Errors: 0, Skipped: 0, Time elapsed: 1.171 sec
    [junit] Output:
    [junit] /home/travis/build/icyphy/ptII/ptolemy/vergil/kernel/attributes/test/AttributeValueAttribute.tcl
    [junit] testDefs.tcl: setting time out to 9000 seconds at Fri Apr 20 01:20:31 UTC 2018
    [junit] /home/travis/build/icyphy/ptII/ptolemy/vergil/kernel/attributes/test/UpdateAnnotations.tcl
    [junit] 04/20/18 01:20:31
    [junit] Failed: 0  Total Tests: 25  ((Passed: 25, Newly Passed: 0)  Known Failed: 0) /home/travis/build/icyphy/ptII/ptolemy/vergil/kernel/attributes/test
    [junit] No auto/knownFailedTests/*.xml tests in /home/travis/build/icyphy/ptII/ptolemy/vergil/kernel/attributes/test
    [junit] No auto/*.xml tests in /home/travis/build/icyphy/ptII/ptolemy/vergil/kernel/attributes/test
    [junit] AutoTests.java: About to close Vertx.
    [junit] AutoTests.java: Vertx closed.
    [junit] No auto/*.xml tests in /home/travis/build/icyphy/ptII/ptolemy/vergil/kernel/attributes/test
    [junit] AutoTests.java: About to close Vertx.
    [junit] AutoTests.java: Vertx closed.
    [junit] 
    [junit] javachdir: directory = ptolemy/vergil/modal/modal/test
    [junit] javachdir: pwd: /home/travis/build/icyphy/ptII/ptolemy/vergil/modal/modal/test  Invoking with -Djava.net.preferIPv4Stack=true
    [junit] Running ptolemy.vergil.modal.modal.test.junit.JUnitTclTest
    [junit] No tcl tests in /home/travis/build/icyphy/ptII/ptolemy/vergil/modal/modal/test
    [junit] No auto/knownFailedTests/*.xml tests in /home/travis/build/icyphy/ptII/ptolemy/vergil/modal/modal/test
    [junit] No auto/*.xml tests in /home/travis/build/icyphy/ptII/ptolemy/vergil/modal/modal/test
    [junit] AutoTests.java: About to close Vertx.
    [junit] AutoTests.java: Vertx closed.
    [junit] No auto/*.xml tests in /home/travis/build/icyphy/ptII/ptolemy/vergil/modal/modal/test
    [junit] AutoTests.java: About to close Vertx.
    [junit] AutoTests.java: Vertx closed.
    [junit] Tests run: 4, Failures: 0, Errors: 0, Skipped: 0, Time elapsed: 0.454 sec
    [junit] Output:
    [junit] No tcl tests in /home/travis/build/icyphy/ptII/ptolemy/vergil/modal/modal/test
    [junit] No auto/knownFailedTests/*.xml tests in /home/travis/build/icyphy/ptII/ptolemy/vergil/modal/modal/test
    [junit] No auto/*.xml tests in /home/travis/build/icyphy/ptII/ptolemy/vergil/modal/modal/test
    [junit] AutoTests.java: About to close Vertx.
    [junit] AutoTests.java: Vertx closed.
    [junit] No auto/*.xml tests in /home/travis/build/icyphy/ptII/ptolemy/vergil/modal/modal/test
    [junit] AutoTests.java: About to close Vertx.
    [junit] AutoTests.java: Vertx closed.
    [junit] 
    [junit] javachdir: directory = ptolemy/vergil/test
    [junit] javachdir: pwd: /home/travis/build/icyphy/ptII/ptolemy/vergil/test  Invoking with -Djava.net.preferIPv4Stack=true
    [junit] Running ptolemy.vergil.test.junit.JUnitTclTest
    [junit] /home/travis/build/icyphy/ptII/ptolemy/vergil/test/VergilConfiguration.tcl
    [junit] testDefs.tcl: setting time out to 9000 seconds at Fri Apr 20 01:20:34 UTC 2018
    [junit]  Force everything to get expanded ptolemy/configs/bcvtb/configuration.xml
    [junit]     (Skipping certain optional packages)
    [junit]     If you get a 'X connection to xxx:11.0 broken' message, then
    [junit]     see $PTII/ptolemy/moml/filter/RemoveGraphicalClasses.java
    [junit]     Or, under Solaris, run java -verbose -classpath 
    [junit]            ${PTII}/lib/ptjacl.jar:${PTII}/lib/diva.jar:${PTII}
    [junit]            tcl.lang.Shell xxx.tcl
    [junit] URL of configuration being expanded is
    [junit]  file:/home/travis/build/icyphy/ptII/ptolemy/configs/bcvtb/configuration.xml
    [junit] Before gc: Memory: 357376K Free: 253838K 71%
    [junit] After gc: Memory: 361984K Free: 321576K 89%
    [junit]  Force everything to get expanded ptolemy/configs/ptiny/configuration.xml
    [junit]     (Skipping certain optional packages)
    [junit]     If you get a 'X connection to xxx:11.0 broken' message, then
    [junit]     see $PTII/ptolemy/moml/filter/RemoveGraphicalClasses.java
    [junit]     Or, under Solaris, run java -verbose -classpath 
    [junit]            ${PTII}/lib/ptjacl.jar:${PTII}/lib/diva.jar:${PTII}
    [junit]            tcl.lang.Shell xxx.tcl
    [junit] URL of configuration being expanded is
    [junit]  file:/home/travis/build/icyphy/ptII/ptolemy/configs/ptiny/configuration.xml
    [junit] Before gc: Memory: 364544K Free: 96766K 27%
    [junit] After gc: Memory: 424448K Free: 372772K 88%
    [junit]  Force everything to get expanded ptolemy/configs/space/configuration.xml
    [junit]     (Skipping certain optional packages)
    [junit]     If you get a 'X connection to xxx:11.0 broken' message, then
    [junit]     see $PTII/ptolemy/moml/filter/RemoveGraphicalClasses.java
    [junit]     Or, under Solaris, run java -verbose -classpath 
    [junit]            ${PTII}/lib/ptjacl.jar:${PTII}/lib/diva.jar:${PTII}
    [junit]            tcl.lang.Shell xxx.tcl
    [junit] URL of configuration being expanded is
    [junit]  file:/home/travis/build/icyphy/ptII/ptolemy/configs/space/configuration.xml
    [junit] Before gc: Memory: 424448K Free: 213784K 50%
    [junit] After gc: Memory: 424960K Free: 372935K 88%
    [junit]  Force everything to get expanded ptolemy/configs/dsp/configuration.xml
    [junit]     (Skipping certain optional packages)
    [junit]     If you get a 'X connection to xxx:11.0 broken' message, then
    [junit]     see $PTII/ptolemy/moml/filter/RemoveGraphicalClasses.java
    [junit]     Or, under Solaris, run java -verbose -classpath 
    [junit]            ${PTII}/lib/ptjacl.jar:${PTII}/lib/diva.jar:${PTII}
    [junit]            tcl.lang.Shell xxx.tcl
    [junit] URL of configuration being expanded is
    [junit]  file:/home/travis/build/icyphy/ptII/ptolemy/configs/dsp/configuration.xml
    [junit] Before gc: Memory: 425472K Free: 341883K 80%
    [junit] After gc: Memory: 424960K Free: 366398K 86%
    [junit] Skipping viptos because TOSROOT is not set in the environment, so we are assuming that TinyOS is not installed.
    [junit]  Force everything to get expanded ptolemy/configs/pn/configuration.xml
    [junit]     (Skipping certain optional packages)
    [junit]     If you get a 'X connection to xxx:11.0 broken' message, then
    [junit]     see $PTII/ptolemy/moml/filter/RemoveGraphicalClasses.java
    [junit]     Or, under Solaris, run java -verbose -classpath 
    [junit]            ${PTII}/lib/ptjacl.jar:${PTII}/lib/diva.jar:${PTII}
    [junit]            tcl.lang.Shell xxx.tcl
    [junit] URL of configuration being expanded is
    [junit]  file:/home/travis/build/icyphy/ptII/ptolemy/configs/pn/configuration.xml
    [junit] Before gc: Memory: 484352K Free: 292746K 60%
    [junit] After gc: Memory: 480256K Free: 414079K 86%
    [junit]  Force everything to get expanded ptolemy/configs/ptdb/configuration.xml
    [junit]     (Skipping certain optional packages)
    [junit]     If you get a 'X connection to xxx:11.0 broken' message, then
    [junit]     see $PTII/ptolemy/moml/filter/RemoveGraphicalClasses.java
    [junit]     Or, under Solaris, run java -verbose -classpath 
    [junit]            ${PTII}/lib/ptjacl.jar:${PTII}/lib/diva.jar:${PTII}
    [junit]            tcl.lang.Shell xxx.tcl
    [junit] URL of configuration being expanded is
    [junit]  file:/home/travis/build/icyphy/ptII/ptolemy/configs/ptdb/configuration.xml
    [junit] Before gc: Memory: 487936K Free: 206381K 42%
    [junit] After gc: Memory: 578048K Free: 492703K 85%
    [junit]  Force everything to get expanded ptolemy/configs/cyphysim/configuration.xml
    [junit]     (Skipping certain optional packages)
    [junit]     If you get a 'X connection to xxx:11.0 broken' message, then
    [junit]     see $PTII/ptolemy/moml/filter/RemoveGraphicalClasses.java
    [junit]     Or, under Solaris, run java -verbose -classpath 
    [junit]            ${PTII}/lib/ptjacl.jar:${PTII}/lib/diva.jar:${PTII}
    [junit]            tcl.lang.Shell xxx.tcl
    [junit] URL of configuration being expanded is
    [junit]  file:/home/travis/build/icyphy/ptII/ptolemy/configs/cyphysim/configuration.xml
    [junit] Before gc: Memory: 581632K Free: 215611K 37%
    [junit] After gc: Memory: 651776K Free: 556416K 85%
    [junit]  Force everything to get expanded ptolemy/configs/capecode/configuration.xml
    [junit]     (Skipping certain optional packages)
    [junit]     If you get a 'X connection to xxx:11.0 broken' message, then
    [junit]     see $PTII/ptolemy/moml/filter/RemoveGraphicalClasses.java
    [junit]     Or, under Solaris, run java -verbose -classpath 
    [junit]            ${PTII}/lib/ptjacl.jar:${PTII}/lib/diva.jar:${PTII}
    [junit]            tcl.lang.Shell xxx.tcl
    [junit] URL of configuration being expanded is
    [junit]  file:/home/travis/build/icyphy/ptII/ptolemy/configs/capecode/configuration.xml
    [junit] JSAccessor: PT_NO_NET environment variable is set, so git pull and ptdoc are not being run.
    [junit] Retrieving library from file:/home/travis/build/icyphy/ptII/org/terraswarm/accessor/accessors/web/index.json
    [junit] Retrieving library from file:/home/travis/build/icyphy/ptII/org/terraswarm/accessor/accessors/web/audio/index.json
    [junit] Xlib:  extension "RANDR" missing on display ":99.0".
    [junit] Retrieving library from file:/home/travis/build/icyphy/ptII/org/terraswarm/accessor/accessors/web/cameras/index.json
    [junit] [main] INFO com.github.sarxos.webcam.Webcam - WebcamDefaultDriver capture driver will be used
    [junit] No physical cameras found, using WebcamDummyDriver.
    [junit] Retrieving library from file:/home/travis/build/icyphy/ptII/org/terraswarm/accessor/accessors/web/devices/index.json
    [junit] Retrieving library from file:/home/travis/build/icyphy/ptII/org/terraswarm/accessor/accessors/web/image/index.json
    [junit] CharacterRecognition: The tesseract module was not present.  The CharacterRecognition accessor is not supported on this accessor host. (Thread[main,5,main])
    [junit] CharacterRecognition: The tesseract module was not present.  The CharacterRecognition accessor is not supported on this accessor host. (Thread[main,5,main])
    [junit] libdc1394 error: Failed to initialize libdc1394
    [junit] Retrieving library from file:/home/travis/build/icyphy/ptII/org/terraswarm/accessor/accessors/web/net/index.json
    [junit] Retrieving library from file:/home/travis/build/icyphy/ptII/org/terraswarm/accessor/accessors/web/robotics/index.json
    [junit] Retrieving library from file:/home/travis/build/icyphy/ptII/org/terraswarm/accessor/accessors/web/geodesy/index.json
    [junit] Retrieving library from file:/home/travis/build/icyphy/ptII/org/terraswarm/accessor/accessors/web/services/index.json
    [junit] Heartbeat: Heartbeat: Could not get $KEYSTORE/heartbeatKey:  ptolemy.kernel.util.IllegalActionException: Failed to read URI: /home/travis/.ptKeystore/heartbeatKey
    [junit]   in .configuration.actor library.Accessors.services.Heartbeat
    [junit] Because:
    [junit] Cannot read file '/home/travis/.ptKeystore/heartbeatKey' or '/home/travis/.ptKeystore/heartbeatKey'
    [junit] The key is not public, so this accessor is only useful If you have the key.  See https://www.icyphy.org/accessors/library/index.html?accessor=services.Heartbeat (Thread[main,5,main])
    [junit] Heartbeat: Heartbeat: Could not get $KEYSTORE/heartbeatKey:  ptolemy.kernel.util.IllegalActionException: Failed to read URI: /home/travis/.ptKeystore/heartbeatKey
    [junit]   in .configuration.actor library.Accessors.services.Heartbeat
    [junit] Because:
    [junit] Cannot read file '/home/travis/.ptKeystore/heartbeatKey' or '/home/travis/.ptKeystore/heartbeatKey'
    [junit] The key is not public, so this accessor is only useful If you have the key.  See https://www.icyphy.org/accessors/library/index.html?accessor=services.Heartbeat (Thread[main,5,main])
    [junit] Retrieving library from file:/home/travis/build/icyphy/ptII/org/terraswarm/accessor/accessors/web/signals/index.json
    [junit] Retrieving library from file:/home/travis/build/icyphy/ptII/org/terraswarm/accessor/accessors/web/test/index.json
    [junit] Retrieving library from file:/home/travis/build/icyphy/ptII/org/terraswarm/accessor/accessors/web/utilities/index.json
    [junit] The Mutable accessor original file has no documentation, so we are not running jsdoc on https://accessors.org/utilities/Mutable.js
    [junit] Before gc: Memory: 944640K Free: 383810K 41%
    [junit] After gc: Memory: 1032192K Free: 636158K 62%
    [junit]  Force everything to get expanded ptolemy/configs/full/configuration.xml
    [junit]     (Skipping certain optional packages)
    [junit]     If you get a 'X connection to xxx:11.0 broken' message, then
    [junit]     see $PTII/ptolemy/moml/filter/RemoveGraphicalClasses.java
    [junit]     Or, under Solaris, run java -verbose -classpath 
    [junit]            ${PTII}/lib/ptjacl.jar:${PTII}/lib/diva.jar:${PTII}
    [junit]            tcl.lang.Shell xxx.tcl
    [junit] URL of configuration being expanded is
    [junit]  file:/home/travis/build/icyphy/ptII/ptolemy/configs/full/configuration.xml
    [junit] Retrieving library from file:/home/travis/build/icyphy/ptII/org/terraswarm/accessor/accessors/web/index.json
    [junit] Retrieving library from file:/home/travis/build/icyphy/ptII/org/terraswarm/accessor/accessors/web/audio/index.json
    [junit] Retrieving library from file:/home/travis/build/icyphy/ptII/org/terraswarm/accessor/accessors/web/cameras/index.json
    [junit] Retrieving library from file:/home/travis/build/icyphy/ptII/org/terraswarm/accessor/accessors/web/devices/index.json
    [junit] Retrieving library from file:/home/travis/build/icyphy/ptII/org/terraswarm/accessor/accessors/web/image/index.json
    [junit] CharacterRecognition: The tesseract module was not present.  The CharacterRecognition accessor is not supported on this accessor host. (Thread[main,5,main])
    [junit] CharacterRecognition: The tesseract module was not present.  The CharacterRecognition accessor is not supported on this accessor host. (Thread[main,5,main])
    [junit] Retrieving library from file:/home/travis/build/icyphy/ptII/org/terraswarm/accessor/accessors/web/net/index.json
    [junit] Retrieving library from file:/home/travis/build/icyphy/ptII/org/terraswarm/accessor/accessors/web/robotics/index.json
    [junit] Retrieving library from file:/home/travis/build/icyphy/ptII/org/terraswarm/accessor/accessors/web/geodesy/index.json
    [junit] Retrieving library from file:/home/travis/build/icyphy/ptII/org/terraswarm/accessor/accessors/web/services/index.json
    [junit] Heartbeat: Heartbeat: Could not get $KEYSTORE/heartbeatKey:  ptolemy.kernel.util.IllegalActionException: Failed to read URI: /home/travis/.ptKeystore/heartbeatKey
    [junit]   in .configuration.actor library.MoreLibraries.Accessors.services.Heartbeat
    [junit] Because:
    [junit] Cannot read file '/home/travis/.ptKeystore/heartbeatKey' or '/home/travis/.ptKeystore/heartbeatKey'
    [junit] The key is not public, so this accessor is only useful If you have the key.  See https://www.icyphy.org/accessors/library/index.html?accessor=services.Heartbeat (Thread[main,5,main])
    [junit] Heartbeat: Heartbeat: Could not get $KEYSTORE/heartbeatKey:  ptolemy.kernel.util.IllegalActionException: Failed to read URI: /home/travis/.ptKeystore/heartbeatKey
    [junit]   in .configuration.actor library.MoreLibraries.Accessors.services.Heartbeat
    [junit] Because:
    [junit] Cannot read file '/home/travis/.ptKeystore/heartbeatKey' or '/home/travis/.ptKeystore/heartbeatKey'
    [junit] The key is not public, so this accessor is only useful If you have the key.  See https://www.icyphy.org/accessors/library/index.html?accessor=services.Heartbeat (Thread[main,5,main])
    [junit] Retrieving library from file:/home/travis/build/icyphy/ptII/org/terraswarm/accessor/accessors/web/signals/index.json
    [junit] Retrieving library from file:/home/travis/build/icyphy/ptII/org/terraswarm/accessor/accessors/web/test/index.json
    [junit] Retrieving library from file:/home/travis/build/icyphy/ptII/org/terraswarm/accessor/accessors/web/utilities/index.json
    [junit] The Mutable accessor original file has no documentation, so we are not running jsdoc on https://accessors.org/utilities/Mutable.js
    [junit] Before gc: Memory: 1458176K Free: 380540K 26%
    [junit] After gc: Memory: 1454080K Free: 760200K 52%
    [junit]  Force everything to get expanded ptolemy/configs/ptinyViewer/configuration.xml
    [junit]     (Skipping certain optional packages)
    [junit]     If you get a 'X connection to xxx:11.0 broken' message, then
    [junit]     see $PTII/ptolemy/moml/filter/RemoveGraphicalClasses.java
    [junit]     Or, under Solaris, run java -verbose -classpath 
    [junit]            ${PTII}/lib/ptjacl.jar:${PTII}/lib/diva.jar:${PTII}
    [junit]            tcl.lang.Shell xxx.tcl
    [junit] URL of configuration being expanded is
    [junit]  file:/home/travis/build/icyphy/ptII/ptolemy/configs/ptinyViewer/configuration.xml
    [junit] Before gc: Memory: 1454080K Free: 755054K 52%
    [junit] After gc: Memory: 1447424K Free: 761324K 53%
    [junit]  Force everything to get expanded ptolemy/configs/ptserver/configuration.xml
    [junit]     (Skipping certain optional packages)
    [junit]     If you get a 'X connection to xxx:11.0 broken' message, then
    [junit]     see $PTII/ptolemy/moml/filter/RemoveGraphicalClasses.java
    [junit]     Or, under Solaris, run java -verbose -classpath 
    [junit]            ${PTII}/lib/ptjacl.jar:${PTII}/lib/diva.jar:${PTII}
    [junit]            tcl.lang.Shell xxx.tcl
    [junit] URL of configuration being expanded is
    [junit]  file:/home/travis/build/icyphy/ptII/ptolemy/configs/ptserver/configuration.xml
    [junit] Before gc: Memory: 1451008K Free: 467095K 32%
    [junit] After gc: Memory: 1452544K Free: 756114K 52%
    [junit]  Force everything to get expanded ptolemy/configs/visualsense/configuration.xml
    [junit]     (Skipping certain optional packages)
    [junit]     If you get a 'X connection to xxx:11.0 broken' message, then
    [junit]     see $PTII/ptolemy/moml/filter/RemoveGraphicalClasses.java
    [junit]     Or, under Solaris, run java -verbose -classpath 
    [junit]            ${PTII}/lib/ptjacl.jar:${PTII}/lib/diva.jar:${PTII}
    [junit]            tcl.lang.Shell xxx.tcl
    [junit] URL of configuration being expanded is
    [junit]  file:/home/travis/build/icyphy/ptII/ptolemy/configs/visualsense/configuration.xml
    [junit] Before gc: Memory: 1311232K Free: 288825K 22%
    [junit] After gc: Memory: 1439232K Free: 734150K 51%
    [junit] Skipping jxta/configuration.xml, running vergil -jxta brings up a window
    [junit]  Force everything to get expanded ptolemy/configs/fullViewer/configuration.xml
    [junit]     (Skipping certain optional packages)
    [junit]     If you get a 'X connection to xxx:11.0 broken' message, then
    [junit]     see $PTII/ptolemy/moml/filter/RemoveGraphicalClasses.java
    [junit]     Or, under Solaris, run java -verbose -classpath 
    [junit]            ${PTII}/lib/ptjacl.jar:${PTII}/lib/diva.jar:${PTII}
    [junit]            tcl.lang.Shell xxx.tcl
    [junit] URL of configuration being expanded is
    [junit]  file:/home/travis/build/icyphy/ptII/ptolemy/configs/fullViewer/configuration.xml
    [junit] Before gc: Memory: 1439232K Free: 720904K 50%
    [junit] After gc: Memory: 1300992K Free: 598934K 46%
    [junit]  Force everything to get expanded ptolemy/configs/hyvisual/configuration.xml
    [junit]     (Skipping certain optional packages)
    [junit]     If you get a 'X connection to xxx:11.0 broken' message, then
    [junit]     see $PTII/ptolemy/moml/filter/RemoveGraphicalClasses.java
    [junit]     Or, under Solaris, run java -verbose -classpath 
    [junit]            ${PTII}/lib/ptjacl.jar:${PTII}/lib/diva.jar:${PTII}
    [junit]            tcl.lang.Shell xxx.tcl
    [junit] URL of configuration being expanded is
    [junit]  file:/home/travis/build/icyphy/ptII/ptolemy/configs/hyvisual/configuration.xml
    [junit] Before gc: Memory: 1447424K Free: 689720K 48%
    [junit] After gc: Memory: 1441792K Free: 732288K 51%
    [junit]  Force everything to get expanded ptolemy/configs/ptinyKepler/configuration.xml
    [junit]     (Skipping certain optional packages)
    [junit]     If you get a 'X connection to xxx:11.0 broken' message, then
    [junit]     see $PTII/ptolemy/moml/filter/RemoveGraphicalClasses.java
    [junit]     Or, under Solaris, run java -verbose -classpath 
    [junit]            ${PTII}/lib/ptjacl.jar:${PTII}/lib/diva.jar:${PTII}
    [junit]            tcl.lang.Shell xxx.tcl
    [junit] URL of configuration being expanded is
    [junit]  file:/home/travis/build/icyphy/ptII/ptolemy/configs/ptinyKepler/configuration.xml
    [junit] Before gc: Memory: 1451008K Free: 453475K 31%
    [junit] After gc: Memory: 1342976K Free: 623564K 46%
    [junit] 04/20/18 01:23:07
    [junit] Failed: 0  Total Tests: 15  ((Passed: 15, Newly Passed: 0)  Known Failed: 0) /home/travis/build/icyphy/ptII/ptolemy/vergil/test
    [junit] No auto/knownFailedTests/*.xml tests in /home/travis/build/icyphy/ptII/ptolemy/vergil/test
    [junit] No auto/*.xml tests in /home/travis/build/icyphy/ptII/ptolemy/vergil/test
    [junit] AutoTests.java: About to close Vertx.
    [junit] AutoTests.java: Vertx closed.
    [junit] No auto/*.xml tests in /home/travis/build/icyphy/ptII/ptolemy/vergil/test
    [junit] AutoTests.java: About to close Vertx.
    [junit] AutoTests.java: Vertx closed.
    [junit] Tests run: 4, Failures: 0, Errors: 0, Skipped: 0, Time elapsed: 152.965 sec
    [junit] Output:
    [junit] /home/travis/build/icyphy/ptII/ptolemy/vergil/test/VergilConfiguration.tcl
    [junit] testDefs.tcl: setting time out to 9000 seconds at Fri Apr 20 01:20:34 UTC 2018
    [junit]  Force everything to get expanded ptolemy/configs/bcvtb/configuration.xml
    [junit]     (Skipping certain optional packages)
    [junit]     If you get a 'X connection to xxx:11.0 broken' message, then
    [junit]     see $PTII/ptolemy/moml/filter/RemoveGraphicalClasses.java
    [junit]     Or, under Solaris, run java -verbose -classpath 
    [junit]            ${PTII}/lib/ptjacl.jar:${PTII}/lib/diva.jar:${PTII}
    [junit]            tcl.lang.Shell xxx.tcl
    [junit] URL of configuration being expanded is
    [junit]  file:/home/travis/build/icyphy/ptII/ptolemy/configs/bcvtb/configuration.xml
    [junit] Before gc: Memory: 357376K Free: 253838K 71%
    [junit] After gc: Memory: 361984K Free: 321576K 89%
    [junit]  Force everything to get expanded ptolemy/configs/ptiny/configuration.xml
    [junit]     (Skipping certain optional packages)
    [junit]     If you get a 'X connection to xxx:11.0 broken' message, then
    [junit]     see $PTII/ptolemy/moml/filter/RemoveGraphicalClasses.java
    [junit]     Or, under Solaris, run java -verbose -classpath 
    [junit]            ${PTII}/lib/ptjacl.jar:${PTII}/lib/diva.jar:${PTII}
    [junit]            tcl.lang.Shell xxx.tcl
    [junit] URL of configuration being expanded is
    [junit]  file:/home/travis/build/icyphy/ptII/ptolemy/configs/ptiny/configuration.xml
    [junit] Before gc: Memory: 364544K Free: 96766K 27%
    [junit] After gc: Memory: 424448K Free: 372772K 88%
    [junit]  Force everything to get expanded ptolemy/configs/space/configuration.xml
    [junit]     (Skipping certain optional packages)
    [junit]     If you get a 'X connection to xxx:11.0 broken' message, then
    [junit]     see $PTII/ptolemy/moml/filter/RemoveGraphicalClasses.java
    [junit]     Or, under Solaris, run java -verbose -classpath 
    [junit]            ${PTII}/lib/ptjacl.jar:${PTII}/lib/diva.jar:${PTII}
    [junit]            tcl.lang.Shell xxx.tcl
    [junit] URL of configuration being expanded is
    [junit]  file:/home/travis/build/icyphy/ptII/ptolemy/configs/space/configuration.xml
    [junit] Before gc: Memory: 424448K Free: 213784K 50%
    [junit] After gc: Memory: 424960K Free: 372935K 88%
    [junit]  Force everything to get expanded ptolemy/configs/dsp/configuration.xml
    [junit]     (Skipping certain optional packages)
    [junit]     If you get a 'X connection to xxx:11.0 broken' message, then
    [junit]     see $PTII/ptolemy/moml/filter/RemoveGraphicalClasses.java
    [junit]     Or, under Solaris, run java -verbose -classpath 
    [junit]            ${PTII}/lib/ptjacl.jar:${PTII}/lib/diva.jar:${PTII}
    [junit]            tcl.lang.Shell xxx.tcl
    [junit] URL of configuration being expanded is
    [junit]  file:/home/travis/build/icyphy/ptII/ptolemy/configs/dsp/configuration.xml
    [junit] Before gc: Memory: 425472K Free: 341883K 80%
    [junit] After gc: Memory: 424960K Free: 366398K 86%
    [junit] Skipping viptos because TOSROOT is not set in the environment, so we are assuming that TinyOS is not installed.
    [junit]  Force everything to get expanded ptolemy/configs/pn/configuration.xml
    [junit]     (Skipping certain optional packages)
    [junit]     If you get a 'X connection to xxx:11.0 broken' message, then
    [junit]     see $PTII/ptolemy/moml/filter/RemoveGraphicalClasses.java
    [junit]     Or, under Solaris, run java -verbose -classpath 
    [junit]            ${PTII}/lib/ptjacl.jar:${PTII}/lib/diva.jar:${PTII}
    [junit]            tcl.lang.Shell xxx.tcl
    [junit] URL of configuration being expanded is
    [junit]  file:/home/travis/build/icyphy/ptII/ptolemy/configs/pn/configuration.xml
    [junit] Before gc: Memory: 484352K Free: 292746K 60%
    [junit] After gc: Memory: 480256K Free: 414079K 86%
    [junit]  Force everything to get expanded ptolemy/configs/ptdb/configuration.xml
    [junit]     (Skipping certain optional packages)
    [junit]     If you get a 'X connection to xxx:11.0 broken' message, then
    [junit]     see $PTII/ptolemy/moml/filter/RemoveGraphicalClasses.java
    [junit]     Or, under Solaris, run java -verbose -classpath 
    [junit]            ${PTII}/lib/ptjacl.jar:${PTII}/lib/diva.jar:${PTII}
    [junit]            tcl.lang.Shell xxx.tcl
    [junit] URL of configuration being expanded is
    [junit]  file:/home/travis/build/icyphy/ptII/ptolemy/configs/ptdb/configuration.xml
    [junit] Before gc: Memory: 487936K Free: 206381K 42%
    [junit] After gc: Memory: 578048K Free: 492703K 85%
    [junit]  Force everything to get expanded ptolemy/configs/cyphysim/configuration.xml
    [junit]     (Skipping certain optional packages)
    [junit]     If you get a 'X connection to xxx:11.0 broken' message, then
    [junit]     see $PTII/ptolemy/moml/filter/RemoveGraphicalClasses.java
    [junit]     Or, under Solaris, run java -verbose -classpath 
    [junit]            ${PTII}/lib/ptjacl.jar:${PTII}/lib/diva.jar:${PTII}
    [junit]            tcl.lang.Shell xxx.tcl
    [junit] URL of configuration being expanded is
    [junit]  file:/home/travis/build/icyphy/ptII/ptolemy/configs/cyphysim/configuration.xml
    [junit] Before gc: Memory: 581632K Free: 215611K 37%
    [junit] After gc: Memory: 651776K Free: 556416K 85%
    [junit]  Force everything to get expanded ptolemy/configs/capecode/configuration.xml
    [junit]     (Skipping certain optional packages)
    [junit]     If you get a 'X connection to xxx:11.0 broken' message, then
    [junit]     see $PTII/ptolemy/moml/filter/RemoveGraphicalClasses.java
    [junit]     Or, under Solaris, run java -verbose -classpath 
    [junit]            ${PTII}/lib/ptjacl.jar:${PTII}/lib/diva.jar:${PTII}
    [junit]            tcl.lang.Shell xxx.tcl
    [junit] URL of configuration being expanded is
    [junit]  file:/home/travis/build/icyphy/ptII/ptolemy/configs/capecode/configuration.xml
    [junit] JSAccessor: PT_NO_NET environment variable is set, so git pull and ptdoc are not being run.
    [junit] Retrieving library from file:/home/travis/build/icyphy/ptII/org/terraswarm/accessor/accessors/web/index.json
    [junit] Retrieving library from file:/home/travis/build/icyphy/ptII/org/terraswarm/accessor/accessors/web/audio/index.json
    [junit] Retrieving library from file:/home/travis/build/icyphy/ptII/org/terraswarm/accessor/accessors/web/cameras/index.json
    [junit] No physical cameras found, using WebcamDummyDriver.
    [junit] Retrieving library from file:/home/travis/build/icyphy/ptII/org/terraswarm/accessor/accessors/web/devices/index.json
    [junit] Retrieving library from file:/home/travis/build/icyphy/ptII/org/terraswarm/accessor/accessors/web/image/index.json
    [junit] CharacterRecognition: The tesseract module was not present.  The CharacterRecognition accessor is not supported on this accessor host. (Thread[main,5,main])
    [junit] CharacterRecognition: The tesseract module was not present.  The CharacterRecognition accessor is not supported on this accessor host. (Thread[main,5,main])
    [junit] Retrieving library from file:/home/travis/build/icyphy/ptII/org/terraswarm/accessor/accessors/web/net/index.json
    [junit] Retrieving library from file:/home/travis/build/icyphy/ptII/org/terraswarm/accessor/accessors/web/robotics/index.json
    [junit] Retrieving library from file:/home/travis/build/icyphy/ptII/org/terraswarm/accessor/accessors/web/geodesy/index.json
    [junit] Retrieving library from file:/home/travis/build/icyphy/ptII/org/terraswarm/accessor/accessors/web/services/index.json
    [junit] Heartbeat: Heartbeat: Could not get $KEYSTORE/heartbeatKey:  ptolemy.kernel.util.IllegalActionException: Failed to read URI: /home/travis/.ptKeystore/heartbeatKey
    [junit]   in .configuration.actor library.Accessors.services.Heartbeat
    [junit] Because:
    [junit] Cannot read file '/home/travis/.ptKeystore/heartbeatKey' or '/home/travis/.ptKeystore/heartbeatKey'
    [junit] The key is not public, so this accessor is only useful If you have the key.  See https://www.icyphy.org/accessors/library/index.html?accessor=services.Heartbeat (Thread[main,5,main])
    [junit] Heartbeat: Heartbeat: Could not get $KEYSTORE/heartbeatKey:  ptolemy.kernel.util.IllegalActionException: Failed to read URI: /home/travis/.ptKeystore/heartbeatKey
    [junit]   in .configuration.actor library.Accessors.services.Heartbeat
    [junit] Because:
    [junit] Cannot read file '/home/travis/.ptKeystore/heartbeatKey' or '/home/travis/.ptKeystore/heartbeatKey'
    [junit] The key is not public, so this accessor is only useful If you have the key.  See https://www.icyphy.org/accessors/library/index.html?accessor=services.Heartbeat (Thread[main,5,main])
    [junit] Retrieving library from file:/home/travis/build/icyphy/ptII/org/terraswarm/accessor/accessors/web/signals/index.json
    [junit] Retrieving library from file:/home/travis/build/icyphy/ptII/org/terraswarm/accessor/accessors/web/test/index.json
    [junit] Retrieving library from file:/home/travis/build/icyphy/ptII/org/terraswarm/accessor/accessors/web/utilities/index.json
    [junit] The Mutable accessor original file has no documentation, so we are not running jsdoc on https://accessors.org/utilities/Mutable.js
    [junit] Before gc: Memory: 944640K Free: 383810K 41%
    [junit] After gc: Memory: 1032192K Free: 636158K 62%
    [junit]  Force everything to get expanded ptolemy/configs/full/configuration.xml
    [junit]     (Skipping certain optional packages)
    [junit]     If you get a 'X connection to xxx:11.0 broken' message, then
    [junit]     see $PTII/ptolemy/moml/filter/RemoveGraphicalClasses.java
    [junit]     Or, under Solaris, run java -verbose -classpath 
    [junit]            ${PTII}/lib/ptjacl.jar:${PTII}/lib/diva.jar:${PTII}
    [junit]            tcl.lang.Shell xxx.tcl
    [junit] URL of configuration being expanded is
    [junit]  file:/home/travis/build/icyphy/ptII/ptolemy/configs/full/configuration.xml
    [junit] Retrieving library from file:/home/travis/build/icyphy/ptII/org/terraswarm/accessor/accessors/web/index.json
    [junit] Retrieving library from file:/home/travis/build/icyphy/ptII/org/terraswarm/accessor/accessors/web/audio/index.json
    [junit] Retrieving library from file:/home/travis/build/icyphy/ptII/org/terraswarm/accessor/accessors/web/cameras/index.json
    [junit] Retrieving library from file:/home/travis/build/icyphy/ptII/org/terraswarm/accessor/accessors/web/devices/index.json
    [junit] Retrieving library from file:/home/travis/build/icyphy/ptII/org/terraswarm/accessor/accessors/web/image/index.json
    [junit] CharacterRecognition: The tesseract module was not present.  The CharacterRecognition accessor is not supported on this accessor host. (Thread[main,5,main])
    [junit] CharacterRecognition: The tesseract module was not present.  The CharacterRecognition accessor is not supported on this accessor host. (Thread[main,5,main])
    [junit] Retrieving library from file:/home/travis/build/icyphy/ptII/org/terraswarm/accessor/accessors/web/net/index.json
    [junit] Retrieving library from file:/home/travis/build/icyphy/ptII/org/terraswarm/accessor/accessors/web/robotics/index.json
    [junit] Retrieving library from file:/home/travis/build/icyphy/ptII/org/terraswarm/accessor/accessors/web/geodesy/index.json
    [junit] Retrieving library from file:/home/travis/build/icyphy/ptII/org/terraswarm/accessor/accessors/web/services/index.json
    [junit] Heartbeat: Heartbeat: Could not get $KEYSTORE/heartbeatKey:  ptolemy.kernel.util.IllegalActionException: Failed to read URI: /home/travis/.ptKeystore/heartbeatKey
    [junit]   in .configuration.actor library.MoreLibraries.Accessors.services.Heartbeat
    [junit] Because:
    [junit] Cannot read file '/home/travis/.ptKeystore/heartbeatKey' or '/home/travis/.ptKeystore/heartbeatKey'
    [junit] The key is not public, so this accessor is only useful If you have the key.  See https://www.icyphy.org/accessors/library/index.html?accessor=services.Heartbeat (Thread[main,5,main])
    [junit] Heartbeat: Heartbeat: Could not get $KEYSTORE/heartbeatKey:  ptolemy.kernel.util.IllegalActionException: Failed to read URI: /home/travis/.ptKeystore/heartbeatKey
    [junit]   in .configuration.actor library.MoreLibraries.Accessors.services.Heartbeat
    [junit] Because:
    [junit] Cannot read file '/home/travis/.ptKeystore/heartbeatKey' or '/home/travis/.ptKeystore/heartbeatKey'
    [junit] The key is not public, so this accessor is only useful If you have the key.  See https://www.icyphy.org/accessors/library/index.html?accessor=services.Heartbeat (Thread[main,5,main])
    [junit] Retrieving library from file:/home/travis/build/icyphy/ptII/org/terraswarm/accessor/accessors/web/signals/index.json
    [junit] Retrieving library from file:/home/travis/build/icyphy/ptII/org/terraswarm/accessor/accessors/web/test/index.json
    [junit] Retrieving library from file:/home/travis/build/icyphy/ptII/org/terraswarm/accessor/accessors/web/utilities/index.json
    [junit] The Mutable accessor original file has no documentation, so we are not running jsdoc on https://accessors.org/utilities/Mutable.js
    [junit] Before gc: Memory: 1458176K Free: 380540K 26%
    [junit] After gc: Memory: 1454080K Free: 760200K 52%
    [junit]  Force everything to get expanded ptolemy/configs/ptinyViewer/configuration.xml
    [junit]     (Skipping certain optional packages)
    [junit]     If you get a 'X connection to xxx:11.0 broken' message, then
    [junit]     see $PTII/ptolemy/moml/filter/RemoveGraphicalClasses.java
    [junit]     Or, under Solaris, run java -verbose -classpath 
    [junit]            ${PTII}/lib/ptjacl.jar:${PTII}/lib/diva.jar:${PTII}
    [junit]            tcl.lang.Shell xxx.tcl
    [junit] URL of configuration being expanded is
    [junit]  file:/home/travis/build/icyphy/ptII/ptolemy/configs/ptinyViewer/configuration.xml
    [junit] Before gc: Memory: 1454080K Free: 755054K 52%
    [junit] After gc: Memory: 1447424K Free: 761324K 53%
    [junit]  Force everything to get expanded ptolemy/configs/ptserver/configuration.xml
    [junit]     (Skipping certain optional packages)
    [junit]     If you get a 'X connection to xxx:11.0 broken' message, then
    [junit]     see $PTII/ptolemy/moml/filter/RemoveGraphicalClasses.java
    [junit]     Or, under Solaris, run java -verbose -classpath 
    [junit]            ${PTII}/lib/ptjacl.jar:${PTII}/lib/diva.jar:${PTII}
    [junit]            tcl.lang.Shell xxx.tcl
    [junit] URL of configuration being expanded is
    [junit]  file:/home/travis/build/icyphy/ptII/ptolemy/configs/ptserver/configuration.xml
    [junit] Before gc: Memory: 1451008K Free: 467095K 32%
    [junit] After gc: Memory: 1452544K Free: 756114K 52%
    [junit]  Force everything to get expanded ptolemy/configs/visualsense/configuration.xml
    [junit]     (Skipping certain optional packages)
    [junit]     If you get a 'X connection to xxx:11.0 broken' message, then
    [junit]     see $PTII/ptolemy/moml/filter/RemoveGraphicalClasses.java
    [junit]     Or, under Solaris, run java -verbose -classpath 
    [junit]            ${PTII}/lib/ptjacl.jar:${PTII}/lib/diva.jar:${PTII}
    [junit]            tcl.lang.Shell xxx.tcl
    [junit] URL of configuration being expanded is
    [junit]  file:/home/travis/build/icyphy/ptII/ptolemy/configs/visualsense/configuration.xml
    [junit] Before gc: Memory: 1311232K Free: 288825K 22%
    [junit] After gc: Memory: 1439232K Free: 734150K 51%
    [junit] Skipping jxta/configuration.xml, running vergil -jxta brings up a window
    [junit]  Force everything to get expanded ptolemy/configs/fullViewer/configuration.xml
    [junit]     (Skipping certain optional packages)
    [junit]     If you get a 'X connection to xxx:11.0 broken' message, then
    [junit]     see $PTII/ptolemy/moml/filter/RemoveGraphicalClasses.java
    [junit]     Or, under Solaris, run java -verbose -classpath 
    [junit]            ${PTII}/lib/ptjacl.jar:${PTII}/lib/diva.jar:${PTII}
    [junit]            tcl.lang.Shell xxx.tcl
    [junit] URL of configuration being expanded is
    [junit]  file:/home/travis/build/icyphy/ptII/ptolemy/configs/fullViewer/configuration.xml
    [junit] Before gc: Memory: 1439232K Free: 720904K 50%
    [junit] After gc: Memory: 1300992K Free: 598934K 46%
    [junit]  Force everything to get expanded ptolemy/configs/hyvisual/configuration.xml
    [junit]     (Skipping certain optional packages)
    [junit]     If you get a 'X connection to xxx:11.0 broken' message, then
    [junit]     see $PTII/ptolemy/moml/filter/RemoveGraphicalClasses.java
    [junit]     Or, under Solaris, run java -verbose -classpath 
    [junit]            ${PTII}/lib/ptjacl.jar:${PTII}/lib/diva.jar:${PTII}
    [junit]            tcl.lang.Shell xxx.tcl
    [junit] URL of configuration being expanded is
    [junit]  file:/home/travis/build/icyphy/ptII/ptolemy/configs/hyvisual/configuration.xml
    [junit] Before gc: Memory: 1447424K Free: 689720K 48%
    [junit] After gc: Memory: 1441792K Free: 732288K 51%
    [junit]  Force everything to get expanded ptolemy/configs/ptinyKepler/configuration.xml
    [junit]     (Skipping certain optional packages)
    [junit]     If you get a 'X connection to xxx:11.0 broken' message, then
    [junit]     see $PTII/ptolemy/moml/filter/RemoveGraphicalClasses.java
    [junit]     Or, under Solaris, run java -verbose -classpath 
    [junit]            ${PTII}/lib/ptjacl.jar:${PTII}/lib/diva.jar:${PTII}
    [junit]            tcl.lang.Shell xxx.tcl
    [junit] URL of configuration being expanded is
    [junit]  file:/home/travis/build/icyphy/ptII/ptolemy/configs/ptinyKepler/configuration.xml
    [junit] Before gc: Memory: 1451008K Free: 453475K 31%
    [junit] After gc: Memory: 1342976K Free: 623564K 46%
    [junit] 04/20/18 01:23:07
    [junit] Failed: 0  Total Tests: 15  ((Passed: 15, Newly Passed: 0)  Known Failed: 0) /home/travis/build/icyphy/ptII/ptolemy/vergil/test
    [junit] No auto/knownFailedTests/*.xml tests in /home/travis/build/icyphy/ptII/ptolemy/vergil/test
    [junit] No auto/*.xml tests in /home/travis/build/icyphy/ptII/ptolemy/vergil/test
    [junit] AutoTests.java: About to close Vertx.
    [junit] AutoTests.java: Vertx closed.
    [junit] No auto/*.xml tests in /home/travis/build/icyphy/ptII/ptolemy/vergil/test
    [junit] AutoTests.java: About to close Vertx.
    [junit] AutoTests.java: Vertx closed.
    [junit] 
    [junit] Error: 
    [junit] [main] INFO com.github.sarxos.webcam.Webcam - WebcamDefaultDriver capture driver will be used
    [junit] 
    [junit] javachdir: directory = ptserver/actor/lib/io/test
    [junit] javachdir: pwd: /home/travis/build/icyphy/ptII/ptserver/actor/lib/io/test  Invoking with -Djava.net.preferIPv4Stack=true
    [junit] Running ptserver.actor.lib.io.test.junit.JUnitTclTest
    [junit] No tcl tests in /home/travis/build/icyphy/ptII/ptserver/actor/lib/io/test
    [junit] No auto/knownFailedTests/*.xml tests in /home/travis/build/icyphy/ptII/ptserver/actor/lib/io/test
    [junit] No auto/*.xml tests in /home/travis/build/icyphy/ptII/ptserver/actor/lib/io/test
    [junit] AutoTests.java: About to close Vertx.
    [junit] AutoTests.java: Vertx closed.
    [junit] ----------------- testing Fri Apr 20 01:23:08 UTC 2018 /home/travis/build/icyphy/ptII/ptserver/actor/lib/io/test/auto/RESTGetHandlerTest.xml
    [junit] 61 ms. Memory: 146944K Free: 136946K (93%)
    [junit] reloadAllAccessors: .RESTGetHandlerTest
    [junit] AutoTests.java: About to close Vertx.
    [junit] AutoTests.java: Vertx closed.
    [junit] Tests run: 4, Failures: 0, Errors: 0, Skipped: 0, Time elapsed: 0.926 sec
    [junit] Output:
    [junit] No tcl tests in /home/travis/build/icyphy/ptII/ptserver/actor/lib/io/test
    [junit] No auto/knownFailedTests/*.xml tests in /home/travis/build/icyphy/ptII/ptserver/actor/lib/io/test
    [junit] No auto/*.xml tests in /home/travis/build/icyphy/ptII/ptserver/actor/lib/io/test
    [junit] AutoTests.java: About to close Vertx.
    [junit] AutoTests.java: Vertx closed.
    [junit] ----------------- testing Fri Apr 20 01:23:08 UTC 2018 /home/travis/build/icyphy/ptII/ptserver/actor/lib/io/test/auto/RESTGetHandlerTest.xml
    [junit] 61 ms. Memory: 146944K Free: 136946K (93%)
    [junit] reloadAllAccessors: .RESTGetHandlerTest
    [junit] AutoTests.java: About to close Vertx.
    [junit] AutoTests.java: Vertx closed.
    [junit] 

BUILD SUCCESSFUL
Total time: 6 minutes 20 seconds
