<?xml version="1.0" encoding="UTF-8" ?>
<testsuite errors="0" failures="0" hostname="travis-job-8ce43727-5086-4c11-8a54-087225a46a06" name="ptolemy.domains.sdf.test.junit.JUnitTclTest" skipped="0" tests="66" time="20.752" timestamp="2018-05-23T01:21:50">
  <properties>
[...]
</properties>
  <testcase classname="ptolemy.util.test.junit.TclTests" name="[0] /home/travis/build/icyphy/ptII/ptolemy/domains/sdf/test/SDFSchedulerErrors.tcl (RunTclFile)" time="0.695" />
  <testcase classname="ptolemy.util.test.junit.TclTests" name="[1] /home/travis/build/icyphy/ptII/ptolemy/domains/sdf/test/composition.tcl (RunTclFile)" time="0.165" />
  <testcase classname="ptolemy.util.test.junit.TclTests" name="[2] /home/travis/build/icyphy/ptII/ptolemy/domains/sdf/test/cycle.tcl (RunTclFile)" time="0.056" />
  <testcase classname="ptolemy.util.test.junit.AutoKnownFailedTests" name="[0] ThereAreNoKnowFailedTests (RunModel)" time="0.012" />
  <testcase classname="ptolemy.util.test.junit.AutoNameArchTests" name="[0] ThereAreNoAutoTests (RunModel)" time="0.007" />
  <testcase classname="ptolemy.util.test.junit.AutoTests" name="[0] /home/travis/build/icyphy/ptII/ptolemy/domains/sdf/test/auto/Array.xml (RunModel)" time="0.205" />
  <testcase classname="ptolemy.util.test.junit.AutoTests" name="[1] /home/travis/build/icyphy/ptII/ptolemy/domains/sdf/test/auto/Butterfly.xml (RunModel)" time="0.215" />
  <testcase classname="ptolemy.util.test.junit.AutoTests" name="[2] /home/travis/build/icyphy/ptII/ptolemy/domains/sdf/test/auto/Expression.xml (RunModel)" time="0.108" />
  <testcase classname="ptolemy.util.test.junit.AutoTests" name="[3] /home/travis/build/icyphy/ptII/ptolemy/domains/sdf/test/auto/Eye.xml (RunModel)" time="0.394" />
  <testcase classname="ptolemy.util.test.junit.AutoTests" name="[4] /home/travis/build/icyphy/ptII/ptolemy/domains/sdf/test/auto/FixFIR.xml (RunModel)" time="0.369" />
  <testcase classname="ptolemy.util.test.junit.AutoTests" name="[5] /home/travis/build/icyphy/ptII/ptolemy/domains/sdf/test/auto/FixPoint.xml (RunModel)" time="0.046" />
  <testcase classname="ptolemy.util.test.junit.AutoTests" name="[6] /home/travis/build/icyphy/ptII/ptolemy/domains/sdf/test/auto/Gravitation.xml (RunModel)" time="3.346" />
  <testcase classname="ptolemy.util.test.junit.AutoTests" name="[7] /home/travis/build/icyphy/ptII/ptolemy/domains/sdf/test/auto/GravitationWithCollisionDetection.xml (RunModel)" time="6.304" />
  <testcase classname="ptolemy.util.test.junit.AutoTests" name="[8] /home/travis/build/icyphy/ptII/ptolemy/domains/sdf/test/auto/HDF.xml (RunModel)" time="0.095" />
  <testcase classname="ptolemy.util.test.junit.AutoTests" name="[9] /home/travis/build/icyphy/ptII/ptolemy/domains/sdf/test/auto/HDFwithTransientStates.xml (RunModel)" time="0.112" />
  <testcase classname="ptolemy.util.test.junit.AutoTests" name="[10] /home/travis/build/icyphy/ptII/ptolemy/domains/sdf/test/auto/HTVQ.xml (RunModel)" time="1.053" />
  <testcase classname="ptolemy.util.test.junit.AutoTests" name="[11] /home/travis/build/icyphy/ptII/ptolemy/domains/sdf/test/auto/InferInitProduction.xml (RunModel)" time="0.028" />
  <testcase classname="ptolemy.util.test.junit.AutoTests" name="[12] /home/travis/build/icyphy/ptII/ptolemy/domains/sdf/test/auto/InferInitProductionDeeper.xml (RunModel)" time="0.039" />
  <testcase classname="ptolemy.util.test.junit.AutoTests" name="[13] /home/travis/build/icyphy/ptII/ptolemy/domains/sdf/test/auto/LMSAdaptive.xml (RunModel)" time="0.086" />
  <testcase classname="ptolemy.util.test.junit.AutoTests" name="[14] /home/travis/build/icyphy/ptII/ptolemy/domains/sdf/test/auto/LogisticMap.xml (RunModel)" time="0.487" />
  <testcase classname="ptolemy.util.test.junit.AutoTests" name="[15] /home/travis/build/icyphy/ptII/ptolemy/domains/sdf/test/auto/MaximumEntropySpectrum.xml (RunModel)" time="0.302" />
  <testcase classname="ptolemy.util.test.junit.AutoTests" name="[16] /home/travis/build/icyphy/ptII/ptolemy/domains/sdf/test/auto/MultirateSDF.xml (RunModel)" time="0.069" />
  <testcase classname="ptolemy.util.test.junit.AutoTests" name="[17] /home/travis/build/icyphy/ptII/ptolemy/domains/sdf/test/auto/MultirateSDFwithTransientStates.xml (RunModel)" time="0.087" />
  <testcase classname="ptolemy.util.test.junit.AutoTests" name="[18] /home/travis/build/icyphy/ptII/ptolemy/domains/sdf/test/auto/NoisySinewave.xml (RunModel)" time="0.069" />
  <testcase classname="ptolemy.util.test.junit.AutoTests" name="[19] /home/travis/build/icyphy/ptII/ptolemy/domains/sdf/test/auto/Objects.xml (RunModel)" time="0.057" />
  <testcase classname="ptolemy.util.test.junit.AutoTests" name="[20] /home/travis/build/icyphy/ptII/ptolemy/domains/sdf/test/auto/OrthogonalCom.xml (RunModel)" time="0.052" />
  <testcase classname="ptolemy.util.test.junit.AutoTests" name="[21] /home/travis/build/icyphy/ptII/ptolemy/domains/sdf/test/auto/RijndaelEncryption.xml (RunModel)" time="0.685" />
  <testcase classname="ptolemy.util.test.junit.AutoTests" name="[22] /home/travis/build/icyphy/ptII/ptolemy/domains/sdf/test/auto/SDFEmptyIterations.xml (RunModel)" time="0.024" />
  <testcase classname="ptolemy.util.test.junit.AutoTests" name="[23] /home/travis/build/icyphy/ptII/ptolemy/domains/sdf/test/auto/Spectrum.xml (RunModel)" time="0.138" />
  <testcase classname="ptolemy.util.test.junit.AutoTests" name="[24] /home/travis/build/icyphy/ptII/ptolemy/domains/sdf/test/auto/de_inside_sdf.xml (RunModel)" time="0.034" />
  <testcase classname="ptolemy.util.test.junit.AutoTests" name="[25] /home/travis/build/icyphy/ptII/ptolemy/domains/sdf/test/auto/disconnectedHierarchicalSDF.xml (RunModel)" time="0.027" />
  <testcase classname="ptolemy.util.test.junit.AutoTests" name="[26] /home/travis/build/icyphy/ptII/ptolemy/domains/sdf/test/auto/disconnectedSDF.xml (RunModel)" time="0.026" />
  <testcase classname="ptolemy.util.test.junit.AutoTests" name="[27] /home/travis/build/icyphy/ptII/ptolemy/domains/sdf/test/auto/emptyRefinement.xml (RunModel)" time="0.018" />
  <testcase classname="ptolemy.util.test.junit.AutoTests" name="[28] /home/travis/build/icyphy/ptII/ptolemy/domains/sdf/test/auto/filePortParameter.xml (RunModel)" time="0.045" />
  <testcase classname="ptolemy.util.test.junit.AutoTests" name="[29] /home/travis/build/icyphy/ptII/ptolemy/domains/sdf/test/auto/inferRelationWidth1.xml (RunModel)" time="0.011" />
  <testcase classname="ptolemy.util.test.junit.AutoTests" name="[30] /home/travis/build/icyphy/ptII/ptolemy/domains/sdf/test/auto/initProductionInference.xml (RunModel)" time="0.021" />
  <testcase classname="ptolemy.util.test.junit.AutoTests" name="[31] /home/travis/build/icyphy/ptII/ptolemy/domains/sdf/test/auto/relationGroup.xml (RunModel)" time="0.013" />
  <testcase classname="ptolemy.util.test.junit.AutoTests" name="[32] /home/travis/build/icyphy/ptII/ptolemy/domains/sdf/test/auto/relationGroup10.xml (RunModel)" time="0.019" />
  <testcase classname="ptolemy.util.test.junit.AutoTests" name="[33] /home/travis/build/icyphy/ptII/ptolemy/domains/sdf/test/auto/relationGroup11.xml (RunModel)" time="0.017" />
  <testcase classname="ptolemy.util.test.junit.AutoTests" name="[34] /home/travis/build/icyphy/ptII/ptolemy/domains/sdf/test/auto/relationGroup12.xml (RunModel)" time="0.018" />
  <testcase classname="ptolemy.util.test.junit.AutoTests" name="[35] /home/travis/build/icyphy/ptII/ptolemy/domains/sdf/test/auto/relationGroup13.xml (RunModel)" time="0.026" />
  <testcase classname="ptolemy.util.test.junit.AutoTests" name="[36] /home/travis/build/icyphy/ptII/ptolemy/domains/sdf/test/auto/relationGroup14.xml (RunModel)" time="0.017" />
  <testcase classname="ptolemy.util.test.junit.AutoTests" name="[37] /home/travis/build/icyphy/ptII/ptolemy/domains/sdf/test/auto/relationGroup15.xml (RunModel)" time="0.017" />
  <testcase classname="ptolemy.util.test.junit.AutoTests" name="[38] /home/travis/build/icyphy/ptII/ptolemy/domains/sdf/test/auto/relationGroup2.xml (RunModel)" time="0.017" />
  <testcase classname="ptolemy.util.test.junit.AutoTests" name="[39] /home/travis/build/icyphy/ptII/ptolemy/domains/sdf/test/auto/relationGroup3.xml (RunModel)" time="0.011" />
  <testcase classname="ptolemy.util.test.junit.AutoTests" name="[40] /home/travis/build/icyphy/ptII/ptolemy/domains/sdf/test/auto/relationGroup4.xml (RunModel)" time="0.023" />
  <testcase classname="ptolemy.util.test.junit.AutoTests" name="[41] /home/travis/build/icyphy/ptII/ptolemy/domains/sdf/test/auto/relationGroup5.xml (RunModel)" time="0.02" />
  <testcase classname="ptolemy.util.test.junit.AutoTests" name="[42] /home/travis/build/icyphy/ptII/ptolemy/domains/sdf/test/auto/relationGroup6.xml (RunModel)" time="0.021" />
  <testcase classname="ptolemy.util.test.junit.AutoTests" name="[43] /home/travis/build/icyphy/ptII/ptolemy/domains/sdf/test/auto/relationGroup7.xml (RunModel)" time="0.009" />
  <testcase classname="ptolemy.util.test.junit.AutoTests" name="[44] /home/travis/build/icyphy/ptII/ptolemy/domains/sdf/test/auto/relationGroup8.xml (RunModel)" time="0.019" />
  <testcase classname="ptolemy.util.test.junit.AutoTests" name="[45] /home/travis/build/icyphy/ptII/ptolemy/domains/sdf/test/auto/relationGroup9.xml (RunModel)" time="0.02" />
  <testcase classname="ptolemy.util.test.junit.AutoTests" name="[46] /home/travis/build/icyphy/ptII/ptolemy/domains/sdf/test/auto/sdf_inside_de.xml (RunModel)" time="0.05" />
  <testcase classname="ptolemy.util.test.junit.AutoTests" name="[47] /home/travis/build/icyphy/ptII/ptolemy/domains/sdf/test/auto/sdf_inside_pn.xml (RunModel)" time="0.076" />
  <testcase classname="ptolemy.util.test.junit.AutoTests" name="[48] /home/travis/build/icyphy/ptII/ptolemy/domains/sdf/test/auto/sdf_sdf1.xml (RunModel)" time="0.021" />
  <testcase classname="ptolemy.util.test.junit.AutoTests" name="[49] /home/travis/build/icyphy/ptII/ptolemy/domains/sdf/test/auto/test1.xml (RunModel)" time="0.017" />
  <testcase classname="ptolemy.util.test.junit.AutoTests" name="[50] /home/travis/build/icyphy/ptII/ptolemy/domains/sdf/test/auto/time1.xml (RunModel)" time="0.01" />
  <testcase classname="ptolemy.util.test.junit.AutoTests" name="[51] /home/travis/build/icyphy/ptII/ptolemy/domains/sdf/test/auto/time2.xml (RunModel)" time="0.019" />
  <testcase classname="ptolemy.util.test.junit.AutoTests" name="[52] /home/travis/build/icyphy/ptII/ptolemy/domains/sdf/test/auto/time3.xml (RunModel)" time="0.028" />
  <testcase classname="ptolemy.util.test.junit.AutoTests" name="[53] /home/travis/build/icyphy/ptII/ptolemy/domains/sdf/test/auto/time4.xml (RunModel)" time="0.019" />
  <testcase classname="ptolemy.util.test.junit.AutoTests" name="[54] /home/travis/build/icyphy/ptII/ptolemy/domains/sdf/test/auto/time5.xml (RunModel)" time="4.009" />
  <testcase classname="ptolemy.util.test.junit.AutoTests" name="[55] /home/travis/build/icyphy/ptII/ptolemy/domains/sdf/test/auto/typeSystem_Const_Integer_smallest_Type.xml (RunModel)" time="0.024" />
  <testcase classname="ptolemy.util.test.junit.AutoTests" name="[56] /home/travis/build/icyphy/ptII/ptolemy/domains/sdf/test/auto/typeSystem_declared_Inports_OutportTypeException.xml (RunModel)" time="0.019" />
  <testcase classname="ptolemy.util.test.junit.AutoTests" name="[57] /home/travis/build/icyphy/ptII/ptolemy/domains/sdf/test/auto/typeSystem_oneDeclaredInportType_wrongTypeOutport.xml (RunModel)" time="0.017" />
  <testcase classname="ptolemy.util.test.junit.AutoTests" name="[58] /home/travis/build/icyphy/ptII/ptolemy/domains/sdf/test/auto/width.xml (RunModel)" time="0.014" />
  <testcase classname="ptolemy.util.test.junit.AutoTests" name="[59] /home/travis/build/icyphy/ptII/ptolemy/domains/sdf/test/auto/width2.xml (RunModel)" time="0.035" />
  <testcase classname="ptolemy.util.test.junit.AutoTests" name="[60] /home/travis/build/icyphy/ptII/ptolemy/domains/sdf/test/auto/width3.xml (RunModel)" time="0.038" />
  <system-out><![CDATA[/home/travis/build/icyphy/ptII/ptolemy/domains/sdf/test/SDFSchedulerErrors.tcl
testDefs.tcl: setting time out to 9000 seconds at Wed May 23 01:21:50 UTC 2018
21 ms. Memory: 116224K Free: 106938K (92%)
5 ms. Memory: 116224K Free: 99908K (86%)
5 ms. Memory: 116224K Free: 92908K (80%)
3 ms. Memory: 116224K Free: 89832K (77%)
/home/travis/build/icyphy/ptII/ptolemy/domains/sdf/test/composition.tcl
29 ms. Memory: 116224K Free: 86249K (74%)
7 ms. Memory: 116224K Free: 83868K (72%)
/home/travis/build/icyphy/ptII/ptolemy/domains/sdf/test/cycle.tcl
.Toplevel.Director Preinitializing ...
Invoking preinitialize():  .Toplevel.Actor1
Invoking preinitialize():  .Toplevel.Actor2
Invoking preinitialize():  .Toplevel.Delay
.Toplevel.Director Finished preinitialize().
### Schedule:
Execute Schedule{
Fire Actor ptolemy.domains.sdf.kernel.test.SDFTestDelay {.Toplevel.Actor1}
Fire Actor ptolemy.domains.sdf.kernel.test.SDFTestDelay {.Toplevel.Actor2}
Fire Actor ptolemy.domains.sdf.lib.SampleDelay {.Toplevel.Delay}
}
### End schedule
Called initialize().
Invoking initialize():  .Toplevel.Actor1
Initializing actor: .Toplevel.Actor1.
Invoking initialize():  .Toplevel.Actor2
Initializing actor: .Toplevel.Actor2.
Invoking initialize():  .Toplevel.Delay
Initializing actor: .Toplevel.Delay.
Director: Called prefire().
-- Setting current time to 0.0
Director prefire returns true.
The actor .Toplevel.Actor1 will be iterated.
The actor .Toplevel.Actor1 was iterated.
The actor .Toplevel.Actor2 will be iterated.
The actor .Toplevel.Actor2 was iterated.
The actor .Toplevel.Delay will be iterated.
The actor .Toplevel.Delay was iterated.
Director: Called postfire().
Postfire returns: true
Director: Called prefire().
-- Setting current time to 0.0
Director prefire returns true.
The actor .Toplevel.Actor1 will be iterated.
The actor .Toplevel.Actor1 was iterated.
The actor .Toplevel.Actor2 will be iterated.
The actor .Toplevel.Actor2 was iterated.
The actor .Toplevel.Delay will be iterated.
The actor .Toplevel.Delay was iterated.
Director: Called postfire().
Postfire returns: true
Director: Called prefire().
-- Setting current time to 0.0
Director prefire returns true.
The actor .Toplevel.Actor1 will be iterated.
The actor .Toplevel.Actor1 was iterated.
The actor .Toplevel.Actor2 will be iterated.
The actor .Toplevel.Actor2 was iterated.
The actor .Toplevel.Delay will be iterated.
The actor .Toplevel.Delay was iterated.
Director: Called postfire().
Postfire returns: true
Director: Called prefire().
-- Setting current time to 0.0
Director prefire returns true.
The actor .Toplevel.Actor1 will be iterated.
The actor .Toplevel.Actor1 was iterated.
The actor .Toplevel.Actor2 will be iterated.
The actor .Toplevel.Actor2 was iterated.
The actor .Toplevel.Delay will be iterated.
The actor .Toplevel.Delay was iterated.
Director: Called postfire().
Postfire returns: true
Director: Called prefire().
-- Setting current time to 0.0
Director prefire returns true.
The actor .Toplevel.Actor1 will be iterated.
The actor .Toplevel.Actor1 was iterated.
The actor .Toplevel.Actor2 will be iterated.
The actor .Toplevel.Actor2 was iterated.
The actor .Toplevel.Delay will be iterated.
The actor .Toplevel.Delay was iterated.
Director: Called postfire().
Postfire returns: true
Director: Called prefire().
-- Setting current time to 0.0
Director prefire returns true.
The actor .Toplevel.Actor1 will be iterated.
The actor .Toplevel.Actor1 was iterated.
The actor .Toplevel.Actor2 will be iterated.
The actor .Toplevel.Actor2 was iterated.
The actor .Toplevel.Delay will be iterated.
The actor .Toplevel.Delay was iterated.
Reached specified number of iterations: 6
Director: Called wrapup().
21 ms. Memory: 116224K Free: 81511K (70%)
05/23/18 01:21:51
Failed: 0  Total Tests: 8  ((Passed: 8, Newly Passed: 0)  Known Failed: 0) /home/travis/build/icyphy/ptII/ptolemy/domains/sdf/test
No auto/knownFailedTests/*.xml tests in /home/travis/build/icyphy/ptII/ptolemy/domains/sdf/test
No auto/*.xml tests in /home/travis/build/icyphy/ptII/ptolemy/domains/sdf/test
AutoTests.java: About to close Vertx.
AutoTests.java: Vertx closed.
----------------- testing Wed May 23 01:21:51 UTC 2018 /home/travis/build/icyphy/ptII/ptolemy/domains/sdf/test/auto/Array.xml
----------------- Instantiating /home/travis/build/icyphy/ptII/ptolemy/domains/sdf/test/auto/Array.xml
33 ms. Memory: 116224K Free: 103156K (89%)
----------------- Invoking toplevel() on ptolemy.moml.MoMLSimpleApplication@2c2e9865
----------------- Done invoking toplevel() on ptolemy.moml.MoMLSimpleApplication@2c2e9865
reloadAllAccessors: .Array
----------------- testing Wed May 23 01:21:52 UTC 2018 /home/travis/build/icyphy/ptII/ptolemy/domains/sdf/test/auto/Butterfly.xml
----------------- Instantiating /home/travis/build/icyphy/ptII/ptolemy/domains/sdf/test/auto/Butterfly.xml
145 ms. Memory: 116224K Free: 96950K (83%)
----------------- Invoking toplevel() on ptolemy.moml.MoMLSimpleApplication@35c4668c
----------------- Done invoking toplevel() on ptolemy.moml.MoMLSimpleApplication@35c4668c
reloadAllAccessors: .Butterfly
----------------- testing Wed May 23 01:21:52 UTC 2018 /home/travis/build/icyphy/ptII/ptolemy/domains/sdf/test/auto/Expression.xml
----------------- Instantiating /home/travis/build/icyphy/ptII/ptolemy/domains/sdf/test/auto/Expression.xml
58 ms. Memory: 116224K Free: 90819K (78%)
----------------- Invoking toplevel() on ptolemy.moml.MoMLSimpleApplication@413d36a4
----------------- Done invoking toplevel() on ptolemy.moml.MoMLSimpleApplication@413d36a4
reloadAllAccessors: .Expression
----------------- testing Wed May 23 01:21:52 UTC 2018 /home/travis/build/icyphy/ptII/ptolemy/domains/sdf/test/auto/Eye.xml
----------------- Instantiating /home/travis/build/icyphy/ptII/ptolemy/domains/sdf/test/auto/Eye.xml
225 ms. Memory: 146944K Free: 125894K (86%)
----------------- Invoking toplevel() on ptolemy.moml.MoMLSimpleApplication@3500b44e
----------------- Done invoking toplevel() on ptolemy.moml.MoMLSimpleApplication@3500b44e
reloadAllAccessors: .Eye
----------------- testing Wed May 23 01:21:52 UTC 2018 /home/travis/build/icyphy/ptII/ptolemy/domains/sdf/test/auto/FixFIR.xml
----------------- Instantiating /home/travis/build/icyphy/ptII/ptolemy/domains/sdf/test/auto/FixFIR.xml
147 ms. Memory: 146944K Free: 89358K (61%)
----------------- Invoking toplevel() on ptolemy.moml.MoMLSimpleApplication@4d2728dc
----------------- Done invoking toplevel() on ptolemy.moml.MoMLSimpleApplication@4d2728dc
reloadAllAccessors: .FixFIR
----------------- testing Wed May 23 01:21:53 UTC 2018 /home/travis/build/icyphy/ptII/ptolemy/domains/sdf/test/auto/FixPoint.xml
----------------- Instantiating /home/travis/build/icyphy/ptII/ptolemy/domains/sdf/test/auto/FixPoint.xml
15 ms. Memory: 146944K Free: 84952K (58%)
----------------- Invoking toplevel() on ptolemy.moml.MoMLSimpleApplication@f3a2619
----------------- Done invoking toplevel() on ptolemy.moml.MoMLSimpleApplication@f3a2619
reloadAllAccessors: .FixPoint
----------------- testing Wed May 23 01:21:53 UTC 2018 /home/travis/build/icyphy/ptII/ptolemy/domains/sdf/test/auto/Gravitation.xml
----------------- Instantiating /home/travis/build/icyphy/ptII/ptolemy/domains/sdf/test/auto/Gravitation.xml
3209 ms. Memory: 209920K Free: 173645K (83%)
----------------- Invoking toplevel() on ptolemy.moml.MoMLSimpleApplication@6a962728
----------------- Done invoking toplevel() on ptolemy.moml.MoMLSimpleApplication@6a962728
reloadAllAccessors: .Gravitation
----------------- testing Wed May 23 01:21:56 UTC 2018 /home/travis/build/icyphy/ptII/ptolemy/domains/sdf/test/auto/GravitationWithCollisionDetection.xml
----------------- Instantiating /home/travis/build/icyphy/ptII/ptolemy/domains/sdf/test/auto/GravitationWithCollisionDetection.xml
6041 ms. Memory: 677376K Free: 656832K (97%)
----------------- Invoking toplevel() on ptolemy.moml.MoMLSimpleApplication@4d69436c
----------------- Done invoking toplevel() on ptolemy.moml.MoMLSimpleApplication@4d69436c
reloadAllAccessors: .GravitationWithCollisionDetection
----------------- testing Wed May 23 01:22:02 UTC 2018 /home/travis/build/icyphy/ptII/ptolemy/domains/sdf/test/auto/HDF.xml
----------------- Instantiating /home/travis/build/icyphy/ptII/ptolemy/domains/sdf/test/auto/HDF.xml
45 ms. Memory: 677376K Free: 632809K (93%)
----------------- Invoking toplevel() on ptolemy.moml.MoMLSimpleApplication@303cc4f9
----------------- Done invoking toplevel() on ptolemy.moml.MoMLSimpleApplication@303cc4f9
reloadAllAccessors: .HDF
----------------- testing Wed May 23 01:22:03 UTC 2018 /home/travis/build/icyphy/ptII/ptolemy/domains/sdf/test/auto/HDFwithTransientStates.xml
----------------- Instantiating /home/travis/build/icyphy/ptII/ptolemy/domains/sdf/test/auto/HDFwithTransientStates.xml
40 ms. Memory: 677376K Free: 608954K (90%)
----------------- Invoking toplevel() on ptolemy.moml.MoMLSimpleApplication@11b5ae1
----------------- Done invoking toplevel() on ptolemy.moml.MoMLSimpleApplication@11b5ae1
reloadAllAccessors: .HDFwithTransientStates
----------------- testing Wed May 23 01:22:03 UTC 2018 /home/travis/build/icyphy/ptII/ptolemy/domains/sdf/test/auto/HTVQ.xml
----------------- Instantiating /home/travis/build/icyphy/ptII/ptolemy/domains/sdf/test/auto/HTVQ.xml
984 ms. Memory: 677376K Free: 441966K (65%)
----------------- Invoking toplevel() on ptolemy.moml.MoMLSimpleApplication@496a8abe
----------------- Done invoking toplevel() on ptolemy.moml.MoMLSimpleApplication@496a8abe
reloadAllAccessors: .HTVQ
----------------- testing Wed May 23 01:22:04 UTC 2018 /home/travis/build/icyphy/ptII/ptolemy/domains/sdf/test/auto/InferInitProduction.xml
----------------- Instantiating /home/travis/build/icyphy/ptII/ptolemy/domains/sdf/test/auto/InferInitProduction.xml
3 ms. Memory: 677376K Free: 430046K (63%)
----------------- Invoking toplevel() on ptolemy.moml.MoMLSimpleApplication@61a1e7d
----------------- Done invoking toplevel() on ptolemy.moml.MoMLSimpleApplication@61a1e7d
reloadAllAccessors: .InferInitProduction
----------------- testing Wed May 23 01:22:04 UTC 2018 /home/travis/build/icyphy/ptII/ptolemy/domains/sdf/test/auto/InferInitProductionDeeper.xml
----------------- Instantiating /home/travis/build/icyphy/ptII/ptolemy/domains/sdf/test/auto/InferInitProductionDeeper.xml
9 ms. Memory: 677376K Free: 418127K (62%)
----------------- Invoking toplevel() on ptolemy.moml.MoMLSimpleApplication@7e17adf0
----------------- Done invoking toplevel() on ptolemy.moml.MoMLSimpleApplication@7e17adf0
reloadAllAccessors: .InferInitProductionDeeper
----------------- testing Wed May 23 01:22:04 UTC 2018 /home/travis/build/icyphy/ptII/ptolemy/domains/sdf/test/auto/LMSAdaptive.xml
----------------- Instantiating /home/travis/build/icyphy/ptII/ptolemy/domains/sdf/test/auto/LMSAdaptive.xml
19 ms. Memory: 677376K Free: 400248K (59%)
----------------- Invoking toplevel() on ptolemy.moml.MoMLSimpleApplication@29ebd57c
----------------- Done invoking toplevel() on ptolemy.moml.MoMLSimpleApplication@29ebd57c
reloadAllAccessors: .LMSAdaptive
----------------- testing Wed May 23 01:22:04 UTC 2018 /home/travis/build/icyphy/ptII/ptolemy/domains/sdf/test/auto/LogisticMap.xml
----------------- Instantiating /home/travis/build/icyphy/ptII/ptolemy/domains/sdf/test/auto/LogisticMap.xml
446 ms. Memory: 677376K Free: 388328K (57%)
----------------- Invoking toplevel() on ptolemy.moml.MoMLSimpleApplication@7b339a08
----------------- Done invoking toplevel() on ptolemy.moml.MoMLSimpleApplication@7b339a08
reloadAllAccessors: .LogisticMap
----------------- testing Wed May 23 01:22:04 UTC 2018 /home/travis/build/icyphy/ptII/ptolemy/domains/sdf/test/auto/MaximumEntropySpectrum.xml
----------------- Instantiating /home/travis/build/icyphy/ptII/ptolemy/domains/sdf/test/auto/MaximumEntropySpectrum.xml
82 ms. Memory: 677376K Free: 316724K (47%)
----------------- Invoking toplevel() on ptolemy.moml.MoMLSimpleApplication@3ec2fdc9
----------------- Done invoking toplevel() on ptolemy.moml.MoMLSimpleApplication@3ec2fdc9
reloadAllAccessors: .MaximumEntropySpectrum
----------------- testing Wed May 23 01:22:05 UTC 2018 /home/travis/build/icyphy/ptII/ptolemy/domains/sdf/test/auto/MultirateSDF.xml
----------------- Instantiating /home/travis/build/icyphy/ptII/ptolemy/domains/sdf/test/auto/MultirateSDF.xml
21 ms. Memory: 677376K Free: 296060K (44%)
----------------- Invoking toplevel() on ptolemy.moml.MoMLSimpleApplication@2a5d436a
----------------- Done invoking toplevel() on ptolemy.moml.MoMLSimpleApplication@2a5d436a
reloadAllAccessors: .MultirateSDF
----------------- testing Wed May 23 01:22:05 UTC 2018 /home/travis/build/icyphy/ptII/ptolemy/domains/sdf/test/auto/MultirateSDFwithTransientStates.xml
----------------- Instantiating /home/travis/build/icyphy/ptII/ptolemy/domains/sdf/test/auto/MultirateSDFwithTransientStates.xml
18 ms. Memory: 677376K Free: 272221K (40%)
----------------- Invoking toplevel() on ptolemy.moml.MoMLSimpleApplication@69610e48
----------------- Done invoking toplevel() on ptolemy.moml.MoMLSimpleApplication@69610e48
reloadAllAccessors: .MultirateSDFwithTransientStates
----------------- testing Wed May 23 01:22:05 UTC 2018 /home/travis/build/icyphy/ptII/ptolemy/domains/sdf/test/auto/NoisySinewave.xml
----------------- Instantiating /home/travis/build/icyphy/ptII/ptolemy/domains/sdf/test/auto/NoisySinewave.xml
13 ms. Memory: 677376K Free: 248358K (37%)
----------------- Invoking toplevel() on ptolemy.moml.MoMLSimpleApplication@56bd18e5
----------------- Done invoking toplevel() on ptolemy.moml.MoMLSimpleApplication@56bd18e5
reloadAllAccessors: .NoisySinewave
----------------- testing Wed May 23 01:22:05 UTC 2018 /home/travis/build/icyphy/ptII/ptolemy/domains/sdf/test/auto/Objects.xml
----------------- Instantiating /home/travis/build/icyphy/ptII/ptolemy/domains/sdf/test/auto/Objects.xml
3 ms. Memory: 677376K Free: 230463K (34%)
----------------- Invoking toplevel() on ptolemy.moml.MoMLSimpleApplication@43414126
----------------- Done invoking toplevel() on ptolemy.moml.MoMLSimpleApplication@43414126
reloadAllAccessors: .Objects
----------------- testing Wed May 23 01:22:05 UTC 2018 /home/travis/build/icyphy/ptII/ptolemy/domains/sdf/test/auto/OrthogonalCom.xml
----------------- Instantiating /home/travis/build/icyphy/ptII/ptolemy/domains/sdf/test/auto/OrthogonalCom.xml
7 ms. Memory: 677376K Free: 212568K (31%)
----------------- Invoking toplevel() on ptolemy.moml.MoMLSimpleApplication@4ef0adf
----------------- Done invoking toplevel() on ptolemy.moml.MoMLSimpleApplication@4ef0adf
reloadAllAccessors: .OrthogonalCom
----------------- testing Wed May 23 01:22:05 UTC 2018 /home/travis/build/icyphy/ptII/ptolemy/domains/sdf/test/auto/RijndaelEncryption.xml
----------------- Instantiating /home/travis/build/icyphy/ptII/ptolemy/domains/sdf/test/auto/RijndaelEncryption.xml
346 ms. Memory: 652288K Free: 620920K (95%)
----------------- Invoking toplevel() on ptolemy.moml.MoMLSimpleApplication@50813c32
----------------- Done invoking toplevel() on ptolemy.moml.MoMLSimpleApplication@50813c32
reloadAllAccessors: .RijndaelEncryption
----------------- testing Wed May 23 01:22:06 UTC 2018 /home/travis/build/icyphy/ptII/ptolemy/domains/sdf/test/auto/SDFEmptyIterations.xml
----------------- Instantiating /home/travis/build/icyphy/ptII/ptolemy/domains/sdf/test/auto/SDFEmptyIterations.xml
7 ms. Memory: 652288K Free: 607744K (93%)
----------------- Invoking toplevel() on ptolemy.moml.MoMLSimpleApplication@59da7330
----------------- Done invoking toplevel() on ptolemy.moml.MoMLSimpleApplication@59da7330
reloadAllAccessors: .SDFEmptyIterations
----------------- testing Wed May 23 01:22:06 UTC 2018 /home/travis/build/icyphy/ptII/ptolemy/domains/sdf/test/auto/Spectrum.xml
----------------- Instantiating /home/travis/build/icyphy/ptII/ptolemy/domains/sdf/test/auto/Spectrum.xml
51 ms. Memory: 652288K Free: 577412K (89%)
----------------- Invoking toplevel() on ptolemy.moml.MoMLSimpleApplication@7027e415
----------------- Done invoking toplevel() on ptolemy.moml.MoMLSimpleApplication@7027e415
reloadAllAccessors: .Spectrum
----------------- testing Wed May 23 01:22:06 UTC 2018 /home/travis/build/icyphy/ptII/ptolemy/domains/sdf/test/auto/de_inside_sdf.xml
----------------- Instantiating /home/travis/build/icyphy/ptII/ptolemy/domains/sdf/test/auto/de_inside_sdf.xml
7 ms. Memory: 652288K Free: 569765K (87%)
----------------- Invoking toplevel() on ptolemy.moml.MoMLSimpleApplication@527abb96
----------------- Done invoking toplevel() on ptolemy.moml.MoMLSimpleApplication@527abb96
reloadAllAccessors: .de_inside_sdf
----------------- testing Wed May 23 01:22:06 UTC 2018 /home/travis/build/icyphy/ptII/ptolemy/domains/sdf/test/auto/disconnectedHierarchicalSDF.xml
----------------- Instantiating /home/travis/build/icyphy/ptII/ptolemy/domains/sdf/test/auto/disconnectedHierarchicalSDF.xml
5 ms. Memory: 652288K Free: 558393K (86%)
----------------- Invoking toplevel() on ptolemy.moml.MoMLSimpleApplication@5e640188
----------------- Done invoking toplevel() on ptolemy.moml.MoMLSimpleApplication@5e640188
reloadAllAccessors: .disconnectedHierarchicalSDF
----------------- testing Wed May 23 01:22:06 UTC 2018 /home/travis/build/icyphy/ptII/ptolemy/domains/sdf/test/auto/disconnectedSDF.xml
----------------- Instantiating /home/travis/build/icyphy/ptII/ptolemy/domains/sdf/test/auto/disconnectedSDF.xml
2 ms. Memory: 652288K Free: 550822K (84%)
----------------- Invoking toplevel() on ptolemy.moml.MoMLSimpleApplication@75adceed
----------------- Done invoking toplevel() on ptolemy.moml.MoMLSimpleApplication@75adceed
reloadAllAccessors: .disconnectedSDF
----------------- testing Wed May 23 01:22:06 UTC 2018 /home/travis/build/icyphy/ptII/ptolemy/domains/sdf/test/auto/emptyRefinement.xml
----------------- Instantiating /home/travis/build/icyphy/ptII/ptolemy/domains/sdf/test/auto/emptyRefinement.xml
3 ms. Memory: 652288K Free: 541507K (83%)
----------------- Invoking toplevel() on ptolemy.moml.MoMLSimpleApplication@4097594e
----------------- Done invoking toplevel() on ptolemy.moml.MoMLSimpleApplication@4097594e
reloadAllAccessors: .emptyRefinement
----------------- testing Wed May 23 01:22:06 UTC 2018 /home/travis/build/icyphy/ptII/ptolemy/domains/sdf/test/auto/filePortParameter.xml
----------------- Instantiating /home/travis/build/icyphy/ptII/ptolemy/domains/sdf/test/auto/filePortParameter.xml
15 ms. Memory: 652288K Free: 530143K (81%)
----------------- Invoking toplevel() on ptolemy.moml.MoMLSimpleApplication@35df41d8
----------------- Done invoking toplevel() on ptolemy.moml.MoMLSimpleApplication@35df41d8
reloadAllAccessors: .filePortParameter
----------------- testing Wed May 23 01:22:06 UTC 2018 /home/travis/build/icyphy/ptII/ptolemy/domains/sdf/test/auto/inferRelationWidth1.xml
----------------- Instantiating /home/travis/build/icyphy/ptII/ptolemy/domains/sdf/test/auto/inferRelationWidth1.xml
2 ms. Memory: 652288K Free: 522572K (80%)
----------------- Invoking toplevel() on ptolemy.moml.MoMLSimpleApplication@4bff8418
----------------- Done invoking toplevel() on ptolemy.moml.MoMLSimpleApplication@4bff8418
reloadAllAccessors: .inferRelationWidth1
----------------- testing Wed May 23 01:22:06 UTC 2018 /home/travis/build/icyphy/ptII/ptolemy/domains/sdf/test/auto/initProductionInference.xml
----------------- Instantiating /home/travis/build/icyphy/ptII/ptolemy/domains/sdf/test/auto/initProductionInference.xml
8 ms. Memory: 652288K Free: 515001K (79%)
----------------- Invoking toplevel() on ptolemy.moml.MoMLSimpleApplication@2377000
----------------- Done invoking toplevel() on ptolemy.moml.MoMLSimpleApplication@2377000
reloadAllAccessors: .initProductionInference
----------------- testing Wed May 23 01:22:06 UTC 2018 /home/travis/build/icyphy/ptII/ptolemy/domains/sdf/test/auto/relationGroup.xml
----------------- Instantiating /home/travis/build/icyphy/ptII/ptolemy/domains/sdf/test/auto/relationGroup.xml
2 ms. Memory: 652288K Free: 507431K (78%)
----------------- Invoking toplevel() on ptolemy.moml.MoMLSimpleApplication@327ebf66
----------------- Done invoking toplevel() on ptolemy.moml.MoMLSimpleApplication@327ebf66
reloadAllAccessors: .relationGroup
----------------- testing Wed May 23 01:22:06 UTC 2018 /home/travis/build/icyphy/ptII/ptolemy/domains/sdf/test/auto/relationGroup10.xml
----------------- Instantiating /home/travis/build/icyphy/ptII/ptolemy/domains/sdf/test/auto/relationGroup10.xml
2 ms. Memory: 652288K Free: 498116K (76%)
----------------- Invoking toplevel() on ptolemy.moml.MoMLSimpleApplication@43cb0e71
----------------- Done invoking toplevel() on ptolemy.moml.MoMLSimpleApplication@43cb0e71
reloadAllAccessors: .relationGroup10
----------------- testing Wed May 23 01:22:06 UTC 2018 /home/travis/build/icyphy/ptII/ptolemy/domains/sdf/test/auto/relationGroup11.xml
----------------- Instantiating /home/travis/build/icyphy/ptII/ptolemy/domains/sdf/test/auto/relationGroup11.xml
3 ms. Memory: 652288K Free: 490545K (75%)
----------------- Invoking toplevel() on ptolemy.moml.MoMLSimpleApplication@48aa5d43
----------------- Done invoking toplevel() on ptolemy.moml.MoMLSimpleApplication@48aa5d43
reloadAllAccessors: .relationGroup11
----------------- testing Wed May 23 01:22:06 UTC 2018 /home/travis/build/icyphy/ptII/ptolemy/domains/sdf/test/auto/relationGroup12.xml
----------------- Instantiating /home/travis/build/icyphy/ptII/ptolemy/domains/sdf/test/auto/relationGroup12.xml
2 ms. Memory: 652288K Free: 482975K (74%)
----------------- Invoking toplevel() on ptolemy.moml.MoMLSimpleApplication@4c4012bb
----------------- Done invoking toplevel() on ptolemy.moml.MoMLSimpleApplication@4c4012bb
reloadAllAccessors: .relationGroup12
----------------- testing Wed May 23 01:22:06 UTC 2018 /home/travis/build/icyphy/ptII/ptolemy/domains/sdf/test/auto/relationGroup13.xml
----------------- Instantiating /home/travis/build/icyphy/ptII/ptolemy/domains/sdf/test/auto/relationGroup13.xml
6 ms. Memory: 652288K Free: 475404K (73%)
----------------- Invoking toplevel() on ptolemy.moml.MoMLSimpleApplication@18b962b5
----------------- Done invoking toplevel() on ptolemy.moml.MoMLSimpleApplication@18b962b5
reloadAllAccessors: .relationGroup13
----------------- testing Wed May 23 01:22:06 UTC 2018 /home/travis/build/icyphy/ptII/ptolemy/domains/sdf/test/auto/relationGroup14.xml
----------------- Instantiating /home/travis/build/icyphy/ptII/ptolemy/domains/sdf/test/auto/relationGroup14.xml
4 ms. Memory: 652288K Free: 467833K (72%)
----------------- Invoking toplevel() on ptolemy.moml.MoMLSimpleApplication@59ed057f
----------------- Done invoking toplevel() on ptolemy.moml.MoMLSimpleApplication@59ed057f
reloadAllAccessors: .relationGroup14
----------------- testing Wed May 23 01:22:06 UTC 2018 /home/travis/build/icyphy/ptII/ptolemy/domains/sdf/test/auto/relationGroup15.xml
----------------- Instantiating /home/travis/build/icyphy/ptII/ptolemy/domains/sdf/test/auto/relationGroup15.xml
2 ms. Memory: 652288K Free: 458519K (70%)
----------------- Invoking toplevel() on ptolemy.moml.MoMLSimpleApplication@11ad2fef
----------------- Done invoking toplevel() on ptolemy.moml.MoMLSimpleApplication@11ad2fef
reloadAllAccessors: .relationGroup15
----------------- testing Wed May 23 01:22:06 UTC 2018 /home/travis/build/icyphy/ptII/ptolemy/domains/sdf/test/auto/relationGroup2.xml
----------------- Instantiating /home/travis/build/icyphy/ptII/ptolemy/domains/sdf/test/auto/relationGroup2.xml
2 ms. Memory: 652288K Free: 450948K (69%)
----------------- Invoking toplevel() on ptolemy.moml.MoMLSimpleApplication@364aeab4
----------------- Done invoking toplevel() on ptolemy.moml.MoMLSimpleApplication@364aeab4
reloadAllAccessors: .relationGroup2
----------------- testing Wed May 23 01:22:06 UTC 2018 /home/travis/build/icyphy/ptII/ptolemy/domains/sdf/test/auto/relationGroup3.xml
----------------- Instantiating /home/travis/build/icyphy/ptII/ptolemy/domains/sdf/test/auto/relationGroup3.xml
2 ms. Memory: 652288K Free: 443377K (68%)
----------------- Invoking toplevel() on ptolemy.moml.MoMLSimpleApplication@4f09623e
----------------- Done invoking toplevel() on ptolemy.moml.MoMLSimpleApplication@4f09623e
reloadAllAccessors: .relationGroup3
----------------- testing Wed May 23 01:22:06 UTC 2018 /home/travis/build/icyphy/ptII/ptolemy/domains/sdf/test/auto/relationGroup4.xml
----------------- Instantiating /home/travis/build/icyphy/ptII/ptolemy/domains/sdf/test/auto/relationGroup4.xml
6 ms. Memory: 652288K Free: 435806K (67%)
----------------- Invoking toplevel() on ptolemy.moml.MoMLSimpleApplication@65fef369
----------------- Done invoking toplevel() on ptolemy.moml.MoMLSimpleApplication@65fef369
reloadAllAccessors: .relationGroup4
----------------- testing Wed May 23 01:22:06 UTC 2018 /home/travis/build/icyphy/ptII/ptolemy/domains/sdf/test/auto/relationGroup5.xml
----------------- Instantiating /home/travis/build/icyphy/ptII/ptolemy/domains/sdf/test/auto/relationGroup5.xml
3 ms. Memory: 652288K Free: 428235K (66%)
----------------- Invoking toplevel() on ptolemy.moml.MoMLSimpleApplication@3127bb8b
----------------- Done invoking toplevel() on ptolemy.moml.MoMLSimpleApplication@3127bb8b
reloadAllAccessors: .relationGroup5
----------------- testing Wed May 23 01:22:06 UTC 2018 /home/travis/build/icyphy/ptII/ptolemy/domains/sdf/test/auto/relationGroup6.xml
----------------- Instantiating /home/travis/build/icyphy/ptII/ptolemy/domains/sdf/test/auto/relationGroup6.xml
5 ms. Memory: 652288K Free: 418921K (64%)
----------------- Invoking toplevel() on ptolemy.moml.MoMLSimpleApplication@507623ca
----------------- Done invoking toplevel() on ptolemy.moml.MoMLSimpleApplication@507623ca
reloadAllAccessors: .relationGroup6
----------------- testing Wed May 23 01:22:06 UTC 2018 /home/travis/build/icyphy/ptII/ptolemy/domains/sdf/test/auto/relationGroup7.xml
----------------- Instantiating /home/travis/build/icyphy/ptII/ptolemy/domains/sdf/test/auto/relationGroup7.xml
2 ms. Memory: 652288K Free: 411350K (63%)
----------------- Invoking toplevel() on ptolemy.moml.MoMLSimpleApplication@11f0a397
----------------- Done invoking toplevel() on ptolemy.moml.MoMLSimpleApplication@11f0a397
reloadAllAccessors: .relationGroup7
----------------- testing Wed May 23 01:22:06 UTC 2018 /home/travis/build/icyphy/ptII/ptolemy/domains/sdf/test/auto/relationGroup8.xml
----------------- Instantiating /home/travis/build/icyphy/ptII/ptolemy/domains/sdf/test/auto/relationGroup8.xml
2 ms. Memory: 652288K Free: 403780K (62%)
----------------- Invoking toplevel() on ptolemy.moml.MoMLSimpleApplication@237cbba1
----------------- Done invoking toplevel() on ptolemy.moml.MoMLSimpleApplication@237cbba1
reloadAllAccessors: .relationGroup8
----------------- testing Wed May 23 01:22:06 UTC 2018 /home/travis/build/icyphy/ptII/ptolemy/domains/sdf/test/auto/relationGroup9.xml
----------------- Instantiating /home/travis/build/icyphy/ptII/ptolemy/domains/sdf/test/auto/relationGroup9.xml
6 ms. Memory: 652288K Free: 396209K (61%)
----------------- Invoking toplevel() on ptolemy.moml.MoMLSimpleApplication@1dede754
----------------- Done invoking toplevel() on ptolemy.moml.MoMLSimpleApplication@1dede754
reloadAllAccessors: .relationGroup9
----------------- testing Wed May 23 01:22:06 UTC 2018 /home/travis/build/icyphy/ptII/ptolemy/domains/sdf/test/auto/sdf_inside_de.xml
----------------- Instantiating /home/travis/build/icyphy/ptII/ptolemy/domains/sdf/test/auto/sdf_inside_de.xml
14 ms. Memory: 652288K Free: 381035K (58%)
----------------- Invoking toplevel() on ptolemy.moml.MoMLSimpleApplication@4f8c520b
----------------- Done invoking toplevel() on ptolemy.moml.MoMLSimpleApplication@4f8c520b
reloadAllAccessors: .sdf_inside_de
----------------- testing Wed May 23 01:22:06 UTC 2018 /home/travis/build/icyphy/ptII/ptolemy/domains/sdf/test/auto/sdf_inside_pn.xml
----------------- Instantiating /home/travis/build/icyphy/ptII/ptolemy/domains/sdf/test/auto/sdf_inside_pn.xml
44 ms. Memory: 652288K Free: 348993K (54%)
----------------- Invoking toplevel() on ptolemy.moml.MoMLSimpleApplication@eb7f513
----------------- Done invoking toplevel() on ptolemy.moml.MoMLSimpleApplication@eb7f513
reloadAllAccessors: .sdf_inside_pn
----------------- testing Wed May 23 01:22:06 UTC 2018 /home/travis/build/icyphy/ptII/ptolemy/domains/sdf/test/auto/sdf_sdf1.xml
----------------- Instantiating /home/travis/build/icyphy/ptII/ptolemy/domains/sdf/test/auto/sdf_sdf1.xml
4 ms. Memory: 652288K Free: 337636K (52%)
----------------- Invoking toplevel() on ptolemy.moml.MoMLSimpleApplication@16ae5a70
----------------- Done invoking toplevel() on ptolemy.moml.MoMLSimpleApplication@16ae5a70
reloadAllAccessors: .sdf_sdf1
----------------- testing Wed May 23 01:22:06 UTC 2018 /home/travis/build/icyphy/ptII/ptolemy/domains/sdf/test/auto/test1.xml
----------------- Instantiating /home/travis/build/icyphy/ptII/ptolemy/domains/sdf/test/auto/test1.xml
2 ms. Memory: 652288K Free: 326280K (50%)
----------------- Invoking toplevel() on ptolemy.moml.MoMLSimpleApplication@543d78f7
----------------- Done invoking toplevel() on ptolemy.moml.MoMLSimpleApplication@543d78f7
reloadAllAccessors: .test1
----------------- testing Wed May 23 01:22:06 UTC 2018 /home/travis/build/icyphy/ptII/ptolemy/domains/sdf/test/auto/time1.xml
----------------- Instantiating /home/travis/build/icyphy/ptII/ptolemy/domains/sdf/test/auto/time1.xml
2 ms. Memory: 652288K Free: 318709K (49%)
----------------- Invoking toplevel() on ptolemy.moml.MoMLSimpleApplication@216a69d3
----------------- Done invoking toplevel() on ptolemy.moml.MoMLSimpleApplication@216a69d3
reloadAllAccessors: .time1
----------------- testing Wed May 23 01:22:07 UTC 2018 /home/travis/build/icyphy/ptII/ptolemy/domains/sdf/test/auto/time2.xml
----------------- Instantiating /home/travis/build/icyphy/ptII/ptolemy/domains/sdf/test/auto/time2.xml
10 ms. Memory: 652288K Free: 311138K (48%)
----------------- Invoking toplevel() on ptolemy.moml.MoMLSimpleApplication@5b9cbe4b
----------------- Done invoking toplevel() on ptolemy.moml.MoMLSimpleApplication@5b9cbe4b
reloadAllAccessors: .time2
----------------- testing Wed May 23 01:22:07 UTC 2018 /home/travis/build/icyphy/ptII/ptolemy/domains/sdf/test/auto/time3.xml
----------------- Instantiating /home/travis/build/icyphy/ptII/ptolemy/domains/sdf/test/auto/time3.xml
7 ms. Memory: 652288K Free: 298023K (46%)
----------------- Invoking toplevel() on ptolemy.moml.MoMLSimpleApplication@7af85ec6
----------------- Done invoking toplevel() on ptolemy.moml.MoMLSimpleApplication@7af85ec6
reloadAllAccessors: .time3
----------------- testing Wed May 23 01:22:07 UTC 2018 /home/travis/build/icyphy/ptII/ptolemy/domains/sdf/test/auto/time4.xml
----------------- Instantiating /home/travis/build/icyphy/ptII/ptolemy/domains/sdf/test/auto/time4.xml
6 ms. Memory: 652288K Free: 286650K (44%)
----------------- Invoking toplevel() on ptolemy.moml.MoMLSimpleApplication@68cee70d
----------------- Done invoking toplevel() on ptolemy.moml.MoMLSimpleApplication@68cee70d
reloadAllAccessors: .time4
----------------- testing Wed May 23 01:22:07 UTC 2018 /home/travis/build/icyphy/ptII/ptolemy/domains/sdf/test/auto/time5.xml
----------------- Instantiating /home/travis/build/icyphy/ptII/ptolemy/domains/sdf/test/auto/time5.xml
4001 ms. Memory: 652288K Free: 279079K (43%)
----------------- Invoking toplevel() on ptolemy.moml.MoMLSimpleApplication@53a55646
----------------- Done invoking toplevel() on ptolemy.moml.MoMLSimpleApplication@53a55646
reloadAllAccessors: .time5
----------------- testing Wed May 23 01:22:11 UTC 2018 /home/travis/build/icyphy/ptII/ptolemy/domains/sdf/test/auto/typeSystem_Const_Integer_smallest_Type.xml
----------------- Instantiating /home/travis/build/icyphy/ptII/ptolemy/domains/sdf/test/auto/typeSystem_Const_Integer_smallest_Type.xml
3 ms. Memory: 652288K Free: 267707K (41%)
----------------- Invoking toplevel() on ptolemy.moml.MoMLSimpleApplication@3ecf027b
----------------- Done invoking toplevel() on ptolemy.moml.MoMLSimpleApplication@3ecf027b
reloadAllAccessors: .typeSystem_Const_Integer_smallest_Type
----------------- testing Wed May 23 01:22:11 UTC 2018 /home/travis/build/icyphy/ptII/ptolemy/domains/sdf/test/auto/typeSystem_declared_Inports_OutportTypeException.xml
----------------- Instantiating /home/travis/build/icyphy/ptII/ptolemy/domains/sdf/test/auto/typeSystem_declared_Inports_OutportTypeException.xml
.typeSystem_declared_Inports_OutportTypeException.TestExceptionAttribute: initialize() was not invoked, but wrapup() was.  This is unusual, but not always a problem.  For example, exporting JNLP will do this.
2 ms. Memory: 652288K Free: 258393K (40%)
----------------- Invoking toplevel() on ptolemy.moml.MoMLSimpleApplication@7d20e087
----------------- Done invoking toplevel() on ptolemy.moml.MoMLSimpleApplication@7d20e087
reloadAllAccessors: .typeSystem_declared_Inports_OutportTypeException
----------------- testing Wed May 23 01:22:11 UTC 2018 /home/travis/build/icyphy/ptII/ptolemy/domains/sdf/test/auto/typeSystem_oneDeclaredInportType_wrongTypeOutport.xml
----------------- Instantiating /home/travis/build/icyphy/ptII/ptolemy/domains/sdf/test/auto/typeSystem_oneDeclaredInportType_wrongTypeOutport.xml
3 ms. Memory: 652288K Free: 250822K (38%)
----------------- Invoking toplevel() on ptolemy.moml.MoMLSimpleApplication@2de401d5
----------------- Done invoking toplevel() on ptolemy.moml.MoMLSimpleApplication@2de401d5
reloadAllAccessors: .typeSystem_oneDeclaredInportType_wrongTypeOutport
----------------- testing Wed May 23 01:22:11 UTC 2018 /home/travis/build/icyphy/ptII/ptolemy/domains/sdf/test/auto/width.xml
----------------- Instantiating /home/travis/build/icyphy/ptII/ptolemy/domains/sdf/test/auto/width.xml
3 ms. Memory: 652288K Free: 243252K (37%)
----------------- Invoking toplevel() on ptolemy.moml.MoMLSimpleApplication@59d75b91
----------------- Done invoking toplevel() on ptolemy.moml.MoMLSimpleApplication@59d75b91
reloadAllAccessors: .width
----------------- testing Wed May 23 01:22:11 UTC 2018 /home/travis/build/icyphy/ptII/ptolemy/domains/sdf/test/auto/width2.xml
----------------- Instantiating /home/travis/build/icyphy/ptII/ptolemy/domains/sdf/test/auto/width2.xml
25 ms. Memory: 652288K Free: 235681K (36%)
----------------- Invoking toplevel() on ptolemy.moml.MoMLSimpleApplication@16a81d1e
----------------- Done invoking toplevel() on ptolemy.moml.MoMLSimpleApplication@16a81d1e
reloadAllAccessors: .width2
----------------- testing Wed May 23 01:22:11 UTC 2018 /home/travis/build/icyphy/ptII/ptolemy/domains/sdf/test/auto/width3.xml
----------------- Instantiating /home/travis/build/icyphy/ptII/ptolemy/domains/sdf/test/auto/width3.xml
26 ms. Memory: 652288K Free: 228110K (35%)
----------------- Invoking toplevel() on ptolemy.moml.MoMLSimpleApplication@5bc3ca67
----------------- Done invoking toplevel() on ptolemy.moml.MoMLSimpleApplication@5bc3ca67
reloadAllAccessors: .width3
AutoTests.java: About to close Vertx.
AutoTests.java: Vertx closed.
]]></system-out>
  <system-err><![CDATA[java.lang.RuntimeException: Execution failed
	at ptolemy.moml.MoMLSimpleApplication$UnloadThread.run(MoMLSimpleApplication.java:402)
Caused by: ptolemy.actor.sched.NotSchedulableException: No solution exists for the balance equations.
Graph is not consistent under the SDF domain detected on external port .rateConsistency.actor.port2
  in .rateConsistency.SDF Director.Scheduler
	at ptolemy.domains.sdf.kernel.SDFScheduler._propagatePort(SDFScheduler.java:1425)
	at ptolemy.domains.sdf.kernel.SDFScheduler._solveBalanceEquations(SDFScheduler.java:710)
	at ptolemy.domains.sdf.kernel.SDFScheduler._getSchedule(SDFScheduler.java:566)
	at ptolemy.actor.sched.Scheduler.getSchedule(Scheduler.java:189)
	at ptolemy.domains.sdf.kernel.SDFDirector.createSchedule(SDFDirector.java:408)
	at ptolemy.domains.sdf.kernel.SDFDirector.preinitialize(SDFDirector.java:764)
	at ptolemy.actor.CompositeActor.preinitialize(CompositeActor.java:1828)
	at ptolemy.actor.Manager.preinitializeAndResolveTypes(Manager.java:1040)
	at ptolemy.actor.Manager.initialize(Manager.java:710)
	at ptolemy.actor.Manager.execute(Manager.java:356)
	at ptolemy.actor.Manager.run(Manager.java:1263)
	at ptolemy.actor.Manager$PtolemyRunThread.run(Manager.java:1915)
java.lang.RuntimeException: Execution failed
	at ptolemy.moml.MoMLSimpleApplication$UnloadThread.run(MoMLSimpleApplication.java:402)
Caused by: ptolemy.kernel.util.IllegalActionException: Failed to compute schedule:
  in .badRateChanges.typed composite actor.SDF Director
Because:
The SDF rate parameter may change. This is not allowed in SDF models that will be run through the code generator.  If you don't care about code generation, then you might consider setting the allowRateChanges parameter of the SDF director to false.
  in .badRateChanges.typed composite actor.Repeat.output.tokenProductionRate
	at ptolemy.domains.sdf.kernel.SDFDirector.createSchedule(SDFDirector.java:418)
	at ptolemy.domains.sdf.kernel.SDFDirector.preinitialize(SDFDirector.java:764)
	at ptolemy.actor.CompositeActor.preinitialize(CompositeActor.java:1828)
	at ptolemy.actor.Director.preinitialize(Director.java:1302)
	at ptolemy.actor.Director.preinitialize(Director.java:1257)
	at ptolemy.domains.sdf.kernel.SDFDirector.preinitialize(SDFDirector.java:763)
	at ptolemy.actor.CompositeActor.preinitialize(CompositeActor.java:1828)
	at ptolemy.actor.Manager.preinitializeAndResolveTypes(Manager.java:1040)
	at ptolemy.actor.Manager.initialize(Manager.java:710)
	at ptolemy.actor.Manager.execute(Manager.java:356)
	at ptolemy.actor.Manager.run(Manager.java:1263)
	at ptolemy.actor.Manager$PtolemyRunThread.run(Manager.java:1915)
Caused by: ptolemy.kernel.util.IllegalActionException: The SDF rate parameter may change. This is not allowed in SDF models that will be run through the code generator.  If you don't care about code generation, then you might consider setting the allowRateChanges parameter of the SDF director to false.
  in .badRateChanges.typed composite actor.Repeat.output.tokenProductionRate
	at ptolemy.domains.sdf.kernel.SDFScheduler._assertDynamicRateVariable(SDFScheduler.java:931)
	at ptolemy.domains.sdf.kernel.SDFScheduler._checkDynamicRateVariables(SDFScheduler.java:339)
	at ptolemy.domains.sdf.kernel.SDFScheduler._getSchedule(SDFScheduler.java:527)
	at ptolemy.actor.sched.Scheduler.getSchedule(Scheduler.java:189)
	at ptolemy.domains.sdf.kernel.SDFDirector.createSchedule(SDFDirector.java:408)
	... 11 more
java.lang.RuntimeException: Execution failed
	at ptolemy.moml.MoMLSimpleApplication$UnloadThread.run(MoMLSimpleApplication.java:402)
Caused by: ptolemy.kernel.util.IllegalActionException: Failed to compute schedule:
  in .badRateChanges2.typed composite actor.SDF Director
Because:
The SDF rate parameter may change. This is not allowed in SDF models that will be run through the code generator.  If you don't care about code generation, then you might consider setting the allowRateChanges parameter of the SDF director to false.
  in .badRateChanges2.typed composite actor.Repeat.output.tokenProductionRate
	at ptolemy.domains.sdf.kernel.SDFDirector.createSchedule(SDFDirector.java:418)
	at ptolemy.domains.sdf.kernel.SDFDirector.preinitialize(SDFDirector.java:764)
	at ptolemy.actor.CompositeActor.preinitialize(CompositeActor.java:1828)
	at ptolemy.actor.Director.preinitialize(Director.java:1302)
	at ptolemy.actor.Director.preinitialize(Director.java:1257)
	at ptolemy.domains.sdf.kernel.SDFDirector.preinitialize(SDFDirector.java:763)
	at ptolemy.actor.CompositeActor.preinitialize(CompositeActor.java:1828)
	at ptolemy.actor.Manager.preinitializeAndResolveTypes(Manager.java:1040)
	at ptolemy.actor.Manager.initialize(Manager.java:710)
	at ptolemy.actor.Manager.execute(Manager.java:356)
	at ptolemy.actor.Manager.run(Manager.java:1263)
	at ptolemy.actor.Manager$PtolemyRunThread.run(Manager.java:1915)
Caused by: ptolemy.kernel.util.IllegalActionException: The SDF rate parameter may change. This is not allowed in SDF models that will be run through the code generator.  If you don't care about code generation, then you might consider setting the allowRateChanges parameter of the SDF director to false.
  in .badRateChanges2.typed composite actor.Repeat.output.tokenProductionRate
	at ptolemy.domains.sdf.kernel.SDFScheduler._assertDynamicRateVariable(SDFScheduler.java:931)
	at ptolemy.domains.sdf.kernel.SDFScheduler._checkDynamicRateVariables(SDFScheduler.java:339)
	at ptolemy.domains.sdf.kernel.SDFScheduler._getSchedule(SDFScheduler.java:527)
	at ptolemy.actor.sched.Scheduler.getSchedule(Scheduler.java:189)
	at ptolemy.domains.sdf.kernel.SDFDirector.createSchedule(SDFDirector.java:408)
	... 11 more
java.lang.RuntimeException: Execution failed
	at ptolemy.moml.MoMLSimpleApplication$UnloadThread.run(MoMLSimpleApplication.java:402)
Caused by: ptolemy.actor.sched.NotSchedulableException: Actors remain that cannot be scheduled!

There are several possible reasons:
* SDF Graphs with feedback loops should have an actor with a delay in the loop, such as a SampleDelay.
* The SDF director has an "allowDisconnectedGraphs"parameter, which, when true, permits disconnected SDF graphs.
* The token consumption rate and production rates might be mismatched.
Usually, actors produce one token or consume one token on a port.  To produce or consume multiple tokens per firing, add a "tokenConsumptionRate" or "tokenProductionRate" parameter to the appropriate port.
Unscheduled actors:
.partiallyConnected.Const2 
Scheduled actors:
.partiallyConnected.Const 
  in .partiallyConnected.SDF Director.Scheduler
	at ptolemy.domains.sdf.kernel.SDFScheduler._scheduleConnectedActors(SDFScheduler.java:1828)
	at ptolemy.domains.sdf.kernel.SDFScheduler._getSchedule(SDFScheduler.java:587)
	at ptolemy.actor.sched.Scheduler.getSchedule(Scheduler.java:189)
	at ptolemy.domains.sdf.kernel.SDFDirector.createSchedule(SDFDirector.java:408)
	at ptolemy.domains.sdf.kernel.SDFDirector.preinitialize(SDFDirector.java:764)
	at ptolemy.actor.CompositeActor.preinitialize(CompositeActor.java:1828)
	at ptolemy.actor.Manager.preinitializeAndResolveTypes(Manager.java:1040)
	at ptolemy.actor.Manager.initialize(Manager.java:710)
	at ptolemy.actor.Manager.execute(Manager.java:356)
	at ptolemy.actor.Manager.run(Manager.java:1263)
	at ptolemy.actor.Manager$PtolemyRunThread.run(Manager.java:1915)
]]></system-err>
</testsuite>
