<?xml version="1.0" encoding="UTF-8" ?>
<testsuite errors="0" failures="0" hostname="travis-job-80c11cbe-05a9-4e64-b661-937427fa0f8d" name="ptolemy.domains.sdf.lib.test.junit.JUnitTclTest" skipped="0" tests="82" time="8.933" timestamp="2018-05-23T15:10:04">
  <properties>
[...]
</properties>
  <testcase classname="ptolemy.util.test.junit.TclTests" name="[0] /home/travis/build/icyphy/ptII/ptolemy/domains/sdf/lib/test/ArrayToSequence.tcl (RunTclFile)" time="0.542" />
  <testcase classname="ptolemy.util.test.junit.TclTests" name="[1] /home/travis/build/icyphy/ptII/ptolemy/domains/sdf/lib/test/BitsToInt.tcl (RunTclFile)" time="0.058" />
  <testcase classname="ptolemy.util.test.junit.TclTests" name="[2] /home/travis/build/icyphy/ptII/ptolemy/domains/sdf/lib/test/DelayLine.tcl (RunTclFile)" time="0.035" />
  <testcase classname="ptolemy.util.test.junit.TclTests" name="[3] /home/travis/build/icyphy/ptII/ptolemy/domains/sdf/lib/test/FFT.tcl (RunTclFile)" time="0.026" />
  <testcase classname="ptolemy.util.test.junit.TclTests" name="[4] /home/travis/build/icyphy/ptII/ptolemy/domains/sdf/lib/test/FIR.tcl (RunTclFile)" time="0.093" />
  <testcase classname="ptolemy.util.test.junit.TclTests" name="[5] /home/travis/build/icyphy/ptII/ptolemy/domains/sdf/lib/test/IntToBits.tcl (RunTclFile)" time="0.058" />
  <testcase classname="ptolemy.util.test.junit.TclTests" name="[6] /home/travis/build/icyphy/ptII/ptolemy/domains/sdf/lib/test/MaximumEntropySpectrum.tcl (RunTclFile)" time="0.21" />
  <testcase classname="ptolemy.util.test.junit.TclTests" name="[7] /home/travis/build/icyphy/ptII/ptolemy/domains/sdf/lib/test/Repeat.tcl (RunTclFile)" time="0.04" />
  <testcase classname="ptolemy.util.test.junit.TclTests" name="[8] /home/travis/build/icyphy/ptII/ptolemy/domains/sdf/lib/test/SampleDelay.tcl (RunTclFile)" time="0.074" />
  <testcase classname="ptolemy.util.test.junit.TclTests" name="[9] /home/travis/build/icyphy/ptII/ptolemy/domains/sdf/lib/test/SequenceToArray.tcl (RunTclFile)" time="0.055" />
  <testcase classname="ptolemy.util.test.junit.AutoKnownFailedTests" name="[0] ThereAreNoKnowFailedTests (RunModel)" time="0.001" />
  <testcase classname="ptolemy.util.test.junit.AutoNameArchTests" name="[0] ThereAreNoAutoTests (RunModel)" time="0.001" />
  <testcase classname="ptolemy.util.test.junit.AutoTests" name="[0] /home/travis/build/icyphy/ptII/ptolemy/domains/sdf/lib/test/auto/ArrayToSequence.xml (RunModel)" time="0.128" />
  <testcase classname="ptolemy.util.test.junit.AutoTests" name="[1] /home/travis/build/icyphy/ptII/ptolemy/domains/sdf/lib/test/auto/ArrayToSequenceTest.xml (RunModel)" time="0.031" />
  <testcase classname="ptolemy.util.test.junit.AutoTests" name="[2] /home/travis/build/icyphy/ptII/ptolemy/domains/sdf/lib/test/auto/Autocorrelation.xml (RunModel)" time="0.018" />
  <testcase classname="ptolemy.util.test.junit.AutoTests" name="[3] /home/travis/build/icyphy/ptII/ptolemy/domains/sdf/lib/test/auto/Autocorrelation2.xml (RunModel)" time="0.017" />
  <testcase classname="ptolemy.util.test.junit.AutoTests" name="[4] /home/travis/build/icyphy/ptII/ptolemy/domains/sdf/lib/test/auto/Autocorrelation3.xml (RunModel)" time="0.023" />
  <testcase classname="ptolemy.util.test.junit.AutoTests" name="[5] /home/travis/build/icyphy/ptII/ptolemy/domains/sdf/lib/test/auto/Autocorrelation4.xml (RunModel)" time="0.018" />
  <testcase classname="ptolemy.util.test.junit.AutoTests" name="[6] /home/travis/build/icyphy/ptII/ptolemy/domains/sdf/lib/test/auto/Autocorrelation5.xml (RunModel)" time="0.059" />
  <testcase classname="ptolemy.util.test.junit.AutoTests" name="[7] /home/travis/build/icyphy/ptII/ptolemy/domains/sdf/lib/test/auto/BitsToInt.xml (RunModel)" time="0.013" />
  <testcase classname="ptolemy.util.test.junit.AutoTests" name="[8] /home/travis/build/icyphy/ptII/ptolemy/domains/sdf/lib/test/auto/BooleanJoin.xml (RunModel)" time="0.032" />
  <testcase classname="ptolemy.util.test.junit.AutoTests" name="[9] /home/travis/build/icyphy/ptII/ptolemy/domains/sdf/lib/test/auto/BootstrapSampleDelay.xml (RunModel)" time="0.06" />
  <testcase classname="ptolemy.util.test.junit.AutoTests" name="[10] /home/travis/build/icyphy/ptII/ptolemy/domains/sdf/lib/test/auto/Chop.xml (RunModel)" time="0.05" />
  <testcase classname="ptolemy.util.test.junit.AutoTests" name="[11] /home/travis/build/icyphy/ptII/ptolemy/domains/sdf/lib/test/auto/Chop2.xml (RunModel)" time="0.03" />
  <testcase classname="ptolemy.util.test.junit.AutoTests" name="[12] /home/travis/build/icyphy/ptII/ptolemy/domains/sdf/lib/test/auto/ComplexJoin.xml (RunModel)" time="0.05" />
  <testcase classname="ptolemy.util.test.junit.AutoTests" name="[13] /home/travis/build/icyphy/ptII/ptolemy/domains/sdf/lib/test/auto/CountTrues.xml (RunModel)" time="0.045" />
  <testcase classname="ptolemy.util.test.junit.AutoTests" name="[14] /home/travis/build/icyphy/ptII/ptolemy/domains/sdf/lib/test/auto/DelayLine.xml (RunModel)" time="0.061" />
  <testcase classname="ptolemy.util.test.junit.AutoTests" name="[15] /home/travis/build/icyphy/ptII/ptolemy/domains/sdf/lib/test/auto/DotProduct.xml (RunModel)" time="0.039" />
  <testcase classname="ptolemy.util.test.junit.AutoTests" name="[16] /home/travis/build/icyphy/ptII/ptolemy/domains/sdf/lib/test/auto/DotProductMatrix.xml (RunModel)" time="0.026" />
  <testcase classname="ptolemy.util.test.junit.AutoTests" name="[17] /home/travis/build/icyphy/ptII/ptolemy/domains/sdf/lib/test/auto/DownSample1.xml (RunModel)" time="0.035" />
  <testcase classname="ptolemy.util.test.junit.AutoTests" name="[18] /home/travis/build/icyphy/ptII/ptolemy/domains/sdf/lib/test/auto/DynamicRateChange.xml (RunModel)" time="0.043" />
  <testcase classname="ptolemy.util.test.junit.AutoTests" name="[19] /home/travis/build/icyphy/ptII/ptolemy/domains/sdf/lib/test/auto/DynamicRates.xml (RunModel)" time="0.047" />
  <testcase classname="ptolemy.util.test.junit.AutoTests" name="[20] /home/travis/build/icyphy/ptII/ptolemy/domains/sdf/lib/test/auto/FFT1.xml (RunModel)" time="0.039" />
  <testcase classname="ptolemy.util.test.junit.AutoTests" name="[21] /home/travis/build/icyphy/ptII/ptolemy/domains/sdf/lib/test/auto/FIR1.xml (RunModel)" time="0.06" />
  <testcase classname="ptolemy.util.test.junit.AutoTests" name="[22] /home/travis/build/icyphy/ptII/ptolemy/domains/sdf/lib/test/auto/FIR2.xml (RunModel)" time="0.025" />
  <testcase classname="ptolemy.util.test.junit.AutoTests" name="[23] /home/travis/build/icyphy/ptII/ptolemy/domains/sdf/lib/test/auto/FIR4.xml (RunModel)" time="0.045" />
  <testcase classname="ptolemy.util.test.junit.AutoTests" name="[24] /home/travis/build/icyphy/ptII/ptolemy/domains/sdf/lib/test/auto/FixJoin.xml (RunModel)" time="0.038" />
  <testcase classname="ptolemy.util.test.junit.AutoTests" name="[25] /home/travis/build/icyphy/ptII/ptolemy/domains/sdf/lib/test/auto/IntJoin1.xml (RunModel)" time="0.029" />
  <testcase classname="ptolemy.util.test.junit.AutoTests" name="[26] /home/travis/build/icyphy/ptII/ptolemy/domains/sdf/lib/test/auto/IntJoin2.xml (RunModel)" time="0.021" />
  <testcase classname="ptolemy.util.test.junit.AutoTests" name="[27] /home/travis/build/icyphy/ptII/ptolemy/domains/sdf/lib/test/auto/IntJoin3.xml (RunModel)" time="0.024" />
  <testcase classname="ptolemy.util.test.junit.AutoTests" name="[28] /home/travis/build/icyphy/ptII/ptolemy/domains/sdf/lib/test/auto/IntJoin4.xml (RunModel)" time="0.024" />
  <testcase classname="ptolemy.util.test.junit.AutoTests" name="[29] /home/travis/build/icyphy/ptII/ptolemy/domains/sdf/lib/test/auto/IntJoin5.xml (RunModel)" time="0.023" />
  <testcase classname="ptolemy.util.test.junit.AutoTests" name="[30] /home/travis/build/icyphy/ptII/ptolemy/domains/sdf/lib/test/auto/IntToBits.xml (RunModel)" time="0.027" />
  <testcase classname="ptolemy.util.test.junit.AutoTests" name="[31] /home/travis/build/icyphy/ptII/ptolemy/domains/sdf/lib/test/auto/LMSAdaptive.xml (RunModel)" time="0.079" />
  <testcase classname="ptolemy.util.test.junit.AutoTests" name="[32] /home/travis/build/icyphy/ptII/ptolemy/domains/sdf/lib/test/auto/LMSAdaptiveFIR.xml (RunModel)" time="0.331" />
  <testcase classname="ptolemy.util.test.junit.AutoTests" name="[33] /home/travis/build/icyphy/ptII/ptolemy/domains/sdf/lib/test/auto/LMSAdaptiveFIR2.xml (RunModel)" time="0.421" />
  <testcase classname="ptolemy.util.test.junit.AutoTests" name="[34] /home/travis/build/icyphy/ptII/ptolemy/domains/sdf/lib/test/auto/LongJoin.xml (RunModel)" time="0.027" />
  <testcase classname="ptolemy.util.test.junit.AutoTests" name="[35] /home/travis/build/icyphy/ptII/ptolemy/domains/sdf/lib/test/auto/Matrix1.xml (RunModel)" time="0.035" />
  <testcase classname="ptolemy.util.test.junit.AutoTests" name="[36] /home/travis/build/icyphy/ptII/ptolemy/domains/sdf/lib/test/auto/Matrix2.xml (RunModel)" time="0.047" />
  <testcase classname="ptolemy.util.test.junit.AutoTests" name="[37] /home/travis/build/icyphy/ptII/ptolemy/domains/sdf/lib/test/auto/MatrixJoin1.xml (RunModel)" time="0.048" />
  <testcase classname="ptolemy.util.test.junit.AutoTests" name="[38] /home/travis/build/icyphy/ptII/ptolemy/domains/sdf/lib/test/auto/MatrixJoin2.xml (RunModel)" time="0.064" />
  <testcase classname="ptolemy.util.test.junit.AutoTests" name="[39] /home/travis/build/icyphy/ptII/ptolemy/domains/sdf/lib/test/auto/MatrixJoin3.xml (RunModel)" time="0.036" />
  <testcase classname="ptolemy.util.test.junit.AutoTests" name="[40] /home/travis/build/icyphy/ptII/ptolemy/domains/sdf/lib/test/auto/MatrixJoin4.xml (RunModel)" time="0.02" />
  <testcase classname="ptolemy.util.test.junit.AutoTests" name="[41] /home/travis/build/icyphy/ptII/ptolemy/domains/sdf/lib/test/auto/MatrixJoin5.xml (RunModel)" time="0.021" />
  <testcase classname="ptolemy.util.test.junit.AutoTests" name="[42] /home/travis/build/icyphy/ptII/ptolemy/domains/sdf/lib/test/auto/MatrixSplit1.xml (RunModel)" time="0.038" />
  <testcase classname="ptolemy.util.test.junit.AutoTests" name="[43] /home/travis/build/icyphy/ptII/ptolemy/domains/sdf/lib/test/auto/MatrixSplit10.xml (RunModel)" time="0.021" />
  <testcase classname="ptolemy.util.test.junit.AutoTests" name="[44] /home/travis/build/icyphy/ptII/ptolemy/domains/sdf/lib/test/auto/MatrixSplit11.xml (RunModel)" time="0.02" />
  <testcase classname="ptolemy.util.test.junit.AutoTests" name="[45] /home/travis/build/icyphy/ptII/ptolemy/domains/sdf/lib/test/auto/MatrixSplit12.xml (RunModel)" time="0.024" />
  <testcase classname="ptolemy.util.test.junit.AutoTests" name="[46] /home/travis/build/icyphy/ptII/ptolemy/domains/sdf/lib/test/auto/MatrixSplit13.xml (RunModel)" time="0.035" />
  <testcase classname="ptolemy.util.test.junit.AutoTests" name="[47] /home/travis/build/icyphy/ptII/ptolemy/domains/sdf/lib/test/auto/MatrixSplit14.xml (RunModel)" time="0.025" />
  <testcase classname="ptolemy.util.test.junit.AutoTests" name="[48] /home/travis/build/icyphy/ptII/ptolemy/domains/sdf/lib/test/auto/MatrixSplit2.xml (RunModel)" time="0.017" />
  <testcase classname="ptolemy.util.test.junit.AutoTests" name="[49] /home/travis/build/icyphy/ptII/ptolemy/domains/sdf/lib/test/auto/MatrixSplit3.xml (RunModel)" time="0.018" />
  <testcase classname="ptolemy.util.test.junit.AutoTests" name="[50] /home/travis/build/icyphy/ptII/ptolemy/domains/sdf/lib/test/auto/MatrixSplit4.xml (RunModel)" time="0.022" />
  <testcase classname="ptolemy.util.test.junit.AutoTests" name="[51] /home/travis/build/icyphy/ptII/ptolemy/domains/sdf/lib/test/auto/MatrixSplit5.xml (RunModel)" time="0.02" />
  <testcase classname="ptolemy.util.test.junit.AutoTests" name="[52] /home/travis/build/icyphy/ptII/ptolemy/domains/sdf/lib/test/auto/MatrixSplit6.xml (RunModel)" time="0.021" />
  <testcase classname="ptolemy.util.test.junit.AutoTests" name="[53] /home/travis/build/icyphy/ptII/ptolemy/domains/sdf/lib/test/auto/MatrixSplit7.xml (RunModel)" time="0.019" />
  <testcase classname="ptolemy.util.test.junit.AutoTests" name="[54] /home/travis/build/icyphy/ptII/ptolemy/domains/sdf/lib/test/auto/MatrixSplit8.xml (RunModel)" time="0.02" />
  <testcase classname="ptolemy.util.test.junit.AutoTests" name="[55] /home/travis/build/icyphy/ptII/ptolemy/domains/sdf/lib/test/auto/MatrixSplit9.xml (RunModel)" time="0.036" />
  <testcase classname="ptolemy.util.test.junit.AutoTests" name="[56] /home/travis/build/icyphy/ptII/ptolemy/domains/sdf/lib/test/auto/MatrixToSequence.xml (RunModel)" time="0.047" />
  <testcase classname="ptolemy.util.test.junit.AutoTests" name="[57] /home/travis/build/icyphy/ptII/ptolemy/domains/sdf/lib/test/auto/MaximumEntropySpectrum.xml (RunModel)" time="0.059" />
  <testcase classname="ptolemy.util.test.junit.AutoTests" name="[58] /home/travis/build/icyphy/ptII/ptolemy/domains/sdf/lib/test/auto/SampleDelayConversion.xml (RunModel)" time="0.023" />
  <testcase classname="ptolemy.util.test.junit.AutoTests" name="[59] /home/travis/build/icyphy/ptII/ptolemy/domains/sdf/lib/test/auto/SequenceToArray.xml (RunModel)" time="0.05" />
  <testcase classname="ptolemy.util.test.junit.AutoTests" name="[60] /home/travis/build/icyphy/ptII/ptolemy/domains/sdf/lib/test/auto/SequenceToMatrix.xml (RunModel)" time="4.174" />
  <testcase classname="ptolemy.util.test.junit.AutoTests" name="[61] /home/travis/build/icyphy/ptII/ptolemy/domains/sdf/lib/test/auto/SmoothedPeriodogram.xml (RunModel)" time="0.067" />
  <testcase classname="ptolemy.util.test.junit.AutoTests" name="[62] /home/travis/build/icyphy/ptII/ptolemy/domains/sdf/lib/test/auto/UpDownSample1.xml (RunModel)" time="0.019" />
  <testcase classname="ptolemy.util.test.junit.AutoTests" name="[63] /home/travis/build/icyphy/ptII/ptolemy/domains/sdf/lib/test/auto/UpSample1.xml (RunModel)" time="0.025" />
  <testcase classname="ptolemy.util.test.junit.AutoTests" name="[64] /home/travis/build/icyphy/ptII/ptolemy/domains/sdf/lib/test/auto/VariableFIR.xml (RunModel)" time="0.033" />
  <testcase classname="ptolemy.util.test.junit.AutoTests" name="[65] /home/travis/build/icyphy/ptII/ptolemy/domains/sdf/lib/test/auto/VariableFIR2.xml (RunModel)" time="0.03" />
  <testcase classname="ptolemy.util.test.junit.AutoTests" name="[66] /home/travis/build/icyphy/ptII/ptolemy/domains/sdf/lib/test/auto/VariableLattice.xml (RunModel)" time="0.024" />
  <testcase classname="ptolemy.util.test.junit.AutoTests" name="[67] /home/travis/build/icyphy/ptII/ptolemy/domains/sdf/lib/test/auto/VariableLattice2.xml (RunModel)" time="0.017" />
  <testcase classname="ptolemy.util.test.junit.AutoTests" name="[68] /home/travis/build/icyphy/ptII/ptolemy/domains/sdf/lib/test/auto/VariableRecursiveLattice.xml (RunModel)" time="0.019" />
  <testcase classname="ptolemy.util.test.junit.AutoTests" name="[69] /home/travis/build/icyphy/ptII/ptolemy/domains/sdf/lib/test/auto/VariableRecursiveLattice2.xml (RunModel)" time="0.018" />
  <system-out><![CDATA[/home/travis/build/icyphy/ptII/ptolemy/domains/sdf/lib/test/ArrayToSequence.tcl
testDefs.tcl: setting time out to 9000 seconds at Wed May 23 15:10:04 UTC 2018
52 ms. Memory: 116224K Free: 85741K (74%)
14 ms. Memory: 116224K Free: 110110K (95%)
18 ms. Memory: 116224K Free: 107719K (93%)
22 ms. Memory: 116224K Free: 106512K (92%)
/home/travis/build/icyphy/ptII/ptolemy/domains/sdf/lib/test/BitsToInt.tcl
17 ms. Memory: 116224K Free: 104693K (90%)
6 ms. Memory: 116224K Free: 102882K (89%)
/home/travis/build/icyphy/ptII/ptolemy/domains/sdf/lib/test/DelayLine.tcl
11 ms. Memory: 116224K Free: 101072K (87%)
/home/travis/build/icyphy/ptII/ptolemy/domains/sdf/lib/test/FFT.tcl
7 ms. Memory: 116224K Free: 99269K (85%)
/home/travis/build/icyphy/ptII/ptolemy/domains/sdf/lib/test/FIR.tcl
8 ms. Memory: 116224K Free: 97474K (84%)
7 ms. Memory: 116224K Free: 96267K (83%)
ptolemy.kernel.util.IllegalActionException: multiplyReverse method not supported between ptolemy.data.FixToken 'fix(-0.0625,6,2)' and ptolemy.data.IntToken '1' because the types are incomparable.
  in .top.FIRclone
Because:
multiplyReverse method not supported between ptolemy.data.FixToken 'fix(-0.0625,6,2)' and ptolemy.data.IntToken '1' because the types are incomparable.
34 ms. Memory: 116224K Free: 93869K (81%)
/home/travis/build/icyphy/ptII/ptolemy/domains/sdf/lib/test/IntToBits.tcl
8 ms. Memory: 116224K Free: 92066K (79%)
4 ms. Memory: 116224K Free: 90851K (78%)
/home/travis/build/icyphy/ptII/ptolemy/domains/sdf/lib/test/MaximumEntropySpectrum.tcl
/home/travis/build/icyphy/ptII/ptolemy/domains/sdf/lib/test/Repeat.tcl
17 ms. Memory: 146944K Free: 119221K (81%)
/home/travis/build/icyphy/ptII/ptolemy/domains/sdf/lib/test/SampleDelay.tcl
8 ms. Memory: 146944K Free: 118004K (80%)
7 ms. Memory: 146944K Free: 116803K (79%)
4 ms. Memory: 146944K Free: 115586K (79%)
9 ms. Memory: 146944K Free: 115586K (79%)
9 ms. Memory: 146944K Free: 114385K (78%)
5 ms. Memory: 146944K Free: 114385K (78%)
/home/travis/build/icyphy/ptII/ptolemy/domains/sdf/lib/test/SequenceToArray.tcl
5 ms. Memory: 146944K Free: 111984K (76%)
5 ms. Memory: 146944K Free: 111984K (76%)
5 ms. Memory: 146944K Free: 109582K (75%)
5 ms. Memory: 146944K Free: 108381K (74%)
05/23/18 03:10:05
Failed: 0  Total Tests: 41  ((Passed: 41, Newly Passed: 0)  Known Failed: 0) /home/travis/build/icyphy/ptII/ptolemy/domains/sdf/lib/test
No auto/knownFailedTests/*.xml tests in /home/travis/build/icyphy/ptII/ptolemy/domains/sdf/lib/test
No auto/*.xml tests in /home/travis/build/icyphy/ptII/ptolemy/domains/sdf/lib/test
AutoTests.java: About to close Vertx.
AutoTests.java: Vertx closed.
----------------- testing Wed May 23 15:10:06 UTC 2018 /home/travis/build/icyphy/ptII/ptolemy/domains/sdf/lib/test/auto/ArrayToSequence.xml
----------------- Instantiating /home/travis/build/icyphy/ptII/ptolemy/domains/sdf/lib/test/auto/ArrayToSequence.xml
15 ms. Memory: 146944K Free: 127228K (87%)
----------------- Invoking toplevel() on ptolemy.moml.MoMLSimpleApplication@7f5a59b3
----------------- Done invoking toplevel() on ptolemy.moml.MoMLSimpleApplication@7f5a59b3
reloadAllAccessors: .ArrayToSequence
----------------- testing Wed May 23 15:10:06 UTC 2018 /home/travis/build/icyphy/ptII/ptolemy/domains/sdf/lib/test/auto/ArrayToSequenceTest.xml
----------------- Instantiating /home/travis/build/icyphy/ptII/ptolemy/domains/sdf/lib/test/auto/ArrayToSequenceTest.xml
7 ms. Memory: 146944K Free: 119967K (82%)
----------------- Invoking toplevel() on ptolemy.moml.MoMLSimpleApplication@21c99d4e
----------------- Done invoking toplevel() on ptolemy.moml.MoMLSimpleApplication@21c99d4e
reloadAllAccessors: .ArrayToSequenceTest
----------------- testing Wed May 23 15:10:06 UTC 2018 /home/travis/build/icyphy/ptII/ptolemy/domains/sdf/lib/test/auto/Autocorrelation.xml
----------------- Instantiating /home/travis/build/icyphy/ptII/ptolemy/domains/sdf/lib/test/auto/Autocorrelation.xml
3 ms. Memory: 146944K Free: 115418K (79%)
----------------- Invoking toplevel() on ptolemy.moml.MoMLSimpleApplication@23a680b0
----------------- Done invoking toplevel() on ptolemy.moml.MoMLSimpleApplication@23a680b0
reloadAllAccessors: .Autocorrelation
----------------- testing Wed May 23 15:10:06 UTC 2018 /home/travis/build/icyphy/ptII/ptolemy/domains/sdf/lib/test/auto/Autocorrelation2.xml
----------------- Instantiating /home/travis/build/icyphy/ptII/ptolemy/domains/sdf/lib/test/auto/Autocorrelation2.xml
3 ms. Memory: 146944K Free: 110884K (75%)
----------------- Invoking toplevel() on ptolemy.moml.MoMLSimpleApplication@4c364052
----------------- Done invoking toplevel() on ptolemy.moml.MoMLSimpleApplication@4c364052
reloadAllAccessors: .Autocorrelation2
----------------- testing Wed May 23 15:10:06 UTC 2018 /home/travis/build/icyphy/ptII/ptolemy/domains/sdf/lib/test/auto/Autocorrelation3.xml
----------------- Instantiating /home/travis/build/icyphy/ptII/ptolemy/domains/sdf/lib/test/auto/Autocorrelation3.xml
3 ms. Memory: 146944K Free: 105855K (72%)
----------------- Invoking toplevel() on ptolemy.moml.MoMLSimpleApplication@25c75438
----------------- Done invoking toplevel() on ptolemy.moml.MoMLSimpleApplication@25c75438
reloadAllAccessors: .Autocorrelation3
----------------- testing Wed May 23 15:10:06 UTC 2018 /home/travis/build/icyphy/ptII/ptolemy/domains/sdf/lib/test/auto/Autocorrelation4.xml
----------------- Instantiating /home/travis/build/icyphy/ptII/ptolemy/domains/sdf/lib/test/auto/Autocorrelation4.xml
3 ms. Memory: 146944K Free: 101217K (69%)
----------------- Invoking toplevel() on ptolemy.moml.MoMLSimpleApplication@798592ce
----------------- Done invoking toplevel() on ptolemy.moml.MoMLSimpleApplication@798592ce
reloadAllAccessors: .Autocorrelation4
----------------- testing Wed May 23 15:10:06 UTC 2018 /home/travis/build/icyphy/ptII/ptolemy/domains/sdf/lib/test/auto/Autocorrelation5.xml
----------------- Instantiating /home/travis/build/icyphy/ptII/ptolemy/domains/sdf/lib/test/auto/Autocorrelation5.xml
35 ms. Memory: 146944K Free: 94020K (64%)
----------------- Invoking toplevel() on ptolemy.moml.MoMLSimpleApplication@53c7dfc3
----------------- Done invoking toplevel() on ptolemy.moml.MoMLSimpleApplication@53c7dfc3
reloadAllAccessors: .Autocorrelation5
----------------- testing Wed May 23 15:10:06 UTC 2018 /home/travis/build/icyphy/ptII/ptolemy/domains/sdf/lib/test/auto/BitsToInt.xml
----------------- Instantiating /home/travis/build/icyphy/ptII/ptolemy/domains/sdf/lib/test/auto/BitsToInt.xml
1 ms. Memory: 146944K Free: 89668K (61%)
----------------- Invoking toplevel() on ptolemy.moml.MoMLSimpleApplication@5219cb28
----------------- Done invoking toplevel() on ptolemy.moml.MoMLSimpleApplication@5219cb28
reloadAllAccessors: .BitsToInt
----------------- testing Wed May 23 15:10:06 UTC 2018 /home/travis/build/icyphy/ptII/ptolemy/domains/sdf/lib/test/auto/BooleanJoin.xml
----------------- Instantiating /home/travis/build/icyphy/ptII/ptolemy/domains/sdf/lib/test/auto/BooleanJoin.xml
3 ms. Memory: 146944K Free: 84947K (58%)
----------------- Invoking toplevel() on ptolemy.moml.MoMLSimpleApplication@67e1479a
----------------- Done invoking toplevel() on ptolemy.moml.MoMLSimpleApplication@67e1479a
reloadAllAccessors: .BooleanJoin
----------------- testing Wed May 23 15:10:06 UTC 2018 /home/travis/build/icyphy/ptII/ptolemy/domains/sdf/lib/test/auto/BootstrapSampleDelay.xml
----------------- Instantiating /home/travis/build/icyphy/ptII/ptolemy/domains/sdf/lib/test/auto/BootstrapSampleDelay.xml
14 ms. Memory: 146944K Free: 81036K (55%)
----------------- Invoking toplevel() on ptolemy.moml.MoMLSimpleApplication@5da46601
----------------- Done invoking toplevel() on ptolemy.moml.MoMLSimpleApplication@5da46601
reloadAllAccessors: .BootstrapSampleDelay
----------------- testing Wed May 23 15:10:06 UTC 2018 /home/travis/build/icyphy/ptII/ptolemy/domains/sdf/lib/test/auto/Chop.xml
----------------- Instantiating /home/travis/build/icyphy/ptII/ptolemy/domains/sdf/lib/test/auto/Chop.xml
5 ms. Memory: 208384K Free: 194346K (93%)
----------------- Invoking toplevel() on ptolemy.moml.MoMLSimpleApplication@30dc33c1
----------------- Done invoking toplevel() on ptolemy.moml.MoMLSimpleApplication@30dc33c1
reloadAllAccessors: .Chop
----------------- testing Wed May 23 15:10:06 UTC 2018 /home/travis/build/icyphy/ptII/ptolemy/domains/sdf/lib/test/auto/Chop2.xml
----------------- Instantiating /home/travis/build/icyphy/ptII/ptolemy/domains/sdf/lib/test/auto/Chop2.xml
5 ms. Memory: 208384K Free: 186006K (89%)
----------------- Invoking toplevel() on ptolemy.moml.MoMLSimpleApplication@36a8b13
----------------- Done invoking toplevel() on ptolemy.moml.MoMLSimpleApplication@36a8b13
reloadAllAccessors: .Chop2
----------------- testing Wed May 23 15:10:06 UTC 2018 /home/travis/build/icyphy/ptII/ptolemy/domains/sdf/lib/test/auto/ComplexJoin.xml
----------------- Instantiating /home/travis/build/icyphy/ptII/ptolemy/domains/sdf/lib/test/auto/ComplexJoin.xml
9 ms. Memory: 208384K Free: 180704K (87%)
----------------- Invoking toplevel() on ptolemy.moml.MoMLSimpleApplication@69c11d0a
----------------- Done invoking toplevel() on ptolemy.moml.MoMLSimpleApplication@69c11d0a
reloadAllAccessors: .ComplexJoin
----------------- testing Wed May 23 15:10:06 UTC 2018 /home/travis/build/icyphy/ptII/ptolemy/domains/sdf/lib/test/auto/CountTrues.xml
----------------- Instantiating /home/travis/build/icyphy/ptII/ptolemy/domains/sdf/lib/test/auto/CountTrues.xml
6 ms. Memory: 208384K Free: 177632K (85%)
----------------- Invoking toplevel() on ptolemy.moml.MoMLSimpleApplication@5b5b549
----------------- Done invoking toplevel() on ptolemy.moml.MoMLSimpleApplication@5b5b549
reloadAllAccessors: .CountTrues
----------------- testing Wed May 23 15:10:06 UTC 2018 /home/travis/build/icyphy/ptII/ptolemy/domains/sdf/lib/test/auto/DelayLine.xml
----------------- Instantiating /home/travis/build/icyphy/ptII/ptolemy/domains/sdf/lib/test/auto/DelayLine.xml
10 ms. Memory: 208384K Free: 172086K (83%)
----------------- Invoking toplevel() on ptolemy.moml.MoMLSimpleApplication@6b28772e
----------------- Done invoking toplevel() on ptolemy.moml.MoMLSimpleApplication@6b28772e
reloadAllAccessors: .DelayLine
----------------- testing Wed May 23 15:10:06 UTC 2018 /home/travis/build/icyphy/ptII/ptolemy/domains/sdf/lib/test/auto/DotProduct.xml
----------------- Instantiating /home/travis/build/icyphy/ptII/ptolemy/domains/sdf/lib/test/auto/DotProduct.xml
2 ms. Memory: 208384K Free: 167446K (80%)
----------------- Invoking toplevel() on ptolemy.moml.MoMLSimpleApplication@4dd1c543
----------------- Done invoking toplevel() on ptolemy.moml.MoMLSimpleApplication@4dd1c543
reloadAllAccessors: .DotProduct
----------------- testing Wed May 23 15:10:06 UTC 2018 /home/travis/build/icyphy/ptII/ptolemy/domains/sdf/lib/test/auto/DotProductMatrix.xml
----------------- Instantiating /home/travis/build/icyphy/ptII/ptolemy/domains/sdf/lib/test/auto/DotProductMatrix.xml
5 ms. Memory: 208384K Free: 164342K (79%)
----------------- Invoking toplevel() on ptolemy.moml.MoMLSimpleApplication@1fb9071d
----------------- Done invoking toplevel() on ptolemy.moml.MoMLSimpleApplication@1fb9071d
reloadAllAccessors: .DotProductMatrix
----------------- testing Wed May 23 15:10:06 UTC 2018 /home/travis/build/icyphy/ptII/ptolemy/domains/sdf/lib/test/auto/DownSample1.xml
----------------- Instantiating /home/travis/build/icyphy/ptII/ptolemy/domains/sdf/lib/test/auto/DownSample1.xml
3 ms. Memory: 208384K Free: 160640K (77%)
----------------- Invoking toplevel() on ptolemy.moml.MoMLSimpleApplication@2f48adbb
----------------- Done invoking toplevel() on ptolemy.moml.MoMLSimpleApplication@2f48adbb
reloadAllAccessors: .DownSample1
----------------- testing Wed May 23 15:10:06 UTC 2018 /home/travis/build/icyphy/ptII/ptolemy/domains/sdf/lib/test/auto/DynamicRateChange.xml
----------------- Instantiating /home/travis/build/icyphy/ptII/ptolemy/domains/sdf/lib/test/auto/DynamicRateChange.xml
15 ms. Memory: 208384K Free: 154479K (74%)
----------------- Invoking toplevel() on ptolemy.moml.MoMLSimpleApplication@41277187
----------------- Done invoking toplevel() on ptolemy.moml.MoMLSimpleApplication@41277187
reloadAllAccessors: .DynamicRateChange
----------------- testing Wed May 23 15:10:06 UTC 2018 /home/travis/build/icyphy/ptII/ptolemy/domains/sdf/lib/test/auto/DynamicRates.xml
----------------- Instantiating /home/travis/build/icyphy/ptII/ptolemy/domains/sdf/lib/test/auto/DynamicRates.xml
16 ms. Memory: 208384K Free: 147335K (71%)
----------------- Invoking toplevel() on ptolemy.moml.MoMLSimpleApplication@64d5ad37
----------------- Done invoking toplevel() on ptolemy.moml.MoMLSimpleApplication@64d5ad37
reloadAllAccessors: .DynamicRates
----------------- testing Wed May 23 15:10:06 UTC 2018 /home/travis/build/icyphy/ptII/ptolemy/domains/sdf/lib/test/auto/FFT1.xml
----------------- Instantiating /home/travis/build/icyphy/ptII/ptolemy/domains/sdf/lib/test/auto/FFT1.xml
11 ms. Memory: 208384K Free: 142420K (68%)
----------------- Invoking toplevel() on ptolemy.moml.MoMLSimpleApplication@22b3ef6b
----------------- Done invoking toplevel() on ptolemy.moml.MoMLSimpleApplication@22b3ef6b
reloadAllAccessors: .FFT1
----------------- testing Wed May 23 15:10:07 UTC 2018 /home/travis/build/icyphy/ptII/ptolemy/domains/sdf/lib/test/auto/FIR1.xml
----------------- Instantiating /home/travis/build/icyphy/ptII/ptolemy/domains/sdf/lib/test/auto/FIR1.xml
21 ms. Memory: 208384K Free: 134384K (64%)
----------------- Invoking toplevel() on ptolemy.moml.MoMLSimpleApplication@4d0d0e4c
----------------- Done invoking toplevel() on ptolemy.moml.MoMLSimpleApplication@4d0d0e4c
reloadAllAccessors: .FIR1
----------------- testing Wed May 23 15:10:07 UTC 2018 /home/travis/build/icyphy/ptII/ptolemy/domains/sdf/lib/test/auto/FIR2.xml
----------------- Instantiating /home/travis/build/icyphy/ptII/ptolemy/domains/sdf/lib/test/auto/FIR2.xml
3 ms. Memory: 208384K Free: 130681K (63%)
----------------- Invoking toplevel() on ptolemy.moml.MoMLSimpleApplication@21a65f68
----------------- Done invoking toplevel() on ptolemy.moml.MoMLSimpleApplication@21a65f68
reloadAllAccessors: .FIR2
----------------- testing Wed May 23 15:10:07 UTC 2018 /home/travis/build/icyphy/ptII/ptolemy/domains/sdf/lib/test/auto/FIR4.xml
----------------- Instantiating /home/travis/build/icyphy/ptII/ptolemy/domains/sdf/lib/test/auto/FIR4.xml
7 ms. Memory: 208384K Free: 120465K (58%)
----------------- Invoking toplevel() on ptolemy.moml.MoMLSimpleApplication@2dcf3032
----------------- Done invoking toplevel() on ptolemy.moml.MoMLSimpleApplication@2dcf3032
reloadAllAccessors: .FIR4
----------------- testing Wed May 23 15:10:07 UTC 2018 /home/travis/build/icyphy/ptII/ptolemy/domains/sdf/lib/test/auto/FixJoin.xml
----------------- Instantiating /home/travis/build/icyphy/ptII/ptolemy/domains/sdf/lib/test/auto/FixJoin.xml
4 ms. Memory: 208384K Free: 115486K (55%)
----------------- Invoking toplevel() on ptolemy.moml.MoMLSimpleApplication@45dcc481
----------------- Done invoking toplevel() on ptolemy.moml.MoMLSimpleApplication@45dcc481
reloadAllAccessors: .FixJoin
----------------- testing Wed May 23 15:10:07 UTC 2018 /home/travis/build/icyphy/ptII/ptolemy/domains/sdf/lib/test/auto/IntJoin1.xml
----------------- Instantiating /home/travis/build/icyphy/ptII/ptolemy/domains/sdf/lib/test/auto/IntJoin1.xml
3 ms. Memory: 208384K Free: 110491K (53%)
----------------- Invoking toplevel() on ptolemy.moml.MoMLSimpleApplication@507459df
----------------- Done invoking toplevel() on ptolemy.moml.MoMLSimpleApplication@507459df
reloadAllAccessors: .IntJoin1
----------------- testing Wed May 23 15:10:07 UTC 2018 /home/travis/build/icyphy/ptII/ptolemy/domains/sdf/lib/test/auto/IntJoin2.xml
----------------- Instantiating /home/travis/build/icyphy/ptII/ptolemy/domains/sdf/lib/test/auto/IntJoin2.xml
4 ms. Memory: 208384K Free: 105559K (51%)
----------------- Invoking toplevel() on ptolemy.moml.MoMLSimpleApplication@5ca6a3ba
----------------- Done invoking toplevel() on ptolemy.moml.MoMLSimpleApplication@5ca6a3ba
reloadAllAccessors: .IntJoin2
----------------- testing Wed May 23 15:10:07 UTC 2018 /home/travis/build/icyphy/ptII/ptolemy/domains/sdf/lib/test/auto/IntJoin3.xml
----------------- Instantiating /home/travis/build/icyphy/ptII/ptolemy/domains/sdf/lib/test/auto/IntJoin3.xml
5 ms. Memory: 208384K Free: 99701K (48%)
----------------- Invoking toplevel() on ptolemy.moml.MoMLSimpleApplication@2f0b8d03
----------------- Done invoking toplevel() on ptolemy.moml.MoMLSimpleApplication@2f0b8d03
reloadAllAccessors: .IntJoin3
----------------- testing Wed May 23 15:10:07 UTC 2018 /home/travis/build/icyphy/ptII/ptolemy/domains/sdf/lib/test/auto/IntJoin4.xml
----------------- Instantiating /home/travis/build/icyphy/ptII/ptolemy/domains/sdf/lib/test/auto/IntJoin4.xml
6 ms. Memory: 208384K Free: 95320K (46%)
----------------- Invoking toplevel() on ptolemy.moml.MoMLSimpleApplication@3ee0931f
----------------- Done invoking toplevel() on ptolemy.moml.MoMLSimpleApplication@3ee0931f
reloadAllAccessors: .IntJoin4
----------------- testing Wed May 23 15:10:07 UTC 2018 /home/travis/build/icyphy/ptII/ptolemy/domains/sdf/lib/test/auto/IntJoin5.xml
----------------- Instantiating /home/travis/build/icyphy/ptII/ptolemy/domains/sdf/lib/test/auto/IntJoin5.xml
2 ms. Memory: 208384K Free: 90396K (43%)
----------------- Invoking toplevel() on ptolemy.moml.MoMLSimpleApplication@4af160dc
----------------- Done invoking toplevel() on ptolemy.moml.MoMLSimpleApplication@4af160dc
reloadAllAccessors: .IntJoin5
----------------- testing Wed May 23 15:10:07 UTC 2018 /home/travis/build/icyphy/ptII/ptolemy/domains/sdf/lib/test/auto/IntToBits.xml
----------------- Instantiating /home/travis/build/icyphy/ptII/ptolemy/domains/sdf/lib/test/auto/IntToBits.xml
7 ms. Memory: 208384K Free: 87308K (42%)
----------------- Invoking toplevel() on ptolemy.moml.MoMLSimpleApplication@38b7569f
----------------- Done invoking toplevel() on ptolemy.moml.MoMLSimpleApplication@38b7569f
reloadAllAccessors: .IntToBits
----------------- testing Wed May 23 15:10:07 UTC 2018 /home/travis/build/icyphy/ptII/ptolemy/domains/sdf/lib/test/auto/LMSAdaptive.xml
----------------- Instantiating /home/travis/build/icyphy/ptII/ptolemy/domains/sdf/lib/test/auto/LMSAdaptive.xml
33 ms. Memory: 208384K Free: 199682K (96%)
----------------- Invoking toplevel() on ptolemy.moml.MoMLSimpleApplication@7bd89185
----------------- Done invoking toplevel() on ptolemy.moml.MoMLSimpleApplication@7bd89185
reloadAllAccessors: .LMSAdaptive
----------------- testing Wed May 23 15:10:07 UTC 2018 /home/travis/build/icyphy/ptII/ptolemy/domains/sdf/lib/test/auto/LMSAdaptiveFIR.xml
----------------- Instantiating /home/travis/build/icyphy/ptII/ptolemy/domains/sdf/lib/test/auto/LMSAdaptiveFIR.xml
239 ms. Memory: 208384K Free: 158541K (76%)
----------------- Invoking toplevel() on ptolemy.moml.MoMLSimpleApplication@69cc48ca
----------------- Done invoking toplevel() on ptolemy.moml.MoMLSimpleApplication@69cc48ca
reloadAllAccessors: .LMSAdaptiveFIR
----------------- testing Wed May 23 15:10:07 UTC 2018 /home/travis/build/icyphy/ptII/ptolemy/domains/sdf/lib/test/auto/LMSAdaptiveFIR2.xml
----------------- Instantiating /home/travis/build/icyphy/ptII/ptolemy/domains/sdf/lib/test/auto/LMSAdaptiveFIR2.xml
352 ms. Memory: 208384K Free: 98040K (47%)
----------------- Invoking toplevel() on ptolemy.moml.MoMLSimpleApplication@4a3d3e94
----------------- Done invoking toplevel() on ptolemy.moml.MoMLSimpleApplication@4a3d3e94
reloadAllAccessors: .LMSAdaptiveFIR2
----------------- testing Wed May 23 15:10:08 UTC 2018 /home/travis/build/icyphy/ptII/ptolemy/domains/sdf/lib/test/auto/LongJoin.xml
----------------- Instantiating /home/travis/build/icyphy/ptII/ptolemy/domains/sdf/lib/test/auto/LongJoin.xml
4 ms. Memory: 208384K Free: 92628K (44%)
----------------- Invoking toplevel() on ptolemy.moml.MoMLSimpleApplication@72d77be4
----------------- Done invoking toplevel() on ptolemy.moml.MoMLSimpleApplication@72d77be4
reloadAllAccessors: .LongJoin
----------------- testing Wed May 23 15:10:08 UTC 2018 /home/travis/build/icyphy/ptII/ptolemy/domains/sdf/lib/test/auto/Matrix1.xml
----------------- Instantiating /home/travis/build/icyphy/ptII/ptolemy/domains/sdf/lib/test/auto/Matrix1.xml
8 ms. Memory: 208384K Free: 87648K (42%)
----------------- Invoking toplevel() on ptolemy.moml.MoMLSimpleApplication@3a2e4503
----------------- Done invoking toplevel() on ptolemy.moml.MoMLSimpleApplication@3a2e4503
reloadAllAccessors: .Matrix1
----------------- testing Wed May 23 15:10:08 UTC 2018 /home/travis/build/icyphy/ptII/ptolemy/domains/sdf/lib/test/auto/Matrix2.xml
----------------- Instantiating /home/travis/build/icyphy/ptII/ptolemy/domains/sdf/lib/test/auto/Matrix2.xml
4 ms. Memory: 208384K Free: 83315K (40%)
----------------- Invoking toplevel() on ptolemy.moml.MoMLSimpleApplication@aa9c36f
----------------- Done invoking toplevel() on ptolemy.moml.MoMLSimpleApplication@aa9c36f
reloadAllAccessors: .Matrix2
----------------- testing Wed May 23 15:10:08 UTC 2018 /home/travis/build/icyphy/ptII/ptolemy/domains/sdf/lib/test/auto/MatrixJoin1.xml
----------------- Instantiating /home/travis/build/icyphy/ptII/ptolemy/domains/sdf/lib/test/auto/MatrixJoin1.xml
5 ms. Memory: 208384K Free: 77904K (37%)
----------------- Invoking toplevel() on ptolemy.moml.MoMLSimpleApplication@256d46b0
----------------- Done invoking toplevel() on ptolemy.moml.MoMLSimpleApplication@256d46b0
reloadAllAccessors: .MatrixJoin1
----------------- testing Wed May 23 15:10:08 UTC 2018 /home/travis/build/icyphy/ptII/ptolemy/domains/sdf/lib/test/auto/MatrixJoin2.xml
----------------- Instantiating /home/travis/build/icyphy/ptII/ptolemy/domains/sdf/lib/test/auto/MatrixJoin2.xml
9 ms. Memory: 333312K Free: 320555K (96%)
----------------- Invoking toplevel() on ptolemy.moml.MoMLSimpleApplication@28e131d2
----------------- Done invoking toplevel() on ptolemy.moml.MoMLSimpleApplication@28e131d2
reloadAllAccessors: .MatrixJoin2
----------------- testing Wed May 23 15:10:08 UTC 2018 /home/travis/build/icyphy/ptII/ptolemy/domains/sdf/lib/test/auto/MatrixJoin3.xml
----------------- Instantiating /home/travis/build/icyphy/ptII/ptolemy/domains/sdf/lib/test/auto/MatrixJoin3.xml
4 ms. Memory: 333312K Free: 312699K (94%)
----------------- Invoking toplevel() on ptolemy.moml.MoMLSimpleApplication@1d7f5ab4
----------------- Done invoking toplevel() on ptolemy.moml.MoMLSimpleApplication@1d7f5ab4
reloadAllAccessors: .MatrixJoin3
----------------- testing Wed May 23 15:10:08 UTC 2018 /home/travis/build/icyphy/ptII/ptolemy/domains/sdf/lib/test/auto/MatrixJoin4.xml
----------------- Instantiating /home/travis/build/icyphy/ptII/ptolemy/domains/sdf/lib/test/auto/MatrixJoin4.xml
2 ms. Memory: 333312K Free: 306538K (92%)
----------------- Invoking toplevel() on ptolemy.moml.MoMLSimpleApplication@30d46ff0
----------------- Done invoking toplevel() on ptolemy.moml.MoMLSimpleApplication@30d46ff0
reloadAllAccessors: .MatrixJoin4
----------------- testing Wed May 23 15:10:08 UTC 2018 /home/travis/build/icyphy/ptII/ptolemy/domains/sdf/lib/test/auto/MatrixJoin5.xml
----------------- Instantiating /home/travis/build/icyphy/ptII/ptolemy/domains/sdf/lib/test/auto/MatrixJoin5.xml
2 ms. Memory: 333312K Free: 301607K (90%)
----------------- Invoking toplevel() on ptolemy.moml.MoMLSimpleApplication@31f1cb85
----------------- Done invoking toplevel() on ptolemy.moml.MoMLSimpleApplication@31f1cb85
reloadAllAccessors: .MatrixJoin5
----------------- testing Wed May 23 15:10:08 UTC 2018 /home/travis/build/icyphy/ptII/ptolemy/domains/sdf/lib/test/auto/MatrixSplit1.xml
----------------- Instantiating /home/travis/build/icyphy/ptII/ptolemy/domains/sdf/lib/test/auto/MatrixSplit1.xml
4 ms. Memory: 333312K Free: 292823K (88%)
----------------- Invoking toplevel() on ptolemy.moml.MoMLSimpleApplication@4f8335e0
----------------- Done invoking toplevel() on ptolemy.moml.MoMLSimpleApplication@4f8335e0
reloadAllAccessors: .MatrixSplit1
----------------- testing Wed May 23 15:10:08 UTC 2018 /home/travis/build/icyphy/ptII/ptolemy/domains/sdf/lib/test/auto/MatrixSplit10.xml
----------------- Instantiating /home/travis/build/icyphy/ptII/ptolemy/domains/sdf/lib/test/auto/MatrixSplit10.xml
2 ms. Memory: 333312K Free: 287907K (86%)
----------------- Invoking toplevel() on ptolemy.moml.MoMLSimpleApplication@45ce320a
----------------- Done invoking toplevel() on ptolemy.moml.MoMLSimpleApplication@45ce320a
reloadAllAccessors: .MatrixSplit10
----------------- testing Wed May 23 15:10:08 UTC 2018 /home/travis/build/icyphy/ptII/ptolemy/domains/sdf/lib/test/auto/MatrixSplit11.xml
----------------- Instantiating /home/travis/build/icyphy/ptII/ptolemy/domains/sdf/lib/test/auto/MatrixSplit11.xml
2 ms. Memory: 333312K Free: 282992K (85%)
----------------- Invoking toplevel() on ptolemy.moml.MoMLSimpleApplication@1a86117c
----------------- Done invoking toplevel() on ptolemy.moml.MoMLSimpleApplication@1a86117c
reloadAllAccessors: .MatrixSplit11
----------------- testing Wed May 23 15:10:08 UTC 2018 /home/travis/build/icyphy/ptII/ptolemy/domains/sdf/lib/test/auto/MatrixSplit12.xml
----------------- Instantiating /home/travis/build/icyphy/ptII/ptolemy/domains/sdf/lib/test/auto/MatrixSplit12.xml
3 ms. Memory: 333312K Free: 278077K (83%)
----------------- Invoking toplevel() on ptolemy.moml.MoMLSimpleApplication@294a8c7
----------------- Done invoking toplevel() on ptolemy.moml.MoMLSimpleApplication@294a8c7
reloadAllAccessors: .MatrixSplit12
----------------- testing Wed May 23 15:10:08 UTC 2018 /home/travis/build/icyphy/ptII/ptolemy/domains/sdf/lib/test/auto/MatrixSplit13.xml
----------------- Instantiating /home/travis/build/icyphy/ptII/ptolemy/domains/sdf/lib/test/auto/MatrixSplit13.xml
5 ms. Memory: 333312K Free: 271750K (82%)
----------------- Invoking toplevel() on ptolemy.moml.MoMLSimpleApplication@3e9a3bef
----------------- Done invoking toplevel() on ptolemy.moml.MoMLSimpleApplication@3e9a3bef
reloadAllAccessors: .MatrixSplit13
----------------- testing Wed May 23 15:10:08 UTC 2018 /home/travis/build/icyphy/ptII/ptolemy/domains/sdf/lib/test/auto/MatrixSplit14.xml
----------------- Instantiating /home/travis/build/icyphy/ptII/ptolemy/domains/sdf/lib/test/auto/MatrixSplit14.xml
1 ms. Memory: 333312K Free: 266835K (80%)
----------------- Invoking toplevel() on ptolemy.moml.MoMLSimpleApplication@105d8a8d
----------------- Done invoking toplevel() on ptolemy.moml.MoMLSimpleApplication@105d8a8d
reloadAllAccessors: .MatrixSplit14
----------------- testing Wed May 23 15:10:08 UTC 2018 /home/travis/build/icyphy/ptII/ptolemy/domains/sdf/lib/test/auto/MatrixSplit2.xml
----------------- Instantiating /home/travis/build/icyphy/ptII/ptolemy/domains/sdf/lib/test/auto/MatrixSplit2.xml
2 ms. Memory: 333312K Free: 261919K (79%)
----------------- Invoking toplevel() on ptolemy.moml.MoMLSimpleApplication@6f7e213b
----------------- Done invoking toplevel() on ptolemy.moml.MoMLSimpleApplication@6f7e213b
reloadAllAccessors: .MatrixSplit2
----------------- testing Wed May 23 15:10:08 UTC 2018 /home/travis/build/icyphy/ptII/ptolemy/domains/sdf/lib/test/auto/MatrixSplit3.xml
----------------- Instantiating /home/travis/build/icyphy/ptII/ptolemy/domains/sdf/lib/test/auto/MatrixSplit3.xml
2 ms. Memory: 333312K Free: 255593K (77%)
----------------- Invoking toplevel() on ptolemy.moml.MoMLSimpleApplication@67a1c48c
----------------- Done invoking toplevel() on ptolemy.moml.MoMLSimpleApplication@67a1c48c
reloadAllAccessors: .MatrixSplit3
----------------- testing Wed May 23 15:10:08 UTC 2018 /home/travis/build/icyphy/ptII/ptolemy/domains/sdf/lib/test/auto/MatrixSplit4.xml
----------------- Instantiating /home/travis/build/icyphy/ptII/ptolemy/domains/sdf/lib/test/auto/MatrixSplit4.xml
4 ms. Memory: 333312K Free: 250678K (75%)
----------------- Invoking toplevel() on ptolemy.moml.MoMLSimpleApplication@89efde6
----------------- Done invoking toplevel() on ptolemy.moml.MoMLSimpleApplication@89efde6
reloadAllAccessors: .MatrixSplit4
----------------- testing Wed May 23 15:10:08 UTC 2018 /home/travis/build/icyphy/ptII/ptolemy/domains/sdf/lib/test/auto/MatrixSplit5.xml
----------------- Instantiating /home/travis/build/icyphy/ptII/ptolemy/domains/sdf/lib/test/auto/MatrixSplit5.xml
2 ms. Memory: 333312K Free: 245762K (74%)
----------------- Invoking toplevel() on ptolemy.moml.MoMLSimpleApplication@591eb15b
----------------- Done invoking toplevel() on ptolemy.moml.MoMLSimpleApplication@591eb15b
reloadAllAccessors: .MatrixSplit5
----------------- testing Wed May 23 15:10:08 UTC 2018 /home/travis/build/icyphy/ptII/ptolemy/domains/sdf/lib/test/auto/MatrixSplit6.xml
----------------- Instantiating /home/travis/build/icyphy/ptII/ptolemy/domains/sdf/lib/test/auto/MatrixSplit6.xml
1 ms. Memory: 333312K Free: 239436K (72%)
----------------- Invoking toplevel() on ptolemy.moml.MoMLSimpleApplication@4847b7c1
----------------- Done invoking toplevel() on ptolemy.moml.MoMLSimpleApplication@4847b7c1
reloadAllAccessors: .MatrixSplit6
----------------- testing Wed May 23 15:10:08 UTC 2018 /home/travis/build/icyphy/ptII/ptolemy/domains/sdf/lib/test/auto/MatrixSplit7.xml
----------------- Instantiating /home/travis/build/icyphy/ptII/ptolemy/domains/sdf/lib/test/auto/MatrixSplit7.xml
1 ms. Memory: 333312K Free: 234520K (70%)
----------------- Invoking toplevel() on ptolemy.moml.MoMLSimpleApplication@4cb9b479
----------------- Done invoking toplevel() on ptolemy.moml.MoMLSimpleApplication@4cb9b479
reloadAllAccessors: .MatrixSplit7
----------------- testing Wed May 23 15:10:08 UTC 2018 /home/travis/build/icyphy/ptII/ptolemy/domains/sdf/lib/test/auto/MatrixSplit8.xml
----------------- Instantiating /home/travis/build/icyphy/ptII/ptolemy/domains/sdf/lib/test/auto/MatrixSplit8.xml
1 ms. Memory: 333312K Free: 229605K (69%)
----------------- Invoking toplevel() on ptolemy.moml.MoMLSimpleApplication@2bfc9f19
----------------- Done invoking toplevel() on ptolemy.moml.MoMLSimpleApplication@2bfc9f19
reloadAllAccessors: .MatrixSplit8
----------------- testing Wed May 23 15:10:08 UTC 2018 /home/travis/build/icyphy/ptII/ptolemy/domains/sdf/lib/test/auto/MatrixSplit9.xml
----------------- Instantiating /home/travis/build/icyphy/ptII/ptolemy/domains/sdf/lib/test/auto/MatrixSplit9.xml
8 ms. Memory: 333312K Free: 224690K (67%)
----------------- Invoking toplevel() on ptolemy.moml.MoMLSimpleApplication@43e5cc71
----------------- Done invoking toplevel() on ptolemy.moml.MoMLSimpleApplication@43e5cc71
reloadAllAccessors: .MatrixSplit9
----------------- testing Wed May 23 15:10:08 UTC 2018 /home/travis/build/icyphy/ptII/ptolemy/domains/sdf/lib/test/auto/MatrixToSequence.xml
----------------- Instantiating /home/travis/build/icyphy/ptII/ptolemy/domains/sdf/lib/test/auto/MatrixToSequence.xml
9 ms. Memory: 333312K Free: 213448K (64%)
----------------- Invoking toplevel() on ptolemy.moml.MoMLSimpleApplication@2931e6c9
----------------- Done invoking toplevel() on ptolemy.moml.MoMLSimpleApplication@2931e6c9
reloadAllAccessors: .MatrixToSequence
----------------- testing Wed May 23 15:10:08 UTC 2018 /home/travis/build/icyphy/ptII/ptolemy/domains/sdf/lib/test/auto/MaximumEntropySpectrum.xml
----------------- Instantiating /home/travis/build/icyphy/ptII/ptolemy/domains/sdf/lib/test/auto/MaximumEntropySpectrum.xml
8 ms. Memory: 333312K Free: 190072K (57%)
----------------- Invoking toplevel() on ptolemy.moml.MoMLSimpleApplication@6c0855bd
----------------- Done invoking toplevel() on ptolemy.moml.MoMLSimpleApplication@6c0855bd
reloadAllAccessors: .MaximumEntropySpectrum
----------------- testing Wed May 23 15:10:08 UTC 2018 /home/travis/build/icyphy/ptII/ptolemy/domains/sdf/lib/test/auto/SampleDelayConversion.xml
----------------- Instantiating /home/travis/build/icyphy/ptII/ptolemy/domains/sdf/lib/test/auto/SampleDelayConversion.xml
7 ms. Memory: 333312K Free: 185157K (56%)
----------------- Invoking toplevel() on ptolemy.moml.MoMLSimpleApplication@af7da6c
----------------- Done invoking toplevel() on ptolemy.moml.MoMLSimpleApplication@af7da6c
reloadAllAccessors: .SampleDelayConversion
----------------- testing Wed May 23 15:10:08 UTC 2018 /home/travis/build/icyphy/ptII/ptolemy/domains/sdf/lib/test/auto/SequenceToArray.xml
----------------- Instantiating /home/travis/build/icyphy/ptII/ptolemy/domains/sdf/lib/test/auto/SequenceToArray.xml
19 ms. Memory: 333312K Free: 170229K (51%)
----------------- Invoking toplevel() on ptolemy.moml.MoMLSimpleApplication@5a42fc00
----------------- Done invoking toplevel() on ptolemy.moml.MoMLSimpleApplication@5a42fc00
reloadAllAccessors: .SequenceToArray
----------------- testing Wed May 23 15:10:09 UTC 2018 /home/travis/build/icyphy/ptII/ptolemy/domains/sdf/lib/test/auto/SequenceToMatrix.xml
----------------- Instantiating /home/travis/build/icyphy/ptII/ptolemy/domains/sdf/lib/test/auto/SequenceToMatrix.xml
4139 ms. Memory: 579072K Free: 523303K (90%)
----------------- Invoking toplevel() on ptolemy.moml.MoMLSimpleApplication@4700d4d1
----------------- Done invoking toplevel() on ptolemy.moml.MoMLSimpleApplication@4700d4d1
reloadAllAccessors: .SequenceToMatrix
----------------- testing Wed May 23 15:10:13 UTC 2018 /home/travis/build/icyphy/ptII/ptolemy/domains/sdf/lib/test/auto/SmoothedPeriodogram.xml
----------------- Instantiating /home/travis/build/icyphy/ptII/ptolemy/domains/sdf/lib/test/auto/SmoothedPeriodogram.xml
17 ms. Memory: 579072K Free: 499958K (86%)
----------------- Invoking toplevel() on ptolemy.moml.MoMLSimpleApplication@65f776f6
----------------- Done invoking toplevel() on ptolemy.moml.MoMLSimpleApplication@65f776f6
reloadAllAccessors: .SmoothedPeriodogram
----------------- testing Wed May 23 15:10:13 UTC 2018 /home/travis/build/icyphy/ptII/ptolemy/domains/sdf/lib/test/auto/UpDownSample1.xml
----------------- Instantiating /home/travis/build/icyphy/ptII/ptolemy/domains/sdf/lib/test/auto/UpDownSample1.xml
3 ms. Memory: 579072K Free: 493411K (85%)
----------------- Invoking toplevel() on ptolemy.moml.MoMLSimpleApplication@16e0da26
----------------- Done invoking toplevel() on ptolemy.moml.MoMLSimpleApplication@16e0da26
reloadAllAccessors: .UpDownSample1
----------------- testing Wed May 23 15:10:13 UTC 2018 /home/travis/build/icyphy/ptII/ptolemy/domains/sdf/lib/test/auto/UpSample1.xml
----------------- Instantiating /home/travis/build/icyphy/ptII/ptolemy/domains/sdf/lib/test/auto/UpSample1.xml
1 ms. Memory: 579072K Free: 486864K (84%)
----------------- Invoking toplevel() on ptolemy.moml.MoMLSimpleApplication@3f424bb6
----------------- Done invoking toplevel() on ptolemy.moml.MoMLSimpleApplication@3f424bb6
reloadAllAccessors: .UpSample1
----------------- testing Wed May 23 15:10:13 UTC 2018 /home/travis/build/icyphy/ptII/ptolemy/domains/sdf/lib/test/auto/VariableFIR.xml
----------------- Instantiating /home/travis/build/icyphy/ptII/ptolemy/domains/sdf/lib/test/auto/VariableFIR.xml
14 ms. Memory: 579072K Free: 477044K (82%)
----------------- Invoking toplevel() on ptolemy.moml.MoMLSimpleApplication@48acbdda
----------------- Done invoking toplevel() on ptolemy.moml.MoMLSimpleApplication@48acbdda
reloadAllAccessors: .VariableFIR
----------------- testing Wed May 23 15:10:13 UTC 2018 /home/travis/build/icyphy/ptII/ptolemy/domains/sdf/lib/test/auto/VariableFIR2.xml
----------------- Instantiating /home/travis/build/icyphy/ptII/ptolemy/domains/sdf/lib/test/auto/VariableFIR2.xml
7 ms. Memory: 579072K Free: 465264K (80%)
----------------- Invoking toplevel() on ptolemy.moml.MoMLSimpleApplication@6b53fcb2
----------------- Done invoking toplevel() on ptolemy.moml.MoMLSimpleApplication@6b53fcb2
reloadAllAccessors: .VariableFIR2
----------------- testing Wed May 23 15:10:13 UTC 2018 /home/travis/build/icyphy/ptII/ptolemy/domains/sdf/lib/test/auto/VariableLattice.xml
----------------- Instantiating /home/travis/build/icyphy/ptII/ptolemy/domains/sdf/lib/test/auto/VariableLattice.xml
2 ms. Memory: 579072K Free: 455444K (79%)
----------------- Invoking toplevel() on ptolemy.moml.MoMLSimpleApplication@428bd526
----------------- Done invoking toplevel() on ptolemy.moml.MoMLSimpleApplication@428bd526
reloadAllAccessors: .VariableLattice
----------------- testing Wed May 23 15:10:13 UTC 2018 /home/travis/build/icyphy/ptII/ptolemy/domains/sdf/lib/test/auto/VariableLattice2.xml
----------------- Instantiating /home/travis/build/icyphy/ptII/ptolemy/domains/sdf/lib/test/auto/VariableLattice2.xml
1.0
-1.999999602036
1.9099998677481
-0.9099996420674
0.205
0.0
0.0
1.0
-0.25
-0.5
0.0
0.0
0.0
0.0
3 ms. Memory: 579072K Free: 445624K (77%)
----------------- Invoking toplevel() on ptolemy.moml.MoMLSimpleApplication@78556bce
----------------- Done invoking toplevel() on ptolemy.moml.MoMLSimpleApplication@78556bce
reloadAllAccessors: .VariableLattice2
----------------- testing Wed May 23 15:10:13 UTC 2018 /home/travis/build/icyphy/ptII/ptolemy/domains/sdf/lib/test/auto/VariableRecursiveLattice.xml
----------------- Instantiating /home/travis/build/icyphy/ptII/ptolemy/domains/sdf/lib/test/auto/VariableRecursiveLattice.xml
3 ms. Memory: 579072K Free: 435804K (75%)
----------------- Invoking toplevel() on ptolemy.moml.MoMLSimpleApplication@5ab574a8
----------------- Done invoking toplevel() on ptolemy.moml.MoMLSimpleApplication@5ab574a8
reloadAllAccessors: .VariableRecursiveLattice
----------------- testing Wed May 23 15:10:13 UTC 2018 /home/travis/build/icyphy/ptII/ptolemy/domains/sdf/lib/test/auto/VariableRecursiveLattice2.xml
----------------- Instantiating /home/travis/build/icyphy/ptII/ptolemy/domains/sdf/lib/test/auto/VariableRecursiveLattice2.xml
3 ms. Memory: 579072K Free: 429257K (74%)
----------------- Invoking toplevel() on ptolemy.moml.MoMLSimpleApplication@2392a479
----------------- Done invoking toplevel() on ptolemy.moml.MoMLSimpleApplication@2392a479
reloadAllAccessors: .VariableRecursiveLattice2
AutoTests.java: About to close Vertx.
AutoTests.java: Vertx closed.
]]></system-out>
  <system-err><![CDATA[]]></system-err>
</testsuite>
