<?xml version="1.0" encoding="UTF-8" ?>
<testsuite errors="0" failures="0" hostname="travis-job-9e948ac1-b9de-42db-9a62-e06ab15766dd" name="ptolemy.domains.de.test.junit.JUnitTclTest" skipped="0" tests="101" time="126.936" timestamp="2018-05-28T01:17:18">
  <properties>
[...]
</properties>
  <testcase classname="ptolemy.util.test.junit.TclTests" name="[0] /home/travis/build/icyphy/ptII/ptolemy/domains/de/test/DependencyLoop.tcl (RunTclFile)" time="0.74" />
  <testcase classname="ptolemy.util.test.junit.TclTests" name="[1] /home/travis/build/icyphy/ptII/ptolemy/domains/de/test/RunDETestsAsQSS.tcl (RunTclFile)" time="86.598" />
  <testcase classname="ptolemy.util.test.junit.AutoKnownFailedTests" name="[0] /home/travis/build/icyphy/ptII/ptolemy/domains/de/test/auto/knownFailedTests/DESDFClockTest.xml (RunModel)" time="2.045" />
  <testcase classname="ptolemy.util.test.junit.AutoKnownFailedTests" name="[1] /home/travis/build/icyphy/ptII/ptolemy/domains/de/test/auto/knownFailedTests/DirectFeedback.xml (RunModel)" time="0.012" />
  <testcase classname="ptolemy.util.test.junit.AutoKnownFailedTests" name="[2] /home/travis/build/icyphy/ptII/ptolemy/domains/de/test/auto/knownFailedTests/FSMSource.xml (RunModel)" time="0.017" />
  <testcase classname="ptolemy.util.test.junit.AutoKnownFailedTests" name="[3] /home/travis/build/icyphy/ptII/ptolemy/domains/de/test/auto/knownFailedTests/HierarchicalModel.xml (RunModel)" time="0.026" />
  <testcase classname="ptolemy.util.test.junit.AutoKnownFailedTests" name="[4] /home/travis/build/icyphy/ptII/ptolemy/domains/de/test/auto/knownFailedTests/dependencyLoop.xml (RunModel)" time="0.033" />
  <testcase classname="ptolemy.util.test.junit.AutoKnownFailedTests" name="[5] /home/travis/build/icyphy/ptII/ptolemy/domains/de/test/auto/knownFailedTests/dependencyLoop2.xml (RunModel)" time="0.03" />
  <testcase classname="ptolemy.util.test.junit.AutoNameArchTests" name="[0] ThereAreNoAutoTests (RunModel)" time="0.004" />
  <testcase classname="ptolemy.util.test.junit.AutoTests" name="[0] /home/travis/build/icyphy/ptII/ptolemy/domains/de/test/auto/ActorDepthCalculation_actorWithoutPorts.xml (RunModel)" time="0.015" />
  <testcase classname="ptolemy.util.test.junit.AutoTests" name="[1] /home/travis/build/icyphy/ptII/ptolemy/domains/de/test/auto/AssemblyLine.xml (RunModel)" time="0.013" />
  <testcase classname="ptolemy.util.test.junit.AutoTests" name="[2] /home/travis/build/icyphy/ptII/ptolemy/domains/de/test/auto/CQBug1.xml (RunModel)" time="0.008" />
  <testcase classname="ptolemy.util.test.junit.AutoTests" name="[3] /home/travis/build/icyphy/ptII/ptolemy/domains/de/test/auto/CancelFireAt.xml (RunModel)" time="0.009" />
  <testcase classname="ptolemy.util.test.junit.AutoTests" name="[4] /home/travis/build/icyphy/ptII/ptolemy/domains/de/test/auto/CausalityAndComposabilityAnalysis.xml (RunModel)" time="0.013" />
  <testcase classname="ptolemy.util.test.junit.AutoTests" name="[5] /home/travis/build/icyphy/ptII/ptolemy/domains/de/test/auto/CausalityInterface1.xml (RunModel)" time="0.01" />
  <testcase classname="ptolemy.util.test.junit.AutoTests" name="[6] /home/travis/build/icyphy/ptII/ptolemy/domains/de/test/auto/CausalityInterface15.xml (RunModel)" time="0.011" />
  <testcase classname="ptolemy.util.test.junit.AutoTests" name="[7] /home/travis/build/icyphy/ptII/ptolemy/domains/de/test/auto/CausalityInterface2.xml (RunModel)" time="0.009" />
  <testcase classname="ptolemy.util.test.junit.AutoTests" name="[8] /home/travis/build/icyphy/ptII/ptolemy/domains/de/test/auto/CausalityInterface3.xml (RunModel)" time="0.01" />
  <testcase classname="ptolemy.util.test.junit.AutoTests" name="[9] /home/travis/build/icyphy/ptII/ptolemy/domains/de/test/auto/ClockDrift.xml (RunModel)" time="0.028" />
  <testcase classname="ptolemy.util.test.junit.AutoTests" name="[10] /home/travis/build/icyphy/ptII/ptolemy/domains/de/test/auto/ClockDriftAndValueChange.xml (RunModel)" time="0.023" />
  <testcase classname="ptolemy.util.test.junit.AutoTests" name="[11] /home/travis/build/icyphy/ptII/ptolemy/domains/de/test/auto/ClockDriftChange.xml (RunModel)" time="0.023" />
  <testcase classname="ptolemy.util.test.junit.AutoTests" name="[12] /home/travis/build/icyphy/ptII/ptolemy/domains/de/test/auto/ComposableCausalityAnalysis.xml (RunModel)" time="0.011" />
  <testcase classname="ptolemy.util.test.junit.AutoTests" name="[13] /home/travis/build/icyphy/ptII/ptolemy/domains/de/test/auto/DEFixedPointLimitation.xml (RunModel)" time="0.006" />
  <testcase classname="ptolemy.util.test.junit.AutoTests" name="[14] /home/travis/build/icyphy/ptII/ptolemy/domains/de/test/auto/DEScheduleTest.xml (RunModel)" time="0.012" />
  <testcase classname="ptolemy.util.test.junit.AutoTests" name="[15] /home/travis/build/icyphy/ptII/ptolemy/domains/de/test/auto/DEinDEwithStartTimes.xml (RunModel)" time="0.013" />
  <testcase classname="ptolemy.util.test.junit.AutoTests" name="[16] /home/travis/build/icyphy/ptII/ptolemy/domains/de/test/auto/DEinDEwithStartTimes2.xml (RunModel)" time="0.01" />
  <testcase classname="ptolemy.util.test.junit.AutoTests" name="[17] /home/travis/build/icyphy/ptII/ptolemy/domains/de/test/auto/DateDemo.xml (RunModel)" time="0.021" />
  <testcase classname="ptolemy.util.test.junit.AutoTests" name="[18] /home/travis/build/icyphy/ptII/ptolemy/domains/de/test/auto/DateToEvent.xml (RunModel)" time="2.028" />
  <testcase classname="ptolemy.util.test.junit.AutoTests" name="[19] /home/travis/build/icyphy/ptII/ptolemy/domains/de/test/auto/DepthTest1.xml (RunModel)" time="0.005" />
  <testcase classname="ptolemy.util.test.junit.AutoTests" name="[20] /home/travis/build/icyphy/ptII/ptolemy/domains/de/test/auto/DepthTest2.xml (RunModel)" time="0.011" />
  <testcase classname="ptolemy.util.test.junit.AutoTests" name="[21] /home/travis/build/icyphy/ptII/ptolemy/domains/de/test/auto/DepthTest3.xml (RunModel)" time="0.005" />
  <testcase classname="ptolemy.util.test.junit.AutoTests" name="[22] /home/travis/build/icyphy/ptII/ptolemy/domains/de/test/auto/DepthTest4.xml (RunModel)" time="0.007" />
  <testcase classname="ptolemy.util.test.junit.AutoTests" name="[23] /home/travis/build/icyphy/ptII/ptolemy/domains/de/test/auto/DepthTest5.xml (RunModel)" time="0.008" />
  <testcase classname="ptolemy.util.test.junit.AutoTests" name="[24] /home/travis/build/icyphy/ptII/ptolemy/domains/de/test/auto/DepthTest6.xml (RunModel)" time="0.008" />
  <testcase classname="ptolemy.util.test.junit.AutoTests" name="[25] /home/travis/build/icyphy/ptII/ptolemy/domains/de/test/auto/DepthTest7.xml (RunModel)" time="0.007" />
  <testcase classname="ptolemy.util.test.junit.AutoTests" name="[26] /home/travis/build/icyphy/ptII/ptolemy/domains/de/test/auto/EventToDate.xml (RunModel)" time="3.023" />
  <testcase classname="ptolemy.util.test.junit.AutoTests" name="[27] /home/travis/build/icyphy/ptII/ptolemy/domains/de/test/auto/FSM1.xml (RunModel)" time="0.04" />
  <testcase classname="ptolemy.util.test.junit.AutoTests" name="[28] /home/travis/build/icyphy/ptII/ptolemy/domains/de/test/auto/FSM7.xml (RunModel)" time="0.023" />
  <testcase classname="ptolemy.util.test.junit.AutoTests" name="[29] /home/travis/build/icyphy/ptII/ptolemy/domains/de/test/auto/Inspection.xml (RunModel)" time="0.024" />
  <testcase classname="ptolemy.util.test.junit.AutoTests" name="[30] /home/travis/build/icyphy/ptII/ptolemy/domains/de/test/auto/Iteration.xml (RunModel)" time="0.011" />
  <testcase classname="ptolemy.util.test.junit.AutoTests" name="[31] /home/travis/build/icyphy/ptII/ptolemy/domains/de/test/auto/LineFault.xml (RunModel)" time="0.389" />
  <testcase classname="ptolemy.util.test.junit.AutoTests" name="[32] /home/travis/build/icyphy/ptII/ptolemy/domains/de/test/auto/MergeModel1Add.xml (RunModel)" time="0.028" />
  <testcase classname="ptolemy.util.test.junit.AutoTests" name="[33] /home/travis/build/icyphy/ptII/ptolemy/domains/de/test/auto/MergeModel2Add.xml (RunModel)" time="0.022" />
  <testcase classname="ptolemy.util.test.junit.AutoTests" name="[34] /home/travis/build/icyphy/ptII/ptolemy/domains/de/test/auto/MergeModel3Add.xml (RunModel)" time="0.023" />
  <testcase classname="ptolemy.util.test.junit.AutoTests" name="[35] /home/travis/build/icyphy/ptII/ptolemy/domains/de/test/auto/MergeWithoutDiscard.xml (RunModel)" time="0.007" />
  <testcase classname="ptolemy.util.test.junit.AutoTests" name="[36] /home/travis/build/icyphy/ptII/ptolemy/domains/de/test/auto/Modal1.xml (RunModel)" time="0.022" />
  <testcase classname="ptolemy.util.test.junit.AutoTests" name="[37] /home/travis/build/icyphy/ptII/ptolemy/domains/de/test/auto/Modal2.xml (RunModel)" time="0.02" />
  <testcase classname="ptolemy.util.test.junit.AutoTests" name="[38] /home/travis/build/icyphy/ptII/ptolemy/domains/de/test/auto/Modal3.xml (RunModel)" time="0.02" />
  <testcase classname="ptolemy.util.test.junit.AutoTests" name="[39] /home/travis/build/icyphy/ptII/ptolemy/domains/de/test/auto/Modal4.xml (RunModel)" time="0.027" />
  <testcase classname="ptolemy.util.test.junit.AutoTests" name="[40] /home/travis/build/icyphy/ptII/ptolemy/domains/de/test/auto/Modal5.xml (RunModel)" time="0.02" />
  <testcase classname="ptolemy.util.test.junit.AutoTests" name="[41] /home/travis/build/icyphy/ptII/ptolemy/domains/de/test/auto/Modal6.xml (RunModel)" time="0.017" />
  <testcase classname="ptolemy.util.test.junit.AutoTests" name="[42] /home/travis/build/icyphy/ptII/ptolemy/domains/de/test/auto/Modal7.xml (RunModel)" time="0.02" />
  <testcase classname="ptolemy.util.test.junit.AutoTests" name="[43] /home/travis/build/icyphy/ptII/ptolemy/domains/de/test/auto/ModalModel.xml (RunModel)" time="0.092" />
  <testcase classname="ptolemy.util.test.junit.AutoTests" name="[44] /home/travis/build/icyphy/ptII/ptolemy/domains/de/test/auto/ModalSource.xml (RunModel)" time="0.011" />
  <testcase classname="ptolemy.util.test.junit.AutoTests" name="[45] /home/travis/build/icyphy/ptII/ptolemy/domains/de/test/auto/NonInterruptibleTimerZeroDelay.xml (RunModel)" time="0.006" />
  <testcase classname="ptolemy.util.test.junit.AutoTests" name="[46] /home/travis/build/icyphy/ptII/ptolemy/domains/de/test/auto/OpenQueueingNetwork.xml (RunModel)" time="1.83" />
  <testcase classname="ptolemy.util.test.junit.AutoTests" name="[47] /home/travis/build/icyphy/ptII/ptolemy/domains/de/test/auto/OpenQueuingNetwork.xml (RunModel)" time="0.252" />
  <testcase classname="ptolemy.util.test.junit.AutoTests" name="[48] /home/travis/build/icyphy/ptII/ptolemy/domains/de/test/auto/PeriodicSampler.xml (RunModel)" time="0.009" />
  <testcase classname="ptolemy.util.test.junit.AutoTests" name="[49] /home/travis/build/icyphy/ptII/ptolemy/domains/de/test/auto/PersistentIO.xml (RunModel)" time="0.02" />
  <testcase classname="ptolemy.util.test.junit.AutoTests" name="[50] /home/travis/build/icyphy/ptII/ptolemy/domains/de/test/auto/PortParameterResetOnInitialize.xml (RunModel)" time="0.009" />
  <testcase classname="ptolemy.util.test.junit.AutoTests" name="[51] /home/travis/build/icyphy/ptII/ptolemy/domains/de/test/auto/PortParameterUpdates.xml (RunModel)" time="0.016" />
  <testcase classname="ptolemy.util.test.junit.AutoTests" name="[52] /home/travis/build/icyphy/ptII/ptolemy/domains/de/test/auto/QueueAndServer.xml (RunModel)" time="0.018" />
  <testcase classname="ptolemy.util.test.junit.AutoTests" name="[53] /home/travis/build/icyphy/ptII/ptolemy/domains/de/test/auto/Records.xml (RunModel)" time="0.024" />
  <testcase classname="ptolemy.util.test.junit.AutoTests" name="[54] /home/travis/build/icyphy/ptII/ptolemy/domains/de/test/auto/ResetTransitionWithStartTime1.xml (RunModel)" time="0.016" />
  <testcase classname="ptolemy.util.test.junit.AutoTests" name="[55] /home/travis/build/icyphy/ptII/ptolemy/domains/de/test/auto/ResetTransitionWithStartTime2.xml (RunModel)" time="0.019" />
  <testcase classname="ptolemy.util.test.junit.AutoTests" name="[56] /home/travis/build/icyphy/ptII/ptolemy/domains/de/test/auto/ResetTransitionWithStartTime3.xml (RunModel)" time="0.02" />
  <testcase classname="ptolemy.util.test.junit.AutoTests" name="[57] /home/travis/build/icyphy/ptII/ptolemy/domains/de/test/auto/ResetTransitionWithStartTime4.xml (RunModel)" time="0.018" />
  <testcase classname="ptolemy.util.test.junit.AutoTests" name="[58] /home/travis/build/icyphy/ptII/ptolemy/domains/de/test/auto/ResettableTimer1.xml (RunModel)" time="0.009" />
  <testcase classname="ptolemy.util.test.junit.AutoTests" name="[59] /home/travis/build/icyphy/ptII/ptolemy/domains/de/test/auto/ResettableTimer2.xml (RunModel)" time="0.01" />
  <testcase classname="ptolemy.util.test.junit.AutoTests" name="[60] /home/travis/build/icyphy/ptII/ptolemy/domains/de/test/auto/ResettableTimer3.xml (RunModel)" time="0.009" />
  <testcase classname="ptolemy.util.test.junit.AutoTests" name="[61] /home/travis/build/icyphy/ptII/ptolemy/domains/de/test/auto/ResettableTimer4.xml (RunModel)" time="0.01" />
  <testcase classname="ptolemy.util.test.junit.AutoTests" name="[62] /home/travis/build/icyphy/ptII/ptolemy/domains/de/test/auto/ResettableTimer5.xml (RunModel)" time="0.009" />
  <testcase classname="ptolemy.util.test.junit.AutoTests" name="[63] /home/travis/build/icyphy/ptII/ptolemy/domains/de/test/auto/ResettableTimer6.xml (RunModel)" time="0.017" />
  <testcase classname="ptolemy.util.test.junit.AutoTests" name="[64] /home/travis/build/icyphy/ptII/ptolemy/domains/de/test/auto/ServerZeroDelay.xml (RunModel)" time="0.011" />
  <testcase classname="ptolemy.util.test.junit.AutoTests" name="[65] /home/travis/build/icyphy/ptII/ptolemy/domains/de/test/auto/SmartSender.xml (RunModel)" time="3.012" />
  <testcase classname="ptolemy.util.test.junit.AutoTests" name="[66] /home/travis/build/icyphy/ptII/ptolemy/domains/de/test/auto/ThreadedComposite.xml (RunModel)" time="0.114" />
  <testcase classname="ptolemy.util.test.junit.AutoTests" name="[67] /home/travis/build/icyphy/ptII/ptolemy/domains/de/test/auto/Time.xml (RunModel)" time="0.394" />
  <testcase classname="ptolemy.util.test.junit.AutoTests" name="[68] /home/travis/build/icyphy/ptII/ptolemy/domains/de/test/auto/TimeDelayZeroDelay.xml (RunModel)" time="0.016" />
  <testcase classname="ptolemy.util.test.junit.AutoTests" name="[69] /home/travis/build/icyphy/ptII/ptolemy/domains/de/test/auto/TimerZeroDelay.xml (RunModel)" time="0.008" />
  <testcase classname="ptolemy.util.test.junit.AutoTests" name="[70] /home/travis/build/icyphy/ptII/ptolemy/domains/de/test/auto/TimingParadox.xml (RunModel)" time="0.345" />
  <testcase classname="ptolemy.util.test.junit.AutoTests" name="[71] /home/travis/build/icyphy/ptII/ptolemy/domains/de/test/auto/TransferInputs.xml (RunModel)" time="0.009" />
  <testcase classname="ptolemy.util.test.junit.AutoTests" name="[72] /home/travis/build/icyphy/ptII/ptolemy/domains/de/test/auto/TransferOutputs2.xml (RunModel)" time="0.013" />
  <testcase classname="ptolemy.util.test.junit.AutoTests" name="[73] /home/travis/build/icyphy/ptII/ptolemy/domains/de/test/auto/Trilateration.xml (RunModel)" time="12.54" />
  <testcase classname="ptolemy.util.test.junit.AutoTests" name="[74] /home/travis/build/icyphy/ptII/ptolemy/domains/de/test/auto/TwoSigmaDelta.xml (RunModel)" time="1.989" />
  <testcase classname="ptolemy.util.test.junit.AutoTests" name="[75] /home/travis/build/icyphy/ptII/ptolemy/domains/de/test/auto/VariableDelay.xml (RunModel)" time="0.008" />
  <testcase classname="ptolemy.util.test.junit.AutoTests" name="[76] /home/travis/build/icyphy/ptII/ptolemy/domains/de/test/auto/VariableDelay2.xml (RunModel)" time="0.006" />
  <testcase classname="ptolemy.util.test.junit.AutoTests" name="[77] /home/travis/build/icyphy/ptII/ptolemy/domains/de/test/auto/VariableDelayZeroDelay.xml (RunModel)" time="0.01" />
  <testcase classname="ptolemy.util.test.junit.AutoTests" name="[78] /home/travis/build/icyphy/ptII/ptolemy/domains/de/test/auto/VariableDelayZeroDelay2.xml (RunModel)" time="0.012" />
  <testcase classname="ptolemy.util.test.junit.AutoTests" name="[79] /home/travis/build/icyphy/ptII/ptolemy/domains/de/test/auto/deInCt.xml (RunModel)" time="0.013" />
  <testcase classname="ptolemy.util.test.junit.AutoTests" name="[80] /home/travis/build/icyphy/ptII/ptolemy/domains/de/test/auto/deInCt2.xml (RunModel)" time="0.025" />
  <testcase classname="ptolemy.util.test.junit.AutoTests" name="[81] /home/travis/build/icyphy/ptII/ptolemy/domains/de/test/auto/dynamicCausalityInterface1.xml (RunModel)" time="0.021" />
  <testcase classname="ptolemy.util.test.junit.AutoTests" name="[82] /home/travis/build/icyphy/ptII/ptolemy/domains/de/test/auto/fsm_de_test.xml (RunModel)" time="0.022" />
  <testcase classname="ptolemy.util.test.junit.AutoTests" name="[83] /home/travis/build/icyphy/ptII/ptolemy/domains/de/test/auto/functionDependencyReconstruction.xml (RunModel)" time="0.028" />
  <testcase classname="ptolemy.util.test.junit.AutoTests" name="[84] /home/travis/build/icyphy/ptII/ptolemy/domains/de/test/auto/multirate.xml (RunModel)" time="0.014" />
  <testcase classname="ptolemy.util.test.junit.AutoTests" name="[85] /home/travis/build/icyphy/ptII/ptolemy/domains/de/test/auto/multirate2.xml (RunModel)" time="0.014" />
  <testcase classname="ptolemy.util.test.junit.AutoTests" name="[86] /home/travis/build/icyphy/ptII/ptolemy/domains/de/test/auto/realtime.xml (RunModel)" time="10.01" />
  <testcase classname="ptolemy.util.test.junit.AutoTests" name="[87] /home/travis/build/icyphy/ptII/ptolemy/domains/de/test/auto/relationGroup.xml (RunModel)" time="0.007" />
  <testcase classname="ptolemy.util.test.junit.AutoTests" name="[88] /home/travis/build/icyphy/ptII/ptolemy/domains/de/test/auto/relationGroup2.xml (RunModel)" time="0.006" />
  <testcase classname="ptolemy.util.test.junit.AutoTests" name="[89] /home/travis/build/icyphy/ptII/ptolemy/domains/de/test/auto/sortWithOpaquePorts.xml (RunModel)" time="0.008" />
  <testcase classname="ptolemy.util.test.junit.AutoTests" name="[90] /home/travis/build/icyphy/ptII/ptolemy/domains/de/test/auto/transferInputsandOutputs.xml (RunModel)" time="0.013" />
  <testcase classname="ptolemy.util.test.junit.AutoTests" name="[91] /home/travis/build/icyphy/ptII/ptolemy/domains/de/test/auto/triggerType.xml (RunModel)" time="0.006" />
  <system-out><![CDATA[/home/travis/build/icyphy/ptII/ptolemy/domains/de/test/DependencyLoop.tcl
testDefs.tcl: setting time out to 9000 seconds at Mon May 28 01:17:18 UTC 2018
13 ms. Memory: 116224K Free: 95043K (82%)
6 ms. Memory: 116224K Free: 107599K (93%)
/home/travis/build/icyphy/ptII/ptolemy/domains/de/test/RunDETestsAsQSS.tcl
Run the DE tests using ptolemy.domains.qss.test.QSSDirectorTest, which extends QSSDirector and prints a message in the constructors.
------------------ testing $PTII/ptolemy/domains/de/test/auto/knownFailedTests/dependencyLoop.xml (Known Failure) 
7 ms. Memory: 116224K Free: 104439K (90%)


==== $PTIIhome/travis/build/icyphy/ptII/ptolemy/domains/de/test/../../../../: Auto Automatic test in file $PTII/ptolemy/domains/de/test/auto/knownFailedTests/dependencyLoop.xml
==== Contents of test case:

	    # FIXME: we should use $relativeFilename here, but it
	    # might have backslashes under Windows, which causes no end
	    # of trouble.
	    createAndExecute $file
	    list {}
	
.... Test generated KNOWN error:
    while executing
ptolemy.kernel.util.IllegalActionException: Found a zero delay loop containing .dependencyLoop.original
  in .dependencyLoop and .dependencyLoop.original
	at ptolemy.actor.util.CausalityInterfaceForComposites._computeOutputPortDepth(CausalityInterfaceForComposites.java:759)
	at ptolemy.actor.util.CausalityInterfaceForComposites._computeInputDepth(CausalityInterfaceForComposites.java:696)
	at ptolemy.actor.util.CausalityInterfaceForComposites._computeOutputPortDepth(CausalityInterfaceForComposites.java:765)
	at ptolemy.actor.util.CausalityInterfaceForComposites._computeInputDepth(CausalityInterfaceForComposites.java:696)
	at ptolemy.actor.util.CausalityInterfaceForComposites._computeOutputPortDepth(CausalityInterfaceForComposites.java:765)
	at ptolemy.actor.util.CausalityInterfaceForComposites._computeInputDepth(CausalityInterfaceForComposites.java:696)
	at ptolemy.actor.util.CausalityInterfaceForComposites._computeActorDepth(CausalityInterfaceForComposites.java:532)
	at ptolemy.actor.util.CausalityInterfaceForComposites.checkForCycles(CausalityInterfaceForComposites.java:96)
	at ptolemy.domains.de.kernel.DEDirector.preinitialize(DEDirector.java:1337)
	at ptolemy.actor.CompositeActor.preinitialize(CompositeActor.java:1828)
	at ptolemy.actor.Manager.preinitializeAndResolveTypes(Manager.java:1040)
	at ptolemy.actor.Manager.initialize(Manager.java:710)
	at ptolemy.actor.Manager.execute(Manager.java:356)
	at ptolemy.actor.Manager.run(Manager.java:1263)
	at ptolemy.actor.Manager$PtolemyRunThread.run(Manager.java:1915)

    while executing
ptolemy.kernel.util.IllegalActionException: Found a zero delay loop containing .dependencyLoop.original
  in .dependencyLoop and .dependencyLoop.original
    while executing
"java::new ptolemy.moml.MoMLSimpleApplication $file
"
    (procedure "createAndExecute" line 2)
    invoked from within
"createAndExecute $file"
    ("uplevel" body line 5)
    invoked from within
"uplevel $contents_of_test"
------------------ testing $PTII/ptolemy/domains/de/test/auto/knownFailedTests/DESDFClockTest.xml (Known Failure) 
2093 ms. Memory: 116224K Free: 89545K (77%)


==== $PTIIhome/travis/build/icyphy/ptII/ptolemy/domains/de/test/../../../../: Auto Automatic test in file $PTII/ptolemy/domains/de/test/auto/knownFailedTests/DESDFClockTest.xml
==== Contents of test case:

	    # FIXME: we should use $relativeFilename here, but it
	    # might have backslashes under Windows, which causes no end
	    # of trouble.
	    createAndExecute $file
	    list {}
	
.... Test generated KNOWN error:
    while executing
ptolemy.kernel.util.IllegalActionException: Actor is not ready to fire.  Perhaps UpSample.prefire() returned false? Try debugging the actor by selecting "Listen to Actor".  Also, for SDF check moml for tokenConsumptionRate on input.
  in .DESDFClockTest.Play Bell.Copy1:SDF Director and .DESDFClockTest.Play Bell.UpSample
	at ptolemy.actor.sched.StaticSchedulingDirector.fire(StaticSchedulingDirector.java:227)
	at ptolemy.domains.sdf.kernel.SDFDirector.fire(SDFDirector.java:500)
	at ptolemy.actor.CompositeActor.fire(CompositeActor.java:455)
	at ptolemy.domains.de.kernel.DEDirector._fire(DEDirector.java:1948)
	at ptolemy.domains.de.kernel.DEDirector.fire(DEDirector.java:502)
	at ptolemy.actor.CompositeActor.fire(CompositeActor.java:455)
	at ptolemy.actor.Manager.iterate(Manager.java:851)
	at ptolemy.actor.Manager.execute(Manager.java:369)
	at ptolemy.actor.Manager.run(Manager.java:1263)
	at ptolemy.actor.Manager$PtolemyRunThread.run(Manager.java:1915)

    while executing
ptolemy.kernel.util.IllegalActionException: Actor is not ready to fire.  Perhaps UpSample.prefire() returned false? Try debugging the actor by selecting "Listen to Actor".  Also, for SDF check moml for tokenConsumptionRate on input.
  in .DESDFClockTest.Play Bell.Copy1:SDF Director and .DESDFClockTest.Play Bell.UpSample
    while executing
"java::new ptolemy.moml.MoMLSimpleApplication $file
"
    (procedure "createAndExecute" line 2)
    invoked from within
"createAndExecute $file"
    ("uplevel" body line 5)
    invoked from within
"uplevel $contents_of_test"
------------------ testing $PTII/ptolemy/domains/de/test/auto/knownFailedTests/FSMSource.xml (Known Failure) 
42 ms. Memory: 116224K Free: 111601K (96%)
!!!! Auto was marked as failing, but now passes
------------------ testing $PTII/ptolemy/domains/de/test/auto/knownFailedTests/dependencyLoop2.xml (Known Failure) 
4 ms. Memory: 116224K Free: 93553K (80%)


==== $PTIIhome/travis/build/icyphy/ptII/ptolemy/domains/de/test/../../../../: Auto Automatic test in file $PTII/ptolemy/domains/de/test/auto/knownFailedTests/dependencyLoop2.xml
==== Contents of test case:

	    # FIXME: we should use $relativeFilename here, but it
	    # might have backslashes under Windows, which causes no end
	    # of trouble.
	    createAndExecute $file
	    list {}
	
.... Test generated KNOWN error:
    while executing
ptolemy.kernel.util.IllegalActionException: Found a zero delay loop containing .dependencyLoop2.original
  in .dependencyLoop2 and .dependencyLoop2.original
	at ptolemy.actor.util.CausalityInterfaceForComposites._computeOutputPortDepth(CausalityInterfaceForComposites.java:759)
	at ptolemy.actor.util.CausalityInterfaceForComposites._computeInputDepth(CausalityInterfaceForComposites.java:696)
	at ptolemy.actor.util.CausalityInterfaceForComposites._computeOutputPortDepth(CausalityInterfaceForComposites.java:765)
	at ptolemy.actor.util.CausalityInterfaceForComposites._computeInputDepth(CausalityInterfaceForComposites.java:696)
	at ptolemy.actor.util.CausalityInterfaceForComposites._computeOutputPortDepth(CausalityInterfaceForComposites.java:765)
	at ptolemy.actor.util.CausalityInterfaceForComposites._computeInputDepth(CausalityInterfaceForComposites.java:696)
	at ptolemy.actor.util.CausalityInterfaceForComposites._computeActorDepth(CausalityInterfaceForComposites.java:532)
	at ptolemy.actor.util.CausalityInterfaceForComposites.checkForCycles(CausalityInterfaceForComposites.java:96)
	at ptolemy.domains.de.kernel.DEDirector.preinitialize(DEDirector.java:1337)
	at ptolemy.actor.CompositeActor.preinitialize(CompositeActor.java:1828)
	at ptolemy.actor.Manager.preinitializeAndResolveTypes(Manager.java:1040)
	at ptolemy.actor.Manager.initialize(Manager.java:710)
	at ptolemy.actor.Manager.execute(Manager.java:356)
	at ptolemy.actor.Manager.run(Manager.java:1263)
	at ptolemy.actor.Manager$PtolemyRunThread.run(Manager.java:1915)

    while executing
ptolemy.kernel.util.IllegalActionException: Found a zero delay loop containing .dependencyLoop2.original
  in .dependencyLoop2 and .dependencyLoop2.original
    while executing
"java::new ptolemy.moml.MoMLSimpleApplication $file
"
    (procedure "createAndExecute" line 2)
    invoked from within
"createAndExecute $file"
    ("uplevel" body line 5)
    invoked from within
"uplevel $contents_of_test"
------------------ testing $PTII/ptolemy/domains/de/test/auto/knownFailedTests/HierarchicalModel.xml (Known Failure) 
4 ms. Memory: 146944K Free: 134415K (91%)


==== $PTIIhome/travis/build/icyphy/ptII/ptolemy/domains/de/test/../../../../: Auto Automatic test in file $PTII/ptolemy/domains/de/test/auto/knownFailedTests/HierarchicalModel.xml
==== Contents of test case:

	    # FIXME: we should use $relativeFilename here, but it
	    # might have backslashes under Windows, which causes no end
	    # of trouble.
	    createAndExecute $file
	    list {}
	
.... Test generated KNOWN error:
    while executing
ptolemy.kernel.util.IllegalActionException: Found a zero delay loop containing .HierarchicalModel.A
  in .HierarchicalModel and .HierarchicalModel.A
	at ptolemy.actor.util.CausalityInterfaceForComposites._computeOutputPortDepth(CausalityInterfaceForComposites.java:759)
	at ptolemy.actor.util.CausalityInterfaceForComposites._computeInputDepth(CausalityInterfaceForComposites.java:696)
	at ptolemy.actor.util.CausalityInterfaceForComposites._computeOutputPortDepth(CausalityInterfaceForComposites.java:765)
	at ptolemy.actor.util.CausalityInterfaceForComposites._computeInputDepth(CausalityInterfaceForComposites.java:696)
	at ptolemy.actor.util.CausalityInterfaceForComposites._computeOutputPortDepth(CausalityInterfaceForComposites.java:765)
	at ptolemy.actor.util.CausalityInterfaceForComposites._computeInputDepth(CausalityInterfaceForComposites.java:696)
	at ptolemy.actor.util.CausalityInterfaceForComposites._computeActorDepth(CausalityInterfaceForComposites.java:532)
	at ptolemy.actor.util.CausalityInterfaceForComposites.checkForCycles(CausalityInterfaceForComposites.java:96)
	at ptolemy.domains.de.kernel.DEDirector.preinitialize(DEDirector.java:1337)
	at ptolemy.actor.CompositeActor.preinitialize(CompositeActor.java:1828)
	at ptolemy.actor.Manager.preinitializeAndResolveTypes(Manager.java:1040)
	at ptolemy.actor.Manager.initialize(Manager.java:710)
	at ptolemy.actor.Manager.execute(Manager.java:356)
	at ptolemy.actor.Manager.run(Manager.java:1263)
	at ptolemy.actor.Manager$PtolemyRunThread.run(Manager.java:1915)

    while executing
ptolemy.kernel.util.IllegalActionException: Found a zero delay loop containing .HierarchicalModel.A
  in .HierarchicalModel and .HierarchicalModel.A
    while executing
"java::new ptolemy.moml.MoMLSimpleApplication $file
"
    (procedure "createAndExecute" line 2)
    invoked from within
"createAndExecute $file"
    ("uplevel" body line 5)
    invoked from within
"uplevel $contents_of_test"
------------------ testing $PTII/ptolemy/domains/de/test/auto/knownFailedTests/DirectFeedback.xml (Known Failure) 
3 ms. Memory: 146944K Free: 129356K (88%)


==== $PTIIhome/travis/build/icyphy/ptII/ptolemy/domains/de/test/../../../../: Auto Automatic test in file $PTII/ptolemy/domains/de/test/auto/knownFailedTests/DirectFeedback.xml
==== Contents of test case:

	    # FIXME: we should use $relativeFilename here, but it
	    # might have backslashes under Windows, which causes no end
	    # of trouble.
	    createAndExecute $file
	    list {}
	
.... Test generated KNOWN error:
    while executing
ptolemy.kernel.util.IllegalActionException: Test fails in iteration 1.
Value was: 1.0. Should have been: 2.0
  in .DirectFeedback.Test
	at ptolemy.actor.lib.Test.fire(Test.java:268)
	at ptolemy.domains.de.kernel.DEDirector._fire(DEDirector.java:1948)
	at ptolemy.domains.de.kernel.DEDirector.fire(DEDirector.java:502)
	at ptolemy.actor.CompositeActor.fire(CompositeActor.java:455)
	at ptolemy.actor.Manager.iterate(Manager.java:851)
	at ptolemy.actor.Manager.execute(Manager.java:369)
	at ptolemy.actor.Manager.run(Manager.java:1263)
	at ptolemy.actor.Manager$PtolemyRunThread.run(Manager.java:1915)

    while executing
ptolemy.kernel.util.IllegalActionException: Test fails in iteration 1.
Value was: 1.0. Should have been: 2.0
  in .DirectFeedback.Test
    while executing
"java::new ptolemy.moml.MoMLSimpleApplication $file
"
    (procedure "createAndExecute" line 2)
    invoked from within
"createAndExecute $file"
    ("uplevel" body line 5)
    invoked from within
"uplevel $contents_of_test"
------------------ testing $PTII/ptolemy/domains/de/test/auto/ActorDepthCalculation_actorWithoutPorts.xml
auto.tcl: Setting watchdog for 200 seconds at Mon May 28 01:17:21 UTC 2018
3 ms. Memory: 146944K Free: 121593K (83%)
ptolemy.util.test.WatchDog.cancel(): canceling Mon May 28 01:17:21 UTC 2018
auto.tcl: Setting watchdog for 200 seconds at Mon May 28 01:17:21 UTC 2018
4 ms. Memory: 146944K Free: 120532K (82%)
ptolemy.util.test.WatchDog.cancel(): canceling Mon May 28 01:17:21 UTC 2018
------------------ testing $PTII/ptolemy/domains/de/test/auto/AssemblyLine.xml
auto.tcl: Setting watchdog for 200 seconds at Mon May 28 01:17:22 UTC 2018
11 ms. Memory: 146944K Free: 127561K (87%)
ptolemy.util.test.WatchDog.cancel(): canceling Mon May 28 01:17:22 UTC 2018
auto.tcl: Setting watchdog for 200 seconds at Mon May 28 01:17:22 UTC 2018
19 ms. Memory: 146944K Free: 126511K (86%)
ptolemy.util.test.WatchDog.cancel(): canceling Mon May 28 01:17:22 UTC 2018
------------------ testing $PTII/ptolemy/domains/de/test/auto/CQBug1.xml
auto.tcl: Setting watchdog for 200 seconds at Mon May 28 01:17:22 UTC 2018
3 ms. Memory: 146944K Free: 138314K (94%)
ptolemy.util.test.WatchDog.cancel(): canceling Mon May 28 01:17:22 UTC 2018
auto.tcl: Setting watchdog for 200 seconds at Mon May 28 01:17:22 UTC 2018
2 ms. Memory: 146944K Free: 138314K (94%)
ptolemy.util.test.WatchDog.cancel(): canceling Mon May 28 01:17:22 UTC 2018
------------------ testing $PTII/ptolemy/domains/de/test/auto/CancelFireAt.xml
auto.tcl: Setting watchdog for 200 seconds at Mon May 28 01:17:22 UTC 2018
4 ms. Memory: 146944K Free: 140401K (96%)
ptolemy.util.test.WatchDog.cancel(): canceling Mon May 28 01:17:22 UTC 2018
auto.tcl: Setting watchdog for 200 seconds at Mon May 28 01:17:22 UTC 2018
7 ms. Memory: 146944K Free: 139351K (95%)
ptolemy.util.test.WatchDog.cancel(): canceling Mon May 28 01:17:22 UTC 2018
------------------ testing $PTII/ptolemy/domains/de/test/auto/CausalityAndComposabilityAnalysis.xml
auto.tcl: Setting watchdog for 200 seconds at Mon May 28 01:17:22 UTC 2018
15 ms. Memory: 146944K Free: 137995K (94%)
ptolemy.util.test.WatchDog.cancel(): canceling Mon May 28 01:17:22 UTC 2018
auto.tcl: Setting watchdog for 200 seconds at Mon May 28 01:17:22 UTC 2018
4 ms. Memory: 146944K Free: 136942K (93%)
ptolemy.util.test.WatchDog.cancel(): canceling Mon May 28 01:17:22 UTC 2018
------------------ testing $PTII/ptolemy/domains/de/test/auto/CausalityInterface1.xml
auto.tcl: Setting watchdog for 200 seconds at Mon May 28 01:17:22 UTC 2018
7 ms. Memory: 146944K Free: 136268K (93%)
ptolemy.util.test.WatchDog.cancel(): canceling Mon May 28 01:17:22 UTC 2018
auto.tcl: Setting watchdog for 200 seconds at Mon May 28 01:17:22 UTC 2018
8 ms. Memory: 146944K Free: 135219K (92%)
ptolemy.util.test.WatchDog.cancel(): canceling Mon May 28 01:17:22 UTC 2018
------------------ testing $PTII/ptolemy/domains/de/test/auto/CausalityInterface15.xml
auto.tcl: Setting watchdog for 200 seconds at Mon May 28 01:17:22 UTC 2018
4 ms. Memory: 146944K Free: 135211K (92%)
ptolemy.util.test.WatchDog.cancel(): canceling Mon May 28 01:17:22 UTC 2018
auto.tcl: Setting watchdog for 200 seconds at Mon May 28 01:17:22 UTC 2018
7 ms. Memory: 146944K Free: 134160K (91%)
ptolemy.util.test.WatchDog.cancel(): canceling Mon May 28 01:17:22 UTC 2018
------------------ testing $PTII/ptolemy/domains/de/test/auto/CausalityInterface2.xml
auto.tcl: Setting watchdog for 200 seconds at Mon May 28 01:17:22 UTC 2018
4 ms. Memory: 146944K Free: 136244K (93%)
ptolemy.util.test.WatchDog.cancel(): canceling Mon May 28 01:17:22 UTC 2018
auto.tcl: Setting watchdog for 200 seconds at Mon May 28 01:17:22 UTC 2018
2 ms. Memory: 146944K Free: 136244K (93%)
ptolemy.util.test.WatchDog.cancel(): canceling Mon May 28 01:17:22 UTC 2018
------------------ testing $PTII/ptolemy/domains/de/test/auto/CausalityInterface3.xml
auto.tcl: Setting watchdog for 200 seconds at Mon May 28 01:17:23 UTC 2018
7 ms. Memory: 146944K Free: 136256K (93%)
ptolemy.util.test.WatchDog.cancel(): canceling Mon May 28 01:17:23 UTC 2018
auto.tcl: Setting watchdog for 200 seconds at Mon May 28 01:17:23 UTC 2018
7 ms. Memory: 146944K Free: 135207K (92%)
ptolemy.util.test.WatchDog.cancel(): canceling Mon May 28 01:17:23 UTC 2018
------------------ testing $PTII/ptolemy/domains/de/test/auto/ClockDrift.xml
auto.tcl: Setting watchdog for 200 seconds at Mon May 28 01:17:23 UTC 2018
85 ms. Memory: 146944K Free: 128103K (87%)
ptolemy.util.test.WatchDog.cancel(): canceling Mon May 28 01:17:23 UTC 2018
auto.tcl: Setting watchdog for 200 seconds at Mon May 28 01:17:23 UTC 2018
46 ms. Memory: 146944K Free: 124954K (85%)
ptolemy.util.test.WatchDog.cancel(): canceling Mon May 28 01:17:23 UTC 2018
------------------ testing $PTII/ptolemy/domains/de/test/auto/ClockDriftAndValueChange.xml
auto.tcl: Setting watchdog for 200 seconds at Mon May 28 01:17:23 UTC 2018
22 ms. Memory: 146944K Free: 127938K (87%)
ptolemy.util.test.WatchDog.cancel(): canceling Mon May 28 01:17:23 UTC 2018
auto.tcl: Setting watchdog for 200 seconds at Mon May 28 01:17:23 UTC 2018
21 ms. Memory: 146944K Free: 124790K (85%)
ptolemy.util.test.WatchDog.cancel(): canceling Mon May 28 01:17:23 UTC 2018
------------------ testing $PTII/ptolemy/domains/de/test/auto/ClockDriftChange.xml
auto.tcl: Setting watchdog for 200 seconds at Mon May 28 01:17:23 UTC 2018
38 ms. Memory: 146944K Free: 130630K (89%)
ptolemy.util.test.WatchDog.cancel(): canceling Mon May 28 01:17:23 UTC 2018
auto.tcl: Setting watchdog for 200 seconds at Mon May 28 01:17:23 UTC 2018
22 ms. Memory: 146944K Free: 128531K (87%)
ptolemy.util.test.WatchDog.cancel(): canceling Mon May 28 01:17:23 UTC 2018
------------------ testing $PTII/ptolemy/domains/de/test/auto/ComposableCausalityAnalysis.xml
auto.tcl: Setting watchdog for 200 seconds at Mon May 28 01:17:23 UTC 2018
1 ms. Memory: 146944K Free: 135172K (92%)
ptolemy.util.test.WatchDog.cancel(): canceling Mon May 28 01:17:23 UTC 2018
auto.tcl: Setting watchdog for 200 seconds at Mon May 28 01:17:23 UTC 2018
1 ms. Memory: 146944K Free: 134122K (91%)
ptolemy.util.test.WatchDog.cancel(): canceling Mon May 28 01:17:23 UTC 2018
------------------ testing $PTII/ptolemy/domains/de/test/auto/DEFixedPointLimitation.xml
auto.tcl: Setting watchdog for 200 seconds at Mon May 28 01:17:23 UTC 2018
3 ms. Memory: 146944K Free: 136193K (93%)
ptolemy.util.test.WatchDog.cancel(): canceling Mon May 28 01:17:23 UTC 2018
auto.tcl: Setting watchdog for 200 seconds at Mon May 28 01:17:23 UTC 2018
1 ms. Memory: 146944K Free: 136193K (93%)
ptolemy.util.test.WatchDog.cancel(): canceling Mon May 28 01:17:23 UTC 2018
------------------ testing $PTII/ptolemy/domains/de/test/auto/DEScheduleTest.xml
auto.tcl: Setting watchdog for 200 seconds at Mon May 28 01:17:23 UTC 2018
7 ms. Memory: 146944K Free: 137278K (93%)
ptolemy.util.test.WatchDog.cancel(): canceling Mon May 28 01:17:23 UTC 2018
auto.tcl: Setting watchdog for 200 seconds at Mon May 28 01:17:23 UTC 2018
5 ms. Memory: 146944K Free: 136228K (93%)
ptolemy.util.test.WatchDog.cancel(): canceling Mon May 28 01:17:23 UTC 2018
------------------ testing $PTII/ptolemy/domains/de/test/auto/DEinDEwithStartTimes.xml
auto.tcl: Setting watchdog for 200 seconds at Mon May 28 01:17:23 UTC 2018
3 ms. Memory: 146944K Free: 136197K (93%)
ptolemy.util.test.WatchDog.cancel(): canceling Mon May 28 01:17:23 UTC 2018
auto.tcl: Setting watchdog for 200 seconds at Mon May 28 01:17:23 UTC 2018
3 ms. Memory: 146944K Free: 134098K (91%)
ptolemy.util.test.WatchDog.cancel(): canceling Mon May 28 01:17:23 UTC 2018
------------------ testing $PTII/ptolemy/domains/de/test/auto/DEinDEwithStartTimes2.xml
auto.tcl: Setting watchdog for 200 seconds at Mon May 28 01:17:23 UTC 2018
7 ms. Memory: 146944K Free: 135127K (92%)
ptolemy.util.test.WatchDog.cancel(): canceling Mon May 28 01:17:23 UTC 2018
auto.tcl: Setting watchdog for 200 seconds at Mon May 28 01:17:23 UTC 2018
3 ms. Memory: 146944K Free: 134078K (91%)
ptolemy.util.test.WatchDog.cancel(): canceling Mon May 28 01:17:23 UTC 2018
------------------ testing $PTII/ptolemy/domains/de/test/auto/DateDemo.xml
auto.tcl: Setting watchdog for 200 seconds at Mon May 28 01:17:24 UTC 2018
9 ms. Memory: 146944K Free: 129235K (88%)
ptolemy.util.test.WatchDog.cancel(): canceling Mon May 28 01:17:24 UTC 2018
auto.tcl: Setting watchdog for 200 seconds at Mon May 28 01:17:24 UTC 2018
17 ms. Memory: 146944K Free: 127136K (87%)
ptolemy.util.test.WatchDog.cancel(): canceling Mon May 28 01:17:24 UTC 2018
------------------ testing $PTII/ptolemy/domains/de/test/auto/DateToEvent.xml
auto.tcl: Setting watchdog for 200 seconds at Mon May 28 01:17:24 UTC 2018
2018 ms. Memory: 146944K Free: 122057K (83%)
ptolemy.util.test.WatchDog.cancel(): canceling Mon May 28 01:17:26 UTC 2018
auto.tcl: Setting watchdog for 200 seconds at Mon May 28 01:17:26 UTC 2018
2005 ms. Memory: 146944K Free: 121007K (82%)
ptolemy.util.test.WatchDog.cancel(): canceling Mon May 28 01:17:28 UTC 2018
------------------ testing $PTII/ptolemy/domains/de/test/auto/DepthTest1.xml
auto.tcl: Setting watchdog for 200 seconds at Mon May 28 01:17:28 UTC 2018
3 ms. Memory: 146944K Free: 137241K (93%)
ptolemy.util.test.WatchDog.cancel(): canceling Mon May 28 01:17:28 UTC 2018
auto.tcl: Setting watchdog for 200 seconds at Mon May 28 01:17:28 UTC 2018
1 ms. Memory: 146944K Free: 137241K (93%)
ptolemy.util.test.WatchDog.cancel(): canceling Mon May 28 01:17:28 UTC 2018
------------------ testing $PTII/ptolemy/domains/de/test/auto/DepthTest2.xml
auto.tcl: Setting watchdog for 200 seconds at Mon May 28 01:17:28 UTC 2018
7 ms. Memory: 146944K Free: 134578K (92%)
ptolemy.util.test.WatchDog.cancel(): canceling Mon May 28 01:17:28 UTC 2018
auto.tcl: Setting watchdog for 200 seconds at Mon May 28 01:17:28 UTC 2018
4 ms. Memory: 146944K Free: 134578K (92%)
ptolemy.util.test.WatchDog.cancel(): canceling Mon May 28 01:17:28 UTC 2018
------------------ testing $PTII/ptolemy/domains/de/test/auto/DepthTest3.xml
auto.tcl: Setting watchdog for 200 seconds at Mon May 28 01:17:28 UTC 2018
2 ms. Memory: 146944K Free: 138913K (95%)
ptolemy.util.test.WatchDog.cancel(): canceling Mon May 28 01:17:28 UTC 2018
auto.tcl: Setting watchdog for 200 seconds at Mon May 28 01:17:28 UTC 2018
2 ms. Memory: 146944K Free: 138913K (95%)
ptolemy.util.test.WatchDog.cancel(): canceling Mon May 28 01:17:28 UTC 2018
------------------ testing $PTII/ptolemy/domains/de/test/auto/DepthTest4.xml
auto.tcl: Setting watchdog for 200 seconds at Mon May 28 01:17:28 UTC 2018
4 ms. Memory: 146944K Free: 136178K (93%)
ptolemy.util.test.WatchDog.cancel(): canceling Mon May 28 01:17:28 UTC 2018
auto.tcl: Setting watchdog for 200 seconds at Mon May 28 01:17:28 UTC 2018
2 ms. Memory: 146944K Free: 135128K (92%)
ptolemy.util.test.WatchDog.cancel(): canceling Mon May 28 01:17:28 UTC 2018
------------------ testing $PTII/ptolemy/domains/de/test/auto/DepthTest5.xml
auto.tcl: Setting watchdog for 200 seconds at Mon May 28 01:17:28 UTC 2018
7 ms. Memory: 146944K Free: 135075K (92%)
ptolemy.util.test.WatchDog.cancel(): canceling Mon May 28 01:17:28 UTC 2018
auto.tcl: Setting watchdog for 200 seconds at Mon May 28 01:17:28 UTC 2018
2 ms. Memory: 146944K Free: 135075K (92%)
ptolemy.util.test.WatchDog.cancel(): canceling Mon May 28 01:17:28 UTC 2018
------------------ testing $PTII/ptolemy/domains/de/test/auto/DepthTest6.xml
auto.tcl: Setting watchdog for 200 seconds at Mon May 28 01:17:28 UTC 2018
8 ms. Memory: 146944K Free: 135020K (92%)
ptolemy.util.test.WatchDog.cancel(): canceling Mon May 28 01:17:28 UTC 2018
auto.tcl: Setting watchdog for 200 seconds at Mon May 28 01:17:28 UTC 2018
2 ms. Memory: 146944K Free: 135020K (92%)
ptolemy.util.test.WatchDog.cancel(): canceling Mon May 28 01:17:28 UTC 2018
------------------ testing $PTII/ptolemy/domains/de/test/auto/DepthTest7.xml
auto.tcl: Setting watchdog for 200 seconds at Mon May 28 01:17:28 UTC 2018
3 ms. Memory: 146944K Free: 136081K (93%)
ptolemy.util.test.WatchDog.cancel(): canceling Mon May 28 01:17:28 UTC 2018
auto.tcl: Setting watchdog for 200 seconds at Mon May 28 01:17:28 UTC 2018
2 ms. Memory: 146944K Free: 135032K (92%)
ptolemy.util.test.WatchDog.cancel(): canceling Mon May 28 01:17:28 UTC 2018
------------------ testing $PTII/ptolemy/domains/de/test/auto/EventToDate.xml
auto.tcl: Setting watchdog for 200 seconds at Mon May 28 01:17:28 UTC 2018
3005 ms. Memory: 146944K Free: 125608K (85%)
ptolemy.util.test.WatchDog.cancel(): canceling Mon May 28 01:17:31 UTC 2018
auto.tcl: Setting watchdog for 200 seconds at Mon May 28 01:17:31 UTC 2018
3003 ms. Memory: 146944K Free: 125608K (85%)
ptolemy.util.test.WatchDog.cancel(): canceling Mon May 28 01:17:34 UTC 2018
------------------ testing $PTII/ptolemy/domains/de/test/auto/FSM1.xml
auto.tcl: Setting watchdog for 200 seconds at Mon May 28 01:17:34 UTC 2018
27 ms. Memory: 146944K Free: 128028K (87%)
ptolemy.util.test.WatchDog.cancel(): canceling Mon May 28 01:17:35 UTC 2018
auto.tcl: Setting watchdog for 200 seconds at Mon May 28 01:17:35 UTC 2018
12 ms. Memory: 146944K Free: 124879K (85%)
ptolemy.util.test.WatchDog.cancel(): canceling Mon May 28 01:17:35 UTC 2018
------------------ testing $PTII/ptolemy/domains/de/test/auto/FSM7.xml
auto.tcl: Setting watchdog for 200 seconds at Mon May 28 01:17:35 UTC 2018
23 ms. Memory: 146944K Free: 127208K (87%)
ptolemy.util.test.WatchDog.cancel(): canceling Mon May 28 01:17:35 UTC 2018
auto.tcl: Setting watchdog for 200 seconds at Mon May 28 01:17:35 UTC 2018
19 ms. Memory: 146944K Free: 124059K (84%)
ptolemy.util.test.WatchDog.cancel(): canceling Mon May 28 01:17:35 UTC 2018
------------------ testing $PTII/ptolemy/domains/de/test/auto/Inspection.xml
auto.tcl: Setting watchdog for 200 seconds at Mon May 28 01:17:35 UTC 2018
19 ms. Memory: 146944K Free: 127405K (87%)
ptolemy.util.test.WatchDog.cancel(): canceling Mon May 28 01:17:35 UTC 2018
auto.tcl: Setting watchdog for 200 seconds at Mon May 28 01:17:35 UTC 2018
22 ms. Memory: 146944K Free: 125306K (85%)
ptolemy.util.test.WatchDog.cancel(): canceling Mon May 28 01:17:35 UTC 2018
------------------ testing $PTII/ptolemy/domains/de/test/auto/Iteration.xml
auto.tcl: Setting watchdog for 200 seconds at Mon May 28 01:17:35 UTC 2018
7 ms. Memory: 146944K Free: 133899K (91%)
ptolemy.util.test.WatchDog.cancel(): canceling Mon May 28 01:17:35 UTC 2018
auto.tcl: Setting watchdog for 200 seconds at Mon May 28 01:17:35 UTC 2018
6 ms. Memory: 146944K Free: 132739K (90%)
ptolemy.util.test.WatchDog.cancel(): canceling Mon May 28 01:17:35 UTC 2018
------------------ testing $PTII/ptolemy/domains/de/test/auto/LineFault.xml
auto.tcl: Setting watchdog for 200 seconds at Mon May 28 01:17:35 UTC 2018
719 ms. Memory: 146944K Free: 138070K (94%)
ptolemy.util.test.WatchDog.cancel(): canceling Mon May 28 01:17:36 UTC 2018
auto.tcl: Setting watchdog for 200 seconds at Mon May 28 01:17:36 UTC 2018
599 ms. Memory: 146944K Free: 81692K (56%)
ptolemy.util.test.WatchDog.cancel(): canceling Mon May 28 01:17:37 UTC 2018
------------------ testing $PTII/ptolemy/domains/de/test/auto/MergeModel1Add.xml
auto.tcl: Setting watchdog for 200 seconds at Mon May 28 01:17:37 UTC 2018
25 ms. Memory: 209920K Free: 180408K (86%)
ptolemy.util.test.WatchDog.cancel(): canceling Mon May 28 01:17:37 UTC 2018
auto.tcl: Setting watchdog for 200 seconds at Mon May 28 01:17:37 UTC 2018
9 ms. Memory: 209920K Free: 178521K (85%)
ptolemy.util.test.WatchDog.cancel(): canceling Mon May 28 01:17:37 UTC 2018
------------------ testing $PTII/ptolemy/domains/de/test/auto/MergeModel2Add.xml
auto.tcl: Setting watchdog for 200 seconds at Mon May 28 01:17:37 UTC 2018
8 ms. Memory: 210432K Free: 184218K (88%)
ptolemy.util.test.WatchDog.cancel(): canceling Mon May 28 01:17:37 UTC 2018
auto.tcl: Setting watchdog for 200 seconds at Mon May 28 01:17:37 UTC 2018
8 ms. Memory: 210432K Free: 182330K (87%)
ptolemy.util.test.WatchDog.cancel(): canceling Mon May 28 01:17:37 UTC 2018
------------------ testing $PTII/ptolemy/domains/de/test/auto/MergeModel3Add.xml
auto.tcl: Setting watchdog for 200 seconds at Mon May 28 01:17:37 UTC 2018
9 ms. Memory: 209920K Free: 183604K (87%)
ptolemy.util.test.WatchDog.cancel(): canceling Mon May 28 01:17:37 UTC 2018
auto.tcl: Setting watchdog for 200 seconds at Mon May 28 01:17:37 UTC 2018
6 ms. Memory: 209920K Free: 181709K (87%)
ptolemy.util.test.WatchDog.cancel(): canceling Mon May 28 01:17:37 UTC 2018
------------------ testing $PTII/ptolemy/domains/de/test/auto/MergeWithoutDiscard.xml
auto.tcl: Setting watchdog for 200 seconds at Mon May 28 01:17:37 UTC 2018
2 ms. Memory: 210432K Free: 198842K (94%)
ptolemy.util.test.WatchDog.cancel(): canceling Mon May 28 01:17:37 UTC 2018
auto.tcl: Setting watchdog for 200 seconds at Mon May 28 01:17:37 UTC 2018
1 ms. Memory: 210432K Free: 198746K (94%)
ptolemy.util.test.WatchDog.cancel(): canceling Mon May 28 01:17:37 UTC 2018
------------------ testing $PTII/ptolemy/domains/de/test/auto/Modal1.xml
auto.tcl: Setting watchdog for 200 seconds at Mon May 28 01:17:37 UTC 2018
16 ms. Memory: 210432K Free: 190779K (91%)
ptolemy.util.test.WatchDog.cancel(): canceling Mon May 28 01:17:37 UTC 2018
auto.tcl: Setting watchdog for 200 seconds at Mon May 28 01:17:37 UTC 2018
16 ms. Memory: 210432K Free: 186973K (89%)
ptolemy.util.test.WatchDog.cancel(): canceling Mon May 28 01:17:37 UTC 2018
------------------ testing $PTII/ptolemy/domains/de/test/auto/Modal2.xml
auto.tcl: Setting watchdog for 200 seconds at Mon May 28 01:17:37 UTC 2018
12 ms. Memory: 210432K Free: 190637K (91%)
ptolemy.util.test.WatchDog.cancel(): canceling Mon May 28 01:17:37 UTC 2018
auto.tcl: Setting watchdog for 200 seconds at Mon May 28 01:17:37 UTC 2018
10 ms. Memory: 210432K Free: 186823K (89%)
ptolemy.util.test.WatchDog.cancel(): canceling Mon May 28 01:17:37 UTC 2018
------------------ testing $PTII/ptolemy/domains/de/test/auto/Modal3.xml
auto.tcl: Setting watchdog for 200 seconds at Mon May 28 01:17:37 UTC 2018
9 ms. Memory: 210432K Free: 190747K (91%)
ptolemy.util.test.WatchDog.cancel(): canceling Mon May 28 01:17:37 UTC 2018
auto.tcl: Setting watchdog for 200 seconds at Mon May 28 01:17:37 UTC 2018
9 ms. Memory: 210432K Free: 186837K (89%)
ptolemy.util.test.WatchDog.cancel(): canceling Mon May 28 01:17:37 UTC 2018
------------------ testing $PTII/ptolemy/domains/de/test/auto/Modal4.xml
auto.tcl: Setting watchdog for 200 seconds at Mon May 28 01:17:37 UTC 2018
23 ms. Memory: 208384K Free: 188616K (91%)
ptolemy.util.test.WatchDog.cancel(): canceling Mon May 28 01:17:37 UTC 2018
auto.tcl: Setting watchdog for 200 seconds at Mon May 28 01:17:37 UTC 2018
21 ms. Memory: 208384K Free: 184794K (89%)
ptolemy.util.test.WatchDog.cancel(): canceling Mon May 28 01:17:37 UTC 2018
------------------ testing $PTII/ptolemy/domains/de/test/auto/Modal5.xml
auto.tcl: Setting watchdog for 200 seconds at Mon May 28 01:17:38 UTC 2018
31 ms. Memory: 209920K Free: 190218K (91%)
ptolemy.util.test.WatchDog.cancel(): canceling Mon May 28 01:17:38 UTC 2018
auto.tcl: Setting watchdog for 200 seconds at Mon May 28 01:17:38 UTC 2018
13 ms. Memory: 209920K Free: 186395K (89%)
ptolemy.util.test.WatchDog.cancel(): canceling Mon May 28 01:17:38 UTC 2018
------------------ testing $PTII/ptolemy/domains/de/test/auto/Modal6.xml
auto.tcl: Setting watchdog for 200 seconds at Mon May 28 01:17:38 UTC 2018
12 ms. Memory: 209920K Free: 190232K (91%)
ptolemy.util.test.WatchDog.cancel(): canceling Mon May 28 01:17:38 UTC 2018
auto.tcl: Setting watchdog for 200 seconds at Mon May 28 01:17:38 UTC 2018
12 ms. Memory: 209920K Free: 186442K (89%)
ptolemy.util.test.WatchDog.cancel(): canceling Mon May 28 01:17:38 UTC 2018
------------------ testing $PTII/ptolemy/domains/de/test/auto/Modal7.xml
auto.tcl: Setting watchdog for 200 seconds at Mon May 28 01:17:38 UTC 2018
8 ms. Memory: 209920K Free: 186940K (89%)
ptolemy.util.test.WatchDog.cancel(): canceling Mon May 28 01:17:38 UTC 2018
auto.tcl: Setting watchdog for 200 seconds at Mon May 28 01:17:38 UTC 2018
9 ms. Memory: 209920K Free: 185029K (88%)
ptolemy.util.test.WatchDog.cancel(): canceling Mon May 28 01:17:38 UTC 2018
------------------ testing $PTII/ptolemy/domains/de/test/auto/ModalModel.xml
auto.tcl: Setting watchdog for 200 seconds at Mon May 28 01:17:38 UTC 2018
147 ms. Memory: 209920K Free: 129359K (62%)
ptolemy.util.test.WatchDog.cancel(): canceling Mon May 28 01:17:38 UTC 2018
auto.tcl: Setting watchdog for 200 seconds at Mon May 28 01:17:38 UTC 2018
170 ms. Memory: 209920K Free: 197556K (94%)
ptolemy.util.test.WatchDog.cancel(): canceling Mon May 28 01:17:38 UTC 2018
------------------ testing $PTII/ptolemy/domains/de/test/auto/ModalSource.xml
auto.tcl: Setting watchdog for 200 seconds at Mon May 28 01:17:38 UTC 2018
5 ms. Memory: 209920K Free: 195321K (93%)
ptolemy.util.test.WatchDog.cancel(): canceling Mon May 28 01:17:38 UTC 2018
auto.tcl: Setting watchdog for 200 seconds at Mon May 28 01:17:38 UTC 2018
5 ms. Memory: 209920K Free: 193571K (92%)
ptolemy.util.test.WatchDog.cancel(): canceling Mon May 28 01:17:38 UTC 2018
------------------ testing $PTII/ptolemy/domains/de/test/auto/NonInterruptibleTimerZeroDelay.xml
auto.tcl: Setting watchdog for 200 seconds at Mon May 28 01:17:38 UTC 2018
3 ms. Memory: 336896K Free: 326499K (97%)
ptolemy.util.test.WatchDog.cancel(): canceling Mon May 28 01:17:38 UTC 2018
auto.tcl: Setting watchdog for 200 seconds at Mon May 28 01:17:38 UTC 2018
2 ms. Memory: 336896K Free: 323017K (96%)
ptolemy.util.test.WatchDog.cancel(): canceling Mon May 28 01:17:38 UTC 2018
------------------ testing $PTII/ptolemy/domains/de/test/auto/OpenQueueingNetwork.xml
auto.tcl: Setting watchdog for 200 seconds at Mon May 28 01:17:38 UTC 2018
2540 ms. Memory: 336384K Free: 203942K (61%)
ptolemy.util.test.WatchDog.cancel(): canceling Mon May 28 01:17:41 UTC 2018
auto.tcl: Setting watchdog for 200 seconds at Mon May 28 01:17:41 UTC 2018
2121 ms. Memory: 314880K Free: 117818K (37%)
ptolemy.util.test.WatchDog.cancel(): canceling Mon May 28 01:17:43 UTC 2018
------------------ testing $PTII/ptolemy/domains/de/test/auto/OpenQueuingNetwork.xml
auto.tcl: Setting watchdog for 200 seconds at Mon May 28 01:17:43 UTC 2018
213 ms. Memory: 313344K Free: 217834K (70%)
ptolemy.util.test.WatchDog.cancel(): canceling Mon May 28 01:17:44 UTC 2018
auto.tcl: Setting watchdog for 200 seconds at Mon May 28 01:17:44 UTC 2018
217 ms. Memory: 313344K Free: 156127K (50%)
ptolemy.util.test.WatchDog.cancel(): canceling Mon May 28 01:17:44 UTC 2018
------------------ testing $PTII/ptolemy/domains/de/test/auto/PeriodicSampler.xml
auto.tcl: Setting watchdog for 200 seconds at Mon May 28 01:17:44 UTC 2018
2 ms. Memory: 314880K Free: 301892K (96%)
ptolemy.util.test.WatchDog.cancel(): canceling Mon May 28 01:17:44 UTC 2018
auto.tcl: Setting watchdog for 200 seconds at Mon May 28 01:17:44 UTC 2018
2 ms. Memory: 314880K Free: 298581K (95%)
ptolemy.util.test.WatchDog.cancel(): canceling Mon May 28 01:17:44 UTC 2018
------------------ testing $PTII/ptolemy/domains/de/test/auto/PersistentIO.xml
auto.tcl: Setting watchdog for 200 seconds at Mon May 28 01:17:44 UTC 2018
12 ms. Memory: 313344K Free: 296716K (95%)
ptolemy.util.test.WatchDog.cancel(): canceling Mon May 28 01:17:44 UTC 2018
auto.tcl: Setting watchdog for 200 seconds at Mon May 28 01:17:44 UTC 2018
4 ms. Memory: 313344K Free: 293421K (94%)
ptolemy.util.test.WatchDog.cancel(): canceling Mon May 28 01:17:44 UTC 2018
------------------ testing $PTII/ptolemy/domains/de/test/auto/PortParameterResetOnInitialize.xml
auto.tcl: Setting watchdog for 200 seconds at Mon May 28 01:17:44 UTC 2018
2 ms. Memory: 314880K Free: 299090K (95%)
ptolemy.util.test.WatchDog.cancel(): canceling Mon May 28 01:17:44 UTC 2018
auto.tcl: Setting watchdog for 200 seconds at Mon May 28 01:17:44 UTC 2018
2 ms. Memory: 314880K Free: 299090K (95%)
ptolemy.util.test.WatchDog.cancel(): canceling Mon May 28 01:17:44 UTC 2018
------------------ testing $PTII/ptolemy/domains/de/test/auto/PortParameterUpdates.xml
auto.tcl: Setting watchdog for 200 seconds at Mon May 28 01:17:44 UTC 2018
5 ms. Memory: 313344K Free: 300023K (96%)
ptolemy.util.test.WatchDog.cancel(): canceling Mon May 28 01:17:44 UTC 2018
auto.tcl: Setting watchdog for 200 seconds at Mon May 28 01:17:44 UTC 2018
3 ms. Memory: 313344K Free: 296728K (95%)
ptolemy.util.test.WatchDog.cancel(): canceling Mon May 28 01:17:44 UTC 2018
------------------ testing $PTII/ptolemy/domains/de/test/auto/QueueAndServer.xml
auto.tcl: Setting watchdog for 200 seconds at Mon May 28 01:17:44 UTC 2018
14 ms. Memory: 314368K Free: 300946K (96%)
ptolemy.util.test.WatchDog.cancel(): canceling Mon May 28 01:17:44 UTC 2018
auto.tcl: Setting watchdog for 200 seconds at Mon May 28 01:17:44 UTC 2018
6 ms. Memory: 314368K Free: 297643K (95%)
ptolemy.util.test.WatchDog.cancel(): canceling Mon May 28 01:17:44 UTC 2018
------------------ testing $PTII/ptolemy/domains/de/test/auto/Records.xml
auto.tcl: Setting watchdog for 200 seconds at Mon May 28 01:17:44 UTC 2018
5 ms. Memory: 313344K Free: 299879K (96%)
ptolemy.util.test.WatchDog.cancel(): canceling Mon May 28 01:17:44 UTC 2018
auto.tcl: Setting watchdog for 200 seconds at Mon May 28 01:17:44 UTC 2018
2 ms. Memory: 313344K Free: 299879K (96%)
ptolemy.util.test.WatchDog.cancel(): canceling Mon May 28 01:17:44 UTC 2018
------------------ testing $PTII/ptolemy/domains/de/test/auto/ResetTransitionWithStartTime1.xml
auto.tcl: Setting watchdog for 200 seconds at Mon May 28 01:17:44 UTC 2018
6 ms. Memory: 314368K Free: 297651K (95%)
ptolemy.util.test.WatchDog.cancel(): canceling Mon May 28 01:17:44 UTC 2018
auto.tcl: Setting watchdog for 200 seconds at Mon May 28 01:17:44 UTC 2018
5 ms. Memory: 314368K Free: 297602K (95%)
ptolemy.util.test.WatchDog.cancel(): canceling Mon May 28 01:17:44 UTC 2018
------------------ testing $PTII/ptolemy/domains/de/test/auto/ResetTransitionWithStartTime2.xml
auto.tcl: Setting watchdog for 200 seconds at Mon May 28 01:17:44 UTC 2018
8 ms. Memory: 313344K Free: 296618K (95%)
ptolemy.util.test.WatchDog.cancel(): canceling Mon May 28 01:17:44 UTC 2018
auto.tcl: Setting watchdog for 200 seconds at Mon May 28 01:17:44 UTC 2018
6 ms. Memory: 313344K Free: 296618K (95%)
ptolemy.util.test.WatchDog.cancel(): canceling Mon May 28 01:17:44 UTC 2018
------------------ testing $PTII/ptolemy/domains/de/test/auto/ResetTransitionWithStartTime3.xml
auto.tcl: Setting watchdog for 200 seconds at Mon May 28 01:17:44 UTC 2018
10 ms. Memory: 314368K Free: 297608K (95%)
ptolemy.util.test.WatchDog.cancel(): canceling Mon May 28 01:17:44 UTC 2018
auto.tcl: Setting watchdog for 200 seconds at Mon May 28 01:17:44 UTC 2018
8 ms. Memory: 314368K Free: 297608K (95%)
ptolemy.util.test.WatchDog.cancel(): canceling Mon May 28 01:17:44 UTC 2018
------------------ testing $PTII/ptolemy/domains/de/test/auto/ResetTransitionWithStartTime4.xml
auto.tcl: Setting watchdog for 200 seconds at Mon May 28 01:17:44 UTC 2018
6 ms. Memory: 313344K Free: 296615K (95%)
ptolemy.util.test.WatchDog.cancel(): canceling Mon May 28 01:17:44 UTC 2018
auto.tcl: Setting watchdog for 200 seconds at Mon May 28 01:17:44 UTC 2018
4 ms. Memory: 313344K Free: 296615K (95%)
ptolemy.util.test.WatchDog.cancel(): canceling Mon May 28 01:17:44 UTC 2018
------------------ testing $PTII/ptolemy/domains/de/test/auto/ResettableTimer1.xml
auto.tcl: Setting watchdog for 200 seconds at Mon May 28 01:17:45 UTC 2018
2 ms. Memory: 313856K Free: 298081K (95%)
ptolemy.util.test.WatchDog.cancel(): canceling Mon May 28 01:17:45 UTC 2018
auto.tcl: Setting watchdog for 200 seconds at Mon May 28 01:17:45 UTC 2018
2 ms. Memory: 313856K Free: 298081K (95%)
ptolemy.util.test.WatchDog.cancel(): canceling Mon May 28 01:17:45 UTC 2018
------------------ testing $PTII/ptolemy/domains/de/test/auto/ResettableTimer2.xml
auto.tcl: Setting watchdog for 200 seconds at Mon May 28 01:17:45 UTC 2018
3 ms. Memory: 313344K Free: 299979K (96%)
ptolemy.util.test.WatchDog.cancel(): canceling Mon May 28 01:17:45 UTC 2018
auto.tcl: Setting watchdog for 200 seconds at Mon May 28 01:17:45 UTC 2018
2 ms. Memory: 313344K Free: 299979K (96%)
ptolemy.util.test.WatchDog.cancel(): canceling Mon May 28 01:17:45 UTC 2018
------------------ testing $PTII/ptolemy/domains/de/test/auto/ResettableTimer3.xml
auto.tcl: Setting watchdog for 200 seconds at Mon May 28 01:17:45 UTC 2018
1 ms. Memory: 313856K Free: 298130K (95%)
ptolemy.util.test.WatchDog.cancel(): canceling Mon May 28 01:17:45 UTC 2018
auto.tcl: Setting watchdog for 200 seconds at Mon May 28 01:17:45 UTC 2018
1 ms. Memory: 313856K Free: 298130K (95%)
ptolemy.util.test.WatchDog.cancel(): canceling Mon May 28 01:17:45 UTC 2018
------------------ testing $PTII/ptolemy/domains/de/test/auto/ResettableTimer4.xml
auto.tcl: Setting watchdog for 200 seconds at Mon May 28 01:17:45 UTC 2018
2 ms. Memory: 313344K Free: 299999K (96%)
ptolemy.util.test.WatchDog.cancel(): canceling Mon May 28 01:17:45 UTC 2018
auto.tcl: Setting watchdog for 200 seconds at Mon May 28 01:17:45 UTC 2018
1 ms. Memory: 313344K Free: 299999K (96%)
ptolemy.util.test.WatchDog.cancel(): canceling Mon May 28 01:17:45 UTC 2018
------------------ testing $PTII/ptolemy/domains/de/test/auto/ResettableTimer5.xml
auto.tcl: Setting watchdog for 200 seconds at Mon May 28 01:17:45 UTC 2018
4 ms. Memory: 313856K Free: 298134K (95%)
ptolemy.util.test.WatchDog.cancel(): canceling Mon May 28 01:17:45 UTC 2018
auto.tcl: Setting watchdog for 200 seconds at Mon May 28 01:17:45 UTC 2018
1 ms. Memory: 313856K Free: 298134K (95%)
ptolemy.util.test.WatchDog.cancel(): canceling Mon May 28 01:17:45 UTC 2018
------------------ testing $PTII/ptolemy/domains/de/test/auto/ResettableTimer6.xml
auto.tcl: Setting watchdog for 200 seconds at Mon May 28 01:17:45 UTC 2018
3 ms. Memory: 313344K Free: 299890K (96%)
ptolemy.util.test.WatchDog.cancel(): canceling Mon May 28 01:17:45 UTC 2018
auto.tcl: Setting watchdog for 200 seconds at Mon May 28 01:17:45 UTC 2018
1 ms. Memory: 313344K Free: 299890K (96%)
ptolemy.util.test.WatchDog.cancel(): canceling Mon May 28 01:17:45 UTC 2018
------------------ testing $PTII/ptolemy/domains/de/test/auto/ServerZeroDelay.xml
auto.tcl: Setting watchdog for 200 seconds at Mon May 28 01:17:45 UTC 2018
2 ms. Memory: 313856K Free: 303752K (97%)
ptolemy.util.test.WatchDog.cancel(): canceling Mon May 28 01:17:45 UTC 2018
auto.tcl: Setting watchdog for 200 seconds at Mon May 28 01:17:45 UTC 2018
2 ms. Memory: 313856K Free: 300441K (96%)
ptolemy.util.test.WatchDog.cancel(): canceling Mon May 28 01:17:45 UTC 2018
------------------ testing $PTII/ptolemy/domains/de/test/auto/SmartSender.xml
auto.tcl: Setting watchdog for 200 seconds at Mon May 28 01:17:45 UTC 2018
3002 ms. Memory: 313344K Free: 297606K (95%)
ptolemy.util.test.WatchDog.cancel(): canceling Mon May 28 01:17:48 UTC 2018
auto.tcl: Setting watchdog for 200 seconds at Mon May 28 01:17:48 UTC 2018
3002 ms. Memory: 313344K Free: 297606K (95%)
ptolemy.util.test.WatchDog.cancel(): canceling Mon May 28 01:17:51 UTC 2018
------------------ testing $PTII/ptolemy/domains/de/test/auto/ThreadedComposite.xml
auto.tcl: Setting watchdog for 200 seconds at Mon May 28 01:17:51 UTC 2018
201 ms. Memory: 313856K Free: 277585K (88%)
ptolemy.util.test.WatchDog.cancel(): canceling Mon May 28 01:17:51 UTC 2018
auto.tcl: Setting watchdog for 200 seconds at Mon May 28 01:17:51 UTC 2018
132 ms. Memory: 313856K Free: 261710K (83%)
ptolemy.util.test.WatchDog.cancel(): canceling Mon May 28 01:17:51 UTC 2018
------------------ testing $PTII/ptolemy/domains/de/test/auto/Time.xml
auto.tcl: Setting watchdog for 200 seconds at Mon May 28 01:17:51 UTC 2018
535 ms. Memory: 313344K Free: 246273K (79%)
ptolemy.util.test.WatchDog.cancel(): canceling Mon May 28 01:17:52 UTC 2018
auto.tcl: Setting watchdog for 200 seconds at Mon May 28 01:17:52 UTC 2018
506 ms. Memory: 313344K Free: 193556K (62%)
ptolemy.util.test.WatchDog.cancel(): canceling Mon May 28 01:17:52 UTC 2018
------------------ testing $PTII/ptolemy/domains/de/test/auto/TimeDelayZeroDelay.xml
auto.tcl: Setting watchdog for 200 seconds at Mon May 28 01:17:53 UTC 2018
2 ms. Memory: 313856K Free: 303623K (97%)
ptolemy.util.test.WatchDog.cancel(): canceling Mon May 28 01:17:53 UTC 2018
auto.tcl: Setting watchdog for 200 seconds at Mon May 28 01:17:53 UTC 2018
2 ms. Memory: 313856K Free: 300320K (96%)
ptolemy.util.test.WatchDog.cancel(): canceling Mon May 28 01:17:53 UTC 2018
------------------ testing $PTII/ptolemy/domains/de/test/auto/TimerZeroDelay.xml
auto.tcl: Setting watchdog for 200 seconds at Mon May 28 01:17:53 UTC 2018
2 ms. Memory: 313344K Free: 303203K (97%)
ptolemy.util.test.WatchDog.cancel(): canceling Mon May 28 01:17:53 UTC 2018
auto.tcl: Setting watchdog for 200 seconds at Mon May 28 01:17:53 UTC 2018
2 ms. Memory: 313344K Free: 299892K (96%)
ptolemy.util.test.WatchDog.cancel(): canceling Mon May 28 01:17:53 UTC 2018
------------------ testing $PTII/ptolemy/domains/de/test/auto/TimingParadox.xml
auto.tcl: Setting watchdog for 200 seconds at Mon May 28 01:17:53 UTC 2018
361 ms. Memory: 313856K Free: 235866K (75%)
ptolemy.util.test.WatchDog.cancel(): canceling Mon May 28 01:17:53 UTC 2018
auto.tcl: Setting watchdog for 200 seconds at Mon May 28 01:17:53 UTC 2018
395 ms. Memory: 313856K Free: 199623K (64%)
ptolemy.util.test.WatchDog.cancel(): canceling Mon May 28 01:17:54 UTC 2018
------------------ testing $PTII/ptolemy/domains/de/test/auto/TransferInputs.xml
auto.tcl: Setting watchdog for 200 seconds at Mon May 28 01:17:54 UTC 2018
6 ms. Memory: 313856K Free: 299309K (95%)
ptolemy.util.test.WatchDog.cancel(): canceling Mon May 28 01:17:54 UTC 2018
auto.tcl: Setting watchdog for 200 seconds at Mon May 28 01:17:54 UTC 2018
1 ms. Memory: 313856K Free: 299309K (95%)
ptolemy.util.test.WatchDog.cancel(): canceling Mon May 28 01:17:54 UTC 2018
------------------ testing $PTII/ptolemy/domains/de/test/auto/TransferOutputs2.xml
auto.tcl: Setting watchdog for 200 seconds at Mon May 28 01:17:54 UTC 2018
3 ms. Memory: 313344K Free: 294276K (94%)
ptolemy.util.test.WatchDog.cancel(): canceling Mon May 28 01:17:54 UTC 2018
auto.tcl: Setting watchdog for 200 seconds at Mon May 28 01:17:54 UTC 2018
2 ms. Memory: 313344K Free: 294276K (94%)
ptolemy.util.test.WatchDog.cancel(): canceling Mon May 28 01:17:54 UTC 2018
------------------ testing $PTII/ptolemy/domains/de/test/auto/Trilateration.xml
auto.tcl: Setting watchdog for 200 seconds at Mon May 28 01:17:54 UTC 2018
12965 ms. Memory: 391680K Free: 236541K (60%)
ptolemy.util.test.WatchDog.cancel(): canceling Mon May 28 01:18:08 UTC 2018
auto.tcl: Setting watchdog for 200 seconds at Mon May 28 01:18:08 UTC 2018
11286 ms. Memory: 280576K Free: 108579K (39%)
ptolemy.util.test.WatchDog.cancel(): canceling Mon May 28 01:18:19 UTC 2018
------------------ testing $PTII/ptolemy/domains/de/test/auto/TwoSigmaDelta.xml
auto.tcl: Setting watchdog for 200 seconds at Mon May 28 01:18:19 UTC 2018
2658 ms. Memory: 272896K Free: 169465K (62%)
ptolemy.util.test.WatchDog.cancel(): canceling Mon May 28 01:18:22 UTC 2018
auto.tcl: Setting watchdog for 200 seconds at Mon May 28 01:18:22 UTC 2018
2153 ms. Memory: 266240K Free: 119381K (45%)
ptolemy.util.test.WatchDog.cancel(): canceling Mon May 28 01:18:24 UTC 2018
------------------ testing $PTII/ptolemy/domains/de/test/auto/VariableDelay.xml
auto.tcl: Setting watchdog for 200 seconds at Mon May 28 01:18:24 UTC 2018
3 ms. Memory: 264192K Free: 251765K (95%)
ptolemy.util.test.WatchDog.cancel(): canceling Mon May 28 01:18:24 UTC 2018
auto.tcl: Setting watchdog for 200 seconds at Mon May 28 01:18:24 UTC 2018
2 ms. Memory: 264192K Free: 251765K (95%)
ptolemy.util.test.WatchDog.cancel(): canceling Mon May 28 01:18:24 UTC 2018
------------------ testing $PTII/ptolemy/domains/de/test/auto/VariableDelay2.xml
auto.tcl: Setting watchdog for 200 seconds at Mon May 28 01:18:24 UTC 2018
2 ms. Memory: 265728K Free: 253725K (95%)
ptolemy.util.test.WatchDog.cancel(): canceling Mon May 28 01:18:24 UTC 2018
auto.tcl: Setting watchdog for 200 seconds at Mon May 28 01:18:24 UTC 2018
1 ms. Memory: 265728K Free: 253725K (95%)
ptolemy.util.test.WatchDog.cancel(): canceling Mon May 28 01:18:24 UTC 2018
------------------ testing $PTII/ptolemy/domains/de/test/auto/VariableDelayZeroDelay.xml
auto.tcl: Setting watchdog for 200 seconds at Mon May 28 01:18:24 UTC 2018
1 ms. Memory: 264192K Free: 250360K (95%)
ptolemy.util.test.WatchDog.cancel(): canceling Mon May 28 01:18:24 UTC 2018
auto.tcl: Setting watchdog for 200 seconds at Mon May 28 01:18:24 UTC 2018
2 ms. Memory: 264192K Free: 250360K (95%)
ptolemy.util.test.WatchDog.cancel(): canceling Mon May 28 01:18:24 UTC 2018
------------------ testing $PTII/ptolemy/domains/de/test/auto/VariableDelayZeroDelay2.xml
auto.tcl: Setting watchdog for 200 seconds at Mon May 28 01:18:24 UTC 2018
2 ms. Memory: 265728K Free: 251879K (95%)
ptolemy.util.test.WatchDog.cancel(): canceling Mon May 28 01:18:24 UTC 2018
auto.tcl: Setting watchdog for 200 seconds at Mon May 28 01:18:24 UTC 2018
2 ms. Memory: 265728K Free: 251879K (95%)
ptolemy.util.test.WatchDog.cancel(): canceling Mon May 28 01:18:24 UTC 2018
------------------ testing $PTII/ptolemy/domains/de/test/auto/deInCt.xml
auto.tcl: Setting watchdog for 200 seconds at Mon May 28 01:18:24 UTC 2018
0
1
1
1
0
0
0
1
1
1
0
0
0
1
1
1
0
0
0
0
1
1
1
1
0
0
1
1
1
0
0
0
1
1
1
0
0
0
1
1
1
0
0
0
1
1
1
0
0
0
1
1
1
1
7 ms. Memory: 264192K Free: 250338K (95%)
ptolemy.util.test.WatchDog.cancel(): canceling Mon May 28 01:18:24 UTC 2018
auto.tcl: Setting watchdog for 200 seconds at Mon May 28 01:18:24 UTC 2018
0
1
1
1
0
0
0
1
1
1
0
0
0
0
0
1
1
1
0
0
0
1
1
1
0
0
0
1
1
0
0
0
0
1
1
1
0
0
0
0
5 ms. Memory: 264192K Free: 250338K (95%)
ptolemy.util.test.WatchDog.cancel(): canceling Mon May 28 01:18:24 UTC 2018
------------------ testing $PTII/ptolemy/domains/de/test/auto/deInCt2.xml
auto.tcl: Setting watchdog for 200 seconds at Mon May 28 01:18:24 UTC 2018
0
1
1
1
0
0
1
1
1
0
0
1
1
1
0
0
1
1
1
0
0
1
1
1
0
0
1
1
1
0
0
1
1
1
0
0
1
1
1
0
0
0
11 ms. Memory: 265216K Free: 251364K (95%)
ptolemy.util.test.WatchDog.cancel(): canceling Mon May 28 01:18:24 UTC 2018
auto.tcl: Setting watchdog for 200 seconds at Mon May 28 01:18:24 UTC 2018
0
1
1
1
0
0
1
1
1
0
0
1
1
1
0
0
1
1
1
0
0
1
1
1
0
0
1
1
1
0
0
1
1
1
0
0
1
1
1
0
0
0
6 ms. Memory: 265216K Free: 248602K (94%)
ptolemy.util.test.WatchDog.cancel(): canceling Mon May 28 01:18:24 UTC 2018
------------------ testing $PTII/ptolemy/domains/de/test/auto/dynamicCausalityInterface1.xml
auto.tcl: Setting watchdog for 200 seconds at Mon May 28 01:18:24 UTC 2018
1 ms. Memory: 264192K Free: 244811K (93%)
ptolemy.util.test.WatchDog.cancel(): canceling Mon May 28 01:18:24 UTC 2018
auto.tcl: Setting watchdog for 200 seconds at Mon May 28 01:18:24 UTC 2018
1 ms. Memory: 264192K Free: 244811K (93%)
ptolemy.util.test.WatchDog.cancel(): canceling Mon May 28 01:18:24 UTC 2018
------------------ testing $PTII/ptolemy/domains/de/test/auto/fsm_de_test.xml
auto.tcl: Setting watchdog for 200 seconds at Mon May 28 01:18:25 UTC 2018
6 ms. Memory: 265216K Free: 248506K (94%)
ptolemy.util.test.WatchDog.cancel(): canceling Mon May 28 01:18:25 UTC 2018
auto.tcl: Setting watchdog for 200 seconds at Mon May 28 01:18:25 UTC 2018
4 ms. Memory: 265216K Free: 245736K (93%)
ptolemy.util.test.WatchDog.cancel(): canceling Mon May 28 01:18:25 UTC 2018
------------------ testing $PTII/ptolemy/domains/de/test/auto/functionDependencyReconstruction.xml
auto.tcl: Setting watchdog for 200 seconds at Mon May 28 01:18:25 UTC 2018
2 ms. Memory: 264192K Free: 239147K (91%)
ptolemy.util.test.WatchDog.cancel(): canceling Mon May 28 01:18:25 UTC 2018
auto.tcl: Setting watchdog for 200 seconds at Mon May 28 01:18:25 UTC 2018
2 ms. Memory: 264192K Free: 236377K (89%)
ptolemy.util.test.WatchDog.cancel(): canceling Mon May 28 01:18:25 UTC 2018
------------------ testing $PTII/ptolemy/domains/de/test/auto/multirate.xml
auto.tcl: Setting watchdog for 200 seconds at Mon May 28 01:18:25 UTC 2018
3 ms. Memory: 264704K Free: 249683K (94%)
ptolemy.util.test.WatchDog.cancel(): canceling Mon May 28 01:18:25 UTC 2018
auto.tcl: Setting watchdog for 200 seconds at Mon May 28 01:18:25 UTC 2018
3 ms. Memory: 264704K Free: 249683K (94%)
ptolemy.util.test.WatchDog.cancel(): canceling Mon May 28 01:18:25 UTC 2018
------------------ testing $PTII/ptolemy/domains/de/test/auto/multirate2.xml
auto.tcl: Setting watchdog for 200 seconds at Mon May 28 01:18:25 UTC 2018
6 ms. Memory: 264192K Free: 250286K (95%)
ptolemy.util.test.WatchDog.cancel(): canceling Mon May 28 01:18:25 UTC 2018
auto.tcl: Setting watchdog for 200 seconds at Mon May 28 01:18:25 UTC 2018
3 ms. Memory: 264192K Free: 243868K (92%)
ptolemy.util.test.WatchDog.cancel(): canceling Mon May 28 01:18:25 UTC 2018
------------------ testing $PTII/ptolemy/domains/de/test/auto/realtime.xml
auto.tcl: Setting watchdog for 200 seconds at Mon May 28 01:18:25 UTC 2018
10001 ms. Memory: 264704K Free: 252622K (95%)
ptolemy.util.test.WatchDog.cancel(): canceling Mon May 28 01:18:35 UTC 2018
auto.tcl: Setting watchdog for 200 seconds at Mon May 28 01:18:35 UTC 2018
10002 ms. Memory: 264704K Free: 252622K (95%)
ptolemy.util.test.WatchDog.cancel(): canceling Mon May 28 01:18:45 UTC 2018
------------------ testing $PTII/ptolemy/domains/de/test/auto/relationGroup.xml
auto.tcl: Setting watchdog for 200 seconds at Mon May 28 01:18:45 UTC 2018
1 ms. Memory: 264192K Free: 254916K (96%)
ptolemy.util.test.WatchDog.cancel(): canceling Mon May 28 01:18:45 UTC 2018
auto.tcl: Setting watchdog for 200 seconds at Mon May 28 01:18:45 UTC 2018
1 ms. Memory: 264192K Free: 252146K (95%)
ptolemy.util.test.WatchDog.cancel(): canceling Mon May 28 01:18:45 UTC 2018
------------------ testing $PTII/ptolemy/domains/de/test/auto/relationGroup2.xml
auto.tcl: Setting watchdog for 200 seconds at Mon May 28 01:18:45 UTC 2018
1 ms. Memory: 264704K Free: 253627K (96%)
ptolemy.util.test.WatchDog.cancel(): canceling Mon May 28 01:18:45 UTC 2018
auto.tcl: Setting watchdog for 200 seconds at Mon May 28 01:18:45 UTC 2018
1 ms. Memory: 264704K Free: 250849K (95%)
ptolemy.util.test.WatchDog.cancel(): canceling Mon May 28 01:18:45 UTC 2018
------------------ testing $PTII/ptolemy/domains/de/test/auto/sortWithOpaquePorts.xml
auto.tcl: Setting watchdog for 200 seconds at Mon May 28 01:18:45 UTC 2018
1 ms. Memory: 264192K Free: 250339K (95%)
ptolemy.util.test.WatchDog.cancel(): canceling Mon May 28 01:18:45 UTC 2018
auto.tcl: Setting watchdog for 200 seconds at Mon May 28 01:18:45 UTC 2018
1 ms. Memory: 264192K Free: 250339K (95%)
ptolemy.util.test.WatchDog.cancel(): canceling Mon May 28 01:18:45 UTC 2018
------------------ testing $PTII/ptolemy/domains/de/test/auto/transferInputsandOutputs.xml
auto.tcl: Setting watchdog for 200 seconds at Mon May 28 01:18:45 UTC 2018
3 ms. Memory: 264704K Free: 248075K (94%)
ptolemy.util.test.WatchDog.cancel(): canceling Mon May 28 01:18:45 UTC 2018
auto.tcl: Setting watchdog for 200 seconds at Mon May 28 01:18:45 UTC 2018
2 ms. Memory: 264704K Free: 248075K (94%)
ptolemy.util.test.WatchDog.cancel(): canceling Mon May 28 01:18:45 UTC 2018
------------------ testing $PTII/ptolemy/domains/de/test/auto/triggerType.xml
auto.tcl: Setting watchdog for 200 seconds at Mon May 28 01:18:45 UTC 2018
1 ms. Memory: 264192K Free: 250276K (95%)
ptolemy.util.test.WatchDog.cancel(): canceling Mon May 28 01:18:45 UTC 2018
auto.tcl: Setting watchdog for 200 seconds at Mon May 28 01:18:45 UTC 2018
1 ms. Memory: 264192K Free: 250276K (95%)
ptolemy.util.test.WatchDog.cancel(): canceling Mon May 28 01:18:45 UTC 2018
05/28/18 01:18:45
Failed: 0  Total Tests: 192  ((Passed: 187, Newly Passed: 1)  Known Failed: 5) /home/travis/build/icyphy/ptII/ptolemy/domains/de/test
05/28/18 01:18:45
Failed: 0  Total Tests: 192  ((Passed: 187, Newly Passed: 1)  Known Failed: 5) /home/travis/build/icyphy/ptII/ptolemy/domains/de/test
----------------- testing (KnownFailure) /home/travis/build/icyphy/ptII/ptolemy/domains/de/test/auto/knownFailedTests/DESDFClockTest.xml
2022 ms. Memory: 264704K Free: 242632K (92%)
Known Failure: java.lang.reflect.InvocationTargetException
----------------- testing (KnownFailure) /home/travis/build/icyphy/ptII/ptolemy/domains/de/test/auto/knownFailedTests/DirectFeedback.xml
1 ms. Memory: 264704K Free: 228009K (86%)
Known Failure: java.lang.reflect.InvocationTargetException
----------------- testing (KnownFailure) /home/travis/build/icyphy/ptII/ptolemy/domains/de/test/auto/knownFailedTests/FSMSource.xml
7 ms. Memory: 264704K Free: 209715K (79%)
----------------- testing (KnownFailure) /home/travis/build/icyphy/ptII/ptolemy/domains/de/test/auto/knownFailedTests/HierarchicalModel.xml
2 ms. Memory: 264704K Free: 187748K (71%)
Known Failure: java.lang.reflect.InvocationTargetException
----------------- testing (KnownFailure) /home/travis/build/icyphy/ptII/ptolemy/domains/de/test/auto/knownFailedTests/dependencyLoop.xml
2 ms. Memory: 264704K Free: 162126K (61%)
Known Failure: java.lang.reflect.InvocationTargetException
----------------- testing (KnownFailure) /home/travis/build/icyphy/ptII/ptolemy/domains/de/test/auto/knownFailedTests/dependencyLoop2.xml
3 ms. Memory: 264704K Free: 129201K (49%)
Known Failure: java.lang.reflect.InvocationTargetException
No auto/*.xml tests in /home/travis/build/icyphy/ptII/ptolemy/domains/de/test
AutoTests.java: About to close Vertx.
AutoTests.java: Vertx closed.
----------------- testing Mon May 28 01:18:47 UTC 2018 /home/travis/build/icyphy/ptII/ptolemy/domains/de/test/auto/ActorDepthCalculation_actorWithoutPorts.xml
----------------- Instantiating /home/travis/build/icyphy/ptII/ptolemy/domains/de/test/auto/ActorDepthCalculation_actorWithoutPorts.xml
1 ms. Memory: 264704K Free: 107250K (41%)
----------------- Invoking toplevel() on ptolemy.moml.MoMLSimpleApplication@45102e6d
----------------- Done invoking toplevel() on ptolemy.moml.MoMLSimpleApplication@45102e6d
reloadAllAccessors: .ActorDepthCalculation_actorWithoutPorts
----------------- testing Mon May 28 01:18:47 UTC 2018 /home/travis/build/icyphy/ptII/ptolemy/domains/de/test/auto/AssemblyLine.xml
----------------- Instantiating /home/travis/build/icyphy/ptII/ptolemy/domains/de/test/auto/AssemblyLine.xml
2 ms. Memory: 264704K Free: 96267K (36%)
----------------- Invoking toplevel() on ptolemy.moml.MoMLSimpleApplication@203d06a1
----------------- Done invoking toplevel() on ptolemy.moml.MoMLSimpleApplication@203d06a1
reloadAllAccessors: .AssemblyLine
----------------- testing Mon May 28 01:18:47 UTC 2018 /home/travis/build/icyphy/ptII/ptolemy/domains/de/test/auto/CQBug1.xml
----------------- Instantiating /home/travis/build/icyphy/ptII/ptolemy/domains/de/test/auto/CQBug1.xml
0 ms. Memory: 264704K Free: 88956K (34%)
----------------- Invoking toplevel() on ptolemy.moml.MoMLSimpleApplication@37ea4688
----------------- Done invoking toplevel() on ptolemy.moml.MoMLSimpleApplication@37ea4688
reloadAllAccessors: .CQBug1
----------------- testing Mon May 28 01:18:47 UTC 2018 /home/travis/build/icyphy/ptII/ptolemy/domains/de/test/auto/CancelFireAt.xml
----------------- Instantiating /home/travis/build/icyphy/ptII/ptolemy/domains/de/test/auto/CancelFireAt.xml
1 ms. Memory: 264704K Free: 81644K (31%)
----------------- Invoking toplevel() on ptolemy.moml.MoMLSimpleApplication@165b7fc6
----------------- Done invoking toplevel() on ptolemy.moml.MoMLSimpleApplication@165b7fc6
reloadAllAccessors: .CancelFireAt
----------------- testing Mon May 28 01:18:47 UTC 2018 /home/travis/build/icyphy/ptII/ptolemy/domains/de/test/auto/CausalityAndComposabilityAnalysis.xml
----------------- Instantiating /home/travis/build/icyphy/ptII/ptolemy/domains/de/test/auto/CausalityAndComposabilityAnalysis.xml
1 ms. Memory: 256512K Free: 246041K (96%)
----------------- Invoking toplevel() on ptolemy.moml.MoMLSimpleApplication@32204ccc
----------------- Done invoking toplevel() on ptolemy.moml.MoMLSimpleApplication@32204ccc
reloadAllAccessors: .CausalityAndComposabilityAnalysis
----------------- testing Mon May 28 01:18:47 UTC 2018 /home/travis/build/icyphy/ptII/ptolemy/domains/de/test/auto/CausalityInterface1.xml
----------------- Instantiating /home/travis/build/icyphy/ptII/ptolemy/domains/de/test/auto/CausalityInterface1.xml
4 ms. Memory: 256512K Free: 237298K (93%)
----------------- Invoking toplevel() on ptolemy.moml.MoMLSimpleApplication@2238a82a
----------------- Done invoking toplevel() on ptolemy.moml.MoMLSimpleApplication@2238a82a
reloadAllAccessors: .CausalityInterface1
----------------- testing Mon May 28 01:18:47 UTC 2018 /home/travis/build/icyphy/ptII/ptolemy/domains/de/test/auto/CausalityInterface15.xml
----------------- Instantiating /home/travis/build/icyphy/ptII/ptolemy/domains/de/test/auto/CausalityInterface15.xml
1 ms. Memory: 256512K Free: 230278K (90%)
----------------- Invoking toplevel() on ptolemy.moml.MoMLSimpleApplication@13622c62
----------------- Done invoking toplevel() on ptolemy.moml.MoMLSimpleApplication@13622c62
reloadAllAccessors: .CausalityInterface15
----------------- testing Mon May 28 01:18:48 UTC 2018 /home/travis/build/icyphy/ptII/ptolemy/domains/de/test/auto/CausalityInterface2.xml
----------------- Instantiating /home/travis/build/icyphy/ptII/ptolemy/domains/de/test/auto/CausalityInterface2.xml
1 ms. Memory: 256512K Free: 223258K (87%)
----------------- Invoking toplevel() on ptolemy.moml.MoMLSimpleApplication@232c79f5
----------------- Done invoking toplevel() on ptolemy.moml.MoMLSimpleApplication@232c79f5
reloadAllAccessors: .CausalityInterface2
----------------- testing Mon May 28 01:18:48 UTC 2018 /home/travis/build/icyphy/ptII/ptolemy/domains/de/test/auto/CausalityInterface3.xml
[...]
java.lang.RuntimeException: Execution failed
	at ptolemy.moml.MoMLSimpleApplication$UnloadThread.run(MoMLSimpleApplication.java:402)
Caused by: ptolemy.kernel.util.IllegalActionException: Test fails in iteration 1.
Value was: 1.0. Should have been: 2.0
  in .DirectFeedback.Test
	at ptolemy.actor.lib.Test.fire(Test.java:268)
	at ptolemy.domains.de.kernel.DEDirector._fire(DEDirector.java:1948)
	at ptolemy.domains.de.kernel.DEDirector.fire(DEDirector.java:502)
	at ptolemy.actor.CompositeActor.fire(CompositeActor.java:455)
	at ptolemy.actor.Manager.iterate(Manager.java:851)
	at ptolemy.actor.Manager.execute(Manager.java:369)
	at ptolemy.actor.Manager.run(Manager.java:1263)
	at ptolemy.actor.Manager$PtolemyRunThread.run(Manager.java:1915)
java.lang.RuntimeException: Execution failed
	at ptolemy.moml.MoMLSimpleApplication$UnloadThread.run(MoMLSimpleApplication.java:402)
Caused by: ptolemy.kernel.util.IllegalActionException: Actor is not ready to fire.  Perhaps UpSample.prefire() returned false? Try debugging the actor by selecting "Listen to Actor".  Also, for SDF check moml for tokenConsumptionRate on input.
  in .DESDFClockTest.Play Bell.Copy1:SDF Director and .DESDFClockTest.Play Bell.UpSample
	at ptolemy.actor.sched.StaticSchedulingDirector.fire(StaticSchedulingDirector.java:227)
	at ptolemy.domains.sdf.kernel.SDFDirector.fire(SDFDirector.java:500)
	at ptolemy.actor.CompositeActor.fire(CompositeActor.java:455)
	at ptolemy.domains.de.kernel.DEDirector._fire(DEDirector.java:1948)
	at ptolemy.domains.de.kernel.DEDirector.fire(DEDirector.java:502)
	at ptolemy.actor.CompositeActor.fire(CompositeActor.java:455)
	at ptolemy.actor.Manager.iterate(Manager.java:851)
	at ptolemy.actor.Manager.execute(Manager.java:369)
	at ptolemy.actor.Manager.run(Manager.java:1263)
	at ptolemy.actor.Manager$PtolemyRunThread.run(Manager.java:1915)
java.lang.reflect.InvocationTargetException
	at sun.reflect.NativeConstructorAccessorImpl.newInstance0(Native Method)
	at sun.reflect.NativeConstructorAccessorImpl.newInstance(NativeConstructorAccessorImpl.java:62)
	at sun.reflect.DelegatingConstructorAccessorImpl.newInstance(DelegatingConstructorAccessorImpl.java:45)
	at java.lang.reflect.Constructor.newInstance(Constructor.java:423)
	at ptolemy.util.test.junit.AutoKnownFailedTests.RunModel(AutoKnownFailedTests.java:107)
	at sun.reflect.NativeMethodAccessorImpl.invoke0(Native Method)
	at sun.reflect.NativeMethodAccessorImpl.invoke(NativeMethodAccessorImpl.java:62)
	at sun.reflect.DelegatingMethodAccessorImpl.invoke(DelegatingMethodAccessorImpl.java:43)
	at java.lang.reflect.Method.invoke(Method.java:498)
	at org.junit.runners.model.FrameworkMethod$1.runReflectiveCall(FrameworkMethod.java:44)
	at org.junit.internal.runners.model.ReflectiveCallable.run(ReflectiveCallable.java:15)
	at org.junit.runners.model.FrameworkMethod.invokeExplosively(FrameworkMethod.java:41)
	at junitparams.internal.InvokeParameterisedMethod.evaluate(InvokeParameterisedMethod.java:102)
	at org.junit.internal.runners.statements.FailOnTimeout$1.run(FailOnTimeout.java:28)
Caused by: ptolemy.kernel.util.IllegalActionException: Actor is not ready to fire.  Perhaps UpSample.prefire() returned false? Try debugging the actor by selecting "Listen to Actor".  Also, for SDF check moml for tokenConsumptionRate on input.
  in .DESDFClockTest.Play Bell.Copy1:SDF Director and .DESDFClockTest.Play Bell.UpSample
	at ptolemy.actor.sched.StaticSchedulingDirector.fire(StaticSchedulingDirector.java:227)
	at ptolemy.domains.sdf.kernel.SDFDirector.fire(SDFDirector.java:500)
	at ptolemy.actor.CompositeActor.fire(CompositeActor.java:455)
	at ptolemy.domains.de.kernel.DEDirector._fire(DEDirector.java:1948)
	at ptolemy.domains.de.kernel.DEDirector.fire(DEDirector.java:502)
	at ptolemy.actor.CompositeActor.fire(CompositeActor.java:455)
	at ptolemy.actor.Manager.iterate(Manager.java:851)
	at ptolemy.actor.Manager.execute(Manager.java:369)
	at ptolemy.actor.Manager.run(Manager.java:1263)
	at ptolemy.actor.Manager$PtolemyRunThread.run(Manager.java:1915)
java.lang.RuntimeException: Execution failed
	at ptolemy.moml.MoMLSimpleApplication$UnloadThread.run(MoMLSimpleApplication.java:402)
Caused by: ptolemy.kernel.util.IllegalActionException: Test fails in iteration 1.
Value was: 1.0. Should have been: 2.0
  in .DirectFeedback.Test
	at ptolemy.actor.lib.Test.fire(Test.java:268)
	at ptolemy.domains.de.kernel.DEDirector._fire(DEDirector.java:1948)
	at ptolemy.domains.de.kernel.DEDirector.fire(DEDirector.java:502)
	at ptolemy.actor.CompositeActor.fire(CompositeActor.java:455)
	at ptolemy.actor.Manager.iterate(Manager.java:851)
	at ptolemy.actor.Manager.execute(Manager.java:369)
	at ptolemy.actor.Manager.run(Manager.java:1263)
	at ptolemy.actor.Manager$PtolemyRunThread.run(Manager.java:1915)
java.lang.reflect.InvocationTargetException
	at sun.reflect.NativeConstructorAccessorImpl.newInstance0(Native Method)
	at sun.reflect.NativeConstructorAccessorImpl.newInstance(NativeConstructorAccessorImpl.java:62)
	at sun.reflect.DelegatingConstructorAccessorImpl.newInstance(DelegatingConstructorAccessorImpl.java:45)
	at java.lang.reflect.Constructor.newInstance(Constructor.java:423)
	at ptolemy.util.test.junit.AutoKnownFailedTests.RunModel(AutoKnownFailedTests.java:107)
	at sun.reflect.NativeMethodAccessorImpl.invoke0(Native Method)
	at sun.reflect.NativeMethodAccessorImpl.invoke(NativeMethodAccessorImpl.java:62)
	at sun.reflect.DelegatingMethodAccessorImpl.invoke(DelegatingMethodAccessorImpl.java:43)
	at java.lang.reflect.Method.invoke(Method.java:498)
	at org.junit.runners.model.FrameworkMethod$1.runReflectiveCall(FrameworkMethod.java:44)
	at org.junit.internal.runners.model.ReflectiveCallable.run(ReflectiveCallable.java:15)
	at org.junit.runners.model.FrameworkMethod.invokeExplosively(FrameworkMethod.java:41)
	at junitparams.internal.InvokeParameterisedMethod.evaluate(InvokeParameterisedMethod.java:102)
	at org.junit.internal.runners.statements.FailOnTimeout$1.run(FailOnTimeout.java:28)
Caused by: ptolemy.kernel.util.IllegalActionException: Test fails in iteration 1.
Value was: 1.0. Should have been: 2.0
  in .DirectFeedback.Test
	at ptolemy.actor.lib.Test.fire(Test.java:268)
	at ptolemy.domains.de.kernel.DEDirector._fire(DEDirector.java:1948)
	at ptolemy.domains.de.kernel.DEDirector.fire(DEDirector.java:502)
	at ptolemy.actor.CompositeActor.fire(CompositeActor.java:455)
	at ptolemy.actor.Manager.iterate(Manager.java:851)
	at ptolemy.actor.Manager.execute(Manager.java:369)
	at ptolemy.actor.Manager.run(Manager.java:1263)
	at ptolemy.actor.Manager$PtolemyRunThread.run(Manager.java:1915)
java.lang.RuntimeException: Execution failed
	at ptolemy.moml.MoMLSimpleApplication$UnloadThread.run(MoMLSimpleApplication.java:402)
Caused by: ptolemy.kernel.util.IllegalActionException: Found a zero delay loop containing .HierarchicalModel.A
  in .HierarchicalModel and .HierarchicalModel.A
	at ptolemy.actor.util.CausalityInterfaceForComposites._computeOutputPortDepth(CausalityInterfaceForComposites.java:759)
	at ptolemy.actor.util.CausalityInterfaceForComposites._computeInputDepth(CausalityInterfaceForComposites.java:696)
	at ptolemy.actor.util.CausalityInterfaceForComposites._computeOutputPortDepth(CausalityInterfaceForComposites.java:765)
	at ptolemy.actor.util.CausalityInterfaceForComposites._computeInputDepth(CausalityInterfaceForComposites.java:696)
	at ptolemy.actor.util.CausalityInterfaceForComposites._computeOutputPortDepth(CausalityInterfaceForComposites.java:765)
	at ptolemy.actor.util.CausalityInterfaceForComposites._computeInputDepth(CausalityInterfaceForComposites.java:696)
	at ptolemy.actor.util.CausalityInterfaceForComposites._computeActorDepth(CausalityInterfaceForComposites.java:532)
	at ptolemy.actor.util.CausalityInterfaceForComposites.checkForCycles(CausalityInterfaceForComposites.java:96)
	at ptolemy.domains.de.kernel.DEDirector.preinitialize(DEDirector.java:1337)
	at ptolemy.actor.CompositeActor.preinitialize(CompositeActor.java:1828)
	at ptolemy.actor.Manager.preinitializeAndResolveTypes(Manager.java:1040)
	at ptolemy.actor.Manager.initialize(Manager.java:710)
	at ptolemy.actor.Manager.execute(Manager.java:356)
	at ptolemy.actor.Manager.run(Manager.java:1263)
	at ptolemy.actor.Manager$PtolemyRunThread.run(Manager.java:1915)
java.lang.reflect.InvocationTargetException
	at sun.reflect.NativeConstructorAccessorImpl.newInstance0(Native Method)
	at sun.reflect.NativeConstructorAccessorImpl.newInstance(NativeConstructorAccessorImpl.java:62)
	at sun.reflect.DelegatingConstructorAccessorImpl.newInstance(DelegatingConstructorAccessorImpl.java:45)
	at java.lang.reflect.Constructor.newInstance(Constructor.java:423)
	at ptolemy.util.test.junit.AutoKnownFailedTests.RunModel(AutoKnownFailedTests.java:107)
	at sun.reflect.NativeMethodAccessorImpl.invoke0(Native Method)
	at sun.reflect.NativeMethodAccessorImpl.invoke(NativeMethodAccessorImpl.java:62)
	at sun.reflect.DelegatingMethodAccessorImpl.invoke(DelegatingMethodAccessorImpl.java:43)
	at java.lang.reflect.Method.invoke(Method.java:498)
	at org.junit.runners.model.FrameworkMethod$1.runReflectiveCall(FrameworkMethod.java:44)
	at org.junit.internal.runners.model.ReflectiveCallable.run(ReflectiveCallable.java:15)
	at org.junit.runners.model.FrameworkMethod.invokeExplosively(FrameworkMethod.java:41)
	at junitparams.internal.InvokeParameterisedMethod.evaluate(InvokeParameterisedMethod.java:102)
	at org.junit.internal.runners.statements.FailOnTimeout$1.run(FailOnTimeout.java:28)
Caused by: ptolemy.kernel.util.IllegalActionException: Found a zero delay loop containing .HierarchicalModel.A
  in .HierarchicalModel and .HierarchicalModel.A
	at ptolemy.actor.util.CausalityInterfaceForComposites._computeOutputPortDepth(CausalityInterfaceForComposites.java:759)
	at ptolemy.actor.util.CausalityInterfaceForComposites._computeInputDepth(CausalityInterfaceForComposites.java:696)
	at ptolemy.actor.util.CausalityInterfaceForComposites._computeOutputPortDepth(CausalityInterfaceForComposites.java:765)
	at ptolemy.actor.util.CausalityInterfaceForComposites._computeInputDepth(CausalityInterfaceForComposites.java:696)
	at ptolemy.actor.util.CausalityInterfaceForComposites._computeOutputPortDepth(CausalityInterfaceForComposites.java:765)
	at ptolemy.actor.util.CausalityInterfaceForComposites._computeInputDepth(CausalityInterfaceForComposites.java:696)
	at ptolemy.actor.util.CausalityInterfaceForComposites._computeActorDepth(CausalityInterfaceForComposites.java:532)
	at ptolemy.actor.util.CausalityInterfaceForComposites.checkForCycles(CausalityInterfaceForComposites.java:96)
	at ptolemy.domains.de.kernel.DEDirector.preinitialize(DEDirector.java:1337)
	at ptolemy.actor.CompositeActor.preinitialize(CompositeActor.java:1828)
	at ptolemy.actor.Manager.preinitializeAndResolveTypes(Manager.java:1040)
	at ptolemy.actor.Manager.initialize(Manager.java:710)
	at ptolemy.actor.Manager.execute(Manager.java:356)
	at ptolemy.actor.Manager.run(Manager.java:1263)
	at ptolemy.actor.Manager$PtolemyRunThread.run(Manager.java:1915)
java.lang.RuntimeException: Execution failed
	at ptolemy.moml.MoMLSimpleApplication$UnloadThread.run(MoMLSimpleApplication.java:402)
Caused by: ptolemy.kernel.util.IllegalActionException: Found a zero delay loop containing .dependencyLoop.original
  in .dependencyLoop and .dependencyLoop.original
	at ptolemy.actor.util.CausalityInterfaceForComposites._computeOutputPortDepth(CausalityInterfaceForComposites.java:759)
	at ptolemy.actor.util.CausalityInterfaceForComposites._computeInputDepth(CausalityInterfaceForComposites.java:696)
	at ptolemy.actor.util.CausalityInterfaceForComposites._computeOutputPortDepth(CausalityInterfaceForComposites.java:765)
	at ptolemy.actor.util.CausalityInterfaceForComposites._computeInputDepth(CausalityInterfaceForComposites.java:696)
	at ptolemy.actor.util.CausalityInterfaceForComposites._computeOutputPortDepth(CausalityInterfaceForComposites.java:765)
	at ptolemy.actor.util.CausalityInterfaceForComposites._computeInputDepth(CausalityInterfaceForComposites.java:696)
	at ptolemy.actor.util.CausalityInterfaceForComposites._computeActorDepth(CausalityInterfaceForComposites.java:532)
	at ptolemy.actor.util.CausalityInterfaceForComposites.checkForCycles(CausalityInterfaceForComposites.java:96)
	at ptolemy.domains.de.kernel.DEDirector.preinitialize(DEDirector.java:1337)
	at ptolemy.actor.CompositeActor.preinitialize(CompositeActor.java:1828)
	at ptolemy.actor.Manager.preinitializeAndResolveTypes(Manager.java:1040)
	at ptolemy.actor.Manager.initialize(Manager.java:710)
	at ptolemy.actor.Manager.execute(Manager.java:356)
	at ptolemy.actor.Manager.run(Manager.java:1263)
	at ptolemy.actor.Manager$PtolemyRunThread.run(Manager.java:1915)
java.lang.reflect.InvocationTargetException
	at sun.reflect.NativeConstructorAccessorImpl.newInstance0(Native Method)
	at sun.reflect.NativeConstructorAccessorImpl.newInstance(NativeConstructorAccessorImpl.java:62)
	at sun.reflect.DelegatingConstructorAccessorImpl.newInstance(DelegatingConstructorAccessorImpl.java:45)
	at java.lang.reflect.Constructor.newInstance(Constructor.java:423)
	at ptolemy.util.test.junit.AutoKnownFailedTests.RunModel(AutoKnownFailedTests.java:107)
	at sun.reflect.NativeMethodAccessorImpl.invoke0(Native Method)
	at sun.reflect.NativeMethodAccessorImpl.invoke(NativeMethodAccessorImpl.java:62)
	at sun.reflect.DelegatingMethodAccessorImpl.invoke(DelegatingMethodAccessorImpl.java:43)
	at java.lang.reflect.Method.invoke(Method.java:498)
	at org.junit.runners.model.FrameworkMethod$1.runReflectiveCall(FrameworkMethod.java:44)
	at org.junit.internal.runners.model.ReflectiveCallable.run(ReflectiveCallable.java:15)
	at org.junit.runners.model.FrameworkMethod.invokeExplosively(FrameworkMethod.java:41)
	at junitparams.internal.InvokeParameterisedMethod.evaluate(InvokeParameterisedMethod.java:102)
	at org.junit.internal.runners.statements.FailOnTimeout$1.run(FailOnTimeout.java:28)
Caused by: ptolemy.kernel.util.IllegalActionException: Found a zero delay loop containing .dependencyLoop.original
  in .dependencyLoop and .dependencyLoop.original
	at ptolemy.actor.util.CausalityInterfaceForComposites._computeOutputPortDepth(CausalityInterfaceForComposites.java:759)
	at ptolemy.actor.util.CausalityInterfaceForComposites._computeInputDepth(CausalityInterfaceForComposites.java:696)
	at ptolemy.actor.util.CausalityInterfaceForComposites._computeOutputPortDepth(CausalityInterfaceForComposites.java:765)
	at ptolemy.actor.util.CausalityInterfaceForComposites._computeInputDepth(CausalityInterfaceForComposites.java:696)
	at ptolemy.actor.util.CausalityInterfaceForComposites._computeOutputPortDepth(CausalityInterfaceForComposites.java:765)
	at ptolemy.actor.util.CausalityInterfaceForComposites._computeInputDepth(CausalityInterfaceForComposites.java:696)
	at ptolemy.actor.util.CausalityInterfaceForComposites._computeActorDepth(CausalityInterfaceForComposites.java:532)
	at ptolemy.actor.util.CausalityInterfaceForComposites.checkForCycles(CausalityInterfaceForComposites.java:96)
	at ptolemy.domains.de.kernel.DEDirector.preinitialize(DEDirector.java:1337)
	at ptolemy.actor.CompositeActor.preinitialize(CompositeActor.java:1828)
	at ptolemy.actor.Manager.preinitializeAndResolveTypes(Manager.java:1040)
	at ptolemy.actor.Manager.initialize(Manager.java:710)
	at ptolemy.actor.Manager.execute(Manager.java:356)
	at ptolemy.actor.Manager.run(Manager.java:1263)
	at ptolemy.actor.Manager$PtolemyRunThread.run(Manager.java:1915)
java.lang.RuntimeException: Execution failed
	at ptolemy.moml.MoMLSimpleApplication$UnloadThread.run(MoMLSimpleApplication.java:402)
Caused by: ptolemy.kernel.util.IllegalActionException: Found a zero delay loop containing .dependencyLoop2.original
  in .dependencyLoop2 and .dependencyLoop2.original
	at ptolemy.actor.util.CausalityInterfaceForComposites._computeOutputPortDepth(CausalityInterfaceForComposites.java:759)
	at ptolemy.actor.util.CausalityInterfaceForComposites._computeInputDepth(CausalityInterfaceForComposites.java:696)
	at ptolemy.actor.util.CausalityInterfaceForComposites._computeOutputPortDepth(CausalityInterfaceForComposites.java:765)
	at ptolemy.actor.util.CausalityInterfaceForComposites._computeInputDepth(CausalityInterfaceForComposites.java:696)
	at ptolemy.actor.util.CausalityInterfaceForComposites._computeOutputPortDepth(CausalityInterfaceForComposites.java:765)
	at ptolemy.actor.util.CausalityInterfaceForComposites._computeInputDepth(CausalityInterfaceForComposites.java:696)
	at ptolemy.actor.util.CausalityInterfaceForComposites._computeActorDepth(CausalityInterfaceForComposites.java:532)
	at ptolemy.actor.util.CausalityInterfaceForComposites.checkForCycles(CausalityInterfaceForComposites.java:96)
	at ptolemy.domains.de.kernel.DEDirector.preinitialize(DEDirector.java:1337)
	at ptolemy.actor.CompositeActor.preinitialize(CompositeActor.java:1828)
	at ptolemy.actor.Manager.preinitializeAndResolveTypes(Manager.java:1040)
	at ptolemy.actor.Manager.initialize(Manager.java:710)
	at ptolemy.actor.Manager.execute(Manager.java:356)
	at ptolemy.actor.Manager.run(Manager.java:1263)
	at ptolemy.actor.Manager$PtolemyRunThread.run(Manager.java:1915)
java.lang.reflect.InvocationTargetException
	at sun.reflect.NativeConstructorAccessorImpl.newInstance0(Native Method)
	at sun.reflect.NativeConstructorAccessorImpl.newInstance(NativeConstructorAccessorImpl.java:62)
	at sun.reflect.DelegatingConstructorAccessorImpl.newInstance(DelegatingConstructorAccessorImpl.java:45)
	at java.lang.reflect.Constructor.newInstance(Constructor.java:423)
	at ptolemy.util.test.junit.AutoKnownFailedTests.RunModel(AutoKnownFailedTests.java:107)
	at sun.reflect.NativeMethodAccessorImpl.invoke0(Native Method)
	at sun.reflect.NativeMethodAccessorImpl.invoke(NativeMethodAccessorImpl.java:62)
	at sun.reflect.DelegatingMethodAccessorImpl.invoke(DelegatingMethodAccessorImpl.java:43)
	at java.lang.reflect.Method.invoke(Method.java:498)
	at org.junit.runners.model.FrameworkMethod$1.runReflectiveCall(FrameworkMethod.java:44)
	at org.junit.internal.runners.model.ReflectiveCallable.run(ReflectiveCallable.java:15)
	at org.junit.runners.model.FrameworkMethod.invokeExplosively(FrameworkMethod.java:41)
	at junitparams.internal.InvokeParameterisedMethod.evaluate(InvokeParameterisedMethod.java:102)
	at org.junit.internal.runners.statements.FailOnTimeout$1.run(FailOnTimeout.java:28)
Caused by: ptolemy.kernel.util.IllegalActionException: Found a zero delay loop containing .dependencyLoop2.original
  in .dependencyLoop2 and .dependencyLoop2.original
	at ptolemy.actor.util.CausalityInterfaceForComposites._computeOutputPortDepth(CausalityInterfaceForComposites.java:759)
	at ptolemy.actor.util.CausalityInterfaceForComposites._computeInputDepth(CausalityInterfaceForComposites.java:696)
	at ptolemy.actor.util.CausalityInterfaceForComposites._computeOutputPortDepth(CausalityInterfaceForComposites.java:765)
	at ptolemy.actor.util.CausalityInterfaceForComposites._computeInputDepth(CausalityInterfaceForComposites.java:696)
	at ptolemy.actor.util.CausalityInterfaceForComposites._computeOutputPortDepth(CausalityInterfaceForComposites.java:765)
	at ptolemy.actor.util.CausalityInterfaceForComposites._computeInputDepth(CausalityInterfaceForComposites.java:696)
	at ptolemy.actor.util.CausalityInterfaceForComposites._computeActorDepth(CausalityInterfaceForComposites.java:532)
	at ptolemy.actor.util.CausalityInterfaceForComposites.checkForCycles(CausalityInterfaceForComposites.java:96)
	at ptolemy.domains.de.kernel.DEDirector.preinitialize(DEDirector.java:1337)
	at ptolemy.actor.CompositeActor.preinitialize(CompositeActor.java:1828)
	at ptolemy.actor.Manager.preinitializeAndResolveTypes(Manager.java:1040)
	at ptolemy.actor.Manager.initialize(Manager.java:710)
	at ptolemy.actor.Manager.execute(Manager.java:356)
	at ptolemy.actor.Manager.run(Manager.java:1263)
	at ptolemy.actor.Manager$PtolemyRunThread.run(Manager.java:1915)
]]></system-err>
</testsuite>
