<?xml version="1.0" encoding="UTF-8" ?>
<testsuite errors="0" failures="0" hostname="travis-job-73c45507-952f-4420-836a-d4bb511c1798" name="ptolemy.domains.de.test.junit.JUnitTclTest" skipped="0" tests="101" time="172.009" timestamp="2018-05-30T16:10:42">
  <properties>
[...]
</properties>
  <testcase classname="ptolemy.util.test.junit.TclTests" name="[0] /home/travis/build/icyphy/ptII/ptolemy/domains/de/test/DependencyLoop.tcl (RunTclFile)" time="1.166" />
  <testcase classname="ptolemy.util.test.junit.TclTests" name="[1] /home/travis/build/icyphy/ptII/ptolemy/domains/de/test/RunDETestsAsQSS.tcl (RunTclFile)" time="120.893" />
  <testcase classname="ptolemy.util.test.junit.AutoKnownFailedTests" name="[0] /home/travis/build/icyphy/ptII/ptolemy/domains/de/test/auto/knownFailedTests/DESDFClockTest.xml (RunModel)" time="2.058" />
  <testcase classname="ptolemy.util.test.junit.AutoKnownFailedTests" name="[1] /home/travis/build/icyphy/ptII/ptolemy/domains/de/test/auto/knownFailedTests/DirectFeedback.xml (RunModel)" time="0.028" />
  <testcase classname="ptolemy.util.test.junit.AutoKnownFailedTests" name="[2] /home/travis/build/icyphy/ptII/ptolemy/domains/de/test/auto/knownFailedTests/FSMSource.xml (RunModel)" time="0.033" />
  <testcase classname="ptolemy.util.test.junit.AutoKnownFailedTests" name="[3] /home/travis/build/icyphy/ptII/ptolemy/domains/de/test/auto/knownFailedTests/HierarchicalModel.xml (RunModel)" time="0.057" />
  <testcase classname="ptolemy.util.test.junit.AutoKnownFailedTests" name="[4] /home/travis/build/icyphy/ptII/ptolemy/domains/de/test/auto/knownFailedTests/dependencyLoop.xml (RunModel)" time="0.05" />
  <testcase classname="ptolemy.util.test.junit.AutoKnownFailedTests" name="[5] /home/travis/build/icyphy/ptII/ptolemy/domains/de/test/auto/knownFailedTests/dependencyLoop2.xml (RunModel)" time="0.045" />
  <testcase classname="ptolemy.util.test.junit.AutoNameArchTests" name="[0] ThereAreNoAutoArchTests (RunModel)" time="0.0" />
  <testcase classname="ptolemy.util.test.junit.AutoTests" name="[0] /home/travis/build/icyphy/ptII/ptolemy/domains/de/test/auto/ActorDepthCalculation_actorWithoutPorts.xml (RunModel)" time="0.028" />
  <testcase classname="ptolemy.util.test.junit.AutoTests" name="[1] /home/travis/build/icyphy/ptII/ptolemy/domains/de/test/auto/AssemblyLine.xml (RunModel)" time="0.027" />
  <testcase classname="ptolemy.util.test.junit.AutoTests" name="[2] /home/travis/build/icyphy/ptII/ptolemy/domains/de/test/auto/CQBug1.xml (RunModel)" time="0.014" />
  <testcase classname="ptolemy.util.test.junit.AutoTests" name="[3] /home/travis/build/icyphy/ptII/ptolemy/domains/de/test/auto/CancelFireAt.xml (RunModel)" time="0.02" />
  <testcase classname="ptolemy.util.test.junit.AutoTests" name="[4] /home/travis/build/icyphy/ptII/ptolemy/domains/de/test/auto/CausalityAndComposabilityAnalysis.xml (RunModel)" time="0.022" />
  <testcase classname="ptolemy.util.test.junit.AutoTests" name="[5] /home/travis/build/icyphy/ptII/ptolemy/domains/de/test/auto/CausalityInterface1.xml (RunModel)" time="0.029" />
  <testcase classname="ptolemy.util.test.junit.AutoTests" name="[6] /home/travis/build/icyphy/ptII/ptolemy/domains/de/test/auto/CausalityInterface15.xml (RunModel)" time="0.022" />
  <testcase classname="ptolemy.util.test.junit.AutoTests" name="[7] /home/travis/build/icyphy/ptII/ptolemy/domains/de/test/auto/CausalityInterface2.xml (RunModel)" time="0.018" />
  <testcase classname="ptolemy.util.test.junit.AutoTests" name="[8] /home/travis/build/icyphy/ptII/ptolemy/domains/de/test/auto/CausalityInterface3.xml (RunModel)" time="0.02" />
  <testcase classname="ptolemy.util.test.junit.AutoTests" name="[9] /home/travis/build/icyphy/ptII/ptolemy/domains/de/test/auto/ClockDrift.xml (RunModel)" time="0.046" />
  <testcase classname="ptolemy.util.test.junit.AutoTests" name="[10] /home/travis/build/icyphy/ptII/ptolemy/domains/de/test/auto/ClockDriftAndValueChange.xml (RunModel)" time="0.036" />
  <testcase classname="ptolemy.util.test.junit.AutoTests" name="[11] /home/travis/build/icyphy/ptII/ptolemy/domains/de/test/auto/ClockDriftChange.xml (RunModel)" time="0.036" />
  <testcase classname="ptolemy.util.test.junit.AutoTests" name="[12] /home/travis/build/icyphy/ptII/ptolemy/domains/de/test/auto/ComposableCausalityAnalysis.xml (RunModel)" time="0.023" />
  <testcase classname="ptolemy.util.test.junit.AutoTests" name="[13] /home/travis/build/icyphy/ptII/ptolemy/domains/de/test/auto/DEFixedPointLimitation.xml (RunModel)" time="0.02" />
  <testcase classname="ptolemy.util.test.junit.AutoTests" name="[14] /home/travis/build/icyphy/ptII/ptolemy/domains/de/test/auto/DEScheduleTest.xml (RunModel)" time="0.021" />
  <testcase classname="ptolemy.util.test.junit.AutoTests" name="[15] /home/travis/build/icyphy/ptII/ptolemy/domains/de/test/auto/DEinDEwithStartTimes.xml (RunModel)" time="0.026" />
  <testcase classname="ptolemy.util.test.junit.AutoTests" name="[16] /home/travis/build/icyphy/ptII/ptolemy/domains/de/test/auto/DEinDEwithStartTimes2.xml (RunModel)" time="0.023" />
  <testcase classname="ptolemy.util.test.junit.AutoTests" name="[17] /home/travis/build/icyphy/ptII/ptolemy/domains/de/test/auto/DateDemo.xml (RunModel)" time="0.041" />
  <testcase classname="ptolemy.util.test.junit.AutoTests" name="[18] /home/travis/build/icyphy/ptII/ptolemy/domains/de/test/auto/DateToEvent.xml (RunModel)" time="2.056" />
  <testcase classname="ptolemy.util.test.junit.AutoTests" name="[19] /home/travis/build/icyphy/ptII/ptolemy/domains/de/test/auto/DepthTest1.xml (RunModel)" time="0.023" />
  <testcase classname="ptolemy.util.test.junit.AutoTests" name="[20] /home/travis/build/icyphy/ptII/ptolemy/domains/de/test/auto/DepthTest2.xml (RunModel)" time="0.031" />
  <testcase classname="ptolemy.util.test.junit.AutoTests" name="[21] /home/travis/build/icyphy/ptII/ptolemy/domains/de/test/auto/DepthTest3.xml (RunModel)" time="0.016" />
  <testcase classname="ptolemy.util.test.junit.AutoTests" name="[22] /home/travis/build/icyphy/ptII/ptolemy/domains/de/test/auto/DepthTest4.xml (RunModel)" time="0.023" />
  <testcase classname="ptolemy.util.test.junit.AutoTests" name="[23] /home/travis/build/icyphy/ptII/ptolemy/domains/de/test/auto/DepthTest5.xml (RunModel)" time="0.025" />
  <testcase classname="ptolemy.util.test.junit.AutoTests" name="[24] /home/travis/build/icyphy/ptII/ptolemy/domains/de/test/auto/DepthTest6.xml (RunModel)" time="0.025" />
  <testcase classname="ptolemy.util.test.junit.AutoTests" name="[25] /home/travis/build/icyphy/ptII/ptolemy/domains/de/test/auto/DepthTest7.xml (RunModel)" time="0.023" />
  <testcase classname="ptolemy.util.test.junit.AutoTests" name="[26] /home/travis/build/icyphy/ptII/ptolemy/domains/de/test/auto/EventToDate.xml (RunModel)" time="3.056" />
  <testcase classname="ptolemy.util.test.junit.AutoTests" name="[27] /home/travis/build/icyphy/ptII/ptolemy/domains/de/test/auto/FSM1.xml (RunModel)" time="0.051" />
  <testcase classname="ptolemy.util.test.junit.AutoTests" name="[28] /home/travis/build/icyphy/ptII/ptolemy/domains/de/test/auto/FSM7.xml (RunModel)" time="0.049" />
  <testcase classname="ptolemy.util.test.junit.AutoTests" name="[29] /home/travis/build/icyphy/ptII/ptolemy/domains/de/test/auto/Inspection.xml (RunModel)" time="0.062" />
  <testcase classname="ptolemy.util.test.junit.AutoTests" name="[30] /home/travis/build/icyphy/ptII/ptolemy/domains/de/test/auto/Iteration.xml (RunModel)" time="0.033" />
  <testcase classname="ptolemy.util.test.junit.AutoTests" name="[31] /home/travis/build/icyphy/ptII/ptolemy/domains/de/test/auto/LineFault.xml (RunModel)" time="0.834" />
  <testcase classname="ptolemy.util.test.junit.AutoTests" name="[32] /home/travis/build/icyphy/ptII/ptolemy/domains/de/test/auto/MergeModel1Add.xml (RunModel)" time="0.078" />
  <testcase classname="ptolemy.util.test.junit.AutoTests" name="[33] /home/travis/build/icyphy/ptII/ptolemy/domains/de/test/auto/MergeModel2Add.xml (RunModel)" time="0.071" />
  <testcase classname="ptolemy.util.test.junit.AutoTests" name="[34] /home/travis/build/icyphy/ptII/ptolemy/domains/de/test/auto/MergeModel3Add.xml (RunModel)" time="0.069" />
  <testcase classname="ptolemy.util.test.junit.AutoTests" name="[35] /home/travis/build/icyphy/ptII/ptolemy/domains/de/test/auto/MergeWithoutDiscard.xml (RunModel)" time="0.02" />
  <testcase classname="ptolemy.util.test.junit.AutoTests" name="[36] /home/travis/build/icyphy/ptII/ptolemy/domains/de/test/auto/Modal1.xml (RunModel)" time="0.071" />
  <testcase classname="ptolemy.util.test.junit.AutoTests" name="[37] /home/travis/build/icyphy/ptII/ptolemy/domains/de/test/auto/Modal2.xml (RunModel)" time="0.058" />
  <testcase classname="ptolemy.util.test.junit.AutoTests" name="[38] /home/travis/build/icyphy/ptII/ptolemy/domains/de/test/auto/Modal3.xml (RunModel)" time="0.057" />
  <testcase classname="ptolemy.util.test.junit.AutoTests" name="[39] /home/travis/build/icyphy/ptII/ptolemy/domains/de/test/auto/Modal4.xml (RunModel)" time="0.05" />
  <testcase classname="ptolemy.util.test.junit.AutoTests" name="[40] /home/travis/build/icyphy/ptII/ptolemy/domains/de/test/auto/Modal5.xml (RunModel)" time="0.061" />
  <testcase classname="ptolemy.util.test.junit.AutoTests" name="[41] /home/travis/build/icyphy/ptII/ptolemy/domains/de/test/auto/Modal6.xml (RunModel)" time="0.057" />
  <testcase classname="ptolemy.util.test.junit.AutoTests" name="[42] /home/travis/build/icyphy/ptII/ptolemy/domains/de/test/auto/Modal7.xml (RunModel)" time="0.061" />
  <testcase classname="ptolemy.util.test.junit.AutoTests" name="[43] /home/travis/build/icyphy/ptII/ptolemy/domains/de/test/auto/ModalModel.xml (RunModel)" time="0.285" />
  <testcase classname="ptolemy.util.test.junit.AutoTests" name="[44] /home/travis/build/icyphy/ptII/ptolemy/domains/de/test/auto/ModalSource.xml (RunModel)" time="0.041" />
  <testcase classname="ptolemy.util.test.junit.AutoTests" name="[45] /home/travis/build/icyphy/ptII/ptolemy/domains/de/test/auto/NonInterruptibleTimerZeroDelay.xml (RunModel)" time="0.022" />
  <testcase classname="ptolemy.util.test.junit.AutoTests" name="[46] /home/travis/build/icyphy/ptII/ptolemy/domains/de/test/auto/OpenQueueingNetwork.xml (RunModel)" time="3.199" />
  <testcase classname="ptolemy.util.test.junit.AutoTests" name="[47] /home/travis/build/icyphy/ptII/ptolemy/domains/de/test/auto/OpenQueuingNetwork.xml (RunModel)" time="0.397" />
  <testcase classname="ptolemy.util.test.junit.AutoTests" name="[48] /home/travis/build/icyphy/ptII/ptolemy/domains/de/test/auto/PeriodicSampler.xml (RunModel)" time="0.018" />
  <testcase classname="ptolemy.util.test.junit.AutoTests" name="[49] /home/travis/build/icyphy/ptII/ptolemy/domains/de/test/auto/PersistentIO.xml (RunModel)" time="0.048" />
  <testcase classname="ptolemy.util.test.junit.AutoTests" name="[50] /home/travis/build/icyphy/ptII/ptolemy/domains/de/test/auto/PortParameterResetOnInitialize.xml (RunModel)" time="0.025" />
  <testcase classname="ptolemy.util.test.junit.AutoTests" name="[51] /home/travis/build/icyphy/ptII/ptolemy/domains/de/test/auto/PortParameterUpdates.xml (RunModel)" time="0.026" />
  <testcase classname="ptolemy.util.test.junit.AutoTests" name="[52] /home/travis/build/icyphy/ptII/ptolemy/domains/de/test/auto/QueueAndServer.xml (RunModel)" time="0.035" />
  <testcase classname="ptolemy.util.test.junit.AutoTests" name="[53] /home/travis/build/icyphy/ptII/ptolemy/domains/de/test/auto/Records.xml (RunModel)" time="0.036" />
  <testcase classname="ptolemy.util.test.junit.AutoTests" name="[54] /home/travis/build/icyphy/ptII/ptolemy/domains/de/test/auto/ResetTransitionWithStartTime1.xml (RunModel)" time="0.05" />
  <testcase classname="ptolemy.util.test.junit.AutoTests" name="[55] /home/travis/build/icyphy/ptII/ptolemy/domains/de/test/auto/ResetTransitionWithStartTime2.xml (RunModel)" time="0.047" />
  <testcase classname="ptolemy.util.test.junit.AutoTests" name="[56] /home/travis/build/icyphy/ptII/ptolemy/domains/de/test/auto/ResetTransitionWithStartTime3.xml (RunModel)" time="0.046" />
  <testcase classname="ptolemy.util.test.junit.AutoTests" name="[57] /home/travis/build/icyphy/ptII/ptolemy/domains/de/test/auto/ResetTransitionWithStartTime4.xml (RunModel)" time="0.047" />
  <testcase classname="ptolemy.util.test.junit.AutoTests" name="[58] /home/travis/build/icyphy/ptII/ptolemy/domains/de/test/auto/ResettableTimer1.xml (RunModel)" time="0.024" />
  <testcase classname="ptolemy.util.test.junit.AutoTests" name="[59] /home/travis/build/icyphy/ptII/ptolemy/domains/de/test/auto/ResettableTimer2.xml (RunModel)" time="0.02" />
  <testcase classname="ptolemy.util.test.junit.AutoTests" name="[60] /home/travis/build/icyphy/ptII/ptolemy/domains/de/test/auto/ResettableTimer3.xml (RunModel)" time="0.029" />
  <testcase classname="ptolemy.util.test.junit.AutoTests" name="[61] /home/travis/build/icyphy/ptII/ptolemy/domains/de/test/auto/ResettableTimer4.xml (RunModel)" time="0.028" />
  <testcase classname="ptolemy.util.test.junit.AutoTests" name="[62] /home/travis/build/icyphy/ptII/ptolemy/domains/de/test/auto/ResettableTimer5.xml (RunModel)" time="0.021" />
  <testcase classname="ptolemy.util.test.junit.AutoTests" name="[63] /home/travis/build/icyphy/ptII/ptolemy/domains/de/test/auto/ResettableTimer6.xml (RunModel)" time="0.034" />
  <testcase classname="ptolemy.util.test.junit.AutoTests" name="[64] /home/travis/build/icyphy/ptII/ptolemy/domains/de/test/auto/ServerZeroDelay.xml (RunModel)" time="0.028" />
  <testcase classname="ptolemy.util.test.junit.AutoTests" name="[65] /home/travis/build/icyphy/ptII/ptolemy/domains/de/test/auto/SmartSender.xml (RunModel)" time="3.017" />
  <testcase classname="ptolemy.util.test.junit.AutoTests" name="[66] /home/travis/build/icyphy/ptII/ptolemy/domains/de/test/auto/ThreadedComposite.xml (RunModel)" time="0.287" />
  <testcase classname="ptolemy.util.test.junit.AutoTests" name="[67] /home/travis/build/icyphy/ptII/ptolemy/domains/de/test/auto/Time.xml (RunModel)" time="0.688" />
  <testcase classname="ptolemy.util.test.junit.AutoTests" name="[68] /home/travis/build/icyphy/ptII/ptolemy/domains/de/test/auto/TimeDelayZeroDelay.xml (RunModel)" time="0.042" />
  <testcase classname="ptolemy.util.test.junit.AutoTests" name="[69] /home/travis/build/icyphy/ptII/ptolemy/domains/de/test/auto/TimerZeroDelay.xml (RunModel)" time="0.02" />
  <testcase classname="ptolemy.util.test.junit.AutoTests" name="[70] /home/travis/build/icyphy/ptII/ptolemy/domains/de/test/auto/TimingParadox.xml (RunModel)" time="0.463" />
  <testcase classname="ptolemy.util.test.junit.AutoTests" name="[71] /home/travis/build/icyphy/ptII/ptolemy/domains/de/test/auto/TransferInputs.xml (RunModel)" time="0.026" />
  <testcase classname="ptolemy.util.test.junit.AutoTests" name="[72] /home/travis/build/icyphy/ptII/ptolemy/domains/de/test/auto/TransferOutputs2.xml (RunModel)" time="0.033" />
  <testcase classname="ptolemy.util.test.junit.AutoTests" name="[73] /home/travis/build/icyphy/ptII/ptolemy/domains/de/test/auto/Trilateration.xml (RunModel)" time="17.659" />
  <testcase classname="ptolemy.util.test.junit.AutoTests" name="[74] /home/travis/build/icyphy/ptII/ptolemy/domains/de/test/auto/TwoSigmaDelta.xml (RunModel)" time="2.602" />
  <testcase classname="ptolemy.util.test.junit.AutoTests" name="[75] /home/travis/build/icyphy/ptII/ptolemy/domains/de/test/auto/VariableDelay.xml (RunModel)" time="0.02" />
  <testcase classname="ptolemy.util.test.junit.AutoTests" name="[76] /home/travis/build/icyphy/ptII/ptolemy/domains/de/test/auto/VariableDelay2.xml (RunModel)" time="0.018" />
  <testcase classname="ptolemy.util.test.junit.AutoTests" name="[77] /home/travis/build/icyphy/ptII/ptolemy/domains/de/test/auto/VariableDelayZeroDelay.xml (RunModel)" time="0.021" />
  <testcase classname="ptolemy.util.test.junit.AutoTests" name="[78] /home/travis/build/icyphy/ptII/ptolemy/domains/de/test/auto/VariableDelayZeroDelay2.xml (RunModel)" time="0.038" />
  <testcase classname="ptolemy.util.test.junit.AutoTests" name="[79] /home/travis/build/icyphy/ptII/ptolemy/domains/de/test/auto/deInCt.xml (RunModel)" time="0.03" />
  <testcase classname="ptolemy.util.test.junit.AutoTests" name="[80] /home/travis/build/icyphy/ptII/ptolemy/domains/de/test/auto/deInCt2.xml (RunModel)" time="0.027" />
  <testcase classname="ptolemy.util.test.junit.AutoTests" name="[81] /home/travis/build/icyphy/ptII/ptolemy/domains/de/test/auto/dynamicCausalityInterface1.xml (RunModel)" time="0.041" />
  <testcase classname="ptolemy.util.test.junit.AutoTests" name="[82] /home/travis/build/icyphy/ptII/ptolemy/domains/de/test/auto/fsm_de_test.xml (RunModel)" time="0.052" />
  <testcase classname="ptolemy.util.test.junit.AutoTests" name="[83] /home/travis/build/icyphy/ptII/ptolemy/domains/de/test/auto/functionDependencyReconstruction.xml (RunModel)" time="0.058" />
  <testcase classname="ptolemy.util.test.junit.AutoTests" name="[84] /home/travis/build/icyphy/ptII/ptolemy/domains/de/test/auto/multirate.xml (RunModel)" time="0.034" />
  <testcase classname="ptolemy.util.test.junit.AutoTests" name="[85] /home/travis/build/icyphy/ptII/ptolemy/domains/de/test/auto/multirate2.xml (RunModel)" time="0.032" />
  <testcase classname="ptolemy.util.test.junit.AutoTests" name="[86] /home/travis/build/icyphy/ptII/ptolemy/domains/de/test/auto/realtime.xml (RunModel)" time="10.019" />
  <testcase classname="ptolemy.util.test.junit.AutoTests" name="[87] /home/travis/build/icyphy/ptII/ptolemy/domains/de/test/auto/relationGroup.xml (RunModel)" time="0.017" />
  <testcase classname="ptolemy.util.test.junit.AutoTests" name="[88] /home/travis/build/icyphy/ptII/ptolemy/domains/de/test/auto/relationGroup2.xml (RunModel)" time="0.015" />
  <testcase classname="ptolemy.util.test.junit.AutoTests" name="[89] /home/travis/build/icyphy/ptII/ptolemy/domains/de/test/auto/sortWithOpaquePorts.xml (RunModel)" time="0.02" />
  <testcase classname="ptolemy.util.test.junit.AutoTests" name="[90] /home/travis/build/icyphy/ptII/ptolemy/domains/de/test/auto/transferInputsandOutputs.xml (RunModel)" time="0.028" />
  <testcase classname="ptolemy.util.test.junit.AutoTests" name="[91] /home/travis/build/icyphy/ptII/ptolemy/domains/de/test/auto/triggerType.xml (RunModel)" time="0.022" />
  <system-out><![CDATA[/home/travis/build/icyphy/ptII/ptolemy/domains/de/test/DependencyLoop.tcl
testDefs.tcl: setting time out to 9000 seconds at Wed May 30 16:10:42 UTC 2018
26 ms. Memory: 116224K Free: 95028K (82%)
15 ms. Memory: 146944K Free: 138591K (94%)
/home/travis/build/icyphy/ptII/ptolemy/domains/de/test/RunDETestsAsQSS.tcl
Run the DE tests using ptolemy.domains.qss.test.QSSDirectorTest, which extends QSSDirector and prints a message in the constructors.
------------------ testing $PTII/ptolemy/domains/de/test/auto/knownFailedTests/dependencyLoop.xml (Known Failure) 
42 ms. Memory: 146944K Free: 134316K (91%)


==== $PTIIhome/travis/build/icyphy/ptII/ptolemy/domains/de/test/../../../../: Auto Automatic test in file $PTII/ptolemy/domains/de/test/auto/knownFailedTests/dependencyLoop.xml
==== Contents of test case:

	    # FIXME: we should use $relativeFilename here, but it
	    # might have backslashes under Windows, which causes no end
	    # of trouble.
	    createAndExecute $file
	    list {}
	
.... Test generated KNOWN error:
    while executing
ptolemy.kernel.util.IllegalActionException: Found a zero delay loop containing .dependencyLoop.original
  in .dependencyLoop and .dependencyLoop.original
	at ptolemy.actor.util.CausalityInterfaceForComposites._computeOutputPortDepth(CausalityInterfaceForComposites.java:759)
	at ptolemy.actor.util.CausalityInterfaceForComposites._computeInputDepth(CausalityInterfaceForComposites.java:696)
	at ptolemy.actor.util.CausalityInterfaceForComposites._computeOutputPortDepth(CausalityInterfaceForComposites.java:765)
	at ptolemy.actor.util.CausalityInterfaceForComposites._computeInputDepth(CausalityInterfaceForComposites.java:696)
	at ptolemy.actor.util.CausalityInterfaceForComposites._computeOutputPortDepth(CausalityInterfaceForComposites.java:765)
	at ptolemy.actor.util.CausalityInterfaceForComposites._computeInputDepth(CausalityInterfaceForComposites.java:696)
	at ptolemy.actor.util.CausalityInterfaceForComposites._computeActorDepth(CausalityInterfaceForComposites.java:532)
	at ptolemy.actor.util.CausalityInterfaceForComposites.checkForCycles(CausalityInterfaceForComposites.java:96)
	at ptolemy.domains.de.kernel.DEDirector.preinitialize(DEDirector.java:1337)
	at ptolemy.actor.CompositeActor.preinitialize(CompositeActor.java:1828)
	at ptolemy.actor.Manager.preinitializeAndResolveTypes(Manager.java:1040)
	at ptolemy.actor.Manager.initialize(Manager.java:710)
	at ptolemy.actor.Manager.execute(Manager.java:356)
	at ptolemy.actor.Manager.run(Manager.java:1263)
	at ptolemy.actor.Manager$PtolemyRunThread.run(Manager.java:1915)

    while executing
ptolemy.kernel.util.IllegalActionException: Found a zero delay loop containing .dependencyLoop.original
  in .dependencyLoop and .dependencyLoop.original
    while executing
"java::new ptolemy.moml.MoMLSimpleApplication $file
"
    (procedure "createAndExecute" line 2)
    invoked from within
"createAndExecute $file"
    ("uplevel" body line 5)
    invoked from within
"uplevel $contents_of_test"
------------------ testing $PTII/ptolemy/domains/de/test/auto/knownFailedTests/DESDFClockTest.xml (Known Failure) 
2071 ms. Memory: 146944K Free: 118863K (81%)


==== $PTIIhome/travis/build/icyphy/ptII/ptolemy/domains/de/test/../../../../: Auto Automatic test in file $PTII/ptolemy/domains/de/test/auto/knownFailedTests/DESDFClockTest.xml
==== Contents of test case:

	    # FIXME: we should use $relativeFilename here, but it
	    # might have backslashes under Windows, which causes no end
	    # of trouble.
	    createAndExecute $file
	    list {}
	
.... Test generated KNOWN error:
    while executing
ptolemy.kernel.util.IllegalActionException: Actor is not ready to fire.  Perhaps UpSample.prefire() returned false? Try debugging the actor by selecting "Listen to Actor".  Also, for SDF check moml for tokenConsumptionRate on input.
  in .DESDFClockTest.Play Bell.Copy1:SDF Director and .DESDFClockTest.Play Bell.UpSample
	at ptolemy.actor.sched.StaticSchedulingDirector.fire(StaticSchedulingDirector.java:227)
	at ptolemy.domains.sdf.kernel.SDFDirector.fire(SDFDirector.java:500)
	at ptolemy.actor.CompositeActor.fire(CompositeActor.java:455)
	at ptolemy.domains.de.kernel.DEDirector._fire(DEDirector.java:1948)
	at ptolemy.domains.de.kernel.DEDirector.fire(DEDirector.java:502)
	at ptolemy.actor.CompositeActor.fire(CompositeActor.java:455)
	at ptolemy.actor.Manager.iterate(Manager.java:851)
	at ptolemy.actor.Manager.execute(Manager.java:369)
	at ptolemy.actor.Manager.run(Manager.java:1263)
	at ptolemy.actor.Manager$PtolemyRunThread.run(Manager.java:1915)

    while executing
ptolemy.kernel.util.IllegalActionException: Actor is not ready to fire.  Perhaps UpSample.prefire() returned false? Try debugging the actor by selecting "Listen to Actor".  Also, for SDF check moml for tokenConsumptionRate on input.
  in .DESDFClockTest.Play Bell.Copy1:SDF Director and .DESDFClockTest.Play Bell.UpSample
    while executing
"java::new ptolemy.moml.MoMLSimpleApplication $file
"
    (procedure "createAndExecute" line 2)
    invoked from within
"createAndExecute $file"
    ("uplevel" body line 5)
    invoked from within
"uplevel $contents_of_test"
------------------ testing $PTII/ptolemy/domains/de/test/auto/knownFailedTests/FSMSource.xml (Known Failure) 
93 ms. Memory: 146944K Free: 109880K (75%)
!!!! Auto was marked as failing, but now passes
------------------ testing $PTII/ptolemy/domains/de/test/auto/knownFailedTests/dependencyLoop2.xml (Known Failure) 
24 ms. Memory: 146944K Free: 107997K (73%)


==== $PTIIhome/travis/build/icyphy/ptII/ptolemy/domains/de/test/../../../../: Auto Automatic test in file $PTII/ptolemy/domains/de/test/auto/knownFailedTests/dependencyLoop2.xml
==== Contents of test case:

	    # FIXME: we should use $relativeFilename here, but it
	    # might have backslashes under Windows, which causes no end
	    # of trouble.
	    createAndExecute $file
	    list {}
	
.... Test generated KNOWN error:
    while executing
ptolemy.kernel.util.IllegalActionException: Found a zero delay loop containing .dependencyLoop2.original
  in .dependencyLoop2 and .dependencyLoop2.original
	at ptolemy.actor.util.CausalityInterfaceForComposites._computeOutputPortDepth(CausalityInterfaceForComposites.java:759)
	at ptolemy.actor.util.CausalityInterfaceForComposites._computeInputDepth(CausalityInterfaceForComposites.java:696)
	at ptolemy.actor.util.CausalityInterfaceForComposites._computeOutputPortDepth(CausalityInterfaceForComposites.java:765)
	at ptolemy.actor.util.CausalityInterfaceForComposites._computeInputDepth(CausalityInterfaceForComposites.java:696)
	at ptolemy.actor.util.CausalityInterfaceForComposites._computeOutputPortDepth(CausalityInterfaceForComposites.java:765)
	at ptolemy.actor.util.CausalityInterfaceForComposites._computeInputDepth(CausalityInterfaceForComposites.java:696)
	at ptolemy.actor.util.CausalityInterfaceForComposites._computeActorDepth(CausalityInterfaceForComposites.java:532)
	at ptolemy.actor.util.CausalityInterfaceForComposites.checkForCycles(CausalityInterfaceForComposites.java:96)
	at ptolemy.domains.de.kernel.DEDirector.preinitialize(DEDirector.java:1337)
	at ptolemy.actor.CompositeActor.preinitialize(CompositeActor.java:1828)
	at ptolemy.actor.Manager.preinitializeAndResolveTypes(Manager.java:1040)
	at ptolemy.actor.Manager.initialize(Manager.java:710)
	at ptolemy.actor.Manager.execute(Manager.java:356)
	at ptolemy.actor.Manager.run(Manager.java:1263)
	at ptolemy.actor.Manager$PtolemyRunThread.run(Manager.java:1915)

    while executing
ptolemy.kernel.util.IllegalActionException: Found a zero delay loop containing .dependencyLoop2.original
  in .dependencyLoop2 and .dependencyLoop2.original
    while executing
"java::new ptolemy.moml.MoMLSimpleApplication $file
"
    (procedure "createAndExecute" line 2)
    invoked from within
"createAndExecute $file"
    ("uplevel" body line 5)
    invoked from within
"uplevel $contents_of_test"
------------------ testing $PTII/ptolemy/domains/de/test/auto/knownFailedTests/HierarchicalModel.xml (Known Failure) 
13 ms. Memory: 146944K Free: 87435K (60%)


==== $PTIIhome/travis/build/icyphy/ptII/ptolemy/domains/de/test/../../../../: Auto Automatic test in file $PTII/ptolemy/domains/de/test/auto/knownFailedTests/HierarchicalModel.xml
==== Contents of test case:

	    # FIXME: we should use $relativeFilename here, but it
	    # might have backslashes under Windows, which causes no end
	    # of trouble.
	    createAndExecute $file
	    list {}
	
.... Test generated KNOWN error:
    while executing
ptolemy.kernel.util.IllegalActionException: Found a zero delay loop containing .HierarchicalModel.A
  in .HierarchicalModel and .HierarchicalModel.A
	at ptolemy.actor.util.CausalityInterfaceForComposites._computeOutputPortDepth(CausalityInterfaceForComposites.java:759)
	at ptolemy.actor.util.CausalityInterfaceForComposites._computeInputDepth(CausalityInterfaceForComposites.java:696)
	at ptolemy.actor.util.CausalityInterfaceForComposites._computeOutputPortDepth(CausalityInterfaceForComposites.java:765)
	at ptolemy.actor.util.CausalityInterfaceForComposites._computeInputDepth(CausalityInterfaceForComposites.java:696)
	at ptolemy.actor.util.CausalityInterfaceForComposites._computeOutputPortDepth(CausalityInterfaceForComposites.java:765)
	at ptolemy.actor.util.CausalityInterfaceForComposites._computeInputDepth(CausalityInterfaceForComposites.java:696)
	at ptolemy.actor.util.CausalityInterfaceForComposites._computeActorDepth(CausalityInterfaceForComposites.java:532)
	at ptolemy.actor.util.CausalityInterfaceForComposites.checkForCycles(CausalityInterfaceForComposites.java:96)
	at ptolemy.domains.de.kernel.DEDirector.preinitialize(DEDirector.java:1337)
	at ptolemy.actor.CompositeActor.preinitialize(CompositeActor.java:1828)
	at ptolemy.actor.Manager.preinitializeAndResolveTypes(Manager.java:1040)
	at ptolemy.actor.Manager.initialize(Manager.java:710)
	at ptolemy.actor.Manager.execute(Manager.java:356)
	at ptolemy.actor.Manager.run(Manager.java:1263)
	at ptolemy.actor.Manager$PtolemyRunThread.run(Manager.java:1915)

    while executing
ptolemy.kernel.util.IllegalActionException: Found a zero delay loop containing .HierarchicalModel.A
  in .HierarchicalModel and .HierarchicalModel.A
    while executing
"java::new ptolemy.moml.MoMLSimpleApplication $file
"
    (procedure "createAndExecute" line 2)
    invoked from within
"createAndExecute $file"
    ("uplevel" body line 5)
    invoked from within
"uplevel $contents_of_test"
------------------ testing $PTII/ptolemy/domains/de/test/auto/knownFailedTests/DirectFeedback.xml (Known Failure) 
18 ms. Memory: 146944K Free: 82103K (56%)


==== $PTIIhome/travis/build/icyphy/ptII/ptolemy/domains/de/test/../../../../: Auto Automatic test in file $PTII/ptolemy/domains/de/test/auto/knownFailedTests/DirectFeedback.xml
==== Contents of test case:

	    # FIXME: we should use $relativeFilename here, but it
	    # might have backslashes under Windows, which causes no end
	    # of trouble.
	    createAndExecute $file
	    list {}
	
.... Test generated KNOWN error:
    while executing
ptolemy.kernel.util.IllegalActionException: Test fails in iteration 1.
Value was: 1.0. Should have been: 2.0
  in .DirectFeedback.Test
	at ptolemy.actor.lib.Test.fire(Test.java:268)
	at ptolemy.domains.de.kernel.DEDirector._fire(DEDirector.java:1948)
	at ptolemy.domains.de.kernel.DEDirector.fire(DEDirector.java:502)
	at ptolemy.actor.CompositeActor.fire(CompositeActor.java:455)
	at ptolemy.actor.Manager.iterate(Manager.java:851)
	at ptolemy.actor.Manager.execute(Manager.java:369)
	at ptolemy.actor.Manager.run(Manager.java:1263)
	at ptolemy.actor.Manager$PtolemyRunThread.run(Manager.java:1915)

    while executing
ptolemy.kernel.util.IllegalActionException: Test fails in iteration 1.
Value was: 1.0. Should have been: 2.0
  in .DirectFeedback.Test
    while executing
"java::new ptolemy.moml.MoMLSimpleApplication $file
"
    (procedure "createAndExecute" line 2)
    invoked from within
"createAndExecute $file"
    ("uplevel" body line 5)
    invoked from within
"uplevel $contents_of_test"
------------------ testing $PTII/ptolemy/domains/de/test/auto/ActorDepthCalculation_actorWithoutPorts.xml
auto.tcl: Setting watchdog for 200 seconds at Wed May 30 16:10:47 UTC 2018
11 ms. Memory: 146944K Free: 134792K (92%)
ptolemy.util.test.WatchDog.cancel(): canceling Wed May 30 16:10:47 UTC 2018
auto.tcl: Setting watchdog for 200 seconds at Wed May 30 16:10:47 UTC 2018
6 ms. Memory: 146944K Free: 133759K (91%)
ptolemy.util.test.WatchDog.cancel(): canceling Wed May 30 16:10:47 UTC 2018
------------------ testing $PTII/ptolemy/domains/de/test/auto/AssemblyLine.xml
auto.tcl: Setting watchdog for 200 seconds at Wed May 30 16:10:47 UTC 2018
29 ms. Memory: 208384K Free: 181524K (87%)
ptolemy.util.test.WatchDog.cancel(): canceling Wed May 30 16:10:48 UTC 2018
auto.tcl: Setting watchdog for 200 seconds at Wed May 30 16:10:48 UTC 2018
17 ms. Memory: 208384K Free: 181524K (87%)
ptolemy.util.test.WatchDog.cancel(): canceling Wed May 30 16:10:48 UTC 2018
------------------ testing $PTII/ptolemy/domains/de/test/auto/CQBug1.xml
auto.tcl: Setting watchdog for 200 seconds at Wed May 30 16:10:48 UTC 2018
7 ms. Memory: 208384K Free: 196443K (94%)
ptolemy.util.test.WatchDog.cancel(): canceling Wed May 30 16:10:48 UTC 2018
auto.tcl: Setting watchdog for 200 seconds at Wed May 30 16:10:48 UTC 2018
4 ms. Memory: 208384K Free: 196443K (94%)
ptolemy.util.test.WatchDog.cancel(): canceling Wed May 30 16:10:48 UTC 2018
------------------ testing $PTII/ptolemy/domains/de/test/auto/CancelFireAt.xml
auto.tcl: Setting watchdog for 200 seconds at Wed May 30 16:10:48 UTC 2018
15 ms. Memory: 208384K Free: 201411K (97%)
ptolemy.util.test.WatchDog.cancel(): canceling Wed May 30 16:10:48 UTC 2018
auto.tcl: Setting watchdog for 200 seconds at Wed May 30 16:10:48 UTC 2018
4 ms. Memory: 208384K Free: 199289K (96%)
ptolemy.util.test.WatchDog.cancel(): canceling Wed May 30 16:10:48 UTC 2018
------------------ testing $PTII/ptolemy/domains/de/test/auto/CausalityAndComposabilityAnalysis.xml
auto.tcl: Setting watchdog for 200 seconds at Wed May 30 16:10:48 UTC 2018
13 ms. Memory: 208384K Free: 198550K (95%)
ptolemy.util.test.WatchDog.cancel(): canceling Wed May 30 16:10:48 UTC 2018
auto.tcl: Setting watchdog for 200 seconds at Wed May 30 16:10:48 UTC 2018
16 ms. Memory: 208384K Free: 196429K (94%)
ptolemy.util.test.WatchDog.cancel(): canceling Wed May 30 16:10:48 UTC 2018
------------------ testing $PTII/ptolemy/domains/de/test/auto/CausalityInterface1.xml
auto.tcl: Setting watchdog for 200 seconds at Wed May 30 16:10:48 UTC 2018
35 ms. Memory: 208384K Free: 196366K (94%)
ptolemy.util.test.WatchDog.cancel(): canceling Wed May 30 16:10:49 UTC 2018
auto.tcl: Setting watchdog for 200 seconds at Wed May 30 16:10:49 UTC 2018
14 ms. Memory: 208384K Free: 196366K (94%)
ptolemy.util.test.WatchDog.cancel(): canceling Wed May 30 16:10:49 UTC 2018
------------------ testing $PTII/ptolemy/domains/de/test/auto/CausalityInterface15.xml
auto.tcl: Setting watchdog for 200 seconds at Wed May 30 16:10:49 UTC 2018
28 ms. Memory: 208384K Free: 196357K (94%)
ptolemy.util.test.WatchDog.cancel(): canceling Wed May 30 16:10:49 UTC 2018
auto.tcl: Setting watchdog for 200 seconds at Wed May 30 16:10:49 UTC 2018
14 ms. Memory: 208384K Free: 196357K (94%)
ptolemy.util.test.WatchDog.cancel(): canceling Wed May 30 16:10:49 UTC 2018
------------------ testing $PTII/ptolemy/domains/de/test/auto/CausalityInterface2.xml
auto.tcl: Setting watchdog for 200 seconds at Wed May 30 16:10:49 UTC 2018
7 ms. Memory: 208384K Free: 196340K (94%)
ptolemy.util.test.WatchDog.cancel(): canceling Wed May 30 16:10:49 UTC 2018
auto.tcl: Setting watchdog for 200 seconds at Wed May 30 16:10:49 UTC 2018
15 ms. Memory: 208384K Free: 196340K (94%)
ptolemy.util.test.WatchDog.cancel(): canceling Wed May 30 16:10:49 UTC 2018
------------------ testing $PTII/ptolemy/domains/de/test/auto/CausalityInterface3.xml
auto.tcl: Setting watchdog for 200 seconds at Wed May 30 16:10:49 UTC 2018
11 ms. Memory: 208384K Free: 196353K (94%)
ptolemy.util.test.WatchDog.cancel(): canceling Wed May 30 16:10:49 UTC 2018
auto.tcl: Setting watchdog for 200 seconds at Wed May 30 16:10:49 UTC 2018
6 ms. Memory: 208384K Free: 196353K (94%)
ptolemy.util.test.WatchDog.cancel(): canceling Wed May 30 16:10:49 UTC 2018
------------------ testing $PTII/ptolemy/domains/de/test/auto/ClockDrift.xml
auto.tcl: Setting watchdog for 200 seconds at Wed May 30 16:10:49 UTC 2018
177 ms. Memory: 208384K Free: 187520K (90%)
ptolemy.util.test.WatchDog.cancel(): canceling Wed May 30 16:10:49 UTC 2018
auto.tcl: Setting watchdog for 200 seconds at Wed May 30 16:10:49 UTC 2018
73 ms. Memory: 208384K Free: 185398K (89%)
ptolemy.util.test.WatchDog.cancel(): canceling Wed May 30 16:10:49 UTC 2018
------------------ testing $PTII/ptolemy/domains/de/test/auto/ClockDriftAndValueChange.xml
auto.tcl: Setting watchdog for 200 seconds at Wed May 30 16:10:50 UTC 2018
43 ms. Memory: 208384K Free: 187355K (90%)
ptolemy.util.test.WatchDog.cancel(): canceling Wed May 30 16:10:50 UTC 2018
auto.tcl: Setting watchdog for 200 seconds at Wed May 30 16:10:50 UTC 2018
42 ms. Memory: 208384K Free: 185233K (89%)
ptolemy.util.test.WatchDog.cancel(): canceling Wed May 30 16:10:50 UTC 2018
------------------ testing $PTII/ptolemy/domains/de/test/auto/ClockDriftChange.xml
auto.tcl: Setting watchdog for 200 seconds at Wed May 30 16:10:50 UTC 2018
33 ms. Memory: 208384K Free: 190706K (92%)
ptolemy.util.test.WatchDog.cancel(): canceling Wed May 30 16:10:50 UTC 2018
auto.tcl: Setting watchdog for 200 seconds at Wed May 30 16:10:50 UTC 2018
54 ms. Memory: 208384K Free: 188585K (90%)
ptolemy.util.test.WatchDog.cancel(): canceling Wed May 30 16:10:50 UTC 2018
------------------ testing $PTII/ptolemy/domains/de/test/auto/ComposableCausalityAnalysis.xml
auto.tcl: Setting watchdog for 200 seconds at Wed May 30 16:10:50 UTC 2018
4 ms. Memory: 208384K Free: 196207K (94%)
ptolemy.util.test.WatchDog.cancel(): canceling Wed May 30 16:10:50 UTC 2018
auto.tcl: Setting watchdog for 200 seconds at Wed May 30 16:10:50 UTC 2018
7 ms. Memory: 208384K Free: 194085K (93%)
ptolemy.util.test.WatchDog.cancel(): canceling Wed May 30 16:10:50 UTC 2018
------------------ testing $PTII/ptolemy/domains/de/test/auto/DEFixedPointLimitation.xml
auto.tcl: Setting watchdog for 200 seconds at Wed May 30 16:10:50 UTC 2018
4 ms. Memory: 208384K Free: 198409K (95%)
ptolemy.util.test.WatchDog.cancel(): canceling Wed May 30 16:10:50 UTC 2018
auto.tcl: Setting watchdog for 200 seconds at Wed May 30 16:10:50 UTC 2018
3 ms. Memory: 208384K Free: 196284K (94%)
ptolemy.util.test.WatchDog.cancel(): canceling Wed May 30 16:10:50 UTC 2018
------------------ testing $PTII/ptolemy/domains/de/test/auto/DEScheduleTest.xml
auto.tcl: Setting watchdog for 200 seconds at Wed May 30 16:10:50 UTC 2018
14 ms. Memory: 208384K Free: 198444K (95%)
ptolemy.util.test.WatchDog.cancel(): canceling Wed May 30 16:10:50 UTC 2018
auto.tcl: Setting watchdog for 200 seconds at Wed May 30 16:10:50 UTC 2018
13 ms. Memory: 208384K Free: 196323K (94%)
ptolemy.util.test.WatchDog.cancel(): canceling Wed May 30 16:10:51 UTC 2018
------------------ testing $PTII/ptolemy/domains/de/test/auto/DEinDEwithStartTimes.xml
auto.tcl: Setting watchdog for 200 seconds at Wed May 30 16:10:51 UTC 2018
22 ms. Memory: 208384K Free: 196291K (94%)
ptolemy.util.test.WatchDog.cancel(): canceling Wed May 30 16:10:51 UTC 2018
auto.tcl: Setting watchdog for 200 seconds at Wed May 30 16:10:51 UTC 2018
14 ms. Memory: 208384K Free: 194170K (93%)
ptolemy.util.test.WatchDog.cancel(): canceling Wed May 30 16:10:51 UTC 2018
------------------ testing $PTII/ptolemy/domains/de/test/auto/DEinDEwithStartTimes2.xml
auto.tcl: Setting watchdog for 200 seconds at Wed May 30 16:10:51 UTC 2018
23 ms. Memory: 208384K Free: 196161K (94%)
ptolemy.util.test.WatchDog.cancel(): canceling Wed May 30 16:10:51 UTC 2018
auto.tcl: Setting watchdog for 200 seconds at Wed May 30 16:10:51 UTC 2018
9 ms. Memory: 208384K Free: 194040K (93%)
ptolemy.util.test.WatchDog.cancel(): canceling Wed May 30 16:10:51 UTC 2018
------------------ testing $PTII/ptolemy/domains/de/test/auto/DateDemo.xml
auto.tcl: Setting watchdog for 200 seconds at Wed May 30 16:10:51 UTC 2018
33 ms. Memory: 208384K Free: 188533K (90%)
ptolemy.util.test.WatchDog.cancel(): canceling Wed May 30 16:10:51 UTC 2018
auto.tcl: Setting watchdog for 200 seconds at Wed May 30 16:10:51 UTC 2018
23 ms. Memory: 208384K Free: 186412K (89%)
ptolemy.util.test.WatchDog.cancel(): canceling Wed May 30 16:10:51 UTC 2018
------------------ testing $PTII/ptolemy/domains/de/test/auto/DateToEvent.xml
auto.tcl: Setting watchdog for 200 seconds at Wed May 30 16:10:51 UTC 2018
2030 ms. Memory: 208384K Free: 183166K (88%)
ptolemy.util.test.WatchDog.cancel(): canceling Wed May 30 16:10:54 UTC 2018
auto.tcl: Setting watchdog for 200 seconds at Wed May 30 16:10:54 UTC 2018
2015 ms. Memory: 208384K Free: 183166K (88%)
ptolemy.util.test.WatchDog.cancel(): canceling Wed May 30 16:10:56 UTC 2018
------------------ testing $PTII/ptolemy/domains/de/test/auto/DepthTest1.xml
auto.tcl: Setting watchdog for 200 seconds at Wed May 30 16:10:56 UTC 2018
11 ms. Memory: 208384K Free: 197536K (95%)
ptolemy.util.test.WatchDog.cancel(): canceling Wed May 30 16:10:56 UTC 2018
auto.tcl: Setting watchdog for 200 seconds at Wed May 30 16:10:56 UTC 2018
4 ms. Memory: 208384K Free: 197536K (95%)
ptolemy.util.test.WatchDog.cancel(): canceling Wed May 30 16:10:56 UTC 2018
------------------ testing $PTII/ptolemy/domains/de/test/auto/DepthTest2.xml
auto.tcl: Setting watchdog for 200 seconds at Wed May 30 16:10:56 UTC 2018
6 ms. Memory: 208384K Free: 193724K (93%)
ptolemy.util.test.WatchDog.cancel(): canceling Wed May 30 16:10:56 UTC 2018
auto.tcl: Setting watchdog for 200 seconds at Wed May 30 16:10:56 UTC 2018
5 ms. Memory: 208384K Free: 193724K (93%)
ptolemy.util.test.WatchDog.cancel(): canceling Wed May 30 16:10:56 UTC 2018
------------------ testing $PTII/ptolemy/domains/de/test/auto/DepthTest3.xml
auto.tcl: Setting watchdog for 200 seconds at Wed May 30 16:10:56 UTC 2018
14 ms. Memory: 208384K Free: 197868K (95%)
ptolemy.util.test.WatchDog.cancel(): canceling Wed May 30 16:10:56 UTC 2018
auto.tcl: Setting watchdog for 200 seconds at Wed May 30 16:10:56 UTC 2018
4 ms. Memory: 208384K Free: 197868K (95%)
ptolemy.util.test.WatchDog.cancel(): canceling Wed May 30 16:10:56 UTC 2018
------------------ testing $PTII/ptolemy/domains/de/test/auto/DepthTest4.xml
auto.tcl: Setting watchdog for 200 seconds at Wed May 30 16:10:56 UTC 2018
16 ms. Memory: 208384K Free: 195832K (94%)
ptolemy.util.test.WatchDog.cancel(): canceling Wed May 30 16:10:56 UTC 2018
auto.tcl: Setting watchdog for 200 seconds at Wed May 30 16:10:56 UTC 2018
5 ms. Memory: 208384K Free: 195832K (94%)
ptolemy.util.test.WatchDog.cancel(): canceling Wed May 30 16:10:56 UTC 2018
------------------ testing $PTII/ptolemy/domains/de/test/auto/DepthTest5.xml
auto.tcl: Setting watchdog for 200 seconds at Wed May 30 16:10:56 UTC 2018
7 ms. Memory: 208384K Free: 195780K (94%)
ptolemy.util.test.WatchDog.cancel(): canceling Wed May 30 16:10:56 UTC 2018
auto.tcl: Setting watchdog for 200 seconds at Wed May 30 16:10:56 UTC 2018
15 ms. Memory: 208384K Free: 195780K (94%)
ptolemy.util.test.WatchDog.cancel(): canceling Wed May 30 16:10:56 UTC 2018
------------------ testing $PTII/ptolemy/domains/de/test/auto/DepthTest6.xml
auto.tcl: Setting watchdog for 200 seconds at Wed May 30 16:10:56 UTC 2018
15 ms. Memory: 208384K Free: 196079K (94%)
ptolemy.util.test.WatchDog.cancel(): canceling Wed May 30 16:10:56 UTC 2018
auto.tcl: Setting watchdog for 200 seconds at Wed May 30 16:10:56 UTC 2018
6 ms. Memory: 208384K Free: 196079K (94%)
ptolemy.util.test.WatchDog.cancel(): canceling Wed May 30 16:10:56 UTC 2018
------------------ testing $PTII/ptolemy/domains/de/test/auto/DepthTest7.xml
auto.tcl: Setting watchdog for 200 seconds at Wed May 30 16:10:56 UTC 2018
9 ms. Memory: 208384K Free: 195738K (94%)
ptolemy.util.test.WatchDog.cancel(): canceling Wed May 30 16:10:57 UTC 2018
auto.tcl: Setting watchdog for 200 seconds at Wed May 30 16:10:57 UTC 2018
4 ms. Memory: 208384K Free: 195738K (94%)
ptolemy.util.test.WatchDog.cancel(): canceling Wed May 30 16:10:57 UTC 2018
------------------ testing $PTII/ptolemy/domains/de/test/auto/EventToDate.xml
auto.tcl: Setting watchdog for 200 seconds at Wed May 30 16:10:57 UTC 2018
3019 ms. Memory: 208384K Free: 182693K (88%)
ptolemy.util.test.WatchDog.cancel(): canceling Wed May 30 16:11:00 UTC 2018
auto.tcl: Setting watchdog for 200 seconds at Wed May 30 16:11:00 UTC 2018
3019 ms. Memory: 208384K Free: 182693K (88%)
ptolemy.util.test.WatchDog.cancel(): canceling Wed May 30 16:11:03 UTC 2018
------------------ testing $PTII/ptolemy/domains/de/test/auto/FSM1.xml
auto.tcl: Setting watchdog for 200 seconds at Wed May 30 16:11:03 UTC 2018
61 ms. Memory: 208384K Free: 188635K (91%)
ptolemy.util.test.WatchDog.cancel(): canceling Wed May 30 16:11:03 UTC 2018
auto.tcl: Setting watchdog for 200 seconds at Wed May 30 16:11:03 UTC 2018
38 ms. Memory: 208384K Free: 184392K (88%)
ptolemy.util.test.WatchDog.cancel(): canceling Wed May 30 16:11:03 UTC 2018
------------------ testing $PTII/ptolemy/domains/de/test/auto/FSM7.xml
auto.tcl: Setting watchdog for 200 seconds at Wed May 30 16:11:03 UTC 2018
54 ms. Memory: 208384K Free: 186715K (90%)
ptolemy.util.test.WatchDog.cancel(): canceling Wed May 30 16:11:03 UTC 2018
auto.tcl: Setting watchdog for 200 seconds at Wed May 30 16:11:03 UTC 2018
64 ms. Memory: 208384K Free: 184593K (89%)
ptolemy.util.test.WatchDog.cancel(): canceling Wed May 30 16:11:03 UTC 2018
------------------ testing $PTII/ptolemy/domains/de/test/auto/Inspection.xml
auto.tcl: Setting watchdog for 200 seconds at Wed May 30 16:11:03 UTC 2018
54 ms. Memory: 208384K Free: 187929K (90%)
ptolemy.util.test.WatchDog.cancel(): canceling Wed May 30 16:11:04 UTC 2018
auto.tcl: Setting watchdog for 200 seconds at Wed May 30 16:11:04 UTC 2018
48 ms. Memory: 208384K Free: 185807K (89%)
ptolemy.util.test.WatchDog.cancel(): canceling Wed May 30 16:11:04 UTC 2018
------------------ testing $PTII/ptolemy/domains/de/test/auto/Iteration.xml
auto.tcl: Setting watchdog for 200 seconds at Wed May 30 16:11:04 UTC 2018
26 ms. Memory: 208384K Free: 195768K (94%)
ptolemy.util.test.WatchDog.cancel(): canceling Wed May 30 16:11:04 UTC 2018
auto.tcl: Setting watchdog for 200 seconds at Wed May 30 16:11:04 UTC 2018
23 ms. Memory: 208384K Free: 193647K (93%)
ptolemy.util.test.WatchDog.cancel(): canceling Wed May 30 16:11:04 UTC 2018
------------------ testing $PTII/ptolemy/domains/de/test/auto/LineFault.xml
auto.tcl: Setting watchdog for 200 seconds at Wed May 30 16:11:04 UTC 2018
1225 ms. Memory: 208384K Free: 194613K (93%)
ptolemy.util.test.WatchDog.cancel(): canceling Wed May 30 16:11:06 UTC 2018
auto.tcl: Setting watchdog for 200 seconds at Wed May 30 16:11:06 UTC 2018
908 ms. Memory: 208384K Free: 138552K (66%)
ptolemy.util.test.WatchDog.cancel(): canceling Wed May 30 16:11:07 UTC 2018
------------------ testing $PTII/ptolemy/domains/de/test/auto/MergeModel1Add.xml
auto.tcl: Setting watchdog for 200 seconds at Wed May 30 16:11:07 UTC 2018
41 ms. Memory: 331264K Free: 302326K (91%)
ptolemy.util.test.WatchDog.cancel(): canceling Wed May 30 16:11:07 UTC 2018
auto.tcl: Setting watchdog for 200 seconds at Wed May 30 16:11:07 UTC 2018
26 ms. Memory: 331264K Free: 298392K (90%)
ptolemy.util.test.WatchDog.cancel(): canceling Wed May 30 16:11:07 UTC 2018
------------------ testing $PTII/ptolemy/domains/de/test/auto/MergeModel2Add.xml
auto.tcl: Setting watchdog for 200 seconds at Wed May 30 16:11:07 UTC 2018
21 ms. Memory: 331264K Free: 303664K (92%)
ptolemy.util.test.WatchDog.cancel(): canceling Wed May 30 16:11:07 UTC 2018
auto.tcl: Setting watchdog for 200 seconds at Wed May 30 16:11:07 UTC 2018
16 ms. Memory: 331264K Free: 299730K (90%)
ptolemy.util.test.WatchDog.cancel(): canceling Wed May 30 16:11:07 UTC 2018
------------------ testing $PTII/ptolemy/domains/de/test/auto/MergeModel3Add.xml
auto.tcl: Setting watchdog for 200 seconds at Wed May 30 16:11:07 UTC 2018
14 ms. Memory: 331264K Free: 303675K (92%)
ptolemy.util.test.WatchDog.cancel(): canceling Wed May 30 16:11:07 UTC 2018
auto.tcl: Setting watchdog for 200 seconds at Wed May 30 16:11:07 UTC 2018
15 ms. Memory: 331264K Free: 299741K (90%)
ptolemy.util.test.WatchDog.cancel(): canceling Wed May 30 16:11:07 UTC 2018
------------------ testing $PTII/ptolemy/domains/de/test/auto/MergeWithoutDiscard.xml
auto.tcl: Setting watchdog for 200 seconds at Wed May 30 16:11:07 UTC 2018
9 ms. Memory: 331264K Free: 315759K (95%)
ptolemy.util.test.WatchDog.cancel(): canceling Wed May 30 16:11:08 UTC 2018
auto.tcl: Setting watchdog for 200 seconds at Wed May 30 16:11:08 UTC 2018
3 ms. Memory: 331264K Free: 315759K (95%)
ptolemy.util.test.WatchDog.cancel(): canceling Wed May 30 16:11:08 UTC 2018
------------------ testing $PTII/ptolemy/domains/de/test/auto/Modal1.xml
auto.tcl: Setting watchdog for 200 seconds at Wed May 30 16:11:08 UTC 2018
20 ms. Memory: 331264K Free: 309666K (93%)
ptolemy.util.test.WatchDog.cancel(): canceling Wed May 30 16:11:08 UTC 2018
auto.tcl: Setting watchdog for 200 seconds at Wed May 30 16:11:08 UTC 2018
41 ms. Memory: 331264K Free: 305446K (92%)
ptolemy.util.test.WatchDog.cancel(): canceling Wed May 30 16:11:08 UTC 2018
------------------ testing $PTII/ptolemy/domains/de/test/auto/Modal2.xml
auto.tcl: Setting watchdog for 200 seconds at Wed May 30 16:11:08 UTC 2018
28 ms. Memory: 331264K Free: 309253K (93%)
ptolemy.util.test.WatchDog.cancel(): canceling Wed May 30 16:11:08 UTC 2018
auto.tcl: Setting watchdog for 200 seconds at Wed May 30 16:11:08 UTC 2018
20 ms. Memory: 331264K Free: 305320K (92%)
ptolemy.util.test.WatchDog.cancel(): canceling Wed May 30 16:11:08 UTC 2018
------------------ testing $PTII/ptolemy/domains/de/test/auto/Modal3.xml
auto.tcl: Setting watchdog for 200 seconds at Wed May 30 16:11:08 UTC 2018
32 ms. Memory: 331264K Free: 309252K (93%)
ptolemy.util.test.WatchDog.cancel(): canceling Wed May 30 16:11:08 UTC 2018
auto.tcl: Setting watchdog for 200 seconds at Wed May 30 16:11:08 UTC 2018
30 ms. Memory: 331264K Free: 305318K (92%)
ptolemy.util.test.WatchDog.cancel(): canceling Wed May 30 16:11:08 UTC 2018
------------------ testing $PTII/ptolemy/domains/de/test/auto/Modal4.xml
auto.tcl: Setting watchdog for 200 seconds at Wed May 30 16:11:08 UTC 2018
21 ms. Memory: 331264K Free: 309265K (93%)
ptolemy.util.test.WatchDog.cancel(): canceling Wed May 30 16:11:08 UTC 2018
auto.tcl: Setting watchdog for 200 seconds at Wed May 30 16:11:08 UTC 2018
28 ms. Memory: 331264K Free: 305331K (92%)
ptolemy.util.test.WatchDog.cancel(): canceling Wed May 30 16:11:08 UTC 2018
------------------ testing $PTII/ptolemy/domains/de/test/auto/Modal5.xml
auto.tcl: Setting watchdog for 200 seconds at Wed May 30 16:11:08 UTC 2018
21 ms. Memory: 331264K Free: 309252K (93%)
ptolemy.util.test.WatchDog.cancel(): canceling Wed May 30 16:11:08 UTC 2018
auto.tcl: Setting watchdog for 200 seconds at Wed May 30 16:11:08 UTC 2018
25 ms. Memory: 331264K Free: 305318K (92%)
ptolemy.util.test.WatchDog.cancel(): canceling Wed May 30 16:11:09 UTC 2018
------------------ testing $PTII/ptolemy/domains/de/test/auto/Modal6.xml
auto.tcl: Setting watchdog for 200 seconds at Wed May 30 16:11:09 UTC 2018
23 ms. Memory: 331264K Free: 309249K (93%)
ptolemy.util.test.WatchDog.cancel(): canceling Wed May 30 16:11:09 UTC 2018
auto.tcl: Setting watchdog for 200 seconds at Wed May 30 16:11:09 UTC 2018
24 ms. Memory: 331264K Free: 305315K (92%)
ptolemy.util.test.WatchDog.cancel(): canceling Wed May 30 16:11:09 UTC 2018
------------------ testing $PTII/ptolemy/domains/de/test/auto/Modal7.xml
auto.tcl: Setting watchdog for 200 seconds at Wed May 30 16:11:09 UTC 2018
21 ms. Memory: 331264K Free: 309250K (93%)
ptolemy.util.test.WatchDog.cancel(): canceling Wed May 30 16:11:09 UTC 2018
auto.tcl: Setting watchdog for 200 seconds at Wed May 30 16:11:09 UTC 2018
21 ms. Memory: 331264K Free: 305316K (92%)
ptolemy.util.test.WatchDog.cancel(): canceling Wed May 30 16:11:09 UTC 2018
------------------ testing $PTII/ptolemy/domains/de/test/auto/ModalModel.xml
auto.tcl: Setting watchdog for 200 seconds at Wed May 30 16:11:09 UTC 2018
378 ms. Memory: 331264K Free: 245806K (74%)
ptolemy.util.test.WatchDog.cancel(): canceling Wed May 30 16:11:10 UTC 2018
auto.tcl: Setting watchdog for 200 seconds at Wed May 30 16:11:10 UTC 2018
296 ms. Memory: 331264K Free: 190732K (58%)
ptolemy.util.test.WatchDog.cancel(): canceling Wed May 30 16:11:10 UTC 2018
------------------ testing $PTII/ptolemy/domains/de/test/auto/ModalSource.xml
auto.tcl: Setting watchdog for 200 seconds at Wed May 30 16:11:10 UTC 2018
22 ms. Memory: 331264K Free: 316202K (95%)
ptolemy.util.test.WatchDog.cancel(): canceling Wed May 30 16:11:10 UTC 2018
auto.tcl: Setting watchdog for 200 seconds at Wed May 30 16:11:10 UTC 2018
12 ms. Memory: 331264K Free: 312698K (94%)
ptolemy.util.test.WatchDog.cancel(): canceling Wed May 30 16:11:10 UTC 2018
------------------ testing $PTII/ptolemy/domains/de/test/auto/NonInterruptibleTimerZeroDelay.xml
auto.tcl: Setting watchdog for 200 seconds at Wed May 30 16:11:10 UTC 2018
10 ms. Memory: 331264K Free: 320359K (97%)
ptolemy.util.test.WatchDog.cancel(): canceling Wed May 30 16:11:10 UTC 2018
auto.tcl: Setting watchdog for 200 seconds at Wed May 30 16:11:10 UTC 2018
6 ms. Memory: 331264K Free: 316855K (96%)
ptolemy.util.test.WatchDog.cancel(): canceling Wed May 30 16:11:10 UTC 2018
------------------ testing $PTII/ptolemy/domains/de/test/auto/OpenQueueingNetwork.xml
auto.tcl: Setting watchdog for 200 seconds at Wed May 30 16:11:10 UTC 2018
6373 ms. Memory: 573952K Free: 354399K (62%)
ptolemy.util.test.WatchDog.cancel(): canceling Wed May 30 16:11:17 UTC 2018
auto.tcl: Setting watchdog for 200 seconds at Wed May 30 16:11:17 UTC 2018
4954 ms. Memory: 574464K Free: 229688K (40%)
ptolemy.util.test.WatchDog.cancel(): canceling Wed May 30 16:11:22 UTC 2018
------------------ testing $PTII/ptolemy/domains/de/test/auto/OpenQueuingNetwork.xml
auto.tcl: Setting watchdog for 200 seconds at Wed May 30 16:11:22 UTC 2018
472 ms. Memory: 1064960K Free: 938958K (88%)
ptolemy.util.test.WatchDog.cancel(): canceling Wed May 30 16:11:23 UTC 2018
auto.tcl: Setting watchdog for 200 seconds at Wed May 30 16:11:23 UTC 2018
471 ms. Memory: 1064960K Free: 884461K (83%)
ptolemy.util.test.WatchDog.cancel(): canceling Wed May 30 16:11:23 UTC 2018
------------------ testing $PTII/ptolemy/domains/de/test/auto/PeriodicSampler.xml
auto.tcl: Setting watchdog for 200 seconds at Wed May 30 16:11:23 UTC 2018
4 ms. Memory: 1065472K Free: 1026669K (96%)
ptolemy.util.test.WatchDog.cancel(): canceling Wed May 30 16:11:23 UTC 2018
auto.tcl: Setting watchdog for 200 seconds at Wed May 30 16:11:23 UTC 2018
4 ms. Memory: 1065472K Free: 1026669K (96%)
ptolemy.util.test.WatchDog.cancel(): canceling Wed May 30 16:11:23 UTC 2018
------------------ testing $PTII/ptolemy/domains/de/test/auto/PersistentIO.xml
auto.tcl: Setting watchdog for 200 seconds at Wed May 30 16:11:23 UTC 2018
13 ms. Memory: 1065472K Free: 1027252K (96%)
ptolemy.util.test.WatchDog.cancel(): canceling Wed May 30 16:11:23 UTC 2018
auto.tcl: Setting watchdog for 200 seconds at Wed May 30 16:11:23 UTC 2018
16 ms. Memory: 1065472K Free: 1026770K (96%)
ptolemy.util.test.WatchDog.cancel(): canceling Wed May 30 16:11:23 UTC 2018
------------------ testing $PTII/ptolemy/domains/de/test/auto/PortParameterResetOnInitialize.xml
auto.tcl: Setting watchdog for 200 seconds at Wed May 30 16:11:23 UTC 2018
5 ms. Memory: 1065472K Free: 1026630K (96%)
ptolemy.util.test.WatchDog.cancel(): canceling Wed May 30 16:11:23 UTC 2018
auto.tcl: Setting watchdog for 200 seconds at Wed May 30 16:11:23 UTC 2018
4 ms. Memory: 1065472K Free: 1026630K (96%)
ptolemy.util.test.WatchDog.cancel(): canceling Wed May 30 16:11:23 UTC 2018
------------------ testing $PTII/ptolemy/domains/de/test/auto/PortParameterUpdates.xml
auto.tcl: Setting watchdog for 200 seconds at Wed May 30 16:11:23 UTC 2018
11 ms. Memory: 1065472K Free: 1036854K (97%)
ptolemy.util.test.WatchDog.cancel(): canceling Wed May 30 16:11:24 UTC 2018
auto.tcl: Setting watchdog for 200 seconds at Wed May 30 16:11:24 UTC 2018
11 ms. Memory: 1065472K Free: 1036854K (97%)
ptolemy.util.test.WatchDog.cancel(): canceling Wed May 30 16:11:24 UTC 2018
------------------ testing $PTII/ptolemy/domains/de/test/auto/QueueAndServer.xml
auto.tcl: Setting watchdog for 200 seconds at Wed May 30 16:11:24 UTC 2018
30 ms. Memory: 1065472K Free: 1036333K (97%)
ptolemy.util.test.WatchDog.cancel(): canceling Wed May 30 16:11:24 UTC 2018
auto.tcl: Setting watchdog for 200 seconds at Wed May 30 16:11:24 UTC 2018
28 ms. Memory: 1065472K Free: 1036333K (97%)
ptolemy.util.test.WatchDog.cancel(): canceling Wed May 30 16:11:24 UTC 2018
------------------ testing $PTII/ptolemy/domains/de/test/auto/Records.xml
auto.tcl: Setting watchdog for 200 seconds at Wed May 30 16:11:24 UTC 2018
6 ms. Memory: 1065472K Free: 1036275K (97%)
ptolemy.util.test.WatchDog.cancel(): canceling Wed May 30 16:11:24 UTC 2018
auto.tcl: Setting watchdog for 200 seconds at Wed May 30 16:11:24 UTC 2018
5 ms. Memory: 1065472K Free: 1036275K (97%)
ptolemy.util.test.WatchDog.cancel(): canceling Wed May 30 16:11:24 UTC 2018
------------------ testing $PTII/ptolemy/domains/de/test/auto/ResetTransitionWithStartTime1.xml
auto.tcl: Setting watchdog for 200 seconds at Wed May 30 16:11:24 UTC 2018
19 ms. Memory: 1065472K Free: 1036783K (97%)
ptolemy.util.test.WatchDog.cancel(): canceling Wed May 30 16:11:24 UTC 2018
auto.tcl: Setting watchdog for 200 seconds at Wed May 30 16:11:24 UTC 2018
13 ms. Memory: 1065472K Free: 1036301K (97%)
ptolemy.util.test.WatchDog.cancel(): canceling Wed May 30 16:11:24 UTC 2018
------------------ testing $PTII/ptolemy/domains/de/test/auto/ResetTransitionWithStartTime2.xml
auto.tcl: Setting watchdog for 200 seconds at Wed May 30 16:11:24 UTC 2018
10 ms. Memory: 1064448K Free: 1035267K (97%)
ptolemy.util.test.WatchDog.cancel(): canceling Wed May 30 16:11:24 UTC 2018
auto.tcl: Setting watchdog for 200 seconds at Wed May 30 16:11:24 UTC 2018
10 ms. Memory: 1064448K Free: 1035267K (97%)
ptolemy.util.test.WatchDog.cancel(): canceling Wed May 30 16:11:24 UTC 2018
------------------ testing $PTII/ptolemy/domains/de/test/auto/ResetTransitionWithStartTime3.xml
auto.tcl: Setting watchdog for 200 seconds at Wed May 30 16:11:24 UTC 2018
15 ms. Memory: 1064960K Free: 1035778K (97%)
ptolemy.util.test.WatchDog.cancel(): canceling Wed May 30 16:11:24 UTC 2018
auto.tcl: Setting watchdog for 200 seconds at Wed May 30 16:11:24 UTC 2018
18 ms. Memory: 1064960K Free: 1035778K (97%)
ptolemy.util.test.WatchDog.cancel(): canceling Wed May 30 16:11:24 UTC 2018
------------------ testing $PTII/ptolemy/domains/de/test/auto/ResetTransitionWithStartTime4.xml
auto.tcl: Setting watchdog for 200 seconds at Wed May 30 16:11:24 UTC 2018
9 ms. Memory: 1064960K Free: 1035775K (97%)
ptolemy.util.test.WatchDog.cancel(): canceling Wed May 30 16:11:25 UTC 2018
auto.tcl: Setting watchdog for 200 seconds at Wed May 30 16:11:25 UTC 2018
7 ms. Memory: 1064960K Free: 1035775K (97%)
ptolemy.util.test.WatchDog.cancel(): canceling Wed May 30 16:11:25 UTC 2018
------------------ testing $PTII/ptolemy/domains/de/test/auto/ResettableTimer1.xml
auto.tcl: Setting watchdog for 200 seconds at Wed May 30 16:11:25 UTC 2018
6 ms. Memory: 1064960K Free: 1036253K (97%)
ptolemy.util.test.WatchDog.cancel(): canceling Wed May 30 16:11:25 UTC 2018
auto.tcl: Setting watchdog for 200 seconds at Wed May 30 16:11:25 UTC 2018
6 ms. Memory: 1064960K Free: 1036253K (97%)
ptolemy.util.test.WatchDog.cancel(): canceling Wed May 30 16:11:25 UTC 2018
------------------ testing $PTII/ptolemy/domains/de/test/auto/ResettableTimer2.xml
auto.tcl: Setting watchdog for 200 seconds at Wed May 30 16:11:25 UTC 2018
4 ms. Memory: 1064960K Free: 1036311K (97%)
ptolemy.util.test.WatchDog.cancel(): canceling Wed May 30 16:11:25 UTC 2018
auto.tcl: Setting watchdog for 200 seconds at Wed May 30 16:11:25 UTC 2018
5 ms. Memory: 1064960K Free: 1036311K (97%)
ptolemy.util.test.WatchDog.cancel(): canceling Wed May 30 16:11:25 UTC 2018
------------------ testing $PTII/ptolemy/domains/de/test/auto/ResettableTimer3.xml
auto.tcl: Setting watchdog for 200 seconds at Wed May 30 16:11:25 UTC 2018
2 ms. Memory: 1064960K Free: 1026008K (96%)
ptolemy.util.test.WatchDog.cancel(): canceling Wed May 30 16:11:25 UTC 2018
auto.tcl: Setting watchdog for 200 seconds at Wed May 30 16:11:25 UTC 2018
2 ms. Memory: 1064960K Free: 1026008K (96%)
ptolemy.util.test.WatchDog.cancel(): canceling Wed May 30 16:11:25 UTC 2018
------------------ testing $PTII/ptolemy/domains/de/test/auto/ResettableTimer4.xml
auto.tcl: Setting watchdog for 200 seconds at Wed May 30 16:11:25 UTC 2018
2 ms. Memory: 1063936K Free: 1035299K (97%)
ptolemy.util.test.WatchDog.cancel(): canceling Wed May 30 16:11:25 UTC 2018
auto.tcl: Setting watchdog for 200 seconds at Wed May 30 16:11:25 UTC 2018
4 ms. Memory: 1063936K Free: 1035299K (97%)
ptolemy.util.test.WatchDog.cancel(): canceling Wed May 30 16:11:25 UTC 2018
------------------ testing $PTII/ptolemy/domains/de/test/auto/ResettableTimer5.xml
auto.tcl: Setting watchdog for 200 seconds at Wed May 30 16:11:25 UTC 2018
3 ms. Memory: 1064448K Free: 1025989K (96%)
ptolemy.util.test.WatchDog.cancel(): canceling Wed May 30 16:11:25 UTC 2018
auto.tcl: Setting watchdog for 200 seconds at Wed May 30 16:11:25 UTC 2018
3 ms. Memory: 1064448K Free: 1025989K (96%)
ptolemy.util.test.WatchDog.cancel(): canceling Wed May 30 16:11:25 UTC 2018
------------------ testing $PTII/ptolemy/domains/de/test/auto/ResettableTimer6.xml
auto.tcl: Setting watchdog for 200 seconds at Wed May 30 16:11:25 UTC 2018
12 ms. Memory: 1064448K Free: 1025456K (96%)
ptolemy.util.test.WatchDog.cancel(): canceling Wed May 30 16:11:25 UTC 2018
auto.tcl: Setting watchdog for 200 seconds at Wed May 30 16:11:25 UTC 2018
3 ms. Memory: 1064448K Free: 1025456K (96%)
ptolemy.util.test.WatchDog.cancel(): canceling Wed May 30 16:11:25 UTC 2018
------------------ testing $PTII/ptolemy/domains/de/test/auto/ServerZeroDelay.xml
auto.tcl: Setting watchdog for 200 seconds at Wed May 30 16:11:25 UTC 2018
4 ms. Memory: 1064448K Free: 1035749K (97%)
ptolemy.util.test.WatchDog.cancel(): canceling Wed May 30 16:11:25 UTC 2018
auto.tcl: Setting watchdog for 200 seconds at Wed May 30 16:11:25 UTC 2018
5 ms. Memory: 1064448K Free: 1035749K (97%)
ptolemy.util.test.WatchDog.cancel(): canceling Wed May 30 16:11:25 UTC 2018
------------------ testing $PTII/ptolemy/domains/de/test/auto/SmartSender.xml
auto.tcl: Setting watchdog for 200 seconds at Wed May 30 16:11:26 UTC 2018
3003 ms. Memory: 1064448K Free: 1025924K (96%)
ptolemy.util.test.WatchDog.cancel(): canceling Wed May 30 16:11:29 UTC 2018
auto.tcl: Setting watchdog for 200 seconds at Wed May 30 16:11:29 UTC 2018
3005 ms. Memory: 1064448K Free: 1025924K (96%)
ptolemy.util.test.WatchDog.cancel(): canceling Wed May 30 16:11:32 UTC 2018
------------------ testing $PTII/ptolemy/domains/de/test/auto/ThreadedComposite.xml
auto.tcl: Setting watchdog for 200 seconds at Wed May 30 16:11:32 UTC 2018
340 ms. Memory: 1064448K Free: 1005815K (94%)
ptolemy.util.test.WatchDog.cancel(): canceling Wed May 30 16:11:32 UTC 2018
auto.tcl: Setting watchdog for 200 seconds at Wed May 30 16:11:32 UTC 2018
229 ms. Memory: 1064448K Free: 972543K (91%)
ptolemy.util.test.WatchDog.cancel(): canceling Wed May 30 16:11:32 UTC 2018
------------------ testing $PTII/ptolemy/domains/de/test/auto/Time.xml
auto.tcl: Setting watchdog for 200 seconds at Wed May 30 16:11:32 UTC 2018
684 ms. Memory: 1064448K Free: 985884K (93%)
ptolemy.util.test.WatchDog.cancel(): canceling Wed May 30 16:11:33 UTC 2018
auto.tcl: Setting watchdog for 200 seconds at Wed May 30 16:11:33 UTC 2018
695 ms. Memory: 1064448K Free: 931358K (87%)
ptolemy.util.test.WatchDog.cancel(): canceling Wed May 30 16:11:34 UTC 2018
------------------ testing $PTII/ptolemy/domains/de/test/auto/TimeDelayZeroDelay.xml
auto.tcl: Setting watchdog for 200 seconds at Wed May 30 16:11:34 UTC 2018
4 ms. Memory: 1064448K Free: 1035182K (97%)
ptolemy.util.test.WatchDog.cancel(): canceling Wed May 30 16:11:34 UTC 2018
auto.tcl: Setting watchdog for 200 seconds at Wed May 30 16:11:34 UTC 2018
4 ms. Memory: 1064448K Free: 1035182K (97%)
ptolemy.util.test.WatchDog.cancel(): canceling Wed May 30 16:11:34 UTC 2018
------------------ testing $PTII/ptolemy/domains/de/test/auto/TimerZeroDelay.xml
auto.tcl: Setting watchdog for 200 seconds at Wed May 30 16:11:34 UTC 2018
5 ms. Memory: 1063424K Free: 1034684K (97%)
ptolemy.util.test.WatchDog.cancel(): canceling Wed May 30 16:11:34 UTC 2018
auto.tcl: Setting watchdog for 200 seconds at Wed May 30 16:11:34 UTC 2018
5 ms. Memory: 1063424K Free: 1034684K (97%)
ptolemy.util.test.WatchDog.cancel(): canceling Wed May 30 16:11:34 UTC 2018
------------------ testing $PTII/ptolemy/domains/de/test/auto/TimingParadox.xml
auto.tcl: Setting watchdog for 200 seconds at Wed May 30 16:11:34 UTC 2018
418 ms. Memory: 1063936K Free: 968170K (91%)
ptolemy.util.test.WatchDog.cancel(): canceling Wed May 30 16:11:35 UTC 2018
auto.tcl: Setting watchdog for 200 seconds at Wed May 30 16:11:35 UTC 2018
404 ms. Memory: 1063936K Free: 927276K (87%)
ptolemy.util.test.WatchDog.cancel(): canceling Wed May 30 16:11:35 UTC 2018
------------------ testing $PTII/ptolemy/domains/de/test/auto/TransferInputs.xml
auto.tcl: Setting watchdog for 200 seconds at Wed May 30 16:11:35 UTC 2018
3 ms. Memory: 1063424K Free: 1033600K (97%)
ptolemy.util.test.WatchDog.cancel(): canceling Wed May 30 16:11:35 UTC 2018
auto.tcl: Setting watchdog for 200 seconds at Wed May 30 16:11:35 UTC 2018
4 ms. Memory: 1063424K Free: 1033600K (97%)
ptolemy.util.test.WatchDog.cancel(): canceling Wed May 30 16:11:35 UTC 2018
------------------ testing $PTII/ptolemy/domains/de/test/auto/TransferOutputs2.xml
auto.tcl: Setting watchdog for 200 seconds at Wed May 30 16:11:35 UTC 2018
8 ms. Memory: 1063936K Free: 1025399K (96%)
ptolemy.util.test.WatchDog.cancel(): canceling Wed May 30 16:11:35 UTC 2018
auto.tcl: Setting watchdog for 200 seconds at Wed May 30 16:11:35 UTC 2018
7 ms. Memory: 1063936K Free: 1025399K (96%)
ptolemy.util.test.WatchDog.cancel(): canceling Wed May 30 16:11:35 UTC 2018
------------------ testing $PTII/ptolemy/domains/de/test/auto/Trilateration.xml
auto.tcl: Setting watchdog for 200 seconds at Wed May 30 16:11:36 UTC 2018
21852 ms. Memory: 976384K Free: 780104K (80%)
ptolemy.util.test.WatchDog.cancel(): canceling Wed May 30 16:11:59 UTC 2018
auto.tcl: Setting watchdog for 200 seconds at Wed May 30 16:11:59 UTC 2018
15144 ms. Memory: 849408K Free: 554562K (65%)
ptolemy.util.test.WatchDog.cancel(): canceling Wed May 30 16:12:14 UTC 2018
------------------ testing $PTII/ptolemy/domains/de/test/auto/TwoSigmaDelta.xml
auto.tcl: Setting watchdog for 200 seconds at Wed May 30 16:12:15 UTC 2018
3894 ms. Memory: 853504K Free: 533221K (62%)
ptolemy.util.test.WatchDog.cancel(): canceling Wed May 30 16:12:19 UTC 2018
auto.tcl: Setting watchdog for 200 seconds at Wed May 30 16:12:19 UTC 2018
3058 ms. Memory: 853504K Free: 282811K (33%)
ptolemy.util.test.WatchDog.cancel(): canceling Wed May 30 16:12:22 UTC 2018
------------------ testing $PTII/ptolemy/domains/de/test/auto/VariableDelay.xml
auto.tcl: Setting watchdog for 200 seconds at Wed May 30 16:12:22 UTC 2018
14 ms. Memory: 849920K Free: 825236K (97%)
ptolemy.util.test.WatchDog.cancel(): canceling Wed May 30 16:12:22 UTC 2018
auto.tcl: Setting watchdog for 200 seconds at Wed May 30 16:12:22 UTC 2018
3 ms. Memory: 849920K Free: 825236K (97%)
ptolemy.util.test.WatchDog.cancel(): canceling Wed May 30 16:12:22 UTC 2018
------------------ testing $PTII/ptolemy/domains/de/test/auto/VariableDelay2.xml
auto.tcl: Setting watchdog for 200 seconds at Wed May 30 16:12:22 UTC 2018
6 ms. Memory: 849408K Free: 825182K (97%)
ptolemy.util.test.WatchDog.cancel(): canceling Wed May 30 16:12:22 UTC 2018
auto.tcl: Setting watchdog for 200 seconds at Wed May 30 16:12:22 UTC 2018
11 ms. Memory: 849408K Free: 825182K (97%)
ptolemy.util.test.WatchDog.cancel(): canceling Wed May 30 16:12:22 UTC 2018
------------------ testing $PTII/ptolemy/domains/de/test/auto/VariableDelayZeroDelay.xml
auto.tcl: Setting watchdog for 200 seconds at Wed May 30 16:12:22 UTC 2018
5 ms. Memory: 849408K Free: 817501K (96%)
ptolemy.util.test.WatchDog.cancel(): canceling Wed May 30 16:12:22 UTC 2018
auto.tcl: Setting watchdog for 200 seconds at Wed May 30 16:12:22 UTC 2018
7 ms. Memory: 849408K Free: 817501K (96%)
ptolemy.util.test.WatchDog.cancel(): canceling Wed May 30 16:12:22 UTC 2018
------------------ testing $PTII/ptolemy/domains/de/test/auto/VariableDelayZeroDelay2.xml
auto.tcl: Setting watchdog for 200 seconds at Wed May 30 16:12:22 UTC 2018
9 ms. Memory: 852480K Free: 820571K (96%)
ptolemy.util.test.WatchDog.cancel(): canceling Wed May 30 16:12:22 UTC 2018
auto.tcl: Setting watchdog for 200 seconds at Wed May 30 16:12:22 UTC 2018
4 ms. Memory: 852480K Free: 820571K (96%)
ptolemy.util.test.WatchDog.cancel(): canceling Wed May 30 16:12:22 UTC 2018
------------------ testing $PTII/ptolemy/domains/de/test/auto/deInCt.xml
auto.tcl: Setting watchdog for 200 seconds at Wed May 30 16:12:23 UTC 2018
0
1
1
1
0
0
0
1
1
1
0
0
0
0
1
1
0
0
0
0
1
1
0
0
0
0
1
1
1
0
0
0
0
0
1
1
1
1
22 ms. Memory: 849408K Free: 817453K (96%)
ptolemy.util.test.WatchDog.cancel(): canceling Wed May 30 16:12:23 UTC 2018
auto.tcl: Setting watchdog for 200 seconds at Wed May 30 16:12:23 UTC 2018
0
1
1
1
0
0
0
1
1
1
0
0
0
1
1
1
0
0
0
1
1
1
1
0
0
0
0
1
1
1
1
1
1
1
13 ms. Memory: 849408K Free: 817453K (96%)
ptolemy.util.test.WatchDog.cancel(): canceling Wed May 30 16:12:23 UTC 2018
------------------ testing $PTII/ptolemy/domains/de/test/auto/deInCt2.xml
auto.tcl: Setting watchdog for 200 seconds at Wed May 30 16:12:23 UTC 2018
0
1
1
1
0
0
1
1
1
0
0
1
1
1
0
0
1
1
1
0
0
1
1
1
0
0
1
1
1
0
0
1
1
1
0
0
1
1
1
0
0
0
12 ms. Memory: 852480K Free: 820525K (96%)
ptolemy.util.test.WatchDog.cancel(): canceling Wed May 30 16:12:23 UTC 2018
auto.tcl: Setting watchdog for 200 seconds at Wed May 30 16:12:23 UTC 2018
0
1
1
1
0
0
1
1
1
0
0
1
1
1
0
0
1
1
1
0
0
1
1
1
0
0
1
1
1
0
0
1
1
1
0
0
1
1
1
0
0
0
9 ms. Memory: 852480K Free: 820525K (96%)
ptolemy.util.test.WatchDog.cancel(): canceling Wed May 30 16:12:23 UTC 2018
------------------ testing $PTII/ptolemy/domains/de/test/auto/dynamicCausalityInterface1.xml
auto.tcl: Setting watchdog for 200 seconds at Wed May 30 16:12:23 UTC 2018
2 ms. Memory: 849408K Free: 825172K (97%)
ptolemy.util.test.WatchDog.cancel(): canceling Wed May 30 16:12:23 UTC 2018
auto.tcl: Setting watchdog for 200 seconds at Wed May 30 16:12:23 UTC 2018
2 ms. Memory: 849408K Free: 825172K (97%)
ptolemy.util.test.WatchDog.cancel(): canceling Wed May 30 16:12:23 UTC 2018
------------------ testing $PTII/ptolemy/domains/de/test/auto/fsm_de_test.xml
auto.tcl: Setting watchdog for 200 seconds at Wed May 30 16:12:23 UTC 2018
13 ms. Memory: 851968K Free: 819947K (96%)
ptolemy.util.test.WatchDog.cancel(): canceling Wed May 30 16:12:23 UTC 2018
auto.tcl: Setting watchdog for 200 seconds at Wed May 30 16:12:23 UTC 2018
9 ms. Memory: 851968K Free: 819947K (96%)
ptolemy.util.test.WatchDog.cancel(): canceling Wed May 30 16:12:23 UTC 2018
------------------ testing $PTII/ptolemy/domains/de/test/auto/functionDependencyReconstruction.xml
auto.tcl: Setting watchdog for 200 seconds at Wed May 30 16:12:23 UTC 2018
4 ms. Memory: 849408K Free: 806234K (95%)
ptolemy.util.test.WatchDog.cancel(): canceling Wed May 30 16:12:23 UTC 2018
auto.tcl: Setting watchdog for 200 seconds at Wed May 30 16:12:23 UTC 2018
5 ms. Memory: 849408K Free: 806234K (95%)
ptolemy.util.test.WatchDog.cancel(): canceling Wed May 30 16:12:23 UTC 2018
------------------ testing $PTII/ptolemy/domains/de/test/auto/multirate.xml
auto.tcl: Setting watchdog for 200 seconds at Wed May 30 16:12:23 UTC 2018
5 ms. Memory: 851456K Free: 819302K (96%)
ptolemy.util.test.WatchDog.cancel(): canceling Wed May 30 16:12:23 UTC 2018
auto.tcl: Setting watchdog for 200 seconds at Wed May 30 16:12:23 UTC 2018
9 ms. Memory: 851456K Free: 819258K (96%)
ptolemy.util.test.WatchDog.cancel(): canceling Wed May 30 16:12:23 UTC 2018
------------------ testing $PTII/ptolemy/domains/de/test/auto/multirate2.xml
auto.tcl: Setting watchdog for 200 seconds at Wed May 30 16:12:23 UTC 2018
14 ms. Memory: 849408K Free: 809762K (95%)
ptolemy.util.test.WatchDog.cancel(): canceling Wed May 30 16:12:23 UTC 2018
auto.tcl: Setting watchdog for 200 seconds at Wed May 30 16:12:23 UTC 2018
7 ms. Memory: 849408K Free: 809762K (95%)
ptolemy.util.test.WatchDog.cancel(): canceling Wed May 30 16:12:23 UTC 2018
------------------ testing $PTII/ptolemy/domains/de/test/auto/realtime.xml
auto.tcl: Setting watchdog for 200 seconds at Wed May 30 16:12:24 UTC 2018
10003 ms. Memory: 851456K Free: 827124K (97%)
ptolemy.util.test.WatchDog.cancel(): canceling Wed May 30 16:12:34 UTC 2018
auto.tcl: Setting watchdog for 200 seconds at Wed May 30 16:12:34 UTC 2018
10003 ms. Memory: 851456K Free: 827124K (97%)
ptolemy.util.test.WatchDog.cancel(): canceling Wed May 30 16:12:44 UTC 2018
------------------ testing $PTII/ptolemy/domains/de/test/auto/relationGroup.xml
auto.tcl: Setting watchdog for 200 seconds at Wed May 30 16:12:44 UTC 2018
3 ms. Memory: 849408K Free: 825146K (97%)
ptolemy.util.test.WatchDog.cancel(): canceling Wed May 30 16:12:44 UTC 2018
auto.tcl: Setting watchdog for 200 seconds at Wed May 30 16:12:44 UTC 2018
2 ms. Memory: 849408K Free: 825146K (97%)
ptolemy.util.test.WatchDog.cancel(): canceling Wed May 30 16:12:44 UTC 2018
------------------ testing $PTII/ptolemy/domains/de/test/auto/relationGroup2.xml
auto.tcl: Setting watchdog for 200 seconds at Wed May 30 16:12:44 UTC 2018
2 ms. Memory: 850944K Free: 826709K (97%)
ptolemy.util.test.WatchDog.cancel(): canceling Wed May 30 16:12:44 UTC 2018
auto.tcl: Setting watchdog for 200 seconds at Wed May 30 16:12:44 UTC 2018
3 ms. Memory: 850944K Free: 826709K (97%)
ptolemy.util.test.WatchDog.cancel(): canceling Wed May 30 16:12:44 UTC 2018
------------------ testing $PTII/ptolemy/domains/de/test/auto/sortWithOpaquePorts.xml
auto.tcl: Setting watchdog for 200 seconds at Wed May 30 16:12:44 UTC 2018
2 ms. Memory: 849408K Free: 817494K (96%)
ptolemy.util.test.WatchDog.cancel(): canceling Wed May 30 16:12:44 UTC 2018
auto.tcl: Setting watchdog for 200 seconds at Wed May 30 16:12:44 UTC 2018
3 ms. Memory: 849408K Free: 817494K (96%)
ptolemy.util.test.WatchDog.cancel(): canceling Wed May 30 16:12:44 UTC 2018
------------------ testing $PTII/ptolemy/domains/de/test/auto/transferInputsandOutputs.xml
auto.tcl: Setting watchdog for 200 seconds at Wed May 30 16:12:44 UTC 2018
6 ms. Memory: 850944K Free: 819017K (96%)
ptolemy.util.test.WatchDog.cancel(): canceling Wed May 30 16:12:44 UTC 2018
auto.tcl: Setting watchdog for 200 seconds at Wed May 30 16:12:44 UTC 2018
3 ms. Memory: 850944K Free: 819017K (96%)
ptolemy.util.test.WatchDog.cancel(): canceling Wed May 30 16:12:44 UTC 2018
------------------ testing $PTII/ptolemy/domains/de/test/auto/triggerType.xml
auto.tcl: Setting watchdog for 200 seconds at Wed May 30 16:12:44 UTC 2018
2 ms. Memory: 849408K Free: 817432K (96%)
ptolemy.util.test.WatchDog.cancel(): canceling Wed May 30 16:12:44 UTC 2018
auto.tcl: Setting watchdog for 200 seconds at Wed May 30 16:12:44 UTC 2018
3 ms. Memory: 849408K Free: 817432K (96%)
ptolemy.util.test.WatchDog.cancel(): canceling Wed May 30 16:12:44 UTC 2018
05/30/18 04:12:44
Failed: 0  Total Tests: 192  ((Passed: 187, Newly Passed: 1)  Known Failed: 5) /home/travis/build/icyphy/ptII/ptolemy/domains/de/test
05/30/18 04:12:44
Failed: 0  Total Tests: 192  ((Passed: 187, Newly Passed: 1)  Known Failed: 5) /home/travis/build/icyphy/ptII/ptolemy/domains/de/test
----------------- testing (KnownFailure) /home/travis/build/icyphy/ptII/ptolemy/domains/de/test/auto/knownFailedTests/DESDFClockTest.xml
2020 ms. Memory: 850432K Free: 803150K (94%)
Known Failure: java.lang.reflect.InvocationTargetException
----------------- testing (KnownFailure) /home/travis/build/icyphy/ptII/ptolemy/domains/de/test/auto/knownFailedTests/DirectFeedback.xml
8 ms. Memory: 850432K Free: 741666K (87%)
Known Failure: java.lang.reflect.InvocationTargetException
----------------- testing (KnownFailure) /home/travis/build/icyphy/ptII/ptolemy/domains/de/test/auto/knownFailedTests/FSMSource.xml
6 ms. Memory: 850432K Free: 680226K (80%)
----------------- testing (KnownFailure) /home/travis/build/icyphy/ptII/ptolemy/domains/de/test/auto/knownFailedTests/HierarchicalModel.xml
3 ms. Memory: 850432K Free: 634129K (75%)
Known Failure: java.lang.reflect.InvocationTargetException
----------------- testing (KnownFailure) /home/travis/build/icyphy/ptII/ptolemy/domains/de/test/auto/knownFailedTests/dependencyLoop.xml
9 ms. Memory: 850432K Free: 572689K (67%)
Known Failure: java.lang.reflect.InvocationTargetException
----------------- testing (KnownFailure) /home/travis/build/icyphy/ptII/ptolemy/domains/de/test/auto/knownFailedTests/dependencyLoop2.xml
3 ms. Memory: 850432K Free: 511249K (60%)
Known Failure: java.lang.reflect.InvocationTargetException
No auto/linux-amd64/*.xml tests in /home/travis/build/icyphy/ptII/ptolemy/domains/de/test
AutoTests.java: About to close Vertx.
AutoTests.java: Vertx closed.
----------------- testing Wed May 30 16:12:46 UTC 2018 /home/travis/build/icyphy/ptII/ptolemy/domains/de/test/auto/ActorDepthCalculation_actorWithoutPorts.xml
----------------- Instantiating /home/travis/build/icyphy/ptII/ptolemy/domains/de/test/auto/ActorDepthCalculation_actorWithoutPorts.xml
4 ms. Memory: 850432K Free: 434449K (51%)
----------------- Invoking toplevel() on ptolemy.moml.MoMLSimpleApplication@4053ceae
----------------- Done invoking toplevel() on ptolemy.moml.MoMLSimpleApplication@4053ceae
reloadAllAccessors: .ActorDepthCalculation_actorWithoutPorts
----------------- testing Wed May 30 16:12:47 UTC 2018 /home/travis/build/icyphy/ptII/ptolemy/domains/de/test/auto/AssemblyLine.xml
----------------- Instantiating /home/travis/build/icyphy/ptII/ptolemy/domains/de/test/auto/AssemblyLine.xml
4 ms. Memory: 850432K Free: 403729K (47%)
----------------- Invoking toplevel() on ptolemy.moml.MoMLSimpleApplication@6071ebf3
----------------- Done invoking toplevel() on ptolemy.moml.MoMLSimpleApplication@6071ebf3
reloadAllAccessors: .AssemblyLine
----------------- testing Wed May 30 16:12:47 UTC 2018 /home/travis/build/icyphy/ptII/ptolemy/domains/de/test/auto/CQBug1.xml
----------------- Instantiating /home/travis/build/icyphy/ptII/ptolemy/domains/de/test/auto/CQBug1.xml
2 ms. Memory: 850432K Free: 373008K (44%)
----------------- Invoking toplevel() on ptolemy.moml.MoMLSimpleApplication@2a84e63a
----------------- Done invoking toplevel() on ptolemy.moml.MoMLSimpleApplication@2a84e63a
reloadAllAccessors: .CQBug1
----------------- testing Wed May 30 16:12:47 UTC 2018 /home/travis/build/icyphy/ptII/ptolemy/domains/de/test/auto/CancelFireAt.xml
----------------- Instantiating /home/travis/build/icyphy/ptII/ptolemy/domains/de/test/auto/CancelFireAt.xml
4 ms. Memory: 850432K Free: 342288K (40%)
----------------- Invoking toplevel() on ptolemy.moml.MoMLSimpleApplication@6f50a452
----------------- Done invoking toplevel() on ptolemy.moml.MoMLSimpleApplication@6f50a452
reloadAllAccessors: .CancelFireAt
----------------- testing Wed May 30 16:12:47 UTC 2018 /home/travis/build/icyphy/ptII/ptolemy/domains/de/test/auto/CausalityAndComposabilityAnalysis.xml
----------------- Instantiating /home/travis/build/icyphy/ptII/ptolemy/domains/de/test/auto/CausalityAndComposabilityAnalysis.xml
3 ms. Memory: 850432K Free: 311568K (37%)
----------------- Invoking toplevel() on ptolemy.moml.MoMLSimpleApplication@3f3583e3
----------------- Done invoking toplevel() on ptolemy.moml.MoMLSimpleApplication@3f3583e3
reloadAllAccessors: .CausalityAndComposabilityAnalysis
----------------- testing Wed May 30 16:12:47 UTC 2018 /home/travis/build/icyphy/ptII/ptolemy/domains/de/test/auto/CausalityInterface1.xml
----------------- Instantiating /home/travis/build/icyphy/ptII/ptolemy/domains/de/test/auto/CausalityInterface1.xml
13 ms. Memory: 850432K Free: 280848K (33%)
----------------- Invoking toplevel() on ptolemy.moml.MoMLSimpleApplication@64538e25
----------------- Done invoking toplevel() on ptolemy.moml.MoMLSimpleApplication@64538e25
reloadAllAccessors: .CausalityInterface1
----------------- testing Wed May 30 16:12:47 UTC 2018 /home/travis/build/icyphy/ptII/ptolemy/domains/de/test/auto/CausalityInterface15.xml
----------------- Instantiating /home/travis/build/icyphy/ptII/ptolemy/domains/de/test/auto/CausalityInterface15.xml
3 ms. Memory: 850432K Free: 250128K (29%)
----------------- Invoking toplevel() on ptolemy.moml.MoMLSimpleApplication@36bd431d
----------------- Done invoking toplevel() on ptolemy.moml.MoMLSimpleApplication@36bd431d
reloadAllAccessors: .CausalityInterface15
----------------- testing Wed May 30 16:12:47 UTC 2018 /home/travis/build/icyphy/ptII/ptolemy/domains/de/test/auto/CausalityInterface2.xml
----------------- Instantiating /home/travis/build/icyphy/ptII/ptolemy/domains/de/test/auto/CausalityInterface2.xml
2 ms. Memory: 850432K Free: 219408K (26%)
----------------- Invoking toplevel() on ptolemy.moml.MoMLSimpleApplication@44b02af0
----------------- Done invoking toplevel() on ptolemy.moml.MoMLSimpleApplication@44b02af0
reloadAllAccessors: .CausalityInterface2
[...]
java.lang.RuntimeException: Execution failed
	at ptolemy.moml.MoMLSimpleApplication$UnloadThread.run(MoMLSimpleApplication.java:402)
Caused by: ptolemy.kernel.util.IllegalActionException: Test fails in iteration 1.
Value was: 1.0. Should have been: 2.0
  in .DirectFeedback.Test
	at ptolemy.actor.lib.Test.fire(Test.java:268)
	at ptolemy.domains.de.kernel.DEDirector._fire(DEDirector.java:1948)
	at ptolemy.domains.de.kernel.DEDirector.fire(DEDirector.java:502)
	at ptolemy.actor.CompositeActor.fire(CompositeActor.java:455)
	at ptolemy.actor.Manager.iterate(Manager.java:851)
	at ptolemy.actor.Manager.execute(Manager.java:369)
	at ptolemy.actor.Manager.run(Manager.java:1263)
	at ptolemy.actor.Manager$PtolemyRunThread.run(Manager.java:1915)
java.lang.RuntimeException: Execution failed
	at ptolemy.moml.MoMLSimpleApplication$UnloadThread.run(MoMLSimpleApplication.java:402)
Caused by: ptolemy.kernel.util.IllegalActionException: Actor is not ready to fire.  Perhaps UpSample.prefire() returned false? Try debugging the actor by selecting "Listen to Actor".  Also, for SDF check moml for tokenConsumptionRate on input.
  in .DESDFClockTest.Play Bell.Copy1:SDF Director and .DESDFClockTest.Play Bell.UpSample
	at ptolemy.actor.sched.StaticSchedulingDirector.fire(StaticSchedulingDirector.java:227)
	at ptolemy.domains.sdf.kernel.SDFDirector.fire(SDFDirector.java:500)
	at ptolemy.actor.CompositeActor.fire(CompositeActor.java:455)
	at ptolemy.domains.de.kernel.DEDirector._fire(DEDirector.java:1948)
	at ptolemy.domains.de.kernel.DEDirector.fire(DEDirector.java:502)
	at ptolemy.actor.CompositeActor.fire(CompositeActor.java:455)
	at ptolemy.actor.Manager.iterate(Manager.java:851)
	at ptolemy.actor.Manager.execute(Manager.java:369)
	at ptolemy.actor.Manager.run(Manager.java:1263)
	at ptolemy.actor.Manager$PtolemyRunThread.run(Manager.java:1915)
java.lang.reflect.InvocationTargetException
	at sun.reflect.NativeConstructorAccessorImpl.newInstance0(Native Method)
	at sun.reflect.NativeConstructorAccessorImpl.newInstance(NativeConstructorAccessorImpl.java:62)
	at sun.reflect.DelegatingConstructorAccessorImpl.newInstance(DelegatingConstructorAccessorImpl.java:45)
	at java.lang.reflect.Constructor.newInstance(Constructor.java:423)
	at ptolemy.util.test.junit.AutoKnownFailedTests.RunModel(AutoKnownFailedTests.java:107)
	at sun.reflect.NativeMethodAccessorImpl.invoke0(Native Method)
	at sun.reflect.NativeMethodAccessorImpl.invoke(NativeMethodAccessorImpl.java:62)
	at sun.reflect.DelegatingMethodAccessorImpl.invoke(DelegatingMethodAccessorImpl.java:43)
	at java.lang.reflect.Method.invoke(Method.java:498)
	at org.junit.runners.model.FrameworkMethod$1.runReflectiveCall(FrameworkMethod.java:44)
	at org.junit.internal.runners.model.ReflectiveCallable.run(ReflectiveCallable.java:15)
	at org.junit.runners.model.FrameworkMethod.invokeExplosively(FrameworkMethod.java:41)
	at junitparams.internal.InvokeParameterisedMethod.evaluate(InvokeParameterisedMethod.java:102)
	at org.junit.internal.runners.statements.FailOnTimeout$1.run(FailOnTimeout.java:28)
Caused by: ptolemy.kernel.util.IllegalActionException: Actor is not ready to fire.  Perhaps UpSample.prefire() returned false? Try debugging the actor by selecting "Listen to Actor".  Also, for SDF check moml for tokenConsumptionRate on input.
  in .DESDFClockTest.Play Bell.Copy1:SDF Director and .DESDFClockTest.Play Bell.UpSample
	at ptolemy.actor.sched.StaticSchedulingDirector.fire(StaticSchedulingDirector.java:227)
	at ptolemy.domains.sdf.kernel.SDFDirector.fire(SDFDirector.java:500)
	at ptolemy.actor.CompositeActor.fire(CompositeActor.java:455)
	at ptolemy.domains.de.kernel.DEDirector._fire(DEDirector.java:1948)
	at ptolemy.domains.de.kernel.DEDirector.fire(DEDirector.java:502)
	at ptolemy.actor.CompositeActor.fire(CompositeActor.java:455)
	at ptolemy.actor.Manager.iterate(Manager.java:851)
	at ptolemy.actor.Manager.execute(Manager.java:369)
	at ptolemy.actor.Manager.run(Manager.java:1263)
	at ptolemy.actor.Manager$PtolemyRunThread.run(Manager.java:1915)
java.lang.RuntimeException: Execution failed
	at ptolemy.moml.MoMLSimpleApplication$UnloadThread.run(MoMLSimpleApplication.java:402)
Caused by: ptolemy.kernel.util.IllegalActionException: Test fails in iteration 1.
Value was: 1.0. Should have been: 2.0
  in .DirectFeedback.Test
	at ptolemy.actor.lib.Test.fire(Test.java:268)
	at ptolemy.domains.de.kernel.DEDirector._fire(DEDirector.java:1948)
	at ptolemy.domains.de.kernel.DEDirector.fire(DEDirector.java:502)
	at ptolemy.actor.CompositeActor.fire(CompositeActor.java:455)
	at ptolemy.actor.Manager.iterate(Manager.java:851)
	at ptolemy.actor.Manager.execute(Manager.java:369)
	at ptolemy.actor.Manager.run(Manager.java:1263)
	at ptolemy.actor.Manager$PtolemyRunThread.run(Manager.java:1915)
java.lang.reflect.InvocationTargetException
	at sun.reflect.NativeConstructorAccessorImpl.newInstance0(Native Method)
	at sun.reflect.NativeConstructorAccessorImpl.newInstance(NativeConstructorAccessorImpl.java:62)
	at sun.reflect.DelegatingConstructorAccessorImpl.newInstance(DelegatingConstructorAccessorImpl.java:45)
	at java.lang.reflect.Constructor.newInstance(Constructor.java:423)
	at ptolemy.util.test.junit.AutoKnownFailedTests.RunModel(AutoKnownFailedTests.java:107)
	at sun.reflect.NativeMethodAccessorImpl.invoke0(Native Method)
	at sun.reflect.NativeMethodAccessorImpl.invoke(NativeMethodAccessorImpl.java:62)
	at sun.reflect.DelegatingMethodAccessorImpl.invoke(DelegatingMethodAccessorImpl.java:43)
	at java.lang.reflect.Method.invoke(Method.java:498)
	at org.junit.runners.model.FrameworkMethod$1.runReflectiveCall(FrameworkMethod.java:44)
	at org.junit.internal.runners.model.ReflectiveCallable.run(ReflectiveCallable.java:15)
	at org.junit.runners.model.FrameworkMethod.invokeExplosively(FrameworkMethod.java:41)
	at junitparams.internal.InvokeParameterisedMethod.evaluate(InvokeParameterisedMethod.java:102)
	at org.junit.internal.runners.statements.FailOnTimeout$1.run(FailOnTimeout.java:28)
Caused by: ptolemy.kernel.util.IllegalActionException: Test fails in iteration 1.
Value was: 1.0. Should have been: 2.0
  in .DirectFeedback.Test
	at ptolemy.actor.lib.Test.fire(Test.java:268)
	at ptolemy.domains.de.kernel.DEDirector._fire(DEDirector.java:1948)
	at ptolemy.domains.de.kernel.DEDirector.fire(DEDirector.java:502)
	at ptolemy.actor.CompositeActor.fire(CompositeActor.java:455)
	at ptolemy.actor.Manager.iterate(Manager.java:851)
	at ptolemy.actor.Manager.execute(Manager.java:369)
	at ptolemy.actor.Manager.run(Manager.java:1263)
	at ptolemy.actor.Manager$PtolemyRunThread.run(Manager.java:1915)
java.lang.RuntimeException: Execution failed
	at ptolemy.moml.MoMLSimpleApplication$UnloadThread.run(MoMLSimpleApplication.java:402)
Caused by: ptolemy.kernel.util.IllegalActionException: Found a zero delay loop containing .HierarchicalModel.A
  in .HierarchicalModel and .HierarchicalModel.A
	at ptolemy.actor.util.CausalityInterfaceForComposites._computeOutputPortDepth(CausalityInterfaceForComposites.java:759)
	at ptolemy.actor.util.CausalityInterfaceForComposites._computeInputDepth(CausalityInterfaceForComposites.java:696)
	at ptolemy.actor.util.CausalityInterfaceForComposites._computeOutputPortDepth(CausalityInterfaceForComposites.java:765)
	at ptolemy.actor.util.CausalityInterfaceForComposites._computeInputDepth(CausalityInterfaceForComposites.java:696)
	at ptolemy.actor.util.CausalityInterfaceForComposites._computeOutputPortDepth(CausalityInterfaceForComposites.java:765)
	at ptolemy.actor.util.CausalityInterfaceForComposites._computeInputDepth(CausalityInterfaceForComposites.java:696)
	at ptolemy.actor.util.CausalityInterfaceForComposites._computeActorDepth(CausalityInterfaceForComposites.java:532)
	at ptolemy.actor.util.CausalityInterfaceForComposites.checkForCycles(CausalityInterfaceForComposites.java:96)
	at ptolemy.domains.de.kernel.DEDirector.preinitialize(DEDirector.java:1337)
	at ptolemy.actor.CompositeActor.preinitialize(CompositeActor.java:1828)
	at ptolemy.actor.Manager.preinitializeAndResolveTypes(Manager.java:1040)
	at ptolemy.actor.Manager.initialize(Manager.java:710)
	at ptolemy.actor.Manager.execute(Manager.java:356)
	at ptolemy.actor.Manager.run(Manager.java:1263)
	at ptolemy.actor.Manager$PtolemyRunThread.run(Manager.java:1915)
java.lang.reflect.InvocationTargetException
	at sun.reflect.NativeConstructorAccessorImpl.newInstance0(Native Method)
	at sun.reflect.NativeConstructorAccessorImpl.newInstance(NativeConstructorAccessorImpl.java:62)
	at sun.reflect.DelegatingConstructorAccessorImpl.newInstance(DelegatingConstructorAccessorImpl.java:45)
	at java.lang.reflect.Constructor.newInstance(Constructor.java:423)
	at ptolemy.util.test.junit.AutoKnownFailedTests.RunModel(AutoKnownFailedTests.java:107)
	at sun.reflect.NativeMethodAccessorImpl.invoke0(Native Method)
	at sun.reflect.NativeMethodAccessorImpl.invoke(NativeMethodAccessorImpl.java:62)
	at sun.reflect.DelegatingMethodAccessorImpl.invoke(DelegatingMethodAccessorImpl.java:43)
	at java.lang.reflect.Method.invoke(Method.java:498)
	at org.junit.runners.model.FrameworkMethod$1.runReflectiveCall(FrameworkMethod.java:44)
	at org.junit.internal.runners.model.ReflectiveCallable.run(ReflectiveCallable.java:15)
	at org.junit.runners.model.FrameworkMethod.invokeExplosively(FrameworkMethod.java:41)
	at junitparams.internal.InvokeParameterisedMethod.evaluate(InvokeParameterisedMethod.java:102)
	at org.junit.internal.runners.statements.FailOnTimeout$1.run(FailOnTimeout.java:28)
Caused by: ptolemy.kernel.util.IllegalActionException: Found a zero delay loop containing .HierarchicalModel.A
  in .HierarchicalModel and .HierarchicalModel.A
	at ptolemy.actor.util.CausalityInterfaceForComposites._computeOutputPortDepth(CausalityInterfaceForComposites.java:759)
	at ptolemy.actor.util.CausalityInterfaceForComposites._computeInputDepth(CausalityInterfaceForComposites.java:696)
	at ptolemy.actor.util.CausalityInterfaceForComposites._computeOutputPortDepth(CausalityInterfaceForComposites.java:765)
	at ptolemy.actor.util.CausalityInterfaceForComposites._computeInputDepth(CausalityInterfaceForComposites.java:696)
	at ptolemy.actor.util.CausalityInterfaceForComposites._computeOutputPortDepth(CausalityInterfaceForComposites.java:765)
	at ptolemy.actor.util.CausalityInterfaceForComposites._computeInputDepth(CausalityInterfaceForComposites.java:696)
	at ptolemy.actor.util.CausalityInterfaceForComposites._computeActorDepth(CausalityInterfaceForComposites.java:532)
	at ptolemy.actor.util.CausalityInterfaceForComposites.checkForCycles(CausalityInterfaceForComposites.java:96)
	at ptolemy.domains.de.kernel.DEDirector.preinitialize(DEDirector.java:1337)
	at ptolemy.actor.CompositeActor.preinitialize(CompositeActor.java:1828)
	at ptolemy.actor.Manager.preinitializeAndResolveTypes(Manager.java:1040)
	at ptolemy.actor.Manager.initialize(Manager.java:710)
	at ptolemy.actor.Manager.execute(Manager.java:356)
	at ptolemy.actor.Manager.run(Manager.java:1263)
	at ptolemy.actor.Manager$PtolemyRunThread.run(Manager.java:1915)
java.lang.RuntimeException: Execution failed
	at ptolemy.moml.MoMLSimpleApplication$UnloadThread.run(MoMLSimpleApplication.java:402)
Caused by: ptolemy.kernel.util.IllegalActionException: Found a zero delay loop containing .dependencyLoop.original
  in .dependencyLoop and .dependencyLoop.original
	at ptolemy.actor.util.CausalityInterfaceForComposites._computeOutputPortDepth(CausalityInterfaceForComposites.java:759)
	at ptolemy.actor.util.CausalityInterfaceForComposites._computeInputDepth(CausalityInterfaceForComposites.java:696)
	at ptolemy.actor.util.CausalityInterfaceForComposites._computeOutputPortDepth(CausalityInterfaceForComposites.java:765)
	at ptolemy.actor.util.CausalityInterfaceForComposites._computeInputDepth(CausalityInterfaceForComposites.java:696)
	at ptolemy.actor.util.CausalityInterfaceForComposites._computeOutputPortDepth(CausalityInterfaceForComposites.java:765)
	at ptolemy.actor.util.CausalityInterfaceForComposites._computeInputDepth(CausalityInterfaceForComposites.java:696)
	at ptolemy.actor.util.CausalityInterfaceForComposites._computeActorDepth(CausalityInterfaceForComposites.java:532)
	at ptolemy.actor.util.CausalityInterfaceForComposites.checkForCycles(CausalityInterfaceForComposites.java:96)
	at ptolemy.domains.de.kernel.DEDirector.preinitialize(DEDirector.java:1337)
	at ptolemy.actor.CompositeActor.preinitialize(CompositeActor.java:1828)
	at ptolemy.actor.Manager.preinitializeAndResolveTypes(Manager.java:1040)
	at ptolemy.actor.Manager.initialize(Manager.java:710)
	at ptolemy.actor.Manager.execute(Manager.java:356)
	at ptolemy.actor.Manager.run(Manager.java:1263)
	at ptolemy.actor.Manager$PtolemyRunThread.run(Manager.java:1915)
java.lang.reflect.InvocationTargetException
	at sun.reflect.NativeConstructorAccessorImpl.newInstance0(Native Method)
	at sun.reflect.NativeConstructorAccessorImpl.newInstance(NativeConstructorAccessorImpl.java:62)
	at sun.reflect.DelegatingConstructorAccessorImpl.newInstance(DelegatingConstructorAccessorImpl.java:45)
	at java.lang.reflect.Constructor.newInstance(Constructor.java:423)
	at ptolemy.util.test.junit.AutoKnownFailedTests.RunModel(AutoKnownFailedTests.java:107)
	at sun.reflect.NativeMethodAccessorImpl.invoke0(Native Method)
	at sun.reflect.NativeMethodAccessorImpl.invoke(NativeMethodAccessorImpl.java:62)
	at sun.reflect.DelegatingMethodAccessorImpl.invoke(DelegatingMethodAccessorImpl.java:43)
	at java.lang.reflect.Method.invoke(Method.java:498)
	at org.junit.runners.model.FrameworkMethod$1.runReflectiveCall(FrameworkMethod.java:44)
	at org.junit.internal.runners.model.ReflectiveCallable.run(ReflectiveCallable.java:15)
	at org.junit.runners.model.FrameworkMethod.invokeExplosively(FrameworkMethod.java:41)
	at junitparams.internal.InvokeParameterisedMethod.evaluate(InvokeParameterisedMethod.java:102)
	at org.junit.internal.runners.statements.FailOnTimeout$1.run(FailOnTimeout.java:28)
Caused by: ptolemy.kernel.util.IllegalActionException: Found a zero delay loop containing .dependencyLoop.original
  in .dependencyLoop and .dependencyLoop.original
	at ptolemy.actor.util.CausalityInterfaceForComposites._computeOutputPortDepth(CausalityInterfaceForComposites.java:759)
	at ptolemy.actor.util.CausalityInterfaceForComposites._computeInputDepth(CausalityInterfaceForComposites.java:696)
	at ptolemy.actor.util.CausalityInterfaceForComposites._computeOutputPortDepth(CausalityInterfaceForComposites.java:765)
	at ptolemy.actor.util.CausalityInterfaceForComposites._computeInputDepth(CausalityInterfaceForComposites.java:696)
	at ptolemy.actor.util.CausalityInterfaceForComposites._computeOutputPortDepth(CausalityInterfaceForComposites.java:765)
	at ptolemy.actor.util.CausalityInterfaceForComposites._computeInputDepth(CausalityInterfaceForComposites.java:696)
	at ptolemy.actor.util.CausalityInterfaceForComposites._computeActorDepth(CausalityInterfaceForComposites.java:532)
	at ptolemy.actor.util.CausalityInterfaceForComposites.checkForCycles(CausalityInterfaceForComposites.java:96)
	at ptolemy.domains.de.kernel.DEDirector.preinitialize(DEDirector.java:1337)
	at ptolemy.actor.CompositeActor.preinitialize(CompositeActor.java:1828)
	at ptolemy.actor.Manager.preinitializeAndResolveTypes(Manager.java:1040)
	at ptolemy.actor.Manager.initialize(Manager.java:710)
	at ptolemy.actor.Manager.execute(Manager.java:356)
	at ptolemy.actor.Manager.run(Manager.java:1263)
	at ptolemy.actor.Manager$PtolemyRunThread.run(Manager.java:1915)
java.lang.RuntimeException: Execution failed
	at ptolemy.moml.MoMLSimpleApplication$UnloadThread.run(MoMLSimpleApplication.java:402)
Caused by: ptolemy.kernel.util.IllegalActionException: Found a zero delay loop containing .dependencyLoop2.original
  in .dependencyLoop2 and .dependencyLoop2.original
	at ptolemy.actor.util.CausalityInterfaceForComposites._computeOutputPortDepth(CausalityInterfaceForComposites.java:759)
	at ptolemy.actor.util.CausalityInterfaceForComposites._computeInputDepth(CausalityInterfaceForComposites.java:696)
	at ptolemy.actor.util.CausalityInterfaceForComposites._computeOutputPortDepth(CausalityInterfaceForComposites.java:765)
	at ptolemy.actor.util.CausalityInterfaceForComposites._computeInputDepth(CausalityInterfaceForComposites.java:696)
	at ptolemy.actor.util.CausalityInterfaceForComposites._computeOutputPortDepth(CausalityInterfaceForComposites.java:765)
	at ptolemy.actor.util.CausalityInterfaceForComposites._computeInputDepth(CausalityInterfaceForComposites.java:696)
	at ptolemy.actor.util.CausalityInterfaceForComposites._computeActorDepth(CausalityInterfaceForComposites.java:532)
	at ptolemy.actor.util.CausalityInterfaceForComposites.checkForCycles(CausalityInterfaceForComposites.java:96)
	at ptolemy.domains.de.kernel.DEDirector.preinitialize(DEDirector.java:1337)
	at ptolemy.actor.CompositeActor.preinitialize(CompositeActor.java:1828)
	at ptolemy.actor.Manager.preinitializeAndResolveTypes(Manager.java:1040)
	at ptolemy.actor.Manager.initialize(Manager.java:710)
	at ptolemy.actor.Manager.execute(Manager.java:356)
	at ptolemy.actor.Manager.run(Manager.java:1263)
	at ptolemy.actor.Manager$PtolemyRunThread.run(Manager.java:1915)
java.lang.reflect.InvocationTargetException
	at sun.reflect.NativeConstructorAccessorImpl.newInstance0(Native Method)
	at sun.reflect.NativeConstructorAccessorImpl.newInstance(NativeConstructorAccessorImpl.java:62)
	at sun.reflect.DelegatingConstructorAccessorImpl.newInstance(DelegatingConstructorAccessorImpl.java:45)
	at java.lang.reflect.Constructor.newInstance(Constructor.java:423)
	at ptolemy.util.test.junit.AutoKnownFailedTests.RunModel(AutoKnownFailedTests.java:107)
	at sun.reflect.NativeMethodAccessorImpl.invoke0(Native Method)
	at sun.reflect.NativeMethodAccessorImpl.invoke(NativeMethodAccessorImpl.java:62)
	at sun.reflect.DelegatingMethodAccessorImpl.invoke(DelegatingMethodAccessorImpl.java:43)
	at java.lang.reflect.Method.invoke(Method.java:498)
	at org.junit.runners.model.FrameworkMethod$1.runReflectiveCall(FrameworkMethod.java:44)
	at org.junit.internal.runners.model.ReflectiveCallable.run(ReflectiveCallable.java:15)
	at org.junit.runners.model.FrameworkMethod.invokeExplosively(FrameworkMethod.java:41)
	at junitparams.internal.InvokeParameterisedMethod.evaluate(InvokeParameterisedMethod.java:102)
	at org.junit.internal.runners.statements.FailOnTimeout$1.run(FailOnTimeout.java:28)
Caused by: ptolemy.kernel.util.IllegalActionException: Found a zero delay loop containing .dependencyLoop2.original
  in .dependencyLoop2 and .dependencyLoop2.original
	at ptolemy.actor.util.CausalityInterfaceForComposites._computeOutputPortDepth(CausalityInterfaceForComposites.java:759)
	at ptolemy.actor.util.CausalityInterfaceForComposites._computeInputDepth(CausalityInterfaceForComposites.java:696)
	at ptolemy.actor.util.CausalityInterfaceForComposites._computeOutputPortDepth(CausalityInterfaceForComposites.java:765)
	at ptolemy.actor.util.CausalityInterfaceForComposites._computeInputDepth(CausalityInterfaceForComposites.java:696)
	at ptolemy.actor.util.CausalityInterfaceForComposites._computeOutputPortDepth(CausalityInterfaceForComposites.java:765)
	at ptolemy.actor.util.CausalityInterfaceForComposites._computeInputDepth(CausalityInterfaceForComposites.java:696)
	at ptolemy.actor.util.CausalityInterfaceForComposites._computeActorDepth(CausalityInterfaceForComposites.java:532)
	at ptolemy.actor.util.CausalityInterfaceForComposites.checkForCycles(CausalityInterfaceForComposites.java:96)
	at ptolemy.domains.de.kernel.DEDirector.preinitialize(DEDirector.java:1337)
	at ptolemy.actor.CompositeActor.preinitialize(CompositeActor.java:1828)
	at ptolemy.actor.Manager.preinitializeAndResolveTypes(Manager.java:1040)
	at ptolemy.actor.Manager.initialize(Manager.java:710)
	at ptolemy.actor.Manager.execute(Manager.java:356)
	at ptolemy.actor.Manager.run(Manager.java:1263)
	at ptolemy.actor.Manager$PtolemyRunThread.run(Manager.java:1915)
]]></system-err>
</testsuite>
