<?xml version="1.0" encoding="UTF-8" ?>
<testsuite errors="0" failures="0" hostname="travis-job-93c25521-764e-49f4-9ad3-164b18226330" name="ptolemy.domains.de.test.junit.JUnitTclTest" skipped="0" tests="101" time="128.476" timestamp="2018-05-16T00:02:47">
  <properties>
[...]
</properties>
  <testcase classname="ptolemy.util.test.junit.TclTests" name="[0] /home/travis/build/icyphy/ptII/ptolemy/domains/de/test/DependencyLoop.tcl (RunTclFile)" time="0.804" />
  <testcase classname="ptolemy.util.test.junit.TclTests" name="[1] /home/travis/build/icyphy/ptII/ptolemy/domains/de/test/RunDETestsAsQSS.tcl (RunTclFile)" time="88.248" />
  <testcase classname="ptolemy.util.test.junit.AutoKnownFailedTests" name="[0] /home/travis/build/icyphy/ptII/ptolemy/domains/de/test/auto/knownFailedTests/DESDFClockTest.xml (RunModel)" time="2.025" />
  <testcase classname="ptolemy.util.test.junit.AutoKnownFailedTests" name="[1] /home/travis/build/icyphy/ptII/ptolemy/domains/de/test/auto/knownFailedTests/DirectFeedback.xml (RunModel)" time="0.023" />
  <testcase classname="ptolemy.util.test.junit.AutoKnownFailedTests" name="[2] /home/travis/build/icyphy/ptII/ptolemy/domains/de/test/auto/knownFailedTests/FSMSource.xml (RunModel)" time="0.021" />
  <testcase classname="ptolemy.util.test.junit.AutoKnownFailedTests" name="[3] /home/travis/build/icyphy/ptII/ptolemy/domains/de/test/auto/knownFailedTests/HierarchicalModel.xml (RunModel)" time="0.035" />
  <testcase classname="ptolemy.util.test.junit.AutoKnownFailedTests" name="[4] /home/travis/build/icyphy/ptII/ptolemy/domains/de/test/auto/knownFailedTests/dependencyLoop.xml (RunModel)" time="0.03" />
  <testcase classname="ptolemy.util.test.junit.AutoKnownFailedTests" name="[5] /home/travis/build/icyphy/ptII/ptolemy/domains/de/test/auto/knownFailedTests/dependencyLoop2.xml (RunModel)" time="0.031" />
  <testcase classname="ptolemy.util.test.junit.AutoNameArchTests" name="[0] ThereAreNoAutoTests (RunModel)" time="0.0" />
  <testcase classname="ptolemy.util.test.junit.AutoTests" name="[0] /home/travis/build/icyphy/ptII/ptolemy/domains/de/test/auto/ActorDepthCalculation_actorWithoutPorts.xml (RunModel)" time="0.014" />
  <testcase classname="ptolemy.util.test.junit.AutoTests" name="[1] /home/travis/build/icyphy/ptII/ptolemy/domains/de/test/auto/AssemblyLine.xml (RunModel)" time="0.014" />
  <testcase classname="ptolemy.util.test.junit.AutoTests" name="[2] /home/travis/build/icyphy/ptII/ptolemy/domains/de/test/auto/CQBug1.xml (RunModel)" time="0.004" />
  <testcase classname="ptolemy.util.test.junit.AutoTests" name="[3] /home/travis/build/icyphy/ptII/ptolemy/domains/de/test/auto/CancelFireAt.xml (RunModel)" time="0.003" />
  <testcase classname="ptolemy.util.test.junit.AutoTests" name="[4] /home/travis/build/icyphy/ptII/ptolemy/domains/de/test/auto/CausalityAndComposabilityAnalysis.xml (RunModel)" time="0.007" />
  <testcase classname="ptolemy.util.test.junit.AutoTests" name="[5] /home/travis/build/icyphy/ptII/ptolemy/domains/de/test/auto/CausalityInterface1.xml (RunModel)" time="0.008" />
  <testcase classname="ptolemy.util.test.junit.AutoTests" name="[6] /home/travis/build/icyphy/ptII/ptolemy/domains/de/test/auto/CausalityInterface15.xml (RunModel)" time="0.009" />
  <testcase classname="ptolemy.util.test.junit.AutoTests" name="[7] /home/travis/build/icyphy/ptII/ptolemy/domains/de/test/auto/CausalityInterface2.xml (RunModel)" time="0.007" />
  <testcase classname="ptolemy.util.test.junit.AutoTests" name="[8] /home/travis/build/icyphy/ptII/ptolemy/domains/de/test/auto/CausalityInterface3.xml (RunModel)" time="0.007" />
  <testcase classname="ptolemy.util.test.junit.AutoTests" name="[9] /home/travis/build/icyphy/ptII/ptolemy/domains/de/test/auto/ClockDrift.xml (RunModel)" time="0.023" />
  <testcase classname="ptolemy.util.test.junit.AutoTests" name="[10] /home/travis/build/icyphy/ptII/ptolemy/domains/de/test/auto/ClockDriftAndValueChange.xml (RunModel)" time="0.026" />
  <testcase classname="ptolemy.util.test.junit.AutoTests" name="[11] /home/travis/build/icyphy/ptII/ptolemy/domains/de/test/auto/ClockDriftChange.xml (RunModel)" time="0.019" />
  <testcase classname="ptolemy.util.test.junit.AutoTests" name="[12] /home/travis/build/icyphy/ptII/ptolemy/domains/de/test/auto/ComposableCausalityAnalysis.xml (RunModel)" time="0.014" />
  <testcase classname="ptolemy.util.test.junit.AutoTests" name="[13] /home/travis/build/icyphy/ptII/ptolemy/domains/de/test/auto/DEFixedPointLimitation.xml (RunModel)" time="0.006" />
  <testcase classname="ptolemy.util.test.junit.AutoTests" name="[14] /home/travis/build/icyphy/ptII/ptolemy/domains/de/test/auto/DEScheduleTest.xml (RunModel)" time="0.007" />
  <testcase classname="ptolemy.util.test.junit.AutoTests" name="[15] /home/travis/build/icyphy/ptII/ptolemy/domains/de/test/auto/DEinDEwithStartTimes.xml (RunModel)" time="0.008" />
  <testcase classname="ptolemy.util.test.junit.AutoTests" name="[16] /home/travis/build/icyphy/ptII/ptolemy/domains/de/test/auto/DEinDEwithStartTimes2.xml (RunModel)" time="0.008" />
  <testcase classname="ptolemy.util.test.junit.AutoTests" name="[17] /home/travis/build/icyphy/ptII/ptolemy/domains/de/test/auto/DateDemo.xml (RunModel)" time="0.017" />
  <testcase classname="ptolemy.util.test.junit.AutoTests" name="[18] /home/travis/build/icyphy/ptII/ptolemy/domains/de/test/auto/DateToEvent.xml (RunModel)" time="2.026" />
  <testcase classname="ptolemy.util.test.junit.AutoTests" name="[19] /home/travis/build/icyphy/ptII/ptolemy/domains/de/test/auto/DepthTest1.xml (RunModel)" time="0.006" />
  <testcase classname="ptolemy.util.test.junit.AutoTests" name="[20] /home/travis/build/icyphy/ptII/ptolemy/domains/de/test/auto/DepthTest2.xml (RunModel)" time="0.014" />
  <testcase classname="ptolemy.util.test.junit.AutoTests" name="[21] /home/travis/build/icyphy/ptII/ptolemy/domains/de/test/auto/DepthTest3.xml (RunModel)" time="0.011" />
  <testcase classname="ptolemy.util.test.junit.AutoTests" name="[22] /home/travis/build/icyphy/ptII/ptolemy/domains/de/test/auto/DepthTest4.xml (RunModel)" time="0.007" />
  <testcase classname="ptolemy.util.test.junit.AutoTests" name="[23] /home/travis/build/icyphy/ptII/ptolemy/domains/de/test/auto/DepthTest5.xml (RunModel)" time="0.008" />
  <testcase classname="ptolemy.util.test.junit.AutoTests" name="[24] /home/travis/build/icyphy/ptII/ptolemy/domains/de/test/auto/DepthTest6.xml (RunModel)" time="0.013" />
  <testcase classname="ptolemy.util.test.junit.AutoTests" name="[25] /home/travis/build/icyphy/ptII/ptolemy/domains/de/test/auto/DepthTest7.xml (RunModel)" time="0.018" />
  <testcase classname="ptolemy.util.test.junit.AutoTests" name="[26] /home/travis/build/icyphy/ptII/ptolemy/domains/de/test/auto/EventToDate.xml (RunModel)" time="3.041" />
  <testcase classname="ptolemy.util.test.junit.AutoTests" name="[27] /home/travis/build/icyphy/ptII/ptolemy/domains/de/test/auto/FSM1.xml (RunModel)" time="0.04" />
  <testcase classname="ptolemy.util.test.junit.AutoTests" name="[28] /home/travis/build/icyphy/ptII/ptolemy/domains/de/test/auto/FSM7.xml (RunModel)" time="0.038" />
  <testcase classname="ptolemy.util.test.junit.AutoTests" name="[29] /home/travis/build/icyphy/ptII/ptolemy/domains/de/test/auto/Inspection.xml (RunModel)" time="0.046" />
  <testcase classname="ptolemy.util.test.junit.AutoTests" name="[30] /home/travis/build/icyphy/ptII/ptolemy/domains/de/test/auto/Iteration.xml (RunModel)" time="0.017" />
  <testcase classname="ptolemy.util.test.junit.AutoTests" name="[31] /home/travis/build/icyphy/ptII/ptolemy/domains/de/test/auto/LineFault.xml (RunModel)" time="0.456" />
  <testcase classname="ptolemy.util.test.junit.AutoTests" name="[32] /home/travis/build/icyphy/ptII/ptolemy/domains/de/test/auto/MergeModel1Add.xml (RunModel)" time="0.038" />
  <testcase classname="ptolemy.util.test.junit.AutoTests" name="[33] /home/travis/build/icyphy/ptII/ptolemy/domains/de/test/auto/MergeModel2Add.xml (RunModel)" time="0.025" />
  <testcase classname="ptolemy.util.test.junit.AutoTests" name="[34] /home/travis/build/icyphy/ptII/ptolemy/domains/de/test/auto/MergeModel3Add.xml (RunModel)" time="0.028" />
  <testcase classname="ptolemy.util.test.junit.AutoTests" name="[35] /home/travis/build/icyphy/ptII/ptolemy/domains/de/test/auto/MergeWithoutDiscard.xml (RunModel)" time="0.008" />
  <testcase classname="ptolemy.util.test.junit.AutoTests" name="[36] /home/travis/build/icyphy/ptII/ptolemy/domains/de/test/auto/Modal1.xml (RunModel)" time="0.029" />
  <testcase classname="ptolemy.util.test.junit.AutoTests" name="[37] /home/travis/build/icyphy/ptII/ptolemy/domains/de/test/auto/Modal2.xml (RunModel)" time="0.022" />
  <testcase classname="ptolemy.util.test.junit.AutoTests" name="[38] /home/travis/build/icyphy/ptII/ptolemy/domains/de/test/auto/Modal3.xml (RunModel)" time="0.024" />
  <testcase classname="ptolemy.util.test.junit.AutoTests" name="[39] /home/travis/build/icyphy/ptII/ptolemy/domains/de/test/auto/Modal4.xml (RunModel)" time="0.022" />
  <testcase classname="ptolemy.util.test.junit.AutoTests" name="[40] /home/travis/build/icyphy/ptII/ptolemy/domains/de/test/auto/Modal5.xml (RunModel)" time="0.021" />
  <testcase classname="ptolemy.util.test.junit.AutoTests" name="[41] /home/travis/build/icyphy/ptII/ptolemy/domains/de/test/auto/Modal6.xml (RunModel)" time="0.02" />
  <testcase classname="ptolemy.util.test.junit.AutoTests" name="[42] /home/travis/build/icyphy/ptII/ptolemy/domains/de/test/auto/Modal7.xml (RunModel)" time="0.021" />
  <testcase classname="ptolemy.util.test.junit.AutoTests" name="[43] /home/travis/build/icyphy/ptII/ptolemy/domains/de/test/auto/ModalModel.xml (RunModel)" time="0.113" />
  <testcase classname="ptolemy.util.test.junit.AutoTests" name="[44] /home/travis/build/icyphy/ptII/ptolemy/domains/de/test/auto/ModalSource.xml (RunModel)" time="0.013" />
  <testcase classname="ptolemy.util.test.junit.AutoTests" name="[45] /home/travis/build/icyphy/ptII/ptolemy/domains/de/test/auto/NonInterruptibleTimerZeroDelay.xml (RunModel)" time="0.007" />
  <testcase classname="ptolemy.util.test.junit.AutoTests" name="[46] /home/travis/build/icyphy/ptII/ptolemy/domains/de/test/auto/OpenQueueingNetwork.xml (RunModel)" time="1.944" />
  <testcase classname="ptolemy.util.test.junit.AutoTests" name="[47] /home/travis/build/icyphy/ptII/ptolemy/domains/de/test/auto/OpenQueuingNetwork.xml (RunModel)" time="0.257" />
  <testcase classname="ptolemy.util.test.junit.AutoTests" name="[48] /home/travis/build/icyphy/ptII/ptolemy/domains/de/test/auto/PeriodicSampler.xml (RunModel)" time="0.01" />
  <testcase classname="ptolemy.util.test.junit.AutoTests" name="[49] /home/travis/build/icyphy/ptII/ptolemy/domains/de/test/auto/PersistentIO.xml (RunModel)" time="0.016" />
  <testcase classname="ptolemy.util.test.junit.AutoTests" name="[50] /home/travis/build/icyphy/ptII/ptolemy/domains/de/test/auto/PortParameterResetOnInitialize.xml (RunModel)" time="0.009" />
  <testcase classname="ptolemy.util.test.junit.AutoTests" name="[51] /home/travis/build/icyphy/ptII/ptolemy/domains/de/test/auto/PortParameterUpdates.xml (RunModel)" time="0.017" />
  <testcase classname="ptolemy.util.test.junit.AutoTests" name="[52] /home/travis/build/icyphy/ptII/ptolemy/domains/de/test/auto/QueueAndServer.xml (RunModel)" time="0.021" />
  <testcase classname="ptolemy.util.test.junit.AutoTests" name="[53] /home/travis/build/icyphy/ptII/ptolemy/domains/de/test/auto/Records.xml (RunModel)" time="0.02" />
  <testcase classname="ptolemy.util.test.junit.AutoTests" name="[54] /home/travis/build/icyphy/ptII/ptolemy/domains/de/test/auto/ResetTransitionWithStartTime1.xml (RunModel)" time="0.017" />
  <testcase classname="ptolemy.util.test.junit.AutoTests" name="[55] /home/travis/build/icyphy/ptII/ptolemy/domains/de/test/auto/ResetTransitionWithStartTime2.xml (RunModel)" time="0.019" />
  <testcase classname="ptolemy.util.test.junit.AutoTests" name="[56] /home/travis/build/icyphy/ptII/ptolemy/domains/de/test/auto/ResetTransitionWithStartTime3.xml (RunModel)" time="0.018" />
  <testcase classname="ptolemy.util.test.junit.AutoTests" name="[57] /home/travis/build/icyphy/ptII/ptolemy/domains/de/test/auto/ResetTransitionWithStartTime4.xml (RunModel)" time="0.023" />
  <testcase classname="ptolemy.util.test.junit.AutoTests" name="[58] /home/travis/build/icyphy/ptII/ptolemy/domains/de/test/auto/ResettableTimer1.xml (RunModel)" time="0.012" />
  <testcase classname="ptolemy.util.test.junit.AutoTests" name="[59] /home/travis/build/icyphy/ptII/ptolemy/domains/de/test/auto/ResettableTimer2.xml (RunModel)" time="0.01" />
  <testcase classname="ptolemy.util.test.junit.AutoTests" name="[60] /home/travis/build/icyphy/ptII/ptolemy/domains/de/test/auto/ResettableTimer3.xml (RunModel)" time="0.01" />
  <testcase classname="ptolemy.util.test.junit.AutoTests" name="[61] /home/travis/build/icyphy/ptII/ptolemy/domains/de/test/auto/ResettableTimer4.xml (RunModel)" time="0.009" />
  <testcase classname="ptolemy.util.test.junit.AutoTests" name="[62] /home/travis/build/icyphy/ptII/ptolemy/domains/de/test/auto/ResettableTimer5.xml (RunModel)" time="0.01" />
  <testcase classname="ptolemy.util.test.junit.AutoTests" name="[63] /home/travis/build/icyphy/ptII/ptolemy/domains/de/test/auto/ResettableTimer6.xml (RunModel)" time="0.01" />
  <testcase classname="ptolemy.util.test.junit.AutoTests" name="[64] /home/travis/build/icyphy/ptII/ptolemy/domains/de/test/auto/ServerZeroDelay.xml (RunModel)" time="0.011" />
  <testcase classname="ptolemy.util.test.junit.AutoTests" name="[65] /home/travis/build/icyphy/ptII/ptolemy/domains/de/test/auto/SmartSender.xml (RunModel)" time="3.009" />
  <testcase classname="ptolemy.util.test.junit.AutoTests" name="[66] /home/travis/build/icyphy/ptII/ptolemy/domains/de/test/auto/ThreadedComposite.xml (RunModel)" time="0.156" />
  <testcase classname="ptolemy.util.test.junit.AutoTests" name="[67] /home/travis/build/icyphy/ptII/ptolemy/domains/de/test/auto/Time.xml (RunModel)" time="0.404" />
  <testcase classname="ptolemy.util.test.junit.AutoTests" name="[68] /home/travis/build/icyphy/ptII/ptolemy/domains/de/test/auto/TimeDelayZeroDelay.xml (RunModel)" time="0.014" />
  <testcase classname="ptolemy.util.test.junit.AutoTests" name="[69] /home/travis/build/icyphy/ptII/ptolemy/domains/de/test/auto/TimerZeroDelay.xml (RunModel)" time="0.009" />
  <testcase classname="ptolemy.util.test.junit.AutoTests" name="[70] /home/travis/build/icyphy/ptII/ptolemy/domains/de/test/auto/TimingParadox.xml (RunModel)" time="0.348" />
  <testcase classname="ptolemy.util.test.junit.AutoTests" name="[71] /home/travis/build/icyphy/ptII/ptolemy/domains/de/test/auto/TransferInputs.xml (RunModel)" time="0.016" />
  <testcase classname="ptolemy.util.test.junit.AutoTests" name="[72] /home/travis/build/icyphy/ptII/ptolemy/domains/de/test/auto/TransferOutputs2.xml (RunModel)" time="0.014" />
  <testcase classname="ptolemy.util.test.junit.AutoTests" name="[73] /home/travis/build/icyphy/ptII/ptolemy/domains/de/test/auto/Trilateration.xml (RunModel)" time="11.991" />
  <testcase classname="ptolemy.util.test.junit.AutoTests" name="[74] /home/travis/build/icyphy/ptII/ptolemy/domains/de/test/auto/TwoSigmaDelta.xml (RunModel)" time="2.043" />
  <testcase classname="ptolemy.util.test.junit.AutoTests" name="[75] /home/travis/build/icyphy/ptII/ptolemy/domains/de/test/auto/VariableDelay.xml (RunModel)" time="0.01" />
  <testcase classname="ptolemy.util.test.junit.AutoTests" name="[76] /home/travis/build/icyphy/ptII/ptolemy/domains/de/test/auto/VariableDelay2.xml (RunModel)" time="0.008" />
  <testcase classname="ptolemy.util.test.junit.AutoTests" name="[77] /home/travis/build/icyphy/ptII/ptolemy/domains/de/test/auto/VariableDelayZeroDelay.xml (RunModel)" time="0.009" />
  <testcase classname="ptolemy.util.test.junit.AutoTests" name="[78] /home/travis/build/icyphy/ptII/ptolemy/domains/de/test/auto/VariableDelayZeroDelay2.xml (RunModel)" time="0.009" />
  <testcase classname="ptolemy.util.test.junit.AutoTests" name="[79] /home/travis/build/icyphy/ptII/ptolemy/domains/de/test/auto/deInCt.xml (RunModel)" time="0.018" />
  <testcase classname="ptolemy.util.test.junit.AutoTests" name="[80] /home/travis/build/icyphy/ptII/ptolemy/domains/de/test/auto/deInCt2.xml (RunModel)" time="0.012" />
  <testcase classname="ptolemy.util.test.junit.AutoTests" name="[81] /home/travis/build/icyphy/ptII/ptolemy/domains/de/test/auto/dynamicCausalityInterface1.xml (RunModel)" time="0.016" />
  <testcase classname="ptolemy.util.test.junit.AutoTests" name="[82] /home/travis/build/icyphy/ptII/ptolemy/domains/de/test/auto/fsm_de_test.xml (RunModel)" time="0.02" />
  <testcase classname="ptolemy.util.test.junit.AutoTests" name="[83] /home/travis/build/icyphy/ptII/ptolemy/domains/de/test/auto/functionDependencyReconstruction.xml (RunModel)" time="0.028" />
  <testcase classname="ptolemy.util.test.junit.AutoTests" name="[84] /home/travis/build/icyphy/ptII/ptolemy/domains/de/test/auto/multirate.xml (RunModel)" time="0.013" />
  <testcase classname="ptolemy.util.test.junit.AutoTests" name="[85] /home/travis/build/icyphy/ptII/ptolemy/domains/de/test/auto/multirate2.xml (RunModel)" time="0.013" />
  <testcase classname="ptolemy.util.test.junit.AutoTests" name="[86] /home/travis/build/icyphy/ptII/ptolemy/domains/de/test/auto/realtime.xml (RunModel)" time="10.01" />
  <testcase classname="ptolemy.util.test.junit.AutoTests" name="[87] /home/travis/build/icyphy/ptII/ptolemy/domains/de/test/auto/relationGroup.xml (RunModel)" time="0.007" />
  <testcase classname="ptolemy.util.test.junit.AutoTests" name="[88] /home/travis/build/icyphy/ptII/ptolemy/domains/de/test/auto/relationGroup2.xml (RunModel)" time="0.009" />
  <testcase classname="ptolemy.util.test.junit.AutoTests" name="[89] /home/travis/build/icyphy/ptII/ptolemy/domains/de/test/auto/sortWithOpaquePorts.xml (RunModel)" time="0.015" />
  <testcase classname="ptolemy.util.test.junit.AutoTests" name="[90] /home/travis/build/icyphy/ptII/ptolemy/domains/de/test/auto/transferInputsandOutputs.xml (RunModel)" time="0.02" />
  <testcase classname="ptolemy.util.test.junit.AutoTests" name="[91] /home/travis/build/icyphy/ptII/ptolemy/domains/de/test/auto/triggerType.xml (RunModel)" time="0.011" />
  <system-out><![CDATA[/home/travis/build/icyphy/ptII/ptolemy/domains/de/test/DependencyLoop.tcl
testDefs.tcl: setting time out to 9000 seconds at Wed May 16 00:02:47 UTC 2018
32 ms. Memory: 116224K Free: 95069K (82%)
10 ms. Memory: 146944K Free: 137817K (94%)
/home/travis/build/icyphy/ptII/ptolemy/domains/de/test/RunDETestsAsQSS.tcl
Run the DE tests using ptolemy.domains.qss.test.QSSDirectorTest, which extends QSSDirector and prints a message in the constructors.
------------------ testing $PTII/ptolemy/domains/de/test/auto/knownFailedTests/dependencyLoop.xml (Known Failure) 
6 ms. Memory: 146944K Free: 133542K (91%)


==== $PTIIhome/travis/build/icyphy/ptII/ptolemy/domains/de/test/../../../../: Auto Automatic test in file $PTII/ptolemy/domains/de/test/auto/knownFailedTests/dependencyLoop.xml
==== Contents of test case:

	    # FIXME: we should use $relativeFilename here, but it
	    # might have backslashes under Windows, which causes no end
	    # of trouble.
	    createAndExecute $file
	    list {}
	
.... Test generated KNOWN error:
    while executing
ptolemy.kernel.util.IllegalActionException: Found a zero delay loop containing .dependencyLoop.original
  in .dependencyLoop and .dependencyLoop.original
	at ptolemy.actor.util.CausalityInterfaceForComposites._computeOutputPortDepth(CausalityInterfaceForComposites.java:759)
	at ptolemy.actor.util.CausalityInterfaceForComposites._computeInputDepth(CausalityInterfaceForComposites.java:696)
	at ptolemy.actor.util.CausalityInterfaceForComposites._computeOutputPortDepth(CausalityInterfaceForComposites.java:765)
	at ptolemy.actor.util.CausalityInterfaceForComposites._computeInputDepth(CausalityInterfaceForComposites.java:696)
	at ptolemy.actor.util.CausalityInterfaceForComposites._computeOutputPortDepth(CausalityInterfaceForComposites.java:765)
	at ptolemy.actor.util.CausalityInterfaceForComposites._computeInputDepth(CausalityInterfaceForComposites.java:696)
	at ptolemy.actor.util.CausalityInterfaceForComposites._computeActorDepth(CausalityInterfaceForComposites.java:532)
	at ptolemy.actor.util.CausalityInterfaceForComposites.checkForCycles(CausalityInterfaceForComposites.java:96)
	at ptolemy.domains.de.kernel.DEDirector.preinitialize(DEDirector.java:1337)
	at ptolemy.actor.CompositeActor.preinitialize(CompositeActor.java:1828)
	at ptolemy.actor.Manager.preinitializeAndResolveTypes(Manager.java:1040)
	at ptolemy.actor.Manager.initialize(Manager.java:710)
	at ptolemy.actor.Manager.execute(Manager.java:356)
	at ptolemy.actor.Manager.run(Manager.java:1263)
	at ptolemy.actor.Manager$PtolemyRunThread.run(Manager.java:1915)

    while executing
ptolemy.kernel.util.IllegalActionException: Found a zero delay loop containing .dependencyLoop.original
  in .dependencyLoop and .dependencyLoop.original
    while executing
"java::new ptolemy.moml.MoMLSimpleApplication $file
"
    (procedure "createAndExecute" line 2)
    invoked from within
"createAndExecute $file"
    ("uplevel" body line 5)
    invoked from within
"uplevel $contents_of_test"
------------------ testing $PTII/ptolemy/domains/de/test/auto/knownFailedTests/DESDFClockTest.xml (Known Failure) 
2090 ms. Memory: 146944K Free: 117688K (80%)


==== $PTIIhome/travis/build/icyphy/ptII/ptolemy/domains/de/test/../../../../: Auto Automatic test in file $PTII/ptolemy/domains/de/test/auto/knownFailedTests/DESDFClockTest.xml
==== Contents of test case:

	    # FIXME: we should use $relativeFilename here, but it
	    # might have backslashes under Windows, which causes no end
	    # of trouble.
	    createAndExecute $file
	    list {}
	
.... Test generated KNOWN error:
    while executing
ptolemy.kernel.util.IllegalActionException: Actor is not ready to fire.  Perhaps UpSample.prefire() returned false? Try debugging the actor by selecting "Listen to Actor".  Also, for SDF check moml for tokenConsumptionRate on input.
  in .DESDFClockTest.Play Bell.Copy1:SDF Director and .DESDFClockTest.Play Bell.UpSample
	at ptolemy.actor.sched.StaticSchedulingDirector.fire(StaticSchedulingDirector.java:227)
	at ptolemy.domains.sdf.kernel.SDFDirector.fire(SDFDirector.java:500)
	at ptolemy.actor.CompositeActor.fire(CompositeActor.java:455)
	at ptolemy.domains.de.kernel.DEDirector._fire(DEDirector.java:1948)
	at ptolemy.domains.de.kernel.DEDirector.fire(DEDirector.java:502)
	at ptolemy.actor.CompositeActor.fire(CompositeActor.java:455)
	at ptolemy.actor.Manager.iterate(Manager.java:851)
	at ptolemy.actor.Manager.execute(Manager.java:369)
	at ptolemy.actor.Manager.run(Manager.java:1263)
	at ptolemy.actor.Manager$PtolemyRunThread.run(Manager.java:1915)

    while executing
ptolemy.kernel.util.IllegalActionException: Actor is not ready to fire.  Perhaps UpSample.prefire() returned false? Try debugging the actor by selecting "Listen to Actor".  Also, for SDF check moml for tokenConsumptionRate on input.
  in .DESDFClockTest.Play Bell.Copy1:SDF Director and .DESDFClockTest.Play Bell.UpSample
    while executing
"java::new ptolemy.moml.MoMLSimpleApplication $file
"
    (procedure "createAndExecute" line 2)
    invoked from within
"createAndExecute $file"
    ("uplevel" body line 5)
    invoked from within
"uplevel $contents_of_test"
------------------ testing $PTII/ptolemy/domains/de/test/auto/knownFailedTests/FSMSource.xml (Known Failure) 
40 ms. Memory: 146944K Free: 108147K (74%)
!!!! Auto was marked as failing, but now passes
------------------ testing $PTII/ptolemy/domains/de/test/auto/knownFailedTests/dependencyLoop2.xml (Known Failure) 
6 ms. Memory: 146944K Free: 106287K (72%)


==== $PTIIhome/travis/build/icyphy/ptII/ptolemy/domains/de/test/../../../../: Auto Automatic test in file $PTII/ptolemy/domains/de/test/auto/knownFailedTests/dependencyLoop2.xml
==== Contents of test case:

	    # FIXME: we should use $relativeFilename here, but it
	    # might have backslashes under Windows, which causes no end
	    # of trouble.
	    createAndExecute $file
	    list {}
	
.... Test generated KNOWN error:
    while executing
ptolemy.kernel.util.IllegalActionException: Found a zero delay loop containing .dependencyLoop2.original
  in .dependencyLoop2 and .dependencyLoop2.original
	at ptolemy.actor.util.CausalityInterfaceForComposites._computeOutputPortDepth(CausalityInterfaceForComposites.java:759)
	at ptolemy.actor.util.CausalityInterfaceForComposites._computeInputDepth(CausalityInterfaceForComposites.java:696)
	at ptolemy.actor.util.CausalityInterfaceForComposites._computeOutputPortDepth(CausalityInterfaceForComposites.java:765)
	at ptolemy.actor.util.CausalityInterfaceForComposites._computeInputDepth(CausalityInterfaceForComposites.java:696)
	at ptolemy.actor.util.CausalityInterfaceForComposites._computeOutputPortDepth(CausalityInterfaceForComposites.java:765)
	at ptolemy.actor.util.CausalityInterfaceForComposites._computeInputDepth(CausalityInterfaceForComposites.java:696)
	at ptolemy.actor.util.CausalityInterfaceForComposites._computeActorDepth(CausalityInterfaceForComposites.java:532)
	at ptolemy.actor.util.CausalityInterfaceForComposites.checkForCycles(CausalityInterfaceForComposites.java:96)
	at ptolemy.domains.de.kernel.DEDirector.preinitialize(DEDirector.java:1337)
	at ptolemy.actor.CompositeActor.preinitialize(CompositeActor.java:1828)
	at ptolemy.actor.Manager.preinitializeAndResolveTypes(Manager.java:1040)
	at ptolemy.actor.Manager.initialize(Manager.java:710)
	at ptolemy.actor.Manager.execute(Manager.java:356)
	at ptolemy.actor.Manager.run(Manager.java:1263)
	at ptolemy.actor.Manager$PtolemyRunThread.run(Manager.java:1915)

    while executing
ptolemy.kernel.util.IllegalActionException: Found a zero delay loop containing .dependencyLoop2.original
  in .dependencyLoop2 and .dependencyLoop2.original
    while executing
"java::new ptolemy.moml.MoMLSimpleApplication $file
"
    (procedure "createAndExecute" line 2)
    invoked from within
"createAndExecute $file"
    ("uplevel" body line 5)
    invoked from within
"uplevel $contents_of_test"
------------------ testing $PTII/ptolemy/domains/de/test/auto/knownFailedTests/HierarchicalModel.xml (Known Failure) 
4 ms. Memory: 146944K Free: 85690K (58%)


==== $PTIIhome/travis/build/icyphy/ptII/ptolemy/domains/de/test/../../../../: Auto Automatic test in file $PTII/ptolemy/domains/de/test/auto/knownFailedTests/HierarchicalModel.xml
==== Contents of test case:

	    # FIXME: we should use $relativeFilename here, but it
	    # might have backslashes under Windows, which causes no end
	    # of trouble.
	    createAndExecute $file
	    list {}
	
.... Test generated KNOWN error:
    while executing
ptolemy.kernel.util.IllegalActionException: Found a zero delay loop containing .HierarchicalModel.A
  in .HierarchicalModel and .HierarchicalModel.A
	at ptolemy.actor.util.CausalityInterfaceForComposites._computeOutputPortDepth(CausalityInterfaceForComposites.java:759)
	at ptolemy.actor.util.CausalityInterfaceForComposites._computeInputDepth(CausalityInterfaceForComposites.java:696)
	at ptolemy.actor.util.CausalityInterfaceForComposites._computeOutputPortDepth(CausalityInterfaceForComposites.java:765)
	at ptolemy.actor.util.CausalityInterfaceForComposites._computeInputDepth(CausalityInterfaceForComposites.java:696)
	at ptolemy.actor.util.CausalityInterfaceForComposites._computeOutputPortDepth(CausalityInterfaceForComposites.java:765)
	at ptolemy.actor.util.CausalityInterfaceForComposites._computeInputDepth(CausalityInterfaceForComposites.java:696)
	at ptolemy.actor.util.CausalityInterfaceForComposites._computeActorDepth(CausalityInterfaceForComposites.java:532)
	at ptolemy.actor.util.CausalityInterfaceForComposites.checkForCycles(CausalityInterfaceForComposites.java:96)
	at ptolemy.domains.de.kernel.DEDirector.preinitialize(DEDirector.java:1337)
	at ptolemy.actor.CompositeActor.preinitialize(CompositeActor.java:1828)
	at ptolemy.actor.Manager.preinitializeAndResolveTypes(Manager.java:1040)
	at ptolemy.actor.Manager.initialize(Manager.java:710)
	at ptolemy.actor.Manager.execute(Manager.java:356)
	at ptolemy.actor.Manager.run(Manager.java:1263)
	at ptolemy.actor.Manager$PtolemyRunThread.run(Manager.java:1915)

    while executing
ptolemy.kernel.util.IllegalActionException: Found a zero delay loop containing .HierarchicalModel.A
  in .HierarchicalModel and .HierarchicalModel.A
    while executing
"java::new ptolemy.moml.MoMLSimpleApplication $file
"
    (procedure "createAndExecute" line 2)
    invoked from within
"createAndExecute $file"
    ("uplevel" body line 5)
    invoked from within
"uplevel $contents_of_test"
------------------ testing $PTII/ptolemy/domains/de/test/auto/knownFailedTests/DirectFeedback.xml (Known Failure) 
14 ms. Memory: 146944K Free: 142567K (97%)


==== $PTIIhome/travis/build/icyphy/ptII/ptolemy/domains/de/test/../../../../: Auto Automatic test in file $PTII/ptolemy/domains/de/test/auto/knownFailedTests/DirectFeedback.xml
==== Contents of test case:

	    # FIXME: we should use $relativeFilename here, but it
	    # might have backslashes under Windows, which causes no end
	    # of trouble.
	    createAndExecute $file
	    list {}
	
.... Test generated KNOWN error:
    while executing
ptolemy.kernel.util.IllegalActionException: Test fails in iteration 1.
Value was: 1.0. Should have been: 2.0
  in .DirectFeedback.Test
	at ptolemy.actor.lib.Test.fire(Test.java:268)
	at ptolemy.domains.de.kernel.DEDirector._fire(DEDirector.java:1948)
	at ptolemy.domains.de.kernel.DEDirector.fire(DEDirector.java:502)
	at ptolemy.actor.CompositeActor.fire(CompositeActor.java:455)
	at ptolemy.actor.Manager.iterate(Manager.java:851)
	at ptolemy.actor.Manager.execute(Manager.java:369)
	at ptolemy.actor.Manager.run(Manager.java:1263)
	at ptolemy.actor.Manager$PtolemyRunThread.run(Manager.java:1915)

    while executing
ptolemy.kernel.util.IllegalActionException: Test fails in iteration 1.
Value was: 1.0. Should have been: 2.0
  in .DirectFeedback.Test
    while executing
"java::new ptolemy.moml.MoMLSimpleApplication $file
"
    (procedure "createAndExecute" line 2)
    invoked from within
"createAndExecute $file"
    ("uplevel" body line 5)
    invoked from within
"uplevel $contents_of_test"
------------------ testing $PTII/ptolemy/domains/de/test/auto/ActorDepthCalculation_actorWithoutPorts.xml
auto.tcl: Setting watchdog for 200 seconds at Wed May 16 00:02:50 UTC 2018
6 ms. Memory: 146944K Free: 133583K (91%)
ptolemy.util.test.WatchDog.cancel(): canceling Wed May 16 00:02:50 UTC 2018
auto.tcl: Setting watchdog for 200 seconds at Wed May 16 00:02:50 UTC 2018
8 ms. Memory: 146944K Free: 132541K (90%)
ptolemy.util.test.WatchDog.cancel(): canceling Wed May 16 00:02:50 UTC 2018
------------------ testing $PTII/ptolemy/domains/de/test/auto/AssemblyLine.xml
auto.tcl: Setting watchdog for 200 seconds at Wed May 16 00:02:51 UTC 2018
47 ms. Memory: 208384K Free: 182814K (88%)
ptolemy.util.test.WatchDog.cancel(): canceling Wed May 16 00:02:51 UTC 2018
auto.tcl: Setting watchdog for 200 seconds at Wed May 16 00:02:51 UTC 2018
11 ms. Memory: 208384K Free: 182814K (88%)
ptolemy.util.test.WatchDog.cancel(): canceling Wed May 16 00:02:51 UTC 2018
------------------ testing $PTII/ptolemy/domains/de/test/auto/CQBug1.xml
auto.tcl: Setting watchdog for 200 seconds at Wed May 16 00:02:51 UTC 2018
3 ms. Memory: 208384K Free: 197693K (95%)
ptolemy.util.test.WatchDog.cancel(): canceling Wed May 16 00:02:51 UTC 2018
auto.tcl: Setting watchdog for 200 seconds at Wed May 16 00:02:51 UTC 2018
2 ms. Memory: 208384K Free: 197693K (95%)
ptolemy.util.test.WatchDog.cancel(): canceling Wed May 16 00:02:51 UTC 2018
------------------ testing $PTII/ptolemy/domains/de/test/auto/CancelFireAt.xml
auto.tcl: Setting watchdog for 200 seconds at Wed May 16 00:02:51 UTC 2018
20 ms. Memory: 208384K Free: 201091K (97%)
ptolemy.util.test.WatchDog.cancel(): canceling Wed May 16 00:02:51 UTC 2018
auto.tcl: Setting watchdog for 200 seconds at Wed May 16 00:02:51 UTC 2018
2 ms. Memory: 208384K Free: 198984K (95%)
ptolemy.util.test.WatchDog.cancel(): canceling Wed May 16 00:02:51 UTC 2018
------------------ testing $PTII/ptolemy/domains/de/test/auto/CausalityAndComposabilityAnalysis.xml
auto.tcl: Setting watchdog for 200 seconds at Wed May 16 00:02:51 UTC 2018
24 ms. Memory: 208384K Free: 196458K (94%)
ptolemy.util.test.WatchDog.cancel(): canceling Wed May 16 00:02:51 UTC 2018
auto.tcl: Setting watchdog for 200 seconds at Wed May 16 00:02:51 UTC 2018
12 ms. Memory: 208384K Free: 196458K (94%)
ptolemy.util.test.WatchDog.cancel(): canceling Wed May 16 00:02:51 UTC 2018
------------------ testing $PTII/ptolemy/domains/de/test/auto/CausalityInterface1.xml
auto.tcl: Setting watchdog for 200 seconds at Wed May 16 00:02:51 UTC 2018
14 ms. Memory: 208384K Free: 196402K (94%)
ptolemy.util.test.WatchDog.cancel(): canceling Wed May 16 00:02:51 UTC 2018
auto.tcl: Setting watchdog for 200 seconds at Wed May 16 00:02:51 UTC 2018
3 ms. Memory: 208384K Free: 196402K (94%)
ptolemy.util.test.WatchDog.cancel(): canceling Wed May 16 00:02:51 UTC 2018
------------------ testing $PTII/ptolemy/domains/de/test/auto/CausalityInterface15.xml
auto.tcl: Setting watchdog for 200 seconds at Wed May 16 00:02:51 UTC 2018
21 ms. Memory: 208384K Free: 196385K (94%)
ptolemy.util.test.WatchDog.cancel(): canceling Wed May 16 00:02:51 UTC 2018
auto.tcl: Setting watchdog for 200 seconds at Wed May 16 00:02:51 UTC 2018
4 ms. Memory: 208384K Free: 196385K (94%)
ptolemy.util.test.WatchDog.cancel(): canceling Wed May 16 00:02:51 UTC 2018
------------------ testing $PTII/ptolemy/domains/de/test/auto/CausalityInterface2.xml
auto.tcl: Setting watchdog for 200 seconds at Wed May 16 00:02:51 UTC 2018
8 ms. Memory: 208384K Free: 196376K (94%)
ptolemy.util.test.WatchDog.cancel(): canceling Wed May 16 00:02:51 UTC 2018
auto.tcl: Setting watchdog for 200 seconds at Wed May 16 00:02:51 UTC 2018
3 ms. Memory: 208384K Free: 196376K (94%)
ptolemy.util.test.WatchDog.cancel(): canceling Wed May 16 00:02:51 UTC 2018
------------------ testing $PTII/ptolemy/domains/de/test/auto/CausalityInterface3.xml
auto.tcl: Setting watchdog for 200 seconds at Wed May 16 00:02:51 UTC 2018
6 ms. Memory: 208384K Free: 196397K (94%)
ptolemy.util.test.WatchDog.cancel(): canceling Wed May 16 00:02:51 UTC 2018
auto.tcl: Setting watchdog for 200 seconds at Wed May 16 00:02:51 UTC 2018
2 ms. Memory: 208384K Free: 196397K (94%)
ptolemy.util.test.WatchDog.cancel(): canceling Wed May 16 00:02:51 UTC 2018
------------------ testing $PTII/ptolemy/domains/de/test/auto/ClockDrift.xml
auto.tcl: Setting watchdog for 200 seconds at Wed May 16 00:02:51 UTC 2018
57 ms. Memory: 208384K Free: 187568K (90%)
ptolemy.util.test.WatchDog.cancel(): canceling Wed May 16 00:02:52 UTC 2018
auto.tcl: Setting watchdog for 200 seconds at Wed May 16 00:02:52 UTC 2018
50 ms. Memory: 208384K Free: 185461K (89%)
ptolemy.util.test.WatchDog.cancel(): canceling Wed May 16 00:02:52 UTC 2018
------------------ testing $PTII/ptolemy/domains/de/test/auto/ClockDriftAndValueChange.xml
auto.tcl: Setting watchdog for 200 seconds at Wed May 16 00:02:52 UTC 2018
26 ms. Memory: 208384K Free: 187397K (90%)
ptolemy.util.test.WatchDog.cancel(): canceling Wed May 16 00:02:52 UTC 2018
auto.tcl: Setting watchdog for 200 seconds at Wed May 16 00:02:52 UTC 2018
43 ms. Memory: 208384K Free: 185290K (89%)
ptolemy.util.test.WatchDog.cancel(): canceling Wed May 16 00:02:52 UTC 2018
------------------ testing $PTII/ptolemy/domains/de/test/auto/ClockDriftChange.xml
auto.tcl: Setting watchdog for 200 seconds at Wed May 16 00:02:52 UTC 2018
22 ms. Memory: 208384K Free: 190757K (92%)
ptolemy.util.test.WatchDog.cancel(): canceling Wed May 16 00:02:52 UTC 2018
auto.tcl: Setting watchdog for 200 seconds at Wed May 16 00:02:52 UTC 2018
24 ms. Memory: 208384K Free: 188634K (91%)
ptolemy.util.test.WatchDog.cancel(): canceling Wed May 16 00:02:52 UTC 2018
------------------ testing $PTII/ptolemy/domains/de/test/auto/ComposableCausalityAnalysis.xml
auto.tcl: Setting watchdog for 200 seconds at Wed May 16 00:02:52 UTC 2018
2 ms. Memory: 208384K Free: 196253K (94%)
ptolemy.util.test.WatchDog.cancel(): canceling Wed May 16 00:02:52 UTC 2018
auto.tcl: Setting watchdog for 200 seconds at Wed May 16 00:02:52 UTC 2018
1 ms. Memory: 208384K Free: 194129K (93%)
ptolemy.util.test.WatchDog.cancel(): canceling Wed May 16 00:02:52 UTC 2018
------------------ testing $PTII/ptolemy/domains/de/test/auto/DEFixedPointLimitation.xml
auto.tcl: Setting watchdog for 200 seconds at Wed May 16 00:02:52 UTC 2018
2 ms. Memory: 208384K Free: 198432K (95%)
ptolemy.util.test.WatchDog.cancel(): canceling Wed May 16 00:02:52 UTC 2018
auto.tcl: Setting watchdog for 200 seconds at Wed May 16 00:02:52 UTC 2018
1 ms. Memory: 208384K Free: 196322K (94%)
ptolemy.util.test.WatchDog.cancel(): canceling Wed May 16 00:02:52 UTC 2018
------------------ testing $PTII/ptolemy/domains/de/test/auto/DEScheduleTest.xml
auto.tcl: Setting watchdog for 200 seconds at Wed May 16 00:02:52 UTC 2018
4 ms. Memory: 208384K Free: 198468K (95%)
ptolemy.util.test.WatchDog.cancel(): canceling Wed May 16 00:02:52 UTC 2018
auto.tcl: Setting watchdog for 200 seconds at Wed May 16 00:02:52 UTC 2018
3 ms. Memory: 208384K Free: 196345K (94%)
ptolemy.util.test.WatchDog.cancel(): canceling Wed May 16 00:02:52 UTC 2018
------------------ testing $PTII/ptolemy/domains/de/test/auto/DEinDEwithStartTimes.xml
auto.tcl: Setting watchdog for 200 seconds at Wed May 16 00:02:52 UTC 2018
4 ms. Memory: 208384K Free: 196330K (94%)
ptolemy.util.test.WatchDog.cancel(): canceling Wed May 16 00:02:52 UTC 2018
auto.tcl: Setting watchdog for 200 seconds at Wed May 16 00:02:52 UTC 2018
3 ms. Memory: 208384K Free: 194223K (93%)
ptolemy.util.test.WatchDog.cancel(): canceling Wed May 16 00:02:52 UTC 2018
------------------ testing $PTII/ptolemy/domains/de/test/auto/DEinDEwithStartTimes2.xml
auto.tcl: Setting watchdog for 200 seconds at Wed May 16 00:02:52 UTC 2018
9 ms. Memory: 208384K Free: 196310K (94%)
ptolemy.util.test.WatchDog.cancel(): canceling Wed May 16 00:02:52 UTC 2018
auto.tcl: Setting watchdog for 200 seconds at Wed May 16 00:02:52 UTC 2018
9 ms. Memory: 208384K Free: 194186K (93%)
ptolemy.util.test.WatchDog.cancel(): canceling Wed May 16 00:02:52 UTC 2018
------------------ testing $PTII/ptolemy/domains/de/test/auto/DateDemo.xml
auto.tcl: Setting watchdog for 200 seconds at Wed May 16 00:02:52 UTC 2018
17 ms. Memory: 208384K Free: 188701K (91%)
ptolemy.util.test.WatchDog.cancel(): canceling Wed May 16 00:02:53 UTC 2018
auto.tcl: Setting watchdog for 200 seconds at Wed May 16 00:02:53 UTC 2018
14 ms. Memory: 208384K Free: 186578K (90%)
ptolemy.util.test.WatchDog.cancel(): canceling Wed May 16 00:02:53 UTC 2018
------------------ testing $PTII/ptolemy/domains/de/test/auto/DateToEvent.xml
auto.tcl: Setting watchdog for 200 seconds at Wed May 16 00:02:53 UTC 2018
2018 ms. Memory: 208384K Free: 183386K (88%)
ptolemy.util.test.WatchDog.cancel(): canceling Wed May 16 00:02:55 UTC 2018
auto.tcl: Setting watchdog for 200 seconds at Wed May 16 00:02:55 UTC 2018
2004 ms. Memory: 208384K Free: 183386K (88%)
ptolemy.util.test.WatchDog.cancel(): canceling Wed May 16 00:02:57 UTC 2018
------------------ testing $PTII/ptolemy/domains/de/test/auto/DepthTest1.xml
auto.tcl: Setting watchdog for 200 seconds at Wed May 16 00:02:57 UTC 2018
2 ms. Memory: 208384K Free: 195876K (94%)
ptolemy.util.test.WatchDog.cancel(): canceling Wed May 16 00:02:57 UTC 2018
auto.tcl: Setting watchdog for 200 seconds at Wed May 16 00:02:57 UTC 2018
1 ms. Memory: 208384K Free: 195876K (94%)
ptolemy.util.test.WatchDog.cancel(): canceling Wed May 16 00:02:57 UTC 2018
------------------ testing $PTII/ptolemy/domains/de/test/auto/DepthTest2.xml
auto.tcl: Setting watchdog for 200 seconds at Wed May 16 00:02:57 UTC 2018
3 ms. Memory: 208384K Free: 194174K (93%)
ptolemy.util.test.WatchDog.cancel(): canceling Wed May 16 00:02:57 UTC 2018
auto.tcl: Setting watchdog for 200 seconds at Wed May 16 00:02:57 UTC 2018
5 ms. Memory: 208384K Free: 194174K (93%)
ptolemy.util.test.WatchDog.cancel(): canceling Wed May 16 00:02:57 UTC 2018
------------------ testing $PTII/ptolemy/domains/de/test/auto/DepthTest3.xml
auto.tcl: Setting watchdog for 200 seconds at Wed May 16 00:02:57 UTC 2018
11 ms. Memory: 208384K Free: 198329K (95%)
ptolemy.util.test.WatchDog.cancel(): canceling Wed May 16 00:02:57 UTC 2018
auto.tcl: Setting watchdog for 200 seconds at Wed May 16 00:02:57 UTC 2018
2 ms. Memory: 208384K Free: 198329K (95%)
ptolemy.util.test.WatchDog.cancel(): canceling Wed May 16 00:02:57 UTC 2018
------------------ testing $PTII/ptolemy/domains/de/test/auto/DepthTest4.xml
auto.tcl: Setting watchdog for 200 seconds at Wed May 16 00:02:57 UTC 2018
6 ms. Memory: 208384K Free: 196325K (94%)
ptolemy.util.test.WatchDog.cancel(): canceling Wed May 16 00:02:57 UTC 2018
auto.tcl: Setting watchdog for 200 seconds at Wed May 16 00:02:57 UTC 2018
3 ms. Memory: 208384K Free: 196325K (94%)
ptolemy.util.test.WatchDog.cancel(): canceling Wed May 16 00:02:57 UTC 2018
------------------ testing $PTII/ptolemy/domains/de/test/auto/DepthTest5.xml
auto.tcl: Setting watchdog for 200 seconds at Wed May 16 00:02:57 UTC 2018
8 ms. Memory: 208384K Free: 196256K (94%)
ptolemy.util.test.WatchDog.cancel(): canceling Wed May 16 00:02:57 UTC 2018
auto.tcl: Setting watchdog for 200 seconds at Wed May 16 00:02:57 UTC 2018
3 ms. Memory: 208384K Free: 196256K (94%)
ptolemy.util.test.WatchDog.cancel(): canceling Wed May 16 00:02:57 UTC 2018
------------------ testing $PTII/ptolemy/domains/de/test/auto/DepthTest6.xml
auto.tcl: Setting watchdog for 200 seconds at Wed May 16 00:02:57 UTC 2018
12 ms. Memory: 208384K Free: 196241K (94%)
ptolemy.util.test.WatchDog.cancel(): canceling Wed May 16 00:02:57 UTC 2018
auto.tcl: Setting watchdog for 200 seconds at Wed May 16 00:02:57 UTC 2018
3 ms. Memory: 208384K Free: 196241K (94%)
ptolemy.util.test.WatchDog.cancel(): canceling Wed May 16 00:02:57 UTC 2018
------------------ testing $PTII/ptolemy/domains/de/test/auto/DepthTest7.xml
auto.tcl: Setting watchdog for 200 seconds at Wed May 16 00:02:57 UTC 2018
2 ms. Memory: 208384K Free: 196213K (94%)
ptolemy.util.test.WatchDog.cancel(): canceling Wed May 16 00:02:57 UTC 2018
auto.tcl: Setting watchdog for 200 seconds at Wed May 16 00:02:57 UTC 2018
1 ms. Memory: 208384K Free: 196213K (94%)
ptolemy.util.test.WatchDog.cancel(): canceling Wed May 16 00:02:57 UTC 2018
------------------ testing $PTII/ptolemy/domains/de/test/auto/EventToDate.xml
auto.tcl: Setting watchdog for 200 seconds at Wed May 16 00:02:57 UTC 2018
3012 ms. Memory: 208384K Free: 185674K (89%)
ptolemy.util.test.WatchDog.cancel(): canceling Wed May 16 00:03:00 UTC 2018
auto.tcl: Setting watchdog for 200 seconds at Wed May 16 00:03:00 UTC 2018
3005 ms. Memory: 208384K Free: 185674K (89%)
ptolemy.util.test.WatchDog.cancel(): canceling Wed May 16 00:03:03 UTC 2018
------------------ testing $PTII/ptolemy/domains/de/test/auto/FSM1.xml
auto.tcl: Setting watchdog for 200 seconds at Wed May 16 00:03:03 UTC 2018
15 ms. Memory: 208384K Free: 189218K (91%)
ptolemy.util.test.WatchDog.cancel(): canceling Wed May 16 00:03:04 UTC 2018
auto.tcl: Setting watchdog for 200 seconds at Wed May 16 00:03:04 UTC 2018
14 ms. Memory: 208384K Free: 184988K (89%)
ptolemy.util.test.WatchDog.cancel(): canceling Wed May 16 00:03:04 UTC 2018
------------------ testing $PTII/ptolemy/domains/de/test/auto/FSM7.xml
auto.tcl: Setting watchdog for 200 seconds at Wed May 16 00:03:04 UTC 2018
22 ms. Memory: 208384K Free: 187299K (90%)
ptolemy.util.test.WatchDog.cancel(): canceling Wed May 16 00:03:04 UTC 2018
auto.tcl: Setting watchdog for 200 seconds at Wed May 16 00:03:04 UTC 2018
20 ms. Memory: 208384K Free: 185183K (89%)
ptolemy.util.test.WatchDog.cancel(): canceling Wed May 16 00:03:04 UTC 2018
------------------ testing $PTII/ptolemy/domains/de/test/auto/Inspection.xml
auto.tcl: Setting watchdog for 200 seconds at Wed May 16 00:03:04 UTC 2018
37 ms. Memory: 208384K Free: 188881K (91%)
ptolemy.util.test.WatchDog.cancel(): canceling Wed May 16 00:03:04 UTC 2018
auto.tcl: Setting watchdog for 200 seconds at Wed May 16 00:03:04 UTC 2018
21 ms. Memory: 208384K Free: 186428K (89%)
ptolemy.util.test.WatchDog.cancel(): canceling Wed May 16 00:03:04 UTC 2018
------------------ testing $PTII/ptolemy/domains/de/test/auto/Iteration.xml
auto.tcl: Setting watchdog for 200 seconds at Wed May 16 00:03:04 UTC 2018
9 ms. Memory: 208384K Free: 194249K (93%)
ptolemy.util.test.WatchDog.cancel(): canceling Wed May 16 00:03:04 UTC 2018
auto.tcl: Setting watchdog for 200 seconds at Wed May 16 00:03:04 UTC 2018
14 ms. Memory: 208384K Free: 193911K (93%)
ptolemy.util.test.WatchDog.cancel(): canceling Wed May 16 00:03:04 UTC 2018
------------------ testing $PTII/ptolemy/domains/de/test/auto/LineFault.xml
auto.tcl: Setting watchdog for 200 seconds at Wed May 16 00:03:04 UTC 2018
710 ms. Memory: 208384K Free: 196334K (94%)
ptolemy.util.test.WatchDog.cancel(): canceling Wed May 16 00:03:05 UTC 2018
auto.tcl: Setting watchdog for 200 seconds at Wed May 16 00:03:05 UTC 2018
627 ms. Memory: 208384K Free: 138763K (67%)
ptolemy.util.test.WatchDog.cancel(): canceling Wed May 16 00:03:06 UTC 2018
------------------ testing $PTII/ptolemy/domains/de/test/auto/MergeModel1Add.xml
auto.tcl: Setting watchdog for 200 seconds at Wed May 16 00:03:06 UTC 2018
28 ms. Memory: 331264K Free: 302714K (91%)
ptolemy.util.test.WatchDog.cancel(): canceling Wed May 16 00:03:06 UTC 2018
auto.tcl: Setting watchdog for 200 seconds at Wed May 16 00:03:06 UTC 2018
20 ms. Memory: 331264K Free: 298734K (90%)
ptolemy.util.test.WatchDog.cancel(): canceling Wed May 16 00:03:06 UTC 2018
------------------ testing $PTII/ptolemy/domains/de/test/auto/MergeModel2Add.xml
auto.tcl: Setting watchdog for 200 seconds at Wed May 16 00:03:06 UTC 2018
14 ms. Memory: 331264K Free: 304060K (92%)
ptolemy.util.test.WatchDog.cancel(): canceling Wed May 16 00:03:06 UTC 2018
auto.tcl: Setting watchdog for 200 seconds at Wed May 16 00:03:06 UTC 2018
8 ms. Memory: 331264K Free: 300097K (91%)
ptolemy.util.test.WatchDog.cancel(): canceling Wed May 16 00:03:06 UTC 2018
------------------ testing $PTII/ptolemy/domains/de/test/auto/MergeModel3Add.xml
auto.tcl: Setting watchdog for 200 seconds at Wed May 16 00:03:06 UTC 2018
11 ms. Memory: 331264K Free: 304071K (92%)
ptolemy.util.test.WatchDog.cancel(): canceling Wed May 16 00:03:06 UTC 2018
auto.tcl: Setting watchdog for 200 seconds at Wed May 16 00:03:06 UTC 2018
10 ms. Memory: 331264K Free: 300092K (91%)
ptolemy.util.test.WatchDog.cancel(): canceling Wed May 16 00:03:06 UTC 2018
------------------ testing $PTII/ptolemy/domains/de/test/auto/MergeWithoutDiscard.xml
auto.tcl: Setting watchdog for 200 seconds at Wed May 16 00:03:06 UTC 2018
2 ms. Memory: 331264K Free: 320223K (97%)
ptolemy.util.test.WatchDog.cancel(): canceling Wed May 16 00:03:06 UTC 2018
auto.tcl: Setting watchdog for 200 seconds at Wed May 16 00:03:06 UTC 2018
2 ms. Memory: 331264K Free: 316259K (95%)
ptolemy.util.test.WatchDog.cancel(): canceling Wed May 16 00:03:06 UTC 2018
------------------ testing $PTII/ptolemy/domains/de/test/auto/Modal1.xml
auto.tcl: Setting watchdog for 200 seconds at Wed May 16 00:03:06 UTC 2018
19 ms. Memory: 331264K Free: 309851K (94%)
ptolemy.util.test.WatchDog.cancel(): canceling Wed May 16 00:03:06 UTC 2018
auto.tcl: Setting watchdog for 200 seconds at Wed May 16 00:03:06 UTC 2018
19 ms. Memory: 331264K Free: 305888K (92%)
ptolemy.util.test.WatchDog.cancel(): canceling Wed May 16 00:03:06 UTC 2018
------------------ testing $PTII/ptolemy/domains/de/test/auto/Modal2.xml
auto.tcl: Setting watchdog for 200 seconds at Wed May 16 00:03:06 UTC 2018
10 ms. Memory: 331264K Free: 309728K (93%)
ptolemy.util.test.WatchDog.cancel(): canceling Wed May 16 00:03:06 UTC 2018
auto.tcl: Setting watchdog for 200 seconds at Wed May 16 00:03:06 UTC 2018
11 ms. Memory: 331264K Free: 305765K (92%)
ptolemy.util.test.WatchDog.cancel(): canceling Wed May 16 00:03:06 UTC 2018
------------------ testing $PTII/ptolemy/domains/de/test/auto/Modal3.xml
auto.tcl: Setting watchdog for 200 seconds at Wed May 16 00:03:06 UTC 2018
19 ms. Memory: 331264K Free: 309498K (93%)
ptolemy.util.test.WatchDog.cancel(): canceling Wed May 16 00:03:06 UTC 2018
auto.tcl: Setting watchdog for 200 seconds at Wed May 16 00:03:06 UTC 2018
11 ms. Memory: 331264K Free: 305534K (92%)
ptolemy.util.test.WatchDog.cancel(): canceling Wed May 16 00:03:06 UTC 2018
------------------ testing $PTII/ptolemy/domains/de/test/auto/Modal4.xml
auto.tcl: Setting watchdog for 200 seconds at Wed May 16 00:03:06 UTC 2018
13 ms. Memory: 331264K Free: 309510K (93%)
ptolemy.util.test.WatchDog.cancel(): canceling Wed May 16 00:03:07 UTC 2018
auto.tcl: Setting watchdog for 200 seconds at Wed May 16 00:03:07 UTC 2018
17 ms. Memory: 331264K Free: 305531K (92%)
ptolemy.util.test.WatchDog.cancel(): canceling Wed May 16 00:03:07 UTC 2018
------------------ testing $PTII/ptolemy/domains/de/test/auto/Modal5.xml
auto.tcl: Setting watchdog for 200 seconds at Wed May 16 00:03:07 UTC 2018
16 ms. Memory: 331264K Free: 309513K (93%)
ptolemy.util.test.WatchDog.cancel(): canceling Wed May 16 00:03:07 UTC 2018
auto.tcl: Setting watchdog for 200 seconds at Wed May 16 00:03:07 UTC 2018
12 ms. Memory: 331264K Free: 305542K (92%)
ptolemy.util.test.WatchDog.cancel(): canceling Wed May 16 00:03:07 UTC 2018
------------------ testing $PTII/ptolemy/domains/de/test/auto/Modal6.xml
auto.tcl: Setting watchdog for 200 seconds at Wed May 16 00:03:07 UTC 2018
14 ms. Memory: 331264K Free: 309478K (93%)
ptolemy.util.test.WatchDog.cancel(): canceling Wed May 16 00:03:07 UTC 2018
auto.tcl: Setting watchdog for 200 seconds at Wed May 16 00:03:07 UTC 2018
11 ms. Memory: 331264K Free: 305507K (92%)
ptolemy.util.test.WatchDog.cancel(): canceling Wed May 16 00:03:07 UTC 2018
------------------ testing $PTII/ptolemy/domains/de/test/auto/Modal7.xml
auto.tcl: Setting watchdog for 200 seconds at Wed May 16 00:03:07 UTC 2018
18 ms. Memory: 331264K Free: 309486K (93%)
ptolemy.util.test.WatchDog.cancel(): canceling Wed May 16 00:03:07 UTC 2018
auto.tcl: Setting watchdog for 200 seconds at Wed May 16 00:03:07 UTC 2018
11 ms. Memory: 331264K Free: 305507K (92%)
ptolemy.util.test.WatchDog.cancel(): canceling Wed May 16 00:03:07 UTC 2018
------------------ testing $PTII/ptolemy/domains/de/test/auto/ModalModel.xml
auto.tcl: Setting watchdog for 200 seconds at Wed May 16 00:03:07 UTC 2018
184 ms. Memory: 331264K Free: 245729K (74%)
ptolemy.util.test.WatchDog.cancel(): canceling Wed May 16 00:03:07 UTC 2018
auto.tcl: Setting watchdog for 200 seconds at Wed May 16 00:03:07 UTC 2018
165 ms. Memory: 331264K Free: 190114K (57%)
ptolemy.util.test.WatchDog.cancel(): canceling Wed May 16 00:03:07 UTC 2018
------------------ testing $PTII/ptolemy/domains/de/test/auto/ModalSource.xml
auto.tcl: Setting watchdog for 200 seconds at Wed May 16 00:03:07 UTC 2018
6 ms. Memory: 331264K Free: 316493K (96%)
ptolemy.util.test.WatchDog.cancel(): canceling Wed May 16 00:03:07 UTC 2018
auto.tcl: Setting watchdog for 200 seconds at Wed May 16 00:03:07 UTC 2018
6 ms. Memory: 331264K Free: 312967K (94%)
ptolemy.util.test.WatchDog.cancel(): canceling Wed May 16 00:03:07 UTC 2018
------------------ testing $PTII/ptolemy/domains/de/test/auto/NonInterruptibleTimerZeroDelay.xml
auto.tcl: Setting watchdog for 200 seconds at Wed May 16 00:03:07 UTC 2018
3 ms. Memory: 331264K Free: 320687K (97%)
ptolemy.util.test.WatchDog.cancel(): canceling Wed May 16 00:03:07 UTC 2018
auto.tcl: Setting watchdog for 200 seconds at Wed May 16 00:03:07 UTC 2018
2 ms. Memory: 331264K Free: 317145K (96%)
ptolemy.util.test.WatchDog.cancel(): canceling Wed May 16 00:03:07 UTC 2018
------------------ testing $PTII/ptolemy/domains/de/test/auto/OpenQueueingNetwork.xml
auto.tcl: Setting watchdog for 200 seconds at Wed May 16 00:03:08 UTC 2018
2889 ms. Memory: 573952K Free: 390268K (68%)
ptolemy.util.test.WatchDog.cancel(): canceling Wed May 16 00:03:11 UTC 2018
auto.tcl: Setting watchdog for 200 seconds at Wed May 16 00:03:11 UTC 2018
2417 ms. Memory: 550912K Free: 281038K (51%)
ptolemy.util.test.WatchDog.cancel(): canceling Wed May 16 00:03:13 UTC 2018
------------------ testing $PTII/ptolemy/domains/de/test/auto/OpenQueuingNetwork.xml
auto.tcl: Setting watchdog for 200 seconds at Wed May 16 00:03:13 UTC 2018
211 ms. Memory: 549888K Free: 444915K (81%)
ptolemy.util.test.WatchDog.cancel(): canceling Wed May 16 00:03:13 UTC 2018
auto.tcl: Setting watchdog for 200 seconds at Wed May 16 00:03:13 UTC 2018
207 ms. Memory: 549888K Free: 385206K (70%)
ptolemy.util.test.WatchDog.cancel(): canceling Wed May 16 00:03:14 UTC 2018
------------------ testing $PTII/ptolemy/domains/de/test/auto/PeriodicSampler.xml
auto.tcl: Setting watchdog for 200 seconds at Wed May 16 00:03:14 UTC 2018
2 ms. Memory: 551936K Free: 530739K (96%)
ptolemy.util.test.WatchDog.cancel(): canceling Wed May 16 00:03:14 UTC 2018
auto.tcl: Setting watchdog for 200 seconds at Wed May 16 00:03:14 UTC 2018
1 ms. Memory: 551936K Free: 530739K (96%)
ptolemy.util.test.WatchDog.cancel(): canceling Wed May 16 00:03:14 UTC 2018
------------------ testing $PTII/ptolemy/domains/de/test/auto/PersistentIO.xml
auto.tcl: Setting watchdog for 200 seconds at Wed May 16 00:03:14 UTC 2018
17 ms. Memory: 549376K Free: 522144K (95%)
ptolemy.util.test.WatchDog.cancel(): canceling Wed May 16 00:03:14 UTC 2018
auto.tcl: Setting watchdog for 200 seconds at Wed May 16 00:03:14 UTC 2018
4 ms. Memory: 549376K Free: 522144K (95%)
ptolemy.util.test.WatchDog.cancel(): canceling Wed May 16 00:03:14 UTC 2018
------------------ testing $PTII/ptolemy/domains/de/test/auto/PortParameterResetOnInitialize.xml
auto.tcl: Setting watchdog for 200 seconds at Wed May 16 00:03:14 UTC 2018
3 ms. Memory: 551424K Free: 530458K (96%)
ptolemy.util.test.WatchDog.cancel(): canceling Wed May 16 00:03:14 UTC 2018
auto.tcl: Setting watchdog for 200 seconds at Wed May 16 00:03:14 UTC 2018
2 ms. Memory: 551424K Free: 530458K (96%)
ptolemy.util.test.WatchDog.cancel(): canceling Wed May 16 00:03:14 UTC 2018
------------------ testing $PTII/ptolemy/domains/de/test/auto/PortParameterUpdates.xml
auto.tcl: Setting watchdog for 200 seconds at Wed May 16 00:03:14 UTC 2018
8 ms. Memory: 549376K Free: 528543K (96%)
ptolemy.util.test.WatchDog.cancel(): canceling Wed May 16 00:03:14 UTC 2018
auto.tcl: Setting watchdog for 200 seconds at Wed May 16 00:03:14 UTC 2018
3 ms. Memory: 549376K Free: 521892K (95%)
ptolemy.util.test.WatchDog.cancel(): canceling Wed May 16 00:03:14 UTC 2018
------------------ testing $PTII/ptolemy/domains/de/test/auto/QueueAndServer.xml
auto.tcl: Setting watchdog for 200 seconds at Wed May 16 00:03:14 UTC 2018
19 ms. Memory: 551424K Free: 535234K (97%)
ptolemy.util.test.WatchDog.cancel(): canceling Wed May 16 00:03:14 UTC 2018
auto.tcl: Setting watchdog for 200 seconds at Wed May 16 00:03:14 UTC 2018
6 ms. Memory: 551424K Free: 528584K (96%)
ptolemy.util.test.WatchDog.cancel(): canceling Wed May 16 00:03:14 UTC 2018
------------------ testing $PTII/ptolemy/domains/de/test/auto/Records.xml
auto.tcl: Setting watchdog for 200 seconds at Wed May 16 00:03:14 UTC 2018
5 ms. Memory: 549376K Free: 533128K (97%)
ptolemy.util.test.WatchDog.cancel(): canceling Wed May 16 00:03:14 UTC 2018
auto.tcl: Setting watchdog for 200 seconds at Wed May 16 00:03:14 UTC 2018
2 ms. Memory: 549376K Free: 533128K (97%)
ptolemy.util.test.WatchDog.cancel(): canceling Wed May 16 00:03:14 UTC 2018
------------------ testing $PTII/ptolemy/domains/de/test/auto/ResetTransitionWithStartTime1.xml
auto.tcl: Setting watchdog for 200 seconds at Wed May 16 00:03:14 UTC 2018
10 ms. Memory: 551424K Free: 528781K (96%)
ptolemy.util.test.WatchDog.cancel(): canceling Wed May 16 00:03:14 UTC 2018
auto.tcl: Setting watchdog for 200 seconds at Wed May 16 00:03:14 UTC 2018
5 ms. Memory: 551424K Free: 528552K (96%)
ptolemy.util.test.WatchDog.cancel(): canceling Wed May 16 00:03:14 UTC 2018
------------------ testing $PTII/ptolemy/domains/de/test/auto/ResetTransitionWithStartTime2.xml
auto.tcl: Setting watchdog for 200 seconds at Wed May 16 00:03:14 UTC 2018
8 ms. Memory: 549376K Free: 526495K (96%)
ptolemy.util.test.WatchDog.cancel(): canceling Wed May 16 00:03:14 UTC 2018
auto.tcl: Setting watchdog for 200 seconds at Wed May 16 00:03:14 UTC 2018
7 ms. Memory: 549376K Free: 526495K (96%)
ptolemy.util.test.WatchDog.cancel(): canceling Wed May 16 00:03:14 UTC 2018
------------------ testing $PTII/ptolemy/domains/de/test/auto/ResetTransitionWithStartTime3.xml
auto.tcl: Setting watchdog for 200 seconds at Wed May 16 00:03:14 UTC 2018
9 ms. Memory: 550912K Free: 528037K (96%)
ptolemy.util.test.WatchDog.cancel(): canceling Wed May 16 00:03:14 UTC 2018
auto.tcl: Setting watchdog for 200 seconds at Wed May 16 00:03:14 UTC 2018
5 ms. Memory: 550912K Free: 528037K (96%)
ptolemy.util.test.WatchDog.cancel(): canceling Wed May 16 00:03:14 UTC 2018
------------------ testing $PTII/ptolemy/domains/de/test/auto/ResetTransitionWithStartTime4.xml
auto.tcl: Setting watchdog for 200 seconds at Wed May 16 00:03:14 UTC 2018
3 ms. Memory: 549376K Free: 526491K (96%)
ptolemy.util.test.WatchDog.cancel(): canceling Wed May 16 00:03:14 UTC 2018
auto.tcl: Setting watchdog for 200 seconds at Wed May 16 00:03:14 UTC 2018
3 ms. Memory: 549376K Free: 526491K (96%)
ptolemy.util.test.WatchDog.cancel(): canceling Wed May 16 00:03:14 UTC 2018
------------------ testing $PTII/ptolemy/domains/de/test/auto/ResettableTimer1.xml
auto.tcl: Setting watchdog for 200 seconds at Wed May 16 00:03:14 UTC 2018
2 ms. Memory: 550912K Free: 534670K (97%)
ptolemy.util.test.WatchDog.cancel(): canceling Wed May 16 00:03:14 UTC 2018
auto.tcl: Setting watchdog for 200 seconds at Wed May 16 00:03:14 UTC 2018
2 ms. Memory: 550912K Free: 534670K (97%)
ptolemy.util.test.WatchDog.cancel(): canceling Wed May 16 00:03:14 UTC 2018
------------------ testing $PTII/ptolemy/domains/de/test/auto/ResettableTimer2.xml
auto.tcl: Setting watchdog for 200 seconds at Wed May 16 00:03:14 UTC 2018
3 ms. Memory: 549376K Free: 533425K (97%)
ptolemy.util.test.WatchDog.cancel(): canceling Wed May 16 00:03:15 UTC 2018
auto.tcl: Setting watchdog for 200 seconds at Wed May 16 00:03:15 UTC 2018
2 ms. Memory: 549376K Free: 533425K (97%)
ptolemy.util.test.WatchDog.cancel(): canceling Wed May 16 00:03:15 UTC 2018
------------------ testing $PTII/ptolemy/domains/de/test/auto/ResettableTimer3.xml
auto.tcl: Setting watchdog for 200 seconds at Wed May 16 00:03:15 UTC 2018
2 ms. Memory: 550912K Free: 534731K (97%)
ptolemy.util.test.WatchDog.cancel(): canceling Wed May 16 00:03:15 UTC 2018
auto.tcl: Setting watchdog for 200 seconds at Wed May 16 00:03:15 UTC 2018
1 ms. Memory: 550912K Free: 534731K (97%)
ptolemy.util.test.WatchDog.cancel(): canceling Wed May 16 00:03:15 UTC 2018
------------------ testing $PTII/ptolemy/domains/de/test/auto/ResettableTimer4.xml
auto.tcl: Setting watchdog for 200 seconds at Wed May 16 00:03:15 UTC 2018
2 ms. Memory: 549376K Free: 533438K (97%)
ptolemy.util.test.WatchDog.cancel(): canceling Wed May 16 00:03:15 UTC 2018
auto.tcl: Setting watchdog for 200 seconds at Wed May 16 00:03:15 UTC 2018
1 ms. Memory: 549376K Free: 533438K (97%)
ptolemy.util.test.WatchDog.cancel(): canceling Wed May 16 00:03:15 UTC 2018
------------------ testing $PTII/ptolemy/domains/de/test/auto/ResettableTimer5.xml
auto.tcl: Setting watchdog for 200 seconds at Wed May 16 00:03:15 UTC 2018
2 ms. Memory: 550400K Free: 534459K (97%)
ptolemy.util.test.WatchDog.cancel(): canceling Wed May 16 00:03:15 UTC 2018
auto.tcl: Setting watchdog for 200 seconds at Wed May 16 00:03:15 UTC 2018
1 ms. Memory: 550400K Free: 534459K (97%)
ptolemy.util.test.WatchDog.cancel(): canceling Wed May 16 00:03:15 UTC 2018
------------------ testing $PTII/ptolemy/domains/de/test/auto/ResettableTimer6.xml
auto.tcl: Setting watchdog for 200 seconds at Wed May 16 00:03:15 UTC 2018
2 ms. Memory: 549376K Free: 528476K (96%)
ptolemy.util.test.WatchDog.cancel(): canceling Wed May 16 00:03:15 UTC 2018
auto.tcl: Setting watchdog for 200 seconds at Wed May 16 00:03:15 UTC 2018
1 ms. Memory: 549376K Free: 528476K (96%)
ptolemy.util.test.WatchDog.cancel(): canceling Wed May 16 00:03:15 UTC 2018
------------------ testing $PTII/ptolemy/domains/de/test/auto/ServerZeroDelay.xml
auto.tcl: Setting watchdog for 200 seconds at Wed May 16 00:03:15 UTC 2018
4 ms. Memory: 550400K Free: 534400K (97%)
ptolemy.util.test.WatchDog.cancel(): canceling Wed May 16 00:03:15 UTC 2018
auto.tcl: Setting watchdog for 200 seconds at Wed May 16 00:03:15 UTC 2018
2 ms. Memory: 550400K Free: 534400K (97%)
ptolemy.util.test.WatchDog.cancel(): canceling Wed May 16 00:03:15 UTC 2018
------------------ testing $PTII/ptolemy/domains/de/test/auto/SmartSender.xml
auto.tcl: Setting watchdog for 200 seconds at Wed May 16 00:03:15 UTC 2018
3002 ms. Memory: 549376K Free: 528691K (96%)
ptolemy.util.test.WatchDog.cancel(): canceling Wed May 16 00:03:18 UTC 2018
auto.tcl: Setting watchdog for 200 seconds at Wed May 16 00:03:18 UTC 2018
3002 ms. Memory: 549376K Free: 528691K (96%)
ptolemy.util.test.WatchDog.cancel(): canceling Wed May 16 00:03:21 UTC 2018
------------------ testing $PTII/ptolemy/domains/de/test/auto/ThreadedComposite.xml
auto.tcl: Setting watchdog for 200 seconds at Wed May 16 00:03:21 UTC 2018
154 ms. Memory: 550400K Free: 513506K (93%)
ptolemy.util.test.WatchDog.cancel(): canceling Wed May 16 00:03:21 UTC 2018
auto.tcl: Setting watchdog for 200 seconds at Wed May 16 00:03:21 UTC 2018
100 ms. Memory: 550400K Free: 497496K (90%)
ptolemy.util.test.WatchDog.cancel(): canceling Wed May 16 00:03:21 UTC 2018
------------------ testing $PTII/ptolemy/domains/de/test/auto/Time.xml
auto.tcl: Setting watchdog for 200 seconds at Wed May 16 00:03:21 UTC 2018
510 ms. Memory: 549376K Free: 481388K (88%)
ptolemy.util.test.WatchDog.cancel(): canceling Wed May 16 00:03:22 UTC 2018
auto.tcl: Setting watchdog for 200 seconds at Wed May 16 00:03:22 UTC 2018
506 ms. Memory: 549376K Free: 421679K (77%)
ptolemy.util.test.WatchDog.cancel(): canceling Wed May 16 00:03:22 UTC 2018
------------------ testing $PTII/ptolemy/domains/de/test/auto/TimeDelayZeroDelay.xml
auto.tcl: Setting watchdog for 200 seconds at Wed May 16 00:03:22 UTC 2018
1 ms. Memory: 550400K Free: 534086K (97%)
ptolemy.util.test.WatchDog.cancel(): canceling Wed May 16 00:03:22 UTC 2018
auto.tcl: Setting watchdog for 200 seconds at Wed May 16 00:03:22 UTC 2018
2 ms. Memory: 550400K Free: 534086K (97%)
ptolemy.util.test.WatchDog.cancel(): canceling Wed May 16 00:03:22 UTC 2018
------------------ testing $PTII/ptolemy/domains/de/test/auto/TimerZeroDelay.xml
auto.tcl: Setting watchdog for 200 seconds at Wed May 16 00:03:22 UTC 2018
5 ms. Memory: 549376K Free: 533105K (97%)
ptolemy.util.test.WatchDog.cancel(): canceling Wed May 16 00:03:22 UTC 2018
auto.tcl: Setting watchdog for 200 seconds at Wed May 16 00:03:22 UTC 2018
2 ms. Memory: 549376K Free: 533105K (97%)
ptolemy.util.test.WatchDog.cancel(): canceling Wed May 16 00:03:22 UTC 2018
------------------ testing $PTII/ptolemy/domains/de/test/auto/TimingParadox.xml
auto.tcl: Setting watchdog for 200 seconds at Wed May 16 00:03:22 UTC 2018
335 ms. Memory: 549888K Free: 462944K (84%)
ptolemy.util.test.WatchDog.cancel(): canceling Wed May 16 00:03:23 UTC 2018
auto.tcl: Setting watchdog for 200 seconds at Wed May 16 00:03:23 UTC 2018
335 ms. Memory: 549888K Free: 429772K (78%)
ptolemy.util.test.WatchDog.cancel(): canceling Wed May 16 00:03:23 UTC 2018
------------------ testing $PTII/ptolemy/domains/de/test/auto/TransferInputs.xml
auto.tcl: Setting watchdog for 200 seconds at Wed May 16 00:03:23 UTC 2018
2 ms. Memory: 549888K Free: 532752K (97%)
ptolemy.util.test.WatchDog.cancel(): canceling Wed May 16 00:03:23 UTC 2018
auto.tcl: Setting watchdog for 200 seconds at Wed May 16 00:03:23 UTC 2018
1 ms. Memory: 549888K Free: 532752K (97%)
ptolemy.util.test.WatchDog.cancel(): canceling Wed May 16 00:03:23 UTC 2018
------------------ testing $PTII/ptolemy/domains/de/test/auto/TransferOutputs2.xml
auto.tcl: Setting watchdog for 200 seconds at Wed May 16 00:03:23 UTC 2018
2 ms. Memory: 549376K Free: 526691K (96%)
ptolemy.util.test.WatchDog.cancel(): canceling Wed May 16 00:03:23 UTC 2018
auto.tcl: Setting watchdog for 200 seconds at Wed May 16 00:03:23 UTC 2018
2 ms. Memory: 549376K Free: 526691K (96%)
ptolemy.util.test.WatchDog.cancel(): canceling Wed May 16 00:03:23 UTC 2018
------------------ testing $PTII/ptolemy/domains/de/test/auto/Trilateration.xml
auto.tcl: Setting watchdog for 200 seconds at Wed May 16 00:03:23 UTC 2018
13978 ms. Memory: 766976K Free: 158183K (21%)
ptolemy.util.test.WatchDog.cancel(): canceling Wed May 16 00:03:38 UTC 2018
auto.tcl: Setting watchdog for 200 seconds at Wed May 16 00:03:38 UTC 2018
11320 ms. Memory: 623104K Free: 516763K (83%)
ptolemy.util.test.WatchDog.cancel(): canceling Wed May 16 00:03:50 UTC 2018
------------------ testing $PTII/ptolemy/domains/de/test/auto/TwoSigmaDelta.xml
auto.tcl: Setting watchdog for 200 seconds at Wed May 16 00:03:50 UTC 2018
2539 ms. Memory: 619520K Free: 303980K (49%)
ptolemy.util.test.WatchDog.cancel(): canceling Wed May 16 00:03:53 UTC 2018
auto.tcl: Setting watchdog for 200 seconds at Wed May 16 00:03:53 UTC 2018
1986 ms. Memory: 619520K Free: 76930K (12%)
ptolemy.util.test.WatchDog.cancel(): canceling Wed May 16 00:03:55 UTC 2018
------------------ testing $PTII/ptolemy/domains/de/test/auto/VariableDelay.xml
auto.tcl: Setting watchdog for 200 seconds at Wed May 16 00:03:55 UTC 2018
2 ms. Memory: 623104K Free: 598848K (96%)
ptolemy.util.test.WatchDog.cancel(): canceling Wed May 16 00:03:55 UTC 2018
auto.tcl: Setting watchdog for 200 seconds at Wed May 16 00:03:55 UTC 2018
2 ms. Memory: 623104K Free: 598848K (96%)
ptolemy.util.test.WatchDog.cancel(): canceling Wed May 16 00:03:55 UTC 2018
------------------ testing $PTII/ptolemy/domains/de/test/auto/VariableDelay2.xml
auto.tcl: Setting watchdog for 200 seconds at Wed May 16 00:03:55 UTC 2018
9 ms. Memory: 619520K Free: 601089K (97%)
ptolemy.util.test.WatchDog.cancel(): canceling Wed May 16 00:03:55 UTC 2018
auto.tcl: Setting watchdog for 200 seconds at Wed May 16 00:03:55 UTC 2018
2 ms. Memory: 619520K Free: 601089K (97%)
ptolemy.util.test.WatchDog.cancel(): canceling Wed May 16 00:03:55 UTC 2018
------------------ testing $PTII/ptolemy/domains/de/test/auto/VariableDelayZeroDelay.xml
auto.tcl: Setting watchdog for 200 seconds at Wed May 16 00:03:55 UTC 2018
2 ms. Memory: 622592K Free: 598779K (96%)
ptolemy.util.test.WatchDog.cancel(): canceling Wed May 16 00:03:55 UTC 2018
auto.tcl: Setting watchdog for 200 seconds at Wed May 16 00:03:55 UTC 2018
2 ms. Memory: 622592K Free: 598779K (96%)
ptolemy.util.test.WatchDog.cancel(): canceling Wed May 16 00:03:55 UTC 2018
------------------ testing $PTII/ptolemy/domains/de/test/auto/VariableDelayZeroDelay2.xml
auto.tcl: Setting watchdog for 200 seconds at Wed May 16 00:03:55 UTC 2018
4 ms. Memory: 619520K Free: 595705K (96%)
ptolemy.util.test.WatchDog.cancel(): canceling Wed May 16 00:03:55 UTC 2018
auto.tcl: Setting watchdog for 200 seconds at Wed May 16 00:03:55 UTC 2018
2 ms. Memory: 619520K Free: 595705K (96%)
ptolemy.util.test.WatchDog.cancel(): canceling Wed May 16 00:03:55 UTC 2018
------------------ testing $PTII/ptolemy/domains/de/test/auto/deInCt.xml
auto.tcl: Setting watchdog for 200 seconds at Wed May 16 00:03:55 UTC 2018
0
1
1
1
1
0
0
0
1
1
1
1
1
1
0
0
0
0
0
0
0
0
1
1
1
16 ms. Memory: 622080K Free: 598262K (96%)
ptolemy.util.test.WatchDog.cancel(): canceling Wed May 16 00:03:55 UTC 2018
auto.tcl: Setting watchdog for 200 seconds at Wed May 16 00:03:55 UTC 2018
0
1
1
1
0
0
0
1
1
1
1
0
0
0
1
1
1
1
0
0
0
0
0
0
1
1
1
1
0
0
1
1
1
1
6 ms. Memory: 622080K Free: 598262K (96%)
ptolemy.util.test.WatchDog.cancel(): canceling Wed May 16 00:03:55 UTC 2018
------------------ testing $PTII/ptolemy/domains/de/test/auto/deInCt2.xml
auto.tcl: Setting watchdog for 200 seconds at Wed May 16 00:03:55 UTC 2018
0
1
1
1
0
0
1
1
1
0
0
1
1
1
0
0
1
1
1
0
0
1
1
1
0
0
1
1
1
0
0
1
1
1
0
0
1
1
1
0
0
0
5 ms. Memory: 619520K Free: 595702K (96%)
ptolemy.util.test.WatchDog.cancel(): canceling Wed May 16 00:03:55 UTC 2018
auto.tcl: Setting watchdog for 200 seconds at Wed May 16 00:03:55 UTC 2018
0
1
1
1
0
0
1
1
1
0
0
1
1
1
0
0
1
1
1
0
0
1
1
1
0
0
1
1
1
0
0
1
1
1
0
0
1
1
1
0
0
0
7 ms. Memory: 619520K Free: 595702K (96%)
ptolemy.util.test.WatchDog.cancel(): canceling Wed May 16 00:03:55 UTC 2018
------------------ testing $PTII/ptolemy/domains/de/test/auto/dynamicCausalityInterface1.xml
auto.tcl: Setting watchdog for 200 seconds at Wed May 16 00:03:55 UTC 2018
1 ms. Memory: 621568K Free: 589554K (95%)
ptolemy.util.test.WatchDog.cancel(): canceling Wed May 16 00:03:55 UTC 2018
auto.tcl: Setting watchdog for 200 seconds at Wed May 16 00:03:55 UTC 2018
0 ms. Memory: 621568K Free: 589554K (95%)
ptolemy.util.test.WatchDog.cancel(): canceling Wed May 16 00:03:55 UTC 2018
------------------ testing $PTII/ptolemy/domains/de/test/auto/fsm_de_test.xml
auto.tcl: Setting watchdog for 200 seconds at Wed May 16 00:03:55 UTC 2018
8 ms. Memory: 619520K Free: 595593K (96%)
ptolemy.util.test.WatchDog.cancel(): canceling Wed May 16 00:03:55 UTC 2018
auto.tcl: Setting watchdog for 200 seconds at Wed May 16 00:03:55 UTC 2018
6 ms. Memory: 619520K Free: 587392K (95%)
ptolemy.util.test.WatchDog.cancel(): canceling Wed May 16 00:03:55 UTC 2018
------------------ testing $PTII/ptolemy/domains/de/test/auto/functionDependencyReconstruction.xml
auto.tcl: Setting watchdog for 200 seconds at Wed May 16 00:03:55 UTC 2018
3 ms. Memory: 621568K Free: 589431K (95%)
ptolemy.util.test.WatchDog.cancel(): canceling Wed May 16 00:03:55 UTC 2018
auto.tcl: Setting watchdog for 200 seconds at Wed May 16 00:03:55 UTC 2018
2 ms. Memory: 621568K Free: 581231K (94%)
ptolemy.util.test.WatchDog.cancel(): canceling Wed May 16 00:03:55 UTC 2018
------------------ testing $PTII/ptolemy/domains/de/test/auto/multirate.xml
auto.tcl: Setting watchdog for 200 seconds at Wed May 16 00:03:55 UTC 2018
4 ms. Memory: 619520K Free: 595429K (96%)
ptolemy.util.test.WatchDog.cancel(): canceling Wed May 16 00:03:55 UTC 2018
auto.tcl: Setting watchdog for 200 seconds at Wed May 16 00:03:55 UTC 2018
3 ms. Memory: 619520K Free: 595429K (96%)
ptolemy.util.test.WatchDog.cancel(): canceling Wed May 16 00:03:55 UTC 2018
------------------ testing $PTII/ptolemy/domains/de/test/auto/multirate2.xml
auto.tcl: Setting watchdog for 200 seconds at Wed May 16 00:03:55 UTC 2018
2 ms. Memory: 621056K Free: 602565K (97%)
ptolemy.util.test.WatchDog.cancel(): canceling Wed May 16 00:03:55 UTC 2018
auto.tcl: Setting watchdog for 200 seconds at Wed May 16 00:03:55 UTC 2018
3 ms. Memory: 621056K Free: 602565K (97%)
ptolemy.util.test.WatchDog.cancel(): canceling Wed May 16 00:03:55 UTC 2018
------------------ testing $PTII/ptolemy/domains/de/test/auto/realtime.xml
auto.tcl: Setting watchdog for 200 seconds at Wed May 16 00:03:55 UTC 2018
10001 ms. Memory: 619520K Free: 595616K (96%)
ptolemy.util.test.WatchDog.cancel(): canceling Wed May 16 00:04:05 UTC 2018
auto.tcl: Setting watchdog for 200 seconds at Wed May 16 00:04:05 UTC 2018
10001 ms. Memory: 619520K Free: 595616K (96%)
ptolemy.util.test.WatchDog.cancel(): canceling Wed May 16 00:04:15 UTC 2018
------------------ testing $PTII/ptolemy/domains/de/test/auto/relationGroup.xml
auto.tcl: Setting watchdog for 200 seconds at Wed May 16 00:04:15 UTC 2018
1 ms. Memory: 621056K Free: 602589K (97%)
ptolemy.util.test.WatchDog.cancel(): canceling Wed May 16 00:04:15 UTC 2018
auto.tcl: Setting watchdog for 200 seconds at Wed May 16 00:04:15 UTC 2018
1 ms. Memory: 621056K Free: 602589K (97%)
ptolemy.util.test.WatchDog.cancel(): canceling Wed May 16 00:04:15 UTC 2018
------------------ testing $PTII/ptolemy/domains/de/test/auto/relationGroup2.xml
auto.tcl: Setting watchdog for 200 seconds at Wed May 16 00:04:15 UTC 2018
1 ms. Memory: 619520K Free: 595699K (96%)
ptolemy.util.test.WatchDog.cancel(): canceling Wed May 16 00:04:16 UTC 2018
auto.tcl: Setting watchdog for 200 seconds at Wed May 16 00:04:16 UTC 2018
1 ms. Memory: 619520K Free: 595699K (96%)
ptolemy.util.test.WatchDog.cancel(): canceling Wed May 16 00:04:16 UTC 2018
------------------ testing $PTII/ptolemy/domains/de/test/auto/sortWithOpaquePorts.xml
auto.tcl: Setting watchdog for 200 seconds at Wed May 16 00:04:16 UTC 2018
1 ms. Memory: 620544K Free: 596724K (96%)
ptolemy.util.test.WatchDog.cancel(): canceling Wed May 16 00:04:16 UTC 2018
auto.tcl: Setting watchdog for 200 seconds at Wed May 16 00:04:16 UTC 2018
1 ms. Memory: 620544K Free: 596724K (96%)
ptolemy.util.test.WatchDog.cancel(): canceling Wed May 16 00:04:16 UTC 2018
------------------ testing $PTII/ptolemy/domains/de/test/auto/transferInputsandOutputs.xml
auto.tcl: Setting watchdog for 200 seconds at Wed May 16 00:04:16 UTC 2018
5 ms. Memory: 619520K Free: 595688K (96%)
ptolemy.util.test.WatchDog.cancel(): canceling Wed May 16 00:04:16 UTC 2018
auto.tcl: Setting watchdog for 200 seconds at Wed May 16 00:04:16 UTC 2018
2 ms. Memory: 619520K Free: 595688K (96%)
ptolemy.util.test.WatchDog.cancel(): canceling Wed May 16 00:04:16 UTC 2018
------------------ testing $PTII/ptolemy/domains/de/test/auto/triggerType.xml
auto.tcl: Setting watchdog for 200 seconds at Wed May 16 00:04:16 UTC 2018
1 ms. Memory: 620544K Free: 596663K (96%)
ptolemy.util.test.WatchDog.cancel(): canceling Wed May 16 00:04:16 UTC 2018
auto.tcl: Setting watchdog for 200 seconds at Wed May 16 00:04:16 UTC 2018
2 ms. Memory: 620544K Free: 596663K (96%)
ptolemy.util.test.WatchDog.cancel(): canceling Wed May 16 00:04:16 UTC 2018
05/16/18 12:04:16
Failed: 0  Total Tests: 192  ((Passed: 187, Newly Passed: 1)  Known Failed: 5) /home/travis/build/icyphy/ptII/ptolemy/domains/de/test
05/16/18 12:04:16
Failed: 0  Total Tests: 192  ((Passed: 187, Newly Passed: 1)  Known Failed: 5) /home/travis/build/icyphy/ptII/ptolemy/domains/de/test
----------------- testing (KnownFailure) /home/travis/build/icyphy/ptII/ptolemy/domains/de/test/auto/knownFailedTests/DESDFClockTest.xml
2009 ms. Memory: 619520K Free: 584899K (94%)
Known Failure: java.lang.reflect.InvocationTargetException
----------------- testing (KnownFailure) /home/travis/build/icyphy/ptII/ptolemy/domains/de/test/auto/knownFailedTests/DirectFeedback.xml
3 ms. Memory: 619520K Free: 541849K (87%)
Known Failure: java.lang.reflect.InvocationTargetException
----------------- testing (KnownFailure) /home/travis/build/icyphy/ptII/ptolemy/domains/de/test/auto/knownFailedTests/FSMSource.xml
5 ms. Memory: 619520K Free: 498800K (81%)
----------------- testing (KnownFailure) /home/travis/build/icyphy/ptII/ptolemy/domains/de/test/auto/knownFailedTests/HierarchicalModel.xml
2 ms. Memory: 619520K Free: 466497K (75%)
Known Failure: java.lang.reflect.InvocationTargetException
----------------- testing (KnownFailure) /home/travis/build/icyphy/ptII/ptolemy/domains/de/test/auto/knownFailedTests/dependencyLoop.xml
1 ms. Memory: 619520K Free: 412670K (67%)
Known Failure: java.lang.reflect.InvocationTargetException
----------------- testing (KnownFailure) /home/travis/build/icyphy/ptII/ptolemy/domains/de/test/auto/knownFailedTests/dependencyLoop2.xml
2 ms. Memory: 619520K Free: 358858K (58%)
Known Failure: java.lang.reflect.InvocationTargetException
No auto/*.xml tests in /home/travis/build/icyphy/ptII/ptolemy/domains/de/test
AutoTests.java: About to close Vertx.
AutoTests.java: Vertx closed.
----------------- testing Wed May 16 00:04:18 UTC 2018 /home/travis/build/icyphy/ptII/ptolemy/domains/de/test/auto/ActorDepthCalculation_actorWithoutPorts.xml
----------------- Instantiating /home/travis/build/icyphy/ptII/ptolemy/domains/de/test/auto/ActorDepthCalculation_actorWithoutPorts.xml
2 ms. Memory: 619520K Free: 305047K (49%)
----------------- Invoking toplevel() on ptolemy.moml.MoMLSimpleApplication@64524ca3
----------------- Done invoking toplevel() on ptolemy.moml.MoMLSimpleApplication@64524ca3
reloadAllAccessors: .ActorDepthCalculation_actorWithoutPorts
----------------- testing Wed May 16 00:04:18 UTC 2018 /home/travis/build/icyphy/ptII/ptolemy/domains/de/test/auto/AssemblyLine.xml
----------------- Instantiating /home/travis/build/icyphy/ptII/ptolemy/domains/de/test/auto/AssemblyLine.xml
2 ms. Memory: 619520K Free: 283522K (46%)
----------------- Invoking toplevel() on ptolemy.moml.MoMLSimpleApplication@4b23dbee
----------------- Done invoking toplevel() on ptolemy.moml.MoMLSimpleApplication@4b23dbee
reloadAllAccessors: .AssemblyLine
----------------- testing Wed May 16 00:04:18 UTC 2018 /home/travis/build/icyphy/ptII/ptolemy/domains/de/test/auto/CQBug1.xml
----------------- Instantiating /home/travis/build/icyphy/ptII/ptolemy/domains/de/test/auto/CQBug1.xml
0 ms. Memory: 619520K Free: 261998K (42%)
----------------- Invoking toplevel() on ptolemy.moml.MoMLSimpleApplication@485b3fe7
----------------- Done invoking toplevel() on ptolemy.moml.MoMLSimpleApplication@485b3fe7
reloadAllAccessors: .CQBug1
----------------- testing Wed May 16 00:04:18 UTC 2018 /home/travis/build/icyphy/ptII/ptolemy/domains/de/test/auto/CancelFireAt.xml
----------------- Instantiating /home/travis/build/icyphy/ptII/ptolemy/domains/de/test/auto/CancelFireAt.xml
0 ms. Memory: 619520K Free: 240473K (39%)
----------------- Invoking toplevel() on ptolemy.moml.MoMLSimpleApplication@6471f2f3
----------------- Done invoking toplevel() on ptolemy.moml.MoMLSimpleApplication@6471f2f3
reloadAllAccessors: .CancelFireAt
----------------- testing Wed May 16 00:04:18 UTC 2018 /home/travis/build/icyphy/ptII/ptolemy/domains/de/test/auto/CausalityAndComposabilityAnalysis.xml
----------------- Instantiating /home/travis/build/icyphy/ptII/ptolemy/domains/de/test/auto/CausalityAndComposabilityAnalysis.xml
1 ms. Memory: 619520K Free: 218949K (35%)
----------------- Invoking toplevel() on ptolemy.moml.MoMLSimpleApplication@660b59dd
----------------- Done invoking toplevel() on ptolemy.moml.MoMLSimpleApplication@660b59dd
reloadAllAccessors: .CausalityAndComposabilityAnalysis
----------------- testing Wed May 16 00:04:18 UTC 2018 /home/travis/build/icyphy/ptII/ptolemy/domains/de/test/auto/CausalityInterface1.xml
----------------- Instantiating /home/travis/build/icyphy/ptII/ptolemy/domains/de/test/auto/CausalityInterface1.xml
3 ms. Memory: 619520K Free: 197424K (32%)
----------------- Invoking toplevel() on ptolemy.moml.MoMLSimpleApplication@e627558
----------------- Done invoking toplevel() on ptolemy.moml.MoMLSimpleApplication@e627558
reloadAllAccessors: .CausalityInterface1
----------------- testing Wed May 16 00:04:18 UTC 2018 /home/travis/build/icyphy/ptII/ptolemy/domains/de/test/auto/CausalityInterface15.xml
----------------- Instantiating /home/travis/build/icyphy/ptII/ptolemy/domains/de/test/auto/CausalityInterface15.xml
1 ms. Memory: 619520K Free: 175899K (28%)
----------------- Invoking toplevel() on ptolemy.moml.MoMLSimpleApplication@2b58306e
----------------- Done invoking toplevel() on ptolemy.moml.MoMLSimpleApplication@2b58306e
reloadAllAccessors: .CausalityInterface15
----------------- testing Wed May 16 00:04:18 UTC 2018 /home/travis/build/icyphy/ptII/ptolemy/domains/de/test/auto/CausalityInterface2.xml
----------------- Instantiating /home/travis/build/icyphy/ptII/ptolemy/domains/de/test/auto/CausalityInterface2.xml
1 ms. Memory: 619520K Free: 154375K (25%)
----------------- Invoking toplevel() on ptolemy.moml.MoMLSimpleApplication@69ce9af2
----------------- Done invoking toplevel() on ptolemy.moml.MoMLSimpleApplication@69ce9af2
reloadAllAccessors: .CausalityInterface2
----------------- testing Wed May 16 00:04:18 UTC 2018 /home/travis/build/icyphy/ptII/ptolemy/domains/de/test/auto/CausalityInterface3.xml
[...]
java.lang.RuntimeException: Execution failed
	at ptolemy.moml.MoMLSimpleApplication$UnloadThread.run(MoMLSimpleApplication.java:402)
Caused by: ptolemy.kernel.util.IllegalActionException: Test fails in iteration 1.
Value was: 1.0. Should have been: 2.0
  in .DirectFeedback.Test
	at ptolemy.actor.lib.Test.fire(Test.java:268)
	at ptolemy.domains.de.kernel.DEDirector._fire(DEDirector.java:1948)
	at ptolemy.domains.de.kernel.DEDirector.fire(DEDirector.java:502)
	at ptolemy.actor.CompositeActor.fire(CompositeActor.java:455)
	at ptolemy.actor.Manager.iterate(Manager.java:851)
	at ptolemy.actor.Manager.execute(Manager.java:369)
	at ptolemy.actor.Manager.run(Manager.java:1263)
	at ptolemy.actor.Manager$PtolemyRunThread.run(Manager.java:1915)
java.lang.RuntimeException: Execution failed
	at ptolemy.moml.MoMLSimpleApplication$UnloadThread.run(MoMLSimpleApplication.java:402)
Caused by: ptolemy.kernel.util.IllegalActionException: Actor is not ready to fire.  Perhaps UpSample.prefire() returned false? Try debugging the actor by selecting "Listen to Actor".  Also, for SDF check moml for tokenConsumptionRate on input.
  in .DESDFClockTest.Play Bell.Copy1:SDF Director and .DESDFClockTest.Play Bell.UpSample
	at ptolemy.actor.sched.StaticSchedulingDirector.fire(StaticSchedulingDirector.java:227)
	at ptolemy.domains.sdf.kernel.SDFDirector.fire(SDFDirector.java:500)
	at ptolemy.actor.CompositeActor.fire(CompositeActor.java:455)
	at ptolemy.domains.de.kernel.DEDirector._fire(DEDirector.java:1948)
	at ptolemy.domains.de.kernel.DEDirector.fire(DEDirector.java:502)
	at ptolemy.actor.CompositeActor.fire(CompositeActor.java:455)
	at ptolemy.actor.Manager.iterate(Manager.java:851)
	at ptolemy.actor.Manager.execute(Manager.java:369)
	at ptolemy.actor.Manager.run(Manager.java:1263)
	at ptolemy.actor.Manager$PtolemyRunThread.run(Manager.java:1915)
java.lang.reflect.InvocationTargetException
	at sun.reflect.NativeConstructorAccessorImpl.newInstance0(Native Method)
	at sun.reflect.NativeConstructorAccessorImpl.newInstance(NativeConstructorAccessorImpl.java:62)
	at sun.reflect.DelegatingConstructorAccessorImpl.newInstance(DelegatingConstructorAccessorImpl.java:45)
	at java.lang.reflect.Constructor.newInstance(Constructor.java:423)
	at ptolemy.util.test.junit.AutoKnownFailedTests.RunModel(AutoKnownFailedTests.java:107)
	at sun.reflect.NativeMethodAccessorImpl.invoke0(Native Method)
	at sun.reflect.NativeMethodAccessorImpl.invoke(NativeMethodAccessorImpl.java:62)
	at sun.reflect.DelegatingMethodAccessorImpl.invoke(DelegatingMethodAccessorImpl.java:43)
	at java.lang.reflect.Method.invoke(Method.java:498)
	at org.junit.runners.model.FrameworkMethod$1.runReflectiveCall(FrameworkMethod.java:44)
	at org.junit.internal.runners.model.ReflectiveCallable.run(ReflectiveCallable.java:15)
	at org.junit.runners.model.FrameworkMethod.invokeExplosively(FrameworkMethod.java:41)
	at junitparams.internal.InvokeParameterisedMethod.evaluate(InvokeParameterisedMethod.java:102)
	at org.junit.internal.runners.statements.FailOnTimeout$1.run(FailOnTimeout.java:28)
Caused by: ptolemy.kernel.util.IllegalActionException: Actor is not ready to fire.  Perhaps UpSample.prefire() returned false? Try debugging the actor by selecting "Listen to Actor".  Also, for SDF check moml for tokenConsumptionRate on input.
  in .DESDFClockTest.Play Bell.Copy1:SDF Director and .DESDFClockTest.Play Bell.UpSample
	at ptolemy.actor.sched.StaticSchedulingDirector.fire(StaticSchedulingDirector.java:227)
	at ptolemy.domains.sdf.kernel.SDFDirector.fire(SDFDirector.java:500)
	at ptolemy.actor.CompositeActor.fire(CompositeActor.java:455)
	at ptolemy.domains.de.kernel.DEDirector._fire(DEDirector.java:1948)
	at ptolemy.domains.de.kernel.DEDirector.fire(DEDirector.java:502)
	at ptolemy.actor.CompositeActor.fire(CompositeActor.java:455)
	at ptolemy.actor.Manager.iterate(Manager.java:851)
	at ptolemy.actor.Manager.execute(Manager.java:369)
	at ptolemy.actor.Manager.run(Manager.java:1263)
	at ptolemy.actor.Manager$PtolemyRunThread.run(Manager.java:1915)
java.lang.RuntimeException: Execution failed
	at ptolemy.moml.MoMLSimpleApplication$UnloadThread.run(MoMLSimpleApplication.java:402)
Caused by: ptolemy.kernel.util.IllegalActionException: Test fails in iteration 1.
Value was: 1.0. Should have been: 2.0
  in .DirectFeedback.Test
	at ptolemy.actor.lib.Test.fire(Test.java:268)
	at ptolemy.domains.de.kernel.DEDirector._fire(DEDirector.java:1948)
	at ptolemy.domains.de.kernel.DEDirector.fire(DEDirector.java:502)
	at ptolemy.actor.CompositeActor.fire(CompositeActor.java:455)
	at ptolemy.actor.Manager.iterate(Manager.java:851)
	at ptolemy.actor.Manager.execute(Manager.java:369)
	at ptolemy.actor.Manager.run(Manager.java:1263)
	at ptolemy.actor.Manager$PtolemyRunThread.run(Manager.java:1915)
java.lang.reflect.InvocationTargetException
	at sun.reflect.NativeConstructorAccessorImpl.newInstance0(Native Method)
	at sun.reflect.NativeConstructorAccessorImpl.newInstance(NativeConstructorAccessorImpl.java:62)
	at sun.reflect.DelegatingConstructorAccessorImpl.newInstance(DelegatingConstructorAccessorImpl.java:45)
	at java.lang.reflect.Constructor.newInstance(Constructor.java:423)
	at ptolemy.util.test.junit.AutoKnownFailedTests.RunModel(AutoKnownFailedTests.java:107)
	at sun.reflect.NativeMethodAccessorImpl.invoke0(Native Method)
	at sun.reflect.NativeMethodAccessorImpl.invoke(NativeMethodAccessorImpl.java:62)
	at sun.reflect.DelegatingMethodAccessorImpl.invoke(DelegatingMethodAccessorImpl.java:43)
	at java.lang.reflect.Method.invoke(Method.java:498)
	at org.junit.runners.model.FrameworkMethod$1.runReflectiveCall(FrameworkMethod.java:44)
	at org.junit.internal.runners.model.ReflectiveCallable.run(ReflectiveCallable.java:15)
	at org.junit.runners.model.FrameworkMethod.invokeExplosively(FrameworkMethod.java:41)
	at junitparams.internal.InvokeParameterisedMethod.evaluate(InvokeParameterisedMethod.java:102)
	at org.junit.internal.runners.statements.FailOnTimeout$1.run(FailOnTimeout.java:28)
Caused by: ptolemy.kernel.util.IllegalActionException: Test fails in iteration 1.
Value was: 1.0. Should have been: 2.0
  in .DirectFeedback.Test
	at ptolemy.actor.lib.Test.fire(Test.java:268)
	at ptolemy.domains.de.kernel.DEDirector._fire(DEDirector.java:1948)
	at ptolemy.domains.de.kernel.DEDirector.fire(DEDirector.java:502)
	at ptolemy.actor.CompositeActor.fire(CompositeActor.java:455)
	at ptolemy.actor.Manager.iterate(Manager.java:851)
	at ptolemy.actor.Manager.execute(Manager.java:369)
	at ptolemy.actor.Manager.run(Manager.java:1263)
	at ptolemy.actor.Manager$PtolemyRunThread.run(Manager.java:1915)
java.lang.RuntimeException: Execution failed
	at ptolemy.moml.MoMLSimpleApplication$UnloadThread.run(MoMLSimpleApplication.java:402)
Caused by: ptolemy.kernel.util.IllegalActionException: Found a zero delay loop containing .HierarchicalModel.A
  in .HierarchicalModel and .HierarchicalModel.A
	at ptolemy.actor.util.CausalityInterfaceForComposites._computeOutputPortDepth(CausalityInterfaceForComposites.java:759)
	at ptolemy.actor.util.CausalityInterfaceForComposites._computeInputDepth(CausalityInterfaceForComposites.java:696)
	at ptolemy.actor.util.CausalityInterfaceForComposites._computeOutputPortDepth(CausalityInterfaceForComposites.java:765)
	at ptolemy.actor.util.CausalityInterfaceForComposites._computeInputDepth(CausalityInterfaceForComposites.java:696)
	at ptolemy.actor.util.CausalityInterfaceForComposites._computeOutputPortDepth(CausalityInterfaceForComposites.java:765)
	at ptolemy.actor.util.CausalityInterfaceForComposites._computeInputDepth(CausalityInterfaceForComposites.java:696)
	at ptolemy.actor.util.CausalityInterfaceForComposites._computeActorDepth(CausalityInterfaceForComposites.java:532)
	at ptolemy.actor.util.CausalityInterfaceForComposites.checkForCycles(CausalityInterfaceForComposites.java:96)
	at ptolemy.domains.de.kernel.DEDirector.preinitialize(DEDirector.java:1337)
	at ptolemy.actor.CompositeActor.preinitialize(CompositeActor.java:1828)
	at ptolemy.actor.Manager.preinitializeAndResolveTypes(Manager.java:1040)
	at ptolemy.actor.Manager.initialize(Manager.java:710)
	at ptolemy.actor.Manager.execute(Manager.java:356)
	at ptolemy.actor.Manager.run(Manager.java:1263)
	at ptolemy.actor.Manager$PtolemyRunThread.run(Manager.java:1915)
java.lang.reflect.InvocationTargetException
	at sun.reflect.NativeConstructorAccessorImpl.newInstance0(Native Method)
	at sun.reflect.NativeConstructorAccessorImpl.newInstance(NativeConstructorAccessorImpl.java:62)
	at sun.reflect.DelegatingConstructorAccessorImpl.newInstance(DelegatingConstructorAccessorImpl.java:45)
	at java.lang.reflect.Constructor.newInstance(Constructor.java:423)
	at ptolemy.util.test.junit.AutoKnownFailedTests.RunModel(AutoKnownFailedTests.java:107)
	at sun.reflect.NativeMethodAccessorImpl.invoke0(Native Method)
	at sun.reflect.NativeMethodAccessorImpl.invoke(NativeMethodAccessorImpl.java:62)
	at sun.reflect.DelegatingMethodAccessorImpl.invoke(DelegatingMethodAccessorImpl.java:43)
	at java.lang.reflect.Method.invoke(Method.java:498)
	at org.junit.runners.model.FrameworkMethod$1.runReflectiveCall(FrameworkMethod.java:44)
	at org.junit.internal.runners.model.ReflectiveCallable.run(ReflectiveCallable.java:15)
	at org.junit.runners.model.FrameworkMethod.invokeExplosively(FrameworkMethod.java:41)
	at junitparams.internal.InvokeParameterisedMethod.evaluate(InvokeParameterisedMethod.java:102)
	at org.junit.internal.runners.statements.FailOnTimeout$1.run(FailOnTimeout.java:28)
Caused by: ptolemy.kernel.util.IllegalActionException: Found a zero delay loop containing .HierarchicalModel.A
  in .HierarchicalModel and .HierarchicalModel.A
	at ptolemy.actor.util.CausalityInterfaceForComposites._computeOutputPortDepth(CausalityInterfaceForComposites.java:759)
	at ptolemy.actor.util.CausalityInterfaceForComposites._computeInputDepth(CausalityInterfaceForComposites.java:696)
	at ptolemy.actor.util.CausalityInterfaceForComposites._computeOutputPortDepth(CausalityInterfaceForComposites.java:765)
	at ptolemy.actor.util.CausalityInterfaceForComposites._computeInputDepth(CausalityInterfaceForComposites.java:696)
	at ptolemy.actor.util.CausalityInterfaceForComposites._computeOutputPortDepth(CausalityInterfaceForComposites.java:765)
	at ptolemy.actor.util.CausalityInterfaceForComposites._computeInputDepth(CausalityInterfaceForComposites.java:696)
	at ptolemy.actor.util.CausalityInterfaceForComposites._computeActorDepth(CausalityInterfaceForComposites.java:532)
	at ptolemy.actor.util.CausalityInterfaceForComposites.checkForCycles(CausalityInterfaceForComposites.java:96)
	at ptolemy.domains.de.kernel.DEDirector.preinitialize(DEDirector.java:1337)
	at ptolemy.actor.CompositeActor.preinitialize(CompositeActor.java:1828)
	at ptolemy.actor.Manager.preinitializeAndResolveTypes(Manager.java:1040)
	at ptolemy.actor.Manager.initialize(Manager.java:710)
	at ptolemy.actor.Manager.execute(Manager.java:356)
	at ptolemy.actor.Manager.run(Manager.java:1263)
	at ptolemy.actor.Manager$PtolemyRunThread.run(Manager.java:1915)
java.lang.RuntimeException: Execution failed
	at ptolemy.moml.MoMLSimpleApplication$UnloadThread.run(MoMLSimpleApplication.java:402)
Caused by: ptolemy.kernel.util.IllegalActionException: Found a zero delay loop containing .dependencyLoop.original
  in .dependencyLoop and .dependencyLoop.original
	at ptolemy.actor.util.CausalityInterfaceForComposites._computeOutputPortDepth(CausalityInterfaceForComposites.java:759)
	at ptolemy.actor.util.CausalityInterfaceForComposites._computeInputDepth(CausalityInterfaceForComposites.java:696)
	at ptolemy.actor.util.CausalityInterfaceForComposites._computeOutputPortDepth(CausalityInterfaceForComposites.java:765)
	at ptolemy.actor.util.CausalityInterfaceForComposites._computeInputDepth(CausalityInterfaceForComposites.java:696)
	at ptolemy.actor.util.CausalityInterfaceForComposites._computeOutputPortDepth(CausalityInterfaceForComposites.java:765)
	at ptolemy.actor.util.CausalityInterfaceForComposites._computeInputDepth(CausalityInterfaceForComposites.java:696)
	at ptolemy.actor.util.CausalityInterfaceForComposites._computeActorDepth(CausalityInterfaceForComposites.java:532)
	at ptolemy.actor.util.CausalityInterfaceForComposites.checkForCycles(CausalityInterfaceForComposites.java:96)
	at ptolemy.domains.de.kernel.DEDirector.preinitialize(DEDirector.java:1337)
	at ptolemy.actor.CompositeActor.preinitialize(CompositeActor.java:1828)
	at ptolemy.actor.Manager.preinitializeAndResolveTypes(Manager.java:1040)
	at ptolemy.actor.Manager.initialize(Manager.java:710)
	at ptolemy.actor.Manager.execute(Manager.java:356)
	at ptolemy.actor.Manager.run(Manager.java:1263)
	at ptolemy.actor.Manager$PtolemyRunThread.run(Manager.java:1915)
java.lang.reflect.InvocationTargetException
	at sun.reflect.NativeConstructorAccessorImpl.newInstance0(Native Method)
	at sun.reflect.NativeConstructorAccessorImpl.newInstance(NativeConstructorAccessorImpl.java:62)
	at sun.reflect.DelegatingConstructorAccessorImpl.newInstance(DelegatingConstructorAccessorImpl.java:45)
	at java.lang.reflect.Constructor.newInstance(Constructor.java:423)
	at ptolemy.util.test.junit.AutoKnownFailedTests.RunModel(AutoKnownFailedTests.java:107)
	at sun.reflect.NativeMethodAccessorImpl.invoke0(Native Method)
	at sun.reflect.NativeMethodAccessorImpl.invoke(NativeMethodAccessorImpl.java:62)
	at sun.reflect.DelegatingMethodAccessorImpl.invoke(DelegatingMethodAccessorImpl.java:43)
	at java.lang.reflect.Method.invoke(Method.java:498)
	at org.junit.runners.model.FrameworkMethod$1.runReflectiveCall(FrameworkMethod.java:44)
	at org.junit.internal.runners.model.ReflectiveCallable.run(ReflectiveCallable.java:15)
	at org.junit.runners.model.FrameworkMethod.invokeExplosively(FrameworkMethod.java:41)
	at junitparams.internal.InvokeParameterisedMethod.evaluate(InvokeParameterisedMethod.java:102)
	at org.junit.internal.runners.statements.FailOnTimeout$1.run(FailOnTimeout.java:28)
Caused by: ptolemy.kernel.util.IllegalActionException: Found a zero delay loop containing .dependencyLoop.original
  in .dependencyLoop and .dependencyLoop.original
	at ptolemy.actor.util.CausalityInterfaceForComposites._computeOutputPortDepth(CausalityInterfaceForComposites.java:759)
	at ptolemy.actor.util.CausalityInterfaceForComposites._computeInputDepth(CausalityInterfaceForComposites.java:696)
	at ptolemy.actor.util.CausalityInterfaceForComposites._computeOutputPortDepth(CausalityInterfaceForComposites.java:765)
	at ptolemy.actor.util.CausalityInterfaceForComposites._computeInputDepth(CausalityInterfaceForComposites.java:696)
	at ptolemy.actor.util.CausalityInterfaceForComposites._computeOutputPortDepth(CausalityInterfaceForComposites.java:765)
	at ptolemy.actor.util.CausalityInterfaceForComposites._computeInputDepth(CausalityInterfaceForComposites.java:696)
	at ptolemy.actor.util.CausalityInterfaceForComposites._computeActorDepth(CausalityInterfaceForComposites.java:532)
	at ptolemy.actor.util.CausalityInterfaceForComposites.checkForCycles(CausalityInterfaceForComposites.java:96)
	at ptolemy.domains.de.kernel.DEDirector.preinitialize(DEDirector.java:1337)
	at ptolemy.actor.CompositeActor.preinitialize(CompositeActor.java:1828)
	at ptolemy.actor.Manager.preinitializeAndResolveTypes(Manager.java:1040)
	at ptolemy.actor.Manager.initialize(Manager.java:710)
	at ptolemy.actor.Manager.execute(Manager.java:356)
	at ptolemy.actor.Manager.run(Manager.java:1263)
	at ptolemy.actor.Manager$PtolemyRunThread.run(Manager.java:1915)
java.lang.RuntimeException: Execution failed
	at ptolemy.moml.MoMLSimpleApplication$UnloadThread.run(MoMLSimpleApplication.java:402)
Caused by: ptolemy.kernel.util.IllegalActionException: Found a zero delay loop containing .dependencyLoop2.original
  in .dependencyLoop2 and .dependencyLoop2.original
	at ptolemy.actor.util.CausalityInterfaceForComposites._computeOutputPortDepth(CausalityInterfaceForComposites.java:759)
	at ptolemy.actor.util.CausalityInterfaceForComposites._computeInputDepth(CausalityInterfaceForComposites.java:696)
	at ptolemy.actor.util.CausalityInterfaceForComposites._computeOutputPortDepth(CausalityInterfaceForComposites.java:765)
	at ptolemy.actor.util.CausalityInterfaceForComposites._computeInputDepth(CausalityInterfaceForComposites.java:696)
	at ptolemy.actor.util.CausalityInterfaceForComposites._computeOutputPortDepth(CausalityInterfaceForComposites.java:765)
	at ptolemy.actor.util.CausalityInterfaceForComposites._computeInputDepth(CausalityInterfaceForComposites.java:696)
	at ptolemy.actor.util.CausalityInterfaceForComposites._computeActorDepth(CausalityInterfaceForComposites.java:532)
	at ptolemy.actor.util.CausalityInterfaceForComposites.checkForCycles(CausalityInterfaceForComposites.java:96)
	at ptolemy.domains.de.kernel.DEDirector.preinitialize(DEDirector.java:1337)
	at ptolemy.actor.CompositeActor.preinitialize(CompositeActor.java:1828)
	at ptolemy.actor.Manager.preinitializeAndResolveTypes(Manager.java:1040)
	at ptolemy.actor.Manager.initialize(Manager.java:710)
	at ptolemy.actor.Manager.execute(Manager.java:356)
	at ptolemy.actor.Manager.run(Manager.java:1263)
	at ptolemy.actor.Manager$PtolemyRunThread.run(Manager.java:1915)
java.lang.reflect.InvocationTargetException
	at sun.reflect.NativeConstructorAccessorImpl.newInstance0(Native Method)
	at sun.reflect.NativeConstructorAccessorImpl.newInstance(NativeConstructorAccessorImpl.java:62)
	at sun.reflect.DelegatingConstructorAccessorImpl.newInstance(DelegatingConstructorAccessorImpl.java:45)
	at java.lang.reflect.Constructor.newInstance(Constructor.java:423)
	at ptolemy.util.test.junit.AutoKnownFailedTests.RunModel(AutoKnownFailedTests.java:107)
	at sun.reflect.NativeMethodAccessorImpl.invoke0(Native Method)
	at sun.reflect.NativeMethodAccessorImpl.invoke(NativeMethodAccessorImpl.java:62)
	at sun.reflect.DelegatingMethodAccessorImpl.invoke(DelegatingMethodAccessorImpl.java:43)
	at java.lang.reflect.Method.invoke(Method.java:498)
	at org.junit.runners.model.FrameworkMethod$1.runReflectiveCall(FrameworkMethod.java:44)
	at org.junit.internal.runners.model.ReflectiveCallable.run(ReflectiveCallable.java:15)
	at org.junit.runners.model.FrameworkMethod.invokeExplosively(FrameworkMethod.java:41)
	at junitparams.internal.InvokeParameterisedMethod.evaluate(InvokeParameterisedMethod.java:102)
	at org.junit.internal.runners.statements.FailOnTimeout$1.run(FailOnTimeout.java:28)
Caused by: ptolemy.kernel.util.IllegalActionException: Found a zero delay loop containing .dependencyLoop2.original
  in .dependencyLoop2 and .dependencyLoop2.original
	at ptolemy.actor.util.CausalityInterfaceForComposites._computeOutputPortDepth(CausalityInterfaceForComposites.java:759)
	at ptolemy.actor.util.CausalityInterfaceForComposites._computeInputDepth(CausalityInterfaceForComposites.java:696)
	at ptolemy.actor.util.CausalityInterfaceForComposites._computeOutputPortDepth(CausalityInterfaceForComposites.java:765)
	at ptolemy.actor.util.CausalityInterfaceForComposites._computeInputDepth(CausalityInterfaceForComposites.java:696)
	at ptolemy.actor.util.CausalityInterfaceForComposites._computeOutputPortDepth(CausalityInterfaceForComposites.java:765)
	at ptolemy.actor.util.CausalityInterfaceForComposites._computeInputDepth(CausalityInterfaceForComposites.java:696)
	at ptolemy.actor.util.CausalityInterfaceForComposites._computeActorDepth(CausalityInterfaceForComposites.java:532)
	at ptolemy.actor.util.CausalityInterfaceForComposites.checkForCycles(CausalityInterfaceForComposites.java:96)
	at ptolemy.domains.de.kernel.DEDirector.preinitialize(DEDirector.java:1337)
	at ptolemy.actor.CompositeActor.preinitialize(CompositeActor.java:1828)
	at ptolemy.actor.Manager.preinitializeAndResolveTypes(Manager.java:1040)
	at ptolemy.actor.Manager.initialize(Manager.java:710)
	at ptolemy.actor.Manager.execute(Manager.java:356)
	at ptolemy.actor.Manager.run(Manager.java:1263)
	at ptolemy.actor.Manager$PtolemyRunThread.run(Manager.java:1915)
]]></system-err>
</testsuite>
