<?xml version="1.0" encoding="UTF-8" ?>
<testsuite errors="0" failures="0" hostname="travis-job-6c0cc67c-dd87-4d24-af99-77fb6b105fbb" name="ptolemy.domains.de.test.junit.JUnitTclTest" skipped="0" tests="101" time="145.788" timestamp="2018-05-27T01:19:01">
  <properties>
[...]
</properties>
  <testcase classname="ptolemy.util.test.junit.TclTests" name="[0] /home/travis/build/icyphy/ptII/ptolemy/domains/de/test/DependencyLoop.tcl (RunTclFile)" time="0.92" />
  <testcase classname="ptolemy.util.test.junit.TclTests" name="[1] /home/travis/build/icyphy/ptII/ptolemy/domains/de/test/RunDETestsAsQSS.tcl (RunTclFile)" time="99.432" />
  <testcase classname="ptolemy.util.test.junit.AutoKnownFailedTests" name="[0] /home/travis/build/icyphy/ptII/ptolemy/domains/de/test/auto/knownFailedTests/DESDFClockTest.xml (RunModel)" time="2.048" />
  <testcase classname="ptolemy.util.test.junit.AutoKnownFailedTests" name="[1] /home/travis/build/icyphy/ptII/ptolemy/domains/de/test/auto/knownFailedTests/DirectFeedback.xml (RunModel)" time="0.016" />
  <testcase classname="ptolemy.util.test.junit.AutoKnownFailedTests" name="[2] /home/travis/build/icyphy/ptII/ptolemy/domains/de/test/auto/knownFailedTests/FSMSource.xml (RunModel)" time="0.023" />
  <testcase classname="ptolemy.util.test.junit.AutoKnownFailedTests" name="[3] /home/travis/build/icyphy/ptII/ptolemy/domains/de/test/auto/knownFailedTests/HierarchicalModel.xml (RunModel)" time="0.048" />
  <testcase classname="ptolemy.util.test.junit.AutoKnownFailedTests" name="[4] /home/travis/build/icyphy/ptII/ptolemy/domains/de/test/auto/knownFailedTests/dependencyLoop.xml (RunModel)" time="0.046" />
  <testcase classname="ptolemy.util.test.junit.AutoKnownFailedTests" name="[5] /home/travis/build/icyphy/ptII/ptolemy/domains/de/test/auto/knownFailedTests/dependencyLoop2.xml (RunModel)" time="0.039" />
  <testcase classname="ptolemy.util.test.junit.AutoNameArchTests" name="[0] ThereAreNoAutoTests (RunModel)" time="0.0" />
  <testcase classname="ptolemy.util.test.junit.AutoTests" name="[0] /home/travis/build/icyphy/ptII/ptolemy/domains/de/test/auto/ActorDepthCalculation_actorWithoutPorts.xml (RunModel)" time="0.015" />
  <testcase classname="ptolemy.util.test.junit.AutoTests" name="[1] /home/travis/build/icyphy/ptII/ptolemy/domains/de/test/auto/AssemblyLine.xml (RunModel)" time="0.022" />
  <testcase classname="ptolemy.util.test.junit.AutoTests" name="[2] /home/travis/build/icyphy/ptII/ptolemy/domains/de/test/auto/CQBug1.xml (RunModel)" time="0.011" />
  <testcase classname="ptolemy.util.test.junit.AutoTests" name="[3] /home/travis/build/icyphy/ptII/ptolemy/domains/de/test/auto/CancelFireAt.xml (RunModel)" time="0.009" />
  <testcase classname="ptolemy.util.test.junit.AutoTests" name="[4] /home/travis/build/icyphy/ptII/ptolemy/domains/de/test/auto/CausalityAndComposabilityAnalysis.xml (RunModel)" time="0.01" />
  <testcase classname="ptolemy.util.test.junit.AutoTests" name="[5] /home/travis/build/icyphy/ptII/ptolemy/domains/de/test/auto/CausalityInterface1.xml (RunModel)" time="0.014" />
  <testcase classname="ptolemy.util.test.junit.AutoTests" name="[6] /home/travis/build/icyphy/ptII/ptolemy/domains/de/test/auto/CausalityInterface15.xml (RunModel)" time="0.014" />
  <testcase classname="ptolemy.util.test.junit.AutoTests" name="[7] /home/travis/build/icyphy/ptII/ptolemy/domains/de/test/auto/CausalityInterface2.xml (RunModel)" time="0.013" />
  <testcase classname="ptolemy.util.test.junit.AutoTests" name="[8] /home/travis/build/icyphy/ptII/ptolemy/domains/de/test/auto/CausalityInterface3.xml (RunModel)" time="0.015" />
  <testcase classname="ptolemy.util.test.junit.AutoTests" name="[9] /home/travis/build/icyphy/ptII/ptolemy/domains/de/test/auto/ClockDrift.xml (RunModel)" time="0.038" />
  <testcase classname="ptolemy.util.test.junit.AutoTests" name="[10] /home/travis/build/icyphy/ptII/ptolemy/domains/de/test/auto/ClockDriftAndValueChange.xml (RunModel)" time="0.03" />
  <testcase classname="ptolemy.util.test.junit.AutoTests" name="[11] /home/travis/build/icyphy/ptII/ptolemy/domains/de/test/auto/ClockDriftChange.xml (RunModel)" time="0.035" />
  <testcase classname="ptolemy.util.test.junit.AutoTests" name="[12] /home/travis/build/icyphy/ptII/ptolemy/domains/de/test/auto/ComposableCausalityAnalysis.xml (RunModel)" time="0.012" />
  <testcase classname="ptolemy.util.test.junit.AutoTests" name="[13] /home/travis/build/icyphy/ptII/ptolemy/domains/de/test/auto/DEFixedPointLimitation.xml (RunModel)" time="0.01" />
  <testcase classname="ptolemy.util.test.junit.AutoTests" name="[14] /home/travis/build/icyphy/ptII/ptolemy/domains/de/test/auto/DEScheduleTest.xml (RunModel)" time="0.025" />
  <testcase classname="ptolemy.util.test.junit.AutoTests" name="[15] /home/travis/build/icyphy/ptII/ptolemy/domains/de/test/auto/DEinDEwithStartTimes.xml (RunModel)" time="0.033" />
  <testcase classname="ptolemy.util.test.junit.AutoTests" name="[16] /home/travis/build/icyphy/ptII/ptolemy/domains/de/test/auto/DEinDEwithStartTimes2.xml (RunModel)" time="0.018" />
  <testcase classname="ptolemy.util.test.junit.AutoTests" name="[17] /home/travis/build/icyphy/ptII/ptolemy/domains/de/test/auto/DateDemo.xml (RunModel)" time="0.031" />
  <testcase classname="ptolemy.util.test.junit.AutoTests" name="[18] /home/travis/build/icyphy/ptII/ptolemy/domains/de/test/auto/DateToEvent.xml (RunModel)" time="2.042" />
  <testcase classname="ptolemy.util.test.junit.AutoTests" name="[19] /home/travis/build/icyphy/ptII/ptolemy/domains/de/test/auto/DepthTest1.xml (RunModel)" time="0.013" />
  <testcase classname="ptolemy.util.test.junit.AutoTests" name="[20] /home/travis/build/icyphy/ptII/ptolemy/domains/de/test/auto/DepthTest2.xml (RunModel)" time="0.021" />
  <testcase classname="ptolemy.util.test.junit.AutoTests" name="[21] /home/travis/build/icyphy/ptII/ptolemy/domains/de/test/auto/DepthTest3.xml (RunModel)" time="0.011" />
  <testcase classname="ptolemy.util.test.junit.AutoTests" name="[22] /home/travis/build/icyphy/ptII/ptolemy/domains/de/test/auto/DepthTest4.xml (RunModel)" time="0.024" />
  <testcase classname="ptolemy.util.test.junit.AutoTests" name="[23] /home/travis/build/icyphy/ptII/ptolemy/domains/de/test/auto/DepthTest5.xml (RunModel)" time="0.018" />
  <testcase classname="ptolemy.util.test.junit.AutoTests" name="[24] /home/travis/build/icyphy/ptII/ptolemy/domains/de/test/auto/DepthTest6.xml (RunModel)" time="0.02" />
  <testcase classname="ptolemy.util.test.junit.AutoTests" name="[25] /home/travis/build/icyphy/ptII/ptolemy/domains/de/test/auto/DepthTest7.xml (RunModel)" time="0.015" />
  <testcase classname="ptolemy.util.test.junit.AutoTests" name="[26] /home/travis/build/icyphy/ptII/ptolemy/domains/de/test/auto/EventToDate.xml (RunModel)" time="3.046" />
  <testcase classname="ptolemy.util.test.junit.AutoTests" name="[27] /home/travis/build/icyphy/ptII/ptolemy/domains/de/test/auto/FSM1.xml (RunModel)" time="0.043" />
  <testcase classname="ptolemy.util.test.junit.AutoTests" name="[28] /home/travis/build/icyphy/ptII/ptolemy/domains/de/test/auto/FSM7.xml (RunModel)" time="0.055" />
  <testcase classname="ptolemy.util.test.junit.AutoTests" name="[29] /home/travis/build/icyphy/ptII/ptolemy/domains/de/test/auto/Inspection.xml (RunModel)" time="0.053" />
  <testcase classname="ptolemy.util.test.junit.AutoTests" name="[30] /home/travis/build/icyphy/ptII/ptolemy/domains/de/test/auto/Iteration.xml (RunModel)" time="0.033" />
  <testcase classname="ptolemy.util.test.junit.AutoTests" name="[31] /home/travis/build/icyphy/ptII/ptolemy/domains/de/test/auto/LineFault.xml (RunModel)" time="0.836" />
  <testcase classname="ptolemy.util.test.junit.AutoTests" name="[32] /home/travis/build/icyphy/ptII/ptolemy/domains/de/test/auto/MergeModel1Add.xml (RunModel)" time="0.069" />
  <testcase classname="ptolemy.util.test.junit.AutoTests" name="[33] /home/travis/build/icyphy/ptII/ptolemy/domains/de/test/auto/MergeModel2Add.xml (RunModel)" time="0.058" />
  <testcase classname="ptolemy.util.test.junit.AutoTests" name="[34] /home/travis/build/icyphy/ptII/ptolemy/domains/de/test/auto/MergeModel3Add.xml (RunModel)" time="0.055" />
  <testcase classname="ptolemy.util.test.junit.AutoTests" name="[35] /home/travis/build/icyphy/ptII/ptolemy/domains/de/test/auto/MergeWithoutDiscard.xml (RunModel)" time="0.016" />
  <testcase classname="ptolemy.util.test.junit.AutoTests" name="[36] /home/travis/build/icyphy/ptII/ptolemy/domains/de/test/auto/Modal1.xml (RunModel)" time="0.04" />
  <testcase classname="ptolemy.util.test.junit.AutoTests" name="[37] /home/travis/build/icyphy/ptII/ptolemy/domains/de/test/auto/Modal2.xml (RunModel)" time="0.041" />
  <testcase classname="ptolemy.util.test.junit.AutoTests" name="[38] /home/travis/build/icyphy/ptII/ptolemy/domains/de/test/auto/Modal3.xml (RunModel)" time="0.047" />
  <testcase classname="ptolemy.util.test.junit.AutoTests" name="[39] /home/travis/build/icyphy/ptII/ptolemy/domains/de/test/auto/Modal4.xml (RunModel)" time="0.039" />
  <testcase classname="ptolemy.util.test.junit.AutoTests" name="[40] /home/travis/build/icyphy/ptII/ptolemy/domains/de/test/auto/Modal5.xml (RunModel)" time="0.04" />
  <testcase classname="ptolemy.util.test.junit.AutoTests" name="[41] /home/travis/build/icyphy/ptII/ptolemy/domains/de/test/auto/Modal6.xml (RunModel)" time="0.042" />
  <testcase classname="ptolemy.util.test.junit.AutoTests" name="[42] /home/travis/build/icyphy/ptII/ptolemy/domains/de/test/auto/Modal7.xml (RunModel)" time="0.041" />
  <testcase classname="ptolemy.util.test.junit.AutoTests" name="[43] /home/travis/build/icyphy/ptII/ptolemy/domains/de/test/auto/ModalModel.xml (RunModel)" time="0.261" />
  <testcase classname="ptolemy.util.test.junit.AutoTests" name="[44] /home/travis/build/icyphy/ptII/ptolemy/domains/de/test/auto/ModalSource.xml (RunModel)" time="0.023" />
  <testcase classname="ptolemy.util.test.junit.AutoTests" name="[45] /home/travis/build/icyphy/ptII/ptolemy/domains/de/test/auto/NonInterruptibleTimerZeroDelay.xml (RunModel)" time="0.015" />
  <testcase classname="ptolemy.util.test.junit.AutoTests" name="[46] /home/travis/build/icyphy/ptII/ptolemy/domains/de/test/auto/OpenQueueingNetwork.xml (RunModel)" time="3.248" />
  <testcase classname="ptolemy.util.test.junit.AutoTests" name="[47] /home/travis/build/icyphy/ptII/ptolemy/domains/de/test/auto/OpenQueuingNetwork.xml (RunModel)" time="0.446" />
  <testcase classname="ptolemy.util.test.junit.AutoTests" name="[48] /home/travis/build/icyphy/ptII/ptolemy/domains/de/test/auto/PeriodicSampler.xml (RunModel)" time="0.011" />
  <testcase classname="ptolemy.util.test.junit.AutoTests" name="[49] /home/travis/build/icyphy/ptII/ptolemy/domains/de/test/auto/PersistentIO.xml (RunModel)" time="0.024" />
  <testcase classname="ptolemy.util.test.junit.AutoTests" name="[50] /home/travis/build/icyphy/ptII/ptolemy/domains/de/test/auto/PortParameterResetOnInitialize.xml (RunModel)" time="0.011" />
  <testcase classname="ptolemy.util.test.junit.AutoTests" name="[51] /home/travis/build/icyphy/ptII/ptolemy/domains/de/test/auto/PortParameterUpdates.xml (RunModel)" time="0.017" />
  <testcase classname="ptolemy.util.test.junit.AutoTests" name="[52] /home/travis/build/icyphy/ptII/ptolemy/domains/de/test/auto/QueueAndServer.xml (RunModel)" time="0.023" />
  <testcase classname="ptolemy.util.test.junit.AutoTests" name="[53] /home/travis/build/icyphy/ptII/ptolemy/domains/de/test/auto/Records.xml (RunModel)" time="0.015" />
  <testcase classname="ptolemy.util.test.junit.AutoTests" name="[54] /home/travis/build/icyphy/ptII/ptolemy/domains/de/test/auto/ResetTransitionWithStartTime1.xml (RunModel)" time="0.025" />
  <testcase classname="ptolemy.util.test.junit.AutoTests" name="[55] /home/travis/build/icyphy/ptII/ptolemy/domains/de/test/auto/ResetTransitionWithStartTime2.xml (RunModel)" time="0.021" />
  <testcase classname="ptolemy.util.test.junit.AutoTests" name="[56] /home/travis/build/icyphy/ptII/ptolemy/domains/de/test/auto/ResetTransitionWithStartTime3.xml (RunModel)" time="0.022" />
  <testcase classname="ptolemy.util.test.junit.AutoTests" name="[57] /home/travis/build/icyphy/ptII/ptolemy/domains/de/test/auto/ResetTransitionWithStartTime4.xml (RunModel)" time="0.05" />
  <testcase classname="ptolemy.util.test.junit.AutoTests" name="[58] /home/travis/build/icyphy/ptII/ptolemy/domains/de/test/auto/ResettableTimer1.xml (RunModel)" time="0.013" />
  <testcase classname="ptolemy.util.test.junit.AutoTests" name="[59] /home/travis/build/icyphy/ptII/ptolemy/domains/de/test/auto/ResettableTimer2.xml (RunModel)" time="0.012" />
  <testcase classname="ptolemy.util.test.junit.AutoTests" name="[60] /home/travis/build/icyphy/ptII/ptolemy/domains/de/test/auto/ResettableTimer3.xml (RunModel)" time="0.011" />
  <testcase classname="ptolemy.util.test.junit.AutoTests" name="[61] /home/travis/build/icyphy/ptII/ptolemy/domains/de/test/auto/ResettableTimer4.xml (RunModel)" time="0.011" />
  <testcase classname="ptolemy.util.test.junit.AutoTests" name="[62] /home/travis/build/icyphy/ptII/ptolemy/domains/de/test/auto/ResettableTimer5.xml (RunModel)" time="0.013" />
  <testcase classname="ptolemy.util.test.junit.AutoTests" name="[63] /home/travis/build/icyphy/ptII/ptolemy/domains/de/test/auto/ResettableTimer6.xml (RunModel)" time="0.027" />
  <testcase classname="ptolemy.util.test.junit.AutoTests" name="[64] /home/travis/build/icyphy/ptII/ptolemy/domains/de/test/auto/ServerZeroDelay.xml (RunModel)" time="0.011" />
  <testcase classname="ptolemy.util.test.junit.AutoTests" name="[65] /home/travis/build/icyphy/ptII/ptolemy/domains/de/test/auto/SmartSender.xml (RunModel)" time="3.011" />
  <testcase classname="ptolemy.util.test.junit.AutoTests" name="[66] /home/travis/build/icyphy/ptII/ptolemy/domains/de/test/auto/ThreadedComposite.xml (RunModel)" time="0.225" />
  <testcase classname="ptolemy.util.test.junit.AutoTests" name="[67] /home/travis/build/icyphy/ptII/ptolemy/domains/de/test/auto/Time.xml (RunModel)" time="0.612" />
  <testcase classname="ptolemy.util.test.junit.AutoTests" name="[68] /home/travis/build/icyphy/ptII/ptolemy/domains/de/test/auto/TimeDelayZeroDelay.xml (RunModel)" time="0.013" />
  <testcase classname="ptolemy.util.test.junit.AutoTests" name="[69] /home/travis/build/icyphy/ptII/ptolemy/domains/de/test/auto/TimerZeroDelay.xml (RunModel)" time="0.012" />
  <testcase classname="ptolemy.util.test.junit.AutoTests" name="[70] /home/travis/build/icyphy/ptII/ptolemy/domains/de/test/auto/TimingParadox.xml (RunModel)" time="0.481" />
  <testcase classname="ptolemy.util.test.junit.AutoTests" name="[71] /home/travis/build/icyphy/ptII/ptolemy/domains/de/test/auto/TransferInputs.xml (RunModel)" time="0.021" />
  <testcase classname="ptolemy.util.test.junit.AutoTests" name="[72] /home/travis/build/icyphy/ptII/ptolemy/domains/de/test/auto/TransferOutputs2.xml (RunModel)" time="0.023" />
  <testcase classname="ptolemy.util.test.junit.AutoTests" name="[73] /home/travis/build/icyphy/ptII/ptolemy/domains/de/test/auto/Trilateration.xml (RunModel)" time="14.078" />
  <testcase classname="ptolemy.util.test.junit.AutoTests" name="[74] /home/travis/build/icyphy/ptII/ptolemy/domains/de/test/auto/TwoSigmaDelta.xml (RunModel)" time="2.654" />
  <testcase classname="ptolemy.util.test.junit.AutoTests" name="[75] /home/travis/build/icyphy/ptII/ptolemy/domains/de/test/auto/VariableDelay.xml (RunModel)" time="0.018" />
  <testcase classname="ptolemy.util.test.junit.AutoTests" name="[76] /home/travis/build/icyphy/ptII/ptolemy/domains/de/test/auto/VariableDelay2.xml (RunModel)" time="0.011" />
  <testcase classname="ptolemy.util.test.junit.AutoTests" name="[77] /home/travis/build/icyphy/ptII/ptolemy/domains/de/test/auto/VariableDelayZeroDelay.xml (RunModel)" time="0.019" />
  <testcase classname="ptolemy.util.test.junit.AutoTests" name="[78] /home/travis/build/icyphy/ptII/ptolemy/domains/de/test/auto/VariableDelayZeroDelay2.xml (RunModel)" time="0.025" />
  <testcase classname="ptolemy.util.test.junit.AutoTests" name="[79] /home/travis/build/icyphy/ptII/ptolemy/domains/de/test/auto/deInCt.xml (RunModel)" time="0.021" />
  <testcase classname="ptolemy.util.test.junit.AutoTests" name="[80] /home/travis/build/icyphy/ptII/ptolemy/domains/de/test/auto/deInCt2.xml (RunModel)" time="0.019" />
  <testcase classname="ptolemy.util.test.junit.AutoTests" name="[81] /home/travis/build/icyphy/ptII/ptolemy/domains/de/test/auto/dynamicCausalityInterface1.xml (RunModel)" time="0.03" />
  <testcase classname="ptolemy.util.test.junit.AutoTests" name="[82] /home/travis/build/icyphy/ptII/ptolemy/domains/de/test/auto/fsm_de_test.xml (RunModel)" time="0.036" />
  <testcase classname="ptolemy.util.test.junit.AutoTests" name="[83] /home/travis/build/icyphy/ptII/ptolemy/domains/de/test/auto/functionDependencyReconstruction.xml (RunModel)" time="0.05" />
  <testcase classname="ptolemy.util.test.junit.AutoTests" name="[84] /home/travis/build/icyphy/ptII/ptolemy/domains/de/test/auto/multirate.xml (RunModel)" time="0.025" />
  <testcase classname="ptolemy.util.test.junit.AutoTests" name="[85] /home/travis/build/icyphy/ptII/ptolemy/domains/de/test/auto/multirate2.xml (RunModel)" time="0.022" />
  <testcase classname="ptolemy.util.test.junit.AutoTests" name="[86] /home/travis/build/icyphy/ptII/ptolemy/domains/de/test/auto/realtime.xml (RunModel)" time="10.016" />
  <testcase classname="ptolemy.util.test.junit.AutoTests" name="[87] /home/travis/build/icyphy/ptII/ptolemy/domains/de/test/auto/relationGroup.xml (RunModel)" time="0.009" />
  <testcase classname="ptolemy.util.test.junit.AutoTests" name="[88] /home/travis/build/icyphy/ptII/ptolemy/domains/de/test/auto/relationGroup2.xml (RunModel)" time="0.005" />
  <testcase classname="ptolemy.util.test.junit.AutoTests" name="[89] /home/travis/build/icyphy/ptII/ptolemy/domains/de/test/auto/sortWithOpaquePorts.xml (RunModel)" time="0.007" />
  <testcase classname="ptolemy.util.test.junit.AutoTests" name="[90] /home/travis/build/icyphy/ptII/ptolemy/domains/de/test/auto/transferInputsandOutputs.xml (RunModel)" time="0.015" />
  <testcase classname="ptolemy.util.test.junit.AutoTests" name="[91] /home/travis/build/icyphy/ptII/ptolemy/domains/de/test/auto/triggerType.xml (RunModel)" time="0.011" />
  <system-out><![CDATA[/home/travis/build/icyphy/ptII/ptolemy/domains/de/test/DependencyLoop.tcl
testDefs.tcl: setting time out to 9000 seconds at Sun May 27 01:19:01 UTC 2018
17 ms. Memory: 116224K Free: 95063K (82%)
8 ms. Memory: 116224K Free: 107636K (93%)
/home/travis/build/icyphy/ptII/ptolemy/domains/de/test/RunDETestsAsQSS.tcl
Run the DE tests using ptolemy.domains.qss.test.QSSDirectorTest, which extends QSSDirector and prints a message in the constructors.
------------------ testing $PTII/ptolemy/domains/de/test/auto/knownFailedTests/dependencyLoop.xml (Known Failure) 
14 ms. Memory: 116224K Free: 104480K (90%)


==== $PTIIhome/travis/build/icyphy/ptII/ptolemy/domains/de/test/../../../../: Auto Automatic test in file $PTII/ptolemy/domains/de/test/auto/knownFailedTests/dependencyLoop.xml
==== Contents of test case:

	    # FIXME: we should use $relativeFilename here, but it
	    # might have backslashes under Windows, which causes no end
	    # of trouble.
	    createAndExecute $file
	    list {}
	
.... Test generated KNOWN error:
    while executing
ptolemy.kernel.util.IllegalActionException: Found a zero delay loop containing .dependencyLoop.original
  in .dependencyLoop and .dependencyLoop.original
	at ptolemy.actor.util.CausalityInterfaceForComposites._computeOutputPortDepth(CausalityInterfaceForComposites.java:759)
	at ptolemy.actor.util.CausalityInterfaceForComposites._computeInputDepth(CausalityInterfaceForComposites.java:696)
	at ptolemy.actor.util.CausalityInterfaceForComposites._computeOutputPortDepth(CausalityInterfaceForComposites.java:765)
	at ptolemy.actor.util.CausalityInterfaceForComposites._computeInputDepth(CausalityInterfaceForComposites.java:696)
	at ptolemy.actor.util.CausalityInterfaceForComposites._computeOutputPortDepth(CausalityInterfaceForComposites.java:765)
	at ptolemy.actor.util.CausalityInterfaceForComposites._computeInputDepth(CausalityInterfaceForComposites.java:696)
	at ptolemy.actor.util.CausalityInterfaceForComposites._computeActorDepth(CausalityInterfaceForComposites.java:532)
	at ptolemy.actor.util.CausalityInterfaceForComposites.checkForCycles(CausalityInterfaceForComposites.java:96)
	at ptolemy.domains.de.kernel.DEDirector.preinitialize(DEDirector.java:1337)
	at ptolemy.actor.CompositeActor.preinitialize(CompositeActor.java:1828)
	at ptolemy.actor.Manager.preinitializeAndResolveTypes(Manager.java:1040)
	at ptolemy.actor.Manager.initialize(Manager.java:710)
	at ptolemy.actor.Manager.execute(Manager.java:356)
	at ptolemy.actor.Manager.run(Manager.java:1263)
	at ptolemy.actor.Manager$PtolemyRunThread.run(Manager.java:1915)

    while executing
ptolemy.kernel.util.IllegalActionException: Found a zero delay loop containing .dependencyLoop.original
  in .dependencyLoop and .dependencyLoop.original
    while executing
"java::new ptolemy.moml.MoMLSimpleApplication $file
"
    (procedure "createAndExecute" line 2)
    invoked from within
"createAndExecute $file"
    ("uplevel" body line 5)
    invoked from within
"uplevel $contents_of_test"
------------------ testing $PTII/ptolemy/domains/de/test/auto/knownFailedTests/DESDFClockTest.xml (Known Failure) 
2114 ms. Memory: 116224K Free: 89437K (77%)


==== $PTIIhome/travis/build/icyphy/ptII/ptolemy/domains/de/test/../../../../: Auto Automatic test in file $PTII/ptolemy/domains/de/test/auto/knownFailedTests/DESDFClockTest.xml
==== Contents of test case:

	    # FIXME: we should use $relativeFilename here, but it
	    # might have backslashes under Windows, which causes no end
	    # of trouble.
	    createAndExecute $file
	    list {}
	
.... Test generated KNOWN error:
    while executing
ptolemy.kernel.util.IllegalActionException: Actor is not ready to fire.  Perhaps UpSample.prefire() returned false? Try debugging the actor by selecting "Listen to Actor".  Also, for SDF check moml for tokenConsumptionRate on input.
  in .DESDFClockTest.Play Bell.Copy1:SDF Director and .DESDFClockTest.Play Bell.UpSample
	at ptolemy.actor.sched.StaticSchedulingDirector.fire(StaticSchedulingDirector.java:227)
	at ptolemy.domains.sdf.kernel.SDFDirector.fire(SDFDirector.java:500)
	at ptolemy.actor.CompositeActor.fire(CompositeActor.java:455)
	at ptolemy.domains.de.kernel.DEDirector._fire(DEDirector.java:1948)
	at ptolemy.domains.de.kernel.DEDirector.fire(DEDirector.java:502)
	at ptolemy.actor.CompositeActor.fire(CompositeActor.java:455)
	at ptolemy.actor.Manager.iterate(Manager.java:851)
	at ptolemy.actor.Manager.execute(Manager.java:369)
	at ptolemy.actor.Manager.run(Manager.java:1263)
	at ptolemy.actor.Manager$PtolemyRunThread.run(Manager.java:1915)

    while executing
ptolemy.kernel.util.IllegalActionException: Actor is not ready to fire.  Perhaps UpSample.prefire() returned false? Try debugging the actor by selecting "Listen to Actor".  Also, for SDF check moml for tokenConsumptionRate on input.
  in .DESDFClockTest.Play Bell.Copy1:SDF Director and .DESDFClockTest.Play Bell.UpSample
    while executing
"java::new ptolemy.moml.MoMLSimpleApplication $file
"
    (procedure "createAndExecute" line 2)
    invoked from within
"createAndExecute $file"
    ("uplevel" body line 5)
    invoked from within
"uplevel $contents_of_test"
------------------ testing $PTII/ptolemy/domains/de/test/auto/knownFailedTests/FSMSource.xml (Known Failure) 
49 ms. Memory: 116224K Free: 111894K (96%)
!!!! Auto was marked as failing, but now passes
------------------ testing $PTII/ptolemy/domains/de/test/auto/knownFailedTests/dependencyLoop2.xml (Known Failure) 
12 ms. Memory: 116224K Free: 94416K (81%)


==== $PTIIhome/travis/build/icyphy/ptII/ptolemy/domains/de/test/../../../../: Auto Automatic test in file $PTII/ptolemy/domains/de/test/auto/knownFailedTests/dependencyLoop2.xml
==== Contents of test case:

	    # FIXME: we should use $relativeFilename here, but it
	    # might have backslashes under Windows, which causes no end
	    # of trouble.
	    createAndExecute $file
	    list {}
	
.... Test generated KNOWN error:
    while executing
ptolemy.kernel.util.IllegalActionException: Found a zero delay loop containing .dependencyLoop2.original
  in .dependencyLoop2 and .dependencyLoop2.original
	at ptolemy.actor.util.CausalityInterfaceForComposites._computeOutputPortDepth(CausalityInterfaceForComposites.java:759)
	at ptolemy.actor.util.CausalityInterfaceForComposites._computeInputDepth(CausalityInterfaceForComposites.java:696)
	at ptolemy.actor.util.CausalityInterfaceForComposites._computeOutputPortDepth(CausalityInterfaceForComposites.java:765)
	at ptolemy.actor.util.CausalityInterfaceForComposites._computeInputDepth(CausalityInterfaceForComposites.java:696)
	at ptolemy.actor.util.CausalityInterfaceForComposites._computeOutputPortDepth(CausalityInterfaceForComposites.java:765)
	at ptolemy.actor.util.CausalityInterfaceForComposites._computeInputDepth(CausalityInterfaceForComposites.java:696)
	at ptolemy.actor.util.CausalityInterfaceForComposites._computeActorDepth(CausalityInterfaceForComposites.java:532)
	at ptolemy.actor.util.CausalityInterfaceForComposites.checkForCycles(CausalityInterfaceForComposites.java:96)
	at ptolemy.domains.de.kernel.DEDirector.preinitialize(DEDirector.java:1337)
	at ptolemy.actor.CompositeActor.preinitialize(CompositeActor.java:1828)
	at ptolemy.actor.Manager.preinitializeAndResolveTypes(Manager.java:1040)
	at ptolemy.actor.Manager.initialize(Manager.java:710)
	at ptolemy.actor.Manager.execute(Manager.java:356)
	at ptolemy.actor.Manager.run(Manager.java:1263)
	at ptolemy.actor.Manager$PtolemyRunThread.run(Manager.java:1915)

    while executing
ptolemy.kernel.util.IllegalActionException: Found a zero delay loop containing .dependencyLoop2.original
  in .dependencyLoop2 and .dependencyLoop2.original
    while executing
"java::new ptolemy.moml.MoMLSimpleApplication $file
"
    (procedure "createAndExecute" line 2)
    invoked from within
"createAndExecute $file"
    ("uplevel" body line 5)
    invoked from within
"uplevel $contents_of_test"
------------------ testing $PTII/ptolemy/domains/de/test/auto/knownFailedTests/HierarchicalModel.xml (Known Failure) 
32 ms. Memory: 146944K Free: 135558K (92%)


==== $PTIIhome/travis/build/icyphy/ptII/ptolemy/domains/de/test/../../../../: Auto Automatic test in file $PTII/ptolemy/domains/de/test/auto/knownFailedTests/HierarchicalModel.xml
==== Contents of test case:

	    # FIXME: we should use $relativeFilename here, but it
	    # might have backslashes under Windows, which causes no end
	    # of trouble.
	    createAndExecute $file
	    list {}
	
.... Test generated KNOWN error:
    while executing
ptolemy.kernel.util.IllegalActionException: Found a zero delay loop containing .HierarchicalModel.A
  in .HierarchicalModel and .HierarchicalModel.A
	at ptolemy.actor.util.CausalityInterfaceForComposites._computeOutputPortDepth(CausalityInterfaceForComposites.java:759)
	at ptolemy.actor.util.CausalityInterfaceForComposites._computeInputDepth(CausalityInterfaceForComposites.java:696)
	at ptolemy.actor.util.CausalityInterfaceForComposites._computeOutputPortDepth(CausalityInterfaceForComposites.java:765)
	at ptolemy.actor.util.CausalityInterfaceForComposites._computeInputDepth(CausalityInterfaceForComposites.java:696)
	at ptolemy.actor.util.CausalityInterfaceForComposites._computeOutputPortDepth(CausalityInterfaceForComposites.java:765)
	at ptolemy.actor.util.CausalityInterfaceForComposites._computeInputDepth(CausalityInterfaceForComposites.java:696)
	at ptolemy.actor.util.CausalityInterfaceForComposites._computeActorDepth(CausalityInterfaceForComposites.java:532)
	at ptolemy.actor.util.CausalityInterfaceForComposites.checkForCycles(CausalityInterfaceForComposites.java:96)
	at ptolemy.domains.de.kernel.DEDirector.preinitialize(DEDirector.java:1337)
	at ptolemy.actor.CompositeActor.preinitialize(CompositeActor.java:1828)
	at ptolemy.actor.Manager.preinitializeAndResolveTypes(Manager.java:1040)
	at ptolemy.actor.Manager.initialize(Manager.java:710)
	at ptolemy.actor.Manager.execute(Manager.java:356)
	at ptolemy.actor.Manager.run(Manager.java:1263)
	at ptolemy.actor.Manager$PtolemyRunThread.run(Manager.java:1915)

    while executing
ptolemy.kernel.util.IllegalActionException: Found a zero delay loop containing .HierarchicalModel.A
  in .HierarchicalModel and .HierarchicalModel.A
    while executing
"java::new ptolemy.moml.MoMLSimpleApplication $file
"
    (procedure "createAndExecute" line 2)
    invoked from within
"createAndExecute $file"
    ("uplevel" body line 5)
    invoked from within
"uplevel $contents_of_test"
------------------ testing $PTII/ptolemy/domains/de/test/auto/knownFailedTests/DirectFeedback.xml (Known Failure) 
12 ms. Memory: 146944K Free: 130506K (89%)


==== $PTIIhome/travis/build/icyphy/ptII/ptolemy/domains/de/test/../../../../: Auto Automatic test in file $PTII/ptolemy/domains/de/test/auto/knownFailedTests/DirectFeedback.xml
==== Contents of test case:

	    # FIXME: we should use $relativeFilename here, but it
	    # might have backslashes under Windows, which causes no end
	    # of trouble.
	    createAndExecute $file
	    list {}
	
.... Test generated KNOWN error:
    while executing
ptolemy.kernel.util.IllegalActionException: Test fails in iteration 1.
Value was: 1.0. Should have been: 2.0
  in .DirectFeedback.Test
	at ptolemy.actor.lib.Test.fire(Test.java:268)
	at ptolemy.domains.de.kernel.DEDirector._fire(DEDirector.java:1948)
	at ptolemy.domains.de.kernel.DEDirector.fire(DEDirector.java:502)
	at ptolemy.actor.CompositeActor.fire(CompositeActor.java:455)
	at ptolemy.actor.Manager.iterate(Manager.java:851)
	at ptolemy.actor.Manager.execute(Manager.java:369)
	at ptolemy.actor.Manager.run(Manager.java:1263)
	at ptolemy.actor.Manager$PtolemyRunThread.run(Manager.java:1915)

    while executing
ptolemy.kernel.util.IllegalActionException: Test fails in iteration 1.
Value was: 1.0. Should have been: 2.0
  in .DirectFeedback.Test
    while executing
"java::new ptolemy.moml.MoMLSimpleApplication $file
"
    (procedure "createAndExecute" line 2)
    invoked from within
"createAndExecute $file"
    ("uplevel" body line 5)
    invoked from within
"uplevel $contents_of_test"
------------------ testing $PTII/ptolemy/domains/de/test/auto/ActorDepthCalculation_actorWithoutPorts.xml
auto.tcl: Setting watchdog for 200 seconds at Sun May 27 01:19:05 UTC 2018
13 ms. Memory: 146944K Free: 121697K (83%)
ptolemy.util.test.WatchDog.cancel(): canceling Sun May 27 01:19:05 UTC 2018
auto.tcl: Setting watchdog for 200 seconds at Sun May 27 01:19:05 UTC 2018
11 ms. Memory: 146944K Free: 120638K (82%)
ptolemy.util.test.WatchDog.cancel(): canceling Sun May 27 01:19:05 UTC 2018
------------------ testing $PTII/ptolemy/domains/de/test/auto/AssemblyLine.xml
auto.tcl: Setting watchdog for 200 seconds at Sun May 27 01:19:05 UTC 2018
11 ms. Memory: 146944K Free: 129252K (88%)
ptolemy.util.test.WatchDog.cancel(): canceling Sun May 27 01:19:06 UTC 2018
auto.tcl: Setting watchdog for 200 seconds at Sun May 27 01:19:06 UTC 2018
7 ms. Memory: 146944K Free: 128211K (87%)
ptolemy.util.test.WatchDog.cancel(): canceling Sun May 27 01:19:06 UTC 2018
------------------ testing $PTII/ptolemy/domains/de/test/auto/CQBug1.xml
auto.tcl: Setting watchdog for 200 seconds at Sun May 27 01:19:06 UTC 2018
3 ms. Memory: 146944K Free: 138337K (94%)
ptolemy.util.test.WatchDog.cancel(): canceling Sun May 27 01:19:06 UTC 2018
auto.tcl: Setting watchdog for 200 seconds at Sun May 27 01:19:06 UTC 2018
2 ms. Memory: 146944K Free: 138337K (94%)
ptolemy.util.test.WatchDog.cancel(): canceling Sun May 27 01:19:06 UTC 2018
------------------ testing $PTII/ptolemy/domains/de/test/auto/CancelFireAt.xml
auto.tcl: Setting watchdog for 200 seconds at Sun May 27 01:19:06 UTC 2018
3 ms. Memory: 146944K Free: 139376K (95%)
ptolemy.util.test.WatchDog.cancel(): canceling Sun May 27 01:19:06 UTC 2018
auto.tcl: Setting watchdog for 200 seconds at Sun May 27 01:19:06 UTC 2018
2 ms. Memory: 146944K Free: 139376K (95%)
ptolemy.util.test.WatchDog.cancel(): canceling Sun May 27 01:19:06 UTC 2018
------------------ testing $PTII/ptolemy/domains/de/test/auto/CausalityAndComposabilityAnalysis.xml
auto.tcl: Setting watchdog for 200 seconds at Sun May 27 01:19:06 UTC 2018
12 ms. Memory: 146944K Free: 136986K (93%)
ptolemy.util.test.WatchDog.cancel(): canceling Sun May 27 01:19:06 UTC 2018
auto.tcl: Setting watchdog for 200 seconds at Sun May 27 01:19:06 UTC 2018
7 ms. Memory: 146944K Free: 136986K (93%)
ptolemy.util.test.WatchDog.cancel(): canceling Sun May 27 01:19:06 UTC 2018
------------------ testing $PTII/ptolemy/domains/de/test/auto/CausalityInterface1.xml
auto.tcl: Setting watchdog for 200 seconds at Sun May 27 01:19:06 UTC 2018
21 ms. Memory: 146944K Free: 136309K (93%)
ptolemy.util.test.WatchDog.cancel(): canceling Sun May 27 01:19:06 UTC 2018
auto.tcl: Setting watchdog for 200 seconds at Sun May 27 01:19:06 UTC 2018
5 ms. Memory: 146944K Free: 136309K (93%)
ptolemy.util.test.WatchDog.cancel(): canceling Sun May 27 01:19:06 UTC 2018
------------------ testing $PTII/ptolemy/domains/de/test/auto/CausalityInterface15.xml
auto.tcl: Setting watchdog for 200 seconds at Sun May 27 01:19:06 UTC 2018
17 ms. Memory: 146944K Free: 135260K (92%)
ptolemy.util.test.WatchDog.cancel(): canceling Sun May 27 01:19:06 UTC 2018
auto.tcl: Setting watchdog for 200 seconds at Sun May 27 01:19:06 UTC 2018
7 ms. Memory: 146944K Free: 134218K (91%)
ptolemy.util.test.WatchDog.cancel(): canceling Sun May 27 01:19:06 UTC 2018
------------------ testing $PTII/ptolemy/domains/de/test/auto/CausalityInterface2.xml
auto.tcl: Setting watchdog for 200 seconds at Sun May 27 01:19:06 UTC 2018
9 ms. Memory: 146944K Free: 136285K (93%)
ptolemy.util.test.WatchDog.cancel(): canceling Sun May 27 01:19:06 UTC 2018
auto.tcl: Setting watchdog for 200 seconds at Sun May 27 01:19:06 UTC 2018
3 ms. Memory: 146944K Free: 136285K (93%)
ptolemy.util.test.WatchDog.cancel(): canceling Sun May 27 01:19:06 UTC 2018
------------------ testing $PTII/ptolemy/domains/de/test/auto/CausalityInterface3.xml
auto.tcl: Setting watchdog for 200 seconds at Sun May 27 01:19:06 UTC 2018
7 ms. Memory: 146944K Free: 136406K (93%)
ptolemy.util.test.WatchDog.cancel(): canceling Sun May 27 01:19:06 UTC 2018
auto.tcl: Setting watchdog for 200 seconds at Sun May 27 01:19:06 UTC 2018
3 ms. Memory: 146944K Free: 135255K (92%)
ptolemy.util.test.WatchDog.cancel(): canceling Sun May 27 01:19:06 UTC 2018
------------------ testing $PTII/ptolemy/domains/de/test/auto/ClockDrift.xml
auto.tcl: Setting watchdog for 200 seconds at Sun May 27 01:19:07 UTC 2018
87 ms. Memory: 146944K Free: 128193K (87%)
ptolemy.util.test.WatchDog.cancel(): canceling Sun May 27 01:19:07 UTC 2018
auto.tcl: Setting watchdog for 200 seconds at Sun May 27 01:19:07 UTC 2018
102 ms. Memory: 146944K Free: 125069K (85%)
ptolemy.util.test.WatchDog.cancel(): canceling Sun May 27 01:19:07 UTC 2018
------------------ testing $PTII/ptolemy/domains/de/test/auto/ClockDriftAndValueChange.xml
auto.tcl: Setting watchdog for 200 seconds at Sun May 27 01:19:07 UTC 2018
57 ms. Memory: 146944K Free: 128023K (87%)
ptolemy.util.test.WatchDog.cancel(): canceling Sun May 27 01:19:07 UTC 2018
auto.tcl: Setting watchdog for 200 seconds at Sun May 27 01:19:07 UTC 2018
53 ms. Memory: 146944K Free: 124900K (85%)
ptolemy.util.test.WatchDog.cancel(): canceling Sun May 27 01:19:07 UTC 2018
------------------ testing $PTII/ptolemy/domains/de/test/auto/ClockDriftChange.xml
auto.tcl: Setting watchdog for 200 seconds at Sun May 27 01:19:07 UTC 2018
55 ms. Memory: 146944K Free: 130703K (89%)
ptolemy.util.test.WatchDog.cancel(): canceling Sun May 27 01:19:07 UTC 2018
auto.tcl: Setting watchdog for 200 seconds at Sun May 27 01:19:07 UTC 2018
36 ms. Memory: 146944K Free: 127579K (87%)
ptolemy.util.test.WatchDog.cancel(): canceling Sun May 27 01:19:07 UTC 2018
------------------ testing $PTII/ptolemy/domains/de/test/auto/ComposableCausalityAnalysis.xml
auto.tcl: Setting watchdog for 200 seconds at Sun May 27 01:19:07 UTC 2018
3 ms. Memory: 146944K Free: 135111K (92%)
ptolemy.util.test.WatchDog.cancel(): canceling Sun May 27 01:19:07 UTC 2018
auto.tcl: Setting watchdog for 200 seconds at Sun May 27 01:19:07 UTC 2018
3 ms. Memory: 146944K Free: 134070K (91%)
ptolemy.util.test.WatchDog.cancel(): canceling Sun May 27 01:19:07 UTC 2018
------------------ testing $PTII/ptolemy/domains/de/test/auto/DEFixedPointLimitation.xml
auto.tcl: Setting watchdog for 200 seconds at Sun May 27 01:19:07 UTC 2018
6 ms. Memory: 146944K Free: 136233K (93%)
ptolemy.util.test.WatchDog.cancel(): canceling Sun May 27 01:19:07 UTC 2018
auto.tcl: Setting watchdog for 200 seconds at Sun May 27 01:19:07 UTC 2018
2 ms. Memory: 146944K Free: 136233K (93%)
ptolemy.util.test.WatchDog.cancel(): canceling Sun May 27 01:19:07 UTC 2018
------------------ testing $PTII/ptolemy/domains/de/test/auto/DEScheduleTest.xml
auto.tcl: Setting watchdog for 200 seconds at Sun May 27 01:19:07 UTC 2018
8 ms. Memory: 146944K Free: 137309K (93%)
ptolemy.util.test.WatchDog.cancel(): canceling Sun May 27 01:19:08 UTC 2018
auto.tcl: Setting watchdog for 200 seconds at Sun May 27 01:19:08 UTC 2018
4 ms. Memory: 146944K Free: 136268K (93%)
ptolemy.util.test.WatchDog.cancel(): canceling Sun May 27 01:19:08 UTC 2018
------------------ testing $PTII/ptolemy/domains/de/test/auto/DEinDEwithStartTimes.xml
auto.tcl: Setting watchdog for 200 seconds at Sun May 27 01:19:08 UTC 2018
4 ms. Memory: 146944K Free: 135196K (92%)
ptolemy.util.test.WatchDog.cancel(): canceling Sun May 27 01:19:08 UTC 2018
auto.tcl: Setting watchdog for 200 seconds at Sun May 27 01:19:08 UTC 2018
6 ms. Memory: 146944K Free: 134155K (91%)
ptolemy.util.test.WatchDog.cancel(): canceling Sun May 27 01:19:08 UTC 2018
------------------ testing $PTII/ptolemy/domains/de/test/auto/DEinDEwithStartTimes2.xml
auto.tcl: Setting watchdog for 200 seconds at Sun May 27 01:19:08 UTC 2018
9 ms. Memory: 146944K Free: 135285K (92%)
ptolemy.util.test.WatchDog.cancel(): canceling Sun May 27 01:19:08 UTC 2018
auto.tcl: Setting watchdog for 200 seconds at Sun May 27 01:19:08 UTC 2018
6 ms. Memory: 146944K Free: 134243K (91%)
ptolemy.util.test.WatchDog.cancel(): canceling Sun May 27 01:19:08 UTC 2018
------------------ testing $PTII/ptolemy/domains/de/test/auto/DateDemo.xml
auto.tcl: Setting watchdog for 200 seconds at Sun May 27 01:19:08 UTC 2018
15 ms. Memory: 146944K Free: 129330K (88%)
ptolemy.util.test.WatchDog.cancel(): canceling Sun May 27 01:19:08 UTC 2018
auto.tcl: Setting watchdog for 200 seconds at Sun May 27 01:19:08 UTC 2018
13 ms. Memory: 146944K Free: 127248K (87%)
ptolemy.util.test.WatchDog.cancel(): canceling Sun May 27 01:19:08 UTC 2018
------------------ testing $PTII/ptolemy/domains/de/test/auto/DateToEvent.xml
auto.tcl: Setting watchdog for 200 seconds at Sun May 27 01:19:08 UTC 2018
2018 ms. Memory: 146944K Free: 122444K (83%)
ptolemy.util.test.WatchDog.cancel(): canceling Sun May 27 01:19:10 UTC 2018
auto.tcl: Setting watchdog for 200 seconds at Sun May 27 01:19:10 UTC 2018
2006 ms. Memory: 146944K Free: 121403K (83%)
ptolemy.util.test.WatchDog.cancel(): canceling Sun May 27 01:19:12 UTC 2018
------------------ testing $PTII/ptolemy/domains/de/test/auto/DepthTest1.xml
auto.tcl: Setting watchdog for 200 seconds at Sun May 27 01:19:12 UTC 2018
4 ms. Memory: 146944K Free: 138605K (94%)
ptolemy.util.test.WatchDog.cancel(): canceling Sun May 27 01:19:12 UTC 2018
auto.tcl: Setting watchdog for 200 seconds at Sun May 27 01:19:12 UTC 2018
2 ms. Memory: 146944K Free: 138605K (94%)
ptolemy.util.test.WatchDog.cancel(): canceling Sun May 27 01:19:12 UTC 2018
------------------ testing $PTII/ptolemy/domains/de/test/auto/DepthTest2.xml
auto.tcl: Setting watchdog for 200 seconds at Sun May 27 01:19:12 UTC 2018
5 ms. Memory: 146944K Free: 134193K (91%)
ptolemy.util.test.WatchDog.cancel(): canceling Sun May 27 01:19:12 UTC 2018
auto.tcl: Setting watchdog for 200 seconds at Sun May 27 01:19:12 UTC 2018
3 ms. Memory: 146944K Free: 134193K (91%)
ptolemy.util.test.WatchDog.cancel(): canceling Sun May 27 01:19:12 UTC 2018
------------------ testing $PTII/ptolemy/domains/de/test/auto/DepthTest3.xml
auto.tcl: Setting watchdog for 200 seconds at Sun May 27 01:19:12 UTC 2018
3 ms. Memory: 146944K Free: 138806K (94%)
ptolemy.util.test.WatchDog.cancel(): canceling Sun May 27 01:19:12 UTC 2018
auto.tcl: Setting watchdog for 200 seconds at Sun May 27 01:19:12 UTC 2018
2 ms. Memory: 146944K Free: 138806K (94%)
ptolemy.util.test.WatchDog.cancel(): canceling Sun May 27 01:19:12 UTC 2018
------------------ testing $PTII/ptolemy/domains/de/test/auto/DepthTest4.xml
auto.tcl: Setting watchdog for 200 seconds at Sun May 27 01:19:12 UTC 2018
8 ms. Memory: 146944K Free: 136210K (93%)
ptolemy.util.test.WatchDog.cancel(): canceling Sun May 27 01:19:12 UTC 2018
auto.tcl: Setting watchdog for 200 seconds at Sun May 27 01:19:12 UTC 2018
2 ms. Memory: 146944K Free: 135153K (92%)
ptolemy.util.test.WatchDog.cancel(): canceling Sun May 27 01:19:12 UTC 2018
------------------ testing $PTII/ptolemy/domains/de/test/auto/DepthTest5.xml
auto.tcl: Setting watchdog for 200 seconds at Sun May 27 01:19:12 UTC 2018
3 ms. Memory: 146944K Free: 135092K (92%)
ptolemy.util.test.WatchDog.cancel(): canceling Sun May 27 01:19:12 UTC 2018
auto.tcl: Setting watchdog for 200 seconds at Sun May 27 01:19:12 UTC 2018
4 ms. Memory: 146944K Free: 135092K (92%)
ptolemy.util.test.WatchDog.cancel(): canceling Sun May 27 01:19:12 UTC 2018
------------------ testing $PTII/ptolemy/domains/de/test/auto/DepthTest6.xml
auto.tcl: Setting watchdog for 200 seconds at Sun May 27 01:19:13 UTC 2018
14 ms. Memory: 146944K Free: 135171K (92%)
ptolemy.util.test.WatchDog.cancel(): canceling Sun May 27 01:19:13 UTC 2018
auto.tcl: Setting watchdog for 200 seconds at Sun May 27 01:19:13 UTC 2018
2 ms. Memory: 146944K Free: 135171K (92%)
ptolemy.util.test.WatchDog.cancel(): canceling Sun May 27 01:19:13 UTC 2018
------------------ testing $PTII/ptolemy/domains/de/test/auto/DepthTest7.xml
auto.tcl: Setting watchdog for 200 seconds at Sun May 27 01:19:13 UTC 2018
4 ms. Memory: 146944K Free: 136100K (93%)
ptolemy.util.test.WatchDog.cancel(): canceling Sun May 27 01:19:13 UTC 2018
auto.tcl: Setting watchdog for 200 seconds at Sun May 27 01:19:13 UTC 2018
3 ms. Memory: 146944K Free: 135058K (92%)
ptolemy.util.test.WatchDog.cancel(): canceling Sun May 27 01:19:13 UTC 2018
------------------ testing $PTII/ptolemy/domains/de/test/auto/EventToDate.xml
auto.tcl: Setting watchdog for 200 seconds at Sun May 27 01:19:13 UTC 2018
3011 ms. Memory: 146944K Free: 125660K (86%)
ptolemy.util.test.WatchDog.cancel(): canceling Sun May 27 01:19:16 UTC 2018
auto.tcl: Setting watchdog for 200 seconds at Sun May 27 01:19:16 UTC 2018
3004 ms. Memory: 146944K Free: 125660K (86%)
ptolemy.util.test.WatchDog.cancel(): canceling Sun May 27 01:19:19 UTC 2018
------------------ testing $PTII/ptolemy/domains/de/test/auto/FSM1.xml
auto.tcl: Setting watchdog for 200 seconds at Sun May 27 01:19:19 UTC 2018
44 ms. Memory: 146944K Free: 126852K (86%)
ptolemy.util.test.WatchDog.cancel(): canceling Sun May 27 01:19:19 UTC 2018
auto.tcl: Setting watchdog for 200 seconds at Sun May 27 01:19:19 UTC 2018
26 ms. Memory: 146944K Free: 123696K (84%)
ptolemy.util.test.WatchDog.cancel(): canceling Sun May 27 01:19:19 UTC 2018
------------------ testing $PTII/ptolemy/domains/de/test/auto/FSM7.xml
auto.tcl: Setting watchdog for 200 seconds at Sun May 27 01:19:19 UTC 2018
17 ms. Memory: 146944K Free: 127214K (87%)
ptolemy.util.test.WatchDog.cancel(): canceling Sun May 27 01:19:19 UTC 2018
auto.tcl: Setting watchdog for 200 seconds at Sun May 27 01:19:19 UTC 2018
22 ms. Memory: 146944K Free: 124066K (84%)
ptolemy.util.test.WatchDog.cancel(): canceling Sun May 27 01:19:19 UTC 2018
------------------ testing $PTII/ptolemy/domains/de/test/auto/Inspection.xml
auto.tcl: Setting watchdog for 200 seconds at Sun May 27 01:19:19 UTC 2018
55 ms. Memory: 146944K Free: 128035K (87%)
ptolemy.util.test.WatchDog.cancel(): canceling Sun May 27 01:19:19 UTC 2018
auto.tcl: Setting watchdog for 200 seconds at Sun May 27 01:19:19 UTC 2018
50 ms. Memory: 146944K Free: 125952K (86%)
ptolemy.util.test.WatchDog.cancel(): canceling Sun May 27 01:19:19 UTC 2018
------------------ testing $PTII/ptolemy/domains/de/test/auto/Iteration.xml
auto.tcl: Setting watchdog for 200 seconds at Sun May 27 01:19:19 UTC 2018
20 ms. Memory: 146944K Free: 134838K (92%)
ptolemy.util.test.WatchDog.cancel(): canceling Sun May 27 01:19:19 UTC 2018
auto.tcl: Setting watchdog for 200 seconds at Sun May 27 01:19:19 UTC 2018
9 ms. Memory: 146944K Free: 132754K (90%)
ptolemy.util.test.WatchDog.cancel(): canceling Sun May 27 01:19:19 UTC 2018
------------------ testing $PTII/ptolemy/domains/de/test/auto/LineFault.xml
auto.tcl: Setting watchdog for 200 seconds at Sun May 27 01:19:20 UTC 2018
1069 ms. Memory: 146944K Free: 138075K (94%)
ptolemy.util.test.WatchDog.cancel(): canceling Sun May 27 01:19:21 UTC 2018
auto.tcl: Setting watchdog for 200 seconds at Sun May 27 01:19:21 UTC 2018
1057 ms. Memory: 146944K Free: 82070K (56%)
ptolemy.util.test.WatchDog.cancel(): canceling Sun May 27 01:19:22 UTC 2018
------------------ testing $PTII/ptolemy/domains/de/test/auto/MergeModel1Add.xml
auto.tcl: Setting watchdog for 200 seconds at Sun May 27 01:19:22 UTC 2018
22 ms. Memory: 209920K Free: 180598K (86%)
ptolemy.util.test.WatchDog.cancel(): canceling Sun May 27 01:19:22 UTC 2018
auto.tcl: Setting watchdog for 200 seconds at Sun May 27 01:19:22 UTC 2018
14 ms. Memory: 209920K Free: 178718K (85%)
ptolemy.util.test.WatchDog.cancel(): canceling Sun May 27 01:19:22 UTC 2018
------------------ testing $PTII/ptolemy/domains/de/test/auto/MergeModel2Add.xml
auto.tcl: Setting watchdog for 200 seconds at Sun May 27 01:19:22 UTC 2018
14 ms. Memory: 210432K Free: 182449K (87%)
ptolemy.util.test.WatchDog.cancel(): canceling Sun May 27 01:19:22 UTC 2018
auto.tcl: Setting watchdog for 200 seconds at Sun May 27 01:19:22 UTC 2018
15 ms. Memory: 210432K Free: 180569K (86%)
ptolemy.util.test.WatchDog.cancel(): canceling Sun May 27 01:19:22 UTC 2018
------------------ testing $PTII/ptolemy/domains/de/test/auto/MergeModel3Add.xml
auto.tcl: Setting watchdog for 200 seconds at Sun May 27 01:19:22 UTC 2018
15 ms. Memory: 209920K Free: 183692K (88%)
ptolemy.util.test.WatchDog.cancel(): canceling Sun May 27 01:19:23 UTC 2018
auto.tcl: Setting watchdog for 200 seconds at Sun May 27 01:19:23 UTC 2018
15 ms. Memory: 209920K Free: 181804K (87%)
ptolemy.util.test.WatchDog.cancel(): canceling Sun May 27 01:19:23 UTC 2018
------------------ testing $PTII/ptolemy/domains/de/test/auto/MergeWithoutDiscard.xml
auto.tcl: Setting watchdog for 200 seconds at Sun May 27 01:19:23 UTC 2018
6 ms. Memory: 210432K Free: 198395K (94%)
ptolemy.util.test.WatchDog.cancel(): canceling Sun May 27 01:19:23 UTC 2018
auto.tcl: Setting watchdog for 200 seconds at Sun May 27 01:19:23 UTC 2018
2 ms. Memory: 210432K Free: 198395K (94%)
ptolemy.util.test.WatchDog.cancel(): canceling Sun May 27 01:19:23 UTC 2018
------------------ testing $PTII/ptolemy/domains/de/test/auto/Modal1.xml
auto.tcl: Setting watchdog for 200 seconds at Sun May 27 01:19:23 UTC 2018
21 ms. Memory: 210432K Free: 190065K (90%)
ptolemy.util.test.WatchDog.cancel(): canceling Sun May 27 01:19:23 UTC 2018
auto.tcl: Setting watchdog for 200 seconds at Sun May 27 01:19:23 UTC 2018
23 ms. Memory: 210432K Free: 186258K (89%)
ptolemy.util.test.WatchDog.cancel(): canceling Sun May 27 01:19:23 UTC 2018
------------------ testing $PTII/ptolemy/domains/de/test/auto/Modal2.xml
auto.tcl: Setting watchdog for 200 seconds at Sun May 27 01:19:23 UTC 2018
23 ms. Memory: 210432K Free: 189930K (90%)
ptolemy.util.test.WatchDog.cancel(): canceling Sun May 27 01:19:23 UTC 2018
auto.tcl: Setting watchdog for 200 seconds at Sun May 27 01:19:23 UTC 2018
24 ms. Memory: 210432K Free: 186123K (88%)
ptolemy.util.test.WatchDog.cancel(): canceling Sun May 27 01:19:23 UTC 2018
------------------ testing $PTII/ptolemy/domains/de/test/auto/Modal3.xml
auto.tcl: Setting watchdog for 200 seconds at Sun May 27 01:19:23 UTC 2018
18 ms. Memory: 210432K Free: 189781K (90%)
ptolemy.util.test.WatchDog.cancel(): canceling Sun May 27 01:19:23 UTC 2018
auto.tcl: Setting watchdog for 200 seconds at Sun May 27 01:19:23 UTC 2018
13 ms. Memory: 210432K Free: 185990K (88%)
ptolemy.util.test.WatchDog.cancel(): canceling Sun May 27 01:19:23 UTC 2018
------------------ testing $PTII/ptolemy/domains/de/test/auto/Modal4.xml
auto.tcl: Setting watchdog for 200 seconds at Sun May 27 01:19:23 UTC 2018
15 ms. Memory: 208384K Free: 187675K (90%)
ptolemy.util.test.WatchDog.cancel(): canceling Sun May 27 01:19:23 UTC 2018
auto.tcl: Setting watchdog for 200 seconds at Sun May 27 01:19:23 UTC 2018
28 ms. Memory: 208384K Free: 183899K (88%)
ptolemy.util.test.WatchDog.cancel(): canceling Sun May 27 01:19:23 UTC 2018
------------------ testing $PTII/ptolemy/domains/de/test/auto/Modal5.xml
auto.tcl: Setting watchdog for 200 seconds at Sun May 27 01:19:23 UTC 2018
19 ms. Memory: 209920K Free: 189197K (90%)
ptolemy.util.test.WatchDog.cancel(): canceling Sun May 27 01:19:23 UTC 2018
auto.tcl: Setting watchdog for 200 seconds at Sun May 27 01:19:23 UTC 2018
17 ms. Memory: 209920K Free: 185390K (88%)
ptolemy.util.test.WatchDog.cancel(): canceling Sun May 27 01:19:23 UTC 2018
------------------ testing $PTII/ptolemy/domains/de/test/auto/Modal6.xml
auto.tcl: Setting watchdog for 200 seconds at Sun May 27 01:19:23 UTC 2018
15 ms. Memory: 209920K Free: 189154K (90%)
ptolemy.util.test.WatchDog.cancel(): canceling Sun May 27 01:19:23 UTC 2018
auto.tcl: Setting watchdog for 200 seconds at Sun May 27 01:19:23 UTC 2018
18 ms. Memory: 209920K Free: 185364K (88%)
ptolemy.util.test.WatchDog.cancel(): canceling Sun May 27 01:19:23 UTC 2018
------------------ testing $PTII/ptolemy/domains/de/test/auto/Modal7.xml
auto.tcl: Setting watchdog for 200 seconds at Sun May 27 01:19:23 UTC 2018
13 ms. Memory: 209920K Free: 187292K (89%)
ptolemy.util.test.WatchDog.cancel(): canceling Sun May 27 01:19:24 UTC 2018
auto.tcl: Setting watchdog for 200 seconds at Sun May 27 01:19:24 UTC 2018
14 ms. Memory: 209920K Free: 185389K (88%)
ptolemy.util.test.WatchDog.cancel(): canceling Sun May 27 01:19:24 UTC 2018
------------------ testing $PTII/ptolemy/domains/de/test/auto/ModalModel.xml
auto.tcl: Setting watchdog for 200 seconds at Sun May 27 01:19:24 UTC 2018
253 ms. Memory: 209920K Free: 128463K (61%)
ptolemy.util.test.WatchDog.cancel(): canceling Sun May 27 01:19:24 UTC 2018
auto.tcl: Setting watchdog for 200 seconds at Sun May 27 01:19:24 UTC 2018
284 ms. Memory: 209920K Free: 196463K (94%)
ptolemy.util.test.WatchDog.cancel(): canceling Sun May 27 01:19:24 UTC 2018
------------------ testing $PTII/ptolemy/domains/de/test/auto/ModalSource.xml
auto.tcl: Setting watchdog for 200 seconds at Sun May 27 01:19:24 UTC 2018
13 ms. Memory: 209920K Free: 194219K (93%)
ptolemy.util.test.WatchDog.cancel(): canceling Sun May 27 01:19:24 UTC 2018
auto.tcl: Setting watchdog for 200 seconds at Sun May 27 01:19:24 UTC 2018
8 ms. Memory: 209920K Free: 192464K (92%)
ptolemy.util.test.WatchDog.cancel(): canceling Sun May 27 01:19:24 UTC 2018
------------------ testing $PTII/ptolemy/domains/de/test/auto/NonInterruptibleTimerZeroDelay.xml
auto.tcl: Setting watchdog for 200 seconds at Sun May 27 01:19:24 UTC 2018
5 ms. Memory: 336896K Free: 325443K (97%)
ptolemy.util.test.WatchDog.cancel(): canceling Sun May 27 01:19:24 UTC 2018
auto.tcl: Setting watchdog for 200 seconds at Sun May 27 01:19:24 UTC 2018
3 ms. Memory: 336896K Free: 321917K (96%)
ptolemy.util.test.WatchDog.cancel(): canceling Sun May 27 01:19:24 UTC 2018
------------------ testing $PTII/ptolemy/domains/de/test/auto/OpenQueueingNetwork.xml
auto.tcl: Setting watchdog for 200 seconds at Sun May 27 01:19:24 UTC 2018
4443 ms. Memory: 313344K Free: 189789K (61%)
ptolemy.util.test.WatchDog.cancel(): canceling Sun May 27 01:19:29 UTC 2018
auto.tcl: Setting watchdog for 200 seconds at Sun May 27 01:19:29 UTC 2018
2635 ms. Memory: 294912K Free: 75574K (26%)
ptolemy.util.test.WatchDog.cancel(): canceling Sun May 27 01:19:32 UTC 2018
------------------ testing $PTII/ptolemy/domains/de/test/auto/OpenQueuingNetwork.xml
auto.tcl: Setting watchdog for 200 seconds at Sun May 27 01:19:32 UTC 2018
372 ms. Memory: 293376K Free: 188294K (64%)
ptolemy.util.test.WatchDog.cancel(): canceling Sun May 27 01:19:32 UTC 2018
auto.tcl: Setting watchdog for 200 seconds at Sun May 27 01:19:32 UTC 2018
354 ms. Memory: 293376K Free: 128212K (44%)
ptolemy.util.test.WatchDog.cancel(): canceling Sun May 27 01:19:33 UTC 2018
------------------ testing $PTII/ptolemy/domains/de/test/auto/PeriodicSampler.xml
auto.tcl: Setting watchdog for 200 seconds at Sun May 27 01:19:33 UTC 2018
3 ms. Memory: 294912K Free: 283790K (96%)
ptolemy.util.test.WatchDog.cancel(): canceling Sun May 27 01:19:33 UTC 2018
auto.tcl: Setting watchdog for 200 seconds at Sun May 27 01:19:33 UTC 2018
3 ms. Memory: 294912K Free: 280789K (95%)
ptolemy.util.test.WatchDog.cancel(): canceling Sun May 27 01:19:33 UTC 2018
------------------ testing $PTII/ptolemy/domains/de/test/auto/PersistentIO.xml
auto.tcl: Setting watchdog for 200 seconds at Sun May 27 01:19:33 UTC 2018
7 ms. Memory: 293376K Free: 274748K (94%)
ptolemy.util.test.WatchDog.cancel(): canceling Sun May 27 01:19:33 UTC 2018
auto.tcl: Setting watchdog for 200 seconds at Sun May 27 01:19:33 UTC 2018
6 ms. Memory: 293376K Free: 271748K (93%)
ptolemy.util.test.WatchDog.cancel(): canceling Sun May 27 01:19:33 UTC 2018
------------------ testing $PTII/ptolemy/domains/de/test/auto/PortParameterResetOnInitialize.xml
auto.tcl: Setting watchdog for 200 seconds at Sun May 27 01:19:33 UTC 2018
3 ms. Memory: 294912K Free: 281251K (95%)
ptolemy.util.test.WatchDog.cancel(): canceling Sun May 27 01:19:33 UTC 2018
auto.tcl: Setting watchdog for 200 seconds at Sun May 27 01:19:33 UTC 2018
2 ms. Memory: 294912K Free: 281251K (95%)
ptolemy.util.test.WatchDog.cancel(): canceling Sun May 27 01:19:33 UTC 2018
------------------ testing $PTII/ptolemy/domains/de/test/auto/PortParameterUpdates.xml
auto.tcl: Setting watchdog for 200 seconds at Sun May 27 01:19:33 UTC 2018
5 ms. Memory: 293376K Free: 279863K (95%)
ptolemy.util.test.WatchDog.cancel(): canceling Sun May 27 01:19:33 UTC 2018
auto.tcl: Setting watchdog for 200 seconds at Sun May 27 01:19:33 UTC 2018
5 ms. Memory: 293376K Free: 276878K (94%)
ptolemy.util.test.WatchDog.cancel(): canceling Sun May 27 01:19:33 UTC 2018
------------------ testing $PTII/ptolemy/domains/de/test/auto/QueueAndServer.xml
auto.tcl: Setting watchdog for 200 seconds at Sun May 27 01:19:33 UTC 2018
11 ms. Memory: 294400K Free: 277814K (94%)
ptolemy.util.test.WatchDog.cancel(): canceling Sun May 27 01:19:33 UTC 2018
auto.tcl: Setting watchdog for 200 seconds at Sun May 27 01:19:33 UTC 2018
11 ms. Memory: 294400K Free: 277814K (94%)
ptolemy.util.test.WatchDog.cancel(): canceling Sun May 27 01:19:33 UTC 2018
------------------ testing $PTII/ptolemy/domains/de/test/auto/Records.xml
auto.tcl: Setting watchdog for 200 seconds at Sun May 27 01:19:33 UTC 2018
4 ms. Memory: 293376K Free: 279752K (95%)
ptolemy.util.test.WatchDog.cancel(): canceling Sun May 27 01:19:33 UTC 2018
auto.tcl: Setting watchdog for 200 seconds at Sun May 27 01:19:33 UTC 2018
3 ms. Memory: 293376K Free: 279752K (95%)
ptolemy.util.test.WatchDog.cancel(): canceling Sun May 27 01:19:33 UTC 2018
------------------ testing $PTII/ptolemy/domains/de/test/auto/ResetTransitionWithStartTime1.xml
auto.tcl: Setting watchdog for 200 seconds at Sun May 27 01:19:33 UTC 2018
19 ms. Memory: 294400K Free: 277780K (94%)
ptolemy.util.test.WatchDog.cancel(): canceling Sun May 27 01:19:33 UTC 2018
auto.tcl: Setting watchdog for 200 seconds at Sun May 27 01:19:33 UTC 2018
12 ms. Memory: 294400K Free: 277780K (94%)
ptolemy.util.test.WatchDog.cancel(): canceling Sun May 27 01:19:33 UTC 2018
------------------ testing $PTII/ptolemy/domains/de/test/auto/ResetTransitionWithStartTime2.xml
auto.tcl: Setting watchdog for 200 seconds at Sun May 27 01:19:33 UTC 2018
10 ms. Memory: 293376K Free: 276783K (94%)
ptolemy.util.test.WatchDog.cancel(): canceling Sun May 27 01:19:33 UTC 2018
auto.tcl: Setting watchdog for 200 seconds at Sun May 27 01:19:33 UTC 2018
7 ms. Memory: 293376K Free: 276783K (94%)
ptolemy.util.test.WatchDog.cancel(): canceling Sun May 27 01:19:33 UTC 2018
------------------ testing $PTII/ptolemy/domains/de/test/auto/ResetTransitionWithStartTime3.xml
auto.tcl: Setting watchdog for 200 seconds at Sun May 27 01:19:33 UTC 2018
9 ms. Memory: 294400K Free: 275657K (94%)
ptolemy.util.test.WatchDog.cancel(): canceling Sun May 27 01:19:33 UTC 2018
auto.tcl: Setting watchdog for 200 seconds at Sun May 27 01:19:33 UTC 2018
8 ms. Memory: 294400K Free: 275657K (94%)
ptolemy.util.test.WatchDog.cancel(): canceling Sun May 27 01:19:33 UTC 2018
------------------ testing $PTII/ptolemy/domains/de/test/auto/ResetTransitionWithStartTime4.xml
auto.tcl: Setting watchdog for 200 seconds at Sun May 27 01:19:34 UTC 2018
5 ms. Memory: 293376K Free: 276764K (94%)
ptolemy.util.test.WatchDog.cancel(): canceling Sun May 27 01:19:34 UTC 2018
auto.tcl: Setting watchdog for 200 seconds at Sun May 27 01:19:34 UTC 2018
7 ms. Memory: 293376K Free: 276764K (94%)
ptolemy.util.test.WatchDog.cancel(): canceling Sun May 27 01:19:34 UTC 2018
------------------ testing $PTII/ptolemy/domains/de/test/auto/ResettableTimer1.xml
auto.tcl: Setting watchdog for 200 seconds at Sun May 27 01:19:34 UTC 2018
7 ms. Memory: 293888K Free: 278168K (95%)
ptolemy.util.test.WatchDog.cancel(): canceling Sun May 27 01:19:34 UTC 2018
auto.tcl: Setting watchdog for 200 seconds at Sun May 27 01:19:34 UTC 2018
3 ms. Memory: 293888K Free: 278168K (95%)
ptolemy.util.test.WatchDog.cancel(): canceling Sun May 27 01:19:34 UTC 2018
------------------ testing $PTII/ptolemy/domains/de/test/auto/ResettableTimer2.xml
auto.tcl: Setting watchdog for 200 seconds at Sun May 27 01:19:34 UTC 2018
4 ms. Memory: 293376K Free: 277698K (95%)
ptolemy.util.test.WatchDog.cancel(): canceling Sun May 27 01:19:34 UTC 2018
auto.tcl: Setting watchdog for 200 seconds at Sun May 27 01:19:34 UTC 2018
4 ms. Memory: 293376K Free: 277698K (95%)
ptolemy.util.test.WatchDog.cancel(): canceling Sun May 27 01:19:34 UTC 2018
------------------ testing $PTII/ptolemy/domains/de/test/auto/ResettableTimer3.xml
auto.tcl: Setting watchdog for 200 seconds at Sun May 27 01:19:34 UTC 2018
1 ms. Memory: 293888K Free: 278190K (95%)
ptolemy.util.test.WatchDog.cancel(): canceling Sun May 27 01:19:34 UTC 2018
auto.tcl: Setting watchdog for 200 seconds at Sun May 27 01:19:34 UTC 2018
1 ms. Memory: 293888K Free: 278190K (95%)
ptolemy.util.test.WatchDog.cancel(): canceling Sun May 27 01:19:34 UTC 2018
------------------ testing $PTII/ptolemy/domains/de/test/auto/ResettableTimer4.xml
auto.tcl: Setting watchdog for 200 seconds at Sun May 27 01:19:34 UTC 2018
2 ms. Memory: 293376K Free: 277711K (95%)
ptolemy.util.test.WatchDog.cancel(): canceling Sun May 27 01:19:34 UTC 2018
auto.tcl: Setting watchdog for 200 seconds at Sun May 27 01:19:34 UTC 2018
2 ms. Memory: 293376K Free: 277711K (95%)
ptolemy.util.test.WatchDog.cancel(): canceling Sun May 27 01:19:34 UTC 2018
------------------ testing $PTII/ptolemy/domains/de/test/auto/ResettableTimer5.xml
auto.tcl: Setting watchdog for 200 seconds at Sun May 27 01:19:34 UTC 2018
2 ms. Memory: 293888K Free: 278209K (95%)
ptolemy.util.test.WatchDog.cancel(): canceling Sun May 27 01:19:34 UTC 2018
auto.tcl: Setting watchdog for 200 seconds at Sun May 27 01:19:34 UTC 2018
2 ms. Memory: 293888K Free: 278209K (95%)
ptolemy.util.test.WatchDog.cancel(): canceling Sun May 27 01:19:34 UTC 2018
------------------ testing $PTII/ptolemy/domains/de/test/auto/ResettableTimer6.xml
auto.tcl: Setting watchdog for 200 seconds at Sun May 27 01:19:34 UTC 2018
2 ms. Memory: 293376K Free: 279749K (95%)
ptolemy.util.test.WatchDog.cancel(): canceling Sun May 27 01:19:34 UTC 2018
auto.tcl: Setting watchdog for 200 seconds at Sun May 27 01:19:34 UTC 2018
2 ms. Memory: 293376K Free: 279749K (95%)
ptolemy.util.test.WatchDog.cancel(): canceling Sun May 27 01:19:34 UTC 2018
------------------ testing $PTII/ptolemy/domains/de/test/auto/ServerZeroDelay.xml
auto.tcl: Setting watchdog for 200 seconds at Sun May 27 01:19:34 UTC 2018
9 ms. Memory: 293888K Free: 280279K (95%)
ptolemy.util.test.WatchDog.cancel(): canceling Sun May 27 01:19:34 UTC 2018
auto.tcl: Setting watchdog for 200 seconds at Sun May 27 01:19:34 UTC 2018
5 ms. Memory: 293888K Free: 280279K (95%)
ptolemy.util.test.WatchDog.cancel(): canceling Sun May 27 01:19:34 UTC 2018
------------------ testing $PTII/ptolemy/domains/de/test/auto/SmartSender.xml
auto.tcl: Setting watchdog for 200 seconds at Sun May 27 01:19:34 UTC 2018
3001 ms. Memory: 293376K Free: 277642K (95%)
ptolemy.util.test.WatchDog.cancel(): canceling Sun May 27 01:19:37 UTC 2018
auto.tcl: Setting watchdog for 200 seconds at Sun May 27 01:19:37 UTC 2018
3002 ms. Memory: 293376K Free: 277642K (95%)
ptolemy.util.test.WatchDog.cancel(): canceling Sun May 27 01:19:40 UTC 2018
------------------ testing $PTII/ptolemy/domains/de/test/auto/ThreadedComposite.xml
auto.tcl: Setting watchdog for 200 seconds at Sun May 27 01:19:40 UTC 2018
415 ms. Memory: 293888K Free: 256467K (87%)
ptolemy.util.test.WatchDog.cancel(): canceling Sun May 27 01:19:41 UTC 2018
auto.tcl: Setting watchdog for 200 seconds at Sun May 27 01:19:41 UTC 2018
275 ms. Memory: 293888K Free: 245003K (83%)
ptolemy.util.test.WatchDog.cancel(): canceling Sun May 27 01:19:41 UTC 2018
------------------ testing $PTII/ptolemy/domains/de/test/auto/Time.xml
auto.tcl: Setting watchdog for 200 seconds at Sun May 27 01:19:41 UTC 2018
905 ms. Memory: 293376K Free: 228601K (78%)
ptolemy.util.test.WatchDog.cancel(): canceling Sun May 27 01:19:42 UTC 2018
auto.tcl: Setting watchdog for 200 seconds at Sun May 27 01:19:42 UTC 2018
802 ms. Memory: 293376K Free: 177863K (61%)
ptolemy.util.test.WatchDog.cancel(): canceling Sun May 27 01:19:43 UTC 2018
------------------ testing $PTII/ptolemy/domains/de/test/auto/TimeDelayZeroDelay.xml
auto.tcl: Setting watchdog for 200 seconds at Sun May 27 01:19:43 UTC 2018
3 ms. Memory: 293888K Free: 280775K (96%)
ptolemy.util.test.WatchDog.cancel(): canceling Sun May 27 01:19:43 UTC 2018
auto.tcl: Setting watchdog for 200 seconds at Sun May 27 01:19:43 UTC 2018
3 ms. Memory: 293888K Free: 280775K (96%)
ptolemy.util.test.WatchDog.cancel(): canceling Sun May 27 01:19:43 UTC 2018
------------------ testing $PTII/ptolemy/domains/de/test/auto/TimerZeroDelay.xml
auto.tcl: Setting watchdog for 200 seconds at Sun May 27 01:19:43 UTC 2018
3 ms. Memory: 293376K Free: 280341K (96%)
ptolemy.util.test.WatchDog.cancel(): canceling Sun May 27 01:19:43 UTC 2018
auto.tcl: Setting watchdog for 200 seconds at Sun May 27 01:19:43 UTC 2018
2 ms. Memory: 293376K Free: 280341K (96%)
ptolemy.util.test.WatchDog.cancel(): canceling Sun May 27 01:19:43 UTC 2018
------------------ testing $PTII/ptolemy/domains/de/test/auto/TimingParadox.xml
auto.tcl: Setting watchdog for 200 seconds at Sun May 27 01:19:43 UTC 2018
514 ms. Memory: 293888K Free: 214617K (73%)
ptolemy.util.test.WatchDog.cancel(): canceling Sun May 27 01:19:44 UTC 2018
auto.tcl: Setting watchdog for 200 seconds at Sun May 27 01:19:44 UTC 2018
534 ms. Memory: 293888K Free: 179693K (61%)
ptolemy.util.test.WatchDog.cancel(): canceling Sun May 27 01:19:44 UTC 2018
------------------ testing $PTII/ptolemy/domains/de/test/auto/TransferInputs.xml
auto.tcl: Setting watchdog for 200 seconds at Sun May 27 01:19:44 UTC 2018
8 ms. Memory: 293888K Free: 279712K (95%)
ptolemy.util.test.WatchDog.cancel(): canceling Sun May 27 01:19:44 UTC 2018
auto.tcl: Setting watchdog for 200 seconds at Sun May 27 01:19:44 UTC 2018
3 ms. Memory: 293888K Free: 279712K (95%)
ptolemy.util.test.WatchDog.cancel(): canceling Sun May 27 01:19:44 UTC 2018
------------------ testing $PTII/ptolemy/domains/de/test/auto/TransferOutputs2.xml
auto.tcl: Setting watchdog for 200 seconds at Sun May 27 01:19:44 UTC 2018
13 ms. Memory: 293376K Free: 275481K (94%)
ptolemy.util.test.WatchDog.cancel(): canceling Sun May 27 01:19:44 UTC 2018
auto.tcl: Setting watchdog for 200 seconds at Sun May 27 01:19:44 UTC 2018
4 ms. Memory: 293376K Free: 272764K (93%)
ptolemy.util.test.WatchDog.cancel(): canceling Sun May 27 01:19:44 UTC 2018
------------------ testing $PTII/ptolemy/domains/de/test/auto/Trilateration.xml
auto.tcl: Setting watchdog for 200 seconds at Sun May 27 01:19:44 UTC 2018
15328 ms. Memory: 229888K Free: 69230K (30%)
ptolemy.util.test.WatchDog.cancel(): canceling Sun May 27 01:20:01 UTC 2018
auto.tcl: Setting watchdog for 200 seconds at Sun May 27 01:20:01 UTC 2018
12763 ms. Memory: 136192K Free: 76473K (56%)
ptolemy.util.test.WatchDog.cancel(): canceling Sun May 27 01:20:14 UTC 2018
------------------ testing $PTII/ptolemy/domains/de/test/auto/TwoSigmaDelta.xml
auto.tcl: Setting watchdog for 200 seconds at Sun May 27 01:20:14 UTC 2018
3722 ms. Memory: 129024K Free: 88794K (69%)
ptolemy.util.test.WatchDog.cancel(): canceling Sun May 27 01:20:18 UTC 2018
auto.tcl: Setting watchdog for 200 seconds at Sun May 27 01:20:18 UTC 2018
2340 ms. Memory: 123904K Free: 79109K (64%)
ptolemy.util.test.WatchDog.cancel(): canceling Sun May 27 01:20:20 UTC 2018
------------------ testing $PTII/ptolemy/domains/de/test/auto/VariableDelay.xml
auto.tcl: Setting watchdog for 200 seconds at Sun May 27 01:20:20 UTC 2018
3 ms. Memory: 123904K Free: 112894K (91%)
ptolemy.util.test.WatchDog.cancel(): canceling Sun May 27 01:20:20 UTC 2018
auto.tcl: Setting watchdog for 200 seconds at Sun May 27 01:20:20 UTC 2018
3 ms. Memory: 123904K Free: 112060K (90%)
ptolemy.util.test.WatchDog.cancel(): canceling Sun May 27 01:20:20 UTC 2018
------------------ testing $PTII/ptolemy/domains/de/test/auto/VariableDelay2.xml
auto.tcl: Setting watchdog for 200 seconds at Sun May 27 01:20:20 UTC 2018
3 ms. Memory: 123904K Free: 113302K (91%)
ptolemy.util.test.WatchDog.cancel(): canceling Sun May 27 01:20:20 UTC 2018
auto.tcl: Setting watchdog for 200 seconds at Sun May 27 01:20:20 UTC 2018
2 ms. Memory: 123904K Free: 112491K (91%)
ptolemy.util.test.WatchDog.cancel(): canceling Sun May 27 01:20:20 UTC 2018
------------------ testing $PTII/ptolemy/domains/de/test/auto/VariableDelayZeroDelay.xml
auto.tcl: Setting watchdog for 200 seconds at Sun May 27 01:20:20 UTC 2018
2 ms. Memory: 123904K Free: 114128K (92%)
ptolemy.util.test.WatchDog.cancel(): canceling Sun May 27 01:20:20 UTC 2018
auto.tcl: Setting watchdog for 200 seconds at Sun May 27 01:20:20 UTC 2018
2 ms. Memory: 123904K Free: 113309K (91%)
ptolemy.util.test.WatchDog.cancel(): canceling Sun May 27 01:20:20 UTC 2018
------------------ testing $PTII/ptolemy/domains/de/test/auto/VariableDelayZeroDelay2.xml
auto.tcl: Setting watchdog for 200 seconds at Sun May 27 01:20:20 UTC 2018
2 ms. Memory: 123904K Free: 113260K (91%)
ptolemy.util.test.WatchDog.cancel(): canceling Sun May 27 01:20:20 UTC 2018
auto.tcl: Setting watchdog for 200 seconds at Sun May 27 01:20:20 UTC 2018
3 ms. Memory: 123904K Free: 112433K (91%)
ptolemy.util.test.WatchDog.cancel(): canceling Sun May 27 01:20:20 UTC 2018
------------------ testing $PTII/ptolemy/domains/de/test/auto/deInCt.xml
auto.tcl: Setting watchdog for 200 seconds at Sun May 27 01:20:20 UTC 2018
0
1
1
1
0
0
1
1
0
0
0
1
1
1
1
0
0
0
1
1
1
0
0
0
1
1
1
1
1
0
0
1
1
1
0
0
0
0
0
0
13 ms. Memory: 123904K Free: 112461K (91%)
ptolemy.util.test.WatchDog.cancel(): canceling Sun May 27 01:20:21 UTC 2018
auto.tcl: Setting watchdog for 200 seconds at Sun May 27 01:20:21 UTC 2018
0
1
1
0
0
1
1
1
1
1
0
0
0
1
1
1
1
0
0
0
1
1
1
0
0
0
1
1
0
0
0
1
1
0
0
0
0
1
1
1
1
0
0
0
0
10 ms. Memory: 123904K Free: 110784K (89%)
ptolemy.util.test.WatchDog.cancel(): canceling Sun May 27 01:20:21 UTC 2018
------------------ testing $PTII/ptolemy/domains/de/test/auto/deInCt2.xml
auto.tcl: Setting watchdog for 200 seconds at Sun May 27 01:20:21 UTC 2018
0
1
1
1
0
0
1
1
1
0
0
1
1
1
0
0
1
1
1
0
0
1
1
1
0
0
1
1
1
0
0
1
1
1
0
0
1
1
1
0
0
0
15 ms. Memory: 123904K Free: 112444K (91%)
ptolemy.util.test.WatchDog.cancel(): canceling Sun May 27 01:20:21 UTC 2018
auto.tcl: Setting watchdog for 200 seconds at Sun May 27 01:20:21 UTC 2018
0
1
1
1
0
0
1
1
1
0
0
1
1
1
0
0
1
1
1
0
0
1
1
1
0
0
1
1
1
0
0
1
1
1
0
0
1
1
1
0
0
0
11 ms. Memory: 123904K Free: 110775K (89%)
ptolemy.util.test.WatchDog.cancel(): canceling Sun May 27 01:20:21 UTC 2018
------------------ testing $PTII/ptolemy/domains/de/test/auto/dynamicCausalityInterface1.xml
auto.tcl: Setting watchdog for 200 seconds at Sun May 27 01:20:21 UTC 2018
1 ms. Memory: 123904K Free: 107980K (87%)
ptolemy.util.test.WatchDog.cancel(): canceling Sun May 27 01:20:21 UTC 2018
auto.tcl: Setting watchdog for 200 seconds at Sun May 27 01:20:21 UTC 2018
1 ms. Memory: 123904K Free: 107162K (86%)
ptolemy.util.test.WatchDog.cancel(): canceling Sun May 27 01:20:21 UTC 2018
------------------ testing $PTII/ptolemy/domains/de/test/auto/fsm_de_test.xml
auto.tcl: Setting watchdog for 200 seconds at Sun May 27 01:20:21 UTC 2018
13 ms. Memory: 123904K Free: 107369K (87%)
ptolemy.util.test.WatchDog.cancel(): canceling Sun May 27 01:20:21 UTC 2018
auto.tcl: Setting watchdog for 200 seconds at Sun May 27 01:20:21 UTC 2018
8 ms. Memory: 123904K Free: 104930K (85%)
ptolemy.util.test.WatchDog.cancel(): canceling Sun May 27 01:20:21 UTC 2018
------------------ testing $PTII/ptolemy/domains/de/test/auto/functionDependencyReconstruction.xml
auto.tcl: Setting watchdog for 200 seconds at Sun May 27 01:20:21 UTC 2018
2 ms. Memory: 123904K Free: 99985K (81%)
ptolemy.util.test.WatchDog.cancel(): canceling Sun May 27 01:20:21 UTC 2018
auto.tcl: Setting watchdog for 200 seconds at Sun May 27 01:20:21 UTC 2018
3 ms. Memory: 123904K Free: 97506K (79%)
ptolemy.util.test.WatchDog.cancel(): canceling Sun May 27 01:20:21 UTC 2018
------------------ testing $PTII/ptolemy/domains/de/test/auto/multirate.xml
auto.tcl: Setting watchdog for 200 seconds at Sun May 27 01:20:21 UTC 2018
5 ms. Memory: 123904K Free: 110174K (89%)
ptolemy.util.test.WatchDog.cancel(): canceling Sun May 27 01:20:21 UTC 2018
auto.tcl: Setting watchdog for 200 seconds at Sun May 27 01:20:21 UTC 2018
5 ms. Memory: 123904K Free: 109346K (88%)
ptolemy.util.test.WatchDog.cancel(): canceling Sun May 27 01:20:21 UTC 2018
------------------ testing $PTII/ptolemy/domains/de/test/auto/multirate2.xml
auto.tcl: Setting watchdog for 200 seconds at Sun May 27 01:20:21 UTC 2018
4 ms. Memory: 123904K Free: 111130K (90%)
ptolemy.util.test.WatchDog.cancel(): canceling Sun May 27 01:20:21 UTC 2018
auto.tcl: Setting watchdog for 200 seconds at Sun May 27 01:20:21 UTC 2018
5 ms. Memory: 123904K Free: 109494K (88%)
ptolemy.util.test.WatchDog.cancel(): canceling Sun May 27 01:20:21 UTC 2018
------------------ testing $PTII/ptolemy/domains/de/test/auto/realtime.xml
auto.tcl: Setting watchdog for 200 seconds at Sun May 27 01:20:21 UTC 2018
10003 ms. Memory: 123904K Free: 113247K (91%)
ptolemy.util.test.WatchDog.cancel(): canceling Sun May 27 01:20:31 UTC 2018
auto.tcl: Setting watchdog for 200 seconds at Sun May 27 01:20:31 UTC 2018
10002 ms. Memory: 123904K Free: 112428K (91%)
ptolemy.util.test.WatchDog.cancel(): canceling Sun May 27 01:20:41 UTC 2018
------------------ testing $PTII/ptolemy/domains/de/test/auto/relationGroup.xml
auto.tcl: Setting watchdog for 200 seconds at Sun May 27 01:20:41 UTC 2018
2 ms. Memory: 123904K Free: 114085K (92%)
ptolemy.util.test.WatchDog.cancel(): canceling Sun May 27 01:20:41 UTC 2018
auto.tcl: Setting watchdog for 200 seconds at Sun May 27 01:20:41 UTC 2018
1 ms. Memory: 123904K Free: 113275K (91%)
ptolemy.util.test.WatchDog.cancel(): canceling Sun May 27 01:20:41 UTC 2018
------------------ testing $PTII/ptolemy/domains/de/test/auto/relationGroup2.xml
auto.tcl: Setting watchdog for 200 seconds at Sun May 27 01:20:41 UTC 2018
1 ms. Memory: 123904K Free: 114096K (92%)
ptolemy.util.test.WatchDog.cancel(): canceling Sun May 27 01:20:41 UTC 2018
auto.tcl: Setting watchdog for 200 seconds at Sun May 27 01:20:41 UTC 2018
1 ms. Memory: 123904K Free: 114096K (92%)
ptolemy.util.test.WatchDog.cancel(): canceling Sun May 27 01:20:41 UTC 2018
------------------ testing $PTII/ptolemy/domains/de/test/auto/sortWithOpaquePorts.xml
auto.tcl: Setting watchdog for 200 seconds at Sun May 27 01:20:41 UTC 2018
2 ms. Memory: 123904K Free: 112437K (91%)
ptolemy.util.test.WatchDog.cancel(): canceling Sun May 27 01:20:41 UTC 2018
auto.tcl: Setting watchdog for 200 seconds at Sun May 27 01:20:41 UTC 2018
1 ms. Memory: 123904K Free: 111602K (90%)
ptolemy.util.test.WatchDog.cancel(): canceling Sun May 27 01:20:41 UTC 2018
------------------ testing $PTII/ptolemy/domains/de/test/auto/transferInputsandOutputs.xml
auto.tcl: Setting watchdog for 200 seconds at Sun May 27 01:20:41 UTC 2018
2 ms. Memory: 123904K Free: 109992K (89%)
ptolemy.util.test.WatchDog.cancel(): canceling Sun May 27 01:20:41 UTC 2018
auto.tcl: Setting watchdog for 200 seconds at Sun May 27 01:20:41 UTC 2018
2 ms. Memory: 123904K Free: 109166K (88%)
ptolemy.util.test.WatchDog.cancel(): canceling Sun May 27 01:20:41 UTC 2018
------------------ testing $PTII/ptolemy/domains/de/test/auto/triggerType.xml
auto.tcl: Setting watchdog for 200 seconds at Sun May 27 01:20:41 UTC 2018
1 ms. Memory: 123904K Free: 112366K (91%)
ptolemy.util.test.WatchDog.cancel(): canceling Sun May 27 01:20:41 UTC 2018
auto.tcl: Setting watchdog for 200 seconds at Sun May 27 01:20:41 UTC 2018
1 ms. Memory: 123904K Free: 111547K (90%)
ptolemy.util.test.WatchDog.cancel(): canceling Sun May 27 01:20:41 UTC 2018
05/27/18 01:20:41
Failed: 0  Total Tests: 192  ((Passed: 187, Newly Passed: 1)  Known Failed: 5) /home/travis/build/icyphy/ptII/ptolemy/domains/de/test
05/27/18 01:20:41
Failed: 0  Total Tests: 192  ((Passed: 187, Newly Passed: 1)  Known Failed: 5) /home/travis/build/icyphy/ptII/ptolemy/domains/de/test
----------------- testing (KnownFailure) /home/travis/build/icyphy/ptII/ptolemy/domains/de/test/auto/knownFailedTests/DESDFClockTest.xml
2025 ms. Memory: 123904K Free: 105418K (85%)
Known Failure: java.lang.reflect.InvocationTargetException
----------------- testing (KnownFailure) /home/travis/build/icyphy/ptII/ptolemy/domains/de/test/auto/knownFailedTests/DirectFeedback.xml
2 ms. Memory: 123904K Free: 100270K (81%)
Known Failure: java.lang.reflect.InvocationTargetException
----------------- testing (KnownFailure) /home/travis/build/icyphy/ptII/ptolemy/domains/de/test/auto/knownFailedTests/FSMSource.xml
11 ms. Memory: 123904K Free: 90849K (73%)
----------------- testing (KnownFailure) /home/travis/build/icyphy/ptII/ptolemy/domains/de/test/auto/knownFailedTests/HierarchicalModel.xml
2 ms. Memory: 122880K Free: 113293K (92%)
Known Failure: java.lang.reflect.InvocationTargetException
----------------- testing (KnownFailure) /home/travis/build/icyphy/ptII/ptolemy/domains/de/test/auto/knownFailedTests/dependencyLoop.xml
6 ms. Memory: 122880K Free: 94851K (77%)
Known Failure: java.lang.reflect.InvocationTargetException
----------------- testing (KnownFailure) /home/travis/build/icyphy/ptII/ptolemy/domains/de/test/auto/knownFailedTests/dependencyLoop2.xml
5 ms. Memory: 122880K Free: 76949K (63%)
Known Failure: java.lang.reflect.InvocationTargetException
No auto/*.xml tests in /home/travis/build/icyphy/ptII/ptolemy/domains/de/test
AutoTests.java: About to close Vertx.
AutoTests.java: Vertx closed.
----------------- testing Sun May 27 01:20:44 UTC 2018 /home/travis/build/icyphy/ptII/ptolemy/domains/de/test/auto/ActorDepthCalculation_actorWithoutPorts.xml
----------------- Instantiating /home/travis/build/icyphy/ptII/ptolemy/domains/de/test/auto/ActorDepthCalculation_actorWithoutPorts.xml
2 ms. Memory: 121856K Free: 109797K (90%)
----------------- Invoking toplevel() on ptolemy.moml.MoMLSimpleApplication@24dcb703
----------------- Done invoking toplevel() on ptolemy.moml.MoMLSimpleApplication@24dcb703
reloadAllAccessors: .ActorDepthCalculation_actorWithoutPorts
----------------- testing Sun May 27 01:20:44 UTC 2018 /home/travis/build/icyphy/ptII/ptolemy/domains/de/test/auto/AssemblyLine.xml
----------------- Instantiating /home/travis/build/icyphy/ptII/ptolemy/domains/de/test/auto/AssemblyLine.xml
2 ms. Memory: 121856K Free: 101163K (83%)
----------------- Invoking toplevel() on ptolemy.moml.MoMLSimpleApplication@152cbe1c
----------------- Done invoking toplevel() on ptolemy.moml.MoMLSimpleApplication@152cbe1c
reloadAllAccessors: .AssemblyLine
----------------- testing Sun May 27 01:20:44 UTC 2018 /home/travis/build/icyphy/ptII/ptolemy/domains/de/test/auto/CQBug1.xml
----------------- Instantiating /home/travis/build/icyphy/ptII/ptolemy/domains/de/test/auto/CQBug1.xml
0 ms. Memory: 121856K Free: 97886K (80%)
----------------- Invoking toplevel() on ptolemy.moml.MoMLSimpleApplication@5cbe2b86
----------------- Done invoking toplevel() on ptolemy.moml.MoMLSimpleApplication@5cbe2b86
reloadAllAccessors: .CQBug1
----------------- testing Sun May 27 01:20:44 UTC 2018 /home/travis/build/icyphy/ptII/ptolemy/domains/de/test/auto/CancelFireAt.xml
----------------- Instantiating /home/travis/build/icyphy/ptII/ptolemy/domains/de/test/auto/CancelFireAt.xml
1 ms. Memory: 121856K Free: 95045K (78%)
----------------- Invoking toplevel() on ptolemy.moml.MoMLSimpleApplication@7823463a
----------------- Done invoking toplevel() on ptolemy.moml.MoMLSimpleApplication@7823463a
reloadAllAccessors: .CancelFireAt
----------------- testing Sun May 27 01:20:44 UTC 2018 /home/travis/build/icyphy/ptII/ptolemy/domains/de/test/auto/CausalityAndComposabilityAnalysis.xml
----------------- Instantiating /home/travis/build/icyphy/ptII/ptolemy/domains/de/test/auto/CausalityAndComposabilityAnalysis.xml
1 ms. Memory: 121856K Free: 89412K (73%)
----------------- Invoking toplevel() on ptolemy.moml.MoMLSimpleApplication@3d2328f4
----------------- Done invoking toplevel() on ptolemy.moml.MoMLSimpleApplication@3d2328f4
reloadAllAccessors: .CausalityAndComposabilityAnalysis
----------------- testing Sun May 27 01:20:44 UTC 2018 /home/travis/build/icyphy/ptII/ptolemy/domains/de/test/auto/CausalityInterface1.xml
----------------- Instantiating /home/travis/build/icyphy/ptII/ptolemy/domains/de/test/auto/CausalityInterface1.xml
4 ms. Memory: 121856K Free: 83731K (69%)
----------------- Invoking toplevel() on ptolemy.moml.MoMLSimpleApplication@5adb0097
----------------- Done invoking toplevel() on ptolemy.moml.MoMLSimpleApplication@5adb0097
reloadAllAccessors: .CausalityInterface1
----------------- testing Sun May 27 01:20:44 UTC 2018 /home/travis/build/icyphy/ptII/ptolemy/domains/de/test/auto/CausalityInterface15.xml
----------------- Instantiating /home/travis/build/icyphy/ptII/ptolemy/domains/de/test/auto/CausalityInterface15.xml
2 ms. Memory: 121856K Free: 76765K (63%)
----------------- Invoking toplevel() on ptolemy.moml.MoMLSimpleApplication@3c6d5984
----------------- Done invoking toplevel() on ptolemy.moml.MoMLSimpleApplication@3c6d5984
reloadAllAccessors: .CausalityInterface15
----------------- testing Sun May 27 01:20:44 UTC 2018 /home/travis/build/icyphy/ptII/ptolemy/domains/de/test/auto/CausalityInterface2.xml
----------------- Instantiating /home/travis/build/icyphy/ptII/ptolemy/domains/de/test/auto/CausalityInterface2.xml
1 ms. Memory: 120832K Free: 110343K (91%)
----------------- Invoking toplevel() on ptolemy.moml.MoMLSimpleApplication@21f62841
----------------- Done invoking toplevel() on ptolemy.moml.MoMLSimpleApplication@21f62841
reloadAllAccessors: .CausalityInterface2
----------------- testing Sun May 27 01:20:44 UTC 2018 /home/travis/build/icyphy/ptII/ptolemy/domains/de/test/auto/CausalityInterface3.xml
[...]
java.lang.RuntimeException: Execution failed
	at ptolemy.moml.MoMLSimpleApplication$UnloadThread.run(MoMLSimpleApplication.java:402)
Caused by: ptolemy.kernel.util.IllegalActionException: Test fails in iteration 1.
Value was: 1.0. Should have been: 2.0
  in .DirectFeedback.Test
	at ptolemy.actor.lib.Test.fire(Test.java:268)
	at ptolemy.domains.de.kernel.DEDirector._fire(DEDirector.java:1948)
	at ptolemy.domains.de.kernel.DEDirector.fire(DEDirector.java:502)
	at ptolemy.actor.CompositeActor.fire(CompositeActor.java:455)
	at ptolemy.actor.Manager.iterate(Manager.java:851)
	at ptolemy.actor.Manager.execute(Manager.java:369)
	at ptolemy.actor.Manager.run(Manager.java:1263)
	at ptolemy.actor.Manager$PtolemyRunThread.run(Manager.java:1915)
java.lang.RuntimeException: Execution failed
	at ptolemy.moml.MoMLSimpleApplication$UnloadThread.run(MoMLSimpleApplication.java:402)
Caused by: ptolemy.kernel.util.IllegalActionException: Actor is not ready to fire.  Perhaps UpSample.prefire() returned false? Try debugging the actor by selecting "Listen to Actor".  Also, for SDF check moml for tokenConsumptionRate on input.
  in .DESDFClockTest.Play Bell.Copy1:SDF Director and .DESDFClockTest.Play Bell.UpSample
	at ptolemy.actor.sched.StaticSchedulingDirector.fire(StaticSchedulingDirector.java:227)
	at ptolemy.domains.sdf.kernel.SDFDirector.fire(SDFDirector.java:500)
	at ptolemy.actor.CompositeActor.fire(CompositeActor.java:455)
	at ptolemy.domains.de.kernel.DEDirector._fire(DEDirector.java:1948)
	at ptolemy.domains.de.kernel.DEDirector.fire(DEDirector.java:502)
	at ptolemy.actor.CompositeActor.fire(CompositeActor.java:455)
	at ptolemy.actor.Manager.iterate(Manager.java:851)
	at ptolemy.actor.Manager.execute(Manager.java:369)
	at ptolemy.actor.Manager.run(Manager.java:1263)
	at ptolemy.actor.Manager$PtolemyRunThread.run(Manager.java:1915)
java.lang.reflect.InvocationTargetException
	at sun.reflect.NativeConstructorAccessorImpl.newInstance0(Native Method)
	at sun.reflect.NativeConstructorAccessorImpl.newInstance(NativeConstructorAccessorImpl.java:62)
	at sun.reflect.DelegatingConstructorAccessorImpl.newInstance(DelegatingConstructorAccessorImpl.java:45)
	at java.lang.reflect.Constructor.newInstance(Constructor.java:423)
	at ptolemy.util.test.junit.AutoKnownFailedTests.RunModel(AutoKnownFailedTests.java:107)
	at sun.reflect.NativeMethodAccessorImpl.invoke0(Native Method)
	at sun.reflect.NativeMethodAccessorImpl.invoke(NativeMethodAccessorImpl.java:62)
	at sun.reflect.DelegatingMethodAccessorImpl.invoke(DelegatingMethodAccessorImpl.java:43)
	at java.lang.reflect.Method.invoke(Method.java:498)
	at org.junit.runners.model.FrameworkMethod$1.runReflectiveCall(FrameworkMethod.java:44)
	at org.junit.internal.runners.model.ReflectiveCallable.run(ReflectiveCallable.java:15)
	at org.junit.runners.model.FrameworkMethod.invokeExplosively(FrameworkMethod.java:41)
	at junitparams.internal.InvokeParameterisedMethod.evaluate(InvokeParameterisedMethod.java:102)
	at org.junit.internal.runners.statements.FailOnTimeout$1.run(FailOnTimeout.java:28)
Caused by: ptolemy.kernel.util.IllegalActionException: Actor is not ready to fire.  Perhaps UpSample.prefire() returned false? Try debugging the actor by selecting "Listen to Actor".  Also, for SDF check moml for tokenConsumptionRate on input.
  in .DESDFClockTest.Play Bell.Copy1:SDF Director and .DESDFClockTest.Play Bell.UpSample
	at ptolemy.actor.sched.StaticSchedulingDirector.fire(StaticSchedulingDirector.java:227)
	at ptolemy.domains.sdf.kernel.SDFDirector.fire(SDFDirector.java:500)
	at ptolemy.actor.CompositeActor.fire(CompositeActor.java:455)
	at ptolemy.domains.de.kernel.DEDirector._fire(DEDirector.java:1948)
	at ptolemy.domains.de.kernel.DEDirector.fire(DEDirector.java:502)
	at ptolemy.actor.CompositeActor.fire(CompositeActor.java:455)
	at ptolemy.actor.Manager.iterate(Manager.java:851)
	at ptolemy.actor.Manager.execute(Manager.java:369)
	at ptolemy.actor.Manager.run(Manager.java:1263)
	at ptolemy.actor.Manager$PtolemyRunThread.run(Manager.java:1915)
java.lang.RuntimeException: Execution failed
	at ptolemy.moml.MoMLSimpleApplication$UnloadThread.run(MoMLSimpleApplication.java:402)
Caused by: ptolemy.kernel.util.IllegalActionException: Test fails in iteration 1.
Value was: 1.0. Should have been: 2.0
  in .DirectFeedback.Test
	at ptolemy.actor.lib.Test.fire(Test.java:268)
	at ptolemy.domains.de.kernel.DEDirector._fire(DEDirector.java:1948)
	at ptolemy.domains.de.kernel.DEDirector.fire(DEDirector.java:502)
	at ptolemy.actor.CompositeActor.fire(CompositeActor.java:455)
	at ptolemy.actor.Manager.iterate(Manager.java:851)
	at ptolemy.actor.Manager.execute(Manager.java:369)
	at ptolemy.actor.Manager.run(Manager.java:1263)
	at ptolemy.actor.Manager$PtolemyRunThread.run(Manager.java:1915)
java.lang.reflect.InvocationTargetException
	at sun.reflect.NativeConstructorAccessorImpl.newInstance0(Native Method)
	at sun.reflect.NativeConstructorAccessorImpl.newInstance(NativeConstructorAccessorImpl.java:62)
	at sun.reflect.DelegatingConstructorAccessorImpl.newInstance(DelegatingConstructorAccessorImpl.java:45)
	at java.lang.reflect.Constructor.newInstance(Constructor.java:423)
	at ptolemy.util.test.junit.AutoKnownFailedTests.RunModel(AutoKnownFailedTests.java:107)
	at sun.reflect.NativeMethodAccessorImpl.invoke0(Native Method)
	at sun.reflect.NativeMethodAccessorImpl.invoke(NativeMethodAccessorImpl.java:62)
	at sun.reflect.DelegatingMethodAccessorImpl.invoke(DelegatingMethodAccessorImpl.java:43)
	at java.lang.reflect.Method.invoke(Method.java:498)
	at org.junit.runners.model.FrameworkMethod$1.runReflectiveCall(FrameworkMethod.java:44)
	at org.junit.internal.runners.model.ReflectiveCallable.run(ReflectiveCallable.java:15)
	at org.junit.runners.model.FrameworkMethod.invokeExplosively(FrameworkMethod.java:41)
	at junitparams.internal.InvokeParameterisedMethod.evaluate(InvokeParameterisedMethod.java:102)
	at org.junit.internal.runners.statements.FailOnTimeout$1.run(FailOnTimeout.java:28)
Caused by: ptolemy.kernel.util.IllegalActionException: Test fails in iteration 1.
Value was: 1.0. Should have been: 2.0
  in .DirectFeedback.Test
	at ptolemy.actor.lib.Test.fire(Test.java:268)
	at ptolemy.domains.de.kernel.DEDirector._fire(DEDirector.java:1948)
	at ptolemy.domains.de.kernel.DEDirector.fire(DEDirector.java:502)
	at ptolemy.actor.CompositeActor.fire(CompositeActor.java:455)
	at ptolemy.actor.Manager.iterate(Manager.java:851)
	at ptolemy.actor.Manager.execute(Manager.java:369)
	at ptolemy.actor.Manager.run(Manager.java:1263)
	at ptolemy.actor.Manager$PtolemyRunThread.run(Manager.java:1915)
java.lang.RuntimeException: Execution failed
	at ptolemy.moml.MoMLSimpleApplication$UnloadThread.run(MoMLSimpleApplication.java:402)
Caused by: ptolemy.kernel.util.IllegalActionException: Found a zero delay loop containing .HierarchicalModel.A
  in .HierarchicalModel and .HierarchicalModel.A
	at ptolemy.actor.util.CausalityInterfaceForComposites._computeOutputPortDepth(CausalityInterfaceForComposites.java:759)
	at ptolemy.actor.util.CausalityInterfaceForComposites._computeInputDepth(CausalityInterfaceForComposites.java:696)
	at ptolemy.actor.util.CausalityInterfaceForComposites._computeOutputPortDepth(CausalityInterfaceForComposites.java:765)
	at ptolemy.actor.util.CausalityInterfaceForComposites._computeInputDepth(CausalityInterfaceForComposites.java:696)
	at ptolemy.actor.util.CausalityInterfaceForComposites._computeOutputPortDepth(CausalityInterfaceForComposites.java:765)
	at ptolemy.actor.util.CausalityInterfaceForComposites._computeInputDepth(CausalityInterfaceForComposites.java:696)
	at ptolemy.actor.util.CausalityInterfaceForComposites._computeActorDepth(CausalityInterfaceForComposites.java:532)
	at ptolemy.actor.util.CausalityInterfaceForComposites.checkForCycles(CausalityInterfaceForComposites.java:96)
	at ptolemy.domains.de.kernel.DEDirector.preinitialize(DEDirector.java:1337)
	at ptolemy.actor.CompositeActor.preinitialize(CompositeActor.java:1828)
	at ptolemy.actor.Manager.preinitializeAndResolveTypes(Manager.java:1040)
	at ptolemy.actor.Manager.initialize(Manager.java:710)
	at ptolemy.actor.Manager.execute(Manager.java:356)
	at ptolemy.actor.Manager.run(Manager.java:1263)
	at ptolemy.actor.Manager$PtolemyRunThread.run(Manager.java:1915)
java.lang.reflect.InvocationTargetException
	at sun.reflect.NativeConstructorAccessorImpl.newInstance0(Native Method)
	at sun.reflect.NativeConstructorAccessorImpl.newInstance(NativeConstructorAccessorImpl.java:62)
	at sun.reflect.DelegatingConstructorAccessorImpl.newInstance(DelegatingConstructorAccessorImpl.java:45)
	at java.lang.reflect.Constructor.newInstance(Constructor.java:423)
	at ptolemy.util.test.junit.AutoKnownFailedTests.RunModel(AutoKnownFailedTests.java:107)
	at sun.reflect.NativeMethodAccessorImpl.invoke0(Native Method)
	at sun.reflect.NativeMethodAccessorImpl.invoke(NativeMethodAccessorImpl.java:62)
	at sun.reflect.DelegatingMethodAccessorImpl.invoke(DelegatingMethodAccessorImpl.java:43)
	at java.lang.reflect.Method.invoke(Method.java:498)
	at org.junit.runners.model.FrameworkMethod$1.runReflectiveCall(FrameworkMethod.java:44)
	at org.junit.internal.runners.model.ReflectiveCallable.run(ReflectiveCallable.java:15)
	at org.junit.runners.model.FrameworkMethod.invokeExplosively(FrameworkMethod.java:41)
	at junitparams.internal.InvokeParameterisedMethod.evaluate(InvokeParameterisedMethod.java:102)
	at org.junit.internal.runners.statements.FailOnTimeout$1.run(FailOnTimeout.java:28)
Caused by: ptolemy.kernel.util.IllegalActionException: Found a zero delay loop containing .HierarchicalModel.A
  in .HierarchicalModel and .HierarchicalModel.A
	at ptolemy.actor.util.CausalityInterfaceForComposites._computeOutputPortDepth(CausalityInterfaceForComposites.java:759)
	at ptolemy.actor.util.CausalityInterfaceForComposites._computeInputDepth(CausalityInterfaceForComposites.java:696)
	at ptolemy.actor.util.CausalityInterfaceForComposites._computeOutputPortDepth(CausalityInterfaceForComposites.java:765)
	at ptolemy.actor.util.CausalityInterfaceForComposites._computeInputDepth(CausalityInterfaceForComposites.java:696)
	at ptolemy.actor.util.CausalityInterfaceForComposites._computeOutputPortDepth(CausalityInterfaceForComposites.java:765)
	at ptolemy.actor.util.CausalityInterfaceForComposites._computeInputDepth(CausalityInterfaceForComposites.java:696)
	at ptolemy.actor.util.CausalityInterfaceForComposites._computeActorDepth(CausalityInterfaceForComposites.java:532)
	at ptolemy.actor.util.CausalityInterfaceForComposites.checkForCycles(CausalityInterfaceForComposites.java:96)
	at ptolemy.domains.de.kernel.DEDirector.preinitialize(DEDirector.java:1337)
	at ptolemy.actor.CompositeActor.preinitialize(CompositeActor.java:1828)
	at ptolemy.actor.Manager.preinitializeAndResolveTypes(Manager.java:1040)
	at ptolemy.actor.Manager.initialize(Manager.java:710)
	at ptolemy.actor.Manager.execute(Manager.java:356)
	at ptolemy.actor.Manager.run(Manager.java:1263)
	at ptolemy.actor.Manager$PtolemyRunThread.run(Manager.java:1915)
java.lang.RuntimeException: Execution failed
	at ptolemy.moml.MoMLSimpleApplication$UnloadThread.run(MoMLSimpleApplication.java:402)
Caused by: ptolemy.kernel.util.IllegalActionException: Found a zero delay loop containing .dependencyLoop.original
  in .dependencyLoop and .dependencyLoop.original
	at ptolemy.actor.util.CausalityInterfaceForComposites._computeOutputPortDepth(CausalityInterfaceForComposites.java:759)
	at ptolemy.actor.util.CausalityInterfaceForComposites._computeInputDepth(CausalityInterfaceForComposites.java:696)
	at ptolemy.actor.util.CausalityInterfaceForComposites._computeOutputPortDepth(CausalityInterfaceForComposites.java:765)
	at ptolemy.actor.util.CausalityInterfaceForComposites._computeInputDepth(CausalityInterfaceForComposites.java:696)
	at ptolemy.actor.util.CausalityInterfaceForComposites._computeOutputPortDepth(CausalityInterfaceForComposites.java:765)
	at ptolemy.actor.util.CausalityInterfaceForComposites._computeInputDepth(CausalityInterfaceForComposites.java:696)
	at ptolemy.actor.util.CausalityInterfaceForComposites._computeActorDepth(CausalityInterfaceForComposites.java:532)
	at ptolemy.actor.util.CausalityInterfaceForComposites.checkForCycles(CausalityInterfaceForComposites.java:96)
	at ptolemy.domains.de.kernel.DEDirector.preinitialize(DEDirector.java:1337)
	at ptolemy.actor.CompositeActor.preinitialize(CompositeActor.java:1828)
	at ptolemy.actor.Manager.preinitializeAndResolveTypes(Manager.java:1040)
	at ptolemy.actor.Manager.initialize(Manager.java:710)
	at ptolemy.actor.Manager.execute(Manager.java:356)
	at ptolemy.actor.Manager.run(Manager.java:1263)
	at ptolemy.actor.Manager$PtolemyRunThread.run(Manager.java:1915)
java.lang.reflect.InvocationTargetException
	at sun.reflect.NativeConstructorAccessorImpl.newInstance0(Native Method)
	at sun.reflect.NativeConstructorAccessorImpl.newInstance(NativeConstructorAccessorImpl.java:62)
	at sun.reflect.DelegatingConstructorAccessorImpl.newInstance(DelegatingConstructorAccessorImpl.java:45)
	at java.lang.reflect.Constructor.newInstance(Constructor.java:423)
	at ptolemy.util.test.junit.AutoKnownFailedTests.RunModel(AutoKnownFailedTests.java:107)
	at sun.reflect.NativeMethodAccessorImpl.invoke0(Native Method)
	at sun.reflect.NativeMethodAccessorImpl.invoke(NativeMethodAccessorImpl.java:62)
	at sun.reflect.DelegatingMethodAccessorImpl.invoke(DelegatingMethodAccessorImpl.java:43)
	at java.lang.reflect.Method.invoke(Method.java:498)
	at org.junit.runners.model.FrameworkMethod$1.runReflectiveCall(FrameworkMethod.java:44)
	at org.junit.internal.runners.model.ReflectiveCallable.run(ReflectiveCallable.java:15)
	at org.junit.runners.model.FrameworkMethod.invokeExplosively(FrameworkMethod.java:41)
	at junitparams.internal.InvokeParameterisedMethod.evaluate(InvokeParameterisedMethod.java:102)
	at org.junit.internal.runners.statements.FailOnTimeout$1.run(FailOnTimeout.java:28)
Caused by: ptolemy.kernel.util.IllegalActionException: Found a zero delay loop containing .dependencyLoop.original
  in .dependencyLoop and .dependencyLoop.original
	at ptolemy.actor.util.CausalityInterfaceForComposites._computeOutputPortDepth(CausalityInterfaceForComposites.java:759)
	at ptolemy.actor.util.CausalityInterfaceForComposites._computeInputDepth(CausalityInterfaceForComposites.java:696)
	at ptolemy.actor.util.CausalityInterfaceForComposites._computeOutputPortDepth(CausalityInterfaceForComposites.java:765)
	at ptolemy.actor.util.CausalityInterfaceForComposites._computeInputDepth(CausalityInterfaceForComposites.java:696)
	at ptolemy.actor.util.CausalityInterfaceForComposites._computeOutputPortDepth(CausalityInterfaceForComposites.java:765)
	at ptolemy.actor.util.CausalityInterfaceForComposites._computeInputDepth(CausalityInterfaceForComposites.java:696)
	at ptolemy.actor.util.CausalityInterfaceForComposites._computeActorDepth(CausalityInterfaceForComposites.java:532)
	at ptolemy.actor.util.CausalityInterfaceForComposites.checkForCycles(CausalityInterfaceForComposites.java:96)
	at ptolemy.domains.de.kernel.DEDirector.preinitialize(DEDirector.java:1337)
	at ptolemy.actor.CompositeActor.preinitialize(CompositeActor.java:1828)
	at ptolemy.actor.Manager.preinitializeAndResolveTypes(Manager.java:1040)
	at ptolemy.actor.Manager.initialize(Manager.java:710)
	at ptolemy.actor.Manager.execute(Manager.java:356)
	at ptolemy.actor.Manager.run(Manager.java:1263)
	at ptolemy.actor.Manager$PtolemyRunThread.run(Manager.java:1915)
java.lang.RuntimeException: Execution failed
	at ptolemy.moml.MoMLSimpleApplication$UnloadThread.run(MoMLSimpleApplication.java:402)
Caused by: ptolemy.kernel.util.IllegalActionException: Found a zero delay loop containing .dependencyLoop2.original
  in .dependencyLoop2 and .dependencyLoop2.original
	at ptolemy.actor.util.CausalityInterfaceForComposites._computeOutputPortDepth(CausalityInterfaceForComposites.java:759)
	at ptolemy.actor.util.CausalityInterfaceForComposites._computeInputDepth(CausalityInterfaceForComposites.java:696)
	at ptolemy.actor.util.CausalityInterfaceForComposites._computeOutputPortDepth(CausalityInterfaceForComposites.java:765)
	at ptolemy.actor.util.CausalityInterfaceForComposites._computeInputDepth(CausalityInterfaceForComposites.java:696)
	at ptolemy.actor.util.CausalityInterfaceForComposites._computeOutputPortDepth(CausalityInterfaceForComposites.java:765)
	at ptolemy.actor.util.CausalityInterfaceForComposites._computeInputDepth(CausalityInterfaceForComposites.java:696)
	at ptolemy.actor.util.CausalityInterfaceForComposites._computeActorDepth(CausalityInterfaceForComposites.java:532)
	at ptolemy.actor.util.CausalityInterfaceForComposites.checkForCycles(CausalityInterfaceForComposites.java:96)
	at ptolemy.domains.de.kernel.DEDirector.preinitialize(DEDirector.java:1337)
	at ptolemy.actor.CompositeActor.preinitialize(CompositeActor.java:1828)
	at ptolemy.actor.Manager.preinitializeAndResolveTypes(Manager.java:1040)
	at ptolemy.actor.Manager.initialize(Manager.java:710)
	at ptolemy.actor.Manager.execute(Manager.java:356)
	at ptolemy.actor.Manager.run(Manager.java:1263)
	at ptolemy.actor.Manager$PtolemyRunThread.run(Manager.java:1915)
java.lang.reflect.InvocationTargetException
	at sun.reflect.NativeConstructorAccessorImpl.newInstance0(Native Method)
	at sun.reflect.NativeConstructorAccessorImpl.newInstance(NativeConstructorAccessorImpl.java:62)
	at sun.reflect.DelegatingConstructorAccessorImpl.newInstance(DelegatingConstructorAccessorImpl.java:45)
	at java.lang.reflect.Constructor.newInstance(Constructor.java:423)
	at ptolemy.util.test.junit.AutoKnownFailedTests.RunModel(AutoKnownFailedTests.java:107)
	at sun.reflect.NativeMethodAccessorImpl.invoke0(Native Method)
	at sun.reflect.NativeMethodAccessorImpl.invoke(NativeMethodAccessorImpl.java:62)
	at sun.reflect.DelegatingMethodAccessorImpl.invoke(DelegatingMethodAccessorImpl.java:43)
	at java.lang.reflect.Method.invoke(Method.java:498)
	at org.junit.runners.model.FrameworkMethod$1.runReflectiveCall(FrameworkMethod.java:44)
	at org.junit.internal.runners.model.ReflectiveCallable.run(ReflectiveCallable.java:15)
	at org.junit.runners.model.FrameworkMethod.invokeExplosively(FrameworkMethod.java:41)
	at junitparams.internal.InvokeParameterisedMethod.evaluate(InvokeParameterisedMethod.java:102)
	at org.junit.internal.runners.statements.FailOnTimeout$1.run(FailOnTimeout.java:28)
Caused by: ptolemy.kernel.util.IllegalActionException: Found a zero delay loop containing .dependencyLoop2.original
  in .dependencyLoop2 and .dependencyLoop2.original
	at ptolemy.actor.util.CausalityInterfaceForComposites._computeOutputPortDepth(CausalityInterfaceForComposites.java:759)
	at ptolemy.actor.util.CausalityInterfaceForComposites._computeInputDepth(CausalityInterfaceForComposites.java:696)
	at ptolemy.actor.util.CausalityInterfaceForComposites._computeOutputPortDepth(CausalityInterfaceForComposites.java:765)
	at ptolemy.actor.util.CausalityInterfaceForComposites._computeInputDepth(CausalityInterfaceForComposites.java:696)
	at ptolemy.actor.util.CausalityInterfaceForComposites._computeOutputPortDepth(CausalityInterfaceForComposites.java:765)
	at ptolemy.actor.util.CausalityInterfaceForComposites._computeInputDepth(CausalityInterfaceForComposites.java:696)
	at ptolemy.actor.util.CausalityInterfaceForComposites._computeActorDepth(CausalityInterfaceForComposites.java:532)
	at ptolemy.actor.util.CausalityInterfaceForComposites.checkForCycles(CausalityInterfaceForComposites.java:96)
	at ptolemy.domains.de.kernel.DEDirector.preinitialize(DEDirector.java:1337)
	at ptolemy.actor.CompositeActor.preinitialize(CompositeActor.java:1828)
	at ptolemy.actor.Manager.preinitializeAndResolveTypes(Manager.java:1040)
	at ptolemy.actor.Manager.initialize(Manager.java:710)
	at ptolemy.actor.Manager.execute(Manager.java:356)
	at ptolemy.actor.Manager.run(Manager.java:1263)
	at ptolemy.actor.Manager$PtolemyRunThread.run(Manager.java:1915)
]]></system-err>
</testsuite>
