<?xml version="1.0" encoding="UTF-8" ?>
<testsuite errors="0" failures="0" hostname="travis-job-5572b645-c8ab-43eb-b024-5df7156d05d3" name="ptolemy.domains.de.test.junit.JUnitTclTest" skipped="0" tests="101" time="132.247" timestamp="2018-05-10T16:16:20">
  <properties>
[...]
</properties>
  <testcase classname="ptolemy.util.test.junit.TclTests" name="[0] /home/travis/build/icyphy/ptII/ptolemy/domains/de/test/DependencyLoop.tcl (RunTclFile)" time="0.852" />
  <testcase classname="ptolemy.util.test.junit.TclTests" name="[1] /home/travis/build/icyphy/ptII/ptolemy/domains/de/test/RunDETestsAsQSS.tcl (RunTclFile)" time="90.328" />
  <testcase classname="ptolemy.util.test.junit.AutoKnownFailedTests" name="[0] /home/travis/build/icyphy/ptII/ptolemy/domains/de/test/auto/knownFailedTests/DESDFClockTest.xml (RunModel)" time="2.024" />
  <testcase classname="ptolemy.util.test.junit.AutoKnownFailedTests" name="[1] /home/travis/build/icyphy/ptII/ptolemy/domains/de/test/auto/knownFailedTests/DirectFeedback.xml (RunModel)" time="0.009" />
  <testcase classname="ptolemy.util.test.junit.AutoKnownFailedTests" name="[2] /home/travis/build/icyphy/ptII/ptolemy/domains/de/test/auto/knownFailedTests/FSMSource.xml (RunModel)" time="0.017" />
  <testcase classname="ptolemy.util.test.junit.AutoKnownFailedTests" name="[3] /home/travis/build/icyphy/ptII/ptolemy/domains/de/test/auto/knownFailedTests/HierarchicalModel.xml (RunModel)" time="0.03" />
  <testcase classname="ptolemy.util.test.junit.AutoKnownFailedTests" name="[4] /home/travis/build/icyphy/ptII/ptolemy/domains/de/test/auto/knownFailedTests/dependencyLoop.xml (RunModel)" time="0.032" />
  <testcase classname="ptolemy.util.test.junit.AutoKnownFailedTests" name="[5] /home/travis/build/icyphy/ptII/ptolemy/domains/de/test/auto/knownFailedTests/dependencyLoop2.xml (RunModel)" time="0.04" />
  <testcase classname="ptolemy.util.test.junit.AutoNameArchTests" name="[0] ThereAreNoAutoTests (RunModel)" time="0.0" />
  <testcase classname="ptolemy.util.test.junit.AutoTests" name="[0] /home/travis/build/icyphy/ptII/ptolemy/domains/de/test/auto/ActorDepthCalculation_actorWithoutPorts.xml (RunModel)" time="0.012" />
  <testcase classname="ptolemy.util.test.junit.AutoTests" name="[1] /home/travis/build/icyphy/ptII/ptolemy/domains/de/test/auto/AssemblyLine.xml (RunModel)" time="0.017" />
  <testcase classname="ptolemy.util.test.junit.AutoTests" name="[2] /home/travis/build/icyphy/ptII/ptolemy/domains/de/test/auto/CQBug1.xml (RunModel)" time="0.006" />
  <testcase classname="ptolemy.util.test.junit.AutoTests" name="[3] /home/travis/build/icyphy/ptII/ptolemy/domains/de/test/auto/CancelFireAt.xml (RunModel)" time="0.005" />
  <testcase classname="ptolemy.util.test.junit.AutoTests" name="[4] /home/travis/build/icyphy/ptII/ptolemy/domains/de/test/auto/CausalityAndComposabilityAnalysis.xml (RunModel)" time="0.012" />
  <testcase classname="ptolemy.util.test.junit.AutoTests" name="[5] /home/travis/build/icyphy/ptII/ptolemy/domains/de/test/auto/CausalityInterface1.xml (RunModel)" time="0.015" />
  <testcase classname="ptolemy.util.test.junit.AutoTests" name="[6] /home/travis/build/icyphy/ptII/ptolemy/domains/de/test/auto/CausalityInterface15.xml (RunModel)" time="0.013" />
  <testcase classname="ptolemy.util.test.junit.AutoTests" name="[7] /home/travis/build/icyphy/ptII/ptolemy/domains/de/test/auto/CausalityInterface2.xml (RunModel)" time="0.013" />
  <testcase classname="ptolemy.util.test.junit.AutoTests" name="[8] /home/travis/build/icyphy/ptII/ptolemy/domains/de/test/auto/CausalityInterface3.xml (RunModel)" time="0.014" />
  <testcase classname="ptolemy.util.test.junit.AutoTests" name="[9] /home/travis/build/icyphy/ptII/ptolemy/domains/de/test/auto/ClockDrift.xml (RunModel)" time="0.042" />
  <testcase classname="ptolemy.util.test.junit.AutoTests" name="[10] /home/travis/build/icyphy/ptII/ptolemy/domains/de/test/auto/ClockDriftAndValueChange.xml (RunModel)" time="0.032" />
  <testcase classname="ptolemy.util.test.junit.AutoTests" name="[11] /home/travis/build/icyphy/ptII/ptolemy/domains/de/test/auto/ClockDriftChange.xml (RunModel)" time="0.026" />
  <testcase classname="ptolemy.util.test.junit.AutoTests" name="[12] /home/travis/build/icyphy/ptII/ptolemy/domains/de/test/auto/ComposableCausalityAnalysis.xml (RunModel)" time="0.013" />
  <testcase classname="ptolemy.util.test.junit.AutoTests" name="[13] /home/travis/build/icyphy/ptII/ptolemy/domains/de/test/auto/DEFixedPointLimitation.xml (RunModel)" time="0.007" />
  <testcase classname="ptolemy.util.test.junit.AutoTests" name="[14] /home/travis/build/icyphy/ptII/ptolemy/domains/de/test/auto/DEScheduleTest.xml (RunModel)" time="0.023" />
  <testcase classname="ptolemy.util.test.junit.AutoTests" name="[15] /home/travis/build/icyphy/ptII/ptolemy/domains/de/test/auto/DEinDEwithStartTimes.xml (RunModel)" time="0.015" />
  <testcase classname="ptolemy.util.test.junit.AutoTests" name="[16] /home/travis/build/icyphy/ptII/ptolemy/domains/de/test/auto/DEinDEwithStartTimes2.xml (RunModel)" time="0.01" />
  <testcase classname="ptolemy.util.test.junit.AutoTests" name="[17] /home/travis/build/icyphy/ptII/ptolemy/domains/de/test/auto/DateDemo.xml (RunModel)" time="0.027" />
  <testcase classname="ptolemy.util.test.junit.AutoTests" name="[18] /home/travis/build/icyphy/ptII/ptolemy/domains/de/test/auto/DateToEvent.xml (RunModel)" time="2.039" />
  <testcase classname="ptolemy.util.test.junit.AutoTests" name="[19] /home/travis/build/icyphy/ptII/ptolemy/domains/de/test/auto/DepthTest1.xml (RunModel)" time="0.008" />
  <testcase classname="ptolemy.util.test.junit.AutoTests" name="[20] /home/travis/build/icyphy/ptII/ptolemy/domains/de/test/auto/DepthTest2.xml (RunModel)" time="0.022" />
  <testcase classname="ptolemy.util.test.junit.AutoTests" name="[21] /home/travis/build/icyphy/ptII/ptolemy/domains/de/test/auto/DepthTest3.xml (RunModel)" time="0.011" />
  <testcase classname="ptolemy.util.test.junit.AutoTests" name="[22] /home/travis/build/icyphy/ptII/ptolemy/domains/de/test/auto/DepthTest4.xml (RunModel)" time="0.027" />
  <testcase classname="ptolemy.util.test.junit.AutoTests" name="[23] /home/travis/build/icyphy/ptII/ptolemy/domains/de/test/auto/DepthTest5.xml (RunModel)" time="0.016" />
  <testcase classname="ptolemy.util.test.junit.AutoTests" name="[24] /home/travis/build/icyphy/ptII/ptolemy/domains/de/test/auto/DepthTest6.xml (RunModel)" time="0.019" />
  <testcase classname="ptolemy.util.test.junit.AutoTests" name="[25] /home/travis/build/icyphy/ptII/ptolemy/domains/de/test/auto/DepthTest7.xml (RunModel)" time="0.013" />
  <testcase classname="ptolemy.util.test.junit.AutoTests" name="[26] /home/travis/build/icyphy/ptII/ptolemy/domains/de/test/auto/EventToDate.xml (RunModel)" time="3.053" />
  <testcase classname="ptolemy.util.test.junit.AutoTests" name="[27] /home/travis/build/icyphy/ptII/ptolemy/domains/de/test/auto/FSM1.xml (RunModel)" time="0.033" />
  <testcase classname="ptolemy.util.test.junit.AutoTests" name="[28] /home/travis/build/icyphy/ptII/ptolemy/domains/de/test/auto/FSM7.xml (RunModel)" time="0.032" />
  <testcase classname="ptolemy.util.test.junit.AutoTests" name="[29] /home/travis/build/icyphy/ptII/ptolemy/domains/de/test/auto/Inspection.xml (RunModel)" time="0.04" />
  <testcase classname="ptolemy.util.test.junit.AutoTests" name="[30] /home/travis/build/icyphy/ptII/ptolemy/domains/de/test/auto/Iteration.xml (RunModel)" time="0.021" />
  <testcase classname="ptolemy.util.test.junit.AutoTests" name="[31] /home/travis/build/icyphy/ptII/ptolemy/domains/de/test/auto/LineFault.xml (RunModel)" time="0.6" />
  <testcase classname="ptolemy.util.test.junit.AutoTests" name="[32] /home/travis/build/icyphy/ptII/ptolemy/domains/de/test/auto/MergeModel1Add.xml (RunModel)" time="0.048" />
  <testcase classname="ptolemy.util.test.junit.AutoTests" name="[33] /home/travis/build/icyphy/ptII/ptolemy/domains/de/test/auto/MergeModel2Add.xml (RunModel)" time="0.04" />
  <testcase classname="ptolemy.util.test.junit.AutoTests" name="[34] /home/travis/build/icyphy/ptII/ptolemy/domains/de/test/auto/MergeModel3Add.xml (RunModel)" time="0.04" />
  <testcase classname="ptolemy.util.test.junit.AutoTests" name="[35] /home/travis/build/icyphy/ptII/ptolemy/domains/de/test/auto/MergeWithoutDiscard.xml (RunModel)" time="0.01" />
  <testcase classname="ptolemy.util.test.junit.AutoTests" name="[36] /home/travis/build/icyphy/ptII/ptolemy/domains/de/test/auto/Modal1.xml (RunModel)" time="0.038" />
  <testcase classname="ptolemy.util.test.junit.AutoTests" name="[37] /home/travis/build/icyphy/ptII/ptolemy/domains/de/test/auto/Modal2.xml (RunModel)" time="0.029" />
  <testcase classname="ptolemy.util.test.junit.AutoTests" name="[38] /home/travis/build/icyphy/ptII/ptolemy/domains/de/test/auto/Modal3.xml (RunModel)" time="0.028" />
  <testcase classname="ptolemy.util.test.junit.AutoTests" name="[39] /home/travis/build/icyphy/ptII/ptolemy/domains/de/test/auto/Modal4.xml (RunModel)" time="0.033" />
  <testcase classname="ptolemy.util.test.junit.AutoTests" name="[40] /home/travis/build/icyphy/ptII/ptolemy/domains/de/test/auto/Modal5.xml (RunModel)" time="0.032" />
  <testcase classname="ptolemy.util.test.junit.AutoTests" name="[41] /home/travis/build/icyphy/ptII/ptolemy/domains/de/test/auto/Modal6.xml (RunModel)" time="0.03" />
  <testcase classname="ptolemy.util.test.junit.AutoTests" name="[42] /home/travis/build/icyphy/ptII/ptolemy/domains/de/test/auto/Modal7.xml (RunModel)" time="0.031" />
  <testcase classname="ptolemy.util.test.junit.AutoTests" name="[43] /home/travis/build/icyphy/ptII/ptolemy/domains/de/test/auto/ModalModel.xml (RunModel)" time="0.206" />
  <testcase classname="ptolemy.util.test.junit.AutoTests" name="[44] /home/travis/build/icyphy/ptII/ptolemy/domains/de/test/auto/ModalSource.xml (RunModel)" time="0.021" />
  <testcase classname="ptolemy.util.test.junit.AutoTests" name="[45] /home/travis/build/icyphy/ptII/ptolemy/domains/de/test/auto/NonInterruptibleTimerZeroDelay.xml (RunModel)" time="0.011" />
  <testcase classname="ptolemy.util.test.junit.AutoTests" name="[46] /home/travis/build/icyphy/ptII/ptolemy/domains/de/test/auto/OpenQueueingNetwork.xml (RunModel)" time="2.587" />
  <testcase classname="ptolemy.util.test.junit.AutoTests" name="[47] /home/travis/build/icyphy/ptII/ptolemy/domains/de/test/auto/OpenQueuingNetwork.xml (RunModel)" time="0.304" />
  <testcase classname="ptolemy.util.test.junit.AutoTests" name="[48] /home/travis/build/icyphy/ptII/ptolemy/domains/de/test/auto/PeriodicSampler.xml (RunModel)" time="0.014" />
  <testcase classname="ptolemy.util.test.junit.AutoTests" name="[49] /home/travis/build/icyphy/ptII/ptolemy/domains/de/test/auto/PersistentIO.xml (RunModel)" time="0.02" />
  <testcase classname="ptolemy.util.test.junit.AutoTests" name="[50] /home/travis/build/icyphy/ptII/ptolemy/domains/de/test/auto/PortParameterResetOnInitialize.xml (RunModel)" time="0.01" />
  <testcase classname="ptolemy.util.test.junit.AutoTests" name="[51] /home/travis/build/icyphy/ptII/ptolemy/domains/de/test/auto/PortParameterUpdates.xml (RunModel)" time="0.014" />
  <testcase classname="ptolemy.util.test.junit.AutoTests" name="[52] /home/travis/build/icyphy/ptII/ptolemy/domains/de/test/auto/QueueAndServer.xml (RunModel)" time="0.023" />
  <testcase classname="ptolemy.util.test.junit.AutoTests" name="[53] /home/travis/build/icyphy/ptII/ptolemy/domains/de/test/auto/Records.xml (RunModel)" time="0.024" />
  <testcase classname="ptolemy.util.test.junit.AutoTests" name="[54] /home/travis/build/icyphy/ptII/ptolemy/domains/de/test/auto/ResetTransitionWithStartTime1.xml (RunModel)" time="0.021" />
  <testcase classname="ptolemy.util.test.junit.AutoTests" name="[55] /home/travis/build/icyphy/ptII/ptolemy/domains/de/test/auto/ResetTransitionWithStartTime2.xml (RunModel)" time="0.047" />
  <testcase classname="ptolemy.util.test.junit.AutoTests" name="[56] /home/travis/build/icyphy/ptII/ptolemy/domains/de/test/auto/ResetTransitionWithStartTime3.xml (RunModel)" time="0.068" />
  <testcase classname="ptolemy.util.test.junit.AutoTests" name="[57] /home/travis/build/icyphy/ptII/ptolemy/domains/de/test/auto/ResetTransitionWithStartTime4.xml (RunModel)" time="0.029" />
  <testcase classname="ptolemy.util.test.junit.AutoTests" name="[58] /home/travis/build/icyphy/ptII/ptolemy/domains/de/test/auto/ResettableTimer1.xml (RunModel)" time="0.01" />
  <testcase classname="ptolemy.util.test.junit.AutoTests" name="[59] /home/travis/build/icyphy/ptII/ptolemy/domains/de/test/auto/ResettableTimer2.xml (RunModel)" time="0.01" />
  <testcase classname="ptolemy.util.test.junit.AutoTests" name="[60] /home/travis/build/icyphy/ptII/ptolemy/domains/de/test/auto/ResettableTimer3.xml (RunModel)" time="0.009" />
  <testcase classname="ptolemy.util.test.junit.AutoTests" name="[61] /home/travis/build/icyphy/ptII/ptolemy/domains/de/test/auto/ResettableTimer4.xml (RunModel)" time="0.01" />
  <testcase classname="ptolemy.util.test.junit.AutoTests" name="[62] /home/travis/build/icyphy/ptII/ptolemy/domains/de/test/auto/ResettableTimer5.xml (RunModel)" time="0.01" />
  <testcase classname="ptolemy.util.test.junit.AutoTests" name="[63] /home/travis/build/icyphy/ptII/ptolemy/domains/de/test/auto/ResettableTimer6.xml (RunModel)" time="0.013" />
  <testcase classname="ptolemy.util.test.junit.AutoTests" name="[64] /home/travis/build/icyphy/ptII/ptolemy/domains/de/test/auto/ServerZeroDelay.xml (RunModel)" time="0.042" />
  <testcase classname="ptolemy.util.test.junit.AutoTests" name="[65] /home/travis/build/icyphy/ptII/ptolemy/domains/de/test/auto/SmartSender.xml (RunModel)" time="3.036" />
  <testcase classname="ptolemy.util.test.junit.AutoTests" name="[66] /home/travis/build/icyphy/ptII/ptolemy/domains/de/test/auto/ThreadedComposite.xml (RunModel)" time="0.177" />
  <testcase classname="ptolemy.util.test.junit.AutoTests" name="[67] /home/travis/build/icyphy/ptII/ptolemy/domains/de/test/auto/Time.xml (RunModel)" time="0.421" />
  <testcase classname="ptolemy.util.test.junit.AutoTests" name="[68] /home/travis/build/icyphy/ptII/ptolemy/domains/de/test/auto/TimeDelayZeroDelay.xml (RunModel)" time="0.011" />
  <testcase classname="ptolemy.util.test.junit.AutoTests" name="[69] /home/travis/build/icyphy/ptII/ptolemy/domains/de/test/auto/TimerZeroDelay.xml (RunModel)" time="0.018" />
  <testcase classname="ptolemy.util.test.junit.AutoTests" name="[70] /home/travis/build/icyphy/ptII/ptolemy/domains/de/test/auto/TimingParadox.xml (RunModel)" time="0.368" />
  <testcase classname="ptolemy.util.test.junit.AutoTests" name="[71] /home/travis/build/icyphy/ptII/ptolemy/domains/de/test/auto/TransferInputs.xml (RunModel)" time="0.009" />
  <testcase classname="ptolemy.util.test.junit.AutoTests" name="[72] /home/travis/build/icyphy/ptII/ptolemy/domains/de/test/auto/TransferOutputs2.xml (RunModel)" time="0.017" />
  <testcase classname="ptolemy.util.test.junit.AutoTests" name="[73] /home/travis/build/icyphy/ptII/ptolemy/domains/de/test/auto/Trilateration.xml (RunModel)" time="11.959" />
  <testcase classname="ptolemy.util.test.junit.AutoTests" name="[74] /home/travis/build/icyphy/ptII/ptolemy/domains/de/test/auto/TwoSigmaDelta.xml (RunModel)" time="2.256" />
  <testcase classname="ptolemy.util.test.junit.AutoTests" name="[75] /home/travis/build/icyphy/ptII/ptolemy/domains/de/test/auto/VariableDelay.xml (RunModel)" time="0.018" />
  <testcase classname="ptolemy.util.test.junit.AutoTests" name="[76] /home/travis/build/icyphy/ptII/ptolemy/domains/de/test/auto/VariableDelay2.xml (RunModel)" time="0.01" />
  <testcase classname="ptolemy.util.test.junit.AutoTests" name="[77] /home/travis/build/icyphy/ptII/ptolemy/domains/de/test/auto/VariableDelayZeroDelay.xml (RunModel)" time="0.011" />
  <testcase classname="ptolemy.util.test.junit.AutoTests" name="[78] /home/travis/build/icyphy/ptII/ptolemy/domains/de/test/auto/VariableDelayZeroDelay2.xml (RunModel)" time="0.013" />
  <testcase classname="ptolemy.util.test.junit.AutoTests" name="[79] /home/travis/build/icyphy/ptII/ptolemy/domains/de/test/auto/deInCt.xml (RunModel)" time="0.016" />
  <testcase classname="ptolemy.util.test.junit.AutoTests" name="[80] /home/travis/build/icyphy/ptII/ptolemy/domains/de/test/auto/deInCt2.xml (RunModel)" time="0.018" />
  <testcase classname="ptolemy.util.test.junit.AutoTests" name="[81] /home/travis/build/icyphy/ptII/ptolemy/domains/de/test/auto/dynamicCausalityInterface1.xml (RunModel)" time="0.02" />
  <testcase classname="ptolemy.util.test.junit.AutoTests" name="[82] /home/travis/build/icyphy/ptII/ptolemy/domains/de/test/auto/fsm_de_test.xml (RunModel)" time="0.024" />
  <testcase classname="ptolemy.util.test.junit.AutoTests" name="[83] /home/travis/build/icyphy/ptII/ptolemy/domains/de/test/auto/functionDependencyReconstruction.xml (RunModel)" time="0.035" />
  <testcase classname="ptolemy.util.test.junit.AutoTests" name="[84] /home/travis/build/icyphy/ptII/ptolemy/domains/de/test/auto/multirate.xml (RunModel)" time="0.016" />
  <testcase classname="ptolemy.util.test.junit.AutoTests" name="[85] /home/travis/build/icyphy/ptII/ptolemy/domains/de/test/auto/multirate2.xml (RunModel)" time="0.015" />
  <testcase classname="ptolemy.util.test.junit.AutoTests" name="[86] /home/travis/build/icyphy/ptII/ptolemy/domains/de/test/auto/realtime.xml (RunModel)" time="10.013" />
  <testcase classname="ptolemy.util.test.junit.AutoTests" name="[87] /home/travis/build/icyphy/ptII/ptolemy/domains/de/test/auto/relationGroup.xml (RunModel)" time="0.008" />
  <testcase classname="ptolemy.util.test.junit.AutoTests" name="[88] /home/travis/build/icyphy/ptII/ptolemy/domains/de/test/auto/relationGroup2.xml (RunModel)" time="0.008" />
  <testcase classname="ptolemy.util.test.junit.AutoTests" name="[89] /home/travis/build/icyphy/ptII/ptolemy/domains/de/test/auto/sortWithOpaquePorts.xml (RunModel)" time="0.011" />
  <testcase classname="ptolemy.util.test.junit.AutoTests" name="[90] /home/travis/build/icyphy/ptII/ptolemy/domains/de/test/auto/transferInputsandOutputs.xml (RunModel)" time="0.016" />
  <testcase classname="ptolemy.util.test.junit.AutoTests" name="[91] /home/travis/build/icyphy/ptII/ptolemy/domains/de/test/auto/triggerType.xml (RunModel)" time="0.009" />
  <system-out><![CDATA[/home/travis/build/icyphy/ptII/ptolemy/domains/de/test/DependencyLoop.tcl
testDefs.tcl: setting time out to 9000 seconds at Thu May 10 16:16:20 UTC 2018
15 ms. Memory: 116224K Free: 95046K (82%)
13 ms. Memory: 116224K Free: 108239K (93%)
/home/travis/build/icyphy/ptII/ptolemy/domains/de/test/RunDETestsAsQSS.tcl
Run the DE tests using ptolemy.domains.qss.test.QSSDirectorTest, which extends QSSDirector and prints a message in the constructors.
------------------ testing $PTII/ptolemy/domains/de/test/auto/knownFailedTests/dependencyLoop.xml (Known Failure) 
12 ms. Memory: 116224K Free: 105084K (90%)


==== $PTIIhome/travis/build/icyphy/ptII/ptolemy/domains/de/test/../../../../: Auto Automatic test in file $PTII/ptolemy/domains/de/test/auto/knownFailedTests/dependencyLoop.xml
==== Contents of test case:

	    # FIXME: we should use $relativeFilename here, but it
	    # might have backslashes under Windows, which causes no end
	    # of trouble.
	    createAndExecute $file
	    list {}
	
.... Test generated KNOWN error:
    while executing
ptolemy.kernel.util.IllegalActionException: Found a zero delay loop containing .dependencyLoop.original
  in .dependencyLoop and .dependencyLoop.original
	at ptolemy.actor.util.CausalityInterfaceForComposites._computeOutputPortDepth(CausalityInterfaceForComposites.java:759)
	at ptolemy.actor.util.CausalityInterfaceForComposites._computeInputDepth(CausalityInterfaceForComposites.java:696)
	at ptolemy.actor.util.CausalityInterfaceForComposites._computeOutputPortDepth(CausalityInterfaceForComposites.java:765)
	at ptolemy.actor.util.CausalityInterfaceForComposites._computeInputDepth(CausalityInterfaceForComposites.java:696)
	at ptolemy.actor.util.CausalityInterfaceForComposites._computeOutputPortDepth(CausalityInterfaceForComposites.java:765)
	at ptolemy.actor.util.CausalityInterfaceForComposites._computeInputDepth(CausalityInterfaceForComposites.java:696)
	at ptolemy.actor.util.CausalityInterfaceForComposites._computeActorDepth(CausalityInterfaceForComposites.java:532)
	at ptolemy.actor.util.CausalityInterfaceForComposites.checkForCycles(CausalityInterfaceForComposites.java:96)
	at ptolemy.domains.de.kernel.DEDirector.preinitialize(DEDirector.java:1337)
	at ptolemy.actor.CompositeActor.preinitialize(CompositeActor.java:1828)
	at ptolemy.actor.Manager.preinitializeAndResolveTypes(Manager.java:1040)
	at ptolemy.actor.Manager.initialize(Manager.java:710)
	at ptolemy.actor.Manager.execute(Manager.java:356)
	at ptolemy.actor.Manager.run(Manager.java:1263)
	at ptolemy.actor.Manager$PtolemyRunThread.run(Manager.java:1915)

    while executing
ptolemy.kernel.util.IllegalActionException: Found a zero delay loop containing .dependencyLoop.original
  in .dependencyLoop and .dependencyLoop.original
    while executing
"java::new ptolemy.moml.MoMLSimpleApplication $file
"
    (procedure "createAndExecute" line 2)
    invoked from within
"createAndExecute $file"
    ("uplevel" body line 5)
    invoked from within
"uplevel $contents_of_test"
------------------ testing $PTII/ptolemy/domains/de/test/auto/knownFailedTests/DESDFClockTest.xml (Known Failure) 
2117 ms. Memory: 116224K Free: 89197K (77%)


==== $PTIIhome/travis/build/icyphy/ptII/ptolemy/domains/de/test/../../../../: Auto Automatic test in file $PTII/ptolemy/domains/de/test/auto/knownFailedTests/DESDFClockTest.xml
==== Contents of test case:

	    # FIXME: we should use $relativeFilename here, but it
	    # might have backslashes under Windows, which causes no end
	    # of trouble.
	    createAndExecute $file
	    list {}
	
.... Test generated KNOWN error:
    while executing
ptolemy.kernel.util.IllegalActionException: Actor is not ready to fire.  Perhaps UpSample.prefire() returned false? Try debugging the actor by selecting "Listen to Actor".  Also, for SDF check moml for tokenConsumptionRate on input.
  in .DESDFClockTest.Play Bell.Copy1:SDF Director and .DESDFClockTest.Play Bell.UpSample
	at ptolemy.actor.sched.StaticSchedulingDirector.fire(StaticSchedulingDirector.java:227)
	at ptolemy.domains.sdf.kernel.SDFDirector.fire(SDFDirector.java:500)
	at ptolemy.actor.CompositeActor.fire(CompositeActor.java:455)
	at ptolemy.domains.de.kernel.DEDirector._fire(DEDirector.java:1948)
	at ptolemy.domains.de.kernel.DEDirector.fire(DEDirector.java:502)
	at ptolemy.actor.CompositeActor.fire(CompositeActor.java:455)
	at ptolemy.actor.Manager.iterate(Manager.java:851)
	at ptolemy.actor.Manager.execute(Manager.java:369)
	at ptolemy.actor.Manager.run(Manager.java:1263)
	at ptolemy.actor.Manager$PtolemyRunThread.run(Manager.java:1915)

    while executing
ptolemy.kernel.util.IllegalActionException: Actor is not ready to fire.  Perhaps UpSample.prefire() returned false? Try debugging the actor by selecting "Listen to Actor".  Also, for SDF check moml for tokenConsumptionRate on input.
  in .DESDFClockTest.Play Bell.Copy1:SDF Director and .DESDFClockTest.Play Bell.UpSample
    while executing
"java::new ptolemy.moml.MoMLSimpleApplication $file
"
    (procedure "createAndExecute" line 2)
    invoked from within
"createAndExecute $file"
    ("uplevel" body line 5)
    invoked from within
"uplevel $contents_of_test"
------------------ testing $PTII/ptolemy/domains/de/test/auto/knownFailedTests/FSMSource.xml (Known Failure) 
56 ms. Memory: 116224K Free: 111058K (96%)
!!!! Auto was marked as failing, but now passes
------------------ testing $PTII/ptolemy/domains/de/test/auto/knownFailedTests/dependencyLoop2.xml (Known Failure) 
6 ms. Memory: 116224K Free: 93091K (80%)


==== $PTIIhome/travis/build/icyphy/ptII/ptolemy/domains/de/test/../../../../: Auto Automatic test in file $PTII/ptolemy/domains/de/test/auto/knownFailedTests/dependencyLoop2.xml
==== Contents of test case:

	    # FIXME: we should use $relativeFilename here, but it
	    # might have backslashes under Windows, which causes no end
	    # of trouble.
	    createAndExecute $file
	    list {}
	
.... Test generated KNOWN error:
    while executing
ptolemy.kernel.util.IllegalActionException: Found a zero delay loop containing .dependencyLoop2.original
  in .dependencyLoop2 and .dependencyLoop2.original
	at ptolemy.actor.util.CausalityInterfaceForComposites._computeOutputPortDepth(CausalityInterfaceForComposites.java:759)
	at ptolemy.actor.util.CausalityInterfaceForComposites._computeInputDepth(CausalityInterfaceForComposites.java:696)
	at ptolemy.actor.util.CausalityInterfaceForComposites._computeOutputPortDepth(CausalityInterfaceForComposites.java:765)
	at ptolemy.actor.util.CausalityInterfaceForComposites._computeInputDepth(CausalityInterfaceForComposites.java:696)
	at ptolemy.actor.util.CausalityInterfaceForComposites._computeOutputPortDepth(CausalityInterfaceForComposites.java:765)
	at ptolemy.actor.util.CausalityInterfaceForComposites._computeInputDepth(CausalityInterfaceForComposites.java:696)
	at ptolemy.actor.util.CausalityInterfaceForComposites._computeActorDepth(CausalityInterfaceForComposites.java:532)
	at ptolemy.actor.util.CausalityInterfaceForComposites.checkForCycles(CausalityInterfaceForComposites.java:96)
	at ptolemy.domains.de.kernel.DEDirector.preinitialize(DEDirector.java:1337)
	at ptolemy.actor.CompositeActor.preinitialize(CompositeActor.java:1828)
	at ptolemy.actor.Manager.preinitializeAndResolveTypes(Manager.java:1040)
	at ptolemy.actor.Manager.initialize(Manager.java:710)
	at ptolemy.actor.Manager.execute(Manager.java:356)
	at ptolemy.actor.Manager.run(Manager.java:1263)
	at ptolemy.actor.Manager$PtolemyRunThread.run(Manager.java:1915)

    while executing
ptolemy.kernel.util.IllegalActionException: Found a zero delay loop containing .dependencyLoop2.original
  in .dependencyLoop2 and .dependencyLoop2.original
    while executing
"java::new ptolemy.moml.MoMLSimpleApplication $file
"
    (procedure "createAndExecute" line 2)
    invoked from within
"createAndExecute $file"
    ("uplevel" body line 5)
    invoked from within
"uplevel $contents_of_test"
------------------ testing $PTII/ptolemy/domains/de/test/auto/knownFailedTests/HierarchicalModel.xml (Known Failure) 
6 ms. Memory: 146944K Free: 134642K (92%)


==== $PTIIhome/travis/build/icyphy/ptII/ptolemy/domains/de/test/../../../../: Auto Automatic test in file $PTII/ptolemy/domains/de/test/auto/knownFailedTests/HierarchicalModel.xml
==== Contents of test case:

	    # FIXME: we should use $relativeFilename here, but it
	    # might have backslashes under Windows, which causes no end
	    # of trouble.
	    createAndExecute $file
	    list {}
	
.... Test generated KNOWN error:
    while executing
ptolemy.kernel.util.IllegalActionException: Found a zero delay loop containing .HierarchicalModel.A
  in .HierarchicalModel and .HierarchicalModel.A
	at ptolemy.actor.util.CausalityInterfaceForComposites._computeOutputPortDepth(CausalityInterfaceForComposites.java:759)
	at ptolemy.actor.util.CausalityInterfaceForComposites._computeInputDepth(CausalityInterfaceForComposites.java:696)
	at ptolemy.actor.util.CausalityInterfaceForComposites._computeOutputPortDepth(CausalityInterfaceForComposites.java:765)
	at ptolemy.actor.util.CausalityInterfaceForComposites._computeInputDepth(CausalityInterfaceForComposites.java:696)
	at ptolemy.actor.util.CausalityInterfaceForComposites._computeOutputPortDepth(CausalityInterfaceForComposites.java:765)
	at ptolemy.actor.util.CausalityInterfaceForComposites._computeInputDepth(CausalityInterfaceForComposites.java:696)
	at ptolemy.actor.util.CausalityInterfaceForComposites._computeActorDepth(CausalityInterfaceForComposites.java:532)
	at ptolemy.actor.util.CausalityInterfaceForComposites.checkForCycles(CausalityInterfaceForComposites.java:96)
	at ptolemy.domains.de.kernel.DEDirector.preinitialize(DEDirector.java:1337)
	at ptolemy.actor.CompositeActor.preinitialize(CompositeActor.java:1828)
	at ptolemy.actor.Manager.preinitializeAndResolveTypes(Manager.java:1040)
	at ptolemy.actor.Manager.initialize(Manager.java:710)
	at ptolemy.actor.Manager.execute(Manager.java:356)
	at ptolemy.actor.Manager.run(Manager.java:1263)
	at ptolemy.actor.Manager$PtolemyRunThread.run(Manager.java:1915)

    while executing
ptolemy.kernel.util.IllegalActionException: Found a zero delay loop containing .HierarchicalModel.A
  in .HierarchicalModel and .HierarchicalModel.A
    while executing
"java::new ptolemy.moml.MoMLSimpleApplication $file
"
    (procedure "createAndExecute" line 2)
    invoked from within
"createAndExecute $file"
    ("uplevel" body line 5)
    invoked from within
"uplevel $contents_of_test"
------------------ testing $PTII/ptolemy/domains/de/test/auto/knownFailedTests/DirectFeedback.xml (Known Failure) 
4 ms. Memory: 146944K Free: 129871K (88%)


==== $PTIIhome/travis/build/icyphy/ptII/ptolemy/domains/de/test/../../../../: Auto Automatic test in file $PTII/ptolemy/domains/de/test/auto/knownFailedTests/DirectFeedback.xml
==== Contents of test case:

	    # FIXME: we should use $relativeFilename here, but it
	    # might have backslashes under Windows, which causes no end
	    # of trouble.
	    createAndExecute $file
	    list {}
	
.... Test generated KNOWN error:
    while executing
ptolemy.kernel.util.IllegalActionException: Test fails in iteration 1.
Value was: 1.0. Should have been: 2.0
  in .DirectFeedback.Test
	at ptolemy.actor.lib.Test.fire(Test.java:268)
	at ptolemy.domains.de.kernel.DEDirector._fire(DEDirector.java:1948)
	at ptolemy.domains.de.kernel.DEDirector.fire(DEDirector.java:502)
	at ptolemy.actor.CompositeActor.fire(CompositeActor.java:455)
	at ptolemy.actor.Manager.iterate(Manager.java:851)
	at ptolemy.actor.Manager.execute(Manager.java:369)
	at ptolemy.actor.Manager.run(Manager.java:1263)
	at ptolemy.actor.Manager$PtolemyRunThread.run(Manager.java:1915)

    while executing
ptolemy.kernel.util.IllegalActionException: Test fails in iteration 1.
Value was: 1.0. Should have been: 2.0
  in .DirectFeedback.Test
    while executing
"java::new ptolemy.moml.MoMLSimpleApplication $file
"
    (procedure "createAndExecute" line 2)
    invoked from within
"createAndExecute $file"
    ("uplevel" body line 5)
    invoked from within
"uplevel $contents_of_test"
------------------ testing $PTII/ptolemy/domains/de/test/auto/ActorDepthCalculation_actorWithoutPorts.xml
auto.tcl: Setting watchdog for 200 seconds at Thu May 10 16:16:24 UTC 2018
10 ms. Memory: 146944K Free: 121542K (83%)
ptolemy.util.test.WatchDog.cancel(): canceling Thu May 10 16:16:24 UTC 2018
auto.tcl: Setting watchdog for 200 seconds at Thu May 10 16:16:24 UTC 2018
5 ms. Memory: 146944K Free: 120501K (82%)
ptolemy.util.test.WatchDog.cancel(): canceling Thu May 10 16:16:24 UTC 2018
------------------ testing $PTII/ptolemy/domains/de/test/auto/AssemblyLine.xml
auto.tcl: Setting watchdog for 200 seconds at Thu May 10 16:16:24 UTC 2018
20 ms. Memory: 146944K Free: 128818K (88%)
ptolemy.util.test.WatchDog.cancel(): canceling Thu May 10 16:16:24 UTC 2018
auto.tcl: Setting watchdog for 200 seconds at Thu May 10 16:16:24 UTC 2018
7 ms. Memory: 146944K Free: 127772K (87%)
ptolemy.util.test.WatchDog.cancel(): canceling Thu May 10 16:16:24 UTC 2018
------------------ testing $PTII/ptolemy/domains/de/test/auto/CQBug1.xml
auto.tcl: Setting watchdog for 200 seconds at Thu May 10 16:16:24 UTC 2018
3 ms. Memory: 146944K Free: 138022K (94%)
ptolemy.util.test.WatchDog.cancel(): canceling Thu May 10 16:16:24 UTC 2018
auto.tcl: Setting watchdog for 200 seconds at Thu May 10 16:16:24 UTC 2018
3 ms. Memory: 146944K Free: 138022K (94%)
ptolemy.util.test.WatchDog.cancel(): canceling Thu May 10 16:16:24 UTC 2018
------------------ testing $PTII/ptolemy/domains/de/test/auto/CancelFireAt.xml
auto.tcl: Setting watchdog for 200 seconds at Thu May 10 16:16:24 UTC 2018
7 ms. Memory: 146944K Free: 140106K (95%)
ptolemy.util.test.WatchDog.cancel(): canceling Thu May 10 16:16:25 UTC 2018
auto.tcl: Setting watchdog for 200 seconds at Thu May 10 16:16:25 UTC 2018
4 ms. Memory: 146944K Free: 139060K (95%)
ptolemy.util.test.WatchDog.cancel(): canceling Thu May 10 16:16:25 UTC 2018
------------------ testing $PTII/ptolemy/domains/de/test/auto/CausalityAndComposabilityAnalysis.xml
auto.tcl: Setting watchdog for 200 seconds at Thu May 10 16:16:25 UTC 2018
12 ms. Memory: 146944K Free: 136564K (93%)
ptolemy.util.test.WatchDog.cancel(): canceling Thu May 10 16:16:25 UTC 2018
auto.tcl: Setting watchdog for 200 seconds at Thu May 10 16:16:25 UTC 2018
5 ms. Memory: 146944K Free: 136564K (93%)
ptolemy.util.test.WatchDog.cancel(): canceling Thu May 10 16:16:25 UTC 2018
------------------ testing $PTII/ptolemy/domains/de/test/auto/CausalityInterface1.xml
auto.tcl: Setting watchdog for 200 seconds at Thu May 10 16:16:25 UTC 2018
10 ms. Memory: 146944K Free: 136091K (93%)
ptolemy.util.test.WatchDog.cancel(): canceling Thu May 10 16:16:25 UTC 2018
auto.tcl: Setting watchdog for 200 seconds at Thu May 10 16:16:25 UTC 2018
4 ms. Memory: 146944K Free: 135044K (92%)
ptolemy.util.test.WatchDog.cancel(): canceling Thu May 10 16:16:25 UTC 2018
------------------ testing $PTII/ptolemy/domains/de/test/auto/CausalityInterface15.xml
auto.tcl: Setting watchdog for 200 seconds at Thu May 10 16:16:25 UTC 2018
6 ms. Memory: 146944K Free: 135036K (92%)
ptolemy.util.test.WatchDog.cancel(): canceling Thu May 10 16:16:25 UTC 2018
auto.tcl: Setting watchdog for 200 seconds at Thu May 10 16:16:25 UTC 2018
4 ms. Memory: 146944K Free: 133989K (91%)
ptolemy.util.test.WatchDog.cancel(): canceling Thu May 10 16:16:25 UTC 2018
------------------ testing $PTII/ptolemy/domains/de/test/auto/CausalityInterface2.xml
auto.tcl: Setting watchdog for 200 seconds at Thu May 10 16:16:25 UTC 2018
4 ms. Memory: 146944K Free: 136174K (93%)
ptolemy.util.test.WatchDog.cancel(): canceling Thu May 10 16:16:25 UTC 2018
auto.tcl: Setting watchdog for 200 seconds at Thu May 10 16:16:25 UTC 2018
3 ms. Memory: 146944K Free: 136174K (93%)
ptolemy.util.test.WatchDog.cancel(): canceling Thu May 10 16:16:25 UTC 2018
------------------ testing $PTII/ptolemy/domains/de/test/auto/CausalityInterface3.xml
auto.tcl: Setting watchdog for 200 seconds at Thu May 10 16:16:25 UTC 2018
9 ms. Memory: 146944K Free: 136078K (93%)
ptolemy.util.test.WatchDog.cancel(): canceling Thu May 10 16:16:25 UTC 2018
auto.tcl: Setting watchdog for 200 seconds at Thu May 10 16:16:25 UTC 2018
4 ms. Memory: 146944K Free: 135032K (92%)
ptolemy.util.test.WatchDog.cancel(): canceling Thu May 10 16:16:25 UTC 2018
------------------ testing $PTII/ptolemy/domains/de/test/auto/ClockDrift.xml
auto.tcl: Setting watchdog for 200 seconds at Thu May 10 16:16:25 UTC 2018
83 ms. Memory: 146944K Free: 127943K (87%)
ptolemy.util.test.WatchDog.cancel(): canceling Thu May 10 16:16:25 UTC 2018
auto.tcl: Setting watchdog for 200 seconds at Thu May 10 16:16:25 UTC 2018
85 ms. Memory: 146944K Free: 124803K (85%)
ptolemy.util.test.WatchDog.cancel(): canceling Thu May 10 16:16:25 UTC 2018
------------------ testing $PTII/ptolemy/domains/de/test/auto/ClockDriftAndValueChange.xml
auto.tcl: Setting watchdog for 200 seconds at Thu May 10 16:16:25 UTC 2018
50 ms. Memory: 146944K Free: 127779K (87%)
ptolemy.util.test.WatchDog.cancel(): canceling Thu May 10 16:16:25 UTC 2018
auto.tcl: Setting watchdog for 200 seconds at Thu May 10 16:16:25 UTC 2018
27 ms. Memory: 146944K Free: 124640K (85%)
ptolemy.util.test.WatchDog.cancel(): canceling Thu May 10 16:16:25 UTC 2018
------------------ testing $PTII/ptolemy/domains/de/test/auto/ClockDriftChange.xml
auto.tcl: Setting watchdog for 200 seconds at Thu May 10 16:16:26 UTC 2018
38 ms. Memory: 146944K Free: 130469K (89%)
ptolemy.util.test.WatchDog.cancel(): canceling Thu May 10 16:16:26 UTC 2018
auto.tcl: Setting watchdog for 200 seconds at Thu May 10 16:16:26 UTC 2018
38 ms. Memory: 146944K Free: 128376K (87%)
ptolemy.util.test.WatchDog.cancel(): canceling Thu May 10 16:16:26 UTC 2018
------------------ testing $PTII/ptolemy/domains/de/test/auto/ComposableCausalityAnalysis.xml
auto.tcl: Setting watchdog for 200 seconds at Thu May 10 16:16:26 UTC 2018
2 ms. Memory: 146944K Free: 134893K (92%)
ptolemy.util.test.WatchDog.cancel(): canceling Thu May 10 16:16:26 UTC 2018
auto.tcl: Setting watchdog for 200 seconds at Thu May 10 16:16:26 UTC 2018
4 ms. Memory: 146944K Free: 133847K (91%)
ptolemy.util.test.WatchDog.cancel(): canceling Thu May 10 16:16:26 UTC 2018
------------------ testing $PTII/ptolemy/domains/de/test/auto/DEFixedPointLimitation.xml
auto.tcl: Setting watchdog for 200 seconds at Thu May 10 16:16:26 UTC 2018
2 ms. Memory: 146944K Free: 136020K (93%)
ptolemy.util.test.WatchDog.cancel(): canceling Thu May 10 16:16:26 UTC 2018
auto.tcl: Setting watchdog for 200 seconds at Thu May 10 16:16:26 UTC 2018
1 ms. Memory: 146944K Free: 136020K (93%)
ptolemy.util.test.WatchDog.cancel(): canceling Thu May 10 16:16:26 UTC 2018
------------------ testing $PTII/ptolemy/domains/de/test/auto/DEScheduleTest.xml
auto.tcl: Setting watchdog for 200 seconds at Thu May 10 16:16:26 UTC 2018
4 ms. Memory: 146944K Free: 137102K (93%)
ptolemy.util.test.WatchDog.cancel(): canceling Thu May 10 16:16:26 UTC 2018
auto.tcl: Setting watchdog for 200 seconds at Thu May 10 16:16:26 UTC 2018
3 ms. Memory: 146944K Free: 136055K (93%)
ptolemy.util.test.WatchDog.cancel(): canceling Thu May 10 16:16:26 UTC 2018
------------------ testing $PTII/ptolemy/domains/de/test/auto/DEinDEwithStartTimes.xml
auto.tcl: Setting watchdog for 200 seconds at Thu May 10 16:16:26 UTC 2018
7 ms. Memory: 146944K Free: 136025K (93%)
ptolemy.util.test.WatchDog.cancel(): canceling Thu May 10 16:16:26 UTC 2018
auto.tcl: Setting watchdog for 200 seconds at Thu May 10 16:16:26 UTC 2018
4 ms. Memory: 146944K Free: 133932K (91%)
ptolemy.util.test.WatchDog.cancel(): canceling Thu May 10 16:16:26 UTC 2018
------------------ testing $PTII/ptolemy/domains/de/test/auto/DEinDEwithStartTimes2.xml
auto.tcl: Setting watchdog for 200 seconds at Thu May 10 16:16:26 UTC 2018
8 ms. Memory: 146944K Free: 134958K (92%)
ptolemy.util.test.WatchDog.cancel(): canceling Thu May 10 16:16:26 UTC 2018
auto.tcl: Setting watchdog for 200 seconds at Thu May 10 16:16:26 UTC 2018
5 ms. Memory: 146944K Free: 133911K (91%)
ptolemy.util.test.WatchDog.cancel(): canceling Thu May 10 16:16:26 UTC 2018
------------------ testing $PTII/ptolemy/domains/de/test/auto/DateDemo.xml
auto.tcl: Setting watchdog for 200 seconds at Thu May 10 16:16:26 UTC 2018
17 ms. Memory: 146944K Free: 129070K (88%)
ptolemy.util.test.WatchDog.cancel(): canceling Thu May 10 16:16:26 UTC 2018
auto.tcl: Setting watchdog for 200 seconds at Thu May 10 16:16:26 UTC 2018
9 ms. Memory: 146944K Free: 126977K (86%)
ptolemy.util.test.WatchDog.cancel(): canceling Thu May 10 16:16:26 UTC 2018
------------------ testing $PTII/ptolemy/domains/de/test/auto/DateToEvent.xml
auto.tcl: Setting watchdog for 200 seconds at Thu May 10 16:16:26 UTC 2018
2017 ms. Memory: 146944K Free: 123215K (84%)
ptolemy.util.test.WatchDog.cancel(): canceling Thu May 10 16:16:28 UTC 2018
auto.tcl: Setting watchdog for 200 seconds at Thu May 10 16:16:28 UTC 2018
2007 ms. Memory: 146944K Free: 120939K (82%)
ptolemy.util.test.WatchDog.cancel(): canceling Thu May 10 16:16:30 UTC 2018
------------------ testing $PTII/ptolemy/domains/de/test/auto/DepthTest1.xml
auto.tcl: Setting watchdog for 200 seconds at Thu May 10 16:16:31 UTC 2018
4 ms. Memory: 146944K Free: 137952K (94%)
ptolemy.util.test.WatchDog.cancel(): canceling Thu May 10 16:16:31 UTC 2018
auto.tcl: Setting watchdog for 200 seconds at Thu May 10 16:16:31 UTC 2018
1 ms. Memory: 146944K Free: 137952K (94%)
ptolemy.util.test.WatchDog.cancel(): canceling Thu May 10 16:16:31 UTC 2018
------------------ testing $PTII/ptolemy/domains/de/test/auto/DepthTest2.xml
auto.tcl: Setting watchdog for 200 seconds at Thu May 10 16:16:31 UTC 2018
5 ms. Memory: 146944K Free: 133658K (91%)
ptolemy.util.test.WatchDog.cancel(): canceling Thu May 10 16:16:31 UTC 2018
auto.tcl: Setting watchdog for 200 seconds at Thu May 10 16:16:31 UTC 2018
3 ms. Memory: 146944K Free: 133548K (91%)
ptolemy.util.test.WatchDog.cancel(): canceling Thu May 10 16:16:31 UTC 2018
------------------ testing $PTII/ptolemy/domains/de/test/auto/DepthTest3.xml
auto.tcl: Setting watchdog for 200 seconds at Thu May 10 16:16:31 UTC 2018
3 ms. Memory: 146944K Free: 138394K (94%)
ptolemy.util.test.WatchDog.cancel(): canceling Thu May 10 16:16:31 UTC 2018
auto.tcl: Setting watchdog for 200 seconds at Thu May 10 16:16:31 UTC 2018
2 ms. Memory: 146944K Free: 137347K (93%)
ptolemy.util.test.WatchDog.cancel(): canceling Thu May 10 16:16:31 UTC 2018
------------------ testing $PTII/ptolemy/domains/de/test/auto/DepthTest4.xml
auto.tcl: Setting watchdog for 200 seconds at Thu May 10 16:16:31 UTC 2018
5 ms. Memory: 146944K Free: 135664K (92%)
ptolemy.util.test.WatchDog.cancel(): canceling Thu May 10 16:16:31 UTC 2018
auto.tcl: Setting watchdog for 200 seconds at Thu May 10 16:16:31 UTC 2018
6 ms. Memory: 146944K Free: 134617K (92%)
ptolemy.util.test.WatchDog.cancel(): canceling Thu May 10 16:16:31 UTC 2018
------------------ testing $PTII/ptolemy/domains/de/test/auto/DepthTest5.xml
auto.tcl: Setting watchdog for 200 seconds at Thu May 10 16:16:31 UTC 2018
4 ms. Memory: 146944K Free: 134672K (92%)
ptolemy.util.test.WatchDog.cancel(): canceling Thu May 10 16:16:31 UTC 2018
auto.tcl: Setting watchdog for 200 seconds at Thu May 10 16:16:31 UTC 2018
3 ms. Memory: 146944K Free: 134672K (92%)
ptolemy.util.test.WatchDog.cancel(): canceling Thu May 10 16:16:31 UTC 2018
------------------ testing $PTII/ptolemy/domains/de/test/auto/DepthTest6.xml
auto.tcl: Setting watchdog for 200 seconds at Thu May 10 16:16:31 UTC 2018
4 ms. Memory: 146944K Free: 134538K (92%)
ptolemy.util.test.WatchDog.cancel(): canceling Thu May 10 16:16:31 UTC 2018
auto.tcl: Setting watchdog for 200 seconds at Thu May 10 16:16:31 UTC 2018
2 ms. Memory: 146944K Free: 134538K (92%)
ptolemy.util.test.WatchDog.cancel(): canceling Thu May 10 16:16:31 UTC 2018
------------------ testing $PTII/ptolemy/domains/de/test/auto/DepthTest7.xml
auto.tcl: Setting watchdog for 200 seconds at Thu May 10 16:16:31 UTC 2018
3 ms. Memory: 146944K Free: 135583K (92%)
ptolemy.util.test.WatchDog.cancel(): canceling Thu May 10 16:16:31 UTC 2018
auto.tcl: Setting watchdog for 200 seconds at Thu May 10 16:16:31 UTC 2018
3 ms. Memory: 146944K Free: 134536K (92%)
ptolemy.util.test.WatchDog.cancel(): canceling Thu May 10 16:16:31 UTC 2018
------------------ testing $PTII/ptolemy/domains/de/test/auto/EventToDate.xml
auto.tcl: Setting watchdog for 200 seconds at Thu May 10 16:16:31 UTC 2018
3010 ms. Memory: 146944K Free: 125140K (85%)
ptolemy.util.test.WatchDog.cancel(): canceling Thu May 10 16:16:34 UTC 2018
auto.tcl: Setting watchdog for 200 seconds at Thu May 10 16:16:34 UTC 2018
3004 ms. Memory: 146944K Free: 125140K (85%)
ptolemy.util.test.WatchDog.cancel(): canceling Thu May 10 16:16:37 UTC 2018
------------------ testing $PTII/ptolemy/domains/de/test/auto/FSM1.xml
auto.tcl: Setting watchdog for 200 seconds at Thu May 10 16:16:37 UTC 2018
23 ms. Memory: 146944K Free: 127571K (87%)
ptolemy.util.test.WatchDog.cancel(): canceling Thu May 10 16:16:37 UTC 2018
auto.tcl: Setting watchdog for 200 seconds at Thu May 10 16:16:37 UTC 2018
16 ms. Memory: 146944K Free: 124431K (85%)
ptolemy.util.test.WatchDog.cancel(): canceling Thu May 10 16:16:37 UTC 2018
------------------ testing $PTII/ptolemy/domains/de/test/auto/FSM7.xml
auto.tcl: Setting watchdog for 200 seconds at Thu May 10 16:16:37 UTC 2018
17 ms. Memory: 146944K Free: 126731K (86%)
ptolemy.util.test.WatchDog.cancel(): canceling Thu May 10 16:16:37 UTC 2018
auto.tcl: Setting watchdog for 200 seconds at Thu May 10 16:16:37 UTC 2018
17 ms. Memory: 146944K Free: 123591K (84%)
ptolemy.util.test.WatchDog.cancel(): canceling Thu May 10 16:16:37 UTC 2018
------------------ testing $PTII/ptolemy/domains/de/test/auto/Inspection.xml
auto.tcl: Setting watchdog for 200 seconds at Thu May 10 16:16:37 UTC 2018
48 ms. Memory: 146944K Free: 127514K (87%)
ptolemy.util.test.WatchDog.cancel(): canceling Thu May 10 16:16:38 UTC 2018
auto.tcl: Setting watchdog for 200 seconds at Thu May 10 16:16:38 UTC 2018
47 ms. Memory: 146944K Free: 125421K (85%)
ptolemy.util.test.WatchDog.cancel(): canceling Thu May 10 16:16:38 UTC 2018
------------------ testing $PTII/ptolemy/domains/de/test/auto/Iteration.xml
auto.tcl: Setting watchdog for 200 seconds at Thu May 10 16:16:38 UTC 2018
10 ms. Memory: 146944K Free: 133411K (91%)
ptolemy.util.test.WatchDog.cancel(): canceling Thu May 10 16:16:38 UTC 2018
auto.tcl: Setting watchdog for 200 seconds at Thu May 10 16:16:38 UTC 2018
8 ms. Memory: 146944K Free: 132255K (90%)
ptolemy.util.test.WatchDog.cancel(): canceling Thu May 10 16:16:38 UTC 2018
------------------ testing $PTII/ptolemy/domains/de/test/auto/LineFault.xml
auto.tcl: Setting watchdog for 200 seconds at Thu May 10 16:16:38 UTC 2018
738 ms. Memory: 146944K Free: 136764K (93%)
ptolemy.util.test.WatchDog.cancel(): canceling Thu May 10 16:16:39 UTC 2018
auto.tcl: Setting watchdog for 200 seconds at Thu May 10 16:16:39 UTC 2018
697 ms. Memory: 146944K Free: 80857K (55%)
ptolemy.util.test.WatchDog.cancel(): canceling Thu May 10 16:16:39 UTC 2018
------------------ testing $PTII/ptolemy/domains/de/test/auto/MergeModel1Add.xml
auto.tcl: Setting watchdog for 200 seconds at Thu May 10 16:16:40 UTC 2018
27 ms. Memory: 209920K Free: 180188K (86%)
ptolemy.util.test.WatchDog.cancel(): canceling Thu May 10 16:16:40 UTC 2018
auto.tcl: Setting watchdog for 200 seconds at Thu May 10 16:16:40 UTC 2018
12 ms. Memory: 209920K Free: 178311K (85%)
ptolemy.util.test.WatchDog.cancel(): canceling Thu May 10 16:16:40 UTC 2018
------------------ testing $PTII/ptolemy/domains/de/test/auto/MergeModel2Add.xml
auto.tcl: Setting watchdog for 200 seconds at Thu May 10 16:16:40 UTC 2018
11 ms. Memory: 210432K Free: 182040K (87%)
ptolemy.util.test.WatchDog.cancel(): canceling Thu May 10 16:16:40 UTC 2018
auto.tcl: Setting watchdog for 200 seconds at Thu May 10 16:16:40 UTC 2018
12 ms. Memory: 210432K Free: 180162K (86%)
ptolemy.util.test.WatchDog.cancel(): canceling Thu May 10 16:16:40 UTC 2018
------------------ testing $PTII/ptolemy/domains/de/test/auto/MergeModel3Add.xml
auto.tcl: Setting watchdog for 200 seconds at Thu May 10 16:16:40 UTC 2018
13 ms. Memory: 209920K Free: 183327K (87%)
ptolemy.util.test.WatchDog.cancel(): canceling Thu May 10 16:16:40 UTC 2018
auto.tcl: Setting watchdog for 200 seconds at Thu May 10 16:16:40 UTC 2018
10 ms. Memory: 209920K Free: 181442K (86%)
ptolemy.util.test.WatchDog.cancel(): canceling Thu May 10 16:16:40 UTC 2018
------------------ testing $PTII/ptolemy/domains/de/test/auto/MergeWithoutDiscard.xml
auto.tcl: Setting watchdog for 200 seconds at Thu May 10 16:16:40 UTC 2018
5 ms. Memory: 210432K Free: 197905K (94%)
ptolemy.util.test.WatchDog.cancel(): canceling Thu May 10 16:16:40 UTC 2018
auto.tcl: Setting watchdog for 200 seconds at Thu May 10 16:16:40 UTC 2018
2 ms. Memory: 210432K Free: 197905K (94%)
ptolemy.util.test.WatchDog.cancel(): canceling Thu May 10 16:16:40 UTC 2018
------------------ testing $PTII/ptolemy/domains/de/test/auto/Modal1.xml
auto.tcl: Setting watchdog for 200 seconds at Thu May 10 16:16:40 UTC 2018
19 ms. Memory: 210432K Free: 187482K (89%)
ptolemy.util.test.WatchDog.cancel(): canceling Thu May 10 16:16:40 UTC 2018
auto.tcl: Setting watchdog for 200 seconds at Thu May 10 16:16:40 UTC 2018
31 ms. Memory: 210432K Free: 183711K (87%)
ptolemy.util.test.WatchDog.cancel(): canceling Thu May 10 16:16:40 UTC 2018
------------------ testing $PTII/ptolemy/domains/de/test/auto/Modal2.xml
auto.tcl: Setting watchdog for 200 seconds at Thu May 10 16:16:40 UTC 2018
22 ms. Memory: 210432K Free: 189896K (90%)
ptolemy.util.test.WatchDog.cancel(): canceling Thu May 10 16:16:40 UTC 2018
auto.tcl: Setting watchdog for 200 seconds at Thu May 10 16:16:40 UTC 2018
18 ms. Memory: 210432K Free: 186124K (88%)
ptolemy.util.test.WatchDog.cancel(): canceling Thu May 10 16:16:40 UTC 2018
------------------ testing $PTII/ptolemy/domains/de/test/auto/Modal3.xml
auto.tcl: Setting watchdog for 200 seconds at Thu May 10 16:16:40 UTC 2018
12 ms. Memory: 210432K Free: 189747K (90%)
ptolemy.util.test.WatchDog.cancel(): canceling Thu May 10 16:16:40 UTC 2018
auto.tcl: Setting watchdog for 200 seconds at Thu May 10 16:16:40 UTC 2018
13 ms. Memory: 210432K Free: 185914K (88%)
ptolemy.util.test.WatchDog.cancel(): canceling Thu May 10 16:16:40 UTC 2018
------------------ testing $PTII/ptolemy/domains/de/test/auto/Modal4.xml
auto.tcl: Setting watchdog for 200 seconds at Thu May 10 16:16:40 UTC 2018
15 ms. Memory: 208384K Free: 187632K (90%)
ptolemy.util.test.WatchDog.cancel(): canceling Thu May 10 16:16:41 UTC 2018
auto.tcl: Setting watchdog for 200 seconds at Thu May 10 16:16:41 UTC 2018
15 ms. Memory: 208384K Free: 183860K (88%)
ptolemy.util.test.WatchDog.cancel(): canceling Thu May 10 16:16:41 UTC 2018
------------------ testing $PTII/ptolemy/domains/de/test/auto/Modal5.xml
auto.tcl: Setting watchdog for 200 seconds at Thu May 10 16:16:41 UTC 2018
13 ms. Memory: 209920K Free: 189155K (90%)
ptolemy.util.test.WatchDog.cancel(): canceling Thu May 10 16:16:41 UTC 2018
auto.tcl: Setting watchdog for 200 seconds at Thu May 10 16:16:41 UTC 2018
15 ms. Memory: 209920K Free: 185383K (88%)
ptolemy.util.test.WatchDog.cancel(): canceling Thu May 10 16:16:41 UTC 2018
------------------ testing $PTII/ptolemy/domains/de/test/auto/Modal6.xml
auto.tcl: Setting watchdog for 200 seconds at Thu May 10 16:16:41 UTC 2018
12 ms. Memory: 209920K Free: 189181K (90%)
ptolemy.util.test.WatchDog.cancel(): canceling Thu May 10 16:16:41 UTC 2018
auto.tcl: Setting watchdog for 200 seconds at Thu May 10 16:16:41 UTC 2018
15 ms. Memory: 209920K Free: 185409K (88%)
ptolemy.util.test.WatchDog.cancel(): canceling Thu May 10 16:16:41 UTC 2018
------------------ testing $PTII/ptolemy/domains/de/test/auto/Modal7.xml
auto.tcl: Setting watchdog for 200 seconds at Thu May 10 16:16:41 UTC 2018
16 ms. Memory: 209920K Free: 187266K (89%)
ptolemy.util.test.WatchDog.cancel(): canceling Thu May 10 16:16:41 UTC 2018
auto.tcl: Setting watchdog for 200 seconds at Thu May 10 16:16:41 UTC 2018
13 ms. Memory: 209920K Free: 185381K (88%)
ptolemy.util.test.WatchDog.cancel(): canceling Thu May 10 16:16:41 UTC 2018
------------------ testing $PTII/ptolemy/domains/de/test/auto/ModalModel.xml
auto.tcl: Setting watchdog for 200 seconds at Thu May 10 16:16:41 UTC 2018
257 ms. Memory: 209920K Free: 128625K (61%)
ptolemy.util.test.WatchDog.cancel(): canceling Thu May 10 16:16:41 UTC 2018
auto.tcl: Setting watchdog for 200 seconds at Thu May 10 16:16:41 UTC 2018
238 ms. Memory: 209920K Free: 196434K (94%)
ptolemy.util.test.WatchDog.cancel(): canceling Thu May 10 16:16:42 UTC 2018
------------------ testing $PTII/ptolemy/domains/de/test/auto/ModalSource.xml
auto.tcl: Setting watchdog for 200 seconds at Thu May 10 16:16:42 UTC 2018
13 ms. Memory: 209920K Free: 194214K (93%)
ptolemy.util.test.WatchDog.cancel(): canceling Thu May 10 16:16:42 UTC 2018
auto.tcl: Setting watchdog for 200 seconds at Thu May 10 16:16:42 UTC 2018
8 ms. Memory: 209920K Free: 192469K (92%)
ptolemy.util.test.WatchDog.cancel(): canceling Thu May 10 16:16:42 UTC 2018
------------------ testing $PTII/ptolemy/domains/de/test/auto/NonInterruptibleTimerZeroDelay.xml
auto.tcl: Setting watchdog for 200 seconds at Thu May 10 16:16:42 UTC 2018
4 ms. Memory: 336896K Free: 325385K (97%)
ptolemy.util.test.WatchDog.cancel(): canceling Thu May 10 16:16:42 UTC 2018
auto.tcl: Setting watchdog for 200 seconds at Thu May 10 16:16:42 UTC 2018
3 ms. Memory: 336896K Free: 321911K (96%)
ptolemy.util.test.WatchDog.cancel(): canceling Thu May 10 16:16:42 UTC 2018
------------------ testing $PTII/ptolemy/domains/de/test/auto/OpenQueueingNetwork.xml
auto.tcl: Setting watchdog for 200 seconds at Thu May 10 16:16:42 UTC 2018
3508 ms. Memory: 336384K Free: 180850K (54%)
ptolemy.util.test.WatchDog.cancel(): canceling Thu May 10 16:16:45 UTC 2018
auto.tcl: Setting watchdog for 200 seconds at Thu May 10 16:16:45 UTC 2018
2225 ms. Memory: 314880K Free: 91410K (29%)
ptolemy.util.test.WatchDog.cancel(): canceling Thu May 10 16:16:48 UTC 2018
------------------ testing $PTII/ptolemy/domains/de/test/auto/OpenQueuingNetwork.xml
auto.tcl: Setting watchdog for 200 seconds at Thu May 10 16:16:48 UTC 2018
255 ms. Memory: 313344K Free: 212485K (68%)
ptolemy.util.test.WatchDog.cancel(): canceling Thu May 10 16:16:48 UTC 2018
auto.tcl: Setting watchdog for 200 seconds at Thu May 10 16:16:48 UTC 2018
238 ms. Memory: 313344K Free: 151644K (48%)
ptolemy.util.test.WatchDog.cancel(): canceling Thu May 10 16:16:48 UTC 2018
------------------ testing $PTII/ptolemy/domains/de/test/auto/PeriodicSampler.xml
auto.tcl: Setting watchdog for 200 seconds at Thu May 10 16:16:48 UTC 2018
3 ms. Memory: 314880K Free: 300839K (96%)
ptolemy.util.test.WatchDog.cancel(): canceling Thu May 10 16:16:48 UTC 2018
auto.tcl: Setting watchdog for 200 seconds at Thu May 10 16:16:48 UTC 2018
2 ms. Memory: 314880K Free: 297594K (95%)
ptolemy.util.test.WatchDog.cancel(): canceling Thu May 10 16:16:48 UTC 2018
------------------ testing $PTII/ptolemy/domains/de/test/auto/PersistentIO.xml
auto.tcl: Setting watchdog for 200 seconds at Thu May 10 16:16:49 UTC 2018
6 ms. Memory: 313344K Free: 293492K (94%)
ptolemy.util.test.WatchDog.cancel(): canceling Thu May 10 16:16:49 UTC 2018
auto.tcl: Setting watchdog for 200 seconds at Thu May 10 16:16:49 UTC 2018
5 ms. Memory: 313344K Free: 290264K (93%)
ptolemy.util.test.WatchDog.cancel(): canceling Thu May 10 16:16:49 UTC 2018
------------------ testing $PTII/ptolemy/domains/de/test/auto/PortParameterResetOnInitialize.xml
auto.tcl: Setting watchdog for 200 seconds at Thu May 10 16:16:49 UTC 2018
3 ms. Memory: 314880K Free: 298103K (95%)
ptolemy.util.test.WatchDog.cancel(): canceling Thu May 10 16:16:49 UTC 2018
auto.tcl: Setting watchdog for 200 seconds at Thu May 10 16:16:49 UTC 2018
2 ms. Memory: 314880K Free: 298103K (95%)
ptolemy.util.test.WatchDog.cancel(): canceling Thu May 10 16:16:49 UTC 2018
------------------ testing $PTII/ptolemy/domains/de/test/auto/PortParameterUpdates.xml
auto.tcl: Setting watchdog for 200 seconds at Thu May 10 16:16:49 UTC 2018
4 ms. Memory: 313344K Free: 296716K (95%)
ptolemy.util.test.WatchDog.cancel(): canceling Thu May 10 16:16:49 UTC 2018
auto.tcl: Setting watchdog for 200 seconds at Thu May 10 16:16:49 UTC 2018
3 ms. Memory: 313344K Free: 293472K (94%)
ptolemy.util.test.WatchDog.cancel(): canceling Thu May 10 16:16:49 UTC 2018
------------------ testing $PTII/ptolemy/domains/de/test/auto/QueueAndServer.xml
auto.tcl: Setting watchdog for 200 seconds at Thu May 10 16:16:49 UTC 2018
18 ms. Memory: 314368K Free: 297656K (95%)
ptolemy.util.test.WatchDog.cancel(): canceling Thu May 10 16:16:49 UTC 2018
auto.tcl: Setting watchdog for 200 seconds at Thu May 10 16:16:49 UTC 2018
8 ms. Memory: 314368K Free: 294428K (94%)
ptolemy.util.test.WatchDog.cancel(): canceling Thu May 10 16:16:49 UTC 2018
------------------ testing $PTII/ptolemy/domains/de/test/auto/Records.xml
auto.tcl: Setting watchdog for 200 seconds at Thu May 10 16:16:49 UTC 2018
12 ms. Memory: 313344K Free: 296558K (95%)
ptolemy.util.test.WatchDog.cancel(): canceling Thu May 10 16:16:49 UTC 2018
auto.tcl: Setting watchdog for 200 seconds at Thu May 10 16:16:49 UTC 2018
2 ms. Memory: 313344K Free: 296558K (95%)
ptolemy.util.test.WatchDog.cancel(): canceling Thu May 10 16:16:49 UTC 2018
------------------ testing $PTII/ptolemy/domains/de/test/auto/ResetTransitionWithStartTime1.xml
auto.tcl: Setting watchdog for 200 seconds at Thu May 10 16:16:49 UTC 2018
13 ms. Memory: 314368K Free: 296730K (94%)
ptolemy.util.test.WatchDog.cancel(): canceling Thu May 10 16:16:49 UTC 2018
auto.tcl: Setting watchdog for 200 seconds at Thu May 10 16:16:49 UTC 2018
8 ms. Memory: 314368K Free: 296681K (94%)
ptolemy.util.test.WatchDog.cancel(): canceling Thu May 10 16:16:49 UTC 2018
------------------ testing $PTII/ptolemy/domains/de/test/auto/ResetTransitionWithStartTime2.xml
auto.tcl: Setting watchdog for 200 seconds at Thu May 10 16:16:49 UTC 2018
14 ms. Memory: 313344K Free: 295696K (94%)
ptolemy.util.test.WatchDog.cancel(): canceling Thu May 10 16:16:49 UTC 2018
auto.tcl: Setting watchdog for 200 seconds at Thu May 10 16:16:49 UTC 2018
7 ms. Memory: 313344K Free: 295696K (94%)
ptolemy.util.test.WatchDog.cancel(): canceling Thu May 10 16:16:49 UTC 2018
------------------ testing $PTII/ptolemy/domains/de/test/auto/ResetTransitionWithStartTime3.xml
auto.tcl: Setting watchdog for 200 seconds at Thu May 10 16:16:49 UTC 2018
5 ms. Memory: 314368K Free: 294213K (94%)
ptolemy.util.test.WatchDog.cancel(): canceling Thu May 10 16:16:49 UTC 2018
auto.tcl: Setting watchdog for 200 seconds at Thu May 10 16:16:49 UTC 2018
7 ms. Memory: 314368K Free: 294213K (94%)
ptolemy.util.test.WatchDog.cancel(): canceling Thu May 10 16:16:49 UTC 2018
------------------ testing $PTII/ptolemy/domains/de/test/auto/ResetTransitionWithStartTime4.xml
auto.tcl: Setting watchdog for 200 seconds at Thu May 10 16:16:49 UTC 2018
5 ms. Memory: 313344K Free: 295569K (94%)
ptolemy.util.test.WatchDog.cancel(): canceling Thu May 10 16:16:49 UTC 2018
auto.tcl: Setting watchdog for 200 seconds at Thu May 10 16:16:49 UTC 2018
4 ms. Memory: 313344K Free: 295569K (94%)
ptolemy.util.test.WatchDog.cancel(): canceling Thu May 10 16:16:49 UTC 2018
------------------ testing $PTII/ptolemy/domains/de/test/auto/ResettableTimer1.xml
auto.tcl: Setting watchdog for 200 seconds at Thu May 10 16:16:49 UTC 2018
7 ms. Memory: 313856K Free: 296986K (95%)
ptolemy.util.test.WatchDog.cancel(): canceling Thu May 10 16:16:49 UTC 2018
auto.tcl: Setting watchdog for 200 seconds at Thu May 10 16:16:49 UTC 2018
2 ms. Memory: 313856K Free: 296986K (95%)
ptolemy.util.test.WatchDog.cancel(): canceling Thu May 10 16:16:49 UTC 2018
------------------ testing $PTII/ptolemy/domains/de/test/auto/ResettableTimer2.xml
auto.tcl: Setting watchdog for 200 seconds at Thu May 10 16:16:49 UTC 2018
3 ms. Memory: 313344K Free: 296541K (95%)
ptolemy.util.test.WatchDog.cancel(): canceling Thu May 10 16:16:49 UTC 2018
auto.tcl: Setting watchdog for 200 seconds at Thu May 10 16:16:49 UTC 2018
3 ms. Memory: 313344K Free: 296541K (95%)
ptolemy.util.test.WatchDog.cancel(): canceling Thu May 10 16:16:49 UTC 2018
------------------ testing $PTII/ptolemy/domains/de/test/auto/ResettableTimer3.xml
auto.tcl: Setting watchdog for 200 seconds at Thu May 10 16:16:49 UTC 2018
1 ms. Memory: 313856K Free: 297012K (95%)
ptolemy.util.test.WatchDog.cancel(): canceling Thu May 10 16:16:49 UTC 2018
auto.tcl: Setting watchdog for 200 seconds at Thu May 10 16:16:49 UTC 2018
1 ms. Memory: 313856K Free: 297012K (95%)
ptolemy.util.test.WatchDog.cancel(): canceling Thu May 10 16:16:49 UTC 2018
------------------ testing $PTII/ptolemy/domains/de/test/auto/ResettableTimer4.xml
auto.tcl: Setting watchdog for 200 seconds at Thu May 10 16:16:49 UTC 2018
1 ms. Memory: 313344K Free: 296561K (95%)
ptolemy.util.test.WatchDog.cancel(): canceling Thu May 10 16:16:50 UTC 2018
auto.tcl: Setting watchdog for 200 seconds at Thu May 10 16:16:50 UTC 2018
2 ms. Memory: 313344K Free: 296561K (95%)
ptolemy.util.test.WatchDog.cancel(): canceling Thu May 10 16:16:50 UTC 2018
------------------ testing $PTII/ptolemy/domains/de/test/auto/ResettableTimer5.xml
auto.tcl: Setting watchdog for 200 seconds at Thu May 10 16:16:50 UTC 2018
7 ms. Memory: 313856K Free: 297007K (95%)
ptolemy.util.test.WatchDog.cancel(): canceling Thu May 10 16:16:50 UTC 2018
auto.tcl: Setting watchdog for 200 seconds at Thu May 10 16:16:50 UTC 2018
1 ms. Memory: 313856K Free: 297007K (95%)
ptolemy.util.test.WatchDog.cancel(): canceling Thu May 10 16:16:50 UTC 2018
------------------ testing $PTII/ptolemy/domains/de/test/auto/ResettableTimer6.xml
auto.tcl: Setting watchdog for 200 seconds at Thu May 10 16:16:50 UTC 2018
2 ms. Memory: 313344K Free: 298764K (95%)
ptolemy.util.test.WatchDog.cancel(): canceling Thu May 10 16:16:50 UTC 2018
auto.tcl: Setting watchdog for 200 seconds at Thu May 10 16:16:50 UTC 2018
2 ms. Memory: 313344K Free: 298764K (95%)
ptolemy.util.test.WatchDog.cancel(): canceling Thu May 10 16:16:50 UTC 2018
------------------ testing $PTII/ptolemy/domains/de/test/auto/ServerZeroDelay.xml
auto.tcl: Setting watchdog for 200 seconds at Thu May 10 16:16:50 UTC 2018
4 ms. Memory: 313856K Free: 302559K (96%)
ptolemy.util.test.WatchDog.cancel(): canceling Thu May 10 16:16:50 UTC 2018
auto.tcl: Setting watchdog for 200 seconds at Thu May 10 16:16:50 UTC 2018
7 ms. Memory: 313856K Free: 299315K (95%)
ptolemy.util.test.WatchDog.cancel(): canceling Thu May 10 16:16:50 UTC 2018
------------------ testing $PTII/ptolemy/domains/de/test/auto/SmartSender.xml
auto.tcl: Setting watchdog for 200 seconds at Thu May 10 16:16:50 UTC 2018
3001 ms. Memory: 313344K Free: 296479K (95%)
ptolemy.util.test.WatchDog.cancel(): canceling Thu May 10 16:16:53 UTC 2018
auto.tcl: Setting watchdog for 200 seconds at Thu May 10 16:16:53 UTC 2018
3002 ms. Memory: 313344K Free: 296479K (95%)
ptolemy.util.test.WatchDog.cancel(): canceling Thu May 10 16:16:56 UTC 2018
------------------ testing $PTII/ptolemy/domains/de/test/auto/ThreadedComposite.xml
auto.tcl: Setting watchdog for 200 seconds at Thu May 10 16:16:56 UTC 2018
267 ms. Memory: 313856K Free: 276566K (88%)
ptolemy.util.test.WatchDog.cancel(): canceling Thu May 10 16:16:56 UTC 2018
auto.tcl: Setting watchdog for 200 seconds at Thu May 10 16:16:56 UTC 2018
208 ms. Memory: 313856K Free: 260815K (83%)
ptolemy.util.test.WatchDog.cancel(): canceling Thu May 10 16:16:56 UTC 2018
------------------ testing $PTII/ptolemy/domains/de/test/auto/Time.xml
auto.tcl: Setting watchdog for 200 seconds at Thu May 10 16:16:56 UTC 2018
670 ms. Memory: 313344K Free: 245130K (78%)
ptolemy.util.test.WatchDog.cancel(): canceling Thu May 10 16:16:57 UTC 2018
auto.tcl: Setting watchdog for 200 seconds at Thu May 10 16:16:57 UTC 2018
628 ms. Memory: 313344K Free: 190244K (61%)
ptolemy.util.test.WatchDog.cancel(): canceling Thu May 10 16:16:58 UTC 2018
------------------ testing $PTII/ptolemy/domains/de/test/auto/TimeDelayZeroDelay.xml
auto.tcl: Setting watchdog for 200 seconds at Thu May 10 16:16:58 UTC 2018
2 ms. Memory: 313856K Free: 299858K (96%)
ptolemy.util.test.WatchDog.cancel(): canceling Thu May 10 16:16:58 UTC 2018
auto.tcl: Setting watchdog for 200 seconds at Thu May 10 16:16:58 UTC 2018
2 ms. Memory: 313856K Free: 299858K (96%)
ptolemy.util.test.WatchDog.cancel(): canceling Thu May 10 16:16:58 UTC 2018
------------------ testing $PTII/ptolemy/domains/de/test/auto/TimerZeroDelay.xml
auto.tcl: Setting watchdog for 200 seconds at Thu May 10 16:16:58 UTC 2018
2 ms. Memory: 313344K Free: 299421K (96%)
ptolemy.util.test.WatchDog.cancel(): canceling Thu May 10 16:16:58 UTC 2018
auto.tcl: Setting watchdog for 200 seconds at Thu May 10 16:16:58 UTC 2018
2 ms. Memory: 313344K Free: 299421K (96%)
ptolemy.util.test.WatchDog.cancel(): canceling Thu May 10 16:16:58 UTC 2018
------------------ testing $PTII/ptolemy/domains/de/test/auto/TimingParadox.xml
auto.tcl: Setting watchdog for 200 seconds at Thu May 10 16:16:58 UTC 2018
391 ms. Memory: 313856K Free: 233136K (74%)
ptolemy.util.test.WatchDog.cancel(): canceling Thu May 10 16:16:58 UTC 2018
auto.tcl: Setting watchdog for 200 seconds at Thu May 10 16:16:58 UTC 2018
350 ms. Memory: 313856K Free: 198282K (63%)
ptolemy.util.test.WatchDog.cancel(): canceling Thu May 10 16:16:59 UTC 2018
------------------ testing $PTII/ptolemy/domains/de/test/auto/TransferInputs.xml
auto.tcl: Setting watchdog for 200 seconds at Thu May 10 16:16:59 UTC 2018
12 ms. Memory: 313856K Free: 298829K (95%)
ptolemy.util.test.WatchDog.cancel(): canceling Thu May 10 16:16:59 UTC 2018
auto.tcl: Setting watchdog for 200 seconds at Thu May 10 16:16:59 UTC 2018
1 ms. Memory: 313856K Free: 298829K (95%)
ptolemy.util.test.WatchDog.cancel(): canceling Thu May 10 16:16:59 UTC 2018
------------------ testing $PTII/ptolemy/domains/de/test/auto/TransferOutputs2.xml
auto.tcl: Setting watchdog for 200 seconds at Thu May 10 16:16:59 UTC 2018
4 ms. Memory: 313344K Free: 294192K (94%)
ptolemy.util.test.WatchDog.cancel(): canceling Thu May 10 16:16:59 UTC 2018
auto.tcl: Setting watchdog for 200 seconds at Thu May 10 16:16:59 UTC 2018
4 ms. Memory: 313344K Free: 294192K (94%)
ptolemy.util.test.WatchDog.cancel(): canceling Thu May 10 16:16:59 UTC 2018
------------------ testing $PTII/ptolemy/domains/de/test/auto/Trilateration.xml
auto.tcl: Setting watchdog for 200 seconds at Thu May 10 16:16:59 UTC 2018
13612 ms. Memory: 377856K Free: 136162K (36%)
ptolemy.util.test.WatchDog.cancel(): canceling Thu May 10 16:17:14 UTC 2018
auto.tcl: Setting watchdog for 200 seconds at Thu May 10 16:17:14 UTC 2018
10157 ms. Memory: 266240K Free: 87272K (33%)
ptolemy.util.test.WatchDog.cancel(): canceling Thu May 10 16:17:24 UTC 2018
------------------ testing $PTII/ptolemy/domains/de/test/auto/TwoSigmaDelta.xml
auto.tcl: Setting watchdog for 200 seconds at Thu May 10 16:17:24 UTC 2018
2964 ms. Memory: 258048K Free: 144066K (56%)
ptolemy.util.test.WatchDog.cancel(): canceling Thu May 10 16:17:27 UTC 2018
auto.tcl: Setting watchdog for 200 seconds at Thu May 10 16:17:27 UTC 2018
2233 ms. Memory: 249344K Free: 80527K (32%)
ptolemy.util.test.WatchDog.cancel(): canceling Thu May 10 16:17:30 UTC 2018
------------------ testing $PTII/ptolemy/domains/de/test/auto/VariableDelay.xml
auto.tcl: Setting watchdog for 200 seconds at Thu May 10 16:17:30 UTC 2018
3 ms. Memory: 250880K Free: 236196K (94%)
ptolemy.util.test.WatchDog.cancel(): canceling Thu May 10 16:17:30 UTC 2018
auto.tcl: Setting watchdog for 200 seconds at Thu May 10 16:17:30 UTC 2018
2 ms. Memory: 250880K Free: 236196K (94%)
ptolemy.util.test.WatchDog.cancel(): canceling Thu May 10 16:17:30 UTC 2018
------------------ testing $PTII/ptolemy/domains/de/test/auto/VariableDelay2.xml
auto.tcl: Setting watchdog for 200 seconds at Thu May 10 16:17:30 UTC 2018
2 ms. Memory: 249344K Free: 236748K (95%)
ptolemy.util.test.WatchDog.cancel(): canceling Thu May 10 16:17:30 UTC 2018
auto.tcl: Setting watchdog for 200 seconds at Thu May 10 16:17:30 UTC 2018
2 ms. Memory: 249344K Free: 236748K (95%)
ptolemy.util.test.WatchDog.cancel(): canceling Thu May 10 16:17:30 UTC 2018
------------------ testing $PTII/ptolemy/domains/de/test/auto/VariableDelayZeroDelay.xml
auto.tcl: Setting watchdog for 200 seconds at Thu May 10 16:17:30 UTC 2018
4 ms. Memory: 250880K Free: 236604K (94%)
ptolemy.util.test.WatchDog.cancel(): canceling Thu May 10 16:17:30 UTC 2018
auto.tcl: Setting watchdog for 200 seconds at Thu May 10 16:17:30 UTC 2018
2 ms. Memory: 250880K Free: 236604K (94%)
ptolemy.util.test.WatchDog.cancel(): canceling Thu May 10 16:17:30 UTC 2018
------------------ testing $PTII/ptolemy/domains/de/test/auto/VariableDelayZeroDelay2.xml
auto.tcl: Setting watchdog for 200 seconds at Thu May 10 16:17:30 UTC 2018
8 ms. Memory: 249344K Free: 235082K (94%)
ptolemy.util.test.WatchDog.cancel(): canceling Thu May 10 16:17:30 UTC 2018
auto.tcl: Setting watchdog for 200 seconds at Thu May 10 16:17:30 UTC 2018
2 ms. Memory: 249344K Free: 235082K (94%)
ptolemy.util.test.WatchDog.cancel(): canceling Thu May 10 16:17:30 UTC 2018
------------------ testing $PTII/ptolemy/domains/de/test/auto/deInCt.xml
auto.tcl: Setting watchdog for 200 seconds at Thu May 10 16:17:30 UTC 2018
0
1
1
1
0
0
0
0
1
1
1
0
0
0
0
0
1
1
1
0
0
1
1
1
0
0
0
1
1
1
0
0
0
1
1
0
0
0
0
0
0
8 ms. Memory: 250368K Free: 236085K (94%)
ptolemy.util.test.WatchDog.cancel(): canceling Thu May 10 16:17:30 UTC 2018
auto.tcl: Setting watchdog for 200 seconds at Thu May 10 16:17:30 UTC 2018
0
1
1
0
0
0
1
1
1
0
0
0
0
1
1
1
1
0
0
1
1
1
0
0
0
0
1
1
0
0
0
0
0
0
6 ms. Memory: 250368K Free: 233588K (93%)
ptolemy.util.test.WatchDog.cancel(): canceling Thu May 10 16:17:30 UTC 2018
------------------ testing $PTII/ptolemy/domains/de/test/auto/deInCt2.xml
auto.tcl: Setting watchdog for 200 seconds at Thu May 10 16:17:30 UTC 2018
0
1
1
1
0
0
1
1
1
0
0
1
1
1
0
0
1
1
1
0
0
1
1
1
0
0
1
1
1
0
0
1
1
1
0
0
1
1
1
0
0
0
12 ms. Memory: 249344K Free: 235061K (94%)
ptolemy.util.test.WatchDog.cancel(): canceling Thu May 10 16:17:30 UTC 2018
auto.tcl: Setting watchdog for 200 seconds at Thu May 10 16:17:30 UTC 2018
0
1
1
1
0
0
1
1
1
0
0
1
1
1
0
0
1
1
1
0
0
1
1
1
0
0
1
1
1
0
0
1
1
1
0
0
1
1
1
0
0
0
7 ms. Memory: 249344K Free: 232564K (93%)
ptolemy.util.test.WatchDog.cancel(): canceling Thu May 10 16:17:30 UTC 2018
------------------ testing $PTII/ptolemy/domains/de/test/auto/dynamicCausalityInterface1.xml
auto.tcl: Setting watchdog for 200 seconds at Thu May 10 16:17:30 UTC 2018
2 ms. Memory: 250368K Free: 232784K (93%)
ptolemy.util.test.WatchDog.cancel(): canceling Thu May 10 16:17:30 UTC 2018
auto.tcl: Setting watchdog for 200 seconds at Thu May 10 16:17:30 UTC 2018
1 ms. Memory: 250368K Free: 230288K (92%)
ptolemy.util.test.WatchDog.cancel(): canceling Thu May 10 16:17:30 UTC 2018
------------------ testing $PTII/ptolemy/domains/de/test/auto/fsm_de_test.xml
auto.tcl: Setting watchdog for 200 seconds at Thu May 10 16:17:30 UTC 2018
12 ms. Memory: 249344K Free: 229976K (92%)
ptolemy.util.test.WatchDog.cancel(): canceling Thu May 10 16:17:30 UTC 2018
auto.tcl: Setting watchdog for 200 seconds at Thu May 10 16:17:30 UTC 2018
6 ms. Memory: 249344K Free: 227479K (91%)
ptolemy.util.test.WatchDog.cancel(): canceling Thu May 10 16:17:30 UTC 2018
------------------ testing $PTII/ptolemy/domains/de/test/auto/functionDependencyReconstruction.xml
auto.tcl: Setting watchdog for 200 seconds at Thu May 10 16:17:30 UTC 2018
3 ms. Memory: 249856K Free: 223042K (89%)
ptolemy.util.test.WatchDog.cancel(): canceling Thu May 10 16:17:30 UTC 2018
auto.tcl: Setting watchdog for 200 seconds at Thu May 10 16:17:30 UTC 2018
4 ms. Memory: 249856K Free: 223042K (89%)
ptolemy.util.test.WatchDog.cancel(): canceling Thu May 10 16:17:30 UTC 2018
------------------ testing $PTII/ptolemy/domains/de/test/auto/multirate.xml
auto.tcl: Setting watchdog for 200 seconds at Thu May 10 16:17:31 UTC 2018
7 ms. Memory: 249344K Free: 234019K (94%)
ptolemy.util.test.WatchDog.cancel(): canceling Thu May 10 16:17:31 UTC 2018
auto.tcl: Setting watchdog for 200 seconds at Thu May 10 16:17:31 UTC 2018
3 ms. Memory: 249344K Free: 234017K (94%)
ptolemy.util.test.WatchDog.cancel(): canceling Thu May 10 16:17:31 UTC 2018
------------------ testing $PTII/ptolemy/domains/de/test/auto/multirate2.xml
auto.tcl: Setting watchdog for 200 seconds at Thu May 10 16:17:31 UTC 2018
3 ms. Memory: 249856K Free: 234719K (94%)
ptolemy.util.test.WatchDog.cancel(): canceling Thu May 10 16:17:31 UTC 2018
auto.tcl: Setting watchdog for 200 seconds at Thu May 10 16:17:31 UTC 2018
3 ms. Memory: 249856K Free: 234719K (94%)
ptolemy.util.test.WatchDog.cancel(): canceling Thu May 10 16:17:31 UTC 2018
------------------ testing $PTII/ptolemy/domains/de/test/auto/realtime.xml
auto.tcl: Setting watchdog for 200 seconds at Thu May 10 16:17:31 UTC 2018
10001 ms. Memory: 249344K Free: 236685K (95%)
ptolemy.util.test.WatchDog.cancel(): canceling Thu May 10 16:17:41 UTC 2018
auto.tcl: Setting watchdog for 200 seconds at Thu May 10 16:17:41 UTC 2018
10001 ms. Memory: 249344K Free: 236685K (95%)
ptolemy.util.test.WatchDog.cancel(): canceling Thu May 10 16:17:51 UTC 2018
------------------ testing $PTII/ptolemy/domains/de/test/auto/relationGroup.xml
auto.tcl: Setting watchdog for 200 seconds at Thu May 10 16:17:51 UTC 2018
2 ms. Memory: 249856K Free: 237240K (95%)
ptolemy.util.test.WatchDog.cancel(): canceling Thu May 10 16:17:51 UTC 2018
auto.tcl: Setting watchdog for 200 seconds at Thu May 10 16:17:51 UTC 2018
1 ms. Memory: 249856K Free: 237240K (95%)
ptolemy.util.test.WatchDog.cancel(): canceling Thu May 10 16:17:51 UTC 2018
------------------ testing $PTII/ptolemy/domains/de/test/auto/relationGroup2.xml
auto.tcl: Setting watchdog for 200 seconds at Thu May 10 16:17:51 UTC 2018
1 ms. Memory: 249344K Free: 237557K (95%)
ptolemy.util.test.WatchDog.cancel(): canceling Thu May 10 16:17:51 UTC 2018
auto.tcl: Setting watchdog for 200 seconds at Thu May 10 16:17:51 UTC 2018
1 ms. Memory: 249344K Free: 235076K (94%)
ptolemy.util.test.WatchDog.cancel(): canceling Thu May 10 16:17:51 UTC 2018
------------------ testing $PTII/ptolemy/domains/de/test/auto/sortWithOpaquePorts.xml
auto.tcl: Setting watchdog for 200 seconds at Thu May 10 16:17:51 UTC 2018
5 ms. Memory: 249856K Free: 235581K (94%)
ptolemy.util.test.WatchDog.cancel(): canceling Thu May 10 16:17:51 UTC 2018
auto.tcl: Setting watchdog for 200 seconds at Thu May 10 16:17:51 UTC 2018
1 ms. Memory: 249856K Free: 235581K (94%)
ptolemy.util.test.WatchDog.cancel(): canceling Thu May 10 16:17:51 UTC 2018
------------------ testing $PTII/ptolemy/domains/de/test/auto/transferInputsandOutputs.xml
auto.tcl: Setting watchdog for 200 seconds at Thu May 10 16:17:51 UTC 2018
2 ms. Memory: 249344K Free: 232573K (93%)
ptolemy.util.test.WatchDog.cancel(): canceling Thu May 10 16:17:51 UTC 2018
auto.tcl: Setting watchdog for 200 seconds at Thu May 10 16:17:51 UTC 2018
2 ms. Memory: 249344K Free: 232573K (93%)
ptolemy.util.test.WatchDog.cancel(): canceling Thu May 10 16:17:51 UTC 2018
------------------ testing $PTII/ptolemy/domains/de/test/auto/triggerType.xml
auto.tcl: Setting watchdog for 200 seconds at Thu May 10 16:17:51 UTC 2018
2 ms. Memory: 249856K Free: 235519K (94%)
ptolemy.util.test.WatchDog.cancel(): canceling Thu May 10 16:17:51 UTC 2018
auto.tcl: Setting watchdog for 200 seconds at Thu May 10 16:17:51 UTC 2018
1 ms. Memory: 249856K Free: 235519K (94%)
ptolemy.util.test.WatchDog.cancel(): canceling Thu May 10 16:17:51 UTC 2018
05/10/18 04:17:51
Failed: 0  Total Tests: 192  ((Passed: 187, Newly Passed: 1)  Known Failed: 5) /home/travis/build/icyphy/ptII/ptolemy/domains/de/test
05/10/18 04:17:51
Failed: 0  Total Tests: 192  ((Passed: 187, Newly Passed: 1)  Known Failed: 5) /home/travis/build/icyphy/ptII/ptolemy/domains/de/test
----------------- testing (KnownFailure) /home/travis/build/icyphy/ptII/ptolemy/domains/de/test/auto/knownFailedTests/DESDFClockTest.xml
2008 ms. Memory: 249344K Free: 227469K (91%)
Known Failure: java.lang.reflect.InvocationTargetException
----------------- testing (KnownFailure) /home/travis/build/icyphy/ptII/ptolemy/domains/de/test/auto/knownFailedTests/DirectFeedback.xml
1 ms. Memory: 249344K Free: 214034K (86%)
Known Failure: java.lang.reflect.InvocationTargetException
----------------- testing (KnownFailure) /home/travis/build/icyphy/ptII/ptolemy/domains/de/test/auto/knownFailedTests/FSMSource.xml
5 ms. Memory: 249344K Free: 197224K (79%)
----------------- testing (KnownFailure) /home/travis/build/icyphy/ptII/ptolemy/domains/de/test/auto/knownFailedTests/HierarchicalModel.xml
2 ms. Memory: 249344K Free: 177039K (71%)
Known Failure: java.lang.reflect.InvocationTargetException
----------------- testing (KnownFailure) /home/travis/build/icyphy/ptII/ptolemy/domains/de/test/auto/knownFailedTests/dependencyLoop.xml
2 ms. Memory: 249344K Free: 150145K (60%)
Known Failure: java.lang.reflect.InvocationTargetException
----------------- testing (KnownFailure) /home/travis/build/icyphy/ptII/ptolemy/domains/de/test/auto/knownFailedTests/dependencyLoop2.xml
2 ms. Memory: 249344K Free: 123243K (49%)
Known Failure: java.lang.reflect.InvocationTargetException
No auto/*.xml tests in /home/travis/build/icyphy/ptII/ptolemy/domains/de/test
AutoTests.java: About to close Vertx.
AutoTests.java: Vertx closed.
----------------- testing Thu May 10 16:17:53 UTC 2018 /home/travis/build/icyphy/ptII/ptolemy/domains/de/test/auto/ActorDepthCalculation_actorWithoutPorts.xml
----------------- Instantiating /home/travis/build/icyphy/ptII/ptolemy/domains/de/test/auto/ActorDepthCalculation_actorWithoutPorts.xml
2 ms. Memory: 249344K Free: 103082K (41%)
----------------- Invoking toplevel() on ptolemy.moml.MoMLSimpleApplication@42eead6b
----------------- Done invoking toplevel() on ptolemy.moml.MoMLSimpleApplication@42eead6b
reloadAllAccessors: .ActorDepthCalculation_actorWithoutPorts
----------------- testing Thu May 10 16:17:53 UTC 2018 /home/travis/build/icyphy/ptII/ptolemy/domains/de/test/auto/AssemblyLine.xml
----------------- Instantiating /home/travis/build/icyphy/ptII/ptolemy/domains/de/test/auto/AssemblyLine.xml
2 ms. Memory: 249344K Free: 92998K (37%)
----------------- Invoking toplevel() on ptolemy.moml.MoMLSimpleApplication@3401d180
----------------- Done invoking toplevel() on ptolemy.moml.MoMLSimpleApplication@3401d180
reloadAllAccessors: .AssemblyLine
----------------- testing Thu May 10 16:17:53 UTC 2018 /home/travis/build/icyphy/ptII/ptolemy/domains/de/test/auto/CQBug1.xml
----------------- Instantiating /home/travis/build/icyphy/ptII/ptolemy/domains/de/test/auto/CQBug1.xml
0 ms. Memory: 249344K Free: 86280K (35%)
----------------- Invoking toplevel() on ptolemy.moml.MoMLSimpleApplication@5ae4a2ef
----------------- Done invoking toplevel() on ptolemy.moml.MoMLSimpleApplication@5ae4a2ef
reloadAllAccessors: .CQBug1
----------------- testing Thu May 10 16:17:53 UTC 2018 /home/travis/build/icyphy/ptII/ptolemy/domains/de/test/auto/CancelFireAt.xml
----------------- Instantiating /home/travis/build/icyphy/ptII/ptolemy/domains/de/test/auto/CancelFireAt.xml
1 ms. Memory: 249344K Free: 77082K (31%)
----------------- Invoking toplevel() on ptolemy.moml.MoMLSimpleApplication@74cb3284
----------------- Done invoking toplevel() on ptolemy.moml.MoMLSimpleApplication@74cb3284
reloadAllAccessors: .CancelFireAt
----------------- testing Thu May 10 16:17:53 UTC 2018 /home/travis/build/icyphy/ptII/ptolemy/domains/de/test/auto/CausalityAndComposabilityAnalysis.xml
----------------- Instantiating /home/travis/build/icyphy/ptII/ptolemy/domains/de/test/auto/CausalityAndComposabilityAnalysis.xml
1 ms. Memory: 243200K Free: 231855K (95%)
----------------- Invoking toplevel() on ptolemy.moml.MoMLSimpleApplication@68500e79
----------------- Done invoking toplevel() on ptolemy.moml.MoMLSimpleApplication@68500e79
reloadAllAccessors: .CausalityAndComposabilityAnalysis
----------------- testing Thu May 10 16:17:53 UTC 2018 /home/travis/build/icyphy/ptII/ptolemy/domains/de/test/auto/CausalityInterface1.xml
----------------- Instantiating /home/travis/build/icyphy/ptII/ptolemy/domains/de/test/auto/CausalityInterface1.xml
4 ms. Memory: 243200K Free: 223828K (92%)
----------------- Invoking toplevel() on ptolemy.moml.MoMLSimpleApplication@36625d2d
----------------- Done invoking toplevel() on ptolemy.moml.MoMLSimpleApplication@36625d2d
reloadAllAccessors: .CausalityInterface1
----------------- testing Thu May 10 16:17:53 UTC 2018 /home/travis/build/icyphy/ptII/ptolemy/domains/de/test/auto/CausalityInterface15.xml
----------------- Instantiating /home/travis/build/icyphy/ptII/ptolemy/domains/de/test/auto/CausalityInterface15.xml
2 ms. Memory: 243200K Free: 215732K (89%)
----------------- Invoking toplevel() on ptolemy.moml.MoMLSimpleApplication@699f1738
----------------- Done invoking toplevel() on ptolemy.moml.MoMLSimpleApplication@699f1738
reloadAllAccessors: .CausalityInterface15
----------------- testing Thu May 10 16:17:53 UTC 2018 /home/travis/build/icyphy/ptII/ptolemy/domains/de/test/auto/CausalityInterface2.xml
----------------- Instantiating /home/travis/build/icyphy/ptII/ptolemy/domains/de/test/auto/CausalityInterface2.xml
1 ms. Memory: 243200K Free: 209265K (86%)
----------------- Invoking toplevel() on ptolemy.moml.MoMLSimpleApplication@2b4f5c5d
----------------- Done invoking toplevel() on ptolemy.moml.MoMLSimpleApplication@2b4f5c5d
reloadAllAccessors: .CausalityInterface2
----------------- testing Thu May 10 16:17:53 UTC 2018 /home/travis/build/icyphy/ptII/ptolemy/domains/de/test/auto/CausalityInterface3.xml
[...]
java.lang.RuntimeException: Execution failed
	at ptolemy.moml.MoMLSimpleApplication$UnloadThread.run(MoMLSimpleApplication.java:402)
Caused by: ptolemy.kernel.util.IllegalActionException: Test fails in iteration 1.
Value was: 1.0. Should have been: 2.0
  in .DirectFeedback.Test
	at ptolemy.actor.lib.Test.fire(Test.java:268)
	at ptolemy.domains.de.kernel.DEDirector._fire(DEDirector.java:1948)
	at ptolemy.domains.de.kernel.DEDirector.fire(DEDirector.java:502)
	at ptolemy.actor.CompositeActor.fire(CompositeActor.java:455)
	at ptolemy.actor.Manager.iterate(Manager.java:851)
	at ptolemy.actor.Manager.execute(Manager.java:369)
	at ptolemy.actor.Manager.run(Manager.java:1263)
	at ptolemy.actor.Manager$PtolemyRunThread.run(Manager.java:1915)
java.lang.RuntimeException: Execution failed
	at ptolemy.moml.MoMLSimpleApplication$UnloadThread.run(MoMLSimpleApplication.java:402)
Caused by: ptolemy.kernel.util.IllegalActionException: Actor is not ready to fire.  Perhaps UpSample.prefire() returned false? Try debugging the actor by selecting "Listen to Actor".  Also, for SDF check moml for tokenConsumptionRate on input.
  in .DESDFClockTest.Play Bell.Copy1:SDF Director and .DESDFClockTest.Play Bell.UpSample
	at ptolemy.actor.sched.StaticSchedulingDirector.fire(StaticSchedulingDirector.java:227)
	at ptolemy.domains.sdf.kernel.SDFDirector.fire(SDFDirector.java:500)
	at ptolemy.actor.CompositeActor.fire(CompositeActor.java:455)
	at ptolemy.domains.de.kernel.DEDirector._fire(DEDirector.java:1948)
	at ptolemy.domains.de.kernel.DEDirector.fire(DEDirector.java:502)
	at ptolemy.actor.CompositeActor.fire(CompositeActor.java:455)
	at ptolemy.actor.Manager.iterate(Manager.java:851)
	at ptolemy.actor.Manager.execute(Manager.java:369)
	at ptolemy.actor.Manager.run(Manager.java:1263)
	at ptolemy.actor.Manager$PtolemyRunThread.run(Manager.java:1915)
java.lang.reflect.InvocationTargetException
	at sun.reflect.NativeConstructorAccessorImpl.newInstance0(Native Method)
	at sun.reflect.NativeConstructorAccessorImpl.newInstance(NativeConstructorAccessorImpl.java:62)
	at sun.reflect.DelegatingConstructorAccessorImpl.newInstance(DelegatingConstructorAccessorImpl.java:45)
	at java.lang.reflect.Constructor.newInstance(Constructor.java:423)
	at ptolemy.util.test.junit.AutoKnownFailedTests.RunModel(AutoKnownFailedTests.java:107)
	at sun.reflect.NativeMethodAccessorImpl.invoke0(Native Method)
	at sun.reflect.NativeMethodAccessorImpl.invoke(NativeMethodAccessorImpl.java:62)
	at sun.reflect.DelegatingMethodAccessorImpl.invoke(DelegatingMethodAccessorImpl.java:43)
	at java.lang.reflect.Method.invoke(Method.java:498)
	at org.junit.runners.model.FrameworkMethod$1.runReflectiveCall(FrameworkMethod.java:44)
	at org.junit.internal.runners.model.ReflectiveCallable.run(ReflectiveCallable.java:15)
	at org.junit.runners.model.FrameworkMethod.invokeExplosively(FrameworkMethod.java:41)
	at junitparams.internal.InvokeParameterisedMethod.evaluate(InvokeParameterisedMethod.java:102)
	at org.junit.internal.runners.statements.FailOnTimeout$1.run(FailOnTimeout.java:28)
Caused by: ptolemy.kernel.util.IllegalActionException: Actor is not ready to fire.  Perhaps UpSample.prefire() returned false? Try debugging the actor by selecting "Listen to Actor".  Also, for SDF check moml for tokenConsumptionRate on input.
  in .DESDFClockTest.Play Bell.Copy1:SDF Director and .DESDFClockTest.Play Bell.UpSample
	at ptolemy.actor.sched.StaticSchedulingDirector.fire(StaticSchedulingDirector.java:227)
	at ptolemy.domains.sdf.kernel.SDFDirector.fire(SDFDirector.java:500)
	at ptolemy.actor.CompositeActor.fire(CompositeActor.java:455)
	at ptolemy.domains.de.kernel.DEDirector._fire(DEDirector.java:1948)
	at ptolemy.domains.de.kernel.DEDirector.fire(DEDirector.java:502)
	at ptolemy.actor.CompositeActor.fire(CompositeActor.java:455)
	at ptolemy.actor.Manager.iterate(Manager.java:851)
	at ptolemy.actor.Manager.execute(Manager.java:369)
	at ptolemy.actor.Manager.run(Manager.java:1263)
	at ptolemy.actor.Manager$PtolemyRunThread.run(Manager.java:1915)
java.lang.RuntimeException: Execution failed
	at ptolemy.moml.MoMLSimpleApplication$UnloadThread.run(MoMLSimpleApplication.java:402)
Caused by: ptolemy.kernel.util.IllegalActionException: Test fails in iteration 1.
Value was: 1.0. Should have been: 2.0
  in .DirectFeedback.Test
	at ptolemy.actor.lib.Test.fire(Test.java:268)
	at ptolemy.domains.de.kernel.DEDirector._fire(DEDirector.java:1948)
	at ptolemy.domains.de.kernel.DEDirector.fire(DEDirector.java:502)
	at ptolemy.actor.CompositeActor.fire(CompositeActor.java:455)
	at ptolemy.actor.Manager.iterate(Manager.java:851)
	at ptolemy.actor.Manager.execute(Manager.java:369)
	at ptolemy.actor.Manager.run(Manager.java:1263)
	at ptolemy.actor.Manager$PtolemyRunThread.run(Manager.java:1915)
java.lang.reflect.InvocationTargetException
	at sun.reflect.NativeConstructorAccessorImpl.newInstance0(Native Method)
	at sun.reflect.NativeConstructorAccessorImpl.newInstance(NativeConstructorAccessorImpl.java:62)
	at sun.reflect.DelegatingConstructorAccessorImpl.newInstance(DelegatingConstructorAccessorImpl.java:45)
	at java.lang.reflect.Constructor.newInstance(Constructor.java:423)
	at ptolemy.util.test.junit.AutoKnownFailedTests.RunModel(AutoKnownFailedTests.java:107)
	at sun.reflect.NativeMethodAccessorImpl.invoke0(Native Method)
	at sun.reflect.NativeMethodAccessorImpl.invoke(NativeMethodAccessorImpl.java:62)
	at sun.reflect.DelegatingMethodAccessorImpl.invoke(DelegatingMethodAccessorImpl.java:43)
	at java.lang.reflect.Method.invoke(Method.java:498)
	at org.junit.runners.model.FrameworkMethod$1.runReflectiveCall(FrameworkMethod.java:44)
	at org.junit.internal.runners.model.ReflectiveCallable.run(ReflectiveCallable.java:15)
	at org.junit.runners.model.FrameworkMethod.invokeExplosively(FrameworkMethod.java:41)
	at junitparams.internal.InvokeParameterisedMethod.evaluate(InvokeParameterisedMethod.java:102)
	at org.junit.internal.runners.statements.FailOnTimeout$1.run(FailOnTimeout.java:28)
Caused by: ptolemy.kernel.util.IllegalActionException: Test fails in iteration 1.
Value was: 1.0. Should have been: 2.0
  in .DirectFeedback.Test
	at ptolemy.actor.lib.Test.fire(Test.java:268)
	at ptolemy.domains.de.kernel.DEDirector._fire(DEDirector.java:1948)
	at ptolemy.domains.de.kernel.DEDirector.fire(DEDirector.java:502)
	at ptolemy.actor.CompositeActor.fire(CompositeActor.java:455)
	at ptolemy.actor.Manager.iterate(Manager.java:851)
	at ptolemy.actor.Manager.execute(Manager.java:369)
	at ptolemy.actor.Manager.run(Manager.java:1263)
	at ptolemy.actor.Manager$PtolemyRunThread.run(Manager.java:1915)
java.lang.RuntimeException: Execution failed
	at ptolemy.moml.MoMLSimpleApplication$UnloadThread.run(MoMLSimpleApplication.java:402)
Caused by: ptolemy.kernel.util.IllegalActionException: Found a zero delay loop containing .HierarchicalModel.A
  in .HierarchicalModel and .HierarchicalModel.A
	at ptolemy.actor.util.CausalityInterfaceForComposites._computeOutputPortDepth(CausalityInterfaceForComposites.java:759)
	at ptolemy.actor.util.CausalityInterfaceForComposites._computeInputDepth(CausalityInterfaceForComposites.java:696)
	at ptolemy.actor.util.CausalityInterfaceForComposites._computeOutputPortDepth(CausalityInterfaceForComposites.java:765)
	at ptolemy.actor.util.CausalityInterfaceForComposites._computeInputDepth(CausalityInterfaceForComposites.java:696)
	at ptolemy.actor.util.CausalityInterfaceForComposites._computeOutputPortDepth(CausalityInterfaceForComposites.java:765)
	at ptolemy.actor.util.CausalityInterfaceForComposites._computeInputDepth(CausalityInterfaceForComposites.java:696)
	at ptolemy.actor.util.CausalityInterfaceForComposites._computeActorDepth(CausalityInterfaceForComposites.java:532)
	at ptolemy.actor.util.CausalityInterfaceForComposites.checkForCycles(CausalityInterfaceForComposites.java:96)
	at ptolemy.domains.de.kernel.DEDirector.preinitialize(DEDirector.java:1337)
	at ptolemy.actor.CompositeActor.preinitialize(CompositeActor.java:1828)
	at ptolemy.actor.Manager.preinitializeAndResolveTypes(Manager.java:1040)
	at ptolemy.actor.Manager.initialize(Manager.java:710)
	at ptolemy.actor.Manager.execute(Manager.java:356)
	at ptolemy.actor.Manager.run(Manager.java:1263)
	at ptolemy.actor.Manager$PtolemyRunThread.run(Manager.java:1915)
java.lang.reflect.InvocationTargetException
	at sun.reflect.NativeConstructorAccessorImpl.newInstance0(Native Method)
	at sun.reflect.NativeConstructorAccessorImpl.newInstance(NativeConstructorAccessorImpl.java:62)
	at sun.reflect.DelegatingConstructorAccessorImpl.newInstance(DelegatingConstructorAccessorImpl.java:45)
	at java.lang.reflect.Constructor.newInstance(Constructor.java:423)
	at ptolemy.util.test.junit.AutoKnownFailedTests.RunModel(AutoKnownFailedTests.java:107)
	at sun.reflect.NativeMethodAccessorImpl.invoke0(Native Method)
	at sun.reflect.NativeMethodAccessorImpl.invoke(NativeMethodAccessorImpl.java:62)
	at sun.reflect.DelegatingMethodAccessorImpl.invoke(DelegatingMethodAccessorImpl.java:43)
	at java.lang.reflect.Method.invoke(Method.java:498)
	at org.junit.runners.model.FrameworkMethod$1.runReflectiveCall(FrameworkMethod.java:44)
	at org.junit.internal.runners.model.ReflectiveCallable.run(ReflectiveCallable.java:15)
	at org.junit.runners.model.FrameworkMethod.invokeExplosively(FrameworkMethod.java:41)
	at junitparams.internal.InvokeParameterisedMethod.evaluate(InvokeParameterisedMethod.java:102)
	at org.junit.internal.runners.statements.FailOnTimeout$1.run(FailOnTimeout.java:28)
Caused by: ptolemy.kernel.util.IllegalActionException: Found a zero delay loop containing .HierarchicalModel.A
  in .HierarchicalModel and .HierarchicalModel.A
	at ptolemy.actor.util.CausalityInterfaceForComposites._computeOutputPortDepth(CausalityInterfaceForComposites.java:759)
	at ptolemy.actor.util.CausalityInterfaceForComposites._computeInputDepth(CausalityInterfaceForComposites.java:696)
	at ptolemy.actor.util.CausalityInterfaceForComposites._computeOutputPortDepth(CausalityInterfaceForComposites.java:765)
	at ptolemy.actor.util.CausalityInterfaceForComposites._computeInputDepth(CausalityInterfaceForComposites.java:696)
	at ptolemy.actor.util.CausalityInterfaceForComposites._computeOutputPortDepth(CausalityInterfaceForComposites.java:765)
	at ptolemy.actor.util.CausalityInterfaceForComposites._computeInputDepth(CausalityInterfaceForComposites.java:696)
	at ptolemy.actor.util.CausalityInterfaceForComposites._computeActorDepth(CausalityInterfaceForComposites.java:532)
	at ptolemy.actor.util.CausalityInterfaceForComposites.checkForCycles(CausalityInterfaceForComposites.java:96)
	at ptolemy.domains.de.kernel.DEDirector.preinitialize(DEDirector.java:1337)
	at ptolemy.actor.CompositeActor.preinitialize(CompositeActor.java:1828)
	at ptolemy.actor.Manager.preinitializeAndResolveTypes(Manager.java:1040)
	at ptolemy.actor.Manager.initialize(Manager.java:710)
	at ptolemy.actor.Manager.execute(Manager.java:356)
	at ptolemy.actor.Manager.run(Manager.java:1263)
	at ptolemy.actor.Manager$PtolemyRunThread.run(Manager.java:1915)
java.lang.RuntimeException: Execution failed
	at ptolemy.moml.MoMLSimpleApplication$UnloadThread.run(MoMLSimpleApplication.java:402)
Caused by: ptolemy.kernel.util.IllegalActionException: Found a zero delay loop containing .dependencyLoop.original
  in .dependencyLoop and .dependencyLoop.original
	at ptolemy.actor.util.CausalityInterfaceForComposites._computeOutputPortDepth(CausalityInterfaceForComposites.java:759)
	at ptolemy.actor.util.CausalityInterfaceForComposites._computeInputDepth(CausalityInterfaceForComposites.java:696)
	at ptolemy.actor.util.CausalityInterfaceForComposites._computeOutputPortDepth(CausalityInterfaceForComposites.java:765)
	at ptolemy.actor.util.CausalityInterfaceForComposites._computeInputDepth(CausalityInterfaceForComposites.java:696)
	at ptolemy.actor.util.CausalityInterfaceForComposites._computeOutputPortDepth(CausalityInterfaceForComposites.java:765)
	at ptolemy.actor.util.CausalityInterfaceForComposites._computeInputDepth(CausalityInterfaceForComposites.java:696)
	at ptolemy.actor.util.CausalityInterfaceForComposites._computeActorDepth(CausalityInterfaceForComposites.java:532)
	at ptolemy.actor.util.CausalityInterfaceForComposites.checkForCycles(CausalityInterfaceForComposites.java:96)
	at ptolemy.domains.de.kernel.DEDirector.preinitialize(DEDirector.java:1337)
	at ptolemy.actor.CompositeActor.preinitialize(CompositeActor.java:1828)
	at ptolemy.actor.Manager.preinitializeAndResolveTypes(Manager.java:1040)
	at ptolemy.actor.Manager.initialize(Manager.java:710)
	at ptolemy.actor.Manager.execute(Manager.java:356)
	at ptolemy.actor.Manager.run(Manager.java:1263)
	at ptolemy.actor.Manager$PtolemyRunThread.run(Manager.java:1915)
java.lang.reflect.InvocationTargetException
	at sun.reflect.NativeConstructorAccessorImpl.newInstance0(Native Method)
	at sun.reflect.NativeConstructorAccessorImpl.newInstance(NativeConstructorAccessorImpl.java:62)
	at sun.reflect.DelegatingConstructorAccessorImpl.newInstance(DelegatingConstructorAccessorImpl.java:45)
	at java.lang.reflect.Constructor.newInstance(Constructor.java:423)
	at ptolemy.util.test.junit.AutoKnownFailedTests.RunModel(AutoKnownFailedTests.java:107)
	at sun.reflect.NativeMethodAccessorImpl.invoke0(Native Method)
	at sun.reflect.NativeMethodAccessorImpl.invoke(NativeMethodAccessorImpl.java:62)
	at sun.reflect.DelegatingMethodAccessorImpl.invoke(DelegatingMethodAccessorImpl.java:43)
	at java.lang.reflect.Method.invoke(Method.java:498)
	at org.junit.runners.model.FrameworkMethod$1.runReflectiveCall(FrameworkMethod.java:44)
	at org.junit.internal.runners.model.ReflectiveCallable.run(ReflectiveCallable.java:15)
	at org.junit.runners.model.FrameworkMethod.invokeExplosively(FrameworkMethod.java:41)
	at junitparams.internal.InvokeParameterisedMethod.evaluate(InvokeParameterisedMethod.java:102)
	at org.junit.internal.runners.statements.FailOnTimeout$1.run(FailOnTimeout.java:28)
Caused by: ptolemy.kernel.util.IllegalActionException: Found a zero delay loop containing .dependencyLoop.original
  in .dependencyLoop and .dependencyLoop.original
	at ptolemy.actor.util.CausalityInterfaceForComposites._computeOutputPortDepth(CausalityInterfaceForComposites.java:759)
	at ptolemy.actor.util.CausalityInterfaceForComposites._computeInputDepth(CausalityInterfaceForComposites.java:696)
	at ptolemy.actor.util.CausalityInterfaceForComposites._computeOutputPortDepth(CausalityInterfaceForComposites.java:765)
	at ptolemy.actor.util.CausalityInterfaceForComposites._computeInputDepth(CausalityInterfaceForComposites.java:696)
	at ptolemy.actor.util.CausalityInterfaceForComposites._computeOutputPortDepth(CausalityInterfaceForComposites.java:765)
	at ptolemy.actor.util.CausalityInterfaceForComposites._computeInputDepth(CausalityInterfaceForComposites.java:696)
	at ptolemy.actor.util.CausalityInterfaceForComposites._computeActorDepth(CausalityInterfaceForComposites.java:532)
	at ptolemy.actor.util.CausalityInterfaceForComposites.checkForCycles(CausalityInterfaceForComposites.java:96)
	at ptolemy.domains.de.kernel.DEDirector.preinitialize(DEDirector.java:1337)
	at ptolemy.actor.CompositeActor.preinitialize(CompositeActor.java:1828)
	at ptolemy.actor.Manager.preinitializeAndResolveTypes(Manager.java:1040)
	at ptolemy.actor.Manager.initialize(Manager.java:710)
	at ptolemy.actor.Manager.execute(Manager.java:356)
	at ptolemy.actor.Manager.run(Manager.java:1263)
	at ptolemy.actor.Manager$PtolemyRunThread.run(Manager.java:1915)
java.lang.RuntimeException: Execution failed
	at ptolemy.moml.MoMLSimpleApplication$UnloadThread.run(MoMLSimpleApplication.java:402)
Caused by: ptolemy.kernel.util.IllegalActionException: Found a zero delay loop containing .dependencyLoop2.original
  in .dependencyLoop2 and .dependencyLoop2.original
	at ptolemy.actor.util.CausalityInterfaceForComposites._computeOutputPortDepth(CausalityInterfaceForComposites.java:759)
	at ptolemy.actor.util.CausalityInterfaceForComposites._computeInputDepth(CausalityInterfaceForComposites.java:696)
	at ptolemy.actor.util.CausalityInterfaceForComposites._computeOutputPortDepth(CausalityInterfaceForComposites.java:765)
	at ptolemy.actor.util.CausalityInterfaceForComposites._computeInputDepth(CausalityInterfaceForComposites.java:696)
	at ptolemy.actor.util.CausalityInterfaceForComposites._computeOutputPortDepth(CausalityInterfaceForComposites.java:765)
	at ptolemy.actor.util.CausalityInterfaceForComposites._computeInputDepth(CausalityInterfaceForComposites.java:696)
	at ptolemy.actor.util.CausalityInterfaceForComposites._computeActorDepth(CausalityInterfaceForComposites.java:532)
	at ptolemy.actor.util.CausalityInterfaceForComposites.checkForCycles(CausalityInterfaceForComposites.java:96)
	at ptolemy.domains.de.kernel.DEDirector.preinitialize(DEDirector.java:1337)
	at ptolemy.actor.CompositeActor.preinitialize(CompositeActor.java:1828)
	at ptolemy.actor.Manager.preinitializeAndResolveTypes(Manager.java:1040)
	at ptolemy.actor.Manager.initialize(Manager.java:710)
	at ptolemy.actor.Manager.execute(Manager.java:356)
	at ptolemy.actor.Manager.run(Manager.java:1263)
	at ptolemy.actor.Manager$PtolemyRunThread.run(Manager.java:1915)
java.lang.reflect.InvocationTargetException
	at sun.reflect.NativeConstructorAccessorImpl.newInstance0(Native Method)
	at sun.reflect.NativeConstructorAccessorImpl.newInstance(NativeConstructorAccessorImpl.java:62)
	at sun.reflect.DelegatingConstructorAccessorImpl.newInstance(DelegatingConstructorAccessorImpl.java:45)
	at java.lang.reflect.Constructor.newInstance(Constructor.java:423)
	at ptolemy.util.test.junit.AutoKnownFailedTests.RunModel(AutoKnownFailedTests.java:107)
	at sun.reflect.NativeMethodAccessorImpl.invoke0(Native Method)
	at sun.reflect.NativeMethodAccessorImpl.invoke(NativeMethodAccessorImpl.java:62)
	at sun.reflect.DelegatingMethodAccessorImpl.invoke(DelegatingMethodAccessorImpl.java:43)
	at java.lang.reflect.Method.invoke(Method.java:498)
	at org.junit.runners.model.FrameworkMethod$1.runReflectiveCall(FrameworkMethod.java:44)
	at org.junit.internal.runners.model.ReflectiveCallable.run(ReflectiveCallable.java:15)
	at org.junit.runners.model.FrameworkMethod.invokeExplosively(FrameworkMethod.java:41)
	at junitparams.internal.InvokeParameterisedMethod.evaluate(InvokeParameterisedMethod.java:102)
	at org.junit.internal.runners.statements.FailOnTimeout$1.run(FailOnTimeout.java:28)
Caused by: ptolemy.kernel.util.IllegalActionException: Found a zero delay loop containing .dependencyLoop2.original
  in .dependencyLoop2 and .dependencyLoop2.original
	at ptolemy.actor.util.CausalityInterfaceForComposites._computeOutputPortDepth(CausalityInterfaceForComposites.java:759)
	at ptolemy.actor.util.CausalityInterfaceForComposites._computeInputDepth(CausalityInterfaceForComposites.java:696)
	at ptolemy.actor.util.CausalityInterfaceForComposites._computeOutputPortDepth(CausalityInterfaceForComposites.java:765)
	at ptolemy.actor.util.CausalityInterfaceForComposites._computeInputDepth(CausalityInterfaceForComposites.java:696)
	at ptolemy.actor.util.CausalityInterfaceForComposites._computeOutputPortDepth(CausalityInterfaceForComposites.java:765)
	at ptolemy.actor.util.CausalityInterfaceForComposites._computeInputDepth(CausalityInterfaceForComposites.java:696)
	at ptolemy.actor.util.CausalityInterfaceForComposites._computeActorDepth(CausalityInterfaceForComposites.java:532)
	at ptolemy.actor.util.CausalityInterfaceForComposites.checkForCycles(CausalityInterfaceForComposites.java:96)
	at ptolemy.domains.de.kernel.DEDirector.preinitialize(DEDirector.java:1337)
	at ptolemy.actor.CompositeActor.preinitialize(CompositeActor.java:1828)
	at ptolemy.actor.Manager.preinitializeAndResolveTypes(Manager.java:1040)
	at ptolemy.actor.Manager.initialize(Manager.java:710)
	at ptolemy.actor.Manager.execute(Manager.java:356)
	at ptolemy.actor.Manager.run(Manager.java:1263)
	at ptolemy.actor.Manager$PtolemyRunThread.run(Manager.java:1915)
]]></system-err>
</testsuite>
