<?xml version="1.0" encoding="UTF-8" ?>
<testsuite errors="0" failures="0" hostname="travis-job-d5243e94-e46c-430b-8778-2ca916bb2b34" name="ptolemy.domains.de.test.junit.JUnitTclTest" skipped="0" tests="101" time="151.851" timestamp="2018-05-30T01:31:47">
  <properties>
[...]
</properties>
  <testcase classname="ptolemy.util.test.junit.TclTests" name="[0] /home/travis/build/icyphy/ptII/ptolemy/domains/de/test/DependencyLoop.tcl (RunTclFile)" time="0.849" />
  <testcase classname="ptolemy.util.test.junit.TclTests" name="[1] /home/travis/build/icyphy/ptII/ptolemy/domains/de/test/RunDETestsAsQSS.tcl (RunTclFile)" time="105.786" />
  <testcase classname="ptolemy.util.test.junit.AutoKnownFailedTests" name="[0] /home/travis/build/icyphy/ptII/ptolemy/domains/de/test/auto/knownFailedTests/DESDFClockTest.xml (RunModel)" time="2.044" />
  <testcase classname="ptolemy.util.test.junit.AutoKnownFailedTests" name="[1] /home/travis/build/icyphy/ptII/ptolemy/domains/de/test/auto/knownFailedTests/DirectFeedback.xml (RunModel)" time="0.01" />
  <testcase classname="ptolemy.util.test.junit.AutoKnownFailedTests" name="[2] /home/travis/build/icyphy/ptII/ptolemy/domains/de/test/auto/knownFailedTests/FSMSource.xml (RunModel)" time="0.018" />
  <testcase classname="ptolemy.util.test.junit.AutoKnownFailedTests" name="[3] /home/travis/build/icyphy/ptII/ptolemy/domains/de/test/auto/knownFailedTests/HierarchicalModel.xml (RunModel)" time="0.064" />
  <testcase classname="ptolemy.util.test.junit.AutoKnownFailedTests" name="[4] /home/travis/build/icyphy/ptII/ptolemy/domains/de/test/auto/knownFailedTests/dependencyLoop.xml (RunModel)" time="0.042" />
  <testcase classname="ptolemy.util.test.junit.AutoKnownFailedTests" name="[5] /home/travis/build/icyphy/ptII/ptolemy/domains/de/test/auto/knownFailedTests/dependencyLoop2.xml (RunModel)" time="0.052" />
  <testcase classname="ptolemy.util.test.junit.AutoNameArchTests" name="[0] ThereAreNoAutoArchTests (RunModel)" time="0.0" />
  <testcase classname="ptolemy.util.test.junit.AutoTests" name="[0] /home/travis/build/icyphy/ptII/ptolemy/domains/de/test/auto/ActorDepthCalculation_actorWithoutPorts.xml (RunModel)" time="0.024" />
  <testcase classname="ptolemy.util.test.junit.AutoTests" name="[1] /home/travis/build/icyphy/ptII/ptolemy/domains/de/test/auto/AssemblyLine.xml (RunModel)" time="0.032" />
  <testcase classname="ptolemy.util.test.junit.AutoTests" name="[2] /home/travis/build/icyphy/ptII/ptolemy/domains/de/test/auto/CQBug1.xml (RunModel)" time="0.009" />
  <testcase classname="ptolemy.util.test.junit.AutoTests" name="[3] /home/travis/build/icyphy/ptII/ptolemy/domains/de/test/auto/CancelFireAt.xml (RunModel)" time="0.006" />
  <testcase classname="ptolemy.util.test.junit.AutoTests" name="[4] /home/travis/build/icyphy/ptII/ptolemy/domains/de/test/auto/CausalityAndComposabilityAnalysis.xml (RunModel)" time="0.011" />
  <testcase classname="ptolemy.util.test.junit.AutoTests" name="[5] /home/travis/build/icyphy/ptII/ptolemy/domains/de/test/auto/CausalityInterface1.xml (RunModel)" time="0.013" />
  <testcase classname="ptolemy.util.test.junit.AutoTests" name="[6] /home/travis/build/icyphy/ptII/ptolemy/domains/de/test/auto/CausalityInterface15.xml (RunModel)" time="0.014" />
  <testcase classname="ptolemy.util.test.junit.AutoTests" name="[7] /home/travis/build/icyphy/ptII/ptolemy/domains/de/test/auto/CausalityInterface2.xml (RunModel)" time="0.012" />
  <testcase classname="ptolemy.util.test.junit.AutoTests" name="[8] /home/travis/build/icyphy/ptII/ptolemy/domains/de/test/auto/CausalityInterface3.xml (RunModel)" time="0.012" />
  <testcase classname="ptolemy.util.test.junit.AutoTests" name="[9] /home/travis/build/icyphy/ptII/ptolemy/domains/de/test/auto/ClockDrift.xml (RunModel)" time="0.033" />
  <testcase classname="ptolemy.util.test.junit.AutoTests" name="[10] /home/travis/build/icyphy/ptII/ptolemy/domains/de/test/auto/ClockDriftAndValueChange.xml (RunModel)" time="0.043" />
  <testcase classname="ptolemy.util.test.junit.AutoTests" name="[11] /home/travis/build/icyphy/ptII/ptolemy/domains/de/test/auto/ClockDriftChange.xml (RunModel)" time="0.033" />
  <testcase classname="ptolemy.util.test.junit.AutoTests" name="[12] /home/travis/build/icyphy/ptII/ptolemy/domains/de/test/auto/ComposableCausalityAnalysis.xml (RunModel)" time="0.021" />
  <testcase classname="ptolemy.util.test.junit.AutoTests" name="[13] /home/travis/build/icyphy/ptII/ptolemy/domains/de/test/auto/DEFixedPointLimitation.xml (RunModel)" time="0.012" />
  <testcase classname="ptolemy.util.test.junit.AutoTests" name="[14] /home/travis/build/icyphy/ptII/ptolemy/domains/de/test/auto/DEScheduleTest.xml (RunModel)" time="0.034" />
  <testcase classname="ptolemy.util.test.junit.AutoTests" name="[15] /home/travis/build/icyphy/ptII/ptolemy/domains/de/test/auto/DEinDEwithStartTimes.xml (RunModel)" time="0.026" />
  <testcase classname="ptolemy.util.test.junit.AutoTests" name="[16] /home/travis/build/icyphy/ptII/ptolemy/domains/de/test/auto/DEinDEwithStartTimes2.xml (RunModel)" time="0.017" />
  <testcase classname="ptolemy.util.test.junit.AutoTests" name="[17] /home/travis/build/icyphy/ptII/ptolemy/domains/de/test/auto/DateDemo.xml (RunModel)" time="0.033" />
  <testcase classname="ptolemy.util.test.junit.AutoTests" name="[18] /home/travis/build/icyphy/ptII/ptolemy/domains/de/test/auto/DateToEvent.xml (RunModel)" time="2.043" />
  <testcase classname="ptolemy.util.test.junit.AutoTests" name="[19] /home/travis/build/icyphy/ptII/ptolemy/domains/de/test/auto/DepthTest1.xml (RunModel)" time="0.01" />
  <testcase classname="ptolemy.util.test.junit.AutoTests" name="[20] /home/travis/build/icyphy/ptII/ptolemy/domains/de/test/auto/DepthTest2.xml (RunModel)" time="0.024" />
  <testcase classname="ptolemy.util.test.junit.AutoTests" name="[21] /home/travis/build/icyphy/ptII/ptolemy/domains/de/test/auto/DepthTest3.xml (RunModel)" time="0.009" />
  <testcase classname="ptolemy.util.test.junit.AutoTests" name="[22] /home/travis/build/icyphy/ptII/ptolemy/domains/de/test/auto/DepthTest4.xml (RunModel)" time="0.016" />
  <testcase classname="ptolemy.util.test.junit.AutoTests" name="[23] /home/travis/build/icyphy/ptII/ptolemy/domains/de/test/auto/DepthTest5.xml (RunModel)" time="0.02" />
  <testcase classname="ptolemy.util.test.junit.AutoTests" name="[24] /home/travis/build/icyphy/ptII/ptolemy/domains/de/test/auto/DepthTest6.xml (RunModel)" time="0.022" />
  <testcase classname="ptolemy.util.test.junit.AutoTests" name="[25] /home/travis/build/icyphy/ptII/ptolemy/domains/de/test/auto/DepthTest7.xml (RunModel)" time="0.016" />
  <testcase classname="ptolemy.util.test.junit.AutoTests" name="[26] /home/travis/build/icyphy/ptII/ptolemy/domains/de/test/auto/EventToDate.xml (RunModel)" time="3.05" />
  <testcase classname="ptolemy.util.test.junit.AutoTests" name="[27] /home/travis/build/icyphy/ptII/ptolemy/domains/de/test/auto/FSM1.xml (RunModel)" time="0.043" />
  <testcase classname="ptolemy.util.test.junit.AutoTests" name="[28] /home/travis/build/icyphy/ptII/ptolemy/domains/de/test/auto/FSM7.xml (RunModel)" time="0.048" />
  <testcase classname="ptolemy.util.test.junit.AutoTests" name="[29] /home/travis/build/icyphy/ptII/ptolemy/domains/de/test/auto/Inspection.xml (RunModel)" time="0.055" />
  <testcase classname="ptolemy.util.test.junit.AutoTests" name="[30] /home/travis/build/icyphy/ptII/ptolemy/domains/de/test/auto/Iteration.xml (RunModel)" time="0.025" />
  <testcase classname="ptolemy.util.test.junit.AutoTests" name="[31] /home/travis/build/icyphy/ptII/ptolemy/domains/de/test/auto/LineFault.xml (RunModel)" time="0.858" />
  <testcase classname="ptolemy.util.test.junit.AutoTests" name="[32] /home/travis/build/icyphy/ptII/ptolemy/domains/de/test/auto/MergeModel1Add.xml (RunModel)" time="0.063" />
  <testcase classname="ptolemy.util.test.junit.AutoTests" name="[33] /home/travis/build/icyphy/ptII/ptolemy/domains/de/test/auto/MergeModel2Add.xml (RunModel)" time="0.058" />
  <testcase classname="ptolemy.util.test.junit.AutoTests" name="[34] /home/travis/build/icyphy/ptII/ptolemy/domains/de/test/auto/MergeModel3Add.xml (RunModel)" time="0.062" />
  <testcase classname="ptolemy.util.test.junit.AutoTests" name="[35] /home/travis/build/icyphy/ptII/ptolemy/domains/de/test/auto/MergeWithoutDiscard.xml (RunModel)" time="0.013" />
  <testcase classname="ptolemy.util.test.junit.AutoTests" name="[36] /home/travis/build/icyphy/ptII/ptolemy/domains/de/test/auto/Modal1.xml (RunModel)" time="0.042" />
  <testcase classname="ptolemy.util.test.junit.AutoTests" name="[37] /home/travis/build/icyphy/ptII/ptolemy/domains/de/test/auto/Modal2.xml (RunModel)" time="0.055" />
  <testcase classname="ptolemy.util.test.junit.AutoTests" name="[38] /home/travis/build/icyphy/ptII/ptolemy/domains/de/test/auto/Modal3.xml (RunModel)" time="0.039" />
  <testcase classname="ptolemy.util.test.junit.AutoTests" name="[39] /home/travis/build/icyphy/ptII/ptolemy/domains/de/test/auto/Modal4.xml (RunModel)" time="0.046" />
  <testcase classname="ptolemy.util.test.junit.AutoTests" name="[40] /home/travis/build/icyphy/ptII/ptolemy/domains/de/test/auto/Modal5.xml (RunModel)" time="0.039" />
  <testcase classname="ptolemy.util.test.junit.AutoTests" name="[41] /home/travis/build/icyphy/ptII/ptolemy/domains/de/test/auto/Modal6.xml (RunModel)" time="0.041" />
  <testcase classname="ptolemy.util.test.junit.AutoTests" name="[42] /home/travis/build/icyphy/ptII/ptolemy/domains/de/test/auto/Modal7.xml (RunModel)" time="0.047" />
  <testcase classname="ptolemy.util.test.junit.AutoTests" name="[43] /home/travis/build/icyphy/ptII/ptolemy/domains/de/test/auto/ModalModel.xml (RunModel)" time="0.297" />
  <testcase classname="ptolemy.util.test.junit.AutoTests" name="[44] /home/travis/build/icyphy/ptII/ptolemy/domains/de/test/auto/ModalSource.xml (RunModel)" time="0.029" />
  <testcase classname="ptolemy.util.test.junit.AutoTests" name="[45] /home/travis/build/icyphy/ptII/ptolemy/domains/de/test/auto/NonInterruptibleTimerZeroDelay.xml (RunModel)" time="0.013" />
  <testcase classname="ptolemy.util.test.junit.AutoTests" name="[46] /home/travis/build/icyphy/ptII/ptolemy/domains/de/test/auto/OpenQueueingNetwork.xml (RunModel)" time="2.863" />
  <testcase classname="ptolemy.util.test.junit.AutoTests" name="[47] /home/travis/build/icyphy/ptII/ptolemy/domains/de/test/auto/OpenQueuingNetwork.xml (RunModel)" time="0.337" />
  <testcase classname="ptolemy.util.test.junit.AutoTests" name="[48] /home/travis/build/icyphy/ptII/ptolemy/domains/de/test/auto/PeriodicSampler.xml (RunModel)" time="0.009" />
  <testcase classname="ptolemy.util.test.junit.AutoTests" name="[49] /home/travis/build/icyphy/ptII/ptolemy/domains/de/test/auto/PersistentIO.xml (RunModel)" time="0.031" />
  <testcase classname="ptolemy.util.test.junit.AutoTests" name="[50] /home/travis/build/icyphy/ptII/ptolemy/domains/de/test/auto/PortParameterResetOnInitialize.xml (RunModel)" time="0.012" />
  <testcase classname="ptolemy.util.test.junit.AutoTests" name="[51] /home/travis/build/icyphy/ptII/ptolemy/domains/de/test/auto/PortParameterUpdates.xml (RunModel)" time="0.022" />
  <testcase classname="ptolemy.util.test.junit.AutoTests" name="[52] /home/travis/build/icyphy/ptII/ptolemy/domains/de/test/auto/QueueAndServer.xml (RunModel)" time="0.03" />
  <testcase classname="ptolemy.util.test.junit.AutoTests" name="[53] /home/travis/build/icyphy/ptII/ptolemy/domains/de/test/auto/Records.xml (RunModel)" time="0.031" />
  <testcase classname="ptolemy.util.test.junit.AutoTests" name="[54] /home/travis/build/icyphy/ptII/ptolemy/domains/de/test/auto/ResetTransitionWithStartTime1.xml (RunModel)" time="0.034" />
  <testcase classname="ptolemy.util.test.junit.AutoTests" name="[55] /home/travis/build/icyphy/ptII/ptolemy/domains/de/test/auto/ResetTransitionWithStartTime2.xml (RunModel)" time="0.023" />
  <testcase classname="ptolemy.util.test.junit.AutoTests" name="[56] /home/travis/build/icyphy/ptII/ptolemy/domains/de/test/auto/ResetTransitionWithStartTime3.xml (RunModel)" time="0.027" />
  <testcase classname="ptolemy.util.test.junit.AutoTests" name="[57] /home/travis/build/icyphy/ptII/ptolemy/domains/de/test/auto/ResetTransitionWithStartTime4.xml (RunModel)" time="0.022" />
  <testcase classname="ptolemy.util.test.junit.AutoTests" name="[58] /home/travis/build/icyphy/ptII/ptolemy/domains/de/test/auto/ResettableTimer1.xml (RunModel)" time="0.02" />
  <testcase classname="ptolemy.util.test.junit.AutoTests" name="[59] /home/travis/build/icyphy/ptII/ptolemy/domains/de/test/auto/ResettableTimer2.xml (RunModel)" time="0.012" />
  <testcase classname="ptolemy.util.test.junit.AutoTests" name="[60] /home/travis/build/icyphy/ptII/ptolemy/domains/de/test/auto/ResettableTimer3.xml (RunModel)" time="0.011" />
  <testcase classname="ptolemy.util.test.junit.AutoTests" name="[61] /home/travis/build/icyphy/ptII/ptolemy/domains/de/test/auto/ResettableTimer4.xml (RunModel)" time="0.011" />
  <testcase classname="ptolemy.util.test.junit.AutoTests" name="[62] /home/travis/build/icyphy/ptII/ptolemy/domains/de/test/auto/ResettableTimer5.xml (RunModel)" time="0.013" />
  <testcase classname="ptolemy.util.test.junit.AutoTests" name="[63] /home/travis/build/icyphy/ptII/ptolemy/domains/de/test/auto/ResettableTimer6.xml (RunModel)" time="0.014" />
  <testcase classname="ptolemy.util.test.junit.AutoTests" name="[64] /home/travis/build/icyphy/ptII/ptolemy/domains/de/test/auto/ServerZeroDelay.xml (RunModel)" time="0.012" />
  <testcase classname="ptolemy.util.test.junit.AutoTests" name="[65] /home/travis/build/icyphy/ptII/ptolemy/domains/de/test/auto/SmartSender.xml (RunModel)" time="3.011" />
  <testcase classname="ptolemy.util.test.junit.AutoTests" name="[66] /home/travis/build/icyphy/ptII/ptolemy/domains/de/test/auto/ThreadedComposite.xml (RunModel)" time="0.286" />
  <testcase classname="ptolemy.util.test.junit.AutoTests" name="[67] /home/travis/build/icyphy/ptII/ptolemy/domains/de/test/auto/Time.xml (RunModel)" time="0.72" />
  <testcase classname="ptolemy.util.test.junit.AutoTests" name="[68] /home/travis/build/icyphy/ptII/ptolemy/domains/de/test/auto/TimeDelayZeroDelay.xml (RunModel)" time="0.032" />
  <testcase classname="ptolemy.util.test.junit.AutoTests" name="[69] /home/travis/build/icyphy/ptII/ptolemy/domains/de/test/auto/TimerZeroDelay.xml (RunModel)" time="0.018" />
  <testcase classname="ptolemy.util.test.junit.AutoTests" name="[70] /home/travis/build/icyphy/ptII/ptolemy/domains/de/test/auto/TimingParadox.xml (RunModel)" time="0.502" />
  <testcase classname="ptolemy.util.test.junit.AutoTests" name="[71] /home/travis/build/icyphy/ptII/ptolemy/domains/de/test/auto/TransferInputs.xml (RunModel)" time="0.012" />
  <testcase classname="ptolemy.util.test.junit.AutoTests" name="[72] /home/travis/build/icyphy/ptII/ptolemy/domains/de/test/auto/TransferOutputs2.xml (RunModel)" time="0.027" />
  <testcase classname="ptolemy.util.test.junit.AutoTests" name="[73] /home/travis/build/icyphy/ptII/ptolemy/domains/de/test/auto/Trilateration.xml (RunModel)" time="14.484" />
  <testcase classname="ptolemy.util.test.junit.AutoTests" name="[74] /home/travis/build/icyphy/ptII/ptolemy/domains/de/test/auto/TwoSigmaDelta.xml (RunModel)" time="2.211" />
  <testcase classname="ptolemy.util.test.junit.AutoTests" name="[75] /home/travis/build/icyphy/ptII/ptolemy/domains/de/test/auto/VariableDelay.xml (RunModel)" time="0.013" />
  <testcase classname="ptolemy.util.test.junit.AutoTests" name="[76] /home/travis/build/icyphy/ptII/ptolemy/domains/de/test/auto/VariableDelay2.xml (RunModel)" time="0.011" />
  <testcase classname="ptolemy.util.test.junit.AutoTests" name="[77] /home/travis/build/icyphy/ptII/ptolemy/domains/de/test/auto/VariableDelayZeroDelay.xml (RunModel)" time="0.018" />
  <testcase classname="ptolemy.util.test.junit.AutoTests" name="[78] /home/travis/build/icyphy/ptII/ptolemy/domains/de/test/auto/VariableDelayZeroDelay2.xml (RunModel)" time="0.014" />
  <testcase classname="ptolemy.util.test.junit.AutoTests" name="[79] /home/travis/build/icyphy/ptII/ptolemy/domains/de/test/auto/deInCt.xml (RunModel)" time="0.026" />
  <testcase classname="ptolemy.util.test.junit.AutoTests" name="[80] /home/travis/build/icyphy/ptII/ptolemy/domains/de/test/auto/deInCt2.xml (RunModel)" time="0.017" />
  <testcase classname="ptolemy.util.test.junit.AutoTests" name="[81] /home/travis/build/icyphy/ptII/ptolemy/domains/de/test/auto/dynamicCausalityInterface1.xml (RunModel)" time="0.025" />
  <testcase classname="ptolemy.util.test.junit.AutoTests" name="[82] /home/travis/build/icyphy/ptII/ptolemy/domains/de/test/auto/fsm_de_test.xml (RunModel)" time="0.034" />
  <testcase classname="ptolemy.util.test.junit.AutoTests" name="[83] /home/travis/build/icyphy/ptII/ptolemy/domains/de/test/auto/functionDependencyReconstruction.xml (RunModel)" time="0.042" />
  <testcase classname="ptolemy.util.test.junit.AutoTests" name="[84] /home/travis/build/icyphy/ptII/ptolemy/domains/de/test/auto/multirate.xml (RunModel)" time="0.021" />
  <testcase classname="ptolemy.util.test.junit.AutoTests" name="[85] /home/travis/build/icyphy/ptII/ptolemy/domains/de/test/auto/multirate2.xml (RunModel)" time="0.02" />
  <testcase classname="ptolemy.util.test.junit.AutoTests" name="[86] /home/travis/build/icyphy/ptII/ptolemy/domains/de/test/auto/realtime.xml (RunModel)" time="10.014" />
  <testcase classname="ptolemy.util.test.junit.AutoTests" name="[87] /home/travis/build/icyphy/ptII/ptolemy/domains/de/test/auto/relationGroup.xml (RunModel)" time="0.008" />
  <testcase classname="ptolemy.util.test.junit.AutoTests" name="[88] /home/travis/build/icyphy/ptII/ptolemy/domains/de/test/auto/relationGroup2.xml (RunModel)" time="0.006" />
  <testcase classname="ptolemy.util.test.junit.AutoTests" name="[89] /home/travis/build/icyphy/ptII/ptolemy/domains/de/test/auto/sortWithOpaquePorts.xml (RunModel)" time="0.009" />
  <testcase classname="ptolemy.util.test.junit.AutoTests" name="[90] /home/travis/build/icyphy/ptII/ptolemy/domains/de/test/auto/transferInputsandOutputs.xml (RunModel)" time="0.02" />
  <testcase classname="ptolemy.util.test.junit.AutoTests" name="[91] /home/travis/build/icyphy/ptII/ptolemy/domains/de/test/auto/triggerType.xml (RunModel)" time="0.012" />
  <system-out><![CDATA[/home/travis/build/icyphy/ptII/ptolemy/domains/de/test/DependencyLoop.tcl
testDefs.tcl: setting time out to 9000 seconds at Wed May 30 01:31:47 UTC 2018
19 ms. Memory: 116224K Free: 95036K (82%)
17 ms. Memory: 116224K Free: 107457K (92%)
/home/travis/build/icyphy/ptII/ptolemy/domains/de/test/RunDETestsAsQSS.tcl
Run the DE tests using ptolemy.domains.qss.test.QSSDirectorTest, which extends QSSDirector and prints a message in the constructors.
------------------ testing $PTII/ptolemy/domains/de/test/auto/knownFailedTests/dependencyLoop.xml (Known Failure) 
9 ms. Memory: 116224K Free: 104297K (90%)


==== $PTIIhome/travis/build/icyphy/ptII/ptolemy/domains/de/test/../../../../: Auto Automatic test in file $PTII/ptolemy/domains/de/test/auto/knownFailedTests/dependencyLoop.xml
==== Contents of test case:

	    # FIXME: we should use $relativeFilename here, but it
	    # might have backslashes under Windows, which causes no end
	    # of trouble.
	    createAndExecute $file
	    list {}
	
.... Test generated KNOWN error:
    while executing
ptolemy.kernel.util.IllegalActionException: Found a zero delay loop containing .dependencyLoop.original
  in .dependencyLoop and .dependencyLoop.original
	at ptolemy.actor.util.CausalityInterfaceForComposites._computeOutputPortDepth(CausalityInterfaceForComposites.java:759)
	at ptolemy.actor.util.CausalityInterfaceForComposites._computeInputDepth(CausalityInterfaceForComposites.java:696)
	at ptolemy.actor.util.CausalityInterfaceForComposites._computeOutputPortDepth(CausalityInterfaceForComposites.java:765)
	at ptolemy.actor.util.CausalityInterfaceForComposites._computeInputDepth(CausalityInterfaceForComposites.java:696)
	at ptolemy.actor.util.CausalityInterfaceForComposites._computeOutputPortDepth(CausalityInterfaceForComposites.java:765)
	at ptolemy.actor.util.CausalityInterfaceForComposites._computeInputDepth(CausalityInterfaceForComposites.java:696)
	at ptolemy.actor.util.CausalityInterfaceForComposites._computeActorDepth(CausalityInterfaceForComposites.java:532)
	at ptolemy.actor.util.CausalityInterfaceForComposites.checkForCycles(CausalityInterfaceForComposites.java:96)
	at ptolemy.domains.de.kernel.DEDirector.preinitialize(DEDirector.java:1337)
	at ptolemy.actor.CompositeActor.preinitialize(CompositeActor.java:1828)
	at ptolemy.actor.Manager.preinitializeAndResolveTypes(Manager.java:1040)
	at ptolemy.actor.Manager.initialize(Manager.java:710)
	at ptolemy.actor.Manager.execute(Manager.java:356)
	at ptolemy.actor.Manager.run(Manager.java:1263)
	at ptolemy.actor.Manager$PtolemyRunThread.run(Manager.java:1915)

    while executing
ptolemy.kernel.util.IllegalActionException: Found a zero delay loop containing .dependencyLoop.original
  in .dependencyLoop and .dependencyLoop.original
    while executing
"java::new ptolemy.moml.MoMLSimpleApplication $file
"
    (procedure "createAndExecute" line 2)
    invoked from within
"createAndExecute $file"
    ("uplevel" body line 5)
    invoked from within
"uplevel $contents_of_test"
------------------ testing $PTII/ptolemy/domains/de/test/auto/knownFailedTests/DESDFClockTest.xml (Known Failure) 
2077 ms. Memory: 116224K Free: 89670K (77%)


==== $PTIIhome/travis/build/icyphy/ptII/ptolemy/domains/de/test/../../../../: Auto Automatic test in file $PTII/ptolemy/domains/de/test/auto/knownFailedTests/DESDFClockTest.xml
==== Contents of test case:

	    # FIXME: we should use $relativeFilename here, but it
	    # might have backslashes under Windows, which causes no end
	    # of trouble.
	    createAndExecute $file
	    list {}
	
.... Test generated KNOWN error:
    while executing
ptolemy.kernel.util.IllegalActionException: Actor is not ready to fire.  Perhaps UpSample.prefire() returned false? Try debugging the actor by selecting "Listen to Actor".  Also, for SDF check moml for tokenConsumptionRate on input.
  in .DESDFClockTest.Play Bell.Copy1:SDF Director and .DESDFClockTest.Play Bell.UpSample
	at ptolemy.actor.sched.StaticSchedulingDirector.fire(StaticSchedulingDirector.java:227)
	at ptolemy.domains.sdf.kernel.SDFDirector.fire(SDFDirector.java:500)
	at ptolemy.actor.CompositeActor.fire(CompositeActor.java:455)
	at ptolemy.domains.de.kernel.DEDirector._fire(DEDirector.java:1948)
	at ptolemy.domains.de.kernel.DEDirector.fire(DEDirector.java:502)
	at ptolemy.actor.CompositeActor.fire(CompositeActor.java:455)
	at ptolemy.actor.Manager.iterate(Manager.java:851)
	at ptolemy.actor.Manager.execute(Manager.java:369)
	at ptolemy.actor.Manager.run(Manager.java:1263)
	at ptolemy.actor.Manager$PtolemyRunThread.run(Manager.java:1915)

    while executing
ptolemy.kernel.util.IllegalActionException: Actor is not ready to fire.  Perhaps UpSample.prefire() returned false? Try debugging the actor by selecting "Listen to Actor".  Also, for SDF check moml for tokenConsumptionRate on input.
  in .DESDFClockTest.Play Bell.Copy1:SDF Director and .DESDFClockTest.Play Bell.UpSample
    while executing
"java::new ptolemy.moml.MoMLSimpleApplication $file
"
    (procedure "createAndExecute" line 2)
    invoked from within
"createAndExecute $file"
    ("uplevel" body line 5)
    invoked from within
"uplevel $contents_of_test"
------------------ testing $PTII/ptolemy/domains/de/test/auto/knownFailedTests/FSMSource.xml (Known Failure) 
41 ms. Memory: 116224K Free: 111697K (96%)
!!!! Auto was marked as failing, but now passes
------------------ testing $PTII/ptolemy/domains/de/test/auto/knownFailedTests/dependencyLoop2.xml (Known Failure) 
7 ms. Memory: 116224K Free: 94244K (81%)


==== $PTIIhome/travis/build/icyphy/ptII/ptolemy/domains/de/test/../../../../: Auto Automatic test in file $PTII/ptolemy/domains/de/test/auto/knownFailedTests/dependencyLoop2.xml
==== Contents of test case:

	    # FIXME: we should use $relativeFilename here, but it
	    # might have backslashes under Windows, which causes no end
	    # of trouble.
	    createAndExecute $file
	    list {}
	
.... Test generated KNOWN error:
    while executing
ptolemy.kernel.util.IllegalActionException: Found a zero delay loop containing .dependencyLoop2.original
  in .dependencyLoop2 and .dependencyLoop2.original
	at ptolemy.actor.util.CausalityInterfaceForComposites._computeOutputPortDepth(CausalityInterfaceForComposites.java:759)
	at ptolemy.actor.util.CausalityInterfaceForComposites._computeInputDepth(CausalityInterfaceForComposites.java:696)
	at ptolemy.actor.util.CausalityInterfaceForComposites._computeOutputPortDepth(CausalityInterfaceForComposites.java:765)
	at ptolemy.actor.util.CausalityInterfaceForComposites._computeInputDepth(CausalityInterfaceForComposites.java:696)
	at ptolemy.actor.util.CausalityInterfaceForComposites._computeOutputPortDepth(CausalityInterfaceForComposites.java:765)
	at ptolemy.actor.util.CausalityInterfaceForComposites._computeInputDepth(CausalityInterfaceForComposites.java:696)
	at ptolemy.actor.util.CausalityInterfaceForComposites._computeActorDepth(CausalityInterfaceForComposites.java:532)
	at ptolemy.actor.util.CausalityInterfaceForComposites.checkForCycles(CausalityInterfaceForComposites.java:96)
	at ptolemy.domains.de.kernel.DEDirector.preinitialize(DEDirector.java:1337)
	at ptolemy.actor.CompositeActor.preinitialize(CompositeActor.java:1828)
	at ptolemy.actor.Manager.preinitializeAndResolveTypes(Manager.java:1040)
	at ptolemy.actor.Manager.initialize(Manager.java:710)
	at ptolemy.actor.Manager.execute(Manager.java:356)
	at ptolemy.actor.Manager.run(Manager.java:1263)
	at ptolemy.actor.Manager$PtolemyRunThread.run(Manager.java:1915)

    while executing
ptolemy.kernel.util.IllegalActionException: Found a zero delay loop containing .dependencyLoop2.original
  in .dependencyLoop2 and .dependencyLoop2.original
    while executing
"java::new ptolemy.moml.MoMLSimpleApplication $file
"
    (procedure "createAndExecute" line 2)
    invoked from within
"createAndExecute $file"
    ("uplevel" body line 5)
    invoked from within
"uplevel $contents_of_test"
------------------ testing $PTII/ptolemy/domains/de/test/auto/knownFailedTests/HierarchicalModel.xml (Known Failure) 
7 ms. Memory: 146944K Free: 134495K (92%)


==== $PTIIhome/travis/build/icyphy/ptII/ptolemy/domains/de/test/../../../../: Auto Automatic test in file $PTII/ptolemy/domains/de/test/auto/knownFailedTests/HierarchicalModel.xml
==== Contents of test case:

	    # FIXME: we should use $relativeFilename here, but it
	    # might have backslashes under Windows, which causes no end
	    # of trouble.
	    createAndExecute $file
	    list {}
	
.... Test generated KNOWN error:
    while executing
ptolemy.kernel.util.IllegalActionException: Found a zero delay loop containing .HierarchicalModel.A
  in .HierarchicalModel and .HierarchicalModel.A
	at ptolemy.actor.util.CausalityInterfaceForComposites._computeOutputPortDepth(CausalityInterfaceForComposites.java:759)
	at ptolemy.actor.util.CausalityInterfaceForComposites._computeInputDepth(CausalityInterfaceForComposites.java:696)
	at ptolemy.actor.util.CausalityInterfaceForComposites._computeOutputPortDepth(CausalityInterfaceForComposites.java:765)
	at ptolemy.actor.util.CausalityInterfaceForComposites._computeInputDepth(CausalityInterfaceForComposites.java:696)
	at ptolemy.actor.util.CausalityInterfaceForComposites._computeOutputPortDepth(CausalityInterfaceForComposites.java:765)
	at ptolemy.actor.util.CausalityInterfaceForComposites._computeInputDepth(CausalityInterfaceForComposites.java:696)
	at ptolemy.actor.util.CausalityInterfaceForComposites._computeActorDepth(CausalityInterfaceForComposites.java:532)
	at ptolemy.actor.util.CausalityInterfaceForComposites.checkForCycles(CausalityInterfaceForComposites.java:96)
	at ptolemy.domains.de.kernel.DEDirector.preinitialize(DEDirector.java:1337)
	at ptolemy.actor.CompositeActor.preinitialize(CompositeActor.java:1828)
	at ptolemy.actor.Manager.preinitializeAndResolveTypes(Manager.java:1040)
	at ptolemy.actor.Manager.initialize(Manager.java:710)
	at ptolemy.actor.Manager.execute(Manager.java:356)
	at ptolemy.actor.Manager.run(Manager.java:1263)
	at ptolemy.actor.Manager$PtolemyRunThread.run(Manager.java:1915)

    while executing
ptolemy.kernel.util.IllegalActionException: Found a zero delay loop containing .HierarchicalModel.A
  in .HierarchicalModel and .HierarchicalModel.A
    while executing
"java::new ptolemy.moml.MoMLSimpleApplication $file
"
    (procedure "createAndExecute" line 2)
    invoked from within
"createAndExecute $file"
    ("uplevel" body line 5)
    invoked from within
"uplevel $contents_of_test"
------------------ testing $PTII/ptolemy/domains/de/test/auto/knownFailedTests/DirectFeedback.xml (Known Failure) 
10 ms. Memory: 146944K Free: 130543K (89%)


==== $PTIIhome/travis/build/icyphy/ptII/ptolemy/domains/de/test/../../../../: Auto Automatic test in file $PTII/ptolemy/domains/de/test/auto/knownFailedTests/DirectFeedback.xml
==== Contents of test case:

	    # FIXME: we should use $relativeFilename here, but it
	    # might have backslashes under Windows, which causes no end
	    # of trouble.
	    createAndExecute $file
	    list {}
	
.... Test generated KNOWN error:
    while executing
ptolemy.kernel.util.IllegalActionException: Test fails in iteration 1.
Value was: 1.0. Should have been: 2.0
  in .DirectFeedback.Test
	at ptolemy.actor.lib.Test.fire(Test.java:268)
	at ptolemy.domains.de.kernel.DEDirector._fire(DEDirector.java:1948)
	at ptolemy.domains.de.kernel.DEDirector.fire(DEDirector.java:502)
	at ptolemy.actor.CompositeActor.fire(CompositeActor.java:455)
	at ptolemy.actor.Manager.iterate(Manager.java:851)
	at ptolemy.actor.Manager.execute(Manager.java:369)
	at ptolemy.actor.Manager.run(Manager.java:1263)
	at ptolemy.actor.Manager$PtolemyRunThread.run(Manager.java:1915)

    while executing
ptolemy.kernel.util.IllegalActionException: Test fails in iteration 1.
Value was: 1.0. Should have been: 2.0
  in .DirectFeedback.Test
    while executing
"java::new ptolemy.moml.MoMLSimpleApplication $file
"
    (procedure "createAndExecute" line 2)
    invoked from within
"createAndExecute $file"
    ("uplevel" body line 5)
    invoked from within
"uplevel $contents_of_test"
------------------ testing $PTII/ptolemy/domains/de/test/auto/ActorDepthCalculation_actorWithoutPorts.xml
auto.tcl: Setting watchdog for 200 seconds at Wed May 30 01:31:51 UTC 2018
13 ms. Memory: 146944K Free: 121761K (83%)
ptolemy.util.test.WatchDog.cancel(): canceling Wed May 30 01:31:51 UTC 2018
auto.tcl: Setting watchdog for 200 seconds at Wed May 30 01:31:51 UTC 2018
13 ms. Memory: 146944K Free: 120707K (82%)
ptolemy.util.test.WatchDog.cancel(): canceling Wed May 30 01:31:51 UTC 2018
------------------ testing $PTII/ptolemy/domains/de/test/auto/AssemblyLine.xml
auto.tcl: Setting watchdog for 200 seconds at Wed May 30 01:31:51 UTC 2018
14 ms. Memory: 146944K Free: 129234K (88%)
ptolemy.util.test.WatchDog.cancel(): canceling Wed May 30 01:31:52 UTC 2018
auto.tcl: Setting watchdog for 200 seconds at Wed May 30 01:31:52 UTC 2018
12 ms. Memory: 146944K Free: 128195K (87%)
ptolemy.util.test.WatchDog.cancel(): canceling Wed May 30 01:31:52 UTC 2018
------------------ testing $PTII/ptolemy/domains/de/test/auto/CQBug1.xml
auto.tcl: Setting watchdog for 200 seconds at Wed May 30 01:31:52 UTC 2018
4 ms. Memory: 146944K Free: 138347K (94%)
ptolemy.util.test.WatchDog.cancel(): canceling Wed May 30 01:31:52 UTC 2018
auto.tcl: Setting watchdog for 200 seconds at Wed May 30 01:31:52 UTC 2018
3 ms. Memory: 146944K Free: 138347K (94%)
ptolemy.util.test.WatchDog.cancel(): canceling Wed May 30 01:31:52 UTC 2018
------------------ testing $PTII/ptolemy/domains/de/test/auto/CancelFireAt.xml
auto.tcl: Setting watchdog for 200 seconds at Wed May 30 01:31:52 UTC 2018
12 ms. Memory: 146944K Free: 140315K (95%)
ptolemy.util.test.WatchDog.cancel(): canceling Wed May 30 01:31:52 UTC 2018
auto.tcl: Setting watchdog for 200 seconds at Wed May 30 01:31:52 UTC 2018
5 ms. Memory: 146944K Free: 139275K (95%)
ptolemy.util.test.WatchDog.cancel(): canceling Wed May 30 01:31:52 UTC 2018
------------------ testing $PTII/ptolemy/domains/de/test/auto/CausalityAndComposabilityAnalysis.xml
auto.tcl: Setting watchdog for 200 seconds at Wed May 30 01:31:52 UTC 2018
31 ms. Memory: 146944K Free: 136998K (93%)
ptolemy.util.test.WatchDog.cancel(): canceling Wed May 30 01:31:52 UTC 2018
auto.tcl: Setting watchdog for 200 seconds at Wed May 30 01:31:52 UTC 2018
7 ms. Memory: 146944K Free: 136998K (93%)
ptolemy.util.test.WatchDog.cancel(): canceling Wed May 30 01:31:52 UTC 2018
------------------ testing $PTII/ptolemy/domains/de/test/auto/CausalityInterface1.xml
auto.tcl: Setting watchdog for 200 seconds at Wed May 30 01:31:52 UTC 2018
16 ms. Memory: 146944K Free: 136314K (93%)
ptolemy.util.test.WatchDog.cancel(): canceling Wed May 30 01:31:52 UTC 2018
auto.tcl: Setting watchdog for 200 seconds at Wed May 30 01:31:52 UTC 2018
5 ms. Memory: 146944K Free: 135274K (92%)
ptolemy.util.test.WatchDog.cancel(): canceling Wed May 30 01:31:52 UTC 2018
------------------ testing $PTII/ptolemy/domains/de/test/auto/CausalityInterface15.xml
auto.tcl: Setting watchdog for 200 seconds at Wed May 30 01:31:52 UTC 2018
5 ms. Memory: 146944K Free: 135265K (92%)
ptolemy.util.test.WatchDog.cancel(): canceling Wed May 30 01:31:52 UTC 2018
auto.tcl: Setting watchdog for 200 seconds at Wed May 30 01:31:52 UTC 2018
5 ms. Memory: 146944K Free: 134225K (91%)
ptolemy.util.test.WatchDog.cancel(): canceling Wed May 30 01:31:52 UTC 2018
------------------ testing $PTII/ptolemy/domains/de/test/auto/CausalityInterface2.xml
auto.tcl: Setting watchdog for 200 seconds at Wed May 30 01:31:52 UTC 2018
10 ms. Memory: 146944K Free: 136289K (93%)
ptolemy.util.test.WatchDog.cancel(): canceling Wed May 30 01:31:52 UTC 2018
auto.tcl: Setting watchdog for 200 seconds at Wed May 30 01:31:52 UTC 2018
5 ms. Memory: 146944K Free: 136289K (93%)
ptolemy.util.test.WatchDog.cancel(): canceling Wed May 30 01:31:52 UTC 2018
------------------ testing $PTII/ptolemy/domains/de/test/auto/CausalityInterface3.xml
auto.tcl: Setting watchdog for 200 seconds at Wed May 30 01:31:52 UTC 2018
5 ms. Memory: 146944K Free: 136301K (93%)
ptolemy.util.test.WatchDog.cancel(): canceling Wed May 30 01:31:52 UTC 2018
auto.tcl: Setting watchdog for 200 seconds at Wed May 30 01:31:52 UTC 2018
4 ms. Memory: 146944K Free: 135261K (92%)
ptolemy.util.test.WatchDog.cancel(): canceling Wed May 30 01:31:52 UTC 2018
------------------ testing $PTII/ptolemy/domains/de/test/auto/ClockDrift.xml
auto.tcl: Setting watchdog for 200 seconds at Wed May 30 01:31:52 UTC 2018
137 ms. Memory: 146944K Free: 128109K (87%)
ptolemy.util.test.WatchDog.cancel(): canceling Wed May 30 01:31:53 UTC 2018
auto.tcl: Setting watchdog for 200 seconds at Wed May 30 01:31:53 UTC 2018
96 ms. Memory: 146944K Free: 124989K (85%)
ptolemy.util.test.WatchDog.cancel(): canceling Wed May 30 01:31:53 UTC 2018
------------------ testing $PTII/ptolemy/domains/de/test/auto/ClockDriftAndValueChange.xml
auto.tcl: Setting watchdog for 200 seconds at Wed May 30 01:31:53 UTC 2018
41 ms. Memory: 146944K Free: 127942K (87%)
ptolemy.util.test.WatchDog.cancel(): canceling Wed May 30 01:31:53 UTC 2018
auto.tcl: Setting watchdog for 200 seconds at Wed May 30 01:31:53 UTC 2018
48 ms. Memory: 146944K Free: 124822K (85%)
ptolemy.util.test.WatchDog.cancel(): canceling Wed May 30 01:31:53 UTC 2018
------------------ testing $PTII/ptolemy/domains/de/test/auto/ClockDriftChange.xml
auto.tcl: Setting watchdog for 200 seconds at Wed May 30 01:31:53 UTC 2018
43 ms. Memory: 146944K Free: 130730K (89%)
ptolemy.util.test.WatchDog.cancel(): canceling Wed May 30 01:31:53 UTC 2018
auto.tcl: Setting watchdog for 200 seconds at Wed May 30 01:31:53 UTC 2018
32 ms. Memory: 146944K Free: 127500K (87%)
ptolemy.util.test.WatchDog.cancel(): canceling Wed May 30 01:31:53 UTC 2018
------------------ testing $PTII/ptolemy/domains/de/test/auto/ComposableCausalityAnalysis.xml
auto.tcl: Setting watchdog for 200 seconds at Wed May 30 01:31:53 UTC 2018
2 ms. Memory: 146944K Free: 135135K (92%)
ptolemy.util.test.WatchDog.cancel(): canceling Wed May 30 01:31:53 UTC 2018
auto.tcl: Setting watchdog for 200 seconds at Wed May 30 01:31:53 UTC 2018
3 ms. Memory: 146944K Free: 134095K (91%)
ptolemy.util.test.WatchDog.cancel(): canceling Wed May 30 01:31:53 UTC 2018
------------------ testing $PTII/ptolemy/domains/de/test/auto/DEFixedPointLimitation.xml
auto.tcl: Setting watchdog for 200 seconds at Wed May 30 01:31:53 UTC 2018
3 ms. Memory: 146944K Free: 135943K (93%)
ptolemy.util.test.WatchDog.cancel(): canceling Wed May 30 01:31:53 UTC 2018
auto.tcl: Setting watchdog for 200 seconds at Wed May 30 01:31:53 UTC 2018
2 ms. Memory: 146944K Free: 135943K (93%)
ptolemy.util.test.WatchDog.cancel(): canceling Wed May 30 01:31:53 UTC 2018
------------------ testing $PTII/ptolemy/domains/de/test/auto/DEScheduleTest.xml
auto.tcl: Setting watchdog for 200 seconds at Wed May 30 01:31:53 UTC 2018
10 ms. Memory: 146944K Free: 137017K (93%)
ptolemy.util.test.WatchDog.cancel(): canceling Wed May 30 01:31:53 UTC 2018
auto.tcl: Setting watchdog for 200 seconds at Wed May 30 01:31:53 UTC 2018
5 ms. Memory: 146944K Free: 135977K (93%)
ptolemy.util.test.WatchDog.cancel(): canceling Wed May 30 01:31:53 UTC 2018
------------------ testing $PTII/ptolemy/domains/de/test/auto/DEinDEwithStartTimes.xml
auto.tcl: Setting watchdog for 200 seconds at Wed May 30 01:31:54 UTC 2018
6 ms. Memory: 146944K Free: 134906K (92%)
ptolemy.util.test.WatchDog.cancel(): canceling Wed May 30 01:31:54 UTC 2018
auto.tcl: Setting watchdog for 200 seconds at Wed May 30 01:31:54 UTC 2018
9 ms. Memory: 146944K Free: 133866K (91%)
ptolemy.util.test.WatchDog.cancel(): canceling Wed May 30 01:31:54 UTC 2018
------------------ testing $PTII/ptolemy/domains/de/test/auto/DEinDEwithStartTimes2.xml
auto.tcl: Setting watchdog for 200 seconds at Wed May 30 01:31:54 UTC 2018
14 ms. Memory: 146944K Free: 134887K (92%)
ptolemy.util.test.WatchDog.cancel(): canceling Wed May 30 01:31:54 UTC 2018
auto.tcl: Setting watchdog for 200 seconds at Wed May 30 01:31:54 UTC 2018
11 ms. Memory: 146944K Free: 133847K (91%)
ptolemy.util.test.WatchDog.cancel(): canceling Wed May 30 01:31:54 UTC 2018
------------------ testing $PTII/ptolemy/domains/de/test/auto/DateDemo.xml
auto.tcl: Setting watchdog for 200 seconds at Wed May 30 01:31:54 UTC 2018
13 ms. Memory: 146944K Free: 129032K (88%)
ptolemy.util.test.WatchDog.cancel(): canceling Wed May 30 01:31:54 UTC 2018
auto.tcl: Setting watchdog for 200 seconds at Wed May 30 01:31:54 UTC 2018
11 ms. Memory: 146944K Free: 126952K (86%)
ptolemy.util.test.WatchDog.cancel(): canceling Wed May 30 01:31:54 UTC 2018
------------------ testing $PTII/ptolemy/domains/de/test/auto/DateToEvent.xml
auto.tcl: Setting watchdog for 200 seconds at Wed May 30 01:31:54 UTC 2018
2024 ms. Memory: 146944K Free: 123208K (84%)
ptolemy.util.test.WatchDog.cancel(): canceling Wed May 30 01:31:56 UTC 2018
auto.tcl: Setting watchdog for 200 seconds at Wed May 30 01:31:56 UTC 2018
2008 ms. Memory: 146944K Free: 122168K (83%)
ptolemy.util.test.WatchDog.cancel(): canceling Wed May 30 01:31:58 UTC 2018
------------------ testing $PTII/ptolemy/domains/de/test/auto/DepthTest1.xml
auto.tcl: Setting watchdog for 200 seconds at Wed May 30 01:31:58 UTC 2018
6 ms. Memory: 146944K Free: 138201K (94%)
ptolemy.util.test.WatchDog.cancel(): canceling Wed May 30 01:31:58 UTC 2018
auto.tcl: Setting watchdog for 200 seconds at Wed May 30 01:31:58 UTC 2018
2 ms. Memory: 146944K Free: 138201K (94%)
ptolemy.util.test.WatchDog.cancel(): canceling Wed May 30 01:31:58 UTC 2018
------------------ testing $PTII/ptolemy/domains/de/test/auto/DepthTest2.xml
auto.tcl: Setting watchdog for 200 seconds at Wed May 30 01:31:58 UTC 2018
4 ms. Memory: 146944K Free: 133904K (91%)
ptolemy.util.test.WatchDog.cancel(): canceling Wed May 30 01:31:58 UTC 2018
auto.tcl: Setting watchdog for 200 seconds at Wed May 30 01:31:58 UTC 2018
3 ms. Memory: 146944K Free: 133904K (91%)
ptolemy.util.test.WatchDog.cancel(): canceling Wed May 30 01:31:58 UTC 2018
------------------ testing $PTII/ptolemy/domains/de/test/auto/DepthTest3.xml
auto.tcl: Setting watchdog for 200 seconds at Wed May 30 01:31:58 UTC 2018
3 ms. Memory: 146944K Free: 138645K (94%)
ptolemy.util.test.WatchDog.cancel(): canceling Wed May 30 01:31:58 UTC 2018
auto.tcl: Setting watchdog for 200 seconds at Wed May 30 01:31:58 UTC 2018
3 ms. Memory: 146944K Free: 138645K (94%)
ptolemy.util.test.WatchDog.cancel(): canceling Wed May 30 01:31:58 UTC 2018
------------------ testing $PTII/ptolemy/domains/de/test/auto/DepthTest4.xml
auto.tcl: Setting watchdog for 200 seconds at Wed May 30 01:31:58 UTC 2018
5 ms. Memory: 146944K Free: 135929K (93%)
ptolemy.util.test.WatchDog.cancel(): canceling Wed May 30 01:31:58 UTC 2018
auto.tcl: Setting watchdog for 200 seconds at Wed May 30 01:31:58 UTC 2018
3 ms. Memory: 146944K Free: 134889K (92%)
ptolemy.util.test.WatchDog.cancel(): canceling Wed May 30 01:31:58 UTC 2018
------------------ testing $PTII/ptolemy/domains/de/test/auto/DepthTest5.xml
auto.tcl: Setting watchdog for 200 seconds at Wed May 30 01:31:58 UTC 2018
8 ms. Memory: 146944K Free: 134835K (92%)
ptolemy.util.test.WatchDog.cancel(): canceling Wed May 30 01:31:58 UTC 2018
auto.tcl: Setting watchdog for 200 seconds at Wed May 30 01:31:58 UTC 2018
10 ms. Memory: 146944K Free: 134835K (92%)
ptolemy.util.test.WatchDog.cancel(): canceling Wed May 30 01:31:58 UTC 2018
------------------ testing $PTII/ptolemy/domains/de/test/auto/DepthTest6.xml
auto.tcl: Setting watchdog for 200 seconds at Wed May 30 01:31:59 UTC 2018
10 ms. Memory: 146944K Free: 134795K (92%)
ptolemy.util.test.WatchDog.cancel(): canceling Wed May 30 01:31:59 UTC 2018
auto.tcl: Setting watchdog for 200 seconds at Wed May 30 01:31:59 UTC 2018
3 ms. Memory: 146944K Free: 134795K (92%)
ptolemy.util.test.WatchDog.cancel(): canceling Wed May 30 01:31:59 UTC 2018
------------------ testing $PTII/ptolemy/domains/de/test/auto/DepthTest7.xml
auto.tcl: Setting watchdog for 200 seconds at Wed May 30 01:31:59 UTC 2018
3 ms. Memory: 146944K Free: 135831K (92%)
ptolemy.util.test.WatchDog.cancel(): canceling Wed May 30 01:31:59 UTC 2018
auto.tcl: Setting watchdog for 200 seconds at Wed May 30 01:31:59 UTC 2018
3 ms. Memory: 146944K Free: 134792K (92%)
ptolemy.util.test.WatchDog.cancel(): canceling Wed May 30 01:31:59 UTC 2018
------------------ testing $PTII/ptolemy/domains/de/test/auto/EventToDate.xml
auto.tcl: Setting watchdog for 200 seconds at Wed May 30 01:31:59 UTC 2018
3018 ms. Memory: 146944K Free: 125453K (85%)
ptolemy.util.test.WatchDog.cancel(): canceling Wed May 30 01:32:02 UTC 2018
auto.tcl: Setting watchdog for 200 seconds at Wed May 30 01:32:02 UTC 2018
3005 ms. Memory: 146944K Free: 125453K (85%)
ptolemy.util.test.WatchDog.cancel(): canceling Wed May 30 01:32:05 UTC 2018
------------------ testing $PTII/ptolemy/domains/de/test/auto/FSM1.xml
auto.tcl: Setting watchdog for 200 seconds at Wed May 30 01:32:05 UTC 2018
38 ms. Memory: 146944K Free: 127764K (87%)
ptolemy.util.test.WatchDog.cancel(): canceling Wed May 30 01:32:05 UTC 2018
auto.tcl: Setting watchdog for 200 seconds at Wed May 30 01:32:05 UTC 2018
28 ms. Memory: 146944K Free: 124628K (85%)
ptolemy.util.test.WatchDog.cancel(): canceling Wed May 30 01:32:05 UTC 2018
------------------ testing $PTII/ptolemy/domains/de/test/auto/FSM7.xml
auto.tcl: Setting watchdog for 200 seconds at Wed May 30 01:32:05 UTC 2018
16 ms. Memory: 146944K Free: 126907K (86%)
ptolemy.util.test.WatchDog.cancel(): canceling Wed May 30 01:32:05 UTC 2018
auto.tcl: Setting watchdog for 200 seconds at Wed May 30 01:32:05 UTC 2018
19 ms. Memory: 146944K Free: 123739K (84%)
ptolemy.util.test.WatchDog.cancel(): canceling Wed May 30 01:32:05 UTC 2018
------------------ testing $PTII/ptolemy/domains/de/test/auto/Inspection.xml
auto.tcl: Setting watchdog for 200 seconds at Wed May 30 01:32:05 UTC 2018
85 ms. Memory: 146944K Free: 127697K (87%)
ptolemy.util.test.WatchDog.cancel(): canceling Wed May 30 01:32:05 UTC 2018
auto.tcl: Setting watchdog for 200 seconds at Wed May 30 01:32:05 UTC 2018
62 ms. Memory: 146944K Free: 125609K (85%)
ptolemy.util.test.WatchDog.cancel(): canceling Wed May 30 01:32:05 UTC 2018
------------------ testing $PTII/ptolemy/domains/de/test/auto/Iteration.xml
auto.tcl: Setting watchdog for 200 seconds at Wed May 30 01:32:05 UTC 2018
18 ms. Memory: 146944K Free: 133506K (91%)
ptolemy.util.test.WatchDog.cancel(): canceling Wed May 30 01:32:05 UTC 2018
auto.tcl: Setting watchdog for 200 seconds at Wed May 30 01:32:05 UTC 2018
17 ms. Memory: 146944K Free: 132466K (90%)
ptolemy.util.test.WatchDog.cancel(): canceling Wed May 30 01:32:06 UTC 2018
------------------ testing $PTII/ptolemy/domains/de/test/auto/LineFault.xml
auto.tcl: Setting watchdog for 200 seconds at Wed May 30 01:32:06 UTC 2018
1241 ms. Memory: 146944K Free: 137415K (94%)
ptolemy.util.test.WatchDog.cancel(): canceling Wed May 30 01:32:07 UTC 2018
auto.tcl: Setting watchdog for 200 seconds at Wed May 30 01:32:07 UTC 2018
1107 ms. Memory: 146944K Free: 82160K (56%)
ptolemy.util.test.WatchDog.cancel(): canceling Wed May 30 01:32:08 UTC 2018
------------------ testing $PTII/ptolemy/domains/de/test/auto/MergeModel1Add.xml
auto.tcl: Setting watchdog for 200 seconds at Wed May 30 01:32:08 UTC 2018
38 ms. Memory: 209920K Free: 179879K (86%)
ptolemy.util.test.WatchDog.cancel(): canceling Wed May 30 01:32:09 UTC 2018
auto.tcl: Setting watchdog for 200 seconds at Wed May 30 01:32:09 UTC 2018
24 ms. Memory: 209920K Free: 177982K (85%)
ptolemy.util.test.WatchDog.cancel(): canceling Wed May 30 01:32:09 UTC 2018
------------------ testing $PTII/ptolemy/domains/de/test/auto/MergeModel2Add.xml
auto.tcl: Setting watchdog for 200 seconds at Wed May 30 01:32:09 UTC 2018
17 ms. Memory: 210432K Free: 181823K (86%)
ptolemy.util.test.WatchDog.cancel(): canceling Wed May 30 01:32:09 UTC 2018
auto.tcl: Setting watchdog for 200 seconds at Wed May 30 01:32:09 UTC 2018
18 ms. Memory: 210432K Free: 181823K (86%)
ptolemy.util.test.WatchDog.cancel(): canceling Wed May 30 01:32:09 UTC 2018
------------------ testing $PTII/ptolemy/domains/de/test/auto/MergeModel3Add.xml
auto.tcl: Setting watchdog for 200 seconds at Wed May 30 01:32:09 UTC 2018
15 ms. Memory: 209920K Free: 183089K (87%)
ptolemy.util.test.WatchDog.cancel(): canceling Wed May 30 01:32:09 UTC 2018
auto.tcl: Setting watchdog for 200 seconds at Wed May 30 01:32:09 UTC 2018
17 ms. Memory: 209920K Free: 181201K (86%)
ptolemy.util.test.WatchDog.cancel(): canceling Wed May 30 01:32:09 UTC 2018
------------------ testing $PTII/ptolemy/domains/de/test/auto/MergeWithoutDiscard.xml
auto.tcl: Setting watchdog for 200 seconds at Wed May 30 01:32:09 UTC 2018
3 ms. Memory: 210432K Free: 198151K (94%)
ptolemy.util.test.WatchDog.cancel(): canceling Wed May 30 01:32:09 UTC 2018
auto.tcl: Setting watchdog for 200 seconds at Wed May 30 01:32:09 UTC 2018
1 ms. Memory: 210432K Free: 198151K (94%)
ptolemy.util.test.WatchDog.cancel(): canceling Wed May 30 01:32:09 UTC 2018
------------------ testing $PTII/ptolemy/domains/de/test/auto/Modal1.xml
auto.tcl: Setting watchdog for 200 seconds at Wed May 30 01:32:09 UTC 2018
21 ms. Memory: 210432K Free: 190205K (90%)
ptolemy.util.test.WatchDog.cancel(): canceling Wed May 30 01:32:09 UTC 2018
auto.tcl: Setting watchdog for 200 seconds at Wed May 30 01:32:09 UTC 2018
37 ms. Memory: 210432K Free: 186421K (89%)
ptolemy.util.test.WatchDog.cancel(): canceling Wed May 30 01:32:09 UTC 2018
------------------ testing $PTII/ptolemy/domains/de/test/auto/Modal2.xml
auto.tcl: Setting watchdog for 200 seconds at Wed May 30 01:32:09 UTC 2018
13 ms. Memory: 210432K Free: 190087K (90%)
ptolemy.util.test.WatchDog.cancel(): canceling Wed May 30 01:32:09 UTC 2018
auto.tcl: Setting watchdog for 200 seconds at Wed May 30 01:32:09 UTC 2018
16 ms. Memory: 210432K Free: 186279K (89%)
ptolemy.util.test.WatchDog.cancel(): canceling Wed May 30 01:32:09 UTC 2018
------------------ testing $PTII/ptolemy/domains/de/test/auto/Modal3.xml
auto.tcl: Setting watchdog for 200 seconds at Wed May 30 01:32:09 UTC 2018
19 ms. Memory: 210432K Free: 190086K (90%)
ptolemy.util.test.WatchDog.cancel(): canceling Wed May 30 01:32:09 UTC 2018
auto.tcl: Setting watchdog for 200 seconds at Wed May 30 01:32:09 UTC 2018
17 ms. Memory: 210432K Free: 186293K (89%)
ptolemy.util.test.WatchDog.cancel(): canceling Wed May 30 01:32:09 UTC 2018
------------------ testing $PTII/ptolemy/domains/de/test/auto/Modal4.xml
auto.tcl: Setting watchdog for 200 seconds at Wed May 30 01:32:09 UTC 2018
30 ms. Memory: 208384K Free: 185526K (89%)
ptolemy.util.test.WatchDog.cancel(): canceling Wed May 30 01:32:10 UTC 2018
auto.tcl: Setting watchdog for 200 seconds at Wed May 30 01:32:10 UTC 2018
28 ms. Memory: 208384K Free: 181750K (87%)
ptolemy.util.test.WatchDog.cancel(): canceling Wed May 30 01:32:10 UTC 2018
------------------ testing $PTII/ptolemy/domains/de/test/auto/Modal5.xml
auto.tcl: Setting watchdog for 200 seconds at Wed May 30 01:32:10 UTC 2018
34 ms. Memory: 209920K Free: 189660K (90%)
ptolemy.util.test.WatchDog.cancel(): canceling Wed May 30 01:32:10 UTC 2018
auto.tcl: Setting watchdog for 200 seconds at Wed May 30 01:32:10 UTC 2018
19 ms. Memory: 209920K Free: 185859K (89%)
ptolemy.util.test.WatchDog.cancel(): canceling Wed May 30 01:32:10 UTC 2018
------------------ testing $PTII/ptolemy/domains/de/test/auto/Modal6.xml
auto.tcl: Setting watchdog for 200 seconds at Wed May 30 01:32:10 UTC 2018
16 ms. Memory: 209920K Free: 189650K (90%)
ptolemy.util.test.WatchDog.cancel(): canceling Wed May 30 01:32:10 UTC 2018
auto.tcl: Setting watchdog for 200 seconds at Wed May 30 01:32:10 UTC 2018
19 ms. Memory: 209920K Free: 185873K (89%)
ptolemy.util.test.WatchDog.cancel(): canceling Wed May 30 01:32:10 UTC 2018
------------------ testing $PTII/ptolemy/domains/de/test/auto/Modal7.xml
auto.tcl: Setting watchdog for 200 seconds at Wed May 30 01:32:10 UTC 2018
23 ms. Memory: 209920K Free: 187682K (89%)
ptolemy.util.test.WatchDog.cancel(): canceling Wed May 30 01:32:10 UTC 2018
auto.tcl: Setting watchdog for 200 seconds at Wed May 30 01:32:10 UTC 2018
15 ms. Memory: 209920K Free: 185794K (89%)
ptolemy.util.test.WatchDog.cancel(): canceling Wed May 30 01:32:10 UTC 2018
------------------ testing $PTII/ptolemy/domains/de/test/auto/ModalModel.xml
auto.tcl: Setting watchdog for 200 seconds at Wed May 30 01:32:10 UTC 2018
339 ms. Memory: 209920K Free: 128811K (61%)
ptolemy.util.test.WatchDog.cancel(): canceling Wed May 30 01:32:11 UTC 2018
auto.tcl: Setting watchdog for 200 seconds at Wed May 30 01:32:11 UTC 2018
313 ms. Memory: 209920K Free: 196963K (94%)
ptolemy.util.test.WatchDog.cancel(): canceling Wed May 30 01:32:11 UTC 2018
------------------ testing $PTII/ptolemy/domains/de/test/auto/ModalSource.xml
auto.tcl: Setting watchdog for 200 seconds at Wed May 30 01:32:11 UTC 2018
9 ms. Memory: 209920K Free: 194707K (93%)
ptolemy.util.test.WatchDog.cancel(): canceling Wed May 30 01:32:11 UTC 2018
auto.tcl: Setting watchdog for 200 seconds at Wed May 30 01:32:11 UTC 2018
10 ms. Memory: 209920K Free: 192971K (92%)
ptolemy.util.test.WatchDog.cancel(): canceling Wed May 30 01:32:11 UTC 2018
------------------ testing $PTII/ptolemy/domains/de/test/auto/NonInterruptibleTimerZeroDelay.xml
auto.tcl: Setting watchdog for 200 seconds at Wed May 30 01:32:11 UTC 2018
5 ms. Memory: 336896K Free: 325123K (97%)
ptolemy.util.test.WatchDog.cancel(): canceling Wed May 30 01:32:11 UTC 2018
auto.tcl: Setting watchdog for 200 seconds at Wed May 30 01:32:11 UTC 2018
4 ms. Memory: 336896K Free: 321650K (95%)
ptolemy.util.test.WatchDog.cancel(): canceling Wed May 30 01:32:11 UTC 2018
------------------ testing $PTII/ptolemy/domains/de/test/auto/OpenQueueingNetwork.xml
auto.tcl: Setting watchdog for 200 seconds at Wed May 30 01:32:11 UTC 2018
5392 ms. Memory: 313344K Free: 173984K (56%)
ptolemy.util.test.WatchDog.cancel(): canceling Wed May 30 01:32:17 UTC 2018
auto.tcl: Setting watchdog for 200 seconds at Wed May 30 01:32:17 UTC 2018
3218 ms. Memory: 284160K Free: 266969K (94%)
ptolemy.util.test.WatchDog.cancel(): canceling Wed May 30 01:32:20 UTC 2018
------------------ testing $PTII/ptolemy/domains/de/test/auto/OpenQueuingNetwork.xml
auto.tcl: Setting watchdog for 200 seconds at Wed May 30 01:32:20 UTC 2018
391 ms. Memory: 285696K Free: 188911K (66%)
ptolemy.util.test.WatchDog.cancel(): canceling Wed May 30 01:32:20 UTC 2018
auto.tcl: Setting watchdog for 200 seconds at Wed May 30 01:32:20 UTC 2018
363 ms. Memory: 285696K Free: 129003K (45%)
ptolemy.util.test.WatchDog.cancel(): canceling Wed May 30 01:32:21 UTC 2018
------------------ testing $PTII/ptolemy/domains/de/test/auto/PeriodicSampler.xml
auto.tcl: Setting watchdog for 200 seconds at Wed May 30 01:32:21 UTC 2018
3 ms. Memory: 284672K Free: 268490K (94%)
ptolemy.util.test.WatchDog.cancel(): canceling Wed May 30 01:32:21 UTC 2018
auto.tcl: Setting watchdog for 200 seconds at Wed May 30 01:32:21 UTC 2018
3 ms. Memory: 284672K Free: 268490K (94%)
ptolemy.util.test.WatchDog.cancel(): canceling Wed May 30 01:32:21 UTC 2018
------------------ testing $PTII/ptolemy/domains/de/test/auto/PersistentIO.xml
auto.tcl: Setting watchdog for 200 seconds at Wed May 30 01:32:21 UTC 2018
11 ms. Memory: 284160K Free: 262844K (92%)
ptolemy.util.test.WatchDog.cancel(): canceling Wed May 30 01:32:21 UTC 2018
auto.tcl: Setting watchdog for 200 seconds at Wed May 30 01:32:21 UTC 2018
6 ms. Memory: 284160K Free: 262844K (92%)
ptolemy.util.test.WatchDog.cancel(): canceling Wed May 30 01:32:21 UTC 2018
------------------ testing $PTII/ptolemy/domains/de/test/auto/PortParameterResetOnInitialize.xml
auto.tcl: Setting watchdog for 200 seconds at Wed May 30 01:32:21 UTC 2018
4 ms. Memory: 284160K Free: 268447K (94%)
ptolemy.util.test.WatchDog.cancel(): canceling Wed May 30 01:32:21 UTC 2018
auto.tcl: Setting watchdog for 200 seconds at Wed May 30 01:32:21 UTC 2018
3 ms. Memory: 284160K Free: 268447K (94%)
ptolemy.util.test.WatchDog.cancel(): canceling Wed May 30 01:32:21 UTC 2018
------------------ testing $PTII/ptolemy/domains/de/test/auto/PortParameterUpdates.xml
auto.tcl: Setting watchdog for 200 seconds at Wed May 30 01:32:21 UTC 2018
13 ms. Memory: 285184K Free: 269554K (95%)
ptolemy.util.test.WatchDog.cancel(): canceling Wed May 30 01:32:21 UTC 2018
auto.tcl: Setting watchdog for 200 seconds at Wed May 30 01:32:21 UTC 2018
7 ms. Memory: 285184K Free: 266696K (94%)
ptolemy.util.test.WatchDog.cancel(): canceling Wed May 30 01:32:21 UTC 2018
------------------ testing $PTII/ptolemy/domains/de/test/auto/QueueAndServer.xml
auto.tcl: Setting watchdog for 200 seconds at Wed May 30 01:32:21 UTC 2018
25 ms. Memory: 284160K Free: 265642K (93%)
ptolemy.util.test.WatchDog.cancel(): canceling Wed May 30 01:32:21 UTC 2018
auto.tcl: Setting watchdog for 200 seconds at Wed May 30 01:32:21 UTC 2018
15 ms. Memory: 284160K Free: 265642K (93%)
ptolemy.util.test.WatchDog.cancel(): canceling Wed May 30 01:32:21 UTC 2018
------------------ testing $PTII/ptolemy/domains/de/test/auto/Records.xml
auto.tcl: Setting watchdog for 200 seconds at Wed May 30 01:32:21 UTC 2018
11 ms. Memory: 285184K Free: 271495K (95%)
ptolemy.util.test.WatchDog.cancel(): canceling Wed May 30 01:32:21 UTC 2018
auto.tcl: Setting watchdog for 200 seconds at Wed May 30 01:32:21 UTC 2018
3 ms. Memory: 285184K Free: 271495K (95%)
ptolemy.util.test.WatchDog.cancel(): canceling Wed May 30 01:32:21 UTC 2018
------------------ testing $PTII/ptolemy/domains/de/test/auto/ResetTransitionWithStartTime1.xml
auto.tcl: Setting watchdog for 200 seconds at Wed May 30 01:32:21 UTC 2018
11 ms. Memory: 284160K Free: 267614K (94%)
ptolemy.util.test.WatchDog.cancel(): canceling Wed May 30 01:32:22 UTC 2018
auto.tcl: Setting watchdog for 200 seconds at Wed May 30 01:32:22 UTC 2018
9 ms. Memory: 284160K Free: 264747K (93%)
ptolemy.util.test.WatchDog.cancel(): canceling Wed May 30 01:32:22 UTC 2018
------------------ testing $PTII/ptolemy/domains/de/test/auto/ResetTransitionWithStartTime2.xml
auto.tcl: Setting watchdog for 200 seconds at Wed May 30 01:32:22 UTC 2018
7 ms. Memory: 285184K Free: 268694K (94%)
ptolemy.util.test.WatchDog.cancel(): canceling Wed May 30 01:32:22 UTC 2018
auto.tcl: Setting watchdog for 200 seconds at Wed May 30 01:32:22 UTC 2018
9 ms. Memory: 285184K Free: 265819K (93%)
ptolemy.util.test.WatchDog.cancel(): canceling Wed May 30 01:32:22 UTC 2018
------------------ testing $PTII/ptolemy/domains/de/test/auto/ResetTransitionWithStartTime3.xml
auto.tcl: Setting watchdog for 200 seconds at Wed May 30 01:32:22 UTC 2018
7 ms. Memory: 284160K Free: 267626K (94%)
ptolemy.util.test.WatchDog.cancel(): canceling Wed May 30 01:32:22 UTC 2018
auto.tcl: Setting watchdog for 200 seconds at Wed May 30 01:32:22 UTC 2018
9 ms. Memory: 284160K Free: 264751K (93%)
ptolemy.util.test.WatchDog.cancel(): canceling Wed May 30 01:32:22 UTC 2018
------------------ testing $PTII/ptolemy/domains/de/test/auto/ResetTransitionWithStartTime4.xml
auto.tcl: Setting watchdog for 200 seconds at Wed May 30 01:32:22 UTC 2018
7 ms. Memory: 284672K Free: 268186K (94%)
ptolemy.util.test.WatchDog.cancel(): canceling Wed May 30 01:32:22 UTC 2018
auto.tcl: Setting watchdog for 200 seconds at Wed May 30 01:32:22 UTC 2018
4 ms. Memory: 284672K Free: 268186K (94%)
ptolemy.util.test.WatchDog.cancel(): canceling Wed May 30 01:32:22 UTC 2018
------------------ testing $PTII/ptolemy/domains/de/test/auto/ResettableTimer1.xml
auto.tcl: Setting watchdog for 200 seconds at Wed May 30 01:32:22 UTC 2018
4 ms. Memory: 284160K Free: 268484K (94%)
ptolemy.util.test.WatchDog.cancel(): canceling Wed May 30 01:32:22 UTC 2018
auto.tcl: Setting watchdog for 200 seconds at Wed May 30 01:32:22 UTC 2018
4 ms. Memory: 284160K Free: 268484K (94%)
ptolemy.util.test.WatchDog.cancel(): canceling Wed May 30 01:32:22 UTC 2018
------------------ testing $PTII/ptolemy/domains/de/test/auto/ResettableTimer2.xml
auto.tcl: Setting watchdog for 200 seconds at Wed May 30 01:32:22 UTC 2018
5 ms. Memory: 284672K Free: 269071K (95%)
ptolemy.util.test.WatchDog.cancel(): canceling Wed May 30 01:32:22 UTC 2018
auto.tcl: Setting watchdog for 200 seconds at Wed May 30 01:32:22 UTC 2018
3 ms. Memory: 284672K Free: 269071K (95%)
ptolemy.util.test.WatchDog.cancel(): canceling Wed May 30 01:32:22 UTC 2018
------------------ testing $PTII/ptolemy/domains/de/test/auto/ResettableTimer3.xml
auto.tcl: Setting watchdog for 200 seconds at Wed May 30 01:32:22 UTC 2018
2 ms. Memory: 284160K Free: 268500K (94%)
ptolemy.util.test.WatchDog.cancel(): canceling Wed May 30 01:32:22 UTC 2018
auto.tcl: Setting watchdog for 200 seconds at Wed May 30 01:32:22 UTC 2018
2 ms. Memory: 284160K Free: 268500K (94%)
ptolemy.util.test.WatchDog.cancel(): canceling Wed May 30 01:32:22 UTC 2018
------------------ testing $PTII/ptolemy/domains/de/test/auto/ResettableTimer4.xml
auto.tcl: Setting watchdog for 200 seconds at Wed May 30 01:32:22 UTC 2018
2 ms. Memory: 284672K Free: 269067K (95%)
ptolemy.util.test.WatchDog.cancel(): canceling Wed May 30 01:32:22 UTC 2018
auto.tcl: Setting watchdog for 200 seconds at Wed May 30 01:32:22 UTC 2018
5 ms. Memory: 284672K Free: 269067K (95%)
ptolemy.util.test.WatchDog.cancel(): canceling Wed May 30 01:32:22 UTC 2018
------------------ testing $PTII/ptolemy/domains/de/test/auto/ResettableTimer5.xml
auto.tcl: Setting watchdog for 200 seconds at Wed May 30 01:32:22 UTC 2018
4 ms. Memory: 284160K Free: 268526K (94%)
ptolemy.util.test.WatchDog.cancel(): canceling Wed May 30 01:32:22 UTC 2018
auto.tcl: Setting watchdog for 200 seconds at Wed May 30 01:32:22 UTC 2018
4 ms. Memory: 284160K Free: 268526K (94%)
ptolemy.util.test.WatchDog.cancel(): canceling Wed May 30 01:32:22 UTC 2018
------------------ testing $PTII/ptolemy/domains/de/test/auto/ResettableTimer6.xml
auto.tcl: Setting watchdog for 200 seconds at Wed May 30 01:32:22 UTC 2018
2 ms. Memory: 284672K Free: 270999K (95%)
ptolemy.util.test.WatchDog.cancel(): canceling Wed May 30 01:32:22 UTC 2018
auto.tcl: Setting watchdog for 200 seconds at Wed May 30 01:32:22 UTC 2018
2 ms. Memory: 284672K Free: 270999K (95%)
ptolemy.util.test.WatchDog.cancel(): canceling Wed May 30 01:32:22 UTC 2018
------------------ testing $PTII/ptolemy/domains/de/test/auto/ServerZeroDelay.xml
auto.tcl: Setting watchdog for 200 seconds at Wed May 30 01:32:22 UTC 2018
6 ms. Memory: 284160K Free: 270528K (95%)
ptolemy.util.test.WatchDog.cancel(): canceling Wed May 30 01:32:22 UTC 2018
auto.tcl: Setting watchdog for 200 seconds at Wed May 30 01:32:22 UTC 2018
4 ms. Memory: 284160K Free: 270528K (95%)
ptolemy.util.test.WatchDog.cancel(): canceling Wed May 30 01:32:22 UTC 2018
------------------ testing $PTII/ptolemy/domains/de/test/auto/SmartSender.xml
auto.tcl: Setting watchdog for 200 seconds at Wed May 30 01:32:22 UTC 2018
3003 ms. Memory: 284672K Free: 269015K (94%)
ptolemy.util.test.WatchDog.cancel(): canceling Wed May 30 01:32:26 UTC 2018
auto.tcl: Setting watchdog for 200 seconds at Wed May 30 01:32:26 UTC 2018
3003 ms. Memory: 284672K Free: 269015K (94%)
ptolemy.util.test.WatchDog.cancel(): canceling Wed May 30 01:32:29 UTC 2018
------------------ testing $PTII/ptolemy/domains/de/test/auto/ThreadedComposite.xml
auto.tcl: Setting watchdog for 200 seconds at Wed May 30 01:32:29 UTC 2018
452 ms. Memory: 284160K Free: 243630K (86%)
ptolemy.util.test.WatchDog.cancel(): canceling Wed May 30 01:32:29 UTC 2018
auto.tcl: Setting watchdog for 200 seconds at Wed May 30 01:32:29 UTC 2018
319 ms. Memory: 284160K Free: 225747K (79%)
ptolemy.util.test.WatchDog.cancel(): canceling Wed May 30 01:32:29 UTC 2018
------------------ testing $PTII/ptolemy/domains/de/test/auto/Time.xml
auto.tcl: Setting watchdog for 200 seconds at Wed May 30 01:32:29 UTC 2018
1092 ms. Memory: 284672K Free: 220022K (77%)
ptolemy.util.test.WatchDog.cancel(): canceling Wed May 30 01:32:31 UTC 2018
auto.tcl: Setting watchdog for 200 seconds at Wed May 30 01:32:31 UTC 2018
1021 ms. Memory: 284672K Free: 168565K (59%)
ptolemy.util.test.WatchDog.cancel(): canceling Wed May 30 01:32:32 UTC 2018
------------------ testing $PTII/ptolemy/domains/de/test/auto/TimeDelayZeroDelay.xml
auto.tcl: Setting watchdog for 200 seconds at Wed May 30 01:32:32 UTC 2018
2 ms. Memory: 284160K Free: 271017K (95%)
ptolemy.util.test.WatchDog.cancel(): canceling Wed May 30 01:32:32 UTC 2018
auto.tcl: Setting watchdog for 200 seconds at Wed May 30 01:32:32 UTC 2018
3 ms. Memory: 284160K Free: 271017K (95%)
ptolemy.util.test.WatchDog.cancel(): canceling Wed May 30 01:32:32 UTC 2018
------------------ testing $PTII/ptolemy/domains/de/test/auto/TimerZeroDelay.xml
auto.tcl: Setting watchdog for 200 seconds at Wed May 30 01:32:32 UTC 2018
3 ms. Memory: 284672K Free: 271592K (95%)
ptolemy.util.test.WatchDog.cancel(): canceling Wed May 30 01:32:32 UTC 2018
auto.tcl: Setting watchdog for 200 seconds at Wed May 30 01:32:32 UTC 2018
3 ms. Memory: 284672K Free: 271592K (95%)
ptolemy.util.test.WatchDog.cancel(): canceling Wed May 30 01:32:32 UTC 2018
------------------ testing $PTII/ptolemy/domains/de/test/auto/TimingParadox.xml
auto.tcl: Setting watchdog for 200 seconds at Wed May 30 01:32:32 UTC 2018
584 ms. Memory: 284160K Free: 207811K (73%)
ptolemy.util.test.WatchDog.cancel(): canceling Wed May 30 01:32:33 UTC 2018
auto.tcl: Setting watchdog for 200 seconds at Wed May 30 01:32:33 UTC 2018
535 ms. Memory: 284160K Free: 174539K (61%)
ptolemy.util.test.WatchDog.cancel(): canceling Wed May 30 01:32:33 UTC 2018
------------------ testing $PTII/ptolemy/domains/de/test/auto/TransferInputs.xml
auto.tcl: Setting watchdog for 200 seconds at Wed May 30 01:32:33 UTC 2018
4 ms. Memory: 284672K Free: 270465K (95%)
ptolemy.util.test.WatchDog.cancel(): canceling Wed May 30 01:32:33 UTC 2018
auto.tcl: Setting watchdog for 200 seconds at Wed May 30 01:32:33 UTC 2018
2 ms. Memory: 284672K Free: 270465K (95%)
ptolemy.util.test.WatchDog.cancel(): canceling Wed May 30 01:32:33 UTC 2018
------------------ testing $PTII/ptolemy/domains/de/test/auto/TransferOutputs2.xml
auto.tcl: Setting watchdog for 200 seconds at Wed May 30 01:32:33 UTC 2018
15 ms. Memory: 284160K Free: 266453K (94%)
ptolemy.util.test.WatchDog.cancel(): canceling Wed May 30 01:32:33 UTC 2018
auto.tcl: Setting watchdog for 200 seconds at Wed May 30 01:32:33 UTC 2018
5 ms. Memory: 284160K Free: 263878K (93%)
ptolemy.util.test.WatchDog.cancel(): canceling Wed May 30 01:32:33 UTC 2018
------------------ testing $PTII/ptolemy/domains/de/test/auto/Trilateration.xml
auto.tcl: Setting watchdog for 200 seconds at Wed May 30 01:32:33 UTC 2018
16682 ms. Memory: 308736K Free: 231781K (75%)
ptolemy.util.test.WatchDog.cancel(): canceling Wed May 30 01:32:52 UTC 2018
auto.tcl: Setting watchdog for 200 seconds at Wed May 30 01:32:52 UTC 2018
13637 ms. Memory: 204800K Free: 126941K (62%)
ptolemy.util.test.WatchDog.cancel(): canceling Wed May 30 01:33:05 UTC 2018
------------------ testing $PTII/ptolemy/domains/de/test/auto/TwoSigmaDelta.xml
auto.tcl: Setting watchdog for 200 seconds at Wed May 30 01:33:06 UTC 2018
3918 ms. Memory: 194560K Free: 139740K (72%)
ptolemy.util.test.WatchDog.cancel(): canceling Wed May 30 01:33:10 UTC 2018
auto.tcl: Setting watchdog for 200 seconds at Wed May 30 01:33:10 UTC 2018
2635 ms. Memory: 186368K Free: 120790K (65%)
ptolemy.util.test.WatchDog.cancel(): canceling Wed May 30 01:33:12 UTC 2018
------------------ testing $PTII/ptolemy/domains/de/test/auto/VariableDelay.xml
auto.tcl: Setting watchdog for 200 seconds at Wed May 30 01:33:12 UTC 2018
3 ms. Memory: 187392K Free: 173779K (93%)
ptolemy.util.test.WatchDog.cancel(): canceling Wed May 30 01:33:12 UTC 2018
auto.tcl: Setting watchdog for 200 seconds at Wed May 30 01:33:12 UTC 2018
2 ms. Memory: 187392K Free: 173779K (93%)
ptolemy.util.test.WatchDog.cancel(): canceling Wed May 30 01:33:12 UTC 2018
------------------ testing $PTII/ptolemy/domains/de/test/auto/VariableDelay2.xml
auto.tcl: Setting watchdog for 200 seconds at Wed May 30 01:33:12 UTC 2018
10 ms. Memory: 186368K Free: 173179K (93%)
ptolemy.util.test.WatchDog.cancel(): canceling Wed May 30 01:33:12 UTC 2018
auto.tcl: Setting watchdog for 200 seconds at Wed May 30 01:33:12 UTC 2018
3 ms. Memory: 186368K Free: 173179K (93%)
ptolemy.util.test.WatchDog.cancel(): canceling Wed May 30 01:33:12 UTC 2018
------------------ testing $PTII/ptolemy/domains/de/test/auto/VariableDelayZeroDelay.xml
auto.tcl: Setting watchdog for 200 seconds at Wed May 30 01:33:12 UTC 2018
2 ms. Memory: 186880K Free: 175366K (94%)
ptolemy.util.test.WatchDog.cancel(): canceling Wed May 30 01:33:12 UTC 2018
auto.tcl: Setting watchdog for 200 seconds at Wed May 30 01:33:12 UTC 2018
3 ms. Memory: 186880K Free: 173689K (93%)
ptolemy.util.test.WatchDog.cancel(): canceling Wed May 30 01:33:12 UTC 2018
------------------ testing $PTII/ptolemy/domains/de/test/auto/VariableDelayZeroDelay2.xml
auto.tcl: Setting watchdog for 200 seconds at Wed May 30 01:33:13 UTC 2018
3 ms. Memory: 186368K Free: 173152K (93%)
ptolemy.util.test.WatchDog.cancel(): canceling Wed May 30 01:33:13 UTC 2018
auto.tcl: Setting watchdog for 200 seconds at Wed May 30 01:33:13 UTC 2018
3 ms. Memory: 186368K Free: 173152K (93%)
ptolemy.util.test.WatchDog.cancel(): canceling Wed May 30 01:33:13 UTC 2018
------------------ testing $PTII/ptolemy/domains/de/test/auto/deInCt.xml
auto.tcl: Setting watchdog for 200 seconds at Wed May 30 01:33:13 UTC 2018
0
1
1
1
1
0
0
0
1
1
1
1
0
0
1
1
1
0
0
0
1
1
1
1
1
0
0
0
0
1
1
1
1
1
14 ms. Memory: 186880K Free: 173675K (93%)
ptolemy.util.test.WatchDog.cancel(): canceling Wed May 30 01:33:13 UTC 2018
auto.tcl: Setting watchdog for 200 seconds at Wed May 30 01:33:13 UTC 2018
0
1
1
1
1
0
0
1
1
1
1
1
1
1
1
1
1
1
8 ms. Memory: 186880K Free: 171991K (92%)
ptolemy.util.test.WatchDog.cancel(): canceling Wed May 30 01:33:13 UTC 2018
------------------ testing $PTII/ptolemy/domains/de/test/auto/deInCt2.xml
auto.tcl: Setting watchdog for 200 seconds at Wed May 30 01:33:13 UTC 2018
0
1
1
1
0
0
1
1
1
0
0
1
1
1
0
0
1
1
1
0
0
1
1
1
0
0
1
1
1
0
0
1
1
1
0
0
1
1
1
0
0
0
20 ms. Memory: 186368K Free: 173163K (93%)
ptolemy.util.test.WatchDog.cancel(): canceling Wed May 30 01:33:13 UTC 2018
auto.tcl: Setting watchdog for 200 seconds at Wed May 30 01:33:13 UTC 2018
0
1
1
1
0
0
1
1
1
0
0
1
1
1
0
0
1
1
1
0
0
1
1
1
0
0
1
1
1
0
0
1
1
1
0
0
1
1
1
0
0
0
7 ms. Memory: 186368K Free: 171487K (92%)
ptolemy.util.test.WatchDog.cancel(): canceling Wed May 30 01:33:13 UTC 2018
------------------ testing $PTII/ptolemy/domains/de/test/auto/dynamicCausalityInterface1.xml
auto.tcl: Setting watchdog for 200 seconds at Wed May 30 01:33:13 UTC 2018
5 ms. Memory: 186880K Free: 169701K (91%)
ptolemy.util.test.WatchDog.cancel(): canceling Wed May 30 01:33:13 UTC 2018
auto.tcl: Setting watchdog for 200 seconds at Wed May 30 01:33:13 UTC 2018
1 ms. Memory: 186880K Free: 169701K (91%)
ptolemy.util.test.WatchDog.cancel(): canceling Wed May 30 01:33:13 UTC 2018
------------------ testing $PTII/ptolemy/domains/de/test/auto/fsm_de_test.xml
auto.tcl: Setting watchdog for 200 seconds at Wed May 30 01:33:13 UTC 2018
8 ms. Memory: 186368K Free: 169685K (91%)
ptolemy.util.test.WatchDog.cancel(): canceling Wed May 30 01:33:13 UTC 2018
auto.tcl: Setting watchdog for 200 seconds at Wed May 30 01:33:13 UTC 2018
6 ms. Memory: 186368K Free: 167993K (90%)
ptolemy.util.test.WatchDog.cancel(): canceling Wed May 30 01:33:13 UTC 2018
------------------ testing $PTII/ptolemy/domains/de/test/auto/functionDependencyReconstruction.xml
auto.tcl: Setting watchdog for 200 seconds at Wed May 30 01:33:13 UTC 2018
4 ms. Memory: 186880K Free: 161782K (87%)
ptolemy.util.test.WatchDog.cancel(): canceling Wed May 30 01:33:13 UTC 2018
auto.tcl: Setting watchdog for 200 seconds at Wed May 30 01:33:13 UTC 2018
4 ms. Memory: 186880K Free: 160090K (86%)
ptolemy.util.test.WatchDog.cancel(): canceling Wed May 30 01:33:13 UTC 2018
------------------ testing $PTII/ptolemy/domains/de/test/auto/multirate.xml
auto.tcl: Setting watchdog for 200 seconds at Wed May 30 01:33:13 UTC 2018
5 ms. Memory: 186368K Free: 171230K (92%)
ptolemy.util.test.WatchDog.cancel(): canceling Wed May 30 01:33:13 UTC 2018
auto.tcl: Setting watchdog for 200 seconds at Wed May 30 01:33:13 UTC 2018
8 ms. Memory: 186368K Free: 169552K (91%)
ptolemy.util.test.WatchDog.cancel(): canceling Wed May 30 01:33:13 UTC 2018
------------------ testing $PTII/ptolemy/domains/de/test/auto/multirate2.xml
auto.tcl: Setting watchdog for 200 seconds at Wed May 30 01:33:13 UTC 2018
7 ms. Memory: 186880K Free: 171923K (92%)
ptolemy.util.test.WatchDog.cancel(): canceling Wed May 30 01:33:13 UTC 2018
auto.tcl: Setting watchdog for 200 seconds at Wed May 30 01:33:13 UTC 2018
6 ms. Memory: 186880K Free: 170246K (91%)
ptolemy.util.test.WatchDog.cancel(): canceling Wed May 30 01:33:13 UTC 2018
------------------ testing $PTII/ptolemy/domains/de/test/auto/realtime.xml
auto.tcl: Setting watchdog for 200 seconds at Wed May 30 01:33:13 UTC 2018
10002 ms. Memory: 186368K Free: 174157K (93%)
ptolemy.util.test.WatchDog.cancel(): canceling Wed May 30 01:33:23 UTC 2018
auto.tcl: Setting watchdog for 200 seconds at Wed May 30 01:33:23 UTC 2018
10002 ms. Memory: 186368K Free: 174157K (93%)
ptolemy.util.test.WatchDog.cancel(): canceling Wed May 30 01:33:33 UTC 2018
------------------ testing $PTII/ptolemy/domains/de/test/auto/relationGroup.xml
auto.tcl: Setting watchdog for 200 seconds at Wed May 30 01:33:33 UTC 2018
1 ms. Memory: 186880K Free: 176373K (94%)
ptolemy.util.test.WatchDog.cancel(): canceling Wed May 30 01:33:33 UTC 2018
auto.tcl: Setting watchdog for 200 seconds at Wed May 30 01:33:33 UTC 2018
1 ms. Memory: 186880K Free: 176373K (94%)
ptolemy.util.test.WatchDog.cancel(): canceling Wed May 30 01:33:33 UTC 2018
------------------ testing $PTII/ptolemy/domains/de/test/auto/relationGroup2.xml
auto.tcl: Setting watchdog for 200 seconds at Wed May 30 01:33:33 UTC 2018
1 ms. Memory: 186368K Free: 174854K (94%)
ptolemy.util.test.WatchDog.cancel(): canceling Wed May 30 01:33:33 UTC 2018
auto.tcl: Setting watchdog for 200 seconds at Wed May 30 01:33:33 UTC 2018
2 ms. Memory: 186368K Free: 174854K (94%)
ptolemy.util.test.WatchDog.cancel(): canceling Wed May 30 01:33:33 UTC 2018
------------------ testing $PTII/ptolemy/domains/de/test/auto/sortWithOpaquePorts.xml
auto.tcl: Setting watchdog for 200 seconds at Wed May 30 01:33:34 UTC 2018
6 ms. Memory: 186368K Free: 173163K (93%)
ptolemy.util.test.WatchDog.cancel(): canceling Wed May 30 01:33:34 UTC 2018
auto.tcl: Setting watchdog for 200 seconds at Wed May 30 01:33:34 UTC 2018
2 ms. Memory: 186368K Free: 173163K (93%)
ptolemy.util.test.WatchDog.cancel(): canceling Wed May 30 01:33:34 UTC 2018
------------------ testing $PTII/ptolemy/domains/de/test/auto/transferInputsandOutputs.xml
auto.tcl: Setting watchdog for 200 seconds at Wed May 30 01:33:34 UTC 2018
2 ms. Memory: 186368K Free: 171488K (92%)
ptolemy.util.test.WatchDog.cancel(): canceling Wed May 30 01:33:34 UTC 2018
auto.tcl: Setting watchdog for 200 seconds at Wed May 30 01:33:34 UTC 2018
2 ms. Memory: 186368K Free: 169804K (91%)
ptolemy.util.test.WatchDog.cancel(): canceling Wed May 30 01:33:34 UTC 2018
------------------ testing $PTII/ptolemy/domains/de/test/auto/triggerType.xml
auto.tcl: Setting watchdog for 200 seconds at Wed May 30 01:33:34 UTC 2018
2 ms. Memory: 186368K Free: 174777K (94%)
ptolemy.util.test.WatchDog.cancel(): canceling Wed May 30 01:33:34 UTC 2018
auto.tcl: Setting watchdog for 200 seconds at Wed May 30 01:33:34 UTC 2018
2 ms. Memory: 186368K Free: 173101K (93%)
ptolemy.util.test.WatchDog.cancel(): canceling Wed May 30 01:33:34 UTC 2018
05/30/18 01:33:34
Failed: 0  Total Tests: 192  ((Passed: 187, Newly Passed: 1)  Known Failed: 5) /home/travis/build/icyphy/ptII/ptolemy/domains/de/test
05/30/18 01:33:34
Failed: 0  Total Tests: 192  ((Passed: 187, Newly Passed: 1)  Known Failed: 5) /home/travis/build/icyphy/ptII/ptolemy/domains/de/test
----------------- testing (KnownFailure) /home/travis/build/icyphy/ptII/ptolemy/domains/de/test/auto/knownFailedTests/DESDFClockTest.xml
2017 ms. Memory: 186368K Free: 163875K (88%)
Known Failure: java.lang.reflect.InvocationTargetException
----------------- testing (KnownFailure) /home/travis/build/icyphy/ptII/ptolemy/domains/de/test/auto/knownFailedTests/DirectFeedback.xml
1 ms. Memory: 186368K Free: 153363K (82%)
Known Failure: java.lang.reflect.InvocationTargetException
----------------- testing (KnownFailure) /home/travis/build/icyphy/ptII/ptolemy/domains/de/test/auto/knownFailedTests/FSMSource.xml
6 ms. Memory: 186368K Free: 140751K (76%)
----------------- testing (KnownFailure) /home/travis/build/icyphy/ptII/ptolemy/domains/de/test/auto/knownFailedTests/HierarchicalModel.xml
4 ms. Memory: 186368K Free: 121810K (65%)
Known Failure: java.lang.reflect.InvocationTargetException
----------------- testing (KnownFailure) /home/travis/build/icyphy/ptII/ptolemy/domains/de/test/auto/knownFailedTests/dependencyLoop.xml
2 ms. Memory: 186368K Free: 100785K (54%)
Known Failure: java.lang.reflect.InvocationTargetException
----------------- testing (KnownFailure) /home/travis/build/icyphy/ptII/ptolemy/domains/de/test/auto/knownFailedTests/dependencyLoop2.xml
3 ms. Memory: 186368K Free: 79744K (43%)
Known Failure: java.lang.reflect.InvocationTargetException
No auto/linux-amd64/*.xml tests in /home/travis/build/icyphy/ptII/ptolemy/domains/de/test
AutoTests.java: About to close Vertx.
AutoTests.java: Vertx closed.
----------------- testing Wed May 30 01:33:36 UTC 2018 /home/travis/build/icyphy/ptII/ptolemy/domains/de/test/auto/ActorDepthCalculation_actorWithoutPorts.xml
----------------- Instantiating /home/travis/build/icyphy/ptII/ptolemy/domains/de/test/auto/ActorDepthCalculation_actorWithoutPorts.xml
2 ms. Memory: 182784K Free: 168387K (92%)
----------------- Invoking toplevel() on ptolemy.moml.MoMLSimpleApplication@5b623557
----------------- Done invoking toplevel() on ptolemy.moml.MoMLSimpleApplication@5b623557
reloadAllAccessors: .ActorDepthCalculation_actorWithoutPorts
----------------- testing Wed May 30 01:33:36 UTC 2018 /home/travis/build/icyphy/ptII/ptolemy/domains/de/test/auto/AssemblyLine.xml
----------------- Instantiating /home/travis/build/icyphy/ptII/ptolemy/domains/de/test/auto/AssemblyLine.xml
5 ms. Memory: 182784K Free: 159144K (87%)
----------------- Invoking toplevel() on ptolemy.moml.MoMLSimpleApplication@66640359
----------------- Done invoking toplevel() on ptolemy.moml.MoMLSimpleApplication@66640359
reloadAllAccessors: .AssemblyLine
----------------- testing Wed May 30 01:33:36 UTC 2018 /home/travis/build/icyphy/ptII/ptolemy/domains/de/test/auto/CQBug1.xml
----------------- Instantiating /home/travis/build/icyphy/ptII/ptolemy/domains/de/test/auto/CQBug1.xml
1 ms. Memory: 182784K Free: 155072K (85%)
----------------- Invoking toplevel() on ptolemy.moml.MoMLSimpleApplication@168265c
----------------- Done invoking toplevel() on ptolemy.moml.MoMLSimpleApplication@168265c
reloadAllAccessors: .CQBug1
----------------- testing Wed May 30 01:33:36 UTC 2018 /home/travis/build/icyphy/ptII/ptolemy/domains/de/test/auto/CancelFireAt.xml
----------------- Instantiating /home/travis/build/icyphy/ptII/ptolemy/domains/de/test/auto/CancelFireAt.xml
1 ms. Memory: 182784K Free: 150978K (83%)
----------------- Invoking toplevel() on ptolemy.moml.MoMLSimpleApplication@1226347d
----------------- Done invoking toplevel() on ptolemy.moml.MoMLSimpleApplication@1226347d
reloadAllAccessors: .CancelFireAt
----------------- testing Wed May 30 01:33:36 UTC 2018 /home/travis/build/icyphy/ptII/ptolemy/domains/de/test/auto/CausalityAndComposabilityAnalysis.xml
----------------- Instantiating /home/travis/build/icyphy/ptII/ptolemy/domains/de/test/auto/CausalityAndComposabilityAnalysis.xml
2 ms. Memory: 182784K Free: 145909K (80%)
----------------- Invoking toplevel() on ptolemy.moml.MoMLSimpleApplication@733f83f7
----------------- Done invoking toplevel() on ptolemy.moml.MoMLSimpleApplication@733f83f7
reloadAllAccessors: .CausalityAndComposabilityAnalysis
----------------- testing Wed May 30 01:33:36 UTC 2018 /home/travis/build/icyphy/ptII/ptolemy/domains/de/test/auto/CausalityInterface1.xml
----------------- Instantiating /home/travis/build/icyphy/ptII/ptolemy/domains/de/test/auto/CausalityInterface1.xml
3 ms. Memory: 182784K Free: 138750K (76%)
----------------- Invoking toplevel() on ptolemy.moml.MoMLSimpleApplication@7994fc98
----------------- Done invoking toplevel() on ptolemy.moml.MoMLSimpleApplication@7994fc98
reloadAllAccessors: .CausalityInterface1
----------------- testing Wed May 30 01:33:36 UTC 2018 /home/travis/build/icyphy/ptII/ptolemy/domains/de/test/auto/CausalityInterface15.xml
----------------- Instantiating /home/travis/build/icyphy/ptII/ptolemy/domains/de/test/auto/CausalityInterface15.xml
1 ms. Memory: 182784K Free: 132635K (73%)
----------------- Invoking toplevel() on ptolemy.moml.MoMLSimpleApplication@74069681
----------------- Done invoking toplevel() on ptolemy.moml.MoMLSimpleApplication@74069681
reloadAllAccessors: .CausalityInterface15
----------------- testing Wed May 30 01:33:36 UTC 2018 /home/travis/build/icyphy/ptII/ptolemy/domains/de/test/auto/CausalityInterface2.xml
----------------- Instantiating /home/travis/build/icyphy/ptII/ptolemy/domains/de/test/auto/CausalityInterface2.xml
1 ms. Memory: 182784K Free: 127549K (70%)
----------------- Invoking toplevel() on ptolemy.moml.MoMLSimpleApplication@783cec60
----------------- Done invoking toplevel() on ptolemy.moml.MoMLSimpleApplication@783cec60
reloadAllAccessors: .CausalityInterface2
----------------- testing Wed May 30 01:33:36 UTC 2018 /home/travis/build/icyphy/ptII/ptolemy/domains/de/test/auto/CausalityInterface3.xml
[...]
java.lang.RuntimeException: Execution failed
	at ptolemy.moml.MoMLSimpleApplication$UnloadThread.run(MoMLSimpleApplication.java:402)
Caused by: ptolemy.kernel.util.IllegalActionException: Test fails in iteration 1.
Value was: 1.0. Should have been: 2.0
  in .DirectFeedback.Test
	at ptolemy.actor.lib.Test.fire(Test.java:268)
	at ptolemy.domains.de.kernel.DEDirector._fire(DEDirector.java:1948)
	at ptolemy.domains.de.kernel.DEDirector.fire(DEDirector.java:502)
	at ptolemy.actor.CompositeActor.fire(CompositeActor.java:455)
	at ptolemy.actor.Manager.iterate(Manager.java:851)
	at ptolemy.actor.Manager.execute(Manager.java:369)
	at ptolemy.actor.Manager.run(Manager.java:1263)
	at ptolemy.actor.Manager$PtolemyRunThread.run(Manager.java:1915)
java.lang.RuntimeException: Execution failed
	at ptolemy.moml.MoMLSimpleApplication$UnloadThread.run(MoMLSimpleApplication.java:402)
Caused by: ptolemy.kernel.util.IllegalActionException: Actor is not ready to fire.  Perhaps UpSample.prefire() returned false? Try debugging the actor by selecting "Listen to Actor".  Also, for SDF check moml for tokenConsumptionRate on input.
  in .DESDFClockTest.Play Bell.Copy1:SDF Director and .DESDFClockTest.Play Bell.UpSample
	at ptolemy.actor.sched.StaticSchedulingDirector.fire(StaticSchedulingDirector.java:227)
	at ptolemy.domains.sdf.kernel.SDFDirector.fire(SDFDirector.java:500)
	at ptolemy.actor.CompositeActor.fire(CompositeActor.java:455)
	at ptolemy.domains.de.kernel.DEDirector._fire(DEDirector.java:1948)
	at ptolemy.domains.de.kernel.DEDirector.fire(DEDirector.java:502)
	at ptolemy.actor.CompositeActor.fire(CompositeActor.java:455)
	at ptolemy.actor.Manager.iterate(Manager.java:851)
	at ptolemy.actor.Manager.execute(Manager.java:369)
	at ptolemy.actor.Manager.run(Manager.java:1263)
	at ptolemy.actor.Manager$PtolemyRunThread.run(Manager.java:1915)
java.lang.reflect.InvocationTargetException
	at sun.reflect.NativeConstructorAccessorImpl.newInstance0(Native Method)
	at sun.reflect.NativeConstructorAccessorImpl.newInstance(NativeConstructorAccessorImpl.java:62)
	at sun.reflect.DelegatingConstructorAccessorImpl.newInstance(DelegatingConstructorAccessorImpl.java:45)
	at java.lang.reflect.Constructor.newInstance(Constructor.java:423)
	at ptolemy.util.test.junit.AutoKnownFailedTests.RunModel(AutoKnownFailedTests.java:107)
	at sun.reflect.NativeMethodAccessorImpl.invoke0(Native Method)
	at sun.reflect.NativeMethodAccessorImpl.invoke(NativeMethodAccessorImpl.java:62)
	at sun.reflect.DelegatingMethodAccessorImpl.invoke(DelegatingMethodAccessorImpl.java:43)
	at java.lang.reflect.Method.invoke(Method.java:498)
	at org.junit.runners.model.FrameworkMethod$1.runReflectiveCall(FrameworkMethod.java:44)
	at org.junit.internal.runners.model.ReflectiveCallable.run(ReflectiveCallable.java:15)
	at org.junit.runners.model.FrameworkMethod.invokeExplosively(FrameworkMethod.java:41)
	at junitparams.internal.InvokeParameterisedMethod.evaluate(InvokeParameterisedMethod.java:102)
	at org.junit.internal.runners.statements.FailOnTimeout$1.run(FailOnTimeout.java:28)
Caused by: ptolemy.kernel.util.IllegalActionException: Actor is not ready to fire.  Perhaps UpSample.prefire() returned false? Try debugging the actor by selecting "Listen to Actor".  Also, for SDF check moml for tokenConsumptionRate on input.
  in .DESDFClockTest.Play Bell.Copy1:SDF Director and .DESDFClockTest.Play Bell.UpSample
	at ptolemy.actor.sched.StaticSchedulingDirector.fire(StaticSchedulingDirector.java:227)
	at ptolemy.domains.sdf.kernel.SDFDirector.fire(SDFDirector.java:500)
	at ptolemy.actor.CompositeActor.fire(CompositeActor.java:455)
	at ptolemy.domains.de.kernel.DEDirector._fire(DEDirector.java:1948)
	at ptolemy.domains.de.kernel.DEDirector.fire(DEDirector.java:502)
	at ptolemy.actor.CompositeActor.fire(CompositeActor.java:455)
	at ptolemy.actor.Manager.iterate(Manager.java:851)
	at ptolemy.actor.Manager.execute(Manager.java:369)
	at ptolemy.actor.Manager.run(Manager.java:1263)
	at ptolemy.actor.Manager$PtolemyRunThread.run(Manager.java:1915)
java.lang.RuntimeException: Execution failed
	at ptolemy.moml.MoMLSimpleApplication$UnloadThread.run(MoMLSimpleApplication.java:402)
Caused by: ptolemy.kernel.util.IllegalActionException: Test fails in iteration 1.
Value was: 1.0. Should have been: 2.0
  in .DirectFeedback.Test
	at ptolemy.actor.lib.Test.fire(Test.java:268)
	at ptolemy.domains.de.kernel.DEDirector._fire(DEDirector.java:1948)
	at ptolemy.domains.de.kernel.DEDirector.fire(DEDirector.java:502)
	at ptolemy.actor.CompositeActor.fire(CompositeActor.java:455)
	at ptolemy.actor.Manager.iterate(Manager.java:851)
	at ptolemy.actor.Manager.execute(Manager.java:369)
	at ptolemy.actor.Manager.run(Manager.java:1263)
	at ptolemy.actor.Manager$PtolemyRunThread.run(Manager.java:1915)
java.lang.reflect.InvocationTargetException
	at sun.reflect.NativeConstructorAccessorImpl.newInstance0(Native Method)
	at sun.reflect.NativeConstructorAccessorImpl.newInstance(NativeConstructorAccessorImpl.java:62)
	at sun.reflect.DelegatingConstructorAccessorImpl.newInstance(DelegatingConstructorAccessorImpl.java:45)
	at java.lang.reflect.Constructor.newInstance(Constructor.java:423)
	at ptolemy.util.test.junit.AutoKnownFailedTests.RunModel(AutoKnownFailedTests.java:107)
	at sun.reflect.NativeMethodAccessorImpl.invoke0(Native Method)
	at sun.reflect.NativeMethodAccessorImpl.invoke(NativeMethodAccessorImpl.java:62)
	at sun.reflect.DelegatingMethodAccessorImpl.invoke(DelegatingMethodAccessorImpl.java:43)
	at java.lang.reflect.Method.invoke(Method.java:498)
	at org.junit.runners.model.FrameworkMethod$1.runReflectiveCall(FrameworkMethod.java:44)
	at org.junit.internal.runners.model.ReflectiveCallable.run(ReflectiveCallable.java:15)
	at org.junit.runners.model.FrameworkMethod.invokeExplosively(FrameworkMethod.java:41)
	at junitparams.internal.InvokeParameterisedMethod.evaluate(InvokeParameterisedMethod.java:102)
	at org.junit.internal.runners.statements.FailOnTimeout$1.run(FailOnTimeout.java:28)
Caused by: ptolemy.kernel.util.IllegalActionException: Test fails in iteration 1.
Value was: 1.0. Should have been: 2.0
  in .DirectFeedback.Test
	at ptolemy.actor.lib.Test.fire(Test.java:268)
	at ptolemy.domains.de.kernel.DEDirector._fire(DEDirector.java:1948)
	at ptolemy.domains.de.kernel.DEDirector.fire(DEDirector.java:502)
	at ptolemy.actor.CompositeActor.fire(CompositeActor.java:455)
	at ptolemy.actor.Manager.iterate(Manager.java:851)
	at ptolemy.actor.Manager.execute(Manager.java:369)
	at ptolemy.actor.Manager.run(Manager.java:1263)
	at ptolemy.actor.Manager$PtolemyRunThread.run(Manager.java:1915)
java.lang.RuntimeException: Execution failed
	at ptolemy.moml.MoMLSimpleApplication$UnloadThread.run(MoMLSimpleApplication.java:402)
Caused by: ptolemy.kernel.util.IllegalActionException: Found a zero delay loop containing .HierarchicalModel.A
  in .HierarchicalModel and .HierarchicalModel.A
	at ptolemy.actor.util.CausalityInterfaceForComposites._computeOutputPortDepth(CausalityInterfaceForComposites.java:759)
	at ptolemy.actor.util.CausalityInterfaceForComposites._computeInputDepth(CausalityInterfaceForComposites.java:696)
	at ptolemy.actor.util.CausalityInterfaceForComposites._computeOutputPortDepth(CausalityInterfaceForComposites.java:765)
	at ptolemy.actor.util.CausalityInterfaceForComposites._computeInputDepth(CausalityInterfaceForComposites.java:696)
	at ptolemy.actor.util.CausalityInterfaceForComposites._computeOutputPortDepth(CausalityInterfaceForComposites.java:765)
	at ptolemy.actor.util.CausalityInterfaceForComposites._computeInputDepth(CausalityInterfaceForComposites.java:696)
	at ptolemy.actor.util.CausalityInterfaceForComposites._computeActorDepth(CausalityInterfaceForComposites.java:532)
	at ptolemy.actor.util.CausalityInterfaceForComposites.checkForCycles(CausalityInterfaceForComposites.java:96)
	at ptolemy.domains.de.kernel.DEDirector.preinitialize(DEDirector.java:1337)
	at ptolemy.actor.CompositeActor.preinitialize(CompositeActor.java:1828)
	at ptolemy.actor.Manager.preinitializeAndResolveTypes(Manager.java:1040)
	at ptolemy.actor.Manager.initialize(Manager.java:710)
	at ptolemy.actor.Manager.execute(Manager.java:356)
	at ptolemy.actor.Manager.run(Manager.java:1263)
	at ptolemy.actor.Manager$PtolemyRunThread.run(Manager.java:1915)
java.lang.reflect.InvocationTargetException
	at sun.reflect.NativeConstructorAccessorImpl.newInstance0(Native Method)
	at sun.reflect.NativeConstructorAccessorImpl.newInstance(NativeConstructorAccessorImpl.java:62)
	at sun.reflect.DelegatingConstructorAccessorImpl.newInstance(DelegatingConstructorAccessorImpl.java:45)
	at java.lang.reflect.Constructor.newInstance(Constructor.java:423)
	at ptolemy.util.test.junit.AutoKnownFailedTests.RunModel(AutoKnownFailedTests.java:107)
	at sun.reflect.NativeMethodAccessorImpl.invoke0(Native Method)
	at sun.reflect.NativeMethodAccessorImpl.invoke(NativeMethodAccessorImpl.java:62)
	at sun.reflect.DelegatingMethodAccessorImpl.invoke(DelegatingMethodAccessorImpl.java:43)
	at java.lang.reflect.Method.invoke(Method.java:498)
	at org.junit.runners.model.FrameworkMethod$1.runReflectiveCall(FrameworkMethod.java:44)
	at org.junit.internal.runners.model.ReflectiveCallable.run(ReflectiveCallable.java:15)
	at org.junit.runners.model.FrameworkMethod.invokeExplosively(FrameworkMethod.java:41)
	at junitparams.internal.InvokeParameterisedMethod.evaluate(InvokeParameterisedMethod.java:102)
	at org.junit.internal.runners.statements.FailOnTimeout$1.run(FailOnTimeout.java:28)
Caused by: ptolemy.kernel.util.IllegalActionException: Found a zero delay loop containing .HierarchicalModel.A
  in .HierarchicalModel and .HierarchicalModel.A
	at ptolemy.actor.util.CausalityInterfaceForComposites._computeOutputPortDepth(CausalityInterfaceForComposites.java:759)
	at ptolemy.actor.util.CausalityInterfaceForComposites._computeInputDepth(CausalityInterfaceForComposites.java:696)
	at ptolemy.actor.util.CausalityInterfaceForComposites._computeOutputPortDepth(CausalityInterfaceForComposites.java:765)
	at ptolemy.actor.util.CausalityInterfaceForComposites._computeInputDepth(CausalityInterfaceForComposites.java:696)
	at ptolemy.actor.util.CausalityInterfaceForComposites._computeOutputPortDepth(CausalityInterfaceForComposites.java:765)
	at ptolemy.actor.util.CausalityInterfaceForComposites._computeInputDepth(CausalityInterfaceForComposites.java:696)
	at ptolemy.actor.util.CausalityInterfaceForComposites._computeActorDepth(CausalityInterfaceForComposites.java:532)
	at ptolemy.actor.util.CausalityInterfaceForComposites.checkForCycles(CausalityInterfaceForComposites.java:96)
	at ptolemy.domains.de.kernel.DEDirector.preinitialize(DEDirector.java:1337)
	at ptolemy.actor.CompositeActor.preinitialize(CompositeActor.java:1828)
	at ptolemy.actor.Manager.preinitializeAndResolveTypes(Manager.java:1040)
	at ptolemy.actor.Manager.initialize(Manager.java:710)
	at ptolemy.actor.Manager.execute(Manager.java:356)
	at ptolemy.actor.Manager.run(Manager.java:1263)
	at ptolemy.actor.Manager$PtolemyRunThread.run(Manager.java:1915)
java.lang.RuntimeException: Execution failed
	at ptolemy.moml.MoMLSimpleApplication$UnloadThread.run(MoMLSimpleApplication.java:402)
Caused by: ptolemy.kernel.util.IllegalActionException: Found a zero delay loop containing .dependencyLoop.original
  in .dependencyLoop and .dependencyLoop.original
	at ptolemy.actor.util.CausalityInterfaceForComposites._computeOutputPortDepth(CausalityInterfaceForComposites.java:759)
	at ptolemy.actor.util.CausalityInterfaceForComposites._computeInputDepth(CausalityInterfaceForComposites.java:696)
	at ptolemy.actor.util.CausalityInterfaceForComposites._computeOutputPortDepth(CausalityInterfaceForComposites.java:765)
	at ptolemy.actor.util.CausalityInterfaceForComposites._computeInputDepth(CausalityInterfaceForComposites.java:696)
	at ptolemy.actor.util.CausalityInterfaceForComposites._computeOutputPortDepth(CausalityInterfaceForComposites.java:765)
	at ptolemy.actor.util.CausalityInterfaceForComposites._computeInputDepth(CausalityInterfaceForComposites.java:696)
	at ptolemy.actor.util.CausalityInterfaceForComposites._computeActorDepth(CausalityInterfaceForComposites.java:532)
	at ptolemy.actor.util.CausalityInterfaceForComposites.checkForCycles(CausalityInterfaceForComposites.java:96)
	at ptolemy.domains.de.kernel.DEDirector.preinitialize(DEDirector.java:1337)
	at ptolemy.actor.CompositeActor.preinitialize(CompositeActor.java:1828)
	at ptolemy.actor.Manager.preinitializeAndResolveTypes(Manager.java:1040)
	at ptolemy.actor.Manager.initialize(Manager.java:710)
	at ptolemy.actor.Manager.execute(Manager.java:356)
	at ptolemy.actor.Manager.run(Manager.java:1263)
	at ptolemy.actor.Manager$PtolemyRunThread.run(Manager.java:1915)
java.lang.reflect.InvocationTargetException
	at sun.reflect.NativeConstructorAccessorImpl.newInstance0(Native Method)
	at sun.reflect.NativeConstructorAccessorImpl.newInstance(NativeConstructorAccessorImpl.java:62)
	at sun.reflect.DelegatingConstructorAccessorImpl.newInstance(DelegatingConstructorAccessorImpl.java:45)
	at java.lang.reflect.Constructor.newInstance(Constructor.java:423)
	at ptolemy.util.test.junit.AutoKnownFailedTests.RunModel(AutoKnownFailedTests.java:107)
	at sun.reflect.NativeMethodAccessorImpl.invoke0(Native Method)
	at sun.reflect.NativeMethodAccessorImpl.invoke(NativeMethodAccessorImpl.java:62)
	at sun.reflect.DelegatingMethodAccessorImpl.invoke(DelegatingMethodAccessorImpl.java:43)
	at java.lang.reflect.Method.invoke(Method.java:498)
	at org.junit.runners.model.FrameworkMethod$1.runReflectiveCall(FrameworkMethod.java:44)
	at org.junit.internal.runners.model.ReflectiveCallable.run(ReflectiveCallable.java:15)
	at org.junit.runners.model.FrameworkMethod.invokeExplosively(FrameworkMethod.java:41)
	at junitparams.internal.InvokeParameterisedMethod.evaluate(InvokeParameterisedMethod.java:102)
	at org.junit.internal.runners.statements.FailOnTimeout$1.run(FailOnTimeout.java:28)
Caused by: ptolemy.kernel.util.IllegalActionException: Found a zero delay loop containing .dependencyLoop.original
  in .dependencyLoop and .dependencyLoop.original
	at ptolemy.actor.util.CausalityInterfaceForComposites._computeOutputPortDepth(CausalityInterfaceForComposites.java:759)
	at ptolemy.actor.util.CausalityInterfaceForComposites._computeInputDepth(CausalityInterfaceForComposites.java:696)
	at ptolemy.actor.util.CausalityInterfaceForComposites._computeOutputPortDepth(CausalityInterfaceForComposites.java:765)
	at ptolemy.actor.util.CausalityInterfaceForComposites._computeInputDepth(CausalityInterfaceForComposites.java:696)
	at ptolemy.actor.util.CausalityInterfaceForComposites._computeOutputPortDepth(CausalityInterfaceForComposites.java:765)
	at ptolemy.actor.util.CausalityInterfaceForComposites._computeInputDepth(CausalityInterfaceForComposites.java:696)
	at ptolemy.actor.util.CausalityInterfaceForComposites._computeActorDepth(CausalityInterfaceForComposites.java:532)
	at ptolemy.actor.util.CausalityInterfaceForComposites.checkForCycles(CausalityInterfaceForComposites.java:96)
	at ptolemy.domains.de.kernel.DEDirector.preinitialize(DEDirector.java:1337)
	at ptolemy.actor.CompositeActor.preinitialize(CompositeActor.java:1828)
	at ptolemy.actor.Manager.preinitializeAndResolveTypes(Manager.java:1040)
	at ptolemy.actor.Manager.initialize(Manager.java:710)
	at ptolemy.actor.Manager.execute(Manager.java:356)
	at ptolemy.actor.Manager.run(Manager.java:1263)
	at ptolemy.actor.Manager$PtolemyRunThread.run(Manager.java:1915)
java.lang.RuntimeException: Execution failed
	at ptolemy.moml.MoMLSimpleApplication$UnloadThread.run(MoMLSimpleApplication.java:402)
Caused by: ptolemy.kernel.util.IllegalActionException: Found a zero delay loop containing .dependencyLoop2.original
  in .dependencyLoop2 and .dependencyLoop2.original
	at ptolemy.actor.util.CausalityInterfaceForComposites._computeOutputPortDepth(CausalityInterfaceForComposites.java:759)
	at ptolemy.actor.util.CausalityInterfaceForComposites._computeInputDepth(CausalityInterfaceForComposites.java:696)
	at ptolemy.actor.util.CausalityInterfaceForComposites._computeOutputPortDepth(CausalityInterfaceForComposites.java:765)
	at ptolemy.actor.util.CausalityInterfaceForComposites._computeInputDepth(CausalityInterfaceForComposites.java:696)
	at ptolemy.actor.util.CausalityInterfaceForComposites._computeOutputPortDepth(CausalityInterfaceForComposites.java:765)
	at ptolemy.actor.util.CausalityInterfaceForComposites._computeInputDepth(CausalityInterfaceForComposites.java:696)
	at ptolemy.actor.util.CausalityInterfaceForComposites._computeActorDepth(CausalityInterfaceForComposites.java:532)
	at ptolemy.actor.util.CausalityInterfaceForComposites.checkForCycles(CausalityInterfaceForComposites.java:96)
	at ptolemy.domains.de.kernel.DEDirector.preinitialize(DEDirector.java:1337)
	at ptolemy.actor.CompositeActor.preinitialize(CompositeActor.java:1828)
	at ptolemy.actor.Manager.preinitializeAndResolveTypes(Manager.java:1040)
	at ptolemy.actor.Manager.initialize(Manager.java:710)
	at ptolemy.actor.Manager.execute(Manager.java:356)
	at ptolemy.actor.Manager.run(Manager.java:1263)
	at ptolemy.actor.Manager$PtolemyRunThread.run(Manager.java:1915)
java.lang.reflect.InvocationTargetException
	at sun.reflect.NativeConstructorAccessorImpl.newInstance0(Native Method)
	at sun.reflect.NativeConstructorAccessorImpl.newInstance(NativeConstructorAccessorImpl.java:62)
	at sun.reflect.DelegatingConstructorAccessorImpl.newInstance(DelegatingConstructorAccessorImpl.java:45)
	at java.lang.reflect.Constructor.newInstance(Constructor.java:423)
	at ptolemy.util.test.junit.AutoKnownFailedTests.RunModel(AutoKnownFailedTests.java:107)
	at sun.reflect.NativeMethodAccessorImpl.invoke0(Native Method)
	at sun.reflect.NativeMethodAccessorImpl.invoke(NativeMethodAccessorImpl.java:62)
	at sun.reflect.DelegatingMethodAccessorImpl.invoke(DelegatingMethodAccessorImpl.java:43)
	at java.lang.reflect.Method.invoke(Method.java:498)
	at org.junit.runners.model.FrameworkMethod$1.runReflectiveCall(FrameworkMethod.java:44)
	at org.junit.internal.runners.model.ReflectiveCallable.run(ReflectiveCallable.java:15)
	at org.junit.runners.model.FrameworkMethod.invokeExplosively(FrameworkMethod.java:41)
	at junitparams.internal.InvokeParameterisedMethod.evaluate(InvokeParameterisedMethod.java:102)
	at org.junit.internal.runners.statements.FailOnTimeout$1.run(FailOnTimeout.java:28)
Caused by: ptolemy.kernel.util.IllegalActionException: Found a zero delay loop containing .dependencyLoop2.original
  in .dependencyLoop2 and .dependencyLoop2.original
	at ptolemy.actor.util.CausalityInterfaceForComposites._computeOutputPortDepth(CausalityInterfaceForComposites.java:759)
	at ptolemy.actor.util.CausalityInterfaceForComposites._computeInputDepth(CausalityInterfaceForComposites.java:696)
	at ptolemy.actor.util.CausalityInterfaceForComposites._computeOutputPortDepth(CausalityInterfaceForComposites.java:765)
	at ptolemy.actor.util.CausalityInterfaceForComposites._computeInputDepth(CausalityInterfaceForComposites.java:696)
	at ptolemy.actor.util.CausalityInterfaceForComposites._computeOutputPortDepth(CausalityInterfaceForComposites.java:765)
	at ptolemy.actor.util.CausalityInterfaceForComposites._computeInputDepth(CausalityInterfaceForComposites.java:696)
	at ptolemy.actor.util.CausalityInterfaceForComposites._computeActorDepth(CausalityInterfaceForComposites.java:532)
	at ptolemy.actor.util.CausalityInterfaceForComposites.checkForCycles(CausalityInterfaceForComposites.java:96)
	at ptolemy.domains.de.kernel.DEDirector.preinitialize(DEDirector.java:1337)
	at ptolemy.actor.CompositeActor.preinitialize(CompositeActor.java:1828)
	at ptolemy.actor.Manager.preinitializeAndResolveTypes(Manager.java:1040)
	at ptolemy.actor.Manager.initialize(Manager.java:710)
	at ptolemy.actor.Manager.execute(Manager.java:356)
	at ptolemy.actor.Manager.run(Manager.java:1263)
	at ptolemy.actor.Manager$PtolemyRunThread.run(Manager.java:1915)
]]></system-err>
</testsuite>
