<?xml version="1.0" encoding="UTF-8" ?>
<testsuite errors="0" failures="0" hostname="travis-job-dc6b996a-84f5-496f-ae70-b1982fe3e866" name="ptolemy.domains.modal.test.junit.JUnitTclTest" skipped="0" tests="148" time="10.032" timestamp="2018-05-12T14:16:24">
  <properties>
[...]
</properties>
  <testcase classname="ptolemy.util.test.junit.TclTests" name="[0] /home/travis/build/icyphy/ptII/ptolemy/domains/modal/test/SystemLevelType.tcl (RunTclFile)" time="1.788" />
  <testcase classname="ptolemy.util.test.junit.AutoKnownFailedTests" name="[0] /home/travis/build/icyphy/ptII/ptolemy/domains/modal/test/auto/knownFailedTests/CannotAnalysisWithPreemption.xml (RunModel)" time="0.143" />
  <testcase classname="ptolemy.util.test.junit.AutoNameArchTests" name="[0] ThereAreNoAutoTests (RunModel)" time="0.005" />
  <testcase classname="ptolemy.util.test.junit.AutoTests" name="[0] /home/travis/build/icyphy/ptII/ptolemy/domains/modal/test/auto/ABPTest.xml (RunModel)" time="0.713" />
  <testcase classname="ptolemy.util.test.junit.AutoTests" name="[1] /home/travis/build/icyphy/ptII/ptolemy/domains/modal/test/auto/ABROFlat.xml (RunModel)" time="0.083" />
  <testcase classname="ptolemy.util.test.junit.AutoTests" name="[2] /home/travis/build/icyphy/ptII/ptolemy/domains/modal/test/auto/ABROFlat2.xml (RunModel)" time="0.081" />
  <testcase classname="ptolemy.util.test.junit.AutoTests" name="[3] /home/travis/build/icyphy/ptII/ptolemy/domains/modal/test/auto/ABRO_present_hmm.xml (RunModel)" time="0.186" />
  <testcase classname="ptolemy.util.test.junit.AutoTests" name="[4] /home/travis/build/icyphy/ptII/ptolemy/domains/modal/test/auto/AMICoderExample.xml (RunModel)" time="0.056" />
  <testcase classname="ptolemy.util.test.junit.AutoTests" name="[5] /home/travis/build/icyphy/ptII/ptolemy/domains/modal/test/auto/AbsentToPresent.xml (RunModel)" time="0.02" />
  <testcase classname="ptolemy.util.test.junit.AutoTests" name="[6] /home/travis/build/icyphy/ptII/ptolemy/domains/modal/test/auto/Blending.xml (RunModel)" time="0.27" />
  <testcase classname="ptolemy.util.test.junit.AutoTests" name="[7] /home/travis/build/icyphy/ptII/ptolemy/domains/modal/test/auto/Broadcast.xml (RunModel)" time="0.052" />
  <testcase classname="ptolemy.util.test.junit.AutoTests" name="[8] /home/travis/build/icyphy/ptII/ptolemy/domains/modal/test/auto/BroadcastHierarchy.xml (RunModel)" time="0.078" />
  <testcase classname="ptolemy.util.test.junit.AutoTests" name="[9] /home/travis/build/icyphy/ptII/ptolemy/domains/modal/test/auto/BroadcastHierarchy2.xml (RunModel)" time="0.122" />
  <testcase classname="ptolemy.util.test.junit.AutoTests" name="[10] /home/travis/build/icyphy/ptII/ptolemy/domains/modal/test/auto/BroadcastHierarchy3.xml (RunModel)" time="0.124" />
  <testcase classname="ptolemy.util.test.junit.AutoTests" name="[11] /home/travis/build/icyphy/ptII/ptolemy/domains/modal/test/auto/BroadcastHierarchy4.xml (RunModel)" time="0.105" />
  <testcase classname="ptolemy.util.test.junit.AutoTests" name="[12] /home/travis/build/icyphy/ptII/ptolemy/domains/modal/test/auto/CannotAnalysisWithPreemption2.xml (RunModel)" time="0.034" />
  <testcase classname="ptolemy.util.test.junit.AutoTests" name="[13] /home/travis/build/icyphy/ptII/ptolemy/domains/modal/test/auto/CannotAnalysisWithPreemption3.xml (RunModel)" time="0.041" />
  <testcase classname="ptolemy.util.test.junit.AutoTests" name="[14] /home/travis/build/icyphy/ptII/ptolemy/domains/modal/test/auto/CannotProduce.xml (RunModel)" time="0.04" />
  <testcase classname="ptolemy.util.test.junit.AutoTests" name="[15] /home/travis/build/icyphy/ptII/ptolemy/domains/modal/test/auto/CannotProduceModal.xml (RunModel)" time="0.03" />
  <testcase classname="ptolemy.util.test.junit.AutoTests" name="[16] /home/travis/build/icyphy/ptII/ptolemy/domains/modal/test/auto/Case.xml (RunModel)" time="0.067" />
  <testcase classname="ptolemy.util.test.junit.AutoTests" name="[17] /home/travis/build/icyphy/ptII/ptolemy/domains/modal/test/auto/Case1.xml (RunModel)" time="0.034" />
  <testcase classname="ptolemy.util.test.junit.AutoTests" name="[18] /home/travis/build/icyphy/ptII/ptolemy/domains/modal/test/auto/Case2.xml (RunModel)" time="0.055" />
  <testcase classname="ptolemy.util.test.junit.AutoTests" name="[19] /home/travis/build/icyphy/ptII/ptolemy/domains/modal/test/auto/CausalityInterface1.xml (RunModel)" time="0.024" />
  <testcase classname="ptolemy.util.test.junit.AutoTests" name="[20] /home/travis/build/icyphy/ptII/ptolemy/domains/modal/test/auto/CausalityInterface10.xml (RunModel)" time="0.041" />
  <testcase classname="ptolemy.util.test.junit.AutoTests" name="[21] /home/travis/build/icyphy/ptII/ptolemy/domains/modal/test/auto/CausalityInterface11.xml (RunModel)" time="0.043" />
  <testcase classname="ptolemy.util.test.junit.AutoTests" name="[22] /home/travis/build/icyphy/ptII/ptolemy/domains/modal/test/auto/CausalityInterface12.xml (RunModel)" time="0.047" />
  <testcase classname="ptolemy.util.test.junit.AutoTests" name="[23] /home/travis/build/icyphy/ptII/ptolemy/domains/modal/test/auto/CausalityInterface13.xml (RunModel)" time="0.061" />
  <testcase classname="ptolemy.util.test.junit.AutoTests" name="[24] /home/travis/build/icyphy/ptII/ptolemy/domains/modal/test/auto/CausalityInterface14.xml (RunModel)" time="0.046" />
  <testcase classname="ptolemy.util.test.junit.AutoTests" name="[25] /home/travis/build/icyphy/ptII/ptolemy/domains/modal/test/auto/CausalityInterface2.xml (RunModel)" time="0.027" />
  <testcase classname="ptolemy.util.test.junit.AutoTests" name="[26] /home/travis/build/icyphy/ptII/ptolemy/domains/modal/test/auto/CausalityInterface3.xml (RunModel)" time="0.05" />
  <testcase classname="ptolemy.util.test.junit.AutoTests" name="[27] /home/travis/build/icyphy/ptII/ptolemy/domains/modal/test/auto/CausalityInterface4.xml (RunModel)" time="0.022" />
  <testcase classname="ptolemy.util.test.junit.AutoTests" name="[28] /home/travis/build/icyphy/ptII/ptolemy/domains/modal/test/auto/CausalityInterface5.xml (RunModel)" time="0.031" />
  <testcase classname="ptolemy.util.test.junit.AutoTests" name="[29] /home/travis/build/icyphy/ptII/ptolemy/domains/modal/test/auto/CausalityInterface6.xml (RunModel)" time="0.029" />
  <testcase classname="ptolemy.util.test.junit.AutoTests" name="[30] /home/travis/build/icyphy/ptII/ptolemy/domains/modal/test/auto/CausalityInterface7.xml (RunModel)" time="0.037" />
  <testcase classname="ptolemy.util.test.junit.AutoTests" name="[31] /home/travis/build/icyphy/ptII/ptolemy/domains/modal/test/auto/CausalityInterface8.xml (RunModel)" time="0.03" />
  <testcase classname="ptolemy.util.test.junit.AutoTests" name="[32] /home/travis/build/icyphy/ptII/ptolemy/domains/modal/test/auto/CausalityInterface9.xml (RunModel)" time="0.032" />
  <testcase classname="ptolemy.util.test.junit.AutoTests" name="[33] /home/travis/build/icyphy/ptII/ptolemy/domains/modal/test/auto/ChainedTransitions.xml (RunModel)" time="0.13" />
  <testcase classname="ptolemy.util.test.junit.AutoTests" name="[34] /home/travis/build/icyphy/ptII/ptolemy/domains/modal/test/auto/CycleOfImmediateTransitionsFSM.xml (RunModel)" time="0.019" />
  <testcase classname="ptolemy.util.test.junit.AutoTests" name="[35] /home/travis/build/icyphy/ptII/ptolemy/domains/modal/test/auto/CycleOfImmediateTransitionsModal.xml (RunModel)" time="0.024" />
  <testcase classname="ptolemy.util.test.junit.AutoTests" name="[36] /home/travis/build/icyphy/ptII/ptolemy/domains/modal/test/auto/CycleOfImmediateTransitionsModal2.xml (RunModel)" time="0.03" />
  <testcase classname="ptolemy.util.test.junit.AutoTests" name="[37] /home/travis/build/icyphy/ptII/ptolemy/domains/modal/test/auto/CycleOfImmediateTransitionsModal3.xml (RunModel)" time="0.069" />
  <testcase classname="ptolemy.util.test.junit.AutoTests" name="[38] /home/travis/build/icyphy/ptII/ptolemy/domains/modal/test/auto/DeepModal1.xml (RunModel)" time="0.047" />
  <testcase classname="ptolemy.util.test.junit.AutoTests" name="[39] /home/travis/build/icyphy/ptII/ptolemy/domains/modal/test/auto/DeepModal2.xml (RunModel)" time="0.077" />
  <testcase classname="ptolemy.util.test.junit.AutoTests" name="[40] /home/travis/build/icyphy/ptII/ptolemy/domains/modal/test/auto/DeepModal3.xml (RunModel)" time="0.081" />
  <testcase classname="ptolemy.util.test.junit.AutoTests" name="[41] /home/travis/build/icyphy/ptII/ptolemy/domains/modal/test/auto/DeepModal4.xml (RunModel)" time="0.08" />
  <testcase classname="ptolemy.util.test.junit.AutoTests" name="[42] /home/travis/build/icyphy/ptII/ptolemy/domains/modal/test/auto/Default1.xml (RunModel)" time="0.019" />
  <testcase classname="ptolemy.util.test.junit.AutoTests" name="[43] /home/travis/build/icyphy/ptII/ptolemy/domains/modal/test/auto/Default2.xml (RunModel)" time="0.023" />
  <testcase classname="ptolemy.util.test.junit.AutoTests" name="[44] /home/travis/build/icyphy/ptII/ptolemy/domains/modal/test/auto/Default3.xml (RunModel)" time="0.023" />
  <testcase classname="ptolemy.util.test.junit.AutoTests" name="[45] /home/travis/build/icyphy/ptII/ptolemy/domains/modal/test/auto/Default4.xml (RunModel)" time="0.016" />
  <testcase classname="ptolemy.util.test.junit.AutoTests" name="[46] /home/travis/build/icyphy/ptII/ptolemy/domains/modal/test/auto/Default5.xml (RunModel)" time="0.038" />
  <testcase classname="ptolemy.util.test.junit.AutoTests" name="[47] /home/travis/build/icyphy/ptII/ptolemy/domains/modal/test/auto/EmptyGuard.xml (RunModel)" time="0.03" />
  <testcase classname="ptolemy.util.test.junit.AutoTests" name="[48] /home/travis/build/icyphy/ptII/ptolemy/domains/modal/test/auto/ErrorTransition1.xml (RunModel)" time="0.032" />
  <testcase classname="ptolemy.util.test.junit.AutoTests" name="[49] /home/travis/build/icyphy/ptII/ptolemy/domains/modal/test/auto/ErrorTransition10.xml (RunModel)" time="0.033" />
  <testcase classname="ptolemy.util.test.junit.AutoTests" name="[50] /home/travis/build/icyphy/ptII/ptolemy/domains/modal/test/auto/ErrorTransition11.xml (RunModel)" time="0.031" />
  <testcase classname="ptolemy.util.test.junit.AutoTests" name="[51] /home/travis/build/icyphy/ptII/ptolemy/domains/modal/test/auto/ErrorTransition2.xml (RunModel)" time="0.022" />
  <testcase classname="ptolemy.util.test.junit.AutoTests" name="[52] /home/travis/build/icyphy/ptII/ptolemy/domains/modal/test/auto/ErrorTransition3.xml (RunModel)" time="0.027" />
  <testcase classname="ptolemy.util.test.junit.AutoTests" name="[53] /home/travis/build/icyphy/ptII/ptolemy/domains/modal/test/auto/ErrorTransition4.xml (RunModel)" time="0.028" />
  <testcase classname="ptolemy.util.test.junit.AutoTests" name="[54] /home/travis/build/icyphy/ptII/ptolemy/domains/modal/test/auto/ErrorTransition5.xml (RunModel)" time="0.028" />
  <testcase classname="ptolemy.util.test.junit.AutoTests" name="[55] /home/travis/build/icyphy/ptII/ptolemy/domains/modal/test/auto/ErrorTransition6.xml (RunModel)" time="0.037" />
  <testcase classname="ptolemy.util.test.junit.AutoTests" name="[56] /home/travis/build/icyphy/ptII/ptolemy/domains/modal/test/auto/ErrorTransition7.xml (RunModel)" time="0.044" />
  <testcase classname="ptolemy.util.test.junit.AutoTests" name="[57] /home/travis/build/icyphy/ptII/ptolemy/domains/modal/test/auto/ErrorTransition8.xml (RunModel)" time="0.058" />
  <testcase classname="ptolemy.util.test.junit.AutoTests" name="[58] /home/travis/build/icyphy/ptII/ptolemy/domains/modal/test/auto/ErrorTransition9.xml (RunModel)" time="0.04" />
  <testcase classname="ptolemy.util.test.junit.AutoTests" name="[59] /home/travis/build/icyphy/ptII/ptolemy/domains/modal/test/auto/ExtendedFSM.xml (RunModel)" time="0.031" />
  <testcase classname="ptolemy.util.test.junit.AutoTests" name="[60] /home/travis/build/icyphy/ptII/ptolemy/domains/modal/test/auto/FinalStates.xml (RunModel)" time="0.023" />
  <testcase classname="ptolemy.util.test.junit.AutoTests" name="[61] /home/travis/build/icyphy/ptII/ptolemy/domains/modal/test/auto/FixedPointFSM.xml (RunModel)" time="0.044" />
  <testcase classname="ptolemy.util.test.junit.AutoTests" name="[62] /home/travis/build/icyphy/ptII/ptolemy/domains/modal/test/auto/FixedPointIterationFSMActor.xml (RunModel)" time="0.029" />
  <testcase classname="ptolemy.util.test.junit.AutoTests" name="[63] /home/travis/build/icyphy/ptII/ptolemy/domains/modal/test/auto/FixedPointIterationFSMActor2.xml (RunModel)" time="0.035" />
  <testcase classname="ptolemy.util.test.junit.AutoTests" name="[64] /home/travis/build/icyphy/ptII/ptolemy/domains/modal/test/auto/ForbiddenInstantanousLoop.xml (RunModel)" time="0.03" />
  <testcase classname="ptolemy.util.test.junit.AutoTests" name="[65] /home/travis/build/icyphy/ptII/ptolemy/domains/modal/test/auto/FunctionDependencyOfFSMActorTest.xml (RunModel)" time="0.023" />
  <testcase classname="ptolemy.util.test.junit.AutoTests" name="[66] /home/travis/build/icyphy/ptII/ptolemy/domains/modal/test/auto/GuardExpression.xml (RunModel)" time="0.019" />
  <testcase classname="ptolemy.util.test.junit.AutoTests" name="[67] /home/travis/build/icyphy/ptII/ptolemy/domains/modal/test/auto/GuardNotEvaluated.xml (RunModel)" time="0.024" />
  <testcase classname="ptolemy.util.test.junit.AutoTests" name="[68] /home/travis/build/icyphy/ptII/ptolemy/domains/modal/test/auto/GuardNotEvaluated2.xml (RunModel)" time="0.023" />
  <testcase classname="ptolemy.util.test.junit.AutoTests" name="[69] /home/travis/build/icyphy/ptII/ptolemy/domains/modal/test/auto/GuardOnAbsent.xml (RunModel)" time="0.019" />
  <testcase classname="ptolemy.util.test.junit.AutoTests" name="[70] /home/travis/build/icyphy/ptII/ptolemy/domains/modal/test/auto/HierarchicalFSMTypeInference.xml (RunModel)" time="0.025" />
  <testcase classname="ptolemy.util.test.junit.AutoTests" name="[71] /home/travis/build/icyphy/ptII/ptolemy/domains/modal/test/auto/Hysteresis.xml (RunModel)" time="0.037" />
  <testcase classname="ptolemy.util.test.junit.AutoTests" name="[72] /home/travis/build/icyphy/ptII/ptolemy/domains/modal/test/auto/HysteresisWithDefault.xml (RunModel)" time="0.053" />
  <testcase classname="ptolemy.util.test.junit.AutoTests" name="[73] /home/travis/build/icyphy/ptII/ptolemy/domains/modal/test/auto/HysteresisWithDefault2.xml (RunModel)" time="0.076" />
  <testcase classname="ptolemy.util.test.junit.AutoTests" name="[74] /home/travis/build/icyphy/ptII/ptolemy/domains/modal/test/auto/ImmediateNonConstructiveness.xml (RunModel)" time="0.021" />
  <testcase classname="ptolemy.util.test.junit.AutoTests" name="[75] /home/travis/build/icyphy/ptII/ptolemy/domains/modal/test/auto/ImmediateNonConstructiveness2.xml (RunModel)" time="0.048" />
  <testcase classname="ptolemy.util.test.junit.AutoTests" name="[76] /home/travis/build/icyphy/ptII/ptolemy/domains/modal/test/auto/ImmediateTransitionReset.xml (RunModel)" time="0.066" />
  <testcase classname="ptolemy.util.test.junit.AutoTests" name="[77] /home/travis/build/icyphy/ptII/ptolemy/domains/modal/test/auto/ImmediateTransitions1.xml (RunModel)" time="0.039" />
  <testcase classname="ptolemy.util.test.junit.AutoTests" name="[78] /home/travis/build/icyphy/ptII/ptolemy/domains/modal/test/auto/ImmediateTransitionsInstantaneousCommunication.xml (RunModel)" time="0.063" />
  <testcase classname="ptolemy.util.test.junit.AutoTests" name="[79] /home/travis/build/icyphy/ptII/ptolemy/domains/modal/test/auto/InitialImmediateTransition.xml (RunModel)" time="0.017" />
  <testcase classname="ptolemy.util.test.junit.AutoTests" name="[80] /home/travis/build/icyphy/ptII/ptolemy/domains/modal/test/auto/InitialOutputs.xml (RunModel)" time="0.017" />
  <testcase classname="ptolemy.util.test.junit.AutoTests" name="[81] /home/travis/build/icyphy/ptII/ptolemy/domains/modal/test/auto/InitialStateTransition1.xml (RunModel)" time="0.02" />
  <testcase classname="ptolemy.util.test.junit.AutoTests" name="[82] /home/travis/build/icyphy/ptII/ptolemy/domains/modal/test/auto/InitialStateTransition2.xml (RunModel)" time="0.028" />
  <testcase classname="ptolemy.util.test.junit.AutoTests" name="[83] /home/travis/build/icyphy/ptII/ptolemy/domains/modal/test/auto/InitialStateTransition3.xml (RunModel)" time="0.023" />
  <testcase classname="ptolemy.util.test.junit.AutoTests" name="[84] /home/travis/build/icyphy/ptII/ptolemy/domains/modal/test/auto/InitialStateTransition4.xml (RunModel)" time="0.024" />
  <testcase classname="ptolemy.util.test.junit.AutoTests" name="[85] /home/travis/build/icyphy/ptII/ptolemy/domains/modal/test/auto/MalformedGuardExpressionNotCaught.xml (RunModel)" time="0.017" />
  <testcase classname="ptolemy.util.test.junit.AutoTests" name="[86] /home/travis/build/icyphy/ptII/ptolemy/domains/modal/test/auto/ModalBSC.xml (RunModel)" time="0.09" />
  <testcase classname="ptolemy.util.test.junit.AutoTests" name="[87] /home/travis/build/icyphy/ptII/ptolemy/domains/modal/test/auto/ModalClocks.xml (RunModel)" time="0.075" />
  <testcase classname="ptolemy.util.test.junit.AutoTests" name="[88] /home/travis/build/icyphy/ptII/ptolemy/domains/modal/test/auto/ModalDelay.xml (RunModel)" time="0.048" />
  <testcase classname="ptolemy.util.test.junit.AutoTests" name="[89] /home/travis/build/icyphy/ptII/ptolemy/domains/modal/test/auto/ModalDelay2.xml (RunModel)" time="0.045" />
  <testcase classname="ptolemy.util.test.junit.AutoTests" name="[90] /home/travis/build/icyphy/ptII/ptolemy/domains/modal/test/auto/ModalModelFromMemo.xml (RunModel)" time="0.068" />
  <testcase classname="ptolemy.util.test.junit.AutoTests" name="[91] /home/travis/build/icyphy/ptII/ptolemy/domains/modal/test/auto/ModalModelWithMultirateTransient.xml (RunModel)" time="0.047" />
  <testcase classname="ptolemy.util.test.junit.AutoTests" name="[92] /home/travis/build/icyphy/ptII/ptolemy/domains/modal/test/auto/ModalModelWithReset.xml (RunModel)" time="0.055" />
  <testcase classname="ptolemy.util.test.junit.AutoTests" name="[93] /home/travis/build/icyphy/ptII/ptolemy/domains/modal/test/auto/MouseClickFSM.xml (RunModel)" time="0.047" />
  <testcase classname="ptolemy.util.test.junit.AutoTests" name="[94] /home/travis/build/icyphy/ptII/ptolemy/domains/modal/test/auto/MouseClickFSMModal.xml (RunModel)" time="0.029" />
  <testcase classname="ptolemy.util.test.junit.AutoTests" name="[95] /home/travis/build/icyphy/ptII/ptolemy/domains/modal/test/auto/NonStrictFSM_FeedbackLoop.xml (RunModel)" time="0.051" />
  <testcase classname="ptolemy.util.test.junit.AutoTests" name="[96] /home/travis/build/icyphy/ptII/ptolemy/domains/modal/test/auto/NonStrictFSM_FeedbackLoop_Refinement.xml (RunModel)" time="0.077" />
  <testcase classname="ptolemy.util.test.junit.AutoTests" name="[97] /home/travis/build/icyphy/ptII/ptolemy/domains/modal/test/auto/NonStrictFSM_FeedbackLoop_preemptive.xml (RunModel)" time="0.041" />
  <testcase classname="ptolemy.util.test.junit.AutoTests" name="[98] /home/travis/build/icyphy/ptII/ptolemy/domains/modal/test/auto/NormalTermination.xml (RunModel)" time="0.04" />
  <testcase classname="ptolemy.util.test.junit.AutoTests" name="[99] /home/travis/build/icyphy/ptII/ptolemy/domains/modal/test/auto/Pong.xml (RunModel)" time="0.046" />
  <testcase classname="ptolemy.util.test.junit.AutoTests" name="[100] /home/travis/build/icyphy/ptII/ptolemy/domains/modal/test/auto/Pong_test.xml (RunModel)" time="0.07" />
  <testcase classname="ptolemy.util.test.junit.AutoTests" name="[101] /home/travis/build/icyphy/ptII/ptolemy/domains/modal/test/auto/PreemptionHierarchy.xml (RunModel)" time="0.022" />
  <testcase classname="ptolemy.util.test.junit.AutoTests" name="[102] /home/travis/build/icyphy/ptII/ptolemy/domains/modal/test/auto/PreemptionHierarchy2.xml (RunModel)" time="0.027" />
  <testcase classname="ptolemy.util.test.junit.AutoTests" name="[103] /home/travis/build/icyphy/ptII/ptolemy/domains/modal/test/auto/PreemptiveTransition.xml (RunModel)" time="0.017" />
  <testcase classname="ptolemy.util.test.junit.AutoTests" name="[104] /home/travis/build/icyphy/ptII/ptolemy/domains/modal/test/auto/Priorities.xml (RunModel)" time="0.06" />
  <testcase classname="ptolemy.util.test.junit.AutoTests" name="[105] /home/travis/build/icyphy/ptII/ptolemy/domains/modal/test/auto/ResetFinal.xml (RunModel)" time="0.033" />
  <testcase classname="ptolemy.util.test.junit.AutoTests" name="[106] /home/travis/build/icyphy/ptII/ptolemy/domains/modal/test/auto/ResetFinal2.xml (RunModel)" time="0.025" />
  <testcase classname="ptolemy.util.test.junit.AutoTests" name="[107] /home/travis/build/icyphy/ptII/ptolemy/domains/modal/test/auto/ResetTransitionWithStartTime.xml (RunModel)" time="0.027" />
  <testcase classname="ptolemy.util.test.junit.AutoTests" name="[108] /home/travis/build/icyphy/ptII/ptolemy/domains/modal/test/auto/SDF-FSMComposite.xml (RunModel)" time="0.019" />
  <testcase classname="ptolemy.util.test.junit.AutoTests" name="[109] /home/travis/build/icyphy/ptII/ptolemy/domains/modal/test/auto/SeeminglyNondeterminate.xml (RunModel)" time="0.059" />
  <testcase classname="ptolemy.util.test.junit.AutoTests" name="[110] /home/travis/build/icyphy/ptII/ptolemy/domains/modal/test/auto/SeeminglyNondeterminate2.xml (RunModel)" time="0.065" />
  <testcase classname="ptolemy.util.test.junit.AutoTests" name="[111] /home/travis/build/icyphy/ptII/ptolemy/domains/modal/test/auto/SpontaneousFSM.xml (RunModel)" time="0.046" />
  <testcase classname="ptolemy.util.test.junit.AutoTests" name="[112] /home/travis/build/icyphy/ptII/ptolemy/domains/modal/test/auto/SpontaneousFSM2.xml (RunModel)" time="0.027" />
  <testcase classname="ptolemy.util.test.junit.AutoTests" name="[113] /home/travis/build/icyphy/ptII/ptolemy/domains/modal/test/auto/SpontaneousFSM3.xml (RunModel)" time="0.038" />
  <testcase classname="ptolemy.util.test.junit.AutoTests" name="[114] /home/travis/build/icyphy/ptII/ptolemy/domains/modal/test/auto/SpontaneousFSM4.xml (RunModel)" time="0.036" />
  <testcase classname="ptolemy.util.test.junit.AutoTests" name="[115] /home/travis/build/icyphy/ptII/ptolemy/domains/modal/test/auto/StateTrackerTest.xml (RunModel)" time="0.06" />
  <testcase classname="ptolemy.util.test.junit.AutoTests" name="[116] /home/travis/build/icyphy/ptII/ptolemy/domains/modal/test/auto/StrongImmediateTransition.xml (RunModel)" time="0.025" />
  <testcase classname="ptolemy.util.test.junit.AutoTests" name="[117] /home/travis/build/icyphy/ptII/ptolemy/domains/modal/test/auto/SustainHierarchy.xml (RunModel)" time="0.033" />
  <testcase classname="ptolemy.util.test.junit.AutoTests" name="[118] /home/travis/build/icyphy/ptII/ptolemy/domains/modal/test/auto/TerminationTransition1.xml (RunModel)" time="0.052" />
  <testcase classname="ptolemy.util.test.junit.AutoTests" name="[119] /home/travis/build/icyphy/ptII/ptolemy/domains/modal/test/auto/TerminationTransition2.xml (RunModel)" time="0.064" />
  <testcase classname="ptolemy.util.test.junit.AutoTests" name="[120] /home/travis/build/icyphy/ptII/ptolemy/domains/modal/test/auto/TerminationTransition3.xml (RunModel)" time="0.052" />
  <testcase classname="ptolemy.util.test.junit.AutoTests" name="[121] /home/travis/build/icyphy/ptII/ptolemy/domains/modal/test/auto/TerminationTransition4.xml (RunModel)" time="0.078" />
  <testcase classname="ptolemy.util.test.junit.AutoTests" name="[122] /home/travis/build/icyphy/ptII/ptolemy/domains/modal/test/auto/TerminationTransition5.xml (RunModel)" time="0.035" />
  <testcase classname="ptolemy.util.test.junit.AutoTests" name="[123] /home/travis/build/icyphy/ptII/ptolemy/domains/modal/test/auto/TerminationTransition6.xml (RunModel)" time="0.023" />
  <testcase classname="ptolemy.util.test.junit.AutoTests" name="[124] /home/travis/build/icyphy/ptII/ptolemy/domains/modal/test/auto/TerminationTransition7.xml (RunModel)" time="0.024" />
  <testcase classname="ptolemy.util.test.junit.AutoTests" name="[125] /home/travis/build/icyphy/ptII/ptolemy/domains/modal/test/auto/TerminationTransition8.xml (RunModel)" time="0.023" />
  <testcase classname="ptolemy.util.test.junit.AutoTests" name="[126] /home/travis/build/icyphy/ptII/ptolemy/domains/modal/test/auto/Thermostat_NoHysteresis.xml (RunModel)" time="0.072" />
  <testcase classname="ptolemy.util.test.junit.AutoTests" name="[127] /home/travis/build/icyphy/ptII/ptolemy/domains/modal/test/auto/TimedFSM.xml (RunModel)" time="0.033" />
  <testcase classname="ptolemy.util.test.junit.AutoTests" name="[128] /home/travis/build/icyphy/ptII/ptolemy/domains/modal/test/auto/Timeout1.xml (RunModel)" time="0.013" />
  <testcase classname="ptolemy.util.test.junit.AutoTests" name="[129] /home/travis/build/icyphy/ptII/ptolemy/domains/modal/test/auto/Timeout2.xml (RunModel)" time="0.017" />
  <testcase classname="ptolemy.util.test.junit.AutoTests" name="[130] /home/travis/build/icyphy/ptII/ptolemy/domains/modal/test/auto/Timeout3.xml (RunModel)" time="0.016" />
  <testcase classname="ptolemy.util.test.junit.AutoTests" name="[131] /home/travis/build/icyphy/ptII/ptolemy/domains/modal/test/auto/Timeout4.xml (RunModel)" time="0.013" />
  <testcase classname="ptolemy.util.test.junit.AutoTests" name="[132] /home/travis/build/icyphy/ptII/ptolemy/domains/modal/test/auto/TransientstateModelAdvanced.xml (RunModel)" time="0.027" />
  <testcase classname="ptolemy.util.test.junit.AutoTests" name="[133] /home/travis/build/icyphy/ptII/ptolemy/domains/modal/test/auto/TransientstateModelAdvanced2.xml (RunModel)" time="0.03" />
  <testcase classname="ptolemy.util.test.junit.AutoTests" name="[134] /home/travis/build/icyphy/ptII/ptolemy/domains/modal/test/auto/TransitionRefinements.xml (RunModel)" time="0.028" />
  <testcase classname="ptolemy.util.test.junit.AutoTests" name="[135] /home/travis/build/icyphy/ptII/ptolemy/domains/modal/test/auto/TwoRefinements1.xml (RunModel)" time="0.026" />
  <testcase classname="ptolemy.util.test.junit.AutoTests" name="[136] /home/travis/build/icyphy/ptII/ptolemy/domains/modal/test/auto/TwoRefinements2.xml (RunModel)" time="0.028" />
  <testcase classname="ptolemy.util.test.junit.AutoTests" name="[137] /home/travis/build/icyphy/ptII/ptolemy/domains/modal/test/auto/WeakImmediateTransition.xml (RunModel)" time="0.029" />
  <testcase classname="ptolemy.util.test.junit.AutoTests" name="[138] /home/travis/build/icyphy/ptII/ptolemy/domains/modal/test/auto/booleanSelect.xml (RunModel)" time="0.06" />
  <testcase classname="ptolemy.util.test.junit.AutoTests" name="[139] /home/travis/build/icyphy/ptII/ptolemy/domains/modal/test/auto/modalChangingParams.xml (RunModel)" time="0.227" />
  <testcase classname="ptolemy.util.test.junit.AutoTests" name="[140] /home/travis/build/icyphy/ptII/ptolemy/domains/modal/test/auto/modalModel.xml (RunModel)" time="0.02" />
  <testcase classname="ptolemy.util.test.junit.AutoTests" name="[141] /home/travis/build/icyphy/ptII/ptolemy/domains/modal/test/auto/modalModel2.xml (RunModel)" time="0.038" />
  <testcase classname="ptolemy.util.test.junit.AutoTests" name="[142] /home/travis/build/icyphy/ptII/ptolemy/domains/modal/test/auto/modalModel3.xml (RunModel)" time="0.035" />
  <testcase classname="ptolemy.util.test.junit.AutoTests" name="[143] /home/travis/build/icyphy/ptII/ptolemy/domains/modal/test/auto/model1.xml (RunModel)" time="0.019" />
  <testcase classname="ptolemy.util.test.junit.AutoTests" name="[144] /home/travis/build/icyphy/ptII/ptolemy/domains/modal/test/auto/test-direct-in-out.xml (RunModel)" time="0.018" />
  <system-out><![CDATA[/home/travis/build/icyphy/ptII/ptolemy/domains/modal/test/SystemLevelType.tcl
testDefs.tcl: setting time out to 9000 seconds at Sat May 12 14:16:24 UTC 2018
05/12/18 02:16:26
Failed: 0  Total Tests: 1  ((Passed: 1, Newly Passed: 0)  Known Failed: 0) /home/travis/build/icyphy/ptII/ptolemy/domains/modal/test
----------------- testing (KnownFailure) /home/travis/build/icyphy/ptII/ptolemy/domains/modal/test/auto/knownFailedTests/CannotAnalysisWithPreemption.xml
30 ms. Memory: 208384K Free: 189737K (91%)
Known Failure: java.lang.reflect.InvocationTargetException
No auto/*.xml tests in /home/travis/build/icyphy/ptII/ptolemy/domains/modal/test
AutoTests.java: About to close Vertx.
AutoTests.java: Vertx closed.
----------------- testing Sat May 12 14:16:27 UTC 2018 /home/travis/build/icyphy/ptII/ptolemy/domains/modal/test/auto/ABPTest.xml
----------------- Instantiating /home/travis/build/icyphy/ptII/ptolemy/domains/modal/test/auto/ABPTest.xml
361 ms. Memory: 332288K Free: 289050K (87%)
----------------- Invoking toplevel() on ptolemy.moml.MoMLSimpleApplication@381f5738
----------------- Done invoking toplevel() on ptolemy.moml.MoMLSimpleApplication@381f5738
reloadAllAccessors: .ABPTest
----------------- testing Sat May 12 14:16:27 UTC 2018 /home/travis/build/icyphy/ptII/ptolemy/domains/modal/test/auto/ABROFlat.xml
----------------- Instantiating /home/travis/build/icyphy/ptII/ptolemy/domains/modal/test/auto/ABROFlat.xml
24 ms. Memory: 332288K Free: 266043K (80%)
----------------- Invoking toplevel() on ptolemy.moml.MoMLSimpleApplication@f17b913
----------------- Done invoking toplevel() on ptolemy.moml.MoMLSimpleApplication@f17b913
reloadAllAccessors: .ABROFlat
----------------- testing Sat May 12 14:16:27 UTC 2018 /home/travis/build/icyphy/ptII/ptolemy/domains/modal/test/auto/ABROFlat2.xml
----------------- Instantiating /home/travis/build/icyphy/ptII/ptolemy/domains/modal/test/auto/ABROFlat2.xml
18 ms. Memory: 332288K Free: 247542K (74%)
----------------- Invoking toplevel() on ptolemy.moml.MoMLSimpleApplication@2b25d90
----------------- Done invoking toplevel() on ptolemy.moml.MoMLSimpleApplication@2b25d90
reloadAllAccessors: .ABROFlat2
----------------- testing Sat May 12 14:16:28 UTC 2018 /home/travis/build/icyphy/ptII/ptolemy/domains/modal/test/auto/ABRO_present_hmm.xml
----------------- Instantiating /home/travis/build/icyphy/ptII/ptolemy/domains/modal/test/auto/ABRO_present_hmm.xml
41 ms. Memory: 332288K Free: 215608K (65%)
----------------- Invoking toplevel() on ptolemy.moml.MoMLSimpleApplication@7e49dde
----------------- Done invoking toplevel() on ptolemy.moml.MoMLSimpleApplication@7e49dde
reloadAllAccessors: .ABRO_present_hmm
----------------- testing Sat May 12 14:16:28 UTC 2018 /home/travis/build/icyphy/ptII/ptolemy/domains/modal/test/auto/AMICoderExample.xml
----------------- Instantiating /home/travis/build/icyphy/ptII/ptolemy/domains/modal/test/auto/AMICoderExample.xml
19 ms. Memory: 332288K Free: 205791K (62%)
----------------- Invoking toplevel() on ptolemy.moml.MoMLSimpleApplication@be55ee9
----------------- Done invoking toplevel() on ptolemy.moml.MoMLSimpleApplication@be55ee9
reloadAllAccessors: .AMICoderExample
----------------- testing Sat May 12 14:16:28 UTC 2018 /home/travis/build/icyphy/ptII/ptolemy/domains/modal/test/auto/AbsentToPresent.xml
----------------- Instantiating /home/travis/build/icyphy/ptII/ptolemy/domains/modal/test/auto/AbsentToPresent.xml
6 ms. Memory: 332288K Free: 197456K (59%)
----------------- Invoking toplevel() on ptolemy.moml.MoMLSimpleApplication@32888255
----------------- Done invoking toplevel() on ptolemy.moml.MoMLSimpleApplication@32888255
reloadAllAccessors: .AbsentToPresent
----------------- testing Sat May 12 14:16:28 UTC 2018 /home/travis/build/icyphy/ptII/ptolemy/domains/modal/test/auto/Blending.xml
----------------- Instantiating /home/travis/build/icyphy/ptII/ptolemy/domains/modal/test/auto/Blending.xml
153 ms. Memory: 332288K Free: 147100K (44%)
----------------- Invoking toplevel() on ptolemy.moml.MoMLSimpleApplication@2b4d3908
----------------- Done invoking toplevel() on ptolemy.moml.MoMLSimpleApplication@2b4d3908
reloadAllAccessors: .Blending
----------------- testing Sat May 12 14:16:28 UTC 2018 /home/travis/build/icyphy/ptII/ptolemy/domains/modal/test/auto/Broadcast.xml
----------------- Instantiating /home/travis/build/icyphy/ptII/ptolemy/domains/modal/test/auto/Broadcast.xml
14 ms. Memory: 332288K Free: 134856K (41%)
----------------- Invoking toplevel() on ptolemy.moml.MoMLSimpleApplication@6697ab14
----------------- Done invoking toplevel() on ptolemy.moml.MoMLSimpleApplication@6697ab14
reloadAllAccessors: .Broadcast
----------------- testing Sat May 12 14:16:28 UTC 2018 /home/travis/build/icyphy/ptII/ptolemy/domains/modal/test/auto/BroadcastHierarchy.xml
----------------- Instantiating /home/travis/build/icyphy/ptII/ptolemy/domains/modal/test/auto/BroadcastHierarchy.xml
20 ms. Memory: 332288K Free: 116459K (35%)
----------------- Invoking toplevel() on ptolemy.moml.MoMLSimpleApplication@4cdbb895
----------------- Done invoking toplevel() on ptolemy.moml.MoMLSimpleApplication@4cdbb895
reloadAllAccessors: .BroadcastHierarchy
----------------- testing Sat May 12 14:16:28 UTC 2018 /home/travis/build/icyphy/ptII/ptolemy/domains/modal/test/auto/BroadcastHierarchy2.xml
----------------- Instantiating /home/travis/build/icyphy/ptII/ptolemy/domains/modal/test/auto/BroadcastHierarchy2.xml
28 ms. Memory: 332288K Free: 82162K (25%)
----------------- Invoking toplevel() on ptolemy.moml.MoMLSimpleApplication@3d1ee45b
----------------- Done invoking toplevel() on ptolemy.moml.MoMLSimpleApplication@3d1ee45b
reloadAllAccessors: .BroadcastHierarchy2
----------------- testing Sat May 12 14:16:28 UTC 2018 /home/travis/build/icyphy/ptII/ptolemy/domains/modal/test/auto/BroadcastHierarchy3.xml
----------------- Instantiating /home/travis/build/icyphy/ptII/ptolemy/domains/modal/test/auto/BroadcastHierarchy3.xml
25 ms. Memory: 333824K Free: 297006K (89%)
----------------- Invoking toplevel() on ptolemy.moml.MoMLSimpleApplication@118a7137
----------------- Done invoking toplevel() on ptolemy.moml.MoMLSimpleApplication@118a7137
reloadAllAccessors: .BroadcastHierarchy3
----------------- testing Sat May 12 14:16:28 UTC 2018 /home/travis/build/icyphy/ptII/ptolemy/domains/modal/test/auto/BroadcastHierarchy4.xml
----------------- Instantiating /home/travis/build/icyphy/ptII/ptolemy/domains/modal/test/auto/BroadcastHierarchy4.xml
15 ms. Memory: 333824K Free: 264021K (79%)
----------------- Invoking toplevel() on ptolemy.moml.MoMLSimpleApplication@52e9bce0
----------------- Done invoking toplevel() on ptolemy.moml.MoMLSimpleApplication@52e9bce0
reloadAllAccessors: .BroadcastHierarchy4
----------------- testing Sat May 12 14:16:29 UTC 2018 /home/travis/build/icyphy/ptII/ptolemy/domains/modal/test/auto/CannotAnalysisWithPreemption2.xml
----------------- Instantiating /home/travis/build/icyphy/ptII/ptolemy/domains/modal/test/auto/CannotAnalysisWithPreemption2.xml
4 ms. Memory: 333824K Free: 255425K (77%)
----------------- Invoking toplevel() on ptolemy.moml.MoMLSimpleApplication@d98cfdf
----------------- Done invoking toplevel() on ptolemy.moml.MoMLSimpleApplication@d98cfdf
reloadAllAccessors: .CannotAnalysisWithPreemption2
----------------- testing Sat May 12 14:16:29 UTC 2018 /home/travis/build/icyphy/ptII/ptolemy/domains/modal/test/auto/CannotAnalysisWithPreemption3.xml
----------------- Instantiating /home/travis/build/icyphy/ptII/ptolemy/domains/modal/test/auto/CannotAnalysisWithPreemption3.xml
2 ms. Memory: 333824K Free: 243117K (73%)
----------------- Invoking toplevel() on ptolemy.moml.MoMLSimpleApplication@29722b53
----------------- Done invoking toplevel() on ptolemy.moml.MoMLSimpleApplication@29722b53
reloadAllAccessors: .CannotAnalysisWithPreemption3
----------------- testing Sat May 12 14:16:29 UTC 2018 /home/travis/build/icyphy/ptII/ptolemy/domains/modal/test/auto/CannotProduce.xml
----------------- Instantiating /home/travis/build/icyphy/ptII/ptolemy/domains/modal/test/auto/CannotProduce.xml
11 ms. Memory: 333824K Free: 233469K (70%)
----------------- Invoking toplevel() on ptolemy.moml.MoMLSimpleApplication@16c1fd71
----------------- Done invoking toplevel() on ptolemy.moml.MoMLSimpleApplication@16c1fd71
reloadAllAccessors: .CannotProduce
----------------- testing Sat May 12 14:16:29 UTC 2018 /home/travis/build/icyphy/ptII/ptolemy/domains/modal/test/auto/CannotProduceModal.xml
----------------- Instantiating /home/travis/build/icyphy/ptII/ptolemy/domains/modal/test/auto/CannotProduceModal.xml
10 ms. Memory: 333824K Free: 224873K (67%)
----------------- Invoking toplevel() on ptolemy.moml.MoMLSimpleApplication@77e1df55
----------------- Done invoking toplevel() on ptolemy.moml.MoMLSimpleApplication@77e1df55
reloadAllAccessors: .CannotProduceModal
----------------- testing Sat May 12 14:16:29 UTC 2018 /home/travis/build/icyphy/ptII/ptolemy/domains/modal/test/auto/Case.xml
----------------- Instantiating /home/travis/build/icyphy/ptII/ptolemy/domains/modal/test/auto/Case.xml
27 ms. Memory: 333824K Free: 211369K (63%)
----------------- Invoking toplevel() on ptolemy.moml.MoMLSimpleApplication@77b6773e
----------------- Done invoking toplevel() on ptolemy.moml.MoMLSimpleApplication@77b6773e
reloadAllAccessors: .Case
----------------- testing Sat May 12 14:16:29 UTC 2018 /home/travis/build/icyphy/ptII/ptolemy/domains/modal/test/auto/Case1.xml
----------------- Instantiating /home/travis/build/icyphy/ptII/ptolemy/domains/modal/test/auto/Case1.xml
6 ms. Memory: 333824K Free: 200508K (60%)
----------------- Invoking toplevel() on ptolemy.moml.MoMLSimpleApplication@1983f77f
----------------- Done invoking toplevel() on ptolemy.moml.MoMLSimpleApplication@1983f77f
reloadAllAccessors: .Case1
----------------- testing Sat May 12 14:16:29 UTC 2018 /home/travis/build/icyphy/ptII/ptolemy/domains/modal/test/auto/Case2.xml
----------------- Instantiating /home/travis/build/icyphy/ptII/ptolemy/domains/modal/test/auto/Case2.xml
13 ms. Memory: 333824K Free: 188232K (56%)
----------------- Invoking toplevel() on ptolemy.moml.MoMLSimpleApplication@5fda6405
----------------- Done invoking toplevel() on ptolemy.moml.MoMLSimpleApplication@5fda6405
reloadAllAccessors: .Case2
----------------- testing Sat May 12 14:16:29 UTC 2018 /home/travis/build/icyphy/ptII/ptolemy/domains/modal/test/auto/CausalityInterface1.xml
----------------- Instantiating /home/travis/build/icyphy/ptII/ptolemy/domains/modal/test/auto/CausalityInterface1.xml
3 ms. Memory: 333824K Free: 182111K (55%)
----------------- Invoking toplevel() on ptolemy.moml.MoMLSimpleApplication@7b1be55d
----------------- Done invoking toplevel() on ptolemy.moml.MoMLSimpleApplication@7b1be55d
reloadAllAccessors: .CausalityInterface1
----------------- testing Sat May 12 14:16:29 UTC 2018 /home/travis/build/icyphy/ptII/ptolemy/domains/modal/test/auto/CausalityInterface10.xml
----------------- Instantiating /home/travis/build/icyphy/ptII/ptolemy/domains/modal/test/auto/CausalityInterface10.xml
5 ms. Memory: 333824K Free: 162677K (49%)
----------------- Invoking toplevel() on ptolemy.moml.MoMLSimpleApplication@aee24cb
----------------- Done invoking toplevel() on ptolemy.moml.MoMLSimpleApplication@aee24cb
reloadAllAccessors: .CausalityInterface10
----------------- testing Sat May 12 14:16:29 UTC 2018 /home/travis/build/icyphy/ptII/ptolemy/domains/modal/test/auto/CausalityInterface11.xml
----------------- Instantiating /home/travis/build/icyphy/ptII/ptolemy/domains/modal/test/auto/CausalityInterface11.xml
5 ms. Memory: 333824K Free: 146769K (44%)
----------------- Invoking toplevel() on ptolemy.moml.MoMLSimpleApplication@6499c358
----------------- Done invoking toplevel() on ptolemy.moml.MoMLSimpleApplication@6499c358
reloadAllAccessors: .CausalityInterface11
----------------- testing Sat May 12 14:16:29 UTC 2018 /home/travis/build/icyphy/ptII/ptolemy/domains/modal/test/auto/CausalityInterface12.xml
----------------- Instantiating /home/travis/build/icyphy/ptII/ptolemy/domains/modal/test/auto/CausalityInterface12.xml
4 ms. Memory: 333824K Free: 130853K (39%)
----------------- Invoking toplevel() on ptolemy.moml.MoMLSimpleApplication@42cc37bd
----------------- Done invoking toplevel() on ptolemy.moml.MoMLSimpleApplication@42cc37bd
reloadAllAccessors: .CausalityInterface12
----------------- testing Sat May 12 14:16:29 UTC 2018 /home/travis/build/icyphy/ptII/ptolemy/domains/modal/test/auto/CausalityInterface13.xml
----------------- Instantiating /home/travis/build/icyphy/ptII/ptolemy/domains/modal/test/auto/CausalityInterface13.xml
15 ms. Memory: 333824K Free: 111373K (33%)
----------------- Invoking toplevel() on ptolemy.moml.MoMLSimpleApplication@6779de65
----------------- Done invoking toplevel() on ptolemy.moml.MoMLSimpleApplication@6779de65
reloadAllAccessors: .CausalityInterface13
----------------- testing Sat May 12 14:16:29 UTC 2018 /home/travis/build/icyphy/ptII/ptolemy/domains/modal/test/auto/CausalityInterface14.xml
----------------- Instantiating /home/travis/build/icyphy/ptII/ptolemy/domains/modal/test/auto/CausalityInterface14.xml
7 ms. Memory: 333824K Free: 94172K (28%)
----------------- Invoking toplevel() on ptolemy.moml.MoMLSimpleApplication@56540408
----------------- Done invoking toplevel() on ptolemy.moml.MoMLSimpleApplication@56540408
reloadAllAccessors: .CausalityInterface14
----------------- testing Sat May 12 14:16:29 UTC 2018 /home/travis/build/icyphy/ptII/ptolemy/domains/modal/test/auto/CausalityInterface2.xml
----------------- Instantiating /home/travis/build/icyphy/ptII/ptolemy/domains/modal/test/auto/CausalityInterface2.xml
4 ms. Memory: 333824K Free: 86813K (26%)
----------------- Invoking toplevel() on ptolemy.moml.MoMLSimpleApplication@5e8f892
----------------- Done invoking toplevel() on ptolemy.moml.MoMLSimpleApplication@5e8f892
reloadAllAccessors: .CausalityInterface2
----------------- testing Sat May 12 14:16:29 UTC 2018 /home/travis/build/icyphy/ptII/ptolemy/domains/modal/test/auto/CausalityInterface3.xml
----------------- Instantiating /home/travis/build/icyphy/ptII/ptolemy/domains/modal/test/auto/CausalityInterface3.xml
3 ms. Memory: 577536K Free: 563617K (98%)
----------------- Invoking toplevel() on ptolemy.moml.MoMLSimpleApplication@48782f7d
----------------- Done invoking toplevel() on ptolemy.moml.MoMLSimpleApplication@48782f7d
reloadAllAccessors: .CausalityInterface3
----------------- testing Sat May 12 14:16:29 UTC 2018 /home/travis/build/icyphy/ptII/ptolemy/domains/modal/test/auto/CausalityInterface4.xml
----------------- Instantiating /home/travis/build/icyphy/ptII/ptolemy/domains/modal/test/auto/CausalityInterface4.xml
3 ms. Memory: 577536K Free: 550476K (95%)
----------------- Invoking toplevel() on ptolemy.moml.MoMLSimpleApplication@32b3b1a7
----------------- Done invoking toplevel() on ptolemy.moml.MoMLSimpleApplication@32b3b1a7
reloadAllAccessors: .CausalityInterface4
----------------- testing Sat May 12 14:16:29 UTC 2018 /home/travis/build/icyphy/ptII/ptolemy/domains/modal/test/auto/CausalityInterface5.xml
----------------- Instantiating /home/travis/build/icyphy/ptII/ptolemy/domains/modal/test/auto/CausalityInterface5.xml
6 ms. Memory: 577536K Free: 538245K (93%)
----------------- Invoking toplevel() on ptolemy.moml.MoMLSimpleApplication@56dfc0a1
----------------- Done invoking toplevel() on ptolemy.moml.MoMLSimpleApplication@56dfc0a1
reloadAllAccessors: .CausalityInterface5
----------------- testing Sat May 12 14:16:29 UTC 2018 /home/travis/build/icyphy/ptII/ptolemy/domains/modal/test/auto/CausalityInterface6.xml
----------------- Instantiating /home/travis/build/icyphy/ptII/ptolemy/domains/modal/test/auto/CausalityInterface6.xml
2 ms. Memory: 577536K Free: 526023K (91%)
----------------- Invoking toplevel() on ptolemy.moml.MoMLSimpleApplication@75b3e161
----------------- Done invoking toplevel() on ptolemy.moml.MoMLSimpleApplication@75b3e161
reloadAllAccessors: .CausalityInterface6
----------------- testing Sat May 12 14:16:29 UTC 2018 /home/travis/build/icyphy/ptII/ptolemy/domains/modal/test/auto/CausalityInterface7.xml
----------------- Instantiating /home/travis/build/icyphy/ptII/ptolemy/domains/modal/test/auto/CausalityInterface7.xml
9 ms. Memory: 577536K Free: 513808K (89%)
----------------- Invoking toplevel() on ptolemy.moml.MoMLSimpleApplication@47cc146f
----------------- Done invoking toplevel() on ptolemy.moml.MoMLSimpleApplication@47cc146f
reloadAllAccessors: .CausalityInterface7
----------------- testing Sat May 12 14:16:29 UTC 2018 /home/travis/build/icyphy/ptII/ptolemy/domains/modal/test/auto/CausalityInterface8.xml
----------------- Instantiating /home/travis/build/icyphy/ptII/ptolemy/domains/modal/test/auto/CausalityInterface8.xml
3 ms. Memory: 577536K Free: 498443K (86%)
----------------- Invoking toplevel() on ptolemy.moml.MoMLSimpleApplication@e55ee67
----------------- Done invoking toplevel() on ptolemy.moml.MoMLSimpleApplication@e55ee67
reloadAllAccessors: .CausalityInterface8
----------------- testing Sat May 12 14:16:29 UTC 2018 /home/travis/build/icyphy/ptII/ptolemy/domains/modal/test/auto/CausalityInterface9.xml
----------------- Instantiating /home/travis/build/icyphy/ptII/ptolemy/domains/modal/test/auto/CausalityInterface9.xml
3 ms. Memory: 577536K Free: 486229K (84%)
----------------- Invoking toplevel() on ptolemy.moml.MoMLSimpleApplication@e580b2e
----------------- Done invoking toplevel() on ptolemy.moml.MoMLSimpleApplication@e580b2e
reloadAllAccessors: .CausalityInterface9
----------------- testing Sat May 12 14:16:29 UTC 2018 /home/travis/build/icyphy/ptII/ptolemy/domains/modal/test/auto/ChainedTransitions.xml
----------------- Instantiating /home/travis/build/icyphy/ptII/ptolemy/domains/modal/test/auto/ChainedTransitions.xml
79 ms. Memory: 577536K Free: 456880K (79%)
----------------- Invoking toplevel() on ptolemy.moml.MoMLSimpleApplication@2d8def76
----------------- Done invoking toplevel() on ptolemy.moml.MoMLSimpleApplication@2d8def76
reloadAllAccessors: .ChainedTransitions
----------------- testing Sat May 12 14:16:30 UTC 2018 /home/travis/build/icyphy/ptII/ptolemy/domains/modal/test/auto/CycleOfImmediateTransitionsFSM.xml
----------------- Instantiating /home/travis/build/icyphy/ptII/ptolemy/domains/modal/test/auto/CycleOfImmediateTransitionsFSM.xml
2 ms. Memory: 577536K Free: 447089K (77%)
----------------- Invoking toplevel() on ptolemy.moml.MoMLSimpleApplication@20c8b227
----------------- Done invoking toplevel() on ptolemy.moml.MoMLSimpleApplication@20c8b227
reloadAllAccessors: .CycleOfImmediateTransitionsFSM
----------------- testing Sat May 12 14:16:30 UTC 2018 /home/travis/build/icyphy/ptII/ptolemy/domains/modal/test/auto/CycleOfImmediateTransitionsModal.xml
----------------- Instantiating /home/travis/build/icyphy/ptII/ptolemy/domains/modal/test/auto/CycleOfImmediateTransitionsModal.xml
3 ms. Memory: 577536K Free: 434188K (75%)
----------------- Invoking toplevel() on ptolemy.moml.MoMLSimpleApplication@5322a55
----------------- Done invoking toplevel() on ptolemy.moml.MoMLSimpleApplication@5322a55
reloadAllAccessors: .CycleOfImmediateTransitionsModal
----------------- testing Sat May 12 14:16:30 UTC 2018 /home/travis/build/icyphy/ptII/ptolemy/domains/modal/test/auto/CycleOfImmediateTransitionsModal2.xml
----------------- Instantiating /home/travis/build/icyphy/ptII/ptolemy/domains/modal/test/auto/CycleOfImmediateTransitionsModal2.xml
4 ms. Memory: 577536K Free: 424413K (73%)
----------------- Invoking toplevel() on ptolemy.moml.MoMLSimpleApplication@63ba765f
----------------- Done invoking toplevel() on ptolemy.moml.MoMLSimpleApplication@63ba765f
reloadAllAccessors: .CycleOfImmediateTransitionsModal2
----------------- testing Sat May 12 14:16:30 UTC 2018 /home/travis/build/icyphy/ptII/ptolemy/domains/modal/test/auto/CycleOfImmediateTransitionsModal3.xml
----------------- Instantiating /home/travis/build/icyphy/ptII/ptolemy/domains/modal/test/auto/CycleOfImmediateTransitionsModal3.xml
6 ms. Memory: 577536K Free: 390185K (68%)
----------------- Invoking toplevel() on ptolemy.moml.MoMLSimpleApplication@4b21ac5a
----------------- Done invoking toplevel() on ptolemy.moml.MoMLSimpleApplication@4b21ac5a
reloadAllAccessors: .CycleOfImmediateTransitionsModal3
----------------- testing Sat May 12 14:16:30 UTC 2018 /home/travis/build/icyphy/ptII/ptolemy/domains/modal/test/auto/DeepModal1.xml
----------------- Instantiating /home/travis/build/icyphy/ptII/ptolemy/domains/modal/test/auto/DeepModal1.xml
15 ms. Memory: 577536K Free: 373067K (65%)
----------------- Invoking toplevel() on ptolemy.moml.MoMLSimpleApplication@2840f572
----------------- Done invoking toplevel() on ptolemy.moml.MoMLSimpleApplication@2840f572
reloadAllAccessors: .DeepModal1
----------------- testing Sat May 12 14:16:30 UTC 2018 /home/travis/build/icyphy/ptII/ptolemy/domains/modal/test/auto/DeepModal2.xml
----------------- Instantiating /home/travis/build/icyphy/ptII/ptolemy/domains/modal/test/auto/DeepModal2.xml
21 ms. Memory: 577536K Free: 347943K (60%)
----------------- Invoking toplevel() on ptolemy.moml.MoMLSimpleApplication@60b8f534
----------------- Done invoking toplevel() on ptolemy.moml.MoMLSimpleApplication@60b8f534
reloadAllAccessors: .DeepModal2
----------------- testing Sat May 12 14:16:30 UTC 2018 /home/travis/build/icyphy/ptII/ptolemy/domains/modal/test/auto/DeepModal3.xml
----------------- Instantiating /home/travis/build/icyphy/ptII/ptolemy/domains/modal/test/auto/DeepModal3.xml
27 ms. Memory: 577536K Free: 325937K (56%)
----------------- Invoking toplevel() on ptolemy.moml.MoMLSimpleApplication@400172a0
----------------- Done invoking toplevel() on ptolemy.moml.MoMLSimpleApplication@400172a0
reloadAllAccessors: .DeepModal3
----------------- testing Sat May 12 14:16:30 UTC 2018 /home/travis/build/icyphy/ptII/ptolemy/domains/modal/test/auto/DeepModal4.xml
----------------- Instantiating /home/travis/build/icyphy/ptII/ptolemy/domains/modal/test/auto/DeepModal4.xml
24 ms. Memory: 577536K Free: 303900K (53%)
----------------- Invoking toplevel() on ptolemy.moml.MoMLSimpleApplication@5cd16cff
----------------- Done invoking toplevel() on ptolemy.moml.MoMLSimpleApplication@5cd16cff
reloadAllAccessors: .DeepModal4
----------------- testing Sat May 12 14:16:30 UTC 2018 /home/travis/build/icyphy/ptII/ptolemy/domains/modal/test/auto/Default1.xml
----------------- Instantiating /home/travis/build/icyphy/ptII/ptolemy/domains/modal/test/auto/Default1.xml
3 ms. Memory: 577536K Free: 294109K (51%)
----------------- Invoking toplevel() on ptolemy.moml.MoMLSimpleApplication@2d92ed04
----------------- Done invoking toplevel() on ptolemy.moml.MoMLSimpleApplication@2d92ed04
reloadAllAccessors: .Default1
----------------- testing Sat May 12 14:16:30 UTC 2018 /home/travis/build/icyphy/ptII/ptolemy/domains/modal/test/auto/Default2.xml
----------------- Instantiating /home/travis/build/icyphy/ptII/ptolemy/domains/modal/test/auto/Default2.xml
3 ms. Memory: 577536K Free: 281192K (49%)
----------------- Invoking toplevel() on ptolemy.moml.MoMLSimpleApplication@1a0fe1b3
----------------- Done invoking toplevel() on ptolemy.moml.MoMLSimpleApplication@1a0fe1b3
reloadAllAccessors: .Default2
----------------- testing Sat May 12 14:16:30 UTC 2018 /home/travis/build/icyphy/ptII/ptolemy/domains/modal/test/auto/Default3.xml
----------------- Instantiating /home/travis/build/icyphy/ptII/ptolemy/domains/modal/test/auto/Default3.xml
3 ms. Memory: 577536K Free: 271401K (47%)
----------------- Invoking toplevel() on ptolemy.moml.MoMLSimpleApplication@45e73691
----------------- Done invoking toplevel() on ptolemy.moml.MoMLSimpleApplication@45e73691
reloadAllAccessors: .Default3
----------------- testing Sat May 12 14:16:30 UTC 2018 /home/travis/build/icyphy/ptII/ptolemy/domains/modal/test/auto/Default4.xml
----------------- Instantiating /home/travis/build/icyphy/ptII/ptolemy/domains/modal/test/auto/Default4.xml
3 ms. Memory: 577536K Free: 261610K (45%)
----------------- Invoking toplevel() on ptolemy.moml.MoMLSimpleApplication@2647bb1
----------------- Done invoking toplevel() on ptolemy.moml.MoMLSimpleApplication@2647bb1
reloadAllAccessors: .Default4
----------------- testing Sat May 12 14:16:30 UTC 2018 /home/travis/build/icyphy/ptII/ptolemy/domains/modal/test/auto/Default5.xml
----------------- Instantiating /home/travis/build/icyphy/ptII/ptolemy/domains/modal/test/auto/Default5.xml
10 ms. Memory: 577536K Free: 251835K (44%)
----------------- Invoking toplevel() on ptolemy.moml.MoMLSimpleApplication@55f7361e
----------------- Done invoking toplevel() on ptolemy.moml.MoMLSimpleApplication@55f7361e
reloadAllAccessors: .Default5
----------------- testing Sat May 12 14:16:30 UTC 2018 /home/travis/build/icyphy/ptII/ptolemy/domains/modal/test/auto/EmptyGuard.xml
----------------- Instantiating /home/travis/build/icyphy/ptII/ptolemy/domains/modal/test/auto/EmptyGuard.xml
11 ms. Memory: 577536K Free: 238934K (41%)
----------------- Invoking toplevel() on ptolemy.moml.MoMLSimpleApplication@24b056dd
----------------- Done invoking toplevel() on ptolemy.moml.MoMLSimpleApplication@24b056dd
reloadAllAccessors: .EmptyGuard
----------------- testing Sat May 12 14:16:30 UTC 2018 /home/travis/build/icyphy/ptII/ptolemy/domains/modal/test/auto/ErrorTransition1.xml
----------------- Instantiating /home/travis/build/icyphy/ptII/ptolemy/domains/modal/test/auto/ErrorTransition1.xml
7 ms. Memory: 577536K Free: 229175K (40%)
----------------- Invoking toplevel() on ptolemy.moml.MoMLSimpleApplication@1ad60a4e
----------------- Done invoking toplevel() on ptolemy.moml.MoMLSimpleApplication@1ad60a4e
reloadAllAccessors: .ErrorTransition1
----------------- testing Sat May 12 14:16:30 UTC 2018 /home/travis/build/icyphy/ptII/ptolemy/domains/modal/test/auto/ErrorTransition10.xml
----------------- Instantiating /home/travis/build/icyphy/ptII/ptolemy/domains/modal/test/auto/ErrorTransition10.xml
8 ms. Memory: 577536K Free: 212097K (37%)
----------------- Invoking toplevel() on ptolemy.moml.MoMLSimpleApplication@2d01d661
----------------- Done invoking toplevel() on ptolemy.moml.MoMLSimpleApplication@2d01d661
reloadAllAccessors: .ErrorTransition10
----------------- testing Sat May 12 14:16:30 UTC 2018 /home/travis/build/icyphy/ptII/ptolemy/domains/modal/test/auto/ErrorTransition11.xml
----------------- Instantiating /home/travis/build/icyphy/ptII/ptolemy/domains/modal/test/auto/ErrorTransition11.xml
4 ms. Memory: 577536K Free: 197443K (34%)
----------------- Invoking toplevel() on ptolemy.moml.MoMLSimpleApplication@2ce3119c
----------------- Done invoking toplevel() on ptolemy.moml.MoMLSimpleApplication@2ce3119c
reloadAllAccessors: .ErrorTransition11
----------------- testing Sat May 12 14:16:30 UTC 2018 /home/travis/build/icyphy/ptII/ptolemy/domains/modal/test/auto/ErrorTransition2.xml
----------------- Instantiating /home/travis/build/icyphy/ptII/ptolemy/domains/modal/test/auto/ErrorTransition2.xml
4 ms. Memory: 577536K Free: 185212K (32%)
----------------- Invoking toplevel() on ptolemy.moml.MoMLSimpleApplication@4b27abf1
----------------- Done invoking toplevel() on ptolemy.moml.MoMLSimpleApplication@4b27abf1
reloadAllAccessors: .ErrorTransition2
----------------- testing Sat May 12 14:16:30 UTC 2018 /home/travis/build/icyphy/ptII/ptolemy/domains/modal/test/auto/ErrorTransition3.xml
----------------- Instantiating /home/travis/build/icyphy/ptII/ptolemy/domains/modal/test/auto/ErrorTransition3.xml
6 ms. Memory: 577536K Free: 169879K (29%)
----------------- Invoking toplevel() on ptolemy.moml.MoMLSimpleApplication@4317180a
----------------- Done invoking toplevel() on ptolemy.moml.MoMLSimpleApplication@4317180a
reloadAllAccessors: .ErrorTransition3
----------------- testing Sat May 12 14:16:30 UTC 2018 /home/travis/build/icyphy/ptII/ptolemy/domains/modal/test/auto/ErrorTransition4.xml
----------------- Instantiating /home/travis/build/icyphy/ptII/ptolemy/domains/modal/test/auto/ErrorTransition4.xml
6 ms. Memory: 577536K Free: 157648K (27%)
----------------- Invoking toplevel() on ptolemy.moml.MoMLSimpleApplication@589138c0
----------------- Done invoking toplevel() on ptolemy.moml.MoMLSimpleApplication@589138c0
reloadAllAccessors: .ErrorTransition4
----------------- testing Sat May 12 14:16:30 UTC 2018 /home/travis/build/icyphy/ptII/ptolemy/domains/modal/test/auto/ErrorTransition5.xml
----------------- Instantiating /home/travis/build/icyphy/ptII/ptolemy/domains/modal/test/auto/ErrorTransition5.xml
9 ms. Memory: 577536K Free: 145418K (25%)
----------------- Invoking toplevel() on ptolemy.moml.MoMLSimpleApplication@4efe12f3
----------------- Done invoking toplevel() on ptolemy.moml.MoMLSimpleApplication@4efe12f3
reloadAllAccessors: .ErrorTransition5
----------------- testing Sat May 12 14:16:30 UTC 2018 /home/travis/build/icyphy/ptII/ptolemy/domains/modal/test/auto/ErrorTransition6.xml
----------------- Instantiating /home/travis/build/icyphy/ptII/ptolemy/domains/modal/test/auto/ErrorTransition6.xml
7 ms. Memory: 577536K Free: 133219K (23%)
----------------- Invoking toplevel() on ptolemy.moml.MoMLSimpleApplication@5e925a4e
----------------- Done invoking toplevel() on ptolemy.moml.MoMLSimpleApplication@5e925a4e
reloadAllAccessors: .ErrorTransition6
----------------- testing Sat May 12 14:16:30 UTC 2018 /home/travis/build/icyphy/ptII/ptolemy/domains/modal/test/auto/ErrorTransition7.xml
----------------- Instantiating /home/travis/build/icyphy/ptII/ptolemy/domains/modal/test/auto/ErrorTransition7.xml
15 ms. Memory: 577536K Free: 112966K (20%)
----------------- Invoking toplevel() on ptolemy.moml.MoMLSimpleApplication@49c58ad8
----------------- Done invoking toplevel() on ptolemy.moml.MoMLSimpleApplication@49c58ad8
reloadAllAccessors: .ErrorTransition7
----------------- testing Sat May 12 14:16:30 UTC 2018 /home/travis/build/icyphy/ptII/ptolemy/domains/modal/test/auto/ErrorTransition8.xml
----------------- Instantiating /home/travis/build/icyphy/ptII/ptolemy/domains/modal/test/auto/ErrorTransition8.xml
29 ms. Memory: 577536K Free: 95872K (17%)
----------------- Invoking toplevel() on ptolemy.moml.MoMLSimpleApplication@6046ec79
----------------- Done invoking toplevel() on ptolemy.moml.MoMLSimpleApplication@6046ec79
reloadAllAccessors: .ErrorTransition8
----------------- testing Sat May 12 14:16:31 UTC 2018 /home/travis/build/icyphy/ptII/ptolemy/domains/modal/test/auto/ErrorTransition9.xml
----------------- Instantiating /home/travis/build/icyphy/ptII/ptolemy/domains/modal/test/auto/ErrorTransition9.xml
15 ms. Memory: 577536K Free: 79455K (14%)
----------------- Invoking toplevel() on ptolemy.moml.MoMLSimpleApplication@246d8f7f
----------------- Done invoking toplevel() on ptolemy.moml.MoMLSimpleApplication@246d8f7f
reloadAllAccessors: .ErrorTransition9
----------------- testing Sat May 12 14:16:31 UTC 2018 /home/travis/build/icyphy/ptII/ptolemy/domains/modal/test/auto/ExtendedFSM.xml
----------------- Instantiating /home/travis/build/icyphy/ptII/ptolemy/domains/modal/test/auto/ExtendedFSM.xml
9 ms. Memory: 578048K Free: 557827K (97%)
----------------- Invoking toplevel() on ptolemy.moml.MoMLSimpleApplication@263eb572
----------------- Done invoking toplevel() on ptolemy.moml.MoMLSimpleApplication@263eb572
reloadAllAccessors: .ExtendedFSM
----------------- testing Sat May 12 14:16:31 UTC 2018 /home/travis/build/icyphy/ptII/ptolemy/domains/modal/test/auto/FinalStates.xml
----------------- Instantiating /home/travis/build/icyphy/ptII/ptolemy/domains/modal/test/auto/FinalStates.xml
4 ms. Memory: 578048K Free: 545876K (94%)
----------------- Invoking toplevel() on ptolemy.moml.MoMLSimpleApplication@2708b00f
----------------- Done invoking toplevel() on ptolemy.moml.MoMLSimpleApplication@2708b00f
reloadAllAccessors: .FinalStates
----------------- testing Sat May 12 14:16:31 UTC 2018 /home/travis/build/icyphy/ptII/ptolemy/domains/modal/test/auto/FixedPointFSM.xml
----------------- Instantiating /home/travis/build/icyphy/ptII/ptolemy/domains/modal/test/auto/FixedPointFSM.xml
16 ms. Memory: 578048K Free: 528594K (91%)
----------------- Invoking toplevel() on ptolemy.moml.MoMLSimpleApplication@1b98c410
----------------- Done invoking toplevel() on ptolemy.moml.MoMLSimpleApplication@1b98c410
reloadAllAccessors: .FixedPointFSM
----------------- testing Sat May 12 14:16:31 UTC 2018 /home/travis/build/icyphy/ptII/ptolemy/domains/modal/test/auto/FixedPointIterationFSMActor.xml
----------------- Instantiating /home/travis/build/icyphy/ptII/ptolemy/domains/modal/test/auto/FixedPointIterationFSMActor.xml
5 ms. Memory: 578048K Free: 514187K (89%)
----------------- Invoking toplevel() on ptolemy.moml.MoMLSimpleApplication@42f047a3
----------------- Done invoking toplevel() on ptolemy.moml.MoMLSimpleApplication@42f047a3
reloadAllAccessors: .FixedPointIterationFSMActor
----------------- testing Sat May 12 14:16:31 UTC 2018 /home/travis/build/icyphy/ptII/ptolemy/domains/modal/test/auto/FixedPointIterationFSMActor2.xml
----------------- Instantiating /home/travis/build/icyphy/ptII/ptolemy/domains/modal/test/auto/FixedPointIterationFSMActor2.xml
13 ms. Memory: 578048K Free: 499501K (86%)
----------------- Invoking toplevel() on ptolemy.moml.MoMLSimpleApplication@2118ac62
----------------- Done invoking toplevel() on ptolemy.moml.MoMLSimpleApplication@2118ac62
reloadAllAccessors: .FixedPointIterationFSMActor2
----------------- testing Sat May 12 14:16:31 UTC 2018 /home/travis/build/icyphy/ptII/ptolemy/domains/modal/test/auto/ForbiddenInstantanousLoop.xml
----------------- Instantiating /home/travis/build/icyphy/ptII/ptolemy/domains/modal/test/auto/ForbiddenInstantanousLoop.xml
5 ms. Memory: 578048K Free: 484862K (84%)
----------------- Invoking toplevel() on ptolemy.moml.MoMLSimpleApplication@1c3bd52a
----------------- Done invoking toplevel() on ptolemy.moml.MoMLSimpleApplication@1c3bd52a
reloadAllAccessors: .ForbiddenInstantanousLoop
----------------- testing Sat May 12 14:16:31 UTC 2018 /home/travis/build/icyphy/ptII/ptolemy/domains/modal/test/auto/FunctionDependencyOfFSMActorTest.xml
----------------- Instantiating /home/travis/build/icyphy/ptII/ptolemy/domains/modal/test/auto/FunctionDependencyOfFSMActorTest.xml
9 ms. Memory: 578048K Free: 475343K (82%)
----------------- Invoking toplevel() on ptolemy.moml.MoMLSimpleApplication@2edf273e
----------------- Done invoking toplevel() on ptolemy.moml.MoMLSimpleApplication@2edf273e
reloadAllAccessors: .FunctionDependencyOfFSMActorTest
----------------- testing Sat May 12 14:16:31 UTC 2018 /home/travis/build/icyphy/ptII/ptolemy/domains/modal/test/auto/GuardExpression.xml
----------------- Instantiating /home/travis/build/icyphy/ptII/ptolemy/domains/modal/test/auto/GuardExpression.xml
2 ms. Memory: 578048K Free: 468024K (81%)
----------------- Invoking toplevel() on ptolemy.moml.MoMLSimpleApplication@115fb4e3
----------------- Done invoking toplevel() on ptolemy.moml.MoMLSimpleApplication@115fb4e3
reloadAllAccessors: .GuardExpression
----------------- testing Sat May 12 14:16:31 UTC 2018 /home/travis/build/icyphy/ptII/ptolemy/domains/modal/test/auto/GuardNotEvaluated.xml
----------------- Instantiating /home/travis/build/icyphy/ptII/ptolemy/domains/modal/test/auto/GuardNotEvaluated.xml
6 ms. Memory: 578048K Free: 455826K (79%)
----------------- Invoking toplevel() on ptolemy.moml.MoMLSimpleApplication@32f02e5
----------------- Done invoking toplevel() on ptolemy.moml.MoMLSimpleApplication@32f02e5
reloadAllAccessors: .GuardNotEvaluated
----------------- testing Sat May 12 14:16:31 UTC 2018 /home/travis/build/icyphy/ptII/ptolemy/domains/modal/test/auto/GuardNotEvaluated2.xml
----------------- Instantiating /home/travis/build/icyphy/ptII/ptolemy/domains/modal/test/auto/GuardNotEvaluated2.xml
6 ms. Memory: 578048K Free: 443875K (77%)
----------------- Invoking toplevel() on ptolemy.moml.MoMLSimpleApplication@203da4b4
----------------- Done invoking toplevel() on ptolemy.moml.MoMLSimpleApplication@203da4b4
reloadAllAccessors: .GuardNotEvaluated2
----------------- testing Sat May 12 14:16:31 UTC 2018 /home/travis/build/icyphy/ptII/ptolemy/domains/modal/test/auto/GuardOnAbsent.xml
----------------- Instantiating /home/travis/build/icyphy/ptII/ptolemy/domains/modal/test/auto/GuardOnAbsent.xml
5 ms. Memory: 578048K Free: 434100K (75%)
----------------- Invoking toplevel() on ptolemy.moml.MoMLSimpleApplication@98b35ea
----------------- Done invoking toplevel() on ptolemy.moml.MoMLSimpleApplication@98b35ea
reloadAllAccessors: .GuardOnAbsent
----------------- testing Sat May 12 14:16:31 UTC 2018 /home/travis/build/icyphy/ptII/ptolemy/domains/modal/test/auto/HierarchicalFSMTypeInference.xml
----------------- Instantiating /home/travis/build/icyphy/ptII/ptolemy/domains/modal/test/auto/HierarchicalFSMTypeInference.xml
2 ms. Memory: 578048K Free: 419445K (73%)
----------------- Invoking toplevel() on ptolemy.moml.MoMLSimpleApplication@5bceaf65
----------------- Done invoking toplevel() on ptolemy.moml.MoMLSimpleApplication@5bceaf65
reloadAllAccessors: .HierarchicalFSMTypeInference
----------------- testing Sat May 12 14:16:31 UTC 2018 /home/travis/build/icyphy/ptII/ptolemy/domains/modal/test/auto/Hysteresis.xml
----------------- Instantiating /home/travis/build/icyphy/ptII/ptolemy/domains/modal/test/auto/Hysteresis.xml
9 ms. Memory: 578048K Free: 400159K (69%)
----------------- Invoking toplevel() on ptolemy.moml.MoMLSimpleApplication@592df9
----------------- Done invoking toplevel() on ptolemy.moml.MoMLSimpleApplication@592df9
reloadAllAccessors: .Hysteresis
----------------- testing Sat May 12 14:16:31 UTC 2018 /home/travis/build/icyphy/ptII/ptolemy/domains/modal/test/auto/HysteresisWithDefault.xml
----------------- Instantiating /home/travis/build/icyphy/ptII/ptolemy/domains/modal/test/auto/HysteresisWithDefault.xml
26 ms. Memory: 578048K Free: 373242K (65%)
----------------- Invoking toplevel() on ptolemy.moml.MoMLSimpleApplication@33cf8da0
----------------- Done invoking toplevel() on ptolemy.moml.MoMLSimpleApplication@33cf8da0
reloadAllAccessors: .HysteresisWithDefault
----------------- testing Sat May 12 14:16:31 UTC 2018 /home/travis/build/icyphy/ptII/ptolemy/domains/modal/test/auto/HysteresisWithDefault2.xml
----------------- Instantiating /home/travis/build/icyphy/ptII/ptolemy/domains/modal/test/auto/HysteresisWithDefault2.xml
47 ms. Memory: 578048K Free: 339206K (59%)
----------------- Invoking toplevel() on ptolemy.moml.MoMLSimpleApplication@7006183b
----------------- Done invoking toplevel() on ptolemy.moml.MoMLSimpleApplication@7006183b
reloadAllAccessors: .HysteresisWithDefault2
----------------- testing Sat May 12 14:16:31 UTC 2018 /home/travis/build/icyphy/ptII/ptolemy/domains/modal/test/auto/ImmediateNonConstructiveness.xml
----------------- Instantiating /home/travis/build/icyphy/ptII/ptolemy/domains/modal/test/auto/ImmediateNonConstructiveness.xml
4 ms. Memory: 578048K Free: 329431K (57%)
----------------- Invoking toplevel() on ptolemy.moml.MoMLSimpleApplication@21f92715
----------------- Done invoking toplevel() on ptolemy.moml.MoMLSimpleApplication@21f92715
reloadAllAccessors: .ImmediateNonConstructiveness
----------------- testing Sat May 12 14:16:31 UTC 2018 /home/travis/build/icyphy/ptII/ptolemy/domains/modal/test/auto/ImmediateNonConstructiveness2.xml
----------------- Instantiating /home/travis/build/icyphy/ptII/ptolemy/domains/modal/test/auto/ImmediateNonConstructiveness2.xml
10 ms. Memory: 578048K Free: 319656K (55%)
----------------- Invoking toplevel() on ptolemy.moml.MoMLSimpleApplication@7199c76d
----------------- Done invoking toplevel() on ptolemy.moml.MoMLSimpleApplication@7199c76d
reloadAllAccessors: .ImmediateNonConstructiveness2
----------------- testing Sat May 12 14:16:31 UTC 2018 /home/travis/build/icyphy/ptII/ptolemy/domains/modal/test/auto/ImmediateTransitionReset.xml
----------------- Instantiating /home/travis/build/icyphy/ptII/ptolemy/domains/modal/test/auto/ImmediateTransitionReset.xml
4 ms. Memory: 578048K Free: 302778K (52%)
----------------- Invoking toplevel() on ptolemy.moml.MoMLSimpleApplication@63b4e393
----------------- Done invoking toplevel() on ptolemy.moml.MoMLSimpleApplication@63b4e393
reloadAllAccessors: .ImmediateTransitionReset
----------------- testing Sat May 12 14:16:31 UTC 2018 /home/travis/build/icyphy/ptII/ptolemy/domains/modal/test/auto/ImmediateTransitions1.xml
----------------- Instantiating /home/travis/build/icyphy/ptII/ptolemy/domains/modal/test/auto/ImmediateTransitions1.xml
1 ms. Memory: 578048K Free: 295443K (51%)
----------------- Invoking toplevel() on ptolemy.moml.MoMLSimpleApplication@69a8b1b8
----------------- Done invoking toplevel() on ptolemy.moml.MoMLSimpleApplication@69a8b1b8
reloadAllAccessors: .ImmediateTransitions1
----------------- testing Sat May 12 14:16:31 UTC 2018 /home/travis/build/icyphy/ptII/ptolemy/domains/modal/test/auto/ImmediateTransitionsInstantaneousCommunication.xml
----------------- Instantiating /home/travis/build/icyphy/ptII/ptolemy/domains/modal/test/auto/ImmediateTransitionsInstantaneousCommunication.xml
5 ms. Memory: 578048K Free: 280772K (49%)
----------------- Invoking toplevel() on ptolemy.moml.MoMLSimpleApplication@3ba95cbb
----------------- Done invoking toplevel() on ptolemy.moml.MoMLSimpleApplication@3ba95cbb
reloadAllAccessors: .ImmediateTransitionsInstantaneousCommunication
----------------- testing Sat May 12 14:16:31 UTC 2018 /home/travis/build/icyphy/ptII/ptolemy/domains/modal/test/auto/InitialImmediateTransition.xml
----------------- Instantiating /home/travis/build/icyphy/ptII/ptolemy/domains/modal/test/auto/InitialImmediateTransition.xml
4 ms. Memory: 578048K Free: 268805K (47%)
----------------- Invoking toplevel() on ptolemy.moml.MoMLSimpleApplication@2bdec56f
----------------- Done invoking toplevel() on ptolemy.moml.MoMLSimpleApplication@2bdec56f
reloadAllAccessors: .InitialImmediateTransition
----------------- testing Sat May 12 14:16:31 UTC 2018 /home/travis/build/icyphy/ptII/ptolemy/domains/modal/test/auto/InitialOutputs.xml
----------------- Instantiating /home/travis/build/icyphy/ptII/ptolemy/domains/modal/test/auto/InitialOutputs.xml
3 ms. Memory: 578048K Free: 259047K (45%)
----------------- Invoking toplevel() on ptolemy.moml.MoMLSimpleApplication@6590276
----------------- Done invoking toplevel() on ptolemy.moml.MoMLSimpleApplication@6590276
reloadAllAccessors: .InitialOutputs
----------------- testing Sat May 12 14:16:31 UTC 2018 /home/travis/build/icyphy/ptII/ptolemy/domains/modal/test/auto/InitialStateTransition1.xml
----------------- Instantiating /home/travis/build/icyphy/ptII/ptolemy/domains/modal/test/auto/InitialStateTransition1.xml
3 ms. Memory: 578048K Free: 249280K (43%)
----------------- Invoking toplevel() on ptolemy.moml.MoMLSimpleApplication@38b28a2
----------------- Done invoking toplevel() on ptolemy.moml.MoMLSimpleApplication@38b28a2
reloadAllAccessors: .InitialStateTransition1
----------------- testing Sat May 12 14:16:31 UTC 2018 /home/travis/build/icyphy/ptII/ptolemy/domains/modal/test/auto/InitialStateTransition2.xml
----------------- Instantiating /home/travis/build/icyphy/ptII/ptolemy/domains/modal/test/auto/InitialStateTransition2.xml
.InitialStateTransition2.TestExceptionAttributeNonConstructive: initialize() was not invoked, but wrapup() was.  This is unusual, but not always a problem.  For example, exporting JNLP will do this.
1 ms. Memory: 578048K Free: 234873K (41%)
----------------- Invoking toplevel() on ptolemy.moml.MoMLSimpleApplication@5bfc06b8
----------------- Done invoking toplevel() on ptolemy.moml.MoMLSimpleApplication@5bfc06b8
reloadAllAccessors: .InitialStateTransition2
----------------- testing Sat May 12 14:16:31 UTC 2018 /home/travis/build/icyphy/ptII/ptolemy/domains/modal/test/auto/InitialStateTransition3.xml
----------------- Instantiating /home/travis/build/icyphy/ptII/ptolemy/domains/modal/test/auto/InitialStateTransition3.xml
5 ms. Memory: 578048K Free: 222675K (39%)
----------------- Invoking toplevel() on ptolemy.moml.MoMLSimpleApplication@ca45cf0
----------------- Done invoking toplevel() on ptolemy.moml.MoMLSimpleApplication@ca45cf0
reloadAllAccessors: .InitialStateTransition3
----------------- testing Sat May 12 14:16:31 UTC 2018 /home/travis/build/icyphy/ptII/ptolemy/domains/modal/test/auto/InitialStateTransition4.xml
----------------- Instantiating /home/travis/build/icyphy/ptII/ptolemy/domains/modal/test/auto/InitialStateTransition4.xml
3 ms. Memory: 578048K Free: 208268K (36%)
----------------- Invoking toplevel() on ptolemy.moml.MoMLSimpleApplication@6eb344de
----------------- Done invoking toplevel() on ptolemy.moml.MoMLSimpleApplication@6eb344de
reloadAllAccessors: .InitialStateTransition4
----------------- testing Sat May 12 14:16:32 UTC 2018 /home/travis/build/icyphy/ptII/ptolemy/domains/modal/test/auto/MalformedGuardExpressionNotCaught.xml
----------------- Instantiating /home/travis/build/icyphy/ptII/ptolemy/domains/modal/test/auto/MalformedGuardExpressionNotCaught.xml
2 ms. Memory: 578048K Free: 198493K (34%)
----------------- Invoking toplevel() on ptolemy.moml.MoMLSimpleApplication@a1b19c
----------------- Done invoking toplevel() on ptolemy.moml.MoMLSimpleApplication@a1b19c
reloadAllAccessors: .MalformedGuardExpressionNotCaught
----------------- testing Sat May 12 14:16:32 UTC 2018 /home/travis/build/icyphy/ptII/ptolemy/domains/modal/test/auto/ModalBSC.xml
----------------- Instantiating /home/travis/build/icyphy/ptII/ptolemy/domains/modal/test/auto/ModalBSC.xml
46 ms. Memory: 578048K Free: 166688K (29%)
----------------- Invoking toplevel() on ptolemy.moml.MoMLSimpleApplication@43ee632f
----------------- Done invoking toplevel() on ptolemy.moml.MoMLSimpleApplication@43ee632f
reloadAllAccessors: .ModalBSC
----------------- testing Sat May 12 14:16:32 UTC 2018 /home/travis/build/icyphy/ptII/ptolemy/domains/modal/test/auto/ModalClocks.xml
----------------- Instantiating /home/travis/build/icyphy/ptII/ptolemy/domains/modal/test/auto/ModalClocks.xml
34 ms. Memory: 578048K Free: 137603K (24%)
----------------- Invoking toplevel() on ptolemy.moml.MoMLSimpleApplication@12efd683
----------------- Done invoking toplevel() on ptolemy.moml.MoMLSimpleApplication@12efd683
reloadAllAccessors: .ModalClocks
----------------- testing Sat May 12 14:16:32 UTC 2018 /home/travis/build/icyphy/ptII/ptolemy/domains/modal/test/auto/ModalDelay.xml
----------------- Instantiating /home/travis/build/icyphy/ptII/ptolemy/domains/modal/test/auto/ModalDelay.xml
18 ms. Memory: 578048K Free: 120477K (21%)
----------------- Invoking toplevel() on ptolemy.moml.MoMLSimpleApplication@412167fd
----------------- Done invoking toplevel() on ptolemy.moml.MoMLSimpleApplication@412167fd
reloadAllAccessors: .ModalDelay
----------------- testing Sat May 12 14:16:32 UTC 2018 /home/travis/build/icyphy/ptII/ptolemy/domains/modal/test/auto/ModalDelay2.xml
----------------- Instantiating /home/travis/build/icyphy/ptII/ptolemy/domains/modal/test/auto/ModalDelay2.xml
14 ms. Memory: 578048K Free: 103367K (18%)
----------------- Invoking toplevel() on ptolemy.moml.MoMLSimpleApplication@34b4ea24
----------------- Done invoking toplevel() on ptolemy.moml.MoMLSimpleApplication@34b4ea24
reloadAllAccessors: .ModalDelay2
----------------- testing Sat May 12 14:16:32 UTC 2018 /home/travis/build/icyphy/ptII/ptolemy/domains/modal/test/auto/ModalModelFromMemo.xml
----------------- Instantiating /home/travis/build/icyphy/ptII/ptolemy/domains/modal/test/auto/ModalModelFromMemo.xml
29 ms. Memory: 870912K Free: 857619K (98%)
----------------- Invoking toplevel() on ptolemy.moml.MoMLSimpleApplication@62e65c03
----------------- Done invoking toplevel() on ptolemy.moml.MoMLSimpleApplication@62e65c03
reloadAllAccessors: .ModalModelFromMemo
----------------- testing Sat May 12 14:16:32 UTC 2018 /home/travis/build/icyphy/ptII/ptolemy/domains/modal/test/auto/ModalModelWithMultirateTransient.xml
----------------- Instantiating /home/travis/build/icyphy/ptII/ptolemy/domains/modal/test/auto/ModalModelWithMultirateTransient.xml
19 ms. Memory: 870912K Free: 833305K (96%)
----------------- Invoking toplevel() on ptolemy.moml.MoMLSimpleApplication@205144f4
----------------- Done invoking toplevel() on ptolemy.moml.MoMLSimpleApplication@205144f4
reloadAllAccessors: .ModalModelWithMultirateTransient
----------------- testing Sat May 12 14:16:32 UTC 2018 /home/travis/build/icyphy/ptII/ptolemy/domains/modal/test/auto/ModalModelWithReset.xml
----------------- Instantiating /home/travis/build/icyphy/ptII/ptolemy/domains/modal/test/auto/ModalModelWithReset.xml
18 ms. Memory: 870912K Free: 813761K (93%)
----------------- Invoking toplevel() on ptolemy.moml.MoMLSimpleApplication@5c49f1e0
----------------- Done invoking toplevel() on ptolemy.moml.MoMLSimpleApplication@5c49f1e0
reloadAllAccessors: .ModalModelWithReset
----------------- testing Sat May 12 14:16:32 UTC 2018 /home/travis/build/icyphy/ptII/ptolemy/domains/modal/test/auto/MouseClickFSM.xml
----------------- Instantiating /home/travis/build/icyphy/ptII/ptolemy/domains/modal/test/auto/MouseClickFSM.xml
18 ms. Memory: 870912K Free: 794224K (91%)
----------------- Invoking toplevel() on ptolemy.moml.MoMLSimpleApplication@8262a77
----------------- Done invoking toplevel() on ptolemy.moml.MoMLSimpleApplication@8262a77
reloadAllAccessors: .MouseClickFSM
----------------- testing Sat May 12 14:16:32 UTC 2018 /home/travis/build/icyphy/ptII/ptolemy/domains/modal/test/auto/MouseClickFSMModal.xml
----------------- Instantiating /home/travis/build/icyphy/ptII/ptolemy/domains/modal/test/auto/MouseClickFSMModal.xml
9 ms. Memory: 870912K Free: 772096K (89%)
----------------- Invoking toplevel() on ptolemy.moml.MoMLSimpleApplication@67ce935
----------------- Done invoking toplevel() on ptolemy.moml.MoMLSimpleApplication@67ce935
reloadAllAccessors: .MouseClickFSMModal
----------------- testing Sat May 12 14:16:32 UTC 2018 /home/travis/build/icyphy/ptII/ptolemy/domains/modal/test/auto/NonStrictFSM_FeedbackLoop.xml
----------------- Instantiating /home/travis/build/icyphy/ptII/ptolemy/domains/modal/test/auto/NonStrictFSM_FeedbackLoop.xml
26 ms. Memory: 870912K Free: 744752K (86%)
----------------- Invoking toplevel() on ptolemy.moml.MoMLSimpleApplication@4953fac6
----------------- Done invoking toplevel() on ptolemy.moml.MoMLSimpleApplication@4953fac6
reloadAllAccessors: .NonStrictFSM_FeedbackLoop
----------------- testing Sat May 12 14:16:32 UTC 2018 /home/travis/build/icyphy/ptII/ptolemy/domains/modal/test/auto/NonStrictFSM_FeedbackLoop_Refinement.xml
----------------- Instantiating /home/travis/build/icyphy/ptII/ptolemy/domains/modal/test/auto/NonStrictFSM_FeedbackLoop_Refinement.xml
49 ms. Memory: 870912K Free: 713504K (82%)
----------------- Invoking toplevel() on ptolemy.moml.MoMLSimpleApplication@4cd6d380
----------------- Done invoking toplevel() on ptolemy.moml.MoMLSimpleApplication@4cd6d380
reloadAllAccessors: .NonStrictFSM_FeedbackLoop_Refinement
----------------- testing Sat May 12 14:16:32 UTC 2018 /home/travis/build/icyphy/ptII/ptolemy/domains/modal/test/auto/NonStrictFSM_FeedbackLoop_preemptive.xml
----------------- Instantiating /home/travis/build/icyphy/ptII/ptolemy/domains/modal/test/auto/NonStrictFSM_FeedbackLoop_preemptive.xml
10 ms. Memory: 870912K Free: 679656K (78%)
----------------- Invoking toplevel() on ptolemy.moml.MoMLSimpleApplication@5658f24
----------------- Done invoking toplevel() on ptolemy.moml.MoMLSimpleApplication@5658f24
reloadAllAccessors: .NonStrictFSM_FeedbackLoop_preemptive
----------------- testing Sat May 12 14:16:32 UTC 2018 /home/travis/build/icyphy/ptII/ptolemy/domains/modal/test/auto/NormalTermination.xml
----------------- Instantiating /home/travis/build/icyphy/ptII/ptolemy/domains/modal/test/auto/NormalTermination.xml
4 ms. Memory: 870912K Free: 656207K (75%)
----------------- Invoking toplevel() on ptolemy.moml.MoMLSimpleApplication@366fcac1
----------------- Done invoking toplevel() on ptolemy.moml.MoMLSimpleApplication@366fcac1
reloadAllAccessors: .NormalTermination
----------------- testing Sat May 12 14:16:32 UTC 2018 /home/travis/build/icyphy/ptII/ptolemy/domains/modal/test/auto/Pong.xml
----------------- Instantiating /home/travis/build/icyphy/ptII/ptolemy/domains/modal/test/auto/Pong.xml
30 ms. Memory: 870912K Free: 632719K (73%)
----------------- Invoking toplevel() on ptolemy.moml.MoMLSimpleApplication@5afaf898
----------------- Done invoking toplevel() on ptolemy.moml.MoMLSimpleApplication@5afaf898
reloadAllAccessors: .Pong
[...]
1 ms. Memory: 870912K Free: 249667K (29%)
----------------- Invoking toplevel() on ptolemy.moml.MoMLSimpleApplication@53f0f65d
----------------- Done invoking toplevel() on ptolemy.moml.MoMLSimpleApplication@53f0f65d
reloadAllAccessors: .StrongImmediateTransition
----------------- testing Sat May 12 14:16:33 UTC 2018 /home/travis/build/icyphy/ptII/ptolemy/domains/modal/test/auto/SustainHierarchy.xml
----------------- Instantiating /home/travis/build/icyphy/ptII/ptolemy/domains/modal/test/auto/SustainHierarchy.xml
5 ms. Memory: 870912K Free: 234035K (27%)
----------------- Invoking toplevel() on ptolemy.moml.MoMLSimpleApplication@116be1a
----------------- Done invoking toplevel() on ptolemy.moml.MoMLSimpleApplication@116be1a
reloadAllAccessors: .SustainHierarchy
----------------- testing Sat May 12 14:16:33 UTC 2018 /home/travis/build/icyphy/ptII/ptolemy/domains/modal/test/auto/TerminationTransition1.xml
----------------- Instantiating /home/travis/build/icyphy/ptII/ptolemy/domains/modal/test/auto/TerminationTransition1.xml
9 ms. Memory: 870912K Free: 215811K (25%)
----------------- Invoking toplevel() on ptolemy.moml.MoMLSimpleApplication@1e90ca0f
----------------- Done invoking toplevel() on ptolemy.moml.MoMLSimpleApplication@1e90ca0f
reloadAllAccessors: .TerminationTransition1
----------------- testing Sat May 12 14:16:33 UTC 2018 /home/travis/build/icyphy/ptII/ptolemy/domains/modal/test/auto/TerminationTransition2.xml
----------------- Instantiating /home/travis/build/icyphy/ptII/ptolemy/domains/modal/test/auto/TerminationTransition2.xml
9 ms. Memory: 870912K Free: 200179K (23%)
----------------- Invoking toplevel() on ptolemy.moml.MoMLSimpleApplication@3393738a
----------------- Done invoking toplevel() on ptolemy.moml.MoMLSimpleApplication@3393738a
reloadAllAccessors: .TerminationTransition2
----------------- testing Sat May 12 14:16:33 UTC 2018 /home/travis/build/icyphy/ptII/ptolemy/domains/modal/test/auto/TerminationTransition3.xml
----------------- Instantiating /home/travis/build/icyphy/ptII/ptolemy/domains/modal/test/auto/TerminationTransition3.xml
5 ms. Memory: 870912K Free: 184546K (21%)
----------------- Invoking toplevel() on ptolemy.moml.MoMLSimpleApplication@5f3d9fd1
----------------- Done invoking toplevel() on ptolemy.moml.MoMLSimpleApplication@5f3d9fd1
reloadAllAccessors: .TerminationTransition3
----------------- testing Sat May 12 14:16:33 UTC 2018 /home/travis/build/icyphy/ptII/ptolemy/domains/modal/test/auto/TerminationTransition4.xml
----------------- Instantiating /home/travis/build/icyphy/ptII/ptolemy/domains/modal/test/auto/TerminationTransition4.xml
4 ms. Memory: 870912K Free: 162410K (19%)
----------------- Invoking toplevel() on ptolemy.moml.MoMLSimpleApplication@194bdf92
----------------- Done invoking toplevel() on ptolemy.moml.MoMLSimpleApplication@194bdf92
reloadAllAccessors: .TerminationTransition4
----------------- testing Sat May 12 14:16:33 UTC 2018 /home/travis/build/icyphy/ptII/ptolemy/domains/modal/test/auto/TerminationTransition5.xml
----------------- Instantiating /home/travis/build/icyphy/ptII/ptolemy/domains/modal/test/auto/TerminationTransition5.xml
3 ms. Memory: 870912K Free: 142858K (16%)
----------------- Invoking toplevel() on ptolemy.moml.MoMLSimpleApplication@5871edf6
----------------- Done invoking toplevel() on ptolemy.moml.MoMLSimpleApplication@5871edf6
reloadAllAccessors: .TerminationTransition5
----------------- testing Sat May 12 14:16:33 UTC 2018 /home/travis/build/icyphy/ptII/ptolemy/domains/modal/test/auto/TerminationTransition6.xml
----------------- Instantiating /home/travis/build/icyphy/ptII/ptolemy/domains/modal/test/auto/TerminationTransition6.xml
2 ms. Memory: 870912K Free: 127226K (15%)
----------------- Invoking toplevel() on ptolemy.moml.MoMLSimpleApplication@3da13eaa
----------------- Done invoking toplevel() on ptolemy.moml.MoMLSimpleApplication@3da13eaa
reloadAllAccessors: .TerminationTransition6
----------------- testing Sat May 12 14:16:33 UTC 2018 /home/travis/build/icyphy/ptII/ptolemy/domains/modal/test/auto/TerminationTransition7.xml
----------------- Instantiating /home/travis/build/icyphy/ptII/ptolemy/domains/modal/test/auto/TerminationTransition7.xml
4 ms. Memory: 870912K Free: 109010K (13%)
----------------- Invoking toplevel() on ptolemy.moml.MoMLSimpleApplication@4999f5cc
----------------- Done invoking toplevel() on ptolemy.moml.MoMLSimpleApplication@4999f5cc
reloadAllAccessors: .TerminationTransition7
----------------- testing Sat May 12 14:16:33 UTC 2018 /home/travis/build/icyphy/ptII/ptolemy/domains/modal/test/auto/TerminationTransition8.xml
----------------- Instantiating /home/travis/build/icyphy/ptII/ptolemy/domains/modal/test/auto/TerminationTransition8.xml
2 ms. Memory: 870912K Free: 93378K (11%)
----------------- Invoking toplevel() on ptolemy.moml.MoMLSimpleApplication@28db685d
----------------- Done invoking toplevel() on ptolemy.moml.MoMLSimpleApplication@28db685d
reloadAllAccessors: .TerminationTransition8
----------------- testing Sat May 12 14:16:34 UTC 2018 /home/travis/build/icyphy/ptII/ptolemy/domains/modal/test/auto/Thermostat_NoHysteresis.xml
----------------- Instantiating /home/travis/build/icyphy/ptII/ptolemy/domains/modal/test/auto/Thermostat_NoHysteresis.xml
38 ms. Memory: 870912K Free: 845545K (97%)
----------------- Invoking toplevel() on ptolemy.moml.MoMLSimpleApplication@3e317919
----------------- Done invoking toplevel() on ptolemy.moml.MoMLSimpleApplication@3e317919
reloadAllAccessors: .Thermostat_NoHysteresis
----------------- testing Sat May 12 14:16:34 UTC 2018 /home/travis/build/icyphy/ptII/ptolemy/domains/modal/test/auto/TimedFSM.xml
----------------- Instantiating /home/travis/build/icyphy/ptII/ptolemy/domains/modal/test/auto/TimedFSM.xml
6 ms. Memory: 870912K Free: 825961K (95%)
----------------- Invoking toplevel() on ptolemy.moml.MoMLSimpleApplication@3f69c673
----------------- Done invoking toplevel() on ptolemy.moml.MoMLSimpleApplication@3f69c673
reloadAllAccessors: .TimedFSM
----------------- testing Sat May 12 14:16:34 UTC 2018 /home/travis/build/icyphy/ptII/ptolemy/domains/modal/test/auto/Timeout1.xml
----------------- Instantiating /home/travis/build/icyphy/ptII/ptolemy/domains/modal/test/auto/Timeout1.xml
2 ms. Memory: 870912K Free: 818153K (94%)
----------------- Invoking toplevel() on ptolemy.moml.MoMLSimpleApplication@5d3db8b8
----------------- Done invoking toplevel() on ptolemy.moml.MoMLSimpleApplication@5d3db8b8
reloadAllAccessors: .Timeout1
----------------- testing Sat May 12 14:16:34 UTC 2018 /home/travis/build/icyphy/ptII/ptolemy/domains/modal/test/auto/Timeout2.xml
----------------- Instantiating /home/travis/build/icyphy/ptII/ptolemy/domains/modal/test/auto/Timeout2.xml
4 ms. Memory: 870912K Free: 804557K (92%)
----------------- Invoking toplevel() on ptolemy.moml.MoMLSimpleApplication@73818134
----------------- Done invoking toplevel() on ptolemy.moml.MoMLSimpleApplication@73818134
reloadAllAccessors: .Timeout2
----------------- testing Sat May 12 14:16:34 UTC 2018 /home/travis/build/icyphy/ptII/ptolemy/domains/modal/test/auto/Timeout3.xml
----------------- Instantiating /home/travis/build/icyphy/ptII/ptolemy/domains/modal/test/auto/Timeout3.xml
6 ms. Memory: 870912K Free: 796749K (91%)
----------------- Invoking toplevel() on ptolemy.moml.MoMLSimpleApplication@7ab7dba1
----------------- Done invoking toplevel() on ptolemy.moml.MoMLSimpleApplication@7ab7dba1
reloadAllAccessors: .Timeout3
----------------- testing Sat May 12 14:16:34 UTC 2018 /home/travis/build/icyphy/ptII/ptolemy/domains/modal/test/auto/Timeout4.xml
----------------- Instantiating /home/travis/build/icyphy/ptII/ptolemy/domains/modal/test/auto/Timeout4.xml
3 ms. Memory: 870912K Free: 786952K (90%)
----------------- Invoking toplevel() on ptolemy.moml.MoMLSimpleApplication@66b04e08
----------------- Done invoking toplevel() on ptolemy.moml.MoMLSimpleApplication@66b04e08
reloadAllAccessors: .Timeout4
----------------- testing Sat May 12 14:16:34 UTC 2018 /home/travis/build/icyphy/ptII/ptolemy/domains/modal/test/auto/TransientstateModelAdvanced.xml
----------------- Instantiating /home/travis/build/icyphy/ptII/ptolemy/domains/modal/test/auto/TransientstateModelAdvanced.xml
3 ms. Memory: 870912K Free: 767400K (88%)
----------------- Invoking toplevel() on ptolemy.moml.MoMLSimpleApplication@3c1da9a0
----------------- Done invoking toplevel() on ptolemy.moml.MoMLSimpleApplication@3c1da9a0
reloadAllAccessors: .TransientstateModelAdvanced
----------------- testing Sat May 12 14:16:34 UTC 2018 /home/travis/build/icyphy/ptII/ptolemy/domains/modal/test/auto/TransientstateModelAdvanced2.xml
----------------- Instantiating /home/travis/build/icyphy/ptII/ptolemy/domains/modal/test/auto/TransientstateModelAdvanced2.xml
3 ms. Memory: 870912K Free: 745972K (86%)
----------------- Invoking toplevel() on ptolemy.moml.MoMLSimpleApplication@7f3f8aee
----------------- Done invoking toplevel() on ptolemy.moml.MoMLSimpleApplication@7f3f8aee
reloadAllAccessors: .transientstatemodelAdvanced
----------------- testing Sat May 12 14:16:34 UTC 2018 /home/travis/build/icyphy/ptII/ptolemy/domains/modal/test/auto/TransitionRefinements.xml
----------------- Instantiating /home/travis/build/icyphy/ptII/ptolemy/domains/modal/test/auto/TransitionRefinements.xml
11 ms. Memory: 870912K Free: 734252K (84%)
----------------- Invoking toplevel() on ptolemy.moml.MoMLSimpleApplication@5de4d042
----------------- Done invoking toplevel() on ptolemy.moml.MoMLSimpleApplication@5de4d042
reloadAllAccessors: .TransitionRefinements
----------------- testing Sat May 12 14:16:34 UTC 2018 /home/travis/build/icyphy/ptII/ptolemy/domains/modal/test/auto/TwoRefinements1.xml
----------------- Instantiating /home/travis/build/icyphy/ptII/ptolemy/domains/modal/test/auto/TwoRefinements1.xml
3 ms. Memory: 870912K Free: 716737K (82%)
----------------- Invoking toplevel() on ptolemy.moml.MoMLSimpleApplication@5fc2256f
----------------- Done invoking toplevel() on ptolemy.moml.MoMLSimpleApplication@5fc2256f
reloadAllAccessors: .TwoRefinements1
----------------- testing Sat May 12 14:16:34 UTC 2018 /home/travis/build/icyphy/ptII/ptolemy/domains/modal/test/auto/TwoRefinements2.xml
----------------- Instantiating /home/travis/build/icyphy/ptII/ptolemy/domains/modal/test/auto/TwoRefinements2.xml
3 ms. Memory: 870912K Free: 701105K (81%)
----------------- Invoking toplevel() on ptolemy.moml.MoMLSimpleApplication@71089c27
----------------- Done invoking toplevel() on ptolemy.moml.MoMLSimpleApplication@71089c27
reloadAllAccessors: .TwoRefinements2
----------------- testing Sat May 12 14:16:34 UTC 2018 /home/travis/build/icyphy/ptII/ptolemy/domains/modal/test/auto/WeakImmediateTransition.xml
----------------- Instantiating /home/travis/build/icyphy/ptII/ptolemy/domains/modal/test/auto/WeakImmediateTransition.xml
3 ms. Memory: 870912K Free: 683589K (78%)
----------------- Invoking toplevel() on ptolemy.moml.MoMLSimpleApplication@67ddf206
----------------- Done invoking toplevel() on ptolemy.moml.MoMLSimpleApplication@67ddf206
reloadAllAccessors: .WeakImmediateTransition
----------------- testing Sat May 12 14:16:34 UTC 2018 /home/travis/build/icyphy/ptII/ptolemy/domains/modal/test/auto/booleanSelect.xml
----------------- Instantiating /home/travis/build/icyphy/ptII/ptolemy/domains/modal/test/auto/booleanSelect.xml
25 ms. Memory: 870912K Free: 664036K (76%)
----------------- Invoking toplevel() on ptolemy.moml.MoMLSimpleApplication@3e8a30eb
----------------- Done invoking toplevel() on ptolemy.moml.MoMLSimpleApplication@3e8a30eb
reloadAllAccessors: .booleanSelect
----------------- testing Sat May 12 14:16:34 UTC 2018 /home/travis/build/icyphy/ptII/ptolemy/domains/modal/test/auto/modalChangingParams.xml
----------------- Instantiating /home/travis/build/icyphy/ptII/ptolemy/domains/modal/test/auto/modalChangingParams.xml
0
1
0
2
4
6
8
7
0
2
4
6
8
13
0
2
4
6
8
19
0
2
4
6
8
25
0
2
4
6
8
31
0
2
4
6
8
37
0
2
4
6
8
43
0
2
4
6
8
49
0
2
4
6
8
55
0
2
4
6
8
61
0
2
4
6
8
67
0
2
4
6
8
73
0
2
4
6
8
79
0
2
4
6
8
85
0
2
4
6
8
91
0
2
4
6
8
97
0
2
4
6
8
103
0
2
4
6
8
109
0
2
4
6
8
115
0
2
4
6
8
121
0
2
4
6
8
127
0
2
4
6
8
133
0
2
4
6
8
139
0
2
4
6
8
145
0
2
4
6
8
151
0
2
4
6
8
157
0
2
4
6
8
163
0
2
4
6
8
169
0
2
4
6
8
175
0
2
4
6
8
181
0
2
4
6
8
187
0
2
4
6
8
193
0
2
4
6
8
199
0
2
4
6
8
205
0
2
4
6
8
211
0
2
4
6
8
217
0
2
4
6
8
223
0
2
4
6
8
229
0
2
4
6
8
235
0
2
4
6
8
241
0
2
4
6
8
247
0
2
4
6
8
253
0
2
4
6
8
259
0
2
4
6
8
265
0
2
4
6
8
271
0
2
4
6
8
277
0
2
4
6
8
283
0
2
4
6
8
289
0
2
4
6
8
295
0
2
4
6
8
301
0
2
4
6
8
307
0
2
4
6
8
313
0
2
4
6
8
319
0
2
4
6
8
325
0
2
4
6
8
331
0
2
4
6
8
337
0
2
4
6
8
343
0
2
4
6
8
349
0
2
4
6
8
355
0
2
4
6
8
361
0
2
4
6
8
367
0
2
4
6
8
373
0
2
4
6
8
379
0
2
4
6
8
385
0
2
4
6
8
391
0
2
4
6
8
397
0
2
4
6
8
403
0
2
4
6
8
409
0
2
4
6
8
415
0
2
4
6
8
421
0
2
4
6
8
427
0
2
4
6
8
433
0
2
4
6
8
439
0
2
4
6
8
445
0
2
4
6
8
451
0
2
4
6
8
457
0
2
4
6
8
463
0
2
4
6
8
469
0
2
4
6
8
475
0
2
4
6
8
481
0
2
4
6
8
487
0
2
4
6
8
493
0
2
4
6
8
499
0
2
4
6
8
505
0
2
4
6
8
511
0
2
4
6
8
517
0
2
4
6
8
523
0
2
4
6
8
529
0
2
4
6
8
535
0
2
4
6
8
541
0
2
4
6
8
547
0
2
4
6
8
553
0
2
4
6
8
559
0
2
4
6
8
565
0
2
4
6
8
571
0
2
4
6
8
577
0
2
4
6
8
583
0
2
4
6
8
589
0
2
4
6
8
595
0
2
4
6
8
601
0
2
4
6
8
607
0
2
4
6
8
613
0
2
4
6
8
619
0
2
4
6
8
625
0
2
4
6
8
631
0
2
4
6
8
637
0
2
4
6
8
643
0
2
4
6
8
649
0
2
4
6
8
655
0
2
4
6
8
661
0
2
4
6
8
667
0
2
4
6
8
673
0
2
4
6
8
679
0
2
4
6
8
685
0
2
4
6
8
691
0
2
4
6
8
697
0
2
4
6
8
703
0
2
4
6
8
709
0
2
4
6
8
715
0
2
4
6
8
721
0
2
4
6
8
727
0
2
4
6
8
733
0
2
4
6
8
739
0
2
4
6
8
745
0
2
4
6
8
751
0
2
4
6
8
757
0
2
4
6
8
763
0
2
4
6
8
769
0
2
4
6
8
775
0
2
4
6
8
781
0
2
4
6
8
787
0
2
4
6
8
793
0
2
4
6
8
799
0
2
4
6
8
805
0
2
4
6
8
811
0
2
4
6
8
817
0
2
4
6
8
823
0
2
4
6
8
829
0
2
4
6
8
835
0
2
4
6
8
841
0
2
4
6
8
847
0
2
4
6
8
853
0
2
4
6
8
859
0
2
4
6
8
865
0
2
4
6
8
871
0
2
4
6
8
877
0
2
4
6
8
883
0
2
4
6
8
889
0
2
4
6
8
895
0
2
4
6
8
901
0
2
4
6
8
907
0
2
4
6
8
913
0
2
4
6
8
919
0
2
4
6
8
925
0
2
4
6
8
931
0
2
4
6
8
937
0
2
4
6
8
943
0
2
4
6
8
949
0
2
4
6
8
955
0
2
4
6
8
961
0
2
4
6
8
967
0
2
4
6
8
973
0
2
4
6
8
979
0
2
4
6
8
985
0
2
4
6
8
991
0
2
4
6
8
997
0
2
200 ms. Memory: 870912K Free: 544790K (63%)
----------------- Invoking toplevel() on ptolemy.moml.MoMLSimpleApplication@36b82129
----------------- Done invoking toplevel() on ptolemy.moml.MoMLSimpleApplication@36b82129
reloadAllAccessors: .modalChangingParams
----------------- testing Sat May 12 14:16:34 UTC 2018 /home/travis/build/icyphy/ptII/ptolemy/domains/modal/test/auto/modalModel.xml
----------------- Instantiating /home/travis/build/icyphy/ptII/ptolemy/domains/modal/test/auto/modalModel.xml
5 ms. Memory: 870912K Free: 533078K (61%)
----------------- Invoking toplevel() on ptolemy.moml.MoMLSimpleApplication@51d18c57
----------------- Done invoking toplevel() on ptolemy.moml.MoMLSimpleApplication@51d18c57
reloadAllAccessors: .modalModel
----------------- testing Sat May 12 14:16:34 UTC 2018 /home/travis/build/icyphy/ptII/ptolemy/domains/modal/test/auto/modalModel2.xml
----------------- Instantiating /home/travis/build/icyphy/ptII/ptolemy/domains/modal/test/auto/modalModel2.xml
10 ms. Memory: 870912K Free: 515562K (59%)
----------------- Invoking toplevel() on ptolemy.moml.MoMLSimpleApplication@124c1e22
----------------- Done invoking toplevel() on ptolemy.moml.MoMLSimpleApplication@124c1e22
reloadAllAccessors: .modalModel2
----------------- testing Sat May 12 14:16:34 UTC 2018 /home/travis/build/icyphy/ptII/ptolemy/domains/modal/test/auto/modalModel3.xml
----------------- Instantiating /home/travis/build/icyphy/ptII/ptolemy/domains/modal/test/auto/modalModel3.xml
0	0	0
3	2	1
6	4	2
9	6	3
4	0	4
7	2	5
10	4	6
13	6	7
8	0	8
11	2	9
14	4	10
17	6	11
12	0	12
15	2	13
18	4	14
13 ms. Memory: 870912K Free: 496010K (57%)
----------------- Invoking toplevel() on ptolemy.moml.MoMLSimpleApplication@c17e466
----------------- Done invoking toplevel() on ptolemy.moml.MoMLSimpleApplication@c17e466
reloadAllAccessors: .modalModel3
----------------- testing Sat May 12 14:16:34 UTC 2018 /home/travis/build/icyphy/ptII/ptolemy/domains/modal/test/auto/model1.xml
----------------- Instantiating /home/travis/build/icyphy/ptII/ptolemy/domains/modal/test/auto/model1.xml
10 ms. Memory: 870912K Free: 488202K (56%)
----------------- Invoking toplevel() on ptolemy.moml.MoMLSimpleApplication@31e55db3
----------------- Done invoking toplevel() on ptolemy.moml.MoMLSimpleApplication@31e55db3
reloadAllAccessors: .model1
----------------- testing Sat May 12 14:16:34 UTC 2018 /home/travis/build/icyphy/ptII/ptolemy/domains/modal/test/auto/test-direct-in-out.xml
----------------- Instantiating /home/travis/build/icyphy/ptII/ptolemy/domains/modal/test/auto/test-direct-in-out.xml
4 ms. Memory: 870912K Free: 474590K (54%)
----------------- Invoking toplevel() on ptolemy.moml.MoMLSimpleApplication@72dd527c
----------------- Done invoking toplevel() on ptolemy.moml.MoMLSimpleApplication@72dd527c
reloadAllAccessors: .test-direct-in-out
AutoTests.java: About to close Vertx.
AutoTests.java: Vertx closed.
]]></system-out>
  <system-err><![CDATA[java.lang.RuntimeException: Execution failed
	at ptolemy.moml.MoMLSimpleApplication$UnloadThread.run(MoMLSimpleApplication.java:402)
Caused by: ptolemy.kernel.util.IllegalActionException: Unknown inputs remain. Possible causality loop:
L_model_1893289564i

  in .CannotAnalysisWithPreemption.model_1893289564_region_1 and .CannotAnalysisWithPreemption.model_1893289564_region_1.L_model_1893289564i
	at ptolemy.actor.sched.FixedPointDirector.postfire(FixedPointDirector.java:515)
	at ptolemy.domains.sr.kernel.SRDirector.postfire(SRDirector.java:417)
	at ptolemy.actor.CompositeActor.postfire(CompositeActor.java:1668)
	at ptolemy.actor.Manager.iterate(Manager.java:852)
	at ptolemy.actor.Manager.execute(Manager.java:369)
	at ptolemy.actor.Manager.run(Manager.java:1263)
	at ptolemy.actor.Manager$PtolemyRunThread.run(Manager.java:1915)
java.lang.reflect.InvocationTargetException
	at sun.reflect.NativeConstructorAccessorImpl.newInstance0(Native Method)
	at sun.reflect.NativeConstructorAccessorImpl.newInstance(NativeConstructorAccessorImpl.java:62)
	at sun.reflect.DelegatingConstructorAccessorImpl.newInstance(DelegatingConstructorAccessorImpl.java:45)
	at java.lang.reflect.Constructor.newInstance(Constructor.java:423)
	at ptolemy.util.test.junit.AutoKnownFailedTests.RunModel(AutoKnownFailedTests.java:107)
	at sun.reflect.NativeMethodAccessorImpl.invoke0(Native Method)
	at sun.reflect.NativeMethodAccessorImpl.invoke(NativeMethodAccessorImpl.java:62)
	at sun.reflect.DelegatingMethodAccessorImpl.invoke(DelegatingMethodAccessorImpl.java:43)
	at java.lang.reflect.Method.invoke(Method.java:498)
	at org.junit.runners.model.FrameworkMethod$1.runReflectiveCall(FrameworkMethod.java:44)
	at org.junit.internal.runners.model.ReflectiveCallable.run(ReflectiveCallable.java:15)
	at org.junit.runners.model.FrameworkMethod.invokeExplosively(FrameworkMethod.java:41)
	at junitparams.internal.InvokeParameterisedMethod.evaluate(InvokeParameterisedMethod.java:102)
	at org.junit.internal.runners.statements.FailOnTimeout$1.run(FailOnTimeout.java:28)
Caused by: ptolemy.kernel.util.IllegalActionException: Unknown inputs remain. Possible causality loop:
L_model_1893289564i

  in .CannotAnalysisWithPreemption.model_1893289564_region_1 and .CannotAnalysisWithPreemption.model_1893289564_region_1.L_model_1893289564i
	at ptolemy.actor.sched.FixedPointDirector.postfire(FixedPointDirector.java:515)
	at ptolemy.domains.sr.kernel.SRDirector.postfire(SRDirector.java:417)
	at ptolemy.actor.CompositeActor.postfire(CompositeActor.java:1668)
	at ptolemy.actor.Manager.iterate(Manager.java:852)
	at ptolemy.actor.Manager.execute(Manager.java:369)
	at ptolemy.actor.Manager.run(Manager.java:1263)
	at ptolemy.actor.Manager$PtolemyRunThread.run(Manager.java:1915)
]]></system-err>
</testsuite>
