<?xml version="1.0" encoding="UTF-8" ?>
<testsuite errors="0" failures="0" hostname="travis-job-5b16b9eb-3e02-4f67-b450-a5c373700437" name="ptolemy.domains.de.test.junit.JUnitTclTest" skipped="0" tests="101" time="147.395" timestamp="2018-05-25T01:17:49">
  <properties>
[...]
</properties>
  <testcase classname="ptolemy.util.test.junit.TclTests" name="[0] /home/travis/build/icyphy/ptII/ptolemy/domains/de/test/DependencyLoop.tcl (RunTclFile)" time="0.867" />
  <testcase classname="ptolemy.util.test.junit.TclTests" name="[1] /home/travis/build/icyphy/ptII/ptolemy/domains/de/test/RunDETestsAsQSS.tcl (RunTclFile)" time="102.926" />
  <testcase classname="ptolemy.util.test.junit.AutoKnownFailedTests" name="[0] /home/travis/build/icyphy/ptII/ptolemy/domains/de/test/auto/knownFailedTests/DESDFClockTest.xml (RunModel)" time="2.029" />
  <testcase classname="ptolemy.util.test.junit.AutoKnownFailedTests" name="[1] /home/travis/build/icyphy/ptII/ptolemy/domains/de/test/auto/knownFailedTests/DirectFeedback.xml (RunModel)" time="0.007" />
  <testcase classname="ptolemy.util.test.junit.AutoKnownFailedTests" name="[2] /home/travis/build/icyphy/ptII/ptolemy/domains/de/test/auto/knownFailedTests/FSMSource.xml (RunModel)" time="0.015" />
  <testcase classname="ptolemy.util.test.junit.AutoKnownFailedTests" name="[3] /home/travis/build/icyphy/ptII/ptolemy/domains/de/test/auto/knownFailedTests/HierarchicalModel.xml (RunModel)" time="0.039" />
  <testcase classname="ptolemy.util.test.junit.AutoKnownFailedTests" name="[4] /home/travis/build/icyphy/ptII/ptolemy/domains/de/test/auto/knownFailedTests/dependencyLoop.xml (RunModel)" time="0.037" />
  <testcase classname="ptolemy.util.test.junit.AutoKnownFailedTests" name="[5] /home/travis/build/icyphy/ptII/ptolemy/domains/de/test/auto/knownFailedTests/dependencyLoop2.xml (RunModel)" time="0.039" />
  <testcase classname="ptolemy.util.test.junit.AutoNameArchTests" name="[0] ThereAreNoAutoTests (RunModel)" time="0.006" />
  <testcase classname="ptolemy.util.test.junit.AutoTests" name="[0] /home/travis/build/icyphy/ptII/ptolemy/domains/de/test/auto/ActorDepthCalculation_actorWithoutPorts.xml (RunModel)" time="0.012" />
  <testcase classname="ptolemy.util.test.junit.AutoTests" name="[1] /home/travis/build/icyphy/ptII/ptolemy/domains/de/test/auto/AssemblyLine.xml (RunModel)" time="0.015" />
  <testcase classname="ptolemy.util.test.junit.AutoTests" name="[2] /home/travis/build/icyphy/ptII/ptolemy/domains/de/test/auto/CQBug1.xml (RunModel)" time="0.006" />
  <testcase classname="ptolemy.util.test.junit.AutoTests" name="[3] /home/travis/build/icyphy/ptII/ptolemy/domains/de/test/auto/CancelFireAt.xml (RunModel)" time="0.004" />
  <testcase classname="ptolemy.util.test.junit.AutoTests" name="[4] /home/travis/build/icyphy/ptII/ptolemy/domains/de/test/auto/CausalityAndComposabilityAnalysis.xml (RunModel)" time="0.009" />
  <testcase classname="ptolemy.util.test.junit.AutoTests" name="[5] /home/travis/build/icyphy/ptII/ptolemy/domains/de/test/auto/CausalityInterface1.xml (RunModel)" time="0.01" />
  <testcase classname="ptolemy.util.test.junit.AutoTests" name="[6] /home/travis/build/icyphy/ptII/ptolemy/domains/de/test/auto/CausalityInterface15.xml (RunModel)" time="0.011" />
  <testcase classname="ptolemy.util.test.junit.AutoTests" name="[7] /home/travis/build/icyphy/ptII/ptolemy/domains/de/test/auto/CausalityInterface2.xml (RunModel)" time="0.008" />
  <testcase classname="ptolemy.util.test.junit.AutoTests" name="[8] /home/travis/build/icyphy/ptII/ptolemy/domains/de/test/auto/CausalityInterface3.xml (RunModel)" time="0.011" />
  <testcase classname="ptolemy.util.test.junit.AutoTests" name="[9] /home/travis/build/icyphy/ptII/ptolemy/domains/de/test/auto/ClockDrift.xml (RunModel)" time="0.029" />
  <testcase classname="ptolemy.util.test.junit.AutoTests" name="[10] /home/travis/build/icyphy/ptII/ptolemy/domains/de/test/auto/ClockDriftAndValueChange.xml (RunModel)" time="0.026" />
  <testcase classname="ptolemy.util.test.junit.AutoTests" name="[11] /home/travis/build/icyphy/ptII/ptolemy/domains/de/test/auto/ClockDriftChange.xml (RunModel)" time="0.023" />
  <testcase classname="ptolemy.util.test.junit.AutoTests" name="[12] /home/travis/build/icyphy/ptII/ptolemy/domains/de/test/auto/ComposableCausalityAnalysis.xml (RunModel)" time="0.014" />
  <testcase classname="ptolemy.util.test.junit.AutoTests" name="[13] /home/travis/build/icyphy/ptII/ptolemy/domains/de/test/auto/DEFixedPointLimitation.xml (RunModel)" time="0.007" />
  <testcase classname="ptolemy.util.test.junit.AutoTests" name="[14] /home/travis/build/icyphy/ptII/ptolemy/domains/de/test/auto/DEScheduleTest.xml (RunModel)" time="0.008" />
  <testcase classname="ptolemy.util.test.junit.AutoTests" name="[15] /home/travis/build/icyphy/ptII/ptolemy/domains/de/test/auto/DEinDEwithStartTimes.xml (RunModel)" time="0.01" />
  <testcase classname="ptolemy.util.test.junit.AutoTests" name="[16] /home/travis/build/icyphy/ptII/ptolemy/domains/de/test/auto/DEinDEwithStartTimes2.xml (RunModel)" time="0.012" />
  <testcase classname="ptolemy.util.test.junit.AutoTests" name="[17] /home/travis/build/icyphy/ptII/ptolemy/domains/de/test/auto/DateDemo.xml (RunModel)" time="0.026" />
  <testcase classname="ptolemy.util.test.junit.AutoTests" name="[18] /home/travis/build/icyphy/ptII/ptolemy/domains/de/test/auto/DateToEvent.xml (RunModel)" time="2.036" />
  <testcase classname="ptolemy.util.test.junit.AutoTests" name="[19] /home/travis/build/icyphy/ptII/ptolemy/domains/de/test/auto/DepthTest1.xml (RunModel)" time="0.006" />
  <testcase classname="ptolemy.util.test.junit.AutoTests" name="[20] /home/travis/build/icyphy/ptII/ptolemy/domains/de/test/auto/DepthTest2.xml (RunModel)" time="0.014" />
  <testcase classname="ptolemy.util.test.junit.AutoTests" name="[21] /home/travis/build/icyphy/ptII/ptolemy/domains/de/test/auto/DepthTest3.xml (RunModel)" time="0.005" />
  <testcase classname="ptolemy.util.test.junit.AutoTests" name="[22] /home/travis/build/icyphy/ptII/ptolemy/domains/de/test/auto/DepthTest4.xml (RunModel)" time="0.01" />
  <testcase classname="ptolemy.util.test.junit.AutoTests" name="[23] /home/travis/build/icyphy/ptII/ptolemy/domains/de/test/auto/DepthTest5.xml (RunModel)" time="0.012" />
  <testcase classname="ptolemy.util.test.junit.AutoTests" name="[24] /home/travis/build/icyphy/ptII/ptolemy/domains/de/test/auto/DepthTest6.xml (RunModel)" time="0.014" />
  <testcase classname="ptolemy.util.test.junit.AutoTests" name="[25] /home/travis/build/icyphy/ptII/ptolemy/domains/de/test/auto/DepthTest7.xml (RunModel)" time="0.009" />
  <testcase classname="ptolemy.util.test.junit.AutoTests" name="[26] /home/travis/build/icyphy/ptII/ptolemy/domains/de/test/auto/EventToDate.xml (RunModel)" time="3.029" />
  <testcase classname="ptolemy.util.test.junit.AutoTests" name="[27] /home/travis/build/icyphy/ptII/ptolemy/domains/de/test/auto/FSM1.xml (RunModel)" time="0.037" />
  <testcase classname="ptolemy.util.test.junit.AutoTests" name="[28] /home/travis/build/icyphy/ptII/ptolemy/domains/de/test/auto/FSM7.xml (RunModel)" time="0.029" />
  <testcase classname="ptolemy.util.test.junit.AutoTests" name="[29] /home/travis/build/icyphy/ptII/ptolemy/domains/de/test/auto/Inspection.xml (RunModel)" time="0.033" />
  <testcase classname="ptolemy.util.test.junit.AutoTests" name="[30] /home/travis/build/icyphy/ptII/ptolemy/domains/de/test/auto/Iteration.xml (RunModel)" time="0.015" />
  <testcase classname="ptolemy.util.test.junit.AutoTests" name="[31] /home/travis/build/icyphy/ptII/ptolemy/domains/de/test/auto/LineFault.xml (RunModel)" time="0.532" />
  <testcase classname="ptolemy.util.test.junit.AutoTests" name="[32] /home/travis/build/icyphy/ptII/ptolemy/domains/de/test/auto/MergeModel1Add.xml (RunModel)" time="0.046" />
  <testcase classname="ptolemy.util.test.junit.AutoTests" name="[33] /home/travis/build/icyphy/ptII/ptolemy/domains/de/test/auto/MergeModel2Add.xml (RunModel)" time="0.032" />
  <testcase classname="ptolemy.util.test.junit.AutoTests" name="[34] /home/travis/build/icyphy/ptII/ptolemy/domains/de/test/auto/MergeModel3Add.xml (RunModel)" time="0.038" />
  <testcase classname="ptolemy.util.test.junit.AutoTests" name="[35] /home/travis/build/icyphy/ptII/ptolemy/domains/de/test/auto/MergeWithoutDiscard.xml (RunModel)" time="0.011" />
  <testcase classname="ptolemy.util.test.junit.AutoTests" name="[36] /home/travis/build/icyphy/ptII/ptolemy/domains/de/test/auto/Modal1.xml (RunModel)" time="0.031" />
  <testcase classname="ptolemy.util.test.junit.AutoTests" name="[37] /home/travis/build/icyphy/ptII/ptolemy/domains/de/test/auto/Modal2.xml (RunModel)" time="0.033" />
  <testcase classname="ptolemy.util.test.junit.AutoTests" name="[38] /home/travis/build/icyphy/ptII/ptolemy/domains/de/test/auto/Modal3.xml (RunModel)" time="0.028" />
  <testcase classname="ptolemy.util.test.junit.AutoTests" name="[39] /home/travis/build/icyphy/ptII/ptolemy/domains/de/test/auto/Modal4.xml (RunModel)" time="0.031" />
  <testcase classname="ptolemy.util.test.junit.AutoTests" name="[40] /home/travis/build/icyphy/ptII/ptolemy/domains/de/test/auto/Modal5.xml (RunModel)" time="0.026" />
  <testcase classname="ptolemy.util.test.junit.AutoTests" name="[41] /home/travis/build/icyphy/ptII/ptolemy/domains/de/test/auto/Modal6.xml (RunModel)" time="0.025" />
  <testcase classname="ptolemy.util.test.junit.AutoTests" name="[42] /home/travis/build/icyphy/ptII/ptolemy/domains/de/test/auto/Modal7.xml (RunModel)" time="0.028" />
  <testcase classname="ptolemy.util.test.junit.AutoTests" name="[43] /home/travis/build/icyphy/ptII/ptolemy/domains/de/test/auto/ModalModel.xml (RunModel)" time="0.168" />
  <testcase classname="ptolemy.util.test.junit.AutoTests" name="[44] /home/travis/build/icyphy/ptII/ptolemy/domains/de/test/auto/ModalSource.xml (RunModel)" time="0.015" />
  <testcase classname="ptolemy.util.test.junit.AutoTests" name="[45] /home/travis/build/icyphy/ptII/ptolemy/domains/de/test/auto/NonInterruptibleTimerZeroDelay.xml (RunModel)" time="0.015" />
  <testcase classname="ptolemy.util.test.junit.AutoTests" name="[46] /home/travis/build/icyphy/ptII/ptolemy/domains/de/test/auto/OpenQueueingNetwork.xml (RunModel)" time="2.811" />
  <testcase classname="ptolemy.util.test.junit.AutoTests" name="[47] /home/travis/build/icyphy/ptII/ptolemy/domains/de/test/auto/OpenQueuingNetwork.xml (RunModel)" time="0.425" />
  <testcase classname="ptolemy.util.test.junit.AutoTests" name="[48] /home/travis/build/icyphy/ptII/ptolemy/domains/de/test/auto/PeriodicSampler.xml (RunModel)" time="0.009" />
  <testcase classname="ptolemy.util.test.junit.AutoTests" name="[49] /home/travis/build/icyphy/ptII/ptolemy/domains/de/test/auto/PersistentIO.xml (RunModel)" time="0.024" />
  <testcase classname="ptolemy.util.test.junit.AutoTests" name="[50] /home/travis/build/icyphy/ptII/ptolemy/domains/de/test/auto/PortParameterResetOnInitialize.xml (RunModel)" time="0.01" />
  <testcase classname="ptolemy.util.test.junit.AutoTests" name="[51] /home/travis/build/icyphy/ptII/ptolemy/domains/de/test/auto/PortParameterUpdates.xml (RunModel)" time="0.016" />
  <testcase classname="ptolemy.util.test.junit.AutoTests" name="[52] /home/travis/build/icyphy/ptII/ptolemy/domains/de/test/auto/QueueAndServer.xml (RunModel)" time="0.024" />
  <testcase classname="ptolemy.util.test.junit.AutoTests" name="[53] /home/travis/build/icyphy/ptII/ptolemy/domains/de/test/auto/Records.xml (RunModel)" time="0.016" />
  <testcase classname="ptolemy.util.test.junit.AutoTests" name="[54] /home/travis/build/icyphy/ptII/ptolemy/domains/de/test/auto/ResetTransitionWithStartTime1.xml (RunModel)" time="0.021" />
  <testcase classname="ptolemy.util.test.junit.AutoTests" name="[55] /home/travis/build/icyphy/ptII/ptolemy/domains/de/test/auto/ResetTransitionWithStartTime2.xml (RunModel)" time="0.024" />
  <testcase classname="ptolemy.util.test.junit.AutoTests" name="[56] /home/travis/build/icyphy/ptII/ptolemy/domains/de/test/auto/ResetTransitionWithStartTime3.xml (RunModel)" time="0.023" />
  <testcase classname="ptolemy.util.test.junit.AutoTests" name="[57] /home/travis/build/icyphy/ptII/ptolemy/domains/de/test/auto/ResetTransitionWithStartTime4.xml (RunModel)" time="0.02" />
  <testcase classname="ptolemy.util.test.junit.AutoTests" name="[58] /home/travis/build/icyphy/ptII/ptolemy/domains/de/test/auto/ResettableTimer1.xml (RunModel)" time="0.013" />
  <testcase classname="ptolemy.util.test.junit.AutoTests" name="[59] /home/travis/build/icyphy/ptII/ptolemy/domains/de/test/auto/ResettableTimer2.xml (RunModel)" time="0.011" />
  <testcase classname="ptolemy.util.test.junit.AutoTests" name="[60] /home/travis/build/icyphy/ptII/ptolemy/domains/de/test/auto/ResettableTimer3.xml (RunModel)" time="0.009" />
  <testcase classname="ptolemy.util.test.junit.AutoTests" name="[61] /home/travis/build/icyphy/ptII/ptolemy/domains/de/test/auto/ResettableTimer4.xml (RunModel)" time="0.009" />
  <testcase classname="ptolemy.util.test.junit.AutoTests" name="[62] /home/travis/build/icyphy/ptII/ptolemy/domains/de/test/auto/ResettableTimer5.xml (RunModel)" time="0.012" />
  <testcase classname="ptolemy.util.test.junit.AutoTests" name="[63] /home/travis/build/icyphy/ptII/ptolemy/domains/de/test/auto/ResettableTimer6.xml (RunModel)" time="0.012" />
  <testcase classname="ptolemy.util.test.junit.AutoTests" name="[64] /home/travis/build/icyphy/ptII/ptolemy/domains/de/test/auto/ServerZeroDelay.xml (RunModel)" time="0.014" />
  <testcase classname="ptolemy.util.test.junit.AutoTests" name="[65] /home/travis/build/icyphy/ptII/ptolemy/domains/de/test/auto/SmartSender.xml (RunModel)" time="3.01" />
  <testcase classname="ptolemy.util.test.junit.AutoTests" name="[66] /home/travis/build/icyphy/ptII/ptolemy/domains/de/test/auto/ThreadedComposite.xml (RunModel)" time="0.323" />
  <testcase classname="ptolemy.util.test.junit.AutoTests" name="[67] /home/travis/build/icyphy/ptII/ptolemy/domains/de/test/auto/Time.xml (RunModel)" time="0.529" />
  <testcase classname="ptolemy.util.test.junit.AutoTests" name="[68] /home/travis/build/icyphy/ptII/ptolemy/domains/de/test/auto/TimeDelayZeroDelay.xml (RunModel)" time="0.014" />
  <testcase classname="ptolemy.util.test.junit.AutoTests" name="[69] /home/travis/build/icyphy/ptII/ptolemy/domains/de/test/auto/TimerZeroDelay.xml (RunModel)" time="0.012" />
  <testcase classname="ptolemy.util.test.junit.AutoTests" name="[70] /home/travis/build/icyphy/ptII/ptolemy/domains/de/test/auto/TimingParadox.xml (RunModel)" time="0.531" />
  <testcase classname="ptolemy.util.test.junit.AutoTests" name="[71] /home/travis/build/icyphy/ptII/ptolemy/domains/de/test/auto/TransferInputs.xml (RunModel)" time="0.019" />
  <testcase classname="ptolemy.util.test.junit.AutoTests" name="[72] /home/travis/build/icyphy/ptII/ptolemy/domains/de/test/auto/TransferOutputs2.xml (RunModel)" time="0.024" />
  <testcase classname="ptolemy.util.test.junit.AutoTests" name="[73] /home/travis/build/icyphy/ptII/ptolemy/domains/de/test/auto/Trilateration.xml (RunModel)" time="14.002" />
  <testcase classname="ptolemy.util.test.junit.AutoTests" name="[74] /home/travis/build/icyphy/ptII/ptolemy/domains/de/test/auto/TwoSigmaDelta.xml (RunModel)" time="2.252" />
  <testcase classname="ptolemy.util.test.junit.AutoTests" name="[75] /home/travis/build/icyphy/ptII/ptolemy/domains/de/test/auto/VariableDelay.xml (RunModel)" time="0.011" />
  <testcase classname="ptolemy.util.test.junit.AutoTests" name="[76] /home/travis/build/icyphy/ptII/ptolemy/domains/de/test/auto/VariableDelay2.xml (RunModel)" time="0.01" />
  <testcase classname="ptolemy.util.test.junit.AutoTests" name="[77] /home/travis/build/icyphy/ptII/ptolemy/domains/de/test/auto/VariableDelayZeroDelay.xml (RunModel)" time="0.013" />
  <testcase classname="ptolemy.util.test.junit.AutoTests" name="[78] /home/travis/build/icyphy/ptII/ptolemy/domains/de/test/auto/VariableDelayZeroDelay2.xml (RunModel)" time="0.038" />
  <testcase classname="ptolemy.util.test.junit.AutoTests" name="[79] /home/travis/build/icyphy/ptII/ptolemy/domains/de/test/auto/deInCt.xml (RunModel)" time="0.023" />
  <testcase classname="ptolemy.util.test.junit.AutoTests" name="[80] /home/travis/build/icyphy/ptII/ptolemy/domains/de/test/auto/deInCt2.xml (RunModel)" time="0.02" />
  <testcase classname="ptolemy.util.test.junit.AutoTests" name="[81] /home/travis/build/icyphy/ptII/ptolemy/domains/de/test/auto/dynamicCausalityInterface1.xml (RunModel)" time="0.025" />
  <testcase classname="ptolemy.util.test.junit.AutoTests" name="[82] /home/travis/build/icyphy/ptII/ptolemy/domains/de/test/auto/fsm_de_test.xml (RunModel)" time="0.037" />
  <testcase classname="ptolemy.util.test.junit.AutoTests" name="[83] /home/travis/build/icyphy/ptII/ptolemy/domains/de/test/auto/functionDependencyReconstruction.xml (RunModel)" time="0.042" />
  <testcase classname="ptolemy.util.test.junit.AutoTests" name="[84] /home/travis/build/icyphy/ptII/ptolemy/domains/de/test/auto/multirate.xml (RunModel)" time="0.027" />
  <testcase classname="ptolemy.util.test.junit.AutoTests" name="[85] /home/travis/build/icyphy/ptII/ptolemy/domains/de/test/auto/multirate2.xml (RunModel)" time="0.019" />
  <testcase classname="ptolemy.util.test.junit.AutoTests" name="[86] /home/travis/build/icyphy/ptII/ptolemy/domains/de/test/auto/realtime.xml (RunModel)" time="10.016" />
  <testcase classname="ptolemy.util.test.junit.AutoTests" name="[87] /home/travis/build/icyphy/ptII/ptolemy/domains/de/test/auto/relationGroup.xml (RunModel)" time="0.007" />
  <testcase classname="ptolemy.util.test.junit.AutoTests" name="[88] /home/travis/build/icyphy/ptII/ptolemy/domains/de/test/auto/relationGroup2.xml (RunModel)" time="0.006" />
  <testcase classname="ptolemy.util.test.junit.AutoTests" name="[89] /home/travis/build/icyphy/ptII/ptolemy/domains/de/test/auto/sortWithOpaquePorts.xml (RunModel)" time="0.011" />
  <testcase classname="ptolemy.util.test.junit.AutoTests" name="[90] /home/travis/build/icyphy/ptII/ptolemy/domains/de/test/auto/transferInputsandOutputs.xml (RunModel)" time="0.023" />
  <testcase classname="ptolemy.util.test.junit.AutoTests" name="[91] /home/travis/build/icyphy/ptII/ptolemy/domains/de/test/auto/triggerType.xml (RunModel)" time="0.012" />
  <system-out><![CDATA[/home/travis/build/icyphy/ptII/ptolemy/domains/de/test/DependencyLoop.tcl
testDefs.tcl: setting time out to 9000 seconds at Fri May 25 01:17:49 UTC 2018
18 ms. Memory: 116224K Free: 95043K (82%)
14 ms. Memory: 116224K Free: 107616K (93%)
/home/travis/build/icyphy/ptII/ptolemy/domains/de/test/RunDETestsAsQSS.tcl
Run the DE tests using ptolemy.domains.qss.test.QSSDirectorTest, which extends QSSDirector and prints a message in the constructors.
------------------ testing $PTII/ptolemy/domains/de/test/auto/knownFailedTests/dependencyLoop.xml (Known Failure) 
9 ms. Memory: 116224K Free: 104456K (90%)


==== $PTIIhome/travis/build/icyphy/ptII/ptolemy/domains/de/test/../../../../: Auto Automatic test in file $PTII/ptolemy/domains/de/test/auto/knownFailedTests/dependencyLoop.xml
==== Contents of test case:

	    # FIXME: we should use $relativeFilename here, but it
	    # might have backslashes under Windows, which causes no end
	    # of trouble.
	    createAndExecute $file
	    list {}
	
.... Test generated KNOWN error:
    while executing
ptolemy.kernel.util.IllegalActionException: Found a zero delay loop containing .dependencyLoop.original
  in .dependencyLoop and .dependencyLoop.original
	at ptolemy.actor.util.CausalityInterfaceForComposites._computeOutputPortDepth(CausalityInterfaceForComposites.java:759)
	at ptolemy.actor.util.CausalityInterfaceForComposites._computeInputDepth(CausalityInterfaceForComposites.java:696)
	at ptolemy.actor.util.CausalityInterfaceForComposites._computeOutputPortDepth(CausalityInterfaceForComposites.java:765)
	at ptolemy.actor.util.CausalityInterfaceForComposites._computeInputDepth(CausalityInterfaceForComposites.java:696)
	at ptolemy.actor.util.CausalityInterfaceForComposites._computeOutputPortDepth(CausalityInterfaceForComposites.java:765)
	at ptolemy.actor.util.CausalityInterfaceForComposites._computeInputDepth(CausalityInterfaceForComposites.java:696)
	at ptolemy.actor.util.CausalityInterfaceForComposites._computeActorDepth(CausalityInterfaceForComposites.java:532)
	at ptolemy.actor.util.CausalityInterfaceForComposites.checkForCycles(CausalityInterfaceForComposites.java:96)
	at ptolemy.domains.de.kernel.DEDirector.preinitialize(DEDirector.java:1337)
	at ptolemy.actor.CompositeActor.preinitialize(CompositeActor.java:1828)
	at ptolemy.actor.Manager.preinitializeAndResolveTypes(Manager.java:1040)
	at ptolemy.actor.Manager.initialize(Manager.java:710)
	at ptolemy.actor.Manager.execute(Manager.java:356)
	at ptolemy.actor.Manager.run(Manager.java:1263)
	at ptolemy.actor.Manager$PtolemyRunThread.run(Manager.java:1915)

    while executing
ptolemy.kernel.util.IllegalActionException: Found a zero delay loop containing .dependencyLoop.original
  in .dependencyLoop and .dependencyLoop.original
    while executing
"java::new ptolemy.moml.MoMLSimpleApplication $file
"
    (procedure "createAndExecute" line 2)
    invoked from within
"createAndExecute $file"
    ("uplevel" body line 5)
    invoked from within
"uplevel $contents_of_test"
------------------ testing $PTII/ptolemy/domains/de/test/auto/knownFailedTests/DESDFClockTest.xml (Known Failure) 
2087 ms. Memory: 116224K Free: 89670K (77%)


==== $PTIIhome/travis/build/icyphy/ptII/ptolemy/domains/de/test/../../../../: Auto Automatic test in file $PTII/ptolemy/domains/de/test/auto/knownFailedTests/DESDFClockTest.xml
==== Contents of test case:

	    # FIXME: we should use $relativeFilename here, but it
	    # might have backslashes under Windows, which causes no end
	    # of trouble.
	    createAndExecute $file
	    list {}
	
.... Test generated KNOWN error:
    while executing
ptolemy.kernel.util.IllegalActionException: Actor is not ready to fire.  Perhaps UpSample.prefire() returned false? Try debugging the actor by selecting "Listen to Actor".  Also, for SDF check moml for tokenConsumptionRate on input.
  in .DESDFClockTest.Play Bell.Copy1:SDF Director and .DESDFClockTest.Play Bell.UpSample
	at ptolemy.actor.sched.StaticSchedulingDirector.fire(StaticSchedulingDirector.java:227)
	at ptolemy.domains.sdf.kernel.SDFDirector.fire(SDFDirector.java:500)
	at ptolemy.actor.CompositeActor.fire(CompositeActor.java:455)
	at ptolemy.domains.de.kernel.DEDirector._fire(DEDirector.java:1948)
	at ptolemy.domains.de.kernel.DEDirector.fire(DEDirector.java:502)
	at ptolemy.actor.CompositeActor.fire(CompositeActor.java:455)
	at ptolemy.actor.Manager.iterate(Manager.java:851)
	at ptolemy.actor.Manager.execute(Manager.java:369)
	at ptolemy.actor.Manager.run(Manager.java:1263)
	at ptolemy.actor.Manager$PtolemyRunThread.run(Manager.java:1915)

    while executing
ptolemy.kernel.util.IllegalActionException: Actor is not ready to fire.  Perhaps UpSample.prefire() returned false? Try debugging the actor by selecting "Listen to Actor".  Also, for SDF check moml for tokenConsumptionRate on input.
  in .DESDFClockTest.Play Bell.Copy1:SDF Director and .DESDFClockTest.Play Bell.UpSample
    while executing
"java::new ptolemy.moml.MoMLSimpleApplication $file
"
    (procedure "createAndExecute" line 2)
    invoked from within
"createAndExecute $file"
    ("uplevel" body line 5)
    invoked from within
"uplevel $contents_of_test"
------------------ testing $PTII/ptolemy/domains/de/test/auto/knownFailedTests/FSMSource.xml (Known Failure) 
42 ms. Memory: 116224K Free: 111689K (96%)
!!!! Auto was marked as failing, but now passes
------------------ testing $PTII/ptolemy/domains/de/test/auto/knownFailedTests/dependencyLoop2.xml (Known Failure) 
8 ms. Memory: 116224K Free: 93490K (80%)


==== $PTIIhome/travis/build/icyphy/ptII/ptolemy/domains/de/test/../../../../: Auto Automatic test in file $PTII/ptolemy/domains/de/test/auto/knownFailedTests/dependencyLoop2.xml
==== Contents of test case:

	    # FIXME: we should use $relativeFilename here, but it
	    # might have backslashes under Windows, which causes no end
	    # of trouble.
	    createAndExecute $file
	    list {}
	
.... Test generated KNOWN error:
    while executing
ptolemy.kernel.util.IllegalActionException: Found a zero delay loop containing .dependencyLoop2.original
  in .dependencyLoop2 and .dependencyLoop2.original
	at ptolemy.actor.util.CausalityInterfaceForComposites._computeOutputPortDepth(CausalityInterfaceForComposites.java:759)
	at ptolemy.actor.util.CausalityInterfaceForComposites._computeInputDepth(CausalityInterfaceForComposites.java:696)
	at ptolemy.actor.util.CausalityInterfaceForComposites._computeOutputPortDepth(CausalityInterfaceForComposites.java:765)
	at ptolemy.actor.util.CausalityInterfaceForComposites._computeInputDepth(CausalityInterfaceForComposites.java:696)
	at ptolemy.actor.util.CausalityInterfaceForComposites._computeOutputPortDepth(CausalityInterfaceForComposites.java:765)
	at ptolemy.actor.util.CausalityInterfaceForComposites._computeInputDepth(CausalityInterfaceForComposites.java:696)
	at ptolemy.actor.util.CausalityInterfaceForComposites._computeActorDepth(CausalityInterfaceForComposites.java:532)
	at ptolemy.actor.util.CausalityInterfaceForComposites.checkForCycles(CausalityInterfaceForComposites.java:96)
	at ptolemy.domains.de.kernel.DEDirector.preinitialize(DEDirector.java:1337)
	at ptolemy.actor.CompositeActor.preinitialize(CompositeActor.java:1828)
	at ptolemy.actor.Manager.preinitializeAndResolveTypes(Manager.java:1040)
	at ptolemy.actor.Manager.initialize(Manager.java:710)
	at ptolemy.actor.Manager.execute(Manager.java:356)
	at ptolemy.actor.Manager.run(Manager.java:1263)
	at ptolemy.actor.Manager$PtolemyRunThread.run(Manager.java:1915)

    while executing
ptolemy.kernel.util.IllegalActionException: Found a zero delay loop containing .dependencyLoop2.original
  in .dependencyLoop2 and .dependencyLoop2.original
    while executing
"java::new ptolemy.moml.MoMLSimpleApplication $file
"
    (procedure "createAndExecute" line 2)
    invoked from within
"createAndExecute $file"
    ("uplevel" body line 5)
    invoked from within
"uplevel $contents_of_test"
------------------ testing $PTII/ptolemy/domains/de/test/auto/knownFailedTests/HierarchicalModel.xml (Known Failure) 
12 ms. Memory: 146944K Free: 134505K (92%)


==== $PTIIhome/travis/build/icyphy/ptII/ptolemy/domains/de/test/../../../../: Auto Automatic test in file $PTII/ptolemy/domains/de/test/auto/knownFailedTests/HierarchicalModel.xml
==== Contents of test case:

	    # FIXME: we should use $relativeFilename here, but it
	    # might have backslashes under Windows, which causes no end
	    # of trouble.
	    createAndExecute $file
	    list {}
	
.... Test generated KNOWN error:
    while executing
ptolemy.kernel.util.IllegalActionException: Found a zero delay loop containing .HierarchicalModel.A
  in .HierarchicalModel and .HierarchicalModel.A
	at ptolemy.actor.util.CausalityInterfaceForComposites._computeOutputPortDepth(CausalityInterfaceForComposites.java:759)
	at ptolemy.actor.util.CausalityInterfaceForComposites._computeInputDepth(CausalityInterfaceForComposites.java:696)
	at ptolemy.actor.util.CausalityInterfaceForComposites._computeOutputPortDepth(CausalityInterfaceForComposites.java:765)
	at ptolemy.actor.util.CausalityInterfaceForComposites._computeInputDepth(CausalityInterfaceForComposites.java:696)
	at ptolemy.actor.util.CausalityInterfaceForComposites._computeOutputPortDepth(CausalityInterfaceForComposites.java:765)
	at ptolemy.actor.util.CausalityInterfaceForComposites._computeInputDepth(CausalityInterfaceForComposites.java:696)
	at ptolemy.actor.util.CausalityInterfaceForComposites._computeActorDepth(CausalityInterfaceForComposites.java:532)
	at ptolemy.actor.util.CausalityInterfaceForComposites.checkForCycles(CausalityInterfaceForComposites.java:96)
	at ptolemy.domains.de.kernel.DEDirector.preinitialize(DEDirector.java:1337)
	at ptolemy.actor.CompositeActor.preinitialize(CompositeActor.java:1828)
	at ptolemy.actor.Manager.preinitializeAndResolveTypes(Manager.java:1040)
	at ptolemy.actor.Manager.initialize(Manager.java:710)
	at ptolemy.actor.Manager.execute(Manager.java:356)
	at ptolemy.actor.Manager.run(Manager.java:1263)
	at ptolemy.actor.Manager$PtolemyRunThread.run(Manager.java:1915)

    while executing
ptolemy.kernel.util.IllegalActionException: Found a zero delay loop containing .HierarchicalModel.A
  in .HierarchicalModel and .HierarchicalModel.A
    while executing
"java::new ptolemy.moml.MoMLSimpleApplication $file
"
    (procedure "createAndExecute" line 2)
    invoked from within
"createAndExecute $file"
    ("uplevel" body line 5)
    invoked from within
"uplevel $contents_of_test"
------------------ testing $PTII/ptolemy/domains/de/test/auto/knownFailedTests/DirectFeedback.xml (Known Failure) 
14 ms. Memory: 146944K Free: 129452K (88%)


==== $PTIIhome/travis/build/icyphy/ptII/ptolemy/domains/de/test/../../../../: Auto Automatic test in file $PTII/ptolemy/domains/de/test/auto/knownFailedTests/DirectFeedback.xml
==== Contents of test case:

	    # FIXME: we should use $relativeFilename here, but it
	    # might have backslashes under Windows, which causes no end
	    # of trouble.
	    createAndExecute $file
	    list {}
	
.... Test generated KNOWN error:
    while executing
ptolemy.kernel.util.IllegalActionException: Test fails in iteration 1.
Value was: 1.0. Should have been: 2.0
  in .DirectFeedback.Test
	at ptolemy.actor.lib.Test.fire(Test.java:268)
	at ptolemy.domains.de.kernel.DEDirector._fire(DEDirector.java:1948)
	at ptolemy.domains.de.kernel.DEDirector.fire(DEDirector.java:502)
	at ptolemy.actor.CompositeActor.fire(CompositeActor.java:455)
	at ptolemy.actor.Manager.iterate(Manager.java:851)
	at ptolemy.actor.Manager.execute(Manager.java:369)
	at ptolemy.actor.Manager.run(Manager.java:1263)
	at ptolemy.actor.Manager$PtolemyRunThread.run(Manager.java:1915)

    while executing
ptolemy.kernel.util.IllegalActionException: Test fails in iteration 1.
Value was: 1.0. Should have been: 2.0
  in .DirectFeedback.Test
    while executing
"java::new ptolemy.moml.MoMLSimpleApplication $file
"
    (procedure "createAndExecute" line 2)
    invoked from within
"createAndExecute $file"
    ("uplevel" body line 5)
    invoked from within
"uplevel $contents_of_test"
------------------ testing $PTII/ptolemy/domains/de/test/auto/ActorDepthCalculation_actorWithoutPorts.xml
auto.tcl: Setting watchdog for 200 seconds at Fri May 25 01:17:52 UTC 2018
13 ms. Memory: 146944K Free: 121697K (83%)
ptolemy.util.test.WatchDog.cancel(): canceling Fri May 25 01:17:53 UTC 2018
auto.tcl: Setting watchdog for 200 seconds at Fri May 25 01:17:53 UTC 2018
10 ms. Memory: 146944K Free: 120637K (82%)
ptolemy.util.test.WatchDog.cancel(): canceling Fri May 25 01:17:53 UTC 2018
------------------ testing $PTII/ptolemy/domains/de/test/auto/AssemblyLine.xml
auto.tcl: Setting watchdog for 200 seconds at Fri May 25 01:17:53 UTC 2018
11 ms. Memory: 146944K Free: 129237K (88%)
ptolemy.util.test.WatchDog.cancel(): canceling Fri May 25 01:17:53 UTC 2018
auto.tcl: Setting watchdog for 200 seconds at Fri May 25 01:17:53 UTC 2018
12 ms. Memory: 146944K Free: 128194K (87%)
ptolemy.util.test.WatchDog.cancel(): canceling Fri May 25 01:17:53 UTC 2018
------------------ testing $PTII/ptolemy/domains/de/test/auto/CQBug1.xml
auto.tcl: Setting watchdog for 200 seconds at Fri May 25 01:17:53 UTC 2018
4 ms. Memory: 146944K Free: 138332K (94%)
ptolemy.util.test.WatchDog.cancel(): canceling Fri May 25 01:17:53 UTC 2018
auto.tcl: Setting watchdog for 200 seconds at Fri May 25 01:17:53 UTC 2018
2 ms. Memory: 146944K Free: 138332K (94%)
ptolemy.util.test.WatchDog.cancel(): canceling Fri May 25 01:17:53 UTC 2018
------------------ testing $PTII/ptolemy/domains/de/test/auto/CancelFireAt.xml
auto.tcl: Setting watchdog for 200 seconds at Fri May 25 01:17:54 UTC 2018
3 ms. Memory: 146944K Free: 140413K (96%)
ptolemy.util.test.WatchDog.cancel(): canceling Fri May 25 01:17:54 UTC 2018
auto.tcl: Setting watchdog for 200 seconds at Fri May 25 01:17:54 UTC 2018
3 ms. Memory: 146944K Free: 139370K (95%)
ptolemy.util.test.WatchDog.cancel(): canceling Fri May 25 01:17:54 UTC 2018
------------------ testing $PTII/ptolemy/domains/de/test/auto/CausalityAndComposabilityAnalysis.xml
auto.tcl: Setting watchdog for 200 seconds at Fri May 25 01:17:54 UTC 2018
17 ms. Memory: 146944K Free: 136976K (93%)
ptolemy.util.test.WatchDog.cancel(): canceling Fri May 25 01:17:54 UTC 2018
auto.tcl: Setting watchdog for 200 seconds at Fri May 25 01:17:54 UTC 2018
12 ms. Memory: 146944K Free: 136976K (93%)
ptolemy.util.test.WatchDog.cancel(): canceling Fri May 25 01:17:54 UTC 2018
------------------ testing $PTII/ptolemy/domains/de/test/auto/CausalityInterface1.xml
auto.tcl: Setting watchdog for 200 seconds at Fri May 25 01:17:54 UTC 2018
14 ms. Memory: 146944K Free: 136299K (93%)
ptolemy.util.test.WatchDog.cancel(): canceling Fri May 25 01:17:54 UTC 2018
auto.tcl: Setting watchdog for 200 seconds at Fri May 25 01:17:54 UTC 2018
5 ms. Memory: 146944K Free: 135255K (92%)
ptolemy.util.test.WatchDog.cancel(): canceling Fri May 25 01:17:54 UTC 2018
------------------ testing $PTII/ptolemy/domains/de/test/auto/CausalityInterface15.xml
auto.tcl: Setting watchdog for 200 seconds at Fri May 25 01:17:54 UTC 2018
9 ms. Memory: 146944K Free: 135246K (92%)
ptolemy.util.test.WatchDog.cancel(): canceling Fri May 25 01:17:54 UTC 2018
auto.tcl: Setting watchdog for 200 seconds at Fri May 25 01:17:54 UTC 2018
10 ms. Memory: 146944K Free: 134202K (91%)
ptolemy.util.test.WatchDog.cancel(): canceling Fri May 25 01:17:54 UTC 2018
------------------ testing $PTII/ptolemy/domains/de/test/auto/CausalityInterface2.xml
auto.tcl: Setting watchdog for 200 seconds at Fri May 25 01:17:54 UTC 2018
10 ms. Memory: 146944K Free: 136274K (93%)
ptolemy.util.test.WatchDog.cancel(): canceling Fri May 25 01:17:54 UTC 2018
auto.tcl: Setting watchdog for 200 seconds at Fri May 25 01:17:54 UTC 2018
8 ms. Memory: 146944K Free: 136274K (93%)
ptolemy.util.test.WatchDog.cancel(): canceling Fri May 25 01:17:54 UTC 2018
------------------ testing $PTII/ptolemy/domains/de/test/auto/CausalityInterface3.xml
auto.tcl: Setting watchdog for 200 seconds at Fri May 25 01:17:54 UTC 2018
8 ms. Memory: 146944K Free: 136285K (93%)
ptolemy.util.test.WatchDog.cancel(): canceling Fri May 25 01:17:54 UTC 2018
auto.tcl: Setting watchdog for 200 seconds at Fri May 25 01:17:54 UTC 2018
4 ms. Memory: 146944K Free: 135242K (92%)
ptolemy.util.test.WatchDog.cancel(): canceling Fri May 25 01:17:54 UTC 2018
------------------ testing $PTII/ptolemy/domains/de/test/auto/ClockDrift.xml
auto.tcl: Setting watchdog for 200 seconds at Fri May 25 01:17:54 UTC 2018
123 ms. Memory: 146944K Free: 128168K (87%)
ptolemy.util.test.WatchDog.cancel(): canceling Fri May 25 01:17:54 UTC 2018
auto.tcl: Setting watchdog for 200 seconds at Fri May 25 01:17:54 UTC 2018
83 ms. Memory: 146944K Free: 125038K (85%)
ptolemy.util.test.WatchDog.cancel(): canceling Fri May 25 01:17:54 UTC 2018
------------------ testing $PTII/ptolemy/domains/de/test/auto/ClockDriftAndValueChange.xml
auto.tcl: Setting watchdog for 200 seconds at Fri May 25 01:17:55 UTC 2018
39 ms. Memory: 146944K Free: 128002K (87%)
ptolemy.util.test.WatchDog.cancel(): canceling Fri May 25 01:17:55 UTC 2018
auto.tcl: Setting watchdog for 200 seconds at Fri May 25 01:17:55 UTC 2018
33 ms. Memory: 146944K Free: 124872K (85%)
ptolemy.util.test.WatchDog.cancel(): canceling Fri May 25 01:17:55 UTC 2018
------------------ testing $PTII/ptolemy/domains/de/test/auto/ClockDriftChange.xml
auto.tcl: Setting watchdog for 200 seconds at Fri May 25 01:17:55 UTC 2018
52 ms. Memory: 146944K Free: 130688K (89%)
ptolemy.util.test.WatchDog.cancel(): canceling Fri May 25 01:17:55 UTC 2018
auto.tcl: Setting watchdog for 200 seconds at Fri May 25 01:17:55 UTC 2018
38 ms. Memory: 146944K Free: 127558K (87%)
ptolemy.util.test.WatchDog.cancel(): canceling Fri May 25 01:17:55 UTC 2018
------------------ testing $PTII/ptolemy/domains/de/test/auto/ComposableCausalityAnalysis.xml
auto.tcl: Setting watchdog for 200 seconds at Fri May 25 01:17:55 UTC 2018
4 ms. Memory: 146944K Free: 135102K (92%)
ptolemy.util.test.WatchDog.cancel(): canceling Fri May 25 01:17:55 UTC 2018
auto.tcl: Setting watchdog for 200 seconds at Fri May 25 01:17:55 UTC 2018
3 ms. Memory: 146944K Free: 134059K (91%)
ptolemy.util.test.WatchDog.cancel(): canceling Fri May 25 01:17:55 UTC 2018
------------------ testing $PTII/ptolemy/domains/de/test/auto/DEFixedPointLimitation.xml
auto.tcl: Setting watchdog for 200 seconds at Fri May 25 01:17:55 UTC 2018
2 ms. Memory: 146944K Free: 136336K (93%)
ptolemy.util.test.WatchDog.cancel(): canceling Fri May 25 01:17:55 UTC 2018
auto.tcl: Setting watchdog for 200 seconds at Fri May 25 01:17:55 UTC 2018
2 ms. Memory: 146944K Free: 136336K (93%)
ptolemy.util.test.WatchDog.cancel(): canceling Fri May 25 01:17:55 UTC 2018
------------------ testing $PTII/ptolemy/domains/de/test/auto/DEScheduleTest.xml
auto.tcl: Setting watchdog for 200 seconds at Fri May 25 01:17:55 UTC 2018
5 ms. Memory: 146944K Free: 137305K (93%)
ptolemy.util.test.WatchDog.cancel(): canceling Fri May 25 01:17:55 UTC 2018
auto.tcl: Setting watchdog for 200 seconds at Fri May 25 01:17:55 UTC 2018
4 ms. Memory: 146944K Free: 136261K (93%)
ptolemy.util.test.WatchDog.cancel(): canceling Fri May 25 01:17:55 UTC 2018
------------------ testing $PTII/ptolemy/domains/de/test/auto/DEinDEwithStartTimes.xml
auto.tcl: Setting watchdog for 200 seconds at Fri May 25 01:17:55 UTC 2018
6 ms. Memory: 146944K Free: 135188K (92%)
ptolemy.util.test.WatchDog.cancel(): canceling Fri May 25 01:17:55 UTC 2018
auto.tcl: Setting watchdog for 200 seconds at Fri May 25 01:17:55 UTC 2018
9 ms. Memory: 146944K Free: 134145K (91%)
ptolemy.util.test.WatchDog.cancel(): canceling Fri May 25 01:17:55 UTC 2018
------------------ testing $PTII/ptolemy/domains/de/test/auto/DEinDEwithStartTimes2.xml
auto.tcl: Setting watchdog for 200 seconds at Fri May 25 01:17:55 UTC 2018
6 ms. Memory: 146944K Free: 135167K (92%)
ptolemy.util.test.WatchDog.cancel(): canceling Fri May 25 01:17:55 UTC 2018
auto.tcl: Setting watchdog for 200 seconds at Fri May 25 01:17:55 UTC 2018
10 ms. Memory: 146944K Free: 134124K (91%)
ptolemy.util.test.WatchDog.cancel(): canceling Fri May 25 01:17:55 UTC 2018
------------------ testing $PTII/ptolemy/domains/de/test/auto/DateDemo.xml
auto.tcl: Setting watchdog for 200 seconds at Fri May 25 01:17:55 UTC 2018
20 ms. Memory: 146944K Free: 129279K (88%)
ptolemy.util.test.WatchDog.cancel(): canceling Fri May 25 01:17:55 UTC 2018
auto.tcl: Setting watchdog for 200 seconds at Fri May 25 01:17:55 UTC 2018
15 ms. Memory: 146944K Free: 127192K (87%)
ptolemy.util.test.WatchDog.cancel(): canceling Fri May 25 01:17:55 UTC 2018
------------------ testing $PTII/ptolemy/domains/de/test/auto/DateToEvent.xml
auto.tcl: Setting watchdog for 200 seconds at Fri May 25 01:17:56 UTC 2018
2018 ms. Memory: 146944K Free: 123426K (84%)
ptolemy.util.test.WatchDog.cancel(): canceling Fri May 25 01:17:58 UTC 2018
auto.tcl: Setting watchdog for 200 seconds at Fri May 25 01:17:58 UTC 2018
2011 ms. Memory: 146944K Free: 122383K (83%)
ptolemy.util.test.WatchDog.cancel(): canceling Fri May 25 01:18:00 UTC 2018
------------------ testing $PTII/ptolemy/domains/de/test/auto/DepthTest1.xml
auto.tcl: Setting watchdog for 200 seconds at Fri May 25 01:18:00 UTC 2018
3 ms. Memory: 146944K Free: 138603K (94%)
ptolemy.util.test.WatchDog.cancel(): canceling Fri May 25 01:18:00 UTC 2018
auto.tcl: Setting watchdog for 200 seconds at Fri May 25 01:18:00 UTC 2018
2 ms. Memory: 146944K Free: 138493K (94%)
ptolemy.util.test.WatchDog.cancel(): canceling Fri May 25 01:18:00 UTC 2018
------------------ testing $PTII/ptolemy/domains/de/test/auto/DepthTest2.xml
auto.tcl: Setting watchdog for 200 seconds at Fri May 25 01:18:00 UTC 2018
5 ms. Memory: 146944K Free: 134215K (91%)
ptolemy.util.test.WatchDog.cancel(): canceling Fri May 25 01:18:00 UTC 2018
auto.tcl: Setting watchdog for 200 seconds at Fri May 25 01:18:00 UTC 2018
3 ms. Memory: 146944K Free: 134215K (91%)
ptolemy.util.test.WatchDog.cancel(): canceling Fri May 25 01:18:00 UTC 2018
------------------ testing $PTII/ptolemy/domains/de/test/auto/DepthTest3.xml
auto.tcl: Setting watchdog for 200 seconds at Fri May 25 01:18:00 UTC 2018
5 ms. Memory: 146944K Free: 138827K (94%)
ptolemy.util.test.WatchDog.cancel(): canceling Fri May 25 01:18:00 UTC 2018
auto.tcl: Setting watchdog for 200 seconds at Fri May 25 01:18:00 UTC 2018
1 ms. Memory: 146944K Free: 138827K (94%)
ptolemy.util.test.WatchDog.cancel(): canceling Fri May 25 01:18:00 UTC 2018
------------------ testing $PTII/ptolemy/domains/de/test/auto/DepthTest4.xml
auto.tcl: Setting watchdog for 200 seconds at Fri May 25 01:18:00 UTC 2018
4 ms. Memory: 146944K Free: 136213K (93%)
ptolemy.util.test.WatchDog.cancel(): canceling Fri May 25 01:18:00 UTC 2018
auto.tcl: Setting watchdog for 200 seconds at Fri May 25 01:18:00 UTC 2018
3 ms. Memory: 146944K Free: 135169K (92%)
ptolemy.util.test.WatchDog.cancel(): canceling Fri May 25 01:18:00 UTC 2018
------------------ testing $PTII/ptolemy/domains/de/test/auto/DepthTest5.xml
auto.tcl: Setting watchdog for 200 seconds at Fri May 25 01:18:00 UTC 2018
6 ms. Memory: 146944K Free: 135116K (92%)
ptolemy.util.test.WatchDog.cancel(): canceling Fri May 25 01:18:00 UTC 2018
auto.tcl: Setting watchdog for 200 seconds at Fri May 25 01:18:00 UTC 2018
4 ms. Memory: 146944K Free: 135116K (92%)
ptolemy.util.test.WatchDog.cancel(): canceling Fri May 25 01:18:00 UTC 2018
------------------ testing $PTII/ptolemy/domains/de/test/auto/DepthTest6.xml
auto.tcl: Setting watchdog for 200 seconds at Fri May 25 01:18:00 UTC 2018
12 ms. Memory: 146944K Free: 135179K (92%)
ptolemy.util.test.WatchDog.cancel(): canceling Fri May 25 01:18:00 UTC 2018
auto.tcl: Setting watchdog for 200 seconds at Fri May 25 01:18:00 UTC 2018
3 ms. Memory: 146944K Free: 135179K (92%)
ptolemy.util.test.WatchDog.cancel(): canceling Fri May 25 01:18:00 UTC 2018
------------------ testing $PTII/ptolemy/domains/de/test/auto/DepthTest7.xml
auto.tcl: Setting watchdog for 200 seconds at Fri May 25 01:18:00 UTC 2018
4 ms. Memory: 146944K Free: 136117K (93%)
ptolemy.util.test.WatchDog.cancel(): canceling Fri May 25 01:18:00 UTC 2018
auto.tcl: Setting watchdog for 200 seconds at Fri May 25 01:18:00 UTC 2018
2 ms. Memory: 146944K Free: 135073K (92%)
ptolemy.util.test.WatchDog.cancel(): canceling Fri May 25 01:18:00 UTC 2018
------------------ testing $PTII/ptolemy/domains/de/test/auto/EventToDate.xml
auto.tcl: Setting watchdog for 200 seconds at Fri May 25 01:18:00 UTC 2018
3007 ms. Memory: 146944K Free: 125704K (86%)
ptolemy.util.test.WatchDog.cancel(): canceling Fri May 25 01:18:03 UTC 2018
auto.tcl: Setting watchdog for 200 seconds at Fri May 25 01:18:03 UTC 2018
3005 ms. Memory: 146944K Free: 125704K (86%)
ptolemy.util.test.WatchDog.cancel(): canceling Fri May 25 01:18:06 UTC 2018
------------------ testing $PTII/ptolemy/domains/de/test/auto/FSM1.xml
auto.tcl: Setting watchdog for 200 seconds at Fri May 25 01:18:06 UTC 2018
43 ms. Memory: 146944K Free: 126874K (86%)
ptolemy.util.test.WatchDog.cancel(): canceling Fri May 25 01:18:06 UTC 2018
auto.tcl: Setting watchdog for 200 seconds at Fri May 25 01:18:06 UTC 2018
20 ms. Memory: 146944K Free: 123743K (84%)
ptolemy.util.test.WatchDog.cancel(): canceling Fri May 25 01:18:07 UTC 2018
------------------ testing $PTII/ptolemy/domains/de/test/auto/FSM7.xml
auto.tcl: Setting watchdog for 200 seconds at Fri May 25 01:18:07 UTC 2018
33 ms. Memory: 146944K Free: 127281K (87%)
ptolemy.util.test.WatchDog.cancel(): canceling Fri May 25 01:18:07 UTC 2018
auto.tcl: Setting watchdog for 200 seconds at Fri May 25 01:18:07 UTC 2018
32 ms. Memory: 146944K Free: 124151K (84%)
ptolemy.util.test.WatchDog.cancel(): canceling Fri May 25 01:18:07 UTC 2018
------------------ testing $PTII/ptolemy/domains/de/test/auto/Inspection.xml
auto.tcl: Setting watchdog for 200 seconds at Fri May 25 01:18:07 UTC 2018
74 ms. Memory: 146944K Free: 128065K (87%)
ptolemy.util.test.WatchDog.cancel(): canceling Fri May 25 01:18:07 UTC 2018
auto.tcl: Setting watchdog for 200 seconds at Fri May 25 01:18:07 UTC 2018
48 ms. Memory: 146944K Free: 125978K (86%)
ptolemy.util.test.WatchDog.cancel(): canceling Fri May 25 01:18:07 UTC 2018
------------------ testing $PTII/ptolemy/domains/de/test/auto/Iteration.xml
auto.tcl: Setting watchdog for 200 seconds at Fri May 25 01:18:07 UTC 2018
19 ms. Memory: 146944K Free: 133837K (91%)
ptolemy.util.test.WatchDog.cancel(): canceling Fri May 25 01:18:07 UTC 2018
auto.tcl: Setting watchdog for 200 seconds at Fri May 25 01:18:07 UTC 2018
14 ms. Memory: 146944K Free: 132793K (90%)
ptolemy.util.test.WatchDog.cancel(): canceling Fri May 25 01:18:07 UTC 2018
------------------ testing $PTII/ptolemy/domains/de/test/auto/LineFault.xml
auto.tcl: Setting watchdog for 200 seconds at Fri May 25 01:18:07 UTC 2018
1203 ms. Memory: 146944K Free: 138074K (94%)
ptolemy.util.test.WatchDog.cancel(): canceling Fri May 25 01:18:09 UTC 2018
auto.tcl: Setting watchdog for 200 seconds at Fri May 25 01:18:09 UTC 2018
1085 ms. Memory: 146944K Free: 82051K (56%)
ptolemy.util.test.WatchDog.cancel(): canceling Fri May 25 01:18:10 UTC 2018
------------------ testing $PTII/ptolemy/domains/de/test/auto/MergeModel1Add.xml
auto.tcl: Setting watchdog for 200 seconds at Fri May 25 01:18:10 UTC 2018
42 ms. Memory: 209920K Free: 180584K (86%)
ptolemy.util.test.WatchDog.cancel(): canceling Fri May 25 01:18:10 UTC 2018
auto.tcl: Setting watchdog for 200 seconds at Fri May 25 01:18:10 UTC 2018
15 ms. Memory: 209920K Free: 178699K (85%)
ptolemy.util.test.WatchDog.cancel(): canceling Fri May 25 01:18:10 UTC 2018
------------------ testing $PTII/ptolemy/domains/de/test/auto/MergeModel2Add.xml
auto.tcl: Setting watchdog for 200 seconds at Fri May 25 01:18:10 UTC 2018
20 ms. Memory: 210432K Free: 182410K (87%)
ptolemy.util.test.WatchDog.cancel(): canceling Fri May 25 01:18:10 UTC 2018
auto.tcl: Setting watchdog for 200 seconds at Fri May 25 01:18:10 UTC 2018
13 ms. Memory: 210432K Free: 182410K (87%)
ptolemy.util.test.WatchDog.cancel(): canceling Fri May 25 01:18:10 UTC 2018
------------------ testing $PTII/ptolemy/domains/de/test/auto/MergeModel3Add.xml
auto.tcl: Setting watchdog for 200 seconds at Fri May 25 01:18:10 UTC 2018
15 ms. Memory: 209920K Free: 183705K (88%)
ptolemy.util.test.WatchDog.cancel(): canceling Fri May 25 01:18:10 UTC 2018
auto.tcl: Setting watchdog for 200 seconds at Fri May 25 01:18:10 UTC 2018
16 ms. Memory: 209920K Free: 181813K (87%)
ptolemy.util.test.WatchDog.cancel(): canceling Fri May 25 01:18:10 UTC 2018
------------------ testing $PTII/ptolemy/domains/de/test/auto/MergeWithoutDiscard.xml
auto.tcl: Setting watchdog for 200 seconds at Fri May 25 01:18:10 UTC 2018
5 ms. Memory: 210432K Free: 198765K (94%)
ptolemy.util.test.WatchDog.cancel(): canceling Fri May 25 01:18:10 UTC 2018
auto.tcl: Setting watchdog for 200 seconds at Fri May 25 01:18:10 UTC 2018
1 ms. Memory: 210432K Free: 198765K (94%)
ptolemy.util.test.WatchDog.cancel(): canceling Fri May 25 01:18:10 UTC 2018
------------------ testing $PTII/ptolemy/domains/de/test/auto/Modal1.xml
auto.tcl: Setting watchdog for 200 seconds at Fri May 25 01:18:10 UTC 2018
19 ms. Memory: 210432K Free: 190861K (91%)
ptolemy.util.test.WatchDog.cancel(): canceling Fri May 25 01:18:11 UTC 2018
auto.tcl: Setting watchdog for 200 seconds at Fri May 25 01:18:11 UTC 2018
17 ms. Memory: 210432K Free: 187076K (89%)
ptolemy.util.test.WatchDog.cancel(): canceling Fri May 25 01:18:11 UTC 2018
------------------ testing $PTII/ptolemy/domains/de/test/auto/Modal2.xml
auto.tcl: Setting watchdog for 200 seconds at Fri May 25 01:18:11 UTC 2018
19 ms. Memory: 210432K Free: 188196K (89%)
ptolemy.util.test.WatchDog.cancel(): canceling Fri May 25 01:18:11 UTC 2018
auto.tcl: Setting watchdog for 200 seconds at Fri May 25 01:18:11 UTC 2018
15 ms. Memory: 210432K Free: 184410K (88%)
ptolemy.util.test.WatchDog.cancel(): canceling Fri May 25 01:18:11 UTC 2018
------------------ testing $PTII/ptolemy/domains/de/test/auto/Modal3.xml
auto.tcl: Setting watchdog for 200 seconds at Fri May 25 01:18:11 UTC 2018
17 ms. Memory: 210432K Free: 190735K (91%)
ptolemy.util.test.WatchDog.cancel(): canceling Fri May 25 01:18:11 UTC 2018
auto.tcl: Setting watchdog for 200 seconds at Fri May 25 01:18:11 UTC 2018
15 ms. Memory: 210432K Free: 186949K (89%)
ptolemy.util.test.WatchDog.cancel(): canceling Fri May 25 01:18:11 UTC 2018
------------------ testing $PTII/ptolemy/domains/de/test/auto/Modal4.xml
auto.tcl: Setting watchdog for 200 seconds at Fri May 25 01:18:11 UTC 2018
36 ms. Memory: 208384K Free: 188683K (91%)
ptolemy.util.test.WatchDog.cancel(): canceling Fri May 25 01:18:11 UTC 2018
auto.tcl: Setting watchdog for 200 seconds at Fri May 25 01:18:11 UTC 2018
19 ms. Memory: 208384K Free: 184898K (89%)
ptolemy.util.test.WatchDog.cancel(): canceling Fri May 25 01:18:11 UTC 2018
------------------ testing $PTII/ptolemy/domains/de/test/auto/Modal5.xml
auto.tcl: Setting watchdog for 200 seconds at Fri May 25 01:18:11 UTC 2018
23 ms. Memory: 209920K Free: 190204K (91%)
ptolemy.util.test.WatchDog.cancel(): canceling Fri May 25 01:18:11 UTC 2018
auto.tcl: Setting watchdog for 200 seconds at Fri May 25 01:18:11 UTC 2018
20 ms. Memory: 209920K Free: 186419K (89%)
ptolemy.util.test.WatchDog.cancel(): canceling Fri May 25 01:18:11 UTC 2018
------------------ testing $PTII/ptolemy/domains/de/test/auto/Modal6.xml
auto.tcl: Setting watchdog for 200 seconds at Fri May 25 01:18:11 UTC 2018
15 ms. Memory: 209920K Free: 190297K (91%)
ptolemy.util.test.WatchDog.cancel(): canceling Fri May 25 01:18:11 UTC 2018
auto.tcl: Setting watchdog for 200 seconds at Fri May 25 01:18:11 UTC 2018
19 ms. Memory: 209920K Free: 186512K (89%)
ptolemy.util.test.WatchDog.cancel(): canceling Fri May 25 01:18:11 UTC 2018
------------------ testing $PTII/ptolemy/domains/de/test/auto/Modal7.xml
auto.tcl: Setting watchdog for 200 seconds at Fri May 25 01:18:11 UTC 2018
25 ms. Memory: 209920K Free: 188310K (90%)
ptolemy.util.test.WatchDog.cancel(): canceling Fri May 25 01:18:11 UTC 2018
auto.tcl: Setting watchdog for 200 seconds at Fri May 25 01:18:11 UTC 2018
16 ms. Memory: 209920K Free: 186417K (89%)
ptolemy.util.test.WatchDog.cancel(): canceling Fri May 25 01:18:11 UTC 2018
------------------ testing $PTII/ptolemy/domains/de/test/auto/ModalModel.xml
auto.tcl: Setting watchdog for 200 seconds at Fri May 25 01:18:11 UTC 2018
341 ms. Memory: 209920K Free: 129913K (62%)
ptolemy.util.test.WatchDog.cancel(): canceling Fri May 25 01:18:12 UTC 2018
auto.tcl: Setting watchdog for 200 seconds at Fri May 25 01:18:12 UTC 2018
325 ms. Memory: 209920K Free: 197524K (94%)
ptolemy.util.test.WatchDog.cancel(): canceling Fri May 25 01:18:12 UTC 2018
------------------ testing $PTII/ptolemy/domains/de/test/auto/ModalSource.xml
auto.tcl: Setting watchdog for 200 seconds at Fri May 25 01:18:12 UTC 2018
14 ms. Memory: 209920K Free: 195281K (93%)
ptolemy.util.test.WatchDog.cancel(): canceling Fri May 25 01:18:12 UTC 2018
auto.tcl: Setting watchdog for 200 seconds at Fri May 25 01:18:12 UTC 2018
9 ms. Memory: 209920K Free: 193531K (92%)
ptolemy.util.test.WatchDog.cancel(): canceling Fri May 25 01:18:12 UTC 2018
------------------ testing $PTII/ptolemy/domains/de/test/auto/NonInterruptibleTimerZeroDelay.xml
auto.tcl: Setting watchdog for 200 seconds at Fri May 25 01:18:12 UTC 2018
5 ms. Memory: 335872K Free: 325446K (97%)
ptolemy.util.test.WatchDog.cancel(): canceling Fri May 25 01:18:12 UTC 2018
auto.tcl: Setting watchdog for 200 seconds at Fri May 25 01:18:12 UTC 2018
4 ms. Memory: 335872K Free: 321946K (96%)
ptolemy.util.test.WatchDog.cancel(): canceling Fri May 25 01:18:12 UTC 2018
------------------ testing $PTII/ptolemy/domains/de/test/auto/OpenQueueingNetwork.xml
auto.tcl: Setting watchdog for 200 seconds at Fri May 25 01:18:12 UTC 2018
5343 ms. Memory: 323584K Free: 191907K (59%)
ptolemy.util.test.WatchDog.cancel(): canceling Fri May 25 01:18:18 UTC 2018
auto.tcl: Setting watchdog for 200 seconds at Fri May 25 01:18:18 UTC 2018
2618 ms. Memory: 304640K Free: 95850K (31%)
ptolemy.util.test.WatchDog.cancel(): canceling Fri May 25 01:18:20 UTC 2018
------------------ testing $PTII/ptolemy/domains/de/test/auto/OpenQueuingNetwork.xml
auto.tcl: Setting watchdog for 200 seconds at Fri May 25 01:18:21 UTC 2018
389 ms. Memory: 303104K Free: 203713K (67%)
ptolemy.util.test.WatchDog.cancel(): canceling Fri May 25 01:18:21 UTC 2018
auto.tcl: Setting watchdog for 200 seconds at Fri May 25 01:18:21 UTC 2018
356 ms. Memory: 303104K Free: 144818K (48%)
ptolemy.util.test.WatchDog.cancel(): canceling Fri May 25 01:18:21 UTC 2018
------------------ testing $PTII/ptolemy/domains/de/test/auto/PeriodicSampler.xml
auto.tcl: Setting watchdog for 200 seconds at Fri May 25 01:18:21 UTC 2018
5 ms. Memory: 304640K Free: 292064K (96%)
ptolemy.util.test.WatchDog.cancel(): canceling Fri May 25 01:18:21 UTC 2018
auto.tcl: Setting watchdog for 200 seconds at Fri May 25 01:18:21 UTC 2018
3 ms. Memory: 304640K Free: 288922K (95%)
ptolemy.util.test.WatchDog.cancel(): canceling Fri May 25 01:18:21 UTC 2018
------------------ testing $PTII/ptolemy/domains/de/test/auto/PersistentIO.xml
auto.tcl: Setting watchdog for 200 seconds at Fri May 25 01:18:22 UTC 2018
8 ms. Memory: 303104K Free: 284825K (94%)
ptolemy.util.test.WatchDog.cancel(): canceling Fri May 25 01:18:22 UTC 2018
auto.tcl: Setting watchdog for 200 seconds at Fri May 25 01:18:22 UTC 2018
6 ms. Memory: 303104K Free: 281674K (93%)
ptolemy.util.test.WatchDog.cancel(): canceling Fri May 25 01:18:22 UTC 2018
------------------ testing $PTII/ptolemy/domains/de/test/auto/PortParameterResetOnInitialize.xml
auto.tcl: Setting watchdog for 200 seconds at Fri May 25 01:18:22 UTC 2018
4 ms. Memory: 304640K Free: 289382K (95%)
ptolemy.util.test.WatchDog.cancel(): canceling Fri May 25 01:18:22 UTC 2018
auto.tcl: Setting watchdog for 200 seconds at Fri May 25 01:18:22 UTC 2018
3 ms. Memory: 304640K Free: 289382K (95%)
ptolemy.util.test.WatchDog.cancel(): canceling Fri May 25 01:18:22 UTC 2018
------------------ testing $PTII/ptolemy/domains/de/test/auto/PortParameterUpdates.xml
auto.tcl: Setting watchdog for 200 seconds at Fri May 25 01:18:22 UTC 2018
7 ms. Memory: 303104K Free: 287971K (95%)
ptolemy.util.test.WatchDog.cancel(): canceling Fri May 25 01:18:22 UTC 2018
auto.tcl: Setting watchdog for 200 seconds at Fri May 25 01:18:22 UTC 2018
6 ms. Memory: 303104K Free: 284820K (94%)
ptolemy.util.test.WatchDog.cancel(): canceling Fri May 25 01:18:22 UTC 2018
------------------ testing $PTII/ptolemy/domains/de/test/auto/QueueAndServer.xml
auto.tcl: Setting watchdog for 200 seconds at Fri May 25 01:18:22 UTC 2018
23 ms. Memory: 304128K Free: 285807K (94%)
ptolemy.util.test.WatchDog.cancel(): canceling Fri May 25 01:18:22 UTC 2018
auto.tcl: Setting watchdog for 200 seconds at Fri May 25 01:18:22 UTC 2018
14 ms. Memory: 304128K Free: 285807K (94%)
ptolemy.util.test.WatchDog.cancel(): canceling Fri May 25 01:18:22 UTC 2018
------------------ testing $PTII/ptolemy/domains/de/test/auto/Records.xml
auto.tcl: Setting watchdog for 200 seconds at Fri May 25 01:18:22 UTC 2018
6 ms. Memory: 303104K Free: 287830K (95%)
ptolemy.util.test.WatchDog.cancel(): canceling Fri May 25 01:18:22 UTC 2018
auto.tcl: Setting watchdog for 200 seconds at Fri May 25 01:18:22 UTC 2018
3 ms. Memory: 303104K Free: 287830K (95%)
ptolemy.util.test.WatchDog.cancel(): canceling Fri May 25 01:18:22 UTC 2018
------------------ testing $PTII/ptolemy/domains/de/test/auto/ResetTransitionWithStartTime1.xml
auto.tcl: Setting watchdog for 200 seconds at Fri May 25 01:18:22 UTC 2018
17 ms. Memory: 304128K Free: 287978K (95%)
ptolemy.util.test.WatchDog.cancel(): canceling Fri May 25 01:18:22 UTC 2018
auto.tcl: Setting watchdog for 200 seconds at Fri May 25 01:18:22 UTC 2018
9 ms. Memory: 304128K Free: 287978K (95%)
ptolemy.util.test.WatchDog.cancel(): canceling Fri May 25 01:18:22 UTC 2018
------------------ testing $PTII/ptolemy/domains/de/test/auto/ResetTransitionWithStartTime2.xml
auto.tcl: Setting watchdog for 200 seconds at Fri May 25 01:18:22 UTC 2018
11 ms. Memory: 303104K Free: 286990K (95%)
ptolemy.util.test.WatchDog.cancel(): canceling Fri May 25 01:18:22 UTC 2018
auto.tcl: Setting watchdog for 200 seconds at Fri May 25 01:18:22 UTC 2018
7 ms. Memory: 303104K Free: 286990K (95%)
ptolemy.util.test.WatchDog.cancel(): canceling Fri May 25 01:18:22 UTC 2018
------------------ testing $PTII/ptolemy/domains/de/test/auto/ResetTransitionWithStartTime3.xml
auto.tcl: Setting watchdog for 200 seconds at Fri May 25 01:18:22 UTC 2018
11 ms. Memory: 304128K Free: 285734K (94%)
ptolemy.util.test.WatchDog.cancel(): canceling Fri May 25 01:18:22 UTC 2018
auto.tcl: Setting watchdog for 200 seconds at Fri May 25 01:18:22 UTC 2018
11 ms. Memory: 304128K Free: 285734K (94%)
ptolemy.util.test.WatchDog.cancel(): canceling Fri May 25 01:18:22 UTC 2018
------------------ testing $PTII/ptolemy/domains/de/test/auto/ResetTransitionWithStartTime4.xml
auto.tcl: Setting watchdog for 200 seconds at Fri May 25 01:18:22 UTC 2018
5 ms. Memory: 303104K Free: 286971K (95%)
ptolemy.util.test.WatchDog.cancel(): canceling Fri May 25 01:18:22 UTC 2018
auto.tcl: Setting watchdog for 200 seconds at Fri May 25 01:18:22 UTC 2018
4 ms. Memory: 303104K Free: 286971K (95%)
ptolemy.util.test.WatchDog.cancel(): canceling Fri May 25 01:18:22 UTC 2018
------------------ testing $PTII/ptolemy/domains/de/test/auto/ResettableTimer1.xml
auto.tcl: Setting watchdog for 200 seconds at Fri May 25 01:18:22 UTC 2018
4 ms. Memory: 303616K Free: 288350K (95%)
ptolemy.util.test.WatchDog.cancel(): canceling Fri May 25 01:18:22 UTC 2018
auto.tcl: Setting watchdog for 200 seconds at Fri May 25 01:18:22 UTC 2018
4 ms. Memory: 303616K Free: 288350K (95%)
ptolemy.util.test.WatchDog.cancel(): canceling Fri May 25 01:18:22 UTC 2018
------------------ testing $PTII/ptolemy/domains/de/test/auto/ResettableTimer2.xml
auto.tcl: Setting watchdog for 200 seconds at Fri May 25 01:18:22 UTC 2018
4 ms. Memory: 303104K Free: 290175K (96%)
ptolemy.util.test.WatchDog.cancel(): canceling Fri May 25 01:18:22 UTC 2018
auto.tcl: Setting watchdog for 200 seconds at Fri May 25 01:18:22 UTC 2018
3 ms. Memory: 303104K Free: 290175K (96%)
ptolemy.util.test.WatchDog.cancel(): canceling Fri May 25 01:18:22 UTC 2018
------------------ testing $PTII/ptolemy/domains/de/test/auto/ResettableTimer3.xml
auto.tcl: Setting watchdog for 200 seconds at Fri May 25 01:18:22 UTC 2018
2 ms. Memory: 303616K Free: 288423K (95%)
ptolemy.util.test.WatchDog.cancel(): canceling Fri May 25 01:18:22 UTC 2018
auto.tcl: Setting watchdog for 200 seconds at Fri May 25 01:18:22 UTC 2018
2 ms. Memory: 303616K Free: 288423K (95%)
ptolemy.util.test.WatchDog.cancel(): canceling Fri May 25 01:18:22 UTC 2018
------------------ testing $PTII/ptolemy/domains/de/test/auto/ResettableTimer4.xml
auto.tcl: Setting watchdog for 200 seconds at Fri May 25 01:18:23 UTC 2018
1 ms. Memory: 303104K Free: 290170K (96%)
ptolemy.util.test.WatchDog.cancel(): canceling Fri May 25 01:18:23 UTC 2018
auto.tcl: Setting watchdog for 200 seconds at Fri May 25 01:18:23 UTC 2018
1 ms. Memory: 303104K Free: 290170K (96%)
ptolemy.util.test.WatchDog.cancel(): canceling Fri May 25 01:18:23 UTC 2018
------------------ testing $PTII/ptolemy/domains/de/test/auto/ResettableTimer5.xml
auto.tcl: Setting watchdog for 200 seconds at Fri May 25 01:18:23 UTC 2018
4 ms. Memory: 303616K Free: 288426K (95%)
ptolemy.util.test.WatchDog.cancel(): canceling Fri May 25 01:18:23 UTC 2018
auto.tcl: Setting watchdog for 200 seconds at Fri May 25 01:18:23 UTC 2018
2 ms. Memory: 303616K Free: 288426K (95%)
ptolemy.util.test.WatchDog.cancel(): canceling Fri May 25 01:18:23 UTC 2018
------------------ testing $PTII/ptolemy/domains/de/test/auto/ResettableTimer6.xml
auto.tcl: Setting watchdog for 200 seconds at Fri May 25 01:18:23 UTC 2018
2 ms. Memory: 303104K Free: 290088K (96%)
ptolemy.util.test.WatchDog.cancel(): canceling Fri May 25 01:18:23 UTC 2018
auto.tcl: Setting watchdog for 200 seconds at Fri May 25 01:18:23 UTC 2018
2 ms. Memory: 303104K Free: 290088K (96%)
ptolemy.util.test.WatchDog.cancel(): canceling Fri May 25 01:18:23 UTC 2018
------------------ testing $PTII/ptolemy/domains/de/test/auto/ServerZeroDelay.xml
auto.tcl: Setting watchdog for 200 seconds at Fri May 25 01:18:23 UTC 2018
6 ms. Memory: 303616K Free: 290620K (96%)
ptolemy.util.test.WatchDog.cancel(): canceling Fri May 25 01:18:23 UTC 2018
auto.tcl: Setting watchdog for 200 seconds at Fri May 25 01:18:23 UTC 2018
3 ms. Memory: 303616K Free: 290620K (96%)
ptolemy.util.test.WatchDog.cancel(): canceling Fri May 25 01:18:23 UTC 2018
------------------ testing $PTII/ptolemy/domains/de/test/auto/SmartSender.xml
auto.tcl: Setting watchdog for 200 seconds at Fri May 25 01:18:23 UTC 2018
3001 ms. Memory: 303104K Free: 287894K (95%)
ptolemy.util.test.WatchDog.cancel(): canceling Fri May 25 01:18:26 UTC 2018
auto.tcl: Setting watchdog for 200 seconds at Fri May 25 01:18:26 UTC 2018
3001 ms. Memory: 303104K Free: 287894K (95%)
ptolemy.util.test.WatchDog.cancel(): canceling Fri May 25 01:18:29 UTC 2018
------------------ testing $PTII/ptolemy/domains/de/test/auto/ThreadedComposite.xml
auto.tcl: Setting watchdog for 200 seconds at Fri May 25 01:18:29 UTC 2018
440 ms. Memory: 303616K Free: 268786K (89%)
ptolemy.util.test.WatchDog.cancel(): canceling Fri May 25 01:18:29 UTC 2018
auto.tcl: Setting watchdog for 200 seconds at Fri May 25 01:18:29 UTC 2018
277 ms. Memory: 303616K Free: 253649K (84%)
ptolemy.util.test.WatchDog.cancel(): canceling Fri May 25 01:18:30 UTC 2018
------------------ testing $PTII/ptolemy/domains/de/test/auto/Time.xml
auto.tcl: Setting watchdog for 200 seconds at Fri May 25 01:18:30 UTC 2018
1036 ms. Memory: 303104K Free: 236575K (78%)
ptolemy.util.test.WatchDog.cancel(): canceling Fri May 25 01:18:31 UTC 2018
auto.tcl: Setting watchdog for 200 seconds at Fri May 25 01:18:31 UTC 2018
944 ms. Memory: 303104K Free: 186419K (62%)
ptolemy.util.test.WatchDog.cancel(): canceling Fri May 25 01:18:32 UTC 2018
------------------ testing $PTII/ptolemy/domains/de/test/auto/TimeDelayZeroDelay.xml
auto.tcl: Setting watchdog for 200 seconds at Fri May 25 01:18:32 UTC 2018
4 ms. Memory: 303616K Free: 291233K (96%)
ptolemy.util.test.WatchDog.cancel(): canceling Fri May 25 01:18:32 UTC 2018
auto.tcl: Setting watchdog for 200 seconds at Fri May 25 01:18:32 UTC 2018
3 ms. Memory: 303616K Free: 291233K (96%)
ptolemy.util.test.WatchDog.cancel(): canceling Fri May 25 01:18:32 UTC 2018
------------------ testing $PTII/ptolemy/domains/de/test/auto/TimerZeroDelay.xml
auto.tcl: Setting watchdog for 200 seconds at Fri May 25 01:18:32 UTC 2018
5 ms. Memory: 303104K Free: 290786K (96%)
ptolemy.util.test.WatchDog.cancel(): canceling Fri May 25 01:18:32 UTC 2018
auto.tcl: Setting watchdog for 200 seconds at Fri May 25 01:18:32 UTC 2018
3 ms. Memory: 303104K Free: 290786K (96%)
ptolemy.util.test.WatchDog.cancel(): canceling Fri May 25 01:18:32 UTC 2018
------------------ testing $PTII/ptolemy/domains/de/test/auto/TimingParadox.xml
auto.tcl: Setting watchdog for 200 seconds at Fri May 25 01:18:32 UTC 2018
578 ms. Memory: 303616K Free: 227374K (75%)
ptolemy.util.test.WatchDog.cancel(): canceling Fri May 25 01:18:33 UTC 2018
auto.tcl: Setting watchdog for 200 seconds at Fri May 25 01:18:33 UTC 2018
519 ms. Memory: 303616K Free: 194054K (64%)
ptolemy.util.test.WatchDog.cancel(): canceling Fri May 25 01:18:33 UTC 2018
------------------ testing $PTII/ptolemy/domains/de/test/auto/TransferInputs.xml
auto.tcl: Setting watchdog for 200 seconds at Fri May 25 01:18:33 UTC 2018
3 ms. Memory: 303616K Free: 290202K (96%)
ptolemy.util.test.WatchDog.cancel(): canceling Fri May 25 01:18:33 UTC 2018
auto.tcl: Setting watchdog for 200 seconds at Fri May 25 01:18:33 UTC 2018
2 ms. Memory: 303616K Free: 290202K (96%)
ptolemy.util.test.WatchDog.cancel(): canceling Fri May 25 01:18:33 UTC 2018
------------------ testing $PTII/ptolemy/domains/de/test/auto/TransferOutputs2.xml
auto.tcl: Setting watchdog for 200 seconds at Fri May 25 01:18:33 UTC 2018
4 ms. Memory: 303104K Free: 285815K (94%)
ptolemy.util.test.WatchDog.cancel(): canceling Fri May 25 01:18:33 UTC 2018
auto.tcl: Setting watchdog for 200 seconds at Fri May 25 01:18:33 UTC 2018
5 ms. Memory: 303104K Free: 283038K (93%)
ptolemy.util.test.WatchDog.cancel(): canceling Fri May 25 01:18:33 UTC 2018
------------------ testing $PTII/ptolemy/domains/de/test/auto/Trilateration.xml
auto.tcl: Setting watchdog for 200 seconds at Fri May 25 01:18:33 UTC 2018
16676 ms. Memory: 229888K Free: 99914K (43%)
ptolemy.util.test.WatchDog.cancel(): canceling Fri May 25 01:18:52 UTC 2018
auto.tcl: Setting watchdog for 200 seconds at Fri May 25 01:18:52 UTC 2018
13208 ms. Memory: 136192K Free: 116041K (85%)
ptolemy.util.test.WatchDog.cancel(): canceling Fri May 25 01:19:05 UTC 2018
------------------ testing $PTII/ptolemy/domains/de/test/auto/TwoSigmaDelta.xml
auto.tcl: Setting watchdog for 200 seconds at Fri May 25 01:19:05 UTC 2018
3676 ms. Memory: 129024K Free: 102668K (80%)
ptolemy.util.test.WatchDog.cancel(): canceling Fri May 25 01:19:09 UTC 2018
auto.tcl: Setting watchdog for 200 seconds at Fri May 25 01:19:09 UTC 2018
2381 ms. Memory: 123904K Free: 99270K (80%)
ptolemy.util.test.WatchDog.cancel(): canceling Fri May 25 01:19:11 UTC 2018
------------------ testing $PTII/ptolemy/domains/de/test/auto/VariableDelay.xml
auto.tcl: Setting watchdog for 200 seconds at Fri May 25 01:19:11 UTC 2018
2 ms. Memory: 123904K Free: 113872K (92%)
ptolemy.util.test.WatchDog.cancel(): canceling Fri May 25 01:19:11 UTC 2018
auto.tcl: Setting watchdog for 200 seconds at Fri May 25 01:19:11 UTC 2018
3 ms. Memory: 123904K Free: 113054K (91%)
ptolemy.util.test.WatchDog.cancel(): canceling Fri May 25 01:19:11 UTC 2018
------------------ testing $PTII/ptolemy/domains/de/test/auto/VariableDelay2.xml
auto.tcl: Setting watchdog for 200 seconds at Fri May 25 01:19:11 UTC 2018
2 ms. Memory: 123904K Free: 114273K (92%)
ptolemy.util.test.WatchDog.cancel(): canceling Fri May 25 01:19:11 UTC 2018
auto.tcl: Setting watchdog for 200 seconds at Fri May 25 01:19:11 UTC 2018
3 ms. Memory: 123904K Free: 113447K (92%)
ptolemy.util.test.WatchDog.cancel(): canceling Fri May 25 01:19:11 UTC 2018
------------------ testing $PTII/ptolemy/domains/de/test/auto/VariableDelayZeroDelay.xml
auto.tcl: Setting watchdog for 200 seconds at Fri May 25 01:19:11 UTC 2018
3 ms. Memory: 123904K Free: 115090K (93%)
ptolemy.util.test.WatchDog.cancel(): canceling Fri May 25 01:19:11 UTC 2018
auto.tcl: Setting watchdog for 200 seconds at Fri May 25 01:19:11 UTC 2018
3 ms. Memory: 123904K Free: 114264K (92%)
ptolemy.util.test.WatchDog.cancel(): canceling Fri May 25 01:19:11 UTC 2018
------------------ testing $PTII/ptolemy/domains/de/test/auto/VariableDelayZeroDelay2.xml
auto.tcl: Setting watchdog for 200 seconds at Fri May 25 01:19:11 UTC 2018
2 ms. Memory: 123904K Free: 114270K (92%)
ptolemy.util.test.WatchDog.cancel(): canceling Fri May 25 01:19:11 UTC 2018
auto.tcl: Setting watchdog for 200 seconds at Fri May 25 01:19:11 UTC 2018
3 ms. Memory: 123904K Free: 113420K (92%)
ptolemy.util.test.WatchDog.cancel(): canceling Fri May 25 01:19:11 UTC 2018
------------------ testing $PTII/ptolemy/domains/de/test/auto/deInCt.xml
auto.tcl: Setting watchdog for 200 seconds at Fri May 25 01:19:11 UTC 2018
0
1
1
1
0
0
0
0
0
1
1
1
0
0
1
1
1
0
0
0
0
1
1
1
1
0
0
0
0
0
1
1
1
0
0
0
0
24 ms. Memory: 123904K Free: 113407K (92%)
ptolemy.util.test.WatchDog.cancel(): canceling Fri May 25 01:19:11 UTC 2018
auto.tcl: Setting watchdog for 200 seconds at Fri May 25 01:19:11 UTC 2018
0
1
1
0
0
0
0
0
0
0
0
0
1
1
1
0
0
0
0
0
0
11 ms. Memory: 123904K Free: 111755K (90%)
ptolemy.util.test.WatchDog.cancel(): canceling Fri May 25 01:19:11 UTC 2018
------------------ testing $PTII/ptolemy/domains/de/test/auto/deInCt2.xml
auto.tcl: Setting watchdog for 200 seconds at Fri May 25 01:19:12 UTC 2018
0
1
1
1
0
0
1
1
1
0
0
1
1
1
0
0
1
1
1
0
0
1
1
1
0
0
1
1
1
0
0
1
1
1
0
0
1
1
1
0
0
0
15 ms. Memory: 123904K Free: 113431K (92%)
ptolemy.util.test.WatchDog.cancel(): canceling Fri May 25 01:19:12 UTC 2018
auto.tcl: Setting watchdog for 200 seconds at Fri May 25 01:19:12 UTC 2018
0
1
1
1
0
0
1
1
1
0
0
1
1
1
0
0
1
1
1
0
0
1
1
1
0
0
1
1
1
0
0
1
1
1
0
0
1
1
1
0
0
0
14 ms. Memory: 123904K Free: 111771K (90%)
ptolemy.util.test.WatchDog.cancel(): canceling Fri May 25 01:19:12 UTC 2018
------------------ testing $PTII/ptolemy/domains/de/test/auto/dynamicCausalityInterface1.xml
auto.tcl: Setting watchdog for 200 seconds at Fri May 25 01:19:12 UTC 2018
5 ms. Memory: 123904K Free: 108857K (88%)
ptolemy.util.test.WatchDog.cancel(): canceling Fri May 25 01:19:12 UTC 2018
auto.tcl: Setting watchdog for 200 seconds at Fri May 25 01:19:12 UTC 2018
1 ms. Memory: 123904K Free: 108031K (87%)
ptolemy.util.test.WatchDog.cancel(): canceling Fri May 25 01:19:12 UTC 2018
------------------ testing $PTII/ptolemy/domains/de/test/auto/fsm_de_test.xml
auto.tcl: Setting watchdog for 200 seconds at Fri May 25 01:19:12 UTC 2018
10 ms. Memory: 123904K Free: 108246K (87%)
ptolemy.util.test.WatchDog.cancel(): canceling Fri May 25 01:19:12 UTC 2018
auto.tcl: Setting watchdog for 200 seconds at Fri May 25 01:19:12 UTC 2018
10 ms. Memory: 123904K Free: 105759K (85%)
ptolemy.util.test.WatchDog.cancel(): canceling Fri May 25 01:19:12 UTC 2018
------------------ testing $PTII/ptolemy/domains/de/test/auto/functionDependencyReconstruction.xml
auto.tcl: Setting watchdog for 200 seconds at Fri May 25 01:19:12 UTC 2018
3 ms. Memory: 123904K Free: 101658K (82%)
ptolemy.util.test.WatchDog.cancel(): canceling Fri May 25 01:19:12 UTC 2018
auto.tcl: Setting watchdog for 200 seconds at Fri May 25 01:19:12 UTC 2018
4 ms. Memory: 123904K Free: 99990K (81%)
ptolemy.util.test.WatchDog.cancel(): canceling Fri May 25 01:19:12 UTC 2018
------------------ testing $PTII/ptolemy/domains/de/test/auto/multirate.xml
auto.tcl: Setting watchdog for 200 seconds at Fri May 25 01:19:12 UTC 2018
4 ms. Memory: 123904K Free: 111955K (90%)
ptolemy.util.test.WatchDog.cancel(): canceling Fri May 25 01:19:12 UTC 2018
auto.tcl: Setting watchdog for 200 seconds at Fri May 25 01:19:12 UTC 2018
5 ms. Memory: 123904K Free: 110300K (89%)
ptolemy.util.test.WatchDog.cancel(): canceling Fri May 25 01:19:12 UTC 2018
------------------ testing $PTII/ptolemy/domains/de/test/auto/multirate2.xml
auto.tcl: Setting watchdog for 200 seconds at Fri May 25 01:19:12 UTC 2018
4 ms. Memory: 123904K Free: 112096K (90%)
ptolemy.util.test.WatchDog.cancel(): canceling Fri May 25 01:19:12 UTC 2018
auto.tcl: Setting watchdog for 200 seconds at Fri May 25 01:19:12 UTC 2018
9 ms. Memory: 123904K Free: 110427K (89%)
ptolemy.util.test.WatchDog.cancel(): canceling Fri May 25 01:19:12 UTC 2018
------------------ testing $PTII/ptolemy/domains/de/test/auto/realtime.xml
auto.tcl: Setting watchdog for 200 seconds at Fri May 25 01:19:12 UTC 2018
10003 ms. Memory: 123904K Free: 114209K (92%)
ptolemy.util.test.WatchDog.cancel(): canceling Fri May 25 01:19:22 UTC 2018
auto.tcl: Setting watchdog for 200 seconds at Fri May 25 01:19:22 UTC 2018
10002 ms. Memory: 123904K Free: 113391K (92%)
ptolemy.util.test.WatchDog.cancel(): canceling Fri May 25 01:19:32 UTC 2018
------------------ testing $PTII/ptolemy/domains/de/test/auto/relationGroup.xml
auto.tcl: Setting watchdog for 200 seconds at Fri May 25 01:19:32 UTC 2018
2 ms. Memory: 123904K Free: 115071K (93%)
ptolemy.util.test.WatchDog.cancel(): canceling Fri May 25 01:19:32 UTC 2018
auto.tcl: Setting watchdog for 200 seconds at Fri May 25 01:19:32 UTC 2018
1 ms. Memory: 123904K Free: 114237K (92%)
ptolemy.util.test.WatchDog.cancel(): canceling Fri May 25 01:19:32 UTC 2018
------------------ testing $PTII/ptolemy/domains/de/test/auto/relationGroup2.xml
auto.tcl: Setting watchdog for 200 seconds at Fri May 25 01:19:32 UTC 2018
4 ms. Memory: 123904K Free: 115098K (93%)
ptolemy.util.test.WatchDog.cancel(): canceling Fri May 25 01:19:32 UTC 2018
auto.tcl: Setting watchdog for 200 seconds at Fri May 25 01:19:32 UTC 2018
1 ms. Memory: 123904K Free: 114280K (92%)
ptolemy.util.test.WatchDog.cancel(): canceling Fri May 25 01:19:32 UTC 2018
------------------ testing $PTII/ptolemy/domains/de/test/auto/sortWithOpaquePorts.xml
auto.tcl: Setting watchdog for 200 seconds at Fri May 25 01:19:32 UTC 2018
1 ms. Memory: 123904K Free: 113391K (92%)
ptolemy.util.test.WatchDog.cancel(): canceling Fri May 25 01:19:32 UTC 2018
auto.tcl: Setting watchdog for 200 seconds at Fri May 25 01:19:32 UTC 2018
1 ms. Memory: 123904K Free: 112573K (91%)
ptolemy.util.test.WatchDog.cancel(): canceling Fri May 25 01:19:32 UTC 2018
------------------ testing $PTII/ptolemy/domains/de/test/auto/transferInputsandOutputs.xml
auto.tcl: Setting watchdog for 200 seconds at Fri May 25 01:19:32 UTC 2018
1 ms. Memory: 123904K Free: 110892K (89%)
ptolemy.util.test.WatchDog.cancel(): canceling Fri May 25 01:19:32 UTC 2018
auto.tcl: Setting watchdog for 200 seconds at Fri May 25 01:19:32 UTC 2018
2 ms. Memory: 123904K Free: 110034K (89%)
ptolemy.util.test.WatchDog.cancel(): canceling Fri May 25 01:19:32 UTC 2018
------------------ testing $PTII/ptolemy/domains/de/test/auto/triggerType.xml
auto.tcl: Setting watchdog for 200 seconds at Fri May 25 01:19:32 UTC 2018
1 ms. Memory: 123904K Free: 113352K (91%)
ptolemy.util.test.WatchDog.cancel(): canceling Fri May 25 01:19:32 UTC 2018
auto.tcl: Setting watchdog for 200 seconds at Fri May 25 01:19:32 UTC 2018
2 ms. Memory: 123904K Free: 112518K (91%)
ptolemy.util.test.WatchDog.cancel(): canceling Fri May 25 01:19:32 UTC 2018
05/25/18 01:19:32
Failed: 0  Total Tests: 192  ((Passed: 187, Newly Passed: 1)  Known Failed: 5) /home/travis/build/icyphy/ptII/ptolemy/domains/de/test
05/25/18 01:19:32
Failed: 0  Total Tests: 192  ((Passed: 187, Newly Passed: 1)  Known Failed: 5) /home/travis/build/icyphy/ptII/ptolemy/domains/de/test
----------------- testing (KnownFailure) /home/travis/build/icyphy/ptII/ptolemy/domains/de/test/auto/knownFailedTests/DESDFClockTest.xml
2010 ms. Memory: 123904K Free: 106413K (86%)
Known Failure: java.lang.reflect.InvocationTargetException
----------------- testing (KnownFailure) /home/travis/build/icyphy/ptII/ptolemy/domains/de/test/auto/knownFailedTests/DirectFeedback.xml
1 ms. Memory: 123904K Free: 101263K (82%)
Known Failure: java.lang.reflect.InvocationTargetException
----------------- testing (KnownFailure) /home/travis/build/icyphy/ptII/ptolemy/domains/de/test/auto/knownFailedTests/FSMSource.xml
5 ms. Memory: 123904K Free: 91007K (73%)
----------------- testing (KnownFailure) /home/travis/build/icyphy/ptII/ptolemy/domains/de/test/auto/knownFailedTests/HierarchicalModel.xml
2 ms. Memory: 122880K Free: 113724K (93%)
Known Failure: java.lang.reflect.InvocationTargetException
----------------- testing (KnownFailure) /home/travis/build/icyphy/ptII/ptolemy/domains/de/test/auto/knownFailedTests/dependencyLoop.xml
2 ms. Memory: 122880K Free: 94764K (77%)
Known Failure: java.lang.reflect.InvocationTargetException
----------------- testing (KnownFailure) /home/travis/build/icyphy/ptII/ptolemy/domains/de/test/auto/knownFailedTests/dependencyLoop2.xml
3 ms. Memory: 122880K Free: 76942K (63%)
Known Failure: java.lang.reflect.InvocationTargetException
No auto/*.xml tests in /home/travis/build/icyphy/ptII/ptolemy/domains/de/test
AutoTests.java: About to close Vertx.
AutoTests.java: Vertx closed.
----------------- testing Fri May 25 01:19:35 UTC 2018 /home/travis/build/icyphy/ptII/ptolemy/domains/de/test/auto/ActorDepthCalculation_actorWithoutPorts.xml
----------------- Instantiating /home/travis/build/icyphy/ptII/ptolemy/domains/de/test/auto/ActorDepthCalculation_actorWithoutPorts.xml
1 ms. Memory: 121856K Free: 109060K (89%)
----------------- Invoking toplevel() on ptolemy.moml.MoMLSimpleApplication@769942c5
----------------- Done invoking toplevel() on ptolemy.moml.MoMLSimpleApplication@769942c5
reloadAllAccessors: .ActorDepthCalculation_actorWithoutPorts
----------------- testing Fri May 25 01:19:35 UTC 2018 /home/travis/build/icyphy/ptII/ptolemy/domains/de/test/auto/AssemblyLine.xml
----------------- Instantiating /home/travis/build/icyphy/ptII/ptolemy/domains/de/test/auto/AssemblyLine.xml
2 ms. Memory: 121856K Free: 100832K (83%)
----------------- Invoking toplevel() on ptolemy.moml.MoMLSimpleApplication@5c7cc40c
----------------- Done invoking toplevel() on ptolemy.moml.MoMLSimpleApplication@5c7cc40c
reloadAllAccessors: .AssemblyLine
----------------- testing Fri May 25 01:19:35 UTC 2018 /home/travis/build/icyphy/ptII/ptolemy/domains/de/test/auto/CQBug1.xml
----------------- Instantiating /home/travis/build/icyphy/ptII/ptolemy/domains/de/test/auto/CQBug1.xml
1 ms. Memory: 121856K Free: 97507K (80%)
----------------- Invoking toplevel() on ptolemy.moml.MoMLSimpleApplication@6556e2a6
----------------- Done invoking toplevel() on ptolemy.moml.MoMLSimpleApplication@6556e2a6
reloadAllAccessors: .CQBug1
----------------- testing Fri May 25 01:19:35 UTC 2018 /home/travis/build/icyphy/ptII/ptolemy/domains/de/test/auto/CancelFireAt.xml
----------------- Instantiating /home/travis/build/icyphy/ptII/ptolemy/domains/de/test/auto/CancelFireAt.xml
0 ms. Memory: 121856K Free: 94366K (77%)
----------------- Invoking toplevel() on ptolemy.moml.MoMLSimpleApplication@1078f127
----------------- Done invoking toplevel() on ptolemy.moml.MoMLSimpleApplication@1078f127
reloadAllAccessors: .CancelFireAt
----------------- testing Fri May 25 01:19:35 UTC 2018 /home/travis/build/icyphy/ptII/ptolemy/domains/de/test/auto/CausalityAndComposabilityAnalysis.xml
----------------- Instantiating /home/travis/build/icyphy/ptII/ptolemy/domains/de/test/auto/CausalityAndComposabilityAnalysis.xml
2 ms. Memory: 121856K Free: 89074K (73%)
----------------- Invoking toplevel() on ptolemy.moml.MoMLSimpleApplication@65928e29
----------------- Done invoking toplevel() on ptolemy.moml.MoMLSimpleApplication@65928e29
reloadAllAccessors: .CausalityAndComposabilityAnalysis
----------------- testing Fri May 25 01:19:35 UTC 2018 /home/travis/build/icyphy/ptII/ptolemy/domains/de/test/auto/CausalityInterface1.xml
----------------- Instantiating /home/travis/build/icyphy/ptII/ptolemy/domains/de/test/auto/CausalityInterface1.xml
3 ms. Memory: 121856K Free: 83330K (68%)
----------------- Invoking toplevel() on ptolemy.moml.MoMLSimpleApplication@1e985136
----------------- Done invoking toplevel() on ptolemy.moml.MoMLSimpleApplication@1e985136
reloadAllAccessors: .CausalityInterface1
----------------- testing Fri May 25 01:19:35 UTC 2018 /home/travis/build/icyphy/ptII/ptolemy/domains/de/test/auto/CausalityInterface15.xml
----------------- Instantiating /home/travis/build/icyphy/ptII/ptolemy/domains/de/test/auto/CausalityInterface15.xml
1 ms. Memory: 121856K Free: 76243K (63%)
----------------- Invoking toplevel() on ptolemy.moml.MoMLSimpleApplication@6fa3f872
----------------- Done invoking toplevel() on ptolemy.moml.MoMLSimpleApplication@6fa3f872
reloadAllAccessors: .CausalityInterface15
----------------- testing Fri May 25 01:19:35 UTC 2018 /home/travis/build/icyphy/ptII/ptolemy/domains/de/test/auto/CausalityInterface2.xml
----------------- Instantiating /home/travis/build/icyphy/ptII/ptolemy/domains/de/test/auto/CausalityInterface2.xml
1 ms. Memory: 120832K Free: 110136K (91%)
----------------- Invoking toplevel() on ptolemy.moml.MoMLSimpleApplication@6a41d29b
----------------- Done invoking toplevel() on ptolemy.moml.MoMLSimpleApplication@6a41d29b
reloadAllAccessors: .CausalityInterface2
----------------- testing Fri May 25 01:19:35 UTC 2018 /home/travis/build/icyphy/ptII/ptolemy/domains/de/test/auto/CausalityInterface3.xml
[...]
java.lang.RuntimeException: Execution failed
	at ptolemy.moml.MoMLSimpleApplication$UnloadThread.run(MoMLSimpleApplication.java:402)
Caused by: ptolemy.kernel.util.IllegalActionException: Test fails in iteration 1.
Value was: 1.0. Should have been: 2.0
  in .DirectFeedback.Test
	at ptolemy.actor.lib.Test.fire(Test.java:268)
	at ptolemy.domains.de.kernel.DEDirector._fire(DEDirector.java:1948)
	at ptolemy.domains.de.kernel.DEDirector.fire(DEDirector.java:502)
	at ptolemy.actor.CompositeActor.fire(CompositeActor.java:455)
	at ptolemy.actor.Manager.iterate(Manager.java:851)
	at ptolemy.actor.Manager.execute(Manager.java:369)
	at ptolemy.actor.Manager.run(Manager.java:1263)
	at ptolemy.actor.Manager$PtolemyRunThread.run(Manager.java:1915)
java.lang.RuntimeException: Execution failed
	at ptolemy.moml.MoMLSimpleApplication$UnloadThread.run(MoMLSimpleApplication.java:402)
Caused by: ptolemy.kernel.util.IllegalActionException: Actor is not ready to fire.  Perhaps UpSample.prefire() returned false? Try debugging the actor by selecting "Listen to Actor".  Also, for SDF check moml for tokenConsumptionRate on input.
  in .DESDFClockTest.Play Bell.Copy1:SDF Director and .DESDFClockTest.Play Bell.UpSample
	at ptolemy.actor.sched.StaticSchedulingDirector.fire(StaticSchedulingDirector.java:227)
	at ptolemy.domains.sdf.kernel.SDFDirector.fire(SDFDirector.java:500)
	at ptolemy.actor.CompositeActor.fire(CompositeActor.java:455)
	at ptolemy.domains.de.kernel.DEDirector._fire(DEDirector.java:1948)
	at ptolemy.domains.de.kernel.DEDirector.fire(DEDirector.java:502)
	at ptolemy.actor.CompositeActor.fire(CompositeActor.java:455)
	at ptolemy.actor.Manager.iterate(Manager.java:851)
	at ptolemy.actor.Manager.execute(Manager.java:369)
	at ptolemy.actor.Manager.run(Manager.java:1263)
	at ptolemy.actor.Manager$PtolemyRunThread.run(Manager.java:1915)
java.lang.reflect.InvocationTargetException
	at sun.reflect.NativeConstructorAccessorImpl.newInstance0(Native Method)
	at sun.reflect.NativeConstructorAccessorImpl.newInstance(NativeConstructorAccessorImpl.java:62)
	at sun.reflect.DelegatingConstructorAccessorImpl.newInstance(DelegatingConstructorAccessorImpl.java:45)
	at java.lang.reflect.Constructor.newInstance(Constructor.java:423)
	at ptolemy.util.test.junit.AutoKnownFailedTests.RunModel(AutoKnownFailedTests.java:107)
	at sun.reflect.NativeMethodAccessorImpl.invoke0(Native Method)
	at sun.reflect.NativeMethodAccessorImpl.invoke(NativeMethodAccessorImpl.java:62)
	at sun.reflect.DelegatingMethodAccessorImpl.invoke(DelegatingMethodAccessorImpl.java:43)
	at java.lang.reflect.Method.invoke(Method.java:498)
	at org.junit.runners.model.FrameworkMethod$1.runReflectiveCall(FrameworkMethod.java:44)
	at org.junit.internal.runners.model.ReflectiveCallable.run(ReflectiveCallable.java:15)
	at org.junit.runners.model.FrameworkMethod.invokeExplosively(FrameworkMethod.java:41)
	at junitparams.internal.InvokeParameterisedMethod.evaluate(InvokeParameterisedMethod.java:102)
	at org.junit.internal.runners.statements.FailOnTimeout$1.run(FailOnTimeout.java:28)
Caused by: ptolemy.kernel.util.IllegalActionException: Actor is not ready to fire.  Perhaps UpSample.prefire() returned false? Try debugging the actor by selecting "Listen to Actor".  Also, for SDF check moml for tokenConsumptionRate on input.
  in .DESDFClockTest.Play Bell.Copy1:SDF Director and .DESDFClockTest.Play Bell.UpSample
	at ptolemy.actor.sched.StaticSchedulingDirector.fire(StaticSchedulingDirector.java:227)
	at ptolemy.domains.sdf.kernel.SDFDirector.fire(SDFDirector.java:500)
	at ptolemy.actor.CompositeActor.fire(CompositeActor.java:455)
	at ptolemy.domains.de.kernel.DEDirector._fire(DEDirector.java:1948)
	at ptolemy.domains.de.kernel.DEDirector.fire(DEDirector.java:502)
	at ptolemy.actor.CompositeActor.fire(CompositeActor.java:455)
	at ptolemy.actor.Manager.iterate(Manager.java:851)
	at ptolemy.actor.Manager.execute(Manager.java:369)
	at ptolemy.actor.Manager.run(Manager.java:1263)
	at ptolemy.actor.Manager$PtolemyRunThread.run(Manager.java:1915)
java.lang.RuntimeException: Execution failed
	at ptolemy.moml.MoMLSimpleApplication$UnloadThread.run(MoMLSimpleApplication.java:402)
Caused by: ptolemy.kernel.util.IllegalActionException: Test fails in iteration 1.
Value was: 1.0. Should have been: 2.0
  in .DirectFeedback.Test
	at ptolemy.actor.lib.Test.fire(Test.java:268)
	at ptolemy.domains.de.kernel.DEDirector._fire(DEDirector.java:1948)
	at ptolemy.domains.de.kernel.DEDirector.fire(DEDirector.java:502)
	at ptolemy.actor.CompositeActor.fire(CompositeActor.java:455)
	at ptolemy.actor.Manager.iterate(Manager.java:851)
	at ptolemy.actor.Manager.execute(Manager.java:369)
	at ptolemy.actor.Manager.run(Manager.java:1263)
	at ptolemy.actor.Manager$PtolemyRunThread.run(Manager.java:1915)
java.lang.reflect.InvocationTargetException
	at sun.reflect.NativeConstructorAccessorImpl.newInstance0(Native Method)
	at sun.reflect.NativeConstructorAccessorImpl.newInstance(NativeConstructorAccessorImpl.java:62)
	at sun.reflect.DelegatingConstructorAccessorImpl.newInstance(DelegatingConstructorAccessorImpl.java:45)
	at java.lang.reflect.Constructor.newInstance(Constructor.java:423)
	at ptolemy.util.test.junit.AutoKnownFailedTests.RunModel(AutoKnownFailedTests.java:107)
	at sun.reflect.NativeMethodAccessorImpl.invoke0(Native Method)
	at sun.reflect.NativeMethodAccessorImpl.invoke(NativeMethodAccessorImpl.java:62)
	at sun.reflect.DelegatingMethodAccessorImpl.invoke(DelegatingMethodAccessorImpl.java:43)
	at java.lang.reflect.Method.invoke(Method.java:498)
	at org.junit.runners.model.FrameworkMethod$1.runReflectiveCall(FrameworkMethod.java:44)
	at org.junit.internal.runners.model.ReflectiveCallable.run(ReflectiveCallable.java:15)
	at org.junit.runners.model.FrameworkMethod.invokeExplosively(FrameworkMethod.java:41)
	at junitparams.internal.InvokeParameterisedMethod.evaluate(InvokeParameterisedMethod.java:102)
	at org.junit.internal.runners.statements.FailOnTimeout$1.run(FailOnTimeout.java:28)
Caused by: ptolemy.kernel.util.IllegalActionException: Test fails in iteration 1.
Value was: 1.0. Should have been: 2.0
  in .DirectFeedback.Test
	at ptolemy.actor.lib.Test.fire(Test.java:268)
	at ptolemy.domains.de.kernel.DEDirector._fire(DEDirector.java:1948)
	at ptolemy.domains.de.kernel.DEDirector.fire(DEDirector.java:502)
	at ptolemy.actor.CompositeActor.fire(CompositeActor.java:455)
	at ptolemy.actor.Manager.iterate(Manager.java:851)
	at ptolemy.actor.Manager.execute(Manager.java:369)
	at ptolemy.actor.Manager.run(Manager.java:1263)
	at ptolemy.actor.Manager$PtolemyRunThread.run(Manager.java:1915)
java.lang.RuntimeException: Execution failed
	at ptolemy.moml.MoMLSimpleApplication$UnloadThread.run(MoMLSimpleApplication.java:402)
Caused by: ptolemy.kernel.util.IllegalActionException: Found a zero delay loop containing .HierarchicalModel.A
  in .HierarchicalModel and .HierarchicalModel.A
	at ptolemy.actor.util.CausalityInterfaceForComposites._computeOutputPortDepth(CausalityInterfaceForComposites.java:759)
	at ptolemy.actor.util.CausalityInterfaceForComposites._computeInputDepth(CausalityInterfaceForComposites.java:696)
	at ptolemy.actor.util.CausalityInterfaceForComposites._computeOutputPortDepth(CausalityInterfaceForComposites.java:765)
	at ptolemy.actor.util.CausalityInterfaceForComposites._computeInputDepth(CausalityInterfaceForComposites.java:696)
	at ptolemy.actor.util.CausalityInterfaceForComposites._computeOutputPortDepth(CausalityInterfaceForComposites.java:765)
	at ptolemy.actor.util.CausalityInterfaceForComposites._computeInputDepth(CausalityInterfaceForComposites.java:696)
	at ptolemy.actor.util.CausalityInterfaceForComposites._computeActorDepth(CausalityInterfaceForComposites.java:532)
	at ptolemy.actor.util.CausalityInterfaceForComposites.checkForCycles(CausalityInterfaceForComposites.java:96)
	at ptolemy.domains.de.kernel.DEDirector.preinitialize(DEDirector.java:1337)
	at ptolemy.actor.CompositeActor.preinitialize(CompositeActor.java:1828)
	at ptolemy.actor.Manager.preinitializeAndResolveTypes(Manager.java:1040)
	at ptolemy.actor.Manager.initialize(Manager.java:710)
	at ptolemy.actor.Manager.execute(Manager.java:356)
	at ptolemy.actor.Manager.run(Manager.java:1263)
	at ptolemy.actor.Manager$PtolemyRunThread.run(Manager.java:1915)
java.lang.reflect.InvocationTargetException
	at sun.reflect.NativeConstructorAccessorImpl.newInstance0(Native Method)
	at sun.reflect.NativeConstructorAccessorImpl.newInstance(NativeConstructorAccessorImpl.java:62)
	at sun.reflect.DelegatingConstructorAccessorImpl.newInstance(DelegatingConstructorAccessorImpl.java:45)
	at java.lang.reflect.Constructor.newInstance(Constructor.java:423)
	at ptolemy.util.test.junit.AutoKnownFailedTests.RunModel(AutoKnownFailedTests.java:107)
	at sun.reflect.NativeMethodAccessorImpl.invoke0(Native Method)
	at sun.reflect.NativeMethodAccessorImpl.invoke(NativeMethodAccessorImpl.java:62)
	at sun.reflect.DelegatingMethodAccessorImpl.invoke(DelegatingMethodAccessorImpl.java:43)
	at java.lang.reflect.Method.invoke(Method.java:498)
	at org.junit.runners.model.FrameworkMethod$1.runReflectiveCall(FrameworkMethod.java:44)
	at org.junit.internal.runners.model.ReflectiveCallable.run(ReflectiveCallable.java:15)
	at org.junit.runners.model.FrameworkMethod.invokeExplosively(FrameworkMethod.java:41)
	at junitparams.internal.InvokeParameterisedMethod.evaluate(InvokeParameterisedMethod.java:102)
	at org.junit.internal.runners.statements.FailOnTimeout$1.run(FailOnTimeout.java:28)
Caused by: ptolemy.kernel.util.IllegalActionException: Found a zero delay loop containing .HierarchicalModel.A
  in .HierarchicalModel and .HierarchicalModel.A
	at ptolemy.actor.util.CausalityInterfaceForComposites._computeOutputPortDepth(CausalityInterfaceForComposites.java:759)
	at ptolemy.actor.util.CausalityInterfaceForComposites._computeInputDepth(CausalityInterfaceForComposites.java:696)
	at ptolemy.actor.util.CausalityInterfaceForComposites._computeOutputPortDepth(CausalityInterfaceForComposites.java:765)
	at ptolemy.actor.util.CausalityInterfaceForComposites._computeInputDepth(CausalityInterfaceForComposites.java:696)
	at ptolemy.actor.util.CausalityInterfaceForComposites._computeOutputPortDepth(CausalityInterfaceForComposites.java:765)
	at ptolemy.actor.util.CausalityInterfaceForComposites._computeInputDepth(CausalityInterfaceForComposites.java:696)
	at ptolemy.actor.util.CausalityInterfaceForComposites._computeActorDepth(CausalityInterfaceForComposites.java:532)
	at ptolemy.actor.util.CausalityInterfaceForComposites.checkForCycles(CausalityInterfaceForComposites.java:96)
	at ptolemy.domains.de.kernel.DEDirector.preinitialize(DEDirector.java:1337)
	at ptolemy.actor.CompositeActor.preinitialize(CompositeActor.java:1828)
	at ptolemy.actor.Manager.preinitializeAndResolveTypes(Manager.java:1040)
	at ptolemy.actor.Manager.initialize(Manager.java:710)
	at ptolemy.actor.Manager.execute(Manager.java:356)
	at ptolemy.actor.Manager.run(Manager.java:1263)
	at ptolemy.actor.Manager$PtolemyRunThread.run(Manager.java:1915)
java.lang.RuntimeException: Execution failed
	at ptolemy.moml.MoMLSimpleApplication$UnloadThread.run(MoMLSimpleApplication.java:402)
Caused by: ptolemy.kernel.util.IllegalActionException: Found a zero delay loop containing .dependencyLoop.original
  in .dependencyLoop and .dependencyLoop.original
	at ptolemy.actor.util.CausalityInterfaceForComposites._computeOutputPortDepth(CausalityInterfaceForComposites.java:759)
	at ptolemy.actor.util.CausalityInterfaceForComposites._computeInputDepth(CausalityInterfaceForComposites.java:696)
	at ptolemy.actor.util.CausalityInterfaceForComposites._computeOutputPortDepth(CausalityInterfaceForComposites.java:765)
	at ptolemy.actor.util.CausalityInterfaceForComposites._computeInputDepth(CausalityInterfaceForComposites.java:696)
	at ptolemy.actor.util.CausalityInterfaceForComposites._computeOutputPortDepth(CausalityInterfaceForComposites.java:765)
	at ptolemy.actor.util.CausalityInterfaceForComposites._computeInputDepth(CausalityInterfaceForComposites.java:696)
	at ptolemy.actor.util.CausalityInterfaceForComposites._computeActorDepth(CausalityInterfaceForComposites.java:532)
	at ptolemy.actor.util.CausalityInterfaceForComposites.checkForCycles(CausalityInterfaceForComposites.java:96)
	at ptolemy.domains.de.kernel.DEDirector.preinitialize(DEDirector.java:1337)
	at ptolemy.actor.CompositeActor.preinitialize(CompositeActor.java:1828)
	at ptolemy.actor.Manager.preinitializeAndResolveTypes(Manager.java:1040)
	at ptolemy.actor.Manager.initialize(Manager.java:710)
	at ptolemy.actor.Manager.execute(Manager.java:356)
	at ptolemy.actor.Manager.run(Manager.java:1263)
	at ptolemy.actor.Manager$PtolemyRunThread.run(Manager.java:1915)
java.lang.reflect.InvocationTargetException
	at sun.reflect.NativeConstructorAccessorImpl.newInstance0(Native Method)
	at sun.reflect.NativeConstructorAccessorImpl.newInstance(NativeConstructorAccessorImpl.java:62)
	at sun.reflect.DelegatingConstructorAccessorImpl.newInstance(DelegatingConstructorAccessorImpl.java:45)
	at java.lang.reflect.Constructor.newInstance(Constructor.java:423)
	at ptolemy.util.test.junit.AutoKnownFailedTests.RunModel(AutoKnownFailedTests.java:107)
	at sun.reflect.NativeMethodAccessorImpl.invoke0(Native Method)
	at sun.reflect.NativeMethodAccessorImpl.invoke(NativeMethodAccessorImpl.java:62)
	at sun.reflect.DelegatingMethodAccessorImpl.invoke(DelegatingMethodAccessorImpl.java:43)
	at java.lang.reflect.Method.invoke(Method.java:498)
	at org.junit.runners.model.FrameworkMethod$1.runReflectiveCall(FrameworkMethod.java:44)
	at org.junit.internal.runners.model.ReflectiveCallable.run(ReflectiveCallable.java:15)
	at org.junit.runners.model.FrameworkMethod.invokeExplosively(FrameworkMethod.java:41)
	at junitparams.internal.InvokeParameterisedMethod.evaluate(InvokeParameterisedMethod.java:102)
	at org.junit.internal.runners.statements.FailOnTimeout$1.run(FailOnTimeout.java:28)
Caused by: ptolemy.kernel.util.IllegalActionException: Found a zero delay loop containing .dependencyLoop.original
  in .dependencyLoop and .dependencyLoop.original
	at ptolemy.actor.util.CausalityInterfaceForComposites._computeOutputPortDepth(CausalityInterfaceForComposites.java:759)
	at ptolemy.actor.util.CausalityInterfaceForComposites._computeInputDepth(CausalityInterfaceForComposites.java:696)
	at ptolemy.actor.util.CausalityInterfaceForComposites._computeOutputPortDepth(CausalityInterfaceForComposites.java:765)
	at ptolemy.actor.util.CausalityInterfaceForComposites._computeInputDepth(CausalityInterfaceForComposites.java:696)
	at ptolemy.actor.util.CausalityInterfaceForComposites._computeOutputPortDepth(CausalityInterfaceForComposites.java:765)
	at ptolemy.actor.util.CausalityInterfaceForComposites._computeInputDepth(CausalityInterfaceForComposites.java:696)
	at ptolemy.actor.util.CausalityInterfaceForComposites._computeActorDepth(CausalityInterfaceForComposites.java:532)
	at ptolemy.actor.util.CausalityInterfaceForComposites.checkForCycles(CausalityInterfaceForComposites.java:96)
	at ptolemy.domains.de.kernel.DEDirector.preinitialize(DEDirector.java:1337)
	at ptolemy.actor.CompositeActor.preinitialize(CompositeActor.java:1828)
	at ptolemy.actor.Manager.preinitializeAndResolveTypes(Manager.java:1040)
	at ptolemy.actor.Manager.initialize(Manager.java:710)
	at ptolemy.actor.Manager.execute(Manager.java:356)
	at ptolemy.actor.Manager.run(Manager.java:1263)
	at ptolemy.actor.Manager$PtolemyRunThread.run(Manager.java:1915)
java.lang.RuntimeException: Execution failed
	at ptolemy.moml.MoMLSimpleApplication$UnloadThread.run(MoMLSimpleApplication.java:402)
Caused by: ptolemy.kernel.util.IllegalActionException: Found a zero delay loop containing .dependencyLoop2.original
  in .dependencyLoop2 and .dependencyLoop2.original
	at ptolemy.actor.util.CausalityInterfaceForComposites._computeOutputPortDepth(CausalityInterfaceForComposites.java:759)
	at ptolemy.actor.util.CausalityInterfaceForComposites._computeInputDepth(CausalityInterfaceForComposites.java:696)
	at ptolemy.actor.util.CausalityInterfaceForComposites._computeOutputPortDepth(CausalityInterfaceForComposites.java:765)
	at ptolemy.actor.util.CausalityInterfaceForComposites._computeInputDepth(CausalityInterfaceForComposites.java:696)
	at ptolemy.actor.util.CausalityInterfaceForComposites._computeOutputPortDepth(CausalityInterfaceForComposites.java:765)
	at ptolemy.actor.util.CausalityInterfaceForComposites._computeInputDepth(CausalityInterfaceForComposites.java:696)
	at ptolemy.actor.util.CausalityInterfaceForComposites._computeActorDepth(CausalityInterfaceForComposites.java:532)
	at ptolemy.actor.util.CausalityInterfaceForComposites.checkForCycles(CausalityInterfaceForComposites.java:96)
	at ptolemy.domains.de.kernel.DEDirector.preinitialize(DEDirector.java:1337)
	at ptolemy.actor.CompositeActor.preinitialize(CompositeActor.java:1828)
	at ptolemy.actor.Manager.preinitializeAndResolveTypes(Manager.java:1040)
	at ptolemy.actor.Manager.initialize(Manager.java:710)
	at ptolemy.actor.Manager.execute(Manager.java:356)
	at ptolemy.actor.Manager.run(Manager.java:1263)
	at ptolemy.actor.Manager$PtolemyRunThread.run(Manager.java:1915)
java.lang.reflect.InvocationTargetException
	at sun.reflect.NativeConstructorAccessorImpl.newInstance0(Native Method)
	at sun.reflect.NativeConstructorAccessorImpl.newInstance(NativeConstructorAccessorImpl.java:62)
	at sun.reflect.DelegatingConstructorAccessorImpl.newInstance(DelegatingConstructorAccessorImpl.java:45)
	at java.lang.reflect.Constructor.newInstance(Constructor.java:423)
	at ptolemy.util.test.junit.AutoKnownFailedTests.RunModel(AutoKnownFailedTests.java:107)
	at sun.reflect.NativeMethodAccessorImpl.invoke0(Native Method)
	at sun.reflect.NativeMethodAccessorImpl.invoke(NativeMethodAccessorImpl.java:62)
	at sun.reflect.DelegatingMethodAccessorImpl.invoke(DelegatingMethodAccessorImpl.java:43)
	at java.lang.reflect.Method.invoke(Method.java:498)
	at org.junit.runners.model.FrameworkMethod$1.runReflectiveCall(FrameworkMethod.java:44)
	at org.junit.internal.runners.model.ReflectiveCallable.run(ReflectiveCallable.java:15)
	at org.junit.runners.model.FrameworkMethod.invokeExplosively(FrameworkMethod.java:41)
	at junitparams.internal.InvokeParameterisedMethod.evaluate(InvokeParameterisedMethod.java:102)
	at org.junit.internal.runners.statements.FailOnTimeout$1.run(FailOnTimeout.java:28)
Caused by: ptolemy.kernel.util.IllegalActionException: Found a zero delay loop containing .dependencyLoop2.original
  in .dependencyLoop2 and .dependencyLoop2.original
	at ptolemy.actor.util.CausalityInterfaceForComposites._computeOutputPortDepth(CausalityInterfaceForComposites.java:759)
	at ptolemy.actor.util.CausalityInterfaceForComposites._computeInputDepth(CausalityInterfaceForComposites.java:696)
	at ptolemy.actor.util.CausalityInterfaceForComposites._computeOutputPortDepth(CausalityInterfaceForComposites.java:765)
	at ptolemy.actor.util.CausalityInterfaceForComposites._computeInputDepth(CausalityInterfaceForComposites.java:696)
	at ptolemy.actor.util.CausalityInterfaceForComposites._computeOutputPortDepth(CausalityInterfaceForComposites.java:765)
	at ptolemy.actor.util.CausalityInterfaceForComposites._computeInputDepth(CausalityInterfaceForComposites.java:696)
	at ptolemy.actor.util.CausalityInterfaceForComposites._computeActorDepth(CausalityInterfaceForComposites.java:532)
	at ptolemy.actor.util.CausalityInterfaceForComposites.checkForCycles(CausalityInterfaceForComposites.java:96)
	at ptolemy.domains.de.kernel.DEDirector.preinitialize(DEDirector.java:1337)
	at ptolemy.actor.CompositeActor.preinitialize(CompositeActor.java:1828)
	at ptolemy.actor.Manager.preinitializeAndResolveTypes(Manager.java:1040)
	at ptolemy.actor.Manager.initialize(Manager.java:710)
	at ptolemy.actor.Manager.execute(Manager.java:356)
	at ptolemy.actor.Manager.run(Manager.java:1263)
	at ptolemy.actor.Manager$PtolemyRunThread.run(Manager.java:1915)
]]></system-err>
</testsuite>
