<?xml version="1.0" encoding="UTF-8" ?>
<testsuite errors="0" failures="0" hostname="travis-job-dc6b996a-84f5-496f-ae70-b1982fe3e866" name="ptolemy.domains.de.test.junit.JUnitTclTest" skipped="0" tests="101" time="126.155" timestamp="2018-05-12T14:13:51">
  <properties>
[...]
</properties>
  <testcase classname="ptolemy.util.test.junit.TclTests" name="[0] /home/travis/build/icyphy/ptII/ptolemy/domains/de/test/DependencyLoop.tcl (RunTclFile)" time="0.653" />
  <testcase classname="ptolemy.util.test.junit.TclTests" name="[1] /home/travis/build/icyphy/ptII/ptolemy/domains/de/test/RunDETestsAsQSS.tcl (RunTclFile)" time="86.365" />
  <testcase classname="ptolemy.util.test.junit.AutoKnownFailedTests" name="[0] /home/travis/build/icyphy/ptII/ptolemy/domains/de/test/auto/knownFailedTests/DESDFClockTest.xml (RunModel)" time="2.024" />
  <testcase classname="ptolemy.util.test.junit.AutoKnownFailedTests" name="[1] /home/travis/build/icyphy/ptII/ptolemy/domains/de/test/auto/knownFailedTests/DirectFeedback.xml (RunModel)" time="0.014" />
  <testcase classname="ptolemy.util.test.junit.AutoKnownFailedTests" name="[2] /home/travis/build/icyphy/ptII/ptolemy/domains/de/test/auto/knownFailedTests/FSMSource.xml (RunModel)" time="0.011" />
  <testcase classname="ptolemy.util.test.junit.AutoKnownFailedTests" name="[3] /home/travis/build/icyphy/ptII/ptolemy/domains/de/test/auto/knownFailedTests/HierarchicalModel.xml (RunModel)" time="0.026" />
  <testcase classname="ptolemy.util.test.junit.AutoKnownFailedTests" name="[4] /home/travis/build/icyphy/ptII/ptolemy/domains/de/test/auto/knownFailedTests/dependencyLoop.xml (RunModel)" time="0.027" />
  <testcase classname="ptolemy.util.test.junit.AutoKnownFailedTests" name="[5] /home/travis/build/icyphy/ptII/ptolemy/domains/de/test/auto/knownFailedTests/dependencyLoop2.xml (RunModel)" time="0.026" />
  <testcase classname="ptolemy.util.test.junit.AutoNameArchTests" name="[0] ThereAreNoAutoTests (RunModel)" time="0.0" />
  <testcase classname="ptolemy.util.test.junit.AutoTests" name="[0] /home/travis/build/icyphy/ptII/ptolemy/domains/de/test/auto/ActorDepthCalculation_actorWithoutPorts.xml (RunModel)" time="0.01" />
  <testcase classname="ptolemy.util.test.junit.AutoTests" name="[1] /home/travis/build/icyphy/ptII/ptolemy/domains/de/test/auto/AssemblyLine.xml (RunModel)" time="0.015" />
  <testcase classname="ptolemy.util.test.junit.AutoTests" name="[2] /home/travis/build/icyphy/ptII/ptolemy/domains/de/test/auto/CQBug1.xml (RunModel)" time="0.007" />
  <testcase classname="ptolemy.util.test.junit.AutoTests" name="[3] /home/travis/build/icyphy/ptII/ptolemy/domains/de/test/auto/CancelFireAt.xml (RunModel)" time="0.018" />
  <testcase classname="ptolemy.util.test.junit.AutoTests" name="[4] /home/travis/build/icyphy/ptII/ptolemy/domains/de/test/auto/CausalityAndComposabilityAnalysis.xml (RunModel)" time="0.014" />
  <testcase classname="ptolemy.util.test.junit.AutoTests" name="[5] /home/travis/build/icyphy/ptII/ptolemy/domains/de/test/auto/CausalityInterface1.xml (RunModel)" time="0.012" />
  <testcase classname="ptolemy.util.test.junit.AutoTests" name="[6] /home/travis/build/icyphy/ptII/ptolemy/domains/de/test/auto/CausalityInterface15.xml (RunModel)" time="0.018" />
  <testcase classname="ptolemy.util.test.junit.AutoTests" name="[7] /home/travis/build/icyphy/ptII/ptolemy/domains/de/test/auto/CausalityInterface2.xml (RunModel)" time="0.011" />
  <testcase classname="ptolemy.util.test.junit.AutoTests" name="[8] /home/travis/build/icyphy/ptII/ptolemy/domains/de/test/auto/CausalityInterface3.xml (RunModel)" time="0.016" />
  <testcase classname="ptolemy.util.test.junit.AutoTests" name="[9] /home/travis/build/icyphy/ptII/ptolemy/domains/de/test/auto/ClockDrift.xml (RunModel)" time="0.034" />
  <testcase classname="ptolemy.util.test.junit.AutoTests" name="[10] /home/travis/build/icyphy/ptII/ptolemy/domains/de/test/auto/ClockDriftAndValueChange.xml (RunModel)" time="0.028" />
  <testcase classname="ptolemy.util.test.junit.AutoTests" name="[11] /home/travis/build/icyphy/ptII/ptolemy/domains/de/test/auto/ClockDriftChange.xml (RunModel)" time="0.023" />
  <testcase classname="ptolemy.util.test.junit.AutoTests" name="[12] /home/travis/build/icyphy/ptII/ptolemy/domains/de/test/auto/ComposableCausalityAnalysis.xml (RunModel)" time="0.012" />
  <testcase classname="ptolemy.util.test.junit.AutoTests" name="[13] /home/travis/build/icyphy/ptII/ptolemy/domains/de/test/auto/DEFixedPointLimitation.xml (RunModel)" time="0.01" />
  <testcase classname="ptolemy.util.test.junit.AutoTests" name="[14] /home/travis/build/icyphy/ptII/ptolemy/domains/de/test/auto/DEScheduleTest.xml (RunModel)" time="0.008" />
  <testcase classname="ptolemy.util.test.junit.AutoTests" name="[15] /home/travis/build/icyphy/ptII/ptolemy/domains/de/test/auto/DEinDEwithStartTimes.xml (RunModel)" time="0.009" />
  <testcase classname="ptolemy.util.test.junit.AutoTests" name="[16] /home/travis/build/icyphy/ptII/ptolemy/domains/de/test/auto/DEinDEwithStartTimes2.xml (RunModel)" time="0.009" />
  <testcase classname="ptolemy.util.test.junit.AutoTests" name="[17] /home/travis/build/icyphy/ptII/ptolemy/domains/de/test/auto/DateDemo.xml (RunModel)" time="0.019" />
  <testcase classname="ptolemy.util.test.junit.AutoTests" name="[18] /home/travis/build/icyphy/ptII/ptolemy/domains/de/test/auto/DateToEvent.xml (RunModel)" time="2.028" />
  <testcase classname="ptolemy.util.test.junit.AutoTests" name="[19] /home/travis/build/icyphy/ptII/ptolemy/domains/de/test/auto/DepthTest1.xml (RunModel)" time="0.008" />
  <testcase classname="ptolemy.util.test.junit.AutoTests" name="[20] /home/travis/build/icyphy/ptII/ptolemy/domains/de/test/auto/DepthTest2.xml (RunModel)" time="0.017" />
  <testcase classname="ptolemy.util.test.junit.AutoTests" name="[21] /home/travis/build/icyphy/ptII/ptolemy/domains/de/test/auto/DepthTest3.xml (RunModel)" time="0.007" />
  <testcase classname="ptolemy.util.test.junit.AutoTests" name="[22] /home/travis/build/icyphy/ptII/ptolemy/domains/de/test/auto/DepthTest4.xml (RunModel)" time="0.012" />
  <testcase classname="ptolemy.util.test.junit.AutoTests" name="[23] /home/travis/build/icyphy/ptII/ptolemy/domains/de/test/auto/DepthTest5.xml (RunModel)" time="0.013" />
  <testcase classname="ptolemy.util.test.junit.AutoTests" name="[24] /home/travis/build/icyphy/ptII/ptolemy/domains/de/test/auto/DepthTest6.xml (RunModel)" time="0.012" />
  <testcase classname="ptolemy.util.test.junit.AutoTests" name="[25] /home/travis/build/icyphy/ptII/ptolemy/domains/de/test/auto/DepthTest7.xml (RunModel)" time="0.011" />
  <testcase classname="ptolemy.util.test.junit.AutoTests" name="[26] /home/travis/build/icyphy/ptII/ptolemy/domains/de/test/auto/EventToDate.xml (RunModel)" time="3.033" />
  <testcase classname="ptolemy.util.test.junit.AutoTests" name="[27] /home/travis/build/icyphy/ptII/ptolemy/domains/de/test/auto/FSM1.xml (RunModel)" time="0.054" />
  <testcase classname="ptolemy.util.test.junit.AutoTests" name="[28] /home/travis/build/icyphy/ptII/ptolemy/domains/de/test/auto/FSM7.xml (RunModel)" time="0.041" />
  <testcase classname="ptolemy.util.test.junit.AutoTests" name="[29] /home/travis/build/icyphy/ptII/ptolemy/domains/de/test/auto/Inspection.xml (RunModel)" time="0.039" />
  <testcase classname="ptolemy.util.test.junit.AutoTests" name="[30] /home/travis/build/icyphy/ptII/ptolemy/domains/de/test/auto/Iteration.xml (RunModel)" time="0.022" />
  <testcase classname="ptolemy.util.test.junit.AutoTests" name="[31] /home/travis/build/icyphy/ptII/ptolemy/domains/de/test/auto/LineFault.xml (RunModel)" time="0.527" />
  <testcase classname="ptolemy.util.test.junit.AutoTests" name="[32] /home/travis/build/icyphy/ptII/ptolemy/domains/de/test/auto/MergeModel1Add.xml (RunModel)" time="0.04" />
  <testcase classname="ptolemy.util.test.junit.AutoTests" name="[33] /home/travis/build/icyphy/ptII/ptolemy/domains/de/test/auto/MergeModel2Add.xml (RunModel)" time="0.034" />
  <testcase classname="ptolemy.util.test.junit.AutoTests" name="[34] /home/travis/build/icyphy/ptII/ptolemy/domains/de/test/auto/MergeModel3Add.xml (RunModel)" time="0.038" />
  <testcase classname="ptolemy.util.test.junit.AutoTests" name="[35] /home/travis/build/icyphy/ptII/ptolemy/domains/de/test/auto/MergeWithoutDiscard.xml (RunModel)" time="0.009" />
  <testcase classname="ptolemy.util.test.junit.AutoTests" name="[36] /home/travis/build/icyphy/ptII/ptolemy/domains/de/test/auto/Modal1.xml (RunModel)" time="0.025" />
  <testcase classname="ptolemy.util.test.junit.AutoTests" name="[37] /home/travis/build/icyphy/ptII/ptolemy/domains/de/test/auto/Modal2.xml (RunModel)" time="0.033" />
  <testcase classname="ptolemy.util.test.junit.AutoTests" name="[38] /home/travis/build/icyphy/ptII/ptolemy/domains/de/test/auto/Modal3.xml (RunModel)" time="0.024" />
  <testcase classname="ptolemy.util.test.junit.AutoTests" name="[39] /home/travis/build/icyphy/ptII/ptolemy/domains/de/test/auto/Modal4.xml (RunModel)" time="0.027" />
  <testcase classname="ptolemy.util.test.junit.AutoTests" name="[40] /home/travis/build/icyphy/ptII/ptolemy/domains/de/test/auto/Modal5.xml (RunModel)" time="0.026" />
  <testcase classname="ptolemy.util.test.junit.AutoTests" name="[41] /home/travis/build/icyphy/ptII/ptolemy/domains/de/test/auto/Modal6.xml (RunModel)" time="0.025" />
  <testcase classname="ptolemy.util.test.junit.AutoTests" name="[42] /home/travis/build/icyphy/ptII/ptolemy/domains/de/test/auto/Modal7.xml (RunModel)" time="0.025" />
  <testcase classname="ptolemy.util.test.junit.AutoTests" name="[43] /home/travis/build/icyphy/ptII/ptolemy/domains/de/test/auto/ModalModel.xml (RunModel)" time="0.138" />
  <testcase classname="ptolemy.util.test.junit.AutoTests" name="[44] /home/travis/build/icyphy/ptII/ptolemy/domains/de/test/auto/ModalSource.xml (RunModel)" time="0.016" />
  <testcase classname="ptolemy.util.test.junit.AutoTests" name="[45] /home/travis/build/icyphy/ptII/ptolemy/domains/de/test/auto/NonInterruptibleTimerZeroDelay.xml (RunModel)" time="0.01" />
  <testcase classname="ptolemy.util.test.junit.AutoTests" name="[46] /home/travis/build/icyphy/ptII/ptolemy/domains/de/test/auto/OpenQueueingNetwork.xml (RunModel)" time="2.112" />
  <testcase classname="ptolemy.util.test.junit.AutoTests" name="[47] /home/travis/build/icyphy/ptII/ptolemy/domains/de/test/auto/OpenQueuingNetwork.xml (RunModel)" time="0.216" />
  <testcase classname="ptolemy.util.test.junit.AutoTests" name="[48] /home/travis/build/icyphy/ptII/ptolemy/domains/de/test/auto/PeriodicSampler.xml (RunModel)" time="0.009" />
  <testcase classname="ptolemy.util.test.junit.AutoTests" name="[49] /home/travis/build/icyphy/ptII/ptolemy/domains/de/test/auto/PersistentIO.xml (RunModel)" time="0.019" />
  <testcase classname="ptolemy.util.test.junit.AutoTests" name="[50] /home/travis/build/icyphy/ptII/ptolemy/domains/de/test/auto/PortParameterResetOnInitialize.xml (RunModel)" time="0.01" />
  <testcase classname="ptolemy.util.test.junit.AutoTests" name="[51] /home/travis/build/icyphy/ptII/ptolemy/domains/de/test/auto/PortParameterUpdates.xml (RunModel)" time="0.013" />
  <testcase classname="ptolemy.util.test.junit.AutoTests" name="[52] /home/travis/build/icyphy/ptII/ptolemy/domains/de/test/auto/QueueAndServer.xml (RunModel)" time="0.017" />
  <testcase classname="ptolemy.util.test.junit.AutoTests" name="[53] /home/travis/build/icyphy/ptII/ptolemy/domains/de/test/auto/Records.xml (RunModel)" time="0.012" />
  <testcase classname="ptolemy.util.test.junit.AutoTests" name="[54] /home/travis/build/icyphy/ptII/ptolemy/domains/de/test/auto/ResetTransitionWithStartTime1.xml (RunModel)" time="0.017" />
  <testcase classname="ptolemy.util.test.junit.AutoTests" name="[55] /home/travis/build/icyphy/ptII/ptolemy/domains/de/test/auto/ResetTransitionWithStartTime2.xml (RunModel)" time="0.017" />
  <testcase classname="ptolemy.util.test.junit.AutoTests" name="[56] /home/travis/build/icyphy/ptII/ptolemy/domains/de/test/auto/ResetTransitionWithStartTime3.xml (RunModel)" time="0.018" />
  <testcase classname="ptolemy.util.test.junit.AutoTests" name="[57] /home/travis/build/icyphy/ptII/ptolemy/domains/de/test/auto/ResetTransitionWithStartTime4.xml (RunModel)" time="0.017" />
  <testcase classname="ptolemy.util.test.junit.AutoTests" name="[58] /home/travis/build/icyphy/ptII/ptolemy/domains/de/test/auto/ResettableTimer1.xml (RunModel)" time="0.01" />
  <testcase classname="ptolemy.util.test.junit.AutoTests" name="[59] /home/travis/build/icyphy/ptII/ptolemy/domains/de/test/auto/ResettableTimer2.xml (RunModel)" time="0.009" />
  <testcase classname="ptolemy.util.test.junit.AutoTests" name="[60] /home/travis/build/icyphy/ptII/ptolemy/domains/de/test/auto/ResettableTimer3.xml (RunModel)" time="0.008" />
  <testcase classname="ptolemy.util.test.junit.AutoTests" name="[61] /home/travis/build/icyphy/ptII/ptolemy/domains/de/test/auto/ResettableTimer4.xml (RunModel)" time="0.008" />
  <testcase classname="ptolemy.util.test.junit.AutoTests" name="[62] /home/travis/build/icyphy/ptII/ptolemy/domains/de/test/auto/ResettableTimer5.xml (RunModel)" time="0.009" />
  <testcase classname="ptolemy.util.test.junit.AutoTests" name="[63] /home/travis/build/icyphy/ptII/ptolemy/domains/de/test/auto/ResettableTimer6.xml (RunModel)" time="0.01" />
  <testcase classname="ptolemy.util.test.junit.AutoTests" name="[64] /home/travis/build/icyphy/ptII/ptolemy/domains/de/test/auto/ServerZeroDelay.xml (RunModel)" time="0.01" />
  <testcase classname="ptolemy.util.test.junit.AutoTests" name="[65] /home/travis/build/icyphy/ptII/ptolemy/domains/de/test/auto/SmartSender.xml (RunModel)" time="3.014" />
  <testcase classname="ptolemy.util.test.junit.AutoTests" name="[66] /home/travis/build/icyphy/ptII/ptolemy/domains/de/test/auto/ThreadedComposite.xml (RunModel)" time="0.129" />
  <testcase classname="ptolemy.util.test.junit.AutoTests" name="[67] /home/travis/build/icyphy/ptII/ptolemy/domains/de/test/auto/Time.xml (RunModel)" time="0.399" />
  <testcase classname="ptolemy.util.test.junit.AutoTests" name="[68] /home/travis/build/icyphy/ptII/ptolemy/domains/de/test/auto/TimeDelayZeroDelay.xml (RunModel)" time="0.013" />
  <testcase classname="ptolemy.util.test.junit.AutoTests" name="[69] /home/travis/build/icyphy/ptII/ptolemy/domains/de/test/auto/TimerZeroDelay.xml (RunModel)" time="0.01" />
  <testcase classname="ptolemy.util.test.junit.AutoTests" name="[70] /home/travis/build/icyphy/ptII/ptolemy/domains/de/test/auto/TimingParadox.xml (RunModel)" time="0.361" />
  <testcase classname="ptolemy.util.test.junit.AutoTests" name="[71] /home/travis/build/icyphy/ptII/ptolemy/domains/de/test/auto/TransferInputs.xml (RunModel)" time="0.016" />
  <testcase classname="ptolemy.util.test.junit.AutoTests" name="[72] /home/travis/build/icyphy/ptII/ptolemy/domains/de/test/auto/TransferOutputs2.xml (RunModel)" time="0.016" />
  <testcase classname="ptolemy.util.test.junit.AutoTests" name="[73] /home/travis/build/icyphy/ptII/ptolemy/domains/de/test/auto/Trilateration.xml (RunModel)" time="11.452" />
  <testcase classname="ptolemy.util.test.junit.AutoTests" name="[74] /home/travis/build/icyphy/ptII/ptolemy/domains/de/test/auto/TwoSigmaDelta.xml (RunModel)" time="1.978" />
  <testcase classname="ptolemy.util.test.junit.AutoTests" name="[75] /home/travis/build/icyphy/ptII/ptolemy/domains/de/test/auto/VariableDelay.xml (RunModel)" time="0.008" />
  <testcase classname="ptolemy.util.test.junit.AutoTests" name="[76] /home/travis/build/icyphy/ptII/ptolemy/domains/de/test/auto/VariableDelay2.xml (RunModel)" time="0.019" />
  <testcase classname="ptolemy.util.test.junit.AutoTests" name="[77] /home/travis/build/icyphy/ptII/ptolemy/domains/de/test/auto/VariableDelayZeroDelay.xml (RunModel)" time="0.013" />
  <testcase classname="ptolemy.util.test.junit.AutoTests" name="[78] /home/travis/build/icyphy/ptII/ptolemy/domains/de/test/auto/VariableDelayZeroDelay2.xml (RunModel)" time="0.009" />
  <testcase classname="ptolemy.util.test.junit.AutoTests" name="[79] /home/travis/build/icyphy/ptII/ptolemy/domains/de/test/auto/deInCt.xml (RunModel)" time="0.019" />
  <testcase classname="ptolemy.util.test.junit.AutoTests" name="[80] /home/travis/build/icyphy/ptII/ptolemy/domains/de/test/auto/deInCt2.xml (RunModel)" time="0.022" />
  <testcase classname="ptolemy.util.test.junit.AutoTests" name="[81] /home/travis/build/icyphy/ptII/ptolemy/domains/de/test/auto/dynamicCausalityInterface1.xml (RunModel)" time="0.019" />
  <testcase classname="ptolemy.util.test.junit.AutoTests" name="[82] /home/travis/build/icyphy/ptII/ptolemy/domains/de/test/auto/fsm_de_test.xml (RunModel)" time="0.021" />
  <testcase classname="ptolemy.util.test.junit.AutoTests" name="[83] /home/travis/build/icyphy/ptII/ptolemy/domains/de/test/auto/functionDependencyReconstruction.xml (RunModel)" time="0.03" />
  <testcase classname="ptolemy.util.test.junit.AutoTests" name="[84] /home/travis/build/icyphy/ptII/ptolemy/domains/de/test/auto/multirate.xml (RunModel)" time="0.014" />
  <testcase classname="ptolemy.util.test.junit.AutoTests" name="[85] /home/travis/build/icyphy/ptII/ptolemy/domains/de/test/auto/multirate2.xml (RunModel)" time="0.018" />
  <testcase classname="ptolemy.util.test.junit.AutoTests" name="[86] /home/travis/build/icyphy/ptII/ptolemy/domains/de/test/auto/realtime.xml (RunModel)" time="10.011" />
  <testcase classname="ptolemy.util.test.junit.AutoTests" name="[87] /home/travis/build/icyphy/ptII/ptolemy/domains/de/test/auto/relationGroup.xml (RunModel)" time="0.006" />
  <testcase classname="ptolemy.util.test.junit.AutoTests" name="[88] /home/travis/build/icyphy/ptII/ptolemy/domains/de/test/auto/relationGroup2.xml (RunModel)" time="0.008" />
  <testcase classname="ptolemy.util.test.junit.AutoTests" name="[89] /home/travis/build/icyphy/ptII/ptolemy/domains/de/test/auto/sortWithOpaquePorts.xml (RunModel)" time="0.013" />
  <testcase classname="ptolemy.util.test.junit.AutoTests" name="[90] /home/travis/build/icyphy/ptII/ptolemy/domains/de/test/auto/transferInputsandOutputs.xml (RunModel)" time="0.014" />
  <testcase classname="ptolemy.util.test.junit.AutoTests" name="[91] /home/travis/build/icyphy/ptII/ptolemy/domains/de/test/auto/triggerType.xml (RunModel)" time="0.01" />
  <system-out><![CDATA[/home/travis/build/icyphy/ptII/ptolemy/domains/de/test/DependencyLoop.tcl
testDefs.tcl: setting time out to 9000 seconds at Sat May 12 14:13:51 UTC 2018
13 ms. Memory: 116224K Free: 94939K (82%)
11 ms. Memory: 116224K Free: 107438K (92%)
/home/travis/build/icyphy/ptII/ptolemy/domains/de/test/RunDETestsAsQSS.tcl
Run the DE tests using ptolemy.domains.qss.test.QSSDirectorTest, which extends QSSDirector and prints a message in the constructors.
------------------ testing $PTII/ptolemy/domains/de/test/auto/knownFailedTests/dependencyLoop.xml (Known Failure) 
13 ms. Memory: 116224K Free: 104279K (90%)


==== $PTIIhome/travis/build/icyphy/ptII/ptolemy/domains/de/test/../../../../: Auto Automatic test in file $PTII/ptolemy/domains/de/test/auto/knownFailedTests/dependencyLoop.xml
==== Contents of test case:

	    # FIXME: we should use $relativeFilename here, but it
	    # might have backslashes under Windows, which causes no end
	    # of trouble.
	    createAndExecute $file
	    list {}
	
.... Test generated KNOWN error:
    while executing
ptolemy.kernel.util.IllegalActionException: Found a zero delay loop containing .dependencyLoop.original
  in .dependencyLoop and .dependencyLoop.original
	at ptolemy.actor.util.CausalityInterfaceForComposites._computeOutputPortDepth(CausalityInterfaceForComposites.java:759)
	at ptolemy.actor.util.CausalityInterfaceForComposites._computeInputDepth(CausalityInterfaceForComposites.java:696)
	at ptolemy.actor.util.CausalityInterfaceForComposites._computeOutputPortDepth(CausalityInterfaceForComposites.java:765)
	at ptolemy.actor.util.CausalityInterfaceForComposites._computeInputDepth(CausalityInterfaceForComposites.java:696)
	at ptolemy.actor.util.CausalityInterfaceForComposites._computeOutputPortDepth(CausalityInterfaceForComposites.java:765)
	at ptolemy.actor.util.CausalityInterfaceForComposites._computeInputDepth(CausalityInterfaceForComposites.java:696)
	at ptolemy.actor.util.CausalityInterfaceForComposites._computeActorDepth(CausalityInterfaceForComposites.java:532)
	at ptolemy.actor.util.CausalityInterfaceForComposites.checkForCycles(CausalityInterfaceForComposites.java:96)
	at ptolemy.domains.de.kernel.DEDirector.preinitialize(DEDirector.java:1337)
	at ptolemy.actor.CompositeActor.preinitialize(CompositeActor.java:1828)
	at ptolemy.actor.Manager.preinitializeAndResolveTypes(Manager.java:1040)
	at ptolemy.actor.Manager.initialize(Manager.java:710)
	at ptolemy.actor.Manager.execute(Manager.java:356)
	at ptolemy.actor.Manager.run(Manager.java:1263)
	at ptolemy.actor.Manager$PtolemyRunThread.run(Manager.java:1915)

    while executing
ptolemy.kernel.util.IllegalActionException: Found a zero delay loop containing .dependencyLoop.original
  in .dependencyLoop and .dependencyLoop.original
    while executing
"java::new ptolemy.moml.MoMLSimpleApplication $file
"
    (procedure "createAndExecute" line 2)
    invoked from within
"createAndExecute $file"
    ("uplevel" body line 5)
    invoked from within
"uplevel $contents_of_test"
------------------ testing $PTII/ptolemy/domains/de/test/auto/knownFailedTests/DESDFClockTest.xml (Known Failure) 
2061 ms. Memory: 116224K Free: 89579K (77%)


==== $PTIIhome/travis/build/icyphy/ptII/ptolemy/domains/de/test/../../../../: Auto Automatic test in file $PTII/ptolemy/domains/de/test/auto/knownFailedTests/DESDFClockTest.xml
==== Contents of test case:

	    # FIXME: we should use $relativeFilename here, but it
	    # might have backslashes under Windows, which causes no end
	    # of trouble.
	    createAndExecute $file
	    list {}
	
.... Test generated KNOWN error:
    while executing
ptolemy.kernel.util.IllegalActionException: Actor is not ready to fire.  Perhaps UpSample.prefire() returned false? Try debugging the actor by selecting "Listen to Actor".  Also, for SDF check moml for tokenConsumptionRate on input.
  in .DESDFClockTest.Play Bell.Copy1:SDF Director and .DESDFClockTest.Play Bell.UpSample
	at ptolemy.actor.sched.StaticSchedulingDirector.fire(StaticSchedulingDirector.java:227)
	at ptolemy.domains.sdf.kernel.SDFDirector.fire(SDFDirector.java:500)
	at ptolemy.actor.CompositeActor.fire(CompositeActor.java:455)
	at ptolemy.domains.de.kernel.DEDirector._fire(DEDirector.java:1948)
	at ptolemy.domains.de.kernel.DEDirector.fire(DEDirector.java:502)
	at ptolemy.actor.CompositeActor.fire(CompositeActor.java:455)
	at ptolemy.actor.Manager.iterate(Manager.java:851)
	at ptolemy.actor.Manager.execute(Manager.java:369)
	at ptolemy.actor.Manager.run(Manager.java:1263)
	at ptolemy.actor.Manager$PtolemyRunThread.run(Manager.java:1915)

    while executing
ptolemy.kernel.util.IllegalActionException: Actor is not ready to fire.  Perhaps UpSample.prefire() returned false? Try debugging the actor by selecting "Listen to Actor".  Also, for SDF check moml for tokenConsumptionRate on input.
  in .DESDFClockTest.Play Bell.Copy1:SDF Director and .DESDFClockTest.Play Bell.UpSample
    while executing
"java::new ptolemy.moml.MoMLSimpleApplication $file
"
    (procedure "createAndExecute" line 2)
    invoked from within
"createAndExecute $file"
    ("uplevel" body line 5)
    invoked from within
"uplevel $contents_of_test"
------------------ testing $PTII/ptolemy/domains/de/test/auto/knownFailedTests/FSMSource.xml (Known Failure) 
55 ms. Memory: 116224K Free: 111435K (96%)
!!!! Auto was marked as failing, but now passes
------------------ testing $PTII/ptolemy/domains/de/test/auto/knownFailedTests/dependencyLoop2.xml (Known Failure) 
4 ms. Memory: 116224K Free: 93615K (81%)


==== $PTIIhome/travis/build/icyphy/ptII/ptolemy/domains/de/test/../../../../: Auto Automatic test in file $PTII/ptolemy/domains/de/test/auto/knownFailedTests/dependencyLoop2.xml
==== Contents of test case:

	    # FIXME: we should use $relativeFilename here, but it
	    # might have backslashes under Windows, which causes no end
	    # of trouble.
	    createAndExecute $file
	    list {}
	
.... Test generated KNOWN error:
    while executing
ptolemy.kernel.util.IllegalActionException: Found a zero delay loop containing .dependencyLoop2.original
  in .dependencyLoop2 and .dependencyLoop2.original
	at ptolemy.actor.util.CausalityInterfaceForComposites._computeOutputPortDepth(CausalityInterfaceForComposites.java:759)
	at ptolemy.actor.util.CausalityInterfaceForComposites._computeInputDepth(CausalityInterfaceForComposites.java:696)
	at ptolemy.actor.util.CausalityInterfaceForComposites._computeOutputPortDepth(CausalityInterfaceForComposites.java:765)
	at ptolemy.actor.util.CausalityInterfaceForComposites._computeInputDepth(CausalityInterfaceForComposites.java:696)
	at ptolemy.actor.util.CausalityInterfaceForComposites._computeOutputPortDepth(CausalityInterfaceForComposites.java:765)
	at ptolemy.actor.util.CausalityInterfaceForComposites._computeInputDepth(CausalityInterfaceForComposites.java:696)
	at ptolemy.actor.util.CausalityInterfaceForComposites._computeActorDepth(CausalityInterfaceForComposites.java:532)
	at ptolemy.actor.util.CausalityInterfaceForComposites.checkForCycles(CausalityInterfaceForComposites.java:96)
	at ptolemy.domains.de.kernel.DEDirector.preinitialize(DEDirector.java:1337)
	at ptolemy.actor.CompositeActor.preinitialize(CompositeActor.java:1828)
	at ptolemy.actor.Manager.preinitializeAndResolveTypes(Manager.java:1040)
	at ptolemy.actor.Manager.initialize(Manager.java:710)
	at ptolemy.actor.Manager.execute(Manager.java:356)
	at ptolemy.actor.Manager.run(Manager.java:1263)
	at ptolemy.actor.Manager$PtolemyRunThread.run(Manager.java:1915)

    while executing
ptolemy.kernel.util.IllegalActionException: Found a zero delay loop containing .dependencyLoop2.original
  in .dependencyLoop2 and .dependencyLoop2.original
    while executing
"java::new ptolemy.moml.MoMLSimpleApplication $file
"
    (procedure "createAndExecute" line 2)
    invoked from within
"createAndExecute $file"
    ("uplevel" body line 5)
    invoked from within
"uplevel $contents_of_test"
------------------ testing $PTII/ptolemy/domains/de/test/auto/knownFailedTests/HierarchicalModel.xml (Known Failure) 
13 ms. Memory: 146944K Free: 134497K (92%)


==== $PTIIhome/travis/build/icyphy/ptII/ptolemy/domains/de/test/../../../../: Auto Automatic test in file $PTII/ptolemy/domains/de/test/auto/knownFailedTests/HierarchicalModel.xml
==== Contents of test case:

	    # FIXME: we should use $relativeFilename here, but it
	    # might have backslashes under Windows, which causes no end
	    # of trouble.
	    createAndExecute $file
	    list {}
	
.... Test generated KNOWN error:
    while executing
ptolemy.kernel.util.IllegalActionException: Found a zero delay loop containing .HierarchicalModel.A
  in .HierarchicalModel and .HierarchicalModel.A
	at ptolemy.actor.util.CausalityInterfaceForComposites._computeOutputPortDepth(CausalityInterfaceForComposites.java:759)
	at ptolemy.actor.util.CausalityInterfaceForComposites._computeInputDepth(CausalityInterfaceForComposites.java:696)
	at ptolemy.actor.util.CausalityInterfaceForComposites._computeOutputPortDepth(CausalityInterfaceForComposites.java:765)
	at ptolemy.actor.util.CausalityInterfaceForComposites._computeInputDepth(CausalityInterfaceForComposites.java:696)
	at ptolemy.actor.util.CausalityInterfaceForComposites._computeOutputPortDepth(CausalityInterfaceForComposites.java:765)
	at ptolemy.actor.util.CausalityInterfaceForComposites._computeInputDepth(CausalityInterfaceForComposites.java:696)
	at ptolemy.actor.util.CausalityInterfaceForComposites._computeActorDepth(CausalityInterfaceForComposites.java:532)
	at ptolemy.actor.util.CausalityInterfaceForComposites.checkForCycles(CausalityInterfaceForComposites.java:96)
	at ptolemy.domains.de.kernel.DEDirector.preinitialize(DEDirector.java:1337)
	at ptolemy.actor.CompositeActor.preinitialize(CompositeActor.java:1828)
	at ptolemy.actor.Manager.preinitializeAndResolveTypes(Manager.java:1040)
	at ptolemy.actor.Manager.initialize(Manager.java:710)
	at ptolemy.actor.Manager.execute(Manager.java:356)
	at ptolemy.actor.Manager.run(Manager.java:1263)
	at ptolemy.actor.Manager$PtolemyRunThread.run(Manager.java:1915)

    while executing
ptolemy.kernel.util.IllegalActionException: Found a zero delay loop containing .HierarchicalModel.A
  in .HierarchicalModel and .HierarchicalModel.A
    while executing
"java::new ptolemy.moml.MoMLSimpleApplication $file
"
    (procedure "createAndExecute" line 2)
    invoked from within
"createAndExecute $file"
    ("uplevel" body line 5)
    invoked from within
"uplevel $contents_of_test"
------------------ testing $PTII/ptolemy/domains/de/test/auto/knownFailedTests/DirectFeedback.xml (Known Failure) 
5 ms. Memory: 146944K Free: 129478K (88%)


==== $PTIIhome/travis/build/icyphy/ptII/ptolemy/domains/de/test/../../../../: Auto Automatic test in file $PTII/ptolemy/domains/de/test/auto/knownFailedTests/DirectFeedback.xml
==== Contents of test case:

	    # FIXME: we should use $relativeFilename here, but it
	    # might have backslashes under Windows, which causes no end
	    # of trouble.
	    createAndExecute $file
	    list {}
	
.... Test generated KNOWN error:
    while executing
ptolemy.kernel.util.IllegalActionException: Test fails in iteration 1.
Value was: 1.0. Should have been: 2.0
  in .DirectFeedback.Test
	at ptolemy.actor.lib.Test.fire(Test.java:268)
	at ptolemy.domains.de.kernel.DEDirector._fire(DEDirector.java:1948)
	at ptolemy.domains.de.kernel.DEDirector.fire(DEDirector.java:502)
	at ptolemy.actor.CompositeActor.fire(CompositeActor.java:455)
	at ptolemy.actor.Manager.iterate(Manager.java:851)
	at ptolemy.actor.Manager.execute(Manager.java:369)
	at ptolemy.actor.Manager.run(Manager.java:1263)
	at ptolemy.actor.Manager$PtolemyRunThread.run(Manager.java:1915)

    while executing
ptolemy.kernel.util.IllegalActionException: Test fails in iteration 1.
Value was: 1.0. Should have been: 2.0
  in .DirectFeedback.Test
    while executing
"java::new ptolemy.moml.MoMLSimpleApplication $file
"
    (procedure "createAndExecute" line 2)
    invoked from within
"createAndExecute $file"
    ("uplevel" body line 5)
    invoked from within
"uplevel $contents_of_test"
------------------ testing $PTII/ptolemy/domains/de/test/auto/ActorDepthCalculation_actorWithoutPorts.xml
auto.tcl: Setting watchdog for 200 seconds at Sat May 12 14:13:54 UTC 2018
8 ms. Memory: 146944K Free: 121720K (83%)
ptolemy.util.test.WatchDog.cancel(): canceling Sat May 12 14:13:54 UTC 2018
auto.tcl: Setting watchdog for 200 seconds at Sat May 12 14:13:54 UTC 2018
3 ms. Memory: 146944K Free: 120662K (82%)
ptolemy.util.test.WatchDog.cancel(): canceling Sat May 12 14:13:54 UTC 2018
------------------ testing $PTII/ptolemy/domains/de/test/auto/AssemblyLine.xml
auto.tcl: Setting watchdog for 200 seconds at Sat May 12 14:13:55 UTC 2018
10 ms. Memory: 146944K Free: 127580K (87%)
ptolemy.util.test.WatchDog.cancel(): canceling Sat May 12 14:13:55 UTC 2018
auto.tcl: Setting watchdog for 200 seconds at Sat May 12 14:13:55 UTC 2018
6 ms. Memory: 146944K Free: 126531K (86%)
ptolemy.util.test.WatchDog.cancel(): canceling Sat May 12 14:13:55 UTC 2018
------------------ testing $PTII/ptolemy/domains/de/test/auto/CQBug1.xml
auto.tcl: Setting watchdog for 200 seconds at Sat May 12 14:13:55 UTC 2018
6 ms. Memory: 146944K Free: 138219K (94%)
ptolemy.util.test.WatchDog.cancel(): canceling Sat May 12 14:13:55 UTC 2018
auto.tcl: Setting watchdog for 200 seconds at Sat May 12 14:13:55 UTC 2018
2 ms. Memory: 146944K Free: 138219K (94%)
ptolemy.util.test.WatchDog.cancel(): canceling Sat May 12 14:13:55 UTC 2018
------------------ testing $PTII/ptolemy/domains/de/test/auto/CancelFireAt.xml
auto.tcl: Setting watchdog for 200 seconds at Sat May 12 14:13:55 UTC 2018
6 ms. Memory: 146944K Free: 140305K (95%)
ptolemy.util.test.WatchDog.cancel(): canceling Sat May 12 14:13:55 UTC 2018
auto.tcl: Setting watchdog for 200 seconds at Sat May 12 14:13:55 UTC 2018
3 ms. Memory: 146944K Free: 139256K (95%)
ptolemy.util.test.WatchDog.cancel(): canceling Sat May 12 14:13:55 UTC 2018
------------------ testing $PTII/ptolemy/domains/de/test/auto/CausalityAndComposabilityAnalysis.xml
auto.tcl: Setting watchdog for 200 seconds at Sat May 12 14:13:55 UTC 2018
9 ms. Memory: 146944K Free: 137756K (94%)
ptolemy.util.test.WatchDog.cancel(): canceling Sat May 12 14:13:55 UTC 2018
auto.tcl: Setting watchdog for 200 seconds at Sat May 12 14:13:55 UTC 2018
5 ms. Memory: 146944K Free: 136704K (93%)
ptolemy.util.test.WatchDog.cancel(): canceling Sat May 12 14:13:55 UTC 2018
------------------ testing $PTII/ptolemy/domains/de/test/auto/CausalityInterface1.xml
auto.tcl: Setting watchdog for 200 seconds at Sat May 12 14:13:55 UTC 2018
11 ms. Memory: 146944K Free: 136235K (93%)
ptolemy.util.test.WatchDog.cancel(): canceling Sat May 12 14:13:55 UTC 2018
auto.tcl: Setting watchdog for 200 seconds at Sat May 12 14:13:55 UTC 2018
6 ms. Memory: 146944K Free: 135186K (92%)
ptolemy.util.test.WatchDog.cancel(): canceling Sat May 12 14:13:55 UTC 2018
------------------ testing $PTII/ptolemy/domains/de/test/auto/CausalityInterface15.xml
auto.tcl: Setting watchdog for 200 seconds at Sat May 12 14:13:55 UTC 2018
10 ms. Memory: 146944K Free: 135178K (92%)
ptolemy.util.test.WatchDog.cancel(): canceling Sat May 12 14:13:56 UTC 2018
auto.tcl: Setting watchdog for 200 seconds at Sat May 12 14:13:56 UTC 2018
4 ms. Memory: 146944K Free: 134129K (91%)
ptolemy.util.test.WatchDog.cancel(): canceling Sat May 12 14:13:56 UTC 2018
------------------ testing $PTII/ptolemy/domains/de/test/auto/CausalityInterface2.xml
auto.tcl: Setting watchdog for 200 seconds at Sat May 12 14:13:56 UTC 2018
3 ms. Memory: 146944K Free: 136211K (93%)
ptolemy.util.test.WatchDog.cancel(): canceling Sat May 12 14:13:56 UTC 2018
auto.tcl: Setting watchdog for 200 seconds at Sat May 12 14:13:56 UTC 2018
2 ms. Memory: 146944K Free: 136211K (93%)
ptolemy.util.test.WatchDog.cancel(): canceling Sat May 12 14:13:56 UTC 2018
------------------ testing $PTII/ptolemy/domains/de/test/auto/CausalityInterface3.xml
auto.tcl: Setting watchdog for 200 seconds at Sat May 12 14:13:56 UTC 2018
7 ms. Memory: 146944K Free: 136206K (93%)
ptolemy.util.test.WatchDog.cancel(): canceling Sat May 12 14:13:56 UTC 2018
auto.tcl: Setting watchdog for 200 seconds at Sat May 12 14:13:56 UTC 2018
7 ms. Memory: 146944K Free: 135150K (92%)
ptolemy.util.test.WatchDog.cancel(): canceling Sat May 12 14:13:56 UTC 2018
------------------ testing $PTII/ptolemy/domains/de/test/auto/ClockDrift.xml
auto.tcl: Setting watchdog for 200 seconds at Sat May 12 14:13:56 UTC 2018
83 ms. Memory: 146944K Free: 128014K (87%)
ptolemy.util.test.WatchDog.cancel(): canceling Sat May 12 14:13:56 UTC 2018
auto.tcl: Setting watchdog for 200 seconds at Sat May 12 14:13:56 UTC 2018
53 ms. Memory: 146944K Free: 124853K (85%)
ptolemy.util.test.WatchDog.cancel(): canceling Sat May 12 14:13:56 UTC 2018
------------------ testing $PTII/ptolemy/domains/de/test/auto/ClockDriftAndValueChange.xml
auto.tcl: Setting watchdog for 200 seconds at Sat May 12 14:13:56 UTC 2018
22 ms. Memory: 146944K Free: 127785K (87%)
ptolemy.util.test.WatchDog.cancel(): canceling Sat May 12 14:13:56 UTC 2018
auto.tcl: Setting watchdog for 200 seconds at Sat May 12 14:13:56 UTC 2018
23 ms. Memory: 146944K Free: 124607K (85%)
ptolemy.util.test.WatchDog.cancel(): canceling Sat May 12 14:13:56 UTC 2018
------------------ testing $PTII/ptolemy/domains/de/test/auto/ClockDriftChange.xml
auto.tcl: Setting watchdog for 200 seconds at Sat May 12 14:13:56 UTC 2018
23 ms. Memory: 146944K Free: 130546K (89%)
ptolemy.util.test.WatchDog.cancel(): canceling Sat May 12 14:13:56 UTC 2018
auto.tcl: Setting watchdog for 200 seconds at Sat May 12 14:13:56 UTC 2018
16 ms. Memory: 146944K Free: 128433K (87%)
ptolemy.util.test.WatchDog.cancel(): canceling Sat May 12 14:13:56 UTC 2018
------------------ testing $PTII/ptolemy/domains/de/test/auto/ComposableCausalityAnalysis.xml
auto.tcl: Setting watchdog for 200 seconds at Sat May 12 14:13:56 UTC 2018
3 ms. Memory: 146944K Free: 135107K (92%)
ptolemy.util.test.WatchDog.cancel(): canceling Sat May 12 14:13:56 UTC 2018
auto.tcl: Setting watchdog for 200 seconds at Sat May 12 14:13:56 UTC 2018
2 ms. Memory: 146944K Free: 134042K (91%)
ptolemy.util.test.WatchDog.cancel(): canceling Sat May 12 14:13:56 UTC 2018
------------------ testing $PTII/ptolemy/domains/de/test/auto/DEFixedPointLimitation.xml
auto.tcl: Setting watchdog for 200 seconds at Sat May 12 14:13:56 UTC 2018
1 ms. Memory: 146944K Free: 137175K (93%)
ptolemy.util.test.WatchDog.cancel(): canceling Sat May 12 14:13:56 UTC 2018
auto.tcl: Setting watchdog for 200 seconds at Sat May 12 14:13:56 UTC 2018
1 ms. Memory: 146944K Free: 136126K (93%)
ptolemy.util.test.WatchDog.cancel(): canceling Sat May 12 14:13:56 UTC 2018
------------------ testing $PTII/ptolemy/domains/de/test/auto/DEScheduleTest.xml
auto.tcl: Setting watchdog for 200 seconds at Sat May 12 14:13:56 UTC 2018
3 ms. Memory: 146944K Free: 137313K (93%)
ptolemy.util.test.WatchDog.cancel(): canceling Sat May 12 14:13:56 UTC 2018
auto.tcl: Setting watchdog for 200 seconds at Sat May 12 14:13:56 UTC 2018
6 ms. Memory: 146944K Free: 136138K (93%)
ptolemy.util.test.WatchDog.cancel(): canceling Sat May 12 14:13:56 UTC 2018
------------------ testing $PTII/ptolemy/domains/de/test/auto/DEinDEwithStartTimes.xml
auto.tcl: Setting watchdog for 200 seconds at Sat May 12 14:13:56 UTC 2018
7 ms. Memory: 146944K Free: 136115K (93%)
ptolemy.util.test.WatchDog.cancel(): canceling Sat May 12 14:13:56 UTC 2018
auto.tcl: Setting watchdog for 200 seconds at Sat May 12 14:13:56 UTC 2018
3 ms. Memory: 146944K Free: 134011K (91%)
ptolemy.util.test.WatchDog.cancel(): canceling Sat May 12 14:13:56 UTC 2018
------------------ testing $PTII/ptolemy/domains/de/test/auto/DEinDEwithStartTimes2.xml
auto.tcl: Setting watchdog for 200 seconds at Sat May 12 14:13:57 UTC 2018
5 ms. Memory: 146944K Free: 135149K (92%)
ptolemy.util.test.WatchDog.cancel(): canceling Sat May 12 14:13:57 UTC 2018
auto.tcl: Setting watchdog for 200 seconds at Sat May 12 14:13:57 UTC 2018
3 ms. Memory: 146944K Free: 133990K (91%)
ptolemy.util.test.WatchDog.cancel(): canceling Sat May 12 14:13:57 UTC 2018
------------------ testing $PTII/ptolemy/domains/de/test/auto/DateDemo.xml
auto.tcl: Setting watchdog for 200 seconds at Sat May 12 14:13:57 UTC 2018
12 ms. Memory: 146944K Free: 129116K (88%)
ptolemy.util.test.WatchDog.cancel(): canceling Sat May 12 14:13:57 UTC 2018
auto.tcl: Setting watchdog for 200 seconds at Sat May 12 14:13:57 UTC 2018
6 ms. Memory: 146944K Free: 127011K (86%)
ptolemy.util.test.WatchDog.cancel(): canceling Sat May 12 14:13:57 UTC 2018
------------------ testing $PTII/ptolemy/domains/de/test/auto/DateToEvent.xml
auto.tcl: Setting watchdog for 200 seconds at Sat May 12 14:13:57 UTC 2018
2010 ms. Memory: 146944K Free: 123169K (84%)
ptolemy.util.test.WatchDog.cancel(): canceling Sat May 12 14:13:59 UTC 2018
auto.tcl: Setting watchdog for 200 seconds at Sat May 12 14:13:59 UTC 2018
2004 ms. Memory: 146944K Free: 122120K (83%)
ptolemy.util.test.WatchDog.cancel(): canceling Sat May 12 14:14:01 UTC 2018
------------------ testing $PTII/ptolemy/domains/de/test/auto/DepthTest1.xml
auto.tcl: Setting watchdog for 200 seconds at Sat May 12 14:14:01 UTC 2018
5 ms. Memory: 146944K Free: 136966K (93%)
ptolemy.util.test.WatchDog.cancel(): canceling Sat May 12 14:14:01 UTC 2018
auto.tcl: Setting watchdog for 200 seconds at Sat May 12 14:14:01 UTC 2018
2 ms. Memory: 146944K Free: 136856K (93%)
ptolemy.util.test.WatchDog.cancel(): canceling Sat May 12 14:14:01 UTC 2018
------------------ testing $PTII/ptolemy/domains/de/test/auto/DepthTest2.xml
auto.tcl: Setting watchdog for 200 seconds at Sat May 12 14:14:01 UTC 2018
7 ms. Memory: 146944K Free: 133753K (91%)
ptolemy.util.test.WatchDog.cancel(): canceling Sat May 12 14:14:01 UTC 2018
auto.tcl: Setting watchdog for 200 seconds at Sat May 12 14:14:01 UTC 2018
6 ms. Memory: 146944K Free: 133753K (91%)
ptolemy.util.test.WatchDog.cancel(): canceling Sat May 12 14:14:01 UTC 2018
------------------ testing $PTII/ptolemy/domains/de/test/auto/DepthTest3.xml
auto.tcl: Setting watchdog for 200 seconds at Sat May 12 14:14:01 UTC 2018
3 ms. Memory: 146944K Free: 138534K (94%)
ptolemy.util.test.WatchDog.cancel(): canceling Sat May 12 14:14:01 UTC 2018
auto.tcl: Setting watchdog for 200 seconds at Sat May 12 14:14:01 UTC 2018
2 ms. Memory: 146944K Free: 138534K (94%)
ptolemy.util.test.WatchDog.cancel(): canceling Sat May 12 14:14:01 UTC 2018
------------------ testing $PTII/ptolemy/domains/de/test/auto/DepthTest4.xml
auto.tcl: Setting watchdog for 200 seconds at Sat May 12 14:14:01 UTC 2018
3 ms. Memory: 146944K Free: 135785K (92%)
ptolemy.util.test.WatchDog.cancel(): canceling Sat May 12 14:14:01 UTC 2018
auto.tcl: Setting watchdog for 200 seconds at Sat May 12 14:14:01 UTC 2018
2 ms. Memory: 146944K Free: 134737K (92%)
ptolemy.util.test.WatchDog.cancel(): canceling Sat May 12 14:14:01 UTC 2018
------------------ testing $PTII/ptolemy/domains/de/test/auto/DepthTest5.xml
auto.tcl: Setting watchdog for 200 seconds at Sat May 12 14:14:01 UTC 2018
6 ms. Memory: 146944K Free: 134667K (92%)
ptolemy.util.test.WatchDog.cancel(): canceling Sat May 12 14:14:01 UTC 2018
auto.tcl: Setting watchdog for 200 seconds at Sat May 12 14:14:01 UTC 2018
2 ms. Memory: 146944K Free: 134667K (92%)
ptolemy.util.test.WatchDog.cancel(): canceling Sat May 12 14:14:01 UTC 2018
------------------ testing $PTII/ptolemy/domains/de/test/auto/DepthTest6.xml
auto.tcl: Setting watchdog for 200 seconds at Sat May 12 14:14:01 UTC 2018
5 ms. Memory: 146944K Free: 134612K (92%)
ptolemy.util.test.WatchDog.cancel(): canceling Sat May 12 14:14:01 UTC 2018
auto.tcl: Setting watchdog for 200 seconds at Sat May 12 14:14:01 UTC 2018
2 ms. Memory: 146944K Free: 134612K (92%)
ptolemy.util.test.WatchDog.cancel(): canceling Sat May 12 14:14:01 UTC 2018
------------------ testing $PTII/ptolemy/domains/de/test/auto/DepthTest7.xml
auto.tcl: Setting watchdog for 200 seconds at Sat May 12 14:14:01 UTC 2018
3 ms. Memory: 146944K Free: 135705K (92%)
ptolemy.util.test.WatchDog.cancel(): canceling Sat May 12 14:14:01 UTC 2018
auto.tcl: Setting watchdog for 200 seconds at Sat May 12 14:14:01 UTC 2018
2 ms. Memory: 146944K Free: 134656K (92%)
ptolemy.util.test.WatchDog.cancel(): canceling Sat May 12 14:14:01 UTC 2018
------------------ testing $PTII/ptolemy/domains/de/test/auto/EventToDate.xml
auto.tcl: Setting watchdog for 200 seconds at Sat May 12 14:14:01 UTC 2018
3005 ms. Memory: 146944K Free: 123980K (84%)
ptolemy.util.test.WatchDog.cancel(): canceling Sat May 12 14:14:04 UTC 2018
auto.tcl: Setting watchdog for 200 seconds at Sat May 12 14:14:04 UTC 2018
3004 ms. Memory: 146944K Free: 123980K (84%)
ptolemy.util.test.WatchDog.cancel(): canceling Sat May 12 14:14:07 UTC 2018
------------------ testing $PTII/ptolemy/domains/de/test/auto/FSM1.xml
auto.tcl: Setting watchdog for 200 seconds at Sat May 12 14:14:08 UTC 2018
27 ms. Memory: 146944K Free: 127635K (87%)
ptolemy.util.test.WatchDog.cancel(): canceling Sat May 12 14:14:08 UTC 2018
auto.tcl: Setting watchdog for 200 seconds at Sat May 12 14:14:08 UTC 2018
29 ms. Memory: 146944K Free: 124465K (85%)
ptolemy.util.test.WatchDog.cancel(): canceling Sat May 12 14:14:08 UTC 2018
------------------ testing $PTII/ptolemy/domains/de/test/auto/FSM7.xml
auto.tcl: Setting watchdog for 200 seconds at Sat May 12 14:14:08 UTC 2018
24 ms. Memory: 146944K Free: 126777K (86%)
ptolemy.util.test.WatchDog.cancel(): canceling Sat May 12 14:14:08 UTC 2018
auto.tcl: Setting watchdog for 200 seconds at Sat May 12 14:14:08 UTC 2018
21 ms. Memory: 146944K Free: 123583K (84%)
ptolemy.util.test.WatchDog.cancel(): canceling Sat May 12 14:14:08 UTC 2018
------------------ testing $PTII/ptolemy/domains/de/test/auto/Inspection.xml
auto.tcl: Setting watchdog for 200 seconds at Sat May 12 14:14:08 UTC 2018
43 ms. Memory: 146944K Free: 127565K (87%)
ptolemy.util.test.WatchDog.cancel(): canceling Sat May 12 14:14:08 UTC 2018
auto.tcl: Setting watchdog for 200 seconds at Sat May 12 14:14:08 UTC 2018
28 ms. Memory: 146944K Free: 125452K (85%)
ptolemy.util.test.WatchDog.cancel(): canceling Sat May 12 14:14:08 UTC 2018
------------------ testing $PTII/ptolemy/domains/de/test/auto/Iteration.xml
auto.tcl: Setting watchdog for 200 seconds at Sat May 12 14:14:08 UTC 2018
6 ms. Memory: 146944K Free: 133362K (91%)
ptolemy.util.test.WatchDog.cancel(): canceling Sat May 12 14:14:08 UTC 2018
auto.tcl: Setting watchdog for 200 seconds at Sat May 12 14:14:08 UTC 2018
6 ms. Memory: 146944K Free: 132313K (90%)
ptolemy.util.test.WatchDog.cancel(): canceling Sat May 12 14:14:08 UTC 2018
------------------ testing $PTII/ptolemy/domains/de/test/auto/LineFault.xml
auto.tcl: Setting watchdog for 200 seconds at Sat May 12 14:14:08 UTC 2018
475 ms. Memory: 146944K Free: 137724K (94%)
ptolemy.util.test.WatchDog.cancel(): canceling Sat May 12 14:14:09 UTC 2018
auto.tcl: Setting watchdog for 200 seconds at Sat May 12 14:14:09 UTC 2018
455 ms. Memory: 146944K Free: 81438K (55%)
ptolemy.util.test.WatchDog.cancel(): canceling Sat May 12 14:14:09 UTC 2018
------------------ testing $PTII/ptolemy/domains/de/test/auto/MergeModel1Add.xml
auto.tcl: Setting watchdog for 200 seconds at Sat May 12 14:14:09 UTC 2018
23 ms. Memory: 209920K Free: 180036K (86%)
ptolemy.util.test.WatchDog.cancel(): canceling Sat May 12 14:14:09 UTC 2018
auto.tcl: Setting watchdog for 200 seconds at Sat May 12 14:14:09 UTC 2018
13 ms. Memory: 209920K Free: 178132K (85%)
ptolemy.util.test.WatchDog.cancel(): canceling Sat May 12 14:14:09 UTC 2018
------------------ testing $PTII/ptolemy/domains/de/test/auto/MergeModel2Add.xml
auto.tcl: Setting watchdog for 200 seconds at Sat May 12 14:14:09 UTC 2018
14 ms. Memory: 210432K Free: 183821K (87%)
ptolemy.util.test.WatchDog.cancel(): canceling Sat May 12 14:14:10 UTC 2018
auto.tcl: Setting watchdog for 200 seconds at Sat May 12 14:14:10 UTC 2018
11 ms. Memory: 210432K Free: 181933K (86%)
ptolemy.util.test.WatchDog.cancel(): canceling Sat May 12 14:14:10 UTC 2018
------------------ testing $PTII/ptolemy/domains/de/test/auto/MergeModel3Add.xml
auto.tcl: Setting watchdog for 200 seconds at Sat May 12 14:14:10 UTC 2018
11 ms. Memory: 209920K Free: 183288K (87%)
ptolemy.util.test.WatchDog.cancel(): canceling Sat May 12 14:14:10 UTC 2018
auto.tcl: Setting watchdog for 200 seconds at Sat May 12 14:14:10 UTC 2018
10 ms. Memory: 209920K Free: 181392K (86%)
ptolemy.util.test.WatchDog.cancel(): canceling Sat May 12 14:14:10 UTC 2018
------------------ testing $PTII/ptolemy/domains/de/test/auto/MergeWithoutDiscard.xml
auto.tcl: Setting watchdog for 200 seconds at Sat May 12 14:14:10 UTC 2018
3 ms. Memory: 210432K Free: 198398K (94%)
ptolemy.util.test.WatchDog.cancel(): canceling Sat May 12 14:14:10 UTC 2018
auto.tcl: Setting watchdog for 200 seconds at Sat May 12 14:14:10 UTC 2018
2 ms. Memory: 210432K Free: 198398K (94%)
ptolemy.util.test.WatchDog.cancel(): canceling Sat May 12 14:14:10 UTC 2018
------------------ testing $PTII/ptolemy/domains/de/test/auto/Modal1.xml
auto.tcl: Setting watchdog for 200 seconds at Sat May 12 14:14:10 UTC 2018
22 ms. Memory: 210432K Free: 190439K (90%)
ptolemy.util.test.WatchDog.cancel(): canceling Sat May 12 14:14:10 UTC 2018
auto.tcl: Setting watchdog for 200 seconds at Sat May 12 14:14:10 UTC 2018
24 ms. Memory: 210432K Free: 186625K (89%)
ptolemy.util.test.WatchDog.cancel(): canceling Sat May 12 14:14:10 UTC 2018
------------------ testing $PTII/ptolemy/domains/de/test/auto/Modal2.xml
auto.tcl: Setting watchdog for 200 seconds at Sat May 12 14:14:10 UTC 2018
16 ms. Memory: 210432K Free: 190297K (90%)
ptolemy.util.test.WatchDog.cancel(): canceling Sat May 12 14:14:10 UTC 2018
auto.tcl: Setting watchdog for 200 seconds at Sat May 12 14:14:10 UTC 2018
17 ms. Memory: 210432K Free: 186474K (89%)
ptolemy.util.test.WatchDog.cancel(): canceling Sat May 12 14:14:10 UTC 2018
------------------ testing $PTII/ptolemy/domains/de/test/auto/Modal3.xml
auto.tcl: Setting watchdog for 200 seconds at Sat May 12 14:14:10 UTC 2018
12 ms. Memory: 210432K Free: 190373K (90%)
ptolemy.util.test.WatchDog.cancel(): canceling Sat May 12 14:14:10 UTC 2018
auto.tcl: Setting watchdog for 200 seconds at Sat May 12 14:14:10 UTC 2018
13 ms. Memory: 210432K Free: 186513K (89%)
ptolemy.util.test.WatchDog.cancel(): canceling Sat May 12 14:14:10 UTC 2018
------------------ testing $PTII/ptolemy/domains/de/test/auto/Modal4.xml
auto.tcl: Setting watchdog for 200 seconds at Sat May 12 14:14:10 UTC 2018
11 ms. Memory: 208384K Free: 188276K (90%)
ptolemy.util.test.WatchDog.cancel(): canceling Sat May 12 14:14:10 UTC 2018
auto.tcl: Setting watchdog for 200 seconds at Sat May 12 14:14:10 UTC 2018
20 ms. Memory: 208384K Free: 184453K (89%)
ptolemy.util.test.WatchDog.cancel(): canceling Sat May 12 14:14:10 UTC 2018
------------------ testing $PTII/ptolemy/domains/de/test/auto/Modal5.xml
auto.tcl: Setting watchdog for 200 seconds at Sat May 12 14:14:10 UTC 2018
18 ms. Memory: 209920K Free: 189859K (90%)
ptolemy.util.test.WatchDog.cancel(): canceling Sat May 12 14:14:10 UTC 2018
auto.tcl: Setting watchdog for 200 seconds at Sat May 12 14:14:10 UTC 2018
12 ms. Memory: 209920K Free: 186053K (89%)
ptolemy.util.test.WatchDog.cancel(): canceling Sat May 12 14:14:10 UTC 2018
------------------ testing $PTII/ptolemy/domains/de/test/auto/Modal6.xml
auto.tcl: Setting watchdog for 200 seconds at Sat May 12 14:14:10 UTC 2018
12 ms. Memory: 209920K Free: 189850K (90%)
ptolemy.util.test.WatchDog.cancel(): canceling Sat May 12 14:14:10 UTC 2018
auto.tcl: Setting watchdog for 200 seconds at Sat May 12 14:14:10 UTC 2018
15 ms. Memory: 209920K Free: 185981K (89%)
ptolemy.util.test.WatchDog.cancel(): canceling Sat May 12 14:14:10 UTC 2018
------------------ testing $PTII/ptolemy/domains/de/test/auto/Modal7.xml
auto.tcl: Setting watchdog for 200 seconds at Sat May 12 14:14:10 UTC 2018
10 ms. Memory: 209920K Free: 187862K (89%)
ptolemy.util.test.WatchDog.cancel(): canceling Sat May 12 14:14:11 UTC 2018
auto.tcl: Setting watchdog for 200 seconds at Sat May 12 14:14:11 UTC 2018
10 ms. Memory: 209920K Free: 185951K (89%)
ptolemy.util.test.WatchDog.cancel(): canceling Sat May 12 14:14:11 UTC 2018
------------------ testing $PTII/ptolemy/domains/de/test/auto/ModalModel.xml
auto.tcl: Setting watchdog for 200 seconds at Sat May 12 14:14:11 UTC 2018
156 ms. Memory: 209920K Free: 129026K (61%)
ptolemy.util.test.WatchDog.cancel(): canceling Sat May 12 14:14:11 UTC 2018
auto.tcl: Setting watchdog for 200 seconds at Sat May 12 14:14:11 UTC 2018
182 ms. Memory: 209920K Free: 197184K (94%)
ptolemy.util.test.WatchDog.cancel(): canceling Sat May 12 14:14:11 UTC 2018
------------------ testing $PTII/ptolemy/domains/de/test/auto/ModalSource.xml
auto.tcl: Setting watchdog for 200 seconds at Sat May 12 14:14:11 UTC 2018
6 ms. Memory: 209920K Free: 194973K (93%)
ptolemy.util.test.WatchDog.cancel(): canceling Sat May 12 14:14:11 UTC 2018
auto.tcl: Setting watchdog for 200 seconds at Sat May 12 14:14:11 UTC 2018
6 ms. Memory: 209920K Free: 193224K (92%)
ptolemy.util.test.WatchDog.cancel(): canceling Sat May 12 14:14:11 UTC 2018
------------------ testing $PTII/ptolemy/domains/de/test/auto/NonInterruptibleTimerZeroDelay.xml
auto.tcl: Setting watchdog for 200 seconds at Sat May 12 14:14:11 UTC 2018
3 ms. Memory: 336896K Free: 326130K (97%)
ptolemy.util.test.WatchDog.cancel(): canceling Sat May 12 14:14:11 UTC 2018
auto.tcl: Setting watchdog for 200 seconds at Sat May 12 14:14:11 UTC 2018
2 ms. Memory: 336896K Free: 322647K (96%)
ptolemy.util.test.WatchDog.cancel(): canceling Sat May 12 14:14:11 UTC 2018
------------------ testing $PTII/ptolemy/domains/de/test/auto/OpenQueueingNetwork.xml
auto.tcl: Setting watchdog for 200 seconds at Sat May 12 14:14:11 UTC 2018
2861 ms. Memory: 336384K Free: 195404K (58%)
ptolemy.util.test.WatchDog.cancel(): canceling Sat May 12 14:14:14 UTC 2018
auto.tcl: Setting watchdog for 200 seconds at Sat May 12 14:14:14 UTC 2018
2321 ms. Memory: 468480K Free: 425619K (91%)
ptolemy.util.test.WatchDog.cancel(): canceling Sat May 12 14:14:17 UTC 2018
------------------ testing $PTII/ptolemy/domains/de/test/auto/OpenQueuingNetwork.xml
auto.tcl: Setting watchdog for 200 seconds at Sat May 12 14:14:17 UTC 2018
223 ms. Memory: 468480K Free: 369011K (79%)
ptolemy.util.test.WatchDog.cancel(): canceling Sat May 12 14:14:17 UTC 2018
auto.tcl: Setting watchdog for 200 seconds at Sat May 12 14:14:17 UTC 2018
211 ms. Memory: 468480K Free: 312232K (67%)
ptolemy.util.test.WatchDog.cancel(): canceling Sat May 12 14:14:17 UTC 2018
------------------ testing $PTII/ptolemy/domains/de/test/auto/PeriodicSampler.xml
auto.tcl: Setting watchdog for 200 seconds at Sat May 12 14:14:17 UTC 2018
2 ms. Memory: 470016K Free: 451731K (96%)
ptolemy.util.test.WatchDog.cancel(): canceling Sat May 12 14:14:17 UTC 2018
auto.tcl: Setting watchdog for 200 seconds at Sat May 12 14:14:17 UTC 2018
2 ms. Memory: 470016K Free: 451731K (96%)
ptolemy.util.test.WatchDog.cancel(): canceling Sat May 12 14:14:17 UTC 2018
------------------ testing $PTII/ptolemy/domains/de/test/auto/PersistentIO.xml
auto.tcl: Setting watchdog for 200 seconds at Sat May 12 14:14:17 UTC 2018
9 ms. Memory: 468480K Free: 445616K (95%)
ptolemy.util.test.WatchDog.cancel(): canceling Sat May 12 14:14:17 UTC 2018
auto.tcl: Setting watchdog for 200 seconds at Sat May 12 14:14:17 UTC 2018
3 ms. Memory: 468480K Free: 445616K (95%)
ptolemy.util.test.WatchDog.cancel(): canceling Sat May 12 14:14:17 UTC 2018
------------------ testing $PTII/ptolemy/domains/de/test/auto/PortParameterResetOnInitialize.xml
auto.tcl: Setting watchdog for 200 seconds at Sat May 12 14:14:17 UTC 2018
2 ms. Memory: 470016K Free: 452111K (96%)
ptolemy.util.test.WatchDog.cancel(): canceling Sat May 12 14:14:17 UTC 2018
auto.tcl: Setting watchdog for 200 seconds at Sat May 12 14:14:17 UTC 2018
2 ms. Memory: 470016K Free: 452111K (96%)
ptolemy.util.test.WatchDog.cancel(): canceling Sat May 12 14:14:17 UTC 2018
------------------ testing $PTII/ptolemy/domains/de/test/auto/PortParameterUpdates.xml
auto.tcl: Setting watchdog for 200 seconds at Sat May 12 14:14:17 UTC 2018
3 ms. Memory: 468480K Free: 445627K (95%)
ptolemy.util.test.WatchDog.cancel(): canceling Sat May 12 14:14:17 UTC 2018
auto.tcl: Setting watchdog for 200 seconds at Sat May 12 14:14:17 UTC 2018
3 ms. Memory: 468480K Free: 445627K (95%)
ptolemy.util.test.WatchDog.cancel(): canceling Sat May 12 14:14:17 UTC 2018
------------------ testing $PTII/ptolemy/domains/de/test/auto/QueueAndServer.xml
auto.tcl: Setting watchdog for 200 seconds at Sat May 12 14:14:17 UTC 2018
10 ms. Memory: 469504K Free: 450405K (96%)
ptolemy.util.test.WatchDog.cancel(): canceling Sat May 12 14:14:17 UTC 2018
auto.tcl: Setting watchdog for 200 seconds at Sat May 12 14:14:17 UTC 2018
5 ms. Memory: 469504K Free: 450405K (96%)
ptolemy.util.test.WatchDog.cancel(): canceling Sat May 12 14:14:17 UTC 2018
------------------ testing $PTII/ptolemy/domains/de/test/auto/Records.xml
auto.tcl: Setting watchdog for 200 seconds at Sat May 12 14:14:18 UTC 2018
6 ms. Memory: 468480K Free: 454484K (97%)
ptolemy.util.test.WatchDog.cancel(): canceling Sat May 12 14:14:18 UTC 2018
auto.tcl: Setting watchdog for 200 seconds at Sat May 12 14:14:18 UTC 2018
2 ms. Memory: 468480K Free: 449322K (96%)
ptolemy.util.test.WatchDog.cancel(): canceling Sat May 12 14:14:18 UTC 2018
------------------ testing $PTII/ptolemy/domains/de/test/auto/ResetTransitionWithStartTime1.xml
auto.tcl: Setting watchdog for 200 seconds at Sat May 12 14:14:18 UTC 2018
12 ms. Memory: 469504K Free: 450372K (96%)
ptolemy.util.test.WatchDog.cancel(): canceling Sat May 12 14:14:18 UTC 2018
auto.tcl: Setting watchdog for 200 seconds at Sat May 12 14:14:18 UTC 2018
7 ms. Memory: 469504K Free: 450372K (96%)
ptolemy.util.test.WatchDog.cancel(): canceling Sat May 12 14:14:18 UTC 2018
------------------ testing $PTII/ptolemy/domains/de/test/auto/ResetTransitionWithStartTime2.xml
auto.tcl: Setting watchdog for 200 seconds at Sat May 12 14:14:18 UTC 2018
4 ms. Memory: 468480K Free: 449420K (96%)
ptolemy.util.test.WatchDog.cancel(): canceling Sat May 12 14:14:18 UTC 2018
auto.tcl: Setting watchdog for 200 seconds at Sat May 12 14:14:18 UTC 2018
4 ms. Memory: 468480K Free: 449420K (96%)
ptolemy.util.test.WatchDog.cancel(): canceling Sat May 12 14:14:18 UTC 2018
------------------ testing $PTII/ptolemy/domains/de/test/auto/ResetTransitionWithStartTime3.xml
auto.tcl: Setting watchdog for 200 seconds at Sat May 12 14:14:18 UTC 2018
4 ms. Memory: 469504K Free: 450346K (96%)
ptolemy.util.test.WatchDog.cancel(): canceling Sat May 12 14:14:18 UTC 2018
auto.tcl: Setting watchdog for 200 seconds at Sat May 12 14:14:18 UTC 2018
5 ms. Memory: 469504K Free: 450346K (96%)
ptolemy.util.test.WatchDog.cancel(): canceling Sat May 12 14:14:18 UTC 2018
------------------ testing $PTII/ptolemy/domains/de/test/auto/ResetTransitionWithStartTime4.xml
auto.tcl: Setting watchdog for 200 seconds at Sat May 12 14:14:18 UTC 2018
4 ms. Memory: 468480K Free: 449416K (96%)
ptolemy.util.test.WatchDog.cancel(): canceling Sat May 12 14:14:18 UTC 2018
auto.tcl: Setting watchdog for 200 seconds at Sat May 12 14:14:18 UTC 2018
3 ms. Memory: 468480K Free: 449416K (96%)
ptolemy.util.test.WatchDog.cancel(): canceling Sat May 12 14:14:18 UTC 2018
------------------ testing $PTII/ptolemy/domains/de/test/auto/ResettableTimer1.xml
auto.tcl: Setting watchdog for 200 seconds at Sat May 12 14:14:18 UTC 2018
4 ms. Memory: 468992K Free: 451134K (96%)
ptolemy.util.test.WatchDog.cancel(): canceling Sat May 12 14:14:18 UTC 2018
auto.tcl: Setting watchdog for 200 seconds at Sat May 12 14:14:18 UTC 2018
2 ms. Memory: 468992K Free: 451134K (96%)
ptolemy.util.test.WatchDog.cancel(): canceling Sat May 12 14:14:18 UTC 2018
------------------ testing $PTII/ptolemy/domains/de/test/auto/ResettableTimer2.xml
auto.tcl: Setting watchdog for 200 seconds at Sat May 12 14:14:18 UTC 2018
2 ms. Memory: 468480K Free: 454631K (97%)
ptolemy.util.test.WatchDog.cancel(): canceling Sat May 12 14:14:18 UTC 2018
auto.tcl: Setting watchdog for 200 seconds at Sat May 12 14:14:18 UTC 2018
2 ms. Memory: 468480K Free: 454631K (97%)
ptolemy.util.test.WatchDog.cancel(): canceling Sat May 12 14:14:18 UTC 2018
------------------ testing $PTII/ptolemy/domains/de/test/auto/ResettableTimer3.xml
auto.tcl: Setting watchdog for 200 seconds at Sat May 12 14:14:18 UTC 2018
1 ms. Memory: 468992K Free: 451192K (96%)
ptolemy.util.test.WatchDog.cancel(): canceling Sat May 12 14:14:18 UTC 2018
auto.tcl: Setting watchdog for 200 seconds at Sat May 12 14:14:18 UTC 2018
1 ms. Memory: 468992K Free: 451192K (96%)
ptolemy.util.test.WatchDog.cancel(): canceling Sat May 12 14:14:18 UTC 2018
------------------ testing $PTII/ptolemy/domains/de/test/auto/ResettableTimer4.xml
auto.tcl: Setting watchdog for 200 seconds at Sat May 12 14:14:18 UTC 2018
1 ms. Memory: 468480K Free: 454644K (97%)
ptolemy.util.test.WatchDog.cancel(): canceling Sat May 12 14:14:18 UTC 2018
auto.tcl: Setting watchdog for 200 seconds at Sat May 12 14:14:18 UTC 2018
2 ms. Memory: 468480K Free: 454644K (97%)
ptolemy.util.test.WatchDog.cancel(): canceling Sat May 12 14:14:18 UTC 2018
------------------ testing $PTII/ptolemy/domains/de/test/auto/ResettableTimer5.xml
auto.tcl: Setting watchdog for 200 seconds at Sat May 12 14:14:18 UTC 2018
2 ms. Memory: 468992K Free: 451203K (96%)
ptolemy.util.test.WatchDog.cancel(): canceling Sat May 12 14:14:18 UTC 2018
auto.tcl: Setting watchdog for 200 seconds at Sat May 12 14:14:18 UTC 2018
1 ms. Memory: 468992K Free: 451203K (96%)
ptolemy.util.test.WatchDog.cancel(): canceling Sat May 12 14:14:18 UTC 2018
------------------ testing $PTII/ptolemy/domains/de/test/auto/ResettableTimer6.xml
auto.tcl: Setting watchdog for 200 seconds at Sat May 12 14:14:18 UTC 2018
1 ms. Memory: 468480K Free: 454511K (97%)
ptolemy.util.test.WatchDog.cancel(): canceling Sat May 12 14:14:18 UTC 2018
auto.tcl: Setting watchdog for 200 seconds at Sat May 12 14:14:18 UTC 2018
1 ms. Memory: 468480K Free: 454511K (97%)
ptolemy.util.test.WatchDog.cancel(): canceling Sat May 12 14:14:18 UTC 2018
------------------ testing $PTII/ptolemy/domains/de/test/auto/ServerZeroDelay.xml
auto.tcl: Setting watchdog for 200 seconds at Sat May 12 14:14:18 UTC 2018
2 ms. Memory: 468992K Free: 455094K (97%)
ptolemy.util.test.WatchDog.cancel(): canceling Sat May 12 14:14:18 UTC 2018
auto.tcl: Setting watchdog for 200 seconds at Sat May 12 14:14:18 UTC 2018
2 ms. Memory: 468992K Free: 455094K (97%)
ptolemy.util.test.WatchDog.cancel(): canceling Sat May 12 14:14:18 UTC 2018
------------------ testing $PTII/ptolemy/domains/de/test/auto/SmartSender.xml
auto.tcl: Setting watchdog for 200 seconds at Sat May 12 14:14:18 UTC 2018
3001 ms. Memory: 468480K Free: 450707K (96%)
ptolemy.util.test.WatchDog.cancel(): canceling Sat May 12 14:14:21 UTC 2018
auto.tcl: Setting watchdog for 200 seconds at Sat May 12 14:14:21 UTC 2018
3002 ms. Memory: 468480K Free: 450707K (96%)
ptolemy.util.test.WatchDog.cancel(): canceling Sat May 12 14:14:24 UTC 2018
------------------ testing $PTII/ptolemy/domains/de/test/auto/ThreadedComposite.xml
auto.tcl: Setting watchdog for 200 seconds at Sat May 12 14:14:24 UTC 2018
194 ms. Memory: 468992K Free: 433054K (92%)
ptolemy.util.test.WatchDog.cancel(): canceling Sat May 12 14:14:25 UTC 2018
auto.tcl: Setting watchdog for 200 seconds at Sat May 12 14:14:25 UTC 2018
142 ms. Memory: 468992K Free: 412410K (88%)
ptolemy.util.test.WatchDog.cancel(): canceling Sat May 12 14:14:25 UTC 2018
------------------ testing $PTII/ptolemy/domains/de/test/auto/Time.xml
auto.tcl: Setting watchdog for 200 seconds at Sat May 12 14:14:25 UTC 2018
480 ms. Memory: 468480K Free: 403902K (86%)
ptolemy.util.test.WatchDog.cancel(): canceling Sat May 12 14:14:25 UTC 2018
auto.tcl: Setting watchdog for 200 seconds at Sat May 12 14:14:25 UTC 2018
436 ms. Memory: 468480K Free: 352285K (75%)
ptolemy.util.test.WatchDog.cancel(): canceling Sat May 12 14:14:26 UTC 2018
------------------ testing $PTII/ptolemy/domains/de/test/auto/TimeDelayZeroDelay.xml
auto.tcl: Setting watchdog for 200 seconds at Sat May 12 14:14:26 UTC 2018
2 ms. Memory: 468992K Free: 454931K (97%)
ptolemy.util.test.WatchDog.cancel(): canceling Sat May 12 14:14:26 UTC 2018
auto.tcl: Setting watchdog for 200 seconds at Sat May 12 14:14:26 UTC 2018
2 ms. Memory: 468992K Free: 454931K (97%)
ptolemy.util.test.WatchDog.cancel(): canceling Sat May 12 14:14:26 UTC 2018
------------------ testing $PTII/ptolemy/domains/de/test/auto/TimerZeroDelay.xml
auto.tcl: Setting watchdog for 200 seconds at Sat May 12 14:14:26 UTC 2018
2 ms. Memory: 468480K Free: 454544K (97%)
ptolemy.util.test.WatchDog.cancel(): canceling Sat May 12 14:14:26 UTC 2018
auto.tcl: Setting watchdog for 200 seconds at Sat May 12 14:14:26 UTC 2018
2 ms. Memory: 468480K Free: 454544K (97%)
ptolemy.util.test.WatchDog.cancel(): canceling Sat May 12 14:14:26 UTC 2018
------------------ testing $PTII/ptolemy/domains/de/test/auto/TimingParadox.xml
auto.tcl: Setting watchdog for 200 seconds at Sat May 12 14:14:26 UTC 2018
331 ms. Memory: 468992K Free: 389112K (83%)
ptolemy.util.test.WatchDog.cancel(): canceling Sat May 12 14:14:26 UTC 2018
auto.tcl: Setting watchdog for 200 seconds at Sat May 12 14:14:26 UTC 2018
298 ms. Memory: 468992K Free: 352980K (75%)
ptolemy.util.test.WatchDog.cancel(): canceling Sat May 12 14:14:27 UTC 2018
------------------ testing $PTII/ptolemy/domains/de/test/auto/TransferInputs.xml
auto.tcl: Setting watchdog for 200 seconds at Sat May 12 14:14:27 UTC 2018
6 ms. Memory: 468992K Free: 453960K (97%)
ptolemy.util.test.WatchDog.cancel(): canceling Sat May 12 14:14:27 UTC 2018
auto.tcl: Setting watchdog for 200 seconds at Sat May 12 14:14:27 UTC 2018
1 ms. Memory: 468992K Free: 453960K (97%)
ptolemy.util.test.WatchDog.cancel(): canceling Sat May 12 14:14:27 UTC 2018
------------------ testing $PTII/ptolemy/domains/de/test/auto/TransferOutputs2.xml
auto.tcl: Setting watchdog for 200 seconds at Sat May 12 14:14:27 UTC 2018
2 ms. Memory: 468480K Free: 445502K (95%)
ptolemy.util.test.WatchDog.cancel(): canceling Sat May 12 14:14:27 UTC 2018
auto.tcl: Setting watchdog for 200 seconds at Sat May 12 14:14:27 UTC 2018
3 ms. Memory: 468480K Free: 445502K (95%)
ptolemy.util.test.WatchDog.cancel(): canceling Sat May 12 14:14:27 UTC 2018
------------------ testing $PTII/ptolemy/domains/de/test/auto/Trilateration.xml
auto.tcl: Setting watchdog for 200 seconds at Sat May 12 14:14:27 UTC 2018
13390 ms. Memory: 622080K Free: 215324K (35%)
ptolemy.util.test.WatchDog.cancel(): canceling Sat May 12 14:14:41 UTC 2018
auto.tcl: Setting watchdog for 200 seconds at Sat May 12 14:14:41 UTC 2018
10836 ms. Memory: 487936K Free: 349378K (72%)
ptolemy.util.test.WatchDog.cancel(): canceling Sat May 12 14:14:52 UTC 2018
------------------ testing $PTII/ptolemy/domains/de/test/auto/TwoSigmaDelta.xml
auto.tcl: Setting watchdog for 200 seconds at Sat May 12 14:14:52 UTC 2018
2541 ms. Memory: 484864K Free: 187078K (39%)
ptolemy.util.test.WatchDog.cancel(): canceling Sat May 12 14:14:55 UTC 2018
auto.tcl: Setting watchdog for 200 seconds at Sat May 12 14:14:55 UTC 2018
2019 ms. Memory: 468992K Free: 344246K (73%)
ptolemy.util.test.WatchDog.cancel(): canceling Sat May 12 14:14:57 UTC 2018
------------------ testing $PTII/ptolemy/domains/de/test/auto/VariableDelay.xml
auto.tcl: Setting watchdog for 200 seconds at Sat May 12 14:14:57 UTC 2018
2 ms. Memory: 466432K Free: 451491K (97%)
ptolemy.util.test.WatchDog.cancel(): canceling Sat May 12 14:14:57 UTC 2018
auto.tcl: Setting watchdog for 200 seconds at Sat May 12 14:14:57 UTC 2018
1 ms. Memory: 466432K Free: 451491K (97%)
ptolemy.util.test.WatchDog.cancel(): canceling Sat May 12 14:14:57 UTC 2018
------------------ testing $PTII/ptolemy/domains/de/test/auto/VariableDelay2.xml
auto.tcl: Setting watchdog for 200 seconds at Sat May 12 14:14:57 UTC 2018
2 ms. Memory: 468992K Free: 454466K (97%)
ptolemy.util.test.WatchDog.cancel(): canceling Sat May 12 14:14:57 UTC 2018
auto.tcl: Setting watchdog for 200 seconds at Sat May 12 14:14:57 UTC 2018
2 ms. Memory: 468992K Free: 454466K (97%)
ptolemy.util.test.WatchDog.cancel(): canceling Sat May 12 14:14:57 UTC 2018
------------------ testing $PTII/ptolemy/domains/de/test/auto/VariableDelayZeroDelay.xml
auto.tcl: Setting watchdog for 200 seconds at Sat May 12 14:14:57 UTC 2018
1 ms. Memory: 466432K Free: 448055K (96%)
ptolemy.util.test.WatchDog.cancel(): canceling Sat May 12 14:14:57 UTC 2018
auto.tcl: Setting watchdog for 200 seconds at Sat May 12 14:14:57 UTC 2018
2 ms. Memory: 466432K Free: 448055K (96%)
ptolemy.util.test.WatchDog.cancel(): canceling Sat May 12 14:14:57 UTC 2018
------------------ testing $PTII/ptolemy/domains/de/test/auto/VariableDelayZeroDelay2.xml
auto.tcl: Setting watchdog for 200 seconds at Sat May 12 14:14:57 UTC 2018
1 ms. Memory: 468480K Free: 450101K (96%)
ptolemy.util.test.WatchDog.cancel(): canceling Sat May 12 14:14:57 UTC 2018
auto.tcl: Setting watchdog for 200 seconds at Sat May 12 14:14:57 UTC 2018
1 ms. Memory: 468480K Free: 450101K (96%)
ptolemy.util.test.WatchDog.cancel(): canceling Sat May 12 14:14:57 UTC 2018
------------------ testing $PTII/ptolemy/domains/de/test/auto/deInCt.xml
auto.tcl: Setting watchdog for 200 seconds at Sat May 12 14:14:57 UTC 2018
0
1
1
1
1
0
0
0
1
1
1
0
0
0
1
1
1
0
0
0
0
0
1
1
1
1
0
0
0
1
1
1
1
0
0
0
1
1
1
0
0
0
1
1
1
0
0
0
0
18 ms. Memory: 466432K Free: 448041K (96%)
ptolemy.util.test.WatchDog.cancel(): canceling Sat May 12 14:14:57 UTC 2018
auto.tcl: Setting watchdog for 200 seconds at Sat May 12 14:14:57 UTC 2018
0
1
1
1
0
0
0
0
1
1
1
0
0
0
1
1
1
0
0
0
0
1
1
1
1
0
0
0
1
1
1
0
0
0
1
1
1
0
0
0
1
1
1
0
0
0
1
1
1
1
10 ms. Memory: 466432K Free: 448041K (96%)
ptolemy.util.test.WatchDog.cancel(): canceling Sat May 12 14:14:57 UTC 2018
------------------ testing $PTII/ptolemy/domains/de/test/auto/deInCt2.xml
auto.tcl: Setting watchdog for 200 seconds at Sat May 12 14:14:57 UTC 2018
0
1
1
1
0
0
1
1
1
0
0
1
1
1
0
0
1
1
1
0
0
1
1
1
0
0
1
1
1
0
0
1
1
1
0
0
1
1
1
0
0
0
9 ms. Memory: 468480K Free: 450088K (96%)
ptolemy.util.test.WatchDog.cancel(): canceling Sat May 12 14:14:57 UTC 2018
auto.tcl: Setting watchdog for 200 seconds at Sat May 12 14:14:57 UTC 2018
0
1
1
1
0
0
1
1
1
0
0
1
1
1
0
0
1
1
1
0
0
1
1
1
0
0
1
1
1
0
0
1
1
1
0
0
1
1
1
0
0
0
4 ms. Memory: 468480K Free: 450088K (96%)
ptolemy.util.test.WatchDog.cancel(): canceling Sat May 12 14:14:57 UTC 2018
------------------ testing $PTII/ptolemy/domains/de/test/auto/dynamicCausalityInterface1.xml
auto.tcl: Setting watchdog for 200 seconds at Sat May 12 14:14:57 UTC 2018
1 ms. Memory: 466432K Free: 446247K (96%)
ptolemy.util.test.WatchDog.cancel(): canceling Sat May 12 14:14:57 UTC 2018
auto.tcl: Setting watchdog for 200 seconds at Sat May 12 14:14:57 UTC 2018
1 ms. Memory: 466432K Free: 446247K (96%)
ptolemy.util.test.WatchDog.cancel(): canceling Sat May 12 14:14:57 UTC 2018
------------------ testing $PTII/ptolemy/domains/de/test/auto/fsm_de_test.xml
auto.tcl: Setting watchdog for 200 seconds at Sat May 12 14:14:57 UTC 2018
10 ms. Memory: 467968K Free: 443819K (95%)
ptolemy.util.test.WatchDog.cancel(): canceling Sat May 12 14:14:57 UTC 2018
auto.tcl: Setting watchdog for 200 seconds at Sat May 12 14:14:57 UTC 2018
5 ms. Memory: 467968K Free: 443819K (95%)
ptolemy.util.test.WatchDog.cancel(): canceling Sat May 12 14:14:57 UTC 2018
------------------ testing $PTII/ptolemy/domains/de/test/auto/functionDependencyReconstruction.xml
auto.tcl: Setting watchdog for 200 seconds at Sat May 12 14:14:57 UTC 2018
5 ms. Memory: 466432K Free: 436624K (94%)
ptolemy.util.test.WatchDog.cancel(): canceling Sat May 12 14:14:58 UTC 2018
auto.tcl: Setting watchdog for 200 seconds at Sat May 12 14:14:58 UTC 2018
3 ms. Memory: 466432K Free: 430975K (92%)
ptolemy.util.test.WatchDog.cancel(): canceling Sat May 12 14:14:58 UTC 2018
------------------ testing $PTII/ptolemy/domains/de/test/auto/multirate.xml
auto.tcl: Setting watchdog for 200 seconds at Sat May 12 14:14:58 UTC 2018
6 ms. Memory: 467968K Free: 447536K (96%)
ptolemy.util.test.WatchDog.cancel(): canceling Sat May 12 14:14:58 UTC 2018
auto.tcl: Setting watchdog for 200 seconds at Sat May 12 14:14:58 UTC 2018
2 ms. Memory: 467968K Free: 447536K (96%)
ptolemy.util.test.WatchDog.cancel(): canceling Sat May 12 14:14:58 UTC 2018
------------------ testing $PTII/ptolemy/domains/de/test/auto/multirate2.xml
auto.tcl: Setting watchdog for 200 seconds at Sat May 12 14:14:58 UTC 2018
2 ms. Memory: 466432K Free: 447996K (96%)
ptolemy.util.test.WatchDog.cancel(): canceling Sat May 12 14:14:58 UTC 2018
auto.tcl: Setting watchdog for 200 seconds at Sat May 12 14:14:58 UTC 2018
2 ms. Memory: 466432K Free: 442347K (95%)
ptolemy.util.test.WatchDog.cancel(): canceling Sat May 12 14:14:58 UTC 2018
------------------ testing $PTII/ptolemy/domains/de/test/auto/realtime.xml
auto.tcl: Setting watchdog for 200 seconds at Sat May 12 14:14:58 UTC 2018
10005 ms. Memory: 467456K Free: 449009K (96%)
ptolemy.util.test.WatchDog.cancel(): canceling Sat May 12 14:15:08 UTC 2018
auto.tcl: Setting watchdog for 200 seconds at Sat May 12 14:15:08 UTC 2018
10002 ms. Memory: 467456K Free: 449009K (96%)
ptolemy.util.test.WatchDog.cancel(): canceling Sat May 12 14:15:18 UTC 2018
------------------ testing $PTII/ptolemy/domains/de/test/auto/relationGroup.xml
auto.tcl: Setting watchdog for 200 seconds at Sat May 12 14:15:18 UTC 2018
9 ms. Memory: 466432K Free: 448020K (96%)
ptolemy.util.test.WatchDog.cancel(): canceling Sat May 12 14:15:18 UTC 2018
auto.tcl: Setting watchdog for 200 seconds at Sat May 12 14:15:18 UTC 2018
1 ms. Memory: 466432K Free: 448020K (96%)
ptolemy.util.test.WatchDog.cancel(): canceling Sat May 12 14:15:18 UTC 2018
------------------ testing $PTII/ptolemy/domains/de/test/auto/relationGroup2.xml
auto.tcl: Setting watchdog for 200 seconds at Sat May 12 14:15:18 UTC 2018
2 ms. Memory: 467456K Free: 449070K (96%)
ptolemy.util.test.WatchDog.cancel(): canceling Sat May 12 14:15:18 UTC 2018
auto.tcl: Setting watchdog for 200 seconds at Sat May 12 14:15:18 UTC 2018
1 ms. Memory: 467456K Free: 449070K (96%)
ptolemy.util.test.WatchDog.cancel(): canceling Sat May 12 14:15:18 UTC 2018
------------------ testing $PTII/ptolemy/domains/de/test/auto/sortWithOpaquePorts.xml
auto.tcl: Setting watchdog for 200 seconds at Sat May 12 14:15:18 UTC 2018
1 ms. Memory: 466432K Free: 448048K (96%)
ptolemy.util.test.WatchDog.cancel(): canceling Sat May 12 14:15:18 UTC 2018
auto.tcl: Setting watchdog for 200 seconds at Sat May 12 14:15:18 UTC 2018
1 ms. Memory: 466432K Free: 448048K (96%)
ptolemy.util.test.WatchDog.cancel(): canceling Sat May 12 14:15:18 UTC 2018
------------------ testing $PTII/ptolemy/domains/de/test/auto/transferInputsandOutputs.xml
auto.tcl: Setting watchdog for 200 seconds at Sat May 12 14:15:18 UTC 2018
1 ms. Memory: 467456K Free: 443419K (95%)
ptolemy.util.test.WatchDog.cancel(): canceling Sat May 12 14:15:18 UTC 2018
auto.tcl: Setting watchdog for 200 seconds at Sat May 12 14:15:18 UTC 2018
2 ms. Memory: 467456K Free: 443419K (95%)
ptolemy.util.test.WatchDog.cancel(): canceling Sat May 12 14:15:18 UTC 2018
------------------ testing $PTII/ptolemy/domains/de/test/auto/triggerType.xml
auto.tcl: Setting watchdog for 200 seconds at Sat May 12 14:15:18 UTC 2018
1 ms. Memory: 466432K Free: 447986K (96%)
ptolemy.util.test.WatchDog.cancel(): canceling Sat May 12 14:15:18 UTC 2018
auto.tcl: Setting watchdog for 200 seconds at Sat May 12 14:15:18 UTC 2018
1 ms. Memory: 466432K Free: 447986K (96%)
ptolemy.util.test.WatchDog.cancel(): canceling Sat May 12 14:15:18 UTC 2018
05/12/18 02:15:18
Failed: 0  Total Tests: 192  ((Passed: 187, Newly Passed: 1)  Known Failed: 5) /home/travis/build/icyphy/ptII/ptolemy/domains/de/test
05/12/18 02:15:18
Failed: 0  Total Tests: 192  ((Passed: 187, Newly Passed: 1)  Known Failed: 5) /home/travis/build/icyphy/ptII/ptolemy/domains/de/test
----------------- testing (KnownFailure) /home/travis/build/icyphy/ptII/ptolemy/domains/de/test/auto/knownFailedTests/DESDFClockTest.xml
2008 ms. Memory: 466944K Free: 433124K (93%)
Known Failure: java.lang.reflect.InvocationTargetException
----------------- testing (KnownFailure) /home/travis/build/icyphy/ptII/ptolemy/domains/de/test/auto/knownFailedTests/DirectFeedback.xml
1 ms. Memory: 466944K Free: 402322K (86%)
Known Failure: java.lang.reflect.InvocationTargetException
----------------- testing (KnownFailure) /home/travis/build/icyphy/ptII/ptolemy/domains/de/test/auto/knownFailedTests/FSMSource.xml
4 ms. Memory: 466944K Free: 371519K (80%)
----------------- testing (KnownFailure) /home/travis/build/icyphy/ptII/ptolemy/domains/de/test/auto/knownFailedTests/HierarchicalModel.xml
2 ms. Memory: 466944K Free: 340701K (73%)
Known Failure: java.lang.reflect.InvocationTargetException
----------------- testing (KnownFailure) /home/travis/build/icyphy/ptII/ptolemy/domains/de/test/auto/knownFailedTests/dependencyLoop.xml
2 ms. Memory: 466944K Free: 302191K (65%)
Known Failure: java.lang.reflect.InvocationTargetException
----------------- testing (KnownFailure) /home/travis/build/icyphy/ptII/ptolemy/domains/de/test/auto/knownFailedTests/dependencyLoop2.xml
2 ms. Memory: 466944K Free: 263672K (56%)
Known Failure: java.lang.reflect.InvocationTargetException
No auto/*.xml tests in /home/travis/build/icyphy/ptII/ptolemy/domains/de/test
AutoTests.java: About to close Vertx.
AutoTests.java: Vertx closed.
----------------- testing Sat May 12 14:15:20 UTC 2018 /home/travis/build/icyphy/ptII/ptolemy/domains/de/test/auto/ActorDepthCalculation_actorWithoutPorts.xml
----------------- Instantiating /home/travis/build/icyphy/ptII/ptolemy/domains/de/test/auto/ActorDepthCalculation_actorWithoutPorts.xml
1 ms. Memory: 466944K Free: 225169K (48%)
----------------- Invoking toplevel() on ptolemy.moml.MoMLSimpleApplication@301f19d2
----------------- Done invoking toplevel() on ptolemy.moml.MoMLSimpleApplication@301f19d2
reloadAllAccessors: .ActorDepthCalculation_actorWithoutPorts
----------------- testing Sat May 12 14:15:20 UTC 2018 /home/travis/build/icyphy/ptII/ptolemy/domains/de/test/auto/AssemblyLine.xml
----------------- Instantiating /home/travis/build/icyphy/ptII/ptolemy/domains/de/test/auto/AssemblyLine.xml
1 ms. Memory: 466944K Free: 209768K (45%)
----------------- Invoking toplevel() on ptolemy.moml.MoMLSimpleApplication@1a3f0822
----------------- Done invoking toplevel() on ptolemy.moml.MoMLSimpleApplication@1a3f0822
reloadAllAccessors: .AssemblyLine
----------------- testing Sat May 12 14:15:20 UTC 2018 /home/travis/build/icyphy/ptII/ptolemy/domains/de/test/auto/CQBug1.xml
----------------- Instantiating /home/travis/build/icyphy/ptII/ptolemy/domains/de/test/auto/CQBug1.xml
0 ms. Memory: 466944K Free: 194367K (42%)
----------------- Invoking toplevel() on ptolemy.moml.MoMLSimpleApplication@6e60cf40
----------------- Done invoking toplevel() on ptolemy.moml.MoMLSimpleApplication@6e60cf40
reloadAllAccessors: .CQBug1
----------------- testing Sat May 12 14:15:20 UTC 2018 /home/travis/build/icyphy/ptII/ptolemy/domains/de/test/auto/CancelFireAt.xml
----------------- Instantiating /home/travis/build/icyphy/ptII/ptolemy/domains/de/test/auto/CancelFireAt.xml
4 ms. Memory: 466944K Free: 178966K (38%)
----------------- Invoking toplevel() on ptolemy.moml.MoMLSimpleApplication@67e1cd01
----------------- Done invoking toplevel() on ptolemy.moml.MoMLSimpleApplication@67e1cd01
reloadAllAccessors: .CancelFireAt
----------------- testing Sat May 12 14:15:20 UTC 2018 /home/travis/build/icyphy/ptII/ptolemy/domains/de/test/auto/CausalityAndComposabilityAnalysis.xml
----------------- Instantiating /home/travis/build/icyphy/ptII/ptolemy/domains/de/test/auto/CausalityAndComposabilityAnalysis.xml
1 ms. Memory: 466944K Free: 163565K (35%)
----------------- Invoking toplevel() on ptolemy.moml.MoMLSimpleApplication@46791f01
----------------- Done invoking toplevel() on ptolemy.moml.MoMLSimpleApplication@46791f01
reloadAllAccessors: .CausalityAndComposabilityAnalysis
----------------- testing Sat May 12 14:15:20 UTC 2018 /home/travis/build/icyphy/ptII/ptolemy/domains/de/test/auto/CausalityInterface1.xml
----------------- Instantiating /home/travis/build/icyphy/ptII/ptolemy/domains/de/test/auto/CausalityInterface1.xml
5 ms. Memory: 466944K Free: 148164K (32%)
----------------- Invoking toplevel() on ptolemy.moml.MoMLSimpleApplication@6cb9a128
----------------- Done invoking toplevel() on ptolemy.moml.MoMLSimpleApplication@6cb9a128
reloadAllAccessors: .CausalityInterface1
----------------- testing Sat May 12 14:15:20 UTC 2018 /home/travis/build/icyphy/ptII/ptolemy/domains/de/test/auto/CausalityInterface15.xml
----------------- Instantiating /home/travis/build/icyphy/ptII/ptolemy/domains/de/test/auto/CausalityInterface15.xml
2 ms. Memory: 466944K Free: 132763K (28%)
----------------- Invoking toplevel() on ptolemy.moml.MoMLSimpleApplication@16d0bd01
----------------- Done invoking toplevel() on ptolemy.moml.MoMLSimpleApplication@16d0bd01
reloadAllAccessors: .CausalityInterface15
----------------- testing Sat May 12 14:15:20 UTC 2018 /home/travis/build/icyphy/ptII/ptolemy/domains/de/test/auto/CausalityInterface2.xml
----------------- Instantiating /home/travis/build/icyphy/ptII/ptolemy/domains/de/test/auto/CausalityInterface2.xml
1 ms. Memory: 466944K Free: 117362K (25%)
----------------- Invoking toplevel() on ptolemy.moml.MoMLSimpleApplication@1357bc8f
----------------- Done invoking toplevel() on ptolemy.moml.MoMLSimpleApplication@1357bc8f
reloadAllAccessors: .CausalityInterface2
----------------- testing Sat May 12 14:15:20 UTC 2018 /home/travis/build/icyphy/ptII/ptolemy/domains/de/test/auto/CausalityInterface3.xml
[...]
java.lang.RuntimeException: Execution failed
	at ptolemy.moml.MoMLSimpleApplication$UnloadThread.run(MoMLSimpleApplication.java:402)
Caused by: ptolemy.kernel.util.IllegalActionException: Test fails in iteration 1.
Value was: 1.0. Should have been: 2.0
  in .DirectFeedback.Test
	at ptolemy.actor.lib.Test.fire(Test.java:268)
	at ptolemy.domains.de.kernel.DEDirector._fire(DEDirector.java:1948)
	at ptolemy.domains.de.kernel.DEDirector.fire(DEDirector.java:502)
	at ptolemy.actor.CompositeActor.fire(CompositeActor.java:455)
	at ptolemy.actor.Manager.iterate(Manager.java:851)
	at ptolemy.actor.Manager.execute(Manager.java:369)
	at ptolemy.actor.Manager.run(Manager.java:1263)
	at ptolemy.actor.Manager$PtolemyRunThread.run(Manager.java:1915)
java.lang.RuntimeException: Execution failed
	at ptolemy.moml.MoMLSimpleApplication$UnloadThread.run(MoMLSimpleApplication.java:402)
Caused by: ptolemy.kernel.util.IllegalActionException: Actor is not ready to fire.  Perhaps UpSample.prefire() returned false? Try debugging the actor by selecting "Listen to Actor".  Also, for SDF check moml for tokenConsumptionRate on input.
  in .DESDFClockTest.Play Bell.Copy1:SDF Director and .DESDFClockTest.Play Bell.UpSample
	at ptolemy.actor.sched.StaticSchedulingDirector.fire(StaticSchedulingDirector.java:227)
	at ptolemy.domains.sdf.kernel.SDFDirector.fire(SDFDirector.java:500)
	at ptolemy.actor.CompositeActor.fire(CompositeActor.java:455)
	at ptolemy.domains.de.kernel.DEDirector._fire(DEDirector.java:1948)
	at ptolemy.domains.de.kernel.DEDirector.fire(DEDirector.java:502)
	at ptolemy.actor.CompositeActor.fire(CompositeActor.java:455)
	at ptolemy.actor.Manager.iterate(Manager.java:851)
	at ptolemy.actor.Manager.execute(Manager.java:369)
	at ptolemy.actor.Manager.run(Manager.java:1263)
	at ptolemy.actor.Manager$PtolemyRunThread.run(Manager.java:1915)
java.lang.reflect.InvocationTargetException
	at sun.reflect.NativeConstructorAccessorImpl.newInstance0(Native Method)
	at sun.reflect.NativeConstructorAccessorImpl.newInstance(NativeConstructorAccessorImpl.java:62)
	at sun.reflect.DelegatingConstructorAccessorImpl.newInstance(DelegatingConstructorAccessorImpl.java:45)
	at java.lang.reflect.Constructor.newInstance(Constructor.java:423)
	at ptolemy.util.test.junit.AutoKnownFailedTests.RunModel(AutoKnownFailedTests.java:107)
	at sun.reflect.NativeMethodAccessorImpl.invoke0(Native Method)
	at sun.reflect.NativeMethodAccessorImpl.invoke(NativeMethodAccessorImpl.java:62)
	at sun.reflect.DelegatingMethodAccessorImpl.invoke(DelegatingMethodAccessorImpl.java:43)
	at java.lang.reflect.Method.invoke(Method.java:498)
	at org.junit.runners.model.FrameworkMethod$1.runReflectiveCall(FrameworkMethod.java:44)
	at org.junit.internal.runners.model.ReflectiveCallable.run(ReflectiveCallable.java:15)
	at org.junit.runners.model.FrameworkMethod.invokeExplosively(FrameworkMethod.java:41)
	at junitparams.internal.InvokeParameterisedMethod.evaluate(InvokeParameterisedMethod.java:102)
	at org.junit.internal.runners.statements.FailOnTimeout$1.run(FailOnTimeout.java:28)
Caused by: ptolemy.kernel.util.IllegalActionException: Actor is not ready to fire.  Perhaps UpSample.prefire() returned false? Try debugging the actor by selecting "Listen to Actor".  Also, for SDF check moml for tokenConsumptionRate on input.
  in .DESDFClockTest.Play Bell.Copy1:SDF Director and .DESDFClockTest.Play Bell.UpSample
	at ptolemy.actor.sched.StaticSchedulingDirector.fire(StaticSchedulingDirector.java:227)
	at ptolemy.domains.sdf.kernel.SDFDirector.fire(SDFDirector.java:500)
	at ptolemy.actor.CompositeActor.fire(CompositeActor.java:455)
	at ptolemy.domains.de.kernel.DEDirector._fire(DEDirector.java:1948)
	at ptolemy.domains.de.kernel.DEDirector.fire(DEDirector.java:502)
	at ptolemy.actor.CompositeActor.fire(CompositeActor.java:455)
	at ptolemy.actor.Manager.iterate(Manager.java:851)
	at ptolemy.actor.Manager.execute(Manager.java:369)
	at ptolemy.actor.Manager.run(Manager.java:1263)
	at ptolemy.actor.Manager$PtolemyRunThread.run(Manager.java:1915)
java.lang.RuntimeException: Execution failed
	at ptolemy.moml.MoMLSimpleApplication$UnloadThread.run(MoMLSimpleApplication.java:402)
Caused by: ptolemy.kernel.util.IllegalActionException: Test fails in iteration 1.
Value was: 1.0. Should have been: 2.0
  in .DirectFeedback.Test
	at ptolemy.actor.lib.Test.fire(Test.java:268)
	at ptolemy.domains.de.kernel.DEDirector._fire(DEDirector.java:1948)
	at ptolemy.domains.de.kernel.DEDirector.fire(DEDirector.java:502)
	at ptolemy.actor.CompositeActor.fire(CompositeActor.java:455)
	at ptolemy.actor.Manager.iterate(Manager.java:851)
	at ptolemy.actor.Manager.execute(Manager.java:369)
	at ptolemy.actor.Manager.run(Manager.java:1263)
	at ptolemy.actor.Manager$PtolemyRunThread.run(Manager.java:1915)
java.lang.reflect.InvocationTargetException
	at sun.reflect.NativeConstructorAccessorImpl.newInstance0(Native Method)
	at sun.reflect.NativeConstructorAccessorImpl.newInstance(NativeConstructorAccessorImpl.java:62)
	at sun.reflect.DelegatingConstructorAccessorImpl.newInstance(DelegatingConstructorAccessorImpl.java:45)
	at java.lang.reflect.Constructor.newInstance(Constructor.java:423)
	at ptolemy.util.test.junit.AutoKnownFailedTests.RunModel(AutoKnownFailedTests.java:107)
	at sun.reflect.NativeMethodAccessorImpl.invoke0(Native Method)
	at sun.reflect.NativeMethodAccessorImpl.invoke(NativeMethodAccessorImpl.java:62)
	at sun.reflect.DelegatingMethodAccessorImpl.invoke(DelegatingMethodAccessorImpl.java:43)
	at java.lang.reflect.Method.invoke(Method.java:498)
	at org.junit.runners.model.FrameworkMethod$1.runReflectiveCall(FrameworkMethod.java:44)
	at org.junit.internal.runners.model.ReflectiveCallable.run(ReflectiveCallable.java:15)
	at org.junit.runners.model.FrameworkMethod.invokeExplosively(FrameworkMethod.java:41)
	at junitparams.internal.InvokeParameterisedMethod.evaluate(InvokeParameterisedMethod.java:102)
	at org.junit.internal.runners.statements.FailOnTimeout$1.run(FailOnTimeout.java:28)
Caused by: ptolemy.kernel.util.IllegalActionException: Test fails in iteration 1.
Value was: 1.0. Should have been: 2.0
  in .DirectFeedback.Test
	at ptolemy.actor.lib.Test.fire(Test.java:268)
	at ptolemy.domains.de.kernel.DEDirector._fire(DEDirector.java:1948)
	at ptolemy.domains.de.kernel.DEDirector.fire(DEDirector.java:502)
	at ptolemy.actor.CompositeActor.fire(CompositeActor.java:455)
	at ptolemy.actor.Manager.iterate(Manager.java:851)
	at ptolemy.actor.Manager.execute(Manager.java:369)
	at ptolemy.actor.Manager.run(Manager.java:1263)
	at ptolemy.actor.Manager$PtolemyRunThread.run(Manager.java:1915)
java.lang.RuntimeException: Execution failed
	at ptolemy.moml.MoMLSimpleApplication$UnloadThread.run(MoMLSimpleApplication.java:402)
Caused by: ptolemy.kernel.util.IllegalActionException: Found a zero delay loop containing .HierarchicalModel.A
  in .HierarchicalModel and .HierarchicalModel.A
	at ptolemy.actor.util.CausalityInterfaceForComposites._computeOutputPortDepth(CausalityInterfaceForComposites.java:759)
	at ptolemy.actor.util.CausalityInterfaceForComposites._computeInputDepth(CausalityInterfaceForComposites.java:696)
	at ptolemy.actor.util.CausalityInterfaceForComposites._computeOutputPortDepth(CausalityInterfaceForComposites.java:765)
	at ptolemy.actor.util.CausalityInterfaceForComposites._computeInputDepth(CausalityInterfaceForComposites.java:696)
	at ptolemy.actor.util.CausalityInterfaceForComposites._computeOutputPortDepth(CausalityInterfaceForComposites.java:765)
	at ptolemy.actor.util.CausalityInterfaceForComposites._computeInputDepth(CausalityInterfaceForComposites.java:696)
	at ptolemy.actor.util.CausalityInterfaceForComposites._computeActorDepth(CausalityInterfaceForComposites.java:532)
	at ptolemy.actor.util.CausalityInterfaceForComposites.checkForCycles(CausalityInterfaceForComposites.java:96)
	at ptolemy.domains.de.kernel.DEDirector.preinitialize(DEDirector.java:1337)
	at ptolemy.actor.CompositeActor.preinitialize(CompositeActor.java:1828)
	at ptolemy.actor.Manager.preinitializeAndResolveTypes(Manager.java:1040)
	at ptolemy.actor.Manager.initialize(Manager.java:710)
	at ptolemy.actor.Manager.execute(Manager.java:356)
	at ptolemy.actor.Manager.run(Manager.java:1263)
	at ptolemy.actor.Manager$PtolemyRunThread.run(Manager.java:1915)
java.lang.reflect.InvocationTargetException
	at sun.reflect.NativeConstructorAccessorImpl.newInstance0(Native Method)
	at sun.reflect.NativeConstructorAccessorImpl.newInstance(NativeConstructorAccessorImpl.java:62)
	at sun.reflect.DelegatingConstructorAccessorImpl.newInstance(DelegatingConstructorAccessorImpl.java:45)
	at java.lang.reflect.Constructor.newInstance(Constructor.java:423)
	at ptolemy.util.test.junit.AutoKnownFailedTests.RunModel(AutoKnownFailedTests.java:107)
	at sun.reflect.NativeMethodAccessorImpl.invoke0(Native Method)
	at sun.reflect.NativeMethodAccessorImpl.invoke(NativeMethodAccessorImpl.java:62)
	at sun.reflect.DelegatingMethodAccessorImpl.invoke(DelegatingMethodAccessorImpl.java:43)
	at java.lang.reflect.Method.invoke(Method.java:498)
	at org.junit.runners.model.FrameworkMethod$1.runReflectiveCall(FrameworkMethod.java:44)
	at org.junit.internal.runners.model.ReflectiveCallable.run(ReflectiveCallable.java:15)
	at org.junit.runners.model.FrameworkMethod.invokeExplosively(FrameworkMethod.java:41)
	at junitparams.internal.InvokeParameterisedMethod.evaluate(InvokeParameterisedMethod.java:102)
	at org.junit.internal.runners.statements.FailOnTimeout$1.run(FailOnTimeout.java:28)
Caused by: ptolemy.kernel.util.IllegalActionException: Found a zero delay loop containing .HierarchicalModel.A
  in .HierarchicalModel and .HierarchicalModel.A
	at ptolemy.actor.util.CausalityInterfaceForComposites._computeOutputPortDepth(CausalityInterfaceForComposites.java:759)
	at ptolemy.actor.util.CausalityInterfaceForComposites._computeInputDepth(CausalityInterfaceForComposites.java:696)
	at ptolemy.actor.util.CausalityInterfaceForComposites._computeOutputPortDepth(CausalityInterfaceForComposites.java:765)
	at ptolemy.actor.util.CausalityInterfaceForComposites._computeInputDepth(CausalityInterfaceForComposites.java:696)
	at ptolemy.actor.util.CausalityInterfaceForComposites._computeOutputPortDepth(CausalityInterfaceForComposites.java:765)
	at ptolemy.actor.util.CausalityInterfaceForComposites._computeInputDepth(CausalityInterfaceForComposites.java:696)
	at ptolemy.actor.util.CausalityInterfaceForComposites._computeActorDepth(CausalityInterfaceForComposites.java:532)
	at ptolemy.actor.util.CausalityInterfaceForComposites.checkForCycles(CausalityInterfaceForComposites.java:96)
	at ptolemy.domains.de.kernel.DEDirector.preinitialize(DEDirector.java:1337)
	at ptolemy.actor.CompositeActor.preinitialize(CompositeActor.java:1828)
	at ptolemy.actor.Manager.preinitializeAndResolveTypes(Manager.java:1040)
	at ptolemy.actor.Manager.initialize(Manager.java:710)
	at ptolemy.actor.Manager.execute(Manager.java:356)
	at ptolemy.actor.Manager.run(Manager.java:1263)
	at ptolemy.actor.Manager$PtolemyRunThread.run(Manager.java:1915)
java.lang.RuntimeException: Execution failed
	at ptolemy.moml.MoMLSimpleApplication$UnloadThread.run(MoMLSimpleApplication.java:402)
Caused by: ptolemy.kernel.util.IllegalActionException: Found a zero delay loop containing .dependencyLoop.original
  in .dependencyLoop and .dependencyLoop.original
	at ptolemy.actor.util.CausalityInterfaceForComposites._computeOutputPortDepth(CausalityInterfaceForComposites.java:759)
	at ptolemy.actor.util.CausalityInterfaceForComposites._computeInputDepth(CausalityInterfaceForComposites.java:696)
	at ptolemy.actor.util.CausalityInterfaceForComposites._computeOutputPortDepth(CausalityInterfaceForComposites.java:765)
	at ptolemy.actor.util.CausalityInterfaceForComposites._computeInputDepth(CausalityInterfaceForComposites.java:696)
	at ptolemy.actor.util.CausalityInterfaceForComposites._computeOutputPortDepth(CausalityInterfaceForComposites.java:765)
	at ptolemy.actor.util.CausalityInterfaceForComposites._computeInputDepth(CausalityInterfaceForComposites.java:696)
	at ptolemy.actor.util.CausalityInterfaceForComposites._computeActorDepth(CausalityInterfaceForComposites.java:532)
	at ptolemy.actor.util.CausalityInterfaceForComposites.checkForCycles(CausalityInterfaceForComposites.java:96)
	at ptolemy.domains.de.kernel.DEDirector.preinitialize(DEDirector.java:1337)
	at ptolemy.actor.CompositeActor.preinitialize(CompositeActor.java:1828)
	at ptolemy.actor.Manager.preinitializeAndResolveTypes(Manager.java:1040)
	at ptolemy.actor.Manager.initialize(Manager.java:710)
	at ptolemy.actor.Manager.execute(Manager.java:356)
	at ptolemy.actor.Manager.run(Manager.java:1263)
	at ptolemy.actor.Manager$PtolemyRunThread.run(Manager.java:1915)
java.lang.reflect.InvocationTargetException
	at sun.reflect.NativeConstructorAccessorImpl.newInstance0(Native Method)
	at sun.reflect.NativeConstructorAccessorImpl.newInstance(NativeConstructorAccessorImpl.java:62)
	at sun.reflect.DelegatingConstructorAccessorImpl.newInstance(DelegatingConstructorAccessorImpl.java:45)
	at java.lang.reflect.Constructor.newInstance(Constructor.java:423)
	at ptolemy.util.test.junit.AutoKnownFailedTests.RunModel(AutoKnownFailedTests.java:107)
	at sun.reflect.NativeMethodAccessorImpl.invoke0(Native Method)
	at sun.reflect.NativeMethodAccessorImpl.invoke(NativeMethodAccessorImpl.java:62)
	at sun.reflect.DelegatingMethodAccessorImpl.invoke(DelegatingMethodAccessorImpl.java:43)
	at java.lang.reflect.Method.invoke(Method.java:498)
	at org.junit.runners.model.FrameworkMethod$1.runReflectiveCall(FrameworkMethod.java:44)
	at org.junit.internal.runners.model.ReflectiveCallable.run(ReflectiveCallable.java:15)
	at org.junit.runners.model.FrameworkMethod.invokeExplosively(FrameworkMethod.java:41)
	at junitparams.internal.InvokeParameterisedMethod.evaluate(InvokeParameterisedMethod.java:102)
	at org.junit.internal.runners.statements.FailOnTimeout$1.run(FailOnTimeout.java:28)
Caused by: ptolemy.kernel.util.IllegalActionException: Found a zero delay loop containing .dependencyLoop.original
  in .dependencyLoop and .dependencyLoop.original
	at ptolemy.actor.util.CausalityInterfaceForComposites._computeOutputPortDepth(CausalityInterfaceForComposites.java:759)
	at ptolemy.actor.util.CausalityInterfaceForComposites._computeInputDepth(CausalityInterfaceForComposites.java:696)
	at ptolemy.actor.util.CausalityInterfaceForComposites._computeOutputPortDepth(CausalityInterfaceForComposites.java:765)
	at ptolemy.actor.util.CausalityInterfaceForComposites._computeInputDepth(CausalityInterfaceForComposites.java:696)
	at ptolemy.actor.util.CausalityInterfaceForComposites._computeOutputPortDepth(CausalityInterfaceForComposites.java:765)
	at ptolemy.actor.util.CausalityInterfaceForComposites._computeInputDepth(CausalityInterfaceForComposites.java:696)
	at ptolemy.actor.util.CausalityInterfaceForComposites._computeActorDepth(CausalityInterfaceForComposites.java:532)
	at ptolemy.actor.util.CausalityInterfaceForComposites.checkForCycles(CausalityInterfaceForComposites.java:96)
	at ptolemy.domains.de.kernel.DEDirector.preinitialize(DEDirector.java:1337)
	at ptolemy.actor.CompositeActor.preinitialize(CompositeActor.java:1828)
	at ptolemy.actor.Manager.preinitializeAndResolveTypes(Manager.java:1040)
	at ptolemy.actor.Manager.initialize(Manager.java:710)
	at ptolemy.actor.Manager.execute(Manager.java:356)
	at ptolemy.actor.Manager.run(Manager.java:1263)
	at ptolemy.actor.Manager$PtolemyRunThread.run(Manager.java:1915)
java.lang.RuntimeException: Execution failed
	at ptolemy.moml.MoMLSimpleApplication$UnloadThread.run(MoMLSimpleApplication.java:402)
Caused by: ptolemy.kernel.util.IllegalActionException: Found a zero delay loop containing .dependencyLoop2.original
  in .dependencyLoop2 and .dependencyLoop2.original
	at ptolemy.actor.util.CausalityInterfaceForComposites._computeOutputPortDepth(CausalityInterfaceForComposites.java:759)
	at ptolemy.actor.util.CausalityInterfaceForComposites._computeInputDepth(CausalityInterfaceForComposites.java:696)
	at ptolemy.actor.util.CausalityInterfaceForComposites._computeOutputPortDepth(CausalityInterfaceForComposites.java:765)
	at ptolemy.actor.util.CausalityInterfaceForComposites._computeInputDepth(CausalityInterfaceForComposites.java:696)
	at ptolemy.actor.util.CausalityInterfaceForComposites._computeOutputPortDepth(CausalityInterfaceForComposites.java:765)
	at ptolemy.actor.util.CausalityInterfaceForComposites._computeInputDepth(CausalityInterfaceForComposites.java:696)
	at ptolemy.actor.util.CausalityInterfaceForComposites._computeActorDepth(CausalityInterfaceForComposites.java:532)
	at ptolemy.actor.util.CausalityInterfaceForComposites.checkForCycles(CausalityInterfaceForComposites.java:96)
	at ptolemy.domains.de.kernel.DEDirector.preinitialize(DEDirector.java:1337)
	at ptolemy.actor.CompositeActor.preinitialize(CompositeActor.java:1828)
	at ptolemy.actor.Manager.preinitializeAndResolveTypes(Manager.java:1040)
	at ptolemy.actor.Manager.initialize(Manager.java:710)
	at ptolemy.actor.Manager.execute(Manager.java:356)
	at ptolemy.actor.Manager.run(Manager.java:1263)
	at ptolemy.actor.Manager$PtolemyRunThread.run(Manager.java:1915)
java.lang.reflect.InvocationTargetException
	at sun.reflect.NativeConstructorAccessorImpl.newInstance0(Native Method)
	at sun.reflect.NativeConstructorAccessorImpl.newInstance(NativeConstructorAccessorImpl.java:62)
	at sun.reflect.DelegatingConstructorAccessorImpl.newInstance(DelegatingConstructorAccessorImpl.java:45)
	at java.lang.reflect.Constructor.newInstance(Constructor.java:423)
	at ptolemy.util.test.junit.AutoKnownFailedTests.RunModel(AutoKnownFailedTests.java:107)
	at sun.reflect.NativeMethodAccessorImpl.invoke0(Native Method)
	at sun.reflect.NativeMethodAccessorImpl.invoke(NativeMethodAccessorImpl.java:62)
	at sun.reflect.DelegatingMethodAccessorImpl.invoke(DelegatingMethodAccessorImpl.java:43)
	at java.lang.reflect.Method.invoke(Method.java:498)
	at org.junit.runners.model.FrameworkMethod$1.runReflectiveCall(FrameworkMethod.java:44)
	at org.junit.internal.runners.model.ReflectiveCallable.run(ReflectiveCallable.java:15)
	at org.junit.runners.model.FrameworkMethod.invokeExplosively(FrameworkMethod.java:41)
	at junitparams.internal.InvokeParameterisedMethod.evaluate(InvokeParameterisedMethod.java:102)
	at org.junit.internal.runners.statements.FailOnTimeout$1.run(FailOnTimeout.java:28)
Caused by: ptolemy.kernel.util.IllegalActionException: Found a zero delay loop containing .dependencyLoop2.original
  in .dependencyLoop2 and .dependencyLoop2.original
	at ptolemy.actor.util.CausalityInterfaceForComposites._computeOutputPortDepth(CausalityInterfaceForComposites.java:759)
	at ptolemy.actor.util.CausalityInterfaceForComposites._computeInputDepth(CausalityInterfaceForComposites.java:696)
	at ptolemy.actor.util.CausalityInterfaceForComposites._computeOutputPortDepth(CausalityInterfaceForComposites.java:765)
	at ptolemy.actor.util.CausalityInterfaceForComposites._computeInputDepth(CausalityInterfaceForComposites.java:696)
	at ptolemy.actor.util.CausalityInterfaceForComposites._computeOutputPortDepth(CausalityInterfaceForComposites.java:765)
	at ptolemy.actor.util.CausalityInterfaceForComposites._computeInputDepth(CausalityInterfaceForComposites.java:696)
	at ptolemy.actor.util.CausalityInterfaceForComposites._computeActorDepth(CausalityInterfaceForComposites.java:532)
	at ptolemy.actor.util.CausalityInterfaceForComposites.checkForCycles(CausalityInterfaceForComposites.java:96)
	at ptolemy.domains.de.kernel.DEDirector.preinitialize(DEDirector.java:1337)
	at ptolemy.actor.CompositeActor.preinitialize(CompositeActor.java:1828)
	at ptolemy.actor.Manager.preinitializeAndResolveTypes(Manager.java:1040)
	at ptolemy.actor.Manager.initialize(Manager.java:710)
	at ptolemy.actor.Manager.execute(Manager.java:356)
	at ptolemy.actor.Manager.run(Manager.java:1263)
	at ptolemy.actor.Manager$PtolemyRunThread.run(Manager.java:1915)
]]></system-err>
</testsuite>
