<?xml version="1.0" encoding="UTF-8" ?>
<testsuite errors="0" failures="0" hostname="travis-job-c6fbb0fd-2c75-4d84-b893-8c2215c1cc55" name="ptolemy.domains.pn.test.junit.JUnitTclTest" skipped="0" tests="43" time="6.157" timestamp="2018-05-23T16:45:38">
  <properties>
[...]
</properties>
  <testcase classname="ptolemy.util.test.junit.TclTests" name="[0] /home/travis/build/icyphy/ptII/ptolemy/domains/pn/test/PNDirector.tcl (RunTclFile)" time="0.534" />
  <testcase classname="ptolemy.util.test.junit.TclTests" name="[1] /home/travis/build/icyphy/ptII/ptolemy/domains/pn/test/TimedPNDirector.tcl (RunTclFile)" time="0.013" />
  <testcase classname="ptolemy.util.test.junit.AutoKnownFailedTests" name="[0] ThereAreNoKnowFailedTests (RunModel)" time="0.0" />
  <testcase classname="ptolemy.util.test.junit.AutoNameArchTests" name="[0] ThereAreNoAutoTests (RunModel)" time="0.0" />
  <testcase classname="ptolemy.util.test.junit.AutoTests" name="[0] /home/travis/build/icyphy/ptII/ptolemy/domains/pn/test/auto/Branching-switch-PN-ptolemy-2.xml (RunModel)" time="0.15" />
  <testcase classname="ptolemy.util.test.junit.AutoTests" name="[1] /home/travis/build/icyphy/ptII/ptolemy/domains/pn/test/auto/Branching-switch-PN-ptolemy.xml (RunModel)" time="0.098" />
  <testcase classname="ptolemy.util.test.junit.AutoTests" name="[2] /home/travis/build/icyphy/ptII/ptolemy/domains/pn/test/auto/BrockAckermanTest.xml (RunModel)" time="0.361" />
  <testcase classname="ptolemy.util.test.junit.AutoTests" name="[3] /home/travis/build/icyphy/ptII/ptolemy/domains/pn/test/auto/CounterMachine.xml (RunModel)" time="1.287" />
  <testcase classname="ptolemy.util.test.junit.AutoTests" name="[4] /home/travis/build/icyphy/ptII/ptolemy/domains/pn/test/auto/CounterMachine1.xml (RunModel)" time="0.909" />
  <testcase classname="ptolemy.util.test.junit.AutoTests" name="[5] /home/travis/build/icyphy/ptII/ptolemy/domains/pn/test/auto/CounterMachineWithException.xml (RunModel)" time="0.704" />
  <testcase classname="ptolemy.util.test.junit.AutoTests" name="[6] /home/travis/build/icyphy/ptII/ptolemy/domains/pn/test/auto/FinalState.xml (RunModel)" time="0.072" />
  <testcase classname="ptolemy.util.test.junit.AutoTests" name="[7] /home/travis/build/icyphy/ptII/ptolemy/domains/pn/test/auto/FourExpressions.xml (RunModel)" time="0.1" />
  <testcase classname="ptolemy.util.test.junit.AutoTests" name="[8] /home/travis/build/icyphy/ptII/ptolemy/domains/pn/test/auto/Identity.xml (RunModel)" time="0.049" />
  <testcase classname="ptolemy.util.test.junit.AutoTests" name="[9] /home/travis/build/icyphy/ptII/ptolemy/domains/pn/test/auto/IdentityWithFeedback.xml (RunModel)" time="0.039" />
  <testcase classname="ptolemy.util.test.junit.AutoTests" name="[10] /home/travis/build/icyphy/ptII/ptolemy/domains/pn/test/auto/NondeterministicMergeTest.xml (RunModel)" time="0.083" />
  <testcase classname="ptolemy.util.test.junit.AutoTests" name="[11] /home/travis/build/icyphy/ptII/ptolemy/domains/pn/test/auto/OrderedMerge.xml (RunModel)" time="0.146" />
  <testcase classname="ptolemy.util.test.junit.AutoTests" name="[12] /home/travis/build/icyphy/ptII/ptolemy/domains/pn/test/auto/PNAbstractReceiverTest.xml (RunModel)" time="0.054" />
  <testcase classname="ptolemy.util.test.junit.AutoTests" name="[13] /home/travis/build/icyphy/ptII/ptolemy/domains/pn/test/auto/QR.xml (RunModel)" time="0.078" />
  <testcase classname="ptolemy.util.test.junit.AutoTests" name="[14] /home/travis/build/icyphy/ptII/ptolemy/domains/pn/test/auto/RemoveNilTokens.xml (RunModel)" time="0.091" />
  <testcase classname="ptolemy.util.test.junit.AutoTests" name="[15] /home/travis/build/icyphy/ptII/ptolemy/domains/pn/test/auto/Stack.xml (RunModel)" time="0.15" />
  <testcase classname="ptolemy.util.test.junit.AutoTests" name="[16] /home/travis/build/icyphy/ptII/ptolemy/domains/pn/test/auto/TestRemoveNilTokens.xml (RunModel)" time="0.043" />
  <testcase classname="ptolemy.util.test.junit.AutoTests" name="[17] /home/travis/build/icyphy/ptII/ptolemy/domains/pn/test/auto/TestSeq2Array.xml (RunModel)" time="0.042" />
  <testcase classname="ptolemy.util.test.junit.AutoTests" name="[18] /home/travis/build/icyphy/ptII/ptolemy/domains/pn/test/auto/TrivialIdentity.xml (RunModel)" time="0.031" />
  <testcase classname="ptolemy.util.test.junit.AutoTests" name="[19] /home/travis/build/icyphy/ptII/ptolemy/domains/pn/test/auto/WidthInferenceTest1.xml (RunModel)" time="0.046" />
  <testcase classname="ptolemy.util.test.junit.AutoTests" name="[20] /home/travis/build/icyphy/ptII/ptolemy/domains/pn/test/auto/WidthInferenceTest2.xml (RunModel)" time="0.052" />
  <testcase classname="ptolemy.util.test.junit.AutoTests" name="[21] /home/travis/build/icyphy/ptII/ptolemy/domains/pn/test/auto/WidthInferenceTest3.xml (RunModel)" time="0.061" />
  <testcase classname="ptolemy.util.test.junit.AutoTests" name="[22] /home/travis/build/icyphy/ptII/ptolemy/domains/pn/test/auto/WidthInferenceTest4.xml (RunModel)" time="0.066" />
  <testcase classname="ptolemy.util.test.junit.AutoTests" name="[23] /home/travis/build/icyphy/ptII/ptolemy/domains/pn/test/auto/WidthInferenceTest5.xml (RunModel)" time="0.058" />
  <testcase classname="ptolemy.util.test.junit.AutoTests" name="[24] /home/travis/build/icyphy/ptII/ptolemy/domains/pn/test/auto/controlled_kahnnet.xml (RunModel)" time="0.025" />
  <testcase classname="ptolemy.util.test.junit.AutoTests" name="[25] /home/travis/build/icyphy/ptII/ptolemy/domains/pn/test/auto/demandDriven.xml (RunModel)" time="0.03" />
  <testcase classname="ptolemy.util.test.junit.AutoTests" name="[26] /home/travis/build/icyphy/ptII/ptolemy/domains/pn/test/auto/feedback.xml (RunModel)" time="0.024" />
  <testcase classname="ptolemy.util.test.junit.AutoTests" name="[27] /home/travis/build/icyphy/ptII/ptolemy/domains/pn/test/auto/helloWorld.xml (RunModel)" time="0.022" />
  <testcase classname="ptolemy.util.test.junit.AutoTests" name="[28] /home/travis/build/icyphy/ptII/ptolemy/domains/pn/test/auto/helloWorld2.xml (RunModel)" time="0.028" />
  <testcase classname="ptolemy.util.test.junit.AutoTests" name="[29] /home/travis/build/icyphy/ptII/ptolemy/domains/pn/test/auto/noOutput.xml (RunModel)" time="0.072" />
  <testcase classname="ptolemy.util.test.junit.AutoTests" name="[30] /home/travis/build/icyphy/ptII/ptolemy/domains/pn/test/auto/relationGroup.xml (RunModel)" time="0.032" />
  <testcase classname="ptolemy.util.test.junit.AutoTests" name="[31] /home/travis/build/icyphy/ptII/ptolemy/domains/pn/test/auto/relationGroup2.xml (RunModel)" time="0.021" />
  <testcase classname="ptolemy.util.test.junit.AutoTests" name="[32] /home/travis/build/icyphy/ptII/ptolemy/domains/pn/test/auto/relationGroup3.xml (RunModel)" time="0.022" />
  <testcase classname="ptolemy.util.test.junit.AutoTests" name="[33] /home/travis/build/icyphy/ptII/ptolemy/domains/pn/test/auto/relationGroup4.xml (RunModel)" time="0.025" />
  <testcase classname="ptolemy.util.test.junit.AutoTests" name="[34] /home/travis/build/icyphy/ptII/ptolemy/domains/pn/test/auto/relationGroup5.xml (RunModel)" time="0.017" />
  <testcase classname="ptolemy.util.test.junit.AutoTests" name="[35] /home/travis/build/icyphy/ptII/ptolemy/domains/pn/test/auto/relationGroup6.xml (RunModel)" time="0.026" />
  <testcase classname="ptolemy.util.test.junit.AutoTests" name="[36] /home/travis/build/icyphy/ptII/ptolemy/domains/pn/test/auto/relationGroup7.xml (RunModel)" time="0.024" />
  <testcase classname="ptolemy.util.test.junit.AutoTests" name="[37] /home/travis/build/icyphy/ptII/ptolemy/domains/pn/test/auto/relationGroup8.xml (RunModel)" time="0.025" />
  <testcase classname="ptolemy.util.test.junit.AutoTests" name="[38] /home/travis/build/icyphy/ptII/ptolemy/domains/pn/test/auto/widthTest.xml (RunModel)" time="0.042" />
  <system-out><![CDATA[/home/travis/build/icyphy/ptII/ptolemy/domains/pn/test/PNDirector.tcl
testDefs.tcl: setting time out to 9000 seconds at Wed May 23 16:45:38 UTC 2018
81 ms. Memory: 116224K Free: 87027K (75%)
15 ms. Memory: 116224K Free: 107799K (93%)
/home/travis/build/icyphy/ptII/ptolemy/domains/pn/test/TimedPNDirector.tcl


==== $PTII/ptolemy/domains/pn/test/TimedPNDirector.tcl: TimedPNDirector-6.1 Test an application
==== Contents of test case:


    set e0 [java::new ptolemy.actor.TypedCompositeActor]
    set manager [java::new ptolemy.actor.Manager]
    set director [java::new ptolemy.domains.pn.kernel.TimedPNDirector]
    $e0 setDirector $director
    $e0 setName top
    $e0 setManager $manager

    # FIXME: why doesn't the getParameter option work.
    set ramp [java::new ptolemy.actor.lib.Ramp $e0 ramp]
    set param [java::cast ptolemy.data.expr.Parameter  [$ramp getAttribute  firingCountLimit]]
    $param setExpression 20

    set rec [java::new ptolemy.actor.lib.Recorder $e0 rec]
    $e0 connect  [java::field [java::cast ptolemy.actor.lib.Source $ramp] output]  [java::field [java::cast ptolemy.actor.lib.Sink $rec] input]

    error "Running this test sometimes causes an endless loop" 

#    [$e0 getManager] execute
#    enumToTokenValues [$rec getRecord 0]


.... Test generated KNOWN error:
Running this test sometimes causes an endless loop
    while executing
"error "Running this test sometimes causes an endless loop" "
    ("uplevel" body line 18)
    invoked from within
"uplevel $contents_of_test"
05/23/18 04:45:38
Failed: 0  Total Tests: 3  ((Passed: 2, Newly Passed: 0)  Known Failed: 1) /home/travis/build/icyphy/ptII/ptolemy/domains/pn/test
No auto/knownFailedTests/*.xml tests in /home/travis/build/icyphy/ptII/ptolemy/domains/pn/test
No auto/*.xml tests in /home/travis/build/icyphy/ptII/ptolemy/domains/pn/test
AutoTests.java: About to close Vertx.
AutoTests.java: Vertx closed.
----------------- testing Wed May 23 16:45:38 UTC 2018 /home/travis/build/icyphy/ptII/ptolemy/domains/pn/test/auto/Branching-switch-PN-ptolemy-2.xml
----------------- Instantiating /home/travis/build/icyphy/ptII/ptolemy/domains/pn/test/auto/Branching-switch-PN-ptolemy-2.xml
23 ms. Memory: 146944K Free: 126833K (86%)
----------------- Invoking toplevel() on ptolemy.moml.MoMLSimpleApplication@7c2abedc
----------------- Done invoking toplevel() on ptolemy.moml.MoMLSimpleApplication@7c2abedc
reloadAllAccessors: .Branching-switch-PN-ptolemy-2
----------------- testing Wed May 23 16:45:39 UTC 2018 /home/travis/build/icyphy/ptII/ptolemy/domains/pn/test/auto/Branching-switch-PN-ptolemy.xml
----------------- Instantiating /home/travis/build/icyphy/ptII/ptolemy/domains/pn/test/auto/Branching-switch-PN-ptolemy.xml
21 ms. Memory: 146944K Free: 113620K (77%)
----------------- Invoking toplevel() on ptolemy.moml.MoMLSimpleApplication@66fd615
----------------- Done invoking toplevel() on ptolemy.moml.MoMLSimpleApplication@66fd615
reloadAllAccessors: .Branching-switch-PN-ptolemy
----------------- testing Wed May 23 16:45:39 UTC 2018 /home/travis/build/icyphy/ptII/ptolemy/domains/pn/test/auto/BrockAckermanTest.xml
----------------- Instantiating /home/travis/build/icyphy/ptII/ptolemy/domains/pn/test/auto/BrockAckermanTest.xml
223 ms. Memory: 146944K Free: 92465K (63%)
----------------- Invoking toplevel() on ptolemy.moml.MoMLSimpleApplication@4b656b35
----------------- Done invoking toplevel() on ptolemy.moml.MoMLSimpleApplication@4b656b35
reloadAllAccessors: .BrockAckermanTest
----------------- testing Wed May 23 16:45:39 UTC 2018 /home/travis/build/icyphy/ptII/ptolemy/domains/pn/test/auto/CounterMachine.xml
----------------- Instantiating /home/travis/build/icyphy/ptII/ptolemy/domains/pn/test/auto/CounterMachine.xml
732 ms. Memory: 208384K Free: 87778K (42%)
----------------- Invoking toplevel() on ptolemy.moml.MoMLSimpleApplication@7fa736e5
----------------- Done invoking toplevel() on ptolemy.moml.MoMLSimpleApplication@7fa736e5
reloadAllAccessors: .CounterMachine
----------------- testing Wed May 23 16:45:40 UTC 2018 /home/travis/build/icyphy/ptII/ptolemy/domains/pn/test/auto/CounterMachine1.xml
----------------- Instantiating /home/travis/build/icyphy/ptII/ptolemy/domains/pn/test/auto/CounterMachine1.xml
611 ms. Memory: 333312K Free: 220950K (66%)
----------------- Invoking toplevel() on ptolemy.moml.MoMLSimpleApplication@6c265f63
----------------- Done invoking toplevel() on ptolemy.moml.MoMLSimpleApplication@6c265f63
reloadAllAccessors: .CounterMachine1
----------------- testing Wed May 23 16:45:41 UTC 2018 /home/travis/build/icyphy/ptII/ptolemy/domains/pn/test/auto/CounterMachineWithException.xml
----------------- Instantiating /home/travis/build/icyphy/ptII/ptolemy/domains/pn/test/auto/CounterMachineWithException.xml
342 ms. Memory: 333312K Free: 88043K (26%)
----------------- Invoking toplevel() on ptolemy.moml.MoMLSimpleApplication@fccf0d9
----------------- Done invoking toplevel() on ptolemy.moml.MoMLSimpleApplication@fccf0d9
reloadAllAccessors: .CounterMachineWithException
----------------- testing Wed May 23 16:45:42 UTC 2018 /home/travis/build/icyphy/ptII/ptolemy/domains/pn/test/auto/FinalState.xml
----------------- Instantiating /home/travis/build/icyphy/ptII/ptolemy/domains/pn/test/auto/FinalState.xml
16 ms. Memory: 333312K Free: 81579K (24%)
----------------- Invoking toplevel() on ptolemy.moml.MoMLSimpleApplication@2c08ab78
----------------- Done invoking toplevel() on ptolemy.moml.MoMLSimpleApplication@2c08ab78
reloadAllAccessors: .FinalState
----------------- testing Wed May 23 16:45:42 UTC 2018 /home/travis/build/icyphy/ptII/ptolemy/domains/pn/test/auto/FourExpressions.xml
----------------- Instantiating /home/travis/build/icyphy/ptII/ptolemy/domains/pn/test/auto/FourExpressions.xml
38 ms. Memory: 333312K Free: 319013K (96%)
----------------- Invoking toplevel() on ptolemy.moml.MoMLSimpleApplication@1c406786
----------------- Done invoking toplevel() on ptolemy.moml.MoMLSimpleApplication@1c406786
reloadAllAccessors: .FourExpressions
----------------- testing Wed May 23 16:45:42 UTC 2018 /home/travis/build/icyphy/ptII/ptolemy/domains/pn/test/auto/Identity.xml
----------------- Instantiating /home/travis/build/icyphy/ptII/ptolemy/domains/pn/test/auto/Identity.xml
22 ms. Memory: 333312K Free: 311683K (94%)
----------------- Invoking toplevel() on ptolemy.moml.MoMLSimpleApplication@52c535e9
----------------- Done invoking toplevel() on ptolemy.moml.MoMLSimpleApplication@52c535e9
reloadAllAccessors: .Identity
----------------- testing Wed May 23 16:45:42 UTC 2018 /home/travis/build/icyphy/ptII/ptolemy/domains/pn/test/auto/IdentityWithFeedback.xml
----------------- Instantiating /home/travis/build/icyphy/ptII/ptolemy/domains/pn/test/auto/IdentityWithFeedback.xml
19 ms. Memory: 333312K Free: 306930K (92%)
----------------- Invoking toplevel() on ptolemy.moml.MoMLSimpleApplication@245448c7
----------------- Done invoking toplevel() on ptolemy.moml.MoMLSimpleApplication@245448c7
reloadAllAccessors: .IdentityWithFeedback
----------------- testing Wed May 23 16:45:42 UTC 2018 /home/travis/build/icyphy/ptII/ptolemy/domains/pn/test/auto/NondeterministicMergeTest.xml
----------------- Instantiating /home/travis/build/icyphy/ptII/ptolemy/domains/pn/test/auto/NondeterministicMergeTest.xml
50 ms. Memory: 333312K Free: 300523K (90%)
----------------- Invoking toplevel() on ptolemy.moml.MoMLSimpleApplication@b9045d2
----------------- Done invoking toplevel() on ptolemy.moml.MoMLSimpleApplication@b9045d2
reloadAllAccessors: .NondeterministicMergeTest
----------------- testing Wed May 23 16:45:42 UTC 2018 /home/travis/build/icyphy/ptII/ptolemy/domains/pn/test/auto/OrderedMerge.xml
----------------- Instantiating /home/travis/build/icyphy/ptII/ptolemy/domains/pn/test/auto/OrderedMerge.xml
113 ms. Memory: 333312K Free: 290439K (87%)
----------------- Invoking toplevel() on ptolemy.moml.MoMLSimpleApplication@126dcc61
----------------- Done invoking toplevel() on ptolemy.moml.MoMLSimpleApplication@126dcc61
reloadAllAccessors: .OrderedMerge
----------------- testing Wed May 23 16:45:42 UTC 2018 /home/travis/build/icyphy/ptII/ptolemy/domains/pn/test/auto/PNAbstractReceiverTest.xml
----------------- Instantiating /home/travis/build/icyphy/ptII/ptolemy/domains/pn/test/auto/PNAbstractReceiverTest.xml
24 ms. Memory: 333312K Free: 286696K (86%)
----------------- Invoking toplevel() on ptolemy.moml.MoMLSimpleApplication@16190f8b
----------------- Done invoking toplevel() on ptolemy.moml.MoMLSimpleApplication@16190f8b
reloadAllAccessors: .PNAbstractReceiverTest
----------------- testing Wed May 23 16:45:43 UTC 2018 /home/travis/build/icyphy/ptII/ptolemy/domains/pn/test/auto/QR.xml
----------------- Instantiating /home/travis/build/icyphy/ptII/ptolemy/domains/pn/test/auto/QR.xml
23 ms. Memory: 333312K Free: 275321K (83%)
----------------- Invoking toplevel() on ptolemy.moml.MoMLSimpleApplication@5f2b8c1d
----------------- Done invoking toplevel() on ptolemy.moml.MoMLSimpleApplication@5f2b8c1d
reloadAllAccessors: .QR
----------------- testing Wed May 23 16:45:43 UTC 2018 /home/travis/build/icyphy/ptII/ptolemy/domains/pn/test/auto/RemoveNilTokens.xml
----------------- Instantiating /home/travis/build/icyphy/ptII/ptolemy/domains/pn/test/auto/RemoveNilTokens.xml
55 ms. Memory: 333312K Free: 266061K (80%)
----------------- Invoking toplevel() on ptolemy.moml.MoMLSimpleApplication@331ad164
----------------- Done invoking toplevel() on ptolemy.moml.MoMLSimpleApplication@331ad164
reloadAllAccessors: .RemoveNilTokens
----------------- testing Wed May 23 16:45:43 UTC 2018 /home/travis/build/icyphy/ptII/ptolemy/domains/pn/test/auto/Stack.xml
----------------- Instantiating /home/travis/build/icyphy/ptII/ptolemy/domains/pn/test/auto/Stack.xml
51 ms. Memory: 333312K Free: 242333K (73%)
----------------- Invoking toplevel() on ptolemy.moml.MoMLSimpleApplication@5e1c2c81
----------------- Done invoking toplevel() on ptolemy.moml.MoMLSimpleApplication@5e1c2c81
reloadAllAccessors: .Stack
----------------- testing Wed May 23 16:45:43 UTC 2018 /home/travis/build/icyphy/ptII/ptolemy/domains/pn/test/auto/TestRemoveNilTokens.xml
----------------- Instantiating /home/travis/build/icyphy/ptII/ptolemy/domains/pn/test/auto/TestRemoveNilTokens.xml
20 ms. Memory: 333312K Free: 235296K (71%)
----------------- Invoking toplevel() on ptolemy.moml.MoMLSimpleApplication@2593488a
----------------- Done invoking toplevel() on ptolemy.moml.MoMLSimpleApplication@2593488a
reloadAllAccessors: .TestRemoveNilTokens
----------------- testing Wed May 23 16:45:43 UTC 2018 /home/travis/build/icyphy/ptII/ptolemy/domains/pn/test/auto/TestSeq2Array.xml
----------------- Instantiating /home/travis/build/icyphy/ptII/ptolemy/domains/pn/test/auto/TestSeq2Array.xml
12 ms. Memory: 333312K Free: 229550K (69%)
----------------- Invoking toplevel() on ptolemy.moml.MoMLSimpleApplication@4ac20e9d
----------------- Done invoking toplevel() on ptolemy.moml.MoMLSimpleApplication@4ac20e9d
reloadAllAccessors: .TestSeq2Array
----------------- testing Wed May 23 16:45:43 UTC 2018 /home/travis/build/icyphy/ptII/ptolemy/domains/pn/test/auto/TrivialIdentity.xml
----------------- Instantiating /home/travis/build/icyphy/ptII/ptolemy/domains/pn/test/auto/TrivialIdentity.xml
9 ms. Memory: 333312K Free: 224821K (67%)
----------------- Invoking toplevel() on ptolemy.moml.MoMLSimpleApplication@733e8c22
----------------- Done invoking toplevel() on ptolemy.moml.MoMLSimpleApplication@733e8c22
reloadAllAccessors: .TrivialIdentity
----------------- testing Wed May 23 16:45:43 UTC 2018 /home/travis/build/icyphy/ptII/ptolemy/domains/pn/test/auto/WidthInferenceTest1.xml
----------------- Instantiating /home/travis/build/icyphy/ptII/ptolemy/domains/pn/test/auto/WidthInferenceTest1.xml
9 ms. Memory: 333312K Free: 217301K (65%)
----------------- Invoking toplevel() on ptolemy.moml.MoMLSimpleApplication@15727e95
----------------- Done invoking toplevel() on ptolemy.moml.MoMLSimpleApplication@15727e95
reloadAllAccessors: .1
----------------- testing Wed May 23 16:45:43 UTC 2018 /home/travis/build/icyphy/ptII/ptolemy/domains/pn/test/auto/WidthInferenceTest2.xml
----------------- Instantiating /home/travis/build/icyphy/ptII/ptolemy/domains/pn/test/auto/WidthInferenceTest2.xml
34 ms. Memory: 333312K Free: 211574K (63%)
----------------- Invoking toplevel() on ptolemy.moml.MoMLSimpleApplication@5820a8f4
----------------- Done invoking toplevel() on ptolemy.moml.MoMLSimpleApplication@5820a8f4
reloadAllAccessors: .2
----------------- testing Wed May 23 16:45:43 UTC 2018 /home/travis/build/icyphy/ptII/ptolemy/domains/pn/test/auto/WidthInferenceTest3.xml
----------------- Instantiating /home/travis/build/icyphy/ptII/ptolemy/domains/pn/test/auto/WidthInferenceTest3.xml
20 ms. Memory: 333312K Free: 197295K (59%)
----------------- Invoking toplevel() on ptolemy.moml.MoMLSimpleApplication@33a9a7b8
----------------- Done invoking toplevel() on ptolemy.moml.MoMLSimpleApplication@33a9a7b8
reloadAllAccessors: .3
----------------- testing Wed May 23 16:45:43 UTC 2018 /home/travis/build/icyphy/ptII/ptolemy/domains/pn/test/auto/WidthInferenceTest4.xml
----------------- Instantiating /home/travis/build/icyphy/ptII/ptolemy/domains/pn/test/auto/WidthInferenceTest4.xml
20 ms. Memory: 333312K Free: 184123K (55%)
----------------- Invoking toplevel() on ptolemy.moml.MoMLSimpleApplication@39440fda
----------------- Done invoking toplevel() on ptolemy.moml.MoMLSimpleApplication@39440fda
reloadAllAccessors: .WidthInferenceTest4
----------------- testing Wed May 23 16:45:43 UTC 2018 /home/travis/build/icyphy/ptII/ptolemy/domains/pn/test/auto/WidthInferenceTest5.xml
----------------- Instantiating /home/travis/build/icyphy/ptII/ptolemy/domains/pn/test/auto/WidthInferenceTest5.xml
23 ms. Memory: 333312K Free: 171204K (51%)
----------------- Invoking toplevel() on ptolemy.moml.MoMLSimpleApplication@4ff505f2
----------------- Done invoking toplevel() on ptolemy.moml.MoMLSimpleApplication@4ff505f2
reloadAllAccessors: .WidthInferenceTest5
----------------- testing Wed May 23 16:45:43 UTC 2018 /home/travis/build/icyphy/ptII/ptolemy/domains/pn/test/auto/controlled_kahnnet.xml
----------------- Instantiating /home/travis/build/icyphy/ptII/ptolemy/domains/pn/test/auto/controlled_kahnnet.xml
10 ms. Memory: 333312K Free: 165318K (50%)
----------------- Invoking toplevel() on ptolemy.moml.MoMLSimpleApplication@71cc3e1a
----------------- Done invoking toplevel() on ptolemy.moml.MoMLSimpleApplication@71cc3e1a
reloadAllAccessors: .controlled_kahnnet
----------------- testing Wed May 23 16:45:43 UTC 2018 /home/travis/build/icyphy/ptII/ptolemy/domains/pn/test/auto/demandDriven.xml
----------------- Instantiating /home/travis/build/icyphy/ptII/ptolemy/domains/pn/test/auto/demandDriven.xml
8 ms. Memory: 333312K Free: 161550K (48%)
----------------- Invoking toplevel() on ptolemy.moml.MoMLSimpleApplication@d789713
----------------- Done invoking toplevel() on ptolemy.moml.MoMLSimpleApplication@d789713
reloadAllAccessors: .demandDriven
----------------- testing Wed May 23 16:45:43 UTC 2018 /home/travis/build/icyphy/ptII/ptolemy/domains/pn/test/auto/feedback.xml
----------------- Instantiating /home/travis/build/icyphy/ptII/ptolemy/domains/pn/test/auto/feedback.xml
8 ms. Memory: 333312K Free: 157636K (47%)
----------------- Invoking toplevel() on ptolemy.moml.MoMLSimpleApplication@2ed5ea9a
----------------- Done invoking toplevel() on ptolemy.moml.MoMLSimpleApplication@2ed5ea9a
reloadAllAccessors: .feedback
----------------- testing Wed May 23 16:45:43 UTC 2018 /home/travis/build/icyphy/ptII/ptolemy/domains/pn/test/auto/helloWorld.xml
----------------- Instantiating /home/travis/build/icyphy/ptII/ptolemy/domains/pn/test/auto/helloWorld.xml
6 ms. Memory: 333312K Free: 155723K (47%)
----------------- Invoking toplevel() on ptolemy.moml.MoMLSimpleApplication@1ee12e5e
----------------- Done invoking toplevel() on ptolemy.moml.MoMLSimpleApplication@1ee12e5e
reloadAllAccessors: .helloWorld
----------------- testing Wed May 23 16:45:43 UTC 2018 /home/travis/build/icyphy/ptII/ptolemy/domains/pn/test/auto/helloWorld2.xml
----------------- Instantiating /home/travis/build/icyphy/ptII/ptolemy/domains/pn/test/auto/helloWorld2.xml
8 ms. Memory: 333312K Free: 151269K (45%)
----------------- Invoking toplevel() on ptolemy.moml.MoMLSimpleApplication@5f556c1f
----------------- Done invoking toplevel() on ptolemy.moml.MoMLSimpleApplication@5f556c1f
reloadAllAccessors: .helloWorld2
----------------- testing Wed May 23 16:45:43 UTC 2018 /home/travis/build/icyphy/ptII/ptolemy/domains/pn/test/auto/noOutput.xml
----------------- Instantiating /home/travis/build/icyphy/ptII/ptolemy/domains/pn/test/auto/noOutput.xml
49 ms. Memory: 333312K Free: 145529K (44%)
----------------- Invoking toplevel() on ptolemy.moml.MoMLSimpleApplication@69088a33
----------------- Done invoking toplevel() on ptolemy.moml.MoMLSimpleApplication@69088a33
reloadAllAccessors: .noOutput
----------------- testing Wed May 23 16:45:43 UTC 2018 /home/travis/build/icyphy/ptII/ptolemy/domains/pn/test/auto/relationGroup.xml
----------------- Instantiating /home/travis/build/icyphy/ptII/ptolemy/domains/pn/test/auto/relationGroup.xml
16 ms. Memory: 333312K Free: 143036K (43%)
----------------- Invoking toplevel() on ptolemy.moml.MoMLSimpleApplication@190ae614
----------------- Done invoking toplevel() on ptolemy.moml.MoMLSimpleApplication@190ae614
reloadAllAccessors: .relationGroup
----------------- testing Wed May 23 16:45:43 UTC 2018 /home/travis/build/icyphy/ptII/ptolemy/domains/pn/test/auto/relationGroup2.xml
----------------- Instantiating /home/travis/build/icyphy/ptII/ptolemy/domains/pn/test/auto/relationGroup2.xml
4 ms. Memory: 333312K Free: 140995K (42%)
----------------- Invoking toplevel() on ptolemy.moml.MoMLSimpleApplication@2bf41d41
----------------- Done invoking toplevel() on ptolemy.moml.MoMLSimpleApplication@2bf41d41
reloadAllAccessors: .relationGroup2
----------------- testing Wed May 23 16:45:44 UTC 2018 /home/travis/build/icyphy/ptII/ptolemy/domains/pn/test/auto/relationGroup3.xml
----------------- Instantiating /home/travis/build/icyphy/ptII/ptolemy/domains/pn/test/auto/relationGroup3.xml
6 ms. Memory: 333312K Free: 139010K (42%)
----------------- Invoking toplevel() on ptolemy.moml.MoMLSimpleApplication@34cf7495
----------------- Done invoking toplevel() on ptolemy.moml.MoMLSimpleApplication@34cf7495
reloadAllAccessors: .relationGroup3
----------------- testing Wed May 23 16:45:44 UTC 2018 /home/travis/build/icyphy/ptII/ptolemy/domains/pn/test/auto/relationGroup4.xml
----------------- Instantiating /home/travis/build/icyphy/ptII/ptolemy/domains/pn/test/auto/relationGroup4.xml
7 ms. Memory: 333312K Free: 136872K (41%)
----------------- Invoking toplevel() on ptolemy.moml.MoMLSimpleApplication@80471
----------------- Done invoking toplevel() on ptolemy.moml.MoMLSimpleApplication@80471
reloadAllAccessors: .relationGroup4
----------------- testing Wed May 23 16:45:44 UTC 2018 /home/travis/build/icyphy/ptII/ptolemy/domains/pn/test/auto/relationGroup5.xml
----------------- Instantiating /home/travis/build/icyphy/ptII/ptolemy/domains/pn/test/auto/relationGroup5.xml
6 ms. Memory: 333312K Free: 133657K (40%)
----------------- Invoking toplevel() on ptolemy.moml.MoMLSimpleApplication@6b130841
----------------- Done invoking toplevel() on ptolemy.moml.MoMLSimpleApplication@6b130841
reloadAllAccessors: .relationGroup5
----------------- testing Wed May 23 16:45:44 UTC 2018 /home/travis/build/icyphy/ptII/ptolemy/domains/pn/test/auto/relationGroup6.xml
----------------- Instantiating /home/travis/build/icyphy/ptII/ptolemy/domains/pn/test/auto/relationGroup6.xml
8 ms. Memory: 333312K Free: 130897K (39%)
----------------- Invoking toplevel() on ptolemy.moml.MoMLSimpleApplication@26671ac6
----------------- Done invoking toplevel() on ptolemy.moml.MoMLSimpleApplication@26671ac6
reloadAllAccessors: .relationGroup6
----------------- testing Wed May 23 16:45:44 UTC 2018 /home/travis/build/icyphy/ptII/ptolemy/domains/pn/test/auto/relationGroup7.xml
----------------- Instantiating /home/travis/build/icyphy/ptII/ptolemy/domains/pn/test/auto/relationGroup7.xml
8 ms. Memory: 333312K Free: 127944K (38%)
----------------- Invoking toplevel() on ptolemy.moml.MoMLSimpleApplication@5f5d83b
----------------- Done invoking toplevel() on ptolemy.moml.MoMLSimpleApplication@5f5d83b
reloadAllAccessors: .relationGroup7
----------------- testing Wed May 23 16:45:44 UTC 2018 /home/travis/build/icyphy/ptII/ptolemy/domains/pn/test/auto/relationGroup8.xml
----------------- Instantiating /home/travis/build/icyphy/ptII/ptolemy/domains/pn/test/auto/relationGroup8.xml
7 ms. Memory: 333312K Free: 124878K (37%)
----------------- Invoking toplevel() on ptolemy.moml.MoMLSimpleApplication@144aef05
----------------- Done invoking toplevel() on ptolemy.moml.MoMLSimpleApplication@144aef05
reloadAllAccessors: .relationGroup8
----------------- testing Wed May 23 16:45:44 UTC 2018 /home/travis/build/icyphy/ptII/ptolemy/domains/pn/test/auto/widthTest.xml
----------------- Instantiating /home/travis/build/icyphy/ptII/ptolemy/domains/pn/test/auto/widthTest.xml
11 ms. Memory: 333312K Free: 120739K (36%)
----------------- Invoking toplevel() on ptolemy.moml.MoMLSimpleApplication@11aa9541
----------------- Done invoking toplevel() on ptolemy.moml.MoMLSimpleApplication@11aa9541
reloadAllAccessors: .widthTest
AutoTests.java: About to close Vertx.
AutoTests.java: Vertx closed.
]]></system-out>
  <system-err><![CDATA[java.lang.RuntimeException: Execution failed
	at ptolemy.moml.MoMLSimpleApplication$UnloadThread.run(MoMLSimpleApplication.java:402)
Caused by: ptolemy.kernel.util.IllegalActionException: At the current time, process-oriented domains (PN and CSP) cannot be nested inside firing-based domains (SDF, DE, CT, etc.).
  in .PNInsideDE.CompositeActor.port
Because:
ptolemy.domains.de.kernel.DEReceiver cannot be cast to ptolemy.actor.process.ProcessReceiver
	at ptolemy.actor.process.BranchController.addBranches(BranchController.java:182)
	at ptolemy.actor.process.CompositeProcessDirector.createBranchController(CompositeProcessDirector.java:221)
	at ptolemy.actor.process.CompositeProcessDirector.initialize(CompositeProcessDirector.java:289)
	at ptolemy.domains.pn.kernel.PNDirector.initialize(PNDirector.java:241)
	at ptolemy.actor.CompositeActor.initialize(CompositeActor.java:935)
	at ptolemy.actor.Director.initialize(Director.java:938)
	at ptolemy.actor.Director.initialize(Director.java:907)
	at ptolemy.domains.de.kernel.DEDirector.initialize(DEDirector.java:943)
	at ptolemy.actor.CompositeActor.initialize(CompositeActor.java:935)
	at ptolemy.actor.Manager.initialize(Manager.java:724)
	at ptolemy.actor.Manager.execute(Manager.java:356)
	at ptolemy.actor.Manager.run(Manager.java:1263)
	at ptolemy.actor.Manager$PtolemyRunThread.run(Manager.java:1915)
Caused by: java.lang.ClassCastException: ptolemy.domains.de.kernel.DEReceiver cannot be cast to ptolemy.actor.process.ProcessReceiver
	at ptolemy.actor.process.BranchController.addBranches(BranchController.java:178)
	... 12 more
Warning: '.RemoveNilTokens.Test2' The test produced only 7 tokens, yet the correctValues parameter was expecting 8 tokens.
Warning: '.RemoveNilTokens.Test' The test produced only 9 tokens, yet the correctValues parameter was expecting 13 tokens.
]]></system-err>
</testsuite>
