<?xml version="1.0" encoding="UTF-8" ?>
<testsuite errors="0" failures="0" hostname="travis-job-d62b3699-4e7d-4770-b3e4-832bdea33fb9" name="ptolemy.domains.modal.test.junit.JUnitTclTest" skipped="0" tests="148" time="10.759" timestamp="2018-04-29T18:42:41">
  <properties>
[...]
</properties>
  <testcase classname="ptolemy.util.test.junit.TclTests" name="[0] /home/travis/build/icyphy/ptII/ptolemy/domains/modal/test/SystemLevelType.tcl (RunTclFile)" time="1.9" />
  <testcase classname="ptolemy.util.test.junit.AutoKnownFailedTests" name="[0] /home/travis/build/icyphy/ptII/ptolemy/domains/modal/test/auto/knownFailedTests/CannotAnalysisWithPreemption.xml (RunModel)" time="0.203" />
  <testcase classname="ptolemy.util.test.junit.AutoNameArchTests" name="[0] ThereAreNoAutoTests (RunModel)" time="0.001" />
  <testcase classname="ptolemy.util.test.junit.AutoTests" name="[0] /home/travis/build/icyphy/ptII/ptolemy/domains/modal/test/auto/ABPTest.xml (RunModel)" time="0.732" />
  <testcase classname="ptolemy.util.test.junit.AutoTests" name="[1] /home/travis/build/icyphy/ptII/ptolemy/domains/modal/test/auto/ABROFlat.xml (RunModel)" time="0.081" />
  <testcase classname="ptolemy.util.test.junit.AutoTests" name="[2] /home/travis/build/icyphy/ptII/ptolemy/domains/modal/test/auto/ABROFlat2.xml (RunModel)" time="0.088" />
  <testcase classname="ptolemy.util.test.junit.AutoTests" name="[3] /home/travis/build/icyphy/ptII/ptolemy/domains/modal/test/auto/ABRO_present_hmm.xml (RunModel)" time="0.167" />
  <testcase classname="ptolemy.util.test.junit.AutoTests" name="[4] /home/travis/build/icyphy/ptII/ptolemy/domains/modal/test/auto/AMICoderExample.xml (RunModel)" time="0.063" />
  <testcase classname="ptolemy.util.test.junit.AutoTests" name="[5] /home/travis/build/icyphy/ptII/ptolemy/domains/modal/test/auto/AbsentToPresent.xml (RunModel)" time="0.04" />
  <testcase classname="ptolemy.util.test.junit.AutoTests" name="[6] /home/travis/build/icyphy/ptII/ptolemy/domains/modal/test/auto/Blending.xml (RunModel)" time="0.228" />
  <testcase classname="ptolemy.util.test.junit.AutoTests" name="[7] /home/travis/build/icyphy/ptII/ptolemy/domains/modal/test/auto/Broadcast.xml (RunModel)" time="0.066" />
  <testcase classname="ptolemy.util.test.junit.AutoTests" name="[8] /home/travis/build/icyphy/ptII/ptolemy/domains/modal/test/auto/BroadcastHierarchy.xml (RunModel)" time="0.056" />
  <testcase classname="ptolemy.util.test.junit.AutoTests" name="[9] /home/travis/build/icyphy/ptII/ptolemy/domains/modal/test/auto/BroadcastHierarchy2.xml (RunModel)" time="0.112" />
  <testcase classname="ptolemy.util.test.junit.AutoTests" name="[10] /home/travis/build/icyphy/ptII/ptolemy/domains/modal/test/auto/BroadcastHierarchy3.xml (RunModel)" time="0.11" />
  <testcase classname="ptolemy.util.test.junit.AutoTests" name="[11] /home/travis/build/icyphy/ptII/ptolemy/domains/modal/test/auto/BroadcastHierarchy4.xml (RunModel)" time="0.115" />
  <testcase classname="ptolemy.util.test.junit.AutoTests" name="[12] /home/travis/build/icyphy/ptII/ptolemy/domains/modal/test/auto/CannotAnalysisWithPreemption2.xml (RunModel)" time="0.033" />
  <testcase classname="ptolemy.util.test.junit.AutoTests" name="[13] /home/travis/build/icyphy/ptII/ptolemy/domains/modal/test/auto/CannotAnalysisWithPreemption3.xml (RunModel)" time="0.064" />
  <testcase classname="ptolemy.util.test.junit.AutoTests" name="[14] /home/travis/build/icyphy/ptII/ptolemy/domains/modal/test/auto/CannotProduce.xml (RunModel)" time="0.031" />
  <testcase classname="ptolemy.util.test.junit.AutoTests" name="[15] /home/travis/build/icyphy/ptII/ptolemy/domains/modal/test/auto/CannotProduceModal.xml (RunModel)" time="0.032" />
  <testcase classname="ptolemy.util.test.junit.AutoTests" name="[16] /home/travis/build/icyphy/ptII/ptolemy/domains/modal/test/auto/Case.xml (RunModel)" time="0.073" />
  <testcase classname="ptolemy.util.test.junit.AutoTests" name="[17] /home/travis/build/icyphy/ptII/ptolemy/domains/modal/test/auto/Case1.xml (RunModel)" time="0.033" />
  <testcase classname="ptolemy.util.test.junit.AutoTests" name="[18] /home/travis/build/icyphy/ptII/ptolemy/domains/modal/test/auto/Case2.xml (RunModel)" time="0.067" />
  <testcase classname="ptolemy.util.test.junit.AutoTests" name="[19] /home/travis/build/icyphy/ptII/ptolemy/domains/modal/test/auto/CausalityInterface1.xml (RunModel)" time="0.035" />
  <testcase classname="ptolemy.util.test.junit.AutoTests" name="[20] /home/travis/build/icyphy/ptII/ptolemy/domains/modal/test/auto/CausalityInterface10.xml (RunModel)" time="0.059" />
  <testcase classname="ptolemy.util.test.junit.AutoTests" name="[21] /home/travis/build/icyphy/ptII/ptolemy/domains/modal/test/auto/CausalityInterface11.xml (RunModel)" time="0.057" />
  <testcase classname="ptolemy.util.test.junit.AutoTests" name="[22] /home/travis/build/icyphy/ptII/ptolemy/domains/modal/test/auto/CausalityInterface12.xml (RunModel)" time="0.051" />
  <testcase classname="ptolemy.util.test.junit.AutoTests" name="[23] /home/travis/build/icyphy/ptII/ptolemy/domains/modal/test/auto/CausalityInterface13.xml (RunModel)" time="0.059" />
  <testcase classname="ptolemy.util.test.junit.AutoTests" name="[24] /home/travis/build/icyphy/ptII/ptolemy/domains/modal/test/auto/CausalityInterface14.xml (RunModel)" time="0.064" />
  <testcase classname="ptolemy.util.test.junit.AutoTests" name="[25] /home/travis/build/icyphy/ptII/ptolemy/domains/modal/test/auto/CausalityInterface2.xml (RunModel)" time="0.036" />
  <testcase classname="ptolemy.util.test.junit.AutoTests" name="[26] /home/travis/build/icyphy/ptII/ptolemy/domains/modal/test/auto/CausalityInterface3.xml (RunModel)" time="0.045" />
  <testcase classname="ptolemy.util.test.junit.AutoTests" name="[27] /home/travis/build/icyphy/ptII/ptolemy/domains/modal/test/auto/CausalityInterface4.xml (RunModel)" time="0.024" />
  <testcase classname="ptolemy.util.test.junit.AutoTests" name="[28] /home/travis/build/icyphy/ptII/ptolemy/domains/modal/test/auto/CausalityInterface5.xml (RunModel)" time="0.03" />
  <testcase classname="ptolemy.util.test.junit.AutoTests" name="[29] /home/travis/build/icyphy/ptII/ptolemy/domains/modal/test/auto/CausalityInterface6.xml (RunModel)" time="0.03" />
  <testcase classname="ptolemy.util.test.junit.AutoTests" name="[30] /home/travis/build/icyphy/ptII/ptolemy/domains/modal/test/auto/CausalityInterface7.xml (RunModel)" time="0.04" />
  <testcase classname="ptolemy.util.test.junit.AutoTests" name="[31] /home/travis/build/icyphy/ptII/ptolemy/domains/modal/test/auto/CausalityInterface8.xml (RunModel)" time="0.042" />
  <testcase classname="ptolemy.util.test.junit.AutoTests" name="[32] /home/travis/build/icyphy/ptII/ptolemy/domains/modal/test/auto/CausalityInterface9.xml (RunModel)" time="0.039" />
  <testcase classname="ptolemy.util.test.junit.AutoTests" name="[33] /home/travis/build/icyphy/ptII/ptolemy/domains/modal/test/auto/ChainedTransitions.xml (RunModel)" time="0.16" />
  <testcase classname="ptolemy.util.test.junit.AutoTests" name="[34] /home/travis/build/icyphy/ptII/ptolemy/domains/modal/test/auto/CycleOfImmediateTransitionsFSM.xml (RunModel)" time="0.022" />
  <testcase classname="ptolemy.util.test.junit.AutoTests" name="[35] /home/travis/build/icyphy/ptII/ptolemy/domains/modal/test/auto/CycleOfImmediateTransitionsModal.xml (RunModel)" time="0.027" />
  <testcase classname="ptolemy.util.test.junit.AutoTests" name="[36] /home/travis/build/icyphy/ptII/ptolemy/domains/modal/test/auto/CycleOfImmediateTransitionsModal2.xml (RunModel)" time="0.036" />
  <testcase classname="ptolemy.util.test.junit.AutoTests" name="[37] /home/travis/build/icyphy/ptII/ptolemy/domains/modal/test/auto/CycleOfImmediateTransitionsModal3.xml (RunModel)" time="0.084" />
  <testcase classname="ptolemy.util.test.junit.AutoTests" name="[38] /home/travis/build/icyphy/ptII/ptolemy/domains/modal/test/auto/DeepModal1.xml (RunModel)" time="0.058" />
  <testcase classname="ptolemy.util.test.junit.AutoTests" name="[39] /home/travis/build/icyphy/ptII/ptolemy/domains/modal/test/auto/DeepModal2.xml (RunModel)" time="0.074" />
  <testcase classname="ptolemy.util.test.junit.AutoTests" name="[40] /home/travis/build/icyphy/ptII/ptolemy/domains/modal/test/auto/DeepModal3.xml (RunModel)" time="0.065" />
  <testcase classname="ptolemy.util.test.junit.AutoTests" name="[41] /home/travis/build/icyphy/ptII/ptolemy/domains/modal/test/auto/DeepModal4.xml (RunModel)" time="0.09" />
  <testcase classname="ptolemy.util.test.junit.AutoTests" name="[42] /home/travis/build/icyphy/ptII/ptolemy/domains/modal/test/auto/Default1.xml (RunModel)" time="0.034" />
  <testcase classname="ptolemy.util.test.junit.AutoTests" name="[43] /home/travis/build/icyphy/ptII/ptolemy/domains/modal/test/auto/Default2.xml (RunModel)" time="0.016" />
  <testcase classname="ptolemy.util.test.junit.AutoTests" name="[44] /home/travis/build/icyphy/ptII/ptolemy/domains/modal/test/auto/Default3.xml (RunModel)" time="0.02" />
  <testcase classname="ptolemy.util.test.junit.AutoTests" name="[45] /home/travis/build/icyphy/ptII/ptolemy/domains/modal/test/auto/Default4.xml (RunModel)" time="0.017" />
  <testcase classname="ptolemy.util.test.junit.AutoTests" name="[46] /home/travis/build/icyphy/ptII/ptolemy/domains/modal/test/auto/Default5.xml (RunModel)" time="0.032" />
  <testcase classname="ptolemy.util.test.junit.AutoTests" name="[47] /home/travis/build/icyphy/ptII/ptolemy/domains/modal/test/auto/EmptyGuard.xml (RunModel)" time="0.027" />
  <testcase classname="ptolemy.util.test.junit.AutoTests" name="[48] /home/travis/build/icyphy/ptII/ptolemy/domains/modal/test/auto/ErrorTransition1.xml (RunModel)" time="0.026" />
  <testcase classname="ptolemy.util.test.junit.AutoTests" name="[49] /home/travis/build/icyphy/ptII/ptolemy/domains/modal/test/auto/ErrorTransition10.xml (RunModel)" time="0.037" />
  <testcase classname="ptolemy.util.test.junit.AutoTests" name="[50] /home/travis/build/icyphy/ptII/ptolemy/domains/modal/test/auto/ErrorTransition11.xml (RunModel)" time="0.037" />
  <testcase classname="ptolemy.util.test.junit.AutoTests" name="[51] /home/travis/build/icyphy/ptII/ptolemy/domains/modal/test/auto/ErrorTransition2.xml (RunModel)" time="0.027" />
  <testcase classname="ptolemy.util.test.junit.AutoTests" name="[52] /home/travis/build/icyphy/ptII/ptolemy/domains/modal/test/auto/ErrorTransition3.xml (RunModel)" time="0.029" />
  <testcase classname="ptolemy.util.test.junit.AutoTests" name="[53] /home/travis/build/icyphy/ptII/ptolemy/domains/modal/test/auto/ErrorTransition4.xml (RunModel)" time="0.039" />
  <testcase classname="ptolemy.util.test.junit.AutoTests" name="[54] /home/travis/build/icyphy/ptII/ptolemy/domains/modal/test/auto/ErrorTransition5.xml (RunModel)" time="0.031" />
  <testcase classname="ptolemy.util.test.junit.AutoTests" name="[55] /home/travis/build/icyphy/ptII/ptolemy/domains/modal/test/auto/ErrorTransition6.xml (RunModel)" time="0.044" />
  <testcase classname="ptolemy.util.test.junit.AutoTests" name="[56] /home/travis/build/icyphy/ptII/ptolemy/domains/modal/test/auto/ErrorTransition7.xml (RunModel)" time="0.05" />
  <testcase classname="ptolemy.util.test.junit.AutoTests" name="[57] /home/travis/build/icyphy/ptII/ptolemy/domains/modal/test/auto/ErrorTransition8.xml (RunModel)" time="0.059" />
  <testcase classname="ptolemy.util.test.junit.AutoTests" name="[58] /home/travis/build/icyphy/ptII/ptolemy/domains/modal/test/auto/ErrorTransition9.xml (RunModel)" time="0.036" />
  <testcase classname="ptolemy.util.test.junit.AutoTests" name="[59] /home/travis/build/icyphy/ptII/ptolemy/domains/modal/test/auto/ExtendedFSM.xml (RunModel)" time="0.025" />
  <testcase classname="ptolemy.util.test.junit.AutoTests" name="[60] /home/travis/build/icyphy/ptII/ptolemy/domains/modal/test/auto/FinalStates.xml (RunModel)" time="0.024" />
  <testcase classname="ptolemy.util.test.junit.AutoTests" name="[61] /home/travis/build/icyphy/ptII/ptolemy/domains/modal/test/auto/FixedPointFSM.xml (RunModel)" time="0.037" />
  <testcase classname="ptolemy.util.test.junit.AutoTests" name="[62] /home/travis/build/icyphy/ptII/ptolemy/domains/modal/test/auto/FixedPointIterationFSMActor.xml (RunModel)" time="0.026" />
  <testcase classname="ptolemy.util.test.junit.AutoTests" name="[63] /home/travis/build/icyphy/ptII/ptolemy/domains/modal/test/auto/FixedPointIterationFSMActor2.xml (RunModel)" time="0.029" />
  <testcase classname="ptolemy.util.test.junit.AutoTests" name="[64] /home/travis/build/icyphy/ptII/ptolemy/domains/modal/test/auto/ForbiddenInstantanousLoop.xml (RunModel)" time="0.028" />
  <testcase classname="ptolemy.util.test.junit.AutoTests" name="[65] /home/travis/build/icyphy/ptII/ptolemy/domains/modal/test/auto/FunctionDependencyOfFSMActorTest.xml (RunModel)" time="0.026" />
  <testcase classname="ptolemy.util.test.junit.AutoTests" name="[66] /home/travis/build/icyphy/ptII/ptolemy/domains/modal/test/auto/GuardExpression.xml (RunModel)" time="0.023" />
  <testcase classname="ptolemy.util.test.junit.AutoTests" name="[67] /home/travis/build/icyphy/ptII/ptolemy/domains/modal/test/auto/GuardNotEvaluated.xml (RunModel)" time="0.027" />
  <testcase classname="ptolemy.util.test.junit.AutoTests" name="[68] /home/travis/build/icyphy/ptII/ptolemy/domains/modal/test/auto/GuardNotEvaluated2.xml (RunModel)" time="0.026" />
  <testcase classname="ptolemy.util.test.junit.AutoTests" name="[69] /home/travis/build/icyphy/ptII/ptolemy/domains/modal/test/auto/GuardOnAbsent.xml (RunModel)" time="0.033" />
  <testcase classname="ptolemy.util.test.junit.AutoTests" name="[70] /home/travis/build/icyphy/ptII/ptolemy/domains/modal/test/auto/HierarchicalFSMTypeInference.xml (RunModel)" time="0.036" />
  <testcase classname="ptolemy.util.test.junit.AutoTests" name="[71] /home/travis/build/icyphy/ptII/ptolemy/domains/modal/test/auto/Hysteresis.xml (RunModel)" time="0.043" />
  <testcase classname="ptolemy.util.test.junit.AutoTests" name="[72] /home/travis/build/icyphy/ptII/ptolemy/domains/modal/test/auto/HysteresisWithDefault.xml (RunModel)" time="0.081" />
  <testcase classname="ptolemy.util.test.junit.AutoTests" name="[73] /home/travis/build/icyphy/ptII/ptolemy/domains/modal/test/auto/HysteresisWithDefault2.xml (RunModel)" time="0.083" />
  <testcase classname="ptolemy.util.test.junit.AutoTests" name="[74] /home/travis/build/icyphy/ptII/ptolemy/domains/modal/test/auto/ImmediateNonConstructiveness.xml (RunModel)" time="0.018" />
  <testcase classname="ptolemy.util.test.junit.AutoTests" name="[75] /home/travis/build/icyphy/ptII/ptolemy/domains/modal/test/auto/ImmediateNonConstructiveness2.xml (RunModel)" time="0.018" />
  <testcase classname="ptolemy.util.test.junit.AutoTests" name="[76] /home/travis/build/icyphy/ptII/ptolemy/domains/modal/test/auto/ImmediateTransitionReset.xml (RunModel)" time="0.038" />
  <testcase classname="ptolemy.util.test.junit.AutoTests" name="[77] /home/travis/build/icyphy/ptII/ptolemy/domains/modal/test/auto/ImmediateTransitions1.xml (RunModel)" time="0.012" />
  <testcase classname="ptolemy.util.test.junit.AutoTests" name="[78] /home/travis/build/icyphy/ptII/ptolemy/domains/modal/test/auto/ImmediateTransitionsInstantaneousCommunication.xml (RunModel)" time="0.045" />
  <testcase classname="ptolemy.util.test.junit.AutoTests" name="[79] /home/travis/build/icyphy/ptII/ptolemy/domains/modal/test/auto/InitialImmediateTransition.xml (RunModel)" time="0.017" />
  <testcase classname="ptolemy.util.test.junit.AutoTests" name="[80] /home/travis/build/icyphy/ptII/ptolemy/domains/modal/test/auto/InitialOutputs.xml (RunModel)" time="0.017" />
  <testcase classname="ptolemy.util.test.junit.AutoTests" name="[81] /home/travis/build/icyphy/ptII/ptolemy/domains/modal/test/auto/InitialStateTransition1.xml (RunModel)" time="0.026" />
  <testcase classname="ptolemy.util.test.junit.AutoTests" name="[82] /home/travis/build/icyphy/ptII/ptolemy/domains/modal/test/auto/InitialStateTransition2.xml (RunModel)" time="0.024" />
  <testcase classname="ptolemy.util.test.junit.AutoTests" name="[83] /home/travis/build/icyphy/ptII/ptolemy/domains/modal/test/auto/InitialStateTransition3.xml (RunModel)" time="0.025" />
  <testcase classname="ptolemy.util.test.junit.AutoTests" name="[84] /home/travis/build/icyphy/ptII/ptolemy/domains/modal/test/auto/InitialStateTransition4.xml (RunModel)" time="0.028" />
  <testcase classname="ptolemy.util.test.junit.AutoTests" name="[85] /home/travis/build/icyphy/ptII/ptolemy/domains/modal/test/auto/MalformedGuardExpressionNotCaught.xml (RunModel)" time="0.021" />
  <testcase classname="ptolemy.util.test.junit.AutoTests" name="[86] /home/travis/build/icyphy/ptII/ptolemy/domains/modal/test/auto/ModalBSC.xml (RunModel)" time="0.097" />
  <testcase classname="ptolemy.util.test.junit.AutoTests" name="[87] /home/travis/build/icyphy/ptII/ptolemy/domains/modal/test/auto/ModalClocks.xml (RunModel)" time="0.099" />
  <testcase classname="ptolemy.util.test.junit.AutoTests" name="[88] /home/travis/build/icyphy/ptII/ptolemy/domains/modal/test/auto/ModalDelay.xml (RunModel)" time="0.051" />
  <testcase classname="ptolemy.util.test.junit.AutoTests" name="[89] /home/travis/build/icyphy/ptII/ptolemy/domains/modal/test/auto/ModalDelay2.xml (RunModel)" time="0.049" />
  <testcase classname="ptolemy.util.test.junit.AutoTests" name="[90] /home/travis/build/icyphy/ptII/ptolemy/domains/modal/test/auto/ModalModelFromMemo.xml (RunModel)" time="0.075" />
  <testcase classname="ptolemy.util.test.junit.AutoTests" name="[91] /home/travis/build/icyphy/ptII/ptolemy/domains/modal/test/auto/ModalModelWithMultirateTransient.xml (RunModel)" time="0.051" />
  <testcase classname="ptolemy.util.test.junit.AutoTests" name="[92] /home/travis/build/icyphy/ptII/ptolemy/domains/modal/test/auto/ModalModelWithReset.xml (RunModel)" time="0.066" />
  <testcase classname="ptolemy.util.test.junit.AutoTests" name="[93] /home/travis/build/icyphy/ptII/ptolemy/domains/modal/test/auto/MouseClickFSM.xml (RunModel)" time="0.052" />
  <testcase classname="ptolemy.util.test.junit.AutoTests" name="[94] /home/travis/build/icyphy/ptII/ptolemy/domains/modal/test/auto/MouseClickFSMModal.xml (RunModel)" time="0.04" />
  <testcase classname="ptolemy.util.test.junit.AutoTests" name="[95] /home/travis/build/icyphy/ptII/ptolemy/domains/modal/test/auto/NonStrictFSM_FeedbackLoop.xml (RunModel)" time="0.054" />
  <testcase classname="ptolemy.util.test.junit.AutoTests" name="[96] /home/travis/build/icyphy/ptII/ptolemy/domains/modal/test/auto/NonStrictFSM_FeedbackLoop_Refinement.xml (RunModel)" time="0.073" />
  <testcase classname="ptolemy.util.test.junit.AutoTests" name="[97] /home/travis/build/icyphy/ptII/ptolemy/domains/modal/test/auto/NonStrictFSM_FeedbackLoop_preemptive.xml (RunModel)" time="0.059" />
  <testcase classname="ptolemy.util.test.junit.AutoTests" name="[98] /home/travis/build/icyphy/ptII/ptolemy/domains/modal/test/auto/NormalTermination.xml (RunModel)" time="0.055" />
  <testcase classname="ptolemy.util.test.junit.AutoTests" name="[99] /home/travis/build/icyphy/ptII/ptolemy/domains/modal/test/auto/Pong.xml (RunModel)" time="0.085" />
  <testcase classname="ptolemy.util.test.junit.AutoTests" name="[100] /home/travis/build/icyphy/ptII/ptolemy/domains/modal/test/auto/Pong_test.xml (RunModel)" time="0.089" />
  <testcase classname="ptolemy.util.test.junit.AutoTests" name="[101] /home/travis/build/icyphy/ptII/ptolemy/domains/modal/test/auto/PreemptionHierarchy.xml (RunModel)" time="0.034" />
  <testcase classname="ptolemy.util.test.junit.AutoTests" name="[102] /home/travis/build/icyphy/ptII/ptolemy/domains/modal/test/auto/PreemptionHierarchy2.xml (RunModel)" time="0.035" />
  <testcase classname="ptolemy.util.test.junit.AutoTests" name="[103] /home/travis/build/icyphy/ptII/ptolemy/domains/modal/test/auto/PreemptiveTransition.xml (RunModel)" time="0.023" />
  <testcase classname="ptolemy.util.test.junit.AutoTests" name="[104] /home/travis/build/icyphy/ptII/ptolemy/domains/modal/test/auto/Priorities.xml (RunModel)" time="0.093" />
  <testcase classname="ptolemy.util.test.junit.AutoTests" name="[105] /home/travis/build/icyphy/ptII/ptolemy/domains/modal/test/auto/ResetFinal.xml (RunModel)" time="0.046" />
  <testcase classname="ptolemy.util.test.junit.AutoTests" name="[106] /home/travis/build/icyphy/ptII/ptolemy/domains/modal/test/auto/ResetFinal2.xml (RunModel)" time="0.033" />
  <testcase classname="ptolemy.util.test.junit.AutoTests" name="[107] /home/travis/build/icyphy/ptII/ptolemy/domains/modal/test/auto/ResetTransitionWithStartTime.xml (RunModel)" time="0.035" />
  <testcase classname="ptolemy.util.test.junit.AutoTests" name="[108] /home/travis/build/icyphy/ptII/ptolemy/domains/modal/test/auto/SDF-FSMComposite.xml (RunModel)" time="0.022" />
  <testcase classname="ptolemy.util.test.junit.AutoTests" name="[109] /home/travis/build/icyphy/ptII/ptolemy/domains/modal/test/auto/SeeminglyNondeterminate.xml (RunModel)" time="0.073" />
  <testcase classname="ptolemy.util.test.junit.AutoTests" name="[110] /home/travis/build/icyphy/ptII/ptolemy/domains/modal/test/auto/SeeminglyNondeterminate2.xml (RunModel)" time="0.081" />
  <testcase classname="ptolemy.util.test.junit.AutoTests" name="[111] /home/travis/build/icyphy/ptII/ptolemy/domains/modal/test/auto/SpontaneousFSM.xml (RunModel)" time="0.05" />
  <testcase classname="ptolemy.util.test.junit.AutoTests" name="[112] /home/travis/build/icyphy/ptII/ptolemy/domains/modal/test/auto/SpontaneousFSM2.xml (RunModel)" time="0.032" />
  <testcase classname="ptolemy.util.test.junit.AutoTests" name="[113] /home/travis/build/icyphy/ptII/ptolemy/domains/modal/test/auto/SpontaneousFSM3.xml (RunModel)" time="0.043" />
  <testcase classname="ptolemy.util.test.junit.AutoTests" name="[114] /home/travis/build/icyphy/ptII/ptolemy/domains/modal/test/auto/SpontaneousFSM4.xml (RunModel)" time="0.043" />
  <testcase classname="ptolemy.util.test.junit.AutoTests" name="[115] /home/travis/build/icyphy/ptII/ptolemy/domains/modal/test/auto/StateTrackerTest.xml (RunModel)" time="0.06" />
  <testcase classname="ptolemy.util.test.junit.AutoTests" name="[116] /home/travis/build/icyphy/ptII/ptolemy/domains/modal/test/auto/StrongImmediateTransition.xml (RunModel)" time="0.023" />
  <testcase classname="ptolemy.util.test.junit.AutoTests" name="[117] /home/travis/build/icyphy/ptII/ptolemy/domains/modal/test/auto/SustainHierarchy.xml (RunModel)" time="0.034" />
  <testcase classname="ptolemy.util.test.junit.AutoTests" name="[118] /home/travis/build/icyphy/ptII/ptolemy/domains/modal/test/auto/TerminationTransition1.xml (RunModel)" time="0.021" />
  <testcase classname="ptolemy.util.test.junit.AutoTests" name="[119] /home/travis/build/icyphy/ptII/ptolemy/domains/modal/test/auto/TerminationTransition2.xml (RunModel)" time="0.025" />
  <testcase classname="ptolemy.util.test.junit.AutoTests" name="[120] /home/travis/build/icyphy/ptII/ptolemy/domains/modal/test/auto/TerminationTransition3.xml (RunModel)" time="0.024" />
  <testcase classname="ptolemy.util.test.junit.AutoTests" name="[121] /home/travis/build/icyphy/ptII/ptolemy/domains/modal/test/auto/TerminationTransition4.xml (RunModel)" time="0.034" />
  <testcase classname="ptolemy.util.test.junit.AutoTests" name="[122] /home/travis/build/icyphy/ptII/ptolemy/domains/modal/test/auto/TerminationTransition5.xml (RunModel)" time="0.034" />
  <testcase classname="ptolemy.util.test.junit.AutoTests" name="[123] /home/travis/build/icyphy/ptII/ptolemy/domains/modal/test/auto/TerminationTransition6.xml (RunModel)" time="0.02" />
  <testcase classname="ptolemy.util.test.junit.AutoTests" name="[124] /home/travis/build/icyphy/ptII/ptolemy/domains/modal/test/auto/TerminationTransition7.xml (RunModel)" time="0.022" />
  <testcase classname="ptolemy.util.test.junit.AutoTests" name="[125] /home/travis/build/icyphy/ptII/ptolemy/domains/modal/test/auto/TerminationTransition8.xml (RunModel)" time="0.024" />
  <testcase classname="ptolemy.util.test.junit.AutoTests" name="[126] /home/travis/build/icyphy/ptII/ptolemy/domains/modal/test/auto/Thermostat_NoHysteresis.xml (RunModel)" time="0.065" />
  <testcase classname="ptolemy.util.test.junit.AutoTests" name="[127] /home/travis/build/icyphy/ptII/ptolemy/domains/modal/test/auto/TimedFSM.xml (RunModel)" time="0.032" />
  <testcase classname="ptolemy.util.test.junit.AutoTests" name="[128] /home/travis/build/icyphy/ptII/ptolemy/domains/modal/test/auto/Timeout1.xml (RunModel)" time="0.014" />
  <testcase classname="ptolemy.util.test.junit.AutoTests" name="[129] /home/travis/build/icyphy/ptII/ptolemy/domains/modal/test/auto/Timeout2.xml (RunModel)" time="0.021" />
  <testcase classname="ptolemy.util.test.junit.AutoTests" name="[130] /home/travis/build/icyphy/ptII/ptolemy/domains/modal/test/auto/Timeout3.xml (RunModel)" time="0.012" />
  <testcase classname="ptolemy.util.test.junit.AutoTests" name="[131] /home/travis/build/icyphy/ptII/ptolemy/domains/modal/test/auto/Timeout4.xml (RunModel)" time="0.014" />
  <testcase classname="ptolemy.util.test.junit.AutoTests" name="[132] /home/travis/build/icyphy/ptII/ptolemy/domains/modal/test/auto/TransientstateModelAdvanced.xml (RunModel)" time="0.032" />
  <testcase classname="ptolemy.util.test.junit.AutoTests" name="[133] /home/travis/build/icyphy/ptII/ptolemy/domains/modal/test/auto/TransientstateModelAdvanced2.xml (RunModel)" time="0.039" />
  <testcase classname="ptolemy.util.test.junit.AutoTests" name="[134] /home/travis/build/icyphy/ptII/ptolemy/domains/modal/test/auto/TransitionRefinements.xml (RunModel)" time="0.027" />
  <testcase classname="ptolemy.util.test.junit.AutoTests" name="[135] /home/travis/build/icyphy/ptII/ptolemy/domains/modal/test/auto/TwoRefinements1.xml (RunModel)" time="0.032" />
  <testcase classname="ptolemy.util.test.junit.AutoTests" name="[136] /home/travis/build/icyphy/ptII/ptolemy/domains/modal/test/auto/TwoRefinements2.xml (RunModel)" time="0.028" />
  <testcase classname="ptolemy.util.test.junit.AutoTests" name="[137] /home/travis/build/icyphy/ptII/ptolemy/domains/modal/test/auto/WeakImmediateTransition.xml (RunModel)" time="0.035" />
  <testcase classname="ptolemy.util.test.junit.AutoTests" name="[138] /home/travis/build/icyphy/ptII/ptolemy/domains/modal/test/auto/booleanSelect.xml (RunModel)" time="0.058" />
  <testcase classname="ptolemy.util.test.junit.AutoTests" name="[139] /home/travis/build/icyphy/ptII/ptolemy/domains/modal/test/auto/modalChangingParams.xml (RunModel)" time="0.304" />
  <testcase classname="ptolemy.util.test.junit.AutoTests" name="[140] /home/travis/build/icyphy/ptII/ptolemy/domains/modal/test/auto/modalModel.xml (RunModel)" time="0.023" />
  <testcase classname="ptolemy.util.test.junit.AutoTests" name="[141] /home/travis/build/icyphy/ptII/ptolemy/domains/modal/test/auto/modalModel2.xml (RunModel)" time="0.035" />
  <testcase classname="ptolemy.util.test.junit.AutoTests" name="[142] /home/travis/build/icyphy/ptII/ptolemy/domains/modal/test/auto/modalModel3.xml (RunModel)" time="0.045" />
  <testcase classname="ptolemy.util.test.junit.AutoTests" name="[143] /home/travis/build/icyphy/ptII/ptolemy/domains/modal/test/auto/model1.xml (RunModel)" time="0.02" />
  <testcase classname="ptolemy.util.test.junit.AutoTests" name="[144] /home/travis/build/icyphy/ptII/ptolemy/domains/modal/test/auto/test-direct-in-out.xml (RunModel)" time="0.024" />
  <system-out><![CDATA[/home/travis/build/icyphy/ptII/ptolemy/domains/modal/test/SystemLevelType.tcl
testDefs.tcl: setting time out to 9000 seconds at Sun Apr 29 18:42:41 UTC 2018
04/29/18 06:42:43
Failed: 0  Total Tests: 1  ((Passed: 1, Newly Passed: 0)  Known Failed: 0) /home/travis/build/icyphy/ptII/ptolemy/domains/modal/test
----------------- testing (KnownFailure) /home/travis/build/icyphy/ptII/ptolemy/domains/modal/test/auto/knownFailedTests/CannotAnalysisWithPreemption.xml
58 ms. Memory: 208384K Free: 188300K (90%)
Known Failure: java.lang.reflect.InvocationTargetException
No auto/*.xml tests in /home/travis/build/icyphy/ptII/ptolemy/domains/modal/test
AutoTests.java: About to close Vertx.
AutoTests.java: Vertx closed.
----------------- testing Sun Apr 29 18:42:44 UTC 2018 /home/travis/build/icyphy/ptII/ptolemy/domains/modal/test/auto/ABPTest.xml
348 ms. Memory: 332288K Free: 293808K (88%)
reloadAllAccessors: .ABPTest
----------------- testing Sun Apr 29 18:42:45 UTC 2018 /home/travis/build/icyphy/ptII/ptolemy/domains/modal/test/auto/ABROFlat.xml
22 ms. Memory: 332288K Free: 271630K (82%)
reloadAllAccessors: .ABROFlat
----------------- testing Sun Apr 29 18:42:45 UTC 2018 /home/travis/build/icyphy/ptII/ptolemy/domains/modal/test/auto/ABROFlat2.xml
26 ms. Memory: 332288K Free: 253656K (76%)
reloadAllAccessors: .ABROFlat2
----------------- testing Sun Apr 29 18:42:45 UTC 2018 /home/travis/build/icyphy/ptII/ptolemy/domains/modal/test/auto/ABRO_present_hmm.xml
34 ms. Memory: 332288K Free: 216110K (65%)
reloadAllAccessors: .ABRO_present_hmm
----------------- testing Sun Apr 29 18:42:45 UTC 2018 /home/travis/build/icyphy/ptII/ptolemy/domains/modal/test/auto/AMICoderExample.xml
29 ms. Memory: 332288K Free: 204673K (62%)
reloadAllAccessors: .AMICoderExample
----------------- testing Sun Apr 29 18:42:45 UTC 2018 /home/travis/build/icyphy/ptII/ptolemy/domains/modal/test/auto/AbsentToPresent.xml
10 ms. Memory: 332288K Free: 194710K (59%)
reloadAllAccessors: .AbsentToPresent
----------------- testing Sun Apr 29 18:42:45 UTC 2018 /home/travis/build/icyphy/ptII/ptolemy/domains/modal/test/auto/Blending.xml
106 ms. Memory: 332288K Free: 143972K (43%)
reloadAllAccessors: .Blending
----------------- testing Sun Apr 29 18:42:45 UTC 2018 /home/travis/build/icyphy/ptII/ptolemy/domains/modal/test/auto/Broadcast.xml
13 ms. Memory: 332288K Free: 130898K (39%)
reloadAllAccessors: .Broadcast
----------------- testing Sun Apr 29 18:42:45 UTC 2018 /home/travis/build/icyphy/ptII/ptolemy/domains/modal/test/auto/BroadcastHierarchy.xml
8 ms. Memory: 332288K Free: 112924K (34%)
reloadAllAccessors: .BroadcastHierarchy
----------------- testing Sun Apr 29 18:42:45 UTC 2018 /home/travis/build/icyphy/ptII/ptolemy/domains/modal/test/auto/BroadcastHierarchy2.xml
22 ms. Memory: 332288K Free: 76983K (23%)
reloadAllAccessors: .BroadcastHierarchy2
----------------- testing Sun Apr 29 18:42:45 UTC 2018 /home/travis/build/icyphy/ptII/ptolemy/domains/modal/test/auto/BroadcastHierarchy3.xml
15 ms. Memory: 333824K Free: 297617K (89%)
reloadAllAccessors: .BroadcastHierarchy3
----------------- testing Sun Apr 29 18:42:46 UTC 2018 /home/travis/build/icyphy/ptII/ptolemy/domains/modal/test/auto/BroadcastHierarchy4.xml
23 ms. Memory: 333824K Free: 262653K (79%)
reloadAllAccessors: .BroadcastHierarchy4
----------------- testing Sun Apr 29 18:42:46 UTC 2018 /home/travis/build/icyphy/ptII/ptolemy/domains/modal/test/auto/CannotAnalysisWithPreemption2.xml
5 ms. Memory: 333824K Free: 252860K (76%)
reloadAllAccessors: .CannotAnalysisWithPreemption2
----------------- testing Sun Apr 29 18:42:46 UTC 2018 /home/travis/build/icyphy/ptII/ptolemy/domains/modal/test/auto/CannotAnalysisWithPreemption3.xml
3 ms. Memory: 333824K Free: 239801K (72%)
reloadAllAccessors: .CannotAnalysisWithPreemption3
----------------- testing Sun Apr 29 18:42:46 UTC 2018 /home/travis/build/icyphy/ptII/ptolemy/domains/modal/test/auto/CannotProduce.xml
12 ms. Memory: 333824K Free: 230984K (69%)
reloadAllAccessors: .CannotProduce
----------------- testing Sun Apr 29 18:42:46 UTC 2018 /home/travis/build/icyphy/ptII/ptolemy/domains/modal/test/auto/CannotProduceModal.xml
7 ms. Memory: 333824K Free: 222809K (67%)
reloadAllAccessors: .CannotProduceModal
----------------- testing Sun Apr 29 18:42:46 UTC 2018 /home/travis/build/icyphy/ptII/ptolemy/domains/modal/test/auto/Case.xml
34 ms. Memory: 333824K Free: 209719K (63%)
reloadAllAccessors: .Case
----------------- testing Sun Apr 29 18:42:46 UTC 2018 /home/travis/build/icyphy/ptII/ptolemy/domains/modal/test/auto/Case1.xml
13 ms. Memory: 333824K Free: 199258K (60%)
reloadAllAccessors: .Case1
----------------- testing Sun Apr 29 18:42:46 UTC 2018 /home/travis/build/icyphy/ptII/ptolemy/domains/modal/test/auto/Case2.xml
32 ms. Memory: 333824K Free: 187837K (56%)
reloadAllAccessors: .Case2
----------------- testing Sun Apr 29 18:42:46 UTC 2018 /home/travis/build/icyphy/ptII/ptolemy/domains/modal/test/auto/CausalityInterface1.xml
4 ms. Memory: 333824K Free: 181308K (54%)
reloadAllAccessors: .CausalityInterface1
----------------- testing Sun Apr 29 18:42:46 UTC 2018 /home/travis/build/icyphy/ptII/ptolemy/domains/modal/test/auto/CausalityInterface10.xml
13 ms. Memory: 333824K Free: 162666K (49%)
reloadAllAccessors: .CausalityInterface10
----------------- testing Sun Apr 29 18:42:46 UTC 2018 /home/travis/build/icyphy/ptII/ptolemy/domains/modal/test/auto/CausalityInterface11.xml
12 ms. Memory: 333824K Free: 146343K (44%)
reloadAllAccessors: .CausalityInterface11
----------------- testing Sun Apr 29 18:42:46 UTC 2018 /home/travis/build/icyphy/ptII/ptolemy/domains/modal/test/auto/CausalityInterface12.xml
4 ms. Memory: 333824K Free: 130005K (39%)
reloadAllAccessors: .CausalityInterface12
----------------- testing Sun Apr 29 18:42:46 UTC 2018 /home/travis/build/icyphy/ptII/ptolemy/domains/modal/test/auto/CausalityInterface13.xml
6 ms. Memory: 333824K Free: 111379K (33%)
reloadAllAccessors: .CausalityInterface13
----------------- testing Sun Apr 29 18:42:46 UTC 2018 /home/travis/build/icyphy/ptII/ptolemy/domains/modal/test/auto/CausalityInterface14.xml
11 ms. Memory: 333824K Free: 95057K (28%)
reloadAllAccessors: .CausalityInterface14
----------------- testing Sun Apr 29 18:42:46 UTC 2018 /home/travis/build/icyphy/ptII/ptolemy/domains/modal/test/auto/CausalityInterface2.xml
6 ms. Memory: 333824K Free: 86900K (26%)
reloadAllAccessors: .CausalityInterface2
----------------- testing Sun Apr 29 18:42:46 UTC 2018 /home/travis/build/icyphy/ptII/ptolemy/domains/modal/test/auto/CausalityInterface3.xml
3 ms. Memory: 578560K Free: 563299K (97%)
reloadAllAccessors: .CausalityInterface3
----------------- testing Sun Apr 29 18:42:46 UTC 2018 /home/travis/build/icyphy/ptII/ptolemy/domains/modal/test/auto/CausalityInterface4.xml
6 ms. Memory: 578560K Free: 550377K (95%)
reloadAllAccessors: .CausalityInterface4
----------------- testing Sun Apr 29 18:42:47 UTC 2018 /home/travis/build/icyphy/ptII/ptolemy/domains/modal/test/auto/CausalityInterface5.xml
3 ms. Memory: 578560K Free: 537335K (93%)
reloadAllAccessors: .CausalityInterface5
----------------- testing Sun Apr 29 18:42:47 UTC 2018 /home/travis/build/icyphy/ptII/ptolemy/domains/modal/test/auto/CausalityInterface6.xml
3 ms. Memory: 578560K Free: 524310K (91%)
reloadAllAccessors: .CausalityInterface6
----------------- testing Sun Apr 29 18:42:47 UTC 2018 /home/travis/build/icyphy/ptII/ptolemy/domains/modal/test/auto/CausalityInterface7.xml
6 ms. Memory: 578560K Free: 511028K (88%)
reloadAllAccessors: .CausalityInterface7
----------------- testing Sun Apr 29 18:42:47 UTC 2018 /home/travis/build/icyphy/ptII/ptolemy/domains/modal/test/auto/CausalityInterface8.xml
3 ms. Memory: 578560K Free: 494850K (86%)
reloadAllAccessors: .CausalityInterface8
----------------- testing Sun Apr 29 18:42:47 UTC 2018 /home/travis/build/icyphy/ptII/ptolemy/domains/modal/test/auto/CausalityInterface9.xml
7 ms. Memory: 578560K Free: 481816K (83%)
reloadAllAccessors: .CausalityInterface9
----------------- testing Sun Apr 29 18:42:47 UTC 2018 /home/travis/build/icyphy/ptII/ptolemy/domains/modal/test/auto/ChainedTransitions.xml
98 ms. Memory: 578560K Free: 452445K (78%)
reloadAllAccessors: .ChainedTransitions
----------------- testing Sun Apr 29 18:42:47 UTC 2018 /home/travis/build/icyphy/ptII/ptolemy/domains/modal/test/auto/CycleOfImmediateTransitionsFSM.xml
3 ms. Memory: 578560K Free: 442676K (77%)
reloadAllAccessors: .CycleOfImmediateTransitionsFSM
----------------- testing Sun Apr 29 18:42:47 UTC 2018 /home/travis/build/icyphy/ptII/ptolemy/domains/modal/test/auto/CycleOfImmediateTransitionsModal.xml
3 ms. Memory: 578560K Free: 429753K (74%)
reloadAllAccessors: .CycleOfImmediateTransitionsModal
----------------- testing Sun Apr 29 18:42:47 UTC 2018 /home/travis/build/icyphy/ptII/ptolemy/domains/modal/test/auto/CycleOfImmediateTransitionsModal2.xml
4 ms. Memory: 578560K Free: 419968K (73%)
reloadAllAccessors: .CycleOfImmediateTransitionsModal2
----------------- testing Sun Apr 29 18:42:47 UTC 2018 /home/travis/build/icyphy/ptII/ptolemy/domains/modal/test/auto/CycleOfImmediateTransitionsModal3.xml
10 ms. Memory: 578560K Free: 390613K (68%)
reloadAllAccessors: .CycleOfImmediateTransitionsModal3
----------------- testing Sun Apr 29 18:42:47 UTC 2018 /home/travis/build/icyphy/ptII/ptolemy/domains/modal/test/auto/DeepModal1.xml
24 ms. Memory: 578560K Free: 371043K (64%)
reloadAllAccessors: .DeepModal1
----------------- testing Sun Apr 29 18:42:47 UTC 2018 /home/travis/build/icyphy/ptII/ptolemy/domains/modal/test/auto/DeepModal2.xml
25 ms. Memory: 578560K Free: 345087K (60%)
reloadAllAccessors: .DeepModal2
----------------- testing Sun Apr 29 18:42:47 UTC 2018 /home/travis/build/icyphy/ptII/ptolemy/domains/modal/test/auto/DeepModal3.xml
30 ms. Memory: 578560K Free: 322229K (56%)
reloadAllAccessors: .DeepModal3
----------------- testing Sun Apr 29 18:42:47 UTC 2018 /home/travis/build/icyphy/ptII/ptolemy/domains/modal/test/auto/DeepModal4.xml
35 ms. Memory: 578560K Free: 299402K (52%)
reloadAllAccessors: .DeepModal4
----------------- testing Sun Apr 29 18:42:47 UTC 2018 /home/travis/build/icyphy/ptII/ptolemy/domains/modal/test/auto/Default1.xml
10 ms. Memory: 578560K Free: 289633K (50%)
reloadAllAccessors: .Default1
----------------- testing Sun Apr 29 18:42:47 UTC 2018 /home/travis/build/icyphy/ptII/ptolemy/domains/modal/test/auto/Default2.xml
2 ms. Memory: 578560K Free: 276727K (48%)
reloadAllAccessors: .Default2
----------------- testing Sun Apr 29 18:42:47 UTC 2018 /home/travis/build/icyphy/ptII/ptolemy/domains/modal/test/auto/Default3.xml
2 ms. Memory: 578560K Free: 266942K (46%)
reloadAllAccessors: .Default3
----------------- testing Sun Apr 29 18:42:47 UTC 2018 /home/travis/build/icyphy/ptII/ptolemy/domains/modal/test/auto/Default4.xml
2 ms. Memory: 578560K Free: 257173K (44%)
reloadAllAccessors: .Default4
----------------- testing Sun Apr 29 18:42:47 UTC 2018 /home/travis/build/icyphy/ptII/ptolemy/domains/modal/test/auto/Default5.xml
11 ms. Memory: 578560K Free: 244147K (42%)
reloadAllAccessors: .Default5
----------------- testing Sun Apr 29 18:42:47 UTC 2018 /home/travis/build/icyphy/ptII/ptolemy/domains/modal/test/auto/EmptyGuard.xml
9 ms. Memory: 578560K Free: 227968K (39%)
reloadAllAccessors: .EmptyGuard
----------------- testing Sun Apr 29 18:42:48 UTC 2018 /home/travis/build/icyphy/ptII/ptolemy/domains/modal/test/auto/ErrorTransition1.xml
6 ms. Memory: 578560K Free: 214927K (37%)
reloadAllAccessors: .ErrorTransition1
----------------- testing Sun Apr 29 18:42:48 UTC 2018 /home/travis/build/icyphy/ptII/ptolemy/domains/modal/test/auto/ErrorTransition10.xml
8 ms. Memory: 578560K Free: 198629K (34%)
reloadAllAccessors: .ErrorTransition10
----------------- testing Sun Apr 29 18:42:48 UTC 2018 /home/travis/build/icyphy/ptII/ptolemy/domains/modal/test/auto/ErrorTransition11.xml
4 ms. Memory: 578560K Free: 182315K (32%)
reloadAllAccessors: .ErrorTransition11
----------------- testing Sun Apr 29 18:42:48 UTC 2018 /home/travis/build/icyphy/ptII/ptolemy/domains/modal/test/auto/ErrorTransition2.xml
5 ms. Memory: 578560K Free: 169273K (29%)
reloadAllAccessors: .ErrorTransition2
----------------- testing Sun Apr 29 18:42:48 UTC 2018 /home/travis/build/icyphy/ptII/ptolemy/domains/modal/test/auto/ErrorTransition3.xml
6 ms. Memory: 578560K Free: 153094K (26%)
reloadAllAccessors: .ErrorTransition3
----------------- testing Sun Apr 29 18:42:48 UTC 2018 /home/travis/build/icyphy/ptII/ptolemy/domains/modal/test/auto/ErrorTransition4.xml
12 ms. Memory: 578560K Free: 140061K (24%)
reloadAllAccessors: .ErrorTransition4
----------------- testing Sun Apr 29 18:42:48 UTC 2018 /home/travis/build/icyphy/ptII/ptolemy/domains/modal/test/auto/ErrorTransition5.xml
11 ms. Memory: 578560K Free: 127020K (22%)
reloadAllAccessors: .ErrorTransition5
----------------- testing Sun Apr 29 18:42:48 UTC 2018 /home/travis/build/icyphy/ptII/ptolemy/domains/modal/test/auto/ErrorTransition6.xml
6 ms. Memory: 578560K Free: 113978K (20%)
reloadAllAccessors: .ErrorTransition6
----------------- testing Sun Apr 29 18:42:48 UTC 2018 /home/travis/build/icyphy/ptII/ptolemy/domains/modal/test/auto/ErrorTransition7.xml
13 ms. Memory: 578560K Free: 94527K (16%)
reloadAllAccessors: .ErrorTransition7
----------------- testing Sun Apr 29 18:42:48 UTC 2018 /home/travis/build/icyphy/ptII/ptolemy/domains/modal/test/auto/ErrorTransition8.xml
29 ms. Memory: 578560K Free: 566210K (98%)
reloadAllAccessors: .ErrorTransition8
----------------- testing Sun Apr 29 18:42:48 UTC 2018 /home/travis/build/icyphy/ptII/ptolemy/domains/modal/test/auto/ErrorTransition9.xml
7 ms. Memory: 578560K Free: 545170K (94%)
reloadAllAccessors: .ErrorTransition9
----------------- testing Sun Apr 29 18:42:48 UTC 2018 /home/travis/build/icyphy/ptII/ptolemy/domains/modal/test/auto/ExtendedFSM.xml
9 ms. Memory: 578560K Free: 535384K (93%)
reloadAllAccessors: .ExtendedFSM
----------------- testing Sun Apr 29 18:42:48 UTC 2018 /home/travis/build/icyphy/ptII/ptolemy/domains/modal/test/auto/FinalStates.xml
8 ms. Memory: 578560K Free: 523405K (90%)
reloadAllAccessors: .FinalStates
----------------- testing Sun Apr 29 18:42:48 UTC 2018 /home/travis/build/icyphy/ptII/ptolemy/domains/modal/test/auto/FixedPointFSM.xml
11 ms. Memory: 578560K Free: 506253K (88%)
reloadAllAccessors: .FixedPointFSM
----------------- testing Sun Apr 29 18:42:48 UTC 2018 /home/travis/build/icyphy/ptII/ptolemy/domains/modal/test/auto/FixedPointIterationFSMActor.xml
6 ms. Memory: 578560K Free: 494034K (85%)
reloadAllAccessors: .FixedPointIterationFSMActor
----------------- testing Sun Apr 29 18:42:48 UTC 2018 /home/travis/build/icyphy/ptII/ptolemy/domains/modal/test/auto/FixedPointIterationFSMActor2.xml
9 ms. Memory: 578560K Free: 477138K (82%)
reloadAllAccessors: .FixedPointIterationFSMActor2
----------------- testing Sun Apr 29 18:42:48 UTC 2018 /home/travis/build/icyphy/ptII/ptolemy/domains/modal/test/auto/ForbiddenInstantanousLoop.xml
4 ms. Memory: 578560K Free: 462452K (80%)
reloadAllAccessors: .ForbiddenInstantanousLoop
----------------- testing Sun Apr 29 18:42:48 UTC 2018 /home/travis/build/icyphy/ptII/ptolemy/domains/modal/test/auto/FunctionDependencyOfFSMActorTest.xml
11 ms. Memory: 578560K Free: 455125K (79%)
reloadAllAccessors: .FunctionDependencyOfFSMActorTest
----------------- testing Sun Apr 29 18:42:48 UTC 2018 /home/travis/build/icyphy/ptII/ptolemy/domains/modal/test/auto/GuardExpression.xml
6 ms. Memory: 578560K Free: 445603K (77%)
reloadAllAccessors: .GuardExpression
----------------- testing Sun Apr 29 18:42:48 UTC 2018 /home/travis/build/icyphy/ptII/ptolemy/domains/modal/test/auto/GuardNotEvaluated.xml
6 ms. Memory: 578560K Free: 433375K (75%)
reloadAllAccessors: .GuardNotEvaluated
----------------- testing Sun Apr 29 18:42:48 UTC 2018 /home/travis/build/icyphy/ptII/ptolemy/domains/modal/test/auto/GuardNotEvaluated2.xml
8 ms. Memory: 578560K Free: 421132K (73%)
reloadAllAccessors: .GuardNotEvaluated2
----------------- testing Sun Apr 29 18:42:48 UTC 2018 /home/travis/build/icyphy/ptII/ptolemy/domains/modal/test/auto/GuardOnAbsent.xml
16 ms. Memory: 578560K Free: 409145K (71%)
reloadAllAccessors: .GuardOnAbsent
----------------- testing Sun Apr 29 18:42:48 UTC 2018 /home/travis/build/icyphy/ptII/ptolemy/domains/modal/test/auto/HierarchicalFSMTypeInference.xml
7 ms. Memory: 578560K Free: 394467K (68%)
reloadAllAccessors: .HierarchicalFSMTypeInference
----------------- testing Sun Apr 29 18:42:48 UTC 2018 /home/travis/build/icyphy/ptII/ptolemy/domains/modal/test/auto/Hysteresis.xml
10 ms. Memory: 578560K Free: 375153K (65%)
reloadAllAccessors: .Hysteresis
----------------- testing Sun Apr 29 18:42:48 UTC 2018 /home/travis/build/icyphy/ptII/ptolemy/domains/modal/test/auto/HysteresisWithDefault.xml
44 ms. Memory: 578560K Free: 348208K (60%)
reloadAllAccessors: .HysteresisWithDefault
----------------- testing Sun Apr 29 18:42:48 UTC 2018 /home/travis/build/icyphy/ptII/ptolemy/domains/modal/test/auto/HysteresisWithDefault2.xml
52 ms. Memory: 578560K Free: 316331K (55%)
reloadAllAccessors: .HysteresisWithDefault2
----------------- testing Sun Apr 29 18:42:49 UTC 2018 /home/travis/build/icyphy/ptII/ptolemy/domains/modal/test/auto/ImmediateNonConstructiveness.xml
4 ms. Memory: 578560K Free: 304367K (53%)
reloadAllAccessors: .ImmediateNonConstructiveness
----------------- testing Sun Apr 29 18:42:49 UTC 2018 /home/travis/build/icyphy/ptII/ptolemy/domains/modal/test/auto/ImmediateNonConstructiveness2.xml
2 ms. Memory: 578560K Free: 294598K (51%)
reloadAllAccessors: .ImmediateNonConstructiveness2
----------------- testing Sun Apr 29 18:42:49 UTC 2018 /home/travis/build/icyphy/ptII/ptolemy/domains/modal/test/auto/ImmediateTransitionReset.xml
5 ms. Memory: 578560K Free: 279896K (48%)
reloadAllAccessors: .ImmediateTransitionReset
----------------- testing Sun Apr 29 18:42:49 UTC 2018 /home/travis/build/icyphy/ptII/ptolemy/domains/modal/test/auto/ImmediateTransitions1.xml
2 ms. Memory: 578560K Free: 270359K (47%)
reloadAllAccessors: .ImmediateTransitions1
----------------- testing Sun Apr 29 18:42:49 UTC 2018 /home/travis/build/icyphy/ptII/ptolemy/domains/modal/test/auto/ImmediateTransitionsInstantaneousCommunication.xml
3 ms. Memory: 578560K Free: 255690K (44%)
reloadAllAccessors: .ImmediateTransitionsInstantaneousCommunication
----------------- testing Sun Apr 29 18:42:49 UTC 2018 /home/travis/build/icyphy/ptII/ptolemy/domains/modal/test/auto/InitialImmediateTransition.xml
4 ms. Memory: 578560K Free: 245913K (43%)
reloadAllAccessors: .InitialImmediateTransition
----------------- testing Sun Apr 29 18:42:49 UTC 2018 /home/travis/build/icyphy/ptII/ptolemy/domains/modal/test/auto/InitialOutputs.xml
3 ms. Memory: 578560K Free: 233925K (40%)
reloadAllAccessors: .InitialOutputs
----------------- testing Sun Apr 29 18:42:49 UTC 2018 /home/travis/build/icyphy/ptII/ptolemy/domains/modal/test/auto/InitialStateTransition1.xml
2 ms. Memory: 578560K Free: 224156K (39%)
reloadAllAccessors: .InitialStateTransition1
----------------- testing Sun Apr 29 18:42:49 UTC 2018 /home/travis/build/icyphy/ptII/ptolemy/domains/modal/test/auto/InitialStateTransition2.xml
.InitialStateTransition2.TestExceptionAttributeNonConstructive: initialize() was not invoked, but wrapup() was.  This is unusual, but not always a problem.  For example, exporting JNLP will do this.
1 ms. Memory: 578560K Free: 209734K (36%)
reloadAllAccessors: .InitialStateTransition2
----------------- testing Sun Apr 29 18:42:49 UTC 2018 /home/travis/build/icyphy/ptII/ptolemy/domains/modal/test/auto/InitialStateTransition3.xml
4 ms. Memory: 578560K Free: 197507K (34%)
reloadAllAccessors: .InitialStateTransition3
----------------- testing Sun Apr 29 18:42:49 UTC 2018 /home/travis/build/icyphy/ptII/ptolemy/domains/modal/test/auto/InitialStateTransition4.xml
4 ms. Memory: 578560K Free: 185264K (32%)
reloadAllAccessors: .InitialStateTransition4
----------------- testing Sun Apr 29 18:42:49 UTC 2018 /home/travis/build/icyphy/ptII/ptolemy/domains/modal/test/auto/MalformedGuardExpressionNotCaught.xml
2 ms. Memory: 578560K Free: 173284K (30%)
reloadAllAccessors: .MalformedGuardExpressionNotCaught
----------------- testing Sun Apr 29 18:42:49 UTC 2018 /home/travis/build/icyphy/ptII/ptolemy/domains/modal/test/auto/ModalBSC.xml
43 ms. Memory: 578560K Free: 141439K (24%)
reloadAllAccessors: .ModalBSC
----------------- testing Sun Apr 29 18:42:49 UTC 2018 /home/travis/build/icyphy/ptII/ptolemy/domains/modal/test/auto/ModalClocks.xml
46 ms. Memory: 578560K Free: 114526K (20%)
reloadAllAccessors: .ModalClocks
----------------- testing Sun Apr 29 18:42:49 UTC 2018 /home/travis/build/icyphy/ptII/ptolemy/domains/modal/test/auto/ModalDelay.xml
19 ms. Memory: 578560K Free: 95212K (16%)
reloadAllAccessors: .ModalDelay
----------------- testing Sun Apr 29 18:42:49 UTC 2018 /home/travis/build/icyphy/ptII/ptolemy/domains/modal/test/auto/ModalDelay2.xml
14 ms. Memory: 578560K Free: 79578K (14%)
reloadAllAccessors: .ModalDelay2
----------------- testing Sun Apr 29 18:42:49 UTC 2018 /home/travis/build/icyphy/ptII/ptolemy/domains/modal/test/auto/ModalModelFromMemo.xml
29 ms. Memory: 709120K Free: 671122K (95%)
reloadAllAccessors: .ModalModelFromMemo
----------------- testing Sun Apr 29 18:42:49 UTC 2018 /home/travis/build/icyphy/ptII/ptolemy/domains/modal/test/auto/ModalModelWithMultirateTransient.xml
18 ms. Memory: 709120K Free: 650498K (92%)
reloadAllAccessors: .ModalModelWithMultirateTransient
----------------- testing Sun Apr 29 18:42:49 UTC 2018 /home/travis/build/icyphy/ptII/ptolemy/domains/modal/test/auto/ModalModelWithReset.xml
25 ms. Memory: 709120K Free: 629881K (89%)
reloadAllAccessors: .ModalModelWithReset
----------------- testing Sun Apr 29 18:42:49 UTC 2018 /home/travis/build/icyphy/ptII/ptolemy/domains/modal/test/auto/MouseClickFSM.xml
18 ms. Memory: 709120K Free: 607161K (86%)
reloadAllAccessors: .MouseClickFSM
----------------- testing Sun Apr 29 18:42:49 UTC 2018 /home/travis/build/icyphy/ptII/ptolemy/domains/modal/test/auto/MouseClickFSMModal.xml
12 ms. Memory: 709120K Free: 586520K (83%)
reloadAllAccessors: .MouseClickFSMModal
----------------- testing Sun Apr 29 18:42:50 UTC 2018 /home/travis/build/icyphy/ptII/ptolemy/domains/modal/test/auto/NonStrictFSM_FeedbackLoop.xml
28 ms. Memory: 709120K Free: 559708K (79%)
reloadAllAccessors: .NonStrictFSM_FeedbackLoop
----------------- testing Sun Apr 29 18:42:50 UTC 2018 /home/travis/build/icyphy/ptII/ptolemy/domains/modal/test/auto/NonStrictFSM_FeedbackLoop_Refinement.xml
44 ms. Memory: 709120K Free: 526713K (74%)
reloadAllAccessors: .NonStrictFSM_FeedbackLoop_Refinement
----------------- testing Sun Apr 29 18:42:50 UTC 2018 /home/travis/build/icyphy/ptII/ptolemy/domains/modal/test/auto/NonStrictFSM_FeedbackLoop_preemptive.xml
23 ms. Memory: 709120K Free: 497842K (70%)
reloadAllAccessors: .NonStrictFSM_FeedbackLoop_preemptive
----------------- testing Sun Apr 29 18:42:50 UTC 2018 /home/travis/build/icyphy/ptII/ptolemy/domains/modal/test/auto/NormalTermination.xml
8 ms. Memory: 709120K Free: 470998K (66%)
reloadAllAccessors: .NormalTermination
----------------- testing Sun Apr 29 18:42:50 UTC 2018 /home/travis/build/icyphy/ptII/ptolemy/domains/modal/test/auto/Pong.xml
60 ms. Memory: 709120K Free: 446194K (63%)
reloadAllAccessors: .Pong
----------------- testing Sun Apr 29 18:42:50 UTC 2018 /home/travis/build/icyphy/ptII/ptolemy/domains/modal/test/auto/Pong_test.xml
59 ms. Memory: 709120K Free: 415227K (59%)
reloadAllAccessors: .Pong_test
----------------- testing Sun Apr 29 18:42:50 UTC 2018 /home/travis/build/icyphy/ptII/ptolemy/domains/modal/test/auto/PreemptionHierarchy.xml
3 ms. Memory: 709120K Free: 398726K (56%)
reloadAllAccessors: .PreemptionHierarchy
----------------- testing Sun Apr 29 18:42:50 UTC 2018 /home/travis/build/icyphy/ptII/ptolemy/domains/modal/test/auto/PreemptionHierarchy2.xml
4 ms. Memory: 709120K Free: 382216K (54%)
reloadAllAccessors: .PreemptionHierarchy2
----------------- testing Sun Apr 29 18:42:50 UTC 2018 /home/travis/build/icyphy/ptII/ptolemy/domains/modal/test/auto/PreemptiveTransition.xml
6 ms. Memory: 709120K Free: 367759K (52%)
reloadAllAccessors: .PreemptiveTransition
----------------- testing Sun Apr 29 18:42:50 UTC 2018 /home/travis/build/icyphy/ptII/ptolemy/domains/modal/test/auto/Priorities.xml
14 ms. Memory: 709120K Free: 326445K (46%)
reloadAllAccessors: .Priorities
----------------- testing Sun Apr 29 18:42:50 UTC 2018 /home/travis/build/icyphy/ptII/ptolemy/domains/modal/test/auto/ResetFinal.xml
19 ms. Memory: 709120K Free: 299578K (42%)
reloadAllAccessors: .ResetFinal
----------------- testing Sun Apr 29 18:42:50 UTC 2018 /home/travis/build/icyphy/ptII/ptolemy/domains/modal/test/auto/ResetFinal2.xml
13 ms. Memory: 709120K Free: 283052K (40%)
reloadAllAccessors: .ResetFinal2
----------------- testing Sun Apr 29 18:42:50 UTC 2018 /home/travis/build/icyphy/ptII/ptolemy/domains/modal/test/auto/ResetTransitionWithStartTime.xml
14 ms. Memory: 709120K Free: 270666K (38%)
reloadAllAccessors: .ResetTransitionWithStartTime
----------------- testing Sun Apr 29 18:42:50 UTC 2018 /home/travis/build/icyphy/ptII/ptolemy/domains/modal/test/auto/SDF-FSMComposite.xml
5 ms. Memory: 709120K Free: 256208K (36%)
reloadAllAccessors: .SDF-FSMComposite
----------------- testing Sun Apr 29 18:42:50 UTC 2018 /home/travis/build/icyphy/ptII/ptolemy/domains/modal/test/auto/SeeminglyNondeterminate.xml
4 ms. Memory: 709120K Free: 219026K (31%)
reloadAllAccessors: .SeeminglyNondeterminate
----------------- testing Sun Apr 29 18:42:50 UTC 2018 /home/travis/build/icyphy/ptII/ptolemy/domains/modal/test/auto/SeeminglyNondeterminate2.xml
7 ms. Memory: 709120K Free: 175665K (25%)
reloadAllAccessors: .SeeminglyNondeterminate2
----------------- testing Sun Apr 29 18:42:50 UTC 2018 /home/travis/build/icyphy/ptII/ptolemy/domains/modal/test/auto/SpontaneousFSM.xml
22 ms. Memory: 709120K Free: 155032K (22%)
reloadAllAccessors: .SpontaneousFSM
----------------- testing Sun Apr 29 18:42:51 UTC 2018 /home/travis/build/icyphy/ptII/ptolemy/domains/modal/test/auto/SpontaneousFSM2.xml
8 ms. Memory: 709120K Free: 138515K (20%)
reloadAllAccessors: .SpontaneousFSM2
----------------- testing Sun Apr 29 18:42:51 UTC 2018 /home/travis/build/icyphy/ptII/ptolemy/domains/modal/test/auto/SpontaneousFSM3.xml
17 ms. Memory: 709120K Free: 115794K (16%)
reloadAllAccessors: .SpontaneousFSM3
----------------- testing Sun Apr 29 18:42:51 UTC 2018 /home/travis/build/icyphy/ptII/ptolemy/domains/modal/test/auto/SpontaneousFSM4.xml
17 ms. Memory: 709120K Free: 95161K (13%)
reloadAllAccessors: .SpontaneousFSM4
----------------- testing Sun Apr 29 18:42:51 UTC 2018 /home/travis/build/icyphy/ptII/ptolemy/domains/modal/test/auto/StateTrackerTest.xml
12 ms. Memory: 709120K Free: 686830K (97%)
reloadAllAccessors: .StateTrackerTest
----------------- testing Sun Apr 29 18:42:51 UTC 2018 /home/travis/build/icyphy/ptII/ptolemy/domains/modal/test/auto/StrongImmediateTransition.xml
2 ms. Memory: 709120K Free: 672953K (95%)
reloadAllAccessors: .StrongImmediateTransition
----------------- testing Sun Apr 29 18:42:51 UTC 2018 /home/travis/build/icyphy/ptII/ptolemy/domains/modal/test/auto/SustainHierarchy.xml
3 ms. Memory: 709120K Free: 654967K (92%)
reloadAllAccessors: .SustainHierarchy
----------------- testing Sun Apr 29 18:42:51 UTC 2018 /home/travis/build/icyphy/ptII/ptolemy/domains/modal/test/auto/TerminationTransition1.xml
2 ms. Memory: 709120K Free: 642581K (91%)
reloadAllAccessors: .TerminationTransition1
----------------- testing Sun Apr 29 18:42:51 UTC 2018 /home/travis/build/icyphy/ptII/ptolemy/domains/modal/test/auto/TerminationTransition2.xml
1 ms. Memory: 709120K Free: 624580K (88%)
reloadAllAccessors: .TerminationTransition2
----------------- testing Sun Apr 29 18:42:51 UTC 2018 /home/travis/build/icyphy/ptII/ptolemy/domains/modal/test/auto/TerminationTransition3.xml
2 ms. Memory: 709120K Free: 608071K (86%)
reloadAllAccessors: .TerminationTransition3
----------------- testing Sun Apr 29 18:42:51 UTC 2018 /home/travis/build/icyphy/ptII/ptolemy/domains/modal/test/auto/TerminationTransition4.xml
2 ms. Memory: 709120K Free: 585938K (83%)
reloadAllAccessors: .TerminationTransition4
----------------- testing Sun Apr 29 18:42:51 UTC 2018 /home/travis/build/icyphy/ptII/ptolemy/domains/modal/test/auto/TerminationTransition5.xml
2 ms. Memory: 709120K Free: 563798K (80%)
reloadAllAccessors: .TerminationTransition5
----------------- testing Sun Apr 29 18:42:51 UTC 2018 /home/travis/build/icyphy/ptII/ptolemy/domains/modal/test/auto/TerminationTransition6.xml
1 ms. Memory: 709120K Free: 547273K (77%)
reloadAllAccessors: .TerminationTransition6
----------------- testing Sun Apr 29 18:42:51 UTC 2018 /home/travis/build/icyphy/ptII/ptolemy/domains/modal/test/auto/TerminationTransition7.xml
2 ms. Memory: 709120K Free: 529264K (75%)
reloadAllAccessors: .TerminationTransition7
----------------- testing Sun Apr 29 18:42:51 UTC 2018 /home/travis/build/icyphy/ptII/ptolemy/domains/modal/test/auto/TerminationTransition8.xml
2 ms. Memory: 709120K Free: 512754K (72%)
reloadAllAccessors: .TerminationTransition8
----------------- testing Sun Apr 29 18:42:51 UTC 2018 /home/travis/build/icyphy/ptII/ptolemy/domains/modal/test/auto/Thermostat_NoHysteresis.xml
27 ms. Memory: 709120K Free: 482368K (68%)
reloadAllAccessors: .Thermostat_NoHysteresis
----------------- testing Sun Apr 29 18:42:51 UTC 2018 /home/travis/build/icyphy/ptII/ptolemy/domains/modal/test/auto/TimedFSM.xml
8 ms. Memory: 709120K Free: 465858K (66%)
reloadAllAccessors: .TimedFSM
----------------- testing Sun Apr 29 18:42:51 UTC 2018 /home/travis/build/icyphy/ptII/ptolemy/domains/modal/test/auto/Timeout1.xml
3 ms. Memory: 709120K Free: 456120K (64%)
reloadAllAccessors: .Timeout1
----------------- testing Sun Apr 29 18:42:51 UTC 2018 /home/travis/build/icyphy/ptII/ptolemy/domains/modal/test/auto/Timeout2.xml
6 ms. Memory: 709120K Free: 442258K (62%)
reloadAllAccessors: .Timeout2
----------------- testing Sun Apr 29 18:42:51 UTC 2018 /home/travis/build/icyphy/ptII/ptolemy/domains/modal/test/auto/Timeout3.xml
2 ms. Memory: 709120K Free: 434012K (61%)
reloadAllAccessors: .Timeout3
----------------- testing Sun Apr 29 18:42:51 UTC 2018 /home/travis/build/icyphy/ptII/ptolemy/domains/modal/test/auto/Timeout4.xml
2 ms. Memory: 709120K Free: 424273K (60%)
reloadAllAccessors: .Timeout4
----------------- testing Sun Apr 29 18:42:51 UTC 2018 /home/travis/build/icyphy/ptII/ptolemy/domains/modal/test/auto/TransientstateModelAdvanced.xml
2 ms. Memory: 709120K Free: 407772K (58%)
reloadAllAccessors: .TransientstateModelAdvanced
----------------- testing Sun Apr 29 18:42:51 UTC 2018 /home/travis/build/icyphy/ptII/ptolemy/domains/modal/test/auto/TransientstateModelAdvanced2.xml
3 ms. Memory: 709120K Free: 385640K (54%)
reloadAllAccessors: .transientstatemodelAdvanced
----------------- testing Sun Apr 29 18:42:51 UTC 2018 /home/travis/build/icyphy/ptII/ptolemy/domains/modal/test/auto/TransitionRefinements.xml
7 ms. Memory: 709120K Free: 371762K (52%)
reloadAllAccessors: .TransitionRefinements
----------------- testing Sun Apr 29 18:42:51 UTC 2018 /home/travis/build/icyphy/ptII/ptolemy/domains/modal/test/auto/TwoRefinements1.xml
3 ms. Memory: 709120K Free: 355253K (50%)
reloadAllAccessors: .TwoRefinements1
----------------- testing Sun Apr 29 18:42:51 UTC 2018 /home/travis/build/icyphy/ptII/ptolemy/domains/modal/test/auto/TwoRefinements2.xml
2 ms. Memory: 709120K Free: 337252K (48%)
reloadAllAccessors: .TwoRefinements2
----------------- testing Sun Apr 29 18:42:51 UTC 2018 /home/travis/build/icyphy/ptII/ptolemy/domains/modal/test/auto/WeakImmediateTransition.xml
3 ms. Memory: 709120K Free: 324866K (46%)
reloadAllAccessors: .WeakImmediateTransition
----------------- testing Sun Apr 29 18:42:51 UTC 2018 /home/travis/build/icyphy/ptII/ptolemy/domains/modal/test/auto/booleanSelect.xml
33 ms. Memory: 709120K Free: 302718K (43%)
reloadAllAccessors: .booleanSelect
----------------- testing Sun Apr 29 18:42:51 UTC 2018 /home/travis/build/icyphy/ptII/ptolemy/domains/modal/test/auto/modalChangingParams.xml
0
1
0
2
4
6
8
7
0
2
4
6
8
13
0
2
4
6
8
19
0
2
4
6
8
25
0
2
4
6
8
31
0
2
4
6
8
37
0
2
4
6
8
43
0
2
4
6
8
49
0
2
4
6
8
55
0
2
4
6
8
61
0
2
4
6
8
67
0
2
4
6
8
73
0
2
4
6
8
79
0
2
4
6
8
85
0
2
4
6
8
91
0
2
4
6
8
97
0
2
4
6
8
103
0
2
4
6
8
109
0
2
4
6
8
115
0
2
4
6
8
121
0
2
4
6
8
127
0
2
4
6
8
133
0
2
4
6
8
139
0
2
4
6
8
145
0
2
4
6
8
151
0
2
4
6
8
157
0
2
4
6
8
163
0
2
4
6
8
169
0
2
4
6
8
175
0
2
4
6
8
181
0
2
4
6
8
187
0
2
4
6
8
193
0
2
4
6
8
199
0
2
4
6
8
205
0
2
4
6
8
211
0
2
4
6
8
217
0
2
4
6
8
223
0
2
4
6
8
229
0
2
4
6
8
235
0
2
4
6
8
241
0
2
4
6
8
247
0
2
4
6
8
253
0
2
4
6
8
259
0
2
4
6
8
265
0
2
4
6
8
271
0
2
4
6
8
277
0
2
4
6
8
283
0
2
4
6
8
289
0
2
4
6
8
295
0
2
4
6
8
301
0
2
4
6
8
307
0
2
4
6
8
313
0
2
4
6
8
319
0
2
4
6
8
325
0
2
4
6
8
331
0
2
4
6
8
337
0
2
4
6
8
343
0
2
4
6
8
349
0
2
4
6
8
355
0
2
4
6
8
361
0
2
4
6
8
367
0
2
4
6
8
373
0
2
4
6
8
379
0
2
4
6
8
385
0
2
4
6
8
391
0
2
4
6
8
397
0
2
4
6
8
403
0
2
4
6
8
409
0
2
4
6
8
415
0
2
4
6
8
421
0
2
4
6
8
427
0
2
4
6
8
433
0
2
4
6
8
439
0
2
4
6
8
445
0
2
4
6
8
451
0
2
4
6
8
457
0
2
4
6
8
463
0
2
4
6
8
469
0
2
4
6
8
475
0
2
4
6
8
481
0
2
4
6
8
487
0
2
4
6
8
493
0
2
4
6
8
499
0
2
4
6
8
505
0
2
4
6
8
511
0
2
4
6
8
517
0
2
4
6
8
523
0
2
4
6
8
529
0
2
4
6
8
535
0
2
4
6
8
541
0
2
4
6
8
547
0
2
4
6
8
553
0
2
4
6
8
559
0
2
4
6
8
565
0
2
4
6
8
571
0
2
4
6
8
577
0
2
4
6
8
583
0
2
4
6
8
589
0
2
4
6
8
595
0
2
4
6
8
601
0
2
4
6
8
607
0
2
4
6
8
613
0
2
4
6
8
619
0
2
4
6
8
625
0
2
4
6
8
631
0
2
4
6
8
637
0
2
4
6
8
643
0
2
4
6
8
649
0
2
4
6
8
655
0
2
4
6
8
661
0
2
4
6
8
667
0
2
4
6
8
673
0
2
4
6
8
679
0
2
4
6
8
685
0
2
4
6
8
691
0
2
4
6
8
697
0
2
4
6
8
703
0
2
4
6
8
709
0
2
4
6
8
715
0
2
4
6
8
721
0
2
4
6
8
727
0
2
4
6
8
733
0
2
4
6
8
739
0
2
4
6
8
745
0
2
4
6
8
751
0
2
4
6
8
757
0
2
4
6
8
763
0
2
4
6
8
769
0
2
4
6
8
775
0
2
4
6
8
781
0
2
4
6
8
787
0
2
4
6
8
793
0
2
4
6
8
799
0
2
4
6
8
805
0
2
4
6
8
811
0
2
4
6
8
817
0
2
4
6
8
823
0
2
4
6
8
829
0
2
4
6
8
835
0
2
4
6
8
841
0
2
4
6
8
847
0
2
4
6
8
853
0
2
4
6
8
859
0
2
4
6
8
865
0
2
4
6
8
871
0
2
4
6
8
877
0
2
4
6
8
883
0
2
4
6
8
889
0
2
4
6
8
895
0
2
4
6
8
901
0
2
4
6
8
907
0
2
4
6
8
913
0
2
4
6
8
919
0
2
4
6
8
925
0
2
4
6
8
931
0
2
4
6
8
937
0
2
4
6
8
943
0
2
4
6
8
949
0
2
4
6
8
955
0
2
4
6
8
961
0
2
4
6
8
967
0
2
4
6
8
973
0
2
4
6
8
979
0
2
4
6
8
985
0
2
4
6
8
991
0
2
4
6
8
997
0
2
272 ms. Memory: 709120K Free: 181338K (26%)
reloadAllAccessors: .modalChangingParams
----------------- testing Sun Apr 29 18:42:52 UTC 2018 /home/travis/build/icyphy/ptII/ptolemy/domains/modal/test/auto/modalModel.xml
5 ms. Memory: 709120K Free: 168952K (24%)
reloadAllAccessors: .modalModel
----------------- testing Sun Apr 29 18:42:52 UTC 2018 /home/travis/build/icyphy/ptII/ptolemy/domains/modal/test/auto/modalModel2.xml
11 ms. Memory: 709120K Free: 155074K (22%)
reloadAllAccessors: .modalModel2
----------------- testing Sun Apr 29 18:42:52 UTC 2018 /home/travis/build/icyphy/ptII/ptolemy/domains/modal/test/auto/modalModel3.xml
0	0	0
3	2	1
6	4	2
9	6	3
4	0	4
7	2	5
10	4	6
13	6	7
8	0	8
11	2	9
14	4	10
17	6	11
12	0	12
15	2	13
18	4	14
14 ms. Memory: 709120K Free: 134425K (19%)
reloadAllAccessors: .modalModel3
----------------- testing Sun Apr 29 18:42:52 UTC 2018 /home/travis/build/icyphy/ptII/ptolemy/domains/modal/test/auto/model1.xml
10 ms. Memory: 709120K Free: 124687K (18%)
reloadAllAccessors: .model1
----------------- testing Sun Apr 29 18:42:52 UTC 2018 /home/travis/build/icyphy/ptII/ptolemy/domains/modal/test/auto/test-direct-in-out.xml
4 ms. Memory: 709120K Free: 112301K (16%)
reloadAllAccessors: .test-direct-in-out
AutoTests.java: About to close Vertx.
AutoTests.java: Vertx closed.
]]></system-out>
  <system-err><![CDATA[java.lang.RuntimeException: Execution failed
	at ptolemy.moml.MoMLSimpleApplication$UnloadThread.run(MoMLSimpleApplication.java:402)
Caused by: ptolemy.kernel.util.IllegalActionException: Unknown inputs remain. Possible causality loop:
L_model_1893289564i

  in .CannotAnalysisWithPreemption.model_1893289564_region_1 and .CannotAnalysisWithPreemption.model_1893289564_region_1.L_model_1893289564i
	at ptolemy.actor.sched.FixedPointDirector.postfire(FixedPointDirector.java:515)
	at ptolemy.domains.sr.kernel.SRDirector.postfire(SRDirector.java:417)
	at ptolemy.actor.CompositeActor.postfire(CompositeActor.java:1668)
	at ptolemy.actor.Manager.iterate(Manager.java:852)
	at ptolemy.actor.Manager.execute(Manager.java:369)
	at ptolemy.actor.Manager.run(Manager.java:1263)
	at ptolemy.actor.Manager$PtolemyRunThread.run(Manager.java:1915)
java.lang.reflect.InvocationTargetException
	at sun.reflect.NativeConstructorAccessorImpl.newInstance0(Native Method)
	at sun.reflect.NativeConstructorAccessorImpl.newInstance(NativeConstructorAccessorImpl.java:62)
	at sun.reflect.DelegatingConstructorAccessorImpl.newInstance(DelegatingConstructorAccessorImpl.java:45)
	at java.lang.reflect.Constructor.newInstance(Constructor.java:423)
	at ptolemy.util.test.junit.AutoKnownFailedTests.RunModel(AutoKnownFailedTests.java:107)
	at sun.reflect.NativeMethodAccessorImpl.invoke0(Native Method)
	at sun.reflect.NativeMethodAccessorImpl.invoke(NativeMethodAccessorImpl.java:62)
	at sun.reflect.DelegatingMethodAccessorImpl.invoke(DelegatingMethodAccessorImpl.java:43)
	at java.lang.reflect.Method.invoke(Method.java:498)
	at org.junit.runners.model.FrameworkMethod$1.runReflectiveCall(FrameworkMethod.java:44)
	at org.junit.internal.runners.model.ReflectiveCallable.run(ReflectiveCallable.java:15)
	at org.junit.runners.model.FrameworkMethod.invokeExplosively(FrameworkMethod.java:41)
	at junitparams.internal.InvokeParameterisedMethod.evaluate(InvokeParameterisedMethod.java:102)
	at org.junit.internal.runners.statements.FailOnTimeout$1.run(FailOnTimeout.java:28)
Caused by: ptolemy.kernel.util.IllegalActionException: Unknown inputs remain. Possible causality loop:
L_model_1893289564i

  in .CannotAnalysisWithPreemption.model_1893289564_region_1 and .CannotAnalysisWithPreemption.model_1893289564_region_1.L_model_1893289564i
	at ptolemy.actor.sched.FixedPointDirector.postfire(FixedPointDirector.java:515)
	at ptolemy.domains.sr.kernel.SRDirector.postfire(SRDirector.java:417)
	at ptolemy.actor.CompositeActor.postfire(CompositeActor.java:1668)
	at ptolemy.actor.Manager.iterate(Manager.java:852)
	at ptolemy.actor.Manager.execute(Manager.java:369)
	at ptolemy.actor.Manager.run(Manager.java:1263)
	at ptolemy.actor.Manager$PtolemyRunThread.run(Manager.java:1915)
]]></system-err>
</testsuite>
