<?xml version="1.0" encoding="UTF-8" ?>
<testsuite errors="0" failures="0" hostname="travis-job-93c25521-764e-49f4-9ad3-164b18226330" name="ptolemy.domains.modal.test.junit.JUnitTclTest" skipped="0" tests="148" time="9.664" timestamp="2018-05-16T00:05:22">
  <properties>
[...]
</properties>
  <testcase classname="ptolemy.util.test.junit.TclTests" name="[0] /home/travis/build/icyphy/ptII/ptolemy/domains/modal/test/SystemLevelType.tcl (RunTclFile)" time="1.74" />
  <testcase classname="ptolemy.util.test.junit.AutoKnownFailedTests" name="[0] /home/travis/build/icyphy/ptII/ptolemy/domains/modal/test/auto/knownFailedTests/CannotAnalysisWithPreemption.xml (RunModel)" time="0.171" />
  <testcase classname="ptolemy.util.test.junit.AutoNameArchTests" name="[0] ThereAreNoAutoTests (RunModel)" time="0.014" />
  <testcase classname="ptolemy.util.test.junit.AutoTests" name="[0] /home/travis/build/icyphy/ptII/ptolemy/domains/modal/test/auto/ABPTest.xml (RunModel)" time="0.615" />
  <testcase classname="ptolemy.util.test.junit.AutoTests" name="[1] /home/travis/build/icyphy/ptII/ptolemy/domains/modal/test/auto/ABROFlat.xml (RunModel)" time="0.089" />
  <testcase classname="ptolemy.util.test.junit.AutoTests" name="[2] /home/travis/build/icyphy/ptII/ptolemy/domains/modal/test/auto/ABROFlat2.xml (RunModel)" time="0.083" />
  <testcase classname="ptolemy.util.test.junit.AutoTests" name="[3] /home/travis/build/icyphy/ptII/ptolemy/domains/modal/test/auto/ABRO_present_hmm.xml (RunModel)" time="0.134" />
  <testcase classname="ptolemy.util.test.junit.AutoTests" name="[4] /home/travis/build/icyphy/ptII/ptolemy/domains/modal/test/auto/AMICoderExample.xml (RunModel)" time="0.061" />
  <testcase classname="ptolemy.util.test.junit.AutoTests" name="[5] /home/travis/build/icyphy/ptII/ptolemy/domains/modal/test/auto/AbsentToPresent.xml (RunModel)" time="0.022" />
  <testcase classname="ptolemy.util.test.junit.AutoTests" name="[6] /home/travis/build/icyphy/ptII/ptolemy/domains/modal/test/auto/Blending.xml (RunModel)" time="0.261" />
  <testcase classname="ptolemy.util.test.junit.AutoTests" name="[7] /home/travis/build/icyphy/ptII/ptolemy/domains/modal/test/auto/Broadcast.xml (RunModel)" time="0.042" />
  <testcase classname="ptolemy.util.test.junit.AutoTests" name="[8] /home/travis/build/icyphy/ptII/ptolemy/domains/modal/test/auto/BroadcastHierarchy.xml (RunModel)" time="0.067" />
  <testcase classname="ptolemy.util.test.junit.AutoTests" name="[9] /home/travis/build/icyphy/ptII/ptolemy/domains/modal/test/auto/BroadcastHierarchy2.xml (RunModel)" time="0.126" />
  <testcase classname="ptolemy.util.test.junit.AutoTests" name="[10] /home/travis/build/icyphy/ptII/ptolemy/domains/modal/test/auto/BroadcastHierarchy3.xml (RunModel)" time="0.114" />
  <testcase classname="ptolemy.util.test.junit.AutoTests" name="[11] /home/travis/build/icyphy/ptII/ptolemy/domains/modal/test/auto/BroadcastHierarchy4.xml (RunModel)" time="0.093" />
  <testcase classname="ptolemy.util.test.junit.AutoTests" name="[12] /home/travis/build/icyphy/ptII/ptolemy/domains/modal/test/auto/CannotAnalysisWithPreemption2.xml (RunModel)" time="0.031" />
  <testcase classname="ptolemy.util.test.junit.AutoTests" name="[13] /home/travis/build/icyphy/ptII/ptolemy/domains/modal/test/auto/CannotAnalysisWithPreemption3.xml (RunModel)" time="0.044" />
  <testcase classname="ptolemy.util.test.junit.AutoTests" name="[14] /home/travis/build/icyphy/ptII/ptolemy/domains/modal/test/auto/CannotProduce.xml (RunModel)" time="0.035" />
  <testcase classname="ptolemy.util.test.junit.AutoTests" name="[15] /home/travis/build/icyphy/ptII/ptolemy/domains/modal/test/auto/CannotProduceModal.xml (RunModel)" time="0.032" />
  <testcase classname="ptolemy.util.test.junit.AutoTests" name="[16] /home/travis/build/icyphy/ptII/ptolemy/domains/modal/test/auto/Case.xml (RunModel)" time="0.067" />
  <testcase classname="ptolemy.util.test.junit.AutoTests" name="[17] /home/travis/build/icyphy/ptII/ptolemy/domains/modal/test/auto/Case1.xml (RunModel)" time="0.032" />
  <testcase classname="ptolemy.util.test.junit.AutoTests" name="[18] /home/travis/build/icyphy/ptII/ptolemy/domains/modal/test/auto/Case2.xml (RunModel)" time="0.063" />
  <testcase classname="ptolemy.util.test.junit.AutoTests" name="[19] /home/travis/build/icyphy/ptII/ptolemy/domains/modal/test/auto/CausalityInterface1.xml (RunModel)" time="0.028" />
  <testcase classname="ptolemy.util.test.junit.AutoTests" name="[20] /home/travis/build/icyphy/ptII/ptolemy/domains/modal/test/auto/CausalityInterface10.xml (RunModel)" time="0.056" />
  <testcase classname="ptolemy.util.test.junit.AutoTests" name="[21] /home/travis/build/icyphy/ptII/ptolemy/domains/modal/test/auto/CausalityInterface11.xml (RunModel)" time="0.042" />
  <testcase classname="ptolemy.util.test.junit.AutoTests" name="[22] /home/travis/build/icyphy/ptII/ptolemy/domains/modal/test/auto/CausalityInterface12.xml (RunModel)" time="0.053" />
  <testcase classname="ptolemy.util.test.junit.AutoTests" name="[23] /home/travis/build/icyphy/ptII/ptolemy/domains/modal/test/auto/CausalityInterface13.xml (RunModel)" time="0.061" />
  <testcase classname="ptolemy.util.test.junit.AutoTests" name="[24] /home/travis/build/icyphy/ptII/ptolemy/domains/modal/test/auto/CausalityInterface14.xml (RunModel)" time="0.046" />
  <testcase classname="ptolemy.util.test.junit.AutoTests" name="[25] /home/travis/build/icyphy/ptII/ptolemy/domains/modal/test/auto/CausalityInterface2.xml (RunModel)" time="0.028" />
  <testcase classname="ptolemy.util.test.junit.AutoTests" name="[26] /home/travis/build/icyphy/ptII/ptolemy/domains/modal/test/auto/CausalityInterface3.xml (RunModel)" time="0.026" />
  <testcase classname="ptolemy.util.test.junit.AutoTests" name="[27] /home/travis/build/icyphy/ptII/ptolemy/domains/modal/test/auto/CausalityInterface4.xml (RunModel)" time="0.032" />
  <testcase classname="ptolemy.util.test.junit.AutoTests" name="[28] /home/travis/build/icyphy/ptII/ptolemy/domains/modal/test/auto/CausalityInterface5.xml (RunModel)" time="0.053" />
  <testcase classname="ptolemy.util.test.junit.AutoTests" name="[29] /home/travis/build/icyphy/ptII/ptolemy/domains/modal/test/auto/CausalityInterface6.xml (RunModel)" time="0.035" />
  <testcase classname="ptolemy.util.test.junit.AutoTests" name="[30] /home/travis/build/icyphy/ptII/ptolemy/domains/modal/test/auto/CausalityInterface7.xml (RunModel)" time="0.036" />
  <testcase classname="ptolemy.util.test.junit.AutoTests" name="[31] /home/travis/build/icyphy/ptII/ptolemy/domains/modal/test/auto/CausalityInterface8.xml (RunModel)" time="0.028" />
  <testcase classname="ptolemy.util.test.junit.AutoTests" name="[32] /home/travis/build/icyphy/ptII/ptolemy/domains/modal/test/auto/CausalityInterface9.xml (RunModel)" time="0.031" />
  <testcase classname="ptolemy.util.test.junit.AutoTests" name="[33] /home/travis/build/icyphy/ptII/ptolemy/domains/modal/test/auto/ChainedTransitions.xml (RunModel)" time="0.145" />
  <testcase classname="ptolemy.util.test.junit.AutoTests" name="[34] /home/travis/build/icyphy/ptII/ptolemy/domains/modal/test/auto/CycleOfImmediateTransitionsFSM.xml (RunModel)" time="0.021" />
  <testcase classname="ptolemy.util.test.junit.AutoTests" name="[35] /home/travis/build/icyphy/ptII/ptolemy/domains/modal/test/auto/CycleOfImmediateTransitionsModal.xml (RunModel)" time="0.024" />
  <testcase classname="ptolemy.util.test.junit.AutoTests" name="[36] /home/travis/build/icyphy/ptII/ptolemy/domains/modal/test/auto/CycleOfImmediateTransitionsModal2.xml (RunModel)" time="0.031" />
  <testcase classname="ptolemy.util.test.junit.AutoTests" name="[37] /home/travis/build/icyphy/ptII/ptolemy/domains/modal/test/auto/CycleOfImmediateTransitionsModal3.xml (RunModel)" time="0.077" />
  <testcase classname="ptolemy.util.test.junit.AutoTests" name="[38] /home/travis/build/icyphy/ptII/ptolemy/domains/modal/test/auto/DeepModal1.xml (RunModel)" time="0.061" />
  <testcase classname="ptolemy.util.test.junit.AutoTests" name="[39] /home/travis/build/icyphy/ptII/ptolemy/domains/modal/test/auto/DeepModal2.xml (RunModel)" time="0.086" />
  <testcase classname="ptolemy.util.test.junit.AutoTests" name="[40] /home/travis/build/icyphy/ptII/ptolemy/domains/modal/test/auto/DeepModal3.xml (RunModel)" time="0.073" />
  <testcase classname="ptolemy.util.test.junit.AutoTests" name="[41] /home/travis/build/icyphy/ptII/ptolemy/domains/modal/test/auto/DeepModal4.xml (RunModel)" time="0.076" />
  <testcase classname="ptolemy.util.test.junit.AutoTests" name="[42] /home/travis/build/icyphy/ptII/ptolemy/domains/modal/test/auto/Default1.xml (RunModel)" time="0.028" />
  <testcase classname="ptolemy.util.test.junit.AutoTests" name="[43] /home/travis/build/icyphy/ptII/ptolemy/domains/modal/test/auto/Default2.xml (RunModel)" time="0.019" />
  <testcase classname="ptolemy.util.test.junit.AutoTests" name="[44] /home/travis/build/icyphy/ptII/ptolemy/domains/modal/test/auto/Default3.xml (RunModel)" time="0.026" />
  <testcase classname="ptolemy.util.test.junit.AutoTests" name="[45] /home/travis/build/icyphy/ptII/ptolemy/domains/modal/test/auto/Default4.xml (RunModel)" time="0.024" />
  <testcase classname="ptolemy.util.test.junit.AutoTests" name="[46] /home/travis/build/icyphy/ptII/ptolemy/domains/modal/test/auto/Default5.xml (RunModel)" time="0.033" />
  <testcase classname="ptolemy.util.test.junit.AutoTests" name="[47] /home/travis/build/icyphy/ptII/ptolemy/domains/modal/test/auto/EmptyGuard.xml (RunModel)" time="0.033" />
  <testcase classname="ptolemy.util.test.junit.AutoTests" name="[48] /home/travis/build/icyphy/ptII/ptolemy/domains/modal/test/auto/ErrorTransition1.xml (RunModel)" time="0.037" />
  <testcase classname="ptolemy.util.test.junit.AutoTests" name="[49] /home/travis/build/icyphy/ptII/ptolemy/domains/modal/test/auto/ErrorTransition10.xml (RunModel)" time="0.033" />
  <testcase classname="ptolemy.util.test.junit.AutoTests" name="[50] /home/travis/build/icyphy/ptII/ptolemy/domains/modal/test/auto/ErrorTransition11.xml (RunModel)" time="0.029" />
  <testcase classname="ptolemy.util.test.junit.AutoTests" name="[51] /home/travis/build/icyphy/ptII/ptolemy/domains/modal/test/auto/ErrorTransition2.xml (RunModel)" time="0.022" />
  <testcase classname="ptolemy.util.test.junit.AutoTests" name="[52] /home/travis/build/icyphy/ptII/ptolemy/domains/modal/test/auto/ErrorTransition3.xml (RunModel)" time="0.026" />
  <testcase classname="ptolemy.util.test.junit.AutoTests" name="[53] /home/travis/build/icyphy/ptII/ptolemy/domains/modal/test/auto/ErrorTransition4.xml (RunModel)" time="0.036" />
  <testcase classname="ptolemy.util.test.junit.AutoTests" name="[54] /home/travis/build/icyphy/ptII/ptolemy/domains/modal/test/auto/ErrorTransition5.xml (RunModel)" time="0.023" />
  <testcase classname="ptolemy.util.test.junit.AutoTests" name="[55] /home/travis/build/icyphy/ptII/ptolemy/domains/modal/test/auto/ErrorTransition6.xml (RunModel)" time="0.033" />
  <testcase classname="ptolemy.util.test.junit.AutoTests" name="[56] /home/travis/build/icyphy/ptII/ptolemy/domains/modal/test/auto/ErrorTransition7.xml (RunModel)" time="0.043" />
  <testcase classname="ptolemy.util.test.junit.AutoTests" name="[57] /home/travis/build/icyphy/ptII/ptolemy/domains/modal/test/auto/ErrorTransition8.xml (RunModel)" time="0.075" />
  <testcase classname="ptolemy.util.test.junit.AutoTests" name="[58] /home/travis/build/icyphy/ptII/ptolemy/domains/modal/test/auto/ErrorTransition9.xml (RunModel)" time="0.061" />
  <testcase classname="ptolemy.util.test.junit.AutoTests" name="[59] /home/travis/build/icyphy/ptII/ptolemy/domains/modal/test/auto/ExtendedFSM.xml (RunModel)" time="0.022" />
  <testcase classname="ptolemy.util.test.junit.AutoTests" name="[60] /home/travis/build/icyphy/ptII/ptolemy/domains/modal/test/auto/FinalStates.xml (RunModel)" time="0.027" />
  <testcase classname="ptolemy.util.test.junit.AutoTests" name="[61] /home/travis/build/icyphy/ptII/ptolemy/domains/modal/test/auto/FixedPointFSM.xml (RunModel)" time="0.042" />
  <testcase classname="ptolemy.util.test.junit.AutoTests" name="[62] /home/travis/build/icyphy/ptII/ptolemy/domains/modal/test/auto/FixedPointIterationFSMActor.xml (RunModel)" time="0.028" />
  <testcase classname="ptolemy.util.test.junit.AutoTests" name="[63] /home/travis/build/icyphy/ptII/ptolemy/domains/modal/test/auto/FixedPointIterationFSMActor2.xml (RunModel)" time="0.033" />
  <testcase classname="ptolemy.util.test.junit.AutoTests" name="[64] /home/travis/build/icyphy/ptII/ptolemy/domains/modal/test/auto/ForbiddenInstantanousLoop.xml (RunModel)" time="0.027" />
  <testcase classname="ptolemy.util.test.junit.AutoTests" name="[65] /home/travis/build/icyphy/ptII/ptolemy/domains/modal/test/auto/FunctionDependencyOfFSMActorTest.xml (RunModel)" time="0.027" />
  <testcase classname="ptolemy.util.test.junit.AutoTests" name="[66] /home/travis/build/icyphy/ptII/ptolemy/domains/modal/test/auto/GuardExpression.xml (RunModel)" time="0.016" />
  <testcase classname="ptolemy.util.test.junit.AutoTests" name="[67] /home/travis/build/icyphy/ptII/ptolemy/domains/modal/test/auto/GuardNotEvaluated.xml (RunModel)" time="0.025" />
  <testcase classname="ptolemy.util.test.junit.AutoTests" name="[68] /home/travis/build/icyphy/ptII/ptolemy/domains/modal/test/auto/GuardNotEvaluated2.xml (RunModel)" time="0.029" />
  <testcase classname="ptolemy.util.test.junit.AutoTests" name="[69] /home/travis/build/icyphy/ptII/ptolemy/domains/modal/test/auto/GuardOnAbsent.xml (RunModel)" time="0.021" />
  <testcase classname="ptolemy.util.test.junit.AutoTests" name="[70] /home/travis/build/icyphy/ptII/ptolemy/domains/modal/test/auto/HierarchicalFSMTypeInference.xml (RunModel)" time="0.025" />
  <testcase classname="ptolemy.util.test.junit.AutoTests" name="[71] /home/travis/build/icyphy/ptII/ptolemy/domains/modal/test/auto/Hysteresis.xml (RunModel)" time="0.049" />
  <testcase classname="ptolemy.util.test.junit.AutoTests" name="[72] /home/travis/build/icyphy/ptII/ptolemy/domains/modal/test/auto/HysteresisWithDefault.xml (RunModel)" time="0.059" />
  <testcase classname="ptolemy.util.test.junit.AutoTests" name="[73] /home/travis/build/icyphy/ptII/ptolemy/domains/modal/test/auto/HysteresisWithDefault2.xml (RunModel)" time="0.076" />
  <testcase classname="ptolemy.util.test.junit.AutoTests" name="[74] /home/travis/build/icyphy/ptII/ptolemy/domains/modal/test/auto/ImmediateNonConstructiveness.xml (RunModel)" time="0.038" />
  <testcase classname="ptolemy.util.test.junit.AutoTests" name="[75] /home/travis/build/icyphy/ptII/ptolemy/domains/modal/test/auto/ImmediateNonConstructiveness2.xml (RunModel)" time="0.017" />
  <testcase classname="ptolemy.util.test.junit.AutoTests" name="[76] /home/travis/build/icyphy/ptII/ptolemy/domains/modal/test/auto/ImmediateTransitionReset.xml (RunModel)" time="0.033" />
  <testcase classname="ptolemy.util.test.junit.AutoTests" name="[77] /home/travis/build/icyphy/ptII/ptolemy/domains/modal/test/auto/ImmediateTransitions1.xml (RunModel)" time="0.01" />
  <testcase classname="ptolemy.util.test.junit.AutoTests" name="[78] /home/travis/build/icyphy/ptII/ptolemy/domains/modal/test/auto/ImmediateTransitionsInstantaneousCommunication.xml (RunModel)" time="0.038" />
  <testcase classname="ptolemy.util.test.junit.AutoTests" name="[79] /home/travis/build/icyphy/ptII/ptolemy/domains/modal/test/auto/InitialImmediateTransition.xml (RunModel)" time="0.019" />
  <testcase classname="ptolemy.util.test.junit.AutoTests" name="[80] /home/travis/build/icyphy/ptII/ptolemy/domains/modal/test/auto/InitialOutputs.xml (RunModel)" time="0.015" />
  <testcase classname="ptolemy.util.test.junit.AutoTests" name="[81] /home/travis/build/icyphy/ptII/ptolemy/domains/modal/test/auto/InitialStateTransition1.xml (RunModel)" time="0.019" />
  <testcase classname="ptolemy.util.test.junit.AutoTests" name="[82] /home/travis/build/icyphy/ptII/ptolemy/domains/modal/test/auto/InitialStateTransition2.xml (RunModel)" time="0.019" />
  <testcase classname="ptolemy.util.test.junit.AutoTests" name="[83] /home/travis/build/icyphy/ptII/ptolemy/domains/modal/test/auto/InitialStateTransition3.xml (RunModel)" time="0.024" />
  <testcase classname="ptolemy.util.test.junit.AutoTests" name="[84] /home/travis/build/icyphy/ptII/ptolemy/domains/modal/test/auto/InitialStateTransition4.xml (RunModel)" time="0.025" />
  <testcase classname="ptolemy.util.test.junit.AutoTests" name="[85] /home/travis/build/icyphy/ptII/ptolemy/domains/modal/test/auto/MalformedGuardExpressionNotCaught.xml (RunModel)" time="0.018" />
  <testcase classname="ptolemy.util.test.junit.AutoTests" name="[86] /home/travis/build/icyphy/ptII/ptolemy/domains/modal/test/auto/ModalBSC.xml (RunModel)" time="0.08" />
  <testcase classname="ptolemy.util.test.junit.AutoTests" name="[87] /home/travis/build/icyphy/ptII/ptolemy/domains/modal/test/auto/ModalClocks.xml (RunModel)" time="0.075" />
  <testcase classname="ptolemy.util.test.junit.AutoTests" name="[88] /home/travis/build/icyphy/ptII/ptolemy/domains/modal/test/auto/ModalDelay.xml (RunModel)" time="0.045" />
  <testcase classname="ptolemy.util.test.junit.AutoTests" name="[89] /home/travis/build/icyphy/ptII/ptolemy/domains/modal/test/auto/ModalDelay2.xml (RunModel)" time="0.038" />
  <testcase classname="ptolemy.util.test.junit.AutoTests" name="[90] /home/travis/build/icyphy/ptII/ptolemy/domains/modal/test/auto/ModalModelFromMemo.xml (RunModel)" time="0.062" />
  <testcase classname="ptolemy.util.test.junit.AutoTests" name="[91] /home/travis/build/icyphy/ptII/ptolemy/domains/modal/test/auto/ModalModelWithMultirateTransient.xml (RunModel)" time="0.044" />
  <testcase classname="ptolemy.util.test.junit.AutoTests" name="[92] /home/travis/build/icyphy/ptII/ptolemy/domains/modal/test/auto/ModalModelWithReset.xml (RunModel)" time="0.049" />
  <testcase classname="ptolemy.util.test.junit.AutoTests" name="[93] /home/travis/build/icyphy/ptII/ptolemy/domains/modal/test/auto/MouseClickFSM.xml (RunModel)" time="0.036" />
  <testcase classname="ptolemy.util.test.junit.AutoTests" name="[94] /home/travis/build/icyphy/ptII/ptolemy/domains/modal/test/auto/MouseClickFSMModal.xml (RunModel)" time="0.029" />
  <testcase classname="ptolemy.util.test.junit.AutoTests" name="[95] /home/travis/build/icyphy/ptII/ptolemy/domains/modal/test/auto/NonStrictFSM_FeedbackLoop.xml (RunModel)" time="0.04" />
  <testcase classname="ptolemy.util.test.junit.AutoTests" name="[96] /home/travis/build/icyphy/ptII/ptolemy/domains/modal/test/auto/NonStrictFSM_FeedbackLoop_Refinement.xml (RunModel)" time="0.053" />
  <testcase classname="ptolemy.util.test.junit.AutoTests" name="[97] /home/travis/build/icyphy/ptII/ptolemy/domains/modal/test/auto/NonStrictFSM_FeedbackLoop_preemptive.xml (RunModel)" time="0.06" />
  <testcase classname="ptolemy.util.test.junit.AutoTests" name="[98] /home/travis/build/icyphy/ptII/ptolemy/domains/modal/test/auto/NormalTermination.xml (RunModel)" time="0.046" />
  <testcase classname="ptolemy.util.test.junit.AutoTests" name="[99] /home/travis/build/icyphy/ptII/ptolemy/domains/modal/test/auto/Pong.xml (RunModel)" time="0.076" />
  <testcase classname="ptolemy.util.test.junit.AutoTests" name="[100] /home/travis/build/icyphy/ptII/ptolemy/domains/modal/test/auto/Pong_test.xml (RunModel)" time="0.097" />
  <testcase classname="ptolemy.util.test.junit.AutoTests" name="[101] /home/travis/build/icyphy/ptII/ptolemy/domains/modal/test/auto/PreemptionHierarchy.xml (RunModel)" time="0.023" />
  <testcase classname="ptolemy.util.test.junit.AutoTests" name="[102] /home/travis/build/icyphy/ptII/ptolemy/domains/modal/test/auto/PreemptionHierarchy2.xml (RunModel)" time="0.03" />
  <testcase classname="ptolemy.util.test.junit.AutoTests" name="[103] /home/travis/build/icyphy/ptII/ptolemy/domains/modal/test/auto/PreemptiveTransition.xml (RunModel)" time="0.021" />
  <testcase classname="ptolemy.util.test.junit.AutoTests" name="[104] /home/travis/build/icyphy/ptII/ptolemy/domains/modal/test/auto/Priorities.xml (RunModel)" time="0.072" />
  <testcase classname="ptolemy.util.test.junit.AutoTests" name="[105] /home/travis/build/icyphy/ptII/ptolemy/domains/modal/test/auto/ResetFinal.xml (RunModel)" time="0.041" />
  <testcase classname="ptolemy.util.test.junit.AutoTests" name="[106] /home/travis/build/icyphy/ptII/ptolemy/domains/modal/test/auto/ResetFinal2.xml (RunModel)" time="0.027" />
  <testcase classname="ptolemy.util.test.junit.AutoTests" name="[107] /home/travis/build/icyphy/ptII/ptolemy/domains/modal/test/auto/ResetTransitionWithStartTime.xml (RunModel)" time="0.03" />
  <testcase classname="ptolemy.util.test.junit.AutoTests" name="[108] /home/travis/build/icyphy/ptII/ptolemy/domains/modal/test/auto/SDF-FSMComposite.xml (RunModel)" time="0.024" />
  <testcase classname="ptolemy.util.test.junit.AutoTests" name="[109] /home/travis/build/icyphy/ptII/ptolemy/domains/modal/test/auto/SeeminglyNondeterminate.xml (RunModel)" time="0.056" />
  <testcase classname="ptolemy.util.test.junit.AutoTests" name="[110] /home/travis/build/icyphy/ptII/ptolemy/domains/modal/test/auto/SeeminglyNondeterminate2.xml (RunModel)" time="0.06" />
  <testcase classname="ptolemy.util.test.junit.AutoTests" name="[111] /home/travis/build/icyphy/ptII/ptolemy/domains/modal/test/auto/SpontaneousFSM.xml (RunModel)" time="0.036" />
  <testcase classname="ptolemy.util.test.junit.AutoTests" name="[112] /home/travis/build/icyphy/ptII/ptolemy/domains/modal/test/auto/SpontaneousFSM2.xml (RunModel)" time="0.028" />
  <testcase classname="ptolemy.util.test.junit.AutoTests" name="[113] /home/travis/build/icyphy/ptII/ptolemy/domains/modal/test/auto/SpontaneousFSM3.xml (RunModel)" time="0.041" />
  <testcase classname="ptolemy.util.test.junit.AutoTests" name="[114] /home/travis/build/icyphy/ptII/ptolemy/domains/modal/test/auto/SpontaneousFSM4.xml (RunModel)" time="0.037" />
  <testcase classname="ptolemy.util.test.junit.AutoTests" name="[115] /home/travis/build/icyphy/ptII/ptolemy/domains/modal/test/auto/StateTrackerTest.xml (RunModel)" time="0.046" />
  <testcase classname="ptolemy.util.test.junit.AutoTests" name="[116] /home/travis/build/icyphy/ptII/ptolemy/domains/modal/test/auto/StrongImmediateTransition.xml (RunModel)" time="0.034" />
  <testcase classname="ptolemy.util.test.junit.AutoTests" name="[117] /home/travis/build/icyphy/ptII/ptolemy/domains/modal/test/auto/SustainHierarchy.xml (RunModel)" time="0.036" />
  <testcase classname="ptolemy.util.test.junit.AutoTests" name="[118] /home/travis/build/icyphy/ptII/ptolemy/domains/modal/test/auto/TerminationTransition1.xml (RunModel)" time="0.022" />
  <testcase classname="ptolemy.util.test.junit.AutoTests" name="[119] /home/travis/build/icyphy/ptII/ptolemy/domains/modal/test/auto/TerminationTransition2.xml (RunModel)" time="0.029" />
  <testcase classname="ptolemy.util.test.junit.AutoTests" name="[120] /home/travis/build/icyphy/ptII/ptolemy/domains/modal/test/auto/TerminationTransition3.xml (RunModel)" time="0.024" />
  <testcase classname="ptolemy.util.test.junit.AutoTests" name="[121] /home/travis/build/icyphy/ptII/ptolemy/domains/modal/test/auto/TerminationTransition4.xml (RunModel)" time="0.033" />
  <testcase classname="ptolemy.util.test.junit.AutoTests" name="[122] /home/travis/build/icyphy/ptII/ptolemy/domains/modal/test/auto/TerminationTransition5.xml (RunModel)" time="0.033" />
  <testcase classname="ptolemy.util.test.junit.AutoTests" name="[123] /home/travis/build/icyphy/ptII/ptolemy/domains/modal/test/auto/TerminationTransition6.xml (RunModel)" time="0.021" />
  <testcase classname="ptolemy.util.test.junit.AutoTests" name="[124] /home/travis/build/icyphy/ptII/ptolemy/domains/modal/test/auto/TerminationTransition7.xml (RunModel)" time="0.021" />
  <testcase classname="ptolemy.util.test.junit.AutoTests" name="[125] /home/travis/build/icyphy/ptII/ptolemy/domains/modal/test/auto/TerminationTransition8.xml (RunModel)" time="0.022" />
  <testcase classname="ptolemy.util.test.junit.AutoTests" name="[126] /home/travis/build/icyphy/ptII/ptolemy/domains/modal/test/auto/Thermostat_NoHysteresis.xml (RunModel)" time="0.056" />
  <testcase classname="ptolemy.util.test.junit.AutoTests" name="[127] /home/travis/build/icyphy/ptII/ptolemy/domains/modal/test/auto/TimedFSM.xml (RunModel)" time="0.033" />
  <testcase classname="ptolemy.util.test.junit.AutoTests" name="[128] /home/travis/build/icyphy/ptII/ptolemy/domains/modal/test/auto/Timeout1.xml (RunModel)" time="0.012" />
  <testcase classname="ptolemy.util.test.junit.AutoTests" name="[129] /home/travis/build/icyphy/ptII/ptolemy/domains/modal/test/auto/Timeout2.xml (RunModel)" time="0.018" />
  <testcase classname="ptolemy.util.test.junit.AutoTests" name="[130] /home/travis/build/icyphy/ptII/ptolemy/domains/modal/test/auto/Timeout3.xml (RunModel)" time="0.011" />
  <testcase classname="ptolemy.util.test.junit.AutoTests" name="[131] /home/travis/build/icyphy/ptII/ptolemy/domains/modal/test/auto/Timeout4.xml (RunModel)" time="0.012" />
  <testcase classname="ptolemy.util.test.junit.AutoTests" name="[132] /home/travis/build/icyphy/ptII/ptolemy/domains/modal/test/auto/TransientstateModelAdvanced.xml (RunModel)" time="0.033" />
  <testcase classname="ptolemy.util.test.junit.AutoTests" name="[133] /home/travis/build/icyphy/ptII/ptolemy/domains/modal/test/auto/TransientstateModelAdvanced2.xml (RunModel)" time="0.029" />
  <testcase classname="ptolemy.util.test.junit.AutoTests" name="[134] /home/travis/build/icyphy/ptII/ptolemy/domains/modal/test/auto/TransitionRefinements.xml (RunModel)" time="0.023" />
  <testcase classname="ptolemy.util.test.junit.AutoTests" name="[135] /home/travis/build/icyphy/ptII/ptolemy/domains/modal/test/auto/TwoRefinements1.xml (RunModel)" time="0.023" />
  <testcase classname="ptolemy.util.test.junit.AutoTests" name="[136] /home/travis/build/icyphy/ptII/ptolemy/domains/modal/test/auto/TwoRefinements2.xml (RunModel)" time="0.023" />
  <testcase classname="ptolemy.util.test.junit.AutoTests" name="[137] /home/travis/build/icyphy/ptII/ptolemy/domains/modal/test/auto/WeakImmediateTransition.xml (RunModel)" time="0.027" />
  <testcase classname="ptolemy.util.test.junit.AutoTests" name="[138] /home/travis/build/icyphy/ptII/ptolemy/domains/modal/test/auto/booleanSelect.xml (RunModel)" time="0.05" />
  <testcase classname="ptolemy.util.test.junit.AutoTests" name="[139] /home/travis/build/icyphy/ptII/ptolemy/domains/modal/test/auto/modalChangingParams.xml (RunModel)" time="0.234" />
  <testcase classname="ptolemy.util.test.junit.AutoTests" name="[140] /home/travis/build/icyphy/ptII/ptolemy/domains/modal/test/auto/modalModel.xml (RunModel)" time="0.019" />
  <testcase classname="ptolemy.util.test.junit.AutoTests" name="[141] /home/travis/build/icyphy/ptII/ptolemy/domains/modal/test/auto/modalModel2.xml (RunModel)" time="0.03" />
  <testcase classname="ptolemy.util.test.junit.AutoTests" name="[142] /home/travis/build/icyphy/ptII/ptolemy/domains/modal/test/auto/modalModel3.xml (RunModel)" time="0.033" />
  <testcase classname="ptolemy.util.test.junit.AutoTests" name="[143] /home/travis/build/icyphy/ptII/ptolemy/domains/modal/test/auto/model1.xml (RunModel)" time="0.018" />
  <testcase classname="ptolemy.util.test.junit.AutoTests" name="[144] /home/travis/build/icyphy/ptII/ptolemy/domains/modal/test/auto/test-direct-in-out.xml (RunModel)" time="0.019" />
  <system-out><![CDATA[/home/travis/build/icyphy/ptII/ptolemy/domains/modal/test/SystemLevelType.tcl
testDefs.tcl: setting time out to 9000 seconds at Wed May 16 00:05:23 UTC 2018
05/16/18 12:05:24
Failed: 0  Total Tests: 1  ((Passed: 1, Newly Passed: 0)  Known Failed: 0) /home/travis/build/icyphy/ptII/ptolemy/domains/modal/test
----------------- testing (KnownFailure) /home/travis/build/icyphy/ptII/ptolemy/domains/modal/test/auto/knownFailedTests/CannotAnalysisWithPreemption.xml
59 ms. Memory: 208384K Free: 188351K (90%)
Known Failure: java.lang.reflect.InvocationTargetException
No auto/*.xml tests in /home/travis/build/icyphy/ptII/ptolemy/domains/modal/test
AutoTests.java: About to close Vertx.
AutoTests.java: Vertx closed.
----------------- testing Wed May 16 00:05:25 UTC 2018 /home/travis/build/icyphy/ptII/ptolemy/domains/modal/test/auto/ABPTest.xml
----------------- Instantiating /home/travis/build/icyphy/ptII/ptolemy/domains/modal/test/auto/ABPTest.xml
340 ms. Memory: 332288K Free: 292744K (88%)
----------------- Invoking toplevel() on ptolemy.moml.MoMLSimpleApplication@7a86d490
----------------- Done invoking toplevel() on ptolemy.moml.MoMLSimpleApplication@7a86d490
reloadAllAccessors: .ABPTest
----------------- testing Wed May 16 00:05:25 UTC 2018 /home/travis/build/icyphy/ptII/ptolemy/domains/modal/test/auto/ABROFlat.xml
----------------- Instantiating /home/travis/build/icyphy/ptII/ptolemy/domains/modal/test/auto/ABROFlat.xml
27 ms. Memory: 332288K Free: 270574K (81%)
----------------- Invoking toplevel() on ptolemy.moml.MoMLSimpleApplication@318c99a
----------------- Done invoking toplevel() on ptolemy.moml.MoMLSimpleApplication@318c99a
reloadAllAccessors: .ABROFlat
----------------- testing Wed May 16 00:05:25 UTC 2018 /home/travis/build/icyphy/ptII/ptolemy/domains/modal/test/auto/ABROFlat2.xml
----------------- Instantiating /home/travis/build/icyphy/ptII/ptolemy/domains/modal/test/auto/ABROFlat2.xml
17 ms. Memory: 332288K Free: 252592K (76%)
----------------- Invoking toplevel() on ptolemy.moml.MoMLSimpleApplication@1a4ead28
----------------- Done invoking toplevel() on ptolemy.moml.MoMLSimpleApplication@1a4ead28
reloadAllAccessors: .ABROFlat2
----------------- testing Wed May 16 00:05:26 UTC 2018 /home/travis/build/icyphy/ptII/ptolemy/domains/modal/test/auto/ABRO_present_hmm.xml
----------------- Instantiating /home/travis/build/icyphy/ptII/ptolemy/domains/modal/test/auto/ABRO_present_hmm.xml
34 ms. Memory: 332288K Free: 221552K (67%)
----------------- Invoking toplevel() on ptolemy.moml.MoMLSimpleApplication@7ce318dc
----------------- Done invoking toplevel() on ptolemy.moml.MoMLSimpleApplication@7ce318dc
reloadAllAccessors: .ABRO_present_hmm
----------------- testing Wed May 16 00:05:26 UTC 2018 /home/travis/build/icyphy/ptII/ptolemy/domains/modal/test/auto/AMICoderExample.xml
----------------- Instantiating /home/travis/build/icyphy/ptII/ptolemy/domains/modal/test/auto/AMICoderExample.xml
23 ms. Memory: 332288K Free: 210122K (63%)
----------------- Invoking toplevel() on ptolemy.moml.MoMLSimpleApplication@6adbd23f
----------------- Done invoking toplevel() on ptolemy.moml.MoMLSimpleApplication@6adbd23f
reloadAllAccessors: .AMICoderExample
----------------- testing Wed May 16 00:05:26 UTC 2018 /home/travis/build/icyphy/ptII/ptolemy/domains/modal/test/auto/AbsentToPresent.xml
----------------- Instantiating /home/travis/build/icyphy/ptII/ptolemy/domains/modal/test/auto/AbsentToPresent.xml
7 ms. Memory: 332288K Free: 201794K (61%)
----------------- Invoking toplevel() on ptolemy.moml.MoMLSimpleApplication@3a85f902
----------------- Done invoking toplevel() on ptolemy.moml.MoMLSimpleApplication@3a85f902
reloadAllAccessors: .AbsentToPresent
----------------- testing Wed May 16 00:05:26 UTC 2018 /home/travis/build/icyphy/ptII/ptolemy/domains/modal/test/auto/Blending.xml
----------------- Instantiating /home/travis/build/icyphy/ptII/ptolemy/domains/modal/test/auto/Blending.xml
133 ms. Memory: 332288K Free: 152763K (46%)
----------------- Invoking toplevel() on ptolemy.moml.MoMLSimpleApplication@5d26fba8
----------------- Done invoking toplevel() on ptolemy.moml.MoMLSimpleApplication@5d26fba8
reloadAllAccessors: .Blending
----------------- testing Wed May 16 00:05:26 UTC 2018 /home/travis/build/icyphy/ptII/ptolemy/domains/modal/test/auto/Broadcast.xml
----------------- Instantiating /home/travis/build/icyphy/ptII/ptolemy/domains/modal/test/auto/Broadcast.xml
8 ms. Memory: 332288K Free: 139681K (42%)
----------------- Invoking toplevel() on ptolemy.moml.MoMLSimpleApplication@62bdcbf2
----------------- Done invoking toplevel() on ptolemy.moml.MoMLSimpleApplication@62bdcbf2
reloadAllAccessors: .Broadcast
----------------- testing Wed May 16 00:05:26 UTC 2018 /home/travis/build/icyphy/ptII/ptolemy/domains/modal/test/auto/BroadcastHierarchy.xml
----------------- Instantiating /home/travis/build/icyphy/ptII/ptolemy/domains/modal/test/auto/BroadcastHierarchy.xml
12 ms. Memory: 332288K Free: 121715K (37%)
----------------- Invoking toplevel() on ptolemy.moml.MoMLSimpleApplication@2041338
----------------- Done invoking toplevel() on ptolemy.moml.MoMLSimpleApplication@2041338
reloadAllAccessors: .BroadcastHierarchy
----------------- testing Wed May 16 00:05:26 UTC 2018 /home/travis/build/icyphy/ptII/ptolemy/domains/modal/test/auto/BroadcastHierarchy2.xml
----------------- Instantiating /home/travis/build/icyphy/ptII/ptolemy/domains/modal/test/auto/BroadcastHierarchy2.xml
27 ms. Memory: 332288K Free: 87378K (26%)
----------------- Invoking toplevel() on ptolemy.moml.MoMLSimpleApplication@2df039e7
----------------- Done invoking toplevel() on ptolemy.moml.MoMLSimpleApplication@2df039e7
reloadAllAccessors: .BroadcastHierarchy2
----------------- testing Wed May 16 00:05:26 UTC 2018 /home/travis/build/icyphy/ptII/ptolemy/domains/modal/test/auto/BroadcastHierarchy3.xml
----------------- Instantiating /home/travis/build/icyphy/ptII/ptolemy/domains/modal/test/auto/BroadcastHierarchy3.xml
20 ms. Memory: 333824K Free: 305774K (92%)
----------------- Invoking toplevel() on ptolemy.moml.MoMLSimpleApplication@17726a73
----------------- Done invoking toplevel() on ptolemy.moml.MoMLSimpleApplication@17726a73
reloadAllAccessors: .BroadcastHierarchy3
----------------- testing Wed May 16 00:05:26 UTC 2018 /home/travis/build/icyphy/ptII/ptolemy/domains/modal/test/auto/BroadcastHierarchy4.xml
----------------- Instantiating /home/travis/build/icyphy/ptII/ptolemy/domains/modal/test/auto/BroadcastHierarchy4.xml
16 ms. Memory: 333824K Free: 272448K (82%)
----------------- Invoking toplevel() on ptolemy.moml.MoMLSimpleApplication@7343057f
----------------- Done invoking toplevel() on ptolemy.moml.MoMLSimpleApplication@7343057f
reloadAllAccessors: .BroadcastHierarchy4
----------------- testing Wed May 16 00:05:27 UTC 2018 /home/travis/build/icyphy/ptII/ptolemy/domains/modal/test/auto/CannotAnalysisWithPreemption2.xml
----------------- Instantiating /home/travis/build/icyphy/ptII/ptolemy/domains/modal/test/auto/CannotAnalysisWithPreemption2.xml
5 ms. Memory: 333824K Free: 264291K (79%)
----------------- Invoking toplevel() on ptolemy.moml.MoMLSimpleApplication@28678e96
----------------- Done invoking toplevel() on ptolemy.moml.MoMLSimpleApplication@28678e96
reloadAllAccessors: .CannotAnalysisWithPreemption2
----------------- testing Wed May 16 00:05:27 UTC 2018 /home/travis/build/icyphy/ptII/ptolemy/domains/modal/test/auto/CannotAnalysisWithPreemption3.xml
----------------- Instantiating /home/travis/build/icyphy/ptII/ptolemy/domains/modal/test/auto/CannotAnalysisWithPreemption3.xml
10 ms. Memory: 333824K Free: 251217K (75%)
----------------- Invoking toplevel() on ptolemy.moml.MoMLSimpleApplication@5127a120
----------------- Done invoking toplevel() on ptolemy.moml.MoMLSimpleApplication@5127a120
reloadAllAccessors: .CannotAnalysisWithPreemption3
----------------- testing Wed May 16 00:05:27 UTC 2018 /home/travis/build/icyphy/ptII/ptolemy/domains/modal/test/auto/CannotProduce.xml
----------------- Instantiating /home/travis/build/icyphy/ptII/ptolemy/domains/modal/test/auto/CannotProduce.xml
17 ms. Memory: 333824K Free: 242410K (73%)
----------------- Invoking toplevel() on ptolemy.moml.MoMLSimpleApplication@3e1bc06e
----------------- Done invoking toplevel() on ptolemy.moml.MoMLSimpleApplication@3e1bc06e
reloadAllAccessors: .CannotProduce
----------------- testing Wed May 16 00:05:27 UTC 2018 /home/travis/build/icyphy/ptII/ptolemy/domains/modal/test/auto/CannotProduceModal.xml
----------------- Instantiating /home/travis/build/icyphy/ptII/ptolemy/domains/modal/test/auto/CannotProduceModal.xml
6 ms. Memory: 333824K Free: 234237K (70%)
----------------- Invoking toplevel() on ptolemy.moml.MoMLSimpleApplication@617a3ab3
----------------- Done invoking toplevel() on ptolemy.moml.MoMLSimpleApplication@617a3ab3
reloadAllAccessors: .CannotProduceModal
----------------- testing Wed May 16 00:05:27 UTC 2018 /home/travis/build/icyphy/ptII/ptolemy/domains/modal/test/auto/Case.xml
----------------- Instantiating /home/travis/build/icyphy/ptII/ptolemy/domains/modal/test/auto/Case.xml
27 ms. Memory: 333824K Free: 221179K (66%)
----------------- Invoking toplevel() on ptolemy.moml.MoMLSimpleApplication@7ebe416c
----------------- Done invoking toplevel() on ptolemy.moml.MoMLSimpleApplication@7ebe416c
reloadAllAccessors: .Case
----------------- testing Wed May 16 00:05:27 UTC 2018 /home/travis/build/icyphy/ptII/ptolemy/domains/modal/test/auto/Case1.xml
----------------- Instantiating /home/travis/build/icyphy/ptII/ptolemy/domains/modal/test/auto/Case1.xml
6 ms. Memory: 333824K Free: 210703K (63%)
----------------- Invoking toplevel() on ptolemy.moml.MoMLSimpleApplication@66eb3209
----------------- Done invoking toplevel() on ptolemy.moml.MoMLSimpleApplication@66eb3209
reloadAllAccessors: .Case1
----------------- testing Wed May 16 00:05:27 UTC 2018 /home/travis/build/icyphy/ptII/ptolemy/domains/modal/test/auto/Case2.xml
----------------- Instantiating /home/travis/build/icyphy/ptII/ptolemy/domains/modal/test/auto/Case2.xml
27 ms. Memory: 333824K Free: 199274K (60%)
----------------- Invoking toplevel() on ptolemy.moml.MoMLSimpleApplication@2c548075
----------------- Done invoking toplevel() on ptolemy.moml.MoMLSimpleApplication@2c548075
reloadAllAccessors: .Case2
----------------- testing Wed May 16 00:05:27 UTC 2018 /home/travis/build/icyphy/ptII/ptolemy/domains/modal/test/auto/CausalityInterface1.xml
----------------- Instantiating /home/travis/build/icyphy/ptII/ptolemy/domains/modal/test/auto/CausalityInterface1.xml
4 ms. Memory: 333824K Free: 192753K (58%)
----------------- Invoking toplevel() on ptolemy.moml.MoMLSimpleApplication@113c54a7
----------------- Done invoking toplevel() on ptolemy.moml.MoMLSimpleApplication@113c54a7
reloadAllAccessors: .CausalityInterface1
----------------- testing Wed May 16 00:05:27 UTC 2018 /home/travis/build/icyphy/ptII/ptolemy/domains/modal/test/auto/CausalityInterface10.xml
----------------- Instantiating /home/travis/build/icyphy/ptII/ptolemy/domains/modal/test/auto/CausalityInterface10.xml
6 ms. Memory: 333824K Free: 174128K (52%)
----------------- Invoking toplevel() on ptolemy.moml.MoMLSimpleApplication@31b82f50
----------------- Done invoking toplevel() on ptolemy.moml.MoMLSimpleApplication@31b82f50
reloadAllAccessors: .CausalityInterface10
----------------- testing Wed May 16 00:05:27 UTC 2018 /home/travis/build/icyphy/ptII/ptolemy/domains/modal/test/auto/CausalityInterface11.xml
----------------- Instantiating /home/travis/build/icyphy/ptII/ptolemy/domains/modal/test/auto/CausalityInterface11.xml
4 ms. Memory: 333824K Free: 157783K (47%)
----------------- Invoking toplevel() on ptolemy.moml.MoMLSimpleApplication@2f9da379
----------------- Done invoking toplevel() on ptolemy.moml.MoMLSimpleApplication@2f9da379
reloadAllAccessors: .CausalityInterface11
----------------- testing Wed May 16 00:05:27 UTC 2018 /home/travis/build/icyphy/ptII/ptolemy/domains/modal/test/auto/CausalityInterface12.xml
----------------- Instantiating /home/travis/build/icyphy/ptII/ptolemy/domains/modal/test/auto/CausalityInterface12.xml
7 ms. Memory: 333824K Free: 141461K (42%)
----------------- Invoking toplevel() on ptolemy.moml.MoMLSimpleApplication@3322b49
----------------- Done invoking toplevel() on ptolemy.moml.MoMLSimpleApplication@3322b49
reloadAllAccessors: .CausalityInterface12
----------------- testing Wed May 16 00:05:27 UTC 2018 /home/travis/build/icyphy/ptII/ptolemy/domains/modal/test/auto/CausalityInterface13.xml
----------------- Instantiating /home/travis/build/icyphy/ptII/ptolemy/domains/modal/test/auto/CausalityInterface13.xml
10 ms. Memory: 333824K Free: 122828K (37%)
----------------- Invoking toplevel() on ptolemy.moml.MoMLSimpleApplication@3f3cee6b
----------------- Done invoking toplevel() on ptolemy.moml.MoMLSimpleApplication@3f3cee6b
reloadAllAccessors: .CausalityInterface13
----------------- testing Wed May 16 00:05:27 UTC 2018 /home/travis/build/icyphy/ptII/ptolemy/domains/modal/test/auto/CausalityInterface14.xml
----------------- Instantiating /home/travis/build/icyphy/ptII/ptolemy/domains/modal/test/auto/CausalityInterface14.xml
8 ms. Memory: 333824K Free: 106482K (32%)
----------------- Invoking toplevel() on ptolemy.moml.MoMLSimpleApplication@6406983
----------------- Done invoking toplevel() on ptolemy.moml.MoMLSimpleApplication@6406983
reloadAllAccessors: .CausalityInterface14
----------------- testing Wed May 16 00:05:27 UTC 2018 /home/travis/build/icyphy/ptII/ptolemy/domains/modal/test/auto/CausalityInterface2.xml
----------------- Instantiating /home/travis/build/icyphy/ptII/ptolemy/domains/modal/test/auto/CausalityInterface2.xml
5 ms. Memory: 333824K Free: 98317K (29%)
----------------- Invoking toplevel() on ptolemy.moml.MoMLSimpleApplication@4aa33ae8
----------------- Done invoking toplevel() on ptolemy.moml.MoMLSimpleApplication@4aa33ae8
reloadAllAccessors: .CausalityInterface2
----------------- testing Wed May 16 00:05:27 UTC 2018 /home/travis/build/icyphy/ptII/ptolemy/domains/modal/test/auto/CausalityInterface3.xml
----------------- Instantiating /home/travis/build/icyphy/ptII/ptolemy/domains/modal/test/auto/CausalityInterface3.xml
3 ms. Memory: 333824K Free: 87873K (26%)
----------------- Invoking toplevel() on ptolemy.moml.MoMLSimpleApplication@4a11e92f
----------------- Done invoking toplevel() on ptolemy.moml.MoMLSimpleApplication@4a11e92f
reloadAllAccessors: .CausalityInterface3
----------------- testing Wed May 16 00:05:27 UTC 2018 /home/travis/build/icyphy/ptII/ptolemy/domains/modal/test/auto/CausalityInterface4.xml
----------------- Instantiating /home/travis/build/icyphy/ptII/ptolemy/domains/modal/test/auto/CausalityInterface4.xml
3 ms. Memory: 333824K Free: 79716K (24%)
----------------- Invoking toplevel() on ptolemy.moml.MoMLSimpleApplication@4a1565bf
----------------- Done invoking toplevel() on ptolemy.moml.MoMLSimpleApplication@4a1565bf
reloadAllAccessors: .CausalityInterface4
----------------- testing Wed May 16 00:05:27 UTC 2018 /home/travis/build/icyphy/ptII/ptolemy/domains/modal/test/auto/CausalityInterface5.xml
----------------- Instantiating /home/travis/build/icyphy/ptII/ptolemy/domains/modal/test/auto/CausalityInterface5.xml
3 ms. Memory: 577536K Free: 555923K (96%)
----------------- Invoking toplevel() on ptolemy.moml.MoMLSimpleApplication@4527a411
----------------- Done invoking toplevel() on ptolemy.moml.MoMLSimpleApplication@4527a411
reloadAllAccessors: .CausalityInterface5
----------------- testing Wed May 16 00:05:27 UTC 2018 /home/travis/build/icyphy/ptII/ptolemy/domains/modal/test/auto/CausalityInterface6.xml
----------------- Instantiating /home/travis/build/icyphy/ptII/ptolemy/domains/modal/test/auto/CausalityInterface6.xml
5 ms. Memory: 577536K Free: 539753K (93%)
----------------- Invoking toplevel() on ptolemy.moml.MoMLSimpleApplication@6c19c7e7
----------------- Done invoking toplevel() on ptolemy.moml.MoMLSimpleApplication@6c19c7e7
reloadAllAccessors: .CausalityInterface6
----------------- testing Wed May 16 00:05:27 UTC 2018 /home/travis/build/icyphy/ptII/ptolemy/domains/modal/test/auto/CausalityInterface7.xml
----------------- Instantiating /home/travis/build/icyphy/ptII/ptolemy/domains/modal/test/auto/CausalityInterface7.xml
6 ms. Memory: 577536K Free: 526485K (91%)
----------------- Invoking toplevel() on ptolemy.moml.MoMLSimpleApplication@79f52a0d
----------------- Done invoking toplevel() on ptolemy.moml.MoMLSimpleApplication@79f52a0d
reloadAllAccessors: .CausalityInterface7
----------------- testing Wed May 16 00:05:27 UTC 2018 /home/travis/build/icyphy/ptII/ptolemy/domains/modal/test/auto/CausalityInterface8.xml
----------------- Instantiating /home/travis/build/icyphy/ptII/ptolemy/domains/modal/test/auto/CausalityInterface8.xml
5 ms. Memory: 577536K Free: 513457K (89%)
----------------- Invoking toplevel() on ptolemy.moml.MoMLSimpleApplication@6c216020
----------------- Done invoking toplevel() on ptolemy.moml.MoMLSimpleApplication@6c216020
reloadAllAccessors: .CausalityInterface8
----------------- testing Wed May 16 00:05:27 UTC 2018 /home/travis/build/icyphy/ptII/ptolemy/domains/modal/test/auto/CausalityInterface9.xml
----------------- Instantiating /home/travis/build/icyphy/ptII/ptolemy/domains/modal/test/auto/CausalityInterface9.xml
7 ms. Memory: 577536K Free: 500446K (87%)
----------------- Invoking toplevel() on ptolemy.moml.MoMLSimpleApplication@5a02c227
----------------- Done invoking toplevel() on ptolemy.moml.MoMLSimpleApplication@5a02c227
reloadAllAccessors: .CausalityInterface9
----------------- testing Wed May 16 00:05:27 UTC 2018 /home/travis/build/icyphy/ptII/ptolemy/domains/modal/test/auto/ChainedTransitions.xml
----------------- Instantiating /home/travis/build/icyphy/ptII/ptolemy/domains/modal/test/auto/ChainedTransitions.xml
89 ms. Memory: 577536K Free: 467995K (81%)
----------------- Invoking toplevel() on ptolemy.moml.MoMLSimpleApplication@5bfa09a7
----------------- Done invoking toplevel() on ptolemy.moml.MoMLSimpleApplication@5bfa09a7
reloadAllAccessors: .ChainedTransitions
----------------- testing Wed May 16 00:05:28 UTC 2018 /home/travis/build/icyphy/ptII/ptolemy/domains/modal/test/auto/CycleOfImmediateTransitionsFSM.xml
----------------- Instantiating /home/travis/build/icyphy/ptII/ptolemy/domains/modal/test/auto/CycleOfImmediateTransitionsFSM.xml
1 ms. Memory: 577536K Free: 458236K (79%)
----------------- Invoking toplevel() on ptolemy.moml.MoMLSimpleApplication@618f6cea
----------------- Done invoking toplevel() on ptolemy.moml.MoMLSimpleApplication@618f6cea
reloadAllAccessors: .CycleOfImmediateTransitionsFSM
----------------- testing Wed May 16 00:05:28 UTC 2018 /home/travis/build/icyphy/ptII/ptolemy/domains/modal/test/auto/CycleOfImmediateTransitionsModal.xml
----------------- Instantiating /home/travis/build/icyphy/ptII/ptolemy/domains/modal/test/auto/CycleOfImmediateTransitionsModal.xml
2 ms. Memory: 577536K Free: 448461K (78%)
----------------- Invoking toplevel() on ptolemy.moml.MoMLSimpleApplication@210ae64e
----------------- Done invoking toplevel() on ptolemy.moml.MoMLSimpleApplication@210ae64e
reloadAllAccessors: .CycleOfImmediateTransitionsModal
----------------- testing Wed May 16 00:05:28 UTC 2018 /home/travis/build/icyphy/ptII/ptolemy/domains/modal/test/auto/CycleOfImmediateTransitionsModal2.xml
----------------- Instantiating /home/travis/build/icyphy/ptII/ptolemy/domains/modal/test/auto/CycleOfImmediateTransitionsModal2.xml
2 ms. Memory: 577536K Free: 438686K (76%)
----------------- Invoking toplevel() on ptolemy.moml.MoMLSimpleApplication@415927bf
----------------- Done invoking toplevel() on ptolemy.moml.MoMLSimpleApplication@415927bf
reloadAllAccessors: .CycleOfImmediateTransitionsModal2
----------------- testing Wed May 16 00:05:28 UTC 2018 /home/travis/build/icyphy/ptII/ptolemy/domains/modal/test/auto/CycleOfImmediateTransitionsModal3.xml
----------------- Instantiating /home/travis/build/icyphy/ptII/ptolemy/domains/modal/test/auto/CycleOfImmediateTransitionsModal3.xml
9 ms. Memory: 577536K Free: 406195K (70%)
----------------- Invoking toplevel() on ptolemy.moml.MoMLSimpleApplication@10fd9b47
----------------- Done invoking toplevel() on ptolemy.moml.MoMLSimpleApplication@10fd9b47
reloadAllAccessors: .CycleOfImmediateTransitionsModal3
----------------- testing Wed May 16 00:05:28 UTC 2018 /home/travis/build/icyphy/ptII/ptolemy/domains/modal/test/auto/DeepModal1.xml
----------------- Instantiating /home/travis/build/icyphy/ptII/ptolemy/domains/modal/test/auto/DeepModal1.xml
33 ms. Memory: 577536K Free: 376871K (65%)
----------------- Invoking toplevel() on ptolemy.moml.MoMLSimpleApplication@6f43bf88
----------------- Done invoking toplevel() on ptolemy.moml.MoMLSimpleApplication@6f43bf88
reloadAllAccessors: .DeepModal1
----------------- testing Wed May 16 00:05:28 UTC 2018 /home/travis/build/icyphy/ptII/ptolemy/domains/modal/test/auto/DeepModal2.xml
----------------- Instantiating /home/travis/build/icyphy/ptII/ptolemy/domains/modal/test/auto/DeepModal2.xml
22 ms. Memory: 577536K Free: 354052K (61%)
----------------- Invoking toplevel() on ptolemy.moml.MoMLSimpleApplication@6d3acf81
----------------- Done invoking toplevel() on ptolemy.moml.MoMLSimpleApplication@6d3acf81
reloadAllAccessors: .DeepModal2
----------------- testing Wed May 16 00:05:28 UTC 2018 /home/travis/build/icyphy/ptII/ptolemy/domains/modal/test/auto/DeepModal3.xml
----------------- Instantiating /home/travis/build/icyphy/ptII/ptolemy/domains/modal/test/auto/DeepModal3.xml
26 ms. Memory: 577536K Free: 331249K (57%)
----------------- Invoking toplevel() on ptolemy.moml.MoMLSimpleApplication@7a42570a
----------------- Done invoking toplevel() on ptolemy.moml.MoMLSimpleApplication@7a42570a
reloadAllAccessors: .DeepModal3
----------------- testing Wed May 16 00:05:28 UTC 2018 /home/travis/build/icyphy/ptII/ptolemy/domains/modal/test/auto/DeepModal4.xml
----------------- Instantiating /home/travis/build/icyphy/ptII/ptolemy/domains/modal/test/auto/DeepModal4.xml
27 ms. Memory: 577536K Free: 305295K (53%)
----------------- Invoking toplevel() on ptolemy.moml.MoMLSimpleApplication@592aed5e
----------------- Done invoking toplevel() on ptolemy.moml.MoMLSimpleApplication@592aed5e
reloadAllAccessors: .DeepModal4
----------------- testing Wed May 16 00:05:28 UTC 2018 /home/travis/build/icyphy/ptII/ptolemy/domains/modal/test/auto/Default1.xml
----------------- Instantiating /home/travis/build/icyphy/ptII/ptolemy/domains/modal/test/auto/Default1.xml
3 ms. Memory: 577536K Free: 295521K (51%)
----------------- Invoking toplevel() on ptolemy.moml.MoMLSimpleApplication@12d0c8ce
----------------- Done invoking toplevel() on ptolemy.moml.MoMLSimpleApplication@12d0c8ce
reloadAllAccessors: .Default1
----------------- testing Wed May 16 00:05:28 UTC 2018 /home/travis/build/icyphy/ptII/ptolemy/domains/modal/test/auto/Default2.xml
----------------- Instantiating /home/travis/build/icyphy/ptII/ptolemy/domains/modal/test/auto/Default2.xml
3 ms. Memory: 577536K Free: 285746K (49%)
----------------- Invoking toplevel() on ptolemy.moml.MoMLSimpleApplication@78d68432
----------------- Done invoking toplevel() on ptolemy.moml.MoMLSimpleApplication@78d68432
reloadAllAccessors: .Default2
----------------- testing Wed May 16 00:05:28 UTC 2018 /home/travis/build/icyphy/ptII/ptolemy/domains/modal/test/auto/Default3.xml
----------------- Instantiating /home/travis/build/icyphy/ptII/ptolemy/domains/modal/test/auto/Default3.xml
5 ms. Memory: 577536K Free: 275979K (48%)
----------------- Invoking toplevel() on ptolemy.moml.MoMLSimpleApplication@403c4eaf
----------------- Done invoking toplevel() on ptolemy.moml.MoMLSimpleApplication@403c4eaf
reloadAllAccessors: .Default3
----------------- testing Wed May 16 00:05:28 UTC 2018 /home/travis/build/icyphy/ptII/ptolemy/domains/modal/test/auto/Default4.xml
----------------- Instantiating /home/travis/build/icyphy/ptII/ptolemy/domains/modal/test/auto/Default4.xml
3 ms. Memory: 577536K Free: 263062K (46%)
----------------- Invoking toplevel() on ptolemy.moml.MoMLSimpleApplication@13b3efdc
----------------- Done invoking toplevel() on ptolemy.moml.MoMLSimpleApplication@13b3efdc
reloadAllAccessors: .Default4
----------------- testing Wed May 16 00:05:28 UTC 2018 /home/travis/build/icyphy/ptII/ptolemy/domains/modal/test/auto/Default5.xml
----------------- Instantiating /home/travis/build/icyphy/ptII/ptolemy/domains/modal/test/auto/Default5.xml
9 ms. Memory: 577536K Free: 250050K (43%)
----------------- Invoking toplevel() on ptolemy.moml.MoMLSimpleApplication@4aaf24a9
----------------- Done invoking toplevel() on ptolemy.moml.MoMLSimpleApplication@4aaf24a9
reloadAllAccessors: .Default5
----------------- testing Wed May 16 00:05:28 UTC 2018 /home/travis/build/icyphy/ptII/ptolemy/domains/modal/test/auto/EmptyGuard.xml
----------------- Instantiating /home/travis/build/icyphy/ptII/ptolemy/domains/modal/test/auto/EmptyGuard.xml
9 ms. Memory: 577536K Free: 240275K (42%)
----------------- Invoking toplevel() on ptolemy.moml.MoMLSimpleApplication@4d7b09a
----------------- Done invoking toplevel() on ptolemy.moml.MoMLSimpleApplication@4d7b09a
reloadAllAccessors: .EmptyGuard
----------------- testing Wed May 16 00:05:28 UTC 2018 /home/travis/build/icyphy/ptII/ptolemy/domains/modal/test/auto/ErrorTransition1.xml
----------------- Instantiating /home/travis/build/icyphy/ptII/ptolemy/domains/modal/test/auto/ErrorTransition1.xml
10 ms. Memory: 577536K Free: 227247K (39%)
----------------- Invoking toplevel() on ptolemy.moml.MoMLSimpleApplication@6c52b80b
----------------- Done invoking toplevel() on ptolemy.moml.MoMLSimpleApplication@6c52b80b
reloadAllAccessors: .ErrorTransition1
----------------- testing Wed May 16 00:05:28 UTC 2018 /home/travis/build/icyphy/ptII/ptolemy/domains/modal/test/auto/ErrorTransition10.xml
----------------- Instantiating /home/travis/build/icyphy/ptII/ptolemy/domains/modal/test/auto/ErrorTransition10.xml
7 ms. Memory: 577536K Free: 207816K (36%)
----------------- Invoking toplevel() on ptolemy.moml.MoMLSimpleApplication@5f70a9a3
----------------- Done invoking toplevel() on ptolemy.moml.MoMLSimpleApplication@5f70a9a3
reloadAllAccessors: .ErrorTransition10
----------------- testing Wed May 16 00:05:28 UTC 2018 /home/travis/build/icyphy/ptII/ptolemy/domains/modal/test/auto/ErrorTransition11.xml
----------------- Instantiating /home/travis/build/icyphy/ptII/ptolemy/domains/modal/test/auto/ErrorTransition11.xml
4 ms. Memory: 577536K Free: 191536K (33%)
----------------- Invoking toplevel() on ptolemy.moml.MoMLSimpleApplication@7f63cb82
----------------- Done invoking toplevel() on ptolemy.moml.MoMLSimpleApplication@7f63cb82
reloadAllAccessors: .ErrorTransition11
----------------- testing Wed May 16 00:05:28 UTC 2018 /home/travis/build/icyphy/ptII/ptolemy/domains/modal/test/auto/ErrorTransition2.xml
----------------- Instantiating /home/travis/build/icyphy/ptII/ptolemy/domains/modal/test/auto/ErrorTransition2.xml
4 ms. Memory: 577536K Free: 178516K (31%)
----------------- Invoking toplevel() on ptolemy.moml.MoMLSimpleApplication@192c42d4
----------------- Done invoking toplevel() on ptolemy.moml.MoMLSimpleApplication@192c42d4
reloadAllAccessors: .ErrorTransition2
----------------- testing Wed May 16 00:05:28 UTC 2018 /home/travis/build/icyphy/ptII/ptolemy/domains/modal/test/auto/ErrorTransition3.xml
----------------- Instantiating /home/travis/build/icyphy/ptII/ptolemy/domains/modal/test/auto/ErrorTransition3.xml
5 ms. Memory: 577536K Free: 165488K (29%)
----------------- Invoking toplevel() on ptolemy.moml.MoMLSimpleApplication@3568d0ce
----------------- Done invoking toplevel() on ptolemy.moml.MoMLSimpleApplication@3568d0ce
reloadAllAccessors: .ErrorTransition3
----------------- testing Wed May 16 00:05:28 UTC 2018 /home/travis/build/icyphy/ptII/ptolemy/domains/modal/test/auto/ErrorTransition4.xml
----------------- Instantiating /home/travis/build/icyphy/ptII/ptolemy/domains/modal/test/auto/ErrorTransition4.xml
9 ms. Memory: 577536K Free: 152460K (26%)
----------------- Invoking toplevel() on ptolemy.moml.MoMLSimpleApplication@72ad6b8c
----------------- Done invoking toplevel() on ptolemy.moml.MoMLSimpleApplication@72ad6b8c
reloadAllAccessors: .ErrorTransition4
----------------- testing Wed May 16 00:05:28 UTC 2018 /home/travis/build/icyphy/ptII/ptolemy/domains/modal/test/auto/ErrorTransition5.xml
----------------- Instantiating /home/travis/build/icyphy/ptII/ptolemy/domains/modal/test/auto/ErrorTransition5.xml
5 ms. Memory: 577536K Free: 136298K (24%)
----------------- Invoking toplevel() on ptolemy.moml.MoMLSimpleApplication@2e7e3bef
----------------- Done invoking toplevel() on ptolemy.moml.MoMLSimpleApplication@2e7e3bef
reloadAllAccessors: .ErrorTransition5
----------------- testing Wed May 16 00:05:28 UTC 2018 /home/travis/build/icyphy/ptII/ptolemy/domains/modal/test/auto/ErrorTransition6.xml
----------------- Instantiating /home/travis/build/icyphy/ptII/ptolemy/domains/modal/test/auto/ErrorTransition6.xml
7 ms. Memory: 577536K Free: 123270K (21%)
----------------- Invoking toplevel() on ptolemy.moml.MoMLSimpleApplication@39a3c51c
----------------- Done invoking toplevel() on ptolemy.moml.MoMLSimpleApplication@39a3c51c
reloadAllAccessors: .ErrorTransition6
----------------- testing Wed May 16 00:05:28 UTC 2018 /home/travis/build/icyphy/ptII/ptolemy/domains/modal/test/auto/ErrorTransition7.xml
----------------- Instantiating /home/travis/build/icyphy/ptII/ptolemy/domains/modal/test/auto/ErrorTransition7.xml
14 ms. Memory: 577536K Free: 106973K (19%)
----------------- Invoking toplevel() on ptolemy.moml.MoMLSimpleApplication@58355a00
----------------- Done invoking toplevel() on ptolemy.moml.MoMLSimpleApplication@58355a00
reloadAllAccessors: .ErrorTransition7
----------------- testing Wed May 16 00:05:29 UTC 2018 /home/travis/build/icyphy/ptII/ptolemy/domains/modal/test/auto/ErrorTransition8.xml
----------------- Instantiating /home/travis/build/icyphy/ptII/ptolemy/domains/modal/test/auto/ErrorTransition8.xml
48 ms. Memory: 577536K Free: 90677K (16%)
----------------- Invoking toplevel() on ptolemy.moml.MoMLSimpleApplication@62c3bcb9
----------------- Done invoking toplevel() on ptolemy.moml.MoMLSimpleApplication@62c3bcb9
reloadAllAccessors: .ErrorTransition8
----------------- testing Wed May 16 00:05:29 UTC 2018 /home/travis/build/icyphy/ptII/ptolemy/domains/modal/test/auto/ErrorTransition9.xml
----------------- Instantiating /home/travis/build/icyphy/ptII/ptolemy/domains/modal/test/auto/ErrorTransition9.xml
11 ms. Memory: 578048K Free: 558857K (97%)
----------------- Invoking toplevel() on ptolemy.moml.MoMLSimpleApplication@53a67faa
----------------- Done invoking toplevel() on ptolemy.moml.MoMLSimpleApplication@53a67faa
reloadAllAccessors: .ErrorTransition9
----------------- testing Wed May 16 00:05:29 UTC 2018 /home/travis/build/icyphy/ptII/ptolemy/domains/modal/test/auto/ExtendedFSM.xml
----------------- Instantiating /home/travis/build/icyphy/ptII/ptolemy/domains/modal/test/auto/ExtendedFSM.xml
5 ms. Memory: 578048K Free: 546875K (95%)
----------------- Invoking toplevel() on ptolemy.moml.MoMLSimpleApplication@b2b41b4
----------------- Done invoking toplevel() on ptolemy.moml.MoMLSimpleApplication@b2b41b4
reloadAllAccessors: .ExtendedFSM
----------------- testing Wed May 16 00:05:29 UTC 2018 /home/travis/build/icyphy/ptII/ptolemy/domains/modal/test/auto/FinalStates.xml
----------------- Instantiating /home/travis/build/icyphy/ptII/ptolemy/domains/modal/test/auto/FinalStates.xml
11 ms. Memory: 578048K Free: 537116K (93%)
----------------- Invoking toplevel() on ptolemy.moml.MoMLSimpleApplication@49256922
----------------- Done invoking toplevel() on ptolemy.moml.MoMLSimpleApplication@49256922
reloadAllAccessors: .FinalStates
----------------- testing Wed May 16 00:05:29 UTC 2018 /home/travis/build/icyphy/ptII/ptolemy/domains/modal/test/auto/FixedPointFSM.xml
----------------- Instantiating /home/travis/build/icyphy/ptII/ptolemy/domains/modal/test/auto/FixedPointFSM.xml
17 ms. Memory: 578048K Free: 517618K (90%)
----------------- Invoking toplevel() on ptolemy.moml.MoMLSimpleApplication@698ef6c3
----------------- Done invoking toplevel() on ptolemy.moml.MoMLSimpleApplication@698ef6c3
reloadAllAccessors: .FixedPointFSM
----------------- testing Wed May 16 00:05:29 UTC 2018 /home/travis/build/icyphy/ptII/ptolemy/domains/modal/test/auto/FixedPointIterationFSMActor.xml
----------------- Instantiating /home/travis/build/icyphy/ptII/ptolemy/domains/modal/test/auto/FixedPointIterationFSMActor.xml
5 ms. Memory: 578048K Free: 505395K (87%)
----------------- Invoking toplevel() on ptolemy.moml.MoMLSimpleApplication@52eb2e91
----------------- Done invoking toplevel() on ptolemy.moml.MoMLSimpleApplication@52eb2e91
reloadAllAccessors: .FixedPointIterationFSMActor
----------------- testing Wed May 16 00:05:29 UTC 2018 /home/travis/build/icyphy/ptII/ptolemy/domains/modal/test/auto/FixedPointIterationFSMActor2.xml
----------------- Instantiating /home/travis/build/icyphy/ptII/ptolemy/domains/modal/test/auto/FixedPointIterationFSMActor2.xml
13 ms. Memory: 578048K Free: 490741K (85%)
----------------- Invoking toplevel() on ptolemy.moml.MoMLSimpleApplication@68cec019
----------------- Done invoking toplevel() on ptolemy.moml.MoMLSimpleApplication@68cec019
reloadAllAccessors: .FixedPointIterationFSMActor2
----------------- testing Wed May 16 00:05:29 UTC 2018 /home/travis/build/icyphy/ptII/ptolemy/domains/modal/test/auto/ForbiddenInstantanousLoop.xml
----------------- Instantiating /home/travis/build/icyphy/ptII/ptolemy/domains/modal/test/auto/ForbiddenInstantanousLoop.xml
4 ms. Memory: 578048K Free: 473871K (82%)
----------------- Invoking toplevel() on ptolemy.moml.MoMLSimpleApplication@1529c1ca
----------------- Done invoking toplevel() on ptolemy.moml.MoMLSimpleApplication@1529c1ca
reloadAllAccessors: .ForbiddenInstantanousLoop
----------------- testing Wed May 16 00:05:29 UTC 2018 /home/travis/build/icyphy/ptII/ptolemy/domains/modal/test/auto/FunctionDependencyOfFSMActorTest.xml
----------------- Instantiating /home/travis/build/icyphy/ptII/ptolemy/domains/modal/test/auto/FunctionDependencyOfFSMActorTest.xml
11 ms. Memory: 578048K Free: 466536K (81%)
----------------- Invoking toplevel() on ptolemy.moml.MoMLSimpleApplication@348b2a94
----------------- Done invoking toplevel() on ptolemy.moml.MoMLSimpleApplication@348b2a94
reloadAllAccessors: .FunctionDependencyOfFSMActorTest
----------------- testing Wed May 16 00:05:29 UTC 2018 /home/travis/build/icyphy/ptII/ptolemy/domains/modal/test/auto/GuardExpression.xml
----------------- Instantiating /home/travis/build/icyphy/ptII/ptolemy/domains/modal/test/auto/GuardExpression.xml
2 ms. Memory: 578048K Free: 459201K (79%)
----------------- Invoking toplevel() on ptolemy.moml.MoMLSimpleApplication@4fa6698
----------------- Done invoking toplevel() on ptolemy.moml.MoMLSimpleApplication@4fa6698
reloadAllAccessors: .GuardExpression
----------------- testing Wed May 16 00:05:29 UTC 2018 /home/travis/build/icyphy/ptII/ptolemy/domains/modal/test/auto/GuardNotEvaluated.xml
----------------- Instantiating /home/travis/build/icyphy/ptII/ptolemy/domains/modal/test/auto/GuardNotEvaluated.xml
4 ms. Memory: 578048K Free: 447218K (77%)
----------------- Invoking toplevel() on ptolemy.moml.MoMLSimpleApplication@54557105
----------------- Done invoking toplevel() on ptolemy.moml.MoMLSimpleApplication@54557105
reloadAllAccessors: .GuardNotEvaluated
----------------- testing Wed May 16 00:05:29 UTC 2018 /home/travis/build/icyphy/ptII/ptolemy/domains/modal/test/auto/GuardNotEvaluated2.xml
----------------- Instantiating /home/travis/build/icyphy/ptII/ptolemy/domains/modal/test/auto/GuardNotEvaluated2.xml
6 ms. Memory: 578048K Free: 437459K (76%)
----------------- Invoking toplevel() on ptolemy.moml.MoMLSimpleApplication@264f8f7b
----------------- Done invoking toplevel() on ptolemy.moml.MoMLSimpleApplication@264f8f7b
reloadAllAccessors: .GuardNotEvaluated2
----------------- testing Wed May 16 00:05:29 UTC 2018 /home/travis/build/icyphy/ptII/ptolemy/domains/modal/test/auto/GuardOnAbsent.xml
----------------- Instantiating /home/travis/build/icyphy/ptII/ptolemy/domains/modal/test/auto/GuardOnAbsent.xml
10 ms. Memory: 578048K Free: 427676K (74%)
----------------- Invoking toplevel() on ptolemy.moml.MoMLSimpleApplication@6f52af77
----------------- Done invoking toplevel() on ptolemy.moml.MoMLSimpleApplication@6f52af77
reloadAllAccessors: .GuardOnAbsent
----------------- testing Wed May 16 00:05:29 UTC 2018 /home/travis/build/icyphy/ptII/ptolemy/domains/modal/test/auto/HierarchicalFSMTypeInference.xml
----------------- Instantiating /home/travis/build/icyphy/ptII/ptolemy/domains/modal/test/auto/HierarchicalFSMTypeInference.xml
4 ms. Memory: 578048K Free: 410806K (71%)
----------------- Invoking toplevel() on ptolemy.moml.MoMLSimpleApplication@501b3cfa
----------------- Done invoking toplevel() on ptolemy.moml.MoMLSimpleApplication@501b3cfa
reloadAllAccessors: .HierarchicalFSMTypeInference
----------------- testing Wed May 16 00:05:29 UTC 2018 /home/travis/build/icyphy/ptII/ptolemy/domains/modal/test/auto/Hysteresis.xml
----------------- Instantiating /home/travis/build/icyphy/ptII/ptolemy/domains/modal/test/auto/Hysteresis.xml
8 ms. Memory: 578048K Free: 393688K (68%)
----------------- Invoking toplevel() on ptolemy.moml.MoMLSimpleApplication@ed57cb2
----------------- Done invoking toplevel() on ptolemy.moml.MoMLSimpleApplication@ed57cb2
reloadAllAccessors: .Hysteresis
----------------- testing Wed May 16 00:05:29 UTC 2018 /home/travis/build/icyphy/ptII/ptolemy/domains/modal/test/auto/HysteresisWithDefault.xml
----------------- Instantiating /home/travis/build/icyphy/ptII/ptolemy/domains/modal/test/auto/HysteresisWithDefault.xml
32 ms. Memory: 578048K Free: 366771K (63%)
----------------- Invoking toplevel() on ptolemy.moml.MoMLSimpleApplication@32cd2dff
----------------- Done invoking toplevel() on ptolemy.moml.MoMLSimpleApplication@32cd2dff
reloadAllAccessors: .HysteresisWithDefault
----------------- testing Wed May 16 00:05:29 UTC 2018 /home/travis/build/icyphy/ptII/ptolemy/domains/modal/test/auto/HysteresisWithDefault2.xml
----------------- Instantiating /home/travis/build/icyphy/ptII/ptolemy/domains/modal/test/auto/HysteresisWithDefault2.xml
49 ms. Memory: 578048K Free: 332735K (58%)
----------------- Invoking toplevel() on ptolemy.moml.MoMLSimpleApplication@edb572d
----------------- Done invoking toplevel() on ptolemy.moml.MoMLSimpleApplication@edb572d
reloadAllAccessors: .HysteresisWithDefault2
----------------- testing Wed May 16 00:05:29 UTC 2018 /home/travis/build/icyphy/ptII/ptolemy/domains/modal/test/auto/ImmediateNonConstructiveness.xml
----------------- Instantiating /home/travis/build/icyphy/ptII/ptolemy/domains/modal/test/auto/ImmediateNonConstructiveness.xml
2 ms. Memory: 578048K Free: 322960K (56%)
----------------- Invoking toplevel() on ptolemy.moml.MoMLSimpleApplication@ba80c9e
----------------- Done invoking toplevel() on ptolemy.moml.MoMLSimpleApplication@ba80c9e
reloadAllAccessors: .ImmediateNonConstructiveness
----------------- testing Wed May 16 00:05:29 UTC 2018 /home/travis/build/icyphy/ptII/ptolemy/domains/modal/test/auto/ImmediateNonConstructiveness2.xml
----------------- Instantiating /home/travis/build/icyphy/ptII/ptolemy/domains/modal/test/auto/ImmediateNonConstructiveness2.xml
3 ms. Memory: 578048K Free: 310978K (54%)
----------------- Invoking toplevel() on ptolemy.moml.MoMLSimpleApplication@540003dc
----------------- Done invoking toplevel() on ptolemy.moml.MoMLSimpleApplication@540003dc
reloadAllAccessors: .ImmediateNonConstructiveness2
----------------- testing Wed May 16 00:05:29 UTC 2018 /home/travis/build/icyphy/ptII/ptolemy/domains/modal/test/auto/ImmediateTransitionReset.xml
----------------- Instantiating /home/travis/build/icyphy/ptII/ptolemy/domains/modal/test/auto/ImmediateTransitionReset.xml
5 ms. Memory: 578048K Free: 296292K (51%)
----------------- Invoking toplevel() on ptolemy.moml.MoMLSimpleApplication@56def8d9
----------------- Done invoking toplevel() on ptolemy.moml.MoMLSimpleApplication@56def8d9
reloadAllAccessors: .ImmediateTransitionReset
----------------- testing Wed May 16 00:05:29 UTC 2018 /home/travis/build/icyphy/ptII/ptolemy/domains/modal/test/auto/ImmediateTransitions1.xml
----------------- Instantiating /home/travis/build/icyphy/ptII/ptolemy/domains/modal/test/auto/ImmediateTransitions1.xml
1 ms. Memory: 578048K Free: 288965K (50%)
----------------- Invoking toplevel() on ptolemy.moml.MoMLSimpleApplication@24b937d8
----------------- Done invoking toplevel() on ptolemy.moml.MoMLSimpleApplication@24b937d8
reloadAllAccessors: .ImmediateTransitions1
----------------- testing Wed May 16 00:05:29 UTC 2018 /home/travis/build/icyphy/ptII/ptolemy/domains/modal/test/auto/ImmediateTransitionsInstantaneousCommunication.xml
----------------- Instantiating /home/travis/build/icyphy/ptII/ptolemy/domains/modal/test/auto/ImmediateTransitionsInstantaneousCommunication.xml
4 ms. Memory: 578048K Free: 272079K (47%)
----------------- Invoking toplevel() on ptolemy.moml.MoMLSimpleApplication@5370d731
----------------- Done invoking toplevel() on ptolemy.moml.MoMLSimpleApplication@5370d731
reloadAllAccessors: .ImmediateTransitionsInstantaneousCommunication
----------------- testing Wed May 16 00:05:29 UTC 2018 /home/travis/build/icyphy/ptII/ptolemy/domains/modal/test/auto/InitialImmediateTransition.xml
----------------- Instantiating /home/travis/build/icyphy/ptII/ptolemy/domains/modal/test/auto/InitialImmediateTransition.xml
3 ms. Memory: 578048K Free: 262319K (45%)
----------------- Invoking toplevel() on ptolemy.moml.MoMLSimpleApplication@7c0c1743
----------------- Done invoking toplevel() on ptolemy.moml.MoMLSimpleApplication@7c0c1743
reloadAllAccessors: .InitialImmediateTransition
----------------- testing Wed May 16 00:05:29 UTC 2018 /home/travis/build/icyphy/ptII/ptolemy/domains/modal/test/auto/InitialOutputs.xml
----------------- Instantiating /home/travis/build/icyphy/ptII/ptolemy/domains/modal/test/auto/InitialOutputs.xml
3 ms. Memory: 578048K Free: 252537K (44%)
----------------- Invoking toplevel() on ptolemy.moml.MoMLSimpleApplication@5e18990d
----------------- Done invoking toplevel() on ptolemy.moml.MoMLSimpleApplication@5e18990d
reloadAllAccessors: .InitialOutputs
----------------- testing Wed May 16 00:05:29 UTC 2018 /home/travis/build/icyphy/ptII/ptolemy/domains/modal/test/auto/InitialStateTransition1.xml
----------------- Instantiating /home/travis/build/icyphy/ptII/ptolemy/domains/modal/test/auto/InitialStateTransition1.xml
2 ms. Memory: 578048K Free: 240554K (42%)
----------------- Invoking toplevel() on ptolemy.moml.MoMLSimpleApplication@63e77cc
----------------- Done invoking toplevel() on ptolemy.moml.MoMLSimpleApplication@63e77cc
reloadAllAccessors: .InitialStateTransition1
----------------- testing Wed May 16 00:05:29 UTC 2018 /home/travis/build/icyphy/ptII/ptolemy/domains/modal/test/auto/InitialStateTransition2.xml
----------------- Instantiating /home/travis/build/icyphy/ptII/ptolemy/domains/modal/test/auto/InitialStateTransition2.xml
.InitialStateTransition2.TestExceptionAttributeNonConstructive: initialize() was not invoked, but wrapup() was.  This is unusual, but not always a problem.  For example, exporting JNLP will do this.
1 ms. Memory: 578048K Free: 230779K (40%)
----------------- Invoking toplevel() on ptolemy.moml.MoMLSimpleApplication@460067ce
----------------- Done invoking toplevel() on ptolemy.moml.MoMLSimpleApplication@460067ce
reloadAllAccessors: .InitialStateTransition2
----------------- testing Wed May 16 00:05:29 UTC 2018 /home/travis/build/icyphy/ptII/ptolemy/domains/modal/test/auto/InitialStateTransition3.xml
----------------- Instantiating /home/travis/build/icyphy/ptII/ptolemy/domains/modal/test/auto/InitialStateTransition3.xml
4 ms. Memory: 578048K Free: 218549K (38%)
----------------- Invoking toplevel() on ptolemy.moml.MoMLSimpleApplication@11fa1d30
----------------- Done invoking toplevel() on ptolemy.moml.MoMLSimpleApplication@11fa1d30
reloadAllAccessors: .InitialStateTransition3
----------------- testing Wed May 16 00:05:29 UTC 2018 /home/travis/build/icyphy/ptII/ptolemy/domains/modal/test/auto/InitialStateTransition4.xml
----------------- Instantiating /home/travis/build/icyphy/ptII/ptolemy/domains/modal/test/auto/InitialStateTransition4.xml
3 ms. Memory: 578048K Free: 204118K (35%)
----------------- Invoking toplevel() on ptolemy.moml.MoMLSimpleApplication@1470a554
----------------- Done invoking toplevel() on ptolemy.moml.MoMLSimpleApplication@1470a554
reloadAllAccessors: .InitialStateTransition4
----------------- testing Wed May 16 00:05:30 UTC 2018 /home/travis/build/icyphy/ptII/ptolemy/domains/modal/test/auto/MalformedGuardExpressionNotCaught.xml
----------------- Instantiating /home/travis/build/icyphy/ptII/ptolemy/domains/modal/test/auto/MalformedGuardExpressionNotCaught.xml
3 ms. Memory: 578048K Free: 194343K (34%)
----------------- Invoking toplevel() on ptolemy.moml.MoMLSimpleApplication@3ddbfb38
----------------- Done invoking toplevel() on ptolemy.moml.MoMLSimpleApplication@3ddbfb38
reloadAllAccessors: .MalformedGuardExpressionNotCaught
----------------- testing Wed May 16 00:05:30 UTC 2018 /home/travis/build/icyphy/ptII/ptolemy/domains/modal/test/auto/ModalBSC.xml
----------------- Instantiating /home/travis/build/icyphy/ptII/ptolemy/domains/modal/test/auto/ModalBSC.xml
36 ms. Memory: 578048K Free: 162811K (28%)
----------------- Invoking toplevel() on ptolemy.moml.MoMLSimpleApplication@6d81ee56
----------------- Done invoking toplevel() on ptolemy.moml.MoMLSimpleApplication@6d81ee56
reloadAllAccessors: .ModalBSC
----------------- testing Wed May 16 00:05:30 UTC 2018 /home/travis/build/icyphy/ptII/ptolemy/domains/modal/test/auto/ModalClocks.xml
----------------- Instantiating /home/travis/build/icyphy/ptII/ptolemy/domains/modal/test/auto/ModalClocks.xml
36 ms. Memory: 578048K Free: 135902K (24%)
----------------- Invoking toplevel() on ptolemy.moml.MoMLSimpleApplication@4f315ec9
----------------- Done invoking toplevel() on ptolemy.moml.MoMLSimpleApplication@4f315ec9
reloadAllAccessors: .ModalClocks
----------------- testing Wed May 16 00:05:30 UTC 2018 /home/travis/build/icyphy/ptII/ptolemy/domains/modal/test/auto/ModalDelay.xml
----------------- Instantiating /home/travis/build/icyphy/ptII/ptolemy/domains/modal/test/auto/ModalDelay.xml
15 ms. Memory: 578048K Free: 118776K (21%)
----------------- Invoking toplevel() on ptolemy.moml.MoMLSimpleApplication@cd67232
----------------- Done invoking toplevel() on ptolemy.moml.MoMLSimpleApplication@cd67232
reloadAllAccessors: .ModalDelay
----------------- testing Wed May 16 00:05:30 UTC 2018 /home/travis/build/icyphy/ptII/ptolemy/domains/modal/test/auto/ModalDelay2.xml
----------------- Instantiating /home/travis/build/icyphy/ptII/ptolemy/domains/modal/test/auto/ModalDelay2.xml
11 ms. Memory: 578048K Free: 99459K (17%)
----------------- Invoking toplevel() on ptolemy.moml.MoMLSimpleApplication@66cd94c5
----------------- Done invoking toplevel() on ptolemy.moml.MoMLSimpleApplication@66cd94c5
reloadAllAccessors: .ModalDelay2
----------------- testing Wed May 16 00:05:30 UTC 2018 /home/travis/build/icyphy/ptII/ptolemy/domains/modal/test/auto/ModalModelFromMemo.xml
----------------- Instantiating /home/travis/build/icyphy/ptII/ptolemy/domains/modal/test/auto/ModalModelFromMemo.xml
25 ms. Memory: 870912K Free: 855674K (98%)
----------------- Invoking toplevel() on ptolemy.moml.MoMLSimpleApplication@5b241077
----------------- Done invoking toplevel() on ptolemy.moml.MoMLSimpleApplication@5b241077
reloadAllAccessors: .ModalModelFromMemo
----------------- testing Wed May 16 00:05:30 UTC 2018 /home/travis/build/icyphy/ptII/ptolemy/domains/modal/test/auto/ModalModelWithMultirateTransient.xml
----------------- Instantiating /home/travis/build/icyphy/ptII/ptolemy/domains/modal/test/auto/ModalModelWithMultirateTransient.xml
15 ms. Memory: 870912K Free: 831375K (95%)
----------------- Invoking toplevel() on ptolemy.moml.MoMLSimpleApplication@2d30446a
----------------- Done invoking toplevel() on ptolemy.moml.MoMLSimpleApplication@2d30446a
reloadAllAccessors: .ModalModelWithMultirateTransient
----------------- testing Wed May 16 00:05:30 UTC 2018 /home/travis/build/icyphy/ptII/ptolemy/domains/modal/test/auto/ModalModelWithReset.xml
----------------- Instantiating /home/travis/build/icyphy/ptII/ptolemy/domains/modal/test/auto/ModalModelWithReset.xml
17 ms. Memory: 870912K Free: 811839K (93%)
----------------- Invoking toplevel() on ptolemy.moml.MoMLSimpleApplication@74d1421e
----------------- Done invoking toplevel() on ptolemy.moml.MoMLSimpleApplication@74d1421e
reloadAllAccessors: .ModalModelWithReset
----------------- testing Wed May 16 00:05:30 UTC 2018 /home/travis/build/icyphy/ptII/ptolemy/domains/modal/test/auto/MouseClickFSM.xml
----------------- Instantiating /home/travis/build/icyphy/ptII/ptolemy/domains/modal/test/auto/MouseClickFSM.xml
12 ms. Memory: 870912K Free: 792303K (91%)
----------------- Invoking toplevel() on ptolemy.moml.MoMLSimpleApplication@37ea00db
----------------- Done invoking toplevel() on ptolemy.moml.MoMLSimpleApplication@37ea00db
reloadAllAccessors: .MouseClickFSM
----------------- testing Wed May 16 00:05:30 UTC 2018 /home/travis/build/icyphy/ptII/ptolemy/domains/modal/test/auto/MouseClickFSMModal.xml
----------------- Instantiating /home/travis/build/icyphy/ptII/ptolemy/domains/modal/test/auto/MouseClickFSMModal.xml
9 ms. Memory: 870912K Free: 770182K (88%)
----------------- Invoking toplevel() on ptolemy.moml.MoMLSimpleApplication@68dfd6b1
----------------- Done invoking toplevel() on ptolemy.moml.MoMLSimpleApplication@68dfd6b1
reloadAllAccessors: .MouseClickFSMModal
----------------- testing Wed May 16 00:05:30 UTC 2018 /home/travis/build/icyphy/ptII/ptolemy/domains/modal/test/auto/NonStrictFSM_FeedbackLoop.xml
----------------- Instantiating /home/travis/build/icyphy/ptII/ptolemy/domains/modal/test/auto/NonStrictFSM_FeedbackLoop.xml
18 ms. Memory: 870912K Free: 742838K (85%)
----------------- Invoking toplevel() on ptolemy.moml.MoMLSimpleApplication@205dd68c
----------------- Done invoking toplevel() on ptolemy.moml.MoMLSimpleApplication@205dd68c
reloadAllAccessors: .NonStrictFSM_FeedbackLoop
----------------- testing Wed May 16 00:05:30 UTC 2018 /home/travis/build/icyphy/ptII/ptolemy/domains/modal/test/auto/NonStrictFSM_FeedbackLoop_Refinement.xml
----------------- Instantiating /home/travis/build/icyphy/ptII/ptolemy/domains/modal/test/auto/NonStrictFSM_FeedbackLoop_Refinement.xml
29 ms. Memory: 870912K Free: 711598K (82%)
----------------- Invoking toplevel() on ptolemy.moml.MoMLSimpleApplication@2a65e42a
----------------- Done invoking toplevel() on ptolemy.moml.MoMLSimpleApplication@2a65e42a
reloadAllAccessors: .NonStrictFSM_FeedbackLoop_Refinement
----------------- testing Wed May 16 00:05:30 UTC 2018 /home/travis/build/icyphy/ptII/ptolemy/domains/modal/test/auto/NonStrictFSM_FeedbackLoop_preemptive.xml
----------------- Instantiating /home/travis/build/icyphy/ptII/ptolemy/domains/modal/test/auto/NonStrictFSM_FeedbackLoop_preemptive.xml
28 ms. Memory: 870912K Free: 677772K (78%)
----------------- Invoking toplevel() on ptolemy.moml.MoMLSimpleApplication@6753c37f
----------------- Done invoking toplevel() on ptolemy.moml.MoMLSimpleApplication@6753c37f
reloadAllAccessors: .NonStrictFSM_FeedbackLoop_preemptive
----------------- testing Wed May 16 00:05:30 UTC 2018 /home/travis/build/icyphy/ptII/ptolemy/domains/modal/test/auto/NormalTermination.xml
----------------- Instantiating /home/travis/build/icyphy/ptII/ptolemy/domains/modal/test/auto/NormalTermination.xml
7 ms. Memory: 870912K Free: 654324K (75%)
----------------- Invoking toplevel() on ptolemy.moml.MoMLSimpleApplication@64a7eca8
----------------- Done invoking toplevel() on ptolemy.moml.MoMLSimpleApplication@64a7eca8
reloadAllAccessors: .NormalTermination
----------------- testing Wed May 16 00:05:30 UTC 2018 /home/travis/build/icyphy/ptII/ptolemy/domains/modal/test/auto/Pong.xml
----------------- Instantiating /home/travis/build/icyphy/ptII/ptolemy/domains/modal/test/auto/Pong.xml
55 ms. Memory: 870912K Free: 630868K (72%)
----------------- Invoking toplevel() on ptolemy.moml.MoMLSimpleApplication@63b4dfee
----------------- Done invoking toplevel() on ptolemy.moml.MoMLSimpleApplication@63b4dfee
reloadAllAccessors: .Pong
[...]
2 ms. Memory: 870912K Free: 247878K (28%)
----------------- Invoking toplevel() on ptolemy.moml.MoMLSimpleApplication@3b1bb6e0
----------------- Done invoking toplevel() on ptolemy.moml.MoMLSimpleApplication@3b1bb6e0
reloadAllAccessors: .StrongImmediateTransition
----------------- testing Wed May 16 00:05:31 UTC 2018 /home/travis/build/icyphy/ptII/ptolemy/domains/modal/test/auto/SustainHierarchy.xml
----------------- Instantiating /home/travis/build/icyphy/ptII/ptolemy/domains/modal/test/auto/SustainHierarchy.xml
5 ms. Memory: 870912K Free: 228342K (26%)
----------------- Invoking toplevel() on ptolemy.moml.MoMLSimpleApplication@19e11807
----------------- Done invoking toplevel() on ptolemy.moml.MoMLSimpleApplication@19e11807
reloadAllAccessors: .SustainHierarchy
----------------- testing Wed May 16 00:05:31 UTC 2018 /home/travis/build/icyphy/ptII/ptolemy/domains/modal/test/auto/TerminationTransition1.xml
----------------- Instantiating /home/travis/build/icyphy/ptII/ptolemy/domains/modal/test/auto/TerminationTransition1.xml
2 ms. Memory: 870912K Free: 210134K (24%)
----------------- Invoking toplevel() on ptolemy.moml.MoMLSimpleApplication@431b7e7a
----------------- Done invoking toplevel() on ptolemy.moml.MoMLSimpleApplication@431b7e7a
reloadAllAccessors: .TerminationTransition1
----------------- testing Wed May 16 00:05:31 UTC 2018 /home/travis/build/icyphy/ptII/ptolemy/domains/modal/test/auto/TerminationTransition2.xml
----------------- Instantiating /home/travis/build/icyphy/ptII/ptolemy/domains/modal/test/auto/TerminationTransition2.xml
4 ms. Memory: 870912K Free: 186702K (21%)
----------------- Invoking toplevel() on ptolemy.moml.MoMLSimpleApplication@fd2f198
----------------- Done invoking toplevel() on ptolemy.moml.MoMLSimpleApplication@fd2f198
reloadAllAccessors: .TerminationTransition2
----------------- testing Wed May 16 00:05:31 UTC 2018 /home/travis/build/icyphy/ptII/ptolemy/domains/modal/test/auto/TerminationTransition3.xml
----------------- Instantiating /home/travis/build/icyphy/ptII/ptolemy/domains/modal/test/auto/TerminationTransition3.xml
2 ms. Memory: 870912K Free: 171069K (20%)
----------------- Invoking toplevel() on ptolemy.moml.MoMLSimpleApplication@1fcbb0cc
----------------- Done invoking toplevel() on ptolemy.moml.MoMLSimpleApplication@1fcbb0cc
reloadAllAccessors: .TerminationTransition3
----------------- testing Wed May 16 00:05:31 UTC 2018 /home/travis/build/icyphy/ptII/ptolemy/domains/modal/test/auto/TerminationTransition4.xml
----------------- Instantiating /home/travis/build/icyphy/ptII/ptolemy/domains/modal/test/auto/TerminationTransition4.xml
3 ms. Memory: 870912K Free: 148957K (17%)
----------------- Invoking toplevel() on ptolemy.moml.MoMLSimpleApplication@74bebc9a
----------------- Done invoking toplevel() on ptolemy.moml.MoMLSimpleApplication@74bebc9a
reloadAllAccessors: .TerminationTransition4
----------------- testing Wed May 16 00:05:31 UTC 2018 /home/travis/build/icyphy/ptII/ptolemy/domains/modal/test/auto/TerminationTransition5.xml
----------------- Instantiating /home/travis/build/icyphy/ptII/ptolemy/domains/modal/test/auto/TerminationTransition5.xml
2 ms. Memory: 870912K Free: 129404K (15%)
----------------- Invoking toplevel() on ptolemy.moml.MoMLSimpleApplication@63ff7242
----------------- Done invoking toplevel() on ptolemy.moml.MoMLSimpleApplication@63ff7242
reloadAllAccessors: .TerminationTransition5
----------------- testing Wed May 16 00:05:31 UTC 2018 /home/travis/build/icyphy/ptII/ptolemy/domains/modal/test/auto/TerminationTransition6.xml
----------------- Instantiating /home/travis/build/icyphy/ptII/ptolemy/domains/modal/test/auto/TerminationTransition6.xml
1 ms. Memory: 870912K Free: 113772K (13%)
----------------- Invoking toplevel() on ptolemy.moml.MoMLSimpleApplication@2aac9545
----------------- Done invoking toplevel() on ptolemy.moml.MoMLSimpleApplication@2aac9545
reloadAllAccessors: .TerminationTransition6
----------------- testing Wed May 16 00:05:31 UTC 2018 /home/travis/build/icyphy/ptII/ptolemy/domains/modal/test/auto/TerminationTransition7.xml
----------------- Instantiating /home/travis/build/icyphy/ptII/ptolemy/domains/modal/test/auto/TerminationTransition7.xml
2 ms. Memory: 870912K Free: 95564K (11%)
----------------- Invoking toplevel() on ptolemy.moml.MoMLSimpleApplication@17f687bf
----------------- Done invoking toplevel() on ptolemy.moml.MoMLSimpleApplication@17f687bf
reloadAllAccessors: .TerminationTransition7
----------------- testing Wed May 16 00:05:31 UTC 2018 /home/travis/build/icyphy/ptII/ptolemy/domains/modal/test/auto/TerminationTransition8.xml
----------------- Instantiating /home/travis/build/icyphy/ptII/ptolemy/domains/modal/test/auto/TerminationTransition8.xml
2 ms. Memory: 870912K Free: 79940K (9%)
----------------- Invoking toplevel() on ptolemy.moml.MoMLSimpleApplication@72749702
----------------- Done invoking toplevel() on ptolemy.moml.MoMLSimpleApplication@72749702
reloadAllAccessors: .TerminationTransition8
----------------- testing Wed May 16 00:05:31 UTC 2018 /home/travis/build/icyphy/ptII/ptolemy/domains/modal/test/auto/Thermostat_NoHysteresis.xml
----------------- Instantiating /home/travis/build/icyphy/ptII/ptolemy/domains/modal/test/auto/Thermostat_NoHysteresis.xml
21 ms. Memory: 870912K Free: 829702K (95%)
----------------- Invoking toplevel() on ptolemy.moml.MoMLSimpleApplication@2ca89761
----------------- Done invoking toplevel() on ptolemy.moml.MoMLSimpleApplication@2ca89761
reloadAllAccessors: .Thermostat_NoHysteresis
----------------- testing Wed May 16 00:05:31 UTC 2018 /home/travis/build/icyphy/ptII/ptolemy/domains/modal/test/auto/TimedFSM.xml
----------------- Instantiating /home/travis/build/icyphy/ptII/ptolemy/domains/modal/test/auto/TimedFSM.xml
7 ms. Memory: 870912K Free: 812188K (93%)
----------------- Invoking toplevel() on ptolemy.moml.MoMLSimpleApplication@62270fa2
----------------- Done invoking toplevel() on ptolemy.moml.MoMLSimpleApplication@62270fa2
reloadAllAccessors: .TimedFSM
----------------- testing Wed May 16 00:05:31 UTC 2018 /home/travis/build/icyphy/ptII/ptolemy/domains/modal/test/auto/Timeout1.xml
----------------- Instantiating /home/travis/build/icyphy/ptII/ptolemy/domains/modal/test/auto/Timeout1.xml
3 ms. Memory: 870912K Free: 804380K (92%)
----------------- Invoking toplevel() on ptolemy.moml.MoMLSimpleApplication@782578ff
----------------- Done invoking toplevel() on ptolemy.moml.MoMLSimpleApplication@782578ff
reloadAllAccessors: .Timeout1
----------------- testing Wed May 16 00:05:31 UTC 2018 /home/travis/build/icyphy/ptII/ptolemy/domains/modal/test/auto/Timeout2.xml
----------------- Instantiating /home/travis/build/icyphy/ptII/ptolemy/domains/modal/test/auto/Timeout2.xml
4 ms. Memory: 870912K Free: 790786K (91%)
----------------- Invoking toplevel() on ptolemy.moml.MoMLSimpleApplication@3db8dcfd
----------------- Done invoking toplevel() on ptolemy.moml.MoMLSimpleApplication@3db8dcfd
reloadAllAccessors: .Timeout2
----------------- testing Wed May 16 00:05:31 UTC 2018 /home/travis/build/icyphy/ptII/ptolemy/domains/modal/test/auto/Timeout3.xml
----------------- Instantiating /home/travis/build/icyphy/ptII/ptolemy/domains/modal/test/auto/Timeout3.xml
2 ms. Memory: 870912K Free: 782977K (90%)
----------------- Invoking toplevel() on ptolemy.moml.MoMLSimpleApplication@1f63a2b
----------------- Done invoking toplevel() on ptolemy.moml.MoMLSimpleApplication@1f63a2b
reloadAllAccessors: .Timeout3
----------------- testing Wed May 16 00:05:31 UTC 2018 /home/travis/build/icyphy/ptII/ptolemy/domains/modal/test/auto/Timeout4.xml
----------------- Instantiating /home/travis/build/icyphy/ptII/ptolemy/domains/modal/test/auto/Timeout4.xml
2 ms. Memory: 870912K Free: 773287K (89%)
----------------- Invoking toplevel() on ptolemy.moml.MoMLSimpleApplication@5d4a85b1
----------------- Done invoking toplevel() on ptolemy.moml.MoMLSimpleApplication@5d4a85b1
reloadAllAccessors: .Timeout4
----------------- testing Wed May 16 00:05:32 UTC 2018 /home/travis/build/icyphy/ptII/ptolemy/domains/modal/test/auto/TransientstateModelAdvanced.xml
----------------- Instantiating /home/travis/build/icyphy/ptII/ptolemy/domains/modal/test/auto/TransientstateModelAdvanced.xml
3 ms. Memory: 870912K Free: 753743K (87%)
----------------- Invoking toplevel() on ptolemy.moml.MoMLSimpleApplication@3c1297e
----------------- Done invoking toplevel() on ptolemy.moml.MoMLSimpleApplication@3c1297e
reloadAllAccessors: .TransientstateModelAdvanced
----------------- testing Wed May 16 00:05:32 UTC 2018 /home/travis/build/icyphy/ptII/ptolemy/domains/modal/test/auto/TransientstateModelAdvanced2.xml
----------------- Instantiating /home/travis/build/icyphy/ptII/ptolemy/domains/modal/test/auto/TransientstateModelAdvanced2.xml
3 ms. Memory: 870912K Free: 732325K (84%)
----------------- Invoking toplevel() on ptolemy.moml.MoMLSimpleApplication@1b2872b
----------------- Done invoking toplevel() on ptolemy.moml.MoMLSimpleApplication@1b2872b
reloadAllAccessors: .transientstatemodelAdvanced
----------------- testing Wed May 16 00:05:32 UTC 2018 /home/travis/build/icyphy/ptII/ptolemy/domains/modal/test/auto/TransitionRefinements.xml
----------------- Instantiating /home/travis/build/icyphy/ptII/ptolemy/domains/modal/test/auto/TransitionRefinements.xml
5 ms. Memory: 870912K Free: 720597K (83%)
----------------- Invoking toplevel() on ptolemy.moml.MoMLSimpleApplication@6ace0923
----------------- Done invoking toplevel() on ptolemy.moml.MoMLSimpleApplication@6ace0923
reloadAllAccessors: .TransitionRefinements
----------------- testing Wed May 16 00:05:32 UTC 2018 /home/travis/build/icyphy/ptII/ptolemy/domains/modal/test/auto/TwoRefinements1.xml
----------------- Instantiating /home/travis/build/icyphy/ptII/ptolemy/domains/modal/test/auto/TwoRefinements1.xml
2 ms. Memory: 870912K Free: 703082K (81%)
----------------- Invoking toplevel() on ptolemy.moml.MoMLSimpleApplication@7bb484da
----------------- Done invoking toplevel() on ptolemy.moml.MoMLSimpleApplication@7bb484da
reloadAllAccessors: .TwoRefinements1
----------------- testing Wed May 16 00:05:32 UTC 2018 /home/travis/build/icyphy/ptII/ptolemy/domains/modal/test/auto/TwoRefinements2.xml
----------------- Instantiating /home/travis/build/icyphy/ptII/ptolemy/domains/modal/test/auto/TwoRefinements2.xml
2 ms. Memory: 870912K Free: 687466K (79%)
----------------- Invoking toplevel() on ptolemy.moml.MoMLSimpleApplication@5a586bfe
----------------- Done invoking toplevel() on ptolemy.moml.MoMLSimpleApplication@5a586bfe
reloadAllAccessors: .TwoRefinements2
----------------- testing Wed May 16 00:05:32 UTC 2018 /home/travis/build/icyphy/ptII/ptolemy/domains/modal/test/auto/WeakImmediateTransition.xml
----------------- Instantiating /home/travis/build/icyphy/ptII/ptolemy/domains/modal/test/auto/WeakImmediateTransition.xml
3 ms. Memory: 870912K Free: 669952K (77%)
----------------- Invoking toplevel() on ptolemy.moml.MoMLSimpleApplication@28f4e752
----------------- Done invoking toplevel() on ptolemy.moml.MoMLSimpleApplication@28f4e752
reloadAllAccessors: .WeakImmediateTransition
----------------- testing Wed May 16 00:05:32 UTC 2018 /home/travis/build/icyphy/ptII/ptolemy/domains/modal/test/auto/booleanSelect.xml
----------------- Instantiating /home/travis/build/icyphy/ptII/ptolemy/domains/modal/test/auto/booleanSelect.xml
27 ms. Memory: 870912K Free: 650384K (75%)
----------------- Invoking toplevel() on ptolemy.moml.MoMLSimpleApplication@7d37e989
----------------- Done invoking toplevel() on ptolemy.moml.MoMLSimpleApplication@7d37e989
reloadAllAccessors: .booleanSelect
----------------- testing Wed May 16 00:05:32 UTC 2018 /home/travis/build/icyphy/ptII/ptolemy/domains/modal/test/auto/modalChangingParams.xml
----------------- Instantiating /home/travis/build/icyphy/ptII/ptolemy/domains/modal/test/auto/modalChangingParams.xml
0
1
0
2
4
6
8
7
0
2
4
6
8
13
0
2
4
6
8
19
0
2
4
6
8
25
0
2
4
6
8
31
0
2
4
6
8
37
0
2
4
6
8
43
0
2
4
6
8
49
0
2
4
6
8
55
0
2
4
6
8
61
0
2
4
6
8
67
0
2
4
6
8
73
0
2
4
6
8
79
0
2
4
6
8
85
0
2
4
6
8
91
0
2
4
6
8
97
0
2
4
6
8
103
0
2
4
6
8
109
0
2
4
6
8
115
0
2
4
6
8
121
0
2
4
6
8
127
0
2
4
6
8
133
0
2
4
6
8
139
0
2
4
6
8
145
0
2
4
6
8
151
0
2
4
6
8
157
0
2
4
6
8
163
0
2
4
6
8
169
0
2
4
6
8
175
0
2
4
6
8
181
0
2
4
6
8
187
0
2
4
6
8
193
0
2
4
6
8
199
0
2
4
6
8
205
0
2
4
6
8
211
0
2
4
6
8
217
0
2
4
6
8
223
0
2
4
6
8
229
0
2
4
6
8
235
0
2
4
6
8
241
0
2
4
6
8
247
0
2
4
6
8
253
0
2
4
6
8
259
0
2
4
6
8
265
0
2
4
6
8
271
0
2
4
6
8
277
0
2
4
6
8
283
0
2
4
6
8
289
0
2
4
6
8
295
0
2
4
6
8
301
0
2
4
6
8
307
0
2
4
6
8
313
0
2
4
6
8
319
0
2
4
6
8
325
0
2
4
6
8
331
0
2
4
6
8
337
0
2
4
6
8
343
0
2
4
6
8
349
0
2
4
6
8
355
0
2
4
6
8
361
0
2
4
6
8
367
0
2
4
6
8
373
0
2
4
6
8
379
0
2
4
6
8
385
0
2
4
6
8
391
0
2
4
6
8
397
0
2
4
6
8
403
0
2
4
6
8
409
0
2
4
6
8
415
0
2
4
6
8
421
0
2
4
6
8
427
0
2
4
6
8
433
0
2
4
6
8
439
0
2
4
6
8
445
0
2
4
6
8
451
0
2
4
6
8
457
0
2
4
6
8
463
0
2
4
6
8
469
0
2
4
6
8
475
0
2
4
6
8
481
0
2
4
6
8
487
0
2
4
6
8
493
0
2
4
6
8
499
0
2
4
6
8
505
0
2
4
6
8
511
0
2
4
6
8
517
0
2
4
6
8
523
0
2
4
6
8
529
0
2
4
6
8
535
0
2
4
6
8
541
0
2
4
6
8
547
0
2
4
6
8
553
0
2
4
6
8
559
0
2
4
6
8
565
0
2
4
6
8
571
0
2
4
6
8
577
0
2
4
6
8
583
0
2
4
6
8
589
0
2
4
6
8
595
0
2
4
6
8
601
0
2
4
6
8
607
0
2
4
6
8
613
0
2
4
6
8
619
0
2
4
6
8
625
0
2
4
6
8
631
0
2
4
6
8
637
0
2
4
6
8
643
0
2
4
6
8
649
0
2
4
6
8
655
0
2
4
6
8
661
0
2
4
6
8
667
0
2
4
6
8
673
0
2
4
6
8
679
0
2
4
6
8
685
0
2
4
6
8
691
0
2
4
6
8
697
0
2
4
6
8
703
0
2
4
6
8
709
0
2
4
6
8
715
0
2
4
6
8
721
0
2
4
6
8
727
0
2
4
6
8
733
0
2
4
6
8
739
0
2
4
6
8
745
0
2
4
6
8
751
0
2
4
6
8
757
0
2
4
6
8
763
0
2
4
6
8
769
0
2
4
6
8
775
0
2
4
6
8
781
0
2
4
6
8
787
0
2
4
6
8
793
0
2
4
6
8
799
0
2
4
6
8
805
0
2
4
6
8
811
0
2
4
6
8
817
0
2
4
6
8
823
0
2
4
6
8
829
0
2
4
6
8
835
0
2
4
6
8
841
0
2
4
6
8
847
0
2
4
6
8
853
0
2
4
6
8
859
0
2
4
6
8
865
0
2
4
6
8
871
0
2
4
6
8
877
0
2
4
6
8
883
0
2
4
6
8
889
0
2
4
6
8
895
0
2
4
6
8
901
0
2
4
6
8
907
0
2
4
6
8
913
0
2
4
6
8
919
0
2
4
6
8
925
0
2
4
6
8
931
0
2
4
6
8
937
0
2
4
6
8
943
0
2
4
6
8
949
0
2
4
6
8
955
0
2
4
6
8
961
0
2
4
6
8
967
0
2
4
6
8
973
0
2
4
6
8
979
0
2
4
6
8
985
0
2
4
6
8
991
0
2
4
6
8
997
0
2
206 ms. Memory: 870912K Free: 531133K (61%)
----------------- Invoking toplevel() on ptolemy.moml.MoMLSimpleApplication@57127ad8
----------------- Done invoking toplevel() on ptolemy.moml.MoMLSimpleApplication@57127ad8
reloadAllAccessors: .modalChangingParams
----------------- testing Wed May 16 00:05:32 UTC 2018 /home/travis/build/icyphy/ptII/ptolemy/domains/modal/test/auto/modalModel.xml
----------------- Instantiating /home/travis/build/icyphy/ptII/ptolemy/domains/modal/test/auto/modalModel.xml
5 ms. Memory: 870912K Free: 519405K (60%)
----------------- Invoking toplevel() on ptolemy.moml.MoMLSimpleApplication@2a1d8676
----------------- Done invoking toplevel() on ptolemy.moml.MoMLSimpleApplication@2a1d8676
reloadAllAccessors: .modalModel
----------------- testing Wed May 16 00:05:32 UTC 2018 /home/travis/build/icyphy/ptII/ptolemy/domains/modal/test/auto/modalModel2.xml
----------------- Instantiating /home/travis/build/icyphy/ptII/ptolemy/domains/modal/test/auto/modalModel2.xml
9 ms. Memory: 870912K Free: 501890K (58%)
----------------- Invoking toplevel() on ptolemy.moml.MoMLSimpleApplication@2cc9c6e
----------------- Done invoking toplevel() on ptolemy.moml.MoMLSimpleApplication@2cc9c6e
reloadAllAccessors: .modalModel2
----------------- testing Wed May 16 00:05:32 UTC 2018 /home/travis/build/icyphy/ptII/ptolemy/domains/modal/test/auto/modalModel3.xml
----------------- Instantiating /home/travis/build/icyphy/ptII/ptolemy/domains/modal/test/auto/modalModel3.xml
0	0	0
1	0	1
4	2	2
7	4	3
10	6	4
5	0	5
8	2	6
11	4	7
14	6	8
9	0	9
12	2	10
15	4	11
18	6	12
13	0	13
16	2	14
12 ms. Memory: 870912K Free: 482354K (55%)
----------------- Invoking toplevel() on ptolemy.moml.MoMLSimpleApplication@18a2a233
----------------- Done invoking toplevel() on ptolemy.moml.MoMLSimpleApplication@18a2a233
reloadAllAccessors: .modalModel3
----------------- testing Wed May 16 00:05:32 UTC 2018 /home/travis/build/icyphy/ptII/ptolemy/domains/modal/test/auto/model1.xml
----------------- Instantiating /home/travis/build/icyphy/ptII/ptolemy/domains/modal/test/auto/model1.xml
9 ms. Memory: 870912K Free: 474545K (54%)
----------------- Invoking toplevel() on ptolemy.moml.MoMLSimpleApplication@3a284951
----------------- Done invoking toplevel() on ptolemy.moml.MoMLSimpleApplication@3a284951
reloadAllAccessors: .model1
----------------- testing Wed May 16 00:05:32 UTC 2018 /home/travis/build/icyphy/ptII/ptolemy/domains/modal/test/auto/test-direct-in-out.xml
----------------- Instantiating /home/travis/build/icyphy/ptII/ptolemy/domains/modal/test/auto/test-direct-in-out.xml
4 ms. Memory: 870912K Free: 460935K (53%)
----------------- Invoking toplevel() on ptolemy.moml.MoMLSimpleApplication@4a9fa9e3
----------------- Done invoking toplevel() on ptolemy.moml.MoMLSimpleApplication@4a9fa9e3
reloadAllAccessors: .test-direct-in-out
AutoTests.java: About to close Vertx.
AutoTests.java: Vertx closed.
]]></system-out>
  <system-err><![CDATA[java.lang.RuntimeException: Execution failed
	at ptolemy.moml.MoMLSimpleApplication$UnloadThread.run(MoMLSimpleApplication.java:402)
Caused by: ptolemy.kernel.util.IllegalActionException: Unknown inputs remain. Possible causality loop:
L_model_1893289564i

  in .CannotAnalysisWithPreemption.model_1893289564_region_1 and .CannotAnalysisWithPreemption.model_1893289564_region_1.L_model_1893289564i
	at ptolemy.actor.sched.FixedPointDirector.postfire(FixedPointDirector.java:515)
	at ptolemy.domains.sr.kernel.SRDirector.postfire(SRDirector.java:417)
	at ptolemy.actor.CompositeActor.postfire(CompositeActor.java:1668)
	at ptolemy.actor.Manager.iterate(Manager.java:852)
	at ptolemy.actor.Manager.execute(Manager.java:369)
	at ptolemy.actor.Manager.run(Manager.java:1263)
	at ptolemy.actor.Manager$PtolemyRunThread.run(Manager.java:1915)
java.lang.reflect.InvocationTargetException
	at sun.reflect.NativeConstructorAccessorImpl.newInstance0(Native Method)
	at sun.reflect.NativeConstructorAccessorImpl.newInstance(NativeConstructorAccessorImpl.java:62)
	at sun.reflect.DelegatingConstructorAccessorImpl.newInstance(DelegatingConstructorAccessorImpl.java:45)
	at java.lang.reflect.Constructor.newInstance(Constructor.java:423)
	at ptolemy.util.test.junit.AutoKnownFailedTests.RunModel(AutoKnownFailedTests.java:107)
	at sun.reflect.NativeMethodAccessorImpl.invoke0(Native Method)
	at sun.reflect.NativeMethodAccessorImpl.invoke(NativeMethodAccessorImpl.java:62)
	at sun.reflect.DelegatingMethodAccessorImpl.invoke(DelegatingMethodAccessorImpl.java:43)
	at java.lang.reflect.Method.invoke(Method.java:498)
	at org.junit.runners.model.FrameworkMethod$1.runReflectiveCall(FrameworkMethod.java:44)
	at org.junit.internal.runners.model.ReflectiveCallable.run(ReflectiveCallable.java:15)
	at org.junit.runners.model.FrameworkMethod.invokeExplosively(FrameworkMethod.java:41)
	at junitparams.internal.InvokeParameterisedMethod.evaluate(InvokeParameterisedMethod.java:102)
	at org.junit.internal.runners.statements.FailOnTimeout$1.run(FailOnTimeout.java:28)
Caused by: ptolemy.kernel.util.IllegalActionException: Unknown inputs remain. Possible causality loop:
L_model_1893289564i

  in .CannotAnalysisWithPreemption.model_1893289564_region_1 and .CannotAnalysisWithPreemption.model_1893289564_region_1.L_model_1893289564i
	at ptolemy.actor.sched.FixedPointDirector.postfire(FixedPointDirector.java:515)
	at ptolemy.domains.sr.kernel.SRDirector.postfire(SRDirector.java:417)
	at ptolemy.actor.CompositeActor.postfire(CompositeActor.java:1668)
	at ptolemy.actor.Manager.iterate(Manager.java:852)
	at ptolemy.actor.Manager.execute(Manager.java:369)
	at ptolemy.actor.Manager.run(Manager.java:1263)
	at ptolemy.actor.Manager$PtolemyRunThread.run(Manager.java:1915)
]]></system-err>
</testsuite>
