<?xml version="1.0" encoding="UTF-8" ?>
<testsuite errors="0" failures="0" hostname="travis-job-19728a33-7aca-4e5e-bdd6-891169f1a6a4" name="ptolemy.cg.adapter.generic.program.procedural.c.adapters.ptolemy.actor.lib.test.junit.JUnitCGCTest" skipped="0" tests="86" time="148.057" timestamp="2018-04-19T03:36:22">
  <properties>
[...]
</properties>
  <testcase classname="ptolemy.util.test.junit.AutoCGCKnownFailedTests" name="[0] /home/travis/build/icyphy/ptII/ptolemy/cg/adapter/generic/program/procedural/c/adapters/ptolemy/actor/lib/test/auto/knownFailedTests/ExpressionMultiplyPower2.xml (runModelInline)" time="2.15" />
  <testcase classname="ptolemy.util.test.junit.AutoCGCKnownFailedTests" name="[0] /home/travis/build/icyphy/ptII/ptolemy/cg/adapter/generic/program/procedural/c/adapters/ptolemy/actor/lib/test/auto/knownFailedTests/ExpressionMultiplyPower2.xml (runModelNoInline)" time="1.617" />
  <testcase classname="ptolemy.util.test.junit.AutoCGCNoInlineTests" name="[0] /home/travis/build/icyphy/ptII/ptolemy/cg/adapter/generic/program/procedural/c/adapters/ptolemy/actor/lib/test/auto/AccumulatorWithReset.xml (runModelNoInline)" time="2.117" />
  <testcase classname="ptolemy.util.test.junit.AutoCGCNoInlineTests" name="[1] /home/travis/build/icyphy/ptII/ptolemy/cg/adapter/generic/program/procedural/c/adapters/ptolemy/actor/lib/test/auto/ActorOrientedClass.xml (runModelNoInline)" time="1.617" />
  <testcase classname="ptolemy.util.test.junit.AutoCGCNoInlineTests" name="[2] /home/travis/build/icyphy/ptII/ptolemy/cg/adapter/generic/program/procedural/c/adapters/ptolemy/actor/lib/test/auto/AddSubtract.xml (runModelNoInline)" time="1.731" />
  <testcase classname="ptolemy.util.test.junit.AutoCGCNoInlineTests" name="[3] /home/travis/build/icyphy/ptII/ptolemy/cg/adapter/generic/program/procedural/c/adapters/ptolemy/actor/lib/test/auto/AddSubtract3.xml (runModelNoInline)" time="1.695" />
  <testcase classname="ptolemy.util.test.junit.AutoCGCNoInlineTests" name="[4] /home/travis/build/icyphy/ptII/ptolemy/cg/adapter/generic/program/procedural/c/adapters/ptolemy/actor/lib/test/auto/Bernoulli.xml (runModelNoInline)" time="1.617" />
  <testcase classname="ptolemy.util.test.junit.AutoCGCNoInlineTests" name="[5] /home/travis/build/icyphy/ptII/ptolemy/cg/adapter/generic/program/procedural/c/adapters/ptolemy/actor/lib/test/auto/DB.xml (runModelNoInline)" time="1.958" />
  <testcase classname="ptolemy.util.test.junit.AutoCGCNoInlineTests" name="[6] /home/travis/build/icyphy/ptII/ptolemy/cg/adapter/generic/program/procedural/c/adapters/ptolemy/actor/lib/test/auto/DiscreteClock.xml (runModelNoInline)" time="1.524" />
  <testcase classname="ptolemy.util.test.junit.AutoCGCNoInlineTests" name="[7] /home/travis/build/icyphy/ptII/ptolemy/cg/adapter/generic/program/procedural/c/adapters/ptolemy/actor/lib/test/auto/DiscreteClock10.xml (runModelNoInline)" time="1.811" />
  <testcase classname="ptolemy.util.test.junit.AutoCGCNoInlineTests" name="[8] /home/travis/build/icyphy/ptII/ptolemy/cg/adapter/generic/program/procedural/c/adapters/ptolemy/actor/lib/test/auto/DiscreteClock11.xml (runModelNoInline)" time="1.918" />
  <testcase classname="ptolemy.util.test.junit.AutoCGCNoInlineTests" name="[9] /home/travis/build/icyphy/ptII/ptolemy/cg/adapter/generic/program/procedural/c/adapters/ptolemy/actor/lib/test/auto/DiscreteClock12.xml (runModelNoInline)" time="1.924" />
  <testcase classname="ptolemy.util.test.junit.AutoCGCNoInlineTests" name="[10] /home/travis/build/icyphy/ptII/ptolemy/cg/adapter/generic/program/procedural/c/adapters/ptolemy/actor/lib/test/auto/DiscreteClock13.xml (runModelNoInline)" time="1.858" />
  <testcase classname="ptolemy.util.test.junit.AutoCGCNoInlineTests" name="[11] /home/travis/build/icyphy/ptII/ptolemy/cg/adapter/generic/program/procedural/c/adapters/ptolemy/actor/lib/test/auto/DiscreteClock14.xml (runModelNoInline)" time="1.813" />
  <testcase classname="ptolemy.util.test.junit.AutoCGCNoInlineTests" name="[12] /home/travis/build/icyphy/ptII/ptolemy/cg/adapter/generic/program/procedural/c/adapters/ptolemy/actor/lib/test/auto/DiscreteClock15.xml (runModelNoInline)" time="1.951" />
  <testcase classname="ptolemy.util.test.junit.AutoCGCNoInlineTests" name="[13] /home/travis/build/icyphy/ptII/ptolemy/cg/adapter/generic/program/procedural/c/adapters/ptolemy/actor/lib/test/auto/DiscreteClock2.xml (runModelNoInline)" time="1.712" />
  <testcase classname="ptolemy.util.test.junit.AutoCGCNoInlineTests" name="[14] /home/travis/build/icyphy/ptII/ptolemy/cg/adapter/generic/program/procedural/c/adapters/ptolemy/actor/lib/test/auto/DiscreteClock20.xml (runModelNoInline)" time="1.906" />
  <testcase classname="ptolemy.util.test.junit.AutoCGCNoInlineTests" name="[15] /home/travis/build/icyphy/ptII/ptolemy/cg/adapter/generic/program/procedural/c/adapters/ptolemy/actor/lib/test/auto/DiscreteClock22.xml (runModelNoInline)" time="1.795" />
  <testcase classname="ptolemy.util.test.junit.AutoCGCNoInlineTests" name="[16] /home/travis/build/icyphy/ptII/ptolemy/cg/adapter/generic/program/procedural/c/adapters/ptolemy/actor/lib/test/auto/DiscreteClock23.xml (runModelNoInline)" time="1.653" />
  <testcase classname="ptolemy.util.test.junit.AutoCGCNoInlineTests" name="[17] /home/travis/build/icyphy/ptII/ptolemy/cg/adapter/generic/program/procedural/c/adapters/ptolemy/actor/lib/test/auto/DiscreteClock24.xml (runModelNoInline)" time="1.868" />
  <testcase classname="ptolemy.util.test.junit.AutoCGCNoInlineTests" name="[18] /home/travis/build/icyphy/ptII/ptolemy/cg/adapter/generic/program/procedural/c/adapters/ptolemy/actor/lib/test/auto/DiscreteClock4.xml (runModelNoInline)" time="1.626" />
  <testcase classname="ptolemy.util.test.junit.AutoCGCNoInlineTests" name="[19] /home/travis/build/icyphy/ptII/ptolemy/cg/adapter/generic/program/procedural/c/adapters/ptolemy/actor/lib/test/auto/DiscreteClock6.xml (runModelNoInline)" time="1.583" />
  <testcase classname="ptolemy.util.test.junit.AutoCGCNoInlineTests" name="[20] /home/travis/build/icyphy/ptII/ptolemy/cg/adapter/generic/program/procedural/c/adapters/ptolemy/actor/lib/test/auto/DiscreteClock7.xml (runModelNoInline)" time="1.531" />
  <testcase classname="ptolemy.util.test.junit.AutoCGCNoInlineTests" name="[21] /home/travis/build/icyphy/ptII/ptolemy/cg/adapter/generic/program/procedural/c/adapters/ptolemy/actor/lib/test/auto/DiscreteClock8.xml (runModelNoInline)" time="1.668" />
  <testcase classname="ptolemy.util.test.junit.AutoCGCNoInlineTests" name="[22] /home/travis/build/icyphy/ptII/ptolemy/cg/adapter/generic/program/procedural/c/adapters/ptolemy/actor/lib/test/auto/DiscreteClock9.xml (runModelNoInline)" time="1.778" />
  <testcase classname="ptolemy.util.test.junit.AutoCGCNoInlineTests" name="[23] /home/travis/build/icyphy/ptII/ptolemy/cg/adapter/generic/program/procedural/c/adapters/ptolemy/actor/lib/test/auto/DistributorMultipleTypes.xml (runModelNoInline)" time="1.617" />
  <testcase classname="ptolemy.util.test.junit.AutoCGCNoInlineTests" name="[24] /home/travis/build/icyphy/ptII/ptolemy/cg/adapter/generic/program/procedural/c/adapters/ptolemy/actor/lib/test/auto/ExpressionIntegerDoubleDivision.xml (runModelNoInline)" time="1.394" />
  <testcase classname="ptolemy.util.test.junit.AutoCGCNoInlineTests" name="[25] /home/travis/build/icyphy/ptII/ptolemy/cg/adapter/generic/program/procedural/c/adapters/ptolemy/actor/lib/test/auto/Gaussian.xml (runModelNoInline)" time="1.812" />
  <testcase classname="ptolemy.util.test.junit.AutoCGCNoInlineTests" name="[26] /home/travis/build/icyphy/ptII/ptolemy/cg/adapter/generic/program/procedural/c/adapters/ptolemy/actor/lib/test/auto/MatrixToArray.xml (runModelNoInline)" time="1.557" />
  <testcase classname="ptolemy.util.test.junit.AutoCGCNoInlineTests" name="[27] /home/travis/build/icyphy/ptII/ptolemy/cg/adapter/generic/program/procedural/c/adapters/ptolemy/actor/lib/test/auto/MultiplyDivideDivideOnly.xml (runModelNoInline)" time="1.446" />
  <testcase classname="ptolemy.util.test.junit.AutoCGCNoInlineTests" name="[28] /home/travis/build/icyphy/ptII/ptolemy/cg/adapter/generic/program/procedural/c/adapters/ptolemy/actor/lib/test/auto/OpaqueConst.xml (runModelNoInline)" time="1.453" />
  <testcase classname="ptolemy.util.test.junit.AutoCGCNoInlineTests" name="[29] /home/travis/build/icyphy/ptII/ptolemy/cg/adapter/generic/program/procedural/c/adapters/ptolemy/actor/lib/test/auto/PoissonClock.xml (runModelNoInline)" time="1.808" />
  <testcase classname="ptolemy.util.test.junit.AutoCGCNoInlineTests" name="[30] /home/travis/build/icyphy/ptII/ptolemy/cg/adapter/generic/program/procedural/c/adapters/ptolemy/actor/lib/test/auto/PoissonClock2.xml (runModelNoInline)" time="1.492" />
  <testcase classname="ptolemy.util.test.junit.AutoCGCNoInlineTests" name="[31] /home/travis/build/icyphy/ptII/ptolemy/cg/adapter/generic/program/procedural/c/adapters/ptolemy/actor/lib/test/auto/PoissonClock3.xml (runModelNoInline)" time="1.651" />
  <testcase classname="ptolemy.util.test.junit.AutoCGCNoInlineTests" name="[32] /home/travis/build/icyphy/ptII/ptolemy/cg/adapter/generic/program/procedural/c/adapters/ptolemy/actor/lib/test/auto/PublisherSubscriber.xml (runModelNoInline)" time="1.709" />
  <testcase classname="ptolemy.util.test.junit.AutoCGCNoInlineTests" name="[33] /home/travis/build/icyphy/ptII/ptolemy/cg/adapter/generic/program/procedural/c/adapters/ptolemy/actor/lib/test/auto/PublisherSubscriber2.xml (runModelNoInline)" time="1.56" />
  <testcase classname="ptolemy.util.test.junit.AutoCGCNoInlineTests" name="[34] /home/travis/build/icyphy/ptII/ptolemy/cg/adapter/generic/program/procedural/c/adapters/ptolemy/actor/lib/test/auto/PublisherSubscriber3.xml (runModelNoInline)" time="1.649" />
  <testcase classname="ptolemy.util.test.junit.AutoCGCNoInlineTests" name="[35] /home/travis/build/icyphy/ptII/ptolemy/cg/adapter/generic/program/procedural/c/adapters/ptolemy/actor/lib/test/auto/PublisherSubscriber4.xml (runModelNoInline)" time="1.481" />
  <testcase classname="ptolemy.util.test.junit.AutoCGCNoInlineTests" name="[36] /home/travis/build/icyphy/ptII/ptolemy/cg/adapter/generic/program/procedural/c/adapters/ptolemy/actor/lib/test/auto/PublisherSubscriber5.xml (runModelNoInline)" time="1.689" />
  <testcase classname="ptolemy.util.test.junit.AutoCGCNoInlineTests" name="[37] /home/travis/build/icyphy/ptII/ptolemy/cg/adapter/generic/program/procedural/c/adapters/ptolemy/actor/lib/test/auto/PublisherSubscriber6.xml (runModelNoInline)" time="1.727" />
  <testcase classname="ptolemy.util.test.junit.AutoCGCNoInlineTests" name="[38] /home/travis/build/icyphy/ptII/ptolemy/cg/adapter/generic/program/procedural/c/adapters/ptolemy/actor/lib/test/auto/PublisherSubscriber7.xml (runModelNoInline)" time="1.63" />
  <testcase classname="ptolemy.util.test.junit.AutoCGCNoInlineTests" name="[39] /home/travis/build/icyphy/ptII/ptolemy/cg/adapter/generic/program/procedural/c/adapters/ptolemy/actor/lib/test/auto/PublisherTestSubscriber.xml (runModelNoInline)" time="2.002" />
  <testcase classname="ptolemy.util.test.junit.AutoCGCNoInlineTests" name="[40] /home/travis/build/icyphy/ptII/ptolemy/cg/adapter/generic/program/procedural/c/adapters/ptolemy/actor/lib/test/auto/PublisherTestSubscriber11.xml (runModelNoInline)" time="1.739" />
  <testcase classname="ptolemy.util.test.junit.AutoCGCNoInlineTests" name="[41] /home/travis/build/icyphy/ptII/ptolemy/cg/adapter/generic/program/procedural/c/adapters/ptolemy/actor/lib/test/auto/PublisherTestSubscriber12.xml (runModelNoInline)" time="1.558" />
  <testcase classname="ptolemy.util.test.junit.AutoCGCNoInlineTests" name="[42] /home/travis/build/icyphy/ptII/ptolemy/cg/adapter/generic/program/procedural/c/adapters/ptolemy/actor/lib/test/auto/PublisherTestSubscriber14.xml (runModelNoInline)" time="1.72" />
  <testcase classname="ptolemy.util.test.junit.AutoCGCNoInlineTests" name="[43] /home/travis/build/icyphy/ptII/ptolemy/cg/adapter/generic/program/procedural/c/adapters/ptolemy/actor/lib/test/auto/PublisherTestSubscriber2.xml (runModelNoInline)" time="1.681" />
  <testcase classname="ptolemy.util.test.junit.AutoCGCNoInlineTests" name="[44] /home/travis/build/icyphy/ptII/ptolemy/cg/adapter/generic/program/procedural/c/adapters/ptolemy/actor/lib/test/auto/PublisherTestSubscriber3.xml (runModelNoInline)" time="1.556" />
  <testcase classname="ptolemy.util.test.junit.AutoCGCNoInlineTests" name="[45] /home/travis/build/icyphy/ptII/ptolemy/cg/adapter/generic/program/procedural/c/adapters/ptolemy/actor/lib/test/auto/PublisherTestSubscriber4.xml (runModelNoInline)" time="1.65" />
  <testcase classname="ptolemy.util.test.junit.AutoCGCNoInlineTests" name="[46] /home/travis/build/icyphy/ptII/ptolemy/cg/adapter/generic/program/procedural/c/adapters/ptolemy/actor/lib/test/auto/PublisherTestSubscriber5.xml (runModelNoInline)" time="1.714" />
  <testcase classname="ptolemy.util.test.junit.AutoCGCNoInlineTests" name="[47] /home/travis/build/icyphy/ptII/ptolemy/cg/adapter/generic/program/procedural/c/adapters/ptolemy/actor/lib/test/auto/PublisherTestSubscriber6.xml (runModelNoInline)" time="1.949" />
  <testcase classname="ptolemy.util.test.junit.AutoCGCNoInlineTests" name="[48] /home/travis/build/icyphy/ptII/ptolemy/cg/adapter/generic/program/procedural/c/adapters/ptolemy/actor/lib/test/auto/PublisherTestSubscriber7.xml (runModelNoInline)" time="1.752" />
  <testcase classname="ptolemy.util.test.junit.AutoCGCNoInlineTests" name="[49] /home/travis/build/icyphy/ptII/ptolemy/cg/adapter/generic/program/procedural/c/adapters/ptolemy/actor/lib/test/auto/PublisherTestSubscriberClassr.xml (runModelNoInline)" time="1.587" />
  <testcase classname="ptolemy.util.test.junit.AutoCGCNoInlineTests" name="[50] /home/travis/build/icyphy/ptII/ptolemy/cg/adapter/generic/program/procedural/c/adapters/ptolemy/actor/lib/test/auto/Ramp.xml (runModelNoInline)" time="1.629" />
  <testcase classname="ptolemy.util.test.junit.AutoCGCNoInlineTests" name="[51] /home/travis/build/icyphy/ptII/ptolemy/cg/adapter/generic/program/procedural/c/adapters/ptolemy/actor/lib/test/auto/Ramp1000.xml (runModelNoInline)" time="1.827" />
  <testcase classname="ptolemy.util.test.junit.AutoCGCNoInlineTests" name="[52] /home/travis/build/icyphy/ptII/ptolemy/cg/adapter/generic/program/procedural/c/adapters/ptolemy/actor/lib/test/auto/Recorder.xml (runModelNoInline)" time="1.605" />
  <testcase classname="ptolemy.util.test.junit.AutoCGCNoInlineTests" name="[53] /home/travis/build/icyphy/ptII/ptolemy/cg/adapter/generic/program/procedural/c/adapters/ptolemy/actor/lib/test/auto/Sequence.xml (runModelNoInline)" time="1.473" />
  <testcase classname="ptolemy.util.test.junit.AutoCGCNoInlineTests" name="[54] /home/travis/build/icyphy/ptII/ptolemy/cg/adapter/generic/program/procedural/c/adapters/ptolemy/actor/lib/test/auto/Sequence2.xml (runModelNoInline)" time="1.578" />
  <testcase classname="ptolemy.util.test.junit.AutoCGCNoInlineTests" name="[55] /home/travis/build/icyphy/ptII/ptolemy/cg/adapter/generic/program/procedural/c/adapters/ptolemy/actor/lib/test/auto/StringConstComposite.xml (runModelNoInline)" time="1.613" />
  <testcase classname="ptolemy.util.test.junit.AutoCGCNoInlineTests" name="[56] /home/travis/build/icyphy/ptII/ptolemy/cg/adapter/generic/program/procedural/c/adapters/ptolemy/actor/lib/test/auto/Test.xml (runModelNoInline)" time="1.421" />
  <testcase classname="ptolemy.util.test.junit.AutoCGCNoInlineTests" name="[57] /home/travis/build/icyphy/ptII/ptolemy/cg/adapter/generic/program/procedural/c/adapters/ptolemy/actor/lib/test/auto/TestMultiPortDouble.xml (runModelNoInline)" time="1.511" />
  <testcase classname="ptolemy.util.test.junit.AutoCGCNoInlineTests" name="[58] /home/travis/build/icyphy/ptII/ptolemy/cg/adapter/generic/program/procedural/c/adapters/ptolemy/actor/lib/test/auto/TestNaN.xml (runModelNoInline)" time="1.647" />
  <testcase classname="ptolemy.util.test.junit.AutoCGCNoInlineTests" name="[59] /home/travis/build/icyphy/ptII/ptolemy/cg/adapter/generic/program/procedural/c/adapters/ptolemy/actor/lib/test/auto/arrayType.xml (runModelNoInline)" time="1.929" />
  <testcase classname="ptolemy.util.test.junit.AutoCGCNoInlineTests" name="[60] /home/travis/build/icyphy/ptII/ptolemy/cg/adapter/generic/program/procedural/c/adapters/ptolemy/actor/lib/test/auto/arrayType10.xml (runModelNoInline)" time="1.746" />
  <testcase classname="ptolemy.util.test.junit.AutoCGCNoInlineTests" name="[61] /home/travis/build/icyphy/ptII/ptolemy/cg/adapter/generic/program/procedural/c/adapters/ptolemy/actor/lib/test/auto/arrayType11.xml (runModelNoInline)" time="1.852" />
  <testcase classname="ptolemy.util.test.junit.AutoCGCNoInlineTests" name="[62] /home/travis/build/icyphy/ptII/ptolemy/cg/adapter/generic/program/procedural/c/adapters/ptolemy/actor/lib/test/auto/arrayType12.xml (runModelNoInline)" time="1.854" />
  <testcase classname="ptolemy.util.test.junit.AutoCGCNoInlineTests" name="[63] /home/travis/build/icyphy/ptII/ptolemy/cg/adapter/generic/program/procedural/c/adapters/ptolemy/actor/lib/test/auto/arrayType13.xml (runModelNoInline)" time="1.891" />
  <testcase classname="ptolemy.util.test.junit.AutoCGCNoInlineTests" name="[64] /home/travis/build/icyphy/ptII/ptolemy/cg/adapter/generic/program/procedural/c/adapters/ptolemy/actor/lib/test/auto/arrayType14.xml (runModelNoInline)" time="1.791" />
  <testcase classname="ptolemy.util.test.junit.AutoCGCNoInlineTests" name="[65] /home/travis/build/icyphy/ptII/ptolemy/cg/adapter/generic/program/procedural/c/adapters/ptolemy/actor/lib/test/auto/arrayType15.xml (runModelNoInline)" time="1.98" />
  <testcase classname="ptolemy.util.test.junit.AutoCGCNoInlineTests" name="[66] /home/travis/build/icyphy/ptII/ptolemy/cg/adapter/generic/program/procedural/c/adapters/ptolemy/actor/lib/test/auto/arrayType16.xml (runModelNoInline)" time="1.827" />
  <testcase classname="ptolemy.util.test.junit.AutoCGCNoInlineTests" name="[67] /home/travis/build/icyphy/ptII/ptolemy/cg/adapter/generic/program/procedural/c/adapters/ptolemy/actor/lib/test/auto/arrayType17.xml (runModelNoInline)" time="1.781" />
  <testcase classname="ptolemy.util.test.junit.AutoCGCNoInlineTests" name="[68] /home/travis/build/icyphy/ptII/ptolemy/cg/adapter/generic/program/procedural/c/adapters/ptolemy/actor/lib/test/auto/arrayType18.xml (runModelNoInline)" time="1.79" />
  <testcase classname="ptolemy.util.test.junit.AutoCGCNoInlineTests" name="[69] /home/travis/build/icyphy/ptII/ptolemy/cg/adapter/generic/program/procedural/c/adapters/ptolemy/actor/lib/test/auto/arrayType19.xml (runModelNoInline)" time="1.901" />
  <testcase classname="ptolemy.util.test.junit.AutoCGCNoInlineTests" name="[70] /home/travis/build/icyphy/ptII/ptolemy/cg/adapter/generic/program/procedural/c/adapters/ptolemy/actor/lib/test/auto/arrayType2.xml (runModelNoInline)" time="1.742" />
  <testcase classname="ptolemy.util.test.junit.AutoCGCNoInlineTests" name="[71] /home/travis/build/icyphy/ptII/ptolemy/cg/adapter/generic/program/procedural/c/adapters/ptolemy/actor/lib/test/auto/arrayType20.xml (runModelNoInline)" time="1.762" />
  <testcase classname="ptolemy.util.test.junit.AutoCGCNoInlineTests" name="[72] /home/travis/build/icyphy/ptII/ptolemy/cg/adapter/generic/program/procedural/c/adapters/ptolemy/actor/lib/test/auto/arrayType21.xml (runModelNoInline)" time="1.725" />
  <testcase classname="ptolemy.util.test.junit.AutoCGCNoInlineTests" name="[73] /home/travis/build/icyphy/ptII/ptolemy/cg/adapter/generic/program/procedural/c/adapters/ptolemy/actor/lib/test/auto/arrayType22.xml (runModelNoInline)" time="1.682" />
  <testcase classname="ptolemy.util.test.junit.AutoCGCNoInlineTests" name="[74] /home/travis/build/icyphy/ptII/ptolemy/cg/adapter/generic/program/procedural/c/adapters/ptolemy/actor/lib/test/auto/arrayType23.xml (runModelNoInline)" time="1.732" />
  <testcase classname="ptolemy.util.test.junit.AutoCGCNoInlineTests" name="[75] /home/travis/build/icyphy/ptII/ptolemy/cg/adapter/generic/program/procedural/c/adapters/ptolemy/actor/lib/test/auto/arrayType24.xml (runModelNoInline)" time="1.908" />
  <testcase classname="ptolemy.util.test.junit.AutoCGCNoInlineTests" name="[76] /home/travis/build/icyphy/ptII/ptolemy/cg/adapter/generic/program/procedural/c/adapters/ptolemy/actor/lib/test/auto/arrayType4.xml (runModelNoInline)" time="1.785" />
  <testcase classname="ptolemy.util.test.junit.AutoCGCNoInlineTests" name="[77] /home/travis/build/icyphy/ptII/ptolemy/cg/adapter/generic/program/procedural/c/adapters/ptolemy/actor/lib/test/auto/arrayType5.xml (runModelNoInline)" time="1.718" />
  <testcase classname="ptolemy.util.test.junit.AutoCGCNoInlineTests" name="[78] /home/travis/build/icyphy/ptII/ptolemy/cg/adapter/generic/program/procedural/c/adapters/ptolemy/actor/lib/test/auto/arrayType6.xml (runModelNoInline)" time="1.761" />
  <testcase classname="ptolemy.util.test.junit.AutoCGCNoInlineTests" name="[79] /home/travis/build/icyphy/ptII/ptolemy/cg/adapter/generic/program/procedural/c/adapters/ptolemy/actor/lib/test/auto/arrayType7.xml (runModelNoInline)" time="1.633" />
  <testcase classname="ptolemy.util.test.junit.AutoCGCNoInlineTests" name="[80] /home/travis/build/icyphy/ptII/ptolemy/cg/adapter/generic/program/procedural/c/adapters/ptolemy/actor/lib/test/auto/arrayType8.xml (runModelNoInline)" time="1.714" />
  <testcase classname="ptolemy.util.test.junit.AutoCGCNoInlineTests" name="[81] /home/travis/build/icyphy/ptII/ptolemy/cg/adapter/generic/program/procedural/c/adapters/ptolemy/actor/lib/test/auto/arrayType9.xml (runModelNoInline)" time="1.76" />
  <testcase classname="ptolemy.util.test.junit.AutoCGCNoInlineTests" name="[82] /home/travis/build/icyphy/ptII/ptolemy/cg/adapter/generic/program/procedural/c/adapters/ptolemy/actor/lib/test/auto/hierarchicalModel_1_1.xml (runModelNoInline)" time="1.524" />
  <testcase classname="ptolemy.util.test.junit.AutoCGCNoInlineTests" name="[83] /home/travis/build/icyphy/ptII/ptolemy/cg/adapter/generic/program/procedural/c/adapters/ptolemy/actor/lib/test/auto/hierarchicalModel_2_2e.xml (runModelNoInline)" time="1.742" />
  <system-out><![CDATA[----------------- (Known Failure) AutoCG $PTII/bin/ptcg -language c -generateInSubdirectory false -inline true -maximumLinesPerBlock 2500 -variablesAsArrays false /home/travis/build/icyphy/ptII/ptolemy/cg/adapter/generic/program/procedural/c/adapters/ptolemy/actor/lib/test/auto/knownFailedTests/ExpressionMultiplyPower2.xmlCCodeGenerator._generateCode(): Deleting /home/travis/cg/
CCodeGenerator set the container? : actor.getContainer(): null _isTopLevel: true generateEmbeddedCode: false
CCodeGenerator include the container .h? : container.getContainer(): null _isTopLevel: true generateEmbeddedCode: false
Reading "ptolemy/cg/kernel/generic/program/procedural/c/makefile.in",
    writing "/home/travis/cg/ExpressionMultiplyPower2.mk"
Using ptolemy/cg/kernel/generic/program/procedural/c/makefile.in
In "/home/travis/cg", about to execute:
    make -f ExpressionMultiplyPower2.mk
gcc -D__int64="long long" -Wall -std=c99  -ggdb  -I /home/travis/cg//_ExpressionMultiplyPower2 -I /home/travis/cg/commons/ ExpressionMultiplyPower2_Main.c _ExpressionMultiplyPower2/ExpressionMultiplyPower2.c _ExpressionMultiplyPower2/ExpressionMultiplyPower2_Ramp.c _ExpressionMultiplyPower2/ExpressionMultiplyPower2_CompositeActor_Expression2.c _ExpressionMultiplyPower2/ExpressionMultiplyPower2_CompositeActor_Test2.c _ExpressionMultiplyPower2/ExpressionMultiplyPower2_CompositeActor_Const.c _ExpressionMultiplyPower2/ExpressionMultiplyPower2_SDFSchedule.c commons/_SDFReceiver.c commons/_CompositeActor.c commons/_AtomicActor.c commons/_Director.c commons/pblSet.c commons/pblHeap.c commons/_LocalClock.c commons/_SDFDirector.c commons/pblIterator.c commons/_Receiver.c commons/_IOPort.c commons/pblMap.c commons/_Actor.c commons/pblList.c commons/_ptTypes.c commons/pblCollection.c commons/pblPriorityQueue.c commons/pblhash.c commons/_TypedIOPort.c commons/pbl.c -o ExpressionMultiplyPower2 -lm 
_ExpressionMultiplyPower2/ExpressionMultiplyPower2.c: In function ‘ExpressionMultiplyPower2_New’:
_ExpressionMultiplyPower2/ExpressionMultiplyPower2.c:57:20: warning: unused variable ‘ExpressionMultiplyPower2_Ramp_output’ [-Wunused-variable]
     struct IOPort* ExpressionMultiplyPower2_Ramp_output = (struct IOPort*)ExpressionMultiplyPower2_Ramp_get_output();
                    ^
_ExpressionMultiplyPower2/ExpressionMultiplyPower2_CompositeActor_Const.c: In function ‘ExpressionMultiplyPower2_CompositeActor_Const_fire’:
_ExpressionMultiplyPower2/ExpressionMultiplyPower2_CompositeActor_Const.c:89:62: error: ‘LBW’ undeclared (first use in this function)
     (*(output->send))((struct IOPort*) output, 0, Int_new((*(LBW->get))((struct IOPort*) LBW, 0)->payload.Token));
                                                              ^
_ExpressionMultiplyPower2/ExpressionMultiplyPower2_CompositeActor_Const.c:89:62: note: each undeclared identifier is reported only once for each function it appears in
make: *** [ExpressionMultiplyPower2] Error 1
All Done
Known Failure: Return value of the last command executed was not zero, it was: 2
----------------- (Known Failure) AutoCG $PTII/bin/ptcg -language c -generateInSubdirectory false -inline false -maximumLinesPerBlock 2500 -variablesAsArrays false /home/travis/build/icyphy/ptII/ptolemy/cg/adapter/generic/program/procedural/c/adapters/ptolemy/actor/lib/test/auto/knownFailedTests/ExpressionMultiplyPower2.xmlCCodeGenerator._generateCode(): Deleting /home/travis/cg/
CCodeGenerator set the container? : actor.getContainer(): null _isTopLevel: true generateEmbeddedCode: false
CCodeGenerator include the container .h? : container.getContainer(): null _isTopLevel: true generateEmbeddedCode: false
Reading "ptolemy/cg/kernel/generic/program/procedural/c/makefile.in",
    writing "/home/travis/cg/ExpressionMultiplyPower2.mk"
Using ptolemy/cg/kernel/generic/program/procedural/c/makefile.in
In "/home/travis/cg", about to execute:
    make -f ExpressionMultiplyPower2.mk
gcc -D__int64="long long" -Wall -std=c99  -ggdb  -I /home/travis/cg//_ExpressionMultiplyPower2 -I /home/travis/cg/commons/ ExpressionMultiplyPower2_Main.c _ExpressionMultiplyPower2/ExpressionMultiplyPower2.c _ExpressionMultiplyPower2/ExpressionMultiplyPower2_Ramp.c _ExpressionMultiplyPower2/ExpressionMultiplyPower2_CompositeActor_Expression2.c _ExpressionMultiplyPower2/ExpressionMultiplyPower2_CompositeActor_Test2.c _ExpressionMultiplyPower2/ExpressionMultiplyPower2_CompositeActor_Const.c _ExpressionMultiplyPower2/ExpressionMultiplyPower2_SDFSchedule.c commons/_SDFReceiver.c commons/_CompositeActor.c commons/_AtomicActor.c commons/_Director.c commons/pblSet.c commons/pblHeap.c commons/_LocalClock.c commons/_SDFDirector.c commons/pblIterator.c commons/_Receiver.c commons/_IOPort.c commons/pblMap.c commons/_Actor.c commons/pblList.c commons/_ptTypes.c commons/pblCollection.c commons/pblPriorityQueue.c commons/pblhash.c commons/_TypedIOPort.c commons/pbl.c -o ExpressionMultiplyPower2 -lm 
_ExpressionMultiplyPower2/ExpressionMultiplyPower2.c: In function ‘ExpressionMultiplyPower2_New’:
_ExpressionMultiplyPower2/ExpressionMultiplyPower2.c:57:20: warning: unused variable ‘ExpressionMultiplyPower2_Ramp_output’ [-Wunused-variable]
     struct IOPort* ExpressionMultiplyPower2_Ramp_output = (struct IOPort*)ExpressionMultiplyPower2_Ramp_get_output();
                    ^
_ExpressionMultiplyPower2/ExpressionMultiplyPower2_CompositeActor_Const.c: In function ‘ExpressionMultiplyPower2_CompositeActor_Const_fire’:
_ExpressionMultiplyPower2/ExpressionMultiplyPower2_CompositeActor_Const.c:89:62: error: ‘LBW’ undeclared (first use in this function)
     (*(output->send))((struct IOPort*) output, 0, Int_new((*(LBW->get))((struct IOPort*) LBW, 0)->payload.Token));
                                                              ^
_ExpressionMultiplyPower2/ExpressionMultiplyPower2_CompositeActor_Const.c:89:62: note: each undeclared identifier is reported only once for each function it appears in
make: *** [ExpressionMultiplyPower2] Error 1
All Done
Known Failure: Return value of the last command executed was not zero, it was: 2
----------------- AutoCG $PTII/bin/ptcg -language c -generateInSubdirectory false -inline false -maximumLinesPerBlock 2500 -variablesAsArrays false /home/travis/build/icyphy/ptII/ptolemy/cg/adapter/generic/program/procedural/c/adapters/ptolemy/actor/lib/test/auto/AccumulatorWithReset.xmlCCodeGenerator._generateCode(): Deleting /home/travis/cg/
CCodeGenerator set the container? : actor.getContainer(): null _isTopLevel: true generateEmbeddedCode: false
CCodeGenerator include the container .h? : container.getContainer(): null _isTopLevel: true generateEmbeddedCode: false
Reading "ptolemy/cg/kernel/generic/program/procedural/c/makefile.in",
    writing "/home/travis/cg/AccumulatorWithReset.mk"
Using ptolemy/cg/kernel/generic/program/procedural/c/makefile.in
In "/home/travis/cg", about to execute:
    make -f AccumulatorWithReset.mk
gcc -D__int64="long long" -Wall -std=c99  -ggdb  -I /home/travis/cg/commons/ -I /home/travis/cg//_AccumulatorWithReset AccumulatorWithReset_Main.c commons/_SDFReceiver.c commons/_CompositeActor.c commons/_AtomicActor.c commons/_Director.c commons/pblSet.c commons/pblHeap.c commons/_LocalClock.c commons/_SDFDirector.c commons/pblIterator.c commons/_Receiver.c commons/_IOPort.c commons/pblMap.c commons/_Actor.c commons/pblList.c commons/_ptTypes.c commons/pblCollection.c commons/pblPriorityQueue.c commons/pblhash.c commons/_TypedIOPort.c commons/pbl.c _AccumulatorWithReset/AccumulatorWithReset_Sequence2.c _AccumulatorWithReset/AccumulatorWithReset_Accumulator.c _AccumulatorWithReset/AccumulatorWithReset.c _AccumulatorWithReset/AccumulatorWithReset_Ramp2.c _AccumulatorWithReset/AccumulatorWithReset_Test.c _AccumulatorWithReset/AccumulatorWithReset_SDFSchedule.c _AccumulatorWithReset/AccumulatorWithReset_Sequence.c _AccumulatorWithReset/AccumulatorWithReset_Ramp.c -o AccumulatorWithReset -lm 
In "/home/travis/cg", about to execute:
    make -f AccumulatorWithReset.mk run
./AccumulatorWithReset
All Done
----------------- AutoCG $PTII/bin/ptcg -language c -generateInSubdirectory false -inline false -maximumLinesPerBlock 2500 -variablesAsArrays false /home/travis/build/icyphy/ptII/ptolemy/cg/adapter/generic/program/procedural/c/adapters/ptolemy/actor/lib/test/auto/ActorOrientedClass.xmlCCodeGenerator._generateCode(): Deleting /home/travis/cg/
CCodeGenerator set the container? : actor.getContainer(): null _isTopLevel: true generateEmbeddedCode: false
CCodeGenerator include the container .h? : container.getContainer(): null _isTopLevel: true generateEmbeddedCode: false
CCodeGenerator set the container? : actor.getContainer(): ptolemy.actor.TypedCompositeActor {.ActorOrientedClass} _isTopLevel: true generateEmbeddedCode: false
CCodeGenerator include the container .h? : container.getContainer(): ptolemy.actor.TypedCompositeActor {.ActorOrientedClass} _isTopLevel: true generateEmbeddedCode: false
Reading "ptolemy/cg/kernel/generic/program/procedural/c/makefile.in",
    writing "/home/travis/cg/ActorOrientedClass.mk"
Using ptolemy/cg/kernel/generic/program/procedural/c/makefile.in
In "/home/travis/cg", about to execute:
    make -f ActorOrientedClass.mk
gcc -D__int64="long long" -Wall -std=c99  -ggdb  -I /home/travis/cg//_ActorOrientedClass/_InstanceOfCompositeClassDefinition -I /home/travis/cg/commons/ -I /home/travis/cg//_ActorOrientedClass ActorOrientedClass_Main.c _ActorOrientedClass/ActorOrientedClass.c _ActorOrientedClass/ActorOrientedClass_Test.c _ActorOrientedClass/_InstanceOfCompositeClassDefinition/ActorOrientedClass_InstanceOfCompositeClassDefinition_SDFSchedule.c _ActorOrientedClass/_InstanceOfCompositeClassDefinition/ActorOrientedClass_InstanceOfCompositeClassDefinition.c _ActorOrientedClass/_InstanceOfCompositeClassDefinition/ActorOrientedClass_InstanceOfCompositeClassDefinition_Const.c _ActorOrientedClass/_InstanceOfCompositeClassDefinition/ActorOrientedClass_InstanceOfCompositeClassDefinition_AddSubtract.c _ActorOrientedClass/ActorOrientedClass_SDFSchedule.c commons/_SDFReceiver.c commons/_CompositeActor.c commons/_AtomicActor.c commons/_Director.c commons/pblSet.c commons/pblHeap.c commons/_LocalClock.c commons/_SDFDirector.c commons/pblIterator.c commons/_Receiver.c commons/_IOPort.c commons/pblMap.c commons/_Actor.c commons/pblList.c commons/_ptTypes.c commons/pblCollection.c commons/pblPriorityQueue.c commons/pblhash.c commons/_TypedIOPort.c commons/pbl.c -o ActorOrientedClass -lm 
In "/home/travis/cg", about to execute:
    make -f ActorOrientedClass.mk run
./ActorOrientedClass
All Done
----------------- AutoCG $PTII/bin/ptcg -language c -generateInSubdirectory false -inline false -maximumLinesPerBlock 2500 -variablesAsArrays false /home/travis/build/icyphy/ptII/ptolemy/cg/adapter/generic/program/procedural/c/adapters/ptolemy/actor/lib/test/auto/AddSubtract.xmlCCodeGenerator._generateCode(): Deleting /home/travis/cg/
CCodeGenerator set the container? : actor.getContainer(): null _isTopLevel: true generateEmbeddedCode: false
CCodeGenerator include the container .h? : container.getContainer(): null _isTopLevel: true generateEmbeddedCode: false
Reading "ptolemy/cg/kernel/generic/program/procedural/c/makefile.in",
    writing "/home/travis/cg/AddSubtract.mk"
Using ptolemy/cg/kernel/generic/program/procedural/c/makefile.in
In "/home/travis/cg", about to execute:
    make -f AddSubtract.mk
gcc -D__int64="long long" -Wall -std=c99  -ggdb  -I /home/travis/cg/commons/ -I /home/travis/cg//_AddSubtract AddSubtract_Main.c commons/_SDFReceiver.c commons/_CompositeActor.c commons/_AtomicActor.c commons/_Director.c commons/pblSet.c commons/pblHeap.c commons/_LocalClock.c commons/_SDFDirector.c commons/pblIterator.c commons/_Receiver.c commons/_IOPort.c commons/pblMap.c commons/_Actor.c commons/pblList.c commons/_ptTypes.c commons/pblCollection.c commons/pblPriorityQueue.c commons/pblhash.c commons/_TypedIOPort.c commons/pbl.c _AddSubtract/AddSubtract_AddSubtract.c _AddSubtract/AddSubtract_Const.c _AddSubtract/AddSubtract_SDFSchedule.c _AddSubtract/AddSubtract_Const2.c _AddSubtract/AddSubtract_Test.c _AddSubtract/AddSubtract.c -o AddSubtract -lm 
In "/home/travis/cg", about to execute:
    make -f AddSubtract.mk run
./AddSubtract
All Done
----------------- AutoCG $PTII/bin/ptcg -language c -generateInSubdirectory false -inline false -maximumLinesPerBlock 2500 -variablesAsArrays false /home/travis/build/icyphy/ptII/ptolemy/cg/adapter/generic/program/procedural/c/adapters/ptolemy/actor/lib/test/auto/AddSubtract3.xmlCCodeGenerator._generateCode(): Deleting /home/travis/cg/
CCodeGenerator set the container? : actor.getContainer(): null _isTopLevel: true generateEmbeddedCode: false
CCodeGenerator include the container .h? : container.getContainer(): null _isTopLevel: true generateEmbeddedCode: false
Reading "ptolemy/cg/kernel/generic/program/procedural/c/makefile.in",
    writing "/home/travis/cg/AddSubtract3.mk"
Using ptolemy/cg/kernel/generic/program/procedural/c/makefile.in
In "/home/travis/cg", about to execute:
    make -f AddSubtract3.mk
gcc -D__int64="long long" -Wall -std=c99  -ggdb  -I /home/travis/cg/commons/ -I /home/travis/cg//_AddSubtract3 AddSubtract3_Main.c _AddSubtract3/AddSubtract3_AddSubtract.c _AddSubtract3/AddSubtract3_Const3.c _AddSubtract3/AddSubtract3_Const.c _AddSubtract3/AddSubtract3_SDFSchedule.c _AddSubtract3/AddSubtract3.c _AddSubtract3/AddSubtract3_Const2.c _AddSubtract3/AddSubtract3_Test.c commons/_SDFReceiver.c commons/_CompositeActor.c commons/_AtomicActor.c commons/_Director.c commons/pblSet.c commons/pblHeap.c commons/_LocalClock.c commons/_SDFDirector.c commons/pblIterator.c commons/_Receiver.c commons/_IOPort.c commons/pblMap.c commons/_Actor.c commons/pblList.c commons/_ptTypes.c commons/pblCollection.c commons/pblPriorityQueue.c commons/pblhash.c commons/_TypedIOPort.c commons/pbl.c -o AddSubtract3 -lm 
In "/home/travis/cg", about to execute:
    make -f AddSubtract3.mk run
./AddSubtract3
All Done
----------------- AutoCG $PTII/bin/ptcg -language c -generateInSubdirectory false -inline false -maximumLinesPerBlock 2500 -variablesAsArrays false /home/travis/build/icyphy/ptII/ptolemy/cg/adapter/generic/program/procedural/c/adapters/ptolemy/actor/lib/test/auto/Bernoulli.xmlCCodeGenerator._generateCode(): Deleting /home/travis/cg/
CCodeGenerator set the container? : actor.getContainer(): null _isTopLevel: true generateEmbeddedCode: false
CCodeGenerator include the container .h? : container.getContainer(): null _isTopLevel: true generateEmbeddedCode: false
Reading "ptolemy/cg/kernel/generic/program/procedural/c/makefile.in",
    writing "/home/travis/cg/Bernoulli.mk"
Using ptolemy/cg/kernel/generic/program/procedural/c/makefile.in
In "/home/travis/cg", about to execute:
    make -f Bernoulli.mk
gcc -D__int64="long long" -Wall -std=c99  -ggdb  -I /home/travis/cg//_Bernoulli -I /home/travis/cg/commons/ Bernoulli_Main.c _Bernoulli/Bernoulli_Bernoulli.c _Bernoulli/Bernoulli_Test.c _Bernoulli/Bernoulli.c _Bernoulli/Bernoulli_SDFSchedule.c commons/_SDFReceiver.c commons/_CompositeActor.c commons/_AtomicActor.c commons/_Director.c commons/pblSet.c commons/pblHeap.c commons/_LocalClock.c commons/_SDFDirector.c commons/pblIterator.c commons/_Receiver.c commons/_IOPort.c commons/pblMap.c commons/_Actor.c commons/pblList.c commons/_ptTypes.c commons/pblCollection.c commons/pblPriorityQueue.c commons/pblhash.c commons/_TypedIOPort.c commons/pbl.c -o Bernoulli -lm 
In "/home/travis/cg", about to execute:
    make -f Bernoulli.mk run
./Bernoulli
All Done
----------------- AutoCG $PTII/bin/ptcg -language c -generateInSubdirectory false -inline false -maximumLinesPerBlock 2500 -variablesAsArrays false /home/travis/build/icyphy/ptII/ptolemy/cg/adapter/generic/program/procedural/c/adapters/ptolemy/actor/lib/test/auto/DB.xmlCCodeGenerator._generateCode(): Deleting /home/travis/cg/
CCodeGenerator set the container? : actor.getContainer(): null _isTopLevel: true generateEmbeddedCode: false
CCodeGenerator include the container .h? : container.getContainer(): null _isTopLevel: true generateEmbeddedCode: false
Reading "ptolemy/cg/kernel/generic/program/procedural/c/makefile.in",
    writing "/home/travis/cg/DB.mk"
Using ptolemy/cg/kernel/generic/program/procedural/c/makefile.in
In "/home/travis/cg", about to execute:
    make -f DB.mk
gcc -D__int64="long long" -Wall -std=c99  -ggdb  -I /home/travis/cg/commons/ -I /home/travis/cg//_DB DB_Main.c _DB/DB_Test13.c _DB/DB_DB0.c _DB/DB_SDFSchedule.c _DB/DB_DB7.c _DB/DB_Ramp1.c _DB/DB.c _DB/DB_Test4.c commons/_SDFReceiver.c commons/_CompositeActor.c commons/_AtomicActor.c commons/_Director.c commons/pblSet.c commons/pblHeap.c commons/_LocalClock.c commons/_SDFDirector.c commons/pblIterator.c commons/_Receiver.c commons/_IOPort.c commons/pblMap.c commons/_Actor.c commons/pblList.c commons/_ptTypes.c commons/pblCollection.c commons/pblPriorityQueue.c commons/pblhash.c commons/_TypedIOPort.c commons/pbl.c -o DB -lm 
In "/home/travis/cg", about to execute:
    make -f DB.mk run
./DB
All Done
----------------- AutoCG $PTII/bin/ptcg -language c -generateInSubdirectory false -inline false -maximumLinesPerBlock 2500 -variablesAsArrays false /home/travis/build/icyphy/ptII/ptolemy/cg/adapter/generic/program/procedural/c/adapters/ptolemy/actor/lib/test/auto/DiscreteClock.xmlCCodeGenerator._generateCode(): Deleting /home/travis/cg/
CCodeGenerator set the container? : actor.getContainer(): null _isTopLevel: true generateEmbeddedCode: false
CCodeGenerator include the container .h? : container.getContainer(): null _isTopLevel: true generateEmbeddedCode: false
Reading "ptolemy/cg/kernel/generic/program/procedural/c/makefile.in",
    writing "/home/travis/cg/DiscreteClock.mk"
Using ptolemy/cg/kernel/generic/program/procedural/c/makefile.in
In "/home/travis/cg", about to execute:
    make -f DiscreteClock.mk
gcc -D__int64="long long" -Wall -std=c99  -ggdb  -I /home/travis/cg//_DiscreteClock -I /home/travis/cg/commons/ DiscreteClock_Main.c commons/_CompositeActor.c commons/_DEEvent.c commons/_AtomicActor.c commons/_Director.c commons/pblSet.c commons/pblHeap.c commons/_LocalClock.c commons/pblIterator.c commons/_CalendarQueue.c commons/_Receiver.c commons/_IOPort.c commons/pblMap.c commons/_Actor.c commons/pblList.c commons/_ptTypes.c commons/pblCollection.c commons/pblPriorityQueue.c commons/pblhash.c commons/_DEDirector.c commons/_TypedIOPort.c commons/pbl.c commons/_DEReceiver.c _DiscreteClock/DiscreteClock_Test.c _DiscreteClock/DiscreteClock.c _DiscreteClock/DiscreteClock_DiscreteClock.c -o DiscreteClock -lm 
In "/home/travis/cg", about to execute:
    make -f DiscreteClock.mk run
./DiscreteClock
All Done
----------------- AutoCG $PTII/bin/ptcg -language c -generateInSubdirectory false -inline false -maximumLinesPerBlock 2500 -variablesAsArrays false /home/travis/build/icyphy/ptII/ptolemy/cg/adapter/generic/program/procedural/c/adapters/ptolemy/actor/lib/test/auto/DiscreteClock10.xmlCCodeGenerator._generateCode(): Deleting /home/travis/cg/
CCodeGenerator set the container? : actor.getContainer(): null _isTopLevel: true generateEmbeddedCode: false
CCodeGenerator include the container .h? : container.getContainer(): null _isTopLevel: true generateEmbeddedCode: false
Reading "ptolemy/cg/kernel/generic/program/procedural/c/makefile.in",
    writing "/home/travis/cg/DiscreteClock10.mk"
Using ptolemy/cg/kernel/generic/program/procedural/c/makefile.in
In "/home/travis/cg", about to execute:
    make -f DiscreteClock10.mk
gcc -D__int64="long long" -Wall -std=c99  -ggdb  -I /home/travis/cg//_DiscreteClock10 -I /home/travis/cg/commons/ DiscreteClock10_Main.c _DiscreteClock10/DiscreteClock10_DiscreteClock.c _DiscreteClock10/DiscreteClock10_control.c _DiscreteClock10/DiscreteClock10_Test2.c _DiscreteClock10/DiscreteClock10.c _DiscreteClock10/DiscreteClock10_SingleEvent.c _DiscreteClock10/DiscreteClock10_CurrentTime.c commons/_CompositeActor.c commons/_DEEvent.c commons/_AtomicActor.c commons/_Director.c commons/pblSet.c commons/pblHeap.c commons/_LocalClock.c commons/pblIterator.c commons/_CalendarQueue.c commons/_Receiver.c commons/_IOPort.c commons/pblMap.c commons/_Actor.c commons/pblList.c commons/_ptTypes.c commons/pblCollection.c commons/pblPriorityQueue.c commons/pblhash.c commons/_DEDirector.c commons/_TypedIOPort.c commons/pbl.c commons/_DEReceiver.c -o DiscreteClock10 -lm 
In "/home/travis/cg", about to execute:
    make -f DiscreteClock10.mk run
./DiscreteClock10
All Done
----------------- AutoCG $PTII/bin/ptcg -language c -generateInSubdirectory false -inline false -maximumLinesPerBlock 2500 -variablesAsArrays false /home/travis/build/icyphy/ptII/ptolemy/cg/adapter/generic/program/procedural/c/adapters/ptolemy/actor/lib/test/auto/DiscreteClock11.xmlCCodeGenerator._generateCode(): Deleting /home/travis/cg/
CCodeGenerator set the container? : actor.getContainer(): null _isTopLevel: true generateEmbeddedCode: false
CCodeGenerator include the container .h? : container.getContainer(): null _isTopLevel: true generateEmbeddedCode: false
Reading "ptolemy/cg/kernel/generic/program/procedural/c/makefile.in",
    writing "/home/travis/cg/DiscreteClock11.mk"
Using ptolemy/cg/kernel/generic/program/procedural/c/makefile.in
In "/home/travis/cg", about to execute:
    make -f DiscreteClock11.mk
gcc -D__int64="long long" -Wall -std=c99  -ggdb  -I /home/travis/cg//_DiscreteClock11 -I /home/travis/cg/commons/ DiscreteClock11_Main.c commons/_CompositeActor.c commons/_DEEvent.c commons/_AtomicActor.c commons/_Director.c commons/pblSet.c commons/pblHeap.c commons/_LocalClock.c commons/pblIterator.c commons/_CalendarQueue.c commons/_Receiver.c commons/_IOPort.c commons/pblMap.c commons/_Actor.c commons/pblList.c commons/_ptTypes.c commons/pblCollection.c commons/pblPriorityQueue.c commons/pblhash.c commons/_DEDirector.c commons/_TypedIOPort.c commons/pbl.c commons/_DEReceiver.c _DiscreteClock11/DiscreteClock11_control.c _DiscreteClock11/DiscreteClock11_SingleEvent.c _DiscreteClock11/DiscreteClock11.c _DiscreteClock11/DiscreteClock11_DiscreteClock.c _DiscreteClock11/DiscreteClock11_CurrentTime.c _DiscreteClock11/DiscreteClock11_Test2.c -o DiscreteClock11 -lm 
In "/home/travis/cg", about to execute:
    make -f DiscreteClock11.mk run
./DiscreteClock11
All Done
----------------- AutoCG $PTII/bin/ptcg -language c -generateInSubdirectory false -inline false -maximumLinesPerBlock 2500 -variablesAsArrays false /home/travis/build/icyphy/ptII/ptolemy/cg/adapter/generic/program/procedural/c/adapters/ptolemy/actor/lib/test/auto/DiscreteClock12.xmlCCodeGenerator._generateCode(): Deleting /home/travis/cg/
CCodeGenerator set the container? : actor.getContainer(): null _isTopLevel: true generateEmbeddedCode: false
CCodeGenerator include the container .h? : container.getContainer(): null _isTopLevel: true generateEmbeddedCode: false
Reading "ptolemy/cg/kernel/generic/program/procedural/c/makefile.in",
    writing "/home/travis/cg/DiscreteClock12.mk"
Using ptolemy/cg/kernel/generic/program/procedural/c/makefile.in
In "/home/travis/cg", about to execute:
    make -f DiscreteClock12.mk
gcc -D__int64="long long" -Wall -std=c99  -ggdb  -I /home/travis/cg/commons/ -I /home/travis/cg//_DiscreteClock12 DiscreteClock12_Main.c commons/_CompositeActor.c commons/_DEEvent.c commons/_AtomicActor.c commons/_Director.c commons/pblSet.c commons/pblHeap.c commons/_LocalClock.c commons/pblIterator.c commons/_CalendarQueue.c commons/_Receiver.c commons/_IOPort.c commons/pblMap.c commons/_Actor.c commons/pblList.c commons/_ptTypes.c commons/pblCollection.c commons/pblPriorityQueue.c commons/pblhash.c commons/_DEDirector.c commons/_TypedIOPort.c commons/pbl.c commons/_DEReceiver.c _DiscreteClock12/DiscreteClock12.c _DiscreteClock12/DiscreteClock12_Test2.c _DiscreteClock12/DiscreteClock12_CurrentTime.c _DiscreteClock12/DiscreteClock12_SingleEvent.c _DiscreteClock12/DiscreteClock12_DiscreteClock.c _DiscreteClock12/DiscreteClock12_control.c -o DiscreteClock12 -lm 
In "/home/travis/cg", about to execute:
    make -f DiscreteClock12.mk run
./DiscreteClock12
All Done
----------------- AutoCG $PTII/bin/ptcg -language c -generateInSubdirectory false -inline false -maximumLinesPerBlock 2500 -variablesAsArrays false /home/travis/build/icyphy/ptII/ptolemy/cg/adapter/generic/program/procedural/c/adapters/ptolemy/actor/lib/test/auto/DiscreteClock13.xmlCCodeGenerator._generateCode(): Deleting /home/travis/cg/
CCodeGenerator set the container? : actor.getContainer(): null _isTopLevel: true generateEmbeddedCode: false
CCodeGenerator include the container .h? : container.getContainer(): null _isTopLevel: true generateEmbeddedCode: false
Reading "ptolemy/cg/kernel/generic/program/procedural/c/makefile.in",
    writing "/home/travis/cg/DiscreteClock13.mk"
Using ptolemy/cg/kernel/generic/program/procedural/c/makefile.in
In "/home/travis/cg", about to execute:
    make -f DiscreteClock13.mk
gcc -D__int64="long long" -Wall -std=c99  -ggdb  -I /home/travis/cg/commons/ -I /home/travis/cg//_DiscreteClock13 DiscreteClock13_Main.c commons/_CompositeActor.c commons/_DEEvent.c commons/_AtomicActor.c commons/_Director.c commons/pblSet.c commons/pblHeap.c commons/_LocalClock.c commons/pblIterator.c commons/_CalendarQueue.c commons/_Receiver.c commons/_IOPort.c commons/pblMap.c commons/_Actor.c commons/pblList.c commons/_ptTypes.c commons/pblCollection.c commons/pblPriorityQueue.c commons/pblhash.c commons/_DEDirector.c commons/_TypedIOPort.c commons/pbl.c commons/_DEReceiver.c _DiscreteClock13/DiscreteClock13_Test.c _DiscreteClock13/DiscreteClock13_control.c _DiscreteClock13/DiscreteClock13.c _DiscreteClock13/DiscreteClock13_Test2.c _DiscreteClock13/DiscreteClock13_CurrentTime.c _DiscreteClock13/DiscreteClock13_DiscreteClock.c -o DiscreteClock13 -lm 
In "/home/travis/cg", about to execute:
    make -f DiscreteClock13.mk run
./DiscreteClock13
All Done
----------------- AutoCG $PTII/bin/ptcg -language c -generateInSubdirectory false -inline false -maximumLinesPerBlock 2500 -variablesAsArrays false /home/travis/build/icyphy/ptII/ptolemy/cg/adapter/generic/program/procedural/c/adapters/ptolemy/actor/lib/test/auto/DiscreteClock14.xmlCCodeGenerator._generateCode(): Deleting /home/travis/cg/
CCodeGenerator set the container? : actor.getContainer(): null _isTopLevel: true generateEmbeddedCode: false
CCodeGenerator include the container .h? : container.getContainer(): null _isTopLevel: true generateEmbeddedCode: false
Reading "ptolemy/cg/kernel/generic/program/procedural/c/makefile.in",
    writing "/home/travis/cg/DiscreteClock14.mk"
Using ptolemy/cg/kernel/generic/program/procedural/c/makefile.in
In "/home/travis/cg", about to execute:
    make -f DiscreteClock14.mk
gcc -D__int64="long long" -Wall -std=c99  -ggdb  -I /home/travis/cg/commons/ -I /home/travis/cg//_DiscreteClock14 DiscreteClock14_Main.c commons/_CompositeActor.c commons/_DEEvent.c commons/_AtomicActor.c commons/_Director.c commons/pblSet.c commons/pblHeap.c commons/_LocalClock.c commons/pblIterator.c commons/_CalendarQueue.c commons/_Receiver.c commons/_IOPort.c commons/pblMap.c commons/_Actor.c commons/pblList.c commons/_ptTypes.c commons/pblCollection.c commons/pblPriorityQueue.c commons/pblhash.c commons/_DEDirector.c commons/_TypedIOPort.c commons/pbl.c commons/_DEReceiver.c _DiscreteClock14/DiscreteClock14_DiscreteClock.c _DiscreteClock14/DiscreteClock14_Test.c _DiscreteClock14/DiscreteClock14_Test2.c _DiscreteClock14/DiscreteClock14_CurrentTime.c _DiscreteClock14/DiscreteClock14_control.c _DiscreteClock14/DiscreteClock14.c -o DiscreteClock14 -lm 
In "/home/travis/cg", about to execute:
    make -f DiscreteClock14.mk run
./DiscreteClock14
All Done
----------------- AutoCG $PTII/bin/ptcg -language c -generateInSubdirectory false -inline false -maximumLinesPerBlock 2500 -variablesAsArrays false /home/travis/build/icyphy/ptII/ptolemy/cg/adapter/generic/program/procedural/c/adapters/ptolemy/actor/lib/test/auto/DiscreteClock15.xmlCCodeGenerator._generateCode(): Deleting /home/travis/cg/
CCodeGenerator set the container? : actor.getContainer(): null _isTopLevel: true generateEmbeddedCode: false
CCodeGenerator include the container .h? : container.getContainer(): null _isTopLevel: true generateEmbeddedCode: false
Reading "ptolemy/cg/kernel/generic/program/procedural/c/makefile.in",
    writing "/home/travis/cg/DiscreteClock15.mk"
Using ptolemy/cg/kernel/generic/program/procedural/c/makefile.in
In "/home/travis/cg", about to execute:
    make -f DiscreteClock15.mk
gcc -D__int64="long long" -Wall -std=c99  -ggdb  -I /home/travis/cg/commons/ -I /home/travis/cg//_DiscreteClock15 DiscreteClock15_Main.c _DiscreteClock15/DiscreteClock15_control.c _DiscreteClock15/DiscreteClock15_Test2.c _DiscreteClock15/DiscreteClock15_CurrentTime.c _DiscreteClock15/DiscreteClock15.c _DiscreteClock15/DiscreteClock15_Test.c _DiscreteClock15/DiscreteClock15_DiscreteClock.c commons/_CompositeActor.c commons/_DEEvent.c commons/_AtomicActor.c commons/_Director.c commons/pblSet.c commons/pblHeap.c commons/_LocalClock.c commons/pblIterator.c commons/_CalendarQueue.c commons/_Receiver.c commons/_IOPort.c commons/pblMap.c commons/_Actor.c commons/pblList.c commons/_ptTypes.c commons/pblCollection.c commons/pblPriorityQueue.c commons/pblhash.c commons/_DEDirector.c commons/_TypedIOPort.c commons/pbl.c commons/_DEReceiver.c -o DiscreteClock15 -lm 
In "/home/travis/cg", about to execute:
    make -f DiscreteClock15.mk run
./DiscreteClock15
All Done
----------------- AutoCG $PTII/bin/ptcg -language c -generateInSubdirectory false -inline false -maximumLinesPerBlock 2500 -variablesAsArrays false /home/travis/build/icyphy/ptII/ptolemy/cg/adapter/generic/program/procedural/c/adapters/ptolemy/actor/lib/test/auto/DiscreteClock2.xmlCCodeGenerator._generateCode(): Deleting /home/travis/cg/
CCodeGenerator set the container? : actor.getContainer(): null _isTopLevel: true generateEmbeddedCode: false
CCodeGenerator include the container .h? : container.getContainer(): null _isTopLevel: true generateEmbeddedCode: false
Reading "ptolemy/cg/kernel/generic/program/procedural/c/makefile.in",
    writing "/home/travis/cg/DiscreteClock2.mk"
Using ptolemy/cg/kernel/generic/program/procedural/c/makefile.in
In "/home/travis/cg", about to execute:
    make -f DiscreteClock2.mk
gcc -D__int64="long long" -Wall -std=c99  -ggdb  -I /home/travis/cg//_DiscreteClock2 -I /home/travis/cg/commons/ DiscreteClock2_Main.c _DiscreteClock2/DiscreteClock2.c _DiscreteClock2/DiscreteClock2_DiscreteClock.c _DiscreteClock2/DiscreteClock2_Test.c _DiscreteClock2/DiscreteClock2_CurrentTime.c commons/_CompositeActor.c commons/_DEEvent.c commons/_AtomicActor.c commons/_Director.c commons/pblSet.c commons/pblHeap.c commons/_LocalClock.c commons/pblIterator.c commons/_CalendarQueue.c commons/_Receiver.c commons/_IOPort.c commons/pblMap.c commons/_Actor.c commons/pblList.c commons/_ptTypes.c commons/pblCollection.c commons/pblPriorityQueue.c commons/pblhash.c commons/_DEDirector.c commons/_TypedIOPort.c commons/pbl.c commons/_DEReceiver.c -o DiscreteClock2 -lm 
In "/home/travis/cg", about to execute:
    make -f DiscreteClock2.mk run
./DiscreteClock2
All Done
----------------- AutoCG $PTII/bin/ptcg -language c -generateInSubdirectory false -inline false -maximumLinesPerBlock 2500 -variablesAsArrays false /home/travis/build/icyphy/ptII/ptolemy/cg/adapter/generic/program/procedural/c/adapters/ptolemy/actor/lib/test/auto/DiscreteClock20.xmlCCodeGenerator._generateCode(): Deleting /home/travis/cg/
CCodeGenerator set the container? : actor.getContainer(): null _isTopLevel: true generateEmbeddedCode: false
CCodeGenerator include the container .h? : container.getContainer(): null _isTopLevel: true generateEmbeddedCode: false
Reading "ptolemy/cg/kernel/generic/program/procedural/c/makefile.in",
    writing "/home/travis/cg/DiscreteClock20.mk"
Using ptolemy/cg/kernel/generic/program/procedural/c/makefile.in
In "/home/travis/cg", about to execute:
    make -f DiscreteClock20.mk
gcc -D__int64="long long" -Wall -std=c99  -ggdb  -I /home/travis/cg//_DiscreteClock20 -I /home/travis/cg/commons/ DiscreteClock20_Main.c commons/_CompositeActor.c commons/_DEEvent.c commons/_AtomicActor.c commons/_Director.c commons/pblSet.c commons/pblHeap.c commons/_LocalClock.c commons/pblIterator.c commons/_CalendarQueue.c commons/_Receiver.c commons/_IOPort.c commons/pblMap.c commons/_Actor.c commons/pblList.c commons/_ptTypes.c commons/pblCollection.c commons/pblPriorityQueue.c commons/pblhash.c commons/_DEDirector.c commons/_TypedIOPort.c commons/pbl.c commons/_DEReceiver.c _DiscreteClock20/DiscreteClock20_Test.c _DiscreteClock20/DiscreteClock20_DiscreteClock.c _DiscreteClock20/DiscreteClock20_Test2.c _DiscreteClock20/DiscreteClock20.c _DiscreteClock20/DiscreteClock20_TimeDelay.c _DiscreteClock20/DiscreteClock20_CurrentTime.c -o DiscreteClock20 -lm 
In "/home/travis/cg", about to execute:
    make -f DiscreteClock20.mk run
./DiscreteClock20
All Done
----------------- AutoCG $PTII/bin/ptcg -language c -generateInSubdirectory false -inline false -maximumLinesPerBlock 2500 -variablesAsArrays false /home/travis/build/icyphy/ptII/ptolemy/cg/adapter/generic/program/procedural/c/adapters/ptolemy/actor/lib/test/auto/DiscreteClock22.xmlCCodeGenerator._generateCode(): Deleting /home/travis/cg/
CCodeGenerator set the container? : actor.getContainer(): null _isTopLevel: true generateEmbeddedCode: false
CCodeGenerator include the container .h? : container.getContainer(): null _isTopLevel: true generateEmbeddedCode: false
Reading "ptolemy/cg/kernel/generic/program/procedural/c/makefile.in",
    writing "/home/travis/cg/DiscreteClock22.mk"
Using ptolemy/cg/kernel/generic/program/procedural/c/makefile.in
In "/home/travis/cg", about to execute:
    make -f DiscreteClock22.mk
gcc -D__int64="long long" -Wall -std=c99  -ggdb  -I /home/travis/cg//_DiscreteClock22 -I /home/travis/cg/commons/ DiscreteClock22_Main.c _DiscreteClock22/DiscreteClock22_DiscreteClock.c _DiscreteClock22/DiscreteClock22_TimeDelay.c _DiscreteClock22/DiscreteClock22.c _DiscreteClock22/DiscreteClock22_Test2.c _DiscreteClock22/DiscreteClock22_CurrentTime.c _DiscreteClock22/DiscreteClock22_Test.c commons/_CompositeActor.c commons/_DEEvent.c commons/_AtomicActor.c commons/_Director.c commons/pblSet.c commons/pblHeap.c commons/_LocalClock.c commons/pblIterator.c commons/_CalendarQueue.c commons/_Receiver.c commons/_IOPort.c commons/pblMap.c commons/_Actor.c commons/pblList.c commons/_ptTypes.c commons/pblCollection.c commons/pblPriorityQueue.c commons/pblhash.c commons/_DEDirector.c commons/_TypedIOPort.c commons/pbl.c commons/_DEReceiver.c -o DiscreteClock22 -lm 
In "/home/travis/cg", about to execute:
    make -f DiscreteClock22.mk run
./DiscreteClock22
All Done
----------------- AutoCG $PTII/bin/ptcg -language c -generateInSubdirectory false -inline false -maximumLinesPerBlock 2500 -variablesAsArrays false /home/travis/build/icyphy/ptII/ptolemy/cg/adapter/generic/program/procedural/c/adapters/ptolemy/actor/lib/test/auto/DiscreteClock23.xmlCCodeGenerator._generateCode(): Deleting /home/travis/cg/
CCodeGenerator set the container? : actor.getContainer(): null _isTopLevel: true generateEmbeddedCode: false
CCodeGenerator include the container .h? : container.getContainer(): null _isTopLevel: true generateEmbeddedCode: false
Reading "ptolemy/cg/kernel/generic/program/procedural/c/makefile.in",
    writing "/home/travis/cg/DiscreteClock23.mk"
Using ptolemy/cg/kernel/generic/program/procedural/c/makefile.in
In "/home/travis/cg", about to execute:
    make -f DiscreteClock23.mk
gcc -D__int64="long long" -Wall -std=c99  -ggdb  -I /home/travis/cg/commons/ -I /home/travis/cg//_DiscreteClock23 DiscreteClock23_Main.c commons/_CompositeActor.c commons/_DEEvent.c commons/_AtomicActor.c commons/_Director.c commons/pblSet.c commons/pblHeap.c commons/_LocalClock.c commons/pblIterator.c commons/_CalendarQueue.c commons/_Receiver.c commons/_IOPort.c commons/pblMap.c commons/_Actor.c commons/pblList.c commons/_ptTypes.c commons/pblCollection.c commons/pblPriorityQueue.c commons/pblhash.c commons/_DEDirector.c commons/_TypedIOPort.c commons/pbl.c commons/_DEReceiver.c _DiscreteClock23/DiscreteClock23_CurrentTime.c _DiscreteClock23/DiscreteClock23_TimeDelay2.c _DiscreteClock23/DiscreteClock23_Test2.c _DiscreteClock23/DiscreteClock23_DiscreteClock.c _DiscreteClock23/DiscreteClock23_Test.c _DiscreteClock23/DiscreteClock23.c -o DiscreteClock23 -lm 
In "/home/travis/cg", about to execute:
    make -f DiscreteClock23.mk run
./DiscreteClock23
All Done
----------------- AutoCG $PTII/bin/ptcg -language c -generateInSubdirectory false -inline false -maximumLinesPerBlock 2500 -variablesAsArrays false /home/travis/build/icyphy/ptII/ptolemy/cg/adapter/generic/program/procedural/c/adapters/ptolemy/actor/lib/test/auto/DiscreteClock24.xmlCCodeGenerator._generateCode(): Deleting /home/travis/cg/
CCodeGenerator set the container? : actor.getContainer(): null _isTopLevel: true generateEmbeddedCode: false
CCodeGenerator include the container .h? : container.getContainer(): null _isTopLevel: true generateEmbeddedCode: false
Reading "ptolemy/cg/kernel/generic/program/procedural/c/makefile.in",
    writing "/home/travis/cg/DiscreteClock24.mk"
Using ptolemy/cg/kernel/generic/program/procedural/c/makefile.in
In "/home/travis/cg", about to execute:
    make -f DiscreteClock24.mk
gcc -D__int64="long long" -Wall -std=c99  -ggdb  -I /home/travis/cg/commons/ -I /home/travis/cg//_DiscreteClock24 DiscreteClock24_Main.c commons/_CompositeActor.c commons/_DEEvent.c commons/_AtomicActor.c commons/_Director.c commons/pblSet.c commons/pblHeap.c commons/_LocalClock.c commons/pblIterator.c commons/_CalendarQueue.c commons/_Receiver.c commons/_IOPort.c commons/pblMap.c commons/_Actor.c commons/pblList.c commons/_ptTypes.c commons/pblCollection.c commons/pblPriorityQueue.c commons/pblhash.c commons/_DEDirector.c commons/_TypedIOPort.c commons/pbl.c commons/_DEReceiver.c _DiscreteClock24/DiscreteClock24.c _DiscreteClock24/DiscreteClock24_CurrentTime.c _DiscreteClock24/DiscreteClock24_Test.c _DiscreteClock24/DiscreteClock24_Test2.c _DiscreteClock24/DiscreteClock24_DiscreteClock.c _DiscreteClock24/DiscreteClock24_TimeDelay.c -o DiscreteClock24 -lm 
In "/home/travis/cg", about to execute:
    make -f DiscreteClock24.mk run
./DiscreteClock24
All Done
----------------- AutoCG $PTII/bin/ptcg -language c -generateInSubdirectory false -inline false -maximumLinesPerBlock 2500 -variablesAsArrays false /home/travis/build/icyphy/ptII/ptolemy/cg/adapter/generic/program/procedural/c/adapters/ptolemy/actor/lib/test/auto/DiscreteClock4.xmlCCodeGenerator._generateCode(): Deleting /home/travis/cg/
CCodeGenerator set the container? : actor.getContainer(): null _isTopLevel: true generateEmbeddedCode: false
CCodeGenerator include the container .h? : container.getContainer(): null _isTopLevel: true generateEmbeddedCode: false
Reading "ptolemy/cg/kernel/generic/program/procedural/c/makefile.in",
    writing "/home/travis/cg/DiscreteClock4.mk"
Using ptolemy/cg/kernel/generic/program/procedural/c/makefile.in
In "/home/travis/cg", about to execute:
    make -f DiscreteClock4.mk
gcc -D__int64="long long" -Wall -std=c99  -ggdb  -I /home/travis/cg//_DiscreteClock4 -I /home/travis/cg/commons/ DiscreteClock4_Main.c _DiscreteClock4/DiscreteClock4_Test2.c _DiscreteClock4/DiscreteClock4_SingleEvent.c _DiscreteClock4/DiscreteClock4_DiscreteClock.c _DiscreteClock4/DiscreteClock4_CurrentTime.c _DiscreteClock4/DiscreteClock4.c _DiscreteClock4/DiscreteClock4_Test.c commons/_CompositeActor.c commons/_DEEvent.c commons/_AtomicActor.c commons/_Director.c commons/pblSet.c commons/pblHeap.c commons/_LocalClock.c commons/pblIterator.c commons/_CalendarQueue.c commons/_Receiver.c commons/_IOPort.c commons/pblMap.c commons/_Actor.c commons/pblList.c commons/_ptTypes.c commons/pblCollection.c commons/pblPriorityQueue.c commons/pblhash.c commons/_DEDirector.c commons/_TypedIOPort.c commons/pbl.c commons/_DEReceiver.c -o DiscreteClock4 -lm 
In "/home/travis/cg", about to execute:
    make -f DiscreteClock4.mk run
./DiscreteClock4
All Done
----------------- AutoCG $PTII/bin/ptcg -language c -generateInSubdirectory false -inline false -maximumLinesPerBlock 2500 -variablesAsArrays false /home/travis/build/icyphy/ptII/ptolemy/cg/adapter/generic/program/procedural/c/adapters/ptolemy/actor/lib/test/auto/DiscreteClock6.xmlCCodeGenerator._generateCode(): Deleting /home/travis/cg/
CCodeGenerator set the container? : actor.getContainer(): null _isTopLevel: true generateEmbeddedCode: false
CCodeGenerator include the container .h? : container.getContainer(): null _isTopLevel: true generateEmbeddedCode: false
Reading "ptolemy/cg/kernel/generic/program/procedural/c/makefile.in",
    writing "/home/travis/cg/DiscreteClock6.mk"
Using ptolemy/cg/kernel/generic/program/procedural/c/makefile.in
In "/home/travis/cg", about to execute:
    make -f DiscreteClock6.mk
gcc -D__int64="long long" -Wall -std=c99  -ggdb  -I /home/travis/cg//_DiscreteClock6 -I /home/travis/cg/commons/ DiscreteClock6_Main.c _DiscreteClock6/DiscreteClock6_CurrentTime.c _DiscreteClock6/DiscreteClock6_Test.c _DiscreteClock6/DiscreteClock6_DiscreteClock.c _DiscreteClock6/DiscreteClock6.c commons/_CompositeActor.c commons/_DEEvent.c commons/_AtomicActor.c commons/_Director.c commons/pblSet.c commons/pblHeap.c commons/_LocalClock.c commons/pblIterator.c commons/_CalendarQueue.c commons/_Receiver.c commons/_IOPort.c commons/pblMap.c commons/_Actor.c commons/pblList.c commons/_ptTypes.c commons/pblCollection.c commons/pblPriorityQueue.c commons/pblhash.c commons/_DEDirector.c commons/_TypedIOPort.c commons/pbl.c commons/_DEReceiver.c -o DiscreteClock6 -lm 
In "/home/travis/cg", about to execute:
    make -f DiscreteClock6.mk run
./DiscreteClock6
All Done
----------------- AutoCG $PTII/bin/ptcg -language c -generateInSubdirectory false -inline false -maximumLinesPerBlock 2500 -variablesAsArrays false /home/travis/build/icyphy/ptII/ptolemy/cg/adapter/generic/program/procedural/c/adapters/ptolemy/actor/lib/test/auto/DiscreteClock7.xmlCCodeGenerator._generateCode(): Deleting /home/travis/cg/
CCodeGenerator set the container? : actor.getContainer(): null _isTopLevel: true generateEmbeddedCode: false
CCodeGenerator include the container .h? : container.getContainer(): null _isTopLevel: true generateEmbeddedCode: false
Reading "ptolemy/cg/kernel/generic/program/procedural/c/makefile.in",
    writing "/home/travis/cg/DiscreteClock7.mk"
Using ptolemy/cg/kernel/generic/program/procedural/c/makefile.in
In "/home/travis/cg", about to execute:
    make -f DiscreteClock7.mk
gcc -D__int64="long long" -Wall -std=c99  -ggdb  -I /home/travis/cg/commons/ -I /home/travis/cg//_DiscreteClock7 DiscreteClock7_Main.c commons/_CompositeActor.c commons/_DEEvent.c commons/_AtomicActor.c commons/_Director.c commons/pblSet.c commons/pblHeap.c commons/_LocalClock.c commons/pblIterator.c commons/_CalendarQueue.c commons/_Receiver.c commons/_IOPort.c commons/pblMap.c commons/_Actor.c commons/pblList.c commons/_ptTypes.c commons/pblCollection.c commons/pblPriorityQueue.c commons/pblhash.c commons/_DEDirector.c commons/_TypedIOPort.c commons/pbl.c commons/_DEReceiver.c _DiscreteClock7/DiscreteClock7.c _DiscreteClock7/DiscreteClock7_Test.c _DiscreteClock7/DiscreteClock7_Test2.c _DiscreteClock7/DiscreteClock7_DiscreteClock.c _DiscreteClock7/DiscreteClock7_CurrentTime.c -o DiscreteClock7 -lm 
In "/home/travis/cg", about to execute:
    make -f DiscreteClock7.mk run
./DiscreteClock7
All Done
----------------- AutoCG $PTII/bin/ptcg -language c -generateInSubdirectory false -inline false -maximumLinesPerBlock 2500 -variablesAsArrays false /home/travis/build/icyphy/ptII/ptolemy/cg/adapter/generic/program/procedural/c/adapters/ptolemy/actor/lib/test/auto/DiscreteClock8.xmlCCodeGenerator._generateCode(): Deleting /home/travis/cg/
CCodeGenerator set the container? : actor.getContainer(): null _isTopLevel: true generateEmbeddedCode: false
CCodeGenerator include the container .h? : container.getContainer(): null _isTopLevel: true generateEmbeddedCode: false
Reading "ptolemy/cg/kernel/generic/program/procedural/c/makefile.in",
    writing "/home/travis/cg/DiscreteClock8.mk"
Using ptolemy/cg/kernel/generic/program/procedural/c/makefile.in
In "/home/travis/cg", about to execute:
    make -f DiscreteClock8.mk
gcc -D__int64="long long" -Wall -std=c99  -ggdb  -I /home/travis/cg/commons/ -I /home/travis/cg//_DiscreteClock8 DiscreteClock8_Main.c _DiscreteClock8/DiscreteClock8_DiscreteClock.c _DiscreteClock8/DiscreteClock8.c _DiscreteClock8/DiscreteClock8_Test.c _DiscreteClock8/DiscreteClock8_CurrentTime.c _DiscreteClock8/DiscreteClock8_control.c commons/_CompositeActor.c commons/_DEEvent.c commons/_AtomicActor.c commons/_Director.c commons/pblSet.c commons/pblHeap.c commons/_LocalClock.c commons/pblIterator.c commons/_CalendarQueue.c commons/_Receiver.c commons/_IOPort.c commons/pblMap.c commons/_Actor.c commons/pblList.c commons/_ptTypes.c commons/pblCollection.c commons/pblPriorityQueue.c commons/pblhash.c commons/_DEDirector.c commons/_TypedIOPort.c commons/pbl.c commons/_DEReceiver.c -o DiscreteClock8 -lm 
In "/home/travis/cg", about to execute:
    make -f DiscreteClock8.mk run
./DiscreteClock8
All Done
----------------- AutoCG $PTII/bin/ptcg -language c -generateInSubdirectory false -inline false -maximumLinesPerBlock 2500 -variablesAsArrays false /home/travis/build/icyphy/ptII/ptolemy/cg/adapter/generic/program/procedural/c/adapters/ptolemy/actor/lib/test/auto/DiscreteClock9.xmlCCodeGenerator._generateCode(): Deleting /home/travis/cg/
CCodeGenerator set the container? : actor.getContainer(): null _isTopLevel: true generateEmbeddedCode: false
CCodeGenerator include the container .h? : container.getContainer(): null _isTopLevel: true generateEmbeddedCode: false
Reading "ptolemy/cg/kernel/generic/program/procedural/c/makefile.in",
    writing "/home/travis/cg/DiscreteClock9.mk"
Using ptolemy/cg/kernel/generic/program/procedural/c/makefile.in
In "/home/travis/cg", about to execute:
    make -f DiscreteClock9.mk
gcc -D__int64="long long" -Wall -std=c99  -ggdb  -I /home/travis/cg/commons/ -I /home/travis/cg//_DiscreteClock9 DiscreteClock9_Main.c commons/_CompositeActor.c commons/_DEEvent.c commons/_AtomicActor.c commons/_Director.c commons/pblSet.c commons/pblHeap.c commons/_LocalClock.c commons/pblIterator.c commons/_CalendarQueue.c commons/_Receiver.c commons/_IOPort.c commons/pblMap.c commons/_Actor.c commons/pblList.c commons/_ptTypes.c commons/pblCollection.c commons/pblPriorityQueue.c commons/pblhash.c commons/_DEDirector.c commons/_TypedIOPort.c commons/pbl.c commons/_DEReceiver.c _DiscreteClock9/DiscreteClock9_control.c _DiscreteClock9/DiscreteClock9_DiscreteClock.c _DiscreteClock9/DiscreteClock9.c _DiscreteClock9/DiscreteClock9_CurrentTime.c _DiscreteClock9/DiscreteClock9_Test.c -o DiscreteClock9 -lm 
In "/home/travis/cg", about to execute:
    make -f DiscreteClock9.mk run
./DiscreteClock9
All Done
----------------- AutoCG $PTII/bin/ptcg -language c -generateInSubdirectory false -inline false -maximumLinesPerBlock 2500 -variablesAsArrays false /home/travis/build/icyphy/ptII/ptolemy/cg/adapter/generic/program/procedural/c/adapters/ptolemy/actor/lib/test/auto/DistributorMultipleTypes.xmlCCodeGenerator._generateCode(): Deleting /home/travis/cg/
CCodeGenerator set the container? : actor.getContainer(): null _isTopLevel: true generateEmbeddedCode: false
CCodeGenerator include the container .h? : container.getContainer(): null _isTopLevel: true generateEmbeddedCode: false
Reading "ptolemy/cg/kernel/generic/program/procedural/c/makefile.in",
    writing "/home/travis/cg/DistributorMultipleTypes.mk"
Using ptolemy/cg/kernel/generic/program/procedural/c/makefile.in
In "/home/travis/cg", about to execute:
    make -f DistributorMultipleTypes.mk
gcc -D__int64="long long" -Wall -std=c99  -ggdb  -I /home/travis/cg/commons/ -I /home/travis/cg//_DistributorMultipleTypes DistributorMultipleTypes_Main.c _DistributorMultipleTypes/DistributorMultipleTypes_SDFSchedule.c _DistributorMultipleTypes/DistributorMultipleTypes_Test2.c _DistributorMultipleTypes/DistributorMultipleTypes_StringLength.c _DistributorMultipleTypes/DistributorMultipleTypes_MultiplyDivide.c _DistributorMultipleTypes/DistributorMultipleTypes_Distributor.c _DistributorMultipleTypes/DistributorMultipleTypes_Test.c _DistributorMultipleTypes/DistributorMultipleTypes_Ramp.c _DistributorMultipleTypes/DistributorMultipleTypes.c commons/_SDFReceiver.c commons/_CompositeActor.c commons/_AtomicActor.c commons/_Director.c commons/pblSet.c commons/pblHeap.c commons/_LocalClock.c commons/_SDFDirector.c commons/pblIterator.c commons/_Receiver.c commons/_IOPort.c commons/pblMap.c commons/_Actor.c commons/pblList.c commons/_ptTypes.c commons/pblCollection.c commons/pblPriorityQueue.c commons/pblhash.c commons/_TypedIOPort.c commons/pbl.c -o DistributorMultipleTypes -lm 
In "/home/travis/cg", about to execute:
    make -f DistributorMultipleTypes.mk run
./DistributorMultipleTypes
All Done
----------------- AutoCG $PTII/bin/ptcg -language c -generateInSubdirectory false -inline false -maximumLinesPerBlock 2500 -variablesAsArrays false /home/travis/build/icyphy/ptII/ptolemy/cg/adapter/generic/program/procedural/c/adapters/ptolemy/actor/lib/test/auto/ExpressionIntegerDoubleDivision.xmlCCodeGenerator._generateCode(): Deleting /home/travis/cg/
CCodeGenerator set the container? : actor.getContainer(): null _isTopLevel: true generateEmbeddedCode: false
CCodeGenerator include the container .h? : container.getContainer(): null _isTopLevel: true generateEmbeddedCode: false
Reading "ptolemy/cg/kernel/generic/program/procedural/c/makefile.in",
    writing "/home/travis/cg/ExpressionIntegerDoubleDivision.mk"
Using ptolemy/cg/kernel/generic/program/procedural/c/makefile.in
In "/home/travis/cg", about to execute:
    make -f ExpressionIntegerDoubleDivision.mk
gcc -D__int64="long long" -Wall -std=c99  -ggdb  -I /home/travis/cg/commons/ -I /home/travis/cg//_ExpressionIntegerDoubleDivision ExpressionIntegerDoubleDivision_Main.c _ExpressionIntegerDoubleDivision/ExpressionIntegerDoubleDivision_Const.c _ExpressionIntegerDoubleDivision/ExpressionIntegerDoubleDivision_Const2.c _ExpressionIntegerDoubleDivision/ExpressionIntegerDoubleDivision.c _ExpressionIntegerDoubleDivision/ExpressionIntegerDoubleDivision_Expression.c _ExpressionIntegerDoubleDivision/ExpressionIntegerDoubleDivision_Test.c _ExpressionIntegerDoubleDivision/ExpressionIntegerDoubleDivision_SDFSchedule.c commons/_SDFReceiver.c commons/_CompositeActor.c commons/_AtomicActor.c commons/_Director.c commons/pblSet.c commons/pblHeap.c commons/_LocalClock.c commons/_SDFDirector.c commons/pblIterator.c commons/_Receiver.c commons/_IOPort.c commons/pblMap.c commons/_Actor.c commons/pblList.c commons/_ptTypes.c commons/pblCollection.c commons/pblPriorityQueue.c commons/pblhash.c commons/_TypedIOPort.c commons/pbl.c -o ExpressionIntegerDoubleDivision -lm 
In "/home/travis/cg", about to execute:
    make -f ExpressionIntegerDoubleDivision.mk run
./ExpressionIntegerDoubleDivision
All Done
----------------- AutoCG $PTII/bin/ptcg -language c -generateInSubdirectory false -inline false -maximumLinesPerBlock 2500 -variablesAsArrays false /home/travis/build/icyphy/ptII/ptolemy/cg/adapter/generic/program/procedural/c/adapters/ptolemy/actor/lib/test/auto/Gaussian.xmlCCodeGenerator._generateCode(): Deleting /home/travis/cg/
CCodeGenerator set the container? : actor.getContainer(): null _isTopLevel: true generateEmbeddedCode: false
CCodeGenerator include the container .h? : container.getContainer(): null _isTopLevel: true generateEmbeddedCode: false
Reading "ptolemy/cg/kernel/generic/program/procedural/c/makefile.in",
    writing "/home/travis/cg/Gaussian.mk"
Using ptolemy/cg/kernel/generic/program/procedural/c/makefile.in
In "/home/travis/cg", about to execute:
    make -f Gaussian.mk
gcc -D__int64="long long" -Wall -std=c99  -ggdb  -I /home/travis/cg//_Gaussian -I /home/travis/cg/commons/ Gaussian_Main.c commons/_SDFReceiver.c commons/_CompositeActor.c commons/_AtomicActor.c commons/_Director.c commons/pblSet.c commons/pblHeap.c commons/_LocalClock.c commons/_SDFDirector.c commons/pblIterator.c commons/_Receiver.c commons/_IOPort.c commons/pblMap.c commons/_Actor.c commons/pblList.c commons/_ptTypes.c commons/pblCollection.c commons/pblPriorityQueue.c commons/pblhash.c commons/_TypedIOPort.c commons/pbl.c _Gaussian/Gaussian_Gaussian4.c _Gaussian/Gaussian_SDFSchedule.c _Gaussian/Gaussian_Test.c _Gaussian/Gaussian_Gaussian3.c _Gaussian/Gaussian_AddSubtract.c _Gaussian/Gaussian.c _Gaussian/Gaussian_Gaussian2.c _Gaussian/Gaussian_Gaussian.c -o Gaussian -lm 
In "/home/travis/cg", about to execute:
    make -f Gaussian.mk run
./Gaussian
All Done
----------------- AutoCG $PTII/bin/ptcg -language c -generateInSubdirectory false -inline false -maximumLinesPerBlock 2500 -variablesAsArrays false /home/travis/build/icyphy/ptII/ptolemy/cg/adapter/generic/program/procedural/c/adapters/ptolemy/actor/lib/test/auto/MatrixToArray.xmlCCodeGenerator._generateCode(): Deleting /home/travis/cg/
CCodeGenerator set the container? : actor.getContainer(): null _isTopLevel: true generateEmbeddedCode: false
CCodeGenerator include the container .h? : container.getContainer(): null _isTopLevel: true generateEmbeddedCode: false
Reading "ptolemy/cg/kernel/generic/program/procedural/c/makefile.in",
    writing "/home/travis/cg/MatrixToArray.mk"
Using ptolemy/cg/kernel/generic/program/procedural/c/makefile.in
In "/home/travis/cg", about to execute:
    make -f MatrixToArray.mk
gcc -D__int64="long long" -Wall -std=c99  -ggdb  -I /home/travis/cg/commons/ -I /home/travis/cg//_MatrixToArray MatrixToArray_Main.c commons/_SDFReceiver.c commons/_CompositeActor.c commons/_AtomicActor.c commons/_Director.c commons/pblSet.c commons/pblHeap.c commons/_LocalClock.c commons/_SDFDirector.c commons/pblIterator.c commons/_Receiver.c commons/_IOPort.c commons/pblMap.c commons/_Actor.c commons/pblList.c commons/_ptTypes.c commons/pblCollection.c commons/pblPriorityQueue.c commons/pblhash.c commons/_TypedIOPort.c commons/pbl.c _MatrixToArray/MatrixToArray_Test.c _MatrixToArray/MatrixToArray_SDFSchedule.c _MatrixToArray/MatrixToArray_Expression.c _MatrixToArray/MatrixToArray.c _MatrixToArray/MatrixToArray_Const.c -o MatrixToArray -lm 
commons/_ptTypes.c: In function ‘String_new’:
commons/_ptTypes.c:894:9: warning: implicit declaration of function ‘strdup’ [-Wimplicit-function-declaration]
         result->payload.String = strdup(s);
         ^
commons/_ptTypes.c:894:32: warning: assignment makes pointer from integer without a cast [enabled by default]
         result->payload.String = strdup(s);
                                ^
In "/home/travis/cg", about to execute:
    make -f MatrixToArray.mk run
./MatrixToArray
All Done
----------------- AutoCG $PTII/bin/ptcg -language c -generateInSubdirectory false -inline false -maximumLinesPerBlock 2500 -variablesAsArrays false /home/travis/build/icyphy/ptII/ptolemy/cg/adapter/generic/program/procedural/c/adapters/ptolemy/actor/lib/test/auto/MultiplyDivideDivideOnly.xmlCCodeGenerator._generateCode(): Deleting /home/travis/cg/
CCodeGenerator set the container? : actor.getContainer(): null _isTopLevel: true generateEmbeddedCode: false
CCodeGenerator include the container .h? : container.getContainer(): null _isTopLevel: true generateEmbeddedCode: false
Reading "ptolemy/cg/kernel/generic/program/procedural/c/makefile.in",
    writing "/home/travis/cg/MultiplyDivideDivideOnly.mk"
Using ptolemy/cg/kernel/generic/program/procedural/c/makefile.in
In "/home/travis/cg", about to execute:
    make -f MultiplyDivideDivideOnly.mk
gcc -D__int64="long long" -Wall -std=c99  -ggdb  -I /home/travis/cg/commons/ -I /home/travis/cg//_MultiplyDivideDivideOnly MultiplyDivideDivideOnly_Main.c _MultiplyDivideDivideOnly/MultiplyDivideDivideOnly_SDFSchedule.c _MultiplyDivideDivideOnly/MultiplyDivideDivideOnly_Ramp.c _MultiplyDivideDivideOnly/MultiplyDivideDivideOnly_MultiplyDivide.c _MultiplyDivideDivideOnly/MultiplyDivideDivideOnly.c _MultiplyDivideDivideOnly/MultiplyDivideDivideOnly_Test.c commons/_SDFReceiver.c commons/_CompositeActor.c commons/_AtomicActor.c commons/_Director.c commons/pblSet.c commons/pblHeap.c commons/_LocalClock.c commons/_SDFDirector.c commons/pblIterator.c commons/_Receiver.c commons/_IOPort.c commons/pblMap.c commons/_Actor.c commons/pblList.c commons/_ptTypes.c commons/pblCollection.c commons/pblPriorityQueue.c commons/pblhash.c commons/_TypedIOPort.c commons/pbl.c -o MultiplyDivideDivideOnly -lm 
In "/home/travis/cg", about to execute:
    make -f MultiplyDivideDivideOnly.mk run
./MultiplyDivideDivideOnly
All Done
----------------- AutoCG $PTII/bin/ptcg -language c -generateInSubdirectory false -inline false -maximumLinesPerBlock 2500 -variablesAsArrays false /home/travis/build/icyphy/ptII/ptolemy/cg/adapter/generic/program/procedural/c/adapters/ptolemy/actor/lib/test/auto/OpaqueConst.xmlCCodeGenerator._generateCode(): Deleting /home/travis/cg/
CCodeGenerator set the container? : actor.getContainer(): null _isTopLevel: true generateEmbeddedCode: false
CCodeGenerator include the container .h? : container.getContainer(): null _isTopLevel: true generateEmbeddedCode: false
CCodeGenerator set the container? : actor.getContainer(): ptolemy.actor.TypedCompositeActor {.OpaqueConst} _isTopLevel: true generateEmbeddedCode: false
CCodeGenerator include the container .h? : container.getContainer(): ptolemy.actor.TypedCompositeActor {.OpaqueConst} _isTopLevel: true generateEmbeddedCode: false
Reading "ptolemy/cg/kernel/generic/program/procedural/c/makefile.in",
    writing "/home/travis/cg/OpaqueConst.mk"
Using ptolemy/cg/kernel/generic/program/procedural/c/makefile.in
In "/home/travis/cg", about to execute:
    make -f OpaqueConst.mk
[...]
commons/_ptTypes.c: In function ‘String_new’:
commons/_ptTypes.c:916:9: warning: implicit declaration of function ‘strdup’ [-Wimplicit-function-declaration]
         result->payload.String = strdup(s);
         ^
commons/_ptTypes.c:916:32: warning: assignment makes pointer from integer without a cast [enabled by default]
         result->payload.String = strdup(s);
                                ^
In "/home/travis/cg", about to execute:
    make -f arrayType23.mk run
./arrayType23
All Done
----------------- AutoCG $PTII/bin/ptcg -language c -generateInSubdirectory false -inline false -maximumLinesPerBlock 2500 -variablesAsArrays false /home/travis/build/icyphy/ptII/ptolemy/cg/adapter/generic/program/procedural/c/adapters/ptolemy/actor/lib/test/auto/arrayType24.xmlCCodeGenerator._generateCode(): Deleting /home/travis/cg/
CCodeGenerator set the container? : actor.getContainer(): null _isTopLevel: true generateEmbeddedCode: false
CCodeGenerator include the container .h? : container.getContainer(): null _isTopLevel: true generateEmbeddedCode: false
Reading "ptolemy/cg/kernel/generic/program/procedural/c/makefile.in",
    writing "/home/travis/cg/arrayType24.mk"
Using ptolemy/cg/kernel/generic/program/procedural/c/makefile.in
In "/home/travis/cg", about to execute:
    make -f arrayType24.mk
gcc -D__int64="long long" -Wall -std=c99  -ggdb  -I /home/travis/cg/commons/ -I /home/travis/cg//_arrayType24 arrayType24_Main.c commons/_SDFReceiver.c commons/_CompositeActor.c commons/_AtomicActor.c commons/_Director.c commons/pblSet.c commons/pblHeap.c commons/_LocalClock.c commons/_SDFDirector.c commons/pblIterator.c commons/_Receiver.c commons/_IOPort.c commons/pblMap.c commons/_Actor.c commons/pblList.c commons/_ptTypes.c commons/pblCollection.c commons/pblPriorityQueue.c commons/pblhash.c commons/_TypedIOPort.c commons/pbl.c _arrayType24/arrayType24_Test.c _arrayType24/arrayType24_AddSubtract.c _arrayType24/arrayType24_Scale.c _arrayType24/arrayType24_SDFSchedule.c _arrayType24/arrayType24_Const2.c _arrayType24/arrayType24.c _arrayType24/arrayType24_Const3.c _arrayType24/arrayType24_Const.c -o arrayType24 -lm 
commons/_ptTypes.c: In function ‘String_new’:
commons/_ptTypes.c:961:9: warning: implicit declaration of function ‘strdup’ [-Wimplicit-function-declaration]
         result->payload.String = strdup(s);
         ^
commons/_ptTypes.c:961:32: warning: assignment makes pointer from integer without a cast [enabled by default]
         result->payload.String = strdup(s);
                                ^
In "/home/travis/cg", about to execute:
    make -f arrayType24.mk run
./arrayType24
All Done
----------------- AutoCG $PTII/bin/ptcg -language c -generateInSubdirectory false -inline false -maximumLinesPerBlock 2500 -variablesAsArrays false /home/travis/build/icyphy/ptII/ptolemy/cg/adapter/generic/program/procedural/c/adapters/ptolemy/actor/lib/test/auto/arrayType4.xmlCCodeGenerator._generateCode(): Deleting /home/travis/cg/
CCodeGenerator set the container? : actor.getContainer(): null _isTopLevel: true generateEmbeddedCode: false
CCodeGenerator include the container .h? : container.getContainer(): null _isTopLevel: true generateEmbeddedCode: false
Reading "ptolemy/cg/kernel/generic/program/procedural/c/makefile.in",
    writing "/home/travis/cg/arrayType4.mk"
Using ptolemy/cg/kernel/generic/program/procedural/c/makefile.in
In "/home/travis/cg", about to execute:
    make -f arrayType4.mk
gcc -D__int64="long long" -Wall -std=c99  -ggdb  -I /home/travis/cg/commons/ -I /home/travis/cg//_arrayType4 arrayType4_Main.c commons/_SDFReceiver.c commons/_CompositeActor.c commons/_AtomicActor.c commons/_Director.c commons/pblSet.c commons/pblHeap.c commons/_LocalClock.c commons/_SDFDirector.c commons/pblIterator.c commons/_Receiver.c commons/_IOPort.c commons/pblMap.c commons/_Actor.c commons/pblList.c commons/_ptTypes.c commons/pblCollection.c commons/pblPriorityQueue.c commons/pblhash.c commons/_TypedIOPort.c commons/pbl.c _arrayType4/arrayType4_SDFSchedule.c _arrayType4/arrayType4_Expression.c _arrayType4/arrayType4_Const2.c _arrayType4/arrayType4_Const.c _arrayType4/arrayType4.c _arrayType4/arrayType4_Test.c _arrayType4/arrayType4_Scale.c -o arrayType4 -lm 
commons/_ptTypes.c: In function ‘String_new’:
commons/_ptTypes.c:885:9: warning: implicit declaration of function ‘strdup’ [-Wimplicit-function-declaration]
         result->payload.String = strdup(s);
         ^
commons/_ptTypes.c:885:32: warning: assignment makes pointer from integer without a cast [enabled by default]
         result->payload.String = strdup(s);
                                ^
In "/home/travis/cg", about to execute:
    make -f arrayType4.mk run
./arrayType4
All Done
----------------- AutoCG $PTII/bin/ptcg -language c -generateInSubdirectory false -inline false -maximumLinesPerBlock 2500 -variablesAsArrays false /home/travis/build/icyphy/ptII/ptolemy/cg/adapter/generic/program/procedural/c/adapters/ptolemy/actor/lib/test/auto/arrayType5.xmlCCodeGenerator._generateCode(): Deleting /home/travis/cg/
CCodeGenerator set the container? : actor.getContainer(): null _isTopLevel: true generateEmbeddedCode: false
CCodeGenerator include the container .h? : container.getContainer(): null _isTopLevel: true generateEmbeddedCode: false
Reading "ptolemy/cg/kernel/generic/program/procedural/c/makefile.in",
    writing "/home/travis/cg/arrayType5.mk"
Using ptolemy/cg/kernel/generic/program/procedural/c/makefile.in
In "/home/travis/cg", about to execute:
    make -f arrayType5.mk
gcc -D__int64="long long" -Wall -std=c99  -ggdb  -I /home/travis/cg/commons/ -I /home/travis/cg//_arrayType5 arrayType5_Main.c commons/_SDFReceiver.c commons/_CompositeActor.c commons/_AtomicActor.c commons/_Director.c commons/pblSet.c commons/pblHeap.c commons/_LocalClock.c commons/_SDFDirector.c commons/pblIterator.c commons/_Receiver.c commons/_IOPort.c commons/pblMap.c commons/_Actor.c commons/pblList.c commons/_ptTypes.c commons/pblCollection.c commons/pblPriorityQueue.c commons/pblhash.c commons/_TypedIOPort.c commons/pbl.c _arrayType5/arrayType5_SDFSchedule.c _arrayType5/arrayType5_Const.c _arrayType5/arrayType5_Scale.c _arrayType5/arrayType5.c _arrayType5/arrayType5_Test.c _arrayType5/arrayType5_Const2.c _arrayType5/arrayType5_Expression.c -o arrayType5 -lm 
commons/_ptTypes.c: In function ‘String_new’:
commons/_ptTypes.c:903:9: warning: implicit declaration of function ‘strdup’ [-Wimplicit-function-declaration]
         result->payload.String = strdup(s);
         ^
commons/_ptTypes.c:903:32: warning: assignment makes pointer from integer without a cast [enabled by default]
         result->payload.String = strdup(s);
                                ^
In "/home/travis/cg", about to execute:
    make -f arrayType5.mk run
./arrayType5
All Done
----------------- AutoCG $PTII/bin/ptcg -language c -generateInSubdirectory false -inline false -maximumLinesPerBlock 2500 -variablesAsArrays false /home/travis/build/icyphy/ptII/ptolemy/cg/adapter/generic/program/procedural/c/adapters/ptolemy/actor/lib/test/auto/arrayType6.xmlCCodeGenerator._generateCode(): Deleting /home/travis/cg/
CCodeGenerator set the container? : actor.getContainer(): null _isTopLevel: true generateEmbeddedCode: false
CCodeGenerator include the container .h? : container.getContainer(): null _isTopLevel: true generateEmbeddedCode: false
Reading "ptolemy/cg/kernel/generic/program/procedural/c/makefile.in",
    writing "/home/travis/cg/arrayType6.mk"
Using ptolemy/cg/kernel/generic/program/procedural/c/makefile.in
In "/home/travis/cg", about to execute:
    make -f arrayType6.mk
gcc -D__int64="long long" -Wall -std=c99  -ggdb  -I /home/travis/cg/commons/ -I /home/travis/cg//_arrayType6 arrayType6_Main.c commons/_SDFReceiver.c commons/_CompositeActor.c commons/_AtomicActor.c commons/_Director.c commons/pblSet.c commons/pblHeap.c commons/_LocalClock.c commons/_SDFDirector.c commons/pblIterator.c commons/_Receiver.c commons/_IOPort.c commons/pblMap.c commons/_Actor.c commons/pblList.c commons/_ptTypes.c commons/pblCollection.c commons/pblPriorityQueue.c commons/pblhash.c commons/_TypedIOPort.c commons/pbl.c _arrayType6/arrayType6.c _arrayType6/arrayType6_Const2.c _arrayType6/arrayType6_Scale.c _arrayType6/arrayType6_MultiplyDivide.c _arrayType6/arrayType6_Test.c _arrayType6/arrayType6_SDFSchedule.c _arrayType6/arrayType6_Const.c -o arrayType6 -lm 
commons/_ptTypes.c: In function ‘String_new’:
commons/_ptTypes.c:913:9: warning: implicit declaration of function ‘strdup’ [-Wimplicit-function-declaration]
         result->payload.String = strdup(s);
         ^
commons/_ptTypes.c:913:32: warning: assignment makes pointer from integer without a cast [enabled by default]
         result->payload.String = strdup(s);
                                ^
In "/home/travis/cg", about to execute:
    make -f arrayType6.mk run
./arrayType6
All Done
----------------- AutoCG $PTII/bin/ptcg -language c -generateInSubdirectory false -inline false -maximumLinesPerBlock 2500 -variablesAsArrays false /home/travis/build/icyphy/ptII/ptolemy/cg/adapter/generic/program/procedural/c/adapters/ptolemy/actor/lib/test/auto/arrayType7.xmlCCodeGenerator._generateCode(): Deleting /home/travis/cg/
CCodeGenerator set the container? : actor.getContainer(): null _isTopLevel: true generateEmbeddedCode: false
CCodeGenerator include the container .h? : container.getContainer(): null _isTopLevel: true generateEmbeddedCode: false
Reading "ptolemy/cg/kernel/generic/program/procedural/c/makefile.in",
    writing "/home/travis/cg/arrayType7.mk"
Using ptolemy/cg/kernel/generic/program/procedural/c/makefile.in
In "/home/travis/cg", about to execute:
    make -f arrayType7.mk
gcc -D__int64="long long" -Wall -std=c99  -ggdb  -I /home/travis/cg/commons/ -I /home/travis/cg//_arrayType7 arrayType7_Main.c _arrayType7/arrayType7_Const.c _arrayType7/arrayType7_Test.c _arrayType7/arrayType7_MultiplyDivide.c _arrayType7/arrayType7_SDFSchedule.c _arrayType7/arrayType7_Scale.c _arrayType7/arrayType7_Const2.c _arrayType7/arrayType7.c commons/_SDFReceiver.c commons/_CompositeActor.c commons/_AtomicActor.c commons/_Director.c commons/pblSet.c commons/pblHeap.c commons/_LocalClock.c commons/_SDFDirector.c commons/pblIterator.c commons/_Receiver.c commons/_IOPort.c commons/pblMap.c commons/_Actor.c commons/pblList.c commons/_ptTypes.c commons/pblCollection.c commons/pblPriorityQueue.c commons/pblhash.c commons/_TypedIOPort.c commons/pbl.c -o arrayType7 -lm 
commons/_ptTypes.c: In function ‘String_new’:
commons/_ptTypes.c:913:9: warning: implicit declaration of function ‘strdup’ [-Wimplicit-function-declaration]
         result->payload.String = strdup(s);
         ^
commons/_ptTypes.c:913:32: warning: assignment makes pointer from integer without a cast [enabled by default]
         result->payload.String = strdup(s);
                                ^
In "/home/travis/cg", about to execute:
    make -f arrayType7.mk run
./arrayType7
All Done
----------------- AutoCG $PTII/bin/ptcg -language c -generateInSubdirectory false -inline false -maximumLinesPerBlock 2500 -variablesAsArrays false /home/travis/build/icyphy/ptII/ptolemy/cg/adapter/generic/program/procedural/c/adapters/ptolemy/actor/lib/test/auto/arrayType8.xmlCCodeGenerator._generateCode(): Deleting /home/travis/cg/
CCodeGenerator set the container? : actor.getContainer(): null _isTopLevel: true generateEmbeddedCode: false
CCodeGenerator include the container .h? : container.getContainer(): null _isTopLevel: true generateEmbeddedCode: false
Reading "ptolemy/cg/kernel/generic/program/procedural/c/makefile.in",
    writing "/home/travis/cg/arrayType8.mk"
Using ptolemy/cg/kernel/generic/program/procedural/c/makefile.in
In "/home/travis/cg", about to execute:
    make -f arrayType8.mk
gcc -D__int64="long long" -Wall -std=c99  -ggdb  -I /home/travis/cg/commons/ -I /home/travis/cg//_arrayType8 arrayType8_Main.c commons/_SDFReceiver.c commons/_CompositeActor.c commons/_AtomicActor.c commons/_Director.c commons/pblSet.c commons/pblHeap.c commons/_LocalClock.c commons/_SDFDirector.c commons/pblIterator.c commons/_Receiver.c commons/_IOPort.c commons/pblMap.c commons/_Actor.c commons/pblList.c commons/_ptTypes.c commons/pblCollection.c commons/pblPriorityQueue.c commons/pblhash.c commons/_TypedIOPort.c commons/pbl.c _arrayType8/arrayType8.c _arrayType8/arrayType8_Const3.c _arrayType8/arrayType8_Test.c _arrayType8/arrayType8_Const2.c _arrayType8/arrayType8_SDFSchedule.c _arrayType8/arrayType8_Const.c _arrayType8/arrayType8_Scale.c _arrayType8/arrayType8_MultiplyDivide.c -o arrayType8 -lm 
commons/_ptTypes.c: In function ‘String_new’:
commons/_ptTypes.c:913:9: warning: implicit declaration of function ‘strdup’ [-Wimplicit-function-declaration]
         result->payload.String = strdup(s);
         ^
commons/_ptTypes.c:913:32: warning: assignment makes pointer from integer without a cast [enabled by default]
         result->payload.String = strdup(s);
                                ^
In "/home/travis/cg", about to execute:
    make -f arrayType8.mk run
./arrayType8
All Done
----------------- AutoCG $PTII/bin/ptcg -language c -generateInSubdirectory false -inline false -maximumLinesPerBlock 2500 -variablesAsArrays false /home/travis/build/icyphy/ptII/ptolemy/cg/adapter/generic/program/procedural/c/adapters/ptolemy/actor/lib/test/auto/arrayType9.xmlCCodeGenerator._generateCode(): Deleting /home/travis/cg/
CCodeGenerator set the container? : actor.getContainer(): null _isTopLevel: true generateEmbeddedCode: false
CCodeGenerator include the container .h? : container.getContainer(): null _isTopLevel: true generateEmbeddedCode: false
Reading "ptolemy/cg/kernel/generic/program/procedural/c/makefile.in",
    writing "/home/travis/cg/arrayType9.mk"
Using ptolemy/cg/kernel/generic/program/procedural/c/makefile.in
In "/home/travis/cg", about to execute:
    make -f arrayType9.mk
gcc -D__int64="long long" -Wall -std=c99  -ggdb  -I /home/travis/cg/commons/ -I /home/travis/cg//_arrayType9 arrayType9_Main.c _arrayType9/arrayType9.c _arrayType9/arrayType9_Const3.c _arrayType9/arrayType9_Scale.c _arrayType9/arrayType9_Test.c _arrayType9/arrayType9_SDFSchedule.c _arrayType9/arrayType9_MultiplyDivide.c _arrayType9/arrayType9_Const.c commons/_SDFReceiver.c commons/_CompositeActor.c commons/_AtomicActor.c commons/_Director.c commons/pblSet.c commons/pblHeap.c commons/_LocalClock.c commons/_SDFDirector.c commons/pblIterator.c commons/_Receiver.c commons/_IOPort.c commons/pblMap.c commons/_Actor.c commons/pblList.c commons/_ptTypes.c commons/pblCollection.c commons/pblPriorityQueue.c commons/pblhash.c commons/_TypedIOPort.c commons/pbl.c -o arrayType9 -lm 
commons/_ptTypes.c: In function ‘String_new’:
commons/_ptTypes.c:906:9: warning: implicit declaration of function ‘strdup’ [-Wimplicit-function-declaration]
         result->payload.String = strdup(s);
         ^
commons/_ptTypes.c:906:32: warning: assignment makes pointer from integer without a cast [enabled by default]
         result->payload.String = strdup(s);
                                ^
In "/home/travis/cg", about to execute:
    make -f arrayType9.mk run
./arrayType9
All Done
----------------- AutoCG $PTII/bin/ptcg -language c -generateInSubdirectory false -inline false -maximumLinesPerBlock 2500 -variablesAsArrays false /home/travis/build/icyphy/ptII/ptolemy/cg/adapter/generic/program/procedural/c/adapters/ptolemy/actor/lib/test/auto/hierarchicalModel_1_1.xmlCCodeGenerator._generateCode(): Deleting /home/travis/cg/
CCodeGenerator set the container? : actor.getContainer(): null _isTopLevel: true generateEmbeddedCode: false
CCodeGenerator include the container .h? : container.getContainer(): null _isTopLevel: true generateEmbeddedCode: false
Reading "ptolemy/cg/kernel/generic/program/procedural/c/makefile.in",
    writing "/home/travis/cg/hierarchicalModel_1_1.mk"
Using ptolemy/cg/kernel/generic/program/procedural/c/makefile.in
In "/home/travis/cg", about to execute:
    make -f hierarchicalModel_1_1.mk
gcc -D__int64="long long" -Wall -std=c99  -ggdb  -I /home/travis/cg/commons/ -I /home/travis/cg//_hierarchicalModel_1_1 hierarchicalModel_1_1_Main.c _hierarchicalModel_1_1/hierarchicalModel_1_1_Ramp.c _hierarchicalModel_1_1/hierarchicalModel_1_1_SDFSchedule.c _hierarchicalModel_1_1/hierarchicalModel_1_1_CompositeActor_Scale.c _hierarchicalModel_1_1/hierarchicalModel_1_1.c _hierarchicalModel_1_1/hierarchicalModel_1_1_Test.c commons/_SDFReceiver.c commons/_CompositeActor.c commons/_AtomicActor.c commons/_Director.c commons/pblSet.c commons/pblHeap.c commons/_LocalClock.c commons/_SDFDirector.c commons/pblIterator.c commons/_Receiver.c commons/_IOPort.c commons/pblMap.c commons/_Actor.c commons/pblList.c commons/_ptTypes.c commons/pblCollection.c commons/pblPriorityQueue.c commons/pblhash.c commons/_TypedIOPort.c commons/pbl.c -o hierarchicalModel_1_1 -lm 
In "/home/travis/cg", about to execute:
    make -f hierarchicalModel_1_1.mk run
./hierarchicalModel_1_1
All Done
----------------- AutoCG $PTII/bin/ptcg -language c -generateInSubdirectory false -inline false -maximumLinesPerBlock 2500 -variablesAsArrays false /home/travis/build/icyphy/ptII/ptolemy/cg/adapter/generic/program/procedural/c/adapters/ptolemy/actor/lib/test/auto/hierarchicalModel_2_2e.xmlCCodeGenerator._generateCode(): Deleting /home/travis/cg/
CCodeGenerator set the container? : actor.getContainer(): null _isTopLevel: true generateEmbeddedCode: false
CCodeGenerator include the container .h? : container.getContainer(): null _isTopLevel: true generateEmbeddedCode: false
CCodeGenerator set the container? : actor.getContainer(): ptolemy.actor.TypedCompositeActor {.hierarchicalModel_2_2e} _isTopLevel: true generateEmbeddedCode: false
CCodeGenerator include the container .h? : container.getContainer(): ptolemy.actor.TypedCompositeActor {.hierarchicalModel_2_2e} _isTopLevel: true generateEmbeddedCode: false
Reading "ptolemy/cg/kernel/generic/program/procedural/c/makefile.in",
    writing "/home/travis/cg/hierarchicalModel_2_2e.mk"
Using ptolemy/cg/kernel/generic/program/procedural/c/makefile.in
In "/home/travis/cg", about to execute:
    make -f hierarchicalModel_2_2e.mk
gcc -D__int64="long long" -Wall -std=c99  -ggdb  -I /home/travis/cg//_hierarchicalModel_2_2e -I /home/travis/cg/commons/ -I /home/travis/cg//_hierarchicalModel_2_2e/_en-1 hierarchicalModel_2_2e_Main.c commons/_SDFReceiver.c commons/_CompositeActor.c commons/_AtomicActor.c commons/_Director.c commons/pblSet.c commons/pblHeap.c commons/_LocalClock.c commons/_SDFDirector.c commons/pblIterator.c commons/_Receiver.c commons/_IOPort.c commons/pblMap.c commons/_Actor.c commons/pblList.c commons/_ptTypes.c commons/pblCollection.c commons/pblPriorityQueue.c commons/pblhash.c commons/_TypedIOPort.c commons/pbl.c _hierarchicalModel_2_2e/_en-1/hierarchicalModel_2_2e_en_1.c _hierarchicalModel_2_2e/_en-1/hierarchicalModel_2_2e_en_1_CompositeActor_Scale.c _hierarchicalModel_2_2e/_en-1/hierarchicalModel_2_2e_en_1_SDFSchedule.c _hierarchicalModel_2_2e/hierarchicalModel_2_2e_SDFSchedule.c _hierarchicalModel_2_2e/hierarchicalModel_2_2e_Ramp.c _hierarchicalModel_2_2e/hierarchicalModel_2_2e.c _hierarchicalModel_2_2e/hierarchicalModel_2_2e_Test.c -o hierarchicalModel_2_2e -lm 
In "/home/travis/cg", about to execute:
    make -f hierarchicalModel_2_2e.mk run
./hierarchicalModel_2_2e
All Done
]]></system-out>
  <system-err><![CDATA[]]></system-err>
</testsuite>
