<?xml version="1.0" encoding="UTF-8" ?>
<testsuite errors="0" failures="0" hostname="travis-job-5df2978a-89a6-46a8-991a-76289a96ad23" name="ptolemy.domains.modal.test.junit.JUnitTclTest" skipped="0" tests="148" time="13.612" timestamp="2018-05-10T00:24:49">
  <properties>
[...]
</properties>
  <testcase classname="ptolemy.util.test.junit.TclTests" name="[0] /home/travis/build/icyphy/ptII/ptolemy/domains/modal/test/SystemLevelType.tcl (RunTclFile)" time="2.187" />
  <testcase classname="ptolemy.util.test.junit.AutoKnownFailedTests" name="[0] /home/travis/build/icyphy/ptII/ptolemy/domains/modal/test/auto/knownFailedTests/CannotAnalysisWithPreemption.xml (RunModel)" time="0.132" />
  <testcase classname="ptolemy.util.test.junit.AutoNameArchTests" name="[0] ThereAreNoAutoTests (RunModel)" time="0.001" />
  <testcase classname="ptolemy.util.test.junit.AutoTests" name="[0] /home/travis/build/icyphy/ptII/ptolemy/domains/modal/test/auto/ABPTest.xml (RunModel)" time="1.067" />
  <testcase classname="ptolemy.util.test.junit.AutoTests" name="[1] /home/travis/build/icyphy/ptII/ptolemy/domains/modal/test/auto/ABROFlat.xml (RunModel)" time="0.109" />
  <testcase classname="ptolemy.util.test.junit.AutoTests" name="[2] /home/travis/build/icyphy/ptII/ptolemy/domains/modal/test/auto/ABROFlat2.xml (RunModel)" time="0.117" />
  <testcase classname="ptolemy.util.test.junit.AutoTests" name="[3] /home/travis/build/icyphy/ptII/ptolemy/domains/modal/test/auto/ABRO_present_hmm.xml (RunModel)" time="0.174" />
  <testcase classname="ptolemy.util.test.junit.AutoTests" name="[4] /home/travis/build/icyphy/ptII/ptolemy/domains/modal/test/auto/AMICoderExample.xml (RunModel)" time="0.054" />
  <testcase classname="ptolemy.util.test.junit.AutoTests" name="[5] /home/travis/build/icyphy/ptII/ptolemy/domains/modal/test/auto/AbsentToPresent.xml (RunModel)" time="0.024" />
  <testcase classname="ptolemy.util.test.junit.AutoTests" name="[6] /home/travis/build/icyphy/ptII/ptolemy/domains/modal/test/auto/Blending.xml (RunModel)" time="0.369" />
  <testcase classname="ptolemy.util.test.junit.AutoTests" name="[7] /home/travis/build/icyphy/ptII/ptolemy/domains/modal/test/auto/Broadcast.xml (RunModel)" time="0.065" />
  <testcase classname="ptolemy.util.test.junit.AutoTests" name="[8] /home/travis/build/icyphy/ptII/ptolemy/domains/modal/test/auto/BroadcastHierarchy.xml (RunModel)" time="0.092" />
  <testcase classname="ptolemy.util.test.junit.AutoTests" name="[9] /home/travis/build/icyphy/ptII/ptolemy/domains/modal/test/auto/BroadcastHierarchy2.xml (RunModel)" time="0.154" />
  <testcase classname="ptolemy.util.test.junit.AutoTests" name="[10] /home/travis/build/icyphy/ptII/ptolemy/domains/modal/test/auto/BroadcastHierarchy3.xml (RunModel)" time="0.149" />
  <testcase classname="ptolemy.util.test.junit.AutoTests" name="[11] /home/travis/build/icyphy/ptII/ptolemy/domains/modal/test/auto/BroadcastHierarchy4.xml (RunModel)" time="0.14" />
  <testcase classname="ptolemy.util.test.junit.AutoTests" name="[12] /home/travis/build/icyphy/ptII/ptolemy/domains/modal/test/auto/CannotAnalysisWithPreemption2.xml (RunModel)" time="0.052" />
  <testcase classname="ptolemy.util.test.junit.AutoTests" name="[13] /home/travis/build/icyphy/ptII/ptolemy/domains/modal/test/auto/CannotAnalysisWithPreemption3.xml (RunModel)" time="0.056" />
  <testcase classname="ptolemy.util.test.junit.AutoTests" name="[14] /home/travis/build/icyphy/ptII/ptolemy/domains/modal/test/auto/CannotProduce.xml (RunModel)" time="0.043" />
  <testcase classname="ptolemy.util.test.junit.AutoTests" name="[15] /home/travis/build/icyphy/ptII/ptolemy/domains/modal/test/auto/CannotProduceModal.xml (RunModel)" time="0.035" />
  <testcase classname="ptolemy.util.test.junit.AutoTests" name="[16] /home/travis/build/icyphy/ptII/ptolemy/domains/modal/test/auto/Case.xml (RunModel)" time="0.086" />
  <testcase classname="ptolemy.util.test.junit.AutoTests" name="[17] /home/travis/build/icyphy/ptII/ptolemy/domains/modal/test/auto/Case1.xml (RunModel)" time="0.042" />
  <testcase classname="ptolemy.util.test.junit.AutoTests" name="[18] /home/travis/build/icyphy/ptII/ptolemy/domains/modal/test/auto/Case2.xml (RunModel)" time="0.082" />
  <testcase classname="ptolemy.util.test.junit.AutoTests" name="[19] /home/travis/build/icyphy/ptII/ptolemy/domains/modal/test/auto/CausalityInterface1.xml (RunModel)" time="0.033" />
  <testcase classname="ptolemy.util.test.junit.AutoTests" name="[20] /home/travis/build/icyphy/ptII/ptolemy/domains/modal/test/auto/CausalityInterface10.xml (RunModel)" time="0.101" />
  <testcase classname="ptolemy.util.test.junit.AutoTests" name="[21] /home/travis/build/icyphy/ptII/ptolemy/domains/modal/test/auto/CausalityInterface11.xml (RunModel)" time="0.085" />
  <testcase classname="ptolemy.util.test.junit.AutoTests" name="[22] /home/travis/build/icyphy/ptII/ptolemy/domains/modal/test/auto/CausalityInterface12.xml (RunModel)" time="0.082" />
  <testcase classname="ptolemy.util.test.junit.AutoTests" name="[23] /home/travis/build/icyphy/ptII/ptolemy/domains/modal/test/auto/CausalityInterface13.xml (RunModel)" time="0.084" />
  <testcase classname="ptolemy.util.test.junit.AutoTests" name="[24] /home/travis/build/icyphy/ptII/ptolemy/domains/modal/test/auto/CausalityInterface14.xml (RunModel)" time="0.071" />
  <testcase classname="ptolemy.util.test.junit.AutoTests" name="[25] /home/travis/build/icyphy/ptII/ptolemy/domains/modal/test/auto/CausalityInterface2.xml (RunModel)" time="0.035" />
  <testcase classname="ptolemy.util.test.junit.AutoTests" name="[26] /home/travis/build/icyphy/ptII/ptolemy/domains/modal/test/auto/CausalityInterface3.xml (RunModel)" time="0.041" />
  <testcase classname="ptolemy.util.test.junit.AutoTests" name="[27] /home/travis/build/icyphy/ptII/ptolemy/domains/modal/test/auto/CausalityInterface4.xml (RunModel)" time="0.034" />
  <testcase classname="ptolemy.util.test.junit.AutoTests" name="[28] /home/travis/build/icyphy/ptII/ptolemy/domains/modal/test/auto/CausalityInterface5.xml (RunModel)" time="0.045" />
  <testcase classname="ptolemy.util.test.junit.AutoTests" name="[29] /home/travis/build/icyphy/ptII/ptolemy/domains/modal/test/auto/CausalityInterface6.xml (RunModel)" time="0.043" />
  <testcase classname="ptolemy.util.test.junit.AutoTests" name="[30] /home/travis/build/icyphy/ptII/ptolemy/domains/modal/test/auto/CausalityInterface7.xml (RunModel)" time="0.045" />
  <testcase classname="ptolemy.util.test.junit.AutoTests" name="[31] /home/travis/build/icyphy/ptII/ptolemy/domains/modal/test/auto/CausalityInterface8.xml (RunModel)" time="0.062" />
  <testcase classname="ptolemy.util.test.junit.AutoTests" name="[32] /home/travis/build/icyphy/ptII/ptolemy/domains/modal/test/auto/CausalityInterface9.xml (RunModel)" time="0.046" />
  <testcase classname="ptolemy.util.test.junit.AutoTests" name="[33] /home/travis/build/icyphy/ptII/ptolemy/domains/modal/test/auto/ChainedTransitions.xml (RunModel)" time="0.207" />
  <testcase classname="ptolemy.util.test.junit.AutoTests" name="[34] /home/travis/build/icyphy/ptII/ptolemy/domains/modal/test/auto/CycleOfImmediateTransitionsFSM.xml (RunModel)" time="0.03" />
  <testcase classname="ptolemy.util.test.junit.AutoTests" name="[35] /home/travis/build/icyphy/ptII/ptolemy/domains/modal/test/auto/CycleOfImmediateTransitionsModal.xml (RunModel)" time="0.027" />
  <testcase classname="ptolemy.util.test.junit.AutoTests" name="[36] /home/travis/build/icyphy/ptII/ptolemy/domains/modal/test/auto/CycleOfImmediateTransitionsModal2.xml (RunModel)" time="0.026" />
  <testcase classname="ptolemy.util.test.junit.AutoTests" name="[37] /home/travis/build/icyphy/ptII/ptolemy/domains/modal/test/auto/CycleOfImmediateTransitionsModal3.xml (RunModel)" time="0.092" />
  <testcase classname="ptolemy.util.test.junit.AutoTests" name="[38] /home/travis/build/icyphy/ptII/ptolemy/domains/modal/test/auto/DeepModal1.xml (RunModel)" time="0.057" />
  <testcase classname="ptolemy.util.test.junit.AutoTests" name="[39] /home/travis/build/icyphy/ptII/ptolemy/domains/modal/test/auto/DeepModal2.xml (RunModel)" time="0.087" />
  <testcase classname="ptolemy.util.test.junit.AutoTests" name="[40] /home/travis/build/icyphy/ptII/ptolemy/domains/modal/test/auto/DeepModal3.xml (RunModel)" time="0.102" />
  <testcase classname="ptolemy.util.test.junit.AutoTests" name="[41] /home/travis/build/icyphy/ptII/ptolemy/domains/modal/test/auto/DeepModal4.xml (RunModel)" time="0.103" />
  <testcase classname="ptolemy.util.test.junit.AutoTests" name="[42] /home/travis/build/icyphy/ptII/ptolemy/domains/modal/test/auto/Default1.xml (RunModel)" time="0.024" />
  <testcase classname="ptolemy.util.test.junit.AutoTests" name="[43] /home/travis/build/icyphy/ptII/ptolemy/domains/modal/test/auto/Default2.xml (RunModel)" time="0.095" />
  <testcase classname="ptolemy.util.test.junit.AutoTests" name="[44] /home/travis/build/icyphy/ptII/ptolemy/domains/modal/test/auto/Default3.xml (RunModel)" time="0.024" />
  <testcase classname="ptolemy.util.test.junit.AutoTests" name="[45] /home/travis/build/icyphy/ptII/ptolemy/domains/modal/test/auto/Default4.xml (RunModel)" time="0.02" />
  <testcase classname="ptolemy.util.test.junit.AutoTests" name="[46] /home/travis/build/icyphy/ptII/ptolemy/domains/modal/test/auto/Default5.xml (RunModel)" time="0.034" />
  <testcase classname="ptolemy.util.test.junit.AutoTests" name="[47] /home/travis/build/icyphy/ptII/ptolemy/domains/modal/test/auto/EmptyGuard.xml (RunModel)" time="0.036" />
  <testcase classname="ptolemy.util.test.junit.AutoTests" name="[48] /home/travis/build/icyphy/ptII/ptolemy/domains/modal/test/auto/ErrorTransition1.xml (RunModel)" time="0.033" />
  <testcase classname="ptolemy.util.test.junit.AutoTests" name="[49] /home/travis/build/icyphy/ptII/ptolemy/domains/modal/test/auto/ErrorTransition10.xml (RunModel)" time="0.049" />
  <testcase classname="ptolemy.util.test.junit.AutoTests" name="[50] /home/travis/build/icyphy/ptII/ptolemy/domains/modal/test/auto/ErrorTransition11.xml (RunModel)" time="0.044" />
  <testcase classname="ptolemy.util.test.junit.AutoTests" name="[51] /home/travis/build/icyphy/ptII/ptolemy/domains/modal/test/auto/ErrorTransition2.xml (RunModel)" time="0.032" />
  <testcase classname="ptolemy.util.test.junit.AutoTests" name="[52] /home/travis/build/icyphy/ptII/ptolemy/domains/modal/test/auto/ErrorTransition3.xml (RunModel)" time="0.035" />
  <testcase classname="ptolemy.util.test.junit.AutoTests" name="[53] /home/travis/build/icyphy/ptII/ptolemy/domains/modal/test/auto/ErrorTransition4.xml (RunModel)" time="0.037" />
  <testcase classname="ptolemy.util.test.junit.AutoTests" name="[54] /home/travis/build/icyphy/ptII/ptolemy/domains/modal/test/auto/ErrorTransition5.xml (RunModel)" time="0.034" />
  <testcase classname="ptolemy.util.test.junit.AutoTests" name="[55] /home/travis/build/icyphy/ptII/ptolemy/domains/modal/test/auto/ErrorTransition6.xml (RunModel)" time="0.036" />
  <testcase classname="ptolemy.util.test.junit.AutoTests" name="[56] /home/travis/build/icyphy/ptII/ptolemy/domains/modal/test/auto/ErrorTransition7.xml (RunModel)" time="0.047" />
  <testcase classname="ptolemy.util.test.junit.AutoTests" name="[57] /home/travis/build/icyphy/ptII/ptolemy/domains/modal/test/auto/ErrorTransition8.xml (RunModel)" time="0.063" />
  <testcase classname="ptolemy.util.test.junit.AutoTests" name="[58] /home/travis/build/icyphy/ptII/ptolemy/domains/modal/test/auto/ErrorTransition9.xml (RunModel)" time="0.058" />
  <testcase classname="ptolemy.util.test.junit.AutoTests" name="[59] /home/travis/build/icyphy/ptII/ptolemy/domains/modal/test/auto/ExtendedFSM.xml (RunModel)" time="0.026" />
  <testcase classname="ptolemy.util.test.junit.AutoTests" name="[60] /home/travis/build/icyphy/ptII/ptolemy/domains/modal/test/auto/FinalStates.xml (RunModel)" time="0.029" />
  <testcase classname="ptolemy.util.test.junit.AutoTests" name="[61] /home/travis/build/icyphy/ptII/ptolemy/domains/modal/test/auto/FixedPointFSM.xml (RunModel)" time="0.048" />
  <testcase classname="ptolemy.util.test.junit.AutoTests" name="[62] /home/travis/build/icyphy/ptII/ptolemy/domains/modal/test/auto/FixedPointIterationFSMActor.xml (RunModel)" time="0.035" />
  <testcase classname="ptolemy.util.test.junit.AutoTests" name="[63] /home/travis/build/icyphy/ptII/ptolemy/domains/modal/test/auto/FixedPointIterationFSMActor2.xml (RunModel)" time="0.042" />
  <testcase classname="ptolemy.util.test.junit.AutoTests" name="[64] /home/travis/build/icyphy/ptII/ptolemy/domains/modal/test/auto/ForbiddenInstantanousLoop.xml (RunModel)" time="0.04" />
  <testcase classname="ptolemy.util.test.junit.AutoTests" name="[65] /home/travis/build/icyphy/ptII/ptolemy/domains/modal/test/auto/FunctionDependencyOfFSMActorTest.xml (RunModel)" time="0.027" />
  <testcase classname="ptolemy.util.test.junit.AutoTests" name="[66] /home/travis/build/icyphy/ptII/ptolemy/domains/modal/test/auto/GuardExpression.xml (RunModel)" time="0.023" />
  <testcase classname="ptolemy.util.test.junit.AutoTests" name="[67] /home/travis/build/icyphy/ptII/ptolemy/domains/modal/test/auto/GuardNotEvaluated.xml (RunModel)" time="0.042" />
  <testcase classname="ptolemy.util.test.junit.AutoTests" name="[68] /home/travis/build/icyphy/ptII/ptolemy/domains/modal/test/auto/GuardNotEvaluated2.xml (RunModel)" time="0.034" />
  <testcase classname="ptolemy.util.test.junit.AutoTests" name="[69] /home/travis/build/icyphy/ptII/ptolemy/domains/modal/test/auto/GuardOnAbsent.xml (RunModel)" time="0.033" />
  <testcase classname="ptolemy.util.test.junit.AutoTests" name="[70] /home/travis/build/icyphy/ptII/ptolemy/domains/modal/test/auto/HierarchicalFSMTypeInference.xml (RunModel)" time="0.044" />
  <testcase classname="ptolemy.util.test.junit.AutoTests" name="[71] /home/travis/build/icyphy/ptII/ptolemy/domains/modal/test/auto/Hysteresis.xml (RunModel)" time="0.086" />
  <testcase classname="ptolemy.util.test.junit.AutoTests" name="[72] /home/travis/build/icyphy/ptII/ptolemy/domains/modal/test/auto/HysteresisWithDefault.xml (RunModel)" time="0.105" />
  <testcase classname="ptolemy.util.test.junit.AutoTests" name="[73] /home/travis/build/icyphy/ptII/ptolemy/domains/modal/test/auto/HysteresisWithDefault2.xml (RunModel)" time="0.254" />
  <testcase classname="ptolemy.util.test.junit.AutoTests" name="[74] /home/travis/build/icyphy/ptII/ptolemy/domains/modal/test/auto/ImmediateNonConstructiveness.xml (RunModel)" time="0.023" />
  <testcase classname="ptolemy.util.test.junit.AutoTests" name="[75] /home/travis/build/icyphy/ptII/ptolemy/domains/modal/test/auto/ImmediateNonConstructiveness2.xml (RunModel)" time="0.029" />
  <testcase classname="ptolemy.util.test.junit.AutoTests" name="[76] /home/travis/build/icyphy/ptII/ptolemy/domains/modal/test/auto/ImmediateTransitionReset.xml (RunModel)" time="0.057" />
  <testcase classname="ptolemy.util.test.junit.AutoTests" name="[77] /home/travis/build/icyphy/ptII/ptolemy/domains/modal/test/auto/ImmediateTransitions1.xml (RunModel)" time="0.018" />
  <testcase classname="ptolemy.util.test.junit.AutoTests" name="[78] /home/travis/build/icyphy/ptII/ptolemy/domains/modal/test/auto/ImmediateTransitionsInstantaneousCommunication.xml (RunModel)" time="0.048" />
  <testcase classname="ptolemy.util.test.junit.AutoTests" name="[79] /home/travis/build/icyphy/ptII/ptolemy/domains/modal/test/auto/InitialImmediateTransition.xml (RunModel)" time="0.023" />
  <testcase classname="ptolemy.util.test.junit.AutoTests" name="[80] /home/travis/build/icyphy/ptII/ptolemy/domains/modal/test/auto/InitialOutputs.xml (RunModel)" time="0.022" />
  <testcase classname="ptolemy.util.test.junit.AutoTests" name="[81] /home/travis/build/icyphy/ptII/ptolemy/domains/modal/test/auto/InitialStateTransition1.xml (RunModel)" time="0.03" />
  <testcase classname="ptolemy.util.test.junit.AutoTests" name="[82] /home/travis/build/icyphy/ptII/ptolemy/domains/modal/test/auto/InitialStateTransition2.xml (RunModel)" time="0.03" />
  <testcase classname="ptolemy.util.test.junit.AutoTests" name="[83] /home/travis/build/icyphy/ptII/ptolemy/domains/modal/test/auto/InitialStateTransition3.xml (RunModel)" time="0.033" />
  <testcase classname="ptolemy.util.test.junit.AutoTests" name="[84] /home/travis/build/icyphy/ptII/ptolemy/domains/modal/test/auto/InitialStateTransition4.xml (RunModel)" time="0.038" />
  <testcase classname="ptolemy.util.test.junit.AutoTests" name="[85] /home/travis/build/icyphy/ptII/ptolemy/domains/modal/test/auto/MalformedGuardExpressionNotCaught.xml (RunModel)" time="0.028" />
  <testcase classname="ptolemy.util.test.junit.AutoTests" name="[86] /home/travis/build/icyphy/ptII/ptolemy/domains/modal/test/auto/ModalBSC.xml (RunModel)" time="0.122" />
  <testcase classname="ptolemy.util.test.junit.AutoTests" name="[87] /home/travis/build/icyphy/ptII/ptolemy/domains/modal/test/auto/ModalClocks.xml (RunModel)" time="0.103" />
  <testcase classname="ptolemy.util.test.junit.AutoTests" name="[88] /home/travis/build/icyphy/ptII/ptolemy/domains/modal/test/auto/ModalDelay.xml (RunModel)" time="0.05" />
  <testcase classname="ptolemy.util.test.junit.AutoTests" name="[89] /home/travis/build/icyphy/ptII/ptolemy/domains/modal/test/auto/ModalDelay2.xml (RunModel)" time="0.049" />
  <testcase classname="ptolemy.util.test.junit.AutoTests" name="[90] /home/travis/build/icyphy/ptII/ptolemy/domains/modal/test/auto/ModalModelFromMemo.xml (RunModel)" time="0.07" />
  <testcase classname="ptolemy.util.test.junit.AutoTests" name="[91] /home/travis/build/icyphy/ptII/ptolemy/domains/modal/test/auto/ModalModelWithMultirateTransient.xml (RunModel)" time="0.054" />
  <testcase classname="ptolemy.util.test.junit.AutoTests" name="[92] /home/travis/build/icyphy/ptII/ptolemy/domains/modal/test/auto/ModalModelWithReset.xml (RunModel)" time="0.047" />
  <testcase classname="ptolemy.util.test.junit.AutoTests" name="[93] /home/travis/build/icyphy/ptII/ptolemy/domains/modal/test/auto/MouseClickFSM.xml (RunModel)" time="0.06" />
  <testcase classname="ptolemy.util.test.junit.AutoTests" name="[94] /home/travis/build/icyphy/ptII/ptolemy/domains/modal/test/auto/MouseClickFSMModal.xml (RunModel)" time="0.05" />
  <testcase classname="ptolemy.util.test.junit.AutoTests" name="[95] /home/travis/build/icyphy/ptII/ptolemy/domains/modal/test/auto/NonStrictFSM_FeedbackLoop.xml (RunModel)" time="0.063" />
  <testcase classname="ptolemy.util.test.junit.AutoTests" name="[96] /home/travis/build/icyphy/ptII/ptolemy/domains/modal/test/auto/NonStrictFSM_FeedbackLoop_Refinement.xml (RunModel)" time="0.08" />
  <testcase classname="ptolemy.util.test.junit.AutoTests" name="[97] /home/travis/build/icyphy/ptII/ptolemy/domains/modal/test/auto/NonStrictFSM_FeedbackLoop_preemptive.xml (RunModel)" time="0.061" />
  <testcase classname="ptolemy.util.test.junit.AutoTests" name="[98] /home/travis/build/icyphy/ptII/ptolemy/domains/modal/test/auto/NormalTermination.xml (RunModel)" time="0.07" />
  <testcase classname="ptolemy.util.test.junit.AutoTests" name="[99] /home/travis/build/icyphy/ptII/ptolemy/domains/modal/test/auto/Pong.xml (RunModel)" time="0.075" />
  <testcase classname="ptolemy.util.test.junit.AutoTests" name="[100] /home/travis/build/icyphy/ptII/ptolemy/domains/modal/test/auto/Pong_test.xml (RunModel)" time="0.128" />
  <testcase classname="ptolemy.util.test.junit.AutoTests" name="[101] /home/travis/build/icyphy/ptII/ptolemy/domains/modal/test/auto/PreemptionHierarchy.xml (RunModel)" time="0.041" />
  <testcase classname="ptolemy.util.test.junit.AutoTests" name="[102] /home/travis/build/icyphy/ptII/ptolemy/domains/modal/test/auto/PreemptionHierarchy2.xml (RunModel)" time="0.052" />
  <testcase classname="ptolemy.util.test.junit.AutoTests" name="[103] /home/travis/build/icyphy/ptII/ptolemy/domains/modal/test/auto/PreemptiveTransition.xml (RunModel)" time="0.031" />
  <testcase classname="ptolemy.util.test.junit.AutoTests" name="[104] /home/travis/build/icyphy/ptII/ptolemy/domains/modal/test/auto/Priorities.xml (RunModel)" time="0.117" />
  <testcase classname="ptolemy.util.test.junit.AutoTests" name="[105] /home/travis/build/icyphy/ptII/ptolemy/domains/modal/test/auto/ResetFinal.xml (RunModel)" time="0.054" />
  <testcase classname="ptolemy.util.test.junit.AutoTests" name="[106] /home/travis/build/icyphy/ptII/ptolemy/domains/modal/test/auto/ResetFinal2.xml (RunModel)" time="0.041" />
  <testcase classname="ptolemy.util.test.junit.AutoTests" name="[107] /home/travis/build/icyphy/ptII/ptolemy/domains/modal/test/auto/ResetTransitionWithStartTime.xml (RunModel)" time="0.037" />
  <testcase classname="ptolemy.util.test.junit.AutoTests" name="[108] /home/travis/build/icyphy/ptII/ptolemy/domains/modal/test/auto/SDF-FSMComposite.xml (RunModel)" time="0.036" />
  <testcase classname="ptolemy.util.test.junit.AutoTests" name="[109] /home/travis/build/icyphy/ptII/ptolemy/domains/modal/test/auto/SeeminglyNondeterminate.xml (RunModel)" time="0.084" />
  <testcase classname="ptolemy.util.test.junit.AutoTests" name="[110] /home/travis/build/icyphy/ptII/ptolemy/domains/modal/test/auto/SeeminglyNondeterminate2.xml (RunModel)" time="0.102" />
  <testcase classname="ptolemy.util.test.junit.AutoTests" name="[111] /home/travis/build/icyphy/ptII/ptolemy/domains/modal/test/auto/SpontaneousFSM.xml (RunModel)" time="0.067" />
  <testcase classname="ptolemy.util.test.junit.AutoTests" name="[112] /home/travis/build/icyphy/ptII/ptolemy/domains/modal/test/auto/SpontaneousFSM2.xml (RunModel)" time="0.036" />
  <testcase classname="ptolemy.util.test.junit.AutoTests" name="[113] /home/travis/build/icyphy/ptII/ptolemy/domains/modal/test/auto/SpontaneousFSM3.xml (RunModel)" time="0.075" />
  <testcase classname="ptolemy.util.test.junit.AutoTests" name="[114] /home/travis/build/icyphy/ptII/ptolemy/domains/modal/test/auto/SpontaneousFSM4.xml (RunModel)" time="0.065" />
  <testcase classname="ptolemy.util.test.junit.AutoTests" name="[115] /home/travis/build/icyphy/ptII/ptolemy/domains/modal/test/auto/StateTrackerTest.xml (RunModel)" time="0.091" />
  <testcase classname="ptolemy.util.test.junit.AutoTests" name="[116] /home/travis/build/icyphy/ptII/ptolemy/domains/modal/test/auto/StrongImmediateTransition.xml (RunModel)" time="0.034" />
  <testcase classname="ptolemy.util.test.junit.AutoTests" name="[117] /home/travis/build/icyphy/ptII/ptolemy/domains/modal/test/auto/SustainHierarchy.xml (RunModel)" time="0.049" />
  <testcase classname="ptolemy.util.test.junit.AutoTests" name="[118] /home/travis/build/icyphy/ptII/ptolemy/domains/modal/test/auto/TerminationTransition1.xml (RunModel)" time="0.031" />
  <testcase classname="ptolemy.util.test.junit.AutoTests" name="[119] /home/travis/build/icyphy/ptII/ptolemy/domains/modal/test/auto/TerminationTransition2.xml (RunModel)" time="0.034" />
  <testcase classname="ptolemy.util.test.junit.AutoTests" name="[120] /home/travis/build/icyphy/ptII/ptolemy/domains/modal/test/auto/TerminationTransition3.xml (RunModel)" time="0.031" />
  <testcase classname="ptolemy.util.test.junit.AutoTests" name="[121] /home/travis/build/icyphy/ptII/ptolemy/domains/modal/test/auto/TerminationTransition4.xml (RunModel)" time="0.054" />
  <testcase classname="ptolemy.util.test.junit.AutoTests" name="[122] /home/travis/build/icyphy/ptII/ptolemy/domains/modal/test/auto/TerminationTransition5.xml (RunModel)" time="0.047" />
  <testcase classname="ptolemy.util.test.junit.AutoTests" name="[123] /home/travis/build/icyphy/ptII/ptolemy/domains/modal/test/auto/TerminationTransition6.xml (RunModel)" time="0.03" />
  <testcase classname="ptolemy.util.test.junit.AutoTests" name="[124] /home/travis/build/icyphy/ptII/ptolemy/domains/modal/test/auto/TerminationTransition7.xml (RunModel)" time="0.029" />
  <testcase classname="ptolemy.util.test.junit.AutoTests" name="[125] /home/travis/build/icyphy/ptII/ptolemy/domains/modal/test/auto/TerminationTransition8.xml (RunModel)" time="0.032" />
  <testcase classname="ptolemy.util.test.junit.AutoTests" name="[126] /home/travis/build/icyphy/ptII/ptolemy/domains/modal/test/auto/Thermostat_NoHysteresis.xml (RunModel)" time="0.078" />
  <testcase classname="ptolemy.util.test.junit.AutoTests" name="[127] /home/travis/build/icyphy/ptII/ptolemy/domains/modal/test/auto/TimedFSM.xml (RunModel)" time="0.04" />
  <testcase classname="ptolemy.util.test.junit.AutoTests" name="[128] /home/travis/build/icyphy/ptII/ptolemy/domains/modal/test/auto/Timeout1.xml (RunModel)" time="0.02" />
  <testcase classname="ptolemy.util.test.junit.AutoTests" name="[129] /home/travis/build/icyphy/ptII/ptolemy/domains/modal/test/auto/Timeout2.xml (RunModel)" time="0.024" />
  <testcase classname="ptolemy.util.test.junit.AutoTests" name="[130] /home/travis/build/icyphy/ptII/ptolemy/domains/modal/test/auto/Timeout3.xml (RunModel)" time="0.018" />
  <testcase classname="ptolemy.util.test.junit.AutoTests" name="[131] /home/travis/build/icyphy/ptII/ptolemy/domains/modal/test/auto/Timeout4.xml (RunModel)" time="0.015" />
  <testcase classname="ptolemy.util.test.junit.AutoTests" name="[132] /home/travis/build/icyphy/ptII/ptolemy/domains/modal/test/auto/TransientstateModelAdvanced.xml (RunModel)" time="0.037" />
  <testcase classname="ptolemy.util.test.junit.AutoTests" name="[133] /home/travis/build/icyphy/ptII/ptolemy/domains/modal/test/auto/TransientstateModelAdvanced2.xml (RunModel)" time="0.043" />
  <testcase classname="ptolemy.util.test.junit.AutoTests" name="[134] /home/travis/build/icyphy/ptII/ptolemy/domains/modal/test/auto/TransitionRefinements.xml (RunModel)" time="0.034" />
  <testcase classname="ptolemy.util.test.junit.AutoTests" name="[135] /home/travis/build/icyphy/ptII/ptolemy/domains/modal/test/auto/TwoRefinements1.xml (RunModel)" time="0.035" />
  <testcase classname="ptolemy.util.test.junit.AutoTests" name="[136] /home/travis/build/icyphy/ptII/ptolemy/domains/modal/test/auto/TwoRefinements2.xml (RunModel)" time="0.036" />
  <testcase classname="ptolemy.util.test.junit.AutoTests" name="[137] /home/travis/build/icyphy/ptII/ptolemy/domains/modal/test/auto/WeakImmediateTransition.xml (RunModel)" time="0.031" />
  <testcase classname="ptolemy.util.test.junit.AutoTests" name="[138] /home/travis/build/icyphy/ptII/ptolemy/domains/modal/test/auto/booleanSelect.xml (RunModel)" time="0.074" />
  <testcase classname="ptolemy.util.test.junit.AutoTests" name="[139] /home/travis/build/icyphy/ptII/ptolemy/domains/modal/test/auto/modalChangingParams.xml (RunModel)" time="0.404" />
  <testcase classname="ptolemy.util.test.junit.AutoTests" name="[140] /home/travis/build/icyphy/ptII/ptolemy/domains/modal/test/auto/modalModel.xml (RunModel)" time="0.033" />
  <testcase classname="ptolemy.util.test.junit.AutoTests" name="[141] /home/travis/build/icyphy/ptII/ptolemy/domains/modal/test/auto/modalModel2.xml (RunModel)" time="0.039" />
  <testcase classname="ptolemy.util.test.junit.AutoTests" name="[142] /home/travis/build/icyphy/ptII/ptolemy/domains/modal/test/auto/modalModel3.xml (RunModel)" time="0.054" />
  <testcase classname="ptolemy.util.test.junit.AutoTests" name="[143] /home/travis/build/icyphy/ptII/ptolemy/domains/modal/test/auto/model1.xml (RunModel)" time="0.027" />
  <testcase classname="ptolemy.util.test.junit.AutoTests" name="[144] /home/travis/build/icyphy/ptII/ptolemy/domains/modal/test/auto/test-direct-in-out.xml (RunModel)" time="0.026" />
  <system-out><![CDATA[/home/travis/build/icyphy/ptII/ptolemy/domains/modal/test/SystemLevelType.tcl
testDefs.tcl: setting time out to 9000 seconds at Thu May 10 00:24:49 UTC 2018
05/10/18 12:24:51
Failed: 0  Total Tests: 1  ((Passed: 1, Newly Passed: 0)  Known Failed: 0) /home/travis/build/icyphy/ptII/ptolemy/domains/modal/test
----------------- testing (KnownFailure) /home/travis/build/icyphy/ptII/ptolemy/domains/modal/test/auto/knownFailedTests/CannotAnalysisWithPreemption.xml
35 ms. Memory: 208384K Free: 188316K (90%)
Known Failure: java.lang.reflect.InvocationTargetException
No auto/*.xml tests in /home/travis/build/icyphy/ptII/ptolemy/domains/modal/test
AutoTests.java: About to close Vertx.
AutoTests.java: Vertx closed.
----------------- testing Thu May 10 00:24:52 UTC 2018 /home/travis/build/icyphy/ptII/ptolemy/domains/modal/test/auto/ABPTest.xml
----------------- Instantiating /home/travis/build/icyphy/ptII/ptolemy/domains/modal/test/auto/ABPTest.xml
485 ms. Memory: 332288K Free: 292761K (88%)
----------------- Invoking toplevel() on ptolemy.moml.MoMLSimpleApplication@717240bf
----------------- Done invoking toplevel() on ptolemy.moml.MoMLSimpleApplication@717240bf
reloadAllAccessors: .ABPTest
----------------- testing Thu May 10 00:24:53 UTC 2018 /home/travis/build/icyphy/ptII/ptolemy/domains/modal/test/auto/ABROFlat.xml
----------------- Instantiating /home/travis/build/icyphy/ptII/ptolemy/domains/modal/test/auto/ABROFlat.xml
27 ms. Memory: 332288K Free: 270600K (81%)
----------------- Invoking toplevel() on ptolemy.moml.MoMLSimpleApplication@2b71f138
----------------- Done invoking toplevel() on ptolemy.moml.MoMLSimpleApplication@2b71f138
reloadAllAccessors: .ABROFlat
----------------- testing Thu May 10 00:24:53 UTC 2018 /home/travis/build/icyphy/ptII/ptolemy/domains/modal/test/auto/ABROFlat2.xml
----------------- Instantiating /home/travis/build/icyphy/ptII/ptolemy/domains/modal/test/auto/ABROFlat2.xml
23 ms. Memory: 332288K Free: 252601K (76%)
----------------- Invoking toplevel() on ptolemy.moml.MoMLSimpleApplication@5f85425e
----------------- Done invoking toplevel() on ptolemy.moml.MoMLSimpleApplication@5f85425e
reloadAllAccessors: .ABROFlat2
----------------- testing Thu May 10 00:24:53 UTC 2018 /home/travis/build/icyphy/ptII/ptolemy/domains/modal/test/auto/ABRO_present_hmm.xml
----------------- Instantiating /home/travis/build/icyphy/ptII/ptolemy/domains/modal/test/auto/ABRO_present_hmm.xml
21 ms. Memory: 332288K Free: 219949K (66%)
----------------- Invoking toplevel() on ptolemy.moml.MoMLSimpleApplication@3466686b
----------------- Done invoking toplevel() on ptolemy.moml.MoMLSimpleApplication@3466686b
reloadAllAccessors: .ABRO_present_hmm
----------------- testing Thu May 10 00:24:53 UTC 2018 /home/travis/build/icyphy/ptII/ptolemy/domains/modal/test/auto/AMICoderExample.xml
----------------- Instantiating /home/travis/build/icyphy/ptII/ptolemy/domains/modal/test/auto/AMICoderExample.xml
17 ms. Memory: 332288K Free: 208504K (63%)
----------------- Invoking toplevel() on ptolemy.moml.MoMLSimpleApplication@4e72f96a
----------------- Done invoking toplevel() on ptolemy.moml.MoMLSimpleApplication@4e72f96a
reloadAllAccessors: .AMICoderExample
----------------- testing Thu May 10 00:24:54 UTC 2018 /home/travis/build/icyphy/ptII/ptolemy/domains/modal/test/auto/AbsentToPresent.xml
----------------- Instantiating /home/travis/build/icyphy/ptII/ptolemy/domains/modal/test/auto/AbsentToPresent.xml
4 ms. Memory: 332288K Free: 198541K (60%)
----------------- Invoking toplevel() on ptolemy.moml.MoMLSimpleApplication@316f2db3
----------------- Done invoking toplevel() on ptolemy.moml.MoMLSimpleApplication@316f2db3
reloadAllAccessors: .AbsentToPresent
----------------- testing Thu May 10 00:24:54 UTC 2018 /home/travis/build/icyphy/ptII/ptolemy/domains/modal/test/auto/Blending.xml
----------------- Instantiating /home/travis/build/icyphy/ptII/ptolemy/domains/modal/test/auto/Blending.xml
224 ms. Memory: 332288K Free: 147771K (44%)
----------------- Invoking toplevel() on ptolemy.moml.MoMLSimpleApplication@12b5084e
----------------- Done invoking toplevel() on ptolemy.moml.MoMLSimpleApplication@12b5084e
reloadAllAccessors: .Blending
----------------- testing Thu May 10 00:24:54 UTC 2018 /home/travis/build/icyphy/ptII/ptolemy/domains/modal/test/auto/Broadcast.xml
----------------- Instantiating /home/travis/build/icyphy/ptII/ptolemy/domains/modal/test/auto/Broadcast.xml
10 ms. Memory: 332288K Free: 134713K (41%)
----------------- Invoking toplevel() on ptolemy.moml.MoMLSimpleApplication@7af60145
----------------- Done invoking toplevel() on ptolemy.moml.MoMLSimpleApplication@7af60145
reloadAllAccessors: .Broadcast
----------------- testing Thu May 10 00:24:54 UTC 2018 /home/travis/build/icyphy/ptII/ptolemy/domains/modal/test/auto/BroadcastHierarchy.xml
----------------- Instantiating /home/travis/build/icyphy/ptII/ptolemy/domains/modal/test/auto/BroadcastHierarchy.xml
18 ms. Memory: 332288K Free: 116739K (35%)
----------------- Invoking toplevel() on ptolemy.moml.MoMLSimpleApplication@6a4c159f
----------------- Done invoking toplevel() on ptolemy.moml.MoMLSimpleApplication@6a4c159f
reloadAllAccessors: .BroadcastHierarchy
----------------- testing Thu May 10 00:24:54 UTC 2018 /home/travis/build/icyphy/ptII/ptolemy/domains/modal/test/auto/BroadcastHierarchy2.xml
----------------- Instantiating /home/travis/build/icyphy/ptII/ptolemy/domains/modal/test/auto/BroadcastHierarchy2.xml
29 ms. Memory: 332288K Free: 80846K (24%)
----------------- Invoking toplevel() on ptolemy.moml.MoMLSimpleApplication@7174eee
----------------- Done invoking toplevel() on ptolemy.moml.MoMLSimpleApplication@7174eee
reloadAllAccessors: .BroadcastHierarchy2
----------------- testing Thu May 10 00:24:54 UTC 2018 /home/travis/build/icyphy/ptII/ptolemy/domains/modal/test/auto/BroadcastHierarchy3.xml
----------------- Instantiating /home/travis/build/icyphy/ptII/ptolemy/domains/modal/test/auto/BroadcastHierarchy3.xml
21 ms. Memory: 333824K Free: 297971K (89%)
----------------- Invoking toplevel() on ptolemy.moml.MoMLSimpleApplication@45dd560c
----------------- Done invoking toplevel() on ptolemy.moml.MoMLSimpleApplication@45dd560c
reloadAllAccessors: .BroadcastHierarchy3
----------------- testing Thu May 10 00:24:54 UTC 2018 /home/travis/build/icyphy/ptII/ptolemy/domains/modal/test/auto/BroadcastHierarchy4.xml
----------------- Instantiating /home/travis/build/icyphy/ptII/ptolemy/domains/modal/test/auto/BroadcastHierarchy4.xml
25 ms. Memory: 333824K Free: 258098K (77%)
----------------- Invoking toplevel() on ptolemy.moml.MoMLSimpleApplication@763c216
----------------- Done invoking toplevel() on ptolemy.moml.MoMLSimpleApplication@763c216
reloadAllAccessors: .BroadcastHierarchy4
----------------- testing Thu May 10 00:24:55 UTC 2018 /home/travis/build/icyphy/ptII/ptolemy/domains/modal/test/auto/CannotAnalysisWithPreemption2.xml
----------------- Instantiating /home/travis/build/icyphy/ptII/ptolemy/domains/modal/test/auto/CannotAnalysisWithPreemption2.xml
6 ms. Memory: 333824K Free: 248297K (74%)
----------------- Invoking toplevel() on ptolemy.moml.MoMLSimpleApplication@571720bd
----------------- Done invoking toplevel() on ptolemy.moml.MoMLSimpleApplication@571720bd
reloadAllAccessors: .CannotAnalysisWithPreemption2
----------------- testing Thu May 10 00:24:55 UTC 2018 /home/travis/build/icyphy/ptII/ptolemy/domains/modal/test/auto/CannotAnalysisWithPreemption3.xml
----------------- Instantiating /home/travis/build/icyphy/ptII/ptolemy/domains/modal/test/auto/CannotAnalysisWithPreemption3.xml
6 ms. Memory: 333824K Free: 235223K (70%)
----------------- Invoking toplevel() on ptolemy.moml.MoMLSimpleApplication@62ed6a08
----------------- Done invoking toplevel() on ptolemy.moml.MoMLSimpleApplication@62ed6a08
reloadAllAccessors: .CannotAnalysisWithPreemption3
----------------- testing Thu May 10 00:24:55 UTC 2018 /home/travis/build/icyphy/ptII/ptolemy/domains/modal/test/auto/CannotProduce.xml
----------------- Instantiating /home/travis/build/icyphy/ptII/ptolemy/domains/modal/test/auto/CannotProduce.xml
13 ms. Memory: 333824K Free: 226406K (68%)
----------------- Invoking toplevel() on ptolemy.moml.MoMLSimpleApplication@388a9d3e
----------------- Done invoking toplevel() on ptolemy.moml.MoMLSimpleApplication@388a9d3e
reloadAllAccessors: .CannotProduce
----------------- testing Thu May 10 00:24:55 UTC 2018 /home/travis/build/icyphy/ptII/ptolemy/domains/modal/test/auto/CannotProduceModal.xml
----------------- Instantiating /home/travis/build/icyphy/ptII/ptolemy/domains/modal/test/auto/CannotProduceModal.xml
10 ms. Memory: 333824K Free: 218233K (65%)
----------------- Invoking toplevel() on ptolemy.moml.MoMLSimpleApplication@7d84ce82
----------------- Done invoking toplevel() on ptolemy.moml.MoMLSimpleApplication@7d84ce82
reloadAllAccessors: .CannotProduceModal
----------------- testing Thu May 10 00:24:55 UTC 2018 /home/travis/build/icyphy/ptII/ptolemy/domains/modal/test/auto/Case.xml
----------------- Instantiating /home/travis/build/icyphy/ptII/ptolemy/domains/modal/test/auto/Case.xml
37 ms. Memory: 333824K Free: 205136K (61%)
----------------- Invoking toplevel() on ptolemy.moml.MoMLSimpleApplication@4434c8cb
----------------- Done invoking toplevel() on ptolemy.moml.MoMLSimpleApplication@4434c8cb
reloadAllAccessors: .Case
----------------- testing Thu May 10 00:24:55 UTC 2018 /home/travis/build/icyphy/ptII/ptolemy/domains/modal/test/auto/Case1.xml
----------------- Instantiating /home/travis/build/icyphy/ptII/ptolemy/domains/modal/test/auto/Case1.xml
10 ms. Memory: 333824K Free: 194675K (58%)
----------------- Invoking toplevel() on ptolemy.moml.MoMLSimpleApplication@6b8181ae
----------------- Done invoking toplevel() on ptolemy.moml.MoMLSimpleApplication@6b8181ae
reloadAllAccessors: .Case1
----------------- testing Thu May 10 00:24:55 UTC 2018 /home/travis/build/icyphy/ptII/ptolemy/domains/modal/test/auto/Case2.xml
----------------- Instantiating /home/travis/build/icyphy/ptII/ptolemy/domains/modal/test/auto/Case2.xml
36 ms. Memory: 333824K Free: 183238K (55%)
----------------- Invoking toplevel() on ptolemy.moml.MoMLSimpleApplication@1cad72c7
----------------- Done invoking toplevel() on ptolemy.moml.MoMLSimpleApplication@1cad72c7
reloadAllAccessors: .Case2
----------------- testing Thu May 10 00:24:55 UTC 2018 /home/travis/build/icyphy/ptII/ptolemy/domains/modal/test/auto/CausalityInterface1.xml
----------------- Instantiating /home/travis/build/icyphy/ptII/ptolemy/domains/modal/test/auto/CausalityInterface1.xml
5 ms. Memory: 333824K Free: 176725K (53%)
----------------- Invoking toplevel() on ptolemy.moml.MoMLSimpleApplication@56f7b28a
----------------- Done invoking toplevel() on ptolemy.moml.MoMLSimpleApplication@56f7b28a
reloadAllAccessors: .CausalityInterface1
----------------- testing Thu May 10 00:24:55 UTC 2018 /home/travis/build/icyphy/ptII/ptolemy/domains/modal/test/auto/CausalityInterface10.xml
----------------- Instantiating /home/travis/build/icyphy/ptII/ptolemy/domains/modal/test/auto/CausalityInterface10.xml
13 ms. Memory: 333824K Free: 158091K (47%)
----------------- Invoking toplevel() on ptolemy.moml.MoMLSimpleApplication@3da5d14f
----------------- Done invoking toplevel() on ptolemy.moml.MoMLSimpleApplication@3da5d14f
reloadAllAccessors: .CausalityInterface10
----------------- testing Thu May 10 00:24:55 UTC 2018 /home/travis/build/icyphy/ptII/ptolemy/domains/modal/test/auto/CausalityInterface11.xml
----------------- Instantiating /home/travis/build/icyphy/ptII/ptolemy/domains/modal/test/auto/CausalityInterface11.xml
15 ms. Memory: 333824K Free: 141761K (42%)
----------------- Invoking toplevel() on ptolemy.moml.MoMLSimpleApplication@205ee5ef
----------------- Done invoking toplevel() on ptolemy.moml.MoMLSimpleApplication@205ee5ef
reloadAllAccessors: .CausalityInterface11
----------------- testing Thu May 10 00:24:55 UTC 2018 /home/travis/build/icyphy/ptII/ptolemy/domains/modal/test/auto/CausalityInterface12.xml
----------------- Instantiating /home/travis/build/icyphy/ptII/ptolemy/domains/modal/test/auto/CausalityInterface12.xml
8 ms. Memory: 333824K Free: 125423K (38%)
----------------- Invoking toplevel() on ptolemy.moml.MoMLSimpleApplication@3d6e047a
----------------- Done invoking toplevel() on ptolemy.moml.MoMLSimpleApplication@3d6e047a
reloadAllAccessors: .CausalityInterface12
----------------- testing Thu May 10 00:24:55 UTC 2018 /home/travis/build/icyphy/ptII/ptolemy/domains/modal/test/auto/CausalityInterface13.xml
----------------- Instantiating /home/travis/build/icyphy/ptII/ptolemy/domains/modal/test/auto/CausalityInterface13.xml
16 ms. Memory: 333824K Free: 106821K (32%)
----------------- Invoking toplevel() on ptolemy.moml.MoMLSimpleApplication@690cbc3c
----------------- Done invoking toplevel() on ptolemy.moml.MoMLSimpleApplication@690cbc3c
reloadAllAccessors: .CausalityInterface13
----------------- testing Thu May 10 00:24:55 UTC 2018 /home/travis/build/icyphy/ptII/ptolemy/domains/modal/test/auto/CausalityInterface14.xml
----------------- Instantiating /home/travis/build/icyphy/ptII/ptolemy/domains/modal/test/auto/CausalityInterface14.xml
11 ms. Memory: 333824K Free: 90475K (27%)
----------------- Invoking toplevel() on ptolemy.moml.MoMLSimpleApplication@609f1229
----------------- Done invoking toplevel() on ptolemy.moml.MoMLSimpleApplication@609f1229
reloadAllAccessors: .CausalityInterface14
----------------- testing Thu May 10 00:24:55 UTC 2018 /home/travis/build/icyphy/ptII/ptolemy/domains/modal/test/auto/CausalityInterface2.xml
----------------- Instantiating /home/travis/build/icyphy/ptII/ptolemy/domains/modal/test/auto/CausalityInterface2.xml
4 ms. Memory: 333824K Free: 82326K (25%)
----------------- Invoking toplevel() on ptolemy.moml.MoMLSimpleApplication@3c42dbba
----------------- Done invoking toplevel() on ptolemy.moml.MoMLSimpleApplication@3c42dbba
reloadAllAccessors: .CausalityInterface2
----------------- testing Thu May 10 00:24:56 UTC 2018 /home/travis/build/icyphy/ptII/ptolemy/domains/modal/test/auto/CausalityInterface3.xml
----------------- Instantiating /home/travis/build/icyphy/ptII/ptolemy/domains/modal/test/auto/CausalityInterface3.xml
3 ms. Memory: 578560K Free: 559340K (97%)
----------------- Invoking toplevel() on ptolemy.moml.MoMLSimpleApplication@4c5099ac
----------------- Done invoking toplevel() on ptolemy.moml.MoMLSimpleApplication@4c5099ac
reloadAllAccessors: .CausalityInterface3
----------------- testing Thu May 10 00:24:56 UTC 2018 /home/travis/build/icyphy/ptII/ptolemy/domains/modal/test/auto/CausalityInterface4.xml
----------------- Instantiating /home/travis/build/icyphy/ptII/ptolemy/domains/modal/test/auto/CausalityInterface4.xml
4 ms. Memory: 578560K Free: 546178K (94%)
----------------- Invoking toplevel() on ptolemy.moml.MoMLSimpleApplication@3416b870
----------------- Done invoking toplevel() on ptolemy.moml.MoMLSimpleApplication@3416b870
reloadAllAccessors: .CausalityInterface4
----------------- testing Thu May 10 00:24:56 UTC 2018 /home/travis/build/icyphy/ptII/ptolemy/domains/modal/test/auto/CausalityInterface5.xml
----------------- Instantiating /home/travis/build/icyphy/ptII/ptolemy/domains/modal/test/auto/CausalityInterface5.xml
6 ms. Memory: 578560K Free: 533934K (92%)
----------------- Invoking toplevel() on ptolemy.moml.MoMLSimpleApplication@4cb9fb64
----------------- Done invoking toplevel() on ptolemy.moml.MoMLSimpleApplication@4cb9fb64
reloadAllAccessors: .CausalityInterface5
----------------- testing Thu May 10 00:24:56 UTC 2018 /home/travis/build/icyphy/ptII/ptolemy/domains/modal/test/auto/CausalityInterface6.xml
----------------- Instantiating /home/travis/build/icyphy/ptII/ptolemy/domains/modal/test/auto/CausalityInterface6.xml
3 ms. Memory: 578560K Free: 521691K (90%)
----------------- Invoking toplevel() on ptolemy.moml.MoMLSimpleApplication@4fb6e6de
----------------- Done invoking toplevel() on ptolemy.moml.MoMLSimpleApplication@4fb6e6de
reloadAllAccessors: .CausalityInterface6
----------------- testing Thu May 10 00:24:56 UTC 2018 /home/travis/build/icyphy/ptII/ptolemy/domains/modal/test/auto/CausalityInterface7.xml
----------------- Instantiating /home/travis/build/icyphy/ptII/ptolemy/domains/modal/test/auto/CausalityInterface7.xml
7 ms. Memory: 578560K Free: 509448K (88%)
----------------- Invoking toplevel() on ptolemy.moml.MoMLSimpleApplication@7152fa4b
----------------- Done invoking toplevel() on ptolemy.moml.MoMLSimpleApplication@7152fa4b
reloadAllAccessors: .CausalityInterface7
----------------- testing Thu May 10 00:24:56 UTC 2018 /home/travis/build/icyphy/ptII/ptolemy/domains/modal/test/auto/CausalityInterface8.xml
----------------- Instantiating /home/travis/build/icyphy/ptII/ptolemy/domains/modal/test/auto/CausalityInterface8.xml
5 ms. Memory: 578560K Free: 494067K (85%)
----------------- Invoking toplevel() on ptolemy.moml.MoMLSimpleApplication@1289ea61
----------------- Done invoking toplevel() on ptolemy.moml.MoMLSimpleApplication@1289ea61
reloadAllAccessors: .CausalityInterface8
----------------- testing Thu May 10 00:24:56 UTC 2018 /home/travis/build/icyphy/ptII/ptolemy/domains/modal/test/auto/CausalityInterface9.xml
----------------- Instantiating /home/travis/build/icyphy/ptII/ptolemy/domains/modal/test/auto/CausalityInterface9.xml
9 ms. Memory: 578560K Free: 481832K (83%)
----------------- Invoking toplevel() on ptolemy.moml.MoMLSimpleApplication@463ad677
----------------- Done invoking toplevel() on ptolemy.moml.MoMLSimpleApplication@463ad677
reloadAllAccessors: .CausalityInterface9
----------------- testing Thu May 10 00:24:56 UTC 2018 /home/travis/build/icyphy/ptII/ptolemy/domains/modal/test/auto/ChainedTransitions.xml
----------------- Instantiating /home/travis/build/icyphy/ptII/ptolemy/domains/modal/test/auto/ChainedTransitions.xml
138 ms. Memory: 578560K Free: 452437K (78%)
----------------- Invoking toplevel() on ptolemy.moml.MoMLSimpleApplication@671a4ce8
----------------- Done invoking toplevel() on ptolemy.moml.MoMLSimpleApplication@671a4ce8
reloadAllAccessors: .ChainedTransitions
----------------- testing Thu May 10 00:24:56 UTC 2018 /home/travis/build/icyphy/ptII/ptolemy/domains/modal/test/auto/CycleOfImmediateTransitionsFSM.xml
----------------- Instantiating /home/travis/build/icyphy/ptII/ptolemy/domains/modal/test/auto/CycleOfImmediateTransitionsFSM.xml
2 ms. Memory: 578560K Free: 442635K (77%)
----------------- Invoking toplevel() on ptolemy.moml.MoMLSimpleApplication@6042cf96
----------------- Done invoking toplevel() on ptolemy.moml.MoMLSimpleApplication@6042cf96
reloadAllAccessors: .CycleOfImmediateTransitionsFSM
----------------- testing Thu May 10 00:24:56 UTC 2018 /home/travis/build/icyphy/ptII/ptolemy/domains/modal/test/auto/CycleOfImmediateTransitionsModal.xml
----------------- Instantiating /home/travis/build/icyphy/ptII/ptolemy/domains/modal/test/auto/CycleOfImmediateTransitionsModal.xml
2 ms. Memory: 578560K Free: 429713K (74%)
----------------- Invoking toplevel() on ptolemy.moml.MoMLSimpleApplication@2574fe18
----------------- Done invoking toplevel() on ptolemy.moml.MoMLSimpleApplication@2574fe18
reloadAllAccessors: .CycleOfImmediateTransitionsModal
----------------- testing Thu May 10 00:24:56 UTC 2018 /home/travis/build/icyphy/ptII/ptolemy/domains/modal/test/auto/CycleOfImmediateTransitionsModal2.xml
----------------- Instantiating /home/travis/build/icyphy/ptII/ptolemy/domains/modal/test/auto/CycleOfImmediateTransitionsModal2.xml
2 ms. Memory: 578560K Free: 419936K (73%)
----------------- Invoking toplevel() on ptolemy.moml.MoMLSimpleApplication@5e3a4e00
----------------- Done invoking toplevel() on ptolemy.moml.MoMLSimpleApplication@5e3a4e00
reloadAllAccessors: .CycleOfImmediateTransitionsModal2
----------------- testing Thu May 10 00:24:56 UTC 2018 /home/travis/build/icyphy/ptII/ptolemy/domains/modal/test/auto/CycleOfImmediateTransitionsModal3.xml
----------------- Instantiating /home/travis/build/icyphy/ptII/ptolemy/domains/modal/test/auto/CycleOfImmediateTransitionsModal3.xml
9 ms. Memory: 578560K Free: 390557K (68%)
----------------- Invoking toplevel() on ptolemy.moml.MoMLSimpleApplication@32ce0440
----------------- Done invoking toplevel() on ptolemy.moml.MoMLSimpleApplication@32ce0440
reloadAllAccessors: .CycleOfImmediateTransitionsModal3
----------------- testing Thu May 10 00:24:56 UTC 2018 /home/travis/build/icyphy/ptII/ptolemy/domains/modal/test/auto/DeepModal1.xml
----------------- Instantiating /home/travis/build/icyphy/ptII/ptolemy/domains/modal/test/auto/DeepModal1.xml
17 ms. Memory: 578560K Free: 373405K (65%)
----------------- Invoking toplevel() on ptolemy.moml.MoMLSimpleApplication@1b1d81fe
----------------- Done invoking toplevel() on ptolemy.moml.MoMLSimpleApplication@1b1d81fe
reloadAllAccessors: .DeepModal1
----------------- testing Thu May 10 00:24:56 UTC 2018 /home/travis/build/icyphy/ptII/ptolemy/domains/modal/test/auto/DeepModal2.xml
----------------- Instantiating /home/travis/build/icyphy/ptII/ptolemy/domains/modal/test/auto/DeepModal2.xml
27 ms. Memory: 578560K Free: 348239K (60%)
----------------- Invoking toplevel() on ptolemy.moml.MoMLSimpleApplication@ccc9d0f
----------------- Done invoking toplevel() on ptolemy.moml.MoMLSimpleApplication@ccc9d0f
reloadAllAccessors: .DeepModal2
----------------- testing Thu May 10 00:24:56 UTC 2018 /home/travis/build/icyphy/ptII/ptolemy/domains/modal/test/auto/DeepModal3.xml
----------------- Instantiating /home/travis/build/icyphy/ptII/ptolemy/domains/modal/test/auto/DeepModal3.xml
44 ms. Memory: 578560K Free: 323752K (56%)
----------------- Invoking toplevel() on ptolemy.moml.MoMLSimpleApplication@31ddc218
----------------- Done invoking toplevel() on ptolemy.moml.MoMLSimpleApplication@31ddc218
reloadAllAccessors: .DeepModal3
----------------- testing Thu May 10 00:24:57 UTC 2018 /home/travis/build/icyphy/ptII/ptolemy/domains/modal/test/auto/DeepModal4.xml
----------------- Instantiating /home/travis/build/icyphy/ptII/ptolemy/domains/modal/test/auto/DeepModal4.xml
42 ms. Memory: 578560K Free: 299250K (52%)
----------------- Invoking toplevel() on ptolemy.moml.MoMLSimpleApplication@568999d8
----------------- Done invoking toplevel() on ptolemy.moml.MoMLSimpleApplication@568999d8
reloadAllAccessors: .DeepModal4
----------------- testing Thu May 10 00:24:57 UTC 2018 /home/travis/build/icyphy/ptII/ptolemy/domains/modal/test/auto/Default1.xml
----------------- Instantiating /home/travis/build/icyphy/ptII/ptolemy/domains/modal/test/auto/Default1.xml
3 ms. Memory: 578560K Free: 289465K (50%)
----------------- Invoking toplevel() on ptolemy.moml.MoMLSimpleApplication@7a694cf0
----------------- Done invoking toplevel() on ptolemy.moml.MoMLSimpleApplication@7a694cf0
reloadAllAccessors: .Default1
----------------- testing Thu May 10 00:24:57 UTC 2018 /home/travis/build/icyphy/ptII/ptolemy/domains/modal/test/auto/Default2.xml
----------------- Instantiating /home/travis/build/icyphy/ptII/ptolemy/domains/modal/test/auto/Default2.xml
76 ms. Memory: 578560K Free: 276535K (48%)
----------------- Invoking toplevel() on ptolemy.moml.MoMLSimpleApplication@3c569dd3
----------------- Done invoking toplevel() on ptolemy.moml.MoMLSimpleApplication@3c569dd3
reloadAllAccessors: .Default2
----------------- testing Thu May 10 00:24:57 UTC 2018 /home/travis/build/icyphy/ptII/ptolemy/domains/modal/test/auto/Default3.xml
----------------- Instantiating /home/travis/build/icyphy/ptII/ptolemy/domains/modal/test/auto/Default3.xml
2 ms. Memory: 578560K Free: 264292K (46%)
----------------- Invoking toplevel() on ptolemy.moml.MoMLSimpleApplication@7192984a
----------------- Done invoking toplevel() on ptolemy.moml.MoMLSimpleApplication@7192984a
reloadAllAccessors: .Default3
----------------- testing Thu May 10 00:24:57 UTC 2018 /home/travis/build/icyphy/ptII/ptolemy/domains/modal/test/auto/Default4.xml
----------------- Instantiating /home/travis/build/icyphy/ptII/ptolemy/domains/modal/test/auto/Default4.xml
4 ms. Memory: 578560K Free: 254491K (44%)
----------------- Invoking toplevel() on ptolemy.moml.MoMLSimpleApplication@1bb15617
----------------- Done invoking toplevel() on ptolemy.moml.MoMLSimpleApplication@1bb15617
reloadAllAccessors: .Default4
----------------- testing Thu May 10 00:24:57 UTC 2018 /home/travis/build/icyphy/ptII/ptolemy/domains/modal/test/auto/Default5.xml
----------------- Instantiating /home/travis/build/icyphy/ptII/ptolemy/domains/modal/test/auto/Default5.xml
6 ms. Memory: 578560K Free: 244721K (42%)
----------------- Invoking toplevel() on ptolemy.moml.MoMLSimpleApplication@2e9d0944
----------------- Done invoking toplevel() on ptolemy.moml.MoMLSimpleApplication@2e9d0944
reloadAllAccessors: .Default5
----------------- testing Thu May 10 00:24:57 UTC 2018 /home/travis/build/icyphy/ptII/ptolemy/domains/modal/test/auto/EmptyGuard.xml
----------------- Instantiating /home/travis/build/icyphy/ptII/ptolemy/domains/modal/test/auto/EmptyGuard.xml
11 ms. Memory: 578560K Free: 231799K (40%)
----------------- Invoking toplevel() on ptolemy.moml.MoMLSimpleApplication@666bdeb9
----------------- Done invoking toplevel() on ptolemy.moml.MoMLSimpleApplication@666bdeb9
reloadAllAccessors: .EmptyGuard
----------------- testing Thu May 10 00:24:57 UTC 2018 /home/travis/build/icyphy/ptII/ptolemy/domains/modal/test/auto/ErrorTransition1.xml
----------------- Instantiating /home/travis/build/icyphy/ptII/ptolemy/domains/modal/test/auto/ErrorTransition1.xml
7 ms. Memory: 578560K Free: 219572K (38%)
----------------- Invoking toplevel() on ptolemy.moml.MoMLSimpleApplication@5b7100c8
----------------- Done invoking toplevel() on ptolemy.moml.MoMLSimpleApplication@5b7100c8
reloadAllAccessors: .ErrorTransition1
----------------- testing Thu May 10 00:24:57 UTC 2018 /home/travis/build/icyphy/ptII/ptolemy/domains/modal/test/auto/ErrorTransition10.xml
----------------- Instantiating /home/travis/build/icyphy/ptII/ptolemy/domains/modal/test/auto/ErrorTransition10.xml
9 ms. Memory: 578560K Free: 202476K (35%)
----------------- Invoking toplevel() on ptolemy.moml.MoMLSimpleApplication@585cf323
----------------- Done invoking toplevel() on ptolemy.moml.MoMLSimpleApplication@585cf323
reloadAllAccessors: .ErrorTransition10
----------------- testing Thu May 10 00:24:57 UTC 2018 /home/travis/build/icyphy/ptII/ptolemy/domains/modal/test/auto/ErrorTransition11.xml
----------------- Instantiating /home/travis/build/icyphy/ptII/ptolemy/domains/modal/test/auto/ErrorTransition11.xml
5 ms. Memory: 578560K Free: 187774K (32%)
----------------- Invoking toplevel() on ptolemy.moml.MoMLSimpleApplication@402328fb
----------------- Done invoking toplevel() on ptolemy.moml.MoMLSimpleApplication@402328fb
reloadAllAccessors: .ErrorTransition11
----------------- testing Thu May 10 00:24:57 UTC 2018 /home/travis/build/icyphy/ptII/ptolemy/domains/modal/test/auto/ErrorTransition2.xml
----------------- Instantiating /home/travis/build/icyphy/ptII/ptolemy/domains/modal/test/auto/ErrorTransition2.xml
7 ms. Memory: 578560K Free: 175531K (30%)
----------------- Invoking toplevel() on ptolemy.moml.MoMLSimpleApplication@52b6c742
----------------- Done invoking toplevel() on ptolemy.moml.MoMLSimpleApplication@52b6c742
reloadAllAccessors: .ErrorTransition2
----------------- testing Thu May 10 00:24:57 UTC 2018 /home/travis/build/icyphy/ptII/ptolemy/domains/modal/test/auto/ErrorTransition3.xml
----------------- Instantiating /home/travis/build/icyphy/ptII/ptolemy/domains/modal/test/auto/ErrorTransition3.xml
7 ms. Memory: 578560K Free: 160159K (28%)
----------------- Invoking toplevel() on ptolemy.moml.MoMLSimpleApplication@1db1751e
----------------- Done invoking toplevel() on ptolemy.moml.MoMLSimpleApplication@1db1751e
reloadAllAccessors: .ErrorTransition3
----------------- testing Thu May 10 00:24:57 UTC 2018 /home/travis/build/icyphy/ptII/ptolemy/domains/modal/test/auto/ErrorTransition4.xml
----------------- Instantiating /home/travis/build/icyphy/ptII/ptolemy/domains/modal/test/auto/ErrorTransition4.xml
7 ms. Memory: 578560K Free: 147931K (26%)
----------------- Invoking toplevel() on ptolemy.moml.MoMLSimpleApplication@5cd24536
----------------- Done invoking toplevel() on ptolemy.moml.MoMLSimpleApplication@5cd24536
reloadAllAccessors: .ErrorTransition4
----------------- testing Thu May 10 00:24:57 UTC 2018 /home/travis/build/icyphy/ptII/ptolemy/domains/modal/test/auto/ErrorTransition5.xml
----------------- Instantiating /home/travis/build/icyphy/ptII/ptolemy/domains/modal/test/auto/ErrorTransition5.xml
6 ms. Memory: 578560K Free: 135704K (23%)
----------------- Invoking toplevel() on ptolemy.moml.MoMLSimpleApplication@3e149dd0
----------------- Done invoking toplevel() on ptolemy.moml.MoMLSimpleApplication@3e149dd0
reloadAllAccessors: .ErrorTransition5
----------------- testing Thu May 10 00:24:57 UTC 2018 /home/travis/build/icyphy/ptII/ptolemy/domains/modal/test/auto/ErrorTransition6.xml
----------------- Instantiating /home/travis/build/icyphy/ptII/ptolemy/domains/modal/test/auto/ErrorTransition6.xml
7 ms. Memory: 578560K Free: 123492K (21%)
----------------- Invoking toplevel() on ptolemy.moml.MoMLSimpleApplication@5dba0500
----------------- Done invoking toplevel() on ptolemy.moml.MoMLSimpleApplication@5dba0500
reloadAllAccessors: .ErrorTransition6
----------------- testing Thu May 10 00:24:57 UTC 2018 /home/travis/build/icyphy/ptII/ptolemy/domains/modal/test/auto/ErrorTransition7.xml
----------------- Instantiating /home/travis/build/icyphy/ptII/ptolemy/domains/modal/test/auto/ErrorTransition7.xml
11 ms. Memory: 578560K Free: 103227K (18%)
----------------- Invoking toplevel() on ptolemy.moml.MoMLSimpleApplication@3f0bbeb7
----------------- Done invoking toplevel() on ptolemy.moml.MoMLSimpleApplication@3f0bbeb7
reloadAllAccessors: .ErrorTransition7
----------------- testing Thu May 10 00:24:57 UTC 2018 /home/travis/build/icyphy/ptII/ptolemy/domains/modal/test/auto/ErrorTransition8.xml
----------------- Instantiating /home/travis/build/icyphy/ptII/ptolemy/domains/modal/test/auto/ErrorTransition8.xml
26 ms. Memory: 578560K Free: 86115K (15%)
----------------- Invoking toplevel() on ptolemy.moml.MoMLSimpleApplication@55c368d8
----------------- Done invoking toplevel() on ptolemy.moml.MoMLSimpleApplication@55c368d8
reloadAllAccessors: .ErrorTransition8
----------------- testing Thu May 10 00:24:57 UTC 2018 /home/travis/build/icyphy/ptII/ptolemy/domains/modal/test/auto/ErrorTransition9.xml
----------------- Instantiating /home/travis/build/icyphy/ptII/ptolemy/domains/modal/test/auto/ErrorTransition9.xml
10 ms. Memory: 578560K Free: 554144K (96%)
----------------- Invoking toplevel() on ptolemy.moml.MoMLSimpleApplication@14a07f5d
----------------- Done invoking toplevel() on ptolemy.moml.MoMLSimpleApplication@14a07f5d
reloadAllAccessors: .ErrorTransition9
----------------- testing Thu May 10 00:24:57 UTC 2018 /home/travis/build/icyphy/ptII/ptolemy/domains/modal/test/auto/ExtendedFSM.xml
----------------- Instantiating /home/travis/build/icyphy/ptII/ptolemy/domains/modal/test/auto/ExtendedFSM.xml
6 ms. Memory: 578560K Free: 542165K (94%)
----------------- Invoking toplevel() on ptolemy.moml.MoMLSimpleApplication@72248d0e
----------------- Done invoking toplevel() on ptolemy.moml.MoMLSimpleApplication@72248d0e
reloadAllAccessors: .ExtendedFSM
----------------- testing Thu May 10 00:24:57 UTC 2018 /home/travis/build/icyphy/ptII/ptolemy/domains/modal/test/auto/FinalStates.xml
----------------- Instantiating /home/travis/build/icyphy/ptII/ptolemy/domains/modal/test/auto/FinalStates.xml
9 ms. Memory: 578560K Free: 532380K (92%)
----------------- Invoking toplevel() on ptolemy.moml.MoMLSimpleApplication@3256e948
----------------- Done invoking toplevel() on ptolemy.moml.MoMLSimpleApplication@3256e948
reloadAllAccessors: .FinalStates
----------------- testing Thu May 10 00:24:58 UTC 2018 /home/travis/build/icyphy/ptII/ptolemy/domains/modal/test/auto/FixedPointFSM.xml
----------------- Instantiating /home/travis/build/icyphy/ptII/ptolemy/domains/modal/test/auto/FixedPointFSM.xml
14 ms. Memory: 578560K Free: 512886K (89%)
----------------- Invoking toplevel() on ptolemy.moml.MoMLSimpleApplication@686e71de
----------------- Done invoking toplevel() on ptolemy.moml.MoMLSimpleApplication@686e71de
reloadAllAccessors: .FixedPointFSM
----------------- testing Thu May 10 00:24:58 UTC 2018 /home/travis/build/icyphy/ptII/ptolemy/domains/modal/test/auto/FixedPointIterationFSMActor.xml
----------------- Instantiating /home/travis/build/icyphy/ptII/ptolemy/domains/modal/test/auto/FixedPointIterationFSMActor.xml
9 ms. Memory: 578560K Free: 500651K (87%)
----------------- Invoking toplevel() on ptolemy.moml.MoMLSimpleApplication@7147ee7a
----------------- Done invoking toplevel() on ptolemy.moml.MoMLSimpleApplication@7147ee7a
reloadAllAccessors: .FixedPointIterationFSMActor
----------------- testing Thu May 10 00:24:58 UTC 2018 /home/travis/build/icyphy/ptII/ptolemy/domains/modal/test/auto/FixedPointIterationFSMActor2.xml
----------------- Instantiating /home/travis/build/icyphy/ptII/ptolemy/domains/modal/test/auto/FixedPointIterationFSMActor2.xml
12 ms. Memory: 578560K Free: 485981K (84%)
----------------- Invoking toplevel() on ptolemy.moml.MoMLSimpleApplication@4de3f692
----------------- Done invoking toplevel() on ptolemy.moml.MoMLSimpleApplication@4de3f692
reloadAllAccessors: .FixedPointIterationFSMActor2
----------------- testing Thu May 10 00:24:58 UTC 2018 /home/travis/build/icyphy/ptII/ptolemy/domains/modal/test/auto/ForbiddenInstantanousLoop.xml
----------------- Instantiating /home/travis/build/icyphy/ptII/ptolemy/domains/modal/test/auto/ForbiddenInstantanousLoop.xml
6 ms. Memory: 578560K Free: 469101K (81%)
----------------- Invoking toplevel() on ptolemy.moml.MoMLSimpleApplication@117c5a53
----------------- Done invoking toplevel() on ptolemy.moml.MoMLSimpleApplication@117c5a53
reloadAllAccessors: .ForbiddenInstantanousLoop
----------------- testing Thu May 10 00:24:58 UTC 2018 /home/travis/build/icyphy/ptII/ptolemy/domains/modal/test/auto/FunctionDependencyOfFSMActorTest.xml
----------------- Instantiating /home/travis/build/icyphy/ptII/ptolemy/domains/modal/test/auto/FunctionDependencyOfFSMActorTest.xml
8 ms. Memory: 578560K Free: 461774K (80%)
----------------- Invoking toplevel() on ptolemy.moml.MoMLSimpleApplication@17222818
----------------- Done invoking toplevel() on ptolemy.moml.MoMLSimpleApplication@17222818
reloadAllAccessors: .FunctionDependencyOfFSMActorTest
----------------- testing Thu May 10 00:24:58 UTC 2018 /home/travis/build/icyphy/ptII/ptolemy/domains/modal/test/auto/GuardExpression.xml
----------------- Instantiating /home/travis/build/icyphy/ptII/ptolemy/domains/modal/test/auto/GuardExpression.xml
5 ms. Memory: 578560K Free: 454432K (79%)
----------------- Invoking toplevel() on ptolemy.moml.MoMLSimpleApplication@220d763d
----------------- Done invoking toplevel() on ptolemy.moml.MoMLSimpleApplication@220d763d
reloadAllAccessors: .GuardExpression
----------------- testing Thu May 10 00:24:58 UTC 2018 /home/travis/build/icyphy/ptII/ptolemy/domains/modal/test/auto/GuardNotEvaluated.xml
----------------- Instantiating /home/travis/build/icyphy/ptII/ptolemy/domains/modal/test/auto/GuardNotEvaluated.xml
12 ms. Memory: 578560K Free: 439994K (76%)
----------------- Invoking toplevel() on ptolemy.moml.MoMLSimpleApplication@52e9a714
----------------- Done invoking toplevel() on ptolemy.moml.MoMLSimpleApplication@52e9a714
reloadAllAccessors: .GuardNotEvaluated
----------------- testing Thu May 10 00:24:58 UTC 2018 /home/travis/build/icyphy/ptII/ptolemy/domains/modal/test/auto/GuardNotEvaluated2.xml
----------------- Instantiating /home/travis/build/icyphy/ptII/ptolemy/domains/modal/test/auto/GuardNotEvaluated2.xml
9 ms. Memory: 578560K Free: 427767K (74%)
----------------- Invoking toplevel() on ptolemy.moml.MoMLSimpleApplication@765aa4e2
----------------- Done invoking toplevel() on ptolemy.moml.MoMLSimpleApplication@765aa4e2
reloadAllAccessors: .GuardNotEvaluated2
----------------- testing Thu May 10 00:24:58 UTC 2018 /home/travis/build/icyphy/ptII/ptolemy/domains/modal/test/auto/GuardOnAbsent.xml
----------------- Instantiating /home/travis/build/icyphy/ptII/ptolemy/domains/modal/test/auto/GuardOnAbsent.xml
14 ms. Memory: 578560K Free: 417974K (72%)
----------------- Invoking toplevel() on ptolemy.moml.MoMLSimpleApplication@7b8d4ec9
----------------- Done invoking toplevel() on ptolemy.moml.MoMLSimpleApplication@7b8d4ec9
reloadAllAccessors: .GuardOnAbsent
----------------- testing Thu May 10 00:24:58 UTC 2018 /home/travis/build/icyphy/ptII/ptolemy/domains/modal/test/auto/HierarchicalFSMTypeInference.xml
----------------- Instantiating /home/travis/build/icyphy/ptII/ptolemy/domains/modal/test/auto/HierarchicalFSMTypeInference.xml
11 ms. Memory: 578560K Free: 401094K (69%)
----------------- Invoking toplevel() on ptolemy.moml.MoMLSimpleApplication@45a6cdca
----------------- Done invoking toplevel() on ptolemy.moml.MoMLSimpleApplication@45a6cdca
reloadAllAccessors: .HierarchicalFSMTypeInference
----------------- testing Thu May 10 00:24:58 UTC 2018 /home/travis/build/icyphy/ptII/ptolemy/domains/modal/test/auto/Hysteresis.xml
----------------- Instantiating /home/travis/build/icyphy/ptII/ptolemy/domains/modal/test/auto/Hysteresis.xml
19 ms. Memory: 578560K Free: 383958K (66%)
----------------- Invoking toplevel() on ptolemy.moml.MoMLSimpleApplication@5f787b7c
----------------- Done invoking toplevel() on ptolemy.moml.MoMLSimpleApplication@5f787b7c
reloadAllAccessors: .Hysteresis
----------------- testing Thu May 10 00:24:58 UTC 2018 /home/travis/build/icyphy/ptII/ptolemy/domains/modal/test/auto/HysteresisWithDefault.xml
----------------- Instantiating /home/travis/build/icyphy/ptII/ptolemy/domains/modal/test/auto/HysteresisWithDefault.xml
57 ms. Memory: 578560K Free: 354835K (61%)
----------------- Invoking toplevel() on ptolemy.moml.MoMLSimpleApplication@53cce4a1
----------------- Done invoking toplevel() on ptolemy.moml.MoMLSimpleApplication@53cce4a1
reloadAllAccessors: .HysteresisWithDefault
----------------- testing Thu May 10 00:24:58 UTC 2018 /home/travis/build/icyphy/ptII/ptolemy/domains/modal/test/auto/HysteresisWithDefault2.xml
----------------- Instantiating /home/travis/build/icyphy/ptII/ptolemy/domains/modal/test/auto/HysteresisWithDefault2.xml
213 ms. Memory: 849920K Free: 824600K (97%)
----------------- Invoking toplevel() on ptolemy.moml.MoMLSimpleApplication@3ada0e06
----------------- Done invoking toplevel() on ptolemy.moml.MoMLSimpleApplication@3ada0e06
reloadAllAccessors: .HysteresisWithDefault2
----------------- testing Thu May 10 00:24:58 UTC 2018 /home/travis/build/icyphy/ptII/ptolemy/domains/modal/test/auto/ImmediateNonConstructiveness.xml
----------------- Instantiating /home/travis/build/icyphy/ptII/ptolemy/domains/modal/test/auto/ImmediateNonConstructiveness.xml
4 ms. Memory: 849920K Free: 805436K (95%)
----------------- Invoking toplevel() on ptolemy.moml.MoMLSimpleApplication@46c412b5
----------------- Done invoking toplevel() on ptolemy.moml.MoMLSimpleApplication@46c412b5
reloadAllAccessors: .ImmediateNonConstructiveness
----------------- testing Thu May 10 00:24:58 UTC 2018 /home/travis/build/icyphy/ptII/ptolemy/domains/modal/test/auto/ImmediateNonConstructiveness2.xml
----------------- Instantiating /home/travis/build/icyphy/ptII/ptolemy/domains/modal/test/auto/ImmediateNonConstructiveness2.xml
2 ms. Memory: 849920K Free: 793700K (93%)
----------------- Invoking toplevel() on ptolemy.moml.MoMLSimpleApplication@541cf3e5
----------------- Done invoking toplevel() on ptolemy.moml.MoMLSimpleApplication@541cf3e5
reloadAllAccessors: .ImmediateNonConstructiveness2
----------------- testing Thu May 10 00:24:58 UTC 2018 /home/travis/build/icyphy/ptII/ptolemy/domains/modal/test/auto/ImmediateTransitionReset.xml
----------------- Instantiating /home/travis/build/icyphy/ptII/ptolemy/domains/modal/test/auto/ImmediateTransitionReset.xml
10 ms. Memory: 849920K Free: 774123K (91%)
----------------- Invoking toplevel() on ptolemy.moml.MoMLSimpleApplication@117558c1
----------------- Done invoking toplevel() on ptolemy.moml.MoMLSimpleApplication@117558c1
reloadAllAccessors: .ImmediateTransitionReset
----------------- testing Thu May 10 00:24:59 UTC 2018 /home/travis/build/icyphy/ptII/ptolemy/domains/modal/test/auto/ImmediateTransitions1.xml
----------------- Instantiating /home/travis/build/icyphy/ptII/ptolemy/domains/modal/test/auto/ImmediateTransitions1.xml
2 ms. Memory: 849920K Free: 762379K (90%)
----------------- Invoking toplevel() on ptolemy.moml.MoMLSimpleApplication@2e3a96aa
----------------- Done invoking toplevel() on ptolemy.moml.MoMLSimpleApplication@2e3a96aa
reloadAllAccessors: .ImmediateTransitions1
----------------- testing Thu May 10 00:24:59 UTC 2018 /home/travis/build/icyphy/ptII/ptolemy/domains/modal/test/auto/ImmediateTransitionsInstantaneousCommunication.xml
----------------- Instantiating /home/travis/build/icyphy/ptII/ptolemy/domains/modal/test/auto/ImmediateTransitionsInstantaneousCommunication.xml
4 ms. Memory: 849920K Free: 739298K (87%)
----------------- Invoking toplevel() on ptolemy.moml.MoMLSimpleApplication@7ce37d37
----------------- Done invoking toplevel() on ptolemy.moml.MoMLSimpleApplication@7ce37d37
reloadAllAccessors: .ImmediateTransitionsInstantaneousCommunication
----------------- testing Thu May 10 00:24:59 UTC 2018 /home/travis/build/icyphy/ptII/ptolemy/domains/modal/test/auto/InitialImmediateTransition.xml
----------------- Instantiating /home/travis/build/icyphy/ptII/ptolemy/domains/modal/test/auto/InitialImmediateTransition.xml
4 ms. Memory: 849920K Free: 727571K (86%)
----------------- Invoking toplevel() on ptolemy.moml.MoMLSimpleApplication@43039f4c
----------------- Done invoking toplevel() on ptolemy.moml.MoMLSimpleApplication@43039f4c
reloadAllAccessors: .InitialImmediateTransition
----------------- testing Thu May 10 00:24:59 UTC 2018 /home/travis/build/icyphy/ptII/ptolemy/domains/modal/test/auto/InitialOutputs.xml
----------------- Instantiating /home/travis/build/icyphy/ptII/ptolemy/domains/modal/test/auto/InitialOutputs.xml
5 ms. Memory: 849920K Free: 715827K (84%)
----------------- Invoking toplevel() on ptolemy.moml.MoMLSimpleApplication@21c993c9
----------------- Done invoking toplevel() on ptolemy.moml.MoMLSimpleApplication@21c993c9
reloadAllAccessors: .InitialOutputs
----------------- testing Thu May 10 00:24:59 UTC 2018 /home/travis/build/icyphy/ptII/ptolemy/domains/modal/test/auto/InitialStateTransition1.xml
----------------- Instantiating /home/travis/build/icyphy/ptII/ptolemy/domains/modal/test/auto/InitialStateTransition1.xml
4 ms. Memory: 849920K Free: 704100K (83%)
----------------- Invoking toplevel() on ptolemy.moml.MoMLSimpleApplication@694db1a3
----------------- Done invoking toplevel() on ptolemy.moml.MoMLSimpleApplication@694db1a3
reloadAllAccessors: .InitialStateTransition1
----------------- testing Thu May 10 00:24:59 UTC 2018 /home/travis/build/icyphy/ptII/ptolemy/domains/modal/test/auto/InitialStateTransition2.xml
----------------- Instantiating /home/travis/build/icyphy/ptII/ptolemy/domains/modal/test/auto/InitialStateTransition2.xml
.InitialStateTransition2.TestExceptionAttributeNonConstructive: initialize() was not invoked, but wrapup() was.  This is unusual, but not always a problem.  For example, exporting JNLP will do this.
1 ms. Memory: 849920K Free: 688853K (81%)
----------------- Invoking toplevel() on ptolemy.moml.MoMLSimpleApplication@60c4cfb9
----------------- Done invoking toplevel() on ptolemy.moml.MoMLSimpleApplication@60c4cfb9
reloadAllAccessors: .InitialStateTransition2
----------------- testing Thu May 10 00:24:59 UTC 2018 /home/travis/build/icyphy/ptII/ptolemy/domains/modal/test/auto/InitialStateTransition3.xml
----------------- Instantiating /home/travis/build/icyphy/ptII/ptolemy/domains/modal/test/auto/InitialStateTransition3.xml
5 ms. Memory: 849920K Free: 673200K (79%)
----------------- Invoking toplevel() on ptolemy.moml.MoMLSimpleApplication@57729d3e
----------------- Done invoking toplevel() on ptolemy.moml.MoMLSimpleApplication@57729d3e
reloadAllAccessors: .InitialStateTransition3
----------------- testing Thu May 10 00:24:59 UTC 2018 /home/travis/build/icyphy/ptII/ptolemy/domains/modal/test/auto/InitialStateTransition4.xml
----------------- Instantiating /home/travis/build/icyphy/ptII/ptolemy/domains/modal/test/auto/InitialStateTransition4.xml
3 ms. Memory: 849920K Free: 657563K (77%)
----------------- Invoking toplevel() on ptolemy.moml.MoMLSimpleApplication@590dafc8
----------------- Done invoking toplevel() on ptolemy.moml.MoMLSimpleApplication@590dafc8
reloadAllAccessors: .InitialStateTransition4
----------------- testing Thu May 10 00:24:59 UTC 2018 /home/travis/build/icyphy/ptII/ptolemy/domains/modal/test/auto/MalformedGuardExpressionNotCaught.xml
----------------- Instantiating /home/travis/build/icyphy/ptII/ptolemy/domains/modal/test/auto/MalformedGuardExpressionNotCaught.xml
4 ms. Memory: 849920K Free: 645819K (76%)
----------------- Invoking toplevel() on ptolemy.moml.MoMLSimpleApplication@6a36c324
----------------- Done invoking toplevel() on ptolemy.moml.MoMLSimpleApplication@6a36c324
reloadAllAccessors: .MalformedGuardExpressionNotCaught
----------------- testing Thu May 10 00:24:59 UTC 2018 /home/travis/build/icyphy/ptII/ptolemy/domains/modal/test/auto/ModalBSC.xml
----------------- Instantiating /home/travis/build/icyphy/ptII/ptolemy/domains/modal/test/auto/ModalBSC.xml
56 ms. Memory: 849920K Free: 610581K (72%)
----------------- Invoking toplevel() on ptolemy.moml.MoMLSimpleApplication@74b5016c
----------------- Done invoking toplevel() on ptolemy.moml.MoMLSimpleApplication@74b5016c
reloadAllAccessors: .ModalBSC
----------------- testing Thu May 10 00:24:59 UTC 2018 /home/travis/build/icyphy/ptII/ptolemy/domains/modal/test/auto/ModalClocks.xml
----------------- Instantiating /home/travis/build/icyphy/ptII/ptolemy/domains/modal/test/auto/ModalClocks.xml
42 ms. Memory: 849920K Free: 579658K (68%)
----------------- Invoking toplevel() on ptolemy.moml.MoMLSimpleApplication@5b396374
----------------- Done invoking toplevel() on ptolemy.moml.MoMLSimpleApplication@5b396374
reloadAllAccessors: .ModalClocks
----------------- testing Thu May 10 00:24:59 UTC 2018 /home/travis/build/icyphy/ptII/ptolemy/domains/modal/test/auto/ModalDelay.xml
----------------- Instantiating /home/travis/build/icyphy/ptII/ptolemy/domains/modal/test/auto/ModalDelay.xml
14 ms. Memory: 849920K Free: 564021K (66%)
----------------- Invoking toplevel() on ptolemy.moml.MoMLSimpleApplication@5f7d7c6a
----------------- Done invoking toplevel() on ptolemy.moml.MoMLSimpleApplication@5f7d7c6a
reloadAllAccessors: .ModalDelay
----------------- testing Thu May 10 00:24:59 UTC 2018 /home/travis/build/icyphy/ptII/ptolemy/domains/modal/test/auto/ModalDelay2.xml
----------------- Instantiating /home/travis/build/icyphy/ptII/ptolemy/domains/modal/test/auto/ModalDelay2.xml
13 ms. Memory: 849920K Free: 548376K (65%)
----------------- Invoking toplevel() on ptolemy.moml.MoMLSimpleApplication@56217497
----------------- Done invoking toplevel() on ptolemy.moml.MoMLSimpleApplication@56217497
reloadAllAccessors: .ModalDelay2
----------------- testing Thu May 10 00:24:59 UTC 2018 /home/travis/build/icyphy/ptII/ptolemy/domains/modal/test/auto/ModalModelFromMemo.xml
----------------- Instantiating /home/travis/build/icyphy/ptII/ptolemy/domains/modal/test/auto/ModalModelFromMemo.xml
19 ms. Memory: 849920K Free: 520964K (61%)
----------------- Invoking toplevel() on ptolemy.moml.MoMLSimpleApplication@77db50e6
----------------- Done invoking toplevel() on ptolemy.moml.MoMLSimpleApplication@77db50e6
reloadAllAccessors: .ModalModelFromMemo
----------------- testing Thu May 10 00:24:59 UTC 2018 /home/travis/build/icyphy/ptII/ptolemy/domains/modal/test/auto/ModalModelWithMultirateTransient.xml
----------------- Instantiating /home/travis/build/icyphy/ptII/ptolemy/domains/modal/test/auto/ModalModelWithMultirateTransient.xml
14 ms. Memory: 849920K Free: 497875K (59%)
----------------- Invoking toplevel() on ptolemy.moml.MoMLSimpleApplication@6f6002e6
----------------- Done invoking toplevel() on ptolemy.moml.MoMLSimpleApplication@6f6002e6
reloadAllAccessors: .ModalModelWithMultirateTransient
----------------- testing Thu May 10 00:24:59 UTC 2018 /home/travis/build/icyphy/ptII/ptolemy/domains/modal/test/auto/ModalModelWithReset.xml
----------------- Instantiating /home/travis/build/icyphy/ptII/ptolemy/domains/modal/test/auto/ModalModelWithReset.xml
14 ms. Memory: 849920K Free: 478321K (56%)
----------------- Invoking toplevel() on ptolemy.moml.MoMLSimpleApplication@60dac9aa
----------------- Done invoking toplevel() on ptolemy.moml.MoMLSimpleApplication@60dac9aa
reloadAllAccessors: .ModalModelWithReset
----------------- testing Thu May 10 00:24:59 UTC 2018 /home/travis/build/icyphy/ptII/ptolemy/domains/modal/test/auto/MouseClickFSM.xml
----------------- Instantiating /home/travis/build/icyphy/ptII/ptolemy/domains/modal/test/auto/MouseClickFSM.xml
19 ms. Memory: 849920K Free: 458767K (54%)
----------------- Invoking toplevel() on ptolemy.moml.MoMLSimpleApplication@66c52560
----------------- Done invoking toplevel() on ptolemy.moml.MoMLSimpleApplication@66c52560
reloadAllAccessors: .MouseClickFSM
----------------- testing Thu May 10 00:24:59 UTC 2018 /home/travis/build/icyphy/ptII/ptolemy/domains/modal/test/auto/MouseClickFSMModal.xml
----------------- Instantiating /home/travis/build/icyphy/ptII/ptolemy/domains/modal/test/auto/MouseClickFSMModal.xml
14 ms. Memory: 849920K Free: 439189K (52%)
----------------- Invoking toplevel() on ptolemy.moml.MoMLSimpleApplication@6f53fc3f
----------------- Done invoking toplevel() on ptolemy.moml.MoMLSimpleApplication@6f53fc3f
reloadAllAccessors: .MouseClickFSMModal
----------------- testing Thu May 10 00:25:00 UTC 2018 /home/travis/build/icyphy/ptII/ptolemy/domains/modal/test/auto/NonStrictFSM_FeedbackLoop.xml
----------------- Instantiating /home/travis/build/icyphy/ptII/ptolemy/domains/modal/test/auto/NonStrictFSM_FeedbackLoop.xml
29 ms. Memory: 849920K Free: 408306K (48%)
----------------- Invoking toplevel() on ptolemy.moml.MoMLSimpleApplication@578ce53a
----------------- Done invoking toplevel() on ptolemy.moml.MoMLSimpleApplication@578ce53a
reloadAllAccessors: .NonStrictFSM_FeedbackLoop
----------------- testing Thu May 10 00:25:00 UTC 2018 /home/travis/build/icyphy/ptII/ptolemy/domains/modal/test/auto/NonStrictFSM_FeedbackLoop_Refinement.xml
----------------- Instantiating /home/travis/build/icyphy/ptII/ptolemy/domains/modal/test/auto/NonStrictFSM_FeedbackLoop_Refinement.xml
36 ms. Memory: 849920K Free: 377024K (44%)
----------------- Invoking toplevel() on ptolemy.moml.MoMLSimpleApplication@7c8696cb
----------------- Done invoking toplevel() on ptolemy.moml.MoMLSimpleApplication@7c8696cb
reloadAllAccessors: .NonStrictFSM_FeedbackLoop_Refinement
----------------- testing Thu May 10 00:25:00 UTC 2018 /home/travis/build/icyphy/ptII/ptolemy/domains/modal/test/auto/NonStrictFSM_FeedbackLoop_preemptive.xml
----------------- Instantiating /home/travis/build/icyphy/ptII/ptolemy/domains/modal/test/auto/NonStrictFSM_FeedbackLoop_preemptive.xml
17 ms. Memory: 849920K Free: 345719K (41%)
----------------- Invoking toplevel() on ptolemy.moml.MoMLSimpleApplication@5638fb0e
----------------- Done invoking toplevel() on ptolemy.moml.MoMLSimpleApplication@5638fb0e
reloadAllAccessors: .NonStrictFSM_FeedbackLoop_preemptive
----------------- testing Thu May 10 00:25:00 UTC 2018 /home/travis/build/icyphy/ptII/ptolemy/domains/modal/test/auto/NormalTermination.xml
----------------- Instantiating /home/travis/build/icyphy/ptII/ptolemy/domains/modal/test/auto/NormalTermination.xml
6 ms. Memory: 849920K Free: 322248K (38%)
----------------- Invoking toplevel() on ptolemy.moml.MoMLSimpleApplication@75705a9c
----------------- Done invoking toplevel() on ptolemy.moml.MoMLSimpleApplication@75705a9c
reloadAllAccessors: .NormalTermination
----------------- testing Thu May 10 00:25:00 UTC 2018 /home/travis/build/icyphy/ptII/ptolemy/domains/modal/test/auto/Pong.xml
----------------- Instantiating /home/travis/build/icyphy/ptII/ptolemy/domains/modal/test/auto/Pong.xml
49 ms. Memory: 849920K Free: 295258K (35%)
----------------- Invoking toplevel() on ptolemy.moml.MoMLSimpleApplication@63e6e792
----------------- Done invoking toplevel() on ptolemy.moml.MoMLSimpleApplication@63e6e792
reloadAllAccessors: .Pong
[...]
3 ms. Memory: 849920K Free: 695393K (82%)
----------------- Invoking toplevel() on ptolemy.moml.MoMLSimpleApplication@19bead9a
----------------- Done invoking toplevel() on ptolemy.moml.MoMLSimpleApplication@19bead9a
reloadAllAccessors: .StrongImmediateTransition
----------------- testing Thu May 10 00:25:01 UTC 2018 /home/travis/build/icyphy/ptII/ptolemy/domains/modal/test/auto/SustainHierarchy.xml
----------------- Instantiating /home/travis/build/icyphy/ptII/ptolemy/domains/modal/test/auto/SustainHierarchy.xml
7 ms. Memory: 849920K Free: 679741K (80%)
----------------- Invoking toplevel() on ptolemy.moml.MoMLSimpleApplication@f32798e
----------------- Done invoking toplevel() on ptolemy.moml.MoMLSimpleApplication@f32798e
reloadAllAccessors: .SustainHierarchy
----------------- testing Thu May 10 00:25:01 UTC 2018 /home/travis/build/icyphy/ptII/ptolemy/domains/modal/test/auto/TerminationTransition1.xml
----------------- Instantiating /home/travis/build/icyphy/ptII/ptolemy/domains/modal/test/auto/TerminationTransition1.xml
2 ms. Memory: 849920K Free: 664072K (78%)
----------------- Invoking toplevel() on ptolemy.moml.MoMLSimpleApplication@70edb606
----------------- Done invoking toplevel() on ptolemy.moml.MoMLSimpleApplication@70edb606
reloadAllAccessors: .TerminationTransition1
----------------- testing Thu May 10 00:25:01 UTC 2018 /home/travis/build/icyphy/ptII/ptolemy/domains/modal/test/auto/TerminationTransition2.xml
----------------- Instantiating /home/travis/build/icyphy/ptII/ptolemy/domains/modal/test/auto/TerminationTransition2.xml
4 ms. Memory: 849920K Free: 645940K (76%)
----------------- Invoking toplevel() on ptolemy.moml.MoMLSimpleApplication@355ddf06
----------------- Done invoking toplevel() on ptolemy.moml.MoMLSimpleApplication@355ddf06
reloadAllAccessors: .TerminationTransition2
----------------- testing Thu May 10 00:25:01 UTC 2018 /home/travis/build/icyphy/ptII/ptolemy/domains/modal/test/auto/TerminationTransition3.xml
----------------- Instantiating /home/travis/build/icyphy/ptII/ptolemy/domains/modal/test/auto/TerminationTransition3.xml
2 ms. Memory: 849920K Free: 630288K (74%)
----------------- Invoking toplevel() on ptolemy.moml.MoMLSimpleApplication@1299fbf1
----------------- Done invoking toplevel() on ptolemy.moml.MoMLSimpleApplication@1299fbf1
reloadAllAccessors: .TerminationTransition3
----------------- testing Thu May 10 00:25:01 UTC 2018 /home/travis/build/icyphy/ptII/ptolemy/domains/modal/test/auto/TerminationTransition4.xml
----------------- Instantiating /home/travis/build/icyphy/ptII/ptolemy/domains/modal/test/auto/TerminationTransition4.xml
5 ms. Memory: 849920K Free: 610734K (72%)
----------------- Invoking toplevel() on ptolemy.moml.MoMLSimpleApplication@46fa4ec2
----------------- Done invoking toplevel() on ptolemy.moml.MoMLSimpleApplication@46fa4ec2
reloadAllAccessors: .TerminationTransition4
----------------- testing Thu May 10 00:25:01 UTC 2018 /home/travis/build/icyphy/ptII/ptolemy/domains/modal/test/auto/TerminationTransition5.xml
----------------- Instantiating /home/travis/build/icyphy/ptII/ptolemy/domains/modal/test/auto/TerminationTransition5.xml
3 ms. Memory: 849920K Free: 588677K (69%)
----------------- Invoking toplevel() on ptolemy.moml.MoMLSimpleApplication@964d73c
----------------- Done invoking toplevel() on ptolemy.moml.MoMLSimpleApplication@964d73c
reloadAllAccessors: .TerminationTransition5
----------------- testing Thu May 10 00:25:01 UTC 2018 /home/travis/build/icyphy/ptII/ptolemy/domains/modal/test/auto/TerminationTransition6.xml
----------------- Instantiating /home/travis/build/icyphy/ptII/ptolemy/domains/modal/test/auto/TerminationTransition6.xml
2 ms. Memory: 849920K Free: 573016K (67%)
----------------- Invoking toplevel() on ptolemy.moml.MoMLSimpleApplication@7258eb8f
----------------- Done invoking toplevel() on ptolemy.moml.MoMLSimpleApplication@7258eb8f
reloadAllAccessors: .TerminationTransition6
----------------- testing Thu May 10 00:25:01 UTC 2018 /home/travis/build/icyphy/ptII/ptolemy/domains/modal/test/auto/TerminationTransition7.xml
----------------- Instantiating /home/travis/build/icyphy/ptII/ptolemy/domains/modal/test/auto/TerminationTransition7.xml
3 ms. Memory: 849920K Free: 557380K (66%)
----------------- Invoking toplevel() on ptolemy.moml.MoMLSimpleApplication@add7dc2
----------------- Done invoking toplevel() on ptolemy.moml.MoMLSimpleApplication@add7dc2
reloadAllAccessors: .TerminationTransition7
----------------- testing Thu May 10 00:25:01 UTC 2018 /home/travis/build/icyphy/ptII/ptolemy/domains/modal/test/auto/TerminationTransition8.xml
----------------- Instantiating /home/travis/build/icyphy/ptII/ptolemy/domains/modal/test/auto/TerminationTransition8.xml
2 ms. Memory: 849920K Free: 539256K (63%)
----------------- Invoking toplevel() on ptolemy.moml.MoMLSimpleApplication@b0465a4
----------------- Done invoking toplevel() on ptolemy.moml.MoMLSimpleApplication@b0465a4
reloadAllAccessors: .TerminationTransition8
----------------- testing Thu May 10 00:25:02 UTC 2018 /home/travis/build/icyphy/ptII/ptolemy/domains/modal/test/auto/Thermostat_NoHysteresis.xml
----------------- Instantiating /home/travis/build/icyphy/ptII/ptolemy/domains/modal/test/auto/Thermostat_NoHysteresis.xml
35 ms. Memory: 849920K Free: 507927K (60%)
----------------- Invoking toplevel() on ptolemy.moml.MoMLSimpleApplication@3049b7
----------------- Done invoking toplevel() on ptolemy.moml.MoMLSimpleApplication@3049b7
reloadAllAccessors: .Thermostat_NoHysteresis
----------------- testing Thu May 10 00:25:02 UTC 2018 /home/travis/build/icyphy/ptII/ptolemy/domains/modal/test/auto/TimedFSM.xml
----------------- Instantiating /home/travis/build/icyphy/ptII/ptolemy/domains/modal/test/auto/TimedFSM.xml
10 ms. Memory: 849920K Free: 492274K (58%)
----------------- Invoking toplevel() on ptolemy.moml.MoMLSimpleApplication@108d6f18
----------------- Done invoking toplevel() on ptolemy.moml.MoMLSimpleApplication@108d6f18
reloadAllAccessors: .TimedFSM
----------------- testing Thu May 10 00:25:02 UTC 2018 /home/travis/build/icyphy/ptII/ptolemy/domains/modal/test/auto/Timeout1.xml
----------------- Instantiating /home/travis/build/icyphy/ptII/ptolemy/domains/modal/test/auto/Timeout1.xml
8 ms. Memory: 849920K Free: 481977K (57%)
----------------- Invoking toplevel() on ptolemy.moml.MoMLSimpleApplication@5e4e260d
----------------- Done invoking toplevel() on ptolemy.moml.MoMLSimpleApplication@5e4e260d
reloadAllAccessors: .Timeout1
----------------- testing Thu May 10 00:25:02 UTC 2018 /home/travis/build/icyphy/ptII/ptolemy/domains/modal/test/auto/Timeout2.xml
----------------- Instantiating /home/travis/build/icyphy/ptII/ptolemy/domains/modal/test/auto/Timeout2.xml
7 ms. Memory: 849920K Free: 470233K (55%)
----------------- Invoking toplevel() on ptolemy.moml.MoMLSimpleApplication@488d91d2
----------------- Done invoking toplevel() on ptolemy.moml.MoMLSimpleApplication@488d91d2
reloadAllAccessors: .Timeout2
----------------- testing Thu May 10 00:25:02 UTC 2018 /home/travis/build/icyphy/ptII/ptolemy/domains/modal/test/auto/Timeout3.xml
----------------- Instantiating /home/travis/build/icyphy/ptII/ptolemy/domains/modal/test/auto/Timeout3.xml
7 ms. Memory: 849920K Free: 462415K (54%)
----------------- Invoking toplevel() on ptolemy.moml.MoMLSimpleApplication@7af6691c
----------------- Done invoking toplevel() on ptolemy.moml.MoMLSimpleApplication@7af6691c
reloadAllAccessors: .Timeout3
----------------- testing Thu May 10 00:25:02 UTC 2018 /home/travis/build/icyphy/ptII/ptolemy/domains/modal/test/auto/Timeout4.xml
----------------- Instantiating /home/travis/build/icyphy/ptII/ptolemy/domains/modal/test/auto/Timeout4.xml
3 ms. Memory: 849920K Free: 452118K (53%)
----------------- Invoking toplevel() on ptolemy.moml.MoMLSimpleApplication@1cd0af8d
----------------- Done invoking toplevel() on ptolemy.moml.MoMLSimpleApplication@1cd0af8d
reloadAllAccessors: .Timeout4
----------------- testing Thu May 10 00:25:02 UTC 2018 /home/travis/build/icyphy/ptII/ptolemy/domains/modal/test/auto/TransientstateModelAdvanced.xml
----------------- Instantiating /home/travis/build/icyphy/ptII/ptolemy/domains/modal/test/auto/TransientstateModelAdvanced.xml
3 ms. Memory: 849920K Free: 432540K (51%)
----------------- Invoking toplevel() on ptolemy.moml.MoMLSimpleApplication@70ecd88
----------------- Done invoking toplevel() on ptolemy.moml.MoMLSimpleApplication@70ecd88
reloadAllAccessors: .TransientstateModelAdvanced
----------------- testing Thu May 10 00:25:02 UTC 2018 /home/travis/build/icyphy/ptII/ptolemy/domains/modal/test/auto/TransientstateModelAdvanced2.xml
----------------- Instantiating /home/travis/build/icyphy/ptII/ptolemy/domains/modal/test/auto/TransientstateModelAdvanced2.xml
3 ms. Memory: 849920K Free: 410483K (48%)
----------------- Invoking toplevel() on ptolemy.moml.MoMLSimpleApplication@750674b
----------------- Done invoking toplevel() on ptolemy.moml.MoMLSimpleApplication@750674b
reloadAllAccessors: .transientstatemodelAdvanced
----------------- testing Thu May 10 00:25:02 UTC 2018 /home/travis/build/icyphy/ptII/ptolemy/domains/modal/test/auto/TransitionRefinements.xml
----------------- Instantiating /home/travis/build/icyphy/ptII/ptolemy/domains/modal/test/auto/TransitionRefinements.xml
8 ms. Memory: 849920K Free: 398739K (47%)
----------------- Invoking toplevel() on ptolemy.moml.MoMLSimpleApplication@25c524e
----------------- Done invoking toplevel() on ptolemy.moml.MoMLSimpleApplication@25c524e
reloadAllAccessors: .TransitionRefinements
----------------- testing Thu May 10 00:25:02 UTC 2018 /home/travis/build/icyphy/ptII/ptolemy/domains/modal/test/auto/TwoRefinements1.xml
----------------- Instantiating /home/travis/build/icyphy/ptII/ptolemy/domains/modal/test/auto/TwoRefinements1.xml
3 ms. Memory: 849920K Free: 383087K (45%)
----------------- Invoking toplevel() on ptolemy.moml.MoMLSimpleApplication@19d1b098
----------------- Done invoking toplevel() on ptolemy.moml.MoMLSimpleApplication@19d1b098
reloadAllAccessors: .TwoRefinements1
----------------- testing Thu May 10 00:25:02 UTC 2018 /home/travis/build/icyphy/ptII/ptolemy/domains/modal/test/auto/TwoRefinements2.xml
----------------- Instantiating /home/travis/build/icyphy/ptII/ptolemy/domains/modal/test/auto/TwoRefinements2.xml
3 ms. Memory: 849920K Free: 364955K (43%)
----------------- Invoking toplevel() on ptolemy.moml.MoMLSimpleApplication@3425356a
----------------- Done invoking toplevel() on ptolemy.moml.MoMLSimpleApplication@3425356a
reloadAllAccessors: .TwoRefinements2
----------------- testing Thu May 10 00:25:02 UTC 2018 /home/travis/build/icyphy/ptII/ptolemy/domains/modal/test/auto/WeakImmediateTransition.xml
----------------- Instantiating /home/travis/build/icyphy/ptII/ptolemy/domains/modal/test/auto/WeakImmediateTransition.xml
3 ms. Memory: 849920K Free: 349310K (41%)
----------------- Invoking toplevel() on ptolemy.moml.MoMLSimpleApplication@90aadb5
----------------- Done invoking toplevel() on ptolemy.moml.MoMLSimpleApplication@90aadb5
reloadAllAccessors: .WeakImmediateTransition
----------------- testing Thu May 10 00:25:02 UTC 2018 /home/travis/build/icyphy/ptII/ptolemy/domains/modal/test/auto/booleanSelect.xml
----------------- Instantiating /home/travis/build/icyphy/ptII/ptolemy/domains/modal/test/auto/booleanSelect.xml
37 ms. Memory: 849920K Free: 329717K (39%)
----------------- Invoking toplevel() on ptolemy.moml.MoMLSimpleApplication@4435dc4a
----------------- Done invoking toplevel() on ptolemy.moml.MoMLSimpleApplication@4435dc4a
reloadAllAccessors: .booleanSelect
----------------- testing Thu May 10 00:25:02 UTC 2018 /home/travis/build/icyphy/ptII/ptolemy/domains/modal/test/auto/modalChangingParams.xml
----------------- Instantiating /home/travis/build/icyphy/ptII/ptolemy/domains/modal/test/auto/modalChangingParams.xml
0
1
0
2
4
6
8
7
0
2
4
6
8
13
0
2
4
6
8
19
0
2
4
6
8
25
0
2
4
6
8
31
0
2
4
6
8
37
0
2
4
6
8
43
0
2
4
6
8
49
0
2
4
6
8
55
0
2
4
6
8
61
0
2
4
6
8
67
0
2
4
6
8
73
0
2
4
6
8
79
0
2
4
6
8
85
0
2
4
6
8
91
0
2
4
6
8
97
0
2
4
6
8
103
0
2
4
6
8
109
0
2
4
6
8
115
0
2
4
6
8
121
0
2
4
6
8
127
0
2
4
6
8
133
0
2
4
6
8
139
0
2
4
6
8
145
0
2
4
6
8
151
0
2
4
6
8
157
0
2
4
6
8
163
0
2
4
6
8
169
0
2
4
6
8
175
0
2
4
6
8
181
0
2
4
6
8
187
0
2
4
6
8
193
0
2
4
6
8
199
0
2
4
6
8
205
0
2
4
6
8
211
0
2
4
6
8
217
0
2
4
6
8
223
0
2
4
6
8
229
0
2
4
6
8
235
0
2
4
6
8
241
0
2
4
6
8
247
0
2
4
6
8
253
0
2
4
6
8
259
0
2
4
6
8
265
0
2
4
6
8
271
0
2
4
6
8
277
0
2
4
6
8
283
0
2
4
6
8
289
0
2
4
6
8
295
0
2
4
6
8
301
0
2
4
6
8
307
0
2
4
6
8
313
0
2
4
6
8
319
0
2
4
6
8
325
0
2
4
6
8
331
0
2
4
6
8
337
0
2
4
6
8
343
0
2
4
6
8
349
0
2
4
6
8
355
0
2
4
6
8
361
0
2
4
6
8
367
0
2
4
6
8
373
0
2
4
6
8
379
0
2
4
6
8
385
0
2
4
6
8
391
0
2
4
6
8
397
0
2
4
6
8
403
0
2
4
6
8
409
0
2
4
6
8
415
0
2
4
6
8
421
0
2
4
6
8
427
0
2
4
6
8
433
0
2
4
6
8
439
0
2
4
6
8
445
0
2
4
6
8
451
0
2
4
6
8
457
0
2
4
6
8
463
0
2
4
6
8
469
0
2
4
6
8
475
0
2
4
6
8
481
0
2
4
6
8
487
0
2
4
6
8
493
0
2
4
6
8
499
0
2
4
6
8
505
0
2
4
6
8
511
0
2
4
6
8
517
0
2
4
6
8
523
0
2
4
6
8
529
0
2
4
6
8
535
0
2
4
6
8
541
0
2
4
6
8
547
0
2
4
6
8
553
0
2
4
6
8
559
0
2
4
6
8
565
0
2
4
6
8
571
0
2
4
6
8
577
0
2
4
6
8
583
0
2
4
6
8
589
0
2
4
6
8
595
0
2
4
6
8
601
0
2
4
6
8
607
0
2
4
6
8
613
0
2
4
6
8
619
0
2
4
6
8
625
0
2
4
6
8
631
0
2
4
6
8
637
0
2
4
6
8
643
0
2
4
6
8
649
0
2
4
6
8
655
0
2
4
6
8
661
0
2
4
6
8
667
0
2
4
6
8
673
0
2
4
6
8
679
0
2
4
6
8
685
0
2
4
6
8
691
0
2
4
6
8
697
0
2
4
6
8
703
0
2
4
6
8
709
0
2
4
6
8
715
0
2
4
6
8
721
0
2
4
6
8
727
0
2
4
6
8
733
0
2
4
6
8
739
0
2
4
6
8
745
0
2
4
6
8
751
0
2
4
6
8
757
0
2
4
6
8
763
0
2
4
6
8
769
0
2
4
6
8
775
0
2
4
6
8
781
0
2
4
6
8
787
0
2
4
6
8
793
0
2
4
6
8
799
0
2
4
6
8
805
0
2
4
6
8
811
0
2
4
6
8
817
0
2
4
6
8
823
0
2
4
6
8
829
0
2
4
6
8
835
0
2
4
6
8
841
0
2
4
6
8
847
0
2
4
6
8
853
0
2
4
6
8
859
0
2
4
6
8
865
0
2
4
6
8
871
0
2
4
6
8
877
0
2
4
6
8
883
0
2
4
6
8
889
0
2
4
6
8
895
0
2
4
6
8
901
0
2
4
6
8
907
0
2
4
6
8
913
0
2
4
6
8
919
0
2
4
6
8
925
0
2
4
6
8
931
0
2
4
6
8
937
0
2
4
6
8
943
0
2
4
6
8
949
0
2
4
6
8
955
0
2
4
6
8
961
0
2
4
6
8
967
0
2
4
6
8
973
0
2
4
6
8
979
0
2
4
6
8
985
0
2
4
6
8
991
0
2
4
6
8
997
0
2
365 ms. Memory: 849920K Free: 209611K (25%)
----------------- Invoking toplevel() on ptolemy.moml.MoMLSimpleApplication@cdc31a
----------------- Done invoking toplevel() on ptolemy.moml.MoMLSimpleApplication@cdc31a
reloadAllAccessors: .modalChangingParams
----------------- testing Thu May 10 00:25:03 UTC 2018 /home/travis/build/icyphy/ptII/ptolemy/domains/modal/test/auto/modalModel.xml
----------------- Instantiating /home/travis/build/icyphy/ptII/ptolemy/domains/modal/test/auto/modalModel.xml
7 ms. Memory: 849920K Free: 197883K (23%)
----------------- Invoking toplevel() on ptolemy.moml.MoMLSimpleApplication@6509d29d
----------------- Done invoking toplevel() on ptolemy.moml.MoMLSimpleApplication@6509d29d
reloadAllAccessors: .modalModel
----------------- testing Thu May 10 00:25:03 UTC 2018 /home/travis/build/icyphy/ptII/ptolemy/domains/modal/test/auto/modalModel2.xml
----------------- Instantiating /home/travis/build/icyphy/ptII/ptolemy/domains/modal/test/auto/modalModel2.xml
10 ms. Memory: 849920K Free: 182230K (21%)
----------------- Invoking toplevel() on ptolemy.moml.MoMLSimpleApplication@5f3f8b5f
----------------- Done invoking toplevel() on ptolemy.moml.MoMLSimpleApplication@5f3f8b5f
reloadAllAccessors: .modalModel2
----------------- testing Thu May 10 00:25:03 UTC 2018 /home/travis/build/icyphy/ptII/ptolemy/domains/modal/test/auto/modalModel3.xml
----------------- Instantiating /home/travis/build/icyphy/ptII/ptolemy/domains/modal/test/auto/modalModel3.xml
0	0	0
3	2	1
6	4	2
9	6	3
4	0	4
7	2	5
10	4	6
13	6	7
8	0	8
11	2	9
14	4	10
17	6	11
12	0	12
15	2	13
18	4	14
19 ms. Memory: 849920K Free: 160189K (19%)
----------------- Invoking toplevel() on ptolemy.moml.MoMLSimpleApplication@348a8ca8
----------------- Done invoking toplevel() on ptolemy.moml.MoMLSimpleApplication@348a8ca8
reloadAllAccessors: .modalModel3
----------------- testing Thu May 10 00:25:03 UTC 2018 /home/travis/build/icyphy/ptII/ptolemy/domains/modal/test/auto/model1.xml
----------------- Instantiating /home/travis/build/icyphy/ptII/ptolemy/domains/modal/test/auto/model1.xml
14 ms. Memory: 849920K Free: 152371K (18%)
----------------- Invoking toplevel() on ptolemy.moml.MoMLSimpleApplication@2086fa09
----------------- Done invoking toplevel() on ptolemy.moml.MoMLSimpleApplication@2086fa09
reloadAllAccessors: .model1
----------------- testing Thu May 10 00:25:03 UTC 2018 /home/travis/build/icyphy/ptII/ptolemy/domains/modal/test/auto/test-direct-in-out.xml
----------------- Instantiating /home/travis/build/icyphy/ptII/ptolemy/domains/modal/test/auto/test-direct-in-out.xml
6 ms. Memory: 849920K Free: 140628K (17%)
----------------- Invoking toplevel() on ptolemy.moml.MoMLSimpleApplication@7bd8f4de
----------------- Done invoking toplevel() on ptolemy.moml.MoMLSimpleApplication@7bd8f4de
reloadAllAccessors: .test-direct-in-out
AutoTests.java: About to close Vertx.
AutoTests.java: Vertx closed.
]]></system-out>
  <system-err><![CDATA[java.lang.RuntimeException: Execution failed
	at ptolemy.moml.MoMLSimpleApplication$UnloadThread.run(MoMLSimpleApplication.java:402)
Caused by: ptolemy.kernel.util.IllegalActionException: Unknown inputs remain. Possible causality loop:
L_model_1893289564i

  in .CannotAnalysisWithPreemption.model_1893289564_region_1 and .CannotAnalysisWithPreemption.model_1893289564_region_1.L_model_1893289564i
	at ptolemy.actor.sched.FixedPointDirector.postfire(FixedPointDirector.java:515)
	at ptolemy.domains.sr.kernel.SRDirector.postfire(SRDirector.java:417)
	at ptolemy.actor.CompositeActor.postfire(CompositeActor.java:1668)
	at ptolemy.actor.Manager.iterate(Manager.java:852)
	at ptolemy.actor.Manager.execute(Manager.java:369)
	at ptolemy.actor.Manager.run(Manager.java:1263)
	at ptolemy.actor.Manager$PtolemyRunThread.run(Manager.java:1915)
java.lang.reflect.InvocationTargetException
	at sun.reflect.NativeConstructorAccessorImpl.newInstance0(Native Method)
	at sun.reflect.NativeConstructorAccessorImpl.newInstance(NativeConstructorAccessorImpl.java:62)
	at sun.reflect.DelegatingConstructorAccessorImpl.newInstance(DelegatingConstructorAccessorImpl.java:45)
	at java.lang.reflect.Constructor.newInstance(Constructor.java:423)
	at ptolemy.util.test.junit.AutoKnownFailedTests.RunModel(AutoKnownFailedTests.java:107)
	at sun.reflect.NativeMethodAccessorImpl.invoke0(Native Method)
	at sun.reflect.NativeMethodAccessorImpl.invoke(NativeMethodAccessorImpl.java:62)
	at sun.reflect.DelegatingMethodAccessorImpl.invoke(DelegatingMethodAccessorImpl.java:43)
	at java.lang.reflect.Method.invoke(Method.java:498)
	at org.junit.runners.model.FrameworkMethod$1.runReflectiveCall(FrameworkMethod.java:44)
	at org.junit.internal.runners.model.ReflectiveCallable.run(ReflectiveCallable.java:15)
	at org.junit.runners.model.FrameworkMethod.invokeExplosively(FrameworkMethod.java:41)
	at junitparams.internal.InvokeParameterisedMethod.evaluate(InvokeParameterisedMethod.java:102)
	at org.junit.internal.runners.statements.FailOnTimeout$1.run(FailOnTimeout.java:28)
Caused by: ptolemy.kernel.util.IllegalActionException: Unknown inputs remain. Possible causality loop:
L_model_1893289564i

  in .CannotAnalysisWithPreemption.model_1893289564_region_1 and .CannotAnalysisWithPreemption.model_1893289564_region_1.L_model_1893289564i
	at ptolemy.actor.sched.FixedPointDirector.postfire(FixedPointDirector.java:515)
	at ptolemy.domains.sr.kernel.SRDirector.postfire(SRDirector.java:417)
	at ptolemy.actor.CompositeActor.postfire(CompositeActor.java:1668)
	at ptolemy.actor.Manager.iterate(Manager.java:852)
	at ptolemy.actor.Manager.execute(Manager.java:369)
	at ptolemy.actor.Manager.run(Manager.java:1263)
	at ptolemy.actor.Manager$PtolemyRunThread.run(Manager.java:1915)
]]></system-err>
</testsuite>
