<?xml version="1.0" encoding="UTF-8" ?>
<testsuite errors="0" failures="0" hostname="travis-job-d8ef998d-2c65-4607-aaac-89fee256a39b" name="ptolemy.domains.sdf.lib.test.junit.JUnitTclTest" skipped="0" tests="82" time="8.746" timestamp="2018-05-10T01:24:13">
  <properties>
[...]
</properties>
  <testcase classname="ptolemy.util.test.junit.TclTests" name="[0] /home/travis/build/icyphy/ptII/ptolemy/domains/sdf/lib/test/ArrayToSequence.tcl (RunTclFile)" time="0.464" />
  <testcase classname="ptolemy.util.test.junit.TclTests" name="[1] /home/travis/build/icyphy/ptII/ptolemy/domains/sdf/lib/test/BitsToInt.tcl (RunTclFile)" time="0.065" />
  <testcase classname="ptolemy.util.test.junit.TclTests" name="[2] /home/travis/build/icyphy/ptII/ptolemy/domains/sdf/lib/test/DelayLine.tcl (RunTclFile)" time="0.051" />
  <testcase classname="ptolemy.util.test.junit.TclTests" name="[3] /home/travis/build/icyphy/ptII/ptolemy/domains/sdf/lib/test/FFT.tcl (RunTclFile)" time="0.017" />
  <testcase classname="ptolemy.util.test.junit.TclTests" name="[4] /home/travis/build/icyphy/ptII/ptolemy/domains/sdf/lib/test/FIR.tcl (RunTclFile)" time="0.103" />
  <testcase classname="ptolemy.util.test.junit.TclTests" name="[5] /home/travis/build/icyphy/ptII/ptolemy/domains/sdf/lib/test/IntToBits.tcl (RunTclFile)" time="0.045" />
  <testcase classname="ptolemy.util.test.junit.TclTests" name="[6] /home/travis/build/icyphy/ptII/ptolemy/domains/sdf/lib/test/MaximumEntropySpectrum.tcl (RunTclFile)" time="0.22" />
  <testcase classname="ptolemy.util.test.junit.TclTests" name="[7] /home/travis/build/icyphy/ptII/ptolemy/domains/sdf/lib/test/Repeat.tcl (RunTclFile)" time="0.044" />
  <testcase classname="ptolemy.util.test.junit.TclTests" name="[8] /home/travis/build/icyphy/ptII/ptolemy/domains/sdf/lib/test/SampleDelay.tcl (RunTclFile)" time="0.089" />
  <testcase classname="ptolemy.util.test.junit.TclTests" name="[9] /home/travis/build/icyphy/ptII/ptolemy/domains/sdf/lib/test/SequenceToArray.tcl (RunTclFile)" time="0.06" />
  <testcase classname="ptolemy.util.test.junit.AutoKnownFailedTests" name="[0] ThereAreNoKnowFailedTests (RunModel)" time="0.0" />
  <testcase classname="ptolemy.util.test.junit.AutoNameArchTests" name="[0] ThereAreNoAutoTests (RunModel)" time="0.001" />
  <testcase classname="ptolemy.util.test.junit.AutoTests" name="[0] /home/travis/build/icyphy/ptII/ptolemy/domains/sdf/lib/test/auto/ArrayToSequence.xml (RunModel)" time="0.19" />
  <testcase classname="ptolemy.util.test.junit.AutoTests" name="[1] /home/travis/build/icyphy/ptII/ptolemy/domains/sdf/lib/test/auto/ArrayToSequenceTest.xml (RunModel)" time="0.044" />
  <testcase classname="ptolemy.util.test.junit.AutoTests" name="[2] /home/travis/build/icyphy/ptII/ptolemy/domains/sdf/lib/test/auto/Autocorrelation.xml (RunModel)" time="0.023" />
  <testcase classname="ptolemy.util.test.junit.AutoTests" name="[3] /home/travis/build/icyphy/ptII/ptolemy/domains/sdf/lib/test/auto/Autocorrelation2.xml (RunModel)" time="0.032" />
  <testcase classname="ptolemy.util.test.junit.AutoTests" name="[4] /home/travis/build/icyphy/ptII/ptolemy/domains/sdf/lib/test/auto/Autocorrelation3.xml (RunModel)" time="0.042" />
  <testcase classname="ptolemy.util.test.junit.AutoTests" name="[5] /home/travis/build/icyphy/ptII/ptolemy/domains/sdf/lib/test/auto/Autocorrelation4.xml (RunModel)" time="0.053" />
  <testcase classname="ptolemy.util.test.junit.AutoTests" name="[6] /home/travis/build/icyphy/ptII/ptolemy/domains/sdf/lib/test/auto/Autocorrelation5.xml (RunModel)" time="0.13" />
  <testcase classname="ptolemy.util.test.junit.AutoTests" name="[7] /home/travis/build/icyphy/ptII/ptolemy/domains/sdf/lib/test/auto/BitsToInt.xml (RunModel)" time="0.016" />
  <testcase classname="ptolemy.util.test.junit.AutoTests" name="[8] /home/travis/build/icyphy/ptII/ptolemy/domains/sdf/lib/test/auto/BooleanJoin.xml (RunModel)" time="0.037" />
  <testcase classname="ptolemy.util.test.junit.AutoTests" name="[9] /home/travis/build/icyphy/ptII/ptolemy/domains/sdf/lib/test/auto/BootstrapSampleDelay.xml (RunModel)" time="0.042" />
  <testcase classname="ptolemy.util.test.junit.AutoTests" name="[10] /home/travis/build/icyphy/ptII/ptolemy/domains/sdf/lib/test/auto/Chop.xml (RunModel)" time="0.088" />
  <testcase classname="ptolemy.util.test.junit.AutoTests" name="[11] /home/travis/build/icyphy/ptII/ptolemy/domains/sdf/lib/test/auto/Chop2.xml (RunModel)" time="0.049" />
  <testcase classname="ptolemy.util.test.junit.AutoTests" name="[12] /home/travis/build/icyphy/ptII/ptolemy/domains/sdf/lib/test/auto/ComplexJoin.xml (RunModel)" time="0.038" />
  <testcase classname="ptolemy.util.test.junit.AutoTests" name="[13] /home/travis/build/icyphy/ptII/ptolemy/domains/sdf/lib/test/auto/CountTrues.xml (RunModel)" time="0.024" />
  <testcase classname="ptolemy.util.test.junit.AutoTests" name="[14] /home/travis/build/icyphy/ptII/ptolemy/domains/sdf/lib/test/auto/DelayLine.xml (RunModel)" time="0.04" />
  <testcase classname="ptolemy.util.test.junit.AutoTests" name="[15] /home/travis/build/icyphy/ptII/ptolemy/domains/sdf/lib/test/auto/DotProduct.xml (RunModel)" time="0.033" />
  <testcase classname="ptolemy.util.test.junit.AutoTests" name="[16] /home/travis/build/icyphy/ptII/ptolemy/domains/sdf/lib/test/auto/DotProductMatrix.xml (RunModel)" time="0.02" />
  <testcase classname="ptolemy.util.test.junit.AutoTests" name="[17] /home/travis/build/icyphy/ptII/ptolemy/domains/sdf/lib/test/auto/DownSample1.xml (RunModel)" time="0.024" />
  <testcase classname="ptolemy.util.test.junit.AutoTests" name="[18] /home/travis/build/icyphy/ptII/ptolemy/domains/sdf/lib/test/auto/DynamicRateChange.xml (RunModel)" time="0.034" />
  <testcase classname="ptolemy.util.test.junit.AutoTests" name="[19] /home/travis/build/icyphy/ptII/ptolemy/domains/sdf/lib/test/auto/DynamicRates.xml (RunModel)" time="0.03" />
  <testcase classname="ptolemy.util.test.junit.AutoTests" name="[20] /home/travis/build/icyphy/ptII/ptolemy/domains/sdf/lib/test/auto/FFT1.xml (RunModel)" time="0.037" />
  <testcase classname="ptolemy.util.test.junit.AutoTests" name="[21] /home/travis/build/icyphy/ptII/ptolemy/domains/sdf/lib/test/auto/FIR1.xml (RunModel)" time="0.055" />
  <testcase classname="ptolemy.util.test.junit.AutoTests" name="[22] /home/travis/build/icyphy/ptII/ptolemy/domains/sdf/lib/test/auto/FIR2.xml (RunModel)" time="0.019" />
  <testcase classname="ptolemy.util.test.junit.AutoTests" name="[23] /home/travis/build/icyphy/ptII/ptolemy/domains/sdf/lib/test/auto/FIR4.xml (RunModel)" time="0.041" />
  <testcase classname="ptolemy.util.test.junit.AutoTests" name="[24] /home/travis/build/icyphy/ptII/ptolemy/domains/sdf/lib/test/auto/FixJoin.xml (RunModel)" time="0.025" />
  <testcase classname="ptolemy.util.test.junit.AutoTests" name="[25] /home/travis/build/icyphy/ptII/ptolemy/domains/sdf/lib/test/auto/IntJoin1.xml (RunModel)" time="0.027" />
  <testcase classname="ptolemy.util.test.junit.AutoTests" name="[26] /home/travis/build/icyphy/ptII/ptolemy/domains/sdf/lib/test/auto/IntJoin2.xml (RunModel)" time="0.019" />
  <testcase classname="ptolemy.util.test.junit.AutoTests" name="[27] /home/travis/build/icyphy/ptII/ptolemy/domains/sdf/lib/test/auto/IntJoin3.xml (RunModel)" time="0.023" />
  <testcase classname="ptolemy.util.test.junit.AutoTests" name="[28] /home/travis/build/icyphy/ptII/ptolemy/domains/sdf/lib/test/auto/IntJoin4.xml (RunModel)" time="0.024" />
  <testcase classname="ptolemy.util.test.junit.AutoTests" name="[29] /home/travis/build/icyphy/ptII/ptolemy/domains/sdf/lib/test/auto/IntJoin5.xml (RunModel)" time="0.023" />
  <testcase classname="ptolemy.util.test.junit.AutoTests" name="[30] /home/travis/build/icyphy/ptII/ptolemy/domains/sdf/lib/test/auto/IntToBits.xml (RunModel)" time="0.02" />
  <testcase classname="ptolemy.util.test.junit.AutoTests" name="[31] /home/travis/build/icyphy/ptII/ptolemy/domains/sdf/lib/test/auto/LMSAdaptive.xml (RunModel)" time="0.074" />
  <testcase classname="ptolemy.util.test.junit.AutoTests" name="[32] /home/travis/build/icyphy/ptII/ptolemy/domains/sdf/lib/test/auto/LMSAdaptiveFIR.xml (RunModel)" time="0.388" />
  <testcase classname="ptolemy.util.test.junit.AutoTests" name="[33] /home/travis/build/icyphy/ptII/ptolemy/domains/sdf/lib/test/auto/LMSAdaptiveFIR2.xml (RunModel)" time="0.399" />
  <testcase classname="ptolemy.util.test.junit.AutoTests" name="[34] /home/travis/build/icyphy/ptII/ptolemy/domains/sdf/lib/test/auto/LongJoin.xml (RunModel)" time="0.05" />
  <testcase classname="ptolemy.util.test.junit.AutoTests" name="[35] /home/travis/build/icyphy/ptII/ptolemy/domains/sdf/lib/test/auto/Matrix1.xml (RunModel)" time="0.041" />
  <testcase classname="ptolemy.util.test.junit.AutoTests" name="[36] /home/travis/build/icyphy/ptII/ptolemy/domains/sdf/lib/test/auto/Matrix2.xml (RunModel)" time="0.039" />
  <testcase classname="ptolemy.util.test.junit.AutoTests" name="[37] /home/travis/build/icyphy/ptII/ptolemy/domains/sdf/lib/test/auto/MatrixJoin1.xml (RunModel)" time="0.062" />
  <testcase classname="ptolemy.util.test.junit.AutoTests" name="[38] /home/travis/build/icyphy/ptII/ptolemy/domains/sdf/lib/test/auto/MatrixJoin2.xml (RunModel)" time="0.024" />
  <testcase classname="ptolemy.util.test.junit.AutoTests" name="[39] /home/travis/build/icyphy/ptII/ptolemy/domains/sdf/lib/test/auto/MatrixJoin3.xml (RunModel)" time="0.029" />
  <testcase classname="ptolemy.util.test.junit.AutoTests" name="[40] /home/travis/build/icyphy/ptII/ptolemy/domains/sdf/lib/test/auto/MatrixJoin4.xml (RunModel)" time="0.031" />
  <testcase classname="ptolemy.util.test.junit.AutoTests" name="[41] /home/travis/build/icyphy/ptII/ptolemy/domains/sdf/lib/test/auto/MatrixJoin5.xml (RunModel)" time="0.025" />
  <testcase classname="ptolemy.util.test.junit.AutoTests" name="[42] /home/travis/build/icyphy/ptII/ptolemy/domains/sdf/lib/test/auto/MatrixSplit1.xml (RunModel)" time="0.033" />
  <testcase classname="ptolemy.util.test.junit.AutoTests" name="[43] /home/travis/build/icyphy/ptII/ptolemy/domains/sdf/lib/test/auto/MatrixSplit10.xml (RunModel)" time="0.024" />
  <testcase classname="ptolemy.util.test.junit.AutoTests" name="[44] /home/travis/build/icyphy/ptII/ptolemy/domains/sdf/lib/test/auto/MatrixSplit11.xml (RunModel)" time="0.019" />
  <testcase classname="ptolemy.util.test.junit.AutoTests" name="[45] /home/travis/build/icyphy/ptII/ptolemy/domains/sdf/lib/test/auto/MatrixSplit12.xml (RunModel)" time="0.033" />
  <testcase classname="ptolemy.util.test.junit.AutoTests" name="[46] /home/travis/build/icyphy/ptII/ptolemy/domains/sdf/lib/test/auto/MatrixSplit13.xml (RunModel)" time="0.037" />
  <testcase classname="ptolemy.util.test.junit.AutoTests" name="[47] /home/travis/build/icyphy/ptII/ptolemy/domains/sdf/lib/test/auto/MatrixSplit14.xml (RunModel)" time="0.018" />
  <testcase classname="ptolemy.util.test.junit.AutoTests" name="[48] /home/travis/build/icyphy/ptII/ptolemy/domains/sdf/lib/test/auto/MatrixSplit2.xml (RunModel)" time="0.02" />
  <testcase classname="ptolemy.util.test.junit.AutoTests" name="[49] /home/travis/build/icyphy/ptII/ptolemy/domains/sdf/lib/test/auto/MatrixSplit3.xml (RunModel)" time="0.022" />
  <testcase classname="ptolemy.util.test.junit.AutoTests" name="[50] /home/travis/build/icyphy/ptII/ptolemy/domains/sdf/lib/test/auto/MatrixSplit4.xml (RunModel)" time="0.028" />
  <testcase classname="ptolemy.util.test.junit.AutoTests" name="[51] /home/travis/build/icyphy/ptII/ptolemy/domains/sdf/lib/test/auto/MatrixSplit5.xml (RunModel)" time="0.019" />
  <testcase classname="ptolemy.util.test.junit.AutoTests" name="[52] /home/travis/build/icyphy/ptII/ptolemy/domains/sdf/lib/test/auto/MatrixSplit6.xml (RunModel)" time="0.02" />
  <testcase classname="ptolemy.util.test.junit.AutoTests" name="[53] /home/travis/build/icyphy/ptII/ptolemy/domains/sdf/lib/test/auto/MatrixSplit7.xml (RunModel)" time="0.022" />
  <testcase classname="ptolemy.util.test.junit.AutoTests" name="[54] /home/travis/build/icyphy/ptII/ptolemy/domains/sdf/lib/test/auto/MatrixSplit8.xml (RunModel)" time="0.024" />
  <testcase classname="ptolemy.util.test.junit.AutoTests" name="[55] /home/travis/build/icyphy/ptII/ptolemy/domains/sdf/lib/test/auto/MatrixSplit9.xml (RunModel)" time="0.036" />
  <testcase classname="ptolemy.util.test.junit.AutoTests" name="[56] /home/travis/build/icyphy/ptII/ptolemy/domains/sdf/lib/test/auto/MatrixToSequence.xml (RunModel)" time="0.044" />
  <testcase classname="ptolemy.util.test.junit.AutoTests" name="[57] /home/travis/build/icyphy/ptII/ptolemy/domains/sdf/lib/test/auto/MaximumEntropySpectrum.xml (RunModel)" time="0.102" />
  <testcase classname="ptolemy.util.test.junit.AutoTests" name="[58] /home/travis/build/icyphy/ptII/ptolemy/domains/sdf/lib/test/auto/SampleDelayConversion.xml (RunModel)" time="0.02" />
  <testcase classname="ptolemy.util.test.junit.AutoTests" name="[59] /home/travis/build/icyphy/ptII/ptolemy/domains/sdf/lib/test/auto/SequenceToArray.xml (RunModel)" time="0.043" />
  <testcase classname="ptolemy.util.test.junit.AutoTests" name="[60] /home/travis/build/icyphy/ptII/ptolemy/domains/sdf/lib/test/auto/SequenceToMatrix.xml (RunModel)" time="3.768" />
  <testcase classname="ptolemy.util.test.junit.AutoTests" name="[61] /home/travis/build/icyphy/ptII/ptolemy/domains/sdf/lib/test/auto/SmoothedPeriodogram.xml (RunModel)" time="0.065" />
  <testcase classname="ptolemy.util.test.junit.AutoTests" name="[62] /home/travis/build/icyphy/ptII/ptolemy/domains/sdf/lib/test/auto/UpDownSample1.xml (RunModel)" time="0.022" />
  <testcase classname="ptolemy.util.test.junit.AutoTests" name="[63] /home/travis/build/icyphy/ptII/ptolemy/domains/sdf/lib/test/auto/UpSample1.xml (RunModel)" time="0.032" />
  <testcase classname="ptolemy.util.test.junit.AutoTests" name="[64] /home/travis/build/icyphy/ptII/ptolemy/domains/sdf/lib/test/auto/VariableFIR.xml (RunModel)" time="0.037" />
  <testcase classname="ptolemy.util.test.junit.AutoTests" name="[65] /home/travis/build/icyphy/ptII/ptolemy/domains/sdf/lib/test/auto/VariableFIR2.xml (RunModel)" time="0.025" />
  <testcase classname="ptolemy.util.test.junit.AutoTests" name="[66] /home/travis/build/icyphy/ptII/ptolemy/domains/sdf/lib/test/auto/VariableLattice.xml (RunModel)" time="0.023" />
  <testcase classname="ptolemy.util.test.junit.AutoTests" name="[67] /home/travis/build/icyphy/ptII/ptolemy/domains/sdf/lib/test/auto/VariableLattice2.xml (RunModel)" time="0.028" />
  <testcase classname="ptolemy.util.test.junit.AutoTests" name="[68] /home/travis/build/icyphy/ptII/ptolemy/domains/sdf/lib/test/auto/VariableRecursiveLattice.xml (RunModel)" time="0.025" />
  <testcase classname="ptolemy.util.test.junit.AutoTests" name="[69] /home/travis/build/icyphy/ptII/ptolemy/domains/sdf/lib/test/auto/VariableRecursiveLattice2.xml (RunModel)" time="0.023" />
  <system-out><![CDATA[/home/travis/build/icyphy/ptII/ptolemy/domains/sdf/lib/test/ArrayToSequence.tcl
testDefs.tcl: setting time out to 9000 seconds at Thu May 10 01:24:13 UTC 2018
48 ms. Memory: 116224K Free: 85504K (74%)
8 ms. Memory: 116224K Free: 110154K (95%)
10 ms. Memory: 116224K Free: 107736K (93%)
10 ms. Memory: 116224K Free: 106511K (92%)
/home/travis/build/icyphy/ptII/ptolemy/domains/sdf/lib/test/BitsToInt.tcl
19 ms. Memory: 116224K Free: 104709K (90%)
12 ms. Memory: 116224K Free: 102868K (89%)
/home/travis/build/icyphy/ptII/ptolemy/domains/sdf/lib/test/DelayLine.tcl
6 ms. Memory: 116224K Free: 101058K (87%)
/home/travis/build/icyphy/ptII/ptolemy/domains/sdf/lib/test/FFT.tcl
5 ms. Memory: 116224K Free: 99265K (85%)
/home/travis/build/icyphy/ptII/ptolemy/domains/sdf/lib/test/FIR.tcl
12 ms. Memory: 116224K Free: 97471K (84%)
12 ms. Memory: 116224K Free: 96262K (83%)
ptolemy.kernel.util.IllegalActionException: multiplyReverse method not supported between ptolemy.data.FixToken 'fix(-0.0625,6,2)' and ptolemy.data.IntToken '1' because the types are incomparable.
  in .top.FIRclone
Because:
multiplyReverse method not supported between ptolemy.data.FixToken 'fix(-0.0625,6,2)' and ptolemy.data.IntToken '1' because the types are incomparable.
29 ms. Memory: 116224K Free: 93812K (81%)
/home/travis/build/icyphy/ptII/ptolemy/domains/sdf/lib/test/IntToBits.tcl
11 ms. Memory: 116224K Free: 92603K (80%)
4 ms. Memory: 116224K Free: 90825K (78%)
/home/travis/build/icyphy/ptII/ptolemy/domains/sdf/lib/test/MaximumEntropySpectrum.tcl
/home/travis/build/icyphy/ptII/ptolemy/domains/sdf/lib/test/Repeat.tcl
15 ms. Memory: 146944K Free: 120475K (82%)
/home/travis/build/icyphy/ptII/ptolemy/domains/sdf/lib/test/SampleDelay.tcl
11 ms. Memory: 146944K Free: 119271K (81%)
3 ms. Memory: 146944K Free: 118075K (80%)
9 ms. Memory: 146944K Free: 115650K (79%)
12 ms. Memory: 146944K Free: 115650K (79%)
3 ms. Memory: 146944K Free: 114454K (78%)
1 ms. Memory: 146944K Free: 114454K (78%)
/home/travis/build/icyphy/ptII/ptolemy/domains/sdf/lib/test/SequenceToArray.tcl
5 ms. Memory: 146944K Free: 112062K (76%)
4 ms. Memory: 146944K Free: 112062K (76%)
5 ms. Memory: 146944K Free: 109670K (75%)
10 ms. Memory: 146944K Free: 108474K (74%)
05/10/18 01:24:15
Failed: 0  Total Tests: 41  ((Passed: 41, Newly Passed: 0)  Known Failed: 0) /home/travis/build/icyphy/ptII/ptolemy/domains/sdf/lib/test
No auto/knownFailedTests/*.xml tests in /home/travis/build/icyphy/ptII/ptolemy/domains/sdf/lib/test
No auto/*.xml tests in /home/travis/build/icyphy/ptII/ptolemy/domains/sdf/lib/test
AutoTests.java: About to close Vertx.
AutoTests.java: Vertx closed.
----------------- testing Thu May 10 01:24:15 UTC 2018 /home/travis/build/icyphy/ptII/ptolemy/domains/sdf/lib/test/auto/ArrayToSequence.xml
----------------- Instantiating /home/travis/build/icyphy/ptII/ptolemy/domains/sdf/lib/test/auto/ArrayToSequence.xml
31 ms. Memory: 146944K Free: 126342K (86%)
----------------- Invoking toplevel() on ptolemy.moml.MoMLSimpleApplication@38b612ff
----------------- Done invoking toplevel() on ptolemy.moml.MoMLSimpleApplication@38b612ff
reloadAllAccessors: .ArrayToSequence
----------------- testing Thu May 10 01:24:15 UTC 2018 /home/travis/build/icyphy/ptII/ptolemy/domains/sdf/lib/test/auto/ArrayToSequenceTest.xml
----------------- Instantiating /home/travis/build/icyphy/ptII/ptolemy/domains/sdf/lib/test/auto/ArrayToSequenceTest.xml
8 ms. Memory: 146944K Free: 118954K (81%)
----------------- Invoking toplevel() on ptolemy.moml.MoMLSimpleApplication@280d56e9
----------------- Done invoking toplevel() on ptolemy.moml.MoMLSimpleApplication@280d56e9
reloadAllAccessors: .ArrayToSequenceTest
----------------- testing Thu May 10 01:24:15 UTC 2018 /home/travis/build/icyphy/ptII/ptolemy/domains/sdf/lib/test/auto/Autocorrelation.xml
----------------- Instantiating /home/travis/build/icyphy/ptII/ptolemy/domains/sdf/lib/test/auto/Autocorrelation.xml
4 ms. Memory: 146944K Free: 114432K (78%)
----------------- Invoking toplevel() on ptolemy.moml.MoMLSimpleApplication@348f414e
----------------- Done invoking toplevel() on ptolemy.moml.MoMLSimpleApplication@348f414e
reloadAllAccessors: .Autocorrelation
----------------- testing Thu May 10 01:24:15 UTC 2018 /home/travis/build/icyphy/ptII/ptolemy/domains/sdf/lib/test/auto/Autocorrelation2.xml
----------------- Instantiating /home/travis/build/icyphy/ptII/ptolemy/domains/sdf/lib/test/auto/Autocorrelation2.xml
6 ms. Memory: 146944K Free: 109838K (75%)
----------------- Invoking toplevel() on ptolemy.moml.MoMLSimpleApplication@4c364052
----------------- Done invoking toplevel() on ptolemy.moml.MoMLSimpleApplication@4c364052
reloadAllAccessors: .Autocorrelation2
----------------- testing Thu May 10 01:24:15 UTC 2018 /home/travis/build/icyphy/ptII/ptolemy/domains/sdf/lib/test/auto/Autocorrelation3.xml
----------------- Instantiating /home/travis/build/icyphy/ptII/ptolemy/domains/sdf/lib/test/auto/Autocorrelation3.xml
12 ms. Memory: 146944K Free: 104530K (71%)
----------------- Invoking toplevel() on ptolemy.moml.MoMLSimpleApplication@2b8b7cd3
----------------- Done invoking toplevel() on ptolemy.moml.MoMLSimpleApplication@2b8b7cd3
reloadAllAccessors: .Autocorrelation3
----------------- testing Thu May 10 01:24:15 UTC 2018 /home/travis/build/icyphy/ptII/ptolemy/domains/sdf/lib/test/auto/Autocorrelation4.xml
----------------- Instantiating /home/travis/build/icyphy/ptII/ptolemy/domains/sdf/lib/test/auto/Autocorrelation4.xml
4 ms. Memory: 146944K Free: 99888K (68%)
----------------- Invoking toplevel() on ptolemy.moml.MoMLSimpleApplication@44bd6964
----------------- Done invoking toplevel() on ptolemy.moml.MoMLSimpleApplication@44bd6964
reloadAllAccessors: .Autocorrelation4
----------------- testing Thu May 10 01:24:15 UTC 2018 /home/travis/build/icyphy/ptII/ptolemy/domains/sdf/lib/test/auto/Autocorrelation5.xml
----------------- Instantiating /home/travis/build/icyphy/ptII/ptolemy/domains/sdf/lib/test/auto/Autocorrelation5.xml
60 ms. Memory: 146944K Free: 92754K (63%)
----------------- Invoking toplevel() on ptolemy.moml.MoMLSimpleApplication@47173699
----------------- Done invoking toplevel() on ptolemy.moml.MoMLSimpleApplication@47173699
reloadAllAccessors: .Autocorrelation5
----------------- testing Thu May 10 01:24:15 UTC 2018 /home/travis/build/icyphy/ptII/ptolemy/domains/sdf/lib/test/auto/BitsToInt.xml
----------------- Instantiating /home/travis/build/icyphy/ptII/ptolemy/domains/sdf/lib/test/auto/BitsToInt.xml
3 ms. Memory: 146944K Free: 87921K (60%)
----------------- Invoking toplevel() on ptolemy.moml.MoMLSimpleApplication@5219cb28
----------------- Done invoking toplevel() on ptolemy.moml.MoMLSimpleApplication@5219cb28
reloadAllAccessors: .BitsToInt
----------------- testing Thu May 10 01:24:15 UTC 2018 /home/travis/build/icyphy/ptII/ptolemy/domains/sdf/lib/test/auto/BooleanJoin.xml
----------------- Instantiating /home/travis/build/icyphy/ptII/ptolemy/domains/sdf/lib/test/auto/BooleanJoin.xml
6 ms. Memory: 146944K Free: 83303K (57%)
----------------- Invoking toplevel() on ptolemy.moml.MoMLSimpleApplication@770b4c6d
----------------- Done invoking toplevel() on ptolemy.moml.MoMLSimpleApplication@770b4c6d
reloadAllAccessors: .BooleanJoin
----------------- testing Thu May 10 01:24:16 UTC 2018 /home/travis/build/icyphy/ptII/ptolemy/domains/sdf/lib/test/auto/BootstrapSampleDelay.xml
----------------- Instantiating /home/travis/build/icyphy/ptII/ptolemy/domains/sdf/lib/test/auto/BootstrapSampleDelay.xml
10 ms. Memory: 146944K Free: 79584K (54%)
----------------- Invoking toplevel() on ptolemy.moml.MoMLSimpleApplication@7aeaf2af
----------------- Done invoking toplevel() on ptolemy.moml.MoMLSimpleApplication@7aeaf2af
reloadAllAccessors: .BootstrapSampleDelay
----------------- testing Thu May 10 01:24:16 UTC 2018 /home/travis/build/icyphy/ptII/ptolemy/domains/sdf/lib/test/auto/Chop.xml
----------------- Instantiating /home/travis/build/icyphy/ptII/ptolemy/domains/sdf/lib/test/auto/Chop.xml
10 ms. Memory: 208384K Free: 192175K (92%)
----------------- Invoking toplevel() on ptolemy.moml.MoMLSimpleApplication@6ea798ce
----------------- Done invoking toplevel() on ptolemy.moml.MoMLSimpleApplication@6ea798ce
reloadAllAccessors: .Chop
----------------- testing Thu May 10 01:24:16 UTC 2018 /home/travis/build/icyphy/ptII/ptolemy/domains/sdf/lib/test/auto/Chop2.xml
----------------- Instantiating /home/travis/build/icyphy/ptII/ptolemy/domains/sdf/lib/test/auto/Chop2.xml
10 ms. Memory: 208384K Free: 183845K (88%)
----------------- Invoking toplevel() on ptolemy.moml.MoMLSimpleApplication@14cac53e
----------------- Done invoking toplevel() on ptolemy.moml.MoMLSimpleApplication@14cac53e
reloadAllAccessors: .Chop2
----------------- testing Thu May 10 01:24:16 UTC 2018 /home/travis/build/icyphy/ptII/ptolemy/domains/sdf/lib/test/auto/ComplexJoin.xml
----------------- Instantiating /home/travis/build/icyphy/ptII/ptolemy/domains/sdf/lib/test/auto/ComplexJoin.xml
6 ms. Memory: 208384K Free: 179512K (86%)
----------------- Invoking toplevel() on ptolemy.moml.MoMLSimpleApplication@39aff13b
----------------- Done invoking toplevel() on ptolemy.moml.MoMLSimpleApplication@39aff13b
reloadAllAccessors: .ComplexJoin
----------------- testing Thu May 10 01:24:16 UTC 2018 /home/travis/build/icyphy/ptII/ptolemy/domains/sdf/lib/test/auto/CountTrues.xml
----------------- Instantiating /home/travis/build/icyphy/ptII/ptolemy/domains/sdf/lib/test/auto/CountTrues.xml
3 ms. Memory: 208384K Free: 176440K (85%)
----------------- Invoking toplevel() on ptolemy.moml.MoMLSimpleApplication@271f2ee0
----------------- Done invoking toplevel() on ptolemy.moml.MoMLSimpleApplication@271f2ee0
reloadAllAccessors: .CountTrues
----------------- testing Thu May 10 01:24:16 UTC 2018 /home/travis/build/icyphy/ptII/ptolemy/domains/sdf/lib/test/auto/DelayLine.xml
----------------- Instantiating /home/travis/build/icyphy/ptII/ptolemy/domains/sdf/lib/test/auto/DelayLine.xml
7 ms. Memory: 208384K Free: 170894K (82%)
----------------- Invoking toplevel() on ptolemy.moml.MoMLSimpleApplication@13222414
----------------- Done invoking toplevel() on ptolemy.moml.MoMLSimpleApplication@13222414
reloadAllAccessors: .DelayLine
----------------- testing Thu May 10 01:24:16 UTC 2018 /home/travis/build/icyphy/ptII/ptolemy/domains/sdf/lib/test/auto/DotProduct.xml
----------------- Instantiating /home/travis/build/icyphy/ptII/ptolemy/domains/sdf/lib/test/auto/DotProduct.xml
4 ms. Memory: 208384K Free: 166264K (80%)
----------------- Invoking toplevel() on ptolemy.moml.MoMLSimpleApplication@3c49976e
----------------- Done invoking toplevel() on ptolemy.moml.MoMLSimpleApplication@3c49976e
reloadAllAccessors: .DotProduct
----------------- testing Thu May 10 01:24:16 UTC 2018 /home/travis/build/icyphy/ptII/ptolemy/domains/sdf/lib/test/auto/DotProductMatrix.xml
----------------- Instantiating /home/travis/build/icyphy/ptII/ptolemy/domains/sdf/lib/test/auto/DotProductMatrix.xml
4 ms. Memory: 208384K Free: 163175K (78%)
----------------- Invoking toplevel() on ptolemy.moml.MoMLSimpleApplication@473727f3
----------------- Done invoking toplevel() on ptolemy.moml.MoMLSimpleApplication@473727f3
reloadAllAccessors: .DotProductMatrix
----------------- testing Thu May 10 01:24:16 UTC 2018 /home/travis/build/icyphy/ptII/ptolemy/domains/sdf/lib/test/auto/DownSample1.xml
----------------- Instantiating /home/travis/build/icyphy/ptII/ptolemy/domains/sdf/lib/test/auto/DownSample1.xml
5 ms. Memory: 208384K Free: 159441K (77%)
----------------- Invoking toplevel() on ptolemy.moml.MoMLSimpleApplication@4dfa28cf
----------------- Done invoking toplevel() on ptolemy.moml.MoMLSimpleApplication@4dfa28cf
reloadAllAccessors: .DownSample1
----------------- testing Thu May 10 01:24:16 UTC 2018 /home/travis/build/icyphy/ptII/ptolemy/domains/sdf/lib/test/auto/DynamicRateChange.xml
----------------- Instantiating /home/travis/build/icyphy/ptII/ptolemy/domains/sdf/lib/test/auto/DynamicRateChange.xml
13 ms. Memory: 208384K Free: 153248K (74%)
----------------- Invoking toplevel() on ptolemy.moml.MoMLSimpleApplication@427a322d
----------------- Done invoking toplevel() on ptolemy.moml.MoMLSimpleApplication@427a322d
reloadAllAccessors: .DynamicRateChange
----------------- testing Thu May 10 01:24:16 UTC 2018 /home/travis/build/icyphy/ptII/ptolemy/domains/sdf/lib/test/auto/DynamicRates.xml
----------------- Instantiating /home/travis/build/icyphy/ptII/ptolemy/domains/sdf/lib/test/auto/DynamicRates.xml
11 ms. Memory: 208384K Free: 146115K (70%)
----------------- Invoking toplevel() on ptolemy.moml.MoMLSimpleApplication@64d5ad37
----------------- Done invoking toplevel() on ptolemy.moml.MoMLSimpleApplication@64d5ad37
reloadAllAccessors: .DynamicRates
----------------- testing Thu May 10 01:24:16 UTC 2018 /home/travis/build/icyphy/ptII/ptolemy/domains/sdf/lib/test/auto/FFT1.xml
----------------- Instantiating /home/travis/build/icyphy/ptII/ptolemy/domains/sdf/lib/test/auto/FFT1.xml
10 ms. Memory: 208384K Free: 141183K (68%)
----------------- Invoking toplevel() on ptolemy.moml.MoMLSimpleApplication@584676af
----------------- Done invoking toplevel() on ptolemy.moml.MoMLSimpleApplication@584676af
reloadAllAccessors: .FFT1
----------------- testing Thu May 10 01:24:16 UTC 2018 /home/travis/build/icyphy/ptII/ptolemy/domains/sdf/lib/test/auto/FIR1.xml
----------------- Instantiating /home/travis/build/icyphy/ptII/ptolemy/domains/sdf/lib/test/auto/FIR1.xml
24 ms. Memory: 208384K Free: 133148K (64%)
----------------- Invoking toplevel() on ptolemy.moml.MoMLSimpleApplication@1b2334a6
----------------- Done invoking toplevel() on ptolemy.moml.MoMLSimpleApplication@1b2334a6
reloadAllAccessors: .FIR1
----------------- testing Thu May 10 01:24:16 UTC 2018 /home/travis/build/icyphy/ptII/ptolemy/domains/sdf/lib/test/auto/FIR2.xml
----------------- Instantiating /home/travis/build/icyphy/ptII/ptolemy/domains/sdf/lib/test/auto/FIR2.xml
2 ms. Memory: 208384K Free: 129461K (62%)
----------------- Invoking toplevel() on ptolemy.moml.MoMLSimpleApplication@1c34d70e
----------------- Done invoking toplevel() on ptolemy.moml.MoMLSimpleApplication@1c34d70e
reloadAllAccessors: .FIR2
----------------- testing Thu May 10 01:24:16 UTC 2018 /home/travis/build/icyphy/ptII/ptolemy/domains/sdf/lib/test/auto/FIR4.xml
----------------- Instantiating /home/travis/build/icyphy/ptII/ptolemy/domains/sdf/lib/test/auto/FIR4.xml
4 ms. Memory: 208384K Free: 119271K (57%)
----------------- Invoking toplevel() on ptolemy.moml.MoMLSimpleApplication@18b40ef3
----------------- Done invoking toplevel() on ptolemy.moml.MoMLSimpleApplication@18b40ef3
reloadAllAccessors: .FIR4
----------------- testing Thu May 10 01:24:16 UTC 2018 /home/travis/build/icyphy/ptII/ptolemy/domains/sdf/lib/test/auto/FixJoin.xml
----------------- Instantiating /home/travis/build/icyphy/ptII/ptolemy/domains/sdf/lib/test/auto/FixJoin.xml
6 ms. Memory: 208384K Free: 114339K (55%)
----------------- Invoking toplevel() on ptolemy.moml.MoMLSimpleApplication@2adfbbec
----------------- Done invoking toplevel() on ptolemy.moml.MoMLSimpleApplication@2adfbbec
reloadAllAccessors: .FixJoin
----------------- testing Thu May 10 01:24:16 UTC 2018 /home/travis/build/icyphy/ptII/ptolemy/domains/sdf/lib/test/auto/IntJoin1.xml
----------------- Instantiating /home/travis/build/icyphy/ptII/ptolemy/domains/sdf/lib/test/auto/IntJoin1.xml
3 ms. Memory: 208384K Free: 109990K (53%)
----------------- Invoking toplevel() on ptolemy.moml.MoMLSimpleApplication@26c41f70
----------------- Done invoking toplevel() on ptolemy.moml.MoMLSimpleApplication@26c41f70
reloadAllAccessors: .IntJoin1
----------------- testing Thu May 10 01:24:16 UTC 2018 /home/travis/build/icyphy/ptII/ptolemy/domains/sdf/lib/test/auto/IntJoin2.xml
----------------- Instantiating /home/travis/build/icyphy/ptII/ptolemy/domains/sdf/lib/test/auto/IntJoin2.xml
3 ms. Memory: 208384K Free: 105059K (50%)
----------------- Invoking toplevel() on ptolemy.moml.MoMLSimpleApplication@1e612088
----------------- Done invoking toplevel() on ptolemy.moml.MoMLSimpleApplication@1e612088
reloadAllAccessors: .IntJoin2
----------------- testing Thu May 10 01:24:16 UTC 2018 /home/travis/build/icyphy/ptII/ptolemy/domains/sdf/lib/test/auto/IntJoin3.xml
----------------- Instantiating /home/travis/build/icyphy/ptII/ptolemy/domains/sdf/lib/test/auto/IntJoin3.xml
4 ms. Memory: 208384K Free: 99178K (48%)
----------------- Invoking toplevel() on ptolemy.moml.MoMLSimpleApplication@32c86632
----------------- Done invoking toplevel() on ptolemy.moml.MoMLSimpleApplication@32c86632
reloadAllAccessors: .IntJoin3
----------------- testing Thu May 10 01:24:16 UTC 2018 /home/travis/build/icyphy/ptII/ptolemy/domains/sdf/lib/test/auto/IntJoin4.xml
----------------- Instantiating /home/travis/build/icyphy/ptII/ptolemy/domains/sdf/lib/test/auto/IntJoin4.xml
4 ms. Memory: 208384K Free: 94829K (46%)
----------------- Invoking toplevel() on ptolemy.moml.MoMLSimpleApplication@7d466008
----------------- Done invoking toplevel() on ptolemy.moml.MoMLSimpleApplication@7d466008
reloadAllAccessors: .IntJoin4
----------------- testing Thu May 10 01:24:16 UTC 2018 /home/travis/build/icyphy/ptII/ptolemy/domains/sdf/lib/test/auto/IntJoin5.xml
----------------- Instantiating /home/travis/build/icyphy/ptII/ptolemy/domains/sdf/lib/test/auto/IntJoin5.xml
3 ms. Memory: 208384K Free: 90520K (43%)
----------------- Invoking toplevel() on ptolemy.moml.MoMLSimpleApplication@42209d34
----------------- Done invoking toplevel() on ptolemy.moml.MoMLSimpleApplication@42209d34
reloadAllAccessors: .IntJoin5
----------------- testing Thu May 10 01:24:16 UTC 2018 /home/travis/build/icyphy/ptII/ptolemy/domains/sdf/lib/test/auto/IntToBits.xml
----------------- Instantiating /home/travis/build/icyphy/ptII/ptolemy/domains/sdf/lib/test/auto/IntToBits.xml
7 ms. Memory: 208384K Free: 87431K (42%)
----------------- Invoking toplevel() on ptolemy.moml.MoMLSimpleApplication@35cc13ee
----------------- Done invoking toplevel() on ptolemy.moml.MoMLSimpleApplication@35cc13ee
reloadAllAccessors: .IntToBits
----------------- testing Thu May 10 01:24:16 UTC 2018 /home/travis/build/icyphy/ptII/ptolemy/domains/sdf/lib/test/auto/LMSAdaptive.xml
----------------- Instantiating /home/travis/build/icyphy/ptII/ptolemy/domains/sdf/lib/test/auto/LMSAdaptive.xml
27 ms. Memory: 208384K Free: 199476K (96%)
----------------- Invoking toplevel() on ptolemy.moml.MoMLSimpleApplication@6de757c9
----------------- Done invoking toplevel() on ptolemy.moml.MoMLSimpleApplication@6de757c9
reloadAllAccessors: .LMSAdaptive
----------------- testing Thu May 10 01:24:16 UTC 2018 /home/travis/build/icyphy/ptII/ptolemy/domains/sdf/lib/test/auto/LMSAdaptiveFIR.xml
----------------- Instantiating /home/travis/build/icyphy/ptII/ptolemy/domains/sdf/lib/test/auto/LMSAdaptiveFIR.xml
299 ms. Memory: 208384K Free: 158666K (76%)
----------------- Invoking toplevel() on ptolemy.moml.MoMLSimpleApplication@43dfcca5
----------------- Done invoking toplevel() on ptolemy.moml.MoMLSimpleApplication@43dfcca5
reloadAllAccessors: .LMSAdaptiveFIR
----------------- testing Thu May 10 01:24:17 UTC 2018 /home/travis/build/icyphy/ptII/ptolemy/domains/sdf/lib/test/auto/LMSAdaptiveFIR2.xml
----------------- Instantiating /home/travis/build/icyphy/ptII/ptolemy/domains/sdf/lib/test/auto/LMSAdaptiveFIR2.xml
336 ms. Memory: 208384K Free: 97551K (47%)
----------------- Invoking toplevel() on ptolemy.moml.MoMLSimpleApplication@19104d54
----------------- Done invoking toplevel() on ptolemy.moml.MoMLSimpleApplication@19104d54
reloadAllAccessors: .LMSAdaptiveFIR2
----------------- testing Thu May 10 01:24:17 UTC 2018 /home/travis/build/icyphy/ptII/ptolemy/domains/sdf/lib/test/auto/LongJoin.xml
----------------- Instantiating /home/travis/build/icyphy/ptII/ptolemy/domains/sdf/lib/test/auto/LongJoin.xml
6 ms. Memory: 208384K Free: 91548K (44%)
----------------- Invoking toplevel() on ptolemy.moml.MoMLSimpleApplication@3099e4bf
----------------- Done invoking toplevel() on ptolemy.moml.MoMLSimpleApplication@3099e4bf
reloadAllAccessors: .LongJoin
----------------- testing Thu May 10 01:24:17 UTC 2018 /home/travis/build/icyphy/ptII/ptolemy/domains/sdf/lib/test/auto/Matrix1.xml
----------------- Instantiating /home/travis/build/icyphy/ptII/ptolemy/domains/sdf/lib/test/auto/Matrix1.xml
3 ms. Memory: 208384K Free: 87167K (42%)
----------------- Invoking toplevel() on ptolemy.moml.MoMLSimpleApplication@33ad724a
----------------- Done invoking toplevel() on ptolemy.moml.MoMLSimpleApplication@33ad724a
reloadAllAccessors: .Matrix1
----------------- testing Thu May 10 01:24:17 UTC 2018 /home/travis/build/icyphy/ptII/ptolemy/domains/sdf/lib/test/auto/Matrix2.xml
----------------- Instantiating /home/travis/build/icyphy/ptII/ptolemy/domains/sdf/lib/test/auto/Matrix2.xml
5 ms. Memory: 208384K Free: 82834K (40%)
----------------- Invoking toplevel() on ptolemy.moml.MoMLSimpleApplication@29569135
----------------- Done invoking toplevel() on ptolemy.moml.MoMLSimpleApplication@29569135
reloadAllAccessors: .Matrix2
----------------- testing Thu May 10 01:24:17 UTC 2018 /home/travis/build/icyphy/ptII/ptolemy/domains/sdf/lib/test/auto/MatrixJoin1.xml
----------------- Instantiating /home/travis/build/icyphy/ptII/ptolemy/domains/sdf/lib/test/auto/MatrixJoin1.xml
25 ms. Memory: 332800K Free: 324480K (98%)
----------------- Invoking toplevel() on ptolemy.moml.MoMLSimpleApplication@5caa1f52
----------------- Done invoking toplevel() on ptolemy.moml.MoMLSimpleApplication@5caa1f52
reloadAllAccessors: .MatrixJoin1
----------------- testing Thu May 10 01:24:17 UTC 2018 /home/travis/build/icyphy/ptII/ptolemy/domains/sdf/lib/test/auto/MatrixJoin2.xml
----------------- Instantiating /home/travis/build/icyphy/ptII/ptolemy/domains/sdf/lib/test/auto/MatrixJoin2.xml
4 ms. Memory: 332800K Free: 315951K (95%)
----------------- Invoking toplevel() on ptolemy.moml.MoMLSimpleApplication@521ef89e
----------------- Done invoking toplevel() on ptolemy.moml.MoMLSimpleApplication@521ef89e
reloadAllAccessors: .MatrixJoin2
----------------- testing Thu May 10 01:24:17 UTC 2018 /home/travis/build/icyphy/ptII/ptolemy/domains/sdf/lib/test/auto/MatrixJoin3.xml
----------------- Instantiating /home/travis/build/icyphy/ptII/ptolemy/domains/sdf/lib/test/auto/MatrixJoin3.xml
3 ms. Memory: 332800K Free: 311020K (93%)
----------------- Invoking toplevel() on ptolemy.moml.MoMLSimpleApplication@3d028ddd
----------------- Done invoking toplevel() on ptolemy.moml.MoMLSimpleApplication@3d028ddd
reloadAllAccessors: .MatrixJoin3
----------------- testing Thu May 10 01:24:17 UTC 2018 /home/travis/build/icyphy/ptII/ptolemy/domains/sdf/lib/test/auto/MatrixJoin4.xml
----------------- Instantiating /home/travis/build/icyphy/ptII/ptolemy/domains/sdf/lib/test/auto/MatrixJoin4.xml
12 ms. Memory: 332800K Free: 304860K (92%)
----------------- Invoking toplevel() on ptolemy.moml.MoMLSimpleApplication@5a8939d2
----------------- Done invoking toplevel() on ptolemy.moml.MoMLSimpleApplication@5a8939d2
reloadAllAccessors: .MatrixJoin4
----------------- testing Thu May 10 01:24:17 UTC 2018 /home/travis/build/icyphy/ptII/ptolemy/domains/sdf/lib/test/auto/MatrixJoin5.xml
----------------- Instantiating /home/travis/build/icyphy/ptII/ptolemy/domains/sdf/lib/test/auto/MatrixJoin5.xml
2 ms. Memory: 332800K Free: 298526K (90%)
----------------- Invoking toplevel() on ptolemy.moml.MoMLSimpleApplication@5bca5284
----------------- Done invoking toplevel() on ptolemy.moml.MoMLSimpleApplication@5bca5284
reloadAllAccessors: .MatrixJoin5
----------------- testing Thu May 10 01:24:17 UTC 2018 /home/travis/build/icyphy/ptII/ptolemy/domains/sdf/lib/test/auto/MatrixSplit1.xml
----------------- Instantiating /home/travis/build/icyphy/ptII/ptolemy/domains/sdf/lib/test/auto/MatrixSplit1.xml
5 ms. Memory: 332800K Free: 292382K (88%)
----------------- Invoking toplevel() on ptolemy.moml.MoMLSimpleApplication@278b28e3
----------------- Done invoking toplevel() on ptolemy.moml.MoMLSimpleApplication@278b28e3
reloadAllAccessors: .MatrixSplit1
----------------- testing Thu May 10 01:24:17 UTC 2018 /home/travis/build/icyphy/ptII/ptolemy/domains/sdf/lib/test/auto/MatrixSplit10.xml
----------------- Instantiating /home/travis/build/icyphy/ptII/ptolemy/domains/sdf/lib/test/auto/MatrixSplit10.xml
3 ms. Memory: 332800K Free: 287467K (86%)
----------------- Invoking toplevel() on ptolemy.moml.MoMLSimpleApplication@21082659
----------------- Done invoking toplevel() on ptolemy.moml.MoMLSimpleApplication@21082659
reloadAllAccessors: .MatrixSplit10
----------------- testing Thu May 10 01:24:18 UTC 2018 /home/travis/build/icyphy/ptII/ptolemy/domains/sdf/lib/test/auto/MatrixSplit11.xml
----------------- Instantiating /home/travis/build/icyphy/ptII/ptolemy/domains/sdf/lib/test/auto/MatrixSplit11.xml
3 ms. Memory: 332800K Free: 282551K (85%)
----------------- Invoking toplevel() on ptolemy.moml.MoMLSimpleApplication@41df681e
----------------- Done invoking toplevel() on ptolemy.moml.MoMLSimpleApplication@41df681e
reloadAllAccessors: .MatrixSplit11
----------------- testing Thu May 10 01:24:18 UTC 2018 /home/travis/build/icyphy/ptII/ptolemy/domains/sdf/lib/test/auto/MatrixSplit12.xml
----------------- Instantiating /home/travis/build/icyphy/ptII/ptolemy/domains/sdf/lib/test/auto/MatrixSplit12.xml
2 ms. Memory: 332800K Free: 276233K (83%)
----------------- Invoking toplevel() on ptolemy.moml.MoMLSimpleApplication@3c860715
----------------- Done invoking toplevel() on ptolemy.moml.MoMLSimpleApplication@3c860715
reloadAllAccessors: .MatrixSplit12
----------------- testing Thu May 10 01:24:18 UTC 2018 /home/travis/build/icyphy/ptII/ptolemy/domains/sdf/lib/test/auto/MatrixSplit13.xml
----------------- Instantiating /home/travis/build/icyphy/ptII/ptolemy/domains/sdf/lib/test/auto/MatrixSplit13.xml
5 ms. Memory: 332800K Free: 271318K (82%)
----------------- Invoking toplevel() on ptolemy.moml.MoMLSimpleApplication@2a8e56a1
----------------- Done invoking toplevel() on ptolemy.moml.MoMLSimpleApplication@2a8e56a1
reloadAllAccessors: .MatrixSplit13
----------------- testing Thu May 10 01:24:18 UTC 2018 /home/travis/build/icyphy/ptII/ptolemy/domains/sdf/lib/test/auto/MatrixSplit14.xml
----------------- Instantiating /home/travis/build/icyphy/ptII/ptolemy/domains/sdf/lib/test/auto/MatrixSplit14.xml
2 ms. Memory: 332800K Free: 266403K (80%)
----------------- Invoking toplevel() on ptolemy.moml.MoMLSimpleApplication@3071bef8
----------------- Done invoking toplevel() on ptolemy.moml.MoMLSimpleApplication@3071bef8
reloadAllAccessors: .MatrixSplit14
----------------- testing Thu May 10 01:24:18 UTC 2018 /home/travis/build/icyphy/ptII/ptolemy/domains/sdf/lib/test/auto/MatrixSplit2.xml
----------------- Instantiating /home/travis/build/icyphy/ptII/ptolemy/domains/sdf/lib/test/auto/MatrixSplit2.xml
4 ms. Memory: 332800K Free: 260084K (78%)
----------------- Invoking toplevel() on ptolemy.moml.MoMLSimpleApplication@67d6b31f
----------------- Done invoking toplevel() on ptolemy.moml.MoMLSimpleApplication@67d6b31f
reloadAllAccessors: .MatrixSplit2
----------------- testing Thu May 10 01:24:18 UTC 2018 /home/travis/build/icyphy/ptII/ptolemy/domains/sdf/lib/test/auto/MatrixSplit3.xml
----------------- Instantiating /home/travis/build/icyphy/ptII/ptolemy/domains/sdf/lib/test/auto/MatrixSplit3.xml
1 ms. Memory: 332800K Free: 255169K (77%)
----------------- Invoking toplevel() on ptolemy.moml.MoMLSimpleApplication@54ee9023
----------------- Done invoking toplevel() on ptolemy.moml.MoMLSimpleApplication@54ee9023
reloadAllAccessors: .MatrixSplit3
----------------- testing Thu May 10 01:24:18 UTC 2018 /home/travis/build/icyphy/ptII/ptolemy/domains/sdf/lib/test/auto/MatrixSplit4.xml
----------------- Instantiating /home/travis/build/icyphy/ptII/ptolemy/domains/sdf/lib/test/auto/MatrixSplit4.xml
7 ms. Memory: 332800K Free: 250254K (75%)
----------------- Invoking toplevel() on ptolemy.moml.MoMLSimpleApplication@631d0c55
----------------- Done invoking toplevel() on ptolemy.moml.MoMLSimpleApplication@631d0c55
reloadAllAccessors: .MatrixSplit4
----------------- testing Thu May 10 01:24:18 UTC 2018 /home/travis/build/icyphy/ptII/ptolemy/domains/sdf/lib/test/auto/MatrixSplit5.xml
----------------- Instantiating /home/travis/build/icyphy/ptII/ptolemy/domains/sdf/lib/test/auto/MatrixSplit5.xml
3 ms. Memory: 332800K Free: 243936K (73%)
----------------- Invoking toplevel() on ptolemy.moml.MoMLSimpleApplication@1d9da8d
----------------- Done invoking toplevel() on ptolemy.moml.MoMLSimpleApplication@1d9da8d
reloadAllAccessors: .MatrixSplit5
----------------- testing Thu May 10 01:24:18 UTC 2018 /home/travis/build/icyphy/ptII/ptolemy/domains/sdf/lib/test/auto/MatrixSplit6.xml
----------------- Instantiating /home/travis/build/icyphy/ptII/ptolemy/domains/sdf/lib/test/auto/MatrixSplit6.xml
1 ms. Memory: 332800K Free: 239021K (72%)
----------------- Invoking toplevel() on ptolemy.moml.MoMLSimpleApplication@7e5b71eb
----------------- Done invoking toplevel() on ptolemy.moml.MoMLSimpleApplication@7e5b71eb
reloadAllAccessors: .MatrixSplit6
----------------- testing Thu May 10 01:24:18 UTC 2018 /home/travis/build/icyphy/ptII/ptolemy/domains/sdf/lib/test/auto/MatrixSplit7.xml
----------------- Instantiating /home/travis/build/icyphy/ptII/ptolemy/domains/sdf/lib/test/auto/MatrixSplit7.xml
2 ms. Memory: 332800K Free: 234105K (70%)
----------------- Invoking toplevel() on ptolemy.moml.MoMLSimpleApplication@6d89bbf9
----------------- Done invoking toplevel() on ptolemy.moml.MoMLSimpleApplication@6d89bbf9
reloadAllAccessors: .MatrixSplit7
----------------- testing Thu May 10 01:24:18 UTC 2018 /home/travis/build/icyphy/ptII/ptolemy/domains/sdf/lib/test/auto/MatrixSplit8.xml
----------------- Instantiating /home/travis/build/icyphy/ptII/ptolemy/domains/sdf/lib/test/auto/MatrixSplit8.xml
2 ms. Memory: 332800K Free: 229190K (69%)
----------------- Invoking toplevel() on ptolemy.moml.MoMLSimpleApplication@43e5cc71
----------------- Done invoking toplevel() on ptolemy.moml.MoMLSimpleApplication@43e5cc71
reloadAllAccessors: .MatrixSplit8
----------------- testing Thu May 10 01:24:18 UTC 2018 /home/travis/build/icyphy/ptII/ptolemy/domains/sdf/lib/test/auto/MatrixSplit9.xml
----------------- Instantiating /home/travis/build/icyphy/ptII/ptolemy/domains/sdf/lib/test/auto/MatrixSplit9.xml
2 ms. Memory: 332800K Free: 222872K (67%)
----------------- Invoking toplevel() on ptolemy.moml.MoMLSimpleApplication@49daafab
----------------- Done invoking toplevel() on ptolemy.moml.MoMLSimpleApplication@49daafab
reloadAllAccessors: .MatrixSplit9
----------------- testing Thu May 10 01:24:18 UTC 2018 /home/travis/build/icyphy/ptII/ptolemy/domains/sdf/lib/test/auto/MatrixToSequence.xml
----------------- Instantiating /home/travis/build/icyphy/ptII/ptolemy/domains/sdf/lib/test/auto/MatrixToSequence.xml
11 ms. Memory: 332800K Free: 211813K (64%)
----------------- Invoking toplevel() on ptolemy.moml.MoMLSimpleApplication@7390bb76
----------------- Done invoking toplevel() on ptolemy.moml.MoMLSimpleApplication@7390bb76
reloadAllAccessors: .MatrixToSequence
----------------- testing Thu May 10 01:24:18 UTC 2018 /home/travis/build/icyphy/ptII/ptolemy/domains/sdf/lib/test/auto/MaximumEntropySpectrum.xml
----------------- Instantiating /home/travis/build/icyphy/ptII/ptolemy/domains/sdf/lib/test/auto/MaximumEntropySpectrum.xml
16 ms. Memory: 332800K Free: 188445K (57%)
----------------- Invoking toplevel() on ptolemy.moml.MoMLSimpleApplication@5a17ffe4
----------------- Done invoking toplevel() on ptolemy.moml.MoMLSimpleApplication@5a17ffe4
reloadAllAccessors: .MaximumEntropySpectrum
----------------- testing Thu May 10 01:24:18 UTC 2018 /home/travis/build/icyphy/ptII/ptolemy/domains/sdf/lib/test/auto/SampleDelayConversion.xml
----------------- Instantiating /home/travis/build/icyphy/ptII/ptolemy/domains/sdf/lib/test/auto/SampleDelayConversion.xml
7 ms. Memory: 332800K Free: 182127K (55%)
----------------- Invoking toplevel() on ptolemy.moml.MoMLSimpleApplication@5fb66677
----------------- Done invoking toplevel() on ptolemy.moml.MoMLSimpleApplication@5fb66677
reloadAllAccessors: .SampleDelayConversion
----------------- testing Thu May 10 01:24:18 UTC 2018 /home/travis/build/icyphy/ptII/ptolemy/domains/sdf/lib/test/auto/SequenceToArray.xml
----------------- Instantiating /home/travis/build/icyphy/ptII/ptolemy/domains/sdf/lib/test/auto/SequenceToArray.xml
8 ms. Memory: 332800K Free: 168610K (51%)
----------------- Invoking toplevel() on ptolemy.moml.MoMLSimpleApplication@a688152
----------------- Done invoking toplevel() on ptolemy.moml.MoMLSimpleApplication@a688152
reloadAllAccessors: .SequenceToArray
----------------- testing Thu May 10 01:24:18 UTC 2018 /home/travis/build/icyphy/ptII/ptolemy/domains/sdf/lib/test/auto/SequenceToMatrix.xml
----------------- Instantiating /home/travis/build/icyphy/ptII/ptolemy/domains/sdf/lib/test/auto/SequenceToMatrix.xml
3746 ms. Memory: 579072K Free: 549886K (95%)
----------------- Invoking toplevel() on ptolemy.moml.MoMLSimpleApplication@1ca8dc5a
----------------- Done invoking toplevel() on ptolemy.moml.MoMLSimpleApplication@1ca8dc5a
reloadAllAccessors: .SequenceToMatrix
----------------- testing Thu May 10 01:24:22 UTC 2018 /home/travis/build/icyphy/ptII/ptolemy/domains/sdf/lib/test/auto/SmoothedPeriodogram.xml
----------------- Instantiating /home/travis/build/icyphy/ptII/ptolemy/domains/sdf/lib/test/auto/SmoothedPeriodogram.xml
7 ms. Memory: 579072K Free: 526558K (91%)
----------------- Invoking toplevel() on ptolemy.moml.MoMLSimpleApplication@153ba3cd
----------------- Done invoking toplevel() on ptolemy.moml.MoMLSimpleApplication@153ba3cd
reloadAllAccessors: .SmoothedPeriodogram
----------------- testing Thu May 10 01:24:22 UTC 2018 /home/travis/build/icyphy/ptII/ptolemy/domains/sdf/lib/test/auto/UpDownSample1.xml
----------------- Instantiating /home/travis/build/icyphy/ptII/ptolemy/domains/sdf/lib/test/auto/UpDownSample1.xml
3 ms. Memory: 579072K Free: 520011K (90%)
----------------- Invoking toplevel() on ptolemy.moml.MoMLSimpleApplication@604db02
----------------- Done invoking toplevel() on ptolemy.moml.MoMLSimpleApplication@604db02
reloadAllAccessors: .UpDownSample1
----------------- testing Thu May 10 01:24:22 UTC 2018 /home/travis/build/icyphy/ptII/ptolemy/domains/sdf/lib/test/auto/UpSample1.xml
----------------- Instantiating /home/travis/build/icyphy/ptII/ptolemy/domains/sdf/lib/test/auto/UpSample1.xml
2 ms. Memory: 579072K Free: 513464K (89%)
----------------- Invoking toplevel() on ptolemy.moml.MoMLSimpleApplication@fe073dc
----------------- Done invoking toplevel() on ptolemy.moml.MoMLSimpleApplication@fe073dc
reloadAllAccessors: .UpSample1
----------------- testing Thu May 10 01:24:22 UTC 2018 /home/travis/build/icyphy/ptII/ptolemy/domains/sdf/lib/test/auto/VariableFIR.xml
----------------- Instantiating /home/travis/build/icyphy/ptII/ptolemy/domains/sdf/lib/test/auto/VariableFIR.xml
10 ms. Memory: 579072K Free: 503644K (87%)
----------------- Invoking toplevel() on ptolemy.moml.MoMLSimpleApplication@3d48ac7a
----------------- Done invoking toplevel() on ptolemy.moml.MoMLSimpleApplication@3d48ac7a
reloadAllAccessors: .VariableFIR
----------------- testing Thu May 10 01:24:22 UTC 2018 /home/travis/build/icyphy/ptII/ptolemy/domains/sdf/lib/test/auto/VariableFIR2.xml
----------------- Instantiating /home/travis/build/icyphy/ptII/ptolemy/domains/sdf/lib/test/auto/VariableFIR2.xml
7 ms. Memory: 579072K Free: 491881K (85%)
----------------- Invoking toplevel() on ptolemy.moml.MoMLSimpleApplication@4e468266
----------------- Done invoking toplevel() on ptolemy.moml.MoMLSimpleApplication@4e468266
reloadAllAccessors: .VariableFIR2
----------------- testing Thu May 10 01:24:22 UTC 2018 /home/travis/build/icyphy/ptII/ptolemy/domains/sdf/lib/test/auto/VariableLattice.xml
----------------- Instantiating /home/travis/build/icyphy/ptII/ptolemy/domains/sdf/lib/test/auto/VariableLattice.xml
4 ms. Memory: 579072K Free: 482061K (83%)
----------------- Invoking toplevel() on ptolemy.moml.MoMLSimpleApplication@3a0c8e2
----------------- Done invoking toplevel() on ptolemy.moml.MoMLSimpleApplication@3a0c8e2
reloadAllAccessors: .VariableLattice
----------------- testing Thu May 10 01:24:22 UTC 2018 /home/travis/build/icyphy/ptII/ptolemy/domains/sdf/lib/test/auto/VariableLattice2.xml
----------------- Instantiating /home/travis/build/icyphy/ptII/ptolemy/domains/sdf/lib/test/auto/VariableLattice2.xml
1.0
-1.999999602036
1.9099998677481
-0.9099996420674
0.205
0.0
0.0
1.0
-0.25
-0.5
0.0
0.0
0.0
0.0
8 ms. Memory: 579072K Free: 472240K (82%)
----------------- Invoking toplevel() on ptolemy.moml.MoMLSimpleApplication@231b6139
----------------- Done invoking toplevel() on ptolemy.moml.MoMLSimpleApplication@231b6139
reloadAllAccessors: .VariableLattice2
----------------- testing Thu May 10 01:24:22 UTC 2018 /home/travis/build/icyphy/ptII/ptolemy/domains/sdf/lib/test/auto/VariableRecursiveLattice.xml
----------------- Instantiating /home/travis/build/icyphy/ptII/ptolemy/domains/sdf/lib/test/auto/VariableRecursiveLattice.xml
2 ms. Memory: 579072K Free: 462420K (80%)
----------------- Invoking toplevel() on ptolemy.moml.MoMLSimpleApplication@2fb00423
----------------- Done invoking toplevel() on ptolemy.moml.MoMLSimpleApplication@2fb00423
reloadAllAccessors: .VariableRecursiveLattice
----------------- testing Thu May 10 01:24:22 UTC 2018 /home/travis/build/icyphy/ptII/ptolemy/domains/sdf/lib/test/auto/VariableRecursiveLattice2.xml
----------------- Instantiating /home/travis/build/icyphy/ptII/ptolemy/domains/sdf/lib/test/auto/VariableRecursiveLattice2.xml
3 ms. Memory: 579072K Free: 455873K (79%)
----------------- Invoking toplevel() on ptolemy.moml.MoMLSimpleApplication@432d9a86
----------------- Done invoking toplevel() on ptolemy.moml.MoMLSimpleApplication@432d9a86
reloadAllAccessors: .VariableRecursiveLattice2
AutoTests.java: About to close Vertx.
AutoTests.java: Vertx closed.
]]></system-out>
  <system-err><![CDATA[]]></system-err>
</testsuite>
