<?xml version="1.0" encoding="UTF-8" ?>
<testsuite errors="0" failures="0" hostname="travis-job-a101b55c-3403-4616-99a2-014a7844b4c5" name="ptolemy.actor.lib.hoc.test.junit.JUnitTclTest" skipped="0" tests="58" time="35.564" timestamp="2018-05-18T00:56:14">
  <properties>
[...]
</properties>
  <testcase classname="ptolemy.util.test.junit.TclTests" name="[0] /home/travis/build/icyphy/ptII/ptolemy/actor/lib/hoc/test/IterateOverArray.tcl (RunTclFile)" time="0.303" />
  <testcase classname="ptolemy.util.test.junit.AutoKnownFailedTests" name="[0] /home/travis/build/icyphy/ptII/ptolemy/actor/lib/hoc/test/auto/knownFailedTests/PreinitializeMustBeInvokedRunComposite.xml (RunModel)" time="0.251" />
  <testcase classname="ptolemy.util.test.junit.AutoNameArchTests" name="[0] ThereAreNoAutoTests (RunModel)" time="0.004" />
  <testcase classname="ptolemy.util.test.junit.AutoTests" name="[0] /home/travis/build/icyphy/ptII/ptolemy/actor/lib/hoc/test/auto/AllToAllMultiInstanceComposite.xml (RunModel)" time="0.409" />
  <testcase classname="ptolemy.util.test.junit.AutoTests" name="[1] /home/travis/build/icyphy/ptII/ptolemy/actor/lib/hoc/test/auto/ApplyFFTTest.xml (RunModel)" time="0.389" />
  <testcase classname="ptolemy.util.test.junit.AutoTests" name="[2] /home/travis/build/icyphy/ptII/ptolemy/actor/lib/hoc/test/auto/ApplyFunction.xml (RunModel)" time="0.075" />
  <testcase classname="ptolemy.util.test.junit.AutoTests" name="[3] /home/travis/build/icyphy/ptII/ptolemy/actor/lib/hoc/test/auto/BackgroundExecution.xml (RunModel)" time="0.717" />
  <testcase classname="ptolemy.util.test.junit.AutoTests" name="[4] /home/travis/build/icyphy/ptII/ptolemy/actor/lib/hoc/test/auto/Case.xml (RunModel)" time="0.081" />
  <testcase classname="ptolemy.util.test.junit.AutoTests" name="[5] /home/travis/build/icyphy/ptII/ptolemy/actor/lib/hoc/test/auto/Case1.xml (RunModel)" time="0.082" />
  <testcase classname="ptolemy.util.test.junit.AutoTests" name="[6] /home/travis/build/icyphy/ptII/ptolemy/actor/lib/hoc/test/auto/Case2.xml (RunModel)" time="0.146" />
  <testcase classname="ptolemy.util.test.junit.AutoTests" name="[7] /home/travis/build/icyphy/ptII/ptolemy/actor/lib/hoc/test/auto/Case3.xml (RunModel)" time="0.07" />
  <testcase classname="ptolemy.util.test.junit.AutoTests" name="[8] /home/travis/build/icyphy/ptII/ptolemy/actor/lib/hoc/test/auto/Case4.xml (RunModel)" time="0.073" />
  <testcase classname="ptolemy.util.test.junit.AutoTests" name="[9] /home/travis/build/icyphy/ptII/ptolemy/actor/lib/hoc/test/auto/Case5.xml (RunModel)" time="0.113" />
  <testcase classname="ptolemy.util.test.junit.AutoTests" name="[10] /home/travis/build/icyphy/ptII/ptolemy/actor/lib/hoc/test/auto/Case6.xml (RunModel)" time="0.149" />
  <testcase classname="ptolemy.util.test.junit.AutoTests" name="[11] /home/travis/build/icyphy/ptII/ptolemy/actor/lib/hoc/test/auto/CaseString2.xml (RunModel)" time="0.077" />
  <testcase classname="ptolemy.util.test.junit.AutoTests" name="[12] /home/travis/build/icyphy/ptII/ptolemy/actor/lib/hoc/test/auto/CatchUpComposite1.xml (RunModel)" time="0.089" />
  <testcase classname="ptolemy.util.test.junit.AutoTests" name="[13] /home/travis/build/icyphy/ptII/ptolemy/actor/lib/hoc/test/auto/CatchUpComposite2.xml (RunModel)" time="0.096" />
  <testcase classname="ptolemy.util.test.junit.AutoTests" name="[14] /home/travis/build/icyphy/ptII/ptolemy/actor/lib/hoc/test/auto/CatchUpComposite3.xml (RunModel)" time="0.073" />
  <testcase classname="ptolemy.util.test.junit.AutoTests" name="[15] /home/travis/build/icyphy/ptII/ptolemy/actor/lib/hoc/test/auto/CatchUpComposite4.xml (RunModel)" time="0.079" />
  <testcase classname="ptolemy.util.test.junit.AutoTests" name="[16] /home/travis/build/icyphy/ptII/ptolemy/actor/lib/hoc/test/auto/CatchUpComposite5.xml (RunModel)" time="0.053" />
  <testcase classname="ptolemy.util.test.junit.AutoTests" name="[17] /home/travis/build/icyphy/ptII/ptolemy/actor/lib/hoc/test/auto/CatchUpComposite6.xml (RunModel)" time="0.253" />
  <testcase classname="ptolemy.util.test.junit.AutoTests" name="[18] /home/travis/build/icyphy/ptII/ptolemy/actor/lib/hoc/test/auto/CatchUpComposite7.xml (RunModel)" time="0.144" />
  <testcase classname="ptolemy.util.test.junit.AutoTests" name="[19] /home/travis/build/icyphy/ptII/ptolemy/actor/lib/hoc/test/auto/ConcurrentExecutionTimeSDF.xml (RunModel)" time="0.053" />
  <testcase classname="ptolemy.util.test.junit.AutoTests" name="[20] /home/travis/build/icyphy/ptII/ptolemy/actor/lib/hoc/test/auto/ConcurrentSleep.xml (RunModel)" time="0.778" />
  <testcase classname="ptolemy.util.test.junit.AutoTests" name="[21] /home/travis/build/icyphy/ptII/ptolemy/actor/lib/hoc/test/auto/DEInPNInRunCompositeActor.xml (RunModel)" time="0.048" />
  <testcase classname="ptolemy.util.test.junit.AutoTests" name="[22] /home/travis/build/icyphy/ptII/ptolemy/actor/lib/hoc/test/auto/DFTSubSetTest.xml (RunModel)" time="0.425" />
  <testcase classname="ptolemy.util.test.junit.AutoTests" name="[23] /home/travis/build/icyphy/ptII/ptolemy/actor/lib/hoc/test/auto/HocDE.xml (RunModel)" time="0.323" />
  <testcase classname="ptolemy.util.test.junit.AutoTests" name="[24] /home/travis/build/icyphy/ptII/ptolemy/actor/lib/hoc/test/auto/IterateOverArray.xml (RunModel)" time="0.052" />
  <testcase classname="ptolemy.util.test.junit.AutoTests" name="[25] /home/travis/build/icyphy/ptII/ptolemy/actor/lib/hoc/test/auto/IterateOverArray10.xml (RunModel)" time="0.021" />
  <testcase classname="ptolemy.util.test.junit.AutoTests" name="[26] /home/travis/build/icyphy/ptII/ptolemy/actor/lib/hoc/test/auto/IterateOverArray11.xml (RunModel)" time="0.033" />
  <testcase classname="ptolemy.util.test.junit.AutoTests" name="[27] /home/travis/build/icyphy/ptII/ptolemy/actor/lib/hoc/test/auto/IterateOverArray12.xml (RunModel)" time="0.052" />
  <testcase classname="ptolemy.util.test.junit.AutoTests" name="[28] /home/travis/build/icyphy/ptII/ptolemy/actor/lib/hoc/test/auto/IterateOverArray13.xml (RunModel)" time="0.238" />
  <testcase classname="ptolemy.util.test.junit.AutoTests" name="[29] /home/travis/build/icyphy/ptII/ptolemy/actor/lib/hoc/test/auto/IterateOverArray14.xml (RunModel)" time="0.207" />
  <testcase classname="ptolemy.util.test.junit.AutoTests" name="[30] /home/travis/build/icyphy/ptII/ptolemy/actor/lib/hoc/test/auto/IterateOverArray2.xml (RunModel)" time="0.026" />
  <testcase classname="ptolemy.util.test.junit.AutoTests" name="[31] /home/travis/build/icyphy/ptII/ptolemy/actor/lib/hoc/test/auto/IterateOverArray3.xml (RunModel)" time="0.037" />
  <testcase classname="ptolemy.util.test.junit.AutoTests" name="[32] /home/travis/build/icyphy/ptII/ptolemy/actor/lib/hoc/test/auto/IterateOverArray4.xml (RunModel)" time="0.031" />
  <testcase classname="ptolemy.util.test.junit.AutoTests" name="[33] /home/travis/build/icyphy/ptII/ptolemy/actor/lib/hoc/test/auto/IterateOverArray5.xml (RunModel)" time="0.022" />
  <testcase classname="ptolemy.util.test.junit.AutoTests" name="[34] /home/travis/build/icyphy/ptII/ptolemy/actor/lib/hoc/test/auto/IterateOverArray6.xml (RunModel)" time="0.024" />
  <testcase classname="ptolemy.util.test.junit.AutoTests" name="[35] /home/travis/build/icyphy/ptII/ptolemy/actor/lib/hoc/test/auto/IterateOverArray7.xml (RunModel)" time="0.025" />
  <testcase classname="ptolemy.util.test.junit.AutoTests" name="[36] /home/travis/build/icyphy/ptII/ptolemy/actor/lib/hoc/test/auto/IterateOverArray8.xml (RunModel)" time="0.023" />
  <testcase classname="ptolemy.util.test.junit.AutoTests" name="[37] /home/travis/build/icyphy/ptII/ptolemy/actor/lib/hoc/test/auto/IterateOverArray9.xml (RunModel)" time="0.032" />
  <testcase classname="ptolemy.util.test.junit.AutoTests" name="[38] /home/travis/build/icyphy/ptII/ptolemy/actor/lib/hoc/test/auto/IterateOverArrayCoercedOutputType.xml (RunModel)" time="0.044" />
  <testcase classname="ptolemy.util.test.junit.AutoTests" name="[39] /home/travis/build/icyphy/ptII/ptolemy/actor/lib/hoc/test/auto/IterateOverArrayInferredOutputType.xml (RunModel)" time="0.041" />
  <testcase classname="ptolemy.util.test.junit.AutoTests" name="[40] /home/travis/build/icyphy/ptII/ptolemy/actor/lib/hoc/test/auto/MobileFunctionTest.xml (RunModel)" time="0.039" />
  <testcase classname="ptolemy.util.test.junit.AutoTests" name="[41] /home/travis/build/icyphy/ptII/ptolemy/actor/lib/hoc/test/auto/MobileModelTest.xml (RunModel)" time="0.114" />
  <testcase classname="ptolemy.util.test.junit.AutoTests" name="[42] /home/travis/build/icyphy/ptII/ptolemy/actor/lib/hoc/test/auto/ModelReference.xml (RunModel)" time="0.122" />
  <testcase classname="ptolemy.util.test.junit.AutoTests" name="[43] /home/travis/build/icyphy/ptII/ptolemy/actor/lib/hoc/test/auto/ModelReference3.xml (RunModel)" time="0.05" />
  <testcase classname="ptolemy.util.test.junit.AutoTests" name="[44] /home/travis/build/icyphy/ptII/ptolemy/actor/lib/hoc/test/auto/ModelReference4.xml (RunModel)" time="10.05" />
  <testcase classname="ptolemy.util.test.junit.AutoTests" name="[45] /home/travis/build/icyphy/ptII/ptolemy/actor/lib/hoc/test/auto/MultiInstanceComposite.xml (RunModel)" time="0.082" />
  <testcase classname="ptolemy.util.test.junit.AutoTests" name="[46] /home/travis/build/icyphy/ptII/ptolemy/actor/lib/hoc/test/auto/MultiInstanceComposite2.xml (RunModel)" time="0.05" />
  <testcase classname="ptolemy.util.test.junit.AutoTests" name="[47] /home/travis/build/icyphy/ptII/ptolemy/actor/lib/hoc/test/auto/MulticoreExecution.xml (RunModel)" time="10.071" />
  <testcase classname="ptolemy.util.test.junit.AutoTests" name="[48] /home/travis/build/icyphy/ptII/ptolemy/actor/lib/hoc/test/auto/ParallelExecution.xml (RunModel)" time="0.95" />
  <testcase classname="ptolemy.util.test.junit.AutoTests" name="[49] /home/travis/build/icyphy/ptII/ptolemy/actor/lib/hoc/test/auto/RunCompositeActor.xml (RunModel)" time="0.034" />
  <testcase classname="ptolemy.util.test.junit.AutoTests" name="[50] /home/travis/build/icyphy/ptII/ptolemy/actor/lib/hoc/test/auto/RunCompositeActor2.xml (RunModel)" time="0.031" />
  <testcase classname="ptolemy.util.test.junit.AutoTests" name="[51] /home/travis/build/icyphy/ptII/ptolemy/actor/lib/hoc/test/auto/RunCompositeActor3.xml (RunModel)" time="0.026" />
  <testcase classname="ptolemy.util.test.junit.AutoTests" name="[52] /home/travis/build/icyphy/ptII/ptolemy/actor/lib/hoc/test/auto/RunCompositeActor4.xml (RunModel)" time="0.04" />
  <testcase classname="ptolemy.util.test.junit.AutoTests" name="[53] /home/travis/build/icyphy/ptII/ptolemy/actor/lib/hoc/test/auto/RunCompositeIterateOverArray.xml (RunModel)" time="0.033" />
  <testcase classname="ptolemy.util.test.junit.AutoTests" name="[54] /home/travis/build/icyphy/ptII/ptolemy/actor/lib/hoc/test/auto/ThreadedJS.xml (RunModel)" time="6.809" />
  <system-out><![CDATA[/home/travis/build/icyphy/ptII/ptolemy/actor/lib/hoc/test/IterateOverArray.tcl
testDefs.tcl: setting time out to 9000 seconds at Fri May 18 00:56:15 UTC 2018
05/18/18 12:56:15
Failed: 0  Total Tests: 2  ((Passed: 2, Newly Passed: 0)  Known Failed: 0) /home/travis/build/icyphy/ptII/ptolemy/actor/lib/hoc/test
----------------- testing (KnownFailure) /home/travis/build/icyphy/ptII/ptolemy/actor/lib/hoc/test/auto/knownFailedTests/PreinitializeMustBeInvokedRunComposite.xml
46 ms. Memory: 116224K Free: 105067K (90%)
Known Failure: java.lang.reflect.InvocationTargetException
No auto/*.xml tests in /home/travis/build/icyphy/ptII/ptolemy/actor/lib/hoc/test
AutoTests.java: About to close Vertx.
AutoTests.java: Vertx closed.
----------------- testing Fri May 18 00:56:16 UTC 2018 /home/travis/build/icyphy/ptII/ptolemy/actor/lib/hoc/test/auto/AllToAllMultiInstanceComposite.xml
----------------- Instantiating /home/travis/build/icyphy/ptII/ptolemy/actor/lib/hoc/test/auto/AllToAllMultiInstanceComposite.xml
172 ms. Memory: 116224K Free: 88038K (76%)
----------------- Invoking toplevel() on ptolemy.moml.MoMLSimpleApplication@8545400
----------------- Done invoking toplevel() on ptolemy.moml.MoMLSimpleApplication@8545400
reloadAllAccessors: .AllToAllMultiInstanceComposite
----------------- testing Fri May 18 00:56:16 UTC 2018 /home/travis/build/icyphy/ptII/ptolemy/actor/lib/hoc/test/auto/ApplyFFTTest.xml
----------------- Instantiating /home/travis/build/icyphy/ptII/ptolemy/actor/lib/hoc/test/auto/ApplyFFTTest.xml
159 ms. Memory: 116224K Free: 98492K (85%)
----------------- Invoking toplevel() on ptolemy.moml.MoMLSimpleApplication@13ccdfd0
----------------- Done invoking toplevel() on ptolemy.moml.MoMLSimpleApplication@13ccdfd0
reloadAllAccessors: .ApplyFFTTest
----------------- testing Fri May 18 00:56:16 UTC 2018 /home/travis/build/icyphy/ptII/ptolemy/actor/lib/hoc/test/auto/ApplyFunction.xml
----------------- Instantiating /home/travis/build/icyphy/ptII/ptolemy/actor/lib/hoc/test/auto/ApplyFunction.xml
15 ms. Memory: 116224K Free: 94885K (82%)
----------------- Invoking toplevel() on ptolemy.moml.MoMLSimpleApplication@1dce2e07
----------------- Done invoking toplevel() on ptolemy.moml.MoMLSimpleApplication@1dce2e07
reloadAllAccessors: .ApplyFunction
----------------- testing Fri May 18 00:56:16 UTC 2018 /home/travis/build/icyphy/ptII/ptolemy/actor/lib/hoc/test/auto/BackgroundExecution.xml
----------------- Instantiating /home/travis/build/icyphy/ptII/ptolemy/actor/lib/hoc/test/auto/BackgroundExecution.xml
632 ms. Memory: 116224K Free: 86824K (75%)
----------------- Invoking toplevel() on ptolemy.moml.MoMLSimpleApplication@15e34f42
----------------- Done invoking toplevel() on ptolemy.moml.MoMLSimpleApplication@15e34f42
reloadAllAccessors: .BackgroundExecution
----------------- testing Fri May 18 00:56:17 UTC 2018 /home/travis/build/icyphy/ptII/ptolemy/actor/lib/hoc/test/auto/Case.xml
----------------- Instantiating /home/travis/build/icyphy/ptII/ptolemy/actor/lib/hoc/test/auto/Case.xml
40 ms. Memory: 146944K Free: 140402K (96%)
----------------- Invoking toplevel() on ptolemy.moml.MoMLSimpleApplication@6a2c5065
----------------- Done invoking toplevel() on ptolemy.moml.MoMLSimpleApplication@6a2c5065
reloadAllAccessors: .Case
----------------- testing Fri May 18 00:56:17 UTC 2018 /home/travis/build/icyphy/ptII/ptolemy/actor/lib/hoc/test/auto/Case1.xml
----------------- Instantiating /home/travis/build/icyphy/ptII/ptolemy/actor/lib/hoc/test/auto/Case1.xml
19 ms. Memory: 146944K Free: 132829K (90%)
----------------- Invoking toplevel() on ptolemy.moml.MoMLSimpleApplication@957d655
----------------- Done invoking toplevel() on ptolemy.moml.MoMLSimpleApplication@957d655
reloadAllAccessors: .Case1
----------------- testing Fri May 18 00:56:17 UTC 2018 /home/travis/build/icyphy/ptII/ptolemy/actor/lib/hoc/test/auto/Case2.xml
----------------- Instantiating /home/travis/build/icyphy/ptII/ptolemy/actor/lib/hoc/test/auto/Case2.xml
65 ms. Memory: 146944K Free: 121461K (83%)
----------------- Invoking toplevel() on ptolemy.moml.MoMLSimpleApplication@1ac1ca05
----------------- Done invoking toplevel() on ptolemy.moml.MoMLSimpleApplication@1ac1ca05
reloadAllAccessors: .Case2
----------------- testing Fri May 18 00:56:18 UTC 2018 /home/travis/build/icyphy/ptII/ptolemy/actor/lib/hoc/test/auto/Case3.xml
----------------- Instantiating /home/travis/build/icyphy/ptII/ptolemy/actor/lib/hoc/test/auto/Case3.xml
19 ms. Memory: 146944K Free: 115028K (78%)
----------------- Invoking toplevel() on ptolemy.moml.MoMLSimpleApplication@4f38ec64
----------------- Done invoking toplevel() on ptolemy.moml.MoMLSimpleApplication@4f38ec64
reloadAllAccessors: .Case3
----------------- testing Fri May 18 00:56:18 UTC 2018 /home/travis/build/icyphy/ptII/ptolemy/actor/lib/hoc/test/auto/Case4.xml
----------------- Instantiating /home/travis/build/icyphy/ptII/ptolemy/actor/lib/hoc/test/auto/Case4.xml
19 ms. Memory: 146944K Free: 106595K (73%)
----------------- Invoking toplevel() on ptolemy.moml.MoMLSimpleApplication@affa93b
----------------- Done invoking toplevel() on ptolemy.moml.MoMLSimpleApplication@affa93b
reloadAllAccessors: .Case4
----------------- testing Fri May 18 00:56:18 UTC 2018 /home/travis/build/icyphy/ptII/ptolemy/actor/lib/hoc/test/auto/Case5.xml
----------------- Instantiating /home/travis/build/icyphy/ptII/ptolemy/actor/lib/hoc/test/auto/Case5.xml
74 ms. Memory: 146944K Free: 99502K (68%)
----------------- Invoking toplevel() on ptolemy.moml.MoMLSimpleApplication@460a1223
----------------- Done invoking toplevel() on ptolemy.moml.MoMLSimpleApplication@460a1223
reloadAllAccessors: .junk
----------------- testing Fri May 18 00:56:18 UTC 2018 /home/travis/build/icyphy/ptII/ptolemy/actor/lib/hoc/test/auto/Case6.xml
----------------- Instantiating /home/travis/build/icyphy/ptII/ptolemy/actor/lib/hoc/test/auto/Case6.xml
82 ms. Memory: 146944K Free: 86393K (59%)
----------------- Invoking toplevel() on ptolemy.moml.MoMLSimpleApplication@338ef985
----------------- Done invoking toplevel() on ptolemy.moml.MoMLSimpleApplication@338ef985
reloadAllAccessors: .Case6
----------------- testing Fri May 18 00:56:18 UTC 2018 /home/travis/build/icyphy/ptII/ptolemy/actor/lib/hoc/test/auto/CaseString2.xml
----------------- Instantiating /home/travis/build/icyphy/ptII/ptolemy/actor/lib/hoc/test/auto/CaseString2.xml
18 ms. Memory: 146944K Free: 138679K (94%)
----------------- Invoking toplevel() on ptolemy.moml.MoMLSimpleApplication@117587ba
----------------- Done invoking toplevel() on ptolemy.moml.MoMLSimpleApplication@117587ba
reloadAllAccessors: .CaseString2
----------------- testing Fri May 18 00:56:18 UTC 2018 /home/travis/build/icyphy/ptII/ptolemy/actor/lib/hoc/test/auto/CatchUpComposite1.xml
----------------- Instantiating /home/travis/build/icyphy/ptII/ptolemy/actor/lib/hoc/test/auto/CatchUpComposite1.xml
25 ms. Memory: 146944K Free: 128878K (88%)
----------------- Invoking toplevel() on ptolemy.moml.MoMLSimpleApplication@6b807f21
----------------- Done invoking toplevel() on ptolemy.moml.MoMLSimpleApplication@6b807f21
reloadAllAccessors: .CatchUpComposite1
----------------- testing Fri May 18 00:56:18 UTC 2018 /home/travis/build/icyphy/ptII/ptolemy/actor/lib/hoc/test/auto/CatchUpComposite2.xml
----------------- Instantiating /home/travis/build/icyphy/ptII/ptolemy/actor/lib/hoc/test/auto/CatchUpComposite2.xml
16 ms. Memory: 146944K Free: 119102K (81%)
----------------- Invoking toplevel() on ptolemy.moml.MoMLSimpleApplication@2051ba8a
----------------- Done invoking toplevel() on ptolemy.moml.MoMLSimpleApplication@2051ba8a
reloadAllAccessors: .CatchUpComposite2
----------------- testing Fri May 18 00:56:18 UTC 2018 /home/travis/build/icyphy/ptII/ptolemy/actor/lib/hoc/test/auto/CatchUpComposite3.xml
----------------- Instantiating /home/travis/build/icyphy/ptII/ptolemy/actor/lib/hoc/test/auto/CatchUpComposite3.xml
19 ms. Memory: 146944K Free: 109309K (74%)
----------------- Invoking toplevel() on ptolemy.moml.MoMLSimpleApplication@1aaca1c2
----------------- Done invoking toplevel() on ptolemy.moml.MoMLSimpleApplication@1aaca1c2
reloadAllAccessors: .CatchUpComposite3
----------------- testing Fri May 18 00:56:18 UTC 2018 /home/travis/build/icyphy/ptII/ptolemy/actor/lib/hoc/test/auto/CatchUpComposite4.xml
----------------- Instantiating /home/travis/build/icyphy/ptII/ptolemy/actor/lib/hoc/test/auto/CatchUpComposite4.xml
17 ms. Memory: 146944K Free: 100274K (68%)
----------------- Invoking toplevel() on ptolemy.moml.MoMLSimpleApplication@6113b5c1
----------------- Done invoking toplevel() on ptolemy.moml.MoMLSimpleApplication@6113b5c1
reloadAllAccessors: .CatchUpComposite4
----------------- testing Fri May 18 00:56:18 UTC 2018 /home/travis/build/icyphy/ptII/ptolemy/actor/lib/hoc/test/auto/CatchUpComposite5.xml
----------------- Instantiating /home/travis/build/icyphy/ptII/ptolemy/actor/lib/hoc/test/auto/CatchUpComposite5.xml
17 ms. Memory: 146944K Free: 91751K (62%)
----------------- Invoking toplevel() on ptolemy.moml.MoMLSimpleApplication@1ee749d2
----------------- Done invoking toplevel() on ptolemy.moml.MoMLSimpleApplication@1ee749d2
reloadAllAccessors: .CatchUpComposite5
----------------- testing Fri May 18 00:56:18 UTC 2018 /home/travis/build/icyphy/ptII/ptolemy/actor/lib/hoc/test/auto/CatchUpComposite6.xml
----------------- Instantiating /home/travis/build/icyphy/ptII/ptolemy/actor/lib/hoc/test/auto/CatchUpComposite6.xml
WARNING: The execution aspects in this model can influence the timing of actors by delaying the 
execution, potentially changing the behavior. There is no guarantee that actors fire at the 
time they request to be fired. 
Use Ptides for deterministic DE behavior that is not influenced by execution aspects. 

139 ms. Memory: 209408K Free: 196933K (94%)
----------------- Invoking toplevel() on ptolemy.moml.MoMLSimpleApplication@8ff241c
----------------- Done invoking toplevel() on ptolemy.moml.MoMLSimpleApplication@8ff241c
reloadAllAccessors: .CatchUpComposite6
----------------- testing Fri May 18 00:56:19 UTC 2018 /home/travis/build/icyphy/ptII/ptolemy/actor/lib/hoc/test/auto/CatchUpComposite7.xml
----------------- Instantiating /home/travis/build/icyphy/ptII/ptolemy/actor/lib/hoc/test/auto/CatchUpComposite7.xml
WARNING: The execution aspects in this model can influence the timing of actors by delaying the 
execution, potentially changing the behavior. There is no guarantee that actors fire at the 
time they request to be fired. 
Use Ptides for deterministic DE behavior that is not influenced by execution aspects. 

56 ms. Memory: 209408K Free: 180120K (86%)
----------------- Invoking toplevel() on ptolemy.moml.MoMLSimpleApplication@2a31e11d
----------------- Done invoking toplevel() on ptolemy.moml.MoMLSimpleApplication@2a31e11d
reloadAllAccessors: .CatchUpComposite7
----------------- testing Fri May 18 00:56:19 UTC 2018 /home/travis/build/icyphy/ptII/ptolemy/actor/lib/hoc/test/auto/ConcurrentExecutionTimeSDF.xml
----------------- Instantiating /home/travis/build/icyphy/ptII/ptolemy/actor/lib/hoc/test/auto/ConcurrentExecutionTimeSDF.xml
22 ms. Memory: 209408K Free: 170680K (82%)
----------------- Invoking toplevel() on ptolemy.moml.MoMLSimpleApplication@1778c9fc
----------------- Done invoking toplevel() on ptolemy.moml.MoMLSimpleApplication@1778c9fc
reloadAllAccessors: .ConcurrentExecutionTimeSDF
----------------- testing Fri May 18 00:56:19 UTC 2018 /home/travis/build/icyphy/ptII/ptolemy/actor/lib/hoc/test/auto/ConcurrentSleep.xml
----------------- Instantiating /home/travis/build/icyphy/ptII/ptolemy/actor/lib/hoc/test/auto/ConcurrentSleep.xml
734 ms. Memory: 209408K Free: 155473K (74%)
----------------- Invoking toplevel() on ptolemy.moml.MoMLSimpleApplication@470a8aab
----------------- Done invoking toplevel() on ptolemy.moml.MoMLSimpleApplication@470a8aab
reloadAllAccessors: .ConcurrentSleep
----------------- testing Fri May 18 00:56:20 UTC 2018 /home/travis/build/icyphy/ptII/ptolemy/actor/lib/hoc/test/auto/DEInPNInRunCompositeActor.xml
----------------- Instantiating /home/travis/build/icyphy/ptII/ptolemy/actor/lib/hoc/test/auto/DEInPNInRunCompositeActor.xml
19 ms. Memory: 209408K Free: 148100K (71%)
----------------- Invoking toplevel() on ptolemy.moml.MoMLSimpleApplication@2bf4d4e9
----------------- Done invoking toplevel() on ptolemy.moml.MoMLSimpleApplication@2bf4d4e9
reloadAllAccessors: .DEInPNInRunCompositeActor
----------------- testing Fri May 18 00:56:20 UTC 2018 /home/travis/build/icyphy/ptII/ptolemy/actor/lib/hoc/test/auto/DFTSubSetTest.xml
----------------- Instantiating /home/travis/build/icyphy/ptII/ptolemy/actor/lib/hoc/test/auto/DFTSubSetTest.xml
268 ms. Memory: 209408K Free: 100059K (48%)
----------------- Invoking toplevel() on ptolemy.moml.MoMLSimpleApplication@62c6e517
----------------- Done invoking toplevel() on ptolemy.moml.MoMLSimpleApplication@62c6e517
reloadAllAccessors: .DFTSubSetTest
----------------- testing Fri May 18 00:56:20 UTC 2018 /home/travis/build/icyphy/ptII/ptolemy/actor/lib/hoc/test/auto/HocDE.xml
----------------- Instantiating /home/travis/build/icyphy/ptII/ptolemy/actor/lib/hoc/test/auto/HocDE.xml
262 ms. Memory: 209408K Free: 194853K (93%)
----------------- Invoking toplevel() on ptolemy.moml.MoMLSimpleApplication@5e68c84c
----------------- Done invoking toplevel() on ptolemy.moml.MoMLSimpleApplication@5e68c84c
reloadAllAccessors: .HocDE
----------------- testing Fri May 18 00:56:20 UTC 2018 /home/travis/build/icyphy/ptII/ptolemy/actor/lib/hoc/test/auto/IterateOverArray.xml
----------------- Instantiating /home/travis/build/icyphy/ptII/ptolemy/actor/lib/hoc/test/auto/IterateOverArray.xml
10 ms. Memory: 209408K Free: 188822K (90%)
----------------- Invoking toplevel() on ptolemy.moml.MoMLSimpleApplication@4c7f079e
----------------- Done invoking toplevel() on ptolemy.moml.MoMLSimpleApplication@4c7f079e
reloadAllAccessors: .IterateOverArray
----------------- testing Fri May 18 00:56:21 UTC 2018 /home/travis/build/icyphy/ptII/ptolemy/actor/lib/hoc/test/auto/IterateOverArray10.xml
----------------- Instantiating /home/travis/build/icyphy/ptII/ptolemy/actor/lib/hoc/test/auto/IterateOverArray10.xml
3 ms. Memory: 209408K Free: 184827K (88%)
----------------- Invoking toplevel() on ptolemy.moml.MoMLSimpleApplication@127c2d72
----------------- Done invoking toplevel() on ptolemy.moml.MoMLSimpleApplication@127c2d72
reloadAllAccessors: .IterateOverArray10
----------------- testing Fri May 18 00:56:21 UTC 2018 /home/travis/build/icyphy/ptII/ptolemy/actor/lib/hoc/test/auto/IterateOverArray11.xml
----------------- Instantiating /home/travis/build/icyphy/ptII/ptolemy/actor/lib/hoc/test/auto/IterateOverArray11.xml
9 ms. Memory: 209408K Free: 179571K (86%)
----------------- Invoking toplevel() on ptolemy.moml.MoMLSimpleApplication@48758b1e
----------------- Done invoking toplevel() on ptolemy.moml.MoMLSimpleApplication@48758b1e
reloadAllAccessors: .IterateOverArray11
----------------- testing Fri May 18 00:56:21 UTC 2018 /home/travis/build/icyphy/ptII/ptolemy/actor/lib/hoc/test/auto/IterateOverArray12.xml
----------------- Instantiating /home/travis/build/icyphy/ptII/ptolemy/actor/lib/hoc/test/auto/IterateOverArray12.xml
21 ms. Memory: 209408K Free: 172504K (82%)
----------------- Invoking toplevel() on ptolemy.moml.MoMLSimpleApplication@16de3a8f
----------------- Done invoking toplevel() on ptolemy.moml.MoMLSimpleApplication@16de3a8f
reloadAllAccessors: .IterateOverArray12
----------------- testing Fri May 18 00:56:21 UTC 2018 /home/travis/build/icyphy/ptII/ptolemy/actor/lib/hoc/test/auto/IterateOverArray13.xml
----------------- Instantiating /home/travis/build/icyphy/ptII/ptolemy/actor/lib/hoc/test/auto/IterateOverArray13.xml
123 ms. Memory: 209408K Free: 139448K (67%)
----------------- Invoking toplevel() on ptolemy.moml.MoMLSimpleApplication@2a1508c5
----------------- Done invoking toplevel() on ptolemy.moml.MoMLSimpleApplication@2a1508c5
reloadAllAccessors: .IterateOverArray13
----------------- testing Fri May 18 00:56:21 UTC 2018 /home/travis/build/icyphy/ptII/ptolemy/actor/lib/hoc/test/auto/IterateOverArray14.xml
----------------- Instantiating /home/travis/build/icyphy/ptII/ptolemy/actor/lib/hoc/test/auto/IterateOverArray14.xml
86 ms. Memory: 209408K Free: 104467K (50%)
----------------- Invoking toplevel() on ptolemy.moml.MoMLSimpleApplication@4cc43a8f
----------------- Done invoking toplevel() on ptolemy.moml.MoMLSimpleApplication@4cc43a8f
reloadAllAccessors: .IterateOverArray14
----------------- testing Fri May 18 00:56:21 UTC 2018 /home/travis/build/icyphy/ptII/ptolemy/actor/lib/hoc/test/auto/IterateOverArray2.xml
----------------- Instantiating /home/travis/build/icyphy/ptII/ptolemy/actor/lib/hoc/test/auto/IterateOverArray2.xml
6 ms. Memory: 209408K Free: 99228K (47%)
----------------- Invoking toplevel() on ptolemy.moml.MoMLSimpleApplication@5dcb7a2d
----------------- Done invoking toplevel() on ptolemy.moml.MoMLSimpleApplication@5dcb7a2d
reloadAllAccessors: .IterateOverArray2
----------------- testing Fri May 18 00:56:21 UTC 2018 /home/travis/build/icyphy/ptII/ptolemy/actor/lib/hoc/test/auto/IterateOverArray3.xml
----------------- Instantiating /home/travis/build/icyphy/ptII/ptolemy/actor/lib/hoc/test/auto/IterateOverArray3.xml
10 ms. Memory: 209408K Free: 92161K (44%)
----------------- Invoking toplevel() on ptolemy.moml.MoMLSimpleApplication@1db53efd
----------------- Done invoking toplevel() on ptolemy.moml.MoMLSimpleApplication@1db53efd
reloadAllAccessors: .IterateOverArray3
----------------- testing Fri May 18 00:56:21 UTC 2018 /home/travis/build/icyphy/ptII/ptolemy/actor/lib/hoc/test/auto/IterateOverArray4.xml
----------------- Instantiating /home/travis/build/icyphy/ptII/ptolemy/actor/lib/hoc/test/auto/IterateOverArray4.xml
5 ms. Memory: 209408K Free: 87567K (42%)
----------------- Invoking toplevel() on ptolemy.moml.MoMLSimpleApplication@5dda4c34
----------------- Done invoking toplevel() on ptolemy.moml.MoMLSimpleApplication@5dda4c34
reloadAllAccessors: .IterateOverArray4
----------------- testing Fri May 18 00:56:21 UTC 2018 /home/travis/build/icyphy/ptII/ptolemy/actor/lib/hoc/test/auto/IterateOverArray5.xml
----------------- Instantiating /home/travis/build/icyphy/ptII/ptolemy/actor/lib/hoc/test/auto/IterateOverArray5.xml
4 ms. Memory: 209408K Free: 82974K (40%)
----------------- Invoking toplevel() on ptolemy.moml.MoMLSimpleApplication@24a8c918
----------------- Done invoking toplevel() on ptolemy.moml.MoMLSimpleApplication@24a8c918
reloadAllAccessors: .IterateOverArray5
----------------- testing Fri May 18 00:56:21 UTC 2018 /home/travis/build/icyphy/ptII/ptolemy/actor/lib/hoc/test/auto/IterateOverArray6.xml
----------------- Instantiating /home/travis/build/icyphy/ptII/ptolemy/actor/lib/hoc/test/auto/IterateOverArray6.xml
6 ms. Memory: 332288K Free: 324622K (98%)
----------------- Invoking toplevel() on ptolemy.moml.MoMLSimpleApplication@218ad4e
----------------- Done invoking toplevel() on ptolemy.moml.MoMLSimpleApplication@218ad4e
reloadAllAccessors: .IterateOverArray6
----------------- testing Fri May 18 00:56:21 UTC 2018 /home/travis/build/icyphy/ptII/ptolemy/actor/lib/hoc/test/auto/IterateOverArray7.xml
----------------- Instantiating /home/travis/build/icyphy/ptII/ptolemy/actor/lib/hoc/test/auto/IterateOverArray7.xml
5 ms. Memory: 332288K Free: 319171K (96%)
----------------- Invoking toplevel() on ptolemy.moml.MoMLSimpleApplication@7ab88810
----------------- Done invoking toplevel() on ptolemy.moml.MoMLSimpleApplication@7ab88810
reloadAllAccessors: .IterateOverArray7
----------------- testing Fri May 18 00:56:21 UTC 2018 /home/travis/build/icyphy/ptII/ptolemy/actor/lib/hoc/test/auto/IterateOverArray8.xml
----------------- Instantiating /home/travis/build/icyphy/ptII/ptolemy/actor/lib/hoc/test/auto/IterateOverArray8.xml
4 ms. Memory: 332288K Free: 313840K (94%)
----------------- Invoking toplevel() on ptolemy.moml.MoMLSimpleApplication@df480b9
----------------- Done invoking toplevel() on ptolemy.moml.MoMLSimpleApplication@df480b9
reloadAllAccessors: .IterateOverArray8
----------------- testing Fri May 18 00:56:21 UTC 2018 /home/travis/build/icyphy/ptII/ptolemy/actor/lib/hoc/test/auto/IterateOverArray9.xml
----------------- Instantiating /home/travis/build/icyphy/ptII/ptolemy/actor/lib/hoc/test/auto/IterateOverArray9.xml
9 ms. Memory: 332288K Free: 308509K (93%)
----------------- Invoking toplevel() on ptolemy.moml.MoMLSimpleApplication@6400c76
----------------- Done invoking toplevel() on ptolemy.moml.MoMLSimpleApplication@6400c76
reloadAllAccessors: .IterateOverArray9
----------------- testing Fri May 18 00:56:21 UTC 2018 /home/travis/build/icyphy/ptII/ptolemy/actor/lib/hoc/test/auto/IterateOverArrayCoercedOutputType.xml
----------------- Instantiating /home/travis/build/icyphy/ptII/ptolemy/actor/lib/hoc/test/auto/IterateOverArrayCoercedOutputType.xml
4 ms. Memory: 332288K Free: 301544K (91%)
----------------- Invoking toplevel() on ptolemy.moml.MoMLSimpleApplication@6f0d8027
----------------- Done invoking toplevel() on ptolemy.moml.MoMLSimpleApplication@6f0d8027
reloadAllAccessors: .IterateOverArrayCoercedOutputType
----------------- testing Fri May 18 00:56:21 UTC 2018 /home/travis/build/icyphy/ptII/ptolemy/actor/lib/hoc/test/auto/IterateOverArrayInferredOutputType.xml
----------------- Instantiating /home/travis/build/icyphy/ptII/ptolemy/actor/lib/hoc/test/auto/IterateOverArrayInferredOutputType.xml
13 ms. Memory: 332288K Free: 295004K (89%)
----------------- Invoking toplevel() on ptolemy.moml.MoMLSimpleApplication@3fcaa73d
----------------- Done invoking toplevel() on ptolemy.moml.MoMLSimpleApplication@3fcaa73d
reloadAllAccessors: .IterateOverArrayInferredOutputType
----------------- testing Fri May 18 00:56:21 UTC 2018 /home/travis/build/icyphy/ptII/ptolemy/actor/lib/hoc/test/auto/MobileFunctionTest.xml
----------------- Instantiating /home/travis/build/icyphy/ptII/ptolemy/actor/lib/hoc/test/auto/MobileFunctionTest.xml
6 ms. Memory: 332288K Free: 287990K (87%)
----------------- Invoking toplevel() on ptolemy.moml.MoMLSimpleApplication@3db578e9
----------------- Done invoking toplevel() on ptolemy.moml.MoMLSimpleApplication@3db578e9
reloadAllAccessors: .MobileFunctionTest
----------------- testing Fri May 18 00:56:21 UTC 2018 /home/travis/build/icyphy/ptII/ptolemy/actor/lib/hoc/test/auto/MobileModelTest.xml
----------------- Instantiating /home/travis/build/icyphy/ptII/ptolemy/actor/lib/hoc/test/auto/MobileModelTest.xml
82 ms. Memory: 332288K Free: 266213K (80%)
----------------- Invoking toplevel() on ptolemy.moml.MoMLSimpleApplication@24653fb
----------------- Done invoking toplevel() on ptolemy.moml.MoMLSimpleApplication@24653fb
reloadAllAccessors: .MobileModelTest
----------------- testing Fri May 18 00:56:22 UTC 2018 /home/travis/build/icyphy/ptII/ptolemy/actor/lib/hoc/test/auto/ModelReference.xml
----------------- Instantiating /home/travis/build/icyphy/ptII/ptolemy/actor/lib/hoc/test/auto/ModelReference.xml
4 ms. Memory: 332288K Free: 255929K (77%)
7 ms. Memory: 332288K Free: 255929K (77%)
12 ms. Memory: 332288K Free: 254278K (77%)
2 ms. Memory: 332288K Free: 254278K (77%)
2 ms. Memory: 332288K Free: 252643K (76%)
2 ms. Memory: 332288K Free: 252643K (76%)
2 ms. Memory: 332288K Free: 251008K (76%)
4 ms. Memory: 332288K Free: 251008K (76%)
3 ms. Memory: 332288K Free: 251008K (76%)
6 ms. Memory: 332288K Free: 249373K (75%)
54 ms. Memory: 332288K Free: 249373K (75%)
----------------- Invoking toplevel() on ptolemy.moml.MoMLSimpleApplication@19a0e644
----------------- Done invoking toplevel() on ptolemy.moml.MoMLSimpleApplication@19a0e644
reloadAllAccessors: .ModelReference
----------------- testing Fri May 18 00:56:22 UTC 2018 /home/travis/build/icyphy/ptII/ptolemy/actor/lib/hoc/test/auto/ModelReference3.xml
----------------- Instantiating /home/travis/build/icyphy/ptII/ptolemy/actor/lib/hoc/test/auto/ModelReference3.xml
2 ms. Memory: 332288K Free: 244452K (74%)
1 ms. Memory: 332288K Free: 242801K (73%)
2 ms. Memory: 332288K Free: 242801K (73%)
2 ms. Memory: 332288K Free: 241158K (73%)
2 ms. Memory: 332288K Free: 241158K (73%)
2 ms. Memory: 332288K Free: 239507K (72%)
1 ms. Memory: 332288K Free: 239507K (72%)
2 ms. Memory: 332288K Free: 237856K (72%)
2 ms. Memory: 332288K Free: 237856K (72%)
2 ms. Memory: 332288K Free: 236221K (71%)
28 ms. Memory: 332288K Free: 236221K (71%)
----------------- Invoking toplevel() on ptolemy.moml.MoMLSimpleApplication@37f1b6b8
----------------- Done invoking toplevel() on ptolemy.moml.MoMLSimpleApplication@37f1b6b8
reloadAllAccessors: .ModelReference3
----------------- testing Fri May 18 00:56:22 UTC 2018 /home/travis/build/icyphy/ptII/ptolemy/actor/lib/hoc/test/auto/ModelReference4.xml
----------------- Instantiating /home/travis/build/icyphy/ptII/ptolemy/actor/lib/hoc/test/auto/ModelReference4.xml
3 ms. Memory: 332288K Free: 229239K (69%)
3 ms. Memory: 332288K Free: 227604K (68%)
3 ms. Memory: 332288K Free: 225969K (68%)
4 ms. Memory: 332288K Free: 224334K (68%)
5 ms. Memory: 332288K Free: 221048K (67%)
11 ms. Memory: 332288K Free: 219413K (66%)
4 ms. Memory: 332288K Free: 217778K (66%)
2 ms. Memory: 332288K Free: 216143K (65%)
2 ms. Memory: 332288K Free: 214509K (65%)
3 ms. Memory: 332288K Free: 212874K (64%)
10030 ms. Memory: 332288K Free: 212874K (64%)
----------------- Invoking toplevel() on ptolemy.moml.MoMLSimpleApplication@46d5dee5
----------------- Done invoking toplevel() on ptolemy.moml.MoMLSimpleApplication@46d5dee5
reloadAllAccessors: .ModelReference4
----------------- testing Fri May 18 00:56:32 UTC 2018 /home/travis/build/icyphy/ptII/ptolemy/actor/lib/hoc/test/auto/MultiInstanceComposite.xml
----------------- Instantiating /home/travis/build/icyphy/ptII/ptolemy/actor/lib/hoc/test/auto/MultiInstanceComposite.xml
40 ms. Memory: 332288K Free: 189493K (57%)
----------------- Invoking toplevel() on ptolemy.moml.MoMLSimpleApplication@1e739b1d
----------------- Done invoking toplevel() on ptolemy.moml.MoMLSimpleApplication@1e739b1d
reloadAllAccessors: .MultiInstanceComposite
----------------- testing Fri May 18 00:56:32 UTC 2018 /home/travis/build/icyphy/ptII/ptolemy/actor/lib/hoc/test/auto/MultiInstanceComposite2.xml
----------------- Instantiating /home/travis/build/icyphy/ptII/ptolemy/actor/lib/hoc/test/auto/MultiInstanceComposite2.xml
22 ms. Memory: 332288K Free: 175931K (53%)
----------------- Invoking toplevel() on ptolemy.moml.MoMLSimpleApplication@3fbdcc81
----------------- Done invoking toplevel() on ptolemy.moml.MoMLSimpleApplication@3fbdcc81
reloadAllAccessors: .MultiInstanceComposite2
----------------- testing Fri May 18 00:56:32 UTC 2018 /home/travis/build/icyphy/ptII/ptolemy/actor/lib/hoc/test/auto/MulticoreExecution.xml
----------------- Instantiating /home/travis/build/icyphy/ptII/ptolemy/actor/lib/hoc/test/auto/MulticoreExecution.xml
10041 ms. Memory: 332288K Free: 162401K (49%)
----------------- Invoking toplevel() on ptolemy.moml.MoMLSimpleApplication@473d86b6
----------------- Done invoking toplevel() on ptolemy.moml.MoMLSimpleApplication@473d86b6
reloadAllAccessors: .MulticoreExecution
----------------- testing Fri May 18 00:56:42 UTC 2018 /home/travis/build/icyphy/ptII/ptolemy/actor/lib/hoc/test/auto/ParallelExecution.xml
----------------- Instantiating /home/travis/build/icyphy/ptII/ptolemy/actor/lib/hoc/test/auto/ParallelExecution.xml
925 ms. Memory: 332288K Free: 150948K (45%)
----------------- Invoking toplevel() on ptolemy.moml.MoMLSimpleApplication@12fa0d2e
----------------- Done invoking toplevel() on ptolemy.moml.MoMLSimpleApplication@12fa0d2e
reloadAllAccessors: .ParallelExecution
----------------- testing Fri May 18 00:56:43 UTC 2018 /home/travis/build/icyphy/ptII/ptolemy/actor/lib/hoc/test/auto/RunCompositeActor.xml
----------------- Instantiating /home/travis/build/icyphy/ptII/ptolemy/actor/lib/hoc/test/auto/RunCompositeActor.xml
16 ms. Memory: 332288K Free: 142331K (43%)
----------------- Invoking toplevel() on ptolemy.moml.MoMLSimpleApplication@661cd35f
----------------- Done invoking toplevel() on ptolemy.moml.MoMLSimpleApplication@661cd35f
reloadAllAccessors: .RunCompositeActor
----------------- testing Fri May 18 00:56:43 UTC 2018 /home/travis/build/icyphy/ptII/ptolemy/actor/lib/hoc/test/auto/RunCompositeActor2.xml
----------------- Instantiating /home/travis/build/icyphy/ptII/ptolemy/actor/lib/hoc/test/auto/RunCompositeActor2.xml
9 ms. Memory: 332288K Free: 135350K (41%)
----------------- Invoking toplevel() on ptolemy.moml.MoMLSimpleApplication@3c10dfa8
----------------- Done invoking toplevel() on ptolemy.moml.MoMLSimpleApplication@3c10dfa8
reloadAllAccessors: .RunCompositeActor2
----------------- testing Fri May 18 00:56:43 UTC 2018 /home/travis/build/icyphy/ptII/ptolemy/actor/lib/hoc/test/auto/RunCompositeActor3.xml
----------------- Instantiating /home/travis/build/icyphy/ptII/ptolemy/actor/lib/hoc/test/auto/RunCompositeActor3.xml
5 ms. Memory: 332288K Free: 128368K (39%)
----------------- Invoking toplevel() on ptolemy.moml.MoMLSimpleApplication@62c316df
----------------- Done invoking toplevel() on ptolemy.moml.MoMLSimpleApplication@62c316df
reloadAllAccessors: .RunCompositeActor3
----------------- testing Fri May 18 00:56:43 UTC 2018 /home/travis/build/icyphy/ptII/ptolemy/actor/lib/hoc/test/auto/RunCompositeActor4.xml
----------------- Instantiating /home/travis/build/icyphy/ptII/ptolemy/actor/lib/hoc/test/auto/RunCompositeActor4.xml
15 ms. Memory: 332288K Free: 119735K (36%)
----------------- Invoking toplevel() on ptolemy.moml.MoMLSimpleApplication@67de4a87
----------------- Done invoking toplevel() on ptolemy.moml.MoMLSimpleApplication@67de4a87
reloadAllAccessors: .RunCompositeActor4
----------------- testing Fri May 18 00:56:43 UTC 2018 /home/travis/build/icyphy/ptII/ptolemy/actor/lib/hoc/test/auto/RunCompositeIterateOverArray.xml
----------------- Instantiating /home/travis/build/icyphy/ptII/ptolemy/actor/lib/hoc/test/auto/RunCompositeIterateOverArray.xml
10 ms. Memory: 332288K Free: 112761K (34%)
----------------- Invoking toplevel() on ptolemy.moml.MoMLSimpleApplication@6f7725de
----------------- Done invoking toplevel() on ptolemy.moml.MoMLSimpleApplication@6f7725de
reloadAllAccessors: .RunCompositeIterateOverArray
----------------- testing Fri May 18 00:56:43 UTC 2018 /home/travis/build/icyphy/ptII/ptolemy/actor/lib/hoc/test/auto/ThreadedJS.xml
----------------- Instantiating /home/travis/build/icyphy/ptII/ptolemy/actor/lib/hoc/test/auto/ThreadedJS.xml
2728 ms. Memory: 284672K Free: 129341K (45%)
----------------- Invoking toplevel() on ptolemy.moml.MoMLSimpleApplication@50ee4bfc
----------------- Done invoking toplevel() on ptolemy.moml.MoMLSimpleApplication@50ee4bfc
reloadAllAccessors: .ThreadedJS
AutoTests.java: About to close Vertx.
AutoTests.java: Vertx closed.
]]></system-out>
  <system-err><![CDATA[java.lang.RuntimeException: Execution failed
	at ptolemy.moml.MoMLSimpleApplication$UnloadThread.run(MoMLSimpleApplication.java:402)
Caused by: ptolemy.kernel.util.IllegalActionException: initialize() was called after wrapup() was called but preinitialize() was not called after wrapup().
	at ptolemy.actor.lib.hoc.test.PreinitializeMustBeInvoked.initialize(PreinitializeMustBeInvoked.java:78)
	at ptolemy.actor.Director.initialize(Director.java:938)
	at ptolemy.actor.Director.initialize(Director.java:907)
	at ptolemy.actor.sched.StaticSchedulingDirector.initialize(StaticSchedulingDirector.java:159)
	at ptolemy.domains.sdf.kernel.SDFDirector.initialize(SDFDirector.java:544)
	at ptolemy.actor.CompositeActor.initialize(CompositeActor.java:935)
	at ptolemy.actor.lib.hoc.LifeCycleManager._executeInsideModel(LifeCycleManager.java:339)
	at ptolemy.actor.lib.hoc.RunCompositeActor.fire(RunCompositeActor.java:205)
	at ptolemy.actor.CompositeActor.iterate(CompositeActor.java:1146)
	at ptolemy.actor.sched.StaticSchedulingDirector.fire(StaticSchedulingDirector.java:216)
	at ptolemy.domains.sdf.kernel.SDFDirector.fire(SDFDirector.java:500)
	at ptolemy.actor.CompositeActor.fire(CompositeActor.java:455)
	at ptolemy.actor.Manager.iterate(Manager.java:851)
	at ptolemy.actor.Manager.execute(Manager.java:369)
	at ptolemy.actor.Manager.run(Manager.java:1263)
	at ptolemy.actor.Manager$PtolemyRunThread.run(Manager.java:1915)
java.lang.reflect.InvocationTargetException
	at sun.reflect.NativeConstructorAccessorImpl.newInstance0(Native Method)
	at sun.reflect.NativeConstructorAccessorImpl.newInstance(NativeConstructorAccessorImpl.java:62)
	at sun.reflect.DelegatingConstructorAccessorImpl.newInstance(DelegatingConstructorAccessorImpl.java:45)
	at java.lang.reflect.Constructor.newInstance(Constructor.java:423)
	at ptolemy.util.test.junit.AutoKnownFailedTests.RunModel(AutoKnownFailedTests.java:107)
	at sun.reflect.NativeMethodAccessorImpl.invoke0(Native Method)
	at sun.reflect.NativeMethodAccessorImpl.invoke(NativeMethodAccessorImpl.java:62)
	at sun.reflect.DelegatingMethodAccessorImpl.invoke(DelegatingMethodAccessorImpl.java:43)
	at java.lang.reflect.Method.invoke(Method.java:498)
	at org.junit.runners.model.FrameworkMethod$1.runReflectiveCall(FrameworkMethod.java:44)
	at org.junit.internal.runners.model.ReflectiveCallable.run(ReflectiveCallable.java:15)
	at org.junit.runners.model.FrameworkMethod.invokeExplosively(FrameworkMethod.java:41)
	at junitparams.internal.InvokeParameterisedMethod.evaluate(InvokeParameterisedMethod.java:102)
	at org.junit.internal.runners.statements.FailOnTimeout$1.run(FailOnTimeout.java:28)
Caused by: ptolemy.kernel.util.IllegalActionException: initialize() was called after wrapup() was called but preinitialize() was not called after wrapup().
	at ptolemy.actor.lib.hoc.test.PreinitializeMustBeInvoked.initialize(PreinitializeMustBeInvoked.java:78)
	at ptolemy.actor.Director.initialize(Director.java:938)
	at ptolemy.actor.Director.initialize(Director.java:907)
	at ptolemy.actor.sched.StaticSchedulingDirector.initialize(StaticSchedulingDirector.java:159)
	at ptolemy.domains.sdf.kernel.SDFDirector.initialize(SDFDirector.java:544)
	at ptolemy.actor.CompositeActor.initialize(CompositeActor.java:935)
	at ptolemy.actor.lib.hoc.LifeCycleManager._executeInsideModel(LifeCycleManager.java:339)
	at ptolemy.actor.lib.hoc.RunCompositeActor.fire(RunCompositeActor.java:205)
	at ptolemy.actor.CompositeActor.iterate(CompositeActor.java:1146)
	at ptolemy.actor.sched.StaticSchedulingDirector.fire(StaticSchedulingDirector.java:216)
	at ptolemy.domains.sdf.kernel.SDFDirector.fire(SDFDirector.java:500)
	at ptolemy.actor.CompositeActor.fire(CompositeActor.java:455)
	at ptolemy.actor.Manager.iterate(Manager.java:851)
	at ptolemy.actor.Manager.execute(Manager.java:369)
	at ptolemy.actor.Manager.run(Manager.java:1263)
	at ptolemy.actor.Manager$PtolemyRunThread.run(Manager.java:1915)
]]></system-err>
</testsuite>
