<?xml version="1.0" encoding="UTF-8" ?>
<testsuite errors="0" failures="0" hostname="travis-job-804219e4-950b-4341-b828-0a613e2157f8" name="ptolemy.domains.de.test.junit.JUnitTclTest" skipped="0" tests="101" time="132.148" timestamp="2018-05-11T17:13:31">
  <properties>
[...]
</properties>
  <testcase classname="ptolemy.util.test.junit.TclTests" name="[0] /home/travis/build/icyphy/ptII/ptolemy/domains/de/test/DependencyLoop.tcl (RunTclFile)" time="0.798" />
  <testcase classname="ptolemy.util.test.junit.TclTests" name="[1] /home/travis/build/icyphy/ptII/ptolemy/domains/de/test/RunDETestsAsQSS.tcl (RunTclFile)" time="90.477" />
  <testcase classname="ptolemy.util.test.junit.AutoKnownFailedTests" name="[0] /home/travis/build/icyphy/ptII/ptolemy/domains/de/test/auto/knownFailedTests/DESDFClockTest.xml (RunModel)" time="2.026" />
  <testcase classname="ptolemy.util.test.junit.AutoKnownFailedTests" name="[1] /home/travis/build/icyphy/ptII/ptolemy/domains/de/test/auto/knownFailedTests/DirectFeedback.xml (RunModel)" time="0.018" />
  <testcase classname="ptolemy.util.test.junit.AutoKnownFailedTests" name="[2] /home/travis/build/icyphy/ptII/ptolemy/domains/de/test/auto/knownFailedTests/FSMSource.xml (RunModel)" time="0.022" />
  <testcase classname="ptolemy.util.test.junit.AutoKnownFailedTests" name="[3] /home/travis/build/icyphy/ptII/ptolemy/domains/de/test/auto/knownFailedTests/HierarchicalModel.xml (RunModel)" time="0.035" />
  <testcase classname="ptolemy.util.test.junit.AutoKnownFailedTests" name="[4] /home/travis/build/icyphy/ptII/ptolemy/domains/de/test/auto/knownFailedTests/dependencyLoop.xml (RunModel)" time="0.034" />
  <testcase classname="ptolemy.util.test.junit.AutoKnownFailedTests" name="[5] /home/travis/build/icyphy/ptII/ptolemy/domains/de/test/auto/knownFailedTests/dependencyLoop2.xml (RunModel)" time="0.033" />
  <testcase classname="ptolemy.util.test.junit.AutoNameArchTests" name="[0] ThereAreNoAutoTests (RunModel)" time="0.002" />
  <testcase classname="ptolemy.util.test.junit.AutoTests" name="[0] /home/travis/build/icyphy/ptII/ptolemy/domains/de/test/auto/ActorDepthCalculation_actorWithoutPorts.xml (RunModel)" time="0.011" />
  <testcase classname="ptolemy.util.test.junit.AutoTests" name="[1] /home/travis/build/icyphy/ptII/ptolemy/domains/de/test/auto/AssemblyLine.xml (RunModel)" time="0.016" />
  <testcase classname="ptolemy.util.test.junit.AutoTests" name="[2] /home/travis/build/icyphy/ptII/ptolemy/domains/de/test/auto/CQBug1.xml (RunModel)" time="0.008" />
  <testcase classname="ptolemy.util.test.junit.AutoTests" name="[3] /home/travis/build/icyphy/ptII/ptolemy/domains/de/test/auto/CancelFireAt.xml (RunModel)" time="0.006" />
  <testcase classname="ptolemy.util.test.junit.AutoTests" name="[4] /home/travis/build/icyphy/ptII/ptolemy/domains/de/test/auto/CausalityAndComposabilityAnalysis.xml (RunModel)" time="0.011" />
  <testcase classname="ptolemy.util.test.junit.AutoTests" name="[5] /home/travis/build/icyphy/ptII/ptolemy/domains/de/test/auto/CausalityInterface1.xml (RunModel)" time="0.01" />
  <testcase classname="ptolemy.util.test.junit.AutoTests" name="[6] /home/travis/build/icyphy/ptII/ptolemy/domains/de/test/auto/CausalityInterface15.xml (RunModel)" time="0.017" />
  <testcase classname="ptolemy.util.test.junit.AutoTests" name="[7] /home/travis/build/icyphy/ptII/ptolemy/domains/de/test/auto/CausalityInterface2.xml (RunModel)" time="0.009" />
  <testcase classname="ptolemy.util.test.junit.AutoTests" name="[8] /home/travis/build/icyphy/ptII/ptolemy/domains/de/test/auto/CausalityInterface3.xml (RunModel)" time="0.012" />
  <testcase classname="ptolemy.util.test.junit.AutoTests" name="[9] /home/travis/build/icyphy/ptII/ptolemy/domains/de/test/auto/ClockDrift.xml (RunModel)" time="0.031" />
  <testcase classname="ptolemy.util.test.junit.AutoTests" name="[10] /home/travis/build/icyphy/ptII/ptolemy/domains/de/test/auto/ClockDriftAndValueChange.xml (RunModel)" time="0.03" />
  <testcase classname="ptolemy.util.test.junit.AutoTests" name="[11] /home/travis/build/icyphy/ptII/ptolemy/domains/de/test/auto/ClockDriftChange.xml (RunModel)" time="0.031" />
  <testcase classname="ptolemy.util.test.junit.AutoTests" name="[12] /home/travis/build/icyphy/ptII/ptolemy/domains/de/test/auto/ComposableCausalityAnalysis.xml (RunModel)" time="0.018" />
  <testcase classname="ptolemy.util.test.junit.AutoTests" name="[13] /home/travis/build/icyphy/ptII/ptolemy/domains/de/test/auto/DEFixedPointLimitation.xml (RunModel)" time="0.01" />
  <testcase classname="ptolemy.util.test.junit.AutoTests" name="[14] /home/travis/build/icyphy/ptII/ptolemy/domains/de/test/auto/DEScheduleTest.xml (RunModel)" time="0.013" />
  <testcase classname="ptolemy.util.test.junit.AutoTests" name="[15] /home/travis/build/icyphy/ptII/ptolemy/domains/de/test/auto/DEinDEwithStartTimes.xml (RunModel)" time="0.015" />
  <testcase classname="ptolemy.util.test.junit.AutoTests" name="[16] /home/travis/build/icyphy/ptII/ptolemy/domains/de/test/auto/DEinDEwithStartTimes2.xml (RunModel)" time="0.015" />
  <testcase classname="ptolemy.util.test.junit.AutoTests" name="[17] /home/travis/build/icyphy/ptII/ptolemy/domains/de/test/auto/DateDemo.xml (RunModel)" time="0.031" />
  <testcase classname="ptolemy.util.test.junit.AutoTests" name="[18] /home/travis/build/icyphy/ptII/ptolemy/domains/de/test/auto/DateToEvent.xml (RunModel)" time="2.046" />
  <testcase classname="ptolemy.util.test.junit.AutoTests" name="[19] /home/travis/build/icyphy/ptII/ptolemy/domains/de/test/auto/DepthTest1.xml (RunModel)" time="0.006" />
  <testcase classname="ptolemy.util.test.junit.AutoTests" name="[20] /home/travis/build/icyphy/ptII/ptolemy/domains/de/test/auto/DepthTest2.xml (RunModel)" time="0.014" />
  <testcase classname="ptolemy.util.test.junit.AutoTests" name="[21] /home/travis/build/icyphy/ptII/ptolemy/domains/de/test/auto/DepthTest3.xml (RunModel)" time="0.006" />
  <testcase classname="ptolemy.util.test.junit.AutoTests" name="[22] /home/travis/build/icyphy/ptII/ptolemy/domains/de/test/auto/DepthTest4.xml (RunModel)" time="0.009" />
  <testcase classname="ptolemy.util.test.junit.AutoTests" name="[23] /home/travis/build/icyphy/ptII/ptolemy/domains/de/test/auto/DepthTest5.xml (RunModel)" time="0.011" />
  <testcase classname="ptolemy.util.test.junit.AutoTests" name="[24] /home/travis/build/icyphy/ptII/ptolemy/domains/de/test/auto/DepthTest6.xml (RunModel)" time="0.011" />
  <testcase classname="ptolemy.util.test.junit.AutoTests" name="[25] /home/travis/build/icyphy/ptII/ptolemy/domains/de/test/auto/DepthTest7.xml (RunModel)" time="0.01" />
  <testcase classname="ptolemy.util.test.junit.AutoTests" name="[26] /home/travis/build/icyphy/ptII/ptolemy/domains/de/test/auto/EventToDate.xml (RunModel)" time="3.035" />
  <testcase classname="ptolemy.util.test.junit.AutoTests" name="[27] /home/travis/build/icyphy/ptII/ptolemy/domains/de/test/auto/FSM1.xml (RunModel)" time="0.028" />
  <testcase classname="ptolemy.util.test.junit.AutoTests" name="[28] /home/travis/build/icyphy/ptII/ptolemy/domains/de/test/auto/FSM7.xml (RunModel)" time="0.022" />
  <testcase classname="ptolemy.util.test.junit.AutoTests" name="[29] /home/travis/build/icyphy/ptII/ptolemy/domains/de/test/auto/Inspection.xml (RunModel)" time="0.026" />
  <testcase classname="ptolemy.util.test.junit.AutoTests" name="[30] /home/travis/build/icyphy/ptII/ptolemy/domains/de/test/auto/Iteration.xml (RunModel)" time="0.014" />
  <testcase classname="ptolemy.util.test.junit.AutoTests" name="[31] /home/travis/build/icyphy/ptII/ptolemy/domains/de/test/auto/LineFault.xml (RunModel)" time="0.407" />
  <testcase classname="ptolemy.util.test.junit.AutoTests" name="[32] /home/travis/build/icyphy/ptII/ptolemy/domains/de/test/auto/MergeModel1Add.xml (RunModel)" time="0.034" />
  <testcase classname="ptolemy.util.test.junit.AutoTests" name="[33] /home/travis/build/icyphy/ptII/ptolemy/domains/de/test/auto/MergeModel2Add.xml (RunModel)" time="0.031" />
  <testcase classname="ptolemy.util.test.junit.AutoTests" name="[34] /home/travis/build/icyphy/ptII/ptolemy/domains/de/test/auto/MergeModel3Add.xml (RunModel)" time="0.029" />
  <testcase classname="ptolemy.util.test.junit.AutoTests" name="[35] /home/travis/build/icyphy/ptII/ptolemy/domains/de/test/auto/MergeWithoutDiscard.xml (RunModel)" time="0.009" />
  <testcase classname="ptolemy.util.test.junit.AutoTests" name="[36] /home/travis/build/icyphy/ptII/ptolemy/domains/de/test/auto/Modal1.xml (RunModel)" time="0.027" />
  <testcase classname="ptolemy.util.test.junit.AutoTests" name="[37] /home/travis/build/icyphy/ptII/ptolemy/domains/de/test/auto/Modal2.xml (RunModel)" time="0.022" />
  <testcase classname="ptolemy.util.test.junit.AutoTests" name="[38] /home/travis/build/icyphy/ptII/ptolemy/domains/de/test/auto/Modal3.xml (RunModel)" time="0.025" />
  <testcase classname="ptolemy.util.test.junit.AutoTests" name="[39] /home/travis/build/icyphy/ptII/ptolemy/domains/de/test/auto/Modal4.xml (RunModel)" time="0.023" />
  <testcase classname="ptolemy.util.test.junit.AutoTests" name="[40] /home/travis/build/icyphy/ptII/ptolemy/domains/de/test/auto/Modal5.xml (RunModel)" time="0.024" />
  <testcase classname="ptolemy.util.test.junit.AutoTests" name="[41] /home/travis/build/icyphy/ptII/ptolemy/domains/de/test/auto/Modal6.xml (RunModel)" time="0.024" />
  <testcase classname="ptolemy.util.test.junit.AutoTests" name="[42] /home/travis/build/icyphy/ptII/ptolemy/domains/de/test/auto/Modal7.xml (RunModel)" time="0.023" />
  <testcase classname="ptolemy.util.test.junit.AutoTests" name="[43] /home/travis/build/icyphy/ptII/ptolemy/domains/de/test/auto/ModalModel.xml (RunModel)" time="0.135" />
  <testcase classname="ptolemy.util.test.junit.AutoTests" name="[44] /home/travis/build/icyphy/ptII/ptolemy/domains/de/test/auto/ModalSource.xml (RunModel)" time="0.014" />
  <testcase classname="ptolemy.util.test.junit.AutoTests" name="[45] /home/travis/build/icyphy/ptII/ptolemy/domains/de/test/auto/NonInterruptibleTimerZeroDelay.xml (RunModel)" time="0.007" />
  <testcase classname="ptolemy.util.test.junit.AutoTests" name="[46] /home/travis/build/icyphy/ptII/ptolemy/domains/de/test/auto/OpenQueueingNetwork.xml (RunModel)" time="2.523" />
  <testcase classname="ptolemy.util.test.junit.AutoTests" name="[47] /home/travis/build/icyphy/ptII/ptolemy/domains/de/test/auto/OpenQueuingNetwork.xml (RunModel)" time="0.281" />
  <testcase classname="ptolemy.util.test.junit.AutoTests" name="[48] /home/travis/build/icyphy/ptII/ptolemy/domains/de/test/auto/PeriodicSampler.xml (RunModel)" time="0.009" />
  <testcase classname="ptolemy.util.test.junit.AutoTests" name="[49] /home/travis/build/icyphy/ptII/ptolemy/domains/de/test/auto/PersistentIO.xml (RunModel)" time="0.024" />
  <testcase classname="ptolemy.util.test.junit.AutoTests" name="[50] /home/travis/build/icyphy/ptII/ptolemy/domains/de/test/auto/PortParameterResetOnInitialize.xml (RunModel)" time="0.01" />
  <testcase classname="ptolemy.util.test.junit.AutoTests" name="[51] /home/travis/build/icyphy/ptII/ptolemy/domains/de/test/auto/PortParameterUpdates.xml (RunModel)" time="0.027" />
  <testcase classname="ptolemy.util.test.junit.AutoTests" name="[52] /home/travis/build/icyphy/ptII/ptolemy/domains/de/test/auto/QueueAndServer.xml (RunModel)" time="0.025" />
  <testcase classname="ptolemy.util.test.junit.AutoTests" name="[53] /home/travis/build/icyphy/ptII/ptolemy/domains/de/test/auto/Records.xml (RunModel)" time="0.015" />
  <testcase classname="ptolemy.util.test.junit.AutoTests" name="[54] /home/travis/build/icyphy/ptII/ptolemy/domains/de/test/auto/ResetTransitionWithStartTime1.xml (RunModel)" time="0.02" />
  <testcase classname="ptolemy.util.test.junit.AutoTests" name="[55] /home/travis/build/icyphy/ptII/ptolemy/domains/de/test/auto/ResetTransitionWithStartTime2.xml (RunModel)" time="0.02" />
  <testcase classname="ptolemy.util.test.junit.AutoTests" name="[56] /home/travis/build/icyphy/ptII/ptolemy/domains/de/test/auto/ResetTransitionWithStartTime3.xml (RunModel)" time="0.023" />
  <testcase classname="ptolemy.util.test.junit.AutoTests" name="[57] /home/travis/build/icyphy/ptII/ptolemy/domains/de/test/auto/ResetTransitionWithStartTime4.xml (RunModel)" time="0.021" />
  <testcase classname="ptolemy.util.test.junit.AutoTests" name="[58] /home/travis/build/icyphy/ptII/ptolemy/domains/de/test/auto/ResettableTimer1.xml (RunModel)" time="0.01" />
  <testcase classname="ptolemy.util.test.junit.AutoTests" name="[59] /home/travis/build/icyphy/ptII/ptolemy/domains/de/test/auto/ResettableTimer2.xml (RunModel)" time="0.011" />
  <testcase classname="ptolemy.util.test.junit.AutoTests" name="[60] /home/travis/build/icyphy/ptII/ptolemy/domains/de/test/auto/ResettableTimer3.xml (RunModel)" time="0.01" />
  <testcase classname="ptolemy.util.test.junit.AutoTests" name="[61] /home/travis/build/icyphy/ptII/ptolemy/domains/de/test/auto/ResettableTimer4.xml (RunModel)" time="0.011" />
  <testcase classname="ptolemy.util.test.junit.AutoTests" name="[62] /home/travis/build/icyphy/ptII/ptolemy/domains/de/test/auto/ResettableTimer5.xml (RunModel)" time="0.01" />
  <testcase classname="ptolemy.util.test.junit.AutoTests" name="[63] /home/travis/build/icyphy/ptII/ptolemy/domains/de/test/auto/ResettableTimer6.xml (RunModel)" time="0.019" />
  <testcase classname="ptolemy.util.test.junit.AutoTests" name="[64] /home/travis/build/icyphy/ptII/ptolemy/domains/de/test/auto/ServerZeroDelay.xml (RunModel)" time="0.016" />
  <testcase classname="ptolemy.util.test.junit.AutoTests" name="[65] /home/travis/build/icyphy/ptII/ptolemy/domains/de/test/auto/SmartSender.xml (RunModel)" time="3.012" />
  <testcase classname="ptolemy.util.test.junit.AutoTests" name="[66] /home/travis/build/icyphy/ptII/ptolemy/domains/de/test/auto/ThreadedComposite.xml (RunModel)" time="0.158" />
  <testcase classname="ptolemy.util.test.junit.AutoTests" name="[67] /home/travis/build/icyphy/ptII/ptolemy/domains/de/test/auto/Time.xml (RunModel)" time="0.476" />
  <testcase classname="ptolemy.util.test.junit.AutoTests" name="[68] /home/travis/build/icyphy/ptII/ptolemy/domains/de/test/auto/TimeDelayZeroDelay.xml (RunModel)" time="0.011" />
  <testcase classname="ptolemy.util.test.junit.AutoTests" name="[69] /home/travis/build/icyphy/ptII/ptolemy/domains/de/test/auto/TimerZeroDelay.xml (RunModel)" time="0.01" />
  <testcase classname="ptolemy.util.test.junit.AutoTests" name="[70] /home/travis/build/icyphy/ptII/ptolemy/domains/de/test/auto/TimingParadox.xml (RunModel)" time="0.393" />
  <testcase classname="ptolemy.util.test.junit.AutoTests" name="[71] /home/travis/build/icyphy/ptII/ptolemy/domains/de/test/auto/TransferInputs.xml (RunModel)" time="0.02" />
  <testcase classname="ptolemy.util.test.junit.AutoTests" name="[72] /home/travis/build/icyphy/ptII/ptolemy/domains/de/test/auto/TransferOutputs2.xml (RunModel)" time="0.024" />
  <testcase classname="ptolemy.util.test.junit.AutoTests" name="[73] /home/travis/build/icyphy/ptII/ptolemy/domains/de/test/auto/Trilateration.xml (RunModel)" time="12.379" />
  <testcase classname="ptolemy.util.test.junit.AutoTests" name="[74] /home/travis/build/icyphy/ptII/ptolemy/domains/de/test/auto/TwoSigmaDelta.xml (RunModel)" time="2.224" />
  <testcase classname="ptolemy.util.test.junit.AutoTests" name="[75] /home/travis/build/icyphy/ptII/ptolemy/domains/de/test/auto/VariableDelay.xml (RunModel)" time="0.011" />
  <testcase classname="ptolemy.util.test.junit.AutoTests" name="[76] /home/travis/build/icyphy/ptII/ptolemy/domains/de/test/auto/VariableDelay2.xml (RunModel)" time="0.01" />
  <testcase classname="ptolemy.util.test.junit.AutoTests" name="[77] /home/travis/build/icyphy/ptII/ptolemy/domains/de/test/auto/VariableDelayZeroDelay.xml (RunModel)" time="0.013" />
  <testcase classname="ptolemy.util.test.junit.AutoTests" name="[78] /home/travis/build/icyphy/ptII/ptolemy/domains/de/test/auto/VariableDelayZeroDelay2.xml (RunModel)" time="0.01" />
  <testcase classname="ptolemy.util.test.junit.AutoTests" name="[79] /home/travis/build/icyphy/ptII/ptolemy/domains/de/test/auto/deInCt.xml (RunModel)" time="0.018" />
  <testcase classname="ptolemy.util.test.junit.AutoTests" name="[80] /home/travis/build/icyphy/ptII/ptolemy/domains/de/test/auto/deInCt2.xml (RunModel)" time="0.019" />
  <testcase classname="ptolemy.util.test.junit.AutoTests" name="[81] /home/travis/build/icyphy/ptII/ptolemy/domains/de/test/auto/dynamicCausalityInterface1.xml (RunModel)" time="0.02" />
  <testcase classname="ptolemy.util.test.junit.AutoTests" name="[82] /home/travis/build/icyphy/ptII/ptolemy/domains/de/test/auto/fsm_de_test.xml (RunModel)" time="0.03" />
  <testcase classname="ptolemy.util.test.junit.AutoTests" name="[83] /home/travis/build/icyphy/ptII/ptolemy/domains/de/test/auto/functionDependencyReconstruction.xml (RunModel)" time="0.041" />
  <testcase classname="ptolemy.util.test.junit.AutoTests" name="[84] /home/travis/build/icyphy/ptII/ptolemy/domains/de/test/auto/multirate.xml (RunModel)" time="0.017" />
  <testcase classname="ptolemy.util.test.junit.AutoTests" name="[85] /home/travis/build/icyphy/ptII/ptolemy/domains/de/test/auto/multirate2.xml (RunModel)" time="0.022" />
  <testcase classname="ptolemy.util.test.junit.AutoTests" name="[86] /home/travis/build/icyphy/ptII/ptolemy/domains/de/test/auto/realtime.xml (RunModel)" time="10.012" />
  <testcase classname="ptolemy.util.test.junit.AutoTests" name="[87] /home/travis/build/icyphy/ptII/ptolemy/domains/de/test/auto/relationGroup.xml (RunModel)" time="0.007" />
  <testcase classname="ptolemy.util.test.junit.AutoTests" name="[88] /home/travis/build/icyphy/ptII/ptolemy/domains/de/test/auto/relationGroup2.xml (RunModel)" time="0.008" />
  <testcase classname="ptolemy.util.test.junit.AutoTests" name="[89] /home/travis/build/icyphy/ptII/ptolemy/domains/de/test/auto/sortWithOpaquePorts.xml (RunModel)" time="0.01" />
  <testcase classname="ptolemy.util.test.junit.AutoTests" name="[90] /home/travis/build/icyphy/ptII/ptolemy/domains/de/test/auto/transferInputsandOutputs.xml (RunModel)" time="0.016" />
  <testcase classname="ptolemy.util.test.junit.AutoTests" name="[91] /home/travis/build/icyphy/ptII/ptolemy/domains/de/test/auto/triggerType.xml (RunModel)" time="0.011" />
  <system-out><![CDATA[/home/travis/build/icyphy/ptII/ptolemy/domains/de/test/DependencyLoop.tcl
testDefs.tcl: setting time out to 9000 seconds at Fri May 11 17:13:31 UTC 2018
15 ms. Memory: 116224K Free: 95092K (82%)
7 ms. Memory: 146944K Free: 137794K (94%)
/home/travis/build/icyphy/ptII/ptolemy/domains/de/test/RunDETestsAsQSS.tcl
Run the DE tests using ptolemy.domains.qss.test.QSSDirectorTest, which extends QSSDirector and prints a message in the constructors.
------------------ testing $PTII/ptolemy/domains/de/test/auto/knownFailedTests/dependencyLoop.xml (Known Failure) 
7 ms. Memory: 146944K Free: 133519K (91%)


==== $PTIIhome/travis/build/icyphy/ptII/ptolemy/domains/de/test/../../../../: Auto Automatic test in file $PTII/ptolemy/domains/de/test/auto/knownFailedTests/dependencyLoop.xml
==== Contents of test case:

	    # FIXME: we should use $relativeFilename here, but it
	    # might have backslashes under Windows, which causes no end
	    # of trouble.
	    createAndExecute $file
	    list {}
	
.... Test generated KNOWN error:
    while executing
ptolemy.kernel.util.IllegalActionException: Found a zero delay loop containing .dependencyLoop.original
  in .dependencyLoop and .dependencyLoop.original
	at ptolemy.actor.util.CausalityInterfaceForComposites._computeOutputPortDepth(CausalityInterfaceForComposites.java:759)
	at ptolemy.actor.util.CausalityInterfaceForComposites._computeInputDepth(CausalityInterfaceForComposites.java:696)
	at ptolemy.actor.util.CausalityInterfaceForComposites._computeOutputPortDepth(CausalityInterfaceForComposites.java:765)
	at ptolemy.actor.util.CausalityInterfaceForComposites._computeInputDepth(CausalityInterfaceForComposites.java:696)
	at ptolemy.actor.util.CausalityInterfaceForComposites._computeOutputPortDepth(CausalityInterfaceForComposites.java:765)
	at ptolemy.actor.util.CausalityInterfaceForComposites._computeInputDepth(CausalityInterfaceForComposites.java:696)
	at ptolemy.actor.util.CausalityInterfaceForComposites._computeActorDepth(CausalityInterfaceForComposites.java:532)
	at ptolemy.actor.util.CausalityInterfaceForComposites.checkForCycles(CausalityInterfaceForComposites.java:96)
	at ptolemy.domains.de.kernel.DEDirector.preinitialize(DEDirector.java:1337)
	at ptolemy.actor.CompositeActor.preinitialize(CompositeActor.java:1828)
	at ptolemy.actor.Manager.preinitializeAndResolveTypes(Manager.java:1040)
	at ptolemy.actor.Manager.initialize(Manager.java:710)
	at ptolemy.actor.Manager.execute(Manager.java:356)
	at ptolemy.actor.Manager.run(Manager.java:1263)
	at ptolemy.actor.Manager$PtolemyRunThread.run(Manager.java:1915)

    while executing
ptolemy.kernel.util.IllegalActionException: Found a zero delay loop containing .dependencyLoop.original
  in .dependencyLoop and .dependencyLoop.original
    while executing
"java::new ptolemy.moml.MoMLSimpleApplication $file
"
    (procedure "createAndExecute" line 2)
    invoked from within
"createAndExecute $file"
    ("uplevel" body line 5)
    invoked from within
"uplevel $contents_of_test"
------------------ testing $PTII/ptolemy/domains/de/test/auto/knownFailedTests/DESDFClockTest.xml (Known Failure) 
2083 ms. Memory: 146944K Free: 117676K (80%)


==== $PTIIhome/travis/build/icyphy/ptII/ptolemy/domains/de/test/../../../../: Auto Automatic test in file $PTII/ptolemy/domains/de/test/auto/knownFailedTests/DESDFClockTest.xml
==== Contents of test case:

	    # FIXME: we should use $relativeFilename here, but it
	    # might have backslashes under Windows, which causes no end
	    # of trouble.
	    createAndExecute $file
	    list {}
	
.... Test generated KNOWN error:
    while executing
ptolemy.kernel.util.IllegalActionException: Actor is not ready to fire.  Perhaps UpSample.prefire() returned false? Try debugging the actor by selecting "Listen to Actor".  Also, for SDF check moml for tokenConsumptionRate on input.
  in .DESDFClockTest.Play Bell.Copy1:SDF Director and .DESDFClockTest.Play Bell.UpSample
	at ptolemy.actor.sched.StaticSchedulingDirector.fire(StaticSchedulingDirector.java:227)
	at ptolemy.domains.sdf.kernel.SDFDirector.fire(SDFDirector.java:500)
	at ptolemy.actor.CompositeActor.fire(CompositeActor.java:455)
	at ptolemy.domains.de.kernel.DEDirector._fire(DEDirector.java:1948)
	at ptolemy.domains.de.kernel.DEDirector.fire(DEDirector.java:502)
	at ptolemy.actor.CompositeActor.fire(CompositeActor.java:455)
	at ptolemy.actor.Manager.iterate(Manager.java:851)
	at ptolemy.actor.Manager.execute(Manager.java:369)
	at ptolemy.actor.Manager.run(Manager.java:1263)
	at ptolemy.actor.Manager$PtolemyRunThread.run(Manager.java:1915)

    while executing
ptolemy.kernel.util.IllegalActionException: Actor is not ready to fire.  Perhaps UpSample.prefire() returned false? Try debugging the actor by selecting "Listen to Actor".  Also, for SDF check moml for tokenConsumptionRate on input.
  in .DESDFClockTest.Play Bell.Copy1:SDF Director and .DESDFClockTest.Play Bell.UpSample
    while executing
"java::new ptolemy.moml.MoMLSimpleApplication $file
"
    (procedure "createAndExecute" line 2)
    invoked from within
"createAndExecute $file"
    ("uplevel" body line 5)
    invoked from within
"uplevel $contents_of_test"
------------------ testing $PTII/ptolemy/domains/de/test/auto/knownFailedTests/FSMSource.xml (Known Failure) 
38 ms. Memory: 146944K Free: 108693K (74%)
!!!! Auto was marked as failing, but now passes
------------------ testing $PTII/ptolemy/domains/de/test/auto/knownFailedTests/dependencyLoop2.xml (Known Failure) 
6 ms. Memory: 146944K Free: 106810K (73%)


==== $PTIIhome/travis/build/icyphy/ptII/ptolemy/domains/de/test/../../../../: Auto Automatic test in file $PTII/ptolemy/domains/de/test/auto/knownFailedTests/dependencyLoop2.xml
==== Contents of test case:

	    # FIXME: we should use $relativeFilename here, but it
	    # might have backslashes under Windows, which causes no end
	    # of trouble.
	    createAndExecute $file
	    list {}
	
.... Test generated KNOWN error:
    while executing
ptolemy.kernel.util.IllegalActionException: Found a zero delay loop containing .dependencyLoop2.original
  in .dependencyLoop2 and .dependencyLoop2.original
	at ptolemy.actor.util.CausalityInterfaceForComposites._computeOutputPortDepth(CausalityInterfaceForComposites.java:759)
	at ptolemy.actor.util.CausalityInterfaceForComposites._computeInputDepth(CausalityInterfaceForComposites.java:696)
	at ptolemy.actor.util.CausalityInterfaceForComposites._computeOutputPortDepth(CausalityInterfaceForComposites.java:765)
	at ptolemy.actor.util.CausalityInterfaceForComposites._computeInputDepth(CausalityInterfaceForComposites.java:696)
	at ptolemy.actor.util.CausalityInterfaceForComposites._computeOutputPortDepth(CausalityInterfaceForComposites.java:765)
	at ptolemy.actor.util.CausalityInterfaceForComposites._computeInputDepth(CausalityInterfaceForComposites.java:696)
	at ptolemy.actor.util.CausalityInterfaceForComposites._computeActorDepth(CausalityInterfaceForComposites.java:532)
	at ptolemy.actor.util.CausalityInterfaceForComposites.checkForCycles(CausalityInterfaceForComposites.java:96)
	at ptolemy.domains.de.kernel.DEDirector.preinitialize(DEDirector.java:1337)
	at ptolemy.actor.CompositeActor.preinitialize(CompositeActor.java:1828)
	at ptolemy.actor.Manager.preinitializeAndResolveTypes(Manager.java:1040)
	at ptolemy.actor.Manager.initialize(Manager.java:710)
	at ptolemy.actor.Manager.execute(Manager.java:356)
	at ptolemy.actor.Manager.run(Manager.java:1263)
	at ptolemy.actor.Manager$PtolemyRunThread.run(Manager.java:1915)

    while executing
ptolemy.kernel.util.IllegalActionException: Found a zero delay loop containing .dependencyLoop2.original
  in .dependencyLoop2 and .dependencyLoop2.original
    while executing
"java::new ptolemy.moml.MoMLSimpleApplication $file
"
    (procedure "createAndExecute" line 2)
    invoked from within
"createAndExecute $file"
    ("uplevel" body line 5)
    invoked from within
"uplevel $contents_of_test"
------------------ testing $PTII/ptolemy/domains/de/test/auto/knownFailedTests/HierarchicalModel.xml (Known Failure) 
5 ms. Memory: 146944K Free: 86177K (59%)


==== $PTIIhome/travis/build/icyphy/ptII/ptolemy/domains/de/test/../../../../: Auto Automatic test in file $PTII/ptolemy/domains/de/test/auto/knownFailedTests/HierarchicalModel.xml
==== Contents of test case:

	    # FIXME: we should use $relativeFilename here, but it
	    # might have backslashes under Windows, which causes no end
	    # of trouble.
	    createAndExecute $file
	    list {}
	
.... Test generated KNOWN error:
    while executing
ptolemy.kernel.util.IllegalActionException: Found a zero delay loop containing .HierarchicalModel.A
  in .HierarchicalModel and .HierarchicalModel.A
	at ptolemy.actor.util.CausalityInterfaceForComposites._computeOutputPortDepth(CausalityInterfaceForComposites.java:759)
	at ptolemy.actor.util.CausalityInterfaceForComposites._computeInputDepth(CausalityInterfaceForComposites.java:696)
	at ptolemy.actor.util.CausalityInterfaceForComposites._computeOutputPortDepth(CausalityInterfaceForComposites.java:765)
	at ptolemy.actor.util.CausalityInterfaceForComposites._computeInputDepth(CausalityInterfaceForComposites.java:696)
	at ptolemy.actor.util.CausalityInterfaceForComposites._computeOutputPortDepth(CausalityInterfaceForComposites.java:765)
	at ptolemy.actor.util.CausalityInterfaceForComposites._computeInputDepth(CausalityInterfaceForComposites.java:696)
	at ptolemy.actor.util.CausalityInterfaceForComposites._computeActorDepth(CausalityInterfaceForComposites.java:532)
	at ptolemy.actor.util.CausalityInterfaceForComposites.checkForCycles(CausalityInterfaceForComposites.java:96)
	at ptolemy.domains.de.kernel.DEDirector.preinitialize(DEDirector.java:1337)
	at ptolemy.actor.CompositeActor.preinitialize(CompositeActor.java:1828)
	at ptolemy.actor.Manager.preinitializeAndResolveTypes(Manager.java:1040)
	at ptolemy.actor.Manager.initialize(Manager.java:710)
	at ptolemy.actor.Manager.execute(Manager.java:356)
	at ptolemy.actor.Manager.run(Manager.java:1263)
	at ptolemy.actor.Manager$PtolemyRunThread.run(Manager.java:1915)

    while executing
ptolemy.kernel.util.IllegalActionException: Found a zero delay loop containing .HierarchicalModel.A
  in .HierarchicalModel and .HierarchicalModel.A
    while executing
"java::new ptolemy.moml.MoMLSimpleApplication $file
"
    (procedure "createAndExecute" line 2)
    invoked from within
"createAndExecute $file"
    ("uplevel" body line 5)
    invoked from within
"uplevel $contents_of_test"
------------------ testing $PTII/ptolemy/domains/de/test/auto/knownFailedTests/DirectFeedback.xml (Known Failure) 
17 ms. Memory: 146944K Free: 142524K (97%)


==== $PTIIhome/travis/build/icyphy/ptII/ptolemy/domains/de/test/../../../../: Auto Automatic test in file $PTII/ptolemy/domains/de/test/auto/knownFailedTests/DirectFeedback.xml
==== Contents of test case:

	    # FIXME: we should use $relativeFilename here, but it
	    # might have backslashes under Windows, which causes no end
	    # of trouble.
	    createAndExecute $file
	    list {}
	
.... Test generated KNOWN error:
    while executing
ptolemy.kernel.util.IllegalActionException: Test fails in iteration 1.
Value was: 1.0. Should have been: 2.0
  in .DirectFeedback.Test
	at ptolemy.actor.lib.Test.fire(Test.java:268)
	at ptolemy.domains.de.kernel.DEDirector._fire(DEDirector.java:1948)
	at ptolemy.domains.de.kernel.DEDirector.fire(DEDirector.java:502)
	at ptolemy.actor.CompositeActor.fire(CompositeActor.java:455)
	at ptolemy.actor.Manager.iterate(Manager.java:851)
	at ptolemy.actor.Manager.execute(Manager.java:369)
	at ptolemy.actor.Manager.run(Manager.java:1263)
	at ptolemy.actor.Manager$PtolemyRunThread.run(Manager.java:1915)

    while executing
ptolemy.kernel.util.IllegalActionException: Test fails in iteration 1.
Value was: 1.0. Should have been: 2.0
  in .DirectFeedback.Test
    while executing
"java::new ptolemy.moml.MoMLSimpleApplication $file
"
    (procedure "createAndExecute" line 2)
    invoked from within
"createAndExecute $file"
    ("uplevel" body line 5)
    invoked from within
"uplevel $contents_of_test"
------------------ testing $PTII/ptolemy/domains/de/test/auto/ActorDepthCalculation_actorWithoutPorts.xml
auto.tcl: Setting watchdog for 200 seconds at Fri May 11 17:13:34 UTC 2018
4 ms. Memory: 146944K Free: 133583K (91%)
ptolemy.util.test.WatchDog.cancel(): canceling Fri May 11 17:13:34 UTC 2018
auto.tcl: Setting watchdog for 200 seconds at Fri May 11 17:13:34 UTC 2018
5 ms. Memory: 146944K Free: 132550K (90%)
ptolemy.util.test.WatchDog.cancel(): canceling Fri May 11 17:13:34 UTC 2018
------------------ testing $PTII/ptolemy/domains/de/test/auto/AssemblyLine.xml
auto.tcl: Setting watchdog for 200 seconds at Fri May 11 17:13:35 UTC 2018
39 ms. Memory: 208384K Free: 182869K (88%)
ptolemy.util.test.WatchDog.cancel(): canceling Fri May 11 17:13:35 UTC 2018
auto.tcl: Setting watchdog for 200 seconds at Fri May 11 17:13:35 UTC 2018
9 ms. Memory: 208384K Free: 182869K (88%)
ptolemy.util.test.WatchDog.cancel(): canceling Fri May 11 17:13:35 UTC 2018
------------------ testing $PTII/ptolemy/domains/de/test/auto/CQBug1.xml
auto.tcl: Setting watchdog for 200 seconds at Fri May 11 17:13:35 UTC 2018
4 ms. Memory: 208384K Free: 197732K (95%)
ptolemy.util.test.WatchDog.cancel(): canceling Fri May 11 17:13:35 UTC 2018
auto.tcl: Setting watchdog for 200 seconds at Fri May 11 17:13:35 UTC 2018
2 ms. Memory: 208384K Free: 197732K (95%)
ptolemy.util.test.WatchDog.cancel(): canceling Fri May 11 17:13:35 UTC 2018
------------------ testing $PTII/ptolemy/domains/de/test/auto/CancelFireAt.xml
auto.tcl: Setting watchdog for 200 seconds at Fri May 11 17:13:35 UTC 2018
9 ms. Memory: 208384K Free: 200966K (96%)
ptolemy.util.test.WatchDog.cancel(): canceling Fri May 11 17:13:35 UTC 2018
auto.tcl: Setting watchdog for 200 seconds at Fri May 11 17:13:35 UTC 2018
3 ms. Memory: 208384K Free: 198868K (95%)
ptolemy.util.test.WatchDog.cancel(): canceling Fri May 11 17:13:35 UTC 2018
------------------ testing $PTII/ptolemy/domains/de/test/auto/CausalityAndComposabilityAnalysis.xml
auto.tcl: Setting watchdog for 200 seconds at Fri May 11 17:13:35 UTC 2018
8 ms. Memory: 208384K Free: 196709K (94%)
ptolemy.util.test.WatchDog.cancel(): canceling Fri May 11 17:13:35 UTC 2018
auto.tcl: Setting watchdog for 200 seconds at Fri May 11 17:13:35 UTC 2018
6 ms. Memory: 208384K Free: 196372K (94%)
ptolemy.util.test.WatchDog.cancel(): canceling Fri May 11 17:13:35 UTC 2018
------------------ testing $PTII/ptolemy/domains/de/test/auto/CausalityInterface1.xml
auto.tcl: Setting watchdog for 200 seconds at Fri May 11 17:13:35 UTC 2018
19 ms. Memory: 208384K Free: 196309K (94%)
ptolemy.util.test.WatchDog.cancel(): canceling Fri May 11 17:13:36 UTC 2018
auto.tcl: Setting watchdog for 200 seconds at Fri May 11 17:13:36 UTC 2018
4 ms. Memory: 208384K Free: 196309K (94%)
ptolemy.util.test.WatchDog.cancel(): canceling Fri May 11 17:13:36 UTC 2018
------------------ testing $PTII/ptolemy/domains/de/test/auto/CausalityInterface15.xml
auto.tcl: Setting watchdog for 200 seconds at Fri May 11 17:13:36 UTC 2018
8 ms. Memory: 208384K Free: 196299K (94%)
ptolemy.util.test.WatchDog.cancel(): canceling Fri May 11 17:13:36 UTC 2018
auto.tcl: Setting watchdog for 200 seconds at Fri May 11 17:13:36 UTC 2018
4 ms. Memory: 208384K Free: 196299K (94%)
ptolemy.util.test.WatchDog.cancel(): canceling Fri May 11 17:13:36 UTC 2018
------------------ testing $PTII/ptolemy/domains/de/test/auto/CausalityInterface2.xml
auto.tcl: Setting watchdog for 200 seconds at Fri May 11 17:13:36 UTC 2018
9 ms. Memory: 208384K Free: 196283K (94%)
ptolemy.util.test.WatchDog.cancel(): canceling Fri May 11 17:13:36 UTC 2018
auto.tcl: Setting watchdog for 200 seconds at Fri May 11 17:13:36 UTC 2018
3 ms. Memory: 208384K Free: 196283K (94%)
ptolemy.util.test.WatchDog.cancel(): canceling Fri May 11 17:13:36 UTC 2018
------------------ testing $PTII/ptolemy/domains/de/test/auto/CausalityInterface3.xml
auto.tcl: Setting watchdog for 200 seconds at Fri May 11 17:13:36 UTC 2018
3 ms. Memory: 208384K Free: 196297K (94%)
ptolemy.util.test.WatchDog.cancel(): canceling Fri May 11 17:13:36 UTC 2018
auto.tcl: Setting watchdog for 200 seconds at Fri May 11 17:13:36 UTC 2018
4 ms. Memory: 208384K Free: 196297K (94%)
ptolemy.util.test.WatchDog.cancel(): canceling Fri May 11 17:13:36 UTC 2018
------------------ testing $PTII/ptolemy/domains/de/test/auto/ClockDrift.xml
auto.tcl: Setting watchdog for 200 seconds at Fri May 11 17:13:36 UTC 2018
118 ms. Memory: 208384K Free: 187542K (90%)
ptolemy.util.test.WatchDog.cancel(): canceling Fri May 11 17:13:36 UTC 2018
auto.tcl: Setting watchdog for 200 seconds at Fri May 11 17:13:36 UTC 2018
81 ms. Memory: 208384K Free: 185447K (89%)
ptolemy.util.test.WatchDog.cancel(): canceling Fri May 11 17:13:36 UTC 2018
------------------ testing $PTII/ptolemy/domains/de/test/auto/ClockDriftAndValueChange.xml
auto.tcl: Setting watchdog for 200 seconds at Fri May 11 17:13:36 UTC 2018
63 ms. Memory: 208384K Free: 187374K (90%)
ptolemy.util.test.WatchDog.cancel(): canceling Fri May 11 17:13:36 UTC 2018
auto.tcl: Setting watchdog for 200 seconds at Fri May 11 17:13:36 UTC 2018
28 ms. Memory: 208384K Free: 185278K (89%)
ptolemy.util.test.WatchDog.cancel(): canceling Fri May 11 17:13:36 UTC 2018
------------------ testing $PTII/ptolemy/domains/de/test/auto/ClockDriftChange.xml
auto.tcl: Setting watchdog for 200 seconds at Fri May 11 17:13:36 UTC 2018
34 ms. Memory: 208384K Free: 190693K (92%)
ptolemy.util.test.WatchDog.cancel(): canceling Fri May 11 17:13:37 UTC 2018
auto.tcl: Setting watchdog for 200 seconds at Fri May 11 17:13:37 UTC 2018
31 ms. Memory: 208384K Free: 188598K (91%)
ptolemy.util.test.WatchDog.cancel(): canceling Fri May 11 17:13:37 UTC 2018
------------------ testing $PTII/ptolemy/domains/de/test/auto/ComposableCausalityAnalysis.xml
auto.tcl: Setting watchdog for 200 seconds at Fri May 11 17:13:37 UTC 2018
3 ms. Memory: 208384K Free: 196149K (94%)
ptolemy.util.test.WatchDog.cancel(): canceling Fri May 11 17:13:37 UTC 2018
auto.tcl: Setting watchdog for 200 seconds at Fri May 11 17:13:37 UTC 2018
2 ms. Memory: 208384K Free: 194054K (93%)
ptolemy.util.test.WatchDog.cancel(): canceling Fri May 11 17:13:37 UTC 2018
------------------ testing $PTII/ptolemy/domains/de/test/auto/DEFixedPointLimitation.xml
auto.tcl: Setting watchdog for 200 seconds at Fri May 11 17:13:37 UTC 2018
5 ms. Memory: 208384K Free: 196230K (94%)
ptolemy.util.test.WatchDog.cancel(): canceling Fri May 11 17:13:37 UTC 2018
auto.tcl: Setting watchdog for 200 seconds at Fri May 11 17:13:37 UTC 2018
2 ms. Memory: 208384K Free: 196230K (94%)
ptolemy.util.test.WatchDog.cancel(): canceling Fri May 11 17:13:37 UTC 2018
------------------ testing $PTII/ptolemy/domains/de/test/auto/DEScheduleTest.xml
auto.tcl: Setting watchdog for 200 seconds at Fri May 11 17:13:37 UTC 2018
5 ms. Memory: 208384K Free: 198360K (95%)
ptolemy.util.test.WatchDog.cancel(): canceling Fri May 11 17:13:37 UTC 2018
auto.tcl: Setting watchdog for 200 seconds at Fri May 11 17:13:37 UTC 2018
4 ms. Memory: 208384K Free: 196265K (94%)
ptolemy.util.test.WatchDog.cancel(): canceling Fri May 11 17:13:37 UTC 2018
------------------ testing $PTII/ptolemy/domains/de/test/auto/DEinDEwithStartTimes.xml
auto.tcl: Setting watchdog for 200 seconds at Fri May 11 17:13:37 UTC 2018
8 ms. Memory: 208384K Free: 196235K (94%)
ptolemy.util.test.WatchDog.cancel(): canceling Fri May 11 17:13:37 UTC 2018
auto.tcl: Setting watchdog for 200 seconds at Fri May 11 17:13:37 UTC 2018
8 ms. Memory: 208384K Free: 194140K (93%)
ptolemy.util.test.WatchDog.cancel(): canceling Fri May 11 17:13:37 UTC 2018
------------------ testing $PTII/ptolemy/domains/de/test/auto/DEinDEwithStartTimes2.xml
auto.tcl: Setting watchdog for 200 seconds at Fri May 11 17:13:37 UTC 2018
8 ms. Memory: 208384K Free: 196552K (94%)
ptolemy.util.test.WatchDog.cancel(): canceling Fri May 11 17:13:37 UTC 2018
auto.tcl: Setting watchdog for 200 seconds at Fri May 11 17:13:37 UTC 2018
6 ms. Memory: 208384K Free: 194119K (93%)
ptolemy.util.test.WatchDog.cancel(): canceling Fri May 11 17:13:37 UTC 2018
------------------ testing $PTII/ptolemy/domains/de/test/auto/DateDemo.xml
auto.tcl: Setting watchdog for 200 seconds at Fri May 11 17:13:37 UTC 2018
8 ms. Memory: 208384K Free: 188666K (91%)
ptolemy.util.test.WatchDog.cancel(): canceling Fri May 11 17:13:37 UTC 2018
auto.tcl: Setting watchdog for 200 seconds at Fri May 11 17:13:37 UTC 2018
7 ms. Memory: 208384K Free: 186571K (90%)
ptolemy.util.test.WatchDog.cancel(): canceling Fri May 11 17:13:37 UTC 2018
------------------ testing $PTII/ptolemy/domains/de/test/auto/DateToEvent.xml
auto.tcl: Setting watchdog for 200 seconds at Fri May 11 17:13:37 UTC 2018
2018 ms. Memory: 208384K Free: 183404K (88%)
ptolemy.util.test.WatchDog.cancel(): canceling Fri May 11 17:13:39 UTC 2018
auto.tcl: Setting watchdog for 200 seconds at Fri May 11 17:13:39 UTC 2018
2007 ms. Memory: 208384K Free: 180946K (87%)
ptolemy.util.test.WatchDog.cancel(): canceling Fri May 11 17:13:41 UTC 2018
------------------ testing $PTII/ptolemy/domains/de/test/auto/DepthTest1.xml
auto.tcl: Setting watchdog for 200 seconds at Fri May 11 17:13:41 UTC 2018
7 ms. Memory: 208384K Free: 197888K (95%)
ptolemy.util.test.WatchDog.cancel(): canceling Fri May 11 17:13:41 UTC 2018
auto.tcl: Setting watchdog for 200 seconds at Fri May 11 17:13:41 UTC 2018
3 ms. Memory: 208384K Free: 197888K (95%)
ptolemy.util.test.WatchDog.cancel(): canceling Fri May 11 17:13:41 UTC 2018
------------------ testing $PTII/ptolemy/domains/de/test/auto/DepthTest2.xml
auto.tcl: Setting watchdog for 200 seconds at Fri May 11 17:13:41 UTC 2018
4 ms. Memory: 208384K Free: 194100K (93%)
ptolemy.util.test.WatchDog.cancel(): canceling Fri May 11 17:13:41 UTC 2018
auto.tcl: Setting watchdog for 200 seconds at Fri May 11 17:13:41 UTC 2018
2 ms. Memory: 208384K Free: 194100K (93%)
ptolemy.util.test.WatchDog.cancel(): canceling Fri May 11 17:13:41 UTC 2018
------------------ testing $PTII/ptolemy/domains/de/test/auto/DepthTest3.xml
auto.tcl: Setting watchdog for 200 seconds at Fri May 11 17:13:41 UTC 2018
8 ms. Memory: 208384K Free: 198223K (95%)
ptolemy.util.test.WatchDog.cancel(): canceling Fri May 11 17:13:41 UTC 2018
auto.tcl: Setting watchdog for 200 seconds at Fri May 11 17:13:41 UTC 2018
1 ms. Memory: 208384K Free: 198223K (95%)
ptolemy.util.test.WatchDog.cancel(): canceling Fri May 11 17:13:41 UTC 2018
------------------ testing $PTII/ptolemy/domains/de/test/auto/DepthTest4.xml
auto.tcl: Setting watchdog for 200 seconds at Fri May 11 17:13:42 UTC 2018
6 ms. Memory: 208384K Free: 196215K (94%)
ptolemy.util.test.WatchDog.cancel(): canceling Fri May 11 17:13:42 UTC 2018
auto.tcl: Setting watchdog for 200 seconds at Fri May 11 17:13:42 UTC 2018
2 ms. Memory: 208384K Free: 196215K (94%)
ptolemy.util.test.WatchDog.cancel(): canceling Fri May 11 17:13:42 UTC 2018
------------------ testing $PTII/ptolemy/domains/de/test/auto/DepthTest5.xml
auto.tcl: Setting watchdog for 200 seconds at Fri May 11 17:13:42 UTC 2018
4 ms. Memory: 208384K Free: 196500K (94%)
ptolemy.util.test.WatchDog.cancel(): canceling Fri May 11 17:13:42 UTC 2018
auto.tcl: Setting watchdog for 200 seconds at Fri May 11 17:13:42 UTC 2018
4 ms. Memory: 208384K Free: 196500K (94%)
ptolemy.util.test.WatchDog.cancel(): canceling Fri May 11 17:13:42 UTC 2018
------------------ testing $PTII/ptolemy/domains/de/test/auto/DepthTest6.xml
auto.tcl: Setting watchdog for 200 seconds at Fri May 11 17:13:42 UTC 2018
8 ms. Memory: 208384K Free: 196131K (94%)
ptolemy.util.test.WatchDog.cancel(): canceling Fri May 11 17:13:42 UTC 2018
auto.tcl: Setting watchdog for 200 seconds at Fri May 11 17:13:42 UTC 2018
3 ms. Memory: 208384K Free: 196131K (94%)
ptolemy.util.test.WatchDog.cancel(): canceling Fri May 11 17:13:42 UTC 2018
------------------ testing $PTII/ptolemy/domains/de/test/auto/DepthTest7.xml
auto.tcl: Setting watchdog for 200 seconds at Fri May 11 17:13:42 UTC 2018
2 ms. Memory: 208384K Free: 196119K (94%)
ptolemy.util.test.WatchDog.cancel(): canceling Fri May 11 17:13:42 UTC 2018
auto.tcl: Setting watchdog for 200 seconds at Fri May 11 17:13:42 UTC 2018
2 ms. Memory: 208384K Free: 196119K (94%)
ptolemy.util.test.WatchDog.cancel(): canceling Fri May 11 17:13:42 UTC 2018
------------------ testing $PTII/ptolemy/domains/de/test/auto/EventToDate.xml
auto.tcl: Setting watchdog for 200 seconds at Fri May 11 17:13:42 UTC 2018
3010 ms. Memory: 208384K Free: 185666K (89%)
ptolemy.util.test.WatchDog.cancel(): canceling Fri May 11 17:13:45 UTC 2018
auto.tcl: Setting watchdog for 200 seconds at Fri May 11 17:13:45 UTC 2018
3004 ms. Memory: 208384K Free: 185666K (89%)
ptolemy.util.test.WatchDog.cancel(): canceling Fri May 11 17:13:48 UTC 2018
------------------ testing $PTII/ptolemy/domains/de/test/auto/FSM1.xml
auto.tcl: Setting watchdog for 200 seconds at Fri May 11 17:13:48 UTC 2018
36 ms. Memory: 208384K Free: 187086K (90%)
ptolemy.util.test.WatchDog.cancel(): canceling Fri May 11 17:13:48 UTC 2018
auto.tcl: Setting watchdog for 200 seconds at Fri May 11 17:13:48 UTC 2018
40 ms. Memory: 208384K Free: 184991K (89%)
ptolemy.util.test.WatchDog.cancel(): canceling Fri May 11 17:13:48 UTC 2018
------------------ testing $PTII/ptolemy/domains/de/test/auto/FSM7.xml
auto.tcl: Setting watchdog for 200 seconds at Fri May 11 17:13:48 UTC 2018
23 ms. Memory: 208384K Free: 187289K (90%)
ptolemy.util.test.WatchDog.cancel(): canceling Fri May 11 17:13:48 UTC 2018
auto.tcl: Setting watchdog for 200 seconds at Fri May 11 17:13:48 UTC 2018
29 ms. Memory: 208384K Free: 185194K (89%)
ptolemy.util.test.WatchDog.cancel(): canceling Fri May 11 17:13:48 UTC 2018
------------------ testing $PTII/ptolemy/domains/de/test/auto/Inspection.xml
auto.tcl: Setting watchdog for 200 seconds at Fri May 11 17:13:48 UTC 2018
48 ms. Memory: 208384K Free: 188841K (91%)
ptolemy.util.test.WatchDog.cancel(): canceling Fri May 11 17:13:48 UTC 2018
auto.tcl: Setting watchdog for 200 seconds at Fri May 11 17:13:48 UTC 2018
39 ms. Memory: 208384K Free: 186745K (90%)
ptolemy.util.test.WatchDog.cancel(): canceling Fri May 11 17:13:49 UTC 2018
------------------ testing $PTII/ptolemy/domains/de/test/auto/Iteration.xml
auto.tcl: Setting watchdog for 200 seconds at Fri May 11 17:13:49 UTC 2018
15 ms. Memory: 208384K Free: 193830K (93%)
ptolemy.util.test.WatchDog.cancel(): canceling Fri May 11 17:13:49 UTC 2018
auto.tcl: Setting watchdog for 200 seconds at Fri May 11 17:13:49 UTC 2018
11 ms. Memory: 208384K Free: 193830K (93%)
ptolemy.util.test.WatchDog.cancel(): canceling Fri May 11 17:13:49 UTC 2018
------------------ testing $PTII/ptolemy/domains/de/test/auto/LineFault.xml
auto.tcl: Setting watchdog for 200 seconds at Fri May 11 17:13:49 UTC 2018
880 ms. Memory: 208384K Free: 196113K (94%)
ptolemy.util.test.WatchDog.cancel(): canceling Fri May 11 17:13:50 UTC 2018
auto.tcl: Setting watchdog for 200 seconds at Fri May 11 17:13:50 UTC 2018
812 ms. Memory: 208384K Free: 138913K (67%)
ptolemy.util.test.WatchDog.cancel(): canceling Fri May 11 17:13:51 UTC 2018
------------------ testing $PTII/ptolemy/domains/de/test/auto/MergeModel1Add.xml
auto.tcl: Setting watchdog for 200 seconds at Fri May 11 17:13:51 UTC 2018
27 ms. Memory: 331264K Free: 302449K (91%)
ptolemy.util.test.WatchDog.cancel(): canceling Fri May 11 17:13:51 UTC 2018
auto.tcl: Setting watchdog for 200 seconds at Fri May 11 17:13:51 UTC 2018
13 ms. Memory: 331264K Free: 298489K (90%)
ptolemy.util.test.WatchDog.cancel(): canceling Fri May 11 17:13:51 UTC 2018
------------------ testing $PTII/ptolemy/domains/de/test/auto/MergeModel2Add.xml
auto.tcl: Setting watchdog for 200 seconds at Fri May 11 17:13:51 UTC 2018
13 ms. Memory: 331264K Free: 303788K (92%)
ptolemy.util.test.WatchDog.cancel(): canceling Fri May 11 17:13:51 UTC 2018
auto.tcl: Setting watchdog for 200 seconds at Fri May 11 17:13:51 UTC 2018
15 ms. Memory: 331264K Free: 299827K (91%)
ptolemy.util.test.WatchDog.cancel(): canceling Fri May 11 17:13:51 UTC 2018
------------------ testing $PTII/ptolemy/domains/de/test/auto/MergeModel3Add.xml
auto.tcl: Setting watchdog for 200 seconds at Fri May 11 17:13:51 UTC 2018
10 ms. Memory: 331264K Free: 303798K (92%)
ptolemy.util.test.WatchDog.cancel(): canceling Fri May 11 17:13:51 UTC 2018
auto.tcl: Setting watchdog for 200 seconds at Fri May 11 17:13:51 UTC 2018
9 ms. Memory: 331264K Free: 299837K (91%)
ptolemy.util.test.WatchDog.cancel(): canceling Fri May 11 17:13:51 UTC 2018
------------------ testing $PTII/ptolemy/domains/de/test/auto/MergeWithoutDiscard.xml
auto.tcl: Setting watchdog for 200 seconds at Fri May 11 17:13:51 UTC 2018
5 ms. Memory: 331264K Free: 319924K (97%)
ptolemy.util.test.WatchDog.cancel(): canceling Fri May 11 17:13:51 UTC 2018
auto.tcl: Setting watchdog for 200 seconds at Fri May 11 17:13:51 UTC 2018
1 ms. Memory: 331264K Free: 315963K (95%)
ptolemy.util.test.WatchDog.cancel(): canceling Fri May 11 17:13:51 UTC 2018
------------------ testing $PTII/ptolemy/domains/de/test/auto/Modal1.xml
auto.tcl: Setting watchdog for 200 seconds at Fri May 11 17:13:51 UTC 2018
17 ms. Memory: 331264K Free: 309557K (93%)
ptolemy.util.test.WatchDog.cancel(): canceling Fri May 11 17:13:51 UTC 2018
auto.tcl: Setting watchdog for 200 seconds at Fri May 11 17:13:51 UTC 2018
14 ms. Memory: 331264K Free: 305596K (92%)
ptolemy.util.test.WatchDog.cancel(): canceling Fri May 11 17:13:51 UTC 2018
------------------ testing $PTII/ptolemy/domains/de/test/auto/Modal2.xml
auto.tcl: Setting watchdog for 200 seconds at Fri May 11 17:13:51 UTC 2018
19 ms. Memory: 331264K Free: 309432K (93%)
ptolemy.util.test.WatchDog.cancel(): canceling Fri May 11 17:13:52 UTC 2018
auto.tcl: Setting watchdog for 200 seconds at Fri May 11 17:13:52 UTC 2018
20 ms. Memory: 331264K Free: 305471K (92%)
ptolemy.util.test.WatchDog.cancel(): canceling Fri May 11 17:13:52 UTC 2018
------------------ testing $PTII/ptolemy/domains/de/test/auto/Modal3.xml
auto.tcl: Setting watchdog for 200 seconds at Fri May 11 17:13:52 UTC 2018
17 ms. Memory: 331264K Free: 309430K (93%)
ptolemy.util.test.WatchDog.cancel(): canceling Fri May 11 17:13:52 UTC 2018
auto.tcl: Setting watchdog for 200 seconds at Fri May 11 17:13:52 UTC 2018
17 ms. Memory: 331264K Free: 305469K (92%)
ptolemy.util.test.WatchDog.cancel(): canceling Fri May 11 17:13:52 UTC 2018
------------------ testing $PTII/ptolemy/domains/de/test/auto/Modal4.xml
auto.tcl: Setting watchdog for 200 seconds at Fri May 11 17:13:52 UTC 2018
14 ms. Memory: 331264K Free: 309729K (93%)
ptolemy.util.test.WatchDog.cancel(): canceling Fri May 11 17:13:52 UTC 2018
auto.tcl: Setting watchdog for 200 seconds at Fri May 11 17:13:52 UTC 2018
23 ms. Memory: 331264K Free: 305482K (92%)
ptolemy.util.test.WatchDog.cancel(): canceling Fri May 11 17:13:52 UTC 2018
------------------ testing $PTII/ptolemy/domains/de/test/auto/Modal5.xml
auto.tcl: Setting watchdog for 200 seconds at Fri May 11 17:13:52 UTC 2018
19 ms. Memory: 331264K Free: 304515K (92%)
ptolemy.util.test.WatchDog.cancel(): canceling Fri May 11 17:13:52 UTC 2018
auto.tcl: Setting watchdog for 200 seconds at Fri May 11 17:13:52 UTC 2018
17 ms. Memory: 331264K Free: 300554K (91%)
ptolemy.util.test.WatchDog.cancel(): canceling Fri May 11 17:13:52 UTC 2018
------------------ testing $PTII/ptolemy/domains/de/test/auto/Modal6.xml
auto.tcl: Setting watchdog for 200 seconds at Fri May 11 17:13:52 UTC 2018
19 ms. Memory: 331264K Free: 309427K (93%)
ptolemy.util.test.WatchDog.cancel(): canceling Fri May 11 17:13:52 UTC 2018
auto.tcl: Setting watchdog for 200 seconds at Fri May 11 17:13:52 UTC 2018
21 ms. Memory: 331264K Free: 305466K (92%)
ptolemy.util.test.WatchDog.cancel(): canceling Fri May 11 17:13:52 UTC 2018
------------------ testing $PTII/ptolemy/domains/de/test/auto/Modal7.xml
auto.tcl: Setting watchdog for 200 seconds at Fri May 11 17:13:52 UTC 2018
20 ms. Memory: 331264K Free: 309427K (93%)
ptolemy.util.test.WatchDog.cancel(): canceling Fri May 11 17:13:52 UTC 2018
auto.tcl: Setting watchdog for 200 seconds at Fri May 11 17:13:52 UTC 2018
19 ms. Memory: 331264K Free: 305466K (92%)
ptolemy.util.test.WatchDog.cancel(): canceling Fri May 11 17:13:52 UTC 2018
------------------ testing $PTII/ptolemy/domains/de/test/auto/ModalModel.xml
auto.tcl: Setting watchdog for 200 seconds at Fri May 11 17:13:52 UTC 2018
217 ms. Memory: 331264K Free: 245902K (74%)
ptolemy.util.test.WatchDog.cancel(): canceling Fri May 11 17:13:53 UTC 2018
auto.tcl: Setting watchdog for 200 seconds at Fri May 11 17:13:53 UTC 2018
235 ms. Memory: 331264K Free: 190402K (57%)
ptolemy.util.test.WatchDog.cancel(): canceling Fri May 11 17:13:53 UTC 2018
------------------ testing $PTII/ptolemy/domains/de/test/auto/ModalSource.xml
auto.tcl: Setting watchdog for 200 seconds at Fri May 11 17:13:53 UTC 2018
12 ms. Memory: 331264K Free: 315968K (95%)
ptolemy.util.test.WatchDog.cancel(): canceling Fri May 11 17:13:53 UTC 2018
auto.tcl: Setting watchdog for 200 seconds at Fri May 11 17:13:53 UTC 2018
7 ms. Memory: 331264K Free: 312443K (94%)
ptolemy.util.test.WatchDog.cancel(): canceling Fri May 11 17:13:53 UTC 2018
------------------ testing $PTII/ptolemy/domains/de/test/auto/NonInterruptibleTimerZeroDelay.xml
auto.tcl: Setting watchdog for 200 seconds at Fri May 11 17:13:53 UTC 2018
4 ms. Memory: 331264K Free: 320347K (97%)
ptolemy.util.test.WatchDog.cancel(): canceling Fri May 11 17:13:53 UTC 2018
auto.tcl: Setting watchdog for 200 seconds at Fri May 11 17:13:53 UTC 2018
3 ms. Memory: 331264K Free: 316805K (96%)
ptolemy.util.test.WatchDog.cancel(): canceling Fri May 11 17:13:53 UTC 2018
------------------ testing $PTII/ptolemy/domains/de/test/auto/OpenQueueingNetwork.xml
auto.tcl: Setting watchdog for 200 seconds at Fri May 11 17:13:53 UTC 2018
3544 ms. Memory: 573952K Free: 413111K (72%)
ptolemy.util.test.WatchDog.cancel(): canceling Fri May 11 17:13:57 UTC 2018
auto.tcl: Setting watchdog for 200 seconds at Fri May 11 17:13:57 UTC 2018
2839 ms. Memory: 550912K Free: 316413K (57%)
ptolemy.util.test.WatchDog.cancel(): canceling Fri May 11 17:13:59 UTC 2018
------------------ testing $PTII/ptolemy/domains/de/test/auto/OpenQueuingNetwork.xml
auto.tcl: Setting watchdog for 200 seconds at Fri May 11 17:14:00 UTC 2018
286 ms. Memory: 549888K Free: 445194K (81%)
ptolemy.util.test.WatchDog.cancel(): canceling Fri May 11 17:14:00 UTC 2018
auto.tcl: Setting watchdog for 200 seconds at Fri May 11 17:14:00 UTC 2018
255 ms. Memory: 549888K Free: 385551K (70%)
ptolemy.util.test.WatchDog.cancel(): canceling Fri May 11 17:14:00 UTC 2018
------------------ testing $PTII/ptolemy/domains/de/test/auto/PeriodicSampler.xml
auto.tcl: Setting watchdog for 200 seconds at Fri May 11 17:14:00 UTC 2018
2 ms. Memory: 551936K Free: 531607K (96%)
ptolemy.util.test.WatchDog.cancel(): canceling Fri May 11 17:14:00 UTC 2018
auto.tcl: Setting watchdog for 200 seconds at Fri May 11 17:14:00 UTC 2018
2 ms. Memory: 551936K Free: 531607K (96%)
ptolemy.util.test.WatchDog.cancel(): canceling Fri May 11 17:14:00 UTC 2018
------------------ testing $PTII/ptolemy/domains/de/test/auto/PersistentIO.xml
auto.tcl: Setting watchdog for 200 seconds at Fri May 11 17:14:00 UTC 2018
5 ms. Memory: 549376K Free: 524225K (95%)
ptolemy.util.test.WatchDog.cancel(): canceling Fri May 11 17:14:00 UTC 2018
auto.tcl: Setting watchdog for 200 seconds at Fri May 11 17:14:00 UTC 2018
5 ms. Memory: 549376K Free: 524225K (95%)
ptolemy.util.test.WatchDog.cancel(): canceling Fri May 11 17:14:00 UTC 2018
------------------ testing $PTII/ptolemy/domains/de/test/auto/PortParameterResetOnInitialize.xml
auto.tcl: Setting watchdog for 200 seconds at Fri May 11 17:14:00 UTC 2018
4 ms. Memory: 551424K Free: 531327K (96%)
ptolemy.util.test.WatchDog.cancel(): canceling Fri May 11 17:14:00 UTC 2018
auto.tcl: Setting watchdog for 200 seconds at Fri May 11 17:14:00 UTC 2018
3 ms. Memory: 551424K Free: 531327K (96%)
ptolemy.util.test.WatchDog.cancel(): canceling Fri May 11 17:14:00 UTC 2018
------------------ testing $PTII/ptolemy/domains/de/test/auto/PortParameterUpdates.xml
auto.tcl: Setting watchdog for 200 seconds at Fri May 11 17:14:00 UTC 2018
5 ms. Memory: 549376K Free: 523983K (95%)
ptolemy.util.test.WatchDog.cancel(): canceling Fri May 11 17:14:00 UTC 2018
auto.tcl: Setting watchdog for 200 seconds at Fri May 11 17:14:00 UTC 2018
3 ms. Memory: 549376K Free: 523983K (95%)
ptolemy.util.test.WatchDog.cancel(): canceling Fri May 11 17:14:01 UTC 2018
------------------ testing $PTII/ptolemy/domains/de/test/auto/QueueAndServer.xml
auto.tcl: Setting watchdog for 200 seconds at Fri May 11 17:14:01 UTC 2018
7 ms. Memory: 551424K Free: 530682K (96%)
ptolemy.util.test.WatchDog.cancel(): canceling Fri May 11 17:14:01 UTC 2018
auto.tcl: Setting watchdog for 200 seconds at Fri May 11 17:14:01 UTC 2018
6 ms. Memory: 551424K Free: 530682K (96%)
ptolemy.util.test.WatchDog.cancel(): canceling Fri May 11 17:14:01 UTC 2018
------------------ testing $PTII/ptolemy/domains/de/test/auto/Records.xml
auto.tcl: Setting watchdog for 200 seconds at Fri May 11 17:14:01 UTC 2018
4 ms. Memory: 549376K Free: 533997K (97%)
ptolemy.util.test.WatchDog.cancel(): canceling Fri May 11 17:14:01 UTC 2018
auto.tcl: Setting watchdog for 200 seconds at Fri May 11 17:14:01 UTC 2018
2 ms. Memory: 549376K Free: 528575K (96%)
ptolemy.util.test.WatchDog.cancel(): canceling Fri May 11 17:14:01 UTC 2018
------------------ testing $PTII/ptolemy/domains/de/test/auto/ResetTransitionWithStartTime1.xml
auto.tcl: Setting watchdog for 200 seconds at Fri May 11 17:14:01 UTC 2018
7 ms. Memory: 551424K Free: 530879K (96%)
ptolemy.util.test.WatchDog.cancel(): canceling Fri May 11 17:14:01 UTC 2018
auto.tcl: Setting watchdog for 200 seconds at Fri May 11 17:14:01 UTC 2018
6 ms. Memory: 551424K Free: 530649K (96%)
ptolemy.util.test.WatchDog.cancel(): canceling Fri May 11 17:14:01 UTC 2018
------------------ testing $PTII/ptolemy/domains/de/test/auto/ResetTransitionWithStartTime2.xml
auto.tcl: Setting watchdog for 200 seconds at Fri May 11 17:14:01 UTC 2018
6 ms. Memory: 549376K Free: 528805K (96%)
ptolemy.util.test.WatchDog.cancel(): canceling Fri May 11 17:14:01 UTC 2018
auto.tcl: Setting watchdog for 200 seconds at Fri May 11 17:14:01 UTC 2018
7 ms. Memory: 549376K Free: 528805K (96%)
ptolemy.util.test.WatchDog.cancel(): canceling Fri May 11 17:14:01 UTC 2018
------------------ testing $PTII/ptolemy/domains/de/test/auto/ResetTransitionWithStartTime3.xml
auto.tcl: Setting watchdog for 200 seconds at Fri May 11 17:14:01 UTC 2018
7 ms. Memory: 550912K Free: 530110K (96%)
ptolemy.util.test.WatchDog.cancel(): canceling Fri May 11 17:14:01 UTC 2018
auto.tcl: Setting watchdog for 200 seconds at Fri May 11 17:14:01 UTC 2018
9 ms. Memory: 550912K Free: 530110K (96%)
ptolemy.util.test.WatchDog.cancel(): canceling Fri May 11 17:14:01 UTC 2018
------------------ testing $PTII/ptolemy/domains/de/test/auto/ResetTransitionWithStartTime4.xml
auto.tcl: Setting watchdog for 200 seconds at Fri May 11 17:14:01 UTC 2018
5 ms. Memory: 549376K Free: 528588K (96%)
ptolemy.util.test.WatchDog.cancel(): canceling Fri May 11 17:14:01 UTC 2018
auto.tcl: Setting watchdog for 200 seconds at Fri May 11 17:14:01 UTC 2018
3 ms. Memory: 549376K Free: 528588K (96%)
ptolemy.util.test.WatchDog.cancel(): canceling Fri May 11 17:14:01 UTC 2018
------------------ testing $PTII/ptolemy/domains/de/test/auto/ResettableTimer1.xml
auto.tcl: Setting watchdog for 200 seconds at Fri May 11 17:14:01 UTC 2018
6 ms. Memory: 550912K Free: 535540K (97%)
ptolemy.util.test.WatchDog.cancel(): canceling Fri May 11 17:14:01 UTC 2018
auto.tcl: Setting watchdog for 200 seconds at Fri May 11 17:14:01 UTC 2018
2 ms. Memory: 550912K Free: 535540K (97%)
ptolemy.util.test.WatchDog.cancel(): canceling Fri May 11 17:14:01 UTC 2018
------------------ testing $PTII/ptolemy/domains/de/test/auto/ResettableTimer2.xml
auto.tcl: Setting watchdog for 200 seconds at Fri May 11 17:14:01 UTC 2018
3 ms. Memory: 549376K Free: 534290K (97%)
ptolemy.util.test.WatchDog.cancel(): canceling Fri May 11 17:14:01 UTC 2018
auto.tcl: Setting watchdog for 200 seconds at Fri May 11 17:14:01 UTC 2018
3 ms. Memory: 549376K Free: 534290K (97%)
ptolemy.util.test.WatchDog.cancel(): canceling Fri May 11 17:14:01 UTC 2018
------------------ testing $PTII/ptolemy/domains/de/test/auto/ResettableTimer3.xml
auto.tcl: Setting watchdog for 200 seconds at Fri May 11 17:14:01 UTC 2018
3 ms. Memory: 550912K Free: 535596K (97%)
ptolemy.util.test.WatchDog.cancel(): canceling Fri May 11 17:14:01 UTC 2018
auto.tcl: Setting watchdog for 200 seconds at Fri May 11 17:14:01 UTC 2018
1 ms. Memory: 550912K Free: 535596K (97%)
ptolemy.util.test.WatchDog.cancel(): canceling Fri May 11 17:14:01 UTC 2018
------------------ testing $PTII/ptolemy/domains/de/test/auto/ResettableTimer4.xml
auto.tcl: Setting watchdog for 200 seconds at Fri May 11 17:14:01 UTC 2018
2 ms. Memory: 549376K Free: 534303K (97%)
ptolemy.util.test.WatchDog.cancel(): canceling Fri May 11 17:14:01 UTC 2018
auto.tcl: Setting watchdog for 200 seconds at Fri May 11 17:14:01 UTC 2018
2 ms. Memory: 549376K Free: 534303K (97%)
ptolemy.util.test.WatchDog.cancel(): canceling Fri May 11 17:14:01 UTC 2018
------------------ testing $PTII/ptolemy/domains/de/test/auto/ResettableTimer5.xml
auto.tcl: Setting watchdog for 200 seconds at Fri May 11 17:14:01 UTC 2018
2 ms. Memory: 550400K Free: 530645K (96%)
ptolemy.util.test.WatchDog.cancel(): canceling Fri May 11 17:14:01 UTC 2018
auto.tcl: Setting watchdog for 200 seconds at Fri May 11 17:14:01 UTC 2018
1 ms. Memory: 550400K Free: 530645K (96%)
ptolemy.util.test.WatchDog.cancel(): canceling Fri May 11 17:14:01 UTC 2018
------------------ testing $PTII/ptolemy/domains/de/test/auto/ResettableTimer6.xml
auto.tcl: Setting watchdog for 200 seconds at Fri May 11 17:14:01 UTC 2018
2 ms. Memory: 549376K Free: 529341K (96%)
ptolemy.util.test.WatchDog.cancel(): canceling Fri May 11 17:14:01 UTC 2018
auto.tcl: Setting watchdog for 200 seconds at Fri May 11 17:14:01 UTC 2018
1 ms. Memory: 549376K Free: 529341K (96%)
ptolemy.util.test.WatchDog.cancel(): canceling Fri May 11 17:14:01 UTC 2018
------------------ testing $PTII/ptolemy/domains/de/test/auto/ServerZeroDelay.xml
auto.tcl: Setting watchdog for 200 seconds at Fri May 11 17:14:01 UTC 2018
3 ms. Memory: 550400K Free: 535265K (97%)
ptolemy.util.test.WatchDog.cancel(): canceling Fri May 11 17:14:01 UTC 2018
auto.tcl: Setting watchdog for 200 seconds at Fri May 11 17:14:01 UTC 2018
3 ms. Memory: 550400K Free: 535265K (97%)
ptolemy.util.test.WatchDog.cancel(): canceling Fri May 11 17:14:01 UTC 2018
------------------ testing $PTII/ptolemy/domains/de/test/auto/SmartSender.xml
auto.tcl: Setting watchdog for 200 seconds at Fri May 11 17:14:01 UTC 2018
3001 ms. Memory: 549376K Free: 529556K (96%)
ptolemy.util.test.WatchDog.cancel(): canceling Fri May 11 17:14:04 UTC 2018
auto.tcl: Setting watchdog for 200 seconds at Fri May 11 17:14:04 UTC 2018
3002 ms. Memory: 549376K Free: 529556K (96%)
ptolemy.util.test.WatchDog.cancel(): canceling Fri May 11 17:14:07 UTC 2018
------------------ testing $PTII/ptolemy/domains/de/test/auto/ThreadedComposite.xml
auto.tcl: Setting watchdog for 200 seconds at Fri May 11 17:14:08 UTC 2018
238 ms. Memory: 550400K Free: 510143K (93%)
ptolemy.util.test.WatchDog.cancel(): canceling Fri May 11 17:14:08 UTC 2018
auto.tcl: Setting watchdog for 200 seconds at Fri May 11 17:14:08 UTC 2018
224 ms. Memory: 550400K Free: 495362K (90%)
ptolemy.util.test.WatchDog.cancel(): canceling Fri May 11 17:14:08 UTC 2018
------------------ testing $PTII/ptolemy/domains/de/test/auto/Time.xml
auto.tcl: Setting watchdog for 200 seconds at Fri May 11 17:14:08 UTC 2018
578 ms. Memory: 549376K Free: 486932K (89%)
ptolemy.util.test.WatchDog.cancel(): canceling Fri May 11 17:14:09 UTC 2018
auto.tcl: Setting watchdog for 200 seconds at Fri May 11 17:14:09 UTC 2018
519 ms. Memory: 549376K Free: 432712K (79%)
ptolemy.util.test.WatchDog.cancel(): canceling Fri May 11 17:14:09 UTC 2018
------------------ testing $PTII/ptolemy/domains/de/test/auto/TimeDelayZeroDelay.xml
auto.tcl: Setting watchdog for 200 seconds at Fri May 11 17:14:09 UTC 2018
3 ms. Memory: 550400K Free: 534951K (97%)
ptolemy.util.test.WatchDog.cancel(): canceling Fri May 11 17:14:09 UTC 2018
auto.tcl: Setting watchdog for 200 seconds at Fri May 11 17:14:09 UTC 2018
2 ms. Memory: 550400K Free: 534951K (97%)
ptolemy.util.test.WatchDog.cancel(): canceling Fri May 11 17:14:09 UTC 2018
------------------ testing $PTII/ptolemy/domains/de/test/auto/TimerZeroDelay.xml
auto.tcl: Setting watchdog for 200 seconds at Fri May 11 17:14:09 UTC 2018
3 ms. Memory: 549376K Free: 534200K (97%)
ptolemy.util.test.WatchDog.cancel(): canceling Fri May 11 17:14:09 UTC 2018
auto.tcl: Setting watchdog for 200 seconds at Fri May 11 17:14:09 UTC 2018
2 ms. Memory: 549376K Free: 534200K (97%)
ptolemy.util.test.WatchDog.cancel(): canceling Fri May 11 17:14:09 UTC 2018
------------------ testing $PTII/ptolemy/domains/de/test/auto/TimingParadox.xml
auto.tcl: Setting watchdog for 200 seconds at Fri May 11 17:14:09 UTC 2018
412 ms. Memory: 549888K Free: 469176K (85%)
ptolemy.util.test.WatchDog.cancel(): canceling Fri May 11 17:14:10 UTC 2018
auto.tcl: Setting watchdog for 200 seconds at Fri May 11 17:14:10 UTC 2018
390 ms. Memory: 549888K Free: 436644K (79%)
ptolemy.util.test.WatchDog.cancel(): canceling Fri May 11 17:14:10 UTC 2018
------------------ testing $PTII/ptolemy/domains/de/test/auto/TransferInputs.xml
auto.tcl: Setting watchdog for 200 seconds at Fri May 11 17:14:10 UTC 2018
2 ms. Memory: 549888K Free: 533616K (97%)
ptolemy.util.test.WatchDog.cancel(): canceling Fri May 11 17:14:10 UTC 2018
auto.tcl: Setting watchdog for 200 seconds at Fri May 11 17:14:10 UTC 2018
2 ms. Memory: 549888K Free: 533616K (97%)
ptolemy.util.test.WatchDog.cancel(): canceling Fri May 11 17:14:10 UTC 2018
------------------ testing $PTII/ptolemy/domains/de/test/auto/TransferOutputs2.xml
auto.tcl: Setting watchdog for 200 seconds at Fri May 11 17:14:11 UTC 2018
3 ms. Memory: 549376K Free: 524096K (95%)
ptolemy.util.test.WatchDog.cancel(): canceling Fri May 11 17:14:11 UTC 2018
auto.tcl: Setting watchdog for 200 seconds at Fri May 11 17:14:11 UTC 2018
3 ms. Memory: 549376K Free: 524096K (95%)
ptolemy.util.test.WatchDog.cancel(): canceling Fri May 11 17:14:11 UTC 2018
------------------ testing $PTII/ptolemy/domains/de/test/auto/Trilateration.xml
auto.tcl: Setting watchdog for 200 seconds at Fri May 11 17:14:11 UTC 2018
12866 ms. Memory: 453632K Free: 145284K (32%)
ptolemy.util.test.WatchDog.cancel(): canceling Fri May 11 17:14:25 UTC 2018
auto.tcl: Setting watchdog for 200 seconds at Fri May 11 17:14:25 UTC 2018
10629 ms. Memory: 331264K Free: 259897K (78%)
ptolemy.util.test.WatchDog.cancel(): canceling Fri May 11 17:14:35 UTC 2018
------------------ testing $PTII/ptolemy/domains/de/test/auto/TwoSigmaDelta.xml
auto.tcl: Setting watchdog for 200 seconds at Fri May 11 17:14:36 UTC 2018
2967 ms. Memory: 320000K Free: 275302K (86%)
ptolemy.util.test.WatchDog.cancel(): canceling Fri May 11 17:14:39 UTC 2018
auto.tcl: Setting watchdog for 200 seconds at Fri May 11 17:14:39 UTC 2018
2256 ms. Memory: 307712K Free: 269734K (88%)
ptolemy.util.test.WatchDog.cancel(): canceling Fri May 11 17:14:41 UTC 2018
------------------ testing $PTII/ptolemy/domains/de/test/auto/VariableDelay.xml
auto.tcl: Setting watchdog for 200 seconds at Fri May 11 17:14:41 UTC 2018
3 ms. Memory: 309760K Free: 292840K (95%)
ptolemy.util.test.WatchDog.cancel(): canceling Fri May 11 17:14:41 UTC 2018
auto.tcl: Setting watchdog for 200 seconds at Fri May 11 17:14:41 UTC 2018
2 ms. Memory: 309760K Free: 292840K (95%)
ptolemy.util.test.WatchDog.cancel(): canceling Fri May 11 17:14:41 UTC 2018
------------------ testing $PTII/ptolemy/domains/de/test/auto/VariableDelay2.xml
auto.tcl: Setting watchdog for 200 seconds at Fri May 11 17:14:41 UTC 2018
2 ms. Memory: 307712K Free: 293469K (95%)
ptolemy.util.test.WatchDog.cancel(): canceling Fri May 11 17:14:41 UTC 2018
auto.tcl: Setting watchdog for 200 seconds at Fri May 11 17:14:41 UTC 2018
2 ms. Memory: 307712K Free: 293469K (95%)
ptolemy.util.test.WatchDog.cancel(): canceling Fri May 11 17:14:41 UTC 2018
------------------ testing $PTII/ptolemy/domains/de/test/auto/VariableDelayZeroDelay.xml
auto.tcl: Setting watchdog for 200 seconds at Fri May 11 17:14:41 UTC 2018
2 ms. Memory: 309248K Free: 296135K (96%)
ptolemy.util.test.WatchDog.cancel(): canceling Fri May 11 17:14:41 UTC 2018
auto.tcl: Setting watchdog for 200 seconds at Fri May 11 17:14:41 UTC 2018
2 ms. Memory: 309248K Free: 292742K (95%)
ptolemy.util.test.WatchDog.cancel(): canceling Fri May 11 17:14:41 UTC 2018
------------------ testing $PTII/ptolemy/domains/de/test/auto/VariableDelayZeroDelay2.xml
auto.tcl: Setting watchdog for 200 seconds at Fri May 11 17:14:41 UTC 2018
2 ms. Memory: 307712K Free: 294597K (96%)
ptolemy.util.test.WatchDog.cancel(): canceling Fri May 11 17:14:41 UTC 2018
auto.tcl: Setting watchdog for 200 seconds at Fri May 11 17:14:41 UTC 2018
3 ms. Memory: 307712K Free: 291219K (95%)
ptolemy.util.test.WatchDog.cancel(): canceling Fri May 11 17:14:41 UTC 2018
------------------ testing $PTII/ptolemy/domains/de/test/auto/deInCt.xml
auto.tcl: Setting watchdog for 200 seconds at Fri May 11 17:14:41 UTC 2018
0
1
1
1
1
0
0
0
1
1
1
0
0
0
1
1
1
0
0
0
1
1
1
1
1
0
0
0
1
1
1
0
0
1
1
1
1
0
0
0
0
14 ms. Memory: 309248K Free: 292728K (95%)
ptolemy.util.test.WatchDog.cancel(): canceling Fri May 11 17:14:41 UTC 2018
auto.tcl: Setting watchdog for 200 seconds at Fri May 11 17:14:41 UTC 2018
0
1
1
1
1
1
0
0
0
1
1
1
0
0
0
1
1
1
1
0
0
1
1
1
0
0
0
1
1
1
1
1
7 ms. Memory: 309248K Free: 292728K (95%)
ptolemy.util.test.WatchDog.cancel(): canceling Fri May 11 17:14:41 UTC 2018
------------------ testing $PTII/ptolemy/domains/de/test/auto/deInCt2.xml
auto.tcl: Setting watchdog for 200 seconds at Fri May 11 17:14:41 UTC 2018
0
1
1
1
0
0
1
1
1
0
0
1
1
1
0
0
1
1
1
0
0
1
1
1
0
0
1
1
1
0
0
1
1
1
0
0
1
1
1
0
0
0
10 ms. Memory: 307712K Free: 291201K (95%)
ptolemy.util.test.WatchDog.cancel(): canceling Fri May 11 17:14:41 UTC 2018
auto.tcl: Setting watchdog for 200 seconds at Fri May 11 17:14:41 UTC 2018
0
1
1
1
0
0
1
1
1
0
0
1
1
1
0
0
1
1
1
0
0
1
1
1
0
0
1
1
1
0
0
1
1
1
0
0
1
1
1
0
0
0
11 ms. Memory: 307712K Free: 291201K (95%)
ptolemy.util.test.WatchDog.cancel(): canceling Fri May 11 17:14:41 UTC 2018
------------------ testing $PTII/ptolemy/domains/de/test/auto/dynamicCausalityInterface1.xml
auto.tcl: Setting watchdog for 200 seconds at Fri May 11 17:14:42 UTC 2018
2 ms. Memory: 308736K Free: 288843K (94%)
ptolemy.util.test.WatchDog.cancel(): canceling Fri May 11 17:14:42 UTC 2018
auto.tcl: Setting watchdog for 200 seconds at Fri May 11 17:14:42 UTC 2018
0 ms. Memory: 308736K Free: 288843K (94%)
ptolemy.util.test.WatchDog.cancel(): canceling Fri May 11 17:14:42 UTC 2018
------------------ testing $PTII/ptolemy/domains/de/test/auto/fsm_de_test.xml
auto.tcl: Setting watchdog for 200 seconds at Fri May 11 17:14:42 UTC 2018
6 ms. Memory: 307712K Free: 287714K (94%)
ptolemy.util.test.WatchDog.cancel(): canceling Fri May 11 17:14:42 UTC 2018
auto.tcl: Setting watchdog for 200 seconds at Fri May 11 17:14:42 UTC 2018
5 ms. Memory: 307712K Free: 287714K (94%)
ptolemy.util.test.WatchDog.cancel(): canceling Fri May 11 17:14:42 UTC 2018
------------------ testing $PTII/ptolemy/domains/de/test/auto/functionDependencyReconstruction.xml
auto.tcl: Setting watchdog for 200 seconds at Fri May 11 17:14:42 UTC 2018
3 ms. Memory: 308736K Free: 281966K (91%)
ptolemy.util.test.WatchDog.cancel(): canceling Fri May 11 17:14:42 UTC 2018
auto.tcl: Setting watchdog for 200 seconds at Fri May 11 17:14:42 UTC 2018
3 ms. Memory: 308736K Free: 278572K (90%)
ptolemy.util.test.WatchDog.cancel(): canceling Fri May 11 17:14:42 UTC 2018
------------------ testing $PTII/ptolemy/domains/de/test/auto/multirate.xml
auto.tcl: Setting watchdog for 200 seconds at Fri May 11 17:14:42 UTC 2018
6 ms. Memory: 307712K Free: 290974K (95%)
ptolemy.util.test.WatchDog.cancel(): canceling Fri May 11 17:14:42 UTC 2018
auto.tcl: Setting watchdog for 200 seconds at Fri May 11 17:14:42 UTC 2018
3 ms. Memory: 307712K Free: 287580K (93%)
ptolemy.util.test.WatchDog.cancel(): canceling Fri May 11 17:14:42 UTC 2018
------------------ testing $PTII/ptolemy/domains/de/test/auto/multirate2.xml
auto.tcl: Setting watchdog for 200 seconds at Fri May 11 17:14:42 UTC 2018
2 ms. Memory: 308736K Free: 292170K (95%)
ptolemy.util.test.WatchDog.cancel(): canceling Fri May 11 17:14:42 UTC 2018
auto.tcl: Setting watchdog for 200 seconds at Fri May 11 17:14:42 UTC 2018
3 ms. Memory: 308736K Free: 288793K (94%)
ptolemy.util.test.WatchDog.cancel(): canceling Fri May 11 17:14:42 UTC 2018
------------------ testing $PTII/ptolemy/domains/de/test/auto/realtime.xml
auto.tcl: Setting watchdog for 200 seconds at Fri May 11 17:14:42 UTC 2018
10001 ms. Memory: 307712K Free: 291137K (95%)
ptolemy.util.test.WatchDog.cancel(): canceling Fri May 11 17:14:52 UTC 2018
auto.tcl: Setting watchdog for 200 seconds at Fri May 11 17:14:52 UTC 2018
10001 ms. Memory: 307712K Free: 291137K (95%)
ptolemy.util.test.WatchDog.cancel(): canceling Fri May 11 17:15:02 UTC 2018
------------------ testing $PTII/ptolemy/domains/de/test/auto/relationGroup.xml
auto.tcl: Setting watchdog for 200 seconds at Fri May 11 17:15:02 UTC 2018
6 ms. Memory: 308224K Free: 295077K (96%)
ptolemy.util.test.WatchDog.cancel(): canceling Fri May 11 17:15:02 UTC 2018
auto.tcl: Setting watchdog for 200 seconds at Fri May 11 17:15:02 UTC 2018
1 ms. Memory: 308224K Free: 295077K (96%)
ptolemy.util.test.WatchDog.cancel(): canceling Fri May 11 17:15:02 UTC 2018
------------------ testing $PTII/ptolemy/domains/de/test/auto/relationGroup2.xml
auto.tcl: Setting watchdog for 200 seconds at Fri May 11 17:15:02 UTC 2018
1 ms. Memory: 307712K Free: 294592K (96%)
ptolemy.util.test.WatchDog.cancel(): canceling Fri May 11 17:15:02 UTC 2018
auto.tcl: Setting watchdog for 200 seconds at Fri May 11 17:15:02 UTC 2018
1 ms. Memory: 307712K Free: 294592K (96%)
ptolemy.util.test.WatchDog.cancel(): canceling Fri May 11 17:15:02 UTC 2018
------------------ testing $PTII/ptolemy/domains/de/test/auto/sortWithOpaquePorts.xml
auto.tcl: Setting watchdog for 200 seconds at Fri May 11 17:15:02 UTC 2018
1 ms. Memory: 308224K Free: 291711K (95%)
ptolemy.util.test.WatchDog.cancel(): canceling Fri May 11 17:15:02 UTC 2018
auto.tcl: Setting watchdog for 200 seconds at Fri May 11 17:15:02 UTC 2018
1 ms. Memory: 308224K Free: 291711K (95%)
ptolemy.util.test.WatchDog.cancel(): canceling Fri May 11 17:15:02 UTC 2018
------------------ testing $PTII/ptolemy/domains/de/test/auto/transferInputsandOutputs.xml
auto.tcl: Setting watchdog for 200 seconds at Fri May 11 17:15:02 UTC 2018
2 ms. Memory: 307712K Free: 291186K (95%)
ptolemy.util.test.WatchDog.cancel(): canceling Fri May 11 17:15:02 UTC 2018
auto.tcl: Setting watchdog for 200 seconds at Fri May 11 17:15:02 UTC 2018
2 ms. Memory: 307712K Free: 287793K (94%)
ptolemy.util.test.WatchDog.cancel(): canceling Fri May 11 17:15:02 UTC 2018
------------------ testing $PTII/ptolemy/domains/de/test/auto/triggerType.xml
auto.tcl: Setting watchdog for 200 seconds at Fri May 11 17:15:02 UTC 2018
2 ms. Memory: 308224K Free: 295043K (96%)
ptolemy.util.test.WatchDog.cancel(): canceling Fri May 11 17:15:02 UTC 2018
auto.tcl: Setting watchdog for 200 seconds at Fri May 11 17:15:02 UTC 2018
1 ms. Memory: 308224K Free: 291649K (95%)
ptolemy.util.test.WatchDog.cancel(): canceling Fri May 11 17:15:02 UTC 2018
05/11/18 05:15:02
Failed: 0  Total Tests: 192  ((Passed: 187, Newly Passed: 1)  Known Failed: 5) /home/travis/build/icyphy/ptII/ptolemy/domains/de/test
05/11/18 05:15:02
Failed: 0  Total Tests: 192  ((Passed: 187, Newly Passed: 1)  Known Failed: 5) /home/travis/build/icyphy/ptII/ptolemy/domains/de/test
----------------- testing (KnownFailure) /home/travis/build/icyphy/ptII/ptolemy/domains/de/test/auto/knownFailedTests/DESDFClockTest.xml
2009 ms. Memory: 307712K Free: 285508K (93%)
Known Failure: java.lang.reflect.InvocationTargetException
----------------- testing (KnownFailure) /home/travis/build/icyphy/ptII/ptolemy/domains/de/test/auto/knownFailedTests/DirectFeedback.xml
1 ms. Memory: 307712K Free: 267403K (87%)
Known Failure: java.lang.reflect.InvocationTargetException
----------------- testing (KnownFailure) /home/travis/build/icyphy/ptII/ptolemy/domains/de/test/auto/knownFailedTests/FSMSource.xml
7 ms. Memory: 307712K Free: 244756K (80%)
----------------- testing (KnownFailure) /home/travis/build/icyphy/ptII/ptolemy/domains/de/test/auto/knownFailedTests/HierarchicalModel.xml
2 ms. Memory: 307712K Free: 222094K (72%)
Known Failure: java.lang.reflect.InvocationTargetException
----------------- testing (KnownFailure) /home/travis/build/icyphy/ptII/ptolemy/domains/de/test/auto/knownFailedTests/dependencyLoop.xml
2 ms. Memory: 307712K Free: 190394K (62%)
Known Failure: java.lang.reflect.InvocationTargetException
----------------- testing (KnownFailure) /home/travis/build/icyphy/ptII/ptolemy/domains/de/test/auto/knownFailedTests/dependencyLoop2.xml
2 ms. Memory: 307712K Free: 158688K (52%)
Known Failure: java.lang.reflect.InvocationTargetException
No auto/*.xml tests in /home/travis/build/icyphy/ptII/ptolemy/domains/de/test
AutoTests.java: About to close Vertx.
AutoTests.java: Vertx closed.
----------------- testing Fri May 11 17:15:04 UTC 2018 /home/travis/build/icyphy/ptII/ptolemy/domains/de/test/auto/ActorDepthCalculation_actorWithoutPorts.xml
----------------- Instantiating /home/travis/build/icyphy/ptII/ptolemy/domains/de/test/auto/ActorDepthCalculation_actorWithoutPorts.xml
2 ms. Memory: 307712K Free: 131531K (43%)
----------------- Invoking toplevel() on ptolemy.moml.MoMLSimpleApplication@75ba1c5d
----------------- Done invoking toplevel() on ptolemy.moml.MoMLSimpleApplication@75ba1c5d
reloadAllAccessors: .ActorDepthCalculation_actorWithoutPorts
----------------- testing Fri May 11 17:15:05 UTC 2018 /home/travis/build/icyphy/ptII/ptolemy/domains/de/test/auto/AssemblyLine.xml
----------------- Instantiating /home/travis/build/icyphy/ptII/ptolemy/domains/de/test/auto/AssemblyLine.xml
1 ms. Memory: 307712K Free: 117952K (38%)
----------------- Invoking toplevel() on ptolemy.moml.MoMLSimpleApplication@b53e34
----------------- Done invoking toplevel() on ptolemy.moml.MoMLSimpleApplication@b53e34
reloadAllAccessors: .AssemblyLine
----------------- testing Fri May 11 17:15:05 UTC 2018 /home/travis/build/icyphy/ptII/ptolemy/domains/de/test/auto/CQBug1.xml
----------------- Instantiating /home/travis/build/icyphy/ptII/ptolemy/domains/de/test/auto/CQBug1.xml
1 ms. Memory: 307712K Free: 108900K (35%)
----------------- Invoking toplevel() on ptolemy.moml.MoMLSimpleApplication@4c3eedaf
----------------- Done invoking toplevel() on ptolemy.moml.MoMLSimpleApplication@4c3eedaf
reloadAllAccessors: .CQBug1
----------------- testing Fri May 11 17:15:05 UTC 2018 /home/travis/build/icyphy/ptII/ptolemy/domains/de/test/auto/CancelFireAt.xml
----------------- Instantiating /home/travis/build/icyphy/ptII/ptolemy/domains/de/test/auto/CancelFireAt.xml
1 ms. Memory: 307712K Free: 99848K (32%)
----------------- Invoking toplevel() on ptolemy.moml.MoMLSimpleApplication@7ea9a93
----------------- Done invoking toplevel() on ptolemy.moml.MoMLSimpleApplication@7ea9a93
reloadAllAccessors: .CancelFireAt
----------------- testing Fri May 11 17:15:05 UTC 2018 /home/travis/build/icyphy/ptII/ptolemy/domains/de/test/auto/CausalityAndComposabilityAnalysis.xml
----------------- Instantiating /home/travis/build/icyphy/ptII/ptolemy/domains/de/test/auto/CausalityAndComposabilityAnalysis.xml
1 ms. Memory: 307712K Free: 90796K (30%)
----------------- Invoking toplevel() on ptolemy.moml.MoMLSimpleApplication@2b659a99
----------------- Done invoking toplevel() on ptolemy.moml.MoMLSimpleApplication@2b659a99
reloadAllAccessors: .CausalityAndComposabilityAnalysis
----------------- testing Fri May 11 17:15:05 UTC 2018 /home/travis/build/icyphy/ptII/ptolemy/domains/de/test/auto/CausalityInterface1.xml
----------------- Instantiating /home/travis/build/icyphy/ptII/ptolemy/domains/de/test/auto/CausalityInterface1.xml
3 ms. Memory: 307712K Free: 78365K (25%)
----------------- Invoking toplevel() on ptolemy.moml.MoMLSimpleApplication@7c237a25
----------------- Done invoking toplevel() on ptolemy.moml.MoMLSimpleApplication@7c237a25
reloadAllAccessors: .CausalityInterface1
----------------- testing Fri May 11 17:15:05 UTC 2018 /home/travis/build/icyphy/ptII/ptolemy/domains/de/test/auto/CausalityInterface15.xml
----------------- Instantiating /home/travis/build/icyphy/ptII/ptolemy/domains/de/test/auto/CausalityInterface15.xml
2 ms. Memory: 298496K Free: 286156K (96%)
----------------- Invoking toplevel() on ptolemy.moml.MoMLSimpleApplication@74094b01
----------------- Done invoking toplevel() on ptolemy.moml.MoMLSimpleApplication@74094b01
reloadAllAccessors: .CausalityInterface15
----------------- testing Fri May 11 17:15:05 UTC 2018 /home/travis/build/icyphy/ptII/ptolemy/domains/de/test/auto/CausalityInterface2.xml
----------------- Instantiating /home/travis/build/icyphy/ptII/ptolemy/domains/de/test/auto/CausalityInterface2.xml
2 ms. Memory: 298496K Free: 277519K (93%)
----------------- Invoking toplevel() on ptolemy.moml.MoMLSimpleApplication@384b4727
----------------- Done invoking toplevel() on ptolemy.moml.MoMLSimpleApplication@384b4727
reloadAllAccessors: .CausalityInterface2
----------------- testing Fri May 11 17:15:05 UTC 2018 /home/travis/build/icyphy/ptII/ptolemy/domains/de/test/auto/CausalityInterface3.xml
[...]
java.lang.RuntimeException: Execution failed
	at ptolemy.moml.MoMLSimpleApplication$UnloadThread.run(MoMLSimpleApplication.java:402)
Caused by: ptolemy.kernel.util.IllegalActionException: Test fails in iteration 1.
Value was: 1.0. Should have been: 2.0
  in .DirectFeedback.Test
	at ptolemy.actor.lib.Test.fire(Test.java:268)
	at ptolemy.domains.de.kernel.DEDirector._fire(DEDirector.java:1948)
	at ptolemy.domains.de.kernel.DEDirector.fire(DEDirector.java:502)
	at ptolemy.actor.CompositeActor.fire(CompositeActor.java:455)
	at ptolemy.actor.Manager.iterate(Manager.java:851)
	at ptolemy.actor.Manager.execute(Manager.java:369)
	at ptolemy.actor.Manager.run(Manager.java:1263)
	at ptolemy.actor.Manager$PtolemyRunThread.run(Manager.java:1915)
java.lang.RuntimeException: Execution failed
	at ptolemy.moml.MoMLSimpleApplication$UnloadThread.run(MoMLSimpleApplication.java:402)
Caused by: ptolemy.kernel.util.IllegalActionException: Actor is not ready to fire.  Perhaps UpSample.prefire() returned false? Try debugging the actor by selecting "Listen to Actor".  Also, for SDF check moml for tokenConsumptionRate on input.
  in .DESDFClockTest.Play Bell.Copy1:SDF Director and .DESDFClockTest.Play Bell.UpSample
	at ptolemy.actor.sched.StaticSchedulingDirector.fire(StaticSchedulingDirector.java:227)
	at ptolemy.domains.sdf.kernel.SDFDirector.fire(SDFDirector.java:500)
	at ptolemy.actor.CompositeActor.fire(CompositeActor.java:455)
	at ptolemy.domains.de.kernel.DEDirector._fire(DEDirector.java:1948)
	at ptolemy.domains.de.kernel.DEDirector.fire(DEDirector.java:502)
	at ptolemy.actor.CompositeActor.fire(CompositeActor.java:455)
	at ptolemy.actor.Manager.iterate(Manager.java:851)
	at ptolemy.actor.Manager.execute(Manager.java:369)
	at ptolemy.actor.Manager.run(Manager.java:1263)
	at ptolemy.actor.Manager$PtolemyRunThread.run(Manager.java:1915)
java.lang.reflect.InvocationTargetException
	at sun.reflect.NativeConstructorAccessorImpl.newInstance0(Native Method)
	at sun.reflect.NativeConstructorAccessorImpl.newInstance(NativeConstructorAccessorImpl.java:62)
	at sun.reflect.DelegatingConstructorAccessorImpl.newInstance(DelegatingConstructorAccessorImpl.java:45)
	at java.lang.reflect.Constructor.newInstance(Constructor.java:423)
	at ptolemy.util.test.junit.AutoKnownFailedTests.RunModel(AutoKnownFailedTests.java:107)
	at sun.reflect.NativeMethodAccessorImpl.invoke0(Native Method)
	at sun.reflect.NativeMethodAccessorImpl.invoke(NativeMethodAccessorImpl.java:62)
	at sun.reflect.DelegatingMethodAccessorImpl.invoke(DelegatingMethodAccessorImpl.java:43)
	at java.lang.reflect.Method.invoke(Method.java:498)
	at org.junit.runners.model.FrameworkMethod$1.runReflectiveCall(FrameworkMethod.java:44)
	at org.junit.internal.runners.model.ReflectiveCallable.run(ReflectiveCallable.java:15)
	at org.junit.runners.model.FrameworkMethod.invokeExplosively(FrameworkMethod.java:41)
	at junitparams.internal.InvokeParameterisedMethod.evaluate(InvokeParameterisedMethod.java:102)
	at org.junit.internal.runners.statements.FailOnTimeout$1.run(FailOnTimeout.java:28)
Caused by: ptolemy.kernel.util.IllegalActionException: Actor is not ready to fire.  Perhaps UpSample.prefire() returned false? Try debugging the actor by selecting "Listen to Actor".  Also, for SDF check moml for tokenConsumptionRate on input.
  in .DESDFClockTest.Play Bell.Copy1:SDF Director and .DESDFClockTest.Play Bell.UpSample
	at ptolemy.actor.sched.StaticSchedulingDirector.fire(StaticSchedulingDirector.java:227)
	at ptolemy.domains.sdf.kernel.SDFDirector.fire(SDFDirector.java:500)
	at ptolemy.actor.CompositeActor.fire(CompositeActor.java:455)
	at ptolemy.domains.de.kernel.DEDirector._fire(DEDirector.java:1948)
	at ptolemy.domains.de.kernel.DEDirector.fire(DEDirector.java:502)
	at ptolemy.actor.CompositeActor.fire(CompositeActor.java:455)
	at ptolemy.actor.Manager.iterate(Manager.java:851)
	at ptolemy.actor.Manager.execute(Manager.java:369)
	at ptolemy.actor.Manager.run(Manager.java:1263)
	at ptolemy.actor.Manager$PtolemyRunThread.run(Manager.java:1915)
java.lang.RuntimeException: Execution failed
	at ptolemy.moml.MoMLSimpleApplication$UnloadThread.run(MoMLSimpleApplication.java:402)
Caused by: ptolemy.kernel.util.IllegalActionException: Test fails in iteration 1.
Value was: 1.0. Should have been: 2.0
  in .DirectFeedback.Test
	at ptolemy.actor.lib.Test.fire(Test.java:268)
	at ptolemy.domains.de.kernel.DEDirector._fire(DEDirector.java:1948)
	at ptolemy.domains.de.kernel.DEDirector.fire(DEDirector.java:502)
	at ptolemy.actor.CompositeActor.fire(CompositeActor.java:455)
	at ptolemy.actor.Manager.iterate(Manager.java:851)
	at ptolemy.actor.Manager.execute(Manager.java:369)
	at ptolemy.actor.Manager.run(Manager.java:1263)
	at ptolemy.actor.Manager$PtolemyRunThread.run(Manager.java:1915)
java.lang.reflect.InvocationTargetException
	at sun.reflect.NativeConstructorAccessorImpl.newInstance0(Native Method)
	at sun.reflect.NativeConstructorAccessorImpl.newInstance(NativeConstructorAccessorImpl.java:62)
	at sun.reflect.DelegatingConstructorAccessorImpl.newInstance(DelegatingConstructorAccessorImpl.java:45)
	at java.lang.reflect.Constructor.newInstance(Constructor.java:423)
	at ptolemy.util.test.junit.AutoKnownFailedTests.RunModel(AutoKnownFailedTests.java:107)
	at sun.reflect.NativeMethodAccessorImpl.invoke0(Native Method)
	at sun.reflect.NativeMethodAccessorImpl.invoke(NativeMethodAccessorImpl.java:62)
	at sun.reflect.DelegatingMethodAccessorImpl.invoke(DelegatingMethodAccessorImpl.java:43)
	at java.lang.reflect.Method.invoke(Method.java:498)
	at org.junit.runners.model.FrameworkMethod$1.runReflectiveCall(FrameworkMethod.java:44)
	at org.junit.internal.runners.model.ReflectiveCallable.run(ReflectiveCallable.java:15)
	at org.junit.runners.model.FrameworkMethod.invokeExplosively(FrameworkMethod.java:41)
	at junitparams.internal.InvokeParameterisedMethod.evaluate(InvokeParameterisedMethod.java:102)
	at org.junit.internal.runners.statements.FailOnTimeout$1.run(FailOnTimeout.java:28)
Caused by: ptolemy.kernel.util.IllegalActionException: Test fails in iteration 1.
Value was: 1.0. Should have been: 2.0
  in .DirectFeedback.Test
	at ptolemy.actor.lib.Test.fire(Test.java:268)
	at ptolemy.domains.de.kernel.DEDirector._fire(DEDirector.java:1948)
	at ptolemy.domains.de.kernel.DEDirector.fire(DEDirector.java:502)
	at ptolemy.actor.CompositeActor.fire(CompositeActor.java:455)
	at ptolemy.actor.Manager.iterate(Manager.java:851)
	at ptolemy.actor.Manager.execute(Manager.java:369)
	at ptolemy.actor.Manager.run(Manager.java:1263)
	at ptolemy.actor.Manager$PtolemyRunThread.run(Manager.java:1915)
java.lang.RuntimeException: Execution failed
	at ptolemy.moml.MoMLSimpleApplication$UnloadThread.run(MoMLSimpleApplication.java:402)
Caused by: ptolemy.kernel.util.IllegalActionException: Found a zero delay loop containing .HierarchicalModel.A
  in .HierarchicalModel and .HierarchicalModel.A
	at ptolemy.actor.util.CausalityInterfaceForComposites._computeOutputPortDepth(CausalityInterfaceForComposites.java:759)
	at ptolemy.actor.util.CausalityInterfaceForComposites._computeInputDepth(CausalityInterfaceForComposites.java:696)
	at ptolemy.actor.util.CausalityInterfaceForComposites._computeOutputPortDepth(CausalityInterfaceForComposites.java:765)
	at ptolemy.actor.util.CausalityInterfaceForComposites._computeInputDepth(CausalityInterfaceForComposites.java:696)
	at ptolemy.actor.util.CausalityInterfaceForComposites._computeOutputPortDepth(CausalityInterfaceForComposites.java:765)
	at ptolemy.actor.util.CausalityInterfaceForComposites._computeInputDepth(CausalityInterfaceForComposites.java:696)
	at ptolemy.actor.util.CausalityInterfaceForComposites._computeActorDepth(CausalityInterfaceForComposites.java:532)
	at ptolemy.actor.util.CausalityInterfaceForComposites.checkForCycles(CausalityInterfaceForComposites.java:96)
	at ptolemy.domains.de.kernel.DEDirector.preinitialize(DEDirector.java:1337)
	at ptolemy.actor.CompositeActor.preinitialize(CompositeActor.java:1828)
	at ptolemy.actor.Manager.preinitializeAndResolveTypes(Manager.java:1040)
	at ptolemy.actor.Manager.initialize(Manager.java:710)
	at ptolemy.actor.Manager.execute(Manager.java:356)
	at ptolemy.actor.Manager.run(Manager.java:1263)
	at ptolemy.actor.Manager$PtolemyRunThread.run(Manager.java:1915)
java.lang.reflect.InvocationTargetException
	at sun.reflect.NativeConstructorAccessorImpl.newInstance0(Native Method)
	at sun.reflect.NativeConstructorAccessorImpl.newInstance(NativeConstructorAccessorImpl.java:62)
	at sun.reflect.DelegatingConstructorAccessorImpl.newInstance(DelegatingConstructorAccessorImpl.java:45)
	at java.lang.reflect.Constructor.newInstance(Constructor.java:423)
	at ptolemy.util.test.junit.AutoKnownFailedTests.RunModel(AutoKnownFailedTests.java:107)
	at sun.reflect.NativeMethodAccessorImpl.invoke0(Native Method)
	at sun.reflect.NativeMethodAccessorImpl.invoke(NativeMethodAccessorImpl.java:62)
	at sun.reflect.DelegatingMethodAccessorImpl.invoke(DelegatingMethodAccessorImpl.java:43)
	at java.lang.reflect.Method.invoke(Method.java:498)
	at org.junit.runners.model.FrameworkMethod$1.runReflectiveCall(FrameworkMethod.java:44)
	at org.junit.internal.runners.model.ReflectiveCallable.run(ReflectiveCallable.java:15)
	at org.junit.runners.model.FrameworkMethod.invokeExplosively(FrameworkMethod.java:41)
	at junitparams.internal.InvokeParameterisedMethod.evaluate(InvokeParameterisedMethod.java:102)
	at org.junit.internal.runners.statements.FailOnTimeout$1.run(FailOnTimeout.java:28)
Caused by: ptolemy.kernel.util.IllegalActionException: Found a zero delay loop containing .HierarchicalModel.A
  in .HierarchicalModel and .HierarchicalModel.A
	at ptolemy.actor.util.CausalityInterfaceForComposites._computeOutputPortDepth(CausalityInterfaceForComposites.java:759)
	at ptolemy.actor.util.CausalityInterfaceForComposites._computeInputDepth(CausalityInterfaceForComposites.java:696)
	at ptolemy.actor.util.CausalityInterfaceForComposites._computeOutputPortDepth(CausalityInterfaceForComposites.java:765)
	at ptolemy.actor.util.CausalityInterfaceForComposites._computeInputDepth(CausalityInterfaceForComposites.java:696)
	at ptolemy.actor.util.CausalityInterfaceForComposites._computeOutputPortDepth(CausalityInterfaceForComposites.java:765)
	at ptolemy.actor.util.CausalityInterfaceForComposites._computeInputDepth(CausalityInterfaceForComposites.java:696)
	at ptolemy.actor.util.CausalityInterfaceForComposites._computeActorDepth(CausalityInterfaceForComposites.java:532)
	at ptolemy.actor.util.CausalityInterfaceForComposites.checkForCycles(CausalityInterfaceForComposites.java:96)
	at ptolemy.domains.de.kernel.DEDirector.preinitialize(DEDirector.java:1337)
	at ptolemy.actor.CompositeActor.preinitialize(CompositeActor.java:1828)
	at ptolemy.actor.Manager.preinitializeAndResolveTypes(Manager.java:1040)
	at ptolemy.actor.Manager.initialize(Manager.java:710)
	at ptolemy.actor.Manager.execute(Manager.java:356)
	at ptolemy.actor.Manager.run(Manager.java:1263)
	at ptolemy.actor.Manager$PtolemyRunThread.run(Manager.java:1915)
java.lang.RuntimeException: Execution failed
	at ptolemy.moml.MoMLSimpleApplication$UnloadThread.run(MoMLSimpleApplication.java:402)
Caused by: ptolemy.kernel.util.IllegalActionException: Found a zero delay loop containing .dependencyLoop.original
  in .dependencyLoop and .dependencyLoop.original
	at ptolemy.actor.util.CausalityInterfaceForComposites._computeOutputPortDepth(CausalityInterfaceForComposites.java:759)
	at ptolemy.actor.util.CausalityInterfaceForComposites._computeInputDepth(CausalityInterfaceForComposites.java:696)
	at ptolemy.actor.util.CausalityInterfaceForComposites._computeOutputPortDepth(CausalityInterfaceForComposites.java:765)
	at ptolemy.actor.util.CausalityInterfaceForComposites._computeInputDepth(CausalityInterfaceForComposites.java:696)
	at ptolemy.actor.util.CausalityInterfaceForComposites._computeOutputPortDepth(CausalityInterfaceForComposites.java:765)
	at ptolemy.actor.util.CausalityInterfaceForComposites._computeInputDepth(CausalityInterfaceForComposites.java:696)
	at ptolemy.actor.util.CausalityInterfaceForComposites._computeActorDepth(CausalityInterfaceForComposites.java:532)
	at ptolemy.actor.util.CausalityInterfaceForComposites.checkForCycles(CausalityInterfaceForComposites.java:96)
	at ptolemy.domains.de.kernel.DEDirector.preinitialize(DEDirector.java:1337)
	at ptolemy.actor.CompositeActor.preinitialize(CompositeActor.java:1828)
	at ptolemy.actor.Manager.preinitializeAndResolveTypes(Manager.java:1040)
	at ptolemy.actor.Manager.initialize(Manager.java:710)
	at ptolemy.actor.Manager.execute(Manager.java:356)
	at ptolemy.actor.Manager.run(Manager.java:1263)
	at ptolemy.actor.Manager$PtolemyRunThread.run(Manager.java:1915)
java.lang.reflect.InvocationTargetException
	at sun.reflect.NativeConstructorAccessorImpl.newInstance0(Native Method)
	at sun.reflect.NativeConstructorAccessorImpl.newInstance(NativeConstructorAccessorImpl.java:62)
	at sun.reflect.DelegatingConstructorAccessorImpl.newInstance(DelegatingConstructorAccessorImpl.java:45)
	at java.lang.reflect.Constructor.newInstance(Constructor.java:423)
	at ptolemy.util.test.junit.AutoKnownFailedTests.RunModel(AutoKnownFailedTests.java:107)
	at sun.reflect.NativeMethodAccessorImpl.invoke0(Native Method)
	at sun.reflect.NativeMethodAccessorImpl.invoke(NativeMethodAccessorImpl.java:62)
	at sun.reflect.DelegatingMethodAccessorImpl.invoke(DelegatingMethodAccessorImpl.java:43)
	at java.lang.reflect.Method.invoke(Method.java:498)
	at org.junit.runners.model.FrameworkMethod$1.runReflectiveCall(FrameworkMethod.java:44)
	at org.junit.internal.runners.model.ReflectiveCallable.run(ReflectiveCallable.java:15)
	at org.junit.runners.model.FrameworkMethod.invokeExplosively(FrameworkMethod.java:41)
	at junitparams.internal.InvokeParameterisedMethod.evaluate(InvokeParameterisedMethod.java:102)
	at org.junit.internal.runners.statements.FailOnTimeout$1.run(FailOnTimeout.java:28)
Caused by: ptolemy.kernel.util.IllegalActionException: Found a zero delay loop containing .dependencyLoop.original
  in .dependencyLoop and .dependencyLoop.original
	at ptolemy.actor.util.CausalityInterfaceForComposites._computeOutputPortDepth(CausalityInterfaceForComposites.java:759)
	at ptolemy.actor.util.CausalityInterfaceForComposites._computeInputDepth(CausalityInterfaceForComposites.java:696)
	at ptolemy.actor.util.CausalityInterfaceForComposites._computeOutputPortDepth(CausalityInterfaceForComposites.java:765)
	at ptolemy.actor.util.CausalityInterfaceForComposites._computeInputDepth(CausalityInterfaceForComposites.java:696)
	at ptolemy.actor.util.CausalityInterfaceForComposites._computeOutputPortDepth(CausalityInterfaceForComposites.java:765)
	at ptolemy.actor.util.CausalityInterfaceForComposites._computeInputDepth(CausalityInterfaceForComposites.java:696)
	at ptolemy.actor.util.CausalityInterfaceForComposites._computeActorDepth(CausalityInterfaceForComposites.java:532)
	at ptolemy.actor.util.CausalityInterfaceForComposites.checkForCycles(CausalityInterfaceForComposites.java:96)
	at ptolemy.domains.de.kernel.DEDirector.preinitialize(DEDirector.java:1337)
	at ptolemy.actor.CompositeActor.preinitialize(CompositeActor.java:1828)
	at ptolemy.actor.Manager.preinitializeAndResolveTypes(Manager.java:1040)
	at ptolemy.actor.Manager.initialize(Manager.java:710)
	at ptolemy.actor.Manager.execute(Manager.java:356)
	at ptolemy.actor.Manager.run(Manager.java:1263)
	at ptolemy.actor.Manager$PtolemyRunThread.run(Manager.java:1915)
java.lang.RuntimeException: Execution failed
	at ptolemy.moml.MoMLSimpleApplication$UnloadThread.run(MoMLSimpleApplication.java:402)
Caused by: ptolemy.kernel.util.IllegalActionException: Found a zero delay loop containing .dependencyLoop2.original
  in .dependencyLoop2 and .dependencyLoop2.original
	at ptolemy.actor.util.CausalityInterfaceForComposites._computeOutputPortDepth(CausalityInterfaceForComposites.java:759)
	at ptolemy.actor.util.CausalityInterfaceForComposites._computeInputDepth(CausalityInterfaceForComposites.java:696)
	at ptolemy.actor.util.CausalityInterfaceForComposites._computeOutputPortDepth(CausalityInterfaceForComposites.java:765)
	at ptolemy.actor.util.CausalityInterfaceForComposites._computeInputDepth(CausalityInterfaceForComposites.java:696)
	at ptolemy.actor.util.CausalityInterfaceForComposites._computeOutputPortDepth(CausalityInterfaceForComposites.java:765)
	at ptolemy.actor.util.CausalityInterfaceForComposites._computeInputDepth(CausalityInterfaceForComposites.java:696)
	at ptolemy.actor.util.CausalityInterfaceForComposites._computeActorDepth(CausalityInterfaceForComposites.java:532)
	at ptolemy.actor.util.CausalityInterfaceForComposites.checkForCycles(CausalityInterfaceForComposites.java:96)
	at ptolemy.domains.de.kernel.DEDirector.preinitialize(DEDirector.java:1337)
	at ptolemy.actor.CompositeActor.preinitialize(CompositeActor.java:1828)
	at ptolemy.actor.Manager.preinitializeAndResolveTypes(Manager.java:1040)
	at ptolemy.actor.Manager.initialize(Manager.java:710)
	at ptolemy.actor.Manager.execute(Manager.java:356)
	at ptolemy.actor.Manager.run(Manager.java:1263)
	at ptolemy.actor.Manager$PtolemyRunThread.run(Manager.java:1915)
java.lang.reflect.InvocationTargetException
	at sun.reflect.NativeConstructorAccessorImpl.newInstance0(Native Method)
	at sun.reflect.NativeConstructorAccessorImpl.newInstance(NativeConstructorAccessorImpl.java:62)
	at sun.reflect.DelegatingConstructorAccessorImpl.newInstance(DelegatingConstructorAccessorImpl.java:45)
	at java.lang.reflect.Constructor.newInstance(Constructor.java:423)
	at ptolemy.util.test.junit.AutoKnownFailedTests.RunModel(AutoKnownFailedTests.java:107)
	at sun.reflect.NativeMethodAccessorImpl.invoke0(Native Method)
	at sun.reflect.NativeMethodAccessorImpl.invoke(NativeMethodAccessorImpl.java:62)
	at sun.reflect.DelegatingMethodAccessorImpl.invoke(DelegatingMethodAccessorImpl.java:43)
	at java.lang.reflect.Method.invoke(Method.java:498)
	at org.junit.runners.model.FrameworkMethod$1.runReflectiveCall(FrameworkMethod.java:44)
	at org.junit.internal.runners.model.ReflectiveCallable.run(ReflectiveCallable.java:15)
	at org.junit.runners.model.FrameworkMethod.invokeExplosively(FrameworkMethod.java:41)
	at junitparams.internal.InvokeParameterisedMethod.evaluate(InvokeParameterisedMethod.java:102)
	at org.junit.internal.runners.statements.FailOnTimeout$1.run(FailOnTimeout.java:28)
Caused by: ptolemy.kernel.util.IllegalActionException: Found a zero delay loop containing .dependencyLoop2.original
  in .dependencyLoop2 and .dependencyLoop2.original
	at ptolemy.actor.util.CausalityInterfaceForComposites._computeOutputPortDepth(CausalityInterfaceForComposites.java:759)
	at ptolemy.actor.util.CausalityInterfaceForComposites._computeInputDepth(CausalityInterfaceForComposites.java:696)
	at ptolemy.actor.util.CausalityInterfaceForComposites._computeOutputPortDepth(CausalityInterfaceForComposites.java:765)
	at ptolemy.actor.util.CausalityInterfaceForComposites._computeInputDepth(CausalityInterfaceForComposites.java:696)
	at ptolemy.actor.util.CausalityInterfaceForComposites._computeOutputPortDepth(CausalityInterfaceForComposites.java:765)
	at ptolemy.actor.util.CausalityInterfaceForComposites._computeInputDepth(CausalityInterfaceForComposites.java:696)
	at ptolemy.actor.util.CausalityInterfaceForComposites._computeActorDepth(CausalityInterfaceForComposites.java:532)
	at ptolemy.actor.util.CausalityInterfaceForComposites.checkForCycles(CausalityInterfaceForComposites.java:96)
	at ptolemy.domains.de.kernel.DEDirector.preinitialize(DEDirector.java:1337)
	at ptolemy.actor.CompositeActor.preinitialize(CompositeActor.java:1828)
	at ptolemy.actor.Manager.preinitializeAndResolveTypes(Manager.java:1040)
	at ptolemy.actor.Manager.initialize(Manager.java:710)
	at ptolemy.actor.Manager.execute(Manager.java:356)
	at ptolemy.actor.Manager.run(Manager.java:1263)
	at ptolemy.actor.Manager$PtolemyRunThread.run(Manager.java:1915)
]]></system-err>
</testsuite>
