<?xml version="1.0" encoding="UTF-8" ?>
<testsuite errors="0" failures="0" hostname="travis-job-19d85622-7ca9-4742-b438-dfd2d7517a70" name="ptolemy.domains.de.test.junit.JUnitTclTest" skipped="0" tests="101" time="124.218" timestamp="2018-04-26T03:37:42">
  <properties>
[...]
</properties>
  <testcase classname="ptolemy.util.test.junit.TclTests" name="[0] /home/travis/build/icyphy/ptII/ptolemy/domains/de/test/DependencyLoop.tcl (RunTclFile)" time="0.674" />
  <testcase classname="ptolemy.util.test.junit.TclTests" name="[1] /home/travis/build/icyphy/ptII/ptolemy/domains/de/test/RunDETestsAsQSS.tcl (RunTclFile)" time="85.252" />
  <testcase classname="ptolemy.util.test.junit.AutoKnownFailedTests" name="[0] /home/travis/build/icyphy/ptII/ptolemy/domains/de/test/auto/knownFailedTests/DESDFClockTest.xml (RunModel)" time="2.023" />
  <testcase classname="ptolemy.util.test.junit.AutoKnownFailedTests" name="[1] /home/travis/build/icyphy/ptII/ptolemy/domains/de/test/auto/knownFailedTests/DirectFeedback.xml (RunModel)" time="0.008" />
  <testcase classname="ptolemy.util.test.junit.AutoKnownFailedTests" name="[2] /home/travis/build/icyphy/ptII/ptolemy/domains/de/test/auto/knownFailedTests/FSMSource.xml (RunModel)" time="0.023" />
  <testcase classname="ptolemy.util.test.junit.AutoKnownFailedTests" name="[3] /home/travis/build/icyphy/ptII/ptolemy/domains/de/test/auto/knownFailedTests/HierarchicalModel.xml (RunModel)" time="0.028" />
  <testcase classname="ptolemy.util.test.junit.AutoKnownFailedTests" name="[4] /home/travis/build/icyphy/ptII/ptolemy/domains/de/test/auto/knownFailedTests/dependencyLoop.xml (RunModel)" time="0.027" />
  <testcase classname="ptolemy.util.test.junit.AutoKnownFailedTests" name="[5] /home/travis/build/icyphy/ptII/ptolemy/domains/de/test/auto/knownFailedTests/dependencyLoop2.xml (RunModel)" time="0.038" />
  <testcase classname="ptolemy.util.test.junit.AutoNameArchTests" name="[0] ThereAreNoAutoTests (RunModel)" time="0.001" />
  <testcase classname="ptolemy.util.test.junit.AutoTests" name="[0] /home/travis/build/icyphy/ptII/ptolemy/domains/de/test/auto/ActorDepthCalculation_actorWithoutPorts.xml (RunModel)" time="0.014" />
  <testcase classname="ptolemy.util.test.junit.AutoTests" name="[1] /home/travis/build/icyphy/ptII/ptolemy/domains/de/test/auto/AssemblyLine.xml (RunModel)" time="0.01" />
  <testcase classname="ptolemy.util.test.junit.AutoTests" name="[2] /home/travis/build/icyphy/ptII/ptolemy/domains/de/test/auto/CQBug1.xml (RunModel)" time="0.008" />
  <testcase classname="ptolemy.util.test.junit.AutoTests" name="[3] /home/travis/build/icyphy/ptII/ptolemy/domains/de/test/auto/CancelFireAt.xml (RunModel)" time="0.016" />
  <testcase classname="ptolemy.util.test.junit.AutoTests" name="[4] /home/travis/build/icyphy/ptII/ptolemy/domains/de/test/auto/CausalityAndComposabilityAnalysis.xml (RunModel)" time="0.021" />
  <testcase classname="ptolemy.util.test.junit.AutoTests" name="[5] /home/travis/build/icyphy/ptII/ptolemy/domains/de/test/auto/CausalityInterface1.xml (RunModel)" time="0.008" />
  <testcase classname="ptolemy.util.test.junit.AutoTests" name="[6] /home/travis/build/icyphy/ptII/ptolemy/domains/de/test/auto/CausalityInterface15.xml (RunModel)" time="0.009" />
  <testcase classname="ptolemy.util.test.junit.AutoTests" name="[7] /home/travis/build/icyphy/ptII/ptolemy/domains/de/test/auto/CausalityInterface2.xml (RunModel)" time="0.009" />
  <testcase classname="ptolemy.util.test.junit.AutoTests" name="[8] /home/travis/build/icyphy/ptII/ptolemy/domains/de/test/auto/CausalityInterface3.xml (RunModel)" time="0.01" />
  <testcase classname="ptolemy.util.test.junit.AutoTests" name="[9] /home/travis/build/icyphy/ptII/ptolemy/domains/de/test/auto/ClockDrift.xml (RunModel)" time="0.032" />
  <testcase classname="ptolemy.util.test.junit.AutoTests" name="[10] /home/travis/build/icyphy/ptII/ptolemy/domains/de/test/auto/ClockDriftAndValueChange.xml (RunModel)" time="0.022" />
  <testcase classname="ptolemy.util.test.junit.AutoTests" name="[11] /home/travis/build/icyphy/ptII/ptolemy/domains/de/test/auto/ClockDriftChange.xml (RunModel)" time="0.023" />
  <testcase classname="ptolemy.util.test.junit.AutoTests" name="[12] /home/travis/build/icyphy/ptII/ptolemy/domains/de/test/auto/ComposableCausalityAnalysis.xml (RunModel)" time="0.01" />
  <testcase classname="ptolemy.util.test.junit.AutoTests" name="[13] /home/travis/build/icyphy/ptII/ptolemy/domains/de/test/auto/DEFixedPointLimitation.xml (RunModel)" time="0.006" />
  <testcase classname="ptolemy.util.test.junit.AutoTests" name="[14] /home/travis/build/icyphy/ptII/ptolemy/domains/de/test/auto/DEScheduleTest.xml (RunModel)" time="0.007" />
  <testcase classname="ptolemy.util.test.junit.AutoTests" name="[15] /home/travis/build/icyphy/ptII/ptolemy/domains/de/test/auto/DEinDEwithStartTimes.xml (RunModel)" time="0.009" />
  <testcase classname="ptolemy.util.test.junit.AutoTests" name="[16] /home/travis/build/icyphy/ptII/ptolemy/domains/de/test/auto/DEinDEwithStartTimes2.xml (RunModel)" time="0.017" />
  <testcase classname="ptolemy.util.test.junit.AutoTests" name="[17] /home/travis/build/icyphy/ptII/ptolemy/domains/de/test/auto/DateDemo.xml (RunModel)" time="0.021" />
  <testcase classname="ptolemy.util.test.junit.AutoTests" name="[18] /home/travis/build/icyphy/ptII/ptolemy/domains/de/test/auto/DateToEvent.xml (RunModel)" time="2.029" />
  <testcase classname="ptolemy.util.test.junit.AutoTests" name="[19] /home/travis/build/icyphy/ptII/ptolemy/domains/de/test/auto/DepthTest1.xml (RunModel)" time="0.007" />
  <testcase classname="ptolemy.util.test.junit.AutoTests" name="[20] /home/travis/build/icyphy/ptII/ptolemy/domains/de/test/auto/DepthTest2.xml (RunModel)" time="0.015" />
  <testcase classname="ptolemy.util.test.junit.AutoTests" name="[21] /home/travis/build/icyphy/ptII/ptolemy/domains/de/test/auto/DepthTest3.xml (RunModel)" time="0.006" />
  <testcase classname="ptolemy.util.test.junit.AutoTests" name="[22] /home/travis/build/icyphy/ptII/ptolemy/domains/de/test/auto/DepthTest4.xml (RunModel)" time="0.01" />
  <testcase classname="ptolemy.util.test.junit.AutoTests" name="[23] /home/travis/build/icyphy/ptII/ptolemy/domains/de/test/auto/DepthTest5.xml (RunModel)" time="0.012" />
  <testcase classname="ptolemy.util.test.junit.AutoTests" name="[24] /home/travis/build/icyphy/ptII/ptolemy/domains/de/test/auto/DepthTest6.xml (RunModel)" time="0.011" />
  <testcase classname="ptolemy.util.test.junit.AutoTests" name="[25] /home/travis/build/icyphy/ptII/ptolemy/domains/de/test/auto/DepthTest7.xml (RunModel)" time="0.01" />
  <testcase classname="ptolemy.util.test.junit.AutoTests" name="[26] /home/travis/build/icyphy/ptII/ptolemy/domains/de/test/auto/EventToDate.xml (RunModel)" time="3.03" />
  <testcase classname="ptolemy.util.test.junit.AutoTests" name="[27] /home/travis/build/icyphy/ptII/ptolemy/domains/de/test/auto/FSM1.xml (RunModel)" time="0.027" />
  <testcase classname="ptolemy.util.test.junit.AutoTests" name="[28] /home/travis/build/icyphy/ptII/ptolemy/domains/de/test/auto/FSM7.xml (RunModel)" time="0.03" />
  <testcase classname="ptolemy.util.test.junit.AutoTests" name="[29] /home/travis/build/icyphy/ptII/ptolemy/domains/de/test/auto/Inspection.xml (RunModel)" time="0.045" />
  <testcase classname="ptolemy.util.test.junit.AutoTests" name="[30] /home/travis/build/icyphy/ptII/ptolemy/domains/de/test/auto/Iteration.xml (RunModel)" time="0.023" />
  <testcase classname="ptolemy.util.test.junit.AutoTests" name="[31] /home/travis/build/icyphy/ptII/ptolemy/domains/de/test/auto/LineFault.xml (RunModel)" time="0.522" />
  <testcase classname="ptolemy.util.test.junit.AutoTests" name="[32] /home/travis/build/icyphy/ptII/ptolemy/domains/de/test/auto/MergeModel1Add.xml (RunModel)" time="0.036" />
  <testcase classname="ptolemy.util.test.junit.AutoTests" name="[33] /home/travis/build/icyphy/ptII/ptolemy/domains/de/test/auto/MergeModel2Add.xml (RunModel)" time="0.031" />
  <testcase classname="ptolemy.util.test.junit.AutoTests" name="[34] /home/travis/build/icyphy/ptII/ptolemy/domains/de/test/auto/MergeModel3Add.xml (RunModel)" time="0.031" />
  <testcase classname="ptolemy.util.test.junit.AutoTests" name="[35] /home/travis/build/icyphy/ptII/ptolemy/domains/de/test/auto/MergeWithoutDiscard.xml (RunModel)" time="0.008" />
  <testcase classname="ptolemy.util.test.junit.AutoTests" name="[36] /home/travis/build/icyphy/ptII/ptolemy/domains/de/test/auto/Modal1.xml (RunModel)" time="0.03" />
  <testcase classname="ptolemy.util.test.junit.AutoTests" name="[37] /home/travis/build/icyphy/ptII/ptolemy/domains/de/test/auto/Modal2.xml (RunModel)" time="0.026" />
  <testcase classname="ptolemy.util.test.junit.AutoTests" name="[38] /home/travis/build/icyphy/ptII/ptolemy/domains/de/test/auto/Modal3.xml (RunModel)" time="0.027" />
  <testcase classname="ptolemy.util.test.junit.AutoTests" name="[39] /home/travis/build/icyphy/ptII/ptolemy/domains/de/test/auto/Modal4.xml (RunModel)" time="0.029" />
  <testcase classname="ptolemy.util.test.junit.AutoTests" name="[40] /home/travis/build/icyphy/ptII/ptolemy/domains/de/test/auto/Modal5.xml (RunModel)" time="0.026" />
  <testcase classname="ptolemy.util.test.junit.AutoTests" name="[41] /home/travis/build/icyphy/ptII/ptolemy/domains/de/test/auto/Modal6.xml (RunModel)" time="0.024" />
  <testcase classname="ptolemy.util.test.junit.AutoTests" name="[42] /home/travis/build/icyphy/ptII/ptolemy/domains/de/test/auto/Modal7.xml (RunModel)" time="0.025" />
  <testcase classname="ptolemy.util.test.junit.AutoTests" name="[43] /home/travis/build/icyphy/ptII/ptolemy/domains/de/test/auto/ModalModel.xml (RunModel)" time="0.143" />
  <testcase classname="ptolemy.util.test.junit.AutoTests" name="[44] /home/travis/build/icyphy/ptII/ptolemy/domains/de/test/auto/ModalSource.xml (RunModel)" time="0.016" />
  <testcase classname="ptolemy.util.test.junit.AutoTests" name="[45] /home/travis/build/icyphy/ptII/ptolemy/domains/de/test/auto/NonInterruptibleTimerZeroDelay.xml (RunModel)" time="0.008" />
  <testcase classname="ptolemy.util.test.junit.AutoTests" name="[46] /home/travis/build/icyphy/ptII/ptolemy/domains/de/test/auto/OpenQueueingNetwork.xml (RunModel)" time="2.042" />
  <testcase classname="ptolemy.util.test.junit.AutoTests" name="[47] /home/travis/build/icyphy/ptII/ptolemy/domains/de/test/auto/OpenQueuingNetwork.xml (RunModel)" time="0.254" />
  <testcase classname="ptolemy.util.test.junit.AutoTests" name="[48] /home/travis/build/icyphy/ptII/ptolemy/domains/de/test/auto/PeriodicSampler.xml (RunModel)" time="0.008" />
  <testcase classname="ptolemy.util.test.junit.AutoTests" name="[49] /home/travis/build/icyphy/ptII/ptolemy/domains/de/test/auto/PersistentIO.xml (RunModel)" time="0.016" />
  <testcase classname="ptolemy.util.test.junit.AutoTests" name="[50] /home/travis/build/icyphy/ptII/ptolemy/domains/de/test/auto/PortParameterResetOnInitialize.xml (RunModel)" time="0.012" />
  <testcase classname="ptolemy.util.test.junit.AutoTests" name="[51] /home/travis/build/icyphy/ptII/ptolemy/domains/de/test/auto/PortParameterUpdates.xml (RunModel)" time="0.015" />
  <testcase classname="ptolemy.util.test.junit.AutoTests" name="[52] /home/travis/build/icyphy/ptII/ptolemy/domains/de/test/auto/QueueAndServer.xml (RunModel)" time="0.017" />
  <testcase classname="ptolemy.util.test.junit.AutoTests" name="[53] /home/travis/build/icyphy/ptII/ptolemy/domains/de/test/auto/Records.xml (RunModel)" time="0.019" />
  <testcase classname="ptolemy.util.test.junit.AutoTests" name="[54] /home/travis/build/icyphy/ptII/ptolemy/domains/de/test/auto/ResetTransitionWithStartTime1.xml (RunModel)" time="0.018" />
  <testcase classname="ptolemy.util.test.junit.AutoTests" name="[55] /home/travis/build/icyphy/ptII/ptolemy/domains/de/test/auto/ResetTransitionWithStartTime2.xml (RunModel)" time="0.015" />
  <testcase classname="ptolemy.util.test.junit.AutoTests" name="[56] /home/travis/build/icyphy/ptII/ptolemy/domains/de/test/auto/ResetTransitionWithStartTime3.xml (RunModel)" time="0.016" />
  <testcase classname="ptolemy.util.test.junit.AutoTests" name="[57] /home/travis/build/icyphy/ptII/ptolemy/domains/de/test/auto/ResetTransitionWithStartTime4.xml (RunModel)" time="0.014" />
  <testcase classname="ptolemy.util.test.junit.AutoTests" name="[58] /home/travis/build/icyphy/ptII/ptolemy/domains/de/test/auto/ResettableTimer1.xml (RunModel)" time="0.008" />
  <testcase classname="ptolemy.util.test.junit.AutoTests" name="[59] /home/travis/build/icyphy/ptII/ptolemy/domains/de/test/auto/ResettableTimer2.xml (RunModel)" time="0.007" />
  <testcase classname="ptolemy.util.test.junit.AutoTests" name="[60] /home/travis/build/icyphy/ptII/ptolemy/domains/de/test/auto/ResettableTimer3.xml (RunModel)" time="0.008" />
  <testcase classname="ptolemy.util.test.junit.AutoTests" name="[61] /home/travis/build/icyphy/ptII/ptolemy/domains/de/test/auto/ResettableTimer4.xml (RunModel)" time="0.008" />
  <testcase classname="ptolemy.util.test.junit.AutoTests" name="[62] /home/travis/build/icyphy/ptII/ptolemy/domains/de/test/auto/ResettableTimer5.xml (RunModel)" time="0.007" />
  <testcase classname="ptolemy.util.test.junit.AutoTests" name="[63] /home/travis/build/icyphy/ptII/ptolemy/domains/de/test/auto/ResettableTimer6.xml (RunModel)" time="0.017" />
  <testcase classname="ptolemy.util.test.junit.AutoTests" name="[64] /home/travis/build/icyphy/ptII/ptolemy/domains/de/test/auto/ServerZeroDelay.xml (RunModel)" time="0.009" />
  <testcase classname="ptolemy.util.test.junit.AutoTests" name="[65] /home/travis/build/icyphy/ptII/ptolemy/domains/de/test/auto/SmartSender.xml (RunModel)" time="3.007" />
  <testcase classname="ptolemy.util.test.junit.AutoTests" name="[66] /home/travis/build/icyphy/ptII/ptolemy/domains/de/test/auto/ThreadedComposite.xml (RunModel)" time="0.161" />
  <testcase classname="ptolemy.util.test.junit.AutoTests" name="[67] /home/travis/build/icyphy/ptII/ptolemy/domains/de/test/auto/Time.xml (RunModel)" time="0.41" />
  <testcase classname="ptolemy.util.test.junit.AutoTests" name="[68] /home/travis/build/icyphy/ptII/ptolemy/domains/de/test/auto/TimeDelayZeroDelay.xml (RunModel)" time="0.011" />
  <testcase classname="ptolemy.util.test.junit.AutoTests" name="[69] /home/travis/build/icyphy/ptII/ptolemy/domains/de/test/auto/TimerZeroDelay.xml (RunModel)" time="0.01" />
  <testcase classname="ptolemy.util.test.junit.AutoTests" name="[70] /home/travis/build/icyphy/ptII/ptolemy/domains/de/test/auto/TimingParadox.xml (RunModel)" time="0.327" />
  <testcase classname="ptolemy.util.test.junit.AutoTests" name="[71] /home/travis/build/icyphy/ptII/ptolemy/domains/de/test/auto/TransferInputs.xml (RunModel)" time="0.014" />
  <testcase classname="ptolemy.util.test.junit.AutoTests" name="[72] /home/travis/build/icyphy/ptII/ptolemy/domains/de/test/auto/TransferOutputs2.xml (RunModel)" time="0.019" />
  <testcase classname="ptolemy.util.test.junit.AutoTests" name="[73] /home/travis/build/icyphy/ptII/ptolemy/domains/de/test/auto/Trilateration.xml (RunModel)" time="10.557" />
  <testcase classname="ptolemy.util.test.junit.AutoTests" name="[74] /home/travis/build/icyphy/ptII/ptolemy/domains/de/test/auto/TwoSigmaDelta.xml (RunModel)" time="2.15" />
  <testcase classname="ptolemy.util.test.junit.AutoTests" name="[75] /home/travis/build/icyphy/ptII/ptolemy/domains/de/test/auto/VariableDelay.xml (RunModel)" time="0.02" />
  <testcase classname="ptolemy.util.test.junit.AutoTests" name="[76] /home/travis/build/icyphy/ptII/ptolemy/domains/de/test/auto/VariableDelay2.xml (RunModel)" time="0.007" />
  <testcase classname="ptolemy.util.test.junit.AutoTests" name="[77] /home/travis/build/icyphy/ptII/ptolemy/domains/de/test/auto/VariableDelayZeroDelay.xml (RunModel)" time="0.008" />
  <testcase classname="ptolemy.util.test.junit.AutoTests" name="[78] /home/travis/build/icyphy/ptII/ptolemy/domains/de/test/auto/VariableDelayZeroDelay2.xml (RunModel)" time="0.008" />
  <testcase classname="ptolemy.util.test.junit.AutoTests" name="[79] /home/travis/build/icyphy/ptII/ptolemy/domains/de/test/auto/deInCt.xml (RunModel)" time="0.012" />
  <testcase classname="ptolemy.util.test.junit.AutoTests" name="[80] /home/travis/build/icyphy/ptII/ptolemy/domains/de/test/auto/deInCt2.xml (RunModel)" time="0.014" />
  <testcase classname="ptolemy.util.test.junit.AutoTests" name="[81] /home/travis/build/icyphy/ptII/ptolemy/domains/de/test/auto/dynamicCausalityInterface1.xml (RunModel)" time="0.015" />
  <testcase classname="ptolemy.util.test.junit.AutoTests" name="[82] /home/travis/build/icyphy/ptII/ptolemy/domains/de/test/auto/fsm_de_test.xml (RunModel)" time="0.022" />
  <testcase classname="ptolemy.util.test.junit.AutoTests" name="[83] /home/travis/build/icyphy/ptII/ptolemy/domains/de/test/auto/functionDependencyReconstruction.xml (RunModel)" time="0.029" />
  <testcase classname="ptolemy.util.test.junit.AutoTests" name="[84] /home/travis/build/icyphy/ptII/ptolemy/domains/de/test/auto/multirate.xml (RunModel)" time="0.014" />
  <testcase classname="ptolemy.util.test.junit.AutoTests" name="[85] /home/travis/build/icyphy/ptII/ptolemy/domains/de/test/auto/multirate2.xml (RunModel)" time="0.012" />
  <testcase classname="ptolemy.util.test.junit.AutoTests" name="[86] /home/travis/build/icyphy/ptII/ptolemy/domains/de/test/auto/realtime.xml (RunModel)" time="10.012" />
  <testcase classname="ptolemy.util.test.junit.AutoTests" name="[87] /home/travis/build/icyphy/ptII/ptolemy/domains/de/test/auto/relationGroup.xml (RunModel)" time="0.005" />
  <testcase classname="ptolemy.util.test.junit.AutoTests" name="[88] /home/travis/build/icyphy/ptII/ptolemy/domains/de/test/auto/relationGroup2.xml (RunModel)" time="0.011" />
  <testcase classname="ptolemy.util.test.junit.AutoTests" name="[89] /home/travis/build/icyphy/ptII/ptolemy/domains/de/test/auto/sortWithOpaquePorts.xml (RunModel)" time="0.01" />
  <testcase classname="ptolemy.util.test.junit.AutoTests" name="[90] /home/travis/build/icyphy/ptII/ptolemy/domains/de/test/auto/transferInputsandOutputs.xml (RunModel)" time="0.023" />
  <testcase classname="ptolemy.util.test.junit.AutoTests" name="[91] /home/travis/build/icyphy/ptII/ptolemy/domains/de/test/auto/triggerType.xml (RunModel)" time="0.007" />
  <system-out><![CDATA[/home/travis/build/icyphy/ptII/ptolemy/domains/de/test/DependencyLoop.tcl
testDefs.tcl: setting time out to 9000 seconds at Thu Apr 26 03:37:42 UTC 2018
22 ms. Memory: 116224K Free: 95105K (82%)
6 ms. Memory: 146944K Free: 137467K (94%)
/home/travis/build/icyphy/ptII/ptolemy/domains/de/test/RunDETestsAsQSS.tcl
Run the DE tests using ptolemy.domains.qss.test.QSSDirectorTest, which extends QSSDirector and prints a message in the constructors.
------------------ testing $PTII/ptolemy/domains/de/test/auto/knownFailedTests/dependencyLoop.xml (Known Failure) 
6 ms. Memory: 146944K Free: 133192K (91%)


==== $PTIIhome/travis/build/icyphy/ptII/ptolemy/domains/de/test/../../../../: Auto Automatic test in file $PTII/ptolemy/domains/de/test/auto/knownFailedTests/dependencyLoop.xml
==== Contents of test case:

	    # FIXME: we should use $relativeFilename here, but it
	    # might have backslashes under Windows, which causes no end
	    # of trouble.
	    createAndExecute $file
	    list {}
	
.... Test generated KNOWN error:
    while executing
ptolemy.kernel.util.IllegalActionException: Found a zero delay loop containing .dependencyLoop.original
  in .dependencyLoop and .dependencyLoop.original
	at ptolemy.actor.util.CausalityInterfaceForComposites._computeOutputPortDepth(CausalityInterfaceForComposites.java:759)
	at ptolemy.actor.util.CausalityInterfaceForComposites._computeInputDepth(CausalityInterfaceForComposites.java:696)
	at ptolemy.actor.util.CausalityInterfaceForComposites._computeOutputPortDepth(CausalityInterfaceForComposites.java:765)
	at ptolemy.actor.util.CausalityInterfaceForComposites._computeInputDepth(CausalityInterfaceForComposites.java:696)
	at ptolemy.actor.util.CausalityInterfaceForComposites._computeOutputPortDepth(CausalityInterfaceForComposites.java:765)
	at ptolemy.actor.util.CausalityInterfaceForComposites._computeInputDepth(CausalityInterfaceForComposites.java:696)
	at ptolemy.actor.util.CausalityInterfaceForComposites._computeActorDepth(CausalityInterfaceForComposites.java:532)
	at ptolemy.actor.util.CausalityInterfaceForComposites.checkForCycles(CausalityInterfaceForComposites.java:96)
	at ptolemy.domains.de.kernel.DEDirector.preinitialize(DEDirector.java:1337)
	at ptolemy.actor.CompositeActor.preinitialize(CompositeActor.java:1828)
	at ptolemy.actor.Manager.preinitializeAndResolveTypes(Manager.java:1040)
	at ptolemy.actor.Manager.initialize(Manager.java:710)
	at ptolemy.actor.Manager.execute(Manager.java:356)
	at ptolemy.actor.Manager.run(Manager.java:1263)
	at ptolemy.actor.Manager$PtolemyRunThread.run(Manager.java:1915)

    while executing
ptolemy.kernel.util.IllegalActionException: Found a zero delay loop containing .dependencyLoop.original
  in .dependencyLoop and .dependencyLoop.original
    while executing
"java::new ptolemy.moml.MoMLSimpleApplication $file
"
    (procedure "createAndExecute" line 2)
    invoked from within
"createAndExecute $file"
    ("uplevel" body line 5)
    invoked from within
"uplevel $contents_of_test"
------------------ testing $PTII/ptolemy/domains/de/test/auto/knownFailedTests/DESDFClockTest.xml (Known Failure) 
2065 ms. Memory: 146944K Free: 117756K (80%)


==== $PTIIhome/travis/build/icyphy/ptII/ptolemy/domains/de/test/../../../../: Auto Automatic test in file $PTII/ptolemy/domains/de/test/auto/knownFailedTests/DESDFClockTest.xml
==== Contents of test case:

	    # FIXME: we should use $relativeFilename here, but it
	    # might have backslashes under Windows, which causes no end
	    # of trouble.
	    createAndExecute $file
	    list {}
	
.... Test generated KNOWN error:
    while executing
ptolemy.kernel.util.IllegalActionException: Actor is not ready to fire.  Perhaps UpSample.prefire() returned false? Try debugging the actor by selecting "Listen to Actor".  Also, for SDF check moml for tokenConsumptionRate on input.
  in .DESDFClockTest.Play Bell.Copy1:SDF Director and .DESDFClockTest.Play Bell.UpSample
	at ptolemy.actor.sched.StaticSchedulingDirector.fire(StaticSchedulingDirector.java:227)
	at ptolemy.domains.sdf.kernel.SDFDirector.fire(SDFDirector.java:500)
	at ptolemy.actor.CompositeActor.fire(CompositeActor.java:455)
	at ptolemy.domains.de.kernel.DEDirector._fire(DEDirector.java:1948)
	at ptolemy.domains.de.kernel.DEDirector.fire(DEDirector.java:502)
	at ptolemy.actor.CompositeActor.fire(CompositeActor.java:455)
	at ptolemy.actor.Manager.iterate(Manager.java:851)
	at ptolemy.actor.Manager.execute(Manager.java:369)
	at ptolemy.actor.Manager.run(Manager.java:1263)
	at ptolemy.actor.Manager$PtolemyRunThread.run(Manager.java:1915)

    while executing
ptolemy.kernel.util.IllegalActionException: Actor is not ready to fire.  Perhaps UpSample.prefire() returned false? Try debugging the actor by selecting "Listen to Actor".  Also, for SDF check moml for tokenConsumptionRate on input.
  in .DESDFClockTest.Play Bell.Copy1:SDF Director and .DESDFClockTest.Play Bell.UpSample
    while executing
"java::new ptolemy.moml.MoMLSimpleApplication $file
"
    (procedure "createAndExecute" line 2)
    invoked from within
"createAndExecute $file"
    ("uplevel" body line 5)
    invoked from within
"uplevel $contents_of_test"
------------------ testing $PTII/ptolemy/domains/de/test/auto/knownFailedTests/FSMSource.xml (Known Failure) 
50 ms. Memory: 146944K Free: 108758K (74%)
!!!! Auto was marked as failing, but now passes
------------------ testing $PTII/ptolemy/domains/de/test/auto/knownFailedTests/dependencyLoop2.xml (Known Failure) 
11 ms. Memory: 146944K Free: 106875K (73%)


==== $PTIIhome/travis/build/icyphy/ptII/ptolemy/domains/de/test/../../../../: Auto Automatic test in file $PTII/ptolemy/domains/de/test/auto/knownFailedTests/dependencyLoop2.xml
==== Contents of test case:

	    # FIXME: we should use $relativeFilename here, but it
	    # might have backslashes under Windows, which causes no end
	    # of trouble.
	    createAndExecute $file
	    list {}
	
.... Test generated KNOWN error:
    while executing
ptolemy.kernel.util.IllegalActionException: Found a zero delay loop containing .dependencyLoop2.original
  in .dependencyLoop2 and .dependencyLoop2.original
	at ptolemy.actor.util.CausalityInterfaceForComposites._computeOutputPortDepth(CausalityInterfaceForComposites.java:759)
	at ptolemy.actor.util.CausalityInterfaceForComposites._computeInputDepth(CausalityInterfaceForComposites.java:696)
	at ptolemy.actor.util.CausalityInterfaceForComposites._computeOutputPortDepth(CausalityInterfaceForComposites.java:765)
	at ptolemy.actor.util.CausalityInterfaceForComposites._computeInputDepth(CausalityInterfaceForComposites.java:696)
	at ptolemy.actor.util.CausalityInterfaceForComposites._computeOutputPortDepth(CausalityInterfaceForComposites.java:765)
	at ptolemy.actor.util.CausalityInterfaceForComposites._computeInputDepth(CausalityInterfaceForComposites.java:696)
	at ptolemy.actor.util.CausalityInterfaceForComposites._computeActorDepth(CausalityInterfaceForComposites.java:532)
	at ptolemy.actor.util.CausalityInterfaceForComposites.checkForCycles(CausalityInterfaceForComposites.java:96)
	at ptolemy.domains.de.kernel.DEDirector.preinitialize(DEDirector.java:1337)
	at ptolemy.actor.CompositeActor.preinitialize(CompositeActor.java:1828)
	at ptolemy.actor.Manager.preinitializeAndResolveTypes(Manager.java:1040)
	at ptolemy.actor.Manager.initialize(Manager.java:710)
	at ptolemy.actor.Manager.execute(Manager.java:356)
	at ptolemy.actor.Manager.run(Manager.java:1263)
	at ptolemy.actor.Manager$PtolemyRunThread.run(Manager.java:1915)

    while executing
ptolemy.kernel.util.IllegalActionException: Found a zero delay loop containing .dependencyLoop2.original
  in .dependencyLoop2 and .dependencyLoop2.original
    while executing
"java::new ptolemy.moml.MoMLSimpleApplication $file
"
    (procedure "createAndExecute" line 2)
    invoked from within
"createAndExecute $file"
    ("uplevel" body line 5)
    invoked from within
"uplevel $contents_of_test"
------------------ testing $PTII/ptolemy/domains/de/test/auto/knownFailedTests/HierarchicalModel.xml (Known Failure) 
5 ms. Memory: 146944K Free: 86347K (59%)


==== $PTIIhome/travis/build/icyphy/ptII/ptolemy/domains/de/test/../../../../: Auto Automatic test in file $PTII/ptolemy/domains/de/test/auto/knownFailedTests/HierarchicalModel.xml
==== Contents of test case:

	    # FIXME: we should use $relativeFilename here, but it
	    # might have backslashes under Windows, which causes no end
	    # of trouble.
	    createAndExecute $file
	    list {}
	
.... Test generated KNOWN error:
    while executing
ptolemy.kernel.util.IllegalActionException: Found a zero delay loop containing .HierarchicalModel.A
  in .HierarchicalModel and .HierarchicalModel.A
	at ptolemy.actor.util.CausalityInterfaceForComposites._computeOutputPortDepth(CausalityInterfaceForComposites.java:759)
	at ptolemy.actor.util.CausalityInterfaceForComposites._computeInputDepth(CausalityInterfaceForComposites.java:696)
	at ptolemy.actor.util.CausalityInterfaceForComposites._computeOutputPortDepth(CausalityInterfaceForComposites.java:765)
	at ptolemy.actor.util.CausalityInterfaceForComposites._computeInputDepth(CausalityInterfaceForComposites.java:696)
	at ptolemy.actor.util.CausalityInterfaceForComposites._computeOutputPortDepth(CausalityInterfaceForComposites.java:765)
	at ptolemy.actor.util.CausalityInterfaceForComposites._computeInputDepth(CausalityInterfaceForComposites.java:696)
	at ptolemy.actor.util.CausalityInterfaceForComposites._computeActorDepth(CausalityInterfaceForComposites.java:532)
	at ptolemy.actor.util.CausalityInterfaceForComposites.checkForCycles(CausalityInterfaceForComposites.java:96)
	at ptolemy.domains.de.kernel.DEDirector.preinitialize(DEDirector.java:1337)
	at ptolemy.actor.CompositeActor.preinitialize(CompositeActor.java:1828)
	at ptolemy.actor.Manager.preinitializeAndResolveTypes(Manager.java:1040)
	at ptolemy.actor.Manager.initialize(Manager.java:710)
	at ptolemy.actor.Manager.execute(Manager.java:356)
	at ptolemy.actor.Manager.run(Manager.java:1263)
	at ptolemy.actor.Manager$PtolemyRunThread.run(Manager.java:1915)

    while executing
ptolemy.kernel.util.IllegalActionException: Found a zero delay loop containing .HierarchicalModel.A
  in .HierarchicalModel and .HierarchicalModel.A
    while executing
"java::new ptolemy.moml.MoMLSimpleApplication $file
"
    (procedure "createAndExecute" line 2)
    invoked from within
"createAndExecute $file"
    ("uplevel" body line 5)
    invoked from within
"uplevel $contents_of_test"
------------------ testing $PTII/ptolemy/domains/de/test/auto/knownFailedTests/DirectFeedback.xml (Known Failure) 
14 ms. Memory: 146944K Free: 142537K (97%)


==== $PTIIhome/travis/build/icyphy/ptII/ptolemy/domains/de/test/../../../../: Auto Automatic test in file $PTII/ptolemy/domains/de/test/auto/knownFailedTests/DirectFeedback.xml
==== Contents of test case:

	    # FIXME: we should use $relativeFilename here, but it
	    # might have backslashes under Windows, which causes no end
	    # of trouble.
	    createAndExecute $file
	    list {}
	
.... Test generated KNOWN error:
    while executing
ptolemy.kernel.util.IllegalActionException: Test fails in iteration 1.
Value was: 1.0. Should have been: 2.0
  in .DirectFeedback.Test
	at ptolemy.actor.lib.Test.fire(Test.java:268)
	at ptolemy.domains.de.kernel.DEDirector._fire(DEDirector.java:1948)
	at ptolemy.domains.de.kernel.DEDirector.fire(DEDirector.java:502)
	at ptolemy.actor.CompositeActor.fire(CompositeActor.java:455)
	at ptolemy.actor.Manager.iterate(Manager.java:851)
	at ptolemy.actor.Manager.execute(Manager.java:369)
	at ptolemy.actor.Manager.run(Manager.java:1263)
	at ptolemy.actor.Manager$PtolemyRunThread.run(Manager.java:1915)

    while executing
ptolemy.kernel.util.IllegalActionException: Test fails in iteration 1.
Value was: 1.0. Should have been: 2.0
  in .DirectFeedback.Test
    while executing
"java::new ptolemy.moml.MoMLSimpleApplication $file
"
    (procedure "createAndExecute" line 2)
    invoked from within
"createAndExecute $file"
    ("uplevel" body line 5)
    invoked from within
"uplevel $contents_of_test"
------------------ testing $PTII/ptolemy/domains/de/test/auto/ActorDepthCalculation_actorWithoutPorts.xml
auto.tcl: Setting watchdog for 200 seconds at Thu Apr 26 03:37:45 UTC 2018
3 ms. Memory: 146944K Free: 133559K (91%)
ptolemy.util.test.WatchDog.cancel(): canceling Thu Apr 26 03:37:45 UTC 2018
auto.tcl: Setting watchdog for 200 seconds at Thu Apr 26 03:37:45 UTC 2018
4 ms. Memory: 146944K Free: 132518K (90%)
ptolemy.util.test.WatchDog.cancel(): canceling Thu Apr 26 03:37:45 UTC 2018
------------------ testing $PTII/ptolemy/domains/de/test/auto/AssemblyLine.xml
auto.tcl: Setting watchdog for 200 seconds at Thu Apr 26 03:37:45 UTC 2018
7 ms. Memory: 208384K Free: 182828K (88%)
ptolemy.util.test.WatchDog.cancel(): canceling Thu Apr 26 03:37:45 UTC 2018
auto.tcl: Setting watchdog for 200 seconds at Thu Apr 26 03:37:45 UTC 2018
6 ms. Memory: 208384K Free: 182828K (88%)
ptolemy.util.test.WatchDog.cancel(): canceling Thu Apr 26 03:37:45 UTC 2018
------------------ testing $PTII/ptolemy/domains/de/test/auto/CQBug1.xml
auto.tcl: Setting watchdog for 200 seconds at Thu Apr 26 03:37:46 UTC 2018
5 ms. Memory: 208384K Free: 197717K (95%)
ptolemy.util.test.WatchDog.cancel(): canceling Thu Apr 26 03:37:46 UTC 2018
auto.tcl: Setting watchdog for 200 seconds at Thu Apr 26 03:37:46 UTC 2018
2 ms. Memory: 208384K Free: 197717K (95%)
ptolemy.util.test.WatchDog.cancel(): canceling Thu Apr 26 03:37:46 UTC 2018
------------------ testing $PTII/ptolemy/domains/de/test/auto/CancelFireAt.xml
auto.tcl: Setting watchdog for 200 seconds at Thu Apr 26 03:37:46 UTC 2018
4 ms. Memory: 208384K Free: 201442K (97%)
ptolemy.util.test.WatchDog.cancel(): canceling Thu Apr 26 03:37:46 UTC 2018
auto.tcl: Setting watchdog for 200 seconds at Thu Apr 26 03:37:46 UTC 2018
3 ms. Memory: 208384K Free: 199333K (96%)
ptolemy.util.test.WatchDog.cancel(): canceling Thu Apr 26 03:37:46 UTC 2018
------------------ testing $PTII/ptolemy/domains/de/test/auto/CausalityAndComposabilityAnalysis.xml
auto.tcl: Setting watchdog for 200 seconds at Thu Apr 26 03:37:46 UTC 2018
17 ms. Memory: 208384K Free: 196485K (94%)
ptolemy.util.test.WatchDog.cancel(): canceling Thu Apr 26 03:37:46 UTC 2018
auto.tcl: Setting watchdog for 200 seconds at Thu Apr 26 03:37:46 UTC 2018
6 ms. Memory: 208384K Free: 196485K (94%)
ptolemy.util.test.WatchDog.cancel(): canceling Thu Apr 26 03:37:46 UTC 2018
------------------ testing $PTII/ptolemy/domains/de/test/auto/CausalityInterface1.xml
auto.tcl: Setting watchdog for 200 seconds at Thu Apr 26 03:37:46 UTC 2018
22 ms. Memory: 208384K Free: 196421K (94%)
ptolemy.util.test.WatchDog.cancel(): canceling Thu Apr 26 03:37:46 UTC 2018
auto.tcl: Setting watchdog for 200 seconds at Thu Apr 26 03:37:46 UTC 2018
11 ms. Memory: 208384K Free: 196421K (94%)
ptolemy.util.test.WatchDog.cancel(): canceling Thu Apr 26 03:37:46 UTC 2018
------------------ testing $PTII/ptolemy/domains/de/test/auto/CausalityInterface15.xml
auto.tcl: Setting watchdog for 200 seconds at Thu Apr 26 03:37:46 UTC 2018
9 ms. Memory: 208384K Free: 196412K (94%)
ptolemy.util.test.WatchDog.cancel(): canceling Thu Apr 26 03:37:46 UTC 2018
auto.tcl: Setting watchdog for 200 seconds at Thu Apr 26 03:37:46 UTC 2018
8 ms. Memory: 208384K Free: 196412K (94%)
ptolemy.util.test.WatchDog.cancel(): canceling Thu Apr 26 03:37:46 UTC 2018
------------------ testing $PTII/ptolemy/domains/de/test/auto/CausalityInterface2.xml
auto.tcl: Setting watchdog for 200 seconds at Thu Apr 26 03:37:46 UTC 2018
8 ms. Memory: 208384K Free: 196732K (94%)
ptolemy.util.test.WatchDog.cancel(): canceling Thu Apr 26 03:37:46 UTC 2018
auto.tcl: Setting watchdog for 200 seconds at Thu Apr 26 03:37:46 UTC 2018
3 ms. Memory: 208384K Free: 196732K (94%)
ptolemy.util.test.WatchDog.cancel(): canceling Thu Apr 26 03:37:46 UTC 2018
------------------ testing $PTII/ptolemy/domains/de/test/auto/CausalityInterface3.xml
auto.tcl: Setting watchdog for 200 seconds at Thu Apr 26 03:37:46 UTC 2018
10 ms. Memory: 208384K Free: 196407K (94%)
ptolemy.util.test.WatchDog.cancel(): canceling Thu Apr 26 03:37:46 UTC 2018
auto.tcl: Setting watchdog for 200 seconds at Thu Apr 26 03:37:46 UTC 2018
3 ms. Memory: 208384K Free: 196407K (94%)
ptolemy.util.test.WatchDog.cancel(): canceling Thu Apr 26 03:37:46 UTC 2018
------------------ testing $PTII/ptolemy/domains/de/test/auto/ClockDrift.xml
auto.tcl: Setting watchdog for 200 seconds at Thu Apr 26 03:37:46 UTC 2018
100 ms. Memory: 208384K Free: 187613K (90%)
ptolemy.util.test.WatchDog.cancel(): canceling Thu Apr 26 03:37:46 UTC 2018
auto.tcl: Setting watchdog for 200 seconds at Thu Apr 26 03:37:46 UTC 2018
46 ms. Memory: 208384K Free: 185504K (89%)
ptolemy.util.test.WatchDog.cancel(): canceling Thu Apr 26 03:37:47 UTC 2018
------------------ testing $PTII/ptolemy/domains/de/test/auto/ClockDriftAndValueChange.xml
auto.tcl: Setting watchdog for 200 seconds at Thu Apr 26 03:37:47 UTC 2018
45 ms. Memory: 208384K Free: 187446K (90%)
ptolemy.util.test.WatchDog.cancel(): canceling Thu Apr 26 03:37:47 UTC 2018
auto.tcl: Setting watchdog for 200 seconds at Thu Apr 26 03:37:47 UTC 2018
38 ms. Memory: 208384K Free: 185338K (89%)
ptolemy.util.test.WatchDog.cancel(): canceling Thu Apr 26 03:37:47 UTC 2018
------------------ testing $PTII/ptolemy/domains/de/test/auto/ClockDriftChange.xml
auto.tcl: Setting watchdog for 200 seconds at Thu Apr 26 03:37:47 UTC 2018
26 ms. Memory: 208384K Free: 190775K (92%)
ptolemy.util.test.WatchDog.cancel(): canceling Thu Apr 26 03:37:47 UTC 2018
auto.tcl: Setting watchdog for 200 seconds at Thu Apr 26 03:37:47 UTC 2018
33 ms. Memory: 208384K Free: 188666K (91%)
ptolemy.util.test.WatchDog.cancel(): canceling Thu Apr 26 03:37:47 UTC 2018
------------------ testing $PTII/ptolemy/domains/de/test/auto/ComposableCausalityAnalysis.xml
auto.tcl: Setting watchdog for 200 seconds at Thu Apr 26 03:37:47 UTC 2018
2 ms. Memory: 208384K Free: 196253K (94%)
ptolemy.util.test.WatchDog.cancel(): canceling Thu Apr 26 03:37:47 UTC 2018
auto.tcl: Setting watchdog for 200 seconds at Thu Apr 26 03:37:47 UTC 2018
1 ms. Memory: 208384K Free: 194145K (93%)
ptolemy.util.test.WatchDog.cancel(): canceling Thu Apr 26 03:37:47 UTC 2018
------------------ testing $PTII/ptolemy/domains/de/test/auto/DEFixedPointLimitation.xml
auto.tcl: Setting watchdog for 200 seconds at Thu Apr 26 03:37:47 UTC 2018
3 ms. Memory: 208384K Free: 196334K (94%)
ptolemy.util.test.WatchDog.cancel(): canceling Thu Apr 26 03:37:47 UTC 2018
auto.tcl: Setting watchdog for 200 seconds at Thu Apr 26 03:37:47 UTC 2018
2 ms. Memory: 208384K Free: 196334K (94%)
ptolemy.util.test.WatchDog.cancel(): canceling Thu Apr 26 03:37:47 UTC 2018
------------------ testing $PTII/ptolemy/domains/de/test/auto/DEScheduleTest.xml
auto.tcl: Setting watchdog for 200 seconds at Thu Apr 26 03:37:47 UTC 2018
3 ms. Memory: 208384K Free: 198476K (95%)
ptolemy.util.test.WatchDog.cancel(): canceling Thu Apr 26 03:37:47 UTC 2018
auto.tcl: Setting watchdog for 200 seconds at Thu Apr 26 03:37:47 UTC 2018
4 ms. Memory: 208384K Free: 196368K (94%)
ptolemy.util.test.WatchDog.cancel(): canceling Thu Apr 26 03:37:47 UTC 2018
------------------ testing $PTII/ptolemy/domains/de/test/auto/DEinDEwithStartTimes.xml
auto.tcl: Setting watchdog for 200 seconds at Thu Apr 26 03:37:47 UTC 2018
3 ms. Memory: 208384K Free: 196338K (94%)
ptolemy.util.test.WatchDog.cancel(): canceling Thu Apr 26 03:37:47 UTC 2018
auto.tcl: Setting watchdog for 200 seconds at Thu Apr 26 03:37:47 UTC 2018
4 ms. Memory: 208384K Free: 194230K (93%)
ptolemy.util.test.WatchDog.cancel(): canceling Thu Apr 26 03:37:47 UTC 2018
------------------ testing $PTII/ptolemy/domains/de/test/auto/DEinDEwithStartTimes2.xml
auto.tcl: Setting watchdog for 200 seconds at Thu Apr 26 03:37:47 UTC 2018
7 ms. Memory: 208384K Free: 196656K (94%)
ptolemy.util.test.WatchDog.cancel(): canceling Thu Apr 26 03:37:47 UTC 2018
auto.tcl: Setting watchdog for 200 seconds at Thu Apr 26 03:37:47 UTC 2018
3 ms. Memory: 208384K Free: 194210K (93%)
ptolemy.util.test.WatchDog.cancel(): canceling Thu Apr 26 03:37:47 UTC 2018
------------------ testing $PTII/ptolemy/domains/de/test/auto/DateDemo.xml
auto.tcl: Setting watchdog for 200 seconds at Thu Apr 26 03:37:47 UTC 2018
13 ms. Memory: 208384K Free: 188722K (91%)
ptolemy.util.test.WatchDog.cancel(): canceling Thu Apr 26 03:37:47 UTC 2018
auto.tcl: Setting watchdog for 200 seconds at Thu Apr 26 03:37:47 UTC 2018
7 ms. Memory: 208384K Free: 186614K (90%)
ptolemy.util.test.WatchDog.cancel(): canceling Thu Apr 26 03:37:47 UTC 2018
------------------ testing $PTII/ptolemy/domains/de/test/auto/DateToEvent.xml
auto.tcl: Setting watchdog for 200 seconds at Thu Apr 26 03:37:47 UTC 2018
2021 ms. Memory: 208384K Free: 183431K (88%)
ptolemy.util.test.WatchDog.cancel(): canceling Thu Apr 26 03:37:50 UTC 2018
auto.tcl: Setting watchdog for 200 seconds at Thu Apr 26 03:37:50 UTC 2018
2006 ms. Memory: 208384K Free: 180974K (87%)
ptolemy.util.test.WatchDog.cancel(): canceling Thu Apr 26 03:37:52 UTC 2018
------------------ testing $PTII/ptolemy/domains/de/test/auto/DepthTest1.xml
auto.tcl: Setting watchdog for 200 seconds at Thu Apr 26 03:37:52 UTC 2018
6 ms. Memory: 208384K Free: 198006K (95%)
ptolemy.util.test.WatchDog.cancel(): canceling Thu Apr 26 03:37:52 UTC 2018
auto.tcl: Setting watchdog for 200 seconds at Thu Apr 26 03:37:52 UTC 2018
1 ms. Memory: 208384K Free: 198006K (95%)
ptolemy.util.test.WatchDog.cancel(): canceling Thu Apr 26 03:37:52 UTC 2018
------------------ testing $PTII/ptolemy/domains/de/test/auto/DepthTest2.xml
auto.tcl: Setting watchdog for 200 seconds at Thu Apr 26 03:37:52 UTC 2018
3 ms. Memory: 208384K Free: 194190K (93%)
ptolemy.util.test.WatchDog.cancel(): canceling Thu Apr 26 03:37:52 UTC 2018
auto.tcl: Setting watchdog for 200 seconds at Thu Apr 26 03:37:52 UTC 2018
5 ms. Memory: 208384K Free: 194190K (93%)
ptolemy.util.test.WatchDog.cancel(): canceling Thu Apr 26 03:37:52 UTC 2018
------------------ testing $PTII/ptolemy/domains/de/test/auto/DepthTest3.xml
auto.tcl: Setting watchdog for 200 seconds at Thu Apr 26 03:37:52 UTC 2018
2 ms. Memory: 208384K Free: 198340K (95%)
ptolemy.util.test.WatchDog.cancel(): canceling Thu Apr 26 03:37:52 UTC 2018
auto.tcl: Setting watchdog for 200 seconds at Thu Apr 26 03:37:52 UTC 2018
6 ms. Memory: 208384K Free: 198340K (95%)
ptolemy.util.test.WatchDog.cancel(): canceling Thu Apr 26 03:37:52 UTC 2018
------------------ testing $PTII/ptolemy/domains/de/test/auto/DepthTest4.xml
auto.tcl: Setting watchdog for 200 seconds at Thu Apr 26 03:37:52 UTC 2018
3 ms. Memory: 208384K Free: 196319K (94%)
ptolemy.util.test.WatchDog.cancel(): canceling Thu Apr 26 03:37:52 UTC 2018
auto.tcl: Setting watchdog for 200 seconds at Thu Apr 26 03:37:52 UTC 2018
2 ms. Memory: 208384K Free: 196319K (94%)
ptolemy.util.test.WatchDog.cancel(): canceling Thu Apr 26 03:37:52 UTC 2018
------------------ testing $PTII/ptolemy/domains/de/test/auto/DepthTest5.xml
auto.tcl: Setting watchdog for 200 seconds at Thu Apr 26 03:37:52 UTC 2018
3 ms. Memory: 208384K Free: 196266K (94%)
ptolemy.util.test.WatchDog.cancel(): canceling Thu Apr 26 03:37:52 UTC 2018
auto.tcl: Setting watchdog for 200 seconds at Thu Apr 26 03:37:52 UTC 2018
2 ms. Memory: 208384K Free: 196266K (94%)
ptolemy.util.test.WatchDog.cancel(): canceling Thu Apr 26 03:37:52 UTC 2018
------------------ testing $PTII/ptolemy/domains/de/test/auto/DepthTest6.xml
auto.tcl: Setting watchdog for 200 seconds at Thu Apr 26 03:37:52 UTC 2018
3 ms. Memory: 208384K Free: 196572K (94%)
ptolemy.util.test.WatchDog.cancel(): canceling Thu Apr 26 03:37:52 UTC 2018
auto.tcl: Setting watchdog for 200 seconds at Thu Apr 26 03:37:52 UTC 2018
2 ms. Memory: 208384K Free: 196572K (94%)
ptolemy.util.test.WatchDog.cancel(): canceling Thu Apr 26 03:37:52 UTC 2018
------------------ testing $PTII/ptolemy/domains/de/test/auto/DepthTest7.xml
auto.tcl: Setting watchdog for 200 seconds at Thu Apr 26 03:37:52 UTC 2018
6 ms. Memory: 208384K Free: 196239K (94%)
ptolemy.util.test.WatchDog.cancel(): canceling Thu Apr 26 03:37:52 UTC 2018
auto.tcl: Setting watchdog for 200 seconds at Thu Apr 26 03:37:52 UTC 2018
2 ms. Memory: 208384K Free: 196239K (94%)
ptolemy.util.test.WatchDog.cancel(): canceling Thu Apr 26 03:37:52 UTC 2018
------------------ testing $PTII/ptolemy/domains/de/test/auto/EventToDate.xml
auto.tcl: Setting watchdog for 200 seconds at Thu Apr 26 03:37:52 UTC 2018
3009 ms. Memory: 208384K Free: 185718K (89%)
ptolemy.util.test.WatchDog.cancel(): canceling Thu Apr 26 03:37:55 UTC 2018
auto.tcl: Setting watchdog for 200 seconds at Thu Apr 26 03:37:55 UTC 2018
3004 ms. Memory: 208384K Free: 185718K (89%)
ptolemy.util.test.WatchDog.cancel(): canceling Thu Apr 26 03:37:58 UTC 2018
------------------ testing $PTII/ptolemy/domains/de/test/auto/FSM1.xml
auto.tcl: Setting watchdog for 200 seconds at Thu Apr 26 03:37:58 UTC 2018
16 ms. Memory: 208384K Free: 189258K (91%)
ptolemy.util.test.WatchDog.cancel(): canceling Thu Apr 26 03:37:58 UTC 2018
auto.tcl: Setting watchdog for 200 seconds at Thu Apr 26 03:37:58 UTC 2018
24 ms. Memory: 208384K Free: 185041K (89%)
ptolemy.util.test.WatchDog.cancel(): canceling Thu Apr 26 03:37:58 UTC 2018
------------------ testing $PTII/ptolemy/domains/de/test/auto/FSM7.xml
auto.tcl: Setting watchdog for 200 seconds at Thu Apr 26 03:37:58 UTC 2018
27 ms. Memory: 208384K Free: 187353K (90%)
ptolemy.util.test.WatchDog.cancel(): canceling Thu Apr 26 03:37:58 UTC 2018
auto.tcl: Setting watchdog for 200 seconds at Thu Apr 26 03:37:58 UTC 2018
15 ms. Memory: 208384K Free: 185245K (89%)
ptolemy.util.test.WatchDog.cancel(): canceling Thu Apr 26 03:37:58 UTC 2018
------------------ testing $PTII/ptolemy/domains/de/test/auto/Inspection.xml
auto.tcl: Setting watchdog for 200 seconds at Thu Apr 26 03:37:58 UTC 2018
48 ms. Memory: 208384K Free: 188905K (91%)
ptolemy.util.test.WatchDog.cancel(): canceling Thu Apr 26 03:37:58 UTC 2018
auto.tcl: Setting watchdog for 200 seconds at Thu Apr 26 03:37:58 UTC 2018
35 ms. Memory: 208384K Free: 186459K (89%)
ptolemy.util.test.WatchDog.cancel(): canceling Thu Apr 26 03:37:59 UTC 2018
------------------ testing $PTII/ptolemy/domains/de/test/auto/Iteration.xml
auto.tcl: Setting watchdog for 200 seconds at Thu Apr 26 03:37:59 UTC 2018
6 ms. Memory: 208384K Free: 193922K (93%)
ptolemy.util.test.WatchDog.cancel(): canceling Thu Apr 26 03:37:59 UTC 2018
auto.tcl: Setting watchdog for 200 seconds at Thu Apr 26 03:37:59 UTC 2018
6 ms. Memory: 208384K Free: 193922K (93%)
ptolemy.util.test.WatchDog.cancel(): canceling Thu Apr 26 03:37:59 UTC 2018
------------------ testing $PTII/ptolemy/domains/de/test/auto/LineFault.xml
auto.tcl: Setting watchdog for 200 seconds at Thu Apr 26 03:37:59 UTC 2018
569 ms. Memory: 208384K Free: 196211K (94%)
ptolemy.util.test.WatchDog.cancel(): canceling Thu Apr 26 03:37:59 UTC 2018
auto.tcl: Setting watchdog for 200 seconds at Thu Apr 26 03:37:59 UTC 2018
540 ms. Memory: 208384K Free: 138643K (67%)
ptolemy.util.test.WatchDog.cancel(): canceling Thu Apr 26 03:38:00 UTC 2018
------------------ testing $PTII/ptolemy/domains/de/test/auto/MergeModel1Add.xml
auto.tcl: Setting watchdog for 200 seconds at Thu Apr 26 03:38:00 UTC 2018
20 ms. Memory: 331264K Free: 302781K (91%)
ptolemy.util.test.WatchDog.cancel(): canceling Thu Apr 26 03:38:00 UTC 2018
auto.tcl: Setting watchdog for 200 seconds at Thu Apr 26 03:38:00 UTC 2018
14 ms. Memory: 331264K Free: 298822K (90%)
ptolemy.util.test.WatchDog.cancel(): canceling Thu Apr 26 03:38:00 UTC 2018
------------------ testing $PTII/ptolemy/domains/de/test/auto/MergeModel2Add.xml
auto.tcl: Setting watchdog for 200 seconds at Thu Apr 26 03:38:00 UTC 2018
9 ms. Memory: 331264K Free: 304109K (92%)
ptolemy.util.test.WatchDog.cancel(): canceling Thu Apr 26 03:38:00 UTC 2018
auto.tcl: Setting watchdog for 200 seconds at Thu Apr 26 03:38:00 UTC 2018
10 ms. Memory: 331264K Free: 300158K (91%)
ptolemy.util.test.WatchDog.cancel(): canceling Thu Apr 26 03:38:00 UTC 2018
------------------ testing $PTII/ptolemy/domains/de/test/auto/MergeModel3Add.xml
auto.tcl: Setting watchdog for 200 seconds at Thu Apr 26 03:38:00 UTC 2018
13 ms. Memory: 331264K Free: 304127K (92%)
ptolemy.util.test.WatchDog.cancel(): canceling Thu Apr 26 03:38:00 UTC 2018
auto.tcl: Setting watchdog for 200 seconds at Thu Apr 26 03:38:00 UTC 2018
6 ms. Memory: 331264K Free: 300177K (91%)
ptolemy.util.test.WatchDog.cancel(): canceling Thu Apr 26 03:38:00 UTC 2018
------------------ testing $PTII/ptolemy/domains/de/test/auto/MergeWithoutDiscard.xml
auto.tcl: Setting watchdog for 200 seconds at Thu Apr 26 03:38:00 UTC 2018
6 ms. Memory: 331264K Free: 315998K (95%)
ptolemy.util.test.WatchDog.cancel(): canceling Thu Apr 26 03:38:00 UTC 2018
auto.tcl: Setting watchdog for 200 seconds at Thu Apr 26 03:38:00 UTC 2018
1 ms. Memory: 331264K Free: 315998K (95%)
ptolemy.util.test.WatchDog.cancel(): canceling Thu Apr 26 03:38:00 UTC 2018
------------------ testing $PTII/ptolemy/domains/de/test/auto/Modal1.xml
auto.tcl: Setting watchdog for 200 seconds at Thu Apr 26 03:38:00 UTC 2018
16 ms. Memory: 331264K Free: 309881K (94%)
ptolemy.util.test.WatchDog.cancel(): canceling Thu Apr 26 03:38:01 UTC 2018
auto.tcl: Setting watchdog for 200 seconds at Thu Apr 26 03:38:01 UTC 2018
18 ms. Memory: 331264K Free: 305931K (92%)
ptolemy.util.test.WatchDog.cancel(): canceling Thu Apr 26 03:38:01 UTC 2018
------------------ testing $PTII/ptolemy/domains/de/test/auto/Modal2.xml
auto.tcl: Setting watchdog for 200 seconds at Thu Apr 26 03:38:01 UTC 2018
23 ms. Memory: 331264K Free: 309746K (94%)
ptolemy.util.test.WatchDog.cancel(): canceling Thu Apr 26 03:38:01 UTC 2018
auto.tcl: Setting watchdog for 200 seconds at Thu Apr 26 03:38:01 UTC 2018
10 ms. Memory: 331264K Free: 305796K (92%)
ptolemy.util.test.WatchDog.cancel(): canceling Thu Apr 26 03:38:01 UTC 2018
------------------ testing $PTII/ptolemy/domains/de/test/auto/Modal3.xml
auto.tcl: Setting watchdog for 200 seconds at Thu Apr 26 03:38:01 UTC 2018
13 ms. Memory: 331264K Free: 310037K (94%)
ptolemy.util.test.WatchDog.cancel(): canceling Thu Apr 26 03:38:01 UTC 2018
auto.tcl: Setting watchdog for 200 seconds at Thu Apr 26 03:38:01 UTC 2018
10 ms. Memory: 331264K Free: 305786K (92%)
ptolemy.util.test.WatchDog.cancel(): canceling Thu Apr 26 03:38:01 UTC 2018
------------------ testing $PTII/ptolemy/domains/de/test/auto/Modal4.xml
auto.tcl: Setting watchdog for 200 seconds at Thu Apr 26 03:38:01 UTC 2018
14 ms. Memory: 331264K Free: 309757K (94%)
ptolemy.util.test.WatchDog.cancel(): canceling Thu Apr 26 03:38:01 UTC 2018
auto.tcl: Setting watchdog for 200 seconds at Thu Apr 26 03:38:01 UTC 2018
11 ms. Memory: 331264K Free: 305791K (92%)
ptolemy.util.test.WatchDog.cancel(): canceling Thu Apr 26 03:38:01 UTC 2018
------------------ testing $PTII/ptolemy/domains/de/test/auto/Modal5.xml
auto.tcl: Setting watchdog for 200 seconds at Thu Apr 26 03:38:01 UTC 2018
20 ms. Memory: 331264K Free: 309754K (94%)
ptolemy.util.test.WatchDog.cancel(): canceling Thu Apr 26 03:38:01 UTC 2018
auto.tcl: Setting watchdog for 200 seconds at Thu Apr 26 03:38:01 UTC 2018
10 ms. Memory: 331264K Free: 305788K (92%)
ptolemy.util.test.WatchDog.cancel(): canceling Thu Apr 26 03:38:01 UTC 2018
------------------ testing $PTII/ptolemy/domains/de/test/auto/Modal6.xml
auto.tcl: Setting watchdog for 200 seconds at Thu Apr 26 03:38:01 UTC 2018
10 ms. Memory: 331264K Free: 309758K (94%)
ptolemy.util.test.WatchDog.cancel(): canceling Thu Apr 26 03:38:01 UTC 2018
auto.tcl: Setting watchdog for 200 seconds at Thu Apr 26 03:38:01 UTC 2018
11 ms. Memory: 331264K Free: 305800K (92%)
ptolemy.util.test.WatchDog.cancel(): canceling Thu Apr 26 03:38:01 UTC 2018
------------------ testing $PTII/ptolemy/domains/de/test/auto/Modal7.xml
auto.tcl: Setting watchdog for 200 seconds at Thu Apr 26 03:38:01 UTC 2018
14 ms. Memory: 331264K Free: 309734K (94%)
ptolemy.util.test.WatchDog.cancel(): canceling Thu Apr 26 03:38:01 UTC 2018
auto.tcl: Setting watchdog for 200 seconds at Thu Apr 26 03:38:01 UTC 2018
10 ms. Memory: 331264K Free: 305768K (92%)
ptolemy.util.test.WatchDog.cancel(): canceling Thu Apr 26 03:38:01 UTC 2018
------------------ testing $PTII/ptolemy/domains/de/test/auto/ModalModel.xml
auto.tcl: Setting watchdog for 200 seconds at Thu Apr 26 03:38:01 UTC 2018
138 ms. Memory: 331264K Free: 248515K (75%)
ptolemy.util.test.WatchDog.cancel(): canceling Thu Apr 26 03:38:01 UTC 2018
auto.tcl: Setting watchdog for 200 seconds at Thu Apr 26 03:38:01 UTC 2018
167 ms. Memory: 331264K Free: 193054K (58%)
ptolemy.util.test.WatchDog.cancel(): canceling Thu Apr 26 03:38:02 UTC 2018
------------------ testing $PTII/ptolemy/domains/de/test/auto/ModalSource.xml
auto.tcl: Setting watchdog for 200 seconds at Thu Apr 26 03:38:02 UTC 2018
5 ms. Memory: 331264K Free: 316501K (96%)
ptolemy.util.test.WatchDog.cancel(): canceling Thu Apr 26 03:38:02 UTC 2018
auto.tcl: Setting watchdog for 200 seconds at Thu Apr 26 03:38:02 UTC 2018
5 ms. Memory: 331264K Free: 312967K (94%)
ptolemy.util.test.WatchDog.cancel(): canceling Thu Apr 26 03:38:02 UTC 2018
------------------ testing $PTII/ptolemy/domains/de/test/auto/NonInterruptibleTimerZeroDelay.xml
auto.tcl: Setting watchdog for 200 seconds at Thu Apr 26 03:38:02 UTC 2018
3 ms. Memory: 331264K Free: 320888K (97%)
ptolemy.util.test.WatchDog.cancel(): canceling Thu Apr 26 03:38:02 UTC 2018
auto.tcl: Setting watchdog for 200 seconds at Thu Apr 26 03:38:02 UTC 2018
2 ms. Memory: 331264K Free: 317338K (96%)
ptolemy.util.test.WatchDog.cancel(): canceling Thu Apr 26 03:38:02 UTC 2018
------------------ testing $PTII/ptolemy/domains/de/test/auto/OpenQueueingNetwork.xml
auto.tcl: Setting watchdog for 200 seconds at Thu Apr 26 03:38:02 UTC 2018
2574 ms. Memory: 573952K Free: 421789K (73%)
ptolemy.util.test.WatchDog.cancel(): canceling Thu Apr 26 03:38:04 UTC 2018
auto.tcl: Setting watchdog for 200 seconds at Thu Apr 26 03:38:04 UTC 2018
2411 ms. Memory: 550912K Free: 310405K (56%)
ptolemy.util.test.WatchDog.cancel(): canceling Thu Apr 26 03:38:07 UTC 2018
------------------ testing $PTII/ptolemy/domains/de/test/auto/OpenQueuingNetwork.xml
auto.tcl: Setting watchdog for 200 seconds at Thu Apr 26 03:38:07 UTC 2018
200 ms. Memory: 549888K Free: 449829K (82%)
ptolemy.util.test.WatchDog.cancel(): canceling Thu Apr 26 03:38:07 UTC 2018
auto.tcl: Setting watchdog for 200 seconds at Thu Apr 26 03:38:07 UTC 2018
198 ms. Memory: 549888K Free: 390128K (71%)
ptolemy.util.test.WatchDog.cancel(): canceling Thu Apr 26 03:38:07 UTC 2018
------------------ testing $PTII/ptolemy/domains/de/test/auto/PeriodicSampler.xml
auto.tcl: Setting watchdog for 200 seconds at Thu Apr 26 03:38:07 UTC 2018
2 ms. Memory: 551936K Free: 530946K (96%)
ptolemy.util.test.WatchDog.cancel(): canceling Thu Apr 26 03:38:07 UTC 2018
auto.tcl: Setting watchdog for 200 seconds at Thu Apr 26 03:38:07 UTC 2018
2 ms. Memory: 551936K Free: 530946K (96%)
ptolemy.util.test.WatchDog.cancel(): canceling Thu Apr 26 03:38:07 UTC 2018
------------------ testing $PTII/ptolemy/domains/de/test/auto/PersistentIO.xml
auto.tcl: Setting watchdog for 200 seconds at Thu Apr 26 03:38:08 UTC 2018
5 ms. Memory: 549376K Free: 522337K (95%)
ptolemy.util.test.WatchDog.cancel(): canceling Thu Apr 26 03:38:08 UTC 2018
auto.tcl: Setting watchdog for 200 seconds at Thu Apr 26 03:38:08 UTC 2018
3 ms. Memory: 549376K Free: 522337K (95%)
ptolemy.util.test.WatchDog.cancel(): canceling Thu Apr 26 03:38:08 UTC 2018
------------------ testing $PTII/ptolemy/domains/de/test/auto/PortParameterResetOnInitialize.xml
auto.tcl: Setting watchdog for 200 seconds at Thu Apr 26 03:38:08 UTC 2018
2 ms. Memory: 551424K Free: 530896K (96%)
ptolemy.util.test.WatchDog.cancel(): canceling Thu Apr 26 03:38:08 UTC 2018
auto.tcl: Setting watchdog for 200 seconds at Thu Apr 26 03:38:08 UTC 2018
2 ms. Memory: 551424K Free: 530896K (96%)
ptolemy.util.test.WatchDog.cancel(): canceling Thu Apr 26 03:38:08 UTC 2018
------------------ testing $PTII/ptolemy/domains/de/test/auto/PortParameterUpdates.xml
auto.tcl: Setting watchdog for 200 seconds at Thu Apr 26 03:38:08 UTC 2018
7 ms. Memory: 549376K Free: 528752K (96%)
ptolemy.util.test.WatchDog.cancel(): canceling Thu Apr 26 03:38:08 UTC 2018
auto.tcl: Setting watchdog for 200 seconds at Thu Apr 26 03:38:08 UTC 2018
4 ms. Memory: 549376K Free: 522118K (95%)
ptolemy.util.test.WatchDog.cancel(): canceling Thu Apr 26 03:38:08 UTC 2018
------------------ testing $PTII/ptolemy/domains/de/test/auto/QueueAndServer.xml
auto.tcl: Setting watchdog for 200 seconds at Thu Apr 26 03:38:08 UTC 2018
6 ms. Memory: 551424K Free: 530764K (96%)
ptolemy.util.test.WatchDog.cancel(): canceling Thu Apr 26 03:38:08 UTC 2018
auto.tcl: Setting watchdog for 200 seconds at Thu Apr 26 03:38:08 UTC 2018
5 ms. Memory: 551424K Free: 524114K (95%)
ptolemy.util.test.WatchDog.cancel(): canceling Thu Apr 26 03:38:08 UTC 2018
------------------ testing $PTII/ptolemy/domains/de/test/auto/Records.xml
auto.tcl: Setting watchdog for 200 seconds at Thu Apr 26 03:38:08 UTC 2018
8 ms. Memory: 549376K Free: 533338K (97%)
ptolemy.util.test.WatchDog.cancel(): canceling Thu Apr 26 03:38:08 UTC 2018
auto.tcl: Setting watchdog for 200 seconds at Thu Apr 26 03:38:08 UTC 2018
2 ms. Memory: 549376K Free: 533338K (97%)
ptolemy.util.test.WatchDog.cancel(): canceling Thu Apr 26 03:38:08 UTC 2018
------------------ testing $PTII/ptolemy/domains/de/test/auto/ResetTransitionWithStartTime1.xml
auto.tcl: Setting watchdog for 200 seconds at Thu Apr 26 03:38:08 UTC 2018
12 ms. Memory: 551424K Free: 528775K (96%)
ptolemy.util.test.WatchDog.cancel(): canceling Thu Apr 26 03:38:08 UTC 2018
auto.tcl: Setting watchdog for 200 seconds at Thu Apr 26 03:38:08 UTC 2018
3 ms. Memory: 551424K Free: 528775K (96%)
ptolemy.util.test.WatchDog.cancel(): canceling Thu Apr 26 03:38:08 UTC 2018
------------------ testing $PTII/ptolemy/domains/de/test/auto/ResetTransitionWithStartTime2.xml
auto.tcl: Setting watchdog for 200 seconds at Thu Apr 26 03:38:08 UTC 2018
6 ms. Memory: 549376K Free: 526949K (96%)
ptolemy.util.test.WatchDog.cancel(): canceling Thu Apr 26 03:38:08 UTC 2018
auto.tcl: Setting watchdog for 200 seconds at Thu Apr 26 03:38:08 UTC 2018
8 ms. Memory: 549376K Free: 526949K (96%)
ptolemy.util.test.WatchDog.cancel(): canceling Thu Apr 26 03:38:08 UTC 2018
------------------ testing $PTII/ptolemy/domains/de/test/auto/ResetTransitionWithStartTime3.xml
auto.tcl: Setting watchdog for 200 seconds at Thu Apr 26 03:38:08 UTC 2018
6 ms. Memory: 550912K Free: 528254K (96%)
ptolemy.util.test.WatchDog.cancel(): canceling Thu Apr 26 03:38:08 UTC 2018
auto.tcl: Setting watchdog for 200 seconds at Thu Apr 26 03:38:08 UTC 2018
8 ms. Memory: 550912K Free: 528254K (96%)
ptolemy.util.test.WatchDog.cancel(): canceling Thu Apr 26 03:38:08 UTC 2018
------------------ testing $PTII/ptolemy/domains/de/test/auto/ResetTransitionWithStartTime4.xml
auto.tcl: Setting watchdog for 200 seconds at Thu Apr 26 03:38:08 UTC 2018
4 ms. Memory: 549376K Free: 526708K (96%)
ptolemy.util.test.WatchDog.cancel(): canceling Thu Apr 26 03:38:08 UTC 2018
auto.tcl: Setting watchdog for 200 seconds at Thu Apr 26 03:38:08 UTC 2018
3 ms. Memory: 549376K Free: 526708K (96%)
ptolemy.util.test.WatchDog.cancel(): canceling Thu Apr 26 03:38:08 UTC 2018
------------------ testing $PTII/ptolemy/domains/de/test/auto/ResettableTimer1.xml
auto.tcl: Setting watchdog for 200 seconds at Thu Apr 26 03:38:08 UTC 2018
2 ms. Memory: 550912K Free: 534880K (97%)
ptolemy.util.test.WatchDog.cancel(): canceling Thu Apr 26 03:38:08 UTC 2018
auto.tcl: Setting watchdog for 200 seconds at Thu Apr 26 03:38:08 UTC 2018
2 ms. Memory: 550912K Free: 534880K (97%)
ptolemy.util.test.WatchDog.cancel(): canceling Thu Apr 26 03:38:08 UTC 2018
------------------ testing $PTII/ptolemy/domains/de/test/auto/ResettableTimer2.xml
auto.tcl: Setting watchdog for 200 seconds at Thu Apr 26 03:38:08 UTC 2018
2 ms. Memory: 549376K Free: 533633K (97%)
ptolemy.util.test.WatchDog.cancel(): canceling Thu Apr 26 03:38:08 UTC 2018
auto.tcl: Setting watchdog for 200 seconds at Thu Apr 26 03:38:08 UTC 2018
2 ms. Memory: 549376K Free: 533633K (97%)
ptolemy.util.test.WatchDog.cancel(): canceling Thu Apr 26 03:38:08 UTC 2018
------------------ testing $PTII/ptolemy/domains/de/test/auto/ResettableTimer3.xml
auto.tcl: Setting watchdog for 200 seconds at Thu Apr 26 03:38:08 UTC 2018
1 ms. Memory: 550912K Free: 534938K (97%)
ptolemy.util.test.WatchDog.cancel(): canceling Thu Apr 26 03:38:08 UTC 2018
auto.tcl: Setting watchdog for 200 seconds at Thu Apr 26 03:38:08 UTC 2018
1 ms. Memory: 550912K Free: 534938K (97%)
ptolemy.util.test.WatchDog.cancel(): canceling Thu Apr 26 03:38:08 UTC 2018
------------------ testing $PTII/ptolemy/domains/de/test/auto/ResettableTimer4.xml
auto.tcl: Setting watchdog for 200 seconds at Thu Apr 26 03:38:08 UTC 2018
1 ms. Memory: 549376K Free: 533645K (97%)
ptolemy.util.test.WatchDog.cancel(): canceling Thu Apr 26 03:38:08 UTC 2018
auto.tcl: Setting watchdog for 200 seconds at Thu Apr 26 03:38:08 UTC 2018
1 ms. Memory: 549376K Free: 533645K (97%)
ptolemy.util.test.WatchDog.cancel(): canceling Thu Apr 26 03:38:08 UTC 2018
------------------ testing $PTII/ptolemy/domains/de/test/auto/ResettableTimer5.xml
auto.tcl: Setting watchdog for 200 seconds at Thu Apr 26 03:38:08 UTC 2018
2 ms. Memory: 550400K Free: 529987K (96%)
ptolemy.util.test.WatchDog.cancel(): canceling Thu Apr 26 03:38:08 UTC 2018
auto.tcl: Setting watchdog for 200 seconds at Thu Apr 26 03:38:08 UTC 2018
2 ms. Memory: 550400K Free: 529987K (96%)
ptolemy.util.test.WatchDog.cancel(): canceling Thu Apr 26 03:38:08 UTC 2018
------------------ testing $PTII/ptolemy/domains/de/test/auto/ResettableTimer6.xml
auto.tcl: Setting watchdog for 200 seconds at Thu Apr 26 03:38:08 UTC 2018
2 ms. Memory: 549376K Free: 528683K (96%)
ptolemy.util.test.WatchDog.cancel(): canceling Thu Apr 26 03:38:08 UTC 2018
auto.tcl: Setting watchdog for 200 seconds at Thu Apr 26 03:38:08 UTC 2018
1 ms. Memory: 549376K Free: 528683K (96%)
ptolemy.util.test.WatchDog.cancel(): canceling Thu Apr 26 03:38:08 UTC 2018
------------------ testing $PTII/ptolemy/domains/de/test/auto/ServerZeroDelay.xml
auto.tcl: Setting watchdog for 200 seconds at Thu Apr 26 03:38:09 UTC 2018
2 ms. Memory: 550400K Free: 534607K (97%)
ptolemy.util.test.WatchDog.cancel(): canceling Thu Apr 26 03:38:09 UTC 2018
auto.tcl: Setting watchdog for 200 seconds at Thu Apr 26 03:38:09 UTC 2018
2 ms. Memory: 550400K Free: 534607K (97%)
ptolemy.util.test.WatchDog.cancel(): canceling Thu Apr 26 03:38:09 UTC 2018
------------------ testing $PTII/ptolemy/domains/de/test/auto/SmartSender.xml
auto.tcl: Setting watchdog for 200 seconds at Thu Apr 26 03:38:09 UTC 2018
3001 ms. Memory: 549376K Free: 528899K (96%)
ptolemy.util.test.WatchDog.cancel(): canceling Thu Apr 26 03:38:12 UTC 2018
auto.tcl: Setting watchdog for 200 seconds at Thu Apr 26 03:38:12 UTC 2018
3001 ms. Memory: 549376K Free: 528899K (96%)
ptolemy.util.test.WatchDog.cancel(): canceling Thu Apr 26 03:38:15 UTC 2018
------------------ testing $PTII/ptolemy/domains/de/test/auto/ThreadedComposite.xml
auto.tcl: Setting watchdog for 200 seconds at Thu Apr 26 03:38:15 UTC 2018
235 ms. Memory: 550400K Free: 513714K (93%)
ptolemy.util.test.WatchDog.cancel(): canceling Thu Apr 26 03:38:15 UTC 2018
auto.tcl: Setting watchdog for 200 seconds at Thu Apr 26 03:38:15 UTC 2018
174 ms. Memory: 550400K Free: 488346K (89%)
ptolemy.util.test.WatchDog.cancel(): canceling Thu Apr 26 03:38:15 UTC 2018
------------------ testing $PTII/ptolemy/domains/de/test/auto/Time.xml
auto.tcl: Setting watchdog for 200 seconds at Thu Apr 26 03:38:15 UTC 2018
476 ms. Memory: 549376K Free: 486275K (89%)
ptolemy.util.test.WatchDog.cancel(): canceling Thu Apr 26 03:38:16 UTC 2018
auto.tcl: Setting watchdog for 200 seconds at Thu Apr 26 03:38:16 UTC 2018
450 ms. Memory: 549376K Free: 433207K (79%)
ptolemy.util.test.WatchDog.cancel(): canceling Thu Apr 26 03:38:16 UTC 2018
------------------ testing $PTII/ptolemy/domains/de/test/auto/TimeDelayZeroDelay.xml
auto.tcl: Setting watchdog for 200 seconds at Thu Apr 26 03:38:16 UTC 2018
2 ms. Memory: 550400K Free: 534293K (97%)
ptolemy.util.test.WatchDog.cancel(): canceling Thu Apr 26 03:38:16 UTC 2018
auto.tcl: Setting watchdog for 200 seconds at Thu Apr 26 03:38:16 UTC 2018
1 ms. Memory: 550400K Free: 534293K (97%)
ptolemy.util.test.WatchDog.cancel(): canceling Thu Apr 26 03:38:16 UTC 2018
------------------ testing $PTII/ptolemy/domains/de/test/auto/TimerZeroDelay.xml
auto.tcl: Setting watchdog for 200 seconds at Thu Apr 26 03:38:16 UTC 2018
4 ms. Memory: 549376K Free: 533542K (97%)
ptolemy.util.test.WatchDog.cancel(): canceling Thu Apr 26 03:38:16 UTC 2018
auto.tcl: Setting watchdog for 200 seconds at Thu Apr 26 03:38:16 UTC 2018
1 ms. Memory: 549376K Free: 533542K (97%)
ptolemy.util.test.WatchDog.cancel(): canceling Thu Apr 26 03:38:16 UTC 2018
------------------ testing $PTII/ptolemy/domains/de/test/auto/TimingParadox.xml
auto.tcl: Setting watchdog for 200 seconds at Thu Apr 26 03:38:16 UTC 2018
296 ms. Memory: 549888K Free: 467867K (85%)
ptolemy.util.test.WatchDog.cancel(): canceling Thu Apr 26 03:38:17 UTC 2018
auto.tcl: Setting watchdog for 200 seconds at Thu Apr 26 03:38:17 UTC 2018
303 ms. Memory: 549888K Free: 434700K (79%)
ptolemy.util.test.WatchDog.cancel(): canceling Thu Apr 26 03:38:17 UTC 2018
------------------ testing $PTII/ptolemy/domains/de/test/auto/TransferInputs.xml
auto.tcl: Setting watchdog for 200 seconds at Thu Apr 26 03:38:17 UTC 2018
2 ms. Memory: 549888K Free: 532959K (97%)
ptolemy.util.test.WatchDog.cancel(): canceling Thu Apr 26 03:38:17 UTC 2018
auto.tcl: Setting watchdog for 200 seconds at Thu Apr 26 03:38:17 UTC 2018
1 ms. Memory: 549888K Free: 532959K (97%)
ptolemy.util.test.WatchDog.cancel(): canceling Thu Apr 26 03:38:17 UTC 2018
------------------ testing $PTII/ptolemy/domains/de/test/auto/TransferOutputs2.xml
auto.tcl: Setting watchdog for 200 seconds at Thu Apr 26 03:38:17 UTC 2018
3 ms. Memory: 549376K Free: 522220K (95%)
ptolemy.util.test.WatchDog.cancel(): canceling Thu Apr 26 03:38:17 UTC 2018
auto.tcl: Setting watchdog for 200 seconds at Thu Apr 26 03:38:17 UTC 2018
2 ms. Memory: 549376K Free: 522220K (95%)
ptolemy.util.test.WatchDog.cancel(): canceling Thu Apr 26 03:38:17 UTC 2018
------------------ testing $PTII/ptolemy/domains/de/test/auto/Trilateration.xml
auto.tcl: Setting watchdog for 200 seconds at Thu Apr 26 03:38:17 UTC 2018
13265 ms. Memory: 628224K Free: 410739K (65%)
ptolemy.util.test.WatchDog.cancel(): canceling Thu Apr 26 03:38:31 UTC 2018
auto.tcl: Setting watchdog for 200 seconds at Thu Apr 26 03:38:31 UTC 2018
10486 ms. Memory: 508416K Free: 183257K (36%)
ptolemy.util.test.WatchDog.cancel(): canceling Thu Apr 26 03:38:42 UTC 2018
------------------ testing $PTII/ptolemy/domains/de/test/auto/TwoSigmaDelta.xml
auto.tcl: Setting watchdog for 200 seconds at Thu Apr 26 03:38:42 UTC 2018
2484 ms. Memory: 512000K Free: 214664K (42%)
ptolemy.util.test.WatchDog.cancel(): canceling Thu Apr 26 03:38:45 UTC 2018
auto.tcl: Setting watchdog for 200 seconds at Thu Apr 26 03:38:45 UTC 2018
1965 ms. Memory: 489472K Free: 391544K (80%)
ptolemy.util.test.WatchDog.cancel(): canceling Thu Apr 26 03:38:47 UTC 2018
------------------ testing $PTII/ptolemy/domains/de/test/auto/VariableDelay.xml
auto.tcl: Setting watchdog for 200 seconds at Thu Apr 26 03:38:47 UTC 2018
2 ms. Memory: 492032K Free: 472578K (96%)
ptolemy.util.test.WatchDog.cancel(): canceling Thu Apr 26 03:38:47 UTC 2018
auto.tcl: Setting watchdog for 200 seconds at Thu Apr 26 03:38:47 UTC 2018
1 ms. Memory: 492032K Free: 472578K (96%)
ptolemy.util.test.WatchDog.cancel(): canceling Thu Apr 26 03:38:47 UTC 2018
------------------ testing $PTII/ptolemy/domains/de/test/auto/VariableDelay2.xml
auto.tcl: Setting watchdog for 200 seconds at Thu Apr 26 03:38:47 UTC 2018
5 ms. Memory: 488960K Free: 474010K (97%)
ptolemy.util.test.WatchDog.cancel(): canceling Thu Apr 26 03:38:47 UTC 2018
auto.tcl: Setting watchdog for 200 seconds at Thu Apr 26 03:38:47 UTC 2018
2 ms. Memory: 488960K Free: 474010K (97%)
ptolemy.util.test.WatchDog.cancel(): canceling Thu Apr 26 03:38:47 UTC 2018
------------------ testing $PTII/ptolemy/domains/de/test/auto/VariableDelayZeroDelay.xml
auto.tcl: Setting watchdog for 200 seconds at Thu Apr 26 03:38:47 UTC 2018
2 ms. Memory: 491520K Free: 472493K (96%)
ptolemy.util.test.WatchDog.cancel(): canceling Thu Apr 26 03:38:47 UTC 2018
auto.tcl: Setting watchdog for 200 seconds at Thu Apr 26 03:38:47 UTC 2018
2 ms. Memory: 491520K Free: 472493K (96%)
ptolemy.util.test.WatchDog.cancel(): canceling Thu Apr 26 03:38:47 UTC 2018
------------------ testing $PTII/ptolemy/domains/de/test/auto/VariableDelayZeroDelay2.xml
auto.tcl: Setting watchdog for 200 seconds at Thu Apr 26 03:38:47 UTC 2018
1 ms. Memory: 488960K Free: 469932K (96%)
ptolemy.util.test.WatchDog.cancel(): canceling Thu Apr 26 03:38:47 UTC 2018
auto.tcl: Setting watchdog for 200 seconds at Thu Apr 26 03:38:47 UTC 2018
2 ms. Memory: 488960K Free: 469932K (96%)
ptolemy.util.test.WatchDog.cancel(): canceling Thu Apr 26 03:38:47 UTC 2018
------------------ testing $PTII/ptolemy/domains/de/test/auto/deInCt.xml
auto.tcl: Setting watchdog for 200 seconds at Thu Apr 26 03:38:47 UTC 2018
0
1
1
1
0
0
0
1
1
1
0
0
1
1
1
1
0
0
0
0
1
1
1
0
0
1
1
1
1
0
0
1
1
1
0
0
0
0
0
16 ms. Memory: 491008K Free: 471954K (96%)
ptolemy.util.test.WatchDog.cancel(): canceling Thu Apr 26 03:38:47 UTC 2018
auto.tcl: Setting watchdog for 200 seconds at Thu Apr 26 03:38:47 UTC 2018
0
1
1
1
0
0
0
1
1
0
0
0
1
1
1
0
0
0
1
1
1
1
0
0
0
1
1
1
0
0
0
1
1
1
0
0
0
0
1
1
1
1
1
7 ms. Memory: 491008K Free: 471954K (96%)
ptolemy.util.test.WatchDog.cancel(): canceling Thu Apr 26 03:38:47 UTC 2018
------------------ testing $PTII/ptolemy/domains/de/test/auto/deInCt2.xml
auto.tcl: Setting watchdog for 200 seconds at Thu Apr 26 03:38:47 UTC 2018
0
1
1
1
0
0
1
1
1
0
0
1
1
1
0
0
1
1
1
0
0
1
1
1
0
0
1
1
1
0
0
1
1
1
0
0
1
1
1
0
0
0
13 ms. Memory: 488960K Free: 469929K (96%)
ptolemy.util.test.WatchDog.cancel(): canceling Thu Apr 26 03:38:47 UTC 2018
auto.tcl: Setting watchdog for 200 seconds at Thu Apr 26 03:38:47 UTC 2018
0
1
1
1
0
0
1
1
1
0
0
1
1
1
0
0
1
1
1
0
0
1
1
1
0
0
1
1
1
0
0
1
1
1
0
0
1
1
1
0
0
0
7 ms. Memory: 488960K Free: 469929K (96%)
ptolemy.util.test.WatchDog.cancel(): canceling Thu Apr 26 03:38:47 UTC 2018
------------------ testing $PTII/ptolemy/domains/de/test/auto/dynamicCausalityInterface1.xml
auto.tcl: Setting watchdog for 200 seconds at Thu Apr 26 03:38:47 UTC 2018
2 ms. Memory: 491008K Free: 465746K (95%)
ptolemy.util.test.WatchDog.cancel(): canceling Thu Apr 26 03:38:47 UTC 2018
auto.tcl: Setting watchdog for 200 seconds at Thu Apr 26 03:38:47 UTC 2018
1 ms. Memory: 491008K Free: 465746K (95%)
ptolemy.util.test.WatchDog.cancel(): canceling Thu Apr 26 03:38:47 UTC 2018
------------------ testing $PTII/ptolemy/domains/de/test/auto/fsm_de_test.xml
auto.tcl: Setting watchdog for 200 seconds at Thu Apr 26 03:38:47 UTC 2018
6 ms. Memory: 488960K Free: 463609K (95%)
ptolemy.util.test.WatchDog.cancel(): canceling Thu Apr 26 03:38:47 UTC 2018
auto.tcl: Setting watchdog for 200 seconds at Thu Apr 26 03:38:47 UTC 2018
4 ms. Memory: 488960K Free: 463609K (95%)
ptolemy.util.test.WatchDog.cancel(): canceling Thu Apr 26 03:38:47 UTC 2018
------------------ testing $PTII/ptolemy/domains/de/test/auto/functionDependencyReconstruction.xml
auto.tcl: Setting watchdog for 200 seconds at Thu Apr 26 03:38:47 UTC 2018
2 ms. Memory: 490496K Free: 458926K (94%)
ptolemy.util.test.WatchDog.cancel(): canceling Thu Apr 26 03:38:47 UTC 2018
auto.tcl: Setting watchdog for 200 seconds at Thu Apr 26 03:38:47 UTC 2018
2 ms. Memory: 490496K Free: 458926K (94%)
ptolemy.util.test.WatchDog.cancel(): canceling Thu Apr 26 03:38:47 UTC 2018
------------------ testing $PTII/ptolemy/domains/de/test/auto/multirate.xml
auto.tcl: Setting watchdog for 200 seconds at Thu Apr 26 03:38:47 UTC 2018
6 ms. Memory: 488960K Free: 469686K (96%)
ptolemy.util.test.WatchDog.cancel(): canceling Thu Apr 26 03:38:47 UTC 2018
auto.tcl: Setting watchdog for 200 seconds at Thu Apr 26 03:38:47 UTC 2018
3 ms. Memory: 488960K Free: 463460K (95%)
ptolemy.util.test.WatchDog.cancel(): canceling Thu Apr 26 03:38:47 UTC 2018
------------------ testing $PTII/ptolemy/domains/de/test/auto/multirate2.xml
auto.tcl: Setting watchdog for 200 seconds at Thu Apr 26 03:38:47 UTC 2018
2 ms. Memory: 490496K Free: 471411K (96%)
ptolemy.util.test.WatchDog.cancel(): canceling Thu Apr 26 03:38:47 UTC 2018
auto.tcl: Setting watchdog for 200 seconds at Thu Apr 26 03:38:47 UTC 2018
3 ms. Memory: 490496K Free: 465185K (95%)
ptolemy.util.test.WatchDog.cancel(): canceling Thu Apr 26 03:38:47 UTC 2018
------------------ testing $PTII/ptolemy/domains/de/test/auto/realtime.xml
auto.tcl: Setting watchdog for 200 seconds at Thu Apr 26 03:38:47 UTC 2018
10001 ms. Memory: 488960K Free: 469851K (96%)
ptolemy.util.test.WatchDog.cancel(): canceling Thu Apr 26 03:38:57 UTC 2018
auto.tcl: Setting watchdog for 200 seconds at Thu Apr 26 03:38:57 UTC 2018
10001 ms. Memory: 488960K Free: 469851K (96%)
ptolemy.util.test.WatchDog.cancel(): canceling Thu Apr 26 03:39:07 UTC 2018
------------------ testing $PTII/ptolemy/domains/de/test/auto/relationGroup.xml
auto.tcl: Setting watchdog for 200 seconds at Thu Apr 26 03:39:07 UTC 2018
1 ms. Memory: 489984K Free: 470924K (96%)
ptolemy.util.test.WatchDog.cancel(): canceling Thu Apr 26 03:39:08 UTC 2018
auto.tcl: Setting watchdog for 200 seconds at Thu Apr 26 03:39:08 UTC 2018
1 ms. Memory: 489984K Free: 470924K (96%)
ptolemy.util.test.WatchDog.cancel(): canceling Thu Apr 26 03:39:08 UTC 2018
------------------ testing $PTII/ptolemy/domains/de/test/auto/relationGroup2.xml
auto.tcl: Setting watchdog for 200 seconds at Thu Apr 26 03:39:08 UTC 2018
1 ms. Memory: 488960K Free: 469927K (96%)
ptolemy.util.test.WatchDog.cancel(): canceling Thu Apr 26 03:39:08 UTC 2018
auto.tcl: Setting watchdog for 200 seconds at Thu Apr 26 03:39:08 UTC 2018
1 ms. Memory: 488960K Free: 469927K (96%)
ptolemy.util.test.WatchDog.cancel(): canceling Thu Apr 26 03:39:08 UTC 2018
------------------ testing $PTII/ptolemy/domains/de/test/auto/sortWithOpaquePorts.xml
auto.tcl: Setting watchdog for 200 seconds at Thu Apr 26 03:39:08 UTC 2018
1 ms. Memory: 489984K Free: 470951K (96%)
ptolemy.util.test.WatchDog.cancel(): canceling Thu Apr 26 03:39:08 UTC 2018
auto.tcl: Setting watchdog for 200 seconds at Thu Apr 26 03:39:08 UTC 2018
2 ms. Memory: 489984K Free: 470951K (96%)
ptolemy.util.test.WatchDog.cancel(): canceling Thu Apr 26 03:39:08 UTC 2018
------------------ testing $PTII/ptolemy/domains/de/test/auto/transferInputsandOutputs.xml
auto.tcl: Setting watchdog for 200 seconds at Thu Apr 26 03:39:08 UTC 2018
1 ms. Memory: 488960K Free: 469914K (96%)
ptolemy.util.test.WatchDog.cancel(): canceling Thu Apr 26 03:39:08 UTC 2018
auto.tcl: Setting watchdog for 200 seconds at Thu Apr 26 03:39:08 UTC 2018
2 ms. Memory: 488960K Free: 463688K (95%)
ptolemy.util.test.WatchDog.cancel(): canceling Thu Apr 26 03:39:08 UTC 2018
------------------ testing $PTII/ptolemy/domains/de/test/auto/triggerType.xml
auto.tcl: Setting watchdog for 200 seconds at Thu Apr 26 03:39:08 UTC 2018
1 ms. Memory: 489984K Free: 466813K (95%)
ptolemy.util.test.WatchDog.cancel(): canceling Thu Apr 26 03:39:08 UTC 2018
auto.tcl: Setting watchdog for 200 seconds at Thu Apr 26 03:39:08 UTC 2018
1 ms. Memory: 489984K Free: 466813K (95%)
ptolemy.util.test.WatchDog.cancel(): canceling Thu Apr 26 03:39:08 UTC 2018
04/26/18 03:39:08
Failed: 0  Total Tests: 192  ((Passed: 187, Newly Passed: 1)  Known Failed: 5) /home/travis/build/icyphy/ptII/ptolemy/domains/de/test
04/26/18 03:39:08
Failed: 0  Total Tests: 192  ((Passed: 187, Newly Passed: 1)  Known Failed: 5) /home/travis/build/icyphy/ptII/ptolemy/domains/de/test
----------------- testing (KnownFailure) /home/travis/build/icyphy/ptII/ptolemy/domains/de/test/auto/knownFailedTests/DESDFClockTest.xml
2008 ms. Memory: 488960K Free: 453609K (93%)
Known Failure: java.lang.reflect.InvocationTargetException
----------------- testing (KnownFailure) /home/travis/build/icyphy/ptII/ptolemy/domains/de/test/auto/knownFailedTests/DirectFeedback.xml
1 ms. Memory: 488960K Free: 420981K (86%)
Known Failure: java.lang.reflect.InvocationTargetException
----------------- testing (KnownFailure) /home/travis/build/icyphy/ptII/ptolemy/domains/de/test/auto/knownFailedTests/FSMSource.xml
8 ms. Memory: 488960K Free: 388377K (79%)
----------------- testing (KnownFailure) /home/travis/build/icyphy/ptII/ptolemy/domains/de/test/auto/knownFailedTests/HierarchicalModel.xml
1 ms. Memory: 488960K Free: 355756K (73%)
Known Failure: java.lang.reflect.InvocationTargetException
----------------- testing (KnownFailure) /home/travis/build/icyphy/ptII/ptolemy/domains/de/test/auto/knownFailedTests/dependencyLoop.xml
1 ms. Memory: 488960K Free: 314993K (64%)
Known Failure: java.lang.reflect.InvocationTargetException
----------------- testing (KnownFailure) /home/travis/build/icyphy/ptII/ptolemy/domains/de/test/auto/knownFailedTests/dependencyLoop2.xml
4 ms. Memory: 488960K Free: 274237K (56%)
Known Failure: java.lang.reflect.InvocationTargetException
No auto/*.xml tests in /home/travis/build/icyphy/ptII/ptolemy/domains/de/test
AutoTests.java: About to close Vertx.
AutoTests.java: Vertx closed.
----------------- testing Thu Apr 26 03:39:10 UTC 2018 /home/travis/build/icyphy/ptII/ptolemy/domains/de/test/auto/ActorDepthCalculation_actorWithoutPorts.xml
1 ms. Memory: 488960K Free: 233482K (48%)
reloadAllAccessors: .ActorDepthCalculation_actorWithoutPorts
----------------- testing Thu Apr 26 03:39:10 UTC 2018 /home/travis/build/icyphy/ptII/ptolemy/domains/de/test/auto/AssemblyLine.xml
2 ms. Memory: 488960K Free: 217180K (44%)
reloadAllAccessors: .AssemblyLine
----------------- testing Thu Apr 26 03:39:10 UTC 2018 /home/travis/build/icyphy/ptII/ptolemy/domains/de/test/auto/CQBug1.xml
1 ms. Memory: 488960K Free: 200877K (41%)
reloadAllAccessors: .CQBug1
----------------- testing Thu Apr 26 03:39:10 UTC 2018 /home/travis/build/icyphy/ptII/ptolemy/domains/de/test/auto/CancelFireAt.xml
8 ms. Memory: 488960K Free: 184575K (38%)
reloadAllAccessors: .CancelFireAt
----------------- testing Thu Apr 26 03:39:10 UTC 2018 /home/travis/build/icyphy/ptII/ptolemy/domains/de/test/auto/CausalityAndComposabilityAnalysis.xml
3 ms. Memory: 488960K Free: 168273K (34%)
reloadAllAccessors: .CausalityAndComposabilityAnalysis
----------------- testing Thu Apr 26 03:39:10 UTC 2018 /home/travis/build/icyphy/ptII/ptolemy/domains/de/test/auto/CausalityInterface1.xml
3 ms. Memory: 488960K Free: 151971K (31%)
reloadAllAccessors: .CausalityInterface1
----------------- testing Thu Apr 26 03:39:10 UTC 2018 /home/travis/build/icyphy/ptII/ptolemy/domains/de/test/auto/CausalityInterface15.xml
1 ms. Memory: 488960K Free: 135669K (28%)
reloadAllAccessors: .CausalityInterface15
----------------- testing Thu Apr 26 03:39:10 UTC 2018 /home/travis/build/icyphy/ptII/ptolemy/domains/de/test/auto/CausalityInterface2.xml
1 ms. Memory: 488960K Free: 119367K (24%)
reloadAllAccessors: .CausalityInterface2
----------------- testing Thu Apr 26 03:39:10 UTC 2018 /home/travis/build/icyphy/ptII/ptolemy/domains/de/test/auto/CausalityInterface3.xml
1 ms. Memory: 488960K Free: 103064K (21%)
reloadAllAccessors: .CausalityInterface3
----------------- testing Thu Apr 26 03:39:10 UTC 2018 /home/travis/build/icyphy/ptII/ptolemy/domains/de/test/auto/ClockDrift.xml
10 ms. Memory: 488960K Free: 78603K (16%)
reloadAllAccessors: .ClockDrift
----------------- testing Thu Apr 26 03:39:10 UTC 2018 /home/travis/build/icyphy/ptII/ptolemy/domains/de/test/auto/ClockDriftAndValueChange.xml
7 ms. Memory: 470528K Free: 449641K (96%)
reloadAllAccessors: .ClockDriftAndValueChange
----------------- testing Thu Apr 26 03:39:10 UTC 2018 /home/travis/build/icyphy/ptII/ptolemy/domains/de/test/auto/ClockDriftChange.xml
7 ms. Memory: 470528K Free: 430239K (91%)
reloadAllAccessors: .ClockDriftChange
----------------- testing Thu Apr 26 03:39:10 UTC 2018 /home/travis/build/icyphy/ptII/ptolemy/domains/de/test/auto/ComposableCausalityAnalysis.xml
0 ms. Memory: 470528K Free: 418573K (89%)
reloadAllAccessors: .ComposableCausalityAnalysis
----------------- testing Thu Apr 26 03:39:10 UTC 2018 /home/travis/build/icyphy/ptII/ptolemy/domains/de/test/auto/DEFixedPointLimitation.xml
1 ms. Memory: 470528K Free: 410801K (87%)
reloadAllAccessors: .DEFixedPointLimitation
----------------- testing Thu Apr 26 03:39:10 UTC 2018 /home/travis/build/icyphy/ptII/ptolemy/domains/de/test/auto/DEScheduleTest.xml
1 ms. Memory: 470528K Free: 403029K (86%)
reloadAllAccessors: .DEScheduleTest
----------------- testing Thu Apr 26 03:39:10 UTC 2018 /home/travis/build/icyphy/ptII/ptolemy/domains/de/test/auto/DEinDEwithStartTimes.xml
1 ms. Memory: 470528K Free: 391354K (83%)
reloadAllAccessors: .DEinDEwithStartTimes
----------------- testing Thu Apr 26 03:39:10 UTC 2018 /home/travis/build/icyphy/ptII/ptolemy/domains/de/test/auto/DEinDEwithStartTimes2.xml
3 ms. Memory: 470528K Free: 379688K (81%)
reloadAllAccessors: .DEinDEwithStartTimes2
----------------- testing Thu Apr 26 03:39:10 UTC 2018 /home/travis/build/icyphy/ptII/ptolemy/domains/de/test/auto/DateDemo.xml
3 ms. Memory: 470528K Free: 364113K (77%)
reloadAllAccessors: .DateDemo
----------------- testing Thu Apr 26 03:39:10 UTC 2018 /home/travis/build/icyphy/ptII/ptolemy/domains/de/test/auto/DateToEvent.xml
2003 ms. Memory: 470528K Free: 340748K (72%)
reloadAllAccessors: .DateToEvent
[...]
java.lang.RuntimeException: Execution failed
	at ptolemy.moml.MoMLSimpleApplication$UnloadThread.run(MoMLSimpleApplication.java:402)
Caused by: ptolemy.kernel.util.IllegalActionException: Test fails in iteration 1.
Value was: 1.0. Should have been: 2.0
  in .DirectFeedback.Test
	at ptolemy.actor.lib.Test.fire(Test.java:268)
	at ptolemy.domains.de.kernel.DEDirector._fire(DEDirector.java:1948)
	at ptolemy.domains.de.kernel.DEDirector.fire(DEDirector.java:502)
	at ptolemy.actor.CompositeActor.fire(CompositeActor.java:455)
	at ptolemy.actor.Manager.iterate(Manager.java:851)
	at ptolemy.actor.Manager.execute(Manager.java:369)
	at ptolemy.actor.Manager.run(Manager.java:1263)
	at ptolemy.actor.Manager$PtolemyRunThread.run(Manager.java:1915)
java.lang.RuntimeException: Execution failed
	at ptolemy.moml.MoMLSimpleApplication$UnloadThread.run(MoMLSimpleApplication.java:402)
Caused by: ptolemy.kernel.util.IllegalActionException: Actor is not ready to fire.  Perhaps UpSample.prefire() returned false? Try debugging the actor by selecting "Listen to Actor".  Also, for SDF check moml for tokenConsumptionRate on input.
  in .DESDFClockTest.Play Bell.Copy1:SDF Director and .DESDFClockTest.Play Bell.UpSample
	at ptolemy.actor.sched.StaticSchedulingDirector.fire(StaticSchedulingDirector.java:227)
	at ptolemy.domains.sdf.kernel.SDFDirector.fire(SDFDirector.java:500)
	at ptolemy.actor.CompositeActor.fire(CompositeActor.java:455)
	at ptolemy.domains.de.kernel.DEDirector._fire(DEDirector.java:1948)
	at ptolemy.domains.de.kernel.DEDirector.fire(DEDirector.java:502)
	at ptolemy.actor.CompositeActor.fire(CompositeActor.java:455)
	at ptolemy.actor.Manager.iterate(Manager.java:851)
	at ptolemy.actor.Manager.execute(Manager.java:369)
	at ptolemy.actor.Manager.run(Manager.java:1263)
	at ptolemy.actor.Manager$PtolemyRunThread.run(Manager.java:1915)
java.lang.reflect.InvocationTargetException
	at sun.reflect.NativeConstructorAccessorImpl.newInstance0(Native Method)
	at sun.reflect.NativeConstructorAccessorImpl.newInstance(NativeConstructorAccessorImpl.java:62)
	at sun.reflect.DelegatingConstructorAccessorImpl.newInstance(DelegatingConstructorAccessorImpl.java:45)
	at java.lang.reflect.Constructor.newInstance(Constructor.java:423)
	at ptolemy.util.test.junit.AutoKnownFailedTests.RunModel(AutoKnownFailedTests.java:107)
	at sun.reflect.NativeMethodAccessorImpl.invoke0(Native Method)
	at sun.reflect.NativeMethodAccessorImpl.invoke(NativeMethodAccessorImpl.java:62)
	at sun.reflect.DelegatingMethodAccessorImpl.invoke(DelegatingMethodAccessorImpl.java:43)
	at java.lang.reflect.Method.invoke(Method.java:498)
	at org.junit.runners.model.FrameworkMethod$1.runReflectiveCall(FrameworkMethod.java:44)
	at org.junit.internal.runners.model.ReflectiveCallable.run(ReflectiveCallable.java:15)
	at org.junit.runners.model.FrameworkMethod.invokeExplosively(FrameworkMethod.java:41)
	at junitparams.internal.InvokeParameterisedMethod.evaluate(InvokeParameterisedMethod.java:102)
	at org.junit.internal.runners.statements.FailOnTimeout$1.run(FailOnTimeout.java:28)
Caused by: ptolemy.kernel.util.IllegalActionException: Actor is not ready to fire.  Perhaps UpSample.prefire() returned false? Try debugging the actor by selecting "Listen to Actor".  Also, for SDF check moml for tokenConsumptionRate on input.
  in .DESDFClockTest.Play Bell.Copy1:SDF Director and .DESDFClockTest.Play Bell.UpSample
	at ptolemy.actor.sched.StaticSchedulingDirector.fire(StaticSchedulingDirector.java:227)
	at ptolemy.domains.sdf.kernel.SDFDirector.fire(SDFDirector.java:500)
	at ptolemy.actor.CompositeActor.fire(CompositeActor.java:455)
	at ptolemy.domains.de.kernel.DEDirector._fire(DEDirector.java:1948)
	at ptolemy.domains.de.kernel.DEDirector.fire(DEDirector.java:502)
	at ptolemy.actor.CompositeActor.fire(CompositeActor.java:455)
	at ptolemy.actor.Manager.iterate(Manager.java:851)
	at ptolemy.actor.Manager.execute(Manager.java:369)
	at ptolemy.actor.Manager.run(Manager.java:1263)
	at ptolemy.actor.Manager$PtolemyRunThread.run(Manager.java:1915)
java.lang.RuntimeException: Execution failed
	at ptolemy.moml.MoMLSimpleApplication$UnloadThread.run(MoMLSimpleApplication.java:402)
Caused by: ptolemy.kernel.util.IllegalActionException: Test fails in iteration 1.
Value was: 1.0. Should have been: 2.0
  in .DirectFeedback.Test
	at ptolemy.actor.lib.Test.fire(Test.java:268)
	at ptolemy.domains.de.kernel.DEDirector._fire(DEDirector.java:1948)
	at ptolemy.domains.de.kernel.DEDirector.fire(DEDirector.java:502)
	at ptolemy.actor.CompositeActor.fire(CompositeActor.java:455)
	at ptolemy.actor.Manager.iterate(Manager.java:851)
	at ptolemy.actor.Manager.execute(Manager.java:369)
	at ptolemy.actor.Manager.run(Manager.java:1263)
	at ptolemy.actor.Manager$PtolemyRunThread.run(Manager.java:1915)
java.lang.reflect.InvocationTargetException
	at sun.reflect.NativeConstructorAccessorImpl.newInstance0(Native Method)
	at sun.reflect.NativeConstructorAccessorImpl.newInstance(NativeConstructorAccessorImpl.java:62)
	at sun.reflect.DelegatingConstructorAccessorImpl.newInstance(DelegatingConstructorAccessorImpl.java:45)
	at java.lang.reflect.Constructor.newInstance(Constructor.java:423)
	at ptolemy.util.test.junit.AutoKnownFailedTests.RunModel(AutoKnownFailedTests.java:107)
	at sun.reflect.NativeMethodAccessorImpl.invoke0(Native Method)
	at sun.reflect.NativeMethodAccessorImpl.invoke(NativeMethodAccessorImpl.java:62)
	at sun.reflect.DelegatingMethodAccessorImpl.invoke(DelegatingMethodAccessorImpl.java:43)
	at java.lang.reflect.Method.invoke(Method.java:498)
	at org.junit.runners.model.FrameworkMethod$1.runReflectiveCall(FrameworkMethod.java:44)
	at org.junit.internal.runners.model.ReflectiveCallable.run(ReflectiveCallable.java:15)
	at org.junit.runners.model.FrameworkMethod.invokeExplosively(FrameworkMethod.java:41)
	at junitparams.internal.InvokeParameterisedMethod.evaluate(InvokeParameterisedMethod.java:102)
	at org.junit.internal.runners.statements.FailOnTimeout$1.run(FailOnTimeout.java:28)
Caused by: ptolemy.kernel.util.IllegalActionException: Test fails in iteration 1.
Value was: 1.0. Should have been: 2.0
  in .DirectFeedback.Test
	at ptolemy.actor.lib.Test.fire(Test.java:268)
	at ptolemy.domains.de.kernel.DEDirector._fire(DEDirector.java:1948)
	at ptolemy.domains.de.kernel.DEDirector.fire(DEDirector.java:502)
	at ptolemy.actor.CompositeActor.fire(CompositeActor.java:455)
	at ptolemy.actor.Manager.iterate(Manager.java:851)
	at ptolemy.actor.Manager.execute(Manager.java:369)
	at ptolemy.actor.Manager.run(Manager.java:1263)
	at ptolemy.actor.Manager$PtolemyRunThread.run(Manager.java:1915)
java.lang.RuntimeException: Execution failed
	at ptolemy.moml.MoMLSimpleApplication$UnloadThread.run(MoMLSimpleApplication.java:402)
Caused by: ptolemy.kernel.util.IllegalActionException: Found a zero delay loop containing .HierarchicalModel.A
  in .HierarchicalModel and .HierarchicalModel.A
	at ptolemy.actor.util.CausalityInterfaceForComposites._computeOutputPortDepth(CausalityInterfaceForComposites.java:759)
	at ptolemy.actor.util.CausalityInterfaceForComposites._computeInputDepth(CausalityInterfaceForComposites.java:696)
	at ptolemy.actor.util.CausalityInterfaceForComposites._computeOutputPortDepth(CausalityInterfaceForComposites.java:765)
	at ptolemy.actor.util.CausalityInterfaceForComposites._computeInputDepth(CausalityInterfaceForComposites.java:696)
	at ptolemy.actor.util.CausalityInterfaceForComposites._computeOutputPortDepth(CausalityInterfaceForComposites.java:765)
	at ptolemy.actor.util.CausalityInterfaceForComposites._computeInputDepth(CausalityInterfaceForComposites.java:696)
	at ptolemy.actor.util.CausalityInterfaceForComposites._computeActorDepth(CausalityInterfaceForComposites.java:532)
	at ptolemy.actor.util.CausalityInterfaceForComposites.checkForCycles(CausalityInterfaceForComposites.java:96)
	at ptolemy.domains.de.kernel.DEDirector.preinitialize(DEDirector.java:1337)
	at ptolemy.actor.CompositeActor.preinitialize(CompositeActor.java:1828)
	at ptolemy.actor.Manager.preinitializeAndResolveTypes(Manager.java:1040)
	at ptolemy.actor.Manager.initialize(Manager.java:710)
	at ptolemy.actor.Manager.execute(Manager.java:356)
	at ptolemy.actor.Manager.run(Manager.java:1263)
	at ptolemy.actor.Manager$PtolemyRunThread.run(Manager.java:1915)
java.lang.reflect.InvocationTargetException
	at sun.reflect.NativeConstructorAccessorImpl.newInstance0(Native Method)
	at sun.reflect.NativeConstructorAccessorImpl.newInstance(NativeConstructorAccessorImpl.java:62)
	at sun.reflect.DelegatingConstructorAccessorImpl.newInstance(DelegatingConstructorAccessorImpl.java:45)
	at java.lang.reflect.Constructor.newInstance(Constructor.java:423)
	at ptolemy.util.test.junit.AutoKnownFailedTests.RunModel(AutoKnownFailedTests.java:107)
	at sun.reflect.NativeMethodAccessorImpl.invoke0(Native Method)
	at sun.reflect.NativeMethodAccessorImpl.invoke(NativeMethodAccessorImpl.java:62)
	at sun.reflect.DelegatingMethodAccessorImpl.invoke(DelegatingMethodAccessorImpl.java:43)
	at java.lang.reflect.Method.invoke(Method.java:498)
	at org.junit.runners.model.FrameworkMethod$1.runReflectiveCall(FrameworkMethod.java:44)
	at org.junit.internal.runners.model.ReflectiveCallable.run(ReflectiveCallable.java:15)
	at org.junit.runners.model.FrameworkMethod.invokeExplosively(FrameworkMethod.java:41)
	at junitparams.internal.InvokeParameterisedMethod.evaluate(InvokeParameterisedMethod.java:102)
	at org.junit.internal.runners.statements.FailOnTimeout$1.run(FailOnTimeout.java:28)
Caused by: ptolemy.kernel.util.IllegalActionException: Found a zero delay loop containing .HierarchicalModel.A
  in .HierarchicalModel and .HierarchicalModel.A
	at ptolemy.actor.util.CausalityInterfaceForComposites._computeOutputPortDepth(CausalityInterfaceForComposites.java:759)
	at ptolemy.actor.util.CausalityInterfaceForComposites._computeInputDepth(CausalityInterfaceForComposites.java:696)
	at ptolemy.actor.util.CausalityInterfaceForComposites._computeOutputPortDepth(CausalityInterfaceForComposites.java:765)
	at ptolemy.actor.util.CausalityInterfaceForComposites._computeInputDepth(CausalityInterfaceForComposites.java:696)
	at ptolemy.actor.util.CausalityInterfaceForComposites._computeOutputPortDepth(CausalityInterfaceForComposites.java:765)
	at ptolemy.actor.util.CausalityInterfaceForComposites._computeInputDepth(CausalityInterfaceForComposites.java:696)
	at ptolemy.actor.util.CausalityInterfaceForComposites._computeActorDepth(CausalityInterfaceForComposites.java:532)
	at ptolemy.actor.util.CausalityInterfaceForComposites.checkForCycles(CausalityInterfaceForComposites.java:96)
	at ptolemy.domains.de.kernel.DEDirector.preinitialize(DEDirector.java:1337)
	at ptolemy.actor.CompositeActor.preinitialize(CompositeActor.java:1828)
	at ptolemy.actor.Manager.preinitializeAndResolveTypes(Manager.java:1040)
	at ptolemy.actor.Manager.initialize(Manager.java:710)
	at ptolemy.actor.Manager.execute(Manager.java:356)
	at ptolemy.actor.Manager.run(Manager.java:1263)
	at ptolemy.actor.Manager$PtolemyRunThread.run(Manager.java:1915)
java.lang.RuntimeException: Execution failed
	at ptolemy.moml.MoMLSimpleApplication$UnloadThread.run(MoMLSimpleApplication.java:402)
Caused by: ptolemy.kernel.util.IllegalActionException: Found a zero delay loop containing .dependencyLoop.original
  in .dependencyLoop and .dependencyLoop.original
	at ptolemy.actor.util.CausalityInterfaceForComposites._computeOutputPortDepth(CausalityInterfaceForComposites.java:759)
	at ptolemy.actor.util.CausalityInterfaceForComposites._computeInputDepth(CausalityInterfaceForComposites.java:696)
	at ptolemy.actor.util.CausalityInterfaceForComposites._computeOutputPortDepth(CausalityInterfaceForComposites.java:765)
	at ptolemy.actor.util.CausalityInterfaceForComposites._computeInputDepth(CausalityInterfaceForComposites.java:696)
	at ptolemy.actor.util.CausalityInterfaceForComposites._computeOutputPortDepth(CausalityInterfaceForComposites.java:765)
	at ptolemy.actor.util.CausalityInterfaceForComposites._computeInputDepth(CausalityInterfaceForComposites.java:696)
	at ptolemy.actor.util.CausalityInterfaceForComposites._computeActorDepth(CausalityInterfaceForComposites.java:532)
	at ptolemy.actor.util.CausalityInterfaceForComposites.checkForCycles(CausalityInterfaceForComposites.java:96)
	at ptolemy.domains.de.kernel.DEDirector.preinitialize(DEDirector.java:1337)
	at ptolemy.actor.CompositeActor.preinitialize(CompositeActor.java:1828)
	at ptolemy.actor.Manager.preinitializeAndResolveTypes(Manager.java:1040)
	at ptolemy.actor.Manager.initialize(Manager.java:710)
	at ptolemy.actor.Manager.execute(Manager.java:356)
	at ptolemy.actor.Manager.run(Manager.java:1263)
	at ptolemy.actor.Manager$PtolemyRunThread.run(Manager.java:1915)
java.lang.reflect.InvocationTargetException
	at sun.reflect.NativeConstructorAccessorImpl.newInstance0(Native Method)
	at sun.reflect.NativeConstructorAccessorImpl.newInstance(NativeConstructorAccessorImpl.java:62)
	at sun.reflect.DelegatingConstructorAccessorImpl.newInstance(DelegatingConstructorAccessorImpl.java:45)
	at java.lang.reflect.Constructor.newInstance(Constructor.java:423)
	at ptolemy.util.test.junit.AutoKnownFailedTests.RunModel(AutoKnownFailedTests.java:107)
	at sun.reflect.NativeMethodAccessorImpl.invoke0(Native Method)
	at sun.reflect.NativeMethodAccessorImpl.invoke(NativeMethodAccessorImpl.java:62)
	at sun.reflect.DelegatingMethodAccessorImpl.invoke(DelegatingMethodAccessorImpl.java:43)
	at java.lang.reflect.Method.invoke(Method.java:498)
	at org.junit.runners.model.FrameworkMethod$1.runReflectiveCall(FrameworkMethod.java:44)
	at org.junit.internal.runners.model.ReflectiveCallable.run(ReflectiveCallable.java:15)
	at org.junit.runners.model.FrameworkMethod.invokeExplosively(FrameworkMethod.java:41)
	at junitparams.internal.InvokeParameterisedMethod.evaluate(InvokeParameterisedMethod.java:102)
	at org.junit.internal.runners.statements.FailOnTimeout$1.run(FailOnTimeout.java:28)
Caused by: ptolemy.kernel.util.IllegalActionException: Found a zero delay loop containing .dependencyLoop.original
  in .dependencyLoop and .dependencyLoop.original
	at ptolemy.actor.util.CausalityInterfaceForComposites._computeOutputPortDepth(CausalityInterfaceForComposites.java:759)
	at ptolemy.actor.util.CausalityInterfaceForComposites._computeInputDepth(CausalityInterfaceForComposites.java:696)
	at ptolemy.actor.util.CausalityInterfaceForComposites._computeOutputPortDepth(CausalityInterfaceForComposites.java:765)
	at ptolemy.actor.util.CausalityInterfaceForComposites._computeInputDepth(CausalityInterfaceForComposites.java:696)
	at ptolemy.actor.util.CausalityInterfaceForComposites._computeOutputPortDepth(CausalityInterfaceForComposites.java:765)
	at ptolemy.actor.util.CausalityInterfaceForComposites._computeInputDepth(CausalityInterfaceForComposites.java:696)
	at ptolemy.actor.util.CausalityInterfaceForComposites._computeActorDepth(CausalityInterfaceForComposites.java:532)
	at ptolemy.actor.util.CausalityInterfaceForComposites.checkForCycles(CausalityInterfaceForComposites.java:96)
	at ptolemy.domains.de.kernel.DEDirector.preinitialize(DEDirector.java:1337)
	at ptolemy.actor.CompositeActor.preinitialize(CompositeActor.java:1828)
	at ptolemy.actor.Manager.preinitializeAndResolveTypes(Manager.java:1040)
	at ptolemy.actor.Manager.initialize(Manager.java:710)
	at ptolemy.actor.Manager.execute(Manager.java:356)
	at ptolemy.actor.Manager.run(Manager.java:1263)
	at ptolemy.actor.Manager$PtolemyRunThread.run(Manager.java:1915)
java.lang.RuntimeException: Execution failed
	at ptolemy.moml.MoMLSimpleApplication$UnloadThread.run(MoMLSimpleApplication.java:402)
Caused by: ptolemy.kernel.util.IllegalActionException: Found a zero delay loop containing .dependencyLoop2.original
  in .dependencyLoop2 and .dependencyLoop2.original
	at ptolemy.actor.util.CausalityInterfaceForComposites._computeOutputPortDepth(CausalityInterfaceForComposites.java:759)
	at ptolemy.actor.util.CausalityInterfaceForComposites._computeInputDepth(CausalityInterfaceForComposites.java:696)
	at ptolemy.actor.util.CausalityInterfaceForComposites._computeOutputPortDepth(CausalityInterfaceForComposites.java:765)
	at ptolemy.actor.util.CausalityInterfaceForComposites._computeInputDepth(CausalityInterfaceForComposites.java:696)
	at ptolemy.actor.util.CausalityInterfaceForComposites._computeOutputPortDepth(CausalityInterfaceForComposites.java:765)
	at ptolemy.actor.util.CausalityInterfaceForComposites._computeInputDepth(CausalityInterfaceForComposites.java:696)
	at ptolemy.actor.util.CausalityInterfaceForComposites._computeActorDepth(CausalityInterfaceForComposites.java:532)
	at ptolemy.actor.util.CausalityInterfaceForComposites.checkForCycles(CausalityInterfaceForComposites.java:96)
	at ptolemy.domains.de.kernel.DEDirector.preinitialize(DEDirector.java:1337)
	at ptolemy.actor.CompositeActor.preinitialize(CompositeActor.java:1828)
	at ptolemy.actor.Manager.preinitializeAndResolveTypes(Manager.java:1040)
	at ptolemy.actor.Manager.initialize(Manager.java:710)
	at ptolemy.actor.Manager.execute(Manager.java:356)
	at ptolemy.actor.Manager.run(Manager.java:1263)
	at ptolemy.actor.Manager$PtolemyRunThread.run(Manager.java:1915)
java.lang.reflect.InvocationTargetException
	at sun.reflect.NativeConstructorAccessorImpl.newInstance0(Native Method)
	at sun.reflect.NativeConstructorAccessorImpl.newInstance(NativeConstructorAccessorImpl.java:62)
	at sun.reflect.DelegatingConstructorAccessorImpl.newInstance(DelegatingConstructorAccessorImpl.java:45)
	at java.lang.reflect.Constructor.newInstance(Constructor.java:423)
	at ptolemy.util.test.junit.AutoKnownFailedTests.RunModel(AutoKnownFailedTests.java:107)
	at sun.reflect.NativeMethodAccessorImpl.invoke0(Native Method)
	at sun.reflect.NativeMethodAccessorImpl.invoke(NativeMethodAccessorImpl.java:62)
	at sun.reflect.DelegatingMethodAccessorImpl.invoke(DelegatingMethodAccessorImpl.java:43)
	at java.lang.reflect.Method.invoke(Method.java:498)
	at org.junit.runners.model.FrameworkMethod$1.runReflectiveCall(FrameworkMethod.java:44)
	at org.junit.internal.runners.model.ReflectiveCallable.run(ReflectiveCallable.java:15)
	at org.junit.runners.model.FrameworkMethod.invokeExplosively(FrameworkMethod.java:41)
	at junitparams.internal.InvokeParameterisedMethod.evaluate(InvokeParameterisedMethod.java:102)
	at org.junit.internal.runners.statements.FailOnTimeout$1.run(FailOnTimeout.java:28)
Caused by: ptolemy.kernel.util.IllegalActionException: Found a zero delay loop containing .dependencyLoop2.original
  in .dependencyLoop2 and .dependencyLoop2.original
	at ptolemy.actor.util.CausalityInterfaceForComposites._computeOutputPortDepth(CausalityInterfaceForComposites.java:759)
	at ptolemy.actor.util.CausalityInterfaceForComposites._computeInputDepth(CausalityInterfaceForComposites.java:696)
	at ptolemy.actor.util.CausalityInterfaceForComposites._computeOutputPortDepth(CausalityInterfaceForComposites.java:765)
	at ptolemy.actor.util.CausalityInterfaceForComposites._computeInputDepth(CausalityInterfaceForComposites.java:696)
	at ptolemy.actor.util.CausalityInterfaceForComposites._computeOutputPortDepth(CausalityInterfaceForComposites.java:765)
	at ptolemy.actor.util.CausalityInterfaceForComposites._computeInputDepth(CausalityInterfaceForComposites.java:696)
	at ptolemy.actor.util.CausalityInterfaceForComposites._computeActorDepth(CausalityInterfaceForComposites.java:532)
	at ptolemy.actor.util.CausalityInterfaceForComposites.checkForCycles(CausalityInterfaceForComposites.java:96)
	at ptolemy.domains.de.kernel.DEDirector.preinitialize(DEDirector.java:1337)
	at ptolemy.actor.CompositeActor.preinitialize(CompositeActor.java:1828)
	at ptolemy.actor.Manager.preinitializeAndResolveTypes(Manager.java:1040)
	at ptolemy.actor.Manager.initialize(Manager.java:710)
	at ptolemy.actor.Manager.execute(Manager.java:356)
	at ptolemy.actor.Manager.run(Manager.java:1263)
	at ptolemy.actor.Manager$PtolemyRunThread.run(Manager.java:1915)
]]></system-err>
</testsuite>
