<?xml version="1.0" encoding="UTF-8" ?>
<testsuite errors="0" failures="0" hostname="travis-job-e4980e71-e915-4901-88e7-ba0e224c38d4" name="ptolemy.domains.de.test.junit.JUnitTclTest" skipped="0" tests="101" time="127.122" timestamp="2018-04-25T23:35:27">
  <properties>
[...]
</properties>
  <testcase classname="ptolemy.util.test.junit.TclTests" name="[0] /home/travis/build/icyphy/ptII/ptolemy/domains/de/test/DependencyLoop.tcl (RunTclFile)" time="0.736" />
  <testcase classname="ptolemy.util.test.junit.TclTests" name="[1] /home/travis/build/icyphy/ptII/ptolemy/domains/de/test/RunDETestsAsQSS.tcl (RunTclFile)" time="87.716" />
  <testcase classname="ptolemy.util.test.junit.AutoKnownFailedTests" name="[0] /home/travis/build/icyphy/ptII/ptolemy/domains/de/test/auto/knownFailedTests/DESDFClockTest.xml (RunModel)" time="2.021" />
  <testcase classname="ptolemy.util.test.junit.AutoKnownFailedTests" name="[1] /home/travis/build/icyphy/ptII/ptolemy/domains/de/test/auto/knownFailedTests/DirectFeedback.xml (RunModel)" time="0.006" />
  <testcase classname="ptolemy.util.test.junit.AutoKnownFailedTests" name="[2] /home/travis/build/icyphy/ptII/ptolemy/domains/de/test/auto/knownFailedTests/FSMSource.xml (RunModel)" time="0.016" />
  <testcase classname="ptolemy.util.test.junit.AutoKnownFailedTests" name="[3] /home/travis/build/icyphy/ptII/ptolemy/domains/de/test/auto/knownFailedTests/HierarchicalModel.xml (RunModel)" time="0.032" />
  <testcase classname="ptolemy.util.test.junit.AutoKnownFailedTests" name="[4] /home/travis/build/icyphy/ptII/ptolemy/domains/de/test/auto/knownFailedTests/dependencyLoop.xml (RunModel)" time="0.024" />
  <testcase classname="ptolemy.util.test.junit.AutoKnownFailedTests" name="[5] /home/travis/build/icyphy/ptII/ptolemy/domains/de/test/auto/knownFailedTests/dependencyLoop2.xml (RunModel)" time="0.028" />
  <testcase classname="ptolemy.util.test.junit.AutoNameArchTests" name="[0] ThereAreNoAutoTests (RunModel)" time="0.001" />
  <testcase classname="ptolemy.util.test.junit.AutoTests" name="[0] /home/travis/build/icyphy/ptII/ptolemy/domains/de/test/auto/ActorDepthCalculation_actorWithoutPorts.xml (RunModel)" time="0.008" />
  <testcase classname="ptolemy.util.test.junit.AutoTests" name="[1] /home/travis/build/icyphy/ptII/ptolemy/domains/de/test/auto/AssemblyLine.xml (RunModel)" time="0.01" />
  <testcase classname="ptolemy.util.test.junit.AutoTests" name="[2] /home/travis/build/icyphy/ptII/ptolemy/domains/de/test/auto/CQBug1.xml (RunModel)" time="0.004" />
  <testcase classname="ptolemy.util.test.junit.AutoTests" name="[3] /home/travis/build/icyphy/ptII/ptolemy/domains/de/test/auto/CancelFireAt.xml (RunModel)" time="0.004" />
  <testcase classname="ptolemy.util.test.junit.AutoTests" name="[4] /home/travis/build/icyphy/ptII/ptolemy/domains/de/test/auto/CausalityAndComposabilityAnalysis.xml (RunModel)" time="0.007" />
  <testcase classname="ptolemy.util.test.junit.AutoTests" name="[5] /home/travis/build/icyphy/ptII/ptolemy/domains/de/test/auto/CausalityInterface1.xml (RunModel)" time="0.008" />
  <testcase classname="ptolemy.util.test.junit.AutoTests" name="[6] /home/travis/build/icyphy/ptII/ptolemy/domains/de/test/auto/CausalityInterface15.xml (RunModel)" time="0.008" />
  <testcase classname="ptolemy.util.test.junit.AutoTests" name="[7] /home/travis/build/icyphy/ptII/ptolemy/domains/de/test/auto/CausalityInterface2.xml (RunModel)" time="0.007" />
  <testcase classname="ptolemy.util.test.junit.AutoTests" name="[8] /home/travis/build/icyphy/ptII/ptolemy/domains/de/test/auto/CausalityInterface3.xml (RunModel)" time="0.019" />
  <testcase classname="ptolemy.util.test.junit.AutoTests" name="[9] /home/travis/build/icyphy/ptII/ptolemy/domains/de/test/auto/ClockDrift.xml (RunModel)" time="0.028" />
  <testcase classname="ptolemy.util.test.junit.AutoTests" name="[10] /home/travis/build/icyphy/ptII/ptolemy/domains/de/test/auto/ClockDriftAndValueChange.xml (RunModel)" time="0.02" />
  <testcase classname="ptolemy.util.test.junit.AutoTests" name="[11] /home/travis/build/icyphy/ptII/ptolemy/domains/de/test/auto/ClockDriftChange.xml (RunModel)" time="0.017" />
  <testcase classname="ptolemy.util.test.junit.AutoTests" name="[12] /home/travis/build/icyphy/ptII/ptolemy/domains/de/test/auto/ComposableCausalityAnalysis.xml (RunModel)" time="0.012" />
  <testcase classname="ptolemy.util.test.junit.AutoTests" name="[13] /home/travis/build/icyphy/ptII/ptolemy/domains/de/test/auto/DEFixedPointLimitation.xml (RunModel)" time="0.006" />
  <testcase classname="ptolemy.util.test.junit.AutoTests" name="[14] /home/travis/build/icyphy/ptII/ptolemy/domains/de/test/auto/DEScheduleTest.xml (RunModel)" time="0.016" />
  <testcase classname="ptolemy.util.test.junit.AutoTests" name="[15] /home/travis/build/icyphy/ptII/ptolemy/domains/de/test/auto/DEinDEwithStartTimes.xml (RunModel)" time="0.011" />
  <testcase classname="ptolemy.util.test.junit.AutoTests" name="[16] /home/travis/build/icyphy/ptII/ptolemy/domains/de/test/auto/DEinDEwithStartTimes2.xml (RunModel)" time="0.011" />
  <testcase classname="ptolemy.util.test.junit.AutoTests" name="[17] /home/travis/build/icyphy/ptII/ptolemy/domains/de/test/auto/DateDemo.xml (RunModel)" time="0.02" />
  <testcase classname="ptolemy.util.test.junit.AutoTests" name="[18] /home/travis/build/icyphy/ptII/ptolemy/domains/de/test/auto/DateToEvent.xml (RunModel)" time="2.028" />
  <testcase classname="ptolemy.util.test.junit.AutoTests" name="[19] /home/travis/build/icyphy/ptII/ptolemy/domains/de/test/auto/DepthTest1.xml (RunModel)" time="0.005" />
  <testcase classname="ptolemy.util.test.junit.AutoTests" name="[20] /home/travis/build/icyphy/ptII/ptolemy/domains/de/test/auto/DepthTest2.xml (RunModel)" time="0.01" />
  <testcase classname="ptolemy.util.test.junit.AutoTests" name="[21] /home/travis/build/icyphy/ptII/ptolemy/domains/de/test/auto/DepthTest3.xml (RunModel)" time="0.004" />
  <testcase classname="ptolemy.util.test.junit.AutoTests" name="[22] /home/travis/build/icyphy/ptII/ptolemy/domains/de/test/auto/DepthTest4.xml (RunModel)" time="0.008" />
  <testcase classname="ptolemy.util.test.junit.AutoTests" name="[23] /home/travis/build/icyphy/ptII/ptolemy/domains/de/test/auto/DepthTest5.xml (RunModel)" time="0.008" />
  <testcase classname="ptolemy.util.test.junit.AutoTests" name="[24] /home/travis/build/icyphy/ptII/ptolemy/domains/de/test/auto/DepthTest6.xml (RunModel)" time="0.015" />
  <testcase classname="ptolemy.util.test.junit.AutoTests" name="[25] /home/travis/build/icyphy/ptII/ptolemy/domains/de/test/auto/DepthTest7.xml (RunModel)" time="0.012" />
  <testcase classname="ptolemy.util.test.junit.AutoTests" name="[26] /home/travis/build/icyphy/ptII/ptolemy/domains/de/test/auto/EventToDate.xml (RunModel)" time="3.029" />
  <testcase classname="ptolemy.util.test.junit.AutoTests" name="[27] /home/travis/build/icyphy/ptII/ptolemy/domains/de/test/auto/FSM1.xml (RunModel)" time="0.025" />
  <testcase classname="ptolemy.util.test.junit.AutoTests" name="[28] /home/travis/build/icyphy/ptII/ptolemy/domains/de/test/auto/FSM7.xml (RunModel)" time="0.037" />
  <testcase classname="ptolemy.util.test.junit.AutoTests" name="[29] /home/travis/build/icyphy/ptII/ptolemy/domains/de/test/auto/Inspection.xml (RunModel)" time="0.024" />
  <testcase classname="ptolemy.util.test.junit.AutoTests" name="[30] /home/travis/build/icyphy/ptII/ptolemy/domains/de/test/auto/Iteration.xml (RunModel)" time="0.011" />
  <testcase classname="ptolemy.util.test.junit.AutoTests" name="[31] /home/travis/build/icyphy/ptII/ptolemy/domains/de/test/auto/LineFault.xml (RunModel)" time="0.365" />
  <testcase classname="ptolemy.util.test.junit.AutoTests" name="[32] /home/travis/build/icyphy/ptII/ptolemy/domains/de/test/auto/MergeModel1Add.xml (RunModel)" time="0.028" />
  <testcase classname="ptolemy.util.test.junit.AutoTests" name="[33] /home/travis/build/icyphy/ptII/ptolemy/domains/de/test/auto/MergeModel2Add.xml (RunModel)" time="0.026" />
  <testcase classname="ptolemy.util.test.junit.AutoTests" name="[34] /home/travis/build/icyphy/ptII/ptolemy/domains/de/test/auto/MergeModel3Add.xml (RunModel)" time="0.03" />
  <testcase classname="ptolemy.util.test.junit.AutoTests" name="[35] /home/travis/build/icyphy/ptII/ptolemy/domains/de/test/auto/MergeWithoutDiscard.xml (RunModel)" time="0.008" />
  <testcase classname="ptolemy.util.test.junit.AutoTests" name="[36] /home/travis/build/icyphy/ptII/ptolemy/domains/de/test/auto/Modal1.xml (RunModel)" time="0.022" />
  <testcase classname="ptolemy.util.test.junit.AutoTests" name="[37] /home/travis/build/icyphy/ptII/ptolemy/domains/de/test/auto/Modal2.xml (RunModel)" time="0.02" />
  <testcase classname="ptolemy.util.test.junit.AutoTests" name="[38] /home/travis/build/icyphy/ptII/ptolemy/domains/de/test/auto/Modal3.xml (RunModel)" time="0.019" />
  <testcase classname="ptolemy.util.test.junit.AutoTests" name="[39] /home/travis/build/icyphy/ptII/ptolemy/domains/de/test/auto/Modal4.xml (RunModel)" time="0.022" />
  <testcase classname="ptolemy.util.test.junit.AutoTests" name="[40] /home/travis/build/icyphy/ptII/ptolemy/domains/de/test/auto/Modal5.xml (RunModel)" time="0.02" />
  <testcase classname="ptolemy.util.test.junit.AutoTests" name="[41] /home/travis/build/icyphy/ptII/ptolemy/domains/de/test/auto/Modal6.xml (RunModel)" time="0.019" />
  <testcase classname="ptolemy.util.test.junit.AutoTests" name="[42] /home/travis/build/icyphy/ptII/ptolemy/domains/de/test/auto/Modal7.xml (RunModel)" time="0.019" />
  <testcase classname="ptolemy.util.test.junit.AutoTests" name="[43] /home/travis/build/icyphy/ptII/ptolemy/domains/de/test/auto/ModalModel.xml (RunModel)" time="0.12" />
  <testcase classname="ptolemy.util.test.junit.AutoTests" name="[44] /home/travis/build/icyphy/ptII/ptolemy/domains/de/test/auto/ModalSource.xml (RunModel)" time="0.011" />
  <testcase classname="ptolemy.util.test.junit.AutoTests" name="[45] /home/travis/build/icyphy/ptII/ptolemy/domains/de/test/auto/NonInterruptibleTimerZeroDelay.xml (RunModel)" time="0.006" />
  <testcase classname="ptolemy.util.test.junit.AutoTests" name="[46] /home/travis/build/icyphy/ptII/ptolemy/domains/de/test/auto/OpenQueueingNetwork.xml (RunModel)" time="2.017" />
  <testcase classname="ptolemy.util.test.junit.AutoTests" name="[47] /home/travis/build/icyphy/ptII/ptolemy/domains/de/test/auto/OpenQueuingNetwork.xml (RunModel)" time="0.309" />
  <testcase classname="ptolemy.util.test.junit.AutoTests" name="[48] /home/travis/build/icyphy/ptII/ptolemy/domains/de/test/auto/PeriodicSampler.xml (RunModel)" time="0.008" />
  <testcase classname="ptolemy.util.test.junit.AutoTests" name="[49] /home/travis/build/icyphy/ptII/ptolemy/domains/de/test/auto/PersistentIO.xml (RunModel)" time="0.02" />
  <testcase classname="ptolemy.util.test.junit.AutoTests" name="[50] /home/travis/build/icyphy/ptII/ptolemy/domains/de/test/auto/PortParameterResetOnInitialize.xml (RunModel)" time="0.007" />
  <testcase classname="ptolemy.util.test.junit.AutoTests" name="[51] /home/travis/build/icyphy/ptII/ptolemy/domains/de/test/auto/PortParameterUpdates.xml (RunModel)" time="0.015" />
  <testcase classname="ptolemy.util.test.junit.AutoTests" name="[52] /home/travis/build/icyphy/ptII/ptolemy/domains/de/test/auto/QueueAndServer.xml (RunModel)" time="0.018" />
  <testcase classname="ptolemy.util.test.junit.AutoTests" name="[53] /home/travis/build/icyphy/ptII/ptolemy/domains/de/test/auto/Records.xml (RunModel)" time="0.023" />
  <testcase classname="ptolemy.util.test.junit.AutoTests" name="[54] /home/travis/build/icyphy/ptII/ptolemy/domains/de/test/auto/ResetTransitionWithStartTime1.xml (RunModel)" time="0.017" />
  <testcase classname="ptolemy.util.test.junit.AutoTests" name="[55] /home/travis/build/icyphy/ptII/ptolemy/domains/de/test/auto/ResetTransitionWithStartTime2.xml (RunModel)" time="0.024" />
  <testcase classname="ptolemy.util.test.junit.AutoTests" name="[56] /home/travis/build/icyphy/ptII/ptolemy/domains/de/test/auto/ResetTransitionWithStartTime3.xml (RunModel)" time="0.018" />
  <testcase classname="ptolemy.util.test.junit.AutoTests" name="[57] /home/travis/build/icyphy/ptII/ptolemy/domains/de/test/auto/ResetTransitionWithStartTime4.xml (RunModel)" time="0.019" />
  <testcase classname="ptolemy.util.test.junit.AutoTests" name="[58] /home/travis/build/icyphy/ptII/ptolemy/domains/de/test/auto/ResettableTimer1.xml (RunModel)" time="0.009" />
  <testcase classname="ptolemy.util.test.junit.AutoTests" name="[59] /home/travis/build/icyphy/ptII/ptolemy/domains/de/test/auto/ResettableTimer2.xml (RunModel)" time="0.008" />
  <testcase classname="ptolemy.util.test.junit.AutoTests" name="[60] /home/travis/build/icyphy/ptII/ptolemy/domains/de/test/auto/ResettableTimer3.xml (RunModel)" time="0.008" />
  <testcase classname="ptolemy.util.test.junit.AutoTests" name="[61] /home/travis/build/icyphy/ptII/ptolemy/domains/de/test/auto/ResettableTimer4.xml (RunModel)" time="0.009" />
  <testcase classname="ptolemy.util.test.junit.AutoTests" name="[62] /home/travis/build/icyphy/ptII/ptolemy/domains/de/test/auto/ResettableTimer5.xml (RunModel)" time="0.01" />
  <testcase classname="ptolemy.util.test.junit.AutoTests" name="[63] /home/travis/build/icyphy/ptII/ptolemy/domains/de/test/auto/ResettableTimer6.xml (RunModel)" time="0.017" />
  <testcase classname="ptolemy.util.test.junit.AutoTests" name="[64] /home/travis/build/icyphy/ptII/ptolemy/domains/de/test/auto/ServerZeroDelay.xml (RunModel)" time="0.01" />
  <testcase classname="ptolemy.util.test.junit.AutoTests" name="[65] /home/travis/build/icyphy/ptII/ptolemy/domains/de/test/auto/SmartSender.xml (RunModel)" time="3.008" />
  <testcase classname="ptolemy.util.test.junit.AutoTests" name="[66] /home/travis/build/icyphy/ptII/ptolemy/domains/de/test/auto/ThreadedComposite.xml (RunModel)" time="0.183" />
  <testcase classname="ptolemy.util.test.junit.AutoTests" name="[67] /home/travis/build/icyphy/ptII/ptolemy/domains/de/test/auto/Time.xml (RunModel)" time="0.464" />
  <testcase classname="ptolemy.util.test.junit.AutoTests" name="[68] /home/travis/build/icyphy/ptII/ptolemy/domains/de/test/auto/TimeDelayZeroDelay.xml (RunModel)" time="0.01" />
  <testcase classname="ptolemy.util.test.junit.AutoTests" name="[69] /home/travis/build/icyphy/ptII/ptolemy/domains/de/test/auto/TimerZeroDelay.xml (RunModel)" time="0.009" />
  <testcase classname="ptolemy.util.test.junit.AutoTests" name="[70] /home/travis/build/icyphy/ptII/ptolemy/domains/de/test/auto/TimingParadox.xml (RunModel)" time="0.365" />
  <testcase classname="ptolemy.util.test.junit.AutoTests" name="[71] /home/travis/build/icyphy/ptII/ptolemy/domains/de/test/auto/TransferInputs.xml (RunModel)" time="0.008" />
  <testcase classname="ptolemy.util.test.junit.AutoTests" name="[72] /home/travis/build/icyphy/ptII/ptolemy/domains/de/test/auto/TransferOutputs2.xml (RunModel)" time="0.014" />
  <testcase classname="ptolemy.util.test.junit.AutoTests" name="[73] /home/travis/build/icyphy/ptII/ptolemy/domains/de/test/auto/Trilateration.xml (RunModel)" time="11.029" />
  <testcase classname="ptolemy.util.test.junit.AutoTests" name="[74] /home/travis/build/icyphy/ptII/ptolemy/domains/de/test/auto/TwoSigmaDelta.xml (RunModel)" time="2.273" />
  <testcase classname="ptolemy.util.test.junit.AutoTests" name="[75] /home/travis/build/icyphy/ptII/ptolemy/domains/de/test/auto/VariableDelay.xml (RunModel)" time="0.01" />
  <testcase classname="ptolemy.util.test.junit.AutoTests" name="[76] /home/travis/build/icyphy/ptII/ptolemy/domains/de/test/auto/VariableDelay2.xml (RunModel)" time="0.008" />
  <testcase classname="ptolemy.util.test.junit.AutoTests" name="[77] /home/travis/build/icyphy/ptII/ptolemy/domains/de/test/auto/VariableDelayZeroDelay.xml (RunModel)" time="0.009" />
  <testcase classname="ptolemy.util.test.junit.AutoTests" name="[78] /home/travis/build/icyphy/ptII/ptolemy/domains/de/test/auto/VariableDelayZeroDelay2.xml (RunModel)" time="0.009" />
  <testcase classname="ptolemy.util.test.junit.AutoTests" name="[79] /home/travis/build/icyphy/ptII/ptolemy/domains/de/test/auto/deInCt.xml (RunModel)" time="0.013" />
  <testcase classname="ptolemy.util.test.junit.AutoTests" name="[80] /home/travis/build/icyphy/ptII/ptolemy/domains/de/test/auto/deInCt2.xml (RunModel)" time="0.011" />
  <testcase classname="ptolemy.util.test.junit.AutoTests" name="[81] /home/travis/build/icyphy/ptII/ptolemy/domains/de/test/auto/dynamicCausalityInterface1.xml (RunModel)" time="0.019" />
  <testcase classname="ptolemy.util.test.junit.AutoTests" name="[82] /home/travis/build/icyphy/ptII/ptolemy/domains/de/test/auto/fsm_de_test.xml (RunModel)" time="0.024" />
  <testcase classname="ptolemy.util.test.junit.AutoTests" name="[83] /home/travis/build/icyphy/ptII/ptolemy/domains/de/test/auto/functionDependencyReconstruction.xml (RunModel)" time="0.033" />
  <testcase classname="ptolemy.util.test.junit.AutoTests" name="[84] /home/travis/build/icyphy/ptII/ptolemy/domains/de/test/auto/multirate.xml (RunModel)" time="0.016" />
  <testcase classname="ptolemy.util.test.junit.AutoTests" name="[85] /home/travis/build/icyphy/ptII/ptolemy/domains/de/test/auto/multirate2.xml (RunModel)" time="0.014" />
  <testcase classname="ptolemy.util.test.junit.AutoTests" name="[86] /home/travis/build/icyphy/ptII/ptolemy/domains/de/test/auto/realtime.xml (RunModel)" time="10.008" />
  <testcase classname="ptolemy.util.test.junit.AutoTests" name="[87] /home/travis/build/icyphy/ptII/ptolemy/domains/de/test/auto/relationGroup.xml (RunModel)" time="0.007" />
  <testcase classname="ptolemy.util.test.junit.AutoTests" name="[88] /home/travis/build/icyphy/ptII/ptolemy/domains/de/test/auto/relationGroup2.xml (RunModel)" time="0.006" />
  <testcase classname="ptolemy.util.test.junit.AutoTests" name="[89] /home/travis/build/icyphy/ptII/ptolemy/domains/de/test/auto/sortWithOpaquePorts.xml (RunModel)" time="0.007" />
  <testcase classname="ptolemy.util.test.junit.AutoTests" name="[90] /home/travis/build/icyphy/ptII/ptolemy/domains/de/test/auto/transferInputsandOutputs.xml (RunModel)" time="0.014" />
  <testcase classname="ptolemy.util.test.junit.AutoTests" name="[91] /home/travis/build/icyphy/ptII/ptolemy/domains/de/test/auto/triggerType.xml (RunModel)" time="0.006" />
  <system-out><![CDATA[/home/travis/build/icyphy/ptII/ptolemy/domains/de/test/DependencyLoop.tcl
testDefs.tcl: setting time out to 9000 seconds at Wed Apr 25 23:35:27 UTC 2018
15 ms. Memory: 116224K Free: 93119K (80%)
7 ms. Memory: 146944K Free: 135437K (92%)
/home/travis/build/icyphy/ptII/ptolemy/domains/de/test/RunDETestsAsQSS.tcl
Run the DE tests using ptolemy.domains.qss.test.QSSDirectorTest, which extends QSSDirector and prints a message in the constructors.
------------------ testing $PTII/ptolemy/domains/de/test/auto/knownFailedTests/dependencyLoop.xml (Known Failure) 
8 ms. Memory: 146944K Free: 131162K (89%)


==== $PTIIhome/travis/build/icyphy/ptII/ptolemy/domains/de/test/../../../../: Auto Automatic test in file $PTII/ptolemy/domains/de/test/auto/knownFailedTests/dependencyLoop.xml
==== Contents of test case:

	    # FIXME: we should use $relativeFilename here, but it
	    # might have backslashes under Windows, which causes no end
	    # of trouble.
	    createAndExecute $file
	    list {}
	
.... Test generated KNOWN error:
    while executing
ptolemy.kernel.util.IllegalActionException: Found a zero delay loop containing .dependencyLoop.original
  in .dependencyLoop and .dependencyLoop.original
	at ptolemy.actor.util.CausalityInterfaceForComposites._computeOutputPortDepth(CausalityInterfaceForComposites.java:759)
	at ptolemy.actor.util.CausalityInterfaceForComposites._computeInputDepth(CausalityInterfaceForComposites.java:696)
	at ptolemy.actor.util.CausalityInterfaceForComposites._computeOutputPortDepth(CausalityInterfaceForComposites.java:765)
	at ptolemy.actor.util.CausalityInterfaceForComposites._computeInputDepth(CausalityInterfaceForComposites.java:696)
	at ptolemy.actor.util.CausalityInterfaceForComposites._computeOutputPortDepth(CausalityInterfaceForComposites.java:765)
	at ptolemy.actor.util.CausalityInterfaceForComposites._computeInputDepth(CausalityInterfaceForComposites.java:696)
	at ptolemy.actor.util.CausalityInterfaceForComposites._computeActorDepth(CausalityInterfaceForComposites.java:532)
	at ptolemy.actor.util.CausalityInterfaceForComposites.checkForCycles(CausalityInterfaceForComposites.java:96)
	at ptolemy.domains.de.kernel.DEDirector.preinitialize(DEDirector.java:1337)
	at ptolemy.actor.CompositeActor.preinitialize(CompositeActor.java:1828)
	at ptolemy.actor.Manager.preinitializeAndResolveTypes(Manager.java:1040)
	at ptolemy.actor.Manager.initialize(Manager.java:710)
	at ptolemy.actor.Manager.execute(Manager.java:356)
	at ptolemy.actor.Manager.run(Manager.java:1263)
	at ptolemy.actor.Manager$PtolemyRunThread.run(Manager.java:1915)

    while executing
ptolemy.kernel.util.IllegalActionException: Found a zero delay loop containing .dependencyLoop.original
  in .dependencyLoop and .dependencyLoop.original
    while executing
"java::new ptolemy.moml.MoMLSimpleApplication $file
"
    (procedure "createAndExecute" line 2)
    invoked from within
"createAndExecute $file"
    ("uplevel" body line 5)
    invoked from within
"uplevel $contents_of_test"
------------------ testing $PTII/ptolemy/domains/de/test/auto/knownFailedTests/DESDFClockTest.xml (Known Failure) 
2090 ms. Memory: 146944K Free: 115326K (78%)


==== $PTIIhome/travis/build/icyphy/ptII/ptolemy/domains/de/test/../../../../: Auto Automatic test in file $PTII/ptolemy/domains/de/test/auto/knownFailedTests/DESDFClockTest.xml
==== Contents of test case:

	    # FIXME: we should use $relativeFilename here, but it
	    # might have backslashes under Windows, which causes no end
	    # of trouble.
	    createAndExecute $file
	    list {}
	
.... Test generated KNOWN error:
    while executing
ptolemy.kernel.util.IllegalActionException: Actor is not ready to fire.  Perhaps UpSample.prefire() returned false? Try debugging the actor by selecting "Listen to Actor".  Also, for SDF check moml for tokenConsumptionRate on input.
  in .DESDFClockTest.Play Bell.Copy1:SDF Director and .DESDFClockTest.Play Bell.UpSample
	at ptolemy.actor.sched.StaticSchedulingDirector.fire(StaticSchedulingDirector.java:227)
	at ptolemy.domains.sdf.kernel.SDFDirector.fire(SDFDirector.java:500)
	at ptolemy.actor.CompositeActor.fire(CompositeActor.java:455)
	at ptolemy.domains.de.kernel.DEDirector._fire(DEDirector.java:1948)
	at ptolemy.domains.de.kernel.DEDirector.fire(DEDirector.java:502)
	at ptolemy.actor.CompositeActor.fire(CompositeActor.java:455)
	at ptolemy.actor.Manager.iterate(Manager.java:851)
	at ptolemy.actor.Manager.execute(Manager.java:369)
	at ptolemy.actor.Manager.run(Manager.java:1263)
	at ptolemy.actor.Manager$PtolemyRunThread.run(Manager.java:1915)

    while executing
ptolemy.kernel.util.IllegalActionException: Actor is not ready to fire.  Perhaps UpSample.prefire() returned false? Try debugging the actor by selecting "Listen to Actor".  Also, for SDF check moml for tokenConsumptionRate on input.
  in .DESDFClockTest.Play Bell.Copy1:SDF Director and .DESDFClockTest.Play Bell.UpSample
    while executing
"java::new ptolemy.moml.MoMLSimpleApplication $file
"
    (procedure "createAndExecute" line 2)
    invoked from within
"createAndExecute $file"
    ("uplevel" body line 5)
    invoked from within
"uplevel $contents_of_test"
------------------ testing $PTII/ptolemy/domains/de/test/auto/knownFailedTests/FSMSource.xml (Known Failure) 
21 ms. Memory: 146944K Free: 105794K (72%)
!!!! Auto was marked as failing, but now passes
------------------ testing $PTII/ptolemy/domains/de/test/auto/knownFailedTests/dependencyLoop2.xml (Known Failure) 
6 ms. Memory: 146944K Free: 103910K (71%)


==== $PTIIhome/travis/build/icyphy/ptII/ptolemy/domains/de/test/../../../../: Auto Automatic test in file $PTII/ptolemy/domains/de/test/auto/knownFailedTests/dependencyLoop2.xml
==== Contents of test case:

	    # FIXME: we should use $relativeFilename here, but it
	    # might have backslashes under Windows, which causes no end
	    # of trouble.
	    createAndExecute $file
	    list {}
	
.... Test generated KNOWN error:
    while executing
ptolemy.kernel.util.IllegalActionException: Found a zero delay loop containing .dependencyLoop2.original
  in .dependencyLoop2 and .dependencyLoop2.original
	at ptolemy.actor.util.CausalityInterfaceForComposites._computeOutputPortDepth(CausalityInterfaceForComposites.java:759)
	at ptolemy.actor.util.CausalityInterfaceForComposites._computeInputDepth(CausalityInterfaceForComposites.java:696)
	at ptolemy.actor.util.CausalityInterfaceForComposites._computeOutputPortDepth(CausalityInterfaceForComposites.java:765)
	at ptolemy.actor.util.CausalityInterfaceForComposites._computeInputDepth(CausalityInterfaceForComposites.java:696)
	at ptolemy.actor.util.CausalityInterfaceForComposites._computeOutputPortDepth(CausalityInterfaceForComposites.java:765)
	at ptolemy.actor.util.CausalityInterfaceForComposites._computeInputDepth(CausalityInterfaceForComposites.java:696)
	at ptolemy.actor.util.CausalityInterfaceForComposites._computeActorDepth(CausalityInterfaceForComposites.java:532)
	at ptolemy.actor.util.CausalityInterfaceForComposites.checkForCycles(CausalityInterfaceForComposites.java:96)
	at ptolemy.domains.de.kernel.DEDirector.preinitialize(DEDirector.java:1337)
	at ptolemy.actor.CompositeActor.preinitialize(CompositeActor.java:1828)
	at ptolemy.actor.Manager.preinitializeAndResolveTypes(Manager.java:1040)
	at ptolemy.actor.Manager.initialize(Manager.java:710)
	at ptolemy.actor.Manager.execute(Manager.java:356)
	at ptolemy.actor.Manager.run(Manager.java:1263)
	at ptolemy.actor.Manager$PtolemyRunThread.run(Manager.java:1915)

    while executing
ptolemy.kernel.util.IllegalActionException: Found a zero delay loop containing .dependencyLoop2.original
  in .dependencyLoop2 and .dependencyLoop2.original
    while executing
"java::new ptolemy.moml.MoMLSimpleApplication $file
"
    (procedure "createAndExecute" line 2)
    invoked from within
"createAndExecute $file"
    ("uplevel" body line 5)
    invoked from within
"uplevel $contents_of_test"
------------------ testing $PTII/ptolemy/domains/de/test/auto/knownFailedTests/HierarchicalModel.xml (Known Failure) 
13 ms. Memory: 146944K Free: 82218K (56%)


==== $PTIIhome/travis/build/icyphy/ptII/ptolemy/domains/de/test/../../../../: Auto Automatic test in file $PTII/ptolemy/domains/de/test/auto/knownFailedTests/HierarchicalModel.xml
==== Contents of test case:

	    # FIXME: we should use $relativeFilename here, but it
	    # might have backslashes under Windows, which causes no end
	    # of trouble.
	    createAndExecute $file
	    list {}
	
.... Test generated KNOWN error:
    while executing
ptolemy.kernel.util.IllegalActionException: Found a zero delay loop containing .HierarchicalModel.A
  in .HierarchicalModel and .HierarchicalModel.A
	at ptolemy.actor.util.CausalityInterfaceForComposites._computeOutputPortDepth(CausalityInterfaceForComposites.java:759)
	at ptolemy.actor.util.CausalityInterfaceForComposites._computeInputDepth(CausalityInterfaceForComposites.java:696)
	at ptolemy.actor.util.CausalityInterfaceForComposites._computeOutputPortDepth(CausalityInterfaceForComposites.java:765)
	at ptolemy.actor.util.CausalityInterfaceForComposites._computeInputDepth(CausalityInterfaceForComposites.java:696)
	at ptolemy.actor.util.CausalityInterfaceForComposites._computeOutputPortDepth(CausalityInterfaceForComposites.java:765)
	at ptolemy.actor.util.CausalityInterfaceForComposites._computeInputDepth(CausalityInterfaceForComposites.java:696)
	at ptolemy.actor.util.CausalityInterfaceForComposites._computeActorDepth(CausalityInterfaceForComposites.java:532)
	at ptolemy.actor.util.CausalityInterfaceForComposites.checkForCycles(CausalityInterfaceForComposites.java:96)
	at ptolemy.domains.de.kernel.DEDirector.preinitialize(DEDirector.java:1337)
	at ptolemy.actor.CompositeActor.preinitialize(CompositeActor.java:1828)
	at ptolemy.actor.Manager.preinitializeAndResolveTypes(Manager.java:1040)
	at ptolemy.actor.Manager.initialize(Manager.java:710)
	at ptolemy.actor.Manager.execute(Manager.java:356)
	at ptolemy.actor.Manager.run(Manager.java:1263)
	at ptolemy.actor.Manager$PtolemyRunThread.run(Manager.java:1915)

    while executing
ptolemy.kernel.util.IllegalActionException: Found a zero delay loop containing .HierarchicalModel.A
  in .HierarchicalModel and .HierarchicalModel.A
    while executing
"java::new ptolemy.moml.MoMLSimpleApplication $file
"
    (procedure "createAndExecute" line 2)
    invoked from within
"createAndExecute $file"
    ("uplevel" body line 5)
    invoked from within
"uplevel $contents_of_test"
------------------ testing $PTII/ptolemy/domains/de/test/auto/knownFailedTests/DirectFeedback.xml (Known Failure) 
7 ms. Memory: 146944K Free: 138619K (94%)


==== $PTIIhome/travis/build/icyphy/ptII/ptolemy/domains/de/test/../../../../: Auto Automatic test in file $PTII/ptolemy/domains/de/test/auto/knownFailedTests/DirectFeedback.xml
==== Contents of test case:

	    # FIXME: we should use $relativeFilename here, but it
	    # might have backslashes under Windows, which causes no end
	    # of trouble.
	    createAndExecute $file
	    list {}
	
.... Test generated KNOWN error:
    while executing
ptolemy.kernel.util.IllegalActionException: Test fails in iteration 1.
Value was: 1.0. Should have been: 2.0
  in .DirectFeedback.Test
	at ptolemy.actor.lib.Test.fire(Test.java:268)
	at ptolemy.domains.de.kernel.DEDirector._fire(DEDirector.java:1948)
	at ptolemy.domains.de.kernel.DEDirector.fire(DEDirector.java:502)
	at ptolemy.actor.CompositeActor.fire(CompositeActor.java:455)
	at ptolemy.actor.Manager.iterate(Manager.java:851)
	at ptolemy.actor.Manager.execute(Manager.java:369)
	at ptolemy.actor.Manager.run(Manager.java:1263)
	at ptolemy.actor.Manager$PtolemyRunThread.run(Manager.java:1915)

    while executing
ptolemy.kernel.util.IllegalActionException: Test fails in iteration 1.
Value was: 1.0. Should have been: 2.0
  in .DirectFeedback.Test
    while executing
"java::new ptolemy.moml.MoMLSimpleApplication $file
"
    (procedure "createAndExecute" line 2)
    invoked from within
"createAndExecute $file"
    ("uplevel" body line 5)
    invoked from within
"uplevel $contents_of_test"
------------------ testing $PTII/ptolemy/domains/de/test/auto/ActorDepthCalculation_actorWithoutPorts.xml
auto.tcl: Setting watchdog for 200 seconds at Wed Apr 25 23:35:31 UTC 2018
4 ms. Memory: 146944K Free: 129657K (88%)
ptolemy.util.test.WatchDog.cancel(): canceling Wed Apr 25 23:35:31 UTC 2018
auto.tcl: Setting watchdog for 200 seconds at Wed Apr 25 23:35:31 UTC 2018
4 ms. Memory: 146944K Free: 128621K (88%)
ptolemy.util.test.WatchDog.cancel(): canceling Wed Apr 25 23:35:31 UTC 2018
------------------ testing $PTII/ptolemy/domains/de/test/auto/AssemblyLine.xml
auto.tcl: Setting watchdog for 200 seconds at Wed Apr 25 23:35:31 UTC 2018
22 ms. Memory: 208384K Free: 182837K (88%)
ptolemy.util.test.WatchDog.cancel(): canceling Wed Apr 25 23:35:31 UTC 2018
auto.tcl: Setting watchdog for 200 seconds at Wed Apr 25 23:35:31 UTC 2018
7 ms. Memory: 208384K Free: 182837K (88%)
ptolemy.util.test.WatchDog.cancel(): canceling Wed Apr 25 23:35:31 UTC 2018
------------------ testing $PTII/ptolemy/domains/de/test/auto/CQBug1.xml
auto.tcl: Setting watchdog for 200 seconds at Wed Apr 25 23:35:31 UTC 2018
6 ms. Memory: 208384K Free: 197731K (95%)
ptolemy.util.test.WatchDog.cancel(): canceling Wed Apr 25 23:35:31 UTC 2018
auto.tcl: Setting watchdog for 200 seconds at Wed Apr 25 23:35:31 UTC 2018
2 ms. Memory: 208384K Free: 197731K (95%)
ptolemy.util.test.WatchDog.cancel(): canceling Wed Apr 25 23:35:31 UTC 2018
------------------ testing $PTII/ptolemy/domains/de/test/auto/CancelFireAt.xml
auto.tcl: Setting watchdog for 200 seconds at Wed Apr 25 23:35:31 UTC 2018
4 ms. Memory: 208384K Free: 201447K (97%)
ptolemy.util.test.WatchDog.cancel(): canceling Wed Apr 25 23:35:31 UTC 2018
auto.tcl: Setting watchdog for 200 seconds at Wed Apr 25 23:35:31 UTC 2018
4 ms. Memory: 208384K Free: 199352K (96%)
ptolemy.util.test.WatchDog.cancel(): canceling Wed Apr 25 23:35:31 UTC 2018
------------------ testing $PTII/ptolemy/domains/de/test/auto/CausalityAndComposabilityAnalysis.xml
auto.tcl: Setting watchdog for 200 seconds at Wed Apr 25 23:35:31 UTC 2018
10 ms. Memory: 208384K Free: 196517K (94%)
ptolemy.util.test.WatchDog.cancel(): canceling Wed Apr 25 23:35:31 UTC 2018
auto.tcl: Setting watchdog for 200 seconds at Wed Apr 25 23:35:31 UTC 2018
6 ms. Memory: 208384K Free: 196517K (94%)
ptolemy.util.test.WatchDog.cancel(): canceling Wed Apr 25 23:35:31 UTC 2018
------------------ testing $PTII/ptolemy/domains/de/test/auto/CausalityInterface1.xml
auto.tcl: Setting watchdog for 200 seconds at Wed Apr 25 23:35:31 UTC 2018
15 ms. Memory: 208384K Free: 196455K (94%)
ptolemy.util.test.WatchDog.cancel(): canceling Wed Apr 25 23:35:31 UTC 2018
auto.tcl: Setting watchdog for 200 seconds at Wed Apr 25 23:35:31 UTC 2018
4 ms. Memory: 208384K Free: 196455K (94%)
ptolemy.util.test.WatchDog.cancel(): canceling Wed Apr 25 23:35:31 UTC 2018
------------------ testing $PTII/ptolemy/domains/de/test/auto/CausalityInterface15.xml
auto.tcl: Setting watchdog for 200 seconds at Wed Apr 25 23:35:32 UTC 2018
14 ms. Memory: 208384K Free: 196445K (94%)
ptolemy.util.test.WatchDog.cancel(): canceling Wed Apr 25 23:35:32 UTC 2018
auto.tcl: Setting watchdog for 200 seconds at Wed Apr 25 23:35:32 UTC 2018
8 ms. Memory: 208384K Free: 194350K (93%)
ptolemy.util.test.WatchDog.cancel(): canceling Wed Apr 25 23:35:32 UTC 2018
------------------ testing $PTII/ptolemy/domains/de/test/auto/CausalityInterface2.xml
auto.tcl: Setting watchdog for 200 seconds at Wed Apr 25 23:35:32 UTC 2018
10 ms. Memory: 208384K Free: 196429K (94%)
ptolemy.util.test.WatchDog.cancel(): canceling Wed Apr 25 23:35:32 UTC 2018
auto.tcl: Setting watchdog for 200 seconds at Wed Apr 25 23:35:32 UTC 2018
3 ms. Memory: 208384K Free: 196429K (94%)
ptolemy.util.test.WatchDog.cancel(): canceling Wed Apr 25 23:35:32 UTC 2018
------------------ testing $PTII/ptolemy/domains/de/test/auto/CausalityInterface3.xml
auto.tcl: Setting watchdog for 200 seconds at Wed Apr 25 23:35:32 UTC 2018
6 ms. Memory: 208384K Free: 196442K (94%)
ptolemy.util.test.WatchDog.cancel(): canceling Wed Apr 25 23:35:32 UTC 2018
auto.tcl: Setting watchdog for 200 seconds at Wed Apr 25 23:35:32 UTC 2018
4 ms. Memory: 208384K Free: 196442K (94%)
ptolemy.util.test.WatchDog.cancel(): canceling Wed Apr 25 23:35:32 UTC 2018
------------------ testing $PTII/ptolemy/domains/de/test/auto/ClockDrift.xml
auto.tcl: Setting watchdog for 200 seconds at Wed Apr 25 23:35:32 UTC 2018
79 ms. Memory: 208384K Free: 187689K (90%)
ptolemy.util.test.WatchDog.cancel(): canceling Wed Apr 25 23:35:32 UTC 2018
auto.tcl: Setting watchdog for 200 seconds at Wed Apr 25 23:35:32 UTC 2018
67 ms. Memory: 208384K Free: 185595K (89%)
ptolemy.util.test.WatchDog.cancel(): canceling Wed Apr 25 23:35:32 UTC 2018
------------------ testing $PTII/ptolemy/domains/de/test/auto/ClockDriftAndValueChange.xml
auto.tcl: Setting watchdog for 200 seconds at Wed Apr 25 23:35:32 UTC 2018
45 ms. Memory: 208384K Free: 187526K (90%)
ptolemy.util.test.WatchDog.cancel(): canceling Wed Apr 25 23:35:32 UTC 2018
auto.tcl: Setting watchdog for 200 seconds at Wed Apr 25 23:35:32 UTC 2018
41 ms. Memory: 208384K Free: 185431K (89%)
ptolemy.util.test.WatchDog.cancel(): canceling Wed Apr 25 23:35:32 UTC 2018
------------------ testing $PTII/ptolemy/domains/de/test/auto/ClockDriftChange.xml
auto.tcl: Setting watchdog for 200 seconds at Wed Apr 25 23:35:32 UTC 2018
40 ms. Memory: 208384K Free: 190840K (92%)
ptolemy.util.test.WatchDog.cancel(): canceling Wed Apr 25 23:35:32 UTC 2018
auto.tcl: Setting watchdog for 200 seconds at Wed Apr 25 23:35:32 UTC 2018
22 ms. Memory: 208384K Free: 188745K (91%)
ptolemy.util.test.WatchDog.cancel(): canceling Wed Apr 25 23:35:32 UTC 2018
------------------ testing $PTII/ptolemy/domains/de/test/auto/ComposableCausalityAnalysis.xml
auto.tcl: Setting watchdog for 200 seconds at Wed Apr 25 23:35:32 UTC 2018
3 ms. Memory: 208384K Free: 196297K (94%)
ptolemy.util.test.WatchDog.cancel(): canceling Wed Apr 25 23:35:32 UTC 2018
auto.tcl: Setting watchdog for 200 seconds at Wed Apr 25 23:35:32 UTC 2018
7 ms. Memory: 208384K Free: 194202K (93%)
ptolemy.util.test.WatchDog.cancel(): canceling Wed Apr 25 23:35:32 UTC 2018
------------------ testing $PTII/ptolemy/domains/de/test/auto/DEFixedPointLimitation.xml
auto.tcl: Setting watchdog for 200 seconds at Wed Apr 25 23:35:33 UTC 2018
3 ms. Memory: 208384K Free: 196378K (94%)
ptolemy.util.test.WatchDog.cancel(): canceling Wed Apr 25 23:35:33 UTC 2018
auto.tcl: Setting watchdog for 200 seconds at Wed Apr 25 23:35:33 UTC 2018
1 ms. Memory: 208384K Free: 196378K (94%)
ptolemy.util.test.WatchDog.cancel(): canceling Wed Apr 25 23:35:33 UTC 2018
------------------ testing $PTII/ptolemy/domains/de/test/auto/DEScheduleTest.xml
auto.tcl: Setting watchdog for 200 seconds at Wed Apr 25 23:35:33 UTC 2018
3 ms. Memory: 208384K Free: 198508K (95%)
ptolemy.util.test.WatchDog.cancel(): canceling Wed Apr 25 23:35:33 UTC 2018
auto.tcl: Setting watchdog for 200 seconds at Wed Apr 25 23:35:33 UTC 2018
2 ms. Memory: 208384K Free: 196413K (94%)
ptolemy.util.test.WatchDog.cancel(): canceling Wed Apr 25 23:35:33 UTC 2018
------------------ testing $PTII/ptolemy/domains/de/test/auto/DEinDEwithStartTimes.xml
auto.tcl: Setting watchdog for 200 seconds at Wed Apr 25 23:35:33 UTC 2018
4 ms. Memory: 208384K Free: 196382K (94%)
ptolemy.util.test.WatchDog.cancel(): canceling Wed Apr 25 23:35:33 UTC 2018
auto.tcl: Setting watchdog for 200 seconds at Wed Apr 25 23:35:33 UTC 2018
4 ms. Memory: 208384K Free: 194288K (93%)
ptolemy.util.test.WatchDog.cancel(): canceling Wed Apr 25 23:35:33 UTC 2018
------------------ testing $PTII/ptolemy/domains/de/test/auto/DEinDEwithStartTimes2.xml
auto.tcl: Setting watchdog for 200 seconds at Wed Apr 25 23:35:33 UTC 2018
5 ms. Memory: 208384K Free: 196700K (94%)
ptolemy.util.test.WatchDog.cancel(): canceling Wed Apr 25 23:35:33 UTC 2018
auto.tcl: Setting watchdog for 200 seconds at Wed Apr 25 23:35:33 UTC 2018
5 ms. Memory: 208384K Free: 194605K (93%)
ptolemy.util.test.WatchDog.cancel(): canceling Wed Apr 25 23:35:33 UTC 2018
------------------ testing $PTII/ptolemy/domains/de/test/auto/DateDemo.xml
auto.tcl: Setting watchdog for 200 seconds at Wed Apr 25 23:35:33 UTC 2018
18 ms. Memory: 208384K Free: 188825K (91%)
ptolemy.util.test.WatchDog.cancel(): canceling Wed Apr 25 23:35:33 UTC 2018
auto.tcl: Setting watchdog for 200 seconds at Wed Apr 25 23:35:33 UTC 2018
7 ms. Memory: 208384K Free: 186730K (90%)
ptolemy.util.test.WatchDog.cancel(): canceling Wed Apr 25 23:35:33 UTC 2018
------------------ testing $PTII/ptolemy/domains/de/test/auto/DateToEvent.xml
auto.tcl: Setting watchdog for 200 seconds at Wed Apr 25 23:35:33 UTC 2018
2018 ms. Memory: 208384K Free: 183563K (88%)
ptolemy.util.test.WatchDog.cancel(): canceling Wed Apr 25 23:35:35 UTC 2018
auto.tcl: Setting watchdog for 200 seconds at Wed Apr 25 23:35:35 UTC 2018
2009 ms. Memory: 208384K Free: 181106K (87%)
ptolemy.util.test.WatchDog.cancel(): canceling Wed Apr 25 23:35:37 UTC 2018
------------------ testing $PTII/ptolemy/domains/de/test/auto/DepthTest1.xml
auto.tcl: Setting watchdog for 200 seconds at Wed Apr 25 23:35:37 UTC 2018
2 ms. Memory: 208384K Free: 198037K (95%)
ptolemy.util.test.WatchDog.cancel(): canceling Wed Apr 25 23:35:37 UTC 2018
auto.tcl: Setting watchdog for 200 seconds at Wed Apr 25 23:35:37 UTC 2018
2 ms. Memory: 208384K Free: 198037K (95%)
ptolemy.util.test.WatchDog.cancel(): canceling Wed Apr 25 23:35:37 UTC 2018
------------------ testing $PTII/ptolemy/domains/de/test/auto/DepthTest2.xml
auto.tcl: Setting watchdog for 200 seconds at Wed Apr 25 23:35:37 UTC 2018
3 ms. Memory: 208384K Free: 194249K (93%)
ptolemy.util.test.WatchDog.cancel(): canceling Wed Apr 25 23:35:37 UTC 2018
auto.tcl: Setting watchdog for 200 seconds at Wed Apr 25 23:35:37 UTC 2018
8 ms. Memory: 208384K Free: 194249K (93%)
ptolemy.util.test.WatchDog.cancel(): canceling Wed Apr 25 23:35:37 UTC 2018
------------------ testing $PTII/ptolemy/domains/de/test/auto/DepthTest3.xml
auto.tcl: Setting watchdog for 200 seconds at Wed Apr 25 23:35:37 UTC 2018
3 ms. Memory: 208384K Free: 198372K (95%)
ptolemy.util.test.WatchDog.cancel(): canceling Wed Apr 25 23:35:37 UTC 2018
auto.tcl: Setting watchdog for 200 seconds at Wed Apr 25 23:35:37 UTC 2018
1 ms. Memory: 208384K Free: 198372K (95%)
ptolemy.util.test.WatchDog.cancel(): canceling Wed Apr 25 23:35:37 UTC 2018
------------------ testing $PTII/ptolemy/domains/de/test/auto/DepthTest4.xml
auto.tcl: Setting watchdog for 200 seconds at Wed Apr 25 23:35:37 UTC 2018
6 ms. Memory: 208384K Free: 196365K (94%)
ptolemy.util.test.WatchDog.cancel(): canceling Wed Apr 25 23:35:37 UTC 2018
auto.tcl: Setting watchdog for 200 seconds at Wed Apr 25 23:35:37 UTC 2018
2 ms. Memory: 208384K Free: 196365K (94%)
ptolemy.util.test.WatchDog.cancel(): canceling Wed Apr 25 23:35:37 UTC 2018
------------------ testing $PTII/ptolemy/domains/de/test/auto/DepthTest5.xml
auto.tcl: Setting watchdog for 200 seconds at Wed Apr 25 23:35:37 UTC 2018
4 ms. Memory: 208384K Free: 196650K (94%)
ptolemy.util.test.WatchDog.cancel(): canceling Wed Apr 25 23:35:37 UTC 2018
auto.tcl: Setting watchdog for 200 seconds at Wed Apr 25 23:35:37 UTC 2018
2 ms. Memory: 208384K Free: 196650K (94%)
ptolemy.util.test.WatchDog.cancel(): canceling Wed Apr 25 23:35:37 UTC 2018
------------------ testing $PTII/ptolemy/domains/de/test/auto/DepthTest6.xml
auto.tcl: Setting watchdog for 200 seconds at Wed Apr 25 23:35:37 UTC 2018
3 ms. Memory: 208384K Free: 196289K (94%)
ptolemy.util.test.WatchDog.cancel(): canceling Wed Apr 25 23:35:37 UTC 2018
auto.tcl: Setting watchdog for 200 seconds at Wed Apr 25 23:35:37 UTC 2018
3 ms. Memory: 208384K Free: 196289K (94%)
ptolemy.util.test.WatchDog.cancel(): canceling Wed Apr 25 23:35:37 UTC 2018
------------------ testing $PTII/ptolemy/domains/de/test/auto/DepthTest7.xml
auto.tcl: Setting watchdog for 200 seconds at Wed Apr 25 23:35:38 UTC 2018
2 ms. Memory: 208384K Free: 196285K (94%)
ptolemy.util.test.WatchDog.cancel(): canceling Wed Apr 25 23:35:38 UTC 2018
auto.tcl: Setting watchdog for 200 seconds at Wed Apr 25 23:35:38 UTC 2018
1 ms. Memory: 208384K Free: 196285K (94%)
ptolemy.util.test.WatchDog.cancel(): canceling Wed Apr 25 23:35:38 UTC 2018
------------------ testing $PTII/ptolemy/domains/de/test/auto/EventToDate.xml
auto.tcl: Setting watchdog for 200 seconds at Wed Apr 25 23:35:38 UTC 2018
3005 ms. Memory: 208384K Free: 185800K (89%)
ptolemy.util.test.WatchDog.cancel(): canceling Wed Apr 25 23:35:41 UTC 2018
auto.tcl: Setting watchdog for 200 seconds at Wed Apr 25 23:35:41 UTC 2018
3004 ms. Memory: 208384K Free: 185800K (89%)
ptolemy.util.test.WatchDog.cancel(): canceling Wed Apr 25 23:35:44 UTC 2018
------------------ testing $PTII/ptolemy/domains/de/test/auto/FSM1.xml
auto.tcl: Setting watchdog for 200 seconds at Wed Apr 25 23:35:44 UTC 2018
34 ms. Memory: 208384K Free: 187236K (90%)
ptolemy.util.test.WatchDog.cancel(): canceling Wed Apr 25 23:35:44 UTC 2018
auto.tcl: Setting watchdog for 200 seconds at Wed Apr 25 23:35:44 UTC 2018
24 ms. Memory: 208384K Free: 185142K (89%)
ptolemy.util.test.WatchDog.cancel(): canceling Wed Apr 25 23:35:44 UTC 2018
------------------ testing $PTII/ptolemy/domains/de/test/auto/FSM7.xml
auto.tcl: Setting watchdog for 200 seconds at Wed Apr 25 23:35:44 UTC 2018
14 ms. Memory: 208384K Free: 187438K (90%)
ptolemy.util.test.WatchDog.cancel(): canceling Wed Apr 25 23:35:44 UTC 2018
auto.tcl: Setting watchdog for 200 seconds at Wed Apr 25 23:35:44 UTC 2018
15 ms. Memory: 208384K Free: 185343K (89%)
ptolemy.util.test.WatchDog.cancel(): canceling Wed Apr 25 23:35:44 UTC 2018
------------------ testing $PTII/ptolemy/domains/de/test/auto/Inspection.xml
auto.tcl: Setting watchdog for 200 seconds at Wed Apr 25 23:35:44 UTC 2018
35 ms. Memory: 208384K Free: 188654K (91%)
ptolemy.util.test.WatchDog.cancel(): canceling Wed Apr 25 23:35:44 UTC 2018
auto.tcl: Setting watchdog for 200 seconds at Wed Apr 25 23:35:44 UTC 2018
24 ms. Memory: 208384K Free: 186559K (90%)
ptolemy.util.test.WatchDog.cancel(): canceling Wed Apr 25 23:35:44 UTC 2018
------------------ testing $PTII/ptolemy/domains/de/test/auto/Iteration.xml
auto.tcl: Setting watchdog for 200 seconds at Wed Apr 25 23:35:44 UTC 2018
8 ms. Memory: 208384K Free: 194285K (93%)
ptolemy.util.test.WatchDog.cancel(): canceling Wed Apr 25 23:35:44 UTC 2018
auto.tcl: Setting watchdog for 200 seconds at Wed Apr 25 23:35:44 UTC 2018
6 ms. Memory: 208384K Free: 194285K (93%)
ptolemy.util.test.WatchDog.cancel(): canceling Wed Apr 25 23:35:44 UTC 2018
------------------ testing $PTII/ptolemy/domains/de/test/auto/LineFault.xml
auto.tcl: Setting watchdog for 200 seconds at Wed Apr 25 23:35:44 UTC 2018
741 ms. Memory: 208384K Free: 194098K (93%)
ptolemy.util.test.WatchDog.cancel(): canceling Wed Apr 25 23:35:45 UTC 2018
auto.tcl: Setting watchdog for 200 seconds at Wed Apr 25 23:35:45 UTC 2018
657 ms. Memory: 208384K Free: 138313K (66%)
ptolemy.util.test.WatchDog.cancel(): canceling Wed Apr 25 23:35:46 UTC 2018
------------------ testing $PTII/ptolemy/domains/de/test/auto/MergeModel1Add.xml
auto.tcl: Setting watchdog for 200 seconds at Wed Apr 25 23:35:46 UTC 2018
29 ms. Memory: 331264K Free: 299212K (90%)
ptolemy.util.test.WatchDog.cancel(): canceling Wed Apr 25 23:35:46 UTC 2018
auto.tcl: Setting watchdog for 200 seconds at Wed Apr 25 23:35:46 UTC 2018
8 ms. Memory: 331264K Free: 299212K (90%)
ptolemy.util.test.WatchDog.cancel(): canceling Wed Apr 25 23:35:46 UTC 2018
------------------ testing $PTII/ptolemy/domains/de/test/auto/MergeModel2Add.xml
auto.tcl: Setting watchdog for 200 seconds at Wed Apr 25 23:35:46 UTC 2018
8 ms. Memory: 331264K Free: 304428K (92%)
ptolemy.util.test.WatchDog.cancel(): canceling Wed Apr 25 23:35:46 UTC 2018
auto.tcl: Setting watchdog for 200 seconds at Wed Apr 25 23:35:46 UTC 2018
8 ms. Memory: 331264K Free: 300541K (91%)
ptolemy.util.test.WatchDog.cancel(): canceling Wed Apr 25 23:35:46 UTC 2018
------------------ testing $PTII/ptolemy/domains/de/test/auto/MergeModel3Add.xml
auto.tcl: Setting watchdog for 200 seconds at Wed Apr 25 23:35:46 UTC 2018
8 ms. Memory: 331264K Free: 304430K (92%)
ptolemy.util.test.WatchDog.cancel(): canceling Wed Apr 25 23:35:46 UTC 2018
auto.tcl: Setting watchdog for 200 seconds at Wed Apr 25 23:35:46 UTC 2018
8 ms. Memory: 331264K Free: 300543K (91%)
ptolemy.util.test.WatchDog.cancel(): canceling Wed Apr 25 23:35:46 UTC 2018
------------------ testing $PTII/ptolemy/domains/de/test/auto/MergeWithoutDiscard.xml
auto.tcl: Setting watchdog for 200 seconds at Wed Apr 25 23:35:46 UTC 2018
3 ms. Memory: 331264K Free: 316112K (95%)
ptolemy.util.test.WatchDog.cancel(): canceling Wed Apr 25 23:35:46 UTC 2018
auto.tcl: Setting watchdog for 200 seconds at Wed Apr 25 23:35:46 UTC 2018
2 ms. Memory: 331264K Free: 316112K (95%)
ptolemy.util.test.WatchDog.cancel(): canceling Wed Apr 25 23:35:46 UTC 2018
------------------ testing $PTII/ptolemy/domains/de/test/auto/Modal1.xml
auto.tcl: Setting watchdog for 200 seconds at Wed Apr 25 23:35:46 UTC 2018
17 ms. Memory: 331264K Free: 310081K (94%)
ptolemy.util.test.WatchDog.cancel(): canceling Wed Apr 25 23:35:46 UTC 2018
auto.tcl: Setting watchdog for 200 seconds at Wed Apr 25 23:35:46 UTC 2018
26 ms. Memory: 331264K Free: 306194K (92%)
ptolemy.util.test.WatchDog.cancel(): canceling Wed Apr 25 23:35:46 UTC 2018
------------------ testing $PTII/ptolemy/domains/de/test/auto/Modal2.xml
auto.tcl: Setting watchdog for 200 seconds at Wed Apr 25 23:35:46 UTC 2018
18 ms. Memory: 331264K Free: 309962K (94%)
ptolemy.util.test.WatchDog.cancel(): canceling Wed Apr 25 23:35:47 UTC 2018
auto.tcl: Setting watchdog for 200 seconds at Wed Apr 25 23:35:47 UTC 2018
17 ms. Memory: 331264K Free: 306059K (92%)
ptolemy.util.test.WatchDog.cancel(): canceling Wed Apr 25 23:35:47 UTC 2018
------------------ testing $PTII/ptolemy/domains/de/test/auto/Modal3.xml
auto.tcl: Setting watchdog for 200 seconds at Wed Apr 25 23:35:47 UTC 2018
15 ms. Memory: 331264K Free: 310238K (94%)
ptolemy.util.test.WatchDog.cancel(): canceling Wed Apr 25 23:35:47 UTC 2018
auto.tcl: Setting watchdog for 200 seconds at Wed Apr 25 23:35:47 UTC 2018
12 ms. Memory: 331264K Free: 306049K (92%)
ptolemy.util.test.WatchDog.cancel(): canceling Wed Apr 25 23:35:47 UTC 2018
------------------ testing $PTII/ptolemy/domains/de/test/auto/Modal4.xml
auto.tcl: Setting watchdog for 200 seconds at Wed Apr 25 23:35:47 UTC 2018
26 ms. Memory: 331264K Free: 309950K (94%)
ptolemy.util.test.WatchDog.cancel(): canceling Wed Apr 25 23:35:47 UTC 2018
auto.tcl: Setting watchdog for 200 seconds at Wed Apr 25 23:35:47 UTC 2018
19 ms. Memory: 331264K Free: 306047K (92%)
ptolemy.util.test.WatchDog.cancel(): canceling Wed Apr 25 23:35:47 UTC 2018
------------------ testing $PTII/ptolemy/domains/de/test/auto/Modal5.xml
auto.tcl: Setting watchdog for 200 seconds at Wed Apr 25 23:35:47 UTC 2018
16 ms. Memory: 331264K Free: 309946K (94%)
ptolemy.util.test.WatchDog.cancel(): canceling Wed Apr 25 23:35:47 UTC 2018
auto.tcl: Setting watchdog for 200 seconds at Wed Apr 25 23:35:47 UTC 2018
14 ms. Memory: 331264K Free: 306059K (92%)
ptolemy.util.test.WatchDog.cancel(): canceling Wed Apr 25 23:35:47 UTC 2018
------------------ testing $PTII/ptolemy/domains/de/test/auto/Modal6.xml
auto.tcl: Setting watchdog for 200 seconds at Wed Apr 25 23:35:47 UTC 2018
12 ms. Memory: 331264K Free: 309951K (94%)
ptolemy.util.test.WatchDog.cancel(): canceling Wed Apr 25 23:35:47 UTC 2018
auto.tcl: Setting watchdog for 200 seconds at Wed Apr 25 23:35:47 UTC 2018
14 ms. Memory: 331264K Free: 306064K (92%)
ptolemy.util.test.WatchDog.cancel(): canceling Wed Apr 25 23:35:47 UTC 2018
------------------ testing $PTII/ptolemy/domains/de/test/auto/Modal7.xml
auto.tcl: Setting watchdog for 200 seconds at Wed Apr 25 23:35:47 UTC 2018
10 ms. Memory: 331264K Free: 306032K (92%)
ptolemy.util.test.WatchDog.cancel(): canceling Wed Apr 25 23:35:47 UTC 2018
auto.tcl: Setting watchdog for 200 seconds at Wed Apr 25 23:35:47 UTC 2018
11 ms. Memory: 331264K Free: 306032K (92%)
ptolemy.util.test.WatchDog.cancel(): canceling Wed Apr 25 23:35:47 UTC 2018
------------------ testing $PTII/ptolemy/domains/de/test/auto/ModalModel.xml
auto.tcl: Setting watchdog for 200 seconds at Wed Apr 25 23:35:47 UTC 2018
198 ms. Memory: 331264K Free: 248865K (75%)
ptolemy.util.test.WatchDog.cancel(): canceling Wed Apr 25 23:35:47 UTC 2018
auto.tcl: Setting watchdog for 200 seconds at Wed Apr 25 23:35:47 UTC 2018
240 ms. Memory: 331264K Free: 185465K (56%)
ptolemy.util.test.WatchDog.cancel(): canceling Wed Apr 25 23:35:48 UTC 2018
------------------ testing $PTII/ptolemy/domains/de/test/auto/ModalSource.xml
auto.tcl: Setting watchdog for 200 seconds at Wed Apr 25 23:35:48 UTC 2018
9 ms. Memory: 331264K Free: 316623K (96%)
ptolemy.util.test.WatchDog.cancel(): canceling Wed Apr 25 23:35:48 UTC 2018
auto.tcl: Setting watchdog for 200 seconds at Wed Apr 25 23:35:48 UTC 2018
6 ms. Memory: 331264K Free: 313149K (95%)
ptolemy.util.test.WatchDog.cancel(): canceling Wed Apr 25 23:35:48 UTC 2018
------------------ testing $PTII/ptolemy/domains/de/test/auto/NonInterruptibleTimerZeroDelay.xml
auto.tcl: Setting watchdog for 200 seconds at Wed Apr 25 23:35:48 UTC 2018
3 ms. Memory: 331264K Free: 320951K (97%)
ptolemy.util.test.WatchDog.cancel(): canceling Wed Apr 25 23:35:48 UTC 2018
auto.tcl: Setting watchdog for 200 seconds at Wed Apr 25 23:35:48 UTC 2018
3 ms. Memory: 331264K Free: 317461K (96%)
ptolemy.util.test.WatchDog.cancel(): canceling Wed Apr 25 23:35:48 UTC 2018
------------------ testing $PTII/ptolemy/domains/de/test/auto/OpenQueueingNetwork.xml
auto.tcl: Setting watchdog for 200 seconds at Wed Apr 25 23:35:48 UTC 2018
3053 ms. Memory: 317952K Free: 172140K (54%)
ptolemy.util.test.WatchDog.cancel(): canceling Wed Apr 25 23:35:51 UTC 2018
auto.tcl: Setting watchdog for 200 seconds at Wed Apr 25 23:35:51 UTC 2018
2414 ms. Memory: 287232K Free: 264927K (92%)
ptolemy.util.test.WatchDog.cancel(): canceling Wed Apr 25 23:35:54 UTC 2018
------------------ testing $PTII/ptolemy/domains/de/test/auto/OpenQueuingNetwork.xml
auto.tcl: Setting watchdog for 200 seconds at Wed Apr 25 23:35:54 UTC 2018
270 ms. Memory: 287232K Free: 187213K (65%)
ptolemy.util.test.WatchDog.cancel(): canceling Wed Apr 25 23:35:54 UTC 2018
auto.tcl: Setting watchdog for 200 seconds at Wed Apr 25 23:35:54 UTC 2018
258 ms. Memory: 287232K Free: 126168K (44%)
ptolemy.util.test.WatchDog.cancel(): canceling Wed Apr 25 23:35:54 UTC 2018
------------------ testing $PTII/ptolemy/domains/de/test/auto/PeriodicSampler.xml
auto.tcl: Setting watchdog for 200 seconds at Wed Apr 25 23:35:54 UTC 2018
2 ms. Memory: 289792K Free: 277755K (96%)
ptolemy.util.test.WatchDog.cancel(): canceling Wed Apr 25 23:35:54 UTC 2018
auto.tcl: Setting watchdog for 200 seconds at Wed Apr 25 23:35:54 UTC 2018
2 ms. Memory: 289792K Free: 274831K (95%)
ptolemy.util.test.WatchDog.cancel(): canceling Wed Apr 25 23:35:54 UTC 2018
------------------ testing $PTII/ptolemy/domains/de/test/auto/PersistentIO.xml
auto.tcl: Setting watchdog for 200 seconds at Wed Apr 25 23:35:54 UTC 2018
18 ms. Memory: 287232K Free: 266999K (93%)
ptolemy.util.test.WatchDog.cancel(): canceling Wed Apr 25 23:35:54 UTC 2018
auto.tcl: Setting watchdog for 200 seconds at Wed Apr 25 23:35:54 UTC 2018
4 ms. Memory: 287232K Free: 266999K (93%)
ptolemy.util.test.WatchDog.cancel(): canceling Wed Apr 25 23:35:54 UTC 2018
------------------ testing $PTII/ptolemy/domains/de/test/auto/PortParameterResetOnInitialize.xml
auto.tcl: Setting watchdog for 200 seconds at Wed Apr 25 23:35:54 UTC 2018
3 ms. Memory: 289280K Free: 274664K (95%)
ptolemy.util.test.WatchDog.cancel(): canceling Wed Apr 25 23:35:54 UTC 2018
auto.tcl: Setting watchdog for 200 seconds at Wed Apr 25 23:35:54 UTC 2018
2 ms. Memory: 289280K Free: 274664K (95%)
ptolemy.util.test.WatchDog.cancel(): canceling Wed Apr 25 23:35:54 UTC 2018
------------------ testing $PTII/ptolemy/domains/de/test/auto/PortParameterUpdates.xml
auto.tcl: Setting watchdog for 200 seconds at Wed Apr 25 23:35:54 UTC 2018
4 ms. Memory: 287232K Free: 272850K (95%)
ptolemy.util.test.WatchDog.cancel(): canceling Wed Apr 25 23:35:55 UTC 2018
auto.tcl: Setting watchdog for 200 seconds at Wed Apr 25 23:35:55 UTC 2018
4 ms. Memory: 287232K Free: 269925K (94%)
ptolemy.util.test.WatchDog.cancel(): canceling Wed Apr 25 23:35:55 UTC 2018
------------------ testing $PTII/ptolemy/domains/de/test/auto/QueueAndServer.xml
auto.tcl: Setting watchdog for 200 seconds at Wed Apr 25 23:35:55 UTC 2018
18 ms. Memory: 289280K Free: 273910K (95%)
ptolemy.util.test.WatchDog.cancel(): canceling Wed Apr 25 23:35:55 UTC 2018
auto.tcl: Setting watchdog for 200 seconds at Wed Apr 25 23:35:55 UTC 2018
7 ms. Memory: 289280K Free: 273910K (95%)
ptolemy.util.test.WatchDog.cancel(): canceling Wed Apr 25 23:35:55 UTC 2018
------------------ testing $PTII/ptolemy/domains/de/test/auto/Records.xml
auto.tcl: Setting watchdog for 200 seconds at Wed Apr 25 23:35:55 UTC 2018
4 ms. Memory: 287232K Free: 274728K (96%)
ptolemy.util.test.WatchDog.cancel(): canceling Wed Apr 25 23:35:55 UTC 2018
auto.tcl: Setting watchdog for 200 seconds at Wed Apr 25 23:35:55 UTC 2018
2 ms. Memory: 287232K Free: 274728K (96%)
ptolemy.util.test.WatchDog.cancel(): canceling Wed Apr 25 23:35:55 UTC 2018
------------------ testing $PTII/ptolemy/domains/de/test/auto/ResetTransitionWithStartTime1.xml
auto.tcl: Setting watchdog for 200 seconds at Wed Apr 25 23:35:55 UTC 2018
12 ms. Memory: 288768K Free: 273348K (95%)
ptolemy.util.test.WatchDog.cancel(): canceling Wed Apr 25 23:35:55 UTC 2018
auto.tcl: Setting watchdog for 200 seconds at Wed Apr 25 23:35:55 UTC 2018
5 ms. Memory: 288768K Free: 270407K (94%)
ptolemy.util.test.WatchDog.cancel(): canceling Wed Apr 25 23:35:55 UTC 2018
------------------ testing $PTII/ptolemy/domains/de/test/auto/ResetTransitionWithStartTime2.xml
auto.tcl: Setting watchdog for 200 seconds at Wed Apr 25 23:35:55 UTC 2018
6 ms. Memory: 287232K Free: 271904K (95%)
ptolemy.util.test.WatchDog.cancel(): canceling Wed Apr 25 23:35:55 UTC 2018
auto.tcl: Setting watchdog for 200 seconds at Wed Apr 25 23:35:55 UTC 2018
6 ms. Memory: 287232K Free: 268972K (94%)
ptolemy.util.test.WatchDog.cancel(): canceling Wed Apr 25 23:35:55 UTC 2018
------------------ testing $PTII/ptolemy/domains/de/test/auto/ResetTransitionWithStartTime3.xml
auto.tcl: Setting watchdog for 200 seconds at Wed Apr 25 23:35:55 UTC 2018
5 ms. Memory: 288768K Free: 273338K (95%)
ptolemy.util.test.WatchDog.cancel(): canceling Wed Apr 25 23:35:55 UTC 2018
auto.tcl: Setting watchdog for 200 seconds at Wed Apr 25 23:35:55 UTC 2018
6 ms. Memory: 288768K Free: 270398K (94%)
ptolemy.util.test.WatchDog.cancel(): canceling Wed Apr 25 23:35:55 UTC 2018
------------------ testing $PTII/ptolemy/domains/de/test/auto/ResetTransitionWithStartTime4.xml
auto.tcl: Setting watchdog for 200 seconds at Wed Apr 25 23:35:55 UTC 2018
4 ms. Memory: 287232K Free: 271902K (95%)
ptolemy.util.test.WatchDog.cancel(): canceling Wed Apr 25 23:35:55 UTC 2018
auto.tcl: Setting watchdog for 200 seconds at Wed Apr 25 23:35:55 UTC 2018
4 ms. Memory: 287232K Free: 271902K (95%)
ptolemy.util.test.WatchDog.cancel(): canceling Wed Apr 25 23:35:55 UTC 2018
------------------ testing $PTII/ptolemy/domains/de/test/auto/ResettableTimer1.xml
auto.tcl: Setting watchdog for 200 seconds at Wed Apr 25 23:35:55 UTC 2018
3 ms. Memory: 288768K Free: 274198K (95%)
ptolemy.util.test.WatchDog.cancel(): canceling Wed Apr 25 23:35:55 UTC 2018
auto.tcl: Setting watchdog for 200 seconds at Wed Apr 25 23:35:55 UTC 2018
2 ms. Memory: 288768K Free: 274198K (95%)
ptolemy.util.test.WatchDog.cancel(): canceling Wed Apr 25 23:35:55 UTC 2018
------------------ testing $PTII/ptolemy/domains/de/test/auto/ResettableTimer2.xml
auto.tcl: Setting watchdog for 200 seconds at Wed Apr 25 23:35:55 UTC 2018
3 ms. Memory: 287232K Free: 274888K (96%)
ptolemy.util.test.WatchDog.cancel(): canceling Wed Apr 25 23:35:55 UTC 2018
auto.tcl: Setting watchdog for 200 seconds at Wed Apr 25 23:35:55 UTC 2018
2 ms. Memory: 287232K Free: 274888K (96%)
ptolemy.util.test.WatchDog.cancel(): canceling Wed Apr 25 23:35:55 UTC 2018
------------------ testing $PTII/ptolemy/domains/de/test/auto/ResettableTimer3.xml
auto.tcl: Setting watchdog for 200 seconds at Wed Apr 25 23:35:55 UTC 2018
1 ms. Memory: 288256K Free: 273758K (95%)
ptolemy.util.test.WatchDog.cancel(): canceling Wed Apr 25 23:35:55 UTC 2018
auto.tcl: Setting watchdog for 200 seconds at Wed Apr 25 23:35:55 UTC 2018
1 ms. Memory: 288256K Free: 273758K (95%)
ptolemy.util.test.WatchDog.cancel(): canceling Wed Apr 25 23:35:55 UTC 2018
------------------ testing $PTII/ptolemy/domains/de/test/auto/ResettableTimer4.xml
auto.tcl: Setting watchdog for 200 seconds at Wed Apr 25 23:35:55 UTC 2018
1 ms. Memory: 287232K Free: 274906K (96%)
ptolemy.util.test.WatchDog.cancel(): canceling Wed Apr 25 23:35:55 UTC 2018
auto.tcl: Setting watchdog for 200 seconds at Wed Apr 25 23:35:55 UTC 2018
1 ms. Memory: 287232K Free: 274906K (96%)
ptolemy.util.test.WatchDog.cancel(): canceling Wed Apr 25 23:35:55 UTC 2018
------------------ testing $PTII/ptolemy/domains/de/test/auto/ResettableTimer5.xml
auto.tcl: Setting watchdog for 200 seconds at Wed Apr 25 23:35:55 UTC 2018
1 ms. Memory: 288256K Free: 273863K (95%)
ptolemy.util.test.WatchDog.cancel(): canceling Wed Apr 25 23:35:55 UTC 2018
auto.tcl: Setting watchdog for 200 seconds at Wed Apr 25 23:35:55 UTC 2018
2 ms. Memory: 288256K Free: 273863K (95%)
ptolemy.util.test.WatchDog.cancel(): canceling Wed Apr 25 23:35:55 UTC 2018
------------------ testing $PTII/ptolemy/domains/de/test/auto/ResettableTimer6.xml
auto.tcl: Setting watchdog for 200 seconds at Wed Apr 25 23:35:55 UTC 2018
1 ms. Memory: 287232K Free: 272687K (95%)
ptolemy.util.test.WatchDog.cancel(): canceling Wed Apr 25 23:35:55 UTC 2018
auto.tcl: Setting watchdog for 200 seconds at Wed Apr 25 23:35:55 UTC 2018
1 ms. Memory: 287232K Free: 272687K (95%)
ptolemy.util.test.WatchDog.cancel(): canceling Wed Apr 25 23:35:55 UTC 2018
------------------ testing $PTII/ptolemy/domains/de/test/auto/ServerZeroDelay.xml
auto.tcl: Setting watchdog for 200 seconds at Wed Apr 25 23:35:55 UTC 2018
2 ms. Memory: 288256K Free: 275853K (96%)
ptolemy.util.test.WatchDog.cancel(): canceling Wed Apr 25 23:35:55 UTC 2018
auto.tcl: Setting watchdog for 200 seconds at Wed Apr 25 23:35:55 UTC 2018
2 ms. Memory: 288256K Free: 275853K (96%)
ptolemy.util.test.WatchDog.cancel(): canceling Wed Apr 25 23:35:55 UTC 2018
------------------ testing $PTII/ptolemy/domains/de/test/auto/SmartSender.xml
auto.tcl: Setting watchdog for 200 seconds at Wed Apr 25 23:35:55 UTC 2018
3001 ms. Memory: 287232K Free: 272782K (95%)
ptolemy.util.test.WatchDog.cancel(): canceling Wed Apr 25 23:35:58 UTC 2018
auto.tcl: Setting watchdog for 200 seconds at Wed Apr 25 23:35:58 UTC 2018
3002 ms. Memory: 287232K Free: 272782K (95%)
ptolemy.util.test.WatchDog.cancel(): canceling Wed Apr 25 23:36:01 UTC 2018
------------------ testing $PTII/ptolemy/domains/de/test/auto/ThreadedComposite.xml
auto.tcl: Setting watchdog for 200 seconds at Wed Apr 25 23:36:01 UTC 2018
219 ms. Memory: 288256K Free: 252556K (88%)
ptolemy.util.test.WatchDog.cancel(): canceling Wed Apr 25 23:36:02 UTC 2018
auto.tcl: Setting watchdog for 200 seconds at Wed Apr 25 23:36:02 UTC 2018
205 ms. Memory: 288256K Free: 234358K (81%)
ptolemy.util.test.WatchDog.cancel(): canceling Wed Apr 25 23:36:02 UTC 2018
------------------ testing $PTII/ptolemy/domains/de/test/auto/Time.xml
auto.tcl: Setting watchdog for 200 seconds at Wed Apr 25 23:36:02 UTC 2018
647 ms. Memory: 287232K Free: 218883K (76%)
ptolemy.util.test.WatchDog.cancel(): canceling Wed Apr 25 23:36:03 UTC 2018
auto.tcl: Setting watchdog for 200 seconds at Wed Apr 25 23:36:03 UTC 2018
538 ms. Memory: 287232K Free: 166248K (58%)
ptolemy.util.test.WatchDog.cancel(): canceling Wed Apr 25 23:36:03 UTC 2018
------------------ testing $PTII/ptolemy/domains/de/test/auto/TimeDelayZeroDelay.xml
auto.tcl: Setting watchdog for 200 seconds at Wed Apr 25 23:36:03 UTC 2018
2 ms. Memory: 287744K Free: 275862K (96%)
ptolemy.util.test.WatchDog.cancel(): canceling Wed Apr 25 23:36:03 UTC 2018
auto.tcl: Setting watchdog for 200 seconds at Wed Apr 25 23:36:03 UTC 2018
2 ms. Memory: 287744K Free: 275862K (96%)
ptolemy.util.test.WatchDog.cancel(): canceling Wed Apr 25 23:36:03 UTC 2018
------------------ testing $PTII/ptolemy/domains/de/test/auto/TimerZeroDelay.xml
auto.tcl: Setting watchdog for 200 seconds at Wed Apr 25 23:36:03 UTC 2018
4 ms. Memory: 287232K Free: 275459K (96%)
ptolemy.util.test.WatchDog.cancel(): canceling Wed Apr 25 23:36:03 UTC 2018
auto.tcl: Setting watchdog for 200 seconds at Wed Apr 25 23:36:03 UTC 2018
2 ms. Memory: 287232K Free: 275459K (96%)
ptolemy.util.test.WatchDog.cancel(): canceling Wed Apr 25 23:36:03 UTC 2018
------------------ testing $PTII/ptolemy/domains/de/test/auto/TimingParadox.xml
auto.tcl: Setting watchdog for 200 seconds at Wed Apr 25 23:36:03 UTC 2018
362 ms. Memory: 287744K Free: 209737K (73%)
ptolemy.util.test.WatchDog.cancel(): canceling Wed Apr 25 23:36:04 UTC 2018
auto.tcl: Setting watchdog for 200 seconds at Wed Apr 25 23:36:04 UTC 2018
352 ms. Memory: 287744K Free: 173468K (60%)
ptolemy.util.test.WatchDog.cancel(): canceling Wed Apr 25 23:36:04 UTC 2018
------------------ testing $PTII/ptolemy/domains/de/test/auto/TransferInputs.xml
auto.tcl: Setting watchdog for 200 seconds at Wed Apr 25 23:36:04 UTC 2018
1 ms. Memory: 287744K Free: 274851K (96%)
ptolemy.util.test.WatchDog.cancel(): canceling Wed Apr 25 23:36:04 UTC 2018
auto.tcl: Setting watchdog for 200 seconds at Wed Apr 25 23:36:04 UTC 2018
2 ms. Memory: 287744K Free: 274851K (96%)
ptolemy.util.test.WatchDog.cancel(): canceling Wed Apr 25 23:36:04 UTC 2018
------------------ testing $PTII/ptolemy/domains/de/test/auto/TransferOutputs2.xml
auto.tcl: Setting watchdog for 200 seconds at Wed Apr 25 23:36:04 UTC 2018
3 ms. Memory: 287232K Free: 270781K (94%)
ptolemy.util.test.WatchDog.cancel(): canceling Wed Apr 25 23:36:04 UTC 2018
auto.tcl: Setting watchdog for 200 seconds at Wed Apr 25 23:36:04 UTC 2018
4 ms. Memory: 287232K Free: 268163K (93%)
ptolemy.util.test.WatchDog.cancel(): canceling Wed Apr 25 23:36:04 UTC 2018
------------------ testing $PTII/ptolemy/domains/de/test/auto/Trilateration.xml
auto.tcl: Setting watchdog for 200 seconds at Wed Apr 25 23:36:04 UTC 2018
13763 ms. Memory: 473088K Free: 259945K (55%)
ptolemy.util.test.WatchDog.cancel(): canceling Wed Apr 25 23:36:19 UTC 2018
auto.tcl: Setting watchdog for 200 seconds at Wed Apr 25 23:36:19 UTC 2018
10283 ms. Memory: 352256K Free: 213707K (61%)
ptolemy.util.test.WatchDog.cancel(): canceling Wed Apr 25 23:36:30 UTC 2018
------------------ testing $PTII/ptolemy/domains/de/test/auto/TwoSigmaDelta.xml
auto.tcl: Setting watchdog for 200 seconds at Wed Apr 25 23:36:30 UTC 2018
2763 ms. Memory: 339968K Free: 313077K (92%)
ptolemy.util.test.WatchDog.cancel(): canceling Wed Apr 25 23:36:33 UTC 2018
auto.tcl: Setting watchdog for 200 seconds at Wed Apr 25 23:36:33 UTC 2018
1975 ms. Memory: 339968K Free: 78025K (23%)
ptolemy.util.test.WatchDog.cancel(): canceling Wed Apr 25 23:36:35 UTC 2018
------------------ testing $PTII/ptolemy/domains/de/test/auto/VariableDelay.xml
auto.tcl: Setting watchdog for 200 seconds at Wed Apr 25 23:36:35 UTC 2018
2 ms. Memory: 337408K Free: 325866K (97%)
ptolemy.util.test.WatchDog.cancel(): canceling Wed Apr 25 23:36:35 UTC 2018
auto.tcl: Setting watchdog for 200 seconds at Wed Apr 25 23:36:35 UTC 2018
2 ms. Memory: 337408K Free: 321945K (95%)
ptolemy.util.test.WatchDog.cancel(): canceling Wed Apr 25 23:36:35 UTC 2018
------------------ testing $PTII/ptolemy/domains/de/test/auto/VariableDelay2.xml
auto.tcl: Setting watchdog for 200 seconds at Wed Apr 25 23:36:35 UTC 2018
2 ms. Memory: 339456K Free: 328323K (97%)
ptolemy.util.test.WatchDog.cancel(): canceling Wed Apr 25 23:36:35 UTC 2018
auto.tcl: Setting watchdog for 200 seconds at Wed Apr 25 23:36:35 UTC 2018
2 ms. Memory: 339456K Free: 324393K (96%)
ptolemy.util.test.WatchDog.cancel(): canceling Wed Apr 25 23:36:35 UTC 2018
------------------ testing $PTII/ptolemy/domains/de/test/auto/VariableDelayZeroDelay.xml
auto.tcl: Setting watchdog for 200 seconds at Wed Apr 25 23:36:35 UTC 2018
2 ms. Memory: 337408K Free: 323714K (96%)
ptolemy.util.test.WatchDog.cancel(): canceling Wed Apr 25 23:36:35 UTC 2018
auto.tcl: Setting watchdog for 200 seconds at Wed Apr 25 23:36:35 UTC 2018
2 ms. Memory: 337408K Free: 319801K (95%)
ptolemy.util.test.WatchDog.cancel(): canceling Wed Apr 25 23:36:35 UTC 2018
------------------ testing $PTII/ptolemy/domains/de/test/auto/VariableDelayZeroDelay2.xml
auto.tcl: Setting watchdog for 200 seconds at Wed Apr 25 23:36:35 UTC 2018
5 ms. Memory: 339456K Free: 325761K (96%)
ptolemy.util.test.WatchDog.cancel(): canceling Wed Apr 25 23:36:35 UTC 2018
auto.tcl: Setting watchdog for 200 seconds at Wed Apr 25 23:36:35 UTC 2018
2 ms. Memory: 339456K Free: 321831K (95%)
ptolemy.util.test.WatchDog.cancel(): canceling Wed Apr 25 23:36:35 UTC 2018
------------------ testing $PTII/ptolemy/domains/de/test/auto/deInCt.xml
auto.tcl: Setting watchdog for 200 seconds at Wed Apr 25 23:36:35 UTC 2018
0
1
1
1
1
1
1
0
0
0
1
1
0
0
0
1
1
1
0
0
1
1
1
0
0
0
1
1
0
0
0
1
1
1
1
0
0
0
0
15 ms. Memory: 337408K Free: 319777K (95%)
ptolemy.util.test.WatchDog.cancel(): canceling Wed Apr 25 23:36:35 UTC 2018
auto.tcl: Setting watchdog for 200 seconds at Wed Apr 25 23:36:35 UTC 2018
0
1
1
1
1
0
0
0
0
1
1
1
0
0
0
1
1
0
0
1
1
1
0
0
1
1
1
0
0
0
1
1
1
1
1
0
0
0
1
1
1
1
5 ms. Memory: 337408K Free: 319777K (95%)
ptolemy.util.test.WatchDog.cancel(): canceling Wed Apr 25 23:36:35 UTC 2018
------------------ testing $PTII/ptolemy/domains/de/test/auto/deInCt2.xml
auto.tcl: Setting watchdog for 200 seconds at Wed Apr 25 23:36:35 UTC 2018
0
1
1
1
0
0
1
1
1
0
0
1
1
1
0
0
1
1
1
0
0
1
1
1
0
0
1
1
1
0
0
1
1
1
0
0
1
1
1
0
0
0
15 ms. Memory: 338944K Free: 321328K (95%)
ptolemy.util.test.WatchDog.cancel(): canceling Wed Apr 25 23:36:35 UTC 2018
auto.tcl: Setting watchdog for 200 seconds at Wed Apr 25 23:36:35 UTC 2018
0
1
1
1
0
0
1
1
1
0
0
1
1
1
0
0
1
1
1
0
0
1
1
1
0
0
1
1
1
0
0
1
1
1
0
0
1
1
1
0
0
0
6 ms. Memory: 338944K Free: 321328K (95%)
ptolemy.util.test.WatchDog.cancel(): canceling Wed Apr 25 23:36:35 UTC 2018
------------------ testing $PTII/ptolemy/domains/de/test/auto/dynamicCausalityInterface1.xml
auto.tcl: Setting watchdog for 200 seconds at Wed Apr 25 23:36:35 UTC 2018
2 ms. Memory: 337408K Free: 318422K (94%)
ptolemy.util.test.WatchDog.cancel(): canceling Wed Apr 25 23:36:35 UTC 2018
auto.tcl: Setting watchdog for 200 seconds at Wed Apr 25 23:36:35 UTC 2018
0 ms. Memory: 337408K Free: 318422K (94%)
ptolemy.util.test.WatchDog.cancel(): canceling Wed Apr 25 23:36:35 UTC 2018
------------------ testing $PTII/ptolemy/domains/de/test/auto/fsm_de_test.xml
auto.tcl: Setting watchdog for 200 seconds at Wed Apr 25 23:36:35 UTC 2018
6 ms. Memory: 338944K Free: 317276K (94%)
ptolemy.util.test.WatchDog.cancel(): canceling Wed Apr 25 23:36:35 UTC 2018
auto.tcl: Setting watchdog for 200 seconds at Wed Apr 25 23:36:35 UTC 2018
5 ms. Memory: 338944K Free: 317276K (94%)
ptolemy.util.test.WatchDog.cancel(): canceling Wed Apr 25 23:36:35 UTC 2018
------------------ testing $PTII/ptolemy/domains/de/test/auto/functionDependencyReconstruction.xml
auto.tcl: Setting watchdog for 200 seconds at Wed Apr 25 23:36:35 UTC 2018
3 ms. Memory: 337408K Free: 311823K (92%)
ptolemy.util.test.WatchDog.cancel(): canceling Wed Apr 25 23:36:35 UTC 2018
auto.tcl: Setting watchdog for 200 seconds at Wed Apr 25 23:36:35 UTC 2018
3 ms. Memory: 337408K Free: 307909K (91%)
ptolemy.util.test.WatchDog.cancel(): canceling Wed Apr 25 23:36:35 UTC 2018
------------------ testing $PTII/ptolemy/domains/de/test/auto/multirate.xml
auto.tcl: Setting watchdog for 200 seconds at Wed Apr 25 23:36:35 UTC 2018
6 ms. Memory: 338432K Free: 323129K (95%)
ptolemy.util.test.WatchDog.cancel(): canceling Wed Apr 25 23:36:35 UTC 2018
auto.tcl: Setting watchdog for 200 seconds at Wed Apr 25 23:36:35 UTC 2018
2 ms. Memory: 338432K Free: 323126K (95%)
ptolemy.util.test.WatchDog.cancel(): canceling Wed Apr 25 23:36:35 UTC 2018
------------------ testing $PTII/ptolemy/domains/de/test/auto/multirate2.xml
auto.tcl: Setting watchdog for 200 seconds at Wed Apr 25 23:36:35 UTC 2018
6 ms. Memory: 337408K Free: 322286K (96%)
ptolemy.util.test.WatchDog.cancel(): canceling Wed Apr 25 23:36:35 UTC 2018
auto.tcl: Setting watchdog for 200 seconds at Wed Apr 25 23:36:35 UTC 2018
3 ms. Memory: 337408K Free: 322286K (96%)
ptolemy.util.test.WatchDog.cancel(): canceling Wed Apr 25 23:36:35 UTC 2018
------------------ testing $PTII/ptolemy/domains/de/test/auto/realtime.xml
auto.tcl: Setting watchdog for 200 seconds at Wed Apr 25 23:36:35 UTC 2018
10001 ms. Memory: 338432K Free: 320745K (95%)
ptolemy.util.test.WatchDog.cancel(): canceling Wed Apr 25 23:36:45 UTC 2018
auto.tcl: Setting watchdog for 200 seconds at Wed Apr 25 23:36:45 UTC 2018
10002 ms. Memory: 338432K Free: 320745K (95%)
ptolemy.util.test.WatchDog.cancel(): canceling Wed Apr 25 23:36:55 UTC 2018
------------------ testing $PTII/ptolemy/domains/de/test/auto/relationGroup.xml
auto.tcl: Setting watchdog for 200 seconds at Wed Apr 25 23:36:55 UTC 2018
1 ms. Memory: 337408K Free: 326239K (97%)
ptolemy.util.test.WatchDog.cancel(): canceling Wed Apr 25 23:36:55 UTC 2018
auto.tcl: Setting watchdog for 200 seconds at Wed Apr 25 23:36:55 UTC 2018
1 ms. Memory: 337408K Free: 326239K (97%)
ptolemy.util.test.WatchDog.cancel(): canceling Wed Apr 25 23:36:55 UTC 2018
------------------ testing $PTII/ptolemy/domains/de/test/auto/relationGroup2.xml
auto.tcl: Setting watchdog for 200 seconds at Wed Apr 25 23:36:56 UTC 2018
1 ms. Memory: 338432K Free: 324730K (96%)
ptolemy.util.test.WatchDog.cancel(): canceling Wed Apr 25 23:36:56 UTC 2018
auto.tcl: Setting watchdog for 200 seconds at Wed Apr 25 23:36:56 UTC 2018
1 ms. Memory: 338432K Free: 324730K (96%)
ptolemy.util.test.WatchDog.cancel(): canceling Wed Apr 25 23:36:56 UTC 2018
------------------ testing $PTII/ptolemy/domains/de/test/auto/sortWithOpaquePorts.xml
auto.tcl: Setting watchdog for 200 seconds at Wed Apr 25 23:36:56 UTC 2018
1 ms. Memory: 337408K Free: 323707K (96%)
ptolemy.util.test.WatchDog.cancel(): canceling Wed Apr 25 23:36:56 UTC 2018
auto.tcl: Setting watchdog for 200 seconds at Wed Apr 25 23:36:56 UTC 2018
1 ms. Memory: 337408K Free: 319793K (95%)
ptolemy.util.test.WatchDog.cancel(): canceling Wed Apr 25 23:36:56 UTC 2018
------------------ testing $PTII/ptolemy/domains/de/test/auto/transferInputsandOutputs.xml
auto.tcl: Setting watchdog for 200 seconds at Wed Apr 25 23:36:56 UTC 2018
1 ms. Memory: 337920K Free: 320292K (95%)
ptolemy.util.test.WatchDog.cancel(): canceling Wed Apr 25 23:36:56 UTC 2018
auto.tcl: Setting watchdog for 200 seconds at Wed Apr 25 23:36:56 UTC 2018
1 ms. Memory: 337920K Free: 320292K (95%)
ptolemy.util.test.WatchDog.cancel(): canceling Wed Apr 25 23:36:56 UTC 2018
------------------ testing $PTII/ptolemy/domains/de/test/auto/triggerType.xml
auto.tcl: Setting watchdog for 200 seconds at Wed Apr 25 23:36:56 UTC 2018
1 ms. Memory: 337408K Free: 323645K (96%)
ptolemy.util.test.WatchDog.cancel(): canceling Wed Apr 25 23:36:56 UTC 2018
auto.tcl: Setting watchdog for 200 seconds at Wed Apr 25 23:36:56 UTC 2018
1 ms. Memory: 337408K Free: 319723K (95%)
ptolemy.util.test.WatchDog.cancel(): canceling Wed Apr 25 23:36:56 UTC 2018
04/25/18 11:36:56
Failed: 0  Total Tests: 192  ((Passed: 187, Newly Passed: 1)  Known Failed: 5) /home/travis/build/icyphy/ptII/ptolemy/domains/de/test
04/25/18 11:36:56
Failed: 0  Total Tests: 192  ((Passed: 187, Newly Passed: 1)  Known Failed: 5) /home/travis/build/icyphy/ptII/ptolemy/domains/de/test
----------------- testing (KnownFailure) /home/travis/build/icyphy/ptII/ptolemy/domains/de/test/auto/knownFailedTests/DESDFClockTest.xml
2008 ms. Memory: 337920K Free: 313951K (93%)
Known Failure: java.lang.reflect.InvocationTargetException
----------------- testing (KnownFailure) /home/travis/build/icyphy/ptII/ptolemy/domains/de/test/auto/knownFailedTests/DirectFeedback.xml
1 ms. Memory: 337920K Free: 293471K (87%)
Known Failure: java.lang.reflect.InvocationTargetException
----------------- testing (KnownFailure) /home/travis/build/icyphy/ptII/ptolemy/domains/de/test/auto/knownFailedTests/FSMSource.xml
6 ms. Memory: 337920K Free: 267855K (79%)
----------------- testing (KnownFailure) /home/travis/build/icyphy/ptII/ptolemy/domains/de/test/auto/knownFailedTests/HierarchicalModel.xml
2 ms. Memory: 337920K Free: 242238K (72%)
Known Failure: java.lang.reflect.InvocationTargetException
----------------- testing (KnownFailure) /home/travis/build/icyphy/ptII/ptolemy/domains/de/test/auto/knownFailedTests/dependencyLoop.xml
1 ms. Memory: 337920K Free: 211502K (63%)
Known Failure: java.lang.reflect.InvocationTargetException
----------------- testing (KnownFailure) /home/travis/build/icyphy/ptII/ptolemy/domains/de/test/auto/knownFailedTests/dependencyLoop2.xml
2 ms. Memory: 337920K Free: 180781K (53%)
Known Failure: java.lang.reflect.InvocationTargetException
No auto/*.xml tests in /home/travis/build/icyphy/ptII/ptolemy/domains/de/test
AutoTests.java: About to close Vertx.
AutoTests.java: Vertx closed.
----------------- testing Wed Apr 25 23:36:58 UTC 2018 /home/travis/build/icyphy/ptII/ptolemy/domains/de/test/auto/ActorDepthCalculation_actorWithoutPorts.xml
1 ms. Memory: 337920K Free: 155181K (46%)
reloadAllAccessors: .ActorDepthCalculation_actorWithoutPorts
----------------- testing Wed Apr 25 23:36:58 UTC 2018 /home/travis/build/icyphy/ptII/ptolemy/domains/de/test/auto/AssemblyLine.xml
1 ms. Memory: 337920K Free: 139813K (41%)
reloadAllAccessors: .AssemblyLine
----------------- testing Wed Apr 25 23:36:58 UTC 2018 /home/travis/build/icyphy/ptII/ptolemy/domains/de/test/auto/CQBug1.xml
1 ms. Memory: 337920K Free: 129572K (38%)
reloadAllAccessors: .CQBug1
----------------- testing Wed Apr 25 23:36:58 UTC 2018 /home/travis/build/icyphy/ptII/ptolemy/domains/de/test/auto/CancelFireAt.xml
0 ms. Memory: 337920K Free: 119332K (35%)
reloadAllAccessors: .CancelFireAt
----------------- testing Wed Apr 25 23:36:58 UTC 2018 /home/travis/build/icyphy/ptII/ptolemy/domains/de/test/auto/CausalityAndComposabilityAnalysis.xml
0 ms. Memory: 337920K Free: 109092K (32%)
reloadAllAccessors: .CausalityAndComposabilityAnalysis
----------------- testing Wed Apr 25 23:36:58 UTC 2018 /home/travis/build/icyphy/ptII/ptolemy/domains/de/test/auto/CausalityInterface1.xml
2 ms. Memory: 337920K Free: 98852K (29%)
reloadAllAccessors: .CausalityInterface1
----------------- testing Wed Apr 25 23:36:58 UTC 2018 /home/travis/build/icyphy/ptII/ptolemy/domains/de/test/auto/CausalityInterface15.xml
1 ms. Memory: 337920K Free: 84698K (25%)
reloadAllAccessors: .CausalityInterface15
----------------- testing Wed Apr 25 23:36:58 UTC 2018 /home/travis/build/icyphy/ptII/ptolemy/domains/de/test/auto/CausalityInterface2.xml
0 ms. Memory: 337920K Free: 77244K (23%)
reloadAllAccessors: .CausalityInterface2
----------------- testing Wed Apr 25 23:36:58 UTC 2018 /home/travis/build/icyphy/ptII/ptolemy/domains/de/test/auto/CausalityInterface3.xml
1 ms. Memory: 326144K Free: 311443K (95%)
reloadAllAccessors: .CausalityInterface3
----------------- testing Wed Apr 25 23:36:58 UTC 2018 /home/travis/build/icyphy/ptII/ptolemy/domains/de/test/auto/ClockDrift.xml
11 ms. Memory: 326144K Free: 289390K (89%)
reloadAllAccessors: .ClockDrift
----------------- testing Wed Apr 25 23:36:58 UTC 2018 /home/travis/build/icyphy/ptII/ptolemy/domains/de/test/auto/ClockDriftAndValueChange.xml
7 ms. Memory: 326144K Free: 269803K (83%)
reloadAllAccessors: .ClockDriftAndValueChange
----------------- testing Wed Apr 25 23:36:58 UTC 2018 /home/travis/build/icyphy/ptII/ptolemy/domains/de/test/auto/ClockDriftChange.xml
6 ms. Memory: 326144K Free: 255102K (78%)
reloadAllAccessors: .ClockDriftChange
----------------- testing Wed Apr 25 23:36:58 UTC 2018 /home/travis/build/icyphy/ptII/ptolemy/domains/de/test/auto/ComposableCausalityAnalysis.xml
1 ms. Memory: 326144K Free: 240402K (74%)
reloadAllAccessors: .ComposableCausalityAnalysis
----------------- testing Wed Apr 25 23:36:58 UTC 2018 /home/travis/build/icyphy/ptII/ptolemy/domains/de/test/auto/DEFixedPointLimitation.xml
1 ms. Memory: 326144K Free: 230613K (71%)
reloadAllAccessors: .DEFixedPointLimitation
----------------- testing Wed Apr 25 23:36:58 UTC 2018 /home/travis/build/icyphy/ptII/ptolemy/domains/de/test/auto/DEScheduleTest.xml
1 ms. Memory: 326144K Free: 218365K (67%)
reloadAllAccessors: .DEScheduleTest
----------------- testing Wed Apr 25 23:36:58 UTC 2018 /home/travis/build/icyphy/ptII/ptolemy/domains/de/test/auto/DEinDEwithStartTimes.xml
1 ms. Memory: 326144K Free: 203665K (62%)
reloadAllAccessors: .DEinDEwithStartTimes
----------------- testing Wed Apr 25 23:36:58 UTC 2018 /home/travis/build/icyphy/ptII/ptolemy/domains/de/test/auto/DEinDEwithStartTimes2.xml
1 ms. Memory: 326144K Free: 188964K (58%)
reloadAllAccessors: .DEinDEwithStartTimes2
----------------- testing Wed Apr 25 23:36:58 UTC 2018 /home/travis/build/icyphy/ptII/ptolemy/domains/de/test/auto/DateDemo.xml
3 ms. Memory: 326144K Free: 169377K (52%)
reloadAllAccessors: .DateDemo
----------------- testing Wed Apr 25 23:36:58 UTC 2018 /home/travis/build/icyphy/ptII/ptolemy/domains/de/test/auto/DateToEvent.xml
2004 ms. Memory: 326144K Free: 144903K (44%)
reloadAllAccessors: .DateToEvent
[...]
java.lang.RuntimeException: Execution failed
	at ptolemy.moml.MoMLSimpleApplication$UnloadThread.run(MoMLSimpleApplication.java:402)
Caused by: ptolemy.kernel.util.IllegalActionException: Test fails in iteration 1.
Value was: 1.0. Should have been: 2.0
  in .DirectFeedback.Test
	at ptolemy.actor.lib.Test.fire(Test.java:268)
	at ptolemy.domains.de.kernel.DEDirector._fire(DEDirector.java:1948)
	at ptolemy.domains.de.kernel.DEDirector.fire(DEDirector.java:502)
	at ptolemy.actor.CompositeActor.fire(CompositeActor.java:455)
	at ptolemy.actor.Manager.iterate(Manager.java:851)
	at ptolemy.actor.Manager.execute(Manager.java:369)
	at ptolemy.actor.Manager.run(Manager.java:1263)
	at ptolemy.actor.Manager$PtolemyRunThread.run(Manager.java:1915)
java.lang.RuntimeException: Execution failed
	at ptolemy.moml.MoMLSimpleApplication$UnloadThread.run(MoMLSimpleApplication.java:402)
Caused by: ptolemy.kernel.util.IllegalActionException: Actor is not ready to fire.  Perhaps UpSample.prefire() returned false? Try debugging the actor by selecting "Listen to Actor".  Also, for SDF check moml for tokenConsumptionRate on input.
  in .DESDFClockTest.Play Bell.Copy1:SDF Director and .DESDFClockTest.Play Bell.UpSample
	at ptolemy.actor.sched.StaticSchedulingDirector.fire(StaticSchedulingDirector.java:227)
	at ptolemy.domains.sdf.kernel.SDFDirector.fire(SDFDirector.java:500)
	at ptolemy.actor.CompositeActor.fire(CompositeActor.java:455)
	at ptolemy.domains.de.kernel.DEDirector._fire(DEDirector.java:1948)
	at ptolemy.domains.de.kernel.DEDirector.fire(DEDirector.java:502)
	at ptolemy.actor.CompositeActor.fire(CompositeActor.java:455)
	at ptolemy.actor.Manager.iterate(Manager.java:851)
	at ptolemy.actor.Manager.execute(Manager.java:369)
	at ptolemy.actor.Manager.run(Manager.java:1263)
	at ptolemy.actor.Manager$PtolemyRunThread.run(Manager.java:1915)
java.lang.reflect.InvocationTargetException
	at sun.reflect.NativeConstructorAccessorImpl.newInstance0(Native Method)
	at sun.reflect.NativeConstructorAccessorImpl.newInstance(NativeConstructorAccessorImpl.java:62)
	at sun.reflect.DelegatingConstructorAccessorImpl.newInstance(DelegatingConstructorAccessorImpl.java:45)
	at java.lang.reflect.Constructor.newInstance(Constructor.java:423)
	at ptolemy.util.test.junit.AutoKnownFailedTests.RunModel(AutoKnownFailedTests.java:107)
	at sun.reflect.NativeMethodAccessorImpl.invoke0(Native Method)
	at sun.reflect.NativeMethodAccessorImpl.invoke(NativeMethodAccessorImpl.java:62)
	at sun.reflect.DelegatingMethodAccessorImpl.invoke(DelegatingMethodAccessorImpl.java:43)
	at java.lang.reflect.Method.invoke(Method.java:498)
	at org.junit.runners.model.FrameworkMethod$1.runReflectiveCall(FrameworkMethod.java:44)
	at org.junit.internal.runners.model.ReflectiveCallable.run(ReflectiveCallable.java:15)
	at org.junit.runners.model.FrameworkMethod.invokeExplosively(FrameworkMethod.java:41)
	at junitparams.internal.InvokeParameterisedMethod.evaluate(InvokeParameterisedMethod.java:102)
	at org.junit.internal.runners.statements.FailOnTimeout$1.run(FailOnTimeout.java:28)
Caused by: ptolemy.kernel.util.IllegalActionException: Actor is not ready to fire.  Perhaps UpSample.prefire() returned false? Try debugging the actor by selecting "Listen to Actor".  Also, for SDF check moml for tokenConsumptionRate on input.
  in .DESDFClockTest.Play Bell.Copy1:SDF Director and .DESDFClockTest.Play Bell.UpSample
	at ptolemy.actor.sched.StaticSchedulingDirector.fire(StaticSchedulingDirector.java:227)
	at ptolemy.domains.sdf.kernel.SDFDirector.fire(SDFDirector.java:500)
	at ptolemy.actor.CompositeActor.fire(CompositeActor.java:455)
	at ptolemy.domains.de.kernel.DEDirector._fire(DEDirector.java:1948)
	at ptolemy.domains.de.kernel.DEDirector.fire(DEDirector.java:502)
	at ptolemy.actor.CompositeActor.fire(CompositeActor.java:455)
	at ptolemy.actor.Manager.iterate(Manager.java:851)
	at ptolemy.actor.Manager.execute(Manager.java:369)
	at ptolemy.actor.Manager.run(Manager.java:1263)
	at ptolemy.actor.Manager$PtolemyRunThread.run(Manager.java:1915)
java.lang.RuntimeException: Execution failed
	at ptolemy.moml.MoMLSimpleApplication$UnloadThread.run(MoMLSimpleApplication.java:402)
Caused by: ptolemy.kernel.util.IllegalActionException: Test fails in iteration 1.
Value was: 1.0. Should have been: 2.0
  in .DirectFeedback.Test
	at ptolemy.actor.lib.Test.fire(Test.java:268)
	at ptolemy.domains.de.kernel.DEDirector._fire(DEDirector.java:1948)
	at ptolemy.domains.de.kernel.DEDirector.fire(DEDirector.java:502)
	at ptolemy.actor.CompositeActor.fire(CompositeActor.java:455)
	at ptolemy.actor.Manager.iterate(Manager.java:851)
	at ptolemy.actor.Manager.execute(Manager.java:369)
	at ptolemy.actor.Manager.run(Manager.java:1263)
	at ptolemy.actor.Manager$PtolemyRunThread.run(Manager.java:1915)
java.lang.reflect.InvocationTargetException
	at sun.reflect.NativeConstructorAccessorImpl.newInstance0(Native Method)
	at sun.reflect.NativeConstructorAccessorImpl.newInstance(NativeConstructorAccessorImpl.java:62)
	at sun.reflect.DelegatingConstructorAccessorImpl.newInstance(DelegatingConstructorAccessorImpl.java:45)
	at java.lang.reflect.Constructor.newInstance(Constructor.java:423)
	at ptolemy.util.test.junit.AutoKnownFailedTests.RunModel(AutoKnownFailedTests.java:107)
	at sun.reflect.NativeMethodAccessorImpl.invoke0(Native Method)
	at sun.reflect.NativeMethodAccessorImpl.invoke(NativeMethodAccessorImpl.java:62)
	at sun.reflect.DelegatingMethodAccessorImpl.invoke(DelegatingMethodAccessorImpl.java:43)
	at java.lang.reflect.Method.invoke(Method.java:498)
	at org.junit.runners.model.FrameworkMethod$1.runReflectiveCall(FrameworkMethod.java:44)
	at org.junit.internal.runners.model.ReflectiveCallable.run(ReflectiveCallable.java:15)
	at org.junit.runners.model.FrameworkMethod.invokeExplosively(FrameworkMethod.java:41)
	at junitparams.internal.InvokeParameterisedMethod.evaluate(InvokeParameterisedMethod.java:102)
	at org.junit.internal.runners.statements.FailOnTimeout$1.run(FailOnTimeout.java:28)
Caused by: ptolemy.kernel.util.IllegalActionException: Test fails in iteration 1.
Value was: 1.0. Should have been: 2.0
  in .DirectFeedback.Test
	at ptolemy.actor.lib.Test.fire(Test.java:268)
	at ptolemy.domains.de.kernel.DEDirector._fire(DEDirector.java:1948)
	at ptolemy.domains.de.kernel.DEDirector.fire(DEDirector.java:502)
	at ptolemy.actor.CompositeActor.fire(CompositeActor.java:455)
	at ptolemy.actor.Manager.iterate(Manager.java:851)
	at ptolemy.actor.Manager.execute(Manager.java:369)
	at ptolemy.actor.Manager.run(Manager.java:1263)
	at ptolemy.actor.Manager$PtolemyRunThread.run(Manager.java:1915)
java.lang.RuntimeException: Execution failed
	at ptolemy.moml.MoMLSimpleApplication$UnloadThread.run(MoMLSimpleApplication.java:402)
Caused by: ptolemy.kernel.util.IllegalActionException: Found a zero delay loop containing .HierarchicalModel.A
  in .HierarchicalModel and .HierarchicalModel.A
	at ptolemy.actor.util.CausalityInterfaceForComposites._computeOutputPortDepth(CausalityInterfaceForComposites.java:759)
	at ptolemy.actor.util.CausalityInterfaceForComposites._computeInputDepth(CausalityInterfaceForComposites.java:696)
	at ptolemy.actor.util.CausalityInterfaceForComposites._computeOutputPortDepth(CausalityInterfaceForComposites.java:765)
	at ptolemy.actor.util.CausalityInterfaceForComposites._computeInputDepth(CausalityInterfaceForComposites.java:696)
	at ptolemy.actor.util.CausalityInterfaceForComposites._computeOutputPortDepth(CausalityInterfaceForComposites.java:765)
	at ptolemy.actor.util.CausalityInterfaceForComposites._computeInputDepth(CausalityInterfaceForComposites.java:696)
	at ptolemy.actor.util.CausalityInterfaceForComposites._computeActorDepth(CausalityInterfaceForComposites.java:532)
	at ptolemy.actor.util.CausalityInterfaceForComposites.checkForCycles(CausalityInterfaceForComposites.java:96)
	at ptolemy.domains.de.kernel.DEDirector.preinitialize(DEDirector.java:1337)
	at ptolemy.actor.CompositeActor.preinitialize(CompositeActor.java:1828)
	at ptolemy.actor.Manager.preinitializeAndResolveTypes(Manager.java:1040)
	at ptolemy.actor.Manager.initialize(Manager.java:710)
	at ptolemy.actor.Manager.execute(Manager.java:356)
	at ptolemy.actor.Manager.run(Manager.java:1263)
	at ptolemy.actor.Manager$PtolemyRunThread.run(Manager.java:1915)
java.lang.reflect.InvocationTargetException
	at sun.reflect.NativeConstructorAccessorImpl.newInstance0(Native Method)
	at sun.reflect.NativeConstructorAccessorImpl.newInstance(NativeConstructorAccessorImpl.java:62)
	at sun.reflect.DelegatingConstructorAccessorImpl.newInstance(DelegatingConstructorAccessorImpl.java:45)
	at java.lang.reflect.Constructor.newInstance(Constructor.java:423)
	at ptolemy.util.test.junit.AutoKnownFailedTests.RunModel(AutoKnownFailedTests.java:107)
	at sun.reflect.NativeMethodAccessorImpl.invoke0(Native Method)
	at sun.reflect.NativeMethodAccessorImpl.invoke(NativeMethodAccessorImpl.java:62)
	at sun.reflect.DelegatingMethodAccessorImpl.invoke(DelegatingMethodAccessorImpl.java:43)
	at java.lang.reflect.Method.invoke(Method.java:498)
	at org.junit.runners.model.FrameworkMethod$1.runReflectiveCall(FrameworkMethod.java:44)
	at org.junit.internal.runners.model.ReflectiveCallable.run(ReflectiveCallable.java:15)
	at org.junit.runners.model.FrameworkMethod.invokeExplosively(FrameworkMethod.java:41)
	at junitparams.internal.InvokeParameterisedMethod.evaluate(InvokeParameterisedMethod.java:102)
	at org.junit.internal.runners.statements.FailOnTimeout$1.run(FailOnTimeout.java:28)
Caused by: ptolemy.kernel.util.IllegalActionException: Found a zero delay loop containing .HierarchicalModel.A
  in .HierarchicalModel and .HierarchicalModel.A
	at ptolemy.actor.util.CausalityInterfaceForComposites._computeOutputPortDepth(CausalityInterfaceForComposites.java:759)
	at ptolemy.actor.util.CausalityInterfaceForComposites._computeInputDepth(CausalityInterfaceForComposites.java:696)
	at ptolemy.actor.util.CausalityInterfaceForComposites._computeOutputPortDepth(CausalityInterfaceForComposites.java:765)
	at ptolemy.actor.util.CausalityInterfaceForComposites._computeInputDepth(CausalityInterfaceForComposites.java:696)
	at ptolemy.actor.util.CausalityInterfaceForComposites._computeOutputPortDepth(CausalityInterfaceForComposites.java:765)
	at ptolemy.actor.util.CausalityInterfaceForComposites._computeInputDepth(CausalityInterfaceForComposites.java:696)
	at ptolemy.actor.util.CausalityInterfaceForComposites._computeActorDepth(CausalityInterfaceForComposites.java:532)
	at ptolemy.actor.util.CausalityInterfaceForComposites.checkForCycles(CausalityInterfaceForComposites.java:96)
	at ptolemy.domains.de.kernel.DEDirector.preinitialize(DEDirector.java:1337)
	at ptolemy.actor.CompositeActor.preinitialize(CompositeActor.java:1828)
	at ptolemy.actor.Manager.preinitializeAndResolveTypes(Manager.java:1040)
	at ptolemy.actor.Manager.initialize(Manager.java:710)
	at ptolemy.actor.Manager.execute(Manager.java:356)
	at ptolemy.actor.Manager.run(Manager.java:1263)
	at ptolemy.actor.Manager$PtolemyRunThread.run(Manager.java:1915)
java.lang.RuntimeException: Execution failed
	at ptolemy.moml.MoMLSimpleApplication$UnloadThread.run(MoMLSimpleApplication.java:402)
Caused by: ptolemy.kernel.util.IllegalActionException: Found a zero delay loop containing .dependencyLoop.original
  in .dependencyLoop and .dependencyLoop.original
	at ptolemy.actor.util.CausalityInterfaceForComposites._computeOutputPortDepth(CausalityInterfaceForComposites.java:759)
	at ptolemy.actor.util.CausalityInterfaceForComposites._computeInputDepth(CausalityInterfaceForComposites.java:696)
	at ptolemy.actor.util.CausalityInterfaceForComposites._computeOutputPortDepth(CausalityInterfaceForComposites.java:765)
	at ptolemy.actor.util.CausalityInterfaceForComposites._computeInputDepth(CausalityInterfaceForComposites.java:696)
	at ptolemy.actor.util.CausalityInterfaceForComposites._computeOutputPortDepth(CausalityInterfaceForComposites.java:765)
	at ptolemy.actor.util.CausalityInterfaceForComposites._computeInputDepth(CausalityInterfaceForComposites.java:696)
	at ptolemy.actor.util.CausalityInterfaceForComposites._computeActorDepth(CausalityInterfaceForComposites.java:532)
	at ptolemy.actor.util.CausalityInterfaceForComposites.checkForCycles(CausalityInterfaceForComposites.java:96)
	at ptolemy.domains.de.kernel.DEDirector.preinitialize(DEDirector.java:1337)
	at ptolemy.actor.CompositeActor.preinitialize(CompositeActor.java:1828)
	at ptolemy.actor.Manager.preinitializeAndResolveTypes(Manager.java:1040)
	at ptolemy.actor.Manager.initialize(Manager.java:710)
	at ptolemy.actor.Manager.execute(Manager.java:356)
	at ptolemy.actor.Manager.run(Manager.java:1263)
	at ptolemy.actor.Manager$PtolemyRunThread.run(Manager.java:1915)
java.lang.reflect.InvocationTargetException
	at sun.reflect.NativeConstructorAccessorImpl.newInstance0(Native Method)
	at sun.reflect.NativeConstructorAccessorImpl.newInstance(NativeConstructorAccessorImpl.java:62)
	at sun.reflect.DelegatingConstructorAccessorImpl.newInstance(DelegatingConstructorAccessorImpl.java:45)
	at java.lang.reflect.Constructor.newInstance(Constructor.java:423)
	at ptolemy.util.test.junit.AutoKnownFailedTests.RunModel(AutoKnownFailedTests.java:107)
	at sun.reflect.NativeMethodAccessorImpl.invoke0(Native Method)
	at sun.reflect.NativeMethodAccessorImpl.invoke(NativeMethodAccessorImpl.java:62)
	at sun.reflect.DelegatingMethodAccessorImpl.invoke(DelegatingMethodAccessorImpl.java:43)
	at java.lang.reflect.Method.invoke(Method.java:498)
	at org.junit.runners.model.FrameworkMethod$1.runReflectiveCall(FrameworkMethod.java:44)
	at org.junit.internal.runners.model.ReflectiveCallable.run(ReflectiveCallable.java:15)
	at org.junit.runners.model.FrameworkMethod.invokeExplosively(FrameworkMethod.java:41)
	at junitparams.internal.InvokeParameterisedMethod.evaluate(InvokeParameterisedMethod.java:102)
	at org.junit.internal.runners.statements.FailOnTimeout$1.run(FailOnTimeout.java:28)
Caused by: ptolemy.kernel.util.IllegalActionException: Found a zero delay loop containing .dependencyLoop.original
  in .dependencyLoop and .dependencyLoop.original
	at ptolemy.actor.util.CausalityInterfaceForComposites._computeOutputPortDepth(CausalityInterfaceForComposites.java:759)
	at ptolemy.actor.util.CausalityInterfaceForComposites._computeInputDepth(CausalityInterfaceForComposites.java:696)
	at ptolemy.actor.util.CausalityInterfaceForComposites._computeOutputPortDepth(CausalityInterfaceForComposites.java:765)
	at ptolemy.actor.util.CausalityInterfaceForComposites._computeInputDepth(CausalityInterfaceForComposites.java:696)
	at ptolemy.actor.util.CausalityInterfaceForComposites._computeOutputPortDepth(CausalityInterfaceForComposites.java:765)
	at ptolemy.actor.util.CausalityInterfaceForComposites._computeInputDepth(CausalityInterfaceForComposites.java:696)
	at ptolemy.actor.util.CausalityInterfaceForComposites._computeActorDepth(CausalityInterfaceForComposites.java:532)
	at ptolemy.actor.util.CausalityInterfaceForComposites.checkForCycles(CausalityInterfaceForComposites.java:96)
	at ptolemy.domains.de.kernel.DEDirector.preinitialize(DEDirector.java:1337)
	at ptolemy.actor.CompositeActor.preinitialize(CompositeActor.java:1828)
	at ptolemy.actor.Manager.preinitializeAndResolveTypes(Manager.java:1040)
	at ptolemy.actor.Manager.initialize(Manager.java:710)
	at ptolemy.actor.Manager.execute(Manager.java:356)
	at ptolemy.actor.Manager.run(Manager.java:1263)
	at ptolemy.actor.Manager$PtolemyRunThread.run(Manager.java:1915)
java.lang.RuntimeException: Execution failed
	at ptolemy.moml.MoMLSimpleApplication$UnloadThread.run(MoMLSimpleApplication.java:402)
Caused by: ptolemy.kernel.util.IllegalActionException: Found a zero delay loop containing .dependencyLoop2.original
  in .dependencyLoop2 and .dependencyLoop2.original
	at ptolemy.actor.util.CausalityInterfaceForComposites._computeOutputPortDepth(CausalityInterfaceForComposites.java:759)
	at ptolemy.actor.util.CausalityInterfaceForComposites._computeInputDepth(CausalityInterfaceForComposites.java:696)
	at ptolemy.actor.util.CausalityInterfaceForComposites._computeOutputPortDepth(CausalityInterfaceForComposites.java:765)
	at ptolemy.actor.util.CausalityInterfaceForComposites._computeInputDepth(CausalityInterfaceForComposites.java:696)
	at ptolemy.actor.util.CausalityInterfaceForComposites._computeOutputPortDepth(CausalityInterfaceForComposites.java:765)
	at ptolemy.actor.util.CausalityInterfaceForComposites._computeInputDepth(CausalityInterfaceForComposites.java:696)
	at ptolemy.actor.util.CausalityInterfaceForComposites._computeActorDepth(CausalityInterfaceForComposites.java:532)
	at ptolemy.actor.util.CausalityInterfaceForComposites.checkForCycles(CausalityInterfaceForComposites.java:96)
	at ptolemy.domains.de.kernel.DEDirector.preinitialize(DEDirector.java:1337)
	at ptolemy.actor.CompositeActor.preinitialize(CompositeActor.java:1828)
	at ptolemy.actor.Manager.preinitializeAndResolveTypes(Manager.java:1040)
	at ptolemy.actor.Manager.initialize(Manager.java:710)
	at ptolemy.actor.Manager.execute(Manager.java:356)
	at ptolemy.actor.Manager.run(Manager.java:1263)
	at ptolemy.actor.Manager$PtolemyRunThread.run(Manager.java:1915)
java.lang.reflect.InvocationTargetException
	at sun.reflect.NativeConstructorAccessorImpl.newInstance0(Native Method)
	at sun.reflect.NativeConstructorAccessorImpl.newInstance(NativeConstructorAccessorImpl.java:62)
	at sun.reflect.DelegatingConstructorAccessorImpl.newInstance(DelegatingConstructorAccessorImpl.java:45)
	at java.lang.reflect.Constructor.newInstance(Constructor.java:423)
	at ptolemy.util.test.junit.AutoKnownFailedTests.RunModel(AutoKnownFailedTests.java:107)
	at sun.reflect.NativeMethodAccessorImpl.invoke0(Native Method)
	at sun.reflect.NativeMethodAccessorImpl.invoke(NativeMethodAccessorImpl.java:62)
	at sun.reflect.DelegatingMethodAccessorImpl.invoke(DelegatingMethodAccessorImpl.java:43)
	at java.lang.reflect.Method.invoke(Method.java:498)
	at org.junit.runners.model.FrameworkMethod$1.runReflectiveCall(FrameworkMethod.java:44)
	at org.junit.internal.runners.model.ReflectiveCallable.run(ReflectiveCallable.java:15)
	at org.junit.runners.model.FrameworkMethod.invokeExplosively(FrameworkMethod.java:41)
	at junitparams.internal.InvokeParameterisedMethod.evaluate(InvokeParameterisedMethod.java:102)
	at org.junit.internal.runners.statements.FailOnTimeout$1.run(FailOnTimeout.java:28)
Caused by: ptolemy.kernel.util.IllegalActionException: Found a zero delay loop containing .dependencyLoop2.original
  in .dependencyLoop2 and .dependencyLoop2.original
	at ptolemy.actor.util.CausalityInterfaceForComposites._computeOutputPortDepth(CausalityInterfaceForComposites.java:759)
	at ptolemy.actor.util.CausalityInterfaceForComposites._computeInputDepth(CausalityInterfaceForComposites.java:696)
	at ptolemy.actor.util.CausalityInterfaceForComposites._computeOutputPortDepth(CausalityInterfaceForComposites.java:765)
	at ptolemy.actor.util.CausalityInterfaceForComposites._computeInputDepth(CausalityInterfaceForComposites.java:696)
	at ptolemy.actor.util.CausalityInterfaceForComposites._computeOutputPortDepth(CausalityInterfaceForComposites.java:765)
	at ptolemy.actor.util.CausalityInterfaceForComposites._computeInputDepth(CausalityInterfaceForComposites.java:696)
	at ptolemy.actor.util.CausalityInterfaceForComposites._computeActorDepth(CausalityInterfaceForComposites.java:532)
	at ptolemy.actor.util.CausalityInterfaceForComposites.checkForCycles(CausalityInterfaceForComposites.java:96)
	at ptolemy.domains.de.kernel.DEDirector.preinitialize(DEDirector.java:1337)
	at ptolemy.actor.CompositeActor.preinitialize(CompositeActor.java:1828)
	at ptolemy.actor.Manager.preinitializeAndResolveTypes(Manager.java:1040)
	at ptolemy.actor.Manager.initialize(Manager.java:710)
	at ptolemy.actor.Manager.execute(Manager.java:356)
	at ptolemy.actor.Manager.run(Manager.java:1263)
	at ptolemy.actor.Manager$PtolemyRunThread.run(Manager.java:1915)
]]></system-err>
</testsuite>
