<?xml version="1.0" encoding="UTF-8" ?>
<testsuite errors="0" failures="0" hostname="travis-job-0fb7715e-954d-4cf3-b96d-810027c6d73e" name="ptolemy.actor.lib.fmi.test.junit.JUnitTclTest" skipped="0" tests="63" time="22.643" timestamp="2018-05-07T00:44:36">
  <properties>
[...]
</properties>
  <testcase classname="ptolemy.util.test.junit.TclTests" name="[0] /home/travis/build/icyphy/ptII/ptolemy/actor/lib/fmi/test/FMUImport.tcl (RunTclFile)" time="2.362" />
  <testcase classname="ptolemy.util.test.junit.TclTests" name="[1] /home/travis/build/icyphy/ptII/ptolemy/actor/lib/fmi/test/FMUQSS.tcl (RunTclFile)" time="0.057" />
  <testcase classname="ptolemy.util.test.junit.AutoKnownFailedTests" name="[0] /home/travis/build/icyphy/ptII/ptolemy/actor/lib/fmi/test/auto/knownFailedTests/FMUContinuousInc20.xml (RunModel)" time="0.243" />
  <testcase classname="ptolemy.util.test.junit.AutoNameArchTests" name="[0] /home/travis/build/icyphy/ptII/ptolemy/actor/lib/fmi/test/auto/linux-amd64/FMUQSSAirOulet1_QSS1.xml (RunModel)" time="1.687" />
  <testcase classname="ptolemy.util.test.junit.AutoNameArchTests" name="[1] /home/travis/build/icyphy/ptII/ptolemy/actor/lib/fmi/test/auto/linux-amd64/FMUQSSAirToOulet1_QSS1.xml (RunModel)" time="0.751" />
  <testcase classname="ptolemy.util.test.junit.AutoNameArchTests" name="[2] /home/travis/build/icyphy/ptII/ptolemy/actor/lib/fmi/test/auto/linux-amd64/FMUQSSAirToOulet2_QSS1.xml (RunModel)" time="2.359" />
  <testcase classname="ptolemy.util.test.junit.AutoNameArchTests" name="[3] /home/travis/build/icyphy/ptII/ptolemy/actor/lib/fmi/test/auto/linux-amd64/FMUQSSStateEvent1_QSS1.xml (RunModel)" time="0.206" />
  <testcase classname="ptolemy.util.test.junit.AutoNameArchTests" name="[4] /home/travis/build/icyphy/ptII/ptolemy/actor/lib/fmi/test/auto/linux-amd64/FMUQSSStateEvent1_QSS2.xml (RunModel)" time="1.222" />
  <testcase classname="ptolemy.util.test.junit.AutoNameArchTests" name="[5] /home/travis/build/icyphy/ptII/ptolemy/actor/lib/fmi/test/auto/linux-amd64/FMUQSSStateEvent1_QSS3.xml (RunModel)" time="0.241" />
  <testcase classname="ptolemy.util.test.junit.AutoNameArchTests" name="[6] /home/travis/build/icyphy/ptII/ptolemy/actor/lib/fmi/test/auto/linux-amd64/FMUQSSStateEvent2_QSS1.xml (RunModel)" time="0.762" />
  <testcase classname="ptolemy.util.test.junit.AutoNameArchTests" name="[7] /home/travis/build/icyphy/ptII/ptolemy/actor/lib/fmi/test/auto/linux-amd64/FMUQSSStateEvent2_QSS2.xml (RunModel)" time="0.971" />
  <testcase classname="ptolemy.util.test.junit.AutoNameArchTests" name="[8] /home/travis/build/icyphy/ptII/ptolemy/actor/lib/fmi/test/auto/linux-amd64/FMUQSSStateEvent4_QSS1.xml (RunModel)" time="0.19" />
  <testcase classname="ptolemy.util.test.junit.AutoNameArchTests" name="[9] /home/travis/build/icyphy/ptII/ptolemy/actor/lib/fmi/test/auto/linux-amd64/FMUQSSStateEvent4_QSS2.xml (RunModel)" time="0.108" />
  <testcase classname="ptolemy.util.test.junit.AutoNameArchTests" name="[10] /home/travis/build/icyphy/ptII/ptolemy/actor/lib/fmi/test/auto/linux-amd64/FMUQSSStateEvent4_QSS3.xml (RunModel)" time="0.111" />
  <testcase classname="ptolemy.util.test.junit.AutoNameArchTests" name="[11] /home/travis/build/icyphy/ptII/ptolemy/actor/lib/fmi/test/auto/linux-amd64/FMUQSSStateEvent5_QSS1.xml (RunModel)" time="0.245" />
  <testcase classname="ptolemy.util.test.junit.AutoNameArchTests" name="[12] /home/travis/build/icyphy/ptII/ptolemy/actor/lib/fmi/test/auto/linux-amd64/FMUQSSStateEvent5_QSS2.xml (RunModel)" time="0.484" />
  <testcase classname="ptolemy.util.test.junit.AutoNameArchTests" name="[13] /home/travis/build/icyphy/ptII/ptolemy/actor/lib/fmi/test/auto/linux-amd64/FMUQSSStateEvent5_QSS3.xml (RunModel)" time="0.113" />
  <testcase classname="ptolemy.util.test.junit.AutoNameArchTests" name="[14] /home/travis/build/icyphy/ptII/ptolemy/actor/lib/fmi/test/auto/linux-amd64/FMUQSSStateEvent6_QSS1.xml (RunModel)" time="0.739" />
  <testcase classname="ptolemy.util.test.junit.AutoNameArchTests" name="[15] /home/travis/build/icyphy/ptII/ptolemy/actor/lib/fmi/test/auto/linux-amd64/FMUQSSStateEvent6_QSS2.xml (RunModel)" time="0.766" />
  <testcase classname="ptolemy.util.test.junit.AutoTests" name="[0] /home/travis/build/icyphy/ptII/ptolemy/actor/lib/fmi/test/auto/FMU30Inc.xml (RunModel)" time="0.662" />
  <testcase classname="ptolemy.util.test.junit.AutoTests" name="[1] /home/travis/build/icyphy/ptII/ptolemy/actor/lib/fmi/test/auto/FMUBouncingBall.xml (RunModel)" time="0.166" />
  <testcase classname="ptolemy.util.test.junit.AutoTests" name="[2] /home/travis/build/icyphy/ptII/ptolemy/actor/lib/fmi/test/auto/FMUBouncingBallME20.xml (RunModel)" time="0.256" />
  <testcase classname="ptolemy.util.test.junit.AutoTests" name="[3] /home/travis/build/icyphy/ptII/ptolemy/actor/lib/fmi/test/auto/FMUDQ.xml (RunModel)" time="0.03" />
  <testcase classname="ptolemy.util.test.junit.AutoTests" name="[4] /home/travis/build/icyphy/ptII/ptolemy/actor/lib/fmi/test/auto/FMUDq20.xml (RunModel)" time="0.086" />
  <testcase classname="ptolemy.util.test.junit.AutoTests" name="[5] /home/travis/build/icyphy/ptII/ptolemy/actor/lib/fmi/test/auto/FMUDqME20.xml (RunModel)" time="0.038" />
  <testcase classname="ptolemy.util.test.junit.AutoTests" name="[6] /home/travis/build/icyphy/ptII/ptolemy/actor/lib/fmi/test/auto/FMUFourInputsFourOutputsME20.xml (RunModel)" time="0.057" />
  <testcase classname="ptolemy.util.test.junit.AutoTests" name="[7] /home/travis/build/icyphy/ptII/ptolemy/actor/lib/fmi/test/auto/FMUHeaterFlowResistance.xml (RunModel)" time="0.174" />
  <testcase classname="ptolemy.util.test.junit.AutoTests" name="[8] /home/travis/build/icyphy/ptII/ptolemy/actor/lib/fmi/test/auto/FMUHelloWorld.xml (RunModel)" time="0.032" />
  <testcase classname="ptolemy.util.test.junit.AutoTests" name="[9] /home/travis/build/icyphy/ptII/ptolemy/actor/lib/fmi/test/auto/FMUHelloWorldUnBuilt.xml (RunModel)" time="0.093" />
  <testcase classname="ptolemy.util.test.junit.AutoTests" name="[10] /home/travis/build/icyphy/ptII/ptolemy/actor/lib/fmi/test/auto/FMUInc.xml (RunModel)" time="0.026" />
  <testcase classname="ptolemy.util.test.junit.AutoTests" name="[11] /home/travis/build/icyphy/ptII/ptolemy/actor/lib/fmi/test/auto/FMUInc2.xml (RunModel)" time="0.04" />
  <testcase classname="ptolemy.util.test.junit.AutoTests" name="[12] /home/travis/build/icyphy/ptII/ptolemy/actor/lib/fmi/test/auto/FMUIncME1.xml (RunModel)" time="0.03" />
  <testcase classname="ptolemy.util.test.junit.AutoTests" name="[13] /home/travis/build/icyphy/ptII/ptolemy/actor/lib/fmi/test/auto/FMUIncME20.xml (RunModel)" time="0.034" />
  <testcase classname="ptolemy.util.test.junit.AutoTests" name="[14] /home/travis/build/icyphy/ptII/ptolemy/actor/lib/fmi/test/auto/FMUIncScale20RC1pt.xml (RunModel)" time="0.037" />
  <testcase classname="ptolemy.util.test.junit.AutoTests" name="[15] /home/travis/build/icyphy/ptII/ptolemy/actor/lib/fmi/test/auto/FMULevelStairs.xml (RunModel)" time="0.062" />
  <testcase classname="ptolemy.util.test.junit.AutoTests" name="[16] /home/travis/build/icyphy/ptII/ptolemy/actor/lib/fmi/test/auto/FMUPumpConstantSpeed.xml (RunModel)" time="0.126" />
  <testcase classname="ptolemy.util.test.junit.AutoTests" name="[17] /home/travis/build/icyphy/ptII/ptolemy/actor/lib/fmi/test/auto/FMUQSSTankOpen.xml (RunModel)" time="3.46" />
  <testcase classname="ptolemy.util.test.junit.AutoTests" name="[18] /home/travis/build/icyphy/ptII/ptolemy/actor/lib/fmi/test/auto/FMUSDFBouncingBall.xml (RunModel)" time="0.023" />
  <testcase classname="ptolemy.util.test.junit.AutoTests" name="[19] /home/travis/build/icyphy/ptII/ptolemy/actor/lib/fmi/test/auto/FMUSDFBouncingBall20.xml (RunModel)" time="0.283" />
  <testcase classname="ptolemy.util.test.junit.AutoTests" name="[20] /home/travis/build/icyphy/ptII/ptolemy/actor/lib/fmi/test/auto/FMUSDFBouncingBall20RC1.xml (RunModel)" time="0.029" />
  <testcase classname="ptolemy.util.test.junit.AutoTests" name="[21] /home/travis/build/icyphy/ptII/ptolemy/actor/lib/fmi/test/auto/FMUSDFInc20.xml (RunModel)" time="0.023" />
  <testcase classname="ptolemy.util.test.junit.AutoTests" name="[22] /home/travis/build/icyphy/ptII/ptolemy/actor/lib/fmi/test/auto/FMUStairs.xml (RunModel)" time="0.044" />
  <testcase classname="ptolemy.util.test.junit.AutoTests" name="[23] /home/travis/build/icyphy/ptII/ptolemy/actor/lib/fmi/test/auto/FMUStepCounter1.xml (RunModel)" time="0.108" />
  <testcase classname="ptolemy.util.test.junit.AutoTests" name="[24] /home/travis/build/icyphy/ptII/ptolemy/actor/lib/fmi/test/auto/FMUStepCounter2.xml (RunModel)" time="0.121" />
  <testcase classname="ptolemy.util.test.junit.AutoTests" name="[25] /home/travis/build/icyphy/ptII/ptolemy/actor/lib/fmi/test/auto/FMUStepCounterContinuous1.xml (RunModel)" time="0.023" />
  <testcase classname="ptolemy.util.test.junit.AutoTests" name="[26] /home/travis/build/icyphy/ptII/ptolemy/actor/lib/fmi/test/auto/FMUStepCounterContinuous2.xml (RunModel)" time="0.027" />
  <testcase classname="ptolemy.util.test.junit.AutoTests" name="[27] /home/travis/build/icyphy/ptII/ptolemy/actor/lib/fmi/test/auto/FMUStepCounterContinuousTwoFMUs1.xml (RunModel)" time="0.021" />
  <testcase classname="ptolemy.util.test.junit.AutoTests" name="[28] /home/travis/build/icyphy/ptII/ptolemy/actor/lib/fmi/test/auto/FMUStepCounterContinuousTwoFMUs2.xml (RunModel)" time="0.049" />
  <testcase classname="ptolemy.util.test.junit.AutoTests" name="[29] /home/travis/build/icyphy/ptII/ptolemy/actor/lib/fmi/test/auto/FMUStepCounterExtendedFMI.xml (RunModel)" time="0.153" />
  <testcase classname="ptolemy.util.test.junit.AutoTests" name="[30] /home/travis/build/icyphy/ptII/ptolemy/actor/lib/fmi/test/auto/FMUStepCounterPeriodInNameContinuous2.xml (RunModel)" time="0.114" />
  <testcase classname="ptolemy.util.test.junit.AutoTests" name="[31] /home/travis/build/icyphy/ptII/ptolemy/actor/lib/fmi/test/auto/FMUTankOpen.xml (RunModel)" time="0.067" />
  <testcase classname="ptolemy.util.test.junit.AutoTests" name="[32] /home/travis/build/icyphy/ptII/ptolemy/actor/lib/fmi/test/auto/FMUTwoBallCollision.xml (RunModel)" time="0.409" />
  <testcase classname="ptolemy.util.test.junit.AutoTests" name="[33] /home/travis/build/icyphy/ptII/ptolemy/actor/lib/fmi/test/auto/FMUValues.xml (RunModel)" time="0.066" />
  <testcase classname="ptolemy.util.test.junit.AutoTests" name="[34] /home/travis/build/icyphy/ptII/ptolemy/actor/lib/fmi/test/auto/FMUValues20.xml (RunModel)" time="0.056" />
  <testcase classname="ptolemy.util.test.junit.AutoTests" name="[35] /home/travis/build/icyphy/ptII/ptolemy/actor/lib/fmi/test/auto/FMUValuesME20.xml (RunModel)" time="0.094" />
  <testcase classname="ptolemy.util.test.junit.AutoTests" name="[36] /home/travis/build/icyphy/ptII/ptolemy/actor/lib/fmi/test/auto/FMUVanDerPol.xml (RunModel)" time="0.026" />
  <testcase classname="ptolemy.util.test.junit.AutoTests" name="[37] /home/travis/build/icyphy/ptII/ptolemy/actor/lib/fmi/test/auto/FMUVanDerPol20.xml (RunModel)" time="0.089" />
  <testcase classname="ptolemy.util.test.junit.AutoTests" name="[38] /home/travis/build/icyphy/ptII/ptolemy/actor/lib/fmi/test/auto/FMUVanDerPolME20.xml (RunModel)" time="0.043" />
  <testcase classname="ptolemy.util.test.junit.AutoTests" name="[39] /home/travis/build/icyphy/ptII/ptolemy/actor/lib/fmi/test/auto/FMUdq20RC1.xml (RunModel)" time="0.013" />
  <testcase classname="ptolemy.util.test.junit.AutoTests" name="[40] /home/travis/build/icyphy/ptII/ptolemy/actor/lib/fmi/test/auto/FMUvalues20RC1.xml (RunModel)" time="0.038" />
  <testcase classname="ptolemy.util.test.junit.AutoTests" name="[41] /home/travis/build/icyphy/ptII/ptolemy/actor/lib/fmi/test/auto/FMUvanDerPol20RC1.xml (RunModel)" time="0.024" />
  <testcase classname="ptolemy.util.test.junit.AutoTests" name="[42] /home/travis/build/icyphy/ptII/ptolemy/actor/lib/fmi/test/auto/TestZeroDelayFeedback.xml (RunModel)" time="1.22" />
  <testcase classname="ptolemy.util.test.junit.AutoTests" name="[43] /home/travis/build/icyphy/ptII/ptolemy/actor/lib/fmi/test/auto/helloWorldME2.xml (RunModel)" time="0.021" />
  <system-out><![CDATA[/home/travis/build/icyphy/ptII/ptolemy/actor/lib/fmi/test/FMUImport.tcl
testDefs.tcl: setting time out to 9000 seconds at Mon May 07 00:44:36 UTC 2018
.top.ballDynamics
FMUImport.tcl: auto/tankOpen.fmu is to be imported as a modelExchange fmu.
.top.tankOpen
.top.fmuD20pt
Warning: FMU modelDescription provides Integer representation of time, but precision is not specified
.top.SamplerIT
Warning: FMU modelDescription provides Integer representation of time, but precision is not specified
.top.ConstantIT
Warning: FMU modelDescription provides Integer representation of time, but precision is not specified
.top.AdderIT
Warning: FMU modelDescription provides Integer representation of time, but precision is not specified
.top.IntegratorIT
FMUImport.tcl: auto/dqME1.fmu is to be imported as a modelExchange fmu.
.top.dqME
.top.values20RC
Warning: FMU modelDescription provides Integer representation of time, but precision is not specified
.top.ZeroCrossingDetector
Warning: FMU modelDescription provides Integer representation of time, but precision is not specified
.top.ClockW
FMUImport.tcl: auto/valuesME20.fmu is to be imported as a modelExchange fmu.
.top.valuesME
Warning: FMU modelDescription provides Integer representation of time, but precision is not specified
.top.HybridSequenceCheck
Warning: FMU modelDescription provides Integer representation of time, but precision is not specified
.top.ClockIT
.top.inc20RC
Warning: FMU modelDescription provides Integer representation of time, but precision is not specified
.top.CheckEqualityIT
Warning: FMU modelDescription provides Integer representation of time, but precision is not specified
.top.Constant
Warning: FMU modelDescription provides Integer representation of time, but precision is not specified
.top.CTClockW
.top.dq
.top.fmuA20pt
Warning: FMU modelDescription provides Integer representation of time, but precision is not specified
.top.Clock
.top.stepCounter
.top.stepCounter
.top.onOffSupervisor
.top.SamplerFP
FMUImport.tcl: auto/vanDerPolME20.fmu is to be imported as a modelExchange fmu.
.top.vanDerPolME
Warning: FMU modelDescription provides Integer representation of time, but precision is not specified
.top.HybridIntegratorReset
.top.helloWorldUnBuilt
.top.heaterFlowResistance
Warning: FMU modelDescription provides Integer representation of time, but precision is not specified
.top.CTClockIT
.top.stairsB
Warning: FMU modelDescription provides Integer representation of time, but precision is not specified
.top.DelayIT
Warning: FMU modelDescription provides Integer representation of time, but precision is not specified
.top.HybridZeroCrossingDetector
FMUImport.tcl: auto/bouncingBallME1.fmu is to be imported as a modelExchange fmu.
.top.bouncingBallME
.top.stairsA
.top.scale20RC
Warning: FMU modelDescription provides Integer representation of time, but precision is not specified
.top.ZeroCrossingDetectorIT
FMUImport.tcl: auto/dqME20.fmu is to be imported as a modelExchange fmu.
.top.dqME
Warning: FMU modelDescription provides Integer representation of time, but precision is not specified
.top.Delay
.top.bouncingBall
FMUImport.tcl: auto/incME1.fmu is to be imported as a modelExchange fmu.
.top.incME
.top.stepCounterExtendedFMI
.top.dq20RC
Warning: FMU modelDescription provides Integer representation of time, but precision is not specified
.top.DelayW
Warning: FMU modelDescription provides Integer representation of time, but precision is not specified
.top.Integrator
Warning: FMU modelDescription provides Integer representation of time, but precision is not specified
.top.HybridAdder
FMUImport.tcl: auto/incME20.fmu is to be imported as a modelExchange fmu.
.top.incME
.top.qss1State1OutputNoBinaries
Warning: FMU modelDescription provides Integer representation of time, but precision is not specified
.top.HybridConstantSignalGenerator
.top.ClockFP
.top.pumpConstantSpeed
.top.vanDerPol20RC
.top.inc20pt
.top.out20pt
.top.scale20pt
.top.helloWorldME
Warning: FMU modelDescription provides Integer representation of time, but precision is not specified
.top.HybridTriggeredConst
FMUImport.tcl: auto/fourInputsFourOutputsME20.fmu is to be imported as a modelExchange fmu.
.top.fourInputsFourOutputsME
.top.fmuC20pt
FMUImport.tcl: auto/bouncingBallME20.fmu is to be imported as a modelExchange fmu.
.top.bouncingBallME
.top.values
Warning: FMU modelDescription provides Integer representation of time, but precision is not specified
.top.Adder
.top.inc
.top.helloWorld
.top.stepCounterPeriodInName
.top.levelStairs
.top.stairsA20RC1F
.top.fmuB20pt
.top.vanDerPol
Warning: FMU modelDescription provides Integer representation of time, but precision is not specified
.top.HybridDelay
FMUImport.tcl: auto/valuesME1.fmu is to be imported as a modelExchange fmu.
.top.valuesME
FMUImport.tcl: auto/vanDerPolME1.fmu is to be imported as a modelExchange fmu.
.top.vanDerPolME
.top.CheckEqualityFP
.top.bouncingBall20RC
/home/travis/build/icyphy/ptII/ptolemy/actor/lib/fmi/test/FMUQSS.tcl
05/07/18 12:44:38
Failed: 0  Total Tests: 80  ((Passed: 80, Newly Passed: 0)  Known Failed: 0) /home/travis/build/icyphy/ptII/ptolemy/actor/lib/fmi/test
----------------- testing (KnownFailure) /home/travis/build/icyphy/ptII/ptolemy/actor/lib/fmi/test/auto/knownFailedTests/FMUContinuousInc20.xml
148 ms. Memory: 208384K Free: 147810K (71%)
Known Failure: java.lang.reflect.InvocationTargetException
----------------- testing Mon May 07 00:44:38 UTC 2018 /home/travis/build/icyphy/ptII/ptolemy/actor/lib/fmi/test/auto/linux-amd64/FMUQSSAirOulet1_QSS1.xml
----------------- Instantiating /home/travis/build/icyphy/ptII/ptolemy/actor/lib/fmi/test/auto/linux-amd64/FMUQSSAirOulet1_QSS1.xml
 Number of steps: 1811
  stateEvents: 3
  stepEvents: 0
  timeEvents: 0
1566 ms. Memory: 208384K Free: 90055K (43%)
----------------- Invoking toplevel() on ptolemy.moml.MoMLSimpleApplication@57eedd81
----------------- Done invoking toplevel() on ptolemy.moml.MoMLSimpleApplication@57eedd81
reloadAllAccessors: .FMUQSSAirOulet1_QSS1
----------------- testing Mon May 07 00:44:40 UTC 2018 /home/travis/build/icyphy/ptII/ptolemy/actor/lib/fmi/test/auto/linux-amd64/FMUQSSAirToOulet1_QSS1.xml
----------------- Instantiating /home/travis/build/icyphy/ptII/ptolemy/actor/lib/fmi/test/auto/linux-amd64/FMUQSSAirToOulet1_QSS1.xml
 Number of steps: 1811
  stateEvents: 3
  stepEvents: 0
  timeEvents: 0
685 ms. Memory: 208384K Free: 155821K (75%)
----------------- Invoking toplevel() on ptolemy.moml.MoMLSimpleApplication@52bc3851
----------------- Done invoking toplevel() on ptolemy.moml.MoMLSimpleApplication@52bc3851
reloadAllAccessors: .FMUQSSAirToOulet1_QSS1
----------------- testing Mon May 07 00:44:41 UTC 2018 /home/travis/build/icyphy/ptII/ptolemy/actor/lib/fmi/test/auto/linux-amd64/FMUQSSAirToOulet2_QSS1.xml
----------------- Instantiating /home/travis/build/icyphy/ptII/ptolemy/actor/lib/fmi/test/auto/linux-amd64/FMUQSSAirToOulet2_QSS1.xml
 Number of steps: 9936
  stateEvents: 1
  stepEvents: 0
  timeEvents: 8
2260 ms. Memory: 332800K Free: 167655K (50%)
----------------- Invoking toplevel() on ptolemy.moml.MoMLSimpleApplication@75a52fda
----------------- Done invoking toplevel() on ptolemy.moml.MoMLSimpleApplication@75a52fda
reloadAllAccessors: .FMUQSSAirToOulet2_QSS1
----------------- testing Mon May 07 00:44:43 UTC 2018 /home/travis/build/icyphy/ptII/ptolemy/actor/lib/fmi/test/auto/linux-amd64/FMUQSSStateEvent1_QSS1.xml
----------------- Instantiating /home/travis/build/icyphy/ptII/ptolemy/actor/lib/fmi/test/auto/linux-amd64/FMUQSSStateEvent1_QSS1.xml
 Number of steps: 295
  stateEvents: 1
  stepEvents: 0
  timeEvents: 0
125 ms. Memory: 332800K Free: 149508K (45%)
----------------- Invoking toplevel() on ptolemy.moml.MoMLSimpleApplication@214d5370
----------------- Done invoking toplevel() on ptolemy.moml.MoMLSimpleApplication@214d5370
reloadAllAccessors: .FMUQSSStateEvent1_QSS1
----------------- testing Mon May 07 00:44:43 UTC 2018 /home/travis/build/icyphy/ptII/ptolemy/actor/lib/fmi/test/auto/linux-amd64/FMUQSSStateEvent1_QSS2.xml
----------------- Instantiating /home/travis/build/icyphy/ptII/ptolemy/actor/lib/fmi/test/auto/linux-amd64/FMUQSSStateEvent1_QSS2.xml
 Number of steps: 6179
  stateEvents: 1
  stepEvents: 0
  timeEvents: 0
1185 ms. Memory: 336384K Free: 243106K (72%)
----------------- Invoking toplevel() on ptolemy.moml.MoMLSimpleApplication@6fd08a2a
----------------- Done invoking toplevel() on ptolemy.moml.MoMLSimpleApplication@6fd08a2a
reloadAllAccessors: .FMUQSSStateEvent1_QSS2
----------------- testing Mon May 07 00:44:45 UTC 2018 /home/travis/build/icyphy/ptII/ptolemy/actor/lib/fmi/test/auto/linux-amd64/FMUQSSStateEvent1_QSS3.xml
----------------- Instantiating /home/travis/build/icyphy/ptII/ptolemy/actor/lib/fmi/test/auto/linux-amd64/FMUQSSStateEvent1_QSS3.xml
 Number of steps: 1067
  stateEvents: 1
  stepEvents: 0
  timeEvents: 0
220 ms. Memory: 336384K Free: 211435K (63%)
----------------- Invoking toplevel() on ptolemy.moml.MoMLSimpleApplication@1932513c
----------------- Done invoking toplevel() on ptolemy.moml.MoMLSimpleApplication@1932513c
reloadAllAccessors: .FMUQSSStateEvent1_QSS3
----------------- testing Mon May 07 00:44:45 UTC 2018 /home/travis/build/icyphy/ptII/ptolemy/actor/lib/fmi/test/auto/linux-amd64/FMUQSSStateEvent2_QSS1.xml
----------------- Instantiating /home/travis/build/icyphy/ptII/ptolemy/actor/lib/fmi/test/auto/linux-amd64/FMUQSSStateEvent2_QSS1.xml
 Number of steps: 3368
  stateEvents: 8
  stepEvents: 0
  timeEvents: 0
676 ms. Memory: 336384K Free: 125443K (37%)
----------------- Invoking toplevel() on ptolemy.moml.MoMLSimpleApplication@a12b9
----------------- Done invoking toplevel() on ptolemy.moml.MoMLSimpleApplication@a12b9
reloadAllAccessors: .FMUQSSStateEvent2_QSS1
----------------- testing Mon May 07 00:44:46 UTC 2018 /home/travis/build/icyphy/ptII/ptolemy/actor/lib/fmi/test/auto/linux-amd64/FMUQSSStateEvent2_QSS2.xml
----------------- Instantiating /home/travis/build/icyphy/ptII/ptolemy/actor/lib/fmi/test/auto/linux-amd64/FMUQSSStateEvent2_QSS2.xml
 Number of steps: 2499
  stateEvents: 8
  stepEvents: 0
  timeEvents: 0
789 ms. Memory: 581632K Free: 490580K (84%)
----------------- Invoking toplevel() on ptolemy.moml.MoMLSimpleApplication@326a4de2
----------------- Done invoking toplevel() on ptolemy.moml.MoMLSimpleApplication@326a4de2
reloadAllAccessors: .FMUQSSStateEvent2_QSS2
----------------- testing Mon May 07 00:44:47 UTC 2018 /home/travis/build/icyphy/ptII/ptolemy/actor/lib/fmi/test/auto/linux-amd64/FMUQSSStateEvent4_QSS1.xml
----------------- Instantiating /home/travis/build/icyphy/ptII/ptolemy/actor/lib/fmi/test/auto/linux-amd64/FMUQSSStateEvent4_QSS1.xml
 Number of steps: 707
  stateEvents: 1
  stepEvents: 0
  timeEvents: 1
112 ms. Memory: 581632K Free: 462672K (80%)
----------------- Invoking toplevel() on ptolemy.moml.MoMLSimpleApplication@720796d3
----------------- Done invoking toplevel() on ptolemy.moml.MoMLSimpleApplication@720796d3
reloadAllAccessors: .FMUQSSStateEvent4_QSS1
----------------- testing Mon May 07 00:44:47 UTC 2018 /home/travis/build/icyphy/ptII/ptolemy/actor/lib/fmi/test/auto/linux-amd64/FMUQSSStateEvent4_QSS2.xml
----------------- Instantiating /home/travis/build/icyphy/ptII/ptolemy/actor/lib/fmi/test/auto/linux-amd64/FMUQSSStateEvent4_QSS2.xml
 Number of steps: 528
  stateEvents: 1
  stepEvents: 0
  timeEvents: 1
86 ms. Memory: 581632K Free: 445863K (77%)
----------------- Invoking toplevel() on ptolemy.moml.MoMLSimpleApplication@1371fd91
----------------- Done invoking toplevel() on ptolemy.moml.MoMLSimpleApplication@1371fd91
reloadAllAccessors: .FMUQSSStateEvent4_QSS2
----------------- testing Mon May 07 00:44:47 UTC 2018 /home/travis/build/icyphy/ptII/ptolemy/actor/lib/fmi/test/auto/linux-amd64/FMUQSSStateEvent4_QSS3.xml
----------------- Instantiating /home/travis/build/icyphy/ptII/ptolemy/actor/lib/fmi/test/auto/linux-amd64/FMUQSSStateEvent4_QSS3.xml
 Number of steps: 546
  stateEvents: 1
  stepEvents: 0
  timeEvents: 1
74 ms. Memory: 581632K Free: 426636K (73%)
----------------- Invoking toplevel() on ptolemy.moml.MoMLSimpleApplication@41c4201a
----------------- Done invoking toplevel() on ptolemy.moml.MoMLSimpleApplication@41c4201a
reloadAllAccessors: .FMUQSSStateEvent4_QSS3
----------------- testing Mon May 07 00:44:47 UTC 2018 /home/travis/build/icyphy/ptII/ptolemy/actor/lib/fmi/test/auto/linux-amd64/FMUQSSStateEvent5_QSS1.xml
----------------- Instantiating /home/travis/build/icyphy/ptII/ptolemy/actor/lib/fmi/test/auto/linux-amd64/FMUQSSStateEvent5_QSS1.xml
 Number of steps: 991
  stateEvents: 2
  stepEvents: 0
  timeEvents: 0
164 ms. Memory: 581632K Free: 395403K (68%)
----------------- Invoking toplevel() on ptolemy.moml.MoMLSimpleApplication@41619353
----------------- Done invoking toplevel() on ptolemy.moml.MoMLSimpleApplication@41619353
reloadAllAccessors: .FMUQSSStateEvent5_QSS1
----------------- testing Mon May 07 00:44:47 UTC 2018 /home/travis/build/icyphy/ptII/ptolemy/actor/lib/fmi/test/auto/linux-amd64/FMUQSSStateEvent5_QSS2.xml
----------------- Instantiating /home/travis/build/icyphy/ptII/ptolemy/actor/lib/fmi/test/auto/linux-amd64/FMUQSSStateEvent5_QSS2.xml
 Number of steps: 3082
  stateEvents: 2
  stepEvents: 0
  timeEvents: 0
465 ms. Memory: 581632K Free: 323348K (56%)
----------------- Invoking toplevel() on ptolemy.moml.MoMLSimpleApplication@12b45faa
----------------- Done invoking toplevel() on ptolemy.moml.MoMLSimpleApplication@12b45faa
reloadAllAccessors: .FMUQSSStateEvent5_QSS2
----------------- testing Mon May 07 00:44:48 UTC 2018 /home/travis/build/icyphy/ptII/ptolemy/actor/lib/fmi/test/auto/linux-amd64/FMUQSSStateEvent5_QSS3.xml
----------------- Instantiating /home/travis/build/icyphy/ptII/ptolemy/actor/lib/fmi/test/auto/linux-amd64/FMUQSSStateEvent5_QSS3.xml
 Number of steps: 416
  stateEvents: 2
  stepEvents: 0
  timeEvents: 0
87 ms. Memory: 581632K Free: 306523K (53%)
----------------- Invoking toplevel() on ptolemy.moml.MoMLSimpleApplication@189831f8
----------------- Done invoking toplevel() on ptolemy.moml.MoMLSimpleApplication@189831f8
reloadAllAccessors: .FMUQSSStateEvent5_QSS3
----------------- testing Mon May 07 00:44:48 UTC 2018 /home/travis/build/icyphy/ptII/ptolemy/actor/lib/fmi/test/auto/linux-amd64/FMUQSSStateEvent6_QSS1.xml
----------------- Instantiating /home/travis/build/icyphy/ptII/ptolemy/actor/lib/fmi/test/auto/linux-amd64/FMUQSSStateEvent6_QSS1.xml
 Number of steps: 4328
  stateEvents: 8
  stepEvents: 0
  timeEvents: 0
645 ms. Memory: 581632K Free: 200849K (35%)
----------------- Invoking toplevel() on ptolemy.moml.MoMLSimpleApplication@4360e5f0
----------------- Done invoking toplevel() on ptolemy.moml.MoMLSimpleApplication@4360e5f0
reloadAllAccessors: .FMUQSSStateEvent6_QSS1
----------------- testing Mon May 07 00:44:49 UTC 2018 /home/travis/build/icyphy/ptII/ptolemy/actor/lib/fmi/test/auto/linux-amd64/FMUQSSStateEvent6_QSS2.xml
----------------- Instantiating /home/travis/build/icyphy/ptII/ptolemy/actor/lib/fmi/test/auto/linux-amd64/FMUQSSStateEvent6_QSS2.xml
 Number of steps: 2682
  stateEvents: 9
  stepEvents: 0
  timeEvents: 0
651 ms. Memory: 581632K Free: 87971K (15%)
----------------- Invoking toplevel() on ptolemy.moml.MoMLSimpleApplication@283b9e81
----------------- Done invoking toplevel() on ptolemy.moml.MoMLSimpleApplication@283b9e81
reloadAllAccessors: .FMUQSSStateEvent6_QSS2
AutoTests.java: About to close Vertx.
AutoTests.java: Vertx closed.
----------------- testing Mon May 07 00:44:50 UTC 2018 /home/travis/build/icyphy/ptII/ptolemy/actor/lib/fmi/test/auto/FMU30Inc.xml
----------------- Instantiating /home/travis/build/icyphy/ptII/ptolemy/actor/lib/fmi/test/auto/FMU30Inc.xml
236 ms. Memory: 585728K Free: 459517K (78%)
----------------- Invoking toplevel() on ptolemy.moml.MoMLSimpleApplication@787e1869
----------------- Done invoking toplevel() on ptolemy.moml.MoMLSimpleApplication@787e1869
reloadAllAccessors: .FMU30Inc
----------------- testing Mon May 07 00:44:50 UTC 2018 /home/travis/build/icyphy/ptII/ptolemy/actor/lib/fmi/test/auto/FMUBouncingBall.xml
----------------- Instantiating /home/travis/build/icyphy/ptII/ptolemy/actor/lib/fmi/test/auto/FMUBouncingBall.xml
122 ms. Memory: 585728K Free: 444595K (76%)
----------------- Invoking toplevel() on ptolemy.moml.MoMLSimpleApplication@11fc4c4b
----------------- Done invoking toplevel() on ptolemy.moml.MoMLSimpleApplication@11fc4c4b
reloadAllAccessors: .FMUBouncingBall
----------------- testing Mon May 07 00:44:51 UTC 2018 /home/travis/build/icyphy/ptII/ptolemy/actor/lib/fmi/test/auto/FMUBouncingBallME20.xml
----------------- Instantiating /home/travis/build/icyphy/ptII/ptolemy/actor/lib/fmi/test/auto/FMUBouncingBallME20.xml
132 ms. Memory: 585728K Free: 427273K (73%)
----------------- Invoking toplevel() on ptolemy.moml.MoMLSimpleApplication@2b3fda8a
----------------- Done invoking toplevel() on ptolemy.moml.MoMLSimpleApplication@2b3fda8a
reloadAllAccessors: .FMUBouncingBallME20
----------------- testing Mon May 07 00:44:51 UTC 2018 /home/travis/build/icyphy/ptII/ptolemy/actor/lib/fmi/test/auto/FMUDQ.xml
----------------- Instantiating /home/travis/build/icyphy/ptII/ptolemy/actor/lib/fmi/test/auto/FMUDQ.xml
9 ms. Memory: 585728K Free: 419581K (72%)
----------------- Invoking toplevel() on ptolemy.moml.MoMLSimpleApplication@e2f9234
----------------- Done invoking toplevel() on ptolemy.moml.MoMLSimpleApplication@e2f9234
reloadAllAccessors: .FMUDQ
----------------- testing Mon May 07 00:44:51 UTC 2018 /home/travis/build/icyphy/ptII/ptolemy/actor/lib/fmi/test/auto/FMUDq20.xml
----------------- Instantiating /home/travis/build/icyphy/ptII/ptolemy/actor/lib/fmi/test/auto/FMUDq20.xml
33 ms. Memory: 585728K Free: 406093K (69%)
----------------- Invoking toplevel() on ptolemy.moml.MoMLSimpleApplication@15d38b37
----------------- Done invoking toplevel() on ptolemy.moml.MoMLSimpleApplication@15d38b37
reloadAllAccessors: .FMUDq20
----------------- testing Mon May 07 00:44:51 UTC 2018 /home/travis/build/icyphy/ptII/ptolemy/actor/lib/fmi/test/auto/FMUDqME20.xml
----------------- Instantiating /home/travis/build/icyphy/ptII/ptolemy/actor/lib/fmi/test/auto/FMUDqME20.xml
14 ms. Memory: 585728K Free: 396464K (68%)
----------------- Invoking toplevel() on ptolemy.moml.MoMLSimpleApplication@74cc73a9
----------------- Done invoking toplevel() on ptolemy.moml.MoMLSimpleApplication@74cc73a9
reloadAllAccessors: .FMUDqME20
----------------- testing Mon May 07 00:44:51 UTC 2018 /home/travis/build/icyphy/ptII/ptolemy/actor/lib/fmi/test/auto/FMUFourInputsFourOutputsME20.xml
----------------- Instantiating /home/travis/build/icyphy/ptII/ptolemy/actor/lib/fmi/test/auto/FMUFourInputsFourOutputsME20.xml
19 ms. Memory: 585728K Free: 384897K (66%)
----------------- Invoking toplevel() on ptolemy.moml.MoMLSimpleApplication@63272cee
----------------- Done invoking toplevel() on ptolemy.moml.MoMLSimpleApplication@63272cee
reloadAllAccessors: .FMUFourInputsFourOutputsME20
----------------- testing Mon May 07 00:44:51 UTC 2018 /home/travis/build/icyphy/ptII/ptolemy/actor/lib/fmi/test/auto/FMUHeaterFlowResistance.xml
----------------- Instantiating /home/travis/build/icyphy/ptII/ptolemy/actor/lib/fmi/test/auto/FMUHeaterFlowResistance.xml
FMU Builder messages:

Attempting to build /tmp/FMUFile1215185570664807806.tmp/binaries/linux64/heaterFlowResistance.so
architecture: linux64 isWindows: false  command: make target: linux64
make ARCH=linux64 CBITSFLAGS=-fvisibility=hidden PIC=-fPIC SHARED_LIBRARY_SUFFIX=so heaterFlowResistance.so
make[1]: Entering directory `/tmp/FMUFile1215185570664807806.tmp/sources'
echo `pwd`
/tmp/FMUFile1215185570664807806.tmp/sources
cc -g -c -fvisibility=hidden -fPIC -Wall -DFMI_COSIMULATION -I.  heaterFlowResistance.c -o heaterFlowResistance.o
Creating ../binaries/linux64/
cc -fvisibility=hidden -g -Wall -shared -Wl,-soname,heaterFlowResistance.so -DFMI_COSIMULATION -I. -o ../binaries/linux64/heaterFlowResistance.so heaterFlowResistance.o 
rm heaterFlowResistance.o
make[1]: Leaving directory `/tmp/FMUFile1215185570664807806.tmp/sources'

133 ms. Memory: 585728K Free: 365148K (62%)
----------------- Invoking toplevel() on ptolemy.moml.MoMLSimpleApplication@3e34d2fd
----------------- Done invoking toplevel() on ptolemy.moml.MoMLSimpleApplication@3e34d2fd
reloadAllAccessors: .FMUHeaterFlowResistance
----------------- testing Mon May 07 00:44:51 UTC 2018 /home/travis/build/icyphy/ptII/ptolemy/actor/lib/fmi/test/auto/FMUHelloWorld.xml
----------------- Instantiating /home/travis/build/icyphy/ptII/ptolemy/actor/lib/fmi/test/auto/FMUHelloWorld.xml
6 ms. Memory: 585728K Free: 359369K (61%)
----------------- Invoking toplevel() on ptolemy.moml.MoMLSimpleApplication@2acd29e8
----------------- Done invoking toplevel() on ptolemy.moml.MoMLSimpleApplication@2acd29e8
reloadAllAccessors: .FMUHelloWorld
----------------- testing Mon May 07 00:44:51 UTC 2018 /home/travis/build/icyphy/ptII/ptolemy/actor/lib/fmi/test/auto/FMUHelloWorldUnBuilt.xml
----------------- Instantiating /home/travis/build/icyphy/ptII/ptolemy/actor/lib/fmi/test/auto/FMUHelloWorldUnBuilt.xml
FMU Builder messages:

Attempting to build /tmp/FMUFile2834375861681939064.tmp/binaries/linux64/helloWorld.so
architecture: linux64 isWindows: false  command: make target: linux64
make ARCH=linux64 CBITSFLAGS=-fvisibility=hidden PIC=-fPIC SHARED_LIBRARY_SUFFIX=so helloWorld.so
make[1]: Entering directory `/tmp/FMUFile2834375861681939064.tmp/sources'
echo `pwd`
/tmp/FMUFile2834375861681939064.tmp/sources
cc -g -c -fvisibility=hidden -fPIC -Wall -DFMI_COSIMULATION -I.  helloWorld.c -o helloWorld.o
Creating ../binaries/linux64/
cc -fvisibility=hidden -g -Wall -shared -Wl,-soname,helloWorld.so -DFMI_COSIMULATION -I. -o ../binaries/linux64/helloWorld.so helloWorld.o 
rm helloWorld.o
make[1]: Leaving directory `/tmp/FMUFile2834375861681939064.tmp/sources'

77 ms. Memory: 585728K Free: 349748K (60%)
----------------- Invoking toplevel() on ptolemy.moml.MoMLSimpleApplication@4b04e1cc
----------------- Done invoking toplevel() on ptolemy.moml.MoMLSimpleApplication@4b04e1cc
reloadAllAccessors: .FMUHelloWorldUnBuilt
----------------- testing Mon May 07 00:44:51 UTC 2018 /home/travis/build/icyphy/ptII/ptolemy/actor/lib/fmi/test/auto/FMUInc.xml
----------------- Instantiating /home/travis/build/icyphy/ptII/ptolemy/actor/lib/fmi/test/auto/FMUInc.xml
5 ms. Memory: 585728K Free: 343976K (59%)
----------------- Invoking toplevel() on ptolemy.moml.MoMLSimpleApplication@1e96ad1b
----------------- Done invoking toplevel() on ptolemy.moml.MoMLSimpleApplication@1e96ad1b
reloadAllAccessors: .FMUInc
----------------- testing Mon May 07 00:44:51 UTC 2018 /home/travis/build/icyphy/ptII/ptolemy/actor/lib/fmi/test/auto/FMUInc2.xml
----------------- Instantiating /home/travis/build/icyphy/ptII/ptolemy/actor/lib/fmi/test/auto/FMUInc2.xml
21 ms. Memory: 585728K Free: 338197K (58%)
----------------- Invoking toplevel() on ptolemy.moml.MoMLSimpleApplication@325a5ceb
----------------- Done invoking toplevel() on ptolemy.moml.MoMLSimpleApplication@325a5ceb
reloadAllAccessors: .FMUInc2
----------------- testing Mon May 07 00:44:51 UTC 2018 /home/travis/build/icyphy/ptII/ptolemy/actor/lib/fmi/test/auto/FMUIncME1.xml
----------------- Instantiating /home/travis/build/icyphy/ptII/ptolemy/actor/lib/fmi/test/auto/FMUIncME1.xml
17 ms. Memory: 585728K Free: 332418K (57%)
----------------- Invoking toplevel() on ptolemy.moml.MoMLSimpleApplication@6f53ce56
----------------- Done invoking toplevel() on ptolemy.moml.MoMLSimpleApplication@6f53ce56
reloadAllAccessors: .FMUIncME1
----------------- testing Mon May 07 00:44:51 UTC 2018 /home/travis/build/icyphy/ptII/ptolemy/actor/lib/fmi/test/auto/FMUIncME20.xml
----------------- Instantiating /home/travis/build/icyphy/ptII/ptolemy/actor/lib/fmi/test/auto/FMUIncME20.xml
13 ms. Memory: 585728K Free: 325163K (56%)
----------------- Invoking toplevel() on ptolemy.moml.MoMLSimpleApplication@3d460713
----------------- Done invoking toplevel() on ptolemy.moml.MoMLSimpleApplication@3d460713
reloadAllAccessors: .FMUIncME20
----------------- testing Mon May 07 00:44:51 UTC 2018 /home/travis/build/icyphy/ptII/ptolemy/actor/lib/fmi/test/auto/FMUIncScale20RC1pt.xml
----------------- Instantiating /home/travis/build/icyphy/ptII/ptolemy/actor/lib/fmi/test/auto/FMUIncScale20RC1pt.xml
15 ms. Memory: 585728K Free: 317463K (54%)
----------------- Invoking toplevel() on ptolemy.moml.MoMLSimpleApplication@33c4935b
----------------- Done invoking toplevel() on ptolemy.moml.MoMLSimpleApplication@33c4935b
reloadAllAccessors: .FMUIncScale20RC1pt
----------------- testing Mon May 07 00:44:51 UTC 2018 /home/travis/build/icyphy/ptII/ptolemy/actor/lib/fmi/test/auto/FMULevelStairs.xml
----------------- Instantiating /home/travis/build/icyphy/ptII/ptolemy/actor/lib/fmi/test/auto/FMULevelStairs.xml
32 ms. Memory: 585728K Free: 311684K (53%)
----------------- Invoking toplevel() on ptolemy.moml.MoMLSimpleApplication@12d13caf
----------------- Done invoking toplevel() on ptolemy.moml.MoMLSimpleApplication@12d13caf
reloadAllAccessors: .FMULevelStairs
----------------- testing Mon May 07 00:44:52 UTC 2018 /home/travis/build/icyphy/ptII/ptolemy/actor/lib/fmi/test/auto/FMUPumpConstantSpeed.xml
----------------- Instantiating /home/travis/build/icyphy/ptII/ptolemy/actor/lib/fmi/test/auto/FMUPumpConstantSpeed.xml
FMU Builder messages:

Attempting to build /tmp/FMUFile6840352379218369100.tmp/binaries/linux64/pumpConstantSpeed.so
architecture: linux64 isWindows: false  command: make target: linux64
make ARCH=linux64 CBITSFLAGS=-fvisibility=hidden PIC=-fPIC SHARED_LIBRARY_SUFFIX=so pumpConstantSpeed.so
make[1]: Entering directory `/tmp/FMUFile6840352379218369100.tmp/sources'
echo `pwd`
/tmp/FMUFile6840352379218369100.tmp/sources
cc -g -c -fvisibility=hidden -fPIC -Wall -DFMI_COSIMULATION -I.  pumpConstantSpeed.c -o pumpConstantSpeed.o
Creating ../binaries/linux64/
cc -fvisibility=hidden -g -Wall -shared -Wl,-soname,pumpConstantSpeed.so -DFMI_COSIMULATION -I. -o ../binaries/linux64/pumpConstantSpeed.so pumpConstantSpeed.o 
rm pumpConstantSpeed.o
make[1]: Leaving directory `/tmp/FMUFile6840352379218369100.tmp/sources'

90 ms. Memory: 585728K Free: 298212K (51%)
----------------- Invoking toplevel() on ptolemy.moml.MoMLSimpleApplication@43d7845a
----------------- Done invoking toplevel() on ptolemy.moml.MoMLSimpleApplication@43d7845a
reloadAllAccessors: .FMUPumpConstantSpeed
----------------- testing Mon May 07 00:44:52 UTC 2018 /home/travis/build/icyphy/ptII/ptolemy/actor/lib/fmi/test/auto/FMUQSSTankOpen.xml
----------------- Instantiating /home/travis/build/icyphy/ptII/ptolemy/actor/lib/fmi/test/auto/FMUQSSTankOpen.xml
FMU Builder messages:

Attempting to build /tmp/FMUFile254037913943779697.tmp/binaries/linux64/tankOpen.so
architecture: linux64 isWindows: false  command: make target: linux64
make ARCH=linux64 CBITSFLAGS=-fvisibility=hidden PIC=-fPIC SHARED_LIBRARY_SUFFIX=so tankOpen.so
make[1]: Entering directory `/tmp/FMUFile254037913943779697.tmp/sources'
echo `pwd`
/tmp/FMUFile254037913943779697.tmp/sources
cc -g -c -fvisibility=hidden -fPIC -Wall -DFMI_COSIMULATION -I.  tankOpen.c -o tankOpen.o
Creating ../binaries/linux64/
cc -fvisibility=hidden -g -Wall -shared -Wl,-soname,tankOpen.so -DFMI_COSIMULATION -I. -o ../binaries/linux64/tankOpen.so tankOpen.o -lm
rm tankOpen.o
make[1]: Leaving directory `/tmp/FMUFile254037913943779697.tmp/sources'

 Number of steps: 39894
  stateEvents: 0
  stepEvents: 0
  timeEvents: 0
3422 ms. Memory: 884224K Free: 749901K (85%)
----------------- Invoking toplevel() on ptolemy.moml.MoMLSimpleApplication@7e0216b2
----------------- Done invoking toplevel() on ptolemy.moml.MoMLSimpleApplication@7e0216b2
reloadAllAccessors: .FMUQSSTankOpen
----------------- testing Mon May 07 00:44:55 UTC 2018 /home/travis/build/icyphy/ptII/ptolemy/actor/lib/fmi/test/auto/FMUSDFBouncingBall.xml
----------------- Instantiating /home/travis/build/icyphy/ptII/ptolemy/actor/lib/fmi/test/auto/FMUSDFBouncingBall.xml
5 ms. Memory: 884224K Free: 737205K (83%)
----------------- Invoking toplevel() on ptolemy.moml.MoMLSimpleApplication@1e1b9d17
----------------- Done invoking toplevel() on ptolemy.moml.MoMLSimpleApplication@1e1b9d17
reloadAllAccessors: .FMUSDFBouncingBall
----------------- testing Mon May 07 00:44:55 UTC 2018 /home/travis/build/icyphy/ptII/ptolemy/actor/lib/fmi/test/auto/FMUSDFBouncingBall20.xml
----------------- Instantiating /home/travis/build/icyphy/ptII/ptolemy/actor/lib/fmi/test/auto/FMUSDFBouncingBall20.xml
206 ms. Memory: 884224K Free: 694164K (79%)
----------------- Invoking toplevel() on ptolemy.moml.MoMLSimpleApplication@7d71dd66
----------------- Done invoking toplevel() on ptolemy.moml.MoMLSimpleApplication@7d71dd66
reloadAllAccessors: .FMUSDFBouncingBall20
----------------- testing Mon May 07 00:44:55 UTC 2018 /home/travis/build/icyphy/ptII/ptolemy/actor/lib/fmi/test/auto/FMUSDFBouncingBall20RC1.xml
----------------- Instantiating /home/travis/build/icyphy/ptII/ptolemy/actor/lib/fmi/test/auto/FMUSDFBouncingBall20RC1.xml
9 ms. Memory: 884224K Free: 684947K (77%)
----------------- Invoking toplevel() on ptolemy.moml.MoMLSimpleApplication@73fae70
----------------- Done invoking toplevel() on ptolemy.moml.MoMLSimpleApplication@73fae70
reloadAllAccessors: .FMUSDFBouncingBall20RC1
----------------- testing Mon May 07 00:44:55 UTC 2018 /home/travis/build/icyphy/ptII/ptolemy/actor/lib/fmi/test/auto/FMUSDFInc20.xml
----------------- Instantiating /home/travis/build/icyphy/ptII/ptolemy/actor/lib/fmi/test/auto/FMUSDFInc20.xml
7 ms. Memory: 884224K Free: 675731K (76%)
----------------- Invoking toplevel() on ptolemy.moml.MoMLSimpleApplication@4f5d4b1
----------------- Done invoking toplevel() on ptolemy.moml.MoMLSimpleApplication@4f5d4b1
reloadAllAccessors: .FMUSDFInc20
----------------- testing Mon May 07 00:44:55 UTC 2018 /home/travis/build/icyphy/ptII/ptolemy/actor/lib/fmi/test/auto/FMUStairs.xml
----------------- Instantiating /home/travis/build/icyphy/ptII/ptolemy/actor/lib/fmi/test/auto/FMUStairs.xml
31 ms. Memory: 884224K Free: 666499K (75%)
----------------- Invoking toplevel() on ptolemy.moml.MoMLSimpleApplication@176f950f
----------------- Done invoking toplevel() on ptolemy.moml.MoMLSimpleApplication@176f950f
reloadAllAccessors: .FMUStairs
----------------- testing Mon May 07 00:44:56 UTC 2018 /home/travis/build/icyphy/ptII/ptolemy/actor/lib/fmi/test/auto/FMUStepCounter1.xml
----------------- Instantiating /home/travis/build/icyphy/ptII/ptolemy/actor/lib/fmi/test/auto/FMUStepCounter1.xml
FMU Builder messages:

Attempting to build /tmp/FMUFile5866517533442087767.tmp/binaries/linux64/stepCounter1.so
architecture: linux64 isWindows: false  command: make target: linux64
make ARCH=linux64 CBITSFLAGS=-fvisibility=hidden PIC=-fPIC SHARED_LIBRARY_SUFFIX=so stepCounter1.so
make[1]: Entering directory `/tmp/FMUFile5866517533442087767.tmp/sources'
echo `pwd`
/tmp/FMUFile5866517533442087767.tmp/sources
cc -g -c -fvisibility=hidden -fPIC -Wall -DFMI_COSIMULATION -I.  stepCounter1.c -o stepCounter1.o
Creating ../binaries/linux64/
cc -fvisibility=hidden -g -Wall -shared -Wl,-soname,stepCounter1.so -DFMI_COSIMULATION -I. -o ../binaries/linux64/stepCounter1.so stepCounter1.o 
rm stepCounter1.o
make[1]: Leaving directory `/tmp/FMUFile5866517533442087767.tmp/sources'

88 ms. Memory: 884224K Free: 646131K (73%)
----------------- Invoking toplevel() on ptolemy.moml.MoMLSimpleApplication@92beca9
----------------- Done invoking toplevel() on ptolemy.moml.MoMLSimpleApplication@92beca9
reloadAllAccessors: .FMUStepCounter1
----------------- testing Mon May 07 00:44:56 UTC 2018 /home/travis/build/icyphy/ptII/ptolemy/actor/lib/fmi/test/auto/FMUStepCounter2.xml
----------------- Instantiating /home/travis/build/icyphy/ptII/ptolemy/actor/lib/fmi/test/auto/FMUStepCounter2.xml
FMU Builder messages:

Attempting to build /tmp/FMUFile8998164962776385803.tmp/binaries/linux64/stepCounter.so
architecture: linux64 isWindows: false  command: make target: linux64
make ARCH=linux64 CBITSFLAGS=-fvisibility=hidden PIC=-fPIC SHARED_LIBRARY_SUFFIX=so stepCounter.so
make[1]: Entering directory `/tmp/FMUFile8998164962776385803.tmp/sources'
echo `pwd`
/tmp/FMUFile8998164962776385803.tmp/sources
cc -g -c -fvisibility=hidden -fPIC -Wall -DFMI_COSIMULATION -I.  stepCounter.c -o stepCounter.o
Creating ../binaries/linux64/
cc -fvisibility=hidden -g -Wall -shared -Wl,-soname,stepCounter.so -DFMI_COSIMULATION -I. -o ../binaries/linux64/stepCounter.so stepCounter.o 
rm stepCounter.o
make[1]: Leaving directory `/tmp/FMUFile8998164962776385803.tmp/sources'

96 ms. Memory: 884224K Free: 629171K (71%)
----------------- Invoking toplevel() on ptolemy.moml.MoMLSimpleApplication@204bbcd0
----------------- Done invoking toplevel() on ptolemy.moml.MoMLSimpleApplication@204bbcd0
reloadAllAccessors: .FMUStepCounter2
----------------- testing Mon May 07 00:44:56 UTC 2018 /home/travis/build/icyphy/ptII/ptolemy/actor/lib/fmi/test/auto/FMUStepCounterContinuous1.xml
----------------- Instantiating /home/travis/build/icyphy/ptII/ptolemy/actor/lib/fmi/test/auto/FMUStepCounterContinuous1.xml
3 ms. Memory: 884224K Free: 623026K (70%)
----------------- Invoking toplevel() on ptolemy.moml.MoMLSimpleApplication@69cb05a5
----------------- Done invoking toplevel() on ptolemy.moml.MoMLSimpleApplication@69cb05a5
reloadAllAccessors: .FMUStepCounterContinuous
----------------- testing Mon May 07 00:44:56 UTC 2018 /home/travis/build/icyphy/ptII/ptolemy/actor/lib/fmi/test/auto/FMUStepCounterContinuous2.xml
----------------- Instantiating /home/travis/build/icyphy/ptII/ptolemy/actor/lib/fmi/test/auto/FMUStepCounterContinuous2.xml
12 ms. Memory: 884224K Free: 616882K (70%)
----------------- Invoking toplevel() on ptolemy.moml.MoMLSimpleApplication@5f938d7b
----------------- Done invoking toplevel() on ptolemy.moml.MoMLSimpleApplication@5f938d7b
reloadAllAccessors: .FMUStepCounterContinuous2
----------------- testing Mon May 07 00:44:56 UTC 2018 /home/travis/build/icyphy/ptII/ptolemy/actor/lib/fmi/test/auto/FMUStepCounterContinuousTwoFMUs1.xml
----------------- Instantiating /home/travis/build/icyphy/ptII/ptolemy/actor/lib/fmi/test/auto/FMUStepCounterContinuousTwoFMUs1.xml
7 ms. Memory: 884224K Free: 607650K (69%)
----------------- Invoking toplevel() on ptolemy.moml.MoMLSimpleApplication@3135406c
----------------- Done invoking toplevel() on ptolemy.moml.MoMLSimpleApplication@3135406c
reloadAllAccessors: .FMUStepCounterContinuousTwoFMUs
----------------- testing Mon May 07 00:44:56 UTC 2018 /home/travis/build/icyphy/ptII/ptolemy/actor/lib/fmi/test/auto/FMUStepCounterContinuousTwoFMUs2.xml
----------------- Instantiating /home/travis/build/icyphy/ptII/ptolemy/actor/lib/fmi/test/auto/FMUStepCounterContinuousTwoFMUs2.xml
30 ms. Memory: 884224K Free: 598434K (68%)
----------------- Invoking toplevel() on ptolemy.moml.MoMLSimpleApplication@2d3f7077
----------------- Done invoking toplevel() on ptolemy.moml.MoMLSimpleApplication@2d3f7077
reloadAllAccessors: .FMUStepCounterContinuousTwoFMUs2
----------------- testing Mon May 07 00:44:56 UTC 2018 /home/travis/build/icyphy/ptII/ptolemy/actor/lib/fmi/test/auto/FMUStepCounterExtendedFMI.xml
----------------- Instantiating /home/travis/build/icyphy/ptII/ptolemy/actor/lib/fmi/test/auto/FMUStepCounterExtendedFMI.xml
FMU Builder messages:

Attempting to build /tmp/FMUFile7265328682747612148.tmp/binaries/linux64/stepCounterExtendedFMI.so
architecture: linux64 isWindows: false  command: make target: linux64
make ARCH=linux64 CBITSFLAGS=-fvisibility=hidden PIC=-fPIC SHARED_LIBRARY_SUFFIX=so stepCounterExtendedFMI.so
make[1]: Entering directory `/tmp/FMUFile7265328682747612148.tmp/sources'
echo `pwd`
/tmp/FMUFile7265328682747612148.tmp/sources
cc -g -c -fvisibility=hidden -fPIC -Wall -DFMI_COSIMULATION -I.  stepCounterExtendedFMI.c -o stepCounterExtendedFMI.o
Creating ../binaries/linux64/
cc -fvisibility=hidden -g -Wall -shared -Wl,-soname,stepCounterExtendedFMI.so -DFMI_COSIMULATION -I. -o ../binaries/linux64/stepCounterExtendedFMI.so stepCounterExtendedFMI.o 
rm stepCounterExtendedFMI.o
make[1]: Leaving directory `/tmp/FMUFile7265328682747612148.tmp/sources'

110 ms. Memory: 884224K Free: 583058K (66%)
----------------- Invoking toplevel() on ptolemy.moml.MoMLSimpleApplication@7dc4674d
----------------- Done invoking toplevel() on ptolemy.moml.MoMLSimpleApplication@7dc4674d
reloadAllAccessors: .FMUStepCounterExtendedFMI
----------------- testing Mon May 07 00:44:56 UTC 2018 /home/travis/build/icyphy/ptII/ptolemy/actor/lib/fmi/test/auto/FMUStepCounterPeriodInNameContinuous2.xml
----------------- Instantiating /home/travis/build/icyphy/ptII/ptolemy/actor/lib/fmi/test/auto/FMUStepCounterPeriodInNameContinuous2.xml
FMU Builder messages:

Attempting to build /tmp/FMUFile1572530160756735141.tmp/binaries/linux64/stepCounterPeriodInName.so
architecture: linux64 isWindows: false  command: make target: linux64
make ARCH=linux64 CBITSFLAGS=-fvisibility=hidden PIC=-fPIC SHARED_LIBRARY_SUFFIX=so stepCounterPeriodInName.so
make[1]: Entering directory `/tmp/FMUFile1572530160756735141.tmp/sources'
echo `pwd`
/tmp/FMUFile1572530160756735141.tmp/sources
cc -g -c -fvisibility=hidden -fPIC -Wall -DFMI_COSIMULATION -I.  stepCounterPeriodInName.c -o stepCounterPeriodInName.o
Creating ../binaries/linux64/
cc -fvisibility=hidden -g -Wall -shared -Wl,-soname,stepCounterPeriodInName.so -DFMI_COSIMULATION -I. -o ../binaries/linux64/stepCounterPeriodInName.so stepCounterPeriodInName.o 
rm stepCounterPeriodInName.o
make[1]: Leaving directory `/tmp/FMUFile1572530160756735141.tmp/sources'

99 ms. Memory: 884224K Free: 566113K (64%)
----------------- Invoking toplevel() on ptolemy.moml.MoMLSimpleApplication@70a39f5e
----------------- Done invoking toplevel() on ptolemy.moml.MoMLSimpleApplication@70a39f5e
reloadAllAccessors: .FMUStepCounterPeriodInNameContinuous2
----------------- testing Mon May 07 00:44:56 UTC 2018 /home/travis/build/icyphy/ptII/ptolemy/actor/lib/fmi/test/auto/FMUTankOpen.xml
----------------- Instantiating /home/travis/build/icyphy/ptII/ptolemy/actor/lib/fmi/test/auto/FMUTankOpen.xml
34 ms. Memory: 884224K Free: 553817K (63%)
----------------- Invoking toplevel() on ptolemy.moml.MoMLSimpleApplication@1ee80aaf
----------------- Done invoking toplevel() on ptolemy.moml.MoMLSimpleApplication@1ee80aaf
reloadAllAccessors: .FMUTankOpen
----------------- testing Mon May 07 00:44:56 UTC 2018 /home/travis/build/icyphy/ptII/ptolemy/actor/lib/fmi/test/auto/FMUTwoBallCollision.xml
----------------- Instantiating /home/travis/build/icyphy/ptII/ptolemy/actor/lib/fmi/test/auto/FMUTwoBallCollision.xml
217 ms. Memory: 884224K Free: 513792K (58%)
----------------- Invoking toplevel() on ptolemy.moml.MoMLSimpleApplication@2f43cdd4
----------------- Done invoking toplevel() on ptolemy.moml.MoMLSimpleApplication@2f43cdd4
reloadAllAccessors: .FMUTwoBallCollision
----------------- testing Mon May 07 00:44:57 UTC 2018 /home/travis/build/icyphy/ptII/ptolemy/actor/lib/fmi/test/auto/FMUValues.xml
----------------- Instantiating /home/travis/build/icyphy/ptII/ptolemy/actor/lib/fmi/test/auto/FMUValues.xml
16 ms. Memory: 884224K Free: 501488K (57%)
----------------- Invoking toplevel() on ptolemy.moml.MoMLSimpleApplication@6a97a615
----------------- Done invoking toplevel() on ptolemy.moml.MoMLSimpleApplication@6a97a615
reloadAllAccessors: .FMUValues
----------------- testing Mon May 07 00:44:57 UTC 2018 /home/travis/build/icyphy/ptII/ptolemy/actor/lib/fmi/test/auto/FMUValues20.xml
----------------- Instantiating /home/travis/build/icyphy/ptII/ptolemy/actor/lib/fmi/test/auto/FMUValues20.xml
10 ms. Memory: 884224K Free: 489184K (55%)
----------------- Invoking toplevel() on ptolemy.moml.MoMLSimpleApplication@5f35bc0f
----------------- Done invoking toplevel() on ptolemy.moml.MoMLSimpleApplication@5f35bc0f
reloadAllAccessors: .FMUValues20
----------------- testing Mon May 07 00:44:57 UTC 2018 /home/travis/build/icyphy/ptII/ptolemy/actor/lib/fmi/test/auto/FMUValuesME20.xml
----------------- Instantiating /home/travis/build/icyphy/ptII/ptolemy/actor/lib/fmi/test/auto/FMUValuesME20.xml
56 ms. Memory: 884224K Free: 470735K (53%)
----------------- Invoking toplevel() on ptolemy.moml.MoMLSimpleApplication@5da72392
----------------- Done invoking toplevel() on ptolemy.moml.MoMLSimpleApplication@5da72392
reloadAllAccessors: .FMUValuesME20
----------------- testing Mon May 07 00:44:57 UTC 2018 /home/travis/build/icyphy/ptII/ptolemy/actor/lib/fmi/test/auto/FMUVanDerPol.xml
----------------- Instantiating /home/travis/build/icyphy/ptII/ptolemy/actor/lib/fmi/test/auto/FMUVanDerPol.xml
7 ms. Memory: 884224K Free: 459927K (52%)
----------------- Invoking toplevel() on ptolemy.moml.MoMLSimpleApplication@4781704e
----------------- Done invoking toplevel() on ptolemy.moml.MoMLSimpleApplication@4781704e
reloadAllAccessors: .FMUVanDerPol
----------------- testing Mon May 07 00:44:57 UTC 2018 /home/travis/build/icyphy/ptII/ptolemy/actor/lib/fmi/test/auto/FMUVanDerPol20.xml
----------------- Instantiating /home/travis/build/icyphy/ptII/ptolemy/actor/lib/fmi/test/auto/FMUVanDerPol20.xml
53 ms. Memory: 884224K Free: 441487K (50%)
----------------- Invoking toplevel() on ptolemy.moml.MoMLSimpleApplication@16da45ce
----------------- Done invoking toplevel() on ptolemy.moml.MoMLSimpleApplication@16da45ce
reloadAllAccessors: .FMUVanDerPol20
----------------- testing Mon May 07 00:44:57 UTC 2018 /home/travis/build/icyphy/ptII/ptolemy/actor/lib/fmi/test/auto/FMUVanDerPolME20.xml
----------------- Instantiating /home/travis/build/icyphy/ptII/ptolemy/actor/lib/fmi/test/auto/FMUVanDerPolME20.xml
13 ms. Memory: 884224K Free: 426095K (48%)
----------------- Invoking toplevel() on ptolemy.moml.MoMLSimpleApplication@27475139
----------------- Done invoking toplevel() on ptolemy.moml.MoMLSimpleApplication@27475139
reloadAllAccessors: .FMUVanDerPolME20
----------------- testing Mon May 07 00:44:57 UTC 2018 /home/travis/build/icyphy/ptII/ptolemy/actor/lib/fmi/test/auto/FMUdq20RC1.xml
----------------- Instantiating /home/travis/build/icyphy/ptII/ptolemy/actor/lib/fmi/test/auto/FMUdq20RC1.xml
4 ms. Memory: 884224K Free: 416862K (47%)
----------------- Invoking toplevel() on ptolemy.moml.MoMLSimpleApplication@5532ec76
----------------- Done invoking toplevel() on ptolemy.moml.MoMLSimpleApplication@5532ec76
reloadAllAccessors: .FMUdq20RC1
----------------- testing Mon May 07 00:44:57 UTC 2018 /home/travis/build/icyphy/ptII/ptolemy/actor/lib/fmi/test/auto/FMUvalues20RC1.xml
----------------- Instantiating /home/travis/build/icyphy/ptII/ptolemy/actor/lib/fmi/test/auto/FMUvalues20RC1.xml
13 ms. Memory: 884224K Free: 404558K (46%)
----------------- Invoking toplevel() on ptolemy.moml.MoMLSimpleApplication@1ed827e3
----------------- Done invoking toplevel() on ptolemy.moml.MoMLSimpleApplication@1ed827e3
reloadAllAccessors: .FMUvalues20RC1
----------------- testing Mon May 07 00:44:57 UTC 2018 /home/travis/build/icyphy/ptII/ptolemy/actor/lib/fmi/test/auto/FMUvanDerPol20RC1.xml
----------------- Instantiating /home/travis/build/icyphy/ptII/ptolemy/actor/lib/fmi/test/auto/FMUvanDerPol20RC1.xml
8 ms. Memory: 884224K Free: 393742K (45%)
----------------- Invoking toplevel() on ptolemy.moml.MoMLSimpleApplication@5adeaa98
----------------- Done invoking toplevel() on ptolemy.moml.MoMLSimpleApplication@5adeaa98
reloadAllAccessors: .FMUvanDerPol20RC1
----------------- testing Mon May 07 00:44:57 UTC 2018 /home/travis/build/icyphy/ptII/ptolemy/actor/lib/fmi/test/auto/TestZeroDelayFeedback.xml
----------------- Instantiating /home/travis/build/icyphy/ptII/ptolemy/actor/lib/fmi/test/auto/TestZeroDelayFeedback.xml
FMU Builder messages:

Attempting to build /tmp/FMUFile895494536060576715.tmp/binaries/linux64/Constant.so
architecture: linux64 isWindows: false  command: make target: linux64
make ARCH=linux64 CBITSFLAGS=-fvisibility=hidden PIC=-fPIC SHARED_LIBRARY_SUFFIX=so Constant.so
make[1]: Entering directory `/tmp/FMUFile895494536060576715.tmp/sources'
echo `pwd`
/tmp/FMUFile895494536060576715.tmp/sources
cc -g -c -fvisibility=hidden -fPIC -Wall -DFMI_COSIMULATION -I.  Constant.c -o Constant.o
Creating ../binaries/linux64/
cc -fvisibility=hidden -g -Wall -shared -Wl,-soname,Constant.so -DFMI_COSIMULATION -I. -o ../binaries/linux64/Constant.so Constant.o 
rm Constant.o
make[1]: Leaving directory `/tmp/FMUFile895494536060576715.tmp/sources'

FMU Builder messages:

Attempting to build /tmp/FMUFile5272714554557178699.tmp/binaries/linux64/Integrator.so
architecture: linux64 isWindows: false  command: make target: linux64
make ARCH=linux64 CBITSFLAGS=-fvisibility=hidden PIC=-fPIC SHARED_LIBRARY_SUFFIX=so Integrator.so
make[1]: Entering directory `/tmp/FMUFile5272714554557178699.tmp/sources'
echo `pwd`
/tmp/FMUFile5272714554557178699.tmp/sources
cc -g -c -fvisibility=hidden -fPIC -Wall -DFMI_COSIMULATION -I.  Integrator.c -o Integrator.o
Integrator.c: In function ‘fmi2HybridGetMaxStepSize’:
Integrator.c:112:20: warning: unused variable ‘comp’ [-Wunused-variable]
     ModelInstance *comp = (ModelInstance *)c;
                    ^
In file included from Integrator.c:123:0:
fmuTemplate.c: In function ‘fmi2HybridDoStep’:
fmuTemplate.c:992:12: warning: variable ‘prevState’ set but not used [-Wunused-but-set-variable]
     double prevState[max(NUMBER_OF_STATES, 1)];
            ^
Creating ../binaries/linux64/
cc -fvisibility=hidden -g -Wall -shared -Wl,-soname,Integrator.so -DFMI_COSIMULATION -I. -o ../binaries/linux64/Integrator.so Integrator.o 
rm Integrator.o
make[1]: Leaving directory `/tmp/FMUFile5272714554557178699.tmp/sources'

FMU Builder messages:

Attempting to build /tmp/FMUFile1013168618556018116.tmp/binaries/linux64/Adder.so
architecture: linux64 isWindows: false  command: make target: linux64
make ARCH=linux64 CBITSFLAGS=-fvisibility=hidden PIC=-fPIC SHARED_LIBRARY_SUFFIX=so Adder.so
make[1]: Entering directory `/tmp/FMUFile1013168618556018116.tmp/sources'
echo `pwd`
/tmp/FMUFile1013168618556018116.tmp/sources
cc -g -c -fvisibility=hidden -fPIC -Wall -DFMI_COSIMULATION -I.  Adder.c -o Adder.o
Creating ../binaries/linux64/
cc -fvisibility=hidden -g -Wall -shared -Wl,-soname,Adder.so -DFMI_COSIMULATION -I. -o ../binaries/linux64/Adder.so Adder.o 
rm Adder.o
make[1]: Leaving directory `/tmp/FMUFile1013168618556018116.tmp/sources'

FMU Builder messages:

Attempting to build /tmp/FMUFile6036361855222242927.tmp/binaries/linux64/ZeroCrossingDetector.so
architecture: linux64 isWindows: false  command: make target: linux64
make ARCH=linux64 CBITSFLAGS=-fvisibility=hidden PIC=-fPIC SHARED_LIBRARY_SUFFIX=so ZeroCrossingDetector.so
make[1]: Entering directory `/tmp/FMUFile6036361855222242927.tmp/sources'
echo `pwd`
/tmp/FMUFile6036361855222242927.tmp/sources
cc -g -c -fvisibility=hidden -fPIC -Wall -DFMI_COSIMULATION -I.  ZeroCrossingDetector.c -o ZeroCrossingDetector.o
Creating ../binaries/linux64/
cc -fvisibility=hidden -g -Wall -shared -Wl,-soname,ZeroCrossingDetector.so -DFMI_COSIMULATION -I. -o ../binaries/linux64/ZeroCrossingDetector.so ZeroCrossingDetector.o 
rm ZeroCrossingDetector.o
make[1]: Leaving directory `/tmp/FMUFile6036361855222242927.tmp/sources'

FMU Builder messages:

Attempting to build /tmp/FMUFile750804244211773171.tmp/binaries/linux64/Delay.so
architecture: linux64 isWindows: false  command: make target: linux64
make ARCH=linux64 CBITSFLAGS=-fvisibility=hidden PIC=-fPIC SHARED_LIBRARY_SUFFIX=so Delay.so
make[1]: Entering directory `/tmp/FMUFile750804244211773171.tmp/sources'
echo `pwd`
/tmp/FMUFile750804244211773171.tmp/sources
cc -g -c -fvisibility=hidden -fPIC -Wall -DFMI_COSIMULATION -I.  Delay.c -o Delay.o
Creating ../binaries/linux64/
cc -fvisibility=hidden -g -Wall -shared -Wl,-soname,Delay.so -DFMI_COSIMULATION -I. -o ../binaries/linux64/Delay.so Delay.o 
rm Delay.o
make[1]: Leaving directory `/tmp/FMUFile750804244211773171.tmp/sources'

1186 ms. Memory: 884224K Free: 347629K (39%)
----------------- Invoking toplevel() on ptolemy.moml.MoMLSimpleApplication@48c115a4
----------------- Done invoking toplevel() on ptolemy.moml.MoMLSimpleApplication@48c115a4
reloadAllAccessors: .TestZeroDelayFeedback
----------------- testing Mon May 07 00:44:58 UTC 2018 /home/travis/build/icyphy/ptII/ptolemy/actor/lib/fmi/test/auto/helloWorldME2.xml
----------------- Instantiating /home/travis/build/icyphy/ptII/ptolemy/actor/lib/fmi/test/auto/helloWorldME2.xml
5 ms. Memory: 884224K Free: 341485K (39%)
----------------- Invoking toplevel() on ptolemy.moml.MoMLSimpleApplication@65e24b27
----------------- Done invoking toplevel() on ptolemy.moml.MoMLSimpleApplication@65e24b27
reloadAllAccessors: .helloWorldME2
AutoTests.java: About to close Vertx.
AutoTests.java: Vertx closed.
]]></system-out>
  <system-err><![CDATA[java.lang.RuntimeException: Execution failed
	at ptolemy.moml.MoMLSimpleApplication$UnloadThread.run(MoMLSimpleApplication.java:402)
Caused by: ptolemy.kernel.util.IllegalActionException: Could not simulate, inc20_fmiDoStep(Component, /* time */ 0.0, /* stepSize */0.0, /* newStep */ 1) returned fmiError
  in .FMUInc20.inc20
	at ptolemy.actor.lib.fmi.FMUImport._fmiDoStep(FMUImport.java:2739)
	at ptolemy.actor.lib.fmi.FMUImport.fire(FMUImport.java:675)
	at ptolemy.actor.sched.FixedPointDirector._fireActor(FixedPointDirector.java:768)
	at ptolemy.actor.sched.FixedPointDirector.fire(FixedPointDirector.java:244)
	at ptolemy.domains.continuous.kernel.ContinuousDirector.fire(ContinuousDirector.java:494)
	at ptolemy.actor.CompositeActor.fire(CompositeActor.java:455)
	at ptolemy.actor.Manager.iterate(Manager.java:851)
	at ptolemy.actor.Manager.execute(Manager.java:369)
	at ptolemy.actor.Manager.run(Manager.java:1263)
	at ptolemy.actor.Manager$PtolemyRunThread.run(Manager.java:1915)
java.lang.reflect.InvocationTargetException
	at sun.reflect.NativeConstructorAccessorImpl.newInstance0(Native Method)
	at sun.reflect.NativeConstructorAccessorImpl.newInstance(NativeConstructorAccessorImpl.java:62)
	at sun.reflect.DelegatingConstructorAccessorImpl.newInstance(DelegatingConstructorAccessorImpl.java:45)
	at java.lang.reflect.Constructor.newInstance(Constructor.java:423)
	at ptolemy.util.test.junit.AutoKnownFailedTests.RunModel(AutoKnownFailedTests.java:107)
	at sun.reflect.NativeMethodAccessorImpl.invoke0(Native Method)
	at sun.reflect.NativeMethodAccessorImpl.invoke(NativeMethodAccessorImpl.java:62)
	at sun.reflect.DelegatingMethodAccessorImpl.invoke(DelegatingMethodAccessorImpl.java:43)
	at java.lang.reflect.Method.invoke(Method.java:498)
	at org.junit.runners.model.FrameworkMethod$1.runReflectiveCall(FrameworkMethod.java:44)
	at org.junit.internal.runners.model.ReflectiveCallable.run(ReflectiveCallable.java:15)
	at org.junit.runners.model.FrameworkMethod.invokeExplosively(FrameworkMethod.java:41)
	at junitparams.internal.InvokeParameterisedMethod.evaluate(InvokeParameterisedMethod.java:102)
	at org.junit.internal.runners.statements.FailOnTimeout$1.run(FailOnTimeout.java:28)
Caused by: ptolemy.kernel.util.IllegalActionException: Could not simulate, inc20_fmiDoStep(Component, /* time */ 0.0, /* stepSize */0.0, /* newStep */ 1) returned fmiError
  in .FMUInc20.inc20
	at ptolemy.actor.lib.fmi.FMUImport._fmiDoStep(FMUImport.java:2739)
	at ptolemy.actor.lib.fmi.FMUImport.fire(FMUImport.java:675)
	at ptolemy.actor.sched.FixedPointDirector._fireActor(FixedPointDirector.java:768)
	at ptolemy.actor.sched.FixedPointDirector.fire(FixedPointDirector.java:244)
	at ptolemy.domains.continuous.kernel.ContinuousDirector.fire(ContinuousDirector.java:494)
	at ptolemy.actor.CompositeActor.fire(CompositeActor.java:455)
	at ptolemy.actor.Manager.iterate(Manager.java:851)
	at ptolemy.actor.Manager.execute(Manager.java:369)
	at ptolemy.actor.Manager.run(Manager.java:1263)
	at ptolemy.actor.Manager$PtolemyRunThread.run(Manager.java:1915)
]]></system-err>
</testsuite>
