<?xml version="1.0" encoding="UTF-8" ?>
<testsuite errors="1" failures="0" hostname="travis-job-ec8d3556-227f-4984-9c62-814ba3880e07" name="org.terraswarm.accessor.test.junit.JUnitTclTest" skipped="0" tests="29" time="649.725" timestamp="2018-03-20T21:14:57">
  <properties>
[...]
</properties>
  <testcase classname="ptolemy.util.test.junit.TclTests" name="[0] /home/travis/build/icyphy/ptII/org/terraswarm/accessor/test/JSAccessor.tcl (RunTclFile)" time="12.49" />
  <testcase classname="ptolemy.util.test.junit.TclTests" name="[1] /home/travis/build/icyphy/ptII/org/terraswarm/accessor/test/WebSocketClientTest.tcl (RunTclFile)" time="51.014" />
  <testcase classname="ptolemy.util.test.junit.AutoKnownFailedTests" name="[0] ThereAreNoKnowFailedTests (RunModel)" time="0.0" />
  <testcase classname="ptolemy.util.test.junit.AutoNameArchTests" name="[0] ThereAreNoAutoTests (RunModel)" time="0.001" />
  <testcase classname="ptolemy.util.test.junit.AutoTests" name="[0] /home/travis/build/icyphy/ptII/org/terraswarm/accessor/test/auto/AccessViolation.xml (RunModel)" time="13.135" />
  <testcase classname="ptolemy.util.test.junit.AutoTests" name="[1] /home/travis/build/icyphy/ptII/org/terraswarm/accessor/test/auto/AccessViolation2.xml (RunModel)" time="13.095" />
  <testcase classname="ptolemy.util.test.junit.AutoTests" name="[2] /home/travis/build/icyphy/ptII/org/terraswarm/accessor/test/auto/Accessor1.xml (RunModel)" time="17.05" />
  <testcase classname="ptolemy.util.test.junit.AutoTests" name="[3] /home/travis/build/icyphy/ptII/org/terraswarm/accessor/test/auto/Accessor2.xml (RunModel)" time="13.154" />
  <testcase classname="ptolemy.util.test.junit.AutoTests" name="[4] /home/travis/build/icyphy/ptII/org/terraswarm/accessor/test/auto/CallbackWithSuppress.xml (RunModel)" time="72.706" />
  <testcase classname="ptolemy.util.test.junit.AutoTests" name="[5] /home/travis/build/icyphy/ptII/org/terraswarm/accessor/test/auto/Derived.xml (RunModel)" time="13.1" />
  <testcase classname="ptolemy.util.test.junit.AutoTests" name="[6] /home/travis/build/icyphy/ptII/org/terraswarm/accessor/test/auto/Derived2.xml (RunModel)" time="13.326" />
  <testcase classname="ptolemy.util.test.junit.AutoTests" name="[7] /home/travis/build/icyphy/ptII/org/terraswarm/accessor/test/auto/Derived3.xml (RunModel)" time="13.035" />
  <testcase classname="ptolemy.util.test.junit.AutoTests" name="[8] /home/travis/build/icyphy/ptII/org/terraswarm/accessor/test/auto/Derived4.xml (RunModel)" time="13.073" />
  <testcase classname="ptolemy.util.test.junit.AutoTests" name="[9] /home/travis/build/icyphy/ptII/org/terraswarm/accessor/test/auto/Derived5.xml (RunModel)" time="13.02" />
  <testcase classname="ptolemy.util.test.junit.AutoTests" name="[10] /home/travis/build/icyphy/ptII/org/terraswarm/accessor/test/auto/Derived6.xml (RunModel)" time="13.298" />
  <testcase classname="ptolemy.util.test.junit.AutoTests" name="[11] /home/travis/build/icyphy/ptII/org/terraswarm/accessor/test/auto/Derived8.xml (RunModel)" time="13.086" />
  <testcase classname="ptolemy.util.test.junit.AutoTests" name="[12] /home/travis/build/icyphy/ptII/org/terraswarm/accessor/test/auto/Derived9.xml (RunModel)" time="13.17" />
  <testcase classname="ptolemy.util.test.junit.AutoTests" name="[13] /home/travis/build/icyphy/ptII/org/terraswarm/accessor/test/auto/DerivedAgain.xml (RunModel)" time="15.628" />
  <testcase classname="ptolemy.util.test.junit.AutoTests" name="[14] /home/travis/build/icyphy/ptII/org/terraswarm/accessor/test/auto/DerivedAgain2.xml (RunModel)" time="16.126" />
  <testcase classname="ptolemy.util.test.junit.AutoTests" name="[15] /home/travis/build/icyphy/ptII/org/terraswarm/accessor/test/auto/DerivedAgain4.xml (RunModel)" time="13.548" />
  <testcase classname="ptolemy.util.test.junit.AutoTests" name="[16] /home/travis/build/icyphy/ptII/org/terraswarm/accessor/test/auto/DerivedAgain5.xml (RunModel)" time="13.062" />
  <testcase classname="ptolemy.util.test.junit.AutoTests" name="[17] /home/travis/build/icyphy/ptII/org/terraswarm/accessor/test/auto/GetDate.xml (RunModel)" time="19.742">
    <error type="java.lang.reflect.InvocationTargetException">java.lang.reflect.InvocationTargetException
	at ptolemy.util.test.junit.AutoTests.RunModel(AutoTests.java:137)
	at junitparams.internal.InvokeParameterisedMethod.evaluate(InvokeParameterisedMethod.java:102)
Caused by: java.lang.RuntimeException: REST: Protocol family unavailable: date.jsontest.com/2607:f8b0:4001:c20:0:0:0:79:80
	at ptolemy.util.SimpleMessageHandler._error(SimpleMessageHandler.java:53)
	at ptolemy.util.MessageHandler.error(MessageHandler.java:84)
	at ptolemy.actor.lib.jjs.JavaScript.error(JavaScript.java:828)
	at ptolemy.actor.lib.jjs.RestrictedJavaScriptInterface.error(RestrictedJavaScriptInterface.java:108)
	at jdk.nashorn.internal.scripts.Script$Recompilation$29105$3480A$\^eval\_.error(&lt;eval&gt;:98)
	at jdk.nashorn.internal.scripts.Script$Recompilation$29103$15770A$require.L:1#_handleError(/home/travis/build/icyphy/ptII/ptolemy/actor/lib/jjs/external/require.js#401:30&lt;eval&gt;:370)
	at jdk.nashorn.internal.scripts.Script$Recompilation$29102$17393AA$require.L:1#_errorResponse(/home/travis/build/icyphy/ptII/ptolemy/actor/lib/jjs/external/require.js#401:30&lt;eval&gt;:407)
	at jdk.nashorn.internal.runtime.ScriptFunctionData.invoke(ScriptFunctionData.java:641)
	at jdk.nashorn.internal.runtime.ScriptFunction.invoke(ScriptFunction.java:494)
	at jdk.nashorn.internal.runtime.ScriptRuntime.apply(ScriptRuntime.java:393)
	at jdk.nashorn.api.scripting.ScriptObjectMirror.callMember(ScriptObjectMirror.java:199)
	at ptolemy.actor.lib.jjs.modules.httpClient.HttpClientHelper$HttpClientExceptionHandler$1.run(HttpClientHelper.java:281)
	at ptolemy.actor.lib.jjs.JavaScript.fire(JavaScript.java:1050)
	at ptolemy.domains.de.kernel.DEDirector._fire(DEDirector.java:1948)
	at ptolemy.domains.de.kernel.DEDirector.fire(DEDirector.java:502)
	at ptolemy.actor.CompositeActor.fire(CompositeActor.java:455)
	at ptolemy.actor.Manager.iterate(Manager.java:851)
	at ptolemy.actor.Manager.execute(Manager.java:369)
	at ptolemy.moml.MoMLSimpleApplication.rerun(MoMLSimpleApplication.java:339)
</error>
  </testcase>
  <testcase classname="ptolemy.util.test.junit.AutoTests" name="[18] /home/travis/build/icyphy/ptII/org/terraswarm/accessor/test/auto/HandlerWithSuppress.xml (RunModel)" time="72.68" />
  <testcase classname="ptolemy.util.test.junit.AutoTests" name="[19] /home/travis/build/icyphy/ptII/org/terraswarm/accessor/test/auto/HttpRequest.xml (RunModel)" time="13.494" />
  <testcase classname="ptolemy.util.test.junit.AutoTests" name="[20] /home/travis/build/icyphy/ptII/org/terraswarm/accessor/test/auto/JSON.xml (RunModel)" time="15.782" />
  <testcase classname="ptolemy.util.test.junit.AutoTests" name="[21] /home/travis/build/icyphy/ptII/org/terraswarm/accessor/test/auto/ReadURL.xml (RunModel)" time="47.536" />
  <testcase classname="ptolemy.util.test.junit.AutoTests" name="[22] /home/travis/build/icyphy/ptII/org/terraswarm/accessor/test/auto/SendNullToOwnInput.xml (RunModel)" time="72.426" />
  <testcase classname="ptolemy.util.test.junit.AutoTests" name="[23] /home/travis/build/icyphy/ptII/org/terraswarm/accessor/test/auto/Stop.xml (RunModel)" time="32.787" />
  <testcase classname="ptolemy.util.test.junit.AutoTests" name="[24] /home/travis/build/icyphy/ptII/org/terraswarm/accessor/test/auto/Stop2.xml (RunModel)" time="19.061" />
  <system-out><![CDATA[/home/travis/build/icyphy/ptII/org/terraswarm/accessor/test/JSAccessor.tcl
testDefs.tcl: setting time out to 9000 seconds at Tue Mar 20 21:14:57 UTC 2018
JSAccessor: PT_NO_NET environment variable is set, so git pull and ptdoc are not being run.
/home/travis/build/icyphy/ptII/org/terraswarm/accessor/test/WebSocketClientTest.tcl
WebSocketClient: Connection failed. Will try again: Connection refused: localhost/127.0.0.1:8181 (Thread[vert.x-eventloop-thread-0,1,main])
WebSocketClient: Connection closed because model is no longer running. (Thread[WebSocketClientJS,1,main])
6190 ms. Memory: 729600K Free: 353925K (49%)
WebSocketClient: Connection failed. Will try again: Connection refused: localhost/127.0.0.1:8181 (Thread[vert.x-eventloop-thread-0,1,main])
WebSocketClient: Connection closed because model is no longer running. (Thread[main,5,main])
5151 ms. Memory: 778752K Free: 465116K (60%)
reloadAllAccessors: .WebSocketClientJS
This is the first time that the reloadAllAccessors method has been invoked in this JVM, so the the accessors repo will be checked out or updated and JSDoc invoked. Note that running the tests may end up invoking a new JVM for each directory, so the repo may be checked out or updated and JSDoc invoked more than once when the tests are run.
WebSocketClient: Connection failed. Will try again: Connection refused: localhost/127.0.0.1:8181 (Thread[vert.x-eventloop-thread-0,1,main])
WebSocketClient: Connection closed because model is no longer running. (Thread[main,5,main])
4990 ms. Memory: 795648K Free: 705795K (89%)
WebSocketClient: Connection failed. Will try again: Connection refused: localhost/127.0.0.1:8182 (Thread[vert.x-eventloop-thread-1,1,main])
WebSocketClient: Connection failed. Will try again: Connection refused: localhost/127.0.0.1:8182 (Thread[vert.x-eventloop-thread-1,1,main])
WebSocketClient: Connection failed. Will try again: Connection refused: localhost/127.0.0.1:8182 (Thread[vert.x-eventloop-thread-1,1,main])
WebSocketClient: Connection failed. Will try again: Connection refused: localhost/127.0.0.1:8182 (Thread[vert.x-eventloop-thread-1,1,main])
WebSocketClient: Connection failed. Will try again: Connection refused: localhost/127.0.0.1:8182 (Thread[vert.x-eventloop-thread-1,1,main])
WebSocketClient: undefined: WebSocketClient.js: Error: Connection failed after 6 tries: Connection refused: localhost/127.0.0.1:8182 (Thread[vert.x-eventloop-thread-1,1,main])
WebSocketClient: Connection closed because model is no longer running. (Thread[WebSocketClient2JS,1,main])
8397 ms. Memory: 811008K Free: 369828K (46%)
WebSocketClient: Connection failed. Will try again: Connection refused: localhost/127.0.0.1:8182 (Thread[vert.x-eventloop-thread-1,1,main])
WebSocketClient: Connection failed. Will try again: Connection refused: localhost/127.0.0.1:8182 (Thread[vert.x-eventloop-thread-1,1,main])
WebSocketClient: Connection failed. Will try again: Connection refused: localhost/127.0.0.1:8182 (Thread[vert.x-eventloop-thread-1,1,main])
WebSocketClient: Connection failed. Will try again: Connection refused: localhost/127.0.0.1:8182 (Thread[vert.x-eventloop-thread-1,1,main])
WebSocketClient: Connection failed. Will try again: Connection refused: localhost/127.0.0.1:8182 (Thread[vert.x-eventloop-thread-1,1,main])
WebSocketClient: undefined: WebSocketClient.js: Error: Connection failed after 6 tries: Connection refused: localhost/127.0.0.1:8182 (Thread[vert.x-eventloop-thread-1,1,main])
WebSocketClient: Connection closed because model is no longer running. (Thread[main,5,main])
8250 ms. Memory: 812032K Free: 472406K (58%)
reloadAllAccessors: .WebSocketClient2JS
WebSocketClient: Connection failed. Will try again: Connection refused: localhost/127.0.0.1:8182 (Thread[vert.x-eventloop-thread-1,1,main])
WebSocketClient: Connection failed. Will try again: Connection refused: localhost/127.0.0.1:8182 (Thread[vert.x-eventloop-thread-1,1,main])
WebSocketClient: Connection failed. Will try again: Connection refused: localhost/127.0.0.1:8182 (Thread[vert.x-eventloop-thread-1,1,main])
WebSocketClient: Connection failed. Will try again: Connection refused: localhost/127.0.0.1:8182 (Thread[vert.x-eventloop-thread-1,1,main])
WebSocketClient: Connection failed. Will try again: Connection refused: localhost/127.0.0.1:8182 (Thread[vert.x-eventloop-thread-1,1,main])
WebSocketClient: undefined: WebSocketClient.js: Error: Connection failed after 6 tries: Connection refused: localhost/127.0.0.1:8182 (Thread[vert.x-eventloop-thread-1,1,main])
WebSocketClient: Connection closed because model is no longer running. (Thread[main,5,main])
8676 ms. Memory: 861696K Free: 522816K (61%)
03/20/18 09:16:00
Failed: 0  Total Tests: 14  ((Passed: 14, Newly Passed: 0)  Known Failed: 0) /home/travis/build/icyphy/ptII/org/terraswarm/accessor/test
No auto/knownFailedTests/*.xml tests in /home/travis/build/icyphy/ptII/org/terraswarm/accessor/test
No auto/*.xml tests in /home/travis/build/icyphy/ptII/org/terraswarm/accessor/test
----------------- testing /home/travis/build/icyphy/ptII/org/terraswarm/accessor/test/auto/AccessViolation.xml
----------------- Tue Mar 20 21:16:00 UTC 2018 About to sleep for 5 seconds before rerunning in org/terraswarm/accessor.  Test is: /home/travis/build/icyphy/ptII/org/terraswarm/accessor/test/auto/AccessViolation.xml
756 ms. Memory: 861184K Free: 441570K (51%)
----------------- testing again /home/travis/build/icyphy/ptII/org/terraswarm/accessor/test/auto/AccessViolation.xml
868 ms. Memory: 861696K Free: 718822K (83%)
----------------- Tue Mar 20 21:16:07 UTC 2018 About to sleep for 5 seconds before rerunning in org/terraswarm/accessor.  Test is: /home/travis/build/icyphy/ptII/org/terraswarm/accessor/test/auto/AccessViolation.xml
reloadAllAccessors: .AccessViolation
----------------- Reloaded Accessors and testing again /home/travis/build/icyphy/ptII/org/terraswarm/accessor/test/auto/AccessViolation.xml
730 ms. Memory: 861696K Free: 441878K (51%)
----------------- testing /home/travis/build/icyphy/ptII/org/terraswarm/accessor/test/auto/AccessViolation2.xml
----------------- Tue Mar 20 21:16:13 UTC 2018 About to sleep for 5 seconds before rerunning in org/terraswarm/accessor.  Test is: /home/travis/build/icyphy/ptII/org/terraswarm/accessor/test/auto/AccessViolation2.xml
752 ms. Memory: 862208K Free: 594159K (69%)
----------------- testing again /home/travis/build/icyphy/ptII/org/terraswarm/accessor/test/auto/AccessViolation2.xml
685 ms. Memory: 862208K Free: 395909K (46%)
----------------- Tue Mar 20 21:16:20 UTC 2018 About to sleep for 5 seconds before rerunning in org/terraswarm/accessor.  Test is: /home/travis/build/icyphy/ptII/org/terraswarm/accessor/test/auto/AccessViolation2.xml
reloadAllAccessors: .AccessViolation2
----------------- Reloaded Accessors and testing again /home/travis/build/icyphy/ptII/org/terraswarm/accessor/test/auto/AccessViolation2.xml
878 ms. Memory: 836608K Free: 569858K (68%)
----------------- testing /home/travis/build/icyphy/ptII/org/terraswarm/accessor/test/auto/Accessor1.xml
----------------- Tue Mar 20 21:16:27 UTC 2018 About to sleep for 5 seconds before rerunning in org/terraswarm/accessor.  Test is: /home/travis/build/icyphy/ptII/org/terraswarm/accessor/test/auto/Accessor1.xml
1743 ms. Memory: 849920K Free: 394125K (46%)
----------------- testing again /home/travis/build/icyphy/ptII/org/terraswarm/accessor/test/auto/Accessor1.xml
1751 ms. Memory: 834560K Free: 427940K (51%)
----------------- Tue Mar 20 21:16:36 UTC 2018 About to sleep for 5 seconds before rerunning in org/terraswarm/accessor.  Test is: /home/travis/build/icyphy/ptII/org/terraswarm/accessor/test/auto/Accessor1.xml
reloadAllAccessors: .Accessor1
----------------- Reloaded Accessors and testing again /home/travis/build/icyphy/ptII/org/terraswarm/accessor/test/auto/Accessor1.xml
2019 ms. Memory: 891904K Free: 571096K (64%)
----------------- testing /home/travis/build/icyphy/ptII/org/terraswarm/accessor/test/auto/Accessor2.xml
----------------- Tue Mar 20 21:16:44 UTC 2018 About to sleep for 5 seconds before rerunning in org/terraswarm/accessor.  Test is: /home/travis/build/icyphy/ptII/org/terraswarm/accessor/test/auto/Accessor2.xml
718 ms. Memory: 882176K Free: 681770K (77%)
----------------- testing again /home/travis/build/icyphy/ptII/org/terraswarm/accessor/test/auto/Accessor2.xml
825 ms. Memory: 882176K Free: 482136K (55%)
----------------- Tue Mar 20 21:16:51 UTC 2018 About to sleep for 5 seconds before rerunning in org/terraswarm/accessor.  Test is: /home/travis/build/icyphy/ptII/org/terraswarm/accessor/test/auto/Accessor2.xml
reloadAllAccessors: .Accessor2
----------------- Reloaded Accessors and testing again /home/travis/build/icyphy/ptII/org/terraswarm/accessor/test/auto/Accessor2.xml
847 ms. Memory: 888832K Free: 656354K (74%)
----------------- testing /home/travis/build/icyphy/ptII/org/terraswarm/accessor/test/auto/CallbackWithSuppress.xml
----------------- Tue Mar 20 21:16:57 UTC 2018 About to sleep for 5 seconds before rerunning in org/terraswarm/accessor.  Test is: /home/travis/build/icyphy/ptII/org/terraswarm/accessor/test/auto/CallbackWithSuppress.xml
20773 ms. Memory: 888832K Free: 332810K (37%)
----------------- testing again /home/travis/build/icyphy/ptII/org/terraswarm/accessor/test/auto/CallbackWithSuppress.xml
20701 ms. Memory: 851456K Free: 538227K (63%)
----------------- Tue Mar 20 21:17:44 UTC 2018 About to sleep for 5 seconds before rerunning in org/terraswarm/accessor.  Test is: /home/travis/build/icyphy/ptII/org/terraswarm/accessor/test/auto/CallbackWithSuppress.xml
reloadAllAccessors: .CallbackWithSuppress
Accessors in test/auto do not typically have documentation, so we are not running jsdoc on file:/home/travis/build/icyphy/ptII/org/terraswarm/accessor/test/auto/accessors/CallbackWithSuppress.js
----------------- Reloaded Accessors and testing again /home/travis/build/icyphy/ptII/org/terraswarm/accessor/test/auto/CallbackWithSuppress.xml
20591 ms. Memory: 851456K Free: 262149K (31%)
----------------- testing /home/travis/build/icyphy/ptII/org/terraswarm/accessor/test/auto/Derived.xml
----------------- Tue Mar 20 21:18:09 UTC 2018 About to sleep for 5 seconds before rerunning in org/terraswarm/accessor.  Test is: /home/travis/build/icyphy/ptII/org/terraswarm/accessor/test/auto/Derived.xml
DerivedA: base set up (Thread[Thread-41,5,main])
DerivedA: derived set up (Thread[Thread-41,5,main])
DerivedA: base set up (Thread[Thread-41,5,main])
DerivedA: derived set up (Thread[Thread-41,5,main])
DerivedA: base set up (Thread[Derived,1,main])
DerivedA: derived set up (Thread[Derived,1,main])
DerivedA: base set up (Thread[Derived,1,main])
DerivedA: derived set up (Thread[Derived,1,main])
DerivedA: base set up (Thread[Derived,1,main])
DerivedA: derived set up (Thread[Derived,1,main])
DerivedA: base set up (Thread[Derived,1,main])
DerivedA: derived set up (Thread[Derived,1,main])
DerivedA: base set up (Thread[Derived,1,main])
DerivedA: derived set up (Thread[Derived,1,main])
DerivedA: base init (Thread[Derived,1,main])
DerivedA: derived init (Thread[Derived,1,main])
DerivedA: derived wrapped up (Thread[Derived,1,main])
674 ms. Memory: 833536K Free: 319530K (38%)
----------------- testing again /home/travis/build/icyphy/ptII/org/terraswarm/accessor/test/auto/Derived.xml
DerivedA: base set up (Thread[Thread-41,5,main])
DerivedA: derived set up (Thread[Thread-41,5,main])
DerivedA: base set up (Thread[Thread-41,5,main])
DerivedA: derived set up (Thread[Thread-41,5,main])
DerivedA: base set up (Thread[Thread-41,5,main])
DerivedA: derived set up (Thread[Thread-41,5,main])
DerivedA: base set up (Thread[Thread-41,5,main])
DerivedA: derived set up (Thread[Thread-41,5,main])
DerivedA: base set up (Thread[Thread-41,5,main])
DerivedA: derived set up (Thread[Thread-41,5,main])
DerivedA: base init (Thread[Thread-41,5,main])
DerivedA: derived init (Thread[Thread-41,5,main])
DerivedA: derived wrapped up (Thread[Thread-41,5,main])
908 ms. Memory: 846848K Free: 526124K (62%)
----------------- Tue Mar 20 21:18:17 UTC 2018 About to sleep for 5 seconds before rerunning in org/terraswarm/accessor.  Test is: /home/travis/build/icyphy/ptII/org/terraswarm/accessor/test/auto/Derived.xml
reloadAllAccessors: .Derived
Accessors in test/auto do not typically have documentation, so we are not running jsdoc on file:/home/travis/build/icyphy/ptII/org/terraswarm/accessor/test/auto/accessors/DerivedA.js
DerivedA: base set up (Thread[Thread-41,5,main])
DerivedA: derived set up (Thread[Thread-41,5,main])
DerivedA: base set up (Thread[Thread-41,5,main])
DerivedA: derived set up (Thread[Thread-41,5,main])
----------------- Reloaded Accessors and testing again /home/travis/build/icyphy/ptII/org/terraswarm/accessor/test/auto/Derived.xml
DerivedA: base set up (Thread[Thread-41,5,main])
DerivedA: derived set up (Thread[Thread-41,5,main])
DerivedA: base set up (Thread[Thread-41,5,main])
DerivedA: derived set up (Thread[Thread-41,5,main])
DerivedA: base set up (Thread[Thread-41,5,main])
DerivedA: derived set up (Thread[Thread-41,5,main])
DerivedA: base set up (Thread[Thread-41,5,main])
DerivedA: derived set up (Thread[Thread-41,5,main])
DerivedA: base set up (Thread[Thread-41,5,main])
DerivedA: derived set up (Thread[Thread-41,5,main])
DerivedA: base init (Thread[Thread-41,5,main])
DerivedA: derived init (Thread[Thread-41,5,main])
DerivedA: derived wrapped up (Thread[Thread-41,5,main])
751 ms. Memory: 846848K Free: 236518K (28%)
----------------- testing /home/travis/build/icyphy/ptII/org/terraswarm/accessor/test/auto/Derived2.xml
----------------- Tue Mar 20 21:18:23 UTC 2018 About to sleep for 5 seconds before rerunning in org/terraswarm/accessor.  Test is: /home/travis/build/icyphy/ptII/org/terraswarm/accessor/test/auto/Derived2.xml
DerivedB2: printing non-prototype properties (Thread[Derived2,1,main])
DerivedB2: ssuper: [object Object] (Thread[Derived2,1,main])
DerivedB2: setup: function () {
        this.extend('BaseB');
    } (Thread[Derived2,1,main])
DerivedB2: inputHandler: function () {
    console.log('sending false');
    this.send('output', false);
} (Thread[Derived2,1,main])
DerivedB2: initialize: function () {
    exports.ssuper.initialize.call(this);
    printProperties(exports);
} (Thread[Derived2,1,main])
DerivedB2: printing protoytpe (Thread[Derived2,1,main])
DerivedB2: ssuper: [object Object] (Thread[Derived2,1,main])
DerivedB2: setup: function () {
        this.extend('BaseB');
    } (Thread[Derived2,1,main])
DerivedB2: initialize: function () {
    exports.ssuper.initialize.call(this);
    printProperties(exports);
} (Thread[Derived2,1,main])
DerivedB2: inputHandler: function () {
    console.log('sending false');
    this.send('output', false);
} (Thread[Derived2,1,main])
DerivedB2: sending false (Thread[Derived2,1,main])
713 ms. Memory: 858624K Free: 301498K (35%)
----------------- testing again /home/travis/build/icyphy/ptII/org/terraswarm/accessor/test/auto/Derived2.xml
DerivedB2: printing non-prototype properties (Thread[Thread-46,5,main])
DerivedB2: ssuper: [object Object] (Thread[Thread-46,5,main])
DerivedB2: setup: function () {
        this.extend('BaseB');
    } (Thread[Thread-46,5,main])
DerivedB2: inputHandler: function () {
    console.log('sending false');
    this.send('output', false);
} (Thread[Thread-46,5,main])
DerivedB2: initialize: function () {
    exports.ssuper.initialize.call(this);
    printProperties(exports);
} (Thread[Thread-46,5,main])
DerivedB2: printing protoytpe (Thread[Thread-46,5,main])
DerivedB2: ssuper: [object Object] (Thread[Thread-46,5,main])
DerivedB2: setup: function () {
        this.extend('BaseB');
    } (Thread[Thread-46,5,main])
DerivedB2: initialize: function () {
    exports.ssuper.initialize.call(this);
    printProperties(exports);
} (Thread[Thread-46,5,main])
DerivedB2: inputHandler: function () {
    console.log('sending false');
    this.send('output', false);
} (Thread[Thread-46,5,main])
DerivedB2: sending false (Thread[Thread-46,5,main])
1104 ms. Memory: 881152K Free: 722476K (82%)
----------------- Tue Mar 20 21:18:30 UTC 2018 About to sleep for 5 seconds before rerunning in org/terraswarm/accessor.  Test is: /home/travis/build/icyphy/ptII/org/terraswarm/accessor/test/auto/Derived2.xml
reloadAllAccessors: .Derived2
Accessors in test/auto do not typically have documentation, so we are not running jsdoc on file:/home/travis/build/icyphy/ptII/org/terraswarm/accessor/test/auto/accessors/DerivedB.js
----------------- Reloaded Accessors and testing again /home/travis/build/icyphy/ptII/org/terraswarm/accessor/test/auto/Derived2.xml
DerivedB2: printing non-prototype properties (Thread[Thread-46,5,main])
DerivedB2: ssuper: [object Object] (Thread[Thread-46,5,main])
DerivedB2: setup: function () {
        this.extend('BaseB');
    } (Thread[Thread-46,5,main])
DerivedB2: inputHandler: function () {
    console.log('sending false');
    this.send('output', false);
} (Thread[Thread-46,5,main])
DerivedB2: initialize: function () {
    exports.ssuper.initialize.call(this);
    printProperties(exports);
} (Thread[Thread-46,5,main])
DerivedB2: printing protoytpe (Thread[Thread-46,5,main])
DerivedB2: ssuper: [object Object] (Thread[Thread-46,5,main])
DerivedB2: setup: function () {
        this.extend('BaseB');
    } (Thread[Thread-46,5,main])
DerivedB2: initialize: function () {
    exports.ssuper.initialize.call(this);
    printProperties(exports);
} (Thread[Thread-46,5,main])
DerivedB2: inputHandler: function () {
    console.log('sending false');
    this.send('output', false);
} (Thread[Thread-46,5,main])
DerivedB2: sending false (Thread[Thread-46,5,main])
703 ms. Memory: 881152K Free: 435502K (49%)
----------------- testing /home/travis/build/icyphy/ptII/org/terraswarm/accessor/test/auto/Derived3.xml
----------------- Tue Mar 20 21:18:36 UTC 2018 About to sleep for 5 seconds before rerunning in org/terraswarm/accessor.  Test is: /home/travis/build/icyphy/ptII/org/terraswarm/accessor/test/auto/Derived3.xml
712 ms. Memory: 885248K Free: 497133K (56%)
----------------- testing again /home/travis/build/icyphy/ptII/org/terraswarm/accessor/test/auto/Derived3.xml
870 ms. Memory: 883200K Free: 675252K (76%)
----------------- Tue Mar 20 21:18:43 UTC 2018 About to sleep for 5 seconds before rerunning in org/terraswarm/accessor.  Test is: /home/travis/build/icyphy/ptII/org/terraswarm/accessor/test/auto/Derived3.xml
reloadAllAccessors: .Derived3
Accessors in test/auto do not typically have documentation, so we are not running jsdoc on file:/home/travis/build/icyphy/ptII/org/terraswarm/accessor/test/auto/accessors/DerivedC.js
----------------- Reloaded Accessors and testing again /home/travis/build/icyphy/ptII/org/terraswarm/accessor/test/auto/Derived3.xml
785 ms. Memory: 883200K Free: 394746K (45%)
----------------- testing /home/travis/build/icyphy/ptII/org/terraswarm/accessor/test/auto/Derived4.xml
----------------- Tue Mar 20 21:18:49 UTC 2018 About to sleep for 5 seconds before rerunning in org/terraswarm/accessor.  Test is: /home/travis/build/icyphy/ptII/org/terraswarm/accessor/test/auto/Derived4.xml
709 ms. Memory: 887808K Free: 455866K (51%)
----------------- testing again /home/travis/build/icyphy/ptII/org/terraswarm/accessor/test/auto/Derived4.xml
815 ms. Memory: 886784K Free: 639534K (72%)
----------------- Tue Mar 20 21:18:56 UTC 2018 About to sleep for 5 seconds before rerunning in org/terraswarm/accessor.  Test is: /home/travis/build/icyphy/ptII/org/terraswarm/accessor/test/auto/Derived4.xml
reloadAllAccessors: .Derived4
Accessors in test/auto do not typically have documentation, so we are not running jsdoc on file:/home/travis/build/icyphy/ptII/org/terraswarm/accessor/test/auto/accessors/DerivedD.js
----------------- Reloaded Accessors and testing again /home/travis/build/icyphy/ptII/org/terraswarm/accessor/test/auto/Derived4.xml
737 ms. Memory: 886784K Free: 350671K (40%)
----------------- testing /home/travis/build/icyphy/ptII/org/terraswarm/accessor/test/auto/Derived5.xml
----------------- Tue Mar 20 21:19:02 UTC 2018 About to sleep for 5 seconds before rerunning in org/terraswarm/accessor.  Test is: /home/travis/build/icyphy/ptII/org/terraswarm/accessor/test/auto/Derived5.xml
767 ms. Memory: 891904K Free: 433912K (49%)
----------------- testing again /home/travis/build/icyphy/ptII/org/terraswarm/accessor/test/auto/Derived5.xml
680 ms. Memory: 891904K Free: 229516K (26%)
----------------- Tue Mar 20 21:19:09 UTC 2018 About to sleep for 5 seconds before rerunning in org/terraswarm/accessor.  Test is: /home/travis/build/icyphy/ptII/org/terraswarm/accessor/test/auto/Derived5.xml
reloadAllAccessors: .Derived5
Accessors in test/auto do not typically have documentation, so we are not running jsdoc on file:/home/travis/build/icyphy/ptII/org/terraswarm/accessor/test/auto/accessors/DerivedE.js
----------------- Reloaded Accessors and testing again /home/travis/build/icyphy/ptII/org/terraswarm/accessor/test/auto/Derived5.xml
751 ms. Memory: 892416K Free: 347356K (39%)
----------------- testing /home/travis/build/icyphy/ptII/org/terraswarm/accessor/test/auto/Derived6.xml
----------------- Tue Mar 20 21:19:15 UTC 2018 About to sleep for 5 seconds before rerunning in org/terraswarm/accessor.  Test is: /home/travis/build/icyphy/ptII/org/terraswarm/accessor/test/auto/Derived6.xml
784 ms. Memory: 897536K Free: 435870K (49%)
----------------- testing again /home/travis/build/icyphy/ptII/org/terraswarm/accessor/test/auto/Derived6.xml
731 ms. Memory: 897536K Free: 230267K (26%)
----------------- Tue Mar 20 21:19:22 UTC 2018 About to sleep for 5 seconds before rerunning in org/terraswarm/accessor.  Test is: /home/travis/build/icyphy/ptII/org/terraswarm/accessor/test/auto/Derived6.xml
reloadAllAccessors: .Derived6
Accessors in test/auto do not typically have documentation, so we are not running jsdoc on file:/home/travis/build/icyphy/ptII/org/terraswarm/accessor/test/auto/accessors/DerivedF.js
----------------- Reloaded Accessors and testing again /home/travis/build/icyphy/ptII/org/terraswarm/accessor/test/auto/Derived6.xml
1138 ms. Memory: 885760K Free: 587465K (66%)
----------------- testing /home/travis/build/icyphy/ptII/org/terraswarm/accessor/test/auto/Derived8.xml
----------------- Tue Mar 20 21:19:28 UTC 2018 About to sleep for 5 seconds before rerunning in org/terraswarm/accessor.  Test is: /home/travis/build/icyphy/ptII/org/terraswarm/accessor/test/auto/Derived8.xml
780 ms. Memory: 890880K Free: 678016K (76%)
----------------- testing again /home/travis/build/icyphy/ptII/org/terraswarm/accessor/test/auto/Derived8.xml
784 ms. Memory: 890880K Free: 466172K (52%)
----------------- Tue Mar 20 21:19:35 UTC 2018 About to sleep for 5 seconds before rerunning in org/terraswarm/accessor.  Test is: /home/travis/build/icyphy/ptII/org/terraswarm/accessor/test/auto/Derived8.xml
reloadAllAccessors: .Derived8
Accessors in test/auto do not typically have documentation, so we are not running jsdoc on file:/home/travis/build/icyphy/ptII/org/terraswarm/accessor/test/auto/accessors/DerivedH.js
----------------- Reloaded Accessors and testing again /home/travis/build/icyphy/ptII/org/terraswarm/accessor/test/auto/Derived8.xml
773 ms. Memory: 893440K Free: 603648K (68%)
----------------- testing /home/travis/build/icyphy/ptII/org/terraswarm/accessor/test/auto/Derived9.xml
----------------- Tue Mar 20 21:19:41 UTC 2018 About to sleep for 5 seconds before rerunning in org/terraswarm/accessor.  Test is: /home/travis/build/icyphy/ptII/org/terraswarm/accessor/test/auto/Derived9.xml
749 ms. Memory: 893440K Free: 263618K (30%)
----------------- testing again /home/travis/build/icyphy/ptII/org/terraswarm/accessor/test/auto/Derived9.xml
851 ms. Memory: 898560K Free: 490572K (55%)
----------------- Tue Mar 20 21:19:48 UTC 2018 About to sleep for 5 seconds before rerunning in org/terraswarm/accessor.  Test is: /home/travis/build/icyphy/ptII/org/terraswarm/accessor/test/auto/Derived9.xml
reloadAllAccessors: .Derived9
Accessors in test/auto do not typically have documentation, so we are not running jsdoc on file:/home/travis/build/icyphy/ptII/org/terraswarm/accessor/test/auto/accessors/DerivedI.js
----------------- Reloaded Accessors and testing again /home/travis/build/icyphy/ptII/org/terraswarm/accessor/test/auto/Derived9.xml
859 ms. Memory: 898560K Free: 626816K (70%)
----------------- testing /home/travis/build/icyphy/ptII/org/terraswarm/accessor/test/auto/DerivedAgain.xml
----------------- Tue Mar 20 21:19:55 UTC 2018 About to sleep for 5 seconds before rerunning in org/terraswarm/accessor.  Test is: /home/travis/build/icyphy/ptII/org/terraswarm/accessor/test/auto/DerivedAgain.xml
1636 ms. Memory: 898560K Free: 293412K (33%)
----------------- testing again /home/travis/build/icyphy/ptII/org/terraswarm/accessor/test/auto/DerivedAgain.xml
1715 ms. Memory: 904192K Free: 539285K (60%)
----------------- Tue Mar 20 21:20:03 UTC 2018 About to sleep for 5 seconds before rerunning in org/terraswarm/accessor.  Test is: /home/travis/build/icyphy/ptII/org/terraswarm/accessor/test/auto/DerivedAgain.xml
reloadAllAccessors: .DerivedAgain
Accessors in test/auto do not typically have documentation, so we are not running jsdoc on file:/home/travis/build/icyphy/ptII/org/terraswarm/accessor/test/auto/accessors/DerivedAgainA.js
----------------- Reloaded Accessors and testing again /home/travis/build/icyphy/ptII/org/terraswarm/accessor/test/auto/DerivedAgain.xml
1662 ms. Memory: 904192K Free: 248943K (28%)
----------------- testing /home/travis/build/icyphy/ptII/org/terraswarm/accessor/test/auto/DerivedAgain2.xml
----------------- Tue Mar 20 21:20:10 UTC 2018 About to sleep for 5 seconds before rerunning in org/terraswarm/accessor.  Test is: /home/travis/build/icyphy/ptII/org/terraswarm/accessor/test/auto/DerivedAgain2.xml
1776 ms. Memory: 905728K Free: 362998K (40%)
----------------- testing again /home/travis/build/icyphy/ptII/org/terraswarm/accessor/test/auto/DerivedAgain2.xml
1674 ms. Memory: 905728K Free: 155656K (17%)
----------------- Tue Mar 20 21:20:19 UTC 2018 About to sleep for 5 seconds before rerunning in org/terraswarm/accessor.  Test is: /home/travis/build/icyphy/ptII/org/terraswarm/accessor/test/auto/DerivedAgain2.xml
reloadAllAccessors: .DerivedAgain2
Accessors in test/auto do not typically have documentation, so we are not running jsdoc on file:/home/travis/build/icyphy/ptII/org/terraswarm/accessor/test/auto/accessors/DerivedAgainB.js
----------------- Reloaded Accessors and testing again /home/travis/build/icyphy/ptII/org/terraswarm/accessor/test/auto/DerivedAgain2.xml
1694 ms. Memory: 911360K Free: 330365K (36%)
----------------- testing /home/travis/build/icyphy/ptII/org/terraswarm/accessor/test/auto/DerivedAgain4.xml
----------------- Tue Mar 20 21:20:26 UTC 2018 About to sleep for 5 seconds before rerunning in org/terraswarm/accessor.  Test is: /home/travis/build/icyphy/ptII/org/terraswarm/accessor/test/auto/DerivedAgain4.xml
1145 ms. Memory: 943104K Free: 756004K (80%)
----------------- testing again /home/travis/build/icyphy/ptII/org/terraswarm/accessor/test/auto/DerivedAgain4.xml
854 ms. Memory: 943104K Free: 542728K (58%)
----------------- Tue Mar 20 21:20:34 UTC 2018 About to sleep for 5 seconds before rerunning in org/terraswarm/accessor.  Test is: /home/travis/build/icyphy/ptII/org/terraswarm/accessor/test/auto/DerivedAgain4.xml
reloadAllAccessors: .DerivedAgain4
Accessors in test/auto do not typically have documentation, so we are not running jsdoc on file:/home/travis/build/icyphy/ptII/org/terraswarm/accessor/test/auto/accessors/DerivedAgainD.js
----------------- Reloaded Accessors and testing again /home/travis/build/icyphy/ptII/org/terraswarm/accessor/test/auto/DerivedAgain4.xml
822 ms. Memory: 902656K Free: 662945K (73%)
----------------- testing /home/travis/build/icyphy/ptII/org/terraswarm/accessor/test/auto/DerivedAgain5.xml
----------------- Tue Mar 20 21:20:40 UTC 2018 About to sleep for 5 seconds before rerunning in org/terraswarm/accessor.  Test is: /home/travis/build/icyphy/ptII/org/terraswarm/accessor/test/auto/DerivedAgain5.xml
734 ms. Memory: 902656K Free: 317312K (35%)
----------------- testing again /home/travis/build/icyphy/ptII/org/terraswarm/accessor/test/auto/DerivedAgain5.xml
831 ms. Memory: 940544K Free: 589877K (63%)
----------------- Tue Mar 20 21:20:47 UTC 2018 About to sleep for 5 seconds before rerunning in org/terraswarm/accessor.  Test is: /home/travis/build/icyphy/ptII/org/terraswarm/accessor/test/auto/DerivedAgain5.xml
reloadAllAccessors: .DerivedAgain5
Accessors in test/auto do not typically have documentation, so we are not running jsdoc on file:/home/travis/build/icyphy/ptII/org/terraswarm/accessor/test/auto/accessors/DerivedAgainE.js
----------------- Reloaded Accessors and testing again /home/travis/build/icyphy/ptII/org/terraswarm/accessor/test/auto/DerivedAgain5.xml
784 ms. Memory: 940544K Free: 288373K (31%)
----------------- testing /home/travis/build/icyphy/ptII/org/terraswarm/accessor/test/auto/GetDate.xml
----------------- Tue Mar 20 21:20:53 UTC 2018 About to sleep for 5 seconds before rerunning in org/terraswarm/accessor.  Test is: /home/travis/build/icyphy/ptII/org/terraswarm/accessor/test/auto/GetDate.xml
REST: Making an HTTP request. (Thread[GetDate,1,main])
6104 ms. Memory: 949760K Free: 212117K (22%)
----------------- testing again /home/travis/build/icyphy/ptII/org/terraswarm/accessor/test/auto/GetDate.xml
REST: Making an HTTP request. (Thread[Thread-101,5,main])
5826 ms. Memory: 984064K Free: 687482K (70%)
----------------- testing /home/travis/build/icyphy/ptII/org/terraswarm/accessor/test/auto/HandlerWithSuppress.xml
----------------- Tue Mar 20 21:21:13 UTC 2018 About to sleep for 5 seconds before rerunning in org/terraswarm/accessor.  Test is: /home/travis/build/icyphy/ptII/org/terraswarm/accessor/test/auto/HandlerWithSuppress.xml
20721 ms. Memory: 984064K Free: 361741K (37%)
----------------- testing again /home/travis/build/icyphy/ptII/org/terraswarm/accessor/test/auto/HandlerWithSuppress.xml
20672 ms. Memory: 989696K Free: 644868K (65%)
----------------- Tue Mar 20 21:22:00 UTC 2018 About to sleep for 5 seconds before rerunning in org/terraswarm/accessor.  Test is: /home/travis/build/icyphy/ptII/org/terraswarm/accessor/test/auto/HandlerWithSuppress.xml
reloadAllAccessors: .HandlerWithSuppress
Accessors in test/auto do not typically have documentation, so we are not running jsdoc on file:/home/travis/build/icyphy/ptII/org/terraswarm/accessor/test/auto/accessors/HandlerWithSuppress.js
----------------- Reloaded Accessors and testing again /home/travis/build/icyphy/ptII/org/terraswarm/accessor/test/auto/HandlerWithSuppress.xml
20582 ms. Memory: 989696K Free: 363791K (37%)
----------------- testing /home/travis/build/icyphy/ptII/org/terraswarm/accessor/test/auto/HttpRequest.xml
----------------- Tue Mar 20 21:22:25 UTC 2018 About to sleep for 5 seconds before rerunning in org/terraswarm/accessor.  Test is: /home/travis/build/icyphy/ptII/org/terraswarm/accessor/test/auto/HttpRequest.xml
884 ms. Memory: 988160K Free: 530693K (54%)
----------------- testing again /home/travis/build/icyphy/ptII/org/terraswarm/accessor/test/auto/HttpRequest.xml
826 ms. Memory: 988160K Free: 328914K (33%)
----------------- Tue Mar 20 21:22:32 UTC 2018 About to sleep for 5 seconds before rerunning in org/terraswarm/accessor.  Test is: /home/travis/build/icyphy/ptII/org/terraswarm/accessor/test/auto/HttpRequest.xml
reloadAllAccessors: .HttpRequest
----------------- Reloaded Accessors and testing again /home/travis/build/icyphy/ptII/org/terraswarm/accessor/test/auto/HttpRequest.xml
1183 ms. Memory: 993792K Free: 542470K (55%)
----------------- testing /home/travis/build/icyphy/ptII/org/terraswarm/accessor/test/auto/JSON.xml
----------------- Tue Mar 20 21:22:39 UTC 2018 About to sleep for 5 seconds before rerunning in org/terraswarm/accessor.  Test is: /home/travis/build/icyphy/ptII/org/terraswarm/accessor/test/auto/JSON.xml
JavaScript: { data: 1 } (Thread[JSON,1,main])
JavaScript3: 1 (Thread[JSON,1,main])
2298 ms. Memory: 992768K Free: 409832K (41%)
----------------- testing again /home/travis/build/icyphy/ptII/org/terraswarm/accessor/test/auto/JSON.xml
JavaScript: { data: 1 } (Thread[Thread-115,5,main])
JavaScript3: 1 (Thread[Thread-115,5,main])
2685 ms. Memory: 1016320K Free: 785065K (77%)
----------------- Tue Mar 20 21:22:50 UTC 2018 About to sleep for 5 seconds before rerunning in org/terraswarm/accessor.  Test is: /home/travis/build/icyphy/ptII/org/terraswarm/accessor/test/auto/JSON.xml
reloadAllAccessors: .JSON
----------------- testing /home/travis/build/icyphy/ptII/org/terraswarm/accessor/test/auto/ReadURL.xml
----------------- Tue Mar 20 21:22:55 UTC 2018 About to sleep for 5 seconds before rerunning in org/terraswarm/accessor.  Test is: /home/travis/build/icyphy/ptII/org/terraswarm/accessor/test/auto/ReadURL.xml
11916 ms. Memory: 1015296K Free: 336508K (33%)
----------------- testing again /home/travis/build/icyphy/ptII/org/terraswarm/accessor/test/auto/ReadURL.xml
12146 ms. Memory: 1017856K Free: 734228K (72%)
----------------- Tue Mar 20 21:23:25 UTC 2018 About to sleep for 5 seconds before rerunning in org/terraswarm/accessor.  Test is: /home/travis/build/icyphy/ptII/org/terraswarm/accessor/test/auto/ReadURL.xml
reloadAllAccessors: .ReadURL
----------------- Reloaded Accessors and testing again /home/travis/build/icyphy/ptII/org/terraswarm/accessor/test/auto/ReadURL.xml
11815 ms. Memory: 1020416K Free: 477866K (47%)
----------------- testing /home/travis/build/icyphy/ptII/org/terraswarm/accessor/test/auto/SendNullToOwnInput.xml
----------------- Tue Mar 20 21:23:42 UTC 2018 About to sleep for 5 seconds before rerunning in org/terraswarm/accessor.  Test is: /home/travis/build/icyphy/ptII/org/terraswarm/accessor/test/auto/SendNullToOwnInput.xml
20662 ms. Memory: 1012736K Free: 657424K (65%)
----------------- testing again /home/travis/build/icyphy/ptII/org/terraswarm/accessor/test/auto/SendNullToOwnInput.xml
20576 ms. Memory: 1012736K Free: 456832K (45%)
----------------- Tue Mar 20 21:24:29 UTC 2018 About to sleep for 5 seconds before rerunning in org/terraswarm/accessor.  Test is: /home/travis/build/icyphy/ptII/org/terraswarm/accessor/test/auto/SendNullToOwnInput.xml
reloadAllAccessors: .SendNullToOwnInput
----------------- Reloaded Accessors and testing again /home/travis/build/icyphy/ptII/org/terraswarm/accessor/test/auto/SendNullToOwnInput.xml
20607 ms. Memory: 1012736K Free: 179826K (18%)
----------------- testing /home/travis/build/icyphy/ptII/org/terraswarm/accessor/test/auto/Stop.xml
----------------- Tue Mar 20 21:24:55 UTC 2018 About to sleep for 5 seconds before rerunning in org/terraswarm/accessor.  Test is: /home/travis/build/icyphy/ptII/org/terraswarm/accessor/test/auto/Stop.xml
TextDisplayHelper: 0
TextDisplayHelper: 1
TextDisplayHelper: 2
TextDisplayHelper: 3
7041 ms. Memory: 1040896K Free: 718864K (69%)
----------------- testing again /home/travis/build/icyphy/ptII/org/terraswarm/accessor/test/auto/Stop.xml
TextDisplayHelper: 0
TextDisplayHelper: 1
TextDisplayHelper: 2
TextDisplayHelper: 3
6450 ms. Memory: 1040896K Free: 413662K (40%)
----------------- Tue Mar 20 21:25:15 UTC 2018 About to sleep for 5 seconds before rerunning in org/terraswarm/accessor.  Test is: /home/travis/build/icyphy/ptII/org/terraswarm/accessor/test/auto/Stop.xml
reloadAllAccessors: .Stop
----------------- Reloaded Accessors and testing again /home/travis/build/icyphy/ptII/org/terraswarm/accessor/test/auto/Stop.xml
TextDisplayHelper: 0
TextDisplayHelper: 1
TextDisplayHelper: 2
TextDisplayHelper: 3
6948 ms. Memory: 1041408K Free: 379439K (36%)
----------------- testing /home/travis/build/icyphy/ptII/org/terraswarm/accessor/test/auto/Stop2.xml
----------------- Tue Mar 20 21:25:27 UTC 2018 About to sleep for 5 seconds before rerunning in org/terraswarm/accessor.  Test is: /home/travis/build/icyphy/ptII/org/terraswarm/accessor/test/auto/Stop2.xml
2728 ms. Memory: 1042432K Free: 578878K (56%)
----------------- testing again /home/travis/build/icyphy/ptII/org/terraswarm/accessor/test/auto/Stop2.xml
2742 ms. Memory: 1042432K Free: 387478K (37%)
----------------- Tue Mar 20 21:25:38 UTC 2018 About to sleep for 5 seconds before rerunning in org/terraswarm/accessor.  Test is: /home/travis/build/icyphy/ptII/org/terraswarm/accessor/test/auto/Stop2.xml
reloadAllAccessors: .Stop2
----------------- Reloaded Accessors and testing again /home/travis/build/icyphy/ptII/org/terraswarm/accessor/test/auto/Stop2.xml
2878 ms. Memory: 1039360K Free: 627368K (60%)
]]></system-out>
  <system-err><![CDATA[[vert.x-eventloop-thread-0] WARN io.netty.util.internal.MacAddressUtil - Failed to find a usable hardware address from the network interfaces; using random bytes: ef:f6:f8:b3:9e:48:36:c1
WARNING: WebSocketServer: Model stopped before executing actions (e.g. producing outputs) scheduled for execution at times [0.256, 0.255]
WARNING: WebSocketServer: Model stopped before executing actions (e.g. producing outputs) scheduled for execution at times [0.138, 0.139]
WARNING: Invoking send() too late (probably in a callback), so WebSocketServer is not able to send the token {socketID = 0, status = "closed"} to the output connection. Token is discarded.
WARNING: WebSocketServer: Model stopped before executing actions (e.g. producing outputs) scheduled for execution at times [0.495]
WARNING: CallbackWithSuppress: Model stopped before executing actions (e.g. producing outputs) scheduled for execution at times [21.0]
WARNING: CallbackWithSuppress: Model stopped before executing actions (e.g. producing outputs) scheduled for execution at times [21.0]
WARNING: CallbackWithSuppress: Model stopped before executing actions (e.g. producing outputs) scheduled for execution at times [21.0]
WARNING: HandlerWithSuppress: Model stopped before executing actions (e.g. producing outputs) scheduled for execution at times [21.0]
WARNING: HandlerWithSuppress: Model stopped before executing actions (e.g. producing outputs) scheduled for execution at times [21.0]
WARNING: HandlerWithSuppress: Model stopped before executing actions (e.g. producing outputs) scheduled for execution at times [21.0]
WARNING: TestSpontaneous: Model stopped before executing actions (e.g. producing outputs) scheduled for execution at times [5.0]
WARNING: TestSpontaneous: Model stopped before executing actions (e.g. producing outputs) scheduled for execution at times [5.0]
WARNING: TestSpontaneous: Model stopped before executing actions (e.g. producing outputs) scheduled for execution at times [5.0]
]]></system-err>
</testsuite>
