<?xml version="1.0" encoding="UTF-8" ?>
<testsuite errors="0" failures="0" hostname="travis-job-8136c6ae-c04d-4f13-b70a-6cc8a4c3a20f" name="ptolemy.domains.de.test.junit.JUnitTclTest" skipped="0" tests="101" time="123.304" timestamp="2018-05-29T01:18:09">
  <properties>
[...]
</properties>
  <testcase classname="ptolemy.util.test.junit.TclTests" name="[0] /home/travis/build/icyphy/ptII/ptolemy/domains/de/test/DependencyLoop.tcl (RunTclFile)" time="0.707" />
  <testcase classname="ptolemy.util.test.junit.TclTests" name="[1] /home/travis/build/icyphy/ptII/ptolemy/domains/de/test/RunDETestsAsQSS.tcl (RunTclFile)" time="83.872" />
  <testcase classname="ptolemy.util.test.junit.AutoKnownFailedTests" name="[0] /home/travis/build/icyphy/ptII/ptolemy/domains/de/test/auto/knownFailedTests/DESDFClockTest.xml (RunModel)" time="2.029" />
  <testcase classname="ptolemy.util.test.junit.AutoKnownFailedTests" name="[1] /home/travis/build/icyphy/ptII/ptolemy/domains/de/test/auto/knownFailedTests/DirectFeedback.xml (RunModel)" time="0.012" />
  <testcase classname="ptolemy.util.test.junit.AutoKnownFailedTests" name="[2] /home/travis/build/icyphy/ptII/ptolemy/domains/de/test/auto/knownFailedTests/FSMSource.xml (RunModel)" time="0.015" />
  <testcase classname="ptolemy.util.test.junit.AutoKnownFailedTests" name="[3] /home/travis/build/icyphy/ptII/ptolemy/domains/de/test/auto/knownFailedTests/HierarchicalModel.xml (RunModel)" time="0.028" />
  <testcase classname="ptolemy.util.test.junit.AutoKnownFailedTests" name="[4] /home/travis/build/icyphy/ptII/ptolemy/domains/de/test/auto/knownFailedTests/dependencyLoop.xml (RunModel)" time="0.026" />
  <testcase classname="ptolemy.util.test.junit.AutoKnownFailedTests" name="[5] /home/travis/build/icyphy/ptII/ptolemy/domains/de/test/auto/knownFailedTests/dependencyLoop2.xml (RunModel)" time="0.03" />
  <testcase classname="ptolemy.util.test.junit.AutoNameArchTests" name="[0] ThereAreNoAutoTests (RunModel)" time="0.001" />
  <testcase classname="ptolemy.util.test.junit.AutoTests" name="[0] /home/travis/build/icyphy/ptII/ptolemy/domains/de/test/auto/ActorDepthCalculation_actorWithoutPorts.xml (RunModel)" time="0.018" />
  <testcase classname="ptolemy.util.test.junit.AutoTests" name="[1] /home/travis/build/icyphy/ptII/ptolemy/domains/de/test/auto/AssemblyLine.xml (RunModel)" time="0.01" />
  <testcase classname="ptolemy.util.test.junit.AutoTests" name="[2] /home/travis/build/icyphy/ptII/ptolemy/domains/de/test/auto/CQBug1.xml (RunModel)" time="0.005" />
  <testcase classname="ptolemy.util.test.junit.AutoTests" name="[3] /home/travis/build/icyphy/ptII/ptolemy/domains/de/test/auto/CancelFireAt.xml (RunModel)" time="0.004" />
  <testcase classname="ptolemy.util.test.junit.AutoTests" name="[4] /home/travis/build/icyphy/ptII/ptolemy/domains/de/test/auto/CausalityAndComposabilityAnalysis.xml (RunModel)" time="0.02" />
  <testcase classname="ptolemy.util.test.junit.AutoTests" name="[5] /home/travis/build/icyphy/ptII/ptolemy/domains/de/test/auto/CausalityInterface1.xml (RunModel)" time="0.01" />
  <testcase classname="ptolemy.util.test.junit.AutoTests" name="[6] /home/travis/build/icyphy/ptII/ptolemy/domains/de/test/auto/CausalityInterface15.xml (RunModel)" time="0.014" />
  <testcase classname="ptolemy.util.test.junit.AutoTests" name="[7] /home/travis/build/icyphy/ptII/ptolemy/domains/de/test/auto/CausalityInterface2.xml (RunModel)" time="0.008" />
  <testcase classname="ptolemy.util.test.junit.AutoTests" name="[8] /home/travis/build/icyphy/ptII/ptolemy/domains/de/test/auto/CausalityInterface3.xml (RunModel)" time="0.009" />
  <testcase classname="ptolemy.util.test.junit.AutoTests" name="[9] /home/travis/build/icyphy/ptII/ptolemy/domains/de/test/auto/ClockDrift.xml (RunModel)" time="0.023" />
  <testcase classname="ptolemy.util.test.junit.AutoTests" name="[10] /home/travis/build/icyphy/ptII/ptolemy/domains/de/test/auto/ClockDriftAndValueChange.xml (RunModel)" time="0.021" />
  <testcase classname="ptolemy.util.test.junit.AutoTests" name="[11] /home/travis/build/icyphy/ptII/ptolemy/domains/de/test/auto/ClockDriftChange.xml (RunModel)" time="0.018" />
  <testcase classname="ptolemy.util.test.junit.AutoTests" name="[12] /home/travis/build/icyphy/ptII/ptolemy/domains/de/test/auto/ComposableCausalityAnalysis.xml (RunModel)" time="0.013" />
  <testcase classname="ptolemy.util.test.junit.AutoTests" name="[13] /home/travis/build/icyphy/ptII/ptolemy/domains/de/test/auto/DEFixedPointLimitation.xml (RunModel)" time="0.006" />
  <testcase classname="ptolemy.util.test.junit.AutoTests" name="[14] /home/travis/build/icyphy/ptII/ptolemy/domains/de/test/auto/DEScheduleTest.xml (RunModel)" time="0.008" />
  <testcase classname="ptolemy.util.test.junit.AutoTests" name="[15] /home/travis/build/icyphy/ptII/ptolemy/domains/de/test/auto/DEinDEwithStartTimes.xml (RunModel)" time="0.009" />
  <testcase classname="ptolemy.util.test.junit.AutoTests" name="[16] /home/travis/build/icyphy/ptII/ptolemy/domains/de/test/auto/DEinDEwithStartTimes2.xml (RunModel)" time="0.01" />
  <testcase classname="ptolemy.util.test.junit.AutoTests" name="[17] /home/travis/build/icyphy/ptII/ptolemy/domains/de/test/auto/DateDemo.xml (RunModel)" time="0.018" />
  <testcase classname="ptolemy.util.test.junit.AutoTests" name="[18] /home/travis/build/icyphy/ptII/ptolemy/domains/de/test/auto/DateToEvent.xml (RunModel)" time="2.026" />
  <testcase classname="ptolemy.util.test.junit.AutoTests" name="[19] /home/travis/build/icyphy/ptII/ptolemy/domains/de/test/auto/DepthTest1.xml (RunModel)" time="0.008" />
  <testcase classname="ptolemy.util.test.junit.AutoTests" name="[20] /home/travis/build/icyphy/ptII/ptolemy/domains/de/test/auto/DepthTest2.xml (RunModel)" time="0.016" />
  <testcase classname="ptolemy.util.test.junit.AutoTests" name="[21] /home/travis/build/icyphy/ptII/ptolemy/domains/de/test/auto/DepthTest3.xml (RunModel)" time="0.009" />
  <testcase classname="ptolemy.util.test.junit.AutoTests" name="[22] /home/travis/build/icyphy/ptII/ptolemy/domains/de/test/auto/DepthTest4.xml (RunModel)" time="0.011" />
  <testcase classname="ptolemy.util.test.junit.AutoTests" name="[23] /home/travis/build/icyphy/ptII/ptolemy/domains/de/test/auto/DepthTest5.xml (RunModel)" time="0.012" />
  <testcase classname="ptolemy.util.test.junit.AutoTests" name="[24] /home/travis/build/icyphy/ptII/ptolemy/domains/de/test/auto/DepthTest6.xml (RunModel)" time="0.012" />
  <testcase classname="ptolemy.util.test.junit.AutoTests" name="[25] /home/travis/build/icyphy/ptII/ptolemy/domains/de/test/auto/DepthTest7.xml (RunModel)" time="0.01" />
  <testcase classname="ptolemy.util.test.junit.AutoTests" name="[26] /home/travis/build/icyphy/ptII/ptolemy/domains/de/test/auto/EventToDate.xml (RunModel)" time="3.033" />
  <testcase classname="ptolemy.util.test.junit.AutoTests" name="[27] /home/travis/build/icyphy/ptII/ptolemy/domains/de/test/auto/FSM1.xml (RunModel)" time="0.037" />
  <testcase classname="ptolemy.util.test.junit.AutoTests" name="[28] /home/travis/build/icyphy/ptII/ptolemy/domains/de/test/auto/FSM7.xml (RunModel)" time="0.041" />
  <testcase classname="ptolemy.util.test.junit.AutoTests" name="[29] /home/travis/build/icyphy/ptII/ptolemy/domains/de/test/auto/Inspection.xml (RunModel)" time="0.035" />
  <testcase classname="ptolemy.util.test.junit.AutoTests" name="[30] /home/travis/build/icyphy/ptII/ptolemy/domains/de/test/auto/Iteration.xml (RunModel)" time="0.017" />
  <testcase classname="ptolemy.util.test.junit.AutoTests" name="[31] /home/travis/build/icyphy/ptII/ptolemy/domains/de/test/auto/LineFault.xml (RunModel)" time="0.551" />
  <testcase classname="ptolemy.util.test.junit.AutoTests" name="[32] /home/travis/build/icyphy/ptII/ptolemy/domains/de/test/auto/MergeModel1Add.xml (RunModel)" time="0.035" />
  <testcase classname="ptolemy.util.test.junit.AutoTests" name="[33] /home/travis/build/icyphy/ptII/ptolemy/domains/de/test/auto/MergeModel2Add.xml (RunModel)" time="0.031" />
  <testcase classname="ptolemy.util.test.junit.AutoTests" name="[34] /home/travis/build/icyphy/ptII/ptolemy/domains/de/test/auto/MergeModel3Add.xml (RunModel)" time="0.037" />
  <testcase classname="ptolemy.util.test.junit.AutoTests" name="[35] /home/travis/build/icyphy/ptII/ptolemy/domains/de/test/auto/MergeWithoutDiscard.xml (RunModel)" time="0.011" />
  <testcase classname="ptolemy.util.test.junit.AutoTests" name="[36] /home/travis/build/icyphy/ptII/ptolemy/domains/de/test/auto/Modal1.xml (RunModel)" time="0.038" />
  <testcase classname="ptolemy.util.test.junit.AutoTests" name="[37] /home/travis/build/icyphy/ptII/ptolemy/domains/de/test/auto/Modal2.xml (RunModel)" time="0.029" />
  <testcase classname="ptolemy.util.test.junit.AutoTests" name="[38] /home/travis/build/icyphy/ptII/ptolemy/domains/de/test/auto/Modal3.xml (RunModel)" time="0.029" />
  <testcase classname="ptolemy.util.test.junit.AutoTests" name="[39] /home/travis/build/icyphy/ptII/ptolemy/domains/de/test/auto/Modal4.xml (RunModel)" time="0.028" />
  <testcase classname="ptolemy.util.test.junit.AutoTests" name="[40] /home/travis/build/icyphy/ptII/ptolemy/domains/de/test/auto/Modal5.xml (RunModel)" time="0.026" />
  <testcase classname="ptolemy.util.test.junit.AutoTests" name="[41] /home/travis/build/icyphy/ptII/ptolemy/domains/de/test/auto/Modal6.xml (RunModel)" time="0.026" />
  <testcase classname="ptolemy.util.test.junit.AutoTests" name="[42] /home/travis/build/icyphy/ptII/ptolemy/domains/de/test/auto/Modal7.xml (RunModel)" time="0.028" />
  <testcase classname="ptolemy.util.test.junit.AutoTests" name="[43] /home/travis/build/icyphy/ptII/ptolemy/domains/de/test/auto/ModalModel.xml (RunModel)" time="0.157" />
  <testcase classname="ptolemy.util.test.junit.AutoTests" name="[44] /home/travis/build/icyphy/ptII/ptolemy/domains/de/test/auto/ModalSource.xml (RunModel)" time="0.017" />
  <testcase classname="ptolemy.util.test.junit.AutoTests" name="[45] /home/travis/build/icyphy/ptII/ptolemy/domains/de/test/auto/NonInterruptibleTimerZeroDelay.xml (RunModel)" time="0.01" />
  <testcase classname="ptolemy.util.test.junit.AutoTests" name="[46] /home/travis/build/icyphy/ptII/ptolemy/domains/de/test/auto/OpenQueueingNetwork.xml (RunModel)" time="1.793" />
  <testcase classname="ptolemy.util.test.junit.AutoTests" name="[47] /home/travis/build/icyphy/ptII/ptolemy/domains/de/test/auto/OpenQueuingNetwork.xml (RunModel)" time="0.209" />
  <testcase classname="ptolemy.util.test.junit.AutoTests" name="[48] /home/travis/build/icyphy/ptII/ptolemy/domains/de/test/auto/PeriodicSampler.xml (RunModel)" time="0.01" />
  <testcase classname="ptolemy.util.test.junit.AutoTests" name="[49] /home/travis/build/icyphy/ptII/ptolemy/domains/de/test/auto/PersistentIO.xml (RunModel)" time="0.015" />
  <testcase classname="ptolemy.util.test.junit.AutoTests" name="[50] /home/travis/build/icyphy/ptII/ptolemy/domains/de/test/auto/PortParameterResetOnInitialize.xml (RunModel)" time="0.009" />
  <testcase classname="ptolemy.util.test.junit.AutoTests" name="[51] /home/travis/build/icyphy/ptII/ptolemy/domains/de/test/auto/PortParameterUpdates.xml (RunModel)" time="0.013" />
  <testcase classname="ptolemy.util.test.junit.AutoTests" name="[52] /home/travis/build/icyphy/ptII/ptolemy/domains/de/test/auto/QueueAndServer.xml (RunModel)" time="0.018" />
  <testcase classname="ptolemy.util.test.junit.AutoTests" name="[53] /home/travis/build/icyphy/ptII/ptolemy/domains/de/test/auto/Records.xml (RunModel)" time="0.012" />
  <testcase classname="ptolemy.util.test.junit.AutoTests" name="[54] /home/travis/build/icyphy/ptII/ptolemy/domains/de/test/auto/ResetTransitionWithStartTime1.xml (RunModel)" time="0.016" />
  <testcase classname="ptolemy.util.test.junit.AutoTests" name="[55] /home/travis/build/icyphy/ptII/ptolemy/domains/de/test/auto/ResetTransitionWithStartTime2.xml (RunModel)" time="0.015" />
  <testcase classname="ptolemy.util.test.junit.AutoTests" name="[56] /home/travis/build/icyphy/ptII/ptolemy/domains/de/test/auto/ResetTransitionWithStartTime3.xml (RunModel)" time="0.017" />
  <testcase classname="ptolemy.util.test.junit.AutoTests" name="[57] /home/travis/build/icyphy/ptII/ptolemy/domains/de/test/auto/ResetTransitionWithStartTime4.xml (RunModel)" time="0.016" />
  <testcase classname="ptolemy.util.test.junit.AutoTests" name="[58] /home/travis/build/icyphy/ptII/ptolemy/domains/de/test/auto/ResettableTimer1.xml (RunModel)" time="0.009" />
  <testcase classname="ptolemy.util.test.junit.AutoTests" name="[59] /home/travis/build/icyphy/ptII/ptolemy/domains/de/test/auto/ResettableTimer2.xml (RunModel)" time="0.009" />
  <testcase classname="ptolemy.util.test.junit.AutoTests" name="[60] /home/travis/build/icyphy/ptII/ptolemy/domains/de/test/auto/ResettableTimer3.xml (RunModel)" time="0.008" />
  <testcase classname="ptolemy.util.test.junit.AutoTests" name="[61] /home/travis/build/icyphy/ptII/ptolemy/domains/de/test/auto/ResettableTimer4.xml (RunModel)" time="0.008" />
  <testcase classname="ptolemy.util.test.junit.AutoTests" name="[62] /home/travis/build/icyphy/ptII/ptolemy/domains/de/test/auto/ResettableTimer5.xml (RunModel)" time="0.009" />
  <testcase classname="ptolemy.util.test.junit.AutoTests" name="[63] /home/travis/build/icyphy/ptII/ptolemy/domains/de/test/auto/ResettableTimer6.xml (RunModel)" time="0.009" />
  <testcase classname="ptolemy.util.test.junit.AutoTests" name="[64] /home/travis/build/icyphy/ptII/ptolemy/domains/de/test/auto/ServerZeroDelay.xml (RunModel)" time="0.009" />
  <testcase classname="ptolemy.util.test.junit.AutoTests" name="[65] /home/travis/build/icyphy/ptII/ptolemy/domains/de/test/auto/SmartSender.xml (RunModel)" time="3.008" />
  <testcase classname="ptolemy.util.test.junit.AutoTests" name="[66] /home/travis/build/icyphy/ptII/ptolemy/domains/de/test/auto/ThreadedComposite.xml (RunModel)" time="0.407" />
  <testcase classname="ptolemy.util.test.junit.AutoTests" name="[67] /home/travis/build/icyphy/ptII/ptolemy/domains/de/test/auto/Time.xml (RunModel)" time="0.409" />
  <testcase classname="ptolemy.util.test.junit.AutoTests" name="[68] /home/travis/build/icyphy/ptII/ptolemy/domains/de/test/auto/TimeDelayZeroDelay.xml (RunModel)" time="0.012" />
  <testcase classname="ptolemy.util.test.junit.AutoTests" name="[69] /home/travis/build/icyphy/ptII/ptolemy/domains/de/test/auto/TimerZeroDelay.xml (RunModel)" time="0.016" />
  <testcase classname="ptolemy.util.test.junit.AutoTests" name="[70] /home/travis/build/icyphy/ptII/ptolemy/domains/de/test/auto/TimingParadox.xml (RunModel)" time="0.34" />
  <testcase classname="ptolemy.util.test.junit.AutoTests" name="[71] /home/travis/build/icyphy/ptII/ptolemy/domains/de/test/auto/TransferInputs.xml (RunModel)" time="0.015" />
  <testcase classname="ptolemy.util.test.junit.AutoTests" name="[72] /home/travis/build/icyphy/ptII/ptolemy/domains/de/test/auto/TransferOutputs2.xml (RunModel)" time="0.014" />
  <testcase classname="ptolemy.util.test.junit.AutoTests" name="[73] /home/travis/build/icyphy/ptII/ptolemy/domains/de/test/auto/Trilateration.xml (RunModel)" time="11.32" />
  <testcase classname="ptolemy.util.test.junit.AutoTests" name="[74] /home/travis/build/icyphy/ptII/ptolemy/domains/de/test/auto/TwoSigmaDelta.xml (RunModel)" time="1.853" />
  <testcase classname="ptolemy.util.test.junit.AutoTests" name="[75] /home/travis/build/icyphy/ptII/ptolemy/domains/de/test/auto/VariableDelay.xml (RunModel)" time="0.008" />
  <testcase classname="ptolemy.util.test.junit.AutoTests" name="[76] /home/travis/build/icyphy/ptII/ptolemy/domains/de/test/auto/VariableDelay2.xml (RunModel)" time="0.008" />
  <testcase classname="ptolemy.util.test.junit.AutoTests" name="[77] /home/travis/build/icyphy/ptII/ptolemy/domains/de/test/auto/VariableDelayZeroDelay.xml (RunModel)" time="0.009" />
  <testcase classname="ptolemy.util.test.junit.AutoTests" name="[78] /home/travis/build/icyphy/ptII/ptolemy/domains/de/test/auto/VariableDelayZeroDelay2.xml (RunModel)" time="0.014" />
  <testcase classname="ptolemy.util.test.junit.AutoTests" name="[79] /home/travis/build/icyphy/ptII/ptolemy/domains/de/test/auto/deInCt.xml (RunModel)" time="0.013" />
  <testcase classname="ptolemy.util.test.junit.AutoTests" name="[80] /home/travis/build/icyphy/ptII/ptolemy/domains/de/test/auto/deInCt2.xml (RunModel)" time="0.012" />
  <testcase classname="ptolemy.util.test.junit.AutoTests" name="[81] /home/travis/build/icyphy/ptII/ptolemy/domains/de/test/auto/dynamicCausalityInterface1.xml (RunModel)" time="0.018" />
  <testcase classname="ptolemy.util.test.junit.AutoTests" name="[82] /home/travis/build/icyphy/ptII/ptolemy/domains/de/test/auto/fsm_de_test.xml (RunModel)" time="0.02" />
  <testcase classname="ptolemy.util.test.junit.AutoTests" name="[83] /home/travis/build/icyphy/ptII/ptolemy/domains/de/test/auto/functionDependencyReconstruction.xml (RunModel)" time="0.029" />
  <testcase classname="ptolemy.util.test.junit.AutoTests" name="[84] /home/travis/build/icyphy/ptII/ptolemy/domains/de/test/auto/multirate.xml (RunModel)" time="0.016" />
  <testcase classname="ptolemy.util.test.junit.AutoTests" name="[85] /home/travis/build/icyphy/ptII/ptolemy/domains/de/test/auto/multirate2.xml (RunModel)" time="0.013" />
  <testcase classname="ptolemy.util.test.junit.AutoTests" name="[86] /home/travis/build/icyphy/ptII/ptolemy/domains/de/test/auto/realtime.xml (RunModel)" time="10.01" />
  <testcase classname="ptolemy.util.test.junit.AutoTests" name="[87] /home/travis/build/icyphy/ptII/ptolemy/domains/de/test/auto/relationGroup.xml (RunModel)" time="0.007" />
  <testcase classname="ptolemy.util.test.junit.AutoTests" name="[88] /home/travis/build/icyphy/ptII/ptolemy/domains/de/test/auto/relationGroup2.xml (RunModel)" time="0.006" />
  <testcase classname="ptolemy.util.test.junit.AutoTests" name="[89] /home/travis/build/icyphy/ptII/ptolemy/domains/de/test/auto/sortWithOpaquePorts.xml (RunModel)" time="0.008" />
  <testcase classname="ptolemy.util.test.junit.AutoTests" name="[90] /home/travis/build/icyphy/ptII/ptolemy/domains/de/test/auto/transferInputsandOutputs.xml (RunModel)" time="0.014" />
  <testcase classname="ptolemy.util.test.junit.AutoTests" name="[91] /home/travis/build/icyphy/ptII/ptolemy/domains/de/test/auto/triggerType.xml (RunModel)" time="0.008" />
  <system-out><![CDATA[/home/travis/build/icyphy/ptII/ptolemy/domains/de/test/DependencyLoop.tcl
testDefs.tcl: setting time out to 9000 seconds at Tue May 29 01:18:09 UTC 2018
14 ms. Memory: 116224K Free: 95069K (82%)
9 ms. Memory: 116224K Free: 107648K (93%)
/home/travis/build/icyphy/ptII/ptolemy/domains/de/test/RunDETestsAsQSS.tcl
Run the DE tests using ptolemy.domains.qss.test.QSSDirectorTest, which extends QSSDirector and prints a message in the constructors.
------------------ testing $PTII/ptolemy/domains/de/test/auto/knownFailedTests/dependencyLoop.xml (Known Failure) 
7 ms. Memory: 116224K Free: 104489K (90%)


==== $PTIIhome/travis/build/icyphy/ptII/ptolemy/domains/de/test/../../../../: Auto Automatic test in file $PTII/ptolemy/domains/de/test/auto/knownFailedTests/dependencyLoop.xml
==== Contents of test case:

	    # FIXME: we should use $relativeFilename here, but it
	    # might have backslashes under Windows, which causes no end
	    # of trouble.
	    createAndExecute $file
	    list {}
	
.... Test generated KNOWN error:
    while executing
ptolemy.kernel.util.IllegalActionException: Found a zero delay loop containing .dependencyLoop.original
  in .dependencyLoop and .dependencyLoop.original
	at ptolemy.actor.util.CausalityInterfaceForComposites._computeOutputPortDepth(CausalityInterfaceForComposites.java:759)
	at ptolemy.actor.util.CausalityInterfaceForComposites._computeInputDepth(CausalityInterfaceForComposites.java:696)
	at ptolemy.actor.util.CausalityInterfaceForComposites._computeOutputPortDepth(CausalityInterfaceForComposites.java:765)
	at ptolemy.actor.util.CausalityInterfaceForComposites._computeInputDepth(CausalityInterfaceForComposites.java:696)
	at ptolemy.actor.util.CausalityInterfaceForComposites._computeOutputPortDepth(CausalityInterfaceForComposites.java:765)
	at ptolemy.actor.util.CausalityInterfaceForComposites._computeInputDepth(CausalityInterfaceForComposites.java:696)
	at ptolemy.actor.util.CausalityInterfaceForComposites._computeActorDepth(CausalityInterfaceForComposites.java:532)
	at ptolemy.actor.util.CausalityInterfaceForComposites.checkForCycles(CausalityInterfaceForComposites.java:96)
	at ptolemy.domains.de.kernel.DEDirector.preinitialize(DEDirector.java:1337)
	at ptolemy.actor.CompositeActor.preinitialize(CompositeActor.java:1828)
	at ptolemy.actor.Manager.preinitializeAndResolveTypes(Manager.java:1040)
	at ptolemy.actor.Manager.initialize(Manager.java:710)
	at ptolemy.actor.Manager.execute(Manager.java:356)
	at ptolemy.actor.Manager.run(Manager.java:1263)
	at ptolemy.actor.Manager$PtolemyRunThread.run(Manager.java:1915)

    while executing
ptolemy.kernel.util.IllegalActionException: Found a zero delay loop containing .dependencyLoop.original
  in .dependencyLoop and .dependencyLoop.original
    while executing
"java::new ptolemy.moml.MoMLSimpleApplication $file
"
    (procedure "createAndExecute" line 2)
    invoked from within
"createAndExecute $file"
    ("uplevel" body line 5)
    invoked from within
"uplevel $contents_of_test"
------------------ testing $PTII/ptolemy/domains/de/test/auto/knownFailedTests/DESDFClockTest.xml (Known Failure) 
2062 ms. Memory: 116224K Free: 89639K (77%)


==== $PTIIhome/travis/build/icyphy/ptII/ptolemy/domains/de/test/../../../../: Auto Automatic test in file $PTII/ptolemy/domains/de/test/auto/knownFailedTests/DESDFClockTest.xml
==== Contents of test case:

	    # FIXME: we should use $relativeFilename here, but it
	    # might have backslashes under Windows, which causes no end
	    # of trouble.
	    createAndExecute $file
	    list {}
	
.... Test generated KNOWN error:
    while executing
ptolemy.kernel.util.IllegalActionException: Actor is not ready to fire.  Perhaps UpSample.prefire() returned false? Try debugging the actor by selecting "Listen to Actor".  Also, for SDF check moml for tokenConsumptionRate on input.
  in .DESDFClockTest.Play Bell.Copy1:SDF Director and .DESDFClockTest.Play Bell.UpSample
	at ptolemy.actor.sched.StaticSchedulingDirector.fire(StaticSchedulingDirector.java:227)
	at ptolemy.domains.sdf.kernel.SDFDirector.fire(SDFDirector.java:500)
	at ptolemy.actor.CompositeActor.fire(CompositeActor.java:455)
	at ptolemy.domains.de.kernel.DEDirector._fire(DEDirector.java:1948)
	at ptolemy.domains.de.kernel.DEDirector.fire(DEDirector.java:502)
	at ptolemy.actor.CompositeActor.fire(CompositeActor.java:455)
	at ptolemy.actor.Manager.iterate(Manager.java:851)
	at ptolemy.actor.Manager.execute(Manager.java:369)
	at ptolemy.actor.Manager.run(Manager.java:1263)
	at ptolemy.actor.Manager$PtolemyRunThread.run(Manager.java:1915)

    while executing
ptolemy.kernel.util.IllegalActionException: Actor is not ready to fire.  Perhaps UpSample.prefire() returned false? Try debugging the actor by selecting "Listen to Actor".  Also, for SDF check moml for tokenConsumptionRate on input.
  in .DESDFClockTest.Play Bell.Copy1:SDF Director and .DESDFClockTest.Play Bell.UpSample
    while executing
"java::new ptolemy.moml.MoMLSimpleApplication $file
"
    (procedure "createAndExecute" line 2)
    invoked from within
"createAndExecute $file"
    ("uplevel" body line 5)
    invoked from within
"uplevel $contents_of_test"
------------------ testing $PTII/ptolemy/domains/de/test/auto/knownFailedTests/FSMSource.xml (Known Failure) 
30 ms. Memory: 116224K Free: 111570K (96%)
!!!! Auto was marked as failing, but now passes
------------------ testing $PTII/ptolemy/domains/de/test/auto/knownFailedTests/dependencyLoop2.xml (Known Failure) 
5 ms. Memory: 116224K Free: 93698K (81%)


==== $PTIIhome/travis/build/icyphy/ptII/ptolemy/domains/de/test/../../../../: Auto Automatic test in file $PTII/ptolemy/domains/de/test/auto/knownFailedTests/dependencyLoop2.xml
==== Contents of test case:

	    # FIXME: we should use $relativeFilename here, but it
	    # might have backslashes under Windows, which causes no end
	    # of trouble.
	    createAndExecute $file
	    list {}
	
.... Test generated KNOWN error:
    while executing
ptolemy.kernel.util.IllegalActionException: Found a zero delay loop containing .dependencyLoop2.original
  in .dependencyLoop2 and .dependencyLoop2.original
	at ptolemy.actor.util.CausalityInterfaceForComposites._computeOutputPortDepth(CausalityInterfaceForComposites.java:759)
	at ptolemy.actor.util.CausalityInterfaceForComposites._computeInputDepth(CausalityInterfaceForComposites.java:696)
	at ptolemy.actor.util.CausalityInterfaceForComposites._computeOutputPortDepth(CausalityInterfaceForComposites.java:765)
	at ptolemy.actor.util.CausalityInterfaceForComposites._computeInputDepth(CausalityInterfaceForComposites.java:696)
	at ptolemy.actor.util.CausalityInterfaceForComposites._computeOutputPortDepth(CausalityInterfaceForComposites.java:765)
	at ptolemy.actor.util.CausalityInterfaceForComposites._computeInputDepth(CausalityInterfaceForComposites.java:696)
	at ptolemy.actor.util.CausalityInterfaceForComposites._computeActorDepth(CausalityInterfaceForComposites.java:532)
	at ptolemy.actor.util.CausalityInterfaceForComposites.checkForCycles(CausalityInterfaceForComposites.java:96)
	at ptolemy.domains.de.kernel.DEDirector.preinitialize(DEDirector.java:1337)
	at ptolemy.actor.CompositeActor.preinitialize(CompositeActor.java:1828)
	at ptolemy.actor.Manager.preinitializeAndResolveTypes(Manager.java:1040)
	at ptolemy.actor.Manager.initialize(Manager.java:710)
	at ptolemy.actor.Manager.execute(Manager.java:356)
	at ptolemy.actor.Manager.run(Manager.java:1263)
	at ptolemy.actor.Manager$PtolemyRunThread.run(Manager.java:1915)

    while executing
ptolemy.kernel.util.IllegalActionException: Found a zero delay loop containing .dependencyLoop2.original
  in .dependencyLoop2 and .dependencyLoop2.original
    while executing
"java::new ptolemy.moml.MoMLSimpleApplication $file
"
    (procedure "createAndExecute" line 2)
    invoked from within
"createAndExecute $file"
    ("uplevel" body line 5)
    invoked from within
"uplevel $contents_of_test"
------------------ testing $PTII/ptolemy/domains/de/test/auto/knownFailedTests/HierarchicalModel.xml (Known Failure) 
8 ms. Memory: 146944K Free: 134529K (92%)


==== $PTIIhome/travis/build/icyphy/ptII/ptolemy/domains/de/test/../../../../: Auto Automatic test in file $PTII/ptolemy/domains/de/test/auto/knownFailedTests/HierarchicalModel.xml
==== Contents of test case:

	    # FIXME: we should use $relativeFilename here, but it
	    # might have backslashes under Windows, which causes no end
	    # of trouble.
	    createAndExecute $file
	    list {}
	
.... Test generated KNOWN error:
    while executing
ptolemy.kernel.util.IllegalActionException: Found a zero delay loop containing .HierarchicalModel.A
  in .HierarchicalModel and .HierarchicalModel.A
	at ptolemy.actor.util.CausalityInterfaceForComposites._computeOutputPortDepth(CausalityInterfaceForComposites.java:759)
	at ptolemy.actor.util.CausalityInterfaceForComposites._computeInputDepth(CausalityInterfaceForComposites.java:696)
	at ptolemy.actor.util.CausalityInterfaceForComposites._computeOutputPortDepth(CausalityInterfaceForComposites.java:765)
	at ptolemy.actor.util.CausalityInterfaceForComposites._computeInputDepth(CausalityInterfaceForComposites.java:696)
	at ptolemy.actor.util.CausalityInterfaceForComposites._computeOutputPortDepth(CausalityInterfaceForComposites.java:765)
	at ptolemy.actor.util.CausalityInterfaceForComposites._computeInputDepth(CausalityInterfaceForComposites.java:696)
	at ptolemy.actor.util.CausalityInterfaceForComposites._computeActorDepth(CausalityInterfaceForComposites.java:532)
	at ptolemy.actor.util.CausalityInterfaceForComposites.checkForCycles(CausalityInterfaceForComposites.java:96)
	at ptolemy.domains.de.kernel.DEDirector.preinitialize(DEDirector.java:1337)
	at ptolemy.actor.CompositeActor.preinitialize(CompositeActor.java:1828)
	at ptolemy.actor.Manager.preinitializeAndResolveTypes(Manager.java:1040)
	at ptolemy.actor.Manager.initialize(Manager.java:710)
	at ptolemy.actor.Manager.execute(Manager.java:356)
	at ptolemy.actor.Manager.run(Manager.java:1263)
	at ptolemy.actor.Manager$PtolemyRunThread.run(Manager.java:1915)

    while executing
ptolemy.kernel.util.IllegalActionException: Found a zero delay loop containing .HierarchicalModel.A
  in .HierarchicalModel and .HierarchicalModel.A
    while executing
"java::new ptolemy.moml.MoMLSimpleApplication $file
"
    (procedure "createAndExecute" line 2)
    invoked from within
"createAndExecute $file"
    ("uplevel" body line 5)
    invoked from within
"uplevel $contents_of_test"
------------------ testing $PTII/ptolemy/domains/de/test/auto/knownFailedTests/DirectFeedback.xml (Known Failure) 
9 ms. Memory: 146944K Free: 129489K (88%)


==== $PTIIhome/travis/build/icyphy/ptII/ptolemy/domains/de/test/../../../../: Auto Automatic test in file $PTII/ptolemy/domains/de/test/auto/knownFailedTests/DirectFeedback.xml
==== Contents of test case:

	    # FIXME: we should use $relativeFilename here, but it
	    # might have backslashes under Windows, which causes no end
	    # of trouble.
	    createAndExecute $file
	    list {}
	
.... Test generated KNOWN error:
    while executing
ptolemy.kernel.util.IllegalActionException: Test fails in iteration 1.
Value was: 1.0. Should have been: 2.0
  in .DirectFeedback.Test
	at ptolemy.actor.lib.Test.fire(Test.java:268)
	at ptolemy.domains.de.kernel.DEDirector._fire(DEDirector.java:1948)
	at ptolemy.domains.de.kernel.DEDirector.fire(DEDirector.java:502)
	at ptolemy.actor.CompositeActor.fire(CompositeActor.java:455)
	at ptolemy.actor.Manager.iterate(Manager.java:851)
	at ptolemy.actor.Manager.execute(Manager.java:369)
	at ptolemy.actor.Manager.run(Manager.java:1263)
	at ptolemy.actor.Manager$PtolemyRunThread.run(Manager.java:1915)

    while executing
ptolemy.kernel.util.IllegalActionException: Test fails in iteration 1.
Value was: 1.0. Should have been: 2.0
  in .DirectFeedback.Test
    while executing
"java::new ptolemy.moml.MoMLSimpleApplication $file
"
    (procedure "createAndExecute" line 2)
    invoked from within
"createAndExecute $file"
    ("uplevel" body line 5)
    invoked from within
"uplevel $contents_of_test"
------------------ testing $PTII/ptolemy/domains/de/test/auto/ActorDepthCalculation_actorWithoutPorts.xml
auto.tcl: Setting watchdog for 200 seconds at Tue May 29 01:18:12 UTC 2018
8 ms. Memory: 146944K Free: 121756K (83%)
ptolemy.util.test.WatchDog.cancel(): canceling Tue May 29 01:18:12 UTC 2018
auto.tcl: Setting watchdog for 200 seconds at Tue May 29 01:18:12 UTC 2018
6 ms. Memory: 146944K Free: 119646K (81%)
ptolemy.util.test.WatchDog.cancel(): canceling Tue May 29 01:18:12 UTC 2018
------------------ testing $PTII/ptolemy/domains/de/test/auto/AssemblyLine.xml
auto.tcl: Setting watchdog for 200 seconds at Tue May 29 01:18:12 UTC 2018
49 ms. Memory: 146944K Free: 127588K (87%)
ptolemy.util.test.WatchDog.cancel(): canceling Tue May 29 01:18:13 UTC 2018
auto.tcl: Setting watchdog for 200 seconds at Tue May 29 01:18:13 UTC 2018
6 ms. Memory: 146944K Free: 126542K (86%)
ptolemy.util.test.WatchDog.cancel(): canceling Tue May 29 01:18:13 UTC 2018
------------------ testing $PTII/ptolemy/domains/de/test/auto/CQBug1.xml
auto.tcl: Setting watchdog for 200 seconds at Tue May 29 01:18:13 UTC 2018
4 ms. Memory: 146944K Free: 138323K (94%)
ptolemy.util.test.WatchDog.cancel(): canceling Tue May 29 01:18:13 UTC 2018
auto.tcl: Setting watchdog for 200 seconds at Tue May 29 01:18:13 UTC 2018
2 ms. Memory: 146944K Free: 138323K (94%)
ptolemy.util.test.WatchDog.cancel(): canceling Tue May 29 01:18:13 UTC 2018
------------------ testing $PTII/ptolemy/domains/de/test/auto/CancelFireAt.xml
auto.tcl: Setting watchdog for 200 seconds at Tue May 29 01:18:13 UTC 2018
3 ms. Memory: 146944K Free: 140407K (96%)
ptolemy.util.test.WatchDog.cancel(): canceling Tue May 29 01:18:13 UTC 2018
auto.tcl: Setting watchdog for 200 seconds at Tue May 29 01:18:13 UTC 2018
3 ms. Memory: 146944K Free: 139362K (95%)
ptolemy.util.test.WatchDog.cancel(): canceling Tue May 29 01:18:13 UTC 2018
------------------ testing $PTII/ptolemy/domains/de/test/auto/CausalityAndComposabilityAnalysis.xml
auto.tcl: Setting watchdog for 200 seconds at Tue May 29 01:18:13 UTC 2018
8 ms. Memory: 146944K Free: 137075K (93%)
ptolemy.util.test.WatchDog.cancel(): canceling Tue May 29 01:18:13 UTC 2018
auto.tcl: Setting watchdog for 200 seconds at Tue May 29 01:18:13 UTC 2018
5 ms. Memory: 146944K Free: 137075K (93%)
ptolemy.util.test.WatchDog.cancel(): canceling Tue May 29 01:18:13 UTC 2018
------------------ testing $PTII/ptolemy/domains/de/test/auto/CausalityInterface1.xml
auto.tcl: Setting watchdog for 200 seconds at Tue May 29 01:18:13 UTC 2018
15 ms. Memory: 146944K Free: 136289K (93%)
ptolemy.util.test.WatchDog.cancel(): canceling Tue May 29 01:18:13 UTC 2018
auto.tcl: Setting watchdog for 200 seconds at Tue May 29 01:18:13 UTC 2018
3 ms. Memory: 146944K Free: 135244K (92%)
ptolemy.util.test.WatchDog.cancel(): canceling Tue May 29 01:18:13 UTC 2018
------------------ testing $PTII/ptolemy/domains/de/test/auto/CausalityInterface15.xml
auto.tcl: Setting watchdog for 200 seconds at Tue May 29 01:18:13 UTC 2018
4 ms. Memory: 146944K Free: 135235K (92%)
ptolemy.util.test.WatchDog.cancel(): canceling Tue May 29 01:18:13 UTC 2018
auto.tcl: Setting watchdog for 200 seconds at Tue May 29 01:18:13 UTC 2018
4 ms. Memory: 146944K Free: 134190K (91%)
ptolemy.util.test.WatchDog.cancel(): canceling Tue May 29 01:18:13 UTC 2018
------------------ testing $PTII/ptolemy/domains/de/test/auto/CausalityInterface2.xml
auto.tcl: Setting watchdog for 200 seconds at Tue May 29 01:18:13 UTC 2018
9 ms. Memory: 146944K Free: 136264K (93%)
ptolemy.util.test.WatchDog.cancel(): canceling Tue May 29 01:18:13 UTC 2018
auto.tcl: Setting watchdog for 200 seconds at Tue May 29 01:18:13 UTC 2018
3 ms. Memory: 146944K Free: 136264K (93%)
ptolemy.util.test.WatchDog.cancel(): canceling Tue May 29 01:18:13 UTC 2018
------------------ testing $PTII/ptolemy/domains/de/test/auto/CausalityInterface3.xml
auto.tcl: Setting watchdog for 200 seconds at Tue May 29 01:18:13 UTC 2018
3 ms. Memory: 146944K Free: 136275K (93%)
ptolemy.util.test.WatchDog.cancel(): canceling Tue May 29 01:18:13 UTC 2018
auto.tcl: Setting watchdog for 200 seconds at Tue May 29 01:18:13 UTC 2018
5 ms. Memory: 146944K Free: 135230K (92%)
ptolemy.util.test.WatchDog.cancel(): canceling Tue May 29 01:18:13 UTC 2018
------------------ testing $PTII/ptolemy/domains/de/test/auto/ClockDrift.xml
auto.tcl: Setting watchdog for 200 seconds at Tue May 29 01:18:13 UTC 2018
84 ms. Memory: 146944K Free: 128148K (87%)
ptolemy.util.test.WatchDog.cancel(): canceling Tue May 29 01:18:14 UTC 2018
auto.tcl: Setting watchdog for 200 seconds at Tue May 29 01:18:14 UTC 2018
52 ms. Memory: 146944K Free: 125013K (85%)
ptolemy.util.test.WatchDog.cancel(): canceling Tue May 29 01:18:14 UTC 2018
------------------ testing $PTII/ptolemy/domains/de/test/auto/ClockDriftAndValueChange.xml
auto.tcl: Setting watchdog for 200 seconds at Tue May 29 01:18:14 UTC 2018
42 ms. Memory: 146944K Free: 127985K (87%)
ptolemy.util.test.WatchDog.cancel(): canceling Tue May 29 01:18:14 UTC 2018
auto.tcl: Setting watchdog for 200 seconds at Tue May 29 01:18:14 UTC 2018
37 ms. Memory: 146944K Free: 124849K (85%)
ptolemy.util.test.WatchDog.cancel(): canceling Tue May 29 01:18:14 UTC 2018
------------------ testing $PTII/ptolemy/domains/de/test/auto/ClockDriftChange.xml
auto.tcl: Setting watchdog for 200 seconds at Tue May 29 01:18:14 UTC 2018
19 ms. Memory: 146944K Free: 130671K (89%)
ptolemy.util.test.WatchDog.cancel(): canceling Tue May 29 01:18:14 UTC 2018
auto.tcl: Setting watchdog for 200 seconds at Tue May 29 01:18:14 UTC 2018
18 ms. Memory: 146944K Free: 128580K (88%)
ptolemy.util.test.WatchDog.cancel(): canceling Tue May 29 01:18:14 UTC 2018
------------------ testing $PTII/ptolemy/domains/de/test/auto/ComposableCausalityAnalysis.xml
auto.tcl: Setting watchdog for 200 seconds at Tue May 29 01:18:14 UTC 2018
3 ms. Memory: 146944K Free: 135091K (92%)
ptolemy.util.test.WatchDog.cancel(): canceling Tue May 29 01:18:14 UTC 2018
auto.tcl: Setting watchdog for 200 seconds at Tue May 29 01:18:14 UTC 2018
2 ms. Memory: 146944K Free: 134046K (91%)
ptolemy.util.test.WatchDog.cancel(): canceling Tue May 29 01:18:14 UTC 2018
------------------ testing $PTII/ptolemy/domains/de/test/auto/DEFixedPointLimitation.xml
auto.tcl: Setting watchdog for 200 seconds at Tue May 29 01:18:14 UTC 2018
2 ms. Memory: 146944K Free: 136217K (93%)
ptolemy.util.test.WatchDog.cancel(): canceling Tue May 29 01:18:14 UTC 2018
auto.tcl: Setting watchdog for 200 seconds at Tue May 29 01:18:14 UTC 2018
2 ms. Memory: 146944K Free: 136217K (93%)
ptolemy.util.test.WatchDog.cancel(): canceling Tue May 29 01:18:14 UTC 2018
------------------ testing $PTII/ptolemy/domains/de/test/auto/DEScheduleTest.xml
auto.tcl: Setting watchdog for 200 seconds at Tue May 29 01:18:14 UTC 2018
5 ms. Memory: 146944K Free: 137298K (93%)
ptolemy.util.test.WatchDog.cancel(): canceling Tue May 29 01:18:14 UTC 2018
auto.tcl: Setting watchdog for 200 seconds at Tue May 29 01:18:14 UTC 2018
5 ms. Memory: 146944K Free: 136253K (93%)
ptolemy.util.test.WatchDog.cancel(): canceling Tue May 29 01:18:14 UTC 2018
------------------ testing $PTII/ptolemy/domains/de/test/auto/DEinDEwithStartTimes.xml
auto.tcl: Setting watchdog for 200 seconds at Tue May 29 01:18:14 UTC 2018
5 ms. Memory: 146944K Free: 135177K (92%)
ptolemy.util.test.WatchDog.cancel(): canceling Tue May 29 01:18:14 UTC 2018
auto.tcl: Setting watchdog for 200 seconds at Tue May 29 01:18:14 UTC 2018
5 ms. Memory: 146944K Free: 134132K (91%)
ptolemy.util.test.WatchDog.cancel(): canceling Tue May 29 01:18:14 UTC 2018
------------------ testing $PTII/ptolemy/domains/de/test/auto/DEinDEwithStartTimes2.xml
auto.tcl: Setting watchdog for 200 seconds at Tue May 29 01:18:14 UTC 2018
8 ms. Memory: 146944K Free: 135266K (92%)
ptolemy.util.test.WatchDog.cancel(): canceling Tue May 29 01:18:14 UTC 2018
auto.tcl: Setting watchdog for 200 seconds at Tue May 29 01:18:14 UTC 2018
4 ms. Memory: 146944K Free: 134111K (91%)
ptolemy.util.test.WatchDog.cancel(): canceling Tue May 29 01:18:14 UTC 2018
------------------ testing $PTII/ptolemy/domains/de/test/auto/DateDemo.xml
auto.tcl: Setting watchdog for 200 seconds at Tue May 29 01:18:14 UTC 2018
19 ms. Memory: 146944K Free: 129267K (88%)
ptolemy.util.test.WatchDog.cancel(): canceling Tue May 29 01:18:14 UTC 2018
auto.tcl: Setting watchdog for 200 seconds at Tue May 29 01:18:14 UTC 2018
8 ms. Memory: 146944K Free: 127177K (87%)
ptolemy.util.test.WatchDog.cancel(): canceling Tue May 29 01:18:14 UTC 2018
------------------ testing $PTII/ptolemy/domains/de/test/auto/DateToEvent.xml
auto.tcl: Setting watchdog for 200 seconds at Tue May 29 01:18:14 UTC 2018
2019 ms. Memory: 146944K Free: 123412K (84%)
ptolemy.util.test.WatchDog.cancel(): canceling Tue May 29 01:18:17 UTC 2018
auto.tcl: Setting watchdog for 200 seconds at Tue May 29 01:18:17 UTC 2018
2004 ms. Memory: 146944K Free: 121138K (82%)
ptolemy.util.test.WatchDog.cancel(): canceling Tue May 29 01:18:19 UTC 2018
------------------ testing $PTII/ptolemy/domains/de/test/auto/DepthTest1.xml
auto.tcl: Setting watchdog for 200 seconds at Tue May 29 01:18:19 UTC 2018
4 ms. Memory: 146944K Free: 138597K (94%)
ptolemy.util.test.WatchDog.cancel(): canceling Tue May 29 01:18:19 UTC 2018
auto.tcl: Setting watchdog for 200 seconds at Tue May 29 01:18:19 UTC 2018
2 ms. Memory: 146944K Free: 138597K (94%)
ptolemy.util.test.WatchDog.cancel(): canceling Tue May 29 01:18:19 UTC 2018
------------------ testing $PTII/ptolemy/domains/de/test/auto/DepthTest2.xml
auto.tcl: Setting watchdog for 200 seconds at Tue May 29 01:18:19 UTC 2018
3 ms. Memory: 146944K Free: 134091K (91%)
ptolemy.util.test.WatchDog.cancel(): canceling Tue May 29 01:18:19 UTC 2018
auto.tcl: Setting watchdog for 200 seconds at Tue May 29 01:18:19 UTC 2018
2 ms. Memory: 146944K Free: 134091K (91%)
ptolemy.util.test.WatchDog.cancel(): canceling Tue May 29 01:18:19 UTC 2018
------------------ testing $PTII/ptolemy/domains/de/test/auto/DepthTest3.xml
auto.tcl: Setting watchdog for 200 seconds at Tue May 29 01:18:19 UTC 2018
2 ms. Memory: 146944K Free: 138931K (95%)
ptolemy.util.test.WatchDog.cancel(): canceling Tue May 29 01:18:19 UTC 2018
auto.tcl: Setting watchdog for 200 seconds at Tue May 29 01:18:19 UTC 2018
2 ms. Memory: 146944K Free: 138931K (95%)
ptolemy.util.test.WatchDog.cancel(): canceling Tue May 29 01:18:19 UTC 2018
------------------ testing $PTII/ptolemy/domains/de/test/auto/DepthTest4.xml
auto.tcl: Setting watchdog for 200 seconds at Tue May 29 01:18:19 UTC 2018
5 ms. Memory: 146944K Free: 136204K (93%)
ptolemy.util.test.WatchDog.cancel(): canceling Tue May 29 01:18:19 UTC 2018
auto.tcl: Setting watchdog for 200 seconds at Tue May 29 01:18:19 UTC 2018
2 ms. Memory: 146944K Free: 135159K (92%)
ptolemy.util.test.WatchDog.cancel(): canceling Tue May 29 01:18:19 UTC 2018
------------------ testing $PTII/ptolemy/domains/de/test/auto/DepthTest5.xml
auto.tcl: Setting watchdog for 200 seconds at Tue May 29 01:18:19 UTC 2018
3 ms. Memory: 146944K Free: 135216K (92%)
ptolemy.util.test.WatchDog.cancel(): canceling Tue May 29 01:18:19 UTC 2018
auto.tcl: Setting watchdog for 200 seconds at Tue May 29 01:18:19 UTC 2018
2 ms. Memory: 146944K Free: 135106K (92%)
ptolemy.util.test.WatchDog.cancel(): canceling Tue May 29 01:18:19 UTC 2018
------------------ testing $PTII/ptolemy/domains/de/test/auto/DepthTest6.xml
auto.tcl: Setting watchdog for 200 seconds at Tue May 29 01:18:19 UTC 2018
7 ms. Memory: 146944K Free: 135176K (92%)
ptolemy.util.test.WatchDog.cancel(): canceling Tue May 29 01:18:19 UTC 2018
auto.tcl: Setting watchdog for 200 seconds at Tue May 29 01:18:19 UTC 2018
2 ms. Memory: 146944K Free: 135176K (92%)
ptolemy.util.test.WatchDog.cancel(): canceling Tue May 29 01:18:19 UTC 2018
------------------ testing $PTII/ptolemy/domains/de/test/auto/DepthTest7.xml
auto.tcl: Setting watchdog for 200 seconds at Tue May 29 01:18:19 UTC 2018
2 ms. Memory: 146944K Free: 136107K (93%)
ptolemy.util.test.WatchDog.cancel(): canceling Tue May 29 01:18:19 UTC 2018
auto.tcl: Setting watchdog for 200 seconds at Tue May 29 01:18:19 UTC 2018
2 ms. Memory: 146944K Free: 135062K (92%)
ptolemy.util.test.WatchDog.cancel(): canceling Tue May 29 01:18:19 UTC 2018
------------------ testing $PTII/ptolemy/domains/de/test/auto/EventToDate.xml
auto.tcl: Setting watchdog for 200 seconds at Tue May 29 01:18:19 UTC 2018
3005 ms. Memory: 146944K Free: 125677K (86%)
ptolemy.util.test.WatchDog.cancel(): canceling Tue May 29 01:18:22 UTC 2018
auto.tcl: Setting watchdog for 200 seconds at Tue May 29 01:18:22 UTC 2018
3004 ms. Memory: 146944K Free: 125677K (86%)
ptolemy.util.test.WatchDog.cancel(): canceling Tue May 29 01:18:25 UTC 2018
------------------ testing $PTII/ptolemy/domains/de/test/auto/FSM1.xml
auto.tcl: Setting watchdog for 200 seconds at Tue May 29 01:18:25 UTC 2018
32 ms. Memory: 146944K Free: 128062K (87%)
ptolemy.util.test.WatchDog.cancel(): canceling Tue May 29 01:18:25 UTC 2018
auto.tcl: Setting watchdog for 200 seconds at Tue May 29 01:18:25 UTC 2018
14 ms. Memory: 146944K Free: 124878K (85%)
ptolemy.util.test.WatchDog.cancel(): canceling Tue May 29 01:18:25 UTC 2018
------------------ testing $PTII/ptolemy/domains/de/test/auto/FSM7.xml
auto.tcl: Setting watchdog for 200 seconds at Tue May 29 01:18:25 UTC 2018
25 ms. Memory: 146944K Free: 127182K (87%)
ptolemy.util.test.WatchDog.cancel(): canceling Tue May 29 01:18:25 UTC 2018
auto.tcl: Setting watchdog for 200 seconds at Tue May 29 01:18:25 UTC 2018
23 ms. Memory: 146944K Free: 123998K (84%)
ptolemy.util.test.WatchDog.cancel(): canceling Tue May 29 01:18:25 UTC 2018
------------------ testing $PTII/ptolemy/domains/de/test/auto/Inspection.xml
auto.tcl: Setting watchdog for 200 seconds at Tue May 29 01:18:25 UTC 2018
34 ms. Memory: 146944K Free: 128108K (87%)
ptolemy.util.test.WatchDog.cancel(): canceling Tue May 29 01:18:26 UTC 2018
auto.tcl: Setting watchdog for 200 seconds at Tue May 29 01:18:26 UTC 2018
32 ms. Memory: 146944K Free: 126001K (86%)
ptolemy.util.test.WatchDog.cancel(): canceling Tue May 29 01:18:26 UTC 2018
------------------ testing $PTII/ptolemy/domains/de/test/auto/Iteration.xml
auto.tcl: Setting watchdog for 200 seconds at Tue May 29 01:18:26 UTC 2018
6 ms. Memory: 146944K Free: 133787K (91%)
ptolemy.util.test.WatchDog.cancel(): canceling Tue May 29 01:18:26 UTC 2018
auto.tcl: Setting watchdog for 200 seconds at Tue May 29 01:18:26 UTC 2018
6 ms. Memory: 146944K Free: 132741K (90%)
ptolemy.util.test.WatchDog.cancel(): canceling Tue May 29 01:18:26 UTC 2018
------------------ testing $PTII/ptolemy/domains/de/test/auto/LineFault.xml
auto.tcl: Setting watchdog for 200 seconds at Tue May 29 01:18:26 UTC 2018
486 ms. Memory: 146944K Free: 138095K (94%)
ptolemy.util.test.WatchDog.cancel(): canceling Tue May 29 01:18:26 UTC 2018
auto.tcl: Setting watchdog for 200 seconds at Tue May 29 01:18:26 UTC 2018
376 ms. Memory: 146944K Free: 81954K (56%)
ptolemy.util.test.WatchDog.cancel(): canceling Tue May 29 01:18:27 UTC 2018
------------------ testing $PTII/ptolemy/domains/de/test/auto/MergeModel1Add.xml
auto.tcl: Setting watchdog for 200 seconds at Tue May 29 01:18:27 UTC 2018
11 ms. Memory: 209920K Free: 180498K (86%)
ptolemy.util.test.WatchDog.cancel(): canceling Tue May 29 01:18:27 UTC 2018
auto.tcl: Setting watchdog for 200 seconds at Tue May 29 01:18:27 UTC 2018
6 ms. Memory: 209920K Free: 178597K (85%)
ptolemy.util.test.WatchDog.cancel(): canceling Tue May 29 01:18:27 UTC 2018
------------------ testing $PTII/ptolemy/domains/de/test/auto/MergeModel2Add.xml
auto.tcl: Setting watchdog for 200 seconds at Tue May 29 01:18:27 UTC 2018
5 ms. Memory: 210432K Free: 184268K (88%)
ptolemy.util.test.WatchDog.cancel(): canceling Tue May 29 01:18:27 UTC 2018
auto.tcl: Setting watchdog for 200 seconds at Tue May 29 01:18:27 UTC 2018
7 ms. Memory: 210432K Free: 182382K (87%)
ptolemy.util.test.WatchDog.cancel(): canceling Tue May 29 01:18:27 UTC 2018
------------------ testing $PTII/ptolemy/domains/de/test/auto/MergeModel3Add.xml
auto.tcl: Setting watchdog for 200 seconds at Tue May 29 01:18:27 UTC 2018
8 ms. Memory: 209920K Free: 183646K (87%)
ptolemy.util.test.WatchDog.cancel(): canceling Tue May 29 01:18:27 UTC 2018
auto.tcl: Setting watchdog for 200 seconds at Tue May 29 01:18:27 UTC 2018
7 ms. Memory: 209920K Free: 181753K (87%)
ptolemy.util.test.WatchDog.cancel(): canceling Tue May 29 01:18:27 UTC 2018
------------------ testing $PTII/ptolemy/domains/de/test/auto/MergeWithoutDiscard.xml
auto.tcl: Setting watchdog for 200 seconds at Tue May 29 01:18:27 UTC 2018
5 ms. Memory: 210432K Free: 198862K (95%)
ptolemy.util.test.WatchDog.cancel(): canceling Tue May 29 01:18:27 UTC 2018
auto.tcl: Setting watchdog for 200 seconds at Tue May 29 01:18:27 UTC 2018
2 ms. Memory: 210432K Free: 198862K (95%)
ptolemy.util.test.WatchDog.cancel(): canceling Tue May 29 01:18:27 UTC 2018
------------------ testing $PTII/ptolemy/domains/de/test/auto/Modal1.xml
auto.tcl: Setting watchdog for 200 seconds at Tue May 29 01:18:27 UTC 2018
15 ms. Memory: 210432K Free: 190839K (91%)
ptolemy.util.test.WatchDog.cancel(): canceling Tue May 29 01:18:27 UTC 2018
auto.tcl: Setting watchdog for 200 seconds at Tue May 29 01:18:27 UTC 2018
17 ms. Memory: 210432K Free: 187020K (89%)
ptolemy.util.test.WatchDog.cancel(): canceling Tue May 29 01:18:27 UTC 2018
------------------ testing $PTII/ptolemy/domains/de/test/auto/Modal2.xml
auto.tcl: Setting watchdog for 200 seconds at Tue May 29 01:18:27 UTC 2018
12 ms. Memory: 210432K Free: 190687K (91%)
ptolemy.util.test.WatchDog.cancel(): canceling Tue May 29 01:18:27 UTC 2018
auto.tcl: Setting watchdog for 200 seconds at Tue May 29 01:18:27 UTC 2018
10 ms. Memory: 210432K Free: 186893K (89%)
ptolemy.util.test.WatchDog.cancel(): canceling Tue May 29 01:18:27 UTC 2018
------------------ testing $PTII/ptolemy/domains/de/test/auto/Modal3.xml
auto.tcl: Setting watchdog for 200 seconds at Tue May 29 01:18:27 UTC 2018
9 ms. Memory: 210432K Free: 190748K (91%)
ptolemy.util.test.WatchDog.cancel(): canceling Tue May 29 01:18:27 UTC 2018
auto.tcl: Setting watchdog for 200 seconds at Tue May 29 01:18:27 UTC 2018
9 ms. Memory: 210432K Free: 186875K (89%)
ptolemy.util.test.WatchDog.cancel(): canceling Tue May 29 01:18:27 UTC 2018
------------------ testing $PTII/ptolemy/domains/de/test/auto/Modal4.xml
auto.tcl: Setting watchdog for 200 seconds at Tue May 29 01:18:28 UTC 2018
13 ms. Memory: 208384K Free: 188642K (91%)
ptolemy.util.test.WatchDog.cancel(): canceling Tue May 29 01:18:28 UTC 2018
auto.tcl: Setting watchdog for 200 seconds at Tue May 29 01:18:28 UTC 2018
14 ms. Memory: 208384K Free: 184855K (89%)
ptolemy.util.test.WatchDog.cancel(): canceling Tue May 29 01:18:28 UTC 2018
------------------ testing $PTII/ptolemy/domains/de/test/auto/Modal5.xml
auto.tcl: Setting watchdog for 200 seconds at Tue May 29 01:18:28 UTC 2018
17 ms. Memory: 209920K Free: 190235K (91%)
ptolemy.util.test.WatchDog.cancel(): canceling Tue May 29 01:18:28 UTC 2018
auto.tcl: Setting watchdog for 200 seconds at Tue May 29 01:18:28 UTC 2018
12 ms. Memory: 209920K Free: 186416K (89%)
ptolemy.util.test.WatchDog.cancel(): canceling Tue May 29 01:18:28 UTC 2018
------------------ testing $PTII/ptolemy/domains/de/test/auto/Modal6.xml
auto.tcl: Setting watchdog for 200 seconds at Tue May 29 01:18:28 UTC 2018
13 ms. Memory: 209920K Free: 190179K (91%)
ptolemy.util.test.WatchDog.cancel(): canceling Tue May 29 01:18:28 UTC 2018
auto.tcl: Setting watchdog for 200 seconds at Tue May 29 01:18:28 UTC 2018
13 ms. Memory: 209920K Free: 186392K (89%)
ptolemy.util.test.WatchDog.cancel(): canceling Tue May 29 01:18:28 UTC 2018
------------------ testing $PTII/ptolemy/domains/de/test/auto/Modal7.xml
auto.tcl: Setting watchdog for 200 seconds at Tue May 29 01:18:28 UTC 2018
17 ms. Memory: 209920K Free: 188279K (90%)
ptolemy.util.test.WatchDog.cancel(): canceling Tue May 29 01:18:28 UTC 2018
auto.tcl: Setting watchdog for 200 seconds at Tue May 29 01:18:28 UTC 2018
9 ms. Memory: 209920K Free: 186369K (89%)
ptolemy.util.test.WatchDog.cancel(): canceling Tue May 29 01:18:28 UTC 2018
------------------ testing $PTII/ptolemy/domains/de/test/auto/ModalModel.xml
auto.tcl: Setting watchdog for 200 seconds at Tue May 29 01:18:28 UTC 2018
201 ms. Memory: 209920K Free: 129435K (62%)
ptolemy.util.test.WatchDog.cancel(): canceling Tue May 29 01:18:28 UTC 2018
auto.tcl: Setting watchdog for 200 seconds at Tue May 29 01:18:28 UTC 2018
191 ms. Memory: 209920K Free: 197567K (94%)
ptolemy.util.test.WatchDog.cancel(): canceling Tue May 29 01:18:28 UTC 2018
------------------ testing $PTII/ptolemy/domains/de/test/auto/ModalSource.xml
auto.tcl: Setting watchdog for 200 seconds at Tue May 29 01:18:28 UTC 2018
6 ms. Memory: 209920K Free: 195332K (93%)
ptolemy.util.test.WatchDog.cancel(): canceling Tue May 29 01:18:29 UTC 2018
auto.tcl: Setting watchdog for 200 seconds at Tue May 29 01:18:29 UTC 2018
5 ms. Memory: 209920K Free: 193583K (92%)
ptolemy.util.test.WatchDog.cancel(): canceling Tue May 29 01:18:29 UTC 2018
------------------ testing $PTII/ptolemy/domains/de/test/auto/NonInterruptibleTimerZeroDelay.xml
auto.tcl: Setting watchdog for 200 seconds at Tue May 29 01:18:29 UTC 2018
3 ms. Memory: 336896K Free: 326510K (97%)
ptolemy.util.test.WatchDog.cancel(): canceling Tue May 29 01:18:29 UTC 2018
auto.tcl: Setting watchdog for 200 seconds at Tue May 29 01:18:29 UTC 2018
2 ms. Memory: 336896K Free: 323029K (96%)
ptolemy.util.test.WatchDog.cancel(): canceling Tue May 29 01:18:29 UTC 2018
------------------ testing $PTII/ptolemy/domains/de/test/auto/OpenQueueingNetwork.xml
auto.tcl: Setting watchdog for 200 seconds at Tue May 29 01:18:29 UTC 2018
2599 ms. Memory: 336384K Free: 210232K (62%)
ptolemy.util.test.WatchDog.cancel(): canceling Tue May 29 01:18:31 UTC 2018
auto.tcl: Setting watchdog for 200 seconds at Tue May 29 01:18:31 UTC 2018
1882 ms. Memory: 314880K Free: 144567K (46%)
ptolemy.util.test.WatchDog.cancel(): canceling Tue May 29 01:18:33 UTC 2018
------------------ testing $PTII/ptolemy/domains/de/test/auto/OpenQueuingNetwork.xml
auto.tcl: Setting watchdog for 200 seconds at Tue May 29 01:18:33 UTC 2018
211 ms. Memory: 313344K Free: 217720K (69%)
ptolemy.util.test.WatchDog.cancel(): canceling Tue May 29 01:18:34 UTC 2018
auto.tcl: Setting watchdog for 200 seconds at Tue May 29 01:18:34 UTC 2018
202 ms. Memory: 313344K Free: 159451K (51%)
ptolemy.util.test.WatchDog.cancel(): canceling Tue May 29 01:18:34 UTC 2018
------------------ testing $PTII/ptolemy/domains/de/test/auto/PeriodicSampler.xml
auto.tcl: Setting watchdog for 200 seconds at Tue May 29 01:18:34 UTC 2018
3 ms. Memory: 314880K Free: 301952K (96%)
ptolemy.util.test.WatchDog.cancel(): canceling Tue May 29 01:18:34 UTC 2018
auto.tcl: Setting watchdog for 200 seconds at Tue May 29 01:18:34 UTC 2018
2 ms. Memory: 314880K Free: 298648K (95%)
ptolemy.util.test.WatchDog.cancel(): canceling Tue May 29 01:18:34 UTC 2018
------------------ testing $PTII/ptolemy/domains/de/test/auto/PersistentIO.xml
auto.tcl: Setting watchdog for 200 seconds at Tue May 29 01:18:34 UTC 2018
8 ms. Memory: 313344K Free: 294440K (94%)
ptolemy.util.test.WatchDog.cancel(): canceling Tue May 29 01:18:34 UTC 2018
auto.tcl: Setting watchdog for 200 seconds at Tue May 29 01:18:34 UTC 2018
4 ms. Memory: 313344K Free: 291144K (93%)
ptolemy.util.test.WatchDog.cancel(): canceling Tue May 29 01:18:34 UTC 2018
------------------ testing $PTII/ptolemy/domains/de/test/auto/PortParameterResetOnInitialize.xml
auto.tcl: Setting watchdog for 200 seconds at Tue May 29 01:18:34 UTC 2018
2 ms. Memory: 314880K Free: 299117K (95%)
ptolemy.util.test.WatchDog.cancel(): canceling Tue May 29 01:18:34 UTC 2018
auto.tcl: Setting watchdog for 200 seconds at Tue May 29 01:18:34 UTC 2018
1 ms. Memory: 314880K Free: 299117K (95%)
ptolemy.util.test.WatchDog.cancel(): canceling Tue May 29 01:18:34 UTC 2018
------------------ testing $PTII/ptolemy/domains/de/test/auto/PortParameterUpdates.xml
auto.tcl: Setting watchdog for 200 seconds at Tue May 29 01:18:34 UTC 2018
3 ms. Memory: 313344K Free: 297675K (95%)
ptolemy.util.test.WatchDog.cancel(): canceling Tue May 29 01:18:34 UTC 2018
auto.tcl: Setting watchdog for 200 seconds at Tue May 29 01:18:34 UTC 2018
3 ms. Memory: 313344K Free: 294372K (94%)
ptolemy.util.test.WatchDog.cancel(): canceling Tue May 29 01:18:34 UTC 2018
------------------ testing $PTII/ptolemy/domains/de/test/auto/QueueAndServer.xml
auto.tcl: Setting watchdog for 200 seconds at Tue May 29 01:18:34 UTC 2018
10 ms. Memory: 314368K Free: 298679K (95%)
ptolemy.util.test.WatchDog.cancel(): canceling Tue May 29 01:18:34 UTC 2018
auto.tcl: Setting watchdog for 200 seconds at Tue May 29 01:18:34 UTC 2018
5 ms. Memory: 314368K Free: 295375K (94%)
ptolemy.util.test.WatchDog.cancel(): canceling Tue May 29 01:18:34 UTC 2018
------------------ testing $PTII/ptolemy/domains/de/test/auto/Records.xml
auto.tcl: Setting watchdog for 200 seconds at Tue May 29 01:18:34 UTC 2018
7 ms. Memory: 313344K Free: 299899K (96%)
ptolemy.util.test.WatchDog.cancel(): canceling Tue May 29 01:18:34 UTC 2018
auto.tcl: Setting watchdog for 200 seconds at Tue May 29 01:18:34 UTC 2018
1 ms. Memory: 313344K Free: 299899K (96%)
ptolemy.util.test.WatchDog.cancel(): canceling Tue May 29 01:18:34 UTC 2018
------------------ testing $PTII/ptolemy/domains/de/test/auto/ResetTransitionWithStartTime1.xml
auto.tcl: Setting watchdog for 200 seconds at Tue May 29 01:18:34 UTC 2018
10 ms. Memory: 314368K Free: 297646K (95%)
ptolemy.util.test.WatchDog.cancel(): canceling Tue May 29 01:18:34 UTC 2018
auto.tcl: Setting watchdog for 200 seconds at Tue May 29 01:18:34 UTC 2018
7 ms. Memory: 314368K Free: 297646K (95%)
ptolemy.util.test.WatchDog.cancel(): canceling Tue May 29 01:18:34 UTC 2018
------------------ testing $PTII/ptolemy/domains/de/test/auto/ResetTransitionWithStartTime2.xml
auto.tcl: Setting watchdog for 200 seconds at Tue May 29 01:18:34 UTC 2018
5 ms. Memory: 313344K Free: 292005K (93%)
ptolemy.util.test.WatchDog.cancel(): canceling Tue May 29 01:18:34 UTC 2018
auto.tcl: Setting watchdog for 200 seconds at Tue May 29 01:18:34 UTC 2018
5 ms. Memory: 313344K Free: 292005K (93%)
ptolemy.util.test.WatchDog.cancel(): canceling Tue May 29 01:18:34 UTC 2018
------------------ testing $PTII/ptolemy/domains/de/test/auto/ResetTransitionWithStartTime3.xml
auto.tcl: Setting watchdog for 200 seconds at Tue May 29 01:18:34 UTC 2018
5 ms. Memory: 314368K Free: 297635K (95%)
ptolemy.util.test.WatchDog.cancel(): canceling Tue May 29 01:18:34 UTC 2018
auto.tcl: Setting watchdog for 200 seconds at Tue May 29 01:18:34 UTC 2018
5 ms. Memory: 314368K Free: 297635K (95%)
ptolemy.util.test.WatchDog.cancel(): canceling Tue May 29 01:18:34 UTC 2018
------------------ testing $PTII/ptolemy/domains/de/test/auto/ResetTransitionWithStartTime4.xml
auto.tcl: Setting watchdog for 200 seconds at Tue May 29 01:18:34 UTC 2018
4 ms. Memory: 313344K Free: 296641K (95%)
ptolemy.util.test.WatchDog.cancel(): canceling Tue May 29 01:18:35 UTC 2018
auto.tcl: Setting watchdog for 200 seconds at Tue May 29 01:18:35 UTC 2018
7 ms. Memory: 313344K Free: 296641K (95%)
ptolemy.util.test.WatchDog.cancel(): canceling Tue May 29 01:18:35 UTC 2018
------------------ testing $PTII/ptolemy/domains/de/test/auto/ResettableTimer1.xml
auto.tcl: Setting watchdog for 200 seconds at Tue May 29 01:18:35 UTC 2018
5 ms. Memory: 313856K Free: 300421K (96%)
ptolemy.util.test.WatchDog.cancel(): canceling Tue May 29 01:18:35 UTC 2018
auto.tcl: Setting watchdog for 200 seconds at Tue May 29 01:18:35 UTC 2018
2 ms. Memory: 313856K Free: 300421K (96%)
ptolemy.util.test.WatchDog.cancel(): canceling Tue May 29 01:18:35 UTC 2018
------------------ testing $PTII/ptolemy/domains/de/test/auto/ResettableTimer2.xml
auto.tcl: Setting watchdog for 200 seconds at Tue May 29 01:18:35 UTC 2018
3 ms. Memory: 313344K Free: 300006K (96%)
ptolemy.util.test.WatchDog.cancel(): canceling Tue May 29 01:18:35 UTC 2018
auto.tcl: Setting watchdog for 200 seconds at Tue May 29 01:18:35 UTC 2018
3 ms. Memory: 313344K Free: 300006K (96%)
ptolemy.util.test.WatchDog.cancel(): canceling Tue May 29 01:18:35 UTC 2018
------------------ testing $PTII/ptolemy/domains/de/test/auto/ResettableTimer3.xml
auto.tcl: Setting watchdog for 200 seconds at Tue May 29 01:18:35 UTC 2018
1 ms. Memory: 313856K Free: 298175K (95%)
ptolemy.util.test.WatchDog.cancel(): canceling Tue May 29 01:18:35 UTC 2018
auto.tcl: Setting watchdog for 200 seconds at Tue May 29 01:18:35 UTC 2018
1 ms. Memory: 313856K Free: 298175K (95%)
ptolemy.util.test.WatchDog.cancel(): canceling Tue May 29 01:18:35 UTC 2018
------------------ testing $PTII/ptolemy/domains/de/test/auto/ResettableTimer4.xml
auto.tcl: Setting watchdog for 200 seconds at Tue May 29 01:18:35 UTC 2018
1 ms. Memory: 313344K Free: 300026K (96%)
ptolemy.util.test.WatchDog.cancel(): canceling Tue May 29 01:18:35 UTC 2018
auto.tcl: Setting watchdog for 200 seconds at Tue May 29 01:18:35 UTC 2018
1 ms. Memory: 313344K Free: 300026K (96%)
ptolemy.util.test.WatchDog.cancel(): canceling Tue May 29 01:18:35 UTC 2018
------------------ testing $PTII/ptolemy/domains/de/test/auto/ResettableTimer5.xml
auto.tcl: Setting watchdog for 200 seconds at Tue May 29 01:18:35 UTC 2018
2 ms. Memory: 313856K Free: 298171K (95%)
ptolemy.util.test.WatchDog.cancel(): canceling Tue May 29 01:18:35 UTC 2018
auto.tcl: Setting watchdog for 200 seconds at Tue May 29 01:18:35 UTC 2018
1 ms. Memory: 313856K Free: 298171K (95%)
ptolemy.util.test.WatchDog.cancel(): canceling Tue May 29 01:18:35 UTC 2018
------------------ testing $PTII/ptolemy/domains/de/test/auto/ResettableTimer6.xml
auto.tcl: Setting watchdog for 200 seconds at Tue May 29 01:18:35 UTC 2018
2 ms. Memory: 313344K Free: 299935K (96%)
ptolemy.util.test.WatchDog.cancel(): canceling Tue May 29 01:18:35 UTC 2018
auto.tcl: Setting watchdog for 200 seconds at Tue May 29 01:18:35 UTC 2018
1 ms. Memory: 313344K Free: 299935K (96%)
ptolemy.util.test.WatchDog.cancel(): canceling Tue May 29 01:18:35 UTC 2018
------------------ testing $PTII/ptolemy/domains/de/test/auto/ServerZeroDelay.xml
auto.tcl: Setting watchdog for 200 seconds at Tue May 29 01:18:35 UTC 2018
2 ms. Memory: 313856K Free: 303765K (97%)
ptolemy.util.test.WatchDog.cancel(): canceling Tue May 29 01:18:35 UTC 2018
auto.tcl: Setting watchdog for 200 seconds at Tue May 29 01:18:35 UTC 2018
2 ms. Memory: 313856K Free: 300469K (96%)
ptolemy.util.test.WatchDog.cancel(): canceling Tue May 29 01:18:35 UTC 2018
------------------ testing $PTII/ptolemy/domains/de/test/auto/SmartSender.xml
auto.tcl: Setting watchdog for 200 seconds at Tue May 29 01:18:35 UTC 2018
3002 ms. Memory: 313344K Free: 297625K (95%)
ptolemy.util.test.WatchDog.cancel(): canceling Tue May 29 01:18:38 UTC 2018
auto.tcl: Setting watchdog for 200 seconds at Tue May 29 01:18:38 UTC 2018
3002 ms. Memory: 313344K Free: 297625K (95%)
ptolemy.util.test.WatchDog.cancel(): canceling Tue May 29 01:18:41 UTC 2018
------------------ testing $PTII/ptolemy/domains/de/test/auto/ThreadedComposite.xml
auto.tcl: Setting watchdog for 200 seconds at Tue May 29 01:18:41 UTC 2018
155 ms. Memory: 313856K Free: 277628K (88%)
ptolemy.util.test.WatchDog.cancel(): canceling Tue May 29 01:18:41 UTC 2018
auto.tcl: Setting watchdog for 200 seconds at Tue May 29 01:18:41 UTC 2018
120 ms. Memory: 313856K Free: 261759K (83%)
ptolemy.util.test.WatchDog.cancel(): canceling Tue May 29 01:18:41 UTC 2018
------------------ testing $PTII/ptolemy/domains/de/test/auto/Time.xml
auto.tcl: Setting watchdog for 200 seconds at Tue May 29 01:18:41 UTC 2018
452 ms. Memory: 313344K Free: 250931K (80%)
ptolemy.util.test.WatchDog.cancel(): canceling Tue May 29 01:18:42 UTC 2018
auto.tcl: Setting watchdog for 200 seconds at Tue May 29 01:18:42 UTC 2018
420 ms. Memory: 313344K Free: 201618K (64%)
ptolemy.util.test.WatchDog.cancel(): canceling Tue May 29 01:18:42 UTC 2018
------------------ testing $PTII/ptolemy/domains/de/test/auto/TimeDelayZeroDelay.xml
auto.tcl: Setting watchdog for 200 seconds at Tue May 29 01:18:42 UTC 2018
3 ms. Memory: 313856K Free: 303651K (97%)
ptolemy.util.test.WatchDog.cancel(): canceling Tue May 29 01:18:42 UTC 2018
auto.tcl: Setting watchdog for 200 seconds at Tue May 29 01:18:42 UTC 2018
2 ms. Memory: 313856K Free: 300363K (96%)
ptolemy.util.test.WatchDog.cancel(): canceling Tue May 29 01:18:42 UTC 2018
------------------ testing $PTII/ptolemy/domains/de/test/auto/TimerZeroDelay.xml
auto.tcl: Setting watchdog for 200 seconds at Tue May 29 01:18:42 UTC 2018
3 ms. Memory: 313344K Free: 303214K (97%)
ptolemy.util.test.WatchDog.cancel(): canceling Tue May 29 01:18:42 UTC 2018
auto.tcl: Setting watchdog for 200 seconds at Tue May 29 01:18:42 UTC 2018
2 ms. Memory: 313344K Free: 299926K (96%)
ptolemy.util.test.WatchDog.cancel(): canceling Tue May 29 01:18:42 UTC 2018
------------------ testing $PTII/ptolemy/domains/de/test/auto/TimingParadox.xml
auto.tcl: Setting watchdog for 200 seconds at Tue May 29 01:18:42 UTC 2018
328 ms. Memory: 313856K Free: 235988K (75%)
ptolemy.util.test.WatchDog.cancel(): canceling Tue May 29 01:18:43 UTC 2018
auto.tcl: Setting watchdog for 200 seconds at Tue May 29 01:18:43 UTC 2018
309 ms. Memory: 313856K Free: 199825K (64%)
ptolemy.util.test.WatchDog.cancel(): canceling Tue May 29 01:18:43 UTC 2018
------------------ testing $PTII/ptolemy/domains/de/test/auto/TransferInputs.xml
auto.tcl: Setting watchdog for 200 seconds at Tue May 29 01:18:43 UTC 2018
2 ms. Memory: 313856K Free: 299327K (95%)
ptolemy.util.test.WatchDog.cancel(): canceling Tue May 29 01:18:43 UTC 2018
auto.tcl: Setting watchdog for 200 seconds at Tue May 29 01:18:43 UTC 2018
1 ms. Memory: 313856K Free: 299327K (95%)
ptolemy.util.test.WatchDog.cancel(): canceling Tue May 29 01:18:43 UTC 2018
------------------ testing $PTII/ptolemy/domains/de/test/auto/TransferOutputs2.xml
auto.tcl: Setting watchdog for 200 seconds at Tue May 29 01:18:43 UTC 2018
9 ms. Memory: 313344K Free: 294309K (94%)
ptolemy.util.test.WatchDog.cancel(): canceling Tue May 29 01:18:43 UTC 2018
auto.tcl: Setting watchdog for 200 seconds at Tue May 29 01:18:43 UTC 2018
3 ms. Memory: 313344K Free: 294309K (94%)
ptolemy.util.test.WatchDog.cancel(): canceling Tue May 29 01:18:43 UTC 2018
------------------ testing $PTII/ptolemy/domains/de/test/auto/Trilateration.xml
auto.tcl: Setting watchdog for 200 seconds at Tue May 29 01:18:43 UTC 2018
12688 ms. Memory: 391680K Free: 212670K (54%)
ptolemy.util.test.WatchDog.cancel(): canceling Tue May 29 01:18:57 UTC 2018
auto.tcl: Setting watchdog for 200 seconds at Tue May 29 01:18:57 UTC 2018
10502 ms. Memory: 274432K Free: 249124K (91%)
ptolemy.util.test.WatchDog.cancel(): canceling Tue May 29 01:19:08 UTC 2018
------------------ testing $PTII/ptolemy/domains/de/test/auto/TwoSigmaDelta.xml
auto.tcl: Setting watchdog for 200 seconds at Tue May 29 01:19:08 UTC 2018
2510 ms. Memory: 265728K Free: 159169K (60%)
ptolemy.util.test.WatchDog.cancel(): canceling Tue May 29 01:19:10 UTC 2018
auto.tcl: Setting watchdog for 200 seconds at Tue May 29 01:19:10 UTC 2018
1881 ms. Memory: 256512K Free: 101310K (39%)
ptolemy.util.test.WatchDog.cancel(): canceling Tue May 29 01:19:12 UTC 2018
------------------ testing $PTII/ptolemy/domains/de/test/auto/VariableDelay.xml
auto.tcl: Setting watchdog for 200 seconds at Tue May 29 01:19:12 UTC 2018
4 ms. Memory: 258048K Free: 244221K (95%)
ptolemy.util.test.WatchDog.cancel(): canceling Tue May 29 01:19:12 UTC 2018
auto.tcl: Setting watchdog for 200 seconds at Tue May 29 01:19:12 UTC 2018
1 ms. Memory: 258048K Free: 244221K (95%)
ptolemy.util.test.WatchDog.cancel(): canceling Tue May 29 01:19:12 UTC 2018
------------------ testing $PTII/ptolemy/domains/de/test/auto/VariableDelay2.xml
auto.tcl: Setting watchdog for 200 seconds at Tue May 29 01:19:12 UTC 2018
4 ms. Memory: 256512K Free: 244836K (95%)
ptolemy.util.test.WatchDog.cancel(): canceling Tue May 29 01:19:12 UTC 2018
auto.tcl: Setting watchdog for 200 seconds at Tue May 29 01:19:12 UTC 2018
2 ms. Memory: 256512K Free: 244836K (95%)
ptolemy.util.test.WatchDog.cancel(): canceling Tue May 29 01:19:12 UTC 2018
------------------ testing $PTII/ptolemy/domains/de/test/auto/VariableDelayZeroDelay.xml
auto.tcl: Setting watchdog for 200 seconds at Tue May 29 01:19:12 UTC 2018
2 ms. Memory: 258048K Free: 244613K (95%)
ptolemy.util.test.WatchDog.cancel(): canceling Tue May 29 01:19:12 UTC 2018
auto.tcl: Setting watchdog for 200 seconds at Tue May 29 01:19:12 UTC 2018
1 ms. Memory: 258048K Free: 244613K (95%)
ptolemy.util.test.WatchDog.cancel(): canceling Tue May 29 01:19:12 UTC 2018
------------------ testing $PTII/ptolemy/domains/de/test/auto/VariableDelayZeroDelay2.xml
auto.tcl: Setting watchdog for 200 seconds at Tue May 29 01:19:12 UTC 2018
1 ms. Memory: 256512K Free: 243091K (95%)
ptolemy.util.test.WatchDog.cancel(): canceling Tue May 29 01:19:12 UTC 2018
auto.tcl: Setting watchdog for 200 seconds at Tue May 29 01:19:12 UTC 2018
2 ms. Memory: 256512K Free: 243091K (95%)
ptolemy.util.test.WatchDog.cancel(): canceling Tue May 29 01:19:12 UTC 2018
------------------ testing $PTII/ptolemy/domains/de/test/auto/deInCt.xml
auto.tcl: Setting watchdog for 200 seconds at Tue May 29 01:19:12 UTC 2018
0
1
1
1
1
0
0
0
0
0
0
1
1
1
0
0
0
1
1
1
1
1
0
0
1
1
1
0
0
0
1
1
1
0
0
0
0
18 ms. Memory: 257536K Free: 240600K (93%)
ptolemy.util.test.WatchDog.cancel(): canceling Tue May 29 01:19:13 UTC 2018
auto.tcl: Setting watchdog for 200 seconds at Tue May 29 01:19:13 UTC 2018
0
1
1
1
0
0
0
1
1
1
0
0
0
1
1
1
1
0
0
1
1
1
0
0
1
1
1
0
0
0
1
1
1
0
0
0
1
1
0
0
0
1
1
1
0
0
0
1
1
1
0
0
0
1
1
0
0
0
1
1
1
1
9 ms. Memory: 257536K Free: 237970K (92%)
ptolemy.util.test.WatchDog.cancel(): canceling Tue May 29 01:19:13 UTC 2018
------------------ testing $PTII/ptolemy/domains/de/test/auto/deInCt2.xml
auto.tcl: Setting watchdog for 200 seconds at Tue May 29 01:19:13 UTC 2018
0
1
1
1
0
0
1
1
1
0
0
1
1
1
0
0
1
1
1
0
0
1
1
1
0
0
1
1
1
0
0
1
1
1
0
0
1
1
1
0
0
0
6 ms. Memory: 256512K Free: 244821K (95%)
ptolemy.util.test.WatchDog.cancel(): canceling Tue May 29 01:19:13 UTC 2018
auto.tcl: Setting watchdog for 200 seconds at Tue May 29 01:19:13 UTC 2018
0
1
1
1
0
0
1
1
1
0
0
1
1
1
0
0
1
1
1
0
0
1
1
1
0
0
1
1
1
0
0
1
1
1
0
0
1
1
1
0
0
0
4 ms. Memory: 256512K Free: 242174K (94%)
ptolemy.util.test.WatchDog.cancel(): canceling Tue May 29 01:19:13 UTC 2018
------------------ testing $PTII/ptolemy/domains/de/test/auto/dynamicCausalityInterface1.xml
auto.tcl: Setting watchdog for 200 seconds at Tue May 29 01:19:13 UTC 2018
1 ms. Memory: 257536K Free: 240581K (93%)
ptolemy.util.test.WatchDog.cancel(): canceling Tue May 29 01:19:13 UTC 2018
auto.tcl: Setting watchdog for 200 seconds at Tue May 29 01:19:13 UTC 2018
1 ms. Memory: 257536K Free: 240581K (93%)
ptolemy.util.test.WatchDog.cancel(): canceling Tue May 29 01:19:13 UTC 2018
------------------ testing $PTII/ptolemy/domains/de/test/auto/fsm_de_test.xml
auto.tcl: Setting watchdog for 200 seconds at Tue May 29 01:19:13 UTC 2018
9 ms. Memory: 256512K Free: 237710K (93%)
ptolemy.util.test.WatchDog.cancel(): canceling Tue May 29 01:19:13 UTC 2018
auto.tcl: Setting watchdog for 200 seconds at Tue May 29 01:19:13 UTC 2018
6 ms. Memory: 256512K Free: 237710K (93%)
ptolemy.util.test.WatchDog.cancel(): canceling Tue May 29 01:19:13 UTC 2018
------------------ testing $PTII/ptolemy/domains/de/test/auto/functionDependencyReconstruction.xml
auto.tcl: Setting watchdog for 200 seconds at Tue May 29 01:19:13 UTC 2018
2 ms. Memory: 257024K Free: 232917K (91%)
ptolemy.util.test.WatchDog.cancel(): canceling Tue May 29 01:19:13 UTC 2018
auto.tcl: Setting watchdog for 200 seconds at Tue May 29 01:19:13 UTC 2018
3 ms. Memory: 257024K Free: 230287K (90%)
ptolemy.util.test.WatchDog.cancel(): canceling Tue May 29 01:19:13 UTC 2018
------------------ testing $PTII/ptolemy/domains/de/test/auto/multirate.xml
auto.tcl: Setting watchdog for 200 seconds at Tue May 29 01:19:13 UTC 2018
3 ms. Memory: 256512K Free: 241942K (94%)
ptolemy.util.test.WatchDog.cancel(): canceling Tue May 29 01:19:13 UTC 2018
auto.tcl: Setting watchdog for 200 seconds at Tue May 29 01:19:13 UTC 2018
3 ms. Memory: 256512K Free: 241942K (94%)
ptolemy.util.test.WatchDog.cancel(): canceling Tue May 29 01:19:13 UTC 2018
------------------ testing $PTII/ptolemy/domains/de/test/auto/multirate2.xml
auto.tcl: Setting watchdog for 200 seconds at Tue May 29 01:19:13 UTC 2018
5 ms. Memory: 257024K Free: 242640K (94%)
ptolemy.util.test.WatchDog.cancel(): canceling Tue May 29 01:19:13 UTC 2018
auto.tcl: Setting watchdog for 200 seconds at Tue May 29 01:19:13 UTC 2018
2 ms. Memory: 257024K Free: 242640K (94%)
ptolemy.util.test.WatchDog.cancel(): canceling Tue May 29 01:19:13 UTC 2018
------------------ testing $PTII/ptolemy/domains/de/test/auto/realtime.xml
auto.tcl: Setting watchdog for 200 seconds at Tue May 29 01:19:13 UTC 2018
10002 ms. Memory: 256512K Free: 244781K (95%)
ptolemy.util.test.WatchDog.cancel(): canceling Tue May 29 01:19:23 UTC 2018
auto.tcl: Setting watchdog for 200 seconds at Tue May 29 01:19:23 UTC 2018
10002 ms. Memory: 256512K Free: 244781K (95%)
ptolemy.util.test.WatchDog.cancel(): canceling Tue May 29 01:19:33 UTC 2018
------------------ testing $PTII/ptolemy/domains/de/test/auto/relationGroup.xml
auto.tcl: Setting watchdog for 200 seconds at Tue May 29 01:19:33 UTC 2018
1 ms. Memory: 257024K Free: 247952K (96%)
ptolemy.util.test.WatchDog.cancel(): canceling Tue May 29 01:19:33 UTC 2018
auto.tcl: Setting watchdog for 200 seconds at Tue May 29 01:19:33 UTC 2018
1 ms. Memory: 257024K Free: 245305K (95%)
ptolemy.util.test.WatchDog.cancel(): canceling Tue May 29 01:19:33 UTC 2018
------------------ testing $PTII/ptolemy/domains/de/test/auto/relationGroup2.xml
auto.tcl: Setting watchdog for 200 seconds at Tue May 29 01:19:33 UTC 2018
2 ms. Memory: 256512K Free: 247466K (96%)
ptolemy.util.test.WatchDog.cancel(): canceling Tue May 29 01:19:33 UTC 2018
auto.tcl: Setting watchdog for 200 seconds at Tue May 29 01:19:33 UTC 2018
1 ms. Memory: 256512K Free: 244836K (95%)
ptolemy.util.test.WatchDog.cancel(): canceling Tue May 29 01:19:33 UTC 2018
------------------ testing $PTII/ptolemy/domains/de/test/auto/sortWithOpaquePorts.xml
auto.tcl: Setting watchdog for 200 seconds at Tue May 29 01:19:33 UTC 2018
1 ms. Memory: 257024K Free: 243598K (95%)
ptolemy.util.test.WatchDog.cancel(): canceling Tue May 29 01:19:33 UTC 2018
auto.tcl: Setting watchdog for 200 seconds at Tue May 29 01:19:33 UTC 2018
1 ms. Memory: 257024K Free: 243598K (95%)
ptolemy.util.test.WatchDog.cancel(): canceling Tue May 29 01:19:33 UTC 2018
------------------ testing $PTII/ptolemy/domains/de/test/auto/transferInputsandOutputs.xml
auto.tcl: Setting watchdog for 200 seconds at Tue May 29 01:19:33 UTC 2018
1 ms. Memory: 256512K Free: 240427K (94%)
ptolemy.util.test.WatchDog.cancel(): canceling Tue May 29 01:19:33 UTC 2018
auto.tcl: Setting watchdog for 200 seconds at Tue May 29 01:19:33 UTC 2018
1 ms. Memory: 256512K Free: 240427K (94%)
ptolemy.util.test.WatchDog.cancel(): canceling Tue May 29 01:19:33 UTC 2018
------------------ testing $PTII/ptolemy/domains/de/test/auto/triggerType.xml
auto.tcl: Setting watchdog for 200 seconds at Tue May 29 01:19:33 UTC 2018
1 ms. Memory: 257024K Free: 243528K (95%)
ptolemy.util.test.WatchDog.cancel(): canceling Tue May 29 01:19:33 UTC 2018
auto.tcl: Setting watchdog for 200 seconds at Tue May 29 01:19:33 UTC 2018
1 ms. Memory: 257024K Free: 243528K (95%)
ptolemy.util.test.WatchDog.cancel(): canceling Tue May 29 01:19:33 UTC 2018
05/29/18 01:19:33
Failed: 0  Total Tests: 192  ((Passed: 187, Newly Passed: 1)  Known Failed: 5) /home/travis/build/icyphy/ptII/ptolemy/domains/de/test
05/29/18 01:19:33
Failed: 0  Total Tests: 192  ((Passed: 187, Newly Passed: 1)  Known Failed: 5) /home/travis/build/icyphy/ptII/ptolemy/domains/de/test
----------------- testing (KnownFailure) /home/travis/build/icyphy/ptII/ptolemy/domains/de/test/auto/knownFailedTests/DESDFClockTest.xml
2009 ms. Memory: 256512K Free: 235184K (92%)
Known Failure: java.lang.reflect.InvocationTargetException
----------------- testing (KnownFailure) /home/travis/build/icyphy/ptII/ptolemy/domains/de/test/auto/knownFailedTests/DirectFeedback.xml
1 ms. Memory: 256512K Free: 221173K (86%)
Known Failure: java.lang.reflect.InvocationTargetException
----------------- testing (KnownFailure) /home/travis/build/icyphy/ptII/ptolemy/domains/de/test/auto/knownFailedTests/FSMSource.xml
4 ms. Memory: 256512K Free: 203647K (79%)
----------------- testing (KnownFailure) /home/travis/build/icyphy/ptII/ptolemy/domains/de/test/auto/knownFailedTests/HierarchicalModel.xml
1 ms. Memory: 256512K Free: 182617K (71%)
Known Failure: java.lang.reflect.InvocationTargetException
----------------- testing (KnownFailure) /home/travis/build/icyphy/ptII/ptolemy/domains/de/test/auto/knownFailedTests/dependencyLoop.xml
1 ms. Memory: 256512K Free: 154583K (60%)
Known Failure: java.lang.reflect.InvocationTargetException
----------------- testing (KnownFailure) /home/travis/build/icyphy/ptII/ptolemy/domains/de/test/auto/knownFailedTests/dependencyLoop2.xml
3 ms. Memory: 256512K Free: 126550K (49%)
Known Failure: java.lang.reflect.InvocationTargetException
No auto/*.xml tests in /home/travis/build/icyphy/ptII/ptolemy/domains/de/test
AutoTests.java: About to close Vertx.
AutoTests.java: Vertx closed.
----------------- testing Tue May 29 01:19:35 UTC 2018 /home/travis/build/icyphy/ptII/ptolemy/domains/de/test/auto/ActorDepthCalculation_actorWithoutPorts.xml
----------------- Instantiating /home/travis/build/icyphy/ptII/ptolemy/domains/de/test/auto/ActorDepthCalculation_actorWithoutPorts.xml
2 ms. Memory: 256512K Free: 105522K (41%)
----------------- Invoking toplevel() on ptolemy.moml.MoMLSimpleApplication@47aa9684
----------------- Done invoking toplevel() on ptolemy.moml.MoMLSimpleApplication@47aa9684
reloadAllAccessors: .ActorDepthCalculation_actorWithoutPorts
----------------- testing Tue May 29 01:19:36 UTC 2018 /home/travis/build/icyphy/ptII/ptolemy/domains/de/test/auto/AssemblyLine.xml
----------------- Instantiating /home/travis/build/icyphy/ptII/ptolemy/domains/de/test/auto/AssemblyLine.xml
1 ms. Memory: 256512K Free: 95007K (37%)
----------------- Invoking toplevel() on ptolemy.moml.MoMLSimpleApplication@42dc4d71
----------------- Done invoking toplevel() on ptolemy.moml.MoMLSimpleApplication@42dc4d71
reloadAllAccessors: .AssemblyLine
----------------- testing Tue May 29 01:19:36 UTC 2018 /home/travis/build/icyphy/ptII/ptolemy/domains/de/test/auto/CQBug1.xml
----------------- Instantiating /home/travis/build/icyphy/ptII/ptolemy/domains/de/test/auto/CQBug1.xml
0 ms. Memory: 256512K Free: 88003K (34%)
----------------- Invoking toplevel() on ptolemy.moml.MoMLSimpleApplication@14c0fb1b
----------------- Done invoking toplevel() on ptolemy.moml.MoMLSimpleApplication@14c0fb1b
reloadAllAccessors: .CQBug1
----------------- testing Tue May 29 01:19:36 UTC 2018 /home/travis/build/icyphy/ptII/ptolemy/domains/de/test/auto/CancelFireAt.xml
----------------- Instantiating /home/travis/build/icyphy/ptII/ptolemy/domains/de/test/auto/CancelFireAt.xml
1 ms. Memory: 256512K Free: 78368K (31%)
----------------- Invoking toplevel() on ptolemy.moml.MoMLSimpleApplication@2cace9d9
----------------- Done invoking toplevel() on ptolemy.moml.MoMLSimpleApplication@2cace9d9
reloadAllAccessors: .CancelFireAt
----------------- testing Tue May 29 01:19:36 UTC 2018 /home/travis/build/icyphy/ptII/ptolemy/domains/de/test/auto/CausalityAndComposabilityAnalysis.xml
----------------- Instantiating /home/travis/build/icyphy/ptII/ptolemy/domains/de/test/auto/CausalityAndComposabilityAnalysis.xml
2 ms. Memory: 249856K Free: 239619K (96%)
----------------- Invoking toplevel() on ptolemy.moml.MoMLSimpleApplication@33e3717
----------------- Done invoking toplevel() on ptolemy.moml.MoMLSimpleApplication@33e3717
reloadAllAccessors: .CausalityAndComposabilityAnalysis
----------------- testing Tue May 29 01:19:36 UTC 2018 /home/travis/build/icyphy/ptII/ptolemy/domains/de/test/auto/CausalityInterface1.xml
----------------- Instantiating /home/travis/build/icyphy/ptII/ptolemy/domains/de/test/auto/CausalityInterface1.xml
4 ms. Memory: 249856K Free: 231220K (93%)
----------------- Invoking toplevel() on ptolemy.moml.MoMLSimpleApplication@16021bfc
----------------- Done invoking toplevel() on ptolemy.moml.MoMLSimpleApplication@16021bfc
reloadAllAccessors: .CausalityInterface1
----------------- testing Tue May 29 01:19:36 UTC 2018 /home/travis/build/icyphy/ptII/ptolemy/domains/de/test/auto/CausalityInterface15.xml
----------------- Instantiating /home/travis/build/icyphy/ptII/ptolemy/domains/de/test/auto/CausalityInterface15.xml
2 ms. Memory: 249856K Free: 224487K (90%)
----------------- Invoking toplevel() on ptolemy.moml.MoMLSimpleApplication@1ee99f90
----------------- Done invoking toplevel() on ptolemy.moml.MoMLSimpleApplication@1ee99f90
reloadAllAccessors: .CausalityInterface15
----------------- testing Tue May 29 01:19:36 UTC 2018 /home/travis/build/icyphy/ptII/ptolemy/domains/de/test/auto/CausalityInterface2.xml
----------------- Instantiating /home/travis/build/icyphy/ptII/ptolemy/domains/de/test/auto/CausalityInterface2.xml
1 ms. Memory: 249856K Free: 217761K (87%)
----------------- Invoking toplevel() on ptolemy.moml.MoMLSimpleApplication@7ff9802a
----------------- Done invoking toplevel() on ptolemy.moml.MoMLSimpleApplication@7ff9802a
reloadAllAccessors: .CausalityInterface2
----------------- testing Tue May 29 01:19:36 UTC 2018 /home/travis/build/icyphy/ptII/ptolemy/domains/de/test/auto/CausalityInterface3.xml
[...]
java.lang.RuntimeException: Execution failed
	at ptolemy.moml.MoMLSimpleApplication$UnloadThread.run(MoMLSimpleApplication.java:402)
Caused by: ptolemy.kernel.util.IllegalActionException: Test fails in iteration 1.
Value was: 1.0. Should have been: 2.0
  in .DirectFeedback.Test
	at ptolemy.actor.lib.Test.fire(Test.java:268)
	at ptolemy.domains.de.kernel.DEDirector._fire(DEDirector.java:1948)
	at ptolemy.domains.de.kernel.DEDirector.fire(DEDirector.java:502)
	at ptolemy.actor.CompositeActor.fire(CompositeActor.java:455)
	at ptolemy.actor.Manager.iterate(Manager.java:851)
	at ptolemy.actor.Manager.execute(Manager.java:369)
	at ptolemy.actor.Manager.run(Manager.java:1263)
	at ptolemy.actor.Manager$PtolemyRunThread.run(Manager.java:1915)
java.lang.RuntimeException: Execution failed
	at ptolemy.moml.MoMLSimpleApplication$UnloadThread.run(MoMLSimpleApplication.java:402)
Caused by: ptolemy.kernel.util.IllegalActionException: Actor is not ready to fire.  Perhaps UpSample.prefire() returned false? Try debugging the actor by selecting "Listen to Actor".  Also, for SDF check moml for tokenConsumptionRate on input.
  in .DESDFClockTest.Play Bell.Copy1:SDF Director and .DESDFClockTest.Play Bell.UpSample
	at ptolemy.actor.sched.StaticSchedulingDirector.fire(StaticSchedulingDirector.java:227)
	at ptolemy.domains.sdf.kernel.SDFDirector.fire(SDFDirector.java:500)
	at ptolemy.actor.CompositeActor.fire(CompositeActor.java:455)
	at ptolemy.domains.de.kernel.DEDirector._fire(DEDirector.java:1948)
	at ptolemy.domains.de.kernel.DEDirector.fire(DEDirector.java:502)
	at ptolemy.actor.CompositeActor.fire(CompositeActor.java:455)
	at ptolemy.actor.Manager.iterate(Manager.java:851)
	at ptolemy.actor.Manager.execute(Manager.java:369)
	at ptolemy.actor.Manager.run(Manager.java:1263)
	at ptolemy.actor.Manager$PtolemyRunThread.run(Manager.java:1915)
java.lang.reflect.InvocationTargetException
	at sun.reflect.NativeConstructorAccessorImpl.newInstance0(Native Method)
	at sun.reflect.NativeConstructorAccessorImpl.newInstance(NativeConstructorAccessorImpl.java:62)
	at sun.reflect.DelegatingConstructorAccessorImpl.newInstance(DelegatingConstructorAccessorImpl.java:45)
	at java.lang.reflect.Constructor.newInstance(Constructor.java:423)
	at ptolemy.util.test.junit.AutoKnownFailedTests.RunModel(AutoKnownFailedTests.java:107)
	at sun.reflect.NativeMethodAccessorImpl.invoke0(Native Method)
	at sun.reflect.NativeMethodAccessorImpl.invoke(NativeMethodAccessorImpl.java:62)
	at sun.reflect.DelegatingMethodAccessorImpl.invoke(DelegatingMethodAccessorImpl.java:43)
	at java.lang.reflect.Method.invoke(Method.java:498)
	at org.junit.runners.model.FrameworkMethod$1.runReflectiveCall(FrameworkMethod.java:44)
	at org.junit.internal.runners.model.ReflectiveCallable.run(ReflectiveCallable.java:15)
	at org.junit.runners.model.FrameworkMethod.invokeExplosively(FrameworkMethod.java:41)
	at junitparams.internal.InvokeParameterisedMethod.evaluate(InvokeParameterisedMethod.java:102)
	at org.junit.internal.runners.statements.FailOnTimeout$1.run(FailOnTimeout.java:28)
Caused by: ptolemy.kernel.util.IllegalActionException: Actor is not ready to fire.  Perhaps UpSample.prefire() returned false? Try debugging the actor by selecting "Listen to Actor".  Also, for SDF check moml for tokenConsumptionRate on input.
  in .DESDFClockTest.Play Bell.Copy1:SDF Director and .DESDFClockTest.Play Bell.UpSample
	at ptolemy.actor.sched.StaticSchedulingDirector.fire(StaticSchedulingDirector.java:227)
	at ptolemy.domains.sdf.kernel.SDFDirector.fire(SDFDirector.java:500)
	at ptolemy.actor.CompositeActor.fire(CompositeActor.java:455)
	at ptolemy.domains.de.kernel.DEDirector._fire(DEDirector.java:1948)
	at ptolemy.domains.de.kernel.DEDirector.fire(DEDirector.java:502)
	at ptolemy.actor.CompositeActor.fire(CompositeActor.java:455)
	at ptolemy.actor.Manager.iterate(Manager.java:851)
	at ptolemy.actor.Manager.execute(Manager.java:369)
	at ptolemy.actor.Manager.run(Manager.java:1263)
	at ptolemy.actor.Manager$PtolemyRunThread.run(Manager.java:1915)
java.lang.RuntimeException: Execution failed
	at ptolemy.moml.MoMLSimpleApplication$UnloadThread.run(MoMLSimpleApplication.java:402)
Caused by: ptolemy.kernel.util.IllegalActionException: Test fails in iteration 1.
Value was: 1.0. Should have been: 2.0
  in .DirectFeedback.Test
	at ptolemy.actor.lib.Test.fire(Test.java:268)
	at ptolemy.domains.de.kernel.DEDirector._fire(DEDirector.java:1948)
	at ptolemy.domains.de.kernel.DEDirector.fire(DEDirector.java:502)
	at ptolemy.actor.CompositeActor.fire(CompositeActor.java:455)
	at ptolemy.actor.Manager.iterate(Manager.java:851)
	at ptolemy.actor.Manager.execute(Manager.java:369)
	at ptolemy.actor.Manager.run(Manager.java:1263)
	at ptolemy.actor.Manager$PtolemyRunThread.run(Manager.java:1915)
java.lang.reflect.InvocationTargetException
	at sun.reflect.NativeConstructorAccessorImpl.newInstance0(Native Method)
	at sun.reflect.NativeConstructorAccessorImpl.newInstance(NativeConstructorAccessorImpl.java:62)
	at sun.reflect.DelegatingConstructorAccessorImpl.newInstance(DelegatingConstructorAccessorImpl.java:45)
	at java.lang.reflect.Constructor.newInstance(Constructor.java:423)
	at ptolemy.util.test.junit.AutoKnownFailedTests.RunModel(AutoKnownFailedTests.java:107)
	at sun.reflect.NativeMethodAccessorImpl.invoke0(Native Method)
	at sun.reflect.NativeMethodAccessorImpl.invoke(NativeMethodAccessorImpl.java:62)
	at sun.reflect.DelegatingMethodAccessorImpl.invoke(DelegatingMethodAccessorImpl.java:43)
	at java.lang.reflect.Method.invoke(Method.java:498)
	at org.junit.runners.model.FrameworkMethod$1.runReflectiveCall(FrameworkMethod.java:44)
	at org.junit.internal.runners.model.ReflectiveCallable.run(ReflectiveCallable.java:15)
	at org.junit.runners.model.FrameworkMethod.invokeExplosively(FrameworkMethod.java:41)
	at junitparams.internal.InvokeParameterisedMethod.evaluate(InvokeParameterisedMethod.java:102)
	at org.junit.internal.runners.statements.FailOnTimeout$1.run(FailOnTimeout.java:28)
Caused by: ptolemy.kernel.util.IllegalActionException: Test fails in iteration 1.
Value was: 1.0. Should have been: 2.0
  in .DirectFeedback.Test
	at ptolemy.actor.lib.Test.fire(Test.java:268)
	at ptolemy.domains.de.kernel.DEDirector._fire(DEDirector.java:1948)
	at ptolemy.domains.de.kernel.DEDirector.fire(DEDirector.java:502)
	at ptolemy.actor.CompositeActor.fire(CompositeActor.java:455)
	at ptolemy.actor.Manager.iterate(Manager.java:851)
	at ptolemy.actor.Manager.execute(Manager.java:369)
	at ptolemy.actor.Manager.run(Manager.java:1263)
	at ptolemy.actor.Manager$PtolemyRunThread.run(Manager.java:1915)
java.lang.RuntimeException: Execution failed
	at ptolemy.moml.MoMLSimpleApplication$UnloadThread.run(MoMLSimpleApplication.java:402)
Caused by: ptolemy.kernel.util.IllegalActionException: Found a zero delay loop containing .HierarchicalModel.A
  in .HierarchicalModel and .HierarchicalModel.A
	at ptolemy.actor.util.CausalityInterfaceForComposites._computeOutputPortDepth(CausalityInterfaceForComposites.java:759)
	at ptolemy.actor.util.CausalityInterfaceForComposites._computeInputDepth(CausalityInterfaceForComposites.java:696)
	at ptolemy.actor.util.CausalityInterfaceForComposites._computeOutputPortDepth(CausalityInterfaceForComposites.java:765)
	at ptolemy.actor.util.CausalityInterfaceForComposites._computeInputDepth(CausalityInterfaceForComposites.java:696)
	at ptolemy.actor.util.CausalityInterfaceForComposites._computeOutputPortDepth(CausalityInterfaceForComposites.java:765)
	at ptolemy.actor.util.CausalityInterfaceForComposites._computeInputDepth(CausalityInterfaceForComposites.java:696)
	at ptolemy.actor.util.CausalityInterfaceForComposites._computeActorDepth(CausalityInterfaceForComposites.java:532)
	at ptolemy.actor.util.CausalityInterfaceForComposites.checkForCycles(CausalityInterfaceForComposites.java:96)
	at ptolemy.domains.de.kernel.DEDirector.preinitialize(DEDirector.java:1337)
	at ptolemy.actor.CompositeActor.preinitialize(CompositeActor.java:1828)
	at ptolemy.actor.Manager.preinitializeAndResolveTypes(Manager.java:1040)
	at ptolemy.actor.Manager.initialize(Manager.java:710)
	at ptolemy.actor.Manager.execute(Manager.java:356)
	at ptolemy.actor.Manager.run(Manager.java:1263)
	at ptolemy.actor.Manager$PtolemyRunThread.run(Manager.java:1915)
java.lang.reflect.InvocationTargetException
	at sun.reflect.NativeConstructorAccessorImpl.newInstance0(Native Method)
	at sun.reflect.NativeConstructorAccessorImpl.newInstance(NativeConstructorAccessorImpl.java:62)
	at sun.reflect.DelegatingConstructorAccessorImpl.newInstance(DelegatingConstructorAccessorImpl.java:45)
	at java.lang.reflect.Constructor.newInstance(Constructor.java:423)
	at ptolemy.util.test.junit.AutoKnownFailedTests.RunModel(AutoKnownFailedTests.java:107)
	at sun.reflect.NativeMethodAccessorImpl.invoke0(Native Method)
	at sun.reflect.NativeMethodAccessorImpl.invoke(NativeMethodAccessorImpl.java:62)
	at sun.reflect.DelegatingMethodAccessorImpl.invoke(DelegatingMethodAccessorImpl.java:43)
	at java.lang.reflect.Method.invoke(Method.java:498)
	at org.junit.runners.model.FrameworkMethod$1.runReflectiveCall(FrameworkMethod.java:44)
	at org.junit.internal.runners.model.ReflectiveCallable.run(ReflectiveCallable.java:15)
	at org.junit.runners.model.FrameworkMethod.invokeExplosively(FrameworkMethod.java:41)
	at junitparams.internal.InvokeParameterisedMethod.evaluate(InvokeParameterisedMethod.java:102)
	at org.junit.internal.runners.statements.FailOnTimeout$1.run(FailOnTimeout.java:28)
Caused by: ptolemy.kernel.util.IllegalActionException: Found a zero delay loop containing .HierarchicalModel.A
  in .HierarchicalModel and .HierarchicalModel.A
	at ptolemy.actor.util.CausalityInterfaceForComposites._computeOutputPortDepth(CausalityInterfaceForComposites.java:759)
	at ptolemy.actor.util.CausalityInterfaceForComposites._computeInputDepth(CausalityInterfaceForComposites.java:696)
	at ptolemy.actor.util.CausalityInterfaceForComposites._computeOutputPortDepth(CausalityInterfaceForComposites.java:765)
	at ptolemy.actor.util.CausalityInterfaceForComposites._computeInputDepth(CausalityInterfaceForComposites.java:696)
	at ptolemy.actor.util.CausalityInterfaceForComposites._computeOutputPortDepth(CausalityInterfaceForComposites.java:765)
	at ptolemy.actor.util.CausalityInterfaceForComposites._computeInputDepth(CausalityInterfaceForComposites.java:696)
	at ptolemy.actor.util.CausalityInterfaceForComposites._computeActorDepth(CausalityInterfaceForComposites.java:532)
	at ptolemy.actor.util.CausalityInterfaceForComposites.checkForCycles(CausalityInterfaceForComposites.java:96)
	at ptolemy.domains.de.kernel.DEDirector.preinitialize(DEDirector.java:1337)
	at ptolemy.actor.CompositeActor.preinitialize(CompositeActor.java:1828)
	at ptolemy.actor.Manager.preinitializeAndResolveTypes(Manager.java:1040)
	at ptolemy.actor.Manager.initialize(Manager.java:710)
	at ptolemy.actor.Manager.execute(Manager.java:356)
	at ptolemy.actor.Manager.run(Manager.java:1263)
	at ptolemy.actor.Manager$PtolemyRunThread.run(Manager.java:1915)
java.lang.RuntimeException: Execution failed
	at ptolemy.moml.MoMLSimpleApplication$UnloadThread.run(MoMLSimpleApplication.java:402)
Caused by: ptolemy.kernel.util.IllegalActionException: Found a zero delay loop containing .dependencyLoop.original
  in .dependencyLoop and .dependencyLoop.original
	at ptolemy.actor.util.CausalityInterfaceForComposites._computeOutputPortDepth(CausalityInterfaceForComposites.java:759)
	at ptolemy.actor.util.CausalityInterfaceForComposites._computeInputDepth(CausalityInterfaceForComposites.java:696)
	at ptolemy.actor.util.CausalityInterfaceForComposites._computeOutputPortDepth(CausalityInterfaceForComposites.java:765)
	at ptolemy.actor.util.CausalityInterfaceForComposites._computeInputDepth(CausalityInterfaceForComposites.java:696)
	at ptolemy.actor.util.CausalityInterfaceForComposites._computeOutputPortDepth(CausalityInterfaceForComposites.java:765)
	at ptolemy.actor.util.CausalityInterfaceForComposites._computeInputDepth(CausalityInterfaceForComposites.java:696)
	at ptolemy.actor.util.CausalityInterfaceForComposites._computeActorDepth(CausalityInterfaceForComposites.java:532)
	at ptolemy.actor.util.CausalityInterfaceForComposites.checkForCycles(CausalityInterfaceForComposites.java:96)
	at ptolemy.domains.de.kernel.DEDirector.preinitialize(DEDirector.java:1337)
	at ptolemy.actor.CompositeActor.preinitialize(CompositeActor.java:1828)
	at ptolemy.actor.Manager.preinitializeAndResolveTypes(Manager.java:1040)
	at ptolemy.actor.Manager.initialize(Manager.java:710)
	at ptolemy.actor.Manager.execute(Manager.java:356)
	at ptolemy.actor.Manager.run(Manager.java:1263)
	at ptolemy.actor.Manager$PtolemyRunThread.run(Manager.java:1915)
java.lang.reflect.InvocationTargetException
	at sun.reflect.NativeConstructorAccessorImpl.newInstance0(Native Method)
	at sun.reflect.NativeConstructorAccessorImpl.newInstance(NativeConstructorAccessorImpl.java:62)
	at sun.reflect.DelegatingConstructorAccessorImpl.newInstance(DelegatingConstructorAccessorImpl.java:45)
	at java.lang.reflect.Constructor.newInstance(Constructor.java:423)
	at ptolemy.util.test.junit.AutoKnownFailedTests.RunModel(AutoKnownFailedTests.java:107)
	at sun.reflect.NativeMethodAccessorImpl.invoke0(Native Method)
	at sun.reflect.NativeMethodAccessorImpl.invoke(NativeMethodAccessorImpl.java:62)
	at sun.reflect.DelegatingMethodAccessorImpl.invoke(DelegatingMethodAccessorImpl.java:43)
	at java.lang.reflect.Method.invoke(Method.java:498)
	at org.junit.runners.model.FrameworkMethod$1.runReflectiveCall(FrameworkMethod.java:44)
	at org.junit.internal.runners.model.ReflectiveCallable.run(ReflectiveCallable.java:15)
	at org.junit.runners.model.FrameworkMethod.invokeExplosively(FrameworkMethod.java:41)
	at junitparams.internal.InvokeParameterisedMethod.evaluate(InvokeParameterisedMethod.java:102)
	at org.junit.internal.runners.statements.FailOnTimeout$1.run(FailOnTimeout.java:28)
Caused by: ptolemy.kernel.util.IllegalActionException: Found a zero delay loop containing .dependencyLoop.original
  in .dependencyLoop and .dependencyLoop.original
	at ptolemy.actor.util.CausalityInterfaceForComposites._computeOutputPortDepth(CausalityInterfaceForComposites.java:759)
	at ptolemy.actor.util.CausalityInterfaceForComposites._computeInputDepth(CausalityInterfaceForComposites.java:696)
	at ptolemy.actor.util.CausalityInterfaceForComposites._computeOutputPortDepth(CausalityInterfaceForComposites.java:765)
	at ptolemy.actor.util.CausalityInterfaceForComposites._computeInputDepth(CausalityInterfaceForComposites.java:696)
	at ptolemy.actor.util.CausalityInterfaceForComposites._computeOutputPortDepth(CausalityInterfaceForComposites.java:765)
	at ptolemy.actor.util.CausalityInterfaceForComposites._computeInputDepth(CausalityInterfaceForComposites.java:696)
	at ptolemy.actor.util.CausalityInterfaceForComposites._computeActorDepth(CausalityInterfaceForComposites.java:532)
	at ptolemy.actor.util.CausalityInterfaceForComposites.checkForCycles(CausalityInterfaceForComposites.java:96)
	at ptolemy.domains.de.kernel.DEDirector.preinitialize(DEDirector.java:1337)
	at ptolemy.actor.CompositeActor.preinitialize(CompositeActor.java:1828)
	at ptolemy.actor.Manager.preinitializeAndResolveTypes(Manager.java:1040)
	at ptolemy.actor.Manager.initialize(Manager.java:710)
	at ptolemy.actor.Manager.execute(Manager.java:356)
	at ptolemy.actor.Manager.run(Manager.java:1263)
	at ptolemy.actor.Manager$PtolemyRunThread.run(Manager.java:1915)
java.lang.RuntimeException: Execution failed
	at ptolemy.moml.MoMLSimpleApplication$UnloadThread.run(MoMLSimpleApplication.java:402)
Caused by: ptolemy.kernel.util.IllegalActionException: Found a zero delay loop containing .dependencyLoop2.original
  in .dependencyLoop2 and .dependencyLoop2.original
	at ptolemy.actor.util.CausalityInterfaceForComposites._computeOutputPortDepth(CausalityInterfaceForComposites.java:759)
	at ptolemy.actor.util.CausalityInterfaceForComposites._computeInputDepth(CausalityInterfaceForComposites.java:696)
	at ptolemy.actor.util.CausalityInterfaceForComposites._computeOutputPortDepth(CausalityInterfaceForComposites.java:765)
	at ptolemy.actor.util.CausalityInterfaceForComposites._computeInputDepth(CausalityInterfaceForComposites.java:696)
	at ptolemy.actor.util.CausalityInterfaceForComposites._computeOutputPortDepth(CausalityInterfaceForComposites.java:765)
	at ptolemy.actor.util.CausalityInterfaceForComposites._computeInputDepth(CausalityInterfaceForComposites.java:696)
	at ptolemy.actor.util.CausalityInterfaceForComposites._computeActorDepth(CausalityInterfaceForComposites.java:532)
	at ptolemy.actor.util.CausalityInterfaceForComposites.checkForCycles(CausalityInterfaceForComposites.java:96)
	at ptolemy.domains.de.kernel.DEDirector.preinitialize(DEDirector.java:1337)
	at ptolemy.actor.CompositeActor.preinitialize(CompositeActor.java:1828)
	at ptolemy.actor.Manager.preinitializeAndResolveTypes(Manager.java:1040)
	at ptolemy.actor.Manager.initialize(Manager.java:710)
	at ptolemy.actor.Manager.execute(Manager.java:356)
	at ptolemy.actor.Manager.run(Manager.java:1263)
	at ptolemy.actor.Manager$PtolemyRunThread.run(Manager.java:1915)
java.lang.reflect.InvocationTargetException
	at sun.reflect.NativeConstructorAccessorImpl.newInstance0(Native Method)
	at sun.reflect.NativeConstructorAccessorImpl.newInstance(NativeConstructorAccessorImpl.java:62)
	at sun.reflect.DelegatingConstructorAccessorImpl.newInstance(DelegatingConstructorAccessorImpl.java:45)
	at java.lang.reflect.Constructor.newInstance(Constructor.java:423)
	at ptolemy.util.test.junit.AutoKnownFailedTests.RunModel(AutoKnownFailedTests.java:107)
	at sun.reflect.NativeMethodAccessorImpl.invoke0(Native Method)
	at sun.reflect.NativeMethodAccessorImpl.invoke(NativeMethodAccessorImpl.java:62)
	at sun.reflect.DelegatingMethodAccessorImpl.invoke(DelegatingMethodAccessorImpl.java:43)
	at java.lang.reflect.Method.invoke(Method.java:498)
	at org.junit.runners.model.FrameworkMethod$1.runReflectiveCall(FrameworkMethod.java:44)
	at org.junit.internal.runners.model.ReflectiveCallable.run(ReflectiveCallable.java:15)
	at org.junit.runners.model.FrameworkMethod.invokeExplosively(FrameworkMethod.java:41)
	at junitparams.internal.InvokeParameterisedMethod.evaluate(InvokeParameterisedMethod.java:102)
	at org.junit.internal.runners.statements.FailOnTimeout$1.run(FailOnTimeout.java:28)
Caused by: ptolemy.kernel.util.IllegalActionException: Found a zero delay loop containing .dependencyLoop2.original
  in .dependencyLoop2 and .dependencyLoop2.original
	at ptolemy.actor.util.CausalityInterfaceForComposites._computeOutputPortDepth(CausalityInterfaceForComposites.java:759)
	at ptolemy.actor.util.CausalityInterfaceForComposites._computeInputDepth(CausalityInterfaceForComposites.java:696)
	at ptolemy.actor.util.CausalityInterfaceForComposites._computeOutputPortDepth(CausalityInterfaceForComposites.java:765)
	at ptolemy.actor.util.CausalityInterfaceForComposites._computeInputDepth(CausalityInterfaceForComposites.java:696)
	at ptolemy.actor.util.CausalityInterfaceForComposites._computeOutputPortDepth(CausalityInterfaceForComposites.java:765)
	at ptolemy.actor.util.CausalityInterfaceForComposites._computeInputDepth(CausalityInterfaceForComposites.java:696)
	at ptolemy.actor.util.CausalityInterfaceForComposites._computeActorDepth(CausalityInterfaceForComposites.java:532)
	at ptolemy.actor.util.CausalityInterfaceForComposites.checkForCycles(CausalityInterfaceForComposites.java:96)
	at ptolemy.domains.de.kernel.DEDirector.preinitialize(DEDirector.java:1337)
	at ptolemy.actor.CompositeActor.preinitialize(CompositeActor.java:1828)
	at ptolemy.actor.Manager.preinitializeAndResolveTypes(Manager.java:1040)
	at ptolemy.actor.Manager.initialize(Manager.java:710)
	at ptolemy.actor.Manager.execute(Manager.java:356)
	at ptolemy.actor.Manager.run(Manager.java:1263)
	at ptolemy.actor.Manager$PtolemyRunThread.run(Manager.java:1915)
]]></system-err>
</testsuite>
