<?xml version="1.0" encoding="UTF-8" ?>
<testsuite errors="0" failures="0" hostname="travis-job-bc3dce4e-156b-457f-8c50-5e854111eb56" name="ptolemy.actor.lib.hoc.test.junit.JUnitTclTest" skipped="0" tests="58" time="33.341" timestamp="2018-05-19T00:54:48">
  <properties>
[...]
</properties>
  <testcase classname="ptolemy.util.test.junit.TclTests" name="[0] /home/travis/build/icyphy/ptII/ptolemy/actor/lib/hoc/test/IterateOverArray.tcl (RunTclFile)" time="0.338" />
  <testcase classname="ptolemy.util.test.junit.AutoKnownFailedTests" name="[0] /home/travis/build/icyphy/ptII/ptolemy/actor/lib/hoc/test/auto/knownFailedTests/PreinitializeMustBeInvokedRunComposite.xml (RunModel)" time="0.263" />
  <testcase classname="ptolemy.util.test.junit.AutoNameArchTests" name="[0] ThereAreNoAutoTests (RunModel)" time="0.001" />
  <testcase classname="ptolemy.util.test.junit.AutoTests" name="[0] /home/travis/build/icyphy/ptII/ptolemy/actor/lib/hoc/test/auto/AllToAllMultiInstanceComposite.xml (RunModel)" time="0.295" />
  <testcase classname="ptolemy.util.test.junit.AutoTests" name="[1] /home/travis/build/icyphy/ptII/ptolemy/actor/lib/hoc/test/auto/ApplyFFTTest.xml (RunModel)" time="0.333" />
  <testcase classname="ptolemy.util.test.junit.AutoTests" name="[2] /home/travis/build/icyphy/ptII/ptolemy/actor/lib/hoc/test/auto/ApplyFunction.xml (RunModel)" time="0.043" />
  <testcase classname="ptolemy.util.test.junit.AutoTests" name="[3] /home/travis/build/icyphy/ptII/ptolemy/actor/lib/hoc/test/auto/BackgroundExecution.xml (RunModel)" time="0.741" />
  <testcase classname="ptolemy.util.test.junit.AutoTests" name="[4] /home/travis/build/icyphy/ptII/ptolemy/actor/lib/hoc/test/auto/Case.xml (RunModel)" time="0.102" />
  <testcase classname="ptolemy.util.test.junit.AutoTests" name="[5] /home/travis/build/icyphy/ptII/ptolemy/actor/lib/hoc/test/auto/Case1.xml (RunModel)" time="0.056" />
  <testcase classname="ptolemy.util.test.junit.AutoTests" name="[6] /home/travis/build/icyphy/ptII/ptolemy/actor/lib/hoc/test/auto/Case2.xml (RunModel)" time="0.095" />
  <testcase classname="ptolemy.util.test.junit.AutoTests" name="[7] /home/travis/build/icyphy/ptII/ptolemy/actor/lib/hoc/test/auto/Case3.xml (RunModel)" time="0.071" />
  <testcase classname="ptolemy.util.test.junit.AutoTests" name="[8] /home/travis/build/icyphy/ptII/ptolemy/actor/lib/hoc/test/auto/Case4.xml (RunModel)" time="0.084" />
  <testcase classname="ptolemy.util.test.junit.AutoTests" name="[9] /home/travis/build/icyphy/ptII/ptolemy/actor/lib/hoc/test/auto/Case5.xml (RunModel)" time="0.06" />
  <testcase classname="ptolemy.util.test.junit.AutoTests" name="[10] /home/travis/build/icyphy/ptII/ptolemy/actor/lib/hoc/test/auto/Case6.xml (RunModel)" time="0.083" />
  <testcase classname="ptolemy.util.test.junit.AutoTests" name="[11] /home/travis/build/icyphy/ptII/ptolemy/actor/lib/hoc/test/auto/CaseString2.xml (RunModel)" time="0.034" />
  <testcase classname="ptolemy.util.test.junit.AutoTests" name="[12] /home/travis/build/icyphy/ptII/ptolemy/actor/lib/hoc/test/auto/CatchUpComposite1.xml (RunModel)" time="0.08" />
  <testcase classname="ptolemy.util.test.junit.AutoTests" name="[13] /home/travis/build/icyphy/ptII/ptolemy/actor/lib/hoc/test/auto/CatchUpComposite2.xml (RunModel)" time="0.044" />
  <testcase classname="ptolemy.util.test.junit.AutoTests" name="[14] /home/travis/build/icyphy/ptII/ptolemy/actor/lib/hoc/test/auto/CatchUpComposite3.xml (RunModel)" time="0.052" />
  <testcase classname="ptolemy.util.test.junit.AutoTests" name="[15] /home/travis/build/icyphy/ptII/ptolemy/actor/lib/hoc/test/auto/CatchUpComposite4.xml (RunModel)" time="0.074" />
  <testcase classname="ptolemy.util.test.junit.AutoTests" name="[16] /home/travis/build/icyphy/ptII/ptolemy/actor/lib/hoc/test/auto/CatchUpComposite5.xml (RunModel)" time="0.068" />
  <testcase classname="ptolemy.util.test.junit.AutoTests" name="[17] /home/travis/build/icyphy/ptII/ptolemy/actor/lib/hoc/test/auto/CatchUpComposite6.xml (RunModel)" time="0.22" />
  <testcase classname="ptolemy.util.test.junit.AutoTests" name="[18] /home/travis/build/icyphy/ptII/ptolemy/actor/lib/hoc/test/auto/CatchUpComposite7.xml (RunModel)" time="0.118" />
  <testcase classname="ptolemy.util.test.junit.AutoTests" name="[19] /home/travis/build/icyphy/ptII/ptolemy/actor/lib/hoc/test/auto/ConcurrentExecutionTimeSDF.xml (RunModel)" time="0.069" />
  <testcase classname="ptolemy.util.test.junit.AutoTests" name="[20] /home/travis/build/icyphy/ptII/ptolemy/actor/lib/hoc/test/auto/ConcurrentSleep.xml (RunModel)" time="0.778" />
  <testcase classname="ptolemy.util.test.junit.AutoTests" name="[21] /home/travis/build/icyphy/ptII/ptolemy/actor/lib/hoc/test/auto/DEInPNInRunCompositeActor.xml (RunModel)" time="0.056" />
  <testcase classname="ptolemy.util.test.junit.AutoTests" name="[22] /home/travis/build/icyphy/ptII/ptolemy/actor/lib/hoc/test/auto/DFTSubSetTest.xml (RunModel)" time="0.341" />
  <testcase classname="ptolemy.util.test.junit.AutoTests" name="[23] /home/travis/build/icyphy/ptII/ptolemy/actor/lib/hoc/test/auto/HocDE.xml (RunModel)" time="0.226" />
  <testcase classname="ptolemy.util.test.junit.AutoTests" name="[24] /home/travis/build/icyphy/ptII/ptolemy/actor/lib/hoc/test/auto/IterateOverArray.xml (RunModel)" time="0.025" />
  <testcase classname="ptolemy.util.test.junit.AutoTests" name="[25] /home/travis/build/icyphy/ptII/ptolemy/actor/lib/hoc/test/auto/IterateOverArray10.xml (RunModel)" time="0.026" />
  <testcase classname="ptolemy.util.test.junit.AutoTests" name="[26] /home/travis/build/icyphy/ptII/ptolemy/actor/lib/hoc/test/auto/IterateOverArray11.xml (RunModel)" time="0.03" />
  <testcase classname="ptolemy.util.test.junit.AutoTests" name="[27] /home/travis/build/icyphy/ptII/ptolemy/actor/lib/hoc/test/auto/IterateOverArray12.xml (RunModel)" time="0.045" />
  <testcase classname="ptolemy.util.test.junit.AutoTests" name="[28] /home/travis/build/icyphy/ptII/ptolemy/actor/lib/hoc/test/auto/IterateOverArray13.xml (RunModel)" time="0.174" />
  <testcase classname="ptolemy.util.test.junit.AutoTests" name="[29] /home/travis/build/icyphy/ptII/ptolemy/actor/lib/hoc/test/auto/IterateOverArray14.xml (RunModel)" time="0.218" />
  <testcase classname="ptolemy.util.test.junit.AutoTests" name="[30] /home/travis/build/icyphy/ptII/ptolemy/actor/lib/hoc/test/auto/IterateOverArray2.xml (RunModel)" time="0.022" />
  <testcase classname="ptolemy.util.test.junit.AutoTests" name="[31] /home/travis/build/icyphy/ptII/ptolemy/actor/lib/hoc/test/auto/IterateOverArray3.xml (RunModel)" time="0.029" />
  <testcase classname="ptolemy.util.test.junit.AutoTests" name="[32] /home/travis/build/icyphy/ptII/ptolemy/actor/lib/hoc/test/auto/IterateOverArray4.xml (RunModel)" time="0.022" />
  <testcase classname="ptolemy.util.test.junit.AutoTests" name="[33] /home/travis/build/icyphy/ptII/ptolemy/actor/lib/hoc/test/auto/IterateOverArray5.xml (RunModel)" time="0.031" />
  <testcase classname="ptolemy.util.test.junit.AutoTests" name="[34] /home/travis/build/icyphy/ptII/ptolemy/actor/lib/hoc/test/auto/IterateOverArray6.xml (RunModel)" time="0.022" />
  <testcase classname="ptolemy.util.test.junit.AutoTests" name="[35] /home/travis/build/icyphy/ptII/ptolemy/actor/lib/hoc/test/auto/IterateOverArray7.xml (RunModel)" time="0.021" />
  <testcase classname="ptolemy.util.test.junit.AutoTests" name="[36] /home/travis/build/icyphy/ptII/ptolemy/actor/lib/hoc/test/auto/IterateOverArray8.xml (RunModel)" time="0.031" />
  <testcase classname="ptolemy.util.test.junit.AutoTests" name="[37] /home/travis/build/icyphy/ptII/ptolemy/actor/lib/hoc/test/auto/IterateOverArray9.xml (RunModel)" time="0.033" />
  <testcase classname="ptolemy.util.test.junit.AutoTests" name="[38] /home/travis/build/icyphy/ptII/ptolemy/actor/lib/hoc/test/auto/IterateOverArrayCoercedOutputType.xml (RunModel)" time="0.036" />
  <testcase classname="ptolemy.util.test.junit.AutoTests" name="[39] /home/travis/build/icyphy/ptII/ptolemy/actor/lib/hoc/test/auto/IterateOverArrayInferredOutputType.xml (RunModel)" time="0.039" />
  <testcase classname="ptolemy.util.test.junit.AutoTests" name="[40] /home/travis/build/icyphy/ptII/ptolemy/actor/lib/hoc/test/auto/MobileFunctionTest.xml (RunModel)" time="0.032" />
  <testcase classname="ptolemy.util.test.junit.AutoTests" name="[41] /home/travis/build/icyphy/ptII/ptolemy/actor/lib/hoc/test/auto/MobileModelTest.xml (RunModel)" time="0.124" />
  <testcase classname="ptolemy.util.test.junit.AutoTests" name="[42] /home/travis/build/icyphy/ptII/ptolemy/actor/lib/hoc/test/auto/ModelReference.xml (RunModel)" time="0.086" />
  <testcase classname="ptolemy.util.test.junit.AutoTests" name="[43] /home/travis/build/icyphy/ptII/ptolemy/actor/lib/hoc/test/auto/ModelReference3.xml (RunModel)" time="0.051" />
  <testcase classname="ptolemy.util.test.junit.AutoTests" name="[44] /home/travis/build/icyphy/ptII/ptolemy/actor/lib/hoc/test/auto/ModelReference4.xml (RunModel)" time="10.041" />
  <testcase classname="ptolemy.util.test.junit.AutoTests" name="[45] /home/travis/build/icyphy/ptII/ptolemy/actor/lib/hoc/test/auto/MultiInstanceComposite.xml (RunModel)" time="0.069" />
  <testcase classname="ptolemy.util.test.junit.AutoTests" name="[46] /home/travis/build/icyphy/ptII/ptolemy/actor/lib/hoc/test/auto/MultiInstanceComposite2.xml (RunModel)" time="0.04" />
  <testcase classname="ptolemy.util.test.junit.AutoTests" name="[47] /home/travis/build/icyphy/ptII/ptolemy/actor/lib/hoc/test/auto/MulticoreExecution.xml (RunModel)" time="10.082" />
  <testcase classname="ptolemy.util.test.junit.AutoTests" name="[48] /home/travis/build/icyphy/ptII/ptolemy/actor/lib/hoc/test/auto/ParallelExecution.xml (RunModel)" time="0.948" />
  <testcase classname="ptolemy.util.test.junit.AutoTests" name="[49] /home/travis/build/icyphy/ptII/ptolemy/actor/lib/hoc/test/auto/RunCompositeActor.xml (RunModel)" time="0.034" />
  <testcase classname="ptolemy.util.test.junit.AutoTests" name="[50] /home/travis/build/icyphy/ptII/ptolemy/actor/lib/hoc/test/auto/RunCompositeActor2.xml (RunModel)" time="0.043" />
  <testcase classname="ptolemy.util.test.junit.AutoTests" name="[51] /home/travis/build/icyphy/ptII/ptolemy/actor/lib/hoc/test/auto/RunCompositeActor3.xml (RunModel)" time="0.04" />
  <testcase classname="ptolemy.util.test.junit.AutoTests" name="[52] /home/travis/build/icyphy/ptII/ptolemy/actor/lib/hoc/test/auto/RunCompositeActor4.xml (RunModel)" time="0.041" />
  <testcase classname="ptolemy.util.test.junit.AutoTests" name="[53] /home/travis/build/icyphy/ptII/ptolemy/actor/lib/hoc/test/auto/RunCompositeIterateOverArray.xml (RunModel)" time="0.03" />
  <testcase classname="ptolemy.util.test.junit.AutoTests" name="[54] /home/travis/build/icyphy/ptII/ptolemy/actor/lib/hoc/test/auto/ThreadedJS.xml (RunModel)" time="5.646" />
  <system-out><![CDATA[/home/travis/build/icyphy/ptII/ptolemy/actor/lib/hoc/test/IterateOverArray.tcl
testDefs.tcl: setting time out to 9000 seconds at Sat May 19 00:54:48 UTC 2018
05/19/18 12:54:48
Failed: 0  Total Tests: 2  ((Passed: 2, Newly Passed: 0)  Known Failed: 0) /home/travis/build/icyphy/ptII/ptolemy/actor/lib/hoc/test
----------------- testing (KnownFailure) /home/travis/build/icyphy/ptII/ptolemy/actor/lib/hoc/test/auto/knownFailedTests/PreinitializeMustBeInvokedRunComposite.xml
41 ms. Memory: 116224K Free: 105065K (90%)
Known Failure: java.lang.reflect.InvocationTargetException
No auto/*.xml tests in /home/travis/build/icyphy/ptII/ptolemy/actor/lib/hoc/test
AutoTests.java: About to close Vertx.
AutoTests.java: Vertx closed.
----------------- testing Sat May 19 00:54:49 UTC 2018 /home/travis/build/icyphy/ptII/ptolemy/actor/lib/hoc/test/auto/AllToAllMultiInstanceComposite.xml
----------------- Instantiating /home/travis/build/icyphy/ptII/ptolemy/actor/lib/hoc/test/auto/AllToAllMultiInstanceComposite.xml
118 ms. Memory: 146944K Free: 114703K (78%)
----------------- Invoking toplevel() on ptolemy.moml.MoMLSimpleApplication@4b4fa523
----------------- Done invoking toplevel() on ptolemy.moml.MoMLSimpleApplication@4b4fa523
reloadAllAccessors: .AllToAllMultiInstanceComposite
----------------- testing Sat May 19 00:54:49 UTC 2018 /home/travis/build/icyphy/ptII/ptolemy/actor/lib/hoc/test/auto/ApplyFFTTest.xml
----------------- Instantiating /home/travis/build/icyphy/ptII/ptolemy/actor/lib/hoc/test/auto/ApplyFFTTest.xml
104 ms. Memory: 146944K Free: 93485K (64%)
----------------- Invoking toplevel() on ptolemy.moml.MoMLSimpleApplication@4905f90c
----------------- Done invoking toplevel() on ptolemy.moml.MoMLSimpleApplication@4905f90c
reloadAllAccessors: .ApplyFFTTest
----------------- testing Sat May 19 00:54:50 UTC 2018 /home/travis/build/icyphy/ptII/ptolemy/actor/lib/hoc/test/auto/ApplyFunction.xml
----------------- Instantiating /home/travis/build/icyphy/ptII/ptolemy/actor/lib/hoc/test/auto/ApplyFunction.xml
4 ms. Memory: 146944K Free: 90087K (61%)
----------------- Invoking toplevel() on ptolemy.moml.MoMLSimpleApplication@15e4003e
----------------- Done invoking toplevel() on ptolemy.moml.MoMLSimpleApplication@15e4003e
reloadAllAccessors: .ApplyFunction
----------------- testing Sat May 19 00:54:50 UTC 2018 /home/travis/build/icyphy/ptII/ptolemy/actor/lib/hoc/test/auto/BackgroundExecution.xml
----------------- Instantiating /home/travis/build/icyphy/ptII/ptolemy/actor/lib/hoc/test/auto/BackgroundExecution.xml
641 ms. Memory: 146944K Free: 81686K (56%)
----------------- Invoking toplevel() on ptolemy.moml.MoMLSimpleApplication@48195ca6
----------------- Done invoking toplevel() on ptolemy.moml.MoMLSimpleApplication@48195ca6
reloadAllAccessors: .BackgroundExecution
----------------- testing Sat May 19 00:54:50 UTC 2018 /home/travis/build/icyphy/ptII/ptolemy/actor/lib/hoc/test/auto/Case.xml
----------------- Instantiating /home/travis/build/icyphy/ptII/ptolemy/actor/lib/hoc/test/auto/Case.xml
38 ms. Memory: 146944K Free: 133820K (91%)
----------------- Invoking toplevel() on ptolemy.moml.MoMLSimpleApplication@70c98ea5
----------------- Done invoking toplevel() on ptolemy.moml.MoMLSimpleApplication@70c98ea5
reloadAllAccessors: .Case
----------------- testing Sat May 19 00:54:51 UTC 2018 /home/travis/build/icyphy/ptII/ptolemy/actor/lib/hoc/test/auto/Case1.xml
----------------- Instantiating /home/travis/build/icyphy/ptII/ptolemy/actor/lib/hoc/test/auto/Case1.xml
10 ms. Memory: 146944K Free: 126412K (86%)
----------------- Invoking toplevel() on ptolemy.moml.MoMLSimpleApplication@50f8eec3
----------------- Done invoking toplevel() on ptolemy.moml.MoMLSimpleApplication@50f8eec3
reloadAllAccessors: .Case1
----------------- testing Sat May 19 00:54:51 UTC 2018 /home/travis/build/icyphy/ptII/ptolemy/actor/lib/hoc/test/auto/Case2.xml
----------------- Instantiating /home/travis/build/icyphy/ptII/ptolemy/actor/lib/hoc/test/auto/Case2.xml
32 ms. Memory: 146944K Free: 115544K (79%)
----------------- Invoking toplevel() on ptolemy.moml.MoMLSimpleApplication@67ce8363
----------------- Done invoking toplevel() on ptolemy.moml.MoMLSimpleApplication@67ce8363
reloadAllAccessors: .Case2
----------------- testing Sat May 19 00:54:51 UTC 2018 /home/travis/build/icyphy/ptII/ptolemy/actor/lib/hoc/test/auto/Case3.xml
----------------- Instantiating /home/travis/build/icyphy/ptII/ptolemy/actor/lib/hoc/test/auto/Case3.xml
17 ms. Memory: 146944K Free: 108169K (74%)
----------------- Invoking toplevel() on ptolemy.moml.MoMLSimpleApplication@2f5a9e53
----------------- Done invoking toplevel() on ptolemy.moml.MoMLSimpleApplication@2f5a9e53
reloadAllAccessors: .Case3
----------------- testing Sat May 19 00:54:51 UTC 2018 /home/travis/build/icyphy/ptII/ptolemy/actor/lib/hoc/test/auto/Case4.xml
----------------- Instantiating /home/travis/build/icyphy/ptII/ptolemy/actor/lib/hoc/test/auto/Case4.xml
21 ms. Memory: 146944K Free: 99752K (68%)
----------------- Invoking toplevel() on ptolemy.moml.MoMLSimpleApplication@40032391
----------------- Done invoking toplevel() on ptolemy.moml.MoMLSimpleApplication@40032391
reloadAllAccessors: .Case4
----------------- testing Sat May 19 00:54:51 UTC 2018 /home/travis/build/icyphy/ptII/ptolemy/actor/lib/hoc/test/auto/Case5.xml
----------------- Instantiating /home/travis/build/icyphy/ptII/ptolemy/actor/lib/hoc/test/auto/Case5.xml
32 ms. Memory: 146944K Free: 91927K (63%)
----------------- Invoking toplevel() on ptolemy.moml.MoMLSimpleApplication@1588381d
----------------- Done invoking toplevel() on ptolemy.moml.MoMLSimpleApplication@1588381d
reloadAllAccessors: .junk
----------------- testing Sat May 19 00:54:51 UTC 2018 /home/travis/build/icyphy/ptII/ptolemy/actor/lib/hoc/test/auto/Case6.xml
----------------- Instantiating /home/travis/build/icyphy/ptII/ptolemy/actor/lib/hoc/test/auto/Case6.xml
40 ms. Memory: 208384K Free: 201583K (97%)
----------------- Invoking toplevel() on ptolemy.moml.MoMLSimpleApplication@737b9e5f
----------------- Done invoking toplevel() on ptolemy.moml.MoMLSimpleApplication@737b9e5f
reloadAllAccessors: .Case6
----------------- testing Sat May 19 00:54:51 UTC 2018 /home/travis/build/icyphy/ptII/ptolemy/actor/lib/hoc/test/auto/CaseString2.xml
----------------- Instantiating /home/travis/build/icyphy/ptII/ptolemy/actor/lib/hoc/test/auto/CaseString2.xml
9 ms. Memory: 208384K Free: 191460K (92%)
----------------- Invoking toplevel() on ptolemy.moml.MoMLSimpleApplication@519bb62e
----------------- Done invoking toplevel() on ptolemy.moml.MoMLSimpleApplication@519bb62e
reloadAllAccessors: .CaseString2
----------------- testing Sat May 19 00:54:51 UTC 2018 /home/travis/build/icyphy/ptII/ptolemy/actor/lib/hoc/test/auto/CatchUpComposite1.xml
----------------- Instantiating /home/travis/build/icyphy/ptII/ptolemy/actor/lib/hoc/test/auto/CatchUpComposite1.xml
22 ms. Memory: 208384K Free: 181580K (87%)
----------------- Invoking toplevel() on ptolemy.moml.MoMLSimpleApplication@4de979b1
----------------- Done invoking toplevel() on ptolemy.moml.MoMLSimpleApplication@4de979b1
reloadAllAccessors: .CatchUpComposite1
----------------- testing Sat May 19 00:54:51 UTC 2018 /home/travis/build/icyphy/ptII/ptolemy/actor/lib/hoc/test/auto/CatchUpComposite2.xml
----------------- Instantiating /home/travis/build/icyphy/ptII/ptolemy/actor/lib/hoc/test/auto/CatchUpComposite2.xml
10 ms. Memory: 208384K Free: 172332K (83%)
----------------- Invoking toplevel() on ptolemy.moml.MoMLSimpleApplication@4ed1d150
----------------- Done invoking toplevel() on ptolemy.moml.MoMLSimpleApplication@4ed1d150
reloadAllAccessors: .CatchUpComposite2
----------------- testing Sat May 19 00:54:51 UTC 2018 /home/travis/build/icyphy/ptII/ptolemy/actor/lib/hoc/test/auto/CatchUpComposite3.xml
----------------- Instantiating /home/travis/build/icyphy/ptII/ptolemy/actor/lib/hoc/test/auto/CatchUpComposite3.xml
7 ms. Memory: 208384K Free: 162172K (78%)
----------------- Invoking toplevel() on ptolemy.moml.MoMLSimpleApplication@27ee3a0a
----------------- Done invoking toplevel() on ptolemy.moml.MoMLSimpleApplication@27ee3a0a
reloadAllAccessors: .CatchUpComposite3
----------------- testing Sat May 19 00:54:51 UTC 2018 /home/travis/build/icyphy/ptII/ptolemy/actor/lib/hoc/test/auto/CatchUpComposite4.xml
----------------- Instantiating /home/travis/build/icyphy/ptII/ptolemy/actor/lib/hoc/test/auto/CatchUpComposite4.xml
19 ms. Memory: 208384K Free: 152923K (73%)
----------------- Invoking toplevel() on ptolemy.moml.MoMLSimpleApplication@7d5a83a7
----------------- Done invoking toplevel() on ptolemy.moml.MoMLSimpleApplication@7d5a83a7
reloadAllAccessors: .CatchUpComposite4
----------------- testing Sat May 19 00:54:51 UTC 2018 /home/travis/build/icyphy/ptII/ptolemy/actor/lib/hoc/test/auto/CatchUpComposite5.xml
----------------- Instantiating /home/travis/build/icyphy/ptII/ptolemy/actor/lib/hoc/test/auto/CatchUpComposite5.xml
25 ms. Memory: 208384K Free: 144257K (69%)
----------------- Invoking toplevel() on ptolemy.moml.MoMLSimpleApplication@1d4c899b
----------------- Done invoking toplevel() on ptolemy.moml.MoMLSimpleApplication@1d4c899b
reloadAllAccessors: .CatchUpComposite5
----------------- testing Sat May 19 00:54:51 UTC 2018 /home/travis/build/icyphy/ptII/ptolemy/actor/lib/hoc/test/auto/CatchUpComposite6.xml
----------------- Instantiating /home/travis/build/icyphy/ptII/ptolemy/actor/lib/hoc/test/auto/CatchUpComposite6.xml
WARNING: The execution aspects in this model can influence the timing of actors by delaying the 
execution, potentially changing the behavior. There is no guarantee that actors fire at the 
time they request to be fired. 
Use Ptides for deterministic DE behavior that is not influenced by execution aspects. 

118 ms. Memory: 208384K Free: 125350K (60%)
----------------- Invoking toplevel() on ptolemy.moml.MoMLSimpleApplication@3a1df9f2
----------------- Done invoking toplevel() on ptolemy.moml.MoMLSimpleApplication@3a1df9f2
reloadAllAccessors: .CatchUpComposite6
----------------- testing Sat May 19 00:54:52 UTC 2018 /home/travis/build/icyphy/ptII/ptolemy/actor/lib/hoc/test/auto/CatchUpComposite7.xml
----------------- Instantiating /home/travis/build/icyphy/ptII/ptolemy/actor/lib/hoc/test/auto/CatchUpComposite7.xml
WARNING: The execution aspects in this model can influence the timing of actors by delaying the 
execution, potentially changing the behavior. There is no guarantee that actors fire at the 
time they request to be fired. 
Use Ptides for deterministic DE behavior that is not influenced by execution aspects. 

53 ms. Memory: 208384K Free: 108663K (52%)
----------------- Invoking toplevel() on ptolemy.moml.MoMLSimpleApplication@74cc7580
----------------- Done invoking toplevel() on ptolemy.moml.MoMLSimpleApplication@74cc7580
reloadAllAccessors: .CatchUpComposite7
----------------- testing Sat May 19 00:54:52 UTC 2018 /home/travis/build/icyphy/ptII/ptolemy/actor/lib/hoc/test/auto/ConcurrentExecutionTimeSDF.xml
----------------- Instantiating /home/travis/build/icyphy/ptII/ptolemy/actor/lib/hoc/test/auto/ConcurrentExecutionTimeSDF.xml
23 ms. Memory: 208384K Free: 100029K (48%)
----------------- Invoking toplevel() on ptolemy.moml.MoMLSimpleApplication@6e443fe6
----------------- Done invoking toplevel() on ptolemy.moml.MoMLSimpleApplication@6e443fe6
reloadAllAccessors: .ConcurrentExecutionTimeSDF
----------------- testing Sat May 19 00:54:52 UTC 2018 /home/travis/build/icyphy/ptII/ptolemy/actor/lib/hoc/test/auto/ConcurrentSleep.xml
----------------- Instantiating /home/travis/build/icyphy/ptII/ptolemy/actor/lib/hoc/test/auto/ConcurrentSleep.xml
733 ms. Memory: 208384K Free: 85520K (41%)
----------------- Invoking toplevel() on ptolemy.moml.MoMLSimpleApplication@5c0c960f
----------------- Done invoking toplevel() on ptolemy.moml.MoMLSimpleApplication@5c0c960f
reloadAllAccessors: .ConcurrentSleep
----------------- testing Sat May 19 00:54:53 UTC 2018 /home/travis/build/icyphy/ptII/ptolemy/actor/lib/hoc/test/auto/DEInPNInRunCompositeActor.xml
----------------- Instantiating /home/travis/build/icyphy/ptII/ptolemy/actor/lib/hoc/test/auto/DEInPNInRunCompositeActor.xml
26 ms. Memory: 208384K Free: 201531K (97%)
----------------- Invoking toplevel() on ptolemy.moml.MoMLSimpleApplication@46c2517d
----------------- Done invoking toplevel() on ptolemy.moml.MoMLSimpleApplication@46c2517d
reloadAllAccessors: .DEInPNInRunCompositeActor
----------------- testing Sat May 19 00:54:53 UTC 2018 /home/travis/build/icyphy/ptII/ptolemy/actor/lib/hoc/test/auto/DFTSubSetTest.xml
----------------- Instantiating /home/travis/build/icyphy/ptII/ptolemy/actor/lib/hoc/test/auto/DFTSubSetTest.xml
214 ms. Memory: 208384K Free: 153480K (74%)
----------------- Invoking toplevel() on ptolemy.moml.MoMLSimpleApplication@4098ef89
----------------- Done invoking toplevel() on ptolemy.moml.MoMLSimpleApplication@4098ef89
reloadAllAccessors: .DFTSubSetTest
----------------- testing Sat May 19 00:54:53 UTC 2018 /home/travis/build/icyphy/ptII/ptolemy/actor/lib/hoc/test/auto/HocDE.xml
----------------- Instantiating /home/travis/build/icyphy/ptII/ptolemy/actor/lib/hoc/test/auto/HocDE.xml
178 ms. Memory: 208384K Free: 126318K (61%)
----------------- Invoking toplevel() on ptolemy.moml.MoMLSimpleApplication@6e941ae5
----------------- Done invoking toplevel() on ptolemy.moml.MoMLSimpleApplication@6e941ae5
reloadAllAccessors: .HocDE
----------------- testing Sat May 19 00:54:53 UTC 2018 /home/travis/build/icyphy/ptII/ptolemy/actor/lib/hoc/test/auto/IterateOverArray.xml
----------------- Instantiating /home/travis/build/icyphy/ptII/ptolemy/actor/lib/hoc/test/auto/IterateOverArray.xml
6 ms. Memory: 208384K Free: 121402K (58%)
----------------- Invoking toplevel() on ptolemy.moml.MoMLSimpleApplication@c837658
----------------- Done invoking toplevel() on ptolemy.moml.MoMLSimpleApplication@c837658
reloadAllAccessors: .IterateOverArray
----------------- testing Sat May 19 00:54:53 UTC 2018 /home/travis/build/icyphy/ptII/ptolemy/actor/lib/hoc/test/auto/IterateOverArray10.xml
----------------- Instantiating /home/travis/build/icyphy/ptII/ptolemy/actor/lib/hoc/test/auto/IterateOverArray10.xml
2 ms. Memory: 208384K Free: 117094K (56%)
----------------- Invoking toplevel() on ptolemy.moml.MoMLSimpleApplication@32ee683c
----------------- Done invoking toplevel() on ptolemy.moml.MoMLSimpleApplication@32ee683c
reloadAllAccessors: .IterateOverArray10
----------------- testing Sat May 19 00:54:53 UTC 2018 /home/travis/build/icyphy/ptII/ptolemy/actor/lib/hoc/test/auto/IterateOverArray11.xml
----------------- Instantiating /home/travis/build/icyphy/ptII/ptolemy/actor/lib/hoc/test/auto/IterateOverArray11.xml
7 ms. Memory: 208384K Free: 112178K (54%)
----------------- Invoking toplevel() on ptolemy.moml.MoMLSimpleApplication@6ff41143
----------------- Done invoking toplevel() on ptolemy.moml.MoMLSimpleApplication@6ff41143
reloadAllAccessors: .IterateOverArray11
----------------- testing Sat May 19 00:54:53 UTC 2018 /home/travis/build/icyphy/ptII/ptolemy/actor/lib/hoc/test/auto/IterateOverArray12.xml
----------------- Instantiating /home/travis/build/icyphy/ptII/ptolemy/actor/lib/hoc/test/auto/IterateOverArray12.xml
19 ms. Memory: 208384K Free: 104805K (50%)
----------------- Invoking toplevel() on ptolemy.moml.MoMLSimpleApplication@24c95cc7
----------------- Done invoking toplevel() on ptolemy.moml.MoMLSimpleApplication@24c95cc7
reloadAllAccessors: .IterateOverArray12
----------------- testing Sat May 19 00:54:53 UTC 2018 /home/travis/build/icyphy/ptII/ptolemy/actor/lib/hoc/test/auto/IterateOverArray13.xml
----------------- Instantiating /home/travis/build/icyphy/ptII/ptolemy/actor/lib/hoc/test/auto/IterateOverArray13.xml
101 ms. Memory: 331264K Free: 320799K (97%)
----------------- Invoking toplevel() on ptolemy.moml.MoMLSimpleApplication@2007d349
----------------- Done invoking toplevel() on ptolemy.moml.MoMLSimpleApplication@2007d349
reloadAllAccessors: .IterateOverArray13
----------------- testing Sat May 19 00:54:54 UTC 2018 /home/travis/build/icyphy/ptII/ptolemy/actor/lib/hoc/test/auto/IterateOverArray14.xml
----------------- Instantiating /home/travis/build/icyphy/ptII/ptolemy/actor/lib/hoc/test/auto/IterateOverArray14.xml
66 ms. Memory: 331264K Free: 283527K (86%)
----------------- Invoking toplevel() on ptolemy.moml.MoMLSimpleApplication@5a6be55d
----------------- Done invoking toplevel() on ptolemy.moml.MoMLSimpleApplication@5a6be55d
reloadAllAccessors: .IterateOverArray14
----------------- testing Sat May 19 00:54:54 UTC 2018 /home/travis/build/icyphy/ptII/ptolemy/actor/lib/hoc/test/auto/IterateOverArray2.xml
----------------- Instantiating /home/travis/build/icyphy/ptII/ptolemy/actor/lib/hoc/test/auto/IterateOverArray2.xml
4 ms. Memory: 331264K Free: 278632K (84%)
----------------- Invoking toplevel() on ptolemy.moml.MoMLSimpleApplication@21ee1d05
----------------- Done invoking toplevel() on ptolemy.moml.MoMLSimpleApplication@21ee1d05
reloadAllAccessors: .IterateOverArray2
----------------- testing Sat May 19 00:54:54 UTC 2018 /home/travis/build/icyphy/ptII/ptolemy/actor/lib/hoc/test/auto/IterateOverArray3.xml
----------------- Instantiating /home/travis/build/icyphy/ptII/ptolemy/actor/lib/hoc/test/auto/IterateOverArray3.xml
8 ms. Memory: 331264K Free: 269238K (81%)
----------------- Invoking toplevel() on ptolemy.moml.MoMLSimpleApplication@35e84343
----------------- Done invoking toplevel() on ptolemy.moml.MoMLSimpleApplication@35e84343
reloadAllAccessors: .IterateOverArray3
----------------- testing Sat May 19 00:54:54 UTC 2018 /home/travis/build/icyphy/ptII/ptolemy/actor/lib/hoc/test/auto/IterateOverArray4.xml
----------------- Instantiating /home/travis/build/icyphy/ptII/ptolemy/actor/lib/hoc/test/auto/IterateOverArray4.xml
7 ms. Memory: 331264K Free: 264343K (80%)
----------------- Invoking toplevel() on ptolemy.moml.MoMLSimpleApplication@72004823
----------------- Done invoking toplevel() on ptolemy.moml.MoMLSimpleApplication@72004823
reloadAllAccessors: .IterateOverArray4
----------------- testing Sat May 19 00:54:54 UTC 2018 /home/travis/build/icyphy/ptII/ptolemy/actor/lib/hoc/test/auto/IterateOverArray5.xml
----------------- Instantiating /home/travis/build/icyphy/ptII/ptolemy/actor/lib/hoc/test/auto/IterateOverArray5.xml
7 ms. Memory: 331264K Free: 259448K (78%)
----------------- Invoking toplevel() on ptolemy.moml.MoMLSimpleApplication@1b79f69e
----------------- Done invoking toplevel() on ptolemy.moml.MoMLSimpleApplication@1b79f69e
reloadAllAccessors: .IterateOverArray5
----------------- testing Sat May 19 00:54:54 UTC 2018 /home/travis/build/icyphy/ptII/ptolemy/actor/lib/hoc/test/auto/IterateOverArray6.xml
----------------- Instantiating /home/travis/build/icyphy/ptII/ptolemy/actor/lib/hoc/test/auto/IterateOverArray6.xml
8 ms. Memory: 331264K Free: 254948K (77%)
----------------- Invoking toplevel() on ptolemy.moml.MoMLSimpleApplication@56c71fa7
----------------- Done invoking toplevel() on ptolemy.moml.MoMLSimpleApplication@56c71fa7
reloadAllAccessors: .IterateOverArray6
----------------- testing Sat May 19 00:54:54 UTC 2018 /home/travis/build/icyphy/ptII/ptolemy/actor/lib/hoc/test/auto/IterateOverArray7.xml
----------------- Instantiating /home/travis/build/icyphy/ptII/ptolemy/actor/lib/hoc/test/auto/IterateOverArray7.xml
4 ms. Memory: 331264K Free: 250053K (75%)
----------------- Invoking toplevel() on ptolemy.moml.MoMLSimpleApplication@65ccf6fe
----------------- Done invoking toplevel() on ptolemy.moml.MoMLSimpleApplication@65ccf6fe
reloadAllAccessors: .IterateOverArray7
----------------- testing Sat May 19 00:54:54 UTC 2018 /home/travis/build/icyphy/ptII/ptolemy/actor/lib/hoc/test/auto/IterateOverArray8.xml
----------------- Instantiating /home/travis/build/icyphy/ptII/ptolemy/actor/lib/hoc/test/auto/IterateOverArray8.xml
6 ms. Memory: 331264K Free: 244329K (74%)
----------------- Invoking toplevel() on ptolemy.moml.MoMLSimpleApplication@3462becd
----------------- Done invoking toplevel() on ptolemy.moml.MoMLSimpleApplication@3462becd
reloadAllAccessors: .IterateOverArray8
----------------- testing Sat May 19 00:54:54 UTC 2018 /home/travis/build/icyphy/ptII/ptolemy/actor/lib/hoc/test/auto/IterateOverArray9.xml
----------------- Instantiating /home/travis/build/icyphy/ptII/ptolemy/actor/lib/hoc/test/auto/IterateOverArray9.xml
10 ms. Memory: 331264K Free: 239434K (72%)
----------------- Invoking toplevel() on ptolemy.moml.MoMLSimpleApplication@625eeb7d
----------------- Done invoking toplevel() on ptolemy.moml.MoMLSimpleApplication@625eeb7d
reloadAllAccessors: .IterateOverArray9
----------------- testing Sat May 19 00:54:54 UTC 2018 /home/travis/build/icyphy/ptII/ptolemy/actor/lib/hoc/test/auto/IterateOverArrayCoercedOutputType.xml
----------------- Instantiating /home/travis/build/icyphy/ptII/ptolemy/actor/lib/hoc/test/auto/IterateOverArrayCoercedOutputType.xml
5 ms. Memory: 331264K Free: 233316K (70%)
----------------- Invoking toplevel() on ptolemy.moml.MoMLSimpleApplication@2befbdca
----------------- Done invoking toplevel() on ptolemy.moml.MoMLSimpleApplication@2befbdca
reloadAllAccessors: .IterateOverArrayCoercedOutputType
----------------- testing Sat May 19 00:54:54 UTC 2018 /home/travis/build/icyphy/ptII/ptolemy/actor/lib/hoc/test/auto/IterateOverArrayInferredOutputType.xml
----------------- Instantiating /home/travis/build/icyphy/ptII/ptolemy/actor/lib/hoc/test/auto/IterateOverArrayInferredOutputType.xml
9 ms. Memory: 331264K Free: 226369K (68%)
----------------- Invoking toplevel() on ptolemy.moml.MoMLSimpleApplication@5c423412
----------------- Done invoking toplevel() on ptolemy.moml.MoMLSimpleApplication@5c423412
reloadAllAccessors: .IterateOverArrayInferredOutputType
----------------- testing Sat May 19 00:54:54 UTC 2018 /home/travis/build/icyphy/ptII/ptolemy/actor/lib/hoc/test/auto/MobileFunctionTest.xml
----------------- Instantiating /home/travis/build/icyphy/ptII/ptolemy/actor/lib/hoc/test/auto/MobileFunctionTest.xml
5 ms. Memory: 331264K Free: 221474K (67%)
----------------- Invoking toplevel() on ptolemy.moml.MoMLSimpleApplication@4f18dab4
----------------- Done invoking toplevel() on ptolemy.moml.MoMLSimpleApplication@4f18dab4
reloadAllAccessors: .MobileFunctionTest
----------------- testing Sat May 19 00:54:54 UTC 2018 /home/travis/build/icyphy/ptII/ptolemy/actor/lib/hoc/test/auto/MobileModelTest.xml
----------------- Instantiating /home/travis/build/icyphy/ptII/ptolemy/actor/lib/hoc/test/auto/MobileModelTest.xml
92 ms. Memory: 331264K Free: 199826K (60%)
----------------- Invoking toplevel() on ptolemy.moml.MoMLSimpleApplication@16a44b04
----------------- Done invoking toplevel() on ptolemy.moml.MoMLSimpleApplication@16a44b04
reloadAllAccessors: .MobileModelTest
----------------- testing Sat May 19 00:54:54 UTC 2018 /home/travis/build/icyphy/ptII/ptolemy/actor/lib/hoc/test/auto/ModelReference.xml
----------------- Instantiating /home/travis/build/icyphy/ptII/ptolemy/actor/lib/hoc/test/auto/ModelReference.xml
3 ms. Memory: 331264K Free: 191260K (58%)
6 ms. Memory: 331264K Free: 190036K (57%)
2 ms. Memory: 331264K Free: 190036K (57%)
2 ms. Memory: 331264K Free: 188813K (57%)
2 ms. Memory: 331264K Free: 187589K (57%)
2 ms. Memory: 331264K Free: 187589K (57%)
2 ms. Memory: 331264K Free: 186365K (56%)
8 ms. Memory: 331264K Free: 185142K (56%)
3 ms. Memory: 331264K Free: 185142K (56%)
2 ms. Memory: 331264K Free: 183918K (56%)
54 ms. Memory: 331264K Free: 183918K (56%)
----------------- Invoking toplevel() on ptolemy.moml.MoMLSimpleApplication@66b1e72b
----------------- Done invoking toplevel() on ptolemy.moml.MoMLSimpleApplication@66b1e72b
reloadAllAccessors: .ModelReference
----------------- testing Sat May 19 00:54:54 UTC 2018 /home/travis/build/icyphy/ptII/ptolemy/actor/lib/hoc/test/auto/ModelReference3.xml
----------------- Instantiating /home/travis/build/icyphy/ptII/ptolemy/actor/lib/hoc/test/auto/ModelReference3.xml
4 ms. Memory: 331264K Free: 177799K (54%)
5 ms. Memory: 331264K Free: 177799K (54%)
2 ms. Memory: 331264K Free: 176576K (53%)
4 ms. Memory: 331264K Free: 175352K (53%)
4 ms. Memory: 331264K Free: 175352K (53%)
2 ms. Memory: 331264K Free: 174128K (53%)
5 ms. Memory: 331264K Free: 172905K (52%)
4 ms. Memory: 331264K Free: 172905K (52%)
2 ms. Memory: 331264K Free: 171681K (52%)
1 ms. Memory: 331264K Free: 170457K (51%)
38 ms. Memory: 331264K Free: 170457K (51%)
----------------- Invoking toplevel() on ptolemy.moml.MoMLSimpleApplication@32813da
----------------- Done invoking toplevel() on ptolemy.moml.MoMLSimpleApplication@32813da
reloadAllAccessors: .ModelReference3
----------------- testing Sat May 19 00:54:54 UTC 2018 /home/travis/build/icyphy/ptII/ptolemy/actor/lib/hoc/test/auto/ModelReference4.xml
----------------- Instantiating /home/travis/build/icyphy/ptII/ptolemy/actor/lib/hoc/test/auto/ModelReference4.xml
4 ms. Memory: 331264K Free: 163510K (49%)
2 ms. Memory: 331264K Free: 162286K (49%)
3 ms. Memory: 331264K Free: 159839K (48%)
2 ms. Memory: 331264K Free: 158615K (48%)
2 ms. Memory: 331264K Free: 157392K (48%)
5 ms. Memory: 331264K Free: 156168K (47%)
2 ms. Memory: 331264K Free: 154944K (47%)
2 ms. Memory: 331264K Free: 153721K (46%)
1 ms. Memory: 331264K Free: 151273K (46%)
2 ms. Memory: 331264K Free: 150050K (45%)
10026 ms. Memory: 331264K Free: 150050K (45%)
----------------- Invoking toplevel() on ptolemy.moml.MoMLSimpleApplication@79b55a97
----------------- Done invoking toplevel() on ptolemy.moml.MoMLSimpleApplication@79b55a97
reloadAllAccessors: .ModelReference4
----------------- testing Sat May 19 00:55:04 UTC 2018 /home/travis/build/icyphy/ptII/ptolemy/actor/lib/hoc/test/auto/MultiInstanceComposite.xml
----------------- Instantiating /home/travis/build/icyphy/ptII/ptolemy/actor/lib/hoc/test/auto/MultiInstanceComposite.xml
34 ms. Memory: 331264K Free: 132918K (40%)
----------------- Invoking toplevel() on ptolemy.moml.MoMLSimpleApplication@35526e67
----------------- Done invoking toplevel() on ptolemy.moml.MoMLSimpleApplication@35526e67
reloadAllAccessors: .MultiInstanceComposite
----------------- testing Sat May 19 00:55:04 UTC 2018 /home/travis/build/icyphy/ptII/ptolemy/actor/lib/hoc/test/auto/MultiInstanceComposite2.xml
----------------- Instantiating /home/travis/build/icyphy/ptII/ptolemy/actor/lib/hoc/test/auto/MultiInstanceComposite2.xml
20 ms. Memory: 331264K Free: 118629K (36%)
----------------- Invoking toplevel() on ptolemy.moml.MoMLSimpleApplication@729ab116
----------------- Done invoking toplevel() on ptolemy.moml.MoMLSimpleApplication@729ab116
reloadAllAccessors: .MultiInstanceComposite2
----------------- testing Sat May 19 00:55:05 UTC 2018 /home/travis/build/icyphy/ptII/ptolemy/actor/lib/hoc/test/auto/MulticoreExecution.xml
----------------- Instantiating /home/travis/build/icyphy/ptII/ptolemy/actor/lib/hoc/test/auto/MulticoreExecution.xml
10054 ms. Memory: 331264K Free: 105167K (32%)
----------------- Invoking toplevel() on ptolemy.moml.MoMLSimpleApplication@9af4f9
----------------- Done invoking toplevel() on ptolemy.moml.MoMLSimpleApplication@9af4f9
reloadAllAccessors: .MulticoreExecution
----------------- testing Sat May 19 00:55:15 UTC 2018 /home/travis/build/icyphy/ptII/ptolemy/actor/lib/hoc/test/auto/ParallelExecution.xml
----------------- Instantiating /home/travis/build/icyphy/ptII/ptolemy/actor/lib/hoc/test/auto/ParallelExecution.xml
921 ms. Memory: 331264K Free: 94154K (28%)
----------------- Invoking toplevel() on ptolemy.moml.MoMLSimpleApplication@49a401d2
----------------- Done invoking toplevel() on ptolemy.moml.MoMLSimpleApplication@49a401d2
reloadAllAccessors: .ParallelExecution
----------------- testing Sat May 19 00:55:16 UTC 2018 /home/travis/build/icyphy/ptII/ptolemy/actor/lib/hoc/test/auto/RunCompositeActor.xml
----------------- Instantiating /home/travis/build/icyphy/ptII/ptolemy/actor/lib/hoc/test/auto/RunCompositeActor.xml
10 ms. Memory: 331264K Free: 84703K (26%)
----------------- Invoking toplevel() on ptolemy.moml.MoMLSimpleApplication@68148575
----------------- Done invoking toplevel() on ptolemy.moml.MoMLSimpleApplication@68148575
reloadAllAccessors: .RunCompositeActor
----------------- testing Sat May 19 00:55:16 UTC 2018 /home/travis/build/icyphy/ptII/ptolemy/actor/lib/hoc/test/auto/RunCompositeActor2.xml
----------------- Instantiating /home/travis/build/icyphy/ptII/ptolemy/actor/lib/hoc/test/auto/RunCompositeActor2.xml
20 ms. Memory: 332288K Free: 323490K (97%)
----------------- Invoking toplevel() on ptolemy.moml.MoMLSimpleApplication@1461712a
----------------- Done invoking toplevel() on ptolemy.moml.MoMLSimpleApplication@1461712a
reloadAllAccessors: .RunCompositeActor2
----------------- testing Sat May 19 00:55:16 UTC 2018 /home/travis/build/icyphy/ptII/ptolemy/actor/lib/hoc/test/auto/RunCompositeActor3.xml
----------------- Instantiating /home/travis/build/icyphy/ptII/ptolemy/actor/lib/hoc/test/auto/RunCompositeActor3.xml
5 ms. Memory: 332288K Free: 314497K (95%)
----------------- Invoking toplevel() on ptolemy.moml.MoMLSimpleApplication@7ddbdcf9
----------------- Done invoking toplevel() on ptolemy.moml.MoMLSimpleApplication@7ddbdcf9
reloadAllAccessors: .RunCompositeActor3
----------------- testing Sat May 19 00:55:16 UTC 2018 /home/travis/build/icyphy/ptII/ptolemy/actor/lib/hoc/test/auto/RunCompositeActor4.xml
----------------- Instantiating /home/travis/build/icyphy/ptII/ptolemy/actor/lib/hoc/test/auto/RunCompositeActor4.xml
14 ms. Memory: 332288K Free: 305118K (92%)
----------------- Invoking toplevel() on ptolemy.moml.MoMLSimpleApplication@44400aab
----------------- Done invoking toplevel() on ptolemy.moml.MoMLSimpleApplication@44400aab
reloadAllAccessors: .RunCompositeActor4
----------------- testing Sat May 19 00:55:16 UTC 2018 /home/travis/build/icyphy/ptII/ptolemy/actor/lib/hoc/test/auto/RunCompositeIterateOverArray.xml
----------------- Instantiating /home/travis/build/icyphy/ptII/ptolemy/actor/lib/hoc/test/auto/RunCompositeIterateOverArray.xml
8 ms. Memory: 332288K Free: 297726K (90%)
----------------- Invoking toplevel() on ptolemy.moml.MoMLSimpleApplication@a0102d6
----------------- Done invoking toplevel() on ptolemy.moml.MoMLSimpleApplication@a0102d6
reloadAllAccessors: .RunCompositeIterateOverArray
----------------- testing Sat May 19 00:55:16 UTC 2018 /home/travis/build/icyphy/ptII/ptolemy/actor/lib/hoc/test/auto/ThreadedJS.xml
----------------- Instantiating /home/travis/build/icyphy/ptII/ptolemy/actor/lib/hoc/test/auto/ThreadedJS.xml
2136 ms. Memory: 538112K Free: 162408K (30%)
----------------- Invoking toplevel() on ptolemy.moml.MoMLSimpleApplication@7378f56a
----------------- Done invoking toplevel() on ptolemy.moml.MoMLSimpleApplication@7378f56a
reloadAllAccessors: .ThreadedJS
AutoTests.java: About to close Vertx.
AutoTests.java: Vertx closed.
]]></system-out>
  <system-err><![CDATA[java.lang.RuntimeException: Execution failed
	at ptolemy.moml.MoMLSimpleApplication$UnloadThread.run(MoMLSimpleApplication.java:402)
Caused by: ptolemy.kernel.util.IllegalActionException: initialize() was called after wrapup() was called but preinitialize() was not called after wrapup().
	at ptolemy.actor.lib.hoc.test.PreinitializeMustBeInvoked.initialize(PreinitializeMustBeInvoked.java:78)
	at ptolemy.actor.Director.initialize(Director.java:938)
	at ptolemy.actor.Director.initialize(Director.java:907)
	at ptolemy.actor.sched.StaticSchedulingDirector.initialize(StaticSchedulingDirector.java:159)
	at ptolemy.domains.sdf.kernel.SDFDirector.initialize(SDFDirector.java:544)
	at ptolemy.actor.CompositeActor.initialize(CompositeActor.java:935)
	at ptolemy.actor.lib.hoc.LifeCycleManager._executeInsideModel(LifeCycleManager.java:339)
	at ptolemy.actor.lib.hoc.RunCompositeActor.fire(RunCompositeActor.java:205)
	at ptolemy.actor.CompositeActor.iterate(CompositeActor.java:1146)
	at ptolemy.actor.sched.StaticSchedulingDirector.fire(StaticSchedulingDirector.java:216)
	at ptolemy.domains.sdf.kernel.SDFDirector.fire(SDFDirector.java:500)
	at ptolemy.actor.CompositeActor.fire(CompositeActor.java:455)
	at ptolemy.actor.Manager.iterate(Manager.java:851)
	at ptolemy.actor.Manager.execute(Manager.java:369)
	at ptolemy.actor.Manager.run(Manager.java:1263)
	at ptolemy.actor.Manager$PtolemyRunThread.run(Manager.java:1915)
java.lang.reflect.InvocationTargetException
	at sun.reflect.NativeConstructorAccessorImpl.newInstance0(Native Method)
	at sun.reflect.NativeConstructorAccessorImpl.newInstance(NativeConstructorAccessorImpl.java:62)
	at sun.reflect.DelegatingConstructorAccessorImpl.newInstance(DelegatingConstructorAccessorImpl.java:45)
	at java.lang.reflect.Constructor.newInstance(Constructor.java:423)
	at ptolemy.util.test.junit.AutoKnownFailedTests.RunModel(AutoKnownFailedTests.java:107)
	at sun.reflect.NativeMethodAccessorImpl.invoke0(Native Method)
	at sun.reflect.NativeMethodAccessorImpl.invoke(NativeMethodAccessorImpl.java:62)
	at sun.reflect.DelegatingMethodAccessorImpl.invoke(DelegatingMethodAccessorImpl.java:43)
	at java.lang.reflect.Method.invoke(Method.java:498)
	at org.junit.runners.model.FrameworkMethod$1.runReflectiveCall(FrameworkMethod.java:44)
	at org.junit.internal.runners.model.ReflectiveCallable.run(ReflectiveCallable.java:15)
	at org.junit.runners.model.FrameworkMethod.invokeExplosively(FrameworkMethod.java:41)
	at junitparams.internal.InvokeParameterisedMethod.evaluate(InvokeParameterisedMethod.java:102)
	at org.junit.internal.runners.statements.FailOnTimeout$1.run(FailOnTimeout.java:28)
Caused by: ptolemy.kernel.util.IllegalActionException: initialize() was called after wrapup() was called but preinitialize() was not called after wrapup().
	at ptolemy.actor.lib.hoc.test.PreinitializeMustBeInvoked.initialize(PreinitializeMustBeInvoked.java:78)
	at ptolemy.actor.Director.initialize(Director.java:938)
	at ptolemy.actor.Director.initialize(Director.java:907)
	at ptolemy.actor.sched.StaticSchedulingDirector.initialize(StaticSchedulingDirector.java:159)
	at ptolemy.domains.sdf.kernel.SDFDirector.initialize(SDFDirector.java:544)
	at ptolemy.actor.CompositeActor.initialize(CompositeActor.java:935)
	at ptolemy.actor.lib.hoc.LifeCycleManager._executeInsideModel(LifeCycleManager.java:339)
	at ptolemy.actor.lib.hoc.RunCompositeActor.fire(RunCompositeActor.java:205)
	at ptolemy.actor.CompositeActor.iterate(CompositeActor.java:1146)
	at ptolemy.actor.sched.StaticSchedulingDirector.fire(StaticSchedulingDirector.java:216)
	at ptolemy.domains.sdf.kernel.SDFDirector.fire(SDFDirector.java:500)
	at ptolemy.actor.CompositeActor.fire(CompositeActor.java:455)
	at ptolemy.actor.Manager.iterate(Manager.java:851)
	at ptolemy.actor.Manager.execute(Manager.java:369)
	at ptolemy.actor.Manager.run(Manager.java:1263)
	at ptolemy.actor.Manager$PtolemyRunThread.run(Manager.java:1915)
]]></system-err>
</testsuite>
