<?xml version="1.0" encoding="UTF-8" ?>
<testsuite errors="1" failures="0" hostname="travis-job-0f6f68fd-f32e-428c-b2e4-e0106ef02966" name="ptolemy.actor.lib.hoc.test.junit.JUnitTclTest" skipped="0" tests="58" time="22.603" timestamp="2018-05-05T00:42:17">
  <properties>
[...]
</properties>
  <testcase classname="ptolemy.util.test.junit.TclTests" name="[0] /home/travis/build/icyphy/ptII/ptolemy/actor/lib/hoc/test/IterateOverArray.tcl (RunTclFile)" time="0.263" />
  <testcase classname="ptolemy.util.test.junit.AutoKnownFailedTests" name="[0] /home/travis/build/icyphy/ptII/ptolemy/actor/lib/hoc/test/auto/knownFailedTests/PreinitializeMustBeInvokedRunComposite.xml (RunModel)" time="0.227" />
  <testcase classname="ptolemy.util.test.junit.AutoNameArchTests" name="[0] ThereAreNoAutoTests (RunModel)" time="0.0" />
  <testcase classname="ptolemy.util.test.junit.AutoTests" name="[0] /home/travis/build/icyphy/ptII/ptolemy/actor/lib/hoc/test/auto/AllToAllMultiInstanceComposite.xml (RunModel)" time="0.251" />
  <testcase classname="ptolemy.util.test.junit.AutoTests" name="[1] /home/travis/build/icyphy/ptII/ptolemy/actor/lib/hoc/test/auto/ApplyFFTTest.xml (RunModel)" time="0.249" />
  <testcase classname="ptolemy.util.test.junit.AutoTests" name="[2] /home/travis/build/icyphy/ptII/ptolemy/actor/lib/hoc/test/auto/ApplyFunction.xml (RunModel)" time="0.021" />
  <testcase classname="ptolemy.util.test.junit.AutoTests" name="[3] /home/travis/build/icyphy/ptII/ptolemy/actor/lib/hoc/test/auto/BackgroundExecution.xml (RunModel)" time="0.674" />
  <testcase classname="ptolemy.util.test.junit.AutoTests" name="[4] /home/travis/build/icyphy/ptII/ptolemy/actor/lib/hoc/test/auto/Case.xml (RunModel)" time="0.078" />
  <testcase classname="ptolemy.util.test.junit.AutoTests" name="[5] /home/travis/build/icyphy/ptII/ptolemy/actor/lib/hoc/test/auto/Case1.xml (RunModel)" time="0.04" />
  <testcase classname="ptolemy.util.test.junit.AutoTests" name="[6] /home/travis/build/icyphy/ptII/ptolemy/actor/lib/hoc/test/auto/Case2.xml (RunModel)" time="0.126" />
  <testcase classname="ptolemy.util.test.junit.AutoTests" name="[7] /home/travis/build/icyphy/ptII/ptolemy/actor/lib/hoc/test/auto/Case3.xml (RunModel)" time="0.03" />
  <testcase classname="ptolemy.util.test.junit.AutoTests" name="[8] /home/travis/build/icyphy/ptII/ptolemy/actor/lib/hoc/test/auto/Case4.xml (RunModel)" time="0.043" />
  <testcase classname="ptolemy.util.test.junit.AutoTests" name="[9] /home/travis/build/icyphy/ptII/ptolemy/actor/lib/hoc/test/auto/Case5.xml (RunModel)" time="0.09" />
  <testcase classname="ptolemy.util.test.junit.AutoTests" name="[10] /home/travis/build/icyphy/ptII/ptolemy/actor/lib/hoc/test/auto/Case6.xml (RunModel)" time="0.074" />
  <testcase classname="ptolemy.util.test.junit.AutoTests" name="[11] /home/travis/build/icyphy/ptII/ptolemy/actor/lib/hoc/test/auto/CaseString2.xml (RunModel)" time="0.028" />
  <testcase classname="ptolemy.util.test.junit.AutoTests" name="[12] /home/travis/build/icyphy/ptII/ptolemy/actor/lib/hoc/test/auto/CatchUpComposite1.xml (RunModel)" time="0.077" />
  <testcase classname="ptolemy.util.test.junit.AutoTests" name="[13] /home/travis/build/icyphy/ptII/ptolemy/actor/lib/hoc/test/auto/CatchUpComposite2.xml (RunModel)" time="0.069" />
  <testcase classname="ptolemy.util.test.junit.AutoTests" name="[14] /home/travis/build/icyphy/ptII/ptolemy/actor/lib/hoc/test/auto/CatchUpComposite3.xml (RunModel)" time="0.062" />
  <testcase classname="ptolemy.util.test.junit.AutoTests" name="[15] /home/travis/build/icyphy/ptII/ptolemy/actor/lib/hoc/test/auto/CatchUpComposite4.xml (RunModel)" time="0.07" />
  <testcase classname="ptolemy.util.test.junit.AutoTests" name="[16] /home/travis/build/icyphy/ptII/ptolemy/actor/lib/hoc/test/auto/CatchUpComposite5.xml (RunModel)" time="0.043" />
  <testcase classname="ptolemy.util.test.junit.AutoTests" name="[17] /home/travis/build/icyphy/ptII/ptolemy/actor/lib/hoc/test/auto/CatchUpComposite6.xml (RunModel)" time="0.174" />
  <testcase classname="ptolemy.util.test.junit.AutoTests" name="[18] /home/travis/build/icyphy/ptII/ptolemy/actor/lib/hoc/test/auto/CatchUpComposite7.xml (RunModel)" time="0.106" />
  <testcase classname="ptolemy.util.test.junit.AutoTests" name="[19] /home/travis/build/icyphy/ptII/ptolemy/actor/lib/hoc/test/auto/ConcurrentExecutionTimeSDF.xml (RunModel)" time="0.04" />
  <testcase classname="ptolemy.util.test.junit.AutoTests" name="[20] /home/travis/build/icyphy/ptII/ptolemy/actor/lib/hoc/test/auto/ConcurrentSleep.xml (RunModel)" time="0.759" />
  <testcase classname="ptolemy.util.test.junit.AutoTests" name="[21] /home/travis/build/icyphy/ptII/ptolemy/actor/lib/hoc/test/auto/DEInPNInRunCompositeActor.xml (RunModel)" time="0.063" />
  <testcase classname="ptolemy.util.test.junit.AutoTests" name="[22] /home/travis/build/icyphy/ptII/ptolemy/actor/lib/hoc/test/auto/DFTSubSetTest.xml (RunModel)" time="0.303" />
  <testcase classname="ptolemy.util.test.junit.AutoTests" name="[23] /home/travis/build/icyphy/ptII/ptolemy/actor/lib/hoc/test/auto/HocDE.xml (RunModel)" time="0.192" />
  <testcase classname="ptolemy.util.test.junit.AutoTests" name="[24] /home/travis/build/icyphy/ptII/ptolemy/actor/lib/hoc/test/auto/IterateOverArray.xml (RunModel)" time="0.026" />
  <testcase classname="ptolemy.util.test.junit.AutoTests" name="[25] /home/travis/build/icyphy/ptII/ptolemy/actor/lib/hoc/test/auto/IterateOverArray10.xml (RunModel)" time="0.036" />
  <testcase classname="ptolemy.util.test.junit.AutoTests" name="[26] /home/travis/build/icyphy/ptII/ptolemy/actor/lib/hoc/test/auto/IterateOverArray11.xml (RunModel)" time="0.034" />
  <testcase classname="ptolemy.util.test.junit.AutoTests" name="[27] /home/travis/build/icyphy/ptII/ptolemy/actor/lib/hoc/test/auto/IterateOverArray12.xml (RunModel)" time="0.05" />
  <testcase classname="ptolemy.util.test.junit.AutoTests" name="[28] /home/travis/build/icyphy/ptII/ptolemy/actor/lib/hoc/test/auto/IterateOverArray13.xml (RunModel)" time="0.166" />
  <testcase classname="ptolemy.util.test.junit.AutoTests" name="[29] /home/travis/build/icyphy/ptII/ptolemy/actor/lib/hoc/test/auto/IterateOverArray14.xml (RunModel)" time="0.147" />
  <testcase classname="ptolemy.util.test.junit.AutoTests" name="[30] /home/travis/build/icyphy/ptII/ptolemy/actor/lib/hoc/test/auto/IterateOverArray2.xml (RunModel)" time="0.026" />
  <testcase classname="ptolemy.util.test.junit.AutoTests" name="[31] /home/travis/build/icyphy/ptII/ptolemy/actor/lib/hoc/test/auto/IterateOverArray3.xml (RunModel)" time="0.035" />
  <testcase classname="ptolemy.util.test.junit.AutoTests" name="[32] /home/travis/build/icyphy/ptII/ptolemy/actor/lib/hoc/test/auto/IterateOverArray4.xml (RunModel)" time="0.03" />
  <testcase classname="ptolemy.util.test.junit.AutoTests" name="[33] /home/travis/build/icyphy/ptII/ptolemy/actor/lib/hoc/test/auto/IterateOverArray5.xml (RunModel)" time="0.025" />
  <testcase classname="ptolemy.util.test.junit.AutoTests" name="[34] /home/travis/build/icyphy/ptII/ptolemy/actor/lib/hoc/test/auto/IterateOverArray6.xml (RunModel)" time="0.009" />
  <testcase classname="ptolemy.util.test.junit.AutoTests" name="[35] /home/travis/build/icyphy/ptII/ptolemy/actor/lib/hoc/test/auto/IterateOverArray7.xml (RunModel)" time="0.016" />
  <testcase classname="ptolemy.util.test.junit.AutoTests" name="[36] /home/travis/build/icyphy/ptII/ptolemy/actor/lib/hoc/test/auto/IterateOverArray8.xml (RunModel)" time="0.022" />
  <testcase classname="ptolemy.util.test.junit.AutoTests" name="[37] /home/travis/build/icyphy/ptII/ptolemy/actor/lib/hoc/test/auto/IterateOverArray9.xml (RunModel)" time="0.023" />
  <testcase classname="ptolemy.util.test.junit.AutoTests" name="[38] /home/travis/build/icyphy/ptII/ptolemy/actor/lib/hoc/test/auto/IterateOverArrayCoercedOutputType.xml (RunModel)" time="0.034" />
  <testcase classname="ptolemy.util.test.junit.AutoTests" name="[39] /home/travis/build/icyphy/ptII/ptolemy/actor/lib/hoc/test/auto/IterateOverArrayInferredOutputType.xml (RunModel)" time="0.032" />
  <testcase classname="ptolemy.util.test.junit.AutoTests" name="[40] /home/travis/build/icyphy/ptII/ptolemy/actor/lib/hoc/test/auto/MobileFunctionTest.xml (RunModel)" time="0.023" />
  <testcase classname="ptolemy.util.test.junit.AutoTests" name="[41] /home/travis/build/icyphy/ptII/ptolemy/actor/lib/hoc/test/auto/MobileModelTest.xml (RunModel)" time="0.109" />
  <testcase classname="ptolemy.util.test.junit.AutoTests" name="[42] /home/travis/build/icyphy/ptII/ptolemy/actor/lib/hoc/test/auto/ModelReference.xml (RunModel)" time="0.071" />
  <testcase classname="ptolemy.util.test.junit.AutoTests" name="[43] /home/travis/build/icyphy/ptII/ptolemy/actor/lib/hoc/test/auto/ModelReference3.xml (RunModel)" time="0.052" />
  <testcase classname="ptolemy.util.test.junit.AutoTests" name="[44] /home/travis/build/icyphy/ptII/ptolemy/actor/lib/hoc/test/auto/ModelReference4.xml (RunModel)" time="10.039" />
  <testcase classname="ptolemy.util.test.junit.AutoTests" name="[45] /home/travis/build/icyphy/ptII/ptolemy/actor/lib/hoc/test/auto/MultiInstanceComposite.xml (RunModel)" time="0.067" />
  <testcase classname="ptolemy.util.test.junit.AutoTests" name="[46] /home/travis/build/icyphy/ptII/ptolemy/actor/lib/hoc/test/auto/MultiInstanceComposite2.xml (RunModel)" time="0.035" />
  <testcase classname="ptolemy.util.test.junit.AutoTests" name="[47] /home/travis/build/icyphy/ptII/ptolemy/actor/lib/hoc/test/auto/MulticoreExecution.xml (RunModel)" time="1.048">
    <error type="java.lang.reflect.InvocationTargetException">java.lang.reflect.InvocationTargetException
	at java.lang.reflect.Constructor.newInstance(Constructor.java:423)
	at ptolemy.util.test.junit.AutoTests.RunModel(AutoTests.java:161)
	at junitparams.internal.InvokeParameterisedMethod.evaluate(InvokeParameterisedMethod.java:102)
Caused by: ptolemy.kernel.util.IllegalActionException: Inside thread was interrupted.
  in .MulticoreExecution.ThreadedComposite.ThreadedDirector
	at ptolemy.actor.lib.hoc.ThreadedComposite$ThreadedDirector.fire(ThreadedComposite.java:646)
	at ptolemy.actor.CompositeActor.fire(CompositeActor.java:455)
	at ptolemy.actor.sched.FixedPointDirector._fireActor(FixedPointDirector.java:768)
	at ptolemy.actor.sched.FixedPointDirector.fire(FixedPointDirector.java:244)
	at ptolemy.actor.CompositeActor.fire(CompositeActor.java:455)
	at ptolemy.actor.Manager.iterate(Manager.java:851)
	at ptolemy.actor.Manager.execute(Manager.java:369)
	at ptolemy.actor.Manager.run(Manager.java:1263)
	at ptolemy.actor.Manager$PtolemyRunThread.run(Manager.java:1915)
</error>
  </testcase>
  <testcase classname="ptolemy.util.test.junit.AutoTests" name="[48] /home/travis/build/icyphy/ptII/ptolemy/actor/lib/hoc/test/auto/ParallelExecution.xml (RunModel)" time="0.942" />
  <testcase classname="ptolemy.util.test.junit.AutoTests" name="[49] /home/travis/build/icyphy/ptII/ptolemy/actor/lib/hoc/test/auto/RunCompositeActor.xml (RunModel)" time="0.021" />
  <testcase classname="ptolemy.util.test.junit.AutoTests" name="[50] /home/travis/build/icyphy/ptII/ptolemy/actor/lib/hoc/test/auto/RunCompositeActor2.xml (RunModel)" time="0.05" />
  <testcase classname="ptolemy.util.test.junit.AutoTests" name="[51] /home/travis/build/icyphy/ptII/ptolemy/actor/lib/hoc/test/auto/RunCompositeActor3.xml (RunModel)" time="0.019" />
  <testcase classname="ptolemy.util.test.junit.AutoTests" name="[52] /home/travis/build/icyphy/ptII/ptolemy/actor/lib/hoc/test/auto/RunCompositeActor4.xml (RunModel)" time="0.02" />
  <testcase classname="ptolemy.util.test.junit.AutoTests" name="[53] /home/travis/build/icyphy/ptII/ptolemy/actor/lib/hoc/test/auto/RunCompositeIterateOverArray.xml (RunModel)" time="0.02" />
  <testcase classname="ptolemy.util.test.junit.AutoTests" name="[54] /home/travis/build/icyphy/ptII/ptolemy/actor/lib/hoc/test/auto/ThreadedJS.xml (RunModel)" time="4.678" />
  <system-out><![CDATA[/home/travis/build/icyphy/ptII/ptolemy/actor/lib/hoc/test/IterateOverArray.tcl
testDefs.tcl: setting time out to 9000 seconds at Sat May 05 00:42:17 UTC 2018
05/05/18 12:42:17
Failed: 0  Total Tests: 2  ((Passed: 2, Newly Passed: 0)  Known Failed: 0) /home/travis/build/icyphy/ptII/ptolemy/actor/lib/hoc/test
----------------- testing (KnownFailure) /home/travis/build/icyphy/ptII/ptolemy/actor/lib/hoc/test/auto/knownFailedTests/PreinitializeMustBeInvokedRunComposite.xml
35 ms. Memory: 116224K Free: 104509K (90%)
Known Failure: java.lang.reflect.InvocationTargetException
No auto/*.xml tests in /home/travis/build/icyphy/ptII/ptolemy/actor/lib/hoc/test
AutoTests.java: About to close Vertx.
AutoTests.java: Vertx closed.
----------------- testing Sat May 05 00:42:18 UTC 2018 /home/travis/build/icyphy/ptII/ptolemy/actor/lib/hoc/test/auto/AllToAllMultiInstanceComposite.xml
----------------- Instantiating /home/travis/build/icyphy/ptII/ptolemy/actor/lib/hoc/test/auto/AllToAllMultiInstanceComposite.xml
138 ms. Memory: 146944K Free: 113262K (77%)
----------------- Invoking toplevel() on ptolemy.moml.MoMLSimpleApplication@42cd1e6c
----------------- Done invoking toplevel() on ptolemy.moml.MoMLSimpleApplication@42cd1e6c
reloadAllAccessors: .AllToAllMultiInstanceComposite
----------------- testing Sat May 05 00:42:18 UTC 2018 /home/travis/build/icyphy/ptII/ptolemy/actor/lib/hoc/test/auto/ApplyFFTTest.xml
----------------- Instantiating /home/travis/build/icyphy/ptII/ptolemy/actor/lib/hoc/test/auto/ApplyFFTTest.xml
87 ms. Memory: 146944K Free: 93161K (63%)
----------------- Invoking toplevel() on ptolemy.moml.MoMLSimpleApplication@13ccdfd0
----------------- Done invoking toplevel() on ptolemy.moml.MoMLSimpleApplication@13ccdfd0
reloadAllAccessors: .ApplyFFTTest
----------------- testing Sat May 05 00:42:18 UTC 2018 /home/travis/build/icyphy/ptII/ptolemy/actor/lib/hoc/test/auto/ApplyFunction.xml
----------------- Instantiating /home/travis/build/icyphy/ptII/ptolemy/actor/lib/hoc/test/auto/ApplyFunction.xml
4 ms. Memory: 146944K Free: 89371K (61%)
----------------- Invoking toplevel() on ptolemy.moml.MoMLSimpleApplication@531cd7a9
----------------- Done invoking toplevel() on ptolemy.moml.MoMLSimpleApplication@531cd7a9
reloadAllAccessors: .ApplyFunction
----------------- testing Sat May 05 00:42:18 UTC 2018 /home/travis/build/icyphy/ptII/ptolemy/actor/lib/hoc/test/auto/BackgroundExecution.xml
----------------- Instantiating /home/travis/build/icyphy/ptII/ptolemy/actor/lib/hoc/test/auto/BackgroundExecution.xml
623 ms. Memory: 146944K Free: 80344K (55%)
----------------- Invoking toplevel() on ptolemy.moml.MoMLSimpleApplication@7b725539
----------------- Done invoking toplevel() on ptolemy.moml.MoMLSimpleApplication@7b725539
reloadAllAccessors: .BackgroundExecution
----------------- testing Sat May 05 00:42:19 UTC 2018 /home/travis/build/icyphy/ptII/ptolemy/actor/lib/hoc/test/auto/Case.xml
----------------- Instantiating /home/travis/build/icyphy/ptII/ptolemy/actor/lib/hoc/test/auto/Case.xml
16 ms. Memory: 146944K Free: 133632K (91%)
----------------- Invoking toplevel() on ptolemy.moml.MoMLSimpleApplication@574cf0e0
----------------- Done invoking toplevel() on ptolemy.moml.MoMLSimpleApplication@574cf0e0
reloadAllAccessors: .Case
----------------- testing Sat May 05 00:42:19 UTC 2018 /home/travis/build/icyphy/ptII/ptolemy/actor/lib/hoc/test/auto/Case1.xml
----------------- Instantiating /home/travis/build/icyphy/ptII/ptolemy/actor/lib/hoc/test/auto/Case1.xml
18 ms. Memory: 146944K Free: 126012K (86%)
----------------- Invoking toplevel() on ptolemy.moml.MoMLSimpleApplication@7739be7c
----------------- Done invoking toplevel() on ptolemy.moml.MoMLSimpleApplication@7739be7c
reloadAllAccessors: .Case1
----------------- testing Sat May 05 00:42:19 UTC 2018 /home/travis/build/icyphy/ptII/ptolemy/actor/lib/hoc/test/auto/Case2.xml
----------------- Instantiating /home/travis/build/icyphy/ptII/ptolemy/actor/lib/hoc/test/auto/Case2.xml
46 ms. Memory: 146944K Free: 115073K (78%)
----------------- Invoking toplevel() on ptolemy.moml.MoMLSimpleApplication@52a197f0
----------------- Done invoking toplevel() on ptolemy.moml.MoMLSimpleApplication@52a197f0
reloadAllAccessors: .Case2
----------------- testing Sat May 05 00:42:19 UTC 2018 /home/travis/build/icyphy/ptII/ptolemy/actor/lib/hoc/test/auto/Case3.xml
----------------- Instantiating /home/travis/build/icyphy/ptII/ptolemy/actor/lib/hoc/test/auto/Case3.xml
8 ms. Memory: 146944K Free: 108021K (74%)
----------------- Invoking toplevel() on ptolemy.moml.MoMLSimpleApplication@4db132d5
----------------- Done invoking toplevel() on ptolemy.moml.MoMLSimpleApplication@4db132d5
reloadAllAccessors: .Case3
----------------- testing Sat May 05 00:42:19 UTC 2018 /home/travis/build/icyphy/ptII/ptolemy/actor/lib/hoc/test/auto/Case4.xml
----------------- Instantiating /home/travis/build/icyphy/ptII/ptolemy/actor/lib/hoc/test/auto/Case4.xml
9 ms. Memory: 146944K Free: 99629K (68%)
----------------- Invoking toplevel() on ptolemy.moml.MoMLSimpleApplication@580678ea
----------------- Done invoking toplevel() on ptolemy.moml.MoMLSimpleApplication@580678ea
reloadAllAccessors: .Case4
----------------- testing Sat May 05 00:42:19 UTC 2018 /home/travis/build/icyphy/ptII/ptolemy/actor/lib/hoc/test/auto/Case5.xml
----------------- Instantiating /home/travis/build/icyphy/ptII/ptolemy/actor/lib/hoc/test/auto/Case5.xml
54 ms. Memory: 146944K Free: 92144K (63%)
----------------- Invoking toplevel() on ptolemy.moml.MoMLSimpleApplication@40a22ebe
----------------- Done invoking toplevel() on ptolemy.moml.MoMLSimpleApplication@40a22ebe
reloadAllAccessors: .junk
----------------- testing Sat May 05 00:42:20 UTC 2018 /home/travis/build/icyphy/ptII/ptolemy/actor/lib/hoc/test/auto/Case6.xml
----------------- Instantiating /home/travis/build/icyphy/ptII/ptolemy/actor/lib/hoc/test/auto/Case6.xml
42 ms. Memory: 208384K Free: 201666K (97%)
----------------- Invoking toplevel() on ptolemy.moml.MoMLSimpleApplication@737b9e5f
----------------- Done invoking toplevel() on ptolemy.moml.MoMLSimpleApplication@737b9e5f
reloadAllAccessors: .Case6
----------------- testing Sat May 05 00:42:20 UTC 2018 /home/travis/build/icyphy/ptII/ptolemy/actor/lib/hoc/test/auto/CaseString2.xml
----------------- Instantiating /home/travis/build/icyphy/ptII/ptolemy/actor/lib/hoc/test/auto/CaseString2.xml
7 ms. Memory: 208384K Free: 191540K (92%)
----------------- Invoking toplevel() on ptolemy.moml.MoMLSimpleApplication@519bb62e
----------------- Done invoking toplevel() on ptolemy.moml.MoMLSimpleApplication@519bb62e
reloadAllAccessors: .CaseString2
----------------- testing Sat May 05 00:42:20 UTC 2018 /home/travis/build/icyphy/ptII/ptolemy/actor/lib/hoc/test/auto/CatchUpComposite1.xml
----------------- Instantiating /home/travis/build/icyphy/ptII/ptolemy/actor/lib/hoc/test/auto/CatchUpComposite1.xml
23 ms. Memory: 208384K Free: 181693K (87%)
----------------- Invoking toplevel() on ptolemy.moml.MoMLSimpleApplication@6bab18f7
----------------- Done invoking toplevel() on ptolemy.moml.MoMLSimpleApplication@6bab18f7
reloadAllAccessors: .CatchUpComposite1
----------------- testing Sat May 05 00:42:20 UTC 2018 /home/travis/build/icyphy/ptII/ptolemy/actor/lib/hoc/test/auto/CatchUpComposite2.xml
----------------- Instantiating /home/travis/build/icyphy/ptII/ptolemy/actor/lib/hoc/test/auto/CatchUpComposite2.xml
19 ms. Memory: 208384K Free: 171846K (82%)
----------------- Invoking toplevel() on ptolemy.moml.MoMLSimpleApplication@75bd0a87
----------------- Done invoking toplevel() on ptolemy.moml.MoMLSimpleApplication@75bd0a87
reloadAllAccessors: .CatchUpComposite2
----------------- testing Sat May 05 00:42:20 UTC 2018 /home/travis/build/icyphy/ptII/ptolemy/actor/lib/hoc/test/auto/CatchUpComposite3.xml
----------------- Instantiating /home/travis/build/icyphy/ptII/ptolemy/actor/lib/hoc/test/auto/CatchUpComposite3.xml
13 ms. Memory: 208384K Free: 161102K (77%)
----------------- Invoking toplevel() on ptolemy.moml.MoMLSimpleApplication@27ee3a0a
----------------- Done invoking toplevel() on ptolemy.moml.MoMLSimpleApplication@27ee3a0a
reloadAllAccessors: .CatchUpComposite3
----------------- testing Sat May 05 00:42:20 UTC 2018 /home/travis/build/icyphy/ptII/ptolemy/actor/lib/hoc/test/auto/CatchUpComposite4.xml
----------------- Instantiating /home/travis/build/icyphy/ptII/ptolemy/actor/lib/hoc/test/auto/CatchUpComposite4.xml
17 ms. Memory: 208384K Free: 151821K (73%)
----------------- Invoking toplevel() on ptolemy.moml.MoMLSimpleApplication@7d5a83a7
----------------- Done invoking toplevel() on ptolemy.moml.MoMLSimpleApplication@7d5a83a7
reloadAllAccessors: .CatchUpComposite4
----------------- testing Sat May 05 00:42:20 UTC 2018 /home/travis/build/icyphy/ptII/ptolemy/actor/lib/hoc/test/auto/CatchUpComposite5.xml
----------------- Instantiating /home/travis/build/icyphy/ptII/ptolemy/actor/lib/hoc/test/auto/CatchUpComposite5.xml
10 ms. Memory: 208384K Free: 143187K (69%)
----------------- Invoking toplevel() on ptolemy.moml.MoMLSimpleApplication@6c9ec51e
----------------- Done invoking toplevel() on ptolemy.moml.MoMLSimpleApplication@6c9ec51e
reloadAllAccessors: .CatchUpComposite5
----------------- testing Sat May 05 00:42:20 UTC 2018 /home/travis/build/icyphy/ptII/ptolemy/actor/lib/hoc/test/auto/CatchUpComposite6.xml
----------------- Instantiating /home/travis/build/icyphy/ptII/ptolemy/actor/lib/hoc/test/auto/CatchUpComposite6.xml
WARNING: The execution aspects in this model can influence the timing of actors by delaying the 
execution, potentially changing the behavior. There is no guarantee that actors fire at the 
time they request to be fired. 
Use Ptides for deterministic DE behavior that is not influenced by execution aspects. 

94 ms. Memory: 208384K Free: 124327K (60%)
----------------- Invoking toplevel() on ptolemy.moml.MoMLSimpleApplication@221c29fe
----------------- Done invoking toplevel() on ptolemy.moml.MoMLSimpleApplication@221c29fe
reloadAllAccessors: .CatchUpComposite6
----------------- testing Sat May 05 00:42:20 UTC 2018 /home/travis/build/icyphy/ptII/ptolemy/actor/lib/hoc/test/auto/CatchUpComposite7.xml
----------------- Instantiating /home/travis/build/icyphy/ptII/ptolemy/actor/lib/hoc/test/auto/CatchUpComposite7.xml
WARNING: The execution aspects in this model can influence the timing of actors by delaying the 
execution, potentially changing the behavior. There is no guarantee that actors fire at the 
time they request to be fired. 
Use Ptides for deterministic DE behavior that is not influenced by execution aspects. 

40 ms. Memory: 208384K Free: 107640K (52%)
----------------- Invoking toplevel() on ptolemy.moml.MoMLSimpleApplication@2cf5756c
----------------- Done invoking toplevel() on ptolemy.moml.MoMLSimpleApplication@2cf5756c
reloadAllAccessors: .CatchUpComposite7
----------------- testing Sat May 05 00:42:20 UTC 2018 /home/travis/build/icyphy/ptII/ptolemy/actor/lib/hoc/test/auto/ConcurrentExecutionTimeSDF.xml
----------------- Instantiating /home/travis/build/icyphy/ptII/ptolemy/actor/lib/hoc/test/auto/ConcurrentExecutionTimeSDF.xml
15 ms. Memory: 208384K Free: 99006K (48%)
----------------- Invoking toplevel() on ptolemy.moml.MoMLSimpleApplication@3c6edc61
----------------- Done invoking toplevel() on ptolemy.moml.MoMLSimpleApplication@3c6edc61
reloadAllAccessors: .ConcurrentExecutionTimeSDF
----------------- testing Sat May 05 00:42:20 UTC 2018 /home/travis/build/icyphy/ptII/ptolemy/actor/lib/hoc/test/auto/ConcurrentSleep.xml
----------------- Instantiating /home/travis/build/icyphy/ptII/ptolemy/actor/lib/hoc/test/auto/ConcurrentSleep.xml
729 ms. Memory: 208384K Free: 84543K (41%)
----------------- Invoking toplevel() on ptolemy.moml.MoMLSimpleApplication@603e62af
----------------- Done invoking toplevel() on ptolemy.moml.MoMLSimpleApplication@603e62af
reloadAllAccessors: .ConcurrentSleep
----------------- testing Sat May 05 00:42:21 UTC 2018 /home/travis/build/icyphy/ptII/ptolemy/actor/lib/hoc/test/auto/DEInPNInRunCompositeActor.xml
----------------- Instantiating /home/travis/build/icyphy/ptII/ptolemy/actor/lib/hoc/test/auto/DEInPNInRunCompositeActor.xml
37 ms. Memory: 208384K Free: 200676K (96%)
----------------- Invoking toplevel() on ptolemy.moml.MoMLSimpleApplication@419c6fb7
----------------- Done invoking toplevel() on ptolemy.moml.MoMLSimpleApplication@419c6fb7
reloadAllAccessors: .DEInPNInRunCompositeActor
----------------- testing Sat May 05 00:42:21 UTC 2018 /home/travis/build/icyphy/ptII/ptolemy/actor/lib/hoc/test/auto/DFTSubSetTest.xml
----------------- Instantiating /home/travis/build/icyphy/ptII/ptolemy/actor/lib/hoc/test/auto/DFTSubSetTest.xml
201 ms. Memory: 208384K Free: 152661K (73%)
----------------- Invoking toplevel() on ptolemy.moml.MoMLSimpleApplication@1e316560
----------------- Done invoking toplevel() on ptolemy.moml.MoMLSimpleApplication@1e316560
reloadAllAccessors: .DFTSubSetTest
----------------- testing Sat May 05 00:42:21 UTC 2018 /home/travis/build/icyphy/ptII/ptolemy/actor/lib/hoc/test/auto/HocDE.xml
----------------- Instantiating /home/travis/build/icyphy/ptII/ptolemy/actor/lib/hoc/test/auto/HocDE.xml
154 ms. Memory: 208384K Free: 126113K (61%)
----------------- Invoking toplevel() on ptolemy.moml.MoMLSimpleApplication@40e184f3
----------------- Done invoking toplevel() on ptolemy.moml.MoMLSimpleApplication@40e184f3
reloadAllAccessors: .HocDE
----------------- testing Sat May 05 00:42:22 UTC 2018 /home/travis/build/icyphy/ptII/ptolemy/actor/lib/hoc/test/auto/IterateOverArray.xml
----------------- Instantiating /home/travis/build/icyphy/ptII/ptolemy/actor/lib/hoc/test/auto/IterateOverArray.xml
8 ms. Memory: 208384K Free: 120549K (58%)
----------------- Invoking toplevel() on ptolemy.moml.MoMLSimpleApplication@2bf4d4e9
----------------- Done invoking toplevel() on ptolemy.moml.MoMLSimpleApplication@2bf4d4e9
reloadAllAccessors: .IterateOverArray
----------------- testing Sat May 05 00:42:22 UTC 2018 /home/travis/build/icyphy/ptII/ptolemy/actor/lib/hoc/test/auto/IterateOverArray10.xml
----------------- Instantiating /home/travis/build/icyphy/ptII/ptolemy/actor/lib/hoc/test/auto/IterateOverArray10.xml
2 ms. Memory: 208384K Free: 116223K (56%)
----------------- Invoking toplevel() on ptolemy.moml.MoMLSimpleApplication@7e0fd1bd
----------------- Done invoking toplevel() on ptolemy.moml.MoMLSimpleApplication@7e0fd1bd
reloadAllAccessors: .IterateOverArray10
----------------- testing Sat May 05 00:42:22 UTC 2018 /home/travis/build/icyphy/ptII/ptolemy/actor/lib/hoc/test/auto/IterateOverArray11.xml
----------------- Instantiating /home/travis/build/icyphy/ptII/ptolemy/actor/lib/hoc/test/auto/IterateOverArray11.xml
9 ms. Memory: 208384K Free: 111276K (53%)
----------------- Invoking toplevel() on ptolemy.moml.MoMLSimpleApplication@310f7061
----------------- Done invoking toplevel() on ptolemy.moml.MoMLSimpleApplication@310f7061
reloadAllAccessors: .IterateOverArray11
----------------- testing Sat May 05 00:42:22 UTC 2018 /home/travis/build/icyphy/ptII/ptolemy/actor/lib/hoc/test/auto/IterateOverArray12.xml
----------------- Instantiating /home/travis/build/icyphy/ptII/ptolemy/actor/lib/hoc/test/auto/IterateOverArray12.xml
20 ms. Memory: 208384K Free: 103870K (50%)
----------------- Invoking toplevel() on ptolemy.moml.MoMLSimpleApplication@763316cd
----------------- Done invoking toplevel() on ptolemy.moml.MoMLSimpleApplication@763316cd
reloadAllAccessors: .IterateOverArray12
----------------- testing Sat May 05 00:42:22 UTC 2018 /home/travis/build/icyphy/ptII/ptolemy/actor/lib/hoc/test/auto/IterateOverArray13.xml
----------------- Instantiating /home/travis/build/icyphy/ptII/ptolemy/actor/lib/hoc/test/auto/IterateOverArray13.xml
92 ms. Memory: 331264K Free: 318778K (96%)
----------------- Invoking toplevel() on ptolemy.moml.MoMLSimpleApplication@344dff3a
----------------- Done invoking toplevel() on ptolemy.moml.MoMLSimpleApplication@344dff3a
reloadAllAccessors: .IterateOverArray13
----------------- testing Sat May 05 00:42:22 UTC 2018 /home/travis/build/icyphy/ptII/ptolemy/actor/lib/hoc/test/auto/IterateOverArray14.xml
----------------- Instantiating /home/travis/build/icyphy/ptII/ptolemy/actor/lib/hoc/test/auto/IterateOverArray14.xml
68 ms. Memory: 331264K Free: 281494K (85%)
----------------- Invoking toplevel() on ptolemy.moml.MoMLSimpleApplication@186ea49c
----------------- Done invoking toplevel() on ptolemy.moml.MoMLSimpleApplication@186ea49c
reloadAllAccessors: .IterateOverArray14
----------------- testing Sat May 05 00:42:22 UTC 2018 /home/travis/build/icyphy/ptII/ptolemy/actor/lib/hoc/test/auto/IterateOverArray2.xml
----------------- Instantiating /home/travis/build/icyphy/ptII/ptolemy/actor/lib/hoc/test/auto/IterateOverArray2.xml
7 ms. Memory: 331264K Free: 276599K (83%)
----------------- Invoking toplevel() on ptolemy.moml.MoMLSimpleApplication@2a02fa21
----------------- Done invoking toplevel() on ptolemy.moml.MoMLSimpleApplication@2a02fa21
reloadAllAccessors: .IterateOverArray2
----------------- testing Sat May 05 00:42:22 UTC 2018 /home/travis/build/icyphy/ptII/ptolemy/actor/lib/hoc/test/auto/IterateOverArray3.xml
----------------- Instantiating /home/travis/build/icyphy/ptII/ptolemy/actor/lib/hoc/test/auto/IterateOverArray3.xml
10 ms. Memory: 331264K Free: 267203K (81%)
----------------- Invoking toplevel() on ptolemy.moml.MoMLSimpleApplication@2686013b
----------------- Done invoking toplevel() on ptolemy.moml.MoMLSimpleApplication@2686013b
reloadAllAccessors: .IterateOverArray3
----------------- testing Sat May 05 00:42:22 UTC 2018 /home/travis/build/icyphy/ptII/ptolemy/actor/lib/hoc/test/auto/IterateOverArray4.xml
----------------- Instantiating /home/travis/build/icyphy/ptII/ptolemy/actor/lib/hoc/test/auto/IterateOverArray4.xml
6 ms. Memory: 331264K Free: 262308K (79%)
----------------- Invoking toplevel() on ptolemy.moml.MoMLSimpleApplication@1f6b3e90
----------------- Done invoking toplevel() on ptolemy.moml.MoMLSimpleApplication@1f6b3e90
reloadAllAccessors: .IterateOverArray4
----------------- testing Sat May 05 00:42:22 UTC 2018 /home/travis/build/icyphy/ptII/ptolemy/actor/lib/hoc/test/auto/IterateOverArray5.xml
----------------- Instantiating /home/travis/build/icyphy/ptII/ptolemy/actor/lib/hoc/test/auto/IterateOverArray5.xml
3 ms. Memory: 331264K Free: 257413K (78%)
----------------- Invoking toplevel() on ptolemy.moml.MoMLSimpleApplication@487ce1ac
----------------- Done invoking toplevel() on ptolemy.moml.MoMLSimpleApplication@487ce1ac
reloadAllAccessors: .IterateOverArray5
----------------- testing Sat May 05 00:42:22 UTC 2018 /home/travis/build/icyphy/ptII/ptolemy/actor/lib/hoc/test/auto/IterateOverArray6.xml
----------------- Instantiating /home/travis/build/icyphy/ptII/ptolemy/actor/lib/hoc/test/auto/IterateOverArray6.xml
2 ms. Memory: 331264K Free: 252911K (76%)
----------------- Invoking toplevel() on ptolemy.moml.MoMLSimpleApplication@5f12b346
----------------- Done invoking toplevel() on ptolemy.moml.MoMLSimpleApplication@5f12b346
reloadAllAccessors: .IterateOverArray6
----------------- testing Sat May 05 00:42:22 UTC 2018 /home/travis/build/icyphy/ptII/ptolemy/actor/lib/hoc/test/auto/IterateOverArray7.xml
----------------- Instantiating /home/travis/build/icyphy/ptII/ptolemy/actor/lib/hoc/test/auto/IterateOverArray7.xml
5 ms. Memory: 331264K Free: 248016K (75%)
----------------- Invoking toplevel() on ptolemy.moml.MoMLSimpleApplication@7c0ae58b
----------------- Done invoking toplevel() on ptolemy.moml.MoMLSimpleApplication@7c0ae58b
reloadAllAccessors: .IterateOverArray7
----------------- testing Sat May 05 00:42:22 UTC 2018 /home/travis/build/icyphy/ptII/ptolemy/actor/lib/hoc/test/auto/IterateOverArray8.xml
----------------- Instantiating /home/travis/build/icyphy/ptII/ptolemy/actor/lib/hoc/test/auto/IterateOverArray8.xml
3 ms. Memory: 331264K Free: 242291K (73%)
----------------- Invoking toplevel() on ptolemy.moml.MoMLSimpleApplication@3b1c0dc4
----------------- Done invoking toplevel() on ptolemy.moml.MoMLSimpleApplication@3b1c0dc4
reloadAllAccessors: .IterateOverArray8
----------------- testing Sat May 05 00:42:22 UTC 2018 /home/travis/build/icyphy/ptII/ptolemy/actor/lib/hoc/test/auto/IterateOverArray9.xml
----------------- Instantiating /home/travis/build/icyphy/ptII/ptolemy/actor/lib/hoc/test/auto/IterateOverArray9.xml
8 ms. Memory: 331264K Free: 237396K (72%)
----------------- Invoking toplevel() on ptolemy.moml.MoMLSimpleApplication@79eb2222
----------------- Done invoking toplevel() on ptolemy.moml.MoMLSimpleApplication@79eb2222
reloadAllAccessors: .IterateOverArray9
----------------- testing Sat May 05 00:42:22 UTC 2018 /home/travis/build/icyphy/ptII/ptolemy/actor/lib/hoc/test/auto/IterateOverArrayCoercedOutputType.xml
----------------- Instantiating /home/travis/build/icyphy/ptII/ptolemy/actor/lib/hoc/test/auto/IterateOverArrayCoercedOutputType.xml
4 ms. Memory: 331264K Free: 231278K (70%)
----------------- Invoking toplevel() on ptolemy.moml.MoMLSimpleApplication@58aeee41
----------------- Done invoking toplevel() on ptolemy.moml.MoMLSimpleApplication@58aeee41
reloadAllAccessors: .IterateOverArrayCoercedOutputType
----------------- testing Sat May 05 00:42:22 UTC 2018 /home/travis/build/icyphy/ptII/ptolemy/actor/lib/hoc/test/auto/IterateOverArrayInferredOutputType.xml
----------------- Instantiating /home/travis/build/icyphy/ptII/ptolemy/actor/lib/hoc/test/auto/IterateOverArrayInferredOutputType.xml
10 ms. Memory: 331264K Free: 224328K (68%)
----------------- Invoking toplevel() on ptolemy.moml.MoMLSimpleApplication@278403c6
----------------- Done invoking toplevel() on ptolemy.moml.MoMLSimpleApplication@278403c6
reloadAllAccessors: .IterateOverArrayInferredOutputType
----------------- testing Sat May 05 00:42:22 UTC 2018 /home/travis/build/icyphy/ptII/ptolemy/actor/lib/hoc/test/auto/MobileFunctionTest.xml
----------------- Instantiating /home/travis/build/icyphy/ptII/ptolemy/actor/lib/hoc/test/auto/MobileFunctionTest.xml
4 ms. Memory: 331264K Free: 219433K (66%)
----------------- Invoking toplevel() on ptolemy.moml.MoMLSimpleApplication@2c29f366
----------------- Done invoking toplevel() on ptolemy.moml.MoMLSimpleApplication@2c29f366
reloadAllAccessors: .MobileFunctionTest
----------------- testing Sat May 05 00:42:22 UTC 2018 /home/travis/build/icyphy/ptII/ptolemy/actor/lib/hoc/test/auto/MobileModelTest.xml
----------------- Instantiating /home/travis/build/icyphy/ptII/ptolemy/actor/lib/hoc/test/auto/MobileModelTest.xml
73 ms. Memory: 331264K Free: 197800K (60%)
----------------- Invoking toplevel() on ptolemy.moml.MoMLSimpleApplication@40dbf1d6
----------------- Done invoking toplevel() on ptolemy.moml.MoMLSimpleApplication@40dbf1d6
reloadAllAccessors: .MobileModelTest
----------------- testing Sat May 05 00:42:23 UTC 2018 /home/travis/build/icyphy/ptII/ptolemy/actor/lib/hoc/test/auto/ModelReference.xml
----------------- Instantiating /home/travis/build/icyphy/ptII/ptolemy/actor/lib/hoc/test/auto/ModelReference.xml
5 ms. Memory: 331264K Free: 189234K (57%)
3 ms. Memory: 331264K Free: 188010K (57%)
3 ms. Memory: 331264K Free: 188010K (57%)
1 ms. Memory: 331264K Free: 186787K (56%)
1 ms. Memory: 331264K Free: 185563K (56%)
2 ms. Memory: 331264K Free: 185563K (56%)
1 ms. Memory: 331264K Free: 184339K (56%)
2 ms. Memory: 331264K Free: 183116K (55%)
5 ms. Memory: 331264K Free: 183116K (55%)
5 ms. Memory: 331264K Free: 181892K (55%)
45 ms. Memory: 331264K Free: 181892K (55%)
----------------- Invoking toplevel() on ptolemy.moml.MoMLSimpleApplication@3091b675
----------------- Done invoking toplevel() on ptolemy.moml.MoMLSimpleApplication@3091b675
reloadAllAccessors: .ModelReference
----------------- testing Sat May 05 00:42:23 UTC 2018 /home/travis/build/icyphy/ptII/ptolemy/actor/lib/hoc/test/auto/ModelReference3.xml
----------------- Instantiating /home/travis/build/icyphy/ptII/ptolemy/actor/lib/hoc/test/auto/ModelReference3.xml
3 ms. Memory: 331264K Free: 175773K (53%)
5 ms. Memory: 331264K Free: 175773K (53%)
1 ms. Memory: 331264K Free: 174550K (53%)
3 ms. Memory: 331264K Free: 173326K (52%)
2 ms. Memory: 331264K Free: 173326K (52%)
1 ms. Memory: 331264K Free: 172102K (52%)
3 ms. Memory: 331264K Free: 170879K (52%)
2 ms. Memory: 331264K Free: 170879K (52%)
4 ms. Memory: 331264K Free: 169655K (51%)
2 ms. Memory: 331264K Free: 168431K (51%)
37 ms. Memory: 331264K Free: 168431K (51%)
----------------- Invoking toplevel() on ptolemy.moml.MoMLSimpleApplication@71bb53a2
----------------- Done invoking toplevel() on ptolemy.moml.MoMLSimpleApplication@71bb53a2
reloadAllAccessors: .ModelReference3
----------------- testing Sat May 05 00:42:23 UTC 2018 /home/travis/build/icyphy/ptII/ptolemy/actor/lib/hoc/test/auto/ModelReference4.xml
----------------- Instantiating /home/travis/build/icyphy/ptII/ptolemy/actor/lib/hoc/test/auto/ModelReference4.xml
4 ms. Memory: 331264K Free: 161482K (49%)
3 ms. Memory: 331264K Free: 160258K (48%)
3 ms. Memory: 331264K Free: 157811K (48%)
2 ms. Memory: 331264K Free: 156587K (47%)
3 ms. Memory: 331264K Free: 155364K (47%)
2 ms. Memory: 331264K Free: 154140K (47%)
2 ms. Memory: 331264K Free: 152916K (46%)
2 ms. Memory: 331264K Free: 151693K (46%)
2 ms. Memory: 331264K Free: 149229K (45%)
3 ms. Memory: 331264K Free: 148006K (45%)
10022 ms. Memory: 331264K Free: 148006K (45%)
----------------- Invoking toplevel() on ptolemy.moml.MoMLSimpleApplication@23c8b58a
----------------- Done invoking toplevel() on ptolemy.moml.MoMLSimpleApplication@23c8b58a
reloadAllAccessors: .ModelReference4
----------------- testing Sat May 05 00:42:33 UTC 2018 /home/travis/build/icyphy/ptII/ptolemy/actor/lib/hoc/test/auto/MultiInstanceComposite.xml
----------------- Instantiating /home/travis/build/icyphy/ptII/ptolemy/actor/lib/hoc/test/auto/MultiInstanceComposite.xml
31 ms. Memory: 331264K Free: 130754K (39%)
----------------- Invoking toplevel() on ptolemy.moml.MoMLSimpleApplication@5db28f74
----------------- Done invoking toplevel() on ptolemy.moml.MoMLSimpleApplication@5db28f74
reloadAllAccessors: .MultiInstanceComposite
----------------- testing Sat May 05 00:42:33 UTC 2018 /home/travis/build/icyphy/ptII/ptolemy/actor/lib/hoc/test/auto/MultiInstanceComposite2.xml
----------------- Instantiating /home/travis/build/icyphy/ptII/ptolemy/actor/lib/hoc/test/auto/MultiInstanceComposite2.xml
13 ms. Memory: 331264K Free: 116367K (35%)
----------------- Invoking toplevel() on ptolemy.moml.MoMLSimpleApplication@df61e98
----------------- Done invoking toplevel() on ptolemy.moml.MoMLSimpleApplication@df61e98
reloadAllAccessors: .MultiInstanceComposite2
----------------- testing Sat May 05 00:42:33 UTC 2018 /home/travis/build/icyphy/ptII/ptolemy/actor/lib/hoc/test/auto/MulticoreExecution.xml
----------------- Instantiating /home/travis/build/icyphy/ptII/ptolemy/actor/lib/hoc/test/auto/MulticoreExecution.xml
1015 ms. Memory: 331264K Free: 102834K (31%)
----------------- testing Sat May 05 00:42:34 UTC 2018 /home/travis/build/icyphy/ptII/ptolemy/actor/lib/hoc/test/auto/ParallelExecution.xml
----------------- Instantiating /home/travis/build/icyphy/ptII/ptolemy/actor/lib/hoc/test/auto/ParallelExecution.xml
917 ms. Memory: 331264K Free: 88526K (27%)
----------------- Invoking toplevel() on ptolemy.moml.MoMLSimpleApplication@3e1d50dd
----------------- Done invoking toplevel() on ptolemy.moml.MoMLSimpleApplication@3e1d50dd
reloadAllAccessors: .ParallelExecution
----------------- testing Sat May 05 00:42:35 UTC 2018 /home/travis/build/icyphy/ptII/ptolemy/actor/lib/hoc/test/auto/RunCompositeActor.xml
----------------- Instantiating /home/travis/build/icyphy/ptII/ptolemy/actor/lib/hoc/test/auto/RunCompositeActor.xml
7 ms. Memory: 331264K Free: 79896K (24%)
----------------- Invoking toplevel() on ptolemy.moml.MoMLSimpleApplication@304b59f7
----------------- Done invoking toplevel() on ptolemy.moml.MoMLSimpleApplication@304b59f7
reloadAllAccessors: .RunCompositeActor
----------------- testing Sat May 05 00:42:35 UTC 2018 /home/travis/build/icyphy/ptII/ptolemy/actor/lib/hoc/test/auto/RunCompositeActor2.xml
----------------- Instantiating /home/travis/build/icyphy/ptII/ptolemy/actor/lib/hoc/test/auto/RunCompositeActor2.xml
4 ms. Memory: 332288K Free: 316483K (95%)
----------------- Invoking toplevel() on ptolemy.moml.MoMLSimpleApplication@e538a8
----------------- Done invoking toplevel() on ptolemy.moml.MoMLSimpleApplication@e538a8
reloadAllAccessors: .RunCompositeActor2
----------------- testing Sat May 05 00:42:35 UTC 2018 /home/travis/build/icyphy/ptII/ptolemy/actor/lib/hoc/test/auto/RunCompositeActor3.xml
----------------- Instantiating /home/travis/build/icyphy/ptII/ptolemy/actor/lib/hoc/test/auto/RunCompositeActor3.xml
4 ms. Memory: 332288K Free: 309362K (93%)
----------------- Invoking toplevel() on ptolemy.moml.MoMLSimpleApplication@1e6befea
----------------- Done invoking toplevel() on ptolemy.moml.MoMLSimpleApplication@1e6befea
reloadAllAccessors: .RunCompositeActor3
----------------- testing Sat May 05 00:42:35 UTC 2018 /home/travis/build/icyphy/ptII/ptolemy/actor/lib/hoc/test/auto/RunCompositeActor4.xml
----------------- Instantiating /home/travis/build/icyphy/ptII/ptolemy/actor/lib/hoc/test/auto/RunCompositeActor4.xml
8 ms. Memory: 332288K Free: 300408K (90%)
----------------- Invoking toplevel() on ptolemy.moml.MoMLSimpleApplication@7713f3f2
----------------- Done invoking toplevel() on ptolemy.moml.MoMLSimpleApplication@7713f3f2
reloadAllAccessors: .RunCompositeActor4
----------------- testing Sat May 05 00:42:35 UTC 2018 /home/travis/build/icyphy/ptII/ptolemy/actor/lib/hoc/test/auto/RunCompositeIterateOverArray.xml
----------------- Instantiating /home/travis/build/icyphy/ptII/ptolemy/actor/lib/hoc/test/auto/RunCompositeIterateOverArray.xml
4 ms. Memory: 332288K Free: 293874K (88%)
----------------- Invoking toplevel() on ptolemy.moml.MoMLSimpleApplication@589d4839
----------------- Done invoking toplevel() on ptolemy.moml.MoMLSimpleApplication@589d4839
reloadAllAccessors: .RunCompositeIterateOverArray
----------------- testing Sat May 05 00:42:35 UTC 2018 /home/travis/build/icyphy/ptII/ptolemy/actor/lib/hoc/test/auto/ThreadedJS.xml
----------------- Instantiating /home/travis/build/icyphy/ptII/ptolemy/actor/lib/hoc/test/auto/ThreadedJS.xml
1805 ms. Memory: 541184K Free: 165502K (31%)
----------------- Invoking toplevel() on ptolemy.moml.MoMLSimpleApplication@6ea1c1bb
----------------- Done invoking toplevel() on ptolemy.moml.MoMLSimpleApplication@6ea1c1bb
reloadAllAccessors: .ThreadedJS
AutoTests.java: About to close Vertx.
AutoTests.java: Vertx closed.
]]></system-out>
  <system-err><![CDATA[java.lang.RuntimeException: Execution failed
	at ptolemy.moml.MoMLSimpleApplication$UnloadThread.run(MoMLSimpleApplication.java:402)
Caused by: ptolemy.kernel.util.IllegalActionException: initialize() was called after wrapup() was called but preinitialize() was not called after wrapup().
	at ptolemy.actor.lib.hoc.test.PreinitializeMustBeInvoked.initialize(PreinitializeMustBeInvoked.java:78)
	at ptolemy.actor.Director.initialize(Director.java:938)
	at ptolemy.actor.Director.initialize(Director.java:907)
	at ptolemy.actor.sched.StaticSchedulingDirector.initialize(StaticSchedulingDirector.java:159)
	at ptolemy.domains.sdf.kernel.SDFDirector.initialize(SDFDirector.java:544)
	at ptolemy.actor.CompositeActor.initialize(CompositeActor.java:935)
	at ptolemy.actor.lib.hoc.LifeCycleManager._executeInsideModel(LifeCycleManager.java:339)
	at ptolemy.actor.lib.hoc.RunCompositeActor.fire(RunCompositeActor.java:205)
	at ptolemy.actor.CompositeActor.iterate(CompositeActor.java:1146)
	at ptolemy.actor.sched.StaticSchedulingDirector.fire(StaticSchedulingDirector.java:216)
	at ptolemy.domains.sdf.kernel.SDFDirector.fire(SDFDirector.java:500)
	at ptolemy.actor.CompositeActor.fire(CompositeActor.java:455)
	at ptolemy.actor.Manager.iterate(Manager.java:851)
	at ptolemy.actor.Manager.execute(Manager.java:369)
	at ptolemy.actor.Manager.run(Manager.java:1263)
	at ptolemy.actor.Manager$PtolemyRunThread.run(Manager.java:1915)
java.lang.reflect.InvocationTargetException
	at sun.reflect.NativeConstructorAccessorImpl.newInstance0(Native Method)
	at sun.reflect.NativeConstructorAccessorImpl.newInstance(NativeConstructorAccessorImpl.java:62)
	at sun.reflect.DelegatingConstructorAccessorImpl.newInstance(DelegatingConstructorAccessorImpl.java:45)
	at java.lang.reflect.Constructor.newInstance(Constructor.java:423)
	at ptolemy.util.test.junit.AutoKnownFailedTests.RunModel(AutoKnownFailedTests.java:107)
	at sun.reflect.NativeMethodAccessorImpl.invoke0(Native Method)
	at sun.reflect.NativeMethodAccessorImpl.invoke(NativeMethodAccessorImpl.java:62)
	at sun.reflect.DelegatingMethodAccessorImpl.invoke(DelegatingMethodAccessorImpl.java:43)
	at java.lang.reflect.Method.invoke(Method.java:498)
	at org.junit.runners.model.FrameworkMethod$1.runReflectiveCall(FrameworkMethod.java:44)
	at org.junit.internal.runners.model.ReflectiveCallable.run(ReflectiveCallable.java:15)
	at org.junit.runners.model.FrameworkMethod.invokeExplosively(FrameworkMethod.java:41)
	at junitparams.internal.InvokeParameterisedMethod.evaluate(InvokeParameterisedMethod.java:102)
	at org.junit.internal.runners.statements.FailOnTimeout$1.run(FailOnTimeout.java:28)
Caused by: ptolemy.kernel.util.IllegalActionException: initialize() was called after wrapup() was called but preinitialize() was not called after wrapup().
	at ptolemy.actor.lib.hoc.test.PreinitializeMustBeInvoked.initialize(PreinitializeMustBeInvoked.java:78)
	at ptolemy.actor.Director.initialize(Director.java:938)
	at ptolemy.actor.Director.initialize(Director.java:907)
	at ptolemy.actor.sched.StaticSchedulingDirector.initialize(StaticSchedulingDirector.java:159)
	at ptolemy.domains.sdf.kernel.SDFDirector.initialize(SDFDirector.java:544)
	at ptolemy.actor.CompositeActor.initialize(CompositeActor.java:935)
	at ptolemy.actor.lib.hoc.LifeCycleManager._executeInsideModel(LifeCycleManager.java:339)
	at ptolemy.actor.lib.hoc.RunCompositeActor.fire(RunCompositeActor.java:205)
	at ptolemy.actor.CompositeActor.iterate(CompositeActor.java:1146)
	at ptolemy.actor.sched.StaticSchedulingDirector.fire(StaticSchedulingDirector.java:216)
	at ptolemy.domains.sdf.kernel.SDFDirector.fire(SDFDirector.java:500)
	at ptolemy.actor.CompositeActor.fire(CompositeActor.java:455)
	at ptolemy.actor.Manager.iterate(Manager.java:851)
	at ptolemy.actor.Manager.execute(Manager.java:369)
	at ptolemy.actor.Manager.run(Manager.java:1263)
	at ptolemy.actor.Manager$PtolemyRunThread.run(Manager.java:1915)
java.lang.RuntimeException: Execution failed
	at ptolemy.moml.MoMLSimpleApplication$UnloadThread.run(MoMLSimpleApplication.java:402)
Caused by: ptolemy.kernel.util.IllegalActionException: Inside thread was interrupted.
  in .MulticoreExecution.ThreadedComposite.ThreadedDirector
	at ptolemy.actor.lib.hoc.ThreadedComposite$ThreadedDirector.fire(ThreadedComposite.java:646)
	at ptolemy.actor.CompositeActor.fire(CompositeActor.java:455)
	at ptolemy.actor.sched.FixedPointDirector._fireActor(FixedPointDirector.java:768)
	at ptolemy.actor.sched.FixedPointDirector.fire(FixedPointDirector.java:244)
	at ptolemy.actor.CompositeActor.fire(CompositeActor.java:455)
	at ptolemy.actor.Manager.iterate(Manager.java:851)
	at ptolemy.actor.Manager.execute(Manager.java:369)
	at ptolemy.actor.Manager.run(Manager.java:1263)
	at ptolemy.actor.Manager$PtolemyRunThread.run(Manager.java:1915)
]]></system-err>
</testsuite>
