<?xml version="1.0" encoding="UTF-8" ?>
<testsuite errors="0" failures="0" hostname="travis-job-dc6b996a-84f5-496f-ae70-b1982fe3e866" name="ptolemy.domains.sdf.test.junit.JUnitTclTest" skipped="0" tests="66" time="19.388" timestamp="2018-05-12T14:18:45">
  <properties>
[...]
</properties>
  <testcase classname="ptolemy.util.test.junit.TclTests" name="[0] /home/travis/build/icyphy/ptII/ptolemy/domains/sdf/test/SDFSchedulerErrors.tcl (RunTclFile)" time="0.561" />
  <testcase classname="ptolemy.util.test.junit.TclTests" name="[1] /home/travis/build/icyphy/ptII/ptolemy/domains/sdf/test/composition.tcl (RunTclFile)" time="0.156" />
  <testcase classname="ptolemy.util.test.junit.TclTests" name="[2] /home/travis/build/icyphy/ptII/ptolemy/domains/sdf/test/cycle.tcl (RunTclFile)" time="0.028" />
  <testcase classname="ptolemy.util.test.junit.AutoKnownFailedTests" name="[0] ThereAreNoKnowFailedTests (RunModel)" time="0.018" />
  <testcase classname="ptolemy.util.test.junit.AutoNameArchTests" name="[0] ThereAreNoAutoTests (RunModel)" time="0.01" />
  <testcase classname="ptolemy.util.test.junit.AutoTests" name="[0] /home/travis/build/icyphy/ptII/ptolemy/domains/sdf/test/auto/Array.xml (RunModel)" time="0.174" />
  <testcase classname="ptolemy.util.test.junit.AutoTests" name="[1] /home/travis/build/icyphy/ptII/ptolemy/domains/sdf/test/auto/Butterfly.xml (RunModel)" time="0.137" />
  <testcase classname="ptolemy.util.test.junit.AutoTests" name="[2] /home/travis/build/icyphy/ptII/ptolemy/domains/sdf/test/auto/Expression.xml (RunModel)" time="0.121" />
  <testcase classname="ptolemy.util.test.junit.AutoTests" name="[3] /home/travis/build/icyphy/ptII/ptolemy/domains/sdf/test/auto/Eye.xml (RunModel)" time="0.3" />
  <testcase classname="ptolemy.util.test.junit.AutoTests" name="[4] /home/travis/build/icyphy/ptII/ptolemy/domains/sdf/test/auto/FixFIR.xml (RunModel)" time="0.269" />
  <testcase classname="ptolemy.util.test.junit.AutoTests" name="[5] /home/travis/build/icyphy/ptII/ptolemy/domains/sdf/test/auto/FixPoint.xml (RunModel)" time="0.022" />
  <testcase classname="ptolemy.util.test.junit.AutoTests" name="[6] /home/travis/build/icyphy/ptII/ptolemy/domains/sdf/test/auto/Gravitation.xml (RunModel)" time="3.246" />
  <testcase classname="ptolemy.util.test.junit.AutoTests" name="[7] /home/travis/build/icyphy/ptII/ptolemy/domains/sdf/test/auto/GravitationWithCollisionDetection.xml (RunModel)" time="6.004" />
  <testcase classname="ptolemy.util.test.junit.AutoTests" name="[8] /home/travis/build/icyphy/ptII/ptolemy/domains/sdf/test/auto/HDF.xml (RunModel)" time="0.129" />
  <testcase classname="ptolemy.util.test.junit.AutoTests" name="[9] /home/travis/build/icyphy/ptII/ptolemy/domains/sdf/test/auto/HDFwithTransientStates.xml (RunModel)" time="0.113" />
  <testcase classname="ptolemy.util.test.junit.AutoTests" name="[10] /home/travis/build/icyphy/ptII/ptolemy/domains/sdf/test/auto/HTVQ.xml (RunModel)" time="0.858" />
  <testcase classname="ptolemy.util.test.junit.AutoTests" name="[11] /home/travis/build/icyphy/ptII/ptolemy/domains/sdf/test/auto/InferInitProduction.xml (RunModel)" time="0.029" />
  <testcase classname="ptolemy.util.test.junit.AutoTests" name="[12] /home/travis/build/icyphy/ptII/ptolemy/domains/sdf/test/auto/InferInitProductionDeeper.xml (RunModel)" time="0.026" />
  <testcase classname="ptolemy.util.test.junit.AutoTests" name="[13] /home/travis/build/icyphy/ptII/ptolemy/domains/sdf/test/auto/LMSAdaptive.xml (RunModel)" time="0.074" />
  <testcase classname="ptolemy.util.test.junit.AutoTests" name="[14] /home/travis/build/icyphy/ptII/ptolemy/domains/sdf/test/auto/LogisticMap.xml (RunModel)" time="0.499" />
  <testcase classname="ptolemy.util.test.junit.AutoTests" name="[15] /home/travis/build/icyphy/ptII/ptolemy/domains/sdf/test/auto/MaximumEntropySpectrum.xml (RunModel)" time="0.269" />
  <testcase classname="ptolemy.util.test.junit.AutoTests" name="[16] /home/travis/build/icyphy/ptII/ptolemy/domains/sdf/test/auto/MultirateSDF.xml (RunModel)" time="0.062" />
  <testcase classname="ptolemy.util.test.junit.AutoTests" name="[17] /home/travis/build/icyphy/ptII/ptolemy/domains/sdf/test/auto/MultirateSDFwithTransientStates.xml (RunModel)" time="0.083" />
  <testcase classname="ptolemy.util.test.junit.AutoTests" name="[18] /home/travis/build/icyphy/ptII/ptolemy/domains/sdf/test/auto/NoisySinewave.xml (RunModel)" time="0.066" />
  <testcase classname="ptolemy.util.test.junit.AutoTests" name="[19] /home/travis/build/icyphy/ptII/ptolemy/domains/sdf/test/auto/Objects.xml (RunModel)" time="0.055" />
  <testcase classname="ptolemy.util.test.junit.AutoTests" name="[20] /home/travis/build/icyphy/ptII/ptolemy/domains/sdf/test/auto/OrthogonalCom.xml (RunModel)" time="0.05" />
  <testcase classname="ptolemy.util.test.junit.AutoTests" name="[21] /home/travis/build/icyphy/ptII/ptolemy/domains/sdf/test/auto/RijndaelEncryption.xml (RunModel)" time="0.572" />
  <testcase classname="ptolemy.util.test.junit.AutoTests" name="[22] /home/travis/build/icyphy/ptII/ptolemy/domains/sdf/test/auto/SDFEmptyIterations.xml (RunModel)" time="0.022" />
  <testcase classname="ptolemy.util.test.junit.AutoTests" name="[23] /home/travis/build/icyphy/ptII/ptolemy/domains/sdf/test/auto/Spectrum.xml (RunModel)" time="0.084" />
  <testcase classname="ptolemy.util.test.junit.AutoTests" name="[24] /home/travis/build/icyphy/ptII/ptolemy/domains/sdf/test/auto/de_inside_sdf.xml (RunModel)" time="0.025" />
  <testcase classname="ptolemy.util.test.junit.AutoTests" name="[25] /home/travis/build/icyphy/ptII/ptolemy/domains/sdf/test/auto/disconnectedHierarchicalSDF.xml (RunModel)" time="0.025" />
  <testcase classname="ptolemy.util.test.junit.AutoTests" name="[26] /home/travis/build/icyphy/ptII/ptolemy/domains/sdf/test/auto/disconnectedSDF.xml (RunModel)" time="0.023" />
  <testcase classname="ptolemy.util.test.junit.AutoTests" name="[27] /home/travis/build/icyphy/ptII/ptolemy/domains/sdf/test/auto/emptyRefinement.xml (RunModel)" time="0.024" />
  <testcase classname="ptolemy.util.test.junit.AutoTests" name="[28] /home/travis/build/icyphy/ptII/ptolemy/domains/sdf/test/auto/filePortParameter.xml (RunModel)" time="0.061" />
  <testcase classname="ptolemy.util.test.junit.AutoTests" name="[29] /home/travis/build/icyphy/ptII/ptolemy/domains/sdf/test/auto/inferRelationWidth1.xml (RunModel)" time="0.015" />
  <testcase classname="ptolemy.util.test.junit.AutoTests" name="[30] /home/travis/build/icyphy/ptII/ptolemy/domains/sdf/test/auto/initProductionInference.xml (RunModel)" time="0.013" />
  <testcase classname="ptolemy.util.test.junit.AutoTests" name="[31] /home/travis/build/icyphy/ptII/ptolemy/domains/sdf/test/auto/relationGroup.xml (RunModel)" time="0.018" />
  <testcase classname="ptolemy.util.test.junit.AutoTests" name="[32] /home/travis/build/icyphy/ptII/ptolemy/domains/sdf/test/auto/relationGroup10.xml (RunModel)" time="0.022" />
  <testcase classname="ptolemy.util.test.junit.AutoTests" name="[33] /home/travis/build/icyphy/ptII/ptolemy/domains/sdf/test/auto/relationGroup11.xml (RunModel)" time="0.017" />
  <testcase classname="ptolemy.util.test.junit.AutoTests" name="[34] /home/travis/build/icyphy/ptII/ptolemy/domains/sdf/test/auto/relationGroup12.xml (RunModel)" time="0.016" />
  <testcase classname="ptolemy.util.test.junit.AutoTests" name="[35] /home/travis/build/icyphy/ptII/ptolemy/domains/sdf/test/auto/relationGroup13.xml (RunModel)" time="0.025" />
  <testcase classname="ptolemy.util.test.junit.AutoTests" name="[36] /home/travis/build/icyphy/ptII/ptolemy/domains/sdf/test/auto/relationGroup14.xml (RunModel)" time="0.019" />
  <testcase classname="ptolemy.util.test.junit.AutoTests" name="[37] /home/travis/build/icyphy/ptII/ptolemy/domains/sdf/test/auto/relationGroup15.xml (RunModel)" time="0.014" />
  <testcase classname="ptolemy.util.test.junit.AutoTests" name="[38] /home/travis/build/icyphy/ptII/ptolemy/domains/sdf/test/auto/relationGroup2.xml (RunModel)" time="0.015" />
  <testcase classname="ptolemy.util.test.junit.AutoTests" name="[39] /home/travis/build/icyphy/ptII/ptolemy/domains/sdf/test/auto/relationGroup3.xml (RunModel)" time="0.009" />
  <testcase classname="ptolemy.util.test.junit.AutoTests" name="[40] /home/travis/build/icyphy/ptII/ptolemy/domains/sdf/test/auto/relationGroup4.xml (RunModel)" time="0.014" />
  <testcase classname="ptolemy.util.test.junit.AutoTests" name="[41] /home/travis/build/icyphy/ptII/ptolemy/domains/sdf/test/auto/relationGroup5.xml (RunModel)" time="0.023" />
  <testcase classname="ptolemy.util.test.junit.AutoTests" name="[42] /home/travis/build/icyphy/ptII/ptolemy/domains/sdf/test/auto/relationGroup6.xml (RunModel)" time="0.02" />
  <testcase classname="ptolemy.util.test.junit.AutoTests" name="[43] /home/travis/build/icyphy/ptII/ptolemy/domains/sdf/test/auto/relationGroup7.xml (RunModel)" time="0.013" />
  <testcase classname="ptolemy.util.test.junit.AutoTests" name="[44] /home/travis/build/icyphy/ptII/ptolemy/domains/sdf/test/auto/relationGroup8.xml (RunModel)" time="0.014" />
  <testcase classname="ptolemy.util.test.junit.AutoTests" name="[45] /home/travis/build/icyphy/ptII/ptolemy/domains/sdf/test/auto/relationGroup9.xml (RunModel)" time="0.021" />
  <testcase classname="ptolemy.util.test.junit.AutoTests" name="[46] /home/travis/build/icyphy/ptII/ptolemy/domains/sdf/test/auto/sdf_inside_de.xml (RunModel)" time="0.049" />
  <testcase classname="ptolemy.util.test.junit.AutoTests" name="[47] /home/travis/build/icyphy/ptII/ptolemy/domains/sdf/test/auto/sdf_inside_pn.xml (RunModel)" time="0.047" />
  <testcase classname="ptolemy.util.test.junit.AutoTests" name="[48] /home/travis/build/icyphy/ptII/ptolemy/domains/sdf/test/auto/sdf_sdf1.xml (RunModel)" time="0.016" />
  <testcase classname="ptolemy.util.test.junit.AutoTests" name="[49] /home/travis/build/icyphy/ptII/ptolemy/domains/sdf/test/auto/test1.xml (RunModel)" time="0.017" />
  <testcase classname="ptolemy.util.test.junit.AutoTests" name="[50] /home/travis/build/icyphy/ptII/ptolemy/domains/sdf/test/auto/time1.xml (RunModel)" time="0.008" />
  <testcase classname="ptolemy.util.test.junit.AutoTests" name="[51] /home/travis/build/icyphy/ptII/ptolemy/domains/sdf/test/auto/time2.xml (RunModel)" time="0.01" />
  <testcase classname="ptolemy.util.test.junit.AutoTests" name="[52] /home/travis/build/icyphy/ptII/ptolemy/domains/sdf/test/auto/time3.xml (RunModel)" time="0.017" />
  <testcase classname="ptolemy.util.test.junit.AutoTests" name="[53] /home/travis/build/icyphy/ptII/ptolemy/domains/sdf/test/auto/time4.xml (RunModel)" time="0.025" />
  <testcase classname="ptolemy.util.test.junit.AutoTests" name="[54] /home/travis/build/icyphy/ptII/ptolemy/domains/sdf/test/auto/time5.xml (RunModel)" time="4.008" />
  <testcase classname="ptolemy.util.test.junit.AutoTests" name="[55] /home/travis/build/icyphy/ptII/ptolemy/domains/sdf/test/auto/typeSystem_Const_Integer_smallest_Type.xml (RunModel)" time="0.022" />
  <testcase classname="ptolemy.util.test.junit.AutoTests" name="[56] /home/travis/build/icyphy/ptII/ptolemy/domains/sdf/test/auto/typeSystem_declared_Inports_OutportTypeException.xml (RunModel)" time="0.015" />
  <testcase classname="ptolemy.util.test.junit.AutoTests" name="[57] /home/travis/build/icyphy/ptII/ptolemy/domains/sdf/test/auto/typeSystem_oneDeclaredInportType_wrongTypeOutport.xml (RunModel)" time="0.012" />
  <testcase classname="ptolemy.util.test.junit.AutoTests" name="[58] /home/travis/build/icyphy/ptII/ptolemy/domains/sdf/test/auto/width.xml (RunModel)" time="0.009" />
  <testcase classname="ptolemy.util.test.junit.AutoTests" name="[59] /home/travis/build/icyphy/ptII/ptolemy/domains/sdf/test/auto/width2.xml (RunModel)" time="0.032" />
  <testcase classname="ptolemy.util.test.junit.AutoTests" name="[60] /home/travis/build/icyphy/ptII/ptolemy/domains/sdf/test/auto/width3.xml (RunModel)" time="0.03" />
  <system-out><![CDATA[/home/travis/build/icyphy/ptII/ptolemy/domains/sdf/test/SDFSchedulerErrors.tcl
testDefs.tcl: setting time out to 9000 seconds at Sat May 12 14:18:45 UTC 2018
17 ms. Memory: 116224K Free: 106952K (92%)
11 ms. Memory: 116224K Free: 99921K (86%)
4 ms. Memory: 116224K Free: 92922K (80%)
4 ms. Memory: 116224K Free: 89845K (77%)
/home/travis/build/icyphy/ptII/ptolemy/domains/sdf/test/composition.tcl
38 ms. Memory: 116224K Free: 86262K (74%)
6 ms. Memory: 116224K Free: 83882K (72%)
/home/travis/build/icyphy/ptII/ptolemy/domains/sdf/test/cycle.tcl
.Toplevel.Director Preinitializing ...
Invoking preinitialize():  .Toplevel.Actor1
Invoking preinitialize():  .Toplevel.Actor2
Invoking preinitialize():  .Toplevel.Delay
.Toplevel.Director Finished preinitialize().
### Schedule:
Execute Schedule{
Fire Actor ptolemy.domains.sdf.kernel.test.SDFTestDelay {.Toplevel.Actor1}
Fire Actor ptolemy.domains.sdf.kernel.test.SDFTestDelay {.Toplevel.Actor2}
Fire Actor ptolemy.domains.sdf.lib.SampleDelay {.Toplevel.Delay}
}
### End schedule
Called initialize().
Invoking initialize():  .Toplevel.Actor1
Initializing actor: .Toplevel.Actor1.
Invoking initialize():  .Toplevel.Actor2
Initializing actor: .Toplevel.Actor2.
Invoking initialize():  .Toplevel.Delay
Initializing actor: .Toplevel.Delay.
Director: Called prefire().
-- Setting current time to 0.0
Director prefire returns true.
The actor .Toplevel.Actor1 will be iterated.
The actor .Toplevel.Actor1 was iterated.
The actor .Toplevel.Actor2 will be iterated.
The actor .Toplevel.Actor2 was iterated.
The actor .Toplevel.Delay will be iterated.
The actor .Toplevel.Delay was iterated.
Director: Called postfire().
Postfire returns: true
Director: Called prefire().
-- Setting current time to 0.0
Director prefire returns true.
The actor .Toplevel.Actor1 will be iterated.
The actor .Toplevel.Actor1 was iterated.
The actor .Toplevel.Actor2 will be iterated.
The actor .Toplevel.Actor2 was iterated.
The actor .Toplevel.Delay will be iterated.
The actor .Toplevel.Delay was iterated.
Director: Called postfire().
Postfire returns: true
Director: Called prefire().
-- Setting current time to 0.0
Director prefire returns true.
The actor .Toplevel.Actor1 will be iterated.
The actor .Toplevel.Actor1 was iterated.
The actor .Toplevel.Actor2 will be iterated.
The actor .Toplevel.Actor2 was iterated.
The actor .Toplevel.Delay will be iterated.
The actor .Toplevel.Delay was iterated.
Director: Called postfire().
Postfire returns: true
Director: Called prefire().
-- Setting current time to 0.0
Director prefire returns true.
The actor .Toplevel.Actor1 will be iterated.
The actor .Toplevel.Actor1 was iterated.
The actor .Toplevel.Actor2 will be iterated.
The actor .Toplevel.Actor2 was iterated.
The actor .Toplevel.Delay will be iterated.
The actor .Toplevel.Delay was iterated.
Director: Called postfire().
Postfire returns: true
Director: Called prefire().
-- Setting current time to 0.0
Director prefire returns true.
The actor .Toplevel.Actor1 will be iterated.
The actor .Toplevel.Actor1 was iterated.
The actor .Toplevel.Actor2 will be iterated.
The actor .Toplevel.Actor2 was iterated.
The actor .Toplevel.Delay will be iterated.
The actor .Toplevel.Delay was iterated.
Director: Called postfire().
Postfire returns: true
Director: Called prefire().
-- Setting current time to 0.0
Director prefire returns true.
The actor .Toplevel.Actor1 will be iterated.
The actor .Toplevel.Actor1 was iterated.
The actor .Toplevel.Actor2 will be iterated.
The actor .Toplevel.Actor2 was iterated.
The actor .Toplevel.Delay will be iterated.
The actor .Toplevel.Delay was iterated.
Reached specified number of iterations: 6
Director: Called wrapup().
7 ms. Memory: 116224K Free: 81525K (70%)
05/12/18 02:18:46
Failed: 0  Total Tests: 8  ((Passed: 8, Newly Passed: 0)  Known Failed: 0) /home/travis/build/icyphy/ptII/ptolemy/domains/sdf/test
No auto/knownFailedTests/*.xml tests in /home/travis/build/icyphy/ptII/ptolemy/domains/sdf/test
No auto/*.xml tests in /home/travis/build/icyphy/ptII/ptolemy/domains/sdf/test
AutoTests.java: About to close Vertx.
AutoTests.java: Vertx closed.
----------------- testing Sat May 12 14:18:46 UTC 2018 /home/travis/build/icyphy/ptII/ptolemy/domains/sdf/test/auto/Array.xml
----------------- Instantiating /home/travis/build/icyphy/ptII/ptolemy/domains/sdf/test/auto/Array.xml
29 ms. Memory: 146944K Free: 102794K (70%)
----------------- Invoking toplevel() on ptolemy.moml.MoMLSimpleApplication@2c2e9865
----------------- Done invoking toplevel() on ptolemy.moml.MoMLSimpleApplication@2c2e9865
reloadAllAccessors: .Array
----------------- testing Sat May 12 14:18:46 UTC 2018 /home/travis/build/icyphy/ptII/ptolemy/domains/sdf/test/auto/Butterfly.xml
----------------- Instantiating /home/travis/build/icyphy/ptII/ptolemy/domains/sdf/test/auto/Butterfly.xml
109 ms. Memory: 146944K Free: 96593K (66%)
----------------- Invoking toplevel() on ptolemy.moml.MoMLSimpleApplication@218d4e61
----------------- Done invoking toplevel() on ptolemy.moml.MoMLSimpleApplication@218d4e61
reloadAllAccessors: .Butterfly
----------------- testing Sat May 12 14:18:46 UTC 2018 /home/travis/build/icyphy/ptII/ptolemy/domains/sdf/test/auto/Expression.xml
----------------- Instantiating /home/travis/build/icyphy/ptII/ptolemy/domains/sdf/test/auto/Expression.xml
62 ms. Memory: 146944K Free: 91597K (62%)
----------------- Invoking toplevel() on ptolemy.moml.MoMLSimpleApplication@72b2394b
----------------- Done invoking toplevel() on ptolemy.moml.MoMLSimpleApplication@72b2394b
reloadAllAccessors: .Expression
----------------- testing Sat May 12 14:18:46 UTC 2018 /home/travis/build/icyphy/ptII/ptolemy/domains/sdf/test/auto/Eye.xml
----------------- Instantiating /home/travis/build/icyphy/ptII/ptolemy/domains/sdf/test/auto/Eye.xml
202 ms. Memory: 146944K Free: 122711K (84%)
----------------- Invoking toplevel() on ptolemy.moml.MoMLSimpleApplication@694977ab
----------------- Done invoking toplevel() on ptolemy.moml.MoMLSimpleApplication@694977ab
reloadAllAccessors: .Eye
----------------- testing Sat May 12 14:18:47 UTC 2018 /home/travis/build/icyphy/ptII/ptolemy/domains/sdf/test/auto/FixFIR.xml
----------------- Instantiating /home/travis/build/icyphy/ptII/ptolemy/domains/sdf/test/auto/FixFIR.xml
110 ms. Memory: 146944K Free: 86004K (59%)
----------------- Invoking toplevel() on ptolemy.moml.MoMLSimpleApplication@14574f08
----------------- Done invoking toplevel() on ptolemy.moml.MoMLSimpleApplication@14574f08
reloadAllAccessors: .FixFIR
----------------- testing Sat May 12 14:18:47 UTC 2018 /home/travis/build/icyphy/ptII/ptolemy/domains/sdf/test/auto/FixPoint.xml
----------------- Instantiating /home/travis/build/icyphy/ptII/ptolemy/domains/sdf/test/auto/FixPoint.xml
8 ms. Memory: 146944K Free: 81486K (55%)
----------------- Invoking toplevel() on ptolemy.moml.MoMLSimpleApplication@31eeb3dc
----------------- Done invoking toplevel() on ptolemy.moml.MoMLSimpleApplication@31eeb3dc
reloadAllAccessors: .FixPoint
----------------- testing Sat May 12 14:18:47 UTC 2018 /home/travis/build/icyphy/ptII/ptolemy/domains/sdf/test/auto/Gravitation.xml
----------------- Instantiating /home/travis/build/icyphy/ptII/ptolemy/domains/sdf/test/auto/Gravitation.xml
3160 ms. Memory: 208384K Free: 113066K (54%)
----------------- Invoking toplevel() on ptolemy.moml.MoMLSimpleApplication@74cfed17
----------------- Done invoking toplevel() on ptolemy.moml.MoMLSimpleApplication@74cfed17
reloadAllAccessors: .Gravitation
----------------- testing Sat May 12 14:18:50 UTC 2018 /home/travis/build/icyphy/ptII/ptolemy/domains/sdf/test/auto/GravitationWithCollisionDetection.xml
----------------- Instantiating /home/travis/build/icyphy/ptII/ptolemy/domains/sdf/test/auto/GravitationWithCollisionDetection.xml
5843 ms. Memory: 873984K Free: 355711K (41%)
----------------- Invoking toplevel() on ptolemy.moml.MoMLSimpleApplication@be05a17
----------------- Done invoking toplevel() on ptolemy.moml.MoMLSimpleApplication@be05a17
reloadAllAccessors: .GravitationWithCollisionDetection
----------------- testing Sat May 12 14:18:56 UTC 2018 /home/travis/build/icyphy/ptII/ptolemy/domains/sdf/test/auto/HDF.xml
----------------- Instantiating /home/travis/build/icyphy/ptII/ptolemy/domains/sdf/test/auto/HDF.xml
28 ms. Memory: 873984K Free: 326162K (37%)
----------------- Invoking toplevel() on ptolemy.moml.MoMLSimpleApplication@6b399b5e
----------------- Done invoking toplevel() on ptolemy.moml.MoMLSimpleApplication@6b399b5e
reloadAllAccessors: .HDF
----------------- testing Sat May 12 14:18:56 UTC 2018 /home/travis/build/icyphy/ptII/ptolemy/domains/sdf/test/auto/HDFwithTransientStates.xml
----------------- Instantiating /home/travis/build/icyphy/ptII/ptolemy/domains/sdf/test/auto/HDFwithTransientStates.xml
40 ms. Memory: 873984K Free: 299948K (34%)
----------------- Invoking toplevel() on ptolemy.moml.MoMLSimpleApplication@67def66b
----------------- Done invoking toplevel() on ptolemy.moml.MoMLSimpleApplication@67def66b
reloadAllAccessors: .HDFwithTransientStates
----------------- testing Sat May 12 14:18:57 UTC 2018 /home/travis/build/icyphy/ptII/ptolemy/domains/sdf/test/auto/HTVQ.xml
----------------- Instantiating /home/travis/build/icyphy/ptII/ptolemy/domains/sdf/test/auto/HTVQ.xml
819 ms. Memory: 873984K Free: 137523K (16%)
----------------- Invoking toplevel() on ptolemy.moml.MoMLSimpleApplication@48fde757
----------------- Done invoking toplevel() on ptolemy.moml.MoMLSimpleApplication@48fde757
reloadAllAccessors: .HTVQ
----------------- testing Sat May 12 14:18:57 UTC 2018 /home/travis/build/icyphy/ptII/ptolemy/domains/sdf/test/auto/InferInitProduction.xml
----------------- Instantiating /home/travis/build/icyphy/ptII/ptolemy/domains/sdf/test/auto/InferInitProduction.xml
5 ms. Memory: 873984K Free: 127044K (15%)
----------------- Invoking toplevel() on ptolemy.moml.MoMLSimpleApplication@2a57d4e3
----------------- Done invoking toplevel() on ptolemy.moml.MoMLSimpleApplication@2a57d4e3
reloadAllAccessors: .InferInitProduction
----------------- testing Sat May 12 14:18:57 UTC 2018 /home/travis/build/icyphy/ptII/ptolemy/domains/sdf/test/auto/InferInitProductionDeeper.xml
----------------- Instantiating /home/travis/build/icyphy/ptII/ptolemy/domains/sdf/test/auto/InferInitProductionDeeper.xml
6 ms. Memory: 873984K Free: 116565K (13%)
----------------- Invoking toplevel() on ptolemy.moml.MoMLSimpleApplication@5dd44bb7
----------------- Done invoking toplevel() on ptolemy.moml.MoMLSimpleApplication@5dd44bb7
reloadAllAccessors: .InferInitProductionDeeper
----------------- testing Sat May 12 14:18:57 UTC 2018 /home/travis/build/icyphy/ptII/ptolemy/domains/sdf/test/auto/LMSAdaptive.xml
----------------- Instantiating /home/travis/build/icyphy/ptII/ptolemy/domains/sdf/test/auto/LMSAdaptive.xml
9 ms. Memory: 873984K Free: 100831K (12%)
----------------- Invoking toplevel() on ptolemy.moml.MoMLSimpleApplication@5d3c0087
----------------- Done invoking toplevel() on ptolemy.moml.MoMLSimpleApplication@5d3c0087
reloadAllAccessors: .LMSAdaptive
----------------- testing Sat May 12 14:18:58 UTC 2018 /home/travis/build/icyphy/ptII/ptolemy/domains/sdf/test/auto/LogisticMap.xml
----------------- Instantiating /home/travis/build/icyphy/ptII/ptolemy/domains/sdf/test/auto/LogisticMap.xml
469 ms. Memory: 873984K Free: 90352K (10%)
----------------- Invoking toplevel() on ptolemy.moml.MoMLSimpleApplication@4180eb20
----------------- Done invoking toplevel() on ptolemy.moml.MoMLSimpleApplication@4180eb20
reloadAllAccessors: .LogisticMap
----------------- testing Sat May 12 14:18:58 UTC 2018 /home/travis/build/icyphy/ptII/ptolemy/domains/sdf/test/auto/MaximumEntropySpectrum.xml
----------------- Instantiating /home/travis/build/icyphy/ptII/ptolemy/domains/sdf/test/auto/MaximumEntropySpectrum.xml
62 ms. Memory: 874496K Free: 806880K (92%)
----------------- Invoking toplevel() on ptolemy.moml.MoMLSimpleApplication@560891de
----------------- Done invoking toplevel() on ptolemy.moml.MoMLSimpleApplication@560891de
reloadAllAccessors: .MaximumEntropySpectrum
----------------- testing Sat May 12 14:18:58 UTC 2018 /home/travis/build/icyphy/ptII/ptolemy/domains/sdf/test/auto/MultirateSDF.xml
----------------- Instantiating /home/travis/build/icyphy/ptII/ptolemy/domains/sdf/test/auto/MultirateSDF.xml
18 ms. Memory: 874496K Free: 782806K (90%)
----------------- Invoking toplevel() on ptolemy.moml.MoMLSimpleApplication@2a5d436a
----------------- Done invoking toplevel() on ptolemy.moml.MoMLSimpleApplication@2a5d436a
reloadAllAccessors: .MultirateSDF
----------------- testing Sat May 12 14:18:58 UTC 2018 /home/travis/build/icyphy/ptII/ptolemy/domains/sdf/test/auto/MultirateSDFwithTransientStates.xml
----------------- Instantiating /home/travis/build/icyphy/ptII/ptolemy/domains/sdf/test/auto/MultirateSDFwithTransientStates.xml
19 ms. Memory: 874496K Free: 761832K (87%)
----------------- Invoking toplevel() on ptolemy.moml.MoMLSimpleApplication@4cbe5f99
----------------- Done invoking toplevel() on ptolemy.moml.MoMLSimpleApplication@4cbe5f99
reloadAllAccessors: .MultirateSDFwithTransientStates
----------------- testing Sat May 12 14:18:58 UTC 2018 /home/travis/build/icyphy/ptII/ptolemy/domains/sdf/test/auto/NoisySinewave.xml
----------------- Instantiating /home/travis/build/icyphy/ptII/ptolemy/domains/sdf/test/auto/NoisySinewave.xml
13 ms. Memory: 874496K Free: 740842K (85%)
----------------- Invoking toplevel() on ptolemy.moml.MoMLSimpleApplication@62a6d36b
----------------- Done invoking toplevel() on ptolemy.moml.MoMLSimpleApplication@62a6d36b
reloadAllAccessors: .NoisySinewave
----------------- testing Sat May 12 14:18:59 UTC 2018 /home/travis/build/icyphy/ptII/ptolemy/domains/sdf/test/auto/Objects.xml
----------------- Instantiating /home/travis/build/icyphy/ptII/ptolemy/domains/sdf/test/auto/Objects.xml
3 ms. Memory: 874496K Free: 725124K (83%)
----------------- Invoking toplevel() on ptolemy.moml.MoMLSimpleApplication@78fc6cc7
----------------- Done invoking toplevel() on ptolemy.moml.MoMLSimpleApplication@78fc6cc7
reloadAllAccessors: .Objects
----------------- testing Sat May 12 14:18:59 UTC 2018 /home/travis/build/icyphy/ptII/ptolemy/domains/sdf/test/auto/OrthogonalCom.xml
----------------- Instantiating /home/travis/build/icyphy/ptII/ptolemy/domains/sdf/test/auto/OrthogonalCom.xml
9 ms. Memory: 874496K Free: 709389K (81%)
----------------- Invoking toplevel() on ptolemy.moml.MoMLSimpleApplication@1ba6cc71
----------------- Done invoking toplevel() on ptolemy.moml.MoMLSimpleApplication@1ba6cc71
reloadAllAccessors: .OrthogonalCom
----------------- testing Sat May 12 14:18:59 UTC 2018 /home/travis/build/icyphy/ptII/ptolemy/domains/sdf/test/auto/RijndaelEncryption.xml
----------------- Instantiating /home/travis/build/icyphy/ptII/ptolemy/domains/sdf/test/auto/RijndaelEncryption.xml
309 ms. Memory: 874496K Free: 551970K (63%)
----------------- Invoking toplevel() on ptolemy.moml.MoMLSimpleApplication@7a2f0914
----------------- Done invoking toplevel() on ptolemy.moml.MoMLSimpleApplication@7a2f0914
reloadAllAccessors: .RijndaelEncryption
----------------- testing Sat May 12 14:18:59 UTC 2018 /home/travis/build/icyphy/ptII/ptolemy/domains/sdf/test/auto/SDFEmptyIterations.xml
----------------- Instantiating /home/travis/build/icyphy/ptII/ptolemy/domains/sdf/test/auto/SDFEmptyIterations.xml
5 ms. Memory: 874496K Free: 541491K (62%)
----------------- Invoking toplevel() on ptolemy.moml.MoMLSimpleApplication@48c0ae45
----------------- Done invoking toplevel() on ptolemy.moml.MoMLSimpleApplication@48c0ae45
reloadAllAccessors: .SDFEmptyIterations
----------------- testing Sat May 12 14:18:59 UTC 2018 /home/travis/build/icyphy/ptII/ptolemy/domains/sdf/test/auto/Spectrum.xml
----------------- Instantiating /home/travis/build/icyphy/ptII/ptolemy/domains/sdf/test/auto/Spectrum.xml
42 ms. Memory: 874496K Free: 520517K (60%)
----------------- Invoking toplevel() on ptolemy.moml.MoMLSimpleApplication@16977840
----------------- Done invoking toplevel() on ptolemy.moml.MoMLSimpleApplication@16977840
reloadAllAccessors: .Spectrum
----------------- testing Sat May 12 14:18:59 UTC 2018 /home/travis/build/icyphy/ptII/ptolemy/domains/sdf/test/auto/de_inside_sdf.xml
----------------- Instantiating /home/travis/build/icyphy/ptII/ptolemy/domains/sdf/test/auto/de_inside_sdf.xml
8 ms. Memory: 874496K Free: 510038K (58%)
----------------- Invoking toplevel() on ptolemy.moml.MoMLSimpleApplication@69adf9e0
----------------- Done invoking toplevel() on ptolemy.moml.MoMLSimpleApplication@69adf9e0
reloadAllAccessors: .de_inside_sdf
----------------- testing Sat May 12 14:18:59 UTC 2018 /home/travis/build/icyphy/ptII/ptolemy/domains/sdf/test/auto/disconnectedHierarchicalSDF.xml
----------------- Instantiating /home/travis/build/icyphy/ptII/ptolemy/domains/sdf/test/auto/disconnectedHierarchicalSDF.xml
6 ms. Memory: 874496K Free: 496459K (57%)
----------------- Invoking toplevel() on ptolemy.moml.MoMLSimpleApplication@1b87a015
----------------- Done invoking toplevel() on ptolemy.moml.MoMLSimpleApplication@1b87a015
reloadAllAccessors: .disconnectedHierarchicalSDF
----------------- testing Sat May 12 14:18:59 UTC 2018 /home/travis/build/icyphy/ptII/ptolemy/domains/sdf/test/auto/disconnectedSDF.xml
----------------- Instantiating /home/travis/build/icyphy/ptII/ptolemy/domains/sdf/test/auto/disconnectedSDF.xml
4 ms. Memory: 874496K Free: 485980K (56%)
----------------- Invoking toplevel() on ptolemy.moml.MoMLSimpleApplication@7f83ce82
----------------- Done invoking toplevel() on ptolemy.moml.MoMLSimpleApplication@7f83ce82
reloadAllAccessors: .disconnectedSDF
----------------- testing Sat May 12 14:18:59 UTC 2018 /home/travis/build/icyphy/ptII/ptolemy/domains/sdf/test/auto/emptyRefinement.xml
----------------- Instantiating /home/travis/build/icyphy/ptII/ptolemy/domains/sdf/test/auto/emptyRefinement.xml
2 ms. Memory: 874496K Free: 475501K (54%)
----------------- Invoking toplevel() on ptolemy.moml.MoMLSimpleApplication@60f76a95
----------------- Done invoking toplevel() on ptolemy.moml.MoMLSimpleApplication@60f76a95
reloadAllAccessors: .emptyRefinement
----------------- testing Sat May 12 14:18:59 UTC 2018 /home/travis/build/icyphy/ptII/ptolemy/domains/sdf/test/auto/filePortParameter.xml
----------------- Instantiating /home/travis/build/icyphy/ptII/ptolemy/domains/sdf/test/auto/filePortParameter.xml
11 ms. Memory: 874496K Free: 459774K (53%)
----------------- Invoking toplevel() on ptolemy.moml.MoMLSimpleApplication@3cc9d874
----------------- Done invoking toplevel() on ptolemy.moml.MoMLSimpleApplication@3cc9d874
reloadAllAccessors: .filePortParameter
----------------- testing Sat May 12 14:18:59 UTC 2018 /home/travis/build/icyphy/ptII/ptolemy/domains/sdf/test/auto/inferRelationWidth1.xml
----------------- Instantiating /home/travis/build/icyphy/ptII/ptolemy/domains/sdf/test/auto/inferRelationWidth1.xml
2 ms. Memory: 874496K Free: 449295K (51%)
----------------- Invoking toplevel() on ptolemy.moml.MoMLSimpleApplication@5072bdbe
----------------- Done invoking toplevel() on ptolemy.moml.MoMLSimpleApplication@5072bdbe
reloadAllAccessors: .inferRelationWidth1
----------------- testing Sat May 12 14:19:00 UTC 2018 /home/travis/build/icyphy/ptII/ptolemy/domains/sdf/test/auto/initProductionInference.xml
----------------- Instantiating /home/travis/build/icyphy/ptII/ptolemy/domains/sdf/test/auto/initProductionInference.xml
3 ms. Memory: 874496K Free: 438816K (50%)
----------------- Invoking toplevel() on ptolemy.moml.MoMLSimpleApplication@162e4383
----------------- Done invoking toplevel() on ptolemy.moml.MoMLSimpleApplication@162e4383
reloadAllAccessors: .initProductionInference
----------------- testing Sat May 12 14:19:00 UTC 2018 /home/travis/build/icyphy/ptII/ptolemy/domains/sdf/test/auto/relationGroup.xml
----------------- Instantiating /home/travis/build/icyphy/ptII/ptolemy/domains/sdf/test/auto/relationGroup.xml
7 ms. Memory: 874496K Free: 428337K (49%)
----------------- Invoking toplevel() on ptolemy.moml.MoMLSimpleApplication@2fb98ddc
----------------- Done invoking toplevel() on ptolemy.moml.MoMLSimpleApplication@2fb98ddc
reloadAllAccessors: .relationGroup
----------------- testing Sat May 12 14:19:00 UTC 2018 /home/travis/build/icyphy/ptII/ptolemy/domains/sdf/test/auto/relationGroup10.xml
----------------- Instantiating /home/travis/build/icyphy/ptII/ptolemy/domains/sdf/test/auto/relationGroup10.xml
5 ms. Memory: 874496K Free: 417858K (48%)
----------------- Invoking toplevel() on ptolemy.moml.MoMLSimpleApplication@69869cf9
----------------- Done invoking toplevel() on ptolemy.moml.MoMLSimpleApplication@69869cf9
reloadAllAccessors: .relationGroup10
----------------- testing Sat May 12 14:19:00 UTC 2018 /home/travis/build/icyphy/ptII/ptolemy/domains/sdf/test/auto/relationGroup11.xml
----------------- Instantiating /home/travis/build/icyphy/ptII/ptolemy/domains/sdf/test/auto/relationGroup11.xml
3 ms. Memory: 874496K Free: 407379K (47%)
----------------- Invoking toplevel() on ptolemy.moml.MoMLSimpleApplication@295d10b1
----------------- Done invoking toplevel() on ptolemy.moml.MoMLSimpleApplication@295d10b1
reloadAllAccessors: .relationGroup11
----------------- testing Sat May 12 14:19:00 UTC 2018 /home/travis/build/icyphy/ptII/ptolemy/domains/sdf/test/auto/relationGroup12.xml
----------------- Instantiating /home/travis/build/icyphy/ptII/ptolemy/domains/sdf/test/auto/relationGroup12.xml
3 ms. Memory: 874496K Free: 393800K (45%)
----------------- Invoking toplevel() on ptolemy.moml.MoMLSimpleApplication@4813ebe7
----------------- Done invoking toplevel() on ptolemy.moml.MoMLSimpleApplication@4813ebe7
reloadAllAccessors: .relationGroup12
----------------- testing Sat May 12 14:19:00 UTC 2018 /home/travis/build/icyphy/ptII/ptolemy/domains/sdf/test/auto/relationGroup13.xml
----------------- Instantiating /home/travis/build/icyphy/ptII/ptolemy/domains/sdf/test/auto/relationGroup13.xml
7 ms. Memory: 874496K Free: 383321K (44%)
----------------- Invoking toplevel() on ptolemy.moml.MoMLSimpleApplication@490a091b
----------------- Done invoking toplevel() on ptolemy.moml.MoMLSimpleApplication@490a091b
reloadAllAccessors: .relationGroup13
----------------- testing Sat May 12 14:19:00 UTC 2018 /home/travis/build/icyphy/ptII/ptolemy/domains/sdf/test/auto/relationGroup14.xml
----------------- Instantiating /home/travis/build/icyphy/ptII/ptolemy/domains/sdf/test/auto/relationGroup14.xml
3 ms. Memory: 874496K Free: 372842K (43%)
----------------- Invoking toplevel() on ptolemy.moml.MoMLSimpleApplication@550fcbba
----------------- Done invoking toplevel() on ptolemy.moml.MoMLSimpleApplication@550fcbba
reloadAllAccessors: .relationGroup14
----------------- testing Sat May 12 14:19:00 UTC 2018 /home/travis/build/icyphy/ptII/ptolemy/domains/sdf/test/auto/relationGroup15.xml
----------------- Instantiating /home/travis/build/icyphy/ptII/ptolemy/domains/sdf/test/auto/relationGroup15.xml
2 ms. Memory: 874496K Free: 362363K (41%)
----------------- Invoking toplevel() on ptolemy.moml.MoMLSimpleApplication@58526712
----------------- Done invoking toplevel() on ptolemy.moml.MoMLSimpleApplication@58526712
reloadAllAccessors: .relationGroup15
----------------- testing Sat May 12 14:19:00 UTC 2018 /home/travis/build/icyphy/ptII/ptolemy/domains/sdf/test/auto/relationGroup2.xml
----------------- Instantiating /home/travis/build/icyphy/ptII/ptolemy/domains/sdf/test/auto/relationGroup2.xml
2 ms. Memory: 874496K Free: 351884K (40%)
----------------- Invoking toplevel() on ptolemy.moml.MoMLSimpleApplication@7794f720
----------------- Done invoking toplevel() on ptolemy.moml.MoMLSimpleApplication@7794f720
reloadAllAccessors: .relationGroup2
----------------- testing Sat May 12 14:19:00 UTC 2018 /home/travis/build/icyphy/ptII/ptolemy/domains/sdf/test/auto/relationGroup3.xml
----------------- Instantiating /home/travis/build/icyphy/ptII/ptolemy/domains/sdf/test/auto/relationGroup3.xml
1 ms. Memory: 874496K Free: 341405K (39%)
----------------- Invoking toplevel() on ptolemy.moml.MoMLSimpleApplication@a4d0f7f
----------------- Done invoking toplevel() on ptolemy.moml.MoMLSimpleApplication@a4d0f7f
reloadAllAccessors: .relationGroup3
----------------- testing Sat May 12 14:19:00 UTC 2018 /home/travis/build/icyphy/ptII/ptolemy/domains/sdf/test/auto/relationGroup4.xml
----------------- Instantiating /home/travis/build/icyphy/ptII/ptolemy/domains/sdf/test/auto/relationGroup4.xml
5 ms. Memory: 874496K Free: 330926K (38%)
----------------- Invoking toplevel() on ptolemy.moml.MoMLSimpleApplication@610415c3
----------------- Done invoking toplevel() on ptolemy.moml.MoMLSimpleApplication@610415c3
reloadAllAccessors: .relationGroup4
----------------- testing Sat May 12 14:19:00 UTC 2018 /home/travis/build/icyphy/ptII/ptolemy/domains/sdf/test/auto/relationGroup5.xml
----------------- Instantiating /home/travis/build/icyphy/ptII/ptolemy/domains/sdf/test/auto/relationGroup5.xml
2 ms. Memory: 874496K Free: 320447K (37%)
----------------- Invoking toplevel() on ptolemy.moml.MoMLSimpleApplication@ff3e300
----------------- Done invoking toplevel() on ptolemy.moml.MoMLSimpleApplication@ff3e300
reloadAllAccessors: .relationGroup5
----------------- testing Sat May 12 14:19:00 UTC 2018 /home/travis/build/icyphy/ptII/ptolemy/domains/sdf/test/auto/relationGroup6.xml
----------------- Instantiating /home/travis/build/icyphy/ptII/ptolemy/domains/sdf/test/auto/relationGroup6.xml
4 ms. Memory: 874496K Free: 309968K (35%)
----------------- Invoking toplevel() on ptolemy.moml.MoMLSimpleApplication@3ff99f01
----------------- Done invoking toplevel() on ptolemy.moml.MoMLSimpleApplication@3ff99f01
reloadAllAccessors: .relationGroup6
----------------- testing Sat May 12 14:19:00 UTC 2018 /home/travis/build/icyphy/ptII/ptolemy/domains/sdf/test/auto/relationGroup7.xml
----------------- Instantiating /home/travis/build/icyphy/ptII/ptolemy/domains/sdf/test/auto/relationGroup7.xml
2 ms. Memory: 874496K Free: 296389K (34%)
----------------- Invoking toplevel() on ptolemy.moml.MoMLSimpleApplication@3d0daf20
----------------- Done invoking toplevel() on ptolemy.moml.MoMLSimpleApplication@3d0daf20
reloadAllAccessors: .relationGroup7
----------------- testing Sat May 12 14:19:00 UTC 2018 /home/travis/build/icyphy/ptII/ptolemy/domains/sdf/test/auto/relationGroup8.xml
----------------- Instantiating /home/travis/build/icyphy/ptII/ptolemy/domains/sdf/test/auto/relationGroup8.xml
1 ms. Memory: 874496K Free: 285910K (33%)
----------------- Invoking toplevel() on ptolemy.moml.MoMLSimpleApplication@38c19eef
----------------- Done invoking toplevel() on ptolemy.moml.MoMLSimpleApplication@38c19eef
reloadAllAccessors: .relationGroup8
----------------- testing Sat May 12 14:19:00 UTC 2018 /home/travis/build/icyphy/ptII/ptolemy/domains/sdf/test/auto/relationGroup9.xml
----------------- Instantiating /home/travis/build/icyphy/ptII/ptolemy/domains/sdf/test/auto/relationGroup9.xml
6 ms. Memory: 874496K Free: 275430K (31%)
----------------- Invoking toplevel() on ptolemy.moml.MoMLSimpleApplication@2bb6f175
----------------- Done invoking toplevel() on ptolemy.moml.MoMLSimpleApplication@2bb6f175
reloadAllAccessors: .relationGroup9
----------------- testing Sat May 12 14:19:00 UTC 2018 /home/travis/build/icyphy/ptII/ptolemy/domains/sdf/test/auto/sdf_inside_de.xml
----------------- Instantiating /home/travis/build/icyphy/ptII/ptolemy/domains/sdf/test/auto/sdf_inside_de.xml
18 ms. Memory: 874496K Free: 259696K (30%)
----------------- Invoking toplevel() on ptolemy.moml.MoMLSimpleApplication@48263602
----------------- Done invoking toplevel() on ptolemy.moml.MoMLSimpleApplication@48263602
reloadAllAccessors: .sdf_inside_de
----------------- testing Sat May 12 14:19:00 UTC 2018 /home/travis/build/icyphy/ptII/ptolemy/domains/sdf/test/auto/sdf_inside_pn.xml
----------------- Instantiating /home/travis/build/icyphy/ptII/ptolemy/domains/sdf/test/auto/sdf_inside_pn.xml
27 ms. Memory: 874496K Free: 217764K (25%)
----------------- Invoking toplevel() on ptolemy.moml.MoMLSimpleApplication@23b9e177
----------------- Done invoking toplevel() on ptolemy.moml.MoMLSimpleApplication@23b9e177
reloadAllAccessors: .sdf_inside_pn
----------------- testing Sat May 12 14:19:00 UTC 2018 /home/travis/build/icyphy/ptII/ptolemy/domains/sdf/test/auto/sdf_sdf1.xml
----------------- Instantiating /home/travis/build/icyphy/ptII/ptolemy/domains/sdf/test/auto/sdf_sdf1.xml
4 ms. Memory: 874496K Free: 207285K (24%)
----------------- Invoking toplevel() on ptolemy.moml.MoMLSimpleApplication@60c6c776
----------------- Done invoking toplevel() on ptolemy.moml.MoMLSimpleApplication@60c6c776
reloadAllAccessors: .sdf_sdf1
----------------- testing Sat May 12 14:19:00 UTC 2018 /home/travis/build/icyphy/ptII/ptolemy/domains/sdf/test/auto/test1.xml
----------------- Instantiating /home/travis/build/icyphy/ptII/ptolemy/domains/sdf/test/auto/test1.xml
3 ms. Memory: 874496K Free: 196806K (23%)
----------------- Invoking toplevel() on ptolemy.moml.MoMLSimpleApplication@417c0c54
----------------- Done invoking toplevel() on ptolemy.moml.MoMLSimpleApplication@417c0c54
reloadAllAccessors: .test1
----------------- testing Sat May 12 14:19:00 UTC 2018 /home/travis/build/icyphy/ptII/ptolemy/domains/sdf/test/auto/time1.xml
----------------- Instantiating /home/travis/build/icyphy/ptII/ptolemy/domains/sdf/test/auto/time1.xml
2 ms. Memory: 874496K Free: 186327K (21%)
----------------- Invoking toplevel() on ptolemy.moml.MoMLSimpleApplication@30bf5e60
----------------- Done invoking toplevel() on ptolemy.moml.MoMLSimpleApplication@30bf5e60
reloadAllAccessors: .time1
----------------- testing Sat May 12 14:19:00 UTC 2018 /home/travis/build/icyphy/ptII/ptolemy/domains/sdf/test/auto/time2.xml
----------------- Instantiating /home/travis/build/icyphy/ptII/ptolemy/domains/sdf/test/auto/time2.xml
3 ms. Memory: 874496K Free: 175848K (20%)
----------------- Invoking toplevel() on ptolemy.moml.MoMLSimpleApplication@63746dc2
----------------- Done invoking toplevel() on ptolemy.moml.MoMLSimpleApplication@63746dc2
reloadAllAccessors: .time2
----------------- testing Sat May 12 14:19:00 UTC 2018 /home/travis/build/icyphy/ptII/ptolemy/domains/sdf/test/auto/time3.xml
----------------- Instantiating /home/travis/build/icyphy/ptII/ptolemy/domains/sdf/test/auto/time3.xml
6 ms. Memory: 874496K Free: 162269K (19%)
----------------- Invoking toplevel() on ptolemy.moml.MoMLSimpleApplication@631f9cc7
----------------- Done invoking toplevel() on ptolemy.moml.MoMLSimpleApplication@631f9cc7
reloadAllAccessors: .time3
----------------- testing Sat May 12 14:19:00 UTC 2018 /home/travis/build/icyphy/ptII/ptolemy/domains/sdf/test/auto/time4.xml
----------------- Instantiating /home/travis/build/icyphy/ptII/ptolemy/domains/sdf/test/auto/time4.xml
8 ms. Memory: 874496K Free: 151790K (17%)
----------------- Invoking toplevel() on ptolemy.moml.MoMLSimpleApplication@7a2a427a
----------------- Done invoking toplevel() on ptolemy.moml.MoMLSimpleApplication@7a2a427a
reloadAllAccessors: .time4
----------------- testing Sat May 12 14:19:00 UTC 2018 /home/travis/build/icyphy/ptII/ptolemy/domains/sdf/test/auto/time5.xml
----------------- Instantiating /home/travis/build/icyphy/ptII/ptolemy/domains/sdf/test/auto/time5.xml
4001 ms. Memory: 874496K Free: 141311K (16%)
----------------- Invoking toplevel() on ptolemy.moml.MoMLSimpleApplication@301a918e
----------------- Done invoking toplevel() on ptolemy.moml.MoMLSimpleApplication@301a918e
reloadAllAccessors: .time5
----------------- testing Sat May 12 14:19:04 UTC 2018 /home/travis/build/icyphy/ptII/ptolemy/domains/sdf/test/auto/typeSystem_Const_Integer_smallest_Type.xml
----------------- Instantiating /home/travis/build/icyphy/ptII/ptolemy/domains/sdf/test/auto/typeSystem_Const_Integer_smallest_Type.xml
3 ms. Memory: 874496K Free: 130832K (15%)
----------------- Invoking toplevel() on ptolemy.moml.MoMLSimpleApplication@4e1ecfe3
----------------- Done invoking toplevel() on ptolemy.moml.MoMLSimpleApplication@4e1ecfe3
reloadAllAccessors: .typeSystem_Const_Integer_smallest_Type
----------------- testing Sat May 12 14:19:04 UTC 2018 /home/travis/build/icyphy/ptII/ptolemy/domains/sdf/test/auto/typeSystem_declared_Inports_OutportTypeException.xml
----------------- Instantiating /home/travis/build/icyphy/ptII/ptolemy/domains/sdf/test/auto/typeSystem_declared_Inports_OutportTypeException.xml
.typeSystem_declared_Inports_OutportTypeException.TestExceptionAttribute: initialize() was not invoked, but wrapup() was.  This is unusual, but not always a problem.  For example, exporting JNLP will do this.
2 ms. Memory: 874496K Free: 120353K (14%)
----------------- Invoking toplevel() on ptolemy.moml.MoMLSimpleApplication@33944c7a
----------------- Done invoking toplevel() on ptolemy.moml.MoMLSimpleApplication@33944c7a
reloadAllAccessors: .typeSystem_declared_Inports_OutportTypeException
----------------- testing Sat May 12 14:19:04 UTC 2018 /home/travis/build/icyphy/ptII/ptolemy/domains/sdf/test/auto/typeSystem_oneDeclaredInportType_wrongTypeOutport.xml
----------------- Instantiating /home/travis/build/icyphy/ptII/ptolemy/domains/sdf/test/auto/typeSystem_oneDeclaredInportType_wrongTypeOutport.xml
2 ms. Memory: 874496K Free: 109874K (13%)
----------------- Invoking toplevel() on ptolemy.moml.MoMLSimpleApplication@27bb25f0
----------------- Done invoking toplevel() on ptolemy.moml.MoMLSimpleApplication@27bb25f0
reloadAllAccessors: .typeSystem_oneDeclaredInportType_wrongTypeOutport
----------------- testing Sat May 12 14:19:04 UTC 2018 /home/travis/build/icyphy/ptII/ptolemy/domains/sdf/test/auto/width.xml
----------------- Instantiating /home/travis/build/icyphy/ptII/ptolemy/domains/sdf/test/auto/width.xml
2 ms. Memory: 874496K Free: 99395K (11%)
----------------- Invoking toplevel() on ptolemy.moml.MoMLSimpleApplication@323e4b15
----------------- Done invoking toplevel() on ptolemy.moml.MoMLSimpleApplication@323e4b15
reloadAllAccessors: .width
----------------- testing Sat May 12 14:19:04 UTC 2018 /home/travis/build/icyphy/ptII/ptolemy/domains/sdf/test/auto/width2.xml
----------------- Instantiating /home/travis/build/icyphy/ptII/ptolemy/domains/sdf/test/auto/width2.xml
24 ms. Memory: 874496K Free: 88916K (10%)
----------------- Invoking toplevel() on ptolemy.moml.MoMLSimpleApplication@676821f0
----------------- Done invoking toplevel() on ptolemy.moml.MoMLSimpleApplication@676821f0
reloadAllAccessors: .width2
----------------- testing Sat May 12 14:19:04 UTC 2018 /home/travis/build/icyphy/ptII/ptolemy/domains/sdf/test/auto/width3.xml
----------------- Instantiating /home/travis/build/icyphy/ptII/ptolemy/domains/sdf/test/auto/width3.xml
20 ms. Memory: 874496K Free: 75916K (9%)
----------------- Invoking toplevel() on ptolemy.moml.MoMLSimpleApplication@7931c4ce
----------------- Done invoking toplevel() on ptolemy.moml.MoMLSimpleApplication@7931c4ce
reloadAllAccessors: .width3
AutoTests.java: About to close Vertx.
AutoTests.java: Vertx closed.
]]></system-out>
  <system-err><![CDATA[java.lang.RuntimeException: Execution failed
	at ptolemy.moml.MoMLSimpleApplication$UnloadThread.run(MoMLSimpleApplication.java:402)
Caused by: ptolemy.actor.sched.NotSchedulableException: No solution exists for the balance equations.
Graph is not consistent under the SDF domain detected on external port .rateConsistency.actor.port2
  in .rateConsistency.SDF Director.Scheduler
	at ptolemy.domains.sdf.kernel.SDFScheduler._propagatePort(SDFScheduler.java:1425)
	at ptolemy.domains.sdf.kernel.SDFScheduler._solveBalanceEquations(SDFScheduler.java:710)
	at ptolemy.domains.sdf.kernel.SDFScheduler._getSchedule(SDFScheduler.java:566)
	at ptolemy.actor.sched.Scheduler.getSchedule(Scheduler.java:189)
	at ptolemy.domains.sdf.kernel.SDFDirector.createSchedule(SDFDirector.java:408)
	at ptolemy.domains.sdf.kernel.SDFDirector.preinitialize(SDFDirector.java:764)
	at ptolemy.actor.CompositeActor.preinitialize(CompositeActor.java:1828)
	at ptolemy.actor.Manager.preinitializeAndResolveTypes(Manager.java:1040)
	at ptolemy.actor.Manager.initialize(Manager.java:710)
	at ptolemy.actor.Manager.execute(Manager.java:356)
	at ptolemy.actor.Manager.run(Manager.java:1263)
	at ptolemy.actor.Manager$PtolemyRunThread.run(Manager.java:1915)
java.lang.RuntimeException: Execution failed
	at ptolemy.moml.MoMLSimpleApplication$UnloadThread.run(MoMLSimpleApplication.java:402)
Caused by: ptolemy.kernel.util.IllegalActionException: Failed to compute schedule:
  in .badRateChanges.typed composite actor.SDF Director
Because:
The SDF rate parameter may change. This is not allowed in SDF models that will be run through the code generator.  If you don't care about code generation, then you might consider setting the allowRateChanges parameter of the SDF director to false.
  in .badRateChanges.typed composite actor.Repeat.output.tokenProductionRate
	at ptolemy.domains.sdf.kernel.SDFDirector.createSchedule(SDFDirector.java:418)
	at ptolemy.domains.sdf.kernel.SDFDirector.preinitialize(SDFDirector.java:764)
	at ptolemy.actor.CompositeActor.preinitialize(CompositeActor.java:1828)
	at ptolemy.actor.Director.preinitialize(Director.java:1302)
	at ptolemy.actor.Director.preinitialize(Director.java:1257)
	at ptolemy.domains.sdf.kernel.SDFDirector.preinitialize(SDFDirector.java:763)
	at ptolemy.actor.CompositeActor.preinitialize(CompositeActor.java:1828)
	at ptolemy.actor.Manager.preinitializeAndResolveTypes(Manager.java:1040)
	at ptolemy.actor.Manager.initialize(Manager.java:710)
	at ptolemy.actor.Manager.execute(Manager.java:356)
	at ptolemy.actor.Manager.run(Manager.java:1263)
	at ptolemy.actor.Manager$PtolemyRunThread.run(Manager.java:1915)
Caused by: ptolemy.kernel.util.IllegalActionException: The SDF rate parameter may change. This is not allowed in SDF models that will be run through the code generator.  If you don't care about code generation, then you might consider setting the allowRateChanges parameter of the SDF director to false.
  in .badRateChanges.typed composite actor.Repeat.output.tokenProductionRate
	at ptolemy.domains.sdf.kernel.SDFScheduler._assertDynamicRateVariable(SDFScheduler.java:931)
	at ptolemy.domains.sdf.kernel.SDFScheduler._checkDynamicRateVariables(SDFScheduler.java:339)
	at ptolemy.domains.sdf.kernel.SDFScheduler._getSchedule(SDFScheduler.java:527)
	at ptolemy.actor.sched.Scheduler.getSchedule(Scheduler.java:189)
	at ptolemy.domains.sdf.kernel.SDFDirector.createSchedule(SDFDirector.java:408)
	... 11 more
java.lang.RuntimeException: Execution failed
	at ptolemy.moml.MoMLSimpleApplication$UnloadThread.run(MoMLSimpleApplication.java:402)
Caused by: ptolemy.kernel.util.IllegalActionException: Failed to compute schedule:
  in .badRateChanges2.typed composite actor.SDF Director
Because:
The SDF rate parameter may change. This is not allowed in SDF models that will be run through the code generator.  If you don't care about code generation, then you might consider setting the allowRateChanges parameter of the SDF director to false.
  in .badRateChanges2.typed composite actor.Repeat.output.tokenProductionRate
	at ptolemy.domains.sdf.kernel.SDFDirector.createSchedule(SDFDirector.java:418)
	at ptolemy.domains.sdf.kernel.SDFDirector.preinitialize(SDFDirector.java:764)
	at ptolemy.actor.CompositeActor.preinitialize(CompositeActor.java:1828)
	at ptolemy.actor.Director.preinitialize(Director.java:1302)
	at ptolemy.actor.Director.preinitialize(Director.java:1257)
	at ptolemy.domains.sdf.kernel.SDFDirector.preinitialize(SDFDirector.java:763)
	at ptolemy.actor.CompositeActor.preinitialize(CompositeActor.java:1828)
	at ptolemy.actor.Manager.preinitializeAndResolveTypes(Manager.java:1040)
	at ptolemy.actor.Manager.initialize(Manager.java:710)
	at ptolemy.actor.Manager.execute(Manager.java:356)
	at ptolemy.actor.Manager.run(Manager.java:1263)
	at ptolemy.actor.Manager$PtolemyRunThread.run(Manager.java:1915)
Caused by: ptolemy.kernel.util.IllegalActionException: The SDF rate parameter may change. This is not allowed in SDF models that will be run through the code generator.  If you don't care about code generation, then you might consider setting the allowRateChanges parameter of the SDF director to false.
  in .badRateChanges2.typed composite actor.Repeat.output.tokenProductionRate
	at ptolemy.domains.sdf.kernel.SDFScheduler._assertDynamicRateVariable(SDFScheduler.java:931)
	at ptolemy.domains.sdf.kernel.SDFScheduler._checkDynamicRateVariables(SDFScheduler.java:339)
	at ptolemy.domains.sdf.kernel.SDFScheduler._getSchedule(SDFScheduler.java:527)
	at ptolemy.actor.sched.Scheduler.getSchedule(Scheduler.java:189)
	at ptolemy.domains.sdf.kernel.SDFDirector.createSchedule(SDFDirector.java:408)
	... 11 more
java.lang.RuntimeException: Execution failed
	at ptolemy.moml.MoMLSimpleApplication$UnloadThread.run(MoMLSimpleApplication.java:402)
Caused by: ptolemy.actor.sched.NotSchedulableException: Actors remain that cannot be scheduled!

There are several possible reasons:
* SDF Graphs with feedback loops should have an actor with a delay in the loop, such as a SampleDelay.
* The SDF director has an "allowDisconnectedGraphs"parameter, which, when true, permits disconnected SDF graphs.
* The token consumption rate and production rates might be mismatched.
Usually, actors produce one token or consume one token on a port.  To produce or consume multiple tokens per firing, add a "tokenConsumptionRate" or "tokenProductionRate" parameter to the appropriate port.
Unscheduled actors:
.partiallyConnected.Const2 
Scheduled actors:
.partiallyConnected.Const 
  in .partiallyConnected.SDF Director.Scheduler
	at ptolemy.domains.sdf.kernel.SDFScheduler._scheduleConnectedActors(SDFScheduler.java:1828)
	at ptolemy.domains.sdf.kernel.SDFScheduler._getSchedule(SDFScheduler.java:587)
	at ptolemy.actor.sched.Scheduler.getSchedule(Scheduler.java:189)
	at ptolemy.domains.sdf.kernel.SDFDirector.createSchedule(SDFDirector.java:408)
	at ptolemy.domains.sdf.kernel.SDFDirector.preinitialize(SDFDirector.java:764)
	at ptolemy.actor.CompositeActor.preinitialize(CompositeActor.java:1828)
	at ptolemy.actor.Manager.preinitializeAndResolveTypes(Manager.java:1040)
	at ptolemy.actor.Manager.initialize(Manager.java:710)
	at ptolemy.actor.Manager.execute(Manager.java:356)
	at ptolemy.actor.Manager.run(Manager.java:1263)
	at ptolemy.actor.Manager$PtolemyRunThread.run(Manager.java:1915)
]]></system-err>
</testsuite>
