<?xml version="1.0" encoding="UTF-8" ?>
<testsuite errors="0" failures="0" hostname="travis-job-d62b3699-4e7d-4770-b3e4-832bdea33fb9" name="ptolemy.domains.de.test.junit.JUnitTclTest" skipped="0" tests="101" time="132.051" timestamp="2018-04-29T18:40:00">
  <properties>
[...]
</properties>
  <testcase classname="ptolemy.util.test.junit.TclTests" name="[0] /home/travis/build/icyphy/ptII/ptolemy/domains/de/test/DependencyLoop.tcl (RunTclFile)" time="0.783" />
  <testcase classname="ptolemy.util.test.junit.TclTests" name="[1] /home/travis/build/icyphy/ptII/ptolemy/domains/de/test/RunDETestsAsQSS.tcl (RunTclFile)" time="91.171" />
  <testcase classname="ptolemy.util.test.junit.AutoKnownFailedTests" name="[0] /home/travis/build/icyphy/ptII/ptolemy/domains/de/test/auto/knownFailedTests/DESDFClockTest.xml (RunModel)" time="2.041" />
  <testcase classname="ptolemy.util.test.junit.AutoKnownFailedTests" name="[1] /home/travis/build/icyphy/ptII/ptolemy/domains/de/test/auto/knownFailedTests/DirectFeedback.xml (RunModel)" time="0.007" />
  <testcase classname="ptolemy.util.test.junit.AutoKnownFailedTests" name="[2] /home/travis/build/icyphy/ptII/ptolemy/domains/de/test/auto/knownFailedTests/FSMSource.xml (RunModel)" time="0.017" />
  <testcase classname="ptolemy.util.test.junit.AutoKnownFailedTests" name="[3] /home/travis/build/icyphy/ptII/ptolemy/domains/de/test/auto/knownFailedTests/HierarchicalModel.xml (RunModel)" time="0.041" />
  <testcase classname="ptolemy.util.test.junit.AutoKnownFailedTests" name="[4] /home/travis/build/icyphy/ptII/ptolemy/domains/de/test/auto/knownFailedTests/dependencyLoop.xml (RunModel)" time="0.027" />
  <testcase classname="ptolemy.util.test.junit.AutoKnownFailedTests" name="[5] /home/travis/build/icyphy/ptII/ptolemy/domains/de/test/auto/knownFailedTests/dependencyLoop2.xml (RunModel)" time="0.025" />
  <testcase classname="ptolemy.util.test.junit.AutoNameArchTests" name="[0] ThereAreNoAutoTests (RunModel)" time="0.0" />
  <testcase classname="ptolemy.util.test.junit.AutoTests" name="[0] /home/travis/build/icyphy/ptII/ptolemy/domains/de/test/auto/ActorDepthCalculation_actorWithoutPorts.xml (RunModel)" time="0.01" />
  <testcase classname="ptolemy.util.test.junit.AutoTests" name="[1] /home/travis/build/icyphy/ptII/ptolemy/domains/de/test/auto/AssemblyLine.xml (RunModel)" time="0.016" />
  <testcase classname="ptolemy.util.test.junit.AutoTests" name="[2] /home/travis/build/icyphy/ptII/ptolemy/domains/de/test/auto/CQBug1.xml (RunModel)" time="0.008" />
  <testcase classname="ptolemy.util.test.junit.AutoTests" name="[3] /home/travis/build/icyphy/ptII/ptolemy/domains/de/test/auto/CancelFireAt.xml (RunModel)" time="0.006" />
  <testcase classname="ptolemy.util.test.junit.AutoTests" name="[4] /home/travis/build/icyphy/ptII/ptolemy/domains/de/test/auto/CausalityAndComposabilityAnalysis.xml (RunModel)" time="0.017" />
  <testcase classname="ptolemy.util.test.junit.AutoTests" name="[5] /home/travis/build/icyphy/ptII/ptolemy/domains/de/test/auto/CausalityInterface1.xml (RunModel)" time="0.011" />
  <testcase classname="ptolemy.util.test.junit.AutoTests" name="[6] /home/travis/build/icyphy/ptII/ptolemy/domains/de/test/auto/CausalityInterface15.xml (RunModel)" time="0.012" />
  <testcase classname="ptolemy.util.test.junit.AutoTests" name="[7] /home/travis/build/icyphy/ptII/ptolemy/domains/de/test/auto/CausalityInterface2.xml (RunModel)" time="0.009" />
  <testcase classname="ptolemy.util.test.junit.AutoTests" name="[8] /home/travis/build/icyphy/ptII/ptolemy/domains/de/test/auto/CausalityInterface3.xml (RunModel)" time="0.009" />
  <testcase classname="ptolemy.util.test.junit.AutoTests" name="[9] /home/travis/build/icyphy/ptII/ptolemy/domains/de/test/auto/ClockDrift.xml (RunModel)" time="0.031" />
  <testcase classname="ptolemy.util.test.junit.AutoTests" name="[10] /home/travis/build/icyphy/ptII/ptolemy/domains/de/test/auto/ClockDriftAndValueChange.xml (RunModel)" time="0.034" />
  <testcase classname="ptolemy.util.test.junit.AutoTests" name="[11] /home/travis/build/icyphy/ptII/ptolemy/domains/de/test/auto/ClockDriftChange.xml (RunModel)" time="0.022" />
  <testcase classname="ptolemy.util.test.junit.AutoTests" name="[12] /home/travis/build/icyphy/ptII/ptolemy/domains/de/test/auto/ComposableCausalityAnalysis.xml (RunModel)" time="0.015" />
  <testcase classname="ptolemy.util.test.junit.AutoTests" name="[13] /home/travis/build/icyphy/ptII/ptolemy/domains/de/test/auto/DEFixedPointLimitation.xml (RunModel)" time="0.008" />
  <testcase classname="ptolemy.util.test.junit.AutoTests" name="[14] /home/travis/build/icyphy/ptII/ptolemy/domains/de/test/auto/DEScheduleTest.xml (RunModel)" time="0.009" />
  <testcase classname="ptolemy.util.test.junit.AutoTests" name="[15] /home/travis/build/icyphy/ptII/ptolemy/domains/de/test/auto/DEinDEwithStartTimes.xml (RunModel)" time="0.011" />
  <testcase classname="ptolemy.util.test.junit.AutoTests" name="[16] /home/travis/build/icyphy/ptII/ptolemy/domains/de/test/auto/DEinDEwithStartTimes2.xml (RunModel)" time="0.011" />
  <testcase classname="ptolemy.util.test.junit.AutoTests" name="[17] /home/travis/build/icyphy/ptII/ptolemy/domains/de/test/auto/DateDemo.xml (RunModel)" time="0.026" />
  <testcase classname="ptolemy.util.test.junit.AutoTests" name="[18] /home/travis/build/icyphy/ptII/ptolemy/domains/de/test/auto/DateToEvent.xml (RunModel)" time="2.036" />
  <testcase classname="ptolemy.util.test.junit.AutoTests" name="[19] /home/travis/build/icyphy/ptII/ptolemy/domains/de/test/auto/DepthTest1.xml (RunModel)" time="0.008" />
  <testcase classname="ptolemy.util.test.junit.AutoTests" name="[20] /home/travis/build/icyphy/ptII/ptolemy/domains/de/test/auto/DepthTest2.xml (RunModel)" time="0.017" />
  <testcase classname="ptolemy.util.test.junit.AutoTests" name="[21] /home/travis/build/icyphy/ptII/ptolemy/domains/de/test/auto/DepthTest3.xml (RunModel)" time="0.008" />
  <testcase classname="ptolemy.util.test.junit.AutoTests" name="[22] /home/travis/build/icyphy/ptII/ptolemy/domains/de/test/auto/DepthTest4.xml (RunModel)" time="0.014" />
  <testcase classname="ptolemy.util.test.junit.AutoTests" name="[23] /home/travis/build/icyphy/ptII/ptolemy/domains/de/test/auto/DepthTest5.xml (RunModel)" time="0.014" />
  <testcase classname="ptolemy.util.test.junit.AutoTests" name="[24] /home/travis/build/icyphy/ptII/ptolemy/domains/de/test/auto/DepthTest6.xml (RunModel)" time="0.014" />
  <testcase classname="ptolemy.util.test.junit.AutoTests" name="[25] /home/travis/build/icyphy/ptII/ptolemy/domains/de/test/auto/DepthTest7.xml (RunModel)" time="0.011" />
  <testcase classname="ptolemy.util.test.junit.AutoTests" name="[26] /home/travis/build/icyphy/ptII/ptolemy/domains/de/test/auto/EventToDate.xml (RunModel)" time="3.036" />
  <testcase classname="ptolemy.util.test.junit.AutoTests" name="[27] /home/travis/build/icyphy/ptII/ptolemy/domains/de/test/auto/FSM1.xml (RunModel)" time="0.035" />
  <testcase classname="ptolemy.util.test.junit.AutoTests" name="[28] /home/travis/build/icyphy/ptII/ptolemy/domains/de/test/auto/FSM7.xml (RunModel)" time="0.031" />
  <testcase classname="ptolemy.util.test.junit.AutoTests" name="[29] /home/travis/build/icyphy/ptII/ptolemy/domains/de/test/auto/Inspection.xml (RunModel)" time="0.039" />
  <testcase classname="ptolemy.util.test.junit.AutoTests" name="[30] /home/travis/build/icyphy/ptII/ptolemy/domains/de/test/auto/Iteration.xml (RunModel)" time="0.021" />
  <testcase classname="ptolemy.util.test.junit.AutoTests" name="[31] /home/travis/build/icyphy/ptII/ptolemy/domains/de/test/auto/LineFault.xml (RunModel)" time="0.579" />
  <testcase classname="ptolemy.util.test.junit.AutoTests" name="[32] /home/travis/build/icyphy/ptII/ptolemy/domains/de/test/auto/MergeModel1Add.xml (RunModel)" time="0.053" />
  <testcase classname="ptolemy.util.test.junit.AutoTests" name="[33] /home/travis/build/icyphy/ptII/ptolemy/domains/de/test/auto/MergeModel2Add.xml (RunModel)" time="0.04" />
  <testcase classname="ptolemy.util.test.junit.AutoTests" name="[34] /home/travis/build/icyphy/ptII/ptolemy/domains/de/test/auto/MergeModel3Add.xml (RunModel)" time="0.042" />
  <testcase classname="ptolemy.util.test.junit.AutoTests" name="[35] /home/travis/build/icyphy/ptII/ptolemy/domains/de/test/auto/MergeWithoutDiscard.xml (RunModel)" time="0.01" />
  <testcase classname="ptolemy.util.test.junit.AutoTests" name="[36] /home/travis/build/icyphy/ptII/ptolemy/domains/de/test/auto/Modal1.xml (RunModel)" time="0.029" />
  <testcase classname="ptolemy.util.test.junit.AutoTests" name="[37] /home/travis/build/icyphy/ptII/ptolemy/domains/de/test/auto/Modal2.xml (RunModel)" time="0.036" />
  <testcase classname="ptolemy.util.test.junit.AutoTests" name="[38] /home/travis/build/icyphy/ptII/ptolemy/domains/de/test/auto/Modal3.xml (RunModel)" time="0.03" />
  <testcase classname="ptolemy.util.test.junit.AutoTests" name="[39] /home/travis/build/icyphy/ptII/ptolemy/domains/de/test/auto/Modal4.xml (RunModel)" time="0.038" />
  <testcase classname="ptolemy.util.test.junit.AutoTests" name="[40] /home/travis/build/icyphy/ptII/ptolemy/domains/de/test/auto/Modal5.xml (RunModel)" time="0.029" />
  <testcase classname="ptolemy.util.test.junit.AutoTests" name="[41] /home/travis/build/icyphy/ptII/ptolemy/domains/de/test/auto/Modal6.xml (RunModel)" time="0.031" />
  <testcase classname="ptolemy.util.test.junit.AutoTests" name="[42] /home/travis/build/icyphy/ptII/ptolemy/domains/de/test/auto/Modal7.xml (RunModel)" time="0.032" />
  <testcase classname="ptolemy.util.test.junit.AutoTests" name="[43] /home/travis/build/icyphy/ptII/ptolemy/domains/de/test/auto/ModalModel.xml (RunModel)" time="0.236" />
  <testcase classname="ptolemy.util.test.junit.AutoTests" name="[44] /home/travis/build/icyphy/ptII/ptolemy/domains/de/test/auto/ModalSource.xml (RunModel)" time="0.019" />
  <testcase classname="ptolemy.util.test.junit.AutoTests" name="[45] /home/travis/build/icyphy/ptII/ptolemy/domains/de/test/auto/NonInterruptibleTimerZeroDelay.xml (RunModel)" time="0.012" />
  <testcase classname="ptolemy.util.test.junit.AutoTests" name="[46] /home/travis/build/icyphy/ptII/ptolemy/domains/de/test/auto/OpenQueueingNetwork.xml (RunModel)" time="2.525" />
  <testcase classname="ptolemy.util.test.junit.AutoTests" name="[47] /home/travis/build/icyphy/ptII/ptolemy/domains/de/test/auto/OpenQueuingNetwork.xml (RunModel)" time="0.292" />
  <testcase classname="ptolemy.util.test.junit.AutoTests" name="[48] /home/travis/build/icyphy/ptII/ptolemy/domains/de/test/auto/PeriodicSampler.xml (RunModel)" time="0.011" />
  <testcase classname="ptolemy.util.test.junit.AutoTests" name="[49] /home/travis/build/icyphy/ptII/ptolemy/domains/de/test/auto/PersistentIO.xml (RunModel)" time="0.02" />
  <testcase classname="ptolemy.util.test.junit.AutoTests" name="[50] /home/travis/build/icyphy/ptII/ptolemy/domains/de/test/auto/PortParameterResetOnInitialize.xml (RunModel)" time="0.009" />
  <testcase classname="ptolemy.util.test.junit.AutoTests" name="[51] /home/travis/build/icyphy/ptII/ptolemy/domains/de/test/auto/PortParameterUpdates.xml (RunModel)" time="0.017" />
  <testcase classname="ptolemy.util.test.junit.AutoTests" name="[52] /home/travis/build/icyphy/ptII/ptolemy/domains/de/test/auto/QueueAndServer.xml (RunModel)" time="0.02" />
  <testcase classname="ptolemy.util.test.junit.AutoTests" name="[53] /home/travis/build/icyphy/ptII/ptolemy/domains/de/test/auto/Records.xml (RunModel)" time="0.02" />
  <testcase classname="ptolemy.util.test.junit.AutoTests" name="[54] /home/travis/build/icyphy/ptII/ptolemy/domains/de/test/auto/ResetTransitionWithStartTime1.xml (RunModel)" time="0.023" />
  <testcase classname="ptolemy.util.test.junit.AutoTests" name="[55] /home/travis/build/icyphy/ptII/ptolemy/domains/de/test/auto/ResetTransitionWithStartTime2.xml (RunModel)" time="0.019" />
  <testcase classname="ptolemy.util.test.junit.AutoTests" name="[56] /home/travis/build/icyphy/ptII/ptolemy/domains/de/test/auto/ResetTransitionWithStartTime3.xml (RunModel)" time="0.018" />
  <testcase classname="ptolemy.util.test.junit.AutoTests" name="[57] /home/travis/build/icyphy/ptII/ptolemy/domains/de/test/auto/ResetTransitionWithStartTime4.xml (RunModel)" time="0.019" />
  <testcase classname="ptolemy.util.test.junit.AutoTests" name="[58] /home/travis/build/icyphy/ptII/ptolemy/domains/de/test/auto/ResettableTimer1.xml (RunModel)" time="0.011" />
  <testcase classname="ptolemy.util.test.junit.AutoTests" name="[59] /home/travis/build/icyphy/ptII/ptolemy/domains/de/test/auto/ResettableTimer2.xml (RunModel)" time="0.01" />
  <testcase classname="ptolemy.util.test.junit.AutoTests" name="[60] /home/travis/build/icyphy/ptII/ptolemy/domains/de/test/auto/ResettableTimer3.xml (RunModel)" time="0.009" />
  <testcase classname="ptolemy.util.test.junit.AutoTests" name="[61] /home/travis/build/icyphy/ptII/ptolemy/domains/de/test/auto/ResettableTimer4.xml (RunModel)" time="0.01" />
  <testcase classname="ptolemy.util.test.junit.AutoTests" name="[62] /home/travis/build/icyphy/ptII/ptolemy/domains/de/test/auto/ResettableTimer5.xml (RunModel)" time="0.01" />
  <testcase classname="ptolemy.util.test.junit.AutoTests" name="[63] /home/travis/build/icyphy/ptII/ptolemy/domains/de/test/auto/ResettableTimer6.xml (RunModel)" time="0.023" />
  <testcase classname="ptolemy.util.test.junit.AutoTests" name="[64] /home/travis/build/icyphy/ptII/ptolemy/domains/de/test/auto/ServerZeroDelay.xml (RunModel)" time="0.011" />
  <testcase classname="ptolemy.util.test.junit.AutoTests" name="[65] /home/travis/build/icyphy/ptII/ptolemy/domains/de/test/auto/SmartSender.xml (RunModel)" time="3.011" />
  <testcase classname="ptolemy.util.test.junit.AutoTests" name="[66] /home/travis/build/icyphy/ptII/ptolemy/domains/de/test/auto/ThreadedComposite.xml (RunModel)" time="0.19" />
  <testcase classname="ptolemy.util.test.junit.AutoTests" name="[67] /home/travis/build/icyphy/ptII/ptolemy/domains/de/test/auto/Time.xml (RunModel)" time="0.45" />
  <testcase classname="ptolemy.util.test.junit.AutoTests" name="[68] /home/travis/build/icyphy/ptII/ptolemy/domains/de/test/auto/TimeDelayZeroDelay.xml (RunModel)" time="0.01" />
  <testcase classname="ptolemy.util.test.junit.AutoTests" name="[69] /home/travis/build/icyphy/ptII/ptolemy/domains/de/test/auto/TimerZeroDelay.xml (RunModel)" time="0.016" />
  <testcase classname="ptolemy.util.test.junit.AutoTests" name="[70] /home/travis/build/icyphy/ptII/ptolemy/domains/de/test/auto/TimingParadox.xml (RunModel)" time="0.337" />
  <testcase classname="ptolemy.util.test.junit.AutoTests" name="[71] /home/travis/build/icyphy/ptII/ptolemy/domains/de/test/auto/TransferInputs.xml (RunModel)" time="0.021" />
  <testcase classname="ptolemy.util.test.junit.AutoTests" name="[72] /home/travis/build/icyphy/ptII/ptolemy/domains/de/test/auto/TransferOutputs2.xml (RunModel)" time="0.016" />
  <testcase classname="ptolemy.util.test.junit.AutoTests" name="[73] /home/travis/build/icyphy/ptII/ptolemy/domains/de/test/auto/Trilateration.xml (RunModel)" time="11.527" />
  <testcase classname="ptolemy.util.test.junit.AutoTests" name="[74] /home/travis/build/icyphy/ptII/ptolemy/domains/de/test/auto/TwoSigmaDelta.xml (RunModel)" time="1.998" />
  <testcase classname="ptolemy.util.test.junit.AutoTests" name="[75] /home/travis/build/icyphy/ptII/ptolemy/domains/de/test/auto/VariableDelay.xml (RunModel)" time="0.012" />
  <testcase classname="ptolemy.util.test.junit.AutoTests" name="[76] /home/travis/build/icyphy/ptII/ptolemy/domains/de/test/auto/VariableDelay2.xml (RunModel)" time="0.01" />
  <testcase classname="ptolemy.util.test.junit.AutoTests" name="[77] /home/travis/build/icyphy/ptII/ptolemy/domains/de/test/auto/VariableDelayZeroDelay.xml (RunModel)" time="0.01" />
  <testcase classname="ptolemy.util.test.junit.AutoTests" name="[78] /home/travis/build/icyphy/ptII/ptolemy/domains/de/test/auto/VariableDelayZeroDelay2.xml (RunModel)" time="0.01" />
  <testcase classname="ptolemy.util.test.junit.AutoTests" name="[79] /home/travis/build/icyphy/ptII/ptolemy/domains/de/test/auto/deInCt.xml (RunModel)" time="0.014" />
  <testcase classname="ptolemy.util.test.junit.AutoTests" name="[80] /home/travis/build/icyphy/ptII/ptolemy/domains/de/test/auto/deInCt2.xml (RunModel)" time="0.013" />
  <testcase classname="ptolemy.util.test.junit.AutoTests" name="[81] /home/travis/build/icyphy/ptII/ptolemy/domains/de/test/auto/dynamicCausalityInterface1.xml (RunModel)" time="0.025" />
  <testcase classname="ptolemy.util.test.junit.AutoTests" name="[82] /home/travis/build/icyphy/ptII/ptolemy/domains/de/test/auto/fsm_de_test.xml (RunModel)" time="0.023" />
  <testcase classname="ptolemy.util.test.junit.AutoTests" name="[83] /home/travis/build/icyphy/ptII/ptolemy/domains/de/test/auto/functionDependencyReconstruction.xml (RunModel)" time="0.034" />
  <testcase classname="ptolemy.util.test.junit.AutoTests" name="[84] /home/travis/build/icyphy/ptII/ptolemy/domains/de/test/auto/multirate.xml (RunModel)" time="0.015" />
  <testcase classname="ptolemy.util.test.junit.AutoTests" name="[85] /home/travis/build/icyphy/ptII/ptolemy/domains/de/test/auto/multirate2.xml (RunModel)" time="0.017" />
  <testcase classname="ptolemy.util.test.junit.AutoTests" name="[86] /home/travis/build/icyphy/ptII/ptolemy/domains/de/test/auto/realtime.xml (RunModel)" time="10.011" />
  <testcase classname="ptolemy.util.test.junit.AutoTests" name="[87] /home/travis/build/icyphy/ptII/ptolemy/domains/de/test/auto/relationGroup.xml (RunModel)" time="0.011" />
  <testcase classname="ptolemy.util.test.junit.AutoTests" name="[88] /home/travis/build/icyphy/ptII/ptolemy/domains/de/test/auto/relationGroup2.xml (RunModel)" time="0.007" />
  <testcase classname="ptolemy.util.test.junit.AutoTests" name="[89] /home/travis/build/icyphy/ptII/ptolemy/domains/de/test/auto/sortWithOpaquePorts.xml (RunModel)" time="0.02" />
  <testcase classname="ptolemy.util.test.junit.AutoTests" name="[90] /home/travis/build/icyphy/ptII/ptolemy/domains/de/test/auto/transferInputsandOutputs.xml (RunModel)" time="0.014" />
  <testcase classname="ptolemy.util.test.junit.AutoTests" name="[91] /home/travis/build/icyphy/ptII/ptolemy/domains/de/test/auto/triggerType.xml (RunModel)" time="0.009" />
  <system-out><![CDATA[/home/travis/build/icyphy/ptII/ptolemy/domains/de/test/DependencyLoop.tcl
testDefs.tcl: setting time out to 9000 seconds at Sun Apr 29 18:40:00 UTC 2018
17 ms. Memory: 116224K Free: 95174K (82%)
7 ms. Memory: 146944K Free: 139063K (95%)
/home/travis/build/icyphy/ptII/ptolemy/domains/de/test/RunDETestsAsQSS.tcl
Run the DE tests using ptolemy.domains.qss.test.QSSDirectorTest, which extends QSSDirector and prints a message in the constructors.
------------------ testing $PTII/ptolemy/domains/de/test/auto/knownFailedTests/dependencyLoop.xml (Known Failure) 
7 ms. Memory: 146944K Free: 134796K (92%)


==== $PTIIhome/travis/build/icyphy/ptII/ptolemy/domains/de/test/../../../../: Auto Automatic test in file $PTII/ptolemy/domains/de/test/auto/knownFailedTests/dependencyLoop.xml
==== Contents of test case:

	    # FIXME: we should use $relativeFilename here, but it
	    # might have backslashes under Windows, which causes no end
	    # of trouble.
	    createAndExecute $file
	    list {}
	
.... Test generated KNOWN error:
    while executing
ptolemy.kernel.util.IllegalActionException: Found a zero delay loop containing .dependencyLoop.original
  in .dependencyLoop and .dependencyLoop.original
	at ptolemy.actor.util.CausalityInterfaceForComposites._computeOutputPortDepth(CausalityInterfaceForComposites.java:759)
	at ptolemy.actor.util.CausalityInterfaceForComposites._computeInputDepth(CausalityInterfaceForComposites.java:696)
	at ptolemy.actor.util.CausalityInterfaceForComposites._computeOutputPortDepth(CausalityInterfaceForComposites.java:765)
	at ptolemy.actor.util.CausalityInterfaceForComposites._computeInputDepth(CausalityInterfaceForComposites.java:696)
	at ptolemy.actor.util.CausalityInterfaceForComposites._computeOutputPortDepth(CausalityInterfaceForComposites.java:765)
	at ptolemy.actor.util.CausalityInterfaceForComposites._computeInputDepth(CausalityInterfaceForComposites.java:696)
	at ptolemy.actor.util.CausalityInterfaceForComposites._computeActorDepth(CausalityInterfaceForComposites.java:532)
	at ptolemy.actor.util.CausalityInterfaceForComposites.checkForCycles(CausalityInterfaceForComposites.java:96)
	at ptolemy.domains.de.kernel.DEDirector.preinitialize(DEDirector.java:1337)
	at ptolemy.actor.CompositeActor.preinitialize(CompositeActor.java:1828)
	at ptolemy.actor.Manager.preinitializeAndResolveTypes(Manager.java:1040)
	at ptolemy.actor.Manager.initialize(Manager.java:710)
	at ptolemy.actor.Manager.execute(Manager.java:356)
	at ptolemy.actor.Manager.run(Manager.java:1263)
	at ptolemy.actor.Manager$PtolemyRunThread.run(Manager.java:1915)

    while executing
ptolemy.kernel.util.IllegalActionException: Found a zero delay loop containing .dependencyLoop.original
  in .dependencyLoop and .dependencyLoop.original
    while executing
"java::new ptolemy.moml.MoMLSimpleApplication $file
"
    (procedure "createAndExecute" line 2)
    invoked from within
"createAndExecute $file"
    ("uplevel" body line 5)
    invoked from within
"uplevel $contents_of_test"
------------------ testing $PTII/ptolemy/domains/de/test/auto/knownFailedTests/DESDFClockTest.xml (Known Failure) 
2055 ms. Memory: 146944K Free: 119026K (81%)


==== $PTIIhome/travis/build/icyphy/ptII/ptolemy/domains/de/test/../../../../: Auto Automatic test in file $PTII/ptolemy/domains/de/test/auto/knownFailedTests/DESDFClockTest.xml
==== Contents of test case:

	    # FIXME: we should use $relativeFilename here, but it
	    # might have backslashes under Windows, which causes no end
	    # of trouble.
	    createAndExecute $file
	    list {}
	
.... Test generated KNOWN error:
    while executing
ptolemy.kernel.util.IllegalActionException: Actor is not ready to fire.  Perhaps UpSample.prefire() returned false? Try debugging the actor by selecting "Listen to Actor".  Also, for SDF check moml for tokenConsumptionRate on input.
  in .DESDFClockTest.Play Bell.Copy1:SDF Director and .DESDFClockTest.Play Bell.UpSample
	at ptolemy.actor.sched.StaticSchedulingDirector.fire(StaticSchedulingDirector.java:227)
	at ptolemy.domains.sdf.kernel.SDFDirector.fire(SDFDirector.java:500)
	at ptolemy.actor.CompositeActor.fire(CompositeActor.java:455)
	at ptolemy.domains.de.kernel.DEDirector._fire(DEDirector.java:1948)
	at ptolemy.domains.de.kernel.DEDirector.fire(DEDirector.java:502)
	at ptolemy.actor.CompositeActor.fire(CompositeActor.java:455)
	at ptolemy.actor.Manager.iterate(Manager.java:851)
	at ptolemy.actor.Manager.execute(Manager.java:369)
	at ptolemy.actor.Manager.run(Manager.java:1263)
	at ptolemy.actor.Manager$PtolemyRunThread.run(Manager.java:1915)

    while executing
ptolemy.kernel.util.IllegalActionException: Actor is not ready to fire.  Perhaps UpSample.prefire() returned false? Try debugging the actor by selecting "Listen to Actor".  Also, for SDF check moml for tokenConsumptionRate on input.
  in .DESDFClockTest.Play Bell.Copy1:SDF Director and .DESDFClockTest.Play Bell.UpSample
    while executing
"java::new ptolemy.moml.MoMLSimpleApplication $file
"
    (procedure "createAndExecute" line 2)
    invoked from within
"createAndExecute $file"
    ("uplevel" body line 5)
    invoked from within
"uplevel $contents_of_test"
------------------ testing $PTII/ptolemy/domains/de/test/auto/knownFailedTests/FSMSource.xml (Known Failure) 
21 ms. Memory: 146944K Free: 110076K (75%)
!!!! Auto was marked as failing, but now passes
------------------ testing $PTII/ptolemy/domains/de/test/auto/knownFailedTests/dependencyLoop2.xml (Known Failure) 
6 ms. Memory: 146944K Free: 108193K (74%)


==== $PTIIhome/travis/build/icyphy/ptII/ptolemy/domains/de/test/../../../../: Auto Automatic test in file $PTII/ptolemy/domains/de/test/auto/knownFailedTests/dependencyLoop2.xml
==== Contents of test case:

	    # FIXME: we should use $relativeFilename here, but it
	    # might have backslashes under Windows, which causes no end
	    # of trouble.
	    createAndExecute $file
	    list {}
	
.... Test generated KNOWN error:
    while executing
ptolemy.kernel.util.IllegalActionException: Found a zero delay loop containing .dependencyLoop2.original
  in .dependencyLoop2 and .dependencyLoop2.original
	at ptolemy.actor.util.CausalityInterfaceForComposites._computeOutputPortDepth(CausalityInterfaceForComposites.java:759)
	at ptolemy.actor.util.CausalityInterfaceForComposites._computeInputDepth(CausalityInterfaceForComposites.java:696)
	at ptolemy.actor.util.CausalityInterfaceForComposites._computeOutputPortDepth(CausalityInterfaceForComposites.java:765)
	at ptolemy.actor.util.CausalityInterfaceForComposites._computeInputDepth(CausalityInterfaceForComposites.java:696)
	at ptolemy.actor.util.CausalityInterfaceForComposites._computeOutputPortDepth(CausalityInterfaceForComposites.java:765)
	at ptolemy.actor.util.CausalityInterfaceForComposites._computeInputDepth(CausalityInterfaceForComposites.java:696)
	at ptolemy.actor.util.CausalityInterfaceForComposites._computeActorDepth(CausalityInterfaceForComposites.java:532)
	at ptolemy.actor.util.CausalityInterfaceForComposites.checkForCycles(CausalityInterfaceForComposites.java:96)
	at ptolemy.domains.de.kernel.DEDirector.preinitialize(DEDirector.java:1337)
	at ptolemy.actor.CompositeActor.preinitialize(CompositeActor.java:1828)
	at ptolemy.actor.Manager.preinitializeAndResolveTypes(Manager.java:1040)
	at ptolemy.actor.Manager.initialize(Manager.java:710)
	at ptolemy.actor.Manager.execute(Manager.java:356)
	at ptolemy.actor.Manager.run(Manager.java:1263)
	at ptolemy.actor.Manager$PtolemyRunThread.run(Manager.java:1915)

    while executing
ptolemy.kernel.util.IllegalActionException: Found a zero delay loop containing .dependencyLoop2.original
  in .dependencyLoop2 and .dependencyLoop2.original
    while executing
"java::new ptolemy.moml.MoMLSimpleApplication $file
"
    (procedure "createAndExecute" line 2)
    invoked from within
"createAndExecute $file"
    ("uplevel" body line 5)
    invoked from within
"uplevel $contents_of_test"
------------------ testing $PTII/ptolemy/domains/de/test/auto/knownFailedTests/HierarchicalModel.xml (Known Failure) 
5 ms. Memory: 146944K Free: 87785K (60%)


==== $PTIIhome/travis/build/icyphy/ptII/ptolemy/domains/de/test/../../../../: Auto Automatic test in file $PTII/ptolemy/domains/de/test/auto/knownFailedTests/HierarchicalModel.xml
==== Contents of test case:

	    # FIXME: we should use $relativeFilename here, but it
	    # might have backslashes under Windows, which causes no end
	    # of trouble.
	    createAndExecute $file
	    list {}
	
.... Test generated KNOWN error:
    while executing
ptolemy.kernel.util.IllegalActionException: Found a zero delay loop containing .HierarchicalModel.A
  in .HierarchicalModel and .HierarchicalModel.A
	at ptolemy.actor.util.CausalityInterfaceForComposites._computeOutputPortDepth(CausalityInterfaceForComposites.java:759)
	at ptolemy.actor.util.CausalityInterfaceForComposites._computeInputDepth(CausalityInterfaceForComposites.java:696)
	at ptolemy.actor.util.CausalityInterfaceForComposites._computeOutputPortDepth(CausalityInterfaceForComposites.java:765)
	at ptolemy.actor.util.CausalityInterfaceForComposites._computeInputDepth(CausalityInterfaceForComposites.java:696)
	at ptolemy.actor.util.CausalityInterfaceForComposites._computeOutputPortDepth(CausalityInterfaceForComposites.java:765)
	at ptolemy.actor.util.CausalityInterfaceForComposites._computeInputDepth(CausalityInterfaceForComposites.java:696)
	at ptolemy.actor.util.CausalityInterfaceForComposites._computeActorDepth(CausalityInterfaceForComposites.java:532)
	at ptolemy.actor.util.CausalityInterfaceForComposites.checkForCycles(CausalityInterfaceForComposites.java:96)
	at ptolemy.domains.de.kernel.DEDirector.preinitialize(DEDirector.java:1337)
	at ptolemy.actor.CompositeActor.preinitialize(CompositeActor.java:1828)
	at ptolemy.actor.Manager.preinitializeAndResolveTypes(Manager.java:1040)
	at ptolemy.actor.Manager.initialize(Manager.java:710)
	at ptolemy.actor.Manager.execute(Manager.java:356)
	at ptolemy.actor.Manager.run(Manager.java:1263)
	at ptolemy.actor.Manager$PtolemyRunThread.run(Manager.java:1915)

    while executing
ptolemy.kernel.util.IllegalActionException: Found a zero delay loop containing .HierarchicalModel.A
  in .HierarchicalModel and .HierarchicalModel.A
    while executing
"java::new ptolemy.moml.MoMLSimpleApplication $file
"
    (procedure "createAndExecute" line 2)
    invoked from within
"createAndExecute $file"
    ("uplevel" body line 5)
    invoked from within
"uplevel $contents_of_test"
------------------ testing $PTII/ptolemy/domains/de/test/auto/knownFailedTests/DirectFeedback.xml (Known Failure) 
4 ms. Memory: 146944K Free: 82458K (56%)


==== $PTIIhome/travis/build/icyphy/ptII/ptolemy/domains/de/test/../../../../: Auto Automatic test in file $PTII/ptolemy/domains/de/test/auto/knownFailedTests/DirectFeedback.xml
==== Contents of test case:

	    # FIXME: we should use $relativeFilename here, but it
	    # might have backslashes under Windows, which causes no end
	    # of trouble.
	    createAndExecute $file
	    list {}
	
.... Test generated KNOWN error:
    while executing
ptolemy.kernel.util.IllegalActionException: Test fails in iteration 1.
Value was: 1.0. Should have been: 2.0
  in .DirectFeedback.Test
	at ptolemy.actor.lib.Test.fire(Test.java:268)
	at ptolemy.domains.de.kernel.DEDirector._fire(DEDirector.java:1948)
	at ptolemy.domains.de.kernel.DEDirector.fire(DEDirector.java:502)
	at ptolemy.actor.CompositeActor.fire(CompositeActor.java:455)
	at ptolemy.actor.Manager.iterate(Manager.java:851)
	at ptolemy.actor.Manager.execute(Manager.java:369)
	at ptolemy.actor.Manager.run(Manager.java:1263)
	at ptolemy.actor.Manager$PtolemyRunThread.run(Manager.java:1915)

    while executing
ptolemy.kernel.util.IllegalActionException: Test fails in iteration 1.
Value was: 1.0. Should have been: 2.0
  in .DirectFeedback.Test
    while executing
"java::new ptolemy.moml.MoMLSimpleApplication $file
"
    (procedure "createAndExecute" line 2)
    invoked from within
"createAndExecute $file"
    ("uplevel" body line 5)
    invoked from within
"uplevel $contents_of_test"
------------------ testing $PTII/ptolemy/domains/de/test/auto/ActorDepthCalculation_actorWithoutPorts.xml
auto.tcl: Setting watchdog for 200 seconds at Sun Apr 29 18:40:03 UTC 2018
12 ms. Memory: 146944K Free: 134899K (92%)
ptolemy.util.test.WatchDog.cancel(): canceling Sun Apr 29 18:40:03 UTC 2018
auto.tcl: Setting watchdog for 200 seconds at Sun Apr 29 18:40:03 UTC 2018
5 ms. Memory: 146944K Free: 132848K (90%)
ptolemy.util.test.WatchDog.cancel(): canceling Sun Apr 29 18:40:03 UTC 2018
------------------ testing $PTII/ptolemy/domains/de/test/auto/AssemblyLine.xml
auto.tcl: Setting watchdog for 200 seconds at Sun Apr 29 18:40:04 UTC 2018
13 ms. Memory: 208384K Free: 185090K (89%)
ptolemy.util.test.WatchDog.cancel(): canceling Sun Apr 29 18:40:04 UTC 2018
auto.tcl: Setting watchdog for 200 seconds at Sun Apr 29 18:40:04 UTC 2018
13 ms. Memory: 208384K Free: 185090K (89%)
ptolemy.util.test.WatchDog.cancel(): canceling Sun Apr 29 18:40:04 UTC 2018
------------------ testing $PTII/ptolemy/domains/de/test/auto/CQBug1.xml
auto.tcl: Setting watchdog for 200 seconds at Sun Apr 29 18:40:04 UTC 2018
7 ms. Memory: 208384K Free: 196485K (94%)
ptolemy.util.test.WatchDog.cancel(): canceling Sun Apr 29 18:40:04 UTC 2018
auto.tcl: Setting watchdog for 200 seconds at Sun Apr 29 18:40:04 UTC 2018
2 ms. Memory: 208384K Free: 196485K (94%)
ptolemy.util.test.WatchDog.cancel(): canceling Sun Apr 29 18:40:04 UTC 2018
------------------ testing $PTII/ptolemy/domains/de/test/auto/CancelFireAt.xml
auto.tcl: Setting watchdog for 200 seconds at Sun Apr 29 18:40:04 UTC 2018
5 ms. Memory: 208384K Free: 201098K (97%)
ptolemy.util.test.WatchDog.cancel(): canceling Sun Apr 29 18:40:04 UTC 2018
auto.tcl: Setting watchdog for 200 seconds at Sun Apr 29 18:40:04 UTC 2018
13 ms. Memory: 208384K Free: 198997K (95%)
ptolemy.util.test.WatchDog.cancel(): canceling Sun Apr 29 18:40:04 UTC 2018
------------------ testing $PTII/ptolemy/domains/de/test/auto/CausalityAndComposabilityAnalysis.xml
auto.tcl: Setting watchdog for 200 seconds at Sun Apr 29 18:40:04 UTC 2018
16 ms. Memory: 208384K Free: 196491K (94%)
ptolemy.util.test.WatchDog.cancel(): canceling Sun Apr 29 18:40:04 UTC 2018
auto.tcl: Setting watchdog for 200 seconds at Sun Apr 29 18:40:04 UTC 2018
9 ms. Memory: 208384K Free: 196491K (94%)
ptolemy.util.test.WatchDog.cancel(): canceling Sun Apr 29 18:40:04 UTC 2018
------------------ testing $PTII/ptolemy/domains/de/test/auto/CausalityInterface1.xml
auto.tcl: Setting watchdog for 200 seconds at Sun Apr 29 18:40:04 UTC 2018
22 ms. Memory: 208384K Free: 196428K (94%)
ptolemy.util.test.WatchDog.cancel(): canceling Sun Apr 29 18:40:04 UTC 2018
auto.tcl: Setting watchdog for 200 seconds at Sun Apr 29 18:40:04 UTC 2018
5 ms. Memory: 208384K Free: 196428K (94%)
ptolemy.util.test.WatchDog.cancel(): canceling Sun Apr 29 18:40:04 UTC 2018
------------------ testing $PTII/ptolemy/domains/de/test/auto/CausalityInterface15.xml
auto.tcl: Setting watchdog for 200 seconds at Sun Apr 29 18:40:04 UTC 2018
10 ms. Memory: 208384K Free: 196418K (94%)
ptolemy.util.test.WatchDog.cancel(): canceling Sun Apr 29 18:40:05 UTC 2018
auto.tcl: Setting watchdog for 200 seconds at Sun Apr 29 18:40:05 UTC 2018
5 ms. Memory: 208384K Free: 196418K (94%)
ptolemy.util.test.WatchDog.cancel(): canceling Sun Apr 29 18:40:05 UTC 2018
------------------ testing $PTII/ptolemy/domains/de/test/auto/CausalityInterface2.xml
auto.tcl: Setting watchdog for 200 seconds at Sun Apr 29 18:40:05 UTC 2018
3 ms. Memory: 208384K Free: 196301K (94%)
ptolemy.util.test.WatchDog.cancel(): canceling Sun Apr 29 18:40:05 UTC 2018
auto.tcl: Setting watchdog for 200 seconds at Sun Apr 29 18:40:05 UTC 2018
3 ms. Memory: 208384K Free: 196301K (94%)
ptolemy.util.test.WatchDog.cancel(): canceling Sun Apr 29 18:40:05 UTC 2018
------------------ testing $PTII/ptolemy/domains/de/test/auto/CausalityInterface3.xml
auto.tcl: Setting watchdog for 200 seconds at Sun Apr 29 18:40:05 UTC 2018
6 ms. Memory: 208384K Free: 196314K (94%)
ptolemy.util.test.WatchDog.cancel(): canceling Sun Apr 29 18:40:05 UTC 2018
auto.tcl: Setting watchdog for 200 seconds at Sun Apr 29 18:40:05 UTC 2018
10 ms. Memory: 208384K Free: 196314K (94%)
ptolemy.util.test.WatchDog.cancel(): canceling Sun Apr 29 18:40:05 UTC 2018
------------------ testing $PTII/ptolemy/domains/de/test/auto/ClockDrift.xml
auto.tcl: Setting watchdog for 200 seconds at Sun Apr 29 18:40:05 UTC 2018
106 ms. Memory: 208384K Free: 187541K (90%)
ptolemy.util.test.WatchDog.cancel(): canceling Sun Apr 29 18:40:05 UTC 2018
auto.tcl: Setting watchdog for 200 seconds at Sun Apr 29 18:40:05 UTC 2018
37 ms. Memory: 208384K Free: 185440K (89%)
ptolemy.util.test.WatchDog.cancel(): canceling Sun Apr 29 18:40:05 UTC 2018
------------------ testing $PTII/ptolemy/domains/de/test/auto/ClockDriftAndValueChange.xml
auto.tcl: Setting watchdog for 200 seconds at Sun Apr 29 18:40:05 UTC 2018
48 ms. Memory: 208384K Free: 187341K (90%)
ptolemy.util.test.WatchDog.cancel(): canceling Sun Apr 29 18:40:05 UTC 2018
auto.tcl: Setting watchdog for 200 seconds at Sun Apr 29 18:40:05 UTC 2018
32 ms. Memory: 208384K Free: 185224K (89%)
ptolemy.util.test.WatchDog.cancel(): canceling Sun Apr 29 18:40:05 UTC 2018
------------------ testing $PTII/ptolemy/domains/de/test/auto/ClockDriftChange.xml
auto.tcl: Setting watchdog for 200 seconds at Sun Apr 29 18:40:05 UTC 2018
18 ms. Memory: 208384K Free: 190675K (92%)
ptolemy.util.test.WatchDog.cancel(): canceling Sun Apr 29 18:40:05 UTC 2018
auto.tcl: Setting watchdog for 200 seconds at Sun Apr 29 18:40:05 UTC 2018
26 ms. Memory: 208384K Free: 188558K (90%)
ptolemy.util.test.WatchDog.cancel(): canceling Sun Apr 29 18:40:05 UTC 2018
------------------ testing $PTII/ptolemy/domains/de/test/auto/ComposableCausalityAnalysis.xml
auto.tcl: Setting watchdog for 200 seconds at Sun Apr 29 18:40:05 UTC 2018
3 ms. Memory: 208384K Free: 196168K (94%)
ptolemy.util.test.WatchDog.cancel(): canceling Sun Apr 29 18:40:05 UTC 2018
auto.tcl: Setting watchdog for 200 seconds at Sun Apr 29 18:40:05 UTC 2018
2 ms. Memory: 208384K Free: 194051K (93%)
ptolemy.util.test.WatchDog.cancel(): canceling Sun Apr 29 18:40:05 UTC 2018
------------------ testing $PTII/ptolemy/domains/de/test/auto/DEFixedPointLimitation.xml
auto.tcl: Setting watchdog for 200 seconds at Sun Apr 29 18:40:05 UTC 2018
2 ms. Memory: 208384K Free: 196030K (94%)
ptolemy.util.test.WatchDog.cancel(): canceling Sun Apr 29 18:40:05 UTC 2018
auto.tcl: Setting watchdog for 200 seconds at Sun Apr 29 18:40:05 UTC 2018
1 ms. Memory: 208384K Free: 196030K (94%)
ptolemy.util.test.WatchDog.cancel(): canceling Sun Apr 29 18:40:05 UTC 2018
------------------ testing $PTII/ptolemy/domains/de/test/auto/DEScheduleTest.xml
auto.tcl: Setting watchdog for 200 seconds at Sun Apr 29 18:40:06 UTC 2018
6 ms. Memory: 208384K Free: 198166K (95%)
ptolemy.util.test.WatchDog.cancel(): canceling Sun Apr 29 18:40:06 UTC 2018
auto.tcl: Setting watchdog for 200 seconds at Sun Apr 29 18:40:06 UTC 2018
4 ms. Memory: 208384K Free: 196049K (94%)
ptolemy.util.test.WatchDog.cancel(): canceling Sun Apr 29 18:40:06 UTC 2018
------------------ testing $PTII/ptolemy/domains/de/test/auto/DEinDEwithStartTimes.xml
auto.tcl: Setting watchdog for 200 seconds at Sun Apr 29 18:40:06 UTC 2018
4 ms. Memory: 208384K Free: 196019K (94%)
ptolemy.util.test.WatchDog.cancel(): canceling Sun Apr 29 18:40:06 UTC 2018
auto.tcl: Setting watchdog for 200 seconds at Sun Apr 29 18:40:06 UTC 2018
7 ms. Memory: 208384K Free: 193918K (93%)
ptolemy.util.test.WatchDog.cancel(): canceling Sun Apr 29 18:40:06 UTC 2018
------------------ testing $PTII/ptolemy/domains/de/test/auto/DEinDEwithStartTimes2.xml
auto.tcl: Setting watchdog for 200 seconds at Sun Apr 29 18:40:06 UTC 2018
8 ms. Memory: 208384K Free: 196015K (94%)
ptolemy.util.test.WatchDog.cancel(): canceling Sun Apr 29 18:40:06 UTC 2018
auto.tcl: Setting watchdog for 200 seconds at Sun Apr 29 18:40:06 UTC 2018
5 ms. Memory: 208384K Free: 193897K (93%)
ptolemy.util.test.WatchDog.cancel(): canceling Sun Apr 29 18:40:06 UTC 2018
------------------ testing $PTII/ptolemy/domains/de/test/auto/DateDemo.xml
auto.tcl: Setting watchdog for 200 seconds at Sun Apr 29 18:40:06 UTC 2018
9 ms. Memory: 208384K Free: 188425K (90%)
ptolemy.util.test.WatchDog.cancel(): canceling Sun Apr 29 18:40:06 UTC 2018
auto.tcl: Setting watchdog for 200 seconds at Sun Apr 29 18:40:06 UTC 2018
12 ms. Memory: 208384K Free: 186316K (89%)
ptolemy.util.test.WatchDog.cancel(): canceling Sun Apr 29 18:40:06 UTC 2018
------------------ testing $PTII/ptolemy/domains/de/test/auto/DateToEvent.xml
auto.tcl: Setting watchdog for 200 seconds at Sun Apr 29 18:40:06 UTC 2018
2015 ms. Memory: 208384K Free: 183097K (88%)
ptolemy.util.test.WatchDog.cancel(): canceling Sun Apr 29 18:40:08 UTC 2018
auto.tcl: Setting watchdog for 200 seconds at Sun Apr 29 18:40:08 UTC 2018
2005 ms. Memory: 208384K Free: 183097K (88%)
ptolemy.util.test.WatchDog.cancel(): canceling Sun Apr 29 18:40:10 UTC 2018
------------------ testing $PTII/ptolemy/domains/de/test/auto/DepthTest1.xml
auto.tcl: Setting watchdog for 200 seconds at Sun Apr 29 18:40:10 UTC 2018
7 ms. Memory: 208384K Free: 197695K (95%)
ptolemy.util.test.WatchDog.cancel(): canceling Sun Apr 29 18:40:10 UTC 2018
auto.tcl: Setting watchdog for 200 seconds at Sun Apr 29 18:40:10 UTC 2018
2 ms. Memory: 208384K Free: 197695K (95%)
ptolemy.util.test.WatchDog.cancel(): canceling Sun Apr 29 18:40:10 UTC 2018
------------------ testing $PTII/ptolemy/domains/de/test/auto/DepthTest2.xml
auto.tcl: Setting watchdog for 200 seconds at Sun Apr 29 18:40:10 UTC 2018
3 ms. Memory: 208384K Free: 194216K (93%)
ptolemy.util.test.WatchDog.cancel(): canceling Sun Apr 29 18:40:10 UTC 2018
auto.tcl: Setting watchdog for 200 seconds at Sun Apr 29 18:40:10 UTC 2018
7 ms. Memory: 208384K Free: 194216K (93%)
ptolemy.util.test.WatchDog.cancel(): canceling Sun Apr 29 18:40:10 UTC 2018
------------------ testing $PTII/ptolemy/domains/de/test/auto/DepthTest3.xml
auto.tcl: Setting watchdog for 200 seconds at Sun Apr 29 18:40:10 UTC 2018
3 ms. Memory: 208384K Free: 198368K (95%)
ptolemy.util.test.WatchDog.cancel(): canceling Sun Apr 29 18:40:10 UTC 2018
auto.tcl: Setting watchdog for 200 seconds at Sun Apr 29 18:40:10 UTC 2018
2 ms. Memory: 208384K Free: 198368K (95%)
ptolemy.util.test.WatchDog.cancel(): canceling Sun Apr 29 18:40:10 UTC 2018
------------------ testing $PTII/ptolemy/domains/de/test/auto/DepthTest4.xml
auto.tcl: Setting watchdog for 200 seconds at Sun Apr 29 18:40:10 UTC 2018
11 ms. Memory: 208384K Free: 193559K (93%)
ptolemy.util.test.WatchDog.cancel(): canceling Sun Apr 29 18:40:10 UTC 2018
auto.tcl: Setting watchdog for 200 seconds at Sun Apr 29 18:40:10 UTC 2018
3 ms. Memory: 208384K Free: 193559K (93%)
ptolemy.util.test.WatchDog.cancel(): canceling Sun Apr 29 18:40:10 UTC 2018
------------------ testing $PTII/ptolemy/domains/de/test/auto/DepthTest5.xml
auto.tcl: Setting watchdog for 200 seconds at Sun Apr 29 18:40:10 UTC 2018
5 ms. Memory: 208384K Free: 196302K (94%)
ptolemy.util.test.WatchDog.cancel(): canceling Sun Apr 29 18:40:10 UTC 2018
auto.tcl: Setting watchdog for 200 seconds at Sun Apr 29 18:40:10 UTC 2018
5 ms. Memory: 208384K Free: 195964K (94%)
ptolemy.util.test.WatchDog.cancel(): canceling Sun Apr 29 18:40:10 UTC 2018
------------------ testing $PTII/ptolemy/domains/de/test/auto/DepthTest6.xml
auto.tcl: Setting watchdog for 200 seconds at Sun Apr 29 18:40:10 UTC 2018
11 ms. Memory: 208384K Free: 196279K (94%)
ptolemy.util.test.WatchDog.cancel(): canceling Sun Apr 29 18:40:11 UTC 2018
auto.tcl: Setting watchdog for 200 seconds at Sun Apr 29 18:40:11 UTC 2018
2 ms. Memory: 208384K Free: 196279K (94%)
ptolemy.util.test.WatchDog.cancel(): canceling Sun Apr 29 18:40:11 UTC 2018
------------------ testing $PTII/ptolemy/domains/de/test/auto/DepthTest7.xml
auto.tcl: Setting watchdog for 200 seconds at Sun Apr 29 18:40:11 UTC 2018
4 ms. Memory: 208384K Free: 195905K (94%)
ptolemy.util.test.WatchDog.cancel(): canceling Sun Apr 29 18:40:11 UTC 2018
auto.tcl: Setting watchdog for 200 seconds at Sun Apr 29 18:40:11 UTC 2018
2 ms. Memory: 208384K Free: 195905K (94%)
ptolemy.util.test.WatchDog.cancel(): canceling Sun Apr 29 18:40:11 UTC 2018
------------------ testing $PTII/ptolemy/domains/de/test/auto/EventToDate.xml
auto.tcl: Setting watchdog for 200 seconds at Sun Apr 29 18:40:11 UTC 2018
3006 ms. Memory: 208384K Free: 185406K (89%)
ptolemy.util.test.WatchDog.cancel(): canceling Sun Apr 29 18:40:14 UTC 2018
auto.tcl: Setting watchdog for 200 seconds at Sun Apr 29 18:40:14 UTC 2018
3004 ms. Memory: 208384K Free: 185406K (89%)
ptolemy.util.test.WatchDog.cancel(): canceling Sun Apr 29 18:40:17 UTC 2018
------------------ testing $PTII/ptolemy/domains/de/test/auto/FSM1.xml
auto.tcl: Setting watchdog for 200 seconds at Sun Apr 29 18:40:17 UTC 2018
27 ms. Memory: 208384K Free: 188931K (91%)
ptolemy.util.test.WatchDog.cancel(): canceling Sun Apr 29 18:40:17 UTC 2018
auto.tcl: Setting watchdog for 200 seconds at Sun Apr 29 18:40:17 UTC 2018
30 ms. Memory: 208384K Free: 184697K (89%)
ptolemy.util.test.WatchDog.cancel(): canceling Sun Apr 29 18:40:17 UTC 2018
------------------ testing $PTII/ptolemy/domains/de/test/auto/FSM7.xml
auto.tcl: Setting watchdog for 200 seconds at Sun Apr 29 18:40:17 UTC 2018
14 ms. Memory: 208384K Free: 187033K (90%)
ptolemy.util.test.WatchDog.cancel(): canceling Sun Apr 29 18:40:17 UTC 2018
auto.tcl: Setting watchdog for 200 seconds at Sun Apr 29 18:40:17 UTC 2018
17 ms. Memory: 208384K Free: 184916K (89%)
ptolemy.util.test.WatchDog.cancel(): canceling Sun Apr 29 18:40:17 UTC 2018
------------------ testing $PTII/ptolemy/domains/de/test/auto/Inspection.xml
auto.tcl: Setting watchdog for 200 seconds at Sun Apr 29 18:40:17 UTC 2018
28 ms. Memory: 208384K Free: 188254K (90%)
ptolemy.util.test.WatchDog.cancel(): canceling Sun Apr 29 18:40:17 UTC 2018
auto.tcl: Setting watchdog for 200 seconds at Sun Apr 29 18:40:17 UTC 2018
53 ms. Memory: 208384K Free: 186137K (89%)
ptolemy.util.test.WatchDog.cancel(): canceling Sun Apr 29 18:40:17 UTC 2018
------------------ testing $PTII/ptolemy/domains/de/test/auto/Iteration.xml
auto.tcl: Setting watchdog for 200 seconds at Sun Apr 29 18:40:17 UTC 2018
8 ms. Memory: 208384K Free: 193948K (93%)
ptolemy.util.test.WatchDog.cancel(): canceling Sun Apr 29 18:40:17 UTC 2018
auto.tcl: Setting watchdog for 200 seconds at Sun Apr 29 18:40:17 UTC 2018
8 ms. Memory: 208384K Free: 193948K (93%)
ptolemy.util.test.WatchDog.cancel(): canceling Sun Apr 29 18:40:17 UTC 2018
------------------ testing $PTII/ptolemy/domains/de/test/auto/LineFault.xml
auto.tcl: Setting watchdog for 200 seconds at Sun Apr 29 18:40:17 UTC 2018
842 ms. Memory: 208384K Free: 196031K (94%)
ptolemy.util.test.WatchDog.cancel(): canceling Sun Apr 29 18:40:18 UTC 2018
auto.tcl: Setting watchdog for 200 seconds at Sun Apr 29 18:40:18 UTC 2018
649 ms. Memory: 208384K Free: 138597K (67%)
ptolemy.util.test.WatchDog.cancel(): canceling Sun Apr 29 18:40:19 UTC 2018
------------------ testing $PTII/ptolemy/domains/de/test/auto/MergeModel1Add.xml
auto.tcl: Setting watchdog for 200 seconds at Sun Apr 29 18:40:19 UTC 2018
29 ms. Memory: 331264K Free: 302506K (91%)
ptolemy.util.test.WatchDog.cancel(): canceling Sun Apr 29 18:40:19 UTC 2018
auto.tcl: Setting watchdog for 200 seconds at Sun Apr 29 18:40:19 UTC 2018
11 ms. Memory: 331264K Free: 298544K (90%)
ptolemy.util.test.WatchDog.cancel(): canceling Sun Apr 29 18:40:19 UTC 2018
------------------ testing $PTII/ptolemy/domains/de/test/auto/MergeModel2Add.xml
auto.tcl: Setting watchdog for 200 seconds at Sun Apr 29 18:40:19 UTC 2018
11 ms. Memory: 331264K Free: 303834K (92%)
ptolemy.util.test.WatchDog.cancel(): canceling Sun Apr 29 18:40:19 UTC 2018
auto.tcl: Setting watchdog for 200 seconds at Sun Apr 29 18:40:19 UTC 2018
14 ms. Memory: 331264K Free: 299887K (91%)
ptolemy.util.test.WatchDog.cancel(): canceling Sun Apr 29 18:40:19 UTC 2018
------------------ testing $PTII/ptolemy/domains/de/test/auto/MergeModel3Add.xml
auto.tcl: Setting watchdog for 200 seconds at Sun Apr 29 18:40:19 UTC 2018
13 ms. Memory: 331264K Free: 303441K (92%)
ptolemy.util.test.WatchDog.cancel(): canceling Sun Apr 29 18:40:20 UTC 2018
auto.tcl: Setting watchdog for 200 seconds at Sun Apr 29 18:40:20 UTC 2018
14 ms. Memory: 331264K Free: 299479K (90%)
ptolemy.util.test.WatchDog.cancel(): canceling Sun Apr 29 18:40:20 UTC 2018
------------------ testing $PTII/ptolemy/domains/de/test/auto/MergeWithoutDiscard.xml
auto.tcl: Setting watchdog for 200 seconds at Sun Apr 29 18:40:20 UTC 2018
5 ms. Memory: 331264K Free: 315270K (95%)
ptolemy.util.test.WatchDog.cancel(): canceling Sun Apr 29 18:40:20 UTC 2018
auto.tcl: Setting watchdog for 200 seconds at Sun Apr 29 18:40:20 UTC 2018
2 ms. Memory: 331264K Free: 315270K (95%)
ptolemy.util.test.WatchDog.cancel(): canceling Sun Apr 29 18:40:20 UTC 2018
------------------ testing $PTII/ptolemy/domains/de/test/auto/Modal1.xml
auto.tcl: Setting watchdog for 200 seconds at Sun Apr 29 18:40:20 UTC 2018
21 ms. Memory: 331264K Free: 309171K (93%)
ptolemy.util.test.WatchDog.cancel(): canceling Sun Apr 29 18:40:20 UTC 2018
auto.tcl: Setting watchdog for 200 seconds at Sun Apr 29 18:40:20 UTC 2018
26 ms. Memory: 331264K Free: 305224K (92%)
ptolemy.util.test.WatchDog.cancel(): canceling Sun Apr 29 18:40:20 UTC 2018
------------------ testing $PTII/ptolemy/domains/de/test/auto/Modal2.xml
auto.tcl: Setting watchdog for 200 seconds at Sun Apr 29 18:40:20 UTC 2018
23 ms. Memory: 331264K Free: 304153K (92%)
ptolemy.util.test.WatchDog.cancel(): canceling Sun Apr 29 18:40:20 UTC 2018
auto.tcl: Setting watchdog for 200 seconds at Sun Apr 29 18:40:20 UTC 2018
21 ms. Memory: 331264K Free: 300206K (91%)
ptolemy.util.test.WatchDog.cancel(): canceling Sun Apr 29 18:40:20 UTC 2018
------------------ testing $PTII/ptolemy/domains/de/test/auto/Modal3.xml
auto.tcl: Setting watchdog for 200 seconds at Sun Apr 29 18:40:20 UTC 2018
15 ms. Memory: 331264K Free: 309320K (93%)
ptolemy.util.test.WatchDog.cancel(): canceling Sun Apr 29 18:40:20 UTC 2018
auto.tcl: Setting watchdog for 200 seconds at Sun Apr 29 18:40:20 UTC 2018
18 ms. Memory: 331264K Free: 305072K (92%)
ptolemy.util.test.WatchDog.cancel(): canceling Sun Apr 29 18:40:20 UTC 2018
------------------ testing $PTII/ptolemy/domains/de/test/auto/Modal4.xml
auto.tcl: Setting watchdog for 200 seconds at Sun Apr 29 18:40:20 UTC 2018
14 ms. Memory: 331264K Free: 308839K (93%)
ptolemy.util.test.WatchDog.cancel(): canceling Sun Apr 29 18:40:20 UTC 2018
auto.tcl: Setting watchdog for 200 seconds at Sun Apr 29 18:40:20 UTC 2018
15 ms. Memory: 331264K Free: 304876K (92%)
ptolemy.util.test.WatchDog.cancel(): canceling Sun Apr 29 18:40:20 UTC 2018
------------------ testing $PTII/ptolemy/domains/de/test/auto/Modal5.xml
auto.tcl: Setting watchdog for 200 seconds at Sun Apr 29 18:40:20 UTC 2018
21 ms. Memory: 331264K Free: 308841K (93%)
ptolemy.util.test.WatchDog.cancel(): canceling Sun Apr 29 18:40:20 UTC 2018
auto.tcl: Setting watchdog for 200 seconds at Sun Apr 29 18:40:20 UTC 2018
18 ms. Memory: 331264K Free: 304895K (92%)
ptolemy.util.test.WatchDog.cancel(): canceling Sun Apr 29 18:40:20 UTC 2018
------------------ testing $PTII/ptolemy/domains/de/test/auto/Modal6.xml
auto.tcl: Setting watchdog for 200 seconds at Sun Apr 29 18:40:20 UTC 2018
16 ms. Memory: 331264K Free: 308823K (93%)
ptolemy.util.test.WatchDog.cancel(): canceling Sun Apr 29 18:40:20 UTC 2018
auto.tcl: Setting watchdog for 200 seconds at Sun Apr 29 18:40:20 UTC 2018
19 ms. Memory: 331264K Free: 304876K (92%)
ptolemy.util.test.WatchDog.cancel(): canceling Sun Apr 29 18:40:20 UTC 2018
------------------ testing $PTII/ptolemy/domains/de/test/auto/Modal7.xml
auto.tcl: Setting watchdog for 200 seconds at Sun Apr 29 18:40:20 UTC 2018
17 ms. Memory: 331264K Free: 308823K (93%)
ptolemy.util.test.WatchDog.cancel(): canceling Sun Apr 29 18:40:21 UTC 2018
auto.tcl: Setting watchdog for 200 seconds at Sun Apr 29 18:40:21 UTC 2018
14 ms. Memory: 331264K Free: 304876K (92%)
ptolemy.util.test.WatchDog.cancel(): canceling Sun Apr 29 18:40:21 UTC 2018
------------------ testing $PTII/ptolemy/domains/de/test/auto/ModalModel.xml
auto.tcl: Setting watchdog for 200 seconds at Sun Apr 29 18:40:21 UTC 2018
257 ms. Memory: 331264K Free: 245053K (74%)
ptolemy.util.test.WatchDog.cancel(): canceling Sun Apr 29 18:40:21 UTC 2018
auto.tcl: Setting watchdog for 200 seconds at Sun Apr 29 18:40:21 UTC 2018
235 ms. Memory: 331264K Free: 189673K (57%)
ptolemy.util.test.WatchDog.cancel(): canceling Sun Apr 29 18:40:21 UTC 2018
------------------ testing $PTII/ptolemy/domains/de/test/auto/ModalSource.xml
auto.tcl: Setting watchdog for 200 seconds at Sun Apr 29 18:40:21 UTC 2018
10 ms. Memory: 331264K Free: 315795K (95%)
ptolemy.util.test.WatchDog.cancel(): canceling Sun Apr 29 18:40:21 UTC 2018
auto.tcl: Setting watchdog for 200 seconds at Sun Apr 29 18:40:21 UTC 2018
8 ms. Memory: 331264K Free: 312282K (94%)
ptolemy.util.test.WatchDog.cancel(): canceling Sun Apr 29 18:40:21 UTC 2018
------------------ testing $PTII/ptolemy/domains/de/test/auto/NonInterruptibleTimerZeroDelay.xml
auto.tcl: Setting watchdog for 200 seconds at Sun Apr 29 18:40:21 UTC 2018
4 ms. Memory: 331264K Free: 319977K (97%)
ptolemy.util.test.WatchDog.cancel(): canceling Sun Apr 29 18:40:21 UTC 2018
auto.tcl: Setting watchdog for 200 seconds at Sun Apr 29 18:40:21 UTC 2018
2 ms. Memory: 331264K Free: 316447K (96%)
ptolemy.util.test.WatchDog.cancel(): canceling Sun Apr 29 18:40:21 UTC 2018
------------------ testing $PTII/ptolemy/domains/de/test/auto/OpenQueueingNetwork.xml
auto.tcl: Setting watchdog for 200 seconds at Sun Apr 29 18:40:21 UTC 2018
3344 ms. Memory: 307712K Free: 142500K (46%)
ptolemy.util.test.WatchDog.cancel(): canceling Sun Apr 29 18:40:25 UTC 2018
auto.tcl: Setting watchdog for 200 seconds at Sun Apr 29 18:40:25 UTC 2018
2762 ms. Memory: 278528K Free: 199050K (71%)
ptolemy.util.test.WatchDog.cancel(): canceling Sun Apr 29 18:40:28 UTC 2018
------------------ testing $PTII/ptolemy/domains/de/test/auto/OpenQueuingNetwork.xml
auto.tcl: Setting watchdog for 200 seconds at Sun Apr 29 18:40:28 UTC 2018
305 ms. Memory: 278528K Free: 178266K (64%)
ptolemy.util.test.WatchDog.cancel(): canceling Sun Apr 29 18:40:28 UTC 2018
auto.tcl: Setting watchdog for 200 seconds at Sun Apr 29 18:40:28 UTC 2018
271 ms. Memory: 278528K Free: 117995K (42%)
ptolemy.util.test.WatchDog.cancel(): canceling Sun Apr 29 18:40:28 UTC 2018
------------------ testing $PTII/ptolemy/domains/de/test/auto/PeriodicSampler.xml
auto.tcl: Setting watchdog for 200 seconds at Sun Apr 29 18:40:28 UTC 2018
3 ms. Memory: 281088K Free: 265616K (94%)
ptolemy.util.test.WatchDog.cancel(): canceling Sun Apr 29 18:40:28 UTC 2018
auto.tcl: Setting watchdog for 200 seconds at Sun Apr 29 18:40:28 UTC 2018
3 ms. Memory: 281088K Free: 265616K (94%)
ptolemy.util.test.WatchDog.cancel(): canceling Sun Apr 29 18:40:28 UTC 2018
------------------ testing $PTII/ptolemy/domains/de/test/auto/PersistentIO.xml
auto.tcl: Setting watchdog for 200 seconds at Sun Apr 29 18:40:29 UTC 2018
6 ms. Memory: 278528K Free: 258249K (93%)
ptolemy.util.test.WatchDog.cancel(): canceling Sun Apr 29 18:40:29 UTC 2018
auto.tcl: Setting watchdog for 200 seconds at Sun Apr 29 18:40:29 UTC 2018
4 ms. Memory: 278528K Free: 258249K (93%)
ptolemy.util.test.WatchDog.cancel(): canceling Sun Apr 29 18:40:29 UTC 2018
------------------ testing $PTII/ptolemy/domains/de/test/auto/PortParameterResetOnInitialize.xml
auto.tcl: Setting watchdog for 200 seconds at Sun Apr 29 18:40:29 UTC 2018
10 ms. Memory: 280576K Free: 265662K (95%)
ptolemy.util.test.WatchDog.cancel(): canceling Sun Apr 29 18:40:29 UTC 2018
auto.tcl: Setting watchdog for 200 seconds at Sun Apr 29 18:40:29 UTC 2018
2 ms. Memory: 280576K Free: 265662K (95%)
ptolemy.util.test.WatchDog.cancel(): canceling Sun Apr 29 18:40:29 UTC 2018
------------------ testing $PTII/ptolemy/domains/de/test/auto/PortParameterUpdates.xml
auto.tcl: Setting watchdog for 200 seconds at Sun Apr 29 18:40:29 UTC 2018
4 ms. Memory: 278528K Free: 263666K (95%)
ptolemy.util.test.WatchDog.cancel(): canceling Sun Apr 29 18:40:29 UTC 2018
auto.tcl: Setting watchdog for 200 seconds at Sun Apr 29 18:40:29 UTC 2018
4 ms. Memory: 278528K Free: 260923K (94%)
ptolemy.util.test.WatchDog.cancel(): canceling Sun Apr 29 18:40:29 UTC 2018
------------------ testing $PTII/ptolemy/domains/de/test/auto/QueueAndServer.xml
auto.tcl: Setting watchdog for 200 seconds at Sun Apr 29 18:40:29 UTC 2018
9 ms. Memory: 280576K Free: 262918K (94%)
ptolemy.util.test.WatchDog.cancel(): canceling Sun Apr 29 18:40:29 UTC 2018
auto.tcl: Setting watchdog for 200 seconds at Sun Apr 29 18:40:29 UTC 2018
7 ms. Memory: 280576K Free: 262918K (94%)
ptolemy.util.test.WatchDog.cancel(): canceling Sun Apr 29 18:40:29 UTC 2018
------------------ testing $PTII/ptolemy/domains/de/test/auto/Records.xml
auto.tcl: Setting watchdog for 200 seconds at Sun Apr 29 18:40:29 UTC 2018
3 ms. Memory: 278528K Free: 265527K (95%)
ptolemy.util.test.WatchDog.cancel(): canceling Sun Apr 29 18:40:29 UTC 2018
auto.tcl: Setting watchdog for 200 seconds at Sun Apr 29 18:40:29 UTC 2018
2 ms. Memory: 278528K Free: 265527K (95%)
ptolemy.util.test.WatchDog.cancel(): canceling Sun Apr 29 18:40:29 UTC 2018
------------------ testing $PTII/ptolemy/domains/de/test/auto/ResetTransitionWithStartTime1.xml
auto.tcl: Setting watchdog for 200 seconds at Sun Apr 29 18:40:29 UTC 2018
13 ms. Memory: 280064K Free: 262468K (94%)
ptolemy.util.test.WatchDog.cancel(): canceling Sun Apr 29 18:40:29 UTC 2018
auto.tcl: Setting watchdog for 200 seconds at Sun Apr 29 18:40:29 UTC 2018
5 ms. Memory: 280064K Free: 259612K (93%)
ptolemy.util.test.WatchDog.cancel(): canceling Sun Apr 29 18:40:29 UTC 2018
------------------ testing $PTII/ptolemy/domains/de/test/auto/ResetTransitionWithStartTime2.xml
auto.tcl: Setting watchdog for 200 seconds at Sun Apr 29 18:40:29 UTC 2018
7 ms. Memory: 278528K Free: 260908K (94%)
ptolemy.util.test.WatchDog.cancel(): canceling Sun Apr 29 18:40:29 UTC 2018
auto.tcl: Setting watchdog for 200 seconds at Sun Apr 29 18:40:29 UTC 2018
8 ms. Memory: 278528K Free: 258156K (93%)
ptolemy.util.test.WatchDog.cancel(): canceling Sun Apr 29 18:40:29 UTC 2018
------------------ testing $PTII/ptolemy/domains/de/test/auto/ResetTransitionWithStartTime3.xml
auto.tcl: Setting watchdog for 200 seconds at Sun Apr 29 18:40:29 UTC 2018
6 ms. Memory: 280064K Free: 262361K (94%)
ptolemy.util.test.WatchDog.cancel(): canceling Sun Apr 29 18:40:29 UTC 2018
auto.tcl: Setting watchdog for 200 seconds at Sun Apr 29 18:40:29 UTC 2018
6 ms. Memory: 280064K Free: 259617K (93%)
ptolemy.util.test.WatchDog.cancel(): canceling Sun Apr 29 18:40:29 UTC 2018
------------------ testing $PTII/ptolemy/domains/de/test/auto/ResetTransitionWithStartTime4.xml
auto.tcl: Setting watchdog for 200 seconds at Sun Apr 29 18:40:29 UTC 2018
5 ms. Memory: 278528K Free: 262900K (94%)
ptolemy.util.test.WatchDog.cancel(): canceling Sun Apr 29 18:40:29 UTC 2018
auto.tcl: Setting watchdog for 200 seconds at Sun Apr 29 18:40:29 UTC 2018
5 ms. Memory: 278528K Free: 262900K (94%)
ptolemy.util.test.WatchDog.cancel(): canceling Sun Apr 29 18:40:29 UTC 2018
------------------ testing $PTII/ptolemy/domains/de/test/auto/ResettableTimer1.xml
auto.tcl: Setting watchdog for 200 seconds at Sun Apr 29 18:40:29 UTC 2018
3 ms. Memory: 280064K Free: 265115K (95%)
ptolemy.util.test.WatchDog.cancel(): canceling Sun Apr 29 18:40:29 UTC 2018
auto.tcl: Setting watchdog for 200 seconds at Sun Apr 29 18:40:29 UTC 2018
2 ms. Memory: 280064K Free: 265115K (95%)
ptolemy.util.test.WatchDog.cancel(): canceling Sun Apr 29 18:40:29 UTC 2018
------------------ testing $PTII/ptolemy/domains/de/test/auto/ResettableTimer2.xml
auto.tcl: Setting watchdog for 200 seconds at Sun Apr 29 18:40:29 UTC 2018
2 ms. Memory: 278528K Free: 265690K (95%)
ptolemy.util.test.WatchDog.cancel(): canceling Sun Apr 29 18:40:29 UTC 2018
auto.tcl: Setting watchdog for 200 seconds at Sun Apr 29 18:40:29 UTC 2018
2 ms. Memory: 278528K Free: 265690K (95%)
ptolemy.util.test.WatchDog.cancel(): canceling Sun Apr 29 18:40:29 UTC 2018
------------------ testing $PTII/ptolemy/domains/de/test/auto/ResettableTimer3.xml
auto.tcl: Setting watchdog for 200 seconds at Sun Apr 29 18:40:29 UTC 2018
1 ms. Memory: 279552K Free: 264645K (95%)
ptolemy.util.test.WatchDog.cancel(): canceling Sun Apr 29 18:40:29 UTC 2018
auto.tcl: Setting watchdog for 200 seconds at Sun Apr 29 18:40:29 UTC 2018
2 ms. Memory: 279552K Free: 264645K (95%)
ptolemy.util.test.WatchDog.cancel(): canceling Sun Apr 29 18:40:29 UTC 2018
------------------ testing $PTII/ptolemy/domains/de/test/auto/ResettableTimer4.xml
auto.tcl: Setting watchdog for 200 seconds at Sun Apr 29 18:40:29 UTC 2018
1 ms. Memory: 278528K Free: 265614K (95%)
ptolemy.util.test.WatchDog.cancel(): canceling Sun Apr 29 18:40:29 UTC 2018
auto.tcl: Setting watchdog for 200 seconds at Sun Apr 29 18:40:29 UTC 2018
1 ms. Memory: 278528K Free: 265614K (95%)
ptolemy.util.test.WatchDog.cancel(): canceling Sun Apr 29 18:40:29 UTC 2018
------------------ testing $PTII/ptolemy/domains/de/test/auto/ResettableTimer5.xml
auto.tcl: Setting watchdog for 200 seconds at Sun Apr 29 18:40:29 UTC 2018
1 ms. Memory: 279552K Free: 266724K (95%)
ptolemy.util.test.WatchDog.cancel(): canceling Sun Apr 29 18:40:29 UTC 2018
auto.tcl: Setting watchdog for 200 seconds at Sun Apr 29 18:40:29 UTC 2018
2 ms. Memory: 279552K Free: 266724K (95%)
ptolemy.util.test.WatchDog.cancel(): canceling Sun Apr 29 18:40:29 UTC 2018
------------------ testing $PTII/ptolemy/domains/de/test/auto/ResettableTimer6.xml
auto.tcl: Setting watchdog for 200 seconds at Sun Apr 29 18:40:30 UTC 2018
2 ms. Memory: 278528K Free: 263581K (95%)
ptolemy.util.test.WatchDog.cancel(): canceling Sun Apr 29 18:40:30 UTC 2018
auto.tcl: Setting watchdog for 200 seconds at Sun Apr 29 18:40:30 UTC 2018
1 ms. Memory: 278528K Free: 263581K (95%)
ptolemy.util.test.WatchDog.cancel(): canceling Sun Apr 29 18:40:30 UTC 2018
------------------ testing $PTII/ptolemy/domains/de/test/auto/ServerZeroDelay.xml
auto.tcl: Setting watchdog for 200 seconds at Sun Apr 29 18:40:30 UTC 2018
3 ms. Memory: 279552K Free: 266665K (95%)
ptolemy.util.test.WatchDog.cancel(): canceling Sun Apr 29 18:40:30 UTC 2018
auto.tcl: Setting watchdog for 200 seconds at Sun Apr 29 18:40:30 UTC 2018
3 ms. Memory: 279552K Free: 266665K (95%)
ptolemy.util.test.WatchDog.cancel(): canceling Sun Apr 29 18:40:30 UTC 2018
------------------ testing $PTII/ptolemy/domains/de/test/auto/SmartSender.xml
auto.tcl: Setting watchdog for 200 seconds at Sun Apr 29 18:40:30 UTC 2018
3001 ms. Memory: 278528K Free: 263665K (95%)
ptolemy.util.test.WatchDog.cancel(): canceling Sun Apr 29 18:40:33 UTC 2018
auto.tcl: Setting watchdog for 200 seconds at Sun Apr 29 18:40:33 UTC 2018
3001 ms. Memory: 278528K Free: 263665K (95%)
ptolemy.util.test.WatchDog.cancel(): canceling Sun Apr 29 18:40:36 UTC 2018
------------------ testing $PTII/ptolemy/domains/de/test/auto/ThreadedComposite.xml
auto.tcl: Setting watchdog for 200 seconds at Sun Apr 29 18:40:36 UTC 2018
241 ms. Memory: 279552K Free: 244546K (87%)
ptolemy.util.test.WatchDog.cancel(): canceling Sun Apr 29 18:40:36 UTC 2018
auto.tcl: Setting watchdog for 200 seconds at Sun Apr 29 18:40:36 UTC 2018
237 ms. Memory: 279552K Free: 227231K (81%)
ptolemy.util.test.WatchDog.cancel(): canceling Sun Apr 29 18:40:36 UTC 2018
------------------ testing $PTII/ptolemy/domains/de/test/auto/Time.xml
auto.tcl: Setting watchdog for 200 seconds at Sun Apr 29 18:40:36 UTC 2018
586 ms. Memory: 278528K Free: 210069K (75%)
ptolemy.util.test.WatchDog.cancel(): canceling Sun Apr 29 18:40:37 UTC 2018
auto.tcl: Setting watchdog for 200 seconds at Sun Apr 29 18:40:37 UTC 2018
560 ms. Memory: 278528K Free: 155191K (56%)
ptolemy.util.test.WatchDog.cancel(): canceling Sun Apr 29 18:40:37 UTC 2018
------------------ testing $PTII/ptolemy/domains/de/test/auto/TimeDelayZeroDelay.xml
auto.tcl: Setting watchdog for 200 seconds at Sun Apr 29 18:40:37 UTC 2018
2 ms. Memory: 279040K Free: 266581K (96%)
ptolemy.util.test.WatchDog.cancel(): canceling Sun Apr 29 18:40:38 UTC 2018
auto.tcl: Setting watchdog for 200 seconds at Sun Apr 29 18:40:38 UTC 2018
3 ms. Memory: 279040K Free: 266581K (96%)
ptolemy.util.test.WatchDog.cancel(): canceling Sun Apr 29 18:40:38 UTC 2018
------------------ testing $PTII/ptolemy/domains/de/test/auto/TimerZeroDelay.xml
auto.tcl: Setting watchdog for 200 seconds at Sun Apr 29 18:40:38 UTC 2018
2 ms. Memory: 278528K Free: 266184K (96%)
ptolemy.util.test.WatchDog.cancel(): canceling Sun Apr 29 18:40:38 UTC 2018
auto.tcl: Setting watchdog for 200 seconds at Sun Apr 29 18:40:38 UTC 2018
3 ms. Memory: 278528K Free: 266184K (96%)
ptolemy.util.test.WatchDog.cancel(): canceling Sun Apr 29 18:40:38 UTC 2018
------------------ testing $PTII/ptolemy/domains/de/test/auto/TimingParadox.xml
auto.tcl: Setting watchdog for 200 seconds at Sun Apr 29 18:40:38 UTC 2018
354 ms. Memory: 279040K Free: 201018K (72%)
ptolemy.util.test.WatchDog.cancel(): canceling Sun Apr 29 18:40:38 UTC 2018
auto.tcl: Setting watchdog for 200 seconds at Sun Apr 29 18:40:38 UTC 2018
342 ms. Memory: 279040K Free: 166587K (60%)
ptolemy.util.test.WatchDog.cancel(): canceling Sun Apr 29 18:40:38 UTC 2018
------------------ testing $PTII/ptolemy/domains/de/test/auto/TransferInputs.xml
auto.tcl: Setting watchdog for 200 seconds at Sun Apr 29 18:40:39 UTC 2018
2 ms. Memory: 279040K Free: 265544K (95%)
ptolemy.util.test.WatchDog.cancel(): canceling Sun Apr 29 18:40:39 UTC 2018
auto.tcl: Setting watchdog for 200 seconds at Sun Apr 29 18:40:39 UTC 2018
1 ms. Memory: 279040K Free: 265544K (95%)
ptolemy.util.test.WatchDog.cancel(): canceling Sun Apr 29 18:40:39 UTC 2018
------------------ testing $PTII/ptolemy/domains/de/test/auto/TransferOutputs2.xml
auto.tcl: Setting watchdog for 200 seconds at Sun Apr 29 18:40:39 UTC 2018
7 ms. Memory: 278528K Free: 261659K (94%)
ptolemy.util.test.WatchDog.cancel(): canceling Sun Apr 29 18:40:39 UTC 2018
auto.tcl: Setting watchdog for 200 seconds at Sun Apr 29 18:40:39 UTC 2018
3 ms. Memory: 278528K Free: 259155K (93%)
ptolemy.util.test.WatchDog.cancel(): canceling Sun Apr 29 18:40:39 UTC 2018
------------------ testing $PTII/ptolemy/domains/de/test/auto/Trilateration.xml
auto.tcl: Setting watchdog for 200 seconds at Sun Apr 29 18:40:39 UTC 2018
14369 ms. Memory: 521728K Free: 67769K (13%)
ptolemy.util.test.WatchDog.cancel(): canceling Sun Apr 29 18:40:54 UTC 2018
auto.tcl: Setting watchdog for 200 seconds at Sun Apr 29 18:40:54 UTC 2018
10675 ms. Memory: 385024K Free: 325451K (85%)
ptolemy.util.test.WatchDog.cancel(): canceling Sun Apr 29 18:41:05 UTC 2018
------------------ testing $PTII/ptolemy/domains/de/test/auto/TwoSigmaDelta.xml
auto.tcl: Setting watchdog for 200 seconds at Sun Apr 29 18:41:05 UTC 2018
2913 ms. Memory: 381952K Free: 76506K (20%)
ptolemy.util.test.WatchDog.cancel(): canceling Sun Apr 29 18:41:08 UTC 2018
auto.tcl: Setting watchdog for 200 seconds at Sun Apr 29 18:41:08 UTC 2018
2418 ms. Memory: 371200K Free: 132044K (36%)
ptolemy.util.test.WatchDog.cancel(): canceling Sun Apr 29 18:41:11 UTC 2018
------------------ testing $PTII/ptolemy/domains/de/test/auto/VariableDelay.xml
auto.tcl: Setting watchdog for 200 seconds at Sun Apr 29 18:41:11 UTC 2018
2 ms. Memory: 368640K Free: 352397K (96%)
ptolemy.util.test.WatchDog.cancel(): canceling Sun Apr 29 18:41:11 UTC 2018
auto.tcl: Setting watchdog for 200 seconds at Sun Apr 29 18:41:11 UTC 2018
2 ms. Memory: 368640K Free: 352397K (96%)
ptolemy.util.test.WatchDog.cancel(): canceling Sun Apr 29 18:41:11 UTC 2018
------------------ testing $PTII/ptolemy/domains/de/test/auto/VariableDelay2.xml
auto.tcl: Setting watchdog for 200 seconds at Sun Apr 29 18:41:11 UTC 2018
2 ms. Memory: 370688K Free: 357727K (97%)
ptolemy.util.test.WatchDog.cancel(): canceling Sun Apr 29 18:41:11 UTC 2018
auto.tcl: Setting watchdog for 200 seconds at Sun Apr 29 18:41:11 UTC 2018
2 ms. Memory: 370688K Free: 357727K (97%)
ptolemy.util.test.WatchDog.cancel(): canceling Sun Apr 29 18:41:11 UTC 2018
------------------ testing $PTII/ptolemy/domains/de/test/auto/VariableDelayZeroDelay.xml
auto.tcl: Setting watchdog for 200 seconds at Sun Apr 29 18:41:11 UTC 2018
2 ms. Memory: 368640K Free: 352805K (96%)
ptolemy.util.test.WatchDog.cancel(): canceling Sun Apr 29 18:41:11 UTC 2018
auto.tcl: Setting watchdog for 200 seconds at Sun Apr 29 18:41:11 UTC 2018
1 ms. Memory: 368640K Free: 352805K (96%)
ptolemy.util.test.WatchDog.cancel(): canceling Sun Apr 29 18:41:11 UTC 2018
------------------ testing $PTII/ptolemy/domains/de/test/auto/VariableDelayZeroDelay2.xml
auto.tcl: Setting watchdog for 200 seconds at Sun Apr 29 18:41:11 UTC 2018
2 ms. Memory: 370688K Free: 354851K (96%)
ptolemy.util.test.WatchDog.cancel(): canceling Sun Apr 29 18:41:11 UTC 2018
auto.tcl: Setting watchdog for 200 seconds at Sun Apr 29 18:41:11 UTC 2018
2 ms. Memory: 370688K Free: 354851K (96%)
ptolemy.util.test.WatchDog.cancel(): canceling Sun Apr 29 18:41:11 UTC 2018
------------------ testing $PTII/ptolemy/domains/de/test/auto/deInCt.xml
auto.tcl: Setting watchdog for 200 seconds at Sun Apr 29 18:41:11 UTC 2018
0
1
1
1
0
0
0
0
1
1
1
0
0
0
1
1
1
1
1
1
1
1
0
0
0
0
1
1
1
0
0
0
0
10 ms. Memory: 368640K Free: 352796K (96%)
ptolemy.util.test.WatchDog.cancel(): canceling Sun Apr 29 18:41:11 UTC 2018
auto.tcl: Setting watchdog for 200 seconds at Sun Apr 29 18:41:11 UTC 2018
0
1
1
1
0
0
0
0
1
1
1
0
0
0
1
1
1
0
0
1
1
0
0
0
1
1
1
1
1
1
0
0
0
1
1
1
0
0
0
1
1
1
1
10 ms. Memory: 368640K Free: 348300K (94%)
ptolemy.util.test.WatchDog.cancel(): canceling Sun Apr 29 18:41:11 UTC 2018
------------------ testing $PTII/ptolemy/domains/de/test/auto/deInCt2.xml
auto.tcl: Setting watchdog for 200 seconds at Sun Apr 29 18:41:11 UTC 2018
0
1
1
1
0
0
1
1
1
0
0
1
1
1
0
0
1
1
1
0
0
1
1
1
0
0
1
1
1
0
0
1
1
1
0
0
1
1
1
0
0
0
13 ms. Memory: 370176K Free: 354332K (96%)
ptolemy.util.test.WatchDog.cancel(): canceling Sun Apr 29 18:41:11 UTC 2018
auto.tcl: Setting watchdog for 200 seconds at Sun Apr 29 18:41:11 UTC 2018
0
1
1
1
0
0
1
1
1
0
0
1
1
1
0
0
1
1
1
0
0
1
1
1
0
0
1
1
1
0
0
1
1
1
0
0
1
1
1
0
0
0
10 ms. Memory: 370176K Free: 349836K (95%)
ptolemy.util.test.WatchDog.cancel(): canceling Sun Apr 29 18:41:11 UTC 2018
------------------ testing $PTII/ptolemy/domains/de/test/auto/dynamicCausalityInterface1.xml
auto.tcl: Setting watchdog for 200 seconds at Sun Apr 29 18:41:11 UTC 2018
1 ms. Memory: 368640K Free: 346661K (94%)
ptolemy.util.test.WatchDog.cancel(): canceling Sun Apr 29 18:41:11 UTC 2018
auto.tcl: Setting watchdog for 200 seconds at Sun Apr 29 18:41:11 UTC 2018
1 ms. Memory: 368640K Free: 346661K (94%)
ptolemy.util.test.WatchDog.cancel(): canceling Sun Apr 29 18:41:11 UTC 2018
------------------ testing $PTII/ptolemy/domains/de/test/auto/fsm_de_test.xml
auto.tcl: Setting watchdog for 200 seconds at Sun Apr 29 18:41:11 UTC 2018
6 ms. Memory: 370176K Free: 349715K (94%)
ptolemy.util.test.WatchDog.cancel(): canceling Sun Apr 29 18:41:11 UTC 2018
auto.tcl: Setting watchdog for 200 seconds at Sun Apr 29 18:41:11 UTC 2018
5 ms. Memory: 370176K Free: 345219K (93%)
ptolemy.util.test.WatchDog.cancel(): canceling Sun Apr 29 18:41:11 UTC 2018
------------------ testing $PTII/ptolemy/domains/de/test/auto/functionDependencyReconstruction.xml
auto.tcl: Setting watchdog for 200 seconds at Sun Apr 29 18:41:11 UTC 2018
9 ms. Memory: 368640K Free: 339186K (92%)
ptolemy.util.test.WatchDog.cancel(): canceling Sun Apr 29 18:41:11 UTC 2018
auto.tcl: Setting watchdog for 200 seconds at Sun Apr 29 18:41:11 UTC 2018
3 ms. Memory: 368640K Free: 339186K (92%)
ptolemy.util.test.WatchDog.cancel(): canceling Sun Apr 29 18:41:11 UTC 2018
------------------ testing $PTII/ptolemy/domains/de/test/auto/multirate.xml
auto.tcl: Setting watchdog for 200 seconds at Sun Apr 29 18:41:11 UTC 2018
4 ms. Memory: 369664K Free: 349070K (94%)
ptolemy.util.test.WatchDog.cancel(): canceling Sun Apr 29 18:41:11 UTC 2018
auto.tcl: Setting watchdog for 200 seconds at Sun Apr 29 18:41:11 UTC 2018
3 ms. Memory: 369664K Free: 349066K (94%)
ptolemy.util.test.WatchDog.cancel(): canceling Sun Apr 29 18:41:11 UTC 2018
------------------ testing $PTII/ptolemy/domains/de/test/auto/multirate2.xml
auto.tcl: Setting watchdog for 200 seconds at Sun Apr 29 18:41:11 UTC 2018
2 ms. Memory: 368640K Free: 348235K (94%)
ptolemy.util.test.WatchDog.cancel(): canceling Sun Apr 29 18:41:12 UTC 2018
auto.tcl: Setting watchdog for 200 seconds at Sun Apr 29 18:41:12 UTC 2018
4 ms. Memory: 368640K Free: 348235K (94%)
ptolemy.util.test.WatchDog.cancel(): canceling Sun Apr 29 18:41:12 UTC 2018
------------------ testing $PTII/ptolemy/domains/de/test/auto/realtime.xml
auto.tcl: Setting watchdog for 200 seconds at Sun Apr 29 18:41:12 UTC 2018
10002 ms. Memory: 369664K Free: 353764K (96%)
ptolemy.util.test.WatchDog.cancel(): canceling Sun Apr 29 18:41:22 UTC 2018
auto.tcl: Setting watchdog for 200 seconds at Sun Apr 29 18:41:22 UTC 2018
10002 ms. Memory: 369664K Free: 349268K (94%)
ptolemy.util.test.WatchDog.cancel(): canceling Sun Apr 29 18:41:32 UTC 2018
------------------ testing $PTII/ptolemy/domains/de/test/auto/relationGroup.xml
auto.tcl: Setting watchdog for 200 seconds at Sun Apr 29 18:41:32 UTC 2018
1 ms. Memory: 368640K Free: 355643K (96%)
ptolemy.util.test.WatchDog.cancel(): canceling Sun Apr 29 18:41:32 UTC 2018
auto.tcl: Setting watchdog for 200 seconds at Sun Apr 29 18:41:32 UTC 2018
1 ms. Memory: 368640K Free: 355643K (96%)
ptolemy.util.test.WatchDog.cancel(): canceling Sun Apr 29 18:41:32 UTC 2018
------------------ testing $PTII/ptolemy/domains/de/test/auto/relationGroup2.xml
auto.tcl: Setting watchdog for 200 seconds at Sun Apr 29 18:41:32 UTC 2018
1 ms. Memory: 369664K Free: 353822K (96%)
ptolemy.util.test.WatchDog.cancel(): canceling Sun Apr 29 18:41:32 UTC 2018
auto.tcl: Setting watchdog for 200 seconds at Sun Apr 29 18:41:32 UTC 2018
1 ms. Memory: 369664K Free: 353822K (96%)
ptolemy.util.test.WatchDog.cancel(): canceling Sun Apr 29 18:41:32 UTC 2018
------------------ testing $PTII/ptolemy/domains/de/test/auto/sortWithOpaquePorts.xml
auto.tcl: Setting watchdog for 200 seconds at Sun Apr 29 18:41:32 UTC 2018
1 ms. Memory: 368640K Free: 352798K (96%)
ptolemy.util.test.WatchDog.cancel(): canceling Sun Apr 29 18:41:32 UTC 2018
auto.tcl: Setting watchdog for 200 seconds at Sun Apr 29 18:41:32 UTC 2018
1 ms. Memory: 368640K Free: 348294K (94%)
ptolemy.util.test.WatchDog.cancel(): canceling Sun Apr 29 18:41:32 UTC 2018
------------------ testing $PTII/ptolemy/domains/de/test/auto/transferInputsandOutputs.xml
auto.tcl: Setting watchdog for 200 seconds at Sun Apr 29 18:41:32 UTC 2018
1 ms. Memory: 369152K Free: 348786K (94%)
ptolemy.util.test.WatchDog.cancel(): canceling Sun Apr 29 18:41:32 UTC 2018
auto.tcl: Setting watchdog for 200 seconds at Sun Apr 29 18:41:32 UTC 2018
2 ms. Memory: 369152K Free: 348786K (94%)
ptolemy.util.test.WatchDog.cancel(): canceling Sun Apr 29 18:41:32 UTC 2018
------------------ testing $PTII/ptolemy/domains/de/test/auto/triggerType.xml
auto.tcl: Setting watchdog for 200 seconds at Sun Apr 29 18:41:32 UTC 2018
2 ms. Memory: 368640K Free: 352736K (96%)
ptolemy.util.test.WatchDog.cancel(): canceling Sun Apr 29 18:41:32 UTC 2018
auto.tcl: Setting watchdog for 200 seconds at Sun Apr 29 18:41:32 UTC 2018
1 ms. Memory: 368640K Free: 352736K (96%)
ptolemy.util.test.WatchDog.cancel(): canceling Sun Apr 29 18:41:32 UTC 2018
04/29/18 06:41:32
Failed: 0  Total Tests: 192  ((Passed: 187, Newly Passed: 1)  Known Failed: 5) /home/travis/build/icyphy/ptII/ptolemy/domains/de/test
04/29/18 06:41:32
Failed: 0  Total Tests: 192  ((Passed: 187, Newly Passed: 1)  Known Failed: 5) /home/travis/build/icyphy/ptII/ptolemy/domains/de/test
----------------- testing (KnownFailure) /home/travis/build/icyphy/ptII/ptolemy/domains/de/test/auto/knownFailedTests/DESDFClockTest.xml
2018 ms. Memory: 369152K Free: 341792K (93%)
Known Failure: java.lang.reflect.InvocationTargetException
----------------- testing (KnownFailure) /home/travis/build/icyphy/ptII/ptolemy/domains/de/test/auto/knownFailedTests/DirectFeedback.xml
1 ms. Memory: 369152K Free: 318813K (86%)
Known Failure: java.lang.reflect.InvocationTargetException
----------------- testing (KnownFailure) /home/travis/build/icyphy/ptII/ptolemy/domains/de/test/auto/knownFailedTests/FSMSource.xml
4 ms. Memory: 369152K Free: 295834K (80%)
----------------- testing (KnownFailure) /home/travis/build/icyphy/ptII/ptolemy/domains/de/test/auto/knownFailedTests/HierarchicalModel.xml
2 ms. Memory: 369152K Free: 272839K (74%)
Known Failure: java.lang.reflect.InvocationTargetException
----------------- testing (KnownFailure) /home/travis/build/icyphy/ptII/ptolemy/domains/de/test/auto/knownFailedTests/dependencyLoop.xml
1 ms. Memory: 369152K Free: 238355K (65%)
Known Failure: java.lang.reflect.InvocationTargetException
----------------- testing (KnownFailure) /home/travis/build/icyphy/ptII/ptolemy/domains/de/test/auto/knownFailedTests/dependencyLoop2.xml
2 ms. Memory: 369152K Free: 203887K (55%)
Known Failure: java.lang.reflect.InvocationTargetException
No auto/*.xml tests in /home/travis/build/icyphy/ptII/ptolemy/domains/de/test
AutoTests.java: About to close Vertx.
AutoTests.java: Vertx closed.
----------------- testing Sun Apr 29 18:41:34 UTC 2018 /home/travis/build/icyphy/ptII/ptolemy/domains/de/test/auto/ActorDepthCalculation_actorWithoutPorts.xml
2 ms. Memory: 369152K Free: 175164K (47%)
reloadAllAccessors: .ActorDepthCalculation_actorWithoutPorts
----------------- testing Sun Apr 29 18:41:34 UTC 2018 /home/travis/build/icyphy/ptII/ptolemy/domains/de/test/auto/AssemblyLine.xml
2 ms. Memory: 369152K Free: 157914K (43%)
reloadAllAccessors: .AssemblyLine
----------------- testing Sun Apr 29 18:41:34 UTC 2018 /home/travis/build/icyphy/ptII/ptolemy/domains/de/test/auto/CQBug1.xml
1 ms. Memory: 369152K Free: 146424K (40%)
reloadAllAccessors: .CQBug1
----------------- testing Sun Apr 29 18:41:34 UTC 2018 /home/travis/build/icyphy/ptII/ptolemy/domains/de/test/auto/CancelFireAt.xml
0 ms. Memory: 369152K Free: 134935K (37%)
reloadAllAccessors: .CancelFireAt
----------------- testing Sun Apr 29 18:41:34 UTC 2018 /home/travis/build/icyphy/ptII/ptolemy/domains/de/test/auto/CausalityAndComposabilityAnalysis.xml
1 ms. Memory: 369152K Free: 123445K (33%)
reloadAllAccessors: .CausalityAndComposabilityAnalysis
----------------- testing Sun Apr 29 18:41:34 UTC 2018 /home/travis/build/icyphy/ptII/ptolemy/domains/de/test/auto/CausalityInterface1.xml
3 ms. Memory: 369152K Free: 111956K (30%)
reloadAllAccessors: .CausalityInterface1
----------------- testing Sun Apr 29 18:41:34 UTC 2018 /home/travis/build/icyphy/ptII/ptolemy/domains/de/test/auto/CausalityInterface15.xml
2 ms. Memory: 369152K Free: 100467K (27%)
reloadAllAccessors: .CausalityInterface15
----------------- testing Sun Apr 29 18:41:34 UTC 2018 /home/travis/build/icyphy/ptII/ptolemy/domains/de/test/auto/CausalityInterface2.xml
1 ms. Memory: 369152K Free: 84482K (23%)
reloadAllAccessors: .CausalityInterface2
----------------- testing Sun Apr 29 18:41:34 UTC 2018 /home/travis/build/icyphy/ptII/ptolemy/domains/de/test/auto/CausalityInterface3.xml
1 ms. Memory: 369152K Free: 76310K (21%)
reloadAllAccessors: .CausalityInterface3
----------------- testing Sun Apr 29 18:41:34 UTC 2018 /home/travis/build/icyphy/ptII/ptolemy/domains/de/test/auto/ClockDrift.xml
9 ms. Memory: 355840K Free: 333488K (94%)
reloadAllAccessors: .ClockDrift
----------------- testing Sun Apr 29 18:41:34 UTC 2018 /home/travis/build/icyphy/ptII/ptolemy/domains/de/test/auto/ClockDriftAndValueChange.xml
9 ms. Memory: 355840K Free: 314200K (88%)
reloadAllAccessors: .ClockDriftAndValueChange
----------------- testing Sun Apr 29 18:41:34 UTC 2018 /home/travis/build/icyphy/ptII/ptolemy/domains/de/test/auto/ClockDriftChange.xml
7 ms. Memory: 355840K Free: 297718K (84%)
reloadAllAccessors: .ClockDriftChange
----------------- testing Sun Apr 29 18:41:34 UTC 2018 /home/travis/build/icyphy/ptII/ptolemy/domains/de/test/auto/ComposableCausalityAnalysis.xml
0 ms. Memory: 355840K Free: 286741K (81%)
reloadAllAccessors: .ComposableCausalityAnalysis
----------------- testing Sun Apr 29 18:41:34 UTC 2018 /home/travis/build/icyphy/ptII/ptolemy/domains/de/test/auto/DEFixedPointLimitation.xml
1 ms. Memory: 355840K Free: 275763K (77%)
reloadAllAccessors: .DEFixedPointLimitation
----------------- testing Sun Apr 29 18:41:34 UTC 2018 /home/travis/build/icyphy/ptII/ptolemy/domains/de/test/auto/DEScheduleTest.xml
1 ms. Memory: 355840K Free: 264786K (74%)
reloadAllAccessors: .DEScheduleTest
----------------- testing Sun Apr 29 18:41:34 UTC 2018 /home/travis/build/icyphy/ptII/ptolemy/domains/de/test/auto/DEinDEwithStartTimes.xml
2 ms. Memory: 355840K Free: 253809K (71%)
reloadAllAccessors: .DEinDEwithStartTimes
----------------- testing Sun Apr 29 18:41:34 UTC 2018 /home/travis/build/icyphy/ptII/ptolemy/domains/de/test/auto/DEinDEwithStartTimes2.xml
2 ms. Memory: 355840K Free: 234504K (66%)
reloadAllAccessors: .DEinDEwithStartTimes2
----------------- testing Sun Apr 29 18:41:34 UTC 2018 /home/travis/build/icyphy/ptII/ptolemy/domains/de/test/auto/DateDemo.xml
3 ms. Memory: 355840K Free: 218022K (61%)
reloadAllAccessors: .DateDemo
----------------- testing Sun Apr 29 18:41:34 UTC 2018 /home/travis/build/icyphy/ptII/ptolemy/domains/de/test/auto/DateToEvent.xml
2004 ms. Memory: 355840K Free: 190563K (54%)
reloadAllAccessors: .DateToEvent
----------------- testing Sun Apr 29 18:41:36 UTC 2018 /home/travis/build/icyphy/ptII/ptolemy/domains/de/test/auto/DepthTest1.xml
[...]
java.lang.RuntimeException: Execution failed
	at ptolemy.moml.MoMLSimpleApplication$UnloadThread.run(MoMLSimpleApplication.java:402)
Caused by: ptolemy.kernel.util.IllegalActionException: Test fails in iteration 1.
Value was: 1.0. Should have been: 2.0
  in .DirectFeedback.Test
	at ptolemy.actor.lib.Test.fire(Test.java:268)
	at ptolemy.domains.de.kernel.DEDirector._fire(DEDirector.java:1948)
	at ptolemy.domains.de.kernel.DEDirector.fire(DEDirector.java:502)
	at ptolemy.actor.CompositeActor.fire(CompositeActor.java:455)
	at ptolemy.actor.Manager.iterate(Manager.java:851)
	at ptolemy.actor.Manager.execute(Manager.java:369)
	at ptolemy.actor.Manager.run(Manager.java:1263)
	at ptolemy.actor.Manager$PtolemyRunThread.run(Manager.java:1915)
java.lang.RuntimeException: Execution failed
	at ptolemy.moml.MoMLSimpleApplication$UnloadThread.run(MoMLSimpleApplication.java:402)
Caused by: ptolemy.kernel.util.IllegalActionException: Actor is not ready to fire.  Perhaps UpSample.prefire() returned false? Try debugging the actor by selecting "Listen to Actor".  Also, for SDF check moml for tokenConsumptionRate on input.
  in .DESDFClockTest.Play Bell.Copy1:SDF Director and .DESDFClockTest.Play Bell.UpSample
	at ptolemy.actor.sched.StaticSchedulingDirector.fire(StaticSchedulingDirector.java:227)
	at ptolemy.domains.sdf.kernel.SDFDirector.fire(SDFDirector.java:500)
	at ptolemy.actor.CompositeActor.fire(CompositeActor.java:455)
	at ptolemy.domains.de.kernel.DEDirector._fire(DEDirector.java:1948)
	at ptolemy.domains.de.kernel.DEDirector.fire(DEDirector.java:502)
	at ptolemy.actor.CompositeActor.fire(CompositeActor.java:455)
	at ptolemy.actor.Manager.iterate(Manager.java:851)
	at ptolemy.actor.Manager.execute(Manager.java:369)
	at ptolemy.actor.Manager.run(Manager.java:1263)
	at ptolemy.actor.Manager$PtolemyRunThread.run(Manager.java:1915)
java.lang.reflect.InvocationTargetException
	at sun.reflect.NativeConstructorAccessorImpl.newInstance0(Native Method)
	at sun.reflect.NativeConstructorAccessorImpl.newInstance(NativeConstructorAccessorImpl.java:62)
	at sun.reflect.DelegatingConstructorAccessorImpl.newInstance(DelegatingConstructorAccessorImpl.java:45)
	at java.lang.reflect.Constructor.newInstance(Constructor.java:423)
	at ptolemy.util.test.junit.AutoKnownFailedTests.RunModel(AutoKnownFailedTests.java:107)
	at sun.reflect.NativeMethodAccessorImpl.invoke0(Native Method)
	at sun.reflect.NativeMethodAccessorImpl.invoke(NativeMethodAccessorImpl.java:62)
	at sun.reflect.DelegatingMethodAccessorImpl.invoke(DelegatingMethodAccessorImpl.java:43)
	at java.lang.reflect.Method.invoke(Method.java:498)
	at org.junit.runners.model.FrameworkMethod$1.runReflectiveCall(FrameworkMethod.java:44)
	at org.junit.internal.runners.model.ReflectiveCallable.run(ReflectiveCallable.java:15)
	at org.junit.runners.model.FrameworkMethod.invokeExplosively(FrameworkMethod.java:41)
	at junitparams.internal.InvokeParameterisedMethod.evaluate(InvokeParameterisedMethod.java:102)
	at org.junit.internal.runners.statements.FailOnTimeout$1.run(FailOnTimeout.java:28)
Caused by: ptolemy.kernel.util.IllegalActionException: Actor is not ready to fire.  Perhaps UpSample.prefire() returned false? Try debugging the actor by selecting "Listen to Actor".  Also, for SDF check moml for tokenConsumptionRate on input.
  in .DESDFClockTest.Play Bell.Copy1:SDF Director and .DESDFClockTest.Play Bell.UpSample
	at ptolemy.actor.sched.StaticSchedulingDirector.fire(StaticSchedulingDirector.java:227)
	at ptolemy.domains.sdf.kernel.SDFDirector.fire(SDFDirector.java:500)
	at ptolemy.actor.CompositeActor.fire(CompositeActor.java:455)
	at ptolemy.domains.de.kernel.DEDirector._fire(DEDirector.java:1948)
	at ptolemy.domains.de.kernel.DEDirector.fire(DEDirector.java:502)
	at ptolemy.actor.CompositeActor.fire(CompositeActor.java:455)
	at ptolemy.actor.Manager.iterate(Manager.java:851)
	at ptolemy.actor.Manager.execute(Manager.java:369)
	at ptolemy.actor.Manager.run(Manager.java:1263)
	at ptolemy.actor.Manager$PtolemyRunThread.run(Manager.java:1915)
java.lang.RuntimeException: Execution failed
	at ptolemy.moml.MoMLSimpleApplication$UnloadThread.run(MoMLSimpleApplication.java:402)
Caused by: ptolemy.kernel.util.IllegalActionException: Test fails in iteration 1.
Value was: 1.0. Should have been: 2.0
  in .DirectFeedback.Test
	at ptolemy.actor.lib.Test.fire(Test.java:268)
	at ptolemy.domains.de.kernel.DEDirector._fire(DEDirector.java:1948)
	at ptolemy.domains.de.kernel.DEDirector.fire(DEDirector.java:502)
	at ptolemy.actor.CompositeActor.fire(CompositeActor.java:455)
	at ptolemy.actor.Manager.iterate(Manager.java:851)
	at ptolemy.actor.Manager.execute(Manager.java:369)
	at ptolemy.actor.Manager.run(Manager.java:1263)
	at ptolemy.actor.Manager$PtolemyRunThread.run(Manager.java:1915)
java.lang.reflect.InvocationTargetException
	at sun.reflect.NativeConstructorAccessorImpl.newInstance0(Native Method)
	at sun.reflect.NativeConstructorAccessorImpl.newInstance(NativeConstructorAccessorImpl.java:62)
	at sun.reflect.DelegatingConstructorAccessorImpl.newInstance(DelegatingConstructorAccessorImpl.java:45)
	at java.lang.reflect.Constructor.newInstance(Constructor.java:423)
	at ptolemy.util.test.junit.AutoKnownFailedTests.RunModel(AutoKnownFailedTests.java:107)
	at sun.reflect.NativeMethodAccessorImpl.invoke0(Native Method)
	at sun.reflect.NativeMethodAccessorImpl.invoke(NativeMethodAccessorImpl.java:62)
	at sun.reflect.DelegatingMethodAccessorImpl.invoke(DelegatingMethodAccessorImpl.java:43)
	at java.lang.reflect.Method.invoke(Method.java:498)
	at org.junit.runners.model.FrameworkMethod$1.runReflectiveCall(FrameworkMethod.java:44)
	at org.junit.internal.runners.model.ReflectiveCallable.run(ReflectiveCallable.java:15)
	at org.junit.runners.model.FrameworkMethod.invokeExplosively(FrameworkMethod.java:41)
	at junitparams.internal.InvokeParameterisedMethod.evaluate(InvokeParameterisedMethod.java:102)
	at org.junit.internal.runners.statements.FailOnTimeout$1.run(FailOnTimeout.java:28)
Caused by: ptolemy.kernel.util.IllegalActionException: Test fails in iteration 1.
Value was: 1.0. Should have been: 2.0
  in .DirectFeedback.Test
	at ptolemy.actor.lib.Test.fire(Test.java:268)
	at ptolemy.domains.de.kernel.DEDirector._fire(DEDirector.java:1948)
	at ptolemy.domains.de.kernel.DEDirector.fire(DEDirector.java:502)
	at ptolemy.actor.CompositeActor.fire(CompositeActor.java:455)
	at ptolemy.actor.Manager.iterate(Manager.java:851)
	at ptolemy.actor.Manager.execute(Manager.java:369)
	at ptolemy.actor.Manager.run(Manager.java:1263)
	at ptolemy.actor.Manager$PtolemyRunThread.run(Manager.java:1915)
java.lang.RuntimeException: Execution failed
	at ptolemy.moml.MoMLSimpleApplication$UnloadThread.run(MoMLSimpleApplication.java:402)
Caused by: ptolemy.kernel.util.IllegalActionException: Found a zero delay loop containing .HierarchicalModel.A
  in .HierarchicalModel and .HierarchicalModel.A
	at ptolemy.actor.util.CausalityInterfaceForComposites._computeOutputPortDepth(CausalityInterfaceForComposites.java:759)
	at ptolemy.actor.util.CausalityInterfaceForComposites._computeInputDepth(CausalityInterfaceForComposites.java:696)
	at ptolemy.actor.util.CausalityInterfaceForComposites._computeOutputPortDepth(CausalityInterfaceForComposites.java:765)
	at ptolemy.actor.util.CausalityInterfaceForComposites._computeInputDepth(CausalityInterfaceForComposites.java:696)
	at ptolemy.actor.util.CausalityInterfaceForComposites._computeOutputPortDepth(CausalityInterfaceForComposites.java:765)
	at ptolemy.actor.util.CausalityInterfaceForComposites._computeInputDepth(CausalityInterfaceForComposites.java:696)
	at ptolemy.actor.util.CausalityInterfaceForComposites._computeActorDepth(CausalityInterfaceForComposites.java:532)
	at ptolemy.actor.util.CausalityInterfaceForComposites.checkForCycles(CausalityInterfaceForComposites.java:96)
	at ptolemy.domains.de.kernel.DEDirector.preinitialize(DEDirector.java:1337)
	at ptolemy.actor.CompositeActor.preinitialize(CompositeActor.java:1828)
	at ptolemy.actor.Manager.preinitializeAndResolveTypes(Manager.java:1040)
	at ptolemy.actor.Manager.initialize(Manager.java:710)
	at ptolemy.actor.Manager.execute(Manager.java:356)
	at ptolemy.actor.Manager.run(Manager.java:1263)
	at ptolemy.actor.Manager$PtolemyRunThread.run(Manager.java:1915)
java.lang.reflect.InvocationTargetException
	at sun.reflect.NativeConstructorAccessorImpl.newInstance0(Native Method)
	at sun.reflect.NativeConstructorAccessorImpl.newInstance(NativeConstructorAccessorImpl.java:62)
	at sun.reflect.DelegatingConstructorAccessorImpl.newInstance(DelegatingConstructorAccessorImpl.java:45)
	at java.lang.reflect.Constructor.newInstance(Constructor.java:423)
	at ptolemy.util.test.junit.AutoKnownFailedTests.RunModel(AutoKnownFailedTests.java:107)
	at sun.reflect.NativeMethodAccessorImpl.invoke0(Native Method)
	at sun.reflect.NativeMethodAccessorImpl.invoke(NativeMethodAccessorImpl.java:62)
	at sun.reflect.DelegatingMethodAccessorImpl.invoke(DelegatingMethodAccessorImpl.java:43)
	at java.lang.reflect.Method.invoke(Method.java:498)
	at org.junit.runners.model.FrameworkMethod$1.runReflectiveCall(FrameworkMethod.java:44)
	at org.junit.internal.runners.model.ReflectiveCallable.run(ReflectiveCallable.java:15)
	at org.junit.runners.model.FrameworkMethod.invokeExplosively(FrameworkMethod.java:41)
	at junitparams.internal.InvokeParameterisedMethod.evaluate(InvokeParameterisedMethod.java:102)
	at org.junit.internal.runners.statements.FailOnTimeout$1.run(FailOnTimeout.java:28)
Caused by: ptolemy.kernel.util.IllegalActionException: Found a zero delay loop containing .HierarchicalModel.A
  in .HierarchicalModel and .HierarchicalModel.A
	at ptolemy.actor.util.CausalityInterfaceForComposites._computeOutputPortDepth(CausalityInterfaceForComposites.java:759)
	at ptolemy.actor.util.CausalityInterfaceForComposites._computeInputDepth(CausalityInterfaceForComposites.java:696)
	at ptolemy.actor.util.CausalityInterfaceForComposites._computeOutputPortDepth(CausalityInterfaceForComposites.java:765)
	at ptolemy.actor.util.CausalityInterfaceForComposites._computeInputDepth(CausalityInterfaceForComposites.java:696)
	at ptolemy.actor.util.CausalityInterfaceForComposites._computeOutputPortDepth(CausalityInterfaceForComposites.java:765)
	at ptolemy.actor.util.CausalityInterfaceForComposites._computeInputDepth(CausalityInterfaceForComposites.java:696)
	at ptolemy.actor.util.CausalityInterfaceForComposites._computeActorDepth(CausalityInterfaceForComposites.java:532)
	at ptolemy.actor.util.CausalityInterfaceForComposites.checkForCycles(CausalityInterfaceForComposites.java:96)
	at ptolemy.domains.de.kernel.DEDirector.preinitialize(DEDirector.java:1337)
	at ptolemy.actor.CompositeActor.preinitialize(CompositeActor.java:1828)
	at ptolemy.actor.Manager.preinitializeAndResolveTypes(Manager.java:1040)
	at ptolemy.actor.Manager.initialize(Manager.java:710)
	at ptolemy.actor.Manager.execute(Manager.java:356)
	at ptolemy.actor.Manager.run(Manager.java:1263)
	at ptolemy.actor.Manager$PtolemyRunThread.run(Manager.java:1915)
java.lang.RuntimeException: Execution failed
	at ptolemy.moml.MoMLSimpleApplication$UnloadThread.run(MoMLSimpleApplication.java:402)
Caused by: ptolemy.kernel.util.IllegalActionException: Found a zero delay loop containing .dependencyLoop.original
  in .dependencyLoop and .dependencyLoop.original
	at ptolemy.actor.util.CausalityInterfaceForComposites._computeOutputPortDepth(CausalityInterfaceForComposites.java:759)
	at ptolemy.actor.util.CausalityInterfaceForComposites._computeInputDepth(CausalityInterfaceForComposites.java:696)
	at ptolemy.actor.util.CausalityInterfaceForComposites._computeOutputPortDepth(CausalityInterfaceForComposites.java:765)
	at ptolemy.actor.util.CausalityInterfaceForComposites._computeInputDepth(CausalityInterfaceForComposites.java:696)
	at ptolemy.actor.util.CausalityInterfaceForComposites._computeOutputPortDepth(CausalityInterfaceForComposites.java:765)
	at ptolemy.actor.util.CausalityInterfaceForComposites._computeInputDepth(CausalityInterfaceForComposites.java:696)
	at ptolemy.actor.util.CausalityInterfaceForComposites._computeActorDepth(CausalityInterfaceForComposites.java:532)
	at ptolemy.actor.util.CausalityInterfaceForComposites.checkForCycles(CausalityInterfaceForComposites.java:96)
	at ptolemy.domains.de.kernel.DEDirector.preinitialize(DEDirector.java:1337)
	at ptolemy.actor.CompositeActor.preinitialize(CompositeActor.java:1828)
	at ptolemy.actor.Manager.preinitializeAndResolveTypes(Manager.java:1040)
	at ptolemy.actor.Manager.initialize(Manager.java:710)
	at ptolemy.actor.Manager.execute(Manager.java:356)
	at ptolemy.actor.Manager.run(Manager.java:1263)
	at ptolemy.actor.Manager$PtolemyRunThread.run(Manager.java:1915)
java.lang.reflect.InvocationTargetException
	at sun.reflect.NativeConstructorAccessorImpl.newInstance0(Native Method)
	at sun.reflect.NativeConstructorAccessorImpl.newInstance(NativeConstructorAccessorImpl.java:62)
	at sun.reflect.DelegatingConstructorAccessorImpl.newInstance(DelegatingConstructorAccessorImpl.java:45)
	at java.lang.reflect.Constructor.newInstance(Constructor.java:423)
	at ptolemy.util.test.junit.AutoKnownFailedTests.RunModel(AutoKnownFailedTests.java:107)
	at sun.reflect.NativeMethodAccessorImpl.invoke0(Native Method)
	at sun.reflect.NativeMethodAccessorImpl.invoke(NativeMethodAccessorImpl.java:62)
	at sun.reflect.DelegatingMethodAccessorImpl.invoke(DelegatingMethodAccessorImpl.java:43)
	at java.lang.reflect.Method.invoke(Method.java:498)
	at org.junit.runners.model.FrameworkMethod$1.runReflectiveCall(FrameworkMethod.java:44)
	at org.junit.internal.runners.model.ReflectiveCallable.run(ReflectiveCallable.java:15)
	at org.junit.runners.model.FrameworkMethod.invokeExplosively(FrameworkMethod.java:41)
	at junitparams.internal.InvokeParameterisedMethod.evaluate(InvokeParameterisedMethod.java:102)
	at org.junit.internal.runners.statements.FailOnTimeout$1.run(FailOnTimeout.java:28)
Caused by: ptolemy.kernel.util.IllegalActionException: Found a zero delay loop containing .dependencyLoop.original
  in .dependencyLoop and .dependencyLoop.original
	at ptolemy.actor.util.CausalityInterfaceForComposites._computeOutputPortDepth(CausalityInterfaceForComposites.java:759)
	at ptolemy.actor.util.CausalityInterfaceForComposites._computeInputDepth(CausalityInterfaceForComposites.java:696)
	at ptolemy.actor.util.CausalityInterfaceForComposites._computeOutputPortDepth(CausalityInterfaceForComposites.java:765)
	at ptolemy.actor.util.CausalityInterfaceForComposites._computeInputDepth(CausalityInterfaceForComposites.java:696)
	at ptolemy.actor.util.CausalityInterfaceForComposites._computeOutputPortDepth(CausalityInterfaceForComposites.java:765)
	at ptolemy.actor.util.CausalityInterfaceForComposites._computeInputDepth(CausalityInterfaceForComposites.java:696)
	at ptolemy.actor.util.CausalityInterfaceForComposites._computeActorDepth(CausalityInterfaceForComposites.java:532)
	at ptolemy.actor.util.CausalityInterfaceForComposites.checkForCycles(CausalityInterfaceForComposites.java:96)
	at ptolemy.domains.de.kernel.DEDirector.preinitialize(DEDirector.java:1337)
	at ptolemy.actor.CompositeActor.preinitialize(CompositeActor.java:1828)
	at ptolemy.actor.Manager.preinitializeAndResolveTypes(Manager.java:1040)
	at ptolemy.actor.Manager.initialize(Manager.java:710)
	at ptolemy.actor.Manager.execute(Manager.java:356)
	at ptolemy.actor.Manager.run(Manager.java:1263)
	at ptolemy.actor.Manager$PtolemyRunThread.run(Manager.java:1915)
java.lang.RuntimeException: Execution failed
	at ptolemy.moml.MoMLSimpleApplication$UnloadThread.run(MoMLSimpleApplication.java:402)
Caused by: ptolemy.kernel.util.IllegalActionException: Found a zero delay loop containing .dependencyLoop2.original
  in .dependencyLoop2 and .dependencyLoop2.original
	at ptolemy.actor.util.CausalityInterfaceForComposites._computeOutputPortDepth(CausalityInterfaceForComposites.java:759)
	at ptolemy.actor.util.CausalityInterfaceForComposites._computeInputDepth(CausalityInterfaceForComposites.java:696)
	at ptolemy.actor.util.CausalityInterfaceForComposites._computeOutputPortDepth(CausalityInterfaceForComposites.java:765)
	at ptolemy.actor.util.CausalityInterfaceForComposites._computeInputDepth(CausalityInterfaceForComposites.java:696)
	at ptolemy.actor.util.CausalityInterfaceForComposites._computeOutputPortDepth(CausalityInterfaceForComposites.java:765)
	at ptolemy.actor.util.CausalityInterfaceForComposites._computeInputDepth(CausalityInterfaceForComposites.java:696)
	at ptolemy.actor.util.CausalityInterfaceForComposites._computeActorDepth(CausalityInterfaceForComposites.java:532)
	at ptolemy.actor.util.CausalityInterfaceForComposites.checkForCycles(CausalityInterfaceForComposites.java:96)
	at ptolemy.domains.de.kernel.DEDirector.preinitialize(DEDirector.java:1337)
	at ptolemy.actor.CompositeActor.preinitialize(CompositeActor.java:1828)
	at ptolemy.actor.Manager.preinitializeAndResolveTypes(Manager.java:1040)
	at ptolemy.actor.Manager.initialize(Manager.java:710)
	at ptolemy.actor.Manager.execute(Manager.java:356)
	at ptolemy.actor.Manager.run(Manager.java:1263)
	at ptolemy.actor.Manager$PtolemyRunThread.run(Manager.java:1915)
java.lang.reflect.InvocationTargetException
	at sun.reflect.NativeConstructorAccessorImpl.newInstance0(Native Method)
	at sun.reflect.NativeConstructorAccessorImpl.newInstance(NativeConstructorAccessorImpl.java:62)
	at sun.reflect.DelegatingConstructorAccessorImpl.newInstance(DelegatingConstructorAccessorImpl.java:45)
	at java.lang.reflect.Constructor.newInstance(Constructor.java:423)
	at ptolemy.util.test.junit.AutoKnownFailedTests.RunModel(AutoKnownFailedTests.java:107)
	at sun.reflect.NativeMethodAccessorImpl.invoke0(Native Method)
	at sun.reflect.NativeMethodAccessorImpl.invoke(NativeMethodAccessorImpl.java:62)
	at sun.reflect.DelegatingMethodAccessorImpl.invoke(DelegatingMethodAccessorImpl.java:43)
	at java.lang.reflect.Method.invoke(Method.java:498)
	at org.junit.runners.model.FrameworkMethod$1.runReflectiveCall(FrameworkMethod.java:44)
	at org.junit.internal.runners.model.ReflectiveCallable.run(ReflectiveCallable.java:15)
	at org.junit.runners.model.FrameworkMethod.invokeExplosively(FrameworkMethod.java:41)
	at junitparams.internal.InvokeParameterisedMethod.evaluate(InvokeParameterisedMethod.java:102)
	at org.junit.internal.runners.statements.FailOnTimeout$1.run(FailOnTimeout.java:28)
Caused by: ptolemy.kernel.util.IllegalActionException: Found a zero delay loop containing .dependencyLoop2.original
  in .dependencyLoop2 and .dependencyLoop2.original
	at ptolemy.actor.util.CausalityInterfaceForComposites._computeOutputPortDepth(CausalityInterfaceForComposites.java:759)
	at ptolemy.actor.util.CausalityInterfaceForComposites._computeInputDepth(CausalityInterfaceForComposites.java:696)
	at ptolemy.actor.util.CausalityInterfaceForComposites._computeOutputPortDepth(CausalityInterfaceForComposites.java:765)
	at ptolemy.actor.util.CausalityInterfaceForComposites._computeInputDepth(CausalityInterfaceForComposites.java:696)
	at ptolemy.actor.util.CausalityInterfaceForComposites._computeOutputPortDepth(CausalityInterfaceForComposites.java:765)
	at ptolemy.actor.util.CausalityInterfaceForComposites._computeInputDepth(CausalityInterfaceForComposites.java:696)
	at ptolemy.actor.util.CausalityInterfaceForComposites._computeActorDepth(CausalityInterfaceForComposites.java:532)
	at ptolemy.actor.util.CausalityInterfaceForComposites.checkForCycles(CausalityInterfaceForComposites.java:96)
	at ptolemy.domains.de.kernel.DEDirector.preinitialize(DEDirector.java:1337)
	at ptolemy.actor.CompositeActor.preinitialize(CompositeActor.java:1828)
	at ptolemy.actor.Manager.preinitializeAndResolveTypes(Manager.java:1040)
	at ptolemy.actor.Manager.initialize(Manager.java:710)
	at ptolemy.actor.Manager.execute(Manager.java:356)
	at ptolemy.actor.Manager.run(Manager.java:1263)
	at ptolemy.actor.Manager$PtolemyRunThread.run(Manager.java:1915)
]]></system-err>
</testsuite>
