<?xml version="1.0" encoding="UTF-8" ?>
<testsuite errors="0" failures="0" hostname="travis-job-2f96750d-731c-49af-9e9a-c831405986c8" name="ptolemy.domains.de.test.junit.JUnitTclTest" skipped="0" tests="101" time="157.182" timestamp="2018-04-29T15:14:04">
  <properties>
[...]
</properties>
  <testcase classname="ptolemy.util.test.junit.TclTests" name="[0] /home/travis/build/icyphy/ptII/ptolemy/domains/de/test/DependencyLoop.tcl (RunTclFile)" time="0.986" />
  <testcase classname="ptolemy.util.test.junit.TclTests" name="[1] /home/travis/build/icyphy/ptII/ptolemy/domains/de/test/RunDETestsAsQSS.tcl (RunTclFile)" time="109.615" />
  <testcase classname="ptolemy.util.test.junit.AutoKnownFailedTests" name="[0] /home/travis/build/icyphy/ptII/ptolemy/domains/de/test/auto/knownFailedTests/DESDFClockTest.xml (RunModel)" time="2.03" />
  <testcase classname="ptolemy.util.test.junit.AutoKnownFailedTests" name="[1] /home/travis/build/icyphy/ptII/ptolemy/domains/de/test/auto/knownFailedTests/DirectFeedback.xml (RunModel)" time="0.018" />
  <testcase classname="ptolemy.util.test.junit.AutoKnownFailedTests" name="[2] /home/travis/build/icyphy/ptII/ptolemy/domains/de/test/auto/knownFailedTests/FSMSource.xml (RunModel)" time="0.017" />
  <testcase classname="ptolemy.util.test.junit.AutoKnownFailedTests" name="[3] /home/travis/build/icyphy/ptII/ptolemy/domains/de/test/auto/knownFailedTests/HierarchicalModel.xml (RunModel)" time="0.044" />
  <testcase classname="ptolemy.util.test.junit.AutoKnownFailedTests" name="[4] /home/travis/build/icyphy/ptII/ptolemy/domains/de/test/auto/knownFailedTests/dependencyLoop.xml (RunModel)" time="0.035" />
  <testcase classname="ptolemy.util.test.junit.AutoKnownFailedTests" name="[5] /home/travis/build/icyphy/ptII/ptolemy/domains/de/test/auto/knownFailedTests/dependencyLoop2.xml (RunModel)" time="0.039" />
  <testcase classname="ptolemy.util.test.junit.AutoNameArchTests" name="[0] ThereAreNoAutoTests (RunModel)" time="0.005" />
  <testcase classname="ptolemy.util.test.junit.AutoTests" name="[0] /home/travis/build/icyphy/ptII/ptolemy/domains/de/test/auto/ActorDepthCalculation_actorWithoutPorts.xml (RunModel)" time="0.021" />
  <testcase classname="ptolemy.util.test.junit.AutoTests" name="[1] /home/travis/build/icyphy/ptII/ptolemy/domains/de/test/auto/AssemblyLine.xml (RunModel)" time="0.022" />
  <testcase classname="ptolemy.util.test.junit.AutoTests" name="[2] /home/travis/build/icyphy/ptII/ptolemy/domains/de/test/auto/CQBug1.xml (RunModel)" time="0.011" />
  <testcase classname="ptolemy.util.test.junit.AutoTests" name="[3] /home/travis/build/icyphy/ptII/ptolemy/domains/de/test/auto/CancelFireAt.xml (RunModel)" time="0.009" />
  <testcase classname="ptolemy.util.test.junit.AutoTests" name="[4] /home/travis/build/icyphy/ptII/ptolemy/domains/de/test/auto/CausalityAndComposabilityAnalysis.xml (RunModel)" time="0.016" />
  <testcase classname="ptolemy.util.test.junit.AutoTests" name="[5] /home/travis/build/icyphy/ptII/ptolemy/domains/de/test/auto/CausalityInterface1.xml (RunModel)" time="0.016" />
  <testcase classname="ptolemy.util.test.junit.AutoTests" name="[6] /home/travis/build/icyphy/ptII/ptolemy/domains/de/test/auto/CausalityInterface15.xml (RunModel)" time="0.018" />
  <testcase classname="ptolemy.util.test.junit.AutoTests" name="[7] /home/travis/build/icyphy/ptII/ptolemy/domains/de/test/auto/CausalityInterface2.xml (RunModel)" time="0.021" />
  <testcase classname="ptolemy.util.test.junit.AutoTests" name="[8] /home/travis/build/icyphy/ptII/ptolemy/domains/de/test/auto/CausalityInterface3.xml (RunModel)" time="0.029" />
  <testcase classname="ptolemy.util.test.junit.AutoTests" name="[9] /home/travis/build/icyphy/ptII/ptolemy/domains/de/test/auto/ClockDrift.xml (RunModel)" time="0.048" />
  <testcase classname="ptolemy.util.test.junit.AutoTests" name="[10] /home/travis/build/icyphy/ptII/ptolemy/domains/de/test/auto/ClockDriftAndValueChange.xml (RunModel)" time="0.05" />
  <testcase classname="ptolemy.util.test.junit.AutoTests" name="[11] /home/travis/build/icyphy/ptII/ptolemy/domains/de/test/auto/ClockDriftChange.xml (RunModel)" time="0.039" />
  <testcase classname="ptolemy.util.test.junit.AutoTests" name="[12] /home/travis/build/icyphy/ptII/ptolemy/domains/de/test/auto/ComposableCausalityAnalysis.xml (RunModel)" time="0.014" />
  <testcase classname="ptolemy.util.test.junit.AutoTests" name="[13] /home/travis/build/icyphy/ptII/ptolemy/domains/de/test/auto/DEFixedPointLimitation.xml (RunModel)" time="0.011" />
  <testcase classname="ptolemy.util.test.junit.AutoTests" name="[14] /home/travis/build/icyphy/ptII/ptolemy/domains/de/test/auto/DEScheduleTest.xml (RunModel)" time="0.041" />
  <testcase classname="ptolemy.util.test.junit.AutoTests" name="[15] /home/travis/build/icyphy/ptII/ptolemy/domains/de/test/auto/DEinDEwithStartTimes.xml (RunModel)" time="0.025" />
  <testcase classname="ptolemy.util.test.junit.AutoTests" name="[16] /home/travis/build/icyphy/ptII/ptolemy/domains/de/test/auto/DEinDEwithStartTimes2.xml (RunModel)" time="0.017" />
  <testcase classname="ptolemy.util.test.junit.AutoTests" name="[17] /home/travis/build/icyphy/ptII/ptolemy/domains/de/test/auto/DateDemo.xml (RunModel)" time="0.035" />
  <testcase classname="ptolemy.util.test.junit.AutoTests" name="[18] /home/travis/build/icyphy/ptII/ptolemy/domains/de/test/auto/DateToEvent.xml (RunModel)" time="2.046" />
  <testcase classname="ptolemy.util.test.junit.AutoTests" name="[19] /home/travis/build/icyphy/ptII/ptolemy/domains/de/test/auto/DepthTest1.xml (RunModel)" time="0.013" />
  <testcase classname="ptolemy.util.test.junit.AutoTests" name="[20] /home/travis/build/icyphy/ptII/ptolemy/domains/de/test/auto/DepthTest2.xml (RunModel)" time="0.026" />
  <testcase classname="ptolemy.util.test.junit.AutoTests" name="[21] /home/travis/build/icyphy/ptII/ptolemy/domains/de/test/auto/DepthTest3.xml (RunModel)" time="0.011" />
  <testcase classname="ptolemy.util.test.junit.AutoTests" name="[22] /home/travis/build/icyphy/ptII/ptolemy/domains/de/test/auto/DepthTest4.xml (RunModel)" time="0.035" />
  <testcase classname="ptolemy.util.test.junit.AutoTests" name="[23] /home/travis/build/icyphy/ptII/ptolemy/domains/de/test/auto/DepthTest5.xml (RunModel)" time="0.034" />
  <testcase classname="ptolemy.util.test.junit.AutoTests" name="[24] /home/travis/build/icyphy/ptII/ptolemy/domains/de/test/auto/DepthTest6.xml (RunModel)" time="0.022" />
  <testcase classname="ptolemy.util.test.junit.AutoTests" name="[25] /home/travis/build/icyphy/ptII/ptolemy/domains/de/test/auto/DepthTest7.xml (RunModel)" time="0.016" />
  <testcase classname="ptolemy.util.test.junit.AutoTests" name="[26] /home/travis/build/icyphy/ptII/ptolemy/domains/de/test/auto/EventToDate.xml (RunModel)" time="3.067" />
  <testcase classname="ptolemy.util.test.junit.AutoTests" name="[27] /home/travis/build/icyphy/ptII/ptolemy/domains/de/test/auto/FSM1.xml (RunModel)" time="0.073" />
  <testcase classname="ptolemy.util.test.junit.AutoTests" name="[28] /home/travis/build/icyphy/ptII/ptolemy/domains/de/test/auto/FSM7.xml (RunModel)" time="0.065" />
  <testcase classname="ptolemy.util.test.junit.AutoTests" name="[29] /home/travis/build/icyphy/ptII/ptolemy/domains/de/test/auto/Inspection.xml (RunModel)" time="0.072" />
  <testcase classname="ptolemy.util.test.junit.AutoTests" name="[30] /home/travis/build/icyphy/ptII/ptolemy/domains/de/test/auto/Iteration.xml (RunModel)" time="0.035" />
  <testcase classname="ptolemy.util.test.junit.AutoTests" name="[31] /home/travis/build/icyphy/ptII/ptolemy/domains/de/test/auto/LineFault.xml (RunModel)" time="0.881" />
  <testcase classname="ptolemy.util.test.junit.AutoTests" name="[32] /home/travis/build/icyphy/ptII/ptolemy/domains/de/test/auto/MergeModel1Add.xml (RunModel)" time="0.061" />
  <testcase classname="ptolemy.util.test.junit.AutoTests" name="[33] /home/travis/build/icyphy/ptII/ptolemy/domains/de/test/auto/MergeModel2Add.xml (RunModel)" time="0.057" />
  <testcase classname="ptolemy.util.test.junit.AutoTests" name="[34] /home/travis/build/icyphy/ptII/ptolemy/domains/de/test/auto/MergeModel3Add.xml (RunModel)" time="0.063" />
  <testcase classname="ptolemy.util.test.junit.AutoTests" name="[35] /home/travis/build/icyphy/ptII/ptolemy/domains/de/test/auto/MergeWithoutDiscard.xml (RunModel)" time="0.015" />
  <testcase classname="ptolemy.util.test.junit.AutoTests" name="[36] /home/travis/build/icyphy/ptII/ptolemy/domains/de/test/auto/Modal1.xml (RunModel)" time="0.045" />
  <testcase classname="ptolemy.util.test.junit.AutoTests" name="[37] /home/travis/build/icyphy/ptII/ptolemy/domains/de/test/auto/Modal2.xml (RunModel)" time="0.043" />
  <testcase classname="ptolemy.util.test.junit.AutoTests" name="[38] /home/travis/build/icyphy/ptII/ptolemy/domains/de/test/auto/Modal3.xml (RunModel)" time="0.041" />
  <testcase classname="ptolemy.util.test.junit.AutoTests" name="[39] /home/travis/build/icyphy/ptII/ptolemy/domains/de/test/auto/Modal4.xml (RunModel)" time="0.043" />
  <testcase classname="ptolemy.util.test.junit.AutoTests" name="[40] /home/travis/build/icyphy/ptII/ptolemy/domains/de/test/auto/Modal5.xml (RunModel)" time="0.04" />
  <testcase classname="ptolemy.util.test.junit.AutoTests" name="[41] /home/travis/build/icyphy/ptII/ptolemy/domains/de/test/auto/Modal6.xml (RunModel)" time="0.04" />
  <testcase classname="ptolemy.util.test.junit.AutoTests" name="[42] /home/travis/build/icyphy/ptII/ptolemy/domains/de/test/auto/Modal7.xml (RunModel)" time="0.041" />
  <testcase classname="ptolemy.util.test.junit.AutoTests" name="[43] /home/travis/build/icyphy/ptII/ptolemy/domains/de/test/auto/ModalModel.xml (RunModel)" time="0.269" />
  <testcase classname="ptolemy.util.test.junit.AutoTests" name="[44] /home/travis/build/icyphy/ptII/ptolemy/domains/de/test/auto/ModalSource.xml (RunModel)" time="0.025" />
  <testcase classname="ptolemy.util.test.junit.AutoTests" name="[45] /home/travis/build/icyphy/ptII/ptolemy/domains/de/test/auto/NonInterruptibleTimerZeroDelay.xml (RunModel)" time="0.014" />
  <testcase classname="ptolemy.util.test.junit.AutoTests" name="[46] /home/travis/build/icyphy/ptII/ptolemy/domains/de/test/auto/OpenQueueingNetwork.xml (RunModel)" time="3.525" />
  <testcase classname="ptolemy.util.test.junit.AutoTests" name="[47] /home/travis/build/icyphy/ptII/ptolemy/domains/de/test/auto/OpenQueuingNetwork.xml (RunModel)" time="0.356" />
  <testcase classname="ptolemy.util.test.junit.AutoTests" name="[48] /home/travis/build/icyphy/ptII/ptolemy/domains/de/test/auto/PeriodicSampler.xml (RunModel)" time="0.009" />
  <testcase classname="ptolemy.util.test.junit.AutoTests" name="[49] /home/travis/build/icyphy/ptII/ptolemy/domains/de/test/auto/PersistentIO.xml (RunModel)" time="0.027" />
  <testcase classname="ptolemy.util.test.junit.AutoTests" name="[50] /home/travis/build/icyphy/ptII/ptolemy/domains/de/test/auto/PortParameterResetOnInitialize.xml (RunModel)" time="0.017" />
  <testcase classname="ptolemy.util.test.junit.AutoTests" name="[51] /home/travis/build/icyphy/ptII/ptolemy/domains/de/test/auto/PortParameterUpdates.xml (RunModel)" time="0.027" />
  <testcase classname="ptolemy.util.test.junit.AutoTests" name="[52] /home/travis/build/icyphy/ptII/ptolemy/domains/de/test/auto/QueueAndServer.xml (RunModel)" time="0.035" />
  <testcase classname="ptolemy.util.test.junit.AutoTests" name="[53] /home/travis/build/icyphy/ptII/ptolemy/domains/de/test/auto/Records.xml (RunModel)" time="0.024" />
  <testcase classname="ptolemy.util.test.junit.AutoTests" name="[54] /home/travis/build/icyphy/ptII/ptolemy/domains/de/test/auto/ResetTransitionWithStartTime1.xml (RunModel)" time="0.04" />
  <testcase classname="ptolemy.util.test.junit.AutoTests" name="[55] /home/travis/build/icyphy/ptII/ptolemy/domains/de/test/auto/ResetTransitionWithStartTime2.xml (RunModel)" time="0.025" />
  <testcase classname="ptolemy.util.test.junit.AutoTests" name="[56] /home/travis/build/icyphy/ptII/ptolemy/domains/de/test/auto/ResetTransitionWithStartTime3.xml (RunModel)" time="0.025" />
  <testcase classname="ptolemy.util.test.junit.AutoTests" name="[57] /home/travis/build/icyphy/ptII/ptolemy/domains/de/test/auto/ResetTransitionWithStartTime4.xml (RunModel)" time="0.025" />
  <testcase classname="ptolemy.util.test.junit.AutoTests" name="[58] /home/travis/build/icyphy/ptII/ptolemy/domains/de/test/auto/ResettableTimer1.xml (RunModel)" time="0.017" />
  <testcase classname="ptolemy.util.test.junit.AutoTests" name="[59] /home/travis/build/icyphy/ptII/ptolemy/domains/de/test/auto/ResettableTimer2.xml (RunModel)" time="0.013" />
  <testcase classname="ptolemy.util.test.junit.AutoTests" name="[60] /home/travis/build/icyphy/ptII/ptolemy/domains/de/test/auto/ResettableTimer3.xml (RunModel)" time="0.012" />
  <testcase classname="ptolemy.util.test.junit.AutoTests" name="[61] /home/travis/build/icyphy/ptII/ptolemy/domains/de/test/auto/ResettableTimer4.xml (RunModel)" time="0.012" />
  <testcase classname="ptolemy.util.test.junit.AutoTests" name="[62] /home/travis/build/icyphy/ptII/ptolemy/domains/de/test/auto/ResettableTimer5.xml (RunModel)" time="0.014" />
  <testcase classname="ptolemy.util.test.junit.AutoTests" name="[63] /home/travis/build/icyphy/ptII/ptolemy/domains/de/test/auto/ResettableTimer6.xml (RunModel)" time="0.016" />
  <testcase classname="ptolemy.util.test.junit.AutoTests" name="[64] /home/travis/build/icyphy/ptII/ptolemy/domains/de/test/auto/ServerZeroDelay.xml (RunModel)" time="0.018" />
  <testcase classname="ptolemy.util.test.junit.AutoTests" name="[65] /home/travis/build/icyphy/ptII/ptolemy/domains/de/test/auto/SmartSender.xml (RunModel)" time="3.012" />
  <testcase classname="ptolemy.util.test.junit.AutoTests" name="[66] /home/travis/build/icyphy/ptII/ptolemy/domains/de/test/auto/ThreadedComposite.xml (RunModel)" time="0.336" />
  <testcase classname="ptolemy.util.test.junit.AutoTests" name="[67] /home/travis/build/icyphy/ptII/ptolemy/domains/de/test/auto/Time.xml (RunModel)" time="0.565" />
  <testcase classname="ptolemy.util.test.junit.AutoTests" name="[68] /home/travis/build/icyphy/ptII/ptolemy/domains/de/test/auto/TimeDelayZeroDelay.xml (RunModel)" time="0.016" />
  <testcase classname="ptolemy.util.test.junit.AutoTests" name="[69] /home/travis/build/icyphy/ptII/ptolemy/domains/de/test/auto/TimerZeroDelay.xml (RunModel)" time="0.014" />
  <testcase classname="ptolemy.util.test.junit.AutoTests" name="[70] /home/travis/build/icyphy/ptII/ptolemy/domains/de/test/auto/TimingParadox.xml (RunModel)" time="0.45" />
  <testcase classname="ptolemy.util.test.junit.AutoTests" name="[71] /home/travis/build/icyphy/ptII/ptolemy/domains/de/test/auto/TransferInputs.xml (RunModel)" time="0.013" />
  <testcase classname="ptolemy.util.test.junit.AutoTests" name="[72] /home/travis/build/icyphy/ptII/ptolemy/domains/de/test/auto/TransferOutputs2.xml (RunModel)" time="0.019" />
  <testcase classname="ptolemy.util.test.junit.AutoTests" name="[73] /home/travis/build/icyphy/ptII/ptolemy/domains/de/test/auto/Trilateration.xml (RunModel)" time="14.993" />
  <testcase classname="ptolemy.util.test.junit.AutoTests" name="[74] /home/travis/build/icyphy/ptII/ptolemy/domains/de/test/auto/TwoSigmaDelta.xml (RunModel)" time="2.362" />
  <testcase classname="ptolemy.util.test.junit.AutoTests" name="[75] /home/travis/build/icyphy/ptII/ptolemy/domains/de/test/auto/VariableDelay.xml (RunModel)" time="0.01" />
  <testcase classname="ptolemy.util.test.junit.AutoTests" name="[76] /home/travis/build/icyphy/ptII/ptolemy/domains/de/test/auto/VariableDelay2.xml (RunModel)" time="0.016" />
  <testcase classname="ptolemy.util.test.junit.AutoTests" name="[77] /home/travis/build/icyphy/ptII/ptolemy/domains/de/test/auto/VariableDelayZeroDelay.xml (RunModel)" time="0.018" />
  <testcase classname="ptolemy.util.test.junit.AutoTests" name="[78] /home/travis/build/icyphy/ptII/ptolemy/domains/de/test/auto/VariableDelayZeroDelay2.xml (RunModel)" time="0.013" />
  <testcase classname="ptolemy.util.test.junit.AutoTests" name="[79] /home/travis/build/icyphy/ptII/ptolemy/domains/de/test/auto/deInCt.xml (RunModel)" time="0.024" />
  <testcase classname="ptolemy.util.test.junit.AutoTests" name="[80] /home/travis/build/icyphy/ptII/ptolemy/domains/de/test/auto/deInCt2.xml (RunModel)" time="0.024" />
  <testcase classname="ptolemy.util.test.junit.AutoTests" name="[81] /home/travis/build/icyphy/ptII/ptolemy/domains/de/test/auto/dynamicCausalityInterface1.xml (RunModel)" time="0.032" />
  <testcase classname="ptolemy.util.test.junit.AutoTests" name="[82] /home/travis/build/icyphy/ptII/ptolemy/domains/de/test/auto/fsm_de_test.xml (RunModel)" time="0.044" />
  <testcase classname="ptolemy.util.test.junit.AutoTests" name="[83] /home/travis/build/icyphy/ptII/ptolemy/domains/de/test/auto/functionDependencyReconstruction.xml (RunModel)" time="0.047" />
  <testcase classname="ptolemy.util.test.junit.AutoTests" name="[84] /home/travis/build/icyphy/ptII/ptolemy/domains/de/test/auto/multirate.xml (RunModel)" time="0.026" />
  <testcase classname="ptolemy.util.test.junit.AutoTests" name="[85] /home/travis/build/icyphy/ptII/ptolemy/domains/de/test/auto/multirate2.xml (RunModel)" time="0.02" />
  <testcase classname="ptolemy.util.test.junit.AutoTests" name="[86] /home/travis/build/icyphy/ptII/ptolemy/domains/de/test/auto/realtime.xml (RunModel)" time="10.015" />
  <testcase classname="ptolemy.util.test.junit.AutoTests" name="[87] /home/travis/build/icyphy/ptII/ptolemy/domains/de/test/auto/relationGroup.xml (RunModel)" time="0.013" />
  <testcase classname="ptolemy.util.test.junit.AutoTests" name="[88] /home/travis/build/icyphy/ptII/ptolemy/domains/de/test/auto/relationGroup2.xml (RunModel)" time="0.009" />
  <testcase classname="ptolemy.util.test.junit.AutoTests" name="[89] /home/travis/build/icyphy/ptII/ptolemy/domains/de/test/auto/sortWithOpaquePorts.xml (RunModel)" time="0.008" />
  <testcase classname="ptolemy.util.test.junit.AutoTests" name="[90] /home/travis/build/icyphy/ptII/ptolemy/domains/de/test/auto/transferInputsandOutputs.xml (RunModel)" time="0.021" />
  <testcase classname="ptolemy.util.test.junit.AutoTests" name="[91] /home/travis/build/icyphy/ptII/ptolemy/domains/de/test/auto/triggerType.xml (RunModel)" time="0.009" />
  <system-out><![CDATA[/home/travis/build/icyphy/ptII/ptolemy/domains/de/test/DependencyLoop.tcl
testDefs.tcl: setting time out to 9000 seconds at Sun Apr 29 15:14:04 UTC 2018
27 ms. Memory: 116224K Free: 95189K (82%)
8 ms. Memory: 116224K Free: 107663K (93%)
/home/travis/build/icyphy/ptII/ptolemy/domains/de/test/RunDETestsAsQSS.tcl
Run the DE tests using ptolemy.domains.qss.test.QSSDirectorTest, which extends QSSDirector and prints a message in the constructors.
------------------ testing $PTII/ptolemy/domains/de/test/auto/knownFailedTests/dependencyLoop.xml (Known Failure) 
15 ms. Memory: 116224K Free: 104510K (90%)


==== $PTIIhome/travis/build/icyphy/ptII/ptolemy/domains/de/test/../../../../: Auto Automatic test in file $PTII/ptolemy/domains/de/test/auto/knownFailedTests/dependencyLoop.xml
==== Contents of test case:

	    # FIXME: we should use $relativeFilename here, but it
	    # might have backslashes under Windows, which causes no end
	    # of trouble.
	    createAndExecute $file
	    list {}
	
.... Test generated KNOWN error:
    while executing
ptolemy.kernel.util.IllegalActionException: Found a zero delay loop containing .dependencyLoop.original
  in .dependencyLoop and .dependencyLoop.original
	at ptolemy.actor.util.CausalityInterfaceForComposites._computeOutputPortDepth(CausalityInterfaceForComposites.java:759)
	at ptolemy.actor.util.CausalityInterfaceForComposites._computeInputDepth(CausalityInterfaceForComposites.java:696)
	at ptolemy.actor.util.CausalityInterfaceForComposites._computeOutputPortDepth(CausalityInterfaceForComposites.java:765)
	at ptolemy.actor.util.CausalityInterfaceForComposites._computeInputDepth(CausalityInterfaceForComposites.java:696)
	at ptolemy.actor.util.CausalityInterfaceForComposites._computeOutputPortDepth(CausalityInterfaceForComposites.java:765)
	at ptolemy.actor.util.CausalityInterfaceForComposites._computeInputDepth(CausalityInterfaceForComposites.java:696)
	at ptolemy.actor.util.CausalityInterfaceForComposites._computeActorDepth(CausalityInterfaceForComposites.java:532)
	at ptolemy.actor.util.CausalityInterfaceForComposites.checkForCycles(CausalityInterfaceForComposites.java:96)
	at ptolemy.domains.de.kernel.DEDirector.preinitialize(DEDirector.java:1337)
	at ptolemy.actor.CompositeActor.preinitialize(CompositeActor.java:1828)
	at ptolemy.actor.Manager.preinitializeAndResolveTypes(Manager.java:1040)
	at ptolemy.actor.Manager.initialize(Manager.java:710)
	at ptolemy.actor.Manager.execute(Manager.java:356)
	at ptolemy.actor.Manager.run(Manager.java:1263)
	at ptolemy.actor.Manager$PtolemyRunThread.run(Manager.java:1915)

    while executing
ptolemy.kernel.util.IllegalActionException: Found a zero delay loop containing .dependencyLoop.original
  in .dependencyLoop and .dependencyLoop.original
    while executing
"java::new ptolemy.moml.MoMLSimpleApplication $file
"
    (procedure "createAndExecute" line 2)
    invoked from within
"createAndExecute $file"
    ("uplevel" body line 5)
    invoked from within
"uplevel $contents_of_test"
------------------ testing $PTII/ptolemy/domains/de/test/auto/knownFailedTests/DESDFClockTest.xml (Known Failure) 
2088 ms. Memory: 116224K Free: 89748K (77%)


==== $PTIIhome/travis/build/icyphy/ptII/ptolemy/domains/de/test/../../../../: Auto Automatic test in file $PTII/ptolemy/domains/de/test/auto/knownFailedTests/DESDFClockTest.xml
==== Contents of test case:

	    # FIXME: we should use $relativeFilename here, but it
	    # might have backslashes under Windows, which causes no end
	    # of trouble.
	    createAndExecute $file
	    list {}
	
.... Test generated KNOWN error:
    while executing
ptolemy.kernel.util.IllegalActionException: Actor is not ready to fire.  Perhaps UpSample.prefire() returned false? Try debugging the actor by selecting "Listen to Actor".  Also, for SDF check moml for tokenConsumptionRate on input.
  in .DESDFClockTest.Play Bell.Copy1:SDF Director and .DESDFClockTest.Play Bell.UpSample
	at ptolemy.actor.sched.StaticSchedulingDirector.fire(StaticSchedulingDirector.java:227)
	at ptolemy.domains.sdf.kernel.SDFDirector.fire(SDFDirector.java:500)
	at ptolemy.actor.CompositeActor.fire(CompositeActor.java:455)
	at ptolemy.domains.de.kernel.DEDirector._fire(DEDirector.java:1948)
	at ptolemy.domains.de.kernel.DEDirector.fire(DEDirector.java:502)
	at ptolemy.actor.CompositeActor.fire(CompositeActor.java:455)
	at ptolemy.actor.Manager.iterate(Manager.java:851)
	at ptolemy.actor.Manager.execute(Manager.java:369)
	at ptolemy.actor.Manager.run(Manager.java:1263)
	at ptolemy.actor.Manager$PtolemyRunThread.run(Manager.java:1915)

    while executing
ptolemy.kernel.util.IllegalActionException: Actor is not ready to fire.  Perhaps UpSample.prefire() returned false? Try debugging the actor by selecting "Listen to Actor".  Also, for SDF check moml for tokenConsumptionRate on input.
  in .DESDFClockTest.Play Bell.Copy1:SDF Director and .DESDFClockTest.Play Bell.UpSample
    while executing
"java::new ptolemy.moml.MoMLSimpleApplication $file
"
    (procedure "createAndExecute" line 2)
    invoked from within
"createAndExecute $file"
    ("uplevel" body line 5)
    invoked from within
"uplevel $contents_of_test"
------------------ testing $PTII/ptolemy/domains/de/test/auto/knownFailedTests/FSMSource.xml (Known Failure) 
40 ms. Memory: 116224K Free: 111747K (96%)
!!!! Auto was marked as failing, but now passes
------------------ testing $PTII/ptolemy/domains/de/test/auto/knownFailedTests/dependencyLoop2.xml (Known Failure) 
27 ms. Memory: 116224K Free: 93800K (81%)


==== $PTIIhome/travis/build/icyphy/ptII/ptolemy/domains/de/test/../../../../: Auto Automatic test in file $PTII/ptolemy/domains/de/test/auto/knownFailedTests/dependencyLoop2.xml
==== Contents of test case:

	    # FIXME: we should use $relativeFilename here, but it
	    # might have backslashes under Windows, which causes no end
	    # of trouble.
	    createAndExecute $file
	    list {}
	
.... Test generated KNOWN error:
    while executing
ptolemy.kernel.util.IllegalActionException: Found a zero delay loop containing .dependencyLoop2.original
  in .dependencyLoop2 and .dependencyLoop2.original
	at ptolemy.actor.util.CausalityInterfaceForComposites._computeOutputPortDepth(CausalityInterfaceForComposites.java:759)
	at ptolemy.actor.util.CausalityInterfaceForComposites._computeInputDepth(CausalityInterfaceForComposites.java:696)
	at ptolemy.actor.util.CausalityInterfaceForComposites._computeOutputPortDepth(CausalityInterfaceForComposites.java:765)
	at ptolemy.actor.util.CausalityInterfaceForComposites._computeInputDepth(CausalityInterfaceForComposites.java:696)
	at ptolemy.actor.util.CausalityInterfaceForComposites._computeOutputPortDepth(CausalityInterfaceForComposites.java:765)
	at ptolemy.actor.util.CausalityInterfaceForComposites._computeInputDepth(CausalityInterfaceForComposites.java:696)
	at ptolemy.actor.util.CausalityInterfaceForComposites._computeActorDepth(CausalityInterfaceForComposites.java:532)
	at ptolemy.actor.util.CausalityInterfaceForComposites.checkForCycles(CausalityInterfaceForComposites.java:96)
	at ptolemy.domains.de.kernel.DEDirector.preinitialize(DEDirector.java:1337)
	at ptolemy.actor.CompositeActor.preinitialize(CompositeActor.java:1828)
	at ptolemy.actor.Manager.preinitializeAndResolveTypes(Manager.java:1040)
	at ptolemy.actor.Manager.initialize(Manager.java:710)
	at ptolemy.actor.Manager.execute(Manager.java:356)
	at ptolemy.actor.Manager.run(Manager.java:1263)
	at ptolemy.actor.Manager$PtolemyRunThread.run(Manager.java:1915)

    while executing
ptolemy.kernel.util.IllegalActionException: Found a zero delay loop containing .dependencyLoop2.original
  in .dependencyLoop2 and .dependencyLoop2.original
    while executing
"java::new ptolemy.moml.MoMLSimpleApplication $file
"
    (procedure "createAndExecute" line 2)
    invoked from within
"createAndExecute $file"
    ("uplevel" body line 5)
    invoked from within
"uplevel $contents_of_test"
------------------ testing $PTII/ptolemy/domains/de/test/auto/knownFailedTests/HierarchicalModel.xml (Known Failure) 
28 ms. Memory: 146944K Free: 134538K (92%)


==== $PTIIhome/travis/build/icyphy/ptII/ptolemy/domains/de/test/../../../../: Auto Automatic test in file $PTII/ptolemy/domains/de/test/auto/knownFailedTests/HierarchicalModel.xml
==== Contents of test case:

	    # FIXME: we should use $relativeFilename here, but it
	    # might have backslashes under Windows, which causes no end
	    # of trouble.
	    createAndExecute $file
	    list {}
	
.... Test generated KNOWN error:
    while executing
ptolemy.kernel.util.IllegalActionException: Found a zero delay loop containing .HierarchicalModel.A
  in .HierarchicalModel and .HierarchicalModel.A
	at ptolemy.actor.util.CausalityInterfaceForComposites._computeOutputPortDepth(CausalityInterfaceForComposites.java:759)
	at ptolemy.actor.util.CausalityInterfaceForComposites._computeInputDepth(CausalityInterfaceForComposites.java:696)
	at ptolemy.actor.util.CausalityInterfaceForComposites._computeOutputPortDepth(CausalityInterfaceForComposites.java:765)
	at ptolemy.actor.util.CausalityInterfaceForComposites._computeInputDepth(CausalityInterfaceForComposites.java:696)
	at ptolemy.actor.util.CausalityInterfaceForComposites._computeOutputPortDepth(CausalityInterfaceForComposites.java:765)
	at ptolemy.actor.util.CausalityInterfaceForComposites._computeInputDepth(CausalityInterfaceForComposites.java:696)
	at ptolemy.actor.util.CausalityInterfaceForComposites._computeActorDepth(CausalityInterfaceForComposites.java:532)
	at ptolemy.actor.util.CausalityInterfaceForComposites.checkForCycles(CausalityInterfaceForComposites.java:96)
	at ptolemy.domains.de.kernel.DEDirector.preinitialize(DEDirector.java:1337)
	at ptolemy.actor.CompositeActor.preinitialize(CompositeActor.java:1828)
	at ptolemy.actor.Manager.preinitializeAndResolveTypes(Manager.java:1040)
	at ptolemy.actor.Manager.initialize(Manager.java:710)
	at ptolemy.actor.Manager.execute(Manager.java:356)
	at ptolemy.actor.Manager.run(Manager.java:1263)
	at ptolemy.actor.Manager$PtolemyRunThread.run(Manager.java:1915)

    while executing
ptolemy.kernel.util.IllegalActionException: Found a zero delay loop containing .HierarchicalModel.A
  in .HierarchicalModel and .HierarchicalModel.A
    while executing
"java::new ptolemy.moml.MoMLSimpleApplication $file
"
    (procedure "createAndExecute" line 2)
    invoked from within
"createAndExecute $file"
    ("uplevel" body line 5)
    invoked from within
"uplevel $contents_of_test"
------------------ testing $PTII/ptolemy/domains/de/test/auto/knownFailedTests/DirectFeedback.xml (Known Failure) 
10 ms. Memory: 146944K Free: 130594K (89%)


==== $PTIIhome/travis/build/icyphy/ptII/ptolemy/domains/de/test/../../../../: Auto Automatic test in file $PTII/ptolemy/domains/de/test/auto/knownFailedTests/DirectFeedback.xml
==== Contents of test case:

	    # FIXME: we should use $relativeFilename here, but it
	    # might have backslashes under Windows, which causes no end
	    # of trouble.
	    createAndExecute $file
	    list {}
	
.... Test generated KNOWN error:
    while executing
ptolemy.kernel.util.IllegalActionException: Test fails in iteration 1.
Value was: 1.0. Should have been: 2.0
  in .DirectFeedback.Test
	at ptolemy.actor.lib.Test.fire(Test.java:268)
	at ptolemy.domains.de.kernel.DEDirector._fire(DEDirector.java:1948)
	at ptolemy.domains.de.kernel.DEDirector.fire(DEDirector.java:502)
	at ptolemy.actor.CompositeActor.fire(CompositeActor.java:455)
	at ptolemy.actor.Manager.iterate(Manager.java:851)
	at ptolemy.actor.Manager.execute(Manager.java:369)
	at ptolemy.actor.Manager.run(Manager.java:1263)
	at ptolemy.actor.Manager$PtolemyRunThread.run(Manager.java:1915)

    while executing
ptolemy.kernel.util.IllegalActionException: Test fails in iteration 1.
Value was: 1.0. Should have been: 2.0
  in .DirectFeedback.Test
    while executing
"java::new ptolemy.moml.MoMLSimpleApplication $file
"
    (procedure "createAndExecute" line 2)
    invoked from within
"createAndExecute $file"
    ("uplevel" body line 5)
    invoked from within
"uplevel $contents_of_test"
------------------ testing $PTII/ptolemy/domains/de/test/auto/ActorDepthCalculation_actorWithoutPorts.xml
auto.tcl: Setting watchdog for 200 seconds at Sun Apr 29 15:14:08 UTC 2018
9 ms. Memory: 146944K Free: 121801K (83%)
ptolemy.util.test.WatchDog.cancel(): canceling Sun Apr 29 15:14:09 UTC 2018
auto.tcl: Setting watchdog for 200 seconds at Sun Apr 29 15:14:09 UTC 2018
6 ms. Memory: 146944K Free: 120751K (82%)
ptolemy.util.test.WatchDog.cancel(): canceling Sun Apr 29 15:14:09 UTC 2018
------------------ testing $PTII/ptolemy/domains/de/test/auto/AssemblyLine.xml
auto.tcl: Setting watchdog for 200 seconds at Sun Apr 29 15:14:09 UTC 2018
11 ms. Memory: 146944K Free: 129251K (88%)
ptolemy.util.test.WatchDog.cancel(): canceling Sun Apr 29 15:14:09 UTC 2018
auto.tcl: Setting watchdog for 200 seconds at Sun Apr 29 15:14:09 UTC 2018
12 ms. Memory: 146944K Free: 128214K (87%)
ptolemy.util.test.WatchDog.cancel(): canceling Sun Apr 29 15:14:09 UTC 2018
------------------ testing $PTII/ptolemy/domains/de/test/auto/CQBug1.xml
auto.tcl: Setting watchdog for 200 seconds at Sun Apr 29 15:14:09 UTC 2018
16 ms. Memory: 146944K Free: 138348K (94%)
ptolemy.util.test.WatchDog.cancel(): canceling Sun Apr 29 15:14:09 UTC 2018
auto.tcl: Setting watchdog for 200 seconds at Sun Apr 29 15:14:09 UTC 2018
3 ms. Memory: 146944K Free: 138348K (94%)
ptolemy.util.test.WatchDog.cancel(): canceling Sun Apr 29 15:14:09 UTC 2018
------------------ testing $PTII/ptolemy/domains/de/test/auto/CancelFireAt.xml
auto.tcl: Setting watchdog for 200 seconds at Sun Apr 29 15:14:09 UTC 2018
4 ms. Memory: 146944K Free: 140424K (96%)
ptolemy.util.test.WatchDog.cancel(): canceling Sun Apr 29 15:14:09 UTC 2018
auto.tcl: Setting watchdog for 200 seconds at Sun Apr 29 15:14:09 UTC 2018
3 ms. Memory: 146944K Free: 139386K (95%)
ptolemy.util.test.WatchDog.cancel(): canceling Sun Apr 29 15:14:09 UTC 2018
------------------ testing $PTII/ptolemy/domains/de/test/auto/CausalityAndComposabilityAnalysis.xml
auto.tcl: Setting watchdog for 200 seconds at Sun Apr 29 15:14:10 UTC 2018
18 ms. Memory: 146944K Free: 137005K (93%)
ptolemy.util.test.WatchDog.cancel(): canceling Sun Apr 29 15:14:10 UTC 2018
auto.tcl: Setting watchdog for 200 seconds at Sun Apr 29 15:14:10 UTC 2018
16 ms. Memory: 146944K Free: 137005K (93%)
ptolemy.util.test.WatchDog.cancel(): canceling Sun Apr 29 15:14:10 UTC 2018
------------------ testing $PTII/ptolemy/domains/de/test/auto/CausalityInterface1.xml
auto.tcl: Setting watchdog for 200 seconds at Sun Apr 29 15:14:10 UTC 2018
15 ms. Memory: 146944K Free: 136328K (93%)
ptolemy.util.test.WatchDog.cancel(): canceling Sun Apr 29 15:14:10 UTC 2018
auto.tcl: Setting watchdog for 200 seconds at Sun Apr 29 15:14:10 UTC 2018
6 ms. Memory: 146944K Free: 135291K (92%)
ptolemy.util.test.WatchDog.cancel(): canceling Sun Apr 29 15:14:10 UTC 2018
------------------ testing $PTII/ptolemy/domains/de/test/auto/CausalityInterface15.xml
auto.tcl: Setting watchdog for 200 seconds at Sun Apr 29 15:14:10 UTC 2018
11 ms. Memory: 146944K Free: 135282K (92%)
ptolemy.util.test.WatchDog.cancel(): canceling Sun Apr 29 15:14:10 UTC 2018
auto.tcl: Setting watchdog for 200 seconds at Sun Apr 29 15:14:10 UTC 2018
16 ms. Memory: 146944K Free: 134245K (91%)
ptolemy.util.test.WatchDog.cancel(): canceling Sun Apr 29 15:14:10 UTC 2018
------------------ testing $PTII/ptolemy/domains/de/test/auto/CausalityInterface2.xml
auto.tcl: Setting watchdog for 200 seconds at Sun Apr 29 15:14:10 UTC 2018
7 ms. Memory: 146944K Free: 136304K (93%)
ptolemy.util.test.WatchDog.cancel(): canceling Sun Apr 29 15:14:10 UTC 2018
auto.tcl: Setting watchdog for 200 seconds at Sun Apr 29 15:14:10 UTC 2018
4 ms. Memory: 146944K Free: 136304K (93%)
ptolemy.util.test.WatchDog.cancel(): canceling Sun Apr 29 15:14:10 UTC 2018
------------------ testing $PTII/ptolemy/domains/de/test/auto/CausalityInterface3.xml
auto.tcl: Setting watchdog for 200 seconds at Sun Apr 29 15:14:10 UTC 2018
9 ms. Memory: 146944K Free: 136316K (93%)
ptolemy.util.test.WatchDog.cancel(): canceling Sun Apr 29 15:14:10 UTC 2018
auto.tcl: Setting watchdog for 200 seconds at Sun Apr 29 15:14:10 UTC 2018
6 ms. Memory: 146944K Free: 135278K (92%)
ptolemy.util.test.WatchDog.cancel(): canceling Sun Apr 29 15:14:10 UTC 2018
------------------ testing $PTII/ptolemy/domains/de/test/auto/ClockDrift.xml
auto.tcl: Setting watchdog for 200 seconds at Sun Apr 29 15:14:10 UTC 2018
148 ms. Memory: 146944K Free: 128236K (87%)
ptolemy.util.test.WatchDog.cancel(): canceling Sun Apr 29 15:14:11 UTC 2018
auto.tcl: Setting watchdog for 200 seconds at Sun Apr 29 15:14:11 UTC 2018
111 ms. Memory: 146944K Free: 125124K (85%)
ptolemy.util.test.WatchDog.cancel(): canceling Sun Apr 29 15:14:11 UTC 2018
------------------ testing $PTII/ptolemy/domains/de/test/auto/ClockDriftAndValueChange.xml
auto.tcl: Setting watchdog for 200 seconds at Sun Apr 29 15:14:11 UTC 2018
58 ms. Memory: 146944K Free: 128067K (87%)
ptolemy.util.test.WatchDog.cancel(): canceling Sun Apr 29 15:14:11 UTC 2018
auto.tcl: Setting watchdog for 200 seconds at Sun Apr 29 15:14:11 UTC 2018
46 ms. Memory: 146944K Free: 124955K (85%)
ptolemy.util.test.WatchDog.cancel(): canceling Sun Apr 29 15:14:11 UTC 2018
------------------ testing $PTII/ptolemy/domains/de/test/auto/ClockDriftChange.xml
auto.tcl: Setting watchdog for 200 seconds at Sun Apr 29 15:14:11 UTC 2018
57 ms. Memory: 146944K Free: 130738K (89%)
ptolemy.util.test.WatchDog.cancel(): canceling Sun Apr 29 15:14:11 UTC 2018
auto.tcl: Setting watchdog for 200 seconds at Sun Apr 29 15:14:11 UTC 2018
45 ms. Memory: 146944K Free: 127626K (87%)
ptolemy.util.test.WatchDog.cancel(): canceling Sun Apr 29 15:14:11 UTC 2018
------------------ testing $PTII/ptolemy/domains/de/test/auto/ComposableCausalityAnalysis.xml
auto.tcl: Setting watchdog for 200 seconds at Sun Apr 29 15:14:11 UTC 2018
3 ms. Memory: 146944K Free: 135245K (92%)
ptolemy.util.test.WatchDog.cancel(): canceling Sun Apr 29 15:14:11 UTC 2018
auto.tcl: Setting watchdog for 200 seconds at Sun Apr 29 15:14:11 UTC 2018
4 ms. Memory: 146944K Free: 134207K (91%)
ptolemy.util.test.WatchDog.cancel(): canceling Sun Apr 29 15:14:11 UTC 2018
------------------ testing $PTII/ptolemy/domains/de/test/auto/DEFixedPointLimitation.xml
auto.tcl: Setting watchdog for 200 seconds at Sun Apr 29 15:14:11 UTC 2018
6 ms. Memory: 146944K Free: 136253K (93%)
ptolemy.util.test.WatchDog.cancel(): canceling Sun Apr 29 15:14:11 UTC 2018
auto.tcl: Setting watchdog for 200 seconds at Sun Apr 29 15:14:11 UTC 2018
2 ms. Memory: 146944K Free: 136253K (93%)
ptolemy.util.test.WatchDog.cancel(): canceling Sun Apr 29 15:14:11 UTC 2018
------------------ testing $PTII/ptolemy/domains/de/test/auto/DEScheduleTest.xml
auto.tcl: Setting watchdog for 200 seconds at Sun Apr 29 15:14:11 UTC 2018
8 ms. Memory: 146944K Free: 137326K (93%)
ptolemy.util.test.WatchDog.cancel(): canceling Sun Apr 29 15:14:11 UTC 2018
auto.tcl: Setting watchdog for 200 seconds at Sun Apr 29 15:14:11 UTC 2018
4 ms. Memory: 146944K Free: 136289K (93%)
ptolemy.util.test.WatchDog.cancel(): canceling Sun Apr 29 15:14:11 UTC 2018
------------------ testing $PTII/ptolemy/domains/de/test/auto/DEinDEwithStartTimes.xml
auto.tcl: Setting watchdog for 200 seconds at Sun Apr 29 15:14:11 UTC 2018
7 ms. Memory: 146944K Free: 135221K (92%)
ptolemy.util.test.WatchDog.cancel(): canceling Sun Apr 29 15:14:11 UTC 2018
auto.tcl: Setting watchdog for 200 seconds at Sun Apr 29 15:14:11 UTC 2018
6 ms. Memory: 146944K Free: 134183K (91%)
ptolemy.util.test.WatchDog.cancel(): canceling Sun Apr 29 15:14:11 UTC 2018
------------------ testing $PTII/ptolemy/domains/de/test/auto/DEinDEwithStartTimes2.xml
auto.tcl: Setting watchdog for 200 seconds at Sun Apr 29 15:14:12 UTC 2018
12 ms. Memory: 146944K Free: 135311K (92%)
ptolemy.util.test.WatchDog.cancel(): canceling Sun Apr 29 15:14:12 UTC 2018
auto.tcl: Setting watchdog for 200 seconds at Sun Apr 29 15:14:12 UTC 2018
8 ms. Memory: 146944K Free: 134164K (91%)
ptolemy.util.test.WatchDog.cancel(): canceling Sun Apr 29 15:14:12 UTC 2018
------------------ testing $PTII/ptolemy/domains/de/test/auto/DateDemo.xml
auto.tcl: Setting watchdog for 200 seconds at Sun Apr 29 15:14:12 UTC 2018
20 ms. Memory: 146944K Free: 129375K (88%)
ptolemy.util.test.WatchDog.cancel(): canceling Sun Apr 29 15:14:12 UTC 2018
auto.tcl: Setting watchdog for 200 seconds at Sun Apr 29 15:14:12 UTC 2018
14 ms. Memory: 146944K Free: 127300K (87%)
ptolemy.util.test.WatchDog.cancel(): canceling Sun Apr 29 15:14:12 UTC 2018
------------------ testing $PTII/ptolemy/domains/de/test/auto/DateToEvent.xml
auto.tcl: Setting watchdog for 200 seconds at Sun Apr 29 15:14:12 UTC 2018
2019 ms. Memory: 146944K Free: 122522K (83%)
ptolemy.util.test.WatchDog.cancel(): canceling Sun Apr 29 15:14:14 UTC 2018
auto.tcl: Setting watchdog for 200 seconds at Sun Apr 29 15:14:14 UTC 2018
2007 ms. Memory: 146944K Free: 121485K (83%)
ptolemy.util.test.WatchDog.cancel(): canceling Sun Apr 29 15:14:16 UTC 2018
------------------ testing $PTII/ptolemy/domains/de/test/auto/DepthTest1.xml
auto.tcl: Setting watchdog for 200 seconds at Sun Apr 29 15:14:16 UTC 2018
5 ms. Memory: 146944K Free: 138183K (94%)
ptolemy.util.test.WatchDog.cancel(): canceling Sun Apr 29 15:14:16 UTC 2018
auto.tcl: Setting watchdog for 200 seconds at Sun Apr 29 15:14:16 UTC 2018
3 ms. Memory: 146944K Free: 138183K (94%)
ptolemy.util.test.WatchDog.cancel(): canceling Sun Apr 29 15:14:16 UTC 2018
------------------ testing $PTII/ptolemy/domains/de/test/auto/DepthTest2.xml
auto.tcl: Setting watchdog for 200 seconds at Sun Apr 29 15:14:16 UTC 2018
9 ms. Memory: 146944K Free: 133896K (91%)
ptolemy.util.test.WatchDog.cancel(): canceling Sun Apr 29 15:14:16 UTC 2018
auto.tcl: Setting watchdog for 200 seconds at Sun Apr 29 15:14:16 UTC 2018
4 ms. Memory: 146944K Free: 133896K (91%)
ptolemy.util.test.WatchDog.cancel(): canceling Sun Apr 29 15:14:16 UTC 2018
------------------ testing $PTII/ptolemy/domains/de/test/auto/DepthTest3.xml
auto.tcl: Setting watchdog for 200 seconds at Sun Apr 29 15:14:16 UTC 2018
3 ms. Memory: 146944K Free: 138515K (94%)
ptolemy.util.test.WatchDog.cancel(): canceling Sun Apr 29 15:14:16 UTC 2018
auto.tcl: Setting watchdog for 200 seconds at Sun Apr 29 15:14:16 UTC 2018
2 ms. Memory: 146944K Free: 138515K (94%)
ptolemy.util.test.WatchDog.cancel(): canceling Sun Apr 29 15:14:16 UTC 2018
------------------ testing $PTII/ptolemy/domains/de/test/auto/DepthTest4.xml
auto.tcl: Setting watchdog for 200 seconds at Sun Apr 29 15:14:16 UTC 2018
7 ms. Memory: 146944K Free: 136528K (93%)
ptolemy.util.test.WatchDog.cancel(): canceling Sun Apr 29 15:14:16 UTC 2018
auto.tcl: Setting watchdog for 200 seconds at Sun Apr 29 15:14:16 UTC 2018
3 ms. Memory: 146944K Free: 134876K (92%)
ptolemy.util.test.WatchDog.cancel(): canceling Sun Apr 29 15:14:16 UTC 2018
------------------ testing $PTII/ptolemy/domains/de/test/auto/DepthTest5.xml
auto.tcl: Setting watchdog for 200 seconds at Sun Apr 29 15:14:16 UTC 2018
5 ms. Memory: 146944K Free: 134822K (92%)
ptolemy.util.test.WatchDog.cancel(): canceling Sun Apr 29 15:14:16 UTC 2018
auto.tcl: Setting watchdog for 200 seconds at Sun Apr 29 15:14:16 UTC 2018
3 ms. Memory: 146944K Free: 134822K (92%)
ptolemy.util.test.WatchDog.cancel(): canceling Sun Apr 29 15:14:16 UTC 2018
------------------ testing $PTII/ptolemy/domains/de/test/auto/DepthTest6.xml
auto.tcl: Setting watchdog for 200 seconds at Sun Apr 29 15:14:16 UTC 2018
10 ms. Memory: 146944K Free: 134894K (92%)
ptolemy.util.test.WatchDog.cancel(): canceling Sun Apr 29 15:14:17 UTC 2018
auto.tcl: Setting watchdog for 200 seconds at Sun Apr 29 15:14:17 UTC 2018
4 ms. Memory: 146944K Free: 134894K (92%)
ptolemy.util.test.WatchDog.cancel(): canceling Sun Apr 29 15:14:17 UTC 2018
------------------ testing $PTII/ptolemy/domains/de/test/auto/DepthTest7.xml
auto.tcl: Setting watchdog for 200 seconds at Sun Apr 29 15:14:17 UTC 2018
4 ms. Memory: 146944K Free: 135818K (92%)
ptolemy.util.test.WatchDog.cancel(): canceling Sun Apr 29 15:14:17 UTC 2018
auto.tcl: Setting watchdog for 200 seconds at Sun Apr 29 15:14:17 UTC 2018
3 ms. Memory: 146944K Free: 134781K (92%)
ptolemy.util.test.WatchDog.cancel(): canceling Sun Apr 29 15:14:17 UTC 2018
------------------ testing $PTII/ptolemy/domains/de/test/auto/EventToDate.xml
auto.tcl: Setting watchdog for 200 seconds at Sun Apr 29 15:14:17 UTC 2018
3011 ms. Memory: 146944K Free: 124238K (85%)
ptolemy.util.test.WatchDog.cancel(): canceling Sun Apr 29 15:14:20 UTC 2018
auto.tcl: Setting watchdog for 200 seconds at Sun Apr 29 15:14:20 UTC 2018
3006 ms. Memory: 146944K Free: 123201K (84%)
ptolemy.util.test.WatchDog.cancel(): canceling Sun Apr 29 15:14:23 UTC 2018
------------------ testing $PTII/ptolemy/domains/de/test/auto/FSM1.xml
auto.tcl: Setting watchdog for 200 seconds at Sun Apr 29 15:14:23 UTC 2018
49 ms. Memory: 146944K Free: 126814K (86%)
ptolemy.util.test.WatchDog.cancel(): canceling Sun Apr 29 15:14:23 UTC 2018
auto.tcl: Setting watchdog for 200 seconds at Sun Apr 29 15:14:23 UTC 2018
39 ms. Memory: 146944K Free: 122474K (83%)
ptolemy.util.test.WatchDog.cancel(): canceling Sun Apr 29 15:14:23 UTC 2018
------------------ testing $PTII/ptolemy/domains/de/test/auto/FSM7.xml
auto.tcl: Setting watchdog for 200 seconds at Sun Apr 29 15:14:23 UTC 2018
22 ms. Memory: 146944K Free: 127020K (86%)
ptolemy.util.test.WatchDog.cancel(): canceling Sun Apr 29 15:14:23 UTC 2018
auto.tcl: Setting watchdog for 200 seconds at Sun Apr 29 15:14:23 UTC 2018
20 ms. Memory: 146944K Free: 123908K (84%)
ptolemy.util.test.WatchDog.cancel(): canceling Sun Apr 29 15:14:23 UTC 2018
------------------ testing $PTII/ptolemy/domains/de/test/auto/Inspection.xml
auto.tcl: Setting watchdog for 200 seconds at Sun Apr 29 15:14:23 UTC 2018
47 ms. Memory: 146944K Free: 127813K (87%)
ptolemy.util.test.WatchDog.cancel(): canceling Sun Apr 29 15:14:23 UTC 2018
auto.tcl: Setting watchdog for 200 seconds at Sun Apr 29 15:14:23 UTC 2018
69 ms. Memory: 146944K Free: 125738K (86%)
ptolemy.util.test.WatchDog.cancel(): canceling Sun Apr 29 15:14:23 UTC 2018
------------------ testing $PTII/ptolemy/domains/de/test/auto/Iteration.xml
auto.tcl: Setting watchdog for 200 seconds at Sun Apr 29 15:14:23 UTC 2018
22 ms. Memory: 146944K Free: 133554K (91%)
ptolemy.util.test.WatchDog.cancel(): canceling Sun Apr 29 15:14:24 UTC 2018
auto.tcl: Setting watchdog for 200 seconds at Sun Apr 29 15:14:24 UTC 2018
18 ms. Memory: 146944K Free: 132516K (90%)
ptolemy.util.test.WatchDog.cancel(): canceling Sun Apr 29 15:14:24 UTC 2018
------------------ testing $PTII/ptolemy/domains/de/test/auto/LineFault.xml
auto.tcl: Setting watchdog for 200 seconds at Sun Apr 29 15:14:24 UTC 2018
1365 ms. Memory: 146944K Free: 136891K (93%)
ptolemy.util.test.WatchDog.cancel(): canceling Sun Apr 29 15:14:25 UTC 2018
auto.tcl: Setting watchdog for 200 seconds at Sun Apr 29 15:14:25 UTC 2018
960 ms. Memory: 146944K Free: 81251K (55%)
ptolemy.util.test.WatchDog.cancel(): canceling Sun Apr 29 15:14:26 UTC 2018
------------------ testing $PTII/ptolemy/domains/de/test/auto/MergeModel1Add.xml
auto.tcl: Setting watchdog for 200 seconds at Sun Apr 29 15:14:26 UTC 2018
30 ms. Memory: 209920K Free: 180406K (86%)
ptolemy.util.test.WatchDog.cancel(): canceling Sun Apr 29 15:14:27 UTC 2018
auto.tcl: Setting watchdog for 200 seconds at Sun Apr 29 15:14:27 UTC 2018
26 ms. Memory: 209920K Free: 178523K (85%)
ptolemy.util.test.WatchDog.cancel(): canceling Sun Apr 29 15:14:27 UTC 2018
------------------ testing $PTII/ptolemy/domains/de/test/auto/MergeModel2Add.xml
auto.tcl: Setting watchdog for 200 seconds at Sun Apr 29 15:14:27 UTC 2018
15 ms. Memory: 210432K Free: 184082K (87%)
ptolemy.util.test.WatchDog.cancel(): canceling Sun Apr 29 15:14:27 UTC 2018
auto.tcl: Setting watchdog for 200 seconds at Sun Apr 29 15:14:27 UTC 2018
18 ms. Memory: 210432K Free: 182215K (87%)
ptolemy.util.test.WatchDog.cancel(): canceling Sun Apr 29 15:14:27 UTC 2018
------------------ testing $PTII/ptolemy/domains/de/test/auto/MergeModel3Add.xml
auto.tcl: Setting watchdog for 200 seconds at Sun Apr 29 15:14:27 UTC 2018
17 ms. Memory: 209920K Free: 181618K (87%)
ptolemy.util.test.WatchDog.cancel(): canceling Sun Apr 29 15:14:27 UTC 2018
auto.tcl: Setting watchdog for 200 seconds at Sun Apr 29 15:14:27 UTC 2018
15 ms. Memory: 209920K Free: 181618K (87%)
ptolemy.util.test.WatchDog.cancel(): canceling Sun Apr 29 15:14:27 UTC 2018
------------------ testing $PTII/ptolemy/domains/de/test/auto/MergeWithoutDiscard.xml
auto.tcl: Setting watchdog for 200 seconds at Sun Apr 29 15:14:27 UTC 2018
3 ms. Memory: 210432K Free: 198562K (94%)
ptolemy.util.test.WatchDog.cancel(): canceling Sun Apr 29 15:14:27 UTC 2018
auto.tcl: Setting watchdog for 200 seconds at Sun Apr 29 15:14:27 UTC 2018
1 ms. Memory: 210432K Free: 198562K (94%)
ptolemy.util.test.WatchDog.cancel(): canceling Sun Apr 29 15:14:27 UTC 2018
------------------ testing $PTII/ptolemy/domains/de/test/auto/Modal1.xml
auto.tcl: Setting watchdog for 200 seconds at Sun Apr 29 15:14:27 UTC 2018
32 ms. Memory: 210432K Free: 190201K (90%)
ptolemy.util.test.WatchDog.cancel(): canceling Sun Apr 29 15:14:27 UTC 2018
auto.tcl: Setting watchdog for 200 seconds at Sun Apr 29 15:14:27 UTC 2018
40 ms. Memory: 210432K Free: 186435K (89%)
ptolemy.util.test.WatchDog.cancel(): canceling Sun Apr 29 15:14:27 UTC 2018
------------------ testing $PTII/ptolemy/domains/de/test/auto/Modal2.xml
auto.tcl: Setting watchdog for 200 seconds at Sun Apr 29 15:14:27 UTC 2018
20 ms. Memory: 210432K Free: 190083K (90%)
ptolemy.util.test.WatchDog.cancel(): canceling Sun Apr 29 15:14:27 UTC 2018
auto.tcl: Setting watchdog for 200 seconds at Sun Apr 29 15:14:27 UTC 2018
21 ms. Memory: 210432K Free: 186333K (89%)
ptolemy.util.test.WatchDog.cancel(): canceling Sun Apr 29 15:14:27 UTC 2018
------------------ testing $PTII/ptolemy/domains/de/test/auto/Modal3.xml
auto.tcl: Setting watchdog for 200 seconds at Sun Apr 29 15:14:28 UTC 2018
23 ms. Memory: 210432K Free: 190066K (90%)
ptolemy.util.test.WatchDog.cancel(): canceling Sun Apr 29 15:14:28 UTC 2018
auto.tcl: Setting watchdog for 200 seconds at Sun Apr 29 15:14:28 UTC 2018
17 ms. Memory: 210432K Free: 186284K (89%)
ptolemy.util.test.WatchDog.cancel(): canceling Sun Apr 29 15:14:28 UTC 2018
------------------ testing $PTII/ptolemy/domains/de/test/auto/Modal4.xml
auto.tcl: Setting watchdog for 200 seconds at Sun Apr 29 15:14:28 UTC 2018
18 ms. Memory: 208384K Free: 188054K (90%)
ptolemy.util.test.WatchDog.cancel(): canceling Sun Apr 29 15:14:28 UTC 2018
auto.tcl: Setting watchdog for 200 seconds at Sun Apr 29 15:14:28 UTC 2018
21 ms. Memory: 208384K Free: 184288K (88%)
ptolemy.util.test.WatchDog.cancel(): canceling Sun Apr 29 15:14:28 UTC 2018
------------------ testing $PTII/ptolemy/domains/de/test/auto/Modal5.xml
auto.tcl: Setting watchdog for 200 seconds at Sun Apr 29 15:14:28 UTC 2018
23 ms. Memory: 209920K Free: 189561K (90%)
ptolemy.util.test.WatchDog.cancel(): canceling Sun Apr 29 15:14:28 UTC 2018
auto.tcl: Setting watchdog for 200 seconds at Sun Apr 29 15:14:28 UTC 2018
23 ms. Memory: 209920K Free: 185787K (89%)
ptolemy.util.test.WatchDog.cancel(): canceling Sun Apr 29 15:14:28 UTC 2018
------------------ testing $PTII/ptolemy/domains/de/test/auto/Modal6.xml
auto.tcl: Setting watchdog for 200 seconds at Sun Apr 29 15:14:28 UTC 2018
21 ms. Memory: 209920K Free: 189596K (90%)
ptolemy.util.test.WatchDog.cancel(): canceling Sun Apr 29 15:14:28 UTC 2018
auto.tcl: Setting watchdog for 200 seconds at Sun Apr 29 15:14:28 UTC 2018
23 ms. Memory: 209920K Free: 185752K (88%)
ptolemy.util.test.WatchDog.cancel(): canceling Sun Apr 29 15:14:28 UTC 2018
------------------ testing $PTII/ptolemy/domains/de/test/auto/Modal7.xml
auto.tcl: Setting watchdog for 200 seconds at Sun Apr 29 15:14:28 UTC 2018
18 ms. Memory: 209920K Free: 187652K (89%)
ptolemy.util.test.WatchDog.cancel(): canceling Sun Apr 29 15:14:28 UTC 2018
auto.tcl: Setting watchdog for 200 seconds at Sun Apr 29 15:14:28 UTC 2018
15 ms. Memory: 209920K Free: 183887K (88%)
ptolemy.util.test.WatchDog.cancel(): canceling Sun Apr 29 15:14:28 UTC 2018
------------------ testing $PTII/ptolemy/domains/de/test/auto/ModalModel.xml
auto.tcl: Setting watchdog for 200 seconds at Sun Apr 29 15:14:28 UTC 2018
292 ms. Memory: 209920K Free: 130407K (62%)
ptolemy.util.test.WatchDog.cancel(): canceling Sun Apr 29 15:14:29 UTC 2018
auto.tcl: Setting watchdog for 200 seconds at Sun Apr 29 15:14:29 UTC 2018
304 ms. Memory: 209920K Free: 198602K (95%)
ptolemy.util.test.WatchDog.cancel(): canceling Sun Apr 29 15:14:29 UTC 2018
------------------ testing $PTII/ptolemy/domains/de/test/auto/ModalSource.xml
auto.tcl: Setting watchdog for 200 seconds at Sun Apr 29 15:14:29 UTC 2018
10 ms. Memory: 209920K Free: 194629K (93%)
ptolemy.util.test.WatchDog.cancel(): canceling Sun Apr 29 15:14:29 UTC 2018
auto.tcl: Setting watchdog for 200 seconds at Sun Apr 29 15:14:29 UTC 2018
13 ms. Memory: 209920K Free: 192882K (92%)
ptolemy.util.test.WatchDog.cancel(): canceling Sun Apr 29 15:14:29 UTC 2018
------------------ testing $PTII/ptolemy/domains/de/test/auto/NonInterruptibleTimerZeroDelay.xml
auto.tcl: Setting watchdog for 200 seconds at Sun Apr 29 15:14:29 UTC 2018
5 ms. Memory: 336896K Free: 325772K (97%)
ptolemy.util.test.WatchDog.cancel(): canceling Sun Apr 29 15:14:29 UTC 2018
auto.tcl: Setting watchdog for 200 seconds at Sun Apr 29 15:14:29 UTC 2018
4 ms. Memory: 336896K Free: 322294K (96%)
ptolemy.util.test.WatchDog.cancel(): canceling Sun Apr 29 15:14:29 UTC 2018
------------------ testing $PTII/ptolemy/domains/de/test/auto/OpenQueueingNetwork.xml
auto.tcl: Setting watchdog for 200 seconds at Sun Apr 29 15:14:29 UTC 2018
5302 ms. Memory: 323584K Free: 197392K (61%)
ptolemy.util.test.WatchDog.cancel(): canceling Sun Apr 29 15:14:35 UTC 2018
auto.tcl: Setting watchdog for 200 seconds at Sun Apr 29 15:14:35 UTC 2018
2711 ms. Memory: 304640K Free: 111970K (37%)
ptolemy.util.test.WatchDog.cancel(): canceling Sun Apr 29 15:14:37 UTC 2018
------------------ testing $PTII/ptolemy/domains/de/test/auto/OpenQueuingNetwork.xml
auto.tcl: Setting watchdog for 200 seconds at Sun Apr 29 15:14:37 UTC 2018
428 ms. Memory: 303104K Free: 202873K (67%)
ptolemy.util.test.WatchDog.cancel(): canceling Sun Apr 29 15:14:38 UTC 2018
auto.tcl: Setting watchdog for 200 seconds at Sun Apr 29 15:14:38 UTC 2018
439 ms. Memory: 303104K Free: 143818K (47%)
ptolemy.util.test.WatchDog.cancel(): canceling Sun Apr 29 15:14:38 UTC 2018
------------------ testing $PTII/ptolemy/domains/de/test/auto/PeriodicSampler.xml
auto.tcl: Setting watchdog for 200 seconds at Sun Apr 29 15:14:38 UTC 2018
4 ms. Memory: 304640K Free: 291332K (96%)
ptolemy.util.test.WatchDog.cancel(): canceling Sun Apr 29 15:14:39 UTC 2018
auto.tcl: Setting watchdog for 200 seconds at Sun Apr 29 15:14:39 UTC 2018
3 ms. Memory: 304640K Free: 288191K (95%)
ptolemy.util.test.WatchDog.cancel(): canceling Sun Apr 29 15:14:39 UTC 2018
------------------ testing $PTII/ptolemy/domains/de/test/auto/PersistentIO.xml
auto.tcl: Setting watchdog for 200 seconds at Sun Apr 29 15:14:39 UTC 2018
24 ms. Memory: 303104K Free: 284096K (94%)
ptolemy.util.test.WatchDog.cancel(): canceling Sun Apr 29 15:14:39 UTC 2018
auto.tcl: Setting watchdog for 200 seconds at Sun Apr 29 15:14:39 UTC 2018
6 ms. Memory: 303104K Free: 280947K (93%)
ptolemy.util.test.WatchDog.cancel(): canceling Sun Apr 29 15:14:39 UTC 2018
------------------ testing $PTII/ptolemy/domains/de/test/auto/PortParameterResetOnInitialize.xml
auto.tcl: Setting watchdog for 200 seconds at Sun Apr 29 15:14:39 UTC 2018
4 ms. Memory: 304640K Free: 288635K (95%)
ptolemy.util.test.WatchDog.cancel(): canceling Sun Apr 29 15:14:39 UTC 2018
auto.tcl: Setting watchdog for 200 seconds at Sun Apr 29 15:14:39 UTC 2018
3 ms. Memory: 304640K Free: 288635K (95%)
ptolemy.util.test.WatchDog.cancel(): canceling Sun Apr 29 15:14:39 UTC 2018
------------------ testing $PTII/ptolemy/domains/de/test/auto/PortParameterUpdates.xml
auto.tcl: Setting watchdog for 200 seconds at Sun Apr 29 15:14:39 UTC 2018
6 ms. Memory: 303104K Free: 287202K (95%)
ptolemy.util.test.WatchDog.cancel(): canceling Sun Apr 29 15:14:39 UTC 2018
auto.tcl: Setting watchdog for 200 seconds at Sun Apr 29 15:14:39 UTC 2018
7 ms. Memory: 303104K Free: 284061K (94%)
ptolemy.util.test.WatchDog.cancel(): canceling Sun Apr 29 15:14:39 UTC 2018
------------------ testing $PTII/ptolemy/domains/de/test/auto/QueueAndServer.xml
auto.tcl: Setting watchdog for 200 seconds at Sun Apr 29 15:14:39 UTC 2018
28 ms. Memory: 304128K Free: 285062K (94%)
ptolemy.util.test.WatchDog.cancel(): canceling Sun Apr 29 15:14:39 UTC 2018
auto.tcl: Setting watchdog for 200 seconds at Sun Apr 29 15:14:39 UTC 2018
14 ms. Memory: 304128K Free: 285062K (94%)
ptolemy.util.test.WatchDog.cancel(): canceling Sun Apr 29 15:14:39 UTC 2018
------------------ testing $PTII/ptolemy/domains/de/test/auto/Records.xml
auto.tcl: Setting watchdog for 200 seconds at Sun Apr 29 15:14:39 UTC 2018
7 ms. Memory: 303104K Free: 287108K (95%)
ptolemy.util.test.WatchDog.cancel(): canceling Sun Apr 29 15:14:39 UTC 2018
auto.tcl: Setting watchdog for 200 seconds at Sun Apr 29 15:14:39 UTC 2018
6 ms. Memory: 303104K Free: 287108K (95%)
ptolemy.util.test.WatchDog.cancel(): canceling Sun Apr 29 15:14:39 UTC 2018
------------------ testing $PTII/ptolemy/domains/de/test/auto/ResetTransitionWithStartTime1.xml
auto.tcl: Setting watchdog for 200 seconds at Sun Apr 29 15:14:39 UTC 2018
21 ms. Memory: 304128K Free: 287217K (94%)
ptolemy.util.test.WatchDog.cancel(): canceling Sun Apr 29 15:14:39 UTC 2018
auto.tcl: Setting watchdog for 200 seconds at Sun Apr 29 15:14:39 UTC 2018
12 ms. Memory: 304128K Free: 287217K (94%)
ptolemy.util.test.WatchDog.cancel(): canceling Sun Apr 29 15:14:39 UTC 2018
------------------ testing $PTII/ptolemy/domains/de/test/auto/ResetTransitionWithStartTime2.xml
auto.tcl: Setting watchdog for 200 seconds at Sun Apr 29 15:14:39 UTC 2018
8 ms. Memory: 303104K Free: 286214K (94%)
ptolemy.util.test.WatchDog.cancel(): canceling Sun Apr 29 15:14:39 UTC 2018
auto.tcl: Setting watchdog for 200 seconds at Sun Apr 29 15:14:39 UTC 2018
10 ms. Memory: 303104K Free: 286214K (94%)
ptolemy.util.test.WatchDog.cancel(): canceling Sun Apr 29 15:14:39 UTC 2018
------------------ testing $PTII/ptolemy/domains/de/test/auto/ResetTransitionWithStartTime3.xml
auto.tcl: Setting watchdog for 200 seconds at Sun Apr 29 15:14:39 UTC 2018
13 ms. Memory: 304128K Free: 284989K (94%)
ptolemy.util.test.WatchDog.cancel(): canceling Sun Apr 29 15:14:39 UTC 2018
auto.tcl: Setting watchdog for 200 seconds at Sun Apr 29 15:14:39 UTC 2018
16 ms. Memory: 304128K Free: 284989K (94%)
ptolemy.util.test.WatchDog.cancel(): canceling Sun Apr 29 15:14:39 UTC 2018
------------------ testing $PTII/ptolemy/domains/de/test/auto/ResetTransitionWithStartTime4.xml
auto.tcl: Setting watchdog for 200 seconds at Sun Apr 29 15:14:39 UTC 2018
6 ms. Memory: 303104K Free: 286210K (94%)
ptolemy.util.test.WatchDog.cancel(): canceling Sun Apr 29 15:14:39 UTC 2018
auto.tcl: Setting watchdog for 200 seconds at Sun Apr 29 15:14:39 UTC 2018
7 ms. Memory: 303104K Free: 286210K (94%)
ptolemy.util.test.WatchDog.cancel(): canceling Sun Apr 29 15:14:39 UTC 2018
------------------ testing $PTII/ptolemy/domains/de/test/auto/ResettableTimer1.xml
auto.tcl: Setting watchdog for 200 seconds at Sun Apr 29 15:14:40 UTC 2018
7 ms. Memory: 303616K Free: 287674K (95%)
ptolemy.util.test.WatchDog.cancel(): canceling Sun Apr 29 15:14:40 UTC 2018
auto.tcl: Setting watchdog for 200 seconds at Sun Apr 29 15:14:40 UTC 2018
6 ms. Memory: 303616K Free: 287674K (95%)
ptolemy.util.test.WatchDog.cancel(): canceling Sun Apr 29 15:14:40 UTC 2018
------------------ testing $PTII/ptolemy/domains/de/test/auto/ResettableTimer2.xml
auto.tcl: Setting watchdog for 200 seconds at Sun Apr 29 15:14:40 UTC 2018
7 ms. Memory: 303104K Free: 287212K (95%)
ptolemy.util.test.WatchDog.cancel(): canceling Sun Apr 29 15:14:40 UTC 2018
auto.tcl: Setting watchdog for 200 seconds at Sun Apr 29 15:14:40 UTC 2018
3 ms. Memory: 303104K Free: 287212K (95%)
ptolemy.util.test.WatchDog.cancel(): canceling Sun Apr 29 15:14:40 UTC 2018
------------------ testing $PTII/ptolemy/domains/de/test/auto/ResettableTimer3.xml
auto.tcl: Setting watchdog for 200 seconds at Sun Apr 29 15:14:40 UTC 2018
3 ms. Memory: 303616K Free: 287701K (95%)
ptolemy.util.test.WatchDog.cancel(): canceling Sun Apr 29 15:14:40 UTC 2018
auto.tcl: Setting watchdog for 200 seconds at Sun Apr 29 15:14:40 UTC 2018
2 ms. Memory: 303616K Free: 287701K (95%)
ptolemy.util.test.WatchDog.cancel(): canceling Sun Apr 29 15:14:40 UTC 2018
------------------ testing $PTII/ptolemy/domains/de/test/auto/ResettableTimer4.xml
auto.tcl: Setting watchdog for 200 seconds at Sun Apr 29 15:14:40 UTC 2018
2 ms. Memory: 303104K Free: 287232K (95%)
ptolemy.util.test.WatchDog.cancel(): canceling Sun Apr 29 15:14:40 UTC 2018
auto.tcl: Setting watchdog for 200 seconds at Sun Apr 29 15:14:40 UTC 2018
1 ms. Memory: 303104K Free: 287232K (95%)
ptolemy.util.test.WatchDog.cancel(): canceling Sun Apr 29 15:14:40 UTC 2018
------------------ testing $PTII/ptolemy/domains/de/test/auto/ResettableTimer5.xml
auto.tcl: Setting watchdog for 200 seconds at Sun Apr 29 15:14:40 UTC 2018
3 ms. Memory: 303616K Free: 287696K (95%)
ptolemy.util.test.WatchDog.cancel(): canceling Sun Apr 29 15:14:40 UTC 2018
auto.tcl: Setting watchdog for 200 seconds at Sun Apr 29 15:14:40 UTC 2018
3 ms. Memory: 303616K Free: 287696K (95%)
ptolemy.util.test.WatchDog.cancel(): canceling Sun Apr 29 15:14:40 UTC 2018
------------------ testing $PTII/ptolemy/domains/de/test/auto/ResettableTimer6.xml
auto.tcl: Setting watchdog for 200 seconds at Sun Apr 29 15:14:40 UTC 2018
2 ms. Memory: 303104K Free: 289358K (95%)
ptolemy.util.test.WatchDog.cancel(): canceling Sun Apr 29 15:14:40 UTC 2018
auto.tcl: Setting watchdog for 200 seconds at Sun Apr 29 15:14:40 UTC 2018
2 ms. Memory: 303104K Free: 289358K (95%)
ptolemy.util.test.WatchDog.cancel(): canceling Sun Apr 29 15:14:40 UTC 2018
------------------ testing $PTII/ptolemy/domains/de/test/auto/ServerZeroDelay.xml
auto.tcl: Setting watchdog for 200 seconds at Sun Apr 29 15:14:40 UTC 2018
4 ms. Memory: 303616K Free: 289882K (95%)
ptolemy.util.test.WatchDog.cancel(): canceling Sun Apr 29 15:14:40 UTC 2018
auto.tcl: Setting watchdog for 200 seconds at Sun Apr 29 15:14:40 UTC 2018
4 ms. Memory: 303616K Free: 289882K (95%)
ptolemy.util.test.WatchDog.cancel(): canceling Sun Apr 29 15:14:40 UTC 2018
------------------ testing $PTII/ptolemy/domains/de/test/auto/SmartSender.xml
auto.tcl: Setting watchdog for 200 seconds at Sun Apr 29 15:14:40 UTC 2018
3002 ms. Memory: 303104K Free: 287149K (95%)
ptolemy.util.test.WatchDog.cancel(): canceling Sun Apr 29 15:14:43 UTC 2018
auto.tcl: Setting watchdog for 200 seconds at Sun Apr 29 15:14:43 UTC 2018
3002 ms. Memory: 303104K Free: 287149K (95%)
ptolemy.util.test.WatchDog.cancel(): canceling Sun Apr 29 15:14:46 UTC 2018
------------------ testing $PTII/ptolemy/domains/de/test/auto/ThreadedComposite.xml
auto.tcl: Setting watchdog for 200 seconds at Sun Apr 29 15:14:46 UTC 2018
517 ms. Memory: 303616K Free: 268043K (88%)
ptolemy.util.test.WatchDog.cancel(): canceling Sun Apr 29 15:14:47 UTC 2018
auto.tcl: Setting watchdog for 200 seconds at Sun Apr 29 15:14:47 UTC 2018
323 ms. Memory: 303616K Free: 252877K (83%)
ptolemy.util.test.WatchDog.cancel(): canceling Sun Apr 29 15:14:47 UTC 2018
------------------ testing $PTII/ptolemy/domains/de/test/auto/Time.xml
auto.tcl: Setting watchdog for 200 seconds at Sun Apr 29 15:14:47 UTC 2018
1375 ms. Memory: 303104K Free: 235853K (78%)
ptolemy.util.test.WatchDog.cancel(): canceling Sun Apr 29 15:14:49 UTC 2018
auto.tcl: Setting watchdog for 200 seconds at Sun Apr 29 15:14:49 UTC 2018
1024 ms. Memory: 303104K Free: 185591K (61%)
ptolemy.util.test.WatchDog.cancel(): canceling Sun Apr 29 15:14:50 UTC 2018
------------------ testing $PTII/ptolemy/domains/de/test/auto/TimeDelayZeroDelay.xml
auto.tcl: Setting watchdog for 200 seconds at Sun Apr 29 15:14:50 UTC 2018
3 ms. Memory: 303616K Free: 290507K (96%)
ptolemy.util.test.WatchDog.cancel(): canceling Sun Apr 29 15:14:50 UTC 2018
auto.tcl: Setting watchdog for 200 seconds at Sun Apr 29 15:14:50 UTC 2018
3 ms. Memory: 303616K Free: 290507K (96%)
ptolemy.util.test.WatchDog.cancel(): canceling Sun Apr 29 15:14:50 UTC 2018
------------------ testing $PTII/ptolemy/domains/de/test/auto/TimerZeroDelay.xml
auto.tcl: Setting watchdog for 200 seconds at Sun Apr 29 15:14:50 UTC 2018
6 ms. Memory: 303104K Free: 290051K (96%)
ptolemy.util.test.WatchDog.cancel(): canceling Sun Apr 29 15:14:50 UTC 2018
auto.tcl: Setting watchdog for 200 seconds at Sun Apr 29 15:14:50 UTC 2018
5 ms. Memory: 303104K Free: 290051K (96%)
ptolemy.util.test.WatchDog.cancel(): canceling Sun Apr 29 15:14:50 UTC 2018
------------------ testing $PTII/ptolemy/domains/de/test/auto/TimingParadox.xml
auto.tcl: Setting watchdog for 200 seconds at Sun Apr 29 15:14:50 UTC 2018
572 ms. Memory: 303616K Free: 224383K (74%)
ptolemy.util.test.WatchDog.cancel(): canceling Sun Apr 29 15:14:51 UTC 2018
auto.tcl: Setting watchdog for 200 seconds at Sun Apr 29 15:14:51 UTC 2018
606 ms. Memory: 303616K Free: 188220K (62%)
ptolemy.util.test.WatchDog.cancel(): canceling Sun Apr 29 15:14:51 UTC 2018
------------------ testing $PTII/ptolemy/domains/de/test/auto/TransferInputs.xml
auto.tcl: Setting watchdog for 200 seconds at Sun Apr 29 15:14:51 UTC 2018
2 ms. Memory: 303616K Free: 289467K (95%)
ptolemy.util.test.WatchDog.cancel(): canceling Sun Apr 29 15:14:51 UTC 2018
auto.tcl: Setting watchdog for 200 seconds at Sun Apr 29 15:14:51 UTC 2018
3 ms. Memory: 303616K Free: 289467K (95%)
ptolemy.util.test.WatchDog.cancel(): canceling Sun Apr 29 15:14:51 UTC 2018
------------------ testing $PTII/ptolemy/domains/de/test/auto/TransferOutputs2.xml
auto.tcl: Setting watchdog for 200 seconds at Sun Apr 29 15:14:51 UTC 2018
6 ms. Memory: 303104K Free: 285074K (94%)
ptolemy.util.test.WatchDog.cancel(): canceling Sun Apr 29 15:14:51 UTC 2018
auto.tcl: Setting watchdog for 200 seconds at Sun Apr 29 15:14:51 UTC 2018
5 ms. Memory: 303104K Free: 282276K (93%)
ptolemy.util.test.WatchDog.cancel(): canceling Sun Apr 29 15:14:51 UTC 2018
------------------ testing $PTII/ptolemy/domains/de/test/auto/Trilateration.xml
auto.tcl: Setting watchdog for 200 seconds at Sun Apr 29 15:14:51 UTC 2018
19125 ms. Memory: 220672K Free: 134269K (61%)
ptolemy.util.test.WatchDog.cancel(): canceling Sun Apr 29 15:15:12 UTC 2018
auto.tcl: Setting watchdog for 200 seconds at Sun Apr 29 15:15:12 UTC 2018
13478 ms. Memory: 130048K Free: 73181K (56%)
ptolemy.util.test.WatchDog.cancel(): canceling Sun Apr 29 15:15:26 UTC 2018
------------------ testing $PTII/ptolemy/domains/de/test/auto/TwoSigmaDelta.xml
auto.tcl: Setting watchdog for 200 seconds at Sun Apr 29 15:15:26 UTC 2018
4320 ms. Memory: 124416K Free: 103747K (83%)
ptolemy.util.test.WatchDog.cancel(): canceling Sun Apr 29 15:15:30 UTC 2018
auto.tcl: Setting watchdog for 200 seconds at Sun Apr 29 15:15:30 UTC 2018
3141 ms. Memory: 118784K Free: 71236K (60%)
ptolemy.util.test.WatchDog.cancel(): canceling Sun Apr 29 15:15:34 UTC 2018
------------------ testing $PTII/ptolemy/domains/de/test/auto/VariableDelay.xml
auto.tcl: Setting watchdog for 200 seconds at Sun Apr 29 15:15:34 UTC 2018
4 ms. Memory: 119296K Free: 108339K (91%)
ptolemy.util.test.WatchDog.cancel(): canceling Sun Apr 29 15:15:34 UTC 2018
auto.tcl: Setting watchdog for 200 seconds at Sun Apr 29 15:15:34 UTC 2018
3 ms. Memory: 119296K Free: 106866K (90%)
ptolemy.util.test.WatchDog.cancel(): canceling Sun Apr 29 15:15:34 UTC 2018
------------------ testing $PTII/ptolemy/domains/de/test/auto/VariableDelay2.xml
auto.tcl: Setting watchdog for 200 seconds at Sun Apr 29 15:15:34 UTC 2018
7 ms. Memory: 118784K Free: 108195K (91%)
ptolemy.util.test.WatchDog.cancel(): canceling Sun Apr 29 15:15:34 UTC 2018
auto.tcl: Setting watchdog for 200 seconds at Sun Apr 29 15:15:34 UTC 2018
3 ms. Memory: 118784K Free: 107451K (90%)
ptolemy.util.test.WatchDog.cancel(): canceling Sun Apr 29 15:15:34 UTC 2018
------------------ testing $PTII/ptolemy/domains/de/test/auto/VariableDelayZeroDelay.xml
auto.tcl: Setting watchdog for 200 seconds at Sun Apr 29 15:15:34 UTC 2018
3 ms. Memory: 119296K Free: 108714K (91%)
ptolemy.util.test.WatchDog.cancel(): canceling Sun Apr 29 15:15:34 UTC 2018
auto.tcl: Setting watchdog for 200 seconds at Sun Apr 29 15:15:34 UTC 2018
3 ms. Memory: 119296K Free: 107978K (91%)
ptolemy.util.test.WatchDog.cancel(): canceling Sun Apr 29 15:15:34 UTC 2018
------------------ testing $PTII/ptolemy/domains/de/test/auto/VariableDelayZeroDelay2.xml
auto.tcl: Setting watchdog for 200 seconds at Sun Apr 29 15:15:34 UTC 2018
3 ms. Memory: 118784K Free: 108232K (91%)
ptolemy.util.test.WatchDog.cancel(): canceling Sun Apr 29 15:15:34 UTC 2018
auto.tcl: Setting watchdog for 200 seconds at Sun Apr 29 15:15:34 UTC 2018
3 ms. Memory: 118784K Free: 107488K (90%)
ptolemy.util.test.WatchDog.cancel(): canceling Sun Apr 29 15:15:34 UTC 2018
------------------ testing $PTII/ptolemy/domains/de/test/auto/deInCt.xml
auto.tcl: Setting watchdog for 200 seconds at Sun Apr 29 15:15:34 UTC 2018
0
1
1
1
0
0
0
0
1
1
1
0
0
0
0
1
1
1
1
0
0
0
1
1
1
0
0
0
1
1
1
0
0
0
0
0
0
25 ms. Memory: 118784K Free: 107498K (90%)
ptolemy.util.test.WatchDog.cancel(): canceling Sun Apr 29 15:15:34 UTC 2018
auto.tcl: Setting watchdog for 200 seconds at Sun Apr 29 15:15:34 UTC 2018
0
1
1
1
1
0
0
0
1
1
1
0
0
0
0
0
1
1
1
0
0
0
1
1
1
1
0
0
0
1
1
1
1
1
0
0
0
0
13 ms. Memory: 118784K Free: 106026K (89%)
ptolemy.util.test.WatchDog.cancel(): canceling Sun Apr 29 15:15:34 UTC 2018
------------------ testing $PTII/ptolemy/domains/de/test/auto/deInCt2.xml
auto.tcl: Setting watchdog for 200 seconds at Sun Apr 29 15:15:34 UTC 2018
0
1
1
1
0
0
1
1
1
0
0
1
1
1
0
0
1
1
1
0
0
1
1
1
0
0
1
1
1
0
0
1
1
1
0
0
1
1
1
0
0
0
14 ms. Memory: 118784K Free: 107459K (90%)
ptolemy.util.test.WatchDog.cancel(): canceling Sun Apr 29 15:15:34 UTC 2018
auto.tcl: Setting watchdog for 200 seconds at Sun Apr 29 15:15:34 UTC 2018
0
1
1
1
0
0
1
1
1
0
0
1
1
1
0
0
1
1
1
0
0
1
1
1
0
0
1
1
1
0
0
1
1
1
0
0
1
1
1
0
0
0
18 ms. Memory: 118784K Free: 105986K (89%)
ptolemy.util.test.WatchDog.cancel(): canceling Sun Apr 29 15:15:34 UTC 2018
------------------ testing $PTII/ptolemy/domains/de/test/auto/dynamicCausalityInterface1.xml
auto.tcl: Setting watchdog for 200 seconds at Sun Apr 29 15:15:34 UTC 2018
2 ms. Memory: 118784K Free: 102400K (86%)
ptolemy.util.test.WatchDog.cancel(): canceling Sun Apr 29 15:15:34 UTC 2018
auto.tcl: Setting watchdog for 200 seconds at Sun Apr 29 15:15:34 UTC 2018
1 ms. Memory: 118784K Free: 102400K (86%)
ptolemy.util.test.WatchDog.cancel(): canceling Sun Apr 29 15:15:34 UTC 2018
------------------ testing $PTII/ptolemy/domains/de/test/auto/fsm_de_test.xml
auto.tcl: Setting watchdog for 200 seconds at Sun Apr 29 15:15:34 UTC 2018
14 ms. Memory: 118784K Free: 102194K (86%)
ptolemy.util.test.WatchDog.cancel(): canceling Sun Apr 29 15:15:34 UTC 2018
auto.tcl: Setting watchdog for 200 seconds at Sun Apr 29 15:15:34 UTC 2018
8 ms. Memory: 118784K Free: 100721K (85%)
ptolemy.util.test.WatchDog.cancel(): canceling Sun Apr 29 15:15:34 UTC 2018
------------------ testing $PTII/ptolemy/domains/de/test/auto/functionDependencyReconstruction.xml
auto.tcl: Setting watchdog for 200 seconds at Sun Apr 29 15:15:34 UTC 2018
3 ms. Memory: 118784K Free: 95538K (80%)
ptolemy.util.test.WatchDog.cancel(): canceling Sun Apr 29 15:15:34 UTC 2018
auto.tcl: Setting watchdog for 200 seconds at Sun Apr 29 15:15:34 UTC 2018
4 ms. Memory: 118784K Free: 93297K (79%)
ptolemy.util.test.WatchDog.cancel(): canceling Sun Apr 29 15:15:34 UTC 2018
------------------ testing $PTII/ptolemy/domains/de/test/auto/multirate.xml
auto.tcl: Setting watchdog for 200 seconds at Sun Apr 29 15:15:35 UTC 2018
6 ms. Memory: 118784K Free: 105280K (89%)
ptolemy.util.test.WatchDog.cancel(): canceling Sun Apr 29 15:15:35 UTC 2018
auto.tcl: Setting watchdog for 200 seconds at Sun Apr 29 15:15:35 UTC 2018
5 ms. Memory: 118784K Free: 104569K (88%)
ptolemy.util.test.WatchDog.cancel(): canceling Sun Apr 29 15:15:35 UTC 2018
------------------ testing $PTII/ptolemy/domains/de/test/auto/multirate2.xml
auto.tcl: Setting watchdog for 200 seconds at Sun Apr 29 15:15:35 UTC 2018
4 ms. Memory: 118784K Free: 106259K (89%)
ptolemy.util.test.WatchDog.cancel(): canceling Sun Apr 29 15:15:35 UTC 2018
auto.tcl: Setting watchdog for 200 seconds at Sun Apr 29 15:15:35 UTC 2018
5 ms. Memory: 118784K Free: 104854K (88%)
ptolemy.util.test.WatchDog.cancel(): canceling Sun Apr 29 15:15:35 UTC 2018
------------------ testing $PTII/ptolemy/domains/de/test/auto/realtime.xml
auto.tcl: Setting watchdog for 200 seconds at Sun Apr 29 15:15:35 UTC 2018
10002 ms. Memory: 118784K Free: 108384K (91%)
ptolemy.util.test.WatchDog.cancel(): canceling Sun Apr 29 15:15:45 UTC 2018
auto.tcl: Setting watchdog for 200 seconds at Sun Apr 29 15:15:45 UTC 2018
10002 ms. Memory: 118784K Free: 107674K (91%)
ptolemy.util.test.WatchDog.cancel(): canceling Sun Apr 29 15:15:55 UTC 2018
------------------ testing $PTII/ptolemy/domains/de/test/auto/relationGroup.xml
auto.tcl: Setting watchdog for 200 seconds at Sun Apr 29 15:15:55 UTC 2018
2 ms. Memory: 118784K Free: 109825K (92%)
ptolemy.util.test.WatchDog.cancel(): canceling Sun Apr 29 15:15:55 UTC 2018
auto.tcl: Setting watchdog for 200 seconds at Sun Apr 29 15:15:55 UTC 2018
1 ms. Memory: 118784K Free: 109114K (92%)
ptolemy.util.test.WatchDog.cancel(): canceling Sun Apr 29 15:15:55 UTC 2018
------------------ testing $PTII/ptolemy/domains/de/test/auto/relationGroup2.xml
auto.tcl: Setting watchdog for 200 seconds at Sun Apr 29 15:15:55 UTC 2018
1 ms. Memory: 118784K Free: 109827K (92%)
ptolemy.util.test.WatchDog.cancel(): canceling Sun Apr 29 15:15:55 UTC 2018
auto.tcl: Setting watchdog for 200 seconds at Sun Apr 29 15:15:55 UTC 2018
1 ms. Memory: 118784K Free: 109092K (92%)
ptolemy.util.test.WatchDog.cancel(): canceling Sun Apr 29 15:15:55 UTC 2018
------------------ testing $PTII/ptolemy/domains/de/test/auto/sortWithOpaquePorts.xml
auto.tcl: Setting watchdog for 200 seconds at Sun Apr 29 15:15:55 UTC 2018
2 ms. Memory: 118784K Free: 108385K (91%)
ptolemy.util.test.WatchDog.cancel(): canceling Sun Apr 29 15:15:55 UTC 2018
auto.tcl: Setting watchdog for 200 seconds at Sun Apr 29 15:15:55 UTC 2018
3 ms. Memory: 118784K Free: 106988K (90%)
ptolemy.util.test.WatchDog.cancel(): canceling Sun Apr 29 15:15:55 UTC 2018
------------------ testing $PTII/ptolemy/domains/de/test/auto/transferInputsandOutputs.xml
auto.tcl: Setting watchdog for 200 seconds at Sun Apr 29 15:15:55 UTC 2018
2 ms. Memory: 118784K Free: 104791K (88%)
ptolemy.util.test.WatchDog.cancel(): canceling Sun Apr 29 15:15:55 UTC 2018
auto.tcl: Setting watchdog for 200 seconds at Sun Apr 29 15:15:55 UTC 2018
3 ms. Memory: 118784K Free: 103346K (87%)
ptolemy.util.test.WatchDog.cancel(): canceling Sun Apr 29 15:15:55 UTC 2018
------------------ testing $PTII/ptolemy/domains/de/test/auto/triggerType.xml
auto.tcl: Setting watchdog for 200 seconds at Sun Apr 29 15:15:55 UTC 2018
1 ms. Memory: 118784K Free: 108338K (91%)
ptolemy.util.test.WatchDog.cancel(): canceling Sun Apr 29 15:15:55 UTC 2018
auto.tcl: Setting watchdog for 200 seconds at Sun Apr 29 15:15:55 UTC 2018
1 ms. Memory: 118784K Free: 106893K (90%)
ptolemy.util.test.WatchDog.cancel(): canceling Sun Apr 29 15:15:55 UTC 2018
04/29/18 03:15:55
Failed: 0  Total Tests: 192  ((Passed: 187, Newly Passed: 1)  Known Failed: 5) /home/travis/build/icyphy/ptII/ptolemy/domains/de/test
04/29/18 03:15:55
Failed: 0  Total Tests: 192  ((Passed: 187, Newly Passed: 1)  Known Failed: 5) /home/travis/build/icyphy/ptII/ptolemy/domains/de/test
----------------- testing (KnownFailure) /home/travis/build/icyphy/ptII/ptolemy/domains/de/test/auto/knownFailedTests/DESDFClockTest.xml
2008 ms. Memory: 118784K Free: 101305K (85%)
Known Failure: java.lang.reflect.InvocationTargetException
----------------- testing (KnownFailure) /home/travis/build/icyphy/ptII/ptolemy/domains/de/test/auto/knownFailedTests/DirectFeedback.xml
2 ms. Memory: 118784K Free: 96046K (81%)
Known Failure: java.lang.reflect.InvocationTargetException
----------------- testing (KnownFailure) /home/travis/build/icyphy/ptII/ptolemy/domains/de/test/auto/knownFailedTests/FSMSource.xml
6 ms. Memory: 118784K Free: 86955K (73%)
----------------- testing (KnownFailure) /home/travis/build/icyphy/ptII/ptolemy/domains/de/test/auto/knownFailedTests/HierarchicalModel.xml
2 ms. Memory: 117760K Free: 104138K (88%)
Known Failure: java.lang.reflect.InvocationTargetException
----------------- testing (KnownFailure) /home/travis/build/icyphy/ptII/ptolemy/domains/de/test/auto/knownFailedTests/dependencyLoop.xml
2 ms. Memory: 117760K Free: 86172K (73%)
Known Failure: java.lang.reflect.InvocationTargetException
----------------- testing (KnownFailure) /home/travis/build/icyphy/ptII/ptolemy/domains/de/test/auto/knownFailedTests/dependencyLoop2.xml
3 ms. Memory: 125440K Free: 112369K (90%)
Known Failure: java.lang.reflect.InvocationTargetException
No auto/*.xml tests in /home/travis/build/icyphy/ptII/ptolemy/domains/de/test
AutoTests.java: About to close Vertx.
AutoTests.java: Vertx closed.
----------------- testing Sun Apr 29 15:15:57 UTC 2018 /home/travis/build/icyphy/ptII/ptolemy/domains/de/test/auto/ActorDepthCalculation_actorWithoutPorts.xml
2 ms. Memory: 125440K Free: 103662K (83%)
reloadAllAccessors: .ActorDepthCalculation_actorWithoutPorts
----------------- testing Sun Apr 29 15:15:57 UTC 2018 /home/travis/build/icyphy/ptII/ptolemy/domains/de/test/auto/AssemblyLine.xml
2 ms. Memory: 125440K Free: 95641K (76%)
reloadAllAccessors: .AssemblyLine
----------------- testing Sun Apr 29 15:15:57 UTC 2018 /home/travis/build/icyphy/ptII/ptolemy/domains/de/test/auto/CQBug1.xml
1 ms. Memory: 125440K Free: 92088K (73%)
reloadAllAccessors: .CQBug1
----------------- testing Sun Apr 29 15:15:57 UTC 2018 /home/travis/build/icyphy/ptII/ptolemy/domains/de/test/auto/CancelFireAt.xml
1 ms. Memory: 125440K Free: 89023K (71%)
reloadAllAccessors: .CancelFireAt
----------------- testing Sun Apr 29 15:15:57 UTC 2018 /home/travis/build/icyphy/ptII/ptolemy/domains/de/test/auto/CausalityAndComposabilityAnalysis.xml
2 ms. Memory: 125440K Free: 83429K (67%)
reloadAllAccessors: .CausalityAndComposabilityAnalysis
----------------- testing Sun Apr 29 15:15:57 UTC 2018 /home/travis/build/icyphy/ptII/ptolemy/domains/de/test/auto/CausalityInterface1.xml
4 ms. Memory: 125440K Free: 77657K (62%)
reloadAllAccessors: .CausalityInterface1
----------------- testing Sun Apr 29 15:15:57 UTC 2018 /home/travis/build/icyphy/ptII/ptolemy/domains/de/test/auto/CausalityInterface15.xml
2 ms. Memory: 135168K Free: 124457K (92%)
reloadAllAccessors: .CausalityInterface15
----------------- testing Sun Apr 29 15:15:57 UTC 2018 /home/travis/build/icyphy/ptII/ptolemy/domains/de/test/auto/CausalityInterface2.xml
2 ms. Memory: 135168K Free: 118413K (88%)
reloadAllAccessors: .CausalityInterface2
----------------- testing Sun Apr 29 15:15:57 UTC 2018 /home/travis/build/icyphy/ptII/ptolemy/domains/de/test/auto/CausalityInterface3.xml
2 ms. Memory: 135168K Free: 112170K (83%)
reloadAllAccessors: .CausalityInterface3
----------------- testing Sun Apr 29 15:15:57 UTC 2018 /home/travis/build/icyphy/ptII/ptolemy/domains/de/test/auto/ClockDrift.xml
22 ms. Memory: 135168K Free: 97477K (72%)
reloadAllAccessors: .ClockDrift
----------------- testing Sun Apr 29 15:15:57 UTC 2018 /home/travis/build/icyphy/ptII/ptolemy/domains/de/test/auto/ClockDriftAndValueChange.xml
17 ms. Memory: 135168K Free: 84232K (62%)
reloadAllAccessors: .ClockDriftAndValueChange
----------------- testing Sun Apr 29 15:15:58 UTC 2018 /home/travis/build/icyphy/ptII/ptolemy/domains/de/test/auto/ClockDriftChange.xml
13 ms. Memory: 145408K Free: 134862K (93%)
reloadAllAccessors: .ClockDriftChange
----------------- testing Sun Apr 29 15:15:58 UTC 2018 /home/travis/build/icyphy/ptII/ptolemy/domains/de/test/auto/ComposableCausalityAnalysis.xml
1 ms. Memory: 145408K Free: 127875K (88%)
reloadAllAccessors: .ComposableCausalityAnalysis
----------------- testing Sun Apr 29 15:15:58 UTC 2018 /home/travis/build/icyphy/ptII/ptolemy/domains/de/test/auto/DEFixedPointLimitation.xml
1 ms. Memory: 145408K Free: 121489K (84%)
reloadAllAccessors: .DEFixedPointLimitation
----------------- testing Sun Apr 29 15:15:58 UTC 2018 /home/travis/build/icyphy/ptII/ptolemy/domains/de/test/auto/DEScheduleTest.xml
6 ms. Memory: 145408K Free: 115774K (80%)
reloadAllAccessors: .DEScheduleTest
----------------- testing Sun Apr 29 15:15:58 UTC 2018 /home/travis/build/icyphy/ptII/ptolemy/domains/de/test/auto/DEinDEwithStartTimes.xml
3 ms. Memory: 145408K Free: 108780K (75%)
reloadAllAccessors: .DEinDEwithStartTimes
----------------- testing Sun Apr 29 15:15:58 UTC 2018 /home/travis/build/icyphy/ptII/ptolemy/domains/de/test/auto/DEinDEwithStartTimes2.xml
2 ms. Memory: 145408K Free: 101387K (70%)
reloadAllAccessors: .DEinDEwithStartTimes2
----------------- testing Sun Apr 29 15:15:58 UTC 2018 /home/travis/build/icyphy/ptII/ptolemy/domains/de/test/auto/DateDemo.xml
6 ms. Memory: 145408K Free: 88518K (61%)
reloadAllAccessors: .DateDemo
----------------- testing Sun Apr 29 15:15:58 UTC 2018 /home/travis/build/icyphy/ptII/ptolemy/domains/de/test/auto/DateToEvent.xml
2005 ms. Memory: 158720K Free: 146539K (92%)
reloadAllAccessors: .DateToEvent
[...]
java.lang.RuntimeException: Execution failed
	at ptolemy.moml.MoMLSimpleApplication$UnloadThread.run(MoMLSimpleApplication.java:402)
Caused by: ptolemy.kernel.util.IllegalActionException: Test fails in iteration 1.
Value was: 1.0. Should have been: 2.0
  in .DirectFeedback.Test
	at ptolemy.actor.lib.Test.fire(Test.java:268)
	at ptolemy.domains.de.kernel.DEDirector._fire(DEDirector.java:1948)
	at ptolemy.domains.de.kernel.DEDirector.fire(DEDirector.java:502)
	at ptolemy.actor.CompositeActor.fire(CompositeActor.java:455)
	at ptolemy.actor.Manager.iterate(Manager.java:851)
	at ptolemy.actor.Manager.execute(Manager.java:369)
	at ptolemy.actor.Manager.run(Manager.java:1263)
	at ptolemy.actor.Manager$PtolemyRunThread.run(Manager.java:1915)
java.lang.RuntimeException: Execution failed
	at ptolemy.moml.MoMLSimpleApplication$UnloadThread.run(MoMLSimpleApplication.java:402)
Caused by: ptolemy.kernel.util.IllegalActionException: Actor is not ready to fire.  Perhaps UpSample.prefire() returned false? Try debugging the actor by selecting "Listen to Actor".  Also, for SDF check moml for tokenConsumptionRate on input.
  in .DESDFClockTest.Play Bell.Copy1:SDF Director and .DESDFClockTest.Play Bell.UpSample
	at ptolemy.actor.sched.StaticSchedulingDirector.fire(StaticSchedulingDirector.java:227)
	at ptolemy.domains.sdf.kernel.SDFDirector.fire(SDFDirector.java:500)
	at ptolemy.actor.CompositeActor.fire(CompositeActor.java:455)
	at ptolemy.domains.de.kernel.DEDirector._fire(DEDirector.java:1948)
	at ptolemy.domains.de.kernel.DEDirector.fire(DEDirector.java:502)
	at ptolemy.actor.CompositeActor.fire(CompositeActor.java:455)
	at ptolemy.actor.Manager.iterate(Manager.java:851)
	at ptolemy.actor.Manager.execute(Manager.java:369)
	at ptolemy.actor.Manager.run(Manager.java:1263)
	at ptolemy.actor.Manager$PtolemyRunThread.run(Manager.java:1915)
java.lang.reflect.InvocationTargetException
	at sun.reflect.NativeConstructorAccessorImpl.newInstance0(Native Method)
	at sun.reflect.NativeConstructorAccessorImpl.newInstance(NativeConstructorAccessorImpl.java:62)
	at sun.reflect.DelegatingConstructorAccessorImpl.newInstance(DelegatingConstructorAccessorImpl.java:45)
	at java.lang.reflect.Constructor.newInstance(Constructor.java:423)
	at ptolemy.util.test.junit.AutoKnownFailedTests.RunModel(AutoKnownFailedTests.java:107)
	at sun.reflect.NativeMethodAccessorImpl.invoke0(Native Method)
	at sun.reflect.NativeMethodAccessorImpl.invoke(NativeMethodAccessorImpl.java:62)
	at sun.reflect.DelegatingMethodAccessorImpl.invoke(DelegatingMethodAccessorImpl.java:43)
	at java.lang.reflect.Method.invoke(Method.java:498)
	at org.junit.runners.model.FrameworkMethod$1.runReflectiveCall(FrameworkMethod.java:44)
	at org.junit.internal.runners.model.ReflectiveCallable.run(ReflectiveCallable.java:15)
	at org.junit.runners.model.FrameworkMethod.invokeExplosively(FrameworkMethod.java:41)
	at junitparams.internal.InvokeParameterisedMethod.evaluate(InvokeParameterisedMethod.java:102)
	at org.junit.internal.runners.statements.FailOnTimeout$1.run(FailOnTimeout.java:28)
Caused by: ptolemy.kernel.util.IllegalActionException: Actor is not ready to fire.  Perhaps UpSample.prefire() returned false? Try debugging the actor by selecting "Listen to Actor".  Also, for SDF check moml for tokenConsumptionRate on input.
  in .DESDFClockTest.Play Bell.Copy1:SDF Director and .DESDFClockTest.Play Bell.UpSample
	at ptolemy.actor.sched.StaticSchedulingDirector.fire(StaticSchedulingDirector.java:227)
	at ptolemy.domains.sdf.kernel.SDFDirector.fire(SDFDirector.java:500)
	at ptolemy.actor.CompositeActor.fire(CompositeActor.java:455)
	at ptolemy.domains.de.kernel.DEDirector._fire(DEDirector.java:1948)
	at ptolemy.domains.de.kernel.DEDirector.fire(DEDirector.java:502)
	at ptolemy.actor.CompositeActor.fire(CompositeActor.java:455)
	at ptolemy.actor.Manager.iterate(Manager.java:851)
	at ptolemy.actor.Manager.execute(Manager.java:369)
	at ptolemy.actor.Manager.run(Manager.java:1263)
	at ptolemy.actor.Manager$PtolemyRunThread.run(Manager.java:1915)
java.lang.RuntimeException: Execution failed
	at ptolemy.moml.MoMLSimpleApplication$UnloadThread.run(MoMLSimpleApplication.java:402)
Caused by: ptolemy.kernel.util.IllegalActionException: Test fails in iteration 1.
Value was: 1.0. Should have been: 2.0
  in .DirectFeedback.Test
	at ptolemy.actor.lib.Test.fire(Test.java:268)
	at ptolemy.domains.de.kernel.DEDirector._fire(DEDirector.java:1948)
	at ptolemy.domains.de.kernel.DEDirector.fire(DEDirector.java:502)
	at ptolemy.actor.CompositeActor.fire(CompositeActor.java:455)
	at ptolemy.actor.Manager.iterate(Manager.java:851)
	at ptolemy.actor.Manager.execute(Manager.java:369)
	at ptolemy.actor.Manager.run(Manager.java:1263)
	at ptolemy.actor.Manager$PtolemyRunThread.run(Manager.java:1915)
java.lang.reflect.InvocationTargetException
	at sun.reflect.NativeConstructorAccessorImpl.newInstance0(Native Method)
	at sun.reflect.NativeConstructorAccessorImpl.newInstance(NativeConstructorAccessorImpl.java:62)
	at sun.reflect.DelegatingConstructorAccessorImpl.newInstance(DelegatingConstructorAccessorImpl.java:45)
	at java.lang.reflect.Constructor.newInstance(Constructor.java:423)
	at ptolemy.util.test.junit.AutoKnownFailedTests.RunModel(AutoKnownFailedTests.java:107)
	at sun.reflect.NativeMethodAccessorImpl.invoke0(Native Method)
	at sun.reflect.NativeMethodAccessorImpl.invoke(NativeMethodAccessorImpl.java:62)
	at sun.reflect.DelegatingMethodAccessorImpl.invoke(DelegatingMethodAccessorImpl.java:43)
	at java.lang.reflect.Method.invoke(Method.java:498)
	at org.junit.runners.model.FrameworkMethod$1.runReflectiveCall(FrameworkMethod.java:44)
	at org.junit.internal.runners.model.ReflectiveCallable.run(ReflectiveCallable.java:15)
	at org.junit.runners.model.FrameworkMethod.invokeExplosively(FrameworkMethod.java:41)
	at junitparams.internal.InvokeParameterisedMethod.evaluate(InvokeParameterisedMethod.java:102)
	at org.junit.internal.runners.statements.FailOnTimeout$1.run(FailOnTimeout.java:28)
Caused by: ptolemy.kernel.util.IllegalActionException: Test fails in iteration 1.
Value was: 1.0. Should have been: 2.0
  in .DirectFeedback.Test
	at ptolemy.actor.lib.Test.fire(Test.java:268)
	at ptolemy.domains.de.kernel.DEDirector._fire(DEDirector.java:1948)
	at ptolemy.domains.de.kernel.DEDirector.fire(DEDirector.java:502)
	at ptolemy.actor.CompositeActor.fire(CompositeActor.java:455)
	at ptolemy.actor.Manager.iterate(Manager.java:851)
	at ptolemy.actor.Manager.execute(Manager.java:369)
	at ptolemy.actor.Manager.run(Manager.java:1263)
	at ptolemy.actor.Manager$PtolemyRunThread.run(Manager.java:1915)
java.lang.RuntimeException: Execution failed
	at ptolemy.moml.MoMLSimpleApplication$UnloadThread.run(MoMLSimpleApplication.java:402)
Caused by: ptolemy.kernel.util.IllegalActionException: Found a zero delay loop containing .HierarchicalModel.A
  in .HierarchicalModel and .HierarchicalModel.A
	at ptolemy.actor.util.CausalityInterfaceForComposites._computeOutputPortDepth(CausalityInterfaceForComposites.java:759)
	at ptolemy.actor.util.CausalityInterfaceForComposites._computeInputDepth(CausalityInterfaceForComposites.java:696)
	at ptolemy.actor.util.CausalityInterfaceForComposites._computeOutputPortDepth(CausalityInterfaceForComposites.java:765)
	at ptolemy.actor.util.CausalityInterfaceForComposites._computeInputDepth(CausalityInterfaceForComposites.java:696)
	at ptolemy.actor.util.CausalityInterfaceForComposites._computeOutputPortDepth(CausalityInterfaceForComposites.java:765)
	at ptolemy.actor.util.CausalityInterfaceForComposites._computeInputDepth(CausalityInterfaceForComposites.java:696)
	at ptolemy.actor.util.CausalityInterfaceForComposites._computeActorDepth(CausalityInterfaceForComposites.java:532)
	at ptolemy.actor.util.CausalityInterfaceForComposites.checkForCycles(CausalityInterfaceForComposites.java:96)
	at ptolemy.domains.de.kernel.DEDirector.preinitialize(DEDirector.java:1337)
	at ptolemy.actor.CompositeActor.preinitialize(CompositeActor.java:1828)
	at ptolemy.actor.Manager.preinitializeAndResolveTypes(Manager.java:1040)
	at ptolemy.actor.Manager.initialize(Manager.java:710)
	at ptolemy.actor.Manager.execute(Manager.java:356)
	at ptolemy.actor.Manager.run(Manager.java:1263)
	at ptolemy.actor.Manager$PtolemyRunThread.run(Manager.java:1915)
java.lang.reflect.InvocationTargetException
	at sun.reflect.NativeConstructorAccessorImpl.newInstance0(Native Method)
	at sun.reflect.NativeConstructorAccessorImpl.newInstance(NativeConstructorAccessorImpl.java:62)
	at sun.reflect.DelegatingConstructorAccessorImpl.newInstance(DelegatingConstructorAccessorImpl.java:45)
	at java.lang.reflect.Constructor.newInstance(Constructor.java:423)
	at ptolemy.util.test.junit.AutoKnownFailedTests.RunModel(AutoKnownFailedTests.java:107)
	at sun.reflect.NativeMethodAccessorImpl.invoke0(Native Method)
	at sun.reflect.NativeMethodAccessorImpl.invoke(NativeMethodAccessorImpl.java:62)
	at sun.reflect.DelegatingMethodAccessorImpl.invoke(DelegatingMethodAccessorImpl.java:43)
	at java.lang.reflect.Method.invoke(Method.java:498)
	at org.junit.runners.model.FrameworkMethod$1.runReflectiveCall(FrameworkMethod.java:44)
	at org.junit.internal.runners.model.ReflectiveCallable.run(ReflectiveCallable.java:15)
	at org.junit.runners.model.FrameworkMethod.invokeExplosively(FrameworkMethod.java:41)
	at junitparams.internal.InvokeParameterisedMethod.evaluate(InvokeParameterisedMethod.java:102)
	at org.junit.internal.runners.statements.FailOnTimeout$1.run(FailOnTimeout.java:28)
Caused by: ptolemy.kernel.util.IllegalActionException: Found a zero delay loop containing .HierarchicalModel.A
  in .HierarchicalModel and .HierarchicalModel.A
	at ptolemy.actor.util.CausalityInterfaceForComposites._computeOutputPortDepth(CausalityInterfaceForComposites.java:759)
	at ptolemy.actor.util.CausalityInterfaceForComposites._computeInputDepth(CausalityInterfaceForComposites.java:696)
	at ptolemy.actor.util.CausalityInterfaceForComposites._computeOutputPortDepth(CausalityInterfaceForComposites.java:765)
	at ptolemy.actor.util.CausalityInterfaceForComposites._computeInputDepth(CausalityInterfaceForComposites.java:696)
	at ptolemy.actor.util.CausalityInterfaceForComposites._computeOutputPortDepth(CausalityInterfaceForComposites.java:765)
	at ptolemy.actor.util.CausalityInterfaceForComposites._computeInputDepth(CausalityInterfaceForComposites.java:696)
	at ptolemy.actor.util.CausalityInterfaceForComposites._computeActorDepth(CausalityInterfaceForComposites.java:532)
	at ptolemy.actor.util.CausalityInterfaceForComposites.checkForCycles(CausalityInterfaceForComposites.java:96)
	at ptolemy.domains.de.kernel.DEDirector.preinitialize(DEDirector.java:1337)
	at ptolemy.actor.CompositeActor.preinitialize(CompositeActor.java:1828)
	at ptolemy.actor.Manager.preinitializeAndResolveTypes(Manager.java:1040)
	at ptolemy.actor.Manager.initialize(Manager.java:710)
	at ptolemy.actor.Manager.execute(Manager.java:356)
	at ptolemy.actor.Manager.run(Manager.java:1263)
	at ptolemy.actor.Manager$PtolemyRunThread.run(Manager.java:1915)
java.lang.RuntimeException: Execution failed
	at ptolemy.moml.MoMLSimpleApplication$UnloadThread.run(MoMLSimpleApplication.java:402)
Caused by: ptolemy.kernel.util.IllegalActionException: Found a zero delay loop containing .dependencyLoop.original
  in .dependencyLoop and .dependencyLoop.original
	at ptolemy.actor.util.CausalityInterfaceForComposites._computeOutputPortDepth(CausalityInterfaceForComposites.java:759)
	at ptolemy.actor.util.CausalityInterfaceForComposites._computeInputDepth(CausalityInterfaceForComposites.java:696)
	at ptolemy.actor.util.CausalityInterfaceForComposites._computeOutputPortDepth(CausalityInterfaceForComposites.java:765)
	at ptolemy.actor.util.CausalityInterfaceForComposites._computeInputDepth(CausalityInterfaceForComposites.java:696)
	at ptolemy.actor.util.CausalityInterfaceForComposites._computeOutputPortDepth(CausalityInterfaceForComposites.java:765)
	at ptolemy.actor.util.CausalityInterfaceForComposites._computeInputDepth(CausalityInterfaceForComposites.java:696)
	at ptolemy.actor.util.CausalityInterfaceForComposites._computeActorDepth(CausalityInterfaceForComposites.java:532)
	at ptolemy.actor.util.CausalityInterfaceForComposites.checkForCycles(CausalityInterfaceForComposites.java:96)
	at ptolemy.domains.de.kernel.DEDirector.preinitialize(DEDirector.java:1337)
	at ptolemy.actor.CompositeActor.preinitialize(CompositeActor.java:1828)
	at ptolemy.actor.Manager.preinitializeAndResolveTypes(Manager.java:1040)
	at ptolemy.actor.Manager.initialize(Manager.java:710)
	at ptolemy.actor.Manager.execute(Manager.java:356)
	at ptolemy.actor.Manager.run(Manager.java:1263)
	at ptolemy.actor.Manager$PtolemyRunThread.run(Manager.java:1915)
java.lang.reflect.InvocationTargetException
	at sun.reflect.NativeConstructorAccessorImpl.newInstance0(Native Method)
	at sun.reflect.NativeConstructorAccessorImpl.newInstance(NativeConstructorAccessorImpl.java:62)
	at sun.reflect.DelegatingConstructorAccessorImpl.newInstance(DelegatingConstructorAccessorImpl.java:45)
	at java.lang.reflect.Constructor.newInstance(Constructor.java:423)
	at ptolemy.util.test.junit.AutoKnownFailedTests.RunModel(AutoKnownFailedTests.java:107)
	at sun.reflect.NativeMethodAccessorImpl.invoke0(Native Method)
	at sun.reflect.NativeMethodAccessorImpl.invoke(NativeMethodAccessorImpl.java:62)
	at sun.reflect.DelegatingMethodAccessorImpl.invoke(DelegatingMethodAccessorImpl.java:43)
	at java.lang.reflect.Method.invoke(Method.java:498)
	at org.junit.runners.model.FrameworkMethod$1.runReflectiveCall(FrameworkMethod.java:44)
	at org.junit.internal.runners.model.ReflectiveCallable.run(ReflectiveCallable.java:15)
	at org.junit.runners.model.FrameworkMethod.invokeExplosively(FrameworkMethod.java:41)
	at junitparams.internal.InvokeParameterisedMethod.evaluate(InvokeParameterisedMethod.java:102)
	at org.junit.internal.runners.statements.FailOnTimeout$1.run(FailOnTimeout.java:28)
Caused by: ptolemy.kernel.util.IllegalActionException: Found a zero delay loop containing .dependencyLoop.original
  in .dependencyLoop and .dependencyLoop.original
	at ptolemy.actor.util.CausalityInterfaceForComposites._computeOutputPortDepth(CausalityInterfaceForComposites.java:759)
	at ptolemy.actor.util.CausalityInterfaceForComposites._computeInputDepth(CausalityInterfaceForComposites.java:696)
	at ptolemy.actor.util.CausalityInterfaceForComposites._computeOutputPortDepth(CausalityInterfaceForComposites.java:765)
	at ptolemy.actor.util.CausalityInterfaceForComposites._computeInputDepth(CausalityInterfaceForComposites.java:696)
	at ptolemy.actor.util.CausalityInterfaceForComposites._computeOutputPortDepth(CausalityInterfaceForComposites.java:765)
	at ptolemy.actor.util.CausalityInterfaceForComposites._computeInputDepth(CausalityInterfaceForComposites.java:696)
	at ptolemy.actor.util.CausalityInterfaceForComposites._computeActorDepth(CausalityInterfaceForComposites.java:532)
	at ptolemy.actor.util.CausalityInterfaceForComposites.checkForCycles(CausalityInterfaceForComposites.java:96)
	at ptolemy.domains.de.kernel.DEDirector.preinitialize(DEDirector.java:1337)
	at ptolemy.actor.CompositeActor.preinitialize(CompositeActor.java:1828)
	at ptolemy.actor.Manager.preinitializeAndResolveTypes(Manager.java:1040)
	at ptolemy.actor.Manager.initialize(Manager.java:710)
	at ptolemy.actor.Manager.execute(Manager.java:356)
	at ptolemy.actor.Manager.run(Manager.java:1263)
	at ptolemy.actor.Manager$PtolemyRunThread.run(Manager.java:1915)
java.lang.RuntimeException: Execution failed
	at ptolemy.moml.MoMLSimpleApplication$UnloadThread.run(MoMLSimpleApplication.java:402)
Caused by: ptolemy.kernel.util.IllegalActionException: Found a zero delay loop containing .dependencyLoop2.original
  in .dependencyLoop2 and .dependencyLoop2.original
	at ptolemy.actor.util.CausalityInterfaceForComposites._computeOutputPortDepth(CausalityInterfaceForComposites.java:759)
	at ptolemy.actor.util.CausalityInterfaceForComposites._computeInputDepth(CausalityInterfaceForComposites.java:696)
	at ptolemy.actor.util.CausalityInterfaceForComposites._computeOutputPortDepth(CausalityInterfaceForComposites.java:765)
	at ptolemy.actor.util.CausalityInterfaceForComposites._computeInputDepth(CausalityInterfaceForComposites.java:696)
	at ptolemy.actor.util.CausalityInterfaceForComposites._computeOutputPortDepth(CausalityInterfaceForComposites.java:765)
	at ptolemy.actor.util.CausalityInterfaceForComposites._computeInputDepth(CausalityInterfaceForComposites.java:696)
	at ptolemy.actor.util.CausalityInterfaceForComposites._computeActorDepth(CausalityInterfaceForComposites.java:532)
	at ptolemy.actor.util.CausalityInterfaceForComposites.checkForCycles(CausalityInterfaceForComposites.java:96)
	at ptolemy.domains.de.kernel.DEDirector.preinitialize(DEDirector.java:1337)
	at ptolemy.actor.CompositeActor.preinitialize(CompositeActor.java:1828)
	at ptolemy.actor.Manager.preinitializeAndResolveTypes(Manager.java:1040)
	at ptolemy.actor.Manager.initialize(Manager.java:710)
	at ptolemy.actor.Manager.execute(Manager.java:356)
	at ptolemy.actor.Manager.run(Manager.java:1263)
	at ptolemy.actor.Manager$PtolemyRunThread.run(Manager.java:1915)
java.lang.reflect.InvocationTargetException
	at sun.reflect.NativeConstructorAccessorImpl.newInstance0(Native Method)
	at sun.reflect.NativeConstructorAccessorImpl.newInstance(NativeConstructorAccessorImpl.java:62)
	at sun.reflect.DelegatingConstructorAccessorImpl.newInstance(DelegatingConstructorAccessorImpl.java:45)
	at java.lang.reflect.Constructor.newInstance(Constructor.java:423)
	at ptolemy.util.test.junit.AutoKnownFailedTests.RunModel(AutoKnownFailedTests.java:107)
	at sun.reflect.NativeMethodAccessorImpl.invoke0(Native Method)
	at sun.reflect.NativeMethodAccessorImpl.invoke(NativeMethodAccessorImpl.java:62)
	at sun.reflect.DelegatingMethodAccessorImpl.invoke(DelegatingMethodAccessorImpl.java:43)
	at java.lang.reflect.Method.invoke(Method.java:498)
	at org.junit.runners.model.FrameworkMethod$1.runReflectiveCall(FrameworkMethod.java:44)
	at org.junit.internal.runners.model.ReflectiveCallable.run(ReflectiveCallable.java:15)
	at org.junit.runners.model.FrameworkMethod.invokeExplosively(FrameworkMethod.java:41)
	at junitparams.internal.InvokeParameterisedMethod.evaluate(InvokeParameterisedMethod.java:102)
	at org.junit.internal.runners.statements.FailOnTimeout$1.run(FailOnTimeout.java:28)
Caused by: ptolemy.kernel.util.IllegalActionException: Found a zero delay loop containing .dependencyLoop2.original
  in .dependencyLoop2 and .dependencyLoop2.original
	at ptolemy.actor.util.CausalityInterfaceForComposites._computeOutputPortDepth(CausalityInterfaceForComposites.java:759)
	at ptolemy.actor.util.CausalityInterfaceForComposites._computeInputDepth(CausalityInterfaceForComposites.java:696)
	at ptolemy.actor.util.CausalityInterfaceForComposites._computeOutputPortDepth(CausalityInterfaceForComposites.java:765)
	at ptolemy.actor.util.CausalityInterfaceForComposites._computeInputDepth(CausalityInterfaceForComposites.java:696)
	at ptolemy.actor.util.CausalityInterfaceForComposites._computeOutputPortDepth(CausalityInterfaceForComposites.java:765)
	at ptolemy.actor.util.CausalityInterfaceForComposites._computeInputDepth(CausalityInterfaceForComposites.java:696)
	at ptolemy.actor.util.CausalityInterfaceForComposites._computeActorDepth(CausalityInterfaceForComposites.java:532)
	at ptolemy.actor.util.CausalityInterfaceForComposites.checkForCycles(CausalityInterfaceForComposites.java:96)
	at ptolemy.domains.de.kernel.DEDirector.preinitialize(DEDirector.java:1337)
	at ptolemy.actor.CompositeActor.preinitialize(CompositeActor.java:1828)
	at ptolemy.actor.Manager.preinitializeAndResolveTypes(Manager.java:1040)
	at ptolemy.actor.Manager.initialize(Manager.java:710)
	at ptolemy.actor.Manager.execute(Manager.java:356)
	at ptolemy.actor.Manager.run(Manager.java:1263)
	at ptolemy.actor.Manager$PtolemyRunThread.run(Manager.java:1915)
]]></system-err>
</testsuite>
