<?xml version="1.0" encoding="UTF-8" ?>
<testsuite errors="0" failures="0" hostname="travis-job-f3f5ad5b-d5e3-4cbb-baf3-61ff4fa011bd" name="ptolemy.domains.de.test.junit.JUnitTclTest" skipped="0" tests="101" time="128.5" timestamp="2018-05-03T00:58:06">
  <properties>
[...]
</properties>
  <testcase classname="ptolemy.util.test.junit.TclTests" name="[0] /home/travis/build/icyphy/ptII/ptolemy/domains/de/test/DependencyLoop.tcl (RunTclFile)" time="0.715" />
  <testcase classname="ptolemy.util.test.junit.TclTests" name="[1] /home/travis/build/icyphy/ptII/ptolemy/domains/de/test/RunDETestsAsQSS.tcl (RunTclFile)" time="88.91" />
  <testcase classname="ptolemy.util.test.junit.AutoKnownFailedTests" name="[0] /home/travis/build/icyphy/ptII/ptolemy/domains/de/test/auto/knownFailedTests/DESDFClockTest.xml (RunModel)" time="2.025" />
  <testcase classname="ptolemy.util.test.junit.AutoKnownFailedTests" name="[1] /home/travis/build/icyphy/ptII/ptolemy/domains/de/test/auto/knownFailedTests/DirectFeedback.xml (RunModel)" time="0.011" />
  <testcase classname="ptolemy.util.test.junit.AutoKnownFailedTests" name="[2] /home/travis/build/icyphy/ptII/ptolemy/domains/de/test/auto/knownFailedTests/FSMSource.xml (RunModel)" time="0.011" />
  <testcase classname="ptolemy.util.test.junit.AutoKnownFailedTests" name="[3] /home/travis/build/icyphy/ptII/ptolemy/domains/de/test/auto/knownFailedTests/HierarchicalModel.xml (RunModel)" time="0.025" />
  <testcase classname="ptolemy.util.test.junit.AutoKnownFailedTests" name="[4] /home/travis/build/icyphy/ptII/ptolemy/domains/de/test/auto/knownFailedTests/dependencyLoop.xml (RunModel)" time="0.029" />
  <testcase classname="ptolemy.util.test.junit.AutoKnownFailedTests" name="[5] /home/travis/build/icyphy/ptII/ptolemy/domains/de/test/auto/knownFailedTests/dependencyLoop2.xml (RunModel)" time="0.023" />
  <testcase classname="ptolemy.util.test.junit.AutoNameArchTests" name="[0] ThereAreNoAutoTests (RunModel)" time="0.0" />
  <testcase classname="ptolemy.util.test.junit.AutoTests" name="[0] /home/travis/build/icyphy/ptII/ptolemy/domains/de/test/auto/ActorDepthCalculation_actorWithoutPorts.xml (RunModel)" time="0.009" />
  <testcase classname="ptolemy.util.test.junit.AutoTests" name="[1] /home/travis/build/icyphy/ptII/ptolemy/domains/de/test/auto/AssemblyLine.xml (RunModel)" time="0.011" />
  <testcase classname="ptolemy.util.test.junit.AutoTests" name="[2] /home/travis/build/icyphy/ptII/ptolemy/domains/de/test/auto/CQBug1.xml (RunModel)" time="0.005" />
  <testcase classname="ptolemy.util.test.junit.AutoTests" name="[3] /home/travis/build/icyphy/ptII/ptolemy/domains/de/test/auto/CancelFireAt.xml (RunModel)" time="0.004" />
  <testcase classname="ptolemy.util.test.junit.AutoTests" name="[4] /home/travis/build/icyphy/ptII/ptolemy/domains/de/test/auto/CausalityAndComposabilityAnalysis.xml (RunModel)" time="0.008" />
  <testcase classname="ptolemy.util.test.junit.AutoTests" name="[5] /home/travis/build/icyphy/ptII/ptolemy/domains/de/test/auto/CausalityInterface1.xml (RunModel)" time="0.009" />
  <testcase classname="ptolemy.util.test.junit.AutoTests" name="[6] /home/travis/build/icyphy/ptII/ptolemy/domains/de/test/auto/CausalityInterface15.xml (RunModel)" time="0.01" />
  <testcase classname="ptolemy.util.test.junit.AutoTests" name="[7] /home/travis/build/icyphy/ptII/ptolemy/domains/de/test/auto/CausalityInterface2.xml (RunModel)" time="0.007" />
  <testcase classname="ptolemy.util.test.junit.AutoTests" name="[8] /home/travis/build/icyphy/ptII/ptolemy/domains/de/test/auto/CausalityInterface3.xml (RunModel)" time="0.01" />
  <testcase classname="ptolemy.util.test.junit.AutoTests" name="[9] /home/travis/build/icyphy/ptII/ptolemy/domains/de/test/auto/ClockDrift.xml (RunModel)" time="0.025" />
  <testcase classname="ptolemy.util.test.junit.AutoTests" name="[10] /home/travis/build/icyphy/ptII/ptolemy/domains/de/test/auto/ClockDriftAndValueChange.xml (RunModel)" time="0.023" />
  <testcase classname="ptolemy.util.test.junit.AutoTests" name="[11] /home/travis/build/icyphy/ptII/ptolemy/domains/de/test/auto/ClockDriftChange.xml (RunModel)" time="0.018" />
  <testcase classname="ptolemy.util.test.junit.AutoTests" name="[12] /home/travis/build/icyphy/ptII/ptolemy/domains/de/test/auto/ComposableCausalityAnalysis.xml (RunModel)" time="0.014" />
  <testcase classname="ptolemy.util.test.junit.AutoTests" name="[13] /home/travis/build/icyphy/ptII/ptolemy/domains/de/test/auto/DEFixedPointLimitation.xml (RunModel)" time="0.007" />
  <testcase classname="ptolemy.util.test.junit.AutoTests" name="[14] /home/travis/build/icyphy/ptII/ptolemy/domains/de/test/auto/DEScheduleTest.xml (RunModel)" time="0.008" />
  <testcase classname="ptolemy.util.test.junit.AutoTests" name="[15] /home/travis/build/icyphy/ptII/ptolemy/domains/de/test/auto/DEinDEwithStartTimes.xml (RunModel)" time="0.009" />
  <testcase classname="ptolemy.util.test.junit.AutoTests" name="[16] /home/travis/build/icyphy/ptII/ptolemy/domains/de/test/auto/DEinDEwithStartTimes2.xml (RunModel)" time="0.011" />
  <testcase classname="ptolemy.util.test.junit.AutoTests" name="[17] /home/travis/build/icyphy/ptII/ptolemy/domains/de/test/auto/DateDemo.xml (RunModel)" time="0.019" />
  <testcase classname="ptolemy.util.test.junit.AutoTests" name="[18] /home/travis/build/icyphy/ptII/ptolemy/domains/de/test/auto/DateToEvent.xml (RunModel)" time="2.028" />
  <testcase classname="ptolemy.util.test.junit.AutoTests" name="[19] /home/travis/build/icyphy/ptII/ptolemy/domains/de/test/auto/DepthTest1.xml (RunModel)" time="0.005" />
  <testcase classname="ptolemy.util.test.junit.AutoTests" name="[20] /home/travis/build/icyphy/ptII/ptolemy/domains/de/test/auto/DepthTest2.xml (RunModel)" time="0.011" />
  <testcase classname="ptolemy.util.test.junit.AutoTests" name="[21] /home/travis/build/icyphy/ptII/ptolemy/domains/de/test/auto/DepthTest3.xml (RunModel)" time="0.005" />
  <testcase classname="ptolemy.util.test.junit.AutoTests" name="[22] /home/travis/build/icyphy/ptII/ptolemy/domains/de/test/auto/DepthTest4.xml (RunModel)" time="0.008" />
  <testcase classname="ptolemy.util.test.junit.AutoTests" name="[23] /home/travis/build/icyphy/ptII/ptolemy/domains/de/test/auto/DepthTest5.xml (RunModel)" time="0.012" />
  <testcase classname="ptolemy.util.test.junit.AutoTests" name="[24] /home/travis/build/icyphy/ptII/ptolemy/domains/de/test/auto/DepthTest6.xml (RunModel)" time="0.012" />
  <testcase classname="ptolemy.util.test.junit.AutoTests" name="[25] /home/travis/build/icyphy/ptII/ptolemy/domains/de/test/auto/DepthTest7.xml (RunModel)" time="0.01" />
  <testcase classname="ptolemy.util.test.junit.AutoTests" name="[26] /home/travis/build/icyphy/ptII/ptolemy/domains/de/test/auto/EventToDate.xml (RunModel)" time="3.025" />
  <testcase classname="ptolemy.util.test.junit.AutoTests" name="[27] /home/travis/build/icyphy/ptII/ptolemy/domains/de/test/auto/FSM1.xml (RunModel)" time="0.025" />
  <testcase classname="ptolemy.util.test.junit.AutoTests" name="[28] /home/travis/build/icyphy/ptII/ptolemy/domains/de/test/auto/FSM7.xml (RunModel)" time="0.022" />
  <testcase classname="ptolemy.util.test.junit.AutoTests" name="[29] /home/travis/build/icyphy/ptII/ptolemy/domains/de/test/auto/Inspection.xml (RunModel)" time="0.038" />
  <testcase classname="ptolemy.util.test.junit.AutoTests" name="[30] /home/travis/build/icyphy/ptII/ptolemy/domains/de/test/auto/Iteration.xml (RunModel)" time="0.019" />
  <testcase classname="ptolemy.util.test.junit.AutoTests" name="[31] /home/travis/build/icyphy/ptII/ptolemy/domains/de/test/auto/LineFault.xml (RunModel)" time="0.409" />
  <testcase classname="ptolemy.util.test.junit.AutoTests" name="[32] /home/travis/build/icyphy/ptII/ptolemy/domains/de/test/auto/MergeModel1Add.xml (RunModel)" time="0.043" />
  <testcase classname="ptolemy.util.test.junit.AutoTests" name="[33] /home/travis/build/icyphy/ptII/ptolemy/domains/de/test/auto/MergeModel2Add.xml (RunModel)" time="0.029" />
  <testcase classname="ptolemy.util.test.junit.AutoTests" name="[34] /home/travis/build/icyphy/ptII/ptolemy/domains/de/test/auto/MergeModel3Add.xml (RunModel)" time="0.03" />
  <testcase classname="ptolemy.util.test.junit.AutoTests" name="[35] /home/travis/build/icyphy/ptII/ptolemy/domains/de/test/auto/MergeWithoutDiscard.xml (RunModel)" time="0.007" />
  <testcase classname="ptolemy.util.test.junit.AutoTests" name="[36] /home/travis/build/icyphy/ptII/ptolemy/domains/de/test/auto/Modal1.xml (RunModel)" time="0.019" />
  <testcase classname="ptolemy.util.test.junit.AutoTests" name="[37] /home/travis/build/icyphy/ptII/ptolemy/domains/de/test/auto/Modal2.xml (RunModel)" time="0.022" />
  <testcase classname="ptolemy.util.test.junit.AutoTests" name="[38] /home/travis/build/icyphy/ptII/ptolemy/domains/de/test/auto/Modal3.xml (RunModel)" time="0.02" />
  <testcase classname="ptolemy.util.test.junit.AutoTests" name="[39] /home/travis/build/icyphy/ptII/ptolemy/domains/de/test/auto/Modal4.xml (RunModel)" time="0.021" />
  <testcase classname="ptolemy.util.test.junit.AutoTests" name="[40] /home/travis/build/icyphy/ptII/ptolemy/domains/de/test/auto/Modal5.xml (RunModel)" time="0.021" />
  <testcase classname="ptolemy.util.test.junit.AutoTests" name="[41] /home/travis/build/icyphy/ptII/ptolemy/domains/de/test/auto/Modal6.xml (RunModel)" time="0.02" />
  <testcase classname="ptolemy.util.test.junit.AutoTests" name="[42] /home/travis/build/icyphy/ptII/ptolemy/domains/de/test/auto/Modal7.xml (RunModel)" time="0.022" />
  <testcase classname="ptolemy.util.test.junit.AutoTests" name="[43] /home/travis/build/icyphy/ptII/ptolemy/domains/de/test/auto/ModalModel.xml (RunModel)" time="0.117" />
  <testcase classname="ptolemy.util.test.junit.AutoTests" name="[44] /home/travis/build/icyphy/ptII/ptolemy/domains/de/test/auto/ModalSource.xml (RunModel)" time="0.014" />
  <testcase classname="ptolemy.util.test.junit.AutoTests" name="[45] /home/travis/build/icyphy/ptII/ptolemy/domains/de/test/auto/NonInterruptibleTimerZeroDelay.xml (RunModel)" time="0.007" />
  <testcase classname="ptolemy.util.test.junit.AutoTests" name="[46] /home/travis/build/icyphy/ptII/ptolemy/domains/de/test/auto/OpenQueueingNetwork.xml (RunModel)" time="1.928" />
  <testcase classname="ptolemy.util.test.junit.AutoTests" name="[47] /home/travis/build/icyphy/ptII/ptolemy/domains/de/test/auto/OpenQueuingNetwork.xml (RunModel)" time="0.257" />
  <testcase classname="ptolemy.util.test.junit.AutoTests" name="[48] /home/travis/build/icyphy/ptII/ptolemy/domains/de/test/auto/PeriodicSampler.xml (RunModel)" time="0.007" />
  <testcase classname="ptolemy.util.test.junit.AutoTests" name="[49] /home/travis/build/icyphy/ptII/ptolemy/domains/de/test/auto/PersistentIO.xml (RunModel)" time="0.016" />
  <testcase classname="ptolemy.util.test.junit.AutoTests" name="[50] /home/travis/build/icyphy/ptII/ptolemy/domains/de/test/auto/PortParameterResetOnInitialize.xml (RunModel)" time="0.008" />
  <testcase classname="ptolemy.util.test.junit.AutoTests" name="[51] /home/travis/build/icyphy/ptII/ptolemy/domains/de/test/auto/PortParameterUpdates.xml (RunModel)" time="0.011" />
  <testcase classname="ptolemy.util.test.junit.AutoTests" name="[52] /home/travis/build/icyphy/ptII/ptolemy/domains/de/test/auto/QueueAndServer.xml (RunModel)" time="0.016" />
  <testcase classname="ptolemy.util.test.junit.AutoTests" name="[53] /home/travis/build/icyphy/ptII/ptolemy/domains/de/test/auto/Records.xml (RunModel)" time="0.012" />
  <testcase classname="ptolemy.util.test.junit.AutoTests" name="[54] /home/travis/build/icyphy/ptII/ptolemy/domains/de/test/auto/ResetTransitionWithStartTime1.xml (RunModel)" time="0.017" />
  <testcase classname="ptolemy.util.test.junit.AutoTests" name="[55] /home/travis/build/icyphy/ptII/ptolemy/domains/de/test/auto/ResetTransitionWithStartTime2.xml (RunModel)" time="0.015" />
  <testcase classname="ptolemy.util.test.junit.AutoTests" name="[56] /home/travis/build/icyphy/ptII/ptolemy/domains/de/test/auto/ResetTransitionWithStartTime3.xml (RunModel)" time="0.016" />
  <testcase classname="ptolemy.util.test.junit.AutoTests" name="[57] /home/travis/build/icyphy/ptII/ptolemy/domains/de/test/auto/ResetTransitionWithStartTime4.xml (RunModel)" time="0.015" />
  <testcase classname="ptolemy.util.test.junit.AutoTests" name="[58] /home/travis/build/icyphy/ptII/ptolemy/domains/de/test/auto/ResettableTimer1.xml (RunModel)" time="0.009" />
  <testcase classname="ptolemy.util.test.junit.AutoTests" name="[59] /home/travis/build/icyphy/ptII/ptolemy/domains/de/test/auto/ResettableTimer2.xml (RunModel)" time="0.012" />
  <testcase classname="ptolemy.util.test.junit.AutoTests" name="[60] /home/travis/build/icyphy/ptII/ptolemy/domains/de/test/auto/ResettableTimer3.xml (RunModel)" time="0.011" />
  <testcase classname="ptolemy.util.test.junit.AutoTests" name="[61] /home/travis/build/icyphy/ptII/ptolemy/domains/de/test/auto/ResettableTimer4.xml (RunModel)" time="0.008" />
  <testcase classname="ptolemy.util.test.junit.AutoTests" name="[62] /home/travis/build/icyphy/ptII/ptolemy/domains/de/test/auto/ResettableTimer5.xml (RunModel)" time="0.008" />
  <testcase classname="ptolemy.util.test.junit.AutoTests" name="[63] /home/travis/build/icyphy/ptII/ptolemy/domains/de/test/auto/ResettableTimer6.xml (RunModel)" time="0.017" />
  <testcase classname="ptolemy.util.test.junit.AutoTests" name="[64] /home/travis/build/icyphy/ptII/ptolemy/domains/de/test/auto/ServerZeroDelay.xml (RunModel)" time="0.014" />
  <testcase classname="ptolemy.util.test.junit.AutoTests" name="[65] /home/travis/build/icyphy/ptII/ptolemy/domains/de/test/auto/SmartSender.xml (RunModel)" time="3.007" />
  <testcase classname="ptolemy.util.test.junit.AutoTests" name="[66] /home/travis/build/icyphy/ptII/ptolemy/domains/de/test/auto/ThreadedComposite.xml (RunModel)" time="0.286" />
  <testcase classname="ptolemy.util.test.junit.AutoTests" name="[67] /home/travis/build/icyphy/ptII/ptolemy/domains/de/test/auto/Time.xml (RunModel)" time="0.404" />
  <testcase classname="ptolemy.util.test.junit.AutoTests" name="[68] /home/travis/build/icyphy/ptII/ptolemy/domains/de/test/auto/TimeDelayZeroDelay.xml (RunModel)" time="0.011" />
  <testcase classname="ptolemy.util.test.junit.AutoTests" name="[69] /home/travis/build/icyphy/ptII/ptolemy/domains/de/test/auto/TimerZeroDelay.xml (RunModel)" time="0.009" />
  <testcase classname="ptolemy.util.test.junit.AutoTests" name="[70] /home/travis/build/icyphy/ptII/ptolemy/domains/de/test/auto/TimingParadox.xml (RunModel)" time="0.336" />
  <testcase classname="ptolemy.util.test.junit.AutoTests" name="[71] /home/travis/build/icyphy/ptII/ptolemy/domains/de/test/auto/TransferInputs.xml (RunModel)" time="0.012" />
  <testcase classname="ptolemy.util.test.junit.AutoTests" name="[72] /home/travis/build/icyphy/ptII/ptolemy/domains/de/test/auto/TransferOutputs2.xml (RunModel)" time="0.016" />
  <testcase classname="ptolemy.util.test.junit.AutoTests" name="[73] /home/travis/build/icyphy/ptII/ptolemy/domains/de/test/auto/Trilateration.xml (RunModel)" time="11.583" />
  <testcase classname="ptolemy.util.test.junit.AutoTests" name="[74] /home/travis/build/icyphy/ptII/ptolemy/domains/de/test/auto/TwoSigmaDelta.xml (RunModel)" time="1.951" />
  <testcase classname="ptolemy.util.test.junit.AutoTests" name="[75] /home/travis/build/icyphy/ptII/ptolemy/domains/de/test/auto/VariableDelay.xml (RunModel)" time="0.015" />
  <testcase classname="ptolemy.util.test.junit.AutoTests" name="[76] /home/travis/build/icyphy/ptII/ptolemy/domains/de/test/auto/VariableDelay2.xml (RunModel)" time="0.014" />
  <testcase classname="ptolemy.util.test.junit.AutoTests" name="[77] /home/travis/build/icyphy/ptII/ptolemy/domains/de/test/auto/VariableDelayZeroDelay.xml (RunModel)" time="0.017" />
  <testcase classname="ptolemy.util.test.junit.AutoTests" name="[78] /home/travis/build/icyphy/ptII/ptolemy/domains/de/test/auto/VariableDelayZeroDelay2.xml (RunModel)" time="0.02" />
  <testcase classname="ptolemy.util.test.junit.AutoTests" name="[79] /home/travis/build/icyphy/ptII/ptolemy/domains/de/test/auto/deInCt.xml (RunModel)" time="0.013" />
  <testcase classname="ptolemy.util.test.junit.AutoTests" name="[80] /home/travis/build/icyphy/ptII/ptolemy/domains/de/test/auto/deInCt2.xml (RunModel)" time="0.021" />
  <testcase classname="ptolemy.util.test.junit.AutoTests" name="[81] /home/travis/build/icyphy/ptII/ptolemy/domains/de/test/auto/dynamicCausalityInterface1.xml (RunModel)" time="0.016" />
  <testcase classname="ptolemy.util.test.junit.AutoTests" name="[82] /home/travis/build/icyphy/ptII/ptolemy/domains/de/test/auto/fsm_de_test.xml (RunModel)" time="0.025" />
  <testcase classname="ptolemy.util.test.junit.AutoTests" name="[83] /home/travis/build/icyphy/ptII/ptolemy/domains/de/test/auto/functionDependencyReconstruction.xml (RunModel)" time="0.03" />
  <testcase classname="ptolemy.util.test.junit.AutoTests" name="[84] /home/travis/build/icyphy/ptII/ptolemy/domains/de/test/auto/multirate.xml (RunModel)" time="0.017" />
  <testcase classname="ptolemy.util.test.junit.AutoTests" name="[85] /home/travis/build/icyphy/ptII/ptolemy/domains/de/test/auto/multirate2.xml (RunModel)" time="0.016" />
  <testcase classname="ptolemy.util.test.junit.AutoTests" name="[86] /home/travis/build/icyphy/ptII/ptolemy/domains/de/test/auto/realtime.xml (RunModel)" time="10.01" />
  <testcase classname="ptolemy.util.test.junit.AutoTests" name="[87] /home/travis/build/icyphy/ptII/ptolemy/domains/de/test/auto/relationGroup.xml (RunModel)" time="0.008" />
  <testcase classname="ptolemy.util.test.junit.AutoTests" name="[88] /home/travis/build/icyphy/ptII/ptolemy/domains/de/test/auto/relationGroup2.xml (RunModel)" time="0.006" />
  <testcase classname="ptolemy.util.test.junit.AutoTests" name="[89] /home/travis/build/icyphy/ptII/ptolemy/domains/de/test/auto/sortWithOpaquePorts.xml (RunModel)" time="0.008" />
  <testcase classname="ptolemy.util.test.junit.AutoTests" name="[90] /home/travis/build/icyphy/ptII/ptolemy/domains/de/test/auto/transferInputsandOutputs.xml (RunModel)" time="0.013" />
  <testcase classname="ptolemy.util.test.junit.AutoTests" name="[91] /home/travis/build/icyphy/ptII/ptolemy/domains/de/test/auto/triggerType.xml (RunModel)" time="0.013" />
  <system-out><![CDATA[/home/travis/build/icyphy/ptII/ptolemy/domains/de/test/DependencyLoop.tcl
testDefs.tcl: setting time out to 9000 seconds at Thu May 03 00:58:06 UTC 2018
16 ms. Memory: 116224K Free: 95024K (82%)
12 ms. Memory: 146944K Free: 137828K (94%)
/home/travis/build/icyphy/ptII/ptolemy/domains/de/test/RunDETestsAsQSS.tcl
Run the DE tests using ptolemy.domains.qss.test.QSSDirectorTest, which extends QSSDirector and prints a message in the constructors.
------------------ testing $PTII/ptolemy/domains/de/test/auto/knownFailedTests/dependencyLoop.xml (Known Failure) 
6 ms. Memory: 146944K Free: 133554K (91%)


==== $PTIIhome/travis/build/icyphy/ptII/ptolemy/domains/de/test/../../../../: Auto Automatic test in file $PTII/ptolemy/domains/de/test/auto/knownFailedTests/dependencyLoop.xml
==== Contents of test case:

	    # FIXME: we should use $relativeFilename here, but it
	    # might have backslashes under Windows, which causes no end
	    # of trouble.
	    createAndExecute $file
	    list {}
	
.... Test generated KNOWN error:
    while executing
ptolemy.kernel.util.IllegalActionException: Found a zero delay loop containing .dependencyLoop.original
  in .dependencyLoop and .dependencyLoop.original
	at ptolemy.actor.util.CausalityInterfaceForComposites._computeOutputPortDepth(CausalityInterfaceForComposites.java:759)
	at ptolemy.actor.util.CausalityInterfaceForComposites._computeInputDepth(CausalityInterfaceForComposites.java:696)
	at ptolemy.actor.util.CausalityInterfaceForComposites._computeOutputPortDepth(CausalityInterfaceForComposites.java:765)
	at ptolemy.actor.util.CausalityInterfaceForComposites._computeInputDepth(CausalityInterfaceForComposites.java:696)
	at ptolemy.actor.util.CausalityInterfaceForComposites._computeOutputPortDepth(CausalityInterfaceForComposites.java:765)
	at ptolemy.actor.util.CausalityInterfaceForComposites._computeInputDepth(CausalityInterfaceForComposites.java:696)
	at ptolemy.actor.util.CausalityInterfaceForComposites._computeActorDepth(CausalityInterfaceForComposites.java:532)
	at ptolemy.actor.util.CausalityInterfaceForComposites.checkForCycles(CausalityInterfaceForComposites.java:96)
	at ptolemy.domains.de.kernel.DEDirector.preinitialize(DEDirector.java:1337)
	at ptolemy.actor.CompositeActor.preinitialize(CompositeActor.java:1828)
	at ptolemy.actor.Manager.preinitializeAndResolveTypes(Manager.java:1040)
	at ptolemy.actor.Manager.initialize(Manager.java:710)
	at ptolemy.actor.Manager.execute(Manager.java:356)
	at ptolemy.actor.Manager.run(Manager.java:1263)
	at ptolemy.actor.Manager$PtolemyRunThread.run(Manager.java:1915)

    while executing
ptolemy.kernel.util.IllegalActionException: Found a zero delay loop containing .dependencyLoop.original
  in .dependencyLoop and .dependencyLoop.original
    while executing
"java::new ptolemy.moml.MoMLSimpleApplication $file
"
    (procedure "createAndExecute" line 2)
    invoked from within
"createAndExecute $file"
    ("uplevel" body line 5)
    invoked from within
"uplevel $contents_of_test"
------------------ testing $PTII/ptolemy/domains/de/test/auto/knownFailedTests/DESDFClockTest.xml (Known Failure) 
2058 ms. Memory: 146944K Free: 117746K (80%)


==== $PTIIhome/travis/build/icyphy/ptII/ptolemy/domains/de/test/../../../../: Auto Automatic test in file $PTII/ptolemy/domains/de/test/auto/knownFailedTests/DESDFClockTest.xml
==== Contents of test case:

	    # FIXME: we should use $relativeFilename here, but it
	    # might have backslashes under Windows, which causes no end
	    # of trouble.
	    createAndExecute $file
	    list {}
	
.... Test generated KNOWN error:
    while executing
ptolemy.kernel.util.IllegalActionException: Actor is not ready to fire.  Perhaps UpSample.prefire() returned false? Try debugging the actor by selecting "Listen to Actor".  Also, for SDF check moml for tokenConsumptionRate on input.
  in .DESDFClockTest.Play Bell.Copy1:SDF Director and .DESDFClockTest.Play Bell.UpSample
	at ptolemy.actor.sched.StaticSchedulingDirector.fire(StaticSchedulingDirector.java:227)
	at ptolemy.domains.sdf.kernel.SDFDirector.fire(SDFDirector.java:500)
	at ptolemy.actor.CompositeActor.fire(CompositeActor.java:455)
	at ptolemy.domains.de.kernel.DEDirector._fire(DEDirector.java:1948)
	at ptolemy.domains.de.kernel.DEDirector.fire(DEDirector.java:502)
	at ptolemy.actor.CompositeActor.fire(CompositeActor.java:455)
	at ptolemy.actor.Manager.iterate(Manager.java:851)
	at ptolemy.actor.Manager.execute(Manager.java:369)
	at ptolemy.actor.Manager.run(Manager.java:1263)
	at ptolemy.actor.Manager$PtolemyRunThread.run(Manager.java:1915)

    while executing
ptolemy.kernel.util.IllegalActionException: Actor is not ready to fire.  Perhaps UpSample.prefire() returned false? Try debugging the actor by selecting "Listen to Actor".  Also, for SDF check moml for tokenConsumptionRate on input.
  in .DESDFClockTest.Play Bell.Copy1:SDF Director and .DESDFClockTest.Play Bell.UpSample
    while executing
"java::new ptolemy.moml.MoMLSimpleApplication $file
"
    (procedure "createAndExecute" line 2)
    invoked from within
"createAndExecute $file"
    ("uplevel" body line 5)
    invoked from within
"uplevel $contents_of_test"
------------------ testing $PTII/ptolemy/domains/de/test/auto/knownFailedTests/FSMSource.xml (Known Failure) 
20 ms. Memory: 146944K Free: 108690K (74%)
!!!! Auto was marked as failing, but now passes
------------------ testing $PTII/ptolemy/domains/de/test/auto/knownFailedTests/dependencyLoop2.xml (Known Failure) 
6 ms. Memory: 146944K Free: 106807K (73%)


==== $PTIIhome/travis/build/icyphy/ptII/ptolemy/domains/de/test/../../../../: Auto Automatic test in file $PTII/ptolemy/domains/de/test/auto/knownFailedTests/dependencyLoop2.xml
==== Contents of test case:

	    # FIXME: we should use $relativeFilename here, but it
	    # might have backslashes under Windows, which causes no end
	    # of trouble.
	    createAndExecute $file
	    list {}
	
.... Test generated KNOWN error:
    while executing
ptolemy.kernel.util.IllegalActionException: Found a zero delay loop containing .dependencyLoop2.original
  in .dependencyLoop2 and .dependencyLoop2.original
	at ptolemy.actor.util.CausalityInterfaceForComposites._computeOutputPortDepth(CausalityInterfaceForComposites.java:759)
	at ptolemy.actor.util.CausalityInterfaceForComposites._computeInputDepth(CausalityInterfaceForComposites.java:696)
	at ptolemy.actor.util.CausalityInterfaceForComposites._computeOutputPortDepth(CausalityInterfaceForComposites.java:765)
	at ptolemy.actor.util.CausalityInterfaceForComposites._computeInputDepth(CausalityInterfaceForComposites.java:696)
	at ptolemy.actor.util.CausalityInterfaceForComposites._computeOutputPortDepth(CausalityInterfaceForComposites.java:765)
	at ptolemy.actor.util.CausalityInterfaceForComposites._computeInputDepth(CausalityInterfaceForComposites.java:696)
	at ptolemy.actor.util.CausalityInterfaceForComposites._computeActorDepth(CausalityInterfaceForComposites.java:532)
	at ptolemy.actor.util.CausalityInterfaceForComposites.checkForCycles(CausalityInterfaceForComposites.java:96)
	at ptolemy.domains.de.kernel.DEDirector.preinitialize(DEDirector.java:1337)
	at ptolemy.actor.CompositeActor.preinitialize(CompositeActor.java:1828)
	at ptolemy.actor.Manager.preinitializeAndResolveTypes(Manager.java:1040)
	at ptolemy.actor.Manager.initialize(Manager.java:710)
	at ptolemy.actor.Manager.execute(Manager.java:356)
	at ptolemy.actor.Manager.run(Manager.java:1263)
	at ptolemy.actor.Manager$PtolemyRunThread.run(Manager.java:1915)

    while executing
ptolemy.kernel.util.IllegalActionException: Found a zero delay loop containing .dependencyLoop2.original
  in .dependencyLoop2 and .dependencyLoop2.original
    while executing
"java::new ptolemy.moml.MoMLSimpleApplication $file
"
    (procedure "createAndExecute" line 2)
    invoked from within
"createAndExecute $file"
    ("uplevel" body line 5)
    invoked from within
"uplevel $contents_of_test"
------------------ testing $PTII/ptolemy/domains/de/test/auto/knownFailedTests/HierarchicalModel.xml (Known Failure) 
5 ms. Memory: 146944K Free: 86215K (59%)


==== $PTIIhome/travis/build/icyphy/ptII/ptolemy/domains/de/test/../../../../: Auto Automatic test in file $PTII/ptolemy/domains/de/test/auto/knownFailedTests/HierarchicalModel.xml
==== Contents of test case:

	    # FIXME: we should use $relativeFilename here, but it
	    # might have backslashes under Windows, which causes no end
	    # of trouble.
	    createAndExecute $file
	    list {}
	
.... Test generated KNOWN error:
    while executing
ptolemy.kernel.util.IllegalActionException: Found a zero delay loop containing .HierarchicalModel.A
  in .HierarchicalModel and .HierarchicalModel.A
	at ptolemy.actor.util.CausalityInterfaceForComposites._computeOutputPortDepth(CausalityInterfaceForComposites.java:759)
	at ptolemy.actor.util.CausalityInterfaceForComposites._computeInputDepth(CausalityInterfaceForComposites.java:696)
	at ptolemy.actor.util.CausalityInterfaceForComposites._computeOutputPortDepth(CausalityInterfaceForComposites.java:765)
	at ptolemy.actor.util.CausalityInterfaceForComposites._computeInputDepth(CausalityInterfaceForComposites.java:696)
	at ptolemy.actor.util.CausalityInterfaceForComposites._computeOutputPortDepth(CausalityInterfaceForComposites.java:765)
	at ptolemy.actor.util.CausalityInterfaceForComposites._computeInputDepth(CausalityInterfaceForComposites.java:696)
	at ptolemy.actor.util.CausalityInterfaceForComposites._computeActorDepth(CausalityInterfaceForComposites.java:532)
	at ptolemy.actor.util.CausalityInterfaceForComposites.checkForCycles(CausalityInterfaceForComposites.java:96)
	at ptolemy.domains.de.kernel.DEDirector.preinitialize(DEDirector.java:1337)
	at ptolemy.actor.CompositeActor.preinitialize(CompositeActor.java:1828)
	at ptolemy.actor.Manager.preinitializeAndResolveTypes(Manager.java:1040)
	at ptolemy.actor.Manager.initialize(Manager.java:710)
	at ptolemy.actor.Manager.execute(Manager.java:356)
	at ptolemy.actor.Manager.run(Manager.java:1263)
	at ptolemy.actor.Manager$PtolemyRunThread.run(Manager.java:1915)

    while executing
ptolemy.kernel.util.IllegalActionException: Found a zero delay loop containing .HierarchicalModel.A
  in .HierarchicalModel and .HierarchicalModel.A
    while executing
"java::new ptolemy.moml.MoMLSimpleApplication $file
"
    (procedure "createAndExecute" line 2)
    invoked from within
"createAndExecute $file"
    ("uplevel" body line 5)
    invoked from within
"uplevel $contents_of_test"
------------------ testing $PTII/ptolemy/domains/de/test/auto/knownFailedTests/DirectFeedback.xml (Known Failure) 
3 ms. Memory: 146944K Free: 82017K (56%)


==== $PTIIhome/travis/build/icyphy/ptII/ptolemy/domains/de/test/../../../../: Auto Automatic test in file $PTII/ptolemy/domains/de/test/auto/knownFailedTests/DirectFeedback.xml
==== Contents of test case:

	    # FIXME: we should use $relativeFilename here, but it
	    # might have backslashes under Windows, which causes no end
	    # of trouble.
	    createAndExecute $file
	    list {}
	
.... Test generated KNOWN error:
    while executing
ptolemy.kernel.util.IllegalActionException: Test fails in iteration 1.
Value was: 1.0. Should have been: 2.0
  in .DirectFeedback.Test
	at ptolemy.actor.lib.Test.fire(Test.java:268)
	at ptolemy.domains.de.kernel.DEDirector._fire(DEDirector.java:1948)
	at ptolemy.domains.de.kernel.DEDirector.fire(DEDirector.java:502)
	at ptolemy.actor.CompositeActor.fire(CompositeActor.java:455)
	at ptolemy.actor.Manager.iterate(Manager.java:851)
	at ptolemy.actor.Manager.execute(Manager.java:369)
	at ptolemy.actor.Manager.run(Manager.java:1263)
	at ptolemy.actor.Manager$PtolemyRunThread.run(Manager.java:1915)

    while executing
ptolemy.kernel.util.IllegalActionException: Test fails in iteration 1.
Value was: 1.0. Should have been: 2.0
  in .DirectFeedback.Test
    while executing
"java::new ptolemy.moml.MoMLSimpleApplication $file
"
    (procedure "createAndExecute" line 2)
    invoked from within
"createAndExecute $file"
    ("uplevel" body line 5)
    invoked from within
"uplevel $contents_of_test"
------------------ testing $PTII/ptolemy/domains/de/test/auto/ActorDepthCalculation_actorWithoutPorts.xml
auto.tcl: Setting watchdog for 200 seconds at Thu May 03 00:58:09 UTC 2018
4 ms. Memory: 146944K Free: 134882K (92%)
ptolemy.util.test.WatchDog.cancel(): canceling Thu May 03 00:58:09 UTC 2018
auto.tcl: Setting watchdog for 200 seconds at Thu May 03 00:58:09 UTC 2018
4 ms. Memory: 146944K Free: 132833K (90%)
ptolemy.util.test.WatchDog.cancel(): canceling Thu May 03 00:58:09 UTC 2018
------------------ testing $PTII/ptolemy/domains/de/test/auto/AssemblyLine.xml
auto.tcl: Setting watchdog for 200 seconds at Thu May 03 00:58:10 UTC 2018
7 ms. Memory: 208384K Free: 183115K (88%)
ptolemy.util.test.WatchDog.cancel(): canceling Thu May 03 00:58:10 UTC 2018
auto.tcl: Setting watchdog for 200 seconds at Thu May 03 00:58:10 UTC 2018
11 ms. Memory: 208384K Free: 183115K (88%)
ptolemy.util.test.WatchDog.cancel(): canceling Thu May 03 00:58:10 UTC 2018
------------------ testing $PTII/ptolemy/domains/de/test/auto/CQBug1.xml
auto.tcl: Setting watchdog for 200 seconds at Thu May 03 00:58:10 UTC 2018
9 ms. Memory: 208384K Free: 197650K (95%)
ptolemy.util.test.WatchDog.cancel(): canceling Thu May 03 00:58:10 UTC 2018
auto.tcl: Setting watchdog for 200 seconds at Thu May 03 00:58:10 UTC 2018
2 ms. Memory: 208384K Free: 197650K (95%)
ptolemy.util.test.WatchDog.cancel(): canceling Thu May 03 00:58:10 UTC 2018
------------------ testing $PTII/ptolemy/domains/de/test/auto/CancelFireAt.xml
auto.tcl: Setting watchdog for 200 seconds at Thu May 03 00:58:10 UTC 2018
9 ms. Memory: 208384K Free: 201407K (97%)
ptolemy.util.test.WatchDog.cancel(): canceling Thu May 03 00:58:10 UTC 2018
auto.tcl: Setting watchdog for 200 seconds at Thu May 03 00:58:10 UTC 2018
2 ms. Memory: 208384K Free: 199271K (96%)
ptolemy.util.test.WatchDog.cancel(): canceling Thu May 03 00:58:10 UTC 2018
------------------ testing $PTII/ptolemy/domains/de/test/auto/CausalityAndComposabilityAnalysis.xml
auto.tcl: Setting watchdog for 200 seconds at Thu May 03 00:58:10 UTC 2018
19 ms. Memory: 208384K Free: 198531K (95%)
ptolemy.util.test.WatchDog.cancel(): canceling Thu May 03 00:58:10 UTC 2018
auto.tcl: Setting watchdog for 200 seconds at Thu May 03 00:58:10 UTC 2018
6 ms. Memory: 208384K Free: 196394K (94%)
ptolemy.util.test.WatchDog.cancel(): canceling Thu May 03 00:58:10 UTC 2018
------------------ testing $PTII/ptolemy/domains/de/test/auto/CausalityInterface1.xml
auto.tcl: Setting watchdog for 200 seconds at Thu May 03 00:58:10 UTC 2018
21 ms. Memory: 208384K Free: 196329K (94%)
ptolemy.util.test.WatchDog.cancel(): canceling Thu May 03 00:58:10 UTC 2018
auto.tcl: Setting watchdog for 200 seconds at Thu May 03 00:58:10 UTC 2018
7 ms. Memory: 208384K Free: 196329K (94%)
ptolemy.util.test.WatchDog.cancel(): canceling Thu May 03 00:58:10 UTC 2018
------------------ testing $PTII/ptolemy/domains/de/test/auto/CausalityInterface15.xml
auto.tcl: Setting watchdog for 200 seconds at Thu May 03 00:58:10 UTC 2018
13 ms. Memory: 208384K Free: 196320K (94%)
ptolemy.util.test.WatchDog.cancel(): canceling Thu May 03 00:58:10 UTC 2018
auto.tcl: Setting watchdog for 200 seconds at Thu May 03 00:58:10 UTC 2018
3 ms. Memory: 208384K Free: 196320K (94%)
ptolemy.util.test.WatchDog.cancel(): canceling Thu May 03 00:58:10 UTC 2018
------------------ testing $PTII/ptolemy/domains/de/test/auto/CausalityInterface2.xml
auto.tcl: Setting watchdog for 200 seconds at Thu May 03 00:58:10 UTC 2018
7 ms. Memory: 208384K Free: 196642K (94%)
ptolemy.util.test.WatchDog.cancel(): canceling Thu May 03 00:58:10 UTC 2018
auto.tcl: Setting watchdog for 200 seconds at Thu May 03 00:58:10 UTC 2018
4 ms. Memory: 208384K Free: 196304K (94%)
ptolemy.util.test.WatchDog.cancel(): canceling Thu May 03 00:58:10 UTC 2018
------------------ testing $PTII/ptolemy/domains/de/test/auto/CausalityInterface3.xml
auto.tcl: Setting watchdog for 200 seconds at Thu May 03 00:58:10 UTC 2018
6 ms. Memory: 208384K Free: 196317K (94%)
ptolemy.util.test.WatchDog.cancel(): canceling Thu May 03 00:58:10 UTC 2018
auto.tcl: Setting watchdog for 200 seconds at Thu May 03 00:58:10 UTC 2018
4 ms. Memory: 208384K Free: 196317K (94%)
ptolemy.util.test.WatchDog.cancel(): canceling Thu May 03 00:58:10 UTC 2018
------------------ testing $PTII/ptolemy/domains/de/test/auto/ClockDrift.xml
auto.tcl: Setting watchdog for 200 seconds at Thu May 03 00:58:11 UTC 2018
86 ms. Memory: 208384K Free: 187439K (90%)
ptolemy.util.test.WatchDog.cancel(): canceling Thu May 03 00:58:11 UTC 2018
auto.tcl: Setting watchdog for 200 seconds at Thu May 03 00:58:11 UTC 2018
61 ms. Memory: 208384K Free: 185303K (89%)
ptolemy.util.test.WatchDog.cancel(): canceling Thu May 03 00:58:11 UTC 2018
------------------ testing $PTII/ptolemy/domains/de/test/auto/ClockDriftAndValueChange.xml
auto.tcl: Setting watchdog for 200 seconds at Thu May 03 00:58:11 UTC 2018
43 ms. Memory: 208384K Free: 187274K (90%)
ptolemy.util.test.WatchDog.cancel(): canceling Thu May 03 00:58:11 UTC 2018
auto.tcl: Setting watchdog for 200 seconds at Thu May 03 00:58:11 UTC 2018
20 ms. Memory: 208384K Free: 185138K (89%)
ptolemy.util.test.WatchDog.cancel(): canceling Thu May 03 00:58:11 UTC 2018
------------------ testing $PTII/ptolemy/domains/de/test/auto/ClockDriftChange.xml
auto.tcl: Setting watchdog for 200 seconds at Thu May 03 00:58:11 UTC 2018
34 ms. Memory: 208384K Free: 190631K (91%)
ptolemy.util.test.WatchDog.cancel(): canceling Thu May 03 00:58:11 UTC 2018
auto.tcl: Setting watchdog for 200 seconds at Thu May 03 00:58:11 UTC 2018
27 ms. Memory: 208384K Free: 188495K (90%)
ptolemy.util.test.WatchDog.cancel(): canceling Thu May 03 00:58:11 UTC 2018
------------------ testing $PTII/ptolemy/domains/de/test/auto/ComposableCausalityAnalysis.xml
auto.tcl: Setting watchdog for 200 seconds at Thu May 03 00:58:11 UTC 2018
2 ms. Memory: 208384K Free: 196171K (94%)
ptolemy.util.test.WatchDog.cancel(): canceling Thu May 03 00:58:11 UTC 2018
auto.tcl: Setting watchdog for 200 seconds at Thu May 03 00:58:11 UTC 2018
2 ms. Memory: 208384K Free: 196171K (94%)
ptolemy.util.test.WatchDog.cancel(): canceling Thu May 03 00:58:11 UTC 2018
------------------ testing $PTII/ptolemy/domains/de/test/auto/DEFixedPointLimitation.xml
auto.tcl: Setting watchdog for 200 seconds at Thu May 03 00:58:11 UTC 2018
1 ms. Memory: 208384K Free: 198388K (95%)
ptolemy.util.test.WatchDog.cancel(): canceling Thu May 03 00:58:11 UTC 2018
auto.tcl: Setting watchdog for 200 seconds at Thu May 03 00:58:11 UTC 2018
1 ms. Memory: 208384K Free: 196252K (94%)
ptolemy.util.test.WatchDog.cancel(): canceling Thu May 03 00:58:11 UTC 2018
------------------ testing $PTII/ptolemy/domains/de/test/auto/DEScheduleTest.xml
auto.tcl: Setting watchdog for 200 seconds at Thu May 03 00:58:11 UTC 2018
4 ms. Memory: 208384K Free: 198424K (95%)
ptolemy.util.test.WatchDog.cancel(): canceling Thu May 03 00:58:11 UTC 2018
auto.tcl: Setting watchdog for 200 seconds at Thu May 03 00:58:11 UTC 2018
4 ms. Memory: 208384K Free: 196288K (94%)
ptolemy.util.test.WatchDog.cancel(): canceling Thu May 03 00:58:11 UTC 2018
------------------ testing $PTII/ptolemy/domains/de/test/auto/DEinDEwithStartTimes.xml
auto.tcl: Setting watchdog for 200 seconds at Thu May 03 00:58:11 UTC 2018
3 ms. Memory: 208384K Free: 196257K (94%)
ptolemy.util.test.WatchDog.cancel(): canceling Thu May 03 00:58:11 UTC 2018
auto.tcl: Setting watchdog for 200 seconds at Thu May 03 00:58:11 UTC 2018
3 ms. Memory: 208384K Free: 194121K (93%)
ptolemy.util.test.WatchDog.cancel(): canceling Thu May 03 00:58:11 UTC 2018
------------------ testing $PTII/ptolemy/domains/de/test/auto/DEinDEwithStartTimes2.xml
auto.tcl: Setting watchdog for 200 seconds at Thu May 03 00:58:11 UTC 2018
6 ms. Memory: 208384K Free: 196574K (94%)
ptolemy.util.test.WatchDog.cancel(): canceling Thu May 03 00:58:11 UTC 2018
auto.tcl: Setting watchdog for 200 seconds at Thu May 03 00:58:11 UTC 2018
5 ms. Memory: 208384K Free: 194100K (93%)
ptolemy.util.test.WatchDog.cancel(): canceling Thu May 03 00:58:11 UTC 2018
------------------ testing $PTII/ptolemy/domains/de/test/auto/DateDemo.xml
auto.tcl: Setting watchdog for 200 seconds at Thu May 03 00:58:12 UTC 2018
9 ms. Memory: 208384K Free: 188557K (90%)
ptolemy.util.test.WatchDog.cancel(): canceling Thu May 03 00:58:12 UTC 2018
auto.tcl: Setting watchdog for 200 seconds at Thu May 03 00:58:12 UTC 2018
11 ms. Memory: 208384K Free: 186420K (89%)
ptolemy.util.test.WatchDog.cancel(): canceling Thu May 03 00:58:12 UTC 2018
------------------ testing $PTII/ptolemy/domains/de/test/auto/DateToEvent.xml
auto.tcl: Setting watchdog for 200 seconds at Thu May 03 00:58:12 UTC 2018
2017 ms. Memory: 208384K Free: 183154K (88%)
ptolemy.util.test.WatchDog.cancel(): canceling Thu May 03 00:58:14 UTC 2018
auto.tcl: Setting watchdog for 200 seconds at Thu May 03 00:58:14 UTC 2018
2006 ms. Memory: 208384K Free: 183154K (88%)
ptolemy.util.test.WatchDog.cancel(): canceling Thu May 03 00:58:16 UTC 2018
------------------ testing $PTII/ptolemy/domains/de/test/auto/DepthTest1.xml
auto.tcl: Setting watchdog for 200 seconds at Thu May 03 00:58:16 UTC 2018
3 ms. Memory: 208384K Free: 198290K (95%)
ptolemy.util.test.WatchDog.cancel(): canceling Thu May 03 00:58:16 UTC 2018
auto.tcl: Setting watchdog for 200 seconds at Thu May 03 00:58:16 UTC 2018
1 ms. Memory: 208384K Free: 197953K (95%)
ptolemy.util.test.WatchDog.cancel(): canceling Thu May 03 00:58:16 UTC 2018
------------------ testing $PTII/ptolemy/domains/de/test/auto/DepthTest2.xml
auto.tcl: Setting watchdog for 200 seconds at Thu May 03 00:58:16 UTC 2018
6 ms. Memory: 208384K Free: 191656K (92%)
ptolemy.util.test.WatchDog.cancel(): canceling Thu May 03 00:58:16 UTC 2018
auto.tcl: Setting watchdog for 200 seconds at Thu May 03 00:58:16 UTC 2018
3 ms. Memory: 208384K Free: 191656K (92%)
ptolemy.util.test.WatchDog.cancel(): canceling Thu May 03 00:58:16 UTC 2018
------------------ testing $PTII/ptolemy/domains/de/test/auto/DepthTest3.xml
auto.tcl: Setting watchdog for 200 seconds at Thu May 03 00:58:16 UTC 2018
2 ms. Memory: 208384K Free: 198287K (95%)
ptolemy.util.test.WatchDog.cancel(): canceling Thu May 03 00:58:16 UTC 2018
auto.tcl: Setting watchdog for 200 seconds at Thu May 03 00:58:16 UTC 2018
6 ms. Memory: 208384K Free: 198287K (95%)
ptolemy.util.test.WatchDog.cancel(): canceling Thu May 03 00:58:16 UTC 2018
------------------ testing $PTII/ptolemy/domains/de/test/auto/DepthTest4.xml
auto.tcl: Setting watchdog for 200 seconds at Thu May 03 00:58:16 UTC 2018
5 ms. Memory: 208384K Free: 196238K (94%)
ptolemy.util.test.WatchDog.cancel(): canceling Thu May 03 00:58:16 UTC 2018
auto.tcl: Setting watchdog for 200 seconds at Thu May 03 00:58:16 UTC 2018
4 ms. Memory: 208384K Free: 196238K (94%)
ptolemy.util.test.WatchDog.cancel(): canceling Thu May 03 00:58:16 UTC 2018
------------------ testing $PTII/ptolemy/domains/de/test/auto/DepthTest5.xml
auto.tcl: Setting watchdog for 200 seconds at Thu May 03 00:58:16 UTC 2018
3 ms. Memory: 208384K Free: 196523K (94%)
ptolemy.util.test.WatchDog.cancel(): canceling Thu May 03 00:58:16 UTC 2018
auto.tcl: Setting watchdog for 200 seconds at Thu May 03 00:58:16 UTC 2018
2 ms. Memory: 208384K Free: 196523K (94%)
ptolemy.util.test.WatchDog.cancel(): canceling Thu May 03 00:58:16 UTC 2018
------------------ testing $PTII/ptolemy/domains/de/test/auto/DepthTest6.xml
auto.tcl: Setting watchdog for 200 seconds at Thu May 03 00:58:16 UTC 2018
6 ms. Memory: 208384K Free: 196154K (94%)
ptolemy.util.test.WatchDog.cancel(): canceling Thu May 03 00:58:16 UTC 2018
auto.tcl: Setting watchdog for 200 seconds at Thu May 03 00:58:16 UTC 2018
2 ms. Memory: 208384K Free: 196154K (94%)
ptolemy.util.test.WatchDog.cancel(): canceling Thu May 03 00:58:16 UTC 2018
------------------ testing $PTII/ptolemy/domains/de/test/auto/DepthTest7.xml
auto.tcl: Setting watchdog for 200 seconds at Thu May 03 00:58:16 UTC 2018
3 ms. Memory: 208384K Free: 196142K (94%)
ptolemy.util.test.WatchDog.cancel(): canceling Thu May 03 00:58:16 UTC 2018
auto.tcl: Setting watchdog for 200 seconds at Thu May 03 00:58:16 UTC 2018
2 ms. Memory: 208384K Free: 196142K (94%)
ptolemy.util.test.WatchDog.cancel(): canceling Thu May 03 00:58:16 UTC 2018
------------------ testing $PTII/ptolemy/domains/de/test/auto/EventToDate.xml
auto.tcl: Setting watchdog for 200 seconds at Thu May 03 00:58:16 UTC 2018
3010 ms. Memory: 208384K Free: 187617K (90%)
ptolemy.util.test.WatchDog.cancel(): canceling Thu May 03 00:58:19 UTC 2018
auto.tcl: Setting watchdog for 200 seconds at Thu May 03 00:58:19 UTC 2018
3005 ms. Memory: 208384K Free: 185477K (89%)
ptolemy.util.test.WatchDog.cancel(): canceling Thu May 03 00:58:22 UTC 2018
------------------ testing $PTII/ptolemy/domains/de/test/auto/FSM1.xml
auto.tcl: Setting watchdog for 200 seconds at Thu May 03 00:58:22 UTC 2018
22 ms. Memory: 208384K Free: 189120K (91%)
ptolemy.util.test.WatchDog.cancel(): canceling Thu May 03 00:58:23 UTC 2018
auto.tcl: Setting watchdog for 200 seconds at Thu May 03 00:58:23 UTC 2018
15 ms. Memory: 208384K Free: 184847K (89%)
ptolemy.util.test.WatchDog.cancel(): canceling Thu May 03 00:58:23 UTC 2018
------------------ testing $PTII/ptolemy/domains/de/test/auto/FSM7.xml
auto.tcl: Setting watchdog for 200 seconds at Thu May 03 00:58:23 UTC 2018
15 ms. Memory: 208384K Free: 187525K (90%)
ptolemy.util.test.WatchDog.cancel(): canceling Thu May 03 00:58:23 UTC 2018
auto.tcl: Setting watchdog for 200 seconds at Thu May 03 00:58:23 UTC 2018
13 ms. Memory: 208384K Free: 185388K (89%)
ptolemy.util.test.WatchDog.cancel(): canceling Thu May 03 00:58:23 UTC 2018
------------------ testing $PTII/ptolemy/domains/de/test/auto/Inspection.xml
auto.tcl: Setting watchdog for 200 seconds at Thu May 03 00:58:23 UTC 2018
37 ms. Memory: 208384K Free: 188403K (90%)
ptolemy.util.test.WatchDog.cancel(): canceling Thu May 03 00:58:23 UTC 2018
auto.tcl: Setting watchdog for 200 seconds at Thu May 03 00:58:23 UTC 2018
26 ms. Memory: 208384K Free: 186266K (89%)
ptolemy.util.test.WatchDog.cancel(): canceling Thu May 03 00:58:23 UTC 2018
------------------ testing $PTII/ptolemy/domains/de/test/auto/Iteration.xml
auto.tcl: Setting watchdog for 200 seconds at Thu May 03 00:58:23 UTC 2018
8 ms. Memory: 208384K Free: 196288K (94%)
ptolemy.util.test.WatchDog.cancel(): canceling Thu May 03 00:58:23 UTC 2018
auto.tcl: Setting watchdog for 200 seconds at Thu May 03 00:58:23 UTC 2018
8 ms. Memory: 208384K Free: 194151K (93%)
ptolemy.util.test.WatchDog.cancel(): canceling Thu May 03 00:58:23 UTC 2018
------------------ testing $PTII/ptolemy/domains/de/test/auto/LineFault.xml
auto.tcl: Setting watchdog for 200 seconds at Thu May 03 00:58:23 UTC 2018
768 ms. Memory: 208384K Free: 194920K (94%)
ptolemy.util.test.WatchDog.cancel(): canceling Thu May 03 00:58:24 UTC 2018
auto.tcl: Setting watchdog for 200 seconds at Thu May 03 00:58:24 UTC 2018
653 ms. Memory: 208384K Free: 138467K (66%)
ptolemy.util.test.WatchDog.cancel(): canceling Thu May 03 00:58:25 UTC 2018
------------------ testing $PTII/ptolemy/domains/de/test/auto/MergeModel1Add.xml
auto.tcl: Setting watchdog for 200 seconds at Thu May 03 00:58:25 UTC 2018
26 ms. Memory: 331264K Free: 302844K (91%)
ptolemy.util.test.WatchDog.cancel(): canceling Thu May 03 00:58:25 UTC 2018
auto.tcl: Setting watchdog for 200 seconds at Thu May 03 00:58:25 UTC 2018
14 ms. Memory: 331264K Free: 298902K (90%)
ptolemy.util.test.WatchDog.cancel(): canceling Thu May 03 00:58:25 UTC 2018
------------------ testing $PTII/ptolemy/domains/de/test/auto/MergeModel2Add.xml
auto.tcl: Setting watchdog for 200 seconds at Thu May 03 00:58:25 UTC 2018
10 ms. Memory: 331264K Free: 304182K (92%)
ptolemy.util.test.WatchDog.cancel(): canceling Thu May 03 00:58:25 UTC 2018
auto.tcl: Setting watchdog for 200 seconds at Thu May 03 00:58:25 UTC 2018
8 ms. Memory: 331264K Free: 300240K (91%)
ptolemy.util.test.WatchDog.cancel(): canceling Thu May 03 00:58:25 UTC 2018
------------------ testing $PTII/ptolemy/domains/de/test/auto/MergeModel3Add.xml
auto.tcl: Setting watchdog for 200 seconds at Thu May 03 00:58:25 UTC 2018
12 ms. Memory: 331264K Free: 304193K (92%)
ptolemy.util.test.WatchDog.cancel(): canceling Thu May 03 00:58:25 UTC 2018
auto.tcl: Setting watchdog for 200 seconds at Thu May 03 00:58:25 UTC 2018
7 ms. Memory: 331264K Free: 300250K (91%)
ptolemy.util.test.WatchDog.cancel(): canceling Thu May 03 00:58:25 UTC 2018
------------------ testing $PTII/ptolemy/domains/de/test/auto/MergeWithoutDiscard.xml
auto.tcl: Setting watchdog for 200 seconds at Thu May 03 00:58:25 UTC 2018
2 ms. Memory: 331264K Free: 316301K (95%)
ptolemy.util.test.WatchDog.cancel(): canceling Thu May 03 00:58:25 UTC 2018
auto.tcl: Setting watchdog for 200 seconds at Thu May 03 00:58:25 UTC 2018
1 ms. Memory: 331264K Free: 316301K (95%)
ptolemy.util.test.WatchDog.cancel(): canceling Thu May 03 00:58:25 UTC 2018
------------------ testing $PTII/ptolemy/domains/de/test/auto/Modal1.xml
auto.tcl: Setting watchdog for 200 seconds at Thu May 03 00:58:25 UTC 2018
14 ms. Memory: 331264K Free: 309914K (94%)
ptolemy.util.test.WatchDog.cancel(): canceling Thu May 03 00:58:25 UTC 2018
auto.tcl: Setting watchdog for 200 seconds at Thu May 03 00:58:25 UTC 2018
11 ms. Memory: 331264K Free: 305972K (92%)
ptolemy.util.test.WatchDog.cancel(): canceling Thu May 03 00:58:25 UTC 2018
------------------ testing $PTII/ptolemy/domains/de/test/auto/Modal2.xml
auto.tcl: Setting watchdog for 200 seconds at Thu May 03 00:58:25 UTC 2018
18 ms. Memory: 331264K Free: 309796K (94%)
ptolemy.util.test.WatchDog.cancel(): canceling Thu May 03 00:58:25 UTC 2018
auto.tcl: Setting watchdog for 200 seconds at Thu May 03 00:58:25 UTC 2018
16 ms. Memory: 331264K Free: 305854K (92%)
ptolemy.util.test.WatchDog.cancel(): canceling Thu May 03 00:58:25 UTC 2018
------------------ testing $PTII/ptolemy/domains/de/test/auto/Modal3.xml
auto.tcl: Setting watchdog for 200 seconds at Thu May 03 00:58:25 UTC 2018
15 ms. Memory: 331264K Free: 309786K (94%)
ptolemy.util.test.WatchDog.cancel(): canceling Thu May 03 00:58:25 UTC 2018
auto.tcl: Setting watchdog for 200 seconds at Thu May 03 00:58:25 UTC 2018
14 ms. Memory: 331264K Free: 305844K (92%)
ptolemy.util.test.WatchDog.cancel(): canceling Thu May 03 00:58:25 UTC 2018
------------------ testing $PTII/ptolemy/domains/de/test/auto/Modal4.xml
auto.tcl: Setting watchdog for 200 seconds at Thu May 03 00:58:26 UTC 2018
24 ms. Memory: 331264K Free: 309800K (94%)
ptolemy.util.test.WatchDog.cancel(): canceling Thu May 03 00:58:26 UTC 2018
auto.tcl: Setting watchdog for 200 seconds at Thu May 03 00:58:26 UTC 2018
20 ms. Memory: 331264K Free: 305857K (92%)
ptolemy.util.test.WatchDog.cancel(): canceling Thu May 03 00:58:26 UTC 2018
------------------ testing $PTII/ptolemy/domains/de/test/auto/Modal5.xml
auto.tcl: Setting watchdog for 200 seconds at Thu May 03 00:58:26 UTC 2018
16 ms. Memory: 331264K Free: 309786K (94%)
ptolemy.util.test.WatchDog.cancel(): canceling Thu May 03 00:58:26 UTC 2018
auto.tcl: Setting watchdog for 200 seconds at Thu May 03 00:58:26 UTC 2018
12 ms. Memory: 331264K Free: 305844K (92%)
ptolemy.util.test.WatchDog.cancel(): canceling Thu May 03 00:58:26 UTC 2018
------------------ testing $PTII/ptolemy/domains/de/test/auto/Modal6.xml
auto.tcl: Setting watchdog for 200 seconds at Thu May 03 00:58:26 UTC 2018
14 ms. Memory: 331264K Free: 309784K (94%)
ptolemy.util.test.WatchDog.cancel(): canceling Thu May 03 00:58:26 UTC 2018
auto.tcl: Setting watchdog for 200 seconds at Thu May 03 00:58:26 UTC 2018
16 ms. Memory: 331264K Free: 305842K (92%)
ptolemy.util.test.WatchDog.cancel(): canceling Thu May 03 00:58:26 UTC 2018
------------------ testing $PTII/ptolemy/domains/de/test/auto/Modal7.xml
auto.tcl: Setting watchdog for 200 seconds at Thu May 03 00:58:26 UTC 2018
18 ms. Memory: 331264K Free: 309784K (94%)
ptolemy.util.test.WatchDog.cancel(): canceling Thu May 03 00:58:26 UTC 2018
auto.tcl: Setting watchdog for 200 seconds at Thu May 03 00:58:26 UTC 2018
11 ms. Memory: 331264K Free: 305842K (92%)
ptolemy.util.test.WatchDog.cancel(): canceling Thu May 03 00:58:26 UTC 2018
------------------ testing $PTII/ptolemy/domains/de/test/auto/ModalModel.xml
auto.tcl: Setting watchdog for 200 seconds at Thu May 03 00:58:26 UTC 2018
175 ms. Memory: 331264K Free: 246315K (74%)
ptolemy.util.test.WatchDog.cancel(): canceling Thu May 03 00:58:26 UTC 2018
auto.tcl: Setting watchdog for 200 seconds at Thu May 03 00:58:26 UTC 2018
179 ms. Memory: 331264K Free: 191067K (58%)
ptolemy.util.test.WatchDog.cancel(): canceling Thu May 03 00:58:26 UTC 2018
------------------ testing $PTII/ptolemy/domains/de/test/auto/ModalSource.xml
auto.tcl: Setting watchdog for 200 seconds at Thu May 03 00:58:26 UTC 2018
8 ms. Memory: 331264K Free: 316547K (96%)
ptolemy.util.test.WatchDog.cancel(): canceling Thu May 03 00:58:26 UTC 2018
auto.tcl: Setting watchdog for 200 seconds at Thu May 03 00:58:26 UTC 2018
5 ms. Memory: 331264K Free: 313020K (94%)
ptolemy.util.test.WatchDog.cancel(): canceling Thu May 03 00:58:26 UTC 2018
------------------ testing $PTII/ptolemy/domains/de/test/auto/NonInterruptibleTimerZeroDelay.xml
auto.tcl: Setting watchdog for 200 seconds at Thu May 03 00:58:27 UTC 2018
3 ms. Memory: 331264K Free: 320912K (97%)
ptolemy.util.test.WatchDog.cancel(): canceling Thu May 03 00:58:27 UTC 2018
auto.tcl: Setting watchdog for 200 seconds at Thu May 03 00:58:27 UTC 2018
2 ms. Memory: 331264K Free: 317392K (96%)
ptolemy.util.test.WatchDog.cancel(): canceling Thu May 03 00:58:27 UTC 2018
------------------ testing $PTII/ptolemy/domains/de/test/auto/OpenQueueingNetwork.xml
auto.tcl: Setting watchdog for 200 seconds at Thu May 03 00:58:27 UTC 2018
2639 ms. Memory: 317952K Free: 164812K (52%)
ptolemy.util.test.WatchDog.cancel(): canceling Thu May 03 00:58:29 UTC 2018
auto.tcl: Setting watchdog for 200 seconds at Thu May 03 00:58:29 UTC 2018
2292 ms. Memory: 287232K Free: 242655K (84%)
ptolemy.util.test.WatchDog.cancel(): canceling Thu May 03 00:58:32 UTC 2018
------------------ testing $PTII/ptolemy/domains/de/test/auto/OpenQueuingNetwork.xml
auto.tcl: Setting watchdog for 200 seconds at Thu May 03 00:58:32 UTC 2018
227 ms. Memory: 287232K Free: 187419K (65%)
ptolemy.util.test.WatchDog.cancel(): canceling Thu May 03 00:58:32 UTC 2018
auto.tcl: Setting watchdog for 200 seconds at Thu May 03 00:58:32 UTC 2018
230 ms. Memory: 287232K Free: 126752K (44%)
ptolemy.util.test.WatchDog.cancel(): canceling Thu May 03 00:58:32 UTC 2018
------------------ testing $PTII/ptolemy/domains/de/test/auto/PeriodicSampler.xml
auto.tcl: Setting watchdog for 200 seconds at Thu May 03 00:58:32 UTC 2018
2 ms. Memory: 289792K Free: 274843K (95%)
ptolemy.util.test.WatchDog.cancel(): canceling Thu May 03 00:58:32 UTC 2018
auto.tcl: Setting watchdog for 200 seconds at Thu May 03 00:58:32 UTC 2018
1 ms. Memory: 289792K Free: 274843K (95%)
ptolemy.util.test.WatchDog.cancel(): canceling Thu May 03 00:58:32 UTC 2018
------------------ testing $PTII/ptolemy/domains/de/test/auto/PersistentIO.xml
auto.tcl: Setting watchdog for 200 seconds at Thu May 03 00:58:32 UTC 2018
4 ms. Memory: 287232K Free: 267063K (93%)
ptolemy.util.test.WatchDog.cancel(): canceling Thu May 03 00:58:32 UTC 2018
auto.tcl: Setting watchdog for 200 seconds at Thu May 03 00:58:32 UTC 2018
4 ms. Memory: 287232K Free: 267063K (93%)
ptolemy.util.test.WatchDog.cancel(): canceling Thu May 03 00:58:32 UTC 2018
------------------ testing $PTII/ptolemy/domains/de/test/auto/PortParameterResetOnInitialize.xml
auto.tcl: Setting watchdog for 200 seconds at Thu May 03 00:58:32 UTC 2018
2 ms. Memory: 289280K Free: 274793K (95%)
ptolemy.util.test.WatchDog.cancel(): canceling Thu May 03 00:58:33 UTC 2018
auto.tcl: Setting watchdog for 200 seconds at Thu May 03 00:58:33 UTC 2018
2 ms. Memory: 289280K Free: 274793K (95%)
ptolemy.util.test.WatchDog.cancel(): canceling Thu May 03 00:58:33 UTC 2018
------------------ testing $PTII/ptolemy/domains/de/test/auto/PortParameterUpdates.xml
auto.tcl: Setting watchdog for 200 seconds at Thu May 03 00:58:33 UTC 2018
5 ms. Memory: 287232K Free: 272879K (95%)
ptolemy.util.test.WatchDog.cancel(): canceling Thu May 03 00:58:33 UTC 2018
auto.tcl: Setting watchdog for 200 seconds at Thu May 03 00:58:33 UTC 2018
3 ms. Memory: 287232K Free: 269969K (94%)
ptolemy.util.test.WatchDog.cancel(): canceling Thu May 03 00:58:33 UTC 2018
------------------ testing $PTII/ptolemy/domains/de/test/auto/QueueAndServer.xml
auto.tcl: Setting watchdog for 200 seconds at Thu May 03 00:58:33 UTC 2018
10 ms. Memory: 289280K Free: 271979K (94%)
ptolemy.util.test.WatchDog.cancel(): canceling Thu May 03 00:58:33 UTC 2018
auto.tcl: Setting watchdog for 200 seconds at Thu May 03 00:58:33 UTC 2018
6 ms. Memory: 289280K Free: 271878K (94%)
ptolemy.util.test.WatchDog.cancel(): canceling Thu May 03 00:58:33 UTC 2018
------------------ testing $PTII/ptolemy/domains/de/test/auto/Records.xml
auto.tcl: Setting watchdog for 200 seconds at Thu May 03 00:58:33 UTC 2018
13 ms. Memory: 287232K Free: 274741K (96%)
ptolemy.util.test.WatchDog.cancel(): canceling Thu May 03 00:58:33 UTC 2018
auto.tcl: Setting watchdog for 200 seconds at Thu May 03 00:58:33 UTC 2018
2 ms. Memory: 287232K Free: 274741K (96%)
ptolemy.util.test.WatchDog.cancel(): canceling Thu May 03 00:58:33 UTC 2018
------------------ testing $PTII/ptolemy/domains/de/test/auto/ResetTransitionWithStartTime1.xml
auto.tcl: Setting watchdog for 200 seconds at Thu May 03 00:58:33 UTC 2018
14 ms. Memory: 288768K Free: 269292K (93%)
ptolemy.util.test.WatchDog.cancel(): canceling Thu May 03 00:58:33 UTC 2018
auto.tcl: Setting watchdog for 200 seconds at Thu May 03 00:58:33 UTC 2018
6 ms. Memory: 288768K Free: 266374K (92%)
ptolemy.util.test.WatchDog.cancel(): canceling Thu May 03 00:58:33 UTC 2018
------------------ testing $PTII/ptolemy/domains/de/test/auto/ResetTransitionWithStartTime2.xml
auto.tcl: Setting watchdog for 200 seconds at Thu May 03 00:58:33 UTC 2018
7 ms. Memory: 287232K Free: 271964K (95%)
ptolemy.util.test.WatchDog.cancel(): canceling Thu May 03 00:58:33 UTC 2018
auto.tcl: Setting watchdog for 200 seconds at Thu May 03 00:58:33 UTC 2018
5 ms. Memory: 287232K Free: 269046K (94%)
ptolemy.util.test.WatchDog.cancel(): canceling Thu May 03 00:58:33 UTC 2018
------------------ testing $PTII/ptolemy/domains/de/test/auto/ResetTransitionWithStartTime3.xml
auto.tcl: Setting watchdog for 200 seconds at Thu May 03 00:58:33 UTC 2018
10 ms. Memory: 288768K Free: 273366K (95%)
ptolemy.util.test.WatchDog.cancel(): canceling Thu May 03 00:58:33 UTC 2018
auto.tcl: Setting watchdog for 200 seconds at Thu May 03 00:58:33 UTC 2018
8 ms. Memory: 288768K Free: 270456K (94%)
ptolemy.util.test.WatchDog.cancel(): canceling Thu May 03 00:58:33 UTC 2018
------------------ testing $PTII/ptolemy/domains/de/test/auto/ResetTransitionWithStartTime4.xml
auto.tcl: Setting watchdog for 200 seconds at Thu May 03 00:58:33 UTC 2018
4 ms. Memory: 287232K Free: 271844K (95%)
ptolemy.util.test.WatchDog.cancel(): canceling Thu May 03 00:58:33 UTC 2018
auto.tcl: Setting watchdog for 200 seconds at Thu May 03 00:58:33 UTC 2018
3 ms. Memory: 287232K Free: 271844K (95%)
ptolemy.util.test.WatchDog.cancel(): canceling Thu May 03 00:58:33 UTC 2018
------------------ testing $PTII/ptolemy/domains/de/test/auto/ResettableTimer1.xml
auto.tcl: Setting watchdog for 200 seconds at Thu May 03 00:58:33 UTC 2018
3 ms. Memory: 288768K Free: 276285K (96%)
ptolemy.util.test.WatchDog.cancel(): canceling Thu May 03 00:58:33 UTC 2018
auto.tcl: Setting watchdog for 200 seconds at Thu May 03 00:58:33 UTC 2018
2 ms. Memory: 288768K Free: 276285K (96%)
ptolemy.util.test.WatchDog.cancel(): canceling Thu May 03 00:58:33 UTC 2018
------------------ testing $PTII/ptolemy/domains/de/test/auto/ResettableTimer2.xml
auto.tcl: Setting watchdog for 200 seconds at Thu May 03 00:58:33 UTC 2018
3 ms. Memory: 287232K Free: 274908K (96%)
ptolemy.util.test.WatchDog.cancel(): canceling Thu May 03 00:58:33 UTC 2018
auto.tcl: Setting watchdog for 200 seconds at Thu May 03 00:58:33 UTC 2018
2 ms. Memory: 287232K Free: 274908K (96%)
ptolemy.util.test.WatchDog.cancel(): canceling Thu May 03 00:58:33 UTC 2018
------------------ testing $PTII/ptolemy/domains/de/test/auto/ResettableTimer3.xml
auto.tcl: Setting watchdog for 200 seconds at Thu May 03 00:58:33 UTC 2018
1 ms. Memory: 288256K Free: 275831K (96%)
ptolemy.util.test.WatchDog.cancel(): canceling Thu May 03 00:58:33 UTC 2018
auto.tcl: Setting watchdog for 200 seconds at Thu May 03 00:58:33 UTC 2018
1 ms. Memory: 288256K Free: 275831K (96%)
ptolemy.util.test.WatchDog.cancel(): canceling Thu May 03 00:58:33 UTC 2018
------------------ testing $PTII/ptolemy/domains/de/test/auto/ResettableTimer4.xml
auto.tcl: Setting watchdog for 200 seconds at Thu May 03 00:58:33 UTC 2018
1 ms. Memory: 287232K Free: 274921K (96%)
ptolemy.util.test.WatchDog.cancel(): canceling Thu May 03 00:58:33 UTC 2018
auto.tcl: Setting watchdog for 200 seconds at Thu May 03 00:58:33 UTC 2018
1 ms. Memory: 287232K Free: 274921K (96%)
ptolemy.util.test.WatchDog.cancel(): canceling Thu May 03 00:58:33 UTC 2018
------------------ testing $PTII/ptolemy/domains/de/test/auto/ResettableTimer5.xml
auto.tcl: Setting watchdog for 200 seconds at Thu May 03 00:58:33 UTC 2018
1 ms. Memory: 288256K Free: 273885K (95%)
ptolemy.util.test.WatchDog.cancel(): canceling Thu May 03 00:58:33 UTC 2018
auto.tcl: Setting watchdog for 200 seconds at Thu May 03 00:58:33 UTC 2018
1 ms. Memory: 288256K Free: 273885K (95%)
ptolemy.util.test.WatchDog.cancel(): canceling Thu May 03 00:58:33 UTC 2018
------------------ testing $PTII/ptolemy/domains/de/test/auto/ResettableTimer6.xml
auto.tcl: Setting watchdog for 200 seconds at Thu May 03 00:58:33 UTC 2018
1 ms. Memory: 287232K Free: 272709K (95%)
ptolemy.util.test.WatchDog.cancel(): canceling Thu May 03 00:58:33 UTC 2018
auto.tcl: Setting watchdog for 200 seconds at Thu May 03 00:58:33 UTC 2018
1 ms. Memory: 287232K Free: 272709K (95%)
ptolemy.util.test.WatchDog.cancel(): canceling Thu May 03 00:58:33 UTC 2018
------------------ testing $PTII/ptolemy/domains/de/test/auto/ServerZeroDelay.xml
auto.tcl: Setting watchdog for 200 seconds at Thu May 03 00:58:34 UTC 2018
5 ms. Memory: 288256K Free: 275899K (96%)
ptolemy.util.test.WatchDog.cancel(): canceling Thu May 03 00:58:34 UTC 2018
auto.tcl: Setting watchdog for 200 seconds at Thu May 03 00:58:34 UTC 2018
2 ms. Memory: 288256K Free: 275899K (96%)
ptolemy.util.test.WatchDog.cancel(): canceling Thu May 03 00:58:34 UTC 2018
------------------ testing $PTII/ptolemy/domains/de/test/auto/SmartSender.xml
auto.tcl: Setting watchdog for 200 seconds at Thu May 03 00:58:34 UTC 2018
3002 ms. Memory: 287232K Free: 272796K (95%)
ptolemy.util.test.WatchDog.cancel(): canceling Thu May 03 00:58:37 UTC 2018
auto.tcl: Setting watchdog for 200 seconds at Thu May 03 00:58:37 UTC 2018
3001 ms. Memory: 287232K Free: 272796K (95%)
ptolemy.util.test.WatchDog.cancel(): canceling Thu May 03 00:58:40 UTC 2018
------------------ testing $PTII/ptolemy/domains/de/test/auto/ThreadedComposite.xml
auto.tcl: Setting watchdog for 200 seconds at Thu May 03 00:58:40 UTC 2018
248 ms. Memory: 288256K Free: 248537K (86%)
ptolemy.util.test.WatchDog.cancel(): canceling Thu May 03 00:58:40 UTC 2018
auto.tcl: Setting watchdog for 200 seconds at Thu May 03 00:58:40 UTC 2018
153 ms. Memory: 288256K Free: 230367K (80%)
ptolemy.util.test.WatchDog.cancel(): canceling Thu May 03 00:58:40 UTC 2018
------------------ testing $PTII/ptolemy/domains/de/test/auto/Time.xml
auto.tcl: Setting watchdog for 200 seconds at Thu May 03 00:58:40 UTC 2018
489 ms. Memory: 287232K Free: 220978K (77%)
ptolemy.util.test.WatchDog.cancel(): canceling Thu May 03 00:58:41 UTC 2018
auto.tcl: Setting watchdog for 200 seconds at Thu May 03 00:58:41 UTC 2018
463 ms. Memory: 287232K Free: 165690K (58%)
ptolemy.util.test.WatchDog.cancel(): canceling Thu May 03 00:58:41 UTC 2018
------------------ testing $PTII/ptolemy/domains/de/test/auto/TimeDelayZeroDelay.xml
auto.tcl: Setting watchdog for 200 seconds at Thu May 03 00:58:41 UTC 2018
2 ms. Memory: 287744K Free: 275822K (96%)
ptolemy.util.test.WatchDog.cancel(): canceling Thu May 03 00:58:41 UTC 2018
auto.tcl: Setting watchdog for 200 seconds at Thu May 03 00:58:41 UTC 2018
2 ms. Memory: 287744K Free: 275822K (96%)
ptolemy.util.test.WatchDog.cancel(): canceling Thu May 03 00:58:41 UTC 2018
------------------ testing $PTII/ptolemy/domains/de/test/auto/TimerZeroDelay.xml
auto.tcl: Setting watchdog for 200 seconds at Thu May 03 00:58:41 UTC 2018
4 ms. Memory: 287232K Free: 275419K (96%)
ptolemy.util.test.WatchDog.cancel(): canceling Thu May 03 00:58:41 UTC 2018
auto.tcl: Setting watchdog for 200 seconds at Thu May 03 00:58:41 UTC 2018
2 ms. Memory: 287232K Free: 275419K (96%)
ptolemy.util.test.WatchDog.cancel(): canceling Thu May 03 00:58:41 UTC 2018
------------------ testing $PTII/ptolemy/domains/de/test/auto/TimingParadox.xml
auto.tcl: Setting watchdog for 200 seconds at Thu May 03 00:58:41 UTC 2018
299 ms. Memory: 287744K Free: 209513K (73%)
ptolemy.util.test.WatchDog.cancel(): canceling Thu May 03 00:58:42 UTC 2018
auto.tcl: Setting watchdog for 200 seconds at Thu May 03 00:58:42 UTC 2018
285 ms. Memory: 287744K Free: 175590K (61%)
ptolemy.util.test.WatchDog.cancel(): canceling Thu May 03 00:58:42 UTC 2018
------------------ testing $PTII/ptolemy/domains/de/test/auto/TransferInputs.xml
auto.tcl: Setting watchdog for 200 seconds at Thu May 03 00:58:42 UTC 2018
1 ms. Memory: 287744K Free: 274854K (96%)
ptolemy.util.test.WatchDog.cancel(): canceling Thu May 03 00:58:42 UTC 2018
auto.tcl: Setting watchdog for 200 seconds at Thu May 03 00:58:42 UTC 2018
2 ms. Memory: 287744K Free: 274854K (96%)
ptolemy.util.test.WatchDog.cancel(): canceling Thu May 03 00:58:42 UTC 2018
------------------ testing $PTII/ptolemy/domains/de/test/auto/TransferOutputs2.xml
auto.tcl: Setting watchdog for 200 seconds at Thu May 03 00:58:42 UTC 2018
2 ms. Memory: 287232K Free: 272846K (95%)
ptolemy.util.test.WatchDog.cancel(): canceling Thu May 03 00:58:42 UTC 2018
auto.tcl: Setting watchdog for 200 seconds at Thu May 03 00:58:42 UTC 2018
3 ms. Memory: 287232K Free: 270242K (94%)
ptolemy.util.test.WatchDog.cancel(): canceling Thu May 03 00:58:42 UTC 2018
------------------ testing $PTII/ptolemy/domains/de/test/auto/Trilateration.xml
auto.tcl: Setting watchdog for 200 seconds at Thu May 03 00:58:42 UTC 2018
14288 ms. Memory: 759296K Free: 729747K (96%)
ptolemy.util.test.WatchDog.cancel(): canceling Thu May 03 00:58:57 UTC 2018
auto.tcl: Setting watchdog for 200 seconds at Thu May 03 00:58:57 UTC 2018
11741 ms. Memory: 639488K Free: 537595K (84%)
ptolemy.util.test.WatchDog.cancel(): canceling Thu May 03 00:59:09 UTC 2018
------------------ testing $PTII/ptolemy/domains/de/test/auto/TwoSigmaDelta.xml
auto.tcl: Setting watchdog for 200 seconds at Thu May 03 00:59:09 UTC 2018
2859 ms. Memory: 643072K Free: 315861K (49%)
ptolemy.util.test.WatchDog.cancel(): canceling Thu May 03 00:59:12 UTC 2018
auto.tcl: Setting watchdog for 200 seconds at Thu May 03 00:59:12 UTC 2018
2246 ms. Memory: 643072K Free: 84286K (13%)
ptolemy.util.test.WatchDog.cancel(): canceling Thu May 03 00:59:14 UTC 2018
------------------ testing $PTII/ptolemy/domains/de/test/auto/VariableDelay.xml
auto.tcl: Setting watchdog for 200 seconds at Thu May 03 00:59:15 UTC 2018
2 ms. Memory: 640000K Free: 620684K (97%)
ptolemy.util.test.WatchDog.cancel(): canceling Thu May 03 00:59:15 UTC 2018
auto.tcl: Setting watchdog for 200 seconds at Thu May 03 00:59:15 UTC 2018
2 ms. Memory: 640000K Free: 620684K (97%)
ptolemy.util.test.WatchDog.cancel(): canceling Thu May 03 00:59:15 UTC 2018
------------------ testing $PTII/ptolemy/domains/de/test/auto/VariableDelay2.xml
auto.tcl: Setting watchdog for 200 seconds at Thu May 03 00:59:15 UTC 2018
1 ms. Memory: 639488K Free: 620594K (97%)
ptolemy.util.test.WatchDog.cancel(): canceling Thu May 03 00:59:15 UTC 2018
auto.tcl: Setting watchdog for 200 seconds at Thu May 03 00:59:15 UTC 2018
2 ms. Memory: 639488K Free: 620594K (97%)
ptolemy.util.test.WatchDog.cancel(): canceling Thu May 03 00:59:15 UTC 2018
------------------ testing $PTII/ptolemy/domains/de/test/auto/VariableDelayZeroDelay.xml
auto.tcl: Setting watchdog for 200 seconds at Thu May 03 00:59:15 UTC 2018
2 ms. Memory: 639488K Free: 615012K (96%)
ptolemy.util.test.WatchDog.cancel(): canceling Thu May 03 00:59:15 UTC 2018
auto.tcl: Setting watchdog for 200 seconds at Thu May 03 00:59:15 UTC 2018
2 ms. Memory: 639488K Free: 615012K (96%)
ptolemy.util.test.WatchDog.cancel(): canceling Thu May 03 00:59:15 UTC 2018
------------------ testing $PTII/ptolemy/domains/de/test/auto/VariableDelayZeroDelay2.xml
auto.tcl: Setting watchdog for 200 seconds at Thu May 03 00:59:15 UTC 2018
7 ms. Memory: 642048K Free: 617570K (96%)
ptolemy.util.test.WatchDog.cancel(): canceling Thu May 03 00:59:15 UTC 2018
auto.tcl: Setting watchdog for 200 seconds at Thu May 03 00:59:15 UTC 2018
3 ms. Memory: 642048K Free: 617570K (96%)
ptolemy.util.test.WatchDog.cancel(): canceling Thu May 03 00:59:15 UTC 2018
------------------ testing $PTII/ptolemy/domains/de/test/auto/deInCt.xml
auto.tcl: Setting watchdog for 200 seconds at Thu May 03 00:59:15 UTC 2018
0
1
1
1
1
0
0
0
0
1
1
1
0
0
0
1
1
1
0
0
0
1
1
1
1
0
0
0
1
1
0
0
0
1
1
1
1
0
0
0
0
11 ms. Memory: 639488K Free: 614999K (96%)
ptolemy.util.test.WatchDog.cancel(): canceling Thu May 03 00:59:15 UTC 2018
auto.tcl: Setting watchdog for 200 seconds at Thu May 03 00:59:15 UTC 2018
0
1
1
1
0
0
0
1
1
1
1
0
0
0
1
1
0
0
1
1
1
0
0
0
1
1
1
0
0
0
0
1
1
0
0
1
1
1
0
0
0
1
1
1
0
0
0
1
1
0
0
0
1
1
1
0
0
1
1
1
0
0
0
1
1
1
1
1
7 ms. Memory: 639488K Free: 614999K (96%)
ptolemy.util.test.WatchDog.cancel(): canceling Thu May 03 00:59:15 UTC 2018
------------------ testing $PTII/ptolemy/domains/de/test/auto/deInCt2.xml
auto.tcl: Setting watchdog for 200 seconds at Thu May 03 00:59:15 UTC 2018
0
1
1
1
0
0
1
1
1
0
0
1
1
1
0
0
1
1
1
0
0
1
1
1
0
0
1
1
1
0
0
1
1
1
0
0
1
1
1
0
0
0
8 ms. Memory: 642048K Free: 617559K (96%)
ptolemy.util.test.WatchDog.cancel(): canceling Thu May 03 00:59:15 UTC 2018
auto.tcl: Setting watchdog for 200 seconds at Thu May 03 00:59:15 UTC 2018
0
1
1
1
0
0
1
1
1
0
0
1
1
1
0
0
1
1
1
0
0
1
1
1
0
0
1
1
1
0
0
1
1
1
0
0
1
1
1
0
0
0
5 ms. Memory: 642048K Free: 617559K (96%)
ptolemy.util.test.WatchDog.cancel(): canceling Thu May 03 00:59:15 UTC 2018
------------------ testing $PTII/ptolemy/domains/de/test/auto/dynamicCausalityInterface1.xml
auto.tcl: Setting watchdog for 200 seconds at Thu May 03 00:59:15 UTC 2018
1 ms. Memory: 639488K Free: 611922K (96%)
ptolemy.util.test.WatchDog.cancel(): canceling Thu May 03 00:59:15 UTC 2018
auto.tcl: Setting watchdog for 200 seconds at Thu May 03 00:59:15 UTC 2018
1 ms. Memory: 639488K Free: 611922K (96%)
ptolemy.util.test.WatchDog.cancel(): canceling Thu May 03 00:59:15 UTC 2018
------------------ testing $PTII/ptolemy/domains/de/test/auto/fsm_de_test.xml
auto.tcl: Setting watchdog for 200 seconds at Thu May 03 00:59:15 UTC 2018
7 ms. Memory: 641536K Free: 616946K (96%)
ptolemy.util.test.WatchDog.cancel(): canceling Thu May 03 00:59:15 UTC 2018
auto.tcl: Setting watchdog for 200 seconds at Thu May 03 00:59:15 UTC 2018
5 ms. Memory: 641536K Free: 608268K (95%)
ptolemy.util.test.WatchDog.cancel(): canceling Thu May 03 00:59:15 UTC 2018
------------------ testing $PTII/ptolemy/domains/de/test/auto/functionDependencyReconstruction.xml
auto.tcl: Setting watchdog for 200 seconds at Thu May 03 00:59:15 UTC 2018
3 ms. Memory: 639488K Free: 606211K (95%)
ptolemy.util.test.WatchDog.cancel(): canceling Thu May 03 00:59:15 UTC 2018
auto.tcl: Setting watchdog for 200 seconds at Thu May 03 00:59:15 UTC 2018
3 ms. Memory: 639488K Free: 606211K (95%)
ptolemy.util.test.WatchDog.cancel(): canceling Thu May 03 00:59:15 UTC 2018
------------------ testing $PTII/ptolemy/domains/de/test/auto/multirate.xml
auto.tcl: Setting watchdog for 200 seconds at Thu May 03 00:59:15 UTC 2018
8 ms. Memory: 641536K Free: 616813K (96%)
ptolemy.util.test.WatchDog.cancel(): canceling Thu May 03 00:59:15 UTC 2018
auto.tcl: Setting watchdog for 200 seconds at Thu May 03 00:59:15 UTC 2018
3 ms. Memory: 641536K Free: 616813K (96%)
ptolemy.util.test.WatchDog.cancel(): canceling Thu May 03 00:59:15 UTC 2018
------------------ testing $PTII/ptolemy/domains/de/test/auto/multirate2.xml
auto.tcl: Setting watchdog for 200 seconds at Thu May 03 00:59:15 UTC 2018
4 ms. Memory: 639488K Free: 614953K (96%)
ptolemy.util.test.WatchDog.cancel(): canceling Thu May 03 00:59:15 UTC 2018
auto.tcl: Setting watchdog for 200 seconds at Thu May 03 00:59:15 UTC 2018
3 ms. Memory: 639488K Free: 614953K (96%)
ptolemy.util.test.WatchDog.cancel(): canceling Thu May 03 00:59:15 UTC 2018
------------------ testing $PTII/ptolemy/domains/de/test/auto/realtime.xml
auto.tcl: Setting watchdog for 200 seconds at Thu May 03 00:59:15 UTC 2018
10002 ms. Memory: 641024K Free: 616479K (96%)
ptolemy.util.test.WatchDog.cancel(): canceling Thu May 03 00:59:25 UTC 2018
auto.tcl: Setting watchdog for 200 seconds at Thu May 03 00:59:25 UTC 2018
10001 ms. Memory: 641024K Free: 616479K (96%)
ptolemy.util.test.WatchDog.cancel(): canceling Thu May 03 00:59:35 UTC 2018
------------------ testing $PTII/ptolemy/domains/de/test/auto/relationGroup.xml
auto.tcl: Setting watchdog for 200 seconds at Thu May 03 00:59:35 UTC 2018
2 ms. Memory: 639488K Free: 614978K (96%)
ptolemy.util.test.WatchDog.cancel(): canceling Thu May 03 00:59:35 UTC 2018
auto.tcl: Setting watchdog for 200 seconds at Thu May 03 00:59:35 UTC 2018
1 ms. Memory: 639488K Free: 614978K (96%)
ptolemy.util.test.WatchDog.cancel(): canceling Thu May 03 00:59:35 UTC 2018
------------------ testing $PTII/ptolemy/domains/de/test/auto/relationGroup2.xml
auto.tcl: Setting watchdog for 200 seconds at Thu May 03 00:59:35 UTC 2018
1 ms. Memory: 641024K Free: 616541K (96%)
ptolemy.util.test.WatchDog.cancel(): canceling Thu May 03 00:59:35 UTC 2018
auto.tcl: Setting watchdog for 200 seconds at Thu May 03 00:59:35 UTC 2018
1 ms. Memory: 641024K Free: 616541K (96%)
ptolemy.util.test.WatchDog.cancel(): canceling Thu May 03 00:59:35 UTC 2018
------------------ testing $PTII/ptolemy/domains/de/test/auto/sortWithOpaquePorts.xml
auto.tcl: Setting watchdog for 200 seconds at Thu May 03 00:59:35 UTC 2018
1 ms. Memory: 639488K Free: 614997K (96%)
ptolemy.util.test.WatchDog.cancel(): canceling Thu May 03 00:59:35 UTC 2018
auto.tcl: Setting watchdog for 200 seconds at Thu May 03 00:59:35 UTC 2018
1 ms. Memory: 639488K Free: 614997K (96%)
ptolemy.util.test.WatchDog.cancel(): canceling Thu May 03 00:59:35 UTC 2018
------------------ testing $PTII/ptolemy/domains/de/test/auto/transferInputsandOutputs.xml
auto.tcl: Setting watchdog for 200 seconds at Thu May 03 00:59:36 UTC 2018
4 ms. Memory: 640512K Free: 616017K (96%)
ptolemy.util.test.WatchDog.cancel(): canceling Thu May 03 00:59:36 UTC 2018
auto.tcl: Setting watchdog for 200 seconds at Thu May 03 00:59:36 UTC 2018
2 ms. Memory: 640512K Free: 616017K (96%)
ptolemy.util.test.WatchDog.cancel(): canceling Thu May 03 00:59:36 UTC 2018
------------------ testing $PTII/ptolemy/domains/de/test/auto/triggerType.xml
auto.tcl: Setting watchdog for 200 seconds at Thu May 03 00:59:36 UTC 2018
1 ms. Memory: 639488K Free: 614942K (96%)
ptolemy.util.test.WatchDog.cancel(): canceling Thu May 03 00:59:36 UTC 2018
auto.tcl: Setting watchdog for 200 seconds at Thu May 03 00:59:36 UTC 2018
2 ms. Memory: 639488K Free: 614942K (96%)
ptolemy.util.test.WatchDog.cancel(): canceling Thu May 03 00:59:36 UTC 2018
05/03/18 12:59:36
Failed: 0  Total Tests: 192  ((Passed: 187, Newly Passed: 1)  Known Failed: 5) /home/travis/build/icyphy/ptII/ptolemy/domains/de/test
05/03/18 12:59:36
Failed: 0  Total Tests: 192  ((Passed: 187, Newly Passed: 1)  Known Failed: 5) /home/travis/build/icyphy/ptII/ptolemy/domains/de/test
----------------- testing (KnownFailure) /home/travis/build/icyphy/ptII/ptolemy/domains/de/test/auto/knownFailedTests/DESDFClockTest.xml
2007 ms. Memory: 640512K Free: 604849K (94%)
Known Failure: java.lang.reflect.InvocationTargetException
----------------- testing (KnownFailure) /home/travis/build/icyphy/ptII/ptolemy/domains/de/test/auto/knownFailedTests/DirectFeedback.xml
1 ms. Memory: 640512K Free: 560202K (87%)
Known Failure: java.lang.reflect.InvocationTargetException
----------------- testing (KnownFailure) /home/travis/build/icyphy/ptII/ptolemy/domains/de/test/auto/knownFailedTests/FSMSource.xml
4 ms. Memory: 640512K Free: 515556K (80%)
----------------- testing (KnownFailure) /home/travis/build/icyphy/ptII/ptolemy/domains/de/test/auto/knownFailedTests/HierarchicalModel.xml
1 ms. Memory: 640512K Free: 482055K (75%)
Known Failure: java.lang.reflect.InvocationTargetException
----------------- testing (KnownFailure) /home/travis/build/icyphy/ptII/ptolemy/domains/de/test/auto/knownFailedTests/dependencyLoop.xml
2 ms. Memory: 640512K Free: 426230K (67%)
Known Failure: java.lang.reflect.InvocationTargetException
----------------- testing (KnownFailure) /home/travis/build/icyphy/ptII/ptolemy/domains/de/test/auto/knownFailedTests/dependencyLoop2.xml
1 ms. Memory: 640512K Free: 370406K (58%)
Known Failure: java.lang.reflect.InvocationTargetException
No auto/*.xml tests in /home/travis/build/icyphy/ptII/ptolemy/domains/de/test
AutoTests.java: About to close Vertx.
AutoTests.java: Vertx closed.
----------------- testing Thu May 03 00:59:38 UTC 2018 /home/travis/build/icyphy/ptII/ptolemy/domains/de/test/auto/ActorDepthCalculation_actorWithoutPorts.xml
----------------- Instantiating /home/travis/build/icyphy/ptII/ptolemy/domains/de/test/auto/ActorDepthCalculation_actorWithoutPorts.xml
1 ms. Memory: 640512K Free: 314598K (49%)
----------------- Invoking toplevel() on ptolemy.moml.MoMLSimpleApplication@14606aac
----------------- Done invoking toplevel() on ptolemy.moml.MoMLSimpleApplication@14606aac
reloadAllAccessors: .ActorDepthCalculation_actorWithoutPorts
----------------- testing Thu May 03 00:59:38 UTC 2018 /home/travis/build/icyphy/ptII/ptolemy/domains/de/test/auto/AssemblyLine.xml
----------------- Instantiating /home/travis/build/icyphy/ptII/ptolemy/domains/de/test/auto/AssemblyLine.xml
2 ms. Memory: 640512K Free: 292275K (46%)
----------------- Invoking toplevel() on ptolemy.moml.MoMLSimpleApplication@3506c9b
----------------- Done invoking toplevel() on ptolemy.moml.MoMLSimpleApplication@3506c9b
reloadAllAccessors: .AssemblyLine
----------------- testing Thu May 03 00:59:38 UTC 2018 /home/travis/build/icyphy/ptII/ptolemy/domains/de/test/auto/CQBug1.xml
----------------- Instantiating /home/travis/build/icyphy/ptII/ptolemy/domains/de/test/auto/CQBug1.xml
0 ms. Memory: 640512K Free: 269951K (42%)
----------------- Invoking toplevel() on ptolemy.moml.MoMLSimpleApplication@25bbb5d6
----------------- Done invoking toplevel() on ptolemy.moml.MoMLSimpleApplication@25bbb5d6
reloadAllAccessors: .CQBug1
----------------- testing Thu May 03 00:59:38 UTC 2018 /home/travis/build/icyphy/ptII/ptolemy/domains/de/test/auto/CancelFireAt.xml
----------------- Instantiating /home/travis/build/icyphy/ptII/ptolemy/domains/de/test/auto/CancelFireAt.xml
0 ms. Memory: 640512K Free: 247628K (39%)
----------------- Invoking toplevel() on ptolemy.moml.MoMLSimpleApplication@4e5c7bdc
----------------- Done invoking toplevel() on ptolemy.moml.MoMLSimpleApplication@4e5c7bdc
reloadAllAccessors: .CancelFireAt
----------------- testing Thu May 03 00:59:38 UTC 2018 /home/travis/build/icyphy/ptII/ptolemy/domains/de/test/auto/CausalityAndComposabilityAnalysis.xml
----------------- Instantiating /home/travis/build/icyphy/ptII/ptolemy/domains/de/test/auto/CausalityAndComposabilityAnalysis.xml
1 ms. Memory: 640512K Free: 225305K (35%)
----------------- Invoking toplevel() on ptolemy.moml.MoMLSimpleApplication@3921b81b
----------------- Done invoking toplevel() on ptolemy.moml.MoMLSimpleApplication@3921b81b
reloadAllAccessors: .CausalityAndComposabilityAnalysis
----------------- testing Thu May 03 00:59:38 UTC 2018 /home/travis/build/icyphy/ptII/ptolemy/domains/de/test/auto/CausalityInterface1.xml
----------------- Instantiating /home/travis/build/icyphy/ptII/ptolemy/domains/de/test/auto/CausalityInterface1.xml
2 ms. Memory: 640512K Free: 202981K (32%)
----------------- Invoking toplevel() on ptolemy.moml.MoMLSimpleApplication@5eae6220
----------------- Done invoking toplevel() on ptolemy.moml.MoMLSimpleApplication@5eae6220
reloadAllAccessors: .CausalityInterface1
----------------- testing Thu May 03 00:59:38 UTC 2018 /home/travis/build/icyphy/ptII/ptolemy/domains/de/test/auto/CausalityInterface15.xml
----------------- Instantiating /home/travis/build/icyphy/ptII/ptolemy/domains/de/test/auto/CausalityInterface15.xml
1 ms. Memory: 640512K Free: 180658K (28%)
----------------- Invoking toplevel() on ptolemy.moml.MoMLSimpleApplication@620cc29b
----------------- Done invoking toplevel() on ptolemy.moml.MoMLSimpleApplication@620cc29b
reloadAllAccessors: .CausalityInterface15
----------------- testing Thu May 03 00:59:38 UTC 2018 /home/travis/build/icyphy/ptII/ptolemy/domains/de/test/auto/CausalityInterface2.xml
----------------- Instantiating /home/travis/build/icyphy/ptII/ptolemy/domains/de/test/auto/CausalityInterface2.xml
1 ms. Memory: 640512K Free: 158335K (25%)
----------------- Invoking toplevel() on ptolemy.moml.MoMLSimpleApplication@4a09a58b
----------------- Done invoking toplevel() on ptolemy.moml.MoMLSimpleApplication@4a09a58b
reloadAllAccessors: .CausalityInterface2
----------------- testing Thu May 03 00:59:38 UTC 2018 /home/travis/build/icyphy/ptII/ptolemy/domains/de/test/auto/CausalityInterface3.xml
[...]
java.lang.RuntimeException: Execution failed
	at ptolemy.moml.MoMLSimpleApplication$UnloadThread.run(MoMLSimpleApplication.java:402)
Caused by: ptolemy.kernel.util.IllegalActionException: Test fails in iteration 1.
Value was: 1.0. Should have been: 2.0
  in .DirectFeedback.Test
	at ptolemy.actor.lib.Test.fire(Test.java:268)
	at ptolemy.domains.de.kernel.DEDirector._fire(DEDirector.java:1948)
	at ptolemy.domains.de.kernel.DEDirector.fire(DEDirector.java:502)
	at ptolemy.actor.CompositeActor.fire(CompositeActor.java:455)
	at ptolemy.actor.Manager.iterate(Manager.java:851)
	at ptolemy.actor.Manager.execute(Manager.java:369)
	at ptolemy.actor.Manager.run(Manager.java:1263)
	at ptolemy.actor.Manager$PtolemyRunThread.run(Manager.java:1915)
java.lang.RuntimeException: Execution failed
	at ptolemy.moml.MoMLSimpleApplication$UnloadThread.run(MoMLSimpleApplication.java:402)
Caused by: ptolemy.kernel.util.IllegalActionException: Actor is not ready to fire.  Perhaps UpSample.prefire() returned false? Try debugging the actor by selecting "Listen to Actor".  Also, for SDF check moml for tokenConsumptionRate on input.
  in .DESDFClockTest.Play Bell.Copy1:SDF Director and .DESDFClockTest.Play Bell.UpSample
	at ptolemy.actor.sched.StaticSchedulingDirector.fire(StaticSchedulingDirector.java:227)
	at ptolemy.domains.sdf.kernel.SDFDirector.fire(SDFDirector.java:500)
	at ptolemy.actor.CompositeActor.fire(CompositeActor.java:455)
	at ptolemy.domains.de.kernel.DEDirector._fire(DEDirector.java:1948)
	at ptolemy.domains.de.kernel.DEDirector.fire(DEDirector.java:502)
	at ptolemy.actor.CompositeActor.fire(CompositeActor.java:455)
	at ptolemy.actor.Manager.iterate(Manager.java:851)
	at ptolemy.actor.Manager.execute(Manager.java:369)
	at ptolemy.actor.Manager.run(Manager.java:1263)
	at ptolemy.actor.Manager$PtolemyRunThread.run(Manager.java:1915)
java.lang.reflect.InvocationTargetException
	at sun.reflect.NativeConstructorAccessorImpl.newInstance0(Native Method)
	at sun.reflect.NativeConstructorAccessorImpl.newInstance(NativeConstructorAccessorImpl.java:62)
	at sun.reflect.DelegatingConstructorAccessorImpl.newInstance(DelegatingConstructorAccessorImpl.java:45)
	at java.lang.reflect.Constructor.newInstance(Constructor.java:423)
	at ptolemy.util.test.junit.AutoKnownFailedTests.RunModel(AutoKnownFailedTests.java:107)
	at sun.reflect.NativeMethodAccessorImpl.invoke0(Native Method)
	at sun.reflect.NativeMethodAccessorImpl.invoke(NativeMethodAccessorImpl.java:62)
	at sun.reflect.DelegatingMethodAccessorImpl.invoke(DelegatingMethodAccessorImpl.java:43)
	at java.lang.reflect.Method.invoke(Method.java:498)
	at org.junit.runners.model.FrameworkMethod$1.runReflectiveCall(FrameworkMethod.java:44)
	at org.junit.internal.runners.model.ReflectiveCallable.run(ReflectiveCallable.java:15)
	at org.junit.runners.model.FrameworkMethod.invokeExplosively(FrameworkMethod.java:41)
	at junitparams.internal.InvokeParameterisedMethod.evaluate(InvokeParameterisedMethod.java:102)
	at org.junit.internal.runners.statements.FailOnTimeout$1.run(FailOnTimeout.java:28)
Caused by: ptolemy.kernel.util.IllegalActionException: Actor is not ready to fire.  Perhaps UpSample.prefire() returned false? Try debugging the actor by selecting "Listen to Actor".  Also, for SDF check moml for tokenConsumptionRate on input.
  in .DESDFClockTest.Play Bell.Copy1:SDF Director and .DESDFClockTest.Play Bell.UpSample
	at ptolemy.actor.sched.StaticSchedulingDirector.fire(StaticSchedulingDirector.java:227)
	at ptolemy.domains.sdf.kernel.SDFDirector.fire(SDFDirector.java:500)
	at ptolemy.actor.CompositeActor.fire(CompositeActor.java:455)
	at ptolemy.domains.de.kernel.DEDirector._fire(DEDirector.java:1948)
	at ptolemy.domains.de.kernel.DEDirector.fire(DEDirector.java:502)
	at ptolemy.actor.CompositeActor.fire(CompositeActor.java:455)
	at ptolemy.actor.Manager.iterate(Manager.java:851)
	at ptolemy.actor.Manager.execute(Manager.java:369)
	at ptolemy.actor.Manager.run(Manager.java:1263)
	at ptolemy.actor.Manager$PtolemyRunThread.run(Manager.java:1915)
java.lang.RuntimeException: Execution failed
	at ptolemy.moml.MoMLSimpleApplication$UnloadThread.run(MoMLSimpleApplication.java:402)
Caused by: ptolemy.kernel.util.IllegalActionException: Test fails in iteration 1.
Value was: 1.0. Should have been: 2.0
  in .DirectFeedback.Test
	at ptolemy.actor.lib.Test.fire(Test.java:268)
	at ptolemy.domains.de.kernel.DEDirector._fire(DEDirector.java:1948)
	at ptolemy.domains.de.kernel.DEDirector.fire(DEDirector.java:502)
	at ptolemy.actor.CompositeActor.fire(CompositeActor.java:455)
	at ptolemy.actor.Manager.iterate(Manager.java:851)
	at ptolemy.actor.Manager.execute(Manager.java:369)
	at ptolemy.actor.Manager.run(Manager.java:1263)
	at ptolemy.actor.Manager$PtolemyRunThread.run(Manager.java:1915)
java.lang.reflect.InvocationTargetException
	at sun.reflect.NativeConstructorAccessorImpl.newInstance0(Native Method)
	at sun.reflect.NativeConstructorAccessorImpl.newInstance(NativeConstructorAccessorImpl.java:62)
	at sun.reflect.DelegatingConstructorAccessorImpl.newInstance(DelegatingConstructorAccessorImpl.java:45)
	at java.lang.reflect.Constructor.newInstance(Constructor.java:423)
	at ptolemy.util.test.junit.AutoKnownFailedTests.RunModel(AutoKnownFailedTests.java:107)
	at sun.reflect.NativeMethodAccessorImpl.invoke0(Native Method)
	at sun.reflect.NativeMethodAccessorImpl.invoke(NativeMethodAccessorImpl.java:62)
	at sun.reflect.DelegatingMethodAccessorImpl.invoke(DelegatingMethodAccessorImpl.java:43)
	at java.lang.reflect.Method.invoke(Method.java:498)
	at org.junit.runners.model.FrameworkMethod$1.runReflectiveCall(FrameworkMethod.java:44)
	at org.junit.internal.runners.model.ReflectiveCallable.run(ReflectiveCallable.java:15)
	at org.junit.runners.model.FrameworkMethod.invokeExplosively(FrameworkMethod.java:41)
	at junitparams.internal.InvokeParameterisedMethod.evaluate(InvokeParameterisedMethod.java:102)
	at org.junit.internal.runners.statements.FailOnTimeout$1.run(FailOnTimeout.java:28)
Caused by: ptolemy.kernel.util.IllegalActionException: Test fails in iteration 1.
Value was: 1.0. Should have been: 2.0
  in .DirectFeedback.Test
	at ptolemy.actor.lib.Test.fire(Test.java:268)
	at ptolemy.domains.de.kernel.DEDirector._fire(DEDirector.java:1948)
	at ptolemy.domains.de.kernel.DEDirector.fire(DEDirector.java:502)
	at ptolemy.actor.CompositeActor.fire(CompositeActor.java:455)
	at ptolemy.actor.Manager.iterate(Manager.java:851)
	at ptolemy.actor.Manager.execute(Manager.java:369)
	at ptolemy.actor.Manager.run(Manager.java:1263)
	at ptolemy.actor.Manager$PtolemyRunThread.run(Manager.java:1915)
java.lang.RuntimeException: Execution failed
	at ptolemy.moml.MoMLSimpleApplication$UnloadThread.run(MoMLSimpleApplication.java:402)
Caused by: ptolemy.kernel.util.IllegalActionException: Found a zero delay loop containing .HierarchicalModel.A
  in .HierarchicalModel and .HierarchicalModel.A
	at ptolemy.actor.util.CausalityInterfaceForComposites._computeOutputPortDepth(CausalityInterfaceForComposites.java:759)
	at ptolemy.actor.util.CausalityInterfaceForComposites._computeInputDepth(CausalityInterfaceForComposites.java:696)
	at ptolemy.actor.util.CausalityInterfaceForComposites._computeOutputPortDepth(CausalityInterfaceForComposites.java:765)
	at ptolemy.actor.util.CausalityInterfaceForComposites._computeInputDepth(CausalityInterfaceForComposites.java:696)
	at ptolemy.actor.util.CausalityInterfaceForComposites._computeOutputPortDepth(CausalityInterfaceForComposites.java:765)
	at ptolemy.actor.util.CausalityInterfaceForComposites._computeInputDepth(CausalityInterfaceForComposites.java:696)
	at ptolemy.actor.util.CausalityInterfaceForComposites._computeActorDepth(CausalityInterfaceForComposites.java:532)
	at ptolemy.actor.util.CausalityInterfaceForComposites.checkForCycles(CausalityInterfaceForComposites.java:96)
	at ptolemy.domains.de.kernel.DEDirector.preinitialize(DEDirector.java:1337)
	at ptolemy.actor.CompositeActor.preinitialize(CompositeActor.java:1828)
	at ptolemy.actor.Manager.preinitializeAndResolveTypes(Manager.java:1040)
	at ptolemy.actor.Manager.initialize(Manager.java:710)
	at ptolemy.actor.Manager.execute(Manager.java:356)
	at ptolemy.actor.Manager.run(Manager.java:1263)
	at ptolemy.actor.Manager$PtolemyRunThread.run(Manager.java:1915)
java.lang.reflect.InvocationTargetException
	at sun.reflect.NativeConstructorAccessorImpl.newInstance0(Native Method)
	at sun.reflect.NativeConstructorAccessorImpl.newInstance(NativeConstructorAccessorImpl.java:62)
	at sun.reflect.DelegatingConstructorAccessorImpl.newInstance(DelegatingConstructorAccessorImpl.java:45)
	at java.lang.reflect.Constructor.newInstance(Constructor.java:423)
	at ptolemy.util.test.junit.AutoKnownFailedTests.RunModel(AutoKnownFailedTests.java:107)
	at sun.reflect.NativeMethodAccessorImpl.invoke0(Native Method)
	at sun.reflect.NativeMethodAccessorImpl.invoke(NativeMethodAccessorImpl.java:62)
	at sun.reflect.DelegatingMethodAccessorImpl.invoke(DelegatingMethodAccessorImpl.java:43)
	at java.lang.reflect.Method.invoke(Method.java:498)
	at org.junit.runners.model.FrameworkMethod$1.runReflectiveCall(FrameworkMethod.java:44)
	at org.junit.internal.runners.model.ReflectiveCallable.run(ReflectiveCallable.java:15)
	at org.junit.runners.model.FrameworkMethod.invokeExplosively(FrameworkMethod.java:41)
	at junitparams.internal.InvokeParameterisedMethod.evaluate(InvokeParameterisedMethod.java:102)
	at org.junit.internal.runners.statements.FailOnTimeout$1.run(FailOnTimeout.java:28)
Caused by: ptolemy.kernel.util.IllegalActionException: Found a zero delay loop containing .HierarchicalModel.A
  in .HierarchicalModel and .HierarchicalModel.A
	at ptolemy.actor.util.CausalityInterfaceForComposites._computeOutputPortDepth(CausalityInterfaceForComposites.java:759)
	at ptolemy.actor.util.CausalityInterfaceForComposites._computeInputDepth(CausalityInterfaceForComposites.java:696)
	at ptolemy.actor.util.CausalityInterfaceForComposites._computeOutputPortDepth(CausalityInterfaceForComposites.java:765)
	at ptolemy.actor.util.CausalityInterfaceForComposites._computeInputDepth(CausalityInterfaceForComposites.java:696)
	at ptolemy.actor.util.CausalityInterfaceForComposites._computeOutputPortDepth(CausalityInterfaceForComposites.java:765)
	at ptolemy.actor.util.CausalityInterfaceForComposites._computeInputDepth(CausalityInterfaceForComposites.java:696)
	at ptolemy.actor.util.CausalityInterfaceForComposites._computeActorDepth(CausalityInterfaceForComposites.java:532)
	at ptolemy.actor.util.CausalityInterfaceForComposites.checkForCycles(CausalityInterfaceForComposites.java:96)
	at ptolemy.domains.de.kernel.DEDirector.preinitialize(DEDirector.java:1337)
	at ptolemy.actor.CompositeActor.preinitialize(CompositeActor.java:1828)
	at ptolemy.actor.Manager.preinitializeAndResolveTypes(Manager.java:1040)
	at ptolemy.actor.Manager.initialize(Manager.java:710)
	at ptolemy.actor.Manager.execute(Manager.java:356)
	at ptolemy.actor.Manager.run(Manager.java:1263)
	at ptolemy.actor.Manager$PtolemyRunThread.run(Manager.java:1915)
java.lang.RuntimeException: Execution failed
	at ptolemy.moml.MoMLSimpleApplication$UnloadThread.run(MoMLSimpleApplication.java:402)
Caused by: ptolemy.kernel.util.IllegalActionException: Found a zero delay loop containing .dependencyLoop.original
  in .dependencyLoop and .dependencyLoop.original
	at ptolemy.actor.util.CausalityInterfaceForComposites._computeOutputPortDepth(CausalityInterfaceForComposites.java:759)
	at ptolemy.actor.util.CausalityInterfaceForComposites._computeInputDepth(CausalityInterfaceForComposites.java:696)
	at ptolemy.actor.util.CausalityInterfaceForComposites._computeOutputPortDepth(CausalityInterfaceForComposites.java:765)
	at ptolemy.actor.util.CausalityInterfaceForComposites._computeInputDepth(CausalityInterfaceForComposites.java:696)
	at ptolemy.actor.util.CausalityInterfaceForComposites._computeOutputPortDepth(CausalityInterfaceForComposites.java:765)
	at ptolemy.actor.util.CausalityInterfaceForComposites._computeInputDepth(CausalityInterfaceForComposites.java:696)
	at ptolemy.actor.util.CausalityInterfaceForComposites._computeActorDepth(CausalityInterfaceForComposites.java:532)
	at ptolemy.actor.util.CausalityInterfaceForComposites.checkForCycles(CausalityInterfaceForComposites.java:96)
	at ptolemy.domains.de.kernel.DEDirector.preinitialize(DEDirector.java:1337)
	at ptolemy.actor.CompositeActor.preinitialize(CompositeActor.java:1828)
	at ptolemy.actor.Manager.preinitializeAndResolveTypes(Manager.java:1040)
	at ptolemy.actor.Manager.initialize(Manager.java:710)
	at ptolemy.actor.Manager.execute(Manager.java:356)
	at ptolemy.actor.Manager.run(Manager.java:1263)
	at ptolemy.actor.Manager$PtolemyRunThread.run(Manager.java:1915)
java.lang.reflect.InvocationTargetException
	at sun.reflect.NativeConstructorAccessorImpl.newInstance0(Native Method)
	at sun.reflect.NativeConstructorAccessorImpl.newInstance(NativeConstructorAccessorImpl.java:62)
	at sun.reflect.DelegatingConstructorAccessorImpl.newInstance(DelegatingConstructorAccessorImpl.java:45)
	at java.lang.reflect.Constructor.newInstance(Constructor.java:423)
	at ptolemy.util.test.junit.AutoKnownFailedTests.RunModel(AutoKnownFailedTests.java:107)
	at sun.reflect.NativeMethodAccessorImpl.invoke0(Native Method)
	at sun.reflect.NativeMethodAccessorImpl.invoke(NativeMethodAccessorImpl.java:62)
	at sun.reflect.DelegatingMethodAccessorImpl.invoke(DelegatingMethodAccessorImpl.java:43)
	at java.lang.reflect.Method.invoke(Method.java:498)
	at org.junit.runners.model.FrameworkMethod$1.runReflectiveCall(FrameworkMethod.java:44)
	at org.junit.internal.runners.model.ReflectiveCallable.run(ReflectiveCallable.java:15)
	at org.junit.runners.model.FrameworkMethod.invokeExplosively(FrameworkMethod.java:41)
	at junitparams.internal.InvokeParameterisedMethod.evaluate(InvokeParameterisedMethod.java:102)
	at org.junit.internal.runners.statements.FailOnTimeout$1.run(FailOnTimeout.java:28)
Caused by: ptolemy.kernel.util.IllegalActionException: Found a zero delay loop containing .dependencyLoop.original
  in .dependencyLoop and .dependencyLoop.original
	at ptolemy.actor.util.CausalityInterfaceForComposites._computeOutputPortDepth(CausalityInterfaceForComposites.java:759)
	at ptolemy.actor.util.CausalityInterfaceForComposites._computeInputDepth(CausalityInterfaceForComposites.java:696)
	at ptolemy.actor.util.CausalityInterfaceForComposites._computeOutputPortDepth(CausalityInterfaceForComposites.java:765)
	at ptolemy.actor.util.CausalityInterfaceForComposites._computeInputDepth(CausalityInterfaceForComposites.java:696)
	at ptolemy.actor.util.CausalityInterfaceForComposites._computeOutputPortDepth(CausalityInterfaceForComposites.java:765)
	at ptolemy.actor.util.CausalityInterfaceForComposites._computeInputDepth(CausalityInterfaceForComposites.java:696)
	at ptolemy.actor.util.CausalityInterfaceForComposites._computeActorDepth(CausalityInterfaceForComposites.java:532)
	at ptolemy.actor.util.CausalityInterfaceForComposites.checkForCycles(CausalityInterfaceForComposites.java:96)
	at ptolemy.domains.de.kernel.DEDirector.preinitialize(DEDirector.java:1337)
	at ptolemy.actor.CompositeActor.preinitialize(CompositeActor.java:1828)
	at ptolemy.actor.Manager.preinitializeAndResolveTypes(Manager.java:1040)
	at ptolemy.actor.Manager.initialize(Manager.java:710)
	at ptolemy.actor.Manager.execute(Manager.java:356)
	at ptolemy.actor.Manager.run(Manager.java:1263)
	at ptolemy.actor.Manager$PtolemyRunThread.run(Manager.java:1915)
java.lang.RuntimeException: Execution failed
	at ptolemy.moml.MoMLSimpleApplication$UnloadThread.run(MoMLSimpleApplication.java:402)
Caused by: ptolemy.kernel.util.IllegalActionException: Found a zero delay loop containing .dependencyLoop2.original
  in .dependencyLoop2 and .dependencyLoop2.original
	at ptolemy.actor.util.CausalityInterfaceForComposites._computeOutputPortDepth(CausalityInterfaceForComposites.java:759)
	at ptolemy.actor.util.CausalityInterfaceForComposites._computeInputDepth(CausalityInterfaceForComposites.java:696)
	at ptolemy.actor.util.CausalityInterfaceForComposites._computeOutputPortDepth(CausalityInterfaceForComposites.java:765)
	at ptolemy.actor.util.CausalityInterfaceForComposites._computeInputDepth(CausalityInterfaceForComposites.java:696)
	at ptolemy.actor.util.CausalityInterfaceForComposites._computeOutputPortDepth(CausalityInterfaceForComposites.java:765)
	at ptolemy.actor.util.CausalityInterfaceForComposites._computeInputDepth(CausalityInterfaceForComposites.java:696)
	at ptolemy.actor.util.CausalityInterfaceForComposites._computeActorDepth(CausalityInterfaceForComposites.java:532)
	at ptolemy.actor.util.CausalityInterfaceForComposites.checkForCycles(CausalityInterfaceForComposites.java:96)
	at ptolemy.domains.de.kernel.DEDirector.preinitialize(DEDirector.java:1337)
	at ptolemy.actor.CompositeActor.preinitialize(CompositeActor.java:1828)
	at ptolemy.actor.Manager.preinitializeAndResolveTypes(Manager.java:1040)
	at ptolemy.actor.Manager.initialize(Manager.java:710)
	at ptolemy.actor.Manager.execute(Manager.java:356)
	at ptolemy.actor.Manager.run(Manager.java:1263)
	at ptolemy.actor.Manager$PtolemyRunThread.run(Manager.java:1915)
java.lang.reflect.InvocationTargetException
	at sun.reflect.NativeConstructorAccessorImpl.newInstance0(Native Method)
	at sun.reflect.NativeConstructorAccessorImpl.newInstance(NativeConstructorAccessorImpl.java:62)
	at sun.reflect.DelegatingConstructorAccessorImpl.newInstance(DelegatingConstructorAccessorImpl.java:45)
	at java.lang.reflect.Constructor.newInstance(Constructor.java:423)
	at ptolemy.util.test.junit.AutoKnownFailedTests.RunModel(AutoKnownFailedTests.java:107)
	at sun.reflect.NativeMethodAccessorImpl.invoke0(Native Method)
	at sun.reflect.NativeMethodAccessorImpl.invoke(NativeMethodAccessorImpl.java:62)
	at sun.reflect.DelegatingMethodAccessorImpl.invoke(DelegatingMethodAccessorImpl.java:43)
	at java.lang.reflect.Method.invoke(Method.java:498)
	at org.junit.runners.model.FrameworkMethod$1.runReflectiveCall(FrameworkMethod.java:44)
	at org.junit.internal.runners.model.ReflectiveCallable.run(ReflectiveCallable.java:15)
	at org.junit.runners.model.FrameworkMethod.invokeExplosively(FrameworkMethod.java:41)
	at junitparams.internal.InvokeParameterisedMethod.evaluate(InvokeParameterisedMethod.java:102)
	at org.junit.internal.runners.statements.FailOnTimeout$1.run(FailOnTimeout.java:28)
Caused by: ptolemy.kernel.util.IllegalActionException: Found a zero delay loop containing .dependencyLoop2.original
  in .dependencyLoop2 and .dependencyLoop2.original
	at ptolemy.actor.util.CausalityInterfaceForComposites._computeOutputPortDepth(CausalityInterfaceForComposites.java:759)
	at ptolemy.actor.util.CausalityInterfaceForComposites._computeInputDepth(CausalityInterfaceForComposites.java:696)
	at ptolemy.actor.util.CausalityInterfaceForComposites._computeOutputPortDepth(CausalityInterfaceForComposites.java:765)
	at ptolemy.actor.util.CausalityInterfaceForComposites._computeInputDepth(CausalityInterfaceForComposites.java:696)
	at ptolemy.actor.util.CausalityInterfaceForComposites._computeOutputPortDepth(CausalityInterfaceForComposites.java:765)
	at ptolemy.actor.util.CausalityInterfaceForComposites._computeInputDepth(CausalityInterfaceForComposites.java:696)
	at ptolemy.actor.util.CausalityInterfaceForComposites._computeActorDepth(CausalityInterfaceForComposites.java:532)
	at ptolemy.actor.util.CausalityInterfaceForComposites.checkForCycles(CausalityInterfaceForComposites.java:96)
	at ptolemy.domains.de.kernel.DEDirector.preinitialize(DEDirector.java:1337)
	at ptolemy.actor.CompositeActor.preinitialize(CompositeActor.java:1828)
	at ptolemy.actor.Manager.preinitializeAndResolveTypes(Manager.java:1040)
	at ptolemy.actor.Manager.initialize(Manager.java:710)
	at ptolemy.actor.Manager.execute(Manager.java:356)
	at ptolemy.actor.Manager.run(Manager.java:1263)
	at ptolemy.actor.Manager$PtolemyRunThread.run(Manager.java:1915)
]]></system-err>
</testsuite>
