<?xml version="1.0" encoding="UTF-8" ?>
<testsuite errors="0" failures="0" hostname="travis-job-d8ef998d-2c65-4607-aaac-89fee256a39b" name="ptolemy.domains.de.test.junit.JUnitTclTest" skipped="0" tests="101" time="127.899" timestamp="2018-05-10T01:19:11">
  <properties>
[...]
</properties>
  <testcase classname="ptolemy.util.test.junit.TclTests" name="[0] /home/travis/build/icyphy/ptII/ptolemy/domains/de/test/DependencyLoop.tcl (RunTclFile)" time="0.794" />
  <testcase classname="ptolemy.util.test.junit.TclTests" name="[1] /home/travis/build/icyphy/ptII/ptolemy/domains/de/test/RunDETestsAsQSS.tcl (RunTclFile)" time="87.697" />
  <testcase classname="ptolemy.util.test.junit.AutoKnownFailedTests" name="[0] /home/travis/build/icyphy/ptII/ptolemy/domains/de/test/auto/knownFailedTests/DESDFClockTest.xml (RunModel)" time="2.029" />
  <testcase classname="ptolemy.util.test.junit.AutoKnownFailedTests" name="[1] /home/travis/build/icyphy/ptII/ptolemy/domains/de/test/auto/knownFailedTests/DirectFeedback.xml (RunModel)" time="0.022" />
  <testcase classname="ptolemy.util.test.junit.AutoKnownFailedTests" name="[2] /home/travis/build/icyphy/ptII/ptolemy/domains/de/test/auto/knownFailedTests/FSMSource.xml (RunModel)" time="0.02" />
  <testcase classname="ptolemy.util.test.junit.AutoKnownFailedTests" name="[3] /home/travis/build/icyphy/ptII/ptolemy/domains/de/test/auto/knownFailedTests/HierarchicalModel.xml (RunModel)" time="0.035" />
  <testcase classname="ptolemy.util.test.junit.AutoKnownFailedTests" name="[4] /home/travis/build/icyphy/ptII/ptolemy/domains/de/test/auto/knownFailedTests/dependencyLoop.xml (RunModel)" time="0.03" />
  <testcase classname="ptolemy.util.test.junit.AutoKnownFailedTests" name="[5] /home/travis/build/icyphy/ptII/ptolemy/domains/de/test/auto/knownFailedTests/dependencyLoop2.xml (RunModel)" time="0.037" />
  <testcase classname="ptolemy.util.test.junit.AutoNameArchTests" name="[0] ThereAreNoAutoTests (RunModel)" time="0.001" />
  <testcase classname="ptolemy.util.test.junit.AutoTests" name="[0] /home/travis/build/icyphy/ptII/ptolemy/domains/de/test/auto/ActorDepthCalculation_actorWithoutPorts.xml (RunModel)" time="0.011" />
  <testcase classname="ptolemy.util.test.junit.AutoTests" name="[1] /home/travis/build/icyphy/ptII/ptolemy/domains/de/test/auto/AssemblyLine.xml (RunModel)" time="0.016" />
  <testcase classname="ptolemy.util.test.junit.AutoTests" name="[2] /home/travis/build/icyphy/ptII/ptolemy/domains/de/test/auto/CQBug1.xml (RunModel)" time="0.01" />
  <testcase classname="ptolemy.util.test.junit.AutoTests" name="[3] /home/travis/build/icyphy/ptII/ptolemy/domains/de/test/auto/CancelFireAt.xml (RunModel)" time="0.009" />
  <testcase classname="ptolemy.util.test.junit.AutoTests" name="[4] /home/travis/build/icyphy/ptII/ptolemy/domains/de/test/auto/CausalityAndComposabilityAnalysis.xml (RunModel)" time="0.008" />
  <testcase classname="ptolemy.util.test.junit.AutoTests" name="[5] /home/travis/build/icyphy/ptII/ptolemy/domains/de/test/auto/CausalityInterface1.xml (RunModel)" time="0.01" />
  <testcase classname="ptolemy.util.test.junit.AutoTests" name="[6] /home/travis/build/icyphy/ptII/ptolemy/domains/de/test/auto/CausalityInterface15.xml (RunModel)" time="0.01" />
  <testcase classname="ptolemy.util.test.junit.AutoTests" name="[7] /home/travis/build/icyphy/ptII/ptolemy/domains/de/test/auto/CausalityInterface2.xml (RunModel)" time="0.011" />
  <testcase classname="ptolemy.util.test.junit.AutoTests" name="[8] /home/travis/build/icyphy/ptII/ptolemy/domains/de/test/auto/CausalityInterface3.xml (RunModel)" time="0.008" />
  <testcase classname="ptolemy.util.test.junit.AutoTests" name="[9] /home/travis/build/icyphy/ptII/ptolemy/domains/de/test/auto/ClockDrift.xml (RunModel)" time="0.031" />
  <testcase classname="ptolemy.util.test.junit.AutoTests" name="[10] /home/travis/build/icyphy/ptII/ptolemy/domains/de/test/auto/ClockDriftAndValueChange.xml (RunModel)" time="0.024" />
  <testcase classname="ptolemy.util.test.junit.AutoTests" name="[11] /home/travis/build/icyphy/ptII/ptolemy/domains/de/test/auto/ClockDriftChange.xml (RunModel)" time="0.021" />
  <testcase classname="ptolemy.util.test.junit.AutoTests" name="[12] /home/travis/build/icyphy/ptII/ptolemy/domains/de/test/auto/ComposableCausalityAnalysis.xml (RunModel)" time="0.013" />
  <testcase classname="ptolemy.util.test.junit.AutoTests" name="[13] /home/travis/build/icyphy/ptII/ptolemy/domains/de/test/auto/DEFixedPointLimitation.xml (RunModel)" time="0.008" />
  <testcase classname="ptolemy.util.test.junit.AutoTests" name="[14] /home/travis/build/icyphy/ptII/ptolemy/domains/de/test/auto/DEScheduleTest.xml (RunModel)" time="0.008" />
  <testcase classname="ptolemy.util.test.junit.AutoTests" name="[15] /home/travis/build/icyphy/ptII/ptolemy/domains/de/test/auto/DEinDEwithStartTimes.xml (RunModel)" time="0.01" />
  <testcase classname="ptolemy.util.test.junit.AutoTests" name="[16] /home/travis/build/icyphy/ptII/ptolemy/domains/de/test/auto/DEinDEwithStartTimes2.xml (RunModel)" time="0.01" />
  <testcase classname="ptolemy.util.test.junit.AutoTests" name="[17] /home/travis/build/icyphy/ptII/ptolemy/domains/de/test/auto/DateDemo.xml (RunModel)" time="0.023" />
  <testcase classname="ptolemy.util.test.junit.AutoTests" name="[18] /home/travis/build/icyphy/ptII/ptolemy/domains/de/test/auto/DateToEvent.xml (RunModel)" time="2.033" />
  <testcase classname="ptolemy.util.test.junit.AutoTests" name="[19] /home/travis/build/icyphy/ptII/ptolemy/domains/de/test/auto/DepthTest1.xml (RunModel)" time="0.007" />
  <testcase classname="ptolemy.util.test.junit.AutoTests" name="[20] /home/travis/build/icyphy/ptII/ptolemy/domains/de/test/auto/DepthTest2.xml (RunModel)" time="0.017" />
  <testcase classname="ptolemy.util.test.junit.AutoTests" name="[21] /home/travis/build/icyphy/ptII/ptolemy/domains/de/test/auto/DepthTest3.xml (RunModel)" time="0.008" />
  <testcase classname="ptolemy.util.test.junit.AutoTests" name="[22] /home/travis/build/icyphy/ptII/ptolemy/domains/de/test/auto/DepthTest4.xml (RunModel)" time="0.012" />
  <testcase classname="ptolemy.util.test.junit.AutoTests" name="[23] /home/travis/build/icyphy/ptII/ptolemy/domains/de/test/auto/DepthTest5.xml (RunModel)" time="0.018" />
  <testcase classname="ptolemy.util.test.junit.AutoTests" name="[24] /home/travis/build/icyphy/ptII/ptolemy/domains/de/test/auto/DepthTest6.xml (RunModel)" time="0.015" />
  <testcase classname="ptolemy.util.test.junit.AutoTests" name="[25] /home/travis/build/icyphy/ptII/ptolemy/domains/de/test/auto/DepthTest7.xml (RunModel)" time="0.012" />
  <testcase classname="ptolemy.util.test.junit.AutoTests" name="[26] /home/travis/build/icyphy/ptII/ptolemy/domains/de/test/auto/EventToDate.xml (RunModel)" time="3.034" />
  <testcase classname="ptolemy.util.test.junit.AutoTests" name="[27] /home/travis/build/icyphy/ptII/ptolemy/domains/de/test/auto/FSM1.xml (RunModel)" time="0.03" />
  <testcase classname="ptolemy.util.test.junit.AutoTests" name="[28] /home/travis/build/icyphy/ptII/ptolemy/domains/de/test/auto/FSM7.xml (RunModel)" time="0.029" />
  <testcase classname="ptolemy.util.test.junit.AutoTests" name="[29] /home/travis/build/icyphy/ptII/ptolemy/domains/de/test/auto/Inspection.xml (RunModel)" time="0.048" />
  <testcase classname="ptolemy.util.test.junit.AutoTests" name="[30] /home/travis/build/icyphy/ptII/ptolemy/domains/de/test/auto/Iteration.xml (RunModel)" time="0.018" />
  <testcase classname="ptolemy.util.test.junit.AutoTests" name="[31] /home/travis/build/icyphy/ptII/ptolemy/domains/de/test/auto/LineFault.xml (RunModel)" time="0.547" />
  <testcase classname="ptolemy.util.test.junit.AutoTests" name="[32] /home/travis/build/icyphy/ptII/ptolemy/domains/de/test/auto/MergeModel1Add.xml (RunModel)" time="0.046" />
  <testcase classname="ptolemy.util.test.junit.AutoTests" name="[33] /home/travis/build/icyphy/ptII/ptolemy/domains/de/test/auto/MergeModel2Add.xml (RunModel)" time="0.034" />
  <testcase classname="ptolemy.util.test.junit.AutoTests" name="[34] /home/travis/build/icyphy/ptII/ptolemy/domains/de/test/auto/MergeModel3Add.xml (RunModel)" time="0.04" />
  <testcase classname="ptolemy.util.test.junit.AutoTests" name="[35] /home/travis/build/icyphy/ptII/ptolemy/domains/de/test/auto/MergeWithoutDiscard.xml (RunModel)" time="0.011" />
  <testcase classname="ptolemy.util.test.junit.AutoTests" name="[36] /home/travis/build/icyphy/ptII/ptolemy/domains/de/test/auto/Modal1.xml (RunModel)" time="0.025" />
  <testcase classname="ptolemy.util.test.junit.AutoTests" name="[37] /home/travis/build/icyphy/ptII/ptolemy/domains/de/test/auto/Modal2.xml (RunModel)" time="0.033" />
  <testcase classname="ptolemy.util.test.junit.AutoTests" name="[38] /home/travis/build/icyphy/ptII/ptolemy/domains/de/test/auto/Modal3.xml (RunModel)" time="0.026" />
  <testcase classname="ptolemy.util.test.junit.AutoTests" name="[39] /home/travis/build/icyphy/ptII/ptolemy/domains/de/test/auto/Modal4.xml (RunModel)" time="0.033" />
  <testcase classname="ptolemy.util.test.junit.AutoTests" name="[40] /home/travis/build/icyphy/ptII/ptolemy/domains/de/test/auto/Modal5.xml (RunModel)" time="0.029" />
  <testcase classname="ptolemy.util.test.junit.AutoTests" name="[41] /home/travis/build/icyphy/ptII/ptolemy/domains/de/test/auto/Modal6.xml (RunModel)" time="0.027" />
  <testcase classname="ptolemy.util.test.junit.AutoTests" name="[42] /home/travis/build/icyphy/ptII/ptolemy/domains/de/test/auto/Modal7.xml (RunModel)" time="0.027" />
  <testcase classname="ptolemy.util.test.junit.AutoTests" name="[43] /home/travis/build/icyphy/ptII/ptolemy/domains/de/test/auto/ModalModel.xml (RunModel)" time="0.155" />
  <testcase classname="ptolemy.util.test.junit.AutoTests" name="[44] /home/travis/build/icyphy/ptII/ptolemy/domains/de/test/auto/ModalSource.xml (RunModel)" time="0.019" />
  <testcase classname="ptolemy.util.test.junit.AutoTests" name="[45] /home/travis/build/icyphy/ptII/ptolemy/domains/de/test/auto/NonInterruptibleTimerZeroDelay.xml (RunModel)" time="0.009" />
  <testcase classname="ptolemy.util.test.junit.AutoTests" name="[46] /home/travis/build/icyphy/ptII/ptolemy/domains/de/test/auto/OpenQueueingNetwork.xml (RunModel)" time="2.146" />
  <testcase classname="ptolemy.util.test.junit.AutoTests" name="[47] /home/travis/build/icyphy/ptII/ptolemy/domains/de/test/auto/OpenQueuingNetwork.xml (RunModel)" time="0.27" />
  <testcase classname="ptolemy.util.test.junit.AutoTests" name="[48] /home/travis/build/icyphy/ptII/ptolemy/domains/de/test/auto/PeriodicSampler.xml (RunModel)" time="0.013" />
  <testcase classname="ptolemy.util.test.junit.AutoTests" name="[49] /home/travis/build/icyphy/ptII/ptolemy/domains/de/test/auto/PersistentIO.xml (RunModel)" time="0.019" />
  <testcase classname="ptolemy.util.test.junit.AutoTests" name="[50] /home/travis/build/icyphy/ptII/ptolemy/domains/de/test/auto/PortParameterResetOnInitialize.xml (RunModel)" time="0.008" />
  <testcase classname="ptolemy.util.test.junit.AutoTests" name="[51] /home/travis/build/icyphy/ptII/ptolemy/domains/de/test/auto/PortParameterUpdates.xml (RunModel)" time="0.019" />
  <testcase classname="ptolemy.util.test.junit.AutoTests" name="[52] /home/travis/build/icyphy/ptII/ptolemy/domains/de/test/auto/QueueAndServer.xml (RunModel)" time="0.021" />
  <testcase classname="ptolemy.util.test.junit.AutoTests" name="[53] /home/travis/build/icyphy/ptII/ptolemy/domains/de/test/auto/Records.xml (RunModel)" time="0.017" />
  <testcase classname="ptolemy.util.test.junit.AutoTests" name="[54] /home/travis/build/icyphy/ptII/ptolemy/domains/de/test/auto/ResetTransitionWithStartTime1.xml (RunModel)" time="0.016" />
  <testcase classname="ptolemy.util.test.junit.AutoTests" name="[55] /home/travis/build/icyphy/ptII/ptolemy/domains/de/test/auto/ResetTransitionWithStartTime2.xml (RunModel)" time="0.019" />
  <testcase classname="ptolemy.util.test.junit.AutoTests" name="[56] /home/travis/build/icyphy/ptII/ptolemy/domains/de/test/auto/ResetTransitionWithStartTime3.xml (RunModel)" time="0.02" />
  <testcase classname="ptolemy.util.test.junit.AutoTests" name="[57] /home/travis/build/icyphy/ptII/ptolemy/domains/de/test/auto/ResetTransitionWithStartTime4.xml (RunModel)" time="0.021" />
  <testcase classname="ptolemy.util.test.junit.AutoTests" name="[58] /home/travis/build/icyphy/ptII/ptolemy/domains/de/test/auto/ResettableTimer1.xml (RunModel)" time="0.011" />
  <testcase classname="ptolemy.util.test.junit.AutoTests" name="[59] /home/travis/build/icyphy/ptII/ptolemy/domains/de/test/auto/ResettableTimer2.xml (RunModel)" time="0.009" />
  <testcase classname="ptolemy.util.test.junit.AutoTests" name="[60] /home/travis/build/icyphy/ptII/ptolemy/domains/de/test/auto/ResettableTimer3.xml (RunModel)" time="0.008" />
  <testcase classname="ptolemy.util.test.junit.AutoTests" name="[61] /home/travis/build/icyphy/ptII/ptolemy/domains/de/test/auto/ResettableTimer4.xml (RunModel)" time="0.011" />
  <testcase classname="ptolemy.util.test.junit.AutoTests" name="[62] /home/travis/build/icyphy/ptII/ptolemy/domains/de/test/auto/ResettableTimer5.xml (RunModel)" time="0.009" />
  <testcase classname="ptolemy.util.test.junit.AutoTests" name="[63] /home/travis/build/icyphy/ptII/ptolemy/domains/de/test/auto/ResettableTimer6.xml (RunModel)" time="0.017" />
  <testcase classname="ptolemy.util.test.junit.AutoTests" name="[64] /home/travis/build/icyphy/ptII/ptolemy/domains/de/test/auto/ServerZeroDelay.xml (RunModel)" time="0.01" />
  <testcase classname="ptolemy.util.test.junit.AutoTests" name="[65] /home/travis/build/icyphy/ptII/ptolemy/domains/de/test/auto/SmartSender.xml (RunModel)" time="3.009" />
  <testcase classname="ptolemy.util.test.junit.AutoTests" name="[66] /home/travis/build/icyphy/ptII/ptolemy/domains/de/test/auto/ThreadedComposite.xml (RunModel)" time="0.141" />
  <testcase classname="ptolemy.util.test.junit.AutoTests" name="[67] /home/travis/build/icyphy/ptII/ptolemy/domains/de/test/auto/Time.xml (RunModel)" time="0.422" />
  <testcase classname="ptolemy.util.test.junit.AutoTests" name="[68] /home/travis/build/icyphy/ptII/ptolemy/domains/de/test/auto/TimeDelayZeroDelay.xml (RunModel)" time="0.009" />
  <testcase classname="ptolemy.util.test.junit.AutoTests" name="[69] /home/travis/build/icyphy/ptII/ptolemy/domains/de/test/auto/TimerZeroDelay.xml (RunModel)" time="0.009" />
  <testcase classname="ptolemy.util.test.junit.AutoTests" name="[70] /home/travis/build/icyphy/ptII/ptolemy/domains/de/test/auto/TimingParadox.xml (RunModel)" time="0.345" />
  <testcase classname="ptolemy.util.test.junit.AutoTests" name="[71] /home/travis/build/icyphy/ptII/ptolemy/domains/de/test/auto/TransferInputs.xml (RunModel)" time="0.009" />
  <testcase classname="ptolemy.util.test.junit.AutoTests" name="[72] /home/travis/build/icyphy/ptII/ptolemy/domains/de/test/auto/TransferOutputs2.xml (RunModel)" time="0.011" />
  <testcase classname="ptolemy.util.test.junit.AutoTests" name="[73] /home/travis/build/icyphy/ptII/ptolemy/domains/de/test/auto/Trilateration.xml (RunModel)" time="11.398" />
  <testcase classname="ptolemy.util.test.junit.AutoTests" name="[74] /home/travis/build/icyphy/ptII/ptolemy/domains/de/test/auto/TwoSigmaDelta.xml (RunModel)" time="2.118" />
  <testcase classname="ptolemy.util.test.junit.AutoTests" name="[75] /home/travis/build/icyphy/ptII/ptolemy/domains/de/test/auto/VariableDelay.xml (RunModel)" time="0.016" />
  <testcase classname="ptolemy.util.test.junit.AutoTests" name="[76] /home/travis/build/icyphy/ptII/ptolemy/domains/de/test/auto/VariableDelay2.xml (RunModel)" time="0.009" />
  <testcase classname="ptolemy.util.test.junit.AutoTests" name="[77] /home/travis/build/icyphy/ptII/ptolemy/domains/de/test/auto/VariableDelayZeroDelay.xml (RunModel)" time="0.009" />
  <testcase classname="ptolemy.util.test.junit.AutoTests" name="[78] /home/travis/build/icyphy/ptII/ptolemy/domains/de/test/auto/VariableDelayZeroDelay2.xml (RunModel)" time="0.009" />
  <testcase classname="ptolemy.util.test.junit.AutoTests" name="[79] /home/travis/build/icyphy/ptII/ptolemy/domains/de/test/auto/deInCt.xml (RunModel)" time="0.017" />
  <testcase classname="ptolemy.util.test.junit.AutoTests" name="[80] /home/travis/build/icyphy/ptII/ptolemy/domains/de/test/auto/deInCt2.xml (RunModel)" time="0.016" />
  <testcase classname="ptolemy.util.test.junit.AutoTests" name="[81] /home/travis/build/icyphy/ptII/ptolemy/domains/de/test/auto/dynamicCausalityInterface1.xml (RunModel)" time="0.016" />
  <testcase classname="ptolemy.util.test.junit.AutoTests" name="[82] /home/travis/build/icyphy/ptII/ptolemy/domains/de/test/auto/fsm_de_test.xml (RunModel)" time="0.02" />
  <testcase classname="ptolemy.util.test.junit.AutoTests" name="[83] /home/travis/build/icyphy/ptII/ptolemy/domains/de/test/auto/functionDependencyReconstruction.xml (RunModel)" time="0.028" />
  <testcase classname="ptolemy.util.test.junit.AutoTests" name="[84] /home/travis/build/icyphy/ptII/ptolemy/domains/de/test/auto/multirate.xml (RunModel)" time="0.014" />
  <testcase classname="ptolemy.util.test.junit.AutoTests" name="[85] /home/travis/build/icyphy/ptII/ptolemy/domains/de/test/auto/multirate2.xml (RunModel)" time="0.013" />
  <testcase classname="ptolemy.util.test.junit.AutoTests" name="[86] /home/travis/build/icyphy/ptII/ptolemy/domains/de/test/auto/realtime.xml (RunModel)" time="10.011" />
  <testcase classname="ptolemy.util.test.junit.AutoTests" name="[87] /home/travis/build/icyphy/ptII/ptolemy/domains/de/test/auto/relationGroup.xml (RunModel)" time="0.012" />
  <testcase classname="ptolemy.util.test.junit.AutoTests" name="[88] /home/travis/build/icyphy/ptII/ptolemy/domains/de/test/auto/relationGroup2.xml (RunModel)" time="0.008" />
  <testcase classname="ptolemy.util.test.junit.AutoTests" name="[89] /home/travis/build/icyphy/ptII/ptolemy/domains/de/test/auto/sortWithOpaquePorts.xml (RunModel)" time="0.011" />
  <testcase classname="ptolemy.util.test.junit.AutoTests" name="[90] /home/travis/build/icyphy/ptII/ptolemy/domains/de/test/auto/transferInputsandOutputs.xml (RunModel)" time="0.019" />
  <testcase classname="ptolemy.util.test.junit.AutoTests" name="[91] /home/travis/build/icyphy/ptII/ptolemy/domains/de/test/auto/triggerType.xml (RunModel)" time="0.015" />
  <system-out><![CDATA[/home/travis/build/icyphy/ptII/ptolemy/domains/de/test/DependencyLoop.tcl
testDefs.tcl: setting time out to 9000 seconds at Thu May 10 01:19:11 UTC 2018
36 ms. Memory: 116224K Free: 95043K (82%)
6 ms. Memory: 146944K Free: 137842K (94%)
/home/travis/build/icyphy/ptII/ptolemy/domains/de/test/RunDETestsAsQSS.tcl
Run the DE tests using ptolemy.domains.qss.test.QSSDirectorTest, which extends QSSDirector and prints a message in the constructors.
------------------ testing $PTII/ptolemy/domains/de/test/auto/knownFailedTests/dependencyLoop.xml (Known Failure) 
6 ms. Memory: 146944K Free: 133567K (91%)


==== $PTIIhome/travis/build/icyphy/ptII/ptolemy/domains/de/test/../../../../: Auto Automatic test in file $PTII/ptolemy/domains/de/test/auto/knownFailedTests/dependencyLoop.xml
==== Contents of test case:

	    # FIXME: we should use $relativeFilename here, but it
	    # might have backslashes under Windows, which causes no end
	    # of trouble.
	    createAndExecute $file
	    list {}
	
.... Test generated KNOWN error:
    while executing
ptolemy.kernel.util.IllegalActionException: Found a zero delay loop containing .dependencyLoop.original
  in .dependencyLoop and .dependencyLoop.original
	at ptolemy.actor.util.CausalityInterfaceForComposites._computeOutputPortDepth(CausalityInterfaceForComposites.java:759)
	at ptolemy.actor.util.CausalityInterfaceForComposites._computeInputDepth(CausalityInterfaceForComposites.java:696)
	at ptolemy.actor.util.CausalityInterfaceForComposites._computeOutputPortDepth(CausalityInterfaceForComposites.java:765)
	at ptolemy.actor.util.CausalityInterfaceForComposites._computeInputDepth(CausalityInterfaceForComposites.java:696)
	at ptolemy.actor.util.CausalityInterfaceForComposites._computeOutputPortDepth(CausalityInterfaceForComposites.java:765)
	at ptolemy.actor.util.CausalityInterfaceForComposites._computeInputDepth(CausalityInterfaceForComposites.java:696)
	at ptolemy.actor.util.CausalityInterfaceForComposites._computeActorDepth(CausalityInterfaceForComposites.java:532)
	at ptolemy.actor.util.CausalityInterfaceForComposites.checkForCycles(CausalityInterfaceForComposites.java:96)
	at ptolemy.domains.de.kernel.DEDirector.preinitialize(DEDirector.java:1337)
	at ptolemy.actor.CompositeActor.preinitialize(CompositeActor.java:1828)
	at ptolemy.actor.Manager.preinitializeAndResolveTypes(Manager.java:1040)
	at ptolemy.actor.Manager.initialize(Manager.java:710)
	at ptolemy.actor.Manager.execute(Manager.java:356)
	at ptolemy.actor.Manager.run(Manager.java:1263)
	at ptolemy.actor.Manager$PtolemyRunThread.run(Manager.java:1915)

    while executing
ptolemy.kernel.util.IllegalActionException: Found a zero delay loop containing .dependencyLoop.original
  in .dependencyLoop and .dependencyLoop.original
    while executing
"java::new ptolemy.moml.MoMLSimpleApplication $file
"
    (procedure "createAndExecute" line 2)
    invoked from within
"createAndExecute $file"
    ("uplevel" body line 5)
    invoked from within
"uplevel $contents_of_test"
------------------ testing $PTII/ptolemy/domains/de/test/auto/knownFailedTests/DESDFClockTest.xml (Known Failure) 
2145 ms. Memory: 146944K Free: 116480K (79%)


==== $PTIIhome/travis/build/icyphy/ptII/ptolemy/domains/de/test/../../../../: Auto Automatic test in file $PTII/ptolemy/domains/de/test/auto/knownFailedTests/DESDFClockTest.xml
==== Contents of test case:

	    # FIXME: we should use $relativeFilename here, but it
	    # might have backslashes under Windows, which causes no end
	    # of trouble.
	    createAndExecute $file
	    list {}
	
.... Test generated KNOWN error:
    while executing
ptolemy.kernel.util.IllegalActionException: Actor is not ready to fire.  Perhaps UpSample.prefire() returned false? Try debugging the actor by selecting "Listen to Actor".  Also, for SDF check moml for tokenConsumptionRate on input.
  in .DESDFClockTest.Play Bell.Copy1:SDF Director and .DESDFClockTest.Play Bell.UpSample
	at ptolemy.actor.sched.StaticSchedulingDirector.fire(StaticSchedulingDirector.java:227)
	at ptolemy.domains.sdf.kernel.SDFDirector.fire(SDFDirector.java:500)
	at ptolemy.actor.CompositeActor.fire(CompositeActor.java:455)
	at ptolemy.domains.de.kernel.DEDirector._fire(DEDirector.java:1948)
	at ptolemy.domains.de.kernel.DEDirector.fire(DEDirector.java:502)
	at ptolemy.actor.CompositeActor.fire(CompositeActor.java:455)
	at ptolemy.actor.Manager.iterate(Manager.java:851)
	at ptolemy.actor.Manager.execute(Manager.java:369)
	at ptolemy.actor.Manager.run(Manager.java:1263)
	at ptolemy.actor.Manager$PtolemyRunThread.run(Manager.java:1915)

    while executing
ptolemy.kernel.util.IllegalActionException: Actor is not ready to fire.  Perhaps UpSample.prefire() returned false? Try debugging the actor by selecting "Listen to Actor".  Also, for SDF check moml for tokenConsumptionRate on input.
  in .DESDFClockTest.Play Bell.Copy1:SDF Director and .DESDFClockTest.Play Bell.UpSample
    while executing
"java::new ptolemy.moml.MoMLSimpleApplication $file
"
    (procedure "createAndExecute" line 2)
    invoked from within
"createAndExecute $file"
    ("uplevel" body line 5)
    invoked from within
"uplevel $contents_of_test"
------------------ testing $PTII/ptolemy/domains/de/test/auto/knownFailedTests/FSMSource.xml (Known Failure) 
41 ms. Memory: 146944K Free: 107490K (73%)
!!!! Auto was marked as failing, but now passes
------------------ testing $PTII/ptolemy/domains/de/test/auto/knownFailedTests/dependencyLoop2.xml (Known Failure) 
7 ms. Memory: 146944K Free: 105606K (72%)


==== $PTIIhome/travis/build/icyphy/ptII/ptolemy/domains/de/test/../../../../: Auto Automatic test in file $PTII/ptolemy/domains/de/test/auto/knownFailedTests/dependencyLoop2.xml
==== Contents of test case:

	    # FIXME: we should use $relativeFilename here, but it
	    # might have backslashes under Windows, which causes no end
	    # of trouble.
	    createAndExecute $file
	    list {}
	
.... Test generated KNOWN error:
    while executing
ptolemy.kernel.util.IllegalActionException: Found a zero delay loop containing .dependencyLoop2.original
  in .dependencyLoop2 and .dependencyLoop2.original
	at ptolemy.actor.util.CausalityInterfaceForComposites._computeOutputPortDepth(CausalityInterfaceForComposites.java:759)
	at ptolemy.actor.util.CausalityInterfaceForComposites._computeInputDepth(CausalityInterfaceForComposites.java:696)
	at ptolemy.actor.util.CausalityInterfaceForComposites._computeOutputPortDepth(CausalityInterfaceForComposites.java:765)
	at ptolemy.actor.util.CausalityInterfaceForComposites._computeInputDepth(CausalityInterfaceForComposites.java:696)
	at ptolemy.actor.util.CausalityInterfaceForComposites._computeOutputPortDepth(CausalityInterfaceForComposites.java:765)
	at ptolemy.actor.util.CausalityInterfaceForComposites._computeInputDepth(CausalityInterfaceForComposites.java:696)
	at ptolemy.actor.util.CausalityInterfaceForComposites._computeActorDepth(CausalityInterfaceForComposites.java:532)
	at ptolemy.actor.util.CausalityInterfaceForComposites.checkForCycles(CausalityInterfaceForComposites.java:96)
	at ptolemy.domains.de.kernel.DEDirector.preinitialize(DEDirector.java:1337)
	at ptolemy.actor.CompositeActor.preinitialize(CompositeActor.java:1828)
	at ptolemy.actor.Manager.preinitializeAndResolveTypes(Manager.java:1040)
	at ptolemy.actor.Manager.initialize(Manager.java:710)
	at ptolemy.actor.Manager.execute(Manager.java:356)
	at ptolemy.actor.Manager.run(Manager.java:1263)
	at ptolemy.actor.Manager$PtolemyRunThread.run(Manager.java:1915)

    while executing
ptolemy.kernel.util.IllegalActionException: Found a zero delay loop containing .dependencyLoop2.original
  in .dependencyLoop2 and .dependencyLoop2.original
    while executing
"java::new ptolemy.moml.MoMLSimpleApplication $file
"
    (procedure "createAndExecute" line 2)
    invoked from within
"createAndExecute $file"
    ("uplevel" body line 5)
    invoked from within
"uplevel $contents_of_test"
------------------ testing $PTII/ptolemy/domains/de/test/auto/knownFailedTests/HierarchicalModel.xml (Known Failure) 
4 ms. Memory: 146944K Free: 85075K (58%)


==== $PTIIhome/travis/build/icyphy/ptII/ptolemy/domains/de/test/../../../../: Auto Automatic test in file $PTII/ptolemy/domains/de/test/auto/knownFailedTests/HierarchicalModel.xml
==== Contents of test case:

	    # FIXME: we should use $relativeFilename here, but it
	    # might have backslashes under Windows, which causes no end
	    # of trouble.
	    createAndExecute $file
	    list {}
	
.... Test generated KNOWN error:
    while executing
ptolemy.kernel.util.IllegalActionException: Found a zero delay loop containing .HierarchicalModel.A
  in .HierarchicalModel and .HierarchicalModel.A
	at ptolemy.actor.util.CausalityInterfaceForComposites._computeOutputPortDepth(CausalityInterfaceForComposites.java:759)
	at ptolemy.actor.util.CausalityInterfaceForComposites._computeInputDepth(CausalityInterfaceForComposites.java:696)
	at ptolemy.actor.util.CausalityInterfaceForComposites._computeOutputPortDepth(CausalityInterfaceForComposites.java:765)
	at ptolemy.actor.util.CausalityInterfaceForComposites._computeInputDepth(CausalityInterfaceForComposites.java:696)
	at ptolemy.actor.util.CausalityInterfaceForComposites._computeOutputPortDepth(CausalityInterfaceForComposites.java:765)
	at ptolemy.actor.util.CausalityInterfaceForComposites._computeInputDepth(CausalityInterfaceForComposites.java:696)
	at ptolemy.actor.util.CausalityInterfaceForComposites._computeActorDepth(CausalityInterfaceForComposites.java:532)
	at ptolemy.actor.util.CausalityInterfaceForComposites.checkForCycles(CausalityInterfaceForComposites.java:96)
	at ptolemy.domains.de.kernel.DEDirector.preinitialize(DEDirector.java:1337)
	at ptolemy.actor.CompositeActor.preinitialize(CompositeActor.java:1828)
	at ptolemy.actor.Manager.preinitializeAndResolveTypes(Manager.java:1040)
	at ptolemy.actor.Manager.initialize(Manager.java:710)
	at ptolemy.actor.Manager.execute(Manager.java:356)
	at ptolemy.actor.Manager.run(Manager.java:1263)
	at ptolemy.actor.Manager$PtolemyRunThread.run(Manager.java:1915)

    while executing
ptolemy.kernel.util.IllegalActionException: Found a zero delay loop containing .HierarchicalModel.A
  in .HierarchicalModel and .HierarchicalModel.A
    while executing
"java::new ptolemy.moml.MoMLSimpleApplication $file
"
    (procedure "createAndExecute" line 2)
    invoked from within
"createAndExecute $file"
    ("uplevel" body line 5)
    invoked from within
"uplevel $contents_of_test"
------------------ testing $PTII/ptolemy/domains/de/test/auto/knownFailedTests/DirectFeedback.xml (Known Failure) 
4 ms. Memory: 146944K Free: 140394K (96%)


==== $PTIIhome/travis/build/icyphy/ptII/ptolemy/domains/de/test/../../../../: Auto Automatic test in file $PTII/ptolemy/domains/de/test/auto/knownFailedTests/DirectFeedback.xml
==== Contents of test case:

	    # FIXME: we should use $relativeFilename here, but it
	    # might have backslashes under Windows, which causes no end
	    # of trouble.
	    createAndExecute $file
	    list {}
	
.... Test generated KNOWN error:
    while executing
ptolemy.kernel.util.IllegalActionException: Test fails in iteration 1.
Value was: 1.0. Should have been: 2.0
  in .DirectFeedback.Test
	at ptolemy.actor.lib.Test.fire(Test.java:268)
	at ptolemy.domains.de.kernel.DEDirector._fire(DEDirector.java:1948)
	at ptolemy.domains.de.kernel.DEDirector.fire(DEDirector.java:502)
	at ptolemy.actor.CompositeActor.fire(CompositeActor.java:455)
	at ptolemy.actor.Manager.iterate(Manager.java:851)
	at ptolemy.actor.Manager.execute(Manager.java:369)
	at ptolemy.actor.Manager.run(Manager.java:1263)
	at ptolemy.actor.Manager$PtolemyRunThread.run(Manager.java:1915)

    while executing
ptolemy.kernel.util.IllegalActionException: Test fails in iteration 1.
Value was: 1.0. Should have been: 2.0
  in .DirectFeedback.Test
    while executing
"java::new ptolemy.moml.MoMLSimpleApplication $file
"
    (procedure "createAndExecute" line 2)
    invoked from within
"createAndExecute $file"
    ("uplevel" body line 5)
    invoked from within
"uplevel $contents_of_test"
------------------ testing $PTII/ptolemy/domains/de/test/auto/ActorDepthCalculation_actorWithoutPorts.xml
auto.tcl: Setting watchdog for 200 seconds at Thu May 10 01:19:14 UTC 2018
5 ms. Memory: 146944K Free: 132818K (90%)
ptolemy.util.test.WatchDog.cancel(): canceling Thu May 10 01:19:14 UTC 2018
auto.tcl: Setting watchdog for 200 seconds at Thu May 10 01:19:14 UTC 2018
4 ms. Memory: 146944K Free: 130729K (89%)
ptolemy.util.test.WatchDog.cancel(): canceling Thu May 10 01:19:14 UTC 2018
------------------ testing $PTII/ptolemy/domains/de/test/auto/AssemblyLine.xml
auto.tcl: Setting watchdog for 200 seconds at Thu May 10 01:19:14 UTC 2018
11 ms. Memory: 208384K Free: 187964K (90%)
ptolemy.util.test.WatchDog.cancel(): canceling Thu May 10 01:19:15 UTC 2018
auto.tcl: Setting watchdog for 200 seconds at Thu May 10 01:19:15 UTC 2018
9 ms. Memory: 208384K Free: 187145K (90%)
ptolemy.util.test.WatchDog.cancel(): canceling Thu May 10 01:19:15 UTC 2018
------------------ testing $PTII/ptolemy/domains/de/test/auto/CQBug1.xml
auto.tcl: Setting watchdog for 200 seconds at Thu May 10 01:19:15 UTC 2018
11 ms. Memory: 208384K Free: 197980K (95%)
ptolemy.util.test.WatchDog.cancel(): canceling Thu May 10 01:19:15 UTC 2018
auto.tcl: Setting watchdog for 200 seconds at Thu May 10 01:19:15 UTC 2018
2 ms. Memory: 208384K Free: 197980K (95%)
ptolemy.util.test.WatchDog.cancel(): canceling Thu May 10 01:19:15 UTC 2018
------------------ testing $PTII/ptolemy/domains/de/test/auto/CancelFireAt.xml
auto.tcl: Setting watchdog for 200 seconds at Thu May 10 01:19:15 UTC 2018
3 ms. Memory: 208384K Free: 201258K (97%)
ptolemy.util.test.WatchDog.cancel(): canceling Thu May 10 01:19:15 UTC 2018
auto.tcl: Setting watchdog for 200 seconds at Thu May 10 01:19:15 UTC 2018
2 ms. Memory: 208384K Free: 199168K (96%)
ptolemy.util.test.WatchDog.cancel(): canceling Thu May 10 01:19:15 UTC 2018
------------------ testing $PTII/ptolemy/domains/de/test/auto/CausalityAndComposabilityAnalysis.xml
auto.tcl: Setting watchdog for 200 seconds at Thu May 10 01:19:15 UTC 2018
23 ms. Memory: 208384K Free: 198766K (95%)
ptolemy.util.test.WatchDog.cancel(): canceling Thu May 10 01:19:15 UTC 2018
auto.tcl: Setting watchdog for 200 seconds at Thu May 10 01:19:15 UTC 2018
5 ms. Memory: 208384K Free: 196338K (94%)
ptolemy.util.test.WatchDog.cancel(): canceling Thu May 10 01:19:15 UTC 2018
------------------ testing $PTII/ptolemy/domains/de/test/auto/CausalityInterface1.xml
auto.tcl: Setting watchdog for 200 seconds at Thu May 10 01:19:15 UTC 2018
15 ms. Memory: 208384K Free: 196277K (94%)
ptolemy.util.test.WatchDog.cancel(): canceling Thu May 10 01:19:15 UTC 2018
auto.tcl: Setting watchdog for 200 seconds at Thu May 10 01:19:15 UTC 2018
3 ms. Memory: 208384K Free: 196277K (94%)
ptolemy.util.test.WatchDog.cancel(): canceling Thu May 10 01:19:15 UTC 2018
------------------ testing $PTII/ptolemy/domains/de/test/auto/CausalityInterface15.xml
auto.tcl: Setting watchdog for 200 seconds at Thu May 10 01:19:15 UTC 2018
10 ms. Memory: 208384K Free: 196268K (94%)
ptolemy.util.test.WatchDog.cancel(): canceling Thu May 10 01:19:15 UTC 2018
auto.tcl: Setting watchdog for 200 seconds at Thu May 10 01:19:15 UTC 2018
9 ms. Memory: 208384K Free: 194178K (93%)
ptolemy.util.test.WatchDog.cancel(): canceling Thu May 10 01:19:15 UTC 2018
------------------ testing $PTII/ptolemy/domains/de/test/auto/CausalityInterface2.xml
auto.tcl: Setting watchdog for 200 seconds at Thu May 10 01:19:15 UTC 2018
6 ms. Memory: 208384K Free: 196251K (94%)
ptolemy.util.test.WatchDog.cancel(): canceling Thu May 10 01:19:15 UTC 2018
auto.tcl: Setting watchdog for 200 seconds at Thu May 10 01:19:15 UTC 2018
3 ms. Memory: 208384K Free: 196251K (94%)
ptolemy.util.test.WatchDog.cancel(): canceling Thu May 10 01:19:15 UTC 2018
------------------ testing $PTII/ptolemy/domains/de/test/auto/CausalityInterface3.xml
auto.tcl: Setting watchdog for 200 seconds at Thu May 10 01:19:15 UTC 2018
4 ms. Memory: 208384K Free: 196263K (94%)
ptolemy.util.test.WatchDog.cancel(): canceling Thu May 10 01:19:15 UTC 2018
auto.tcl: Setting watchdog for 200 seconds at Thu May 10 01:19:15 UTC 2018
5 ms. Memory: 208384K Free: 196263K (94%)
ptolemy.util.test.WatchDog.cancel(): canceling Thu May 10 01:19:15 UTC 2018
------------------ testing $PTII/ptolemy/domains/de/test/auto/ClockDrift.xml
auto.tcl: Setting watchdog for 200 seconds at Thu May 10 01:19:15 UTC 2018
52 ms. Memory: 208384K Free: 187527K (90%)
ptolemy.util.test.WatchDog.cancel(): canceling Thu May 10 01:19:15 UTC 2018
auto.tcl: Setting watchdog for 200 seconds at Thu May 10 01:19:15 UTC 2018
67 ms. Memory: 208384K Free: 185437K (89%)
ptolemy.util.test.WatchDog.cancel(): canceling Thu May 10 01:19:16 UTC 2018
------------------ testing $PTII/ptolemy/domains/de/test/auto/ClockDriftAndValueChange.xml
auto.tcl: Setting watchdog for 200 seconds at Thu May 10 01:19:16 UTC 2018
49 ms. Memory: 208384K Free: 187362K (90%)
ptolemy.util.test.WatchDog.cancel(): canceling Thu May 10 01:19:16 UTC 2018
auto.tcl: Setting watchdog for 200 seconds at Thu May 10 01:19:16 UTC 2018
32 ms. Memory: 208384K Free: 185272K (89%)
ptolemy.util.test.WatchDog.cancel(): canceling Thu May 10 01:19:16 UTC 2018
------------------ testing $PTII/ptolemy/domains/de/test/auto/ClockDriftChange.xml
auto.tcl: Setting watchdog for 200 seconds at Thu May 10 01:19:16 UTC 2018
36 ms. Memory: 208384K Free: 190680K (92%)
ptolemy.util.test.WatchDog.cancel(): canceling Thu May 10 01:19:16 UTC 2018
auto.tcl: Setting watchdog for 200 seconds at Thu May 10 01:19:16 UTC 2018
29 ms. Memory: 208384K Free: 188590K (91%)
ptolemy.util.test.WatchDog.cancel(): canceling Thu May 10 01:19:16 UTC 2018
------------------ testing $PTII/ptolemy/domains/de/test/auto/ComposableCausalityAnalysis.xml
auto.tcl: Setting watchdog for 200 seconds at Thu May 10 01:19:16 UTC 2018
5 ms. Memory: 208384K Free: 196125K (94%)
ptolemy.util.test.WatchDog.cancel(): canceling Thu May 10 01:19:16 UTC 2018
auto.tcl: Setting watchdog for 200 seconds at Thu May 10 01:19:16 UTC 2018
2 ms. Memory: 208384K Free: 194035K (93%)
ptolemy.util.test.WatchDog.cancel(): canceling Thu May 10 01:19:16 UTC 2018
------------------ testing $PTII/ptolemy/domains/de/test/auto/DEFixedPointLimitation.xml
auto.tcl: Setting watchdog for 200 seconds at Thu May 10 01:19:16 UTC 2018
2 ms. Memory: 208384K Free: 196205K (94%)
ptolemy.util.test.WatchDog.cancel(): canceling Thu May 10 01:19:16 UTC 2018
auto.tcl: Setting watchdog for 200 seconds at Thu May 10 01:19:16 UTC 2018
2 ms. Memory: 208384K Free: 196205K (94%)
ptolemy.util.test.WatchDog.cancel(): canceling Thu May 10 01:19:16 UTC 2018
------------------ testing $PTII/ptolemy/domains/de/test/auto/DEScheduleTest.xml
auto.tcl: Setting watchdog for 200 seconds at Thu May 10 01:19:16 UTC 2018
5 ms. Memory: 208384K Free: 198668K (95%)
ptolemy.util.test.WatchDog.cancel(): canceling Thu May 10 01:19:16 UTC 2018
auto.tcl: Setting watchdog for 200 seconds at Thu May 10 01:19:16 UTC 2018
4 ms. Memory: 208384K Free: 196241K (94%)
ptolemy.util.test.WatchDog.cancel(): canceling Thu May 10 01:19:16 UTC 2018
------------------ testing $PTII/ptolemy/domains/de/test/auto/DEinDEwithStartTimes.xml
auto.tcl: Setting watchdog for 200 seconds at Thu May 10 01:19:16 UTC 2018
8 ms. Memory: 208384K Free: 196210K (94%)
ptolemy.util.test.WatchDog.cancel(): canceling Thu May 10 01:19:16 UTC 2018
auto.tcl: Setting watchdog for 200 seconds at Thu May 10 01:19:16 UTC 2018
4 ms. Memory: 208384K Free: 194120K (93%)
ptolemy.util.test.WatchDog.cancel(): canceling Thu May 10 01:19:16 UTC 2018
------------------ testing $PTII/ptolemy/domains/de/test/auto/DEinDEwithStartTimes2.xml
auto.tcl: Setting watchdog for 200 seconds at Thu May 10 01:19:16 UTC 2018
4 ms. Memory: 208384K Free: 196527K (94%)
ptolemy.util.test.WatchDog.cancel(): canceling Thu May 10 01:19:16 UTC 2018
auto.tcl: Setting watchdog for 200 seconds at Thu May 10 01:19:16 UTC 2018
4 ms. Memory: 208384K Free: 194100K (93%)
ptolemy.util.test.WatchDog.cancel(): canceling Thu May 10 01:19:16 UTC 2018
------------------ testing $PTII/ptolemy/domains/de/test/auto/DateDemo.xml
auto.tcl: Setting watchdog for 200 seconds at Thu May 10 01:19:16 UTC 2018
20 ms. Memory: 208384K Free: 188659K (91%)
ptolemy.util.test.WatchDog.cancel(): canceling Thu May 10 01:19:16 UTC 2018
auto.tcl: Setting watchdog for 200 seconds at Thu May 10 01:19:16 UTC 2018
7 ms. Memory: 208384K Free: 186569K (90%)
ptolemy.util.test.WatchDog.cancel(): canceling Thu May 10 01:19:16 UTC 2018
------------------ testing $PTII/ptolemy/domains/de/test/auto/DateToEvent.xml
auto.tcl: Setting watchdog for 200 seconds at Thu May 10 01:19:17 UTC 2018
2009 ms. Memory: 208384K Free: 183419K (88%)
ptolemy.util.test.WatchDog.cancel(): canceling Thu May 10 01:19:19 UTC 2018
auto.tcl: Setting watchdog for 200 seconds at Thu May 10 01:19:19 UTC 2018
2006 ms. Memory: 208384K Free: 180961K (87%)
ptolemy.util.test.WatchDog.cancel(): canceling Thu May 10 01:19:21 UTC 2018
------------------ testing $PTII/ptolemy/domains/de/test/auto/DepthTest1.xml
auto.tcl: Setting watchdog for 200 seconds at Thu May 10 01:19:21 UTC 2018
3 ms. Memory: 208384K Free: 197844K (95%)
ptolemy.util.test.WatchDog.cancel(): canceling Thu May 10 01:19:21 UTC 2018
auto.tcl: Setting watchdog for 200 seconds at Thu May 10 01:19:21 UTC 2018
4 ms. Memory: 208384K Free: 197844K (95%)
ptolemy.util.test.WatchDog.cancel(): canceling Thu May 10 01:19:21 UTC 2018
------------------ testing $PTII/ptolemy/domains/de/test/auto/DepthTest2.xml
auto.tcl: Setting watchdog for 200 seconds at Thu May 10 01:19:21 UTC 2018
3 ms. Memory: 208384K Free: 194436K (93%)
ptolemy.util.test.WatchDog.cancel(): canceling Thu May 10 01:19:21 UTC 2018
auto.tcl: Setting watchdog for 200 seconds at Thu May 10 01:19:21 UTC 2018
7 ms. Memory: 208384K Free: 194436K (93%)
ptolemy.util.test.WatchDog.cancel(): canceling Thu May 10 01:19:21 UTC 2018
------------------ testing $PTII/ptolemy/domains/de/test/auto/DepthTest3.xml
auto.tcl: Setting watchdog for 200 seconds at Thu May 10 01:19:21 UTC 2018
2 ms. Memory: 208384K Free: 198177K (95%)
ptolemy.util.test.WatchDog.cancel(): canceling Thu May 10 01:19:21 UTC 2018
auto.tcl: Setting watchdog for 200 seconds at Thu May 10 01:19:21 UTC 2018
2 ms. Memory: 208384K Free: 198177K (95%)
ptolemy.util.test.WatchDog.cancel(): canceling Thu May 10 01:19:21 UTC 2018
------------------ testing $PTII/ptolemy/domains/de/test/auto/DepthTest4.xml
auto.tcl: Setting watchdog for 200 seconds at Thu May 10 01:19:21 UTC 2018
8 ms. Memory: 208384K Free: 196174K (94%)
ptolemy.util.test.WatchDog.cancel(): canceling Thu May 10 01:19:21 UTC 2018
auto.tcl: Setting watchdog for 200 seconds at Thu May 10 01:19:21 UTC 2018
2 ms. Memory: 208384K Free: 196174K (94%)
ptolemy.util.test.WatchDog.cancel(): canceling Thu May 10 01:19:21 UTC 2018
------------------ testing $PTII/ptolemy/domains/de/test/auto/DepthTest5.xml
auto.tcl: Setting watchdog for 200 seconds at Thu May 10 01:19:21 UTC 2018
3 ms. Memory: 208384K Free: 196121K (94%)
ptolemy.util.test.WatchDog.cancel(): canceling Thu May 10 01:19:21 UTC 2018
auto.tcl: Setting watchdog for 200 seconds at Thu May 10 01:19:21 UTC 2018
2 ms. Memory: 208384K Free: 196121K (94%)
ptolemy.util.test.WatchDog.cancel(): canceling Thu May 10 01:19:21 UTC 2018
------------------ testing $PTII/ptolemy/domains/de/test/auto/DepthTest6.xml
auto.tcl: Setting watchdog for 200 seconds at Thu May 10 01:19:21 UTC 2018
4 ms. Memory: 208384K Free: 196098K (94%)
ptolemy.util.test.WatchDog.cancel(): canceling Thu May 10 01:19:21 UTC 2018
auto.tcl: Setting watchdog for 200 seconds at Thu May 10 01:19:21 UTC 2018
2 ms. Memory: 208384K Free: 196098K (94%)
ptolemy.util.test.WatchDog.cancel(): canceling Thu May 10 01:19:21 UTC 2018
------------------ testing $PTII/ptolemy/domains/de/test/auto/DepthTest7.xml
auto.tcl: Setting watchdog for 200 seconds at Thu May 10 01:19:21 UTC 2018
3 ms. Memory: 208384K Free: 196093K (94%)
ptolemy.util.test.WatchDog.cancel(): canceling Thu May 10 01:19:21 UTC 2018
auto.tcl: Setting watchdog for 200 seconds at Thu May 10 01:19:21 UTC 2018
2 ms. Memory: 208384K Free: 196093K (94%)
ptolemy.util.test.WatchDog.cancel(): canceling Thu May 10 01:19:21 UTC 2018
------------------ testing $PTII/ptolemy/domains/de/test/auto/EventToDate.xml
auto.tcl: Setting watchdog for 200 seconds at Thu May 10 01:19:21 UTC 2018
3005 ms. Memory: 208384K Free: 185665K (89%)
ptolemy.util.test.WatchDog.cancel(): canceling Thu May 10 01:19:24 UTC 2018
auto.tcl: Setting watchdog for 200 seconds at Thu May 10 01:19:24 UTC 2018
3004 ms. Memory: 208384K Free: 185665K (89%)
ptolemy.util.test.WatchDog.cancel(): canceling Thu May 10 01:19:27 UTC 2018
------------------ testing $PTII/ptolemy/domains/de/test/auto/FSM1.xml
auto.tcl: Setting watchdog for 200 seconds at Thu May 10 01:19:27 UTC 2018
46 ms. Memory: 208384K Free: 189166K (91%)
ptolemy.util.test.WatchDog.cancel(): canceling Thu May 10 01:19:27 UTC 2018
auto.tcl: Setting watchdog for 200 seconds at Thu May 10 01:19:27 UTC 2018
23 ms. Memory: 208384K Free: 184986K (89%)
ptolemy.util.test.WatchDog.cancel(): canceling Thu May 10 01:19:27 UTC 2018
------------------ testing $PTII/ptolemy/domains/de/test/auto/FSM7.xml
auto.tcl: Setting watchdog for 200 seconds at Thu May 10 01:19:27 UTC 2018
31 ms. Memory: 208384K Free: 187619K (90%)
ptolemy.util.test.WatchDog.cancel(): canceling Thu May 10 01:19:28 UTC 2018
auto.tcl: Setting watchdog for 200 seconds at Thu May 10 01:19:28 UTC 2018
18 ms. Memory: 208384K Free: 185191K (89%)
ptolemy.util.test.WatchDog.cancel(): canceling Thu May 10 01:19:28 UTC 2018
------------------ testing $PTII/ptolemy/domains/de/test/auto/Inspection.xml
auto.tcl: Setting watchdog for 200 seconds at Thu May 10 01:19:28 UTC 2018
38 ms. Memory: 208384K Free: 188495K (90%)
ptolemy.util.test.WatchDog.cancel(): canceling Thu May 10 01:19:28 UTC 2018
auto.tcl: Setting watchdog for 200 seconds at Thu May 10 01:19:28 UTC 2018
30 ms. Memory: 208384K Free: 186405K (89%)
ptolemy.util.test.WatchDog.cancel(): canceling Thu May 10 01:19:28 UTC 2018
------------------ testing $PTII/ptolemy/domains/de/test/auto/Iteration.xml
auto.tcl: Setting watchdog for 200 seconds at Thu May 10 01:19:28 UTC 2018
11 ms. Memory: 208384K Free: 193813K (93%)
ptolemy.util.test.WatchDog.cancel(): canceling Thu May 10 01:19:28 UTC 2018
auto.tcl: Setting watchdog for 200 seconds at Thu May 10 01:19:28 UTC 2018
8 ms. Memory: 208384K Free: 193813K (93%)
ptolemy.util.test.WatchDog.cancel(): canceling Thu May 10 01:19:28 UTC 2018
------------------ testing $PTII/ptolemy/domains/de/test/auto/LineFault.xml
auto.tcl: Setting watchdog for 200 seconds at Thu May 10 01:19:28 UTC 2018
722 ms. Memory: 208384K Free: 195978K (94%)
ptolemy.util.test.WatchDog.cancel(): canceling Thu May 10 01:19:29 UTC 2018
auto.tcl: Setting watchdog for 200 seconds at Thu May 10 01:19:29 UTC 2018
556 ms. Memory: 208384K Free: 138929K (67%)
ptolemy.util.test.WatchDog.cancel(): canceling Thu May 10 01:19:29 UTC 2018
------------------ testing $PTII/ptolemy/domains/de/test/auto/MergeModel1Add.xml
auto.tcl: Setting watchdog for 200 seconds at Thu May 10 01:19:29 UTC 2018
24 ms. Memory: 331264K Free: 298714K (90%)
ptolemy.util.test.WatchDog.cancel(): canceling Thu May 10 01:19:30 UTC 2018
auto.tcl: Setting watchdog for 200 seconds at Thu May 10 01:19:30 UTC 2018
11 ms. Memory: 331264K Free: 298714K (90%)
ptolemy.util.test.WatchDog.cancel(): canceling Thu May 10 01:19:30 UTC 2018
------------------ testing $PTII/ptolemy/domains/de/test/auto/MergeModel2Add.xml
auto.tcl: Setting watchdog for 200 seconds at Thu May 10 01:19:30 UTC 2018
10 ms. Memory: 331264K Free: 303995K (92%)
ptolemy.util.test.WatchDog.cancel(): canceling Thu May 10 01:19:30 UTC 2018
auto.tcl: Setting watchdog for 200 seconds at Thu May 10 01:19:30 UTC 2018
12 ms. Memory: 331264K Free: 300052K (91%)
ptolemy.util.test.WatchDog.cancel(): canceling Thu May 10 01:19:30 UTC 2018
------------------ testing $PTII/ptolemy/domains/de/test/auto/MergeModel3Add.xml
auto.tcl: Setting watchdog for 200 seconds at Thu May 10 01:19:30 UTC 2018
10 ms. Memory: 331264K Free: 304005K (92%)
ptolemy.util.test.WatchDog.cancel(): canceling Thu May 10 01:19:30 UTC 2018
auto.tcl: Setting watchdog for 200 seconds at Thu May 10 01:19:30 UTC 2018
9 ms. Memory: 331264K Free: 300062K (91%)
ptolemy.util.test.WatchDog.cancel(): canceling Thu May 10 01:19:30 UTC 2018
------------------ testing $PTII/ptolemy/domains/de/test/auto/MergeWithoutDiscard.xml
auto.tcl: Setting watchdog for 200 seconds at Thu May 10 01:19:30 UTC 2018
4 ms. Memory: 331264K Free: 319372K (96%)
ptolemy.util.test.WatchDog.cancel(): canceling Thu May 10 01:19:30 UTC 2018
auto.tcl: Setting watchdog for 200 seconds at Thu May 10 01:19:30 UTC 2018
2 ms. Memory: 331264K Free: 315429K (95%)
ptolemy.util.test.WatchDog.cancel(): canceling Thu May 10 01:19:30 UTC 2018
------------------ testing $PTII/ptolemy/domains/de/test/auto/Modal1.xml
auto.tcl: Setting watchdog for 200 seconds at Thu May 10 01:19:30 UTC 2018
25 ms. Memory: 331264K Free: 309327K (93%)
ptolemy.util.test.WatchDog.cancel(): canceling Thu May 10 01:19:30 UTC 2018
auto.tcl: Setting watchdog for 200 seconds at Thu May 10 01:19:30 UTC 2018
20 ms. Memory: 331264K Free: 305384K (92%)
ptolemy.util.test.WatchDog.cancel(): canceling Thu May 10 01:19:30 UTC 2018
------------------ testing $PTII/ptolemy/domains/de/test/auto/Modal2.xml
auto.tcl: Setting watchdog for 200 seconds at Thu May 10 01:19:30 UTC 2018
19 ms. Memory: 331264K Free: 309208K (93%)
ptolemy.util.test.WatchDog.cancel(): canceling Thu May 10 01:19:30 UTC 2018
auto.tcl: Setting watchdog for 200 seconds at Thu May 10 01:19:30 UTC 2018
17 ms. Memory: 331264K Free: 305265K (92%)
ptolemy.util.test.WatchDog.cancel(): canceling Thu May 10 01:19:30 UTC 2018
------------------ testing $PTII/ptolemy/domains/de/test/auto/Modal3.xml
auto.tcl: Setting watchdog for 200 seconds at Thu May 10 01:19:30 UTC 2018
17 ms. Memory: 331264K Free: 309484K (93%)
ptolemy.util.test.WatchDog.cancel(): canceling Thu May 10 01:19:30 UTC 2018
auto.tcl: Setting watchdog for 200 seconds at Thu May 10 01:19:30 UTC 2018
9 ms. Memory: 331264K Free: 305256K (92%)
ptolemy.util.test.WatchDog.cancel(): canceling Thu May 10 01:19:30 UTC 2018
------------------ testing $PTII/ptolemy/domains/de/test/auto/Modal4.xml
auto.tcl: Setting watchdog for 200 seconds at Thu May 10 01:19:30 UTC 2018
26 ms. Memory: 331264K Free: 309212K (93%)
ptolemy.util.test.WatchDog.cancel(): canceling Thu May 10 01:19:30 UTC 2018
auto.tcl: Setting watchdog for 200 seconds at Thu May 10 01:19:30 UTC 2018
12 ms. Memory: 331264K Free: 305269K (92%)
ptolemy.util.test.WatchDog.cancel(): canceling Thu May 10 01:19:30 UTC 2018
------------------ testing $PTII/ptolemy/domains/de/test/auto/Modal5.xml
auto.tcl: Setting watchdog for 200 seconds at Thu May 10 01:19:30 UTC 2018
18 ms. Memory: 331264K Free: 309200K (93%)
ptolemy.util.test.WatchDog.cancel(): canceling Thu May 10 01:19:30 UTC 2018
auto.tcl: Setting watchdog for 200 seconds at Thu May 10 01:19:30 UTC 2018
13 ms. Memory: 331264K Free: 305257K (92%)
ptolemy.util.test.WatchDog.cancel(): canceling Thu May 10 01:19:30 UTC 2018
------------------ testing $PTII/ptolemy/domains/de/test/auto/Modal6.xml
auto.tcl: Setting watchdog for 200 seconds at Thu May 10 01:19:31 UTC 2018
13 ms. Memory: 331264K Free: 309196K (93%)
ptolemy.util.test.WatchDog.cancel(): canceling Thu May 10 01:19:31 UTC 2018
auto.tcl: Setting watchdog for 200 seconds at Thu May 10 01:19:31 UTC 2018
19 ms. Memory: 331264K Free: 305253K (92%)
ptolemy.util.test.WatchDog.cancel(): canceling Thu May 10 01:19:31 UTC 2018
------------------ testing $PTII/ptolemy/domains/de/test/auto/Modal7.xml
auto.tcl: Setting watchdog for 200 seconds at Thu May 10 01:19:31 UTC 2018
23 ms. Memory: 331264K Free: 309196K (93%)
ptolemy.util.test.WatchDog.cancel(): canceling Thu May 10 01:19:31 UTC 2018
auto.tcl: Setting watchdog for 200 seconds at Thu May 10 01:19:31 UTC 2018
11 ms. Memory: 331264K Free: 305253K (92%)
ptolemy.util.test.WatchDog.cancel(): canceling Thu May 10 01:19:31 UTC 2018
------------------ testing $PTII/ptolemy/domains/de/test/auto/ModalModel.xml
auto.tcl: Setting watchdog for 200 seconds at Thu May 10 01:19:31 UTC 2018
208 ms. Memory: 331264K Free: 245726K (74%)
ptolemy.util.test.WatchDog.cancel(): canceling Thu May 10 01:19:31 UTC 2018
auto.tcl: Setting watchdog for 200 seconds at Thu May 10 01:19:31 UTC 2018
188 ms. Memory: 331264K Free: 190510K (58%)
ptolemy.util.test.WatchDog.cancel(): canceling Thu May 10 01:19:31 UTC 2018
------------------ testing $PTII/ptolemy/domains/de/test/auto/ModalSource.xml
auto.tcl: Setting watchdog for 200 seconds at Thu May 10 01:19:31 UTC 2018
10 ms. Memory: 331264K Free: 315968K (95%)
ptolemy.util.test.WatchDog.cancel(): canceling Thu May 10 01:19:31 UTC 2018
auto.tcl: Setting watchdog for 200 seconds at Thu May 10 01:19:31 UTC 2018
5 ms. Memory: 331264K Free: 312440K (94%)
ptolemy.util.test.WatchDog.cancel(): canceling Thu May 10 01:19:31 UTC 2018
------------------ testing $PTII/ptolemy/domains/de/test/auto/NonInterruptibleTimerZeroDelay.xml
auto.tcl: Setting watchdog for 200 seconds at Thu May 10 01:19:31 UTC 2018
4 ms. Memory: 331264K Free: 320325K (97%)
ptolemy.util.test.WatchDog.cancel(): canceling Thu May 10 01:19:31 UTC 2018
auto.tcl: Setting watchdog for 200 seconds at Thu May 10 01:19:31 UTC 2018
2 ms. Memory: 331264K Free: 316798K (96%)
ptolemy.util.test.WatchDog.cancel(): canceling Thu May 10 01:19:31 UTC 2018
------------------ testing $PTII/ptolemy/domains/de/test/auto/OpenQueueingNetwork.xml
auto.tcl: Setting watchdog for 200 seconds at Thu May 10 01:19:31 UTC 2018
2648 ms. Memory: 317952K Free: 159963K (50%)
ptolemy.util.test.WatchDog.cancel(): canceling Thu May 10 01:19:34 UTC 2018
auto.tcl: Setting watchdog for 200 seconds at Thu May 10 01:19:34 UTC 2018
2489 ms. Memory: 287232K Free: 213627K (74%)
ptolemy.util.test.WatchDog.cancel(): canceling Thu May 10 01:19:37 UTC 2018
------------------ testing $PTII/ptolemy/domains/de/test/auto/OpenQueuingNetwork.xml
auto.tcl: Setting watchdog for 200 seconds at Thu May 10 01:19:37 UTC 2018
230 ms. Memory: 287232K Free: 182849K (64%)
ptolemy.util.test.WatchDog.cancel(): canceling Thu May 10 01:19:37 UTC 2018
auto.tcl: Setting watchdog for 200 seconds at Thu May 10 01:19:37 UTC 2018
230 ms. Memory: 287232K Free: 122392K (43%)
ptolemy.util.test.WatchDog.cancel(): canceling Thu May 10 01:19:37 UTC 2018
------------------ testing $PTII/ptolemy/domains/de/test/auto/PeriodicSampler.xml
auto.tcl: Setting watchdog for 200 seconds at Thu May 10 01:19:37 UTC 2018
2 ms. Memory: 289792K Free: 274327K (95%)
ptolemy.util.test.WatchDog.cancel(): canceling Thu May 10 01:19:37 UTC 2018
auto.tcl: Setting watchdog for 200 seconds at Thu May 10 01:19:37 UTC 2018
2 ms. Memory: 289792K Free: 274327K (95%)
ptolemy.util.test.WatchDog.cancel(): canceling Thu May 10 01:19:37 UTC 2018
------------------ testing $PTII/ptolemy/domains/de/test/auto/PersistentIO.xml
auto.tcl: Setting watchdog for 200 seconds at Thu May 10 01:19:37 UTC 2018
10 ms. Memory: 287232K Free: 266498K (93%)
ptolemy.util.test.WatchDog.cancel(): canceling Thu May 10 01:19:37 UTC 2018
auto.tcl: Setting watchdog for 200 seconds at Thu May 10 01:19:37 UTC 2018
4 ms. Memory: 287232K Free: 266498K (93%)
ptolemy.util.test.WatchDog.cancel(): canceling Thu May 10 01:19:37 UTC 2018
------------------ testing $PTII/ptolemy/domains/de/test/auto/PortParameterResetOnInitialize.xml
auto.tcl: Setting watchdog for 200 seconds at Thu May 10 01:19:38 UTC 2018
3 ms. Memory: 289280K Free: 274284K (95%)
ptolemy.util.test.WatchDog.cancel(): canceling Thu May 10 01:19:38 UTC 2018
auto.tcl: Setting watchdog for 200 seconds at Thu May 10 01:19:38 UTC 2018
2 ms. Memory: 289280K Free: 274284K (95%)
ptolemy.util.test.WatchDog.cancel(): canceling Thu May 10 01:19:38 UTC 2018
------------------ testing $PTII/ptolemy/domains/de/test/auto/PortParameterUpdates.xml
auto.tcl: Setting watchdog for 200 seconds at Thu May 10 01:19:38 UTC 2018
8 ms. Memory: 287232K Free: 274310K (96%)
ptolemy.util.test.WatchDog.cancel(): canceling Thu May 10 01:19:38 UTC 2018
auto.tcl: Setting watchdog for 200 seconds at Thu May 10 01:19:38 UTC 2018
4 ms. Memory: 287232K Free: 271415K (94%)
ptolemy.util.test.WatchDog.cancel(): canceling Thu May 10 01:19:38 UTC 2018
------------------ testing $PTII/ptolemy/domains/de/test/auto/QueueAndServer.xml
auto.tcl: Setting watchdog for 200 seconds at Thu May 10 01:19:38 UTC 2018
8 ms. Memory: 289280K Free: 273543K (95%)
ptolemy.util.test.WatchDog.cancel(): canceling Thu May 10 01:19:38 UTC 2018
auto.tcl: Setting watchdog for 200 seconds at Thu May 10 01:19:38 UTC 2018
7 ms. Memory: 289280K Free: 273442K (95%)
ptolemy.util.test.WatchDog.cancel(): canceling Thu May 10 01:19:38 UTC 2018
------------------ testing $PTII/ptolemy/domains/de/test/auto/Records.xml
auto.tcl: Setting watchdog for 200 seconds at Thu May 10 01:19:38 UTC 2018
5 ms. Memory: 287232K Free: 274216K (95%)
ptolemy.util.test.WatchDog.cancel(): canceling Thu May 10 01:19:38 UTC 2018
auto.tcl: Setting watchdog for 200 seconds at Thu May 10 01:19:38 UTC 2018
5 ms. Memory: 287232K Free: 274216K (95%)
ptolemy.util.test.WatchDog.cancel(): canceling Thu May 10 01:19:38 UTC 2018
------------------ testing $PTII/ptolemy/domains/de/test/auto/ResetTransitionWithStartTime1.xml
auto.tcl: Setting watchdog for 200 seconds at Thu May 10 01:19:38 UTC 2018
6 ms. Memory: 288768K Free: 272915K (95%)
ptolemy.util.test.WatchDog.cancel(): canceling Thu May 10 01:19:38 UTC 2018
auto.tcl: Setting watchdog for 200 seconds at Thu May 10 01:19:38 UTC 2018
6 ms. Memory: 288768K Free: 270019K (94%)
ptolemy.util.test.WatchDog.cancel(): canceling Thu May 10 01:19:38 UTC 2018
------------------ testing $PTII/ptolemy/domains/de/test/auto/ResetTransitionWithStartTime2.xml
auto.tcl: Setting watchdog for 200 seconds at Thu May 10 01:19:38 UTC 2018
5 ms. Memory: 287232K Free: 271471K (95%)
ptolemy.util.test.WatchDog.cancel(): canceling Thu May 10 01:19:38 UTC 2018
auto.tcl: Setting watchdog for 200 seconds at Thu May 10 01:19:38 UTC 2018
5 ms. Memory: 287232K Free: 268575K (94%)
ptolemy.util.test.WatchDog.cancel(): canceling Thu May 10 01:19:38 UTC 2018
------------------ testing $PTII/ptolemy/domains/de/test/auto/ResetTransitionWithStartTime3.xml
auto.tcl: Setting watchdog for 200 seconds at Thu May 10 01:19:38 UTC 2018
5 ms. Memory: 288768K Free: 272889K (95%)
ptolemy.util.test.WatchDog.cancel(): canceling Thu May 10 01:19:38 UTC 2018
auto.tcl: Setting watchdog for 200 seconds at Thu May 10 01:19:38 UTC 2018
6 ms. Memory: 288768K Free: 269993K (93%)
ptolemy.util.test.WatchDog.cancel(): canceling Thu May 10 01:19:38 UTC 2018
------------------ testing $PTII/ptolemy/domains/de/test/auto/ResetTransitionWithStartTime4.xml
auto.tcl: Setting watchdog for 200 seconds at Thu May 10 01:19:38 UTC 2018
4 ms. Memory: 287232K Free: 271367K (94%)
ptolemy.util.test.WatchDog.cancel(): canceling Thu May 10 01:19:38 UTC 2018
auto.tcl: Setting watchdog for 200 seconds at Thu May 10 01:19:38 UTC 2018
4 ms. Memory: 287232K Free: 271367K (94%)
ptolemy.util.test.WatchDog.cancel(): canceling Thu May 10 01:19:38 UTC 2018
------------------ testing $PTII/ptolemy/domains/de/test/auto/ResettableTimer1.xml
auto.tcl: Setting watchdog for 200 seconds at Thu May 10 01:19:38 UTC 2018
2 ms. Memory: 288768K Free: 275762K (95%)
ptolemy.util.test.WatchDog.cancel(): canceling Thu May 10 01:19:38 UTC 2018
auto.tcl: Setting watchdog for 200 seconds at Thu May 10 01:19:38 UTC 2018
2 ms. Memory: 288768K Free: 275762K (95%)
ptolemy.util.test.WatchDog.cancel(): canceling Thu May 10 01:19:38 UTC 2018
------------------ testing $PTII/ptolemy/domains/de/test/auto/ResettableTimer2.xml
auto.tcl: Setting watchdog for 200 seconds at Thu May 10 01:19:38 UTC 2018
2 ms. Memory: 287232K Free: 274385K (96%)
ptolemy.util.test.WatchDog.cancel(): canceling Thu May 10 01:19:38 UTC 2018
auto.tcl: Setting watchdog for 200 seconds at Thu May 10 01:19:38 UTC 2018
2 ms. Memory: 287232K Free: 274385K (96%)
ptolemy.util.test.WatchDog.cancel(): canceling Thu May 10 01:19:38 UTC 2018
------------------ testing $PTII/ptolemy/domains/de/test/auto/ResettableTimer3.xml
auto.tcl: Setting watchdog for 200 seconds at Thu May 10 01:19:38 UTC 2018
1 ms. Memory: 288256K Free: 275308K (96%)
ptolemy.util.test.WatchDog.cancel(): canceling Thu May 10 01:19:38 UTC 2018
auto.tcl: Setting watchdog for 200 seconds at Thu May 10 01:19:38 UTC 2018
1 ms. Memory: 288256K Free: 275308K (96%)
ptolemy.util.test.WatchDog.cancel(): canceling Thu May 10 01:19:38 UTC 2018
------------------ testing $PTII/ptolemy/domains/de/test/auto/ResettableTimer4.xml
auto.tcl: Setting watchdog for 200 seconds at Thu May 10 01:19:38 UTC 2018
1 ms. Memory: 287232K Free: 274397K (96%)
ptolemy.util.test.WatchDog.cancel(): canceling Thu May 10 01:19:38 UTC 2018
auto.tcl: Setting watchdog for 200 seconds at Thu May 10 01:19:38 UTC 2018
1 ms. Memory: 287232K Free: 274397K (96%)
ptolemy.util.test.WatchDog.cancel(): canceling Thu May 10 01:19:38 UTC 2018
------------------ testing $PTII/ptolemy/domains/de/test/auto/ResettableTimer5.xml
auto.tcl: Setting watchdog for 200 seconds at Thu May 10 01:19:38 UTC 2018
2 ms. Memory: 288256K Free: 273369K (95%)
ptolemy.util.test.WatchDog.cancel(): canceling Thu May 10 01:19:38 UTC 2018
auto.tcl: Setting watchdog for 200 seconds at Thu May 10 01:19:38 UTC 2018
1 ms. Memory: 288256K Free: 273369K (95%)
ptolemy.util.test.WatchDog.cancel(): canceling Thu May 10 01:19:38 UTC 2018
------------------ testing $PTII/ptolemy/domains/de/test/auto/ResettableTimer6.xml
auto.tcl: Setting watchdog for 200 seconds at Thu May 10 01:19:38 UTC 2018
1 ms. Memory: 287232K Free: 272202K (95%)
ptolemy.util.test.WatchDog.cancel(): canceling Thu May 10 01:19:38 UTC 2018
auto.tcl: Setting watchdog for 200 seconds at Thu May 10 01:19:38 UTC 2018
2 ms. Memory: 287232K Free: 272202K (95%)
ptolemy.util.test.WatchDog.cancel(): canceling Thu May 10 01:19:38 UTC 2018
------------------ testing $PTII/ptolemy/domains/de/test/auto/ServerZeroDelay.xml
auto.tcl: Setting watchdog for 200 seconds at Thu May 10 01:19:38 UTC 2018
3 ms. Memory: 288256K Free: 275368K (96%)
ptolemy.util.test.WatchDog.cancel(): canceling Thu May 10 01:19:39 UTC 2018
auto.tcl: Setting watchdog for 200 seconds at Thu May 10 01:19:39 UTC 2018
2 ms. Memory: 288256K Free: 275368K (96%)
ptolemy.util.test.WatchDog.cancel(): canceling Thu May 10 01:19:39 UTC 2018
------------------ testing $PTII/ptolemy/domains/de/test/auto/SmartSender.xml
auto.tcl: Setting watchdog for 200 seconds at Thu May 10 01:19:39 UTC 2018
3001 ms. Memory: 287232K Free: 272288K (95%)
ptolemy.util.test.WatchDog.cancel(): canceling Thu May 10 01:19:42 UTC 2018
auto.tcl: Setting watchdog for 200 seconds at Thu May 10 01:19:42 UTC 2018
3002 ms. Memory: 287232K Free: 272288K (95%)
ptolemy.util.test.WatchDog.cancel(): canceling Thu May 10 01:19:45 UTC 2018
------------------ testing $PTII/ptolemy/domains/de/test/auto/ThreadedComposite.xml
auto.tcl: Setting watchdog for 200 seconds at Thu May 10 01:19:45 UTC 2018
230 ms. Memory: 288256K Free: 252205K (87%)
ptolemy.util.test.WatchDog.cancel(): canceling Thu May 10 01:19:45 UTC 2018
auto.tcl: Setting watchdog for 200 seconds at Thu May 10 01:19:45 UTC 2018
164 ms. Memory: 288256K Free: 234096K (81%)
ptolemy.util.test.WatchDog.cancel(): canceling Thu May 10 01:19:45 UTC 2018
------------------ testing $PTII/ptolemy/domains/de/test/auto/Time.xml
auto.tcl: Setting watchdog for 200 seconds at Thu May 10 01:19:45 UTC 2018
494 ms. Memory: 287232K Free: 212208K (74%)
ptolemy.util.test.WatchDog.cancel(): canceling Thu May 10 01:19:46 UTC 2018
auto.tcl: Setting watchdog for 200 seconds at Thu May 10 01:19:46 UTC 2018
446 ms. Memory: 287232K Free: 154614K (54%)
ptolemy.util.test.WatchDog.cancel(): canceling Thu May 10 01:19:46 UTC 2018
------------------ testing $PTII/ptolemy/domains/de/test/auto/TimeDelayZeroDelay.xml
auto.tcl: Setting watchdog for 200 seconds at Thu May 10 01:19:46 UTC 2018
2 ms. Memory: 287744K Free: 275362K (96%)
ptolemy.util.test.WatchDog.cancel(): canceling Thu May 10 01:19:46 UTC 2018
auto.tcl: Setting watchdog for 200 seconds at Thu May 10 01:19:46 UTC 2018
2 ms. Memory: 287744K Free: 275362K (96%)
ptolemy.util.test.WatchDog.cancel(): canceling Thu May 10 01:19:46 UTC 2018
------------------ testing $PTII/ptolemy/domains/de/test/auto/TimerZeroDelay.xml
auto.tcl: Setting watchdog for 200 seconds at Thu May 10 01:19:46 UTC 2018
3 ms. Memory: 287232K Free: 274959K (96%)
ptolemy.util.test.WatchDog.cancel(): canceling Thu May 10 01:19:46 UTC 2018
auto.tcl: Setting watchdog for 200 seconds at Thu May 10 01:19:46 UTC 2018
2 ms. Memory: 287232K Free: 274959K (96%)
ptolemy.util.test.WatchDog.cancel(): canceling Thu May 10 01:19:46 UTC 2018
------------------ testing $PTII/ptolemy/domains/de/test/auto/TimingParadox.xml
auto.tcl: Setting watchdog for 200 seconds at Thu May 10 01:19:46 UTC 2018
326 ms. Memory: 287744K Free: 207567K (72%)
ptolemy.util.test.WatchDog.cancel(): canceling Thu May 10 01:19:47 UTC 2018
auto.tcl: Setting watchdog for 200 seconds at Thu May 10 01:19:47 UTC 2018
324 ms. Memory: 287744K Free: 169220K (59%)
ptolemy.util.test.WatchDog.cancel(): canceling Thu May 10 01:19:47 UTC 2018
------------------ testing $PTII/ptolemy/domains/de/test/auto/TransferInputs.xml
auto.tcl: Setting watchdog for 200 seconds at Thu May 10 01:19:47 UTC 2018
9 ms. Memory: 287744K Free: 274326K (95%)
ptolemy.util.test.WatchDog.cancel(): canceling Thu May 10 01:19:47 UTC 2018
auto.tcl: Setting watchdog for 200 seconds at Thu May 10 01:19:47 UTC 2018
1 ms. Memory: 287744K Free: 274326K (95%)
ptolemy.util.test.WatchDog.cancel(): canceling Thu May 10 01:19:47 UTC 2018
------------------ testing $PTII/ptolemy/domains/de/test/auto/TransferOutputs2.xml
auto.tcl: Setting watchdog for 200 seconds at Thu May 10 01:19:47 UTC 2018
3 ms. Memory: 287232K Free: 272344K (95%)
ptolemy.util.test.WatchDog.cancel(): canceling Thu May 10 01:19:47 UTC 2018
auto.tcl: Setting watchdog for 200 seconds at Thu May 10 01:19:47 UTC 2018
3 ms. Memory: 287232K Free: 269756K (94%)
ptolemy.util.test.WatchDog.cancel(): canceling Thu May 10 01:19:47 UTC 2018
------------------ testing $PTII/ptolemy/domains/de/test/auto/Trilateration.xml
auto.tcl: Setting watchdog for 200 seconds at Thu May 10 01:19:47 UTC 2018
13474 ms. Memory: 473088K Free: 215476K (46%)
ptolemy.util.test.WatchDog.cancel(): canceling Thu May 10 01:20:02 UTC 2018
auto.tcl: Setting watchdog for 200 seconds at Thu May 10 01:20:02 UTC 2018
10905 ms. Memory: 352256K Free: 134465K (38%)
ptolemy.util.test.WatchDog.cancel(): canceling Thu May 10 01:20:13 UTC 2018
------------------ testing $PTII/ptolemy/domains/de/test/auto/TwoSigmaDelta.xml
auto.tcl: Setting watchdog for 200 seconds at Thu May 10 01:20:13 UTC 2018
2726 ms. Memory: 339968K Free: 297599K (88%)
ptolemy.util.test.WatchDog.cancel(): canceling Thu May 10 01:20:16 UTC 2018
auto.tcl: Setting watchdog for 200 seconds at Thu May 10 01:20:16 UTC 2018
1981 ms. Memory: 326144K Free: 301098K (92%)
ptolemy.util.test.WatchDog.cancel(): canceling Thu May 10 01:20:18 UTC 2018
------------------ testing $PTII/ptolemy/domains/de/test/auto/VariableDelay.xml
auto.tcl: Setting watchdog for 200 seconds at Thu May 10 01:20:18 UTC 2018
3 ms. Memory: 328192K Free: 313999K (96%)
ptolemy.util.test.WatchDog.cancel(): canceling Thu May 10 01:20:18 UTC 2018
auto.tcl: Setting watchdog for 200 seconds at Thu May 10 01:20:18 UTC 2018
2 ms. Memory: 328192K Free: 310324K (95%)
ptolemy.util.test.WatchDog.cancel(): canceling Thu May 10 01:20:18 UTC 2018
------------------ testing $PTII/ptolemy/domains/de/test/auto/VariableDelay2.xml
auto.tcl: Setting watchdog for 200 seconds at Thu May 10 01:20:18 UTC 2018
7 ms. Memory: 326144K Free: 314808K (97%)
ptolemy.util.test.WatchDog.cancel(): canceling Thu May 10 01:20:18 UTC 2018
auto.tcl: Setting watchdog for 200 seconds at Thu May 10 01:20:18 UTC 2018
2 ms. Memory: 326144K Free: 311149K (95%)
ptolemy.util.test.WatchDog.cancel(): canceling Thu May 10 01:20:18 UTC 2018
------------------ testing $PTII/ptolemy/domains/de/test/auto/VariableDelayZeroDelay.xml
auto.tcl: Setting watchdog for 200 seconds at Thu May 10 01:20:18 UTC 2018
2 ms. Memory: 328192K Free: 314407K (96%)
ptolemy.util.test.WatchDog.cancel(): canceling Thu May 10 01:20:18 UTC 2018
auto.tcl: Setting watchdog for 200 seconds at Thu May 10 01:20:18 UTC 2018
2 ms. Memory: 328192K Free: 310749K (95%)
ptolemy.util.test.WatchDog.cancel(): canceling Thu May 10 01:20:18 UTC 2018
------------------ testing $PTII/ptolemy/domains/de/test/auto/VariableDelayZeroDelay2.xml
auto.tcl: Setting watchdog for 200 seconds at Thu May 10 01:20:18 UTC 2018
2 ms. Memory: 326144K Free: 312358K (96%)
ptolemy.util.test.WatchDog.cancel(): canceling Thu May 10 01:20:18 UTC 2018
auto.tcl: Setting watchdog for 200 seconds at Thu May 10 01:20:18 UTC 2018
2 ms. Memory: 326144K Free: 308684K (95%)
ptolemy.util.test.WatchDog.cancel(): canceling Thu May 10 01:20:18 UTC 2018
------------------ testing $PTII/ptolemy/domains/de/test/auto/deInCt.xml
auto.tcl: Setting watchdog for 200 seconds at Thu May 10 01:20:18 UTC 2018
0
1
1
1
0
0
0
0
0
0
1
1
1
1
0
0
0
1
1
1
0
0
0
1
1
1
0
0
0
1
1
1
0
0
0
0
1
1
1
0
0
0
1
1
1
1
16 ms. Memory: 327680K Free: 310229K (95%)
ptolemy.util.test.WatchDog.cancel(): canceling Thu May 10 01:20:18 UTC 2018
auto.tcl: Setting watchdog for 200 seconds at Thu May 10 01:20:18 UTC 2018
0
1
1
1
1
0
0
0
1
1
0
0
1
1
1
1
1
1
1
0
0
1
1
1
1
0
0
0
1
1
1
0
0
0
0
5 ms. Memory: 327680K Free: 310229K (95%)
ptolemy.util.test.WatchDog.cancel(): canceling Thu May 10 01:20:18 UTC 2018
------------------ testing $PTII/ptolemy/domains/de/test/auto/deInCt2.xml
auto.tcl: Setting watchdog for 200 seconds at Thu May 10 01:20:18 UTC 2018
0
1
1
1
0
0
1
1
1
0
0
1
1
1
0
0
1
1
1
0
0
1
1
1
0
0
1
1
1
0
0
1
1
1
0
0
1
1
1
0
0
0
18 ms. Memory: 326144K Free: 308697K (95%)
ptolemy.util.test.WatchDog.cancel(): canceling Thu May 10 01:20:18 UTC 2018
auto.tcl: Setting watchdog for 200 seconds at Thu May 10 01:20:18 UTC 2018
0
1
1
1
0
0
1
1
1
0
0
1
1
1
0
0
1
1
1
0
0
1
1
1
0
0
1
1
1
0
0
1
1
1
0
0
1
1
1
0
0
0
8 ms. Memory: 326144K Free: 308697K (95%)
ptolemy.util.test.WatchDog.cancel(): canceling Thu May 10 01:20:18 UTC 2018
------------------ testing $PTII/ptolemy/domains/de/test/auto/dynamicCausalityInterface1.xml
auto.tcl: Setting watchdog for 200 seconds at Thu May 10 01:20:18 UTC 2018
1 ms. Memory: 327680K Free: 306554K (94%)
ptolemy.util.test.WatchDog.cancel(): canceling Thu May 10 01:20:18 UTC 2018
auto.tcl: Setting watchdog for 200 seconds at Thu May 10 01:20:18 UTC 2018
0 ms. Memory: 327680K Free: 306554K (94%)
ptolemy.util.test.WatchDog.cancel(): canceling Thu May 10 01:20:18 UTC 2018
------------------ testing $PTII/ptolemy/domains/de/test/auto/fsm_de_test.xml
auto.tcl: Setting watchdog for 200 seconds at Thu May 10 01:20:18 UTC 2018
7 ms. Memory: 326144K Free: 304905K (93%)
ptolemy.util.test.WatchDog.cancel(): canceling Thu May 10 01:20:18 UTC 2018
auto.tcl: Setting watchdog for 200 seconds at Thu May 10 01:20:18 UTC 2018
5 ms. Memory: 326144K Free: 304905K (93%)
ptolemy.util.test.WatchDog.cancel(): canceling Thu May 10 01:20:18 UTC 2018
------------------ testing $PTII/ptolemy/domains/de/test/auto/functionDependencyReconstruction.xml
auto.tcl: Setting watchdog for 200 seconds at Thu May 10 01:20:18 UTC 2018
4 ms. Memory: 327168K Free: 298619K (91%)
ptolemy.util.test.WatchDog.cancel(): canceling Thu May 10 01:20:18 UTC 2018
auto.tcl: Setting watchdog for 200 seconds at Thu May 10 01:20:18 UTC 2018
2 ms. Memory: 327168K Free: 298619K (91%)
ptolemy.util.test.WatchDog.cancel(): canceling Thu May 10 01:20:18 UTC 2018
------------------ testing $PTII/ptolemy/domains/de/test/auto/multirate.xml
auto.tcl: Setting watchdog for 200 seconds at Thu May 10 01:20:19 UTC 2018
6 ms. Memory: 326144K Free: 308436K (95%)
ptolemy.util.test.WatchDog.cancel(): canceling Thu May 10 01:20:19 UTC 2018
auto.tcl: Setting watchdog for 200 seconds at Thu May 10 01:20:19 UTC 2018
3 ms. Memory: 326144K Free: 308436K (95%)
ptolemy.util.test.WatchDog.cancel(): canceling Thu May 10 01:20:19 UTC 2018
------------------ testing $PTII/ptolemy/domains/de/test/auto/multirate2.xml
auto.tcl: Setting watchdog for 200 seconds at Thu May 10 01:20:19 UTC 2018
4 ms. Memory: 327168K Free: 309650K (95%)
ptolemy.util.test.WatchDog.cancel(): canceling Thu May 10 01:20:19 UTC 2018
auto.tcl: Setting watchdog for 200 seconds at Thu May 10 01:20:19 UTC 2018
3 ms. Memory: 327168K Free: 309650K (95%)
ptolemy.util.test.WatchDog.cancel(): canceling Thu May 10 01:20:19 UTC 2018
------------------ testing $PTII/ptolemy/domains/de/test/auto/realtime.xml
auto.tcl: Setting watchdog for 200 seconds at Thu May 10 01:20:19 UTC 2018
10001 ms. Memory: 326144K Free: 308620K (95%)
ptolemy.util.test.WatchDog.cancel(): canceling Thu May 10 01:20:29 UTC 2018
auto.tcl: Setting watchdog for 200 seconds at Thu May 10 01:20:29 UTC 2018
10002 ms. Memory: 326144K Free: 308620K (95%)
ptolemy.util.test.WatchDog.cancel(): canceling Thu May 10 01:20:39 UTC 2018
------------------ testing $PTII/ptolemy/domains/de/test/auto/relationGroup.xml
auto.tcl: Setting watchdog for 200 seconds at Thu May 10 01:20:39 UTC 2018
8 ms. Memory: 327168K Free: 313349K (96%)
ptolemy.util.test.WatchDog.cancel(): canceling Thu May 10 01:20:39 UTC 2018
auto.tcl: Setting watchdog for 200 seconds at Thu May 10 01:20:39 UTC 2018
1 ms. Memory: 327168K Free: 313349K (96%)
ptolemy.util.test.WatchDog.cancel(): canceling Thu May 10 01:20:39 UTC 2018
------------------ testing $PTII/ptolemy/domains/de/test/auto/relationGroup2.xml
auto.tcl: Setting watchdog for 200 seconds at Thu May 10 01:20:39 UTC 2018
1 ms. Memory: 326144K Free: 312351K (96%)
ptolemy.util.test.WatchDog.cancel(): canceling Thu May 10 01:20:39 UTC 2018
auto.tcl: Setting watchdog for 200 seconds at Thu May 10 01:20:39 UTC 2018
1 ms. Memory: 326144K Free: 312351K (96%)
ptolemy.util.test.WatchDog.cancel(): canceling Thu May 10 01:20:39 UTC 2018
------------------ testing $PTII/ptolemy/domains/de/test/auto/sortWithOpaquePorts.xml
auto.tcl: Setting watchdog for 200 seconds at Thu May 10 01:20:39 UTC 2018
1 ms. Memory: 326656K Free: 312864K (96%)
ptolemy.util.test.WatchDog.cancel(): canceling Thu May 10 01:20:39 UTC 2018
auto.tcl: Setting watchdog for 200 seconds at Thu May 10 01:20:39 UTC 2018
2 ms. Memory: 326656K Free: 309189K (95%)
ptolemy.util.test.WatchDog.cancel(): canceling Thu May 10 01:20:39 UTC 2018
------------------ testing $PTII/ptolemy/domains/de/test/auto/transferInputsandOutputs.xml
auto.tcl: Setting watchdog for 200 seconds at Thu May 10 01:20:39 UTC 2018
2 ms. Memory: 326144K Free: 308680K (95%)
ptolemy.util.test.WatchDog.cancel(): canceling Thu May 10 01:20:39 UTC 2018
auto.tcl: Setting watchdog for 200 seconds at Thu May 10 01:20:39 UTC 2018
1 ms. Memory: 326144K Free: 308680K (95%)
ptolemy.util.test.WatchDog.cancel(): canceling Thu May 10 01:20:39 UTC 2018
------------------ testing $PTII/ptolemy/domains/de/test/auto/triggerType.xml
auto.tcl: Setting watchdog for 200 seconds at Thu May 10 01:20:39 UTC 2018
2 ms. Memory: 326656K Free: 312802K (96%)
ptolemy.util.test.WatchDog.cancel(): canceling Thu May 10 01:20:39 UTC 2018
auto.tcl: Setting watchdog for 200 seconds at Thu May 10 01:20:39 UTC 2018
1 ms. Memory: 326656K Free: 309127K (95%)
ptolemy.util.test.WatchDog.cancel(): canceling Thu May 10 01:20:39 UTC 2018
05/10/18 01:20:39
Failed: 0  Total Tests: 192  ((Passed: 187, Newly Passed: 1)  Known Failed: 5) /home/travis/build/icyphy/ptII/ptolemy/domains/de/test
05/10/18 01:20:39
Failed: 0  Total Tests: 192  ((Passed: 187, Newly Passed: 1)  Known Failed: 5) /home/travis/build/icyphy/ptII/ptolemy/domains/de/test
----------------- testing (KnownFailure) /home/travis/build/icyphy/ptII/ptolemy/domains/de/test/auto/knownFailedTests/DESDFClockTest.xml
2009 ms. Memory: 326144K Free: 302542K (93%)
Known Failure: java.lang.reflect.InvocationTargetException
----------------- testing (KnownFailure) /home/travis/build/icyphy/ptII/ptolemy/domains/de/test/auto/knownFailedTests/DirectFeedback.xml
2 ms. Memory: 326144K Free: 282963K (87%)
Known Failure: java.lang.reflect.InvocationTargetException
----------------- testing (KnownFailure) /home/travis/build/icyphy/ptII/ptolemy/domains/de/test/auto/knownFailedTests/FSMSource.xml
4 ms. Memory: 326144K Free: 258481K (79%)
----------------- testing (KnownFailure) /home/travis/build/icyphy/ptII/ptolemy/domains/de/test/auto/knownFailedTests/HierarchicalModel.xml
2 ms. Memory: 326144K Free: 233991K (72%)
Known Failure: java.lang.reflect.InvocationTargetException
----------------- testing (KnownFailure) /home/travis/build/icyphy/ptII/ptolemy/domains/de/test/auto/knownFailedTests/dependencyLoop.xml
2 ms. Memory: 326144K Free: 204622K (63%)
Known Failure: java.lang.reflect.InvocationTargetException
----------------- testing (KnownFailure) /home/travis/build/icyphy/ptII/ptolemy/domains/de/test/auto/knownFailedTests/dependencyLoop2.xml
3 ms. Memory: 326144K Free: 175237K (54%)
Known Failure: java.lang.reflect.InvocationTargetException
No auto/*.xml tests in /home/travis/build/icyphy/ptII/ptolemy/domains/de/test
AutoTests.java: About to close Vertx.
AutoTests.java: Vertx closed.
----------------- testing Thu May 10 01:20:41 UTC 2018 /home/travis/build/icyphy/ptII/ptolemy/domains/de/test/auto/ActorDepthCalculation_actorWithoutPorts.xml
----------------- Instantiating /home/travis/build/icyphy/ptII/ptolemy/domains/de/test/auto/ActorDepthCalculation_actorWithoutPorts.xml
1 ms. Memory: 326144K Free: 145869K (45%)
----------------- Invoking toplevel() on ptolemy.moml.MoMLSimpleApplication@3e779290
----------------- Done invoking toplevel() on ptolemy.moml.MoMLSimpleApplication@3e779290
reloadAllAccessors: .ActorDepthCalculation_actorWithoutPorts
----------------- testing Thu May 10 01:20:41 UTC 2018 /home/travis/build/icyphy/ptII/ptolemy/domains/de/test/auto/AssemblyLine.xml
----------------- Instantiating /home/travis/build/icyphy/ptII/ptolemy/domains/de/test/auto/AssemblyLine.xml
1 ms. Memory: 326144K Free: 131168K (40%)
----------------- Invoking toplevel() on ptolemy.moml.MoMLSimpleApplication@7a7b324c
----------------- Done invoking toplevel() on ptolemy.moml.MoMLSimpleApplication@7a7b324c
reloadAllAccessors: .AssemblyLine
----------------- testing Thu May 10 01:20:41 UTC 2018 /home/travis/build/icyphy/ptII/ptolemy/domains/de/test/auto/CQBug1.xml
----------------- Instantiating /home/travis/build/icyphy/ptII/ptolemy/domains/de/test/auto/CQBug1.xml
0 ms. Memory: 326144K Free: 121379K (37%)
----------------- Invoking toplevel() on ptolemy.moml.MoMLSimpleApplication@2bb1b31e
----------------- Done invoking toplevel() on ptolemy.moml.MoMLSimpleApplication@2bb1b31e
reloadAllAccessors: .CQBug1
----------------- testing Thu May 10 01:20:41 UTC 2018 /home/travis/build/icyphy/ptII/ptolemy/domains/de/test/auto/CancelFireAt.xml
----------------- Instantiating /home/travis/build/icyphy/ptII/ptolemy/domains/de/test/auto/CancelFireAt.xml
1 ms. Memory: 326144K Free: 111589K (34%)
----------------- Invoking toplevel() on ptolemy.moml.MoMLSimpleApplication@5bf2f12
----------------- Done invoking toplevel() on ptolemy.moml.MoMLSimpleApplication@5bf2f12
reloadAllAccessors: .CancelFireAt
----------------- testing Thu May 10 01:20:41 UTC 2018 /home/travis/build/icyphy/ptII/ptolemy/domains/de/test/auto/CausalityAndComposabilityAnalysis.xml
----------------- Instantiating /home/travis/build/icyphy/ptII/ptolemy/domains/de/test/auto/CausalityAndComposabilityAnalysis.xml
1 ms. Memory: 326144K Free: 101800K (31%)
----------------- Invoking toplevel() on ptolemy.moml.MoMLSimpleApplication@26cd2b1d
----------------- Done invoking toplevel() on ptolemy.moml.MoMLSimpleApplication@26cd2b1d
reloadAllAccessors: .CausalityAndComposabilityAnalysis
----------------- testing Thu May 10 01:20:41 UTC 2018 /home/travis/build/icyphy/ptII/ptolemy/domains/de/test/auto/CausalityInterface1.xml
----------------- Instantiating /home/travis/build/icyphy/ptII/ptolemy/domains/de/test/auto/CausalityInterface1.xml
3 ms. Memory: 326144K Free: 92010K (28%)
----------------- Invoking toplevel() on ptolemy.moml.MoMLSimpleApplication@fe81193
----------------- Done invoking toplevel() on ptolemy.moml.MoMLSimpleApplication@fe81193
reloadAllAccessors: .CausalityInterface1
----------------- testing Thu May 10 01:20:41 UTC 2018 /home/travis/build/icyphy/ptII/ptolemy/domains/de/test/auto/CausalityInterface15.xml
----------------- Instantiating /home/travis/build/icyphy/ptII/ptolemy/domains/de/test/auto/CausalityInterface15.xml
1 ms. Memory: 326144K Free: 76160K (23%)
----------------- Invoking toplevel() on ptolemy.moml.MoMLSimpleApplication@4a0664a5
----------------- Done invoking toplevel() on ptolemy.moml.MoMLSimpleApplication@4a0664a5
reloadAllAccessors: .CausalityInterface15
----------------- testing Thu May 10 01:20:41 UTC 2018 /home/travis/build/icyphy/ptII/ptolemy/domains/de/test/auto/CausalityInterface2.xml
----------------- Instantiating /home/travis/build/icyphy/ptII/ptolemy/domains/de/test/auto/CausalityInterface2.xml
1 ms. Memory: 315904K Free: 301032K (95%)
----------------- Invoking toplevel() on ptolemy.moml.MoMLSimpleApplication@5464d3e1
----------------- Done invoking toplevel() on ptolemy.moml.MoMLSimpleApplication@5464d3e1
reloadAllAccessors: .CausalityInterface2
----------------- testing Thu May 10 01:20:41 UTC 2018 /home/travis/build/icyphy/ptII/ptolemy/domains/de/test/auto/CausalityInterface3.xml
[...]
java.lang.RuntimeException: Execution failed
	at ptolemy.moml.MoMLSimpleApplication$UnloadThread.run(MoMLSimpleApplication.java:402)
Caused by: ptolemy.kernel.util.IllegalActionException: Test fails in iteration 1.
Value was: 1.0. Should have been: 2.0
  in .DirectFeedback.Test
	at ptolemy.actor.lib.Test.fire(Test.java:268)
	at ptolemy.domains.de.kernel.DEDirector._fire(DEDirector.java:1948)
	at ptolemy.domains.de.kernel.DEDirector.fire(DEDirector.java:502)
	at ptolemy.actor.CompositeActor.fire(CompositeActor.java:455)
	at ptolemy.actor.Manager.iterate(Manager.java:851)
	at ptolemy.actor.Manager.execute(Manager.java:369)
	at ptolemy.actor.Manager.run(Manager.java:1263)
	at ptolemy.actor.Manager$PtolemyRunThread.run(Manager.java:1915)
java.lang.RuntimeException: Execution failed
	at ptolemy.moml.MoMLSimpleApplication$UnloadThread.run(MoMLSimpleApplication.java:402)
Caused by: ptolemy.kernel.util.IllegalActionException: Actor is not ready to fire.  Perhaps UpSample.prefire() returned false? Try debugging the actor by selecting "Listen to Actor".  Also, for SDF check moml for tokenConsumptionRate on input.
  in .DESDFClockTest.Play Bell.Copy1:SDF Director and .DESDFClockTest.Play Bell.UpSample
	at ptolemy.actor.sched.StaticSchedulingDirector.fire(StaticSchedulingDirector.java:227)
	at ptolemy.domains.sdf.kernel.SDFDirector.fire(SDFDirector.java:500)
	at ptolemy.actor.CompositeActor.fire(CompositeActor.java:455)
	at ptolemy.domains.de.kernel.DEDirector._fire(DEDirector.java:1948)
	at ptolemy.domains.de.kernel.DEDirector.fire(DEDirector.java:502)
	at ptolemy.actor.CompositeActor.fire(CompositeActor.java:455)
	at ptolemy.actor.Manager.iterate(Manager.java:851)
	at ptolemy.actor.Manager.execute(Manager.java:369)
	at ptolemy.actor.Manager.run(Manager.java:1263)
	at ptolemy.actor.Manager$PtolemyRunThread.run(Manager.java:1915)
java.lang.reflect.InvocationTargetException
	at sun.reflect.NativeConstructorAccessorImpl.newInstance0(Native Method)
	at sun.reflect.NativeConstructorAccessorImpl.newInstance(NativeConstructorAccessorImpl.java:62)
	at sun.reflect.DelegatingConstructorAccessorImpl.newInstance(DelegatingConstructorAccessorImpl.java:45)
	at java.lang.reflect.Constructor.newInstance(Constructor.java:423)
	at ptolemy.util.test.junit.AutoKnownFailedTests.RunModel(AutoKnownFailedTests.java:107)
	at sun.reflect.NativeMethodAccessorImpl.invoke0(Native Method)
	at sun.reflect.NativeMethodAccessorImpl.invoke(NativeMethodAccessorImpl.java:62)
	at sun.reflect.DelegatingMethodAccessorImpl.invoke(DelegatingMethodAccessorImpl.java:43)
	at java.lang.reflect.Method.invoke(Method.java:498)
	at org.junit.runners.model.FrameworkMethod$1.runReflectiveCall(FrameworkMethod.java:44)
	at org.junit.internal.runners.model.ReflectiveCallable.run(ReflectiveCallable.java:15)
	at org.junit.runners.model.FrameworkMethod.invokeExplosively(FrameworkMethod.java:41)
	at junitparams.internal.InvokeParameterisedMethod.evaluate(InvokeParameterisedMethod.java:102)
	at org.junit.internal.runners.statements.FailOnTimeout$1.run(FailOnTimeout.java:28)
Caused by: ptolemy.kernel.util.IllegalActionException: Actor is not ready to fire.  Perhaps UpSample.prefire() returned false? Try debugging the actor by selecting "Listen to Actor".  Also, for SDF check moml for tokenConsumptionRate on input.
  in .DESDFClockTest.Play Bell.Copy1:SDF Director and .DESDFClockTest.Play Bell.UpSample
	at ptolemy.actor.sched.StaticSchedulingDirector.fire(StaticSchedulingDirector.java:227)
	at ptolemy.domains.sdf.kernel.SDFDirector.fire(SDFDirector.java:500)
	at ptolemy.actor.CompositeActor.fire(CompositeActor.java:455)
	at ptolemy.domains.de.kernel.DEDirector._fire(DEDirector.java:1948)
	at ptolemy.domains.de.kernel.DEDirector.fire(DEDirector.java:502)
	at ptolemy.actor.CompositeActor.fire(CompositeActor.java:455)
	at ptolemy.actor.Manager.iterate(Manager.java:851)
	at ptolemy.actor.Manager.execute(Manager.java:369)
	at ptolemy.actor.Manager.run(Manager.java:1263)
	at ptolemy.actor.Manager$PtolemyRunThread.run(Manager.java:1915)
java.lang.RuntimeException: Execution failed
	at ptolemy.moml.MoMLSimpleApplication$UnloadThread.run(MoMLSimpleApplication.java:402)
Caused by: ptolemy.kernel.util.IllegalActionException: Test fails in iteration 1.
Value was: 1.0. Should have been: 2.0
  in .DirectFeedback.Test
	at ptolemy.actor.lib.Test.fire(Test.java:268)
	at ptolemy.domains.de.kernel.DEDirector._fire(DEDirector.java:1948)
	at ptolemy.domains.de.kernel.DEDirector.fire(DEDirector.java:502)
	at ptolemy.actor.CompositeActor.fire(CompositeActor.java:455)
	at ptolemy.actor.Manager.iterate(Manager.java:851)
	at ptolemy.actor.Manager.execute(Manager.java:369)
	at ptolemy.actor.Manager.run(Manager.java:1263)
	at ptolemy.actor.Manager$PtolemyRunThread.run(Manager.java:1915)
java.lang.reflect.InvocationTargetException
	at sun.reflect.NativeConstructorAccessorImpl.newInstance0(Native Method)
	at sun.reflect.NativeConstructorAccessorImpl.newInstance(NativeConstructorAccessorImpl.java:62)
	at sun.reflect.DelegatingConstructorAccessorImpl.newInstance(DelegatingConstructorAccessorImpl.java:45)
	at java.lang.reflect.Constructor.newInstance(Constructor.java:423)
	at ptolemy.util.test.junit.AutoKnownFailedTests.RunModel(AutoKnownFailedTests.java:107)
	at sun.reflect.NativeMethodAccessorImpl.invoke0(Native Method)
	at sun.reflect.NativeMethodAccessorImpl.invoke(NativeMethodAccessorImpl.java:62)
	at sun.reflect.DelegatingMethodAccessorImpl.invoke(DelegatingMethodAccessorImpl.java:43)
	at java.lang.reflect.Method.invoke(Method.java:498)
	at org.junit.runners.model.FrameworkMethod$1.runReflectiveCall(FrameworkMethod.java:44)
	at org.junit.internal.runners.model.ReflectiveCallable.run(ReflectiveCallable.java:15)
	at org.junit.runners.model.FrameworkMethod.invokeExplosively(FrameworkMethod.java:41)
	at junitparams.internal.InvokeParameterisedMethod.evaluate(InvokeParameterisedMethod.java:102)
	at org.junit.internal.runners.statements.FailOnTimeout$1.run(FailOnTimeout.java:28)
Caused by: ptolemy.kernel.util.IllegalActionException: Test fails in iteration 1.
Value was: 1.0. Should have been: 2.0
  in .DirectFeedback.Test
	at ptolemy.actor.lib.Test.fire(Test.java:268)
	at ptolemy.domains.de.kernel.DEDirector._fire(DEDirector.java:1948)
	at ptolemy.domains.de.kernel.DEDirector.fire(DEDirector.java:502)
	at ptolemy.actor.CompositeActor.fire(CompositeActor.java:455)
	at ptolemy.actor.Manager.iterate(Manager.java:851)
	at ptolemy.actor.Manager.execute(Manager.java:369)
	at ptolemy.actor.Manager.run(Manager.java:1263)
	at ptolemy.actor.Manager$PtolemyRunThread.run(Manager.java:1915)
java.lang.RuntimeException: Execution failed
	at ptolemy.moml.MoMLSimpleApplication$UnloadThread.run(MoMLSimpleApplication.java:402)
Caused by: ptolemy.kernel.util.IllegalActionException: Found a zero delay loop containing .HierarchicalModel.A
  in .HierarchicalModel and .HierarchicalModel.A
	at ptolemy.actor.util.CausalityInterfaceForComposites._computeOutputPortDepth(CausalityInterfaceForComposites.java:759)
	at ptolemy.actor.util.CausalityInterfaceForComposites._computeInputDepth(CausalityInterfaceForComposites.java:696)
	at ptolemy.actor.util.CausalityInterfaceForComposites._computeOutputPortDepth(CausalityInterfaceForComposites.java:765)
	at ptolemy.actor.util.CausalityInterfaceForComposites._computeInputDepth(CausalityInterfaceForComposites.java:696)
	at ptolemy.actor.util.CausalityInterfaceForComposites._computeOutputPortDepth(CausalityInterfaceForComposites.java:765)
	at ptolemy.actor.util.CausalityInterfaceForComposites._computeInputDepth(CausalityInterfaceForComposites.java:696)
	at ptolemy.actor.util.CausalityInterfaceForComposites._computeActorDepth(CausalityInterfaceForComposites.java:532)
	at ptolemy.actor.util.CausalityInterfaceForComposites.checkForCycles(CausalityInterfaceForComposites.java:96)
	at ptolemy.domains.de.kernel.DEDirector.preinitialize(DEDirector.java:1337)
	at ptolemy.actor.CompositeActor.preinitialize(CompositeActor.java:1828)
	at ptolemy.actor.Manager.preinitializeAndResolveTypes(Manager.java:1040)
	at ptolemy.actor.Manager.initialize(Manager.java:710)
	at ptolemy.actor.Manager.execute(Manager.java:356)
	at ptolemy.actor.Manager.run(Manager.java:1263)
	at ptolemy.actor.Manager$PtolemyRunThread.run(Manager.java:1915)
java.lang.reflect.InvocationTargetException
	at sun.reflect.NativeConstructorAccessorImpl.newInstance0(Native Method)
	at sun.reflect.NativeConstructorAccessorImpl.newInstance(NativeConstructorAccessorImpl.java:62)
	at sun.reflect.DelegatingConstructorAccessorImpl.newInstance(DelegatingConstructorAccessorImpl.java:45)
	at java.lang.reflect.Constructor.newInstance(Constructor.java:423)
	at ptolemy.util.test.junit.AutoKnownFailedTests.RunModel(AutoKnownFailedTests.java:107)
	at sun.reflect.NativeMethodAccessorImpl.invoke0(Native Method)
	at sun.reflect.NativeMethodAccessorImpl.invoke(NativeMethodAccessorImpl.java:62)
	at sun.reflect.DelegatingMethodAccessorImpl.invoke(DelegatingMethodAccessorImpl.java:43)
	at java.lang.reflect.Method.invoke(Method.java:498)
	at org.junit.runners.model.FrameworkMethod$1.runReflectiveCall(FrameworkMethod.java:44)
	at org.junit.internal.runners.model.ReflectiveCallable.run(ReflectiveCallable.java:15)
	at org.junit.runners.model.FrameworkMethod.invokeExplosively(FrameworkMethod.java:41)
	at junitparams.internal.InvokeParameterisedMethod.evaluate(InvokeParameterisedMethod.java:102)
	at org.junit.internal.runners.statements.FailOnTimeout$1.run(FailOnTimeout.java:28)
Caused by: ptolemy.kernel.util.IllegalActionException: Found a zero delay loop containing .HierarchicalModel.A
  in .HierarchicalModel and .HierarchicalModel.A
	at ptolemy.actor.util.CausalityInterfaceForComposites._computeOutputPortDepth(CausalityInterfaceForComposites.java:759)
	at ptolemy.actor.util.CausalityInterfaceForComposites._computeInputDepth(CausalityInterfaceForComposites.java:696)
	at ptolemy.actor.util.CausalityInterfaceForComposites._computeOutputPortDepth(CausalityInterfaceForComposites.java:765)
	at ptolemy.actor.util.CausalityInterfaceForComposites._computeInputDepth(CausalityInterfaceForComposites.java:696)
	at ptolemy.actor.util.CausalityInterfaceForComposites._computeOutputPortDepth(CausalityInterfaceForComposites.java:765)
	at ptolemy.actor.util.CausalityInterfaceForComposites._computeInputDepth(CausalityInterfaceForComposites.java:696)
	at ptolemy.actor.util.CausalityInterfaceForComposites._computeActorDepth(CausalityInterfaceForComposites.java:532)
	at ptolemy.actor.util.CausalityInterfaceForComposites.checkForCycles(CausalityInterfaceForComposites.java:96)
	at ptolemy.domains.de.kernel.DEDirector.preinitialize(DEDirector.java:1337)
	at ptolemy.actor.CompositeActor.preinitialize(CompositeActor.java:1828)
	at ptolemy.actor.Manager.preinitializeAndResolveTypes(Manager.java:1040)
	at ptolemy.actor.Manager.initialize(Manager.java:710)
	at ptolemy.actor.Manager.execute(Manager.java:356)
	at ptolemy.actor.Manager.run(Manager.java:1263)
	at ptolemy.actor.Manager$PtolemyRunThread.run(Manager.java:1915)
java.lang.RuntimeException: Execution failed
	at ptolemy.moml.MoMLSimpleApplication$UnloadThread.run(MoMLSimpleApplication.java:402)
Caused by: ptolemy.kernel.util.IllegalActionException: Found a zero delay loop containing .dependencyLoop.original
  in .dependencyLoop and .dependencyLoop.original
	at ptolemy.actor.util.CausalityInterfaceForComposites._computeOutputPortDepth(CausalityInterfaceForComposites.java:759)
	at ptolemy.actor.util.CausalityInterfaceForComposites._computeInputDepth(CausalityInterfaceForComposites.java:696)
	at ptolemy.actor.util.CausalityInterfaceForComposites._computeOutputPortDepth(CausalityInterfaceForComposites.java:765)
	at ptolemy.actor.util.CausalityInterfaceForComposites._computeInputDepth(CausalityInterfaceForComposites.java:696)
	at ptolemy.actor.util.CausalityInterfaceForComposites._computeOutputPortDepth(CausalityInterfaceForComposites.java:765)
	at ptolemy.actor.util.CausalityInterfaceForComposites._computeInputDepth(CausalityInterfaceForComposites.java:696)
	at ptolemy.actor.util.CausalityInterfaceForComposites._computeActorDepth(CausalityInterfaceForComposites.java:532)
	at ptolemy.actor.util.CausalityInterfaceForComposites.checkForCycles(CausalityInterfaceForComposites.java:96)
	at ptolemy.domains.de.kernel.DEDirector.preinitialize(DEDirector.java:1337)
	at ptolemy.actor.CompositeActor.preinitialize(CompositeActor.java:1828)
	at ptolemy.actor.Manager.preinitializeAndResolveTypes(Manager.java:1040)
	at ptolemy.actor.Manager.initialize(Manager.java:710)
	at ptolemy.actor.Manager.execute(Manager.java:356)
	at ptolemy.actor.Manager.run(Manager.java:1263)
	at ptolemy.actor.Manager$PtolemyRunThread.run(Manager.java:1915)
java.lang.reflect.InvocationTargetException
	at sun.reflect.NativeConstructorAccessorImpl.newInstance0(Native Method)
	at sun.reflect.NativeConstructorAccessorImpl.newInstance(NativeConstructorAccessorImpl.java:62)
	at sun.reflect.DelegatingConstructorAccessorImpl.newInstance(DelegatingConstructorAccessorImpl.java:45)
	at java.lang.reflect.Constructor.newInstance(Constructor.java:423)
	at ptolemy.util.test.junit.AutoKnownFailedTests.RunModel(AutoKnownFailedTests.java:107)
	at sun.reflect.NativeMethodAccessorImpl.invoke0(Native Method)
	at sun.reflect.NativeMethodAccessorImpl.invoke(NativeMethodAccessorImpl.java:62)
	at sun.reflect.DelegatingMethodAccessorImpl.invoke(DelegatingMethodAccessorImpl.java:43)
	at java.lang.reflect.Method.invoke(Method.java:498)
	at org.junit.runners.model.FrameworkMethod$1.runReflectiveCall(FrameworkMethod.java:44)
	at org.junit.internal.runners.model.ReflectiveCallable.run(ReflectiveCallable.java:15)
	at org.junit.runners.model.FrameworkMethod.invokeExplosively(FrameworkMethod.java:41)
	at junitparams.internal.InvokeParameterisedMethod.evaluate(InvokeParameterisedMethod.java:102)
	at org.junit.internal.runners.statements.FailOnTimeout$1.run(FailOnTimeout.java:28)
Caused by: ptolemy.kernel.util.IllegalActionException: Found a zero delay loop containing .dependencyLoop.original
  in .dependencyLoop and .dependencyLoop.original
	at ptolemy.actor.util.CausalityInterfaceForComposites._computeOutputPortDepth(CausalityInterfaceForComposites.java:759)
	at ptolemy.actor.util.CausalityInterfaceForComposites._computeInputDepth(CausalityInterfaceForComposites.java:696)
	at ptolemy.actor.util.CausalityInterfaceForComposites._computeOutputPortDepth(CausalityInterfaceForComposites.java:765)
	at ptolemy.actor.util.CausalityInterfaceForComposites._computeInputDepth(CausalityInterfaceForComposites.java:696)
	at ptolemy.actor.util.CausalityInterfaceForComposites._computeOutputPortDepth(CausalityInterfaceForComposites.java:765)
	at ptolemy.actor.util.CausalityInterfaceForComposites._computeInputDepth(CausalityInterfaceForComposites.java:696)
	at ptolemy.actor.util.CausalityInterfaceForComposites._computeActorDepth(CausalityInterfaceForComposites.java:532)
	at ptolemy.actor.util.CausalityInterfaceForComposites.checkForCycles(CausalityInterfaceForComposites.java:96)
	at ptolemy.domains.de.kernel.DEDirector.preinitialize(DEDirector.java:1337)
	at ptolemy.actor.CompositeActor.preinitialize(CompositeActor.java:1828)
	at ptolemy.actor.Manager.preinitializeAndResolveTypes(Manager.java:1040)
	at ptolemy.actor.Manager.initialize(Manager.java:710)
	at ptolemy.actor.Manager.execute(Manager.java:356)
	at ptolemy.actor.Manager.run(Manager.java:1263)
	at ptolemy.actor.Manager$PtolemyRunThread.run(Manager.java:1915)
java.lang.RuntimeException: Execution failed
	at ptolemy.moml.MoMLSimpleApplication$UnloadThread.run(MoMLSimpleApplication.java:402)
Caused by: ptolemy.kernel.util.IllegalActionException: Found a zero delay loop containing .dependencyLoop2.original
  in .dependencyLoop2 and .dependencyLoop2.original
	at ptolemy.actor.util.CausalityInterfaceForComposites._computeOutputPortDepth(CausalityInterfaceForComposites.java:759)
	at ptolemy.actor.util.CausalityInterfaceForComposites._computeInputDepth(CausalityInterfaceForComposites.java:696)
	at ptolemy.actor.util.CausalityInterfaceForComposites._computeOutputPortDepth(CausalityInterfaceForComposites.java:765)
	at ptolemy.actor.util.CausalityInterfaceForComposites._computeInputDepth(CausalityInterfaceForComposites.java:696)
	at ptolemy.actor.util.CausalityInterfaceForComposites._computeOutputPortDepth(CausalityInterfaceForComposites.java:765)
	at ptolemy.actor.util.CausalityInterfaceForComposites._computeInputDepth(CausalityInterfaceForComposites.java:696)
	at ptolemy.actor.util.CausalityInterfaceForComposites._computeActorDepth(CausalityInterfaceForComposites.java:532)
	at ptolemy.actor.util.CausalityInterfaceForComposites.checkForCycles(CausalityInterfaceForComposites.java:96)
	at ptolemy.domains.de.kernel.DEDirector.preinitialize(DEDirector.java:1337)
	at ptolemy.actor.CompositeActor.preinitialize(CompositeActor.java:1828)
	at ptolemy.actor.Manager.preinitializeAndResolveTypes(Manager.java:1040)
	at ptolemy.actor.Manager.initialize(Manager.java:710)
	at ptolemy.actor.Manager.execute(Manager.java:356)
	at ptolemy.actor.Manager.run(Manager.java:1263)
	at ptolemy.actor.Manager$PtolemyRunThread.run(Manager.java:1915)
java.lang.reflect.InvocationTargetException
	at sun.reflect.NativeConstructorAccessorImpl.newInstance0(Native Method)
	at sun.reflect.NativeConstructorAccessorImpl.newInstance(NativeConstructorAccessorImpl.java:62)
	at sun.reflect.DelegatingConstructorAccessorImpl.newInstance(DelegatingConstructorAccessorImpl.java:45)
	at java.lang.reflect.Constructor.newInstance(Constructor.java:423)
	at ptolemy.util.test.junit.AutoKnownFailedTests.RunModel(AutoKnownFailedTests.java:107)
	at sun.reflect.NativeMethodAccessorImpl.invoke0(Native Method)
	at sun.reflect.NativeMethodAccessorImpl.invoke(NativeMethodAccessorImpl.java:62)
	at sun.reflect.DelegatingMethodAccessorImpl.invoke(DelegatingMethodAccessorImpl.java:43)
	at java.lang.reflect.Method.invoke(Method.java:498)
	at org.junit.runners.model.FrameworkMethod$1.runReflectiveCall(FrameworkMethod.java:44)
	at org.junit.internal.runners.model.ReflectiveCallable.run(ReflectiveCallable.java:15)
	at org.junit.runners.model.FrameworkMethod.invokeExplosively(FrameworkMethod.java:41)
	at junitparams.internal.InvokeParameterisedMethod.evaluate(InvokeParameterisedMethod.java:102)
	at org.junit.internal.runners.statements.FailOnTimeout$1.run(FailOnTimeout.java:28)
Caused by: ptolemy.kernel.util.IllegalActionException: Found a zero delay loop containing .dependencyLoop2.original
  in .dependencyLoop2 and .dependencyLoop2.original
	at ptolemy.actor.util.CausalityInterfaceForComposites._computeOutputPortDepth(CausalityInterfaceForComposites.java:759)
	at ptolemy.actor.util.CausalityInterfaceForComposites._computeInputDepth(CausalityInterfaceForComposites.java:696)
	at ptolemy.actor.util.CausalityInterfaceForComposites._computeOutputPortDepth(CausalityInterfaceForComposites.java:765)
	at ptolemy.actor.util.CausalityInterfaceForComposites._computeInputDepth(CausalityInterfaceForComposites.java:696)
	at ptolemy.actor.util.CausalityInterfaceForComposites._computeOutputPortDepth(CausalityInterfaceForComposites.java:765)
	at ptolemy.actor.util.CausalityInterfaceForComposites._computeInputDepth(CausalityInterfaceForComposites.java:696)
	at ptolemy.actor.util.CausalityInterfaceForComposites._computeActorDepth(CausalityInterfaceForComposites.java:532)
	at ptolemy.actor.util.CausalityInterfaceForComposites.checkForCycles(CausalityInterfaceForComposites.java:96)
	at ptolemy.domains.de.kernel.DEDirector.preinitialize(DEDirector.java:1337)
	at ptolemy.actor.CompositeActor.preinitialize(CompositeActor.java:1828)
	at ptolemy.actor.Manager.preinitializeAndResolveTypes(Manager.java:1040)
	at ptolemy.actor.Manager.initialize(Manager.java:710)
	at ptolemy.actor.Manager.execute(Manager.java:356)
	at ptolemy.actor.Manager.run(Manager.java:1263)
	at ptolemy.actor.Manager$PtolemyRunThread.run(Manager.java:1915)
]]></system-err>
</testsuite>
