<?xml version="1.0" encoding="UTF-8" ?>
<testsuite errors="0" failures="1" hostname="travis-job-98eb0178-b232-4b49-b292-6bf58c12fbf8" name="org.terraswarm.accessor.test.junit.JUnitTclTest" skipped="0" tests="29" time="361.777" timestamp="2018-04-30T11:22:28">
  <properties>
[...]
</properties>
  <testcase classname="ptolemy.util.test.junit.TclTests" name="[0] /home/travis/build/icyphy/ptII/org/terraswarm/accessor/test/JSAccessor.tcl (RunTclFile)" time="13.771" />
  <testcase classname="ptolemy.util.test.junit.TclTests" name="[1] /home/travis/build/icyphy/ptII/org/terraswarm/accessor/test/WebSocketClientTest.tcl (RunTclFile)" time="147.819">
    <failure message="Number of failed tests is has increased. expected:&lt;0&gt; but was:&lt;1&gt;" type="junit.framework.AssertionFailedError">junit.framework.AssertionFailedError: Number of failed tests is has increased. expected:&lt;0&gt; but was:&lt;1&gt;
	at ptolemy.util.test.junit.TclTests.RunTclFile(TclTests.java:286)
	at junitparams.internal.InvokeParameterisedMethod.evaluate(InvokeParameterisedMethod.java:102)
	at junitparams.internal.ParameterisedTestMethodRunner.runMethodInvoker(ParameterisedTestMethodRunner.java:47)
	at junitparams.internal.ParameterisedTestMethodRunner.runTestMethod(ParameterisedTestMethodRunner.java:41)
	at junitparams.internal.ParameterisedTestClassRunner.runParameterisedTest(ParameterisedTestClassRunner.java:143)
	at junitparams.JUnitParamsRunner.runChild(JUnitParamsRunner.java:237)
	at junitparams.JUnitParamsRunner.runChild(JUnitParamsRunner.java:215)
</failure>
  </testcase>
  <testcase classname="ptolemy.util.test.junit.AutoKnownFailedTests" name="[0] ThereAreNoKnowFailedTests (RunModel)" time="0.004" />
  <testcase classname="ptolemy.util.test.junit.AutoNameArchTests" name="[0] ThereAreNoAutoTests (RunModel)" time="0.01" />
  <testcase classname="ptolemy.util.test.junit.AutoTests" name="[0] /home/travis/build/icyphy/ptII/org/terraswarm/accessor/test/auto/AccessViolation.xml (RunModel)" time="2.229" />
  <testcase classname="ptolemy.util.test.junit.AutoTests" name="[1] /home/travis/build/icyphy/ptII/org/terraswarm/accessor/test/auto/AccessViolation2.xml (RunModel)" time="2.086" />
  <testcase classname="ptolemy.util.test.junit.AutoTests" name="[2] /home/travis/build/icyphy/ptII/org/terraswarm/accessor/test/auto/Accessor1.xml (RunModel)" time="4.644" />
  <testcase classname="ptolemy.util.test.junit.AutoTests" name="[3] /home/travis/build/icyphy/ptII/org/terraswarm/accessor/test/auto/Accessor2.xml (RunModel)" time="2.468" />
  <testcase classname="ptolemy.util.test.junit.AutoTests" name="[4] /home/travis/build/icyphy/ptII/org/terraswarm/accessor/test/auto/CallbackWithSuppress.xml (RunModel)" time="43.859" />
  <testcase classname="ptolemy.util.test.junit.AutoTests" name="[5] /home/travis/build/icyphy/ptII/org/terraswarm/accessor/test/auto/Derived.xml (RunModel)" time="1.957" />
  <testcase classname="ptolemy.util.test.junit.AutoTests" name="[6] /home/travis/build/icyphy/ptII/org/terraswarm/accessor/test/auto/Derived2.xml (RunModel)" time="2.503" />
  <testcase classname="ptolemy.util.test.junit.AutoTests" name="[7] /home/travis/build/icyphy/ptII/org/terraswarm/accessor/test/auto/Derived3.xml (RunModel)" time="2.161" />
  <testcase classname="ptolemy.util.test.junit.AutoTests" name="[8] /home/travis/build/icyphy/ptII/org/terraswarm/accessor/test/auto/Derived4.xml (RunModel)" time="2.116" />
  <testcase classname="ptolemy.util.test.junit.AutoTests" name="[9] /home/travis/build/icyphy/ptII/org/terraswarm/accessor/test/auto/Derived5.xml (RunModel)" time="2.128" />
  <testcase classname="ptolemy.util.test.junit.AutoTests" name="[10] /home/travis/build/icyphy/ptII/org/terraswarm/accessor/test/auto/Derived6.xml (RunModel)" time="2.324" />
  <testcase classname="ptolemy.util.test.junit.AutoTests" name="[11] /home/travis/build/icyphy/ptII/org/terraswarm/accessor/test/auto/Derived8.xml (RunModel)" time="2.135" />
  <testcase classname="ptolemy.util.test.junit.AutoTests" name="[12] /home/travis/build/icyphy/ptII/org/terraswarm/accessor/test/auto/Derived9.xml (RunModel)" time="2.069" />
  <testcase classname="ptolemy.util.test.junit.AutoTests" name="[13] /home/travis/build/icyphy/ptII/org/terraswarm/accessor/test/auto/DerivedAgain.xml (RunModel)" time="4.062" />
  <testcase classname="ptolemy.util.test.junit.AutoTests" name="[14] /home/travis/build/icyphy/ptII/org/terraswarm/accessor/test/auto/DerivedAgain2.xml (RunModel)" time="4.202" />
  <testcase classname="ptolemy.util.test.junit.AutoTests" name="[15] /home/travis/build/icyphy/ptII/org/terraswarm/accessor/test/auto/DerivedAgain4.xml (RunModel)" time="2.153" />
  <testcase classname="ptolemy.util.test.junit.AutoTests" name="[16] /home/travis/build/icyphy/ptII/org/terraswarm/accessor/test/auto/DerivedAgain5.xml (RunModel)" time="2.492" />
  <testcase classname="ptolemy.util.test.junit.AutoTests" name="[17] /home/travis/build/icyphy/ptII/org/terraswarm/accessor/test/auto/GetDate.xml (RunModel)" time="13.97" />
  <testcase classname="ptolemy.util.test.junit.AutoTests" name="[18] /home/travis/build/icyphy/ptII/org/terraswarm/accessor/test/auto/HandlerWithSuppress.xml (RunModel)" time="43.581" />
  <testcase classname="ptolemy.util.test.junit.AutoTests" name="[19] /home/travis/build/icyphy/ptII/org/terraswarm/accessor/test/auto/HttpRequest.xml (RunModel)" time="2.227" />
  <testcase classname="ptolemy.util.test.junit.AutoTests" name="[20] /home/travis/build/icyphy/ptII/org/terraswarm/accessor/test/auto/JSON.xml (RunModel)" time="3.326" />
  <testcase classname="ptolemy.util.test.junit.AutoTests" name="[21] /home/travis/build/icyphy/ptII/org/terraswarm/accessor/test/auto/ReadURL.xml (RunModel)" time="25.932" />
  <testcase classname="ptolemy.util.test.junit.AutoTests" name="[22] /home/travis/build/icyphy/ptII/org/terraswarm/accessor/test/auto/SendNullToOwnInput.xml (RunModel)" time="4.302" />
  <testcase classname="ptolemy.util.test.junit.AutoTests" name="[23] /home/travis/build/icyphy/ptII/org/terraswarm/accessor/test/auto/Stop.xml (RunModel)" time="15.43" />
  <testcase classname="ptolemy.util.test.junit.AutoTests" name="[24] /home/travis/build/icyphy/ptII/org/terraswarm/accessor/test/auto/Stop2.xml (RunModel)" time="5.719" />
  <system-out><![CDATA[/home/travis/build/icyphy/ptII/org/terraswarm/accessor/test/JSAccessor.tcl
testDefs.tcl: setting time out to 9000 seconds at Mon Apr 30 11:22:29 UTC 2018
JSAccessor: PT_NO_NET environment variable is set, so git pull and ptdoc are not being run.
/home/travis/build/icyphy/ptII/org/terraswarm/accessor/test/WebSocketClientTest.tcl
WebSocketClient: Connection failed. Will try again: Connection refused: localhost/127.0.0.1:9981/nConnection refused (Thread[vert.x-eventloop-thread-0,1,main])
WebSocketClient: Connection closed because model is no longer running. (Thread[WebSocketClientJS,1,main])
5947 ms. Memory: 756736K Free: 578062K (76%)
WebSocketClient: Connection failed. Will try again: Connection refused: localhost/127.0.0.1:9981/nConnection refused (Thread[vert.x-eventloop-thread-0,1,main])
WebSocketClient: Connection closed because model is no longer running. (Thread[main,5,main])
4916 ms. Memory: 752640K Free: 503232K (67%)
reloadAllAccessors: .WebSocketClientJS
This is the first time that the reloadAllAccessors method has been invoked in this JVM, so the the accessors repo will be checked out or updated and JSDoc invoked. Note that running the tests may end up invoking a new JVM for each directory, so the repo may be checked out or updated and JSDoc invoked more than once when the tests are run.
WebSocketClient: Connection failed. Will try again: Connection refused: localhost/127.0.0.1:9981/nConnection refused (Thread[vert.x-eventloop-thread-0,1,main])
WebSocketClient: Connection closed because model is no longer running. (Thread[main,5,main])
4898 ms. Memory: 789504K Free: 226531K (29%)
WebSocketClient: Connection closed because model is no longer running. (Thread[WebSocketClient2JS,1,main])
123892 ms. Memory: 791040K Free: 527911K (67%)


==== $PTII/org/terraswarm/accessor/test/WebSocketClientTest.tcl: WebSocketClientTest-3.1 Run WebSocketClientJS.xml and then WebSocketClient2JS.xml with reloading of the accessor
==== Contents of test case:

    set application [java::new ptolemy.moml.MoMLSimpleApplication $PTII/ptolemy/actor/lib/jjs/modules/webSocket/test/auto/WebSocketClientJS.xml]
    $application rerun
    set toplevel [$application toplevel]
    java::call org.terraswarm.accessor.JSAccessor reloadAllAccessors $toplevel
    $application rerun

    set $application [java::null]
    java::call System gc

    set application2 [java::new ptolemy.moml.MoMLSimpleApplication $PTII/ptolemy/actor/lib/jjs/modules/webSocket/test/auto/WebSocketClient2JS.xml]
    $application2 rerun
    set toplevel2 [$application2 toplevel]
    java::call org.terraswarm.accessor.JSAccessor reloadAllAccessors $toplevel2
    $application2 rerun

    set $application2 [java::null]
    java::call System gc

    # Success is not throwing an exception.
    list true

==== Test generated error:
    while executing
ptolemy.kernel.util.IllegalActionException: Exceptions occurred during wrapup:
ptolemy.kernel.util.IllegalActionException: Failure executing the wrapup function: Error: TrainableTest: The input handler of this accessor was never invoked. Usually, this is an error indicating that starvation is occurring. in <function> at line number 393 at column number 16
  in .WebSocketClient2JS.TrainableTest
Because:
Error: TrainableTest: The input handler of this accessor was never invoked. Usually, this is an error indicating that starvation is occurring. in <function> at line number 393 at column number 16

  in .WebSocketClient2JS.DE Director
Because:
Failure executing the wrapup function: Error: TrainableTest: The input handler of this accessor was never invoked. Usually, this is an error indicating that starvation is occurring. in <function> at line number 393 at column number 16
  in .WebSocketClient2JS.TrainableTest
Because:
Error: TrainableTest: The input handler of this accessor was never invoked. Usually, this is an error indicating that starvation is occurring. in <function> at line number 393 at column number 16
	at ptolemy.actor.Director.wrapup(Director.java:1736)
	at ptolemy.domains.de.kernel.DEDirector.wrapup(DEDirector.java:1526)
	at ptolemy.actor.CompositeActor.wrapup(CompositeActor.java:2735)
	at ptolemy.actor.Manager.wrapup(Manager.java:1512)
	at ptolemy.actor.Manager.execute(Manager.java:407)
	at ptolemy.actor.Manager.run(Manager.java:1263)
	at ptolemy.actor.Manager$PtolemyRunThread.run(Manager.java:1915)
Caused by: ptolemy.kernel.util.IllegalActionException: Failure executing the wrapup function: Error: TrainableTest: The input handler of this accessor was never invoked. Usually, this is an error indicating that starvation is occurring. in <function> at line number 393 at column number 16
  in .WebSocketClient2JS.TrainableTest
Because:
Error: TrainableTest: The input handler of this accessor was never invoked. Usually, this is an error indicating that starvation is occurring. in <function> at line number 393 at column number 16
	at ptolemy.actor.lib.jjs.JavaScript._invokeMethodInContext(JavaScript.java:2216)
	at ptolemy.actor.lib.jjs.JavaScript.wrapup(JavaScript.java:2111)
	at ptolemy.actor.Director.wrapup(Director.java:1722)
	... 6 more
Caused by: javax.script.ScriptException: Error: TrainableTest: The input handler of this accessor was never invoked. Usually, this is an error indicating that starvation is occurring. in <function> at line number 393 at column number 16
	at jdk.nashorn.api.scripting.NashornScriptEngine.throwAsScriptException(NashornScriptEngine.java:470)
	at jdk.nashorn.api.scripting.NashornScriptEngine.invokeImpl(NashornScriptEngine.java:392)
	at jdk.nashorn.api.scripting.NashornScriptEngine.invokeMethod(NashornScriptEngine.java:199)
	at ptolemy.actor.lib.jjs.JavaScript._invokeMethodInContext(JavaScript.java:2193)
	... 8 more
Caused by: <function>:393:16 Error: TrainableTest: The input handler of this accessor was never invoked. Usually, this is an error indicating that starvation is occurring.
	at jdk.nashorn.internal.objects.NativeError.initException(NativeError.java:137)
	at jdk.nashorn.internal.objects.NativeError.<init>(NativeError.java:102)
	at jdk.nashorn.internal.objects.NativeError.<init>(NativeError.java:106)
	at jdk.nashorn.internal.objects.NativeError.<init>(NativeError.java:110)
	at jdk.nashorn.internal.objects.NativeError.constructor(NativeError.java:129)
	at jdk.nashorn.internal.scripts.Script$Recompilation$7359$18508$\^function\_.L:1#wrapup(<function>:393)
	at jdk.nashorn.internal.scripts.Script$Recompilation$7357$30328$require.L:1#Accessor#wrapup(/home/travis/build/icyphy/ptII/ptolemy/actor/lib/jjs/external/require.js#401:30<eval>:673)
	at jdk.nashorn.internal.runtime.ScriptFunctionData.invoke(ScriptFunctionData.java:637)
	at jdk.nashorn.internal.runtime.ScriptFunction.invoke(ScriptFunction.java:494)
	at jdk.nashorn.internal.runtime.ScriptRuntime.apply(ScriptRuntime.java:393)
	at jdk.nashorn.api.scripting.ScriptObjectMirror.callMember(ScriptObjectMirror.java:199)
	at jdk.nashorn.api.scripting.NashornScriptEngine.invokeImpl(NashornScriptEngine.java:386)
	... 10 more
Caused by: ptolemy.kernel.util.IllegalActionException: Failure executing the wrapup function: Error: TrainableTest: The input handler of this accessor was never invoked. Usually, this is an error indicating that starvation is occurring. in <function> at line number 393 at column number 16
  in .WebSocketClient2JS.TrainableTest
Because:
Error: TrainableTest: The input handler of this accessor was never invoked. Usually, this is an error indicating that starvation is occurring. in <function> at line number 393 at column number 16
	at ptolemy.actor.lib.jjs.JavaScript._invokeMethodInContext(JavaScript.java:2216)
	at ptolemy.actor.lib.jjs.JavaScript.wrapup(JavaScript.java:2111)
	at ptolemy.actor.Director.wrapup(Director.java:1722)
	at ptolemy.domains.de.kernel.DEDirector.wrapup(DEDirector.java:1526)
	at ptolemy.actor.CompositeActor.wrapup(CompositeActor.java:2735)
	at ptolemy.actor.Manager.wrapup(Manager.java:1512)
	at ptolemy.actor.Manager.execute(Manager.java:407)
	at ptolemy.actor.Manager.run(Manager.java:1263)
	at ptolemy.actor.Manager$PtolemyRunThread.run(Manager.java:1915)
Caused by: javax.script.ScriptException: Error: TrainableTest: The input handler of this accessor was never invoked. Usually, this is an error indicating that starvation is occurring. in <function> at line number 393 at column number 16
	at jdk.nashorn.api.scripting.NashornScriptEngine.throwAsScriptException(NashornScriptEngine.java:470)
	at jdk.nashorn.api.scripting.NashornScriptEngine.invokeImpl(NashornScriptEngine.java:392)
	at jdk.nashorn.api.scripting.NashornScriptEngine.invokeMethod(NashornScriptEngine.java:199)
	at ptolemy.actor.lib.jjs.JavaScript._invokeMethodInContext(JavaScript.java:2193)
	... 8 more
Caused by: <function>:393:16 Error: TrainableTest: The input handler of this accessor was never invoked. Usually, this is an error indicating that starvation is occurring.
	at jdk.nashorn.internal.objects.NativeError.initException(NativeError.java:137)
	at jdk.nashorn.internal.objects.NativeError.<init>(NativeError.java:102)
	at jdk.nashorn.internal.objects.NativeError.<init>(NativeError.java:106)
	at jdk.nashorn.internal.objects.NativeError.<init>(NativeError.java:110)
	at jdk.nashorn.internal.objects.NativeError.constructor(NativeError.java:129)
	at jdk.nashorn.internal.scripts.Script$Recompilation$7359$18508$\^function\_.L:1#wrapup(<function>:393)
	at jdk.nashorn.internal.scripts.Script$Recompilation$7357$30328$require.L:1#Accessor#wrapup(/home/travis/build/icyphy/ptII/ptolemy/actor/lib/jjs/external/require.js#401:30<eval>:673)
	at jdk.nashorn.internal.runtime.ScriptFunctionData.invoke(ScriptFunctionData.java:637)
	at jdk.nashorn.internal.runtime.ScriptFunction.invoke(ScriptFunction.java:494)
	at jdk.nashorn.internal.runtime.ScriptRuntime.apply(ScriptRuntime.java:393)
	at jdk.nashorn.api.scripting.ScriptObjectMirror.callMember(ScriptObjectMirror.java:199)
	at jdk.nashorn.api.scripting.NashornScriptEngine.invokeImpl(NashornScriptEngine.java:386)
	... 10 more
Caused by: javax.script.ScriptException: Error: TrainableTest: The input handler of this accessor was never invoked. Usually, this is an error indicating that starvation is occurring. in <function> at line number 393 at column number 16
	at jdk.nashorn.api.scripting.NashornScriptEngine.throwAsScriptException(NashornScriptEngine.java:470)
	at jdk.nashorn.api.scripting.NashornScriptEngine.invokeImpl(NashornScriptEngine.java:392)
	at jdk.nashorn.api.scripting.NashornScriptEngine.invokeMethod(NashornScriptEngine.java:199)
	at ptolemy.actor.lib.jjs.JavaScript._invokeMethodInContext(JavaScript.java:2193)
	at ptolemy.actor.lib.jjs.JavaScript.wrapup(JavaScript.java:2111)
	at ptolemy.actor.Director.wrapup(Director.java:1722)
	at ptolemy.domains.de.kernel.DEDirector.wrapup(DEDirector.java:1526)
	at ptolemy.actor.CompositeActor.wrapup(CompositeActor.java:2735)
	at ptolemy.actor.Manager.wrapup(Manager.java:1512)
	at ptolemy.actor.Manager.execute(Manager.java:407)
	at ptolemy.actor.Manager.run(Manager.java:1263)
	at ptolemy.actor.Manager$PtolemyRunThread.run(Manager.java:1915)
Caused by: <function>:393:16 Error: TrainableTest: The input handler of this accessor was never invoked. Usually, this is an error indicating that starvation is occurring.
	at jdk.nashorn.internal.objects.NativeError.initException(NativeError.java:137)
	at jdk.nashorn.internal.objects.NativeError.<init>(NativeError.java:102)
	at jdk.nashorn.internal.objects.NativeError.<init>(NativeError.java:106)
	at jdk.nashorn.internal.objects.NativeError.<init>(NativeError.java:110)
	at jdk.nashorn.internal.objects.NativeError.constructor(NativeError.java:129)
	at jdk.nashorn.internal.scripts.Script$Recompilation$7359$18508$\^function\_.L:1#wrapup(<function>:393)
	at jdk.nashorn.internal.scripts.Script$Recompilation$7357$30328$require.L:1#Accessor#wrapup(/home/travis/build/icyphy/ptII/ptolemy/actor/lib/jjs/external/require.js#401:30<eval>:673)
	at jdk.nashorn.internal.runtime.ScriptFunctionData.invoke(ScriptFunctionData.java:637)
	at jdk.nashorn.internal.runtime.ScriptFunction.invoke(ScriptFunction.java:494)
	at jdk.nashorn.internal.runtime.ScriptRuntime.apply(ScriptRuntime.java:393)
	at jdk.nashorn.api.scripting.ScriptObjectMirror.callMember(ScriptObjectMirror.java:199)
	at jdk.nashorn.api.scripting.NashornScriptEngine.invokeImpl(NashornScriptEngine.java:386)
	... 10 more

    while executing
ptolemy.kernel.util.IllegalActionException: Exceptions occurred during wrapup:
ptolemy.kernel.util.IllegalActionException: Failure executing the wrapup function: Error: TrainableTest: The input handler of this accessor was never invoked. Usually, this is an error indicating that starvation is occurring. in <function> at line number 393 at column number 16
  in .WebSocketClient2JS.TrainableTest
Because:
Error: TrainableTest: The input handler of this accessor was never invoked. Usually, this is an error indicating that starvation is occurring. in <function> at line number 393 at column number 16

  in .WebSocketClient2JS.DE Director
Because:
Failure executing the wrapup function: Error: TrainableTest: The input handler of this accessor was never invoked. Usually, this is an error indicating that starvation is occurring. in <function> at line number 393 at column number 16
  in .WebSocketClient2JS.TrainableTest
Because:
Error: TrainableTest: The input handler of this accessor was never invoked. Usually, this is an error indicating that starvation is occurring. in <function> at line number 393 at column number 16
    while executing
"java::new ptolemy.moml.MoMLSimpleApplication $PTII/ptolemy/actor/lib/jjs/modules/webSocket/test/auto/WebSocketClient2JS.xml"
    invoked from within
"set application2 [java::new ptolemy.moml.MoMLSimpleApplication $PTII/ptolemy/actor/lib/jjs/modules/webSocket/test/auto/WebSocketClient2JS.xml]"
    ("uplevel" body line 11)
    invoked from within
"uplevel $contents_of_test"
04/30/18 11:25:10
Failed: 1  Total Tests: 14  ((Passed: 13, Newly Passed: 0)  Known Failed: 0) /home/travis/build/icyphy/ptII/org/terraswarm/accessor/test
No auto/knownFailedTests/*.xml tests in /home/travis/build/icyphy/ptII/org/terraswarm/accessor/test
No auto/*.xml tests in /home/travis/build/icyphy/ptII/org/terraswarm/accessor/test
AutoTests.java: About to close Vertx.
AutoTests.java: Vertx closed.
----------------- testing Mon Apr 30 11:25:10 UTC 2018 /home/travis/build/icyphy/ptII/org/terraswarm/accessor/test/auto/AccessViolation.xml
647 ms. Memory: 791040K Free: 189737K (24%)
reloadAllAccessors: .AccessViolation
----------------- Reloaded Accessors and testing again Mon Apr 30 11:25:11 UTC 2018 /home/travis/build/icyphy/ptII/org/terraswarm/accessor/test/auto/AccessViolation.xml
898 ms. Memory: 813568K Free: 543995K (67%)
----------------- testing Mon Apr 30 11:25:12 UTC 2018 /home/travis/build/icyphy/ptII/org/terraswarm/accessor/test/auto/AccessViolation2.xml
696 ms. Memory: 813568K Free: 218777K (27%)
reloadAllAccessors: .AccessViolation2
----------------- Reloaded Accessors and testing again Mon Apr 30 11:25:14 UTC 2018 /home/travis/build/icyphy/ptII/org/terraswarm/accessor/test/auto/AccessViolation2.xml
687 ms. Memory: 836608K Free: 445269K (53%)
----------------- testing Mon Apr 30 11:25:14 UTC 2018 /home/travis/build/icyphy/ptII/org/terraswarm/accessor/test/auto/Accessor1.xml
1635 ms. Memory: 836096K Free: 286171K (34%)
reloadAllAccessors: .Accessor1
----------------- Reloaded Accessors and testing again Mon Apr 30 11:25:18 UTC 2018 /home/travis/build/icyphy/ptII/org/terraswarm/accessor/test/auto/Accessor1.xml
1412 ms. Memory: 837120K Free: 206720K (25%)
----------------- testing Mon Apr 30 11:25:19 UTC 2018 /home/travis/build/icyphy/ptII/org/terraswarm/accessor/test/auto/Accessor2.xml
697 ms. Memory: 835072K Free: 536650K (64%)
reloadAllAccessors: .Accessor2
----------------- Reloaded Accessors and testing again Mon Apr 30 11:25:21 UTC 2018 /home/travis/build/icyphy/ptII/org/terraswarm/accessor/test/auto/Accessor2.xml
688 ms. Memory: 835072K Free: 258836K (31%)
----------------- testing Mon Apr 30 11:25:22 UTC 2018 /home/travis/build/icyphy/ptII/org/terraswarm/accessor/test/auto/CallbackWithSuppress.xml
21463 ms. Memory: 836096K Free: 603449K (72%)
reloadAllAccessors: .CallbackWithSuppress
Accessors in test/auto do not typically have documentation, so we are not running jsdoc on file:/home/travis/build/icyphy/ptII/org/terraswarm/accessor/test/auto/accessors/CallbackWithSuppress.js
----------------- Reloaded Accessors and testing again Mon Apr 30 11:25:44 UTC 2018 /home/travis/build/icyphy/ptII/org/terraswarm/accessor/test/auto/CallbackWithSuppress.xml
21126 ms. Memory: 837120K Free: 547162K (65%)
----------------- testing Mon Apr 30 11:26:05 UTC 2018 /home/travis/build/icyphy/ptII/org/terraswarm/accessor/test/auto/Derived.xml
DerivedA: base set up (Thread[Thread-34,5,main])
DerivedA: derived set up (Thread[Thread-34,5,main])
DerivedA: base set up (Thread[Thread-34,5,main])
DerivedA: derived set up (Thread[Thread-34,5,main])
DerivedA: base set up (Thread[Derived,1,main])
DerivedA: derived set up (Thread[Derived,1,main])
DerivedA: base set up (Thread[Derived,1,main])
DerivedA: derived set up (Thread[Derived,1,main])
DerivedA: base set up (Thread[Derived,1,main])
DerivedA: derived set up (Thread[Derived,1,main])
DerivedA: base set up (Thread[Derived,1,main])
DerivedA: derived set up (Thread[Derived,1,main])
DerivedA: base set up (Thread[Derived,1,main])
DerivedA: derived set up (Thread[Derived,1,main])
DerivedA: base init (Thread[Derived,1,main])
DerivedA: derived init (Thread[Derived,1,main])
DerivedA: derived wrapped up (Thread[Derived,1,main])
631 ms. Memory: 837120K Free: 216365K (26%)
reloadAllAccessors: .Derived
Accessors in test/auto do not typically have documentation, so we are not running jsdoc on file:/home/travis/build/icyphy/ptII/org/terraswarm/accessor/test/auto/accessors/DerivedA.js
DerivedA: base set up (Thread[Thread-34,5,main])
DerivedA: derived set up (Thread[Thread-34,5,main])
DerivedA: base set up (Thread[Thread-34,5,main])
DerivedA: derived set up (Thread[Thread-34,5,main])
----------------- Reloaded Accessors and testing again Mon Apr 30 11:26:07 UTC 2018 /home/travis/build/icyphy/ptII/org/terraswarm/accessor/test/auto/Derived.xml
DerivedA: base set up (Thread[Thread-34,5,main])
DerivedA: derived set up (Thread[Thread-34,5,main])
DerivedA: base set up (Thread[Thread-34,5,main])
DerivedA: derived set up (Thread[Thread-34,5,main])
DerivedA: base set up (Thread[Thread-34,5,main])
DerivedA: derived set up (Thread[Thread-34,5,main])
DerivedA: base set up (Thread[Thread-34,5,main])
DerivedA: derived set up (Thread[Thread-34,5,main])
DerivedA: base set up (Thread[Thread-34,5,main])
DerivedA: derived set up (Thread[Thread-34,5,main])
DerivedA: base init (Thread[Thread-34,5,main])
DerivedA: derived init (Thread[Thread-34,5,main])
DerivedA: derived wrapped up (Thread[Thread-34,5,main])
720 ms. Memory: 837120K Free: 413491K (49%)
----------------- testing Mon Apr 30 11:26:07 UTC 2018 /home/travis/build/icyphy/ptII/org/terraswarm/accessor/test/auto/Derived2.xml
DerivedB2: printing non-prototype properties (Thread[Derived2,1,main])
DerivedB2: ssuper: [object Object] (Thread[Derived2,1,main])
DerivedB2: setup: function () {
        this.extend('BaseB');
    } (Thread[Derived2,1,main])
DerivedB2: inputHandler: function () {
    console.log('sending false');
    this.send('output', false);
} (Thread[Derived2,1,main])
DerivedB2: initialize: function () {
    exports.ssuper.initialize.call(this);
    printProperties(exports);
} (Thread[Derived2,1,main])
DerivedB2: printing protoytpe (Thread[Derived2,1,main])
DerivedB2: ssuper: [object Object] (Thread[Derived2,1,main])
DerivedB2: setup: function () {
        this.extend('BaseB');
    } (Thread[Derived2,1,main])
DerivedB2: initialize: function () {
    exports.ssuper.initialize.call(this);
    printProperties(exports);
} (Thread[Derived2,1,main])
DerivedB2: inputHandler: function () {
    console.log('sending false');
    this.send('output', false);
} (Thread[Derived2,1,main])
DerivedB2: sending false (Thread[Derived2,1,main])
1056 ms. Memory: 853504K Free: 781698K (92%)
reloadAllAccessors: .Derived2
Accessors in test/auto do not typically have documentation, so we are not running jsdoc on file:/home/travis/build/icyphy/ptII/org/terraswarm/accessor/test/auto/accessors/DerivedB.js
----------------- Reloaded Accessors and testing again Mon Apr 30 11:26:09 UTC 2018 /home/travis/build/icyphy/ptII/org/terraswarm/accessor/test/auto/Derived2.xml
DerivedB2: printing non-prototype properties (Thread[Thread-38,5,main])
DerivedB2: ssuper: [object Object] (Thread[Thread-38,5,main])
DerivedB2: setup: function () {
        this.extend('BaseB');
    } (Thread[Thread-38,5,main])
DerivedB2: inputHandler: function () {
    console.log('sending false');
    this.send('output', false);
} (Thread[Thread-38,5,main])
DerivedB2: initialize: function () {
    exports.ssuper.initialize.call(this);
    printProperties(exports);
} (Thread[Thread-38,5,main])
DerivedB2: printing protoytpe (Thread[Thread-38,5,main])
DerivedB2: ssuper: [object Object] (Thread[Thread-38,5,main])
DerivedB2: setup: function () {
        this.extend('BaseB');
    } (Thread[Thread-38,5,main])
DerivedB2: initialize: function () {
    exports.ssuper.initialize.call(this);
    printProperties(exports);
} (Thread[Thread-38,5,main])
DerivedB2: inputHandler: function () {
    console.log('sending false');
    this.send('output', false);
} (Thread[Thread-38,5,main])
DerivedB2: sending false (Thread[Thread-38,5,main])
798 ms. Memory: 853504K Free: 496608K (58%)
----------------- testing Mon Apr 30 11:26:10 UTC 2018 /home/travis/build/icyphy/ptII/org/terraswarm/accessor/test/auto/Derived3.xml
773 ms. Memory: 852992K Free: 662296K (78%)
reloadAllAccessors: .Derived3
Accessors in test/auto do not typically have documentation, so we are not running jsdoc on file:/home/travis/build/icyphy/ptII/org/terraswarm/accessor/test/auto/accessors/DerivedC.js
----------------- Reloaded Accessors and testing again Mon Apr 30 11:26:11 UTC 2018 /home/travis/build/icyphy/ptII/org/terraswarm/accessor/test/auto/Derived3.xml
731 ms. Memory: 852992K Free: 378946K (44%)
----------------- testing Mon Apr 30 11:26:12 UTC 2018 /home/travis/build/icyphy/ptII/org/terraswarm/accessor/test/auto/Derived4.xml
759 ms. Memory: 854528K Free: 540542K (63%)
reloadAllAccessors: .Derived4
Accessors in test/auto do not typically have documentation, so we are not running jsdoc on file:/home/travis/build/icyphy/ptII/org/terraswarm/accessor/test/auto/accessors/DerivedD.js
----------------- Reloaded Accessors and testing again Mon Apr 30 11:26:14 UTC 2018 /home/travis/build/icyphy/ptII/org/terraswarm/accessor/test/auto/Derived4.xml
646 ms. Memory: 854528K Free: 251196K (29%)
----------------- testing Mon Apr 30 11:26:14 UTC 2018 /home/travis/build/icyphy/ptII/org/terraswarm/accessor/test/auto/Derived5.xml
672 ms. Memory: 854016K Free: 418684K (49%)
reloadAllAccessors: .Derived5
Accessors in test/auto do not typically have documentation, so we are not running jsdoc on file:/home/travis/build/icyphy/ptII/org/terraswarm/accessor/test/auto/accessors/DerivedE.js
----------------- Reloaded Accessors and testing again Mon Apr 30 11:26:16 UTC 2018 /home/travis/build/icyphy/ptII/org/terraswarm/accessor/test/auto/Derived5.xml
728 ms. Memory: 856576K Free: 631126K (74%)
----------------- testing Mon Apr 30 11:26:16 UTC 2018 /home/travis/build/icyphy/ptII/org/terraswarm/accessor/test/auto/Derived6.xml
717 ms. Memory: 856576K Free: 302671K (35%)
reloadAllAccessors: .Derived6
Accessors in test/auto do not typically have documentation, so we are not running jsdoc on file:/home/travis/build/icyphy/ptII/org/terraswarm/accessor/test/auto/accessors/DerivedF.js
----------------- Reloaded Accessors and testing again Mon Apr 30 11:26:18 UTC 2018 /home/travis/build/icyphy/ptII/org/terraswarm/accessor/test/auto/Derived6.xml
952 ms. Memory: 865792K Free: 717791K (83%)
----------------- testing Mon Apr 30 11:26:19 UTC 2018 /home/travis/build/icyphy/ptII/org/terraswarm/accessor/test/auto/Derived8.xml
729 ms. Memory: 865792K Free: 386073K (45%)
reloadAllAccessors: .Derived8
Accessors in test/auto do not typically have documentation, so we are not running jsdoc on file:/home/travis/build/icyphy/ptII/org/terraswarm/accessor/test/auto/accessors/DerivedH.js
----------------- Reloaded Accessors and testing again Mon Apr 30 11:26:20 UTC 2018 /home/travis/build/icyphy/ptII/org/terraswarm/accessor/test/auto/Derived8.xml
781 ms. Memory: 866816K Free: 590593K (68%)
----------------- testing Mon Apr 30 11:26:21 UTC 2018 /home/travis/build/icyphy/ptII/org/terraswarm/accessor/test/auto/Derived9.xml
718 ms. Memory: 866816K Free: 250934K (29%)
reloadAllAccessors: .Derived9
Accessors in test/auto do not typically have documentation, so we are not running jsdoc on file:/home/travis/build/icyphy/ptII/org/terraswarm/accessor/test/auto/accessors/DerivedI.js
----------------- Reloaded Accessors and testing again Mon Apr 30 11:26:22 UTC 2018 /home/travis/build/icyphy/ptII/org/terraswarm/accessor/test/auto/Derived9.xml
630 ms. Memory: 866304K Free: 456231K (53%)
----------------- testing Mon Apr 30 11:26:23 UTC 2018 /home/travis/build/icyphy/ptII/org/terraswarm/accessor/test/auto/DerivedAgain.xml
1791 ms. Memory: 868864K Free: 625417K (72%)
reloadAllAccessors: .DerivedAgain
Accessors in test/auto do not typically have documentation, so we are not running jsdoc on file:/home/travis/build/icyphy/ptII/org/terraswarm/accessor/test/auto/accessors/DerivedAgainA.js
----------------- Reloaded Accessors and testing again Mon Apr 30 11:26:25 UTC 2018 /home/travis/build/icyphy/ptII/org/terraswarm/accessor/test/auto/DerivedAgain.xml
1664 ms. Memory: 868864K Free: 338143K (39%)
----------------- testing Mon Apr 30 11:26:27 UTC 2018 /home/travis/build/icyphy/ptII/org/terraswarm/accessor/test/auto/DerivedAgain2.xml
1818 ms. Memory: 868352K Free: 508372K (59%)
reloadAllAccessors: .DerivedAgain2
Accessors in test/auto do not typically have documentation, so we are not running jsdoc on file:/home/travis/build/icyphy/ptII/org/terraswarm/accessor/test/auto/accessors/DerivedAgainB.js
----------------- Reloaded Accessors and testing again Mon Apr 30 11:26:29 UTC 2018 /home/travis/build/icyphy/ptII/org/terraswarm/accessor/test/auto/DerivedAgain2.xml
1668 ms. Memory: 868352K Free: 221018K (25%)
----------------- testing Mon Apr 30 11:26:31 UTC 2018 /home/travis/build/icyphy/ptII/org/terraswarm/accessor/test/auto/DerivedAgain4.xml
642 ms. Memory: 882688K Free: 592306K (67%)
reloadAllAccessors: .DerivedAgain4
Accessors in test/auto do not typically have documentation, so we are not running jsdoc on file:/home/travis/build/icyphy/ptII/org/terraswarm/accessor/test/auto/accessors/DerivedAgainD.js
----------------- Reloaded Accessors and testing again Mon Apr 30 11:26:33 UTC 2018 /home/travis/build/icyphy/ptII/org/terraswarm/accessor/test/auto/DerivedAgain4.xml
632 ms. Memory: 882688K Free: 302312K (34%)
----------------- testing Mon Apr 30 11:26:33 UTC 2018 /home/travis/build/icyphy/ptII/org/terraswarm/accessor/test/auto/DerivedAgain5.xml
799 ms. Memory: 882688K Free: 459178K (52%)
reloadAllAccessors: .DerivedAgain5
Accessors in test/auto do not typically have documentation, so we are not running jsdoc on file:/home/travis/build/icyphy/ptII/org/terraswarm/accessor/test/auto/accessors/DerivedAgainE.js
----------------- Reloaded Accessors and testing again Mon Apr 30 11:26:35 UTC 2018 /home/travis/build/icyphy/ptII/org/terraswarm/accessor/test/auto/DerivedAgain5.xml
849 ms. Memory: 883200K Free: 657524K (74%)
----------------- testing Mon Apr 30 11:26:36 UTC 2018 /home/travis/build/icyphy/ptII/org/terraswarm/accessor/test/auto/GetDate.xml
REST: Making an HTTP request. (Thread[GetDate,1,main])
5056 ms. Memory: 884736K Free: 235157K (27%)
reloadAllAccessors: .GetDate
----------------- Reloaded Accessors and testing again Mon Apr 30 11:26:45 UTC 2018 /home/travis/build/icyphy/ptII/org/terraswarm/accessor/test/auto/GetDate.xml
REST: Making an HTTP request. (Thread[Thread-82,5,main])
5025 ms. Memory: 915456K Free: 431753K (47%)
----------------- testing Mon Apr 30 11:26:50 UTC 2018 /home/travis/build/icyphy/ptII/org/terraswarm/accessor/test/auto/HandlerWithSuppress.xml
21226 ms. Memory: 907776K Free: 304791K (34%)
reloadAllAccessors: .HandlerWithSuppress
Accessors in test/auto do not typically have documentation, so we are not running jsdoc on file:/home/travis/build/icyphy/ptII/org/terraswarm/accessor/test/auto/accessors/HandlerWithSuppress.js
----------------- Reloaded Accessors and testing again Mon Apr 30 11:27:12 UTC 2018 /home/travis/build/icyphy/ptII/org/terraswarm/accessor/test/auto/HandlerWithSuppress.xml
21156 ms. Memory: 914432K Free: 268450K (29%)
----------------- testing Mon Apr 30 11:27:33 UTC 2018 /home/travis/build/icyphy/ptII/org/terraswarm/accessor/test/auto/HttpRequest.xml
926 ms. Memory: 914432K Free: 455898K (50%)
reloadAllAccessors: .HttpRequest
----------------- Reloaded Accessors and testing again Mon Apr 30 11:27:35 UTC 2018 /home/travis/build/icyphy/ptII/org/terraswarm/accessor/test/auto/HttpRequest.xml
740 ms. Memory: 914432K Free: 177057K (19%)
----------------- testing Mon Apr 30 11:27:36 UTC 2018 /home/travis/build/icyphy/ptII/org/terraswarm/accessor/test/auto/JSON.xml
JavaScript: { data: 1 } (Thread[JSON,1,main])
JavaScript3: 1 (Thread[JSON,1,main])
2076 ms. Memory: 930304K Free: 307206K (33%)
reloadAllAccessors: .JSON
----------------- testing Mon Apr 30 11:27:39 UTC 2018 /home/travis/build/icyphy/ptII/org/terraswarm/accessor/test/auto/ReadURL.xml
12189 ms. Memory: 930304K Free: 374195K (40%)
reloadAllAccessors: .ReadURL
----------------- Reloaded Accessors and testing again Mon Apr 30 11:27:53 UTC 2018 /home/travis/build/icyphy/ptII/org/terraswarm/accessor/test/auto/ReadURL.xml
11789 ms. Memory: 931840K Free: 630406K (68%)
----------------- testing Mon Apr 30 11:28:05 UTC 2018 /home/travis/build/icyphy/ptII/org/terraswarm/accessor/test/auto/SendNullToOwnInput.xml
1333 ms. Memory: 927744K Free: 514643K (55%)
reloadAllAccessors: .SendNullToOwnInput
----------------- Reloaded Accessors and testing again Mon Apr 30 11:28:07 UTC 2018 /home/travis/build/icyphy/ptII/org/terraswarm/accessor/test/auto/SendNullToOwnInput.xml
1664 ms. Memory: 941568K Free: 734020K (78%)
----------------- testing Mon Apr 30 11:28:09 UTC 2018 /home/travis/build/icyphy/ptII/org/terraswarm/accessor/test/auto/Stop.xml
TextDisplayHelper: 0
TextDisplayHelper: 1
TextDisplayHelper: 2
TextDisplayHelper: 3
6722 ms. Memory: 942592K Free: 474118K (50%)
reloadAllAccessors: .Stop
----------------- Reloaded Accessors and testing again Mon Apr 30 11:28:18 UTC 2018 /home/travis/build/icyphy/ptII/org/terraswarm/accessor/test/auto/Stop.xml
TextDisplayHelper: 0
TextDisplayHelper: 1
TextDisplayHelper: 2
TextDisplayHelper: 3
6446 ms. Memory: 943104K Free: 438843K (47%)
----------------- testing Mon Apr 30 11:28:25 UTC 2018 /home/travis/build/icyphy/ptII/org/terraswarm/accessor/test/auto/Stop2.xml
2532 ms. Memory: 943104K Free: 633805K (67%)
reloadAllAccessors: .Stop2
----------------- Reloaded Accessors and testing again Mon Apr 30 11:28:28 UTC 2018 /home/travis/build/icyphy/ptII/org/terraswarm/accessor/test/auto/Stop2.xml
2644 ms. Memory: 943104K Free: 368065K (39%)
AutoTests.java: About to close Vertx.
AutoTests.java: Vertx closed.
]]></system-out>
  <system-err><![CDATA[WARNING: Invoking send() too late (probably in a callback), so WebSocketServer is not able to send the token {socketID = 0, status = "closed"} to the output connection. Token is discarded.
WARNING: Invoking send() too late (probably in a callback), so WebSocketServer is not able to send the token {socketID = 0, status = "closed"} to the output connection. Token is discarded.
WARNING: Invoking send() too late (probably in a callback), so WebSocketServer is not able to send the token {socketID = 0, status = "closed"} to the output connection. Token is discarded.
WARNING: Invoking send() too late (probably in a callback), so WebSocketServer is not able to send the token {socketID = 0, status = "closed"} to the output connection. Token is discarded.
WARNING: WebSocketServer: Model stopped before executing actions (e.g. producing outputs) scheduled for execution at times [0.12100000000000001]
java.lang.RuntimeException: Execution failed
	at ptolemy.moml.MoMLSimpleApplication$UnloadThread.run(MoMLSimpleApplication.java:402)
Caused by: ptolemy.kernel.util.IllegalActionException: Exceptions occurred during wrapup:
ptolemy.kernel.util.IllegalActionException: Failure executing the wrapup function: Error: TrainableTest: The input handler of this accessor was never invoked. Usually, this is an error indicating that starvation is occurring. in <function> at line number 393 at column number 16
  in .WebSocketClient2JS.TrainableTest
Because:
Error: TrainableTest: The input handler of this accessor was never invoked. Usually, this is an error indicating that starvation is occurring. in <function> at line number 393 at column number 16

  in .WebSocketClient2JS.DE Director
Because:
Failure executing the wrapup function: Error: TrainableTest: The input handler of this accessor was never invoked. Usually, this is an error indicating that starvation is occurring. in <function> at line number 393 at column number 16
  in .WebSocketClient2JS.TrainableTest
Because:
Error: TrainableTest: The input handler of this accessor was never invoked. Usually, this is an error indicating that starvation is occurring. in <function> at line number 393 at column number 16
	at ptolemy.actor.Director.wrapup(Director.java:1736)
	at ptolemy.domains.de.kernel.DEDirector.wrapup(DEDirector.java:1526)
	at ptolemy.actor.CompositeActor.wrapup(CompositeActor.java:2735)
	at ptolemy.actor.Manager.wrapup(Manager.java:1512)
	at ptolemy.actor.Manager.execute(Manager.java:407)
	at ptolemy.actor.Manager.run(Manager.java:1263)
	at ptolemy.actor.Manager$PtolemyRunThread.run(Manager.java:1915)
Caused by: ptolemy.kernel.util.IllegalActionException: Failure executing the wrapup function: Error: TrainableTest: The input handler of this accessor was never invoked. Usually, this is an error indicating that starvation is occurring. in <function> at line number 393 at column number 16
  in .WebSocketClient2JS.TrainableTest
Because:
Error: TrainableTest: The input handler of this accessor was never invoked. Usually, this is an error indicating that starvation is occurring. in <function> at line number 393 at column number 16
	at ptolemy.actor.lib.jjs.JavaScript._invokeMethodInContext(JavaScript.java:2216)
	at ptolemy.actor.lib.jjs.JavaScript.wrapup(JavaScript.java:2111)
	at ptolemy.actor.Director.wrapup(Director.java:1722)
	... 6 more
Caused by: javax.script.ScriptException: Error: TrainableTest: The input handler of this accessor was never invoked. Usually, this is an error indicating that starvation is occurring. in <function> at line number 393 at column number 16
	at jdk.nashorn.api.scripting.NashornScriptEngine.throwAsScriptException(NashornScriptEngine.java:470)
	at jdk.nashorn.api.scripting.NashornScriptEngine.invokeImpl(NashornScriptEngine.java:392)
	at jdk.nashorn.api.scripting.NashornScriptEngine.invokeMethod(NashornScriptEngine.java:199)
	at ptolemy.actor.lib.jjs.JavaScript._invokeMethodInContext(JavaScript.java:2193)
	... 8 more
Caused by: <function>:393:16 Error: TrainableTest: The input handler of this accessor was never invoked. Usually, this is an error indicating that starvation is occurring.
	at jdk.nashorn.internal.objects.NativeError.initException(NativeError.java:137)
	at jdk.nashorn.internal.objects.NativeError.<init>(NativeError.java:102)
	at jdk.nashorn.internal.objects.NativeError.<init>(NativeError.java:106)
	at jdk.nashorn.internal.objects.NativeError.<init>(NativeError.java:110)
	at jdk.nashorn.internal.objects.NativeError.constructor(NativeError.java:129)
	at jdk.nashorn.internal.scripts.Script$Recompilation$7359$18508$\^function\_.L:1#wrapup(<function>:393)
	at jdk.nashorn.internal.scripts.Script$Recompilation$7357$30328$require.L:1#Accessor#wrapup(/home/travis/build/icyphy/ptII/ptolemy/actor/lib/jjs/external/require.js#401:30<eval>:673)
	at jdk.nashorn.internal.runtime.ScriptFunctionData.invoke(ScriptFunctionData.java:637)
	at jdk.nashorn.internal.runtime.ScriptFunction.invoke(ScriptFunction.java:494)
	at jdk.nashorn.internal.runtime.ScriptRuntime.apply(ScriptRuntime.java:393)
	at jdk.nashorn.api.scripting.ScriptObjectMirror.callMember(ScriptObjectMirror.java:199)
	at jdk.nashorn.api.scripting.NashornScriptEngine.invokeImpl(NashornScriptEngine.java:386)
	... 10 more
WARNING: CallbackWithSuppress: Model stopped before executing actions (e.g. producing outputs) scheduled for execution at times [21.0]
WARNING: CallbackWithSuppress: Model stopped before executing actions (e.g. producing outputs) scheduled for execution at times [21.0]
WARNING: HandlerWithSuppress: Model stopped before executing actions (e.g. producing outputs) scheduled for execution at times [21.0]
WARNING: HandlerWithSuppress: Model stopped before executing actions (e.g. producing outputs) scheduled for execution at times [21.0]
WARNING: TestSpontaneous: Model stopped before executing actions (e.g. producing outputs) scheduled for execution at times [5.0]
WARNING: TestSpontaneous: Model stopped before executing actions (e.g. producing outputs) scheduled for execution at times [5.0]
]]></system-err>
</testsuite>
