<?xml version="1.0" encoding="UTF-8" ?>
<testsuite errors="1" failures="0" hostname="travis-job-4fa0f513-4b47-445f-980d-98fb28bb08ae" name="ptolemy.actor.lib.hoc.test.junit.JUnitTclTest" skipped="0" tests="58" time="25.218" timestamp="2018-05-15T23:45:11">
  <properties>
[...]
</properties>
  <testcase classname="ptolemy.util.test.junit.TclTests" name="[0] /home/travis/build/icyphy/ptII/ptolemy/actor/lib/hoc/test/IterateOverArray.tcl (RunTclFile)" time="0.292" />
  <testcase classname="ptolemy.util.test.junit.AutoKnownFailedTests" name="[0] /home/travis/build/icyphy/ptII/ptolemy/actor/lib/hoc/test/auto/knownFailedTests/PreinitializeMustBeInvokedRunComposite.xml (RunModel)" time="0.243" />
  <testcase classname="ptolemy.util.test.junit.AutoNameArchTests" name="[0] ThereAreNoAutoTests (RunModel)" time="0.0" />
  <testcase classname="ptolemy.util.test.junit.AutoTests" name="[0] /home/travis/build/icyphy/ptII/ptolemy/actor/lib/hoc/test/auto/AllToAllMultiInstanceComposite.xml (RunModel)" time="0.316" />
  <testcase classname="ptolemy.util.test.junit.AutoTests" name="[1] /home/travis/build/icyphy/ptII/ptolemy/actor/lib/hoc/test/auto/ApplyFFTTest.xml (RunModel)" time="0.33" />
  <testcase classname="ptolemy.util.test.junit.AutoTests" name="[2] /home/travis/build/icyphy/ptII/ptolemy/actor/lib/hoc/test/auto/ApplyFunction.xml (RunModel)" time="0.05" />
  <testcase classname="ptolemy.util.test.junit.AutoTests" name="[3] /home/travis/build/icyphy/ptII/ptolemy/actor/lib/hoc/test/auto/BackgroundExecution.xml (RunModel)" time="0.734" />
  <testcase classname="ptolemy.util.test.junit.AutoTests" name="[4] /home/travis/build/icyphy/ptII/ptolemy/actor/lib/hoc/test/auto/Case.xml (RunModel)" time="0.071" />
  <testcase classname="ptolemy.util.test.junit.AutoTests" name="[5] /home/travis/build/icyphy/ptII/ptolemy/actor/lib/hoc/test/auto/Case1.xml (RunModel)" time="0.107" />
  <testcase classname="ptolemy.util.test.junit.AutoTests" name="[6] /home/travis/build/icyphy/ptII/ptolemy/actor/lib/hoc/test/auto/Case2.xml (RunModel)" time="0.135" />
  <testcase classname="ptolemy.util.test.junit.AutoTests" name="[7] /home/travis/build/icyphy/ptII/ptolemy/actor/lib/hoc/test/auto/Case3.xml (RunModel)" time="0.056" />
  <testcase classname="ptolemy.util.test.junit.AutoTests" name="[8] /home/travis/build/icyphy/ptII/ptolemy/actor/lib/hoc/test/auto/Case4.xml (RunModel)" time="0.088" />
  <testcase classname="ptolemy.util.test.junit.AutoTests" name="[9] /home/travis/build/icyphy/ptII/ptolemy/actor/lib/hoc/test/auto/Case5.xml (RunModel)" time="0.1" />
  <testcase classname="ptolemy.util.test.junit.AutoTests" name="[10] /home/travis/build/icyphy/ptII/ptolemy/actor/lib/hoc/test/auto/Case6.xml (RunModel)" time="0.17" />
  <testcase classname="ptolemy.util.test.junit.AutoTests" name="[11] /home/travis/build/icyphy/ptII/ptolemy/actor/lib/hoc/test/auto/CaseString2.xml (RunModel)" time="0.064" />
  <testcase classname="ptolemy.util.test.junit.AutoTests" name="[12] /home/travis/build/icyphy/ptII/ptolemy/actor/lib/hoc/test/auto/CatchUpComposite1.xml (RunModel)" time="0.103" />
  <testcase classname="ptolemy.util.test.junit.AutoTests" name="[13] /home/travis/build/icyphy/ptII/ptolemy/actor/lib/hoc/test/auto/CatchUpComposite2.xml (RunModel)" time="0.064" />
  <testcase classname="ptolemy.util.test.junit.AutoTests" name="[14] /home/travis/build/icyphy/ptII/ptolemy/actor/lib/hoc/test/auto/CatchUpComposite3.xml (RunModel)" time="0.071" />
  <testcase classname="ptolemy.util.test.junit.AutoTests" name="[15] /home/travis/build/icyphy/ptII/ptolemy/actor/lib/hoc/test/auto/CatchUpComposite4.xml (RunModel)" time="0.075" />
  <testcase classname="ptolemy.util.test.junit.AutoTests" name="[16] /home/travis/build/icyphy/ptII/ptolemy/actor/lib/hoc/test/auto/CatchUpComposite5.xml (RunModel)" time="0.046" />
  <testcase classname="ptolemy.util.test.junit.AutoTests" name="[17] /home/travis/build/icyphy/ptII/ptolemy/actor/lib/hoc/test/auto/CatchUpComposite6.xml (RunModel)" time="0.174" />
  <testcase classname="ptolemy.util.test.junit.AutoTests" name="[18] /home/travis/build/icyphy/ptII/ptolemy/actor/lib/hoc/test/auto/CatchUpComposite7.xml (RunModel)" time="0.129" />
  <testcase classname="ptolemy.util.test.junit.AutoTests" name="[19] /home/travis/build/icyphy/ptII/ptolemy/actor/lib/hoc/test/auto/ConcurrentExecutionTimeSDF.xml (RunModel)" time="0.055" />
  <testcase classname="ptolemy.util.test.junit.AutoTests" name="[20] /home/travis/build/icyphy/ptII/ptolemy/actor/lib/hoc/test/auto/ConcurrentSleep.xml (RunModel)" time="0.795" />
  <testcase classname="ptolemy.util.test.junit.AutoTests" name="[21] /home/travis/build/icyphy/ptII/ptolemy/actor/lib/hoc/test/auto/DEInPNInRunCompositeActor.xml (RunModel)" time="0.077" />
  <testcase classname="ptolemy.util.test.junit.AutoTests" name="[22] /home/travis/build/icyphy/ptII/ptolemy/actor/lib/hoc/test/auto/DFTSubSetTest.xml (RunModel)" time="0.365" />
  <testcase classname="ptolemy.util.test.junit.AutoTests" name="[23] /home/travis/build/icyphy/ptII/ptolemy/actor/lib/hoc/test/auto/HocDE.xml (RunModel)" time="0.221" />
  <testcase classname="ptolemy.util.test.junit.AutoTests" name="[24] /home/travis/build/icyphy/ptII/ptolemy/actor/lib/hoc/test/auto/IterateOverArray.xml (RunModel)" time="0.028" />
  <testcase classname="ptolemy.util.test.junit.AutoTests" name="[25] /home/travis/build/icyphy/ptII/ptolemy/actor/lib/hoc/test/auto/IterateOverArray10.xml (RunModel)" time="0.031" />
  <testcase classname="ptolemy.util.test.junit.AutoTests" name="[26] /home/travis/build/icyphy/ptII/ptolemy/actor/lib/hoc/test/auto/IterateOverArray11.xml (RunModel)" time="0.035" />
  <testcase classname="ptolemy.util.test.junit.AutoTests" name="[27] /home/travis/build/icyphy/ptII/ptolemy/actor/lib/hoc/test/auto/IterateOverArray12.xml (RunModel)" time="0.055" />
  <testcase classname="ptolemy.util.test.junit.AutoTests" name="[28] /home/travis/build/icyphy/ptII/ptolemy/actor/lib/hoc/test/auto/IterateOverArray13.xml (RunModel)" time="0.195" />
  <testcase classname="ptolemy.util.test.junit.AutoTests" name="[29] /home/travis/build/icyphy/ptII/ptolemy/actor/lib/hoc/test/auto/IterateOverArray14.xml (RunModel)" time="0.159" />
  <testcase classname="ptolemy.util.test.junit.AutoTests" name="[30] /home/travis/build/icyphy/ptII/ptolemy/actor/lib/hoc/test/auto/IterateOverArray2.xml (RunModel)" time="0.032" />
  <testcase classname="ptolemy.util.test.junit.AutoTests" name="[31] /home/travis/build/icyphy/ptII/ptolemy/actor/lib/hoc/test/auto/IterateOverArray3.xml (RunModel)" time="0.045" />
  <testcase classname="ptolemy.util.test.junit.AutoTests" name="[32] /home/travis/build/icyphy/ptII/ptolemy/actor/lib/hoc/test/auto/IterateOverArray4.xml (RunModel)" time="0.025" />
  <testcase classname="ptolemy.util.test.junit.AutoTests" name="[33] /home/travis/build/icyphy/ptII/ptolemy/actor/lib/hoc/test/auto/IterateOverArray5.xml (RunModel)" time="0.033" />
  <testcase classname="ptolemy.util.test.junit.AutoTests" name="[34] /home/travis/build/icyphy/ptII/ptolemy/actor/lib/hoc/test/auto/IterateOverArray6.xml (RunModel)" time="0.017" />
  <testcase classname="ptolemy.util.test.junit.AutoTests" name="[35] /home/travis/build/icyphy/ptII/ptolemy/actor/lib/hoc/test/auto/IterateOverArray7.xml (RunModel)" time="0.025" />
  <testcase classname="ptolemy.util.test.junit.AutoTests" name="[36] /home/travis/build/icyphy/ptII/ptolemy/actor/lib/hoc/test/auto/IterateOverArray8.xml (RunModel)" time="0.031" />
  <testcase classname="ptolemy.util.test.junit.AutoTests" name="[37] /home/travis/build/icyphy/ptII/ptolemy/actor/lib/hoc/test/auto/IterateOverArray9.xml (RunModel)" time="0.03" />
  <testcase classname="ptolemy.util.test.junit.AutoTests" name="[38] /home/travis/build/icyphy/ptII/ptolemy/actor/lib/hoc/test/auto/IterateOverArrayCoercedOutputType.xml (RunModel)" time="0.049" />
  <testcase classname="ptolemy.util.test.junit.AutoTests" name="[39] /home/travis/build/icyphy/ptII/ptolemy/actor/lib/hoc/test/auto/IterateOverArrayInferredOutputType.xml (RunModel)" time="0.039" />
  <testcase classname="ptolemy.util.test.junit.AutoTests" name="[40] /home/travis/build/icyphy/ptII/ptolemy/actor/lib/hoc/test/auto/MobileFunctionTest.xml (RunModel)" time="0.058" />
  <testcase classname="ptolemy.util.test.junit.AutoTests" name="[41] /home/travis/build/icyphy/ptII/ptolemy/actor/lib/hoc/test/auto/MobileModelTest.xml (RunModel)" time="0.146" />
  <testcase classname="ptolemy.util.test.junit.AutoTests" name="[42] /home/travis/build/icyphy/ptII/ptolemy/actor/lib/hoc/test/auto/ModelReference.xml (RunModel)" time="0.059" />
  <testcase classname="ptolemy.util.test.junit.AutoTests" name="[43] /home/travis/build/icyphy/ptII/ptolemy/actor/lib/hoc/test/auto/ModelReference3.xml (RunModel)" time="0.062" />
  <testcase classname="ptolemy.util.test.junit.AutoTests" name="[44] /home/travis/build/icyphy/ptII/ptolemy/actor/lib/hoc/test/auto/ModelReference4.xml (RunModel)" time="10.046" />
  <testcase classname="ptolemy.util.test.junit.AutoTests" name="[45] /home/travis/build/icyphy/ptII/ptolemy/actor/lib/hoc/test/auto/MultiInstanceComposite.xml (RunModel)" time="0.065" />
  <testcase classname="ptolemy.util.test.junit.AutoTests" name="[46] /home/travis/build/icyphy/ptII/ptolemy/actor/lib/hoc/test/auto/MultiInstanceComposite2.xml (RunModel)" time="0.041" />
  <testcase classname="ptolemy.util.test.junit.AutoTests" name="[47] /home/travis/build/icyphy/ptII/ptolemy/actor/lib/hoc/test/auto/MulticoreExecution.xml (RunModel)" time="2.071">
    <error type="java.lang.reflect.InvocationTargetException">java.lang.reflect.InvocationTargetException
	at java.lang.reflect.Constructor.newInstance(Constructor.java:423)
	at ptolemy.util.test.junit.AutoTests.RunModel(AutoTests.java:185)
	at junitparams.internal.InvokeParameterisedMethod.evaluate(InvokeParameterisedMethod.java:102)
Caused by: ptolemy.kernel.util.IllegalActionException: Inside thread was interrupted.
  in .MulticoreExecution.ThreadedComposite.ThreadedDirector
	at ptolemy.actor.lib.hoc.ThreadedComposite$ThreadedDirector.fire(ThreadedComposite.java:646)
	at ptolemy.actor.CompositeActor.fire(CompositeActor.java:455)
	at ptolemy.actor.sched.FixedPointDirector._fireActor(FixedPointDirector.java:768)
	at ptolemy.actor.sched.FixedPointDirector.fire(FixedPointDirector.java:244)
	at ptolemy.actor.CompositeActor.fire(CompositeActor.java:455)
	at ptolemy.actor.Manager.iterate(Manager.java:851)
	at ptolemy.actor.Manager.execute(Manager.java:369)
	at ptolemy.actor.Manager.run(Manager.java:1263)
	at ptolemy.actor.Manager$PtolemyRunThread.run(Manager.java:1915)
</error>
  </testcase>
  <testcase classname="ptolemy.util.test.junit.AutoTests" name="[48] /home/travis/build/icyphy/ptII/ptolemy/actor/lib/hoc/test/auto/ParallelExecution.xml (RunModel)" time="0.955" />
  <testcase classname="ptolemy.util.test.junit.AutoTests" name="[49] /home/travis/build/icyphy/ptII/ptolemy/actor/lib/hoc/test/auto/RunCompositeActor.xml (RunModel)" time="0.059" />
  <testcase classname="ptolemy.util.test.junit.AutoTests" name="[50] /home/travis/build/icyphy/ptII/ptolemy/actor/lib/hoc/test/auto/RunCompositeActor2.xml (RunModel)" time="0.045" />
  <testcase classname="ptolemy.util.test.junit.AutoTests" name="[51] /home/travis/build/icyphy/ptII/ptolemy/actor/lib/hoc/test/auto/RunCompositeActor3.xml (RunModel)" time="0.026" />
  <testcase classname="ptolemy.util.test.junit.AutoTests" name="[52] /home/travis/build/icyphy/ptII/ptolemy/actor/lib/hoc/test/auto/RunCompositeActor4.xml (RunModel)" time="0.03" />
  <testcase classname="ptolemy.util.test.junit.AutoTests" name="[53] /home/travis/build/icyphy/ptII/ptolemy/actor/lib/hoc/test/auto/RunCompositeIterateOverArray.xml (RunModel)" time="0.027" />
  <testcase classname="ptolemy.util.test.junit.AutoTests" name="[54] /home/travis/build/icyphy/ptII/ptolemy/actor/lib/hoc/test/auto/ThreadedJS.xml (RunModel)" time="5.171" />
  <system-out><![CDATA[/home/travis/build/icyphy/ptII/ptolemy/actor/lib/hoc/test/IterateOverArray.tcl
testDefs.tcl: setting time out to 9000 seconds at Tue May 15 23:45:11 UTC 2018
05/15/18 11:45:12
Failed: 0  Total Tests: 2  ((Passed: 2, Newly Passed: 0)  Known Failed: 0) /home/travis/build/icyphy/ptII/ptolemy/actor/lib/hoc/test
----------------- testing (KnownFailure) /home/travis/build/icyphy/ptII/ptolemy/actor/lib/hoc/test/auto/knownFailedTests/PreinitializeMustBeInvokedRunComposite.xml
40 ms. Memory: 116224K Free: 105000K (90%)
Known Failure: java.lang.reflect.InvocationTargetException
No auto/*.xml tests in /home/travis/build/icyphy/ptII/ptolemy/actor/lib/hoc/test
AutoTests.java: About to close Vertx.
AutoTests.java: Vertx closed.
----------------- testing Tue May 15 23:45:12 UTC 2018 /home/travis/build/icyphy/ptII/ptolemy/actor/lib/hoc/test/auto/AllToAllMultiInstanceComposite.xml
----------------- Instantiating /home/travis/build/icyphy/ptII/ptolemy/actor/lib/hoc/test/auto/AllToAllMultiInstanceComposite.xml
94 ms. Memory: 146944K Free: 114437K (78%)
----------------- Invoking toplevel() on ptolemy.moml.MoMLSimpleApplication@342f6ca8
----------------- Done invoking toplevel() on ptolemy.moml.MoMLSimpleApplication@342f6ca8
reloadAllAccessors: .AllToAllMultiInstanceComposite
----------------- testing Tue May 15 23:45:12 UTC 2018 /home/travis/build/icyphy/ptII/ptolemy/actor/lib/hoc/test/auto/ApplyFFTTest.xml
----------------- Instantiating /home/travis/build/icyphy/ptII/ptolemy/actor/lib/hoc/test/auto/ApplyFFTTest.xml
122 ms. Memory: 146944K Free: 93316K (64%)
----------------- Invoking toplevel() on ptolemy.moml.MoMLSimpleApplication@5aaf069f
----------------- Done invoking toplevel() on ptolemy.moml.MoMLSimpleApplication@5aaf069f
reloadAllAccessors: .ApplyFFTTest
----------------- testing Tue May 15 23:45:13 UTC 2018 /home/travis/build/icyphy/ptII/ptolemy/actor/lib/hoc/test/auto/ApplyFunction.xml
----------------- Instantiating /home/travis/build/icyphy/ptII/ptolemy/actor/lib/hoc/test/auto/ApplyFunction.xml
8 ms. Memory: 146944K Free: 89557K (61%)
----------------- Invoking toplevel() on ptolemy.moml.MoMLSimpleApplication@453a5c7c
----------------- Done invoking toplevel() on ptolemy.moml.MoMLSimpleApplication@453a5c7c
reloadAllAccessors: .ApplyFunction
----------------- testing Tue May 15 23:45:13 UTC 2018 /home/travis/build/icyphy/ptII/ptolemy/actor/lib/hoc/test/auto/BackgroundExecution.xml
----------------- Instantiating /home/travis/build/icyphy/ptII/ptolemy/actor/lib/hoc/test/auto/BackgroundExecution.xml
645 ms. Memory: 146944K Free: 81525K (55%)
----------------- Invoking toplevel() on ptolemy.moml.MoMLSimpleApplication@77095536
----------------- Done invoking toplevel() on ptolemy.moml.MoMLSimpleApplication@77095536
reloadAllAccessors: .BackgroundExecution
----------------- testing Tue May 15 23:45:14 UTC 2018 /home/travis/build/icyphy/ptII/ptolemy/actor/lib/hoc/test/auto/Case.xml
----------------- Instantiating /home/travis/build/icyphy/ptII/ptolemy/actor/lib/hoc/test/auto/Case.xml
17 ms. Memory: 146944K Free: 133898K (91%)
----------------- Invoking toplevel() on ptolemy.moml.MoMLSimpleApplication@7ff68968
----------------- Done invoking toplevel() on ptolemy.moml.MoMLSimpleApplication@7ff68968
reloadAllAccessors: .Case
----------------- testing Tue May 15 23:45:14 UTC 2018 /home/travis/build/icyphy/ptII/ptolemy/actor/lib/hoc/test/auto/Case1.xml
----------------- Instantiating /home/travis/build/icyphy/ptII/ptolemy/actor/lib/hoc/test/auto/Case1.xml
34 ms. Memory: 146944K Free: 126206K (86%)
----------------- Invoking toplevel() on ptolemy.moml.MoMLSimpleApplication@5d675968
----------------- Done invoking toplevel() on ptolemy.moml.MoMLSimpleApplication@5d675968
reloadAllAccessors: .Case1
----------------- testing Tue May 15 23:45:14 UTC 2018 /home/travis/build/icyphy/ptII/ptolemy/actor/lib/hoc/test/auto/Case2.xml
----------------- Instantiating /home/travis/build/icyphy/ptII/ptolemy/actor/lib/hoc/test/auto/Case2.xml
55 ms. Memory: 146944K Free: 115259K (78%)
----------------- Invoking toplevel() on ptolemy.moml.MoMLSimpleApplication@67d13328
----------------- Done invoking toplevel() on ptolemy.moml.MoMLSimpleApplication@67d13328
reloadAllAccessors: .Case2
----------------- testing Tue May 15 23:45:14 UTC 2018 /home/travis/build/icyphy/ptII/ptolemy/actor/lib/hoc/test/auto/Case3.xml
----------------- Instantiating /home/travis/build/icyphy/ptII/ptolemy/actor/lib/hoc/test/auto/Case3.xml
9 ms. Memory: 146944K Free: 107882K (73%)
----------------- Invoking toplevel() on ptolemy.moml.MoMLSimpleApplication@2f5a9e53
----------------- Done invoking toplevel() on ptolemy.moml.MoMLSimpleApplication@2f5a9e53
reloadAllAccessors: .Case3
----------------- testing Tue May 15 23:45:14 UTC 2018 /home/travis/build/icyphy/ptII/ptolemy/actor/lib/hoc/test/auto/Case4.xml
----------------- Instantiating /home/travis/build/icyphy/ptII/ptolemy/actor/lib/hoc/test/auto/Case4.xml
22 ms. Memory: 146944K Free: 99458K (68%)
----------------- Invoking toplevel() on ptolemy.moml.MoMLSimpleApplication@1e37a4ed
----------------- Done invoking toplevel() on ptolemy.moml.MoMLSimpleApplication@1e37a4ed
reloadAllAccessors: .Case4
----------------- testing Tue May 15 23:45:14 UTC 2018 /home/travis/build/icyphy/ptII/ptolemy/actor/lib/hoc/test/auto/Case5.xml
----------------- Instantiating /home/travis/build/icyphy/ptII/ptolemy/actor/lib/hoc/test/auto/Case5.xml
47 ms. Memory: 146944K Free: 91632K (62%)
----------------- Invoking toplevel() on ptolemy.moml.MoMLSimpleApplication@40a22ebe
----------------- Done invoking toplevel() on ptolemy.moml.MoMLSimpleApplication@40a22ebe
reloadAllAccessors: .junk
----------------- testing Tue May 15 23:45:14 UTC 2018 /home/travis/build/icyphy/ptII/ptolemy/actor/lib/hoc/test/auto/Case6.xml
----------------- Instantiating /home/travis/build/icyphy/ptII/ptolemy/actor/lib/hoc/test/auto/Case6.xml
86 ms. Memory: 208384K Free: 201255K (97%)
----------------- Invoking toplevel() on ptolemy.moml.MoMLSimpleApplication@737b9e5f
----------------- Done invoking toplevel() on ptolemy.moml.MoMLSimpleApplication@737b9e5f
reloadAllAccessors: .Case6
----------------- testing Tue May 15 23:45:14 UTC 2018 /home/travis/build/icyphy/ptII/ptolemy/actor/lib/hoc/test/auto/CaseString2.xml
----------------- Instantiating /home/travis/build/icyphy/ptII/ptolemy/actor/lib/hoc/test/auto/CaseString2.xml
19 ms. Memory: 208384K Free: 191130K (92%)
----------------- Invoking toplevel() on ptolemy.moml.MoMLSimpleApplication@519bb62e
----------------- Done invoking toplevel() on ptolemy.moml.MoMLSimpleApplication@519bb62e
reloadAllAccessors: .CaseString2
----------------- testing Tue May 15 23:45:14 UTC 2018 /home/travis/build/icyphy/ptII/ptolemy/actor/lib/hoc/test/auto/CatchUpComposite1.xml
----------------- Instantiating /home/travis/build/icyphy/ptII/ptolemy/actor/lib/hoc/test/auto/CatchUpComposite1.xml
34 ms. Memory: 208384K Free: 181283K (87%)
----------------- Invoking toplevel() on ptolemy.moml.MoMLSimpleApplication@6bab18f7
----------------- Done invoking toplevel() on ptolemy.moml.MoMLSimpleApplication@6bab18f7
reloadAllAccessors: .CatchUpComposite1
----------------- testing Tue May 15 23:45:14 UTC 2018 /home/travis/build/icyphy/ptII/ptolemy/actor/lib/hoc/test/auto/CatchUpComposite2.xml
----------------- Instantiating /home/travis/build/icyphy/ptII/ptolemy/actor/lib/hoc/test/auto/CatchUpComposite2.xml
21 ms. Memory: 208384K Free: 171436K (82%)
----------------- Invoking toplevel() on ptolemy.moml.MoMLSimpleApplication@75bd0a87
----------------- Done invoking toplevel() on ptolemy.moml.MoMLSimpleApplication@75bd0a87
reloadAllAccessors: .CatchUpComposite2
----------------- testing Tue May 15 23:45:15 UTC 2018 /home/travis/build/icyphy/ptII/ptolemy/actor/lib/hoc/test/auto/CatchUpComposite3.xml
----------------- Instantiating /home/travis/build/icyphy/ptII/ptolemy/actor/lib/hoc/test/auto/CatchUpComposite3.xml
17 ms. Memory: 208384K Free: 160661K (77%)
----------------- Invoking toplevel() on ptolemy.moml.MoMLSimpleApplication@a9a4ceb
----------------- Done invoking toplevel() on ptolemy.moml.MoMLSimpleApplication@a9a4ceb
reloadAllAccessors: .CatchUpComposite3
----------------- testing Tue May 15 23:45:15 UTC 2018 /home/travis/build/icyphy/ptII/ptolemy/actor/lib/hoc/test/auto/CatchUpComposite4.xml
----------------- Instantiating /home/travis/build/icyphy/ptII/ptolemy/actor/lib/hoc/test/auto/CatchUpComposite4.xml
28 ms. Memory: 208384K Free: 151349K (73%)
----------------- Invoking toplevel() on ptolemy.moml.MoMLSimpleApplication@74a2727f
----------------- Done invoking toplevel() on ptolemy.moml.MoMLSimpleApplication@74a2727f
reloadAllAccessors: .CatchUpComposite4
----------------- testing Tue May 15 23:45:15 UTC 2018 /home/travis/build/icyphy/ptII/ptolemy/actor/lib/hoc/test/auto/CatchUpComposite5.xml
----------------- Instantiating /home/travis/build/icyphy/ptII/ptolemy/actor/lib/hoc/test/auto/CatchUpComposite5.xml
15 ms. Memory: 208384K Free: 142730K (68%)
----------------- Invoking toplevel() on ptolemy.moml.MoMLSimpleApplication@5bd891a4
----------------- Done invoking toplevel() on ptolemy.moml.MoMLSimpleApplication@5bd891a4
reloadAllAccessors: .CatchUpComposite5
----------------- testing Tue May 15 23:45:15 UTC 2018 /home/travis/build/icyphy/ptII/ptolemy/actor/lib/hoc/test/auto/CatchUpComposite6.xml
----------------- Instantiating /home/travis/build/icyphy/ptII/ptolemy/actor/lib/hoc/test/auto/CatchUpComposite6.xml
WARNING: The execution aspects in this model can influence the timing of actors by delaying the 
execution, potentially changing the behavior. There is no guarantee that actors fire at the 
time they request to be fired. 
Use Ptides for deterministic DE behavior that is not influenced by execution aspects. 

73 ms. Memory: 208384K Free: 121429K (58%)
----------------- Invoking toplevel() on ptolemy.moml.MoMLSimpleApplication@249a9195
----------------- Done invoking toplevel() on ptolemy.moml.MoMLSimpleApplication@249a9195
reloadAllAccessors: .CatchUpComposite6
----------------- testing Tue May 15 23:45:15 UTC 2018 /home/travis/build/icyphy/ptII/ptolemy/actor/lib/hoc/test/auto/CatchUpComposite7.xml
----------------- Instantiating /home/travis/build/icyphy/ptII/ptolemy/actor/lib/hoc/test/auto/CatchUpComposite7.xml
WARNING: The execution aspects in this model can influence the timing of actors by delaying the 
execution, potentially changing the behavior. There is no guarantee that actors fire at the 
time they request to be fired. 
Use Ptides for deterministic DE behavior that is not influenced by execution aspects. 

55 ms. Memory: 208384K Free: 104711K (50%)
----------------- Invoking toplevel() on ptolemy.moml.MoMLSimpleApplication@16a73d13
----------------- Done invoking toplevel() on ptolemy.moml.MoMLSimpleApplication@16a73d13
reloadAllAccessors: .CatchUpComposite7
----------------- testing Tue May 15 23:45:15 UTC 2018 /home/travis/build/icyphy/ptII/ptolemy/actor/lib/hoc/test/auto/ConcurrentExecutionTimeSDF.xml
----------------- Instantiating /home/travis/build/icyphy/ptII/ptolemy/actor/lib/hoc/test/auto/ConcurrentExecutionTimeSDF.xml
22 ms. Memory: 208384K Free: 96093K (46%)
----------------- Invoking toplevel() on ptolemy.moml.MoMLSimpleApplication@6f94050c
----------------- Done invoking toplevel() on ptolemy.moml.MoMLSimpleApplication@6f94050c
reloadAllAccessors: .ConcurrentExecutionTimeSDF
----------------- testing Tue May 15 23:45:15 UTC 2018 /home/travis/build/icyphy/ptII/ptolemy/actor/lib/hoc/test/auto/ConcurrentSleep.xml
----------------- Instantiating /home/travis/build/icyphy/ptII/ptolemy/actor/lib/hoc/test/auto/ConcurrentSleep.xml
750 ms. Memory: 208384K Free: 81599K (39%)
----------------- Invoking toplevel() on ptolemy.moml.MoMLSimpleApplication@353ad5d7
----------------- Done invoking toplevel() on ptolemy.moml.MoMLSimpleApplication@353ad5d7
reloadAllAccessors: .ConcurrentSleep
----------------- testing Tue May 15 23:45:16 UTC 2018 /home/travis/build/icyphy/ptII/ptolemy/actor/lib/hoc/test/auto/DEInPNInRunCompositeActor.xml
----------------- Instantiating /home/travis/build/icyphy/ptII/ptolemy/actor/lib/hoc/test/auto/DEInPNInRunCompositeActor.xml
10 ms. Memory: 208384K Free: 197440K (95%)
----------------- Invoking toplevel() on ptolemy.moml.MoMLSimpleApplication@3d793f9f
----------------- Done invoking toplevel() on ptolemy.moml.MoMLSimpleApplication@3d793f9f
reloadAllAccessors: .DEInPNInRunCompositeActor
----------------- testing Tue May 15 23:45:16 UTC 2018 /home/travis/build/icyphy/ptII/ptolemy/actor/lib/hoc/test/auto/DFTSubSetTest.xml
----------------- Instantiating /home/travis/build/icyphy/ptII/ptolemy/actor/lib/hoc/test/auto/DFTSubSetTest.xml
221 ms. Memory: 208384K Free: 149694K (72%)
----------------- Invoking toplevel() on ptolemy.moml.MoMLSimpleApplication@854d5df
----------------- Done invoking toplevel() on ptolemy.moml.MoMLSimpleApplication@854d5df
reloadAllAccessors: .DFTSubSetTest
----------------- testing Tue May 15 23:45:16 UTC 2018 /home/travis/build/icyphy/ptII/ptolemy/actor/lib/hoc/test/auto/HocDE.xml
----------------- Instantiating /home/travis/build/icyphy/ptII/ptolemy/actor/lib/hoc/test/auto/HocDE.xml
169 ms. Memory: 208384K Free: 121885K (58%)
----------------- Invoking toplevel() on ptolemy.moml.MoMLSimpleApplication@40e76513
----------------- Done invoking toplevel() on ptolemy.moml.MoMLSimpleApplication@40e76513
reloadAllAccessors: .HocDE
----------------- testing Tue May 15 23:45:17 UTC 2018 /home/travis/build/icyphy/ptII/ptolemy/actor/lib/hoc/test/auto/IterateOverArray.xml
----------------- Instantiating /home/travis/build/icyphy/ptII/ptolemy/actor/lib/hoc/test/auto/IterateOverArray.xml
10 ms. Memory: 208384K Free: 116937K (56%)
----------------- Invoking toplevel() on ptolemy.moml.MoMLSimpleApplication@52485dd
----------------- Done invoking toplevel() on ptolemy.moml.MoMLSimpleApplication@52485dd
reloadAllAccessors: .IterateOverArray
----------------- testing Tue May 15 23:45:17 UTC 2018 /home/travis/build/icyphy/ptII/ptolemy/actor/lib/hoc/test/auto/IterateOverArray10.xml
----------------- Instantiating /home/travis/build/icyphy/ptII/ptolemy/actor/lib/hoc/test/auto/IterateOverArray10.xml
3 ms. Memory: 208384K Free: 112628K (54%)
----------------- Invoking toplevel() on ptolemy.moml.MoMLSimpleApplication@4f695768
----------------- Done invoking toplevel() on ptolemy.moml.MoMLSimpleApplication@4f695768
reloadAllAccessors: .IterateOverArray10
----------------- testing Tue May 15 23:45:17 UTC 2018 /home/travis/build/icyphy/ptII/ptolemy/actor/lib/hoc/test/auto/IterateOverArray11.xml
----------------- Instantiating /home/travis/build/icyphy/ptII/ptolemy/actor/lib/hoc/test/auto/IterateOverArray11.xml
9 ms. Memory: 208384K Free: 107680K (52%)
----------------- Invoking toplevel() on ptolemy.moml.MoMLSimpleApplication@54962a18
----------------- Done invoking toplevel() on ptolemy.moml.MoMLSimpleApplication@54962a18
reloadAllAccessors: .IterateOverArray11
----------------- testing Tue May 15 23:45:17 UTC 2018 /home/travis/build/icyphy/ptII/ptolemy/actor/lib/hoc/test/auto/IterateOverArray12.xml
----------------- Instantiating /home/travis/build/icyphy/ptII/ptolemy/actor/lib/hoc/test/auto/IterateOverArray12.xml
23 ms. Memory: 208384K Free: 100243K (48%)
----------------- Invoking toplevel() on ptolemy.moml.MoMLSimpleApplication@6a594b9f
----------------- Done invoking toplevel() on ptolemy.moml.MoMLSimpleApplication@6a594b9f
reloadAllAccessors: .IterateOverArray12
----------------- testing Tue May 15 23:45:17 UTC 2018 /home/travis/build/icyphy/ptII/ptolemy/actor/lib/hoc/test/auto/IterateOverArray13.xml
----------------- Instantiating /home/travis/build/icyphy/ptII/ptolemy/actor/lib/hoc/test/auto/IterateOverArray13.xml
111 ms. Memory: 331776K Free: 315951K (95%)
----------------- Invoking toplevel() on ptolemy.moml.MoMLSimpleApplication@47e8ba9c
----------------- Done invoking toplevel() on ptolemy.moml.MoMLSimpleApplication@47e8ba9c
reloadAllAccessors: .IterateOverArray13
----------------- testing Tue May 15 23:45:17 UTC 2018 /home/travis/build/icyphy/ptII/ptolemy/actor/lib/hoc/test/auto/IterateOverArray14.xml
----------------- Instantiating /home/travis/build/icyphy/ptII/ptolemy/actor/lib/hoc/test/auto/IterateOverArray14.xml
67 ms. Memory: 331776K Free: 277362K (84%)
----------------- Invoking toplevel() on ptolemy.moml.MoMLSimpleApplication@3d71a07b
----------------- Done invoking toplevel() on ptolemy.moml.MoMLSimpleApplication@3d71a07b
reloadAllAccessors: .IterateOverArray14
----------------- testing Tue May 15 23:45:17 UTC 2018 /home/travis/build/icyphy/ptII/ptolemy/actor/lib/hoc/test/auto/IterateOverArray2.xml
----------------- Instantiating /home/travis/build/icyphy/ptII/ptolemy/actor/lib/hoc/test/auto/IterateOverArray2.xml
11 ms. Memory: 331776K Free: 272457K (82%)
----------------- Invoking toplevel() on ptolemy.moml.MoMLSimpleApplication@122bba4b
----------------- Done invoking toplevel() on ptolemy.moml.MoMLSimpleApplication@122bba4b
reloadAllAccessors: .IterateOverArray2
----------------- testing Tue May 15 23:45:17 UTC 2018 /home/travis/build/icyphy/ptII/ptolemy/actor/lib/hoc/test/auto/IterateOverArray3.xml
----------------- Instantiating /home/travis/build/icyphy/ptII/ptolemy/actor/lib/hoc/test/auto/IterateOverArray3.xml
15 ms. Memory: 331776K Free: 264268K (80%)
----------------- Invoking toplevel() on ptolemy.moml.MoMLSimpleApplication@37f956ed
----------------- Done invoking toplevel() on ptolemy.moml.MoMLSimpleApplication@37f956ed
reloadAllAccessors: .IterateOverArray3
----------------- testing Tue May 15 23:45:17 UTC 2018 /home/travis/build/icyphy/ptII/ptolemy/actor/lib/hoc/test/auto/IterateOverArray4.xml
----------------- Instantiating /home/travis/build/icyphy/ptII/ptolemy/actor/lib/hoc/test/auto/IterateOverArray4.xml
6 ms. Memory: 331776K Free: 259363K (78%)
----------------- Invoking toplevel() on ptolemy.moml.MoMLSimpleApplication@7fc9c980
----------------- Done invoking toplevel() on ptolemy.moml.MoMLSimpleApplication@7fc9c980
reloadAllAccessors: .IterateOverArray4
----------------- testing Tue May 15 23:45:17 UTC 2018 /home/travis/build/icyphy/ptII/ptolemy/actor/lib/hoc/test/auto/IterateOverArray5.xml
----------------- Instantiating /home/travis/build/icyphy/ptII/ptolemy/actor/lib/hoc/test/auto/IterateOverArray5.xml
6 ms. Memory: 331776K Free: 254457K (77%)
----------------- Invoking toplevel() on ptolemy.moml.MoMLSimpleApplication@7a11114d
----------------- Done invoking toplevel() on ptolemy.moml.MoMLSimpleApplication@7a11114d
reloadAllAccessors: .IterateOverArray5
----------------- testing Tue May 15 23:45:17 UTC 2018 /home/travis/build/icyphy/ptII/ptolemy/actor/lib/hoc/test/auto/IterateOverArray6.xml
----------------- Instantiating /home/travis/build/icyphy/ptII/ptolemy/actor/lib/hoc/test/auto/IterateOverArray6.xml
3 ms. Memory: 331776K Free: 249947K (75%)
----------------- Invoking toplevel() on ptolemy.moml.MoMLSimpleApplication@320ea574
----------------- Done invoking toplevel() on ptolemy.moml.MoMLSimpleApplication@320ea574
reloadAllAccessors: .IterateOverArray6
----------------- testing Tue May 15 23:45:17 UTC 2018 /home/travis/build/icyphy/ptII/ptolemy/actor/lib/hoc/test/auto/IterateOverArray7.xml
----------------- Instantiating /home/travis/build/icyphy/ptII/ptolemy/actor/lib/hoc/test/auto/IterateOverArray7.xml
5 ms. Memory: 331776K Free: 245042K (74%)
----------------- Invoking toplevel() on ptolemy.moml.MoMLSimpleApplication@4204b29a
----------------- Done invoking toplevel() on ptolemy.moml.MoMLSimpleApplication@4204b29a
reloadAllAccessors: .IterateOverArray7
----------------- testing Tue May 15 23:45:17 UTC 2018 /home/travis/build/icyphy/ptII/ptolemy/actor/lib/hoc/test/auto/IterateOverArray8.xml
----------------- Instantiating /home/travis/build/icyphy/ptII/ptolemy/actor/lib/hoc/test/auto/IterateOverArray8.xml
5 ms. Memory: 331776K Free: 239306K (72%)
----------------- Invoking toplevel() on ptolemy.moml.MoMLSimpleApplication@1e034b58
----------------- Done invoking toplevel() on ptolemy.moml.MoMLSimpleApplication@1e034b58
reloadAllAccessors: .IterateOverArray8
----------------- testing Tue May 15 23:45:17 UTC 2018 /home/travis/build/icyphy/ptII/ptolemy/actor/lib/hoc/test/auto/IterateOverArray9.xml
----------------- Instantiating /home/travis/build/icyphy/ptII/ptolemy/actor/lib/hoc/test/auto/IterateOverArray9.xml
11 ms. Memory: 331776K Free: 234401K (71%)
----------------- Invoking toplevel() on ptolemy.moml.MoMLSimpleApplication@4efb3505
----------------- Done invoking toplevel() on ptolemy.moml.MoMLSimpleApplication@4efb3505
reloadAllAccessors: .IterateOverArray9
----------------- testing Tue May 15 23:45:17 UTC 2018 /home/travis/build/icyphy/ptII/ptolemy/actor/lib/hoc/test/auto/IterateOverArrayCoercedOutputType.xml
----------------- Instantiating /home/travis/build/icyphy/ptII/ptolemy/actor/lib/hoc/test/auto/IterateOverArrayCoercedOutputType.xml
4 ms. Memory: 331776K Free: 228270K (69%)
----------------- Invoking toplevel() on ptolemy.moml.MoMLSimpleApplication@14f3b28c
----------------- Done invoking toplevel() on ptolemy.moml.MoMLSimpleApplication@14f3b28c
reloadAllAccessors: .IterateOverArrayCoercedOutputType
----------------- testing Tue May 15 23:45:17 UTC 2018 /home/travis/build/icyphy/ptII/ptolemy/actor/lib/hoc/test/auto/IterateOverArrayInferredOutputType.xml
----------------- Instantiating /home/travis/build/icyphy/ptII/ptolemy/actor/lib/hoc/test/auto/IterateOverArrayInferredOutputType.xml
15 ms. Memory: 331776K Free: 221307K (67%)
----------------- Invoking toplevel() on ptolemy.moml.MoMLSimpleApplication@76ddbcd1
----------------- Done invoking toplevel() on ptolemy.moml.MoMLSimpleApplication@76ddbcd1
reloadAllAccessors: .IterateOverArrayInferredOutputType
----------------- testing Tue May 15 23:45:17 UTC 2018 /home/travis/build/icyphy/ptII/ptolemy/actor/lib/hoc/test/auto/MobileFunctionTest.xml
----------------- Instantiating /home/travis/build/icyphy/ptII/ptolemy/actor/lib/hoc/test/auto/MobileFunctionTest.xml
5 ms. Memory: 331776K Free: 216402K (65%)
----------------- Invoking toplevel() on ptolemy.moml.MoMLSimpleApplication@2041cc95
----------------- Done invoking toplevel() on ptolemy.moml.MoMLSimpleApplication@2041cc95
reloadAllAccessors: .MobileFunctionTest
----------------- testing Tue May 15 23:45:18 UTC 2018 /home/travis/build/icyphy/ptII/ptolemy/actor/lib/hoc/test/auto/MobileModelTest.xml
----------------- Instantiating /home/travis/build/icyphy/ptII/ptolemy/actor/lib/hoc/test/auto/MobileModelTest.xml
98 ms. Memory: 331776K Free: 194709K (59%)
----------------- Invoking toplevel() on ptolemy.moml.MoMLSimpleApplication@5d48a108
----------------- Done invoking toplevel() on ptolemy.moml.MoMLSimpleApplication@5d48a108
reloadAllAccessors: .MobileModelTest
----------------- testing Tue May 15 23:45:18 UTC 2018 /home/travis/build/icyphy/ptII/ptolemy/actor/lib/hoc/test/auto/ModelReference.xml
----------------- Instantiating /home/travis/build/icyphy/ptII/ptolemy/actor/lib/hoc/test/auto/ModelReference.xml
4 ms. Memory: 331776K Free: 186125K (56%)
2 ms. Memory: 331776K Free: 184899K (56%)
1 ms. Memory: 331776K Free: 184899K (56%)
2 ms. Memory: 331776K Free: 183673K (55%)
1 ms. Memory: 331776K Free: 182446K (55%)
2 ms. Memory: 331776K Free: 182446K (55%)
2 ms. Memory: 331776K Free: 181220K (55%)
2 ms. Memory: 331776K Free: 179994K (54%)
3 ms. Memory: 331776K Free: 179994K (54%)
1 ms. Memory: 331776K Free: 178768K (54%)
30 ms. Memory: 331776K Free: 178768K (54%)
----------------- Invoking toplevel() on ptolemy.moml.MoMLSimpleApplication@63e87e1f
----------------- Done invoking toplevel() on ptolemy.moml.MoMLSimpleApplication@63e87e1f
reloadAllAccessors: .ModelReference
----------------- testing Tue May 15 23:45:18 UTC 2018 /home/travis/build/icyphy/ptII/ptolemy/actor/lib/hoc/test/auto/ModelReference3.xml
----------------- Instantiating /home/travis/build/icyphy/ptII/ptolemy/actor/lib/hoc/test/auto/ModelReference3.xml
2 ms. Memory: 331776K Free: 172636K (52%)
6 ms. Memory: 331776K Free: 172636K (52%)
2 ms. Memory: 331776K Free: 171410K (52%)
5 ms. Memory: 331776K Free: 170184K (51%)
3 ms. Memory: 331776K Free: 170184K (51%)
2 ms. Memory: 331776K Free: 168957K (51%)
5 ms. Memory: 331776K Free: 167731K (51%)
2 ms. Memory: 331776K Free: 167731K (51%)
2 ms. Memory: 331776K Free: 166505K (50%)
2 ms. Memory: 331776K Free: 165279K (50%)
41 ms. Memory: 331776K Free: 165279K (50%)
----------------- Invoking toplevel() on ptolemy.moml.MoMLSimpleApplication@767a8a2c
----------------- Done invoking toplevel() on ptolemy.moml.MoMLSimpleApplication@767a8a2c
reloadAllAccessors: .ModelReference3
----------------- testing Tue May 15 23:45:18 UTC 2018 /home/travis/build/icyphy/ptII/ptolemy/actor/lib/hoc/test/auto/ModelReference4.xml
----------------- Instantiating /home/travis/build/icyphy/ptII/ptolemy/actor/lib/hoc/test/auto/ModelReference4.xml
6 ms. Memory: 331776K Free: 158317K (48%)
4 ms. Memory: 331776K Free: 157090K (47%)
3 ms. Memory: 331776K Free: 154638K (47%)
3 ms. Memory: 331776K Free: 153412K (46%)
7 ms. Memory: 331776K Free: 152185K (46%)
4 ms. Memory: 331776K Free: 150959K (46%)
11 ms. Memory: 331776K Free: 149733K (45%)
13 ms. Memory: 331776K Free: 148507K (45%)
2 ms. Memory: 331776K Free: 146054K (44%)
3 ms. Memory: 331776K Free: 144828K (44%)
10023 ms. Memory: 331776K Free: 144828K (44%)
----------------- Invoking toplevel() on ptolemy.moml.MoMLSimpleApplication@7cc84459
----------------- Done invoking toplevel() on ptolemy.moml.MoMLSimpleApplication@7cc84459
reloadAllAccessors: .ModelReference4
----------------- testing Tue May 15 23:45:28 UTC 2018 /home/travis/build/icyphy/ptII/ptolemy/actor/lib/hoc/test/auto/MultiInstanceComposite.xml
----------------- Instantiating /home/travis/build/icyphy/ptII/ptolemy/actor/lib/hoc/test/auto/MultiInstanceComposite.xml
38 ms. Memory: 331776K Free: 127661K (38%)
----------------- Invoking toplevel() on ptolemy.moml.MoMLSimpleApplication@6f6fb17a
----------------- Done invoking toplevel() on ptolemy.moml.MoMLSimpleApplication@6f6fb17a
reloadAllAccessors: .MultiInstanceComposite
----------------- testing Tue May 15 23:45:28 UTC 2018 /home/travis/build/icyphy/ptII/ptolemy/actor/lib/hoc/test/auto/MultiInstanceComposite2.xml
----------------- Instantiating /home/travis/build/icyphy/ptII/ptolemy/actor/lib/hoc/test/auto/MultiInstanceComposite2.xml
15 ms. Memory: 331776K Free: 113341K (34%)
----------------- Invoking toplevel() on ptolemy.moml.MoMLSimpleApplication@25c39135
----------------- Done invoking toplevel() on ptolemy.moml.MoMLSimpleApplication@25c39135
reloadAllAccessors: .MultiInstanceComposite2
----------------- testing Tue May 15 23:45:28 UTC 2018 /home/travis/build/icyphy/ptII/ptolemy/actor/lib/hoc/test/auto/MulticoreExecution.xml
----------------- Instantiating /home/travis/build/icyphy/ptII/ptolemy/actor/lib/hoc/test/auto/MulticoreExecution.xml
2030 ms. Memory: 331776K Free: 101078K (30%)
----------------- testing Tue May 15 23:45:30 UTC 2018 /home/travis/build/icyphy/ptII/ptolemy/actor/lib/hoc/test/auto/ParallelExecution.xml
----------------- Instantiating /home/travis/build/icyphy/ptII/ptolemy/actor/lib/hoc/test/auto/ParallelExecution.xml
926 ms. Memory: 331776K Free: 86758K (26%)
----------------- Invoking toplevel() on ptolemy.moml.MoMLSimpleApplication@7c2c0761
----------------- Done invoking toplevel() on ptolemy.moml.MoMLSimpleApplication@7c2c0761
reloadAllAccessors: .ParallelExecution
----------------- testing Tue May 15 23:45:31 UTC 2018 /home/travis/build/icyphy/ptII/ptolemy/actor/lib/hoc/test/auto/RunCompositeActor.xml
----------------- Instantiating /home/travis/build/icyphy/ptII/ptolemy/actor/lib/hoc/test/auto/RunCompositeActor.xml
34 ms. Memory: 332288K Free: 323811K (97%)
----------------- Invoking toplevel() on ptolemy.moml.MoMLSimpleApplication@160f0249
----------------- Done invoking toplevel() on ptolemy.moml.MoMLSimpleApplication@160f0249
reloadAllAccessors: .RunCompositeActor
----------------- testing Tue May 15 23:45:31 UTC 2018 /home/travis/build/icyphy/ptII/ptolemy/actor/lib/hoc/test/auto/RunCompositeActor2.xml
----------------- Instantiating /home/travis/build/icyphy/ptII/ptolemy/actor/lib/hoc/test/auto/RunCompositeActor2.xml
12 ms. Memory: 332288K Free: 313588K (94%)
----------------- Invoking toplevel() on ptolemy.moml.MoMLSimpleApplication@39481a5a
----------------- Done invoking toplevel() on ptolemy.moml.MoMLSimpleApplication@39481a5a
reloadAllAccessors: .RunCompositeActor2
----------------- testing Tue May 15 23:45:31 UTC 2018 /home/travis/build/icyphy/ptII/ptolemy/actor/lib/hoc/test/auto/RunCompositeActor3.xml
----------------- Instantiating /home/travis/build/icyphy/ptII/ptolemy/actor/lib/hoc/test/auto/RunCompositeActor3.xml
5 ms. Memory: 332288K Free: 306836K (92%)
----------------- Invoking toplevel() on ptolemy.moml.MoMLSimpleApplication@427020dc
----------------- Done invoking toplevel() on ptolemy.moml.MoMLSimpleApplication@427020dc
reloadAllAccessors: .RunCompositeActor3
----------------- testing Tue May 15 23:45:31 UTC 2018 /home/travis/build/icyphy/ptII/ptolemy/actor/lib/hoc/test/auto/RunCompositeActor4.xml
----------------- Instantiating /home/travis/build/icyphy/ptII/ptolemy/actor/lib/hoc/test/auto/RunCompositeActor4.xml
12 ms. Memory: 332288K Free: 298252K (90%)
----------------- Invoking toplevel() on ptolemy.moml.MoMLSimpleApplication@1827e87e
----------------- Done invoking toplevel() on ptolemy.moml.MoMLSimpleApplication@1827e87e
reloadAllAccessors: .RunCompositeActor4
----------------- testing Tue May 15 23:45:31 UTC 2018 /home/travis/build/icyphy/ptII/ptolemy/actor/lib/hoc/test/auto/RunCompositeIterateOverArray.xml
----------------- Instantiating /home/travis/build/icyphy/ptII/ptolemy/actor/lib/hoc/test/auto/RunCompositeIterateOverArray.xml
10 ms. Memory: 332288K Free: 291282K (88%)
----------------- Invoking toplevel() on ptolemy.moml.MoMLSimpleApplication@41eb5946
----------------- Done invoking toplevel() on ptolemy.moml.MoMLSimpleApplication@41eb5946
reloadAllAccessors: .RunCompositeIterateOverArray
----------------- testing Tue May 15 23:45:31 UTC 2018 /home/travis/build/icyphy/ptII/ptolemy/actor/lib/hoc/test/auto/ThreadedJS.xml
----------------- Instantiating /home/travis/build/icyphy/ptII/ptolemy/actor/lib/hoc/test/auto/ThreadedJS.xml
2000 ms. Memory: 538624K Free: 168324K (31%)
----------------- Invoking toplevel() on ptolemy.moml.MoMLSimpleApplication@7f0ed316
----------------- Done invoking toplevel() on ptolemy.moml.MoMLSimpleApplication@7f0ed316
reloadAllAccessors: .ThreadedJS
AutoTests.java: About to close Vertx.
AutoTests.java: Vertx closed.
]]></system-out>
  <system-err><![CDATA[java.lang.RuntimeException: Execution failed
	at ptolemy.moml.MoMLSimpleApplication$UnloadThread.run(MoMLSimpleApplication.java:402)
Caused by: ptolemy.kernel.util.IllegalActionException: initialize() was called after wrapup() was called but preinitialize() was not called after wrapup().
	at ptolemy.actor.lib.hoc.test.PreinitializeMustBeInvoked.initialize(PreinitializeMustBeInvoked.java:78)
	at ptolemy.actor.Director.initialize(Director.java:938)
	at ptolemy.actor.Director.initialize(Director.java:907)
	at ptolemy.actor.sched.StaticSchedulingDirector.initialize(StaticSchedulingDirector.java:159)
	at ptolemy.domains.sdf.kernel.SDFDirector.initialize(SDFDirector.java:544)
	at ptolemy.actor.CompositeActor.initialize(CompositeActor.java:935)
	at ptolemy.actor.lib.hoc.LifeCycleManager._executeInsideModel(LifeCycleManager.java:339)
	at ptolemy.actor.lib.hoc.RunCompositeActor.fire(RunCompositeActor.java:205)
	at ptolemy.actor.CompositeActor.iterate(CompositeActor.java:1146)
	at ptolemy.actor.sched.StaticSchedulingDirector.fire(StaticSchedulingDirector.java:216)
	at ptolemy.domains.sdf.kernel.SDFDirector.fire(SDFDirector.java:500)
	at ptolemy.actor.CompositeActor.fire(CompositeActor.java:455)
	at ptolemy.actor.Manager.iterate(Manager.java:851)
	at ptolemy.actor.Manager.execute(Manager.java:369)
	at ptolemy.actor.Manager.run(Manager.java:1263)
	at ptolemy.actor.Manager$PtolemyRunThread.run(Manager.java:1915)
java.lang.reflect.InvocationTargetException
	at sun.reflect.NativeConstructorAccessorImpl.newInstance0(Native Method)
	at sun.reflect.NativeConstructorAccessorImpl.newInstance(NativeConstructorAccessorImpl.java:62)
	at sun.reflect.DelegatingConstructorAccessorImpl.newInstance(DelegatingConstructorAccessorImpl.java:45)
	at java.lang.reflect.Constructor.newInstance(Constructor.java:423)
	at ptolemy.util.test.junit.AutoKnownFailedTests.RunModel(AutoKnownFailedTests.java:107)
	at sun.reflect.NativeMethodAccessorImpl.invoke0(Native Method)
	at sun.reflect.NativeMethodAccessorImpl.invoke(NativeMethodAccessorImpl.java:62)
	at sun.reflect.DelegatingMethodAccessorImpl.invoke(DelegatingMethodAccessorImpl.java:43)
	at java.lang.reflect.Method.invoke(Method.java:498)
	at org.junit.runners.model.FrameworkMethod$1.runReflectiveCall(FrameworkMethod.java:44)
	at org.junit.internal.runners.model.ReflectiveCallable.run(ReflectiveCallable.java:15)
	at org.junit.runners.model.FrameworkMethod.invokeExplosively(FrameworkMethod.java:41)
	at junitparams.internal.InvokeParameterisedMethod.evaluate(InvokeParameterisedMethod.java:102)
	at org.junit.internal.runners.statements.FailOnTimeout$1.run(FailOnTimeout.java:28)
Caused by: ptolemy.kernel.util.IllegalActionException: initialize() was called after wrapup() was called but preinitialize() was not called after wrapup().
	at ptolemy.actor.lib.hoc.test.PreinitializeMustBeInvoked.initialize(PreinitializeMustBeInvoked.java:78)
	at ptolemy.actor.Director.initialize(Director.java:938)
	at ptolemy.actor.Director.initialize(Director.java:907)
	at ptolemy.actor.sched.StaticSchedulingDirector.initialize(StaticSchedulingDirector.java:159)
	at ptolemy.domains.sdf.kernel.SDFDirector.initialize(SDFDirector.java:544)
	at ptolemy.actor.CompositeActor.initialize(CompositeActor.java:935)
	at ptolemy.actor.lib.hoc.LifeCycleManager._executeInsideModel(LifeCycleManager.java:339)
	at ptolemy.actor.lib.hoc.RunCompositeActor.fire(RunCompositeActor.java:205)
	at ptolemy.actor.CompositeActor.iterate(CompositeActor.java:1146)
	at ptolemy.actor.sched.StaticSchedulingDirector.fire(StaticSchedulingDirector.java:216)
	at ptolemy.domains.sdf.kernel.SDFDirector.fire(SDFDirector.java:500)
	at ptolemy.actor.CompositeActor.fire(CompositeActor.java:455)
	at ptolemy.actor.Manager.iterate(Manager.java:851)
	at ptolemy.actor.Manager.execute(Manager.java:369)
	at ptolemy.actor.Manager.run(Manager.java:1263)
	at ptolemy.actor.Manager$PtolemyRunThread.run(Manager.java:1915)
java.lang.RuntimeException: Execution failed
	at ptolemy.moml.MoMLSimpleApplication$UnloadThread.run(MoMLSimpleApplication.java:402)
Caused by: ptolemy.kernel.util.IllegalActionException: Inside thread was interrupted.
  in .MulticoreExecution.ThreadedComposite.ThreadedDirector
	at ptolemy.actor.lib.hoc.ThreadedComposite$ThreadedDirector.fire(ThreadedComposite.java:646)
	at ptolemy.actor.CompositeActor.fire(CompositeActor.java:455)
	at ptolemy.actor.sched.FixedPointDirector._fireActor(FixedPointDirector.java:768)
	at ptolemy.actor.sched.FixedPointDirector.fire(FixedPointDirector.java:244)
	at ptolemy.actor.CompositeActor.fire(CompositeActor.java:455)
	at ptolemy.actor.Manager.iterate(Manager.java:851)
	at ptolemy.actor.Manager.execute(Manager.java:369)
	at ptolemy.actor.Manager.run(Manager.java:1263)
	at ptolemy.actor.Manager$PtolemyRunThread.run(Manager.java:1915)
]]></system-err>
</testsuite>
