<?xml version="1.0" encoding="UTF-8" ?>
<testsuite errors="0" failures="0" hostname="travis-job-deb48025-fc87-41b3-ac60-d81164da0bec" name="ptolemy.domains.sdf.lib.test.junit.JUnitTclTest" skipped="0" tests="82" time="8.731" timestamp="2018-05-07T01:06:14">
  <properties>
[...]
</properties>
  <testcase classname="ptolemy.util.test.junit.TclTests" name="[0] /home/travis/build/icyphy/ptII/ptolemy/domains/sdf/lib/test/ArrayToSequence.tcl (RunTclFile)" time="0.431" />
  <testcase classname="ptolemy.util.test.junit.TclTests" name="[1] /home/travis/build/icyphy/ptII/ptolemy/domains/sdf/lib/test/BitsToInt.tcl (RunTclFile)" time="0.063" />
  <testcase classname="ptolemy.util.test.junit.TclTests" name="[2] /home/travis/build/icyphy/ptII/ptolemy/domains/sdf/lib/test/DelayLine.tcl (RunTclFile)" time="0.034" />
  <testcase classname="ptolemy.util.test.junit.TclTests" name="[3] /home/travis/build/icyphy/ptII/ptolemy/domains/sdf/lib/test/FFT.tcl (RunTclFile)" time="0.04" />
  <testcase classname="ptolemy.util.test.junit.TclTests" name="[4] /home/travis/build/icyphy/ptII/ptolemy/domains/sdf/lib/test/FIR.tcl (RunTclFile)" time="0.06" />
  <testcase classname="ptolemy.util.test.junit.TclTests" name="[5] /home/travis/build/icyphy/ptII/ptolemy/domains/sdf/lib/test/IntToBits.tcl (RunTclFile)" time="0.025" />
  <testcase classname="ptolemy.util.test.junit.TclTests" name="[6] /home/travis/build/icyphy/ptII/ptolemy/domains/sdf/lib/test/MaximumEntropySpectrum.tcl (RunTclFile)" time="0.221" />
  <testcase classname="ptolemy.util.test.junit.TclTests" name="[7] /home/travis/build/icyphy/ptII/ptolemy/domains/sdf/lib/test/Repeat.tcl (RunTclFile)" time="0.041" />
  <testcase classname="ptolemy.util.test.junit.TclTests" name="[8] /home/travis/build/icyphy/ptII/ptolemy/domains/sdf/lib/test/SampleDelay.tcl (RunTclFile)" time="0.061" />
  <testcase classname="ptolemy.util.test.junit.TclTests" name="[9] /home/travis/build/icyphy/ptII/ptolemy/domains/sdf/lib/test/SequenceToArray.tcl (RunTclFile)" time="0.063" />
  <testcase classname="ptolemy.util.test.junit.AutoKnownFailedTests" name="[0] ThereAreNoKnowFailedTests (RunModel)" time="0.001" />
  <testcase classname="ptolemy.util.test.junit.AutoNameArchTests" name="[0] ThereAreNoAutoTests (RunModel)" time="0.001" />
  <testcase classname="ptolemy.util.test.junit.AutoTests" name="[0] /home/travis/build/icyphy/ptII/ptolemy/domains/sdf/lib/test/auto/ArrayToSequence.xml (RunModel)" time="0.122" />
  <testcase classname="ptolemy.util.test.junit.AutoTests" name="[1] /home/travis/build/icyphy/ptII/ptolemy/domains/sdf/lib/test/auto/ArrayToSequenceTest.xml (RunModel)" time="0.056" />
  <testcase classname="ptolemy.util.test.junit.AutoTests" name="[2] /home/travis/build/icyphy/ptII/ptolemy/domains/sdf/lib/test/auto/Autocorrelation.xml (RunModel)" time="0.049" />
  <testcase classname="ptolemy.util.test.junit.AutoTests" name="[3] /home/travis/build/icyphy/ptII/ptolemy/domains/sdf/lib/test/auto/Autocorrelation2.xml (RunModel)" time="0.036" />
  <testcase classname="ptolemy.util.test.junit.AutoTests" name="[4] /home/travis/build/icyphy/ptII/ptolemy/domains/sdf/lib/test/auto/Autocorrelation3.xml (RunModel)" time="0.044" />
  <testcase classname="ptolemy.util.test.junit.AutoTests" name="[5] /home/travis/build/icyphy/ptII/ptolemy/domains/sdf/lib/test/auto/Autocorrelation4.xml (RunModel)" time="0.022" />
  <testcase classname="ptolemy.util.test.junit.AutoTests" name="[6] /home/travis/build/icyphy/ptII/ptolemy/domains/sdf/lib/test/auto/Autocorrelation5.xml (RunModel)" time="0.071" />
  <testcase classname="ptolemy.util.test.junit.AutoTests" name="[7] /home/travis/build/icyphy/ptII/ptolemy/domains/sdf/lib/test/auto/BitsToInt.xml (RunModel)" time="0.035" />
  <testcase classname="ptolemy.util.test.junit.AutoTests" name="[8] /home/travis/build/icyphy/ptII/ptolemy/domains/sdf/lib/test/auto/BooleanJoin.xml (RunModel)" time="0.047" />
  <testcase classname="ptolemy.util.test.junit.AutoTests" name="[9] /home/travis/build/icyphy/ptII/ptolemy/domains/sdf/lib/test/auto/BootstrapSampleDelay.xml (RunModel)" time="0.038" />
  <testcase classname="ptolemy.util.test.junit.AutoTests" name="[10] /home/travis/build/icyphy/ptII/ptolemy/domains/sdf/lib/test/auto/Chop.xml (RunModel)" time="0.049" />
  <testcase classname="ptolemy.util.test.junit.AutoTests" name="[11] /home/travis/build/icyphy/ptII/ptolemy/domains/sdf/lib/test/auto/Chop2.xml (RunModel)" time="0.049" />
  <testcase classname="ptolemy.util.test.junit.AutoTests" name="[12] /home/travis/build/icyphy/ptII/ptolemy/domains/sdf/lib/test/auto/ComplexJoin.xml (RunModel)" time="0.038" />
  <testcase classname="ptolemy.util.test.junit.AutoTests" name="[13] /home/travis/build/icyphy/ptII/ptolemy/domains/sdf/lib/test/auto/CountTrues.xml (RunModel)" time="0.044" />
  <testcase classname="ptolemy.util.test.junit.AutoTests" name="[14] /home/travis/build/icyphy/ptII/ptolemy/domains/sdf/lib/test/auto/DelayLine.xml (RunModel)" time="0.034" />
  <testcase classname="ptolemy.util.test.junit.AutoTests" name="[15] /home/travis/build/icyphy/ptII/ptolemy/domains/sdf/lib/test/auto/DotProduct.xml (RunModel)" time="0.028" />
  <testcase classname="ptolemy.util.test.junit.AutoTests" name="[16] /home/travis/build/icyphy/ptII/ptolemy/domains/sdf/lib/test/auto/DotProductMatrix.xml (RunModel)" time="0.016" />
  <testcase classname="ptolemy.util.test.junit.AutoTests" name="[17] /home/travis/build/icyphy/ptII/ptolemy/domains/sdf/lib/test/auto/DownSample1.xml (RunModel)" time="0.019" />
  <testcase classname="ptolemy.util.test.junit.AutoTests" name="[18] /home/travis/build/icyphy/ptII/ptolemy/domains/sdf/lib/test/auto/DynamicRateChange.xml (RunModel)" time="0.032" />
  <testcase classname="ptolemy.util.test.junit.AutoTests" name="[19] /home/travis/build/icyphy/ptII/ptolemy/domains/sdf/lib/test/auto/DynamicRates.xml (RunModel)" time="0.035" />
  <testcase classname="ptolemy.util.test.junit.AutoTests" name="[20] /home/travis/build/icyphy/ptII/ptolemy/domains/sdf/lib/test/auto/FFT1.xml (RunModel)" time="0.042" />
  <testcase classname="ptolemy.util.test.junit.AutoTests" name="[21] /home/travis/build/icyphy/ptII/ptolemy/domains/sdf/lib/test/auto/FIR1.xml (RunModel)" time="0.047" />
  <testcase classname="ptolemy.util.test.junit.AutoTests" name="[22] /home/travis/build/icyphy/ptII/ptolemy/domains/sdf/lib/test/auto/FIR2.xml (RunModel)" time="0.02" />
  <testcase classname="ptolemy.util.test.junit.AutoTests" name="[23] /home/travis/build/icyphy/ptII/ptolemy/domains/sdf/lib/test/auto/FIR4.xml (RunModel)" time="0.043" />
  <testcase classname="ptolemy.util.test.junit.AutoTests" name="[24] /home/travis/build/icyphy/ptII/ptolemy/domains/sdf/lib/test/auto/FixJoin.xml (RunModel)" time="0.033" />
  <testcase classname="ptolemy.util.test.junit.AutoTests" name="[25] /home/travis/build/icyphy/ptII/ptolemy/domains/sdf/lib/test/auto/IntJoin1.xml (RunModel)" time="0.018" />
  <testcase classname="ptolemy.util.test.junit.AutoTests" name="[26] /home/travis/build/icyphy/ptII/ptolemy/domains/sdf/lib/test/auto/IntJoin2.xml (RunModel)" time="0.019" />
  <testcase classname="ptolemy.util.test.junit.AutoTests" name="[27] /home/travis/build/icyphy/ptII/ptolemy/domains/sdf/lib/test/auto/IntJoin3.xml (RunModel)" time="0.021" />
  <testcase classname="ptolemy.util.test.junit.AutoTests" name="[28] /home/travis/build/icyphy/ptII/ptolemy/domains/sdf/lib/test/auto/IntJoin4.xml (RunModel)" time="0.021" />
  <testcase classname="ptolemy.util.test.junit.AutoTests" name="[29] /home/travis/build/icyphy/ptII/ptolemy/domains/sdf/lib/test/auto/IntJoin5.xml (RunModel)" time="0.021" />
  <testcase classname="ptolemy.util.test.junit.AutoTests" name="[30] /home/travis/build/icyphy/ptII/ptolemy/domains/sdf/lib/test/auto/IntToBits.xml (RunModel)" time="0.018" />
  <testcase classname="ptolemy.util.test.junit.AutoTests" name="[31] /home/travis/build/icyphy/ptII/ptolemy/domains/sdf/lib/test/auto/LMSAdaptive.xml (RunModel)" time="0.063" />
  <testcase classname="ptolemy.util.test.junit.AutoTests" name="[32] /home/travis/build/icyphy/ptII/ptolemy/domains/sdf/lib/test/auto/LMSAdaptiveFIR.xml (RunModel)" time="0.32" />
  <testcase classname="ptolemy.util.test.junit.AutoTests" name="[33] /home/travis/build/icyphy/ptII/ptolemy/domains/sdf/lib/test/auto/LMSAdaptiveFIR2.xml (RunModel)" time="0.423" />
  <testcase classname="ptolemy.util.test.junit.AutoTests" name="[34] /home/travis/build/icyphy/ptII/ptolemy/domains/sdf/lib/test/auto/LongJoin.xml (RunModel)" time="0.025" />
  <testcase classname="ptolemy.util.test.junit.AutoTests" name="[35] /home/travis/build/icyphy/ptII/ptolemy/domains/sdf/lib/test/auto/Matrix1.xml (RunModel)" time="0.017" />
  <testcase classname="ptolemy.util.test.junit.AutoTests" name="[36] /home/travis/build/icyphy/ptII/ptolemy/domains/sdf/lib/test/auto/Matrix2.xml (RunModel)" time="0.014" />
  <testcase classname="ptolemy.util.test.junit.AutoTests" name="[37] /home/travis/build/icyphy/ptII/ptolemy/domains/sdf/lib/test/auto/MatrixJoin1.xml (RunModel)" time="0.047" />
  <testcase classname="ptolemy.util.test.junit.AutoTests" name="[38] /home/travis/build/icyphy/ptII/ptolemy/domains/sdf/lib/test/auto/MatrixJoin2.xml (RunModel)" time="0.016" />
  <testcase classname="ptolemy.util.test.junit.AutoTests" name="[39] /home/travis/build/icyphy/ptII/ptolemy/domains/sdf/lib/test/auto/MatrixJoin3.xml (RunModel)" time="0.019" />
  <testcase classname="ptolemy.util.test.junit.AutoTests" name="[40] /home/travis/build/icyphy/ptII/ptolemy/domains/sdf/lib/test/auto/MatrixJoin4.xml (RunModel)" time="0.013" />
  <testcase classname="ptolemy.util.test.junit.AutoTests" name="[41] /home/travis/build/icyphy/ptII/ptolemy/domains/sdf/lib/test/auto/MatrixJoin5.xml (RunModel)" time="0.018" />
  <testcase classname="ptolemy.util.test.junit.AutoTests" name="[42] /home/travis/build/icyphy/ptII/ptolemy/domains/sdf/lib/test/auto/MatrixSplit1.xml (RunModel)" time="0.023" />
  <testcase classname="ptolemy.util.test.junit.AutoTests" name="[43] /home/travis/build/icyphy/ptII/ptolemy/domains/sdf/lib/test/auto/MatrixSplit10.xml (RunModel)" time="0.016" />
  <testcase classname="ptolemy.util.test.junit.AutoTests" name="[44] /home/travis/build/icyphy/ptII/ptolemy/domains/sdf/lib/test/auto/MatrixSplit11.xml (RunModel)" time="0.014" />
  <testcase classname="ptolemy.util.test.junit.AutoTests" name="[45] /home/travis/build/icyphy/ptII/ptolemy/domains/sdf/lib/test/auto/MatrixSplit12.xml (RunModel)" time="0.02" />
  <testcase classname="ptolemy.util.test.junit.AutoTests" name="[46] /home/travis/build/icyphy/ptII/ptolemy/domains/sdf/lib/test/auto/MatrixSplit13.xml (RunModel)" time="0.032" />
  <testcase classname="ptolemy.util.test.junit.AutoTests" name="[47] /home/travis/build/icyphy/ptII/ptolemy/domains/sdf/lib/test/auto/MatrixSplit14.xml (RunModel)" time="0.027" />
  <testcase classname="ptolemy.util.test.junit.AutoTests" name="[48] /home/travis/build/icyphy/ptII/ptolemy/domains/sdf/lib/test/auto/MatrixSplit2.xml (RunModel)" time="0.025" />
  <testcase classname="ptolemy.util.test.junit.AutoTests" name="[49] /home/travis/build/icyphy/ptII/ptolemy/domains/sdf/lib/test/auto/MatrixSplit3.xml (RunModel)" time="0.026" />
  <testcase classname="ptolemy.util.test.junit.AutoTests" name="[50] /home/travis/build/icyphy/ptII/ptolemy/domains/sdf/lib/test/auto/MatrixSplit4.xml (RunModel)" time="0.021" />
  <testcase classname="ptolemy.util.test.junit.AutoTests" name="[51] /home/travis/build/icyphy/ptII/ptolemy/domains/sdf/lib/test/auto/MatrixSplit5.xml (RunModel)" time="0.018" />
  <testcase classname="ptolemy.util.test.junit.AutoTests" name="[52] /home/travis/build/icyphy/ptII/ptolemy/domains/sdf/lib/test/auto/MatrixSplit6.xml (RunModel)" time="0.022" />
  <testcase classname="ptolemy.util.test.junit.AutoTests" name="[53] /home/travis/build/icyphy/ptII/ptolemy/domains/sdf/lib/test/auto/MatrixSplit7.xml (RunModel)" time="0.021" />
  <testcase classname="ptolemy.util.test.junit.AutoTests" name="[54] /home/travis/build/icyphy/ptII/ptolemy/domains/sdf/lib/test/auto/MatrixSplit8.xml (RunModel)" time="0.016" />
  <testcase classname="ptolemy.util.test.junit.AutoTests" name="[55] /home/travis/build/icyphy/ptII/ptolemy/domains/sdf/lib/test/auto/MatrixSplit9.xml (RunModel)" time="0.035" />
  <testcase classname="ptolemy.util.test.junit.AutoTests" name="[56] /home/travis/build/icyphy/ptII/ptolemy/domains/sdf/lib/test/auto/MatrixToSequence.xml (RunModel)" time="0.041" />
  <testcase classname="ptolemy.util.test.junit.AutoTests" name="[57] /home/travis/build/icyphy/ptII/ptolemy/domains/sdf/lib/test/auto/MaximumEntropySpectrum.xml (RunModel)" time="0.097" />
  <testcase classname="ptolemy.util.test.junit.AutoTests" name="[58] /home/travis/build/icyphy/ptII/ptolemy/domains/sdf/lib/test/auto/SampleDelayConversion.xml (RunModel)" time="0.015" />
  <testcase classname="ptolemy.util.test.junit.AutoTests" name="[59] /home/travis/build/icyphy/ptII/ptolemy/domains/sdf/lib/test/auto/SequenceToArray.xml (RunModel)" time="0.039" />
  <testcase classname="ptolemy.util.test.junit.AutoTests" name="[60] /home/travis/build/icyphy/ptII/ptolemy/domains/sdf/lib/test/auto/SequenceToMatrix.xml (RunModel)" time="4.277" />
  <testcase classname="ptolemy.util.test.junit.AutoTests" name="[61] /home/travis/build/icyphy/ptII/ptolemy/domains/sdf/lib/test/auto/SmoothedPeriodogram.xml (RunModel)" time="0.059" />
  <testcase classname="ptolemy.util.test.junit.AutoTests" name="[62] /home/travis/build/icyphy/ptII/ptolemy/domains/sdf/lib/test/auto/UpDownSample1.xml (RunModel)" time="0.033" />
  <testcase classname="ptolemy.util.test.junit.AutoTests" name="[63] /home/travis/build/icyphy/ptII/ptolemy/domains/sdf/lib/test/auto/UpSample1.xml (RunModel)" time="0.03" />
  <testcase classname="ptolemy.util.test.junit.AutoTests" name="[64] /home/travis/build/icyphy/ptII/ptolemy/domains/sdf/lib/test/auto/VariableFIR.xml (RunModel)" time="0.022" />
  <testcase classname="ptolemy.util.test.junit.AutoTests" name="[65] /home/travis/build/icyphy/ptII/ptolemy/domains/sdf/lib/test/auto/VariableFIR2.xml (RunModel)" time="0.027" />
  <testcase classname="ptolemy.util.test.junit.AutoTests" name="[66] /home/travis/build/icyphy/ptII/ptolemy/domains/sdf/lib/test/auto/VariableLattice.xml (RunModel)" time="0.034" />
  <testcase classname="ptolemy.util.test.junit.AutoTests" name="[67] /home/travis/build/icyphy/ptII/ptolemy/domains/sdf/lib/test/auto/VariableLattice2.xml (RunModel)" time="0.02" />
  <testcase classname="ptolemy.util.test.junit.AutoTests" name="[68] /home/travis/build/icyphy/ptII/ptolemy/domains/sdf/lib/test/auto/VariableRecursiveLattice.xml (RunModel)" time="0.019" />
  <testcase classname="ptolemy.util.test.junit.AutoTests" name="[69] /home/travis/build/icyphy/ptII/ptolemy/domains/sdf/lib/test/auto/VariableRecursiveLattice2.xml (RunModel)" time="0.016" />
  <system-out><![CDATA[/home/travis/build/icyphy/ptII/ptolemy/domains/sdf/lib/test/ArrayToSequence.tcl
testDefs.tcl: setting time out to 9000 seconds at Mon May 07 01:06:14 UTC 2018
36 ms. Memory: 116224K Free: 85504K (74%)
7 ms. Memory: 116224K Free: 109545K (94%)
9 ms. Memory: 116224K Free: 107726K (93%)
9 ms. Memory: 116224K Free: 106511K (92%)
/home/travis/build/icyphy/ptII/ptolemy/domains/sdf/lib/test/BitsToInt.tcl
16 ms. Memory: 116224K Free: 104709K (90%)
12 ms. Memory: 116224K Free: 102882K (89%)
/home/travis/build/icyphy/ptII/ptolemy/domains/sdf/lib/test/DelayLine.tcl
11 ms. Memory: 116224K Free: 101064K (87%)
/home/travis/build/icyphy/ptII/ptolemy/domains/sdf/lib/test/FFT.tcl
8 ms. Memory: 116224K Free: 99250K (85%)
/home/travis/build/icyphy/ptII/ptolemy/domains/sdf/lib/test/FIR.tcl
6 ms. Memory: 116224K Free: 97451K (84%)
3 ms. Memory: 116224K Free: 96252K (83%)
ptolemy.kernel.util.IllegalActionException: multiplyReverse method not supported between ptolemy.data.FixToken 'fix(-0.0625,6,2)' and ptolemy.data.IntToken '1' because the types are incomparable.
  in .top.FIRclone
Because:
multiplyReverse method not supported between ptolemy.data.FixToken 'fix(-0.0625,6,2)' and ptolemy.data.IntToken '1' because the types are incomparable.
14 ms. Memory: 116224K Free: 93838K (81%)
/home/travis/build/icyphy/ptII/ptolemy/domains/sdf/lib/test/IntToBits.tcl
4 ms. Memory: 116224K Free: 92027K (79%)
4 ms. Memory: 116224K Free: 90796K (78%)
/home/travis/build/icyphy/ptII/ptolemy/domains/sdf/lib/test/MaximumEntropySpectrum.tcl
/home/travis/build/icyphy/ptII/ptolemy/domains/sdf/lib/test/Repeat.tcl
17 ms. Memory: 146944K Free: 120644K (82%)
/home/travis/build/icyphy/ptII/ptolemy/domains/sdf/lib/test/SampleDelay.tcl
7 ms. Memory: 146944K Free: 118246K (80%)
3 ms. Memory: 146944K Free: 118246K (80%)
8 ms. Memory: 146944K Free: 117032K (80%)
3 ms. Memory: 146944K Free: 115833K (79%)
7 ms. Memory: 146944K Free: 115833K (79%)
1 ms. Memory: 146944K Free: 115833K (79%)
/home/travis/build/icyphy/ptII/ptolemy/domains/sdf/lib/test/SequenceToArray.tcl
12 ms. Memory: 146944K Free: 113419K (77%)
11 ms. Memory: 146944K Free: 112204K (76%)
11 ms. Memory: 146944K Free: 111005K (76%)
4 ms. Memory: 146944K Free: 109806K (75%)
05/07/18 01:06:15
Failed: 0  Total Tests: 41  ((Passed: 41, Newly Passed: 0)  Known Failed: 0) /home/travis/build/icyphy/ptII/ptolemy/domains/sdf/lib/test
No auto/knownFailedTests/*.xml tests in /home/travis/build/icyphy/ptII/ptolemy/domains/sdf/lib/test
No auto/*.xml tests in /home/travis/build/icyphy/ptII/ptolemy/domains/sdf/lib/test
AutoTests.java: About to close Vertx.
AutoTests.java: Vertx closed.
----------------- testing Mon May 07 01:06:15 UTC 2018 /home/travis/build/icyphy/ptII/ptolemy/domains/sdf/lib/test/auto/ArrayToSequence.xml
----------------- Instantiating /home/travis/build/icyphy/ptII/ptolemy/domains/sdf/lib/test/auto/ArrayToSequence.xml
15 ms. Memory: 146944K Free: 127776K (87%)
----------------- Invoking toplevel() on ptolemy.moml.MoMLSimpleApplication@755fe968
----------------- Done invoking toplevel() on ptolemy.moml.MoMLSimpleApplication@755fe968
reloadAllAccessors: .ArrayToSequence
----------------- testing Mon May 07 01:06:15 UTC 2018 /home/travis/build/icyphy/ptII/ptolemy/domains/sdf/lib/test/auto/ArrayToSequenceTest.xml
----------------- Instantiating /home/travis/build/icyphy/ptII/ptolemy/domains/sdf/lib/test/auto/ArrayToSequenceTest.xml
15 ms. Memory: 146944K Free: 120314K (82%)
----------------- Invoking toplevel() on ptolemy.moml.MoMLSimpleApplication@25fbeb6d
----------------- Done invoking toplevel() on ptolemy.moml.MoMLSimpleApplication@25fbeb6d
reloadAllAccessors: .ArrayToSequenceTest
----------------- testing Mon May 07 01:06:15 UTC 2018 /home/travis/build/icyphy/ptII/ptolemy/domains/sdf/lib/test/auto/Autocorrelation.xml
----------------- Instantiating /home/travis/build/icyphy/ptII/ptolemy/domains/sdf/lib/test/auto/Autocorrelation.xml
7 ms. Memory: 146944K Free: 115728K (79%)
----------------- Invoking toplevel() on ptolemy.moml.MoMLSimpleApplication@31f47de8
----------------- Done invoking toplevel() on ptolemy.moml.MoMLSimpleApplication@31f47de8
reloadAllAccessors: .Autocorrelation
----------------- testing Mon May 07 01:06:15 UTC 2018 /home/travis/build/icyphy/ptII/ptolemy/domains/sdf/lib/test/auto/Autocorrelation2.xml
----------------- Instantiating /home/travis/build/icyphy/ptII/ptolemy/domains/sdf/lib/test/auto/Autocorrelation2.xml
12 ms. Memory: 146944K Free: 111157K (76%)
----------------- Invoking toplevel() on ptolemy.moml.MoMLSimpleApplication@61ee4a3e
----------------- Done invoking toplevel() on ptolemy.moml.MoMLSimpleApplication@61ee4a3e
reloadAllAccessors: .Autocorrelation2
----------------- testing Mon May 07 01:06:16 UTC 2018 /home/travis/build/icyphy/ptII/ptolemy/domains/sdf/lib/test/auto/Autocorrelation3.xml
----------------- Instantiating /home/travis/build/icyphy/ptII/ptolemy/domains/sdf/lib/test/auto/Autocorrelation3.xml
3 ms. Memory: 146944K Free: 105832K (72%)
----------------- Invoking toplevel() on ptolemy.moml.MoMLSimpleApplication@7e6d1df0
----------------- Done invoking toplevel() on ptolemy.moml.MoMLSimpleApplication@7e6d1df0
reloadAllAccessors: .Autocorrelation3
----------------- testing Mon May 07 01:06:16 UTC 2018 /home/travis/build/icyphy/ptII/ptolemy/domains/sdf/lib/test/auto/Autocorrelation4.xml
----------------- Instantiating /home/travis/build/icyphy/ptII/ptolemy/domains/sdf/lib/test/auto/Autocorrelation4.xml
3 ms. Memory: 146944K Free: 101197K (69%)
----------------- Invoking toplevel() on ptolemy.moml.MoMLSimpleApplication@1705e902
----------------- Done invoking toplevel() on ptolemy.moml.MoMLSimpleApplication@1705e902
reloadAllAccessors: .Autocorrelation4
----------------- testing Mon May 07 01:06:16 UTC 2018 /home/travis/build/icyphy/ptII/ptolemy/domains/sdf/lib/test/auto/Autocorrelation5.xml
----------------- Instantiating /home/travis/build/icyphy/ptII/ptolemy/domains/sdf/lib/test/auto/Autocorrelation5.xml
35 ms. Memory: 146944K Free: 93636K (64%)
----------------- Invoking toplevel() on ptolemy.moml.MoMLSimpleApplication@4c37cdc3
----------------- Done invoking toplevel() on ptolemy.moml.MoMLSimpleApplication@4c37cdc3
reloadAllAccessors: .Autocorrelation5
----------------- testing Mon May 07 01:06:16 UTC 2018 /home/travis/build/icyphy/ptII/ptolemy/domains/sdf/lib/test/auto/BitsToInt.xml
----------------- Instantiating /home/travis/build/icyphy/ptII/ptolemy/domains/sdf/lib/test/auto/BitsToInt.xml
3 ms. Memory: 146944K Free: 88918K (61%)
----------------- Invoking toplevel() on ptolemy.moml.MoMLSimpleApplication@3c3c7cd2
----------------- Done invoking toplevel() on ptolemy.moml.MoMLSimpleApplication@3c3c7cd2
reloadAllAccessors: .BitsToInt
----------------- testing Mon May 07 01:06:16 UTC 2018 /home/travis/build/icyphy/ptII/ptolemy/domains/sdf/lib/test/auto/BooleanJoin.xml
----------------- Instantiating /home/travis/build/icyphy/ptII/ptolemy/domains/sdf/lib/test/auto/BooleanJoin.xml
7 ms. Memory: 146944K Free: 83890K (57%)
----------------- Invoking toplevel() on ptolemy.moml.MoMLSimpleApplication@6c9391f3
----------------- Done invoking toplevel() on ptolemy.moml.MoMLSimpleApplication@6c9391f3
reloadAllAccessors: .BooleanJoin
----------------- testing Mon May 07 01:06:16 UTC 2018 /home/travis/build/icyphy/ptII/ptolemy/domains/sdf/lib/test/auto/BootstrapSampleDelay.xml
----------------- Instantiating /home/travis/build/icyphy/ptII/ptolemy/domains/sdf/lib/test/auto/BootstrapSampleDelay.xml
6 ms. Memory: 146944K Free: 80108K (55%)
----------------- Invoking toplevel() on ptolemy.moml.MoMLSimpleApplication@3d4ae3cf
----------------- Done invoking toplevel() on ptolemy.moml.MoMLSimpleApplication@3d4ae3cf
reloadAllAccessors: .BootstrapSampleDelay
----------------- testing Mon May 07 01:06:16 UTC 2018 /home/travis/build/icyphy/ptII/ptolemy/domains/sdf/lib/test/auto/Chop.xml
----------------- Instantiating /home/travis/build/icyphy/ptII/ptolemy/domains/sdf/lib/test/auto/Chop.xml
4 ms. Memory: 208384K Free: 193103K (93%)
----------------- Invoking toplevel() on ptolemy.moml.MoMLSimpleApplication@3748b96c
----------------- Done invoking toplevel() on ptolemy.moml.MoMLSimpleApplication@3748b96c
reloadAllAccessors: .Chop
----------------- testing Mon May 07 01:06:16 UTC 2018 /home/travis/build/icyphy/ptII/ptolemy/domains/sdf/lib/test/auto/Chop2.xml
----------------- Instantiating /home/travis/build/icyphy/ptII/ptolemy/domains/sdf/lib/test/auto/Chop2.xml
12 ms. Memory: 208384K Free: 185005K (89%)
----------------- Invoking toplevel() on ptolemy.moml.MoMLSimpleApplication@28c62bb2
----------------- Done invoking toplevel() on ptolemy.moml.MoMLSimpleApplication@28c62bb2
reloadAllAccessors: .Chop2
----------------- testing Mon May 07 01:06:16 UTC 2018 /home/travis/build/icyphy/ptII/ptolemy/domains/sdf/lib/test/auto/ComplexJoin.xml
----------------- Instantiating /home/travis/build/icyphy/ptII/ptolemy/domains/sdf/lib/test/auto/ComplexJoin.xml
6 ms. Memory: 208384K Free: 180042K (86%)
----------------- Invoking toplevel() on ptolemy.moml.MoMLSimpleApplication@3217f6dc
----------------- Done invoking toplevel() on ptolemy.moml.MoMLSimpleApplication@3217f6dc
reloadAllAccessors: .ComplexJoin
----------------- testing Mon May 07 01:06:16 UTC 2018 /home/travis/build/icyphy/ptII/ptolemy/domains/sdf/lib/test/auto/CountTrues.xml
----------------- Instantiating /home/travis/build/icyphy/ptII/ptolemy/domains/sdf/lib/test/auto/CountTrues.xml
6 ms. Memory: 208384K Free: 176701K (85%)
----------------- Invoking toplevel() on ptolemy.moml.MoMLSimpleApplication@7a940a93
----------------- Done invoking toplevel() on ptolemy.moml.MoMLSimpleApplication@7a940a93
reloadAllAccessors: .CountTrues
----------------- testing Mon May 07 01:06:16 UTC 2018 /home/travis/build/icyphy/ptII/ptolemy/domains/sdf/lib/test/auto/DelayLine.xml
----------------- Instantiating /home/travis/build/icyphy/ptII/ptolemy/domains/sdf/lib/test/auto/DelayLine.xml
6 ms. Memory: 208384K Free: 170115K (82%)
----------------- Invoking toplevel() on ptolemy.moml.MoMLSimpleApplication@15a89181
----------------- Done invoking toplevel() on ptolemy.moml.MoMLSimpleApplication@15a89181
reloadAllAccessors: .DelayLine
----------------- testing Mon May 07 01:06:16 UTC 2018 /home/travis/build/icyphy/ptII/ptolemy/domains/sdf/lib/test/auto/DotProduct.xml
----------------- Instantiating /home/travis/build/icyphy/ptII/ptolemy/domains/sdf/lib/test/auto/DotProduct.xml
4 ms. Memory: 208384K Free: 165261K (79%)
----------------- Invoking toplevel() on ptolemy.moml.MoMLSimpleApplication@167ea497
----------------- Done invoking toplevel() on ptolemy.moml.MoMLSimpleApplication@167ea497
reloadAllAccessors: .DotProduct
----------------- testing Mon May 07 01:06:16 UTC 2018 /home/travis/build/icyphy/ptII/ptolemy/domains/sdf/lib/test/auto/DotProductMatrix.xml
----------------- Instantiating /home/travis/build/icyphy/ptII/ptolemy/domains/sdf/lib/test/auto/DotProductMatrix.xml
4 ms. Memory: 208384K Free: 161984K (78%)
----------------- Invoking toplevel() on ptolemy.moml.MoMLSimpleApplication@4db89735
----------------- Done invoking toplevel() on ptolemy.moml.MoMLSimpleApplication@4db89735
reloadAllAccessors: .DotProductMatrix
----------------- testing Mon May 07 01:06:16 UTC 2018 /home/travis/build/icyphy/ptII/ptolemy/domains/sdf/lib/test/auto/DownSample1.xml
----------------- Instantiating /home/travis/build/icyphy/ptII/ptolemy/domains/sdf/lib/test/auto/DownSample1.xml
5 ms. Memory: 208384K Free: 158675K (76%)
----------------- Invoking toplevel() on ptolemy.moml.MoMLSimpleApplication@1b0d91
----------------- Done invoking toplevel() on ptolemy.moml.MoMLSimpleApplication@1b0d91
reloadAllAccessors: .DownSample1
----------------- testing Mon May 07 01:06:16 UTC 2018 /home/travis/build/icyphy/ptII/ptolemy/domains/sdf/lib/test/auto/DynamicRateChange.xml
----------------- Instantiating /home/travis/build/icyphy/ptII/ptolemy/domains/sdf/lib/test/auto/DynamicRateChange.xml
13 ms. Memory: 208384K Free: 152122K (73%)
----------------- Invoking toplevel() on ptolemy.moml.MoMLSimpleApplication@570d08df
----------------- Done invoking toplevel() on ptolemy.moml.MoMLSimpleApplication@570d08df
reloadAllAccessors: .DynamicRateChange
----------------- testing Mon May 07 01:06:16 UTC 2018 /home/travis/build/icyphy/ptII/ptolemy/domains/sdf/lib/test/auto/DynamicRates.xml
----------------- Instantiating /home/travis/build/icyphy/ptII/ptolemy/domains/sdf/lib/test/auto/DynamicRates.xml
10 ms. Memory: 208384K Free: 144826K (69%)
----------------- Invoking toplevel() on ptolemy.moml.MoMLSimpleApplication@76921fef
----------------- Done invoking toplevel() on ptolemy.moml.MoMLSimpleApplication@76921fef
reloadAllAccessors: .DynamicRates
----------------- testing Mon May 07 01:06:16 UTC 2018 /home/travis/build/icyphy/ptII/ptolemy/domains/sdf/lib/test/auto/FFT1.xml
----------------- Instantiating /home/travis/build/icyphy/ptII/ptolemy/domains/sdf/lib/test/auto/FFT1.xml
7 ms. Memory: 208384K Free: 139092K (67%)
----------------- Invoking toplevel() on ptolemy.moml.MoMLSimpleApplication@1c2a07b
----------------- Done invoking toplevel() on ptolemy.moml.MoMLSimpleApplication@1c2a07b
reloadAllAccessors: .FFT1
----------------- testing Mon May 07 01:06:16 UTC 2018 /home/travis/build/icyphy/ptII/ptolemy/domains/sdf/lib/test/auto/FIR1.xml
----------------- Instantiating /home/travis/build/icyphy/ptII/ptolemy/domains/sdf/lib/test/auto/FIR1.xml
19 ms. Memory: 208384K Free: 130899K (63%)
----------------- Invoking toplevel() on ptolemy.moml.MoMLSimpleApplication@151eef4a
----------------- Done invoking toplevel() on ptolemy.moml.MoMLSimpleApplication@151eef4a
reloadAllAccessors: .FIR1
----------------- testing Mon May 07 01:06:16 UTC 2018 /home/travis/build/icyphy/ptII/ptolemy/domains/sdf/lib/test/auto/FIR2.xml
----------------- Instantiating /home/travis/build/icyphy/ptII/ptolemy/domains/sdf/lib/test/auto/FIR2.xml
4 ms. Memory: 208384K Free: 126803K (61%)
----------------- Invoking toplevel() on ptolemy.moml.MoMLSimpleApplication@165638cf
----------------- Done invoking toplevel() on ptolemy.moml.MoMLSimpleApplication@165638cf
reloadAllAccessors: .FIR2
----------------- testing Mon May 07 01:06:16 UTC 2018 /home/travis/build/icyphy/ptII/ptolemy/domains/sdf/lib/test/auto/FIR4.xml
----------------- Instantiating /home/travis/build/icyphy/ptII/ptolemy/domains/sdf/lib/test/auto/FIR4.xml
6 ms. Memory: 208384K Free: 117018K (56%)
----------------- Invoking toplevel() on ptolemy.moml.MoMLSimpleApplication@177dc246
----------------- Done invoking toplevel() on ptolemy.moml.MoMLSimpleApplication@177dc246
reloadAllAccessors: .FIR4
----------------- testing Mon May 07 01:06:16 UTC 2018 /home/travis/build/icyphy/ptII/ptolemy/domains/sdf/lib/test/auto/FixJoin.xml
----------------- Instantiating /home/travis/build/icyphy/ptII/ptolemy/domains/sdf/lib/test/auto/FixJoin.xml
3 ms. Memory: 208384K Free: 112039K (54%)
----------------- Invoking toplevel() on ptolemy.moml.MoMLSimpleApplication@72a3a248
----------------- Done invoking toplevel() on ptolemy.moml.MoMLSimpleApplication@72a3a248
reloadAllAccessors: .FixJoin
----------------- testing Mon May 07 01:06:16 UTC 2018 /home/travis/build/icyphy/ptII/ptolemy/domains/sdf/lib/test/auto/IntJoin1.xml
----------------- Instantiating /home/travis/build/icyphy/ptII/ptolemy/domains/sdf/lib/test/auto/IntJoin1.xml
3 ms. Memory: 208384K Free: 107044K (51%)
----------------- Invoking toplevel() on ptolemy.moml.MoMLSimpleApplication@4463f973
----------------- Done invoking toplevel() on ptolemy.moml.MoMLSimpleApplication@4463f973
reloadAllAccessors: .IntJoin1
----------------- testing Mon May 07 01:06:16 UTC 2018 /home/travis/build/icyphy/ptII/ptolemy/domains/sdf/lib/test/auto/IntJoin2.xml
----------------- Instantiating /home/travis/build/icyphy/ptII/ptolemy/domains/sdf/lib/test/auto/IntJoin2.xml
2 ms. Memory: 208384K Free: 102094K (49%)
----------------- Invoking toplevel() on ptolemy.moml.MoMLSimpleApplication@e767a5e
----------------- Done invoking toplevel() on ptolemy.moml.MoMLSimpleApplication@e767a5e
reloadAllAccessors: .IntJoin2
----------------- testing Mon May 07 01:06:16 UTC 2018 /home/travis/build/icyphy/ptII/ptolemy/domains/sdf/lib/test/auto/IntJoin3.xml
----------------- Instantiating /home/travis/build/icyphy/ptII/ptolemy/domains/sdf/lib/test/auto/IntJoin3.xml
4 ms. Memory: 208384K Free: 95578K (46%)
----------------- Invoking toplevel() on ptolemy.moml.MoMLSimpleApplication@49dd8417
----------------- Done invoking toplevel() on ptolemy.moml.MoMLSimpleApplication@49dd8417
reloadAllAccessors: .IntJoin3
----------------- testing Mon May 07 01:06:16 UTC 2018 /home/travis/build/icyphy/ptII/ptolemy/domains/sdf/lib/test/auto/IntJoin4.xml
----------------- Instantiating /home/travis/build/icyphy/ptII/ptolemy/domains/sdf/lib/test/auto/IntJoin4.xml
4 ms. Memory: 208384K Free: 90615K (43%)
----------------- Invoking toplevel() on ptolemy.moml.MoMLSimpleApplication@6618642a
----------------- Done invoking toplevel() on ptolemy.moml.MoMLSimpleApplication@6618642a
reloadAllAccessors: .IntJoin4
----------------- testing Mon May 07 01:06:16 UTC 2018 /home/travis/build/icyphy/ptII/ptolemy/domains/sdf/lib/test/auto/IntJoin5.xml
----------------- Instantiating /home/travis/build/icyphy/ptII/ptolemy/domains/sdf/lib/test/auto/IntJoin5.xml
2 ms. Memory: 208384K Free: 85660K (41%)
----------------- Invoking toplevel() on ptolemy.moml.MoMLSimpleApplication@5cd65c7d
----------------- Done invoking toplevel() on ptolemy.moml.MoMLSimpleApplication@5cd65c7d
reloadAllAccessors: .IntJoin5
----------------- testing Mon May 07 01:06:16 UTC 2018 /home/travis/build/icyphy/ptII/ptolemy/domains/sdf/lib/test/auto/IntToBits.xml
----------------- Instantiating /home/travis/build/icyphy/ptII/ptolemy/domains/sdf/lib/test/auto/IntToBits.xml
9 ms. Memory: 208384K Free: 82383K (40%)
----------------- Invoking toplevel() on ptolemy.moml.MoMLSimpleApplication@66bad60f
----------------- Done invoking toplevel() on ptolemy.moml.MoMLSimpleApplication@66bad60f
reloadAllAccessors: .IntToBits
----------------- testing Mon May 07 01:06:16 UTC 2018 /home/travis/build/icyphy/ptII/ptolemy/domains/sdf/lib/test/auto/LMSAdaptive.xml
----------------- Instantiating /home/travis/build/icyphy/ptII/ptolemy/domains/sdf/lib/test/auto/LMSAdaptive.xml
5 ms. Memory: 208384K Free: 194441K (93%)
----------------- Invoking toplevel() on ptolemy.moml.MoMLSimpleApplication@2779aa4e
----------------- Done invoking toplevel() on ptolemy.moml.MoMLSimpleApplication@2779aa4e
reloadAllAccessors: .LMSAdaptive
----------------- testing Mon May 07 01:06:17 UTC 2018 /home/travis/build/icyphy/ptII/ptolemy/domains/sdf/lib/test/auto/LMSAdaptiveFIR.xml
----------------- Instantiating /home/travis/build/icyphy/ptII/ptolemy/domains/sdf/lib/test/auto/LMSAdaptiveFIR.xml
237 ms. Memory: 208384K Free: 153020K (73%)
----------------- Invoking toplevel() on ptolemy.moml.MoMLSimpleApplication@7ca1e61f
----------------- Done invoking toplevel() on ptolemy.moml.MoMLSimpleApplication@7ca1e61f
reloadAllAccessors: .LMSAdaptiveFIR
----------------- testing Mon May 07 01:06:17 UTC 2018 /home/travis/build/icyphy/ptII/ptolemy/domains/sdf/lib/test/auto/LMSAdaptiveFIR2.xml
----------------- Instantiating /home/travis/build/icyphy/ptII/ptolemy/domains/sdf/lib/test/auto/LMSAdaptiveFIR2.xml
347 ms. Memory: 208384K Free: 92278K (44%)
----------------- Invoking toplevel() on ptolemy.moml.MoMLSimpleApplication@3bbf2b09
----------------- Done invoking toplevel() on ptolemy.moml.MoMLSimpleApplication@3bbf2b09
reloadAllAccessors: .LMSAdaptiveFIR2
----------------- testing Mon May 07 01:06:17 UTC 2018 /home/travis/build/icyphy/ptII/ptolemy/domains/sdf/lib/test/auto/LongJoin.xml
----------------- Instantiating /home/travis/build/icyphy/ptII/ptolemy/domains/sdf/lib/test/auto/LongJoin.xml
3 ms. Memory: 208384K Free: 86256K (41%)
----------------- Invoking toplevel() on ptolemy.moml.MoMLSimpleApplication@3de5b818
----------------- Done invoking toplevel() on ptolemy.moml.MoMLSimpleApplication@3de5b818
reloadAllAccessors: .LongJoin
----------------- testing Mon May 07 01:06:17 UTC 2018 /home/travis/build/icyphy/ptII/ptolemy/domains/sdf/lib/test/auto/Matrix1.xml
----------------- Instantiating /home/travis/build/icyphy/ptII/ptolemy/domains/sdf/lib/test/auto/Matrix1.xml
2 ms. Memory: 208384K Free: 82160K (39%)
----------------- Invoking toplevel() on ptolemy.moml.MoMLSimpleApplication@2c4e98a2
----------------- Done invoking toplevel() on ptolemy.moml.MoMLSimpleApplication@2c4e98a2
reloadAllAccessors: .Matrix1
----------------- testing Mon May 07 01:06:17 UTC 2018 /home/travis/build/icyphy/ptII/ptolemy/domains/sdf/lib/test/auto/Matrix2.xml
----------------- Instantiating /home/travis/build/icyphy/ptII/ptolemy/domains/sdf/lib/test/auto/Matrix2.xml
3 ms. Memory: 208384K Free: 78064K (37%)
----------------- Invoking toplevel() on ptolemy.moml.MoMLSimpleApplication@51d9cc47
----------------- Done invoking toplevel() on ptolemy.moml.MoMLSimpleApplication@51d9cc47
reloadAllAccessors: .Matrix2
----------------- testing Mon May 07 01:06:17 UTC 2018 /home/travis/build/icyphy/ptII/ptolemy/domains/sdf/lib/test/auto/MatrixJoin1.xml
----------------- Instantiating /home/travis/build/icyphy/ptII/ptolemy/domains/sdf/lib/test/auto/MatrixJoin1.xml
1 ms. Memory: 332800K Free: 318562K (96%)
----------------- Invoking toplevel() on ptolemy.moml.MoMLSimpleApplication@34811230
----------------- Done invoking toplevel() on ptolemy.moml.MoMLSimpleApplication@34811230
reloadAllAccessors: .MatrixJoin1
----------------- testing Mon May 07 01:06:17 UTC 2018 /home/travis/build/icyphy/ptII/ptolemy/domains/sdf/lib/test/auto/MatrixJoin2.xml
----------------- Instantiating /home/travis/build/icyphy/ptII/ptolemy/domains/sdf/lib/test/auto/MatrixJoin2.xml
2 ms. Memory: 332800K Free: 310285K (93%)
----------------- Invoking toplevel() on ptolemy.moml.MoMLSimpleApplication@4f59c4f7
----------------- Done invoking toplevel() on ptolemy.moml.MoMLSimpleApplication@4f59c4f7
reloadAllAccessors: .MatrixJoin2
----------------- testing Mon May 07 01:06:17 UTC 2018 /home/travis/build/icyphy/ptII/ptolemy/domains/sdf/lib/test/auto/MatrixJoin3.xml
----------------- Instantiating /home/travis/build/icyphy/ptII/ptolemy/domains/sdf/lib/test/auto/MatrixJoin3.xml
3 ms. Memory: 332800K Free: 303699K (91%)
----------------- Invoking toplevel() on ptolemy.moml.MoMLSimpleApplication@742e1c0e
----------------- Done invoking toplevel() on ptolemy.moml.MoMLSimpleApplication@742e1c0e
reloadAllAccessors: .MatrixJoin3
----------------- testing Mon May 07 01:06:17 UTC 2018 /home/travis/build/icyphy/ptII/ptolemy/domains/sdf/lib/test/auto/MatrixJoin4.xml
----------------- Instantiating /home/travis/build/icyphy/ptII/ptolemy/domains/sdf/lib/test/auto/MatrixJoin4.xml
1 ms. Memory: 332800K Free: 297113K (89%)
----------------- Invoking toplevel() on ptolemy.moml.MoMLSimpleApplication@7343adca
----------------- Done invoking toplevel() on ptolemy.moml.MoMLSimpleApplication@7343adca
reloadAllAccessors: .MatrixJoin4
----------------- testing Mon May 07 01:06:17 UTC 2018 /home/travis/build/icyphy/ptII/ptolemy/domains/sdf/lib/test/auto/MatrixJoin5.xml
----------------- Instantiating /home/travis/build/icyphy/ptII/ptolemy/domains/sdf/lib/test/auto/MatrixJoin5.xml
2 ms. Memory: 332800K Free: 289121K (87%)
----------------- Invoking toplevel() on ptolemy.moml.MoMLSimpleApplication@d61a6aa
----------------- Done invoking toplevel() on ptolemy.moml.MoMLSimpleApplication@d61a6aa
reloadAllAccessors: .MatrixJoin5
----------------- testing Mon May 07 01:06:17 UTC 2018 /home/travis/build/icyphy/ptII/ptolemy/domains/sdf/lib/test/auto/MatrixSplit1.xml
----------------- Instantiating /home/travis/build/icyphy/ptII/ptolemy/domains/sdf/lib/test/auto/MatrixSplit1.xml
4 ms. Memory: 332800K Free: 282567K (85%)
----------------- Invoking toplevel() on ptolemy.moml.MoMLSimpleApplication@a40c246
----------------- Done invoking toplevel() on ptolemy.moml.MoMLSimpleApplication@a40c246
reloadAllAccessors: .MatrixSplit1
----------------- testing Mon May 07 01:06:17 UTC 2018 /home/travis/build/icyphy/ptII/ptolemy/domains/sdf/lib/test/auto/MatrixSplit10.xml
----------------- Instantiating /home/travis/build/icyphy/ptII/ptolemy/domains/sdf/lib/test/auto/MatrixSplit10.xml
2 ms. Memory: 332800K Free: 277652K (83%)
----------------- Invoking toplevel() on ptolemy.moml.MoMLSimpleApplication@3eeab0a
----------------- Done invoking toplevel() on ptolemy.moml.MoMLSimpleApplication@3eeab0a
reloadAllAccessors: .MatrixSplit10
----------------- testing Mon May 07 01:06:18 UTC 2018 /home/travis/build/icyphy/ptII/ptolemy/domains/sdf/lib/test/auto/MatrixSplit11.xml
----------------- Instantiating /home/travis/build/icyphy/ptII/ptolemy/domains/sdf/lib/test/auto/MatrixSplit11.xml
2 ms. Memory: 332800K Free: 272737K (82%)
----------------- Invoking toplevel() on ptolemy.moml.MoMLSimpleApplication@3f79775f
----------------- Done invoking toplevel() on ptolemy.moml.MoMLSimpleApplication@3f79775f
reloadAllAccessors: .MatrixSplit11
----------------- testing Mon May 07 01:06:18 UTC 2018 /home/travis/build/icyphy/ptII/ptolemy/domains/sdf/lib/test/auto/MatrixSplit12.xml
----------------- Instantiating /home/travis/build/icyphy/ptII/ptolemy/domains/sdf/lib/test/auto/MatrixSplit12.xml
2 ms. Memory: 332800K Free: 266415K (80%)
----------------- Invoking toplevel() on ptolemy.moml.MoMLSimpleApplication@523a9d3f
----------------- Done invoking toplevel() on ptolemy.moml.MoMLSimpleApplication@523a9d3f
reloadAllAccessors: .MatrixSplit12
----------------- testing Mon May 07 01:06:18 UTC 2018 /home/travis/build/icyphy/ptII/ptolemy/domains/sdf/lib/test/auto/MatrixSplit13.xml
----------------- Instantiating /home/travis/build/icyphy/ptII/ptolemy/domains/sdf/lib/test/auto/MatrixSplit13.xml
5 ms. Memory: 332800K Free: 261500K (79%)
----------------- Invoking toplevel() on ptolemy.moml.MoMLSimpleApplication@57ff8a0d
----------------- Done invoking toplevel() on ptolemy.moml.MoMLSimpleApplication@57ff8a0d
reloadAllAccessors: .MatrixSplit13
----------------- testing Mon May 07 01:06:18 UTC 2018 /home/travis/build/icyphy/ptII/ptolemy/domains/sdf/lib/test/auto/MatrixSplit14.xml
----------------- Instantiating /home/travis/build/icyphy/ptII/ptolemy/domains/sdf/lib/test/auto/MatrixSplit14.xml
2 ms. Memory: 332800K Free: 256584K (77%)
----------------- Invoking toplevel() on ptolemy.moml.MoMLSimpleApplication@673a5cc0
----------------- Done invoking toplevel() on ptolemy.moml.MoMLSimpleApplication@673a5cc0
reloadAllAccessors: .MatrixSplit14
----------------- testing Mon May 07 01:06:18 UTC 2018 /home/travis/build/icyphy/ptII/ptolemy/domains/sdf/lib/test/auto/MatrixSplit2.xml
----------------- Instantiating /home/travis/build/icyphy/ptII/ptolemy/domains/sdf/lib/test/auto/MatrixSplit2.xml
4 ms. Memory: 332800K Free: 250263K (75%)
----------------- Invoking toplevel() on ptolemy.moml.MoMLSimpleApplication@c747800
----------------- Done invoking toplevel() on ptolemy.moml.MoMLSimpleApplication@c747800
reloadAllAccessors: .MatrixSplit2
----------------- testing Mon May 07 01:06:18 UTC 2018 /home/travis/build/icyphy/ptII/ptolemy/domains/sdf/lib/test/auto/MatrixSplit3.xml
----------------- Instantiating /home/travis/build/icyphy/ptII/ptolemy/domains/sdf/lib/test/auto/MatrixSplit3.xml
2 ms. Memory: 332800K Free: 245347K (74%)
----------------- Invoking toplevel() on ptolemy.moml.MoMLSimpleApplication@59d89760
----------------- Done invoking toplevel() on ptolemy.moml.MoMLSimpleApplication@59d89760
reloadAllAccessors: .MatrixSplit3
----------------- testing Mon May 07 01:06:18 UTC 2018 /home/travis/build/icyphy/ptII/ptolemy/domains/sdf/lib/test/auto/MatrixSplit4.xml
----------------- Instantiating /home/travis/build/icyphy/ptII/ptolemy/domains/sdf/lib/test/auto/MatrixSplit4.xml
4 ms. Memory: 332800K Free: 240432K (72%)
----------------- Invoking toplevel() on ptolemy.moml.MoMLSimpleApplication@7fc81d15
----------------- Done invoking toplevel() on ptolemy.moml.MoMLSimpleApplication@7fc81d15
reloadAllAccessors: .MatrixSplit4
----------------- testing Mon May 07 01:06:18 UTC 2018 /home/travis/build/icyphy/ptII/ptolemy/domains/sdf/lib/test/auto/MatrixSplit5.xml
----------------- Instantiating /home/travis/build/icyphy/ptII/ptolemy/domains/sdf/lib/test/auto/MatrixSplit5.xml
4 ms. Memory: 332800K Free: 234110K (70%)
----------------- Invoking toplevel() on ptolemy.moml.MoMLSimpleApplication@233d8c26
----------------- Done invoking toplevel() on ptolemy.moml.MoMLSimpleApplication@233d8c26
reloadAllAccessors: .MatrixSplit5
----------------- testing Mon May 07 01:06:18 UTC 2018 /home/travis/build/icyphy/ptII/ptolemy/domains/sdf/lib/test/auto/MatrixSplit6.xml
----------------- Instantiating /home/travis/build/icyphy/ptII/ptolemy/domains/sdf/lib/test/auto/MatrixSplit6.xml
2 ms. Memory: 332800K Free: 229195K (69%)
----------------- Invoking toplevel() on ptolemy.moml.MoMLSimpleApplication@4014d774
----------------- Done invoking toplevel() on ptolemy.moml.MoMLSimpleApplication@4014d774
reloadAllAccessors: .MatrixSplit6
----------------- testing Mon May 07 01:06:18 UTC 2018 /home/travis/build/icyphy/ptII/ptolemy/domains/sdf/lib/test/auto/MatrixSplit7.xml
----------------- Instantiating /home/travis/build/icyphy/ptII/ptolemy/domains/sdf/lib/test/auto/MatrixSplit7.xml
2 ms. Memory: 332800K Free: 224280K (67%)
----------------- Invoking toplevel() on ptolemy.moml.MoMLSimpleApplication@3c860715
----------------- Done invoking toplevel() on ptolemy.moml.MoMLSimpleApplication@3c860715
reloadAllAccessors: .MatrixSplit7
----------------- testing Mon May 07 01:06:18 UTC 2018 /home/travis/build/icyphy/ptII/ptolemy/domains/sdf/lib/test/auto/MatrixSplit8.xml
----------------- Instantiating /home/travis/build/icyphy/ptII/ptolemy/domains/sdf/lib/test/auto/MatrixSplit8.xml
2 ms. Memory: 332800K Free: 219364K (66%)
----------------- Invoking toplevel() on ptolemy.moml.MoMLSimpleApplication@105d8a8d
----------------- Done invoking toplevel() on ptolemy.moml.MoMLSimpleApplication@105d8a8d
reloadAllAccessors: .MatrixSplit8
----------------- testing Mon May 07 01:06:18 UTC 2018 /home/travis/build/icyphy/ptII/ptolemy/domains/sdf/lib/test/auto/MatrixSplit9.xml
----------------- Instantiating /home/travis/build/icyphy/ptII/ptolemy/domains/sdf/lib/test/auto/MatrixSplit9.xml
6 ms. Memory: 332800K Free: 213042K (64%)
----------------- Invoking toplevel() on ptolemy.moml.MoMLSimpleApplication@67e1d459
----------------- Done invoking toplevel() on ptolemy.moml.MoMLSimpleApplication@67e1d459
reloadAllAccessors: .MatrixSplit9
----------------- testing Mon May 07 01:06:18 UTC 2018 /home/travis/build/icyphy/ptII/ptolemy/domains/sdf/lib/test/auto/MatrixToSequence.xml
----------------- Instantiating /home/travis/build/icyphy/ptII/ptolemy/domains/sdf/lib/test/auto/MatrixToSequence.xml
11 ms. Memory: 332800K Free: 201573K (61%)
----------------- Invoking toplevel() on ptolemy.moml.MoMLSimpleApplication@7b24a8ef
----------------- Done invoking toplevel() on ptolemy.moml.MoMLSimpleApplication@7b24a8ef
reloadAllAccessors: .MatrixToSequence
----------------- testing Mon May 07 01:06:18 UTC 2018 /home/travis/build/icyphy/ptII/ptolemy/domains/sdf/lib/test/auto/MaximumEntropySpectrum.xml
----------------- Instantiating /home/travis/build/icyphy/ptII/ptolemy/domains/sdf/lib/test/auto/MaximumEntropySpectrum.xml
14 ms. Memory: 332800K Free: 176957K (53%)
----------------- Invoking toplevel() on ptolemy.moml.MoMLSimpleApplication@55500556
----------------- Done invoking toplevel() on ptolemy.moml.MoMLSimpleApplication@55500556
reloadAllAccessors: .MaximumEntropySpectrum
----------------- testing Mon May 07 01:06:18 UTC 2018 /home/travis/build/icyphy/ptII/ptolemy/domains/sdf/lib/test/auto/SampleDelayConversion.xml
----------------- Instantiating /home/travis/build/icyphy/ptII/ptolemy/domains/sdf/lib/test/auto/SampleDelayConversion.xml
2 ms. Memory: 332800K Free: 170635K (51%)
----------------- Invoking toplevel() on ptolemy.moml.MoMLSimpleApplication@45808d51
----------------- Done invoking toplevel() on ptolemy.moml.MoMLSimpleApplication@45808d51
reloadAllAccessors: .SampleDelayConversion
----------------- testing Mon May 07 01:06:18 UTC 2018 /home/travis/build/icyphy/ptII/ptolemy/domains/sdf/lib/test/auto/SequenceToArray.xml
----------------- Instantiating /home/travis/build/icyphy/ptII/ptolemy/domains/sdf/lib/test/auto/SequenceToArray.xml
8 ms. Memory: 332800K Free: 157511K (47%)
----------------- Invoking toplevel() on ptolemy.moml.MoMLSimpleApplication@34db14c9
----------------- Done invoking toplevel() on ptolemy.moml.MoMLSimpleApplication@34db14c9
reloadAllAccessors: .SequenceToArray
----------------- testing Mon May 07 01:06:18 UTC 2018 /home/travis/build/icyphy/ptII/ptolemy/domains/sdf/lib/test/auto/SequenceToMatrix.xml
----------------- Instantiating /home/travis/build/icyphy/ptII/ptolemy/domains/sdf/lib/test/auto/SequenceToMatrix.xml
4249 ms. Memory: 579072K Free: 511276K (88%)
----------------- Invoking toplevel() on ptolemy.moml.MoMLSimpleApplication@21aae07c
----------------- Done invoking toplevel() on ptolemy.moml.MoMLSimpleApplication@21aae07c
reloadAllAccessors: .SequenceToMatrix
----------------- testing Mon May 07 01:06:22 UTC 2018 /home/travis/build/icyphy/ptII/ptolemy/domains/sdf/lib/test/auto/SmoothedPeriodogram.xml
----------------- Instantiating /home/travis/build/icyphy/ptII/ptolemy/domains/sdf/lib/test/auto/SmoothedPeriodogram.xml
15 ms. Memory: 579072K Free: 487679K (84%)
----------------- Invoking toplevel() on ptolemy.moml.MoMLSimpleApplication@5621985f
----------------- Done invoking toplevel() on ptolemy.moml.MoMLSimpleApplication@5621985f
reloadAllAccessors: .SmoothedPeriodogram
----------------- testing Mon May 07 01:06:22 UTC 2018 /home/travis/build/icyphy/ptII/ptolemy/domains/sdf/lib/test/auto/UpDownSample1.xml
----------------- Instantiating /home/travis/build/icyphy/ptII/ptolemy/domains/sdf/lib/test/auto/UpDownSample1.xml
3 ms. Memory: 579072K Free: 481132K (83%)
----------------- Invoking toplevel() on ptolemy.moml.MoMLSimpleApplication@25198f38
----------------- Done invoking toplevel() on ptolemy.moml.MoMLSimpleApplication@25198f38
reloadAllAccessors: .UpDownSample1
----------------- testing Mon May 07 01:06:22 UTC 2018 /home/travis/build/icyphy/ptII/ptolemy/domains/sdf/lib/test/auto/UpSample1.xml
----------------- Instantiating /home/travis/build/icyphy/ptII/ptolemy/domains/sdf/lib/test/auto/UpSample1.xml
2 ms. Memory: 579072K Free: 474586K (82%)
----------------- Invoking toplevel() on ptolemy.moml.MoMLSimpleApplication@3f41e840
----------------- Done invoking toplevel() on ptolemy.moml.MoMLSimpleApplication@3f41e840
reloadAllAccessors: .UpSample1
----------------- testing Mon May 07 01:06:22 UTC 2018 /home/travis/build/icyphy/ptII/ptolemy/domains/sdf/lib/test/auto/VariableFIR.xml
----------------- Instantiating /home/travis/build/icyphy/ptII/ptolemy/domains/sdf/lib/test/auto/VariableFIR.xml
5 ms. Memory: 579072K Free: 464765K (80%)
----------------- Invoking toplevel() on ptolemy.moml.MoMLSimpleApplication@22977a38
----------------- Done invoking toplevel() on ptolemy.moml.MoMLSimpleApplication@22977a38
reloadAllAccessors: .VariableFIR
----------------- testing Mon May 07 01:06:22 UTC 2018 /home/travis/build/icyphy/ptII/ptolemy/domains/sdf/lib/test/auto/VariableFIR2.xml
----------------- Instantiating /home/travis/build/icyphy/ptII/ptolemy/domains/sdf/lib/test/auto/VariableFIR2.xml
6 ms. Memory: 579072K Free: 452997K (78%)
----------------- Invoking toplevel() on ptolemy.moml.MoMLSimpleApplication@714fda4
----------------- Done invoking toplevel() on ptolemy.moml.MoMLSimpleApplication@714fda4
reloadAllAccessors: .VariableFIR2
----------------- testing Mon May 07 01:06:22 UTC 2018 /home/travis/build/icyphy/ptII/ptolemy/domains/sdf/lib/test/auto/VariableLattice.xml
----------------- Instantiating /home/travis/build/icyphy/ptII/ptolemy/domains/sdf/lib/test/auto/VariableLattice.xml
4 ms. Memory: 579072K Free: 443177K (77%)
----------------- Invoking toplevel() on ptolemy.moml.MoMLSimpleApplication@683b9cd7
----------------- Done invoking toplevel() on ptolemy.moml.MoMLSimpleApplication@683b9cd7
reloadAllAccessors: .VariableLattice
----------------- testing Mon May 07 01:06:23 UTC 2018 /home/travis/build/icyphy/ptII/ptolemy/domains/sdf/lib/test/auto/VariableLattice2.xml
----------------- Instantiating /home/travis/build/icyphy/ptII/ptolemy/domains/sdf/lib/test/auto/VariableLattice2.xml
1.0
-1.999999602036
1.9099998677481
-0.9099996420674
0.205
0.0
0.0
1.0
-0.25
-0.5
0.0
0.0
0.0
0.0
4 ms. Memory: 579072K Free: 433357K (75%)
----------------- Invoking toplevel() on ptolemy.moml.MoMLSimpleApplication@5f2b1957
----------------- Done invoking toplevel() on ptolemy.moml.MoMLSimpleApplication@5f2b1957
reloadAllAccessors: .VariableLattice2
----------------- testing Mon May 07 01:06:23 UTC 2018 /home/travis/build/icyphy/ptII/ptolemy/domains/sdf/lib/test/auto/VariableRecursiveLattice.xml
----------------- Instantiating /home/travis/build/icyphy/ptII/ptolemy/domains/sdf/lib/test/auto/VariableRecursiveLattice.xml
4 ms. Memory: 579072K Free: 423537K (73%)
----------------- Invoking toplevel() on ptolemy.moml.MoMLSimpleApplication@58da1857
----------------- Done invoking toplevel() on ptolemy.moml.MoMLSimpleApplication@58da1857
reloadAllAccessors: .VariableRecursiveLattice
----------------- testing Mon May 07 01:06:23 UTC 2018 /home/travis/build/icyphy/ptII/ptolemy/domains/sdf/lib/test/auto/VariableRecursiveLattice2.xml
----------------- Instantiating /home/travis/build/icyphy/ptII/ptolemy/domains/sdf/lib/test/auto/VariableRecursiveLattice2.xml
2 ms. Memory: 579072K Free: 416990K (72%)
----------------- Invoking toplevel() on ptolemy.moml.MoMLSimpleApplication@5aa86f24
----------------- Done invoking toplevel() on ptolemy.moml.MoMLSimpleApplication@5aa86f24
reloadAllAccessors: .VariableRecursiveLattice2
AutoTests.java: About to close Vertx.
AutoTests.java: Vertx closed.
]]></system-out>
  <system-err><![CDATA[]]></system-err>
</testsuite>
