<?xml version="1.0" encoding="UTF-8" ?>
<testsuite errors="0" failures="0" hostname="travis-job-3d9054ad-1e63-4302-8cba-dd7b2d31488e" name="ptolemy.domains.sdf.test.junit.JUnitTclTest" skipped="0" tests="66" time="20.435" timestamp="2018-05-22T01:21:46">
  <properties>
[...]
</properties>
  <testcase classname="ptolemy.util.test.junit.TclTests" name="[0] /home/travis/build/icyphy/ptII/ptolemy/domains/sdf/test/SDFSchedulerErrors.tcl (RunTclFile)" time="0.656" />
  <testcase classname="ptolemy.util.test.junit.TclTests" name="[1] /home/travis/build/icyphy/ptII/ptolemy/domains/sdf/test/composition.tcl (RunTclFile)" time="0.173" />
  <testcase classname="ptolemy.util.test.junit.TclTests" name="[2] /home/travis/build/icyphy/ptII/ptolemy/domains/sdf/test/cycle.tcl (RunTclFile)" time="0.059" />
  <testcase classname="ptolemy.util.test.junit.AutoKnownFailedTests" name="[0] ThereAreNoKnowFailedTests (RunModel)" time="0.001" />
  <testcase classname="ptolemy.util.test.junit.AutoNameArchTests" name="[0] ThereAreNoAutoTests (RunModel)" time="0.01" />
  <testcase classname="ptolemy.util.test.junit.AutoTests" name="[0] /home/travis/build/icyphy/ptII/ptolemy/domains/sdf/test/auto/Array.xml (RunModel)" time="0.137" />
  <testcase classname="ptolemy.util.test.junit.AutoTests" name="[1] /home/travis/build/icyphy/ptII/ptolemy/domains/sdf/test/auto/Butterfly.xml (RunModel)" time="0.194" />
  <testcase classname="ptolemy.util.test.junit.AutoTests" name="[2] /home/travis/build/icyphy/ptII/ptolemy/domains/sdf/test/auto/Expression.xml (RunModel)" time="0.151" />
  <testcase classname="ptolemy.util.test.junit.AutoTests" name="[3] /home/travis/build/icyphy/ptII/ptolemy/domains/sdf/test/auto/Eye.xml (RunModel)" time="0.293" />
  <testcase classname="ptolemy.util.test.junit.AutoTests" name="[4] /home/travis/build/icyphy/ptII/ptolemy/domains/sdf/test/auto/FixFIR.xml (RunModel)" time="0.252" />
  <testcase classname="ptolemy.util.test.junit.AutoTests" name="[5] /home/travis/build/icyphy/ptII/ptolemy/domains/sdf/test/auto/FixPoint.xml (RunModel)" time="0.046" />
  <testcase classname="ptolemy.util.test.junit.AutoTests" name="[6] /home/travis/build/icyphy/ptII/ptolemy/domains/sdf/test/auto/Gravitation.xml (RunModel)" time="3.311" />
  <testcase classname="ptolemy.util.test.junit.AutoTests" name="[7] /home/travis/build/icyphy/ptII/ptolemy/domains/sdf/test/auto/GravitationWithCollisionDetection.xml (RunModel)" time="6.57" />
  <testcase classname="ptolemy.util.test.junit.AutoTests" name="[8] /home/travis/build/icyphy/ptII/ptolemy/domains/sdf/test/auto/HDF.xml (RunModel)" time="0.116" />
  <testcase classname="ptolemy.util.test.junit.AutoTests" name="[9] /home/travis/build/icyphy/ptII/ptolemy/domains/sdf/test/auto/HDFwithTransientStates.xml (RunModel)" time="0.185" />
  <testcase classname="ptolemy.util.test.junit.AutoTests" name="[10] /home/travis/build/icyphy/ptII/ptolemy/domains/sdf/test/auto/HTVQ.xml (RunModel)" time="0.895" />
  <testcase classname="ptolemy.util.test.junit.AutoTests" name="[11] /home/travis/build/icyphy/ptII/ptolemy/domains/sdf/test/auto/InferInitProduction.xml (RunModel)" time="0.035" />
  <testcase classname="ptolemy.util.test.junit.AutoTests" name="[12] /home/travis/build/icyphy/ptII/ptolemy/domains/sdf/test/auto/InferInitProductionDeeper.xml (RunModel)" time="0.037" />
  <testcase classname="ptolemy.util.test.junit.AutoTests" name="[13] /home/travis/build/icyphy/ptII/ptolemy/domains/sdf/test/auto/LMSAdaptive.xml (RunModel)" time="0.088" />
  <testcase classname="ptolemy.util.test.junit.AutoTests" name="[14] /home/travis/build/icyphy/ptII/ptolemy/domains/sdf/test/auto/LogisticMap.xml (RunModel)" time="0.489" />
  <testcase classname="ptolemy.util.test.junit.AutoTests" name="[15] /home/travis/build/icyphy/ptII/ptolemy/domains/sdf/test/auto/MaximumEntropySpectrum.xml (RunModel)" time="0.265" />
  <testcase classname="ptolemy.util.test.junit.AutoTests" name="[16] /home/travis/build/icyphy/ptII/ptolemy/domains/sdf/test/auto/MultirateSDF.xml (RunModel)" time="0.066" />
  <testcase classname="ptolemy.util.test.junit.AutoTests" name="[17] /home/travis/build/icyphy/ptII/ptolemy/domains/sdf/test/auto/MultirateSDFwithTransientStates.xml (RunModel)" time="0.092" />
  <testcase classname="ptolemy.util.test.junit.AutoTests" name="[18] /home/travis/build/icyphy/ptII/ptolemy/domains/sdf/test/auto/NoisySinewave.xml (RunModel)" time="0.08" />
  <testcase classname="ptolemy.util.test.junit.AutoTests" name="[19] /home/travis/build/icyphy/ptII/ptolemy/domains/sdf/test/auto/Objects.xml (RunModel)" time="0.056" />
  <testcase classname="ptolemy.util.test.junit.AutoTests" name="[20] /home/travis/build/icyphy/ptII/ptolemy/domains/sdf/test/auto/OrthogonalCom.xml (RunModel)" time="0.046" />
  <testcase classname="ptolemy.util.test.junit.AutoTests" name="[21] /home/travis/build/icyphy/ptII/ptolemy/domains/sdf/test/auto/RijndaelEncryption.xml (RunModel)" time="0.578" />
  <testcase classname="ptolemy.util.test.junit.AutoTests" name="[22] /home/travis/build/icyphy/ptII/ptolemy/domains/sdf/test/auto/SDFEmptyIterations.xml (RunModel)" time="0.037" />
  <testcase classname="ptolemy.util.test.junit.AutoTests" name="[23] /home/travis/build/icyphy/ptII/ptolemy/domains/sdf/test/auto/Spectrum.xml (RunModel)" time="0.065" />
  <testcase classname="ptolemy.util.test.junit.AutoTests" name="[24] /home/travis/build/icyphy/ptII/ptolemy/domains/sdf/test/auto/de_inside_sdf.xml (RunModel)" time="0.043" />
  <testcase classname="ptolemy.util.test.junit.AutoTests" name="[25] /home/travis/build/icyphy/ptII/ptolemy/domains/sdf/test/auto/disconnectedHierarchicalSDF.xml (RunModel)" time="0.027" />
  <testcase classname="ptolemy.util.test.junit.AutoTests" name="[26] /home/travis/build/icyphy/ptII/ptolemy/domains/sdf/test/auto/disconnectedSDF.xml (RunModel)" time="0.024" />
  <testcase classname="ptolemy.util.test.junit.AutoTests" name="[27] /home/travis/build/icyphy/ptII/ptolemy/domains/sdf/test/auto/emptyRefinement.xml (RunModel)" time="0.024" />
  <testcase classname="ptolemy.util.test.junit.AutoTests" name="[28] /home/travis/build/icyphy/ptII/ptolemy/domains/sdf/test/auto/filePortParameter.xml (RunModel)" time="0.053" />
  <testcase classname="ptolemy.util.test.junit.AutoTests" name="[29] /home/travis/build/icyphy/ptII/ptolemy/domains/sdf/test/auto/inferRelationWidth1.xml (RunModel)" time="0.017" />
  <testcase classname="ptolemy.util.test.junit.AutoTests" name="[30] /home/travis/build/icyphy/ptII/ptolemy/domains/sdf/test/auto/initProductionInference.xml (RunModel)" time="0.023" />
  <testcase classname="ptolemy.util.test.junit.AutoTests" name="[31] /home/travis/build/icyphy/ptII/ptolemy/domains/sdf/test/auto/relationGroup.xml (RunModel)" time="0.017" />
  <testcase classname="ptolemy.util.test.junit.AutoTests" name="[32] /home/travis/build/icyphy/ptII/ptolemy/domains/sdf/test/auto/relationGroup10.xml (RunModel)" time="0.019" />
  <testcase classname="ptolemy.util.test.junit.AutoTests" name="[33] /home/travis/build/icyphy/ptII/ptolemy/domains/sdf/test/auto/relationGroup11.xml (RunModel)" time="0.019" />
  <testcase classname="ptolemy.util.test.junit.AutoTests" name="[34] /home/travis/build/icyphy/ptII/ptolemy/domains/sdf/test/auto/relationGroup12.xml (RunModel)" time="0.02" />
  <testcase classname="ptolemy.util.test.junit.AutoTests" name="[35] /home/travis/build/icyphy/ptII/ptolemy/domains/sdf/test/auto/relationGroup13.xml (RunModel)" time="0.028" />
  <testcase classname="ptolemy.util.test.junit.AutoTests" name="[36] /home/travis/build/icyphy/ptII/ptolemy/domains/sdf/test/auto/relationGroup14.xml (RunModel)" time="0.027" />
  <testcase classname="ptolemy.util.test.junit.AutoTests" name="[37] /home/travis/build/icyphy/ptII/ptolemy/domains/sdf/test/auto/relationGroup15.xml (RunModel)" time="0.015" />
  <testcase classname="ptolemy.util.test.junit.AutoTests" name="[38] /home/travis/build/icyphy/ptII/ptolemy/domains/sdf/test/auto/relationGroup2.xml (RunModel)" time="0.024" />
  <testcase classname="ptolemy.util.test.junit.AutoTests" name="[39] /home/travis/build/icyphy/ptII/ptolemy/domains/sdf/test/auto/relationGroup3.xml (RunModel)" time="0.015" />
  <testcase classname="ptolemy.util.test.junit.AutoTests" name="[40] /home/travis/build/icyphy/ptII/ptolemy/domains/sdf/test/auto/relationGroup4.xml (RunModel)" time="0.02" />
  <testcase classname="ptolemy.util.test.junit.AutoTests" name="[41] /home/travis/build/icyphy/ptII/ptolemy/domains/sdf/test/auto/relationGroup5.xml (RunModel)" time="0.027" />
  <testcase classname="ptolemy.util.test.junit.AutoTests" name="[42] /home/travis/build/icyphy/ptII/ptolemy/domains/sdf/test/auto/relationGroup6.xml (RunModel)" time="0.024" />
  <testcase classname="ptolemy.util.test.junit.AutoTests" name="[43] /home/travis/build/icyphy/ptII/ptolemy/domains/sdf/test/auto/relationGroup7.xml (RunModel)" time="0.015" />
  <testcase classname="ptolemy.util.test.junit.AutoTests" name="[44] /home/travis/build/icyphy/ptII/ptolemy/domains/sdf/test/auto/relationGroup8.xml (RunModel)" time="0.014" />
  <testcase classname="ptolemy.util.test.junit.AutoTests" name="[45] /home/travis/build/icyphy/ptII/ptolemy/domains/sdf/test/auto/relationGroup9.xml (RunModel)" time="0.023" />
  <testcase classname="ptolemy.util.test.junit.AutoTests" name="[46] /home/travis/build/icyphy/ptII/ptolemy/domains/sdf/test/auto/sdf_inside_de.xml (RunModel)" time="0.035" />
  <testcase classname="ptolemy.util.test.junit.AutoTests" name="[47] /home/travis/build/icyphy/ptII/ptolemy/domains/sdf/test/auto/sdf_inside_pn.xml (RunModel)" time="0.08" />
  <testcase classname="ptolemy.util.test.junit.AutoTests" name="[48] /home/travis/build/icyphy/ptII/ptolemy/domains/sdf/test/auto/sdf_sdf1.xml (RunModel)" time="0.02" />
  <testcase classname="ptolemy.util.test.junit.AutoTests" name="[49] /home/travis/build/icyphy/ptII/ptolemy/domains/sdf/test/auto/test1.xml (RunModel)" time="0.02" />
  <testcase classname="ptolemy.util.test.junit.AutoTests" name="[50] /home/travis/build/icyphy/ptII/ptolemy/domains/sdf/test/auto/time1.xml (RunModel)" time="0.01" />
  <testcase classname="ptolemy.util.test.junit.AutoTests" name="[51] /home/travis/build/icyphy/ptII/ptolemy/domains/sdf/test/auto/time2.xml (RunModel)" time="0.011" />
  <testcase classname="ptolemy.util.test.junit.AutoTests" name="[52] /home/travis/build/icyphy/ptII/ptolemy/domains/sdf/test/auto/time3.xml (RunModel)" time="0.033" />
  <testcase classname="ptolemy.util.test.junit.AutoTests" name="[53] /home/travis/build/icyphy/ptII/ptolemy/domains/sdf/test/auto/time4.xml (RunModel)" time="0.021" />
  <testcase classname="ptolemy.util.test.junit.AutoTests" name="[54] /home/travis/build/icyphy/ptII/ptolemy/domains/sdf/test/auto/time5.xml (RunModel)" time="4.011" />
  <testcase classname="ptolemy.util.test.junit.AutoTests" name="[55] /home/travis/build/icyphy/ptII/ptolemy/domains/sdf/test/auto/typeSystem_Const_Integer_smallest_Type.xml (RunModel)" time="0.028" />
  <testcase classname="ptolemy.util.test.junit.AutoTests" name="[56] /home/travis/build/icyphy/ptII/ptolemy/domains/sdf/test/auto/typeSystem_declared_Inports_OutportTypeException.xml (RunModel)" time="0.044" />
  <testcase classname="ptolemy.util.test.junit.AutoTests" name="[57] /home/travis/build/icyphy/ptII/ptolemy/domains/sdf/test/auto/typeSystem_oneDeclaredInportType_wrongTypeOutport.xml (RunModel)" time="0.027" />
  <testcase classname="ptolemy.util.test.junit.AutoTests" name="[58] /home/travis/build/icyphy/ptII/ptolemy/domains/sdf/test/auto/width.xml (RunModel)" time="0.012" />
  <testcase classname="ptolemy.util.test.junit.AutoTests" name="[59] /home/travis/build/icyphy/ptII/ptolemy/domains/sdf/test/auto/width2.xml (RunModel)" time="0.036" />
  <testcase classname="ptolemy.util.test.junit.AutoTests" name="[60] /home/travis/build/icyphy/ptII/ptolemy/domains/sdf/test/auto/width3.xml (RunModel)" time="0.041" />
  <system-out><![CDATA[/home/travis/build/icyphy/ptII/ptolemy/domains/sdf/test/SDFSchedulerErrors.tcl
testDefs.tcl: setting time out to 9000 seconds at Tue May 22 01:21:46 UTC 2018
19 ms. Memory: 116224K Free: 106880K (92%)
7 ms. Memory: 116224K Free: 99918K (86%)
5 ms. Memory: 116224K Free: 92889K (80%)
11 ms. Memory: 116224K Free: 89839K (77%)
/home/travis/build/icyphy/ptII/ptolemy/domains/sdf/test/composition.tcl
48 ms. Memory: 116224K Free: 86197K (74%)
7 ms. Memory: 116224K Free: 84416K (73%)
/home/travis/build/icyphy/ptII/ptolemy/domains/sdf/test/cycle.tcl
.Toplevel.Director Preinitializing ...
Invoking preinitialize():  .Toplevel.Actor1
Invoking preinitialize():  .Toplevel.Actor2
Invoking preinitialize():  .Toplevel.Delay
.Toplevel.Director Finished preinitialize().
### Schedule:
Execute Schedule{
Fire Actor ptolemy.domains.sdf.kernel.test.SDFTestDelay {.Toplevel.Actor1}
Fire Actor ptolemy.domains.sdf.kernel.test.SDFTestDelay {.Toplevel.Actor2}
Fire Actor ptolemy.domains.sdf.lib.SampleDelay {.Toplevel.Delay}
}
### End schedule
Called initialize().
Invoking initialize():  .Toplevel.Actor1
Initializing actor: .Toplevel.Actor1.
Invoking initialize():  .Toplevel.Actor2
Initializing actor: .Toplevel.Actor2.
Invoking initialize():  .Toplevel.Delay
Initializing actor: .Toplevel.Delay.
Director: Called prefire().
-- Setting current time to 0.0
Director prefire returns true.
The actor .Toplevel.Actor1 will be iterated.
The actor .Toplevel.Actor1 was iterated.
The actor .Toplevel.Actor2 will be iterated.
The actor .Toplevel.Actor2 was iterated.
The actor .Toplevel.Delay will be iterated.
The actor .Toplevel.Delay was iterated.
Director: Called postfire().
Postfire returns: true
Director: Called prefire().
-- Setting current time to 0.0
Director prefire returns true.
The actor .Toplevel.Actor1 will be iterated.
The actor .Toplevel.Actor1 was iterated.
The actor .Toplevel.Actor2 will be iterated.
The actor .Toplevel.Actor2 was iterated.
The actor .Toplevel.Delay will be iterated.
The actor .Toplevel.Delay was iterated.
Director: Called postfire().
Postfire returns: true
Director: Called prefire().
-- Setting current time to 0.0
Director prefire returns true.
The actor .Toplevel.Actor1 will be iterated.
The actor .Toplevel.Actor1 was iterated.
The actor .Toplevel.Actor2 will be iterated.
The actor .Toplevel.Actor2 was iterated.
The actor .Toplevel.Delay will be iterated.
The actor .Toplevel.Delay was iterated.
Director: Called postfire().
Postfire returns: true
Director: Called prefire().
-- Setting current time to 0.0
Director prefire returns true.
The actor .Toplevel.Actor1 will be iterated.
The actor .Toplevel.Actor1 was iterated.
The actor .Toplevel.Actor2 will be iterated.
The actor .Toplevel.Actor2 was iterated.
The actor .Toplevel.Delay will be iterated.
The actor .Toplevel.Delay was iterated.
Director: Called postfire().
Postfire returns: true
Director: Called prefire().
-- Setting current time to 0.0
Director prefire returns true.
The actor .Toplevel.Actor1 will be iterated.
The actor .Toplevel.Actor1 was iterated.
The actor .Toplevel.Actor2 will be iterated.
The actor .Toplevel.Actor2 was iterated.
The actor .Toplevel.Delay will be iterated.
The actor .Toplevel.Delay was iterated.
Director: Called postfire().
Postfire returns: true
Director: Called prefire().
-- Setting current time to 0.0
Director prefire returns true.
The actor .Toplevel.Actor1 will be iterated.
The actor .Toplevel.Actor1 was iterated.
The actor .Toplevel.Actor2 will be iterated.
The actor .Toplevel.Actor2 was iterated.
The actor .Toplevel.Delay will be iterated.
The actor .Toplevel.Delay was iterated.
Reached specified number of iterations: 6
Director: Called wrapup().
6 ms. Memory: 116224K Free: 82047K (71%)
05/22/18 01:21:47
Failed: 0  Total Tests: 8  ((Passed: 8, Newly Passed: 0)  Known Failed: 0) /home/travis/build/icyphy/ptII/ptolemy/domains/sdf/test
No auto/knownFailedTests/*.xml tests in /home/travis/build/icyphy/ptII/ptolemy/domains/sdf/test
No auto/*.xml tests in /home/travis/build/icyphy/ptII/ptolemy/domains/sdf/test
AutoTests.java: About to close Vertx.
AutoTests.java: Vertx closed.
----------------- testing Tue May 22 01:21:48 UTC 2018 /home/travis/build/icyphy/ptII/ptolemy/domains/sdf/test/auto/Array.xml
----------------- Instantiating /home/travis/build/icyphy/ptII/ptolemy/domains/sdf/test/auto/Array.xml
29 ms. Memory: 146944K Free: 102314K (70%)
----------------- Invoking toplevel() on ptolemy.moml.MoMLSimpleApplication@2c2e9865
----------------- Done invoking toplevel() on ptolemy.moml.MoMLSimpleApplication@2c2e9865
reloadAllAccessors: .Array
----------------- testing Tue May 22 01:21:48 UTC 2018 /home/travis/build/icyphy/ptII/ptolemy/domains/sdf/test/auto/Butterfly.xml
----------------- Instantiating /home/travis/build/icyphy/ptII/ptolemy/domains/sdf/test/auto/Butterfly.xml
117 ms. Memory: 146944K Free: 96113K (65%)
----------------- Invoking toplevel() on ptolemy.moml.MoMLSimpleApplication@218d4e61
----------------- Done invoking toplevel() on ptolemy.moml.MoMLSimpleApplication@218d4e61
reloadAllAccessors: .Butterfly
----------------- testing Tue May 22 01:21:48 UTC 2018 /home/travis/build/icyphy/ptII/ptolemy/domains/sdf/test/auto/Expression.xml
----------------- Instantiating /home/travis/build/icyphy/ptII/ptolemy/domains/sdf/test/auto/Expression.xml
87 ms. Memory: 146944K Free: 91142K (62%)
----------------- Invoking toplevel() on ptolemy.moml.MoMLSimpleApplication@4ba8c8f4
----------------- Done invoking toplevel() on ptolemy.moml.MoMLSimpleApplication@4ba8c8f4
reloadAllAccessors: .Expression
----------------- testing Tue May 22 01:21:48 UTC 2018 /home/travis/build/icyphy/ptII/ptolemy/domains/sdf/test/auto/Eye.xml
----------------- Instantiating /home/travis/build/icyphy/ptII/ptolemy/domains/sdf/test/auto/Eye.xml
178 ms. Memory: 146944K Free: 120785K (82%)
----------------- Invoking toplevel() on ptolemy.moml.MoMLSimpleApplication@79dcb143
----------------- Done invoking toplevel() on ptolemy.moml.MoMLSimpleApplication@79dcb143
reloadAllAccessors: .Eye
----------------- testing Tue May 22 01:21:48 UTC 2018 /home/travis/build/icyphy/ptII/ptolemy/domains/sdf/test/auto/FixFIR.xml
----------------- Instantiating /home/travis/build/icyphy/ptII/ptolemy/domains/sdf/test/auto/FixFIR.xml
94 ms. Memory: 146944K Free: 84146K (57%)
----------------- Invoking toplevel() on ptolemy.moml.MoMLSimpleApplication@a234570
----------------- Done invoking toplevel() on ptolemy.moml.MoMLSimpleApplication@a234570
reloadAllAccessors: .FixFIR
----------------- testing Tue May 22 01:21:49 UTC 2018 /home/travis/build/icyphy/ptII/ptolemy/domains/sdf/test/auto/FixPoint.xml
----------------- Instantiating /home/travis/build/icyphy/ptII/ptolemy/domains/sdf/test/auto/FixPoint.xml
19 ms. Memory: 146944K Free: 79608K (54%)
----------------- Invoking toplevel() on ptolemy.moml.MoMLSimpleApplication@87c3a02
----------------- Done invoking toplevel() on ptolemy.moml.MoMLSimpleApplication@87c3a02
reloadAllAccessors: .FixPoint
----------------- testing Tue May 22 01:21:49 UTC 2018 /home/travis/build/icyphy/ptII/ptolemy/domains/sdf/test/auto/Gravitation.xml
----------------- Instantiating /home/travis/build/icyphy/ptII/ptolemy/domains/sdf/test/auto/Gravitation.xml
3200 ms. Memory: 208384K Free: 105977K (51%)
----------------- Invoking toplevel() on ptolemy.moml.MoMLSimpleApplication@6a962728
----------------- Done invoking toplevel() on ptolemy.moml.MoMLSimpleApplication@6a962728
reloadAllAccessors: .Gravitation
----------------- testing Tue May 22 01:21:52 UTC 2018 /home/travis/build/icyphy/ptII/ptolemy/domains/sdf/test/auto/GravitationWithCollisionDetection.xml
----------------- Instantiating /home/travis/build/icyphy/ptII/ptolemy/domains/sdf/test/auto/GravitationWithCollisionDetection.xml
6356 ms. Memory: 873984K Free: 358790K (41%)
----------------- Invoking toplevel() on ptolemy.moml.MoMLSimpleApplication@28e59164
----------------- Done invoking toplevel() on ptolemy.moml.MoMLSimpleApplication@28e59164
reloadAllAccessors: .GravitationWithCollisionDetection
----------------- testing Tue May 22 01:21:59 UTC 2018 /home/travis/build/icyphy/ptII/ptolemy/domains/sdf/test/auto/HDF.xml
----------------- Instantiating /home/travis/build/icyphy/ptII/ptolemy/domains/sdf/test/auto/HDF.xml
52 ms. Memory: 873984K Free: 326480K (37%)
----------------- Invoking toplevel() on ptolemy.moml.MoMLSimpleApplication@4606e4cd
----------------- Done invoking toplevel() on ptolemy.moml.MoMLSimpleApplication@4606e4cd
reloadAllAccessors: .HDF
----------------- testing Tue May 22 01:21:59 UTC 2018 /home/travis/build/icyphy/ptII/ptolemy/domains/sdf/test/auto/HDFwithTransientStates.xml
----------------- Instantiating /home/travis/build/icyphy/ptII/ptolemy/domains/sdf/test/auto/HDFwithTransientStates.xml
41 ms. Memory: 873984K Free: 302886K (35%)
----------------- Invoking toplevel() on ptolemy.moml.MoMLSimpleApplication@7f70fdf8
----------------- Done invoking toplevel() on ptolemy.moml.MoMLSimpleApplication@7f70fdf8
reloadAllAccessors: .HDFwithTransientStates
----------------- testing Tue May 22 01:21:59 UTC 2018 /home/travis/build/icyphy/ptII/ptolemy/domains/sdf/test/auto/HTVQ.xml
----------------- Instantiating /home/travis/build/icyphy/ptII/ptolemy/domains/sdf/test/auto/HTVQ.xml
840 ms. Memory: 873984K Free: 129966K (15%)
----------------- Invoking toplevel() on ptolemy.moml.MoMLSimpleApplication@2c720d56
----------------- Done invoking toplevel() on ptolemy.moml.MoMLSimpleApplication@2c720d56
reloadAllAccessors: .HTVQ
----------------- testing Tue May 22 01:22:00 UTC 2018 /home/travis/build/icyphy/ptII/ptolemy/domains/sdf/test/auto/InferInitProduction.xml
----------------- Instantiating /home/travis/build/icyphy/ptII/ptolemy/domains/sdf/test/auto/InferInitProduction.xml
10 ms. Memory: 873984K Free: 114247K (13%)
----------------- Invoking toplevel() on ptolemy.moml.MoMLSimpleApplication@51ae64fd
----------------- Done invoking toplevel() on ptolemy.moml.MoMLSimpleApplication@51ae64fd
reloadAllAccessors: .InferInitProduction
----------------- testing Tue May 22 01:22:00 UTC 2018 /home/travis/build/icyphy/ptII/ptolemy/domains/sdf/test/auto/InferInitProductionDeeper.xml
----------------- Instantiating /home/travis/build/icyphy/ptII/ptolemy/domains/sdf/test/auto/InferInitProductionDeeper.xml
11 ms. Memory: 873984K Free: 98529K (11%)
----------------- Invoking toplevel() on ptolemy.moml.MoMLSimpleApplication@6f2ecd70
----------------- Done invoking toplevel() on ptolemy.moml.MoMLSimpleApplication@6f2ecd70
reloadAllAccessors: .InferInitProductionDeeper
----------------- testing Tue May 22 01:22:00 UTC 2018 /home/travis/build/icyphy/ptII/ptolemy/domains/sdf/test/auto/LMSAdaptive.xml
----------------- Instantiating /home/travis/build/icyphy/ptII/ptolemy/domains/sdf/test/auto/LMSAdaptive.xml
16 ms. Memory: 873984K Free: 76348K (9%)
----------------- Invoking toplevel() on ptolemy.moml.MoMLSimpleApplication@5313f63f
----------------- Done invoking toplevel() on ptolemy.moml.MoMLSimpleApplication@5313f63f
reloadAllAccessors: .LMSAdaptive
----------------- testing Tue May 22 01:22:00 UTC 2018 /home/travis/build/icyphy/ptII/ptolemy/domains/sdf/test/auto/LogisticMap.xml
----------------- Instantiating /home/travis/build/icyphy/ptII/ptolemy/domains/sdf/test/auto/LogisticMap.xml
441 ms. Memory: 829952K Free: 802830K (97%)
----------------- Invoking toplevel() on ptolemy.moml.MoMLSimpleApplication@59315432
----------------- Done invoking toplevel() on ptolemy.moml.MoMLSimpleApplication@59315432
reloadAllAccessors: .LogisticMap
----------------- testing Tue May 22 01:22:00 UTC 2018 /home/travis/build/icyphy/ptII/ptolemy/domains/sdf/test/auto/MaximumEntropySpectrum.xml
----------------- Instantiating /home/travis/build/icyphy/ptII/ptolemy/domains/sdf/test/auto/MaximumEntropySpectrum.xml
77 ms. Memory: 829952K Free: 724939K (87%)
----------------- Invoking toplevel() on ptolemy.moml.MoMLSimpleApplication@48689c29
----------------- Done invoking toplevel() on ptolemy.moml.MoMLSimpleApplication@48689c29
reloadAllAccessors: .MaximumEntropySpectrum
----------------- testing Tue May 22 01:22:01 UTC 2018 /home/travis/build/icyphy/ptII/ptolemy/domains/sdf/test/auto/MultirateSDF.xml
----------------- Instantiating /home/travis/build/icyphy/ptII/ptolemy/domains/sdf/test/auto/MultirateSDF.xml
18 ms. Memory: 829952K Free: 702466K (85%)
----------------- Invoking toplevel() on ptolemy.moml.MoMLSimpleApplication@1c31098
----------------- Done invoking toplevel() on ptolemy.moml.MoMLSimpleApplication@1c31098
reloadAllAccessors: .MultirateSDF
----------------- testing Tue May 22 01:22:01 UTC 2018 /home/travis/build/icyphy/ptII/ptolemy/domains/sdf/test/auto/MultirateSDFwithTransientStates.xml
----------------- Instantiating /home/travis/build/icyphy/ptII/ptolemy/domains/sdf/test/auto/MultirateSDFwithTransientStates.xml
18 ms. Memory: 829952K Free: 679994K (82%)
----------------- Invoking toplevel() on ptolemy.moml.MoMLSimpleApplication@7d5eeae9
----------------- Done invoking toplevel() on ptolemy.moml.MoMLSimpleApplication@7d5eeae9
reloadAllAccessors: .MultirateSDFwithTransientStates
----------------- testing Tue May 22 01:22:01 UTC 2018 /home/travis/build/icyphy/ptII/ptolemy/domains/sdf/test/auto/NoisySinewave.xml
----------------- Instantiating /home/travis/build/icyphy/ptII/ptolemy/domains/sdf/test/auto/NoisySinewave.xml
25 ms. Memory: 829952K Free: 657522K (79%)
----------------- Invoking toplevel() on ptolemy.moml.MoMLSimpleApplication@410eea08
----------------- Done invoking toplevel() on ptolemy.moml.MoMLSimpleApplication@410eea08
reloadAllAccessors: .NoisySinewave
----------------- testing Tue May 22 01:22:01 UTC 2018 /home/travis/build/icyphy/ptII/ptolemy/domains/sdf/test/auto/Objects.xml
----------------- Instantiating /home/travis/build/icyphy/ptII/ptolemy/domains/sdf/test/auto/Objects.xml
3 ms. Memory: 829952K Free: 635057K (77%)
----------------- Invoking toplevel() on ptolemy.moml.MoMLSimpleApplication@3dad9fcd
----------------- Done invoking toplevel() on ptolemy.moml.MoMLSimpleApplication@3dad9fcd
reloadAllAccessors: .Objects
----------------- testing Tue May 22 01:22:01 UTC 2018 /home/travis/build/icyphy/ptII/ptolemy/domains/sdf/test/auto/OrthogonalCom.xml
----------------- Instantiating /home/travis/build/icyphy/ptII/ptolemy/domains/sdf/test/auto/OrthogonalCom.xml
4 ms. Memory: 829952K Free: 620086K (75%)
----------------- Invoking toplevel() on ptolemy.moml.MoMLSimpleApplication@558d094a
----------------- Done invoking toplevel() on ptolemy.moml.MoMLSimpleApplication@558d094a
reloadAllAccessors: .OrthogonalCom
----------------- testing Tue May 22 01:22:01 UTC 2018 /home/travis/build/icyphy/ptII/ptolemy/domains/sdf/test/auto/RijndaelEncryption.xml
----------------- Instantiating /home/travis/build/icyphy/ptII/ptolemy/domains/sdf/test/auto/RijndaelEncryption.xml
311 ms. Memory: 829952K Free: 462707K (56%)
----------------- Invoking toplevel() on ptolemy.moml.MoMLSimpleApplication@6f74b62c
----------------- Done invoking toplevel() on ptolemy.moml.MoMLSimpleApplication@6f74b62c
reloadAllAccessors: .RijndaelEncryption
----------------- testing Tue May 22 01:22:02 UTC 2018 /home/travis/build/icyphy/ptII/ptolemy/domains/sdf/test/auto/SDFEmptyIterations.xml
----------------- Instantiating /home/travis/build/icyphy/ptII/ptolemy/domains/sdf/test/auto/SDFEmptyIterations.xml
5 ms. Memory: 829952K Free: 447736K (54%)
----------------- Invoking toplevel() on ptolemy.moml.MoMLSimpleApplication@11a2434
----------------- Done invoking toplevel() on ptolemy.moml.MoMLSimpleApplication@11a2434
reloadAllAccessors: .SDFEmptyIterations
----------------- testing Tue May 22 01:22:02 UTC 2018 /home/travis/build/icyphy/ptII/ptolemy/domains/sdf/test/auto/Spectrum.xml
----------------- Instantiating /home/travis/build/icyphy/ptII/ptolemy/domains/sdf/test/auto/Spectrum.xml
28 ms. Memory: 829952K Free: 425264K (51%)
----------------- Invoking toplevel() on ptolemy.moml.MoMLSimpleApplication@258490bd
----------------- Done invoking toplevel() on ptolemy.moml.MoMLSimpleApplication@258490bd
reloadAllAccessors: .Spectrum
----------------- testing Tue May 22 01:22:02 UTC 2018 /home/travis/build/icyphy/ptII/ptolemy/domains/sdf/test/auto/de_inside_sdf.xml
----------------- Instantiating /home/travis/build/icyphy/ptII/ptolemy/domains/sdf/test/auto/de_inside_sdf.xml
4 ms. Memory: 829952K Free: 407352K (49%)
----------------- Invoking toplevel() on ptolemy.moml.MoMLSimpleApplication@6864cd44
----------------- Done invoking toplevel() on ptolemy.moml.MoMLSimpleApplication@6864cd44
reloadAllAccessors: .de_inside_sdf
----------------- testing Tue May 22 01:22:02 UTC 2018 /home/travis/build/icyphy/ptII/ptolemy/domains/sdf/test/auto/disconnectedHierarchicalSDF.xml
----------------- Instantiating /home/travis/build/icyphy/ptII/ptolemy/domains/sdf/test/auto/disconnectedHierarchicalSDF.xml
5 ms. Memory: 829952K Free: 392381K (47%)
----------------- Invoking toplevel() on ptolemy.moml.MoMLSimpleApplication@cebcd1e
----------------- Done invoking toplevel() on ptolemy.moml.MoMLSimpleApplication@cebcd1e
reloadAllAccessors: .disconnectedHierarchicalSDF
----------------- testing Tue May 22 01:22:02 UTC 2018 /home/travis/build/icyphy/ptII/ptolemy/domains/sdf/test/auto/disconnectedSDF.xml
----------------- Instantiating /home/travis/build/icyphy/ptII/ptolemy/domains/sdf/test/auto/disconnectedSDF.xml
2 ms. Memory: 829952K Free: 377410K (45%)
----------------- Invoking toplevel() on ptolemy.moml.MoMLSimpleApplication@7551b8fa
----------------- Done invoking toplevel() on ptolemy.moml.MoMLSimpleApplication@7551b8fa
reloadAllAccessors: .disconnectedSDF
----------------- testing Tue May 22 01:22:02 UTC 2018 /home/travis/build/icyphy/ptII/ptolemy/domains/sdf/test/auto/emptyRefinement.xml
----------------- Instantiating /home/travis/build/icyphy/ptII/ptolemy/domains/sdf/test/auto/emptyRefinement.xml
3 ms. Memory: 829952K Free: 362439K (44%)
----------------- Invoking toplevel() on ptolemy.moml.MoMLSimpleApplication@251fc2b6
----------------- Done invoking toplevel() on ptolemy.moml.MoMLSimpleApplication@251fc2b6
reloadAllAccessors: .emptyRefinement
----------------- testing Tue May 22 01:22:02 UTC 2018 /home/travis/build/icyphy/ptII/ptolemy/domains/sdf/test/auto/filePortParameter.xml
----------------- Instantiating /home/travis/build/icyphy/ptII/ptolemy/domains/sdf/test/auto/filePortParameter.xml
17 ms. Memory: 829952K Free: 347468K (42%)
----------------- Invoking toplevel() on ptolemy.moml.MoMLSimpleApplication@31370523
----------------- Done invoking toplevel() on ptolemy.moml.MoMLSimpleApplication@31370523
reloadAllAccessors: .filePortParameter
----------------- testing Tue May 22 01:22:02 UTC 2018 /home/travis/build/icyphy/ptII/ptolemy/domains/sdf/test/auto/inferRelationWidth1.xml
----------------- Instantiating /home/travis/build/icyphy/ptII/ptolemy/domains/sdf/test/auto/inferRelationWidth1.xml
3 ms. Memory: 829952K Free: 332497K (40%)
----------------- Invoking toplevel() on ptolemy.moml.MoMLSimpleApplication@4146065c
----------------- Done invoking toplevel() on ptolemy.moml.MoMLSimpleApplication@4146065c
reloadAllAccessors: .inferRelationWidth1
----------------- testing Tue May 22 01:22:02 UTC 2018 /home/travis/build/icyphy/ptII/ptolemy/domains/sdf/test/auto/initProductionInference.xml
----------------- Instantiating /home/travis/build/icyphy/ptII/ptolemy/domains/sdf/test/auto/initProductionInference.xml
8 ms. Memory: 829952K Free: 317526K (38%)
----------------- Invoking toplevel() on ptolemy.moml.MoMLSimpleApplication@31571ad1
----------------- Done invoking toplevel() on ptolemy.moml.MoMLSimpleApplication@31571ad1
reloadAllAccessors: .initProductionInference
----------------- testing Tue May 22 01:22:02 UTC 2018 /home/travis/build/icyphy/ptII/ptolemy/domains/sdf/test/auto/relationGroup.xml
----------------- Instantiating /home/travis/build/icyphy/ptII/ptolemy/domains/sdf/test/auto/relationGroup.xml
2 ms. Memory: 829952K Free: 302555K (36%)
----------------- Invoking toplevel() on ptolemy.moml.MoMLSimpleApplication@161893b6
----------------- Done invoking toplevel() on ptolemy.moml.MoMLSimpleApplication@161893b6
reloadAllAccessors: .relationGroup
----------------- testing Tue May 22 01:22:02 UTC 2018 /home/travis/build/icyphy/ptII/ptolemy/domains/sdf/test/auto/relationGroup10.xml
----------------- Instantiating /home/travis/build/icyphy/ptII/ptolemy/domains/sdf/test/auto/relationGroup10.xml
2 ms. Memory: 829952K Free: 284643K (34%)
----------------- Invoking toplevel() on ptolemy.moml.MoMLSimpleApplication@4873133a
----------------- Done invoking toplevel() on ptolemy.moml.MoMLSimpleApplication@4873133a
reloadAllAccessors: .relationGroup10
----------------- testing Tue May 22 01:22:02 UTC 2018 /home/travis/build/icyphy/ptII/ptolemy/domains/sdf/test/auto/relationGroup11.xml
----------------- Instantiating /home/travis/build/icyphy/ptII/ptolemy/domains/sdf/test/auto/relationGroup11.xml
3 ms. Memory: 829952K Free: 269672K (32%)
----------------- Invoking toplevel() on ptolemy.moml.MoMLSimpleApplication@327ebf66
----------------- Done invoking toplevel() on ptolemy.moml.MoMLSimpleApplication@327ebf66
reloadAllAccessors: .relationGroup11
----------------- testing Tue May 22 01:22:02 UTC 2018 /home/travis/build/icyphy/ptII/ptolemy/domains/sdf/test/auto/relationGroup12.xml
----------------- Instantiating /home/travis/build/icyphy/ptII/ptolemy/domains/sdf/test/auto/relationGroup12.xml
3 ms. Memory: 829952K Free: 254701K (31%)
----------------- Invoking toplevel() on ptolemy.moml.MoMLSimpleApplication@26764c76
----------------- Done invoking toplevel() on ptolemy.moml.MoMLSimpleApplication@26764c76
reloadAllAccessors: .relationGroup12
----------------- testing Tue May 22 01:22:02 UTC 2018 /home/travis/build/icyphy/ptII/ptolemy/domains/sdf/test/auto/relationGroup13.xml
----------------- Instantiating /home/travis/build/icyphy/ptII/ptolemy/domains/sdf/test/auto/relationGroup13.xml
8 ms. Memory: 829952K Free: 239730K (29%)
----------------- Invoking toplevel() on ptolemy.moml.MoMLSimpleApplication@2296028f
----------------- Done invoking toplevel() on ptolemy.moml.MoMLSimpleApplication@2296028f
reloadAllAccessors: .relationGroup13
----------------- testing Tue May 22 01:22:02 UTC 2018 /home/travis/build/icyphy/ptII/ptolemy/domains/sdf/test/auto/relationGroup14.xml
----------------- Instantiating /home/travis/build/icyphy/ptII/ptolemy/domains/sdf/test/auto/relationGroup14.xml
9 ms. Memory: 829952K Free: 224759K (27%)
----------------- Invoking toplevel() on ptolemy.moml.MoMLSimpleApplication@6c4d1499
----------------- Done invoking toplevel() on ptolemy.moml.MoMLSimpleApplication@6c4d1499
reloadAllAccessors: .relationGroup14
----------------- testing Tue May 22 01:22:02 UTC 2018 /home/travis/build/icyphy/ptII/ptolemy/domains/sdf/test/auto/relationGroup15.xml
----------------- Instantiating /home/travis/build/icyphy/ptII/ptolemy/domains/sdf/test/auto/relationGroup15.xml
2 ms. Memory: 829952K Free: 209788K (25%)
----------------- Invoking toplevel() on ptolemy.moml.MoMLSimpleApplication@159063f9
----------------- Done invoking toplevel() on ptolemy.moml.MoMLSimpleApplication@159063f9
reloadAllAccessors: .relationGroup15
----------------- testing Tue May 22 01:22:02 UTC 2018 /home/travis/build/icyphy/ptII/ptolemy/domains/sdf/test/auto/relationGroup2.xml
----------------- Instantiating /home/travis/build/icyphy/ptII/ptolemy/domains/sdf/test/auto/relationGroup2.xml
2 ms. Memory: 829952K Free: 194817K (23%)
----------------- Invoking toplevel() on ptolemy.moml.MoMLSimpleApplication@44de155c
----------------- Done invoking toplevel() on ptolemy.moml.MoMLSimpleApplication@44de155c
reloadAllAccessors: .relationGroup2
----------------- testing Tue May 22 01:22:02 UTC 2018 /home/travis/build/icyphy/ptII/ptolemy/domains/sdf/test/auto/relationGroup3.xml
----------------- Instantiating /home/travis/build/icyphy/ptII/ptolemy/domains/sdf/test/auto/relationGroup3.xml
2 ms. Memory: 829952K Free: 179846K (22%)
----------------- Invoking toplevel() on ptolemy.moml.MoMLSimpleApplication@7b0e5d05
----------------- Done invoking toplevel() on ptolemy.moml.MoMLSimpleApplication@7b0e5d05
reloadAllAccessors: .relationGroup3
----------------- testing Tue May 22 01:22:02 UTC 2018 /home/travis/build/icyphy/ptII/ptolemy/domains/sdf/test/auto/relationGroup4.xml
----------------- Instantiating /home/travis/build/icyphy/ptII/ptolemy/domains/sdf/test/auto/relationGroup4.xml
6 ms. Memory: 829952K Free: 164875K (20%)
----------------- Invoking toplevel() on ptolemy.moml.MoMLSimpleApplication@6dbe5c3
----------------- Done invoking toplevel() on ptolemy.moml.MoMLSimpleApplication@6dbe5c3
reloadAllAccessors: .relationGroup4
----------------- testing Tue May 22 01:22:02 UTC 2018 /home/travis/build/icyphy/ptII/ptolemy/domains/sdf/test/auto/relationGroup5.xml
----------------- Instantiating /home/travis/build/icyphy/ptII/ptolemy/domains/sdf/test/auto/relationGroup5.xml
4 ms. Memory: 829952K Free: 146963K (18%)
----------------- Invoking toplevel() on ptolemy.moml.MoMLSimpleApplication@4bb43c15
----------------- Done invoking toplevel() on ptolemy.moml.MoMLSimpleApplication@4bb43c15
reloadAllAccessors: .relationGroup5
----------------- testing Tue May 22 01:22:02 UTC 2018 /home/travis/build/icyphy/ptII/ptolemy/domains/sdf/test/auto/relationGroup6.xml
----------------- Instantiating /home/travis/build/icyphy/ptII/ptolemy/domains/sdf/test/auto/relationGroup6.xml
5 ms. Memory: 829952K Free: 131992K (16%)
----------------- Invoking toplevel() on ptolemy.moml.MoMLSimpleApplication@622631d1
----------------- Done invoking toplevel() on ptolemy.moml.MoMLSimpleApplication@622631d1
reloadAllAccessors: .relationGroup6
----------------- testing Tue May 22 01:22:02 UTC 2018 /home/travis/build/icyphy/ptII/ptolemy/domains/sdf/test/auto/relationGroup7.xml
----------------- Instantiating /home/travis/build/icyphy/ptII/ptolemy/domains/sdf/test/auto/relationGroup7.xml
2 ms. Memory: 829952K Free: 117021K (14%)
----------------- Invoking toplevel() on ptolemy.moml.MoMLSimpleApplication@11f0522d
----------------- Done invoking toplevel() on ptolemy.moml.MoMLSimpleApplication@11f0522d
reloadAllAccessors: .relationGroup7
----------------- testing Tue May 22 01:22:02 UTC 2018 /home/travis/build/icyphy/ptII/ptolemy/domains/sdf/test/auto/relationGroup8.xml
----------------- Instantiating /home/travis/build/icyphy/ptII/ptolemy/domains/sdf/test/auto/relationGroup8.xml
1 ms. Memory: 829952K Free: 102050K (12%)
----------------- Invoking toplevel() on ptolemy.moml.MoMLSimpleApplication@8e05c2f
----------------- Done invoking toplevel() on ptolemy.moml.MoMLSimpleApplication@8e05c2f
reloadAllAccessors: .relationGroup8
----------------- testing Tue May 22 01:22:02 UTC 2018 /home/travis/build/icyphy/ptII/ptolemy/domains/sdf/test/auto/relationGroup9.xml
----------------- Instantiating /home/travis/build/icyphy/ptII/ptolemy/domains/sdf/test/auto/relationGroup9.xml
5 ms. Memory: 829952K Free: 87079K (10%)
----------------- Invoking toplevel() on ptolemy.moml.MoMLSimpleApplication@53604ea8
----------------- Done invoking toplevel() on ptolemy.moml.MoMLSimpleApplication@53604ea8
reloadAllAccessors: .relationGroup9
----------------- testing Tue May 22 01:22:02 UTC 2018 /home/travis/build/icyphy/ptII/ptolemy/domains/sdf/test/auto/sdf_inside_de.xml
----------------- Instantiating /home/travis/build/icyphy/ptII/ptolemy/domains/sdf/test/auto/sdf_inside_de.xml
8 ms. Memory: 829952K Free: 69496K (8%)
----------------- Invoking toplevel() on ptolemy.moml.MoMLSimpleApplication@49d9be88
----------------- Done invoking toplevel() on ptolemy.moml.MoMLSimpleApplication@49d9be88
reloadAllAccessors: .sdf_inside_de
----------------- testing Tue May 22 01:22:02 UTC 2018 /home/travis/build/icyphy/ptII/ptolemy/domains/sdf/test/auto/sdf_inside_pn.xml
----------------- Instantiating /home/travis/build/icyphy/ptII/ptolemy/domains/sdf/test/auto/sdf_inside_pn.xml
43 ms. Memory: 794624K Free: 732103K (92%)
----------------- Invoking toplevel() on ptolemy.moml.MoMLSimpleApplication@2692747a
----------------- Done invoking toplevel() on ptolemy.moml.MoMLSimpleApplication@2692747a
reloadAllAccessors: .sdf_inside_pn
----------------- testing Tue May 22 01:22:02 UTC 2018 /home/travis/build/icyphy/ptII/ptolemy/domains/sdf/test/auto/sdf_sdf1.xml
----------------- Instantiating /home/travis/build/icyphy/ptII/ptolemy/domains/sdf/test/auto/sdf_sdf1.xml
3 ms. Memory: 794624K Free: 715956K (90%)
----------------- Invoking toplevel() on ptolemy.moml.MoMLSimpleApplication@4abf8840
----------------- Done invoking toplevel() on ptolemy.moml.MoMLSimpleApplication@4abf8840
reloadAllAccessors: .sdf_sdf1
----------------- testing Tue May 22 01:22:02 UTC 2018 /home/travis/build/icyphy/ptII/ptolemy/domains/sdf/test/auto/test1.xml
----------------- Instantiating /home/travis/build/icyphy/ptII/ptolemy/domains/sdf/test/auto/test1.xml
6 ms. Memory: 794624K Free: 701702K (88%)
----------------- Invoking toplevel() on ptolemy.moml.MoMLSimpleApplication@5943ff3a
----------------- Done invoking toplevel() on ptolemy.moml.MoMLSimpleApplication@5943ff3a
reloadAllAccessors: .test1
----------------- testing Tue May 22 01:22:02 UTC 2018 /home/travis/build/icyphy/ptII/ptolemy/domains/sdf/test/auto/time1.xml
----------------- Instantiating /home/travis/build/icyphy/ptII/ptolemy/domains/sdf/test/auto/time1.xml
2 ms. Memory: 794624K Free: 687447K (87%)
----------------- Invoking toplevel() on ptolemy.moml.MoMLSimpleApplication@636a6513
----------------- Done invoking toplevel() on ptolemy.moml.MoMLSimpleApplication@636a6513
reloadAllAccessors: .time1
----------------- testing Tue May 22 01:22:02 UTC 2018 /home/travis/build/icyphy/ptII/ptolemy/domains/sdf/test/auto/time2.xml
----------------- Instantiating /home/travis/build/icyphy/ptII/ptolemy/domains/sdf/test/auto/time2.xml
3 ms. Memory: 794624K Free: 673193K (85%)
----------------- Invoking toplevel() on ptolemy.moml.MoMLSimpleApplication@1f9f3e51
----------------- Done invoking toplevel() on ptolemy.moml.MoMLSimpleApplication@1f9f3e51
reloadAllAccessors: .time2
----------------- testing Tue May 22 01:22:02 UTC 2018 /home/travis/build/icyphy/ptII/ptolemy/domains/sdf/test/auto/time3.xml
----------------- Instantiating /home/travis/build/icyphy/ptII/ptolemy/domains/sdf/test/auto/time3.xml
5 ms. Memory: 794624K Free: 658939K (83%)
----------------- Invoking toplevel() on ptolemy.moml.MoMLSimpleApplication@65eed45c
----------------- Done invoking toplevel() on ptolemy.moml.MoMLSimpleApplication@65eed45c
reloadAllAccessors: .time3
----------------- testing Tue May 22 01:22:02 UTC 2018 /home/travis/build/icyphy/ptII/ptolemy/domains/sdf/test/auto/time4.xml
----------------- Instantiating /home/travis/build/icyphy/ptII/ptolemy/domains/sdf/test/auto/time4.xml
5 ms. Memory: 794624K Free: 642791K (81%)
----------------- Invoking toplevel() on ptolemy.moml.MoMLSimpleApplication@704953fb
----------------- Done invoking toplevel() on ptolemy.moml.MoMLSimpleApplication@704953fb
reloadAllAccessors: .time4
----------------- testing Tue May 22 01:22:02 UTC 2018 /home/travis/build/icyphy/ptII/ptolemy/domains/sdf/test/auto/time5.xml
----------------- Instantiating /home/travis/build/icyphy/ptII/ptolemy/domains/sdf/test/auto/time5.xml
4002 ms. Memory: 794624K Free: 628537K (79%)
----------------- Invoking toplevel() on ptolemy.moml.MoMLSimpleApplication@4261390d
----------------- Done invoking toplevel() on ptolemy.moml.MoMLSimpleApplication@4261390d
reloadAllAccessors: .time5
----------------- testing Tue May 22 01:22:07 UTC 2018 /home/travis/build/icyphy/ptII/ptolemy/domains/sdf/test/auto/typeSystem_Const_Integer_smallest_Type.xml
----------------- Instantiating /home/travis/build/icyphy/ptII/ptolemy/domains/sdf/test/auto/typeSystem_Const_Integer_smallest_Type.xml
3 ms. Memory: 794624K Free: 614283K (77%)
----------------- Invoking toplevel() on ptolemy.moml.MoMLSimpleApplication@700fdad4
----------------- Done invoking toplevel() on ptolemy.moml.MoMLSimpleApplication@700fdad4
reloadAllAccessors: .typeSystem_Const_Integer_smallest_Type
----------------- testing Tue May 22 01:22:07 UTC 2018 /home/travis/build/icyphy/ptII/ptolemy/domains/sdf/test/auto/typeSystem_declared_Inports_OutportTypeException.xml
----------------- Instantiating /home/travis/build/icyphy/ptII/ptolemy/domains/sdf/test/auto/typeSystem_declared_Inports_OutportTypeException.xml
.typeSystem_declared_Inports_OutportTypeException.TestExceptionAttribute: initialize() was not invoked, but wrapup() was.  This is unusual, but not always a problem.  For example, exporting JNLP will do this.
3 ms. Memory: 794624K Free: 600029K (76%)
----------------- Invoking toplevel() on ptolemy.moml.MoMLSimpleApplication@1dfcc870
----------------- Done invoking toplevel() on ptolemy.moml.MoMLSimpleApplication@1dfcc870
reloadAllAccessors: .typeSystem_declared_Inports_OutportTypeException
----------------- testing Tue May 22 01:22:07 UTC 2018 /home/travis/build/icyphy/ptII/ptolemy/domains/sdf/test/auto/typeSystem_oneDeclaredInportType_wrongTypeOutport.xml
----------------- Instantiating /home/travis/build/icyphy/ptII/ptolemy/domains/sdf/test/auto/typeSystem_oneDeclaredInportType_wrongTypeOutport.xml
5 ms. Memory: 794624K Free: 585775K (74%)
----------------- Invoking toplevel() on ptolemy.moml.MoMLSimpleApplication@43aa7dc8
----------------- Done invoking toplevel() on ptolemy.moml.MoMLSimpleApplication@43aa7dc8
reloadAllAccessors: .typeSystem_oneDeclaredInportType_wrongTypeOutport
----------------- testing Tue May 22 01:22:07 UTC 2018 /home/travis/build/icyphy/ptII/ptolemy/domains/sdf/test/auto/width.xml
----------------- Instantiating /home/travis/build/icyphy/ptII/ptolemy/domains/sdf/test/auto/width.xml
2 ms. Memory: 794624K Free: 569627K (72%)
----------------- Invoking toplevel() on ptolemy.moml.MoMLSimpleApplication@3bdbefbd
----------------- Done invoking toplevel() on ptolemy.moml.MoMLSimpleApplication@3bdbefbd
reloadAllAccessors: .width
----------------- testing Tue May 22 01:22:07 UTC 2018 /home/travis/build/icyphy/ptII/ptolemy/domains/sdf/test/auto/width2.xml
----------------- Instantiating /home/travis/build/icyphy/ptII/ptolemy/domains/sdf/test/auto/width2.xml
26 ms. Memory: 794624K Free: 555373K (70%)
----------------- Invoking toplevel() on ptolemy.moml.MoMLSimpleApplication@1833f994
----------------- Done invoking toplevel() on ptolemy.moml.MoMLSimpleApplication@1833f994
reloadAllAccessors: .width2
----------------- testing Tue May 22 01:22:07 UTC 2018 /home/travis/build/icyphy/ptII/ptolemy/domains/sdf/test/auto/width3.xml
----------------- Instantiating /home/travis/build/icyphy/ptII/ptolemy/domains/sdf/test/auto/width3.xml
29 ms. Memory: 794624K Free: 541119K (68%)
----------------- Invoking toplevel() on ptolemy.moml.MoMLSimpleApplication@507a20c7
----------------- Done invoking toplevel() on ptolemy.moml.MoMLSimpleApplication@507a20c7
reloadAllAccessors: .width3
AutoTests.java: About to close Vertx.
AutoTests.java: Vertx closed.
]]></system-out>
  <system-err><![CDATA[java.lang.RuntimeException: Execution failed
	at ptolemy.moml.MoMLSimpleApplication$UnloadThread.run(MoMLSimpleApplication.java:402)
Caused by: ptolemy.actor.sched.NotSchedulableException: No solution exists for the balance equations.
Graph is not consistent under the SDF domain detected on external port .rateConsistency.actor.port2
  in .rateConsistency.SDF Director.Scheduler
	at ptolemy.domains.sdf.kernel.SDFScheduler._propagatePort(SDFScheduler.java:1425)
	at ptolemy.domains.sdf.kernel.SDFScheduler._solveBalanceEquations(SDFScheduler.java:710)
	at ptolemy.domains.sdf.kernel.SDFScheduler._getSchedule(SDFScheduler.java:566)
	at ptolemy.actor.sched.Scheduler.getSchedule(Scheduler.java:189)
	at ptolemy.domains.sdf.kernel.SDFDirector.createSchedule(SDFDirector.java:408)
	at ptolemy.domains.sdf.kernel.SDFDirector.preinitialize(SDFDirector.java:764)
	at ptolemy.actor.CompositeActor.preinitialize(CompositeActor.java:1828)
	at ptolemy.actor.Manager.preinitializeAndResolveTypes(Manager.java:1040)
	at ptolemy.actor.Manager.initialize(Manager.java:710)
	at ptolemy.actor.Manager.execute(Manager.java:356)
	at ptolemy.actor.Manager.run(Manager.java:1263)
	at ptolemy.actor.Manager$PtolemyRunThread.run(Manager.java:1915)
java.lang.RuntimeException: Execution failed
	at ptolemy.moml.MoMLSimpleApplication$UnloadThread.run(MoMLSimpleApplication.java:402)
Caused by: ptolemy.kernel.util.IllegalActionException: Failed to compute schedule:
  in .badRateChanges.typed composite actor.SDF Director
Because:
The SDF rate parameter may change. This is not allowed in SDF models that will be run through the code generator.  If you don't care about code generation, then you might consider setting the allowRateChanges parameter of the SDF director to false.
  in .badRateChanges.typed composite actor.Repeat.output.tokenProductionRate
	at ptolemy.domains.sdf.kernel.SDFDirector.createSchedule(SDFDirector.java:418)
	at ptolemy.domains.sdf.kernel.SDFDirector.preinitialize(SDFDirector.java:764)
	at ptolemy.actor.CompositeActor.preinitialize(CompositeActor.java:1828)
	at ptolemy.actor.Director.preinitialize(Director.java:1302)
	at ptolemy.actor.Director.preinitialize(Director.java:1257)
	at ptolemy.domains.sdf.kernel.SDFDirector.preinitialize(SDFDirector.java:763)
	at ptolemy.actor.CompositeActor.preinitialize(CompositeActor.java:1828)
	at ptolemy.actor.Manager.preinitializeAndResolveTypes(Manager.java:1040)
	at ptolemy.actor.Manager.initialize(Manager.java:710)
	at ptolemy.actor.Manager.execute(Manager.java:356)
	at ptolemy.actor.Manager.run(Manager.java:1263)
	at ptolemy.actor.Manager$PtolemyRunThread.run(Manager.java:1915)
Caused by: ptolemy.kernel.util.IllegalActionException: The SDF rate parameter may change. This is not allowed in SDF models that will be run through the code generator.  If you don't care about code generation, then you might consider setting the allowRateChanges parameter of the SDF director to false.
  in .badRateChanges.typed composite actor.Repeat.output.tokenProductionRate
	at ptolemy.domains.sdf.kernel.SDFScheduler._assertDynamicRateVariable(SDFScheduler.java:931)
	at ptolemy.domains.sdf.kernel.SDFScheduler._checkDynamicRateVariables(SDFScheduler.java:339)
	at ptolemy.domains.sdf.kernel.SDFScheduler._getSchedule(SDFScheduler.java:527)
	at ptolemy.actor.sched.Scheduler.getSchedule(Scheduler.java:189)
	at ptolemy.domains.sdf.kernel.SDFDirector.createSchedule(SDFDirector.java:408)
	... 11 more
java.lang.RuntimeException: Execution failed
	at ptolemy.moml.MoMLSimpleApplication$UnloadThread.run(MoMLSimpleApplication.java:402)
Caused by: ptolemy.kernel.util.IllegalActionException: Failed to compute schedule:
  in .badRateChanges2.typed composite actor.SDF Director
Because:
The SDF rate parameter may change. This is not allowed in SDF models that will be run through the code generator.  If you don't care about code generation, then you might consider setting the allowRateChanges parameter of the SDF director to false.
  in .badRateChanges2.typed composite actor.Repeat.output.tokenProductionRate
	at ptolemy.domains.sdf.kernel.SDFDirector.createSchedule(SDFDirector.java:418)
	at ptolemy.domains.sdf.kernel.SDFDirector.preinitialize(SDFDirector.java:764)
	at ptolemy.actor.CompositeActor.preinitialize(CompositeActor.java:1828)
	at ptolemy.actor.Director.preinitialize(Director.java:1302)
	at ptolemy.actor.Director.preinitialize(Director.java:1257)
	at ptolemy.domains.sdf.kernel.SDFDirector.preinitialize(SDFDirector.java:763)
	at ptolemy.actor.CompositeActor.preinitialize(CompositeActor.java:1828)
	at ptolemy.actor.Manager.preinitializeAndResolveTypes(Manager.java:1040)
	at ptolemy.actor.Manager.initialize(Manager.java:710)
	at ptolemy.actor.Manager.execute(Manager.java:356)
	at ptolemy.actor.Manager.run(Manager.java:1263)
	at ptolemy.actor.Manager$PtolemyRunThread.run(Manager.java:1915)
Caused by: ptolemy.kernel.util.IllegalActionException: The SDF rate parameter may change. This is not allowed in SDF models that will be run through the code generator.  If you don't care about code generation, then you might consider setting the allowRateChanges parameter of the SDF director to false.
  in .badRateChanges2.typed composite actor.Repeat.output.tokenProductionRate
	at ptolemy.domains.sdf.kernel.SDFScheduler._assertDynamicRateVariable(SDFScheduler.java:931)
	at ptolemy.domains.sdf.kernel.SDFScheduler._checkDynamicRateVariables(SDFScheduler.java:339)
	at ptolemy.domains.sdf.kernel.SDFScheduler._getSchedule(SDFScheduler.java:527)
	at ptolemy.actor.sched.Scheduler.getSchedule(Scheduler.java:189)
	at ptolemy.domains.sdf.kernel.SDFDirector.createSchedule(SDFDirector.java:408)
	... 11 more
java.lang.RuntimeException: Execution failed
	at ptolemy.moml.MoMLSimpleApplication$UnloadThread.run(MoMLSimpleApplication.java:402)
Caused by: ptolemy.actor.sched.NotSchedulableException: Actors remain that cannot be scheduled!

There are several possible reasons:
* SDF Graphs with feedback loops should have an actor with a delay in the loop, such as a SampleDelay.
* The SDF director has an "allowDisconnectedGraphs"parameter, which, when true, permits disconnected SDF graphs.
* The token consumption rate and production rates might be mismatched.
Usually, actors produce one token or consume one token on a port.  To produce or consume multiple tokens per firing, add a "tokenConsumptionRate" or "tokenProductionRate" parameter to the appropriate port.
Unscheduled actors:
.partiallyConnected.Const2 
Scheduled actors:
.partiallyConnected.Const 
  in .partiallyConnected.SDF Director.Scheduler
	at ptolemy.domains.sdf.kernel.SDFScheduler._scheduleConnectedActors(SDFScheduler.java:1828)
	at ptolemy.domains.sdf.kernel.SDFScheduler._getSchedule(SDFScheduler.java:587)
	at ptolemy.actor.sched.Scheduler.getSchedule(Scheduler.java:189)
	at ptolemy.domains.sdf.kernel.SDFDirector.createSchedule(SDFDirector.java:408)
	at ptolemy.domains.sdf.kernel.SDFDirector.preinitialize(SDFDirector.java:764)
	at ptolemy.actor.CompositeActor.preinitialize(CompositeActor.java:1828)
	at ptolemy.actor.Manager.preinitializeAndResolveTypes(Manager.java:1040)
	at ptolemy.actor.Manager.initialize(Manager.java:710)
	at ptolemy.actor.Manager.execute(Manager.java:356)
	at ptolemy.actor.Manager.run(Manager.java:1263)
	at ptolemy.actor.Manager$PtolemyRunThread.run(Manager.java:1915)
]]></system-err>
</testsuite>
