<?xml version="1.0" encoding="UTF-8" ?>
<testsuite errors="0" failures="0" hostname="travis-job-2b774e8f-fecf-4528-8365-0974263938a8" name="ptolemy.domains.modal.test.junit.JUnitTclTest" skipped="0" tests="148" time="11.444" timestamp="2018-05-10T17:52:44">
  <properties>
[...]
</properties>
  <testcase classname="ptolemy.util.test.junit.TclTests" name="[0] /home/travis/build/icyphy/ptII/ptolemy/domains/modal/test/SystemLevelType.tcl (RunTclFile)" time="2.005" />
  <testcase classname="ptolemy.util.test.junit.AutoKnownFailedTests" name="[0] /home/travis/build/icyphy/ptII/ptolemy/domains/modal/test/auto/knownFailedTests/CannotAnalysisWithPreemption.xml (RunModel)" time="0.186" />
  <testcase classname="ptolemy.util.test.junit.AutoNameArchTests" name="[0] ThereAreNoAutoTests (RunModel)" time="0.008" />
  <testcase classname="ptolemy.util.test.junit.AutoTests" name="[0] /home/travis/build/icyphy/ptII/ptolemy/domains/modal/test/auto/ABPTest.xml (RunModel)" time="0.805" />
  <testcase classname="ptolemy.util.test.junit.AutoTests" name="[1] /home/travis/build/icyphy/ptII/ptolemy/domains/modal/test/auto/ABROFlat.xml (RunModel)" time="0.094" />
  <testcase classname="ptolemy.util.test.junit.AutoTests" name="[2] /home/travis/build/icyphy/ptII/ptolemy/domains/modal/test/auto/ABROFlat2.xml (RunModel)" time="0.108" />
  <testcase classname="ptolemy.util.test.junit.AutoTests" name="[3] /home/travis/build/icyphy/ptII/ptolemy/domains/modal/test/auto/ABRO_present_hmm.xml (RunModel)" time="0.202" />
  <testcase classname="ptolemy.util.test.junit.AutoTests" name="[4] /home/travis/build/icyphy/ptII/ptolemy/domains/modal/test/auto/AMICoderExample.xml (RunModel)" time="0.08" />
  <testcase classname="ptolemy.util.test.junit.AutoTests" name="[5] /home/travis/build/icyphy/ptII/ptolemy/domains/modal/test/auto/AbsentToPresent.xml (RunModel)" time="0.036" />
  <testcase classname="ptolemy.util.test.junit.AutoTests" name="[6] /home/travis/build/icyphy/ptII/ptolemy/domains/modal/test/auto/Blending.xml (RunModel)" time="0.345" />
  <testcase classname="ptolemy.util.test.junit.AutoTests" name="[7] /home/travis/build/icyphy/ptII/ptolemy/domains/modal/test/auto/Broadcast.xml (RunModel)" time="0.049" />
  <testcase classname="ptolemy.util.test.junit.AutoTests" name="[8] /home/travis/build/icyphy/ptII/ptolemy/domains/modal/test/auto/BroadcastHierarchy.xml (RunModel)" time="0.078" />
  <testcase classname="ptolemy.util.test.junit.AutoTests" name="[9] /home/travis/build/icyphy/ptII/ptolemy/domains/modal/test/auto/BroadcastHierarchy2.xml (RunModel)" time="0.14" />
  <testcase classname="ptolemy.util.test.junit.AutoTests" name="[10] /home/travis/build/icyphy/ptII/ptolemy/domains/modal/test/auto/BroadcastHierarchy3.xml (RunModel)" time="0.099" />
  <testcase classname="ptolemy.util.test.junit.AutoTests" name="[11] /home/travis/build/icyphy/ptII/ptolemy/domains/modal/test/auto/BroadcastHierarchy4.xml (RunModel)" time="0.111" />
  <testcase classname="ptolemy.util.test.junit.AutoTests" name="[12] /home/travis/build/icyphy/ptII/ptolemy/domains/modal/test/auto/CannotAnalysisWithPreemption2.xml (RunModel)" time="0.044" />
  <testcase classname="ptolemy.util.test.junit.AutoTests" name="[13] /home/travis/build/icyphy/ptII/ptolemy/domains/modal/test/auto/CannotAnalysisWithPreemption3.xml (RunModel)" time="0.046" />
  <testcase classname="ptolemy.util.test.junit.AutoTests" name="[14] /home/travis/build/icyphy/ptII/ptolemy/domains/modal/test/auto/CannotProduce.xml (RunModel)" time="0.028" />
  <testcase classname="ptolemy.util.test.junit.AutoTests" name="[15] /home/travis/build/icyphy/ptII/ptolemy/domains/modal/test/auto/CannotProduceModal.xml (RunModel)" time="0.031" />
  <testcase classname="ptolemy.util.test.junit.AutoTests" name="[16] /home/travis/build/icyphy/ptII/ptolemy/domains/modal/test/auto/Case.xml (RunModel)" time="0.073" />
  <testcase classname="ptolemy.util.test.junit.AutoTests" name="[17] /home/travis/build/icyphy/ptII/ptolemy/domains/modal/test/auto/Case1.xml (RunModel)" time="0.036" />
  <testcase classname="ptolemy.util.test.junit.AutoTests" name="[18] /home/travis/build/icyphy/ptII/ptolemy/domains/modal/test/auto/Case2.xml (RunModel)" time="0.056" />
  <testcase classname="ptolemy.util.test.junit.AutoTests" name="[19] /home/travis/build/icyphy/ptII/ptolemy/domains/modal/test/auto/CausalityInterface1.xml (RunModel)" time="0.023" />
  <testcase classname="ptolemy.util.test.junit.AutoTests" name="[20] /home/travis/build/icyphy/ptII/ptolemy/domains/modal/test/auto/CausalityInterface10.xml (RunModel)" time="0.07" />
  <testcase classname="ptolemy.util.test.junit.AutoTests" name="[21] /home/travis/build/icyphy/ptII/ptolemy/domains/modal/test/auto/CausalityInterface11.xml (RunModel)" time="0.059" />
  <testcase classname="ptolemy.util.test.junit.AutoTests" name="[22] /home/travis/build/icyphy/ptII/ptolemy/domains/modal/test/auto/CausalityInterface12.xml (RunModel)" time="0.059" />
  <testcase classname="ptolemy.util.test.junit.AutoTests" name="[23] /home/travis/build/icyphy/ptII/ptolemy/domains/modal/test/auto/CausalityInterface13.xml (RunModel)" time="0.06" />
  <testcase classname="ptolemy.util.test.junit.AutoTests" name="[24] /home/travis/build/icyphy/ptII/ptolemy/domains/modal/test/auto/CausalityInterface14.xml (RunModel)" time="0.059" />
  <testcase classname="ptolemy.util.test.junit.AutoTests" name="[25] /home/travis/build/icyphy/ptII/ptolemy/domains/modal/test/auto/CausalityInterface2.xml (RunModel)" time="0.034" />
  <testcase classname="ptolemy.util.test.junit.AutoTests" name="[26] /home/travis/build/icyphy/ptII/ptolemy/domains/modal/test/auto/CausalityInterface3.xml (RunModel)" time="0.025" />
  <testcase classname="ptolemy.util.test.junit.AutoTests" name="[27] /home/travis/build/icyphy/ptII/ptolemy/domains/modal/test/auto/CausalityInterface4.xml (RunModel)" time="0.022" />
  <testcase classname="ptolemy.util.test.junit.AutoTests" name="[28] /home/travis/build/icyphy/ptII/ptolemy/domains/modal/test/auto/CausalityInterface5.xml (RunModel)" time="0.042" />
  <testcase classname="ptolemy.util.test.junit.AutoTests" name="[29] /home/travis/build/icyphy/ptII/ptolemy/domains/modal/test/auto/CausalityInterface6.xml (RunModel)" time="0.043" />
  <testcase classname="ptolemy.util.test.junit.AutoTests" name="[30] /home/travis/build/icyphy/ptII/ptolemy/domains/modal/test/auto/CausalityInterface7.xml (RunModel)" time="0.043" />
  <testcase classname="ptolemy.util.test.junit.AutoTests" name="[31] /home/travis/build/icyphy/ptII/ptolemy/domains/modal/test/auto/CausalityInterface8.xml (RunModel)" time="0.057" />
  <testcase classname="ptolemy.util.test.junit.AutoTests" name="[32] /home/travis/build/icyphy/ptII/ptolemy/domains/modal/test/auto/CausalityInterface9.xml (RunModel)" time="0.042" />
  <testcase classname="ptolemy.util.test.junit.AutoTests" name="[33] /home/travis/build/icyphy/ptII/ptolemy/domains/modal/test/auto/ChainedTransitions.xml (RunModel)" time="0.169" />
  <testcase classname="ptolemy.util.test.junit.AutoTests" name="[34] /home/travis/build/icyphy/ptII/ptolemy/domains/modal/test/auto/CycleOfImmediateTransitionsFSM.xml (RunModel)" time="0.026" />
  <testcase classname="ptolemy.util.test.junit.AutoTests" name="[35] /home/travis/build/icyphy/ptII/ptolemy/domains/modal/test/auto/CycleOfImmediateTransitionsModal.xml (RunModel)" time="0.024" />
  <testcase classname="ptolemy.util.test.junit.AutoTests" name="[36] /home/travis/build/icyphy/ptII/ptolemy/domains/modal/test/auto/CycleOfImmediateTransitionsModal2.xml (RunModel)" time="0.033" />
  <testcase classname="ptolemy.util.test.junit.AutoTests" name="[37] /home/travis/build/icyphy/ptII/ptolemy/domains/modal/test/auto/CycleOfImmediateTransitionsModal3.xml (RunModel)" time="0.094" />
  <testcase classname="ptolemy.util.test.junit.AutoTests" name="[38] /home/travis/build/icyphy/ptII/ptolemy/domains/modal/test/auto/DeepModal1.xml (RunModel)" time="0.051" />
  <testcase classname="ptolemy.util.test.junit.AutoTests" name="[39] /home/travis/build/icyphy/ptII/ptolemy/domains/modal/test/auto/DeepModal2.xml (RunModel)" time="0.07" />
  <testcase classname="ptolemy.util.test.junit.AutoTests" name="[40] /home/travis/build/icyphy/ptII/ptolemy/domains/modal/test/auto/DeepModal3.xml (RunModel)" time="0.067" />
  <testcase classname="ptolemy.util.test.junit.AutoTests" name="[41] /home/travis/build/icyphy/ptII/ptolemy/domains/modal/test/auto/DeepModal4.xml (RunModel)" time="0.081" />
  <testcase classname="ptolemy.util.test.junit.AutoTests" name="[42] /home/travis/build/icyphy/ptII/ptolemy/domains/modal/test/auto/Default1.xml (RunModel)" time="0.025" />
  <testcase classname="ptolemy.util.test.junit.AutoTests" name="[43] /home/travis/build/icyphy/ptII/ptolemy/domains/modal/test/auto/Default2.xml (RunModel)" time="0.085" />
  <testcase classname="ptolemy.util.test.junit.AutoTests" name="[44] /home/travis/build/icyphy/ptII/ptolemy/domains/modal/test/auto/Default3.xml (RunModel)" time="0.014" />
  <testcase classname="ptolemy.util.test.junit.AutoTests" name="[45] /home/travis/build/icyphy/ptII/ptolemy/domains/modal/test/auto/Default4.xml (RunModel)" time="0.015" />
  <testcase classname="ptolemy.util.test.junit.AutoTests" name="[46] /home/travis/build/icyphy/ptII/ptolemy/domains/modal/test/auto/Default5.xml (RunModel)" time="0.029" />
  <testcase classname="ptolemy.util.test.junit.AutoTests" name="[47] /home/travis/build/icyphy/ptII/ptolemy/domains/modal/test/auto/EmptyGuard.xml (RunModel)" time="0.034" />
  <testcase classname="ptolemy.util.test.junit.AutoTests" name="[48] /home/travis/build/icyphy/ptII/ptolemy/domains/modal/test/auto/ErrorTransition1.xml (RunModel)" time="0.033" />
  <testcase classname="ptolemy.util.test.junit.AutoTests" name="[49] /home/travis/build/icyphy/ptII/ptolemy/domains/modal/test/auto/ErrorTransition10.xml (RunModel)" time="0.041" />
  <testcase classname="ptolemy.util.test.junit.AutoTests" name="[50] /home/travis/build/icyphy/ptII/ptolemy/domains/modal/test/auto/ErrorTransition11.xml (RunModel)" time="0.043" />
  <testcase classname="ptolemy.util.test.junit.AutoTests" name="[51] /home/travis/build/icyphy/ptII/ptolemy/domains/modal/test/auto/ErrorTransition2.xml (RunModel)" time="0.025" />
  <testcase classname="ptolemy.util.test.junit.AutoTests" name="[52] /home/travis/build/icyphy/ptII/ptolemy/domains/modal/test/auto/ErrorTransition3.xml (RunModel)" time="0.031" />
  <testcase classname="ptolemy.util.test.junit.AutoTests" name="[53] /home/travis/build/icyphy/ptII/ptolemy/domains/modal/test/auto/ErrorTransition4.xml (RunModel)" time="0.027" />
  <testcase classname="ptolemy.util.test.junit.AutoTests" name="[54] /home/travis/build/icyphy/ptII/ptolemy/domains/modal/test/auto/ErrorTransition5.xml (RunModel)" time="0.026" />
  <testcase classname="ptolemy.util.test.junit.AutoTests" name="[55] /home/travis/build/icyphy/ptII/ptolemy/domains/modal/test/auto/ErrorTransition6.xml (RunModel)" time="0.029" />
  <testcase classname="ptolemy.util.test.junit.AutoTests" name="[56] /home/travis/build/icyphy/ptII/ptolemy/domains/modal/test/auto/ErrorTransition7.xml (RunModel)" time="0.037" />
  <testcase classname="ptolemy.util.test.junit.AutoTests" name="[57] /home/travis/build/icyphy/ptII/ptolemy/domains/modal/test/auto/ErrorTransition8.xml (RunModel)" time="0.053" />
  <testcase classname="ptolemy.util.test.junit.AutoTests" name="[58] /home/travis/build/icyphy/ptII/ptolemy/domains/modal/test/auto/ErrorTransition9.xml (RunModel)" time="0.061" />
  <testcase classname="ptolemy.util.test.junit.AutoTests" name="[59] /home/travis/build/icyphy/ptII/ptolemy/domains/modal/test/auto/ExtendedFSM.xml (RunModel)" time="0.024" />
  <testcase classname="ptolemy.util.test.junit.AutoTests" name="[60] /home/travis/build/icyphy/ptII/ptolemy/domains/modal/test/auto/FinalStates.xml (RunModel)" time="0.024" />
  <testcase classname="ptolemy.util.test.junit.AutoTests" name="[61] /home/travis/build/icyphy/ptII/ptolemy/domains/modal/test/auto/FixedPointFSM.xml (RunModel)" time="0.052" />
  <testcase classname="ptolemy.util.test.junit.AutoTests" name="[62] /home/travis/build/icyphy/ptII/ptolemy/domains/modal/test/auto/FixedPointIterationFSMActor.xml (RunModel)" time="0.035" />
  <testcase classname="ptolemy.util.test.junit.AutoTests" name="[63] /home/travis/build/icyphy/ptII/ptolemy/domains/modal/test/auto/FixedPointIterationFSMActor2.xml (RunModel)" time="0.039" />
  <testcase classname="ptolemy.util.test.junit.AutoTests" name="[64] /home/travis/build/icyphy/ptII/ptolemy/domains/modal/test/auto/ForbiddenInstantanousLoop.xml (RunModel)" time="0.037" />
  <testcase classname="ptolemy.util.test.junit.AutoTests" name="[65] /home/travis/build/icyphy/ptII/ptolemy/domains/modal/test/auto/FunctionDependencyOfFSMActorTest.xml (RunModel)" time="0.026" />
  <testcase classname="ptolemy.util.test.junit.AutoTests" name="[66] /home/travis/build/icyphy/ptII/ptolemy/domains/modal/test/auto/GuardExpression.xml (RunModel)" time="0.021" />
  <testcase classname="ptolemy.util.test.junit.AutoTests" name="[67] /home/travis/build/icyphy/ptII/ptolemy/domains/modal/test/auto/GuardNotEvaluated.xml (RunModel)" time="0.162" />
  <testcase classname="ptolemy.util.test.junit.AutoTests" name="[68] /home/travis/build/icyphy/ptII/ptolemy/domains/modal/test/auto/GuardNotEvaluated2.xml (RunModel)" time="0.029" />
  <testcase classname="ptolemy.util.test.junit.AutoTests" name="[69] /home/travis/build/icyphy/ptII/ptolemy/domains/modal/test/auto/GuardOnAbsent.xml (RunModel)" time="0.031" />
  <testcase classname="ptolemy.util.test.junit.AutoTests" name="[70] /home/travis/build/icyphy/ptII/ptolemy/domains/modal/test/auto/HierarchicalFSMTypeInference.xml (RunModel)" time="0.03" />
  <testcase classname="ptolemy.util.test.junit.AutoTests" name="[71] /home/travis/build/icyphy/ptII/ptolemy/domains/modal/test/auto/Hysteresis.xml (RunModel)" time="0.043" />
  <testcase classname="ptolemy.util.test.junit.AutoTests" name="[72] /home/travis/build/icyphy/ptII/ptolemy/domains/modal/test/auto/HysteresisWithDefault.xml (RunModel)" time="0.07" />
  <testcase classname="ptolemy.util.test.junit.AutoTests" name="[73] /home/travis/build/icyphy/ptII/ptolemy/domains/modal/test/auto/HysteresisWithDefault2.xml (RunModel)" time="0.069" />
  <testcase classname="ptolemy.util.test.junit.AutoTests" name="[74] /home/travis/build/icyphy/ptII/ptolemy/domains/modal/test/auto/ImmediateNonConstructiveness.xml (RunModel)" time="0.017" />
  <testcase classname="ptolemy.util.test.junit.AutoTests" name="[75] /home/travis/build/icyphy/ptII/ptolemy/domains/modal/test/auto/ImmediateNonConstructiveness2.xml (RunModel)" time="0.016" />
  <testcase classname="ptolemy.util.test.junit.AutoTests" name="[76] /home/travis/build/icyphy/ptII/ptolemy/domains/modal/test/auto/ImmediateTransitionReset.xml (RunModel)" time="0.039" />
  <testcase classname="ptolemy.util.test.junit.AutoTests" name="[77] /home/travis/build/icyphy/ptII/ptolemy/domains/modal/test/auto/ImmediateTransitions1.xml (RunModel)" time="0.012" />
  <testcase classname="ptolemy.util.test.junit.AutoTests" name="[78] /home/travis/build/icyphy/ptII/ptolemy/domains/modal/test/auto/ImmediateTransitionsInstantaneousCommunication.xml (RunModel)" time="0.045" />
  <testcase classname="ptolemy.util.test.junit.AutoTests" name="[79] /home/travis/build/icyphy/ptII/ptolemy/domains/modal/test/auto/InitialImmediateTransition.xml (RunModel)" time="0.019" />
  <testcase classname="ptolemy.util.test.junit.AutoTests" name="[80] /home/travis/build/icyphy/ptII/ptolemy/domains/modal/test/auto/InitialOutputs.xml (RunModel)" time="0.017" />
  <testcase classname="ptolemy.util.test.junit.AutoTests" name="[81] /home/travis/build/icyphy/ptII/ptolemy/domains/modal/test/auto/InitialStateTransition1.xml (RunModel)" time="0.042" />
  <testcase classname="ptolemy.util.test.junit.AutoTests" name="[82] /home/travis/build/icyphy/ptII/ptolemy/domains/modal/test/auto/InitialStateTransition2.xml (RunModel)" time="0.028" />
  <testcase classname="ptolemy.util.test.junit.AutoTests" name="[83] /home/travis/build/icyphy/ptII/ptolemy/domains/modal/test/auto/InitialStateTransition3.xml (RunModel)" time="0.028" />
  <testcase classname="ptolemy.util.test.junit.AutoTests" name="[84] /home/travis/build/icyphy/ptII/ptolemy/domains/modal/test/auto/InitialStateTransition4.xml (RunModel)" time="0.037" />
  <testcase classname="ptolemy.util.test.junit.AutoTests" name="[85] /home/travis/build/icyphy/ptII/ptolemy/domains/modal/test/auto/MalformedGuardExpressionNotCaught.xml (RunModel)" time="0.019" />
  <testcase classname="ptolemy.util.test.junit.AutoTests" name="[86] /home/travis/build/icyphy/ptII/ptolemy/domains/modal/test/auto/ModalBSC.xml (RunModel)" time="0.091" />
  <testcase classname="ptolemy.util.test.junit.AutoTests" name="[87] /home/travis/build/icyphy/ptII/ptolemy/domains/modal/test/auto/ModalClocks.xml (RunModel)" time="0.069" />
  <testcase classname="ptolemy.util.test.junit.AutoTests" name="[88] /home/travis/build/icyphy/ptII/ptolemy/domains/modal/test/auto/ModalDelay.xml (RunModel)" time="0.06" />
  <testcase classname="ptolemy.util.test.junit.AutoTests" name="[89] /home/travis/build/icyphy/ptII/ptolemy/domains/modal/test/auto/ModalDelay2.xml (RunModel)" time="0.049" />
  <testcase classname="ptolemy.util.test.junit.AutoTests" name="[90] /home/travis/build/icyphy/ptII/ptolemy/domains/modal/test/auto/ModalModelFromMemo.xml (RunModel)" time="0.067" />
  <testcase classname="ptolemy.util.test.junit.AutoTests" name="[91] /home/travis/build/icyphy/ptII/ptolemy/domains/modal/test/auto/ModalModelWithMultirateTransient.xml (RunModel)" time="0.054" />
  <testcase classname="ptolemy.util.test.junit.AutoTests" name="[92] /home/travis/build/icyphy/ptII/ptolemy/domains/modal/test/auto/ModalModelWithReset.xml (RunModel)" time="0.05" />
  <testcase classname="ptolemy.util.test.junit.AutoTests" name="[93] /home/travis/build/icyphy/ptII/ptolemy/domains/modal/test/auto/MouseClickFSM.xml (RunModel)" time="0.05" />
  <testcase classname="ptolemy.util.test.junit.AutoTests" name="[94] /home/travis/build/icyphy/ptII/ptolemy/domains/modal/test/auto/MouseClickFSMModal.xml (RunModel)" time="0.04" />
  <testcase classname="ptolemy.util.test.junit.AutoTests" name="[95] /home/travis/build/icyphy/ptII/ptolemy/domains/modal/test/auto/NonStrictFSM_FeedbackLoop.xml (RunModel)" time="0.056" />
  <testcase classname="ptolemy.util.test.junit.AutoTests" name="[96] /home/travis/build/icyphy/ptII/ptolemy/domains/modal/test/auto/NonStrictFSM_FeedbackLoop_Refinement.xml (RunModel)" time="0.064" />
  <testcase classname="ptolemy.util.test.junit.AutoTests" name="[97] /home/travis/build/icyphy/ptII/ptolemy/domains/modal/test/auto/NonStrictFSM_FeedbackLoop_preemptive.xml (RunModel)" time="0.051" />
  <testcase classname="ptolemy.util.test.junit.AutoTests" name="[98] /home/travis/build/icyphy/ptII/ptolemy/domains/modal/test/auto/NormalTermination.xml (RunModel)" time="0.068" />
  <testcase classname="ptolemy.util.test.junit.AutoTests" name="[99] /home/travis/build/icyphy/ptII/ptolemy/domains/modal/test/auto/Pong.xml (RunModel)" time="0.075" />
  <testcase classname="ptolemy.util.test.junit.AutoTests" name="[100] /home/travis/build/icyphy/ptII/ptolemy/domains/modal/test/auto/Pong_test.xml (RunModel)" time="0.126" />
  <testcase classname="ptolemy.util.test.junit.AutoTests" name="[101] /home/travis/build/icyphy/ptII/ptolemy/domains/modal/test/auto/PreemptionHierarchy.xml (RunModel)" time="0.029" />
  <testcase classname="ptolemy.util.test.junit.AutoTests" name="[102] /home/travis/build/icyphy/ptII/ptolemy/domains/modal/test/auto/PreemptionHierarchy2.xml (RunModel)" time="0.036" />
  <testcase classname="ptolemy.util.test.junit.AutoTests" name="[103] /home/travis/build/icyphy/ptII/ptolemy/domains/modal/test/auto/PreemptiveTransition.xml (RunModel)" time="0.026" />
  <testcase classname="ptolemy.util.test.junit.AutoTests" name="[104] /home/travis/build/icyphy/ptII/ptolemy/domains/modal/test/auto/Priorities.xml (RunModel)" time="0.078" />
  <testcase classname="ptolemy.util.test.junit.AutoTests" name="[105] /home/travis/build/icyphy/ptII/ptolemy/domains/modal/test/auto/ResetFinal.xml (RunModel)" time="0.049" />
  <testcase classname="ptolemy.util.test.junit.AutoTests" name="[106] /home/travis/build/icyphy/ptII/ptolemy/domains/modal/test/auto/ResetFinal2.xml (RunModel)" time="0.032" />
  <testcase classname="ptolemy.util.test.junit.AutoTests" name="[107] /home/travis/build/icyphy/ptII/ptolemy/domains/modal/test/auto/ResetTransitionWithStartTime.xml (RunModel)" time="0.034" />
  <testcase classname="ptolemy.util.test.junit.AutoTests" name="[108] /home/travis/build/icyphy/ptII/ptolemy/domains/modal/test/auto/SDF-FSMComposite.xml (RunModel)" time="0.024" />
  <testcase classname="ptolemy.util.test.junit.AutoTests" name="[109] /home/travis/build/icyphy/ptII/ptolemy/domains/modal/test/auto/SeeminglyNondeterminate.xml (RunModel)" time="0.077" />
  <testcase classname="ptolemy.util.test.junit.AutoTests" name="[110] /home/travis/build/icyphy/ptII/ptolemy/domains/modal/test/auto/SeeminglyNondeterminate2.xml (RunModel)" time="0.079" />
  <testcase classname="ptolemy.util.test.junit.AutoTests" name="[111] /home/travis/build/icyphy/ptII/ptolemy/domains/modal/test/auto/SpontaneousFSM.xml (RunModel)" time="0.049" />
  <testcase classname="ptolemy.util.test.junit.AutoTests" name="[112] /home/travis/build/icyphy/ptII/ptolemy/domains/modal/test/auto/SpontaneousFSM2.xml (RunModel)" time="0.033" />
  <testcase classname="ptolemy.util.test.junit.AutoTests" name="[113] /home/travis/build/icyphy/ptII/ptolemy/domains/modal/test/auto/SpontaneousFSM3.xml (RunModel)" time="0.043" />
  <testcase classname="ptolemy.util.test.junit.AutoTests" name="[114] /home/travis/build/icyphy/ptII/ptolemy/domains/modal/test/auto/SpontaneousFSM4.xml (RunModel)" time="0.042" />
  <testcase classname="ptolemy.util.test.junit.AutoTests" name="[115] /home/travis/build/icyphy/ptII/ptolemy/domains/modal/test/auto/StateTrackerTest.xml (RunModel)" time="0.08" />
  <testcase classname="ptolemy.util.test.junit.AutoTests" name="[116] /home/travis/build/icyphy/ptII/ptolemy/domains/modal/test/auto/StrongImmediateTransition.xml (RunModel)" time="0.028" />
  <testcase classname="ptolemy.util.test.junit.AutoTests" name="[117] /home/travis/build/icyphy/ptII/ptolemy/domains/modal/test/auto/SustainHierarchy.xml (RunModel)" time="0.036" />
  <testcase classname="ptolemy.util.test.junit.AutoTests" name="[118] /home/travis/build/icyphy/ptII/ptolemy/domains/modal/test/auto/TerminationTransition1.xml (RunModel)" time="0.023" />
  <testcase classname="ptolemy.util.test.junit.AutoTests" name="[119] /home/travis/build/icyphy/ptII/ptolemy/domains/modal/test/auto/TerminationTransition2.xml (RunModel)" time="0.032" />
  <testcase classname="ptolemy.util.test.junit.AutoTests" name="[120] /home/travis/build/icyphy/ptII/ptolemy/domains/modal/test/auto/TerminationTransition3.xml (RunModel)" time="0.027" />
  <testcase classname="ptolemy.util.test.junit.AutoTests" name="[121] /home/travis/build/icyphy/ptII/ptolemy/domains/modal/test/auto/TerminationTransition4.xml (RunModel)" time="0.04" />
  <testcase classname="ptolemy.util.test.junit.AutoTests" name="[122] /home/travis/build/icyphy/ptII/ptolemy/domains/modal/test/auto/TerminationTransition5.xml (RunModel)" time="0.037" />
  <testcase classname="ptolemy.util.test.junit.AutoTests" name="[123] /home/travis/build/icyphy/ptII/ptolemy/domains/modal/test/auto/TerminationTransition6.xml (RunModel)" time="0.024" />
  <testcase classname="ptolemy.util.test.junit.AutoTests" name="[124] /home/travis/build/icyphy/ptII/ptolemy/domains/modal/test/auto/TerminationTransition7.xml (RunModel)" time="0.025" />
  <testcase classname="ptolemy.util.test.junit.AutoTests" name="[125] /home/travis/build/icyphy/ptII/ptolemy/domains/modal/test/auto/TerminationTransition8.xml (RunModel)" time="0.027" />
  <testcase classname="ptolemy.util.test.junit.AutoTests" name="[126] /home/travis/build/icyphy/ptII/ptolemy/domains/modal/test/auto/Thermostat_NoHysteresis.xml (RunModel)" time="0.068" />
  <testcase classname="ptolemy.util.test.junit.AutoTests" name="[127] /home/travis/build/icyphy/ptII/ptolemy/domains/modal/test/auto/TimedFSM.xml (RunModel)" time="0.04" />
  <testcase classname="ptolemy.util.test.junit.AutoTests" name="[128] /home/travis/build/icyphy/ptII/ptolemy/domains/modal/test/auto/Timeout1.xml (RunModel)" time="0.014" />
  <testcase classname="ptolemy.util.test.junit.AutoTests" name="[129] /home/travis/build/icyphy/ptII/ptolemy/domains/modal/test/auto/Timeout2.xml (RunModel)" time="0.02" />
  <testcase classname="ptolemy.util.test.junit.AutoTests" name="[130] /home/travis/build/icyphy/ptII/ptolemy/domains/modal/test/auto/Timeout3.xml (RunModel)" time="0.013" />
  <testcase classname="ptolemy.util.test.junit.AutoTests" name="[131] /home/travis/build/icyphy/ptII/ptolemy/domains/modal/test/auto/Timeout4.xml (RunModel)" time="0.014" />
  <testcase classname="ptolemy.util.test.junit.AutoTests" name="[132] /home/travis/build/icyphy/ptII/ptolemy/domains/modal/test/auto/TransientstateModelAdvanced.xml (RunModel)" time="0.036" />
  <testcase classname="ptolemy.util.test.junit.AutoTests" name="[133] /home/travis/build/icyphy/ptII/ptolemy/domains/modal/test/auto/TransientstateModelAdvanced2.xml (RunModel)" time="0.035" />
  <testcase classname="ptolemy.util.test.junit.AutoTests" name="[134] /home/travis/build/icyphy/ptII/ptolemy/domains/modal/test/auto/TransitionRefinements.xml (RunModel)" time="0.036" />
  <testcase classname="ptolemy.util.test.junit.AutoTests" name="[135] /home/travis/build/icyphy/ptII/ptolemy/domains/modal/test/auto/TwoRefinements1.xml (RunModel)" time="0.031" />
  <testcase classname="ptolemy.util.test.junit.AutoTests" name="[136] /home/travis/build/icyphy/ptII/ptolemy/domains/modal/test/auto/TwoRefinements2.xml (RunModel)" time="0.027" />
  <testcase classname="ptolemy.util.test.junit.AutoTests" name="[137] /home/travis/build/icyphy/ptII/ptolemy/domains/modal/test/auto/WeakImmediateTransition.xml (RunModel)" time="0.031" />
  <testcase classname="ptolemy.util.test.junit.AutoTests" name="[138] /home/travis/build/icyphy/ptII/ptolemy/domains/modal/test/auto/booleanSelect.xml (RunModel)" time="0.099" />
  <testcase classname="ptolemy.util.test.junit.AutoTests" name="[139] /home/travis/build/icyphy/ptII/ptolemy/domains/modal/test/auto/modalChangingParams.xml (RunModel)" time="0.291" />
  <testcase classname="ptolemy.util.test.junit.AutoTests" name="[140] /home/travis/build/icyphy/ptII/ptolemy/domains/modal/test/auto/modalModel.xml (RunModel)" time="0.033" />
  <testcase classname="ptolemy.util.test.junit.AutoTests" name="[141] /home/travis/build/icyphy/ptII/ptolemy/domains/modal/test/auto/modalModel2.xml (RunModel)" time="0.051" />
  <testcase classname="ptolemy.util.test.junit.AutoTests" name="[142] /home/travis/build/icyphy/ptII/ptolemy/domains/modal/test/auto/modalModel3.xml (RunModel)" time="0.042" />
  <testcase classname="ptolemy.util.test.junit.AutoTests" name="[143] /home/travis/build/icyphy/ptII/ptolemy/domains/modal/test/auto/model1.xml (RunModel)" time="0.026" />
  <testcase classname="ptolemy.util.test.junit.AutoTests" name="[144] /home/travis/build/icyphy/ptII/ptolemy/domains/modal/test/auto/test-direct-in-out.xml (RunModel)" time="0.024" />
  <system-out><![CDATA[/home/travis/build/icyphy/ptII/ptolemy/domains/modal/test/SystemLevelType.tcl
testDefs.tcl: setting time out to 9000 seconds at Thu May 10 17:52:44 UTC 2018
05/10/18 05:52:46
Failed: 0  Total Tests: 1  ((Passed: 1, Newly Passed: 0)  Known Failed: 0) /home/travis/build/icyphy/ptII/ptolemy/domains/modal/test
----------------- testing (KnownFailure) /home/travis/build/icyphy/ptII/ptolemy/domains/modal/test/auto/knownFailedTests/CannotAnalysisWithPreemption.xml
60 ms. Memory: 209408K Free: 129327K (62%)
Known Failure: java.lang.reflect.InvocationTargetException
No auto/*.xml tests in /home/travis/build/icyphy/ptII/ptolemy/domains/modal/test
AutoTests.java: About to close Vertx.
AutoTests.java: Vertx closed.
----------------- testing Thu May 10 17:52:47 UTC 2018 /home/travis/build/icyphy/ptII/ptolemy/domains/modal/test/auto/ABPTest.xml
----------------- Instantiating /home/travis/build/icyphy/ptII/ptolemy/domains/modal/test/auto/ABPTest.xml
370 ms. Memory: 209920K Free: 111065K (53%)
----------------- Invoking toplevel() on ptolemy.moml.MoMLSimpleApplication@3ccebe53
----------------- Done invoking toplevel() on ptolemy.moml.MoMLSimpleApplication@3ccebe53
reloadAllAccessors: .ABPTest
----------------- testing Thu May 10 17:52:47 UTC 2018 /home/travis/build/icyphy/ptII/ptolemy/domains/modal/test/auto/ABROFlat.xml
----------------- Instantiating /home/travis/build/icyphy/ptII/ptolemy/domains/modal/test/auto/ABROFlat.xml
30 ms. Memory: 209920K Free: 93225K (44%)
----------------- Invoking toplevel() on ptolemy.moml.MoMLSimpleApplication@40c27cf5
----------------- Done invoking toplevel() on ptolemy.moml.MoMLSimpleApplication@40c27cf5
reloadAllAccessors: .ABROFlat
----------------- testing Thu May 10 17:52:48 UTC 2018 /home/travis/build/icyphy/ptII/ptolemy/domains/modal/test/auto/ABROFlat2.xml
----------------- Instantiating /home/travis/build/icyphy/ptII/ptolemy/domains/modal/test/auto/ABROFlat2.xml
42 ms. Memory: 332800K Free: 322123K (97%)
----------------- Invoking toplevel() on ptolemy.moml.MoMLSimpleApplication@69c774d0
----------------- Done invoking toplevel() on ptolemy.moml.MoMLSimpleApplication@69c774d0
reloadAllAccessors: .ABROFlat2
----------------- testing Thu May 10 17:52:48 UTC 2018 /home/travis/build/icyphy/ptII/ptolemy/domains/modal/test/auto/ABRO_present_hmm.xml
----------------- Instantiating /home/travis/build/icyphy/ptII/ptolemy/domains/modal/test/auto/ABRO_present_hmm.xml
46 ms. Memory: 332800K Free: 286120K (86%)
----------------- Invoking toplevel() on ptolemy.moml.MoMLSimpleApplication@449b0f57
----------------- Done invoking toplevel() on ptolemy.moml.MoMLSimpleApplication@449b0f57
reloadAllAccessors: .ABRO_present_hmm
----------------- testing Thu May 10 17:52:48 UTC 2018 /home/travis/build/icyphy/ptII/ptolemy/domains/modal/test/auto/AMICoderExample.xml
----------------- Instantiating /home/travis/build/icyphy/ptII/ptolemy/domains/modal/test/auto/AMICoderExample.xml
33 ms. Memory: 332800K Free: 276273K (83%)
----------------- Invoking toplevel() on ptolemy.moml.MoMLSimpleApplication@6a867f59
----------------- Done invoking toplevel() on ptolemy.moml.MoMLSimpleApplication@6a867f59
reloadAllAccessors: .AMICoderExample
----------------- testing Thu May 10 17:52:48 UTC 2018 /home/travis/build/icyphy/ptII/ptolemy/domains/modal/test/auto/AbsentToPresent.xml
----------------- Instantiating /home/travis/build/icyphy/ptII/ptolemy/domains/modal/test/auto/AbsentToPresent.xml
9 ms. Memory: 332800K Free: 271362K (82%)
----------------- Invoking toplevel() on ptolemy.moml.MoMLSimpleApplication@6de4f73d
----------------- Done invoking toplevel() on ptolemy.moml.MoMLSimpleApplication@6de4f73d
reloadAllAccessors: .AbsentToPresent
----------------- testing Thu May 10 17:52:48 UTC 2018 /home/travis/build/icyphy/ptII/ptolemy/domains/modal/test/auto/Blending.xml
----------------- Instantiating /home/travis/build/icyphy/ptII/ptolemy/domains/modal/test/auto/Blending.xml
180 ms. Memory: 332800K Free: 218027K (66%)
----------------- Invoking toplevel() on ptolemy.moml.MoMLSimpleApplication@351077cd
----------------- Done invoking toplevel() on ptolemy.moml.MoMLSimpleApplication@351077cd
reloadAllAccessors: .Blending
----------------- testing Thu May 10 17:52:48 UTC 2018 /home/travis/build/icyphy/ptII/ptolemy/domains/modal/test/auto/Broadcast.xml
----------------- Instantiating /home/travis/build/icyphy/ptII/ptolemy/domains/modal/test/auto/Broadcast.xml
4 ms. Memory: 332800K Free: 205734K (62%)
----------------- Invoking toplevel() on ptolemy.moml.MoMLSimpleApplication@25e16e74
----------------- Done invoking toplevel() on ptolemy.moml.MoMLSimpleApplication@25e16e74
reloadAllAccessors: .Broadcast
----------------- testing Thu May 10 17:52:48 UTC 2018 /home/travis/build/icyphy/ptII/ptolemy/domains/modal/test/auto/BroadcastHierarchy.xml
----------------- Instantiating /home/travis/build/icyphy/ptII/ptolemy/domains/modal/test/auto/BroadcastHierarchy.xml
15 ms. Memory: 332800K Free: 187305K (56%)
----------------- Invoking toplevel() on ptolemy.moml.MoMLSimpleApplication@6a4c159f
----------------- Done invoking toplevel() on ptolemy.moml.MoMLSimpleApplication@6a4c159f
reloadAllAccessors: .BroadcastHierarchy
----------------- testing Thu May 10 17:52:48 UTC 2018 /home/travis/build/icyphy/ptII/ptolemy/domains/modal/test/auto/BroadcastHierarchy2.xml
----------------- Instantiating /home/travis/build/icyphy/ptII/ptolemy/domains/modal/test/auto/BroadcastHierarchy2.xml
22 ms. Memory: 332800K Free: 152880K (46%)
----------------- Invoking toplevel() on ptolemy.moml.MoMLSimpleApplication@c512c4f
----------------- Done invoking toplevel() on ptolemy.moml.MoMLSimpleApplication@c512c4f
reloadAllAccessors: .BroadcastHierarchy2
----------------- testing Thu May 10 17:52:49 UTC 2018 /home/travis/build/icyphy/ptII/ptolemy/domains/modal/test/auto/BroadcastHierarchy3.xml
----------------- Instantiating /home/travis/build/icyphy/ptII/ptolemy/domains/modal/test/auto/BroadcastHierarchy3.xml
24 ms. Memory: 332800K Free: 124260K (37%)
----------------- Invoking toplevel() on ptolemy.moml.MoMLSimpleApplication@18778760
----------------- Done invoking toplevel() on ptolemy.moml.MoMLSimpleApplication@18778760
reloadAllAccessors: .BroadcastHierarchy3
----------------- testing Thu May 10 17:52:49 UTC 2018 /home/travis/build/icyphy/ptII/ptolemy/domains/modal/test/auto/BroadcastHierarchy4.xml
----------------- Instantiating /home/travis/build/icyphy/ptII/ptolemy/domains/modal/test/auto/BroadcastHierarchy4.xml
21 ms. Memory: 332800K Free: 93546K (28%)
----------------- Invoking toplevel() on ptolemy.moml.MoMLSimpleApplication@6fb5bf33
----------------- Done invoking toplevel() on ptolemy.moml.MoMLSimpleApplication@6fb5bf33
reloadAllAccessors: .BroadcastHierarchy4
----------------- testing Thu May 10 17:52:49 UTC 2018 /home/travis/build/icyphy/ptII/ptolemy/domains/modal/test/auto/CannotAnalysisWithPreemption2.xml
----------------- Instantiating /home/travis/build/icyphy/ptII/ptolemy/domains/modal/test/auto/CannotAnalysisWithPreemption2.xml
5 ms. Memory: 332800K Free: 84932K (26%)
----------------- Invoking toplevel() on ptolemy.moml.MoMLSimpleApplication@1e8ef3e3
----------------- Done invoking toplevel() on ptolemy.moml.MoMLSimpleApplication@1e8ef3e3
reloadAllAccessors: .CannotAnalysisWithPreemption2
----------------- testing Thu May 10 17:52:49 UTC 2018 /home/travis/build/icyphy/ptII/ptolemy/domains/modal/test/auto/CannotAnalysisWithPreemption3.xml
----------------- Instantiating /home/travis/build/icyphy/ptII/ptolemy/domains/modal/test/auto/CannotAnalysisWithPreemption3.xml
3 ms. Memory: 332800K Free: 317408K (95%)
----------------- Invoking toplevel() on ptolemy.moml.MoMLSimpleApplication@7c60e69c
----------------- Done invoking toplevel() on ptolemy.moml.MoMLSimpleApplication@7c60e69c
reloadAllAccessors: .CannotAnalysisWithPreemption3
----------------- testing Thu May 10 17:52:49 UTC 2018 /home/travis/build/icyphy/ptII/ptolemy/domains/modal/test/auto/CannotProduce.xml
----------------- Instantiating /home/travis/build/icyphy/ptII/ptolemy/domains/modal/test/auto/CannotProduce.xml
9 ms. Memory: 332800K Free: 308917K (93%)
----------------- Invoking toplevel() on ptolemy.moml.MoMLSimpleApplication@6cb0aedc
----------------- Done invoking toplevel() on ptolemy.moml.MoMLSimpleApplication@6cb0aedc
reloadAllAccessors: .CannotProduce
----------------- testing Thu May 10 17:52:49 UTC 2018 /home/travis/build/icyphy/ptII/ptolemy/domains/modal/test/auto/CannotProduceModal.xml
----------------- Instantiating /home/travis/build/icyphy/ptII/ptolemy/domains/modal/test/auto/CannotProduceModal.xml
5 ms. Memory: 332800K Free: 300751K (90%)
----------------- Invoking toplevel() on ptolemy.moml.MoMLSimpleApplication@87f6fa8
----------------- Done invoking toplevel() on ptolemy.moml.MoMLSimpleApplication@87f6fa8
reloadAllAccessors: .CannotProduceModal
----------------- testing Thu May 10 17:52:49 UTC 2018 /home/travis/build/icyphy/ptII/ptolemy/domains/modal/test/auto/Case.xml
----------------- Instantiating /home/travis/build/icyphy/ptII/ptolemy/domains/modal/test/auto/Case.xml
33 ms. Memory: 332800K Free: 285795K (86%)
----------------- Invoking toplevel() on ptolemy.moml.MoMLSimpleApplication@762d9003
----------------- Done invoking toplevel() on ptolemy.moml.MoMLSimpleApplication@762d9003
reloadAllAccessors: .Case
----------------- testing Thu May 10 17:52:49 UTC 2018 /home/travis/build/icyphy/ptII/ptolemy/domains/modal/test/auto/Case1.xml
----------------- Instantiating /home/travis/build/icyphy/ptII/ptolemy/domains/modal/test/auto/Case1.xml
5 ms. Memory: 332800K Free: 277605K (83%)
----------------- Invoking toplevel() on ptolemy.moml.MoMLSimpleApplication@7aff9e18
----------------- Done invoking toplevel() on ptolemy.moml.MoMLSimpleApplication@7aff9e18
reloadAllAccessors: .Case1
----------------- testing Thu May 10 17:52:49 UTC 2018 /home/travis/build/icyphy/ptII/ptolemy/domains/modal/test/auto/Case2.xml
----------------- Instantiating /home/travis/build/icyphy/ptII/ptolemy/domains/modal/test/auto/Case2.xml
26 ms. Memory: 332800K Free: 266127K (80%)
----------------- Invoking toplevel() on ptolemy.moml.MoMLSimpleApplication@27644390
----------------- Done invoking toplevel() on ptolemy.moml.MoMLSimpleApplication@27644390
reloadAllAccessors: .Case2
----------------- testing Thu May 10 17:52:49 UTC 2018 /home/travis/build/icyphy/ptII/ptolemy/domains/modal/test/auto/CausalityInterface1.xml
----------------- Instantiating /home/travis/build/icyphy/ptII/ptolemy/domains/modal/test/auto/CausalityInterface1.xml
5 ms. Memory: 332800K Free: 257714K (77%)
----------------- Invoking toplevel() on ptolemy.moml.MoMLSimpleApplication@534c508a
----------------- Done invoking toplevel() on ptolemy.moml.MoMLSimpleApplication@534c508a
reloadAllAccessors: .CausalityInterface1
----------------- testing Thu May 10 17:52:49 UTC 2018 /home/travis/build/icyphy/ptII/ptolemy/domains/modal/test/auto/CausalityInterface10.xml
----------------- Instantiating /home/travis/build/icyphy/ptII/ptolemy/domains/modal/test/auto/CausalityInterface10.xml
14 ms. Memory: 332800K Free: 241310K (73%)
----------------- Invoking toplevel() on ptolemy.moml.MoMLSimpleApplication@53dcf9f
----------------- Done invoking toplevel() on ptolemy.moml.MoMLSimpleApplication@53dcf9f
reloadAllAccessors: .CausalityInterface10
----------------- testing Thu May 10 17:52:49 UTC 2018 /home/travis/build/icyphy/ptII/ptolemy/domains/modal/test/auto/CausalityInterface11.xml
----------------- Instantiating /home/travis/build/icyphy/ptII/ptolemy/domains/modal/test/auto/CausalityInterface11.xml
9 ms. Memory: 332800K Free: 223051K (67%)
----------------- Invoking toplevel() on ptolemy.moml.MoMLSimpleApplication@2209c21f
----------------- Done invoking toplevel() on ptolemy.moml.MoMLSimpleApplication@2209c21f
reloadAllAccessors: .CausalityInterface11
----------------- testing Thu May 10 17:52:49 UTC 2018 /home/travis/build/icyphy/ptII/ptolemy/domains/modal/test/auto/CausalityInterface12.xml
----------------- Instantiating /home/travis/build/icyphy/ptII/ptolemy/domains/modal/test/auto/CausalityInterface12.xml
8 ms. Memory: 332800K Free: 206687K (62%)
----------------- Invoking toplevel() on ptolemy.moml.MoMLSimpleApplication@1d0f7fb5
----------------- Done invoking toplevel() on ptolemy.moml.MoMLSimpleApplication@1d0f7fb5
reloadAllAccessors: .CausalityInterface12
----------------- testing Thu May 10 17:52:49 UTC 2018 /home/travis/build/icyphy/ptII/ptolemy/domains/modal/test/auto/CausalityInterface13.xml
----------------- Instantiating /home/travis/build/icyphy/ptII/ptolemy/domains/modal/test/auto/CausalityInterface13.xml
11 ms. Memory: 332800K Free: 190291K (57%)
----------------- Invoking toplevel() on ptolemy.moml.MoMLSimpleApplication@601d5f8d
----------------- Done invoking toplevel() on ptolemy.moml.MoMLSimpleApplication@601d5f8d
reloadAllAccessors: .CausalityInterface13
----------------- testing Thu May 10 17:52:49 UTC 2018 /home/travis/build/icyphy/ptII/ptolemy/domains/modal/test/auto/CausalityInterface14.xml
----------------- Instantiating /home/travis/build/icyphy/ptII/ptolemy/domains/modal/test/auto/CausalityInterface14.xml
9 ms. Memory: 332800K Free: 172040K (52%)
----------------- Invoking toplevel() on ptolemy.moml.MoMLSimpleApplication@4f7c99a6
----------------- Done invoking toplevel() on ptolemy.moml.MoMLSimpleApplication@4f7c99a6
reloadAllAccessors: .CausalityInterface14
----------------- testing Thu May 10 17:52:49 UTC 2018 /home/travis/build/icyphy/ptII/ptolemy/domains/modal/test/auto/CausalityInterface2.xml
----------------- Instantiating /home/travis/build/icyphy/ptII/ptolemy/domains/modal/test/auto/CausalityInterface2.xml
3 ms. Memory: 332800K Free: 163857K (49%)
----------------- Invoking toplevel() on ptolemy.moml.MoMLSimpleApplication@32b3b1a7
----------------- Done invoking toplevel() on ptolemy.moml.MoMLSimpleApplication@32b3b1a7
reloadAllAccessors: .CausalityInterface2
----------------- testing Thu May 10 17:52:49 UTC 2018 /home/travis/build/icyphy/ptII/ptolemy/domains/modal/test/auto/CausalityInterface3.xml
----------------- Instantiating /home/travis/build/icyphy/ptII/ptolemy/domains/modal/test/auto/CausalityInterface3.xml
3 ms. Memory: 332800K Free: 153805K (46%)
----------------- Invoking toplevel() on ptolemy.moml.MoMLSimpleApplication@57da52d3
----------------- Done invoking toplevel() on ptolemy.moml.MoMLSimpleApplication@57da52d3
reloadAllAccessors: .CausalityInterface3
----------------- testing Thu May 10 17:52:50 UTC 2018 /home/travis/build/icyphy/ptII/ptolemy/domains/modal/test/auto/CausalityInterface4.xml
----------------- Instantiating /home/travis/build/icyphy/ptII/ptolemy/domains/modal/test/auto/CausalityInterface4.xml
4 ms. Memory: 332800K Free: 145631K (44%)
----------------- Invoking toplevel() on ptolemy.moml.MoMLSimpleApplication@c81c3f
----------------- Done invoking toplevel() on ptolemy.moml.MoMLSimpleApplication@c81c3f
reloadAllAccessors: .CausalityInterface4
----------------- testing Thu May 10 17:52:50 UTC 2018 /home/travis/build/icyphy/ptII/ptolemy/domains/modal/test/auto/CausalityInterface5.xml
----------------- Instantiating /home/travis/build/icyphy/ptII/ptolemy/domains/modal/test/auto/CausalityInterface5.xml
5 ms. Memory: 332800K Free: 135817K (41%)
----------------- Invoking toplevel() on ptolemy.moml.MoMLSimpleApplication@4823de2a
----------------- Done invoking toplevel() on ptolemy.moml.MoMLSimpleApplication@4823de2a
reloadAllAccessors: .CausalityInterface5
----------------- testing Thu May 10 17:52:50 UTC 2018 /home/travis/build/icyphy/ptII/ptolemy/domains/modal/test/auto/CausalityInterface6.xml
----------------- Instantiating /home/travis/build/icyphy/ptII/ptolemy/domains/modal/test/auto/CausalityInterface6.xml
4 ms. Memory: 332800K Free: 124124K (37%)
----------------- Invoking toplevel() on ptolemy.moml.MoMLSimpleApplication@7e7cf80d
----------------- Done invoking toplevel() on ptolemy.moml.MoMLSimpleApplication@7e7cf80d
reloadAllAccessors: .CausalityInterface6
----------------- testing Thu May 10 17:52:50 UTC 2018 /home/travis/build/icyphy/ptII/ptolemy/domains/modal/test/auto/CausalityInterface7.xml
----------------- Instantiating /home/travis/build/icyphy/ptII/ptolemy/domains/modal/test/auto/CausalityInterface7.xml
8 ms. Memory: 332800K Free: 114303K (34%)
----------------- Invoking toplevel() on ptolemy.moml.MoMLSimpleApplication@310df8e6
----------------- Done invoking toplevel() on ptolemy.moml.MoMLSimpleApplication@310df8e6
reloadAllAccessors: .CausalityInterface7
----------------- testing Thu May 10 17:52:50 UTC 2018 /home/travis/build/icyphy/ptII/ptolemy/domains/modal/test/auto/CausalityInterface8.xml
----------------- Instantiating /home/travis/build/icyphy/ptII/ptolemy/domains/modal/test/auto/CausalityInterface8.xml
4 ms. Memory: 332800K Free: 102610K (31%)
----------------- Invoking toplevel() on ptolemy.moml.MoMLSimpleApplication@23f52c5
----------------- Done invoking toplevel() on ptolemy.moml.MoMLSimpleApplication@23f52c5
reloadAllAccessors: .CausalityInterface8
----------------- testing Thu May 10 17:52:50 UTC 2018 /home/travis/build/icyphy/ptII/ptolemy/domains/modal/test/auto/CausalityInterface9.xml
----------------- Instantiating /home/travis/build/icyphy/ptII/ptolemy/domains/modal/test/auto/CausalityInterface9.xml
6 ms. Memory: 332800K Free: 91157K (27%)
----------------- Invoking toplevel() on ptolemy.moml.MoMLSimpleApplication@2f16ef9f
----------------- Done invoking toplevel() on ptolemy.moml.MoMLSimpleApplication@2f16ef9f
reloadAllAccessors: .CausalityInterface9
----------------- testing Thu May 10 17:52:50 UTC 2018 /home/travis/build/icyphy/ptII/ptolemy/domains/modal/test/auto/ChainedTransitions.xml
----------------- Instantiating /home/travis/build/icyphy/ptII/ptolemy/domains/modal/test/auto/ChainedTransitions.xml
107 ms. Memory: 479232K Free: 454929K (95%)
----------------- Invoking toplevel() on ptolemy.moml.MoMLSimpleApplication@5ec8d88c
----------------- Done invoking toplevel() on ptolemy.moml.MoMLSimpleApplication@5ec8d88c
reloadAllAccessors: .ChainedTransitions
----------------- testing Thu May 10 17:52:50 UTC 2018 /home/travis/build/icyphy/ptII/ptolemy/domains/modal/test/auto/CycleOfImmediateTransitionsFSM.xml
----------------- Instantiating /home/travis/build/icyphy/ptII/ptolemy/domains/modal/test/auto/CycleOfImmediateTransitionsFSM.xml
4 ms. Memory: 479232K Free: 444975K (93%)
----------------- Invoking toplevel() on ptolemy.moml.MoMLSimpleApplication@5f3ed5d4
----------------- Done invoking toplevel() on ptolemy.moml.MoMLSimpleApplication@5f3ed5d4
reloadAllAccessors: .CycleOfImmediateTransitionsFSM
----------------- testing Thu May 10 17:52:50 UTC 2018 /home/travis/build/icyphy/ptII/ptolemy/domains/modal/test/auto/CycleOfImmediateTransitionsModal.xml
----------------- Instantiating /home/travis/build/icyphy/ptII/ptolemy/domains/modal/test/auto/CycleOfImmediateTransitionsModal.xml
3 ms. Memory: 479232K Free: 431904K (90%)
----------------- Invoking toplevel() on ptolemy.moml.MoMLSimpleApplication@3d745124
----------------- Done invoking toplevel() on ptolemy.moml.MoMLSimpleApplication@3d745124
reloadAllAccessors: .CycleOfImmediateTransitionsModal
----------------- testing Thu May 10 17:52:50 UTC 2018 /home/travis/build/icyphy/ptII/ptolemy/domains/modal/test/auto/CycleOfImmediateTransitionsModal2.xml
----------------- Instantiating /home/travis/build/icyphy/ptII/ptolemy/domains/modal/test/auto/CycleOfImmediateTransitionsModal2.xml
5 ms. Memory: 479232K Free: 419325K (87%)
----------------- Invoking toplevel() on ptolemy.moml.MoMLSimpleApplication@3a08a3ae
----------------- Done invoking toplevel() on ptolemy.moml.MoMLSimpleApplication@3a08a3ae
reloadAllAccessors: .CycleOfImmediateTransitionsModal2
----------------- testing Thu May 10 17:52:50 UTC 2018 /home/travis/build/icyphy/ptII/ptolemy/domains/modal/test/auto/CycleOfImmediateTransitionsModal3.xml
----------------- Instantiating /home/travis/build/icyphy/ptII/ptolemy/domains/modal/test/auto/CycleOfImmediateTransitionsModal3.xml
13 ms. Memory: 479232K Free: 390583K (82%)
----------------- Invoking toplevel() on ptolemy.moml.MoMLSimpleApplication@6df3b3eb
----------------- Done invoking toplevel() on ptolemy.moml.MoMLSimpleApplication@6df3b3eb
reloadAllAccessors: .CycleOfImmediateTransitionsModal3
----------------- testing Thu May 10 17:52:50 UTC 2018 /home/travis/build/icyphy/ptII/ptolemy/domains/modal/test/auto/DeepModal1.xml
----------------- Instantiating /home/travis/build/icyphy/ptII/ptolemy/domains/modal/test/auto/DeepModal1.xml
20 ms. Memory: 479232K Free: 374897K (78%)
----------------- Invoking toplevel() on ptolemy.moml.MoMLSimpleApplication@622d7c86
----------------- Done invoking toplevel() on ptolemy.moml.MoMLSimpleApplication@622d7c86
reloadAllAccessors: .DeepModal1
----------------- testing Thu May 10 17:52:50 UTC 2018 /home/travis/build/icyphy/ptII/ptolemy/domains/modal/test/auto/DeepModal2.xml
----------------- Instantiating /home/travis/build/icyphy/ptII/ptolemy/domains/modal/test/auto/DeepModal2.xml
22 ms. Memory: 479232K Free: 349232K (73%)
----------------- Invoking toplevel() on ptolemy.moml.MoMLSimpleApplication@74cdca68
----------------- Done invoking toplevel() on ptolemy.moml.MoMLSimpleApplication@74cdca68
reloadAllAccessors: .DeepModal2
----------------- testing Thu May 10 17:52:50 UTC 2018 /home/travis/build/icyphy/ptII/ptolemy/domains/modal/test/auto/DeepModal3.xml
----------------- Instantiating /home/travis/build/icyphy/ptII/ptolemy/domains/modal/test/auto/DeepModal3.xml
24 ms. Memory: 479232K Free: 325689K (68%)
----------------- Invoking toplevel() on ptolemy.moml.MoMLSimpleApplication@4a44cac8
----------------- Done invoking toplevel() on ptolemy.moml.MoMLSimpleApplication@4a44cac8
reloadAllAccessors: .DeepModal3
----------------- testing Thu May 10 17:52:50 UTC 2018 /home/travis/build/icyphy/ptII/ptolemy/domains/modal/test/auto/DeepModal4.xml
----------------- Instantiating /home/travis/build/icyphy/ptII/ptolemy/domains/modal/test/auto/DeepModal4.xml
27 ms. Memory: 479232K Free: 302163K (63%)
----------------- Invoking toplevel() on ptolemy.moml.MoMLSimpleApplication@601d435b
----------------- Done invoking toplevel() on ptolemy.moml.MoMLSimpleApplication@601d435b
reloadAllAccessors: .DeepModal4
----------------- testing Thu May 10 17:52:50 UTC 2018 /home/travis/build/icyphy/ptII/ptolemy/domains/modal/test/auto/Default1.xml
----------------- Instantiating /home/travis/build/icyphy/ptII/ptolemy/domains/modal/test/auto/Default1.xml
6 ms. Memory: 479232K Free: 289585K (60%)
----------------- Invoking toplevel() on ptolemy.moml.MoMLSimpleApplication@18b9b17f
----------------- Done invoking toplevel() on ptolemy.moml.MoMLSimpleApplication@18b9b17f
reloadAllAccessors: .Default1
----------------- testing Thu May 10 17:52:50 UTC 2018 /home/travis/build/icyphy/ptII/ptolemy/domains/modal/test/auto/Default2.xml
----------------- Instantiating /home/travis/build/icyphy/ptII/ptolemy/domains/modal/test/auto/Default2.xml
73 ms. Memory: 479232K Free: 281745K (59%)
----------------- Invoking toplevel() on ptolemy.moml.MoMLSimpleApplication@74552d9c
----------------- Done invoking toplevel() on ptolemy.moml.MoMLSimpleApplication@74552d9c
reloadAllAccessors: .Default2
----------------- testing Thu May 10 17:52:51 UTC 2018 /home/travis/build/icyphy/ptII/ptolemy/domains/modal/test/auto/Default3.xml
----------------- Instantiating /home/travis/build/icyphy/ptII/ptolemy/domains/modal/test/auto/Default3.xml
2 ms. Memory: 479232K Free: 268682K (56%)
----------------- Invoking toplevel() on ptolemy.moml.MoMLSimpleApplication@2204e938
----------------- Done invoking toplevel() on ptolemy.moml.MoMLSimpleApplication@2204e938
reloadAllAccessors: .Default3
----------------- testing Thu May 10 17:52:51 UTC 2018 /home/travis/build/icyphy/ptII/ptolemy/domains/modal/test/auto/Default4.xml
----------------- Instantiating /home/travis/build/icyphy/ptII/ptolemy/domains/modal/test/auto/Default4.xml
2 ms. Memory: 479232K Free: 258728K (54%)
----------------- Invoking toplevel() on ptolemy.moml.MoMLSimpleApplication@59f48e1a
----------------- Done invoking toplevel() on ptolemy.moml.MoMLSimpleApplication@59f48e1a
reloadAllAccessors: .Default4
----------------- testing Thu May 10 17:52:51 UTC 2018 /home/travis/build/icyphy/ptII/ptolemy/domains/modal/test/auto/Default5.xml
----------------- Instantiating /home/travis/build/icyphy/ptII/ptolemy/domains/modal/test/auto/Default5.xml
7 ms. Memory: 479232K Free: 248280K (52%)
----------------- Invoking toplevel() on ptolemy.moml.MoMLSimpleApplication@3547537c
----------------- Done invoking toplevel() on ptolemy.moml.MoMLSimpleApplication@3547537c
reloadAllAccessors: .Default5
----------------- testing Thu May 10 17:52:51 UTC 2018 /home/travis/build/icyphy/ptII/ptolemy/domains/modal/test/auto/EmptyGuard.xml
----------------- Instantiating /home/travis/build/icyphy/ptII/ptolemy/domains/modal/test/auto/EmptyGuard.xml
5 ms. Memory: 479232K Free: 237833K (50%)
----------------- Invoking toplevel() on ptolemy.moml.MoMLSimpleApplication@504340e8
----------------- Done invoking toplevel() on ptolemy.moml.MoMLSimpleApplication@504340e8
reloadAllAccessors: .EmptyGuard
----------------- testing Thu May 10 17:52:51 UTC 2018 /home/travis/build/icyphy/ptII/ptolemy/domains/modal/test/auto/ErrorTransition1.xml
----------------- Instantiating /home/travis/build/icyphy/ptII/ptolemy/domains/modal/test/auto/ErrorTransition1.xml
7 ms. Memory: 479232K Free: 225271K (47%)
----------------- Invoking toplevel() on ptolemy.moml.MoMLSimpleApplication@6380c0c
----------------- Done invoking toplevel() on ptolemy.moml.MoMLSimpleApplication@6380c0c
reloadAllAccessors: .ErrorTransition1
----------------- testing Thu May 10 17:52:51 UTC 2018 /home/travis/build/icyphy/ptII/ptolemy/domains/modal/test/auto/ErrorTransition10.xml
----------------- Instantiating /home/travis/build/icyphy/ptII/ptolemy/domains/modal/test/auto/ErrorTransition10.xml
12 ms. Memory: 479232K Free: 206976K (43%)
----------------- Invoking toplevel() on ptolemy.moml.MoMLSimpleApplication@428bb054
----------------- Done invoking toplevel() on ptolemy.moml.MoMLSimpleApplication@428bb054
reloadAllAccessors: .ErrorTransition10
----------------- testing Thu May 10 17:52:51 UTC 2018 /home/travis/build/icyphy/ptII/ptolemy/domains/modal/test/auto/ErrorTransition11.xml
----------------- Instantiating /home/travis/build/icyphy/ptII/ptolemy/domains/modal/test/auto/ErrorTransition11.xml
5 ms. Memory: 479232K Free: 189183K (39%)
----------------- Invoking toplevel() on ptolemy.moml.MoMLSimpleApplication@17ce9a0c
----------------- Done invoking toplevel() on ptolemy.moml.MoMLSimpleApplication@17ce9a0c
reloadAllAccessors: .ErrorTransition11
----------------- testing Thu May 10 17:52:51 UTC 2018 /home/travis/build/icyphy/ptII/ptolemy/domains/modal/test/auto/ErrorTransition2.xml
----------------- Instantiating /home/travis/build/icyphy/ptII/ptolemy/domains/modal/test/auto/ErrorTransition2.xml
5 ms. Memory: 479232K Free: 178751K (37%)
----------------- Invoking toplevel() on ptolemy.moml.MoMLSimpleApplication@6443bb16
----------------- Done invoking toplevel() on ptolemy.moml.MoMLSimpleApplication@6443bb16
reloadAllAccessors: .ErrorTransition2
----------------- testing Thu May 10 17:52:51 UTC 2018 /home/travis/build/icyphy/ptII/ptolemy/domains/modal/test/auto/ErrorTransition3.xml
----------------- Instantiating /home/travis/build/icyphy/ptII/ptolemy/domains/modal/test/auto/ErrorTransition3.xml
10 ms. Memory: 479232K Free: 168304K (35%)
----------------- Invoking toplevel() on ptolemy.moml.MoMLSimpleApplication@4654958d
----------------- Done invoking toplevel() on ptolemy.moml.MoMLSimpleApplication@4654958d
reloadAllAccessors: .ErrorTransition3
----------------- testing Thu May 10 17:52:51 UTC 2018 /home/travis/build/icyphy/ptII/ptolemy/domains/modal/test/auto/ErrorTransition4.xml
----------------- Instantiating /home/travis/build/icyphy/ptII/ptolemy/domains/modal/test/auto/ErrorTransition4.xml
5 ms. Memory: 479232K Free: 153119K (32%)
----------------- Invoking toplevel() on ptolemy.moml.MoMLSimpleApplication@2901eb5d
----------------- Done invoking toplevel() on ptolemy.moml.MoMLSimpleApplication@2901eb5d
reloadAllAccessors: .ErrorTransition4
----------------- testing Thu May 10 17:52:51 UTC 2018 /home/travis/build/icyphy/ptII/ptolemy/domains/modal/test/auto/ErrorTransition5.xml
----------------- Instantiating /home/travis/build/icyphy/ptII/ptolemy/domains/modal/test/auto/ErrorTransition5.xml
5 ms. Memory: 479232K Free: 140063K (29%)
----------------- Invoking toplevel() on ptolemy.moml.MoMLSimpleApplication@64e2eb36
----------------- Done invoking toplevel() on ptolemy.moml.MoMLSimpleApplication@64e2eb36
reloadAllAccessors: .ErrorTransition5
----------------- testing Thu May 10 17:52:51 UTC 2018 /home/travis/build/icyphy/ptII/ptolemy/domains/modal/test/auto/ErrorTransition6.xml
----------------- Instantiating /home/travis/build/icyphy/ptII/ptolemy/domains/modal/test/auto/ErrorTransition6.xml
6 ms. Memory: 479232K Free: 126992K (26%)
----------------- Invoking toplevel() on ptolemy.moml.MoMLSimpleApplication@5a952491
----------------- Done invoking toplevel() on ptolemy.moml.MoMLSimpleApplication@5a952491
reloadAllAccessors: .ErrorTransition6
----------------- testing Thu May 10 17:52:51 UTC 2018 /home/travis/build/icyphy/ptII/ptolemy/domains/modal/test/auto/ErrorTransition7.xml
----------------- Instantiating /home/travis/build/icyphy/ptII/ptolemy/domains/modal/test/auto/ErrorTransition7.xml
8 ms. Memory: 479232K Free: 109199K (23%)
----------------- Invoking toplevel() on ptolemy.moml.MoMLSimpleApplication@3860e0c
----------------- Done invoking toplevel() on ptolemy.moml.MoMLSimpleApplication@3860e0c
reloadAllAccessors: .ErrorTransition7
----------------- testing Thu May 10 17:52:51 UTC 2018 /home/travis/build/icyphy/ptII/ptolemy/domains/modal/test/auto/ErrorTransition8.xml
----------------- Instantiating /home/travis/build/icyphy/ptII/ptolemy/domains/modal/test/auto/ErrorTransition8.xml
27 ms. Memory: 479232K Free: 90880K (19%)
----------------- Invoking toplevel() on ptolemy.moml.MoMLSimpleApplication@24bd98e0
----------------- Done invoking toplevel() on ptolemy.moml.MoMLSimpleApplication@24bd98e0
reloadAllAccessors: .ErrorTransition8
----------------- testing Thu May 10 17:52:51 UTC 2018 /home/travis/build/icyphy/ptII/ptolemy/domains/modal/test/auto/ErrorTransition9.xml
----------------- Instantiating /home/travis/build/icyphy/ptII/ptolemy/domains/modal/test/auto/ErrorTransition9.xml
31 ms. Memory: 479744K Free: 463139K (97%)
----------------- Invoking toplevel() on ptolemy.moml.MoMLSimpleApplication@6c9eb4ce
----------------- Done invoking toplevel() on ptolemy.moml.MoMLSimpleApplication@6c9eb4ce
reloadAllAccessors: .ErrorTransition9
----------------- testing Thu May 10 17:52:51 UTC 2018 /home/travis/build/icyphy/ptII/ptolemy/domains/modal/test/auto/ExtendedFSM.xml
----------------- Instantiating /home/travis/build/icyphy/ptII/ptolemy/domains/modal/test/auto/ExtendedFSM.xml
8 ms. Memory: 479744K Free: 450416K (94%)
----------------- Invoking toplevel() on ptolemy.moml.MoMLSimpleApplication@41a97bcf
----------------- Done invoking toplevel() on ptolemy.moml.MoMLSimpleApplication@41a97bcf
reloadAllAccessors: .ExtendedFSM
----------------- testing Thu May 10 17:52:51 UTC 2018 /home/travis/build/icyphy/ptII/ptolemy/domains/modal/test/auto/FinalStates.xml
----------------- Instantiating /home/travis/build/icyphy/ptII/ptolemy/domains/modal/test/auto/FinalStates.xml
7 ms. Memory: 479744K Free: 439101K (92%)
----------------- Invoking toplevel() on ptolemy.moml.MoMLSimpleApplication@165154b3
----------------- Done invoking toplevel() on ptolemy.moml.MoMLSimpleApplication@165154b3
reloadAllAccessors: .FinalStates
----------------- testing Thu May 10 17:52:51 UTC 2018 /home/travis/build/icyphy/ptII/ptolemy/domains/modal/test/auto/FixedPointFSM.xml
----------------- Instantiating /home/travis/build/icyphy/ptII/ptolemy/domains/modal/test/auto/FixedPointFSM.xml
24 ms. Memory: 479744K Free: 421418K (88%)
----------------- Invoking toplevel() on ptolemy.moml.MoMLSimpleApplication@4346446b
----------------- Done invoking toplevel() on ptolemy.moml.MoMLSimpleApplication@4346446b
reloadAllAccessors: .FixedPointFSM
----------------- testing Thu May 10 17:52:51 UTC 2018 /home/travis/build/icyphy/ptII/ptolemy/domains/modal/test/auto/FixedPointIterationFSMActor.xml
----------------- Instantiating /home/travis/build/icyphy/ptII/ptolemy/domains/modal/test/auto/FixedPointIterationFSMActor.xml
6 ms. Memory: 479744K Free: 406176K (85%)
----------------- Invoking toplevel() on ptolemy.moml.MoMLSimpleApplication@193546c5
----------------- Done invoking toplevel() on ptolemy.moml.MoMLSimpleApplication@193546c5
reloadAllAccessors: .FixedPointIterationFSMActor
----------------- testing Thu May 10 17:52:51 UTC 2018 /home/travis/build/icyphy/ptII/ptolemy/domains/modal/test/auto/FixedPointIterationFSMActor2.xml
----------------- Instantiating /home/travis/build/icyphy/ptII/ptolemy/domains/modal/test/auto/FixedPointIterationFSMActor2.xml
13 ms. Memory: 479744K Free: 392445K (82%)
----------------- Invoking toplevel() on ptolemy.moml.MoMLSimpleApplication@37dc412b
----------------- Done invoking toplevel() on ptolemy.moml.MoMLSimpleApplication@37dc412b
reloadAllAccessors: .FixedPointIterationFSMActor2
----------------- testing Thu May 10 17:52:51 UTC 2018 /home/travis/build/icyphy/ptII/ptolemy/domains/modal/test/auto/ForbiddenInstantanousLoop.xml
----------------- Instantiating /home/travis/build/icyphy/ptII/ptolemy/domains/modal/test/auto/ForbiddenInstantanousLoop.xml
7 ms. Memory: 479744K Free: 377202K (79%)
----------------- Invoking toplevel() on ptolemy.moml.MoMLSimpleApplication@27178d3
----------------- Done invoking toplevel() on ptolemy.moml.MoMLSimpleApplication@27178d3
reloadAllAccessors: .ForbiddenInstantanousLoop
----------------- testing Thu May 10 17:52:51 UTC 2018 /home/travis/build/icyphy/ptII/ptolemy/domains/modal/test/auto/FunctionDependencyOfFSMActorTest.xml
----------------- Instantiating /home/travis/build/icyphy/ptII/ptolemy/domains/modal/test/auto/FunctionDependencyOfFSMActorTest.xml
10 ms. Memory: 479744K Free: 369363K (77%)
----------------- Invoking toplevel() on ptolemy.moml.MoMLSimpleApplication@10e1f09b
----------------- Done invoking toplevel() on ptolemy.moml.MoMLSimpleApplication@10e1f09b
reloadAllAccessors: .FunctionDependencyOfFSMActorTest
----------------- testing Thu May 10 17:52:51 UTC 2018 /home/travis/build/icyphy/ptII/ptolemy/domains/modal/test/auto/GuardExpression.xml
----------------- Instantiating /home/travis/build/icyphy/ptII/ptolemy/domains/modal/test/auto/GuardExpression.xml
7 ms. Memory: 479744K Free: 360019K (75%)
----------------- Invoking toplevel() on ptolemy.moml.MoMLSimpleApplication@76878940
----------------- Done invoking toplevel() on ptolemy.moml.MoMLSimpleApplication@76878940
reloadAllAccessors: .GuardExpression
----------------- testing Thu May 10 17:52:51 UTC 2018 /home/travis/build/icyphy/ptII/ptolemy/domains/modal/test/auto/GuardNotEvaluated.xml
----------------- Instantiating /home/travis/build/icyphy/ptII/ptolemy/domains/modal/test/auto/GuardNotEvaluated.xml
135 ms. Memory: 690688K Free: 678305K (98%)
----------------- Invoking toplevel() on ptolemy.moml.MoMLSimpleApplication@24bddec8
----------------- Done invoking toplevel() on ptolemy.moml.MoMLSimpleApplication@24bddec8
reloadAllAccessors: .GuardNotEvaluated
----------------- testing Thu May 10 17:52:52 UTC 2018 /home/travis/build/icyphy/ptII/ptolemy/domains/modal/test/auto/GuardNotEvaluated2.xml
----------------- Instantiating /home/travis/build/icyphy/ptII/ptolemy/domains/modal/test/auto/GuardNotEvaluated2.xml
9 ms. Memory: 690688K Free: 660228K (96%)
----------------- Invoking toplevel() on ptolemy.moml.MoMLSimpleApplication@176a1e36
----------------- Done invoking toplevel() on ptolemy.moml.MoMLSimpleApplication@176a1e36
reloadAllAccessors: .GuardNotEvaluated2
----------------- testing Thu May 10 17:52:52 UTC 2018 /home/travis/build/icyphy/ptII/ptolemy/domains/modal/test/auto/GuardOnAbsent.xml
----------------- Instantiating /home/travis/build/icyphy/ptII/ptolemy/domains/modal/test/auto/GuardOnAbsent.xml
16 ms. Memory: 690688K Free: 650734K (94%)
----------------- Invoking toplevel() on ptolemy.moml.MoMLSimpleApplication@34bef1ec
----------------- Done invoking toplevel() on ptolemy.moml.MoMLSimpleApplication@34bef1ec
reloadAllAccessors: .GuardOnAbsent
----------------- testing Thu May 10 17:52:52 UTC 2018 /home/travis/build/icyphy/ptII/ptolemy/domains/modal/test/auto/HierarchicalFSMTypeInference.xml
----------------- Instantiating /home/travis/build/icyphy/ptII/ptolemy/domains/modal/test/auto/HierarchicalFSMTypeInference.xml
5 ms. Memory: 690688K Free: 635063K (92%)
----------------- Invoking toplevel() on ptolemy.moml.MoMLSimpleApplication@72f65a1f
----------------- Done invoking toplevel() on ptolemy.moml.MoMLSimpleApplication@72f65a1f
reloadAllAccessors: .HierarchicalFSMTypeInference
----------------- testing Thu May 10 17:52:52 UTC 2018 /home/travis/build/icyphy/ptII/ptolemy/domains/modal/test/auto/Hysteresis.xml
----------------- Instantiating /home/travis/build/icyphy/ptII/ptolemy/domains/modal/test/auto/Hysteresis.xml
11 ms. Memory: 690688K Free: 613823K (89%)
----------------- Invoking toplevel() on ptolemy.moml.MoMLSimpleApplication@57afa49
----------------- Done invoking toplevel() on ptolemy.moml.MoMLSimpleApplication@57afa49
reloadAllAccessors: .Hysteresis
----------------- testing Thu May 10 17:52:52 UTC 2018 /home/travis/build/icyphy/ptII/ptolemy/domains/modal/test/auto/HysteresisWithDefault.xml
----------------- Instantiating /home/travis/build/icyphy/ptII/ptolemy/domains/modal/test/auto/HysteresisWithDefault.xml
39 ms. Memory: 690688K Free: 585573K (85%)
----------------- Invoking toplevel() on ptolemy.moml.MoMLSimpleApplication@7a037d94
----------------- Done invoking toplevel() on ptolemy.moml.MoMLSimpleApplication@7a037d94
reloadAllAccessors: .HysteresisWithDefault
----------------- testing Thu May 10 17:52:52 UTC 2018 /home/travis/build/icyphy/ptII/ptolemy/domains/modal/test/auto/HysteresisWithDefault2.xml
----------------- Instantiating /home/travis/build/icyphy/ptII/ptolemy/domains/modal/test/auto/HysteresisWithDefault2.xml
38 ms. Memory: 690688K Free: 554215K (80%)
----------------- Invoking toplevel() on ptolemy.moml.MoMLSimpleApplication@4479f4ad
----------------- Done invoking toplevel() on ptolemy.moml.MoMLSimpleApplication@4479f4ad
reloadAllAccessors: .HysteresisWithDefault2
----------------- testing Thu May 10 17:52:52 UTC 2018 /home/travis/build/icyphy/ptII/ptolemy/domains/modal/test/auto/ImmediateNonConstructiveness.xml
----------------- Instantiating /home/travis/build/icyphy/ptII/ptolemy/domains/modal/test/auto/ImmediateNonConstructiveness.xml
3 ms. Memory: 690688K Free: 542400K (79%)
----------------- Invoking toplevel() on ptolemy.moml.MoMLSimpleApplication@1171182c
----------------- Done invoking toplevel() on ptolemy.moml.MoMLSimpleApplication@1171182c
reloadAllAccessors: .ImmediateNonConstructiveness
----------------- testing Thu May 10 17:52:52 UTC 2018 /home/travis/build/icyphy/ptII/ptolemy/domains/modal/test/auto/ImmediateNonConstructiveness2.xml
----------------- Instantiating /home/travis/build/icyphy/ptII/ptolemy/domains/modal/test/auto/ImmediateNonConstructiveness2.xml
2 ms. Memory: 690688K Free: 532991K (77%)
----------------- Invoking toplevel() on ptolemy.moml.MoMLSimpleApplication@2af38407
----------------- Done invoking toplevel() on ptolemy.moml.MoMLSimpleApplication@2af38407
reloadAllAccessors: .ImmediateNonConstructiveness2
----------------- testing Thu May 10 17:52:52 UTC 2018 /home/travis/build/icyphy/ptII/ptolemy/domains/modal/test/auto/ImmediateTransitionReset.xml
----------------- Instantiating /home/travis/build/icyphy/ptII/ptolemy/domains/modal/test/auto/ImmediateTransitionReset.xml
6 ms. Memory: 690688K Free: 517320K (75%)
----------------- Invoking toplevel() on ptolemy.moml.MoMLSimpleApplication@49bd23e3
----------------- Done invoking toplevel() on ptolemy.moml.MoMLSimpleApplication@49bd23e3
reloadAllAccessors: .ImmediateTransitionReset
----------------- testing Thu May 10 17:52:52 UTC 2018 /home/travis/build/icyphy/ptII/ptolemy/domains/modal/test/auto/ImmediateTransitions1.xml
----------------- Instantiating /home/travis/build/icyphy/ptII/ptolemy/domains/modal/test/auto/ImmediateTransitions1.xml
1 ms. Memory: 690688K Free: 505504K (73%)
----------------- Invoking toplevel() on ptolemy.moml.MoMLSimpleApplication@9174606
----------------- Done invoking toplevel() on ptolemy.moml.MoMLSimpleApplication@9174606
reloadAllAccessors: .ImmediateTransitions1
----------------- testing Thu May 10 17:52:52 UTC 2018 /home/travis/build/icyphy/ptII/ptolemy/domains/modal/test/auto/ImmediateTransitionsInstantaneousCommunication.xml
----------------- Instantiating /home/travis/build/icyphy/ptII/ptolemy/domains/modal/test/auto/ImmediateTransitionsInstantaneousCommunication.xml
6 ms. Memory: 690688K Free: 489818K (71%)
----------------- Invoking toplevel() on ptolemy.moml.MoMLSimpleApplication@25a0523a
----------------- Done invoking toplevel() on ptolemy.moml.MoMLSimpleApplication@25a0523a
reloadAllAccessors: .ImmediateTransitionsInstantaneousCommunication
----------------- testing Thu May 10 17:52:52 UTC 2018 /home/travis/build/icyphy/ptII/ptolemy/domains/modal/test/auto/InitialImmediateTransition.xml
----------------- Instantiating /home/travis/build/icyphy/ptII/ptolemy/domains/modal/test/auto/InitialImmediateTransition.xml
3 ms. Memory: 690688K Free: 480417K (70%)
----------------- Invoking toplevel() on ptolemy.moml.MoMLSimpleApplication@3125e9fd
----------------- Done invoking toplevel() on ptolemy.moml.MoMLSimpleApplication@3125e9fd
reloadAllAccessors: .InitialImmediateTransition
----------------- testing Thu May 10 17:52:52 UTC 2018 /home/travis/build/icyphy/ptII/ptolemy/domains/modal/test/auto/InitialOutputs.xml
----------------- Instantiating /home/travis/build/icyphy/ptII/ptolemy/domains/modal/test/auto/InitialOutputs.xml
3 ms. Memory: 690688K Free: 468601K (68%)
----------------- Invoking toplevel() on ptolemy.moml.MoMLSimpleApplication@544c769f
----------------- Done invoking toplevel() on ptolemy.moml.MoMLSimpleApplication@544c769f
reloadAllAccessors: .InitialOutputs
----------------- testing Thu May 10 17:52:52 UTC 2018 /home/travis/build/icyphy/ptII/ptolemy/domains/modal/test/auto/InitialStateTransition1.xml
----------------- Instantiating /home/travis/build/icyphy/ptII/ptolemy/domains/modal/test/auto/InitialStateTransition1.xml
2 ms. Memory: 690688K Free: 456069K (66%)
----------------- Invoking toplevel() on ptolemy.moml.MoMLSimpleApplication@136dd42e
----------------- Done invoking toplevel() on ptolemy.moml.MoMLSimpleApplication@136dd42e
reloadAllAccessors: .InitialStateTransition1
----------------- testing Thu May 10 17:52:52 UTC 2018 /home/travis/build/icyphy/ptII/ptolemy/domains/modal/test/auto/InitialStateTransition2.xml
----------------- Instantiating /home/travis/build/icyphy/ptII/ptolemy/domains/modal/test/auto/InitialStateTransition2.xml
.InitialStateTransition2.TestExceptionAttributeNonConstructive: initialize() was not invoked, but wrapup() was.  This is unusual, but not always a problem.  For example, exporting JNLP will do this.
1 ms. Memory: 690688K Free: 443530K (64%)
----------------- Invoking toplevel() on ptolemy.moml.MoMLSimpleApplication@7f63177d
----------------- Done invoking toplevel() on ptolemy.moml.MoMLSimpleApplication@7f63177d
reloadAllAccessors: .InitialStateTransition2
----------------- testing Thu May 10 17:52:52 UTC 2018 /home/travis/build/icyphy/ptII/ptolemy/domains/modal/test/auto/InitialStateTransition3.xml
----------------- Instantiating /home/travis/build/icyphy/ptII/ptolemy/domains/modal/test/auto/InitialStateTransition3.xml
4 ms. Memory: 690688K Free: 428599K (62%)
----------------- Invoking toplevel() on ptolemy.moml.MoMLSimpleApplication@6c83bfc1
----------------- Done invoking toplevel() on ptolemy.moml.MoMLSimpleApplication@6c83bfc1
reloadAllAccessors: .InitialStateTransition3
----------------- testing Thu May 10 17:52:52 UTC 2018 /home/travis/build/icyphy/ptII/ptolemy/domains/modal/test/auto/InitialStateTransition4.xml
----------------- Instantiating /home/travis/build/icyphy/ptII/ptolemy/domains/modal/test/auto/InitialStateTransition4.xml
3 ms. Memory: 690688K Free: 416059K (60%)
----------------- Invoking toplevel() on ptolemy.moml.MoMLSimpleApplication@2644affc
----------------- Done invoking toplevel() on ptolemy.moml.MoMLSimpleApplication@2644affc
reloadAllAccessors: .InitialStateTransition4
----------------- testing Thu May 10 17:52:52 UTC 2018 /home/travis/build/icyphy/ptII/ptolemy/domains/modal/test/auto/MalformedGuardExpressionNotCaught.xml
----------------- Instantiating /home/travis/build/icyphy/ptII/ptolemy/domains/modal/test/auto/MalformedGuardExpressionNotCaught.xml
2 ms. Memory: 690688K Free: 401113K (58%)
----------------- Invoking toplevel() on ptolemy.moml.MoMLSimpleApplication@6396861a
----------------- Done invoking toplevel() on ptolemy.moml.MoMLSimpleApplication@6396861a
reloadAllAccessors: .MalformedGuardExpressionNotCaught
----------------- testing Thu May 10 17:52:52 UTC 2018 /home/travis/build/icyphy/ptII/ptolemy/domains/modal/test/auto/ModalBSC.xml
----------------- Instantiating /home/travis/build/icyphy/ptII/ptolemy/domains/modal/test/auto/ModalBSC.xml
41 ms. Memory: 690688K Free: 369708K (54%)
----------------- Invoking toplevel() on ptolemy.moml.MoMLSimpleApplication@1ee8a931
----------------- Done invoking toplevel() on ptolemy.moml.MoMLSimpleApplication@1ee8a931
reloadAllAccessors: .ModalBSC
----------------- testing Thu May 10 17:52:52 UTC 2018 /home/travis/build/icyphy/ptII/ptolemy/domains/modal/test/auto/ModalClocks.xml
----------------- Instantiating /home/travis/build/icyphy/ptII/ptolemy/domains/modal/test/auto/ModalClocks.xml
21 ms. Memory: 690688K Free: 341466K (49%)
----------------- Invoking toplevel() on ptolemy.moml.MoMLSimpleApplication@244d4527
----------------- Done invoking toplevel() on ptolemy.moml.MoMLSimpleApplication@244d4527
reloadAllAccessors: .ModalClocks
----------------- testing Thu May 10 17:52:52 UTC 2018 /home/travis/build/icyphy/ptII/ptolemy/domains/modal/test/auto/ModalDelay.xml
----------------- Instantiating /home/travis/build/icyphy/ptII/ptolemy/domains/modal/test/auto/ModalDelay.xml
17 ms. Memory: 690688K Free: 320257K (46%)
----------------- Invoking toplevel() on ptolemy.moml.MoMLSimpleApplication@643fc642
----------------- Done invoking toplevel() on ptolemy.moml.MoMLSimpleApplication@643fc642
reloadAllAccessors: .ModalDelay
----------------- testing Thu May 10 17:52:52 UTC 2018 /home/travis/build/icyphy/ptII/ptolemy/domains/modal/test/auto/ModalDelay2.xml
----------------- Instantiating /home/travis/build/icyphy/ptII/ptolemy/domains/modal/test/auto/ModalDelay2.xml
17 ms. Memory: 690688K Free: 301448K (44%)
----------------- Invoking toplevel() on ptolemy.moml.MoMLSimpleApplication@28c47616
----------------- Done invoking toplevel() on ptolemy.moml.MoMLSimpleApplication@28c47616
reloadAllAccessors: .ModalDelay2
----------------- testing Thu May 10 17:52:52 UTC 2018 /home/travis/build/icyphy/ptII/ptolemy/domains/modal/test/auto/ModalModelFromMemo.xml
----------------- Instantiating /home/travis/build/icyphy/ptII/ptolemy/domains/modal/test/auto/ModalModelFromMemo.xml
20 ms. Memory: 690688K Free: 279500K (40%)
----------------- Invoking toplevel() on ptolemy.moml.MoMLSimpleApplication@18fdf2c3
----------------- Done invoking toplevel() on ptolemy.moml.MoMLSimpleApplication@18fdf2c3
reloadAllAccessors: .ModalModelFromMemo
----------------- testing Thu May 10 17:52:53 UTC 2018 /home/travis/build/icyphy/ptII/ptolemy/domains/modal/test/auto/ModalModelWithMultirateTransient.xml
----------------- Instantiating /home/travis/build/icyphy/ptII/ptolemy/domains/modal/test/auto/ModalModelWithMultirateTransient.xml
18 ms. Memory: 690688K Free: 258260K (37%)
----------------- Invoking toplevel() on ptolemy.moml.MoMLSimpleApplication@1620566c
----------------- Done invoking toplevel() on ptolemy.moml.MoMLSimpleApplication@1620566c
reloadAllAccessors: .ModalModelWithMultirateTransient
----------------- testing Thu May 10 17:52:53 UTC 2018 /home/travis/build/icyphy/ptII/ptolemy/domains/modal/test/auto/ModalModelWithReset.xml
----------------- Instantiating /home/travis/build/icyphy/ptII/ptolemy/domains/modal/test/auto/ModalModelWithReset.xml
17 ms. Memory: 690688K Free: 239442K (35%)
----------------- Invoking toplevel() on ptolemy.moml.MoMLSimpleApplication@424222ec
----------------- Done invoking toplevel() on ptolemy.moml.MoMLSimpleApplication@424222ec
reloadAllAccessors: .ModalModelWithReset
----------------- testing Thu May 10 17:52:53 UTC 2018 /home/travis/build/icyphy/ptII/ptolemy/domains/modal/test/auto/MouseClickFSM.xml
----------------- Instantiating /home/travis/build/icyphy/ptII/ptolemy/domains/modal/test/auto/MouseClickFSM.xml
18 ms. Memory: 690688K Free: 220625K (32%)
----------------- Invoking toplevel() on ptolemy.moml.MoMLSimpleApplication@302c369
----------------- Done invoking toplevel() on ptolemy.moml.MoMLSimpleApplication@302c369
reloadAllAccessors: .MouseClickFSM
----------------- testing Thu May 10 17:52:53 UTC 2018 /home/travis/build/icyphy/ptII/ptolemy/domains/modal/test/auto/MouseClickFSMModal.xml
----------------- Instantiating /home/travis/build/icyphy/ptII/ptolemy/domains/modal/test/auto/MouseClickFSMModal.xml
10 ms. Memory: 690688K Free: 199384K (29%)
----------------- Invoking toplevel() on ptolemy.moml.MoMLSimpleApplication@35c6aa0f
----------------- Done invoking toplevel() on ptolemy.moml.MoMLSimpleApplication@35c6aa0f
reloadAllAccessors: .MouseClickFSMModal
----------------- testing Thu May 10 17:52:53 UTC 2018 /home/travis/build/icyphy/ptII/ptolemy/domains/modal/test/auto/NonStrictFSM_FeedbackLoop.xml
----------------- Instantiating /home/travis/build/icyphy/ptII/ptolemy/domains/modal/test/auto/NonStrictFSM_FeedbackLoop.xml
27 ms. Memory: 690688K Free: 174305K (25%)
----------------- Invoking toplevel() on ptolemy.moml.MoMLSimpleApplication@5ef2bf0e
----------------- Done invoking toplevel() on ptolemy.moml.MoMLSimpleApplication@5ef2bf0e
reloadAllAccessors: .NonStrictFSM_FeedbackLoop
----------------- testing Thu May 10 17:52:53 UTC 2018 /home/travis/build/icyphy/ptII/ptolemy/domains/modal/test/auto/NonStrictFSM_FeedbackLoop_Refinement.xml
----------------- Instantiating /home/travis/build/icyphy/ptII/ptolemy/domains/modal/test/auto/NonStrictFSM_FeedbackLoop_Refinement.xml
28 ms. Memory: 690688K Free: 146095K (21%)
----------------- Invoking toplevel() on ptolemy.moml.MoMLSimpleApplication@308cbb0b
----------------- Done invoking toplevel() on ptolemy.moml.MoMLSimpleApplication@308cbb0b
reloadAllAccessors: .NonStrictFSM_FeedbackLoop_Refinement
----------------- testing Thu May 10 17:52:53 UTC 2018 /home/travis/build/icyphy/ptII/ptolemy/domains/modal/test/auto/NonStrictFSM_FeedbackLoop_preemptive.xml
----------------- Instantiating /home/travis/build/icyphy/ptII/ptolemy/domains/modal/test/auto/NonStrictFSM_FeedbackLoop_preemptive.xml
13 ms. Memory: 690688K Free: 115469K (17%)
----------------- Invoking toplevel() on ptolemy.moml.MoMLSimpleApplication@64533212
----------------- Done invoking toplevel() on ptolemy.moml.MoMLSimpleApplication@64533212
reloadAllAccessors: .NonStrictFSM_FeedbackLoop_preemptive
----------------- testing Thu May 10 17:52:53 UTC 2018 /home/travis/build/icyphy/ptII/ptolemy/domains/modal/test/auto/NormalTermination.xml
----------------- Instantiating /home/travis/build/icyphy/ptII/ptolemy/domains/modal/test/auto/NormalTermination.xml
11 ms. Memory: 690688K Free: 93537K (14%)
----------------- Invoking toplevel() on ptolemy.moml.MoMLSimpleApplication@4b3768b4
----------------- Done invoking toplevel() on ptolemy.moml.MoMLSimpleApplication@4b3768b4
reloadAllAccessors: .NormalTermination
----------------- testing Thu May 10 17:52:53 UTC 2018 /home/travis/build/icyphy/ptII/ptolemy/domains/modal/test/auto/Pong.xml
----------------- Instantiating /home/travis/build/icyphy/ptII/ptolemy/domains/modal/test/auto/Pong.xml
51 ms. Memory: 690688K Free: 68418K (10%)
----------------- Invoking toplevel() on ptolemy.moml.MoMLSimpleApplication@7b674302
----------------- Done invoking toplevel() on ptolemy.moml.MoMLSimpleApplication@7b674302
reloadAllAccessors: .Pong
[...]
2 ms. Memory: 690688K Free: 320110K (46%)
----------------- Invoking toplevel() on ptolemy.moml.MoMLSimpleApplication@48b4ca0b
----------------- Done invoking toplevel() on ptolemy.moml.MoMLSimpleApplication@48b4ca0b
reloadAllAccessors: .StrongImmediateTransition
----------------- testing Thu May 10 17:52:54 UTC 2018 /home/travis/build/icyphy/ptII/ptolemy/domains/modal/test/auto/SustainHierarchy.xml
----------------- Instantiating /home/travis/build/icyphy/ptII/ptolemy/domains/modal/test/auto/SustainHierarchy.xml
5 ms. Memory: 690688K Free: 302689K (44%)
----------------- Invoking toplevel() on ptolemy.moml.MoMLSimpleApplication@3f9f8e46
----------------- Done invoking toplevel() on ptolemy.moml.MoMLSimpleApplication@3f9f8e46
reloadAllAccessors: .SustainHierarchy
----------------- testing Thu May 10 17:52:54 UTC 2018 /home/travis/build/icyphy/ptII/ptolemy/domains/modal/test/auto/TerminationTransition1.xml
----------------- Instantiating /home/travis/build/icyphy/ptII/ptolemy/domains/modal/test/auto/TerminationTransition1.xml
2 ms. Memory: 690688K Free: 290150K (42%)
----------------- Invoking toplevel() on ptolemy.moml.MoMLSimpleApplication@1b364667
----------------- Done invoking toplevel() on ptolemy.moml.MoMLSimpleApplication@1b364667
reloadAllAccessors: .TerminationTransition1
----------------- testing Thu May 10 17:52:54 UTC 2018 /home/travis/build/icyphy/ptII/ptolemy/domains/modal/test/auto/TerminationTransition2.xml
----------------- Instantiating /home/travis/build/icyphy/ptII/ptolemy/domains/modal/test/auto/TerminationTransition2.xml
3 ms. Memory: 690688K Free: 275860K (40%)
----------------- Invoking toplevel() on ptolemy.moml.MoMLSimpleApplication@4d8d3bbf
----------------- Done invoking toplevel() on ptolemy.moml.MoMLSimpleApplication@4d8d3bbf
reloadAllAccessors: .TerminationTransition2
----------------- testing Thu May 10 17:52:54 UTC 2018 /home/travis/build/icyphy/ptII/ptolemy/domains/modal/test/auto/TerminationTransition3.xml
----------------- Instantiating /home/travis/build/icyphy/ptII/ptolemy/domains/modal/test/auto/TerminationTransition3.xml
2 ms. Memory: 690688K Free: 260173K (38%)
----------------- Invoking toplevel() on ptolemy.moml.MoMLSimpleApplication@76358276
----------------- Done invoking toplevel() on ptolemy.moml.MoMLSimpleApplication@76358276
reloadAllAccessors: .TerminationTransition3
----------------- testing Thu May 10 17:52:54 UTC 2018 /home/travis/build/icyphy/ptII/ptolemy/domains/modal/test/auto/TerminationTransition4.xml
----------------- Instantiating /home/travis/build/icyphy/ptII/ptolemy/domains/modal/test/auto/TerminationTransition4.xml
6 ms. Memory: 690688K Free: 239606K (35%)
----------------- Invoking toplevel() on ptolemy.moml.MoMLSimpleApplication@17933652
----------------- Done invoking toplevel() on ptolemy.moml.MoMLSimpleApplication@17933652
reloadAllAccessors: .TerminationTransition4
----------------- testing Thu May 10 17:52:54 UTC 2018 /home/travis/build/icyphy/ptII/ptolemy/domains/modal/test/auto/TerminationTransition5.xml
----------------- Instantiating /home/travis/build/icyphy/ptII/ptolemy/domains/modal/test/auto/TerminationTransition5.xml
2 ms. Memory: 690688K Free: 220812K (32%)
----------------- Invoking toplevel() on ptolemy.moml.MoMLSimpleApplication@4df109d
----------------- Done invoking toplevel() on ptolemy.moml.MoMLSimpleApplication@4df109d
reloadAllAccessors: .TerminationTransition5
----------------- testing Thu May 10 17:52:54 UTC 2018 /home/travis/build/icyphy/ptII/ptolemy/domains/modal/test/auto/TerminationTransition6.xml
----------------- Instantiating /home/travis/build/icyphy/ptII/ptolemy/domains/modal/test/auto/TerminationTransition6.xml
2 ms. Memory: 690688K Free: 206523K (30%)
----------------- Invoking toplevel() on ptolemy.moml.MoMLSimpleApplication@6023928e
----------------- Done invoking toplevel() on ptolemy.moml.MoMLSimpleApplication@6023928e
reloadAllAccessors: .TerminationTransition6
----------------- testing Thu May 10 17:52:54 UTC 2018 /home/travis/build/icyphy/ptII/ptolemy/domains/modal/test/auto/TerminationTransition7.xml
----------------- Instantiating /home/travis/build/icyphy/ptII/ptolemy/domains/modal/test/auto/TerminationTransition7.xml
4 ms. Memory: 690688K Free: 193999K (28%)
----------------- Invoking toplevel() on ptolemy.moml.MoMLSimpleApplication@1cdd8f2e
----------------- Done invoking toplevel() on ptolemy.moml.MoMLSimpleApplication@1cdd8f2e
reloadAllAccessors: .TerminationTransition7
----------------- testing Thu May 10 17:52:54 UTC 2018 /home/travis/build/icyphy/ptII/ptolemy/domains/modal/test/auto/TerminationTransition8.xml
----------------- Instantiating /home/travis/build/icyphy/ptII/ptolemy/domains/modal/test/auto/TerminationTransition8.xml
2 ms. Memory: 690688K Free: 179725K (26%)
----------------- Invoking toplevel() on ptolemy.moml.MoMLSimpleApplication@757cbef9
----------------- Done invoking toplevel() on ptolemy.moml.MoMLSimpleApplication@757cbef9
reloadAllAccessors: .TerminationTransition8
----------------- testing Thu May 10 17:52:54 UTC 2018 /home/travis/build/icyphy/ptII/ptolemy/domains/modal/test/auto/Thermostat_NoHysteresis.xml
----------------- Instantiating /home/travis/build/icyphy/ptII/ptolemy/domains/modal/test/auto/Thermostat_NoHysteresis.xml
28 ms. Memory: 690688K Free: 151507K (22%)
----------------- Invoking toplevel() on ptolemy.moml.MoMLSimpleApplication@386e3455
----------------- Done invoking toplevel() on ptolemy.moml.MoMLSimpleApplication@386e3455
reloadAllAccessors: .Thermostat_NoHysteresis
----------------- testing Thu May 10 17:52:54 UTC 2018 /home/travis/build/icyphy/ptII/ptolemy/domains/modal/test/auto/TimedFSM.xml
----------------- Instantiating /home/travis/build/icyphy/ptII/ptolemy/domains/modal/test/auto/TimedFSM.xml
8 ms. Memory: 690688K Free: 137218K (20%)
----------------- Invoking toplevel() on ptolemy.moml.MoMLSimpleApplication@24a3b372
----------------- Done invoking toplevel() on ptolemy.moml.MoMLSimpleApplication@24a3b372
reloadAllAccessors: .TimedFSM
----------------- testing Thu May 10 17:52:54 UTC 2018 /home/travis/build/icyphy/ptII/ptolemy/domains/modal/test/auto/Timeout1.xml
----------------- Instantiating /home/travis/build/icyphy/ptII/ptolemy/domains/modal/test/auto/Timeout1.xml
2 ms. Memory: 690688K Free: 127809K (19%)
----------------- Invoking toplevel() on ptolemy.moml.MoMLSimpleApplication@4fc6e6ed
----------------- Done invoking toplevel() on ptolemy.moml.MoMLSimpleApplication@4fc6e6ed
reloadAllAccessors: .Timeout1
----------------- testing Thu May 10 17:52:54 UTC 2018 /home/travis/build/icyphy/ptII/ptolemy/domains/modal/test/auto/Timeout2.xml
----------------- Instantiating /home/travis/build/icyphy/ptII/ptolemy/domains/modal/test/auto/Timeout2.xml
5 ms. Memory: 690688K Free: 116650K (17%)
----------------- Invoking toplevel() on ptolemy.moml.MoMLSimpleApplication@2d75de36
----------------- Done invoking toplevel() on ptolemy.moml.MoMLSimpleApplication@2d75de36
reloadAllAccessors: .Timeout2
----------------- testing Thu May 10 17:52:54 UTC 2018 /home/travis/build/icyphy/ptII/ptolemy/domains/modal/test/auto/Timeout3.xml
----------------- Instantiating /home/travis/build/icyphy/ptII/ptolemy/domains/modal/test/auto/Timeout3.xml
2 ms. Memory: 690688K Free: 107241K (16%)
----------------- Invoking toplevel() on ptolemy.moml.MoMLSimpleApplication@6a8a2564
----------------- Done invoking toplevel() on ptolemy.moml.MoMLSimpleApplication@6a8a2564
reloadAllAccessors: .Timeout3
----------------- testing Thu May 10 17:52:54 UTC 2018 /home/travis/build/icyphy/ptII/ptolemy/domains/modal/test/auto/Timeout4.xml
----------------- Instantiating /home/travis/build/icyphy/ptII/ptolemy/domains/modal/test/auto/Timeout4.xml
3 ms. Memory: 690688K Free: 96083K (14%)
----------------- Invoking toplevel() on ptolemy.moml.MoMLSimpleApplication@54ba1fb
----------------- Done invoking toplevel() on ptolemy.moml.MoMLSimpleApplication@54ba1fb
reloadAllAccessors: .Timeout4
----------------- testing Thu May 10 17:52:54 UTC 2018 /home/travis/build/icyphy/ptII/ptolemy/domains/modal/test/auto/TransientstateModelAdvanced.xml
----------------- Instantiating /home/travis/build/icyphy/ptII/ptolemy/domains/modal/test/auto/TransientstateModelAdvanced.xml
3 ms. Memory: 690688K Free: 80396K (12%)
----------------- Invoking toplevel() on ptolemy.moml.MoMLSimpleApplication@32ac8171
----------------- Done invoking toplevel() on ptolemy.moml.MoMLSimpleApplication@32ac8171
reloadAllAccessors: .TransientstateModelAdvanced
----------------- testing Thu May 10 17:52:55 UTC 2018 /home/travis/build/icyphy/ptII/ptolemy/domains/modal/test/auto/TransientstateModelAdvanced2.xml
----------------- Instantiating /home/travis/build/icyphy/ptII/ptolemy/domains/modal/test/auto/TransientstateModelAdvanced2.xml
3 ms. Memory: 690688K Free: 59829K (9%)
----------------- Invoking toplevel() on ptolemy.moml.MoMLSimpleApplication@1ec0053d
----------------- Done invoking toplevel() on ptolemy.moml.MoMLSimpleApplication@1ec0053d
reloadAllAccessors: .transientstatemodelAdvanced
----------------- testing Thu May 10 17:52:55 UTC 2018 /home/travis/build/icyphy/ptII/ptolemy/domains/modal/test/auto/TransitionRefinements.xml
----------------- Instantiating /home/travis/build/icyphy/ptII/ptolemy/domains/modal/test/auto/TransitionRefinements.xml
7 ms. Memory: 851968K Free: 833375K (98%)
----------------- Invoking toplevel() on ptolemy.moml.MoMLSimpleApplication@5ba6dbd9
----------------- Done invoking toplevel() on ptolemy.moml.MoMLSimpleApplication@5ba6dbd9
reloadAllAccessors: .TransitionRefinements
----------------- testing Thu May 10 17:52:55 UTC 2018 /home/travis/build/icyphy/ptII/ptolemy/domains/modal/test/auto/TwoRefinements1.xml
----------------- Instantiating /home/travis/build/icyphy/ptII/ptolemy/domains/modal/test/auto/TwoRefinements1.xml
3 ms. Memory: 851968K Free: 815771K (96%)
----------------- Invoking toplevel() on ptolemy.moml.MoMLSimpleApplication@1efc56cd
----------------- Done invoking toplevel() on ptolemy.moml.MoMLSimpleApplication@1efc56cd
reloadAllAccessors: .TwoRefinements1
----------------- testing Thu May 10 17:52:55 UTC 2018 /home/travis/build/icyphy/ptII/ptolemy/domains/modal/test/auto/TwoRefinements2.xml
----------------- Instantiating /home/travis/build/icyphy/ptII/ptolemy/domains/modal/test/auto/TwoRefinements2.xml
2 ms. Memory: 851968K Free: 798184K (94%)
----------------- Invoking toplevel() on ptolemy.moml.MoMLSimpleApplication@71d8d4b0
----------------- Done invoking toplevel() on ptolemy.moml.MoMLSimpleApplication@71d8d4b0
reloadAllAccessors: .TwoRefinements2
----------------- testing Thu May 10 17:52:55 UTC 2018 /home/travis/build/icyphy/ptII/ptolemy/domains/modal/test/auto/WeakImmediateTransition.xml
----------------- Instantiating /home/travis/build/icyphy/ptII/ptolemy/domains/modal/test/auto/WeakImmediateTransition.xml
3 ms. Memory: 851968K Free: 782283K (92%)
----------------- Invoking toplevel() on ptolemy.moml.MoMLSimpleApplication@de00dca
----------------- Done invoking toplevel() on ptolemy.moml.MoMLSimpleApplication@de00dca
reloadAllAccessors: .WeakImmediateTransition
----------------- testing Thu May 10 17:52:55 UTC 2018 /home/travis/build/icyphy/ptII/ptolemy/domains/modal/test/auto/booleanSelect.xml
----------------- Instantiating /home/travis/build/icyphy/ptII/ptolemy/domains/modal/test/auto/booleanSelect.xml
50 ms. Memory: 851968K Free: 760661K (89%)
----------------- Invoking toplevel() on ptolemy.moml.MoMLSimpleApplication@5e21c563
----------------- Done invoking toplevel() on ptolemy.moml.MoMLSimpleApplication@5e21c563
reloadAllAccessors: .booleanSelect
----------------- testing Thu May 10 17:52:55 UTC 2018 /home/travis/build/icyphy/ptII/ptolemy/domains/modal/test/auto/modalChangingParams.xml
----------------- Instantiating /home/travis/build/icyphy/ptII/ptolemy/domains/modal/test/auto/modalChangingParams.xml
0
1
0
2
4
6
8
7
0
2
4
6
8
13
0
2
4
6
8
19
0
2
4
6
8
25
0
2
4
6
8
31
0
2
4
6
8
37
0
2
4
6
8
43
0
2
4
6
8
49
0
2
4
6
8
55
0
2
4
6
8
61
0
2
4
6
8
67
0
2
4
6
8
73
0
2
4
6
8
79
0
2
4
6
8
85
0
2
4
6
8
91
0
2
4
6
8
97
0
2
4
6
8
103
0
2
4
6
8
109
0
2
4
6
8
115
0
2
4
6
8
121
0
2
4
6
8
127
0
2
4
6
8
133
0
2
4
6
8
139
0
2
4
6
8
145
0
2
4
6
8
151
0
2
4
6
8
157
0
2
4
6
8
163
0
2
4
6
8
169
0
2
4
6
8
175
0
2
4
6
8
181
0
2
4
6
8
187
0
2
4
6
8
193
0
2
4
6
8
199
0
2
4
6
8
205
0
2
4
6
8
211
0
2
4
6
8
217
0
2
4
6
8
223
0
2
4
6
8
229
0
2
4
6
8
235
0
2
4
6
8
241
0
2
4
6
8
247
0
2
4
6
8
253
0
2
4
6
8
259
0
2
4
6
8
265
0
2
4
6
8
271
0
2
4
6
8
277
0
2
4
6
8
283
0
2
4
6
8
289
0
2
4
6
8
295
0
2
4
6
8
301
0
2
4
6
8
307
0
2
4
6
8
313
0
2
4
6
8
319
0
2
4
6
8
325
0
2
4
6
8
331
0
2
4
6
8
337
0
2
4
6
8
343
0
2
4
6
8
349
0
2
4
6
8
355
0
2
4
6
8
361
0
2
4
6
8
367
0
2
4
6
8
373
0
2
4
6
8
379
0
2
4
6
8
385
0
2
4
6
8
391
0
2
4
6
8
397
0
2
4
6
8
403
0
2
4
6
8
409
0
2
4
6
8
415
0
2
4
6
8
421
0
2
4
6
8
427
0
2
4
6
8
433
0
2
4
6
8
439
0
2
4
6
8
445
0
2
4
6
8
451
0
2
4
6
8
457
0
2
4
6
8
463
0
2
4
6
8
469
0
2
4
6
8
475
0
2
4
6
8
481
0
2
4
6
8
487
0
2
4
6
8
493
0
2
4
6
8
499
0
2
4
6
8
505
0
2
4
6
8
511
0
2
4
6
8
517
0
2
4
6
8
523
0
2
4
6
8
529
0
2
4
6
8
535
0
2
4
6
8
541
0
2
4
6
8
547
0
2
4
6
8
553
0
2
4
6
8
559
0
2
4
6
8
565
0
2
4
6
8
571
0
2
4
6
8
577
0
2
4
6
8
583
0
2
4
6
8
589
0
2
4
6
8
595
0
2
4
6
8
601
0
2
4
6
8
607
0
2
4
6
8
613
0
2
4
6
8
619
0
2
4
6
8
625
0
2
4
6
8
631
0
2
4
6
8
637
0
2
4
6
8
643
0
2
4
6
8
649
0
2
4
6
8
655
0
2
4
6
8
661
0
2
4
6
8
667
0
2
4
6
8
673
0
2
4
6
8
679
0
2
4
6
8
685
0
2
4
6
8
691
0
2
4
6
8
697
0
2
4
6
8
703
0
2
4
6
8
709
0
2
4
6
8
715
0
2
4
6
8
721
0
2
4
6
8
727
0
2
4
6
8
733
0
2
4
6
8
739
0
2
4
6
8
745
0
2
4
6
8
751
0
2
4
6
8
757
0
2
4
6
8
763
0
2
4
6
8
769
0
2
4
6
8
775
0
2
4
6
8
781
0
2
4
6
8
787
0
2
4
6
8
793
0
2
4
6
8
799
0
2
4
6
8
805
0
2
4
6
8
811
0
2
4
6
8
817
0
2
4
6
8
823
0
2
4
6
8
829
0
2
4
6
8
835
0
2
4
6
8
841
0
2
4
6
8
847
0
2
4
6
8
853
0
2
4
6
8
859
0
2
4
6
8
865
0
2
4
6
8
871
0
2
4
6
8
877
0
2
4
6
8
883
0
2
4
6
8
889
0
2
4
6
8
895
0
2
4
6
8
901
0
2
4
6
8
907
0
2
4
6
8
913
0
2
4
6
8
919
0
2
4
6
8
925
0
2
4
6
8
931
0
2
4
6
8
937
0
2
4
6
8
943
0
2
4
6
8
949
0
2
4
6
8
955
0
2
4
6
8
961
0
2
4
6
8
967
0
2
4
6
8
973
0
2
4
6
8
979
0
2
4
6
8
985
0
2
4
6
8
991
0
2
4
6
8
997
0
2
259 ms. Memory: 851968K Free: 641258K (75%)
----------------- Invoking toplevel() on ptolemy.moml.MoMLSimpleApplication@5e890a84
----------------- Done invoking toplevel() on ptolemy.moml.MoMLSimpleApplication@5e890a84
reloadAllAccessors: .modalChangingParams
----------------- testing Thu May 10 17:52:55 UTC 2018 /home/travis/build/icyphy/ptII/ptolemy/domains/modal/test/auto/modalModel.xml
----------------- Instantiating /home/travis/build/icyphy/ptII/ptolemy/domains/modal/test/auto/modalModel.xml
13 ms. Memory: 851968K Free: 627628K (74%)
----------------- Invoking toplevel() on ptolemy.moml.MoMLSimpleApplication@6816e8bc
----------------- Done invoking toplevel() on ptolemy.moml.MoMLSimpleApplication@6816e8bc
reloadAllAccessors: .modalModel
----------------- testing Thu May 10 17:52:55 UTC 2018 /home/travis/build/icyphy/ptII/ptolemy/domains/modal/test/auto/modalModel2.xml
----------------- Instantiating /home/travis/build/icyphy/ptII/ptolemy/domains/modal/test/auto/modalModel2.xml
13 ms. Memory: 851968K Free: 611703K (72%)
----------------- Invoking toplevel() on ptolemy.moml.MoMLSimpleApplication@29bc1035
----------------- Done invoking toplevel() on ptolemy.moml.MoMLSimpleApplication@29bc1035
reloadAllAccessors: .modalModel2
----------------- testing Thu May 10 17:52:55 UTC 2018 /home/travis/build/icyphy/ptII/ptolemy/domains/modal/test/auto/modalModel3.xml
----------------- Instantiating /home/travis/build/icyphy/ptII/ptolemy/domains/modal/test/auto/modalModel3.xml
0	0	0
3	2	1
6	4	2
9	6	3
4	0	4
7	2	5
10	4	6
13	6	7
8	0	8
11	2	9
14	4	10
17	6	11
12	0	12
15	2	13
18	4	14
14 ms. Memory: 851968K Free: 590126K (69%)
----------------- Invoking toplevel() on ptolemy.moml.MoMLSimpleApplication@5ac9bdc3
----------------- Done invoking toplevel() on ptolemy.moml.MoMLSimpleApplication@5ac9bdc3
reloadAllAccessors: .modalModel3
----------------- testing Thu May 10 17:52:55 UTC 2018 /home/travis/build/icyphy/ptII/ptolemy/domains/modal/test/auto/model1.xml
----------------- Instantiating /home/travis/build/icyphy/ptII/ptolemy/domains/modal/test/auto/model1.xml
11 ms. Memory: 851968K Free: 582180K (68%)
----------------- Invoking toplevel() on ptolemy.moml.MoMLSimpleApplication@36c1d9
----------------- Done invoking toplevel() on ptolemy.moml.MoMLSimpleApplication@36c1d9
reloadAllAccessors: .model1
----------------- testing Thu May 10 17:52:55 UTC 2018 /home/travis/build/icyphy/ptII/ptolemy/domains/modal/test/auto/test-direct-in-out.xml
----------------- Instantiating /home/travis/build/icyphy/ptII/ptolemy/domains/modal/test/auto/test-direct-in-out.xml
8 ms. Memory: 851968K Free: 568549K (67%)
----------------- Invoking toplevel() on ptolemy.moml.MoMLSimpleApplication@402ad246
----------------- Done invoking toplevel() on ptolemy.moml.MoMLSimpleApplication@402ad246
reloadAllAccessors: .test-direct-in-out
AutoTests.java: About to close Vertx.
AutoTests.java: Vertx closed.
]]></system-out>
  <system-err><![CDATA[java.lang.RuntimeException: Execution failed
	at ptolemy.moml.MoMLSimpleApplication$UnloadThread.run(MoMLSimpleApplication.java:402)
Caused by: ptolemy.kernel.util.IllegalActionException: Unknown inputs remain. Possible causality loop:
L_model_1893289564i

  in .CannotAnalysisWithPreemption.model_1893289564_region_1 and .CannotAnalysisWithPreemption.model_1893289564_region_1.L_model_1893289564i
	at ptolemy.actor.sched.FixedPointDirector.postfire(FixedPointDirector.java:515)
	at ptolemy.domains.sr.kernel.SRDirector.postfire(SRDirector.java:417)
	at ptolemy.actor.CompositeActor.postfire(CompositeActor.java:1668)
	at ptolemy.actor.Manager.iterate(Manager.java:852)
	at ptolemy.actor.Manager.execute(Manager.java:369)
	at ptolemy.actor.Manager.run(Manager.java:1263)
	at ptolemy.actor.Manager$PtolemyRunThread.run(Manager.java:1915)
java.lang.reflect.InvocationTargetException
	at sun.reflect.NativeConstructorAccessorImpl.newInstance0(Native Method)
	at sun.reflect.NativeConstructorAccessorImpl.newInstance(NativeConstructorAccessorImpl.java:62)
	at sun.reflect.DelegatingConstructorAccessorImpl.newInstance(DelegatingConstructorAccessorImpl.java:45)
	at java.lang.reflect.Constructor.newInstance(Constructor.java:423)
	at ptolemy.util.test.junit.AutoKnownFailedTests.RunModel(AutoKnownFailedTests.java:107)
	at sun.reflect.NativeMethodAccessorImpl.invoke0(Native Method)
	at sun.reflect.NativeMethodAccessorImpl.invoke(NativeMethodAccessorImpl.java:62)
	at sun.reflect.DelegatingMethodAccessorImpl.invoke(DelegatingMethodAccessorImpl.java:43)
	at java.lang.reflect.Method.invoke(Method.java:498)
	at org.junit.runners.model.FrameworkMethod$1.runReflectiveCall(FrameworkMethod.java:44)
	at org.junit.internal.runners.model.ReflectiveCallable.run(ReflectiveCallable.java:15)
	at org.junit.runners.model.FrameworkMethod.invokeExplosively(FrameworkMethod.java:41)
	at junitparams.internal.InvokeParameterisedMethod.evaluate(InvokeParameterisedMethod.java:102)
	at org.junit.internal.runners.statements.FailOnTimeout$1.run(FailOnTimeout.java:28)
Caused by: ptolemy.kernel.util.IllegalActionException: Unknown inputs remain. Possible causality loop:
L_model_1893289564i

  in .CannotAnalysisWithPreemption.model_1893289564_region_1 and .CannotAnalysisWithPreemption.model_1893289564_region_1.L_model_1893289564i
	at ptolemy.actor.sched.FixedPointDirector.postfire(FixedPointDirector.java:515)
	at ptolemy.domains.sr.kernel.SRDirector.postfire(SRDirector.java:417)
	at ptolemy.actor.CompositeActor.postfire(CompositeActor.java:1668)
	at ptolemy.actor.Manager.iterate(Manager.java:852)
	at ptolemy.actor.Manager.execute(Manager.java:369)
	at ptolemy.actor.Manager.run(Manager.java:1263)
	at ptolemy.actor.Manager$PtolemyRunThread.run(Manager.java:1915)
]]></system-err>
</testsuite>
