<?xml version="1.0" encoding="UTF-8" ?>
<testsuite errors="0" failures="0" hostname="travis-job-cdaf2992-9217-4d27-8a2a-ef436837bdfc" name="ptolemy.domains.sdf.test.junit.JUnitTclTest" skipped="0" tests="66" time="22.702" timestamp="2018-05-22T18:28:50">
  <properties>
[...]
</properties>
  <testcase classname="ptolemy.util.test.junit.TclTests" name="[0] /home/travis/build/icyphy/ptII/ptolemy/domains/sdf/test/SDFSchedulerErrors.tcl (RunTclFile)" time="0.695" />
  <testcase classname="ptolemy.util.test.junit.TclTests" name="[1] /home/travis/build/icyphy/ptII/ptolemy/domains/sdf/test/composition.tcl (RunTclFile)" time="0.18" />
  <testcase classname="ptolemy.util.test.junit.TclTests" name="[2] /home/travis/build/icyphy/ptII/ptolemy/domains/sdf/test/cycle.tcl (RunTclFile)" time="0.037" />
  <testcase classname="ptolemy.util.test.junit.AutoKnownFailedTests" name="[0] ThereAreNoKnowFailedTests (RunModel)" time="0.008" />
  <testcase classname="ptolemy.util.test.junit.AutoNameArchTests" name="[0] ThereAreNoAutoTests (RunModel)" time="0.007" />
  <testcase classname="ptolemy.util.test.junit.AutoTests" name="[0] /home/travis/build/icyphy/ptII/ptolemy/domains/sdf/test/auto/Array.xml (RunModel)" time="0.317" />
  <testcase classname="ptolemy.util.test.junit.AutoTests" name="[1] /home/travis/build/icyphy/ptII/ptolemy/domains/sdf/test/auto/Butterfly.xml (RunModel)" time="0.205" />
  <testcase classname="ptolemy.util.test.junit.AutoTests" name="[2] /home/travis/build/icyphy/ptII/ptolemy/domains/sdf/test/auto/Expression.xml (RunModel)" time="0.172" />
  <testcase classname="ptolemy.util.test.junit.AutoTests" name="[3] /home/travis/build/icyphy/ptII/ptolemy/domains/sdf/test/auto/Eye.xml (RunModel)" time="0.306" />
  <testcase classname="ptolemy.util.test.junit.AutoTests" name="[4] /home/travis/build/icyphy/ptII/ptolemy/domains/sdf/test/auto/FixFIR.xml (RunModel)" time="0.445" />
  <testcase classname="ptolemy.util.test.junit.AutoTests" name="[5] /home/travis/build/icyphy/ptII/ptolemy/domains/sdf/test/auto/FixPoint.xml (RunModel)" time="0.061" />
  <testcase classname="ptolemy.util.test.junit.AutoTests" name="[6] /home/travis/build/icyphy/ptII/ptolemy/domains/sdf/test/auto/Gravitation.xml (RunModel)" time="3.358" />
  <testcase classname="ptolemy.util.test.junit.AutoTests" name="[7] /home/travis/build/icyphy/ptII/ptolemy/domains/sdf/test/auto/GravitationWithCollisionDetection.xml (RunModel)" time="7.615" />
  <testcase classname="ptolemy.util.test.junit.AutoTests" name="[8] /home/travis/build/icyphy/ptII/ptolemy/domains/sdf/test/auto/HDF.xml (RunModel)" time="0.104" />
  <testcase classname="ptolemy.util.test.junit.AutoTests" name="[9] /home/travis/build/icyphy/ptII/ptolemy/domains/sdf/test/auto/HDFwithTransientStates.xml (RunModel)" time="0.107" />
  <testcase classname="ptolemy.util.test.junit.AutoTests" name="[10] /home/travis/build/icyphy/ptII/ptolemy/domains/sdf/test/auto/HTVQ.xml (RunModel)" time="0.956" />
  <testcase classname="ptolemy.util.test.junit.AutoTests" name="[11] /home/travis/build/icyphy/ptII/ptolemy/domains/sdf/test/auto/InferInitProduction.xml (RunModel)" time="0.056" />
  <testcase classname="ptolemy.util.test.junit.AutoTests" name="[12] /home/travis/build/icyphy/ptII/ptolemy/domains/sdf/test/auto/InferInitProductionDeeper.xml (RunModel)" time="0.066" />
  <testcase classname="ptolemy.util.test.junit.AutoTests" name="[13] /home/travis/build/icyphy/ptII/ptolemy/domains/sdf/test/auto/LMSAdaptive.xml (RunModel)" time="0.091" />
  <testcase classname="ptolemy.util.test.junit.AutoTests" name="[14] /home/travis/build/icyphy/ptII/ptolemy/domains/sdf/test/auto/LogisticMap.xml (RunModel)" time="0.493" />
  <testcase classname="ptolemy.util.test.junit.AutoTests" name="[15] /home/travis/build/icyphy/ptII/ptolemy/domains/sdf/test/auto/MaximumEntropySpectrum.xml (RunModel)" time="0.372" />
  <testcase classname="ptolemy.util.test.junit.AutoTests" name="[16] /home/travis/build/icyphy/ptII/ptolemy/domains/sdf/test/auto/MultirateSDF.xml (RunModel)" time="0.084" />
  <testcase classname="ptolemy.util.test.junit.AutoTests" name="[17] /home/travis/build/icyphy/ptII/ptolemy/domains/sdf/test/auto/MultirateSDFwithTransientStates.xml (RunModel)" time="0.107" />
  <testcase classname="ptolemy.util.test.junit.AutoTests" name="[18] /home/travis/build/icyphy/ptII/ptolemy/domains/sdf/test/auto/NoisySinewave.xml (RunModel)" time="0.091" />
  <testcase classname="ptolemy.util.test.junit.AutoTests" name="[19] /home/travis/build/icyphy/ptII/ptolemy/domains/sdf/test/auto/Objects.xml (RunModel)" time="0.083" />
  <testcase classname="ptolemy.util.test.junit.AutoTests" name="[20] /home/travis/build/icyphy/ptII/ptolemy/domains/sdf/test/auto/OrthogonalCom.xml (RunModel)" time="0.047" />
  <testcase classname="ptolemy.util.test.junit.AutoTests" name="[21] /home/travis/build/icyphy/ptII/ptolemy/domains/sdf/test/auto/RijndaelEncryption.xml (RunModel)" time="0.764" />
  <testcase classname="ptolemy.util.test.junit.AutoTests" name="[22] /home/travis/build/icyphy/ptII/ptolemy/domains/sdf/test/auto/SDFEmptyIterations.xml (RunModel)" time="0.021" />
  <testcase classname="ptolemy.util.test.junit.AutoTests" name="[23] /home/travis/build/icyphy/ptII/ptolemy/domains/sdf/test/auto/Spectrum.xml (RunModel)" time="0.136" />
  <testcase classname="ptolemy.util.test.junit.AutoTests" name="[24] /home/travis/build/icyphy/ptII/ptolemy/domains/sdf/test/auto/de_inside_sdf.xml (RunModel)" time="0.033" />
  <testcase classname="ptolemy.util.test.junit.AutoTests" name="[25] /home/travis/build/icyphy/ptII/ptolemy/domains/sdf/test/auto/disconnectedHierarchicalSDF.xml (RunModel)" time="0.031" />
  <testcase classname="ptolemy.util.test.junit.AutoTests" name="[26] /home/travis/build/icyphy/ptII/ptolemy/domains/sdf/test/auto/disconnectedSDF.xml (RunModel)" time="0.02" />
  <testcase classname="ptolemy.util.test.junit.AutoTests" name="[27] /home/travis/build/icyphy/ptII/ptolemy/domains/sdf/test/auto/emptyRefinement.xml (RunModel)" time="0.036" />
  <testcase classname="ptolemy.util.test.junit.AutoTests" name="[28] /home/travis/build/icyphy/ptII/ptolemy/domains/sdf/test/auto/filePortParameter.xml (RunModel)" time="0.071" />
  <testcase classname="ptolemy.util.test.junit.AutoTests" name="[29] /home/travis/build/icyphy/ptII/ptolemy/domains/sdf/test/auto/inferRelationWidth1.xml (RunModel)" time="0.017" />
  <testcase classname="ptolemy.util.test.junit.AutoTests" name="[30] /home/travis/build/icyphy/ptII/ptolemy/domains/sdf/test/auto/initProductionInference.xml (RunModel)" time="0.024" />
  <testcase classname="ptolemy.util.test.junit.AutoTests" name="[31] /home/travis/build/icyphy/ptII/ptolemy/domains/sdf/test/auto/relationGroup.xml (RunModel)" time="0.02" />
  <testcase classname="ptolemy.util.test.junit.AutoTests" name="[32] /home/travis/build/icyphy/ptII/ptolemy/domains/sdf/test/auto/relationGroup10.xml (RunModel)" time="0.021" />
  <testcase classname="ptolemy.util.test.junit.AutoTests" name="[33] /home/travis/build/icyphy/ptII/ptolemy/domains/sdf/test/auto/relationGroup11.xml (RunModel)" time="0.024" />
  <testcase classname="ptolemy.util.test.junit.AutoTests" name="[34] /home/travis/build/icyphy/ptII/ptolemy/domains/sdf/test/auto/relationGroup12.xml (RunModel)" time="0.019" />
  <testcase classname="ptolemy.util.test.junit.AutoTests" name="[35] /home/travis/build/icyphy/ptII/ptolemy/domains/sdf/test/auto/relationGroup13.xml (RunModel)" time="0.026" />
  <testcase classname="ptolemy.util.test.junit.AutoTests" name="[36] /home/travis/build/icyphy/ptII/ptolemy/domains/sdf/test/auto/relationGroup14.xml (RunModel)" time="0.025" />
  <testcase classname="ptolemy.util.test.junit.AutoTests" name="[37] /home/travis/build/icyphy/ptII/ptolemy/domains/sdf/test/auto/relationGroup15.xml (RunModel)" time="0.022" />
  <testcase classname="ptolemy.util.test.junit.AutoTests" name="[38] /home/travis/build/icyphy/ptII/ptolemy/domains/sdf/test/auto/relationGroup2.xml (RunModel)" time="0.013" />
  <testcase classname="ptolemy.util.test.junit.AutoTests" name="[39] /home/travis/build/icyphy/ptII/ptolemy/domains/sdf/test/auto/relationGroup3.xml (RunModel)" time="0.025" />
  <testcase classname="ptolemy.util.test.junit.AutoTests" name="[40] /home/travis/build/icyphy/ptII/ptolemy/domains/sdf/test/auto/relationGroup4.xml (RunModel)" time="0.021" />
  <testcase classname="ptolemy.util.test.junit.AutoTests" name="[41] /home/travis/build/icyphy/ptII/ptolemy/domains/sdf/test/auto/relationGroup5.xml (RunModel)" time="0.032" />
  <testcase classname="ptolemy.util.test.junit.AutoTests" name="[42] /home/travis/build/icyphy/ptII/ptolemy/domains/sdf/test/auto/relationGroup6.xml (RunModel)" time="0.026" />
  <testcase classname="ptolemy.util.test.junit.AutoTests" name="[43] /home/travis/build/icyphy/ptII/ptolemy/domains/sdf/test/auto/relationGroup7.xml (RunModel)" time="0.018" />
  <testcase classname="ptolemy.util.test.junit.AutoTests" name="[44] /home/travis/build/icyphy/ptII/ptolemy/domains/sdf/test/auto/relationGroup8.xml (RunModel)" time="0.026" />
  <testcase classname="ptolemy.util.test.junit.AutoTests" name="[45] /home/travis/build/icyphy/ptII/ptolemy/domains/sdf/test/auto/relationGroup9.xml (RunModel)" time="0.027" />
  <testcase classname="ptolemy.util.test.junit.AutoTests" name="[46] /home/travis/build/icyphy/ptII/ptolemy/domains/sdf/test/auto/sdf_inside_de.xml (RunModel)" time="0.082" />
  <testcase classname="ptolemy.util.test.junit.AutoTests" name="[47] /home/travis/build/icyphy/ptII/ptolemy/domains/sdf/test/auto/sdf_inside_pn.xml (RunModel)" time="0.081" />
  <testcase classname="ptolemy.util.test.junit.AutoTests" name="[48] /home/travis/build/icyphy/ptII/ptolemy/domains/sdf/test/auto/sdf_sdf1.xml (RunModel)" time="0.032" />
  <testcase classname="ptolemy.util.test.junit.AutoTests" name="[49] /home/travis/build/icyphy/ptII/ptolemy/domains/sdf/test/auto/test1.xml (RunModel)" time="0.023" />
  <testcase classname="ptolemy.util.test.junit.AutoTests" name="[50] /home/travis/build/icyphy/ptII/ptolemy/domains/sdf/test/auto/time1.xml (RunModel)" time="0.013" />
  <testcase classname="ptolemy.util.test.junit.AutoTests" name="[51] /home/travis/build/icyphy/ptII/ptolemy/domains/sdf/test/auto/time2.xml (RunModel)" time="0.014" />
  <testcase classname="ptolemy.util.test.junit.AutoTests" name="[52] /home/travis/build/icyphy/ptII/ptolemy/domains/sdf/test/auto/time3.xml (RunModel)" time="0.035" />
  <testcase classname="ptolemy.util.test.junit.AutoTests" name="[53] /home/travis/build/icyphy/ptII/ptolemy/domains/sdf/test/auto/time4.xml (RunModel)" time="0.024" />
  <testcase classname="ptolemy.util.test.junit.AutoTests" name="[54] /home/travis/build/icyphy/ptII/ptolemy/domains/sdf/test/auto/time5.xml (RunModel)" time="4.014" />
  <testcase classname="ptolemy.util.test.junit.AutoTests" name="[55] /home/travis/build/icyphy/ptII/ptolemy/domains/sdf/test/auto/typeSystem_Const_Integer_smallest_Type.xml (RunModel)" time="0.042" />
  <testcase classname="ptolemy.util.test.junit.AutoTests" name="[56] /home/travis/build/icyphy/ptII/ptolemy/domains/sdf/test/auto/typeSystem_declared_Inports_OutportTypeException.xml (RunModel)" time="0.024" />
  <testcase classname="ptolemy.util.test.junit.AutoTests" name="[57] /home/travis/build/icyphy/ptII/ptolemy/domains/sdf/test/auto/typeSystem_oneDeclaredInportType_wrongTypeOutport.xml (RunModel)" time="0.02" />
  <testcase classname="ptolemy.util.test.junit.AutoTests" name="[58] /home/travis/build/icyphy/ptII/ptolemy/domains/sdf/test/auto/width.xml (RunModel)" time="0.014" />
  <testcase classname="ptolemy.util.test.junit.AutoTests" name="[59] /home/travis/build/icyphy/ptII/ptolemy/domains/sdf/test/auto/width2.xml (RunModel)" time="0.042" />
  <testcase classname="ptolemy.util.test.junit.AutoTests" name="[60] /home/travis/build/icyphy/ptII/ptolemy/domains/sdf/test/auto/width3.xml (RunModel)" time="0.044" />
  <system-out><![CDATA[/home/travis/build/icyphy/ptII/ptolemy/domains/sdf/test/SDFSchedulerErrors.tcl
testDefs.tcl: setting time out to 9000 seconds at Tue May 22 18:28:50 UTC 2018
21 ms. Memory: 116224K Free: 106921K (92%)
6 ms. Memory: 116224K Free: 99770K (86%)
6 ms. Memory: 116224K Free: 92724K (80%)
4 ms. Memory: 116224K Free: 89661K (77%)
/home/travis/build/icyphy/ptII/ptolemy/domains/sdf/test/composition.tcl
57 ms. Memory: 116224K Free: 86036K (74%)
8 ms. Memory: 116224K Free: 84218K (72%)
/home/travis/build/icyphy/ptII/ptolemy/domains/sdf/test/cycle.tcl
.Toplevel.Director Preinitializing ...
Invoking preinitialize():  .Toplevel.Actor1
Invoking preinitialize():  .Toplevel.Actor2
Invoking preinitialize():  .Toplevel.Delay
.Toplevel.Director Finished preinitialize().
### Schedule:
Execute Schedule{
Fire Actor ptolemy.domains.sdf.kernel.test.SDFTestDelay {.Toplevel.Actor1}
Fire Actor ptolemy.domains.sdf.kernel.test.SDFTestDelay {.Toplevel.Actor2}
Fire Actor ptolemy.domains.sdf.lib.SampleDelay {.Toplevel.Delay}
}
### End schedule
Called initialize().
Invoking initialize():  .Toplevel.Actor1
Initializing actor: .Toplevel.Actor1.
Invoking initialize():  .Toplevel.Actor2
Initializing actor: .Toplevel.Actor2.
Invoking initialize():  .Toplevel.Delay
Initializing actor: .Toplevel.Delay.
Director: Called prefire().
-- Setting current time to 0.0
Director prefire returns true.
The actor .Toplevel.Actor1 will be iterated.
The actor .Toplevel.Actor1 was iterated.
The actor .Toplevel.Actor2 will be iterated.
The actor .Toplevel.Actor2 was iterated.
The actor .Toplevel.Delay will be iterated.
The actor .Toplevel.Delay was iterated.
Director: Called postfire().
Postfire returns: true
Director: Called prefire().
-- Setting current time to 0.0
Director prefire returns true.
The actor .Toplevel.Actor1 will be iterated.
The actor .Toplevel.Actor1 was iterated.
The actor .Toplevel.Actor2 will be iterated.
The actor .Toplevel.Actor2 was iterated.
The actor .Toplevel.Delay will be iterated.
The actor .Toplevel.Delay was iterated.
Director: Called postfire().
Postfire returns: true
Director: Called prefire().
-- Setting current time to 0.0
Director prefire returns true.
The actor .Toplevel.Actor1 will be iterated.
The actor .Toplevel.Actor1 was iterated.
The actor .Toplevel.Actor2 will be iterated.
The actor .Toplevel.Actor2 was iterated.
The actor .Toplevel.Delay will be iterated.
The actor .Toplevel.Delay was iterated.
Director: Called postfire().
Postfire returns: true
Director: Called prefire().
-- Setting current time to 0.0
Director prefire returns true.
The actor .Toplevel.Actor1 will be iterated.
The actor .Toplevel.Actor1 was iterated.
The actor .Toplevel.Actor2 will be iterated.
The actor .Toplevel.Actor2 was iterated.
The actor .Toplevel.Delay will be iterated.
The actor .Toplevel.Delay was iterated.
Director: Called postfire().
Postfire returns: true
Director: Called prefire().
-- Setting current time to 0.0
Director prefire returns true.
The actor .Toplevel.Actor1 will be iterated.
The actor .Toplevel.Actor1 was iterated.
The actor .Toplevel.Actor2 will be iterated.
The actor .Toplevel.Actor2 was iterated.
The actor .Toplevel.Delay will be iterated.
The actor .Toplevel.Delay was iterated.
Director: Called postfire().
Postfire returns: true
Director: Called prefire().
-- Setting current time to 0.0
Director prefire returns true.
The actor .Toplevel.Actor1 will be iterated.
The actor .Toplevel.Actor1 was iterated.
The actor .Toplevel.Actor2 will be iterated.
The actor .Toplevel.Actor2 was iterated.
The actor .Toplevel.Delay will be iterated.
The actor .Toplevel.Delay was iterated.
Reached specified number of iterations: 6
Director: Called wrapup().
9 ms. Memory: 116224K Free: 81813K (70%)
05/22/18 06:28:51
Failed: 0  Total Tests: 8  ((Passed: 8, Newly Passed: 0)  Known Failed: 0) /home/travis/build/icyphy/ptII/ptolemy/domains/sdf/test
No auto/knownFailedTests/*.xml tests in /home/travis/build/icyphy/ptII/ptolemy/domains/sdf/test
No auto/*.xml tests in /home/travis/build/icyphy/ptII/ptolemy/domains/sdf/test
AutoTests.java: About to close Vertx.
AutoTests.java: Vertx closed.
----------------- testing Tue May 22 18:28:51 UTC 2018 /home/travis/build/icyphy/ptII/ptolemy/domains/sdf/test/auto/Array.xml
----------------- Instantiating /home/travis/build/icyphy/ptII/ptolemy/domains/sdf/test/auto/Array.xml
43 ms. Memory: 116224K Free: 102933K (89%)
----------------- Invoking toplevel() on ptolemy.moml.MoMLSimpleApplication@68260559
----------------- Done invoking toplevel() on ptolemy.moml.MoMLSimpleApplication@68260559
reloadAllAccessors: .Array
----------------- testing Tue May 22 18:28:51 UTC 2018 /home/travis/build/icyphy/ptII/ptolemy/domains/sdf/test/auto/Butterfly.xml
----------------- Instantiating /home/travis/build/icyphy/ptII/ptolemy/domains/sdf/test/auto/Butterfly.xml
120 ms. Memory: 116224K Free: 96750K (83%)
----------------- Invoking toplevel() on ptolemy.moml.MoMLSimpleApplication@17cf75b7
----------------- Done invoking toplevel() on ptolemy.moml.MoMLSimpleApplication@17cf75b7
reloadAllAccessors: .Butterfly
----------------- testing Tue May 22 18:28:51 UTC 2018 /home/travis/build/icyphy/ptII/ptolemy/domains/sdf/test/auto/Expression.xml
----------------- Instantiating /home/travis/build/icyphy/ptII/ptolemy/domains/sdf/test/auto/Expression.xml
111 ms. Memory: 116224K Free: 91271K (79%)
----------------- Invoking toplevel() on ptolemy.moml.MoMLSimpleApplication@5fec8ddc
----------------- Done invoking toplevel() on ptolemy.moml.MoMLSimpleApplication@5fec8ddc
reloadAllAccessors: .Expression
----------------- testing Tue May 22 18:28:52 UTC 2018 /home/travis/build/icyphy/ptII/ptolemy/domains/sdf/test/auto/Eye.xml
----------------- Instantiating /home/travis/build/icyphy/ptII/ptolemy/domains/sdf/test/auto/Eye.xml
173 ms. Memory: 146944K Free: 126173K (86%)
----------------- Invoking toplevel() on ptolemy.moml.MoMLSimpleApplication@24097743
----------------- Done invoking toplevel() on ptolemy.moml.MoMLSimpleApplication@24097743
reloadAllAccessors: .Eye
----------------- testing Tue May 22 18:28:52 UTC 2018 /home/travis/build/icyphy/ptII/ptolemy/domains/sdf/test/auto/FixFIR.xml
----------------- Instantiating /home/travis/build/icyphy/ptII/ptolemy/domains/sdf/test/auto/FixFIR.xml
197 ms. Memory: 146944K Free: 89650K (61%)
----------------- Invoking toplevel() on ptolemy.moml.MoMLSimpleApplication@69203b56
----------------- Done invoking toplevel() on ptolemy.moml.MoMLSimpleApplication@69203b56
reloadAllAccessors: .FixFIR
----------------- testing Tue May 22 18:28:52 UTC 2018 /home/travis/build/icyphy/ptII/ptolemy/domains/sdf/test/auto/FixPoint.xml
----------------- Instantiating /home/travis/build/icyphy/ptII/ptolemy/domains/sdf/test/auto/FixPoint.xml
22 ms. Memory: 146944K Free: 85544K (58%)
----------------- Invoking toplevel() on ptolemy.moml.MoMLSimpleApplication@2e96f40e
----------------- Done invoking toplevel() on ptolemy.moml.MoMLSimpleApplication@2e96f40e
reloadAllAccessors: .FixPoint
----------------- testing Tue May 22 18:28:52 UTC 2018 /home/travis/build/icyphy/ptII/ptolemy/domains/sdf/test/auto/Gravitation.xml
----------------- Instantiating /home/travis/build/icyphy/ptII/ptolemy/domains/sdf/test/auto/Gravitation.xml
3215 ms. Memory: 209920K Free: 180035K (86%)
----------------- Invoking toplevel() on ptolemy.moml.MoMLSimpleApplication@4cb73307
----------------- Done invoking toplevel() on ptolemy.moml.MoMLSimpleApplication@4cb73307
reloadAllAccessors: .Gravitation
----------------- testing Tue May 22 18:28:56 UTC 2018 /home/travis/build/icyphy/ptII/ptolemy/domains/sdf/test/auto/GravitationWithCollisionDetection.xml
----------------- Instantiating /home/travis/build/icyphy/ptII/ptolemy/domains/sdf/test/auto/GravitationWithCollisionDetection.xml
7380 ms. Memory: 444416K Free: 155249K (35%)
----------------- Invoking toplevel() on ptolemy.moml.MoMLSimpleApplication@28e59164
----------------- Done invoking toplevel() on ptolemy.moml.MoMLSimpleApplication@28e59164
reloadAllAccessors: .GravitationWithCollisionDetection
----------------- testing Tue May 22 18:29:03 UTC 2018 /home/travis/build/icyphy/ptII/ptolemy/domains/sdf/test/auto/HDF.xml
----------------- Instantiating /home/travis/build/icyphy/ptII/ptolemy/domains/sdf/test/auto/HDF.xml
37 ms. Memory: 444416K Free: 130270K (29%)
----------------- Invoking toplevel() on ptolemy.moml.MoMLSimpleApplication@25db9aef
----------------- Done invoking toplevel() on ptolemy.moml.MoMLSimpleApplication@25db9aef
reloadAllAccessors: .HDF
----------------- testing Tue May 22 18:29:04 UTC 2018 /home/travis/build/icyphy/ptII/ptolemy/domains/sdf/test/auto/HDFwithTransientStates.xml
----------------- Instantiating /home/travis/build/icyphy/ptII/ptolemy/domains/sdf/test/auto/HDFwithTransientStates.xml
31 ms. Memory: 444416K Free: 105239K (24%)
----------------- Invoking toplevel() on ptolemy.moml.MoMLSimpleApplication@5176357e
----------------- Done invoking toplevel() on ptolemy.moml.MoMLSimpleApplication@5176357e
reloadAllAccessors: .HDFwithTransientStates
----------------- testing Tue May 22 18:29:04 UTC 2018 /home/travis/build/icyphy/ptII/ptolemy/domains/sdf/test/auto/HTVQ.xml
----------------- Instantiating /home/travis/build/icyphy/ptII/ptolemy/domains/sdf/test/auto/HTVQ.xml
898 ms. Memory: 427008K Free: 274572K (64%)
----------------- Invoking toplevel() on ptolemy.moml.MoMLSimpleApplication@606d39fd
----------------- Done invoking toplevel() on ptolemy.moml.MoMLSimpleApplication@606d39fd
reloadAllAccessors: .HTVQ
----------------- testing Tue May 22 18:29:05 UTC 2018 /home/travis/build/icyphy/ptII/ptolemy/domains/sdf/test/auto/InferInitProduction.xml
----------------- Instantiating /home/travis/build/icyphy/ptII/ptolemy/domains/sdf/test/auto/InferInitProduction.xml
8 ms. Memory: 427008K Free: 264948K (62%)
----------------- Invoking toplevel() on ptolemy.moml.MoMLSimpleApplication@262b1430
----------------- Done invoking toplevel() on ptolemy.moml.MoMLSimpleApplication@262b1430
reloadAllAccessors: .InferInitProduction
----------------- testing Tue May 22 18:29:05 UTC 2018 /home/travis/build/icyphy/ptII/ptolemy/domains/sdf/test/auto/InferInitProductionDeeper.xml
----------------- Instantiating /home/travis/build/icyphy/ptII/ptolemy/domains/sdf/test/auto/InferInitProductionDeeper.xml
6 ms. Memory: 427008K Free: 258133K (60%)
----------------- Invoking toplevel() on ptolemy.moml.MoMLSimpleApplication@69e20f8b
----------------- Done invoking toplevel() on ptolemy.moml.MoMLSimpleApplication@69e20f8b
reloadAllAccessors: .InferInitProductionDeeper
----------------- testing Tue May 22 18:29:05 UTC 2018 /home/travis/build/icyphy/ptII/ptolemy/domains/sdf/test/auto/LMSAdaptive.xml
----------------- Instantiating /home/travis/build/icyphy/ptII/ptolemy/domains/sdf/test/auto/LMSAdaptive.xml
19 ms. Memory: 427008K Free: 246784K (58%)
----------------- Invoking toplevel() on ptolemy.moml.MoMLSimpleApplication@2c89ab76
----------------- Done invoking toplevel() on ptolemy.moml.MoMLSimpleApplication@2c89ab76
reloadAllAccessors: .LMSAdaptive
----------------- testing Tue May 22 18:29:05 UTC 2018 /home/travis/build/icyphy/ptII/ptolemy/domains/sdf/test/auto/LogisticMap.xml
----------------- Instantiating /home/travis/build/icyphy/ptII/ptolemy/domains/sdf/test/auto/LogisticMap.xml
446 ms. Memory: 427008K Free: 238944K (56%)
----------------- Invoking toplevel() on ptolemy.moml.MoMLSimpleApplication@6014582d
----------------- Done invoking toplevel() on ptolemy.moml.MoMLSimpleApplication@6014582d
reloadAllAccessors: .LogisticMap
----------------- testing Tue May 22 18:29:05 UTC 2018 /home/travis/build/icyphy/ptII/ptolemy/domains/sdf/test/auto/MaximumEntropySpectrum.xml
----------------- Instantiating /home/travis/build/icyphy/ptII/ptolemy/domains/sdf/test/auto/MaximumEntropySpectrum.xml
91 ms. Memory: 427008K Free: 170673K (40%)
----------------- Invoking toplevel() on ptolemy.moml.MoMLSimpleApplication@698ca93d
----------------- Done invoking toplevel() on ptolemy.moml.MoMLSimpleApplication@698ca93d
reloadAllAccessors: .MaximumEntropySpectrum
----------------- testing Tue May 22 18:29:06 UTC 2018 /home/travis/build/icyphy/ptII/ptolemy/domains/sdf/test/auto/MultirateSDF.xml
----------------- Instantiating /home/travis/build/icyphy/ptII/ptolemy/domains/sdf/test/auto/MultirateSDF.xml
25 ms. Memory: 427008K Free: 152525K (36%)
----------------- Invoking toplevel() on ptolemy.moml.MoMLSimpleApplication@1ff8f141
----------------- Done invoking toplevel() on ptolemy.moml.MoMLSimpleApplication@1ff8f141
reloadAllAccessors: .MultirateSDF
----------------- testing Tue May 22 18:29:06 UTC 2018 /home/travis/build/icyphy/ptII/ptolemy/domains/sdf/test/auto/MultirateSDFwithTransientStates.xml
----------------- Instantiating /home/travis/build/icyphy/ptII/ptolemy/domains/sdf/test/auto/MultirateSDFwithTransientStates.xml
27 ms. Memory: 427008K Free: 128748K (30%)
----------------- Invoking toplevel() on ptolemy.moml.MoMLSimpleApplication@699ccb15
----------------- Done invoking toplevel() on ptolemy.moml.MoMLSimpleApplication@699ccb15
reloadAllAccessors: .MultirateSDFwithTransientStates
----------------- testing Tue May 22 18:29:06 UTC 2018 /home/travis/build/icyphy/ptII/ptolemy/domains/sdf/test/auto/NoisySinewave.xml
----------------- Instantiating /home/travis/build/icyphy/ptII/ptolemy/domains/sdf/test/auto/NoisySinewave.xml
23 ms. Memory: 427008K Free: 110568K (26%)
----------------- Invoking toplevel() on ptolemy.moml.MoMLSimpleApplication@13d47a33
----------------- Done invoking toplevel() on ptolemy.moml.MoMLSimpleApplication@13d47a33
reloadAllAccessors: .NoisySinewave
----------------- testing Tue May 22 18:29:06 UTC 2018 /home/travis/build/icyphy/ptII/ptolemy/domains/sdf/test/auto/Objects.xml
----------------- Instantiating /home/travis/build/icyphy/ptII/ptolemy/domains/sdf/test/auto/Objects.xml
11 ms. Memory: 427008K Free: 99227K (23%)
----------------- Invoking toplevel() on ptolemy.moml.MoMLSimpleApplication@67b46972
----------------- Done invoking toplevel() on ptolemy.moml.MoMLSimpleApplication@67b46972
reloadAllAccessors: .Objects
----------------- testing Tue May 22 18:29:06 UTC 2018 /home/travis/build/icyphy/ptII/ptolemy/domains/sdf/test/auto/OrthogonalCom.xml
----------------- Instantiating /home/travis/build/icyphy/ptII/ptolemy/domains/sdf/test/auto/OrthogonalCom.xml
7 ms. Memory: 427008K Free: 89121K (21%)
----------------- Invoking toplevel() on ptolemy.moml.MoMLSimpleApplication@3a7e7efe
----------------- Done invoking toplevel() on ptolemy.moml.MoMLSimpleApplication@3a7e7efe
reloadAllAccessors: .OrthogonalCom
----------------- testing Tue May 22 18:29:06 UTC 2018 /home/travis/build/icyphy/ptII/ptolemy/domains/sdf/test/auto/RijndaelEncryption.xml
----------------- Instantiating /home/travis/build/icyphy/ptII/ptolemy/domains/sdf/test/auto/RijndaelEncryption.xml
380 ms. Memory: 408064K Free: 249287K (61%)
----------------- Invoking toplevel() on ptolemy.moml.MoMLSimpleApplication@4362338a
----------------- Done invoking toplevel() on ptolemy.moml.MoMLSimpleApplication@4362338a
reloadAllAccessors: .RijndaelEncryption
----------------- testing Tue May 22 18:29:07 UTC 2018 /home/travis/build/icyphy/ptII/ptolemy/domains/sdf/test/auto/SDFEmptyIterations.xml
----------------- Instantiating /home/travis/build/icyphy/ptII/ptolemy/domains/sdf/test/auto/SDFEmptyIterations.xml
7 ms. Memory: 408064K Free: 242106K (59%)
----------------- Invoking toplevel() on ptolemy.moml.MoMLSimpleApplication@31ab4efd
----------------- Done invoking toplevel() on ptolemy.moml.MoMLSimpleApplication@31ab4efd
reloadAllAccessors: .SDFEmptyIterations
----------------- testing Tue May 22 18:29:07 UTC 2018 /home/travis/build/icyphy/ptII/ptolemy/domains/sdf/test/auto/Spectrum.xml
----------------- Instantiating /home/travis/build/icyphy/ptII/ptolemy/domains/sdf/test/auto/Spectrum.xml
43 ms. Memory: 408064K Free: 211713K (52%)
----------------- Invoking toplevel() on ptolemy.moml.MoMLSimpleApplication@14b38711
----------------- Done invoking toplevel() on ptolemy.moml.MoMLSimpleApplication@14b38711
reloadAllAccessors: .Spectrum
----------------- testing Tue May 22 18:29:07 UTC 2018 /home/travis/build/icyphy/ptII/ptolemy/domains/sdf/test/auto/de_inside_sdf.xml
----------------- Instantiating /home/travis/build/icyphy/ptII/ptolemy/domains/sdf/test/auto/de_inside_sdf.xml
10 ms. Memory: 408064K Free: 204539K (50%)
----------------- Invoking toplevel() on ptolemy.moml.MoMLSimpleApplication@52ebbc5a
----------------- Done invoking toplevel() on ptolemy.moml.MoMLSimpleApplication@52ebbc5a
reloadAllAccessors: .de_inside_sdf
----------------- testing Tue May 22 18:29:07 UTC 2018 /home/travis/build/icyphy/ptII/ptolemy/domains/sdf/test/auto/disconnectedHierarchicalSDF.xml
----------------- Instantiating /home/travis/build/icyphy/ptII/ptolemy/domains/sdf/test/auto/disconnectedHierarchicalSDF.xml
6 ms. Memory: 408064K Free: 195867K (48%)
----------------- Invoking toplevel() on ptolemy.moml.MoMLSimpleApplication@4a151494
----------------- Done invoking toplevel() on ptolemy.moml.MoMLSimpleApplication@4a151494
reloadAllAccessors: .disconnectedHierarchicalSDF
----------------- testing Tue May 22 18:29:07 UTC 2018 /home/travis/build/icyphy/ptII/ptolemy/domains/sdf/test/auto/disconnectedSDF.xml
----------------- Instantiating /home/travis/build/icyphy/ptII/ptolemy/domains/sdf/test/auto/disconnectedSDF.xml
3 ms. Memory: 408064K Free: 188694K (46%)
----------------- Invoking toplevel() on ptolemy.moml.MoMLSimpleApplication@426167ac
----------------- Done invoking toplevel() on ptolemy.moml.MoMLSimpleApplication@426167ac
reloadAllAccessors: .disconnectedSDF
----------------- testing Tue May 22 18:29:07 UTC 2018 /home/travis/build/icyphy/ptII/ptolemy/domains/sdf/test/auto/emptyRefinement.xml
----------------- Instantiating /home/travis/build/icyphy/ptII/ptolemy/domains/sdf/test/auto/emptyRefinement.xml
9 ms. Memory: 408064K Free: 182186K (45%)
----------------- Invoking toplevel() on ptolemy.moml.MoMLSimpleApplication@398de2a
----------------- Done invoking toplevel() on ptolemy.moml.MoMLSimpleApplication@398de2a
reloadAllAccessors: .emptyRefinement
----------------- testing Tue May 22 18:29:07 UTC 2018 /home/travis/build/icyphy/ptII/ptolemy/domains/sdf/test/auto/filePortParameter.xml
----------------- Instantiating /home/travis/build/icyphy/ptII/ptolemy/domains/sdf/test/auto/filePortParameter.xml
13 ms. Memory: 408064K Free: 172840K (42%)
----------------- Invoking toplevel() on ptolemy.moml.MoMLSimpleApplication@47d8cd15
----------------- Done invoking toplevel() on ptolemy.moml.MoMLSimpleApplication@47d8cd15
reloadAllAccessors: .filePortParameter
----------------- testing Tue May 22 18:29:07 UTC 2018 /home/travis/build/icyphy/ptII/ptolemy/domains/sdf/test/auto/inferRelationWidth1.xml
----------------- Instantiating /home/travis/build/icyphy/ptII/ptolemy/domains/sdf/test/auto/inferRelationWidth1.xml
3 ms. Memory: 408064K Free: 166340K (41%)
----------------- Invoking toplevel() on ptolemy.moml.MoMLSimpleApplication@5d4de87b
----------------- Done invoking toplevel() on ptolemy.moml.MoMLSimpleApplication@5d4de87b
reloadAllAccessors: .inferRelationWidth1
----------------- testing Tue May 22 18:29:07 UTC 2018 /home/travis/build/icyphy/ptII/ptolemy/domains/sdf/test/auto/initProductionInference.xml
----------------- Instantiating /home/travis/build/icyphy/ptII/ptolemy/domains/sdf/test/auto/initProductionInference.xml
7 ms. Memory: 408064K Free: 159167K (39%)
----------------- Invoking toplevel() on ptolemy.moml.MoMLSimpleApplication@31571ad1
----------------- Done invoking toplevel() on ptolemy.moml.MoMLSimpleApplication@31571ad1
reloadAllAccessors: .initProductionInference
----------------- testing Tue May 22 18:29:07 UTC 2018 /home/travis/build/icyphy/ptII/ptolemy/domains/sdf/test/auto/relationGroup.xml
----------------- Instantiating /home/travis/build/icyphy/ptII/ptolemy/domains/sdf/test/auto/relationGroup.xml
2 ms. Memory: 408064K Free: 154839K (38%)
----------------- Invoking toplevel() on ptolemy.moml.MoMLSimpleApplication@11a921ec
----------------- Done invoking toplevel() on ptolemy.moml.MoMLSimpleApplication@11a921ec
reloadAllAccessors: .relationGroup
----------------- testing Tue May 22 18:29:07 UTC 2018 /home/travis/build/icyphy/ptII/ptolemy/domains/sdf/test/auto/relationGroup10.xml
----------------- Instantiating /home/travis/build/icyphy/ptII/ptolemy/domains/sdf/test/auto/relationGroup10.xml
2 ms. Memory: 408064K Free: 147658K (36%)
----------------- Invoking toplevel() on ptolemy.moml.MoMLSimpleApplication@1a2a3e05
----------------- Done invoking toplevel() on ptolemy.moml.MoMLSimpleApplication@1a2a3e05
reloadAllAccessors: .relationGroup10
----------------- testing Tue May 22 18:29:07 UTC 2018 /home/travis/build/icyphy/ptII/ptolemy/domains/sdf/test/auto/relationGroup11.xml
----------------- Instantiating /home/travis/build/icyphy/ptII/ptolemy/domains/sdf/test/auto/relationGroup11.xml
3 ms. Memory: 408064K Free: 141149K (35%)
----------------- Invoking toplevel() on ptolemy.moml.MoMLSimpleApplication@2c34b73d
----------------- Done invoking toplevel() on ptolemy.moml.MoMLSimpleApplication@2c34b73d
reloadAllAccessors: .relationGroup11
----------------- testing Tue May 22 18:29:07 UTC 2018 /home/travis/build/icyphy/ptII/ptolemy/domains/sdf/test/auto/relationGroup12.xml
----------------- Instantiating /home/travis/build/icyphy/ptII/ptolemy/domains/sdf/test/auto/relationGroup12.xml
3 ms. Memory: 408064K Free: 133968K (33%)
----------------- Invoking toplevel() on ptolemy.moml.MoMLSimpleApplication@7e5bdd38
----------------- Done invoking toplevel() on ptolemy.moml.MoMLSimpleApplication@7e5bdd38
reloadAllAccessors: .relationGroup12
----------------- testing Tue May 22 18:29:07 UTC 2018 /home/travis/build/icyphy/ptII/ptolemy/domains/sdf/test/auto/relationGroup13.xml
----------------- Instantiating /home/travis/build/icyphy/ptII/ptolemy/domains/sdf/test/auto/relationGroup13.xml
9 ms. Memory: 408064K Free: 126802K (31%)
----------------- Invoking toplevel() on ptolemy.moml.MoMLSimpleApplication@47ffaea1
----------------- Done invoking toplevel() on ptolemy.moml.MoMLSimpleApplication@47ffaea1
reloadAllAccessors: .relationGroup13
----------------- testing Tue May 22 18:29:07 UTC 2018 /home/travis/build/icyphy/ptII/ptolemy/domains/sdf/test/auto/relationGroup14.xml
----------------- Instantiating /home/travis/build/icyphy/ptII/ptolemy/domains/sdf/test/auto/relationGroup14.xml
4 ms. Memory: 408064K Free: 120310K (29%)
----------------- Invoking toplevel() on ptolemy.moml.MoMLSimpleApplication@414d9754
----------------- Done invoking toplevel() on ptolemy.moml.MoMLSimpleApplication@414d9754
reloadAllAccessors: .relationGroup14
----------------- testing Tue May 22 18:29:07 UTC 2018 /home/travis/build/icyphy/ptII/ptolemy/domains/sdf/test/auto/relationGroup15.xml
----------------- Instantiating /home/travis/build/icyphy/ptII/ptolemy/domains/sdf/test/auto/relationGroup15.xml
3 ms. Memory: 408064K Free: 113136K (28%)
----------------- Invoking toplevel() on ptolemy.moml.MoMLSimpleApplication@86034eb
----------------- Done invoking toplevel() on ptolemy.moml.MoMLSimpleApplication@86034eb
reloadAllAccessors: .relationGroup15
----------------- testing Tue May 22 18:29:07 UTC 2018 /home/travis/build/icyphy/ptII/ptolemy/domains/sdf/test/auto/relationGroup2.xml
----------------- Instantiating /home/travis/build/icyphy/ptII/ptolemy/domains/sdf/test/auto/relationGroup2.xml
2 ms. Memory: 408064K Free: 108808K (27%)
----------------- Invoking toplevel() on ptolemy.moml.MoMLSimpleApplication@50551096
----------------- Done invoking toplevel() on ptolemy.moml.MoMLSimpleApplication@50551096
reloadAllAccessors: .relationGroup2
----------------- testing Tue May 22 18:29:08 UTC 2018 /home/travis/build/icyphy/ptII/ptolemy/domains/sdf/test/auto/relationGroup3.xml
----------------- Instantiating /home/travis/build/icyphy/ptII/ptolemy/domains/sdf/test/auto/relationGroup3.xml
10 ms. Memory: 408064K Free: 103807K (25%)
----------------- Invoking toplevel() on ptolemy.moml.MoMLSimpleApplication@5da1922f
----------------- Done invoking toplevel() on ptolemy.moml.MoMLSimpleApplication@5da1922f
reloadAllAccessors: .relationGroup3
----------------- testing Tue May 22 18:29:08 UTC 2018 /home/travis/build/icyphy/ptII/ptolemy/domains/sdf/test/auto/relationGroup4.xml
----------------- Instantiating /home/travis/build/icyphy/ptII/ptolemy/domains/sdf/test/auto/relationGroup4.xml
6 ms. Memory: 408064K Free: 97299K (24%)
----------------- Invoking toplevel() on ptolemy.moml.MoMLSimpleApplication@cd2e93
----------------- Done invoking toplevel() on ptolemy.moml.MoMLSimpleApplication@cd2e93
reloadAllAccessors: .relationGroup4
----------------- testing Tue May 22 18:29:08 UTC 2018 /home/travis/build/icyphy/ptII/ptolemy/domains/sdf/test/auto/relationGroup5.xml
----------------- Instantiating /home/travis/build/icyphy/ptII/ptolemy/domains/sdf/test/auto/relationGroup5.xml
7 ms. Memory: 408064K Free: 90118K (22%)
----------------- Invoking toplevel() on ptolemy.moml.MoMLSimpleApplication@39598640
----------------- Done invoking toplevel() on ptolemy.moml.MoMLSimpleApplication@39598640
reloadAllAccessors: .relationGroup5
----------------- testing Tue May 22 18:29:08 UTC 2018 /home/travis/build/icyphy/ptII/ptolemy/domains/sdf/test/auto/relationGroup6.xml
----------------- Instantiating /home/travis/build/icyphy/ptII/ptolemy/domains/sdf/test/auto/relationGroup6.xml
5 ms. Memory: 408064K Free: 83617K (20%)
----------------- Invoking toplevel() on ptolemy.moml.MoMLSimpleApplication@23ce43ec
----------------- Done invoking toplevel() on ptolemy.moml.MoMLSimpleApplication@23ce43ec
reloadAllAccessors: .relationGroup6
----------------- testing Tue May 22 18:29:08 UTC 2018 /home/travis/build/icyphy/ptII/ptolemy/domains/sdf/test/auto/relationGroup7.xml
----------------- Instantiating /home/travis/build/icyphy/ptII/ptolemy/domains/sdf/test/auto/relationGroup7.xml
2 ms. Memory: 408064K Free: 78616K (19%)
----------------- Invoking toplevel() on ptolemy.moml.MoMLSimpleApplication@647b9e63
----------------- Done invoking toplevel() on ptolemy.moml.MoMLSimpleApplication@647b9e63
reloadAllAccessors: .relationGroup7
----------------- testing Tue May 22 18:29:08 UTC 2018 /home/travis/build/icyphy/ptII/ptolemy/domains/sdf/test/auto/relationGroup8.xml
----------------- Instantiating /home/travis/build/icyphy/ptII/ptolemy/domains/sdf/test/auto/relationGroup8.xml
2 ms. Memory: 408064K Free: 74288K (18%)
----------------- Invoking toplevel() on ptolemy.moml.MoMLSimpleApplication@277489e1
----------------- Done invoking toplevel() on ptolemy.moml.MoMLSimpleApplication@277489e1
reloadAllAccessors: .relationGroup8
----------------- testing Tue May 22 18:29:08 UTC 2018 /home/travis/build/icyphy/ptII/ptolemy/domains/sdf/test/auto/relationGroup9.xml
----------------- Instantiating /home/travis/build/icyphy/ptII/ptolemy/domains/sdf/test/auto/relationGroup9.xml
8 ms. Memory: 408064K Free: 67123K (16%)
----------------- Invoking toplevel() on ptolemy.moml.MoMLSimpleApplication@5da680cc
----------------- Done invoking toplevel() on ptolemy.moml.MoMLSimpleApplication@5da680cc
reloadAllAccessors: .relationGroup9
----------------- testing Tue May 22 18:29:08 UTC 2018 /home/travis/build/icyphy/ptII/ptolemy/domains/sdf/test/auto/sdf_inside_de.xml
----------------- Instantiating /home/travis/build/icyphy/ptII/ptolemy/domains/sdf/test/auto/sdf_inside_de.xml
22 ms. Memory: 393728K Free: 364798K (93%)
----------------- Invoking toplevel() on ptolemy.moml.MoMLSimpleApplication@5929320a
----------------- Done invoking toplevel() on ptolemy.moml.MoMLSimpleApplication@5929320a
reloadAllAccessors: .sdf_inside_de
----------------- testing Tue May 22 18:29:08 UTC 2018 /home/travis/build/icyphy/ptII/ptolemy/domains/sdf/test/auto/sdf_inside_pn.xml
----------------- Instantiating /home/travis/build/icyphy/ptII/ptolemy/domains/sdf/test/auto/sdf_inside_pn.xml
48 ms. Memory: 393728K Free: 345706K (88%)
----------------- Invoking toplevel() on ptolemy.moml.MoMLSimpleApplication@3d57da4e
----------------- Done invoking toplevel() on ptolemy.moml.MoMLSimpleApplication@3d57da4e
reloadAllAccessors: .sdf_inside_pn
----------------- testing Tue May 22 18:29:08 UTC 2018 /home/travis/build/icyphy/ptII/ptolemy/domains/sdf/test/auto/sdf_sdf1.xml
----------------- Instantiating /home/travis/build/icyphy/ptII/ptolemy/domains/sdf/test/auto/sdf_sdf1.xml
5 ms. Memory: 393728K Free: 336956K (86%)
----------------- Invoking toplevel() on ptolemy.moml.MoMLSimpleApplication@544d70d0
----------------- Done invoking toplevel() on ptolemy.moml.MoMLSimpleApplication@544d70d0
reloadAllAccessors: .sdf_sdf1
----------------- testing Tue May 22 18:29:08 UTC 2018 /home/travis/build/icyphy/ptII/ptolemy/domains/sdf/test/auto/test1.xml
----------------- Instantiating /home/travis/build/icyphy/ptII/ptolemy/domains/sdf/test/auto/test1.xml
3 ms. Memory: 393728K Free: 330276K (84%)
----------------- Invoking toplevel() on ptolemy.moml.MoMLSimpleApplication@30dffca4
----------------- Done invoking toplevel() on ptolemy.moml.MoMLSimpleApplication@30dffca4
reloadAllAccessors: .test1
----------------- testing Tue May 22 18:29:08 UTC 2018 /home/travis/build/icyphy/ptII/ptolemy/domains/sdf/test/auto/time1.xml
----------------- Instantiating /home/travis/build/icyphy/ptII/ptolemy/domains/sdf/test/auto/time1.xml
2 ms. Memory: 393728K Free: 323595K (82%)
----------------- Invoking toplevel() on ptolemy.moml.MoMLSimpleApplication@54a45ed9
----------------- Done invoking toplevel() on ptolemy.moml.MoMLSimpleApplication@54a45ed9
reloadAllAccessors: .time1
----------------- testing Tue May 22 18:29:08 UTC 2018 /home/travis/build/icyphy/ptII/ptolemy/domains/sdf/test/auto/time2.xml
----------------- Instantiating /home/travis/build/icyphy/ptII/ptolemy/domains/sdf/test/auto/time2.xml
4 ms. Memory: 393728K Free: 317374K (81%)
----------------- Invoking toplevel() on ptolemy.moml.MoMLSimpleApplication@45cc6900
----------------- Done invoking toplevel() on ptolemy.moml.MoMLSimpleApplication@45cc6900
reloadAllAccessors: .time2
----------------- testing Tue May 22 18:29:08 UTC 2018 /home/travis/build/icyphy/ptII/ptolemy/domains/sdf/test/auto/time3.xml
----------------- Instantiating /home/travis/build/icyphy/ptII/ptolemy/domains/sdf/test/auto/time3.xml
11 ms. Memory: 393728K Free: 310693K (79%)
----------------- Invoking toplevel() on ptolemy.moml.MoMLSimpleApplication@5de466c1
----------------- Done invoking toplevel() on ptolemy.moml.MoMLSimpleApplication@5de466c1
reloadAllAccessors: .time3
----------------- testing Tue May 22 18:29:08 UTC 2018 /home/travis/build/icyphy/ptII/ptolemy/domains/sdf/test/auto/time4.xml
----------------- Instantiating /home/travis/build/icyphy/ptII/ptolemy/domains/sdf/test/auto/time4.xml
8 ms. Memory: 393728K Free: 301912K (77%)
----------------- Invoking toplevel() on ptolemy.moml.MoMLSimpleApplication@32d4d595
----------------- Done invoking toplevel() on ptolemy.moml.MoMLSimpleApplication@32d4d595
reloadAllAccessors: .time4
----------------- testing Tue May 22 18:29:08 UTC 2018 /home/travis/build/icyphy/ptII/ptolemy/domains/sdf/test/auto/time5.xml
----------------- Instantiating /home/travis/build/icyphy/ptII/ptolemy/domains/sdf/test/auto/time5.xml
4003 ms. Memory: 393728K Free: 295216K (75%)
----------------- Invoking toplevel() on ptolemy.moml.MoMLSimpleApplication@2cb28485
----------------- Done invoking toplevel() on ptolemy.moml.MoMLSimpleApplication@2cb28485
reloadAllAccessors: .time5
----------------- testing Tue May 22 18:29:12 UTC 2018 /home/travis/build/icyphy/ptII/ptolemy/domains/sdf/test/auto/typeSystem_Const_Integer_smallest_Type.xml
----------------- Instantiating /home/travis/build/icyphy/ptII/ptolemy/domains/sdf/test/auto/typeSystem_Const_Integer_smallest_Type.xml
7 ms. Memory: 393728K Free: 288994K (73%)
----------------- Invoking toplevel() on ptolemy.moml.MoMLSimpleApplication@309ee6f6
----------------- Done invoking toplevel() on ptolemy.moml.MoMLSimpleApplication@309ee6f6
reloadAllAccessors: .typeSystem_Const_Integer_smallest_Type
----------------- testing Tue May 22 18:29:12 UTC 2018 /home/travis/build/icyphy/ptII/ptolemy/domains/sdf/test/auto/typeSystem_declared_Inports_OutportTypeException.xml
----------------- Instantiating /home/travis/build/icyphy/ptII/ptolemy/domains/sdf/test/auto/typeSystem_declared_Inports_OutportTypeException.xml
.typeSystem_declared_Inports_OutportTypeException.TestExceptionAttribute: initialize() was not invoked, but wrapup() was.  This is unusual, but not always a problem.  For example, exporting JNLP will do this.
3 ms. Memory: 393728K Free: 282306K (72%)
----------------- Invoking toplevel() on ptolemy.moml.MoMLSimpleApplication@27b771f
----------------- Done invoking toplevel() on ptolemy.moml.MoMLSimpleApplication@27b771f
reloadAllAccessors: .typeSystem_declared_Inports_OutportTypeException
----------------- testing Tue May 22 18:29:12 UTC 2018 /home/travis/build/icyphy/ptII/ptolemy/domains/sdf/test/auto/typeSystem_oneDeclaredInportType_wrongTypeOutport.xml
----------------- Instantiating /home/travis/build/icyphy/ptII/ptolemy/domains/sdf/test/auto/typeSystem_oneDeclaredInportType_wrongTypeOutport.xml
4 ms. Memory: 393728K Free: 275625K (70%)
----------------- Invoking toplevel() on ptolemy.moml.MoMLSimpleApplication@67f6bf97
----------------- Done invoking toplevel() on ptolemy.moml.MoMLSimpleApplication@67f6bf97
reloadAllAccessors: .typeSystem_oneDeclaredInportType_wrongTypeOutport
----------------- testing Tue May 22 18:29:12 UTC 2018 /home/travis/build/icyphy/ptII/ptolemy/domains/sdf/test/auto/width.xml
----------------- Instantiating /home/travis/build/icyphy/ptII/ptolemy/domains/sdf/test/auto/width.xml
2 ms. Memory: 393728K Free: 268937K (68%)
----------------- Invoking toplevel() on ptolemy.moml.MoMLSimpleApplication@ed56036
----------------- Done invoking toplevel() on ptolemy.moml.MoMLSimpleApplication@ed56036
reloadAllAccessors: .width
----------------- testing Tue May 22 18:29:12 UTC 2018 /home/travis/build/icyphy/ptII/ptolemy/domains/sdf/test/auto/width2.xml
----------------- Instantiating /home/travis/build/icyphy/ptII/ptolemy/domains/sdf/test/auto/width2.xml
30 ms. Memory: 393728K Free: 262240K (67%)
----------------- Invoking toplevel() on ptolemy.moml.MoMLSimpleApplication@7931c4ce
----------------- Done invoking toplevel() on ptolemy.moml.MoMLSimpleApplication@7931c4ce
reloadAllAccessors: .width2
----------------- testing Tue May 22 18:29:12 UTC 2018 /home/travis/build/icyphy/ptII/ptolemy/domains/sdf/test/auto/width3.xml
----------------- Instantiating /home/travis/build/icyphy/ptII/ptolemy/domains/sdf/test/auto/width3.xml
31 ms. Memory: 393728K Free: 256019K (65%)
----------------- Invoking toplevel() on ptolemy.moml.MoMLSimpleApplication@3a87e8af
----------------- Done invoking toplevel() on ptolemy.moml.MoMLSimpleApplication@3a87e8af
reloadAllAccessors: .width3
AutoTests.java: About to close Vertx.
AutoTests.java: Vertx closed.
]]></system-out>
  <system-err><![CDATA[java.lang.RuntimeException: Execution failed
	at ptolemy.moml.MoMLSimpleApplication$UnloadThread.run(MoMLSimpleApplication.java:402)
Caused by: ptolemy.actor.sched.NotSchedulableException: No solution exists for the balance equations.
Graph is not consistent under the SDF domain detected on external port .rateConsistency.actor.port2
  in .rateConsistency.SDF Director.Scheduler
	at ptolemy.domains.sdf.kernel.SDFScheduler._propagatePort(SDFScheduler.java:1425)
	at ptolemy.domains.sdf.kernel.SDFScheduler._solveBalanceEquations(SDFScheduler.java:710)
	at ptolemy.domains.sdf.kernel.SDFScheduler._getSchedule(SDFScheduler.java:566)
	at ptolemy.actor.sched.Scheduler.getSchedule(Scheduler.java:189)
	at ptolemy.domains.sdf.kernel.SDFDirector.createSchedule(SDFDirector.java:408)
	at ptolemy.domains.sdf.kernel.SDFDirector.preinitialize(SDFDirector.java:764)
	at ptolemy.actor.CompositeActor.preinitialize(CompositeActor.java:1828)
	at ptolemy.actor.Manager.preinitializeAndResolveTypes(Manager.java:1040)
	at ptolemy.actor.Manager.initialize(Manager.java:710)
	at ptolemy.actor.Manager.execute(Manager.java:356)
	at ptolemy.actor.Manager.run(Manager.java:1263)
	at ptolemy.actor.Manager$PtolemyRunThread.run(Manager.java:1915)
java.lang.RuntimeException: Execution failed
	at ptolemy.moml.MoMLSimpleApplication$UnloadThread.run(MoMLSimpleApplication.java:402)
Caused by: ptolemy.kernel.util.IllegalActionException: Failed to compute schedule:
  in .badRateChanges.typed composite actor.SDF Director
Because:
The SDF rate parameter may change. This is not allowed in SDF models that will be run through the code generator.  If you don't care about code generation, then you might consider setting the allowRateChanges parameter of the SDF director to false.
  in .badRateChanges.typed composite actor.Repeat.output.tokenProductionRate
	at ptolemy.domains.sdf.kernel.SDFDirector.createSchedule(SDFDirector.java:418)
	at ptolemy.domains.sdf.kernel.SDFDirector.preinitialize(SDFDirector.java:764)
	at ptolemy.actor.CompositeActor.preinitialize(CompositeActor.java:1828)
	at ptolemy.actor.Director.preinitialize(Director.java:1302)
	at ptolemy.actor.Director.preinitialize(Director.java:1257)
	at ptolemy.domains.sdf.kernel.SDFDirector.preinitialize(SDFDirector.java:763)
	at ptolemy.actor.CompositeActor.preinitialize(CompositeActor.java:1828)
	at ptolemy.actor.Manager.preinitializeAndResolveTypes(Manager.java:1040)
	at ptolemy.actor.Manager.initialize(Manager.java:710)
	at ptolemy.actor.Manager.execute(Manager.java:356)
	at ptolemy.actor.Manager.run(Manager.java:1263)
	at ptolemy.actor.Manager$PtolemyRunThread.run(Manager.java:1915)
Caused by: ptolemy.kernel.util.IllegalActionException: The SDF rate parameter may change. This is not allowed in SDF models that will be run through the code generator.  If you don't care about code generation, then you might consider setting the allowRateChanges parameter of the SDF director to false.
  in .badRateChanges.typed composite actor.Repeat.output.tokenProductionRate
	at ptolemy.domains.sdf.kernel.SDFScheduler._assertDynamicRateVariable(SDFScheduler.java:931)
	at ptolemy.domains.sdf.kernel.SDFScheduler._checkDynamicRateVariables(SDFScheduler.java:339)
	at ptolemy.domains.sdf.kernel.SDFScheduler._getSchedule(SDFScheduler.java:527)
	at ptolemy.actor.sched.Scheduler.getSchedule(Scheduler.java:189)
	at ptolemy.domains.sdf.kernel.SDFDirector.createSchedule(SDFDirector.java:408)
	... 11 more
java.lang.RuntimeException: Execution failed
	at ptolemy.moml.MoMLSimpleApplication$UnloadThread.run(MoMLSimpleApplication.java:402)
Caused by: ptolemy.kernel.util.IllegalActionException: Failed to compute schedule:
  in .badRateChanges2.typed composite actor.SDF Director
Because:
The SDF rate parameter may change. This is not allowed in SDF models that will be run through the code generator.  If you don't care about code generation, then you might consider setting the allowRateChanges parameter of the SDF director to false.
  in .badRateChanges2.typed composite actor.Repeat.output.tokenProductionRate
	at ptolemy.domains.sdf.kernel.SDFDirector.createSchedule(SDFDirector.java:418)
	at ptolemy.domains.sdf.kernel.SDFDirector.preinitialize(SDFDirector.java:764)
	at ptolemy.actor.CompositeActor.preinitialize(CompositeActor.java:1828)
	at ptolemy.actor.Director.preinitialize(Director.java:1302)
	at ptolemy.actor.Director.preinitialize(Director.java:1257)
	at ptolemy.domains.sdf.kernel.SDFDirector.preinitialize(SDFDirector.java:763)
	at ptolemy.actor.CompositeActor.preinitialize(CompositeActor.java:1828)
	at ptolemy.actor.Manager.preinitializeAndResolveTypes(Manager.java:1040)
	at ptolemy.actor.Manager.initialize(Manager.java:710)
	at ptolemy.actor.Manager.execute(Manager.java:356)
	at ptolemy.actor.Manager.run(Manager.java:1263)
	at ptolemy.actor.Manager$PtolemyRunThread.run(Manager.java:1915)
Caused by: ptolemy.kernel.util.IllegalActionException: The SDF rate parameter may change. This is not allowed in SDF models that will be run through the code generator.  If you don't care about code generation, then you might consider setting the allowRateChanges parameter of the SDF director to false.
  in .badRateChanges2.typed composite actor.Repeat.output.tokenProductionRate
	at ptolemy.domains.sdf.kernel.SDFScheduler._assertDynamicRateVariable(SDFScheduler.java:931)
	at ptolemy.domains.sdf.kernel.SDFScheduler._checkDynamicRateVariables(SDFScheduler.java:339)
	at ptolemy.domains.sdf.kernel.SDFScheduler._getSchedule(SDFScheduler.java:527)
	at ptolemy.actor.sched.Scheduler.getSchedule(Scheduler.java:189)
	at ptolemy.domains.sdf.kernel.SDFDirector.createSchedule(SDFDirector.java:408)
	... 11 more
java.lang.RuntimeException: Execution failed
	at ptolemy.moml.MoMLSimpleApplication$UnloadThread.run(MoMLSimpleApplication.java:402)
Caused by: ptolemy.actor.sched.NotSchedulableException: Actors remain that cannot be scheduled!

There are several possible reasons:
* SDF Graphs with feedback loops should have an actor with a delay in the loop, such as a SampleDelay.
* The SDF director has an "allowDisconnectedGraphs"parameter, which, when true, permits disconnected SDF graphs.
* The token consumption rate and production rates might be mismatched.
Usually, actors produce one token or consume one token on a port.  To produce or consume multiple tokens per firing, add a "tokenConsumptionRate" or "tokenProductionRate" parameter to the appropriate port.
Unscheduled actors:
.partiallyConnected.Const2 
Scheduled actors:
.partiallyConnected.Const 
  in .partiallyConnected.SDF Director.Scheduler
	at ptolemy.domains.sdf.kernel.SDFScheduler._scheduleConnectedActors(SDFScheduler.java:1828)
	at ptolemy.domains.sdf.kernel.SDFScheduler._getSchedule(SDFScheduler.java:587)
	at ptolemy.actor.sched.Scheduler.getSchedule(Scheduler.java:189)
	at ptolemy.domains.sdf.kernel.SDFDirector.createSchedule(SDFDirector.java:408)
	at ptolemy.domains.sdf.kernel.SDFDirector.preinitialize(SDFDirector.java:764)
	at ptolemy.actor.CompositeActor.preinitialize(CompositeActor.java:1828)
	at ptolemy.actor.Manager.preinitializeAndResolveTypes(Manager.java:1040)
	at ptolemy.actor.Manager.initialize(Manager.java:710)
	at ptolemy.actor.Manager.execute(Manager.java:356)
	at ptolemy.actor.Manager.run(Manager.java:1263)
	at ptolemy.actor.Manager$PtolemyRunThread.run(Manager.java:1915)
]]></system-err>
</testsuite>
