<?xml version="1.0" encoding="UTF-8" ?>
<testsuite errors="0" failures="0" hostname="travis-job-1713b162-f83d-45d4-8e2d-0aa9be505c35" name="ptolemy.domains.modal.test.junit.JUnitTclTest" skipped="0" tests="148" time="11.635" timestamp="2018-05-26T01:20:08">
  <properties>
[...]
</properties>
  <testcase classname="ptolemy.util.test.junit.TclTests" name="[0] /home/travis/build/icyphy/ptII/ptolemy/domains/modal/test/SystemLevelType.tcl (RunTclFile)" time="2.117" />
  <testcase classname="ptolemy.util.test.junit.AutoKnownFailedTests" name="[0] /home/travis/build/icyphy/ptII/ptolemy/domains/modal/test/auto/knownFailedTests/CannotAnalysisWithPreemption.xml (RunModel)" time="0.132" />
  <testcase classname="ptolemy.util.test.junit.AutoNameArchTests" name="[0] ThereAreNoAutoTests (RunModel)" time="0.012" />
  <testcase classname="ptolemy.util.test.junit.AutoTests" name="[0] /home/travis/build/icyphy/ptII/ptolemy/domains/modal/test/auto/ABPTest.xml (RunModel)" time="0.789" />
  <testcase classname="ptolemy.util.test.junit.AutoTests" name="[1] /home/travis/build/icyphy/ptII/ptolemy/domains/modal/test/auto/ABROFlat.xml (RunModel)" time="0.084" />
  <testcase classname="ptolemy.util.test.junit.AutoTests" name="[2] /home/travis/build/icyphy/ptII/ptolemy/domains/modal/test/auto/ABROFlat2.xml (RunModel)" time="0.122" />
  <testcase classname="ptolemy.util.test.junit.AutoTests" name="[3] /home/travis/build/icyphy/ptII/ptolemy/domains/modal/test/auto/ABRO_present_hmm.xml (RunModel)" time="0.175" />
  <testcase classname="ptolemy.util.test.junit.AutoTests" name="[4] /home/travis/build/icyphy/ptII/ptolemy/domains/modal/test/auto/AMICoderExample.xml (RunModel)" time="0.065" />
  <testcase classname="ptolemy.util.test.junit.AutoTests" name="[5] /home/travis/build/icyphy/ptII/ptolemy/domains/modal/test/auto/AbsentToPresent.xml (RunModel)" time="0.03" />
  <testcase classname="ptolemy.util.test.junit.AutoTests" name="[6] /home/travis/build/icyphy/ptII/ptolemy/domains/modal/test/auto/Blending.xml (RunModel)" time="0.315" />
  <testcase classname="ptolemy.util.test.junit.AutoTests" name="[7] /home/travis/build/icyphy/ptII/ptolemy/domains/modal/test/auto/Broadcast.xml (RunModel)" time="0.057" />
  <testcase classname="ptolemy.util.test.junit.AutoTests" name="[8] /home/travis/build/icyphy/ptII/ptolemy/domains/modal/test/auto/BroadcastHierarchy.xml (RunModel)" time="0.08" />
  <testcase classname="ptolemy.util.test.junit.AutoTests" name="[9] /home/travis/build/icyphy/ptII/ptolemy/domains/modal/test/auto/BroadcastHierarchy2.xml (RunModel)" time="0.149" />
  <testcase classname="ptolemy.util.test.junit.AutoTests" name="[10] /home/travis/build/icyphy/ptII/ptolemy/domains/modal/test/auto/BroadcastHierarchy3.xml (RunModel)" time="0.107" />
  <testcase classname="ptolemy.util.test.junit.AutoTests" name="[11] /home/travis/build/icyphy/ptII/ptolemy/domains/modal/test/auto/BroadcastHierarchy4.xml (RunModel)" time="0.142" />
  <testcase classname="ptolemy.util.test.junit.AutoTests" name="[12] /home/travis/build/icyphy/ptII/ptolemy/domains/modal/test/auto/CannotAnalysisWithPreemption2.xml (RunModel)" time="0.041" />
  <testcase classname="ptolemy.util.test.junit.AutoTests" name="[13] /home/travis/build/icyphy/ptII/ptolemy/domains/modal/test/auto/CannotAnalysisWithPreemption3.xml (RunModel)" time="0.062" />
  <testcase classname="ptolemy.util.test.junit.AutoTests" name="[14] /home/travis/build/icyphy/ptII/ptolemy/domains/modal/test/auto/CannotProduce.xml (RunModel)" time="0.039" />
  <testcase classname="ptolemy.util.test.junit.AutoTests" name="[15] /home/travis/build/icyphy/ptII/ptolemy/domains/modal/test/auto/CannotProduceModal.xml (RunModel)" time="0.035" />
  <testcase classname="ptolemy.util.test.junit.AutoTests" name="[16] /home/travis/build/icyphy/ptII/ptolemy/domains/modal/test/auto/Case.xml (RunModel)" time="0.079" />
  <testcase classname="ptolemy.util.test.junit.AutoTests" name="[17] /home/travis/build/icyphy/ptII/ptolemy/domains/modal/test/auto/Case1.xml (RunModel)" time="0.042" />
  <testcase classname="ptolemy.util.test.junit.AutoTests" name="[18] /home/travis/build/icyphy/ptII/ptolemy/domains/modal/test/auto/Case2.xml (RunModel)" time="0.051" />
  <testcase classname="ptolemy.util.test.junit.AutoTests" name="[19] /home/travis/build/icyphy/ptII/ptolemy/domains/modal/test/auto/CausalityInterface1.xml (RunModel)" time="0.032" />
  <testcase classname="ptolemy.util.test.junit.AutoTests" name="[20] /home/travis/build/icyphy/ptII/ptolemy/domains/modal/test/auto/CausalityInterface10.xml (RunModel)" time="0.066" />
  <testcase classname="ptolemy.util.test.junit.AutoTests" name="[21] /home/travis/build/icyphy/ptII/ptolemy/domains/modal/test/auto/CausalityInterface11.xml (RunModel)" time="0.061" />
  <testcase classname="ptolemy.util.test.junit.AutoTests" name="[22] /home/travis/build/icyphy/ptII/ptolemy/domains/modal/test/auto/CausalityInterface12.xml (RunModel)" time="0.056" />
  <testcase classname="ptolemy.util.test.junit.AutoTests" name="[23] /home/travis/build/icyphy/ptII/ptolemy/domains/modal/test/auto/CausalityInterface13.xml (RunModel)" time="0.064" />
  <testcase classname="ptolemy.util.test.junit.AutoTests" name="[24] /home/travis/build/icyphy/ptII/ptolemy/domains/modal/test/auto/CausalityInterface14.xml (RunModel)" time="0.059" />
  <testcase classname="ptolemy.util.test.junit.AutoTests" name="[25] /home/travis/build/icyphy/ptII/ptolemy/domains/modal/test/auto/CausalityInterface2.xml (RunModel)" time="0.035" />
  <testcase classname="ptolemy.util.test.junit.AutoTests" name="[26] /home/travis/build/icyphy/ptII/ptolemy/domains/modal/test/auto/CausalityInterface3.xml (RunModel)" time="0.029" />
  <testcase classname="ptolemy.util.test.junit.AutoTests" name="[27] /home/travis/build/icyphy/ptII/ptolemy/domains/modal/test/auto/CausalityInterface4.xml (RunModel)" time="0.029" />
  <testcase classname="ptolemy.util.test.junit.AutoTests" name="[28] /home/travis/build/icyphy/ptII/ptolemy/domains/modal/test/auto/CausalityInterface5.xml (RunModel)" time="0.035" />
  <testcase classname="ptolemy.util.test.junit.AutoTests" name="[29] /home/travis/build/icyphy/ptII/ptolemy/domains/modal/test/auto/CausalityInterface6.xml (RunModel)" time="0.035" />
  <testcase classname="ptolemy.util.test.junit.AutoTests" name="[30] /home/travis/build/icyphy/ptII/ptolemy/domains/modal/test/auto/CausalityInterface7.xml (RunModel)" time="0.052" />
  <testcase classname="ptolemy.util.test.junit.AutoTests" name="[31] /home/travis/build/icyphy/ptII/ptolemy/domains/modal/test/auto/CausalityInterface8.xml (RunModel)" time="0.034" />
  <testcase classname="ptolemy.util.test.junit.AutoTests" name="[32] /home/travis/build/icyphy/ptII/ptolemy/domains/modal/test/auto/CausalityInterface9.xml (RunModel)" time="0.038" />
  <testcase classname="ptolemy.util.test.junit.AutoTests" name="[33] /home/travis/build/icyphy/ptII/ptolemy/domains/modal/test/auto/ChainedTransitions.xml (RunModel)" time="0.166" />
  <testcase classname="ptolemy.util.test.junit.AutoTests" name="[34] /home/travis/build/icyphy/ptII/ptolemy/domains/modal/test/auto/CycleOfImmediateTransitionsFSM.xml (RunModel)" time="0.024" />
  <testcase classname="ptolemy.util.test.junit.AutoTests" name="[35] /home/travis/build/icyphy/ptII/ptolemy/domains/modal/test/auto/CycleOfImmediateTransitionsModal.xml (RunModel)" time="0.026" />
  <testcase classname="ptolemy.util.test.junit.AutoTests" name="[36] /home/travis/build/icyphy/ptII/ptolemy/domains/modal/test/auto/CycleOfImmediateTransitionsModal2.xml (RunModel)" time="0.03" />
  <testcase classname="ptolemy.util.test.junit.AutoTests" name="[37] /home/travis/build/icyphy/ptII/ptolemy/domains/modal/test/auto/CycleOfImmediateTransitionsModal3.xml (RunModel)" time="0.097" />
  <testcase classname="ptolemy.util.test.junit.AutoTests" name="[38] /home/travis/build/icyphy/ptII/ptolemy/domains/modal/test/auto/DeepModal1.xml (RunModel)" time="0.055" />
  <testcase classname="ptolemy.util.test.junit.AutoTests" name="[39] /home/travis/build/icyphy/ptII/ptolemy/domains/modal/test/auto/DeepModal2.xml (RunModel)" time="0.105" />
  <testcase classname="ptolemy.util.test.junit.AutoTests" name="[40] /home/travis/build/icyphy/ptII/ptolemy/domains/modal/test/auto/DeepModal3.xml (RunModel)" time="0.096" />
  <testcase classname="ptolemy.util.test.junit.AutoTests" name="[41] /home/travis/build/icyphy/ptII/ptolemy/domains/modal/test/auto/DeepModal4.xml (RunModel)" time="0.082" />
  <testcase classname="ptolemy.util.test.junit.AutoTests" name="[42] /home/travis/build/icyphy/ptII/ptolemy/domains/modal/test/auto/Default1.xml (RunModel)" time="0.019" />
  <testcase classname="ptolemy.util.test.junit.AutoTests" name="[43] /home/travis/build/icyphy/ptII/ptolemy/domains/modal/test/auto/Default2.xml (RunModel)" time="0.019" />
  <testcase classname="ptolemy.util.test.junit.AutoTests" name="[44] /home/travis/build/icyphy/ptII/ptolemy/domains/modal/test/auto/Default3.xml (RunModel)" time="0.018" />
  <testcase classname="ptolemy.util.test.junit.AutoTests" name="[45] /home/travis/build/icyphy/ptII/ptolemy/domains/modal/test/auto/Default4.xml (RunModel)" time="0.017" />
  <testcase classname="ptolemy.util.test.junit.AutoTests" name="[46] /home/travis/build/icyphy/ptII/ptolemy/domains/modal/test/auto/Default5.xml (RunModel)" time="0.031" />
  <testcase classname="ptolemy.util.test.junit.AutoTests" name="[47] /home/travis/build/icyphy/ptII/ptolemy/domains/modal/test/auto/EmptyGuard.xml (RunModel)" time="0.026" />
  <testcase classname="ptolemy.util.test.junit.AutoTests" name="[48] /home/travis/build/icyphy/ptII/ptolemy/domains/modal/test/auto/ErrorTransition1.xml (RunModel)" time="0.035" />
  <testcase classname="ptolemy.util.test.junit.AutoTests" name="[49] /home/travis/build/icyphy/ptII/ptolemy/domains/modal/test/auto/ErrorTransition10.xml (RunModel)" time="0.044" />
  <testcase classname="ptolemy.util.test.junit.AutoTests" name="[50] /home/travis/build/icyphy/ptII/ptolemy/domains/modal/test/auto/ErrorTransition11.xml (RunModel)" time="0.044" />
  <testcase classname="ptolemy.util.test.junit.AutoTests" name="[51] /home/travis/build/icyphy/ptII/ptolemy/domains/modal/test/auto/ErrorTransition2.xml (RunModel)" time="0.027" />
  <testcase classname="ptolemy.util.test.junit.AutoTests" name="[52] /home/travis/build/icyphy/ptII/ptolemy/domains/modal/test/auto/ErrorTransition3.xml (RunModel)" time="0.037" />
  <testcase classname="ptolemy.util.test.junit.AutoTests" name="[53] /home/travis/build/icyphy/ptII/ptolemy/domains/modal/test/auto/ErrorTransition4.xml (RunModel)" time="0.039" />
  <testcase classname="ptolemy.util.test.junit.AutoTests" name="[54] /home/travis/build/icyphy/ptII/ptolemy/domains/modal/test/auto/ErrorTransition5.xml (RunModel)" time="0.035" />
  <testcase classname="ptolemy.util.test.junit.AutoTests" name="[55] /home/travis/build/icyphy/ptII/ptolemy/domains/modal/test/auto/ErrorTransition6.xml (RunModel)" time="0.034" />
  <testcase classname="ptolemy.util.test.junit.AutoTests" name="[56] /home/travis/build/icyphy/ptII/ptolemy/domains/modal/test/auto/ErrorTransition7.xml (RunModel)" time="0.043" />
  <testcase classname="ptolemy.util.test.junit.AutoTests" name="[57] /home/travis/build/icyphy/ptII/ptolemy/domains/modal/test/auto/ErrorTransition8.xml (RunModel)" time="0.079" />
  <testcase classname="ptolemy.util.test.junit.AutoTests" name="[58] /home/travis/build/icyphy/ptII/ptolemy/domains/modal/test/auto/ErrorTransition9.xml (RunModel)" time="0.053" />
  <testcase classname="ptolemy.util.test.junit.AutoTests" name="[59] /home/travis/build/icyphy/ptII/ptolemy/domains/modal/test/auto/ExtendedFSM.xml (RunModel)" time="0.029" />
  <testcase classname="ptolemy.util.test.junit.AutoTests" name="[60] /home/travis/build/icyphy/ptII/ptolemy/domains/modal/test/auto/FinalStates.xml (RunModel)" time="0.028" />
  <testcase classname="ptolemy.util.test.junit.AutoTests" name="[61] /home/travis/build/icyphy/ptII/ptolemy/domains/modal/test/auto/FixedPointFSM.xml (RunModel)" time="0.051" />
  <testcase classname="ptolemy.util.test.junit.AutoTests" name="[62] /home/travis/build/icyphy/ptII/ptolemy/domains/modal/test/auto/FixedPointIterationFSMActor.xml (RunModel)" time="0.038" />
  <testcase classname="ptolemy.util.test.junit.AutoTests" name="[63] /home/travis/build/icyphy/ptII/ptolemy/domains/modal/test/auto/FixedPointIterationFSMActor2.xml (RunModel)" time="0.042" />
  <testcase classname="ptolemy.util.test.junit.AutoTests" name="[64] /home/travis/build/icyphy/ptII/ptolemy/domains/modal/test/auto/ForbiddenInstantanousLoop.xml (RunModel)" time="0.035" />
  <testcase classname="ptolemy.util.test.junit.AutoTests" name="[65] /home/travis/build/icyphy/ptII/ptolemy/domains/modal/test/auto/FunctionDependencyOfFSMActorTest.xml (RunModel)" time="0.032" />
  <testcase classname="ptolemy.util.test.junit.AutoTests" name="[66] /home/travis/build/icyphy/ptII/ptolemy/domains/modal/test/auto/GuardExpression.xml (RunModel)" time="0.017" />
  <testcase classname="ptolemy.util.test.junit.AutoTests" name="[67] /home/travis/build/icyphy/ptII/ptolemy/domains/modal/test/auto/GuardNotEvaluated.xml (RunModel)" time="0.031" />
  <testcase classname="ptolemy.util.test.junit.AutoTests" name="[68] /home/travis/build/icyphy/ptII/ptolemy/domains/modal/test/auto/GuardNotEvaluated2.xml (RunModel)" time="0.039" />
  <testcase classname="ptolemy.util.test.junit.AutoTests" name="[69] /home/travis/build/icyphy/ptII/ptolemy/domains/modal/test/auto/GuardOnAbsent.xml (RunModel)" time="0.024" />
  <testcase classname="ptolemy.util.test.junit.AutoTests" name="[70] /home/travis/build/icyphy/ptII/ptolemy/domains/modal/test/auto/HierarchicalFSMTypeInference.xml (RunModel)" time="0.03" />
  <testcase classname="ptolemy.util.test.junit.AutoTests" name="[71] /home/travis/build/icyphy/ptII/ptolemy/domains/modal/test/auto/Hysteresis.xml (RunModel)" time="0.044" />
  <testcase classname="ptolemy.util.test.junit.AutoTests" name="[72] /home/travis/build/icyphy/ptII/ptolemy/domains/modal/test/auto/HysteresisWithDefault.xml (RunModel)" time="0.077" />
  <testcase classname="ptolemy.util.test.junit.AutoTests" name="[73] /home/travis/build/icyphy/ptII/ptolemy/domains/modal/test/auto/HysteresisWithDefault2.xml (RunModel)" time="0.084" />
  <testcase classname="ptolemy.util.test.junit.AutoTests" name="[74] /home/travis/build/icyphy/ptII/ptolemy/domains/modal/test/auto/ImmediateNonConstructiveness.xml (RunModel)" time="0.021" />
  <testcase classname="ptolemy.util.test.junit.AutoTests" name="[75] /home/travis/build/icyphy/ptII/ptolemy/domains/modal/test/auto/ImmediateNonConstructiveness2.xml (RunModel)" time="0.019" />
  <testcase classname="ptolemy.util.test.junit.AutoTests" name="[76] /home/travis/build/icyphy/ptII/ptolemy/domains/modal/test/auto/ImmediateTransitionReset.xml (RunModel)" time="0.043" />
  <testcase classname="ptolemy.util.test.junit.AutoTests" name="[77] /home/travis/build/icyphy/ptII/ptolemy/domains/modal/test/auto/ImmediateTransitions1.xml (RunModel)" time="0.014" />
  <testcase classname="ptolemy.util.test.junit.AutoTests" name="[78] /home/travis/build/icyphy/ptII/ptolemy/domains/modal/test/auto/ImmediateTransitionsInstantaneousCommunication.xml (RunModel)" time="0.036" />
  <testcase classname="ptolemy.util.test.junit.AutoTests" name="[79] /home/travis/build/icyphy/ptII/ptolemy/domains/modal/test/auto/InitialImmediateTransition.xml (RunModel)" time="0.02" />
  <testcase classname="ptolemy.util.test.junit.AutoTests" name="[80] /home/travis/build/icyphy/ptII/ptolemy/domains/modal/test/auto/InitialOutputs.xml (RunModel)" time="0.018" />
  <testcase classname="ptolemy.util.test.junit.AutoTests" name="[81] /home/travis/build/icyphy/ptII/ptolemy/domains/modal/test/auto/InitialStateTransition1.xml (RunModel)" time="0.024" />
  <testcase classname="ptolemy.util.test.junit.AutoTests" name="[82] /home/travis/build/icyphy/ptII/ptolemy/domains/modal/test/auto/InitialStateTransition2.xml (RunModel)" time="0.026" />
  <testcase classname="ptolemy.util.test.junit.AutoTests" name="[83] /home/travis/build/icyphy/ptII/ptolemy/domains/modal/test/auto/InitialStateTransition3.xml (RunModel)" time="0.027" />
  <testcase classname="ptolemy.util.test.junit.AutoTests" name="[84] /home/travis/build/icyphy/ptII/ptolemy/domains/modal/test/auto/InitialStateTransition4.xml (RunModel)" time="0.055" />
  <testcase classname="ptolemy.util.test.junit.AutoTests" name="[85] /home/travis/build/icyphy/ptII/ptolemy/domains/modal/test/auto/MalformedGuardExpressionNotCaught.xml (RunModel)" time="0.029" />
  <testcase classname="ptolemy.util.test.junit.AutoTests" name="[86] /home/travis/build/icyphy/ptII/ptolemy/domains/modal/test/auto/ModalBSC.xml (RunModel)" time="0.101" />
  <testcase classname="ptolemy.util.test.junit.AutoTests" name="[87] /home/travis/build/icyphy/ptII/ptolemy/domains/modal/test/auto/ModalClocks.xml (RunModel)" time="0.106" />
  <testcase classname="ptolemy.util.test.junit.AutoTests" name="[88] /home/travis/build/icyphy/ptII/ptolemy/domains/modal/test/auto/ModalDelay.xml (RunModel)" time="0.057" />
  <testcase classname="ptolemy.util.test.junit.AutoTests" name="[89] /home/travis/build/icyphy/ptII/ptolemy/domains/modal/test/auto/ModalDelay2.xml (RunModel)" time="0.046" />
  <testcase classname="ptolemy.util.test.junit.AutoTests" name="[90] /home/travis/build/icyphy/ptII/ptolemy/domains/modal/test/auto/ModalModelFromMemo.xml (RunModel)" time="0.069" />
  <testcase classname="ptolemy.util.test.junit.AutoTests" name="[91] /home/travis/build/icyphy/ptII/ptolemy/domains/modal/test/auto/ModalModelWithMultirateTransient.xml (RunModel)" time="0.049" />
  <testcase classname="ptolemy.util.test.junit.AutoTests" name="[92] /home/travis/build/icyphy/ptII/ptolemy/domains/modal/test/auto/ModalModelWithReset.xml (RunModel)" time="0.041" />
  <testcase classname="ptolemy.util.test.junit.AutoTests" name="[93] /home/travis/build/icyphy/ptII/ptolemy/domains/modal/test/auto/MouseClickFSM.xml (RunModel)" time="0.046" />
  <testcase classname="ptolemy.util.test.junit.AutoTests" name="[94] /home/travis/build/icyphy/ptII/ptolemy/domains/modal/test/auto/MouseClickFSMModal.xml (RunModel)" time="0.037" />
  <testcase classname="ptolemy.util.test.junit.AutoTests" name="[95] /home/travis/build/icyphy/ptII/ptolemy/domains/modal/test/auto/NonStrictFSM_FeedbackLoop.xml (RunModel)" time="0.062" />
  <testcase classname="ptolemy.util.test.junit.AutoTests" name="[96] /home/travis/build/icyphy/ptII/ptolemy/domains/modal/test/auto/NonStrictFSM_FeedbackLoop_Refinement.xml (RunModel)" time="0.062" />
  <testcase classname="ptolemy.util.test.junit.AutoTests" name="[97] /home/travis/build/icyphy/ptII/ptolemy/domains/modal/test/auto/NonStrictFSM_FeedbackLoop_preemptive.xml (RunModel)" time="0.059" />
  <testcase classname="ptolemy.util.test.junit.AutoTests" name="[98] /home/travis/build/icyphy/ptII/ptolemy/domains/modal/test/auto/NormalTermination.xml (RunModel)" time="0.055" />
  <testcase classname="ptolemy.util.test.junit.AutoTests" name="[99] /home/travis/build/icyphy/ptII/ptolemy/domains/modal/test/auto/Pong.xml (RunModel)" time="0.063" />
  <testcase classname="ptolemy.util.test.junit.AutoTests" name="[100] /home/travis/build/icyphy/ptII/ptolemy/domains/modal/test/auto/Pong_test.xml (RunModel)" time="0.135" />
  <testcase classname="ptolemy.util.test.junit.AutoTests" name="[101] /home/travis/build/icyphy/ptII/ptolemy/domains/modal/test/auto/PreemptionHierarchy.xml (RunModel)" time="0.036" />
  <testcase classname="ptolemy.util.test.junit.AutoTests" name="[102] /home/travis/build/icyphy/ptII/ptolemy/domains/modal/test/auto/PreemptionHierarchy2.xml (RunModel)" time="0.04" />
  <testcase classname="ptolemy.util.test.junit.AutoTests" name="[103] /home/travis/build/icyphy/ptII/ptolemy/domains/modal/test/auto/PreemptiveTransition.xml (RunModel)" time="0.027" />
  <testcase classname="ptolemy.util.test.junit.AutoTests" name="[104] /home/travis/build/icyphy/ptII/ptolemy/domains/modal/test/auto/Priorities.xml (RunModel)" time="0.105" />
  <testcase classname="ptolemy.util.test.junit.AutoTests" name="[105] /home/travis/build/icyphy/ptII/ptolemy/domains/modal/test/auto/ResetFinal.xml (RunModel)" time="0.054" />
  <testcase classname="ptolemy.util.test.junit.AutoTests" name="[106] /home/travis/build/icyphy/ptII/ptolemy/domains/modal/test/auto/ResetFinal2.xml (RunModel)" time="0.039" />
  <testcase classname="ptolemy.util.test.junit.AutoTests" name="[107] /home/travis/build/icyphy/ptII/ptolemy/domains/modal/test/auto/ResetTransitionWithStartTime.xml (RunModel)" time="0.035" />
  <testcase classname="ptolemy.util.test.junit.AutoTests" name="[108] /home/travis/build/icyphy/ptII/ptolemy/domains/modal/test/auto/SDF-FSMComposite.xml (RunModel)" time="0.027" />
  <testcase classname="ptolemy.util.test.junit.AutoTests" name="[109] /home/travis/build/icyphy/ptII/ptolemy/domains/modal/test/auto/SeeminglyNondeterminate.xml (RunModel)" time="0.08" />
  <testcase classname="ptolemy.util.test.junit.AutoTests" name="[110] /home/travis/build/icyphy/ptII/ptolemy/domains/modal/test/auto/SeeminglyNondeterminate2.xml (RunModel)" time="0.094" />
  <testcase classname="ptolemy.util.test.junit.AutoTests" name="[111] /home/travis/build/icyphy/ptII/ptolemy/domains/modal/test/auto/SpontaneousFSM.xml (RunModel)" time="0.055" />
  <testcase classname="ptolemy.util.test.junit.AutoTests" name="[112] /home/travis/build/icyphy/ptII/ptolemy/domains/modal/test/auto/SpontaneousFSM2.xml (RunModel)" time="0.032" />
  <testcase classname="ptolemy.util.test.junit.AutoTests" name="[113] /home/travis/build/icyphy/ptII/ptolemy/domains/modal/test/auto/SpontaneousFSM3.xml (RunModel)" time="0.046" />
  <testcase classname="ptolemy.util.test.junit.AutoTests" name="[114] /home/travis/build/icyphy/ptII/ptolemy/domains/modal/test/auto/SpontaneousFSM4.xml (RunModel)" time="0.053" />
  <testcase classname="ptolemy.util.test.junit.AutoTests" name="[115] /home/travis/build/icyphy/ptII/ptolemy/domains/modal/test/auto/StateTrackerTest.xml (RunModel)" time="0.074" />
  <testcase classname="ptolemy.util.test.junit.AutoTests" name="[116] /home/travis/build/icyphy/ptII/ptolemy/domains/modal/test/auto/StrongImmediateTransition.xml (RunModel)" time="0.03" />
  <testcase classname="ptolemy.util.test.junit.AutoTests" name="[117] /home/travis/build/icyphy/ptII/ptolemy/domains/modal/test/auto/SustainHierarchy.xml (RunModel)" time="0.035" />
  <testcase classname="ptolemy.util.test.junit.AutoTests" name="[118] /home/travis/build/icyphy/ptII/ptolemy/domains/modal/test/auto/TerminationTransition1.xml (RunModel)" time="0.021" />
  <testcase classname="ptolemy.util.test.junit.AutoTests" name="[119] /home/travis/build/icyphy/ptII/ptolemy/domains/modal/test/auto/TerminationTransition2.xml (RunModel)" time="0.033" />
  <testcase classname="ptolemy.util.test.junit.AutoTests" name="[120] /home/travis/build/icyphy/ptII/ptolemy/domains/modal/test/auto/TerminationTransition3.xml (RunModel)" time="0.026" />
  <testcase classname="ptolemy.util.test.junit.AutoTests" name="[121] /home/travis/build/icyphy/ptII/ptolemy/domains/modal/test/auto/TerminationTransition4.xml (RunModel)" time="0.039" />
  <testcase classname="ptolemy.util.test.junit.AutoTests" name="[122] /home/travis/build/icyphy/ptII/ptolemy/domains/modal/test/auto/TerminationTransition5.xml (RunModel)" time="0.036" />
  <testcase classname="ptolemy.util.test.junit.AutoTests" name="[123] /home/travis/build/icyphy/ptII/ptolemy/domains/modal/test/auto/TerminationTransition6.xml (RunModel)" time="0.028" />
  <testcase classname="ptolemy.util.test.junit.AutoTests" name="[124] /home/travis/build/icyphy/ptII/ptolemy/domains/modal/test/auto/TerminationTransition7.xml (RunModel)" time="0.027" />
  <testcase classname="ptolemy.util.test.junit.AutoTests" name="[125] /home/travis/build/icyphy/ptII/ptolemy/domains/modal/test/auto/TerminationTransition8.xml (RunModel)" time="0.028" />
  <testcase classname="ptolemy.util.test.junit.AutoTests" name="[126] /home/travis/build/icyphy/ptII/ptolemy/domains/modal/test/auto/Thermostat_NoHysteresis.xml (RunModel)" time="0.077" />
  <testcase classname="ptolemy.util.test.junit.AutoTests" name="[127] /home/travis/build/icyphy/ptII/ptolemy/domains/modal/test/auto/TimedFSM.xml (RunModel)" time="0.039" />
  <testcase classname="ptolemy.util.test.junit.AutoTests" name="[128] /home/travis/build/icyphy/ptII/ptolemy/domains/modal/test/auto/Timeout1.xml (RunModel)" time="0.015" />
  <testcase classname="ptolemy.util.test.junit.AutoTests" name="[129] /home/travis/build/icyphy/ptII/ptolemy/domains/modal/test/auto/Timeout2.xml (RunModel)" time="0.024" />
  <testcase classname="ptolemy.util.test.junit.AutoTests" name="[130] /home/travis/build/icyphy/ptII/ptolemy/domains/modal/test/auto/Timeout3.xml (RunModel)" time="0.018" />
  <testcase classname="ptolemy.util.test.junit.AutoTests" name="[131] /home/travis/build/icyphy/ptII/ptolemy/domains/modal/test/auto/Timeout4.xml (RunModel)" time="0.016" />
  <testcase classname="ptolemy.util.test.junit.AutoTests" name="[132] /home/travis/build/icyphy/ptII/ptolemy/domains/modal/test/auto/TransientstateModelAdvanced.xml (RunModel)" time="0.031" />
  <testcase classname="ptolemy.util.test.junit.AutoTests" name="[133] /home/travis/build/icyphy/ptII/ptolemy/domains/modal/test/auto/TransientstateModelAdvanced2.xml (RunModel)" time="0.04" />
  <testcase classname="ptolemy.util.test.junit.AutoTests" name="[134] /home/travis/build/icyphy/ptII/ptolemy/domains/modal/test/auto/TransitionRefinements.xml (RunModel)" time="0.037" />
  <testcase classname="ptolemy.util.test.junit.AutoTests" name="[135] /home/travis/build/icyphy/ptII/ptolemy/domains/modal/test/auto/TwoRefinements1.xml (RunModel)" time="0.03" />
  <testcase classname="ptolemy.util.test.junit.AutoTests" name="[136] /home/travis/build/icyphy/ptII/ptolemy/domains/modal/test/auto/TwoRefinements2.xml (RunModel)" time="0.029" />
  <testcase classname="ptolemy.util.test.junit.AutoTests" name="[137] /home/travis/build/icyphy/ptII/ptolemy/domains/modal/test/auto/WeakImmediateTransition.xml (RunModel)" time="0.032" />
  <testcase classname="ptolemy.util.test.junit.AutoTests" name="[138] /home/travis/build/icyphy/ptII/ptolemy/domains/modal/test/auto/booleanSelect.xml (RunModel)" time="0.069" />
  <testcase classname="ptolemy.util.test.junit.AutoTests" name="[139] /home/travis/build/icyphy/ptII/ptolemy/domains/modal/test/auto/modalChangingParams.xml (RunModel)" time="0.321" />
  <testcase classname="ptolemy.util.test.junit.AutoTests" name="[140] /home/travis/build/icyphy/ptII/ptolemy/domains/modal/test/auto/modalModel.xml (RunModel)" time="0.039" />
  <testcase classname="ptolemy.util.test.junit.AutoTests" name="[141] /home/travis/build/icyphy/ptII/ptolemy/domains/modal/test/auto/modalModel2.xml (RunModel)" time="0.029" />
  <testcase classname="ptolemy.util.test.junit.AutoTests" name="[142] /home/travis/build/icyphy/ptII/ptolemy/domains/modal/test/auto/modalModel3.xml (RunModel)" time="0.048" />
  <testcase classname="ptolemy.util.test.junit.AutoTests" name="[143] /home/travis/build/icyphy/ptII/ptolemy/domains/modal/test/auto/model1.xml (RunModel)" time="0.024" />
  <testcase classname="ptolemy.util.test.junit.AutoTests" name="[144] /home/travis/build/icyphy/ptII/ptolemy/domains/modal/test/auto/test-direct-in-out.xml (RunModel)" time="0.025" />
  <system-out><![CDATA[/home/travis/build/icyphy/ptII/ptolemy/domains/modal/test/SystemLevelType.tcl
testDefs.tcl: setting time out to 9000 seconds at Sat May 26 01:20:08 UTC 2018
05/26/18 01:20:10
Failed: 0  Total Tests: 1  ((Passed: 1, Newly Passed: 0)  Known Failed: 0) /home/travis/build/icyphy/ptII/ptolemy/domains/modal/test
----------------- testing (KnownFailure) /home/travis/build/icyphy/ptII/ptolemy/domains/modal/test/auto/knownFailedTests/CannotAnalysisWithPreemption.xml
31 ms. Memory: 209408K Free: 129213K (62%)
Known Failure: java.lang.reflect.InvocationTargetException
No auto/*.xml tests in /home/travis/build/icyphy/ptII/ptolemy/domains/modal/test
AutoTests.java: About to close Vertx.
AutoTests.java: Vertx closed.
----------------- testing Sat May 26 01:20:11 UTC 2018 /home/travis/build/icyphy/ptII/ptolemy/domains/modal/test/auto/ABPTest.xml
----------------- Instantiating /home/travis/build/icyphy/ptII/ptolemy/domains/modal/test/auto/ABPTest.xml
358 ms. Memory: 209920K Free: 113541K (54%)
----------------- Invoking toplevel() on ptolemy.moml.MoMLSimpleApplication@4aa4d026
----------------- Done invoking toplevel() on ptolemy.moml.MoMLSimpleApplication@4aa4d026
reloadAllAccessors: .ABPTest
----------------- testing Sat May 26 01:20:11 UTC 2018 /home/travis/build/icyphy/ptII/ptolemy/domains/modal/test/auto/ABROFlat.xml
----------------- Instantiating /home/travis/build/icyphy/ptII/ptolemy/domains/modal/test/auto/ABROFlat.xml
26 ms. Memory: 209920K Free: 93334K (44%)
----------------- Invoking toplevel() on ptolemy.moml.MoMLSimpleApplication@5f28c4e9
----------------- Done invoking toplevel() on ptolemy.moml.MoMLSimpleApplication@5f28c4e9
reloadAllAccessors: .ABROFlat
----------------- testing Sat May 26 01:20:11 UTC 2018 /home/travis/build/icyphy/ptII/ptolemy/domains/modal/test/auto/ABROFlat2.xml
----------------- Instantiating /home/travis/build/icyphy/ptII/ptolemy/domains/modal/test/auto/ABROFlat2.xml
36 ms. Memory: 332800K Free: 321419K (97%)
----------------- Invoking toplevel() on ptolemy.moml.MoMLSimpleApplication@ee95fec
----------------- Done invoking toplevel() on ptolemy.moml.MoMLSimpleApplication@ee95fec
reloadAllAccessors: .ABROFlat2
----------------- testing Sat May 26 01:20:11 UTC 2018 /home/travis/build/icyphy/ptII/ptolemy/domains/modal/test/auto/ABRO_present_hmm.xml
----------------- Instantiating /home/travis/build/icyphy/ptII/ptolemy/domains/modal/test/auto/ABRO_present_hmm.xml
39 ms. Memory: 332800K Free: 285540K (86%)
----------------- Invoking toplevel() on ptolemy.moml.MoMLSimpleApplication@276761a1
----------------- Done invoking toplevel() on ptolemy.moml.MoMLSimpleApplication@276761a1
reloadAllAccessors: .ABRO_present_hmm
----------------- testing Sat May 26 01:20:12 UTC 2018 /home/travis/build/icyphy/ptII/ptolemy/domains/modal/test/auto/AMICoderExample.xml
----------------- Instantiating /home/travis/build/icyphy/ptII/ptolemy/domains/modal/test/auto/AMICoderExample.xml
29 ms. Memory: 332800K Free: 275678K (83%)
----------------- Invoking toplevel() on ptolemy.moml.MoMLSimpleApplication@6110c756
----------------- Done invoking toplevel() on ptolemy.moml.MoMLSimpleApplication@6110c756
reloadAllAccessors: .AMICoderExample
----------------- testing Sat May 26 01:20:12 UTC 2018 /home/travis/build/icyphy/ptII/ptolemy/domains/modal/test/auto/AbsentToPresent.xml
----------------- Instantiating /home/travis/build/icyphy/ptII/ptolemy/domains/modal/test/auto/AbsentToPresent.xml
5 ms. Memory: 332800K Free: 270767K (81%)
----------------- Invoking toplevel() on ptolemy.moml.MoMLSimpleApplication@17d18955
----------------- Done invoking toplevel() on ptolemy.moml.MoMLSimpleApplication@17d18955
reloadAllAccessors: .AbsentToPresent
----------------- testing Sat May 26 01:20:12 UTC 2018 /home/travis/build/icyphy/ptII/ptolemy/domains/modal/test/auto/Blending.xml
----------------- Instantiating /home/travis/build/icyphy/ptII/ptolemy/domains/modal/test/auto/Blending.xml
182 ms. Memory: 332800K Free: 217433K (65%)
----------------- Invoking toplevel() on ptolemy.moml.MoMLSimpleApplication@7d6c6140
----------------- Done invoking toplevel() on ptolemy.moml.MoMLSimpleApplication@7d6c6140
reloadAllAccessors: .Blending
----------------- testing Sat May 26 01:20:12 UTC 2018 /home/travis/build/icyphy/ptII/ptolemy/domains/modal/test/auto/Broadcast.xml
----------------- Instantiating /home/travis/build/icyphy/ptII/ptolemy/domains/modal/test/auto/Broadcast.xml
10 ms. Memory: 332800K Free: 205148K (62%)
----------------- Invoking toplevel() on ptolemy.moml.MoMLSimpleApplication@54c61207
----------------- Done invoking toplevel() on ptolemy.moml.MoMLSimpleApplication@54c61207
reloadAllAccessors: .Broadcast
----------------- testing Sat May 26 01:20:12 UTC 2018 /home/travis/build/icyphy/ptII/ptolemy/domains/modal/test/auto/BroadcastHierarchy.xml
----------------- Instantiating /home/travis/build/icyphy/ptII/ptolemy/domains/modal/test/auto/BroadcastHierarchy.xml
14 ms. Memory: 332800K Free: 186712K (56%)
----------------- Invoking toplevel() on ptolemy.moml.MoMLSimpleApplication@67e20278
----------------- Done invoking toplevel() on ptolemy.moml.MoMLSimpleApplication@67e20278
reloadAllAccessors: .BroadcastHierarchy
----------------- testing Sat May 26 01:20:12 UTC 2018 /home/travis/build/icyphy/ptII/ptolemy/domains/modal/test/auto/BroadcastHierarchy2.xml
----------------- Instantiating /home/travis/build/icyphy/ptII/ptolemy/domains/modal/test/auto/BroadcastHierarchy2.xml
32 ms. Memory: 332800K Free: 151072K (45%)
----------------- Invoking toplevel() on ptolemy.moml.MoMLSimpleApplication@60fd9b71
----------------- Done invoking toplevel() on ptolemy.moml.MoMLSimpleApplication@60fd9b71
reloadAllAccessors: .BroadcastHierarchy2
----------------- testing Sat May 26 01:20:12 UTC 2018 /home/travis/build/icyphy/ptII/ptolemy/domains/modal/test/auto/BroadcastHierarchy3.xml
----------------- Instantiating /home/travis/build/icyphy/ptII/ptolemy/domains/modal/test/auto/BroadcastHierarchy3.xml
20 ms. Memory: 332800K Free: 121205K (36%)
----------------- Invoking toplevel() on ptolemy.moml.MoMLSimpleApplication@672f3feb
----------------- Done invoking toplevel() on ptolemy.moml.MoMLSimpleApplication@672f3feb
reloadAllAccessors: .BroadcastHierarchy3
----------------- testing Sat May 26 01:20:12 UTC 2018 /home/travis/build/icyphy/ptII/ptolemy/domains/modal/test/auto/BroadcastHierarchy4.xml
----------------- Instantiating /home/travis/build/icyphy/ptII/ptolemy/domains/modal/test/auto/BroadcastHierarchy4.xml
23 ms. Memory: 332800K Free: 89203K (27%)
----------------- Invoking toplevel() on ptolemy.moml.MoMLSimpleApplication@2ef5c5ef
----------------- Done invoking toplevel() on ptolemy.moml.MoMLSimpleApplication@2ef5c5ef
reloadAllAccessors: .BroadcastHierarchy4
----------------- testing Sat May 26 01:20:13 UTC 2018 /home/travis/build/icyphy/ptII/ptolemy/domains/modal/test/auto/CannotAnalysisWithPreemption2.xml
----------------- Instantiating /home/travis/build/icyphy/ptII/ptolemy/domains/modal/test/auto/CannotAnalysisWithPreemption2.xml
5 ms. Memory: 332800K Free: 80589K (24%)
----------------- Invoking toplevel() on ptolemy.moml.MoMLSimpleApplication@50b8f100
----------------- Done invoking toplevel() on ptolemy.moml.MoMLSimpleApplication@50b8f100
reloadAllAccessors: .CannotAnalysisWithPreemption2
----------------- testing Sat May 26 01:20:13 UTC 2018 /home/travis/build/icyphy/ptII/ptolemy/domains/modal/test/auto/CannotAnalysisWithPreemption3.xml
----------------- Instantiating /home/travis/build/icyphy/ptII/ptolemy/domains/modal/test/auto/CannotAnalysisWithPreemption3.xml
4 ms. Memory: 332800K Free: 313175K (94%)
----------------- Invoking toplevel() on ptolemy.moml.MoMLSimpleApplication@461e6d33
----------------- Done invoking toplevel() on ptolemy.moml.MoMLSimpleApplication@461e6d33
reloadAllAccessors: .CannotAnalysisWithPreemption3
----------------- testing Sat May 26 01:20:13 UTC 2018 /home/travis/build/icyphy/ptII/ptolemy/domains/modal/test/auto/CannotProduce.xml
----------------- Instantiating /home/travis/build/icyphy/ptII/ptolemy/domains/modal/test/auto/CannotProduce.xml
11 ms. Memory: 332800K Free: 303926K (91%)
----------------- Invoking toplevel() on ptolemy.moml.MoMLSimpleApplication@5dc25637
----------------- Done invoking toplevel() on ptolemy.moml.MoMLSimpleApplication@5dc25637
reloadAllAccessors: .CannotProduce
----------------- testing Sat May 26 01:20:13 UTC 2018 /home/travis/build/icyphy/ptII/ptolemy/domains/modal/test/auto/CannotProduceModal.xml
----------------- Instantiating /home/travis/build/icyphy/ptII/ptolemy/domains/modal/test/auto/CannotProduceModal.xml
11 ms. Memory: 332800K Free: 295296K (89%)
----------------- Invoking toplevel() on ptolemy.moml.MoMLSimpleApplication@7f226245
----------------- Done invoking toplevel() on ptolemy.moml.MoMLSimpleApplication@7f226245
reloadAllAccessors: .CannotProduceModal
----------------- testing Sat May 26 01:20:13 UTC 2018 /home/travis/build/icyphy/ptII/ptolemy/domains/modal/test/auto/Case.xml
----------------- Instantiating /home/travis/build/icyphy/ptII/ptolemy/domains/modal/test/auto/Case.xml
32 ms. Memory: 332800K Free: 279880K (84%)
----------------- Invoking toplevel() on ptolemy.moml.MoMLSimpleApplication@3e3c802
----------------- Done invoking toplevel() on ptolemy.moml.MoMLSimpleApplication@3e3c802
reloadAllAccessors: .Case
----------------- testing Sat May 26 01:20:13 UTC 2018 /home/travis/build/icyphy/ptII/ptolemy/domains/modal/test/auto/Case1.xml
----------------- Instantiating /home/travis/build/icyphy/ptII/ptolemy/domains/modal/test/auto/Case1.xml
11 ms. Memory: 332800K Free: 271281K (82%)
----------------- Invoking toplevel() on ptolemy.moml.MoMLSimpleApplication@4adfc2b0
----------------- Done invoking toplevel() on ptolemy.moml.MoMLSimpleApplication@4adfc2b0
reloadAllAccessors: .Case1
----------------- testing Sat May 26 01:20:13 UTC 2018 /home/travis/build/icyphy/ptII/ptolemy/domains/modal/test/auto/Case2.xml
----------------- Instantiating /home/travis/build/icyphy/ptII/ptolemy/domains/modal/test/auto/Case2.xml
20 ms. Memory: 332800K Free: 258964K (78%)
----------------- Invoking toplevel() on ptolemy.moml.MoMLSimpleApplication@3d222230
----------------- Done invoking toplevel() on ptolemy.moml.MoMLSimpleApplication@3d222230
reloadAllAccessors: .Case2
----------------- testing Sat May 26 01:20:13 UTC 2018 /home/travis/build/icyphy/ptII/ptolemy/domains/modal/test/auto/CausalityInterface1.xml
----------------- Instantiating /home/travis/build/icyphy/ptII/ptolemy/domains/modal/test/auto/CausalityInterface1.xml
6 ms. Memory: 332800K Free: 250954K (75%)
----------------- Invoking toplevel() on ptolemy.moml.MoMLSimpleApplication@4e7d4da3
----------------- Done invoking toplevel() on ptolemy.moml.MoMLSimpleApplication@4e7d4da3
reloadAllAccessors: .CausalityInterface1
----------------- testing Sat May 26 01:20:13 UTC 2018 /home/travis/build/icyphy/ptII/ptolemy/domains/modal/test/auto/CausalityInterface10.xml
----------------- Instantiating /home/travis/build/icyphy/ptII/ptolemy/domains/modal/test/auto/CausalityInterface10.xml
14 ms. Memory: 332800K Free: 233773K (70%)
----------------- Invoking toplevel() on ptolemy.moml.MoMLSimpleApplication@270871fb
----------------- Done invoking toplevel() on ptolemy.moml.MoMLSimpleApplication@270871fb
reloadAllAccessors: .CausalityInterface10
----------------- testing Sat May 26 01:20:13 UTC 2018 /home/travis/build/icyphy/ptII/ptolemy/domains/modal/test/auto/CausalityInterface11.xml
----------------- Instantiating /home/travis/build/icyphy/ptII/ptolemy/domains/modal/test/auto/CausalityInterface11.xml
12 ms. Memory: 332800K Free: 215916K (65%)
----------------- Invoking toplevel() on ptolemy.moml.MoMLSimpleApplication@42161e9f
----------------- Done invoking toplevel() on ptolemy.moml.MoMLSimpleApplication@42161e9f
reloadAllAccessors: .CausalityInterface11
----------------- testing Sat May 26 01:20:13 UTC 2018 /home/travis/build/icyphy/ptII/ptolemy/domains/modal/test/auto/CausalityInterface12.xml
----------------- Instantiating /home/travis/build/icyphy/ptII/ptolemy/domains/modal/test/auto/CausalityInterface12.xml
7 ms. Memory: 332800K Free: 199944K (60%)
----------------- Invoking toplevel() on ptolemy.moml.MoMLSimpleApplication@72f6191a
----------------- Done invoking toplevel() on ptolemy.moml.MoMLSimpleApplication@72f6191a
reloadAllAccessors: .CausalityInterface12
----------------- testing Sat May 26 01:20:13 UTC 2018 /home/travis/build/icyphy/ptII/ptolemy/domains/modal/test/auto/CausalityInterface13.xml
----------------- Instantiating /home/travis/build/icyphy/ptII/ptolemy/domains/modal/test/auto/CausalityInterface13.xml
13 ms. Memory: 332800K Free: 182723K (55%)
----------------- Invoking toplevel() on ptolemy.moml.MoMLSimpleApplication@6ef385b0
----------------- Done invoking toplevel() on ptolemy.moml.MoMLSimpleApplication@6ef385b0
reloadAllAccessors: .CausalityInterface13
----------------- testing Sat May 26 01:20:13 UTC 2018 /home/travis/build/icyphy/ptII/ptolemy/domains/modal/test/auto/CausalityInterface14.xml
----------------- Instantiating /home/travis/build/icyphy/ptII/ptolemy/domains/modal/test/auto/CausalityInterface14.xml
13 ms. Memory: 332800K Free: 163620K (49%)
----------------- Invoking toplevel() on ptolemy.moml.MoMLSimpleApplication@4583ff23
----------------- Done invoking toplevel() on ptolemy.moml.MoMLSimpleApplication@4583ff23
reloadAllAccessors: .CausalityInterface14
----------------- testing Sat May 26 01:20:13 UTC 2018 /home/travis/build/icyphy/ptII/ptolemy/domains/modal/test/auto/CausalityInterface2.xml
----------------- Instantiating /home/travis/build/icyphy/ptII/ptolemy/domains/modal/test/auto/CausalityInterface2.xml
3 ms. Memory: 332800K Free: 156269K (47%)
----------------- Invoking toplevel() on ptolemy.moml.MoMLSimpleApplication@7a1e0807
----------------- Done invoking toplevel() on ptolemy.moml.MoMLSimpleApplication@7a1e0807
reloadAllAccessors: .CausalityInterface2
----------------- testing Sat May 26 01:20:13 UTC 2018 /home/travis/build/icyphy/ptII/ptolemy/domains/modal/test/auto/CausalityInterface3.xml
----------------- Instantiating /home/travis/build/icyphy/ptII/ptolemy/domains/modal/test/auto/CausalityInterface3.xml
4 ms. Memory: 332800K Free: 147027K (44%)
----------------- Invoking toplevel() on ptolemy.moml.MoMLSimpleApplication@3c42dbba
----------------- Done invoking toplevel() on ptolemy.moml.MoMLSimpleApplication@3c42dbba
reloadAllAccessors: .CausalityInterface3
----------------- testing Sat May 26 01:20:13 UTC 2018 /home/travis/build/icyphy/ptII/ptolemy/domains/modal/test/auto/CausalityInterface4.xml
----------------- Instantiating /home/travis/build/icyphy/ptII/ptolemy/domains/modal/test/auto/CausalityInterface4.xml
3 ms. Memory: 332800K Free: 139653K (42%)
----------------- Invoking toplevel() on ptolemy.moml.MoMLSimpleApplication@4c5099ac
----------------- Done invoking toplevel() on ptolemy.moml.MoMLSimpleApplication@4c5099ac
reloadAllAccessors: .CausalityInterface4
----------------- testing Sat May 26 01:20:13 UTC 2018 /home/travis/build/icyphy/ptII/ptolemy/domains/modal/test/auto/CausalityInterface5.xml
----------------- Instantiating /home/travis/build/icyphy/ptII/ptolemy/domains/modal/test/auto/CausalityInterface5.xml
6 ms. Memory: 332800K Free: 129823K (39%)
----------------- Invoking toplevel() on ptolemy.moml.MoMLSimpleApplication@13758085
----------------- Done invoking toplevel() on ptolemy.moml.MoMLSimpleApplication@13758085
reloadAllAccessors: .CausalityInterface5
----------------- testing Sat May 26 01:20:14 UTC 2018 /home/travis/build/icyphy/ptII/ptolemy/domains/modal/test/auto/CausalityInterface6.xml
----------------- Instantiating /home/travis/build/icyphy/ptII/ptolemy/domains/modal/test/auto/CausalityInterface6.xml
5 ms. Memory: 332800K Free: 118110K (35%)
----------------- Invoking toplevel() on ptolemy.moml.MoMLSimpleApplication@7525993d
----------------- Done invoking toplevel() on ptolemy.moml.MoMLSimpleApplication@7525993d
reloadAllAccessors: .CausalityInterface6
----------------- testing Sat May 26 01:20:14 UTC 2018 /home/travis/build/icyphy/ptII/ptolemy/domains/modal/test/auto/CausalityInterface7.xml
----------------- Instantiating /home/travis/build/icyphy/ptII/ptolemy/domains/modal/test/auto/CausalityInterface7.xml
7 ms. Memory: 332800K Free: 108264K (33%)
----------------- Invoking toplevel() on ptolemy.moml.MoMLSimpleApplication@5eff22ab
----------------- Done invoking toplevel() on ptolemy.moml.MoMLSimpleApplication@5eff22ab
reloadAllAccessors: .CausalityInterface7
----------------- testing Sat May 26 01:20:14 UTC 2018 /home/travis/build/icyphy/ptII/ptolemy/domains/modal/test/auto/CausalityInterface8.xml
----------------- Instantiating /home/travis/build/icyphy/ptII/ptolemy/domains/modal/test/auto/CausalityInterface8.xml
5 ms. Memory: 332800K Free: 96559K (29%)
----------------- Invoking toplevel() on ptolemy.moml.MoMLSimpleApplication@5d253d08
----------------- Done invoking toplevel() on ptolemy.moml.MoMLSimpleApplication@5d253d08
reloadAllAccessors: .CausalityInterface8
----------------- testing Sat May 26 01:20:14 UTC 2018 /home/travis/build/icyphy/ptII/ptolemy/domains/modal/test/auto/CausalityInterface9.xml
----------------- Instantiating /home/travis/build/icyphy/ptII/ptolemy/domains/modal/test/auto/CausalityInterface9.xml
6 ms. Memory: 332800K Free: 85482K (26%)
----------------- Invoking toplevel() on ptolemy.moml.MoMLSimpleApplication@2a14b5e6
----------------- Done invoking toplevel() on ptolemy.moml.MoMLSimpleApplication@2a14b5e6
reloadAllAccessors: .CausalityInterface9
----------------- testing Sat May 26 01:20:14 UTC 2018 /home/travis/build/icyphy/ptII/ptolemy/domains/modal/test/auto/ChainedTransitions.xml
----------------- Instantiating /home/travis/build/icyphy/ptII/ptolemy/domains/modal/test/auto/ChainedTransitions.xml
97 ms. Memory: 479232K Free: 448754K (94%)
----------------- Invoking toplevel() on ptolemy.moml.MoMLSimpleApplication@7bc8895c
----------------- Done invoking toplevel() on ptolemy.moml.MoMLSimpleApplication@7bc8895c
reloadAllAccessors: .ChainedTransitions
----------------- testing Sat May 26 01:20:14 UTC 2018 /home/travis/build/icyphy/ptII/ptolemy/domains/modal/test/auto/CycleOfImmediateTransitionsFSM.xml
----------------- Instantiating /home/travis/build/icyphy/ptII/ptolemy/domains/modal/test/auto/CycleOfImmediateTransitionsFSM.xml
4 ms. Memory: 479232K Free: 436187K (91%)
----------------- Invoking toplevel() on ptolemy.moml.MoMLSimpleApplication@202eb8f4
----------------- Done invoking toplevel() on ptolemy.moml.MoMLSimpleApplication@202eb8f4
reloadAllAccessors: .CycleOfImmediateTransitionsFSM
----------------- testing Sat May 26 01:20:14 UTC 2018 /home/travis/build/icyphy/ptII/ptolemy/domains/modal/test/auto/CycleOfImmediateTransitionsModal.xml
----------------- Instantiating /home/travis/build/icyphy/ptII/ptolemy/domains/modal/test/auto/CycleOfImmediateTransitionsModal.xml
2 ms. Memory: 479232K Free: 425724K (89%)
----------------- Invoking toplevel() on ptolemy.moml.MoMLSimpleApplication@5103bd60
----------------- Done invoking toplevel() on ptolemy.moml.MoMLSimpleApplication@5103bd60
reloadAllAccessors: .CycleOfImmediateTransitionsModal
----------------- testing Sat May 26 01:20:14 UTC 2018 /home/travis/build/icyphy/ptII/ptolemy/domains/modal/test/auto/CycleOfImmediateTransitionsModal2.xml
----------------- Instantiating /home/travis/build/icyphy/ptII/ptolemy/domains/modal/test/auto/CycleOfImmediateTransitionsModal2.xml
5 ms. Memory: 479232K Free: 413165K (86%)
----------------- Invoking toplevel() on ptolemy.moml.MoMLSimpleApplication@7aeee134
----------------- Done invoking toplevel() on ptolemy.moml.MoMLSimpleApplication@7aeee134
reloadAllAccessors: .CycleOfImmediateTransitionsModal2
----------------- testing Sat May 26 01:20:14 UTC 2018 /home/travis/build/icyphy/ptII/ptolemy/domains/modal/test/auto/CycleOfImmediateTransitionsModal3.xml
----------------- Instantiating /home/travis/build/icyphy/ptII/ptolemy/domains/modal/test/auto/CycleOfImmediateTransitionsModal3.xml
11 ms. Memory: 479232K Free: 384455K (80%)
----------------- Invoking toplevel() on ptolemy.moml.MoMLSimpleApplication@73ca49e0
----------------- Done invoking toplevel() on ptolemy.moml.MoMLSimpleApplication@73ca49e0
reloadAllAccessors: .CycleOfImmediateTransitionsModal3
----------------- testing Sat May 26 01:20:14 UTC 2018 /home/travis/build/icyphy/ptII/ptolemy/domains/modal/test/auto/DeepModal1.xml
----------------- Instantiating /home/travis/build/icyphy/ptII/ptolemy/domains/modal/test/auto/DeepModal1.xml
21 ms. Memory: 479232K Free: 368800K (77%)
----------------- Invoking toplevel() on ptolemy.moml.MoMLSimpleApplication@72d8cba2
----------------- Done invoking toplevel() on ptolemy.moml.MoMLSimpleApplication@72d8cba2
reloadAllAccessors: .DeepModal1
----------------- testing Sat May 26 01:20:14 UTC 2018 /home/travis/build/icyphy/ptII/ptolemy/domains/modal/test/auto/DeepModal2.xml
----------------- Instantiating /home/travis/build/icyphy/ptII/ptolemy/domains/modal/test/auto/DeepModal2.xml
32 ms. Memory: 479232K Free: 343146K (72%)
----------------- Invoking toplevel() on ptolemy.moml.MoMLSimpleApplication@78e34f0e
----------------- Done invoking toplevel() on ptolemy.moml.MoMLSimpleApplication@78e34f0e
reloadAllAccessors: .DeepModal2
----------------- testing Sat May 26 01:20:14 UTC 2018 /home/travis/build/icyphy/ptII/ptolemy/domains/modal/test/auto/DeepModal3.xml
----------------- Instantiating /home/travis/build/icyphy/ptII/ptolemy/domains/modal/test/auto/DeepModal3.xml
38 ms. Memory: 479232K Free: 319604K (67%)
----------------- Invoking toplevel() on ptolemy.moml.MoMLSimpleApplication@26999e19
----------------- Done invoking toplevel() on ptolemy.moml.MoMLSimpleApplication@26999e19
reloadAllAccessors: .DeepModal3
----------------- testing Sat May 26 01:20:14 UTC 2018 /home/travis/build/icyphy/ptII/ptolemy/domains/modal/test/auto/DeepModal4.xml
----------------- Instantiating /home/travis/build/icyphy/ptII/ptolemy/domains/modal/test/auto/DeepModal4.xml
30 ms. Memory: 479232K Free: 296054K (62%)
----------------- Invoking toplevel() on ptolemy.moml.MoMLSimpleApplication@18655be3
----------------- Done invoking toplevel() on ptolemy.moml.MoMLSimpleApplication@18655be3
reloadAllAccessors: .DeepModal4
----------------- testing Sat May 26 01:20:14 UTC 2018 /home/travis/build/icyphy/ptII/ptolemy/domains/modal/test/auto/Default1.xml
----------------- Instantiating /home/travis/build/icyphy/ptII/ptolemy/domains/modal/test/auto/Default1.xml
2 ms. Memory: 479232K Free: 283471K (59%)
----------------- Invoking toplevel() on ptolemy.moml.MoMLSimpleApplication@7fb0016e
----------------- Done invoking toplevel() on ptolemy.moml.MoMLSimpleApplication@7fb0016e
reloadAllAccessors: .Default1
----------------- testing Sat May 26 01:20:14 UTC 2018 /home/travis/build/icyphy/ptII/ptolemy/domains/modal/test/auto/Default2.xml
----------------- Instantiating /home/travis/build/icyphy/ptII/ptolemy/domains/modal/test/auto/Default2.xml
3 ms. Memory: 479232K Free: 275640K (58%)
----------------- Invoking toplevel() on ptolemy.moml.MoMLSimpleApplication@58ec599d
----------------- Done invoking toplevel() on ptolemy.moml.MoMLSimpleApplication@58ec599d
reloadAllAccessors: .Default2
----------------- testing Sat May 26 01:20:14 UTC 2018 /home/travis/build/icyphy/ptII/ptolemy/domains/modal/test/auto/Default3.xml
----------------- Instantiating /home/travis/build/icyphy/ptII/ptolemy/domains/modal/test/auto/Default3.xml
4 ms. Memory: 479232K Free: 265176K (55%)
----------------- Invoking toplevel() on ptolemy.moml.MoMLSimpleApplication@1e66ed0
----------------- Done invoking toplevel() on ptolemy.moml.MoMLSimpleApplication@1e66ed0
reloadAllAccessors: .Default3
----------------- testing Sat May 26 01:20:14 UTC 2018 /home/travis/build/icyphy/ptII/ptolemy/domains/modal/test/auto/Default4.xml
----------------- Instantiating /home/travis/build/icyphy/ptII/ptolemy/domains/modal/test/auto/Default4.xml
4 ms. Memory: 479232K Free: 255233K (53%)
----------------- Invoking toplevel() on ptolemy.moml.MoMLSimpleApplication@5f0c7dd1
----------------- Done invoking toplevel() on ptolemy.moml.MoMLSimpleApplication@5f0c7dd1
reloadAllAccessors: .Default4
----------------- testing Sat May 26 01:20:14 UTC 2018 /home/travis/build/icyphy/ptII/ptolemy/domains/modal/test/auto/Default5.xml
----------------- Instantiating /home/travis/build/icyphy/ptII/ptolemy/domains/modal/test/auto/Default5.xml
6 ms. Memory: 479232K Free: 244794K (51%)
----------------- Invoking toplevel() on ptolemy.moml.MoMLSimpleApplication@1e6ce368
----------------- Done invoking toplevel() on ptolemy.moml.MoMLSimpleApplication@1e6ce368
reloadAllAccessors: .Default5
----------------- testing Sat May 26 01:20:14 UTC 2018 /home/travis/build/icyphy/ptII/ptolemy/domains/modal/test/auto/EmptyGuard.xml
----------------- Instantiating /home/travis/build/icyphy/ptII/ptolemy/domains/modal/test/auto/EmptyGuard.xml
7 ms. Memory: 479232K Free: 234347K (49%)
----------------- Invoking toplevel() on ptolemy.moml.MoMLSimpleApplication@43a98432
----------------- Done invoking toplevel() on ptolemy.moml.MoMLSimpleApplication@43a98432
reloadAllAccessors: .EmptyGuard
----------------- testing Sat May 26 01:20:15 UTC 2018 /home/travis/build/icyphy/ptII/ptolemy/domains/modal/test/auto/ErrorTransition1.xml
----------------- Instantiating /home/travis/build/icyphy/ptII/ptolemy/domains/modal/test/auto/ErrorTransition1.xml
6 ms. Memory: 479232K Free: 221796K (46%)
----------------- Invoking toplevel() on ptolemy.moml.MoMLSimpleApplication@192c42d4
----------------- Done invoking toplevel() on ptolemy.moml.MoMLSimpleApplication@192c42d4
reloadAllAccessors: .ErrorTransition1
----------------- testing Sat May 26 01:20:15 UTC 2018 /home/travis/build/icyphy/ptII/ptolemy/domains/modal/test/auto/ErrorTransition10.xml
----------------- Instantiating /home/travis/build/icyphy/ptII/ptolemy/domains/modal/test/auto/ErrorTransition10.xml
10 ms. Memory: 479232K Free: 203509K (42%)
----------------- Invoking toplevel() on ptolemy.moml.MoMLSimpleApplication@5645ba8f
----------------- Done invoking toplevel() on ptolemy.moml.MoMLSimpleApplication@5645ba8f
reloadAllAccessors: .ErrorTransition10
----------------- testing Sat May 26 01:20:15 UTC 2018 /home/travis/build/icyphy/ptII/ptolemy/domains/modal/test/auto/ErrorTransition11.xml
----------------- Instantiating /home/travis/build/icyphy/ptII/ptolemy/domains/modal/test/auto/ErrorTransition11.xml
5 ms. Memory: 479232K Free: 185727K (39%)
----------------- Invoking toplevel() on ptolemy.moml.MoMLSimpleApplication@676851c5
----------------- Done invoking toplevel() on ptolemy.moml.MoMLSimpleApplication@676851c5
reloadAllAccessors: .ErrorTransition11
----------------- testing Sat May 26 01:20:15 UTC 2018 /home/travis/build/icyphy/ptII/ptolemy/domains/modal/test/auto/ErrorTransition2.xml
----------------- Instantiating /home/travis/build/icyphy/ptII/ptolemy/domains/modal/test/auto/ErrorTransition2.xml
5 ms. Memory: 479232K Free: 175296K (37%)
----------------- Invoking toplevel() on ptolemy.moml.MoMLSimpleApplication@6078d8e
----------------- Done invoking toplevel() on ptolemy.moml.MoMLSimpleApplication@6078d8e
reloadAllAccessors: .ErrorTransition2
----------------- testing Sat May 26 01:20:15 UTC 2018 /home/travis/build/icyphy/ptII/ptolemy/domains/modal/test/auto/ErrorTransition3.xml
----------------- Instantiating /home/travis/build/icyphy/ptII/ptolemy/domains/modal/test/auto/ErrorTransition3.xml
10 ms. Memory: 479232K Free: 164864K (34%)
----------------- Invoking toplevel() on ptolemy.moml.MoMLSimpleApplication@5ae81100
----------------- Done invoking toplevel() on ptolemy.moml.MoMLSimpleApplication@5ae81100
reloadAllAccessors: .ErrorTransition3
----------------- testing Sat May 26 01:20:15 UTC 2018 /home/travis/build/icyphy/ptII/ptolemy/domains/modal/test/auto/ErrorTransition4.xml
----------------- Instantiating /home/travis/build/icyphy/ptII/ptolemy/domains/modal/test/auto/ErrorTransition4.xml
11 ms. Memory: 479232K Free: 149674K (31%)
----------------- Invoking toplevel() on ptolemy.moml.MoMLSimpleApplication@391d909b
----------------- Done invoking toplevel() on ptolemy.moml.MoMLSimpleApplication@391d909b
reloadAllAccessors: .ErrorTransition4
----------------- testing Sat May 26 01:20:15 UTC 2018 /home/travis/build/icyphy/ptII/ptolemy/domains/modal/test/auto/ErrorTransition5.xml
----------------- Instantiating /home/travis/build/icyphy/ptII/ptolemy/domains/modal/test/auto/ErrorTransition5.xml
6 ms. Memory: 479232K Free: 136611K (29%)
----------------- Invoking toplevel() on ptolemy.moml.MoMLSimpleApplication@66994f4a
----------------- Done invoking toplevel() on ptolemy.moml.MoMLSimpleApplication@66994f4a
reloadAllAccessors: .ErrorTransition5
----------------- testing Sat May 26 01:20:15 UTC 2018 /home/travis/build/icyphy/ptII/ptolemy/domains/modal/test/auto/ErrorTransition6.xml
----------------- Instantiating /home/travis/build/icyphy/ptII/ptolemy/domains/modal/test/auto/ErrorTransition6.xml
8 ms. Memory: 479232K Free: 123548K (26%)
----------------- Invoking toplevel() on ptolemy.moml.MoMLSimpleApplication@93eba5f
----------------- Done invoking toplevel() on ptolemy.moml.MoMLSimpleApplication@93eba5f
reloadAllAccessors: .ErrorTransition6
----------------- testing Sat May 26 01:20:15 UTC 2018 /home/travis/build/icyphy/ptII/ptolemy/domains/modal/test/auto/ErrorTransition7.xml
----------------- Instantiating /home/travis/build/icyphy/ptII/ptolemy/domains/modal/test/auto/ErrorTransition7.xml
11 ms. Memory: 479232K Free: 105749K (22%)
----------------- Invoking toplevel() on ptolemy.moml.MoMLSimpleApplication@304c9065
----------------- Done invoking toplevel() on ptolemy.moml.MoMLSimpleApplication@304c9065
reloadAllAccessors: .ErrorTransition7
----------------- testing Sat May 26 01:20:15 UTC 2018 /home/travis/build/icyphy/ptII/ptolemy/domains/modal/test/auto/ErrorTransition8.xml
----------------- Instantiating /home/travis/build/icyphy/ptII/ptolemy/domains/modal/test/auto/ErrorTransition8.xml
47 ms. Memory: 479232K Free: 87439K (18%)
----------------- Invoking toplevel() on ptolemy.moml.MoMLSimpleApplication@15e8fecc
----------------- Done invoking toplevel() on ptolemy.moml.MoMLSimpleApplication@15e8fecc
reloadAllAccessors: .ErrorTransition8
----------------- testing Sat May 26 01:20:15 UTC 2018 /home/travis/build/icyphy/ptII/ptolemy/domains/modal/test/auto/ErrorTransition9.xml
----------------- Instantiating /home/travis/build/icyphy/ptII/ptolemy/domains/modal/test/auto/ErrorTransition9.xml
13 ms. Memory: 479744K Free: 460485K (96%)
----------------- Invoking toplevel() on ptolemy.moml.MoMLSimpleApplication@5c13ffce
----------------- Done invoking toplevel() on ptolemy.moml.MoMLSimpleApplication@5c13ffce
reloadAllAccessors: .ErrorTransition9
----------------- testing Sat May 26 01:20:15 UTC 2018 /home/travis/build/icyphy/ptII/ptolemy/domains/modal/test/auto/ExtendedFSM.xml
----------------- Instantiating /home/travis/build/icyphy/ptII/ptolemy/domains/modal/test/auto/ExtendedFSM.xml
6 ms. Memory: 479744K Free: 448531K (93%)
----------------- Invoking toplevel() on ptolemy.moml.MoMLSimpleApplication@7771f5f5
----------------- Done invoking toplevel() on ptolemy.moml.MoMLSimpleApplication@7771f5f5
reloadAllAccessors: .ExtendedFSM
----------------- testing Sat May 26 01:20:15 UTC 2018 /home/travis/build/icyphy/ptII/ptolemy/domains/modal/test/auto/FinalStates.xml
----------------- Instantiating /home/travis/build/icyphy/ptII/ptolemy/domains/modal/test/auto/FinalStates.xml
5 ms. Memory: 479744K Free: 436577K (91%)
----------------- Invoking toplevel() on ptolemy.moml.MoMLSimpleApplication@2207af8
----------------- Done invoking toplevel() on ptolemy.moml.MoMLSimpleApplication@2207af8
reloadAllAccessors: .FinalStates
----------------- testing Sat May 26 01:20:15 UTC 2018 /home/travis/build/icyphy/ptII/ptolemy/domains/modal/test/auto/FixedPointFSM.xml
----------------- Instantiating /home/travis/build/icyphy/ptII/ptolemy/domains/modal/test/auto/FixedPointFSM.xml
16 ms. Memory: 479744K Free: 418229K (87%)
----------------- Invoking toplevel() on ptolemy.moml.MoMLSimpleApplication@6a362afd
----------------- Done invoking toplevel() on ptolemy.moml.MoMLSimpleApplication@6a362afd
reloadAllAccessors: .FixedPointFSM
----------------- testing Sat May 26 01:20:15 UTC 2018 /home/travis/build/icyphy/ptII/ptolemy/domains/modal/test/auto/FixedPointIterationFSMActor.xml
----------------- Instantiating /home/travis/build/icyphy/ptII/ptolemy/domains/modal/test/auto/FixedPointIterationFSMActor.xml
7 ms. Memory: 479744K Free: 403651K (84%)
----------------- Invoking toplevel() on ptolemy.moml.MoMLSimpleApplication@39e4c644
----------------- Done invoking toplevel() on ptolemy.moml.MoMLSimpleApplication@39e4c644
reloadAllAccessors: .FixedPointIterationFSMActor
----------------- testing Sat May 26 01:20:15 UTC 2018 /home/travis/build/icyphy/ptII/ptolemy/domains/modal/test/auto/FixedPointIterationFSMActor2.xml
----------------- Instantiating /home/travis/build/icyphy/ptII/ptolemy/domains/modal/test/auto/FixedPointIterationFSMActor2.xml
14 ms. Memory: 479744K Free: 387956K (81%)
----------------- Invoking toplevel() on ptolemy.moml.MoMLSimpleApplication@7700915e
----------------- Done invoking toplevel() on ptolemy.moml.MoMLSimpleApplication@7700915e
reloadAllAccessors: .FixedPointIterationFSMActor2
----------------- testing Sat May 26 01:20:15 UTC 2018 /home/travis/build/icyphy/ptII/ptolemy/domains/modal/test/auto/ForbiddenInstantanousLoop.xml
----------------- Instantiating /home/travis/build/icyphy/ptII/ptolemy/domains/modal/test/auto/ForbiddenInstantanousLoop.xml
5 ms. Memory: 479744K Free: 370754K (77%)
----------------- Invoking toplevel() on ptolemy.moml.MoMLSimpleApplication@439dc843
----------------- Done invoking toplevel() on ptolemy.moml.MoMLSimpleApplication@439dc843
reloadAllAccessors: .ForbiddenInstantanousLoop
----------------- testing Sat May 26 01:20:15 UTC 2018 /home/travis/build/icyphy/ptII/ptolemy/domains/modal/test/auto/FunctionDependencyOfFSMActorTest.xml
----------------- Instantiating /home/travis/build/icyphy/ptII/ptolemy/domains/modal/test/auto/FunctionDependencyOfFSMActorTest.xml
13 ms. Memory: 479744K Free: 362915K (76%)
----------------- Invoking toplevel() on ptolemy.moml.MoMLSimpleApplication@61699a87
----------------- Done invoking toplevel() on ptolemy.moml.MoMLSimpleApplication@61699a87
reloadAllAccessors: .FunctionDependencyOfFSMActorTest
----------------- testing Sat May 26 01:20:15 UTC 2018 /home/travis/build/icyphy/ptII/ptolemy/domains/modal/test/auto/GuardExpression.xml
----------------- Instantiating /home/travis/build/icyphy/ptII/ptolemy/domains/modal/test/auto/GuardExpression.xml
1 ms. Memory: 479744K Free: 353569K (74%)
----------------- Invoking toplevel() on ptolemy.moml.MoMLSimpleApplication@2cca2d5c
----------------- Done invoking toplevel() on ptolemy.moml.MoMLSimpleApplication@2cca2d5c
reloadAllAccessors: .GuardExpression
----------------- testing Sat May 26 01:20:15 UTC 2018 /home/travis/build/icyphy/ptII/ptolemy/domains/modal/test/auto/GuardNotEvaluated.xml
----------------- Instantiating /home/travis/build/icyphy/ptII/ptolemy/domains/modal/test/auto/GuardNotEvaluated.xml
7 ms. Memory: 479744K Free: 343121K (72%)
----------------- Invoking toplevel() on ptolemy.moml.MoMLSimpleApplication@7e35fa9e
----------------- Done invoking toplevel() on ptolemy.moml.MoMLSimpleApplication@7e35fa9e
reloadAllAccessors: .GuardNotEvaluated
----------------- testing Sat May 26 01:20:15 UTC 2018 /home/travis/build/icyphy/ptII/ptolemy/domains/modal/test/auto/GuardNotEvaluated2.xml
----------------- Instantiating /home/travis/build/icyphy/ptII/ptolemy/domains/modal/test/auto/GuardNotEvaluated2.xml
14 ms. Memory: 479744K Free: 331167K (69%)
----------------- Invoking toplevel() on ptolemy.moml.MoMLSimpleApplication@458016cd
----------------- Done invoking toplevel() on ptolemy.moml.MoMLSimpleApplication@458016cd
reloadAllAccessors: .GuardNotEvaluated2
----------------- testing Sat May 26 01:20:15 UTC 2018 /home/travis/build/icyphy/ptII/ptolemy/domains/modal/test/auto/GuardOnAbsent.xml
----------------- Instantiating /home/travis/build/icyphy/ptII/ptolemy/domains/modal/test/auto/GuardOnAbsent.xml
9 ms. Memory: 479744K Free: 320704K (67%)
----------------- Invoking toplevel() on ptolemy.moml.MoMLSimpleApplication@c7db432
----------------- Done invoking toplevel() on ptolemy.moml.MoMLSimpleApplication@c7db432
reloadAllAccessors: .GuardOnAbsent
----------------- testing Sat May 26 01:20:15 UTC 2018 /home/travis/build/icyphy/ptII/ptolemy/domains/modal/test/auto/HierarchicalFSMTypeInference.xml
----------------- Instantiating /home/travis/build/icyphy/ptII/ptolemy/domains/modal/test/auto/HierarchicalFSMTypeInference.xml
2 ms. Memory: 479744K Free: 303526K (63%)
----------------- Invoking toplevel() on ptolemy.moml.MoMLSimpleApplication@5da2fc72
----------------- Done invoking toplevel() on ptolemy.moml.MoMLSimpleApplication@5da2fc72
reloadAllAccessors: .HierarchicalFSMTypeInference
----------------- testing Sat May 26 01:20:15 UTC 2018 /home/travis/build/icyphy/ptII/ptolemy/domains/modal/test/auto/Hysteresis.xml
----------------- Instantiating /home/travis/build/icyphy/ptII/ptolemy/domains/modal/test/auto/Hysteresis.xml
11 ms. Memory: 479744K Free: 285223K (59%)
----------------- Invoking toplevel() on ptolemy.moml.MoMLSimpleApplication@5732285a
----------------- Done invoking toplevel() on ptolemy.moml.MoMLSimpleApplication@5732285a
reloadAllAccessors: .Hysteresis
----------------- testing Sat May 26 01:20:16 UTC 2018 /home/travis/build/icyphy/ptII/ptolemy/domains/modal/test/auto/HysteresisWithDefault.xml
----------------- Instantiating /home/travis/build/icyphy/ptII/ptolemy/domains/modal/test/auto/HysteresisWithDefault.xml
44 ms. Memory: 479744K Free: 257590K (54%)
----------------- Invoking toplevel() on ptolemy.moml.MoMLSimpleApplication@4ddc1900
----------------- Done invoking toplevel() on ptolemy.moml.MoMLSimpleApplication@4ddc1900
reloadAllAccessors: .HysteresisWithDefault
----------------- testing Sat May 26 01:20:16 UTC 2018 /home/travis/build/icyphy/ptII/ptolemy/domains/modal/test/auto/HysteresisWithDefault2.xml
----------------- Instantiating /home/travis/build/icyphy/ptII/ptolemy/domains/modal/test/auto/HysteresisWithDefault2.xml
50 ms. Memory: 479744K Free: 223608K (47%)
----------------- Invoking toplevel() on ptolemy.moml.MoMLSimpleApplication@23944948
----------------- Done invoking toplevel() on ptolemy.moml.MoMLSimpleApplication@23944948
reloadAllAccessors: .HysteresisWithDefault2
----------------- testing Sat May 26 01:20:16 UTC 2018 /home/travis/build/icyphy/ptII/ptolemy/domains/modal/test/auto/ImmediateNonConstructiveness.xml
----------------- Instantiating /home/travis/build/icyphy/ptII/ptolemy/domains/modal/test/auto/ImmediateNonConstructiveness.xml
4 ms. Memory: 479744K Free: 211670K (44%)
----------------- Invoking toplevel() on ptolemy.moml.MoMLSimpleApplication@1a7d5f73
----------------- Done invoking toplevel() on ptolemy.moml.MoMLSimpleApplication@1a7d5f73
reloadAllAccessors: .ImmediateNonConstructiveness
----------------- testing Sat May 26 01:20:16 UTC 2018 /home/travis/build/icyphy/ptII/ptolemy/domains/modal/test/auto/ImmediateNonConstructiveness2.xml
----------------- Instantiating /home/travis/build/icyphy/ptII/ptolemy/domains/modal/test/auto/ImmediateNonConstructiveness2.xml
2 ms. Memory: 479744K Free: 201223K (42%)
----------------- Invoking toplevel() on ptolemy.moml.MoMLSimpleApplication@489a715f
----------------- Done invoking toplevel() on ptolemy.moml.MoMLSimpleApplication@489a715f
reloadAllAccessors: .ImmediateNonConstructiveness2
----------------- testing Sat May 26 01:20:16 UTC 2018 /home/travis/build/icyphy/ptII/ptolemy/domains/modal/test/auto/ImmediateTransitionReset.xml
----------------- Instantiating /home/travis/build/icyphy/ptII/ptolemy/domains/modal/test/auto/ImmediateTransitionReset.xml
6 ms. Memory: 479744K Free: 184037K (38%)
----------------- Invoking toplevel() on ptolemy.moml.MoMLSimpleApplication@325e6374
----------------- Done invoking toplevel() on ptolemy.moml.MoMLSimpleApplication@325e6374
reloadAllAccessors: .ImmediateTransitionReset
----------------- testing Sat May 26 01:20:16 UTC 2018 /home/travis/build/icyphy/ptII/ptolemy/domains/modal/test/auto/ImmediateTransitions1.xml
----------------- Instantiating /home/travis/build/icyphy/ptII/ptolemy/domains/modal/test/auto/ImmediateTransitions1.xml
1 ms. Memory: 479744K Free: 176198K (37%)
----------------- Invoking toplevel() on ptolemy.moml.MoMLSimpleApplication@4caf19b2
----------------- Done invoking toplevel() on ptolemy.moml.MoMLSimpleApplication@4caf19b2
reloadAllAccessors: .ImmediateTransitions1
----------------- testing Sat May 26 01:20:16 UTC 2018 /home/travis/build/icyphy/ptII/ptolemy/domains/modal/test/auto/ImmediateTransitionsInstantaneousCommunication.xml
----------------- Instantiating /home/travis/build/icyphy/ptII/ptolemy/domains/modal/test/auto/ImmediateTransitionsInstantaneousCommunication.xml
4 ms. Memory: 479744K Free: 159027K (33%)
----------------- Invoking toplevel() on ptolemy.moml.MoMLSimpleApplication@47abc197
----------------- Done invoking toplevel() on ptolemy.moml.MoMLSimpleApplication@47abc197
reloadAllAccessors: .ImmediateTransitionsInstantaneousCommunication
----------------- testing Sat May 26 01:20:16 UTC 2018 /home/travis/build/icyphy/ptII/ptolemy/domains/modal/test/auto/InitialImmediateTransition.xml
----------------- Instantiating /home/travis/build/icyphy/ptII/ptolemy/domains/modal/test/auto/InitialImmediateTransition.xml
6 ms. Memory: 479744K Free: 147058K (31%)
----------------- Invoking toplevel() on ptolemy.moml.MoMLSimpleApplication@17ab0d27
----------------- Done invoking toplevel() on ptolemy.moml.MoMLSimpleApplication@17ab0d27
reloadAllAccessors: .InitialImmediateTransition
----------------- testing Sat May 26 01:20:16 UTC 2018 /home/travis/build/icyphy/ptII/ptolemy/domains/modal/test/auto/InitialOutputs.xml
----------------- Instantiating /home/travis/build/icyphy/ptII/ptolemy/domains/modal/test/auto/InitialOutputs.xml
3 ms. Memory: 479744K Free: 136610K (28%)
----------------- Invoking toplevel() on ptolemy.moml.MoMLSimpleApplication@171b0ebd
----------------- Done invoking toplevel() on ptolemy.moml.MoMLSimpleApplication@171b0ebd
reloadAllAccessors: .InitialOutputs
----------------- testing Sat May 26 01:20:16 UTC 2018 /home/travis/build/icyphy/ptII/ptolemy/domains/modal/test/auto/InitialStateTransition1.xml
----------------- Instantiating /home/travis/build/icyphy/ptII/ptolemy/domains/modal/test/auto/InitialStateTransition1.xml
3 ms. Memory: 479744K Free: 124672K (26%)
----------------- Invoking toplevel() on ptolemy.moml.MoMLSimpleApplication@279f51ac
----------------- Done invoking toplevel() on ptolemy.moml.MoMLSimpleApplication@279f51ac
reloadAllAccessors: .InitialStateTransition1
----------------- testing Sat May 26 01:20:16 UTC 2018 /home/travis/build/icyphy/ptII/ptolemy/domains/modal/test/auto/InitialStateTransition2.xml
----------------- Instantiating /home/travis/build/icyphy/ptII/ptolemy/domains/modal/test/auto/InitialStateTransition2.xml
.InitialStateTransition2.TestExceptionAttributeNonConstructive: initialize() was not invoked, but wrapup() was.  This is unusual, but not always a problem.  For example, exporting JNLP will do this.
1 ms. Memory: 479744K Free: 114225K (24%)
----------------- Invoking toplevel() on ptolemy.moml.MoMLSimpleApplication@383cc31f
----------------- Done invoking toplevel() on ptolemy.moml.MoMLSimpleApplication@383cc31f
reloadAllAccessors: .InitialStateTransition2
----------------- testing Sat May 26 01:20:16 UTC 2018 /home/travis/build/icyphy/ptII/ptolemy/domains/modal/test/auto/InitialStateTransition3.xml
----------------- Instantiating /home/travis/build/icyphy/ptII/ptolemy/domains/modal/test/auto/InitialStateTransition3.xml
4 ms. Memory: 479744K Free: 99671K (21%)
----------------- Invoking toplevel() on ptolemy.moml.MoMLSimpleApplication@c604ddd
----------------- Done invoking toplevel() on ptolemy.moml.MoMLSimpleApplication@c604ddd
reloadAllAccessors: .InitialStateTransition3
----------------- testing Sat May 26 01:20:16 UTC 2018 /home/travis/build/icyphy/ptII/ptolemy/domains/modal/test/auto/InitialStateTransition4.xml
----------------- Instantiating /home/travis/build/icyphy/ptII/ptolemy/domains/modal/test/auto/InitialStateTransition4.xml
3 ms. Memory: 479744K Free: 86623K (18%)
----------------- Invoking toplevel() on ptolemy.moml.MoMLSimpleApplication@46136d61
----------------- Done invoking toplevel() on ptolemy.moml.MoMLSimpleApplication@46136d61
reloadAllAccessors: .InitialStateTransition4
----------------- testing Sat May 26 01:20:16 UTC 2018 /home/travis/build/icyphy/ptII/ptolemy/domains/modal/test/auto/MalformedGuardExpressionNotCaught.xml
----------------- Instantiating /home/travis/build/icyphy/ptII/ptolemy/domains/modal/test/auto/MalformedGuardExpressionNotCaught.xml
3 ms. Memory: 714240K Free: 697707K (98%)
----------------- Invoking toplevel() on ptolemy.moml.MoMLSimpleApplication@4edfb0be
----------------- Done invoking toplevel() on ptolemy.moml.MoMLSimpleApplication@4edfb0be
reloadAllAccessors: .MalformedGuardExpressionNotCaught
----------------- testing Sat May 26 01:20:16 UTC 2018 /home/travis/build/icyphy/ptII/ptolemy/domains/modal/test/auto/ModalBSC.xml
----------------- Instantiating /home/travis/build/icyphy/ptII/ptolemy/domains/modal/test/auto/ModalBSC.xml
39 ms. Memory: 714240K Free: 662425K (93%)
----------------- Invoking toplevel() on ptolemy.moml.MoMLSimpleApplication@4a68b67e
----------------- Done invoking toplevel() on ptolemy.moml.MoMLSimpleApplication@4a68b67e
reloadAllAccessors: .ModalBSC
----------------- testing Sat May 26 01:20:16 UTC 2018 /home/travis/build/icyphy/ptII/ptolemy/domains/modal/test/auto/ModalClocks.xml
----------------- Instantiating /home/travis/build/icyphy/ptII/ptolemy/domains/modal/test/auto/ModalClocks.xml
51 ms. Memory: 714240K Free: 633163K (89%)
----------------- Invoking toplevel() on ptolemy.moml.MoMLSimpleApplication@653a168b
----------------- Done invoking toplevel() on ptolemy.moml.MoMLSimpleApplication@653a168b
reloadAllAccessors: .ModalClocks
----------------- testing Sat May 26 01:20:16 UTC 2018 /home/travis/build/icyphy/ptII/ptolemy/domains/modal/test/auto/ModalDelay.xml
----------------- Instantiating /home/travis/build/icyphy/ptII/ptolemy/domains/modal/test/auto/ModalDelay.xml
17 ms. Memory: 714240K Free: 614637K (86%)
----------------- Invoking toplevel() on ptolemy.moml.MoMLSimpleApplication@5c123a0c
----------------- Done invoking toplevel() on ptolemy.moml.MoMLSimpleApplication@5c123a0c
reloadAllAccessors: .ModalDelay
----------------- testing Sat May 26 01:20:16 UTC 2018 /home/travis/build/icyphy/ptII/ptolemy/domains/modal/test/auto/ModalDelay2.xml
----------------- Instantiating /home/travis/build/icyphy/ptII/ptolemy/domains/modal/test/auto/ModalDelay2.xml
15 ms. Memory: 714240K Free: 597936K (84%)
----------------- Invoking toplevel() on ptolemy.moml.MoMLSimpleApplication@4c9a4f46
----------------- Done invoking toplevel() on ptolemy.moml.MoMLSimpleApplication@4c9a4f46
reloadAllAccessors: .ModalDelay2
----------------- testing Sat May 26 01:20:16 UTC 2018 /home/travis/build/icyphy/ptII/ptolemy/domains/modal/test/auto/ModalModelFromMemo.xml
----------------- Instantiating /home/travis/build/icyphy/ptII/ptolemy/domains/modal/test/auto/ModalModelFromMemo.xml
22 ms. Memory: 714240K Free: 571051K (80%)
----------------- Invoking toplevel() on ptolemy.moml.MoMLSimpleApplication@2e7f6229
----------------- Done invoking toplevel() on ptolemy.moml.MoMLSimpleApplication@2e7f6229
reloadAllAccessors: .ModalModelFromMemo
----------------- testing Sat May 26 01:20:16 UTC 2018 /home/travis/build/icyphy/ptII/ptolemy/domains/modal/test/auto/ModalModelWithMultirateTransient.xml
----------------- Instantiating /home/travis/build/icyphy/ptII/ptolemy/domains/modal/test/auto/ModalModelWithMultirateTransient.xml
14 ms. Memory: 714240K Free: 550196K (77%)
----------------- Invoking toplevel() on ptolemy.moml.MoMLSimpleApplication@3afe6881
----------------- Done invoking toplevel() on ptolemy.moml.MoMLSimpleApplication@3afe6881
reloadAllAccessors: .ModalModelWithMultirateTransient
----------------- testing Sat May 26 01:20:17 UTC 2018 /home/travis/build/icyphy/ptII/ptolemy/domains/modal/test/auto/ModalModelWithReset.xml
----------------- Instantiating /home/travis/build/icyphy/ptII/ptolemy/domains/modal/test/auto/ModalModelWithReset.xml
12 ms. Memory: 714240K Free: 531653K (74%)
----------------- Invoking toplevel() on ptolemy.moml.MoMLSimpleApplication@5f7f9959
----------------- Done invoking toplevel() on ptolemy.moml.MoMLSimpleApplication@5f7f9959
reloadAllAccessors: .ModalModelWithReset
----------------- testing Sat May 26 01:20:17 UTC 2018 /home/travis/build/icyphy/ptII/ptolemy/domains/modal/test/auto/MouseClickFSM.xml
----------------- Instantiating /home/travis/build/icyphy/ptII/ptolemy/domains/modal/test/auto/MouseClickFSM.xml
14 ms. Memory: 714240K Free: 510766K (72%)
----------------- Invoking toplevel() on ptolemy.moml.MoMLSimpleApplication@13f643f1
----------------- Done invoking toplevel() on ptolemy.moml.MoMLSimpleApplication@13f643f1
reloadAllAccessors: .MouseClickFSM
----------------- testing Sat May 26 01:20:17 UTC 2018 /home/travis/build/icyphy/ptII/ptolemy/domains/modal/test/auto/MouseClickFSMModal.xml
----------------- Instantiating /home/travis/build/icyphy/ptII/ptolemy/domains/modal/test/auto/MouseClickFSMModal.xml
11 ms. Memory: 714240K Free: 488077K (68%)
----------------- Invoking toplevel() on ptolemy.moml.MoMLSimpleApplication@56c7f98
----------------- Done invoking toplevel() on ptolemy.moml.MoMLSimpleApplication@56c7f98
reloadAllAccessors: .MouseClickFSMModal
----------------- testing Sat May 26 01:20:17 UTC 2018 /home/travis/build/icyphy/ptII/ptolemy/domains/modal/test/auto/NonStrictFSM_FeedbackLoop.xml
----------------- Instantiating /home/travis/build/icyphy/ptII/ptolemy/domains/modal/test/auto/NonStrictFSM_FeedbackLoop.xml
32 ms. Memory: 714240K Free: 463034K (65%)
----------------- Invoking toplevel() on ptolemy.moml.MoMLSimpleApplication@33cbaf9f
----------------- Done invoking toplevel() on ptolemy.moml.MoMLSimpleApplication@33cbaf9f
reloadAllAccessors: .NonStrictFSM_FeedbackLoop
----------------- testing Sat May 26 01:20:17 UTC 2018 /home/travis/build/icyphy/ptII/ptolemy/domains/modal/test/auto/NonStrictFSM_FeedbackLoop_Refinement.xml
----------------- Instantiating /home/travis/build/icyphy/ptII/ptolemy/domains/modal/test/auto/NonStrictFSM_FeedbackLoop_Refinement.xml
29 ms. Memory: 714240K Free: 429649K (60%)
----------------- Invoking toplevel() on ptolemy.moml.MoMLSimpleApplication@111785cf
----------------- Done invoking toplevel() on ptolemy.moml.MoMLSimpleApplication@111785cf
reloadAllAccessors: .NonStrictFSM_FeedbackLoop_Refinement
----------------- testing Sat May 26 01:20:17 UTC 2018 /home/travis/build/icyphy/ptII/ptolemy/domains/modal/test/auto/NonStrictFSM_FeedbackLoop_preemptive.xml
----------------- Instantiating /home/travis/build/icyphy/ptII/ptolemy/domains/modal/test/auto/NonStrictFSM_FeedbackLoop_preemptive.xml
23 ms. Memory: 714240K Free: 398625K (56%)
----------------- Invoking toplevel() on ptolemy.moml.MoMLSimpleApplication@1409de58
----------------- Done invoking toplevel() on ptolemy.moml.MoMLSimpleApplication@1409de58
reloadAllAccessors: .NonStrictFSM_FeedbackLoop_preemptive
----------------- testing Sat May 26 01:20:17 UTC 2018 /home/travis/build/icyphy/ptII/ptolemy/domains/modal/test/auto/NormalTermination.xml
----------------- Instantiating /home/travis/build/icyphy/ptII/ptolemy/domains/modal/test/auto/NormalTermination.xml
7 ms. Memory: 714240K Free: 373590K (52%)
----------------- Invoking toplevel() on ptolemy.moml.MoMLSimpleApplication@3413ac62
----------------- Done invoking toplevel() on ptolemy.moml.MoMLSimpleApplication@3413ac62
reloadAllAccessors: .NormalTermination
----------------- testing Sat May 26 01:20:17 UTC 2018 /home/travis/build/icyphy/ptII/ptolemy/domains/modal/test/auto/Pong.xml
----------------- Instantiating /home/travis/build/icyphy/ptII/ptolemy/domains/modal/test/auto/Pong.xml
43 ms. Memory: 714240K Free: 346698K (49%)
----------------- Invoking toplevel() on ptolemy.moml.MoMLSimpleApplication@72101a45
----------------- Done invoking toplevel() on ptolemy.moml.MoMLSimpleApplication@72101a45
reloadAllAccessors: .Pong
[...]
2 ms. Memory: 714752K Free: 576994K (81%)
----------------- Invoking toplevel() on ptolemy.moml.MoMLSimpleApplication@dbe0df8
----------------- Done invoking toplevel() on ptolemy.moml.MoMLSimpleApplication@dbe0df8
reloadAllAccessors: .StrongImmediateTransition
----------------- testing Sat May 26 01:20:18 UTC 2018 /home/travis/build/icyphy/ptII/ptolemy/domains/modal/test/auto/SustainHierarchy.xml
----------------- Instantiating /home/travis/build/icyphy/ptII/ptolemy/domains/modal/test/auto/SustainHierarchy.xml
5 ms. Memory: 714752K Free: 558963K (78%)
----------------- Invoking toplevel() on ptolemy.moml.MoMLSimpleApplication@5c24d3b3
----------------- Done invoking toplevel() on ptolemy.moml.MoMLSimpleApplication@5c24d3b3
reloadAllAccessors: .SustainHierarchy
----------------- testing Sat May 26 01:20:18 UTC 2018 /home/travis/build/icyphy/ptII/ptolemy/domains/modal/test/auto/TerminationTransition1.xml
----------------- Instantiating /home/travis/build/icyphy/ptII/ptolemy/domains/modal/test/auto/TerminationTransition1.xml
2 ms. Memory: 714752K Free: 545120K (76%)
----------------- Invoking toplevel() on ptolemy.moml.MoMLSimpleApplication@357a45db
----------------- Done invoking toplevel() on ptolemy.moml.MoMLSimpleApplication@357a45db
reloadAllAccessors: .TerminationTransition1
----------------- testing Sat May 26 01:20:18 UTC 2018 /home/travis/build/icyphy/ptII/ptolemy/domains/modal/test/auto/TerminationTransition2.xml
----------------- Instantiating /home/travis/build/icyphy/ptII/ptolemy/domains/modal/test/auto/TerminationTransition2.xml
3 ms. Memory: 714752K Free: 528419K (74%)
----------------- Invoking toplevel() on ptolemy.moml.MoMLSimpleApplication@5471a08f
----------------- Done invoking toplevel() on ptolemy.moml.MoMLSimpleApplication@5471a08f
reloadAllAccessors: .TerminationTransition2
----------------- testing Sat May 26 01:20:18 UTC 2018 /home/travis/build/icyphy/ptII/ptolemy/domains/modal/test/auto/TerminationTransition3.xml
----------------- Instantiating /home/travis/build/icyphy/ptII/ptolemy/domains/modal/test/auto/TerminationTransition3.xml
2 ms. Memory: 714752K Free: 510396K (71%)
----------------- Invoking toplevel() on ptolemy.moml.MoMLSimpleApplication@79a6dc87
----------------- Done invoking toplevel() on ptolemy.moml.MoMLSimpleApplication@79a6dc87
reloadAllAccessors: .TerminationTransition3
----------------- testing Sat May 26 01:20:18 UTC 2018 /home/travis/build/icyphy/ptII/ptolemy/domains/modal/test/auto/TerminationTransition4.xml
----------------- Instantiating /home/travis/build/icyphy/ptII/ptolemy/domains/modal/test/auto/TerminationTransition4.xml
6 ms. Memory: 714752K Free: 488187K (68%)
----------------- Invoking toplevel() on ptolemy.moml.MoMLSimpleApplication@7a5dd8df
----------------- Done invoking toplevel() on ptolemy.moml.MoMLSimpleApplication@7a5dd8df
reloadAllAccessors: .TerminationTransition4
----------------- testing Sat May 26 01:20:18 UTC 2018 /home/travis/build/icyphy/ptII/ptolemy/domains/modal/test/auto/TerminationTransition5.xml
----------------- Instantiating /home/travis/build/icyphy/ptII/ptolemy/domains/modal/test/auto/TerminationTransition5.xml
3 ms. Memory: 714752K Free: 467307K (65%)
----------------- Invoking toplevel() on ptolemy.moml.MoMLSimpleApplication@51f2c7d4
----------------- Done invoking toplevel() on ptolemy.moml.MoMLSimpleApplication@51f2c7d4
reloadAllAccessors: .TerminationTransition5
----------------- testing Sat May 26 01:20:18 UTC 2018 /home/travis/build/icyphy/ptII/ptolemy/domains/modal/test/auto/TerminationTransition6.xml
----------------- Instantiating /home/travis/build/icyphy/ptII/ptolemy/domains/modal/test/auto/TerminationTransition6.xml
2 ms. Memory: 714752K Free: 453456K (63%)
----------------- Invoking toplevel() on ptolemy.moml.MoMLSimpleApplication@2992999c
----------------- Done invoking toplevel() on ptolemy.moml.MoMLSimpleApplication@2992999c
reloadAllAccessors: .TerminationTransition6
----------------- testing Sat May 26 01:20:18 UTC 2018 /home/travis/build/icyphy/ptII/ptolemy/domains/modal/test/auto/TerminationTransition7.xml
----------------- Instantiating /home/travis/build/icyphy/ptII/ptolemy/domains/modal/test/auto/TerminationTransition7.xml
4 ms. Memory: 714752K Free: 435424K (61%)
----------------- Invoking toplevel() on ptolemy.moml.MoMLSimpleApplication@7bece639
----------------- Done invoking toplevel() on ptolemy.moml.MoMLSimpleApplication@7bece639
reloadAllAccessors: .TerminationTransition7
----------------- testing Sat May 26 01:20:18 UTC 2018 /home/travis/build/icyphy/ptII/ptolemy/domains/modal/test/auto/TerminationTransition8.xml
----------------- Instantiating /home/travis/build/icyphy/ptII/ptolemy/domains/modal/test/auto/TerminationTransition8.xml
3 ms. Memory: 714752K Free: 418716K (59%)
----------------- Invoking toplevel() on ptolemy.moml.MoMLSimpleApplication@77e67f01
----------------- Done invoking toplevel() on ptolemy.moml.MoMLSimpleApplication@77e67f01
reloadAllAccessors: .TerminationTransition8
----------------- testing Sat May 26 01:20:18 UTC 2018 /home/travis/build/icyphy/ptII/ptolemy/domains/modal/test/auto/Thermostat_NoHysteresis.xml
----------------- Instantiating /home/travis/build/icyphy/ptII/ptolemy/domains/modal/test/auto/Thermostat_NoHysteresis.xml
33 ms. Memory: 714752K Free: 388171K (54%)
----------------- Invoking toplevel() on ptolemy.moml.MoMLSimpleApplication@6c6399c5
----------------- Done invoking toplevel() on ptolemy.moml.MoMLSimpleApplication@6c6399c5
reloadAllAccessors: .Thermostat_NoHysteresis
----------------- testing Sat May 26 01:20:18 UTC 2018 /home/travis/build/icyphy/ptII/ptolemy/domains/modal/test/auto/TimedFSM.xml
----------------- Instantiating /home/travis/build/icyphy/ptII/ptolemy/domains/modal/test/auto/TimedFSM.xml
9 ms. Memory: 714752K Free: 371470K (52%)
----------------- Invoking toplevel() on ptolemy.moml.MoMLSimpleApplication@66530a7c
----------------- Done invoking toplevel() on ptolemy.moml.MoMLSimpleApplication@66530a7c
reloadAllAccessors: .TimedFSM
----------------- testing Sat May 26 01:20:18 UTC 2018 /home/travis/build/icyphy/ptII/ptolemy/domains/modal/test/auto/Timeout1.xml
----------------- Instantiating /home/travis/build/icyphy/ptII/ptolemy/domains/modal/test/auto/Timeout1.xml
4 ms. Memory: 714752K Free: 361798K (51%)
----------------- Invoking toplevel() on ptolemy.moml.MoMLSimpleApplication@1f9f7df3
----------------- Done invoking toplevel() on ptolemy.moml.MoMLSimpleApplication@1f9f7df3
reloadAllAccessors: .Timeout1
----------------- testing Sat May 26 01:20:18 UTC 2018 /home/travis/build/icyphy/ptII/ptolemy/domains/modal/test/auto/Timeout2.xml
----------------- Instantiating /home/travis/build/icyphy/ptII/ptolemy/domains/modal/test/auto/Timeout2.xml
7 ms. Memory: 714752K Free: 347938K (49%)
----------------- Invoking toplevel() on ptolemy.moml.MoMLSimpleApplication@5eb02ac5
----------------- Done invoking toplevel() on ptolemy.moml.MoMLSimpleApplication@5eb02ac5
reloadAllAccessors: .Timeout2
----------------- testing Sat May 26 01:20:18 UTC 2018 /home/travis/build/icyphy/ptII/ptolemy/domains/modal/test/auto/Timeout3.xml
----------------- Instantiating /home/travis/build/icyphy/ptII/ptolemy/domains/modal/test/auto/Timeout3.xml
7 ms. Memory: 714752K Free: 339596K (48%)
----------------- Invoking toplevel() on ptolemy.moml.MoMLSimpleApplication@5a645f52
----------------- Done invoking toplevel() on ptolemy.moml.MoMLSimpleApplication@5a645f52
reloadAllAccessors: .Timeout3
----------------- testing Sat May 26 01:20:18 UTC 2018 /home/travis/build/icyphy/ptII/ptolemy/domains/modal/test/auto/Timeout4.xml
----------------- Instantiating /home/travis/build/icyphy/ptII/ptolemy/domains/modal/test/auto/Timeout4.xml
3 ms. Memory: 714752K Free: 329924K (46%)
----------------- Invoking toplevel() on ptolemy.moml.MoMLSimpleApplication@28e2ca6d
----------------- Done invoking toplevel() on ptolemy.moml.MoMLSimpleApplication@28e2ca6d
reloadAllAccessors: .Timeout4
----------------- testing Sat May 26 01:20:19 UTC 2018 /home/travis/build/icyphy/ptII/ptolemy/domains/modal/test/auto/TransientstateModelAdvanced.xml
----------------- Instantiating /home/travis/build/icyphy/ptII/ptolemy/domains/modal/test/auto/TransientstateModelAdvanced.xml
3 ms. Memory: 714752K Free: 311893K (44%)
----------------- Invoking toplevel() on ptolemy.moml.MoMLSimpleApplication@5859417c
----------------- Done invoking toplevel() on ptolemy.moml.MoMLSimpleApplication@5859417c
reloadAllAccessors: .TransientstateModelAdvanced
----------------- testing Sat May 26 01:20:19 UTC 2018 /home/travis/build/icyphy/ptII/ptolemy/domains/modal/test/auto/TransientstateModelAdvanced2.xml
----------------- Instantiating /home/travis/build/icyphy/ptII/ptolemy/domains/modal/test/auto/TransientstateModelAdvanced2.xml
3 ms. Memory: 714752K Free: 291021K (41%)
----------------- Invoking toplevel() on ptolemy.moml.MoMLSimpleApplication@5e96cd64
----------------- Done invoking toplevel() on ptolemy.moml.MoMLSimpleApplication@5e96cd64
reloadAllAccessors: .transientstatemodelAdvanced
----------------- testing Sat May 26 01:20:19 UTC 2018 /home/travis/build/icyphy/ptII/ptolemy/domains/modal/test/auto/TransitionRefinements.xml
----------------- Instantiating /home/travis/build/icyphy/ptII/ptolemy/domains/modal/test/auto/TransitionRefinements.xml
12 ms. Memory: 714752K Free: 277162K (39%)
----------------- Invoking toplevel() on ptolemy.moml.MoMLSimpleApplication@5d6d881
----------------- Done invoking toplevel() on ptolemy.moml.MoMLSimpleApplication@5d6d881
reloadAllAccessors: .TransitionRefinements
----------------- testing Sat May 26 01:20:19 UTC 2018 /home/travis/build/icyphy/ptII/ptolemy/domains/modal/test/auto/TwoRefinements1.xml
----------------- Instantiating /home/travis/build/icyphy/ptII/ptolemy/domains/modal/test/auto/TwoRefinements1.xml
3 ms. Memory: 714752K Free: 259131K (36%)
----------------- Invoking toplevel() on ptolemy.moml.MoMLSimpleApplication@5fc2256f
----------------- Done invoking toplevel() on ptolemy.moml.MoMLSimpleApplication@5fc2256f
reloadAllAccessors: .TwoRefinements1
----------------- testing Sat May 26 01:20:19 UTC 2018 /home/travis/build/icyphy/ptII/ptolemy/domains/modal/test/auto/TwoRefinements2.xml
----------------- Instantiating /home/travis/build/icyphy/ptII/ptolemy/domains/modal/test/auto/TwoRefinements2.xml
3 ms. Memory: 714752K Free: 242446K (34%)
----------------- Invoking toplevel() on ptolemy.moml.MoMLSimpleApplication@71089c27
----------------- Done invoking toplevel() on ptolemy.moml.MoMLSimpleApplication@71089c27
reloadAllAccessors: .TwoRefinements2
----------------- testing Sat May 26 01:20:19 UTC 2018 /home/travis/build/icyphy/ptII/ptolemy/domains/modal/test/auto/WeakImmediateTransition.xml
----------------- Instantiating /home/travis/build/icyphy/ptII/ptolemy/domains/modal/test/auto/WeakImmediateTransition.xml
4 ms. Memory: 714752K Free: 228587K (32%)
----------------- Invoking toplevel() on ptolemy.moml.MoMLSimpleApplication@67ddf206
----------------- Done invoking toplevel() on ptolemy.moml.MoMLSimpleApplication@67ddf206
reloadAllAccessors: .WeakImmediateTransition
----------------- testing Sat May 26 01:20:19 UTC 2018 /home/travis/build/icyphy/ptII/ptolemy/domains/modal/test/auto/booleanSelect.xml
----------------- Instantiating /home/travis/build/icyphy/ptII/ptolemy/domains/modal/test/auto/booleanSelect.xml
42 ms. Memory: 714752K Free: 206377K (29%)
----------------- Invoking toplevel() on ptolemy.moml.MoMLSimpleApplication@1f46bd3f
----------------- Done invoking toplevel() on ptolemy.moml.MoMLSimpleApplication@1f46bd3f
reloadAllAccessors: .booleanSelect
----------------- testing Sat May 26 01:20:19 UTC 2018 /home/travis/build/icyphy/ptII/ptolemy/domains/modal/test/auto/modalChangingParams.xml
----------------- Instantiating /home/travis/build/icyphy/ptII/ptolemy/domains/modal/test/auto/modalChangingParams.xml
0
1
0
2
4
6
8
7
0
2
4
6
8
13
0
2
4
6
8
19
0
2
4
6
8
25
0
2
4
6
8
31
0
2
4
6
8
37
0
2
4
6
8
43
0
2
4
6
8
49
0
2
4
6
8
55
0
2
4
6
8
61
0
2
4
6
8
67
0
2
4
6
8
73
0
2
4
6
8
79
0
2
4
6
8
85
0
2
4
6
8
91
0
2
4
6
8
97
0
2
4
6
8
103
0
2
4
6
8
109
0
2
4
6
8
115
0
2
4
6
8
121
0
2
4
6
8
127
0
2
4
6
8
133
0
2
4
6
8
139
0
2
4
6
8
145
0
2
4
6
8
151
0
2
4
6
8
157
0
2
4
6
8
163
0
2
4
6
8
169
0
2
4
6
8
175
0
2
4
6
8
181
0
2
4
6
8
187
0
2
4
6
8
193
0
2
4
6
8
199
0
2
4
6
8
205
0
2
4
6
8
211
0
2
4
6
8
217
0
2
4
6
8
223
0
2
4
6
8
229
0
2
4
6
8
235
0
2
4
6
8
241
0
2
4
6
8
247
0
2
4
6
8
253
0
2
4
6
8
259
0
2
4
6
8
265
0
2
4
6
8
271
0
2
4
6
8
277
0
2
4
6
8
283
0
2
4
6
8
289
0
2
4
6
8
295
0
2
4
6
8
301
0
2
4
6
8
307
0
2
4
6
8
313
0
2
4
6
8
319
0
2
4
6
8
325
0
2
4
6
8
331
0
2
4
6
8
337
0
2
4
6
8
343
0
2
4
6
8
349
0
2
4
6
8
355
0
2
4
6
8
361
0
2
4
6
8
367
0
2
4
6
8
373
0
2
4
6
8
379
0
2
4
6
8
385
0
2
4
6
8
391
0
2
4
6
8
397
0
2
4
6
8
403
0
2
4
6
8
409
0
2
4
6
8
415
0
2
4
6
8
421
0
2
4
6
8
427
0
2
4
6
8
433
0
2
4
6
8
439
0
2
4
6
8
445
0
2
4
6
8
451
0
2
4
6
8
457
0
2
4
6
8
463
0
2
4
6
8
469
0
2
4
6
8
475
0
2
4
6
8
481
0
2
4
6
8
487
0
2
4
6
8
493
0
2
4
6
8
499
0
2
4
6
8
505
0
2
4
6
8
511
0
2
4
6
8
517
0
2
4
6
8
523
0
2
4
6
8
529
0
2
4
6
8
535
0
2
4
6
8
541
0
2
4
6
8
547
0
2
4
6
8
553
0
2
4
6
8
559
0
2
4
6
8
565
0
2
4
6
8
571
0
2
4
6
8
577
0
2
4
6
8
583
0
2
4
6
8
589
0
2
4
6
8
595
0
2
4
6
8
601
0
2
4
6
8
607
0
2
4
6
8
613
0
2
4
6
8
619
0
2
4
6
8
625
0
2
4
6
8
631
0
2
4
6
8
637
0
2
4
6
8
643
0
2
4
6
8
649
0
2
4
6
8
655
0
2
4
6
8
661
0
2
4
6
8
667
0
2
4
6
8
673
0
2
4
6
8
679
0
2
4
6
8
685
0
2
4
6
8
691
0
2
4
6
8
697
0
2
4
6
8
703
0
2
4
6
8
709
0
2
4
6
8
715
0
2
4
6
8
721
0
2
4
6
8
727
0
2
4
6
8
733
0
2
4
6
8
739
0
2
4
6
8
745
0
2
4
6
8
751
0
2
4
6
8
757
0
2
4
6
8
763
0
2
4
6
8
769
0
2
4
6
8
775
0
2
4
6
8
781
0
2
4
6
8
787
0
2
4
6
8
793
0
2
4
6
8
799
0
2
4
6
8
805
0
2
4
6
8
811
0
2
4
6
8
817
0
2
4
6
8
823
0
2
4
6
8
829
0
2
4
6
8
835
0
2
4
6
8
841
0
2
4
6
8
847
0
2
4
6
8
853
0
2
4
6
8
859
0
2
4
6
8
865
0
2
4
6
8
871
0
2
4
6
8
877
0
2
4
6
8
883
0
2
4
6
8
889
0
2
4
6
8
895
0
2
4
6
8
901
0
2
4
6
8
907
0
2
4
6
8
913
0
2
4
6
8
919
0
2
4
6
8
925
0
2
4
6
8
931
0
2
4
6
8
937
0
2
4
6
8
943
0
2
4
6
8
949
0
2
4
6
8
955
0
2
4
6
8
961
0
2
4
6
8
967
0
2
4
6
8
973
0
2
4
6
8
979
0
2
4
6
8
985
0
2
4
6
8
991
0
2
4
6
8
997
0
2
288 ms. Memory: 714752K Free: 89313K (12%)
----------------- Invoking toplevel() on ptolemy.moml.MoMLSimpleApplication@7f5e7597
----------------- Done invoking toplevel() on ptolemy.moml.MoMLSimpleApplication@7f5e7597
reloadAllAccessors: .modalChangingParams
----------------- testing Sat May 26 01:20:19 UTC 2018 /home/travis/build/icyphy/ptII/ptolemy/domains/modal/test/auto/modalModel.xml
----------------- Instantiating /home/travis/build/icyphy/ptII/ptolemy/domains/modal/test/auto/modalModel.xml
17 ms. Memory: 677888K Free: 664511K (98%)
----------------- Invoking toplevel() on ptolemy.moml.MoMLSimpleApplication@4bb6d3dc
----------------- Done invoking toplevel() on ptolemy.moml.MoMLSimpleApplication@4bb6d3dc
reloadAllAccessors: .modalModel
----------------- testing Sat May 26 01:20:19 UTC 2018 /home/travis/build/icyphy/ptII/ptolemy/domains/modal/test/auto/modalModel2.xml
----------------- Instantiating /home/travis/build/icyphy/ptII/ptolemy/domains/modal/test/auto/modalModel2.xml
6 ms. Memory: 677888K Free: 649553K (96%)
----------------- Invoking toplevel() on ptolemy.moml.MoMLSimpleApplication@124c1e22
----------------- Done invoking toplevel() on ptolemy.moml.MoMLSimpleApplication@124c1e22
reloadAllAccessors: .modalModel2
----------------- testing Sat May 26 01:20:19 UTC 2018 /home/travis/build/icyphy/ptII/ptolemy/domains/modal/test/auto/modalModel3.xml
----------------- Instantiating /home/travis/build/icyphy/ptII/ptolemy/domains/modal/test/auto/modalModel3.xml
0	0	0
3	2	1
6	4	2
9	6	3
4	0	4
7	2	5
10	4	6
13	6	7
8	0	8
11	2	9
14	4	10
17	6	11
12	0	12
15	2	13
18	4	14
17 ms. Memory: 677888K Free: 630623K (93%)
----------------- Invoking toplevel() on ptolemy.moml.MoMLSimpleApplication@c17e466
----------------- Done invoking toplevel() on ptolemy.moml.MoMLSimpleApplication@c17e466
reloadAllAccessors: .modalModel3
----------------- testing Sat May 26 01:20:19 UTC 2018 /home/travis/build/icyphy/ptII/ptolemy/domains/modal/test/auto/model1.xml
----------------- Instantiating /home/travis/build/icyphy/ptII/ptolemy/domains/modal/test/auto/model1.xml
13 ms. Memory: 677888K Free: 620670K (92%)
----------------- Invoking toplevel() on ptolemy.moml.MoMLSimpleApplication@5693f92e
----------------- Done invoking toplevel() on ptolemy.moml.MoMLSimpleApplication@5693f92e
reloadAllAccessors: .model1
----------------- testing Sat May 26 01:20:19 UTC 2018 /home/travis/build/icyphy/ptII/ptolemy/domains/modal/test/auto/test-direct-in-out.xml
----------------- Instantiating /home/travis/build/icyphy/ptII/ptolemy/domains/modal/test/auto/test-direct-in-out.xml
5 ms. Memory: 677888K Free: 610733K (90%)
----------------- Invoking toplevel() on ptolemy.moml.MoMLSimpleApplication@5a5f8d2d
----------------- Done invoking toplevel() on ptolemy.moml.MoMLSimpleApplication@5a5f8d2d
reloadAllAccessors: .test-direct-in-out
AutoTests.java: About to close Vertx.
AutoTests.java: Vertx closed.
]]></system-out>
  <system-err><![CDATA[java.lang.RuntimeException: Execution failed
	at ptolemy.moml.MoMLSimpleApplication$UnloadThread.run(MoMLSimpleApplication.java:402)
Caused by: ptolemy.kernel.util.IllegalActionException: Unknown inputs remain. Possible causality loop:
L_model_1893289564i

  in .CannotAnalysisWithPreemption.model_1893289564_region_1 and .CannotAnalysisWithPreemption.model_1893289564_region_1.L_model_1893289564i
	at ptolemy.actor.sched.FixedPointDirector.postfire(FixedPointDirector.java:515)
	at ptolemy.domains.sr.kernel.SRDirector.postfire(SRDirector.java:417)
	at ptolemy.actor.CompositeActor.postfire(CompositeActor.java:1668)
	at ptolemy.actor.Manager.iterate(Manager.java:852)
	at ptolemy.actor.Manager.execute(Manager.java:369)
	at ptolemy.actor.Manager.run(Manager.java:1263)
	at ptolemy.actor.Manager$PtolemyRunThread.run(Manager.java:1915)
java.lang.reflect.InvocationTargetException
	at sun.reflect.NativeConstructorAccessorImpl.newInstance0(Native Method)
	at sun.reflect.NativeConstructorAccessorImpl.newInstance(NativeConstructorAccessorImpl.java:62)
	at sun.reflect.DelegatingConstructorAccessorImpl.newInstance(DelegatingConstructorAccessorImpl.java:45)
	at java.lang.reflect.Constructor.newInstance(Constructor.java:423)
	at ptolemy.util.test.junit.AutoKnownFailedTests.RunModel(AutoKnownFailedTests.java:107)
	at sun.reflect.NativeMethodAccessorImpl.invoke0(Native Method)
	at sun.reflect.NativeMethodAccessorImpl.invoke(NativeMethodAccessorImpl.java:62)
	at sun.reflect.DelegatingMethodAccessorImpl.invoke(DelegatingMethodAccessorImpl.java:43)
	at java.lang.reflect.Method.invoke(Method.java:498)
	at org.junit.runners.model.FrameworkMethod$1.runReflectiveCall(FrameworkMethod.java:44)
	at org.junit.internal.runners.model.ReflectiveCallable.run(ReflectiveCallable.java:15)
	at org.junit.runners.model.FrameworkMethod.invokeExplosively(FrameworkMethod.java:41)
	at junitparams.internal.InvokeParameterisedMethod.evaluate(InvokeParameterisedMethod.java:102)
	at org.junit.internal.runners.statements.FailOnTimeout$1.run(FailOnTimeout.java:28)
Caused by: ptolemy.kernel.util.IllegalActionException: Unknown inputs remain. Possible causality loop:
L_model_1893289564i

  in .CannotAnalysisWithPreemption.model_1893289564_region_1 and .CannotAnalysisWithPreemption.model_1893289564_region_1.L_model_1893289564i
	at ptolemy.actor.sched.FixedPointDirector.postfire(FixedPointDirector.java:515)
	at ptolemy.domains.sr.kernel.SRDirector.postfire(SRDirector.java:417)
	at ptolemy.actor.CompositeActor.postfire(CompositeActor.java:1668)
	at ptolemy.actor.Manager.iterate(Manager.java:852)
	at ptolemy.actor.Manager.execute(Manager.java:369)
	at ptolemy.actor.Manager.run(Manager.java:1263)
	at ptolemy.actor.Manager$PtolemyRunThread.run(Manager.java:1915)
]]></system-err>
</testsuite>
