<?xml version="1.0" encoding="UTF-8" ?>
<testsuite errors="0" failures="0" hostname="travis-job-f5a44b81-dd9a-49b3-a038-c903af7d6fcf" name="ptolemy.domains.de.test.junit.JUnitTclTest" skipped="0" tests="101" time="130.179" timestamp="2018-04-25T00:12:33">
  <properties>
[...]
</properties>
  <testcase classname="ptolemy.util.test.junit.TclTests" name="[0] /home/travis/build/icyphy/ptII/ptolemy/domains/de/test/DependencyLoop.tcl (RunTclFile)" time="0.763" />
  <testcase classname="ptolemy.util.test.junit.TclTests" name="[1] /home/travis/build/icyphy/ptII/ptolemy/domains/de/test/RunDETestsAsQSS.tcl (RunTclFile)" time="90.0" />
  <testcase classname="ptolemy.util.test.junit.AutoKnownFailedTests" name="[0] /home/travis/build/icyphy/ptII/ptolemy/domains/de/test/auto/knownFailedTests/DESDFClockTest.xml (RunModel)" time="2.029" />
  <testcase classname="ptolemy.util.test.junit.AutoKnownFailedTests" name="[1] /home/travis/build/icyphy/ptII/ptolemy/domains/de/test/auto/knownFailedTests/DirectFeedback.xml (RunModel)" time="0.015" />
  <testcase classname="ptolemy.util.test.junit.AutoKnownFailedTests" name="[2] /home/travis/build/icyphy/ptII/ptolemy/domains/de/test/auto/knownFailedTests/FSMSource.xml (RunModel)" time="0.013" />
  <testcase classname="ptolemy.util.test.junit.AutoKnownFailedTests" name="[3] /home/travis/build/icyphy/ptII/ptolemy/domains/de/test/auto/knownFailedTests/HierarchicalModel.xml (RunModel)" time="0.026" />
  <testcase classname="ptolemy.util.test.junit.AutoKnownFailedTests" name="[4] /home/travis/build/icyphy/ptII/ptolemy/domains/de/test/auto/knownFailedTests/dependencyLoop.xml (RunModel)" time="0.024" />
  <testcase classname="ptolemy.util.test.junit.AutoKnownFailedTests" name="[5] /home/travis/build/icyphy/ptII/ptolemy/domains/de/test/auto/knownFailedTests/dependencyLoop2.xml (RunModel)" time="0.024" />
  <testcase classname="ptolemy.util.test.junit.AutoNameArchTests" name="[0] ThereAreNoAutoTests (RunModel)" time="0.001" />
  <testcase classname="ptolemy.util.test.junit.AutoTests" name="[0] /home/travis/build/icyphy/ptII/ptolemy/domains/de/test/auto/ActorDepthCalculation_actorWithoutPorts.xml (RunModel)" time="0.014" />
  <testcase classname="ptolemy.util.test.junit.AutoTests" name="[1] /home/travis/build/icyphy/ptII/ptolemy/domains/de/test/auto/AssemblyLine.xml (RunModel)" time="0.02" />
  <testcase classname="ptolemy.util.test.junit.AutoTests" name="[2] /home/travis/build/icyphy/ptII/ptolemy/domains/de/test/auto/CQBug1.xml (RunModel)" time="0.008" />
  <testcase classname="ptolemy.util.test.junit.AutoTests" name="[3] /home/travis/build/icyphy/ptII/ptolemy/domains/de/test/auto/CancelFireAt.xml (RunModel)" time="0.01" />
  <testcase classname="ptolemy.util.test.junit.AutoTests" name="[4] /home/travis/build/icyphy/ptII/ptolemy/domains/de/test/auto/CausalityAndComposabilityAnalysis.xml (RunModel)" time="0.008" />
  <testcase classname="ptolemy.util.test.junit.AutoTests" name="[5] /home/travis/build/icyphy/ptII/ptolemy/domains/de/test/auto/CausalityInterface1.xml (RunModel)" time="0.009" />
  <testcase classname="ptolemy.util.test.junit.AutoTests" name="[6] /home/travis/build/icyphy/ptII/ptolemy/domains/de/test/auto/CausalityInterface15.xml (RunModel)" time="0.01" />
  <testcase classname="ptolemy.util.test.junit.AutoTests" name="[7] /home/travis/build/icyphy/ptII/ptolemy/domains/de/test/auto/CausalityInterface2.xml (RunModel)" time="0.007" />
  <testcase classname="ptolemy.util.test.junit.AutoTests" name="[8] /home/travis/build/icyphy/ptII/ptolemy/domains/de/test/auto/CausalityInterface3.xml (RunModel)" time="0.009" />
  <testcase classname="ptolemy.util.test.junit.AutoTests" name="[9] /home/travis/build/icyphy/ptII/ptolemy/domains/de/test/auto/ClockDrift.xml (RunModel)" time="0.024" />
  <testcase classname="ptolemy.util.test.junit.AutoTests" name="[10] /home/travis/build/icyphy/ptII/ptolemy/domains/de/test/auto/ClockDriftAndValueChange.xml (RunModel)" time="0.023" />
  <testcase classname="ptolemy.util.test.junit.AutoTests" name="[11] /home/travis/build/icyphy/ptII/ptolemy/domains/de/test/auto/ClockDriftChange.xml (RunModel)" time="0.019" />
  <testcase classname="ptolemy.util.test.junit.AutoTests" name="[12] /home/travis/build/icyphy/ptII/ptolemy/domains/de/test/auto/ComposableCausalityAnalysis.xml (RunModel)" time="0.009" />
  <testcase classname="ptolemy.util.test.junit.AutoTests" name="[13] /home/travis/build/icyphy/ptII/ptolemy/domains/de/test/auto/DEFixedPointLimitation.xml (RunModel)" time="0.007" />
  <testcase classname="ptolemy.util.test.junit.AutoTests" name="[14] /home/travis/build/icyphy/ptII/ptolemy/domains/de/test/auto/DEScheduleTest.xml (RunModel)" time="0.024" />
  <testcase classname="ptolemy.util.test.junit.AutoTests" name="[15] /home/travis/build/icyphy/ptII/ptolemy/domains/de/test/auto/DEinDEwithStartTimes.xml (RunModel)" time="0.014" />
  <testcase classname="ptolemy.util.test.junit.AutoTests" name="[16] /home/travis/build/icyphy/ptII/ptolemy/domains/de/test/auto/DEinDEwithStartTimes2.xml (RunModel)" time="0.012" />
  <testcase classname="ptolemy.util.test.junit.AutoTests" name="[17] /home/travis/build/icyphy/ptII/ptolemy/domains/de/test/auto/DateDemo.xml (RunModel)" time="0.037" />
  <testcase classname="ptolemy.util.test.junit.AutoTests" name="[18] /home/travis/build/icyphy/ptII/ptolemy/domains/de/test/auto/DateToEvent.xml (RunModel)" time="2.036" />
  <testcase classname="ptolemy.util.test.junit.AutoTests" name="[19] /home/travis/build/icyphy/ptII/ptolemy/domains/de/test/auto/DepthTest1.xml (RunModel)" time="0.005" />
  <testcase classname="ptolemy.util.test.junit.AutoTests" name="[20] /home/travis/build/icyphy/ptII/ptolemy/domains/de/test/auto/DepthTest2.xml (RunModel)" time="0.012" />
  <testcase classname="ptolemy.util.test.junit.AutoTests" name="[21] /home/travis/build/icyphy/ptII/ptolemy/domains/de/test/auto/DepthTest3.xml (RunModel)" time="0.005" />
  <testcase classname="ptolemy.util.test.junit.AutoTests" name="[22] /home/travis/build/icyphy/ptII/ptolemy/domains/de/test/auto/DepthTest4.xml (RunModel)" time="0.009" />
  <testcase classname="ptolemy.util.test.junit.AutoTests" name="[23] /home/travis/build/icyphy/ptII/ptolemy/domains/de/test/auto/DepthTest5.xml (RunModel)" time="0.01" />
  <testcase classname="ptolemy.util.test.junit.AutoTests" name="[24] /home/travis/build/icyphy/ptII/ptolemy/domains/de/test/auto/DepthTest6.xml (RunModel)" time="0.01" />
  <testcase classname="ptolemy.util.test.junit.AutoTests" name="[25] /home/travis/build/icyphy/ptII/ptolemy/domains/de/test/auto/DepthTest7.xml (RunModel)" time="0.008" />
  <testcase classname="ptolemy.util.test.junit.AutoTests" name="[26] /home/travis/build/icyphy/ptII/ptolemy/domains/de/test/auto/EventToDate.xml (RunModel)" time="3.025" />
  <testcase classname="ptolemy.util.test.junit.AutoTests" name="[27] /home/travis/build/icyphy/ptII/ptolemy/domains/de/test/auto/FSM1.xml (RunModel)" time="0.023" />
  <testcase classname="ptolemy.util.test.junit.AutoTests" name="[28] /home/travis/build/icyphy/ptII/ptolemy/domains/de/test/auto/FSM7.xml (RunModel)" time="0.022" />
  <testcase classname="ptolemy.util.test.junit.AutoTests" name="[29] /home/travis/build/icyphy/ptII/ptolemy/domains/de/test/auto/Inspection.xml (RunModel)" time="0.032" />
  <testcase classname="ptolemy.util.test.junit.AutoTests" name="[30] /home/travis/build/icyphy/ptII/ptolemy/domains/de/test/auto/Iteration.xml (RunModel)" time="0.029" />
  <testcase classname="ptolemy.util.test.junit.AutoTests" name="[31] /home/travis/build/icyphy/ptII/ptolemy/domains/de/test/auto/LineFault.xml (RunModel)" time="0.417" />
  <testcase classname="ptolemy.util.test.junit.AutoTests" name="[32] /home/travis/build/icyphy/ptII/ptolemy/domains/de/test/auto/MergeModel1Add.xml (RunModel)" time="0.03" />
  <testcase classname="ptolemy.util.test.junit.AutoTests" name="[33] /home/travis/build/icyphy/ptII/ptolemy/domains/de/test/auto/MergeModel2Add.xml (RunModel)" time="0.028" />
  <testcase classname="ptolemy.util.test.junit.AutoTests" name="[34] /home/travis/build/icyphy/ptII/ptolemy/domains/de/test/auto/MergeModel3Add.xml (RunModel)" time="0.032" />
  <testcase classname="ptolemy.util.test.junit.AutoTests" name="[35] /home/travis/build/icyphy/ptII/ptolemy/domains/de/test/auto/MergeWithoutDiscard.xml (RunModel)" time="0.011" />
  <testcase classname="ptolemy.util.test.junit.AutoTests" name="[36] /home/travis/build/icyphy/ptII/ptolemy/domains/de/test/auto/Modal1.xml (RunModel)" time="0.025" />
  <testcase classname="ptolemy.util.test.junit.AutoTests" name="[37] /home/travis/build/icyphy/ptII/ptolemy/domains/de/test/auto/Modal2.xml (RunModel)" time="0.024" />
  <testcase classname="ptolemy.util.test.junit.AutoTests" name="[38] /home/travis/build/icyphy/ptII/ptolemy/domains/de/test/auto/Modal3.xml (RunModel)" time="0.025" />
  <testcase classname="ptolemy.util.test.junit.AutoTests" name="[39] /home/travis/build/icyphy/ptII/ptolemy/domains/de/test/auto/Modal4.xml (RunModel)" time="0.025" />
  <testcase classname="ptolemy.util.test.junit.AutoTests" name="[40] /home/travis/build/icyphy/ptII/ptolemy/domains/de/test/auto/Modal5.xml (RunModel)" time="0.022" />
  <testcase classname="ptolemy.util.test.junit.AutoTests" name="[41] /home/travis/build/icyphy/ptII/ptolemy/domains/de/test/auto/Modal6.xml (RunModel)" time="0.021" />
  <testcase classname="ptolemy.util.test.junit.AutoTests" name="[42] /home/travis/build/icyphy/ptII/ptolemy/domains/de/test/auto/Modal7.xml (RunModel)" time="0.021" />
  <testcase classname="ptolemy.util.test.junit.AutoTests" name="[43] /home/travis/build/icyphy/ptII/ptolemy/domains/de/test/auto/ModalModel.xml (RunModel)" time="0.134" />
  <testcase classname="ptolemy.util.test.junit.AutoTests" name="[44] /home/travis/build/icyphy/ptII/ptolemy/domains/de/test/auto/ModalSource.xml (RunModel)" time="0.014" />
  <testcase classname="ptolemy.util.test.junit.AutoTests" name="[45] /home/travis/build/icyphy/ptII/ptolemy/domains/de/test/auto/NonInterruptibleTimerZeroDelay.xml (RunModel)" time="0.008" />
  <testcase classname="ptolemy.util.test.junit.AutoTests" name="[46] /home/travis/build/icyphy/ptII/ptolemy/domains/de/test/auto/OpenQueueingNetwork.xml (RunModel)" time="1.936" />
  <testcase classname="ptolemy.util.test.junit.AutoTests" name="[47] /home/travis/build/icyphy/ptII/ptolemy/domains/de/test/auto/OpenQueuingNetwork.xml (RunModel)" time="0.327" />
  <testcase classname="ptolemy.util.test.junit.AutoTests" name="[48] /home/travis/build/icyphy/ptII/ptolemy/domains/de/test/auto/PeriodicSampler.xml (RunModel)" time="0.008" />
  <testcase classname="ptolemy.util.test.junit.AutoTests" name="[49] /home/travis/build/icyphy/ptII/ptolemy/domains/de/test/auto/PersistentIO.xml (RunModel)" time="0.024" />
  <testcase classname="ptolemy.util.test.junit.AutoTests" name="[50] /home/travis/build/icyphy/ptII/ptolemy/domains/de/test/auto/PortParameterResetOnInitialize.xml (RunModel)" time="0.009" />
  <testcase classname="ptolemy.util.test.junit.AutoTests" name="[51] /home/travis/build/icyphy/ptII/ptolemy/domains/de/test/auto/PortParameterUpdates.xml (RunModel)" time="0.02" />
  <testcase classname="ptolemy.util.test.junit.AutoTests" name="[52] /home/travis/build/icyphy/ptII/ptolemy/domains/de/test/auto/QueueAndServer.xml (RunModel)" time="0.021" />
  <testcase classname="ptolemy.util.test.junit.AutoTests" name="[53] /home/travis/build/icyphy/ptII/ptolemy/domains/de/test/auto/Records.xml (RunModel)" time="0.022" />
  <testcase classname="ptolemy.util.test.junit.AutoTests" name="[54] /home/travis/build/icyphy/ptII/ptolemy/domains/de/test/auto/ResetTransitionWithStartTime1.xml (RunModel)" time="0.025" />
  <testcase classname="ptolemy.util.test.junit.AutoTests" name="[55] /home/travis/build/icyphy/ptII/ptolemy/domains/de/test/auto/ResetTransitionWithStartTime2.xml (RunModel)" time="0.026" />
  <testcase classname="ptolemy.util.test.junit.AutoTests" name="[56] /home/travis/build/icyphy/ptII/ptolemy/domains/de/test/auto/ResetTransitionWithStartTime3.xml (RunModel)" time="0.02" />
  <testcase classname="ptolemy.util.test.junit.AutoTests" name="[57] /home/travis/build/icyphy/ptII/ptolemy/domains/de/test/auto/ResetTransitionWithStartTime4.xml (RunModel)" time="0.022" />
  <testcase classname="ptolemy.util.test.junit.AutoTests" name="[58] /home/travis/build/icyphy/ptII/ptolemy/domains/de/test/auto/ResettableTimer1.xml (RunModel)" time="0.01" />
  <testcase classname="ptolemy.util.test.junit.AutoTests" name="[59] /home/travis/build/icyphy/ptII/ptolemy/domains/de/test/auto/ResettableTimer2.xml (RunModel)" time="0.009" />
  <testcase classname="ptolemy.util.test.junit.AutoTests" name="[60] /home/travis/build/icyphy/ptII/ptolemy/domains/de/test/auto/ResettableTimer3.xml (RunModel)" time="0.009" />
  <testcase classname="ptolemy.util.test.junit.AutoTests" name="[61] /home/travis/build/icyphy/ptII/ptolemy/domains/de/test/auto/ResettableTimer4.xml (RunModel)" time="0.01" />
  <testcase classname="ptolemy.util.test.junit.AutoTests" name="[62] /home/travis/build/icyphy/ptII/ptolemy/domains/de/test/auto/ResettableTimer5.xml (RunModel)" time="0.01" />
  <testcase classname="ptolemy.util.test.junit.AutoTests" name="[63] /home/travis/build/icyphy/ptII/ptolemy/domains/de/test/auto/ResettableTimer6.xml (RunModel)" time="0.021" />
  <testcase classname="ptolemy.util.test.junit.AutoTests" name="[64] /home/travis/build/icyphy/ptII/ptolemy/domains/de/test/auto/ServerZeroDelay.xml (RunModel)" time="0.017" />
  <testcase classname="ptolemy.util.test.junit.AutoTests" name="[65] /home/travis/build/icyphy/ptII/ptolemy/domains/de/test/auto/SmartSender.xml (RunModel)" time="3.008" />
  <testcase classname="ptolemy.util.test.junit.AutoTests" name="[66] /home/travis/build/icyphy/ptII/ptolemy/domains/de/test/auto/ThreadedComposite.xml (RunModel)" time="0.197" />
  <testcase classname="ptolemy.util.test.junit.AutoTests" name="[67] /home/travis/build/icyphy/ptII/ptolemy/domains/de/test/auto/Time.xml (RunModel)" time="0.457" />
  <testcase classname="ptolemy.util.test.junit.AutoTests" name="[68] /home/travis/build/icyphy/ptII/ptolemy/domains/de/test/auto/TimeDelayZeroDelay.xml (RunModel)" time="0.012" />
  <testcase classname="ptolemy.util.test.junit.AutoTests" name="[69] /home/travis/build/icyphy/ptII/ptolemy/domains/de/test/auto/TimerZeroDelay.xml (RunModel)" time="0.009" />
  <testcase classname="ptolemy.util.test.junit.AutoTests" name="[70] /home/travis/build/icyphy/ptII/ptolemy/domains/de/test/auto/TimingParadox.xml (RunModel)" time="0.394" />
  <testcase classname="ptolemy.util.test.junit.AutoTests" name="[71] /home/travis/build/icyphy/ptII/ptolemy/domains/de/test/auto/TransferInputs.xml (RunModel)" time="0.009" />
  <testcase classname="ptolemy.util.test.junit.AutoTests" name="[72] /home/travis/build/icyphy/ptII/ptolemy/domains/de/test/auto/TransferOutputs2.xml (RunModel)" time="0.019" />
  <testcase classname="ptolemy.util.test.junit.AutoTests" name="[73] /home/travis/build/icyphy/ptII/ptolemy/domains/de/test/auto/Trilateration.xml (RunModel)" time="11.311" />
  <testcase classname="ptolemy.util.test.junit.AutoTests" name="[74] /home/travis/build/icyphy/ptII/ptolemy/domains/de/test/auto/TwoSigmaDelta.xml (RunModel)" time="2.468" />
  <testcase classname="ptolemy.util.test.junit.AutoTests" name="[75] /home/travis/build/icyphy/ptII/ptolemy/domains/de/test/auto/VariableDelay.xml (RunModel)" time="0.012" />
  <testcase classname="ptolemy.util.test.junit.AutoTests" name="[76] /home/travis/build/icyphy/ptII/ptolemy/domains/de/test/auto/VariableDelay2.xml (RunModel)" time="0.009" />
  <testcase classname="ptolemy.util.test.junit.AutoTests" name="[77] /home/travis/build/icyphy/ptII/ptolemy/domains/de/test/auto/VariableDelayZeroDelay.xml (RunModel)" time="0.013" />
  <testcase classname="ptolemy.util.test.junit.AutoTests" name="[78] /home/travis/build/icyphy/ptII/ptolemy/domains/de/test/auto/VariableDelayZeroDelay2.xml (RunModel)" time="0.009" />
  <testcase classname="ptolemy.util.test.junit.AutoTests" name="[79] /home/travis/build/icyphy/ptII/ptolemy/domains/de/test/auto/deInCt.xml (RunModel)" time="0.016" />
  <testcase classname="ptolemy.util.test.junit.AutoTests" name="[80] /home/travis/build/icyphy/ptII/ptolemy/domains/de/test/auto/deInCt2.xml (RunModel)" time="0.015" />
  <testcase classname="ptolemy.util.test.junit.AutoTests" name="[81] /home/travis/build/icyphy/ptII/ptolemy/domains/de/test/auto/dynamicCausalityInterface1.xml (RunModel)" time="0.02" />
  <testcase classname="ptolemy.util.test.junit.AutoTests" name="[82] /home/travis/build/icyphy/ptII/ptolemy/domains/de/test/auto/fsm_de_test.xml (RunModel)" time="0.029" />
  <testcase classname="ptolemy.util.test.junit.AutoTests" name="[83] /home/travis/build/icyphy/ptII/ptolemy/domains/de/test/auto/functionDependencyReconstruction.xml (RunModel)" time="0.036" />
  <testcase classname="ptolemy.util.test.junit.AutoTests" name="[84] /home/travis/build/icyphy/ptII/ptolemy/domains/de/test/auto/multirate.xml (RunModel)" time="0.017" />
  <testcase classname="ptolemy.util.test.junit.AutoTests" name="[85] /home/travis/build/icyphy/ptII/ptolemy/domains/de/test/auto/multirate2.xml (RunModel)" time="0.024" />
  <testcase classname="ptolemy.util.test.junit.AutoTests" name="[86] /home/travis/build/icyphy/ptII/ptolemy/domains/de/test/auto/realtime.xml (RunModel)" time="10.011" />
  <testcase classname="ptolemy.util.test.junit.AutoTests" name="[87] /home/travis/build/icyphy/ptII/ptolemy/domains/de/test/auto/relationGroup.xml (RunModel)" time="0.007" />
  <testcase classname="ptolemy.util.test.junit.AutoTests" name="[88] /home/travis/build/icyphy/ptII/ptolemy/domains/de/test/auto/relationGroup2.xml (RunModel)" time="0.007" />
  <testcase classname="ptolemy.util.test.junit.AutoTests" name="[89] /home/travis/build/icyphy/ptII/ptolemy/domains/de/test/auto/sortWithOpaquePorts.xml (RunModel)" time="0.008" />
  <testcase classname="ptolemy.util.test.junit.AutoTests" name="[90] /home/travis/build/icyphy/ptII/ptolemy/domains/de/test/auto/transferInputsandOutputs.xml (RunModel)" time="0.016" />
  <testcase classname="ptolemy.util.test.junit.AutoTests" name="[91] /home/travis/build/icyphy/ptII/ptolemy/domains/de/test/auto/triggerType.xml (RunModel)" time="0.009" />
  <system-out><![CDATA[/home/travis/build/icyphy/ptII/ptolemy/domains/de/test/DependencyLoop.tcl
testDefs.tcl: setting time out to 9000 seconds at Wed Apr 25 00:12:33 UTC 2018
21 ms. Memory: 116224K Free: 93008K (80%)
7 ms. Memory: 146944K Free: 135507K (92%)
/home/travis/build/icyphy/ptII/ptolemy/domains/de/test/RunDETestsAsQSS.tcl
Run the DE tests using ptolemy.domains.qss.test.QSSDirectorTest, which extends QSSDirector and prints a message in the constructors.
------------------ testing $PTII/ptolemy/domains/de/test/auto/knownFailedTests/dependencyLoop.xml (Known Failure) 
16 ms. Memory: 146944K Free: 131240K (89%)


==== $PTIIhome/travis/build/icyphy/ptII/ptolemy/domains/de/test/../../../../: Auto Automatic test in file $PTII/ptolemy/domains/de/test/auto/knownFailedTests/dependencyLoop.xml
==== Contents of test case:

	    # FIXME: we should use $relativeFilename here, but it
	    # might have backslashes under Windows, which causes no end
	    # of trouble.
	    createAndExecute $file
	    list {}
	
.... Test generated KNOWN error:
    while executing
ptolemy.kernel.util.IllegalActionException: Found a zero delay loop containing .dependencyLoop.original
  in .dependencyLoop and .dependencyLoop.original
	at ptolemy.actor.util.CausalityInterfaceForComposites._computeOutputPortDepth(CausalityInterfaceForComposites.java:759)
	at ptolemy.actor.util.CausalityInterfaceForComposites._computeInputDepth(CausalityInterfaceForComposites.java:696)
	at ptolemy.actor.util.CausalityInterfaceForComposites._computeOutputPortDepth(CausalityInterfaceForComposites.java:765)
	at ptolemy.actor.util.CausalityInterfaceForComposites._computeInputDepth(CausalityInterfaceForComposites.java:696)
	at ptolemy.actor.util.CausalityInterfaceForComposites._computeOutputPortDepth(CausalityInterfaceForComposites.java:765)
	at ptolemy.actor.util.CausalityInterfaceForComposites._computeInputDepth(CausalityInterfaceForComposites.java:696)
	at ptolemy.actor.util.CausalityInterfaceForComposites._computeActorDepth(CausalityInterfaceForComposites.java:532)
	at ptolemy.actor.util.CausalityInterfaceForComposites.checkForCycles(CausalityInterfaceForComposites.java:96)
	at ptolemy.domains.de.kernel.DEDirector.preinitialize(DEDirector.java:1337)
	at ptolemy.actor.CompositeActor.preinitialize(CompositeActor.java:1828)
	at ptolemy.actor.Manager.preinitializeAndResolveTypes(Manager.java:1040)
	at ptolemy.actor.Manager.initialize(Manager.java:710)
	at ptolemy.actor.Manager.execute(Manager.java:356)
	at ptolemy.actor.Manager.run(Manager.java:1263)
	at ptolemy.actor.Manager$PtolemyRunThread.run(Manager.java:1915)

    while executing
ptolemy.kernel.util.IllegalActionException: Found a zero delay loop containing .dependencyLoop.original
  in .dependencyLoop and .dependencyLoop.original
    while executing
"java::new ptolemy.moml.MoMLSimpleApplication $file
"
    (procedure "createAndExecute" line 2)
    invoked from within
"createAndExecute $file"
    ("uplevel" body line 5)
    invoked from within
"uplevel $contents_of_test"
------------------ testing $PTII/ptolemy/domains/de/test/auto/knownFailedTests/DESDFClockTest.xml (Known Failure) 
2108 ms. Memory: 146944K Free: 115504K (79%)


==== $PTIIhome/travis/build/icyphy/ptII/ptolemy/domains/de/test/../../../../: Auto Automatic test in file $PTII/ptolemy/domains/de/test/auto/knownFailedTests/DESDFClockTest.xml
==== Contents of test case:

	    # FIXME: we should use $relativeFilename here, but it
	    # might have backslashes under Windows, which causes no end
	    # of trouble.
	    createAndExecute $file
	    list {}
	
.... Test generated KNOWN error:
    while executing
ptolemy.kernel.util.IllegalActionException: Actor is not ready to fire.  Perhaps UpSample.prefire() returned false? Try debugging the actor by selecting "Listen to Actor".  Also, for SDF check moml for tokenConsumptionRate on input.
  in .DESDFClockTest.Play Bell.Copy1:SDF Director and .DESDFClockTest.Play Bell.UpSample
	at ptolemy.actor.sched.StaticSchedulingDirector.fire(StaticSchedulingDirector.java:227)
	at ptolemy.domains.sdf.kernel.SDFDirector.fire(SDFDirector.java:500)
	at ptolemy.actor.CompositeActor.fire(CompositeActor.java:455)
	at ptolemy.domains.de.kernel.DEDirector._fire(DEDirector.java:1948)
	at ptolemy.domains.de.kernel.DEDirector.fire(DEDirector.java:502)
	at ptolemy.actor.CompositeActor.fire(CompositeActor.java:455)
	at ptolemy.actor.Manager.iterate(Manager.java:851)
	at ptolemy.actor.Manager.execute(Manager.java:369)
	at ptolemy.actor.Manager.run(Manager.java:1263)
	at ptolemy.actor.Manager$PtolemyRunThread.run(Manager.java:1915)

    while executing
ptolemy.kernel.util.IllegalActionException: Actor is not ready to fire.  Perhaps UpSample.prefire() returned false? Try debugging the actor by selecting "Listen to Actor".  Also, for SDF check moml for tokenConsumptionRate on input.
  in .DESDFClockTest.Play Bell.Copy1:SDF Director and .DESDFClockTest.Play Bell.UpSample
    while executing
"java::new ptolemy.moml.MoMLSimpleApplication $file
"
    (procedure "createAndExecute" line 2)
    invoked from within
"createAndExecute $file"
    ("uplevel" body line 5)
    invoked from within
"uplevel $contents_of_test"
------------------ testing $PTII/ptolemy/domains/de/test/auto/knownFailedTests/FSMSource.xml (Known Failure) 
43 ms. Memory: 146944K Free: 105993K (72%)
!!!! Auto was marked as failing, but now passes
------------------ testing $PTII/ptolemy/domains/de/test/auto/knownFailedTests/dependencyLoop2.xml (Known Failure) 
7 ms. Memory: 146944K Free: 104109K (71%)


==== $PTIIhome/travis/build/icyphy/ptII/ptolemy/domains/de/test/../../../../: Auto Automatic test in file $PTII/ptolemy/domains/de/test/auto/knownFailedTests/dependencyLoop2.xml
==== Contents of test case:

	    # FIXME: we should use $relativeFilename here, but it
	    # might have backslashes under Windows, which causes no end
	    # of trouble.
	    createAndExecute $file
	    list {}
	
.... Test generated KNOWN error:
    while executing
ptolemy.kernel.util.IllegalActionException: Found a zero delay loop containing .dependencyLoop2.original
  in .dependencyLoop2 and .dependencyLoop2.original
	at ptolemy.actor.util.CausalityInterfaceForComposites._computeOutputPortDepth(CausalityInterfaceForComposites.java:759)
	at ptolemy.actor.util.CausalityInterfaceForComposites._computeInputDepth(CausalityInterfaceForComposites.java:696)
	at ptolemy.actor.util.CausalityInterfaceForComposites._computeOutputPortDepth(CausalityInterfaceForComposites.java:765)
	at ptolemy.actor.util.CausalityInterfaceForComposites._computeInputDepth(CausalityInterfaceForComposites.java:696)
	at ptolemy.actor.util.CausalityInterfaceForComposites._computeOutputPortDepth(CausalityInterfaceForComposites.java:765)
	at ptolemy.actor.util.CausalityInterfaceForComposites._computeInputDepth(CausalityInterfaceForComposites.java:696)
	at ptolemy.actor.util.CausalityInterfaceForComposites._computeActorDepth(CausalityInterfaceForComposites.java:532)
	at ptolemy.actor.util.CausalityInterfaceForComposites.checkForCycles(CausalityInterfaceForComposites.java:96)
	at ptolemy.domains.de.kernel.DEDirector.preinitialize(DEDirector.java:1337)
	at ptolemy.actor.CompositeActor.preinitialize(CompositeActor.java:1828)
	at ptolemy.actor.Manager.preinitializeAndResolveTypes(Manager.java:1040)
	at ptolemy.actor.Manager.initialize(Manager.java:710)
	at ptolemy.actor.Manager.execute(Manager.java:356)
	at ptolemy.actor.Manager.run(Manager.java:1263)
	at ptolemy.actor.Manager$PtolemyRunThread.run(Manager.java:1915)

    while executing
ptolemy.kernel.util.IllegalActionException: Found a zero delay loop containing .dependencyLoop2.original
  in .dependencyLoop2 and .dependencyLoop2.original
    while executing
"java::new ptolemy.moml.MoMLSimpleApplication $file
"
    (procedure "createAndExecute" line 2)
    invoked from within
"createAndExecute $file"
    ("uplevel" body line 5)
    invoked from within
"uplevel $contents_of_test"
------------------ testing $PTII/ptolemy/domains/de/test/auto/knownFailedTests/HierarchicalModel.xml (Known Failure) 
6 ms. Memory: 146944K Free: 83590K (57%)


==== $PTIIhome/travis/build/icyphy/ptII/ptolemy/domains/de/test/../../../../: Auto Automatic test in file $PTII/ptolemy/domains/de/test/auto/knownFailedTests/HierarchicalModel.xml
==== Contents of test case:

	    # FIXME: we should use $relativeFilename here, but it
	    # might have backslashes under Windows, which causes no end
	    # of trouble.
	    createAndExecute $file
	    list {}
	
.... Test generated KNOWN error:
    while executing
ptolemy.kernel.util.IllegalActionException: Found a zero delay loop containing .HierarchicalModel.A
  in .HierarchicalModel and .HierarchicalModel.A
	at ptolemy.actor.util.CausalityInterfaceForComposites._computeOutputPortDepth(CausalityInterfaceForComposites.java:759)
	at ptolemy.actor.util.CausalityInterfaceForComposites._computeInputDepth(CausalityInterfaceForComposites.java:696)
	at ptolemy.actor.util.CausalityInterfaceForComposites._computeOutputPortDepth(CausalityInterfaceForComposites.java:765)
	at ptolemy.actor.util.CausalityInterfaceForComposites._computeInputDepth(CausalityInterfaceForComposites.java:696)
	at ptolemy.actor.util.CausalityInterfaceForComposites._computeOutputPortDepth(CausalityInterfaceForComposites.java:765)
	at ptolemy.actor.util.CausalityInterfaceForComposites._computeInputDepth(CausalityInterfaceForComposites.java:696)
	at ptolemy.actor.util.CausalityInterfaceForComposites._computeActorDepth(CausalityInterfaceForComposites.java:532)
	at ptolemy.actor.util.CausalityInterfaceForComposites.checkForCycles(CausalityInterfaceForComposites.java:96)
	at ptolemy.domains.de.kernel.DEDirector.preinitialize(DEDirector.java:1337)
	at ptolemy.actor.CompositeActor.preinitialize(CompositeActor.java:1828)
	at ptolemy.actor.Manager.preinitializeAndResolveTypes(Manager.java:1040)
	at ptolemy.actor.Manager.initialize(Manager.java:710)
	at ptolemy.actor.Manager.execute(Manager.java:356)
	at ptolemy.actor.Manager.run(Manager.java:1263)
	at ptolemy.actor.Manager$PtolemyRunThread.run(Manager.java:1915)

    while executing
ptolemy.kernel.util.IllegalActionException: Found a zero delay loop containing .HierarchicalModel.A
  in .HierarchicalModel and .HierarchicalModel.A
    while executing
"java::new ptolemy.moml.MoMLSimpleApplication $file
"
    (procedure "createAndExecute" line 2)
    invoked from within
"createAndExecute $file"
    ("uplevel" body line 5)
    invoked from within
"uplevel $contents_of_test"
------------------ testing $PTII/ptolemy/domains/de/test/auto/knownFailedTests/DirectFeedback.xml (Known Failure) 
4 ms. Memory: 146944K Free: 139151K (95%)


==== $PTIIhome/travis/build/icyphy/ptII/ptolemy/domains/de/test/../../../../: Auto Automatic test in file $PTII/ptolemy/domains/de/test/auto/knownFailedTests/DirectFeedback.xml
==== Contents of test case:

	    # FIXME: we should use $relativeFilename here, but it
	    # might have backslashes under Windows, which causes no end
	    # of trouble.
	    createAndExecute $file
	    list {}
	
.... Test generated KNOWN error:
    while executing
ptolemy.kernel.util.IllegalActionException: Test fails in iteration 1.
Value was: 1.0. Should have been: 2.0
  in .DirectFeedback.Test
	at ptolemy.actor.lib.Test.fire(Test.java:268)
	at ptolemy.domains.de.kernel.DEDirector._fire(DEDirector.java:1948)
	at ptolemy.domains.de.kernel.DEDirector.fire(DEDirector.java:502)
	at ptolemy.actor.CompositeActor.fire(CompositeActor.java:455)
	at ptolemy.actor.Manager.iterate(Manager.java:851)
	at ptolemy.actor.Manager.execute(Manager.java:369)
	at ptolemy.actor.Manager.run(Manager.java:1263)
	at ptolemy.actor.Manager$PtolemyRunThread.run(Manager.java:1915)

    while executing
ptolemy.kernel.util.IllegalActionException: Test fails in iteration 1.
Value was: 1.0. Should have been: 2.0
  in .DirectFeedback.Test
    while executing
"java::new ptolemy.moml.MoMLSimpleApplication $file
"
    (procedure "createAndExecute" line 2)
    invoked from within
"createAndExecute $file"
    ("uplevel" body line 5)
    invoked from within
"uplevel $contents_of_test"
------------------ testing $PTII/ptolemy/domains/de/test/auto/ActorDepthCalculation_actorWithoutPorts.xml
auto.tcl: Setting watchdog for 200 seconds at Wed Apr 25 00:12:36 UTC 2018
5 ms. Memory: 146944K Free: 131605K (90%)
ptolemy.util.test.WatchDog.cancel(): canceling Wed Apr 25 00:12:36 UTC 2018
auto.tcl: Setting watchdog for 200 seconds at Wed Apr 25 00:12:36 UTC 2018
5 ms. Memory: 146944K Free: 129529K (88%)
ptolemy.util.test.WatchDog.cancel(): canceling Wed Apr 25 00:12:36 UTC 2018
------------------ testing $PTII/ptolemy/domains/de/test/auto/AssemblyLine.xml
auto.tcl: Setting watchdog for 200 seconds at Wed Apr 25 00:12:37 UTC 2018
20 ms. Memory: 208384K Free: 183225K (88%)
ptolemy.util.test.WatchDog.cancel(): canceling Wed Apr 25 00:12:37 UTC 2018
auto.tcl: Setting watchdog for 200 seconds at Wed Apr 25 00:12:37 UTC 2018
8 ms. Memory: 208384K Free: 183225K (88%)
ptolemy.util.test.WatchDog.cancel(): canceling Wed Apr 25 00:12:37 UTC 2018
------------------ testing $PTII/ptolemy/domains/de/test/auto/CQBug1.xml
auto.tcl: Setting watchdog for 200 seconds at Wed Apr 25 00:12:37 UTC 2018
4 ms. Memory: 208384K Free: 197706K (95%)
ptolemy.util.test.WatchDog.cancel(): canceling Wed Apr 25 00:12:37 UTC 2018
auto.tcl: Setting watchdog for 200 seconds at Wed Apr 25 00:12:37 UTC 2018
3 ms. Memory: 208384K Free: 197706K (95%)
ptolemy.util.test.WatchDog.cancel(): canceling Wed Apr 25 00:12:37 UTC 2018
------------------ testing $PTII/ptolemy/domains/de/test/auto/CancelFireAt.xml
auto.tcl: Setting watchdog for 200 seconds at Wed Apr 25 00:12:37 UTC 2018
7 ms. Memory: 208384K Free: 201097K (97%)
ptolemy.util.test.WatchDog.cancel(): canceling Wed Apr 25 00:12:37 UTC 2018
auto.tcl: Setting watchdog for 200 seconds at Wed Apr 25 00:12:37 UTC 2018
4 ms. Memory: 208384K Free: 198988K (95%)
ptolemy.util.test.WatchDog.cancel(): canceling Wed Apr 25 00:12:37 UTC 2018
------------------ testing $PTII/ptolemy/domains/de/test/auto/CausalityAndComposabilityAnalysis.xml
auto.tcl: Setting watchdog for 200 seconds at Wed Apr 25 00:12:37 UTC 2018
12 ms. Memory: 208384K Free: 196477K (94%)
ptolemy.util.test.WatchDog.cancel(): canceling Wed Apr 25 00:12:37 UTC 2018
auto.tcl: Setting watchdog for 200 seconds at Wed Apr 25 00:12:37 UTC 2018
10 ms. Memory: 208384K Free: 196477K (94%)
ptolemy.util.test.WatchDog.cancel(): canceling Wed Apr 25 00:12:37 UTC 2018
------------------ testing $PTII/ptolemy/domains/de/test/auto/CausalityInterface1.xml
auto.tcl: Setting watchdog for 200 seconds at Wed Apr 25 00:12:37 UTC 2018
10 ms. Memory: 208384K Free: 196413K (94%)
ptolemy.util.test.WatchDog.cancel(): canceling Wed Apr 25 00:12:37 UTC 2018
auto.tcl: Setting watchdog for 200 seconds at Wed Apr 25 00:12:37 UTC 2018
4 ms. Memory: 208384K Free: 196413K (94%)
ptolemy.util.test.WatchDog.cancel(): canceling Wed Apr 25 00:12:37 UTC 2018
------------------ testing $PTII/ptolemy/domains/de/test/auto/CausalityInterface15.xml
auto.tcl: Setting watchdog for 200 seconds at Wed Apr 25 00:12:37 UTC 2018
5 ms. Memory: 208384K Free: 196405K (94%)
ptolemy.util.test.WatchDog.cancel(): canceling Wed Apr 25 00:12:37 UTC 2018
auto.tcl: Setting watchdog for 200 seconds at Wed Apr 25 00:12:37 UTC 2018
7 ms. Memory: 208384K Free: 194296K (93%)
ptolemy.util.test.WatchDog.cancel(): canceling Wed Apr 25 00:12:38 UTC 2018
------------------ testing $PTII/ptolemy/domains/de/test/auto/CausalityInterface2.xml
auto.tcl: Setting watchdog for 200 seconds at Wed Apr 25 00:12:38 UTC 2018
7 ms. Memory: 208384K Free: 196388K (94%)
ptolemy.util.test.WatchDog.cancel(): canceling Wed Apr 25 00:12:38 UTC 2018
auto.tcl: Setting watchdog for 200 seconds at Wed Apr 25 00:12:38 UTC 2018
6 ms. Memory: 208384K Free: 196388K (94%)
ptolemy.util.test.WatchDog.cancel(): canceling Wed Apr 25 00:12:38 UTC 2018
------------------ testing $PTII/ptolemy/domains/de/test/auto/CausalityInterface3.xml
auto.tcl: Setting watchdog for 200 seconds at Wed Apr 25 00:12:38 UTC 2018
4 ms. Memory: 208384K Free: 196401K (94%)
ptolemy.util.test.WatchDog.cancel(): canceling Wed Apr 25 00:12:38 UTC 2018
auto.tcl: Setting watchdog for 200 seconds at Wed Apr 25 00:12:38 UTC 2018
7 ms. Memory: 208384K Free: 196401K (94%)
ptolemy.util.test.WatchDog.cancel(): canceling Wed Apr 25 00:12:38 UTC 2018
------------------ testing $PTII/ptolemy/domains/de/test/auto/ClockDrift.xml
auto.tcl: Setting watchdog for 200 seconds at Wed Apr 25 00:12:38 UTC 2018
73 ms. Memory: 208384K Free: 187607K (90%)
ptolemy.util.test.WatchDog.cancel(): canceling Wed Apr 25 00:12:38 UTC 2018
auto.tcl: Setting watchdog for 200 seconds at Wed Apr 25 00:12:38 UTC 2018
47 ms. Memory: 208384K Free: 185498K (89%)
ptolemy.util.test.WatchDog.cancel(): canceling Wed Apr 25 00:12:38 UTC 2018
------------------ testing $PTII/ptolemy/domains/de/test/auto/ClockDriftAndValueChange.xml
auto.tcl: Setting watchdog for 200 seconds at Wed Apr 25 00:12:38 UTC 2018
60 ms. Memory: 208384K Free: 187443K (90%)
ptolemy.util.test.WatchDog.cancel(): canceling Wed Apr 25 00:12:38 UTC 2018
auto.tcl: Setting watchdog for 200 seconds at Wed Apr 25 00:12:38 UTC 2018
49 ms. Memory: 208384K Free: 185334K (89%)
ptolemy.util.test.WatchDog.cancel(): canceling Wed Apr 25 00:12:38 UTC 2018
------------------ testing $PTII/ptolemy/domains/de/test/auto/ClockDriftChange.xml
auto.tcl: Setting watchdog for 200 seconds at Wed Apr 25 00:12:38 UTC 2018
26 ms. Memory: 208384K Free: 190773K (92%)
ptolemy.util.test.WatchDog.cancel(): canceling Wed Apr 25 00:12:38 UTC 2018
auto.tcl: Setting watchdog for 200 seconds at Wed Apr 25 00:12:38 UTC 2018
30 ms. Memory: 208384K Free: 188665K (91%)
ptolemy.util.test.WatchDog.cancel(): canceling Wed Apr 25 00:12:38 UTC 2018
------------------ testing $PTII/ptolemy/domains/de/test/auto/ComposableCausalityAnalysis.xml
auto.tcl: Setting watchdog for 200 seconds at Wed Apr 25 00:12:38 UTC 2018
3 ms. Memory: 208384K Free: 196256K (94%)
ptolemy.util.test.WatchDog.cancel(): canceling Wed Apr 25 00:12:38 UTC 2018
auto.tcl: Setting watchdog for 200 seconds at Wed Apr 25 00:12:38 UTC 2018
1 ms. Memory: 208384K Free: 194148K (93%)
ptolemy.util.test.WatchDog.cancel(): canceling Wed Apr 25 00:12:38 UTC 2018
------------------ testing $PTII/ptolemy/domains/de/test/auto/DEFixedPointLimitation.xml
auto.tcl: Setting watchdog for 200 seconds at Wed Apr 25 00:12:38 UTC 2018
2 ms. Memory: 208384K Free: 196337K (94%)
ptolemy.util.test.WatchDog.cancel(): canceling Wed Apr 25 00:12:39 UTC 2018
auto.tcl: Setting watchdog for 200 seconds at Wed Apr 25 00:12:39 UTC 2018
1 ms. Memory: 208384K Free: 196337K (94%)
ptolemy.util.test.WatchDog.cancel(): canceling Wed Apr 25 00:12:39 UTC 2018
------------------ testing $PTII/ptolemy/domains/de/test/auto/DEScheduleTest.xml
auto.tcl: Setting watchdog for 200 seconds at Wed Apr 25 00:12:39 UTC 2018
6 ms. Memory: 208384K Free: 198481K (95%)
ptolemy.util.test.WatchDog.cancel(): canceling Wed Apr 25 00:12:39 UTC 2018
auto.tcl: Setting watchdog for 200 seconds at Wed Apr 25 00:12:39 UTC 2018
7 ms. Memory: 208384K Free: 196373K (94%)
ptolemy.util.test.WatchDog.cancel(): canceling Wed Apr 25 00:12:39 UTC 2018
------------------ testing $PTII/ptolemy/domains/de/test/auto/DEinDEwithStartTimes.xml
auto.tcl: Setting watchdog for 200 seconds at Wed Apr 25 00:12:39 UTC 2018
5 ms. Memory: 208384K Free: 196342K (94%)
ptolemy.util.test.WatchDog.cancel(): canceling Wed Apr 25 00:12:39 UTC 2018
auto.tcl: Setting watchdog for 200 seconds at Wed Apr 25 00:12:39 UTC 2018
4 ms. Memory: 208384K Free: 194233K (93%)
ptolemy.util.test.WatchDog.cancel(): canceling Wed Apr 25 00:12:39 UTC 2018
------------------ testing $PTII/ptolemy/domains/de/test/auto/DEinDEwithStartTimes2.xml
auto.tcl: Setting watchdog for 200 seconds at Wed Apr 25 00:12:39 UTC 2018
7 ms. Memory: 208384K Free: 196659K (94%)
ptolemy.util.test.WatchDog.cancel(): canceling Wed Apr 25 00:12:39 UTC 2018
auto.tcl: Setting watchdog for 200 seconds at Wed Apr 25 00:12:39 UTC 2018
4 ms. Memory: 208384K Free: 194213K (93%)
ptolemy.util.test.WatchDog.cancel(): canceling Wed Apr 25 00:12:39 UTC 2018
------------------ testing $PTII/ptolemy/domains/de/test/auto/DateDemo.xml
auto.tcl: Setting watchdog for 200 seconds at Wed Apr 25 00:12:39 UTC 2018
8 ms. Memory: 208384K Free: 188741K (91%)
ptolemy.util.test.WatchDog.cancel(): canceling Wed Apr 25 00:12:39 UTC 2018
auto.tcl: Setting watchdog for 200 seconds at Wed Apr 25 00:12:39 UTC 2018
10 ms. Memory: 208384K Free: 186632K (90%)
ptolemy.util.test.WatchDog.cancel(): canceling Wed Apr 25 00:12:39 UTC 2018
------------------ testing $PTII/ptolemy/domains/de/test/auto/DateToEvent.xml
auto.tcl: Setting watchdog for 200 seconds at Wed Apr 25 00:12:39 UTC 2018
2017 ms. Memory: 208384K Free: 183429K (88%)
ptolemy.util.test.WatchDog.cancel(): canceling Wed Apr 25 00:12:41 UTC 2018
auto.tcl: Setting watchdog for 200 seconds at Wed Apr 25 00:12:41 UTC 2018
2006 ms. Memory: 208384K Free: 180972K (87%)
ptolemy.util.test.WatchDog.cancel(): canceling Wed Apr 25 00:12:43 UTC 2018
------------------ testing $PTII/ptolemy/domains/de/test/auto/DepthTest1.xml
auto.tcl: Setting watchdog for 200 seconds at Wed Apr 25 00:12:43 UTC 2018
2 ms. Memory: 208384K Free: 198011K (95%)
ptolemy.util.test.WatchDog.cancel(): canceling Wed Apr 25 00:12:43 UTC 2018
auto.tcl: Setting watchdog for 200 seconds at Wed Apr 25 00:12:43 UTC 2018
1 ms. Memory: 208384K Free: 198011K (95%)
ptolemy.util.test.WatchDog.cancel(): canceling Wed Apr 25 00:12:43 UTC 2018
------------------ testing $PTII/ptolemy/domains/de/test/auto/DepthTest2.xml
auto.tcl: Setting watchdog for 200 seconds at Wed Apr 25 00:12:43 UTC 2018
6 ms. Memory: 208384K Free: 194195K (93%)
ptolemy.util.test.WatchDog.cancel(): canceling Wed Apr 25 00:12:43 UTC 2018
auto.tcl: Setting watchdog for 200 seconds at Wed Apr 25 00:12:43 UTC 2018
6 ms. Memory: 208384K Free: 194195K (93%)
ptolemy.util.test.WatchDog.cancel(): canceling Wed Apr 25 00:12:43 UTC 2018
------------------ testing $PTII/ptolemy/domains/de/test/auto/DepthTest3.xml
auto.tcl: Setting watchdog for 200 seconds at Wed Apr 25 00:12:43 UTC 2018
2 ms. Memory: 208384K Free: 198345K (95%)
ptolemy.util.test.WatchDog.cancel(): canceling Wed Apr 25 00:12:43 UTC 2018
auto.tcl: Setting watchdog for 200 seconds at Wed Apr 25 00:12:43 UTC 2018
2 ms. Memory: 208384K Free: 198345K (95%)
ptolemy.util.test.WatchDog.cancel(): canceling Wed Apr 25 00:12:43 UTC 2018
------------------ testing $PTII/ptolemy/domains/de/test/auto/DepthTest4.xml
auto.tcl: Setting watchdog for 200 seconds at Wed Apr 25 00:12:43 UTC 2018
3 ms. Memory: 208384K Free: 196323K (94%)
ptolemy.util.test.WatchDog.cancel(): canceling Wed Apr 25 00:12:43 UTC 2018
auto.tcl: Setting watchdog for 200 seconds at Wed Apr 25 00:12:43 UTC 2018
3 ms. Memory: 208384K Free: 196323K (94%)
ptolemy.util.test.WatchDog.cancel(): canceling Wed Apr 25 00:12:43 UTC 2018
------------------ testing $PTII/ptolemy/domains/de/test/auto/DepthTest5.xml
auto.tcl: Setting watchdog for 200 seconds at Wed Apr 25 00:12:43 UTC 2018
7 ms. Memory: 208384K Free: 196608K (94%)
ptolemy.util.test.WatchDog.cancel(): canceling Wed Apr 25 00:12:43 UTC 2018
auto.tcl: Setting watchdog for 200 seconds at Wed Apr 25 00:12:43 UTC 2018
2 ms. Memory: 208384K Free: 196608K (94%)
ptolemy.util.test.WatchDog.cancel(): canceling Wed Apr 25 00:12:43 UTC 2018
------------------ testing $PTII/ptolemy/domains/de/test/auto/DepthTest6.xml
auto.tcl: Setting watchdog for 200 seconds at Wed Apr 25 00:12:43 UTC 2018
4 ms. Memory: 208384K Free: 196247K (94%)
ptolemy.util.test.WatchDog.cancel(): canceling Wed Apr 25 00:12:44 UTC 2018
auto.tcl: Setting watchdog for 200 seconds at Wed Apr 25 00:12:44 UTC 2018
2 ms. Memory: 208384K Free: 196247K (94%)
ptolemy.util.test.WatchDog.cancel(): canceling Wed Apr 25 00:12:44 UTC 2018
------------------ testing $PTII/ptolemy/domains/de/test/auto/DepthTest7.xml
auto.tcl: Setting watchdog for 200 seconds at Wed Apr 25 00:12:44 UTC 2018
3 ms. Memory: 208384K Free: 196243K (94%)
ptolemy.util.test.WatchDog.cancel(): canceling Wed Apr 25 00:12:44 UTC 2018
auto.tcl: Setting watchdog for 200 seconds at Wed Apr 25 00:12:44 UTC 2018
3 ms. Memory: 208384K Free: 196243K (94%)
ptolemy.util.test.WatchDog.cancel(): canceling Wed Apr 25 00:12:44 UTC 2018
------------------ testing $PTII/ptolemy/domains/de/test/auto/EventToDate.xml
auto.tcl: Setting watchdog for 200 seconds at Wed Apr 25 00:12:44 UTC 2018
3013 ms. Memory: 208384K Free: 185720K (89%)
ptolemy.util.test.WatchDog.cancel(): canceling Wed Apr 25 00:12:47 UTC 2018
auto.tcl: Setting watchdog for 200 seconds at Wed Apr 25 00:12:47 UTC 2018
3004 ms. Memory: 208384K Free: 185720K (89%)
ptolemy.util.test.WatchDog.cancel(): canceling Wed Apr 25 00:12:50 UTC 2018
------------------ testing $PTII/ptolemy/domains/de/test/auto/FSM1.xml
auto.tcl: Setting watchdog for 200 seconds at Wed Apr 25 00:12:50 UTC 2018
44 ms. Memory: 208384K Free: 187153K (90%)
ptolemy.util.test.WatchDog.cancel(): canceling Wed Apr 25 00:12:50 UTC 2018
auto.tcl: Setting watchdog for 200 seconds at Wed Apr 25 00:12:50 UTC 2018
17 ms. Memory: 208384K Free: 185044K (89%)
ptolemy.util.test.WatchDog.cancel(): canceling Wed Apr 25 00:12:50 UTC 2018
------------------ testing $PTII/ptolemy/domains/de/test/auto/FSM7.xml
auto.tcl: Setting watchdog for 200 seconds at Wed Apr 25 00:12:50 UTC 2018
17 ms. Memory: 208384K Free: 184899K (89%)
ptolemy.util.test.WatchDog.cancel(): canceling Wed Apr 25 00:12:50 UTC 2018
auto.tcl: Setting watchdog for 200 seconds at Wed Apr 25 00:12:50 UTC 2018
16 ms. Memory: 208384K Free: 182790K (88%)
ptolemy.util.test.WatchDog.cancel(): canceling Wed Apr 25 00:12:50 UTC 2018
------------------ testing $PTII/ptolemy/domains/de/test/auto/Inspection.xml
auto.tcl: Setting watchdog for 200 seconds at Wed Apr 25 00:12:50 UTC 2018
45 ms. Memory: 208384K Free: 188570K (90%)
ptolemy.util.test.WatchDog.cancel(): canceling Wed Apr 25 00:12:50 UTC 2018
auto.tcl: Setting watchdog for 200 seconds at Wed Apr 25 00:12:50 UTC 2018
35 ms. Memory: 208384K Free: 186461K (89%)
ptolemy.util.test.WatchDog.cancel(): canceling Wed Apr 25 00:12:50 UTC 2018
------------------ testing $PTII/ptolemy/domains/de/test/auto/Iteration.xml
auto.tcl: Setting watchdog for 200 seconds at Wed Apr 25 00:12:50 UTC 2018
9 ms. Memory: 208384K Free: 193893K (93%)
ptolemy.util.test.WatchDog.cancel(): canceling Wed Apr 25 00:12:50 UTC 2018
auto.tcl: Setting watchdog for 200 seconds at Wed Apr 25 00:12:50 UTC 2018
8 ms. Memory: 208384K Free: 193893K (93%)
ptolemy.util.test.WatchDog.cancel(): canceling Wed Apr 25 00:12:50 UTC 2018
------------------ testing $PTII/ptolemy/domains/de/test/auto/LineFault.xml
auto.tcl: Setting watchdog for 200 seconds at Wed Apr 25 00:12:50 UTC 2018
825 ms. Memory: 208384K Free: 196286K (94%)
ptolemy.util.test.WatchDog.cancel(): canceling Wed Apr 25 00:12:52 UTC 2018
auto.tcl: Setting watchdog for 200 seconds at Wed Apr 25 00:12:52 UTC 2018
712 ms. Memory: 208384K Free: 138714K (67%)
ptolemy.util.test.WatchDog.cancel(): canceling Wed Apr 25 00:12:52 UTC 2018
------------------ testing $PTII/ptolemy/domains/de/test/auto/MergeModel1Add.xml
auto.tcl: Setting watchdog for 200 seconds at Wed Apr 25 00:12:52 UTC 2018
15 ms. Memory: 331264K Free: 302637K (91%)
ptolemy.util.test.WatchDog.cancel(): canceling Wed Apr 25 00:12:52 UTC 2018
auto.tcl: Setting watchdog for 200 seconds at Wed Apr 25 00:12:52 UTC 2018
10 ms. Memory: 331264K Free: 298659K (90%)
ptolemy.util.test.WatchDog.cancel(): canceling Wed Apr 25 00:12:52 UTC 2018
------------------ testing $PTII/ptolemy/domains/de/test/auto/MergeModel2Add.xml
auto.tcl: Setting watchdog for 200 seconds at Wed Apr 25 00:12:53 UTC 2018
14 ms. Memory: 331264K Free: 304006K (92%)
ptolemy.util.test.WatchDog.cancel(): canceling Wed Apr 25 00:12:53 UTC 2018
auto.tcl: Setting watchdog for 200 seconds at Wed Apr 25 00:12:53 UTC 2018
12 ms. Memory: 331264K Free: 300028K (91%)
ptolemy.util.test.WatchDog.cancel(): canceling Wed Apr 25 00:12:53 UTC 2018
------------------ testing $PTII/ptolemy/domains/de/test/auto/MergeModel3Add.xml
auto.tcl: Setting watchdog for 200 seconds at Wed Apr 25 00:12:53 UTC 2018
12 ms. Memory: 331264K Free: 304016K (92%)
ptolemy.util.test.WatchDog.cancel(): canceling Wed Apr 25 00:12:53 UTC 2018
auto.tcl: Setting watchdog for 200 seconds at Wed Apr 25 00:12:53 UTC 2018
13 ms. Memory: 331264K Free: 300038K (91%)
ptolemy.util.test.WatchDog.cancel(): canceling Wed Apr 25 00:12:53 UTC 2018
------------------ testing $PTII/ptolemy/domains/de/test/auto/MergeWithoutDiscard.xml
auto.tcl: Setting watchdog for 200 seconds at Wed Apr 25 00:12:53 UTC 2018
2 ms. Memory: 331264K Free: 316233K (95%)
ptolemy.util.test.WatchDog.cancel(): canceling Wed Apr 25 00:12:53 UTC 2018
auto.tcl: Setting watchdog for 200 seconds at Wed Apr 25 00:12:53 UTC 2018
2 ms. Memory: 331264K Free: 316233K (95%)
ptolemy.util.test.WatchDog.cancel(): canceling Wed Apr 25 00:12:53 UTC 2018
------------------ testing $PTII/ptolemy/domains/de/test/auto/Modal1.xml
auto.tcl: Setting watchdog for 200 seconds at Wed Apr 25 00:12:53 UTC 2018
14 ms. Memory: 331264K Free: 309826K (94%)
ptolemy.util.test.WatchDog.cancel(): canceling Wed Apr 25 00:12:53 UTC 2018
auto.tcl: Setting watchdog for 200 seconds at Wed Apr 25 00:12:53 UTC 2018
13 ms. Memory: 331264K Free: 305848K (92%)
ptolemy.util.test.WatchDog.cancel(): canceling Wed Apr 25 00:12:53 UTC 2018
------------------ testing $PTII/ptolemy/domains/de/test/auto/Modal2.xml
auto.tcl: Setting watchdog for 200 seconds at Wed Apr 25 00:12:53 UTC 2018
22 ms. Memory: 331264K Free: 309700K (93%)
ptolemy.util.test.WatchDog.cancel(): canceling Wed Apr 25 00:12:53 UTC 2018
auto.tcl: Setting watchdog for 200 seconds at Wed Apr 25 00:12:53 UTC 2018
20 ms. Memory: 331264K Free: 305722K (92%)
ptolemy.util.test.WatchDog.cancel(): canceling Wed Apr 25 00:12:53 UTC 2018
------------------ testing $PTII/ptolemy/domains/de/test/auto/Modal3.xml
auto.tcl: Setting watchdog for 200 seconds at Wed Apr 25 00:12:53 UTC 2018
12 ms. Memory: 331264K Free: 309698K (93%)
ptolemy.util.test.WatchDog.cancel(): canceling Wed Apr 25 00:12:53 UTC 2018
auto.tcl: Setting watchdog for 200 seconds at Wed Apr 25 00:12:53 UTC 2018
12 ms. Memory: 331264K Free: 305720K (92%)
ptolemy.util.test.WatchDog.cancel(): canceling Wed Apr 25 00:12:53 UTC 2018
------------------ testing $PTII/ptolemy/domains/de/test/auto/Modal4.xml
auto.tcl: Setting watchdog for 200 seconds at Wed Apr 25 00:12:53 UTC 2018
14 ms. Memory: 331264K Free: 309695K (93%)
ptolemy.util.test.WatchDog.cancel(): canceling Wed Apr 25 00:12:53 UTC 2018
auto.tcl: Setting watchdog for 200 seconds at Wed Apr 25 00:12:53 UTC 2018
22 ms. Memory: 331264K Free: 305717K (92%)
ptolemy.util.test.WatchDog.cancel(): canceling Wed Apr 25 00:12:53 UTC 2018
------------------ testing $PTII/ptolemy/domains/de/test/auto/Modal5.xml
auto.tcl: Setting watchdog for 200 seconds at Wed Apr 25 00:12:53 UTC 2018
19 ms. Memory: 331264K Free: 309682K (93%)
ptolemy.util.test.WatchDog.cancel(): canceling Wed Apr 25 00:12:53 UTC 2018
auto.tcl: Setting watchdog for 200 seconds at Wed Apr 25 00:12:53 UTC 2018
15 ms. Memory: 331264K Free: 305704K (92%)
ptolemy.util.test.WatchDog.cancel(): canceling Wed Apr 25 00:12:53 UTC 2018
------------------ testing $PTII/ptolemy/domains/de/test/auto/Modal6.xml
auto.tcl: Setting watchdog for 200 seconds at Wed Apr 25 00:12:54 UTC 2018
15 ms. Memory: 331264K Free: 309679K (93%)
ptolemy.util.test.WatchDog.cancel(): canceling Wed Apr 25 00:12:54 UTC 2018
auto.tcl: Setting watchdog for 200 seconds at Wed Apr 25 00:12:54 UTC 2018
17 ms. Memory: 331264K Free: 305701K (92%)
ptolemy.util.test.WatchDog.cancel(): canceling Wed Apr 25 00:12:54 UTC 2018
------------------ testing $PTII/ptolemy/domains/de/test/auto/Modal7.xml
auto.tcl: Setting watchdog for 200 seconds at Wed Apr 25 00:12:54 UTC 2018
12 ms. Memory: 331264K Free: 309679K (93%)
ptolemy.util.test.WatchDog.cancel(): canceling Wed Apr 25 00:12:54 UTC 2018
auto.tcl: Setting watchdog for 200 seconds at Wed Apr 25 00:12:54 UTC 2018
12 ms. Memory: 331264K Free: 305701K (92%)
ptolemy.util.test.WatchDog.cancel(): canceling Wed Apr 25 00:12:54 UTC 2018
------------------ testing $PTII/ptolemy/domains/de/test/auto/ModalModel.xml
auto.tcl: Setting watchdog for 200 seconds at Wed Apr 25 00:12:54 UTC 2018
241 ms. Memory: 331264K Free: 246104K (74%)
ptolemy.util.test.WatchDog.cancel(): canceling Wed Apr 25 00:12:54 UTC 2018
auto.tcl: Setting watchdog for 200 seconds at Wed Apr 25 00:12:54 UTC 2018
259 ms. Memory: 331264K Free: 190412K (57%)
ptolemy.util.test.WatchDog.cancel(): canceling Wed Apr 25 00:12:54 UTC 2018
------------------ testing $PTII/ptolemy/domains/de/test/auto/ModalSource.xml
auto.tcl: Setting watchdog for 200 seconds at Wed Apr 25 00:12:54 UTC 2018
12 ms. Memory: 331264K Free: 316512K (96%)
ptolemy.util.test.WatchDog.cancel(): canceling Wed Apr 25 00:12:54 UTC 2018
auto.tcl: Setting watchdog for 200 seconds at Wed Apr 25 00:12:54 UTC 2018
8 ms. Memory: 331264K Free: 312974K (94%)
ptolemy.util.test.WatchDog.cancel(): canceling Wed Apr 25 00:12:54 UTC 2018
------------------ testing $PTII/ptolemy/domains/de/test/auto/NonInterruptibleTimerZeroDelay.xml
auto.tcl: Setting watchdog for 200 seconds at Wed Apr 25 00:12:54 UTC 2018
4 ms. Memory: 331264K Free: 320888K (97%)
ptolemy.util.test.WatchDog.cancel(): canceling Wed Apr 25 00:12:54 UTC 2018
auto.tcl: Setting watchdog for 200 seconds at Wed Apr 25 00:12:54 UTC 2018
3 ms. Memory: 331264K Free: 317349K (96%)
ptolemy.util.test.WatchDog.cancel(): canceling Wed Apr 25 00:12:54 UTC 2018
------------------ testing $PTII/ptolemy/domains/de/test/auto/OpenQueueingNetwork.xml
auto.tcl: Setting watchdog for 200 seconds at Wed Apr 25 00:12:55 UTC 2018
3154 ms. Memory: 307712K Free: 154037K (50%)
ptolemy.util.test.WatchDog.cancel(): canceling Wed Apr 25 00:12:58 UTC 2018
auto.tcl: Setting watchdog for 200 seconds at Wed Apr 25 00:12:58 UTC 2018
2940 ms. Memory: 278528K Free: 211417K (76%)
ptolemy.util.test.WatchDog.cancel(): canceling Wed Apr 25 00:13:01 UTC 2018
------------------ testing $PTII/ptolemy/domains/de/test/auto/OpenQueuingNetwork.xml
auto.tcl: Setting watchdog for 200 seconds at Wed Apr 25 00:13:01 UTC 2018
306 ms. Memory: 278528K Free: 182900K (66%)
ptolemy.util.test.WatchDog.cancel(): canceling Wed Apr 25 00:13:01 UTC 2018
auto.tcl: Setting watchdog for 200 seconds at Wed Apr 25 00:13:01 UTC 2018
280 ms. Memory: 278528K Free: 122018K (44%)
ptolemy.util.test.WatchDog.cancel(): canceling Wed Apr 25 00:13:02 UTC 2018
------------------ testing $PTII/ptolemy/domains/de/test/auto/PeriodicSampler.xml
auto.tcl: Setting watchdog for 200 seconds at Wed Apr 25 00:13:02 UTC 2018
2 ms. Memory: 281088K Free: 266573K (95%)
ptolemy.util.test.WatchDog.cancel(): canceling Wed Apr 25 00:13:02 UTC 2018
auto.tcl: Setting watchdog for 200 seconds at Wed Apr 25 00:13:02 UTC 2018
2 ms. Memory: 281088K Free: 266573K (95%)
ptolemy.util.test.WatchDog.cancel(): canceling Wed Apr 25 00:13:02 UTC 2018
------------------ testing $PTII/ptolemy/domains/de/test/auto/PersistentIO.xml
auto.tcl: Setting watchdog for 200 seconds at Wed Apr 25 00:13:02 UTC 2018
13 ms. Memory: 278528K Free: 259038K (93%)
ptolemy.util.test.WatchDog.cancel(): canceling Wed Apr 25 00:13:02 UTC 2018
auto.tcl: Setting watchdog for 200 seconds at Wed Apr 25 00:13:02 UTC 2018
4 ms. Memory: 278528K Free: 259038K (93%)
ptolemy.util.test.WatchDog.cancel(): canceling Wed Apr 25 00:13:02 UTC 2018
------------------ testing $PTII/ptolemy/domains/de/test/auto/PortParameterResetOnInitialize.xml
auto.tcl: Setting watchdog for 200 seconds at Wed Apr 25 00:13:02 UTC 2018
3 ms. Memory: 280576K Free: 266522K (95%)
ptolemy.util.test.WatchDog.cancel(): canceling Wed Apr 25 00:13:02 UTC 2018
auto.tcl: Setting watchdog for 200 seconds at Wed Apr 25 00:13:02 UTC 2018
2 ms. Memory: 280576K Free: 266522K (95%)
ptolemy.util.test.WatchDog.cancel(): canceling Wed Apr 25 00:13:02 UTC 2018
------------------ testing $PTII/ptolemy/domains/de/test/auto/PortParameterUpdates.xml
auto.tcl: Setting watchdog for 200 seconds at Wed Apr 25 00:13:02 UTC 2018
4 ms. Memory: 278528K Free: 264607K (95%)
ptolemy.util.test.WatchDog.cancel(): canceling Wed Apr 25 00:13:02 UTC 2018
auto.tcl: Setting watchdog for 200 seconds at Wed Apr 25 00:13:02 UTC 2018
4 ms. Memory: 278528K Free: 261820K (94%)
ptolemy.util.test.WatchDog.cancel(): canceling Wed Apr 25 00:13:02 UTC 2018
------------------ testing $PTII/ptolemy/domains/de/test/auto/QueueAndServer.xml
auto.tcl: Setting watchdog for 200 seconds at Wed Apr 25 00:13:02 UTC 2018
19 ms. Memory: 280576K Free: 263735K (94%)
ptolemy.util.test.WatchDog.cancel(): canceling Wed Apr 25 00:13:02 UTC 2018
auto.tcl: Setting watchdog for 200 seconds at Wed Apr 25 00:13:02 UTC 2018
8 ms. Memory: 280576K Free: 263735K (94%)
ptolemy.util.test.WatchDog.cancel(): canceling Wed Apr 25 00:13:02 UTC 2018
------------------ testing $PTII/ptolemy/domains/de/test/auto/Records.xml
auto.tcl: Setting watchdog for 200 seconds at Wed Apr 25 00:13:02 UTC 2018
8 ms. Memory: 278528K Free: 266386K (96%)
ptolemy.util.test.WatchDog.cancel(): canceling Wed Apr 25 00:13:02 UTC 2018
auto.tcl: Setting watchdog for 200 seconds at Wed Apr 25 00:13:02 UTC 2018
2 ms. Memory: 278528K Free: 266386K (96%)
ptolemy.util.test.WatchDog.cancel(): canceling Wed Apr 25 00:13:02 UTC 2018
------------------ testing $PTII/ptolemy/domains/de/test/auto/ResetTransitionWithStartTime1.xml
auto.tcl: Setting watchdog for 200 seconds at Wed Apr 25 00:13:02 UTC 2018
12 ms. Memory: 280064K Free: 263251K (94%)
ptolemy.util.test.WatchDog.cancel(): canceling Wed Apr 25 00:13:02 UTC 2018
auto.tcl: Setting watchdog for 200 seconds at Wed Apr 25 00:13:02 UTC 2018
11 ms. Memory: 280064K Free: 260351K (93%)
ptolemy.util.test.WatchDog.cancel(): canceling Wed Apr 25 00:13:02 UTC 2018
------------------ testing $PTII/ptolemy/domains/de/test/auto/ResetTransitionWithStartTime2.xml
auto.tcl: Setting watchdog for 200 seconds at Wed Apr 25 00:13:02 UTC 2018
7 ms. Memory: 278528K Free: 261707K (94%)
ptolemy.util.test.WatchDog.cancel(): canceling Wed Apr 25 00:13:02 UTC 2018
auto.tcl: Setting watchdog for 200 seconds at Wed Apr 25 00:13:02 UTC 2018
6 ms. Memory: 278528K Free: 258904K (93%)
ptolemy.util.test.WatchDog.cancel(): canceling Wed Apr 25 00:13:02 UTC 2018
------------------ testing $PTII/ptolemy/domains/de/test/auto/ResetTransitionWithStartTime3.xml
auto.tcl: Setting watchdog for 200 seconds at Wed Apr 25 00:13:02 UTC 2018
10 ms. Memory: 280064K Free: 263145K (94%)
ptolemy.util.test.WatchDog.cancel(): canceling Wed Apr 25 00:13:02 UTC 2018
auto.tcl: Setting watchdog for 200 seconds at Wed Apr 25 00:13:02 UTC 2018
6 ms. Memory: 280064K Free: 260341K (93%)
ptolemy.util.test.WatchDog.cancel(): canceling Wed Apr 25 00:13:02 UTC 2018
------------------ testing $PTII/ptolemy/domains/de/test/auto/ResetTransitionWithStartTime4.xml
auto.tcl: Setting watchdog for 200 seconds at Wed Apr 25 00:13:02 UTC 2018
5 ms. Memory: 278528K Free: 263595K (95%)
ptolemy.util.test.WatchDog.cancel(): canceling Wed Apr 25 00:13:02 UTC 2018
auto.tcl: Setting watchdog for 200 seconds at Wed Apr 25 00:13:02 UTC 2018
4 ms. Memory: 278528K Free: 263595K (95%)
ptolemy.util.test.WatchDog.cancel(): canceling Wed Apr 25 00:13:02 UTC 2018
------------------ testing $PTII/ptolemy/domains/de/test/auto/ResettableTimer1.xml
auto.tcl: Setting watchdog for 200 seconds at Wed Apr 25 00:13:02 UTC 2018
3 ms. Memory: 280064K Free: 267930K (96%)
ptolemy.util.test.WatchDog.cancel(): canceling Wed Apr 25 00:13:02 UTC 2018
auto.tcl: Setting watchdog for 200 seconds at Wed Apr 25 00:13:02 UTC 2018
3 ms. Memory: 280064K Free: 267930K (96%)
ptolemy.util.test.WatchDog.cancel(): canceling Wed Apr 25 00:13:02 UTC 2018
------------------ testing $PTII/ptolemy/domains/de/test/auto/ResettableTimer2.xml
auto.tcl: Setting watchdog for 200 seconds at Wed Apr 25 00:13:02 UTC 2018
2 ms. Memory: 278528K Free: 266534K (96%)
ptolemy.util.test.WatchDog.cancel(): canceling Wed Apr 25 00:13:02 UTC 2018
auto.tcl: Setting watchdog for 200 seconds at Wed Apr 25 00:13:02 UTC 2018
2 ms. Memory: 278528K Free: 266534K (96%)
ptolemy.util.test.WatchDog.cancel(): canceling Wed Apr 25 00:13:02 UTC 2018
------------------ testing $PTII/ptolemy/domains/de/test/auto/ResettableTimer3.xml
auto.tcl: Setting watchdog for 200 seconds at Wed Apr 25 00:13:02 UTC 2018
1 ms. Memory: 279552K Free: 267460K (96%)
ptolemy.util.test.WatchDog.cancel(): canceling Wed Apr 25 00:13:02 UTC 2018
auto.tcl: Setting watchdog for 200 seconds at Wed Apr 25 00:13:02 UTC 2018
2 ms. Memory: 279552K Free: 267460K (96%)
ptolemy.util.test.WatchDog.cancel(): canceling Wed Apr 25 00:13:02 UTC 2018
------------------ testing $PTII/ptolemy/domains/de/test/auto/ResettableTimer4.xml
auto.tcl: Setting watchdog for 200 seconds at Wed Apr 25 00:13:03 UTC 2018
2 ms. Memory: 278528K Free: 266546K (96%)
ptolemy.util.test.WatchDog.cancel(): canceling Wed Apr 25 00:13:03 UTC 2018
auto.tcl: Setting watchdog for 200 seconds at Wed Apr 25 00:13:03 UTC 2018
1 ms. Memory: 278528K Free: 266546K (96%)
ptolemy.util.test.WatchDog.cancel(): canceling Wed Apr 25 00:13:03 UTC 2018
------------------ testing $PTII/ptolemy/domains/de/test/auto/ResettableTimer5.xml
auto.tcl: Setting watchdog for 200 seconds at Wed Apr 25 00:13:03 UTC 2018
2 ms. Memory: 279552K Free: 265597K (95%)
ptolemy.util.test.WatchDog.cancel(): canceling Wed Apr 25 00:13:03 UTC 2018
auto.tcl: Setting watchdog for 200 seconds at Wed Apr 25 00:13:03 UTC 2018
1 ms. Memory: 279552K Free: 265597K (95%)
ptolemy.util.test.WatchDog.cancel(): canceling Wed Apr 25 00:13:03 UTC 2018
------------------ testing $PTII/ptolemy/domains/de/test/auto/ResettableTimer6.xml
auto.tcl: Setting watchdog for 200 seconds at Wed Apr 25 00:13:03 UTC 2018
2 ms. Memory: 278528K Free: 264425K (95%)
ptolemy.util.test.WatchDog.cancel(): canceling Wed Apr 25 00:13:03 UTC 2018
auto.tcl: Setting watchdog for 200 seconds at Wed Apr 25 00:13:03 UTC 2018
1 ms. Memory: 278528K Free: 264425K (95%)
ptolemy.util.test.WatchDog.cancel(): canceling Wed Apr 25 00:13:03 UTC 2018
------------------ testing $PTII/ptolemy/domains/de/test/auto/ServerZeroDelay.xml
auto.tcl: Setting watchdog for 200 seconds at Wed Apr 25 00:13:03 UTC 2018
2 ms. Memory: 279552K Free: 267524K (96%)
ptolemy.util.test.WatchDog.cancel(): canceling Wed Apr 25 00:13:03 UTC 2018
auto.tcl: Setting watchdog for 200 seconds at Wed Apr 25 00:13:03 UTC 2018
3 ms. Memory: 279552K Free: 267524K (96%)
ptolemy.util.test.WatchDog.cancel(): canceling Wed Apr 25 00:13:03 UTC 2018
------------------ testing $PTII/ptolemy/domains/de/test/auto/SmartSender.xml
auto.tcl: Setting watchdog for 200 seconds at Wed Apr 25 00:13:03 UTC 2018
3001 ms. Memory: 278528K Free: 264420K (95%)
ptolemy.util.test.WatchDog.cancel(): canceling Wed Apr 25 00:13:06 UTC 2018
auto.tcl: Setting watchdog for 200 seconds at Wed Apr 25 00:13:06 UTC 2018
3002 ms. Memory: 278528K Free: 264420K (95%)
ptolemy.util.test.WatchDog.cancel(): canceling Wed Apr 25 00:13:09 UTC 2018
------------------ testing $PTII/ptolemy/domains/de/test/auto/ThreadedComposite.xml
auto.tcl: Setting watchdog for 200 seconds at Wed Apr 25 00:13:09 UTC 2018
220 ms. Memory: 279552K Free: 247213K (88%)
ptolemy.util.test.WatchDog.cancel(): canceling Wed Apr 25 00:13:09 UTC 2018
auto.tcl: Setting watchdog for 200 seconds at Wed Apr 25 00:13:09 UTC 2018
225 ms. Memory: 279552K Free: 231781K (83%)
ptolemy.util.test.WatchDog.cancel(): canceling Wed Apr 25 00:13:09 UTC 2018
------------------ testing $PTII/ptolemy/domains/de/test/auto/Time.xml
auto.tcl: Setting watchdog for 200 seconds at Wed Apr 25 00:13:09 UTC 2018
615 ms. Memory: 278528K Free: 216827K (78%)
ptolemy.util.test.WatchDog.cancel(): canceling Wed Apr 25 00:13:10 UTC 2018
auto.tcl: Setting watchdog for 200 seconds at Wed Apr 25 00:13:10 UTC 2018
548 ms. Memory: 278528K Free: 166647K (60%)
ptolemy.util.test.WatchDog.cancel(): canceling Wed Apr 25 00:13:11 UTC 2018
------------------ testing $PTII/ptolemy/domains/de/test/auto/TimeDelayZeroDelay.xml
auto.tcl: Setting watchdog for 200 seconds at Wed Apr 25 00:13:11 UTC 2018
2 ms. Memory: 279040K Free: 267453K (96%)
ptolemy.util.test.WatchDog.cancel(): canceling Wed Apr 25 00:13:11 UTC 2018
auto.tcl: Setting watchdog for 200 seconds at Wed Apr 25 00:13:11 UTC 2018
2 ms. Memory: 279040K Free: 267453K (96%)
ptolemy.util.test.WatchDog.cancel(): canceling Wed Apr 25 00:13:11 UTC 2018
------------------ testing $PTII/ptolemy/domains/de/test/auto/TimerZeroDelay.xml
auto.tcl: Setting watchdog for 200 seconds at Wed Apr 25 00:13:11 UTC 2018
3 ms. Memory: 278528K Free: 267048K (96%)
ptolemy.util.test.WatchDog.cancel(): canceling Wed Apr 25 00:13:11 UTC 2018
auto.tcl: Setting watchdog for 200 seconds at Wed Apr 25 00:13:11 UTC 2018
2 ms. Memory: 278528K Free: 267048K (96%)
ptolemy.util.test.WatchDog.cancel(): canceling Wed Apr 25 00:13:11 UTC 2018
------------------ testing $PTII/ptolemy/domains/de/test/auto/TimingParadox.xml
auto.tcl: Setting watchdog for 200 seconds at Wed Apr 25 00:13:11 UTC 2018
364 ms. Memory: 279040K Free: 201439K (72%)
ptolemy.util.test.WatchDog.cancel(): canceling Wed Apr 25 00:13:11 UTC 2018
auto.tcl: Setting watchdog for 200 seconds at Wed Apr 25 00:13:11 UTC 2018
367 ms. Memory: 279040K Free: 166517K (60%)
ptolemy.util.test.WatchDog.cancel(): canceling Wed Apr 25 00:13:12 UTC 2018
------------------ testing $PTII/ptolemy/domains/de/test/auto/TransferInputs.xml
auto.tcl: Setting watchdog for 200 seconds at Wed Apr 25 00:13:12 UTC 2018
1 ms. Memory: 279040K Free: 266409K (95%)
ptolemy.util.test.WatchDog.cancel(): canceling Wed Apr 25 00:13:12 UTC 2018
auto.tcl: Setting watchdog for 200 seconds at Wed Apr 25 00:13:12 UTC 2018
2 ms. Memory: 279040K Free: 266409K (95%)
ptolemy.util.test.WatchDog.cancel(): canceling Wed Apr 25 00:13:12 UTC 2018
------------------ testing $PTII/ptolemy/domains/de/test/auto/TransferOutputs2.xml
auto.tcl: Setting watchdog for 200 seconds at Wed Apr 25 00:13:12 UTC 2018
3 ms. Memory: 278528K Free: 264492K (95%)
ptolemy.util.test.WatchDog.cancel(): canceling Wed Apr 25 00:13:12 UTC 2018
auto.tcl: Setting watchdog for 200 seconds at Wed Apr 25 00:13:12 UTC 2018
4 ms. Memory: 278528K Free: 261962K (94%)
ptolemy.util.test.WatchDog.cancel(): canceling Wed Apr 25 00:13:12 UTC 2018
------------------ testing $PTII/ptolemy/domains/de/test/auto/Trilateration.xml
auto.tcl: Setting watchdog for 200 seconds at Wed Apr 25 00:13:12 UTC 2018
13466 ms. Memory: 352768K Free: 156342K (44%)
ptolemy.util.test.WatchDog.cancel(): canceling Wed Apr 25 00:13:27 UTC 2018
auto.tcl: Setting watchdog for 200 seconds at Wed Apr 25 00:13:27 UTC 2018
10263 ms. Memory: 238080K Free: 214180K (90%)
ptolemy.util.test.WatchDog.cancel(): canceling Wed Apr 25 00:13:37 UTC 2018
------------------ testing $PTII/ptolemy/domains/de/test/auto/TwoSigmaDelta.xml
auto.tcl: Setting watchdog for 200 seconds at Wed Apr 25 00:13:37 UTC 2018
3136 ms. Memory: 231936K Free: 87235K (38%)
ptolemy.util.test.WatchDog.cancel(): canceling Wed Apr 25 00:13:40 UTC 2018
auto.tcl: Setting watchdog for 200 seconds at Wed Apr 25 00:13:40 UTC 2018
2305 ms. Memory: 219648K Free: 133568K (61%)
ptolemy.util.test.WatchDog.cancel(): canceling Wed Apr 25 00:13:43 UTC 2018
------------------ testing $PTII/ptolemy/domains/de/test/auto/VariableDelay.xml
auto.tcl: Setting watchdog for 200 seconds at Wed Apr 25 00:13:43 UTC 2018
3 ms. Memory: 218624K Free: 206510K (94%)
ptolemy.util.test.WatchDog.cancel(): canceling Wed Apr 25 00:13:43 UTC 2018
auto.tcl: Setting watchdog for 200 seconds at Wed Apr 25 00:13:43 UTC 2018
2 ms. Memory: 218624K Free: 204365K (93%)
ptolemy.util.test.WatchDog.cancel(): canceling Wed Apr 25 00:13:43 UTC 2018
------------------ testing $PTII/ptolemy/domains/de/test/auto/VariableDelay2.xml
auto.tcl: Setting watchdog for 200 seconds at Wed Apr 25 00:13:43 UTC 2018
7 ms. Memory: 219648K Free: 209314K (95%)
ptolemy.util.test.WatchDog.cancel(): canceling Wed Apr 25 00:13:43 UTC 2018
auto.tcl: Setting watchdog for 200 seconds at Wed Apr 25 00:13:43 UTC 2018
2 ms. Memory: 219648K Free: 207169K (94%)
ptolemy.util.test.WatchDog.cancel(): canceling Wed Apr 25 00:13:43 UTC 2018
------------------ testing $PTII/ptolemy/domains/de/test/auto/VariableDelayZeroDelay.xml
auto.tcl: Setting watchdog for 200 seconds at Wed Apr 25 00:13:43 UTC 2018
2 ms. Memory: 218624K Free: 206917K (95%)
ptolemy.util.test.WatchDog.cancel(): canceling Wed Apr 25 00:13:43 UTC 2018
auto.tcl: Setting watchdog for 200 seconds at Wed Apr 25 00:13:43 UTC 2018
2 ms. Memory: 218624K Free: 206917K (95%)
ptolemy.util.test.WatchDog.cancel(): canceling Wed Apr 25 00:13:43 UTC 2018
------------------ testing $PTII/ptolemy/domains/de/test/auto/VariableDelayZeroDelay2.xml
auto.tcl: Setting watchdog for 200 seconds at Wed Apr 25 00:13:43 UTC 2018
2 ms. Memory: 219648K Free: 207939K (95%)
ptolemy.util.test.WatchDog.cancel(): canceling Wed Apr 25 00:13:43 UTC 2018
auto.tcl: Setting watchdog for 200 seconds at Wed Apr 25 00:13:43 UTC 2018
2 ms. Memory: 219648K Free: 207939K (95%)
ptolemy.util.test.WatchDog.cancel(): canceling Wed Apr 25 00:13:43 UTC 2018
------------------ testing $PTII/ptolemy/domains/de/test/auto/deInCt.xml
auto.tcl: Setting watchdog for 200 seconds at Wed Apr 25 00:13:43 UTC 2018
0
1
1
1
0
0
0
1
1
1
0
0
0
1
1
0
0
0
0
0
0
1
1
1
0
0
0
0
1
1
1
0
0
0
0
21 ms. Memory: 218624K Free: 206911K (95%)
ptolemy.util.test.WatchDog.cancel(): canceling Wed Apr 25 00:13:43 UTC 2018
auto.tcl: Setting watchdog for 200 seconds at Wed Apr 25 00:13:43 UTC 2018
0
1
1
1
0
0
0
1
1
1
1
0
0
0
1
1
1
0
0
0
0
0
0
0
0
0
0
6 ms. Memory: 218624K Free: 204750K (94%)
ptolemy.util.test.WatchDog.cancel(): canceling Wed Apr 25 00:13:43 UTC 2018
------------------ testing $PTII/ptolemy/domains/de/test/auto/deInCt2.xml
auto.tcl: Setting watchdog for 200 seconds at Wed Apr 25 00:13:43 UTC 2018
0
1
1
1
0
0
1
1
1
0
0
1
1
1
0
0
1
1
1
0
0
1
1
1
0
0
1
1
1
0
0
1
1
1
0
0
1
1
1
0
0
0
8 ms. Memory: 219136K Free: 207438K (95%)
ptolemy.util.test.WatchDog.cancel(): canceling Wed Apr 25 00:13:43 UTC 2018
auto.tcl: Setting watchdog for 200 seconds at Wed Apr 25 00:13:43 UTC 2018
0
1
1
1
0
0
1
1
1
0
0
1
1
1
0
0
1
1
1
0
0
1
1
1
0
0
1
1
1
0
0
1
1
1
0
0
1
1
1
0
0
0
10 ms. Memory: 219136K Free: 205277K (94%)
ptolemy.util.test.WatchDog.cancel(): canceling Wed Apr 25 00:13:43 UTC 2018
------------------ testing $PTII/ptolemy/domains/de/test/auto/dynamicCausalityInterface1.xml
auto.tcl: Setting watchdog for 200 seconds at Wed Apr 25 00:13:43 UTC 2018
1 ms. Memory: 218624K Free: 201830K (92%)
ptolemy.util.test.WatchDog.cancel(): canceling Wed Apr 25 00:13:43 UTC 2018
auto.tcl: Setting watchdog for 200 seconds at Wed Apr 25 00:13:43 UTC 2018
1 ms. Memory: 218624K Free: 201830K (92%)
ptolemy.util.test.WatchDog.cancel(): canceling Wed Apr 25 00:13:43 UTC 2018
------------------ testing $PTII/ptolemy/domains/de/test/auto/fsm_de_test.xml
auto.tcl: Setting watchdog for 200 seconds at Wed Apr 25 00:13:43 UTC 2018
9 ms. Memory: 219136K Free: 203009K (93%)
ptolemy.util.test.WatchDog.cancel(): canceling Wed Apr 25 00:13:43 UTC 2018
auto.tcl: Setting watchdog for 200 seconds at Wed Apr 25 00:13:43 UTC 2018
7 ms. Memory: 219136K Free: 200848K (92%)
ptolemy.util.test.WatchDog.cancel(): canceling Wed Apr 25 00:13:43 UTC 2018
------------------ testing $PTII/ptolemy/domains/de/test/auto/functionDependencyReconstruction.xml
auto.tcl: Setting watchdog for 200 seconds at Wed Apr 25 00:13:43 UTC 2018
3 ms. Memory: 218624K Free: 193869K (89%)
ptolemy.util.test.WatchDog.cancel(): canceling Wed Apr 25 00:13:43 UTC 2018
auto.tcl: Setting watchdog for 200 seconds at Wed Apr 25 00:13:43 UTC 2018
3 ms. Memory: 218624K Free: 191708K (88%)
ptolemy.util.test.WatchDog.cancel(): canceling Wed Apr 25 00:13:43 UTC 2018
------------------ testing $PTII/ptolemy/domains/de/test/auto/multirate.xml
auto.tcl: Setting watchdog for 200 seconds at Wed Apr 25 00:13:43 UTC 2018
4 ms. Memory: 219136K Free: 205037K (94%)
ptolemy.util.test.WatchDog.cancel(): canceling Wed Apr 25 00:13:43 UTC 2018
auto.tcl: Setting watchdog for 200 seconds at Wed Apr 25 00:13:43 UTC 2018
3 ms. Memory: 219136K Free: 202876K (93%)
ptolemy.util.test.WatchDog.cancel(): canceling Wed Apr 25 00:13:43 UTC 2018
------------------ testing $PTII/ptolemy/domains/de/test/auto/multirate2.xml
auto.tcl: Setting watchdog for 200 seconds at Wed Apr 25 00:13:43 UTC 2018
4 ms. Memory: 218624K Free: 204714K (94%)
ptolemy.util.test.WatchDog.cancel(): canceling Wed Apr 25 00:13:43 UTC 2018
auto.tcl: Setting watchdog for 200 seconds at Wed Apr 25 00:13:43 UTC 2018
4 ms. Memory: 218624K Free: 202568K (93%)
ptolemy.util.test.WatchDog.cancel(): canceling Wed Apr 25 00:13:43 UTC 2018
------------------ testing $PTII/ptolemy/domains/de/test/auto/realtime.xml
auto.tcl: Setting watchdog for 200 seconds at Wed Apr 25 00:13:43 UTC 2018
10001 ms. Memory: 219136K Free: 207367K (95%)
ptolemy.util.test.WatchDog.cancel(): canceling Wed Apr 25 00:13:53 UTC 2018
auto.tcl: Setting watchdog for 200 seconds at Wed Apr 25 00:13:53 UTC 2018
10001 ms. Memory: 219136K Free: 205206K (94%)
ptolemy.util.test.WatchDog.cancel(): canceling Wed Apr 25 00:14:03 UTC 2018
------------------ testing $PTII/ptolemy/domains/de/test/auto/relationGroup.xml
auto.tcl: Setting watchdog for 200 seconds at Wed Apr 25 00:14:03 UTC 2018
2 ms. Memory: 218624K Free: 206899K (95%)
ptolemy.util.test.WatchDog.cancel(): canceling Wed Apr 25 00:14:03 UTC 2018
auto.tcl: Setting watchdog for 200 seconds at Wed Apr 25 00:14:03 UTC 2018
1 ms. Memory: 218624K Free: 206899K (95%)
ptolemy.util.test.WatchDog.cancel(): canceling Wed Apr 25 00:14:03 UTC 2018
------------------ testing $PTII/ptolemy/domains/de/test/auto/relationGroup2.xml
auto.tcl: Setting watchdog for 200 seconds at Wed Apr 25 00:14:04 UTC 2018
0 ms. Memory: 219136K Free: 207422K (95%)
ptolemy.util.test.WatchDog.cancel(): canceling Wed Apr 25 00:14:04 UTC 2018
auto.tcl: Setting watchdog for 200 seconds at Wed Apr 25 00:14:04 UTC 2018
1 ms. Memory: 219136K Free: 207422K (95%)
ptolemy.util.test.WatchDog.cancel(): canceling Wed Apr 25 00:14:04 UTC 2018
------------------ testing $PTII/ptolemy/domains/de/test/auto/sortWithOpaquePorts.xml
auto.tcl: Setting watchdog for 200 seconds at Wed Apr 25 00:14:04 UTC 2018
2 ms. Memory: 218624K Free: 206919K (95%)
ptolemy.util.test.WatchDog.cancel(): canceling Wed Apr 25 00:14:04 UTC 2018
auto.tcl: Setting watchdog for 200 seconds at Wed Apr 25 00:14:04 UTC 2018
2 ms. Memory: 218624K Free: 204758K (94%)
ptolemy.util.test.WatchDog.cancel(): canceling Wed Apr 25 00:14:04 UTC 2018
------------------ testing $PTII/ptolemy/domains/de/test/auto/transferInputsandOutputs.xml
auto.tcl: Setting watchdog for 200 seconds at Wed Apr 25 00:14:04 UTC 2018
1 ms. Memory: 219136K Free: 205281K (94%)
ptolemy.util.test.WatchDog.cancel(): canceling Wed Apr 25 00:14:04 UTC 2018
auto.tcl: Setting watchdog for 200 seconds at Wed Apr 25 00:14:04 UTC 2018
1 ms. Memory: 219136K Free: 203137K (93%)
ptolemy.util.test.WatchDog.cancel(): canceling Wed Apr 25 00:14:04 UTC 2018
------------------ testing $PTII/ptolemy/domains/de/test/auto/triggerType.xml
auto.tcl: Setting watchdog for 200 seconds at Wed Apr 25 00:14:04 UTC 2018
1 ms. Memory: 218624K Free: 206864K (95%)
ptolemy.util.test.WatchDog.cancel(): canceling Wed Apr 25 00:14:04 UTC 2018
auto.tcl: Setting watchdog for 200 seconds at Wed Apr 25 00:14:04 UTC 2018
1 ms. Memory: 218624K Free: 204720K (94%)
ptolemy.util.test.WatchDog.cancel(): canceling Wed Apr 25 00:14:04 UTC 2018
04/25/18 12:14:04
Failed: 0  Total Tests: 192  ((Passed: 187, Newly Passed: 1)  Known Failed: 5) /home/travis/build/icyphy/ptII/ptolemy/domains/de/test
04/25/18 12:14:04
Failed: 0  Total Tests: 192  ((Passed: 187, Newly Passed: 1)  Known Failed: 5) /home/travis/build/icyphy/ptII/ptolemy/domains/de/test
----------------- testing (KnownFailure) /home/travis/build/icyphy/ptII/ptolemy/domains/de/test/auto/knownFailedTests/DESDFClockTest.xml
2013 ms. Memory: 219136K Free: 195816K (89%)
Known Failure: java.lang.reflect.InvocationTargetException
----------------- testing (KnownFailure) /home/travis/build/icyphy/ptII/ptolemy/domains/de/test/auto/knownFailedTests/DirectFeedback.xml
1 ms. Memory: 219136K Free: 184838K (84%)
Known Failure: java.lang.reflect.InvocationTargetException
----------------- testing (KnownFailure) /home/travis/build/icyphy/ptII/ptolemy/domains/de/test/auto/knownFailedTests/FSMSource.xml
4 ms. Memory: 219136K Free: 171117K (78%)
----------------- testing (KnownFailure) /home/travis/build/icyphy/ptII/ptolemy/domains/de/test/auto/knownFailedTests/HierarchicalModel.xml
1 ms. Memory: 219136K Free: 149106K (68%)
Known Failure: java.lang.reflect.InvocationTargetException
----------------- testing (KnownFailure) /home/travis/build/icyphy/ptII/ptolemy/domains/de/test/auto/knownFailedTests/dependencyLoop.xml
2 ms. Memory: 219136K Free: 124367K (57%)
Known Failure: java.lang.reflect.InvocationTargetException
----------------- testing (KnownFailure) /home/travis/build/icyphy/ptII/ptolemy/domains/de/test/auto/knownFailedTests/dependencyLoop2.xml
1 ms. Memory: 219136K Free: 99627K (45%)
Known Failure: java.lang.reflect.InvocationTargetException
No auto/*.xml tests in /home/travis/build/icyphy/ptII/ptolemy/domains/de/test
AutoTests.java: About to close Vertx.
AutoTests.java: Vertx closed.
----------------- testing Wed Apr 25 00:14:06 UTC 2018 /home/travis/build/icyphy/ptII/ptolemy/domains/de/test/auto/ActorDepthCalculation_actorWithoutPorts.xml
1 ms. Memory: 219136K Free: 83153K (38%)
reloadAllAccessors: .ActorDepthCalculation_actorWithoutPorts
----------------- testing Wed Apr 25 00:14:06 UTC 2018 /home/travis/build/icyphy/ptII/ptolemy/domains/de/test/auto/AssemblyLine.xml
3 ms. Memory: 213504K Free: 205676K (96%)
reloadAllAccessors: .AssemblyLine
----------------- testing Wed Apr 25 00:14:06 UTC 2018 /home/travis/build/icyphy/ptII/ptolemy/domains/de/test/auto/CQBug1.xml
0 ms. Memory: 213504K Free: 200355K (94%)
reloadAllAccessors: .CQBug1
----------------- testing Wed Apr 25 00:14:06 UTC 2018 /home/travis/build/icyphy/ptII/ptolemy/domains/de/test/auto/CancelFireAt.xml
2 ms. Memory: 213504K Free: 196384K (92%)
reloadAllAccessors: .CancelFireAt
----------------- testing Wed Apr 25 00:14:06 UTC 2018 /home/travis/build/icyphy/ptII/ptolemy/domains/de/test/auto/CausalityAndComposabilityAnalysis.xml
2 ms. Memory: 213504K Free: 189763K (89%)
reloadAllAccessors: .CausalityAndComposabilityAnalysis
----------------- testing Wed Apr 25 00:14:06 UTC 2018 /home/travis/build/icyphy/ptII/ptolemy/domains/de/test/auto/CausalityInterface1.xml
2 ms. Memory: 213504K Free: 181792K (85%)
reloadAllAccessors: .CausalityInterface1
----------------- testing Wed Apr 25 00:14:06 UTC 2018 /home/travis/build/icyphy/ptII/ptolemy/domains/de/test/auto/CausalityInterface15.xml
1 ms. Memory: 213504K Free: 175170K (82%)
reloadAllAccessors: .CausalityInterface15
----------------- testing Wed Apr 25 00:14:06 UTC 2018 /home/travis/build/icyphy/ptII/ptolemy/domains/de/test/auto/CausalityInterface2.xml
1 ms. Memory: 213504K Free: 168533K (79%)
reloadAllAccessors: .CausalityInterface2
----------------- testing Wed Apr 25 00:14:06 UTC 2018 /home/travis/build/icyphy/ptII/ptolemy/domains/de/test/auto/CausalityInterface3.xml
1 ms. Memory: 213504K Free: 160560K (75%)
reloadAllAccessors: .CausalityInterface3
----------------- testing Wed Apr 25 00:14:06 UTC 2018 /home/travis/build/icyphy/ptII/ptolemy/domains/de/test/auto/ClockDrift.xml
8 ms. Memory: 213504K Free: 144612K (68%)
reloadAllAccessors: .ClockDrift
----------------- testing Wed Apr 25 00:14:06 UTC 2018 /home/travis/build/icyphy/ptII/ptolemy/domains/de/test/auto/ClockDriftAndValueChange.xml
7 ms. Memory: 213504K Free: 130009K (61%)
reloadAllAccessors: .ClockDriftAndValueChange
----------------- testing Wed Apr 25 00:14:06 UTC 2018 /home/travis/build/icyphy/ptII/ptolemy/domains/de/test/auto/ClockDriftChange.xml
7 ms. Memory: 213504K Free: 116714K (55%)
reloadAllAccessors: .ClockDriftChange
----------------- testing Wed Apr 25 00:14:06 UTC 2018 /home/travis/build/icyphy/ptII/ptolemy/domains/de/test/auto/ComposableCausalityAnalysis.xml
1 ms. Memory: 213504K Free: 110093K (52%)
reloadAllAccessors: .ComposableCausalityAnalysis
----------------- testing Wed Apr 25 00:14:06 UTC 2018 /home/travis/build/icyphy/ptII/ptolemy/domains/de/test/auto/DEFixedPointLimitation.xml
1 ms. Memory: 213504K Free: 102145K (48%)
reloadAllAccessors: .DEFixedPointLimitation
----------------- testing Wed Apr 25 00:14:06 UTC 2018 /home/travis/build/icyphy/ptII/ptolemy/domains/de/test/auto/DEScheduleTest.xml
2 ms. Memory: 213504K Free: 96845K (45%)
reloadAllAccessors: .DEScheduleTest
----------------- testing Wed Apr 25 00:14:06 UTC 2018 /home/travis/build/icyphy/ptII/ptolemy/domains/de/test/auto/DEinDEwithStartTimes.xml
1 ms. Memory: 213504K Free: 90208K (42%)
reloadAllAccessors: .DEinDEwithStartTimes
----------------- testing Wed Apr 25 00:14:06 UTC 2018 /home/travis/build/icyphy/ptII/ptolemy/domains/de/test/auto/DEinDEwithStartTimes2.xml
2 ms. Memory: 213504K Free: 80892K (38%)
reloadAllAccessors: .DEinDEwithStartTimes2
----------------- testing Wed Apr 25 00:14:06 UTC 2018 /home/travis/build/icyphy/ptII/ptolemy/domains/de/test/auto/DateDemo.xml
10 ms. Memory: 208896K Free: 194481K (93%)
reloadAllAccessors: .DateDemo
----------------- testing Wed Apr 25 00:14:06 UTC 2018 /home/travis/build/icyphy/ptII/ptolemy/domains/de/test/auto/DateToEvent.xml
2004 ms. Memory: 208896K Free: 174425K (83%)
reloadAllAccessors: .DateToEvent
----------------- testing Wed Apr 25 00:14:08 UTC 2018 /home/travis/build/icyphy/ptII/ptolemy/domains/de/test/auto/DepthTest1.xml
[...]
java.lang.RuntimeException: Execution failed
	at ptolemy.moml.MoMLSimpleApplication$UnloadThread.run(MoMLSimpleApplication.java:402)
Caused by: ptolemy.kernel.util.IllegalActionException: Test fails in iteration 1.
Value was: 1.0. Should have been: 2.0
  in .DirectFeedback.Test
	at ptolemy.actor.lib.Test.fire(Test.java:268)
	at ptolemy.domains.de.kernel.DEDirector._fire(DEDirector.java:1948)
	at ptolemy.domains.de.kernel.DEDirector.fire(DEDirector.java:502)
	at ptolemy.actor.CompositeActor.fire(CompositeActor.java:455)
	at ptolemy.actor.Manager.iterate(Manager.java:851)
	at ptolemy.actor.Manager.execute(Manager.java:369)
	at ptolemy.actor.Manager.run(Manager.java:1263)
	at ptolemy.actor.Manager$PtolemyRunThread.run(Manager.java:1915)
java.lang.RuntimeException: Execution failed
	at ptolemy.moml.MoMLSimpleApplication$UnloadThread.run(MoMLSimpleApplication.java:402)
Caused by: ptolemy.kernel.util.IllegalActionException: Actor is not ready to fire.  Perhaps UpSample.prefire() returned false? Try debugging the actor by selecting "Listen to Actor".  Also, for SDF check moml for tokenConsumptionRate on input.
  in .DESDFClockTest.Play Bell.Copy1:SDF Director and .DESDFClockTest.Play Bell.UpSample
	at ptolemy.actor.sched.StaticSchedulingDirector.fire(StaticSchedulingDirector.java:227)
	at ptolemy.domains.sdf.kernel.SDFDirector.fire(SDFDirector.java:500)
	at ptolemy.actor.CompositeActor.fire(CompositeActor.java:455)
	at ptolemy.domains.de.kernel.DEDirector._fire(DEDirector.java:1948)
	at ptolemy.domains.de.kernel.DEDirector.fire(DEDirector.java:502)
	at ptolemy.actor.CompositeActor.fire(CompositeActor.java:455)
	at ptolemy.actor.Manager.iterate(Manager.java:851)
	at ptolemy.actor.Manager.execute(Manager.java:369)
	at ptolemy.actor.Manager.run(Manager.java:1263)
	at ptolemy.actor.Manager$PtolemyRunThread.run(Manager.java:1915)
java.lang.reflect.InvocationTargetException
	at sun.reflect.NativeConstructorAccessorImpl.newInstance0(Native Method)
	at sun.reflect.NativeConstructorAccessorImpl.newInstance(NativeConstructorAccessorImpl.java:62)
	at sun.reflect.DelegatingConstructorAccessorImpl.newInstance(DelegatingConstructorAccessorImpl.java:45)
	at java.lang.reflect.Constructor.newInstance(Constructor.java:423)
	at ptolemy.util.test.junit.AutoKnownFailedTests.RunModel(AutoKnownFailedTests.java:107)
	at sun.reflect.NativeMethodAccessorImpl.invoke0(Native Method)
	at sun.reflect.NativeMethodAccessorImpl.invoke(NativeMethodAccessorImpl.java:62)
	at sun.reflect.DelegatingMethodAccessorImpl.invoke(DelegatingMethodAccessorImpl.java:43)
	at java.lang.reflect.Method.invoke(Method.java:498)
	at org.junit.runners.model.FrameworkMethod$1.runReflectiveCall(FrameworkMethod.java:44)
	at org.junit.internal.runners.model.ReflectiveCallable.run(ReflectiveCallable.java:15)
	at org.junit.runners.model.FrameworkMethod.invokeExplosively(FrameworkMethod.java:41)
	at junitparams.internal.InvokeParameterisedMethod.evaluate(InvokeParameterisedMethod.java:102)
	at org.junit.internal.runners.statements.FailOnTimeout$1.run(FailOnTimeout.java:28)
Caused by: ptolemy.kernel.util.IllegalActionException: Actor is not ready to fire.  Perhaps UpSample.prefire() returned false? Try debugging the actor by selecting "Listen to Actor".  Also, for SDF check moml for tokenConsumptionRate on input.
  in .DESDFClockTest.Play Bell.Copy1:SDF Director and .DESDFClockTest.Play Bell.UpSample
	at ptolemy.actor.sched.StaticSchedulingDirector.fire(StaticSchedulingDirector.java:227)
	at ptolemy.domains.sdf.kernel.SDFDirector.fire(SDFDirector.java:500)
	at ptolemy.actor.CompositeActor.fire(CompositeActor.java:455)
	at ptolemy.domains.de.kernel.DEDirector._fire(DEDirector.java:1948)
	at ptolemy.domains.de.kernel.DEDirector.fire(DEDirector.java:502)
	at ptolemy.actor.CompositeActor.fire(CompositeActor.java:455)
	at ptolemy.actor.Manager.iterate(Manager.java:851)
	at ptolemy.actor.Manager.execute(Manager.java:369)
	at ptolemy.actor.Manager.run(Manager.java:1263)
	at ptolemy.actor.Manager$PtolemyRunThread.run(Manager.java:1915)
java.lang.RuntimeException: Execution failed
	at ptolemy.moml.MoMLSimpleApplication$UnloadThread.run(MoMLSimpleApplication.java:402)
Caused by: ptolemy.kernel.util.IllegalActionException: Test fails in iteration 1.
Value was: 1.0. Should have been: 2.0
  in .DirectFeedback.Test
	at ptolemy.actor.lib.Test.fire(Test.java:268)
	at ptolemy.domains.de.kernel.DEDirector._fire(DEDirector.java:1948)
	at ptolemy.domains.de.kernel.DEDirector.fire(DEDirector.java:502)
	at ptolemy.actor.CompositeActor.fire(CompositeActor.java:455)
	at ptolemy.actor.Manager.iterate(Manager.java:851)
	at ptolemy.actor.Manager.execute(Manager.java:369)
	at ptolemy.actor.Manager.run(Manager.java:1263)
	at ptolemy.actor.Manager$PtolemyRunThread.run(Manager.java:1915)
java.lang.reflect.InvocationTargetException
	at sun.reflect.NativeConstructorAccessorImpl.newInstance0(Native Method)
	at sun.reflect.NativeConstructorAccessorImpl.newInstance(NativeConstructorAccessorImpl.java:62)
	at sun.reflect.DelegatingConstructorAccessorImpl.newInstance(DelegatingConstructorAccessorImpl.java:45)
	at java.lang.reflect.Constructor.newInstance(Constructor.java:423)
	at ptolemy.util.test.junit.AutoKnownFailedTests.RunModel(AutoKnownFailedTests.java:107)
	at sun.reflect.NativeMethodAccessorImpl.invoke0(Native Method)
	at sun.reflect.NativeMethodAccessorImpl.invoke(NativeMethodAccessorImpl.java:62)
	at sun.reflect.DelegatingMethodAccessorImpl.invoke(DelegatingMethodAccessorImpl.java:43)
	at java.lang.reflect.Method.invoke(Method.java:498)
	at org.junit.runners.model.FrameworkMethod$1.runReflectiveCall(FrameworkMethod.java:44)
	at org.junit.internal.runners.model.ReflectiveCallable.run(ReflectiveCallable.java:15)
	at org.junit.runners.model.FrameworkMethod.invokeExplosively(FrameworkMethod.java:41)
	at junitparams.internal.InvokeParameterisedMethod.evaluate(InvokeParameterisedMethod.java:102)
	at org.junit.internal.runners.statements.FailOnTimeout$1.run(FailOnTimeout.java:28)
Caused by: ptolemy.kernel.util.IllegalActionException: Test fails in iteration 1.
Value was: 1.0. Should have been: 2.0
  in .DirectFeedback.Test
	at ptolemy.actor.lib.Test.fire(Test.java:268)
	at ptolemy.domains.de.kernel.DEDirector._fire(DEDirector.java:1948)
	at ptolemy.domains.de.kernel.DEDirector.fire(DEDirector.java:502)
	at ptolemy.actor.CompositeActor.fire(CompositeActor.java:455)
	at ptolemy.actor.Manager.iterate(Manager.java:851)
	at ptolemy.actor.Manager.execute(Manager.java:369)
	at ptolemy.actor.Manager.run(Manager.java:1263)
	at ptolemy.actor.Manager$PtolemyRunThread.run(Manager.java:1915)
java.lang.RuntimeException: Execution failed
	at ptolemy.moml.MoMLSimpleApplication$UnloadThread.run(MoMLSimpleApplication.java:402)
Caused by: ptolemy.kernel.util.IllegalActionException: Found a zero delay loop containing .HierarchicalModel.A
  in .HierarchicalModel and .HierarchicalModel.A
	at ptolemy.actor.util.CausalityInterfaceForComposites._computeOutputPortDepth(CausalityInterfaceForComposites.java:759)
	at ptolemy.actor.util.CausalityInterfaceForComposites._computeInputDepth(CausalityInterfaceForComposites.java:696)
	at ptolemy.actor.util.CausalityInterfaceForComposites._computeOutputPortDepth(CausalityInterfaceForComposites.java:765)
	at ptolemy.actor.util.CausalityInterfaceForComposites._computeInputDepth(CausalityInterfaceForComposites.java:696)
	at ptolemy.actor.util.CausalityInterfaceForComposites._computeOutputPortDepth(CausalityInterfaceForComposites.java:765)
	at ptolemy.actor.util.CausalityInterfaceForComposites._computeInputDepth(CausalityInterfaceForComposites.java:696)
	at ptolemy.actor.util.CausalityInterfaceForComposites._computeActorDepth(CausalityInterfaceForComposites.java:532)
	at ptolemy.actor.util.CausalityInterfaceForComposites.checkForCycles(CausalityInterfaceForComposites.java:96)
	at ptolemy.domains.de.kernel.DEDirector.preinitialize(DEDirector.java:1337)
	at ptolemy.actor.CompositeActor.preinitialize(CompositeActor.java:1828)
	at ptolemy.actor.Manager.preinitializeAndResolveTypes(Manager.java:1040)
	at ptolemy.actor.Manager.initialize(Manager.java:710)
	at ptolemy.actor.Manager.execute(Manager.java:356)
	at ptolemy.actor.Manager.run(Manager.java:1263)
	at ptolemy.actor.Manager$PtolemyRunThread.run(Manager.java:1915)
java.lang.reflect.InvocationTargetException
	at sun.reflect.NativeConstructorAccessorImpl.newInstance0(Native Method)
	at sun.reflect.NativeConstructorAccessorImpl.newInstance(NativeConstructorAccessorImpl.java:62)
	at sun.reflect.DelegatingConstructorAccessorImpl.newInstance(DelegatingConstructorAccessorImpl.java:45)
	at java.lang.reflect.Constructor.newInstance(Constructor.java:423)
	at ptolemy.util.test.junit.AutoKnownFailedTests.RunModel(AutoKnownFailedTests.java:107)
	at sun.reflect.NativeMethodAccessorImpl.invoke0(Native Method)
	at sun.reflect.NativeMethodAccessorImpl.invoke(NativeMethodAccessorImpl.java:62)
	at sun.reflect.DelegatingMethodAccessorImpl.invoke(DelegatingMethodAccessorImpl.java:43)
	at java.lang.reflect.Method.invoke(Method.java:498)
	at org.junit.runners.model.FrameworkMethod$1.runReflectiveCall(FrameworkMethod.java:44)
	at org.junit.internal.runners.model.ReflectiveCallable.run(ReflectiveCallable.java:15)
	at org.junit.runners.model.FrameworkMethod.invokeExplosively(FrameworkMethod.java:41)
	at junitparams.internal.InvokeParameterisedMethod.evaluate(InvokeParameterisedMethod.java:102)
	at org.junit.internal.runners.statements.FailOnTimeout$1.run(FailOnTimeout.java:28)
Caused by: ptolemy.kernel.util.IllegalActionException: Found a zero delay loop containing .HierarchicalModel.A
  in .HierarchicalModel and .HierarchicalModel.A
	at ptolemy.actor.util.CausalityInterfaceForComposites._computeOutputPortDepth(CausalityInterfaceForComposites.java:759)
	at ptolemy.actor.util.CausalityInterfaceForComposites._computeInputDepth(CausalityInterfaceForComposites.java:696)
	at ptolemy.actor.util.CausalityInterfaceForComposites._computeOutputPortDepth(CausalityInterfaceForComposites.java:765)
	at ptolemy.actor.util.CausalityInterfaceForComposites._computeInputDepth(CausalityInterfaceForComposites.java:696)
	at ptolemy.actor.util.CausalityInterfaceForComposites._computeOutputPortDepth(CausalityInterfaceForComposites.java:765)
	at ptolemy.actor.util.CausalityInterfaceForComposites._computeInputDepth(CausalityInterfaceForComposites.java:696)
	at ptolemy.actor.util.CausalityInterfaceForComposites._computeActorDepth(CausalityInterfaceForComposites.java:532)
	at ptolemy.actor.util.CausalityInterfaceForComposites.checkForCycles(CausalityInterfaceForComposites.java:96)
	at ptolemy.domains.de.kernel.DEDirector.preinitialize(DEDirector.java:1337)
	at ptolemy.actor.CompositeActor.preinitialize(CompositeActor.java:1828)
	at ptolemy.actor.Manager.preinitializeAndResolveTypes(Manager.java:1040)
	at ptolemy.actor.Manager.initialize(Manager.java:710)
	at ptolemy.actor.Manager.execute(Manager.java:356)
	at ptolemy.actor.Manager.run(Manager.java:1263)
	at ptolemy.actor.Manager$PtolemyRunThread.run(Manager.java:1915)
java.lang.RuntimeException: Execution failed
	at ptolemy.moml.MoMLSimpleApplication$UnloadThread.run(MoMLSimpleApplication.java:402)
Caused by: ptolemy.kernel.util.IllegalActionException: Found a zero delay loop containing .dependencyLoop.original
  in .dependencyLoop and .dependencyLoop.original
	at ptolemy.actor.util.CausalityInterfaceForComposites._computeOutputPortDepth(CausalityInterfaceForComposites.java:759)
	at ptolemy.actor.util.CausalityInterfaceForComposites._computeInputDepth(CausalityInterfaceForComposites.java:696)
	at ptolemy.actor.util.CausalityInterfaceForComposites._computeOutputPortDepth(CausalityInterfaceForComposites.java:765)
	at ptolemy.actor.util.CausalityInterfaceForComposites._computeInputDepth(CausalityInterfaceForComposites.java:696)
	at ptolemy.actor.util.CausalityInterfaceForComposites._computeOutputPortDepth(CausalityInterfaceForComposites.java:765)
	at ptolemy.actor.util.CausalityInterfaceForComposites._computeInputDepth(CausalityInterfaceForComposites.java:696)
	at ptolemy.actor.util.CausalityInterfaceForComposites._computeActorDepth(CausalityInterfaceForComposites.java:532)
	at ptolemy.actor.util.CausalityInterfaceForComposites.checkForCycles(CausalityInterfaceForComposites.java:96)
	at ptolemy.domains.de.kernel.DEDirector.preinitialize(DEDirector.java:1337)
	at ptolemy.actor.CompositeActor.preinitialize(CompositeActor.java:1828)
	at ptolemy.actor.Manager.preinitializeAndResolveTypes(Manager.java:1040)
	at ptolemy.actor.Manager.initialize(Manager.java:710)
	at ptolemy.actor.Manager.execute(Manager.java:356)
	at ptolemy.actor.Manager.run(Manager.java:1263)
	at ptolemy.actor.Manager$PtolemyRunThread.run(Manager.java:1915)
java.lang.reflect.InvocationTargetException
	at sun.reflect.NativeConstructorAccessorImpl.newInstance0(Native Method)
	at sun.reflect.NativeConstructorAccessorImpl.newInstance(NativeConstructorAccessorImpl.java:62)
	at sun.reflect.DelegatingConstructorAccessorImpl.newInstance(DelegatingConstructorAccessorImpl.java:45)
	at java.lang.reflect.Constructor.newInstance(Constructor.java:423)
	at ptolemy.util.test.junit.AutoKnownFailedTests.RunModel(AutoKnownFailedTests.java:107)
	at sun.reflect.NativeMethodAccessorImpl.invoke0(Native Method)
	at sun.reflect.NativeMethodAccessorImpl.invoke(NativeMethodAccessorImpl.java:62)
	at sun.reflect.DelegatingMethodAccessorImpl.invoke(DelegatingMethodAccessorImpl.java:43)
	at java.lang.reflect.Method.invoke(Method.java:498)
	at org.junit.runners.model.FrameworkMethod$1.runReflectiveCall(FrameworkMethod.java:44)
	at org.junit.internal.runners.model.ReflectiveCallable.run(ReflectiveCallable.java:15)
	at org.junit.runners.model.FrameworkMethod.invokeExplosively(FrameworkMethod.java:41)
	at junitparams.internal.InvokeParameterisedMethod.evaluate(InvokeParameterisedMethod.java:102)
	at org.junit.internal.runners.statements.FailOnTimeout$1.run(FailOnTimeout.java:28)
Caused by: ptolemy.kernel.util.IllegalActionException: Found a zero delay loop containing .dependencyLoop.original
  in .dependencyLoop and .dependencyLoop.original
	at ptolemy.actor.util.CausalityInterfaceForComposites._computeOutputPortDepth(CausalityInterfaceForComposites.java:759)
	at ptolemy.actor.util.CausalityInterfaceForComposites._computeInputDepth(CausalityInterfaceForComposites.java:696)
	at ptolemy.actor.util.CausalityInterfaceForComposites._computeOutputPortDepth(CausalityInterfaceForComposites.java:765)
	at ptolemy.actor.util.CausalityInterfaceForComposites._computeInputDepth(CausalityInterfaceForComposites.java:696)
	at ptolemy.actor.util.CausalityInterfaceForComposites._computeOutputPortDepth(CausalityInterfaceForComposites.java:765)
	at ptolemy.actor.util.CausalityInterfaceForComposites._computeInputDepth(CausalityInterfaceForComposites.java:696)
	at ptolemy.actor.util.CausalityInterfaceForComposites._computeActorDepth(CausalityInterfaceForComposites.java:532)
	at ptolemy.actor.util.CausalityInterfaceForComposites.checkForCycles(CausalityInterfaceForComposites.java:96)
	at ptolemy.domains.de.kernel.DEDirector.preinitialize(DEDirector.java:1337)
	at ptolemy.actor.CompositeActor.preinitialize(CompositeActor.java:1828)
	at ptolemy.actor.Manager.preinitializeAndResolveTypes(Manager.java:1040)
	at ptolemy.actor.Manager.initialize(Manager.java:710)
	at ptolemy.actor.Manager.execute(Manager.java:356)
	at ptolemy.actor.Manager.run(Manager.java:1263)
	at ptolemy.actor.Manager$PtolemyRunThread.run(Manager.java:1915)
java.lang.RuntimeException: Execution failed
	at ptolemy.moml.MoMLSimpleApplication$UnloadThread.run(MoMLSimpleApplication.java:402)
Caused by: ptolemy.kernel.util.IllegalActionException: Found a zero delay loop containing .dependencyLoop2.original
  in .dependencyLoop2 and .dependencyLoop2.original
	at ptolemy.actor.util.CausalityInterfaceForComposites._computeOutputPortDepth(CausalityInterfaceForComposites.java:759)
	at ptolemy.actor.util.CausalityInterfaceForComposites._computeInputDepth(CausalityInterfaceForComposites.java:696)
	at ptolemy.actor.util.CausalityInterfaceForComposites._computeOutputPortDepth(CausalityInterfaceForComposites.java:765)
	at ptolemy.actor.util.CausalityInterfaceForComposites._computeInputDepth(CausalityInterfaceForComposites.java:696)
	at ptolemy.actor.util.CausalityInterfaceForComposites._computeOutputPortDepth(CausalityInterfaceForComposites.java:765)
	at ptolemy.actor.util.CausalityInterfaceForComposites._computeInputDepth(CausalityInterfaceForComposites.java:696)
	at ptolemy.actor.util.CausalityInterfaceForComposites._computeActorDepth(CausalityInterfaceForComposites.java:532)
	at ptolemy.actor.util.CausalityInterfaceForComposites.checkForCycles(CausalityInterfaceForComposites.java:96)
	at ptolemy.domains.de.kernel.DEDirector.preinitialize(DEDirector.java:1337)
	at ptolemy.actor.CompositeActor.preinitialize(CompositeActor.java:1828)
	at ptolemy.actor.Manager.preinitializeAndResolveTypes(Manager.java:1040)
	at ptolemy.actor.Manager.initialize(Manager.java:710)
	at ptolemy.actor.Manager.execute(Manager.java:356)
	at ptolemy.actor.Manager.run(Manager.java:1263)
	at ptolemy.actor.Manager$PtolemyRunThread.run(Manager.java:1915)
java.lang.reflect.InvocationTargetException
	at sun.reflect.NativeConstructorAccessorImpl.newInstance0(Native Method)
	at sun.reflect.NativeConstructorAccessorImpl.newInstance(NativeConstructorAccessorImpl.java:62)
	at sun.reflect.DelegatingConstructorAccessorImpl.newInstance(DelegatingConstructorAccessorImpl.java:45)
	at java.lang.reflect.Constructor.newInstance(Constructor.java:423)
	at ptolemy.util.test.junit.AutoKnownFailedTests.RunModel(AutoKnownFailedTests.java:107)
	at sun.reflect.NativeMethodAccessorImpl.invoke0(Native Method)
	at sun.reflect.NativeMethodAccessorImpl.invoke(NativeMethodAccessorImpl.java:62)
	at sun.reflect.DelegatingMethodAccessorImpl.invoke(DelegatingMethodAccessorImpl.java:43)
	at java.lang.reflect.Method.invoke(Method.java:498)
	at org.junit.runners.model.FrameworkMethod$1.runReflectiveCall(FrameworkMethod.java:44)
	at org.junit.internal.runners.model.ReflectiveCallable.run(ReflectiveCallable.java:15)
	at org.junit.runners.model.FrameworkMethod.invokeExplosively(FrameworkMethod.java:41)
	at junitparams.internal.InvokeParameterisedMethod.evaluate(InvokeParameterisedMethod.java:102)
	at org.junit.internal.runners.statements.FailOnTimeout$1.run(FailOnTimeout.java:28)
Caused by: ptolemy.kernel.util.IllegalActionException: Found a zero delay loop containing .dependencyLoop2.original
  in .dependencyLoop2 and .dependencyLoop2.original
	at ptolemy.actor.util.CausalityInterfaceForComposites._computeOutputPortDepth(CausalityInterfaceForComposites.java:759)
	at ptolemy.actor.util.CausalityInterfaceForComposites._computeInputDepth(CausalityInterfaceForComposites.java:696)
	at ptolemy.actor.util.CausalityInterfaceForComposites._computeOutputPortDepth(CausalityInterfaceForComposites.java:765)
	at ptolemy.actor.util.CausalityInterfaceForComposites._computeInputDepth(CausalityInterfaceForComposites.java:696)
	at ptolemy.actor.util.CausalityInterfaceForComposites._computeOutputPortDepth(CausalityInterfaceForComposites.java:765)
	at ptolemy.actor.util.CausalityInterfaceForComposites._computeInputDepth(CausalityInterfaceForComposites.java:696)
	at ptolemy.actor.util.CausalityInterfaceForComposites._computeActorDepth(CausalityInterfaceForComposites.java:532)
	at ptolemy.actor.util.CausalityInterfaceForComposites.checkForCycles(CausalityInterfaceForComposites.java:96)
	at ptolemy.domains.de.kernel.DEDirector.preinitialize(DEDirector.java:1337)
	at ptolemy.actor.CompositeActor.preinitialize(CompositeActor.java:1828)
	at ptolemy.actor.Manager.preinitializeAndResolveTypes(Manager.java:1040)
	at ptolemy.actor.Manager.initialize(Manager.java:710)
	at ptolemy.actor.Manager.execute(Manager.java:356)
	at ptolemy.actor.Manager.run(Manager.java:1263)
	at ptolemy.actor.Manager$PtolemyRunThread.run(Manager.java:1915)
]]></system-err>
</testsuite>
