<?xml version="1.0" encoding="UTF-8" ?>
<testsuite errors="0" failures="0" hostname="travis-job-bc759d6f-3994-41f4-a6ed-2bc4147d54a3" name="ptolemy.domains.de.test.junit.JUnitTclTest" skipped="0" tests="101" time="128.167" timestamp="2018-05-17T00:16:36">
  <properties>
[...]
</properties>
  <testcase classname="ptolemy.util.test.junit.TclTests" name="[0] /home/travis/build/icyphy/ptII/ptolemy/domains/de/test/DependencyLoop.tcl (RunTclFile)" time="0.742" />
  <testcase classname="ptolemy.util.test.junit.TclTests" name="[1] /home/travis/build/icyphy/ptII/ptolemy/domains/de/test/RunDETestsAsQSS.tcl (RunTclFile)" time="87.975" />
  <testcase classname="ptolemy.util.test.junit.AutoKnownFailedTests" name="[0] /home/travis/build/icyphy/ptII/ptolemy/domains/de/test/auto/knownFailedTests/DESDFClockTest.xml (RunModel)" time="2.028" />
  <testcase classname="ptolemy.util.test.junit.AutoKnownFailedTests" name="[1] /home/travis/build/icyphy/ptII/ptolemy/domains/de/test/auto/knownFailedTests/DirectFeedback.xml (RunModel)" time="0.007" />
  <testcase classname="ptolemy.util.test.junit.AutoKnownFailedTests" name="[2] /home/travis/build/icyphy/ptII/ptolemy/domains/de/test/auto/knownFailedTests/FSMSource.xml (RunModel)" time="0.035" />
  <testcase classname="ptolemy.util.test.junit.AutoKnownFailedTests" name="[3] /home/travis/build/icyphy/ptII/ptolemy/domains/de/test/auto/knownFailedTests/HierarchicalModel.xml (RunModel)" time="0.036" />
  <testcase classname="ptolemy.util.test.junit.AutoKnownFailedTests" name="[4] /home/travis/build/icyphy/ptII/ptolemy/domains/de/test/auto/knownFailedTests/dependencyLoop.xml (RunModel)" time="0.029" />
  <testcase classname="ptolemy.util.test.junit.AutoKnownFailedTests" name="[5] /home/travis/build/icyphy/ptII/ptolemy/domains/de/test/auto/knownFailedTests/dependencyLoop2.xml (RunModel)" time="0.03" />
  <testcase classname="ptolemy.util.test.junit.AutoNameArchTests" name="[0] ThereAreNoAutoTests (RunModel)" time="0.004" />
  <testcase classname="ptolemy.util.test.junit.AutoTests" name="[0] /home/travis/build/icyphy/ptII/ptolemy/domains/de/test/auto/ActorDepthCalculation_actorWithoutPorts.xml (RunModel)" time="0.015" />
  <testcase classname="ptolemy.util.test.junit.AutoTests" name="[1] /home/travis/build/icyphy/ptII/ptolemy/domains/de/test/auto/AssemblyLine.xml (RunModel)" time="0.011" />
  <testcase classname="ptolemy.util.test.junit.AutoTests" name="[2] /home/travis/build/icyphy/ptII/ptolemy/domains/de/test/auto/CQBug1.xml (RunModel)" time="0.005" />
  <testcase classname="ptolemy.util.test.junit.AutoTests" name="[3] /home/travis/build/icyphy/ptII/ptolemy/domains/de/test/auto/CancelFireAt.xml (RunModel)" time="0.004" />
  <testcase classname="ptolemy.util.test.junit.AutoTests" name="[4] /home/travis/build/icyphy/ptII/ptolemy/domains/de/test/auto/CausalityAndComposabilityAnalysis.xml (RunModel)" time="0.007" />
  <testcase classname="ptolemy.util.test.junit.AutoTests" name="[5] /home/travis/build/icyphy/ptII/ptolemy/domains/de/test/auto/CausalityInterface1.xml (RunModel)" time="0.009" />
  <testcase classname="ptolemy.util.test.junit.AutoTests" name="[6] /home/travis/build/icyphy/ptII/ptolemy/domains/de/test/auto/CausalityInterface15.xml (RunModel)" time="0.008" />
  <testcase classname="ptolemy.util.test.junit.AutoTests" name="[7] /home/travis/build/icyphy/ptII/ptolemy/domains/de/test/auto/CausalityInterface2.xml (RunModel)" time="0.007" />
  <testcase classname="ptolemy.util.test.junit.AutoTests" name="[8] /home/travis/build/icyphy/ptII/ptolemy/domains/de/test/auto/CausalityInterface3.xml (RunModel)" time="0.008" />
  <testcase classname="ptolemy.util.test.junit.AutoTests" name="[9] /home/travis/build/icyphy/ptII/ptolemy/domains/de/test/auto/ClockDrift.xml (RunModel)" time="0.023" />
  <testcase classname="ptolemy.util.test.junit.AutoTests" name="[10] /home/travis/build/icyphy/ptII/ptolemy/domains/de/test/auto/ClockDriftAndValueChange.xml (RunModel)" time="0.022" />
  <testcase classname="ptolemy.util.test.junit.AutoTests" name="[11] /home/travis/build/icyphy/ptII/ptolemy/domains/de/test/auto/ClockDriftChange.xml (RunModel)" time="0.017" />
  <testcase classname="ptolemy.util.test.junit.AutoTests" name="[12] /home/travis/build/icyphy/ptII/ptolemy/domains/de/test/auto/ComposableCausalityAnalysis.xml (RunModel)" time="0.016" />
  <testcase classname="ptolemy.util.test.junit.AutoTests" name="[13] /home/travis/build/icyphy/ptII/ptolemy/domains/de/test/auto/DEFixedPointLimitation.xml (RunModel)" time="0.006" />
  <testcase classname="ptolemy.util.test.junit.AutoTests" name="[14] /home/travis/build/icyphy/ptII/ptolemy/domains/de/test/auto/DEScheduleTest.xml (RunModel)" time="0.008" />
  <testcase classname="ptolemy.util.test.junit.AutoTests" name="[15] /home/travis/build/icyphy/ptII/ptolemy/domains/de/test/auto/DEinDEwithStartTimes.xml (RunModel)" time="0.016" />
  <testcase classname="ptolemy.util.test.junit.AutoTests" name="[16] /home/travis/build/icyphy/ptII/ptolemy/domains/de/test/auto/DEinDEwithStartTimes2.xml (RunModel)" time="0.011" />
  <testcase classname="ptolemy.util.test.junit.AutoTests" name="[17] /home/travis/build/icyphy/ptII/ptolemy/domains/de/test/auto/DateDemo.xml (RunModel)" time="0.019" />
  <testcase classname="ptolemy.util.test.junit.AutoTests" name="[18] /home/travis/build/icyphy/ptII/ptolemy/domains/de/test/auto/DateToEvent.xml (RunModel)" time="2.028" />
  <testcase classname="ptolemy.util.test.junit.AutoTests" name="[19] /home/travis/build/icyphy/ptII/ptolemy/domains/de/test/auto/DepthTest1.xml (RunModel)" time="0.01" />
  <testcase classname="ptolemy.util.test.junit.AutoTests" name="[20] /home/travis/build/icyphy/ptII/ptolemy/domains/de/test/auto/DepthTest2.xml (RunModel)" time="0.018" />
  <testcase classname="ptolemy.util.test.junit.AutoTests" name="[21] /home/travis/build/icyphy/ptII/ptolemy/domains/de/test/auto/DepthTest3.xml (RunModel)" time="0.006" />
  <testcase classname="ptolemy.util.test.junit.AutoTests" name="[22] /home/travis/build/icyphy/ptII/ptolemy/domains/de/test/auto/DepthTest4.xml (RunModel)" time="0.009" />
  <testcase classname="ptolemy.util.test.junit.AutoTests" name="[23] /home/travis/build/icyphy/ptII/ptolemy/domains/de/test/auto/DepthTest5.xml (RunModel)" time="0.011" />
  <testcase classname="ptolemy.util.test.junit.AutoTests" name="[24] /home/travis/build/icyphy/ptII/ptolemy/domains/de/test/auto/DepthTest6.xml (RunModel)" time="0.01" />
  <testcase classname="ptolemy.util.test.junit.AutoTests" name="[25] /home/travis/build/icyphy/ptII/ptolemy/domains/de/test/auto/DepthTest7.xml (RunModel)" time="0.014" />
  <testcase classname="ptolemy.util.test.junit.AutoTests" name="[26] /home/travis/build/icyphy/ptII/ptolemy/domains/de/test/auto/EventToDate.xml (RunModel)" time="3.029" />
  <testcase classname="ptolemy.util.test.junit.AutoTests" name="[27] /home/travis/build/icyphy/ptII/ptolemy/domains/de/test/auto/FSM1.xml (RunModel)" time="0.022" />
  <testcase classname="ptolemy.util.test.junit.AutoTests" name="[28] /home/travis/build/icyphy/ptII/ptolemy/domains/de/test/auto/FSM7.xml (RunModel)" time="0.022" />
  <testcase classname="ptolemy.util.test.junit.AutoTests" name="[29] /home/travis/build/icyphy/ptII/ptolemy/domains/de/test/auto/Inspection.xml (RunModel)" time="0.031" />
  <testcase classname="ptolemy.util.test.junit.AutoTests" name="[30] /home/travis/build/icyphy/ptII/ptolemy/domains/de/test/auto/Iteration.xml (RunModel)" time="0.021" />
  <testcase classname="ptolemy.util.test.junit.AutoTests" name="[31] /home/travis/build/icyphy/ptII/ptolemy/domains/de/test/auto/LineFault.xml (RunModel)" time="0.403" />
  <testcase classname="ptolemy.util.test.junit.AutoTests" name="[32] /home/travis/build/icyphy/ptII/ptolemy/domains/de/test/auto/MergeModel1Add.xml (RunModel)" time="0.042" />
  <testcase classname="ptolemy.util.test.junit.AutoTests" name="[33] /home/travis/build/icyphy/ptII/ptolemy/domains/de/test/auto/MergeModel2Add.xml (RunModel)" time="0.034" />
  <testcase classname="ptolemy.util.test.junit.AutoTests" name="[34] /home/travis/build/icyphy/ptII/ptolemy/domains/de/test/auto/MergeModel3Add.xml (RunModel)" time="0.036" />
  <testcase classname="ptolemy.util.test.junit.AutoTests" name="[35] /home/travis/build/icyphy/ptII/ptolemy/domains/de/test/auto/MergeWithoutDiscard.xml (RunModel)" time="0.009" />
  <testcase classname="ptolemy.util.test.junit.AutoTests" name="[36] /home/travis/build/icyphy/ptII/ptolemy/domains/de/test/auto/Modal1.xml (RunModel)" time="0.029" />
  <testcase classname="ptolemy.util.test.junit.AutoTests" name="[37] /home/travis/build/icyphy/ptII/ptolemy/domains/de/test/auto/Modal2.xml (RunModel)" time="0.029" />
  <testcase classname="ptolemy.util.test.junit.AutoTests" name="[38] /home/travis/build/icyphy/ptII/ptolemy/domains/de/test/auto/Modal3.xml (RunModel)" time="0.022" />
  <testcase classname="ptolemy.util.test.junit.AutoTests" name="[39] /home/travis/build/icyphy/ptII/ptolemy/domains/de/test/auto/Modal4.xml (RunModel)" time="0.026" />
  <testcase classname="ptolemy.util.test.junit.AutoTests" name="[40] /home/travis/build/icyphy/ptII/ptolemy/domains/de/test/auto/Modal5.xml (RunModel)" time="0.021" />
  <testcase classname="ptolemy.util.test.junit.AutoTests" name="[41] /home/travis/build/icyphy/ptII/ptolemy/domains/de/test/auto/Modal6.xml (RunModel)" time="0.022" />
  <testcase classname="ptolemy.util.test.junit.AutoTests" name="[42] /home/travis/build/icyphy/ptII/ptolemy/domains/de/test/auto/Modal7.xml (RunModel)" time="0.024" />
  <testcase classname="ptolemy.util.test.junit.AutoTests" name="[43] /home/travis/build/icyphy/ptII/ptolemy/domains/de/test/auto/ModalModel.xml (RunModel)" time="0.129" />
  <testcase classname="ptolemy.util.test.junit.AutoTests" name="[44] /home/travis/build/icyphy/ptII/ptolemy/domains/de/test/auto/ModalSource.xml (RunModel)" time="0.014" />
  <testcase classname="ptolemy.util.test.junit.AutoTests" name="[45] /home/travis/build/icyphy/ptII/ptolemy/domains/de/test/auto/NonInterruptibleTimerZeroDelay.xml (RunModel)" time="0.009" />
  <testcase classname="ptolemy.util.test.junit.AutoTests" name="[46] /home/travis/build/icyphy/ptII/ptolemy/domains/de/test/auto/OpenQueueingNetwork.xml (RunModel)" time="1.988" />
  <testcase classname="ptolemy.util.test.junit.AutoTests" name="[47] /home/travis/build/icyphy/ptII/ptolemy/domains/de/test/auto/OpenQueuingNetwork.xml (RunModel)" time="0.258" />
  <testcase classname="ptolemy.util.test.junit.AutoTests" name="[48] /home/travis/build/icyphy/ptII/ptolemy/domains/de/test/auto/PeriodicSampler.xml (RunModel)" time="0.007" />
  <testcase classname="ptolemy.util.test.junit.AutoTests" name="[49] /home/travis/build/icyphy/ptII/ptolemy/domains/de/test/auto/PersistentIO.xml (RunModel)" time="0.017" />
  <testcase classname="ptolemy.util.test.junit.AutoTests" name="[50] /home/travis/build/icyphy/ptII/ptolemy/domains/de/test/auto/PortParameterResetOnInitialize.xml (RunModel)" time="0.009" />
  <testcase classname="ptolemy.util.test.junit.AutoTests" name="[51] /home/travis/build/icyphy/ptII/ptolemy/domains/de/test/auto/PortParameterUpdates.xml (RunModel)" time="0.011" />
  <testcase classname="ptolemy.util.test.junit.AutoTests" name="[52] /home/travis/build/icyphy/ptII/ptolemy/domains/de/test/auto/QueueAndServer.xml (RunModel)" time="0.017" />
  <testcase classname="ptolemy.util.test.junit.AutoTests" name="[53] /home/travis/build/icyphy/ptII/ptolemy/domains/de/test/auto/Records.xml (RunModel)" time="0.011" />
  <testcase classname="ptolemy.util.test.junit.AutoTests" name="[54] /home/travis/build/icyphy/ptII/ptolemy/domains/de/test/auto/ResetTransitionWithStartTime1.xml (RunModel)" time="0.015" />
  <testcase classname="ptolemy.util.test.junit.AutoTests" name="[55] /home/travis/build/icyphy/ptII/ptolemy/domains/de/test/auto/ResetTransitionWithStartTime2.xml (RunModel)" time="0.015" />
  <testcase classname="ptolemy.util.test.junit.AutoTests" name="[56] /home/travis/build/icyphy/ptII/ptolemy/domains/de/test/auto/ResetTransitionWithStartTime3.xml (RunModel)" time="0.016" />
  <testcase classname="ptolemy.util.test.junit.AutoTests" name="[57] /home/travis/build/icyphy/ptII/ptolemy/domains/de/test/auto/ResetTransitionWithStartTime4.xml (RunModel)" time="0.015" />
  <testcase classname="ptolemy.util.test.junit.AutoTests" name="[58] /home/travis/build/icyphy/ptII/ptolemy/domains/de/test/auto/ResettableTimer1.xml (RunModel)" time="0.01" />
  <testcase classname="ptolemy.util.test.junit.AutoTests" name="[59] /home/travis/build/icyphy/ptII/ptolemy/domains/de/test/auto/ResettableTimer2.xml (RunModel)" time="0.008" />
  <testcase classname="ptolemy.util.test.junit.AutoTests" name="[60] /home/travis/build/icyphy/ptII/ptolemy/domains/de/test/auto/ResettableTimer3.xml (RunModel)" time="0.006" />
  <testcase classname="ptolemy.util.test.junit.AutoTests" name="[61] /home/travis/build/icyphy/ptII/ptolemy/domains/de/test/auto/ResettableTimer4.xml (RunModel)" time="0.008" />
  <testcase classname="ptolemy.util.test.junit.AutoTests" name="[62] /home/travis/build/icyphy/ptII/ptolemy/domains/de/test/auto/ResettableTimer5.xml (RunModel)" time="0.009" />
  <testcase classname="ptolemy.util.test.junit.AutoTests" name="[63] /home/travis/build/icyphy/ptII/ptolemy/domains/de/test/auto/ResettableTimer6.xml (RunModel)" time="0.009" />
  <testcase classname="ptolemy.util.test.junit.AutoTests" name="[64] /home/travis/build/icyphy/ptII/ptolemy/domains/de/test/auto/ServerZeroDelay.xml (RunModel)" time="0.009" />
  <testcase classname="ptolemy.util.test.junit.AutoTests" name="[65] /home/travis/build/icyphy/ptII/ptolemy/domains/de/test/auto/SmartSender.xml (RunModel)" time="3.008" />
  <testcase classname="ptolemy.util.test.junit.AutoTests" name="[66] /home/travis/build/icyphy/ptII/ptolemy/domains/de/test/auto/ThreadedComposite.xml (RunModel)" time="0.347" />
  <testcase classname="ptolemy.util.test.junit.AutoTests" name="[67] /home/travis/build/icyphy/ptII/ptolemy/domains/de/test/auto/Time.xml (RunModel)" time="0.412" />
  <testcase classname="ptolemy.util.test.junit.AutoTests" name="[68] /home/travis/build/icyphy/ptII/ptolemy/domains/de/test/auto/TimeDelayZeroDelay.xml (RunModel)" time="0.01" />
  <testcase classname="ptolemy.util.test.junit.AutoTests" name="[69] /home/travis/build/icyphy/ptII/ptolemy/domains/de/test/auto/TimerZeroDelay.xml (RunModel)" time="0.009" />
  <testcase classname="ptolemy.util.test.junit.AutoTests" name="[70] /home/travis/build/icyphy/ptII/ptolemy/domains/de/test/auto/TimingParadox.xml (RunModel)" time="0.34" />
  <testcase classname="ptolemy.util.test.junit.AutoTests" name="[71] /home/travis/build/icyphy/ptII/ptolemy/domains/de/test/auto/TransferInputs.xml (RunModel)" time="0.013" />
  <testcase classname="ptolemy.util.test.junit.AutoTests" name="[72] /home/travis/build/icyphy/ptII/ptolemy/domains/de/test/auto/TransferOutputs2.xml (RunModel)" time="0.015" />
  <testcase classname="ptolemy.util.test.junit.AutoTests" name="[73] /home/travis/build/icyphy/ptII/ptolemy/domains/de/test/auto/Trilateration.xml (RunModel)" time="11.75" />
  <testcase classname="ptolemy.util.test.junit.AutoTests" name="[74] /home/travis/build/icyphy/ptII/ptolemy/domains/de/test/auto/TwoSigmaDelta.xml (RunModel)" time="2.115" />
  <testcase classname="ptolemy.util.test.junit.AutoTests" name="[75] /home/travis/build/icyphy/ptII/ptolemy/domains/de/test/auto/VariableDelay.xml (RunModel)" time="0.017" />
  <testcase classname="ptolemy.util.test.junit.AutoTests" name="[76] /home/travis/build/icyphy/ptII/ptolemy/domains/de/test/auto/VariableDelay2.xml (RunModel)" time="0.015" />
  <testcase classname="ptolemy.util.test.junit.AutoTests" name="[77] /home/travis/build/icyphy/ptII/ptolemy/domains/de/test/auto/VariableDelayZeroDelay.xml (RunModel)" time="0.014" />
  <testcase classname="ptolemy.util.test.junit.AutoTests" name="[78] /home/travis/build/icyphy/ptII/ptolemy/domains/de/test/auto/VariableDelayZeroDelay2.xml (RunModel)" time="0.01" />
  <testcase classname="ptolemy.util.test.junit.AutoTests" name="[79] /home/travis/build/icyphy/ptII/ptolemy/domains/de/test/auto/deInCt.xml (RunModel)" time="0.015" />
  <testcase classname="ptolemy.util.test.junit.AutoTests" name="[80] /home/travis/build/icyphy/ptII/ptolemy/domains/de/test/auto/deInCt2.xml (RunModel)" time="0.013" />
  <testcase classname="ptolemy.util.test.junit.AutoTests" name="[81] /home/travis/build/icyphy/ptII/ptolemy/domains/de/test/auto/dynamicCausalityInterface1.xml (RunModel)" time="0.019" />
  <testcase classname="ptolemy.util.test.junit.AutoTests" name="[82] /home/travis/build/icyphy/ptII/ptolemy/domains/de/test/auto/fsm_de_test.xml (RunModel)" time="0.027" />
  <testcase classname="ptolemy.util.test.junit.AutoTests" name="[83] /home/travis/build/icyphy/ptII/ptolemy/domains/de/test/auto/functionDependencyReconstruction.xml (RunModel)" time="0.031" />
  <testcase classname="ptolemy.util.test.junit.AutoTests" name="[84] /home/travis/build/icyphy/ptII/ptolemy/domains/de/test/auto/multirate.xml (RunModel)" time="0.016" />
  <testcase classname="ptolemy.util.test.junit.AutoTests" name="[85] /home/travis/build/icyphy/ptII/ptolemy/domains/de/test/auto/multirate2.xml (RunModel)" time="0.013" />
  <testcase classname="ptolemy.util.test.junit.AutoTests" name="[86] /home/travis/build/icyphy/ptII/ptolemy/domains/de/test/auto/realtime.xml (RunModel)" time="10.009" />
  <testcase classname="ptolemy.util.test.junit.AutoTests" name="[87] /home/travis/build/icyphy/ptII/ptolemy/domains/de/test/auto/relationGroup.xml (RunModel)" time="0.007" />
  <testcase classname="ptolemy.util.test.junit.AutoTests" name="[88] /home/travis/build/icyphy/ptII/ptolemy/domains/de/test/auto/relationGroup2.xml (RunModel)" time="0.01" />
  <testcase classname="ptolemy.util.test.junit.AutoTests" name="[89] /home/travis/build/icyphy/ptII/ptolemy/domains/de/test/auto/sortWithOpaquePorts.xml (RunModel)" time="0.011" />
  <testcase classname="ptolemy.util.test.junit.AutoTests" name="[90] /home/travis/build/icyphy/ptII/ptolemy/domains/de/test/auto/transferInputsandOutputs.xml (RunModel)" time="0.019" />
  <testcase classname="ptolemy.util.test.junit.AutoTests" name="[91] /home/travis/build/icyphy/ptII/ptolemy/domains/de/test/auto/triggerType.xml (RunModel)" time="0.009" />
  <system-out><![CDATA[/home/travis/build/icyphy/ptII/ptolemy/domains/de/test/DependencyLoop.tcl
testDefs.tcl: setting time out to 9000 seconds at Thu May 17 00:16:37 UTC 2018
12 ms. Memory: 116224K Free: 95043K (82%)
6 ms. Memory: 146944K Free: 137819K (94%)
/home/travis/build/icyphy/ptII/ptolemy/domains/de/test/RunDETestsAsQSS.tcl
Run the DE tests using ptolemy.domains.qss.test.QSSDirectorTest, which extends QSSDirector and prints a message in the constructors.
------------------ testing $PTII/ptolemy/domains/de/test/auto/knownFailedTests/dependencyLoop.xml (Known Failure) 
7 ms. Memory: 146944K Free: 133552K (91%)


==== $PTIIhome/travis/build/icyphy/ptII/ptolemy/domains/de/test/../../../../: Auto Automatic test in file $PTII/ptolemy/domains/de/test/auto/knownFailedTests/dependencyLoop.xml
==== Contents of test case:

	    # FIXME: we should use $relativeFilename here, but it
	    # might have backslashes under Windows, which causes no end
	    # of trouble.
	    createAndExecute $file
	    list {}
	
.... Test generated KNOWN error:
    while executing
ptolemy.kernel.util.IllegalActionException: Found a zero delay loop containing .dependencyLoop.original
  in .dependencyLoop and .dependencyLoop.original
	at ptolemy.actor.util.CausalityInterfaceForComposites._computeOutputPortDepth(CausalityInterfaceForComposites.java:759)
	at ptolemy.actor.util.CausalityInterfaceForComposites._computeInputDepth(CausalityInterfaceForComposites.java:696)
	at ptolemy.actor.util.CausalityInterfaceForComposites._computeOutputPortDepth(CausalityInterfaceForComposites.java:765)
	at ptolemy.actor.util.CausalityInterfaceForComposites._computeInputDepth(CausalityInterfaceForComposites.java:696)
	at ptolemy.actor.util.CausalityInterfaceForComposites._computeOutputPortDepth(CausalityInterfaceForComposites.java:765)
	at ptolemy.actor.util.CausalityInterfaceForComposites._computeInputDepth(CausalityInterfaceForComposites.java:696)
	at ptolemy.actor.util.CausalityInterfaceForComposites._computeActorDepth(CausalityInterfaceForComposites.java:532)
	at ptolemy.actor.util.CausalityInterfaceForComposites.checkForCycles(CausalityInterfaceForComposites.java:96)
	at ptolemy.domains.de.kernel.DEDirector.preinitialize(DEDirector.java:1337)
	at ptolemy.actor.CompositeActor.preinitialize(CompositeActor.java:1828)
	at ptolemy.actor.Manager.preinitializeAndResolveTypes(Manager.java:1040)
	at ptolemy.actor.Manager.initialize(Manager.java:710)
	at ptolemy.actor.Manager.execute(Manager.java:356)
	at ptolemy.actor.Manager.run(Manager.java:1263)
	at ptolemy.actor.Manager$PtolemyRunThread.run(Manager.java:1915)

    while executing
ptolemy.kernel.util.IllegalActionException: Found a zero delay loop containing .dependencyLoop.original
  in .dependencyLoop and .dependencyLoop.original
    while executing
"java::new ptolemy.moml.MoMLSimpleApplication $file
"
    (procedure "createAndExecute" line 2)
    invoked from within
"createAndExecute $file"
    ("uplevel" body line 5)
    invoked from within
"uplevel $contents_of_test"
------------------ testing $PTII/ptolemy/domains/de/test/auto/knownFailedTests/DESDFClockTest.xml (Known Failure) 
2055 ms. Memory: 146944K Free: 117829K (80%)


==== $PTIIhome/travis/build/icyphy/ptII/ptolemy/domains/de/test/../../../../: Auto Automatic test in file $PTII/ptolemy/domains/de/test/auto/knownFailedTests/DESDFClockTest.xml
==== Contents of test case:

	    # FIXME: we should use $relativeFilename here, but it
	    # might have backslashes under Windows, which causes no end
	    # of trouble.
	    createAndExecute $file
	    list {}
	
.... Test generated KNOWN error:
    while executing
ptolemy.kernel.util.IllegalActionException: Actor is not ready to fire.  Perhaps UpSample.prefire() returned false? Try debugging the actor by selecting "Listen to Actor".  Also, for SDF check moml for tokenConsumptionRate on input.
  in .DESDFClockTest.Play Bell.Copy1:SDF Director and .DESDFClockTest.Play Bell.UpSample
	at ptolemy.actor.sched.StaticSchedulingDirector.fire(StaticSchedulingDirector.java:227)
	at ptolemy.domains.sdf.kernel.SDFDirector.fire(SDFDirector.java:500)
	at ptolemy.actor.CompositeActor.fire(CompositeActor.java:455)
	at ptolemy.domains.de.kernel.DEDirector._fire(DEDirector.java:1948)
	at ptolemy.domains.de.kernel.DEDirector.fire(DEDirector.java:502)
	at ptolemy.actor.CompositeActor.fire(CompositeActor.java:455)
	at ptolemy.actor.Manager.iterate(Manager.java:851)
	at ptolemy.actor.Manager.execute(Manager.java:369)
	at ptolemy.actor.Manager.run(Manager.java:1263)
	at ptolemy.actor.Manager$PtolemyRunThread.run(Manager.java:1915)

    while executing
ptolemy.kernel.util.IllegalActionException: Actor is not ready to fire.  Perhaps UpSample.prefire() returned false? Try debugging the actor by selecting "Listen to Actor".  Also, for SDF check moml for tokenConsumptionRate on input.
  in .DESDFClockTest.Play Bell.Copy1:SDF Director and .DESDFClockTest.Play Bell.UpSample
    while executing
"java::new ptolemy.moml.MoMLSimpleApplication $file
"
    (procedure "createAndExecute" line 2)
    invoked from within
"createAndExecute $file"
    ("uplevel" body line 5)
    invoked from within
"uplevel $contents_of_test"
------------------ testing $PTII/ptolemy/domains/de/test/auto/knownFailedTests/FSMSource.xml (Known Failure) 
39 ms. Memory: 146944K Free: 108307K (74%)
!!!! Auto was marked as failing, but now passes
------------------ testing $PTII/ptolemy/domains/de/test/auto/knownFailedTests/dependencyLoop2.xml (Known Failure) 
12 ms. Memory: 146944K Free: 106447K (72%)


==== $PTIIhome/travis/build/icyphy/ptII/ptolemy/domains/de/test/../../../../: Auto Automatic test in file $PTII/ptolemy/domains/de/test/auto/knownFailedTests/dependencyLoop2.xml
==== Contents of test case:

	    # FIXME: we should use $relativeFilename here, but it
	    # might have backslashes under Windows, which causes no end
	    # of trouble.
	    createAndExecute $file
	    list {}
	
.... Test generated KNOWN error:
    while executing
ptolemy.kernel.util.IllegalActionException: Found a zero delay loop containing .dependencyLoop2.original
  in .dependencyLoop2 and .dependencyLoop2.original
	at ptolemy.actor.util.CausalityInterfaceForComposites._computeOutputPortDepth(CausalityInterfaceForComposites.java:759)
	at ptolemy.actor.util.CausalityInterfaceForComposites._computeInputDepth(CausalityInterfaceForComposites.java:696)
	at ptolemy.actor.util.CausalityInterfaceForComposites._computeOutputPortDepth(CausalityInterfaceForComposites.java:765)
	at ptolemy.actor.util.CausalityInterfaceForComposites._computeInputDepth(CausalityInterfaceForComposites.java:696)
	at ptolemy.actor.util.CausalityInterfaceForComposites._computeOutputPortDepth(CausalityInterfaceForComposites.java:765)
	at ptolemy.actor.util.CausalityInterfaceForComposites._computeInputDepth(CausalityInterfaceForComposites.java:696)
	at ptolemy.actor.util.CausalityInterfaceForComposites._computeActorDepth(CausalityInterfaceForComposites.java:532)
	at ptolemy.actor.util.CausalityInterfaceForComposites.checkForCycles(CausalityInterfaceForComposites.java:96)
	at ptolemy.domains.de.kernel.DEDirector.preinitialize(DEDirector.java:1337)
	at ptolemy.actor.CompositeActor.preinitialize(CompositeActor.java:1828)
	at ptolemy.actor.Manager.preinitializeAndResolveTypes(Manager.java:1040)
	at ptolemy.actor.Manager.initialize(Manager.java:710)
	at ptolemy.actor.Manager.execute(Manager.java:356)
	at ptolemy.actor.Manager.run(Manager.java:1263)
	at ptolemy.actor.Manager$PtolemyRunThread.run(Manager.java:1915)

    while executing
ptolemy.kernel.util.IllegalActionException: Found a zero delay loop containing .dependencyLoop2.original
  in .dependencyLoop2 and .dependencyLoop2.original
    while executing
"java::new ptolemy.moml.MoMLSimpleApplication $file
"
    (procedure "createAndExecute" line 2)
    invoked from within
"createAndExecute $file"
    ("uplevel" body line 5)
    invoked from within
"uplevel $contents_of_test"
------------------ testing $PTII/ptolemy/domains/de/test/auto/knownFailedTests/HierarchicalModel.xml (Known Failure) 
10 ms. Memory: 146944K Free: 84865K (58%)


==== $PTIIhome/travis/build/icyphy/ptII/ptolemy/domains/de/test/../../../../: Auto Automatic test in file $PTII/ptolemy/domains/de/test/auto/knownFailedTests/HierarchicalModel.xml
==== Contents of test case:

	    # FIXME: we should use $relativeFilename here, but it
	    # might have backslashes under Windows, which causes no end
	    # of trouble.
	    createAndExecute $file
	    list {}
	
.... Test generated KNOWN error:
    while executing
ptolemy.kernel.util.IllegalActionException: Found a zero delay loop containing .HierarchicalModel.A
  in .HierarchicalModel and .HierarchicalModel.A
	at ptolemy.actor.util.CausalityInterfaceForComposites._computeOutputPortDepth(CausalityInterfaceForComposites.java:759)
	at ptolemy.actor.util.CausalityInterfaceForComposites._computeInputDepth(CausalityInterfaceForComposites.java:696)
	at ptolemy.actor.util.CausalityInterfaceForComposites._computeOutputPortDepth(CausalityInterfaceForComposites.java:765)
	at ptolemy.actor.util.CausalityInterfaceForComposites._computeInputDepth(CausalityInterfaceForComposites.java:696)
	at ptolemy.actor.util.CausalityInterfaceForComposites._computeOutputPortDepth(CausalityInterfaceForComposites.java:765)
	at ptolemy.actor.util.CausalityInterfaceForComposites._computeInputDepth(CausalityInterfaceForComposites.java:696)
	at ptolemy.actor.util.CausalityInterfaceForComposites._computeActorDepth(CausalityInterfaceForComposites.java:532)
	at ptolemy.actor.util.CausalityInterfaceForComposites.checkForCycles(CausalityInterfaceForComposites.java:96)
	at ptolemy.domains.de.kernel.DEDirector.preinitialize(DEDirector.java:1337)
	at ptolemy.actor.CompositeActor.preinitialize(CompositeActor.java:1828)
	at ptolemy.actor.Manager.preinitializeAndResolveTypes(Manager.java:1040)
	at ptolemy.actor.Manager.initialize(Manager.java:710)
	at ptolemy.actor.Manager.execute(Manager.java:356)
	at ptolemy.actor.Manager.run(Manager.java:1263)
	at ptolemy.actor.Manager$PtolemyRunThread.run(Manager.java:1915)

    while executing
ptolemy.kernel.util.IllegalActionException: Found a zero delay loop containing .HierarchicalModel.A
  in .HierarchicalModel and .HierarchicalModel.A
    while executing
"java::new ptolemy.moml.MoMLSimpleApplication $file
"
    (procedure "createAndExecute" line 2)
    invoked from within
"createAndExecute $file"
    ("uplevel" body line 5)
    invoked from within
"uplevel $contents_of_test"
------------------ testing $PTII/ptolemy/domains/de/test/auto/knownFailedTests/DirectFeedback.xml (Known Failure) 
25 ms. Memory: 146944K Free: 142569K (97%)


==== $PTIIhome/travis/build/icyphy/ptII/ptolemy/domains/de/test/../../../../: Auto Automatic test in file $PTII/ptolemy/domains/de/test/auto/knownFailedTests/DirectFeedback.xml
==== Contents of test case:

	    # FIXME: we should use $relativeFilename here, but it
	    # might have backslashes under Windows, which causes no end
	    # of trouble.
	    createAndExecute $file
	    list {}
	
.... Test generated KNOWN error:
    while executing
ptolemy.kernel.util.IllegalActionException: Test fails in iteration 1.
Value was: 1.0. Should have been: 2.0
  in .DirectFeedback.Test
	at ptolemy.actor.lib.Test.fire(Test.java:268)
	at ptolemy.domains.de.kernel.DEDirector._fire(DEDirector.java:1948)
	at ptolemy.domains.de.kernel.DEDirector.fire(DEDirector.java:502)
	at ptolemy.actor.CompositeActor.fire(CompositeActor.java:455)
	at ptolemy.actor.Manager.iterate(Manager.java:851)
	at ptolemy.actor.Manager.execute(Manager.java:369)
	at ptolemy.actor.Manager.run(Manager.java:1263)
	at ptolemy.actor.Manager$PtolemyRunThread.run(Manager.java:1915)

    while executing
ptolemy.kernel.util.IllegalActionException: Test fails in iteration 1.
Value was: 1.0. Should have been: 2.0
  in .DirectFeedback.Test
    while executing
"java::new ptolemy.moml.MoMLSimpleApplication $file
"
    (procedure "createAndExecute" line 2)
    invoked from within
"createAndExecute $file"
    ("uplevel" body line 5)
    invoked from within
"uplevel $contents_of_test"
------------------ testing $PTII/ptolemy/domains/de/test/auto/ActorDepthCalculation_actorWithoutPorts.xml
auto.tcl: Setting watchdog for 200 seconds at Thu May 17 00:16:40 UTC 2018
8 ms. Memory: 146944K Free: 133618K (91%)
ptolemy.util.test.WatchDog.cancel(): canceling Thu May 17 00:16:40 UTC 2018
auto.tcl: Setting watchdog for 200 seconds at Thu May 17 00:16:40 UTC 2018
4 ms. Memory: 146944K Free: 132582K (90%)
ptolemy.util.test.WatchDog.cancel(): canceling Thu May 17 00:16:40 UTC 2018
------------------ testing $PTII/ptolemy/domains/de/test/auto/AssemblyLine.xml
auto.tcl: Setting watchdog for 200 seconds at Thu May 17 00:16:40 UTC 2018
10 ms. Memory: 208384K Free: 186334K (89%)
ptolemy.util.test.WatchDog.cancel(): canceling Thu May 17 00:16:40 UTC 2018
auto.tcl: Setting watchdog for 200 seconds at Thu May 17 00:16:40 UTC 2018
11 ms. Memory: 208384K Free: 186334K (89%)
ptolemy.util.test.WatchDog.cancel(): canceling Thu May 17 00:16:40 UTC 2018
------------------ testing $PTII/ptolemy/domains/de/test/auto/CQBug1.xml
auto.tcl: Setting watchdog for 200 seconds at Thu May 17 00:16:40 UTC 2018
3 ms. Memory: 208384K Free: 197727K (95%)
ptolemy.util.test.WatchDog.cancel(): canceling Thu May 17 00:16:41 UTC 2018
auto.tcl: Setting watchdog for 200 seconds at Thu May 17 00:16:41 UTC 2018
2 ms. Memory: 208384K Free: 197727K (95%)
ptolemy.util.test.WatchDog.cancel(): canceling Thu May 17 00:16:41 UTC 2018
------------------ testing $PTII/ptolemy/domains/de/test/auto/CancelFireAt.xml
auto.tcl: Setting watchdog for 200 seconds at Thu May 17 00:16:41 UTC 2018
3 ms. Memory: 208384K Free: 201442K (97%)
ptolemy.util.test.WatchDog.cancel(): canceling Thu May 17 00:16:41 UTC 2018
auto.tcl: Setting watchdog for 200 seconds at Thu May 17 00:16:41 UTC 2018
6 ms. Memory: 208384K Free: 199344K (96%)
ptolemy.util.test.WatchDog.cancel(): canceling Thu May 17 00:16:41 UTC 2018
------------------ testing $PTII/ptolemy/domains/de/test/auto/CausalityAndComposabilityAnalysis.xml
auto.tcl: Setting watchdog for 200 seconds at Thu May 17 00:16:41 UTC 2018
7 ms. Memory: 208384K Free: 196846K (94%)
ptolemy.util.test.WatchDog.cancel(): canceling Thu May 17 00:16:41 UTC 2018
auto.tcl: Setting watchdog for 200 seconds at Thu May 17 00:16:41 UTC 2018
6 ms. Memory: 208384K Free: 196509K (94%)
ptolemy.util.test.WatchDog.cancel(): canceling Thu May 17 00:16:41 UTC 2018
------------------ testing $PTII/ptolemy/domains/de/test/auto/CausalityInterface1.xml
auto.tcl: Setting watchdog for 200 seconds at Thu May 17 00:16:41 UTC 2018
21 ms. Memory: 208384K Free: 196446K (94%)
ptolemy.util.test.WatchDog.cancel(): canceling Thu May 17 00:16:41 UTC 2018
auto.tcl: Setting watchdog for 200 seconds at Thu May 17 00:16:41 UTC 2018
4 ms. Memory: 208384K Free: 196446K (94%)
ptolemy.util.test.WatchDog.cancel(): canceling Thu May 17 00:16:41 UTC 2018
------------------ testing $PTII/ptolemy/domains/de/test/auto/CausalityInterface15.xml
auto.tcl: Setting watchdog for 200 seconds at Thu May 17 00:16:41 UTC 2018
4 ms. Memory: 208384K Free: 196437K (94%)
ptolemy.util.test.WatchDog.cancel(): canceling Thu May 17 00:16:41 UTC 2018
auto.tcl: Setting watchdog for 200 seconds at Thu May 17 00:16:41 UTC 2018
6 ms. Memory: 208384K Free: 196437K (94%)
ptolemy.util.test.WatchDog.cancel(): canceling Thu May 17 00:16:41 UTC 2018
------------------ testing $PTII/ptolemy/domains/de/test/auto/CausalityInterface2.xml
auto.tcl: Setting watchdog for 200 seconds at Thu May 17 00:16:41 UTC 2018
7 ms. Memory: 208384K Free: 196421K (94%)
ptolemy.util.test.WatchDog.cancel(): canceling Thu May 17 00:16:41 UTC 2018
auto.tcl: Setting watchdog for 200 seconds at Thu May 17 00:16:41 UTC 2018
3 ms. Memory: 208384K Free: 196421K (94%)
ptolemy.util.test.WatchDog.cancel(): canceling Thu May 17 00:16:41 UTC 2018
------------------ testing $PTII/ptolemy/domains/de/test/auto/CausalityInterface3.xml
auto.tcl: Setting watchdog for 200 seconds at Thu May 17 00:16:41 UTC 2018
10 ms. Memory: 208384K Free: 196434K (94%)
ptolemy.util.test.WatchDog.cancel(): canceling Thu May 17 00:16:41 UTC 2018
auto.tcl: Setting watchdog for 200 seconds at Thu May 17 00:16:41 UTC 2018
4 ms. Memory: 208384K Free: 196434K (94%)
ptolemy.util.test.WatchDog.cancel(): canceling Thu May 17 00:16:41 UTC 2018
------------------ testing $PTII/ptolemy/domains/de/test/auto/ClockDrift.xml
auto.tcl: Setting watchdog for 200 seconds at Thu May 17 00:16:41 UTC 2018
73 ms. Memory: 208384K Free: 187674K (90%)
ptolemy.util.test.WatchDog.cancel(): canceling Thu May 17 00:16:41 UTC 2018
auto.tcl: Setting watchdog for 200 seconds at Thu May 17 00:16:41 UTC 2018
52 ms. Memory: 208384K Free: 185577K (89%)
ptolemy.util.test.WatchDog.cancel(): canceling Thu May 17 00:16:41 UTC 2018
------------------ testing $PTII/ptolemy/domains/de/test/auto/ClockDriftAndValueChange.xml
auto.tcl: Setting watchdog for 200 seconds at Thu May 17 00:16:41 UTC 2018
45 ms. Memory: 208384K Free: 187510K (90%)
ptolemy.util.test.WatchDog.cancel(): canceling Thu May 17 00:16:41 UTC 2018
auto.tcl: Setting watchdog for 200 seconds at Thu May 17 00:16:41 UTC 2018
21 ms. Memory: 208384K Free: 185413K (89%)
ptolemy.util.test.WatchDog.cancel(): canceling Thu May 17 00:16:42 UTC 2018
------------------ testing $PTII/ptolemy/domains/de/test/auto/ClockDriftChange.xml
auto.tcl: Setting watchdog for 200 seconds at Thu May 17 00:16:42 UTC 2018
41 ms. Memory: 208384K Free: 190831K (92%)
ptolemy.util.test.WatchDog.cancel(): canceling Thu May 17 00:16:42 UTC 2018
auto.tcl: Setting watchdog for 200 seconds at Thu May 17 00:16:42 UTC 2018
29 ms. Memory: 208384K Free: 188734K (91%)
ptolemy.util.test.WatchDog.cancel(): canceling Thu May 17 00:16:42 UTC 2018
------------------ testing $PTII/ptolemy/domains/de/test/auto/ComposableCausalityAnalysis.xml
auto.tcl: Setting watchdog for 200 seconds at Thu May 17 00:16:42 UTC 2018
3 ms. Memory: 208384K Free: 196289K (94%)
ptolemy.util.test.WatchDog.cancel(): canceling Thu May 17 00:16:42 UTC 2018
auto.tcl: Setting watchdog for 200 seconds at Thu May 17 00:16:42 UTC 2018
3 ms. Memory: 208384K Free: 194192K (93%)
ptolemy.util.test.WatchDog.cancel(): canceling Thu May 17 00:16:42 UTC 2018
------------------ testing $PTII/ptolemy/domains/de/test/auto/DEFixedPointLimitation.xml
auto.tcl: Setting watchdog for 200 seconds at Thu May 17 00:16:42 UTC 2018
2 ms. Memory: 208384K Free: 196370K (94%)
ptolemy.util.test.WatchDog.cancel(): canceling Thu May 17 00:16:42 UTC 2018
auto.tcl: Setting watchdog for 200 seconds at Thu May 17 00:16:42 UTC 2018
2 ms. Memory: 208384K Free: 196370K (94%)
ptolemy.util.test.WatchDog.cancel(): canceling Thu May 17 00:16:42 UTC 2018
------------------ testing $PTII/ptolemy/domains/de/test/auto/DEScheduleTest.xml
auto.tcl: Setting watchdog for 200 seconds at Thu May 17 00:16:42 UTC 2018
3 ms. Memory: 208384K Free: 198841K (95%)
ptolemy.util.test.WatchDog.cancel(): canceling Thu May 17 00:16:42 UTC 2018
auto.tcl: Setting watchdog for 200 seconds at Thu May 17 00:16:42 UTC 2018
5 ms. Memory: 208384K Free: 196743K (94%)
ptolemy.util.test.WatchDog.cancel(): canceling Thu May 17 00:16:42 UTC 2018
------------------ testing $PTII/ptolemy/domains/de/test/auto/DEinDEwithStartTimes.xml
auto.tcl: Setting watchdog for 200 seconds at Thu May 17 00:16:42 UTC 2018
9 ms. Memory: 208384K Free: 196376K (94%)
ptolemy.util.test.WatchDog.cancel(): canceling Thu May 17 00:16:42 UTC 2018
auto.tcl: Setting watchdog for 200 seconds at Thu May 17 00:16:42 UTC 2018
4 ms. Memory: 208384K Free: 194279K (93%)
ptolemy.util.test.WatchDog.cancel(): canceling Thu May 17 00:16:42 UTC 2018
------------------ testing $PTII/ptolemy/domains/de/test/auto/DEinDEwithStartTimes2.xml
auto.tcl: Setting watchdog for 200 seconds at Thu May 17 00:16:42 UTC 2018
7 ms. Memory: 208384K Free: 196355K (94%)
ptolemy.util.test.WatchDog.cancel(): canceling Thu May 17 00:16:42 UTC 2018
auto.tcl: Setting watchdog for 200 seconds at Thu May 17 00:16:42 UTC 2018
4 ms. Memory: 208384K Free: 194258K (93%)
ptolemy.util.test.WatchDog.cancel(): canceling Thu May 17 00:16:42 UTC 2018
------------------ testing $PTII/ptolemy/domains/de/test/auto/DateDemo.xml
auto.tcl: Setting watchdog for 200 seconds at Thu May 17 00:16:42 UTC 2018
14 ms. Memory: 208384K Free: 188802K (91%)
ptolemy.util.test.WatchDog.cancel(): canceling Thu May 17 00:16:42 UTC 2018
auto.tcl: Setting watchdog for 200 seconds at Thu May 17 00:16:42 UTC 2018
8 ms. Memory: 208384K Free: 186705K (90%)
ptolemy.util.test.WatchDog.cancel(): canceling Thu May 17 00:16:42 UTC 2018
------------------ testing $PTII/ptolemy/domains/de/test/auto/DateToEvent.xml
auto.tcl: Setting watchdog for 200 seconds at Thu May 17 00:16:42 UTC 2018
2011 ms. Memory: 208384K Free: 183532K (88%)
ptolemy.util.test.WatchDog.cancel(): canceling Thu May 17 00:16:44 UTC 2018
auto.tcl: Setting watchdog for 200 seconds at Thu May 17 00:16:44 UTC 2018
2004 ms. Memory: 208384K Free: 181075K (87%)
ptolemy.util.test.WatchDog.cancel(): canceling Thu May 17 00:16:46 UTC 2018
------------------ testing $PTII/ptolemy/domains/de/test/auto/DepthTest1.xml
auto.tcl: Setting watchdog for 200 seconds at Thu May 17 00:16:46 UTC 2018
4 ms. Memory: 208384K Free: 198044K (95%)
ptolemy.util.test.WatchDog.cancel(): canceling Thu May 17 00:16:46 UTC 2018
auto.tcl: Setting watchdog for 200 seconds at Thu May 17 00:16:46 UTC 2018
3 ms. Memory: 208384K Free: 198044K (95%)
ptolemy.util.test.WatchDog.cancel(): canceling Thu May 17 00:16:46 UTC 2018
------------------ testing $PTII/ptolemy/domains/de/test/auto/DepthTest2.xml
auto.tcl: Setting watchdog for 200 seconds at Thu May 17 00:16:47 UTC 2018
7 ms. Memory: 208384K Free: 193909K (93%)
ptolemy.util.test.WatchDog.cancel(): canceling Thu May 17 00:16:47 UTC 2018
auto.tcl: Setting watchdog for 200 seconds at Thu May 17 00:16:47 UTC 2018
3 ms. Memory: 208384K Free: 193909K (93%)
ptolemy.util.test.WatchDog.cancel(): canceling Thu May 17 00:16:47 UTC 2018
------------------ testing $PTII/ptolemy/domains/de/test/auto/DepthTest3.xml
auto.tcl: Setting watchdog for 200 seconds at Thu May 17 00:16:47 UTC 2018
5 ms. Memory: 208384K Free: 198375K (95%)
ptolemy.util.test.WatchDog.cancel(): canceling Thu May 17 00:16:47 UTC 2018
auto.tcl: Setting watchdog for 200 seconds at Thu May 17 00:16:47 UTC 2018
1 ms. Memory: 208384K Free: 198375K (95%)
ptolemy.util.test.WatchDog.cancel(): canceling Thu May 17 00:16:47 UTC 2018
------------------ testing $PTII/ptolemy/domains/de/test/auto/DepthTest4.xml
auto.tcl: Setting watchdog for 200 seconds at Thu May 17 00:16:47 UTC 2018
5 ms. Memory: 208384K Free: 196028K (94%)
ptolemy.util.test.WatchDog.cancel(): canceling Thu May 17 00:16:47 UTC 2018
auto.tcl: Setting watchdog for 200 seconds at Thu May 17 00:16:47 UTC 2018
2 ms. Memory: 208384K Free: 196028K (94%)
ptolemy.util.test.WatchDog.cancel(): canceling Thu May 17 00:16:47 UTC 2018
------------------ testing $PTII/ptolemy/domains/de/test/auto/DepthTest5.xml
auto.tcl: Setting watchdog for 200 seconds at Thu May 17 00:16:47 UTC 2018
2 ms. Memory: 208384K Free: 195973K (94%)
ptolemy.util.test.WatchDog.cancel(): canceling Thu May 17 00:16:47 UTC 2018
auto.tcl: Setting watchdog for 200 seconds at Thu May 17 00:16:47 UTC 2018
2 ms. Memory: 208384K Free: 195973K (94%)
ptolemy.util.test.WatchDog.cancel(): canceling Thu May 17 00:16:47 UTC 2018
------------------ testing $PTII/ptolemy/domains/de/test/auto/DepthTest6.xml
auto.tcl: Setting watchdog for 200 seconds at Thu May 17 00:16:47 UTC 2018
6 ms. Memory: 208384K Free: 196281K (94%)
ptolemy.util.test.WatchDog.cancel(): canceling Thu May 17 00:16:47 UTC 2018
auto.tcl: Setting watchdog for 200 seconds at Thu May 17 00:16:47 UTC 2018
2 ms. Memory: 208384K Free: 196281K (94%)
ptolemy.util.test.WatchDog.cancel(): canceling Thu May 17 00:16:47 UTC 2018
------------------ testing $PTII/ptolemy/domains/de/test/auto/DepthTest7.xml
auto.tcl: Setting watchdog for 200 seconds at Thu May 17 00:16:47 UTC 2018
3 ms. Memory: 208384K Free: 195931K (94%)
ptolemy.util.test.WatchDog.cancel(): canceling Thu May 17 00:16:47 UTC 2018
auto.tcl: Setting watchdog for 200 seconds at Thu May 17 00:16:47 UTC 2018
2 ms. Memory: 208384K Free: 195931K (94%)
ptolemy.util.test.WatchDog.cancel(): canceling Thu May 17 00:16:47 UTC 2018
------------------ testing $PTII/ptolemy/domains/de/test/auto/EventToDate.xml
auto.tcl: Setting watchdog for 200 seconds at Thu May 17 00:16:47 UTC 2018
3010 ms. Memory: 208384K Free: 185466K (89%)
ptolemy.util.test.WatchDog.cancel(): canceling Thu May 17 00:16:50 UTC 2018
auto.tcl: Setting watchdog for 200 seconds at Thu May 17 00:16:50 UTC 2018
3004 ms. Memory: 208384K Free: 185466K (89%)
ptolemy.util.test.WatchDog.cancel(): canceling Thu May 17 00:16:53 UTC 2018
------------------ testing $PTII/ptolemy/domains/de/test/auto/FSM1.xml
auto.tcl: Setting watchdog for 200 seconds at Thu May 17 00:16:53 UTC 2018
16 ms. Memory: 208384K Free: 186890K (90%)
ptolemy.util.test.WatchDog.cancel(): canceling Thu May 17 00:16:53 UTC 2018
auto.tcl: Setting watchdog for 200 seconds at Thu May 17 00:16:53 UTC 2018
13 ms. Memory: 208384K Free: 184793K (89%)
ptolemy.util.test.WatchDog.cancel(): canceling Thu May 17 00:16:53 UTC 2018
------------------ testing $PTII/ptolemy/domains/de/test/auto/FSM7.xml
auto.tcl: Setting watchdog for 200 seconds at Thu May 17 00:16:53 UTC 2018
20 ms. Memory: 208384K Free: 187430K (90%)
ptolemy.util.test.WatchDog.cancel(): canceling Thu May 17 00:16:53 UTC 2018
auto.tcl: Setting watchdog for 200 seconds at Thu May 17 00:16:53 UTC 2018
22 ms. Memory: 208384K Free: 184995K (89%)
ptolemy.util.test.WatchDog.cancel(): canceling Thu May 17 00:16:53 UTC 2018
------------------ testing $PTII/ptolemy/domains/de/test/auto/Inspection.xml
auto.tcl: Setting watchdog for 200 seconds at Thu May 17 00:16:53 UTC 2018
21 ms. Memory: 208384K Free: 188308K (90%)
ptolemy.util.test.WatchDog.cancel(): canceling Thu May 17 00:16:53 UTC 2018
auto.tcl: Setting watchdog for 200 seconds at Thu May 17 00:16:53 UTC 2018
17 ms. Memory: 208384K Free: 186211K (89%)
ptolemy.util.test.WatchDog.cancel(): canceling Thu May 17 00:16:53 UTC 2018
------------------ testing $PTII/ptolemy/domains/de/test/auto/Iteration.xml
auto.tcl: Setting watchdog for 200 seconds at Thu May 17 00:16:54 UTC 2018
9 ms. Memory: 208384K Free: 193639K (93%)
ptolemy.util.test.WatchDog.cancel(): canceling Thu May 17 00:16:54 UTC 2018
auto.tcl: Setting watchdog for 200 seconds at Thu May 17 00:16:54 UTC 2018
7 ms. Memory: 208384K Free: 193639K (93%)
ptolemy.util.test.WatchDog.cancel(): canceling Thu May 17 00:16:54 UTC 2018
------------------ testing $PTII/ptolemy/domains/de/test/auto/LineFault.xml
auto.tcl: Setting watchdog for 200 seconds at Thu May 17 00:16:54 UTC 2018
756 ms. Memory: 208384K Free: 193915K (93%)
ptolemy.util.test.WatchDog.cancel(): canceling Thu May 17 00:16:55 UTC 2018
auto.tcl: Setting watchdog for 200 seconds at Thu May 17 00:16:55 UTC 2018
577 ms. Memory: 208384K Free: 136661K (66%)
ptolemy.util.test.WatchDog.cancel(): canceling Thu May 17 00:16:55 UTC 2018
------------------ testing $PTII/ptolemy/domains/de/test/auto/MergeModel1Add.xml
auto.tcl: Setting watchdog for 200 seconds at Thu May 17 00:16:55 UTC 2018
22 ms. Memory: 331264K Free: 302626K (91%)
ptolemy.util.test.WatchDog.cancel(): canceling Thu May 17 00:16:55 UTC 2018
auto.tcl: Setting watchdog for 200 seconds at Thu May 17 00:16:55 UTC 2018
7 ms. Memory: 331264K Free: 298713K (90%)
ptolemy.util.test.WatchDog.cancel(): canceling Thu May 17 00:16:55 UTC 2018
------------------ testing $PTII/ptolemy/domains/de/test/auto/MergeModel2Add.xml
auto.tcl: Setting watchdog for 200 seconds at Thu May 17 00:16:55 UTC 2018
6 ms. Memory: 331264K Free: 303997K (92%)
ptolemy.util.test.WatchDog.cancel(): canceling Thu May 17 00:16:56 UTC 2018
auto.tcl: Setting watchdog for 200 seconds at Thu May 17 00:16:56 UTC 2018
9 ms. Memory: 331264K Free: 300084K (91%)
ptolemy.util.test.WatchDog.cancel(): canceling Thu May 17 00:16:56 UTC 2018
------------------ testing $PTII/ptolemy/domains/de/test/auto/MergeModel3Add.xml
auto.tcl: Setting watchdog for 200 seconds at Thu May 17 00:16:56 UTC 2018
10 ms. Memory: 331264K Free: 304007K (92%)
ptolemy.util.test.WatchDog.cancel(): canceling Thu May 17 00:16:56 UTC 2018
auto.tcl: Setting watchdog for 200 seconds at Thu May 17 00:16:56 UTC 2018
7 ms. Memory: 331264K Free: 300094K (91%)
ptolemy.util.test.WatchDog.cancel(): canceling Thu May 17 00:16:56 UTC 2018
------------------ testing $PTII/ptolemy/domains/de/test/auto/MergeWithoutDiscard.xml
auto.tcl: Setting watchdog for 200 seconds at Thu May 17 00:16:56 UTC 2018
2 ms. Memory: 331264K Free: 316029K (95%)
ptolemy.util.test.WatchDog.cancel(): canceling Thu May 17 00:16:56 UTC 2018
auto.tcl: Setting watchdog for 200 seconds at Thu May 17 00:16:56 UTC 2018
1 ms. Memory: 331264K Free: 316029K (95%)
ptolemy.util.test.WatchDog.cancel(): canceling Thu May 17 00:16:56 UTC 2018
------------------ testing $PTII/ptolemy/domains/de/test/auto/Modal1.xml
auto.tcl: Setting watchdog for 200 seconds at Thu May 17 00:16:56 UTC 2018
15 ms. Memory: 331264K Free: 309687K (93%)
ptolemy.util.test.WatchDog.cancel(): canceling Thu May 17 00:16:56 UTC 2018
auto.tcl: Setting watchdog for 200 seconds at Thu May 17 00:16:56 UTC 2018
19 ms. Memory: 331264K Free: 305774K (92%)
ptolemy.util.test.WatchDog.cancel(): canceling Thu May 17 00:16:56 UTC 2018
------------------ testing $PTII/ptolemy/domains/de/test/auto/Modal2.xml
auto.tcl: Setting watchdog for 200 seconds at Thu May 17 00:16:56 UTC 2018
18 ms. Memory: 331264K Free: 309553K (93%)
ptolemy.util.test.WatchDog.cancel(): canceling Thu May 17 00:16:56 UTC 2018
auto.tcl: Setting watchdog for 200 seconds at Thu May 17 00:16:56 UTC 2018
17 ms. Memory: 331264K Free: 305640K (92%)
ptolemy.util.test.WatchDog.cancel(): canceling Thu May 17 00:16:56 UTC 2018
------------------ testing $PTII/ptolemy/domains/de/test/auto/Modal3.xml
auto.tcl: Setting watchdog for 200 seconds at Thu May 17 00:16:56 UTC 2018
13 ms. Memory: 331264K Free: 309845K (94%)
ptolemy.util.test.WatchDog.cancel(): canceling Thu May 17 00:16:56 UTC 2018
auto.tcl: Setting watchdog for 200 seconds at Thu May 17 00:16:56 UTC 2018
12 ms. Memory: 331264K Free: 305646K (92%)
ptolemy.util.test.WatchDog.cancel(): canceling Thu May 17 00:16:56 UTC 2018
------------------ testing $PTII/ptolemy/domains/de/test/auto/Modal4.xml
auto.tcl: Setting watchdog for 200 seconds at Thu May 17 00:16:56 UTC 2018
22 ms. Memory: 331264K Free: 309557K (93%)
ptolemy.util.test.WatchDog.cancel(): canceling Thu May 17 00:16:56 UTC 2018
auto.tcl: Setting watchdog for 200 seconds at Thu May 17 00:16:56 UTC 2018
13 ms. Memory: 331264K Free: 305644K (92%)
ptolemy.util.test.WatchDog.cancel(): canceling Thu May 17 00:16:56 UTC 2018
------------------ testing $PTII/ptolemy/domains/de/test/auto/Modal5.xml
auto.tcl: Setting watchdog for 200 seconds at Thu May 17 00:16:56 UTC 2018
15 ms. Memory: 331264K Free: 309543K (93%)
ptolemy.util.test.WatchDog.cancel(): canceling Thu May 17 00:16:56 UTC 2018
auto.tcl: Setting watchdog for 200 seconds at Thu May 17 00:16:56 UTC 2018
13 ms. Memory: 331264K Free: 305630K (92%)
ptolemy.util.test.WatchDog.cancel(): canceling Thu May 17 00:16:56 UTC 2018
------------------ testing $PTII/ptolemy/domains/de/test/auto/Modal6.xml
auto.tcl: Setting watchdog for 200 seconds at Thu May 17 00:16:56 UTC 2018
15 ms. Memory: 331264K Free: 309540K (93%)
ptolemy.util.test.WatchDog.cancel(): canceling Thu May 17 00:16:56 UTC 2018
auto.tcl: Setting watchdog for 200 seconds at Thu May 17 00:16:56 UTC 2018
16 ms. Memory: 331264K Free: 305627K (92%)
ptolemy.util.test.WatchDog.cancel(): canceling Thu May 17 00:16:56 UTC 2018
------------------ testing $PTII/ptolemy/domains/de/test/auto/Modal7.xml
auto.tcl: Setting watchdog for 200 seconds at Thu May 17 00:16:56 UTC 2018
8 ms. Memory: 331264K Free: 305628K (92%)
ptolemy.util.test.WatchDog.cancel(): canceling Thu May 17 00:16:56 UTC 2018
auto.tcl: Setting watchdog for 200 seconds at Thu May 17 00:16:56 UTC 2018
8 ms. Memory: 331264K Free: 305628K (92%)
ptolemy.util.test.WatchDog.cancel(): canceling Thu May 17 00:16:57 UTC 2018
------------------ testing $PTII/ptolemy/domains/de/test/auto/ModalModel.xml
auto.tcl: Setting watchdog for 200 seconds at Thu May 17 00:16:57 UTC 2018
191 ms. Memory: 331264K Free: 246159K (74%)
ptolemy.util.test.WatchDog.cancel(): canceling Thu May 17 00:16:57 UTC 2018
auto.tcl: Setting watchdog for 200 seconds at Thu May 17 00:16:57 UTC 2018
168 ms. Memory: 331264K Free: 191343K (58%)
ptolemy.util.test.WatchDog.cancel(): canceling Thu May 17 00:16:57 UTC 2018
------------------ testing $PTII/ptolemy/domains/de/test/auto/ModalSource.xml
auto.tcl: Setting watchdog for 200 seconds at Thu May 17 00:16:57 UTC 2018
5 ms. Memory: 331264K Free: 316260K (95%)
ptolemy.util.test.WatchDog.cancel(): canceling Thu May 17 00:16:57 UTC 2018
auto.tcl: Setting watchdog for 200 seconds at Thu May 17 00:16:57 UTC 2018
5 ms. Memory: 331264K Free: 312755K (94%)
ptolemy.util.test.WatchDog.cancel(): canceling Thu May 17 00:16:57 UTC 2018
------------------ testing $PTII/ptolemy/domains/de/test/auto/NonInterruptibleTimerZeroDelay.xml
auto.tcl: Setting watchdog for 200 seconds at Thu May 17 00:16:57 UTC 2018
3 ms. Memory: 331264K Free: 320603K (97%)
ptolemy.util.test.WatchDog.cancel(): canceling Thu May 17 00:16:57 UTC 2018
auto.tcl: Setting watchdog for 200 seconds at Thu May 17 00:16:57 UTC 2018
2 ms. Memory: 331264K Free: 317098K (96%)
ptolemy.util.test.WatchDog.cancel(): canceling Thu May 17 00:16:57 UTC 2018
------------------ testing $PTII/ptolemy/domains/de/test/auto/OpenQueueingNetwork.xml
auto.tcl: Setting watchdog for 200 seconds at Thu May 17 00:16:57 UTC 2018
2731 ms. Memory: 317952K Free: 135040K (42%)
ptolemy.util.test.WatchDog.cancel(): canceling Thu May 17 00:17:00 UTC 2018
auto.tcl: Setting watchdog for 200 seconds at Thu May 17 00:17:00 UTC 2018
2454 ms. Memory: 287232K Free: 199574K (69%)
ptolemy.util.test.WatchDog.cancel(): canceling Thu May 17 00:17:02 UTC 2018
------------------ testing $PTII/ptolemy/domains/de/test/auto/OpenQueuingNetwork.xml
auto.tcl: Setting watchdog for 200 seconds at Thu May 17 00:17:03 UTC 2018
249 ms. Memory: 287232K Free: 183700K (64%)
ptolemy.util.test.WatchDog.cancel(): canceling Thu May 17 00:17:03 UTC 2018
auto.tcl: Setting watchdog for 200 seconds at Thu May 17 00:17:03 UTC 2018
240 ms. Memory: 287232K Free: 121315K (42%)
ptolemy.util.test.WatchDog.cancel(): canceling Thu May 17 00:17:03 UTC 2018
------------------ testing $PTII/ptolemy/domains/de/test/auto/PeriodicSampler.xml
auto.tcl: Setting watchdog for 200 seconds at Thu May 17 00:17:03 UTC 2018
2 ms. Memory: 289792K Free: 274649K (95%)
ptolemy.util.test.WatchDog.cancel(): canceling Thu May 17 00:17:03 UTC 2018
auto.tcl: Setting watchdog for 200 seconds at Thu May 17 00:17:03 UTC 2018
1 ms. Memory: 289792K Free: 274649K (95%)
ptolemy.util.test.WatchDog.cancel(): canceling Thu May 17 00:17:03 UTC 2018
------------------ testing $PTII/ptolemy/domains/de/test/auto/PersistentIO.xml
auto.tcl: Setting watchdog for 200 seconds at Thu May 17 00:17:03 UTC 2018
3 ms. Memory: 287232K Free: 267007K (93%)
ptolemy.util.test.WatchDog.cancel(): canceling Thu May 17 00:17:03 UTC 2018
auto.tcl: Setting watchdog for 200 seconds at Thu May 17 00:17:03 UTC 2018
4 ms. Memory: 287232K Free: 267007K (93%)
ptolemy.util.test.WatchDog.cancel(): canceling Thu May 17 00:17:03 UTC 2018
------------------ testing $PTII/ptolemy/domains/de/test/auto/PortParameterResetOnInitialize.xml
auto.tcl: Setting watchdog for 200 seconds at Thu May 17 00:17:03 UTC 2018
2 ms. Memory: 289280K Free: 274497K (95%)
ptolemy.util.test.WatchDog.cancel(): canceling Thu May 17 00:17:03 UTC 2018
auto.tcl: Setting watchdog for 200 seconds at Thu May 17 00:17:03 UTC 2018
1 ms. Memory: 289280K Free: 274497K (95%)
ptolemy.util.test.WatchDog.cancel(): canceling Thu May 17 00:17:03 UTC 2018
------------------ testing $PTII/ptolemy/domains/de/test/auto/PortParameterUpdates.xml
auto.tcl: Setting watchdog for 200 seconds at Thu May 17 00:17:03 UTC 2018
5 ms. Memory: 287232K Free: 274741K (96%)
ptolemy.util.test.WatchDog.cancel(): canceling Thu May 17 00:17:03 UTC 2018
auto.tcl: Setting watchdog for 200 seconds at Thu May 17 00:17:03 UTC 2018
3 ms. Memory: 287232K Free: 271881K (95%)
ptolemy.util.test.WatchDog.cancel(): canceling Thu May 17 00:17:03 UTC 2018
------------------ testing $PTII/ptolemy/domains/de/test/auto/QueueAndServer.xml
auto.tcl: Setting watchdog for 200 seconds at Thu May 17 00:17:03 UTC 2018
21 ms. Memory: 289280K Free: 273790K (95%)
ptolemy.util.test.WatchDog.cancel(): canceling Thu May 17 00:17:03 UTC 2018
auto.tcl: Setting watchdog for 200 seconds at Thu May 17 00:17:03 UTC 2018
8 ms. Memory: 289280K Free: 273790K (95%)
ptolemy.util.test.WatchDog.cancel(): canceling Thu May 17 00:17:03 UTC 2018
------------------ testing $PTII/ptolemy/domains/de/test/auto/Records.xml
auto.tcl: Setting watchdog for 200 seconds at Thu May 17 00:17:04 UTC 2018
8 ms. Memory: 287232K Free: 274545K (96%)
ptolemy.util.test.WatchDog.cancel(): canceling Thu May 17 00:17:04 UTC 2018
auto.tcl: Setting watchdog for 200 seconds at Thu May 17 00:17:04 UTC 2018
2 ms. Memory: 287232K Free: 274545K (96%)
ptolemy.util.test.WatchDog.cancel(): canceling Thu May 17 00:17:04 UTC 2018
------------------ testing $PTII/ptolemy/domains/de/test/auto/ResetTransitionWithStartTime1.xml
auto.tcl: Setting watchdog for 200 seconds at Thu May 17 00:17:04 UTC 2018
5 ms. Memory: 288768K Free: 273261K (95%)
ptolemy.util.test.WatchDog.cancel(): canceling Thu May 17 00:17:04 UTC 2018
auto.tcl: Setting watchdog for 200 seconds at Thu May 17 00:17:04 UTC 2018
5 ms. Memory: 288768K Free: 270400K (94%)
ptolemy.util.test.WatchDog.cancel(): canceling Thu May 17 00:17:04 UTC 2018
------------------ testing $PTII/ptolemy/domains/de/test/auto/ResetTransitionWithStartTime2.xml
auto.tcl: Setting watchdog for 200 seconds at Thu May 17 00:17:04 UTC 2018
5 ms. Memory: 287232K Free: 271817K (95%)
ptolemy.util.test.WatchDog.cancel(): canceling Thu May 17 00:17:04 UTC 2018
auto.tcl: Setting watchdog for 200 seconds at Thu May 17 00:17:04 UTC 2018
5 ms. Memory: 287232K Free: 268973K (94%)
ptolemy.util.test.WatchDog.cancel(): canceling Thu May 17 00:17:04 UTC 2018
------------------ testing $PTII/ptolemy/domains/de/test/auto/ResetTransitionWithStartTime3.xml
auto.tcl: Setting watchdog for 200 seconds at Thu May 17 00:17:04 UTC 2018
5 ms. Memory: 288768K Free: 273251K (95%)
ptolemy.util.test.WatchDog.cancel(): canceling Thu May 17 00:17:04 UTC 2018
auto.tcl: Setting watchdog for 200 seconds at Thu May 17 00:17:04 UTC 2018
5 ms. Memory: 288768K Free: 270406K (94%)
ptolemy.util.test.WatchDog.cancel(): canceling Thu May 17 00:17:04 UTC 2018
------------------ testing $PTII/ptolemy/domains/de/test/auto/ResetTransitionWithStartTime4.xml
auto.tcl: Setting watchdog for 200 seconds at Thu May 17 00:17:04 UTC 2018
3 ms. Memory: 287232K Free: 271714K (95%)
ptolemy.util.test.WatchDog.cancel(): canceling Thu May 17 00:17:04 UTC 2018
auto.tcl: Setting watchdog for 200 seconds at Thu May 17 00:17:04 UTC 2018
3 ms. Memory: 287232K Free: 271714K (95%)
ptolemy.util.test.WatchDog.cancel(): canceling Thu May 17 00:17:04 UTC 2018
------------------ testing $PTII/ptolemy/domains/de/test/auto/ResettableTimer1.xml
auto.tcl: Setting watchdog for 200 seconds at Thu May 17 00:17:04 UTC 2018
2 ms. Memory: 288768K Free: 276107K (96%)
ptolemy.util.test.WatchDog.cancel(): canceling Thu May 17 00:17:04 UTC 2018
auto.tcl: Setting watchdog for 200 seconds at Thu May 17 00:17:04 UTC 2018
2 ms. Memory: 288768K Free: 276107K (96%)
ptolemy.util.test.WatchDog.cancel(): canceling Thu May 17 00:17:04 UTC 2018
------------------ testing $PTII/ptolemy/domains/de/test/auto/ResettableTimer2.xml
auto.tcl: Setting watchdog for 200 seconds at Thu May 17 00:17:04 UTC 2018
2 ms. Memory: 287232K Free: 274713K (96%)
ptolemy.util.test.WatchDog.cancel(): canceling Thu May 17 00:17:04 UTC 2018
auto.tcl: Setting watchdog for 200 seconds at Thu May 17 00:17:04 UTC 2018
1 ms. Memory: 287232K Free: 274713K (96%)
ptolemy.util.test.WatchDog.cancel(): canceling Thu May 17 00:17:04 UTC 2018
------------------ testing $PTII/ptolemy/domains/de/test/auto/ResettableTimer3.xml
auto.tcl: Setting watchdog for 200 seconds at Thu May 17 00:17:04 UTC 2018
1 ms. Memory: 288256K Free: 275652K (96%)
ptolemy.util.test.WatchDog.cancel(): canceling Thu May 17 00:17:04 UTC 2018
auto.tcl: Setting watchdog for 200 seconds at Thu May 17 00:17:04 UTC 2018
1 ms. Memory: 288256K Free: 275652K (96%)
ptolemy.util.test.WatchDog.cancel(): canceling Thu May 17 00:17:04 UTC 2018
------------------ testing $PTII/ptolemy/domains/de/test/auto/ResettableTimer4.xml
auto.tcl: Setting watchdog for 200 seconds at Thu May 17 00:17:04 UTC 2018
1 ms. Memory: 287232K Free: 274742K (96%)
ptolemy.util.test.WatchDog.cancel(): canceling Thu May 17 00:17:04 UTC 2018
auto.tcl: Setting watchdog for 200 seconds at Thu May 17 00:17:04 UTC 2018
1 ms. Memory: 287232K Free: 274742K (96%)
ptolemy.util.test.WatchDog.cancel(): canceling Thu May 17 00:17:04 UTC 2018
------------------ testing $PTII/ptolemy/domains/de/test/auto/ResettableTimer5.xml
auto.tcl: Setting watchdog for 200 seconds at Thu May 17 00:17:04 UTC 2018
1 ms. Memory: 288256K Free: 275749K (96%)
ptolemy.util.test.WatchDog.cancel(): canceling Thu May 17 00:17:04 UTC 2018
auto.tcl: Setting watchdog for 200 seconds at Thu May 17 00:17:04 UTC 2018
2 ms. Memory: 288256K Free: 275749K (96%)
ptolemy.util.test.WatchDog.cancel(): canceling Thu May 17 00:17:04 UTC 2018
------------------ testing $PTII/ptolemy/domains/de/test/auto/ResettableTimer6.xml
auto.tcl: Setting watchdog for 200 seconds at Thu May 17 00:17:04 UTC 2018
1 ms. Memory: 287232K Free: 272529K (95%)
ptolemy.util.test.WatchDog.cancel(): canceling Thu May 17 00:17:04 UTC 2018
auto.tcl: Setting watchdog for 200 seconds at Thu May 17 00:17:04 UTC 2018
1 ms. Memory: 287232K Free: 272529K (95%)
ptolemy.util.test.WatchDog.cancel(): canceling Thu May 17 00:17:04 UTC 2018
------------------ testing $PTII/ptolemy/domains/de/test/auto/ServerZeroDelay.xml
auto.tcl: Setting watchdog for 200 seconds at Thu May 17 00:17:04 UTC 2018
2 ms. Memory: 288256K Free: 275689K (96%)
ptolemy.util.test.WatchDog.cancel(): canceling Thu May 17 00:17:04 UTC 2018
auto.tcl: Setting watchdog for 200 seconds at Thu May 17 00:17:04 UTC 2018
2 ms. Memory: 288256K Free: 275689K (96%)
ptolemy.util.test.WatchDog.cancel(): canceling Thu May 17 00:17:04 UTC 2018
------------------ testing $PTII/ptolemy/domains/de/test/auto/SmartSender.xml
auto.tcl: Setting watchdog for 200 seconds at Thu May 17 00:17:04 UTC 2018
3001 ms. Memory: 287232K Free: 272610K (95%)
ptolemy.util.test.WatchDog.cancel(): canceling Thu May 17 00:17:07 UTC 2018
auto.tcl: Setting watchdog for 200 seconds at Thu May 17 00:17:07 UTC 2018
3002 ms. Memory: 287232K Free: 272610K (95%)
ptolemy.util.test.WatchDog.cancel(): canceling Thu May 17 00:17:10 UTC 2018
------------------ testing $PTII/ptolemy/domains/de/test/auto/ThreadedComposite.xml
auto.tcl: Setting watchdog for 200 seconds at Thu May 17 00:17:10 UTC 2018
243 ms. Memory: 288256K Free: 252638K (88%)
ptolemy.util.test.WatchDog.cancel(): canceling Thu May 17 00:17:11 UTC 2018
auto.tcl: Setting watchdog for 200 seconds at Thu May 17 00:17:11 UTC 2018
146 ms. Memory: 288256K Free: 234599K (81%)
ptolemy.util.test.WatchDog.cancel(): canceling Thu May 17 00:17:11 UTC 2018
------------------ testing $PTII/ptolemy/domains/de/test/auto/Time.xml
auto.tcl: Setting watchdog for 200 seconds at Thu May 17 00:17:11 UTC 2018
589 ms. Memory: 287232K Free: 216651K (75%)
ptolemy.util.test.WatchDog.cancel(): canceling Thu May 17 00:17:11 UTC 2018
auto.tcl: Setting watchdog for 200 seconds at Thu May 17 00:17:11 UTC 2018
472 ms. Memory: 287232K Free: 159754K (56%)
ptolemy.util.test.WatchDog.cancel(): canceling Thu May 17 00:17:12 UTC 2018
------------------ testing $PTII/ptolemy/domains/de/test/auto/TimeDelayZeroDelay.xml
auto.tcl: Setting watchdog for 200 seconds at Thu May 17 00:17:12 UTC 2018
1 ms. Memory: 287744K Free: 275610K (96%)
ptolemy.util.test.WatchDog.cancel(): canceling Thu May 17 00:17:12 UTC 2018
auto.tcl: Setting watchdog for 200 seconds at Thu May 17 00:17:12 UTC 2018
2 ms. Memory: 287744K Free: 275610K (96%)
ptolemy.util.test.WatchDog.cancel(): canceling Thu May 17 00:17:12 UTC 2018
------------------ testing $PTII/ptolemy/domains/de/test/auto/TimerZeroDelay.xml
auto.tcl: Setting watchdog for 200 seconds at Thu May 17 00:17:12 UTC 2018
2 ms. Memory: 287232K Free: 275208K (96%)
ptolemy.util.test.WatchDog.cancel(): canceling Thu May 17 00:17:12 UTC 2018
auto.tcl: Setting watchdog for 200 seconds at Thu May 17 00:17:12 UTC 2018
4 ms. Memory: 287232K Free: 275208K (96%)
ptolemy.util.test.WatchDog.cancel(): canceling Thu May 17 00:17:12 UTC 2018
------------------ testing $PTII/ptolemy/domains/de/test/auto/TimingParadox.xml
auto.tcl: Setting watchdog for 200 seconds at Thu May 17 00:17:12 UTC 2018
284 ms. Memory: 287744K Free: 207867K (72%)
ptolemy.util.test.WatchDog.cancel(): canceling Thu May 17 00:17:13 UTC 2018
auto.tcl: Setting watchdog for 200 seconds at Thu May 17 00:17:13 UTC 2018
290 ms. Memory: 287744K Free: 169578K (59%)
ptolemy.util.test.WatchDog.cancel(): canceling Thu May 17 00:17:13 UTC 2018
------------------ testing $PTII/ptolemy/domains/de/test/auto/TransferInputs.xml
auto.tcl: Setting watchdog for 200 seconds at Thu May 17 00:17:13 UTC 2018
1 ms. Memory: 287744K Free: 274608K (95%)
ptolemy.util.test.WatchDog.cancel(): canceling Thu May 17 00:17:13 UTC 2018
auto.tcl: Setting watchdog for 200 seconds at Thu May 17 00:17:13 UTC 2018
1 ms. Memory: 287744K Free: 274608K (95%)
ptolemy.util.test.WatchDog.cancel(): canceling Thu May 17 00:17:13 UTC 2018
------------------ testing $PTII/ptolemy/domains/de/test/auto/TransferOutputs2.xml
auto.tcl: Setting watchdog for 200 seconds at Thu May 17 00:17:13 UTC 2018
3 ms. Memory: 287232K Free: 270571K (94%)
ptolemy.util.test.WatchDog.cancel(): canceling Thu May 17 00:17:13 UTC 2018
auto.tcl: Setting watchdog for 200 seconds at Thu May 17 00:17:13 UTC 2018
3 ms. Memory: 287232K Free: 267987K (93%)
ptolemy.util.test.WatchDog.cancel(): canceling Thu May 17 00:17:13 UTC 2018
------------------ testing $PTII/ptolemy/domains/de/test/auto/Trilateration.xml
auto.tcl: Setting watchdog for 200 seconds at Thu May 17 00:17:13 UTC 2018
13912 ms. Memory: 759296K Free: 631630K (83%)
ptolemy.util.test.WatchDog.cancel(): canceling Thu May 17 00:17:28 UTC 2018
auto.tcl: Setting watchdog for 200 seconds at Thu May 17 00:17:28 UTC 2018
11089 ms. Memory: 639488K Free: 444906K (70%)
ptolemy.util.test.WatchDog.cancel(): canceling Thu May 17 00:17:39 UTC 2018
------------------ testing $PTII/ptolemy/domains/de/test/auto/TwoSigmaDelta.xml
auto.tcl: Setting watchdog for 200 seconds at Thu May 17 00:17:39 UTC 2018
2656 ms. Memory: 643072K Free: 338259K (53%)
ptolemy.util.test.WatchDog.cancel(): canceling Thu May 17 00:17:42 UTC 2018
auto.tcl: Setting watchdog for 200 seconds at Thu May 17 00:17:42 UTC 2018
2015 ms. Memory: 643072K Free: 109845K (17%)
ptolemy.util.test.WatchDog.cancel(): canceling Thu May 17 00:17:44 UTC 2018
------------------ testing $PTII/ptolemy/domains/de/test/auto/VariableDelay.xml
auto.tcl: Setting watchdog for 200 seconds at Thu May 17 00:17:44 UTC 2018
3 ms. Memory: 640000K Free: 620383K (97%)
ptolemy.util.test.WatchDog.cancel(): canceling Thu May 17 00:17:44 UTC 2018
auto.tcl: Setting watchdog for 200 seconds at Thu May 17 00:17:44 UTC 2018
2 ms. Memory: 640000K Free: 620383K (97%)
ptolemy.util.test.WatchDog.cancel(): canceling Thu May 17 00:17:44 UTC 2018
------------------ testing $PTII/ptolemy/domains/de/test/auto/VariableDelay2.xml
auto.tcl: Setting watchdog for 200 seconds at Thu May 17 00:17:44 UTC 2018
2 ms. Memory: 639488K Free: 620293K (97%)
ptolemy.util.test.WatchDog.cancel(): canceling Thu May 17 00:17:44 UTC 2018
auto.tcl: Setting watchdog for 200 seconds at Thu May 17 00:17:44 UTC 2018
1 ms. Memory: 639488K Free: 620293K (97%)
ptolemy.util.test.WatchDog.cancel(): canceling Thu May 17 00:17:44 UTC 2018
------------------ testing $PTII/ptolemy/domains/de/test/auto/VariableDelayZeroDelay.xml
auto.tcl: Setting watchdog for 200 seconds at Thu May 17 00:17:44 UTC 2018
2 ms. Memory: 639488K Free: 614712K (96%)
ptolemy.util.test.WatchDog.cancel(): canceling Thu May 17 00:17:44 UTC 2018
auto.tcl: Setting watchdog for 200 seconds at Thu May 17 00:17:44 UTC 2018
2 ms. Memory: 639488K Free: 614712K (96%)
ptolemy.util.test.WatchDog.cancel(): canceling Thu May 17 00:17:44 UTC 2018
------------------ testing $PTII/ptolemy/domains/de/test/auto/VariableDelayZeroDelay2.xml
auto.tcl: Setting watchdog for 200 seconds at Thu May 17 00:17:44 UTC 2018
1 ms. Memory: 642048K Free: 617270K (96%)
ptolemy.util.test.WatchDog.cancel(): canceling Thu May 17 00:17:44 UTC 2018
auto.tcl: Setting watchdog for 200 seconds at Thu May 17 00:17:44 UTC 2018
2 ms. Memory: 642048K Free: 617270K (96%)
ptolemy.util.test.WatchDog.cancel(): canceling Thu May 17 00:17:44 UTC 2018
------------------ testing $PTII/ptolemy/domains/de/test/auto/deInCt.xml
auto.tcl: Setting watchdog for 200 seconds at Thu May 17 00:17:44 UTC 2018
0
1
1
1
0
0
0
1
1
1
1
0
0
1
1
1
0
0
1
1
1
0
0
0
0
1
1
1
1
0
0
0
1
1
1
0
0
0
1
1
1
0
0
0
1
1
1
0
0
0
0
16 ms. Memory: 639488K Free: 614708K (96%)
ptolemy.util.test.WatchDog.cancel(): canceling Thu May 17 00:17:44 UTC 2018
auto.tcl: Setting watchdog for 200 seconds at Thu May 17 00:17:44 UTC 2018
0
1
1
1
1
1
1
0
0
0
1
1
0
0
0
1
1
0
0
0
1
1
1
1
0
0
0
1
1
1
0
0
0
0
1
1
1
1
1
5 ms. Memory: 639488K Free: 614708K (96%)
ptolemy.util.test.WatchDog.cancel(): canceling Thu May 17 00:17:44 UTC 2018
------------------ testing $PTII/ptolemy/domains/de/test/auto/deInCt2.xml
auto.tcl: Setting watchdog for 200 seconds at Thu May 17 00:17:44 UTC 2018
0
1
1
1
0
0
1
1
1
0
0
1
1
1
0
0
1
1
1
0
0
1
1
1
0
0
1
1
1
0
0
1
1
1
0
0
1
1
1
0
0
0
8 ms. Memory: 642048K Free: 617267K (96%)
ptolemy.util.test.WatchDog.cancel(): canceling Thu May 17 00:17:44 UTC 2018
auto.tcl: Setting watchdog for 200 seconds at Thu May 17 00:17:44 UTC 2018
0
1
1
1
0
0
1
1
1
0
0
1
1
1
0
0
1
1
1
0
0
1
1
1
0
0
1
1
1
0
0
1
1
1
0
0
1
1
1
0
0
0
9 ms. Memory: 642048K Free: 617267K (96%)
ptolemy.util.test.WatchDog.cancel(): canceling Thu May 17 00:17:44 UTC 2018
------------------ testing $PTII/ptolemy/domains/de/test/auto/dynamicCausalityInterface1.xml
auto.tcl: Setting watchdog for 200 seconds at Thu May 17 00:17:44 UTC 2018
1 ms. Memory: 639488K Free: 606053K (95%)
ptolemy.util.test.WatchDog.cancel(): canceling Thu May 17 00:17:44 UTC 2018
auto.tcl: Setting watchdog for 200 seconds at Thu May 17 00:17:44 UTC 2018
1 ms. Memory: 639488K Free: 606053K (95%)
ptolemy.util.test.WatchDog.cancel(): canceling Thu May 17 00:17:44 UTC 2018
------------------ testing $PTII/ptolemy/domains/de/test/auto/fsm_de_test.xml
auto.tcl: Setting watchdog for 200 seconds at Thu May 17 00:17:45 UTC 2018
16 ms. Memory: 641536K Free: 616646K (96%)
ptolemy.util.test.WatchDog.cancel(): canceling Thu May 17 00:17:45 UTC 2018
auto.tcl: Setting watchdog for 200 seconds at Thu May 17 00:17:45 UTC 2018
10 ms. Memory: 641536K Free: 608012K (95%)
ptolemy.util.test.WatchDog.cancel(): canceling Thu May 17 00:17:45 UTC 2018
------------------ testing $PTII/ptolemy/domains/de/test/auto/functionDependencyReconstruction.xml
auto.tcl: Setting watchdog for 200 seconds at Thu May 17 00:17:45 UTC 2018
4 ms. Memory: 639488K Free: 605955K (95%)
ptolemy.util.test.WatchDog.cancel(): canceling Thu May 17 00:17:45 UTC 2018
auto.tcl: Setting watchdog for 200 seconds at Thu May 17 00:17:45 UTC 2018
3 ms. Memory: 639488K Free: 605955K (95%)
ptolemy.util.test.WatchDog.cancel(): canceling Thu May 17 00:17:45 UTC 2018
------------------ testing $PTII/ptolemy/domains/de/test/auto/multirate.xml
auto.tcl: Setting watchdog for 200 seconds at Thu May 17 00:17:45 UTC 2018
3 ms. Memory: 641536K Free: 616513K (96%)
ptolemy.util.test.WatchDog.cancel(): canceling Thu May 17 00:17:45 UTC 2018
auto.tcl: Setting watchdog for 200 seconds at Thu May 17 00:17:45 UTC 2018
3 ms. Memory: 641536K Free: 616513K (96%)
ptolemy.util.test.WatchDog.cancel(): canceling Thu May 17 00:17:45 UTC 2018
------------------ testing $PTII/ptolemy/domains/de/test/auto/multirate2.xml
auto.tcl: Setting watchdog for 200 seconds at Thu May 17 00:17:45 UTC 2018
2 ms. Memory: 639488K Free: 614654K (96%)
ptolemy.util.test.WatchDog.cancel(): canceling Thu May 17 00:17:45 UTC 2018
auto.tcl: Setting watchdog for 200 seconds at Thu May 17 00:17:45 UTC 2018
3 ms. Memory: 639488K Free: 614654K (96%)
ptolemy.util.test.WatchDog.cancel(): canceling Thu May 17 00:17:45 UTC 2018
------------------ testing $PTII/ptolemy/domains/de/test/auto/realtime.xml
auto.tcl: Setting watchdog for 200 seconds at Thu May 17 00:17:45 UTC 2018
10002 ms. Memory: 641024K Free: 616180K (96%)
ptolemy.util.test.WatchDog.cancel(): canceling Thu May 17 00:17:55 UTC 2018
auto.tcl: Setting watchdog for 200 seconds at Thu May 17 00:17:55 UTC 2018
10002 ms. Memory: 641024K Free: 616180K (96%)
ptolemy.util.test.WatchDog.cancel(): canceling Thu May 17 00:18:05 UTC 2018
------------------ testing $PTII/ptolemy/domains/de/test/auto/relationGroup.xml
auto.tcl: Setting watchdog for 200 seconds at Thu May 17 00:18:05 UTC 2018
1 ms. Memory: 639488K Free: 614678K (96%)
ptolemy.util.test.WatchDog.cancel(): canceling Thu May 17 00:18:05 UTC 2018
auto.tcl: Setting watchdog for 200 seconds at Thu May 17 00:18:05 UTC 2018
1 ms. Memory: 639488K Free: 614678K (96%)
ptolemy.util.test.WatchDog.cancel(): canceling Thu May 17 00:18:05 UTC 2018
------------------ testing $PTII/ptolemy/domains/de/test/auto/relationGroup2.xml
auto.tcl: Setting watchdog for 200 seconds at Thu May 17 00:18:05 UTC 2018
1 ms. Memory: 641024K Free: 616241K (96%)
ptolemy.util.test.WatchDog.cancel(): canceling Thu May 17 00:18:05 UTC 2018
auto.tcl: Setting watchdog for 200 seconds at Thu May 17 00:18:05 UTC 2018
1 ms. Memory: 641024K Free: 616241K (96%)
ptolemy.util.test.WatchDog.cancel(): canceling Thu May 17 00:18:05 UTC 2018
------------------ testing $PTII/ptolemy/domains/de/test/auto/sortWithOpaquePorts.xml
auto.tcl: Setting watchdog for 200 seconds at Thu May 17 00:18:05 UTC 2018
2 ms. Memory: 639488K Free: 614705K (96%)
ptolemy.util.test.WatchDog.cancel(): canceling Thu May 17 00:18:05 UTC 2018
auto.tcl: Setting watchdog for 200 seconds at Thu May 17 00:18:05 UTC 2018
1 ms. Memory: 639488K Free: 614705K (96%)
ptolemy.util.test.WatchDog.cancel(): canceling Thu May 17 00:18:05 UTC 2018
------------------ testing $PTII/ptolemy/domains/de/test/auto/transferInputsandOutputs.xml
auto.tcl: Setting watchdog for 200 seconds at Thu May 17 00:18:05 UTC 2018
1 ms. Memory: 640512K Free: 615717K (96%)
ptolemy.util.test.WatchDog.cancel(): canceling Thu May 17 00:18:05 UTC 2018
auto.tcl: Setting watchdog for 200 seconds at Thu May 17 00:18:05 UTC 2018
1 ms. Memory: 640512K Free: 615717K (96%)
ptolemy.util.test.WatchDog.cancel(): canceling Thu May 17 00:18:05 UTC 2018
------------------ testing $PTII/ptolemy/domains/de/test/auto/triggerType.xml
auto.tcl: Setting watchdog for 200 seconds at Thu May 17 00:18:05 UTC 2018
1 ms. Memory: 639488K Free: 614643K (96%)
ptolemy.util.test.WatchDog.cancel(): canceling Thu May 17 00:18:05 UTC 2018
auto.tcl: Setting watchdog for 200 seconds at Thu May 17 00:18:05 UTC 2018
1 ms. Memory: 639488K Free: 614643K (96%)
ptolemy.util.test.WatchDog.cancel(): canceling Thu May 17 00:18:05 UTC 2018
05/17/18 12:18:05
Failed: 0  Total Tests: 192  ((Passed: 187, Newly Passed: 1)  Known Failed: 5) /home/travis/build/icyphy/ptII/ptolemy/domains/de/test
05/17/18 12:18:05
Failed: 0  Total Tests: 192  ((Passed: 187, Newly Passed: 1)  Known Failed: 5) /home/travis/build/icyphy/ptII/ptolemy/domains/de/test
----------------- testing (KnownFailure) /home/travis/build/icyphy/ptII/ptolemy/domains/de/test/auto/knownFailedTests/DESDFClockTest.xml
2009 ms. Memory: 640512K Free: 604559K (94%)
Known Failure: java.lang.reflect.InvocationTargetException
----------------- testing (KnownFailure) /home/travis/build/icyphy/ptII/ptolemy/domains/de/test/auto/knownFailedTests/DirectFeedback.xml
0 ms. Memory: 640512K Free: 559912K (87%)
Known Failure: java.lang.reflect.InvocationTargetException
----------------- testing (KnownFailure) /home/travis/build/icyphy/ptII/ptolemy/domains/de/test/auto/knownFailedTests/FSMSource.xml
9 ms. Memory: 640512K Free: 515266K (80%)
----------------- testing (KnownFailure) /home/travis/build/icyphy/ptII/ptolemy/domains/de/test/auto/knownFailedTests/HierarchicalModel.xml
1 ms. Memory: 640512K Free: 481772K (75%)
Known Failure: java.lang.reflect.InvocationTargetException
----------------- testing (KnownFailure) /home/travis/build/icyphy/ptII/ptolemy/domains/de/test/auto/knownFailedTests/dependencyLoop.xml
1 ms. Memory: 640512K Free: 425956K (67%)
Known Failure: java.lang.reflect.InvocationTargetException
----------------- testing (KnownFailure) /home/travis/build/icyphy/ptII/ptolemy/domains/de/test/auto/knownFailedTests/dependencyLoop2.xml
1 ms. Memory: 640512K Free: 370132K (58%)
Known Failure: java.lang.reflect.InvocationTargetException
No auto/*.xml tests in /home/travis/build/icyphy/ptII/ptolemy/domains/de/test
AutoTests.java: About to close Vertx.
AutoTests.java: Vertx closed.
----------------- testing Thu May 17 00:18:07 UTC 2018 /home/travis/build/icyphy/ptII/ptolemy/domains/de/test/auto/ActorDepthCalculation_actorWithoutPorts.xml
----------------- Instantiating /home/travis/build/icyphy/ptII/ptolemy/domains/de/test/auto/ActorDepthCalculation_actorWithoutPorts.xml
2 ms. Memory: 640512K Free: 314323K (49%)
----------------- Invoking toplevel() on ptolemy.moml.MoMLSimpleApplication@690f85f
----------------- Done invoking toplevel() on ptolemy.moml.MoMLSimpleApplication@690f85f
reloadAllAccessors: .ActorDepthCalculation_actorWithoutPorts
----------------- testing Thu May 17 00:18:07 UTC 2018 /home/travis/build/icyphy/ptII/ptolemy/domains/de/test/auto/AssemblyLine.xml
----------------- Instantiating /home/travis/build/icyphy/ptII/ptolemy/domains/de/test/auto/AssemblyLine.xml
1 ms. Memory: 640512K Free: 292000K (46%)
----------------- Invoking toplevel() on ptolemy.moml.MoMLSimpleApplication@b3ec1c8
----------------- Done invoking toplevel() on ptolemy.moml.MoMLSimpleApplication@b3ec1c8
reloadAllAccessors: .AssemblyLine
----------------- testing Thu May 17 00:18:08 UTC 2018 /home/travis/build/icyphy/ptII/ptolemy/domains/de/test/auto/CQBug1.xml
----------------- Instantiating /home/travis/build/icyphy/ptII/ptolemy/domains/de/test/auto/CQBug1.xml
0 ms. Memory: 640512K Free: 269677K (42%)
----------------- Invoking toplevel() on ptolemy.moml.MoMLSimpleApplication@662c89cf
----------------- Done invoking toplevel() on ptolemy.moml.MoMLSimpleApplication@662c89cf
reloadAllAccessors: .CQBug1
----------------- testing Thu May 17 00:18:08 UTC 2018 /home/travis/build/icyphy/ptII/ptolemy/domains/de/test/auto/CancelFireAt.xml
----------------- Instantiating /home/travis/build/icyphy/ptII/ptolemy/domains/de/test/auto/CancelFireAt.xml
1 ms. Memory: 640512K Free: 247353K (39%)
----------------- Invoking toplevel() on ptolemy.moml.MoMLSimpleApplication@5cfc29fa
----------------- Done invoking toplevel() on ptolemy.moml.MoMLSimpleApplication@5cfc29fa
reloadAllAccessors: .CancelFireAt
----------------- testing Thu May 17 00:18:08 UTC 2018 /home/travis/build/icyphy/ptII/ptolemy/domains/de/test/auto/CausalityAndComposabilityAnalysis.xml
----------------- Instantiating /home/travis/build/icyphy/ptII/ptolemy/domains/de/test/auto/CausalityAndComposabilityAnalysis.xml
1 ms. Memory: 640512K Free: 225030K (35%)
----------------- Invoking toplevel() on ptolemy.moml.MoMLSimpleApplication@16238e42
----------------- Done invoking toplevel() on ptolemy.moml.MoMLSimpleApplication@16238e42
reloadAllAccessors: .CausalityAndComposabilityAnalysis
----------------- testing Thu May 17 00:18:08 UTC 2018 /home/travis/build/icyphy/ptII/ptolemy/domains/de/test/auto/CausalityInterface1.xml
----------------- Instantiating /home/travis/build/icyphy/ptII/ptolemy/domains/de/test/auto/CausalityInterface1.xml
2 ms. Memory: 640512K Free: 202707K (32%)
----------------- Invoking toplevel() on ptolemy.moml.MoMLSimpleApplication@ca30751
----------------- Done invoking toplevel() on ptolemy.moml.MoMLSimpleApplication@ca30751
reloadAllAccessors: .CausalityInterface1
----------------- testing Thu May 17 00:18:08 UTC 2018 /home/travis/build/icyphy/ptII/ptolemy/domains/de/test/auto/CausalityInterface15.xml
----------------- Instantiating /home/travis/build/icyphy/ptII/ptolemy/domains/de/test/auto/CausalityInterface15.xml
1 ms. Memory: 640512K Free: 180383K (28%)
----------------- Invoking toplevel() on ptolemy.moml.MoMLSimpleApplication@65077678
----------------- Done invoking toplevel() on ptolemy.moml.MoMLSimpleApplication@65077678
reloadAllAccessors: .CausalityInterface15
----------------- testing Thu May 17 00:18:08 UTC 2018 /home/travis/build/icyphy/ptII/ptolemy/domains/de/test/auto/CausalityInterface2.xml
----------------- Instantiating /home/travis/build/icyphy/ptII/ptolemy/domains/de/test/auto/CausalityInterface2.xml
1 ms. Memory: 640512K Free: 158060K (25%)
----------------- Invoking toplevel() on ptolemy.moml.MoMLSimpleApplication@49fa3e6b
----------------- Done invoking toplevel() on ptolemy.moml.MoMLSimpleApplication@49fa3e6b
reloadAllAccessors: .CausalityInterface2
----------------- testing Thu May 17 00:18:08 UTC 2018 /home/travis/build/icyphy/ptII/ptolemy/domains/de/test/auto/CausalityInterface3.xml
[...]
java.lang.RuntimeException: Execution failed
	at ptolemy.moml.MoMLSimpleApplication$UnloadThread.run(MoMLSimpleApplication.java:402)
Caused by: ptolemy.kernel.util.IllegalActionException: Test fails in iteration 1.
Value was: 1.0. Should have been: 2.0
  in .DirectFeedback.Test
	at ptolemy.actor.lib.Test.fire(Test.java:268)
	at ptolemy.domains.de.kernel.DEDirector._fire(DEDirector.java:1948)
	at ptolemy.domains.de.kernel.DEDirector.fire(DEDirector.java:502)
	at ptolemy.actor.CompositeActor.fire(CompositeActor.java:455)
	at ptolemy.actor.Manager.iterate(Manager.java:851)
	at ptolemy.actor.Manager.execute(Manager.java:369)
	at ptolemy.actor.Manager.run(Manager.java:1263)
	at ptolemy.actor.Manager$PtolemyRunThread.run(Manager.java:1915)
java.lang.RuntimeException: Execution failed
	at ptolemy.moml.MoMLSimpleApplication$UnloadThread.run(MoMLSimpleApplication.java:402)
Caused by: ptolemy.kernel.util.IllegalActionException: Actor is not ready to fire.  Perhaps UpSample.prefire() returned false? Try debugging the actor by selecting "Listen to Actor".  Also, for SDF check moml for tokenConsumptionRate on input.
  in .DESDFClockTest.Play Bell.Copy1:SDF Director and .DESDFClockTest.Play Bell.UpSample
	at ptolemy.actor.sched.StaticSchedulingDirector.fire(StaticSchedulingDirector.java:227)
	at ptolemy.domains.sdf.kernel.SDFDirector.fire(SDFDirector.java:500)
	at ptolemy.actor.CompositeActor.fire(CompositeActor.java:455)
	at ptolemy.domains.de.kernel.DEDirector._fire(DEDirector.java:1948)
	at ptolemy.domains.de.kernel.DEDirector.fire(DEDirector.java:502)
	at ptolemy.actor.CompositeActor.fire(CompositeActor.java:455)
	at ptolemy.actor.Manager.iterate(Manager.java:851)
	at ptolemy.actor.Manager.execute(Manager.java:369)
	at ptolemy.actor.Manager.run(Manager.java:1263)
	at ptolemy.actor.Manager$PtolemyRunThread.run(Manager.java:1915)
java.lang.reflect.InvocationTargetException
	at sun.reflect.NativeConstructorAccessorImpl.newInstance0(Native Method)
	at sun.reflect.NativeConstructorAccessorImpl.newInstance(NativeConstructorAccessorImpl.java:62)
	at sun.reflect.DelegatingConstructorAccessorImpl.newInstance(DelegatingConstructorAccessorImpl.java:45)
	at java.lang.reflect.Constructor.newInstance(Constructor.java:423)
	at ptolemy.util.test.junit.AutoKnownFailedTests.RunModel(AutoKnownFailedTests.java:107)
	at sun.reflect.NativeMethodAccessorImpl.invoke0(Native Method)
	at sun.reflect.NativeMethodAccessorImpl.invoke(NativeMethodAccessorImpl.java:62)
	at sun.reflect.DelegatingMethodAccessorImpl.invoke(DelegatingMethodAccessorImpl.java:43)
	at java.lang.reflect.Method.invoke(Method.java:498)
	at org.junit.runners.model.FrameworkMethod$1.runReflectiveCall(FrameworkMethod.java:44)
	at org.junit.internal.runners.model.ReflectiveCallable.run(ReflectiveCallable.java:15)
	at org.junit.runners.model.FrameworkMethod.invokeExplosively(FrameworkMethod.java:41)
	at junitparams.internal.InvokeParameterisedMethod.evaluate(InvokeParameterisedMethod.java:102)
	at org.junit.internal.runners.statements.FailOnTimeout$1.run(FailOnTimeout.java:28)
Caused by: ptolemy.kernel.util.IllegalActionException: Actor is not ready to fire.  Perhaps UpSample.prefire() returned false? Try debugging the actor by selecting "Listen to Actor".  Also, for SDF check moml for tokenConsumptionRate on input.
  in .DESDFClockTest.Play Bell.Copy1:SDF Director and .DESDFClockTest.Play Bell.UpSample
	at ptolemy.actor.sched.StaticSchedulingDirector.fire(StaticSchedulingDirector.java:227)
	at ptolemy.domains.sdf.kernel.SDFDirector.fire(SDFDirector.java:500)
	at ptolemy.actor.CompositeActor.fire(CompositeActor.java:455)
	at ptolemy.domains.de.kernel.DEDirector._fire(DEDirector.java:1948)
	at ptolemy.domains.de.kernel.DEDirector.fire(DEDirector.java:502)
	at ptolemy.actor.CompositeActor.fire(CompositeActor.java:455)
	at ptolemy.actor.Manager.iterate(Manager.java:851)
	at ptolemy.actor.Manager.execute(Manager.java:369)
	at ptolemy.actor.Manager.run(Manager.java:1263)
	at ptolemy.actor.Manager$PtolemyRunThread.run(Manager.java:1915)
java.lang.RuntimeException: Execution failed
	at ptolemy.moml.MoMLSimpleApplication$UnloadThread.run(MoMLSimpleApplication.java:402)
Caused by: ptolemy.kernel.util.IllegalActionException: Test fails in iteration 1.
Value was: 1.0. Should have been: 2.0
  in .DirectFeedback.Test
	at ptolemy.actor.lib.Test.fire(Test.java:268)
	at ptolemy.domains.de.kernel.DEDirector._fire(DEDirector.java:1948)
	at ptolemy.domains.de.kernel.DEDirector.fire(DEDirector.java:502)
	at ptolemy.actor.CompositeActor.fire(CompositeActor.java:455)
	at ptolemy.actor.Manager.iterate(Manager.java:851)
	at ptolemy.actor.Manager.execute(Manager.java:369)
	at ptolemy.actor.Manager.run(Manager.java:1263)
	at ptolemy.actor.Manager$PtolemyRunThread.run(Manager.java:1915)
java.lang.reflect.InvocationTargetException
	at sun.reflect.NativeConstructorAccessorImpl.newInstance0(Native Method)
	at sun.reflect.NativeConstructorAccessorImpl.newInstance(NativeConstructorAccessorImpl.java:62)
	at sun.reflect.DelegatingConstructorAccessorImpl.newInstance(DelegatingConstructorAccessorImpl.java:45)
	at java.lang.reflect.Constructor.newInstance(Constructor.java:423)
	at ptolemy.util.test.junit.AutoKnownFailedTests.RunModel(AutoKnownFailedTests.java:107)
	at sun.reflect.NativeMethodAccessorImpl.invoke0(Native Method)
	at sun.reflect.NativeMethodAccessorImpl.invoke(NativeMethodAccessorImpl.java:62)
	at sun.reflect.DelegatingMethodAccessorImpl.invoke(DelegatingMethodAccessorImpl.java:43)
	at java.lang.reflect.Method.invoke(Method.java:498)
	at org.junit.runners.model.FrameworkMethod$1.runReflectiveCall(FrameworkMethod.java:44)
	at org.junit.internal.runners.model.ReflectiveCallable.run(ReflectiveCallable.java:15)
	at org.junit.runners.model.FrameworkMethod.invokeExplosively(FrameworkMethod.java:41)
	at junitparams.internal.InvokeParameterisedMethod.evaluate(InvokeParameterisedMethod.java:102)
	at org.junit.internal.runners.statements.FailOnTimeout$1.run(FailOnTimeout.java:28)
Caused by: ptolemy.kernel.util.IllegalActionException: Test fails in iteration 1.
Value was: 1.0. Should have been: 2.0
  in .DirectFeedback.Test
	at ptolemy.actor.lib.Test.fire(Test.java:268)
	at ptolemy.domains.de.kernel.DEDirector._fire(DEDirector.java:1948)
	at ptolemy.domains.de.kernel.DEDirector.fire(DEDirector.java:502)
	at ptolemy.actor.CompositeActor.fire(CompositeActor.java:455)
	at ptolemy.actor.Manager.iterate(Manager.java:851)
	at ptolemy.actor.Manager.execute(Manager.java:369)
	at ptolemy.actor.Manager.run(Manager.java:1263)
	at ptolemy.actor.Manager$PtolemyRunThread.run(Manager.java:1915)
java.lang.RuntimeException: Execution failed
	at ptolemy.moml.MoMLSimpleApplication$UnloadThread.run(MoMLSimpleApplication.java:402)
Caused by: ptolemy.kernel.util.IllegalActionException: Found a zero delay loop containing .HierarchicalModel.A
  in .HierarchicalModel and .HierarchicalModel.A
	at ptolemy.actor.util.CausalityInterfaceForComposites._computeOutputPortDepth(CausalityInterfaceForComposites.java:759)
	at ptolemy.actor.util.CausalityInterfaceForComposites._computeInputDepth(CausalityInterfaceForComposites.java:696)
	at ptolemy.actor.util.CausalityInterfaceForComposites._computeOutputPortDepth(CausalityInterfaceForComposites.java:765)
	at ptolemy.actor.util.CausalityInterfaceForComposites._computeInputDepth(CausalityInterfaceForComposites.java:696)
	at ptolemy.actor.util.CausalityInterfaceForComposites._computeOutputPortDepth(CausalityInterfaceForComposites.java:765)
	at ptolemy.actor.util.CausalityInterfaceForComposites._computeInputDepth(CausalityInterfaceForComposites.java:696)
	at ptolemy.actor.util.CausalityInterfaceForComposites._computeActorDepth(CausalityInterfaceForComposites.java:532)
	at ptolemy.actor.util.CausalityInterfaceForComposites.checkForCycles(CausalityInterfaceForComposites.java:96)
	at ptolemy.domains.de.kernel.DEDirector.preinitialize(DEDirector.java:1337)
	at ptolemy.actor.CompositeActor.preinitialize(CompositeActor.java:1828)
	at ptolemy.actor.Manager.preinitializeAndResolveTypes(Manager.java:1040)
	at ptolemy.actor.Manager.initialize(Manager.java:710)
	at ptolemy.actor.Manager.execute(Manager.java:356)
	at ptolemy.actor.Manager.run(Manager.java:1263)
	at ptolemy.actor.Manager$PtolemyRunThread.run(Manager.java:1915)
java.lang.reflect.InvocationTargetException
	at sun.reflect.NativeConstructorAccessorImpl.newInstance0(Native Method)
	at sun.reflect.NativeConstructorAccessorImpl.newInstance(NativeConstructorAccessorImpl.java:62)
	at sun.reflect.DelegatingConstructorAccessorImpl.newInstance(DelegatingConstructorAccessorImpl.java:45)
	at java.lang.reflect.Constructor.newInstance(Constructor.java:423)
	at ptolemy.util.test.junit.AutoKnownFailedTests.RunModel(AutoKnownFailedTests.java:107)
	at sun.reflect.NativeMethodAccessorImpl.invoke0(Native Method)
	at sun.reflect.NativeMethodAccessorImpl.invoke(NativeMethodAccessorImpl.java:62)
	at sun.reflect.DelegatingMethodAccessorImpl.invoke(DelegatingMethodAccessorImpl.java:43)
	at java.lang.reflect.Method.invoke(Method.java:498)
	at org.junit.runners.model.FrameworkMethod$1.runReflectiveCall(FrameworkMethod.java:44)
	at org.junit.internal.runners.model.ReflectiveCallable.run(ReflectiveCallable.java:15)
	at org.junit.runners.model.FrameworkMethod.invokeExplosively(FrameworkMethod.java:41)
	at junitparams.internal.InvokeParameterisedMethod.evaluate(InvokeParameterisedMethod.java:102)
	at org.junit.internal.runners.statements.FailOnTimeout$1.run(FailOnTimeout.java:28)
Caused by: ptolemy.kernel.util.IllegalActionException: Found a zero delay loop containing .HierarchicalModel.A
  in .HierarchicalModel and .HierarchicalModel.A
	at ptolemy.actor.util.CausalityInterfaceForComposites._computeOutputPortDepth(CausalityInterfaceForComposites.java:759)
	at ptolemy.actor.util.CausalityInterfaceForComposites._computeInputDepth(CausalityInterfaceForComposites.java:696)
	at ptolemy.actor.util.CausalityInterfaceForComposites._computeOutputPortDepth(CausalityInterfaceForComposites.java:765)
	at ptolemy.actor.util.CausalityInterfaceForComposites._computeInputDepth(CausalityInterfaceForComposites.java:696)
	at ptolemy.actor.util.CausalityInterfaceForComposites._computeOutputPortDepth(CausalityInterfaceForComposites.java:765)
	at ptolemy.actor.util.CausalityInterfaceForComposites._computeInputDepth(CausalityInterfaceForComposites.java:696)
	at ptolemy.actor.util.CausalityInterfaceForComposites._computeActorDepth(CausalityInterfaceForComposites.java:532)
	at ptolemy.actor.util.CausalityInterfaceForComposites.checkForCycles(CausalityInterfaceForComposites.java:96)
	at ptolemy.domains.de.kernel.DEDirector.preinitialize(DEDirector.java:1337)
	at ptolemy.actor.CompositeActor.preinitialize(CompositeActor.java:1828)
	at ptolemy.actor.Manager.preinitializeAndResolveTypes(Manager.java:1040)
	at ptolemy.actor.Manager.initialize(Manager.java:710)
	at ptolemy.actor.Manager.execute(Manager.java:356)
	at ptolemy.actor.Manager.run(Manager.java:1263)
	at ptolemy.actor.Manager$PtolemyRunThread.run(Manager.java:1915)
java.lang.RuntimeException: Execution failed
	at ptolemy.moml.MoMLSimpleApplication$UnloadThread.run(MoMLSimpleApplication.java:402)
Caused by: ptolemy.kernel.util.IllegalActionException: Found a zero delay loop containing .dependencyLoop.original
  in .dependencyLoop and .dependencyLoop.original
	at ptolemy.actor.util.CausalityInterfaceForComposites._computeOutputPortDepth(CausalityInterfaceForComposites.java:759)
	at ptolemy.actor.util.CausalityInterfaceForComposites._computeInputDepth(CausalityInterfaceForComposites.java:696)
	at ptolemy.actor.util.CausalityInterfaceForComposites._computeOutputPortDepth(CausalityInterfaceForComposites.java:765)
	at ptolemy.actor.util.CausalityInterfaceForComposites._computeInputDepth(CausalityInterfaceForComposites.java:696)
	at ptolemy.actor.util.CausalityInterfaceForComposites._computeOutputPortDepth(CausalityInterfaceForComposites.java:765)
	at ptolemy.actor.util.CausalityInterfaceForComposites._computeInputDepth(CausalityInterfaceForComposites.java:696)
	at ptolemy.actor.util.CausalityInterfaceForComposites._computeActorDepth(CausalityInterfaceForComposites.java:532)
	at ptolemy.actor.util.CausalityInterfaceForComposites.checkForCycles(CausalityInterfaceForComposites.java:96)
	at ptolemy.domains.de.kernel.DEDirector.preinitialize(DEDirector.java:1337)
	at ptolemy.actor.CompositeActor.preinitialize(CompositeActor.java:1828)
	at ptolemy.actor.Manager.preinitializeAndResolveTypes(Manager.java:1040)
	at ptolemy.actor.Manager.initialize(Manager.java:710)
	at ptolemy.actor.Manager.execute(Manager.java:356)
	at ptolemy.actor.Manager.run(Manager.java:1263)
	at ptolemy.actor.Manager$PtolemyRunThread.run(Manager.java:1915)
java.lang.reflect.InvocationTargetException
	at sun.reflect.NativeConstructorAccessorImpl.newInstance0(Native Method)
	at sun.reflect.NativeConstructorAccessorImpl.newInstance(NativeConstructorAccessorImpl.java:62)
	at sun.reflect.DelegatingConstructorAccessorImpl.newInstance(DelegatingConstructorAccessorImpl.java:45)
	at java.lang.reflect.Constructor.newInstance(Constructor.java:423)
	at ptolemy.util.test.junit.AutoKnownFailedTests.RunModel(AutoKnownFailedTests.java:107)
	at sun.reflect.NativeMethodAccessorImpl.invoke0(Native Method)
	at sun.reflect.NativeMethodAccessorImpl.invoke(NativeMethodAccessorImpl.java:62)
	at sun.reflect.DelegatingMethodAccessorImpl.invoke(DelegatingMethodAccessorImpl.java:43)
	at java.lang.reflect.Method.invoke(Method.java:498)
	at org.junit.runners.model.FrameworkMethod$1.runReflectiveCall(FrameworkMethod.java:44)
	at org.junit.internal.runners.model.ReflectiveCallable.run(ReflectiveCallable.java:15)
	at org.junit.runners.model.FrameworkMethod.invokeExplosively(FrameworkMethod.java:41)
	at junitparams.internal.InvokeParameterisedMethod.evaluate(InvokeParameterisedMethod.java:102)
	at org.junit.internal.runners.statements.FailOnTimeout$1.run(FailOnTimeout.java:28)
Caused by: ptolemy.kernel.util.IllegalActionException: Found a zero delay loop containing .dependencyLoop.original
  in .dependencyLoop and .dependencyLoop.original
	at ptolemy.actor.util.CausalityInterfaceForComposites._computeOutputPortDepth(CausalityInterfaceForComposites.java:759)
	at ptolemy.actor.util.CausalityInterfaceForComposites._computeInputDepth(CausalityInterfaceForComposites.java:696)
	at ptolemy.actor.util.CausalityInterfaceForComposites._computeOutputPortDepth(CausalityInterfaceForComposites.java:765)
	at ptolemy.actor.util.CausalityInterfaceForComposites._computeInputDepth(CausalityInterfaceForComposites.java:696)
	at ptolemy.actor.util.CausalityInterfaceForComposites._computeOutputPortDepth(CausalityInterfaceForComposites.java:765)
	at ptolemy.actor.util.CausalityInterfaceForComposites._computeInputDepth(CausalityInterfaceForComposites.java:696)
	at ptolemy.actor.util.CausalityInterfaceForComposites._computeActorDepth(CausalityInterfaceForComposites.java:532)
	at ptolemy.actor.util.CausalityInterfaceForComposites.checkForCycles(CausalityInterfaceForComposites.java:96)
	at ptolemy.domains.de.kernel.DEDirector.preinitialize(DEDirector.java:1337)
	at ptolemy.actor.CompositeActor.preinitialize(CompositeActor.java:1828)
	at ptolemy.actor.Manager.preinitializeAndResolveTypes(Manager.java:1040)
	at ptolemy.actor.Manager.initialize(Manager.java:710)
	at ptolemy.actor.Manager.execute(Manager.java:356)
	at ptolemy.actor.Manager.run(Manager.java:1263)
	at ptolemy.actor.Manager$PtolemyRunThread.run(Manager.java:1915)
java.lang.RuntimeException: Execution failed
	at ptolemy.moml.MoMLSimpleApplication$UnloadThread.run(MoMLSimpleApplication.java:402)
Caused by: ptolemy.kernel.util.IllegalActionException: Found a zero delay loop containing .dependencyLoop2.original
  in .dependencyLoop2 and .dependencyLoop2.original
	at ptolemy.actor.util.CausalityInterfaceForComposites._computeOutputPortDepth(CausalityInterfaceForComposites.java:759)
	at ptolemy.actor.util.CausalityInterfaceForComposites._computeInputDepth(CausalityInterfaceForComposites.java:696)
	at ptolemy.actor.util.CausalityInterfaceForComposites._computeOutputPortDepth(CausalityInterfaceForComposites.java:765)
	at ptolemy.actor.util.CausalityInterfaceForComposites._computeInputDepth(CausalityInterfaceForComposites.java:696)
	at ptolemy.actor.util.CausalityInterfaceForComposites._computeOutputPortDepth(CausalityInterfaceForComposites.java:765)
	at ptolemy.actor.util.CausalityInterfaceForComposites._computeInputDepth(CausalityInterfaceForComposites.java:696)
	at ptolemy.actor.util.CausalityInterfaceForComposites._computeActorDepth(CausalityInterfaceForComposites.java:532)
	at ptolemy.actor.util.CausalityInterfaceForComposites.checkForCycles(CausalityInterfaceForComposites.java:96)
	at ptolemy.domains.de.kernel.DEDirector.preinitialize(DEDirector.java:1337)
	at ptolemy.actor.CompositeActor.preinitialize(CompositeActor.java:1828)
	at ptolemy.actor.Manager.preinitializeAndResolveTypes(Manager.java:1040)
	at ptolemy.actor.Manager.initialize(Manager.java:710)
	at ptolemy.actor.Manager.execute(Manager.java:356)
	at ptolemy.actor.Manager.run(Manager.java:1263)
	at ptolemy.actor.Manager$PtolemyRunThread.run(Manager.java:1915)
java.lang.reflect.InvocationTargetException
	at sun.reflect.NativeConstructorAccessorImpl.newInstance0(Native Method)
	at sun.reflect.NativeConstructorAccessorImpl.newInstance(NativeConstructorAccessorImpl.java:62)
	at sun.reflect.DelegatingConstructorAccessorImpl.newInstance(DelegatingConstructorAccessorImpl.java:45)
	at java.lang.reflect.Constructor.newInstance(Constructor.java:423)
	at ptolemy.util.test.junit.AutoKnownFailedTests.RunModel(AutoKnownFailedTests.java:107)
	at sun.reflect.NativeMethodAccessorImpl.invoke0(Native Method)
	at sun.reflect.NativeMethodAccessorImpl.invoke(NativeMethodAccessorImpl.java:62)
	at sun.reflect.DelegatingMethodAccessorImpl.invoke(DelegatingMethodAccessorImpl.java:43)
	at java.lang.reflect.Method.invoke(Method.java:498)
	at org.junit.runners.model.FrameworkMethod$1.runReflectiveCall(FrameworkMethod.java:44)
	at org.junit.internal.runners.model.ReflectiveCallable.run(ReflectiveCallable.java:15)
	at org.junit.runners.model.FrameworkMethod.invokeExplosively(FrameworkMethod.java:41)
	at junitparams.internal.InvokeParameterisedMethod.evaluate(InvokeParameterisedMethod.java:102)
	at org.junit.internal.runners.statements.FailOnTimeout$1.run(FailOnTimeout.java:28)
Caused by: ptolemy.kernel.util.IllegalActionException: Found a zero delay loop containing .dependencyLoop2.original
  in .dependencyLoop2 and .dependencyLoop2.original
	at ptolemy.actor.util.CausalityInterfaceForComposites._computeOutputPortDepth(CausalityInterfaceForComposites.java:759)
	at ptolemy.actor.util.CausalityInterfaceForComposites._computeInputDepth(CausalityInterfaceForComposites.java:696)
	at ptolemy.actor.util.CausalityInterfaceForComposites._computeOutputPortDepth(CausalityInterfaceForComposites.java:765)
	at ptolemy.actor.util.CausalityInterfaceForComposites._computeInputDepth(CausalityInterfaceForComposites.java:696)
	at ptolemy.actor.util.CausalityInterfaceForComposites._computeOutputPortDepth(CausalityInterfaceForComposites.java:765)
	at ptolemy.actor.util.CausalityInterfaceForComposites._computeInputDepth(CausalityInterfaceForComposites.java:696)
	at ptolemy.actor.util.CausalityInterfaceForComposites._computeActorDepth(CausalityInterfaceForComposites.java:532)
	at ptolemy.actor.util.CausalityInterfaceForComposites.checkForCycles(CausalityInterfaceForComposites.java:96)
	at ptolemy.domains.de.kernel.DEDirector.preinitialize(DEDirector.java:1337)
	at ptolemy.actor.CompositeActor.preinitialize(CompositeActor.java:1828)
	at ptolemy.actor.Manager.preinitializeAndResolveTypes(Manager.java:1040)
	at ptolemy.actor.Manager.initialize(Manager.java:710)
	at ptolemy.actor.Manager.execute(Manager.java:356)
	at ptolemy.actor.Manager.run(Manager.java:1263)
	at ptolemy.actor.Manager$PtolemyRunThread.run(Manager.java:1915)
]]></system-err>
</testsuite>
