<?xml version="1.0" encoding="UTF-8" ?>
<testsuite errors="0" failures="0" hostname="travis-job-cb0d1099-a70d-4bc3-8a48-4eb9c3644754" name="ptolemy.domains.de.test.junit.JUnitTclTest" skipped="0" tests="101" time="133.462" timestamp="2018-05-15T20:14:09">
  <properties>
[...]
</properties>
  <testcase classname="ptolemy.util.test.junit.TclTests" name="[0] /home/travis/build/icyphy/ptII/ptolemy/domains/de/test/DependencyLoop.tcl (RunTclFile)" time="0.788" />
  <testcase classname="ptolemy.util.test.junit.TclTests" name="[1] /home/travis/build/icyphy/ptII/ptolemy/domains/de/test/RunDETestsAsQSS.tcl (RunTclFile)" time="92.34" />
  <testcase classname="ptolemy.util.test.junit.AutoKnownFailedTests" name="[0] /home/travis/build/icyphy/ptII/ptolemy/domains/de/test/auto/knownFailedTests/DESDFClockTest.xml (RunModel)" time="2.051" />
  <testcase classname="ptolemy.util.test.junit.AutoKnownFailedTests" name="[1] /home/travis/build/icyphy/ptII/ptolemy/domains/de/test/auto/knownFailedTests/DirectFeedback.xml (RunModel)" time="0.012" />
  <testcase classname="ptolemy.util.test.junit.AutoKnownFailedTests" name="[2] /home/travis/build/icyphy/ptII/ptolemy/domains/de/test/auto/knownFailedTests/FSMSource.xml (RunModel)" time="0.031" />
  <testcase classname="ptolemy.util.test.junit.AutoKnownFailedTests" name="[3] /home/travis/build/icyphy/ptII/ptolemy/domains/de/test/auto/knownFailedTests/HierarchicalModel.xml (RunModel)" time="0.033" />
  <testcase classname="ptolemy.util.test.junit.AutoKnownFailedTests" name="[4] /home/travis/build/icyphy/ptII/ptolemy/domains/de/test/auto/knownFailedTests/dependencyLoop.xml (RunModel)" time="0.034" />
  <testcase classname="ptolemy.util.test.junit.AutoKnownFailedTests" name="[5] /home/travis/build/icyphy/ptII/ptolemy/domains/de/test/auto/knownFailedTests/dependencyLoop2.xml (RunModel)" time="0.035" />
  <testcase classname="ptolemy.util.test.junit.AutoNameArchTests" name="[0] ThereAreNoAutoTests (RunModel)" time="0.0" />
  <testcase classname="ptolemy.util.test.junit.AutoTests" name="[0] /home/travis/build/icyphy/ptII/ptolemy/domains/de/test/auto/ActorDepthCalculation_actorWithoutPorts.xml (RunModel)" time="0.021" />
  <testcase classname="ptolemy.util.test.junit.AutoTests" name="[1] /home/travis/build/icyphy/ptII/ptolemy/domains/de/test/auto/AssemblyLine.xml (RunModel)" time="0.02" />
  <testcase classname="ptolemy.util.test.junit.AutoTests" name="[2] /home/travis/build/icyphy/ptII/ptolemy/domains/de/test/auto/CQBug1.xml (RunModel)" time="0.01" />
  <testcase classname="ptolemy.util.test.junit.AutoTests" name="[3] /home/travis/build/icyphy/ptII/ptolemy/domains/de/test/auto/CancelFireAt.xml (RunModel)" time="0.011" />
  <testcase classname="ptolemy.util.test.junit.AutoTests" name="[4] /home/travis/build/icyphy/ptII/ptolemy/domains/de/test/auto/CausalityAndComposabilityAnalysis.xml (RunModel)" time="0.012" />
  <testcase classname="ptolemy.util.test.junit.AutoTests" name="[5] /home/travis/build/icyphy/ptII/ptolemy/domains/de/test/auto/CausalityInterface1.xml (RunModel)" time="0.016" />
  <testcase classname="ptolemy.util.test.junit.AutoTests" name="[6] /home/travis/build/icyphy/ptII/ptolemy/domains/de/test/auto/CausalityInterface15.xml (RunModel)" time="0.016" />
  <testcase classname="ptolemy.util.test.junit.AutoTests" name="[7] /home/travis/build/icyphy/ptII/ptolemy/domains/de/test/auto/CausalityInterface2.xml (RunModel)" time="0.013" />
  <testcase classname="ptolemy.util.test.junit.AutoTests" name="[8] /home/travis/build/icyphy/ptII/ptolemy/domains/de/test/auto/CausalityInterface3.xml (RunModel)" time="0.012" />
  <testcase classname="ptolemy.util.test.junit.AutoTests" name="[9] /home/travis/build/icyphy/ptII/ptolemy/domains/de/test/auto/ClockDrift.xml (RunModel)" time="0.025" />
  <testcase classname="ptolemy.util.test.junit.AutoTests" name="[10] /home/travis/build/icyphy/ptII/ptolemy/domains/de/test/auto/ClockDriftAndValueChange.xml (RunModel)" time="0.022" />
  <testcase classname="ptolemy.util.test.junit.AutoTests" name="[11] /home/travis/build/icyphy/ptII/ptolemy/domains/de/test/auto/ClockDriftChange.xml (RunModel)" time="0.03" />
  <testcase classname="ptolemy.util.test.junit.AutoTests" name="[12] /home/travis/build/icyphy/ptII/ptolemy/domains/de/test/auto/ComposableCausalityAnalysis.xml (RunModel)" time="0.015" />
  <testcase classname="ptolemy.util.test.junit.AutoTests" name="[13] /home/travis/build/icyphy/ptII/ptolemy/domains/de/test/auto/DEFixedPointLimitation.xml (RunModel)" time="0.011" />
  <testcase classname="ptolemy.util.test.junit.AutoTests" name="[14] /home/travis/build/icyphy/ptII/ptolemy/domains/de/test/auto/DEScheduleTest.xml (RunModel)" time="0.014" />
  <testcase classname="ptolemy.util.test.junit.AutoTests" name="[15] /home/travis/build/icyphy/ptII/ptolemy/domains/de/test/auto/DEinDEwithStartTimes.xml (RunModel)" time="0.014" />
  <testcase classname="ptolemy.util.test.junit.AutoTests" name="[16] /home/travis/build/icyphy/ptII/ptolemy/domains/de/test/auto/DEinDEwithStartTimes2.xml (RunModel)" time="0.021" />
  <testcase classname="ptolemy.util.test.junit.AutoTests" name="[17] /home/travis/build/icyphy/ptII/ptolemy/domains/de/test/auto/DateDemo.xml (RunModel)" time="0.036" />
  <testcase classname="ptolemy.util.test.junit.AutoTests" name="[18] /home/travis/build/icyphy/ptII/ptolemy/domains/de/test/auto/DateToEvent.xml (RunModel)" time="2.048" />
  <testcase classname="ptolemy.util.test.junit.AutoTests" name="[19] /home/travis/build/icyphy/ptII/ptolemy/domains/de/test/auto/DepthTest1.xml (RunModel)" time="0.009" />
  <testcase classname="ptolemy.util.test.junit.AutoTests" name="[20] /home/travis/build/icyphy/ptII/ptolemy/domains/de/test/auto/DepthTest2.xml (RunModel)" time="0.015" />
  <testcase classname="ptolemy.util.test.junit.AutoTests" name="[21] /home/travis/build/icyphy/ptII/ptolemy/domains/de/test/auto/DepthTest3.xml (RunModel)" time="0.007" />
  <testcase classname="ptolemy.util.test.junit.AutoTests" name="[22] /home/travis/build/icyphy/ptII/ptolemy/domains/de/test/auto/DepthTest4.xml (RunModel)" time="0.009" />
  <testcase classname="ptolemy.util.test.junit.AutoTests" name="[23] /home/travis/build/icyphy/ptII/ptolemy/domains/de/test/auto/DepthTest5.xml (RunModel)" time="0.01" />
  <testcase classname="ptolemy.util.test.junit.AutoTests" name="[24] /home/travis/build/icyphy/ptII/ptolemy/domains/de/test/auto/DepthTest6.xml (RunModel)" time="0.01" />
  <testcase classname="ptolemy.util.test.junit.AutoTests" name="[25] /home/travis/build/icyphy/ptII/ptolemy/domains/de/test/auto/DepthTest7.xml (RunModel)" time="0.01" />
  <testcase classname="ptolemy.util.test.junit.AutoTests" name="[26] /home/travis/build/icyphy/ptII/ptolemy/domains/de/test/auto/EventToDate.xml (RunModel)" time="3.028" />
  <testcase classname="ptolemy.util.test.junit.AutoTests" name="[27] /home/travis/build/icyphy/ptII/ptolemy/domains/de/test/auto/FSM1.xml (RunModel)" time="0.028" />
  <testcase classname="ptolemy.util.test.junit.AutoTests" name="[28] /home/travis/build/icyphy/ptII/ptolemy/domains/de/test/auto/FSM7.xml (RunModel)" time="0.025" />
  <testcase classname="ptolemy.util.test.junit.AutoTests" name="[29] /home/travis/build/icyphy/ptII/ptolemy/domains/de/test/auto/Inspection.xml (RunModel)" time="0.031" />
  <testcase classname="ptolemy.util.test.junit.AutoTests" name="[30] /home/travis/build/icyphy/ptII/ptolemy/domains/de/test/auto/Iteration.xml (RunModel)" time="0.015" />
  <testcase classname="ptolemy.util.test.junit.AutoTests" name="[31] /home/travis/build/icyphy/ptII/ptolemy/domains/de/test/auto/LineFault.xml (RunModel)" time="0.439" />
  <testcase classname="ptolemy.util.test.junit.AutoTests" name="[32] /home/travis/build/icyphy/ptII/ptolemy/domains/de/test/auto/MergeModel1Add.xml (RunModel)" time="0.031" />
  <testcase classname="ptolemy.util.test.junit.AutoTests" name="[33] /home/travis/build/icyphy/ptII/ptolemy/domains/de/test/auto/MergeModel2Add.xml (RunModel)" time="0.035" />
  <testcase classname="ptolemy.util.test.junit.AutoTests" name="[34] /home/travis/build/icyphy/ptII/ptolemy/domains/de/test/auto/MergeModel3Add.xml (RunModel)" time="0.027" />
  <testcase classname="ptolemy.util.test.junit.AutoTests" name="[35] /home/travis/build/icyphy/ptII/ptolemy/domains/de/test/auto/MergeWithoutDiscard.xml (RunModel)" time="0.008" />
  <testcase classname="ptolemy.util.test.junit.AutoTests" name="[36] /home/travis/build/icyphy/ptII/ptolemy/domains/de/test/auto/Modal1.xml (RunModel)" time="0.026" />
  <testcase classname="ptolemy.util.test.junit.AutoTests" name="[37] /home/travis/build/icyphy/ptII/ptolemy/domains/de/test/auto/Modal2.xml (RunModel)" time="0.023" />
  <testcase classname="ptolemy.util.test.junit.AutoTests" name="[38] /home/travis/build/icyphy/ptII/ptolemy/domains/de/test/auto/Modal3.xml (RunModel)" time="0.026" />
  <testcase classname="ptolemy.util.test.junit.AutoTests" name="[39] /home/travis/build/icyphy/ptII/ptolemy/domains/de/test/auto/Modal4.xml (RunModel)" time="0.026" />
  <testcase classname="ptolemy.util.test.junit.AutoTests" name="[40] /home/travis/build/icyphy/ptII/ptolemy/domains/de/test/auto/Modal5.xml (RunModel)" time="0.025" />
  <testcase classname="ptolemy.util.test.junit.AutoTests" name="[41] /home/travis/build/icyphy/ptII/ptolemy/domains/de/test/auto/Modal6.xml (RunModel)" time="0.028" />
  <testcase classname="ptolemy.util.test.junit.AutoTests" name="[42] /home/travis/build/icyphy/ptII/ptolemy/domains/de/test/auto/Modal7.xml (RunModel)" time="0.028" />
  <testcase classname="ptolemy.util.test.junit.AutoTests" name="[43] /home/travis/build/icyphy/ptII/ptolemy/domains/de/test/auto/ModalModel.xml (RunModel)" time="0.174" />
  <testcase classname="ptolemy.util.test.junit.AutoTests" name="[44] /home/travis/build/icyphy/ptII/ptolemy/domains/de/test/auto/ModalSource.xml (RunModel)" time="0.017" />
  <testcase classname="ptolemy.util.test.junit.AutoTests" name="[45] /home/travis/build/icyphy/ptII/ptolemy/domains/de/test/auto/NonInterruptibleTimerZeroDelay.xml (RunModel)" time="0.008" />
  <testcase classname="ptolemy.util.test.junit.AutoTests" name="[46] /home/travis/build/icyphy/ptII/ptolemy/domains/de/test/auto/OpenQueueingNetwork.xml (RunModel)" time="2.314" />
  <testcase classname="ptolemy.util.test.junit.AutoTests" name="[47] /home/travis/build/icyphy/ptII/ptolemy/domains/de/test/auto/OpenQueuingNetwork.xml (RunModel)" time="0.295" />
  <testcase classname="ptolemy.util.test.junit.AutoTests" name="[48] /home/travis/build/icyphy/ptII/ptolemy/domains/de/test/auto/PeriodicSampler.xml (RunModel)" time="0.009" />
  <testcase classname="ptolemy.util.test.junit.AutoTests" name="[49] /home/travis/build/icyphy/ptII/ptolemy/domains/de/test/auto/PersistentIO.xml (RunModel)" time="0.02" />
  <testcase classname="ptolemy.util.test.junit.AutoTests" name="[50] /home/travis/build/icyphy/ptII/ptolemy/domains/de/test/auto/PortParameterResetOnInitialize.xml (RunModel)" time="0.01" />
  <testcase classname="ptolemy.util.test.junit.AutoTests" name="[51] /home/travis/build/icyphy/ptII/ptolemy/domains/de/test/auto/PortParameterUpdates.xml (RunModel)" time="0.015" />
  <testcase classname="ptolemy.util.test.junit.AutoTests" name="[52] /home/travis/build/icyphy/ptII/ptolemy/domains/de/test/auto/QueueAndServer.xml (RunModel)" time="0.019" />
  <testcase classname="ptolemy.util.test.junit.AutoTests" name="[53] /home/travis/build/icyphy/ptII/ptolemy/domains/de/test/auto/Records.xml (RunModel)" time="0.014" />
  <testcase classname="ptolemy.util.test.junit.AutoTests" name="[54] /home/travis/build/icyphy/ptII/ptolemy/domains/de/test/auto/ResetTransitionWithStartTime1.xml (RunModel)" time="0.018" />
  <testcase classname="ptolemy.util.test.junit.AutoTests" name="[55] /home/travis/build/icyphy/ptII/ptolemy/domains/de/test/auto/ResetTransitionWithStartTime2.xml (RunModel)" time="0.02" />
  <testcase classname="ptolemy.util.test.junit.AutoTests" name="[56] /home/travis/build/icyphy/ptII/ptolemy/domains/de/test/auto/ResetTransitionWithStartTime3.xml (RunModel)" time="0.02" />
  <testcase classname="ptolemy.util.test.junit.AutoTests" name="[57] /home/travis/build/icyphy/ptII/ptolemy/domains/de/test/auto/ResetTransitionWithStartTime4.xml (RunModel)" time="0.021" />
  <testcase classname="ptolemy.util.test.junit.AutoTests" name="[58] /home/travis/build/icyphy/ptII/ptolemy/domains/de/test/auto/ResettableTimer1.xml (RunModel)" time="0.012" />
  <testcase classname="ptolemy.util.test.junit.AutoTests" name="[59] /home/travis/build/icyphy/ptII/ptolemy/domains/de/test/auto/ResettableTimer2.xml (RunModel)" time="0.011" />
  <testcase classname="ptolemy.util.test.junit.AutoTests" name="[60] /home/travis/build/icyphy/ptII/ptolemy/domains/de/test/auto/ResettableTimer3.xml (RunModel)" time="0.01" />
  <testcase classname="ptolemy.util.test.junit.AutoTests" name="[61] /home/travis/build/icyphy/ptII/ptolemy/domains/de/test/auto/ResettableTimer4.xml (RunModel)" time="0.011" />
  <testcase classname="ptolemy.util.test.junit.AutoTests" name="[62] /home/travis/build/icyphy/ptII/ptolemy/domains/de/test/auto/ResettableTimer5.xml (RunModel)" time="0.012" />
  <testcase classname="ptolemy.util.test.junit.AutoTests" name="[63] /home/travis/build/icyphy/ptII/ptolemy/domains/de/test/auto/ResettableTimer6.xml (RunModel)" time="0.02" />
  <testcase classname="ptolemy.util.test.junit.AutoTests" name="[64] /home/travis/build/icyphy/ptII/ptolemy/domains/de/test/auto/ServerZeroDelay.xml (RunModel)" time="0.018" />
  <testcase classname="ptolemy.util.test.junit.AutoTests" name="[65] /home/travis/build/icyphy/ptII/ptolemy/domains/de/test/auto/SmartSender.xml (RunModel)" time="3.009" />
  <testcase classname="ptolemy.util.test.junit.AutoTests" name="[66] /home/travis/build/icyphy/ptII/ptolemy/domains/de/test/auto/ThreadedComposite.xml (RunModel)" time="0.256" />
  <testcase classname="ptolemy.util.test.junit.AutoTests" name="[67] /home/travis/build/icyphy/ptII/ptolemy/domains/de/test/auto/Time.xml (RunModel)" time="0.477" />
  <testcase classname="ptolemy.util.test.junit.AutoTests" name="[68] /home/travis/build/icyphy/ptII/ptolemy/domains/de/test/auto/TimeDelayZeroDelay.xml (RunModel)" time="0.018" />
  <testcase classname="ptolemy.util.test.junit.AutoTests" name="[69] /home/travis/build/icyphy/ptII/ptolemy/domains/de/test/auto/TimerZeroDelay.xml (RunModel)" time="0.01" />
  <testcase classname="ptolemy.util.test.junit.AutoTests" name="[70] /home/travis/build/icyphy/ptII/ptolemy/domains/de/test/auto/TimingParadox.xml (RunModel)" time="0.317" />
  <testcase classname="ptolemy.util.test.junit.AutoTests" name="[71] /home/travis/build/icyphy/ptII/ptolemy/domains/de/test/auto/TransferInputs.xml (RunModel)" time="0.009" />
  <testcase classname="ptolemy.util.test.junit.AutoTests" name="[72] /home/travis/build/icyphy/ptII/ptolemy/domains/de/test/auto/TransferOutputs2.xml (RunModel)" time="0.021" />
  <testcase classname="ptolemy.util.test.junit.AutoTests" name="[73] /home/travis/build/icyphy/ptII/ptolemy/domains/de/test/auto/Trilateration.xml (RunModel)" time="11.909" />
  <testcase classname="ptolemy.util.test.junit.AutoTests" name="[74] /home/travis/build/icyphy/ptII/ptolemy/domains/de/test/auto/TwoSigmaDelta.xml (RunModel)" time="2.194" />
  <testcase classname="ptolemy.util.test.junit.AutoTests" name="[75] /home/travis/build/icyphy/ptII/ptolemy/domains/de/test/auto/VariableDelay.xml (RunModel)" time="0.017" />
  <testcase classname="ptolemy.util.test.junit.AutoTests" name="[76] /home/travis/build/icyphy/ptII/ptolemy/domains/de/test/auto/VariableDelay2.xml (RunModel)" time="0.013" />
  <testcase classname="ptolemy.util.test.junit.AutoTests" name="[77] /home/travis/build/icyphy/ptII/ptolemy/domains/de/test/auto/VariableDelayZeroDelay.xml (RunModel)" time="0.011" />
  <testcase classname="ptolemy.util.test.junit.AutoTests" name="[78] /home/travis/build/icyphy/ptII/ptolemy/domains/de/test/auto/VariableDelayZeroDelay2.xml (RunModel)" time="0.01" />
  <testcase classname="ptolemy.util.test.junit.AutoTests" name="[79] /home/travis/build/icyphy/ptII/ptolemy/domains/de/test/auto/deInCt.xml (RunModel)" time="0.017" />
  <testcase classname="ptolemy.util.test.junit.AutoTests" name="[80] /home/travis/build/icyphy/ptII/ptolemy/domains/de/test/auto/deInCt2.xml (RunModel)" time="0.014" />
  <testcase classname="ptolemy.util.test.junit.AutoTests" name="[81] /home/travis/build/icyphy/ptII/ptolemy/domains/de/test/auto/dynamicCausalityInterface1.xml (RunModel)" time="0.019" />
  <testcase classname="ptolemy.util.test.junit.AutoTests" name="[82] /home/travis/build/icyphy/ptII/ptolemy/domains/de/test/auto/fsm_de_test.xml (RunModel)" time="0.024" />
  <testcase classname="ptolemy.util.test.junit.AutoTests" name="[83] /home/travis/build/icyphy/ptII/ptolemy/domains/de/test/auto/functionDependencyReconstruction.xml (RunModel)" time="0.034" />
  <testcase classname="ptolemy.util.test.junit.AutoTests" name="[84] /home/travis/build/icyphy/ptII/ptolemy/domains/de/test/auto/multirate.xml (RunModel)" time="0.016" />
  <testcase classname="ptolemy.util.test.junit.AutoTests" name="[85] /home/travis/build/icyphy/ptII/ptolemy/domains/de/test/auto/multirate2.xml (RunModel)" time="0.017" />
  <testcase classname="ptolemy.util.test.junit.AutoTests" name="[86] /home/travis/build/icyphy/ptII/ptolemy/domains/de/test/auto/realtime.xml (RunModel)" time="10.012" />
  <testcase classname="ptolemy.util.test.junit.AutoTests" name="[87] /home/travis/build/icyphy/ptII/ptolemy/domains/de/test/auto/relationGroup.xml (RunModel)" time="0.01" />
  <testcase classname="ptolemy.util.test.junit.AutoTests" name="[88] /home/travis/build/icyphy/ptII/ptolemy/domains/de/test/auto/relationGroup2.xml (RunModel)" time="0.009" />
  <testcase classname="ptolemy.util.test.junit.AutoTests" name="[89] /home/travis/build/icyphy/ptII/ptolemy/domains/de/test/auto/sortWithOpaquePorts.xml (RunModel)" time="0.012" />
  <testcase classname="ptolemy.util.test.junit.AutoTests" name="[90] /home/travis/build/icyphy/ptII/ptolemy/domains/de/test/auto/transferInputsandOutputs.xml (RunModel)" time="0.021" />
  <testcase classname="ptolemy.util.test.junit.AutoTests" name="[91] /home/travis/build/icyphy/ptII/ptolemy/domains/de/test/auto/triggerType.xml (RunModel)" time="0.011" />
  <system-out><![CDATA[/home/travis/build/icyphy/ptII/ptolemy/domains/de/test/DependencyLoop.tcl
testDefs.tcl: setting time out to 9000 seconds at Tue May 15 20:14:09 UTC 2018
36 ms. Memory: 116224K Free: 95060K (82%)
6 ms. Memory: 146944K Free: 137850K (94%)
/home/travis/build/icyphy/ptII/ptolemy/domains/de/test/RunDETestsAsQSS.tcl
Run the DE tests using ptolemy.domains.qss.test.QSSDirectorTest, which extends QSSDirector and prints a message in the constructors.
------------------ testing $PTII/ptolemy/domains/de/test/auto/knownFailedTests/dependencyLoop.xml (Known Failure) 
7 ms. Memory: 146944K Free: 133573K (91%)


==== $PTIIhome/travis/build/icyphy/ptII/ptolemy/domains/de/test/../../../../: Auto Automatic test in file $PTII/ptolemy/domains/de/test/auto/knownFailedTests/dependencyLoop.xml
==== Contents of test case:

	    # FIXME: we should use $relativeFilename here, but it
	    # might have backslashes under Windows, which causes no end
	    # of trouble.
	    createAndExecute $file
	    list {}
	
.... Test generated KNOWN error:
    while executing
ptolemy.kernel.util.IllegalActionException: Found a zero delay loop containing .dependencyLoop.original
  in .dependencyLoop and .dependencyLoop.original
	at ptolemy.actor.util.CausalityInterfaceForComposites._computeOutputPortDepth(CausalityInterfaceForComposites.java:759)
	at ptolemy.actor.util.CausalityInterfaceForComposites._computeInputDepth(CausalityInterfaceForComposites.java:696)
	at ptolemy.actor.util.CausalityInterfaceForComposites._computeOutputPortDepth(CausalityInterfaceForComposites.java:765)
	at ptolemy.actor.util.CausalityInterfaceForComposites._computeInputDepth(CausalityInterfaceForComposites.java:696)
	at ptolemy.actor.util.CausalityInterfaceForComposites._computeOutputPortDepth(CausalityInterfaceForComposites.java:765)
	at ptolemy.actor.util.CausalityInterfaceForComposites._computeInputDepth(CausalityInterfaceForComposites.java:696)
	at ptolemy.actor.util.CausalityInterfaceForComposites._computeActorDepth(CausalityInterfaceForComposites.java:532)
	at ptolemy.actor.util.CausalityInterfaceForComposites.checkForCycles(CausalityInterfaceForComposites.java:96)
	at ptolemy.domains.de.kernel.DEDirector.preinitialize(DEDirector.java:1337)
	at ptolemy.actor.CompositeActor.preinitialize(CompositeActor.java:1828)
	at ptolemy.actor.Manager.preinitializeAndResolveTypes(Manager.java:1040)
	at ptolemy.actor.Manager.initialize(Manager.java:710)
	at ptolemy.actor.Manager.execute(Manager.java:356)
	at ptolemy.actor.Manager.run(Manager.java:1263)
	at ptolemy.actor.Manager$PtolemyRunThread.run(Manager.java:1915)

    while executing
ptolemy.kernel.util.IllegalActionException: Found a zero delay loop containing .dependencyLoop.original
  in .dependencyLoop and .dependencyLoop.original
    while executing
"java::new ptolemy.moml.MoMLSimpleApplication $file
"
    (procedure "createAndExecute" line 2)
    invoked from within
"createAndExecute $file"
    ("uplevel" body line 5)
    invoked from within
"uplevel $contents_of_test"
------------------ testing $PTII/ptolemy/domains/de/test/auto/knownFailedTests/DESDFClockTest.xml (Known Failure) 
2064 ms. Memory: 146944K Free: 117698K (80%)


==== $PTIIhome/travis/build/icyphy/ptII/ptolemy/domains/de/test/../../../../: Auto Automatic test in file $PTII/ptolemy/domains/de/test/auto/knownFailedTests/DESDFClockTest.xml
==== Contents of test case:

	    # FIXME: we should use $relativeFilename here, but it
	    # might have backslashes under Windows, which causes no end
	    # of trouble.
	    createAndExecute $file
	    list {}
	
.... Test generated KNOWN error:
    while executing
ptolemy.kernel.util.IllegalActionException: Actor is not ready to fire.  Perhaps UpSample.prefire() returned false? Try debugging the actor by selecting "Listen to Actor".  Also, for SDF check moml for tokenConsumptionRate on input.
  in .DESDFClockTest.Play Bell.Copy1:SDF Director and .DESDFClockTest.Play Bell.UpSample
	at ptolemy.actor.sched.StaticSchedulingDirector.fire(StaticSchedulingDirector.java:227)
	at ptolemy.domains.sdf.kernel.SDFDirector.fire(SDFDirector.java:500)
	at ptolemy.actor.CompositeActor.fire(CompositeActor.java:455)
	at ptolemy.domains.de.kernel.DEDirector._fire(DEDirector.java:1948)
	at ptolemy.domains.de.kernel.DEDirector.fire(DEDirector.java:502)
	at ptolemy.actor.CompositeActor.fire(CompositeActor.java:455)
	at ptolemy.actor.Manager.iterate(Manager.java:851)
	at ptolemy.actor.Manager.execute(Manager.java:369)
	at ptolemy.actor.Manager.run(Manager.java:1263)
	at ptolemy.actor.Manager$PtolemyRunThread.run(Manager.java:1915)

    while executing
ptolemy.kernel.util.IllegalActionException: Actor is not ready to fire.  Perhaps UpSample.prefire() returned false? Try debugging the actor by selecting "Listen to Actor".  Also, for SDF check moml for tokenConsumptionRate on input.
  in .DESDFClockTest.Play Bell.Copy1:SDF Director and .DESDFClockTest.Play Bell.UpSample
    while executing
"java::new ptolemy.moml.MoMLSimpleApplication $file
"
    (procedure "createAndExecute" line 2)
    invoked from within
"createAndExecute $file"
    ("uplevel" body line 5)
    invoked from within
"uplevel $contents_of_test"
------------------ testing $PTII/ptolemy/domains/de/test/auto/knownFailedTests/FSMSource.xml (Known Failure) 
23 ms. Memory: 146944K Free: 108701K (74%)
!!!! Auto was marked as failing, but now passes
------------------ testing $PTII/ptolemy/domains/de/test/auto/knownFailedTests/dependencyLoop2.xml (Known Failure) 
7 ms. Memory: 146944K Free: 106818K (73%)


==== $PTIIhome/travis/build/icyphy/ptII/ptolemy/domains/de/test/../../../../: Auto Automatic test in file $PTII/ptolemy/domains/de/test/auto/knownFailedTests/dependencyLoop2.xml
==== Contents of test case:

	    # FIXME: we should use $relativeFilename here, but it
	    # might have backslashes under Windows, which causes no end
	    # of trouble.
	    createAndExecute $file
	    list {}
	
.... Test generated KNOWN error:
    while executing
ptolemy.kernel.util.IllegalActionException: Found a zero delay loop containing .dependencyLoop2.original
  in .dependencyLoop2 and .dependencyLoop2.original
	at ptolemy.actor.util.CausalityInterfaceForComposites._computeOutputPortDepth(CausalityInterfaceForComposites.java:759)
	at ptolemy.actor.util.CausalityInterfaceForComposites._computeInputDepth(CausalityInterfaceForComposites.java:696)
	at ptolemy.actor.util.CausalityInterfaceForComposites._computeOutputPortDepth(CausalityInterfaceForComposites.java:765)
	at ptolemy.actor.util.CausalityInterfaceForComposites._computeInputDepth(CausalityInterfaceForComposites.java:696)
	at ptolemy.actor.util.CausalityInterfaceForComposites._computeOutputPortDepth(CausalityInterfaceForComposites.java:765)
	at ptolemy.actor.util.CausalityInterfaceForComposites._computeInputDepth(CausalityInterfaceForComposites.java:696)
	at ptolemy.actor.util.CausalityInterfaceForComposites._computeActorDepth(CausalityInterfaceForComposites.java:532)
	at ptolemy.actor.util.CausalityInterfaceForComposites.checkForCycles(CausalityInterfaceForComposites.java:96)
	at ptolemy.domains.de.kernel.DEDirector.preinitialize(DEDirector.java:1337)
	at ptolemy.actor.CompositeActor.preinitialize(CompositeActor.java:1828)
	at ptolemy.actor.Manager.preinitializeAndResolveTypes(Manager.java:1040)
	at ptolemy.actor.Manager.initialize(Manager.java:710)
	at ptolemy.actor.Manager.execute(Manager.java:356)
	at ptolemy.actor.Manager.run(Manager.java:1263)
	at ptolemy.actor.Manager$PtolemyRunThread.run(Manager.java:1915)

    while executing
ptolemy.kernel.util.IllegalActionException: Found a zero delay loop containing .dependencyLoop2.original
  in .dependencyLoop2 and .dependencyLoop2.original
    while executing
"java::new ptolemy.moml.MoMLSimpleApplication $file
"
    (procedure "createAndExecute" line 2)
    invoked from within
"createAndExecute $file"
    ("uplevel" body line 5)
    invoked from within
"uplevel $contents_of_test"
------------------ testing $PTII/ptolemy/domains/de/test/auto/knownFailedTests/HierarchicalModel.xml (Known Failure) 
6 ms. Memory: 146944K Free: 86203K (59%)


==== $PTIIhome/travis/build/icyphy/ptII/ptolemy/domains/de/test/../../../../: Auto Automatic test in file $PTII/ptolemy/domains/de/test/auto/knownFailedTests/HierarchicalModel.xml
==== Contents of test case:

	    # FIXME: we should use $relativeFilename here, but it
	    # might have backslashes under Windows, which causes no end
	    # of trouble.
	    createAndExecute $file
	    list {}
	
.... Test generated KNOWN error:
    while executing
ptolemy.kernel.util.IllegalActionException: Found a zero delay loop containing .HierarchicalModel.A
  in .HierarchicalModel and .HierarchicalModel.A
	at ptolemy.actor.util.CausalityInterfaceForComposites._computeOutputPortDepth(CausalityInterfaceForComposites.java:759)
	at ptolemy.actor.util.CausalityInterfaceForComposites._computeInputDepth(CausalityInterfaceForComposites.java:696)
	at ptolemy.actor.util.CausalityInterfaceForComposites._computeOutputPortDepth(CausalityInterfaceForComposites.java:765)
	at ptolemy.actor.util.CausalityInterfaceForComposites._computeInputDepth(CausalityInterfaceForComposites.java:696)
	at ptolemy.actor.util.CausalityInterfaceForComposites._computeOutputPortDepth(CausalityInterfaceForComposites.java:765)
	at ptolemy.actor.util.CausalityInterfaceForComposites._computeInputDepth(CausalityInterfaceForComposites.java:696)
	at ptolemy.actor.util.CausalityInterfaceForComposites._computeActorDepth(CausalityInterfaceForComposites.java:532)
	at ptolemy.actor.util.CausalityInterfaceForComposites.checkForCycles(CausalityInterfaceForComposites.java:96)
	at ptolemy.domains.de.kernel.DEDirector.preinitialize(DEDirector.java:1337)
	at ptolemy.actor.CompositeActor.preinitialize(CompositeActor.java:1828)
	at ptolemy.actor.Manager.preinitializeAndResolveTypes(Manager.java:1040)
	at ptolemy.actor.Manager.initialize(Manager.java:710)
	at ptolemy.actor.Manager.execute(Manager.java:356)
	at ptolemy.actor.Manager.run(Manager.java:1263)
	at ptolemy.actor.Manager$PtolemyRunThread.run(Manager.java:1915)

    while executing
ptolemy.kernel.util.IllegalActionException: Found a zero delay loop containing .HierarchicalModel.A
  in .HierarchicalModel and .HierarchicalModel.A
    while executing
"java::new ptolemy.moml.MoMLSimpleApplication $file
"
    (procedure "createAndExecute" line 2)
    invoked from within
"createAndExecute $file"
    ("uplevel" body line 5)
    invoked from within
"uplevel $contents_of_test"
------------------ testing $PTII/ptolemy/domains/de/test/auto/knownFailedTests/DirectFeedback.xml (Known Failure) 
13 ms. Memory: 146944K Free: 142591K (97%)


==== $PTIIhome/travis/build/icyphy/ptII/ptolemy/domains/de/test/../../../../: Auto Automatic test in file $PTII/ptolemy/domains/de/test/auto/knownFailedTests/DirectFeedback.xml
==== Contents of test case:

	    # FIXME: we should use $relativeFilename here, but it
	    # might have backslashes under Windows, which causes no end
	    # of trouble.
	    createAndExecute $file
	    list {}
	
.... Test generated KNOWN error:
    while executing
ptolemy.kernel.util.IllegalActionException: Test fails in iteration 1.
Value was: 1.0. Should have been: 2.0
  in .DirectFeedback.Test
	at ptolemy.actor.lib.Test.fire(Test.java:268)
	at ptolemy.domains.de.kernel.DEDirector._fire(DEDirector.java:1948)
	at ptolemy.domains.de.kernel.DEDirector.fire(DEDirector.java:502)
	at ptolemy.actor.CompositeActor.fire(CompositeActor.java:455)
	at ptolemy.actor.Manager.iterate(Manager.java:851)
	at ptolemy.actor.Manager.execute(Manager.java:369)
	at ptolemy.actor.Manager.run(Manager.java:1263)
	at ptolemy.actor.Manager$PtolemyRunThread.run(Manager.java:1915)

    while executing
ptolemy.kernel.util.IllegalActionException: Test fails in iteration 1.
Value was: 1.0. Should have been: 2.0
  in .DirectFeedback.Test
    while executing
"java::new ptolemy.moml.MoMLSimpleApplication $file
"
    (procedure "createAndExecute" line 2)
    invoked from within
"createAndExecute $file"
    ("uplevel" body line 5)
    invoked from within
"uplevel $contents_of_test"
------------------ testing $PTII/ptolemy/domains/de/test/auto/ActorDepthCalculation_actorWithoutPorts.xml
auto.tcl: Setting watchdog for 200 seconds at Tue May 15 20:14:13 UTC 2018
7 ms. Memory: 146944K Free: 133664K (91%)
ptolemy.util.test.WatchDog.cancel(): canceling Tue May 15 20:14:13 UTC 2018
auto.tcl: Setting watchdog for 200 seconds at Tue May 15 20:14:13 UTC 2018
5 ms. Memory: 146944K Free: 132631K (90%)
ptolemy.util.test.WatchDog.cancel(): canceling Tue May 15 20:14:13 UTC 2018
------------------ testing $PTII/ptolemy/domains/de/test/auto/AssemblyLine.xml
auto.tcl: Setting watchdog for 200 seconds at Tue May 15 20:14:13 UTC 2018
24 ms. Memory: 208384K Free: 186405K (89%)
ptolemy.util.test.WatchDog.cancel(): canceling Tue May 15 20:14:13 UTC 2018
auto.tcl: Setting watchdog for 200 seconds at Tue May 15 20:14:13 UTC 2018
11 ms. Memory: 208384K Free: 186405K (89%)
ptolemy.util.test.WatchDog.cancel(): canceling Tue May 15 20:14:13 UTC 2018
------------------ testing $PTII/ptolemy/domains/de/test/auto/CQBug1.xml
auto.tcl: Setting watchdog for 200 seconds at Tue May 15 20:14:13 UTC 2018
6 ms. Memory: 208384K Free: 197761K (95%)
ptolemy.util.test.WatchDog.cancel(): canceling Tue May 15 20:14:13 UTC 2018
auto.tcl: Setting watchdog for 200 seconds at Tue May 15 20:14:13 UTC 2018
2 ms. Memory: 208384K Free: 197761K (95%)
ptolemy.util.test.WatchDog.cancel(): canceling Tue May 15 20:14:13 UTC 2018
------------------ testing $PTII/ptolemy/domains/de/test/auto/CancelFireAt.xml
auto.tcl: Setting watchdog for 200 seconds at Tue May 15 20:14:13 UTC 2018
11 ms. Memory: 208384K Free: 201126K (97%)
ptolemy.util.test.WatchDog.cancel(): canceling Tue May 15 20:14:13 UTC 2018
auto.tcl: Setting watchdog for 200 seconds at Tue May 15 20:14:13 UTC 2018
8 ms. Memory: 208384K Free: 199044K (96%)
ptolemy.util.test.WatchDog.cancel(): canceling Tue May 15 20:14:13 UTC 2018
------------------ testing $PTII/ptolemy/domains/de/test/auto/CausalityAndComposabilityAnalysis.xml
auto.tcl: Setting watchdog for 200 seconds at Tue May 15 20:14:13 UTC 2018
20 ms. Memory: 208384K Free: 196559K (94%)
ptolemy.util.test.WatchDog.cancel(): canceling Tue May 15 20:14:14 UTC 2018
auto.tcl: Setting watchdog for 200 seconds at Tue May 15 20:14:14 UTC 2018
5 ms. Memory: 208384K Free: 196559K (94%)
ptolemy.util.test.WatchDog.cancel(): canceling Tue May 15 20:14:14 UTC 2018
------------------ testing $PTII/ptolemy/domains/de/test/auto/CausalityInterface1.xml
auto.tcl: Setting watchdog for 200 seconds at Tue May 15 20:14:14 UTC 2018
18 ms. Memory: 208384K Free: 196495K (94%)
ptolemy.util.test.WatchDog.cancel(): canceling Tue May 15 20:14:14 UTC 2018
auto.tcl: Setting watchdog for 200 seconds at Tue May 15 20:14:14 UTC 2018
4 ms. Memory: 208384K Free: 196495K (94%)
ptolemy.util.test.WatchDog.cancel(): canceling Tue May 15 20:14:14 UTC 2018
------------------ testing $PTII/ptolemy/domains/de/test/auto/CausalityInterface15.xml
auto.tcl: Setting watchdog for 200 seconds at Tue May 15 20:14:14 UTC 2018
14 ms. Memory: 208384K Free: 196484K (94%)
ptolemy.util.test.WatchDog.cancel(): canceling Tue May 15 20:14:14 UTC 2018
auto.tcl: Setting watchdog for 200 seconds at Tue May 15 20:14:14 UTC 2018
4 ms. Memory: 208384K Free: 194402K (93%)
ptolemy.util.test.WatchDog.cancel(): canceling Tue May 15 20:14:14 UTC 2018
------------------ testing $PTII/ptolemy/domains/de/test/auto/CausalityInterface2.xml
auto.tcl: Setting watchdog for 200 seconds at Tue May 15 20:14:14 UTC 2018
5 ms. Memory: 208384K Free: 196468K (94%)
ptolemy.util.test.WatchDog.cancel(): canceling Tue May 15 20:14:14 UTC 2018
auto.tcl: Setting watchdog for 200 seconds at Tue May 15 20:14:14 UTC 2018
3 ms. Memory: 208384K Free: 196468K (94%)
ptolemy.util.test.WatchDog.cancel(): canceling Tue May 15 20:14:14 UTC 2018
------------------ testing $PTII/ptolemy/domains/de/test/auto/CausalityInterface3.xml
auto.tcl: Setting watchdog for 200 seconds at Tue May 15 20:14:14 UTC 2018
7 ms. Memory: 208384K Free: 196481K (94%)
ptolemy.util.test.WatchDog.cancel(): canceling Tue May 15 20:14:14 UTC 2018
auto.tcl: Setting watchdog for 200 seconds at Tue May 15 20:14:14 UTC 2018
9 ms. Memory: 208384K Free: 196481K (94%)
ptolemy.util.test.WatchDog.cancel(): canceling Tue May 15 20:14:14 UTC 2018
------------------ testing $PTII/ptolemy/domains/de/test/auto/ClockDrift.xml
auto.tcl: Setting watchdog for 200 seconds at Tue May 15 20:14:14 UTC 2018
96 ms. Memory: 208384K Free: 187767K (90%)
ptolemy.util.test.WatchDog.cancel(): canceling Tue May 15 20:14:14 UTC 2018
auto.tcl: Setting watchdog for 200 seconds at Tue May 15 20:14:14 UTC 2018
84 ms. Memory: 208384K Free: 185685K (89%)
ptolemy.util.test.WatchDog.cancel(): canceling Tue May 15 20:14:14 UTC 2018
------------------ testing $PTII/ptolemy/domains/de/test/auto/ClockDriftAndValueChange.xml
auto.tcl: Setting watchdog for 200 seconds at Tue May 15 20:14:14 UTC 2018
28 ms. Memory: 208384K Free: 187602K (90%)
ptolemy.util.test.WatchDog.cancel(): canceling Tue May 15 20:14:14 UTC 2018
auto.tcl: Setting watchdog for 200 seconds at Tue May 15 20:14:14 UTC 2018
46 ms. Memory: 208384K Free: 185520K (89%)
ptolemy.util.test.WatchDog.cancel(): canceling Tue May 15 20:14:14 UTC 2018
------------------ testing $PTII/ptolemy/domains/de/test/auto/ClockDriftChange.xml
auto.tcl: Setting watchdog for 200 seconds at Tue May 15 20:14:15 UTC 2018
48 ms. Memory: 208384K Free: 190909K (92%)
ptolemy.util.test.WatchDog.cancel(): canceling Tue May 15 20:14:15 UTC 2018
auto.tcl: Setting watchdog for 200 seconds at Tue May 15 20:14:15 UTC 2018
34 ms. Memory: 208384K Free: 188827K (91%)
ptolemy.util.test.WatchDog.cancel(): canceling Tue May 15 20:14:15 UTC 2018
------------------ testing $PTII/ptolemy/domains/de/test/auto/ComposableCausalityAnalysis.xml
auto.tcl: Setting watchdog for 200 seconds at Tue May 15 20:14:15 UTC 2018
4 ms. Memory: 208384K Free: 196337K (94%)
ptolemy.util.test.WatchDog.cancel(): canceling Tue May 15 20:14:15 UTC 2018
auto.tcl: Setting watchdog for 200 seconds at Tue May 15 20:14:15 UTC 2018
2 ms. Memory: 208384K Free: 194255K (93%)
ptolemy.util.test.WatchDog.cancel(): canceling Tue May 15 20:14:15 UTC 2018
------------------ testing $PTII/ptolemy/domains/de/test/auto/DEFixedPointLimitation.xml
auto.tcl: Setting watchdog for 200 seconds at Tue May 15 20:14:15 UTC 2018
2 ms. Memory: 208384K Free: 196418K (94%)
ptolemy.util.test.WatchDog.cancel(): canceling Tue May 15 20:14:15 UTC 2018
auto.tcl: Setting watchdog for 200 seconds at Tue May 15 20:14:15 UTC 2018
2 ms. Memory: 208384K Free: 196418K (94%)
ptolemy.util.test.WatchDog.cancel(): canceling Tue May 15 20:14:15 UTC 2018
------------------ testing $PTII/ptolemy/domains/de/test/auto/DEScheduleTest.xml
auto.tcl: Setting watchdog for 200 seconds at Tue May 15 20:14:15 UTC 2018
4 ms. Memory: 208384K Free: 198535K (95%)
ptolemy.util.test.WatchDog.cancel(): canceling Tue May 15 20:14:15 UTC 2018
auto.tcl: Setting watchdog for 200 seconds at Tue May 15 20:14:15 UTC 2018
6 ms. Memory: 208384K Free: 196453K (94%)
ptolemy.util.test.WatchDog.cancel(): canceling Tue May 15 20:14:15 UTC 2018
------------------ testing $PTII/ptolemy/domains/de/test/auto/DEinDEwithStartTimes.xml
auto.tcl: Setting watchdog for 200 seconds at Tue May 15 20:14:15 UTC 2018
7 ms. Memory: 208384K Free: 196423K (94%)
ptolemy.util.test.WatchDog.cancel(): canceling Tue May 15 20:14:15 UTC 2018
auto.tcl: Setting watchdog for 200 seconds at Tue May 15 20:14:15 UTC 2018
6 ms. Memory: 208384K Free: 194341K (93%)
ptolemy.util.test.WatchDog.cancel(): canceling Tue May 15 20:14:15 UTC 2018
------------------ testing $PTII/ptolemy/domains/de/test/auto/DEinDEwithStartTimes2.xml
auto.tcl: Setting watchdog for 200 seconds at Tue May 15 20:14:15 UTC 2018
4 ms. Memory: 208384K Free: 196402K (94%)
ptolemy.util.test.WatchDog.cancel(): canceling Tue May 15 20:14:15 UTC 2018
auto.tcl: Setting watchdog for 200 seconds at Tue May 15 20:14:15 UTC 2018
5 ms. Memory: 208384K Free: 194320K (93%)
ptolemy.util.test.WatchDog.cancel(): canceling Tue May 15 20:14:15 UTC 2018
------------------ testing $PTII/ptolemy/domains/de/test/auto/DateDemo.xml
auto.tcl: Setting watchdog for 200 seconds at Tue May 15 20:14:15 UTC 2018
11 ms. Memory: 208384K Free: 188901K (91%)
ptolemy.util.test.WatchDog.cancel(): canceling Tue May 15 20:14:15 UTC 2018
auto.tcl: Setting watchdog for 200 seconds at Tue May 15 20:14:15 UTC 2018
8 ms. Memory: 208384K Free: 186819K (90%)
ptolemy.util.test.WatchDog.cancel(): canceling Tue May 15 20:14:15 UTC 2018
------------------ testing $PTII/ptolemy/domains/de/test/auto/DateToEvent.xml
auto.tcl: Setting watchdog for 200 seconds at Tue May 15 20:14:15 UTC 2018
2010 ms. Memory: 208384K Free: 183670K (88%)
ptolemy.util.test.WatchDog.cancel(): canceling Tue May 15 20:14:17 UTC 2018
auto.tcl: Setting watchdog for 200 seconds at Tue May 15 20:14:17 UTC 2018
2008 ms. Memory: 208384K Free: 181212K (87%)
ptolemy.util.test.WatchDog.cancel(): canceling Tue May 15 20:14:19 UTC 2018
------------------ testing $PTII/ptolemy/domains/de/test/auto/DepthTest1.xml
auto.tcl: Setting watchdog for 200 seconds at Tue May 15 20:14:19 UTC 2018
2 ms. Memory: 208384K Free: 198062K (95%)
ptolemy.util.test.WatchDog.cancel(): canceling Tue May 15 20:14:19 UTC 2018
auto.tcl: Setting watchdog for 200 seconds at Tue May 15 20:14:19 UTC 2018
7 ms. Memory: 208384K Free: 198062K (95%)
ptolemy.util.test.WatchDog.cancel(): canceling Tue May 15 20:14:19 UTC 2018
------------------ testing $PTII/ptolemy/domains/de/test/auto/DepthTest2.xml
auto.tcl: Setting watchdog for 200 seconds at Tue May 15 20:14:20 UTC 2018
4 ms. Memory: 208384K Free: 194299K (93%)
ptolemy.util.test.WatchDog.cancel(): canceling Tue May 15 20:14:20 UTC 2018
auto.tcl: Setting watchdog for 200 seconds at Tue May 15 20:14:20 UTC 2018
4 ms. Memory: 208384K Free: 194299K (93%)
ptolemy.util.test.WatchDog.cancel(): canceling Tue May 15 20:14:20 UTC 2018
------------------ testing $PTII/ptolemy/domains/de/test/auto/DepthTest3.xml
auto.tcl: Setting watchdog for 200 seconds at Tue May 15 20:14:20 UTC 2018
2 ms. Memory: 208384K Free: 198397K (95%)
ptolemy.util.test.WatchDog.cancel(): canceling Tue May 15 20:14:20 UTC 2018
auto.tcl: Setting watchdog for 200 seconds at Tue May 15 20:14:20 UTC 2018
2 ms. Memory: 208384K Free: 198397K (95%)
ptolemy.util.test.WatchDog.cancel(): canceling Tue May 15 20:14:20 UTC 2018
------------------ testing $PTII/ptolemy/domains/de/test/auto/DepthTest4.xml
auto.tcl: Setting watchdog for 200 seconds at Tue May 15 20:14:20 UTC 2018
4 ms. Memory: 208384K Free: 196402K (94%)
ptolemy.util.test.WatchDog.cancel(): canceling Tue May 15 20:14:20 UTC 2018
auto.tcl: Setting watchdog for 200 seconds at Tue May 15 20:14:20 UTC 2018
3 ms. Memory: 208384K Free: 196402K (94%)
ptolemy.util.test.WatchDog.cancel(): canceling Tue May 15 20:14:20 UTC 2018
------------------ testing $PTII/ptolemy/domains/de/test/auto/DepthTest5.xml
auto.tcl: Setting watchdog for 200 seconds at Tue May 15 20:14:20 UTC 2018
3 ms. Memory: 208384K Free: 196349K (94%)
ptolemy.util.test.WatchDog.cancel(): canceling Tue May 15 20:14:20 UTC 2018
auto.tcl: Setting watchdog for 200 seconds at Tue May 15 20:14:20 UTC 2018
4 ms. Memory: 208384K Free: 196349K (94%)
ptolemy.util.test.WatchDog.cancel(): canceling Tue May 15 20:14:20 UTC 2018
------------------ testing $PTII/ptolemy/domains/de/test/auto/DepthTest6.xml
auto.tcl: Setting watchdog for 200 seconds at Tue May 15 20:14:20 UTC 2018
9 ms. Memory: 208384K Free: 196664K (94%)
ptolemy.util.test.WatchDog.cancel(): canceling Tue May 15 20:14:20 UTC 2018
auto.tcl: Setting watchdog for 200 seconds at Tue May 15 20:14:20 UTC 2018
2 ms. Memory: 208384K Free: 196664K (94%)
ptolemy.util.test.WatchDog.cancel(): canceling Tue May 15 20:14:20 UTC 2018
------------------ testing $PTII/ptolemy/domains/de/test/auto/DepthTest7.xml
auto.tcl: Setting watchdog for 200 seconds at Tue May 15 20:14:20 UTC 2018
3 ms. Memory: 208384K Free: 196307K (94%)
ptolemy.util.test.WatchDog.cancel(): canceling Tue May 15 20:14:20 UTC 2018
auto.tcl: Setting watchdog for 200 seconds at Tue May 15 20:14:20 UTC 2018
3 ms. Memory: 208384K Free: 196307K (94%)
ptolemy.util.test.WatchDog.cancel(): canceling Tue May 15 20:14:20 UTC 2018
------------------ testing $PTII/ptolemy/domains/de/test/auto/EventToDate.xml
auto.tcl: Setting watchdog for 200 seconds at Tue May 15 20:14:20 UTC 2018
3011 ms. Memory: 208384K Free: 185919K (89%)
ptolemy.util.test.WatchDog.cancel(): canceling Tue May 15 20:14:23 UTC 2018
auto.tcl: Setting watchdog for 200 seconds at Tue May 15 20:14:23 UTC 2018
3006 ms. Memory: 208384K Free: 185919K (89%)
ptolemy.util.test.WatchDog.cancel(): canceling Tue May 15 20:14:26 UTC 2018
------------------ testing $PTII/ptolemy/domains/de/test/auto/FSM1.xml
auto.tcl: Setting watchdog for 200 seconds at Tue May 15 20:14:26 UTC 2018
34 ms. Memory: 208384K Free: 187313K (90%)
ptolemy.util.test.WatchDog.cancel(): canceling Tue May 15 20:14:26 UTC 2018
auto.tcl: Setting watchdog for 200 seconds at Tue May 15 20:14:26 UTC 2018
28 ms. Memory: 208384K Free: 185231K (89%)
ptolemy.util.test.WatchDog.cancel(): canceling Tue May 15 20:14:26 UTC 2018
------------------ testing $PTII/ptolemy/domains/de/test/auto/FSM7.xml
auto.tcl: Setting watchdog for 200 seconds at Tue May 15 20:14:26 UTC 2018
13 ms. Memory: 208384K Free: 187515K (90%)
ptolemy.util.test.WatchDog.cancel(): canceling Tue May 15 20:14:26 UTC 2018
auto.tcl: Setting watchdog for 200 seconds at Tue May 15 20:14:26 UTC 2018
14 ms. Memory: 208384K Free: 185434K (89%)
ptolemy.util.test.WatchDog.cancel(): canceling Tue May 15 20:14:26 UTC 2018
------------------ testing $PTII/ptolemy/domains/de/test/auto/Inspection.xml
auto.tcl: Setting watchdog for 200 seconds at Tue May 15 20:14:26 UTC 2018
45 ms. Memory: 208384K Free: 188730K (91%)
ptolemy.util.test.WatchDog.cancel(): canceling Tue May 15 20:14:26 UTC 2018
auto.tcl: Setting watchdog for 200 seconds at Tue May 15 20:14:26 UTC 2018
35 ms. Memory: 208384K Free: 186648K (90%)
ptolemy.util.test.WatchDog.cancel(): canceling Tue May 15 20:14:27 UTC 2018
------------------ testing $PTII/ptolemy/domains/de/test/auto/Iteration.xml
auto.tcl: Setting watchdog for 200 seconds at Tue May 15 20:14:27 UTC 2018
7 ms. Memory: 208384K Free: 194030K (93%)
ptolemy.util.test.WatchDog.cancel(): canceling Tue May 15 20:14:27 UTC 2018
auto.tcl: Setting watchdog for 200 seconds at Tue May 15 20:14:27 UTC 2018
8 ms. Memory: 208384K Free: 194030K (93%)
ptolemy.util.test.WatchDog.cancel(): canceling Tue May 15 20:14:27 UTC 2018
------------------ testing $PTII/ptolemy/domains/de/test/auto/LineFault.xml
auto.tcl: Setting watchdog for 200 seconds at Tue May 15 20:14:27 UTC 2018
841 ms. Memory: 208384K Free: 195123K (94%)
ptolemy.util.test.WatchDog.cancel(): canceling Tue May 15 20:14:28 UTC 2018
auto.tcl: Setting watchdog for 200 seconds at Tue May 15 20:14:28 UTC 2018
687 ms. Memory: 208384K Free: 137844K (66%)
ptolemy.util.test.WatchDog.cancel(): canceling Tue May 15 20:14:29 UTC 2018
------------------ testing $PTII/ptolemy/domains/de/test/auto/MergeModel1Add.xml
auto.tcl: Setting watchdog for 200 seconds at Tue May 15 20:14:29 UTC 2018
23 ms. Memory: 331264K Free: 303051K (91%)
ptolemy.util.test.WatchDog.cancel(): canceling Tue May 15 20:14:29 UTC 2018
auto.tcl: Setting watchdog for 200 seconds at Tue May 15 20:14:29 UTC 2018
13 ms. Memory: 331264K Free: 299156K (90%)
ptolemy.util.test.WatchDog.cancel(): canceling Tue May 15 20:14:29 UTC 2018
------------------ testing $PTII/ptolemy/domains/de/test/auto/MergeModel2Add.xml
auto.tcl: Setting watchdog for 200 seconds at Tue May 15 20:14:29 UTC 2018
9 ms. Memory: 331264K Free: 304422K (92%)
ptolemy.util.test.WatchDog.cancel(): canceling Tue May 15 20:14:29 UTC 2018
auto.tcl: Setting watchdog for 200 seconds at Tue May 15 20:14:29 UTC 2018
9 ms. Memory: 331264K Free: 300527K (91%)
ptolemy.util.test.WatchDog.cancel(): canceling Tue May 15 20:14:29 UTC 2018
------------------ testing $PTII/ptolemy/domains/de/test/auto/MergeModel3Add.xml
auto.tcl: Setting watchdog for 200 seconds at Tue May 15 20:14:29 UTC 2018
14 ms. Memory: 331264K Free: 304432K (92%)
ptolemy.util.test.WatchDog.cancel(): canceling Tue May 15 20:14:29 UTC 2018
auto.tcl: Setting watchdog for 200 seconds at Tue May 15 20:14:29 UTC 2018
12 ms. Memory: 331264K Free: 300538K (91%)
ptolemy.util.test.WatchDog.cancel(): canceling Tue May 15 20:14:29 UTC 2018
------------------ testing $PTII/ptolemy/domains/de/test/auto/MergeWithoutDiscard.xml
auto.tcl: Setting watchdog for 200 seconds at Tue May 15 20:14:29 UTC 2018
5 ms. Memory: 331264K Free: 316113K (95%)
ptolemy.util.test.WatchDog.cancel(): canceling Tue May 15 20:14:29 UTC 2018
auto.tcl: Setting watchdog for 200 seconds at Tue May 15 20:14:29 UTC 2018
1 ms. Memory: 331264K Free: 316113K (95%)
ptolemy.util.test.WatchDog.cancel(): canceling Tue May 15 20:14:29 UTC 2018
------------------ testing $PTII/ptolemy/domains/de/test/auto/Modal1.xml
auto.tcl: Setting watchdog for 200 seconds at Tue May 15 20:14:29 UTC 2018
13 ms. Memory: 331264K Free: 310075K (94%)
ptolemy.util.test.WatchDog.cancel(): canceling Tue May 15 20:14:29 UTC 2018
auto.tcl: Setting watchdog for 200 seconds at Tue May 15 20:14:29 UTC 2018
13 ms. Memory: 331264K Free: 306180K (92%)
ptolemy.util.test.WatchDog.cancel(): canceling Tue May 15 20:14:29 UTC 2018
------------------ testing $PTII/ptolemy/domains/de/test/auto/Modal2.xml
auto.tcl: Setting watchdog for 200 seconds at Tue May 15 20:14:29 UTC 2018
17 ms. Memory: 331264K Free: 309941K (94%)
ptolemy.util.test.WatchDog.cancel(): canceling Tue May 15 20:14:29 UTC 2018
auto.tcl: Setting watchdog for 200 seconds at Tue May 15 20:14:29 UTC 2018
14 ms. Memory: 331264K Free: 306046K (92%)
ptolemy.util.test.WatchDog.cancel(): canceling Tue May 15 20:14:29 UTC 2018
------------------ testing $PTII/ptolemy/domains/de/test/auto/Modal3.xml
auto.tcl: Setting watchdog for 200 seconds at Tue May 15 20:14:29 UTC 2018
16 ms. Memory: 331264K Free: 309948K (94%)
ptolemy.util.test.WatchDog.cancel(): canceling Tue May 15 20:14:29 UTC 2018
auto.tcl: Setting watchdog for 200 seconds at Tue May 15 20:14:29 UTC 2018
14 ms. Memory: 331264K Free: 306053K (92%)
ptolemy.util.test.WatchDog.cancel(): canceling Tue May 15 20:14:29 UTC 2018
------------------ testing $PTII/ptolemy/domains/de/test/auto/Modal4.xml
auto.tcl: Setting watchdog for 200 seconds at Tue May 15 20:14:29 UTC 2018
34 ms. Memory: 331264K Free: 309945K (94%)
ptolemy.util.test.WatchDog.cancel(): canceling Tue May 15 20:14:30 UTC 2018
auto.tcl: Setting watchdog for 200 seconds at Tue May 15 20:14:30 UTC 2018
15 ms. Memory: 331264K Free: 306050K (92%)
ptolemy.util.test.WatchDog.cancel(): canceling Tue May 15 20:14:30 UTC 2018
------------------ testing $PTII/ptolemy/domains/de/test/auto/Modal5.xml
auto.tcl: Setting watchdog for 200 seconds at Tue May 15 20:14:30 UTC 2018
21 ms. Memory: 331264K Free: 309931K (94%)
ptolemy.util.test.WatchDog.cancel(): canceling Tue May 15 20:14:30 UTC 2018
auto.tcl: Setting watchdog for 200 seconds at Tue May 15 20:14:30 UTC 2018
16 ms. Memory: 331264K Free: 306037K (92%)
ptolemy.util.test.WatchDog.cancel(): canceling Tue May 15 20:14:30 UTC 2018
------------------ testing $PTII/ptolemy/domains/de/test/auto/Modal6.xml
auto.tcl: Setting watchdog for 200 seconds at Tue May 15 20:14:30 UTC 2018
14 ms. Memory: 331264K Free: 309928K (94%)
ptolemy.util.test.WatchDog.cancel(): canceling Tue May 15 20:14:30 UTC 2018
auto.tcl: Setting watchdog for 200 seconds at Tue May 15 20:14:30 UTC 2018
17 ms. Memory: 331264K Free: 306034K (92%)
ptolemy.util.test.WatchDog.cancel(): canceling Tue May 15 20:14:30 UTC 2018
------------------ testing $PTII/ptolemy/domains/de/test/auto/Modal7.xml
auto.tcl: Setting watchdog for 200 seconds at Tue May 15 20:14:30 UTC 2018
10 ms. Memory: 331264K Free: 306034K (92%)
ptolemy.util.test.WatchDog.cancel(): canceling Tue May 15 20:14:30 UTC 2018
auto.tcl: Setting watchdog for 200 seconds at Tue May 15 20:14:30 UTC 2018
12 ms. Memory: 331264K Free: 306034K (92%)
ptolemy.util.test.WatchDog.cancel(): canceling Tue May 15 20:14:30 UTC 2018
------------------ testing $PTII/ptolemy/domains/de/test/auto/ModalModel.xml
auto.tcl: Setting watchdog for 200 seconds at Tue May 15 20:14:30 UTC 2018
197 ms. Memory: 331264K Free: 246602K (74%)
ptolemy.util.test.WatchDog.cancel(): canceling Tue May 15 20:14:30 UTC 2018
auto.tcl: Setting watchdog for 200 seconds at Tue May 15 20:14:30 UTC 2018
213 ms. Memory: 331264K Free: 188182K (57%)
ptolemy.util.test.WatchDog.cancel(): canceling Tue May 15 20:14:30 UTC 2018
------------------ testing $PTII/ptolemy/domains/de/test/auto/ModalSource.xml
auto.tcl: Setting watchdog for 200 seconds at Tue May 15 20:14:31 UTC 2018
7 ms. Memory: 331264K Free: 316592K (96%)
ptolemy.util.test.WatchDog.cancel(): canceling Tue May 15 20:14:31 UTC 2018
auto.tcl: Setting watchdog for 200 seconds at Tue May 15 20:14:31 UTC 2018
7 ms. Memory: 331264K Free: 313095K (95%)
ptolemy.util.test.WatchDog.cancel(): canceling Tue May 15 20:14:31 UTC 2018
------------------ testing $PTII/ptolemy/domains/de/test/auto/NonInterruptibleTimerZeroDelay.xml
auto.tcl: Setting watchdog for 200 seconds at Tue May 15 20:14:31 UTC 2018
4 ms. Memory: 331264K Free: 320927K (97%)
ptolemy.util.test.WatchDog.cancel(): canceling Tue May 15 20:14:31 UTC 2018
auto.tcl: Setting watchdog for 200 seconds at Tue May 15 20:14:31 UTC 2018
3 ms. Memory: 331264K Free: 317429K (96%)
ptolemy.util.test.WatchDog.cancel(): canceling Tue May 15 20:14:31 UTC 2018
------------------ testing $PTII/ptolemy/domains/de/test/auto/OpenQueueingNetwork.xml
auto.tcl: Setting watchdog for 200 seconds at Tue May 15 20:14:31 UTC 2018
3244 ms. Memory: 573952K Free: 421917K (74%)
ptolemy.util.test.WatchDog.cancel(): canceling Tue May 15 20:14:34 UTC 2018
auto.tcl: Setting watchdog for 200 seconds at Tue May 15 20:14:34 UTC 2018
2873 ms. Memory: 550912K Free: 326645K (59%)
ptolemy.util.test.WatchDog.cancel(): canceling Tue May 15 20:14:37 UTC 2018
------------------ testing $PTII/ptolemy/domains/de/test/auto/OpenQueuingNetwork.xml
auto.tcl: Setting watchdog for 200 seconds at Tue May 15 20:14:37 UTC 2018
275 ms. Memory: 549888K Free: 445577K (81%)
ptolemy.util.test.WatchDog.cancel(): canceling Tue May 15 20:14:37 UTC 2018
auto.tcl: Setting watchdog for 200 seconds at Tue May 15 20:14:37 UTC 2018
252 ms. Memory: 549888K Free: 385623K (70%)
ptolemy.util.test.WatchDog.cancel(): canceling Tue May 15 20:14:38 UTC 2018
------------------ testing $PTII/ptolemy/domains/de/test/auto/PeriodicSampler.xml
auto.tcl: Setting watchdog for 200 seconds at Tue May 15 20:14:38 UTC 2018
3 ms. Memory: 551936K Free: 532131K (96%)
ptolemy.util.test.WatchDog.cancel(): canceling Tue May 15 20:14:38 UTC 2018
auto.tcl: Setting watchdog for 200 seconds at Tue May 15 20:14:38 UTC 2018
2 ms. Memory: 551936K Free: 532131K (96%)
ptolemy.util.test.WatchDog.cancel(): canceling Tue May 15 20:14:38 UTC 2018
------------------ testing $PTII/ptolemy/domains/de/test/auto/PersistentIO.xml
auto.tcl: Setting watchdog for 200 seconds at Tue May 15 20:14:38 UTC 2018
5 ms. Memory: 549376K Free: 524712K (96%)
ptolemy.util.test.WatchDog.cancel(): canceling Tue May 15 20:14:38 UTC 2018
auto.tcl: Setting watchdog for 200 seconds at Tue May 15 20:14:38 UTC 2018
4 ms. Memory: 549376K Free: 524712K (96%)
ptolemy.util.test.WatchDog.cancel(): canceling Tue May 15 20:14:38 UTC 2018
------------------ testing $PTII/ptolemy/domains/de/test/auto/PortParameterResetOnInitialize.xml
auto.tcl: Setting watchdog for 200 seconds at Tue May 15 20:14:38 UTC 2018
3 ms. Memory: 551424K Free: 531851K (96%)
ptolemy.util.test.WatchDog.cancel(): canceling Tue May 15 20:14:38 UTC 2018
auto.tcl: Setting watchdog for 200 seconds at Tue May 15 20:14:38 UTC 2018
2 ms. Memory: 551424K Free: 531851K (96%)
ptolemy.util.test.WatchDog.cancel(): canceling Tue May 15 20:14:38 UTC 2018
------------------ testing $PTII/ptolemy/domains/de/test/auto/PortParameterUpdates.xml
auto.tcl: Setting watchdog for 200 seconds at Tue May 15 20:14:38 UTC 2018
8 ms. Memory: 549376K Free: 529936K (96%)
ptolemy.util.test.WatchDog.cancel(): canceling Tue May 15 20:14:38 UTC 2018
auto.tcl: Setting watchdog for 200 seconds at Tue May 15 20:14:38 UTC 2018
4 ms. Memory: 549376K Free: 524486K (95%)
ptolemy.util.test.WatchDog.cancel(): canceling Tue May 15 20:14:38 UTC 2018
------------------ testing $PTII/ptolemy/domains/de/test/auto/QueueAndServer.xml
auto.tcl: Setting watchdog for 200 seconds at Tue May 15 20:14:38 UTC 2018
18 ms. Memory: 551424K Free: 531177K (96%)
ptolemy.util.test.WatchDog.cancel(): canceling Tue May 15 20:14:38 UTC 2018
auto.tcl: Setting watchdog for 200 seconds at Tue May 15 20:14:38 UTC 2018
7 ms. Memory: 551424K Free: 531177K (96%)
ptolemy.util.test.WatchDog.cancel(): canceling Tue May 15 20:14:38 UTC 2018
------------------ testing $PTII/ptolemy/domains/de/test/auto/Records.xml
auto.tcl: Setting watchdog for 200 seconds at Tue May 15 20:14:38 UTC 2018
3 ms. Memory: 549376K Free: 534520K (97%)
ptolemy.util.test.WatchDog.cancel(): canceling Tue May 15 20:14:38 UTC 2018
auto.tcl: Setting watchdog for 200 seconds at Tue May 15 20:14:38 UTC 2018
3 ms. Memory: 549376K Free: 529070K (96%)
ptolemy.util.test.WatchDog.cancel(): canceling Tue May 15 20:14:38 UTC 2018
------------------ testing $PTII/ptolemy/domains/de/test/auto/ResetTransitionWithStartTime1.xml
auto.tcl: Setting watchdog for 200 seconds at Tue May 15 20:14:38 UTC 2018
15 ms. Memory: 551424K Free: 531358K (96%)
ptolemy.util.test.WatchDog.cancel(): canceling Tue May 15 20:14:38 UTC 2018
auto.tcl: Setting watchdog for 200 seconds at Tue May 15 20:14:38 UTC 2018
7 ms. Memory: 551424K Free: 531128K (96%)
ptolemy.util.test.WatchDog.cancel(): canceling Tue May 15 20:14:38 UTC 2018
------------------ testing $PTII/ptolemy/domains/de/test/auto/ResetTransitionWithStartTime2.xml
auto.tcl: Setting watchdog for 200 seconds at Tue May 15 20:14:38 UTC 2018
9 ms. Memory: 549376K Free: 529300K (96%)
ptolemy.util.test.WatchDog.cancel(): canceling Tue May 15 20:14:38 UTC 2018
auto.tcl: Setting watchdog for 200 seconds at Tue May 15 20:14:38 UTC 2018
8 ms. Memory: 549376K Free: 529300K (96%)
ptolemy.util.test.WatchDog.cancel(): canceling Tue May 15 20:14:38 UTC 2018
------------------ testing $PTII/ptolemy/domains/de/test/auto/ResetTransitionWithStartTime3.xml
auto.tcl: Setting watchdog for 200 seconds at Tue May 15 20:14:38 UTC 2018
5 ms. Memory: 550912K Free: 530475K (96%)
ptolemy.util.test.WatchDog.cancel(): canceling Tue May 15 20:14:38 UTC 2018
auto.tcl: Setting watchdog for 200 seconds at Tue May 15 20:14:38 UTC 2018
7 ms. Memory: 550912K Free: 530475K (96%)
ptolemy.util.test.WatchDog.cancel(): canceling Tue May 15 20:14:38 UTC 2018
------------------ testing $PTII/ptolemy/domains/de/test/auto/ResetTransitionWithStartTime4.xml
auto.tcl: Setting watchdog for 200 seconds at Tue May 15 20:14:38 UTC 2018
4 ms. Memory: 549376K Free: 528928K (96%)
ptolemy.util.test.WatchDog.cancel(): canceling Tue May 15 20:14:38 UTC 2018
auto.tcl: Setting watchdog for 200 seconds at Tue May 15 20:14:38 UTC 2018
4 ms. Memory: 549376K Free: 528928K (96%)
ptolemy.util.test.WatchDog.cancel(): canceling Tue May 15 20:14:38 UTC 2018
------------------ testing $PTII/ptolemy/domains/de/test/auto/ResettableTimer1.xml
auto.tcl: Setting watchdog for 200 seconds at Tue May 15 20:14:38 UTC 2018
3 ms. Memory: 550912K Free: 535926K (97%)
ptolemy.util.test.WatchDog.cancel(): canceling Tue May 15 20:14:38 UTC 2018
auto.tcl: Setting watchdog for 200 seconds at Tue May 15 20:14:38 UTC 2018
3 ms. Memory: 550912K Free: 535926K (97%)
ptolemy.util.test.WatchDog.cancel(): canceling Tue May 15 20:14:38 UTC 2018
------------------ testing $PTII/ptolemy/domains/de/test/auto/ResettableTimer2.xml
auto.tcl: Setting watchdog for 200 seconds at Tue May 15 20:14:39 UTC 2018
3 ms. Memory: 549376K Free: 534678K (97%)
ptolemy.util.test.WatchDog.cancel(): canceling Tue May 15 20:14:39 UTC 2018
auto.tcl: Setting watchdog for 200 seconds at Tue May 15 20:14:39 UTC 2018
2 ms. Memory: 549376K Free: 534678K (97%)
ptolemy.util.test.WatchDog.cancel(): canceling Tue May 15 20:14:39 UTC 2018
------------------ testing $PTII/ptolemy/domains/de/test/auto/ResettableTimer3.xml
auto.tcl: Setting watchdog for 200 seconds at Tue May 15 20:14:39 UTC 2018
3 ms. Memory: 550912K Free: 535983K (97%)
ptolemy.util.test.WatchDog.cancel(): canceling Tue May 15 20:14:39 UTC 2018
auto.tcl: Setting watchdog for 200 seconds at Tue May 15 20:14:39 UTC 2018
1 ms. Memory: 550912K Free: 535983K (97%)
ptolemy.util.test.WatchDog.cancel(): canceling Tue May 15 20:14:39 UTC 2018
------------------ testing $PTII/ptolemy/domains/de/test/auto/ResettableTimer4.xml
auto.tcl: Setting watchdog for 200 seconds at Tue May 15 20:14:39 UTC 2018
2 ms. Memory: 549376K Free: 534690K (97%)
ptolemy.util.test.WatchDog.cancel(): canceling Tue May 15 20:14:39 UTC 2018
auto.tcl: Setting watchdog for 200 seconds at Tue May 15 20:14:39 UTC 2018
1 ms. Memory: 549376K Free: 534690K (97%)
ptolemy.util.test.WatchDog.cancel(): canceling Tue May 15 20:14:39 UTC 2018
------------------ testing $PTII/ptolemy/domains/de/test/auto/ResettableTimer5.xml
auto.tcl: Setting watchdog for 200 seconds at Tue May 15 20:14:39 UTC 2018
2 ms. Memory: 550400K Free: 530803K (96%)
ptolemy.util.test.WatchDog.cancel(): canceling Tue May 15 20:14:39 UTC 2018
auto.tcl: Setting watchdog for 200 seconds at Tue May 15 20:14:39 UTC 2018
2 ms. Memory: 550400K Free: 530803K (96%)
ptolemy.util.test.WatchDog.cancel(): canceling Tue May 15 20:14:39 UTC 2018
------------------ testing $PTII/ptolemy/domains/de/test/auto/ResettableTimer6.xml
auto.tcl: Setting watchdog for 200 seconds at Tue May 15 20:14:39 UTC 2018
1 ms. Memory: 549376K Free: 534408K (97%)
ptolemy.util.test.WatchDog.cancel(): canceling Tue May 15 20:14:39 UTC 2018
auto.tcl: Setting watchdog for 200 seconds at Tue May 15 20:14:39 UTC 2018
2 ms. Memory: 549376K Free: 534408K (97%)
ptolemy.util.test.WatchDog.cancel(): canceling Tue May 15 20:14:39 UTC 2018
------------------ testing $PTII/ptolemy/domains/de/test/auto/ServerZeroDelay.xml
auto.tcl: Setting watchdog for 200 seconds at Tue May 15 20:14:39 UTC 2018
4 ms. Memory: 550400K Free: 535651K (97%)
ptolemy.util.test.WatchDog.cancel(): canceling Tue May 15 20:14:39 UTC 2018
auto.tcl: Setting watchdog for 200 seconds at Tue May 15 20:14:39 UTC 2018
7 ms. Memory: 550400K Free: 535651K (97%)
ptolemy.util.test.WatchDog.cancel(): canceling Tue May 15 20:14:39 UTC 2018
------------------ testing $PTII/ptolemy/domains/de/test/auto/SmartSender.xml
auto.tcl: Setting watchdog for 200 seconds at Tue May 15 20:14:39 UTC 2018
3002 ms. Memory: 549376K Free: 525264K (96%)
ptolemy.util.test.WatchDog.cancel(): canceling Tue May 15 20:14:42 UTC 2018
auto.tcl: Setting watchdog for 200 seconds at Tue May 15 20:14:42 UTC 2018
3003 ms. Memory: 549376K Free: 525264K (96%)
ptolemy.util.test.WatchDog.cancel(): canceling Tue May 15 20:14:45 UTC 2018
------------------ testing $PTII/ptolemy/domains/de/test/auto/ThreadedComposite.xml
auto.tcl: Setting watchdog for 200 seconds at Tue May 15 20:14:45 UTC 2018
310 ms. Memory: 550400K Free: 510459K (93%)
ptolemy.util.test.WatchDog.cancel(): canceling Tue May 15 20:14:45 UTC 2018
auto.tcl: Setting watchdog for 200 seconds at Tue May 15 20:14:45 UTC 2018
241 ms. Memory: 550400K Free: 490969K (89%)
ptolemy.util.test.WatchDog.cancel(): canceling Tue May 15 20:14:46 UTC 2018
------------------ testing $PTII/ptolemy/domains/de/test/auto/Time.xml
auto.tcl: Setting watchdog for 200 seconds at Tue May 15 20:14:46 UTC 2018
549 ms. Memory: 549376K Free: 482641K (88%)
ptolemy.util.test.WatchDog.cancel(): canceling Tue May 15 20:14:46 UTC 2018
auto.tcl: Setting watchdog for 200 seconds at Tue May 15 20:14:46 UTC 2018
490 ms. Memory: 549376K Free: 428138K (78%)
ptolemy.util.test.WatchDog.cancel(): canceling Tue May 15 20:14:47 UTC 2018
------------------ testing $PTII/ptolemy/domains/de/test/auto/TimeDelayZeroDelay.xml
auto.tcl: Setting watchdog for 200 seconds at Tue May 15 20:14:47 UTC 2018
2 ms. Memory: 550400K Free: 535339K (97%)
ptolemy.util.test.WatchDog.cancel(): canceling Tue May 15 20:14:47 UTC 2018
auto.tcl: Setting watchdog for 200 seconds at Tue May 15 20:14:47 UTC 2018
2 ms. Memory: 550400K Free: 535339K (97%)
ptolemy.util.test.WatchDog.cancel(): canceling Tue May 15 20:14:47 UTC 2018
------------------ testing $PTII/ptolemy/domains/de/test/auto/TimerZeroDelay.xml
auto.tcl: Setting watchdog for 200 seconds at Tue May 15 20:14:47 UTC 2018
5 ms. Memory: 549376K Free: 534589K (97%)
ptolemy.util.test.WatchDog.cancel(): canceling Tue May 15 20:14:47 UTC 2018
auto.tcl: Setting watchdog for 200 seconds at Tue May 15 20:14:47 UTC 2018
3 ms. Memory: 549376K Free: 534589K (97%)
ptolemy.util.test.WatchDog.cancel(): canceling Tue May 15 20:14:47 UTC 2018
------------------ testing $PTII/ptolemy/domains/de/test/auto/TimingParadox.xml
auto.tcl: Setting watchdog for 200 seconds at Tue May 15 20:14:47 UTC 2018
389 ms. Memory: 549888K Free: 469362K (85%)
ptolemy.util.test.WatchDog.cancel(): canceling Tue May 15 20:14:47 UTC 2018
auto.tcl: Setting watchdog for 200 seconds at Tue May 15 20:14:47 UTC 2018
390 ms. Memory: 549888K Free: 436661K (79%)
ptolemy.util.test.WatchDog.cancel(): canceling Tue May 15 20:14:48 UTC 2018
------------------ testing $PTII/ptolemy/domains/de/test/auto/TransferInputs.xml
auto.tcl: Setting watchdog for 200 seconds at Tue May 15 20:14:48 UTC 2018
2 ms. Memory: 549888K Free: 534002K (97%)
ptolemy.util.test.WatchDog.cancel(): canceling Tue May 15 20:14:48 UTC 2018
auto.tcl: Setting watchdog for 200 seconds at Tue May 15 20:14:48 UTC 2018
3 ms. Memory: 549888K Free: 534002K (97%)
ptolemy.util.test.WatchDog.cancel(): canceling Tue May 15 20:14:48 UTC 2018
------------------ testing $PTII/ptolemy/domains/de/test/auto/TransferOutputs2.xml
auto.tcl: Setting watchdog for 200 seconds at Tue May 15 20:14:48 UTC 2018
3 ms. Memory: 549376K Free: 529125K (96%)
ptolemy.util.test.WatchDog.cancel(): canceling Tue May 15 20:14:48 UTC 2018
auto.tcl: Setting watchdog for 200 seconds at Tue May 15 20:14:48 UTC 2018
4 ms. Memory: 549376K Free: 529125K (96%)
ptolemy.util.test.WatchDog.cancel(): canceling Tue May 15 20:14:48 UTC 2018
------------------ testing $PTII/ptolemy/domains/de/test/auto/Trilateration.xml
auto.tcl: Setting watchdog for 200 seconds at Tue May 15 20:14:48 UTC 2018
15252 ms. Memory: 453632K Free: 103860K (23%)
ptolemy.util.test.WatchDog.cancel(): canceling Tue May 15 20:15:04 UTC 2018
auto.tcl: Setting watchdog for 200 seconds at Tue May 15 20:15:04 UTC 2018
11157 ms. Memory: 331264K Free: 206696K (62%)
ptolemy.util.test.WatchDog.cancel(): canceling Tue May 15 20:15:16 UTC 2018
------------------ testing $PTII/ptolemy/domains/de/test/auto/TwoSigmaDelta.xml
auto.tcl: Setting watchdog for 200 seconds at Tue May 15 20:15:16 UTC 2018
2771 ms. Memory: 320000K Free: 275653K (86%)
ptolemy.util.test.WatchDog.cancel(): canceling Tue May 15 20:15:19 UTC 2018
auto.tcl: Setting watchdog for 200 seconds at Tue May 15 20:15:19 UTC 2018
2128 ms. Memory: 307712K Free: 270134K (88%)
ptolemy.util.test.WatchDog.cancel(): canceling Tue May 15 20:15:21 UTC 2018
------------------ testing $PTII/ptolemy/domains/de/test/auto/VariableDelay.xml
auto.tcl: Setting watchdog for 200 seconds at Tue May 15 20:15:21 UTC 2018
3 ms. Memory: 309760K Free: 288732K (93%)
ptolemy.util.test.WatchDog.cancel(): canceling Tue May 15 20:15:21 UTC 2018
auto.tcl: Setting watchdog for 200 seconds at Tue May 15 20:15:21 UTC 2018
2 ms. Memory: 309760K Free: 288732K (93%)
ptolemy.util.test.WatchDog.cancel(): canceling Tue May 15 20:15:21 UTC 2018
------------------ testing $PTII/ptolemy/domains/de/test/auto/VariableDelay2.xml
auto.tcl: Setting watchdog for 200 seconds at Tue May 15 20:15:21 UTC 2018
2 ms. Memory: 307712K Free: 293888K (96%)
ptolemy.util.test.WatchDog.cancel(): canceling Tue May 15 20:15:21 UTC 2018
auto.tcl: Setting watchdog for 200 seconds at Tue May 15 20:15:21 UTC 2018
2 ms. Memory: 307712K Free: 293888K (96%)
ptolemy.util.test.WatchDog.cancel(): canceling Tue May 15 20:15:21 UTC 2018
------------------ testing $PTII/ptolemy/domains/de/test/auto/VariableDelayZeroDelay.xml
auto.tcl: Setting watchdog for 200 seconds at Tue May 15 20:15:21 UTC 2018
2 ms. Memory: 309248K Free: 298815K (97%)
ptolemy.util.test.WatchDog.cancel(): canceling Tue May 15 20:15:21 UTC 2018
auto.tcl: Setting watchdog for 200 seconds at Tue May 15 20:15:21 UTC 2018
2 ms. Memory: 309248K Free: 295423K (96%)
ptolemy.util.test.WatchDog.cancel(): canceling Tue May 15 20:15:21 UTC 2018
------------------ testing $PTII/ptolemy/domains/de/test/auto/VariableDelayZeroDelay2.xml
auto.tcl: Setting watchdog for 200 seconds at Tue May 15 20:15:21 UTC 2018
2 ms. Memory: 307712K Free: 295014K (96%)
ptolemy.util.test.WatchDog.cancel(): canceling Tue May 15 20:15:21 UTC 2018
auto.tcl: Setting watchdog for 200 seconds at Tue May 15 20:15:21 UTC 2018
2 ms. Memory: 307712K Free: 291638K (95%)
ptolemy.util.test.WatchDog.cancel(): canceling Tue May 15 20:15:21 UTC 2018
------------------ testing $PTII/ptolemy/domains/de/test/auto/deInCt.xml
auto.tcl: Setting watchdog for 200 seconds at Tue May 15 20:15:21 UTC 2018
0
1
1
1
0
0
0
0
1
1
1
0
0
0
1
1
1
0
0
0
0
1
1
1
1
0
0
0
1
1
1
1
0
0
1
1
1
0
0
0
0
0
22 ms. Memory: 309248K Free: 293155K (95%)
ptolemy.util.test.WatchDog.cancel(): canceling Tue May 15 20:15:21 UTC 2018
auto.tcl: Setting watchdog for 200 seconds at Tue May 15 20:15:21 UTC 2018
0
1
1
1
1
1
0
0
0
1
1
1
1
0
0
0
0
1
1
1
0
0
0
1
1
1
0
0
0
1
1
0
0
0
1
1
1
0
0
1
1
1
1
7 ms. Memory: 309248K Free: 293155K (95%)
ptolemy.util.test.WatchDog.cancel(): canceling Tue May 15 20:15:21 UTC 2018
------------------ testing $PTII/ptolemy/domains/de/test/auto/deInCt2.xml
auto.tcl: Setting watchdog for 200 seconds at Tue May 15 20:15:21 UTC 2018
0
1
1
1
0
0
1
1
1
0
0
1
1
1
0
0
1
1
1
0
0
1
1
1
0
0
1
1
1
0
0
1
1
1
0
0
1
1
1
0
0
0
10 ms. Memory: 307712K Free: 291611K (95%)
ptolemy.util.test.WatchDog.cancel(): canceling Tue May 15 20:15:21 UTC 2018
auto.tcl: Setting watchdog for 200 seconds at Tue May 15 20:15:21 UTC 2018
0
1
1
1
0
0
1
1
1
0
0
1
1
1
0
0
1
1
1
0
0
1
1
1
0
0
1
1
1
0
0
1
1
1
0
0
1
1
1
0
0
0
15 ms. Memory: 307712K Free: 291611K (95%)
ptolemy.util.test.WatchDog.cancel(): canceling Tue May 15 20:15:21 UTC 2018
------------------ testing $PTII/ptolemy/domains/de/test/auto/dynamicCausalityInterface1.xml
auto.tcl: Setting watchdog for 200 seconds at Tue May 15 20:15:21 UTC 2018
3 ms. Memory: 308736K Free: 289263K (94%)
ptolemy.util.test.WatchDog.cancel(): canceling Tue May 15 20:15:21 UTC 2018
auto.tcl: Setting watchdog for 200 seconds at Tue May 15 20:15:21 UTC 2018
1 ms. Memory: 308736K Free: 289263K (94%)
ptolemy.util.test.WatchDog.cancel(): canceling Tue May 15 20:15:21 UTC 2018
------------------ testing $PTII/ptolemy/domains/de/test/auto/fsm_de_test.xml
auto.tcl: Setting watchdog for 200 seconds at Tue May 15 20:15:22 UTC 2018
10 ms. Memory: 307712K Free: 288142K (94%)
ptolemy.util.test.WatchDog.cancel(): canceling Tue May 15 20:15:22 UTC 2018
auto.tcl: Setting watchdog for 200 seconds at Tue May 15 20:15:22 UTC 2018
13 ms. Memory: 307712K Free: 288142K (94%)
ptolemy.util.test.WatchDog.cancel(): canceling Tue May 15 20:15:22 UTC 2018
------------------ testing $PTII/ptolemy/domains/de/test/auto/functionDependencyReconstruction.xml
auto.tcl: Setting watchdog for 200 seconds at Tue May 15 20:15:22 UTC 2018
2 ms. Memory: 308736K Free: 282390K (91%)
ptolemy.util.test.WatchDog.cancel(): canceling Tue May 15 20:15:22 UTC 2018
auto.tcl: Setting watchdog for 200 seconds at Tue May 15 20:15:22 UTC 2018
4 ms. Memory: 308736K Free: 279006K (90%)
ptolemy.util.test.WatchDog.cancel(): canceling Tue May 15 20:15:22 UTC 2018
------------------ testing $PTII/ptolemy/domains/de/test/auto/multirate.xml
auto.tcl: Setting watchdog for 200 seconds at Tue May 15 20:15:22 UTC 2018
4 ms. Memory: 307712K Free: 291377K (95%)
ptolemy.util.test.WatchDog.cancel(): canceling Tue May 15 20:15:22 UTC 2018
auto.tcl: Setting watchdog for 200 seconds at Tue May 15 20:15:22 UTC 2018
4 ms. Memory: 307712K Free: 287993K (94%)
ptolemy.util.test.WatchDog.cancel(): canceling Tue May 15 20:15:22 UTC 2018
------------------ testing $PTII/ptolemy/domains/de/test/auto/multirate2.xml
auto.tcl: Setting watchdog for 200 seconds at Tue May 15 20:15:22 UTC 2018
9 ms. Memory: 308736K Free: 292597K (95%)
ptolemy.util.test.WatchDog.cancel(): canceling Tue May 15 20:15:22 UTC 2018
auto.tcl: Setting watchdog for 200 seconds at Tue May 15 20:15:22 UTC 2018
3 ms. Memory: 308736K Free: 289222K (94%)
ptolemy.util.test.WatchDog.cancel(): canceling Tue May 15 20:15:22 UTC 2018
------------------ testing $PTII/ptolemy/domains/de/test/auto/realtime.xml
auto.tcl: Setting watchdog for 200 seconds at Tue May 15 20:15:22 UTC 2018
10001 ms. Memory: 307712K Free: 291555K (95%)
ptolemy.util.test.WatchDog.cancel(): canceling Tue May 15 20:15:32 UTC 2018
auto.tcl: Setting watchdog for 200 seconds at Tue May 15 20:15:32 UTC 2018
10002 ms. Memory: 307712K Free: 291555K (95%)
ptolemy.util.test.WatchDog.cancel(): canceling Tue May 15 20:15:42 UTC 2018
------------------ testing $PTII/ptolemy/domains/de/test/auto/relationGroup.xml
auto.tcl: Setting watchdog for 200 seconds at Tue May 15 20:15:42 UTC 2018
1 ms. Memory: 308224K Free: 297757K (97%)
ptolemy.util.test.WatchDog.cancel(): canceling Tue May 15 20:15:42 UTC 2018
auto.tcl: Setting watchdog for 200 seconds at Tue May 15 20:15:42 UTC 2018
2 ms. Memory: 308224K Free: 297757K (97%)
ptolemy.util.test.WatchDog.cancel(): canceling Tue May 15 20:15:42 UTC 2018
------------------ testing $PTII/ptolemy/domains/de/test/auto/relationGroup2.xml
auto.tcl: Setting watchdog for 200 seconds at Tue May 15 20:15:42 UTC 2018
1 ms. Memory: 307712K Free: 295009K (96%)
ptolemy.util.test.WatchDog.cancel(): canceling Tue May 15 20:15:42 UTC 2018
auto.tcl: Setting watchdog for 200 seconds at Tue May 15 20:15:42 UTC 2018
2 ms. Memory: 307712K Free: 295009K (96%)
ptolemy.util.test.WatchDog.cancel(): canceling Tue May 15 20:15:42 UTC 2018
------------------ testing $PTII/ptolemy/domains/de/test/auto/sortWithOpaquePorts.xml
auto.tcl: Setting watchdog for 200 seconds at Tue May 15 20:15:42 UTC 2018
6 ms. Memory: 308224K Free: 292127K (95%)
ptolemy.util.test.WatchDog.cancel(): canceling Tue May 15 20:15:42 UTC 2018
auto.tcl: Setting watchdog for 200 seconds at Tue May 15 20:15:42 UTC 2018
2 ms. Memory: 308224K Free: 292127K (95%)
ptolemy.util.test.WatchDog.cancel(): canceling Tue May 15 20:15:42 UTC 2018
------------------ testing $PTII/ptolemy/domains/de/test/auto/transferInputsandOutputs.xml
auto.tcl: Setting watchdog for 200 seconds at Tue May 15 20:15:42 UTC 2018
1 ms. Memory: 307712K Free: 291605K (95%)
ptolemy.util.test.WatchDog.cancel(): canceling Tue May 15 20:15:42 UTC 2018
auto.tcl: Setting watchdog for 200 seconds at Tue May 15 20:15:42 UTC 2018
2 ms. Memory: 307712K Free: 288213K (94%)
ptolemy.util.test.WatchDog.cancel(): canceling Tue May 15 20:15:42 UTC 2018
------------------ testing $PTII/ptolemy/domains/de/test/auto/triggerType.xml
auto.tcl: Setting watchdog for 200 seconds at Tue May 15 20:15:42 UTC 2018
1 ms. Memory: 308224K Free: 295459K (96%)
ptolemy.util.test.WatchDog.cancel(): canceling Tue May 15 20:15:42 UTC 2018
auto.tcl: Setting watchdog for 200 seconds at Tue May 15 20:15:42 UTC 2018
2 ms. Memory: 308224K Free: 292067K (95%)
ptolemy.util.test.WatchDog.cancel(): canceling Tue May 15 20:15:42 UTC 2018
05/15/18 08:15:42
Failed: 0  Total Tests: 192  ((Passed: 187, Newly Passed: 1)  Known Failed: 5) /home/travis/build/icyphy/ptII/ptolemy/domains/de/test
05/15/18 08:15:42
Failed: 0  Total Tests: 192  ((Passed: 187, Newly Passed: 1)  Known Failed: 5) /home/travis/build/icyphy/ptII/ptolemy/domains/de/test
----------------- testing (KnownFailure) /home/travis/build/icyphy/ptII/ptolemy/domains/de/test/auto/knownFailedTests/DESDFClockTest.xml
2025 ms. Memory: 307712K Free: 285923K (93%)
Known Failure: java.lang.reflect.InvocationTargetException
----------------- testing (KnownFailure) /home/travis/build/icyphy/ptII/ptolemy/domains/de/test/auto/knownFailedTests/DirectFeedback.xml
1 ms. Memory: 307712K Free: 267819K (87%)
Known Failure: java.lang.reflect.InvocationTargetException
----------------- testing (KnownFailure) /home/travis/build/icyphy/ptII/ptolemy/domains/de/test/auto/knownFailedTests/FSMSource.xml
11 ms. Memory: 307712K Free: 245172K (80%)
----------------- testing (KnownFailure) /home/travis/build/icyphy/ptII/ptolemy/domains/de/test/auto/knownFailedTests/HierarchicalModel.xml
2 ms. Memory: 307712K Free: 222510K (72%)
Known Failure: java.lang.reflect.InvocationTargetException
----------------- testing (KnownFailure) /home/travis/build/icyphy/ptII/ptolemy/domains/de/test/auto/knownFailedTests/dependencyLoop.xml
2 ms. Memory: 307712K Free: 190795K (62%)
Known Failure: java.lang.reflect.InvocationTargetException
----------------- testing (KnownFailure) /home/travis/build/icyphy/ptII/ptolemy/domains/de/test/auto/knownFailedTests/dependencyLoop2.xml
3 ms. Memory: 307712K Free: 159080K (52%)
Known Failure: java.lang.reflect.InvocationTargetException
No auto/*.xml tests in /home/travis/build/icyphy/ptII/ptolemy/domains/de/test
AutoTests.java: About to close Vertx.
AutoTests.java: Vertx closed.
----------------- testing Tue May 15 20:15:44 UTC 2018 /home/travis/build/icyphy/ptII/ptolemy/domains/de/test/auto/ActorDepthCalculation_actorWithoutPorts.xml
----------------- Instantiating /home/travis/build/icyphy/ptII/ptolemy/domains/de/test/auto/ActorDepthCalculation_actorWithoutPorts.xml
2 ms. Memory: 307712K Free: 131907K (43%)
----------------- Invoking toplevel() on ptolemy.moml.MoMLSimpleApplication@52ab2cee
----------------- Done invoking toplevel() on ptolemy.moml.MoMLSimpleApplication@52ab2cee
reloadAllAccessors: .ActorDepthCalculation_actorWithoutPorts
----------------- testing Tue May 15 20:15:45 UTC 2018 /home/travis/build/icyphy/ptII/ptolemy/domains/de/test/auto/AssemblyLine.xml
----------------- Instantiating /home/travis/build/icyphy/ptII/ptolemy/domains/de/test/auto/AssemblyLine.xml
1 ms. Memory: 307712K Free: 118312K (38%)
----------------- Invoking toplevel() on ptolemy.moml.MoMLSimpleApplication@3a1aed79
----------------- Done invoking toplevel() on ptolemy.moml.MoMLSimpleApplication@3a1aed79
reloadAllAccessors: .AssemblyLine
----------------- testing Tue May 15 20:15:45 UTC 2018 /home/travis/build/icyphy/ptII/ptolemy/domains/de/test/auto/CQBug1.xml
----------------- Instantiating /home/travis/build/icyphy/ptII/ptolemy/domains/de/test/auto/CQBug1.xml
0 ms. Memory: 307712K Free: 109260K (36%)
----------------- Invoking toplevel() on ptolemy.moml.MoMLSimpleApplication@20cc0322
----------------- Done invoking toplevel() on ptolemy.moml.MoMLSimpleApplication@20cc0322
reloadAllAccessors: .CQBug1
----------------- testing Tue May 15 20:15:45 UTC 2018 /home/travis/build/icyphy/ptII/ptolemy/domains/de/test/auto/CancelFireAt.xml
----------------- Instantiating /home/travis/build/icyphy/ptII/ptolemy/domains/de/test/auto/CancelFireAt.xml
2 ms. Memory: 307712K Free: 100208K (33%)
----------------- Invoking toplevel() on ptolemy.moml.MoMLSimpleApplication@2ffa38e
----------------- Done invoking toplevel() on ptolemy.moml.MoMLSimpleApplication@2ffa38e
reloadAllAccessors: .CancelFireAt
----------------- testing Tue May 15 20:15:45 UTC 2018 /home/travis/build/icyphy/ptII/ptolemy/domains/de/test/auto/CausalityAndComposabilityAnalysis.xml
----------------- Instantiating /home/travis/build/icyphy/ptII/ptolemy/domains/de/test/auto/CausalityAndComposabilityAnalysis.xml
2 ms. Memory: 307712K Free: 91156K (30%)
----------------- Invoking toplevel() on ptolemy.moml.MoMLSimpleApplication@6b503cba
----------------- Done invoking toplevel() on ptolemy.moml.MoMLSimpleApplication@6b503cba
reloadAllAccessors: .CausalityAndComposabilityAnalysis
----------------- testing Tue May 15 20:15:45 UTC 2018 /home/travis/build/icyphy/ptII/ptolemy/domains/de/test/auto/CausalityInterface1.xml
----------------- Instantiating /home/travis/build/icyphy/ptII/ptolemy/domains/de/test/auto/CausalityInterface1.xml
7 ms. Memory: 307712K Free: 78727K (26%)
----------------- Invoking toplevel() on ptolemy.moml.MoMLSimpleApplication@57aa8f8b
----------------- Done invoking toplevel() on ptolemy.moml.MoMLSimpleApplication@57aa8f8b
reloadAllAccessors: .CausalityInterface1
----------------- testing Tue May 15 20:15:45 UTC 2018 /home/travis/build/icyphy/ptII/ptolemy/domains/de/test/auto/CausalityInterface15.xml
----------------- Instantiating /home/travis/build/icyphy/ptII/ptolemy/domains/de/test/auto/CausalityInterface15.xml
2 ms. Memory: 298496K Free: 286579K (96%)
----------------- Invoking toplevel() on ptolemy.moml.MoMLSimpleApplication@7ba83cf9
----------------- Done invoking toplevel() on ptolemy.moml.MoMLSimpleApplication@7ba83cf9
reloadAllAccessors: .CausalityInterface15
----------------- testing Tue May 15 20:15:45 UTC 2018 /home/travis/build/icyphy/ptII/ptolemy/domains/de/test/auto/CausalityInterface2.xml
----------------- Instantiating /home/travis/build/icyphy/ptII/ptolemy/domains/de/test/auto/CausalityInterface2.xml
2 ms. Memory: 298496K Free: 277942K (93%)
----------------- Invoking toplevel() on ptolemy.moml.MoMLSimpleApplication@1a12ada
----------------- Done invoking toplevel() on ptolemy.moml.MoMLSimpleApplication@1a12ada
reloadAllAccessors: .CausalityInterface2
----------------- testing Tue May 15 20:15:45 UTC 2018 /home/travis/build/icyphy/ptII/ptolemy/domains/de/test/auto/CausalityInterface3.xml
[...]
java.lang.RuntimeException: Execution failed
	at ptolemy.moml.MoMLSimpleApplication$UnloadThread.run(MoMLSimpleApplication.java:402)
Caused by: ptolemy.kernel.util.IllegalActionException: Test fails in iteration 1.
Value was: 1.0. Should have been: 2.0
  in .DirectFeedback.Test
	at ptolemy.actor.lib.Test.fire(Test.java:268)
	at ptolemy.domains.de.kernel.DEDirector._fire(DEDirector.java:1948)
	at ptolemy.domains.de.kernel.DEDirector.fire(DEDirector.java:502)
	at ptolemy.actor.CompositeActor.fire(CompositeActor.java:455)
	at ptolemy.actor.Manager.iterate(Manager.java:851)
	at ptolemy.actor.Manager.execute(Manager.java:369)
	at ptolemy.actor.Manager.run(Manager.java:1263)
	at ptolemy.actor.Manager$PtolemyRunThread.run(Manager.java:1915)
java.lang.RuntimeException: Execution failed
	at ptolemy.moml.MoMLSimpleApplication$UnloadThread.run(MoMLSimpleApplication.java:402)
Caused by: ptolemy.kernel.util.IllegalActionException: Actor is not ready to fire.  Perhaps UpSample.prefire() returned false? Try debugging the actor by selecting "Listen to Actor".  Also, for SDF check moml for tokenConsumptionRate on input.
  in .DESDFClockTest.Play Bell.Copy1:SDF Director and .DESDFClockTest.Play Bell.UpSample
	at ptolemy.actor.sched.StaticSchedulingDirector.fire(StaticSchedulingDirector.java:227)
	at ptolemy.domains.sdf.kernel.SDFDirector.fire(SDFDirector.java:500)
	at ptolemy.actor.CompositeActor.fire(CompositeActor.java:455)
	at ptolemy.domains.de.kernel.DEDirector._fire(DEDirector.java:1948)
	at ptolemy.domains.de.kernel.DEDirector.fire(DEDirector.java:502)
	at ptolemy.actor.CompositeActor.fire(CompositeActor.java:455)
	at ptolemy.actor.Manager.iterate(Manager.java:851)
	at ptolemy.actor.Manager.execute(Manager.java:369)
	at ptolemy.actor.Manager.run(Manager.java:1263)
	at ptolemy.actor.Manager$PtolemyRunThread.run(Manager.java:1915)
java.lang.reflect.InvocationTargetException
	at sun.reflect.NativeConstructorAccessorImpl.newInstance0(Native Method)
	at sun.reflect.NativeConstructorAccessorImpl.newInstance(NativeConstructorAccessorImpl.java:62)
	at sun.reflect.DelegatingConstructorAccessorImpl.newInstance(DelegatingConstructorAccessorImpl.java:45)
	at java.lang.reflect.Constructor.newInstance(Constructor.java:423)
	at ptolemy.util.test.junit.AutoKnownFailedTests.RunModel(AutoKnownFailedTests.java:107)
	at sun.reflect.NativeMethodAccessorImpl.invoke0(Native Method)
	at sun.reflect.NativeMethodAccessorImpl.invoke(NativeMethodAccessorImpl.java:62)
	at sun.reflect.DelegatingMethodAccessorImpl.invoke(DelegatingMethodAccessorImpl.java:43)
	at java.lang.reflect.Method.invoke(Method.java:498)
	at org.junit.runners.model.FrameworkMethod$1.runReflectiveCall(FrameworkMethod.java:44)
	at org.junit.internal.runners.model.ReflectiveCallable.run(ReflectiveCallable.java:15)
	at org.junit.runners.model.FrameworkMethod.invokeExplosively(FrameworkMethod.java:41)
	at junitparams.internal.InvokeParameterisedMethod.evaluate(InvokeParameterisedMethod.java:102)
	at org.junit.internal.runners.statements.FailOnTimeout$1.run(FailOnTimeout.java:28)
Caused by: ptolemy.kernel.util.IllegalActionException: Actor is not ready to fire.  Perhaps UpSample.prefire() returned false? Try debugging the actor by selecting "Listen to Actor".  Also, for SDF check moml for tokenConsumptionRate on input.
  in .DESDFClockTest.Play Bell.Copy1:SDF Director and .DESDFClockTest.Play Bell.UpSample
	at ptolemy.actor.sched.StaticSchedulingDirector.fire(StaticSchedulingDirector.java:227)
	at ptolemy.domains.sdf.kernel.SDFDirector.fire(SDFDirector.java:500)
	at ptolemy.actor.CompositeActor.fire(CompositeActor.java:455)
	at ptolemy.domains.de.kernel.DEDirector._fire(DEDirector.java:1948)
	at ptolemy.domains.de.kernel.DEDirector.fire(DEDirector.java:502)
	at ptolemy.actor.CompositeActor.fire(CompositeActor.java:455)
	at ptolemy.actor.Manager.iterate(Manager.java:851)
	at ptolemy.actor.Manager.execute(Manager.java:369)
	at ptolemy.actor.Manager.run(Manager.java:1263)
	at ptolemy.actor.Manager$PtolemyRunThread.run(Manager.java:1915)
java.lang.RuntimeException: Execution failed
	at ptolemy.moml.MoMLSimpleApplication$UnloadThread.run(MoMLSimpleApplication.java:402)
Caused by: ptolemy.kernel.util.IllegalActionException: Test fails in iteration 1.
Value was: 1.0. Should have been: 2.0
  in .DirectFeedback.Test
	at ptolemy.actor.lib.Test.fire(Test.java:268)
	at ptolemy.domains.de.kernel.DEDirector._fire(DEDirector.java:1948)
	at ptolemy.domains.de.kernel.DEDirector.fire(DEDirector.java:502)
	at ptolemy.actor.CompositeActor.fire(CompositeActor.java:455)
	at ptolemy.actor.Manager.iterate(Manager.java:851)
	at ptolemy.actor.Manager.execute(Manager.java:369)
	at ptolemy.actor.Manager.run(Manager.java:1263)
	at ptolemy.actor.Manager$PtolemyRunThread.run(Manager.java:1915)
java.lang.reflect.InvocationTargetException
	at sun.reflect.NativeConstructorAccessorImpl.newInstance0(Native Method)
	at sun.reflect.NativeConstructorAccessorImpl.newInstance(NativeConstructorAccessorImpl.java:62)
	at sun.reflect.DelegatingConstructorAccessorImpl.newInstance(DelegatingConstructorAccessorImpl.java:45)
	at java.lang.reflect.Constructor.newInstance(Constructor.java:423)
	at ptolemy.util.test.junit.AutoKnownFailedTests.RunModel(AutoKnownFailedTests.java:107)
	at sun.reflect.NativeMethodAccessorImpl.invoke0(Native Method)
	at sun.reflect.NativeMethodAccessorImpl.invoke(NativeMethodAccessorImpl.java:62)
	at sun.reflect.DelegatingMethodAccessorImpl.invoke(DelegatingMethodAccessorImpl.java:43)
	at java.lang.reflect.Method.invoke(Method.java:498)
	at org.junit.runners.model.FrameworkMethod$1.runReflectiveCall(FrameworkMethod.java:44)
	at org.junit.internal.runners.model.ReflectiveCallable.run(ReflectiveCallable.java:15)
	at org.junit.runners.model.FrameworkMethod.invokeExplosively(FrameworkMethod.java:41)
	at junitparams.internal.InvokeParameterisedMethod.evaluate(InvokeParameterisedMethod.java:102)
	at org.junit.internal.runners.statements.FailOnTimeout$1.run(FailOnTimeout.java:28)
Caused by: ptolemy.kernel.util.IllegalActionException: Test fails in iteration 1.
Value was: 1.0. Should have been: 2.0
  in .DirectFeedback.Test
	at ptolemy.actor.lib.Test.fire(Test.java:268)
	at ptolemy.domains.de.kernel.DEDirector._fire(DEDirector.java:1948)
	at ptolemy.domains.de.kernel.DEDirector.fire(DEDirector.java:502)
	at ptolemy.actor.CompositeActor.fire(CompositeActor.java:455)
	at ptolemy.actor.Manager.iterate(Manager.java:851)
	at ptolemy.actor.Manager.execute(Manager.java:369)
	at ptolemy.actor.Manager.run(Manager.java:1263)
	at ptolemy.actor.Manager$PtolemyRunThread.run(Manager.java:1915)
java.lang.RuntimeException: Execution failed
	at ptolemy.moml.MoMLSimpleApplication$UnloadThread.run(MoMLSimpleApplication.java:402)
Caused by: ptolemy.kernel.util.IllegalActionException: Found a zero delay loop containing .HierarchicalModel.A
  in .HierarchicalModel and .HierarchicalModel.A
	at ptolemy.actor.util.CausalityInterfaceForComposites._computeOutputPortDepth(CausalityInterfaceForComposites.java:759)
	at ptolemy.actor.util.CausalityInterfaceForComposites._computeInputDepth(CausalityInterfaceForComposites.java:696)
	at ptolemy.actor.util.CausalityInterfaceForComposites._computeOutputPortDepth(CausalityInterfaceForComposites.java:765)
	at ptolemy.actor.util.CausalityInterfaceForComposites._computeInputDepth(CausalityInterfaceForComposites.java:696)
	at ptolemy.actor.util.CausalityInterfaceForComposites._computeOutputPortDepth(CausalityInterfaceForComposites.java:765)
	at ptolemy.actor.util.CausalityInterfaceForComposites._computeInputDepth(CausalityInterfaceForComposites.java:696)
	at ptolemy.actor.util.CausalityInterfaceForComposites._computeActorDepth(CausalityInterfaceForComposites.java:532)
	at ptolemy.actor.util.CausalityInterfaceForComposites.checkForCycles(CausalityInterfaceForComposites.java:96)
	at ptolemy.domains.de.kernel.DEDirector.preinitialize(DEDirector.java:1337)
	at ptolemy.actor.CompositeActor.preinitialize(CompositeActor.java:1828)
	at ptolemy.actor.Manager.preinitializeAndResolveTypes(Manager.java:1040)
	at ptolemy.actor.Manager.initialize(Manager.java:710)
	at ptolemy.actor.Manager.execute(Manager.java:356)
	at ptolemy.actor.Manager.run(Manager.java:1263)
	at ptolemy.actor.Manager$PtolemyRunThread.run(Manager.java:1915)
java.lang.reflect.InvocationTargetException
	at sun.reflect.NativeConstructorAccessorImpl.newInstance0(Native Method)
	at sun.reflect.NativeConstructorAccessorImpl.newInstance(NativeConstructorAccessorImpl.java:62)
	at sun.reflect.DelegatingConstructorAccessorImpl.newInstance(DelegatingConstructorAccessorImpl.java:45)
	at java.lang.reflect.Constructor.newInstance(Constructor.java:423)
	at ptolemy.util.test.junit.AutoKnownFailedTests.RunModel(AutoKnownFailedTests.java:107)
	at sun.reflect.NativeMethodAccessorImpl.invoke0(Native Method)
	at sun.reflect.NativeMethodAccessorImpl.invoke(NativeMethodAccessorImpl.java:62)
	at sun.reflect.DelegatingMethodAccessorImpl.invoke(DelegatingMethodAccessorImpl.java:43)
	at java.lang.reflect.Method.invoke(Method.java:498)
	at org.junit.runners.model.FrameworkMethod$1.runReflectiveCall(FrameworkMethod.java:44)
	at org.junit.internal.runners.model.ReflectiveCallable.run(ReflectiveCallable.java:15)
	at org.junit.runners.model.FrameworkMethod.invokeExplosively(FrameworkMethod.java:41)
	at junitparams.internal.InvokeParameterisedMethod.evaluate(InvokeParameterisedMethod.java:102)
	at org.junit.internal.runners.statements.FailOnTimeout$1.run(FailOnTimeout.java:28)
Caused by: ptolemy.kernel.util.IllegalActionException: Found a zero delay loop containing .HierarchicalModel.A
  in .HierarchicalModel and .HierarchicalModel.A
	at ptolemy.actor.util.CausalityInterfaceForComposites._computeOutputPortDepth(CausalityInterfaceForComposites.java:759)
	at ptolemy.actor.util.CausalityInterfaceForComposites._computeInputDepth(CausalityInterfaceForComposites.java:696)
	at ptolemy.actor.util.CausalityInterfaceForComposites._computeOutputPortDepth(CausalityInterfaceForComposites.java:765)
	at ptolemy.actor.util.CausalityInterfaceForComposites._computeInputDepth(CausalityInterfaceForComposites.java:696)
	at ptolemy.actor.util.CausalityInterfaceForComposites._computeOutputPortDepth(CausalityInterfaceForComposites.java:765)
	at ptolemy.actor.util.CausalityInterfaceForComposites._computeInputDepth(CausalityInterfaceForComposites.java:696)
	at ptolemy.actor.util.CausalityInterfaceForComposites._computeActorDepth(CausalityInterfaceForComposites.java:532)
	at ptolemy.actor.util.CausalityInterfaceForComposites.checkForCycles(CausalityInterfaceForComposites.java:96)
	at ptolemy.domains.de.kernel.DEDirector.preinitialize(DEDirector.java:1337)
	at ptolemy.actor.CompositeActor.preinitialize(CompositeActor.java:1828)
	at ptolemy.actor.Manager.preinitializeAndResolveTypes(Manager.java:1040)
	at ptolemy.actor.Manager.initialize(Manager.java:710)
	at ptolemy.actor.Manager.execute(Manager.java:356)
	at ptolemy.actor.Manager.run(Manager.java:1263)
	at ptolemy.actor.Manager$PtolemyRunThread.run(Manager.java:1915)
java.lang.RuntimeException: Execution failed
	at ptolemy.moml.MoMLSimpleApplication$UnloadThread.run(MoMLSimpleApplication.java:402)
Caused by: ptolemy.kernel.util.IllegalActionException: Found a zero delay loop containing .dependencyLoop.original
  in .dependencyLoop and .dependencyLoop.original
	at ptolemy.actor.util.CausalityInterfaceForComposites._computeOutputPortDepth(CausalityInterfaceForComposites.java:759)
	at ptolemy.actor.util.CausalityInterfaceForComposites._computeInputDepth(CausalityInterfaceForComposites.java:696)
	at ptolemy.actor.util.CausalityInterfaceForComposites._computeOutputPortDepth(CausalityInterfaceForComposites.java:765)
	at ptolemy.actor.util.CausalityInterfaceForComposites._computeInputDepth(CausalityInterfaceForComposites.java:696)
	at ptolemy.actor.util.CausalityInterfaceForComposites._computeOutputPortDepth(CausalityInterfaceForComposites.java:765)
	at ptolemy.actor.util.CausalityInterfaceForComposites._computeInputDepth(CausalityInterfaceForComposites.java:696)
	at ptolemy.actor.util.CausalityInterfaceForComposites._computeActorDepth(CausalityInterfaceForComposites.java:532)
	at ptolemy.actor.util.CausalityInterfaceForComposites.checkForCycles(CausalityInterfaceForComposites.java:96)
	at ptolemy.domains.de.kernel.DEDirector.preinitialize(DEDirector.java:1337)
	at ptolemy.actor.CompositeActor.preinitialize(CompositeActor.java:1828)
	at ptolemy.actor.Manager.preinitializeAndResolveTypes(Manager.java:1040)
	at ptolemy.actor.Manager.initialize(Manager.java:710)
	at ptolemy.actor.Manager.execute(Manager.java:356)
	at ptolemy.actor.Manager.run(Manager.java:1263)
	at ptolemy.actor.Manager$PtolemyRunThread.run(Manager.java:1915)
java.lang.reflect.InvocationTargetException
	at sun.reflect.NativeConstructorAccessorImpl.newInstance0(Native Method)
	at sun.reflect.NativeConstructorAccessorImpl.newInstance(NativeConstructorAccessorImpl.java:62)
	at sun.reflect.DelegatingConstructorAccessorImpl.newInstance(DelegatingConstructorAccessorImpl.java:45)
	at java.lang.reflect.Constructor.newInstance(Constructor.java:423)
	at ptolemy.util.test.junit.AutoKnownFailedTests.RunModel(AutoKnownFailedTests.java:107)
	at sun.reflect.NativeMethodAccessorImpl.invoke0(Native Method)
	at sun.reflect.NativeMethodAccessorImpl.invoke(NativeMethodAccessorImpl.java:62)
	at sun.reflect.DelegatingMethodAccessorImpl.invoke(DelegatingMethodAccessorImpl.java:43)
	at java.lang.reflect.Method.invoke(Method.java:498)
	at org.junit.runners.model.FrameworkMethod$1.runReflectiveCall(FrameworkMethod.java:44)
	at org.junit.internal.runners.model.ReflectiveCallable.run(ReflectiveCallable.java:15)
	at org.junit.runners.model.FrameworkMethod.invokeExplosively(FrameworkMethod.java:41)
	at junitparams.internal.InvokeParameterisedMethod.evaluate(InvokeParameterisedMethod.java:102)
	at org.junit.internal.runners.statements.FailOnTimeout$1.run(FailOnTimeout.java:28)
Caused by: ptolemy.kernel.util.IllegalActionException: Found a zero delay loop containing .dependencyLoop.original
  in .dependencyLoop and .dependencyLoop.original
	at ptolemy.actor.util.CausalityInterfaceForComposites._computeOutputPortDepth(CausalityInterfaceForComposites.java:759)
	at ptolemy.actor.util.CausalityInterfaceForComposites._computeInputDepth(CausalityInterfaceForComposites.java:696)
	at ptolemy.actor.util.CausalityInterfaceForComposites._computeOutputPortDepth(CausalityInterfaceForComposites.java:765)
	at ptolemy.actor.util.CausalityInterfaceForComposites._computeInputDepth(CausalityInterfaceForComposites.java:696)
	at ptolemy.actor.util.CausalityInterfaceForComposites._computeOutputPortDepth(CausalityInterfaceForComposites.java:765)
	at ptolemy.actor.util.CausalityInterfaceForComposites._computeInputDepth(CausalityInterfaceForComposites.java:696)
	at ptolemy.actor.util.CausalityInterfaceForComposites._computeActorDepth(CausalityInterfaceForComposites.java:532)
	at ptolemy.actor.util.CausalityInterfaceForComposites.checkForCycles(CausalityInterfaceForComposites.java:96)
	at ptolemy.domains.de.kernel.DEDirector.preinitialize(DEDirector.java:1337)
	at ptolemy.actor.CompositeActor.preinitialize(CompositeActor.java:1828)
	at ptolemy.actor.Manager.preinitializeAndResolveTypes(Manager.java:1040)
	at ptolemy.actor.Manager.initialize(Manager.java:710)
	at ptolemy.actor.Manager.execute(Manager.java:356)
	at ptolemy.actor.Manager.run(Manager.java:1263)
	at ptolemy.actor.Manager$PtolemyRunThread.run(Manager.java:1915)
java.lang.RuntimeException: Execution failed
	at ptolemy.moml.MoMLSimpleApplication$UnloadThread.run(MoMLSimpleApplication.java:402)
Caused by: ptolemy.kernel.util.IllegalActionException: Found a zero delay loop containing .dependencyLoop2.original
  in .dependencyLoop2 and .dependencyLoop2.original
	at ptolemy.actor.util.CausalityInterfaceForComposites._computeOutputPortDepth(CausalityInterfaceForComposites.java:759)
	at ptolemy.actor.util.CausalityInterfaceForComposites._computeInputDepth(CausalityInterfaceForComposites.java:696)
	at ptolemy.actor.util.CausalityInterfaceForComposites._computeOutputPortDepth(CausalityInterfaceForComposites.java:765)
	at ptolemy.actor.util.CausalityInterfaceForComposites._computeInputDepth(CausalityInterfaceForComposites.java:696)
	at ptolemy.actor.util.CausalityInterfaceForComposites._computeOutputPortDepth(CausalityInterfaceForComposites.java:765)
	at ptolemy.actor.util.CausalityInterfaceForComposites._computeInputDepth(CausalityInterfaceForComposites.java:696)
	at ptolemy.actor.util.CausalityInterfaceForComposites._computeActorDepth(CausalityInterfaceForComposites.java:532)
	at ptolemy.actor.util.CausalityInterfaceForComposites.checkForCycles(CausalityInterfaceForComposites.java:96)
	at ptolemy.domains.de.kernel.DEDirector.preinitialize(DEDirector.java:1337)
	at ptolemy.actor.CompositeActor.preinitialize(CompositeActor.java:1828)
	at ptolemy.actor.Manager.preinitializeAndResolveTypes(Manager.java:1040)
	at ptolemy.actor.Manager.initialize(Manager.java:710)
	at ptolemy.actor.Manager.execute(Manager.java:356)
	at ptolemy.actor.Manager.run(Manager.java:1263)
	at ptolemy.actor.Manager$PtolemyRunThread.run(Manager.java:1915)
java.lang.reflect.InvocationTargetException
	at sun.reflect.NativeConstructorAccessorImpl.newInstance0(Native Method)
	at sun.reflect.NativeConstructorAccessorImpl.newInstance(NativeConstructorAccessorImpl.java:62)
	at sun.reflect.DelegatingConstructorAccessorImpl.newInstance(DelegatingConstructorAccessorImpl.java:45)
	at java.lang.reflect.Constructor.newInstance(Constructor.java:423)
	at ptolemy.util.test.junit.AutoKnownFailedTests.RunModel(AutoKnownFailedTests.java:107)
	at sun.reflect.NativeMethodAccessorImpl.invoke0(Native Method)
	at sun.reflect.NativeMethodAccessorImpl.invoke(NativeMethodAccessorImpl.java:62)
	at sun.reflect.DelegatingMethodAccessorImpl.invoke(DelegatingMethodAccessorImpl.java:43)
	at java.lang.reflect.Method.invoke(Method.java:498)
	at org.junit.runners.model.FrameworkMethod$1.runReflectiveCall(FrameworkMethod.java:44)
	at org.junit.internal.runners.model.ReflectiveCallable.run(ReflectiveCallable.java:15)
	at org.junit.runners.model.FrameworkMethod.invokeExplosively(FrameworkMethod.java:41)
	at junitparams.internal.InvokeParameterisedMethod.evaluate(InvokeParameterisedMethod.java:102)
	at org.junit.internal.runners.statements.FailOnTimeout$1.run(FailOnTimeout.java:28)
Caused by: ptolemy.kernel.util.IllegalActionException: Found a zero delay loop containing .dependencyLoop2.original
  in .dependencyLoop2 and .dependencyLoop2.original
	at ptolemy.actor.util.CausalityInterfaceForComposites._computeOutputPortDepth(CausalityInterfaceForComposites.java:759)
	at ptolemy.actor.util.CausalityInterfaceForComposites._computeInputDepth(CausalityInterfaceForComposites.java:696)
	at ptolemy.actor.util.CausalityInterfaceForComposites._computeOutputPortDepth(CausalityInterfaceForComposites.java:765)
	at ptolemy.actor.util.CausalityInterfaceForComposites._computeInputDepth(CausalityInterfaceForComposites.java:696)
	at ptolemy.actor.util.CausalityInterfaceForComposites._computeOutputPortDepth(CausalityInterfaceForComposites.java:765)
	at ptolemy.actor.util.CausalityInterfaceForComposites._computeInputDepth(CausalityInterfaceForComposites.java:696)
	at ptolemy.actor.util.CausalityInterfaceForComposites._computeActorDepth(CausalityInterfaceForComposites.java:532)
	at ptolemy.actor.util.CausalityInterfaceForComposites.checkForCycles(CausalityInterfaceForComposites.java:96)
	at ptolemy.domains.de.kernel.DEDirector.preinitialize(DEDirector.java:1337)
	at ptolemy.actor.CompositeActor.preinitialize(CompositeActor.java:1828)
	at ptolemy.actor.Manager.preinitializeAndResolveTypes(Manager.java:1040)
	at ptolemy.actor.Manager.initialize(Manager.java:710)
	at ptolemy.actor.Manager.execute(Manager.java:356)
	at ptolemy.actor.Manager.run(Manager.java:1263)
	at ptolemy.actor.Manager$PtolemyRunThread.run(Manager.java:1915)
]]></system-err>
</testsuite>
