<?xml version="1.0" encoding="UTF-8" ?>
<testsuite errors="0" failures="0" hostname="travis-job-5f883fa4-4f13-469a-b901-c2d5fee827ef" name="ptolemy.domains.de.test.junit.JUnitTclTest" skipped="0" tests="101" time="126.776" timestamp="2018-05-11T01:53:41">
  <properties>
[...]
</properties>
  <testcase classname="ptolemy.util.test.junit.TclTests" name="[0] /home/travis/build/icyphy/ptII/ptolemy/domains/de/test/DependencyLoop.tcl (RunTclFile)" time="0.728" />
  <testcase classname="ptolemy.util.test.junit.TclTests" name="[1] /home/travis/build/icyphy/ptII/ptolemy/domains/de/test/RunDETestsAsQSS.tcl (RunTclFile)" time="85.467" />
  <testcase classname="ptolemy.util.test.junit.AutoKnownFailedTests" name="[0] /home/travis/build/icyphy/ptII/ptolemy/domains/de/test/auto/knownFailedTests/DESDFClockTest.xml (RunModel)" time="2.022" />
  <testcase classname="ptolemy.util.test.junit.AutoKnownFailedTests" name="[1] /home/travis/build/icyphy/ptII/ptolemy/domains/de/test/auto/knownFailedTests/DirectFeedback.xml (RunModel)" time="0.012" />
  <testcase classname="ptolemy.util.test.junit.AutoKnownFailedTests" name="[2] /home/travis/build/icyphy/ptII/ptolemy/domains/de/test/auto/knownFailedTests/FSMSource.xml (RunModel)" time="0.029" />
  <testcase classname="ptolemy.util.test.junit.AutoKnownFailedTests" name="[3] /home/travis/build/icyphy/ptII/ptolemy/domains/de/test/auto/knownFailedTests/HierarchicalModel.xml (RunModel)" time="0.03" />
  <testcase classname="ptolemy.util.test.junit.AutoKnownFailedTests" name="[4] /home/travis/build/icyphy/ptII/ptolemy/domains/de/test/auto/knownFailedTests/dependencyLoop.xml (RunModel)" time="0.031" />
  <testcase classname="ptolemy.util.test.junit.AutoKnownFailedTests" name="[5] /home/travis/build/icyphy/ptII/ptolemy/domains/de/test/auto/knownFailedTests/dependencyLoop2.xml (RunModel)" time="0.027" />
  <testcase classname="ptolemy.util.test.junit.AutoNameArchTests" name="[0] ThereAreNoAutoTests (RunModel)" time="0.0" />
  <testcase classname="ptolemy.util.test.junit.AutoTests" name="[0] /home/travis/build/icyphy/ptII/ptolemy/domains/de/test/auto/ActorDepthCalculation_actorWithoutPorts.xml (RunModel)" time="0.014" />
  <testcase classname="ptolemy.util.test.junit.AutoTests" name="[1] /home/travis/build/icyphy/ptII/ptolemy/domains/de/test/auto/AssemblyLine.xml (RunModel)" time="0.01" />
  <testcase classname="ptolemy.util.test.junit.AutoTests" name="[2] /home/travis/build/icyphy/ptII/ptolemy/domains/de/test/auto/CQBug1.xml (RunModel)" time="0.005" />
  <testcase classname="ptolemy.util.test.junit.AutoTests" name="[3] /home/travis/build/icyphy/ptII/ptolemy/domains/de/test/auto/CancelFireAt.xml (RunModel)" time="0.004" />
  <testcase classname="ptolemy.util.test.junit.AutoTests" name="[4] /home/travis/build/icyphy/ptII/ptolemy/domains/de/test/auto/CausalityAndComposabilityAnalysis.xml (RunModel)" time="0.007" />
  <testcase classname="ptolemy.util.test.junit.AutoTests" name="[5] /home/travis/build/icyphy/ptII/ptolemy/domains/de/test/auto/CausalityInterface1.xml (RunModel)" time="0.009" />
  <testcase classname="ptolemy.util.test.junit.AutoTests" name="[6] /home/travis/build/icyphy/ptII/ptolemy/domains/de/test/auto/CausalityInterface15.xml (RunModel)" time="0.009" />
  <testcase classname="ptolemy.util.test.junit.AutoTests" name="[7] /home/travis/build/icyphy/ptII/ptolemy/domains/de/test/auto/CausalityInterface2.xml (RunModel)" time="0.006" />
  <testcase classname="ptolemy.util.test.junit.AutoTests" name="[8] /home/travis/build/icyphy/ptII/ptolemy/domains/de/test/auto/CausalityInterface3.xml (RunModel)" time="0.008" />
  <testcase classname="ptolemy.util.test.junit.AutoTests" name="[9] /home/travis/build/icyphy/ptII/ptolemy/domains/de/test/auto/ClockDrift.xml (RunModel)" time="0.022" />
  <testcase classname="ptolemy.util.test.junit.AutoTests" name="[10] /home/travis/build/icyphy/ptII/ptolemy/domains/de/test/auto/ClockDriftAndValueChange.xml (RunModel)" time="0.025" />
  <testcase classname="ptolemy.util.test.junit.AutoTests" name="[11] /home/travis/build/icyphy/ptII/ptolemy/domains/de/test/auto/ClockDriftChange.xml (RunModel)" time="0.022" />
  <testcase classname="ptolemy.util.test.junit.AutoTests" name="[12] /home/travis/build/icyphy/ptII/ptolemy/domains/de/test/auto/ComposableCausalityAnalysis.xml (RunModel)" time="0.015" />
  <testcase classname="ptolemy.util.test.junit.AutoTests" name="[13] /home/travis/build/icyphy/ptII/ptolemy/domains/de/test/auto/DEFixedPointLimitation.xml (RunModel)" time="0.006" />
  <testcase classname="ptolemy.util.test.junit.AutoTests" name="[14] /home/travis/build/icyphy/ptII/ptolemy/domains/de/test/auto/DEScheduleTest.xml (RunModel)" time="0.023" />
  <testcase classname="ptolemy.util.test.junit.AutoTests" name="[15] /home/travis/build/icyphy/ptII/ptolemy/domains/de/test/auto/DEinDEwithStartTimes.xml (RunModel)" time="0.014" />
  <testcase classname="ptolemy.util.test.junit.AutoTests" name="[16] /home/travis/build/icyphy/ptII/ptolemy/domains/de/test/auto/DEinDEwithStartTimes2.xml (RunModel)" time="0.014" />
  <testcase classname="ptolemy.util.test.junit.AutoTests" name="[17] /home/travis/build/icyphy/ptII/ptolemy/domains/de/test/auto/DateDemo.xml (RunModel)" time="0.024" />
  <testcase classname="ptolemy.util.test.junit.AutoTests" name="[18] /home/travis/build/icyphy/ptII/ptolemy/domains/de/test/auto/DateToEvent.xml (RunModel)" time="2.028" />
  <testcase classname="ptolemy.util.test.junit.AutoTests" name="[19] /home/travis/build/icyphy/ptII/ptolemy/domains/de/test/auto/DepthTest1.xml (RunModel)" time="0.011" />
  <testcase classname="ptolemy.util.test.junit.AutoTests" name="[20] /home/travis/build/icyphy/ptII/ptolemy/domains/de/test/auto/DepthTest2.xml (RunModel)" time="0.017" />
  <testcase classname="ptolemy.util.test.junit.AutoTests" name="[21] /home/travis/build/icyphy/ptII/ptolemy/domains/de/test/auto/DepthTest3.xml (RunModel)" time="0.007" />
  <testcase classname="ptolemy.util.test.junit.AutoTests" name="[22] /home/travis/build/icyphy/ptII/ptolemy/domains/de/test/auto/DepthTest4.xml (RunModel)" time="0.011" />
  <testcase classname="ptolemy.util.test.junit.AutoTests" name="[23] /home/travis/build/icyphy/ptII/ptolemy/domains/de/test/auto/DepthTest5.xml (RunModel)" time="0.013" />
  <testcase classname="ptolemy.util.test.junit.AutoTests" name="[24] /home/travis/build/icyphy/ptII/ptolemy/domains/de/test/auto/DepthTest6.xml (RunModel)" time="0.012" />
  <testcase classname="ptolemy.util.test.junit.AutoTests" name="[25] /home/travis/build/icyphy/ptII/ptolemy/domains/de/test/auto/DepthTest7.xml (RunModel)" time="0.013" />
  <testcase classname="ptolemy.util.test.junit.AutoTests" name="[26] /home/travis/build/icyphy/ptII/ptolemy/domains/de/test/auto/EventToDate.xml (RunModel)" time="3.032" />
  <testcase classname="ptolemy.util.test.junit.AutoTests" name="[27] /home/travis/build/icyphy/ptII/ptolemy/domains/de/test/auto/FSM1.xml (RunModel)" time="0.028" />
  <testcase classname="ptolemy.util.test.junit.AutoTests" name="[28] /home/travis/build/icyphy/ptII/ptolemy/domains/de/test/auto/FSM7.xml (RunModel)" time="0.027" />
  <testcase classname="ptolemy.util.test.junit.AutoTests" name="[29] /home/travis/build/icyphy/ptII/ptolemy/domains/de/test/auto/Inspection.xml (RunModel)" time="0.035" />
  <testcase classname="ptolemy.util.test.junit.AutoTests" name="[30] /home/travis/build/icyphy/ptII/ptolemy/domains/de/test/auto/Iteration.xml (RunModel)" time="0.018" />
  <testcase classname="ptolemy.util.test.junit.AutoTests" name="[31] /home/travis/build/icyphy/ptII/ptolemy/domains/de/test/auto/LineFault.xml (RunModel)" time="0.514" />
  <testcase classname="ptolemy.util.test.junit.AutoTests" name="[32] /home/travis/build/icyphy/ptII/ptolemy/domains/de/test/auto/MergeModel1Add.xml (RunModel)" time="0.044" />
  <testcase classname="ptolemy.util.test.junit.AutoTests" name="[33] /home/travis/build/icyphy/ptII/ptolemy/domains/de/test/auto/MergeModel2Add.xml (RunModel)" time="0.035" />
  <testcase classname="ptolemy.util.test.junit.AutoTests" name="[34] /home/travis/build/icyphy/ptII/ptolemy/domains/de/test/auto/MergeModel3Add.xml (RunModel)" time="0.041" />
  <testcase classname="ptolemy.util.test.junit.AutoTests" name="[35] /home/travis/build/icyphy/ptII/ptolemy/domains/de/test/auto/MergeWithoutDiscard.xml (RunModel)" time="0.009" />
  <testcase classname="ptolemy.util.test.junit.AutoTests" name="[36] /home/travis/build/icyphy/ptII/ptolemy/domains/de/test/auto/Modal1.xml (RunModel)" time="0.03" />
  <testcase classname="ptolemy.util.test.junit.AutoTests" name="[37] /home/travis/build/icyphy/ptII/ptolemy/domains/de/test/auto/Modal2.xml (RunModel)" time="0.026" />
  <testcase classname="ptolemy.util.test.junit.AutoTests" name="[38] /home/travis/build/icyphy/ptII/ptolemy/domains/de/test/auto/Modal3.xml (RunModel)" time="0.032" />
  <testcase classname="ptolemy.util.test.junit.AutoTests" name="[39] /home/travis/build/icyphy/ptII/ptolemy/domains/de/test/auto/Modal4.xml (RunModel)" time="0.027" />
  <testcase classname="ptolemy.util.test.junit.AutoTests" name="[40] /home/travis/build/icyphy/ptII/ptolemy/domains/de/test/auto/Modal5.xml (RunModel)" time="0.028" />
  <testcase classname="ptolemy.util.test.junit.AutoTests" name="[41] /home/travis/build/icyphy/ptII/ptolemy/domains/de/test/auto/Modal6.xml (RunModel)" time="0.029" />
  <testcase classname="ptolemy.util.test.junit.AutoTests" name="[42] /home/travis/build/icyphy/ptII/ptolemy/domains/de/test/auto/Modal7.xml (RunModel)" time="0.028" />
  <testcase classname="ptolemy.util.test.junit.AutoTests" name="[43] /home/travis/build/icyphy/ptII/ptolemy/domains/de/test/auto/ModalModel.xml (RunModel)" time="0.133" />
  <testcase classname="ptolemy.util.test.junit.AutoTests" name="[44] /home/travis/build/icyphy/ptII/ptolemy/domains/de/test/auto/ModalSource.xml (RunModel)" time="0.016" />
  <testcase classname="ptolemy.util.test.junit.AutoTests" name="[45] /home/travis/build/icyphy/ptII/ptolemy/domains/de/test/auto/NonInterruptibleTimerZeroDelay.xml (RunModel)" time="0.01" />
  <testcase classname="ptolemy.util.test.junit.AutoTests" name="[46] /home/travis/build/icyphy/ptII/ptolemy/domains/de/test/auto/OpenQueueingNetwork.xml (RunModel)" time="2.283" />
  <testcase classname="ptolemy.util.test.junit.AutoTests" name="[47] /home/travis/build/icyphy/ptII/ptolemy/domains/de/test/auto/OpenQueuingNetwork.xml (RunModel)" time="0.257" />
  <testcase classname="ptolemy.util.test.junit.AutoTests" name="[48] /home/travis/build/icyphy/ptII/ptolemy/domains/de/test/auto/PeriodicSampler.xml (RunModel)" time="0.009" />
  <testcase classname="ptolemy.util.test.junit.AutoTests" name="[49] /home/travis/build/icyphy/ptII/ptolemy/domains/de/test/auto/PersistentIO.xml (RunModel)" time="0.019" />
  <testcase classname="ptolemy.util.test.junit.AutoTests" name="[50] /home/travis/build/icyphy/ptII/ptolemy/domains/de/test/auto/PortParameterResetOnInitialize.xml (RunModel)" time="0.008" />
  <testcase classname="ptolemy.util.test.junit.AutoTests" name="[51] /home/travis/build/icyphy/ptII/ptolemy/domains/de/test/auto/PortParameterUpdates.xml (RunModel)" time="0.017" />
  <testcase classname="ptolemy.util.test.junit.AutoTests" name="[52] /home/travis/build/icyphy/ptII/ptolemy/domains/de/test/auto/QueueAndServer.xml (RunModel)" time="0.024" />
  <testcase classname="ptolemy.util.test.junit.AutoTests" name="[53] /home/travis/build/icyphy/ptII/ptolemy/domains/de/test/auto/Records.xml (RunModel)" time="0.02" />
  <testcase classname="ptolemy.util.test.junit.AutoTests" name="[54] /home/travis/build/icyphy/ptII/ptolemy/domains/de/test/auto/ResetTransitionWithStartTime1.xml (RunModel)" time="0.015" />
  <testcase classname="ptolemy.util.test.junit.AutoTests" name="[55] /home/travis/build/icyphy/ptII/ptolemy/domains/de/test/auto/ResetTransitionWithStartTime2.xml (RunModel)" time="0.02" />
  <testcase classname="ptolemy.util.test.junit.AutoTests" name="[56] /home/travis/build/icyphy/ptII/ptolemy/domains/de/test/auto/ResetTransitionWithStartTime3.xml (RunModel)" time="0.016" />
  <testcase classname="ptolemy.util.test.junit.AutoTests" name="[57] /home/travis/build/icyphy/ptII/ptolemy/domains/de/test/auto/ResetTransitionWithStartTime4.xml (RunModel)" time="0.02" />
  <testcase classname="ptolemy.util.test.junit.AutoTests" name="[58] /home/travis/build/icyphy/ptII/ptolemy/domains/de/test/auto/ResettableTimer1.xml (RunModel)" time="0.009" />
  <testcase classname="ptolemy.util.test.junit.AutoTests" name="[59] /home/travis/build/icyphy/ptII/ptolemy/domains/de/test/auto/ResettableTimer2.xml (RunModel)" time="0.007" />
  <testcase classname="ptolemy.util.test.junit.AutoTests" name="[60] /home/travis/build/icyphy/ptII/ptolemy/domains/de/test/auto/ResettableTimer3.xml (RunModel)" time="0.008" />
  <testcase classname="ptolemy.util.test.junit.AutoTests" name="[61] /home/travis/build/icyphy/ptII/ptolemy/domains/de/test/auto/ResettableTimer4.xml (RunModel)" time="0.008" />
  <testcase classname="ptolemy.util.test.junit.AutoTests" name="[62] /home/travis/build/icyphy/ptII/ptolemy/domains/de/test/auto/ResettableTimer5.xml (RunModel)" time="0.01" />
  <testcase classname="ptolemy.util.test.junit.AutoTests" name="[63] /home/travis/build/icyphy/ptII/ptolemy/domains/de/test/auto/ResettableTimer6.xml (RunModel)" time="0.017" />
  <testcase classname="ptolemy.util.test.junit.AutoTests" name="[64] /home/travis/build/icyphy/ptII/ptolemy/domains/de/test/auto/ServerZeroDelay.xml (RunModel)" time="0.012" />
  <testcase classname="ptolemy.util.test.junit.AutoTests" name="[65] /home/travis/build/icyphy/ptII/ptolemy/domains/de/test/auto/SmartSender.xml (RunModel)" time="3.008" />
  <testcase classname="ptolemy.util.test.junit.AutoTests" name="[66] /home/travis/build/icyphy/ptII/ptolemy/domains/de/test/auto/ThreadedComposite.xml (RunModel)" time="0.232" />
  <testcase classname="ptolemy.util.test.junit.AutoTests" name="[67] /home/travis/build/icyphy/ptII/ptolemy/domains/de/test/auto/Time.xml (RunModel)" time="0.419" />
  <testcase classname="ptolemy.util.test.junit.AutoTests" name="[68] /home/travis/build/icyphy/ptII/ptolemy/domains/de/test/auto/TimeDelayZeroDelay.xml (RunModel)" time="0.011" />
  <testcase classname="ptolemy.util.test.junit.AutoTests" name="[69] /home/travis/build/icyphy/ptII/ptolemy/domains/de/test/auto/TimerZeroDelay.xml (RunModel)" time="0.01" />
  <testcase classname="ptolemy.util.test.junit.AutoTests" name="[70] /home/travis/build/icyphy/ptII/ptolemy/domains/de/test/auto/TimingParadox.xml (RunModel)" time="0.345" />
  <testcase classname="ptolemy.util.test.junit.AutoTests" name="[71] /home/travis/build/icyphy/ptII/ptolemy/domains/de/test/auto/TransferInputs.xml (RunModel)" time="0.013" />
  <testcase classname="ptolemy.util.test.junit.AutoTests" name="[72] /home/travis/build/icyphy/ptII/ptolemy/domains/de/test/auto/TransferOutputs2.xml (RunModel)" time="0.013" />
  <testcase classname="ptolemy.util.test.junit.AutoTests" name="[73] /home/travis/build/icyphy/ptII/ptolemy/domains/de/test/auto/Trilateration.xml (RunModel)" time="12.582" />
  <testcase classname="ptolemy.util.test.junit.AutoTests" name="[74] /home/travis/build/icyphy/ptII/ptolemy/domains/de/test/auto/TwoSigmaDelta.xml (RunModel)" time="2.042" />
  <testcase classname="ptolemy.util.test.junit.AutoTests" name="[75] /home/travis/build/icyphy/ptII/ptolemy/domains/de/test/auto/VariableDelay.xml (RunModel)" time="0.01" />
  <testcase classname="ptolemy.util.test.junit.AutoTests" name="[76] /home/travis/build/icyphy/ptII/ptolemy/domains/de/test/auto/VariableDelay2.xml (RunModel)" time="0.009" />
  <testcase classname="ptolemy.util.test.junit.AutoTests" name="[77] /home/travis/build/icyphy/ptII/ptolemy/domains/de/test/auto/VariableDelayZeroDelay.xml (RunModel)" time="0.013" />
  <testcase classname="ptolemy.util.test.junit.AutoTests" name="[78] /home/travis/build/icyphy/ptII/ptolemy/domains/de/test/auto/VariableDelayZeroDelay2.xml (RunModel)" time="0.013" />
  <testcase classname="ptolemy.util.test.junit.AutoTests" name="[79] /home/travis/build/icyphy/ptII/ptolemy/domains/de/test/auto/deInCt.xml (RunModel)" time="0.014" />
  <testcase classname="ptolemy.util.test.junit.AutoTests" name="[80] /home/travis/build/icyphy/ptII/ptolemy/domains/de/test/auto/deInCt2.xml (RunModel)" time="0.016" />
  <testcase classname="ptolemy.util.test.junit.AutoTests" name="[81] /home/travis/build/icyphy/ptII/ptolemy/domains/de/test/auto/dynamicCausalityInterface1.xml (RunModel)" time="0.017" />
  <testcase classname="ptolemy.util.test.junit.AutoTests" name="[82] /home/travis/build/icyphy/ptII/ptolemy/domains/de/test/auto/fsm_de_test.xml (RunModel)" time="0.021" />
  <testcase classname="ptolemy.util.test.junit.AutoTests" name="[83] /home/travis/build/icyphy/ptII/ptolemy/domains/de/test/auto/functionDependencyReconstruction.xml (RunModel)" time="0.028" />
  <testcase classname="ptolemy.util.test.junit.AutoTests" name="[84] /home/travis/build/icyphy/ptII/ptolemy/domains/de/test/auto/multirate.xml (RunModel)" time="0.014" />
  <testcase classname="ptolemy.util.test.junit.AutoTests" name="[85] /home/travis/build/icyphy/ptII/ptolemy/domains/de/test/auto/multirate2.xml (RunModel)" time="0.013" />
  <testcase classname="ptolemy.util.test.junit.AutoTests" name="[86] /home/travis/build/icyphy/ptII/ptolemy/domains/de/test/auto/realtime.xml (RunModel)" time="10.01" />
  <testcase classname="ptolemy.util.test.junit.AutoTests" name="[87] /home/travis/build/icyphy/ptII/ptolemy/domains/de/test/auto/relationGroup.xml (RunModel)" time="0.007" />
  <testcase classname="ptolemy.util.test.junit.AutoTests" name="[88] /home/travis/build/icyphy/ptII/ptolemy/domains/de/test/auto/relationGroup2.xml (RunModel)" time="0.01" />
  <testcase classname="ptolemy.util.test.junit.AutoTests" name="[89] /home/travis/build/icyphy/ptII/ptolemy/domains/de/test/auto/sortWithOpaquePorts.xml (RunModel)" time="0.011" />
  <testcase classname="ptolemy.util.test.junit.AutoTests" name="[90] /home/travis/build/icyphy/ptII/ptolemy/domains/de/test/auto/transferInputsandOutputs.xml (RunModel)" time="0.014" />
  <testcase classname="ptolemy.util.test.junit.AutoTests" name="[91] /home/travis/build/icyphy/ptII/ptolemy/domains/de/test/auto/triggerType.xml (RunModel)" time="0.009" />
  <system-out><![CDATA[/home/travis/build/icyphy/ptII/ptolemy/domains/de/test/DependencyLoop.tcl
testDefs.tcl: setting time out to 9000 seconds at Fri May 11 01:53:41 UTC 2018
13 ms. Memory: 116224K Free: 95082K (82%)
6 ms. Memory: 146944K Free: 137823K (94%)
/home/travis/build/icyphy/ptII/ptolemy/domains/de/test/RunDETestsAsQSS.tcl
Run the DE tests using ptolemy.domains.qss.test.QSSDirectorTest, which extends QSSDirector and prints a message in the constructors.
------------------ testing $PTII/ptolemy/domains/de/test/auto/knownFailedTests/dependencyLoop.xml (Known Failure) 
14 ms. Memory: 146944K Free: 133547K (91%)


==== $PTIIhome/travis/build/icyphy/ptII/ptolemy/domains/de/test/../../../../: Auto Automatic test in file $PTII/ptolemy/domains/de/test/auto/knownFailedTests/dependencyLoop.xml
==== Contents of test case:

	    # FIXME: we should use $relativeFilename here, but it
	    # might have backslashes under Windows, which causes no end
	    # of trouble.
	    createAndExecute $file
	    list {}
	
.... Test generated KNOWN error:
    while executing
ptolemy.kernel.util.IllegalActionException: Found a zero delay loop containing .dependencyLoop.original
  in .dependencyLoop and .dependencyLoop.original
	at ptolemy.actor.util.CausalityInterfaceForComposites._computeOutputPortDepth(CausalityInterfaceForComposites.java:759)
	at ptolemy.actor.util.CausalityInterfaceForComposites._computeInputDepth(CausalityInterfaceForComposites.java:696)
	at ptolemy.actor.util.CausalityInterfaceForComposites._computeOutputPortDepth(CausalityInterfaceForComposites.java:765)
	at ptolemy.actor.util.CausalityInterfaceForComposites._computeInputDepth(CausalityInterfaceForComposites.java:696)
	at ptolemy.actor.util.CausalityInterfaceForComposites._computeOutputPortDepth(CausalityInterfaceForComposites.java:765)
	at ptolemy.actor.util.CausalityInterfaceForComposites._computeInputDepth(CausalityInterfaceForComposites.java:696)
	at ptolemy.actor.util.CausalityInterfaceForComposites._computeActorDepth(CausalityInterfaceForComposites.java:532)
	at ptolemy.actor.util.CausalityInterfaceForComposites.checkForCycles(CausalityInterfaceForComposites.java:96)
	at ptolemy.domains.de.kernel.DEDirector.preinitialize(DEDirector.java:1337)
	at ptolemy.actor.CompositeActor.preinitialize(CompositeActor.java:1828)
	at ptolemy.actor.Manager.preinitializeAndResolveTypes(Manager.java:1040)
	at ptolemy.actor.Manager.initialize(Manager.java:710)
	at ptolemy.actor.Manager.execute(Manager.java:356)
	at ptolemy.actor.Manager.run(Manager.java:1263)
	at ptolemy.actor.Manager$PtolemyRunThread.run(Manager.java:1915)

    while executing
ptolemy.kernel.util.IllegalActionException: Found a zero delay loop containing .dependencyLoop.original
  in .dependencyLoop and .dependencyLoop.original
    while executing
"java::new ptolemy.moml.MoMLSimpleApplication $file
"
    (procedure "createAndExecute" line 2)
    invoked from within
"createAndExecute $file"
    ("uplevel" body line 5)
    invoked from within
"uplevel $contents_of_test"
------------------ testing $PTII/ptolemy/domains/de/test/auto/knownFailedTests/DESDFClockTest.xml (Known Failure) 
2052 ms. Memory: 146944K Free: 117726K (80%)


==== $PTIIhome/travis/build/icyphy/ptII/ptolemy/domains/de/test/../../../../: Auto Automatic test in file $PTII/ptolemy/domains/de/test/auto/knownFailedTests/DESDFClockTest.xml
==== Contents of test case:

	    # FIXME: we should use $relativeFilename here, but it
	    # might have backslashes under Windows, which causes no end
	    # of trouble.
	    createAndExecute $file
	    list {}
	
.... Test generated KNOWN error:
    while executing
ptolemy.kernel.util.IllegalActionException: Actor is not ready to fire.  Perhaps UpSample.prefire() returned false? Try debugging the actor by selecting "Listen to Actor".  Also, for SDF check moml for tokenConsumptionRate on input.
  in .DESDFClockTest.Play Bell.Copy1:SDF Director and .DESDFClockTest.Play Bell.UpSample
	at ptolemy.actor.sched.StaticSchedulingDirector.fire(StaticSchedulingDirector.java:227)
	at ptolemy.domains.sdf.kernel.SDFDirector.fire(SDFDirector.java:500)
	at ptolemy.actor.CompositeActor.fire(CompositeActor.java:455)
	at ptolemy.domains.de.kernel.DEDirector._fire(DEDirector.java:1948)
	at ptolemy.domains.de.kernel.DEDirector.fire(DEDirector.java:502)
	at ptolemy.actor.CompositeActor.fire(CompositeActor.java:455)
	at ptolemy.actor.Manager.iterate(Manager.java:851)
	at ptolemy.actor.Manager.execute(Manager.java:369)
	at ptolemy.actor.Manager.run(Manager.java:1263)
	at ptolemy.actor.Manager$PtolemyRunThread.run(Manager.java:1915)

    while executing
ptolemy.kernel.util.IllegalActionException: Actor is not ready to fire.  Perhaps UpSample.prefire() returned false? Try debugging the actor by selecting "Listen to Actor".  Also, for SDF check moml for tokenConsumptionRate on input.
  in .DESDFClockTest.Play Bell.Copy1:SDF Director and .DESDFClockTest.Play Bell.UpSample
    while executing
"java::new ptolemy.moml.MoMLSimpleApplication $file
"
    (procedure "createAndExecute" line 2)
    invoked from within
"createAndExecute $file"
    ("uplevel" body line 5)
    invoked from within
"uplevel $contents_of_test"
------------------ testing $PTII/ptolemy/domains/de/test/auto/knownFailedTests/FSMSource.xml (Known Failure) 
31 ms. Memory: 146944K Free: 108738K (74%)
!!!! Auto was marked as failing, but now passes
------------------ testing $PTII/ptolemy/domains/de/test/auto/knownFailedTests/dependencyLoop2.xml (Known Failure) 
6 ms. Memory: 146944K Free: 106855K (73%)


==== $PTIIhome/travis/build/icyphy/ptII/ptolemy/domains/de/test/../../../../: Auto Automatic test in file $PTII/ptolemy/domains/de/test/auto/knownFailedTests/dependencyLoop2.xml
==== Contents of test case:

	    # FIXME: we should use $relativeFilename here, but it
	    # might have backslashes under Windows, which causes no end
	    # of trouble.
	    createAndExecute $file
	    list {}
	
.... Test generated KNOWN error:
    while executing
ptolemy.kernel.util.IllegalActionException: Found a zero delay loop containing .dependencyLoop2.original
  in .dependencyLoop2 and .dependencyLoop2.original
	at ptolemy.actor.util.CausalityInterfaceForComposites._computeOutputPortDepth(CausalityInterfaceForComposites.java:759)
	at ptolemy.actor.util.CausalityInterfaceForComposites._computeInputDepth(CausalityInterfaceForComposites.java:696)
	at ptolemy.actor.util.CausalityInterfaceForComposites._computeOutputPortDepth(CausalityInterfaceForComposites.java:765)
	at ptolemy.actor.util.CausalityInterfaceForComposites._computeInputDepth(CausalityInterfaceForComposites.java:696)
	at ptolemy.actor.util.CausalityInterfaceForComposites._computeOutputPortDepth(CausalityInterfaceForComposites.java:765)
	at ptolemy.actor.util.CausalityInterfaceForComposites._computeInputDepth(CausalityInterfaceForComposites.java:696)
	at ptolemy.actor.util.CausalityInterfaceForComposites._computeActorDepth(CausalityInterfaceForComposites.java:532)
	at ptolemy.actor.util.CausalityInterfaceForComposites.checkForCycles(CausalityInterfaceForComposites.java:96)
	at ptolemy.domains.de.kernel.DEDirector.preinitialize(DEDirector.java:1337)
	at ptolemy.actor.CompositeActor.preinitialize(CompositeActor.java:1828)
	at ptolemy.actor.Manager.preinitializeAndResolveTypes(Manager.java:1040)
	at ptolemy.actor.Manager.initialize(Manager.java:710)
	at ptolemy.actor.Manager.execute(Manager.java:356)
	at ptolemy.actor.Manager.run(Manager.java:1263)
	at ptolemy.actor.Manager$PtolemyRunThread.run(Manager.java:1915)

    while executing
ptolemy.kernel.util.IllegalActionException: Found a zero delay loop containing .dependencyLoop2.original
  in .dependencyLoop2 and .dependencyLoop2.original
    while executing
"java::new ptolemy.moml.MoMLSimpleApplication $file
"
    (procedure "createAndExecute" line 2)
    invoked from within
"createAndExecute $file"
    ("uplevel" body line 5)
    invoked from within
"uplevel $contents_of_test"
------------------ testing $PTII/ptolemy/domains/de/test/auto/knownFailedTests/HierarchicalModel.xml (Known Failure) 
7 ms. Memory: 146944K Free: 86308K (59%)


==== $PTIIhome/travis/build/icyphy/ptII/ptolemy/domains/de/test/../../../../: Auto Automatic test in file $PTII/ptolemy/domains/de/test/auto/knownFailedTests/HierarchicalModel.xml
==== Contents of test case:

	    # FIXME: we should use $relativeFilename here, but it
	    # might have backslashes under Windows, which causes no end
	    # of trouble.
	    createAndExecute $file
	    list {}
	
.... Test generated KNOWN error:
    while executing
ptolemy.kernel.util.IllegalActionException: Found a zero delay loop containing .HierarchicalModel.A
  in .HierarchicalModel and .HierarchicalModel.A
	at ptolemy.actor.util.CausalityInterfaceForComposites._computeOutputPortDepth(CausalityInterfaceForComposites.java:759)
	at ptolemy.actor.util.CausalityInterfaceForComposites._computeInputDepth(CausalityInterfaceForComposites.java:696)
	at ptolemy.actor.util.CausalityInterfaceForComposites._computeOutputPortDepth(CausalityInterfaceForComposites.java:765)
	at ptolemy.actor.util.CausalityInterfaceForComposites._computeInputDepth(CausalityInterfaceForComposites.java:696)
	at ptolemy.actor.util.CausalityInterfaceForComposites._computeOutputPortDepth(CausalityInterfaceForComposites.java:765)
	at ptolemy.actor.util.CausalityInterfaceForComposites._computeInputDepth(CausalityInterfaceForComposites.java:696)
	at ptolemy.actor.util.CausalityInterfaceForComposites._computeActorDepth(CausalityInterfaceForComposites.java:532)
	at ptolemy.actor.util.CausalityInterfaceForComposites.checkForCycles(CausalityInterfaceForComposites.java:96)
	at ptolemy.domains.de.kernel.DEDirector.preinitialize(DEDirector.java:1337)
	at ptolemy.actor.CompositeActor.preinitialize(CompositeActor.java:1828)
	at ptolemy.actor.Manager.preinitializeAndResolveTypes(Manager.java:1040)
	at ptolemy.actor.Manager.initialize(Manager.java:710)
	at ptolemy.actor.Manager.execute(Manager.java:356)
	at ptolemy.actor.Manager.run(Manager.java:1263)
	at ptolemy.actor.Manager$PtolemyRunThread.run(Manager.java:1915)

    while executing
ptolemy.kernel.util.IllegalActionException: Found a zero delay loop containing .HierarchicalModel.A
  in .HierarchicalModel and .HierarchicalModel.A
    while executing
"java::new ptolemy.moml.MoMLSimpleApplication $file
"
    (procedure "createAndExecute" line 2)
    invoked from within
"createAndExecute $file"
    ("uplevel" body line 5)
    invoked from within
"uplevel $contents_of_test"
------------------ testing $PTII/ptolemy/domains/de/test/auto/knownFailedTests/DirectFeedback.xml (Known Failure) 
5 ms. Memory: 146944K Free: 82121K (56%)


==== $PTIIhome/travis/build/icyphy/ptII/ptolemy/domains/de/test/../../../../: Auto Automatic test in file $PTII/ptolemy/domains/de/test/auto/knownFailedTests/DirectFeedback.xml
==== Contents of test case:

	    # FIXME: we should use $relativeFilename here, but it
	    # might have backslashes under Windows, which causes no end
	    # of trouble.
	    createAndExecute $file
	    list {}
	
.... Test generated KNOWN error:
    while executing
ptolemy.kernel.util.IllegalActionException: Test fails in iteration 1.
Value was: 1.0. Should have been: 2.0
  in .DirectFeedback.Test
	at ptolemy.actor.lib.Test.fire(Test.java:268)
	at ptolemy.domains.de.kernel.DEDirector._fire(DEDirector.java:1948)
	at ptolemy.domains.de.kernel.DEDirector.fire(DEDirector.java:502)
	at ptolemy.actor.CompositeActor.fire(CompositeActor.java:455)
	at ptolemy.actor.Manager.iterate(Manager.java:851)
	at ptolemy.actor.Manager.execute(Manager.java:369)
	at ptolemy.actor.Manager.run(Manager.java:1263)
	at ptolemy.actor.Manager$PtolemyRunThread.run(Manager.java:1915)

    while executing
ptolemy.kernel.util.IllegalActionException: Test fails in iteration 1.
Value was: 1.0. Should have been: 2.0
  in .DirectFeedback.Test
    while executing
"java::new ptolemy.moml.MoMLSimpleApplication $file
"
    (procedure "createAndExecute" line 2)
    invoked from within
"createAndExecute $file"
    ("uplevel" body line 5)
    invoked from within
"uplevel $contents_of_test"
------------------ testing $PTII/ptolemy/domains/de/test/auto/ActorDepthCalculation_actorWithoutPorts.xml
auto.tcl: Setting watchdog for 200 seconds at Fri May 11 01:53:44 UTC 2018
3 ms. Memory: 146944K Free: 134887K (92%)
ptolemy.util.test.WatchDog.cancel(): canceling Fri May 11 01:53:45 UTC 2018
auto.tcl: Setting watchdog for 200 seconds at Fri May 11 01:53:45 UTC 2018
3 ms. Memory: 146944K Free: 132837K (90%)
ptolemy.util.test.WatchDog.cancel(): canceling Fri May 11 01:53:45 UTC 2018
------------------ testing $PTII/ptolemy/domains/de/test/auto/AssemblyLine.xml
auto.tcl: Setting watchdog for 200 seconds at Fri May 11 01:53:45 UTC 2018
11 ms. Memory: 208384K Free: 186227K (89%)
ptolemy.util.test.WatchDog.cancel(): canceling Fri May 11 01:53:45 UTC 2018
auto.tcl: Setting watchdog for 200 seconds at Fri May 11 01:53:45 UTC 2018
6 ms. Memory: 208384K Free: 186227K (89%)
ptolemy.util.test.WatchDog.cancel(): canceling Fri May 11 01:53:45 UTC 2018
------------------ testing $PTII/ptolemy/domains/de/test/auto/CQBug1.xml
auto.tcl: Setting watchdog for 200 seconds at Fri May 11 01:53:45 UTC 2018
11 ms. Memory: 208384K Free: 197668K (95%)
ptolemy.util.test.WatchDog.cancel(): canceling Fri May 11 01:53:45 UTC 2018
auto.tcl: Setting watchdog for 200 seconds at Fri May 11 01:53:45 UTC 2018
2 ms. Memory: 208384K Free: 197668K (95%)
ptolemy.util.test.WatchDog.cancel(): canceling Fri May 11 01:53:45 UTC 2018
------------------ testing $PTII/ptolemy/domains/de/test/auto/CancelFireAt.xml
auto.tcl: Setting watchdog for 200 seconds at Fri May 11 01:53:45 UTC 2018
4 ms. Memory: 208384K Free: 201075K (96%)
ptolemy.util.test.WatchDog.cancel(): canceling Fri May 11 01:53:45 UTC 2018
auto.tcl: Setting watchdog for 200 seconds at Fri May 11 01:53:45 UTC 2018
14 ms. Memory: 208384K Free: 198951K (95%)
ptolemy.util.test.WatchDog.cancel(): canceling Fri May 11 01:53:45 UTC 2018
------------------ testing $PTII/ptolemy/domains/de/test/auto/CausalityAndComposabilityAnalysis.xml
auto.tcl: Setting watchdog for 200 seconds at Fri May 11 01:53:45 UTC 2018
14 ms. Memory: 208384K Free: 198547K (95%)
ptolemy.util.test.WatchDog.cancel(): canceling Fri May 11 01:53:45 UTC 2018
auto.tcl: Setting watchdog for 200 seconds at Fri May 11 01:53:45 UTC 2018
5 ms. Memory: 208384K Free: 196422K (94%)
ptolemy.util.test.WatchDog.cancel(): canceling Fri May 11 01:53:45 UTC 2018
------------------ testing $PTII/ptolemy/domains/de/test/auto/CausalityInterface1.xml
auto.tcl: Setting watchdog for 200 seconds at Fri May 11 01:53:45 UTC 2018
20 ms. Memory: 208384K Free: 196359K (94%)
ptolemy.util.test.WatchDog.cancel(): canceling Fri May 11 01:53:45 UTC 2018
auto.tcl: Setting watchdog for 200 seconds at Fri May 11 01:53:45 UTC 2018
3 ms. Memory: 208384K Free: 196359K (94%)
ptolemy.util.test.WatchDog.cancel(): canceling Fri May 11 01:53:45 UTC 2018
------------------ testing $PTII/ptolemy/domains/de/test/auto/CausalityInterface15.xml
auto.tcl: Setting watchdog for 200 seconds at Fri May 11 01:53:46 UTC 2018
10 ms. Memory: 208384K Free: 196349K (94%)
ptolemy.util.test.WatchDog.cancel(): canceling Fri May 11 01:53:46 UTC 2018
auto.tcl: Setting watchdog for 200 seconds at Fri May 11 01:53:46 UTC 2018
6 ms. Memory: 208384K Free: 196349K (94%)
ptolemy.util.test.WatchDog.cancel(): canceling Fri May 11 01:53:46 UTC 2018
------------------ testing $PTII/ptolemy/domains/de/test/auto/CausalityInterface2.xml
auto.tcl: Setting watchdog for 200 seconds at Fri May 11 01:53:46 UTC 2018
8 ms. Memory: 208384K Free: 196332K (94%)
ptolemy.util.test.WatchDog.cancel(): canceling Fri May 11 01:53:46 UTC 2018
auto.tcl: Setting watchdog for 200 seconds at Fri May 11 01:53:46 UTC 2018
7 ms. Memory: 208384K Free: 196332K (94%)
ptolemy.util.test.WatchDog.cancel(): canceling Fri May 11 01:53:46 UTC 2018
------------------ testing $PTII/ptolemy/domains/de/test/auto/CausalityInterface3.xml
auto.tcl: Setting watchdog for 200 seconds at Fri May 11 01:53:46 UTC 2018
5 ms. Memory: 208384K Free: 196345K (94%)
ptolemy.util.test.WatchDog.cancel(): canceling Fri May 11 01:53:46 UTC 2018
auto.tcl: Setting watchdog for 200 seconds at Fri May 11 01:53:46 UTC 2018
4 ms. Memory: 208384K Free: 196345K (94%)
ptolemy.util.test.WatchDog.cancel(): canceling Fri May 11 01:53:46 UTC 2018
------------------ testing $PTII/ptolemy/domains/de/test/auto/ClockDrift.xml
auto.tcl: Setting watchdog for 200 seconds at Fri May 11 01:53:46 UTC 2018
78 ms. Memory: 208384K Free: 187503K (90%)
ptolemy.util.test.WatchDog.cancel(): canceling Fri May 11 01:53:46 UTC 2018
auto.tcl: Setting watchdog for 200 seconds at Fri May 11 01:53:46 UTC 2018
54 ms. Memory: 208384K Free: 185378K (89%)
ptolemy.util.test.WatchDog.cancel(): canceling Fri May 11 01:53:46 UTC 2018
------------------ testing $PTII/ptolemy/domains/de/test/auto/ClockDriftAndValueChange.xml
auto.tcl: Setting watchdog for 200 seconds at Fri May 11 01:53:46 UTC 2018
50 ms. Memory: 208384K Free: 187339K (90%)
ptolemy.util.test.WatchDog.cancel(): canceling Fri May 11 01:53:46 UTC 2018
auto.tcl: Setting watchdog for 200 seconds at Fri May 11 01:53:46 UTC 2018
36 ms. Memory: 208384K Free: 185214K (89%)
ptolemy.util.test.WatchDog.cancel(): canceling Fri May 11 01:53:46 UTC 2018
------------------ testing $PTII/ptolemy/domains/de/test/auto/ClockDriftChange.xml
auto.tcl: Setting watchdog for 200 seconds at Fri May 11 01:53:46 UTC 2018
31 ms. Memory: 208384K Free: 190685K (92%)
ptolemy.util.test.WatchDog.cancel(): canceling Fri May 11 01:53:46 UTC 2018
auto.tcl: Setting watchdog for 200 seconds at Fri May 11 01:53:46 UTC 2018
18 ms. Memory: 208384K Free: 188560K (90%)
ptolemy.util.test.WatchDog.cancel(): canceling Fri May 11 01:53:46 UTC 2018
------------------ testing $PTII/ptolemy/domains/de/test/auto/ComposableCausalityAnalysis.xml
auto.tcl: Setting watchdog for 200 seconds at Fri May 11 01:53:46 UTC 2018
3 ms. Memory: 208384K Free: 196201K (94%)
ptolemy.util.test.WatchDog.cancel(): canceling Fri May 11 01:53:46 UTC 2018
auto.tcl: Setting watchdog for 200 seconds at Fri May 11 01:53:46 UTC 2018
2 ms. Memory: 208384K Free: 194076K (93%)
ptolemy.util.test.WatchDog.cancel(): canceling Fri May 11 01:53:46 UTC 2018
------------------ testing $PTII/ptolemy/domains/de/test/auto/DEFixedPointLimitation.xml
auto.tcl: Setting watchdog for 200 seconds at Fri May 11 01:53:47 UTC 2018
1 ms. Memory: 208384K Free: 198204K (95%)
ptolemy.util.test.WatchDog.cancel(): canceling Fri May 11 01:53:47 UTC 2018
auto.tcl: Setting watchdog for 200 seconds at Fri May 11 01:53:47 UTC 2018
2 ms. Memory: 208384K Free: 196077K (94%)
ptolemy.util.test.WatchDog.cancel(): canceling Fri May 11 01:53:47 UTC 2018
------------------ testing $PTII/ptolemy/domains/de/test/auto/DEScheduleTest.xml
auto.tcl: Setting watchdog for 200 seconds at Fri May 11 01:53:47 UTC 2018
5 ms. Memory: 208384K Free: 198239K (95%)
ptolemy.util.test.WatchDog.cancel(): canceling Fri May 11 01:53:47 UTC 2018
auto.tcl: Setting watchdog for 200 seconds at Fri May 11 01:53:47 UTC 2018
3 ms. Memory: 208384K Free: 196114K (94%)
ptolemy.util.test.WatchDog.cancel(): canceling Fri May 11 01:53:47 UTC 2018
------------------ testing $PTII/ptolemy/domains/de/test/auto/DEinDEwithStartTimes.xml
auto.tcl: Setting watchdog for 200 seconds at Fri May 11 01:53:47 UTC 2018
8 ms. Memory: 208384K Free: 196083K (94%)
ptolemy.util.test.WatchDog.cancel(): canceling Fri May 11 01:53:47 UTC 2018
auto.tcl: Setting watchdog for 200 seconds at Fri May 11 01:53:47 UTC 2018
3 ms. Memory: 208384K Free: 193958K (93%)
ptolemy.util.test.WatchDog.cancel(): canceling Fri May 11 01:53:47 UTC 2018
------------------ testing $PTII/ptolemy/domains/de/test/auto/DEinDEwithStartTimes2.xml
auto.tcl: Setting watchdog for 200 seconds at Fri May 11 01:53:47 UTC 2018
6 ms. Memory: 208384K Free: 196400K (94%)
ptolemy.util.test.WatchDog.cancel(): canceling Fri May 11 01:53:47 UTC 2018
auto.tcl: Setting watchdog for 200 seconds at Fri May 11 01:53:47 UTC 2018
3 ms. Memory: 208384K Free: 194275K (93%)
ptolemy.util.test.WatchDog.cancel(): canceling Fri May 11 01:53:47 UTC 2018
------------------ testing $PTII/ptolemy/domains/de/test/auto/DateDemo.xml
auto.tcl: Setting watchdog for 200 seconds at Fri May 11 01:53:47 UTC 2018
15 ms. Memory: 208384K Free: 188427K (90%)
ptolemy.util.test.WatchDog.cancel(): canceling Fri May 11 01:53:47 UTC 2018
auto.tcl: Setting watchdog for 200 seconds at Fri May 11 01:53:47 UTC 2018
9 ms. Memory: 208384K Free: 186302K (89%)
ptolemy.util.test.WatchDog.cancel(): canceling Fri May 11 01:53:47 UTC 2018
------------------ testing $PTII/ptolemy/domains/de/test/auto/DateToEvent.xml
auto.tcl: Setting watchdog for 200 seconds at Fri May 11 01:53:47 UTC 2018
2016 ms. Memory: 208384K Free: 183051K (88%)
ptolemy.util.test.WatchDog.cancel(): canceling Fri May 11 01:53:49 UTC 2018
auto.tcl: Setting watchdog for 200 seconds at Fri May 11 01:53:49 UTC 2018
2005 ms. Memory: 208384K Free: 180593K (87%)
ptolemy.util.test.WatchDog.cancel(): canceling Fri May 11 01:53:51 UTC 2018
------------------ testing $PTII/ptolemy/domains/de/test/auto/DepthTest1.xml
auto.tcl: Setting watchdog for 200 seconds at Fri May 11 01:53:51 UTC 2018
4 ms. Memory: 208384K Free: 198106K (95%)
ptolemy.util.test.WatchDog.cancel(): canceling Fri May 11 01:53:51 UTC 2018
auto.tcl: Setting watchdog for 200 seconds at Fri May 11 01:53:51 UTC 2018
1 ms. Memory: 208384K Free: 198106K (95%)
ptolemy.util.test.WatchDog.cancel(): canceling Fri May 11 01:53:51 UTC 2018
------------------ testing $PTII/ptolemy/domains/de/test/auto/DepthTest2.xml
auto.tcl: Setting watchdog for 200 seconds at Fri May 11 01:53:51 UTC 2018
3 ms. Memory: 208384K Free: 193952K (93%)
ptolemy.util.test.WatchDog.cancel(): canceling Fri May 11 01:53:51 UTC 2018
auto.tcl: Setting watchdog for 200 seconds at Fri May 11 01:53:51 UTC 2018
2 ms. Memory: 208384K Free: 193952K (93%)
ptolemy.util.test.WatchDog.cancel(): canceling Fri May 11 01:53:51 UTC 2018
------------------ testing $PTII/ptolemy/domains/de/test/auto/DepthTest3.xml
auto.tcl: Setting watchdog for 200 seconds at Fri May 11 01:53:51 UTC 2018
2 ms. Memory: 208384K Free: 198441K (95%)
ptolemy.util.test.WatchDog.cancel(): canceling Fri May 11 01:53:51 UTC 2018
auto.tcl: Setting watchdog for 200 seconds at Fri May 11 01:53:51 UTC 2018
1 ms. Memory: 208384K Free: 198441K (95%)
ptolemy.util.test.WatchDog.cancel(): canceling Fri May 11 01:53:51 UTC 2018
------------------ testing $PTII/ptolemy/domains/de/test/auto/DepthTest4.xml
auto.tcl: Setting watchdog for 200 seconds at Fri May 11 01:53:51 UTC 2018
9 ms. Memory: 208384K Free: 196065K (94%)
ptolemy.util.test.WatchDog.cancel(): canceling Fri May 11 01:53:51 UTC 2018
auto.tcl: Setting watchdog for 200 seconds at Fri May 11 01:53:51 UTC 2018
2 ms. Memory: 208384K Free: 196065K (94%)
ptolemy.util.test.WatchDog.cancel(): canceling Fri May 11 01:53:51 UTC 2018
------------------ testing $PTII/ptolemy/domains/de/test/auto/DepthTest5.xml
auto.tcl: Setting watchdog for 200 seconds at Fri May 11 01:53:51 UTC 2018
4 ms. Memory: 208384K Free: 196012K (94%)
ptolemy.util.test.WatchDog.cancel(): canceling Fri May 11 01:53:51 UTC 2018
auto.tcl: Setting watchdog for 200 seconds at Fri May 11 01:53:51 UTC 2018
2 ms. Memory: 208384K Free: 196012K (94%)
ptolemy.util.test.WatchDog.cancel(): canceling Fri May 11 01:53:51 UTC 2018
------------------ testing $PTII/ptolemy/domains/de/test/auto/DepthTest6.xml
auto.tcl: Setting watchdog for 200 seconds at Fri May 11 01:53:51 UTC 2018
9 ms. Memory: 208384K Free: 195973K (94%)
ptolemy.util.test.WatchDog.cancel(): canceling Fri May 11 01:53:51 UTC 2018
auto.tcl: Setting watchdog for 200 seconds at Fri May 11 01:53:52 UTC 2018
2 ms. Memory: 208384K Free: 195973K (94%)
ptolemy.util.test.WatchDog.cancel(): canceling Fri May 11 01:53:52 UTC 2018
------------------ testing $PTII/ptolemy/domains/de/test/auto/DepthTest7.xml
auto.tcl: Setting watchdog for 200 seconds at Fri May 11 01:53:52 UTC 2018
2 ms. Memory: 208384K Free: 195969K (94%)
ptolemy.util.test.WatchDog.cancel(): canceling Fri May 11 01:53:52 UTC 2018
auto.tcl: Setting watchdog for 200 seconds at Fri May 11 01:53:52 UTC 2018
2 ms. Memory: 208384K Free: 195969K (94%)
ptolemy.util.test.WatchDog.cancel(): canceling Fri May 11 01:53:52 UTC 2018
------------------ testing $PTII/ptolemy/domains/de/test/auto/EventToDate.xml
auto.tcl: Setting watchdog for 200 seconds at Fri May 11 01:53:52 UTC 2018
3009 ms. Memory: 208384K Free: 182909K (88%)
ptolemy.util.test.WatchDog.cancel(): canceling Fri May 11 01:53:55 UTC 2018
auto.tcl: Setting watchdog for 200 seconds at Fri May 11 01:53:55 UTC 2018
3005 ms. Memory: 208384K Free: 182909K (88%)
ptolemy.util.test.WatchDog.cancel(): canceling Fri May 11 01:53:58 UTC 2018
------------------ testing $PTII/ptolemy/domains/de/test/auto/FSM1.xml
auto.tcl: Setting watchdog for 200 seconds at Fri May 11 01:53:58 UTC 2018
23 ms. Memory: 208384K Free: 188971K (91%)
ptolemy.util.test.WatchDog.cancel(): canceling Fri May 11 01:53:58 UTC 2018
auto.tcl: Setting watchdog for 200 seconds at Fri May 11 01:53:58 UTC 2018
14 ms. Memory: 208384K Free: 184722K (89%)
ptolemy.util.test.WatchDog.cancel(): canceling Fri May 11 01:53:58 UTC 2018
------------------ testing $PTII/ptolemy/domains/de/test/auto/FSM7.xml
auto.tcl: Setting watchdog for 200 seconds at Fri May 11 01:53:58 UTC 2018
14 ms. Memory: 208384K Free: 187388K (90%)
ptolemy.util.test.WatchDog.cancel(): canceling Fri May 11 01:53:58 UTC 2018
auto.tcl: Setting watchdog for 200 seconds at Fri May 11 01:53:58 UTC 2018
16 ms. Memory: 208384K Free: 185263K (89%)
ptolemy.util.test.WatchDog.cancel(): canceling Fri May 11 01:53:58 UTC 2018
------------------ testing $PTII/ptolemy/domains/de/test/auto/Inspection.xml
auto.tcl: Setting watchdog for 200 seconds at Fri May 11 01:53:58 UTC 2018
22 ms. Memory: 208384K Free: 188604K (91%)
ptolemy.util.test.WatchDog.cancel(): canceling Fri May 11 01:53:58 UTC 2018
auto.tcl: Setting watchdog for 200 seconds at Fri May 11 01:53:58 UTC 2018
21 ms. Memory: 208384K Free: 186479K (89%)
ptolemy.util.test.WatchDog.cancel(): canceling Fri May 11 01:53:58 UTC 2018
------------------ testing $PTII/ptolemy/domains/de/test/auto/Iteration.xml
auto.tcl: Setting watchdog for 200 seconds at Fri May 11 01:53:58 UTC 2018
10 ms. Memory: 208384K Free: 196115K (94%)
ptolemy.util.test.WatchDog.cancel(): canceling Fri May 11 01:53:58 UTC 2018
auto.tcl: Setting watchdog for 200 seconds at Fri May 11 01:53:58 UTC 2018
6 ms. Memory: 208384K Free: 193990K (93%)
ptolemy.util.test.WatchDog.cancel(): canceling Fri May 11 01:53:58 UTC 2018
------------------ testing $PTII/ptolemy/domains/de/test/auto/LineFault.xml
auto.tcl: Setting watchdog for 200 seconds at Fri May 11 01:53:58 UTC 2018
655 ms. Memory: 208384K Free: 194729K (93%)
ptolemy.util.test.WatchDog.cancel(): canceling Fri May 11 01:53:59 UTC 2018
auto.tcl: Setting watchdog for 200 seconds at Fri May 11 01:53:59 UTC 2018
531 ms. Memory: 208384K Free: 138578K (67%)
ptolemy.util.test.WatchDog.cancel(): canceling Fri May 11 01:54:00 UTC 2018
------------------ testing $PTII/ptolemy/domains/de/test/auto/MergeModel1Add.xml
auto.tcl: Setting watchdog for 200 seconds at Fri May 11 01:54:00 UTC 2018
27 ms. Memory: 331264K Free: 302661K (91%)
ptolemy.util.test.WatchDog.cancel(): canceling Fri May 11 01:54:00 UTC 2018
auto.tcl: Setting watchdog for 200 seconds at Fri May 11 01:54:00 UTC 2018
8 ms. Memory: 331264K Free: 298724K (90%)
ptolemy.util.test.WatchDog.cancel(): canceling Fri May 11 01:54:00 UTC 2018
------------------ testing $PTII/ptolemy/domains/de/test/auto/MergeModel2Add.xml
auto.tcl: Setting watchdog for 200 seconds at Fri May 11 01:54:00 UTC 2018
6 ms. Memory: 331264K Free: 303999K (92%)
ptolemy.util.test.WatchDog.cancel(): canceling Fri May 11 01:54:00 UTC 2018
auto.tcl: Setting watchdog for 200 seconds at Fri May 11 01:54:00 UTC 2018
8 ms. Memory: 331264K Free: 300061K (91%)
ptolemy.util.test.WatchDog.cancel(): canceling Fri May 11 01:54:00 UTC 2018
------------------ testing $PTII/ptolemy/domains/de/test/auto/MergeModel3Add.xml
auto.tcl: Setting watchdog for 200 seconds at Fri May 11 01:54:00 UTC 2018
10 ms. Memory: 331264K Free: 304009K (92%)
ptolemy.util.test.WatchDog.cancel(): canceling Fri May 11 01:54:00 UTC 2018
auto.tcl: Setting watchdog for 200 seconds at Fri May 11 01:54:00 UTC 2018
9 ms. Memory: 331264K Free: 300072K (91%)
ptolemy.util.test.WatchDog.cancel(): canceling Fri May 11 01:54:00 UTC 2018
------------------ testing $PTII/ptolemy/domains/de/test/auto/MergeWithoutDiscard.xml
auto.tcl: Setting watchdog for 200 seconds at Fri May 11 01:54:00 UTC 2018
4 ms. Memory: 331264K Free: 315819K (95%)
ptolemy.util.test.WatchDog.cancel(): canceling Fri May 11 01:54:00 UTC 2018
auto.tcl: Setting watchdog for 200 seconds at Fri May 11 01:54:00 UTC 2018
1 ms. Memory: 331264K Free: 315819K (95%)
ptolemy.util.test.WatchDog.cancel(): canceling Fri May 11 01:54:00 UTC 2018
------------------ testing $PTII/ptolemy/domains/de/test/auto/Modal1.xml
auto.tcl: Setting watchdog for 200 seconds at Fri May 11 01:54:00 UTC 2018
11 ms. Memory: 331264K Free: 309722K (93%)
ptolemy.util.test.WatchDog.cancel(): canceling Fri May 11 01:54:00 UTC 2018
auto.tcl: Setting watchdog for 200 seconds at Fri May 11 01:54:00 UTC 2018
11 ms. Memory: 331264K Free: 305784K (92%)
ptolemy.util.test.WatchDog.cancel(): canceling Fri May 11 01:54:00 UTC 2018
------------------ testing $PTII/ptolemy/domains/de/test/auto/Modal2.xml
auto.tcl: Setting watchdog for 200 seconds at Fri May 11 01:54:00 UTC 2018
17 ms. Memory: 331264K Free: 309595K (93%)
ptolemy.util.test.WatchDog.cancel(): canceling Fri May 11 01:54:00 UTC 2018
auto.tcl: Setting watchdog for 200 seconds at Fri May 11 01:54:00 UTC 2018
14 ms. Memory: 331264K Free: 305658K (92%)
ptolemy.util.test.WatchDog.cancel(): canceling Fri May 11 01:54:00 UTC 2018
------------------ testing $PTII/ptolemy/domains/de/test/auto/Modal3.xml
auto.tcl: Setting watchdog for 200 seconds at Fri May 11 01:54:00 UTC 2018
16 ms. Memory: 331264K Free: 309594K (93%)
ptolemy.util.test.WatchDog.cancel(): canceling Fri May 11 01:54:01 UTC 2018
auto.tcl: Setting watchdog for 200 seconds at Fri May 11 01:54:01 UTC 2018
15 ms. Memory: 331264K Free: 305657K (92%)
ptolemy.util.test.WatchDog.cancel(): canceling Fri May 11 01:54:01 UTC 2018
------------------ testing $PTII/ptolemy/domains/de/test/auto/Modal4.xml
auto.tcl: Setting watchdog for 200 seconds at Fri May 11 01:54:01 UTC 2018
24 ms. Memory: 331264K Free: 309607K (93%)
ptolemy.util.test.WatchDog.cancel(): canceling Fri May 11 01:54:01 UTC 2018
auto.tcl: Setting watchdog for 200 seconds at Fri May 11 01:54:01 UTC 2018
12 ms. Memory: 331264K Free: 305670K (92%)
ptolemy.util.test.WatchDog.cancel(): canceling Fri May 11 01:54:01 UTC 2018
------------------ testing $PTII/ptolemy/domains/de/test/auto/Modal5.xml
auto.tcl: Setting watchdog for 200 seconds at Fri May 11 01:54:01 UTC 2018
10 ms. Memory: 331264K Free: 309595K (93%)
ptolemy.util.test.WatchDog.cancel(): canceling Fri May 11 01:54:01 UTC 2018
auto.tcl: Setting watchdog for 200 seconds at Fri May 11 01:54:01 UTC 2018
12 ms. Memory: 331264K Free: 305657K (92%)
ptolemy.util.test.WatchDog.cancel(): canceling Fri May 11 01:54:01 UTC 2018
------------------ testing $PTII/ptolemy/domains/de/test/auto/Modal6.xml
auto.tcl: Setting watchdog for 200 seconds at Fri May 11 01:54:01 UTC 2018
10 ms. Memory: 331264K Free: 309592K (93%)
ptolemy.util.test.WatchDog.cancel(): canceling Fri May 11 01:54:01 UTC 2018
auto.tcl: Setting watchdog for 200 seconds at Fri May 11 01:54:01 UTC 2018
11 ms. Memory: 331264K Free: 305654K (92%)
ptolemy.util.test.WatchDog.cancel(): canceling Fri May 11 01:54:01 UTC 2018
------------------ testing $PTII/ptolemy/domains/de/test/auto/Modal7.xml
auto.tcl: Setting watchdog for 200 seconds at Fri May 11 01:54:01 UTC 2018
9 ms. Memory: 331264K Free: 309592K (93%)
ptolemy.util.test.WatchDog.cancel(): canceling Fri May 11 01:54:01 UTC 2018
auto.tcl: Setting watchdog for 200 seconds at Fri May 11 01:54:01 UTC 2018
10 ms. Memory: 331264K Free: 305655K (92%)
ptolemy.util.test.WatchDog.cancel(): canceling Fri May 11 01:54:01 UTC 2018
------------------ testing $PTII/ptolemy/domains/de/test/auto/ModalModel.xml
auto.tcl: Setting watchdog for 200 seconds at Fri May 11 01:54:01 UTC 2018
142 ms. Memory: 331264K Free: 246137K (74%)
ptolemy.util.test.WatchDog.cancel(): canceling Fri May 11 01:54:01 UTC 2018
auto.tcl: Setting watchdog for 200 seconds at Fri May 11 01:54:01 UTC 2018
157 ms. Memory: 331264K Free: 191011K (58%)
ptolemy.util.test.WatchDog.cancel(): canceling Fri May 11 01:54:01 UTC 2018
------------------ testing $PTII/ptolemy/domains/de/test/auto/ModalSource.xml
auto.tcl: Setting watchdog for 200 seconds at Fri May 11 01:54:01 UTC 2018
6 ms. Memory: 331264K Free: 316364K (96%)
ptolemy.util.test.WatchDog.cancel(): canceling Fri May 11 01:54:01 UTC 2018
auto.tcl: Setting watchdog for 200 seconds at Fri May 11 01:54:01 UTC 2018
6 ms. Memory: 331264K Free: 312857K (94%)
ptolemy.util.test.WatchDog.cancel(): canceling Fri May 11 01:54:01 UTC 2018
------------------ testing $PTII/ptolemy/domains/de/test/auto/NonInterruptibleTimerZeroDelay.xml
auto.tcl: Setting watchdog for 200 seconds at Fri May 11 01:54:02 UTC 2018
3 ms. Memory: 331264K Free: 320710K (97%)
ptolemy.util.test.WatchDog.cancel(): canceling Fri May 11 01:54:02 UTC 2018
auto.tcl: Setting watchdog for 200 seconds at Fri May 11 01:54:02 UTC 2018
2 ms. Memory: 331264K Free: 317202K (96%)
ptolemy.util.test.WatchDog.cancel(): canceling Fri May 11 01:54:02 UTC 2018
------------------ testing $PTII/ptolemy/domains/de/test/auto/OpenQueueingNetwork.xml
auto.tcl: Setting watchdog for 200 seconds at Fri May 11 01:54:02 UTC 2018
2939 ms. Memory: 317952K Free: 145548K (46%)
ptolemy.util.test.WatchDog.cancel(): canceling Fri May 11 01:54:05 UTC 2018
auto.tcl: Setting watchdog for 200 seconds at Fri May 11 01:54:05 UTC 2018
2491 ms. Memory: 287232K Free: 211503K (74%)
ptolemy.util.test.WatchDog.cancel(): canceling Fri May 11 01:54:07 UTC 2018
------------------ testing $PTII/ptolemy/domains/de/test/auto/OpenQueuingNetwork.xml
auto.tcl: Setting watchdog for 200 seconds at Fri May 11 01:54:07 UTC 2018
256 ms. Memory: 287232K Free: 183622K (64%)
ptolemy.util.test.WatchDog.cancel(): canceling Fri May 11 01:54:08 UTC 2018
auto.tcl: Setting watchdog for 200 seconds at Fri May 11 01:54:08 UTC 2018
256 ms. Memory: 287232K Free: 123788K (43%)
ptolemy.util.test.WatchDog.cancel(): canceling Fri May 11 01:54:08 UTC 2018
------------------ testing $PTII/ptolemy/domains/de/test/auto/PeriodicSampler.xml
auto.tcl: Setting watchdog for 200 seconds at Fri May 11 01:54:08 UTC 2018
2 ms. Memory: 289792K Free: 274668K (95%)
ptolemy.util.test.WatchDog.cancel(): canceling Fri May 11 01:54:08 UTC 2018
auto.tcl: Setting watchdog for 200 seconds at Fri May 11 01:54:08 UTC 2018
2 ms. Memory: 289792K Free: 274668K (95%)
ptolemy.util.test.WatchDog.cancel(): canceling Fri May 11 01:54:08 UTC 2018
------------------ testing $PTII/ptolemy/domains/de/test/auto/PersistentIO.xml
auto.tcl: Setting watchdog for 200 seconds at Fri May 11 01:54:08 UTC 2018
4 ms. Memory: 287232K Free: 267099K (93%)
ptolemy.util.test.WatchDog.cancel(): canceling Fri May 11 01:54:08 UTC 2018
auto.tcl: Setting watchdog for 200 seconds at Fri May 11 01:54:08 UTC 2018
4 ms. Memory: 287232K Free: 267099K (93%)
ptolemy.util.test.WatchDog.cancel(): canceling Fri May 11 01:54:08 UTC 2018
------------------ testing $PTII/ptolemy/domains/de/test/auto/PortParameterResetOnInitialize.xml
auto.tcl: Setting watchdog for 200 seconds at Fri May 11 01:54:08 UTC 2018
2 ms. Memory: 289280K Free: 274718K (95%)
ptolemy.util.test.WatchDog.cancel(): canceling Fri May 11 01:54:08 UTC 2018
auto.tcl: Setting watchdog for 200 seconds at Fri May 11 01:54:08 UTC 2018
2 ms. Memory: 289280K Free: 274718K (95%)
ptolemy.util.test.WatchDog.cancel(): canceling Fri May 11 01:54:08 UTC 2018
------------------ testing $PTII/ptolemy/domains/de/test/auto/PortParameterUpdates.xml
auto.tcl: Setting watchdog for 200 seconds at Fri May 11 01:54:08 UTC 2018
3 ms. Memory: 287232K Free: 272803K (95%)
ptolemy.util.test.WatchDog.cancel(): canceling Fri May 11 01:54:08 UTC 2018
auto.tcl: Setting watchdog for 200 seconds at Fri May 11 01:54:08 UTC 2018
3 ms. Memory: 287232K Free: 269949K (94%)
ptolemy.util.test.WatchDog.cancel(): canceling Fri May 11 01:54:08 UTC 2018
------------------ testing $PTII/ptolemy/domains/de/test/auto/QueueAndServer.xml
auto.tcl: Setting watchdog for 200 seconds at Fri May 11 01:54:08 UTC 2018
7 ms. Memory: 289280K Free: 271844K (94%)
ptolemy.util.test.WatchDog.cancel(): canceling Fri May 11 01:54:08 UTC 2018
auto.tcl: Setting watchdog for 200 seconds at Fri May 11 01:54:08 UTC 2018
6 ms. Memory: 289280K Free: 271844K (94%)
ptolemy.util.test.WatchDog.cancel(): canceling Fri May 11 01:54:08 UTC 2018
------------------ testing $PTII/ptolemy/domains/de/test/auto/Records.xml
auto.tcl: Setting watchdog for 200 seconds at Fri May 11 01:54:08 UTC 2018
15 ms. Memory: 287232K Free: 272593K (95%)
ptolemy.util.test.WatchDog.cancel(): canceling Fri May 11 01:54:08 UTC 2018
auto.tcl: Setting watchdog for 200 seconds at Fri May 11 01:54:08 UTC 2018
2 ms. Memory: 287232K Free: 272593K (95%)
ptolemy.util.test.WatchDog.cancel(): canceling Fri May 11 01:54:08 UTC 2018
------------------ testing $PTII/ptolemy/domains/de/test/auto/ResetTransitionWithStartTime1.xml
auto.tcl: Setting watchdog for 200 seconds at Fri May 11 01:54:08 UTC 2018
5 ms. Memory: 288768K Free: 273475K (95%)
ptolemy.util.test.WatchDog.cancel(): canceling Fri May 11 01:54:08 UTC 2018
auto.tcl: Setting watchdog for 200 seconds at Fri May 11 01:54:08 UTC 2018
5 ms. Memory: 288768K Free: 270511K (94%)
ptolemy.util.test.WatchDog.cancel(): canceling Fri May 11 01:54:08 UTC 2018
------------------ testing $PTII/ptolemy/domains/de/test/auto/ResetTransitionWithStartTime2.xml
auto.tcl: Setting watchdog for 200 seconds at Fri May 11 01:54:08 UTC 2018
5 ms. Memory: 287232K Free: 271914K (95%)
ptolemy.util.test.WatchDog.cancel(): canceling Fri May 11 01:54:08 UTC 2018
auto.tcl: Setting watchdog for 200 seconds at Fri May 11 01:54:08 UTC 2018
3 ms. Memory: 287232K Free: 269043K (94%)
ptolemy.util.test.WatchDog.cancel(): canceling Fri May 11 01:54:08 UTC 2018
------------------ testing $PTII/ptolemy/domains/de/test/auto/ResetTransitionWithStartTime3.xml
auto.tcl: Setting watchdog for 200 seconds at Fri May 11 01:54:08 UTC 2018
4 ms. Memory: 288768K Free: 271289K (94%)
ptolemy.util.test.WatchDog.cancel(): canceling Fri May 11 01:54:08 UTC 2018
auto.tcl: Setting watchdog for 200 seconds at Fri May 11 01:54:08 UTC 2018
4 ms. Memory: 288768K Free: 268426K (93%)
ptolemy.util.test.WatchDog.cancel(): canceling Fri May 11 01:54:08 UTC 2018
------------------ testing $PTII/ptolemy/domains/de/test/auto/ResetTransitionWithStartTime4.xml
auto.tcl: Setting watchdog for 200 seconds at Fri May 11 01:54:08 UTC 2018
4 ms. Memory: 287232K Free: 271825K (95%)
ptolemy.util.test.WatchDog.cancel(): canceling Fri May 11 01:54:08 UTC 2018
auto.tcl: Setting watchdog for 200 seconds at Fri May 11 01:54:08 UTC 2018
4 ms. Memory: 287232K Free: 271825K (95%)
ptolemy.util.test.WatchDog.cancel(): canceling Fri May 11 01:54:08 UTC 2018
------------------ testing $PTII/ptolemy/domains/de/test/auto/ResettableTimer1.xml
auto.tcl: Setting watchdog for 200 seconds at Fri May 11 01:54:09 UTC 2018
4 ms. Memory: 288768K Free: 276210K (96%)
ptolemy.util.test.WatchDog.cancel(): canceling Fri May 11 01:54:09 UTC 2018
auto.tcl: Setting watchdog for 200 seconds at Fri May 11 01:54:09 UTC 2018
2 ms. Memory: 288768K Free: 276210K (96%)
ptolemy.util.test.WatchDog.cancel(): canceling Fri May 11 01:54:09 UTC 2018
------------------ testing $PTII/ptolemy/domains/de/test/auto/ResettableTimer2.xml
auto.tcl: Setting watchdog for 200 seconds at Fri May 11 01:54:09 UTC 2018
2 ms. Memory: 287232K Free: 274818K (96%)
ptolemy.util.test.WatchDog.cancel(): canceling Fri May 11 01:54:09 UTC 2018
auto.tcl: Setting watchdog for 200 seconds at Fri May 11 01:54:09 UTC 2018
2 ms. Memory: 287232K Free: 274818K (96%)
ptolemy.util.test.WatchDog.cancel(): canceling Fri May 11 01:54:09 UTC 2018
------------------ testing $PTII/ptolemy/domains/de/test/auto/ResettableTimer3.xml
auto.tcl: Setting watchdog for 200 seconds at Fri May 11 01:54:09 UTC 2018
1 ms. Memory: 288256K Free: 275748K (96%)
ptolemy.util.test.WatchDog.cancel(): canceling Fri May 11 01:54:09 UTC 2018
auto.tcl: Setting watchdog for 200 seconds at Fri May 11 01:54:09 UTC 2018
1 ms. Memory: 288256K Free: 275748K (96%)
ptolemy.util.test.WatchDog.cancel(): canceling Fri May 11 01:54:09 UTC 2018
------------------ testing $PTII/ptolemy/domains/de/test/auto/ResettableTimer4.xml
auto.tcl: Setting watchdog for 200 seconds at Fri May 11 01:54:09 UTC 2018
1 ms. Memory: 287232K Free: 274839K (96%)
ptolemy.util.test.WatchDog.cancel(): canceling Fri May 11 01:54:09 UTC 2018
auto.tcl: Setting watchdog for 200 seconds at Fri May 11 01:54:09 UTC 2018
1 ms. Memory: 287232K Free: 274839K (96%)
ptolemy.util.test.WatchDog.cancel(): canceling Fri May 11 01:54:09 UTC 2018
------------------ testing $PTII/ptolemy/domains/de/test/auto/ResettableTimer5.xml
auto.tcl: Setting watchdog for 200 seconds at Fri May 11 01:54:09 UTC 2018
1 ms. Memory: 288256K Free: 273795K (95%)
ptolemy.util.test.WatchDog.cancel(): canceling Fri May 11 01:54:09 UTC 2018
auto.tcl: Setting watchdog for 200 seconds at Fri May 11 01:54:09 UTC 2018
2 ms. Memory: 288256K Free: 273795K (95%)
ptolemy.util.test.WatchDog.cancel(): canceling Fri May 11 01:54:09 UTC 2018
------------------ testing $PTII/ptolemy/domains/de/test/auto/ResettableTimer6.xml
auto.tcl: Setting watchdog for 200 seconds at Fri May 11 01:54:09 UTC 2018
2 ms. Memory: 287232K Free: 272627K (95%)
ptolemy.util.test.WatchDog.cancel(): canceling Fri May 11 01:54:09 UTC 2018
auto.tcl: Setting watchdog for 200 seconds at Fri May 11 01:54:09 UTC 2018
2 ms. Memory: 287232K Free: 272627K (95%)
ptolemy.util.test.WatchDog.cancel(): canceling Fri May 11 01:54:09 UTC 2018
------------------ testing $PTII/ptolemy/domains/de/test/auto/ServerZeroDelay.xml
auto.tcl: Setting watchdog for 200 seconds at Fri May 11 01:54:09 UTC 2018
3 ms. Memory: 288256K Free: 275793K (96%)
ptolemy.util.test.WatchDog.cancel(): canceling Fri May 11 01:54:09 UTC 2018
auto.tcl: Setting watchdog for 200 seconds at Fri May 11 01:54:09 UTC 2018
2 ms. Memory: 288256K Free: 275793K (96%)
ptolemy.util.test.WatchDog.cancel(): canceling Fri May 11 01:54:09 UTC 2018
------------------ testing $PTII/ptolemy/domains/de/test/auto/SmartSender.xml
auto.tcl: Setting watchdog for 200 seconds at Fri May 11 01:54:09 UTC 2018
3002 ms. Memory: 287232K Free: 272705K (95%)
ptolemy.util.test.WatchDog.cancel(): canceling Fri May 11 01:54:12 UTC 2018
auto.tcl: Setting watchdog for 200 seconds at Fri May 11 01:54:12 UTC 2018
3001 ms. Memory: 287232K Free: 272705K (95%)
ptolemy.util.test.WatchDog.cancel(): canceling Fri May 11 01:54:15 UTC 2018
------------------ testing $PTII/ptolemy/domains/de/test/auto/ThreadedComposite.xml
auto.tcl: Setting watchdog for 200 seconds at Fri May 11 01:54:15 UTC 2018
246 ms. Memory: 288256K Free: 252704K (88%)
ptolemy.util.test.WatchDog.cancel(): canceling Fri May 11 01:54:15 UTC 2018
auto.tcl: Setting watchdog for 200 seconds at Fri May 11 01:54:15 UTC 2018
151 ms. Memory: 288256K Free: 234645K (81%)
ptolemy.util.test.WatchDog.cancel(): canceling Fri May 11 01:54:15 UTC 2018
------------------ testing $PTII/ptolemy/domains/de/test/auto/Time.xml
auto.tcl: Setting watchdog for 200 seconds at Fri May 11 01:54:15 UTC 2018
492 ms. Memory: 287232K Free: 218830K (76%)
ptolemy.util.test.WatchDog.cancel(): canceling Fri May 11 01:54:16 UTC 2018
auto.tcl: Setting watchdog for 200 seconds at Fri May 11 01:54:16 UTC 2018
474 ms. Memory: 287232K Free: 161734K (56%)
ptolemy.util.test.WatchDog.cancel(): canceling Fri May 11 01:54:16 UTC 2018
------------------ testing $PTII/ptolemy/domains/de/test/auto/TimeDelayZeroDelay.xml
auto.tcl: Setting watchdog for 200 seconds at Fri May 11 01:54:16 UTC 2018
1 ms. Memory: 287744K Free: 275712K (96%)
ptolemy.util.test.WatchDog.cancel(): canceling Fri May 11 01:54:16 UTC 2018
auto.tcl: Setting watchdog for 200 seconds at Fri May 11 01:54:16 UTC 2018
2 ms. Memory: 287744K Free: 275712K (96%)
ptolemy.util.test.WatchDog.cancel(): canceling Fri May 11 01:54:16 UTC 2018
------------------ testing $PTII/ptolemy/domains/de/test/auto/TimerZeroDelay.xml
auto.tcl: Setting watchdog for 200 seconds at Fri May 11 01:54:17 UTC 2018
4 ms. Memory: 287232K Free: 275310K (96%)
ptolemy.util.test.WatchDog.cancel(): canceling Fri May 11 01:54:17 UTC 2018
auto.tcl: Setting watchdog for 200 seconds at Fri May 11 01:54:17 UTC 2018
2 ms. Memory: 287232K Free: 275310K (96%)
ptolemy.util.test.WatchDog.cancel(): canceling Fri May 11 01:54:17 UTC 2018
------------------ testing $PTII/ptolemy/domains/de/test/auto/TimingParadox.xml
auto.tcl: Setting watchdog for 200 seconds at Fri May 11 01:54:17 UTC 2018
352 ms. Memory: 287744K Free: 207725K (72%)
ptolemy.util.test.WatchDog.cancel(): canceling Fri May 11 01:54:17 UTC 2018
auto.tcl: Setting watchdog for 200 seconds at Fri May 11 01:54:17 UTC 2018
329 ms. Memory: 287744K Free: 171714K (60%)
ptolemy.util.test.WatchDog.cancel(): canceling Fri May 11 01:54:17 UTC 2018
------------------ testing $PTII/ptolemy/domains/de/test/auto/TransferInputs.xml
auto.tcl: Setting watchdog for 200 seconds at Fri May 11 01:54:17 UTC 2018
1 ms. Memory: 287744K Free: 274684K (95%)
ptolemy.util.test.WatchDog.cancel(): canceling Fri May 11 01:54:17 UTC 2018
auto.tcl: Setting watchdog for 200 seconds at Fri May 11 01:54:17 UTC 2018
2 ms. Memory: 287744K Free: 274684K (95%)
ptolemy.util.test.WatchDog.cancel(): canceling Fri May 11 01:54:17 UTC 2018
------------------ testing $PTII/ptolemy/domains/de/test/auto/TransferOutputs2.xml
auto.tcl: Setting watchdog for 200 seconds at Fri May 11 01:54:17 UTC 2018
3 ms. Memory: 287232K Free: 270631K (94%)
ptolemy.util.test.WatchDog.cancel(): canceling Fri May 11 01:54:18 UTC 2018
auto.tcl: Setting watchdog for 200 seconds at Fri May 11 01:54:18 UTC 2018
2 ms. Memory: 287232K Free: 268031K (93%)
ptolemy.util.test.WatchDog.cancel(): canceling Fri May 11 01:54:18 UTC 2018
------------------ testing $PTII/ptolemy/domains/de/test/auto/Trilateration.xml
auto.tcl: Setting watchdog for 200 seconds at Fri May 11 01:54:18 UTC 2018
12549 ms. Memory: 759296K Free: 729531K (96%)
ptolemy.util.test.WatchDog.cancel(): canceling Fri May 11 01:54:31 UTC 2018
auto.tcl: Setting watchdog for 200 seconds at Fri May 11 01:54:31 UTC 2018
10474 ms. Memory: 639488K Free: 568939K (89%)
ptolemy.util.test.WatchDog.cancel(): canceling Fri May 11 01:54:42 UTC 2018
------------------ testing $PTII/ptolemy/domains/de/test/auto/TwoSigmaDelta.xml
auto.tcl: Setting watchdog for 200 seconds at Fri May 11 01:54:42 UTC 2018
2555 ms. Memory: 643072K Free: 326744K (51%)
ptolemy.util.test.WatchDog.cancel(): canceling Fri May 11 01:54:44 UTC 2018
auto.tcl: Setting watchdog for 200 seconds at Fri May 11 01:54:44 UTC 2018
2057 ms. Memory: 643072K Free: 94846K (15%)
ptolemy.util.test.WatchDog.cancel(): canceling Fri May 11 01:54:46 UTC 2018
------------------ testing $PTII/ptolemy/domains/de/test/auto/VariableDelay.xml
auto.tcl: Setting watchdog for 200 seconds at Fri May 11 01:54:46 UTC 2018
3 ms. Memory: 640000K Free: 620431K (97%)
ptolemy.util.test.WatchDog.cancel(): canceling Fri May 11 01:54:46 UTC 2018
auto.tcl: Setting watchdog for 200 seconds at Fri May 11 01:54:46 UTC 2018
1 ms. Memory: 640000K Free: 620431K (97%)
ptolemy.util.test.WatchDog.cancel(): canceling Fri May 11 01:54:46 UTC 2018
------------------ testing $PTII/ptolemy/domains/de/test/auto/VariableDelay2.xml
auto.tcl: Setting watchdog for 200 seconds at Fri May 11 01:54:46 UTC 2018
1 ms. Memory: 639488K Free: 620341K (97%)
ptolemy.util.test.WatchDog.cancel(): canceling Fri May 11 01:54:46 UTC 2018
auto.tcl: Setting watchdog for 200 seconds at Fri May 11 01:54:46 UTC 2018
2 ms. Memory: 639488K Free: 620341K (97%)
ptolemy.util.test.WatchDog.cancel(): canceling Fri May 11 01:54:46 UTC 2018
------------------ testing $PTII/ptolemy/domains/de/test/auto/VariableDelayZeroDelay.xml
auto.tcl: Setting watchdog for 200 seconds at Fri May 11 01:54:47 UTC 2018
2 ms. Memory: 639488K Free: 614759K (96%)
ptolemy.util.test.WatchDog.cancel(): canceling Fri May 11 01:54:47 UTC 2018
auto.tcl: Setting watchdog for 200 seconds at Fri May 11 01:54:47 UTC 2018
2 ms. Memory: 639488K Free: 614759K (96%)
ptolemy.util.test.WatchDog.cancel(): canceling Fri May 11 01:54:47 UTC 2018
------------------ testing $PTII/ptolemy/domains/de/test/auto/VariableDelayZeroDelay2.xml
auto.tcl: Setting watchdog for 200 seconds at Fri May 11 01:54:47 UTC 2018
2 ms. Memory: 642048K Free: 617318K (96%)
ptolemy.util.test.WatchDog.cancel(): canceling Fri May 11 01:54:47 UTC 2018
auto.tcl: Setting watchdog for 200 seconds at Fri May 11 01:54:47 UTC 2018
2 ms. Memory: 642048K Free: 617318K (96%)
ptolemy.util.test.WatchDog.cancel(): canceling Fri May 11 01:54:47 UTC 2018
------------------ testing $PTII/ptolemy/domains/de/test/auto/deInCt.xml
auto.tcl: Setting watchdog for 200 seconds at Fri May 11 01:54:47 UTC 2018
0
1
1
1
1
1
0
0
0
1
1
1
0
0
0
1
1
1
1
0
0
0
1
1
1
0
0
0
1
1
1
0
0
0
1
1
1
1
12 ms. Memory: 639488K Free: 614746K (96%)
ptolemy.util.test.WatchDog.cancel(): canceling Fri May 11 01:54:47 UTC 2018
auto.tcl: Setting watchdog for 200 seconds at Fri May 11 01:54:47 UTC 2018
0
1
1
1
1
1
1
0
0
0
0
1
1
1
0
0
1
1
1
0
0
0
1
1
1
0
0
0
0
1
1
1
1
8 ms. Memory: 639488K Free: 614746K (96%)
ptolemy.util.test.WatchDog.cancel(): canceling Fri May 11 01:54:47 UTC 2018
------------------ testing $PTII/ptolemy/domains/de/test/auto/deInCt2.xml
auto.tcl: Setting watchdog for 200 seconds at Fri May 11 01:54:47 UTC 2018
0
1
1
1
0
0
1
1
1
0
0
1
1
1
0
0
1
1
1
0
0
1
1
1
0
0
1
1
1
0
0
1
1
1
0
0
1
1
1
0
0
0
5 ms. Memory: 642048K Free: 617306K (96%)
ptolemy.util.test.WatchDog.cancel(): canceling Fri May 11 01:54:47 UTC 2018
auto.tcl: Setting watchdog for 200 seconds at Fri May 11 01:54:47 UTC 2018
0
1
1
1
0
0
1
1
1
0
0
1
1
1
0
0
1
1
1
0
0
1
1
1
0
0
1
1
1
0
0
1
1
1
0
0
1
1
1
0
0
0
5 ms. Memory: 642048K Free: 617306K (96%)
ptolemy.util.test.WatchDog.cancel(): canceling Fri May 11 01:54:47 UTC 2018
------------------ testing $PTII/ptolemy/domains/de/test/auto/dynamicCausalityInterface1.xml
auto.tcl: Setting watchdog for 200 seconds at Fri May 11 01:54:47 UTC 2018
1 ms. Memory: 639488K Free: 611620K (96%)
ptolemy.util.test.WatchDog.cancel(): canceling Fri May 11 01:54:47 UTC 2018
auto.tcl: Setting watchdog for 200 seconds at Fri May 11 01:54:47 UTC 2018
2 ms. Memory: 639488K Free: 611620K (96%)
ptolemy.util.test.WatchDog.cancel(): canceling Fri May 11 01:54:47 UTC 2018
------------------ testing $PTII/ptolemy/domains/de/test/auto/fsm_de_test.xml
auto.tcl: Setting watchdog for 200 seconds at Fri May 11 01:54:47 UTC 2018
7 ms. Memory: 641536K Free: 616693K (96%)
ptolemy.util.test.WatchDog.cancel(): canceling Fri May 11 01:54:47 UTC 2018
auto.tcl: Setting watchdog for 200 seconds at Fri May 11 01:54:47 UTC 2018
6 ms. Memory: 641536K Free: 607966K (95%)
ptolemy.util.test.WatchDog.cancel(): canceling Fri May 11 01:54:47 UTC 2018
------------------ testing $PTII/ptolemy/domains/de/test/auto/functionDependencyReconstruction.xml
auto.tcl: Setting watchdog for 200 seconds at Fri May 11 01:54:47 UTC 2018
2 ms. Memory: 639488K Free: 605900K (95%)
ptolemy.util.test.WatchDog.cancel(): canceling Fri May 11 01:54:47 UTC 2018
auto.tcl: Setting watchdog for 200 seconds at Fri May 11 01:54:47 UTC 2018
3 ms. Memory: 639488K Free: 605900K (95%)
ptolemy.util.test.WatchDog.cancel(): canceling Fri May 11 01:54:47 UTC 2018
------------------ testing $PTII/ptolemy/domains/de/test/auto/multirate.xml
auto.tcl: Setting watchdog for 200 seconds at Fri May 11 01:54:47 UTC 2018
3 ms. Memory: 641536K Free: 622132K (97%)
ptolemy.util.test.WatchDog.cancel(): canceling Fri May 11 01:54:47 UTC 2018
auto.tcl: Setting watchdog for 200 seconds at Fri May 11 01:54:47 UTC 2018
3 ms. Memory: 641536K Free: 622132K (97%)
ptolemy.util.test.WatchDog.cancel(): canceling Fri May 11 01:54:47 UTC 2018
------------------ testing $PTII/ptolemy/domains/de/test/auto/multirate2.xml
auto.tcl: Setting watchdog for 200 seconds at Fri May 11 01:54:47 UTC 2018
8 ms. Memory: 639488K Free: 620280K (97%)
ptolemy.util.test.WatchDog.cancel(): canceling Fri May 11 01:54:47 UTC 2018
auto.tcl: Setting watchdog for 200 seconds at Fri May 11 01:54:47 UTC 2018
3 ms. Memory: 639488K Free: 620280K (97%)
ptolemy.util.test.WatchDog.cancel(): canceling Fri May 11 01:54:47 UTC 2018
------------------ testing $PTII/ptolemy/domains/de/test/auto/realtime.xml
auto.tcl: Setting watchdog for 200 seconds at Fri May 11 01:54:47 UTC 2018
10001 ms. Memory: 641024K Free: 616225K (96%)
ptolemy.util.test.WatchDog.cancel(): canceling Fri May 11 01:54:57 UTC 2018
auto.tcl: Setting watchdog for 200 seconds at Fri May 11 01:54:57 UTC 2018
10001 ms. Memory: 641024K Free: 616225K (96%)
ptolemy.util.test.WatchDog.cancel(): canceling Fri May 11 01:55:07 UTC 2018
------------------ testing $PTII/ptolemy/domains/de/test/auto/relationGroup.xml
auto.tcl: Setting watchdog for 200 seconds at Fri May 11 01:55:07 UTC 2018
1 ms. Memory: 639488K Free: 620305K (97%)
ptolemy.util.test.WatchDog.cancel(): canceling Fri May 11 01:55:07 UTC 2018
auto.tcl: Setting watchdog for 200 seconds at Fri May 11 01:55:07 UTC 2018
1 ms. Memory: 639488K Free: 620305K (97%)
ptolemy.util.test.WatchDog.cancel(): canceling Fri May 11 01:55:07 UTC 2018
------------------ testing $PTII/ptolemy/domains/de/test/auto/relationGroup2.xml
auto.tcl: Setting watchdog for 200 seconds at Fri May 11 01:55:07 UTC 2018
1 ms. Memory: 641024K Free: 616287K (96%)
ptolemy.util.test.WatchDog.cancel(): canceling Fri May 11 01:55:07 UTC 2018
auto.tcl: Setting watchdog for 200 seconds at Fri May 11 01:55:07 UTC 2018
1 ms. Memory: 641024K Free: 616287K (96%)
ptolemy.util.test.WatchDog.cancel(): canceling Fri May 11 01:55:07 UTC 2018
------------------ testing $PTII/ptolemy/domains/de/test/auto/sortWithOpaquePorts.xml
auto.tcl: Setting watchdog for 200 seconds at Fri May 11 01:55:07 UTC 2018
1 ms. Memory: 639488K Free: 614752K (96%)
ptolemy.util.test.WatchDog.cancel(): canceling Fri May 11 01:55:07 UTC 2018
auto.tcl: Setting watchdog for 200 seconds at Fri May 11 01:55:07 UTC 2018
1 ms. Memory: 639488K Free: 614752K (96%)
ptolemy.util.test.WatchDog.cancel(): canceling Fri May 11 01:55:07 UTC 2018
------------------ testing $PTII/ptolemy/domains/de/test/auto/transferInputsandOutputs.xml
auto.tcl: Setting watchdog for 200 seconds at Fri May 11 01:55:07 UTC 2018
2 ms. Memory: 640512K Free: 615763K (96%)
ptolemy.util.test.WatchDog.cancel(): canceling Fri May 11 01:55:07 UTC 2018
auto.tcl: Setting watchdog for 200 seconds at Fri May 11 01:55:07 UTC 2018
2 ms. Memory: 640512K Free: 615763K (96%)
ptolemy.util.test.WatchDog.cancel(): canceling Fri May 11 01:55:07 UTC 2018
------------------ testing $PTII/ptolemy/domains/de/test/auto/triggerType.xml
auto.tcl: Setting watchdog for 200 seconds at Fri May 11 01:55:07 UTC 2018
1 ms. Memory: 639488K Free: 614690K (96%)
ptolemy.util.test.WatchDog.cancel(): canceling Fri May 11 01:55:07 UTC 2018
auto.tcl: Setting watchdog for 200 seconds at Fri May 11 01:55:07 UTC 2018
1 ms. Memory: 639488K Free: 614690K (96%)
ptolemy.util.test.WatchDog.cancel(): canceling Fri May 11 01:55:07 UTC 2018
05/11/18 01:55:07
Failed: 0  Total Tests: 192  ((Passed: 187, Newly Passed: 1)  Known Failed: 5) /home/travis/build/icyphy/ptII/ptolemy/domains/de/test
05/11/18 01:55:07
Failed: 0  Total Tests: 192  ((Passed: 187, Newly Passed: 1)  Known Failed: 5) /home/travis/build/icyphy/ptII/ptolemy/domains/de/test
----------------- testing (KnownFailure) /home/travis/build/icyphy/ptII/ptolemy/domains/de/test/auto/knownFailedTests/DESDFClockTest.xml
2007 ms. Memory: 640512K Free: 604606K (94%)
Known Failure: java.lang.reflect.InvocationTargetException
----------------- testing (KnownFailure) /home/travis/build/icyphy/ptII/ptolemy/domains/de/test/auto/knownFailedTests/DirectFeedback.xml
2 ms. Memory: 640512K Free: 559950K (87%)
Known Failure: java.lang.reflect.InvocationTargetException
----------------- testing (KnownFailure) /home/travis/build/icyphy/ptII/ptolemy/domains/de/test/auto/knownFailedTests/FSMSource.xml
10 ms. Memory: 640512K Free: 515304K (80%)
----------------- testing (KnownFailure) /home/travis/build/icyphy/ptII/ptolemy/domains/de/test/auto/knownFailedTests/HierarchicalModel.xml
2 ms. Memory: 640512K Free: 481803K (75%)
Known Failure: java.lang.reflect.InvocationTargetException
----------------- testing (KnownFailure) /home/travis/build/icyphy/ptII/ptolemy/domains/de/test/auto/knownFailedTests/dependencyLoop.xml
2 ms. Memory: 640512K Free: 425978K (67%)
Known Failure: java.lang.reflect.InvocationTargetException
----------------- testing (KnownFailure) /home/travis/build/icyphy/ptII/ptolemy/domains/de/test/auto/knownFailedTests/dependencyLoop2.xml
1 ms. Memory: 640512K Free: 370154K (58%)
Known Failure: java.lang.reflect.InvocationTargetException
No auto/*.xml tests in /home/travis/build/icyphy/ptII/ptolemy/domains/de/test
AutoTests.java: About to close Vertx.
AutoTests.java: Vertx closed.
----------------- testing Fri May 11 01:55:10 UTC 2018 /home/travis/build/icyphy/ptII/ptolemy/domains/de/test/auto/ActorDepthCalculation_actorWithoutPorts.xml
----------------- Instantiating /home/travis/build/icyphy/ptII/ptolemy/domains/de/test/auto/ActorDepthCalculation_actorWithoutPorts.xml
1 ms. Memory: 640512K Free: 314346K (49%)
----------------- Invoking toplevel() on ptolemy.moml.MoMLSimpleApplication@45102e6d
----------------- Done invoking toplevel() on ptolemy.moml.MoMLSimpleApplication@45102e6d
reloadAllAccessors: .ActorDepthCalculation_actorWithoutPorts
----------------- testing Fri May 11 01:55:10 UTC 2018 /home/travis/build/icyphy/ptII/ptolemy/domains/de/test/auto/AssemblyLine.xml
----------------- Instantiating /home/travis/build/icyphy/ptII/ptolemy/domains/de/test/auto/AssemblyLine.xml
2 ms. Memory: 640512K Free: 292023K (46%)
----------------- Invoking toplevel() on ptolemy.moml.MoMLSimpleApplication@203d06a1
----------------- Done invoking toplevel() on ptolemy.moml.MoMLSimpleApplication@203d06a1
reloadAllAccessors: .AssemblyLine
----------------- testing Fri May 11 01:55:10 UTC 2018 /home/travis/build/icyphy/ptII/ptolemy/domains/de/test/auto/CQBug1.xml
----------------- Instantiating /home/travis/build/icyphy/ptII/ptolemy/domains/de/test/auto/CQBug1.xml
1 ms. Memory: 640512K Free: 269699K (42%)
----------------- Invoking toplevel() on ptolemy.moml.MoMLSimpleApplication@37ea4688
----------------- Done invoking toplevel() on ptolemy.moml.MoMLSimpleApplication@37ea4688
reloadAllAccessors: .CQBug1
----------------- testing Fri May 11 01:55:10 UTC 2018 /home/travis/build/icyphy/ptII/ptolemy/domains/de/test/auto/CancelFireAt.xml
----------------- Instantiating /home/travis/build/icyphy/ptII/ptolemy/domains/de/test/auto/CancelFireAt.xml
0 ms. Memory: 640512K Free: 247376K (39%)
----------------- Invoking toplevel() on ptolemy.moml.MoMLSimpleApplication@165b7fc6
----------------- Done invoking toplevel() on ptolemy.moml.MoMLSimpleApplication@165b7fc6
reloadAllAccessors: .CancelFireAt
----------------- testing Fri May 11 01:55:10 UTC 2018 /home/travis/build/icyphy/ptII/ptolemy/domains/de/test/auto/CausalityAndComposabilityAnalysis.xml
----------------- Instantiating /home/travis/build/icyphy/ptII/ptolemy/domains/de/test/auto/CausalityAndComposabilityAnalysis.xml
1 ms. Memory: 640512K Free: 225053K (35%)
----------------- Invoking toplevel() on ptolemy.moml.MoMLSimpleApplication@32204ccc
----------------- Done invoking toplevel() on ptolemy.moml.MoMLSimpleApplication@32204ccc
reloadAllAccessors: .CausalityAndComposabilityAnalysis
----------------- testing Fri May 11 01:55:10 UTC 2018 /home/travis/build/icyphy/ptII/ptolemy/domains/de/test/auto/CausalityInterface1.xml
----------------- Instantiating /home/travis/build/icyphy/ptII/ptolemy/domains/de/test/auto/CausalityInterface1.xml
3 ms. Memory: 640512K Free: 202729K (32%)
----------------- Invoking toplevel() on ptolemy.moml.MoMLSimpleApplication@88ea8b9
----------------- Done invoking toplevel() on ptolemy.moml.MoMLSimpleApplication@88ea8b9
reloadAllAccessors: .CausalityInterface1
----------------- testing Fri May 11 01:55:10 UTC 2018 /home/travis/build/icyphy/ptII/ptolemy/domains/de/test/auto/CausalityInterface15.xml
----------------- Instantiating /home/travis/build/icyphy/ptII/ptolemy/domains/de/test/auto/CausalityInterface15.xml
1 ms. Memory: 640512K Free: 180406K (28%)
----------------- Invoking toplevel() on ptolemy.moml.MoMLSimpleApplication@1055dfbe
----------------- Done invoking toplevel() on ptolemy.moml.MoMLSimpleApplication@1055dfbe
reloadAllAccessors: .CausalityInterface15
----------------- testing Fri May 11 01:55:10 UTC 2018 /home/travis/build/icyphy/ptII/ptolemy/domains/de/test/auto/CausalityInterface2.xml
----------------- Instantiating /home/travis/build/icyphy/ptII/ptolemy/domains/de/test/auto/CausalityInterface2.xml
1 ms. Memory: 640512K Free: 158083K (25%)
----------------- Invoking toplevel() on ptolemy.moml.MoMLSimpleApplication@3113057d
----------------- Done invoking toplevel() on ptolemy.moml.MoMLSimpleApplication@3113057d
reloadAllAccessors: .CausalityInterface2
----------------- testing Fri May 11 01:55:10 UTC 2018 /home/travis/build/icyphy/ptII/ptolemy/domains/de/test/auto/CausalityInterface3.xml
[...]
java.lang.RuntimeException: Execution failed
	at ptolemy.moml.MoMLSimpleApplication$UnloadThread.run(MoMLSimpleApplication.java:402)
Caused by: ptolemy.kernel.util.IllegalActionException: Test fails in iteration 1.
Value was: 1.0. Should have been: 2.0
  in .DirectFeedback.Test
	at ptolemy.actor.lib.Test.fire(Test.java:268)
	at ptolemy.domains.de.kernel.DEDirector._fire(DEDirector.java:1948)
	at ptolemy.domains.de.kernel.DEDirector.fire(DEDirector.java:502)
	at ptolemy.actor.CompositeActor.fire(CompositeActor.java:455)
	at ptolemy.actor.Manager.iterate(Manager.java:851)
	at ptolemy.actor.Manager.execute(Manager.java:369)
	at ptolemy.actor.Manager.run(Manager.java:1263)
	at ptolemy.actor.Manager$PtolemyRunThread.run(Manager.java:1915)
java.lang.RuntimeException: Execution failed
	at ptolemy.moml.MoMLSimpleApplication$UnloadThread.run(MoMLSimpleApplication.java:402)
Caused by: ptolemy.kernel.util.IllegalActionException: Actor is not ready to fire.  Perhaps UpSample.prefire() returned false? Try debugging the actor by selecting "Listen to Actor".  Also, for SDF check moml for tokenConsumptionRate on input.
  in .DESDFClockTest.Play Bell.Copy1:SDF Director and .DESDFClockTest.Play Bell.UpSample
	at ptolemy.actor.sched.StaticSchedulingDirector.fire(StaticSchedulingDirector.java:227)
	at ptolemy.domains.sdf.kernel.SDFDirector.fire(SDFDirector.java:500)
	at ptolemy.actor.CompositeActor.fire(CompositeActor.java:455)
	at ptolemy.domains.de.kernel.DEDirector._fire(DEDirector.java:1948)
	at ptolemy.domains.de.kernel.DEDirector.fire(DEDirector.java:502)
	at ptolemy.actor.CompositeActor.fire(CompositeActor.java:455)
	at ptolemy.actor.Manager.iterate(Manager.java:851)
	at ptolemy.actor.Manager.execute(Manager.java:369)
	at ptolemy.actor.Manager.run(Manager.java:1263)
	at ptolemy.actor.Manager$PtolemyRunThread.run(Manager.java:1915)
java.lang.reflect.InvocationTargetException
	at sun.reflect.NativeConstructorAccessorImpl.newInstance0(Native Method)
	at sun.reflect.NativeConstructorAccessorImpl.newInstance(NativeConstructorAccessorImpl.java:62)
	at sun.reflect.DelegatingConstructorAccessorImpl.newInstance(DelegatingConstructorAccessorImpl.java:45)
	at java.lang.reflect.Constructor.newInstance(Constructor.java:423)
	at ptolemy.util.test.junit.AutoKnownFailedTests.RunModel(AutoKnownFailedTests.java:107)
	at sun.reflect.NativeMethodAccessorImpl.invoke0(Native Method)
	at sun.reflect.NativeMethodAccessorImpl.invoke(NativeMethodAccessorImpl.java:62)
	at sun.reflect.DelegatingMethodAccessorImpl.invoke(DelegatingMethodAccessorImpl.java:43)
	at java.lang.reflect.Method.invoke(Method.java:498)
	at org.junit.runners.model.FrameworkMethod$1.runReflectiveCall(FrameworkMethod.java:44)
	at org.junit.internal.runners.model.ReflectiveCallable.run(ReflectiveCallable.java:15)
	at org.junit.runners.model.FrameworkMethod.invokeExplosively(FrameworkMethod.java:41)
	at junitparams.internal.InvokeParameterisedMethod.evaluate(InvokeParameterisedMethod.java:102)
	at org.junit.internal.runners.statements.FailOnTimeout$1.run(FailOnTimeout.java:28)
Caused by: ptolemy.kernel.util.IllegalActionException: Actor is not ready to fire.  Perhaps UpSample.prefire() returned false? Try debugging the actor by selecting "Listen to Actor".  Also, for SDF check moml for tokenConsumptionRate on input.
  in .DESDFClockTest.Play Bell.Copy1:SDF Director and .DESDFClockTest.Play Bell.UpSample
	at ptolemy.actor.sched.StaticSchedulingDirector.fire(StaticSchedulingDirector.java:227)
	at ptolemy.domains.sdf.kernel.SDFDirector.fire(SDFDirector.java:500)
	at ptolemy.actor.CompositeActor.fire(CompositeActor.java:455)
	at ptolemy.domains.de.kernel.DEDirector._fire(DEDirector.java:1948)
	at ptolemy.domains.de.kernel.DEDirector.fire(DEDirector.java:502)
	at ptolemy.actor.CompositeActor.fire(CompositeActor.java:455)
	at ptolemy.actor.Manager.iterate(Manager.java:851)
	at ptolemy.actor.Manager.execute(Manager.java:369)
	at ptolemy.actor.Manager.run(Manager.java:1263)
	at ptolemy.actor.Manager$PtolemyRunThread.run(Manager.java:1915)
java.lang.RuntimeException: Execution failed
	at ptolemy.moml.MoMLSimpleApplication$UnloadThread.run(MoMLSimpleApplication.java:402)
Caused by: ptolemy.kernel.util.IllegalActionException: Test fails in iteration 1.
Value was: 1.0. Should have been: 2.0
  in .DirectFeedback.Test
	at ptolemy.actor.lib.Test.fire(Test.java:268)
	at ptolemy.domains.de.kernel.DEDirector._fire(DEDirector.java:1948)
	at ptolemy.domains.de.kernel.DEDirector.fire(DEDirector.java:502)
	at ptolemy.actor.CompositeActor.fire(CompositeActor.java:455)
	at ptolemy.actor.Manager.iterate(Manager.java:851)
	at ptolemy.actor.Manager.execute(Manager.java:369)
	at ptolemy.actor.Manager.run(Manager.java:1263)
	at ptolemy.actor.Manager$PtolemyRunThread.run(Manager.java:1915)
java.lang.reflect.InvocationTargetException
	at sun.reflect.NativeConstructorAccessorImpl.newInstance0(Native Method)
	at sun.reflect.NativeConstructorAccessorImpl.newInstance(NativeConstructorAccessorImpl.java:62)
	at sun.reflect.DelegatingConstructorAccessorImpl.newInstance(DelegatingConstructorAccessorImpl.java:45)
	at java.lang.reflect.Constructor.newInstance(Constructor.java:423)
	at ptolemy.util.test.junit.AutoKnownFailedTests.RunModel(AutoKnownFailedTests.java:107)
	at sun.reflect.NativeMethodAccessorImpl.invoke0(Native Method)
	at sun.reflect.NativeMethodAccessorImpl.invoke(NativeMethodAccessorImpl.java:62)
	at sun.reflect.DelegatingMethodAccessorImpl.invoke(DelegatingMethodAccessorImpl.java:43)
	at java.lang.reflect.Method.invoke(Method.java:498)
	at org.junit.runners.model.FrameworkMethod$1.runReflectiveCall(FrameworkMethod.java:44)
	at org.junit.internal.runners.model.ReflectiveCallable.run(ReflectiveCallable.java:15)
	at org.junit.runners.model.FrameworkMethod.invokeExplosively(FrameworkMethod.java:41)
	at junitparams.internal.InvokeParameterisedMethod.evaluate(InvokeParameterisedMethod.java:102)
	at org.junit.internal.runners.statements.FailOnTimeout$1.run(FailOnTimeout.java:28)
Caused by: ptolemy.kernel.util.IllegalActionException: Test fails in iteration 1.
Value was: 1.0. Should have been: 2.0
  in .DirectFeedback.Test
	at ptolemy.actor.lib.Test.fire(Test.java:268)
	at ptolemy.domains.de.kernel.DEDirector._fire(DEDirector.java:1948)
	at ptolemy.domains.de.kernel.DEDirector.fire(DEDirector.java:502)
	at ptolemy.actor.CompositeActor.fire(CompositeActor.java:455)
	at ptolemy.actor.Manager.iterate(Manager.java:851)
	at ptolemy.actor.Manager.execute(Manager.java:369)
	at ptolemy.actor.Manager.run(Manager.java:1263)
	at ptolemy.actor.Manager$PtolemyRunThread.run(Manager.java:1915)
java.lang.RuntimeException: Execution failed
	at ptolemy.moml.MoMLSimpleApplication$UnloadThread.run(MoMLSimpleApplication.java:402)
Caused by: ptolemy.kernel.util.IllegalActionException: Found a zero delay loop containing .HierarchicalModel.A
  in .HierarchicalModel and .HierarchicalModel.A
	at ptolemy.actor.util.CausalityInterfaceForComposites._computeOutputPortDepth(CausalityInterfaceForComposites.java:759)
	at ptolemy.actor.util.CausalityInterfaceForComposites._computeInputDepth(CausalityInterfaceForComposites.java:696)
	at ptolemy.actor.util.CausalityInterfaceForComposites._computeOutputPortDepth(CausalityInterfaceForComposites.java:765)
	at ptolemy.actor.util.CausalityInterfaceForComposites._computeInputDepth(CausalityInterfaceForComposites.java:696)
	at ptolemy.actor.util.CausalityInterfaceForComposites._computeOutputPortDepth(CausalityInterfaceForComposites.java:765)
	at ptolemy.actor.util.CausalityInterfaceForComposites._computeInputDepth(CausalityInterfaceForComposites.java:696)
	at ptolemy.actor.util.CausalityInterfaceForComposites._computeActorDepth(CausalityInterfaceForComposites.java:532)
	at ptolemy.actor.util.CausalityInterfaceForComposites.checkForCycles(CausalityInterfaceForComposites.java:96)
	at ptolemy.domains.de.kernel.DEDirector.preinitialize(DEDirector.java:1337)
	at ptolemy.actor.CompositeActor.preinitialize(CompositeActor.java:1828)
	at ptolemy.actor.Manager.preinitializeAndResolveTypes(Manager.java:1040)
	at ptolemy.actor.Manager.initialize(Manager.java:710)
	at ptolemy.actor.Manager.execute(Manager.java:356)
	at ptolemy.actor.Manager.run(Manager.java:1263)
	at ptolemy.actor.Manager$PtolemyRunThread.run(Manager.java:1915)
java.lang.reflect.InvocationTargetException
	at sun.reflect.NativeConstructorAccessorImpl.newInstance0(Native Method)
	at sun.reflect.NativeConstructorAccessorImpl.newInstance(NativeConstructorAccessorImpl.java:62)
	at sun.reflect.DelegatingConstructorAccessorImpl.newInstance(DelegatingConstructorAccessorImpl.java:45)
	at java.lang.reflect.Constructor.newInstance(Constructor.java:423)
	at ptolemy.util.test.junit.AutoKnownFailedTests.RunModel(AutoKnownFailedTests.java:107)
	at sun.reflect.NativeMethodAccessorImpl.invoke0(Native Method)
	at sun.reflect.NativeMethodAccessorImpl.invoke(NativeMethodAccessorImpl.java:62)
	at sun.reflect.DelegatingMethodAccessorImpl.invoke(DelegatingMethodAccessorImpl.java:43)
	at java.lang.reflect.Method.invoke(Method.java:498)
	at org.junit.runners.model.FrameworkMethod$1.runReflectiveCall(FrameworkMethod.java:44)
	at org.junit.internal.runners.model.ReflectiveCallable.run(ReflectiveCallable.java:15)
	at org.junit.runners.model.FrameworkMethod.invokeExplosively(FrameworkMethod.java:41)
	at junitparams.internal.InvokeParameterisedMethod.evaluate(InvokeParameterisedMethod.java:102)
	at org.junit.internal.runners.statements.FailOnTimeout$1.run(FailOnTimeout.java:28)
Caused by: ptolemy.kernel.util.IllegalActionException: Found a zero delay loop containing .HierarchicalModel.A
  in .HierarchicalModel and .HierarchicalModel.A
	at ptolemy.actor.util.CausalityInterfaceForComposites._computeOutputPortDepth(CausalityInterfaceForComposites.java:759)
	at ptolemy.actor.util.CausalityInterfaceForComposites._computeInputDepth(CausalityInterfaceForComposites.java:696)
	at ptolemy.actor.util.CausalityInterfaceForComposites._computeOutputPortDepth(CausalityInterfaceForComposites.java:765)
	at ptolemy.actor.util.CausalityInterfaceForComposites._computeInputDepth(CausalityInterfaceForComposites.java:696)
	at ptolemy.actor.util.CausalityInterfaceForComposites._computeOutputPortDepth(CausalityInterfaceForComposites.java:765)
	at ptolemy.actor.util.CausalityInterfaceForComposites._computeInputDepth(CausalityInterfaceForComposites.java:696)
	at ptolemy.actor.util.CausalityInterfaceForComposites._computeActorDepth(CausalityInterfaceForComposites.java:532)
	at ptolemy.actor.util.CausalityInterfaceForComposites.checkForCycles(CausalityInterfaceForComposites.java:96)
	at ptolemy.domains.de.kernel.DEDirector.preinitialize(DEDirector.java:1337)
	at ptolemy.actor.CompositeActor.preinitialize(CompositeActor.java:1828)
	at ptolemy.actor.Manager.preinitializeAndResolveTypes(Manager.java:1040)
	at ptolemy.actor.Manager.initialize(Manager.java:710)
	at ptolemy.actor.Manager.execute(Manager.java:356)
	at ptolemy.actor.Manager.run(Manager.java:1263)
	at ptolemy.actor.Manager$PtolemyRunThread.run(Manager.java:1915)
java.lang.RuntimeException: Execution failed
	at ptolemy.moml.MoMLSimpleApplication$UnloadThread.run(MoMLSimpleApplication.java:402)
Caused by: ptolemy.kernel.util.IllegalActionException: Found a zero delay loop containing .dependencyLoop.original
  in .dependencyLoop and .dependencyLoop.original
	at ptolemy.actor.util.CausalityInterfaceForComposites._computeOutputPortDepth(CausalityInterfaceForComposites.java:759)
	at ptolemy.actor.util.CausalityInterfaceForComposites._computeInputDepth(CausalityInterfaceForComposites.java:696)
	at ptolemy.actor.util.CausalityInterfaceForComposites._computeOutputPortDepth(CausalityInterfaceForComposites.java:765)
	at ptolemy.actor.util.CausalityInterfaceForComposites._computeInputDepth(CausalityInterfaceForComposites.java:696)
	at ptolemy.actor.util.CausalityInterfaceForComposites._computeOutputPortDepth(CausalityInterfaceForComposites.java:765)
	at ptolemy.actor.util.CausalityInterfaceForComposites._computeInputDepth(CausalityInterfaceForComposites.java:696)
	at ptolemy.actor.util.CausalityInterfaceForComposites._computeActorDepth(CausalityInterfaceForComposites.java:532)
	at ptolemy.actor.util.CausalityInterfaceForComposites.checkForCycles(CausalityInterfaceForComposites.java:96)
	at ptolemy.domains.de.kernel.DEDirector.preinitialize(DEDirector.java:1337)
	at ptolemy.actor.CompositeActor.preinitialize(CompositeActor.java:1828)
	at ptolemy.actor.Manager.preinitializeAndResolveTypes(Manager.java:1040)
	at ptolemy.actor.Manager.initialize(Manager.java:710)
	at ptolemy.actor.Manager.execute(Manager.java:356)
	at ptolemy.actor.Manager.run(Manager.java:1263)
	at ptolemy.actor.Manager$PtolemyRunThread.run(Manager.java:1915)
java.lang.reflect.InvocationTargetException
	at sun.reflect.NativeConstructorAccessorImpl.newInstance0(Native Method)
	at sun.reflect.NativeConstructorAccessorImpl.newInstance(NativeConstructorAccessorImpl.java:62)
	at sun.reflect.DelegatingConstructorAccessorImpl.newInstance(DelegatingConstructorAccessorImpl.java:45)
	at java.lang.reflect.Constructor.newInstance(Constructor.java:423)
	at ptolemy.util.test.junit.AutoKnownFailedTests.RunModel(AutoKnownFailedTests.java:107)
	at sun.reflect.NativeMethodAccessorImpl.invoke0(Native Method)
	at sun.reflect.NativeMethodAccessorImpl.invoke(NativeMethodAccessorImpl.java:62)
	at sun.reflect.DelegatingMethodAccessorImpl.invoke(DelegatingMethodAccessorImpl.java:43)
	at java.lang.reflect.Method.invoke(Method.java:498)
	at org.junit.runners.model.FrameworkMethod$1.runReflectiveCall(FrameworkMethod.java:44)
	at org.junit.internal.runners.model.ReflectiveCallable.run(ReflectiveCallable.java:15)
	at org.junit.runners.model.FrameworkMethod.invokeExplosively(FrameworkMethod.java:41)
	at junitparams.internal.InvokeParameterisedMethod.evaluate(InvokeParameterisedMethod.java:102)
	at org.junit.internal.runners.statements.FailOnTimeout$1.run(FailOnTimeout.java:28)
Caused by: ptolemy.kernel.util.IllegalActionException: Found a zero delay loop containing .dependencyLoop.original
  in .dependencyLoop and .dependencyLoop.original
	at ptolemy.actor.util.CausalityInterfaceForComposites._computeOutputPortDepth(CausalityInterfaceForComposites.java:759)
	at ptolemy.actor.util.CausalityInterfaceForComposites._computeInputDepth(CausalityInterfaceForComposites.java:696)
	at ptolemy.actor.util.CausalityInterfaceForComposites._computeOutputPortDepth(CausalityInterfaceForComposites.java:765)
	at ptolemy.actor.util.CausalityInterfaceForComposites._computeInputDepth(CausalityInterfaceForComposites.java:696)
	at ptolemy.actor.util.CausalityInterfaceForComposites._computeOutputPortDepth(CausalityInterfaceForComposites.java:765)
	at ptolemy.actor.util.CausalityInterfaceForComposites._computeInputDepth(CausalityInterfaceForComposites.java:696)
	at ptolemy.actor.util.CausalityInterfaceForComposites._computeActorDepth(CausalityInterfaceForComposites.java:532)
	at ptolemy.actor.util.CausalityInterfaceForComposites.checkForCycles(CausalityInterfaceForComposites.java:96)
	at ptolemy.domains.de.kernel.DEDirector.preinitialize(DEDirector.java:1337)
	at ptolemy.actor.CompositeActor.preinitialize(CompositeActor.java:1828)
	at ptolemy.actor.Manager.preinitializeAndResolveTypes(Manager.java:1040)
	at ptolemy.actor.Manager.initialize(Manager.java:710)
	at ptolemy.actor.Manager.execute(Manager.java:356)
	at ptolemy.actor.Manager.run(Manager.java:1263)
	at ptolemy.actor.Manager$PtolemyRunThread.run(Manager.java:1915)
java.lang.RuntimeException: Execution failed
	at ptolemy.moml.MoMLSimpleApplication$UnloadThread.run(MoMLSimpleApplication.java:402)
Caused by: ptolemy.kernel.util.IllegalActionException: Found a zero delay loop containing .dependencyLoop2.original
  in .dependencyLoop2 and .dependencyLoop2.original
	at ptolemy.actor.util.CausalityInterfaceForComposites._computeOutputPortDepth(CausalityInterfaceForComposites.java:759)
	at ptolemy.actor.util.CausalityInterfaceForComposites._computeInputDepth(CausalityInterfaceForComposites.java:696)
	at ptolemy.actor.util.CausalityInterfaceForComposites._computeOutputPortDepth(CausalityInterfaceForComposites.java:765)
	at ptolemy.actor.util.CausalityInterfaceForComposites._computeInputDepth(CausalityInterfaceForComposites.java:696)
	at ptolemy.actor.util.CausalityInterfaceForComposites._computeOutputPortDepth(CausalityInterfaceForComposites.java:765)
	at ptolemy.actor.util.CausalityInterfaceForComposites._computeInputDepth(CausalityInterfaceForComposites.java:696)
	at ptolemy.actor.util.CausalityInterfaceForComposites._computeActorDepth(CausalityInterfaceForComposites.java:532)
	at ptolemy.actor.util.CausalityInterfaceForComposites.checkForCycles(CausalityInterfaceForComposites.java:96)
	at ptolemy.domains.de.kernel.DEDirector.preinitialize(DEDirector.java:1337)
	at ptolemy.actor.CompositeActor.preinitialize(CompositeActor.java:1828)
	at ptolemy.actor.Manager.preinitializeAndResolveTypes(Manager.java:1040)
	at ptolemy.actor.Manager.initialize(Manager.java:710)
	at ptolemy.actor.Manager.execute(Manager.java:356)
	at ptolemy.actor.Manager.run(Manager.java:1263)
	at ptolemy.actor.Manager$PtolemyRunThread.run(Manager.java:1915)
java.lang.reflect.InvocationTargetException
	at sun.reflect.NativeConstructorAccessorImpl.newInstance0(Native Method)
	at sun.reflect.NativeConstructorAccessorImpl.newInstance(NativeConstructorAccessorImpl.java:62)
	at sun.reflect.DelegatingConstructorAccessorImpl.newInstance(DelegatingConstructorAccessorImpl.java:45)
	at java.lang.reflect.Constructor.newInstance(Constructor.java:423)
	at ptolemy.util.test.junit.AutoKnownFailedTests.RunModel(AutoKnownFailedTests.java:107)
	at sun.reflect.NativeMethodAccessorImpl.invoke0(Native Method)
	at sun.reflect.NativeMethodAccessorImpl.invoke(NativeMethodAccessorImpl.java:62)
	at sun.reflect.DelegatingMethodAccessorImpl.invoke(DelegatingMethodAccessorImpl.java:43)
	at java.lang.reflect.Method.invoke(Method.java:498)
	at org.junit.runners.model.FrameworkMethod$1.runReflectiveCall(FrameworkMethod.java:44)
	at org.junit.internal.runners.model.ReflectiveCallable.run(ReflectiveCallable.java:15)
	at org.junit.runners.model.FrameworkMethod.invokeExplosively(FrameworkMethod.java:41)
	at junitparams.internal.InvokeParameterisedMethod.evaluate(InvokeParameterisedMethod.java:102)
	at org.junit.internal.runners.statements.FailOnTimeout$1.run(FailOnTimeout.java:28)
Caused by: ptolemy.kernel.util.IllegalActionException: Found a zero delay loop containing .dependencyLoop2.original
  in .dependencyLoop2 and .dependencyLoop2.original
	at ptolemy.actor.util.CausalityInterfaceForComposites._computeOutputPortDepth(CausalityInterfaceForComposites.java:759)
	at ptolemy.actor.util.CausalityInterfaceForComposites._computeInputDepth(CausalityInterfaceForComposites.java:696)
	at ptolemy.actor.util.CausalityInterfaceForComposites._computeOutputPortDepth(CausalityInterfaceForComposites.java:765)
	at ptolemy.actor.util.CausalityInterfaceForComposites._computeInputDepth(CausalityInterfaceForComposites.java:696)
	at ptolemy.actor.util.CausalityInterfaceForComposites._computeOutputPortDepth(CausalityInterfaceForComposites.java:765)
	at ptolemy.actor.util.CausalityInterfaceForComposites._computeInputDepth(CausalityInterfaceForComposites.java:696)
	at ptolemy.actor.util.CausalityInterfaceForComposites._computeActorDepth(CausalityInterfaceForComposites.java:532)
	at ptolemy.actor.util.CausalityInterfaceForComposites.checkForCycles(CausalityInterfaceForComposites.java:96)
	at ptolemy.domains.de.kernel.DEDirector.preinitialize(DEDirector.java:1337)
	at ptolemy.actor.CompositeActor.preinitialize(CompositeActor.java:1828)
	at ptolemy.actor.Manager.preinitializeAndResolveTypes(Manager.java:1040)
	at ptolemy.actor.Manager.initialize(Manager.java:710)
	at ptolemy.actor.Manager.execute(Manager.java:356)
	at ptolemy.actor.Manager.run(Manager.java:1263)
	at ptolemy.actor.Manager$PtolemyRunThread.run(Manager.java:1915)
]]></system-err>
</testsuite>
