<?xml version="1.0" encoding="UTF-8" ?>
<testsuite errors="0" failures="0" hostname="travis-job-074c1790-8543-458b-8805-482a2cb5cf46" name="ptolemy.domains.de.test.junit.JUnitTclTest" skipped="0" tests="101" time="134.149" timestamp="2018-04-20T07:00:37">
  <properties>
[...]
</properties>
  <testcase classname="ptolemy.util.test.junit.TclTests" name="[0] /home/travis/build/icyphy/ptII/ptolemy/domains/de/test/DependencyLoop.tcl (RunTclFile)" time="0.751" />
  <testcase classname="ptolemy.util.test.junit.TclTests" name="[1] /home/travis/build/icyphy/ptII/ptolemy/domains/de/test/RunDETestsAsQSS.tcl (RunTclFile)" time="92.947" />
  <testcase classname="ptolemy.util.test.junit.AutoKnownFailedTests" name="[0] /home/travis/build/icyphy/ptII/ptolemy/domains/de/test/auto/knownFailedTests/DESDFClockTest.xml (RunModel)" time="2.023" />
  <testcase classname="ptolemy.util.test.junit.AutoKnownFailedTests" name="[1] /home/travis/build/icyphy/ptII/ptolemy/domains/de/test/auto/knownFailedTests/DirectFeedback.xml (RunModel)" time="0.005" />
  <testcase classname="ptolemy.util.test.junit.AutoKnownFailedTests" name="[2] /home/travis/build/icyphy/ptII/ptolemy/domains/de/test/auto/knownFailedTests/FSMSource.xml (RunModel)" time="0.031" />
  <testcase classname="ptolemy.util.test.junit.AutoKnownFailedTests" name="[3] /home/travis/build/icyphy/ptII/ptolemy/domains/de/test/auto/knownFailedTests/HierarchicalModel.xml (RunModel)" time="0.035" />
  <testcase classname="ptolemy.util.test.junit.AutoKnownFailedTests" name="[4] /home/travis/build/icyphy/ptII/ptolemy/domains/de/test/auto/knownFailedTests/dependencyLoop.xml (RunModel)" time="0.029" />
  <testcase classname="ptolemy.util.test.junit.AutoKnownFailedTests" name="[5] /home/travis/build/icyphy/ptII/ptolemy/domains/de/test/auto/knownFailedTests/dependencyLoop2.xml (RunModel)" time="0.036" />
  <testcase classname="ptolemy.util.test.junit.AutoNameArchTests" name="[0] ThereAreNoAutoTests (RunModel)" time="0.001" />
  <testcase classname="ptolemy.util.test.junit.AutoTests" name="[0] /home/travis/build/icyphy/ptII/ptolemy/domains/de/test/auto/ActorDepthCalculation_actorWithoutPorts.xml (RunModel)" time="0.016" />
  <testcase classname="ptolemy.util.test.junit.AutoTests" name="[1] /home/travis/build/icyphy/ptII/ptolemy/domains/de/test/auto/AssemblyLine.xml (RunModel)" time="0.016" />
  <testcase classname="ptolemy.util.test.junit.AutoTests" name="[2] /home/travis/build/icyphy/ptII/ptolemy/domains/de/test/auto/CQBug1.xml (RunModel)" time="0.007" />
  <testcase classname="ptolemy.util.test.junit.AutoTests" name="[3] /home/travis/build/icyphy/ptII/ptolemy/domains/de/test/auto/CancelFireAt.xml (RunModel)" time="0.004" />
  <testcase classname="ptolemy.util.test.junit.AutoTests" name="[4] /home/travis/build/icyphy/ptII/ptolemy/domains/de/test/auto/CausalityAndComposabilityAnalysis.xml (RunModel)" time="0.008" />
  <testcase classname="ptolemy.util.test.junit.AutoTests" name="[5] /home/travis/build/icyphy/ptII/ptolemy/domains/de/test/auto/CausalityInterface1.xml (RunModel)" time="0.009" />
  <testcase classname="ptolemy.util.test.junit.AutoTests" name="[6] /home/travis/build/icyphy/ptII/ptolemy/domains/de/test/auto/CausalityInterface15.xml (RunModel)" time="0.01" />
  <testcase classname="ptolemy.util.test.junit.AutoTests" name="[7] /home/travis/build/icyphy/ptII/ptolemy/domains/de/test/auto/CausalityInterface2.xml (RunModel)" time="0.007" />
  <testcase classname="ptolemy.util.test.junit.AutoTests" name="[8] /home/travis/build/icyphy/ptII/ptolemy/domains/de/test/auto/CausalityInterface3.xml (RunModel)" time="0.008" />
  <testcase classname="ptolemy.util.test.junit.AutoTests" name="[9] /home/travis/build/icyphy/ptII/ptolemy/domains/de/test/auto/ClockDrift.xml (RunModel)" time="0.032" />
  <testcase classname="ptolemy.util.test.junit.AutoTests" name="[10] /home/travis/build/icyphy/ptII/ptolemy/domains/de/test/auto/ClockDriftAndValueChange.xml (RunModel)" time="0.026" />
  <testcase classname="ptolemy.util.test.junit.AutoTests" name="[11] /home/travis/build/icyphy/ptII/ptolemy/domains/de/test/auto/ClockDriftChange.xml (RunModel)" time="0.03" />
  <testcase classname="ptolemy.util.test.junit.AutoTests" name="[12] /home/travis/build/icyphy/ptII/ptolemy/domains/de/test/auto/ComposableCausalityAnalysis.xml (RunModel)" time="0.009" />
  <testcase classname="ptolemy.util.test.junit.AutoTests" name="[13] /home/travis/build/icyphy/ptII/ptolemy/domains/de/test/auto/DEFixedPointLimitation.xml (RunModel)" time="0.007" />
  <testcase classname="ptolemy.util.test.junit.AutoTests" name="[14] /home/travis/build/icyphy/ptII/ptolemy/domains/de/test/auto/DEScheduleTest.xml (RunModel)" time="0.033" />
  <testcase classname="ptolemy.util.test.junit.AutoTests" name="[15] /home/travis/build/icyphy/ptII/ptolemy/domains/de/test/auto/DEinDEwithStartTimes.xml (RunModel)" time="0.013" />
  <testcase classname="ptolemy.util.test.junit.AutoTests" name="[16] /home/travis/build/icyphy/ptII/ptolemy/domains/de/test/auto/DEinDEwithStartTimes2.xml (RunModel)" time="0.017" />
  <testcase classname="ptolemy.util.test.junit.AutoTests" name="[17] /home/travis/build/icyphy/ptII/ptolemy/domains/de/test/auto/DateDemo.xml (RunModel)" time="0.027" />
  <testcase classname="ptolemy.util.test.junit.AutoTests" name="[18] /home/travis/build/icyphy/ptII/ptolemy/domains/de/test/auto/DateToEvent.xml (RunModel)" time="2.036" />
  <testcase classname="ptolemy.util.test.junit.AutoTests" name="[19] /home/travis/build/icyphy/ptII/ptolemy/domains/de/test/auto/DepthTest1.xml (RunModel)" time="0.007" />
  <testcase classname="ptolemy.util.test.junit.AutoTests" name="[20] /home/travis/build/icyphy/ptII/ptolemy/domains/de/test/auto/DepthTest2.xml (RunModel)" time="0.012" />
  <testcase classname="ptolemy.util.test.junit.AutoTests" name="[21] /home/travis/build/icyphy/ptII/ptolemy/domains/de/test/auto/DepthTest3.xml (RunModel)" time="0.006" />
  <testcase classname="ptolemy.util.test.junit.AutoTests" name="[22] /home/travis/build/icyphy/ptII/ptolemy/domains/de/test/auto/DepthTest4.xml (RunModel)" time="0.01" />
  <testcase classname="ptolemy.util.test.junit.AutoTests" name="[23] /home/travis/build/icyphy/ptII/ptolemy/domains/de/test/auto/DepthTest5.xml (RunModel)" time="0.01" />
  <testcase classname="ptolemy.util.test.junit.AutoTests" name="[24] /home/travis/build/icyphy/ptII/ptolemy/domains/de/test/auto/DepthTest6.xml (RunModel)" time="0.011" />
  <testcase classname="ptolemy.util.test.junit.AutoTests" name="[25] /home/travis/build/icyphy/ptII/ptolemy/domains/de/test/auto/DepthTest7.xml (RunModel)" time="0.009" />
  <testcase classname="ptolemy.util.test.junit.AutoTests" name="[26] /home/travis/build/icyphy/ptII/ptolemy/domains/de/test/auto/EventToDate.xml (RunModel)" time="3.025" />
  <testcase classname="ptolemy.util.test.junit.AutoTests" name="[27] /home/travis/build/icyphy/ptII/ptolemy/domains/de/test/auto/FSM1.xml (RunModel)" time="0.031" />
  <testcase classname="ptolemy.util.test.junit.AutoTests" name="[28] /home/travis/build/icyphy/ptII/ptolemy/domains/de/test/auto/FSM7.xml (RunModel)" time="0.027" />
  <testcase classname="ptolemy.util.test.junit.AutoTests" name="[29] /home/travis/build/icyphy/ptII/ptolemy/domains/de/test/auto/Inspection.xml (RunModel)" time="0.026" />
  <testcase classname="ptolemy.util.test.junit.AutoTests" name="[30] /home/travis/build/icyphy/ptII/ptolemy/domains/de/test/auto/Iteration.xml (RunModel)" time="0.013" />
  <testcase classname="ptolemy.util.test.junit.AutoTests" name="[31] /home/travis/build/icyphy/ptII/ptolemy/domains/de/test/auto/LineFault.xml (RunModel)" time="0.413" />
  <testcase classname="ptolemy.util.test.junit.AutoTests" name="[32] /home/travis/build/icyphy/ptII/ptolemy/domains/de/test/auto/MergeModel1Add.xml (RunModel)" time="0.034" />
  <testcase classname="ptolemy.util.test.junit.AutoTests" name="[33] /home/travis/build/icyphy/ptII/ptolemy/domains/de/test/auto/MergeModel2Add.xml (RunModel)" time="0.027" />
  <testcase classname="ptolemy.util.test.junit.AutoTests" name="[34] /home/travis/build/icyphy/ptII/ptolemy/domains/de/test/auto/MergeModel3Add.xml (RunModel)" time="0.029" />
  <testcase classname="ptolemy.util.test.junit.AutoTests" name="[35] /home/travis/build/icyphy/ptII/ptolemy/domains/de/test/auto/MergeWithoutDiscard.xml (RunModel)" time="0.008" />
  <testcase classname="ptolemy.util.test.junit.AutoTests" name="[36] /home/travis/build/icyphy/ptII/ptolemy/domains/de/test/auto/Modal1.xml (RunModel)" time="0.024" />
  <testcase classname="ptolemy.util.test.junit.AutoTests" name="[37] /home/travis/build/icyphy/ptII/ptolemy/domains/de/test/auto/Modal2.xml (RunModel)" time="0.021" />
  <testcase classname="ptolemy.util.test.junit.AutoTests" name="[38] /home/travis/build/icyphy/ptII/ptolemy/domains/de/test/auto/Modal3.xml (RunModel)" time="0.028" />
  <testcase classname="ptolemy.util.test.junit.AutoTests" name="[39] /home/travis/build/icyphy/ptII/ptolemy/domains/de/test/auto/Modal4.xml (RunModel)" time="0.029" />
  <testcase classname="ptolemy.util.test.junit.AutoTests" name="[40] /home/travis/build/icyphy/ptII/ptolemy/domains/de/test/auto/Modal5.xml (RunModel)" time="0.022" />
  <testcase classname="ptolemy.util.test.junit.AutoTests" name="[41] /home/travis/build/icyphy/ptII/ptolemy/domains/de/test/auto/Modal6.xml (RunModel)" time="0.021" />
  <testcase classname="ptolemy.util.test.junit.AutoTests" name="[42] /home/travis/build/icyphy/ptII/ptolemy/domains/de/test/auto/Modal7.xml (RunModel)" time="0.028" />
  <testcase classname="ptolemy.util.test.junit.AutoTests" name="[43] /home/travis/build/icyphy/ptII/ptolemy/domains/de/test/auto/ModalModel.xml (RunModel)" time="0.13" />
  <testcase classname="ptolemy.util.test.junit.AutoTests" name="[44] /home/travis/build/icyphy/ptII/ptolemy/domains/de/test/auto/ModalSource.xml (RunModel)" time="0.014" />
  <testcase classname="ptolemy.util.test.junit.AutoTests" name="[45] /home/travis/build/icyphy/ptII/ptolemy/domains/de/test/auto/NonInterruptibleTimerZeroDelay.xml (RunModel)" time="0.008" />
  <testcase classname="ptolemy.util.test.junit.AutoTests" name="[46] /home/travis/build/icyphy/ptII/ptolemy/domains/de/test/auto/OpenQueueingNetwork.xml (RunModel)" time="2.082" />
  <testcase classname="ptolemy.util.test.junit.AutoTests" name="[47] /home/travis/build/icyphy/ptII/ptolemy/domains/de/test/auto/OpenQueuingNetwork.xml (RunModel)" time="0.346" />
  <testcase classname="ptolemy.util.test.junit.AutoTests" name="[48] /home/travis/build/icyphy/ptII/ptolemy/domains/de/test/auto/PeriodicSampler.xml (RunModel)" time="0.009" />
  <testcase classname="ptolemy.util.test.junit.AutoTests" name="[49] /home/travis/build/icyphy/ptII/ptolemy/domains/de/test/auto/PersistentIO.xml (RunModel)" time="0.023" />
  <testcase classname="ptolemy.util.test.junit.AutoTests" name="[50] /home/travis/build/icyphy/ptII/ptolemy/domains/de/test/auto/PortParameterResetOnInitialize.xml (RunModel)" time="0.01" />
  <testcase classname="ptolemy.util.test.junit.AutoTests" name="[51] /home/travis/build/icyphy/ptII/ptolemy/domains/de/test/auto/PortParameterUpdates.xml (RunModel)" time="0.018" />
  <testcase classname="ptolemy.util.test.junit.AutoTests" name="[52] /home/travis/build/icyphy/ptII/ptolemy/domains/de/test/auto/QueueAndServer.xml (RunModel)" time="0.023" />
  <testcase classname="ptolemy.util.test.junit.AutoTests" name="[53] /home/travis/build/icyphy/ptII/ptolemy/domains/de/test/auto/Records.xml (RunModel)" time="0.019" />
  <testcase classname="ptolemy.util.test.junit.AutoTests" name="[54] /home/travis/build/icyphy/ptII/ptolemy/domains/de/test/auto/ResetTransitionWithStartTime1.xml (RunModel)" time="0.022" />
  <testcase classname="ptolemy.util.test.junit.AutoTests" name="[55] /home/travis/build/icyphy/ptII/ptolemy/domains/de/test/auto/ResetTransitionWithStartTime2.xml (RunModel)" time="0.019" />
  <testcase classname="ptolemy.util.test.junit.AutoTests" name="[56] /home/travis/build/icyphy/ptII/ptolemy/domains/de/test/auto/ResetTransitionWithStartTime3.xml (RunModel)" time="0.018" />
  <testcase classname="ptolemy.util.test.junit.AutoTests" name="[57] /home/travis/build/icyphy/ptII/ptolemy/domains/de/test/auto/ResetTransitionWithStartTime4.xml (RunModel)" time="0.018" />
  <testcase classname="ptolemy.util.test.junit.AutoTests" name="[58] /home/travis/build/icyphy/ptII/ptolemy/domains/de/test/auto/ResettableTimer1.xml (RunModel)" time="0.01" />
  <testcase classname="ptolemy.util.test.junit.AutoTests" name="[59] /home/travis/build/icyphy/ptII/ptolemy/domains/de/test/auto/ResettableTimer2.xml (RunModel)" time="0.01" />
  <testcase classname="ptolemy.util.test.junit.AutoTests" name="[60] /home/travis/build/icyphy/ptII/ptolemy/domains/de/test/auto/ResettableTimer3.xml (RunModel)" time="0.009" />
  <testcase classname="ptolemy.util.test.junit.AutoTests" name="[61] /home/travis/build/icyphy/ptII/ptolemy/domains/de/test/auto/ResettableTimer4.xml (RunModel)" time="0.009" />
  <testcase classname="ptolemy.util.test.junit.AutoTests" name="[62] /home/travis/build/icyphy/ptII/ptolemy/domains/de/test/auto/ResettableTimer5.xml (RunModel)" time="0.011" />
  <testcase classname="ptolemy.util.test.junit.AutoTests" name="[63] /home/travis/build/icyphy/ptII/ptolemy/domains/de/test/auto/ResettableTimer6.xml (RunModel)" time="0.017" />
  <testcase classname="ptolemy.util.test.junit.AutoTests" name="[64] /home/travis/build/icyphy/ptII/ptolemy/domains/de/test/auto/ServerZeroDelay.xml (RunModel)" time="0.01" />
  <testcase classname="ptolemy.util.test.junit.AutoTests" name="[65] /home/travis/build/icyphy/ptII/ptolemy/domains/de/test/auto/SmartSender.xml (RunModel)" time="3.009" />
  <testcase classname="ptolemy.util.test.junit.AutoTests" name="[66] /home/travis/build/icyphy/ptII/ptolemy/domains/de/test/auto/ThreadedComposite.xml (RunModel)" time="0.203" />
  <testcase classname="ptolemy.util.test.junit.AutoTests" name="[67] /home/travis/build/icyphy/ptII/ptolemy/domains/de/test/auto/Time.xml (RunModel)" time="0.481" />
  <testcase classname="ptolemy.util.test.junit.AutoTests" name="[68] /home/travis/build/icyphy/ptII/ptolemy/domains/de/test/auto/TimeDelayZeroDelay.xml (RunModel)" time="0.013" />
  <testcase classname="ptolemy.util.test.junit.AutoTests" name="[69] /home/travis/build/icyphy/ptII/ptolemy/domains/de/test/auto/TimerZeroDelay.xml (RunModel)" time="0.015" />
  <testcase classname="ptolemy.util.test.junit.AutoTests" name="[70] /home/travis/build/icyphy/ptII/ptolemy/domains/de/test/auto/TimingParadox.xml (RunModel)" time="0.373" />
  <testcase classname="ptolemy.util.test.junit.AutoTests" name="[71] /home/travis/build/icyphy/ptII/ptolemy/domains/de/test/auto/TransferInputs.xml (RunModel)" time="0.017" />
  <testcase classname="ptolemy.util.test.junit.AutoTests" name="[72] /home/travis/build/icyphy/ptII/ptolemy/domains/de/test/auto/TransferOutputs2.xml (RunModel)" time="0.019" />
  <testcase classname="ptolemy.util.test.junit.AutoTests" name="[73] /home/travis/build/icyphy/ptII/ptolemy/domains/de/test/auto/Trilateration.xml (RunModel)" time="12.197" />
  <testcase classname="ptolemy.util.test.junit.AutoTests" name="[74] /home/travis/build/icyphy/ptII/ptolemy/domains/de/test/auto/TwoSigmaDelta.xml (RunModel)" time="2.439" />
  <testcase classname="ptolemy.util.test.junit.AutoTests" name="[75] /home/travis/build/icyphy/ptII/ptolemy/domains/de/test/auto/VariableDelay.xml (RunModel)" time="0.011" />
  <testcase classname="ptolemy.util.test.junit.AutoTests" name="[76] /home/travis/build/icyphy/ptII/ptolemy/domains/de/test/auto/VariableDelay2.xml (RunModel)" time="0.011" />
  <testcase classname="ptolemy.util.test.junit.AutoTests" name="[77] /home/travis/build/icyphy/ptII/ptolemy/domains/de/test/auto/VariableDelayZeroDelay.xml (RunModel)" time="0.012" />
  <testcase classname="ptolemy.util.test.junit.AutoTests" name="[78] /home/travis/build/icyphy/ptII/ptolemy/domains/de/test/auto/VariableDelayZeroDelay2.xml (RunModel)" time="0.011" />
  <testcase classname="ptolemy.util.test.junit.AutoTests" name="[79] /home/travis/build/icyphy/ptII/ptolemy/domains/de/test/auto/deInCt.xml (RunModel)" time="0.02" />
  <testcase classname="ptolemy.util.test.junit.AutoTests" name="[80] /home/travis/build/icyphy/ptII/ptolemy/domains/de/test/auto/deInCt2.xml (RunModel)" time="0.017" />
  <testcase classname="ptolemy.util.test.junit.AutoTests" name="[81] /home/travis/build/icyphy/ptII/ptolemy/domains/de/test/auto/dynamicCausalityInterface1.xml (RunModel)" time="0.02" />
  <testcase classname="ptolemy.util.test.junit.AutoTests" name="[82] /home/travis/build/icyphy/ptII/ptolemy/domains/de/test/auto/fsm_de_test.xml (RunModel)" time="0.028" />
  <testcase classname="ptolemy.util.test.junit.AutoTests" name="[83] /home/travis/build/icyphy/ptII/ptolemy/domains/de/test/auto/functionDependencyReconstruction.xml (RunModel)" time="0.037" />
  <testcase classname="ptolemy.util.test.junit.AutoTests" name="[84] /home/travis/build/icyphy/ptII/ptolemy/domains/de/test/auto/multirate.xml (RunModel)" time="0.017" />
  <testcase classname="ptolemy.util.test.junit.AutoTests" name="[85] /home/travis/build/icyphy/ptII/ptolemy/domains/de/test/auto/multirate2.xml (RunModel)" time="0.015" />
  <testcase classname="ptolemy.util.test.junit.AutoTests" name="[86] /home/travis/build/icyphy/ptII/ptolemy/domains/de/test/auto/realtime.xml (RunModel)" time="10.011" />
  <testcase classname="ptolemy.util.test.junit.AutoTests" name="[87] /home/travis/build/icyphy/ptII/ptolemy/domains/de/test/auto/relationGroup.xml (RunModel)" time="0.008" />
  <testcase classname="ptolemy.util.test.junit.AutoTests" name="[88] /home/travis/build/icyphy/ptII/ptolemy/domains/de/test/auto/relationGroup2.xml (RunModel)" time="0.009" />
  <testcase classname="ptolemy.util.test.junit.AutoTests" name="[89] /home/travis/build/icyphy/ptII/ptolemy/domains/de/test/auto/sortWithOpaquePorts.xml (RunModel)" time="0.007" />
  <testcase classname="ptolemy.util.test.junit.AutoTests" name="[90] /home/travis/build/icyphy/ptII/ptolemy/domains/de/test/auto/transferInputsandOutputs.xml (RunModel)" time="0.02" />
  <testcase classname="ptolemy.util.test.junit.AutoTests" name="[91] /home/travis/build/icyphy/ptII/ptolemy/domains/de/test/auto/triggerType.xml (RunModel)" time="0.007" />
  <system-out><![CDATA[/home/travis/build/icyphy/ptII/ptolemy/domains/de/test/DependencyLoop.tcl
testDefs.tcl: setting time out to 9000 seconds at Fri Apr 20 07:00:37 UTC 2018
16 ms. Memory: 116224K Free: 92983K (80%)
8 ms. Memory: 146944K Free: 136693K (93%)
/home/travis/build/icyphy/ptII/ptolemy/domains/de/test/RunDETestsAsQSS.tcl
Run the DE tests using ptolemy.domains.qss.test.QSSDirectorTest, which extends QSSDirector and prints a message in the constructors.
------------------ testing $PTII/ptolemy/domains/de/test/auto/knownFailedTests/dependencyLoop.xml (Known Failure) 
8 ms. Memory: 146944K Free: 132432K (90%)


==== $PTIIhome/travis/build/icyphy/ptII/ptolemy/domains/de/test/../../../../: Auto Automatic test in file $PTII/ptolemy/domains/de/test/auto/knownFailedTests/dependencyLoop.xml
==== Contents of test case:

	    # FIXME: we should use $relativeFilename here, but it
	    # might have backslashes under Windows, which causes no end
	    # of trouble.
	    createAndExecute $file
	    list {}
	
.... Test generated KNOWN error:
    while executing
ptolemy.kernel.util.IllegalActionException: Found a zero delay loop containing .dependencyLoop.original
  in .dependencyLoop and .dependencyLoop.original
	at ptolemy.actor.util.CausalityInterfaceForComposites._computeOutputPortDepth(CausalityInterfaceForComposites.java:759)
	at ptolemy.actor.util.CausalityInterfaceForComposites._computeInputDepth(CausalityInterfaceForComposites.java:696)
	at ptolemy.actor.util.CausalityInterfaceForComposites._computeOutputPortDepth(CausalityInterfaceForComposites.java:765)
	at ptolemy.actor.util.CausalityInterfaceForComposites._computeInputDepth(CausalityInterfaceForComposites.java:696)
	at ptolemy.actor.util.CausalityInterfaceForComposites._computeOutputPortDepth(CausalityInterfaceForComposites.java:765)
	at ptolemy.actor.util.CausalityInterfaceForComposites._computeInputDepth(CausalityInterfaceForComposites.java:696)
	at ptolemy.actor.util.CausalityInterfaceForComposites._computeActorDepth(CausalityInterfaceForComposites.java:532)
	at ptolemy.actor.util.CausalityInterfaceForComposites.checkForCycles(CausalityInterfaceForComposites.java:96)
	at ptolemy.domains.de.kernel.DEDirector.preinitialize(DEDirector.java:1337)
	at ptolemy.actor.CompositeActor.preinitialize(CompositeActor.java:1828)
	at ptolemy.actor.Manager.preinitializeAndResolveTypes(Manager.java:1040)
	at ptolemy.actor.Manager.initialize(Manager.java:710)
	at ptolemy.actor.Manager.execute(Manager.java:356)
	at ptolemy.actor.Manager.run(Manager.java:1263)
	at ptolemy.actor.Manager$PtolemyRunThread.run(Manager.java:1915)

    while executing
ptolemy.kernel.util.IllegalActionException: Found a zero delay loop containing .dependencyLoop.original
  in .dependencyLoop and .dependencyLoop.original
    while executing
"java::new ptolemy.moml.MoMLSimpleApplication $file
"
    (procedure "createAndExecute" line 2)
    invoked from within
"createAndExecute $file"
    ("uplevel" body line 5)
    invoked from within
"uplevel $contents_of_test"
------------------ testing $PTII/ptolemy/domains/de/test/auto/knownFailedTests/DESDFClockTest.xml (Known Failure) 
2061 ms. Memory: 146944K Free: 116689K (79%)


==== $PTIIhome/travis/build/icyphy/ptII/ptolemy/domains/de/test/../../../../: Auto Automatic test in file $PTII/ptolemy/domains/de/test/auto/knownFailedTests/DESDFClockTest.xml
==== Contents of test case:

	    # FIXME: we should use $relativeFilename here, but it
	    # might have backslashes under Windows, which causes no end
	    # of trouble.
	    createAndExecute $file
	    list {}
	
.... Test generated KNOWN error:
    while executing
ptolemy.kernel.util.IllegalActionException: Actor is not ready to fire.  Perhaps UpSample.prefire() returned false? Try debugging the actor by selecting "Listen to Actor".  Also, for SDF check moml for tokenConsumptionRate on input.
  in .DESDFClockTest.Play Bell.Copy1:SDF Director and .DESDFClockTest.Play Bell.UpSample
	at ptolemy.actor.sched.StaticSchedulingDirector.fire(StaticSchedulingDirector.java:227)
	at ptolemy.domains.sdf.kernel.SDFDirector.fire(SDFDirector.java:500)
	at ptolemy.actor.CompositeActor.fire(CompositeActor.java:455)
	at ptolemy.domains.de.kernel.DEDirector._fire(DEDirector.java:1948)
	at ptolemy.domains.de.kernel.DEDirector.fire(DEDirector.java:502)
	at ptolemy.actor.CompositeActor.fire(CompositeActor.java:455)
	at ptolemy.actor.Manager.iterate(Manager.java:851)
	at ptolemy.actor.Manager.execute(Manager.java:369)
	at ptolemy.actor.Manager.run(Manager.java:1263)
	at ptolemy.actor.Manager$PtolemyRunThread.run(Manager.java:1915)

    while executing
ptolemy.kernel.util.IllegalActionException: Actor is not ready to fire.  Perhaps UpSample.prefire() returned false? Try debugging the actor by selecting "Listen to Actor".  Also, for SDF check moml for tokenConsumptionRate on input.
  in .DESDFClockTest.Play Bell.Copy1:SDF Director and .DESDFClockTest.Play Bell.UpSample
    while executing
"java::new ptolemy.moml.MoMLSimpleApplication $file
"
    (procedure "createAndExecute" line 2)
    invoked from within
"createAndExecute $file"
    ("uplevel" body line 5)
    invoked from within
"uplevel $contents_of_test"
------------------ testing $PTII/ptolemy/domains/de/test/auto/knownFailedTests/FSMSource.xml (Known Failure) 
50 ms. Memory: 146944K Free: 107214K (73%)
!!!! Auto was marked as failing, but now passes
------------------ testing $PTII/ptolemy/domains/de/test/auto/knownFailedTests/dependencyLoop2.xml (Known Failure) 
9 ms. Memory: 146944K Free: 105331K (72%)


==== $PTIIhome/travis/build/icyphy/ptII/ptolemy/domains/de/test/../../../../: Auto Automatic test in file $PTII/ptolemy/domains/de/test/auto/knownFailedTests/dependencyLoop2.xml
==== Contents of test case:

	    # FIXME: we should use $relativeFilename here, but it
	    # might have backslashes under Windows, which causes no end
	    # of trouble.
	    createAndExecute $file
	    list {}
	
.... Test generated KNOWN error:
    while executing
ptolemy.kernel.util.IllegalActionException: Found a zero delay loop containing .dependencyLoop2.original
  in .dependencyLoop2 and .dependencyLoop2.original
	at ptolemy.actor.util.CausalityInterfaceForComposites._computeOutputPortDepth(CausalityInterfaceForComposites.java:759)
	at ptolemy.actor.util.CausalityInterfaceForComposites._computeInputDepth(CausalityInterfaceForComposites.java:696)
	at ptolemy.actor.util.CausalityInterfaceForComposites._computeOutputPortDepth(CausalityInterfaceForComposites.java:765)
	at ptolemy.actor.util.CausalityInterfaceForComposites._computeInputDepth(CausalityInterfaceForComposites.java:696)
	at ptolemy.actor.util.CausalityInterfaceForComposites._computeOutputPortDepth(CausalityInterfaceForComposites.java:765)
	at ptolemy.actor.util.CausalityInterfaceForComposites._computeInputDepth(CausalityInterfaceForComposites.java:696)
	at ptolemy.actor.util.CausalityInterfaceForComposites._computeActorDepth(CausalityInterfaceForComposites.java:532)
	at ptolemy.actor.util.CausalityInterfaceForComposites.checkForCycles(CausalityInterfaceForComposites.java:96)
	at ptolemy.domains.de.kernel.DEDirector.preinitialize(DEDirector.java:1337)
	at ptolemy.actor.CompositeActor.preinitialize(CompositeActor.java:1828)
	at ptolemy.actor.Manager.preinitializeAndResolveTypes(Manager.java:1040)
	at ptolemy.actor.Manager.initialize(Manager.java:710)
	at ptolemy.actor.Manager.execute(Manager.java:356)
	at ptolemy.actor.Manager.run(Manager.java:1263)
	at ptolemy.actor.Manager$PtolemyRunThread.run(Manager.java:1915)

    while executing
ptolemy.kernel.util.IllegalActionException: Found a zero delay loop containing .dependencyLoop2.original
  in .dependencyLoop2 and .dependencyLoop2.original
    while executing
"java::new ptolemy.moml.MoMLSimpleApplication $file
"
    (procedure "createAndExecute" line 2)
    invoked from within
"createAndExecute $file"
    ("uplevel" body line 5)
    invoked from within
"uplevel $contents_of_test"
------------------ testing $PTII/ptolemy/domains/de/test/auto/knownFailedTests/HierarchicalModel.xml (Known Failure) 
6 ms. Memory: 146944K Free: 83832K (57%)


==== $PTIIhome/travis/build/icyphy/ptII/ptolemy/domains/de/test/../../../../: Auto Automatic test in file $PTII/ptolemy/domains/de/test/auto/knownFailedTests/HierarchicalModel.xml
==== Contents of test case:

	    # FIXME: we should use $relativeFilename here, but it
	    # might have backslashes under Windows, which causes no end
	    # of trouble.
	    createAndExecute $file
	    list {}
	
.... Test generated KNOWN error:
    while executing
ptolemy.kernel.util.IllegalActionException: Found a zero delay loop containing .HierarchicalModel.A
  in .HierarchicalModel and .HierarchicalModel.A
	at ptolemy.actor.util.CausalityInterfaceForComposites._computeOutputPortDepth(CausalityInterfaceForComposites.java:759)
	at ptolemy.actor.util.CausalityInterfaceForComposites._computeInputDepth(CausalityInterfaceForComposites.java:696)
	at ptolemy.actor.util.CausalityInterfaceForComposites._computeOutputPortDepth(CausalityInterfaceForComposites.java:765)
	at ptolemy.actor.util.CausalityInterfaceForComposites._computeInputDepth(CausalityInterfaceForComposites.java:696)
	at ptolemy.actor.util.CausalityInterfaceForComposites._computeOutputPortDepth(CausalityInterfaceForComposites.java:765)
	at ptolemy.actor.util.CausalityInterfaceForComposites._computeInputDepth(CausalityInterfaceForComposites.java:696)
	at ptolemy.actor.util.CausalityInterfaceForComposites._computeActorDepth(CausalityInterfaceForComposites.java:532)
	at ptolemy.actor.util.CausalityInterfaceForComposites.checkForCycles(CausalityInterfaceForComposites.java:96)
	at ptolemy.domains.de.kernel.DEDirector.preinitialize(DEDirector.java:1337)
	at ptolemy.actor.CompositeActor.preinitialize(CompositeActor.java:1828)
	at ptolemy.actor.Manager.preinitializeAndResolveTypes(Manager.java:1040)
	at ptolemy.actor.Manager.initialize(Manager.java:710)
	at ptolemy.actor.Manager.execute(Manager.java:356)
	at ptolemy.actor.Manager.run(Manager.java:1263)
	at ptolemy.actor.Manager$PtolemyRunThread.run(Manager.java:1915)

    while executing
ptolemy.kernel.util.IllegalActionException: Found a zero delay loop containing .HierarchicalModel.A
  in .HierarchicalModel and .HierarchicalModel.A
    while executing
"java::new ptolemy.moml.MoMLSimpleApplication $file
"
    (procedure "createAndExecute" line 2)
    invoked from within
"createAndExecute $file"
    ("uplevel" body line 5)
    invoked from within
"uplevel $contents_of_test"
------------------ testing $PTII/ptolemy/domains/de/test/auto/knownFailedTests/DirectFeedback.xml (Known Failure) 
7 ms. Memory: 146944K Free: 140360K (96%)


==== $PTIIhome/travis/build/icyphy/ptII/ptolemy/domains/de/test/../../../../: Auto Automatic test in file $PTII/ptolemy/domains/de/test/auto/knownFailedTests/DirectFeedback.xml
==== Contents of test case:

	    # FIXME: we should use $relativeFilename here, but it
	    # might have backslashes under Windows, which causes no end
	    # of trouble.
	    createAndExecute $file
	    list {}
	
.... Test generated KNOWN error:
    while executing
ptolemy.kernel.util.IllegalActionException: Test fails in iteration 1.
Value was: 1.0. Should have been: 2.0
  in .DirectFeedback.Test
	at ptolemy.actor.lib.Test.fire(Test.java:268)
	at ptolemy.domains.de.kernel.DEDirector._fire(DEDirector.java:1948)
	at ptolemy.domains.de.kernel.DEDirector.fire(DEDirector.java:502)
	at ptolemy.actor.CompositeActor.fire(CompositeActor.java:455)
	at ptolemy.actor.Manager.iterate(Manager.java:851)
	at ptolemy.actor.Manager.execute(Manager.java:369)
	at ptolemy.actor.Manager.run(Manager.java:1263)
	at ptolemy.actor.Manager$PtolemyRunThread.run(Manager.java:1915)

    while executing
ptolemy.kernel.util.IllegalActionException: Test fails in iteration 1.
Value was: 1.0. Should have been: 2.0
  in .DirectFeedback.Test
    while executing
"java::new ptolemy.moml.MoMLSimpleApplication $file
"
    (procedure "createAndExecute" line 2)
    invoked from within
"createAndExecute $file"
    ("uplevel" body line 5)
    invoked from within
"uplevel $contents_of_test"
------------------ testing $PTII/ptolemy/domains/de/test/auto/ActorDepthCalculation_actorWithoutPorts.xml
auto.tcl: Setting watchdog for 200 seconds at Fri Apr 20 07:00:40 UTC 2018
7 ms. Memory: 146944K Free: 132387K (90%)
ptolemy.util.test.WatchDog.cancel(): canceling Fri Apr 20 07:00:40 UTC 2018
auto.tcl: Setting watchdog for 200 seconds at Fri Apr 20 07:00:40 UTC 2018
7 ms. Memory: 146944K Free: 131337K (89%)
ptolemy.util.test.WatchDog.cancel(): canceling Fri Apr 20 07:00:40 UTC 2018
------------------ testing $PTII/ptolemy/domains/de/test/auto/AssemblyLine.xml
auto.tcl: Setting watchdog for 200 seconds at Fri Apr 20 07:00:41 UTC 2018
19 ms. Memory: 208384K Free: 182193K (87%)
ptolemy.util.test.WatchDog.cancel(): canceling Fri Apr 20 07:00:41 UTC 2018
auto.tcl: Setting watchdog for 200 seconds at Fri Apr 20 07:00:41 UTC 2018
13 ms. Memory: 208384K Free: 182193K (87%)
ptolemy.util.test.WatchDog.cancel(): canceling Fri Apr 20 07:00:41 UTC 2018
------------------ testing $PTII/ptolemy/domains/de/test/auto/CQBug1.xml
auto.tcl: Setting watchdog for 200 seconds at Fri Apr 20 07:00:41 UTC 2018
4 ms. Memory: 208384K Free: 196473K (94%)
ptolemy.util.test.WatchDog.cancel(): canceling Fri Apr 20 07:00:41 UTC 2018
auto.tcl: Setting watchdog for 200 seconds at Fri Apr 20 07:00:41 UTC 2018
3 ms. Memory: 208384K Free: 196473K (94%)
ptolemy.util.test.WatchDog.cancel(): canceling Fri Apr 20 07:00:41 UTC 2018
------------------ testing $PTII/ptolemy/domains/de/test/auto/CancelFireAt.xml
auto.tcl: Setting watchdog for 200 seconds at Fri Apr 20 07:00:41 UTC 2018
5 ms. Memory: 208384K Free: 201423K (97%)
ptolemy.util.test.WatchDog.cancel(): canceling Fri Apr 20 07:00:41 UTC 2018
auto.tcl: Setting watchdog for 200 seconds at Fri Apr 20 07:00:41 UTC 2018
5 ms. Memory: 208384K Free: 199315K (96%)
ptolemy.util.test.WatchDog.cancel(): canceling Fri Apr 20 07:00:41 UTC 2018
------------------ testing $PTII/ptolemy/domains/de/test/auto/CausalityAndComposabilityAnalysis.xml
auto.tcl: Setting watchdog for 200 seconds at Fri Apr 20 07:00:41 UTC 2018
14 ms. Memory: 208384K Free: 196452K (94%)
ptolemy.util.test.WatchDog.cancel(): canceling Fri Apr 20 07:00:41 UTC 2018
auto.tcl: Setting watchdog for 200 seconds at Fri Apr 20 07:00:41 UTC 2018
7 ms. Memory: 208384K Free: 196452K (94%)
ptolemy.util.test.WatchDog.cancel(): canceling Fri Apr 20 07:00:41 UTC 2018
------------------ testing $PTII/ptolemy/domains/de/test/auto/CausalityInterface1.xml
auto.tcl: Setting watchdog for 200 seconds at Fri Apr 20 07:00:41 UTC 2018
11 ms. Memory: 208384K Free: 196397K (94%)
ptolemy.util.test.WatchDog.cancel(): canceling Fri Apr 20 07:00:41 UTC 2018
auto.tcl: Setting watchdog for 200 seconds at Fri Apr 20 07:00:41 UTC 2018
5 ms. Memory: 208384K Free: 196397K (94%)
ptolemy.util.test.WatchDog.cancel(): canceling Fri Apr 20 07:00:41 UTC 2018
------------------ testing $PTII/ptolemy/domains/de/test/auto/CausalityInterface15.xml
auto.tcl: Setting watchdog for 200 seconds at Fri Apr 20 07:00:41 UTC 2018
10 ms. Memory: 208384K Free: 196380K (94%)
ptolemy.util.test.WatchDog.cancel(): canceling Fri Apr 20 07:00:41 UTC 2018
auto.tcl: Setting watchdog for 200 seconds at Fri Apr 20 07:00:41 UTC 2018
6 ms. Memory: 208384K Free: 194272K (93%)
ptolemy.util.test.WatchDog.cancel(): canceling Fri Apr 20 07:00:41 UTC 2018
------------------ testing $PTII/ptolemy/domains/de/test/auto/CausalityInterface2.xml
auto.tcl: Setting watchdog for 200 seconds at Fri Apr 20 07:00:41 UTC 2018
7 ms. Memory: 208384K Free: 196380K (94%)
ptolemy.util.test.WatchDog.cancel(): canceling Fri Apr 20 07:00:41 UTC 2018
auto.tcl: Setting watchdog for 200 seconds at Fri Apr 20 07:00:41 UTC 2018
3 ms. Memory: 208384K Free: 196380K (94%)
ptolemy.util.test.WatchDog.cancel(): canceling Fri Apr 20 07:00:41 UTC 2018
------------------ testing $PTII/ptolemy/domains/de/test/auto/CausalityInterface3.xml
auto.tcl: Setting watchdog for 200 seconds at Fri Apr 20 07:00:41 UTC 2018
7 ms. Memory: 208384K Free: 196394K (94%)
ptolemy.util.test.WatchDog.cancel(): canceling Fri Apr 20 07:00:41 UTC 2018
auto.tcl: Setting watchdog for 200 seconds at Fri Apr 20 07:00:41 UTC 2018
5 ms. Memory: 208384K Free: 196394K (94%)
ptolemy.util.test.WatchDog.cancel(): canceling Fri Apr 20 07:00:41 UTC 2018
------------------ testing $PTII/ptolemy/domains/de/test/auto/ClockDrift.xml
auto.tcl: Setting watchdog for 200 seconds at Fri Apr 20 07:00:42 UTC 2018
96 ms. Memory: 208384K Free: 187538K (90%)
ptolemy.util.test.WatchDog.cancel(): canceling Fri Apr 20 07:00:42 UTC 2018
auto.tcl: Setting watchdog for 200 seconds at Fri Apr 20 07:00:42 UTC 2018
59 ms. Memory: 208384K Free: 185430K (89%)
ptolemy.util.test.WatchDog.cancel(): canceling Fri Apr 20 07:00:42 UTC 2018
------------------ testing $PTII/ptolemy/domains/de/test/auto/ClockDriftAndValueChange.xml
auto.tcl: Setting watchdog for 200 seconds at Fri Apr 20 07:00:42 UTC 2018
52 ms. Memory: 208384K Free: 187389K (90%)
ptolemy.util.test.WatchDog.cancel(): canceling Fri Apr 20 07:00:42 UTC 2018
auto.tcl: Setting watchdog for 200 seconds at Fri Apr 20 07:00:42 UTC 2018
34 ms. Memory: 208384K Free: 185281K (89%)
ptolemy.util.test.WatchDog.cancel(): canceling Fri Apr 20 07:00:42 UTC 2018
------------------ testing $PTII/ptolemy/domains/de/test/auto/ClockDriftChange.xml
auto.tcl: Setting watchdog for 200 seconds at Fri Apr 20 07:00:42 UTC 2018
21 ms. Memory: 208384K Free: 191084K (92%)
ptolemy.util.test.WatchDog.cancel(): canceling Fri Apr 20 07:00:42 UTC 2018
auto.tcl: Setting watchdog for 200 seconds at Fri Apr 20 07:00:42 UTC 2018
23 ms. Memory: 208384K Free: 188631K (91%)
ptolemy.util.test.WatchDog.cancel(): canceling Fri Apr 20 07:00:42 UTC 2018
------------------ testing $PTII/ptolemy/domains/de/test/auto/ComposableCausalityAnalysis.xml
auto.tcl: Setting watchdog for 200 seconds at Fri Apr 20 07:00:42 UTC 2018
2 ms. Memory: 208384K Free: 196253K (94%)
ptolemy.util.test.WatchDog.cancel(): canceling Fri Apr 20 07:00:42 UTC 2018
auto.tcl: Setting watchdog for 200 seconds at Fri Apr 20 07:00:42 UTC 2018
2 ms. Memory: 208384K Free: 194130K (93%)
ptolemy.util.test.WatchDog.cancel(): canceling Fri Apr 20 07:00:42 UTC 2018
------------------ testing $PTII/ptolemy/domains/de/test/auto/DEFixedPointLimitation.xml
auto.tcl: Setting watchdog for 200 seconds at Fri Apr 20 07:00:42 UTC 2018
7 ms. Memory: 208384K Free: 196303K (94%)
ptolemy.util.test.WatchDog.cancel(): canceling Fri Apr 20 07:00:42 UTC 2018
auto.tcl: Setting watchdog for 200 seconds at Fri Apr 20 07:00:42 UTC 2018
2 ms. Memory: 208384K Free: 196303K (94%)
ptolemy.util.test.WatchDog.cancel(): canceling Fri Apr 20 07:00:42 UTC 2018
------------------ testing $PTII/ptolemy/domains/de/test/auto/DEScheduleTest.xml
auto.tcl: Setting watchdog for 200 seconds at Fri Apr 20 07:00:42 UTC 2018
5 ms. Memory: 208384K Free: 198799K (95%)
ptolemy.util.test.WatchDog.cancel(): canceling Fri Apr 20 07:00:42 UTC 2018
auto.tcl: Setting watchdog for 200 seconds at Fri Apr 20 07:00:42 UTC 2018
8 ms. Memory: 208384K Free: 196692K (94%)
ptolemy.util.test.WatchDog.cancel(): canceling Fri Apr 20 07:00:42 UTC 2018
------------------ testing $PTII/ptolemy/domains/de/test/auto/DEinDEwithStartTimes.xml
auto.tcl: Setting watchdog for 200 seconds at Fri Apr 20 07:00:42 UTC 2018
4 ms. Memory: 208384K Free: 196324K (94%)
ptolemy.util.test.WatchDog.cancel(): canceling Fri Apr 20 07:00:42 UTC 2018
auto.tcl: Setting watchdog for 200 seconds at Fri Apr 20 07:00:42 UTC 2018
4 ms. Memory: 208384K Free: 194208K (93%)
ptolemy.util.test.WatchDog.cancel(): canceling Fri Apr 20 07:00:42 UTC 2018
------------------ testing $PTII/ptolemy/domains/de/test/auto/DEinDEwithStartTimes2.xml
auto.tcl: Setting watchdog for 200 seconds at Fri Apr 20 07:00:42 UTC 2018
9 ms. Memory: 208384K Free: 196304K (94%)
ptolemy.util.test.WatchDog.cancel(): canceling Fri Apr 20 07:00:43 UTC 2018
auto.tcl: Setting watchdog for 200 seconds at Fri Apr 20 07:00:43 UTC 2018
5 ms. Memory: 208384K Free: 194180K (93%)
ptolemy.util.test.WatchDog.cancel(): canceling Fri Apr 20 07:00:43 UTC 2018
------------------ testing $PTII/ptolemy/domains/de/test/auto/DateDemo.xml
auto.tcl: Setting watchdog for 200 seconds at Fri Apr 20 07:00:43 UTC 2018
9 ms. Memory: 208384K Free: 188725K (91%)
ptolemy.util.test.WatchDog.cancel(): canceling Fri Apr 20 07:00:43 UTC 2018
auto.tcl: Setting watchdog for 200 seconds at Fri Apr 20 07:00:43 UTC 2018
7 ms. Memory: 208384K Free: 186602K (90%)
ptolemy.util.test.WatchDog.cancel(): canceling Fri Apr 20 07:00:43 UTC 2018
------------------ testing $PTII/ptolemy/domains/de/test/auto/DateToEvent.xml
auto.tcl: Setting watchdog for 200 seconds at Fri Apr 20 07:00:43 UTC 2018
2016 ms. Memory: 208384K Free: 183394K (88%)
ptolemy.util.test.WatchDog.cancel(): canceling Fri Apr 20 07:00:45 UTC 2018
auto.tcl: Setting watchdog for 200 seconds at Fri Apr 20 07:00:45 UTC 2018
2005 ms. Memory: 208384K Free: 180936K (87%)
ptolemy.util.test.WatchDog.cancel(): canceling Fri Apr 20 07:00:47 UTC 2018
------------------ testing $PTII/ptolemy/domains/de/test/auto/DepthTest1.xml
auto.tcl: Setting watchdog for 200 seconds at Fri Apr 20 07:00:47 UTC 2018
4 ms. Memory: 208384K Free: 197990K (95%)
ptolemy.util.test.WatchDog.cancel(): canceling Fri Apr 20 07:00:47 UTC 2018
auto.tcl: Setting watchdog for 200 seconds at Fri Apr 20 07:00:47 UTC 2018
2 ms. Memory: 208384K Free: 197990K (95%)
ptolemy.util.test.WatchDog.cancel(): canceling Fri Apr 20 07:00:47 UTC 2018
------------------ testing $PTII/ptolemy/domains/de/test/auto/DepthTest2.xml
auto.tcl: Setting watchdog for 200 seconds at Fri Apr 20 07:00:47 UTC 2018
3 ms. Memory: 208384K Free: 194191K (93%)
ptolemy.util.test.WatchDog.cancel(): canceling Fri Apr 20 07:00:47 UTC 2018
auto.tcl: Setting watchdog for 200 seconds at Fri Apr 20 07:00:47 UTC 2018
7 ms. Memory: 208384K Free: 194191K (93%)
ptolemy.util.test.WatchDog.cancel(): canceling Fri Apr 20 07:00:47 UTC 2018
------------------ testing $PTII/ptolemy/domains/de/test/auto/DepthTest3.xml
auto.tcl: Setting watchdog for 200 seconds at Fri Apr 20 07:00:47 UTC 2018
5 ms. Memory: 208384K Free: 198662K (95%)
ptolemy.util.test.WatchDog.cancel(): canceling Fri Apr 20 07:00:47 UTC 2018
auto.tcl: Setting watchdog for 200 seconds at Fri Apr 20 07:00:47 UTC 2018
2 ms. Memory: 208384K Free: 198662K (95%)
ptolemy.util.test.WatchDog.cancel(): canceling Fri Apr 20 07:00:47 UTC 2018
------------------ testing $PTII/ptolemy/domains/de/test/auto/DepthTest4.xml
auto.tcl: Setting watchdog for 200 seconds at Fri Apr 20 07:00:47 UTC 2018
8 ms. Memory: 208384K Free: 196320K (94%)
ptolemy.util.test.WatchDog.cancel(): canceling Fri Apr 20 07:00:47 UTC 2018
auto.tcl: Setting watchdog for 200 seconds at Fri Apr 20 07:00:47 UTC 2018
3 ms. Memory: 208384K Free: 196320K (94%)
ptolemy.util.test.WatchDog.cancel(): canceling Fri Apr 20 07:00:47 UTC 2018
------------------ testing $PTII/ptolemy/domains/de/test/auto/DepthTest5.xml
auto.tcl: Setting watchdog for 200 seconds at Fri Apr 20 07:00:47 UTC 2018
3 ms. Memory: 208384K Free: 196251K (94%)
ptolemy.util.test.WatchDog.cancel(): canceling Fri Apr 20 07:00:47 UTC 2018
auto.tcl: Setting watchdog for 200 seconds at Fri Apr 20 07:00:47 UTC 2018
2 ms. Memory: 208384K Free: 196251K (94%)
ptolemy.util.test.WatchDog.cancel(): canceling Fri Apr 20 07:00:47 UTC 2018
------------------ testing $PTII/ptolemy/domains/de/test/auto/DepthTest6.xml
auto.tcl: Setting watchdog for 200 seconds at Fri Apr 20 07:00:47 UTC 2018
4 ms. Memory: 208384K Free: 196574K (94%)
ptolemy.util.test.WatchDog.cancel(): canceling Fri Apr 20 07:00:47 UTC 2018
auto.tcl: Setting watchdog for 200 seconds at Fri Apr 20 07:00:47 UTC 2018
3 ms. Memory: 208384K Free: 196574K (94%)
ptolemy.util.test.WatchDog.cancel(): canceling Fri Apr 20 07:00:47 UTC 2018
------------------ testing $PTII/ptolemy/domains/de/test/auto/DepthTest7.xml
auto.tcl: Setting watchdog for 200 seconds at Fri Apr 20 07:00:47 UTC 2018
3 ms. Memory: 208384K Free: 196225K (94%)
ptolemy.util.test.WatchDog.cancel(): canceling Fri Apr 20 07:00:47 UTC 2018
auto.tcl: Setting watchdog for 200 seconds at Fri Apr 20 07:00:47 UTC 2018
2 ms. Memory: 208384K Free: 196225K (94%)
ptolemy.util.test.WatchDog.cancel(): canceling Fri Apr 20 07:00:47 UTC 2018
------------------ testing $PTII/ptolemy/domains/de/test/auto/EventToDate.xml
auto.tcl: Setting watchdog for 200 seconds at Fri Apr 20 07:00:47 UTC 2018
3006 ms. Memory: 208384K Free: 185660K (89%)
ptolemy.util.test.WatchDog.cancel(): canceling Fri Apr 20 07:00:50 UTC 2018
auto.tcl: Setting watchdog for 200 seconds at Fri Apr 20 07:00:50 UTC 2018
3006 ms. Memory: 208384K Free: 185660K (89%)
ptolemy.util.test.WatchDog.cancel(): canceling Fri Apr 20 07:00:53 UTC 2018
------------------ testing $PTII/ptolemy/domains/de/test/auto/FSM1.xml
auto.tcl: Setting watchdog for 200 seconds at Fri Apr 20 07:00:54 UTC 2018
18 ms. Memory: 208384K Free: 187089K (90%)
ptolemy.util.test.WatchDog.cancel(): canceling Fri Apr 20 07:00:54 UTC 2018
auto.tcl: Setting watchdog for 200 seconds at Fri Apr 20 07:00:54 UTC 2018
15 ms. Memory: 208384K Free: 184965K (89%)
ptolemy.util.test.WatchDog.cancel(): canceling Fri Apr 20 07:00:54 UTC 2018
------------------ testing $PTII/ptolemy/domains/de/test/auto/FSM7.xml
auto.tcl: Setting watchdog for 200 seconds at Fri Apr 20 07:00:54 UTC 2018
17 ms. Memory: 208384K Free: 187324K (90%)
ptolemy.util.test.WatchDog.cancel(): canceling Fri Apr 20 07:00:54 UTC 2018
auto.tcl: Setting watchdog for 200 seconds at Fri Apr 20 07:00:54 UTC 2018
14 ms. Memory: 208384K Free: 185200K (89%)
ptolemy.util.test.WatchDog.cancel(): canceling Fri Apr 20 07:00:54 UTC 2018
------------------ testing $PTII/ptolemy/domains/de/test/auto/Inspection.xml
auto.tcl: Setting watchdog for 200 seconds at Fri Apr 20 07:00:54 UTC 2018
47 ms. Memory: 208384K Free: 188538K (90%)
ptolemy.util.test.WatchDog.cancel(): canceling Fri Apr 20 07:00:54 UTC 2018
auto.tcl: Setting watchdog for 200 seconds at Fri Apr 20 07:00:54 UTC 2018
38 ms. Memory: 208384K Free: 186415K (89%)
ptolemy.util.test.WatchDog.cancel(): canceling Fri Apr 20 07:00:54 UTC 2018
------------------ testing $PTII/ptolemy/domains/de/test/auto/Iteration.xml
auto.tcl: Setting watchdog for 200 seconds at Fri Apr 20 07:00:54 UTC 2018
9 ms. Memory: 208384K Free: 193874K (93%)
ptolemy.util.test.WatchDog.cancel(): canceling Fri Apr 20 07:00:54 UTC 2018
auto.tcl: Setting watchdog for 200 seconds at Fri Apr 20 07:00:54 UTC 2018
10 ms. Memory: 208384K Free: 193874K (93%)
ptolemy.util.test.WatchDog.cancel(): canceling Fri Apr 20 07:00:54 UTC 2018
------------------ testing $PTII/ptolemy/domains/de/test/auto/LineFault.xml
auto.tcl: Setting watchdog for 200 seconds at Fri Apr 20 07:00:54 UTC 2018
839 ms. Memory: 208384K Free: 194879K (94%)
ptolemy.util.test.WatchDog.cancel(): canceling Fri Apr 20 07:00:55 UTC 2018
auto.tcl: Setting watchdog for 200 seconds at Fri Apr 20 07:00:55 UTC 2018
735 ms. Memory: 208384K Free: 139092K (67%)
ptolemy.util.test.WatchDog.cancel(): canceling Fri Apr 20 07:00:56 UTC 2018
------------------ testing $PTII/ptolemy/domains/de/test/auto/MergeModel1Add.xml
auto.tcl: Setting watchdog for 200 seconds at Fri Apr 20 07:00:56 UTC 2018
31 ms. Memory: 331264K Free: 298539K (90%)
ptolemy.util.test.WatchDog.cancel(): canceling Fri Apr 20 07:00:56 UTC 2018
auto.tcl: Setting watchdog for 200 seconds at Fri Apr 20 07:00:56 UTC 2018
13 ms. Memory: 331264K Free: 298539K (90%)
ptolemy.util.test.WatchDog.cancel(): canceling Fri Apr 20 07:00:56 UTC 2018
------------------ testing $PTII/ptolemy/domains/de/test/auto/MergeModel2Add.xml
auto.tcl: Setting watchdog for 200 seconds at Fri Apr 20 07:00:56 UTC 2018
10 ms. Memory: 331264K Free: 303839K (92%)
ptolemy.util.test.WatchDog.cancel(): canceling Fri Apr 20 07:00:56 UTC 2018
auto.tcl: Setting watchdog for 200 seconds at Fri Apr 20 07:00:56 UTC 2018
10 ms. Memory: 331264K Free: 299892K (91%)
ptolemy.util.test.WatchDog.cancel(): canceling Fri Apr 20 07:00:56 UTC 2018
------------------ testing $PTII/ptolemy/domains/de/test/auto/MergeModel3Add.xml
auto.tcl: Setting watchdog for 200 seconds at Fri Apr 20 07:00:56 UTC 2018
13 ms. Memory: 331264K Free: 303858K (92%)
ptolemy.util.test.WatchDog.cancel(): canceling Fri Apr 20 07:00:57 UTC 2018
auto.tcl: Setting watchdog for 200 seconds at Fri Apr 20 07:00:57 UTC 2018
11 ms. Memory: 331264K Free: 299910K (91%)
ptolemy.util.test.WatchDog.cancel(): canceling Fri Apr 20 07:00:57 UTC 2018
------------------ testing $PTII/ptolemy/domains/de/test/auto/MergeWithoutDiscard.xml
auto.tcl: Setting watchdog for 200 seconds at Fri Apr 20 07:00:57 UTC 2018
2 ms. Memory: 331264K Free: 315697K (95%)
ptolemy.util.test.WatchDog.cancel(): canceling Fri Apr 20 07:00:57 UTC 2018
auto.tcl: Setting watchdog for 200 seconds at Fri Apr 20 07:00:57 UTC 2018
1 ms. Memory: 331264K Free: 315697K (95%)
ptolemy.util.test.WatchDog.cancel(): canceling Fri Apr 20 07:00:57 UTC 2018
------------------ testing $PTII/ptolemy/domains/de/test/auto/Modal1.xml
auto.tcl: Setting watchdog for 200 seconds at Fri Apr 20 07:00:57 UTC 2018
19 ms. Memory: 331264K Free: 309589K (93%)
ptolemy.util.test.WatchDog.cancel(): canceling Fri Apr 20 07:00:57 UTC 2018
auto.tcl: Setting watchdog for 200 seconds at Fri Apr 20 07:00:57 UTC 2018
26 ms. Memory: 331264K Free: 305626K (92%)
ptolemy.util.test.WatchDog.cancel(): canceling Fri Apr 20 07:00:57 UTC 2018
------------------ testing $PTII/ptolemy/domains/de/test/auto/Modal2.xml
auto.tcl: Setting watchdog for 200 seconds at Fri Apr 20 07:00:57 UTC 2018
11 ms. Memory: 331264K Free: 309447K (93%)
ptolemy.util.test.WatchDog.cancel(): canceling Fri Apr 20 07:00:57 UTC 2018
auto.tcl: Setting watchdog for 200 seconds at Fri Apr 20 07:00:57 UTC 2018
12 ms. Memory: 331264K Free: 305499K (92%)
ptolemy.util.test.WatchDog.cancel(): canceling Fri Apr 20 07:00:57 UTC 2018
------------------ testing $PTII/ptolemy/domains/de/test/auto/Modal3.xml
auto.tcl: Setting watchdog for 200 seconds at Fri Apr 20 07:00:57 UTC 2018
16 ms. Memory: 331264K Free: 309739K (94%)
ptolemy.util.test.WatchDog.cancel(): canceling Fri Apr 20 07:00:57 UTC 2018
auto.tcl: Setting watchdog for 200 seconds at Fri Apr 20 07:00:57 UTC 2018
10 ms. Memory: 331264K Free: 305490K (92%)
ptolemy.util.test.WatchDog.cancel(): canceling Fri Apr 20 07:00:57 UTC 2018
------------------ testing $PTII/ptolemy/domains/de/test/auto/Modal4.xml
auto.tcl: Setting watchdog for 200 seconds at Fri Apr 20 07:00:57 UTC 2018
27 ms. Memory: 331264K Free: 309459K (93%)
ptolemy.util.test.WatchDog.cancel(): canceling Fri Apr 20 07:00:57 UTC 2018
auto.tcl: Setting watchdog for 200 seconds at Fri Apr 20 07:00:57 UTC 2018
22 ms. Memory: 331264K Free: 305495K (92%)
ptolemy.util.test.WatchDog.cancel(): canceling Fri Apr 20 07:00:57 UTC 2018
------------------ testing $PTII/ptolemy/domains/de/test/auto/Modal5.xml
auto.tcl: Setting watchdog for 200 seconds at Fri Apr 20 07:00:57 UTC 2018
13 ms. Memory: 331264K Free: 309445K (93%)
ptolemy.util.test.WatchDog.cancel(): canceling Fri Apr 20 07:00:57 UTC 2018
auto.tcl: Setting watchdog for 200 seconds at Fri Apr 20 07:00:57 UTC 2018
15 ms. Memory: 331264K Free: 305482K (92%)
ptolemy.util.test.WatchDog.cancel(): canceling Fri Apr 20 07:00:57 UTC 2018
------------------ testing $PTII/ptolemy/domains/de/test/auto/Modal6.xml
auto.tcl: Setting watchdog for 200 seconds at Fri Apr 20 07:00:57 UTC 2018
16 ms. Memory: 331264K Free: 309427K (93%)
ptolemy.util.test.WatchDog.cancel(): canceling Fri Apr 20 07:00:57 UTC 2018
auto.tcl: Setting watchdog for 200 seconds at Fri Apr 20 07:00:57 UTC 2018
16 ms. Memory: 331264K Free: 305479K (92%)
ptolemy.util.test.WatchDog.cancel(): canceling Fri Apr 20 07:00:57 UTC 2018
------------------ testing $PTII/ptolemy/domains/de/test/auto/Modal7.xml
auto.tcl: Setting watchdog for 200 seconds at Fri Apr 20 07:00:57 UTC 2018
11 ms. Memory: 331264K Free: 305488K (92%)
ptolemy.util.test.WatchDog.cancel(): canceling Fri Apr 20 07:00:57 UTC 2018
auto.tcl: Setting watchdog for 200 seconds at Fri Apr 20 07:00:57 UTC 2018
12 ms. Memory: 331264K Free: 305488K (92%)
ptolemy.util.test.WatchDog.cancel(): canceling Fri Apr 20 07:00:57 UTC 2018
------------------ testing $PTII/ptolemy/domains/de/test/auto/ModalModel.xml
auto.tcl: Setting watchdog for 200 seconds at Fri Apr 20 07:00:58 UTC 2018
254 ms. Memory: 331264K Free: 245655K (74%)
ptolemy.util.test.WatchDog.cancel(): canceling Fri Apr 20 07:00:58 UTC 2018
auto.tcl: Setting watchdog for 200 seconds at Fri Apr 20 07:00:58 UTC 2018
235 ms. Memory: 331264K Free: 190246K (57%)
ptolemy.util.test.WatchDog.cancel(): canceling Fri Apr 20 07:00:58 UTC 2018
------------------ testing $PTII/ptolemy/domains/de/test/auto/ModalSource.xml
auto.tcl: Setting watchdog for 200 seconds at Fri Apr 20 07:00:58 UTC 2018
11 ms. Memory: 331264K Free: 316241K (95%)
ptolemy.util.test.WatchDog.cancel(): canceling Fri Apr 20 07:00:58 UTC 2018
auto.tcl: Setting watchdog for 200 seconds at Fri Apr 20 07:00:58 UTC 2018
8 ms. Memory: 331264K Free: 312710K (94%)
ptolemy.util.test.WatchDog.cancel(): canceling Fri Apr 20 07:00:58 UTC 2018
------------------ testing $PTII/ptolemy/domains/de/test/auto/NonInterruptibleTimerZeroDelay.xml
auto.tcl: Setting watchdog for 200 seconds at Fri Apr 20 07:00:58 UTC 2018
5 ms. Memory: 331264K Free: 320600K (97%)
ptolemy.util.test.WatchDog.cancel(): canceling Fri Apr 20 07:00:58 UTC 2018
auto.tcl: Setting watchdog for 200 seconds at Fri Apr 20 07:00:58 UTC 2018
3 ms. Memory: 331264K Free: 317070K (96%)
ptolemy.util.test.WatchDog.cancel(): canceling Fri Apr 20 07:00:58 UTC 2018
------------------ testing $PTII/ptolemy/domains/de/test/auto/OpenQueueingNetwork.xml
auto.tcl: Setting watchdog for 200 seconds at Fri Apr 20 07:00:58 UTC 2018
4197 ms. Memory: 307712K Free: 139189K (45%)
ptolemy.util.test.WatchDog.cancel(): canceling Fri Apr 20 07:01:03 UTC 2018
auto.tcl: Setting watchdog for 200 seconds at Fri Apr 20 07:01:03 UTC 2018
2939 ms. Memory: 278528K Free: 196921K (71%)
ptolemy.util.test.WatchDog.cancel(): canceling Fri Apr 20 07:01:06 UTC 2018
------------------ testing $PTII/ptolemy/domains/de/test/auto/OpenQueuingNetwork.xml
auto.tcl: Setting watchdog for 200 seconds at Fri Apr 20 07:01:06 UTC 2018
277 ms. Memory: 278528K Free: 175964K (63%)
ptolemy.util.test.WatchDog.cancel(): canceling Fri Apr 20 07:01:06 UTC 2018
auto.tcl: Setting watchdog for 200 seconds at Fri Apr 20 07:01:06 UTC 2018
257 ms. Memory: 278528K Free: 118913K (43%)
ptolemy.util.test.WatchDog.cancel(): canceling Fri Apr 20 07:01:06 UTC 2018
------------------ testing $PTII/ptolemy/domains/de/test/auto/PeriodicSampler.xml
auto.tcl: Setting watchdog for 200 seconds at Fri Apr 20 07:01:06 UTC 2018
6 ms. Memory: 281088K Free: 266359K (95%)
ptolemy.util.test.WatchDog.cancel(): canceling Fri Apr 20 07:01:06 UTC 2018
auto.tcl: Setting watchdog for 200 seconds at Fri Apr 20 07:01:06 UTC 2018
2 ms. Memory: 281088K Free: 266359K (95%)
ptolemy.util.test.WatchDog.cancel(): canceling Fri Apr 20 07:01:06 UTC 2018
------------------ testing $PTII/ptolemy/domains/de/test/auto/PersistentIO.xml
auto.tcl: Setting watchdog for 200 seconds at Fri Apr 20 07:01:06 UTC 2018
6 ms. Memory: 278528K Free: 258911K (93%)
ptolemy.util.test.WatchDog.cancel(): canceling Fri Apr 20 07:01:06 UTC 2018
auto.tcl: Setting watchdog for 200 seconds at Fri Apr 20 07:01:06 UTC 2018
5 ms. Memory: 278528K Free: 258911K (93%)
ptolemy.util.test.WatchDog.cancel(): canceling Fri Apr 20 07:01:06 UTC 2018
------------------ testing $PTII/ptolemy/domains/de/test/auto/PortParameterResetOnInitialize.xml
auto.tcl: Setting watchdog for 200 seconds at Fri Apr 20 07:01:07 UTC 2018
5 ms. Memory: 280576K Free: 266212K (95%)
ptolemy.util.test.WatchDog.cancel(): canceling Fri Apr 20 07:01:07 UTC 2018
auto.tcl: Setting watchdog for 200 seconds at Fri Apr 20 07:01:07 UTC 2018
2 ms. Memory: 280576K Free: 266212K (95%)
ptolemy.util.test.WatchDog.cancel(): canceling Fri Apr 20 07:01:07 UTC 2018
------------------ testing $PTII/ptolemy/domains/de/test/auto/PortParameterUpdates.xml
auto.tcl: Setting watchdog for 200 seconds at Fri Apr 20 07:01:07 UTC 2018
4 ms. Memory: 278528K Free: 261553K (94%)
ptolemy.util.test.WatchDog.cancel(): canceling Fri Apr 20 07:01:07 UTC 2018
auto.tcl: Setting watchdog for 200 seconds at Fri Apr 20 07:01:07 UTC 2018
7 ms. Memory: 278528K Free: 261553K (94%)
ptolemy.util.test.WatchDog.cancel(): canceling Fri Apr 20 07:01:07 UTC 2018
------------------ testing $PTII/ptolemy/domains/de/test/auto/QueueAndServer.xml
auto.tcl: Setting watchdog for 200 seconds at Fri Apr 20 07:01:07 UTC 2018
19 ms. Memory: 280576K Free: 265534K (95%)
ptolemy.util.test.WatchDog.cancel(): canceling Fri Apr 20 07:01:07 UTC 2018
auto.tcl: Setting watchdog for 200 seconds at Fri Apr 20 07:01:07 UTC 2018
7 ms. Memory: 280576K Free: 265534K (95%)
ptolemy.util.test.WatchDog.cancel(): canceling Fri Apr 20 07:01:07 UTC 2018
------------------ testing $PTII/ptolemy/domains/de/test/auto/Records.xml
auto.tcl: Setting watchdog for 200 seconds at Fri Apr 20 07:01:07 UTC 2018
6 ms. Memory: 278528K Free: 266163K (96%)
ptolemy.util.test.WatchDog.cancel(): canceling Fri Apr 20 07:01:07 UTC 2018
auto.tcl: Setting watchdog for 200 seconds at Fri Apr 20 07:01:07 UTC 2018
2 ms. Memory: 278528K Free: 266163K (96%)
ptolemy.util.test.WatchDog.cancel(): canceling Fri Apr 20 07:01:07 UTC 2018
------------------ testing $PTII/ptolemy/domains/de/test/auto/ResetTransitionWithStartTime1.xml
auto.tcl: Setting watchdog for 200 seconds at Fri Apr 20 07:01:07 UTC 2018
15 ms. Memory: 280064K Free: 263097K (94%)
ptolemy.util.test.WatchDog.cancel(): canceling Fri Apr 20 07:01:07 UTC 2018
auto.tcl: Setting watchdog for 200 seconds at Fri Apr 20 07:01:07 UTC 2018
7 ms. Memory: 280064K Free: 260264K (93%)
ptolemy.util.test.WatchDog.cancel(): canceling Fri Apr 20 07:01:07 UTC 2018
------------------ testing $PTII/ptolemy/domains/de/test/auto/ResetTransitionWithStartTime2.xml
auto.tcl: Setting watchdog for 200 seconds at Fri Apr 20 07:01:07 UTC 2018
10 ms. Memory: 278528K Free: 257610K (92%)
ptolemy.util.test.WatchDog.cancel(): canceling Fri Apr 20 07:01:07 UTC 2018
auto.tcl: Setting watchdog for 200 seconds at Fri Apr 20 07:01:07 UTC 2018
6 ms. Memory: 278528K Free: 254873K (92%)
ptolemy.util.test.WatchDog.cancel(): canceling Fri Apr 20 07:01:07 UTC 2018
------------------ testing $PTII/ptolemy/domains/de/test/auto/ResetTransitionWithStartTime3.xml
auto.tcl: Setting watchdog for 200 seconds at Fri Apr 20 07:01:07 UTC 2018
5 ms. Memory: 280064K Free: 262989K (94%)
ptolemy.util.test.WatchDog.cancel(): canceling Fri Apr 20 07:01:07 UTC 2018
auto.tcl: Setting watchdog for 200 seconds at Fri Apr 20 07:01:07 UTC 2018
7 ms. Memory: 280064K Free: 260252K (93%)
ptolemy.util.test.WatchDog.cancel(): canceling Fri Apr 20 07:01:07 UTC 2018
------------------ testing $PTII/ptolemy/domains/de/test/auto/ResetTransitionWithStartTime4.xml
auto.tcl: Setting watchdog for 200 seconds at Fri Apr 20 07:01:07 UTC 2018
5 ms. Memory: 278528K Free: 263438K (95%)
ptolemy.util.test.WatchDog.cancel(): canceling Fri Apr 20 07:01:07 UTC 2018
auto.tcl: Setting watchdog for 200 seconds at Fri Apr 20 07:01:07 UTC 2018
4 ms. Memory: 278528K Free: 263438K (95%)
ptolemy.util.test.WatchDog.cancel(): canceling Fri Apr 20 07:01:07 UTC 2018
------------------ testing $PTII/ptolemy/domains/de/test/auto/ResettableTimer1.xml
auto.tcl: Setting watchdog for 200 seconds at Fri Apr 20 07:01:07 UTC 2018
3 ms. Memory: 280064K Free: 267721K (96%)
ptolemy.util.test.WatchDog.cancel(): canceling Fri Apr 20 07:01:07 UTC 2018
auto.tcl: Setting watchdog for 200 seconds at Fri Apr 20 07:01:07 UTC 2018
2 ms. Memory: 280064K Free: 267721K (96%)
ptolemy.util.test.WatchDog.cancel(): canceling Fri Apr 20 07:01:07 UTC 2018
------------------ testing $PTII/ptolemy/domains/de/test/auto/ResettableTimer2.xml
auto.tcl: Setting watchdog for 200 seconds at Fri Apr 20 07:01:07 UTC 2018
2 ms. Memory: 278528K Free: 266325K (96%)
ptolemy.util.test.WatchDog.cancel(): canceling Fri Apr 20 07:01:07 UTC 2018
auto.tcl: Setting watchdog for 200 seconds at Fri Apr 20 07:01:07 UTC 2018
3 ms. Memory: 278528K Free: 266325K (96%)
ptolemy.util.test.WatchDog.cancel(): canceling Fri Apr 20 07:01:07 UTC 2018
------------------ testing $PTII/ptolemy/domains/de/test/auto/ResettableTimer3.xml
auto.tcl: Setting watchdog for 200 seconds at Fri Apr 20 07:01:07 UTC 2018
1 ms. Memory: 279552K Free: 267251K (96%)
ptolemy.util.test.WatchDog.cancel(): canceling Fri Apr 20 07:01:07 UTC 2018
auto.tcl: Setting watchdog for 200 seconds at Fri Apr 20 07:01:07 UTC 2018
1 ms. Memory: 279552K Free: 267251K (96%)
ptolemy.util.test.WatchDog.cancel(): canceling Fri Apr 20 07:01:07 UTC 2018
------------------ testing $PTII/ptolemy/domains/de/test/auto/ResettableTimer4.xml
auto.tcl: Setting watchdog for 200 seconds at Fri Apr 20 07:01:07 UTC 2018
1 ms. Memory: 278528K Free: 266337K (96%)
ptolemy.util.test.WatchDog.cancel(): canceling Fri Apr 20 07:01:07 UTC 2018
auto.tcl: Setting watchdog for 200 seconds at Fri Apr 20 07:01:07 UTC 2018
2 ms. Memory: 278528K Free: 266337K (96%)
ptolemy.util.test.WatchDog.cancel(): canceling Fri Apr 20 07:01:07 UTC 2018
------------------ testing $PTII/ptolemy/domains/de/test/auto/ResettableTimer5.xml
auto.tcl: Setting watchdog for 200 seconds at Fri Apr 20 07:01:07 UTC 2018
1 ms. Memory: 279552K Free: 265387K (95%)
ptolemy.util.test.WatchDog.cancel(): canceling Fri Apr 20 07:01:08 UTC 2018
auto.tcl: Setting watchdog for 200 seconds at Fri Apr 20 07:01:08 UTC 2018
1 ms. Memory: 279552K Free: 265387K (95%)
ptolemy.util.test.WatchDog.cancel(): canceling Fri Apr 20 07:01:08 UTC 2018
------------------ testing $PTII/ptolemy/domains/de/test/auto/ResettableTimer6.xml
auto.tcl: Setting watchdog for 200 seconds at Fri Apr 20 07:01:08 UTC 2018
5 ms. Memory: 278528K Free: 264216K (95%)
ptolemy.util.test.WatchDog.cancel(): canceling Fri Apr 20 07:01:08 UTC 2018
auto.tcl: Setting watchdog for 200 seconds at Fri Apr 20 07:01:08 UTC 2018
1 ms. Memory: 278528K Free: 264216K (95%)
ptolemy.util.test.WatchDog.cancel(): canceling Fri Apr 20 07:01:08 UTC 2018
------------------ testing $PTII/ptolemy/domains/de/test/auto/ServerZeroDelay.xml
auto.tcl: Setting watchdog for 200 seconds at Fri Apr 20 07:01:08 UTC 2018
3 ms. Memory: 279552K Free: 267315K (96%)
ptolemy.util.test.WatchDog.cancel(): canceling Fri Apr 20 07:01:08 UTC 2018
auto.tcl: Setting watchdog for 200 seconds at Fri Apr 20 07:01:08 UTC 2018
2 ms. Memory: 279552K Free: 267315K (96%)
ptolemy.util.test.WatchDog.cancel(): canceling Fri Apr 20 07:01:08 UTC 2018
------------------ testing $PTII/ptolemy/domains/de/test/auto/SmartSender.xml
auto.tcl: Setting watchdog for 200 seconds at Fri Apr 20 07:01:08 UTC 2018
3002 ms. Memory: 278528K Free: 264299K (95%)
ptolemy.util.test.WatchDog.cancel(): canceling Fri Apr 20 07:01:11 UTC 2018
auto.tcl: Setting watchdog for 200 seconds at Fri Apr 20 07:01:11 UTC 2018
3001 ms. Memory: 278528K Free: 264299K (95%)
ptolemy.util.test.WatchDog.cancel(): canceling Fri Apr 20 07:01:14 UTC 2018
------------------ testing $PTII/ptolemy/domains/de/test/auto/ThreadedComposite.xml
auto.tcl: Setting watchdog for 200 seconds at Fri Apr 20 07:01:14 UTC 2018
268 ms. Memory: 279552K Free: 245187K (88%)
ptolemy.util.test.WatchDog.cancel(): canceling Fri Apr 20 07:01:14 UTC 2018
auto.tcl: Setting watchdog for 200 seconds at Fri Apr 20 07:01:14 UTC 2018
210 ms. Memory: 279552K Free: 227871K (82%)
ptolemy.util.test.WatchDog.cancel(): canceling Fri Apr 20 07:01:14 UTC 2018
------------------ testing $PTII/ptolemy/domains/de/test/auto/Time.xml
auto.tcl: Setting watchdog for 200 seconds at Fri Apr 20 07:01:14 UTC 2018
595 ms. Memory: 278528K Free: 212674K (76%)
ptolemy.util.test.WatchDog.cancel(): canceling Fri Apr 20 07:01:15 UTC 2018
auto.tcl: Setting watchdog for 200 seconds at Fri Apr 20 07:01:15 UTC 2018
562 ms. Memory: 278528K Free: 157949K (57%)
ptolemy.util.test.WatchDog.cancel(): canceling Fri Apr 20 07:01:16 UTC 2018
------------------ testing $PTII/ptolemy/domains/de/test/auto/TimeDelayZeroDelay.xml
auto.tcl: Setting watchdog for 200 seconds at Fri Apr 20 07:01:16 UTC 2018
4 ms. Memory: 279040K Free: 267183K (96%)
ptolemy.util.test.WatchDog.cancel(): canceling Fri Apr 20 07:01:16 UTC 2018
auto.tcl: Setting watchdog for 200 seconds at Fri Apr 20 07:01:16 UTC 2018
2 ms. Memory: 279040K Free: 267183K (96%)
ptolemy.util.test.WatchDog.cancel(): canceling Fri Apr 20 07:01:16 UTC 2018
------------------ testing $PTII/ptolemy/domains/de/test/auto/TimerZeroDelay.xml
auto.tcl: Setting watchdog for 200 seconds at Fri Apr 20 07:01:16 UTC 2018
3 ms. Memory: 278528K Free: 266778K (96%)
ptolemy.util.test.WatchDog.cancel(): canceling Fri Apr 20 07:01:16 UTC 2018
auto.tcl: Setting watchdog for 200 seconds at Fri Apr 20 07:01:16 UTC 2018
2 ms. Memory: 278528K Free: 266778K (96%)
ptolemy.util.test.WatchDog.cancel(): canceling Fri Apr 20 07:01:16 UTC 2018
------------------ testing $PTII/ptolemy/domains/de/test/auto/TimingParadox.xml
auto.tcl: Setting watchdog for 200 seconds at Fri Apr 20 07:01:16 UTC 2018
389 ms. Memory: 279040K Free: 197646K (71%)
ptolemy.util.test.WatchDog.cancel(): canceling Fri Apr 20 07:01:16 UTC 2018
auto.tcl: Setting watchdog for 200 seconds at Fri Apr 20 07:01:16 UTC 2018
386 ms. Memory: 279040K Free: 160669K (58%)
ptolemy.util.test.WatchDog.cancel(): canceling Fri Apr 20 07:01:17 UTC 2018
------------------ testing $PTII/ptolemy/domains/de/test/auto/TransferInputs.xml
auto.tcl: Setting watchdog for 200 seconds at Fri Apr 20 07:01:17 UTC 2018
2 ms. Memory: 279040K Free: 266196K (95%)
ptolemy.util.test.WatchDog.cancel(): canceling Fri Apr 20 07:01:17 UTC 2018
auto.tcl: Setting watchdog for 200 seconds at Fri Apr 20 07:01:17 UTC 2018
2 ms. Memory: 279040K Free: 266196K (95%)
ptolemy.util.test.WatchDog.cancel(): canceling Fri Apr 20 07:01:17 UTC 2018
------------------ testing $PTII/ptolemy/domains/de/test/auto/TransferOutputs2.xml
auto.tcl: Setting watchdog for 200 seconds at Fri Apr 20 07:01:17 UTC 2018
4 ms. Memory: 278528K Free: 262327K (94%)
ptolemy.util.test.WatchDog.cancel(): canceling Fri Apr 20 07:01:17 UTC 2018
auto.tcl: Setting watchdog for 200 seconds at Fri Apr 20 07:01:17 UTC 2018
3 ms. Memory: 278528K Free: 259847K (93%)
ptolemy.util.test.WatchDog.cancel(): canceling Fri Apr 20 07:01:17 UTC 2018
------------------ testing $PTII/ptolemy/domains/de/test/auto/Trilateration.xml
auto.tcl: Setting watchdog for 200 seconds at Fri Apr 20 07:01:17 UTC 2018
13558 ms. Memory: 542720K Free: 105359K (19%)
ptolemy.util.test.WatchDog.cancel(): canceling Fri Apr 20 07:01:32 UTC 2018
auto.tcl: Setting watchdog for 200 seconds at Fri Apr 20 07:01:32 UTC 2018
11713 ms. Memory: 411136K Free: 195576K (48%)
ptolemy.util.test.WatchDog.cancel(): canceling Fri Apr 20 07:01:43 UTC 2018
------------------ testing $PTII/ptolemy/domains/de/test/auto/TwoSigmaDelta.xml
auto.tcl: Setting watchdog for 200 seconds at Fri Apr 20 07:01:44 UTC 2018
3149 ms. Memory: 414208K Free: 108012K (26%)
ptolemy.util.test.WatchDog.cancel(): canceling Fri Apr 20 07:01:47 UTC 2018
auto.tcl: Setting watchdog for 200 seconds at Fri Apr 20 07:01:47 UTC 2018
2370 ms. Memory: 396800K Free: 190287K (48%)
ptolemy.util.test.WatchDog.cancel(): canceling Fri Apr 20 07:01:49 UTC 2018
------------------ testing $PTII/ptolemy/domains/de/test/auto/VariableDelay.xml
auto.tcl: Setting watchdog for 200 seconds at Fri Apr 20 07:01:49 UTC 2018
4 ms. Memory: 396288K Free: 379607K (96%)
ptolemy.util.test.WatchDog.cancel(): canceling Fri Apr 20 07:01:49 UTC 2018
auto.tcl: Setting watchdog for 200 seconds at Fri Apr 20 07:01:49 UTC 2018
2 ms. Memory: 396288K Free: 379607K (96%)
ptolemy.util.test.WatchDog.cancel(): canceling Fri Apr 20 07:01:49 UTC 2018
------------------ testing $PTII/ptolemy/domains/de/test/auto/VariableDelay2.xml
auto.tcl: Setting watchdog for 200 seconds at Fri Apr 20 07:01:49 UTC 2018
2 ms. Memory: 396288K Free: 376868K (95%)
ptolemy.util.test.WatchDog.cancel(): canceling Fri Apr 20 07:01:49 UTC 2018
auto.tcl: Setting watchdog for 200 seconds at Fri Apr 20 07:01:49 UTC 2018
1 ms. Memory: 396288K Free: 376868K (95%)
ptolemy.util.test.WatchDog.cancel(): canceling Fri Apr 20 07:01:49 UTC 2018
------------------ testing $PTII/ptolemy/domains/de/test/auto/VariableDelayZeroDelay.xml
auto.tcl: Setting watchdog for 200 seconds at Fri Apr 20 07:01:49 UTC 2018
2 ms. Memory: 398336K Free: 385213K (97%)
ptolemy.util.test.WatchDog.cancel(): canceling Fri Apr 20 07:01:49 UTC 2018
auto.tcl: Setting watchdog for 200 seconds at Fri Apr 20 07:01:49 UTC 2018
2 ms. Memory: 398336K Free: 385213K (97%)
ptolemy.util.test.WatchDog.cancel(): canceling Fri Apr 20 07:01:49 UTC 2018
------------------ testing $PTII/ptolemy/domains/de/test/auto/VariableDelayZeroDelay2.xml
auto.tcl: Setting watchdog for 200 seconds at Fri Apr 20 07:01:49 UTC 2018
2 ms. Memory: 396288K Free: 380014K (96%)
ptolemy.util.test.WatchDog.cancel(): canceling Fri Apr 20 07:01:49 UTC 2018
auto.tcl: Setting watchdog for 200 seconds at Fri Apr 20 07:01:49 UTC 2018
2 ms. Memory: 396288K Free: 380014K (96%)
ptolemy.util.test.WatchDog.cancel(): canceling Fri Apr 20 07:01:49 UTC 2018
------------------ testing $PTII/ptolemy/domains/de/test/auto/deInCt.xml
auto.tcl: Setting watchdog for 200 seconds at Fri Apr 20 07:01:49 UTC 2018
0
1
1
1
1
1
1
0
0
0
0
1
1
0
0
0
1
1
1
1
1
0
0
0
1
1
1
0
0
0
8 ms. Memory: 398336K Free: 382054K (96%)
ptolemy.util.test.WatchDog.cancel(): canceling Fri Apr 20 07:01:49 UTC 2018
auto.tcl: Setting watchdog for 200 seconds at Fri Apr 20 07:01:49 UTC 2018
0
1
1
1
1
0
0
0
0
1
1
1
0
0
0
1
1
1
1
0
0
0
1
1
1
0
0
0
1
1
1
0
0
0
0
0
1
1
1
0
0
0
0
12 ms. Memory: 398336K Free: 377027K (95%)
ptolemy.util.test.WatchDog.cancel(): canceling Fri Apr 20 07:01:49 UTC 2018
------------------ testing $PTII/ptolemy/domains/de/test/auto/deInCt2.xml
auto.tcl: Setting watchdog for 200 seconds at Fri Apr 20 07:01:50 UTC 2018
0
1
1
1
0
0
1
1
1
0
0
1
1
1
0
0
1
1
1
0
0
1
1
1
0
0
1
1
1
0
0
1
1
1
0
0
1
1
1
0
0
0
20 ms. Memory: 396288K Free: 383160K (97%)
ptolemy.util.test.WatchDog.cancel(): canceling Fri Apr 20 07:01:50 UTC 2018
auto.tcl: Setting watchdog for 200 seconds at Fri Apr 20 07:01:50 UTC 2018
0
1
1
1
0
0
1
1
1
0
0
1
1
1
0
0
1
1
1
0
0
1
1
1
0
0
1
1
1
0
0
1
1
1
0
0
1
1
1
0
0
0
11 ms. Memory: 396288K Free: 378149K (95%)
ptolemy.util.test.WatchDog.cancel(): canceling Fri Apr 20 07:01:50 UTC 2018
------------------ testing $PTII/ptolemy/domains/de/test/auto/dynamicCausalityInterface1.xml
auto.tcl: Setting watchdog for 200 seconds at Fri Apr 20 07:01:50 UTC 2018
1 ms. Memory: 397824K Free: 376524K (95%)
ptolemy.util.test.WatchDog.cancel(): canceling Fri Apr 20 07:01:50 UTC 2018
auto.tcl: Setting watchdog for 200 seconds at Fri Apr 20 07:01:50 UTC 2018
1 ms. Memory: 397824K Free: 371498K (93%)
ptolemy.util.test.WatchDog.cancel(): canceling Fri Apr 20 07:01:50 UTC 2018
------------------ testing $PTII/ptolemy/domains/de/test/auto/fsm_de_test.xml
auto.tcl: Setting watchdog for 200 seconds at Fri Apr 20 07:01:50 UTC 2018
10 ms. Memory: 396288K Free: 374875K (95%)
ptolemy.util.test.WatchDog.cancel(): canceling Fri Apr 20 07:01:50 UTC 2018
auto.tcl: Setting watchdog for 200 seconds at Fri Apr 20 07:01:50 UTC 2018
7 ms. Memory: 396288K Free: 369864K (93%)
ptolemy.util.test.WatchDog.cancel(): canceling Fri Apr 20 07:01:50 UTC 2018
------------------ testing $PTII/ptolemy/domains/de/test/auto/functionDependencyReconstruction.xml
auto.tcl: Setting watchdog for 200 seconds at Fri Apr 20 07:01:50 UTC 2018
2 ms. Memory: 397824K Free: 366380K (92%)
ptolemy.util.test.WatchDog.cancel(): canceling Fri Apr 20 07:01:50 UTC 2018
auto.tcl: Setting watchdog for 200 seconds at Fri Apr 20 07:01:50 UTC 2018
3 ms. Memory: 397824K Free: 366380K (92%)
ptolemy.util.test.WatchDog.cancel(): canceling Fri Apr 20 07:01:50 UTC 2018
------------------ testing $PTII/ptolemy/domains/de/test/auto/multirate.xml
auto.tcl: Setting watchdog for 200 seconds at Fri Apr 20 07:01:50 UTC 2018
3 ms. Memory: 396288K Free: 374742K (95%)
ptolemy.util.test.WatchDog.cancel(): canceling Fri Apr 20 07:01:50 UTC 2018
auto.tcl: Setting watchdog for 200 seconds at Fri Apr 20 07:01:50 UTC 2018
4 ms. Memory: 396288K Free: 374742K (95%)
ptolemy.util.test.WatchDog.cancel(): canceling Fri Apr 20 07:01:50 UTC 2018
------------------ testing $PTII/ptolemy/domains/de/test/auto/multirate2.xml
auto.tcl: Setting watchdog for 200 seconds at Fri Apr 20 07:01:50 UTC 2018
3 ms. Memory: 397312K Free: 375953K (95%)
ptolemy.util.test.WatchDog.cancel(): canceling Fri Apr 20 07:01:50 UTC 2018
auto.tcl: Setting watchdog for 200 seconds at Fri Apr 20 07:01:50 UTC 2018
4 ms. Memory: 397312K Free: 375953K (95%)
ptolemy.util.test.WatchDog.cancel(): canceling Fri Apr 20 07:01:50 UTC 2018
------------------ testing $PTII/ptolemy/domains/de/test/auto/realtime.xml
auto.tcl: Setting watchdog for 200 seconds at Fri Apr 20 07:01:50 UTC 2018
10002 ms. Memory: 396288K Free: 379949K (96%)
ptolemy.util.test.WatchDog.cancel(): canceling Fri Apr 20 07:02:00 UTC 2018
auto.tcl: Setting watchdog for 200 seconds at Fri Apr 20 07:02:00 UTC 2018
10001 ms. Memory: 396288K Free: 379949K (96%)
ptolemy.util.test.WatchDog.cancel(): canceling Fri Apr 20 07:02:10 UTC 2018
------------------ testing $PTII/ptolemy/domains/de/test/auto/relationGroup.xml
auto.tcl: Setting watchdog for 200 seconds at Fri Apr 20 07:02:10 UTC 2018
1 ms. Memory: 397312K Free: 381004K (96%)
ptolemy.util.test.WatchDog.cancel(): canceling Fri Apr 20 07:02:10 UTC 2018
auto.tcl: Setting watchdog for 200 seconds at Fri Apr 20 07:02:10 UTC 2018
1 ms. Memory: 397312K Free: 381004K (96%)
ptolemy.util.test.WatchDog.cancel(): canceling Fri Apr 20 07:02:10 UTC 2018
------------------ testing $PTII/ptolemy/domains/de/test/auto/relationGroup2.xml
auto.tcl: Setting watchdog for 200 seconds at Fri Apr 20 07:02:10 UTC 2018
1 ms. Memory: 396288K Free: 380007K (96%)
ptolemy.util.test.WatchDog.cancel(): canceling Fri Apr 20 07:02:10 UTC 2018
auto.tcl: Setting watchdog for 200 seconds at Fri Apr 20 07:02:10 UTC 2018
1 ms. Memory: 396288K Free: 380007K (96%)
ptolemy.util.test.WatchDog.cancel(): canceling Fri Apr 20 07:02:10 UTC 2018
------------------ testing $PTII/ptolemy/domains/de/test/auto/sortWithOpaquePorts.xml
auto.tcl: Setting watchdog for 200 seconds at Fri Apr 20 07:02:10 UTC 2018
1 ms. Memory: 397312K Free: 381031K (96%)
ptolemy.util.test.WatchDog.cancel(): canceling Fri Apr 20 07:02:10 UTC 2018
auto.tcl: Setting watchdog for 200 seconds at Fri Apr 20 07:02:10 UTC 2018
1 ms. Memory: 397312K Free: 381031K (96%)
ptolemy.util.test.WatchDog.cancel(): canceling Fri Apr 20 07:02:10 UTC 2018
------------------ testing $PTII/ptolemy/domains/de/test/auto/transferInputsandOutputs.xml
auto.tcl: Setting watchdog for 200 seconds at Fri Apr 20 07:02:10 UTC 2018
1 ms. Memory: 396288K Free: 374976K (95%)
ptolemy.util.test.WatchDog.cancel(): canceling Fri Apr 20 07:02:10 UTC 2018
auto.tcl: Setting watchdog for 200 seconds at Fri Apr 20 07:02:10 UTC 2018
3 ms. Memory: 396288K Free: 374976K (95%)
ptolemy.util.test.WatchDog.cancel(): canceling Fri Apr 20 07:02:10 UTC 2018
------------------ testing $PTII/ptolemy/domains/de/test/auto/triggerType.xml
auto.tcl: Setting watchdog for 200 seconds at Fri Apr 20 07:02:10 UTC 2018
2 ms. Memory: 396800K Free: 380457K (96%)
ptolemy.util.test.WatchDog.cancel(): canceling Fri Apr 20 07:02:10 UTC 2018
auto.tcl: Setting watchdog for 200 seconds at Fri Apr 20 07:02:10 UTC 2018
1 ms. Memory: 396800K Free: 380457K (96%)
ptolemy.util.test.WatchDog.cancel(): canceling Fri Apr 20 07:02:10 UTC 2018
04/20/18 07:02:10
Failed: 0  Total Tests: 192  ((Passed: 187, Newly Passed: 1)  Known Failed: 5) /home/travis/build/icyphy/ptII/ptolemy/domains/de/test
04/20/18 07:02:10
Failed: 0  Total Tests: 192  ((Passed: 187, Newly Passed: 1)  Known Failed: 5) /home/travis/build/icyphy/ptII/ptolemy/domains/de/test
----------------- testing (KnownFailure) /home/travis/build/icyphy/ptII/ptolemy/domains/de/test/auto/knownFailedTests/DESDFClockTest.xml
2008 ms. Memory: 396288K Free: 367390K (93%)
Known Failure: java.lang.reflect.InvocationTargetException
----------------- testing (KnownFailure) /home/travis/build/icyphy/ptII/ptolemy/domains/de/test/auto/knownFailedTests/DirectFeedback.xml
2 ms. Memory: 396288K Free: 342199K (86%)
Known Failure: java.lang.reflect.InvocationTargetException
----------------- testing (KnownFailure) /home/travis/build/icyphy/ptII/ptolemy/domains/de/test/auto/knownFailedTests/FSMSource.xml
14 ms. Memory: 396288K Free: 317008K (80%)
----------------- testing (KnownFailure) /home/travis/build/icyphy/ptII/ptolemy/domains/de/test/auto/knownFailedTests/HierarchicalModel.xml
1 ms. Memory: 396288K Free: 291802K (74%)
Known Failure: java.lang.reflect.InvocationTargetException
----------------- testing (KnownFailure) /home/travis/build/icyphy/ptII/ptolemy/domains/de/test/auto/knownFailedTests/dependencyLoop.xml
1 ms. Memory: 396288K Free: 254000K (64%)
Known Failure: java.lang.reflect.InvocationTargetException
----------------- testing (KnownFailure) /home/travis/build/icyphy/ptII/ptolemy/domains/de/test/auto/knownFailedTests/dependencyLoop2.xml
2 ms. Memory: 396288K Free: 216198K (55%)
Known Failure: java.lang.reflect.InvocationTargetException
No auto/*.xml tests in /home/travis/build/icyphy/ptII/ptolemy/domains/de/test
AutoTests.java: About to close Vertx.
AutoTests.java: Vertx closed.
----------------- testing Fri Apr 20 07:02:13 UTC 2018 /home/travis/build/icyphy/ptII/ptolemy/domains/de/test/auto/ActorDepthCalculation_actorWithoutPorts.xml
2 ms. Memory: 396288K Free: 184710K (47%)
reloadAllAccessors: .ActorDepthCalculation_actorWithoutPorts
----------------- testing Fri Apr 20 07:02:13 UTC 2018 /home/travis/build/icyphy/ptII/ptolemy/domains/de/test/auto/AssemblyLine.xml
2 ms. Memory: 396288K Free: 165801K (42%)
reloadAllAccessors: .AssemblyLine
----------------- testing Fri Apr 20 07:02:13 UTC 2018 /home/travis/build/icyphy/ptII/ptolemy/domains/de/test/auto/CQBug1.xml
0 ms. Memory: 396288K Free: 153206K (39%)
reloadAllAccessors: .CQBug1
----------------- testing Fri Apr 20 07:02:13 UTC 2018 /home/travis/build/icyphy/ptII/ptolemy/domains/de/test/auto/CancelFireAt.xml
1 ms. Memory: 396288K Free: 140610K (35%)
reloadAllAccessors: .CancelFireAt
----------------- testing Fri Apr 20 07:02:13 UTC 2018 /home/travis/build/icyphy/ptII/ptolemy/domains/de/test/auto/CausalityAndComposabilityAnalysis.xml
1 ms. Memory: 396288K Free: 128015K (32%)
reloadAllAccessors: .CausalityAndComposabilityAnalysis
----------------- testing Fri Apr 20 07:02:13 UTC 2018 /home/travis/build/icyphy/ptII/ptolemy/domains/de/test/auto/CausalityInterface1.xml
2 ms. Memory: 396288K Free: 115420K (29%)
reloadAllAccessors: .CausalityInterface1
----------------- testing Fri Apr 20 07:02:13 UTC 2018 /home/travis/build/icyphy/ptII/ptolemy/domains/de/test/auto/CausalityInterface15.xml
1 ms. Memory: 396288K Free: 102824K (26%)
reloadAllAccessors: .CausalityInterface15
----------------- testing Fri Apr 20 07:02:13 UTC 2018 /home/travis/build/icyphy/ptII/ptolemy/domains/de/test/auto/CausalityInterface2.xml
1 ms. Memory: 396288K Free: 90229K (23%)
reloadAllAccessors: .CausalityInterface2
----------------- testing Fri Apr 20 07:02:13 UTC 2018 /home/travis/build/icyphy/ptII/ptolemy/domains/de/test/auto/CausalityInterface3.xml
1 ms. Memory: 396288K Free: 76426K (19%)
reloadAllAccessors: .CausalityInterface3
----------------- testing Fri Apr 20 07:02:13 UTC 2018 /home/travis/build/icyphy/ptII/ptolemy/domains/de/test/auto/ClockDrift.xml
11 ms. Memory: 382464K Free: 359189K (94%)
reloadAllAccessors: .ClockDrift
----------------- testing Fri Apr 20 07:02:13 UTC 2018 /home/travis/build/icyphy/ptII/ptolemy/domains/de/test/auto/ClockDriftAndValueChange.xml
9 ms. Memory: 382464K Free: 337998K (88%)
reloadAllAccessors: .ClockDriftAndValueChange
----------------- testing Fri Apr 20 07:02:13 UTC 2018 /home/travis/build/icyphy/ptII/ptolemy/domains/de/test/auto/ClockDriftChange.xml
7 ms. Memory: 382464K Free: 319966K (84%)
reloadAllAccessors: .ClockDriftChange
----------------- testing Fri Apr 20 07:02:13 UTC 2018 /home/travis/build/icyphy/ptII/ptolemy/domains/de/test/auto/ComposableCausalityAnalysis.xml
1 ms. Memory: 382464K Free: 307944K (81%)
reloadAllAccessors: .ComposableCausalityAnalysis
----------------- testing Fri Apr 20 07:02:13 UTC 2018 /home/travis/build/icyphy/ptII/ptolemy/domains/de/test/auto/DEFixedPointLimitation.xml
0 ms. Memory: 382464K Free: 295922K (77%)
reloadAllAccessors: .DEFixedPointLimitation
----------------- testing Fri Apr 20 07:02:13 UTC 2018 /home/travis/build/icyphy/ptII/ptolemy/domains/de/test/auto/DEScheduleTest.xml
1 ms. Memory: 382464K Free: 283900K (74%)
reloadAllAccessors: .DEScheduleTest
----------------- testing Fri Apr 20 07:02:13 UTC 2018 /home/travis/build/icyphy/ptII/ptolemy/domains/de/test/auto/DEinDEwithStartTimes.xml
1 ms. Memory: 382464K Free: 271878K (71%)
reloadAllAccessors: .DEinDEwithStartTimes
----------------- testing Fri Apr 20 07:02:13 UTC 2018 /home/travis/build/icyphy/ptII/ptolemy/domains/de/test/auto/DEinDEwithStartTimes2.xml
2 ms. Memory: 382464K Free: 256714K (67%)
reloadAllAccessors: .DEinDEwithStartTimes2
----------------- testing Fri Apr 20 07:02:13 UTC 2018 /home/travis/build/icyphy/ptII/ptolemy/domains/de/test/auto/DateDemo.xml
3 ms. Memory: 382464K Free: 238665K (62%)
reloadAllAccessors: .DateDemo
----------------- testing Fri Apr 20 07:02:13 UTC 2018 /home/travis/build/icyphy/ptII/ptolemy/domains/de/test/auto/DateToEvent.xml
2005 ms. Memory: 382464K Free: 214621K (56%)
reloadAllAccessors: .DateToEvent
----------------- testing Fri Apr 20 07:02:15 UTC 2018 /home/travis/build/icyphy/ptII/ptolemy/domains/de/test/auto/DepthTest1.xml
[...]
java.lang.RuntimeException: Execution failed
	at ptolemy.moml.MoMLSimpleApplication$UnloadThread.run(MoMLSimpleApplication.java:402)
Caused by: ptolemy.kernel.util.IllegalActionException: Test fails in iteration 1.
Value was: 1.0. Should have been: 2.0
  in .DirectFeedback.Test
	at ptolemy.actor.lib.Test.fire(Test.java:268)
	at ptolemy.domains.de.kernel.DEDirector._fire(DEDirector.java:1948)
	at ptolemy.domains.de.kernel.DEDirector.fire(DEDirector.java:502)
	at ptolemy.actor.CompositeActor.fire(CompositeActor.java:455)
	at ptolemy.actor.Manager.iterate(Manager.java:851)
	at ptolemy.actor.Manager.execute(Manager.java:369)
	at ptolemy.actor.Manager.run(Manager.java:1263)
	at ptolemy.actor.Manager$PtolemyRunThread.run(Manager.java:1915)
java.lang.RuntimeException: Execution failed
	at ptolemy.moml.MoMLSimpleApplication$UnloadThread.run(MoMLSimpleApplication.java:402)
Caused by: ptolemy.kernel.util.IllegalActionException: Actor is not ready to fire.  Perhaps UpSample.prefire() returned false? Try debugging the actor by selecting "Listen to Actor".  Also, for SDF check moml for tokenConsumptionRate on input.
  in .DESDFClockTest.Play Bell.Copy1:SDF Director and .DESDFClockTest.Play Bell.UpSample
	at ptolemy.actor.sched.StaticSchedulingDirector.fire(StaticSchedulingDirector.java:227)
	at ptolemy.domains.sdf.kernel.SDFDirector.fire(SDFDirector.java:500)
	at ptolemy.actor.CompositeActor.fire(CompositeActor.java:455)
	at ptolemy.domains.de.kernel.DEDirector._fire(DEDirector.java:1948)
	at ptolemy.domains.de.kernel.DEDirector.fire(DEDirector.java:502)
	at ptolemy.actor.CompositeActor.fire(CompositeActor.java:455)
	at ptolemy.actor.Manager.iterate(Manager.java:851)
	at ptolemy.actor.Manager.execute(Manager.java:369)
	at ptolemy.actor.Manager.run(Manager.java:1263)
	at ptolemy.actor.Manager$PtolemyRunThread.run(Manager.java:1915)
java.lang.reflect.InvocationTargetException
	at sun.reflect.NativeConstructorAccessorImpl.newInstance0(Native Method)
	at sun.reflect.NativeConstructorAccessorImpl.newInstance(NativeConstructorAccessorImpl.java:62)
	at sun.reflect.DelegatingConstructorAccessorImpl.newInstance(DelegatingConstructorAccessorImpl.java:45)
	at java.lang.reflect.Constructor.newInstance(Constructor.java:423)
	at ptolemy.util.test.junit.AutoKnownFailedTests.RunModel(AutoKnownFailedTests.java:107)
	at sun.reflect.NativeMethodAccessorImpl.invoke0(Native Method)
	at sun.reflect.NativeMethodAccessorImpl.invoke(NativeMethodAccessorImpl.java:62)
	at sun.reflect.DelegatingMethodAccessorImpl.invoke(DelegatingMethodAccessorImpl.java:43)
	at java.lang.reflect.Method.invoke(Method.java:498)
	at org.junit.runners.model.FrameworkMethod$1.runReflectiveCall(FrameworkMethod.java:44)
	at org.junit.internal.runners.model.ReflectiveCallable.run(ReflectiveCallable.java:15)
	at org.junit.runners.model.FrameworkMethod.invokeExplosively(FrameworkMethod.java:41)
	at junitparams.internal.InvokeParameterisedMethod.evaluate(InvokeParameterisedMethod.java:102)
	at org.junit.internal.runners.statements.FailOnTimeout$1.run(FailOnTimeout.java:28)
Caused by: ptolemy.kernel.util.IllegalActionException: Actor is not ready to fire.  Perhaps UpSample.prefire() returned false? Try debugging the actor by selecting "Listen to Actor".  Also, for SDF check moml for tokenConsumptionRate on input.
  in .DESDFClockTest.Play Bell.Copy1:SDF Director and .DESDFClockTest.Play Bell.UpSample
	at ptolemy.actor.sched.StaticSchedulingDirector.fire(StaticSchedulingDirector.java:227)
	at ptolemy.domains.sdf.kernel.SDFDirector.fire(SDFDirector.java:500)
	at ptolemy.actor.CompositeActor.fire(CompositeActor.java:455)
	at ptolemy.domains.de.kernel.DEDirector._fire(DEDirector.java:1948)
	at ptolemy.domains.de.kernel.DEDirector.fire(DEDirector.java:502)
	at ptolemy.actor.CompositeActor.fire(CompositeActor.java:455)
	at ptolemy.actor.Manager.iterate(Manager.java:851)
	at ptolemy.actor.Manager.execute(Manager.java:369)
	at ptolemy.actor.Manager.run(Manager.java:1263)
	at ptolemy.actor.Manager$PtolemyRunThread.run(Manager.java:1915)
java.lang.RuntimeException: Execution failed
	at ptolemy.moml.MoMLSimpleApplication$UnloadThread.run(MoMLSimpleApplication.java:402)
Caused by: ptolemy.kernel.util.IllegalActionException: Test fails in iteration 1.
Value was: 1.0. Should have been: 2.0
  in .DirectFeedback.Test
	at ptolemy.actor.lib.Test.fire(Test.java:268)
	at ptolemy.domains.de.kernel.DEDirector._fire(DEDirector.java:1948)
	at ptolemy.domains.de.kernel.DEDirector.fire(DEDirector.java:502)
	at ptolemy.actor.CompositeActor.fire(CompositeActor.java:455)
	at ptolemy.actor.Manager.iterate(Manager.java:851)
	at ptolemy.actor.Manager.execute(Manager.java:369)
	at ptolemy.actor.Manager.run(Manager.java:1263)
	at ptolemy.actor.Manager$PtolemyRunThread.run(Manager.java:1915)
java.lang.reflect.InvocationTargetException
	at sun.reflect.NativeConstructorAccessorImpl.newInstance0(Native Method)
	at sun.reflect.NativeConstructorAccessorImpl.newInstance(NativeConstructorAccessorImpl.java:62)
	at sun.reflect.DelegatingConstructorAccessorImpl.newInstance(DelegatingConstructorAccessorImpl.java:45)
	at java.lang.reflect.Constructor.newInstance(Constructor.java:423)
	at ptolemy.util.test.junit.AutoKnownFailedTests.RunModel(AutoKnownFailedTests.java:107)
	at sun.reflect.NativeMethodAccessorImpl.invoke0(Native Method)
	at sun.reflect.NativeMethodAccessorImpl.invoke(NativeMethodAccessorImpl.java:62)
	at sun.reflect.DelegatingMethodAccessorImpl.invoke(DelegatingMethodAccessorImpl.java:43)
	at java.lang.reflect.Method.invoke(Method.java:498)
	at org.junit.runners.model.FrameworkMethod$1.runReflectiveCall(FrameworkMethod.java:44)
	at org.junit.internal.runners.model.ReflectiveCallable.run(ReflectiveCallable.java:15)
	at org.junit.runners.model.FrameworkMethod.invokeExplosively(FrameworkMethod.java:41)
	at junitparams.internal.InvokeParameterisedMethod.evaluate(InvokeParameterisedMethod.java:102)
	at org.junit.internal.runners.statements.FailOnTimeout$1.run(FailOnTimeout.java:28)
Caused by: ptolemy.kernel.util.IllegalActionException: Test fails in iteration 1.
Value was: 1.0. Should have been: 2.0
  in .DirectFeedback.Test
	at ptolemy.actor.lib.Test.fire(Test.java:268)
	at ptolemy.domains.de.kernel.DEDirector._fire(DEDirector.java:1948)
	at ptolemy.domains.de.kernel.DEDirector.fire(DEDirector.java:502)
	at ptolemy.actor.CompositeActor.fire(CompositeActor.java:455)
	at ptolemy.actor.Manager.iterate(Manager.java:851)
	at ptolemy.actor.Manager.execute(Manager.java:369)
	at ptolemy.actor.Manager.run(Manager.java:1263)
	at ptolemy.actor.Manager$PtolemyRunThread.run(Manager.java:1915)
java.lang.RuntimeException: Execution failed
	at ptolemy.moml.MoMLSimpleApplication$UnloadThread.run(MoMLSimpleApplication.java:402)
Caused by: ptolemy.kernel.util.IllegalActionException: Found a zero delay loop containing .HierarchicalModel.A
  in .HierarchicalModel and .HierarchicalModel.A
	at ptolemy.actor.util.CausalityInterfaceForComposites._computeOutputPortDepth(CausalityInterfaceForComposites.java:759)
	at ptolemy.actor.util.CausalityInterfaceForComposites._computeInputDepth(CausalityInterfaceForComposites.java:696)
	at ptolemy.actor.util.CausalityInterfaceForComposites._computeOutputPortDepth(CausalityInterfaceForComposites.java:765)
	at ptolemy.actor.util.CausalityInterfaceForComposites._computeInputDepth(CausalityInterfaceForComposites.java:696)
	at ptolemy.actor.util.CausalityInterfaceForComposites._computeOutputPortDepth(CausalityInterfaceForComposites.java:765)
	at ptolemy.actor.util.CausalityInterfaceForComposites._computeInputDepth(CausalityInterfaceForComposites.java:696)
	at ptolemy.actor.util.CausalityInterfaceForComposites._computeActorDepth(CausalityInterfaceForComposites.java:532)
	at ptolemy.actor.util.CausalityInterfaceForComposites.checkForCycles(CausalityInterfaceForComposites.java:96)
	at ptolemy.domains.de.kernel.DEDirector.preinitialize(DEDirector.java:1337)
	at ptolemy.actor.CompositeActor.preinitialize(CompositeActor.java:1828)
	at ptolemy.actor.Manager.preinitializeAndResolveTypes(Manager.java:1040)
	at ptolemy.actor.Manager.initialize(Manager.java:710)
	at ptolemy.actor.Manager.execute(Manager.java:356)
	at ptolemy.actor.Manager.run(Manager.java:1263)
	at ptolemy.actor.Manager$PtolemyRunThread.run(Manager.java:1915)
java.lang.reflect.InvocationTargetException
	at sun.reflect.NativeConstructorAccessorImpl.newInstance0(Native Method)
	at sun.reflect.NativeConstructorAccessorImpl.newInstance(NativeConstructorAccessorImpl.java:62)
	at sun.reflect.DelegatingConstructorAccessorImpl.newInstance(DelegatingConstructorAccessorImpl.java:45)
	at java.lang.reflect.Constructor.newInstance(Constructor.java:423)
	at ptolemy.util.test.junit.AutoKnownFailedTests.RunModel(AutoKnownFailedTests.java:107)
	at sun.reflect.NativeMethodAccessorImpl.invoke0(Native Method)
	at sun.reflect.NativeMethodAccessorImpl.invoke(NativeMethodAccessorImpl.java:62)
	at sun.reflect.DelegatingMethodAccessorImpl.invoke(DelegatingMethodAccessorImpl.java:43)
	at java.lang.reflect.Method.invoke(Method.java:498)
	at org.junit.runners.model.FrameworkMethod$1.runReflectiveCall(FrameworkMethod.java:44)
	at org.junit.internal.runners.model.ReflectiveCallable.run(ReflectiveCallable.java:15)
	at org.junit.runners.model.FrameworkMethod.invokeExplosively(FrameworkMethod.java:41)
	at junitparams.internal.InvokeParameterisedMethod.evaluate(InvokeParameterisedMethod.java:102)
	at org.junit.internal.runners.statements.FailOnTimeout$1.run(FailOnTimeout.java:28)
Caused by: ptolemy.kernel.util.IllegalActionException: Found a zero delay loop containing .HierarchicalModel.A
  in .HierarchicalModel and .HierarchicalModel.A
	at ptolemy.actor.util.CausalityInterfaceForComposites._computeOutputPortDepth(CausalityInterfaceForComposites.java:759)
	at ptolemy.actor.util.CausalityInterfaceForComposites._computeInputDepth(CausalityInterfaceForComposites.java:696)
	at ptolemy.actor.util.CausalityInterfaceForComposites._computeOutputPortDepth(CausalityInterfaceForComposites.java:765)
	at ptolemy.actor.util.CausalityInterfaceForComposites._computeInputDepth(CausalityInterfaceForComposites.java:696)
	at ptolemy.actor.util.CausalityInterfaceForComposites._computeOutputPortDepth(CausalityInterfaceForComposites.java:765)
	at ptolemy.actor.util.CausalityInterfaceForComposites._computeInputDepth(CausalityInterfaceForComposites.java:696)
	at ptolemy.actor.util.CausalityInterfaceForComposites._computeActorDepth(CausalityInterfaceForComposites.java:532)
	at ptolemy.actor.util.CausalityInterfaceForComposites.checkForCycles(CausalityInterfaceForComposites.java:96)
	at ptolemy.domains.de.kernel.DEDirector.preinitialize(DEDirector.java:1337)
	at ptolemy.actor.CompositeActor.preinitialize(CompositeActor.java:1828)
	at ptolemy.actor.Manager.preinitializeAndResolveTypes(Manager.java:1040)
	at ptolemy.actor.Manager.initialize(Manager.java:710)
	at ptolemy.actor.Manager.execute(Manager.java:356)
	at ptolemy.actor.Manager.run(Manager.java:1263)
	at ptolemy.actor.Manager$PtolemyRunThread.run(Manager.java:1915)
java.lang.RuntimeException: Execution failed
	at ptolemy.moml.MoMLSimpleApplication$UnloadThread.run(MoMLSimpleApplication.java:402)
Caused by: ptolemy.kernel.util.IllegalActionException: Found a zero delay loop containing .dependencyLoop.original
  in .dependencyLoop and .dependencyLoop.original
	at ptolemy.actor.util.CausalityInterfaceForComposites._computeOutputPortDepth(CausalityInterfaceForComposites.java:759)
	at ptolemy.actor.util.CausalityInterfaceForComposites._computeInputDepth(CausalityInterfaceForComposites.java:696)
	at ptolemy.actor.util.CausalityInterfaceForComposites._computeOutputPortDepth(CausalityInterfaceForComposites.java:765)
	at ptolemy.actor.util.CausalityInterfaceForComposites._computeInputDepth(CausalityInterfaceForComposites.java:696)
	at ptolemy.actor.util.CausalityInterfaceForComposites._computeOutputPortDepth(CausalityInterfaceForComposites.java:765)
	at ptolemy.actor.util.CausalityInterfaceForComposites._computeInputDepth(CausalityInterfaceForComposites.java:696)
	at ptolemy.actor.util.CausalityInterfaceForComposites._computeActorDepth(CausalityInterfaceForComposites.java:532)
	at ptolemy.actor.util.CausalityInterfaceForComposites.checkForCycles(CausalityInterfaceForComposites.java:96)
	at ptolemy.domains.de.kernel.DEDirector.preinitialize(DEDirector.java:1337)
	at ptolemy.actor.CompositeActor.preinitialize(CompositeActor.java:1828)
	at ptolemy.actor.Manager.preinitializeAndResolveTypes(Manager.java:1040)
	at ptolemy.actor.Manager.initialize(Manager.java:710)
	at ptolemy.actor.Manager.execute(Manager.java:356)
	at ptolemy.actor.Manager.run(Manager.java:1263)
	at ptolemy.actor.Manager$PtolemyRunThread.run(Manager.java:1915)
java.lang.reflect.InvocationTargetException
	at sun.reflect.NativeConstructorAccessorImpl.newInstance0(Native Method)
	at sun.reflect.NativeConstructorAccessorImpl.newInstance(NativeConstructorAccessorImpl.java:62)
	at sun.reflect.DelegatingConstructorAccessorImpl.newInstance(DelegatingConstructorAccessorImpl.java:45)
	at java.lang.reflect.Constructor.newInstance(Constructor.java:423)
	at ptolemy.util.test.junit.AutoKnownFailedTests.RunModel(AutoKnownFailedTests.java:107)
	at sun.reflect.NativeMethodAccessorImpl.invoke0(Native Method)
	at sun.reflect.NativeMethodAccessorImpl.invoke(NativeMethodAccessorImpl.java:62)
	at sun.reflect.DelegatingMethodAccessorImpl.invoke(DelegatingMethodAccessorImpl.java:43)
	at java.lang.reflect.Method.invoke(Method.java:498)
	at org.junit.runners.model.FrameworkMethod$1.runReflectiveCall(FrameworkMethod.java:44)
	at org.junit.internal.runners.model.ReflectiveCallable.run(ReflectiveCallable.java:15)
	at org.junit.runners.model.FrameworkMethod.invokeExplosively(FrameworkMethod.java:41)
	at junitparams.internal.InvokeParameterisedMethod.evaluate(InvokeParameterisedMethod.java:102)
	at org.junit.internal.runners.statements.FailOnTimeout$1.run(FailOnTimeout.java:28)
Caused by: ptolemy.kernel.util.IllegalActionException: Found a zero delay loop containing .dependencyLoop.original
  in .dependencyLoop and .dependencyLoop.original
	at ptolemy.actor.util.CausalityInterfaceForComposites._computeOutputPortDepth(CausalityInterfaceForComposites.java:759)
	at ptolemy.actor.util.CausalityInterfaceForComposites._computeInputDepth(CausalityInterfaceForComposites.java:696)
	at ptolemy.actor.util.CausalityInterfaceForComposites._computeOutputPortDepth(CausalityInterfaceForComposites.java:765)
	at ptolemy.actor.util.CausalityInterfaceForComposites._computeInputDepth(CausalityInterfaceForComposites.java:696)
	at ptolemy.actor.util.CausalityInterfaceForComposites._computeOutputPortDepth(CausalityInterfaceForComposites.java:765)
	at ptolemy.actor.util.CausalityInterfaceForComposites._computeInputDepth(CausalityInterfaceForComposites.java:696)
	at ptolemy.actor.util.CausalityInterfaceForComposites._computeActorDepth(CausalityInterfaceForComposites.java:532)
	at ptolemy.actor.util.CausalityInterfaceForComposites.checkForCycles(CausalityInterfaceForComposites.java:96)
	at ptolemy.domains.de.kernel.DEDirector.preinitialize(DEDirector.java:1337)
	at ptolemy.actor.CompositeActor.preinitialize(CompositeActor.java:1828)
	at ptolemy.actor.Manager.preinitializeAndResolveTypes(Manager.java:1040)
	at ptolemy.actor.Manager.initialize(Manager.java:710)
	at ptolemy.actor.Manager.execute(Manager.java:356)
	at ptolemy.actor.Manager.run(Manager.java:1263)
	at ptolemy.actor.Manager$PtolemyRunThread.run(Manager.java:1915)
java.lang.RuntimeException: Execution failed
	at ptolemy.moml.MoMLSimpleApplication$UnloadThread.run(MoMLSimpleApplication.java:402)
Caused by: ptolemy.kernel.util.IllegalActionException: Found a zero delay loop containing .dependencyLoop2.original
  in .dependencyLoop2 and .dependencyLoop2.original
	at ptolemy.actor.util.CausalityInterfaceForComposites._computeOutputPortDepth(CausalityInterfaceForComposites.java:759)
	at ptolemy.actor.util.CausalityInterfaceForComposites._computeInputDepth(CausalityInterfaceForComposites.java:696)
	at ptolemy.actor.util.CausalityInterfaceForComposites._computeOutputPortDepth(CausalityInterfaceForComposites.java:765)
	at ptolemy.actor.util.CausalityInterfaceForComposites._computeInputDepth(CausalityInterfaceForComposites.java:696)
	at ptolemy.actor.util.CausalityInterfaceForComposites._computeOutputPortDepth(CausalityInterfaceForComposites.java:765)
	at ptolemy.actor.util.CausalityInterfaceForComposites._computeInputDepth(CausalityInterfaceForComposites.java:696)
	at ptolemy.actor.util.CausalityInterfaceForComposites._computeActorDepth(CausalityInterfaceForComposites.java:532)
	at ptolemy.actor.util.CausalityInterfaceForComposites.checkForCycles(CausalityInterfaceForComposites.java:96)
	at ptolemy.domains.de.kernel.DEDirector.preinitialize(DEDirector.java:1337)
	at ptolemy.actor.CompositeActor.preinitialize(CompositeActor.java:1828)
	at ptolemy.actor.Manager.preinitializeAndResolveTypes(Manager.java:1040)
	at ptolemy.actor.Manager.initialize(Manager.java:710)
	at ptolemy.actor.Manager.execute(Manager.java:356)
	at ptolemy.actor.Manager.run(Manager.java:1263)
	at ptolemy.actor.Manager$PtolemyRunThread.run(Manager.java:1915)
java.lang.reflect.InvocationTargetException
	at sun.reflect.NativeConstructorAccessorImpl.newInstance0(Native Method)
	at sun.reflect.NativeConstructorAccessorImpl.newInstance(NativeConstructorAccessorImpl.java:62)
	at sun.reflect.DelegatingConstructorAccessorImpl.newInstance(DelegatingConstructorAccessorImpl.java:45)
	at java.lang.reflect.Constructor.newInstance(Constructor.java:423)
	at ptolemy.util.test.junit.AutoKnownFailedTests.RunModel(AutoKnownFailedTests.java:107)
	at sun.reflect.NativeMethodAccessorImpl.invoke0(Native Method)
	at sun.reflect.NativeMethodAccessorImpl.invoke(NativeMethodAccessorImpl.java:62)
	at sun.reflect.DelegatingMethodAccessorImpl.invoke(DelegatingMethodAccessorImpl.java:43)
	at java.lang.reflect.Method.invoke(Method.java:498)
	at org.junit.runners.model.FrameworkMethod$1.runReflectiveCall(FrameworkMethod.java:44)
	at org.junit.internal.runners.model.ReflectiveCallable.run(ReflectiveCallable.java:15)
	at org.junit.runners.model.FrameworkMethod.invokeExplosively(FrameworkMethod.java:41)
	at junitparams.internal.InvokeParameterisedMethod.evaluate(InvokeParameterisedMethod.java:102)
	at org.junit.internal.runners.statements.FailOnTimeout$1.run(FailOnTimeout.java:28)
Caused by: ptolemy.kernel.util.IllegalActionException: Found a zero delay loop containing .dependencyLoop2.original
  in .dependencyLoop2 and .dependencyLoop2.original
	at ptolemy.actor.util.CausalityInterfaceForComposites._computeOutputPortDepth(CausalityInterfaceForComposites.java:759)
	at ptolemy.actor.util.CausalityInterfaceForComposites._computeInputDepth(CausalityInterfaceForComposites.java:696)
	at ptolemy.actor.util.CausalityInterfaceForComposites._computeOutputPortDepth(CausalityInterfaceForComposites.java:765)
	at ptolemy.actor.util.CausalityInterfaceForComposites._computeInputDepth(CausalityInterfaceForComposites.java:696)
	at ptolemy.actor.util.CausalityInterfaceForComposites._computeOutputPortDepth(CausalityInterfaceForComposites.java:765)
	at ptolemy.actor.util.CausalityInterfaceForComposites._computeInputDepth(CausalityInterfaceForComposites.java:696)
	at ptolemy.actor.util.CausalityInterfaceForComposites._computeActorDepth(CausalityInterfaceForComposites.java:532)
	at ptolemy.actor.util.CausalityInterfaceForComposites.checkForCycles(CausalityInterfaceForComposites.java:96)
	at ptolemy.domains.de.kernel.DEDirector.preinitialize(DEDirector.java:1337)
	at ptolemy.actor.CompositeActor.preinitialize(CompositeActor.java:1828)
	at ptolemy.actor.Manager.preinitializeAndResolveTypes(Manager.java:1040)
	at ptolemy.actor.Manager.initialize(Manager.java:710)
	at ptolemy.actor.Manager.execute(Manager.java:356)
	at ptolemy.actor.Manager.run(Manager.java:1263)
	at ptolemy.actor.Manager$PtolemyRunThread.run(Manager.java:1915)
]]></system-err>
</testsuite>
