<?xml version="1.0" encoding="UTF-8" ?>
<testsuite errors="0" failures="0" hostname="travis-job-d9dfdce7-8b27-45ce-93f3-29dfbb07977d" name="ptolemy.domains.sdf.test.junit.JUnitTclTest" skipped="0" tests="66" time="19.815" timestamp="2018-05-17T02:06:01">
  <properties>
[...]
</properties>
  <testcase classname="ptolemy.util.test.junit.TclTests" name="[0] /home/travis/build/icyphy/ptII/ptolemy/domains/sdf/test/SDFSchedulerErrors.tcl (RunTclFile)" time="0.725" />
  <testcase classname="ptolemy.util.test.junit.TclTests" name="[1] /home/travis/build/icyphy/ptII/ptolemy/domains/sdf/test/composition.tcl (RunTclFile)" time="0.188" />
  <testcase classname="ptolemy.util.test.junit.TclTests" name="[2] /home/travis/build/icyphy/ptII/ptolemy/domains/sdf/test/cycle.tcl (RunTclFile)" time="0.046" />
  <testcase classname="ptolemy.util.test.junit.AutoKnownFailedTests" name="[0] ThereAreNoKnowFailedTests (RunModel)" time="0.001" />
  <testcase classname="ptolemy.util.test.junit.AutoNameArchTests" name="[0] ThereAreNoAutoTests (RunModel)" time="0.0" />
  <testcase classname="ptolemy.util.test.junit.AutoTests" name="[0] /home/travis/build/icyphy/ptII/ptolemy/domains/sdf/test/auto/Array.xml (RunModel)" time="0.149" />
  <testcase classname="ptolemy.util.test.junit.AutoTests" name="[1] /home/travis/build/icyphy/ptII/ptolemy/domains/sdf/test/auto/Butterfly.xml (RunModel)" time="0.122" />
  <testcase classname="ptolemy.util.test.junit.AutoTests" name="[2] /home/travis/build/icyphy/ptII/ptolemy/domains/sdf/test/auto/Expression.xml (RunModel)" time="0.05" />
  <testcase classname="ptolemy.util.test.junit.AutoTests" name="[3] /home/travis/build/icyphy/ptII/ptolemy/domains/sdf/test/auto/Eye.xml (RunModel)" time="0.454" />
  <testcase classname="ptolemy.util.test.junit.AutoTests" name="[4] /home/travis/build/icyphy/ptII/ptolemy/domains/sdf/test/auto/FixFIR.xml (RunModel)" time="0.316" />
  <testcase classname="ptolemy.util.test.junit.AutoTests" name="[5] /home/travis/build/icyphy/ptII/ptolemy/domains/sdf/test/auto/FixPoint.xml (RunModel)" time="0.04" />
  <testcase classname="ptolemy.util.test.junit.AutoTests" name="[6] /home/travis/build/icyphy/ptII/ptolemy/domains/sdf/test/auto/Gravitation.xml (RunModel)" time="3.291" />
  <testcase classname="ptolemy.util.test.junit.AutoTests" name="[7] /home/travis/build/icyphy/ptII/ptolemy/domains/sdf/test/auto/GravitationWithCollisionDetection.xml (RunModel)" time="6.197" />
  <testcase classname="ptolemy.util.test.junit.AutoTests" name="[8] /home/travis/build/icyphy/ptII/ptolemy/domains/sdf/test/auto/HDF.xml (RunModel)" time="0.149" />
  <testcase classname="ptolemy.util.test.junit.AutoTests" name="[9] /home/travis/build/icyphy/ptII/ptolemy/domains/sdf/test/auto/HDFwithTransientStates.xml (RunModel)" time="0.101" />
  <testcase classname="ptolemy.util.test.junit.AutoTests" name="[10] /home/travis/build/icyphy/ptII/ptolemy/domains/sdf/test/auto/HTVQ.xml (RunModel)" time="0.786" />
  <testcase classname="ptolemy.util.test.junit.AutoTests" name="[11] /home/travis/build/icyphy/ptII/ptolemy/domains/sdf/test/auto/InferInitProduction.xml (RunModel)" time="0.023" />
  <testcase classname="ptolemy.util.test.junit.AutoTests" name="[12] /home/travis/build/icyphy/ptII/ptolemy/domains/sdf/test/auto/InferInitProductionDeeper.xml (RunModel)" time="0.024" />
  <testcase classname="ptolemy.util.test.junit.AutoTests" name="[13] /home/travis/build/icyphy/ptII/ptolemy/domains/sdf/test/auto/LMSAdaptive.xml (RunModel)" time="0.082" />
  <testcase classname="ptolemy.util.test.junit.AutoTests" name="[14] /home/travis/build/icyphy/ptII/ptolemy/domains/sdf/test/auto/LogisticMap.xml (RunModel)" time="0.473" />
  <testcase classname="ptolemy.util.test.junit.AutoTests" name="[15] /home/travis/build/icyphy/ptII/ptolemy/domains/sdf/test/auto/MaximumEntropySpectrum.xml (RunModel)" time="0.262" />
  <testcase classname="ptolemy.util.test.junit.AutoTests" name="[16] /home/travis/build/icyphy/ptII/ptolemy/domains/sdf/test/auto/MultirateSDF.xml (RunModel)" time="0.062" />
  <testcase classname="ptolemy.util.test.junit.AutoTests" name="[17] /home/travis/build/icyphy/ptII/ptolemy/domains/sdf/test/auto/MultirateSDFwithTransientStates.xml (RunModel)" time="0.077" />
  <testcase classname="ptolemy.util.test.junit.AutoTests" name="[18] /home/travis/build/icyphy/ptII/ptolemy/domains/sdf/test/auto/NoisySinewave.xml (RunModel)" time="0.072" />
  <testcase classname="ptolemy.util.test.junit.AutoTests" name="[19] /home/travis/build/icyphy/ptII/ptolemy/domains/sdf/test/auto/Objects.xml (RunModel)" time="0.062" />
  <testcase classname="ptolemy.util.test.junit.AutoTests" name="[20] /home/travis/build/icyphy/ptII/ptolemy/domains/sdf/test/auto/OrthogonalCom.xml (RunModel)" time="0.041" />
  <testcase classname="ptolemy.util.test.junit.AutoTests" name="[21] /home/travis/build/icyphy/ptII/ptolemy/domains/sdf/test/auto/RijndaelEncryption.xml (RunModel)" time="0.484" />
  <testcase classname="ptolemy.util.test.junit.AutoTests" name="[22] /home/travis/build/icyphy/ptII/ptolemy/domains/sdf/test/auto/SDFEmptyIterations.xml (RunModel)" time="0.017" />
  <testcase classname="ptolemy.util.test.junit.AutoTests" name="[23] /home/travis/build/icyphy/ptII/ptolemy/domains/sdf/test/auto/Spectrum.xml (RunModel)" time="0.076" />
  <testcase classname="ptolemy.util.test.junit.AutoTests" name="[24] /home/travis/build/icyphy/ptII/ptolemy/domains/sdf/test/auto/de_inside_sdf.xml (RunModel)" time="0.027" />
  <testcase classname="ptolemy.util.test.junit.AutoTests" name="[25] /home/travis/build/icyphy/ptII/ptolemy/domains/sdf/test/auto/disconnectedHierarchicalSDF.xml (RunModel)" time="0.024" />
  <testcase classname="ptolemy.util.test.junit.AutoTests" name="[26] /home/travis/build/icyphy/ptII/ptolemy/domains/sdf/test/auto/disconnectedSDF.xml (RunModel)" time="0.025" />
  <testcase classname="ptolemy.util.test.junit.AutoTests" name="[27] /home/travis/build/icyphy/ptII/ptolemy/domains/sdf/test/auto/emptyRefinement.xml (RunModel)" time="0.023" />
  <testcase classname="ptolemy.util.test.junit.AutoTests" name="[28] /home/travis/build/icyphy/ptII/ptolemy/domains/sdf/test/auto/filePortParameter.xml (RunModel)" time="0.069" />
  <testcase classname="ptolemy.util.test.junit.AutoTests" name="[29] /home/travis/build/icyphy/ptII/ptolemy/domains/sdf/test/auto/inferRelationWidth1.xml (RunModel)" time="0.031" />
  <testcase classname="ptolemy.util.test.junit.AutoTests" name="[30] /home/travis/build/icyphy/ptII/ptolemy/domains/sdf/test/auto/initProductionInference.xml (RunModel)" time="0.026" />
  <testcase classname="ptolemy.util.test.junit.AutoTests" name="[31] /home/travis/build/icyphy/ptII/ptolemy/domains/sdf/test/auto/relationGroup.xml (RunModel)" time="0.018" />
  <testcase classname="ptolemy.util.test.junit.AutoTests" name="[32] /home/travis/build/icyphy/ptII/ptolemy/domains/sdf/test/auto/relationGroup10.xml (RunModel)" time="0.016" />
  <testcase classname="ptolemy.util.test.junit.AutoTests" name="[33] /home/travis/build/icyphy/ptII/ptolemy/domains/sdf/test/auto/relationGroup11.xml (RunModel)" time="0.017" />
  <testcase classname="ptolemy.util.test.junit.AutoTests" name="[34] /home/travis/build/icyphy/ptII/ptolemy/domains/sdf/test/auto/relationGroup12.xml (RunModel)" time="0.021" />
  <testcase classname="ptolemy.util.test.junit.AutoTests" name="[35] /home/travis/build/icyphy/ptII/ptolemy/domains/sdf/test/auto/relationGroup13.xml (RunModel)" time="0.025" />
  <testcase classname="ptolemy.util.test.junit.AutoTests" name="[36] /home/travis/build/icyphy/ptII/ptolemy/domains/sdf/test/auto/relationGroup14.xml (RunModel)" time="0.023" />
  <testcase classname="ptolemy.util.test.junit.AutoTests" name="[37] /home/travis/build/icyphy/ptII/ptolemy/domains/sdf/test/auto/relationGroup15.xml (RunModel)" time="0.016" />
  <testcase classname="ptolemy.util.test.junit.AutoTests" name="[38] /home/travis/build/icyphy/ptII/ptolemy/domains/sdf/test/auto/relationGroup2.xml (RunModel)" time="0.014" />
  <testcase classname="ptolemy.util.test.junit.AutoTests" name="[39] /home/travis/build/icyphy/ptII/ptolemy/domains/sdf/test/auto/relationGroup3.xml (RunModel)" time="0.013" />
  <testcase classname="ptolemy.util.test.junit.AutoTests" name="[40] /home/travis/build/icyphy/ptII/ptolemy/domains/sdf/test/auto/relationGroup4.xml (RunModel)" time="0.02" />
  <testcase classname="ptolemy.util.test.junit.AutoTests" name="[41] /home/travis/build/icyphy/ptII/ptolemy/domains/sdf/test/auto/relationGroup5.xml (RunModel)" time="0.022" />
  <testcase classname="ptolemy.util.test.junit.AutoTests" name="[42] /home/travis/build/icyphy/ptII/ptolemy/domains/sdf/test/auto/relationGroup6.xml (RunModel)" time="0.028" />
  <testcase classname="ptolemy.util.test.junit.AutoTests" name="[43] /home/travis/build/icyphy/ptII/ptolemy/domains/sdf/test/auto/relationGroup7.xml (RunModel)" time="0.018" />
  <testcase classname="ptolemy.util.test.junit.AutoTests" name="[44] /home/travis/build/icyphy/ptII/ptolemy/domains/sdf/test/auto/relationGroup8.xml (RunModel)" time="0.015" />
  <testcase classname="ptolemy.util.test.junit.AutoTests" name="[45] /home/travis/build/icyphy/ptII/ptolemy/domains/sdf/test/auto/relationGroup9.xml (RunModel)" time="0.026" />
  <testcase classname="ptolemy.util.test.junit.AutoTests" name="[46] /home/travis/build/icyphy/ptII/ptolemy/domains/sdf/test/auto/sdf_inside_de.xml (RunModel)" time="0.051" />
  <testcase classname="ptolemy.util.test.junit.AutoTests" name="[47] /home/travis/build/icyphy/ptII/ptolemy/domains/sdf/test/auto/sdf_inside_pn.xml (RunModel)" time="0.073" />
  <testcase classname="ptolemy.util.test.junit.AutoTests" name="[48] /home/travis/build/icyphy/ptII/ptolemy/domains/sdf/test/auto/sdf_sdf1.xml (RunModel)" time="0.021" />
  <testcase classname="ptolemy.util.test.junit.AutoTests" name="[49] /home/travis/build/icyphy/ptII/ptolemy/domains/sdf/test/auto/test1.xml (RunModel)" time="0.016" />
  <testcase classname="ptolemy.util.test.junit.AutoTests" name="[50] /home/travis/build/icyphy/ptII/ptolemy/domains/sdf/test/auto/time1.xml (RunModel)" time="0.01" />
  <testcase classname="ptolemy.util.test.junit.AutoTests" name="[51] /home/travis/build/icyphy/ptII/ptolemy/domains/sdf/test/auto/time2.xml (RunModel)" time="0.011" />
  <testcase classname="ptolemy.util.test.junit.AutoTests" name="[52] /home/travis/build/icyphy/ptII/ptolemy/domains/sdf/test/auto/time3.xml (RunModel)" time="0.024" />
  <testcase classname="ptolemy.util.test.junit.AutoTests" name="[53] /home/travis/build/icyphy/ptII/ptolemy/domains/sdf/test/auto/time4.xml (RunModel)" time="0.017" />
  <testcase classname="ptolemy.util.test.junit.AutoTests" name="[54] /home/travis/build/icyphy/ptII/ptolemy/domains/sdf/test/auto/time5.xml (RunModel)" time="4.008" />
  <testcase classname="ptolemy.util.test.junit.AutoTests" name="[55] /home/travis/build/icyphy/ptII/ptolemy/domains/sdf/test/auto/typeSystem_Const_Integer_smallest_Type.xml (RunModel)" time="0.04" />
  <testcase classname="ptolemy.util.test.junit.AutoTests" name="[56] /home/travis/build/icyphy/ptII/ptolemy/domains/sdf/test/auto/typeSystem_declared_Inports_OutportTypeException.xml (RunModel)" time="0.026" />
  <testcase classname="ptolemy.util.test.junit.AutoTests" name="[57] /home/travis/build/icyphy/ptII/ptolemy/domains/sdf/test/auto/typeSystem_oneDeclaredInportType_wrongTypeOutport.xml (RunModel)" time="0.012" />
  <testcase classname="ptolemy.util.test.junit.AutoTests" name="[58] /home/travis/build/icyphy/ptII/ptolemy/domains/sdf/test/auto/width.xml (RunModel)" time="0.01" />
  <testcase classname="ptolemy.util.test.junit.AutoTests" name="[59] /home/travis/build/icyphy/ptII/ptolemy/domains/sdf/test/auto/width2.xml (RunModel)" time="0.032" />
  <testcase classname="ptolemy.util.test.junit.AutoTests" name="[60] /home/travis/build/icyphy/ptII/ptolemy/domains/sdf/test/auto/width3.xml (RunModel)" time="0.03" />
  <system-out><![CDATA[/home/travis/build/icyphy/ptII/ptolemy/domains/sdf/test/SDFSchedulerErrors.tcl
testDefs.tcl: setting time out to 9000 seconds at Thu May 17 02:06:01 UTC 2018
30 ms. Memory: 116224K Free: 106918K (92%)
5 ms. Memory: 116224K Free: 99786K (86%)
5 ms. Memory: 116224K Free: 92741K (80%)
4 ms. Memory: 116224K Free: 89665K (77%)
/home/travis/build/icyphy/ptII/ptolemy/domains/sdf/test/composition.tcl
41 ms. Memory: 116224K Free: 86007K (74%)
11 ms. Memory: 116224K Free: 84192K (72%)
/home/travis/build/icyphy/ptII/ptolemy/domains/sdf/test/cycle.tcl
.Toplevel.Director Preinitializing ...
Invoking preinitialize():  .Toplevel.Actor1
Invoking preinitialize():  .Toplevel.Actor2
Invoking preinitialize():  .Toplevel.Delay
.Toplevel.Director Finished preinitialize().
### Schedule:
Execute Schedule{
Fire Actor ptolemy.domains.sdf.kernel.test.SDFTestDelay {.Toplevel.Actor1}
Fire Actor ptolemy.domains.sdf.kernel.test.SDFTestDelay {.Toplevel.Actor2}
Fire Actor ptolemy.domains.sdf.lib.SampleDelay {.Toplevel.Delay}
}
### End schedule
Called initialize().
Invoking initialize():  .Toplevel.Actor1
Initializing actor: .Toplevel.Actor1.
Invoking initialize():  .Toplevel.Actor2
Initializing actor: .Toplevel.Actor2.
Invoking initialize():  .Toplevel.Delay
Initializing actor: .Toplevel.Delay.
Director: Called prefire().
-- Setting current time to 0.0
Director prefire returns true.
The actor .Toplevel.Actor1 will be iterated.
The actor .Toplevel.Actor1 was iterated.
The actor .Toplevel.Actor2 will be iterated.
The actor .Toplevel.Actor2 was iterated.
The actor .Toplevel.Delay will be iterated.
The actor .Toplevel.Delay was iterated.
Director: Called postfire().
Postfire returns: true
Director: Called prefire().
-- Setting current time to 0.0
Director prefire returns true.
The actor .Toplevel.Actor1 will be iterated.
The actor .Toplevel.Actor1 was iterated.
The actor .Toplevel.Actor2 will be iterated.
The actor .Toplevel.Actor2 was iterated.
The actor .Toplevel.Delay will be iterated.
The actor .Toplevel.Delay was iterated.
Director: Called postfire().
Postfire returns: true
Director: Called prefire().
-- Setting current time to 0.0
Director prefire returns true.
The actor .Toplevel.Actor1 will be iterated.
The actor .Toplevel.Actor1 was iterated.
The actor .Toplevel.Actor2 will be iterated.
The actor .Toplevel.Actor2 was iterated.
The actor .Toplevel.Delay will be iterated.
The actor .Toplevel.Delay was iterated.
Director: Called postfire().
Postfire returns: true
Director: Called prefire().
-- Setting current time to 0.0
Director prefire returns true.
The actor .Toplevel.Actor1 will be iterated.
The actor .Toplevel.Actor1 was iterated.
The actor .Toplevel.Actor2 will be iterated.
The actor .Toplevel.Actor2 was iterated.
The actor .Toplevel.Delay will be iterated.
The actor .Toplevel.Delay was iterated.
Director: Called postfire().
Postfire returns: true
Director: Called prefire().
-- Setting current time to 0.0
Director prefire returns true.
The actor .Toplevel.Actor1 will be iterated.
The actor .Toplevel.Actor1 was iterated.
The actor .Toplevel.Actor2 will be iterated.
The actor .Toplevel.Actor2 was iterated.
The actor .Toplevel.Delay will be iterated.
The actor .Toplevel.Delay was iterated.
Director: Called postfire().
Postfire returns: true
Director: Called prefire().
-- Setting current time to 0.0
Director prefire returns true.
The actor .Toplevel.Actor1 will be iterated.
The actor .Toplevel.Actor1 was iterated.
The actor .Toplevel.Actor2 will be iterated.
The actor .Toplevel.Actor2 was iterated.
The actor .Toplevel.Delay will be iterated.
The actor .Toplevel.Delay was iterated.
Reached specified number of iterations: 6
Director: Called wrapup().
6 ms. Memory: 116224K Free: 81791K (70%)
05/17/18 02:06:02
Failed: 0  Total Tests: 8  ((Passed: 8, Newly Passed: 0)  Known Failed: 0) /home/travis/build/icyphy/ptII/ptolemy/domains/sdf/test
No auto/knownFailedTests/*.xml tests in /home/travis/build/icyphy/ptII/ptolemy/domains/sdf/test
No auto/*.xml tests in /home/travis/build/icyphy/ptII/ptolemy/domains/sdf/test
AutoTests.java: About to close Vertx.
AutoTests.java: Vertx closed.
----------------- testing Thu May 17 02:06:02 UTC 2018 /home/travis/build/icyphy/ptII/ptolemy/domains/sdf/test/auto/Array.xml
----------------- Instantiating /home/travis/build/icyphy/ptII/ptolemy/domains/sdf/test/auto/Array.xml
34 ms. Memory: 146944K Free: 102595K (70%)
----------------- Invoking toplevel() on ptolemy.moml.MoMLSimpleApplication@48b4067d
----------------- Done invoking toplevel() on ptolemy.moml.MoMLSimpleApplication@48b4067d
reloadAllAccessors: .Array
----------------- testing Thu May 17 02:06:02 UTC 2018 /home/travis/build/icyphy/ptII/ptolemy/domains/sdf/test/auto/Butterfly.xml
----------------- Instantiating /home/travis/build/icyphy/ptII/ptolemy/domains/sdf/test/auto/Butterfly.xml
90 ms. Memory: 146944K Free: 97009K (66%)
----------------- Invoking toplevel() on ptolemy.moml.MoMLSimpleApplication@46e21ed9
----------------- Done invoking toplevel() on ptolemy.moml.MoMLSimpleApplication@46e21ed9
reloadAllAccessors: .Butterfly
----------------- testing Thu May 17 02:06:02 UTC 2018 /home/travis/build/icyphy/ptII/ptolemy/domains/sdf/test/auto/Expression.xml
----------------- Instantiating /home/travis/build/icyphy/ptII/ptolemy/domains/sdf/test/auto/Expression.xml
30 ms. Memory: 146944K Free: 92053K (63%)
----------------- Invoking toplevel() on ptolemy.moml.MoMLSimpleApplication@5cc82538
----------------- Done invoking toplevel() on ptolemy.moml.MoMLSimpleApplication@5cc82538
reloadAllAccessors: .Expression
----------------- testing Thu May 17 02:06:02 UTC 2018 /home/travis/build/icyphy/ptII/ptolemy/domains/sdf/test/auto/Eye.xml
----------------- Instantiating /home/travis/build/icyphy/ptII/ptolemy/domains/sdf/test/auto/Eye.xml
303 ms. Memory: 146944K Free: 122062K (83%)
----------------- Invoking toplevel() on ptolemy.moml.MoMLSimpleApplication@2a0273a5
----------------- Done invoking toplevel() on ptolemy.moml.MoMLSimpleApplication@2a0273a5
reloadAllAccessors: .Eye
----------------- testing Thu May 17 02:06:03 UTC 2018 /home/travis/build/icyphy/ptII/ptolemy/domains/sdf/test/auto/FixFIR.xml
----------------- Instantiating /home/travis/build/icyphy/ptII/ptolemy/domains/sdf/test/auto/FixFIR.xml
152 ms. Memory: 146944K Free: 83783K (57%)
----------------- Invoking toplevel() on ptolemy.moml.MoMLSimpleApplication@7ff83b69
----------------- Done invoking toplevel() on ptolemy.moml.MoMLSimpleApplication@7ff83b69
reloadAllAccessors: .FixFIR
----------------- testing Thu May 17 02:06:03 UTC 2018 /home/travis/build/icyphy/ptII/ptolemy/domains/sdf/test/auto/FixPoint.xml
----------------- Instantiating /home/travis/build/icyphy/ptII/ptolemy/domains/sdf/test/auto/FixPoint.xml
15 ms. Memory: 146944K Free: 79245K (54%)
----------------- Invoking toplevel() on ptolemy.moml.MoMLSimpleApplication@6fe7cf30
----------------- Done invoking toplevel() on ptolemy.moml.MoMLSimpleApplication@6fe7cf30
reloadAllAccessors: .FixPoint
----------------- testing Thu May 17 02:06:03 UTC 2018 /home/travis/build/icyphy/ptII/ptolemy/domains/sdf/test/auto/Gravitation.xml
----------------- Instantiating /home/travis/build/icyphy/ptII/ptolemy/domains/sdf/test/auto/Gravitation.xml
3175 ms. Memory: 208384K Free: 114379K (55%)
----------------- Invoking toplevel() on ptolemy.moml.MoMLSimpleApplication@3ae9c8a5
----------------- Done invoking toplevel() on ptolemy.moml.MoMLSimpleApplication@3ae9c8a5
reloadAllAccessors: .Gravitation
----------------- testing Thu May 17 02:06:07 UTC 2018 /home/travis/build/icyphy/ptII/ptolemy/domains/sdf/test/auto/GravitationWithCollisionDetection.xml
----------------- Instantiating /home/travis/build/icyphy/ptII/ptolemy/domains/sdf/test/auto/GravitationWithCollisionDetection.xml
6060 ms. Memory: 874496K Free: 350344K (40%)
----------------- Invoking toplevel() on ptolemy.moml.MoMLSimpleApplication@28e59164
----------------- Done invoking toplevel() on ptolemy.moml.MoMLSimpleApplication@28e59164
reloadAllAccessors: .GravitationWithCollisionDetection
----------------- testing Thu May 17 02:06:13 UTC 2018 /home/travis/build/icyphy/ptII/ptolemy/domains/sdf/test/auto/HDF.xml
----------------- Instantiating /home/travis/build/icyphy/ptII/ptolemy/domains/sdf/test/auto/HDF.xml
39 ms. Memory: 874496K Free: 317393K (36%)
----------------- Invoking toplevel() on ptolemy.moml.MoMLSimpleApplication@7e1b3de3
----------------- Done invoking toplevel() on ptolemy.moml.MoMLSimpleApplication@7e1b3de3
reloadAllAccessors: .HDF
----------------- testing Thu May 17 02:06:13 UTC 2018 /home/travis/build/icyphy/ptII/ptolemy/domains/sdf/test/auto/HDFwithTransientStates.xml
----------------- Instantiating /home/travis/build/icyphy/ptII/ptolemy/domains/sdf/test/auto/HDFwithTransientStates.xml
39 ms. Memory: 874496K Free: 293799K (34%)
----------------- Invoking toplevel() on ptolemy.moml.MoMLSimpleApplication@7612273d
----------------- Done invoking toplevel() on ptolemy.moml.MoMLSimpleApplication@7612273d
reloadAllAccessors: .HDFwithTransientStates
----------------- testing Thu May 17 02:06:13 UTC 2018 /home/travis/build/icyphy/ptII/ptolemy/domains/sdf/test/auto/HTVQ.xml
----------------- Instantiating /home/travis/build/icyphy/ptII/ptolemy/domains/sdf/test/auto/HTVQ.xml
746 ms. Memory: 874496K Free: 120796K (14%)
----------------- Invoking toplevel() on ptolemy.moml.MoMLSimpleApplication@2fd153fb
----------------- Done invoking toplevel() on ptolemy.moml.MoMLSimpleApplication@2fd153fb
reloadAllAccessors: .HTVQ
----------------- testing Thu May 17 02:06:14 UTC 2018 /home/travis/build/icyphy/ptII/ptolemy/domains/sdf/test/auto/InferInitProduction.xml
----------------- Instantiating /home/travis/build/icyphy/ptII/ptolemy/domains/sdf/test/auto/InferInitProduction.xml
6 ms. Memory: 874496K Free: 105078K (12%)
----------------- Invoking toplevel() on ptolemy.moml.MoMLSimpleApplication@4418df17
----------------- Done invoking toplevel() on ptolemy.moml.MoMLSimpleApplication@4418df17
reloadAllAccessors: .InferInitProduction
----------------- testing Thu May 17 02:06:14 UTC 2018 /home/travis/build/icyphy/ptII/ptolemy/domains/sdf/test/auto/InferInitProductionDeeper.xml
----------------- Instantiating /home/travis/build/icyphy/ptII/ptolemy/domains/sdf/test/auto/InferInitProductionDeeper.xml
4 ms. Memory: 874496K Free: 89359K (10%)
----------------- Invoking toplevel() on ptolemy.moml.MoMLSimpleApplication@5ad55c1c
----------------- Done invoking toplevel() on ptolemy.moml.MoMLSimpleApplication@5ad55c1c
reloadAllAccessors: .InferInitProductionDeeper
----------------- testing Thu May 17 02:06:14 UTC 2018 /home/travis/build/icyphy/ptII/ptolemy/domains/sdf/test/auto/LMSAdaptive.xml
----------------- Instantiating /home/travis/build/icyphy/ptII/ptolemy/domains/sdf/test/auto/LMSAdaptive.xml
22 ms. Memory: 830464K Free: 814325K (98%)
----------------- Invoking toplevel() on ptolemy.moml.MoMLSimpleApplication@5d3c0087
----------------- Done invoking toplevel() on ptolemy.moml.MoMLSimpleApplication@5d3c0087
reloadAllAccessors: .LMSAdaptive
----------------- testing Thu May 17 02:06:14 UTC 2018 /home/travis/build/icyphy/ptII/ptolemy/domains/sdf/test/auto/LogisticMap.xml
----------------- Instantiating /home/travis/build/icyphy/ptII/ptolemy/domains/sdf/test/auto/LogisticMap.xml
440 ms. Memory: 830464K Free: 797331K (96%)
----------------- Invoking toplevel() on ptolemy.moml.MoMLSimpleApplication@689752a9
----------------- Done invoking toplevel() on ptolemy.moml.MoMLSimpleApplication@689752a9
reloadAllAccessors: .LogisticMap
----------------- testing Thu May 17 02:06:14 UTC 2018 /home/travis/build/icyphy/ptII/ptolemy/domains/sdf/test/auto/MaximumEntropySpectrum.xml
----------------- Instantiating /home/travis/build/icyphy/ptII/ptolemy/domains/sdf/test/auto/MaximumEntropySpectrum.xml
76 ms. Memory: 830464K Free: 727354K (88%)
----------------- Invoking toplevel() on ptolemy.moml.MoMLSimpleApplication@76e1fe67
----------------- Done invoking toplevel() on ptolemy.moml.MoMLSimpleApplication@76e1fe67
reloadAllAccessors: .MaximumEntropySpectrum
----------------- testing Thu May 17 02:06:15 UTC 2018 /home/travis/build/icyphy/ptII/ptolemy/domains/sdf/test/auto/MultirateSDF.xml
----------------- Instantiating /home/travis/build/icyphy/ptII/ptolemy/domains/sdf/test/auto/MultirateSDF.xml
20 ms. Memory: 830464K Free: 707385K (85%)
----------------- Invoking toplevel() on ptolemy.moml.MoMLSimpleApplication@1c31098
----------------- Done invoking toplevel() on ptolemy.moml.MoMLSimpleApplication@1c31098
reloadAllAccessors: .MultirateSDF
----------------- testing Thu May 17 02:06:15 UTC 2018 /home/travis/build/icyphy/ptII/ptolemy/domains/sdf/test/auto/MultirateSDFwithTransientStates.xml
----------------- Instantiating /home/travis/build/icyphy/ptII/ptolemy/domains/sdf/test/auto/MultirateSDFwithTransientStates.xml
19 ms. Memory: 830464K Free: 682401K (82%)
----------------- Invoking toplevel() on ptolemy.moml.MoMLSimpleApplication@7d5eeae9
----------------- Done invoking toplevel() on ptolemy.moml.MoMLSimpleApplication@7d5eeae9
reloadAllAccessors: .MultirateSDFwithTransientStates
----------------- testing Thu May 17 02:06:15 UTC 2018 /home/travis/build/icyphy/ptII/ptolemy/domains/sdf/test/auto/NoisySinewave.xml
----------------- Instantiating /home/travis/build/icyphy/ptII/ptolemy/domains/sdf/test/auto/NoisySinewave.xml
18 ms. Memory: 830464K Free: 662424K (80%)
----------------- Invoking toplevel() on ptolemy.moml.MoMLSimpleApplication@2364a46
----------------- Done invoking toplevel() on ptolemy.moml.MoMLSimpleApplication@2364a46
reloadAllAccessors: .NoisySinewave
----------------- testing Thu May 17 02:06:15 UTC 2018 /home/travis/build/icyphy/ptII/ptolemy/domains/sdf/test/auto/Objects.xml
----------------- Instantiating /home/travis/build/icyphy/ptII/ptolemy/domains/sdf/test/auto/Objects.xml
6 ms. Memory: 830464K Free: 647437K (78%)
----------------- Invoking toplevel() on ptolemy.moml.MoMLSimpleApplication@19430bfe
----------------- Done invoking toplevel() on ptolemy.moml.MoMLSimpleApplication@19430bfe
reloadAllAccessors: .Objects
----------------- testing Thu May 17 02:06:15 UTC 2018 /home/travis/build/icyphy/ptII/ptolemy/domains/sdf/test/auto/OrthogonalCom.xml
----------------- Instantiating /home/travis/build/icyphy/ptII/ptolemy/domains/sdf/test/auto/OrthogonalCom.xml
10 ms. Memory: 830464K Free: 632450K (76%)
----------------- Invoking toplevel() on ptolemy.moml.MoMLSimpleApplication@258a9563
----------------- Done invoking toplevel() on ptolemy.moml.MoMLSimpleApplication@258a9563
reloadAllAccessors: .OrthogonalCom
----------------- testing Thu May 17 02:06:15 UTC 2018 /home/travis/build/icyphy/ptII/ptolemy/domains/sdf/test/auto/RijndaelEncryption.xml
----------------- Instantiating /home/travis/build/icyphy/ptII/ptolemy/domains/sdf/test/auto/RijndaelEncryption.xml
241 ms. Memory: 830464K Free: 472454K (57%)
----------------- Invoking toplevel() on ptolemy.moml.MoMLSimpleApplication@20f83ce0
----------------- Done invoking toplevel() on ptolemy.moml.MoMLSimpleApplication@20f83ce0
reloadAllAccessors: .RijndaelEncryption
----------------- testing Thu May 17 02:06:16 UTC 2018 /home/travis/build/icyphy/ptII/ptolemy/domains/sdf/test/auto/SDFEmptyIterations.xml
----------------- Instantiating /home/travis/build/icyphy/ptII/ptolemy/domains/sdf/test/auto/SDFEmptyIterations.xml
5 ms. Memory: 830464K Free: 462473K (56%)
----------------- Invoking toplevel() on ptolemy.moml.MoMLSimpleApplication@5b7eba5d
----------------- Done invoking toplevel() on ptolemy.moml.MoMLSimpleApplication@5b7eba5d
reloadAllAccessors: .SDFEmptyIterations
----------------- testing Thu May 17 02:06:16 UTC 2018 /home/travis/build/icyphy/ptII/ptolemy/domains/sdf/test/auto/Spectrum.xml
----------------- Instantiating /home/travis/build/icyphy/ptII/ptolemy/domains/sdf/test/auto/Spectrum.xml
38 ms. Memory: 830464K Free: 439507K (53%)
----------------- Invoking toplevel() on ptolemy.moml.MoMLSimpleApplication@17e09ac6
----------------- Done invoking toplevel() on ptolemy.moml.MoMLSimpleApplication@17e09ac6
reloadAllAccessors: .Spectrum
----------------- testing Thu May 17 02:06:16 UTC 2018 /home/travis/build/icyphy/ptII/ptolemy/domains/sdf/test/auto/de_inside_sdf.xml
----------------- Instantiating /home/travis/build/icyphy/ptII/ptolemy/domains/sdf/test/auto/de_inside_sdf.xml
4 ms. Memory: 830464K Free: 429526K (52%)
----------------- Invoking toplevel() on ptolemy.moml.MoMLSimpleApplication@6162ab92
----------------- Done invoking toplevel() on ptolemy.moml.MoMLSimpleApplication@6162ab92
reloadAllAccessors: .de_inside_sdf
----------------- testing Thu May 17 02:06:16 UTC 2018 /home/travis/build/icyphy/ptII/ptolemy/domains/sdf/test/auto/disconnectedHierarchicalSDF.xml
----------------- Instantiating /home/travis/build/icyphy/ptII/ptolemy/domains/sdf/test/auto/disconnectedHierarchicalSDF.xml
4 ms. Memory: 830464K Free: 419546K (51%)
----------------- Invoking toplevel() on ptolemy.moml.MoMLSimpleApplication@6b2a05fa
----------------- Done invoking toplevel() on ptolemy.moml.MoMLSimpleApplication@6b2a05fa
reloadAllAccessors: .disconnectedHierarchicalSDF
----------------- testing Thu May 17 02:06:16 UTC 2018 /home/travis/build/icyphy/ptII/ptolemy/domains/sdf/test/auto/disconnectedSDF.xml
----------------- Instantiating /home/travis/build/icyphy/ptII/ptolemy/domains/sdf/test/auto/disconnectedSDF.xml
2 ms. Memory: 830464K Free: 409565K (49%)
----------------- Invoking toplevel() on ptolemy.moml.MoMLSimpleApplication@41685a08
----------------- Done invoking toplevel() on ptolemy.moml.MoMLSimpleApplication@41685a08
reloadAllAccessors: .disconnectedSDF
----------------- testing Thu May 17 02:06:16 UTC 2018 /home/travis/build/icyphy/ptII/ptolemy/domains/sdf/test/auto/emptyRefinement.xml
----------------- Instantiating /home/travis/build/icyphy/ptII/ptolemy/domains/sdf/test/auto/emptyRefinement.xml
3 ms. Memory: 830464K Free: 399584K (48%)
----------------- Invoking toplevel() on ptolemy.moml.MoMLSimpleApplication@66d557c3
----------------- Done invoking toplevel() on ptolemy.moml.MoMLSimpleApplication@66d557c3
reloadAllAccessors: .emptyRefinement
----------------- testing Thu May 17 02:06:16 UTC 2018 /home/travis/build/icyphy/ptII/ptolemy/domains/sdf/test/auto/filePortParameter.xml
----------------- Instantiating /home/travis/build/icyphy/ptII/ptolemy/domains/sdf/test/auto/filePortParameter.xml
14 ms. Memory: 830464K Free: 384597K (46%)
----------------- Invoking toplevel() on ptolemy.moml.MoMLSimpleApplication@42079e8c
----------------- Done invoking toplevel() on ptolemy.moml.MoMLSimpleApplication@42079e8c
reloadAllAccessors: .filePortParameter
----------------- testing Thu May 17 02:06:16 UTC 2018 /home/travis/build/icyphy/ptII/ptolemy/domains/sdf/test/auto/inferRelationWidth1.xml
----------------- Instantiating /home/travis/build/icyphy/ptII/ptolemy/domains/sdf/test/auto/inferRelationWidth1.xml
1 ms. Memory: 830464K Free: 374617K (45%)
----------------- Invoking toplevel() on ptolemy.moml.MoMLSimpleApplication@7863a9f3
----------------- Done invoking toplevel() on ptolemy.moml.MoMLSimpleApplication@7863a9f3
reloadAllAccessors: .inferRelationWidth1
----------------- testing Thu May 17 02:06:16 UTC 2018 /home/travis/build/icyphy/ptII/ptolemy/domains/sdf/test/auto/initProductionInference.xml
----------------- Instantiating /home/travis/build/icyphy/ptII/ptolemy/domains/sdf/test/auto/initProductionInference.xml
11 ms. Memory: 830464K Free: 364636K (44%)
----------------- Invoking toplevel() on ptolemy.moml.MoMLSimpleApplication@32eb24d
----------------- Done invoking toplevel() on ptolemy.moml.MoMLSimpleApplication@32eb24d
reloadAllAccessors: .initProductionInference
----------------- testing Thu May 17 02:06:16 UTC 2018 /home/travis/build/icyphy/ptII/ptolemy/domains/sdf/test/auto/relationGroup.xml
----------------- Instantiating /home/travis/build/icyphy/ptII/ptolemy/domains/sdf/test/auto/relationGroup.xml
4 ms. Memory: 830464K Free: 351698K (42%)
----------------- Invoking toplevel() on ptolemy.moml.MoMLSimpleApplication@21851f5c
----------------- Done invoking toplevel() on ptolemy.moml.MoMLSimpleApplication@21851f5c
reloadAllAccessors: .relationGroup
----------------- testing Thu May 17 02:06:16 UTC 2018 /home/travis/build/icyphy/ptII/ptolemy/domains/sdf/test/auto/relationGroup10.xml
----------------- Instantiating /home/travis/build/icyphy/ptII/ptolemy/domains/sdf/test/auto/relationGroup10.xml
2 ms. Memory: 830464K Free: 341718K (41%)
----------------- Invoking toplevel() on ptolemy.moml.MoMLSimpleApplication@2fb98ddc
----------------- Done invoking toplevel() on ptolemy.moml.MoMLSimpleApplication@2fb98ddc
reloadAllAccessors: .relationGroup10
----------------- testing Thu May 17 02:06:16 UTC 2018 /home/travis/build/icyphy/ptII/ptolemy/domains/sdf/test/auto/relationGroup11.xml
----------------- Instantiating /home/travis/build/icyphy/ptII/ptolemy/domains/sdf/test/auto/relationGroup11.xml
3 ms. Memory: 830464K Free: 331737K (40%)
----------------- Invoking toplevel() on ptolemy.moml.MoMLSimpleApplication@11a921ec
----------------- Done invoking toplevel() on ptolemy.moml.MoMLSimpleApplication@11a921ec
reloadAllAccessors: .relationGroup11
----------------- testing Thu May 17 02:06:16 UTC 2018 /home/travis/build/icyphy/ptII/ptolemy/domains/sdf/test/auto/relationGroup12.xml
----------------- Instantiating /home/travis/build/icyphy/ptII/ptolemy/domains/sdf/test/auto/relationGroup12.xml
1 ms. Memory: 830464K Free: 321756K (39%)
----------------- Invoking toplevel() on ptolemy.moml.MoMLSimpleApplication@269d9832
----------------- Done invoking toplevel() on ptolemy.moml.MoMLSimpleApplication@269d9832
reloadAllAccessors: .relationGroup12
----------------- testing Thu May 17 02:06:16 UTC 2018 /home/travis/build/icyphy/ptII/ptolemy/domains/sdf/test/auto/relationGroup13.xml
----------------- Instantiating /home/travis/build/icyphy/ptII/ptolemy/domains/sdf/test/auto/relationGroup13.xml
7 ms. Memory: 830464K Free: 311776K (38%)
----------------- Invoking toplevel() on ptolemy.moml.MoMLSimpleApplication@4672e3f9
----------------- Done invoking toplevel() on ptolemy.moml.MoMLSimpleApplication@4672e3f9
reloadAllAccessors: .relationGroup13
----------------- testing Thu May 17 02:06:16 UTC 2018 /home/travis/build/icyphy/ptII/ptolemy/domains/sdf/test/auto/relationGroup14.xml
----------------- Instantiating /home/travis/build/icyphy/ptII/ptolemy/domains/sdf/test/auto/relationGroup14.xml
6 ms. Memory: 830464K Free: 301795K (36%)
----------------- Invoking toplevel() on ptolemy.moml.MoMLSimpleApplication@787baf9
----------------- Done invoking toplevel() on ptolemy.moml.MoMLSimpleApplication@787baf9
reloadAllAccessors: .relationGroup14
----------------- testing Thu May 17 02:06:16 UTC 2018 /home/travis/build/icyphy/ptII/ptolemy/domains/sdf/test/auto/relationGroup15.xml
----------------- Instantiating /home/travis/build/icyphy/ptII/ptolemy/domains/sdf/test/auto/relationGroup15.xml
3 ms. Memory: 830464K Free: 291814K (35%)
----------------- Invoking toplevel() on ptolemy.moml.MoMLSimpleApplication@537cde6f
----------------- Done invoking toplevel() on ptolemy.moml.MoMLSimpleApplication@537cde6f
reloadAllAccessors: .relationGroup15
----------------- testing Thu May 17 02:06:16 UTC 2018 /home/travis/build/icyphy/ptII/ptolemy/domains/sdf/test/auto/relationGroup2.xml
----------------- Instantiating /home/travis/build/icyphy/ptII/ptolemy/domains/sdf/test/auto/relationGroup2.xml
1 ms. Memory: 830464K Free: 281834K (34%)
----------------- Invoking toplevel() on ptolemy.moml.MoMLSimpleApplication@423fcab7
----------------- Done invoking toplevel() on ptolemy.moml.MoMLSimpleApplication@423fcab7
reloadAllAccessors: .relationGroup2
----------------- testing Thu May 17 02:06:16 UTC 2018 /home/travis/build/icyphy/ptII/ptolemy/domains/sdf/test/auto/relationGroup3.xml
----------------- Instantiating /home/travis/build/icyphy/ptII/ptolemy/domains/sdf/test/auto/relationGroup3.xml
2 ms. Memory: 830464K Free: 271853K (33%)
----------------- Invoking toplevel() on ptolemy.moml.MoMLSimpleApplication@618c1752
----------------- Done invoking toplevel() on ptolemy.moml.MoMLSimpleApplication@618c1752
reloadAllAccessors: .relationGroup3
----------------- testing Thu May 17 02:06:16 UTC 2018 /home/travis/build/icyphy/ptII/ptolemy/domains/sdf/test/auto/relationGroup4.xml
----------------- Instantiating /home/travis/build/icyphy/ptII/ptolemy/domains/sdf/test/auto/relationGroup4.xml
4 ms. Memory: 830464K Free: 258915K (31%)
----------------- Invoking toplevel() on ptolemy.moml.MoMLSimpleApplication@610415c3
----------------- Done invoking toplevel() on ptolemy.moml.MoMLSimpleApplication@610415c3
reloadAllAccessors: .relationGroup4
----------------- testing Thu May 17 02:06:16 UTC 2018 /home/travis/build/icyphy/ptII/ptolemy/domains/sdf/test/auto/relationGroup5.xml
----------------- Instantiating /home/travis/build/icyphy/ptII/ptolemy/domains/sdf/test/auto/relationGroup5.xml
4 ms. Memory: 830464K Free: 248935K (30%)
----------------- Invoking toplevel() on ptolemy.moml.MoMLSimpleApplication@547f03df
----------------- Done invoking toplevel() on ptolemy.moml.MoMLSimpleApplication@547f03df
reloadAllAccessors: .relationGroup5
----------------- testing Thu May 17 02:06:16 UTC 2018 /home/travis/build/icyphy/ptII/ptolemy/domains/sdf/test/auto/relationGroup6.xml
----------------- Instantiating /home/travis/build/icyphy/ptII/ptolemy/domains/sdf/test/auto/relationGroup6.xml
4 ms. Memory: 830464K Free: 238954K (29%)
----------------- Invoking toplevel() on ptolemy.moml.MoMLSimpleApplication@2acc936b
----------------- Done invoking toplevel() on ptolemy.moml.MoMLSimpleApplication@2acc936b
reloadAllAccessors: .relationGroup6
----------------- testing Thu May 17 02:06:16 UTC 2018 /home/travis/build/icyphy/ptII/ptolemy/domains/sdf/test/auto/relationGroup7.xml
----------------- Instantiating /home/travis/build/icyphy/ptII/ptolemy/domains/sdf/test/auto/relationGroup7.xml
2 ms. Memory: 830464K Free: 228973K (28%)
----------------- Invoking toplevel() on ptolemy.moml.MoMLSimpleApplication@cdcb516
----------------- Done invoking toplevel() on ptolemy.moml.MoMLSimpleApplication@cdcb516
reloadAllAccessors: .relationGroup7
----------------- testing Thu May 17 02:06:16 UTC 2018 /home/travis/build/icyphy/ptII/ptolemy/domains/sdf/test/auto/relationGroup8.xml
----------------- Instantiating /home/travis/build/icyphy/ptII/ptolemy/domains/sdf/test/auto/relationGroup8.xml
2 ms. Memory: 830464K Free: 218993K (26%)
----------------- Invoking toplevel() on ptolemy.moml.MoMLSimpleApplication@6abf54b3
----------------- Done invoking toplevel() on ptolemy.moml.MoMLSimpleApplication@6abf54b3
reloadAllAccessors: .relationGroup8
----------------- testing Thu May 17 02:06:16 UTC 2018 /home/travis/build/icyphy/ptII/ptolemy/domains/sdf/test/auto/relationGroup9.xml
----------------- Instantiating /home/travis/build/icyphy/ptII/ptolemy/domains/sdf/test/auto/relationGroup9.xml
10 ms. Memory: 830464K Free: 209012K (25%)
----------------- Invoking toplevel() on ptolemy.moml.MoMLSimpleApplication@125a3925
----------------- Done invoking toplevel() on ptolemy.moml.MoMLSimpleApplication@125a3925
reloadAllAccessors: .relationGroup9
----------------- testing Thu May 17 02:06:16 UTC 2018 /home/travis/build/icyphy/ptII/ptolemy/domains/sdf/test/auto/sdf_inside_de.xml
----------------- Instantiating /home/travis/build/icyphy/ptII/ptolemy/domains/sdf/test/auto/sdf_inside_de.xml
19 ms. Memory: 830464K Free: 194025K (23%)
----------------- Invoking toplevel() on ptolemy.moml.MoMLSimpleApplication@64483773
----------------- Done invoking toplevel() on ptolemy.moml.MoMLSimpleApplication@64483773
reloadAllAccessors: .sdf_inside_de
----------------- testing Thu May 17 02:06:16 UTC 2018 /home/travis/build/icyphy/ptII/ptolemy/domains/sdf/test/auto/sdf_inside_pn.xml
----------------- Instantiating /home/travis/build/icyphy/ptII/ptolemy/domains/sdf/test/auto/sdf_inside_pn.xml
47 ms. Memory: 830464K Free: 154102K (19%)
----------------- Invoking toplevel() on ptolemy.moml.MoMLSimpleApplication@18dbbce5
----------------- Done invoking toplevel() on ptolemy.moml.MoMLSimpleApplication@18dbbce5
reloadAllAccessors: .sdf_inside_pn
----------------- testing Thu May 17 02:06:16 UTC 2018 /home/travis/build/icyphy/ptII/ptolemy/domains/sdf/test/auto/sdf_sdf1.xml
----------------- Instantiating /home/travis/build/icyphy/ptII/ptolemy/domains/sdf/test/auto/sdf_sdf1.xml
3 ms. Memory: 830464K Free: 141164K (17%)
----------------- Invoking toplevel() on ptolemy.moml.MoMLSimpleApplication@60c6c776
----------------- Done invoking toplevel() on ptolemy.moml.MoMLSimpleApplication@60c6c776
reloadAllAccessors: .sdf_sdf1
----------------- testing Thu May 17 02:06:16 UTC 2018 /home/travis/build/icyphy/ptII/ptolemy/domains/sdf/test/auto/test1.xml
----------------- Instantiating /home/travis/build/icyphy/ptII/ptolemy/domains/sdf/test/auto/test1.xml
2 ms. Memory: 830464K Free: 131184K (16%)
----------------- Invoking toplevel() on ptolemy.moml.MoMLSimpleApplication@2115f25
----------------- Done invoking toplevel() on ptolemy.moml.MoMLSimpleApplication@2115f25
reloadAllAccessors: .test1
----------------- testing Thu May 17 02:06:16 UTC 2018 /home/travis/build/icyphy/ptII/ptolemy/domains/sdf/test/auto/time1.xml
----------------- Instantiating /home/travis/build/icyphy/ptII/ptolemy/domains/sdf/test/auto/time1.xml
1 ms. Memory: 830464K Free: 121203K (15%)
----------------- Invoking toplevel() on ptolemy.moml.MoMLSimpleApplication@4d91bfa5
----------------- Done invoking toplevel() on ptolemy.moml.MoMLSimpleApplication@4d91bfa5
reloadAllAccessors: .time1
----------------- testing Thu May 17 02:06:16 UTC 2018 /home/travis/build/icyphy/ptII/ptolemy/domains/sdf/test/auto/time2.xml
----------------- Instantiating /home/travis/build/icyphy/ptII/ptolemy/domains/sdf/test/auto/time2.xml
2 ms. Memory: 830464K Free: 111222K (13%)
----------------- Invoking toplevel() on ptolemy.moml.MoMLSimpleApplication@54a45ed9
----------------- Done invoking toplevel() on ptolemy.moml.MoMLSimpleApplication@54a45ed9
reloadAllAccessors: .time2
----------------- testing Thu May 17 02:06:16 UTC 2018 /home/travis/build/icyphy/ptII/ptolemy/domains/sdf/test/auto/time3.xml
----------------- Instantiating /home/travis/build/icyphy/ptII/ptolemy/domains/sdf/test/auto/time3.xml
7 ms. Memory: 830464K Free: 101242K (12%)
----------------- Invoking toplevel() on ptolemy.moml.MoMLSimpleApplication@1b537066
----------------- Done invoking toplevel() on ptolemy.moml.MoMLSimpleApplication@1b537066
reloadAllAccessors: .time3
----------------- testing Thu May 17 02:06:16 UTC 2018 /home/travis/build/icyphy/ptII/ptolemy/domains/sdf/test/auto/time4.xml
----------------- Instantiating /home/travis/build/icyphy/ptII/ptolemy/domains/sdf/test/auto/time4.xml
4 ms. Memory: 830464K Free: 91261K (11%)
----------------- Invoking toplevel() on ptolemy.moml.MoMLSimpleApplication@7854d55a
----------------- Done invoking toplevel() on ptolemy.moml.MoMLSimpleApplication@7854d55a
reloadAllAccessors: .time4
----------------- testing Thu May 17 02:06:16 UTC 2018 /home/travis/build/icyphy/ptII/ptolemy/domains/sdf/test/auto/time5.xml
----------------- Instantiating /home/travis/build/icyphy/ptII/ptolemy/domains/sdf/test/auto/time5.xml
4001 ms. Memory: 830464K Free: 81280K (10%)
----------------- Invoking toplevel() on ptolemy.moml.MoMLSimpleApplication@301a918e
----------------- Done invoking toplevel() on ptolemy.moml.MoMLSimpleApplication@301a918e
reloadAllAccessors: .time5
----------------- testing Thu May 17 02:06:20 UTC 2018 /home/travis/build/icyphy/ptII/ptolemy/domains/sdf/test/auto/typeSystem_Const_Integer_smallest_Type.xml
----------------- Instantiating /home/travis/build/icyphy/ptII/ptolemy/domains/sdf/test/auto/typeSystem_Const_Integer_smallest_Type.xml
10 ms. Memory: 830464K Free: 71300K (9%)
----------------- Invoking toplevel() on ptolemy.moml.MoMLSimpleApplication@4e1ecfe3
----------------- Done invoking toplevel() on ptolemy.moml.MoMLSimpleApplication@4e1ecfe3
reloadAllAccessors: .typeSystem_Const_Integer_smallest_Type
----------------- testing Thu May 17 02:06:20 UTC 2018 /home/travis/build/icyphy/ptII/ptolemy/domains/sdf/test/auto/typeSystem_declared_Inports_OutportTypeException.xml
----------------- Instantiating /home/travis/build/icyphy/ptII/ptolemy/domains/sdf/test/auto/typeSystem_declared_Inports_OutportTypeException.xml
.typeSystem_declared_Inports_OutportTypeException.TestExceptionAttribute: initialize() was not invoked, but wrapup() was.  This is unusual, but not always a problem.  For example, exporting JNLP will do this.
2 ms. Memory: 794624K Free: 769535K (97%)
----------------- Invoking toplevel() on ptolemy.moml.MoMLSimpleApplication@18a4bbb9
----------------- Done invoking toplevel() on ptolemy.moml.MoMLSimpleApplication@18a4bbb9
reloadAllAccessors: .typeSystem_declared_Inports_OutportTypeException
----------------- testing Thu May 17 02:06:20 UTC 2018 /home/travis/build/icyphy/ptII/ptolemy/domains/sdf/test/auto/typeSystem_oneDeclaredInportType_wrongTypeOutport.xml
----------------- Instantiating /home/travis/build/icyphy/ptII/ptolemy/domains/sdf/test/auto/typeSystem_oneDeclaredInportType_wrongTypeOutport.xml
2 ms. Memory: 794624K Free: 753339K (95%)
----------------- Invoking toplevel() on ptolemy.moml.MoMLSimpleApplication@27bb25f0
----------------- Done invoking toplevel() on ptolemy.moml.MoMLSimpleApplication@27bb25f0
reloadAllAccessors: .typeSystem_oneDeclaredInportType_wrongTypeOutport
----------------- testing Thu May 17 02:06:20 UTC 2018 /home/travis/build/icyphy/ptII/ptolemy/domains/sdf/test/auto/width.xml
----------------- Instantiating /home/travis/build/icyphy/ptII/ptolemy/domains/sdf/test/auto/width.xml
2 ms. Memory: 794624K Free: 739085K (93%)
----------------- Invoking toplevel() on ptolemy.moml.MoMLSimpleApplication@323e4b15
----------------- Done invoking toplevel() on ptolemy.moml.MoMLSimpleApplication@323e4b15
reloadAllAccessors: .width
----------------- testing Thu May 17 02:06:20 UTC 2018 /home/travis/build/icyphy/ptII/ptolemy/domains/sdf/test/auto/width2.xml
----------------- Instantiating /home/travis/build/icyphy/ptII/ptolemy/domains/sdf/test/auto/width2.xml
24 ms. Memory: 794624K Free: 724831K (91%)
----------------- Invoking toplevel() on ptolemy.moml.MoMLSimpleApplication@676821f0
----------------- Done invoking toplevel() on ptolemy.moml.MoMLSimpleApplication@676821f0
reloadAllAccessors: .width2
----------------- testing Thu May 17 02:06:21 UTC 2018 /home/travis/build/icyphy/ptII/ptolemy/domains/sdf/test/auto/width3.xml
----------------- Instantiating /home/travis/build/icyphy/ptII/ptolemy/domains/sdf/test/auto/width3.xml
21 ms. Memory: 794624K Free: 710429K (89%)
----------------- Invoking toplevel() on ptolemy.moml.MoMLSimpleApplication@7931c4ce
----------------- Done invoking toplevel() on ptolemy.moml.MoMLSimpleApplication@7931c4ce
reloadAllAccessors: .width3
AutoTests.java: About to close Vertx.
AutoTests.java: Vertx closed.
]]></system-out>
  <system-err><![CDATA[java.lang.RuntimeException: Execution failed
	at ptolemy.moml.MoMLSimpleApplication$UnloadThread.run(MoMLSimpleApplication.java:402)
Caused by: ptolemy.actor.sched.NotSchedulableException: No solution exists for the balance equations.
Graph is not consistent under the SDF domain detected on external port .rateConsistency.actor.port2
  in .rateConsistency.SDF Director.Scheduler
	at ptolemy.domains.sdf.kernel.SDFScheduler._propagatePort(SDFScheduler.java:1425)
	at ptolemy.domains.sdf.kernel.SDFScheduler._solveBalanceEquations(SDFScheduler.java:710)
	at ptolemy.domains.sdf.kernel.SDFScheduler._getSchedule(SDFScheduler.java:566)
	at ptolemy.actor.sched.Scheduler.getSchedule(Scheduler.java:189)
	at ptolemy.domains.sdf.kernel.SDFDirector.createSchedule(SDFDirector.java:408)
	at ptolemy.domains.sdf.kernel.SDFDirector.preinitialize(SDFDirector.java:764)
	at ptolemy.actor.CompositeActor.preinitialize(CompositeActor.java:1828)
	at ptolemy.actor.Manager.preinitializeAndResolveTypes(Manager.java:1040)
	at ptolemy.actor.Manager.initialize(Manager.java:710)
	at ptolemy.actor.Manager.execute(Manager.java:356)
	at ptolemy.actor.Manager.run(Manager.java:1263)
	at ptolemy.actor.Manager$PtolemyRunThread.run(Manager.java:1915)
java.lang.RuntimeException: Execution failed
	at ptolemy.moml.MoMLSimpleApplication$UnloadThread.run(MoMLSimpleApplication.java:402)
Caused by: ptolemy.kernel.util.IllegalActionException: Failed to compute schedule:
  in .badRateChanges.typed composite actor.SDF Director
Because:
The SDF rate parameter may change. This is not allowed in SDF models that will be run through the code generator.  If you don't care about code generation, then you might consider setting the allowRateChanges parameter of the SDF director to false.
  in .badRateChanges.typed composite actor.Repeat.output.tokenProductionRate
	at ptolemy.domains.sdf.kernel.SDFDirector.createSchedule(SDFDirector.java:418)
	at ptolemy.domains.sdf.kernel.SDFDirector.preinitialize(SDFDirector.java:764)
	at ptolemy.actor.CompositeActor.preinitialize(CompositeActor.java:1828)
	at ptolemy.actor.Director.preinitialize(Director.java:1302)
	at ptolemy.actor.Director.preinitialize(Director.java:1257)
	at ptolemy.domains.sdf.kernel.SDFDirector.preinitialize(SDFDirector.java:763)
	at ptolemy.actor.CompositeActor.preinitialize(CompositeActor.java:1828)
	at ptolemy.actor.Manager.preinitializeAndResolveTypes(Manager.java:1040)
	at ptolemy.actor.Manager.initialize(Manager.java:710)
	at ptolemy.actor.Manager.execute(Manager.java:356)
	at ptolemy.actor.Manager.run(Manager.java:1263)
	at ptolemy.actor.Manager$PtolemyRunThread.run(Manager.java:1915)
Caused by: ptolemy.kernel.util.IllegalActionException: The SDF rate parameter may change. This is not allowed in SDF models that will be run through the code generator.  If you don't care about code generation, then you might consider setting the allowRateChanges parameter of the SDF director to false.
  in .badRateChanges.typed composite actor.Repeat.output.tokenProductionRate
	at ptolemy.domains.sdf.kernel.SDFScheduler._assertDynamicRateVariable(SDFScheduler.java:931)
	at ptolemy.domains.sdf.kernel.SDFScheduler._checkDynamicRateVariables(SDFScheduler.java:339)
	at ptolemy.domains.sdf.kernel.SDFScheduler._getSchedule(SDFScheduler.java:527)
	at ptolemy.actor.sched.Scheduler.getSchedule(Scheduler.java:189)
	at ptolemy.domains.sdf.kernel.SDFDirector.createSchedule(SDFDirector.java:408)
	... 11 more
java.lang.RuntimeException: Execution failed
	at ptolemy.moml.MoMLSimpleApplication$UnloadThread.run(MoMLSimpleApplication.java:402)
Caused by: ptolemy.kernel.util.IllegalActionException: Failed to compute schedule:
  in .badRateChanges2.typed composite actor.SDF Director
Because:
The SDF rate parameter may change. This is not allowed in SDF models that will be run through the code generator.  If you don't care about code generation, then you might consider setting the allowRateChanges parameter of the SDF director to false.
  in .badRateChanges2.typed composite actor.Repeat.output.tokenProductionRate
	at ptolemy.domains.sdf.kernel.SDFDirector.createSchedule(SDFDirector.java:418)
	at ptolemy.domains.sdf.kernel.SDFDirector.preinitialize(SDFDirector.java:764)
	at ptolemy.actor.CompositeActor.preinitialize(CompositeActor.java:1828)
	at ptolemy.actor.Director.preinitialize(Director.java:1302)
	at ptolemy.actor.Director.preinitialize(Director.java:1257)
	at ptolemy.domains.sdf.kernel.SDFDirector.preinitialize(SDFDirector.java:763)
	at ptolemy.actor.CompositeActor.preinitialize(CompositeActor.java:1828)
	at ptolemy.actor.Manager.preinitializeAndResolveTypes(Manager.java:1040)
	at ptolemy.actor.Manager.initialize(Manager.java:710)
	at ptolemy.actor.Manager.execute(Manager.java:356)
	at ptolemy.actor.Manager.run(Manager.java:1263)
	at ptolemy.actor.Manager$PtolemyRunThread.run(Manager.java:1915)
Caused by: ptolemy.kernel.util.IllegalActionException: The SDF rate parameter may change. This is not allowed in SDF models that will be run through the code generator.  If you don't care about code generation, then you might consider setting the allowRateChanges parameter of the SDF director to false.
  in .badRateChanges2.typed composite actor.Repeat.output.tokenProductionRate
	at ptolemy.domains.sdf.kernel.SDFScheduler._assertDynamicRateVariable(SDFScheduler.java:931)
	at ptolemy.domains.sdf.kernel.SDFScheduler._checkDynamicRateVariables(SDFScheduler.java:339)
	at ptolemy.domains.sdf.kernel.SDFScheduler._getSchedule(SDFScheduler.java:527)
	at ptolemy.actor.sched.Scheduler.getSchedule(Scheduler.java:189)
	at ptolemy.domains.sdf.kernel.SDFDirector.createSchedule(SDFDirector.java:408)
	... 11 more
java.lang.RuntimeException: Execution failed
	at ptolemy.moml.MoMLSimpleApplication$UnloadThread.run(MoMLSimpleApplication.java:402)
Caused by: ptolemy.actor.sched.NotSchedulableException: Actors remain that cannot be scheduled!

There are several possible reasons:
* SDF Graphs with feedback loops should have an actor with a delay in the loop, such as a SampleDelay.
* The SDF director has an "allowDisconnectedGraphs"parameter, which, when true, permits disconnected SDF graphs.
* The token consumption rate and production rates might be mismatched.
Usually, actors produce one token or consume one token on a port.  To produce or consume multiple tokens per firing, add a "tokenConsumptionRate" or "tokenProductionRate" parameter to the appropriate port.
Unscheduled actors:
.partiallyConnected.Const2 
Scheduled actors:
.partiallyConnected.Const 
  in .partiallyConnected.SDF Director.Scheduler
	at ptolemy.domains.sdf.kernel.SDFScheduler._scheduleConnectedActors(SDFScheduler.java:1828)
	at ptolemy.domains.sdf.kernel.SDFScheduler._getSchedule(SDFScheduler.java:587)
	at ptolemy.actor.sched.Scheduler.getSchedule(Scheduler.java:189)
	at ptolemy.domains.sdf.kernel.SDFDirector.createSchedule(SDFDirector.java:408)
	at ptolemy.domains.sdf.kernel.SDFDirector.preinitialize(SDFDirector.java:764)
	at ptolemy.actor.CompositeActor.preinitialize(CompositeActor.java:1828)
	at ptolemy.actor.Manager.preinitializeAndResolveTypes(Manager.java:1040)
	at ptolemy.actor.Manager.initialize(Manager.java:710)
	at ptolemy.actor.Manager.execute(Manager.java:356)
	at ptolemy.actor.Manager.run(Manager.java:1263)
	at ptolemy.actor.Manager$PtolemyRunThread.run(Manager.java:1915)
]]></system-err>
</testsuite>
