<?xml version="1.0" encoding="UTF-8" ?>
<testsuite errors="0" failures="0" hostname="travis-job-cbda7067-2ffd-46de-aaeb-6c797a9b4975" name="ptolemy.domains.de.test.junit.JUnitTclTest" skipped="0" tests="101" time="123.164" timestamp="2018-05-23T13:10:51">
  <properties>
[...]
</properties>
  <testcase classname="ptolemy.util.test.junit.TclTests" name="[0] /home/travis/build/icyphy/ptII/ptolemy/domains/de/test/DependencyLoop.tcl (RunTclFile)" time="0.69" />
  <testcase classname="ptolemy.util.test.junit.TclTests" name="[1] /home/travis/build/icyphy/ptII/ptolemy/domains/de/test/RunDETestsAsQSS.tcl (RunTclFile)" time="83.999" />
  <testcase classname="ptolemy.util.test.junit.AutoKnownFailedTests" name="[0] /home/travis/build/icyphy/ptII/ptolemy/domains/de/test/auto/knownFailedTests/DESDFClockTest.xml (RunModel)" time="2.029" />
  <testcase classname="ptolemy.util.test.junit.AutoKnownFailedTests" name="[1] /home/travis/build/icyphy/ptII/ptolemy/domains/de/test/auto/knownFailedTests/DirectFeedback.xml (RunModel)" time="0.01" />
  <testcase classname="ptolemy.util.test.junit.AutoKnownFailedTests" name="[2] /home/travis/build/icyphy/ptII/ptolemy/domains/de/test/auto/knownFailedTests/FSMSource.xml (RunModel)" time="0.027" />
  <testcase classname="ptolemy.util.test.junit.AutoKnownFailedTests" name="[3] /home/travis/build/icyphy/ptII/ptolemy/domains/de/test/auto/knownFailedTests/HierarchicalModel.xml (RunModel)" time="0.03" />
  <testcase classname="ptolemy.util.test.junit.AutoKnownFailedTests" name="[4] /home/travis/build/icyphy/ptII/ptolemy/domains/de/test/auto/knownFailedTests/dependencyLoop.xml (RunModel)" time="0.022" />
  <testcase classname="ptolemy.util.test.junit.AutoKnownFailedTests" name="[5] /home/travis/build/icyphy/ptII/ptolemy/domains/de/test/auto/knownFailedTests/dependencyLoop2.xml (RunModel)" time="0.037" />
  <testcase classname="ptolemy.util.test.junit.AutoNameArchTests" name="[0] ThereAreNoAutoTests (RunModel)" time="0.006" />
  <testcase classname="ptolemy.util.test.junit.AutoTests" name="[0] /home/travis/build/icyphy/ptII/ptolemy/domains/de/test/auto/ActorDepthCalculation_actorWithoutPorts.xml (RunModel)" time="0.013" />
  <testcase classname="ptolemy.util.test.junit.AutoTests" name="[1] /home/travis/build/icyphy/ptII/ptolemy/domains/de/test/auto/AssemblyLine.xml (RunModel)" time="0.015" />
  <testcase classname="ptolemy.util.test.junit.AutoTests" name="[2] /home/travis/build/icyphy/ptII/ptolemy/domains/de/test/auto/CQBug1.xml (RunModel)" time="0.008" />
  <testcase classname="ptolemy.util.test.junit.AutoTests" name="[3] /home/travis/build/icyphy/ptII/ptolemy/domains/de/test/auto/CancelFireAt.xml (RunModel)" time="0.009" />
  <testcase classname="ptolemy.util.test.junit.AutoTests" name="[4] /home/travis/build/icyphy/ptII/ptolemy/domains/de/test/auto/CausalityAndComposabilityAnalysis.xml (RunModel)" time="0.01" />
  <testcase classname="ptolemy.util.test.junit.AutoTests" name="[5] /home/travis/build/icyphy/ptII/ptolemy/domains/de/test/auto/CausalityInterface1.xml (RunModel)" time="0.01" />
  <testcase classname="ptolemy.util.test.junit.AutoTests" name="[6] /home/travis/build/icyphy/ptII/ptolemy/domains/de/test/auto/CausalityInterface15.xml (RunModel)" time="0.01" />
  <testcase classname="ptolemy.util.test.junit.AutoTests" name="[7] /home/travis/build/icyphy/ptII/ptolemy/domains/de/test/auto/CausalityInterface2.xml (RunModel)" time="0.009" />
  <testcase classname="ptolemy.util.test.junit.AutoTests" name="[8] /home/travis/build/icyphy/ptII/ptolemy/domains/de/test/auto/CausalityInterface3.xml (RunModel)" time="0.012" />
  <testcase classname="ptolemy.util.test.junit.AutoTests" name="[9] /home/travis/build/icyphy/ptII/ptolemy/domains/de/test/auto/ClockDrift.xml (RunModel)" time="0.027" />
  <testcase classname="ptolemy.util.test.junit.AutoTests" name="[10] /home/travis/build/icyphy/ptII/ptolemy/domains/de/test/auto/ClockDriftAndValueChange.xml (RunModel)" time="0.02" />
  <testcase classname="ptolemy.util.test.junit.AutoTests" name="[11] /home/travis/build/icyphy/ptII/ptolemy/domains/de/test/auto/ClockDriftChange.xml (RunModel)" time="0.022" />
  <testcase classname="ptolemy.util.test.junit.AutoTests" name="[12] /home/travis/build/icyphy/ptII/ptolemy/domains/de/test/auto/ComposableCausalityAnalysis.xml (RunModel)" time="0.013" />
  <testcase classname="ptolemy.util.test.junit.AutoTests" name="[13] /home/travis/build/icyphy/ptII/ptolemy/domains/de/test/auto/DEFixedPointLimitation.xml (RunModel)" time="0.006" />
  <testcase classname="ptolemy.util.test.junit.AutoTests" name="[14] /home/travis/build/icyphy/ptII/ptolemy/domains/de/test/auto/DEScheduleTest.xml (RunModel)" time="0.021" />
  <testcase classname="ptolemy.util.test.junit.AutoTests" name="[15] /home/travis/build/icyphy/ptII/ptolemy/domains/de/test/auto/DEinDEwithStartTimes.xml (RunModel)" time="0.011" />
  <testcase classname="ptolemy.util.test.junit.AutoTests" name="[16] /home/travis/build/icyphy/ptII/ptolemy/domains/de/test/auto/DEinDEwithStartTimes2.xml (RunModel)" time="0.01" />
  <testcase classname="ptolemy.util.test.junit.AutoTests" name="[17] /home/travis/build/icyphy/ptII/ptolemy/domains/de/test/auto/DateDemo.xml (RunModel)" time="0.026" />
  <testcase classname="ptolemy.util.test.junit.AutoTests" name="[18] /home/travis/build/icyphy/ptII/ptolemy/domains/de/test/auto/DateToEvent.xml (RunModel)" time="2.027" />
  <testcase classname="ptolemy.util.test.junit.AutoTests" name="[19] /home/travis/build/icyphy/ptII/ptolemy/domains/de/test/auto/DepthTest1.xml (RunModel)" time="0.007" />
  <testcase classname="ptolemy.util.test.junit.AutoTests" name="[20] /home/travis/build/icyphy/ptII/ptolemy/domains/de/test/auto/DepthTest2.xml (RunModel)" time="0.016" />
  <testcase classname="ptolemy.util.test.junit.AutoTests" name="[21] /home/travis/build/icyphy/ptII/ptolemy/domains/de/test/auto/DepthTest3.xml (RunModel)" time="0.007" />
  <testcase classname="ptolemy.util.test.junit.AutoTests" name="[22] /home/travis/build/icyphy/ptII/ptolemy/domains/de/test/auto/DepthTest4.xml (RunModel)" time="0.011" />
  <testcase classname="ptolemy.util.test.junit.AutoTests" name="[23] /home/travis/build/icyphy/ptII/ptolemy/domains/de/test/auto/DepthTest5.xml (RunModel)" time="0.012" />
  <testcase classname="ptolemy.util.test.junit.AutoTests" name="[24] /home/travis/build/icyphy/ptII/ptolemy/domains/de/test/auto/DepthTest6.xml (RunModel)" time="0.012" />
  <testcase classname="ptolemy.util.test.junit.AutoTests" name="[25] /home/travis/build/icyphy/ptII/ptolemy/domains/de/test/auto/DepthTest7.xml (RunModel)" time="0.01" />
  <testcase classname="ptolemy.util.test.junit.AutoTests" name="[26] /home/travis/build/icyphy/ptII/ptolemy/domains/de/test/auto/EventToDate.xml (RunModel)" time="3.031" />
  <testcase classname="ptolemy.util.test.junit.AutoTests" name="[27] /home/travis/build/icyphy/ptII/ptolemy/domains/de/test/auto/FSM1.xml (RunModel)" time="0.028" />
  <testcase classname="ptolemy.util.test.junit.AutoTests" name="[28] /home/travis/build/icyphy/ptII/ptolemy/domains/de/test/auto/FSM7.xml (RunModel)" time="0.027" />
  <testcase classname="ptolemy.util.test.junit.AutoTests" name="[29] /home/travis/build/icyphy/ptII/ptolemy/domains/de/test/auto/Inspection.xml (RunModel)" time="0.034" />
  <testcase classname="ptolemy.util.test.junit.AutoTests" name="[30] /home/travis/build/icyphy/ptII/ptolemy/domains/de/test/auto/Iteration.xml (RunModel)" time="0.016" />
  <testcase classname="ptolemy.util.test.junit.AutoTests" name="[31] /home/travis/build/icyphy/ptII/ptolemy/domains/de/test/auto/LineFault.xml (RunModel)" time="0.572" />
  <testcase classname="ptolemy.util.test.junit.AutoTests" name="[32] /home/travis/build/icyphy/ptII/ptolemy/domains/de/test/auto/MergeModel1Add.xml (RunModel)" time="0.047" />
  <testcase classname="ptolemy.util.test.junit.AutoTests" name="[33] /home/travis/build/icyphy/ptII/ptolemy/domains/de/test/auto/MergeModel2Add.xml (RunModel)" time="0.034" />
  <testcase classname="ptolemy.util.test.junit.AutoTests" name="[34] /home/travis/build/icyphy/ptII/ptolemy/domains/de/test/auto/MergeModel3Add.xml (RunModel)" time="0.04" />
  <testcase classname="ptolemy.util.test.junit.AutoTests" name="[35] /home/travis/build/icyphy/ptII/ptolemy/domains/de/test/auto/MergeWithoutDiscard.xml (RunModel)" time="0.013" />
  <testcase classname="ptolemy.util.test.junit.AutoTests" name="[36] /home/travis/build/icyphy/ptII/ptolemy/domains/de/test/auto/Modal1.xml (RunModel)" time="0.024" />
  <testcase classname="ptolemy.util.test.junit.AutoTests" name="[37] /home/travis/build/icyphy/ptII/ptolemy/domains/de/test/auto/Modal2.xml (RunModel)" time="0.028" />
  <testcase classname="ptolemy.util.test.junit.AutoTests" name="[38] /home/travis/build/icyphy/ptII/ptolemy/domains/de/test/auto/Modal3.xml (RunModel)" time="0.031" />
  <testcase classname="ptolemy.util.test.junit.AutoTests" name="[39] /home/travis/build/icyphy/ptII/ptolemy/domains/de/test/auto/Modal4.xml (RunModel)" time="0.029" />
  <testcase classname="ptolemy.util.test.junit.AutoTests" name="[40] /home/travis/build/icyphy/ptII/ptolemy/domains/de/test/auto/Modal5.xml (RunModel)" time="0.027" />
  <testcase classname="ptolemy.util.test.junit.AutoTests" name="[41] /home/travis/build/icyphy/ptII/ptolemy/domains/de/test/auto/Modal6.xml (RunModel)" time="0.026" />
  <testcase classname="ptolemy.util.test.junit.AutoTests" name="[42] /home/travis/build/icyphy/ptII/ptolemy/domains/de/test/auto/Modal7.xml (RunModel)" time="0.026" />
  <testcase classname="ptolemy.util.test.junit.AutoTests" name="[43] /home/travis/build/icyphy/ptII/ptolemy/domains/de/test/auto/ModalModel.xml (RunModel)" time="0.148" />
  <testcase classname="ptolemy.util.test.junit.AutoTests" name="[44] /home/travis/build/icyphy/ptII/ptolemy/domains/de/test/auto/ModalSource.xml (RunModel)" time="0.017" />
  <testcase classname="ptolemy.util.test.junit.AutoTests" name="[45] /home/travis/build/icyphy/ptII/ptolemy/domains/de/test/auto/NonInterruptibleTimerZeroDelay.xml (RunModel)" time="0.01" />
  <testcase classname="ptolemy.util.test.junit.AutoTests" name="[46] /home/travis/build/icyphy/ptII/ptolemy/domains/de/test/auto/OpenQueueingNetwork.xml (RunModel)" time="2.157" />
  <testcase classname="ptolemy.util.test.junit.AutoTests" name="[47] /home/travis/build/icyphy/ptII/ptolemy/domains/de/test/auto/OpenQueuingNetwork.xml (RunModel)" time="0.249" />
  <testcase classname="ptolemy.util.test.junit.AutoTests" name="[48] /home/travis/build/icyphy/ptII/ptolemy/domains/de/test/auto/PeriodicSampler.xml (RunModel)" time="0.007" />
  <testcase classname="ptolemy.util.test.junit.AutoTests" name="[49] /home/travis/build/icyphy/ptII/ptolemy/domains/de/test/auto/PersistentIO.xml (RunModel)" time="0.015" />
  <testcase classname="ptolemy.util.test.junit.AutoTests" name="[50] /home/travis/build/icyphy/ptII/ptolemy/domains/de/test/auto/PortParameterResetOnInitialize.xml (RunModel)" time="0.008" />
  <testcase classname="ptolemy.util.test.junit.AutoTests" name="[51] /home/travis/build/icyphy/ptII/ptolemy/domains/de/test/auto/PortParameterUpdates.xml (RunModel)" time="0.012" />
  <testcase classname="ptolemy.util.test.junit.AutoTests" name="[52] /home/travis/build/icyphy/ptII/ptolemy/domains/de/test/auto/QueueAndServer.xml (RunModel)" time="0.021" />
  <testcase classname="ptolemy.util.test.junit.AutoTests" name="[53] /home/travis/build/icyphy/ptII/ptolemy/domains/de/test/auto/Records.xml (RunModel)" time="0.019" />
  <testcase classname="ptolemy.util.test.junit.AutoTests" name="[54] /home/travis/build/icyphy/ptII/ptolemy/domains/de/test/auto/ResetTransitionWithStartTime1.xml (RunModel)" time="0.015" />
  <testcase classname="ptolemy.util.test.junit.AutoTests" name="[55] /home/travis/build/icyphy/ptII/ptolemy/domains/de/test/auto/ResetTransitionWithStartTime2.xml (RunModel)" time="0.017" />
  <testcase classname="ptolemy.util.test.junit.AutoTests" name="[56] /home/travis/build/icyphy/ptII/ptolemy/domains/de/test/auto/ResetTransitionWithStartTime3.xml (RunModel)" time="0.016" />
  <testcase classname="ptolemy.util.test.junit.AutoTests" name="[57] /home/travis/build/icyphy/ptII/ptolemy/domains/de/test/auto/ResetTransitionWithStartTime4.xml (RunModel)" time="0.018" />
  <testcase classname="ptolemy.util.test.junit.AutoTests" name="[58] /home/travis/build/icyphy/ptII/ptolemy/domains/de/test/auto/ResettableTimer1.xml (RunModel)" time="0.009" />
  <testcase classname="ptolemy.util.test.junit.AutoTests" name="[59] /home/travis/build/icyphy/ptII/ptolemy/domains/de/test/auto/ResettableTimer2.xml (RunModel)" time="0.009" />
  <testcase classname="ptolemy.util.test.junit.AutoTests" name="[60] /home/travis/build/icyphy/ptII/ptolemy/domains/de/test/auto/ResettableTimer3.xml (RunModel)" time="0.009" />
  <testcase classname="ptolemy.util.test.junit.AutoTests" name="[61] /home/travis/build/icyphy/ptII/ptolemy/domains/de/test/auto/ResettableTimer4.xml (RunModel)" time="0.008" />
  <testcase classname="ptolemy.util.test.junit.AutoTests" name="[62] /home/travis/build/icyphy/ptII/ptolemy/domains/de/test/auto/ResettableTimer5.xml (RunModel)" time="0.008" />
  <testcase classname="ptolemy.util.test.junit.AutoTests" name="[63] /home/travis/build/icyphy/ptII/ptolemy/domains/de/test/auto/ResettableTimer6.xml (RunModel)" time="0.016" />
  <testcase classname="ptolemy.util.test.junit.AutoTests" name="[64] /home/travis/build/icyphy/ptII/ptolemy/domains/de/test/auto/ServerZeroDelay.xml (RunModel)" time="0.01" />
  <testcase classname="ptolemy.util.test.junit.AutoTests" name="[65] /home/travis/build/icyphy/ptII/ptolemy/domains/de/test/auto/SmartSender.xml (RunModel)" time="3.007" />
  <testcase classname="ptolemy.util.test.junit.AutoTests" name="[66] /home/travis/build/icyphy/ptII/ptolemy/domains/de/test/auto/ThreadedComposite.xml (RunModel)" time="0.131" />
  <testcase classname="ptolemy.util.test.junit.AutoTests" name="[67] /home/travis/build/icyphy/ptII/ptolemy/domains/de/test/auto/Time.xml (RunModel)" time="0.399" />
  <testcase classname="ptolemy.util.test.junit.AutoTests" name="[68] /home/travis/build/icyphy/ptII/ptolemy/domains/de/test/auto/TimeDelayZeroDelay.xml (RunModel)" time="0.016" />
  <testcase classname="ptolemy.util.test.junit.AutoTests" name="[69] /home/travis/build/icyphy/ptII/ptolemy/domains/de/test/auto/TimerZeroDelay.xml (RunModel)" time="0.009" />
  <testcase classname="ptolemy.util.test.junit.AutoTests" name="[70] /home/travis/build/icyphy/ptII/ptolemy/domains/de/test/auto/TimingParadox.xml (RunModel)" time="0.315" />
  <testcase classname="ptolemy.util.test.junit.AutoTests" name="[71] /home/travis/build/icyphy/ptII/ptolemy/domains/de/test/auto/TransferInputs.xml (RunModel)" time="0.008" />
  <testcase classname="ptolemy.util.test.junit.AutoTests" name="[72] /home/travis/build/icyphy/ptII/ptolemy/domains/de/test/auto/TransferOutputs2.xml (RunModel)" time="0.014" />
  <testcase classname="ptolemy.util.test.junit.AutoTests" name="[73] /home/travis/build/icyphy/ptII/ptolemy/domains/de/test/auto/Trilateration.xml (RunModel)" time="10.868" />
  <testcase classname="ptolemy.util.test.junit.AutoTests" name="[74] /home/travis/build/icyphy/ptII/ptolemy/domains/de/test/auto/TwoSigmaDelta.xml (RunModel)" time="1.923" />
  <testcase classname="ptolemy.util.test.junit.AutoTests" name="[75] /home/travis/build/icyphy/ptII/ptolemy/domains/de/test/auto/VariableDelay.xml (RunModel)" time="0.016" />
  <testcase classname="ptolemy.util.test.junit.AutoTests" name="[76] /home/travis/build/icyphy/ptII/ptolemy/domains/de/test/auto/VariableDelay2.xml (RunModel)" time="0.008" />
  <testcase classname="ptolemy.util.test.junit.AutoTests" name="[77] /home/travis/build/icyphy/ptII/ptolemy/domains/de/test/auto/VariableDelayZeroDelay.xml (RunModel)" time="0.008" />
  <testcase classname="ptolemy.util.test.junit.AutoTests" name="[78] /home/travis/build/icyphy/ptII/ptolemy/domains/de/test/auto/VariableDelayZeroDelay2.xml (RunModel)" time="0.008" />
  <testcase classname="ptolemy.util.test.junit.AutoTests" name="[79] /home/travis/build/icyphy/ptII/ptolemy/domains/de/test/auto/deInCt.xml (RunModel)" time="0.016" />
  <testcase classname="ptolemy.util.test.junit.AutoTests" name="[80] /home/travis/build/icyphy/ptII/ptolemy/domains/de/test/auto/deInCt2.xml (RunModel)" time="0.013" />
  <testcase classname="ptolemy.util.test.junit.AutoTests" name="[81] /home/travis/build/icyphy/ptII/ptolemy/domains/de/test/auto/dynamicCausalityInterface1.xml (RunModel)" time="0.016" />
  <testcase classname="ptolemy.util.test.junit.AutoTests" name="[82] /home/travis/build/icyphy/ptII/ptolemy/domains/de/test/auto/fsm_de_test.xml (RunModel)" time="0.02" />
  <testcase classname="ptolemy.util.test.junit.AutoTests" name="[83] /home/travis/build/icyphy/ptII/ptolemy/domains/de/test/auto/functionDependencyReconstruction.xml (RunModel)" time="0.03" />
  <testcase classname="ptolemy.util.test.junit.AutoTests" name="[84] /home/travis/build/icyphy/ptII/ptolemy/domains/de/test/auto/multirate.xml (RunModel)" time="0.015" />
  <testcase classname="ptolemy.util.test.junit.AutoTests" name="[85] /home/travis/build/icyphy/ptII/ptolemy/domains/de/test/auto/multirate2.xml (RunModel)" time="0.013" />
  <testcase classname="ptolemy.util.test.junit.AutoTests" name="[86] /home/travis/build/icyphy/ptII/ptolemy/domains/de/test/auto/realtime.xml (RunModel)" time="10.009" />
  <testcase classname="ptolemy.util.test.junit.AutoTests" name="[87] /home/travis/build/icyphy/ptII/ptolemy/domains/de/test/auto/relationGroup.xml (RunModel)" time="0.008" />
  <testcase classname="ptolemy.util.test.junit.AutoTests" name="[88] /home/travis/build/icyphy/ptII/ptolemy/domains/de/test/auto/relationGroup2.xml (RunModel)" time="0.006" />
  <testcase classname="ptolemy.util.test.junit.AutoTests" name="[89] /home/travis/build/icyphy/ptII/ptolemy/domains/de/test/auto/sortWithOpaquePorts.xml (RunModel)" time="0.008" />
  <testcase classname="ptolemy.util.test.junit.AutoTests" name="[90] /home/travis/build/icyphy/ptII/ptolemy/domains/de/test/auto/transferInputsandOutputs.xml (RunModel)" time="0.013" />
  <testcase classname="ptolemy.util.test.junit.AutoTests" name="[91] /home/travis/build/icyphy/ptII/ptolemy/domains/de/test/auto/triggerType.xml (RunModel)" time="0.006" />
  <system-out><![CDATA[/home/travis/build/icyphy/ptII/ptolemy/domains/de/test/DependencyLoop.tcl
testDefs.tcl: setting time out to 9000 seconds at Wed May 23 13:10:52 UTC 2018
13 ms. Memory: 116224K Free: 94947K (82%)
10 ms. Memory: 146944K Free: 137826K (94%)
/home/travis/build/icyphy/ptII/ptolemy/domains/de/test/RunDETestsAsQSS.tcl
Run the DE tests using ptolemy.domains.qss.test.QSSDirectorTest, which extends QSSDirector and prints a message in the constructors.
------------------ testing $PTII/ptolemy/domains/de/test/auto/knownFailedTests/dependencyLoop.xml (Known Failure) 
10 ms. Memory: 146944K Free: 133550K (91%)


==== $PTIIhome/travis/build/icyphy/ptII/ptolemy/domains/de/test/../../../../: Auto Automatic test in file $PTII/ptolemy/domains/de/test/auto/knownFailedTests/dependencyLoop.xml
==== Contents of test case:

	    # FIXME: we should use $relativeFilename here, but it
	    # might have backslashes under Windows, which causes no end
	    # of trouble.
	    createAndExecute $file
	    list {}
	
.... Test generated KNOWN error:
    while executing
ptolemy.kernel.util.IllegalActionException: Found a zero delay loop containing .dependencyLoop.original
  in .dependencyLoop and .dependencyLoop.original
	at ptolemy.actor.util.CausalityInterfaceForComposites._computeOutputPortDepth(CausalityInterfaceForComposites.java:759)
	at ptolemy.actor.util.CausalityInterfaceForComposites._computeInputDepth(CausalityInterfaceForComposites.java:696)
	at ptolemy.actor.util.CausalityInterfaceForComposites._computeOutputPortDepth(CausalityInterfaceForComposites.java:765)
	at ptolemy.actor.util.CausalityInterfaceForComposites._computeInputDepth(CausalityInterfaceForComposites.java:696)
	at ptolemy.actor.util.CausalityInterfaceForComposites._computeOutputPortDepth(CausalityInterfaceForComposites.java:765)
	at ptolemy.actor.util.CausalityInterfaceForComposites._computeInputDepth(CausalityInterfaceForComposites.java:696)
	at ptolemy.actor.util.CausalityInterfaceForComposites._computeActorDepth(CausalityInterfaceForComposites.java:532)
	at ptolemy.actor.util.CausalityInterfaceForComposites.checkForCycles(CausalityInterfaceForComposites.java:96)
	at ptolemy.domains.de.kernel.DEDirector.preinitialize(DEDirector.java:1337)
	at ptolemy.actor.CompositeActor.preinitialize(CompositeActor.java:1828)
	at ptolemy.actor.Manager.preinitializeAndResolveTypes(Manager.java:1040)
	at ptolemy.actor.Manager.initialize(Manager.java:710)
	at ptolemy.actor.Manager.execute(Manager.java:356)
	at ptolemy.actor.Manager.run(Manager.java:1263)
	at ptolemy.actor.Manager$PtolemyRunThread.run(Manager.java:1915)

    while executing
ptolemy.kernel.util.IllegalActionException: Found a zero delay loop containing .dependencyLoop.original
  in .dependencyLoop and .dependencyLoop.original
    while executing
"java::new ptolemy.moml.MoMLSimpleApplication $file
"
    (procedure "createAndExecute" line 2)
    invoked from within
"createAndExecute $file"
    ("uplevel" body line 5)
    invoked from within
"uplevel $contents_of_test"
------------------ testing $PTII/ptolemy/domains/de/test/auto/knownFailedTests/DESDFClockTest.xml (Known Failure) 
2049 ms. Memory: 146944K Free: 117737K (80%)


==== $PTIIhome/travis/build/icyphy/ptII/ptolemy/domains/de/test/../../../../: Auto Automatic test in file $PTII/ptolemy/domains/de/test/auto/knownFailedTests/DESDFClockTest.xml
==== Contents of test case:

	    # FIXME: we should use $relativeFilename here, but it
	    # might have backslashes under Windows, which causes no end
	    # of trouble.
	    createAndExecute $file
	    list {}
	
.... Test generated KNOWN error:
    while executing
ptolemy.kernel.util.IllegalActionException: Actor is not ready to fire.  Perhaps UpSample.prefire() returned false? Try debugging the actor by selecting "Listen to Actor".  Also, for SDF check moml for tokenConsumptionRate on input.
  in .DESDFClockTest.Play Bell.Copy1:SDF Director and .DESDFClockTest.Play Bell.UpSample
	at ptolemy.actor.sched.StaticSchedulingDirector.fire(StaticSchedulingDirector.java:227)
	at ptolemy.domains.sdf.kernel.SDFDirector.fire(SDFDirector.java:500)
	at ptolemy.actor.CompositeActor.fire(CompositeActor.java:455)
	at ptolemy.domains.de.kernel.DEDirector._fire(DEDirector.java:1948)
	at ptolemy.domains.de.kernel.DEDirector.fire(DEDirector.java:502)
	at ptolemy.actor.CompositeActor.fire(CompositeActor.java:455)
	at ptolemy.actor.Manager.iterate(Manager.java:851)
	at ptolemy.actor.Manager.execute(Manager.java:369)
	at ptolemy.actor.Manager.run(Manager.java:1263)
	at ptolemy.actor.Manager$PtolemyRunThread.run(Manager.java:1915)

    while executing
ptolemy.kernel.util.IllegalActionException: Actor is not ready to fire.  Perhaps UpSample.prefire() returned false? Try debugging the actor by selecting "Listen to Actor".  Also, for SDF check moml for tokenConsumptionRate on input.
  in .DESDFClockTest.Play Bell.Copy1:SDF Director and .DESDFClockTest.Play Bell.UpSample
    while executing
"java::new ptolemy.moml.MoMLSimpleApplication $file
"
    (procedure "createAndExecute" line 2)
    invoked from within
"createAndExecute $file"
    ("uplevel" body line 5)
    invoked from within
"uplevel $contents_of_test"
------------------ testing $PTII/ptolemy/domains/de/test/auto/knownFailedTests/FSMSource.xml (Known Failure) 
25 ms. Memory: 146944K Free: 108754K (74%)
!!!! Auto was marked as failing, but now passes
------------------ testing $PTII/ptolemy/domains/de/test/auto/knownFailedTests/dependencyLoop2.xml (Known Failure) 
19 ms. Memory: 146944K Free: 106871K (73%)


==== $PTIIhome/travis/build/icyphy/ptII/ptolemy/domains/de/test/../../../../: Auto Automatic test in file $PTII/ptolemy/domains/de/test/auto/knownFailedTests/dependencyLoop2.xml
==== Contents of test case:

	    # FIXME: we should use $relativeFilename here, but it
	    # might have backslashes under Windows, which causes no end
	    # of trouble.
	    createAndExecute $file
	    list {}
	
.... Test generated KNOWN error:
    while executing
ptolemy.kernel.util.IllegalActionException: Found a zero delay loop containing .dependencyLoop2.original
  in .dependencyLoop2 and .dependencyLoop2.original
	at ptolemy.actor.util.CausalityInterfaceForComposites._computeOutputPortDepth(CausalityInterfaceForComposites.java:759)
	at ptolemy.actor.util.CausalityInterfaceForComposites._computeInputDepth(CausalityInterfaceForComposites.java:696)
	at ptolemy.actor.util.CausalityInterfaceForComposites._computeOutputPortDepth(CausalityInterfaceForComposites.java:765)
	at ptolemy.actor.util.CausalityInterfaceForComposites._computeInputDepth(CausalityInterfaceForComposites.java:696)
	at ptolemy.actor.util.CausalityInterfaceForComposites._computeOutputPortDepth(CausalityInterfaceForComposites.java:765)
	at ptolemy.actor.util.CausalityInterfaceForComposites._computeInputDepth(CausalityInterfaceForComposites.java:696)
	at ptolemy.actor.util.CausalityInterfaceForComposites._computeActorDepth(CausalityInterfaceForComposites.java:532)
	at ptolemy.actor.util.CausalityInterfaceForComposites.checkForCycles(CausalityInterfaceForComposites.java:96)
	at ptolemy.domains.de.kernel.DEDirector.preinitialize(DEDirector.java:1337)
	at ptolemy.actor.CompositeActor.preinitialize(CompositeActor.java:1828)
	at ptolemy.actor.Manager.preinitializeAndResolveTypes(Manager.java:1040)
	at ptolemy.actor.Manager.initialize(Manager.java:710)
	at ptolemy.actor.Manager.execute(Manager.java:356)
	at ptolemy.actor.Manager.run(Manager.java:1263)
	at ptolemy.actor.Manager$PtolemyRunThread.run(Manager.java:1915)

    while executing
ptolemy.kernel.util.IllegalActionException: Found a zero delay loop containing .dependencyLoop2.original
  in .dependencyLoop2 and .dependencyLoop2.original
    while executing
"java::new ptolemy.moml.MoMLSimpleApplication $file
"
    (procedure "createAndExecute" line 2)
    invoked from within
"createAndExecute $file"
    ("uplevel" body line 5)
    invoked from within
"uplevel $contents_of_test"
------------------ testing $PTII/ptolemy/domains/de/test/auto/knownFailedTests/HierarchicalModel.xml (Known Failure) 
8 ms. Memory: 146944K Free: 86339K (59%)


==== $PTIIhome/travis/build/icyphy/ptII/ptolemy/domains/de/test/../../../../: Auto Automatic test in file $PTII/ptolemy/domains/de/test/auto/knownFailedTests/HierarchicalModel.xml
==== Contents of test case:

	    # FIXME: we should use $relativeFilename here, but it
	    # might have backslashes under Windows, which causes no end
	    # of trouble.
	    createAndExecute $file
	    list {}
	
.... Test generated KNOWN error:
    while executing
ptolemy.kernel.util.IllegalActionException: Found a zero delay loop containing .HierarchicalModel.A
  in .HierarchicalModel and .HierarchicalModel.A
	at ptolemy.actor.util.CausalityInterfaceForComposites._computeOutputPortDepth(CausalityInterfaceForComposites.java:759)
	at ptolemy.actor.util.CausalityInterfaceForComposites._computeInputDepth(CausalityInterfaceForComposites.java:696)
	at ptolemy.actor.util.CausalityInterfaceForComposites._computeOutputPortDepth(CausalityInterfaceForComposites.java:765)
	at ptolemy.actor.util.CausalityInterfaceForComposites._computeInputDepth(CausalityInterfaceForComposites.java:696)
	at ptolemy.actor.util.CausalityInterfaceForComposites._computeOutputPortDepth(CausalityInterfaceForComposites.java:765)
	at ptolemy.actor.util.CausalityInterfaceForComposites._computeInputDepth(CausalityInterfaceForComposites.java:696)
	at ptolemy.actor.util.CausalityInterfaceForComposites._computeActorDepth(CausalityInterfaceForComposites.java:532)
	at ptolemy.actor.util.CausalityInterfaceForComposites.checkForCycles(CausalityInterfaceForComposites.java:96)
	at ptolemy.domains.de.kernel.DEDirector.preinitialize(DEDirector.java:1337)
	at ptolemy.actor.CompositeActor.preinitialize(CompositeActor.java:1828)
	at ptolemy.actor.Manager.preinitializeAndResolveTypes(Manager.java:1040)
	at ptolemy.actor.Manager.initialize(Manager.java:710)
	at ptolemy.actor.Manager.execute(Manager.java:356)
	at ptolemy.actor.Manager.run(Manager.java:1263)
	at ptolemy.actor.Manager$PtolemyRunThread.run(Manager.java:1915)

    while executing
ptolemy.kernel.util.IllegalActionException: Found a zero delay loop containing .HierarchicalModel.A
  in .HierarchicalModel and .HierarchicalModel.A
    while executing
"java::new ptolemy.moml.MoMLSimpleApplication $file
"
    (procedure "createAndExecute" line 2)
    invoked from within
"createAndExecute $file"
    ("uplevel" body line 5)
    invoked from within
"uplevel $contents_of_test"
------------------ testing $PTII/ptolemy/domains/de/test/auto/knownFailedTests/DirectFeedback.xml (Known Failure) 
8 ms. Memory: 146944K Free: 82154K (56%)


==== $PTIIhome/travis/build/icyphy/ptII/ptolemy/domains/de/test/../../../../: Auto Automatic test in file $PTII/ptolemy/domains/de/test/auto/knownFailedTests/DirectFeedback.xml
==== Contents of test case:

	    # FIXME: we should use $relativeFilename here, but it
	    # might have backslashes under Windows, which causes no end
	    # of trouble.
	    createAndExecute $file
	    list {}
	
.... Test generated KNOWN error:
    while executing
ptolemy.kernel.util.IllegalActionException: Test fails in iteration 1.
Value was: 1.0. Should have been: 2.0
  in .DirectFeedback.Test
	at ptolemy.actor.lib.Test.fire(Test.java:268)
	at ptolemy.domains.de.kernel.DEDirector._fire(DEDirector.java:1948)
	at ptolemy.domains.de.kernel.DEDirector.fire(DEDirector.java:502)
	at ptolemy.actor.CompositeActor.fire(CompositeActor.java:455)
	at ptolemy.actor.Manager.iterate(Manager.java:851)
	at ptolemy.actor.Manager.execute(Manager.java:369)
	at ptolemy.actor.Manager.run(Manager.java:1263)
	at ptolemy.actor.Manager$PtolemyRunThread.run(Manager.java:1915)

    while executing
ptolemy.kernel.util.IllegalActionException: Test fails in iteration 1.
Value was: 1.0. Should have been: 2.0
  in .DirectFeedback.Test
    while executing
"java::new ptolemy.moml.MoMLSimpleApplication $file
"
    (procedure "createAndExecute" line 2)
    invoked from within
"createAndExecute $file"
    ("uplevel" body line 5)
    invoked from within
"uplevel $contents_of_test"
------------------ testing $PTII/ptolemy/domains/de/test/auto/ActorDepthCalculation_actorWithoutPorts.xml
auto.tcl: Setting watchdog for 200 seconds at Wed May 23 13:10:55 UTC 2018
4 ms. Memory: 146944K Free: 134903K (92%)
ptolemy.util.test.WatchDog.cancel(): canceling Wed May 23 13:10:55 UTC 2018
auto.tcl: Setting watchdog for 200 seconds at Wed May 23 13:10:55 UTC 2018
4 ms. Memory: 146944K Free: 132854K (90%)
ptolemy.util.test.WatchDog.cancel(): canceling Wed May 23 13:10:55 UTC 2018
------------------ testing $PTII/ptolemy/domains/de/test/auto/AssemblyLine.xml
auto.tcl: Setting watchdog for 200 seconds at Wed May 23 13:10:55 UTC 2018
10 ms. Memory: 208384K Free: 183102K (88%)
ptolemy.util.test.WatchDog.cancel(): canceling Wed May 23 13:10:55 UTC 2018
auto.tcl: Setting watchdog for 200 seconds at Wed May 23 13:10:55 UTC 2018
15 ms. Memory: 208384K Free: 183102K (88%)
ptolemy.util.test.WatchDog.cancel(): canceling Wed May 23 13:10:55 UTC 2018
------------------ testing $PTII/ptolemy/domains/de/test/auto/CQBug1.xml
auto.tcl: Setting watchdog for 200 seconds at Wed May 23 13:10:55 UTC 2018
3 ms. Memory: 208384K Free: 197636K (95%)
ptolemy.util.test.WatchDog.cancel(): canceling Wed May 23 13:10:55 UTC 2018
auto.tcl: Setting watchdog for 200 seconds at Wed May 23 13:10:55 UTC 2018
2 ms. Memory: 208384K Free: 197636K (95%)
ptolemy.util.test.WatchDog.cancel(): canceling Wed May 23 13:10:55 UTC 2018
------------------ testing $PTII/ptolemy/domains/de/test/auto/CancelFireAt.xml
auto.tcl: Setting watchdog for 200 seconds at Wed May 23 13:10:55 UTC 2018
4 ms. Memory: 208384K Free: 201389K (97%)
ptolemy.util.test.WatchDog.cancel(): canceling Wed May 23 13:10:55 UTC 2018
auto.tcl: Setting watchdog for 200 seconds at Wed May 23 13:10:55 UTC 2018
2 ms. Memory: 208384K Free: 199251K (96%)
ptolemy.util.test.WatchDog.cancel(): canceling Wed May 23 13:10:55 UTC 2018
------------------ testing $PTII/ptolemy/domains/de/test/auto/CausalityAndComposabilityAnalysis.xml
auto.tcl: Setting watchdog for 200 seconds at Wed May 23 13:10:55 UTC 2018
21 ms. Memory: 208384K Free: 198511K (95%)
ptolemy.util.test.WatchDog.cancel(): canceling Wed May 23 13:10:56 UTC 2018
auto.tcl: Setting watchdog for 200 seconds at Wed May 23 13:10:56 UTC 2018
13 ms. Memory: 208384K Free: 196372K (94%)
ptolemy.util.test.WatchDog.cancel(): canceling Wed May 23 13:10:56 UTC 2018
------------------ testing $PTII/ptolemy/domains/de/test/auto/CausalityInterface1.xml
auto.tcl: Setting watchdog for 200 seconds at Wed May 23 13:10:56 UTC 2018
13 ms. Memory: 208384K Free: 196310K (94%)
ptolemy.util.test.WatchDog.cancel(): canceling Wed May 23 13:10:56 UTC 2018
auto.tcl: Setting watchdog for 200 seconds at Wed May 23 13:10:56 UTC 2018
4 ms. Memory: 208384K Free: 196310K (94%)
ptolemy.util.test.WatchDog.cancel(): canceling Wed May 23 13:10:56 UTC 2018
------------------ testing $PTII/ptolemy/domains/de/test/auto/CausalityInterface15.xml
auto.tcl: Setting watchdog for 200 seconds at Wed May 23 13:10:56 UTC 2018
22 ms. Memory: 208384K Free: 196301K (94%)
ptolemy.util.test.WatchDog.cancel(): canceling Wed May 23 13:10:56 UTC 2018
auto.tcl: Setting watchdog for 200 seconds at Wed May 23 13:10:56 UTC 2018
3 ms. Memory: 208384K Free: 196301K (94%)
ptolemy.util.test.WatchDog.cancel(): canceling Wed May 23 13:10:56 UTC 2018
------------------ testing $PTII/ptolemy/domains/de/test/auto/CausalityInterface2.xml
auto.tcl: Setting watchdog for 200 seconds at Wed May 23 13:10:56 UTC 2018
3 ms. Memory: 208384K Free: 196283K (94%)
ptolemy.util.test.WatchDog.cancel(): canceling Wed May 23 13:10:56 UTC 2018
auto.tcl: Setting watchdog for 200 seconds at Wed May 23 13:10:56 UTC 2018
3 ms. Memory: 208384K Free: 196283K (94%)
ptolemy.util.test.WatchDog.cancel(): canceling Wed May 23 13:10:56 UTC 2018
------------------ testing $PTII/ptolemy/domains/de/test/auto/CausalityInterface3.xml
auto.tcl: Setting watchdog for 200 seconds at Wed May 23 13:10:56 UTC 2018
7 ms. Memory: 208384K Free: 196297K (94%)
ptolemy.util.test.WatchDog.cancel(): canceling Wed May 23 13:10:56 UTC 2018
auto.tcl: Setting watchdog for 200 seconds at Wed May 23 13:10:56 UTC 2018
4 ms. Memory: 208384K Free: 196297K (94%)
ptolemy.util.test.WatchDog.cancel(): canceling Wed May 23 13:10:56 UTC 2018
------------------ testing $PTII/ptolemy/domains/de/test/auto/ClockDrift.xml
auto.tcl: Setting watchdog for 200 seconds at Wed May 23 13:10:56 UTC 2018
85 ms. Memory: 208384K Free: 187413K (90%)
ptolemy.util.test.WatchDog.cancel(): canceling Wed May 23 13:10:56 UTC 2018
auto.tcl: Setting watchdog for 200 seconds at Wed May 23 13:10:56 UTC 2018
53 ms. Memory: 208384K Free: 185275K (89%)
ptolemy.util.test.WatchDog.cancel(): canceling Wed May 23 13:10:56 UTC 2018
------------------ testing $PTII/ptolemy/domains/de/test/auto/ClockDriftAndValueChange.xml
auto.tcl: Setting watchdog for 200 seconds at Wed May 23 13:10:56 UTC 2018
43 ms. Memory: 208384K Free: 187248K (90%)
ptolemy.util.test.WatchDog.cancel(): canceling Wed May 23 13:10:56 UTC 2018
auto.tcl: Setting watchdog for 200 seconds at Wed May 23 13:10:56 UTC 2018
30 ms. Memory: 208384K Free: 185110K (89%)
ptolemy.util.test.WatchDog.cancel(): canceling Wed May 23 13:10:56 UTC 2018
------------------ testing $PTII/ptolemy/domains/de/test/auto/ClockDriftChange.xml
auto.tcl: Setting watchdog for 200 seconds at Wed May 23 13:10:56 UTC 2018
31 ms. Memory: 208384K Free: 190615K (91%)
ptolemy.util.test.WatchDog.cancel(): canceling Wed May 23 13:10:57 UTC 2018
auto.tcl: Setting watchdog for 200 seconds at Wed May 23 13:10:57 UTC 2018
26 ms. Memory: 208384K Free: 188477K (90%)
ptolemy.util.test.WatchDog.cancel(): canceling Wed May 23 13:10:57 UTC 2018
------------------ testing $PTII/ptolemy/domains/de/test/auto/ComposableCausalityAnalysis.xml
auto.tcl: Setting watchdog for 200 seconds at Wed May 23 13:10:57 UTC 2018
2 ms. Memory: 208384K Free: 196159K (94%)
ptolemy.util.test.WatchDog.cancel(): canceling Wed May 23 13:10:57 UTC 2018
auto.tcl: Setting watchdog for 200 seconds at Wed May 23 13:10:57 UTC 2018
2 ms. Memory: 208384K Free: 196159K (94%)
ptolemy.util.test.WatchDog.cancel(): canceling Wed May 23 13:10:57 UTC 2018
------------------ testing $PTII/ptolemy/domains/de/test/auto/DEFixedPointLimitation.xml
auto.tcl: Setting watchdog for 200 seconds at Wed May 23 13:10:57 UTC 2018
2 ms. Memory: 208384K Free: 198377K (95%)
ptolemy.util.test.WatchDog.cancel(): canceling Wed May 23 13:10:57 UTC 2018
auto.tcl: Setting watchdog for 200 seconds at Wed May 23 13:10:57 UTC 2018
1 ms. Memory: 208384K Free: 196238K (94%)
ptolemy.util.test.WatchDog.cancel(): canceling Wed May 23 13:10:57 UTC 2018
------------------ testing $PTII/ptolemy/domains/de/test/auto/DEScheduleTest.xml
auto.tcl: Setting watchdog for 200 seconds at Wed May 23 13:10:57 UTC 2018
5 ms. Memory: 208384K Free: 198413K (95%)
ptolemy.util.test.WatchDog.cancel(): canceling Wed May 23 13:10:57 UTC 2018
auto.tcl: Setting watchdog for 200 seconds at Wed May 23 13:10:57 UTC 2018
3 ms. Memory: 208384K Free: 196275K (94%)
ptolemy.util.test.WatchDog.cancel(): canceling Wed May 23 13:10:57 UTC 2018
------------------ testing $PTII/ptolemy/domains/de/test/auto/DEinDEwithStartTimes.xml
auto.tcl: Setting watchdog for 200 seconds at Wed May 23 13:10:57 UTC 2018
3 ms. Memory: 208384K Free: 196244K (94%)
ptolemy.util.test.WatchDog.cancel(): canceling Wed May 23 13:10:57 UTC 2018
auto.tcl: Setting watchdog for 200 seconds at Wed May 23 13:10:57 UTC 2018
3 ms. Memory: 208384K Free: 194105K (93%)
ptolemy.util.test.WatchDog.cancel(): canceling Wed May 23 13:10:57 UTC 2018
------------------ testing $PTII/ptolemy/domains/de/test/auto/DEinDEwithStartTimes2.xml
auto.tcl: Setting watchdog for 200 seconds at Wed May 23 13:10:57 UTC 2018
4 ms. Memory: 208384K Free: 196562K (94%)
ptolemy.util.test.WatchDog.cancel(): canceling Wed May 23 13:10:57 UTC 2018
auto.tcl: Setting watchdog for 200 seconds at Wed May 23 13:10:57 UTC 2018
4 ms. Memory: 208384K Free: 194086K (93%)
ptolemy.util.test.WatchDog.cancel(): canceling Wed May 23 13:10:57 UTC 2018
------------------ testing $PTII/ptolemy/domains/de/test/auto/DateDemo.xml
auto.tcl: Setting watchdog for 200 seconds at Wed May 23 13:10:57 UTC 2018
7 ms. Memory: 208384K Free: 188538K (90%)
ptolemy.util.test.WatchDog.cancel(): canceling Wed May 23 13:10:57 UTC 2018
auto.tcl: Setting watchdog for 200 seconds at Wed May 23 13:10:57 UTC 2018
10 ms. Memory: 208384K Free: 186400K (89%)
ptolemy.util.test.WatchDog.cancel(): canceling Wed May 23 13:10:57 UTC 2018
------------------ testing $PTII/ptolemy/domains/de/test/auto/DateToEvent.xml
auto.tcl: Setting watchdog for 200 seconds at Wed May 23 13:10:57 UTC 2018
2009 ms. Memory: 208384K Free: 183129K (88%)
ptolemy.util.test.WatchDog.cancel(): canceling Wed May 23 13:10:59 UTC 2018
auto.tcl: Setting watchdog for 200 seconds at Wed May 23 13:10:59 UTC 2018
2004 ms. Memory: 208384K Free: 183129K (88%)
ptolemy.util.test.WatchDog.cancel(): canceling Wed May 23 13:11:01 UTC 2018
------------------ testing $PTII/ptolemy/domains/de/test/auto/DepthTest1.xml
auto.tcl: Setting watchdog for 200 seconds at Wed May 23 13:11:01 UTC 2018
3 ms. Memory: 208384K Free: 197942K (95%)
ptolemy.util.test.WatchDog.cancel(): canceling Wed May 23 13:11:01 UTC 2018
auto.tcl: Setting watchdog for 200 seconds at Wed May 23 13:11:01 UTC 2018
2 ms. Memory: 208384K Free: 197942K (95%)
ptolemy.util.test.WatchDog.cancel(): canceling Wed May 23 13:11:01 UTC 2018
------------------ testing $PTII/ptolemy/domains/de/test/auto/DepthTest2.xml
auto.tcl: Setting watchdog for 200 seconds at Wed May 23 13:11:01 UTC 2018
5 ms. Memory: 208384K Free: 191640K (92%)
ptolemy.util.test.WatchDog.cancel(): canceling Wed May 23 13:11:01 UTC 2018
auto.tcl: Setting watchdog for 200 seconds at Wed May 23 13:11:01 UTC 2018
2 ms. Memory: 208384K Free: 191640K (92%)
ptolemy.util.test.WatchDog.cancel(): canceling Wed May 23 13:11:01 UTC 2018
------------------ testing $PTII/ptolemy/domains/de/test/auto/DepthTest3.xml
auto.tcl: Setting watchdog for 200 seconds at Wed May 23 13:11:01 UTC 2018
2 ms. Memory: 208384K Free: 198614K (95%)
ptolemy.util.test.WatchDog.cancel(): canceling Wed May 23 13:11:01 UTC 2018
auto.tcl: Setting watchdog for 200 seconds at Wed May 23 13:11:01 UTC 2018
1 ms. Memory: 208384K Free: 198614K (95%)
ptolemy.util.test.WatchDog.cancel(): canceling Wed May 23 13:11:01 UTC 2018
------------------ testing $PTII/ptolemy/domains/de/test/auto/DepthTest4.xml
auto.tcl: Setting watchdog for 200 seconds at Wed May 23 13:11:01 UTC 2018
3 ms. Memory: 208384K Free: 196226K (94%)
ptolemy.util.test.WatchDog.cancel(): canceling Wed May 23 13:11:02 UTC 2018
auto.tcl: Setting watchdog for 200 seconds at Wed May 23 13:11:02 UTC 2018
2 ms. Memory: 208384K Free: 196226K (94%)
ptolemy.util.test.WatchDog.cancel(): canceling Wed May 23 13:11:02 UTC 2018
------------------ testing $PTII/ptolemy/domains/de/test/auto/DepthTest5.xml
auto.tcl: Setting watchdog for 200 seconds at Wed May 23 13:11:02 UTC 2018
4 ms. Memory: 208384K Free: 196173K (94%)
ptolemy.util.test.WatchDog.cancel(): canceling Wed May 23 13:11:02 UTC 2018
auto.tcl: Setting watchdog for 200 seconds at Wed May 23 13:11:02 UTC 2018
2 ms. Memory: 208384K Free: 196173K (94%)
ptolemy.util.test.WatchDog.cancel(): canceling Wed May 23 13:11:02 UTC 2018
------------------ testing $PTII/ptolemy/domains/de/test/auto/DepthTest6.xml
auto.tcl: Setting watchdog for 200 seconds at Wed May 23 13:11:02 UTC 2018
6 ms. Memory: 208384K Free: 196486K (94%)
ptolemy.util.test.WatchDog.cancel(): canceling Wed May 23 13:11:02 UTC 2018
auto.tcl: Setting watchdog for 200 seconds at Wed May 23 13:11:02 UTC 2018
3 ms. Memory: 208384K Free: 196486K (94%)
ptolemy.util.test.WatchDog.cancel(): canceling Wed May 23 13:11:02 UTC 2018
------------------ testing $PTII/ptolemy/domains/de/test/auto/DepthTest7.xml
auto.tcl: Setting watchdog for 200 seconds at Wed May 23 13:11:02 UTC 2018
2 ms. Memory: 208384K Free: 196130K (94%)
ptolemy.util.test.WatchDog.cancel(): canceling Wed May 23 13:11:02 UTC 2018
auto.tcl: Setting watchdog for 200 seconds at Wed May 23 13:11:02 UTC 2018
2 ms. Memory: 208384K Free: 196130K (94%)
ptolemy.util.test.WatchDog.cancel(): canceling Wed May 23 13:11:02 UTC 2018
------------------ testing $PTII/ptolemy/domains/de/test/auto/EventToDate.xml
auto.tcl: Setting watchdog for 200 seconds at Wed May 23 13:11:02 UTC 2018
3007 ms. Memory: 208384K Free: 187598K (90%)
ptolemy.util.test.WatchDog.cancel(): canceling Wed May 23 13:11:05 UTC 2018
auto.tcl: Setting watchdog for 200 seconds at Wed May 23 13:11:05 UTC 2018
3004 ms. Memory: 208384K Free: 185459K (89%)
ptolemy.util.test.WatchDog.cancel(): canceling Wed May 23 13:11:08 UTC 2018
------------------ testing $PTII/ptolemy/domains/de/test/auto/FSM1.xml
auto.tcl: Setting watchdog for 200 seconds at Wed May 23 13:11:08 UTC 2018
15 ms. Memory: 208384K Free: 189105K (91%)
ptolemy.util.test.WatchDog.cancel(): canceling Wed May 23 13:11:08 UTC 2018
auto.tcl: Setting watchdog for 200 seconds at Wed May 23 13:11:08 UTC 2018
13 ms. Memory: 208384K Free: 184828K (89%)
ptolemy.util.test.WatchDog.cancel(): canceling Wed May 23 13:11:08 UTC 2018
------------------ testing $PTII/ptolemy/domains/de/test/auto/FSM7.xml
auto.tcl: Setting watchdog for 200 seconds at Wed May 23 13:11:08 UTC 2018
22 ms. Memory: 208384K Free: 187169K (90%)
ptolemy.util.test.WatchDog.cancel(): canceling Wed May 23 13:11:08 UTC 2018
auto.tcl: Setting watchdog for 200 seconds at Wed May 23 13:11:08 UTC 2018
11 ms. Memory: 208384K Free: 185030K (89%)
ptolemy.util.test.WatchDog.cancel(): canceling Wed May 23 13:11:08 UTC 2018
------------------ testing $PTII/ptolemy/domains/de/test/auto/Inspection.xml
auto.tcl: Setting watchdog for 200 seconds at Wed May 23 13:11:08 UTC 2018
19 ms. Memory: 208384K Free: 188719K (91%)
ptolemy.util.test.WatchDog.cancel(): canceling Wed May 23 13:11:08 UTC 2018
auto.tcl: Setting watchdog for 200 seconds at Wed May 23 13:11:08 UTC 2018
20 ms. Memory: 208384K Free: 186580K (90%)
ptolemy.util.test.WatchDog.cancel(): canceling Wed May 23 13:11:08 UTC 2018
------------------ testing $PTII/ptolemy/domains/de/test/auto/Iteration.xml
auto.tcl: Setting watchdog for 200 seconds at Wed May 23 13:11:08 UTC 2018
22 ms. Memory: 208384K Free: 196272K (94%)
ptolemy.util.test.WatchDog.cancel(): canceling Wed May 23 13:11:08 UTC 2018
auto.tcl: Setting watchdog for 200 seconds at Wed May 23 13:11:08 UTC 2018
6 ms. Memory: 208384K Free: 194134K (93%)
ptolemy.util.test.WatchDog.cancel(): canceling Wed May 23 13:11:08 UTC 2018
------------------ testing $PTII/ptolemy/domains/de/test/auto/LineFault.xml
auto.tcl: Setting watchdog for 200 seconds at Wed May 23 13:11:08 UTC 2018
689 ms. Memory: 208384K Free: 194852K (94%)
ptolemy.util.test.WatchDog.cancel(): canceling Wed May 23 13:11:09 UTC 2018
auto.tcl: Setting watchdog for 200 seconds at Wed May 23 13:11:09 UTC 2018
521 ms. Memory: 208384K Free: 138308K (66%)
ptolemy.util.test.WatchDog.cancel(): canceling Wed May 23 13:11:10 UTC 2018
------------------ testing $PTII/ptolemy/domains/de/test/auto/MergeModel1Add.xml
auto.tcl: Setting watchdog for 200 seconds at Wed May 23 13:11:10 UTC 2018
25 ms. Memory: 331264K Free: 302819K (91%)
ptolemy.util.test.WatchDog.cancel(): canceling Wed May 23 13:11:10 UTC 2018
auto.tcl: Setting watchdog for 200 seconds at Wed May 23 13:11:10 UTC 2018
9 ms. Memory: 331264K Free: 298861K (90%)
ptolemy.util.test.WatchDog.cancel(): canceling Wed May 23 13:11:10 UTC 2018
------------------ testing $PTII/ptolemy/domains/de/test/auto/MergeModel2Add.xml
auto.tcl: Setting watchdog for 200 seconds at Wed May 23 13:11:10 UTC 2018
9 ms. Memory: 331264K Free: 304158K (92%)
ptolemy.util.test.WatchDog.cancel(): canceling Wed May 23 13:11:10 UTC 2018
auto.tcl: Setting watchdog for 200 seconds at Wed May 23 13:11:10 UTC 2018
6 ms. Memory: 331264K Free: 300215K (91%)
ptolemy.util.test.WatchDog.cancel(): canceling Wed May 23 13:11:10 UTC 2018
------------------ testing $PTII/ptolemy/domains/de/test/auto/MergeModel3Add.xml
auto.tcl: Setting watchdog for 200 seconds at Wed May 23 13:11:10 UTC 2018
9 ms. Memory: 331264K Free: 304185K (92%)
ptolemy.util.test.WatchDog.cancel(): canceling Wed May 23 13:11:10 UTC 2018
auto.tcl: Setting watchdog for 200 seconds at Wed May 23 13:11:10 UTC 2018
9 ms. Memory: 331264K Free: 300226K (91%)
ptolemy.util.test.WatchDog.cancel(): canceling Wed May 23 13:11:10 UTC 2018
------------------ testing $PTII/ptolemy/domains/de/test/auto/MergeWithoutDiscard.xml
auto.tcl: Setting watchdog for 200 seconds at Wed May 23 13:11:10 UTC 2018
7 ms. Memory: 331264K Free: 316280K (95%)
ptolemy.util.test.WatchDog.cancel(): canceling Wed May 23 13:11:10 UTC 2018
auto.tcl: Setting watchdog for 200 seconds at Wed May 23 13:11:10 UTC 2018
2 ms. Memory: 331264K Free: 316280K (95%)
ptolemy.util.test.WatchDog.cancel(): canceling Wed May 23 13:11:10 UTC 2018
------------------ testing $PTII/ptolemy/domains/de/test/auto/Modal1.xml
auto.tcl: Setting watchdog for 200 seconds at Wed May 23 13:11:10 UTC 2018
10 ms. Memory: 331264K Free: 309909K (94%)
ptolemy.util.test.WatchDog.cancel(): canceling Wed May 23 13:11:10 UTC 2018
auto.tcl: Setting watchdog for 200 seconds at Wed May 23 13:11:10 UTC 2018
11 ms. Memory: 331264K Free: 305966K (92%)
ptolemy.util.test.WatchDog.cancel(): canceling Wed May 23 13:11:10 UTC 2018
------------------ testing $PTII/ptolemy/domains/de/test/auto/Modal2.xml
auto.tcl: Setting watchdog for 200 seconds at Wed May 23 13:11:10 UTC 2018
14 ms. Memory: 331264K Free: 309773K (94%)
ptolemy.util.test.WatchDog.cancel(): canceling Wed May 23 13:11:10 UTC 2018
auto.tcl: Setting watchdog for 200 seconds at Wed May 23 13:11:10 UTC 2018
17 ms. Memory: 331264K Free: 305831K (92%)
ptolemy.util.test.WatchDog.cancel(): canceling Wed May 23 13:11:10 UTC 2018
------------------ testing $PTII/ptolemy/domains/de/test/auto/Modal3.xml
auto.tcl: Setting watchdog for 200 seconds at Wed May 23 13:11:11 UTC 2018
8 ms. Memory: 331264K Free: 309749K (94%)
ptolemy.util.test.WatchDog.cancel(): canceling Wed May 23 13:11:11 UTC 2018
auto.tcl: Setting watchdog for 200 seconds at Wed May 23 13:11:11 UTC 2018
10 ms. Memory: 331264K Free: 305790K (92%)
ptolemy.util.test.WatchDog.cancel(): canceling Wed May 23 13:11:11 UTC 2018
------------------ testing $PTII/ptolemy/domains/de/test/auto/Modal4.xml
auto.tcl: Setting watchdog for 200 seconds at Wed May 23 13:11:11 UTC 2018
23 ms. Memory: 331264K Free: 309778K (94%)
ptolemy.util.test.WatchDog.cancel(): canceling Wed May 23 13:11:11 UTC 2018
auto.tcl: Setting watchdog for 200 seconds at Wed May 23 13:11:11 UTC 2018
16 ms. Memory: 331264K Free: 305827K (92%)
ptolemy.util.test.WatchDog.cancel(): canceling Wed May 23 13:11:11 UTC 2018
------------------ testing $PTII/ptolemy/domains/de/test/auto/Modal5.xml
auto.tcl: Setting watchdog for 200 seconds at Wed May 23 13:11:11 UTC 2018
17 ms. Memory: 331264K Free: 309780K (94%)
ptolemy.util.test.WatchDog.cancel(): canceling Wed May 23 13:11:11 UTC 2018
auto.tcl: Setting watchdog for 200 seconds at Wed May 23 13:11:11 UTC 2018
11 ms. Memory: 331264K Free: 305822K (92%)
ptolemy.util.test.WatchDog.cancel(): canceling Wed May 23 13:11:11 UTC 2018
------------------ testing $PTII/ptolemy/domains/de/test/auto/Modal6.xml
auto.tcl: Setting watchdog for 200 seconds at Wed May 23 13:11:11 UTC 2018
13 ms. Memory: 331264K Free: 309762K (94%)
ptolemy.util.test.WatchDog.cancel(): canceling Wed May 23 13:11:11 UTC 2018
auto.tcl: Setting watchdog for 200 seconds at Wed May 23 13:11:11 UTC 2018
10 ms. Memory: 331264K Free: 305819K (92%)
ptolemy.util.test.WatchDog.cancel(): canceling Wed May 23 13:11:11 UTC 2018
------------------ testing $PTII/ptolemy/domains/de/test/auto/Modal7.xml
auto.tcl: Setting watchdog for 200 seconds at Wed May 23 13:11:11 UTC 2018
9 ms. Memory: 331264K Free: 309755K (94%)
ptolemy.util.test.WatchDog.cancel(): canceling Wed May 23 13:11:11 UTC 2018
auto.tcl: Setting watchdog for 200 seconds at Wed May 23 13:11:11 UTC 2018
9 ms. Memory: 331264K Free: 305811K (92%)
ptolemy.util.test.WatchDog.cancel(): canceling Wed May 23 13:11:11 UTC 2018
------------------ testing $PTII/ptolemy/domains/de/test/auto/ModalModel.xml
auto.tcl: Setting watchdog for 200 seconds at Wed May 23 13:11:11 UTC 2018
150 ms. Memory: 331264K Free: 246003K (74%)
ptolemy.util.test.WatchDog.cancel(): canceling Wed May 23 13:11:11 UTC 2018
auto.tcl: Setting watchdog for 200 seconds at Wed May 23 13:11:11 UTC 2018
170 ms. Memory: 331264K Free: 190692K (58%)
ptolemy.util.test.WatchDog.cancel(): canceling Wed May 23 13:11:11 UTC 2018
------------------ testing $PTII/ptolemy/domains/de/test/auto/ModalSource.xml
auto.tcl: Setting watchdog for 200 seconds at Wed May 23 13:11:11 UTC 2018
9 ms. Memory: 331264K Free: 316554K (96%)
ptolemy.util.test.WatchDog.cancel(): canceling Wed May 23 13:11:11 UTC 2018
auto.tcl: Setting watchdog for 200 seconds at Wed May 23 13:11:11 UTC 2018
6 ms. Memory: 331264K Free: 313027K (94%)
ptolemy.util.test.WatchDog.cancel(): canceling Wed May 23 13:11:11 UTC 2018
------------------ testing $PTII/ptolemy/domains/de/test/auto/NonInterruptibleTimerZeroDelay.xml
auto.tcl: Setting watchdog for 200 seconds at Wed May 23 13:11:12 UTC 2018
3 ms. Memory: 331264K Free: 320910K (97%)
ptolemy.util.test.WatchDog.cancel(): canceling Wed May 23 13:11:12 UTC 2018
auto.tcl: Setting watchdog for 200 seconds at Wed May 23 13:11:12 UTC 2018
2 ms. Memory: 331264K Free: 317392K (96%)
ptolemy.util.test.WatchDog.cancel(): canceling Wed May 23 13:11:12 UTC 2018
------------------ testing $PTII/ptolemy/domains/de/test/auto/OpenQueueingNetwork.xml
auto.tcl: Setting watchdog for 200 seconds at Wed May 23 13:11:12 UTC 2018
2512 ms. Memory: 573952K Free: 414293K (72%)
ptolemy.util.test.WatchDog.cancel(): canceling Wed May 23 13:11:14 UTC 2018
auto.tcl: Setting watchdog for 200 seconds at Wed May 23 13:11:14 UTC 2018
2347 ms. Memory: 550912K Free: 306538K (56%)
ptolemy.util.test.WatchDog.cancel(): canceling Wed May 23 13:11:17 UTC 2018
------------------ testing $PTII/ptolemy/domains/de/test/auto/OpenQueuingNetwork.xml
auto.tcl: Setting watchdog for 200 seconds at Wed May 23 13:11:17 UTC 2018
221 ms. Memory: 549888K Free: 444673K (81%)
ptolemy.util.test.WatchDog.cancel(): canceling Wed May 23 13:11:17 UTC 2018
auto.tcl: Setting watchdog for 200 seconds at Wed May 23 13:11:17 UTC 2018
224 ms. Memory: 549888K Free: 384198K (70%)
ptolemy.util.test.WatchDog.cancel(): canceling Wed May 23 13:11:17 UTC 2018
------------------ testing $PTII/ptolemy/domains/de/test/auto/PeriodicSampler.xml
auto.tcl: Setting watchdog for 200 seconds at Wed May 23 13:11:17 UTC 2018
2 ms. Memory: 551936K Free: 530632K (96%)
ptolemy.util.test.WatchDog.cancel(): canceling Wed May 23 13:11:17 UTC 2018
auto.tcl: Setting watchdog for 200 seconds at Wed May 23 13:11:17 UTC 2018
2 ms. Memory: 551936K Free: 530632K (96%)
ptolemy.util.test.WatchDog.cancel(): canceling Wed May 23 13:11:17 UTC 2018
------------------ testing $PTII/ptolemy/domains/de/test/auto/PersistentIO.xml
auto.tcl: Setting watchdog for 200 seconds at Wed May 23 13:11:17 UTC 2018
5 ms. Memory: 549376K Free: 522165K (95%)
ptolemy.util.test.WatchDog.cancel(): canceling Wed May 23 13:11:17 UTC 2018
auto.tcl: Setting watchdog for 200 seconds at Wed May 23 13:11:17 UTC 2018
3 ms. Memory: 549376K Free: 522165K (95%)
ptolemy.util.test.WatchDog.cancel(): canceling Wed May 23 13:11:17 UTC 2018
------------------ testing $PTII/ptolemy/domains/de/test/auto/PortParameterResetOnInitialize.xml
auto.tcl: Setting watchdog for 200 seconds at Wed May 23 13:11:17 UTC 2018
2 ms. Memory: 551424K Free: 530580K (96%)
ptolemy.util.test.WatchDog.cancel(): canceling Wed May 23 13:11:17 UTC 2018
auto.tcl: Setting watchdog for 200 seconds at Wed May 23 13:11:17 UTC 2018
2 ms. Memory: 551424K Free: 530580K (96%)
ptolemy.util.test.WatchDog.cancel(): canceling Wed May 23 13:11:17 UTC 2018
------------------ testing $PTII/ptolemy/domains/de/test/auto/PortParameterUpdates.xml
auto.tcl: Setting watchdog for 200 seconds at Wed May 23 13:11:17 UTC 2018
3 ms. Memory: 549376K Free: 533345K (97%)
ptolemy.util.test.WatchDog.cancel(): canceling Wed May 23 13:11:17 UTC 2018
auto.tcl: Setting watchdog for 200 seconds at Wed May 23 13:11:17 UTC 2018
3 ms. Memory: 549376K Free: 526625K (96%)
ptolemy.util.test.WatchDog.cancel(): canceling Wed May 23 13:11:17 UTC 2018
------------------ testing $PTII/ptolemy/domains/de/test/auto/QueueAndServer.xml
auto.tcl: Setting watchdog for 200 seconds at Wed May 23 13:11:17 UTC 2018
17 ms. Memory: 551424K Free: 535356K (97%)
ptolemy.util.test.WatchDog.cancel(): canceling Wed May 23 13:11:17 UTC 2018
auto.tcl: Setting watchdog for 200 seconds at Wed May 23 13:11:17 UTC 2018
5 ms. Memory: 551424K Free: 528621K (96%)
ptolemy.util.test.WatchDog.cancel(): canceling Wed May 23 13:11:17 UTC 2018
------------------ testing $PTII/ptolemy/domains/de/test/auto/Records.xml
auto.tcl: Setting watchdog for 200 seconds at Wed May 23 13:11:18 UTC 2018
3 ms. Memory: 549376K Free: 533248K (97%)
ptolemy.util.test.WatchDog.cancel(): canceling Wed May 23 13:11:18 UTC 2018
auto.tcl: Setting watchdog for 200 seconds at Wed May 23 13:11:18 UTC 2018
2 ms. Memory: 549376K Free: 533248K (97%)
ptolemy.util.test.WatchDog.cancel(): canceling Wed May 23 13:11:18 UTC 2018
------------------ testing $PTII/ptolemy/domains/de/test/auto/ResetTransitionWithStartTime1.xml
auto.tcl: Setting watchdog for 200 seconds at Wed May 23 13:11:18 UTC 2018
8 ms. Memory: 551424K Free: 528603K (96%)
ptolemy.util.test.WatchDog.cancel(): canceling Wed May 23 13:11:18 UTC 2018
auto.tcl: Setting watchdog for 200 seconds at Wed May 23 13:11:18 UTC 2018
5 ms. Memory: 551424K Free: 528603K (96%)
ptolemy.util.test.WatchDog.cancel(): canceling Wed May 23 13:11:18 UTC 2018
------------------ testing $PTII/ptolemy/domains/de/test/auto/ResetTransitionWithStartTime2.xml
auto.tcl: Setting watchdog for 200 seconds at Wed May 23 13:11:18 UTC 2018
5 ms. Memory: 549376K Free: 526759K (96%)
ptolemy.util.test.WatchDog.cancel(): canceling Wed May 23 13:11:18 UTC 2018
auto.tcl: Setting watchdog for 200 seconds at Wed May 23 13:11:18 UTC 2018
4 ms. Memory: 549376K Free: 526759K (96%)
ptolemy.util.test.WatchDog.cancel(): canceling Wed May 23 13:11:18 UTC 2018
------------------ testing $PTII/ptolemy/domains/de/test/auto/ResetTransitionWithStartTime3.xml
auto.tcl: Setting watchdog for 200 seconds at Wed May 23 13:11:18 UTC 2018
6 ms. Memory: 550912K Free: 527926K (96%)
ptolemy.util.test.WatchDog.cancel(): canceling Wed May 23 13:11:18 UTC 2018
auto.tcl: Setting watchdog for 200 seconds at Wed May 23 13:11:18 UTC 2018
5 ms. Memory: 550912K Free: 527926K (96%)
ptolemy.util.test.WatchDog.cancel(): canceling Wed May 23 13:11:18 UTC 2018
------------------ testing $PTII/ptolemy/domains/de/test/auto/ResetTransitionWithStartTime4.xml
auto.tcl: Setting watchdog for 200 seconds at Wed May 23 13:11:18 UTC 2018
3 ms. Memory: 549376K Free: 526404K (96%)
ptolemy.util.test.WatchDog.cancel(): canceling Wed May 23 13:11:18 UTC 2018
auto.tcl: Setting watchdog for 200 seconds at Wed May 23 13:11:18 UTC 2018
3 ms. Memory: 549376K Free: 526404K (96%)
ptolemy.util.test.WatchDog.cancel(): canceling Wed May 23 13:11:18 UTC 2018
------------------ testing $PTII/ptolemy/domains/de/test/auto/ResettableTimer1.xml
auto.tcl: Setting watchdog for 200 seconds at Wed May 23 13:11:18 UTC 2018
2 ms. Memory: 550912K Free: 534654K (97%)
ptolemy.util.test.WatchDog.cancel(): canceling Wed May 23 13:11:18 UTC 2018
auto.tcl: Setting watchdog for 200 seconds at Wed May 23 13:11:18 UTC 2018
2 ms. Memory: 550912K Free: 534654K (97%)
ptolemy.util.test.WatchDog.cancel(): canceling Wed May 23 13:11:18 UTC 2018
------------------ testing $PTII/ptolemy/domains/de/test/auto/ResettableTimer2.xml
auto.tcl: Setting watchdog for 200 seconds at Wed May 23 13:11:18 UTC 2018
2 ms. Memory: 549376K Free: 533407K (97%)
ptolemy.util.test.WatchDog.cancel(): canceling Wed May 23 13:11:18 UTC 2018
auto.tcl: Setting watchdog for 200 seconds at Wed May 23 13:11:18 UTC 2018
2 ms. Memory: 549376K Free: 533407K (97%)
ptolemy.util.test.WatchDog.cancel(): canceling Wed May 23 13:11:18 UTC 2018
------------------ testing $PTII/ptolemy/domains/de/test/auto/ResettableTimer3.xml
auto.tcl: Setting watchdog for 200 seconds at Wed May 23 13:11:18 UTC 2018
1 ms. Memory: 550912K Free: 534712K (97%)
ptolemy.util.test.WatchDog.cancel(): canceling Wed May 23 13:11:18 UTC 2018
auto.tcl: Setting watchdog for 200 seconds at Wed May 23 13:11:18 UTC 2018
1 ms. Memory: 550912K Free: 534712K (97%)
ptolemy.util.test.WatchDog.cancel(): canceling Wed May 23 13:11:18 UTC 2018
------------------ testing $PTII/ptolemy/domains/de/test/auto/ResettableTimer4.xml
auto.tcl: Setting watchdog for 200 seconds at Wed May 23 13:11:18 UTC 2018
1 ms. Memory: 549376K Free: 533419K (97%)
ptolemy.util.test.WatchDog.cancel(): canceling Wed May 23 13:11:18 UTC 2018
auto.tcl: Setting watchdog for 200 seconds at Wed May 23 13:11:18 UTC 2018
1 ms. Memory: 549376K Free: 533419K (97%)
ptolemy.util.test.WatchDog.cancel(): canceling Wed May 23 13:11:18 UTC 2018
------------------ testing $PTII/ptolemy/domains/de/test/auto/ResettableTimer5.xml
auto.tcl: Setting watchdog for 200 seconds at Wed May 23 13:11:18 UTC 2018
2 ms. Memory: 550400K Free: 529532K (96%)
ptolemy.util.test.WatchDog.cancel(): canceling Wed May 23 13:11:18 UTC 2018
auto.tcl: Setting watchdog for 200 seconds at Wed May 23 13:11:18 UTC 2018
1 ms. Memory: 550400K Free: 529532K (96%)
ptolemy.util.test.WatchDog.cancel(): canceling Wed May 23 13:11:18 UTC 2018
------------------ testing $PTII/ptolemy/domains/de/test/auto/ResettableTimer6.xml
auto.tcl: Setting watchdog for 200 seconds at Wed May 23 13:11:18 UTC 2018
2 ms. Memory: 549376K Free: 533137K (97%)
ptolemy.util.test.WatchDog.cancel(): canceling Wed May 23 13:11:18 UTC 2018
auto.tcl: Setting watchdog for 200 seconds at Wed May 23 13:11:18 UTC 2018
1 ms. Memory: 549376K Free: 533137K (97%)
ptolemy.util.test.WatchDog.cancel(): canceling Wed May 23 13:11:18 UTC 2018
------------------ testing $PTII/ptolemy/domains/de/test/auto/ServerZeroDelay.xml
auto.tcl: Setting watchdog for 200 seconds at Wed May 23 13:11:18 UTC 2018
4 ms. Memory: 550400K Free: 534381K (97%)
ptolemy.util.test.WatchDog.cancel(): canceling Wed May 23 13:11:18 UTC 2018
auto.tcl: Setting watchdog for 200 seconds at Wed May 23 13:11:18 UTC 2018
2 ms. Memory: 550400K Free: 534381K (97%)
ptolemy.util.test.WatchDog.cancel(): canceling Wed May 23 13:11:18 UTC 2018
------------------ testing $PTII/ptolemy/domains/de/test/auto/SmartSender.xml
auto.tcl: Setting watchdog for 200 seconds at Wed May 23 13:11:18 UTC 2018
3001 ms. Memory: 549376K Free: 523993K (95%)
ptolemy.util.test.WatchDog.cancel(): canceling Wed May 23 13:11:21 UTC 2018
auto.tcl: Setting watchdog for 200 seconds at Wed May 23 13:11:21 UTC 2018
3001 ms. Memory: 549376K Free: 523993K (95%)
ptolemy.util.test.WatchDog.cancel(): canceling Wed May 23 13:11:24 UTC 2018
------------------ testing $PTII/ptolemy/domains/de/test/auto/ThreadedComposite.xml
auto.tcl: Setting watchdog for 200 seconds at Wed May 23 13:11:24 UTC 2018
204 ms. Memory: 550400K Free: 513402K (93%)
ptolemy.util.test.WatchDog.cancel(): canceling Wed May 23 13:11:25 UTC 2018
auto.tcl: Setting watchdog for 200 seconds at Wed May 23 13:11:25 UTC 2018
198 ms. Memory: 550400K Free: 492643K (90%)
ptolemy.util.test.WatchDog.cancel(): canceling Wed May 23 13:11:25 UTC 2018
------------------ testing $PTII/ptolemy/domains/de/test/auto/Time.xml
auto.tcl: Setting watchdog for 200 seconds at Wed May 23 13:11:25 UTC 2018
474 ms. Memory: 549376K Free: 481370K (88%)
ptolemy.util.test.WatchDog.cancel(): canceling Wed May 23 13:11:25 UTC 2018
auto.tcl: Setting watchdog for 200 seconds at Wed May 23 13:11:25 UTC 2018
424 ms. Memory: 549376K Free: 427615K (78%)
ptolemy.util.test.WatchDog.cancel(): canceling Wed May 23 13:11:26 UTC 2018
------------------ testing $PTII/ptolemy/domains/de/test/auto/TimeDelayZeroDelay.xml
auto.tcl: Setting watchdog for 200 seconds at Wed May 23 13:11:26 UTC 2018
2 ms. Memory: 550400K Free: 534069K (97%)
ptolemy.util.test.WatchDog.cancel(): canceling Wed May 23 13:11:26 UTC 2018
auto.tcl: Setting watchdog for 200 seconds at Wed May 23 13:11:26 UTC 2018
1 ms. Memory: 550400K Free: 534069K (97%)
ptolemy.util.test.WatchDog.cancel(): canceling Wed May 23 13:11:26 UTC 2018
------------------ testing $PTII/ptolemy/domains/de/test/auto/TimerZeroDelay.xml
auto.tcl: Setting watchdog for 200 seconds at Wed May 23 13:11:26 UTC 2018
3 ms. Memory: 549376K Free: 533318K (97%)
ptolemy.util.test.WatchDog.cancel(): canceling Wed May 23 13:11:26 UTC 2018
auto.tcl: Setting watchdog for 200 seconds at Wed May 23 13:11:26 UTC 2018
2 ms. Memory: 549376K Free: 533318K (97%)
ptolemy.util.test.WatchDog.cancel(): canceling Wed May 23 13:11:26 UTC 2018
------------------ testing $PTII/ptolemy/domains/de/test/auto/TimingParadox.xml
auto.tcl: Setting watchdog for 200 seconds at Wed May 23 13:11:26 UTC 2018
308 ms. Memory: 549888K Free: 467197K (85%)
ptolemy.util.test.WatchDog.cancel(): canceling Wed May 23 13:11:26 UTC 2018
auto.tcl: Setting watchdog for 200 seconds at Wed May 23 13:11:26 UTC 2018
296 ms. Memory: 549888K Free: 433600K (79%)
ptolemy.util.test.WatchDog.cancel(): canceling Wed May 23 13:11:27 UTC 2018
------------------ testing $PTII/ptolemy/domains/de/test/auto/TransferInputs.xml
auto.tcl: Setting watchdog for 200 seconds at Wed May 23 13:11:27 UTC 2018
2 ms. Memory: 549888K Free: 532733K (97%)
ptolemy.util.test.WatchDog.cancel(): canceling Wed May 23 13:11:27 UTC 2018
auto.tcl: Setting watchdog for 200 seconds at Wed May 23 13:11:27 UTC 2018
2 ms. Memory: 549888K Free: 532733K (97%)
ptolemy.util.test.WatchDog.cancel(): canceling Wed May 23 13:11:27 UTC 2018
------------------ testing $PTII/ptolemy/domains/de/test/auto/TransferOutputs2.xml
auto.tcl: Setting watchdog for 200 seconds at Wed May 23 13:11:27 UTC 2018
3 ms. Memory: 549376K Free: 526603K (96%)
ptolemy.util.test.WatchDog.cancel(): canceling Wed May 23 13:11:27 UTC 2018
auto.tcl: Setting watchdog for 200 seconds at Wed May 23 13:11:27 UTC 2018
2 ms. Memory: 549376K Free: 526603K (96%)
ptolemy.util.test.WatchDog.cancel(): canceling Wed May 23 13:11:27 UTC 2018
------------------ testing $PTII/ptolemy/domains/de/test/auto/Trilateration.xml
auto.tcl: Setting watchdog for 200 seconds at Wed May 23 13:11:27 UTC 2018
12268 ms. Memory: 766976K Free: 181568K (24%)
ptolemy.util.test.WatchDog.cancel(): canceling Wed May 23 13:11:40 UTC 2018
auto.tcl: Setting watchdog for 200 seconds at Wed May 23 13:11:40 UTC 2018
10094 ms. Memory: 623104K Free: 585938K (94%)
ptolemy.util.test.WatchDog.cancel(): canceling Wed May 23 13:11:50 UTC 2018
------------------ testing $PTII/ptolemy/domains/de/test/auto/TwoSigmaDelta.xml
auto.tcl: Setting watchdog for 200 seconds at Wed May 23 13:11:50 UTC 2018
2616 ms. Memory: 619520K Free: 303955K (49%)
ptolemy.util.test.WatchDog.cancel(): canceling Wed May 23 13:11:53 UTC 2018
auto.tcl: Setting watchdog for 200 seconds at Wed May 23 13:11:53 UTC 2018
1975 ms. Memory: 619520K Free: 76112K (12%)
ptolemy.util.test.WatchDog.cancel(): canceling Wed May 23 13:11:55 UTC 2018
------------------ testing $PTII/ptolemy/domains/de/test/auto/VariableDelay.xml
auto.tcl: Setting watchdog for 200 seconds at Wed May 23 13:11:55 UTC 2018
3 ms. Memory: 623104K Free: 598894K (96%)
ptolemy.util.test.WatchDog.cancel(): canceling Wed May 23 13:11:55 UTC 2018
auto.tcl: Setting watchdog for 200 seconds at Wed May 23 13:11:55 UTC 2018
2 ms. Memory: 623104K Free: 598894K (96%)
ptolemy.util.test.WatchDog.cancel(): canceling Wed May 23 13:11:55 UTC 2018
------------------ testing $PTII/ptolemy/domains/de/test/auto/VariableDelay2.xml
auto.tcl: Setting watchdog for 200 seconds at Wed May 23 13:11:55 UTC 2018
6 ms. Memory: 619520K Free: 601135K (97%)
ptolemy.util.test.WatchDog.cancel(): canceling Wed May 23 13:11:55 UTC 2018
auto.tcl: Setting watchdog for 200 seconds at Wed May 23 13:11:55 UTC 2018
2 ms. Memory: 619520K Free: 601135K (97%)
ptolemy.util.test.WatchDog.cancel(): canceling Wed May 23 13:11:55 UTC 2018
------------------ testing $PTII/ptolemy/domains/de/test/auto/VariableDelayZeroDelay.xml
auto.tcl: Setting watchdog for 200 seconds at Wed May 23 13:11:55 UTC 2018
3 ms. Memory: 622592K Free: 598825K (96%)
ptolemy.util.test.WatchDog.cancel(): canceling Wed May 23 13:11:55 UTC 2018
auto.tcl: Setting watchdog for 200 seconds at Wed May 23 13:11:55 UTC 2018
3 ms. Memory: 622592K Free: 598825K (96%)
ptolemy.util.test.WatchDog.cancel(): canceling Wed May 23 13:11:55 UTC 2018
------------------ testing $PTII/ptolemy/domains/de/test/auto/VariableDelayZeroDelay2.xml
auto.tcl: Setting watchdog for 200 seconds at Wed May 23 13:11:55 UTC 2018
2 ms. Memory: 619520K Free: 595751K (96%)
ptolemy.util.test.WatchDog.cancel(): canceling Wed May 23 13:11:55 UTC 2018
auto.tcl: Setting watchdog for 200 seconds at Wed May 23 13:11:55 UTC 2018
2 ms. Memory: 619520K Free: 595751K (96%)
ptolemy.util.test.WatchDog.cancel(): canceling Wed May 23 13:11:55 UTC 2018
------------------ testing $PTII/ptolemy/domains/de/test/auto/deInCt.xml
auto.tcl: Setting watchdog for 200 seconds at Wed May 23 13:11:55 UTC 2018
0
1
1
1
0
0
0
1
1
1
1
1
1
1
0
0
0
1
1
1
0
0
0
0
1
1
1
0
0
0
1
1
1
1
11 ms. Memory: 622080K Free: 598278K (96%)
ptolemy.util.test.WatchDog.cancel(): canceling Wed May 23 13:11:55 UTC 2018
auto.tcl: Setting watchdog for 200 seconds at Wed May 23 13:11:55 UTC 2018
0
1
1
1
0
0
0
1
1
1
1
0
0
0
1
1
1
0
0
0
0
0
1
1
1
0
0
1
1
1
0
0
0
1
1
1
1
1
5 ms. Memory: 622080K Free: 598278K (96%)
ptolemy.util.test.WatchDog.cancel(): canceling Wed May 23 13:11:55 UTC 2018
------------------ testing $PTII/ptolemy/domains/de/test/auto/deInCt2.xml
auto.tcl: Setting watchdog for 200 seconds at Wed May 23 13:11:55 UTC 2018
0
1
1
1
0
0
1
1
1
0
0
1
1
1
0
0
1
1
1
0
0
1
1
1
0
0
1
1
1
0
0
1
1
1
0
0
1
1
1
0
0
0
5 ms. Memory: 619520K Free: 595718K (96%)
ptolemy.util.test.WatchDog.cancel(): canceling Wed May 23 13:11:55 UTC 2018
auto.tcl: Setting watchdog for 200 seconds at Wed May 23 13:11:55 UTC 2018
0
1
1
1
0
0
1
1
1
0
0
1
1
1
0
0
1
1
1
0
0
1
1
1
0
0
1
1
1
0
0
1
1
1
0
0
1
1
1
0
0
0
4 ms. Memory: 619520K Free: 595718K (96%)
ptolemy.util.test.WatchDog.cancel(): canceling Wed May 23 13:11:55 UTC 2018
------------------ testing $PTII/ptolemy/domains/de/test/auto/dynamicCausalityInterface1.xml
auto.tcl: Setting watchdog for 200 seconds at Wed May 23 13:11:55 UTC 2018
1 ms. Memory: 621568K Free: 594947K (96%)
ptolemy.util.test.WatchDog.cancel(): canceling Wed May 23 13:11:56 UTC 2018
auto.tcl: Setting watchdog for 200 seconds at Wed May 23 13:11:56 UTC 2018
0 ms. Memory: 621568K Free: 594947K (96%)
ptolemy.util.test.WatchDog.cancel(): canceling Wed May 23 13:11:56 UTC 2018
------------------ testing $PTII/ptolemy/domains/de/test/auto/fsm_de_test.xml
auto.tcl: Setting watchdog for 200 seconds at Wed May 23 13:11:56 UTC 2018
7 ms. Memory: 619520K Free: 595639K (96%)
ptolemy.util.test.WatchDog.cancel(): canceling Wed May 23 13:11:56 UTC 2018
auto.tcl: Setting watchdog for 200 seconds at Wed May 23 13:11:56 UTC 2018
6 ms. Memory: 619520K Free: 587429K (95%)
ptolemy.util.test.WatchDog.cancel(): canceling Wed May 23 13:11:56 UTC 2018
------------------ testing $PTII/ptolemy/domains/de/test/auto/functionDependencyReconstruction.xml
auto.tcl: Setting watchdog for 200 seconds at Wed May 23 13:11:56 UTC 2018
2 ms. Memory: 621568K Free: 589460K (95%)
ptolemy.util.test.WatchDog.cancel(): canceling Wed May 23 13:11:56 UTC 2018
auto.tcl: Setting watchdog for 200 seconds at Wed May 23 13:11:56 UTC 2018
2 ms. Memory: 621568K Free: 581233K (94%)
ptolemy.util.test.WatchDog.cancel(): canceling Wed May 23 13:11:56 UTC 2018
------------------ testing $PTII/ptolemy/domains/de/test/auto/multirate.xml
auto.tcl: Setting watchdog for 200 seconds at Wed May 23 13:11:56 UTC 2018
3 ms. Memory: 619520K Free: 595507K (96%)
ptolemy.util.test.WatchDog.cancel(): canceling Wed May 23 13:11:56 UTC 2018
auto.tcl: Setting watchdog for 200 seconds at Wed May 23 13:11:56 UTC 2018
3 ms. Memory: 619520K Free: 595507K (96%)
ptolemy.util.test.WatchDog.cancel(): canceling Wed May 23 13:11:56 UTC 2018
------------------ testing $PTII/ptolemy/domains/de/test/auto/multirate2.xml
auto.tcl: Setting watchdog for 200 seconds at Wed May 23 13:11:56 UTC 2018
2 ms. Memory: 621056K Free: 597230K (96%)
ptolemy.util.test.WatchDog.cancel(): canceling Wed May 23 13:11:56 UTC 2018
auto.tcl: Setting watchdog for 200 seconds at Wed May 23 13:11:56 UTC 2018
3 ms. Memory: 621056K Free: 597230K (96%)
ptolemy.util.test.WatchDog.cancel(): canceling Wed May 23 13:11:56 UTC 2018
------------------ testing $PTII/ptolemy/domains/de/test/auto/realtime.xml
auto.tcl: Setting watchdog for 200 seconds at Wed May 23 13:11:56 UTC 2018
10001 ms. Memory: 619520K Free: 595662K (96%)
ptolemy.util.test.WatchDog.cancel(): canceling Wed May 23 13:12:06 UTC 2018
auto.tcl: Setting watchdog for 200 seconds at Wed May 23 13:12:06 UTC 2018
10002 ms. Memory: 619520K Free: 595662K (96%)
ptolemy.util.test.WatchDog.cancel(): canceling Wed May 23 13:12:16 UTC 2018
------------------ testing $PTII/ptolemy/domains/de/test/auto/relationGroup.xml
auto.tcl: Setting watchdog for 200 seconds at Wed May 23 13:12:16 UTC 2018
1 ms. Memory: 621056K Free: 597255K (96%)
ptolemy.util.test.WatchDog.cancel(): canceling Wed May 23 13:12:16 UTC 2018
auto.tcl: Setting watchdog for 200 seconds at Wed May 23 13:12:16 UTC 2018
1 ms. Memory: 621056K Free: 597255K (96%)
ptolemy.util.test.WatchDog.cancel(): canceling Wed May 23 13:12:16 UTC 2018
------------------ testing $PTII/ptolemy/domains/de/test/auto/relationGroup2.xml
auto.tcl: Setting watchdog for 200 seconds at Wed May 23 13:12:16 UTC 2018
1 ms. Memory: 619520K Free: 595745K (96%)
ptolemy.util.test.WatchDog.cancel(): canceling Wed May 23 13:12:16 UTC 2018
auto.tcl: Setting watchdog for 200 seconds at Wed May 23 13:12:16 UTC 2018
1 ms. Memory: 619520K Free: 595745K (96%)
ptolemy.util.test.WatchDog.cancel(): canceling Wed May 23 13:12:16 UTC 2018
------------------ testing $PTII/ptolemy/domains/de/test/auto/sortWithOpaquePorts.xml
auto.tcl: Setting watchdog for 200 seconds at Wed May 23 13:12:16 UTC 2018
1 ms. Memory: 620544K Free: 596770K (96%)
ptolemy.util.test.WatchDog.cancel(): canceling Wed May 23 13:12:16 UTC 2018
auto.tcl: Setting watchdog for 200 seconds at Wed May 23 13:12:16 UTC 2018
1 ms. Memory: 620544K Free: 596770K (96%)
ptolemy.util.test.WatchDog.cancel(): canceling Wed May 23 13:12:16 UTC 2018
------------------ testing $PTII/ptolemy/domains/de/test/auto/transferInputsandOutputs.xml
auto.tcl: Setting watchdog for 200 seconds at Wed May 23 13:12:16 UTC 2018
2 ms. Memory: 619520K Free: 595733K (96%)
ptolemy.util.test.WatchDog.cancel(): canceling Wed May 23 13:12:16 UTC 2018
auto.tcl: Setting watchdog for 200 seconds at Wed May 23 13:12:16 UTC 2018
1 ms. Memory: 619520K Free: 595733K (96%)
ptolemy.util.test.WatchDog.cancel(): canceling Wed May 23 13:12:16 UTC 2018
------------------ testing $PTII/ptolemy/domains/de/test/auto/triggerType.xml
auto.tcl: Setting watchdog for 200 seconds at Wed May 23 13:12:16 UTC 2018
3 ms. Memory: 620544K Free: 596708K (96%)
ptolemy.util.test.WatchDog.cancel(): canceling Wed May 23 13:12:16 UTC 2018
auto.tcl: Setting watchdog for 200 seconds at Wed May 23 13:12:16 UTC 2018
1 ms. Memory: 620544K Free: 596708K (96%)
ptolemy.util.test.WatchDog.cancel(): canceling Wed May 23 13:12:16 UTC 2018
05/23/18 01:12:16
Failed: 0  Total Tests: 192  ((Passed: 187, Newly Passed: 1)  Known Failed: 5) /home/travis/build/icyphy/ptII/ptolemy/domains/de/test
05/23/18 01:12:16
Failed: 0  Total Tests: 192  ((Passed: 187, Newly Passed: 1)  Known Failed: 5) /home/travis/build/icyphy/ptII/ptolemy/domains/de/test
----------------- testing (KnownFailure) /home/travis/build/icyphy/ptII/ptolemy/domains/de/test/auto/knownFailedTests/DESDFClockTest.xml
2007 ms. Memory: 619520K Free: 584945K (94%)
Known Failure: java.lang.reflect.InvocationTargetException
----------------- testing (KnownFailure) /home/travis/build/icyphy/ptII/ptolemy/domains/de/test/auto/knownFailedTests/DirectFeedback.xml
1 ms. Memory: 619520K Free: 541896K (87%)
Known Failure: java.lang.reflect.InvocationTargetException
----------------- testing (KnownFailure) /home/travis/build/icyphy/ptII/ptolemy/domains/de/test/auto/knownFailedTests/FSMSource.xml
11 ms. Memory: 619520K Free: 498846K (81%)
----------------- testing (KnownFailure) /home/travis/build/icyphy/ptII/ptolemy/domains/de/test/auto/knownFailedTests/HierarchicalModel.xml
2 ms. Memory: 619520K Free: 466551K (75%)
Known Failure: java.lang.reflect.InvocationTargetException
----------------- testing (KnownFailure) /home/travis/build/icyphy/ptII/ptolemy/domains/de/test/auto/knownFailedTests/dependencyLoop.xml
2 ms. Memory: 619520K Free: 412732K (67%)
Known Failure: java.lang.reflect.InvocationTargetException
----------------- testing (KnownFailure) /home/travis/build/icyphy/ptII/ptolemy/domains/de/test/auto/knownFailedTests/dependencyLoop2.xml
2 ms. Memory: 619520K Free: 358905K (58%)
Known Failure: java.lang.reflect.InvocationTargetException
No auto/*.xml tests in /home/travis/build/icyphy/ptII/ptolemy/domains/de/test
AutoTests.java: About to close Vertx.
AutoTests.java: Vertx closed.
----------------- testing Wed May 23 13:12:18 UTC 2018 /home/travis/build/icyphy/ptII/ptolemy/domains/de/test/auto/ActorDepthCalculation_actorWithoutPorts.xml
----------------- Instantiating /home/travis/build/icyphy/ptII/ptolemy/domains/de/test/auto/ActorDepthCalculation_actorWithoutPorts.xml
1 ms. Memory: 619520K Free: 305093K (49%)
----------------- Invoking toplevel() on ptolemy.moml.MoMLSimpleApplication@500deb25
----------------- Done invoking toplevel() on ptolemy.moml.MoMLSimpleApplication@500deb25
reloadAllAccessors: .ActorDepthCalculation_actorWithoutPorts
----------------- testing Wed May 23 13:12:18 UTC 2018 /home/travis/build/icyphy/ptII/ptolemy/domains/de/test/auto/AssemblyLine.xml
----------------- Instantiating /home/travis/build/icyphy/ptII/ptolemy/domains/de/test/auto/AssemblyLine.xml
2 ms. Memory: 619520K Free: 283568K (46%)
----------------- Invoking toplevel() on ptolemy.moml.MoMLSimpleApplication@5ae3fee2
----------------- Done invoking toplevel() on ptolemy.moml.MoMLSimpleApplication@5ae3fee2
reloadAllAccessors: .AssemblyLine
----------------- testing Wed May 23 13:12:18 UTC 2018 /home/travis/build/icyphy/ptII/ptolemy/domains/de/test/auto/CQBug1.xml
----------------- Instantiating /home/travis/build/icyphy/ptII/ptolemy/domains/de/test/auto/CQBug1.xml
0 ms. Memory: 619520K Free: 262044K (42%)
----------------- Invoking toplevel() on ptolemy.moml.MoMLSimpleApplication@1a0c3bd6
----------------- Done invoking toplevel() on ptolemy.moml.MoMLSimpleApplication@1a0c3bd6
reloadAllAccessors: .CQBug1
----------------- testing Wed May 23 13:12:18 UTC 2018 /home/travis/build/icyphy/ptII/ptolemy/domains/de/test/auto/CancelFireAt.xml
----------------- Instantiating /home/travis/build/icyphy/ptII/ptolemy/domains/de/test/auto/CancelFireAt.xml
1 ms. Memory: 619520K Free: 240519K (39%)
----------------- Invoking toplevel() on ptolemy.moml.MoMLSimpleApplication@1f2e84b7
----------------- Done invoking toplevel() on ptolemy.moml.MoMLSimpleApplication@1f2e84b7
reloadAllAccessors: .CancelFireAt
----------------- testing Wed May 23 13:12:18 UTC 2018 /home/travis/build/icyphy/ptII/ptolemy/domains/de/test/auto/CausalityAndComposabilityAnalysis.xml
----------------- Instantiating /home/travis/build/icyphy/ptII/ptolemy/domains/de/test/auto/CausalityAndComposabilityAnalysis.xml
1 ms. Memory: 619520K Free: 218995K (35%)
----------------- Invoking toplevel() on ptolemy.moml.MoMLSimpleApplication@6ff0c172
----------------- Done invoking toplevel() on ptolemy.moml.MoMLSimpleApplication@6ff0c172
reloadAllAccessors: .CausalityAndComposabilityAnalysis
----------------- testing Wed May 23 13:12:18 UTC 2018 /home/travis/build/icyphy/ptII/ptolemy/domains/de/test/auto/CausalityInterface1.xml
----------------- Instantiating /home/travis/build/icyphy/ptII/ptolemy/domains/de/test/auto/CausalityInterface1.xml
4 ms. Memory: 619520K Free: 197470K (32%)
----------------- Invoking toplevel() on ptolemy.moml.MoMLSimpleApplication@37434bc7
----------------- Done invoking toplevel() on ptolemy.moml.MoMLSimpleApplication@37434bc7
reloadAllAccessors: .CausalityInterface1
----------------- testing Wed May 23 13:12:18 UTC 2018 /home/travis/build/icyphy/ptII/ptolemy/domains/de/test/auto/CausalityInterface15.xml
----------------- Instantiating /home/travis/build/icyphy/ptII/ptolemy/domains/de/test/auto/CausalityInterface15.xml
1 ms. Memory: 619520K Free: 175946K (28%)
----------------- Invoking toplevel() on ptolemy.moml.MoMLSimpleApplication@36f8fc01
----------------- Done invoking toplevel() on ptolemy.moml.MoMLSimpleApplication@36f8fc01
reloadAllAccessors: .CausalityInterface15
----------------- testing Wed May 23 13:12:18 UTC 2018 /home/travis/build/icyphy/ptII/ptolemy/domains/de/test/auto/CausalityInterface2.xml
----------------- Instantiating /home/travis/build/icyphy/ptII/ptolemy/domains/de/test/auto/CausalityInterface2.xml
0 ms. Memory: 619520K Free: 154421K (25%)
----------------- Invoking toplevel() on ptolemy.moml.MoMLSimpleApplication@4f279496
----------------- Done invoking toplevel() on ptolemy.moml.MoMLSimpleApplication@4f279496
reloadAllAccessors: .CausalityInterface2
----------------- testing Wed May 23 13:12:18 UTC 2018 /home/travis/build/icyphy/ptII/ptolemy/domains/de/test/auto/CausalityInterface3.xml
[...]
java.lang.RuntimeException: Execution failed
	at ptolemy.moml.MoMLSimpleApplication$UnloadThread.run(MoMLSimpleApplication.java:402)
Caused by: ptolemy.kernel.util.IllegalActionException: Test fails in iteration 1.
Value was: 1.0. Should have been: 2.0
  in .DirectFeedback.Test
	at ptolemy.actor.lib.Test.fire(Test.java:268)
	at ptolemy.domains.de.kernel.DEDirector._fire(DEDirector.java:1948)
	at ptolemy.domains.de.kernel.DEDirector.fire(DEDirector.java:502)
	at ptolemy.actor.CompositeActor.fire(CompositeActor.java:455)
	at ptolemy.actor.Manager.iterate(Manager.java:851)
	at ptolemy.actor.Manager.execute(Manager.java:369)
	at ptolemy.actor.Manager.run(Manager.java:1263)
	at ptolemy.actor.Manager$PtolemyRunThread.run(Manager.java:1915)
java.lang.RuntimeException: Execution failed
	at ptolemy.moml.MoMLSimpleApplication$UnloadThread.run(MoMLSimpleApplication.java:402)
Caused by: ptolemy.kernel.util.IllegalActionException: Actor is not ready to fire.  Perhaps UpSample.prefire() returned false? Try debugging the actor by selecting "Listen to Actor".  Also, for SDF check moml for tokenConsumptionRate on input.
  in .DESDFClockTest.Play Bell.Copy1:SDF Director and .DESDFClockTest.Play Bell.UpSample
	at ptolemy.actor.sched.StaticSchedulingDirector.fire(StaticSchedulingDirector.java:227)
	at ptolemy.domains.sdf.kernel.SDFDirector.fire(SDFDirector.java:500)
	at ptolemy.actor.CompositeActor.fire(CompositeActor.java:455)
	at ptolemy.domains.de.kernel.DEDirector._fire(DEDirector.java:1948)
	at ptolemy.domains.de.kernel.DEDirector.fire(DEDirector.java:502)
	at ptolemy.actor.CompositeActor.fire(CompositeActor.java:455)
	at ptolemy.actor.Manager.iterate(Manager.java:851)
	at ptolemy.actor.Manager.execute(Manager.java:369)
	at ptolemy.actor.Manager.run(Manager.java:1263)
	at ptolemy.actor.Manager$PtolemyRunThread.run(Manager.java:1915)
java.lang.reflect.InvocationTargetException
	at sun.reflect.NativeConstructorAccessorImpl.newInstance0(Native Method)
	at sun.reflect.NativeConstructorAccessorImpl.newInstance(NativeConstructorAccessorImpl.java:62)
	at sun.reflect.DelegatingConstructorAccessorImpl.newInstance(DelegatingConstructorAccessorImpl.java:45)
	at java.lang.reflect.Constructor.newInstance(Constructor.java:423)
	at ptolemy.util.test.junit.AutoKnownFailedTests.RunModel(AutoKnownFailedTests.java:107)
	at sun.reflect.NativeMethodAccessorImpl.invoke0(Native Method)
	at sun.reflect.NativeMethodAccessorImpl.invoke(NativeMethodAccessorImpl.java:62)
	at sun.reflect.DelegatingMethodAccessorImpl.invoke(DelegatingMethodAccessorImpl.java:43)
	at java.lang.reflect.Method.invoke(Method.java:498)
	at org.junit.runners.model.FrameworkMethod$1.runReflectiveCall(FrameworkMethod.java:44)
	at org.junit.internal.runners.model.ReflectiveCallable.run(ReflectiveCallable.java:15)
	at org.junit.runners.model.FrameworkMethod.invokeExplosively(FrameworkMethod.java:41)
	at junitparams.internal.InvokeParameterisedMethod.evaluate(InvokeParameterisedMethod.java:102)
	at org.junit.internal.runners.statements.FailOnTimeout$1.run(FailOnTimeout.java:28)
Caused by: ptolemy.kernel.util.IllegalActionException: Actor is not ready to fire.  Perhaps UpSample.prefire() returned false? Try debugging the actor by selecting "Listen to Actor".  Also, for SDF check moml for tokenConsumptionRate on input.
  in .DESDFClockTest.Play Bell.Copy1:SDF Director and .DESDFClockTest.Play Bell.UpSample
	at ptolemy.actor.sched.StaticSchedulingDirector.fire(StaticSchedulingDirector.java:227)
	at ptolemy.domains.sdf.kernel.SDFDirector.fire(SDFDirector.java:500)
	at ptolemy.actor.CompositeActor.fire(CompositeActor.java:455)
	at ptolemy.domains.de.kernel.DEDirector._fire(DEDirector.java:1948)
	at ptolemy.domains.de.kernel.DEDirector.fire(DEDirector.java:502)
	at ptolemy.actor.CompositeActor.fire(CompositeActor.java:455)
	at ptolemy.actor.Manager.iterate(Manager.java:851)
	at ptolemy.actor.Manager.execute(Manager.java:369)
	at ptolemy.actor.Manager.run(Manager.java:1263)
	at ptolemy.actor.Manager$PtolemyRunThread.run(Manager.java:1915)
java.lang.RuntimeException: Execution failed
	at ptolemy.moml.MoMLSimpleApplication$UnloadThread.run(MoMLSimpleApplication.java:402)
Caused by: ptolemy.kernel.util.IllegalActionException: Test fails in iteration 1.
Value was: 1.0. Should have been: 2.0
  in .DirectFeedback.Test
	at ptolemy.actor.lib.Test.fire(Test.java:268)
	at ptolemy.domains.de.kernel.DEDirector._fire(DEDirector.java:1948)
	at ptolemy.domains.de.kernel.DEDirector.fire(DEDirector.java:502)
	at ptolemy.actor.CompositeActor.fire(CompositeActor.java:455)
	at ptolemy.actor.Manager.iterate(Manager.java:851)
	at ptolemy.actor.Manager.execute(Manager.java:369)
	at ptolemy.actor.Manager.run(Manager.java:1263)
	at ptolemy.actor.Manager$PtolemyRunThread.run(Manager.java:1915)
java.lang.reflect.InvocationTargetException
	at sun.reflect.NativeConstructorAccessorImpl.newInstance0(Native Method)
	at sun.reflect.NativeConstructorAccessorImpl.newInstance(NativeConstructorAccessorImpl.java:62)
	at sun.reflect.DelegatingConstructorAccessorImpl.newInstance(DelegatingConstructorAccessorImpl.java:45)
	at java.lang.reflect.Constructor.newInstance(Constructor.java:423)
	at ptolemy.util.test.junit.AutoKnownFailedTests.RunModel(AutoKnownFailedTests.java:107)
	at sun.reflect.NativeMethodAccessorImpl.invoke0(Native Method)
	at sun.reflect.NativeMethodAccessorImpl.invoke(NativeMethodAccessorImpl.java:62)
	at sun.reflect.DelegatingMethodAccessorImpl.invoke(DelegatingMethodAccessorImpl.java:43)
	at java.lang.reflect.Method.invoke(Method.java:498)
	at org.junit.runners.model.FrameworkMethod$1.runReflectiveCall(FrameworkMethod.java:44)
	at org.junit.internal.runners.model.ReflectiveCallable.run(ReflectiveCallable.java:15)
	at org.junit.runners.model.FrameworkMethod.invokeExplosively(FrameworkMethod.java:41)
	at junitparams.internal.InvokeParameterisedMethod.evaluate(InvokeParameterisedMethod.java:102)
	at org.junit.internal.runners.statements.FailOnTimeout$1.run(FailOnTimeout.java:28)
Caused by: ptolemy.kernel.util.IllegalActionException: Test fails in iteration 1.
Value was: 1.0. Should have been: 2.0
  in .DirectFeedback.Test
	at ptolemy.actor.lib.Test.fire(Test.java:268)
	at ptolemy.domains.de.kernel.DEDirector._fire(DEDirector.java:1948)
	at ptolemy.domains.de.kernel.DEDirector.fire(DEDirector.java:502)
	at ptolemy.actor.CompositeActor.fire(CompositeActor.java:455)
	at ptolemy.actor.Manager.iterate(Manager.java:851)
	at ptolemy.actor.Manager.execute(Manager.java:369)
	at ptolemy.actor.Manager.run(Manager.java:1263)
	at ptolemy.actor.Manager$PtolemyRunThread.run(Manager.java:1915)
java.lang.RuntimeException: Execution failed
	at ptolemy.moml.MoMLSimpleApplication$UnloadThread.run(MoMLSimpleApplication.java:402)
Caused by: ptolemy.kernel.util.IllegalActionException: Found a zero delay loop containing .HierarchicalModel.A
  in .HierarchicalModel and .HierarchicalModel.A
	at ptolemy.actor.util.CausalityInterfaceForComposites._computeOutputPortDepth(CausalityInterfaceForComposites.java:759)
	at ptolemy.actor.util.CausalityInterfaceForComposites._computeInputDepth(CausalityInterfaceForComposites.java:696)
	at ptolemy.actor.util.CausalityInterfaceForComposites._computeOutputPortDepth(CausalityInterfaceForComposites.java:765)
	at ptolemy.actor.util.CausalityInterfaceForComposites._computeInputDepth(CausalityInterfaceForComposites.java:696)
	at ptolemy.actor.util.CausalityInterfaceForComposites._computeOutputPortDepth(CausalityInterfaceForComposites.java:765)
	at ptolemy.actor.util.CausalityInterfaceForComposites._computeInputDepth(CausalityInterfaceForComposites.java:696)
	at ptolemy.actor.util.CausalityInterfaceForComposites._computeActorDepth(CausalityInterfaceForComposites.java:532)
	at ptolemy.actor.util.CausalityInterfaceForComposites.checkForCycles(CausalityInterfaceForComposites.java:96)
	at ptolemy.domains.de.kernel.DEDirector.preinitialize(DEDirector.java:1337)
	at ptolemy.actor.CompositeActor.preinitialize(CompositeActor.java:1828)
	at ptolemy.actor.Manager.preinitializeAndResolveTypes(Manager.java:1040)
	at ptolemy.actor.Manager.initialize(Manager.java:710)
	at ptolemy.actor.Manager.execute(Manager.java:356)
	at ptolemy.actor.Manager.run(Manager.java:1263)
	at ptolemy.actor.Manager$PtolemyRunThread.run(Manager.java:1915)
java.lang.reflect.InvocationTargetException
	at sun.reflect.NativeConstructorAccessorImpl.newInstance0(Native Method)
	at sun.reflect.NativeConstructorAccessorImpl.newInstance(NativeConstructorAccessorImpl.java:62)
	at sun.reflect.DelegatingConstructorAccessorImpl.newInstance(DelegatingConstructorAccessorImpl.java:45)
	at java.lang.reflect.Constructor.newInstance(Constructor.java:423)
	at ptolemy.util.test.junit.AutoKnownFailedTests.RunModel(AutoKnownFailedTests.java:107)
	at sun.reflect.NativeMethodAccessorImpl.invoke0(Native Method)
	at sun.reflect.NativeMethodAccessorImpl.invoke(NativeMethodAccessorImpl.java:62)
	at sun.reflect.DelegatingMethodAccessorImpl.invoke(DelegatingMethodAccessorImpl.java:43)
	at java.lang.reflect.Method.invoke(Method.java:498)
	at org.junit.runners.model.FrameworkMethod$1.runReflectiveCall(FrameworkMethod.java:44)
	at org.junit.internal.runners.model.ReflectiveCallable.run(ReflectiveCallable.java:15)
	at org.junit.runners.model.FrameworkMethod.invokeExplosively(FrameworkMethod.java:41)
	at junitparams.internal.InvokeParameterisedMethod.evaluate(InvokeParameterisedMethod.java:102)
	at org.junit.internal.runners.statements.FailOnTimeout$1.run(FailOnTimeout.java:28)
Caused by: ptolemy.kernel.util.IllegalActionException: Found a zero delay loop containing .HierarchicalModel.A
  in .HierarchicalModel and .HierarchicalModel.A
	at ptolemy.actor.util.CausalityInterfaceForComposites._computeOutputPortDepth(CausalityInterfaceForComposites.java:759)
	at ptolemy.actor.util.CausalityInterfaceForComposites._computeInputDepth(CausalityInterfaceForComposites.java:696)
	at ptolemy.actor.util.CausalityInterfaceForComposites._computeOutputPortDepth(CausalityInterfaceForComposites.java:765)
	at ptolemy.actor.util.CausalityInterfaceForComposites._computeInputDepth(CausalityInterfaceForComposites.java:696)
	at ptolemy.actor.util.CausalityInterfaceForComposites._computeOutputPortDepth(CausalityInterfaceForComposites.java:765)
	at ptolemy.actor.util.CausalityInterfaceForComposites._computeInputDepth(CausalityInterfaceForComposites.java:696)
	at ptolemy.actor.util.CausalityInterfaceForComposites._computeActorDepth(CausalityInterfaceForComposites.java:532)
	at ptolemy.actor.util.CausalityInterfaceForComposites.checkForCycles(CausalityInterfaceForComposites.java:96)
	at ptolemy.domains.de.kernel.DEDirector.preinitialize(DEDirector.java:1337)
	at ptolemy.actor.CompositeActor.preinitialize(CompositeActor.java:1828)
	at ptolemy.actor.Manager.preinitializeAndResolveTypes(Manager.java:1040)
	at ptolemy.actor.Manager.initialize(Manager.java:710)
	at ptolemy.actor.Manager.execute(Manager.java:356)
	at ptolemy.actor.Manager.run(Manager.java:1263)
	at ptolemy.actor.Manager$PtolemyRunThread.run(Manager.java:1915)
java.lang.RuntimeException: Execution failed
	at ptolemy.moml.MoMLSimpleApplication$UnloadThread.run(MoMLSimpleApplication.java:402)
Caused by: ptolemy.kernel.util.IllegalActionException: Found a zero delay loop containing .dependencyLoop.original
  in .dependencyLoop and .dependencyLoop.original
	at ptolemy.actor.util.CausalityInterfaceForComposites._computeOutputPortDepth(CausalityInterfaceForComposites.java:759)
	at ptolemy.actor.util.CausalityInterfaceForComposites._computeInputDepth(CausalityInterfaceForComposites.java:696)
	at ptolemy.actor.util.CausalityInterfaceForComposites._computeOutputPortDepth(CausalityInterfaceForComposites.java:765)
	at ptolemy.actor.util.CausalityInterfaceForComposites._computeInputDepth(CausalityInterfaceForComposites.java:696)
	at ptolemy.actor.util.CausalityInterfaceForComposites._computeOutputPortDepth(CausalityInterfaceForComposites.java:765)
	at ptolemy.actor.util.CausalityInterfaceForComposites._computeInputDepth(CausalityInterfaceForComposites.java:696)
	at ptolemy.actor.util.CausalityInterfaceForComposites._computeActorDepth(CausalityInterfaceForComposites.java:532)
	at ptolemy.actor.util.CausalityInterfaceForComposites.checkForCycles(CausalityInterfaceForComposites.java:96)
	at ptolemy.domains.de.kernel.DEDirector.preinitialize(DEDirector.java:1337)
	at ptolemy.actor.CompositeActor.preinitialize(CompositeActor.java:1828)
	at ptolemy.actor.Manager.preinitializeAndResolveTypes(Manager.java:1040)
	at ptolemy.actor.Manager.initialize(Manager.java:710)
	at ptolemy.actor.Manager.execute(Manager.java:356)
	at ptolemy.actor.Manager.run(Manager.java:1263)
	at ptolemy.actor.Manager$PtolemyRunThread.run(Manager.java:1915)
java.lang.reflect.InvocationTargetException
	at sun.reflect.NativeConstructorAccessorImpl.newInstance0(Native Method)
	at sun.reflect.NativeConstructorAccessorImpl.newInstance(NativeConstructorAccessorImpl.java:62)
	at sun.reflect.DelegatingConstructorAccessorImpl.newInstance(DelegatingConstructorAccessorImpl.java:45)
	at java.lang.reflect.Constructor.newInstance(Constructor.java:423)
	at ptolemy.util.test.junit.AutoKnownFailedTests.RunModel(AutoKnownFailedTests.java:107)
	at sun.reflect.NativeMethodAccessorImpl.invoke0(Native Method)
	at sun.reflect.NativeMethodAccessorImpl.invoke(NativeMethodAccessorImpl.java:62)
	at sun.reflect.DelegatingMethodAccessorImpl.invoke(DelegatingMethodAccessorImpl.java:43)
	at java.lang.reflect.Method.invoke(Method.java:498)
	at org.junit.runners.model.FrameworkMethod$1.runReflectiveCall(FrameworkMethod.java:44)
	at org.junit.internal.runners.model.ReflectiveCallable.run(ReflectiveCallable.java:15)
	at org.junit.runners.model.FrameworkMethod.invokeExplosively(FrameworkMethod.java:41)
	at junitparams.internal.InvokeParameterisedMethod.evaluate(InvokeParameterisedMethod.java:102)
	at org.junit.internal.runners.statements.FailOnTimeout$1.run(FailOnTimeout.java:28)
Caused by: ptolemy.kernel.util.IllegalActionException: Found a zero delay loop containing .dependencyLoop.original
  in .dependencyLoop and .dependencyLoop.original
	at ptolemy.actor.util.CausalityInterfaceForComposites._computeOutputPortDepth(CausalityInterfaceForComposites.java:759)
	at ptolemy.actor.util.CausalityInterfaceForComposites._computeInputDepth(CausalityInterfaceForComposites.java:696)
	at ptolemy.actor.util.CausalityInterfaceForComposites._computeOutputPortDepth(CausalityInterfaceForComposites.java:765)
	at ptolemy.actor.util.CausalityInterfaceForComposites._computeInputDepth(CausalityInterfaceForComposites.java:696)
	at ptolemy.actor.util.CausalityInterfaceForComposites._computeOutputPortDepth(CausalityInterfaceForComposites.java:765)
	at ptolemy.actor.util.CausalityInterfaceForComposites._computeInputDepth(CausalityInterfaceForComposites.java:696)
	at ptolemy.actor.util.CausalityInterfaceForComposites._computeActorDepth(CausalityInterfaceForComposites.java:532)
	at ptolemy.actor.util.CausalityInterfaceForComposites.checkForCycles(CausalityInterfaceForComposites.java:96)
	at ptolemy.domains.de.kernel.DEDirector.preinitialize(DEDirector.java:1337)
	at ptolemy.actor.CompositeActor.preinitialize(CompositeActor.java:1828)
	at ptolemy.actor.Manager.preinitializeAndResolveTypes(Manager.java:1040)
	at ptolemy.actor.Manager.initialize(Manager.java:710)
	at ptolemy.actor.Manager.execute(Manager.java:356)
	at ptolemy.actor.Manager.run(Manager.java:1263)
	at ptolemy.actor.Manager$PtolemyRunThread.run(Manager.java:1915)
java.lang.RuntimeException: Execution failed
	at ptolemy.moml.MoMLSimpleApplication$UnloadThread.run(MoMLSimpleApplication.java:402)
Caused by: ptolemy.kernel.util.IllegalActionException: Found a zero delay loop containing .dependencyLoop2.original
  in .dependencyLoop2 and .dependencyLoop2.original
	at ptolemy.actor.util.CausalityInterfaceForComposites._computeOutputPortDepth(CausalityInterfaceForComposites.java:759)
	at ptolemy.actor.util.CausalityInterfaceForComposites._computeInputDepth(CausalityInterfaceForComposites.java:696)
	at ptolemy.actor.util.CausalityInterfaceForComposites._computeOutputPortDepth(CausalityInterfaceForComposites.java:765)
	at ptolemy.actor.util.CausalityInterfaceForComposites._computeInputDepth(CausalityInterfaceForComposites.java:696)
	at ptolemy.actor.util.CausalityInterfaceForComposites._computeOutputPortDepth(CausalityInterfaceForComposites.java:765)
	at ptolemy.actor.util.CausalityInterfaceForComposites._computeInputDepth(CausalityInterfaceForComposites.java:696)
	at ptolemy.actor.util.CausalityInterfaceForComposites._computeActorDepth(CausalityInterfaceForComposites.java:532)
	at ptolemy.actor.util.CausalityInterfaceForComposites.checkForCycles(CausalityInterfaceForComposites.java:96)
	at ptolemy.domains.de.kernel.DEDirector.preinitialize(DEDirector.java:1337)
	at ptolemy.actor.CompositeActor.preinitialize(CompositeActor.java:1828)
	at ptolemy.actor.Manager.preinitializeAndResolveTypes(Manager.java:1040)
	at ptolemy.actor.Manager.initialize(Manager.java:710)
	at ptolemy.actor.Manager.execute(Manager.java:356)
	at ptolemy.actor.Manager.run(Manager.java:1263)
	at ptolemy.actor.Manager$PtolemyRunThread.run(Manager.java:1915)
java.lang.reflect.InvocationTargetException
	at sun.reflect.NativeConstructorAccessorImpl.newInstance0(Native Method)
	at sun.reflect.NativeConstructorAccessorImpl.newInstance(NativeConstructorAccessorImpl.java:62)
	at sun.reflect.DelegatingConstructorAccessorImpl.newInstance(DelegatingConstructorAccessorImpl.java:45)
	at java.lang.reflect.Constructor.newInstance(Constructor.java:423)
	at ptolemy.util.test.junit.AutoKnownFailedTests.RunModel(AutoKnownFailedTests.java:107)
	at sun.reflect.NativeMethodAccessorImpl.invoke0(Native Method)
	at sun.reflect.NativeMethodAccessorImpl.invoke(NativeMethodAccessorImpl.java:62)
	at sun.reflect.DelegatingMethodAccessorImpl.invoke(DelegatingMethodAccessorImpl.java:43)
	at java.lang.reflect.Method.invoke(Method.java:498)
	at org.junit.runners.model.FrameworkMethod$1.runReflectiveCall(FrameworkMethod.java:44)
	at org.junit.internal.runners.model.ReflectiveCallable.run(ReflectiveCallable.java:15)
	at org.junit.runners.model.FrameworkMethod.invokeExplosively(FrameworkMethod.java:41)
	at junitparams.internal.InvokeParameterisedMethod.evaluate(InvokeParameterisedMethod.java:102)
	at org.junit.internal.runners.statements.FailOnTimeout$1.run(FailOnTimeout.java:28)
Caused by: ptolemy.kernel.util.IllegalActionException: Found a zero delay loop containing .dependencyLoop2.original
  in .dependencyLoop2 and .dependencyLoop2.original
	at ptolemy.actor.util.CausalityInterfaceForComposites._computeOutputPortDepth(CausalityInterfaceForComposites.java:759)
	at ptolemy.actor.util.CausalityInterfaceForComposites._computeInputDepth(CausalityInterfaceForComposites.java:696)
	at ptolemy.actor.util.CausalityInterfaceForComposites._computeOutputPortDepth(CausalityInterfaceForComposites.java:765)
	at ptolemy.actor.util.CausalityInterfaceForComposites._computeInputDepth(CausalityInterfaceForComposites.java:696)
	at ptolemy.actor.util.CausalityInterfaceForComposites._computeOutputPortDepth(CausalityInterfaceForComposites.java:765)
	at ptolemy.actor.util.CausalityInterfaceForComposites._computeInputDepth(CausalityInterfaceForComposites.java:696)
	at ptolemy.actor.util.CausalityInterfaceForComposites._computeActorDepth(CausalityInterfaceForComposites.java:532)
	at ptolemy.actor.util.CausalityInterfaceForComposites.checkForCycles(CausalityInterfaceForComposites.java:96)
	at ptolemy.domains.de.kernel.DEDirector.preinitialize(DEDirector.java:1337)
	at ptolemy.actor.CompositeActor.preinitialize(CompositeActor.java:1828)
	at ptolemy.actor.Manager.preinitializeAndResolveTypes(Manager.java:1040)
	at ptolemy.actor.Manager.initialize(Manager.java:710)
	at ptolemy.actor.Manager.execute(Manager.java:356)
	at ptolemy.actor.Manager.run(Manager.java:1263)
	at ptolemy.actor.Manager$PtolemyRunThread.run(Manager.java:1915)
]]></system-err>
</testsuite>
