<?xml version="1.0" encoding="UTF-8" ?>
<testsuite errors="0" failures="0" hostname="travis-job-14a4454c-e33c-41e0-9a33-af1a6f14c45f" name="ptolemy.domains.de.test.junit.JUnitTclTest" skipped="0" tests="101" time="128.148" timestamp="2018-05-12T00:58:12">
  <properties>
[...]
</properties>
  <testcase classname="ptolemy.util.test.junit.TclTests" name="[0] /home/travis/build/icyphy/ptII/ptolemy/domains/de/test/DependencyLoop.tcl (RunTclFile)" time="0.698" />
  <testcase classname="ptolemy.util.test.junit.TclTests" name="[1] /home/travis/build/icyphy/ptII/ptolemy/domains/de/test/RunDETestsAsQSS.tcl (RunTclFile)" time="88.538" />
  <testcase classname="ptolemy.util.test.junit.AutoKnownFailedTests" name="[0] /home/travis/build/icyphy/ptII/ptolemy/domains/de/test/auto/knownFailedTests/DESDFClockTest.xml (RunModel)" time="2.027" />
  <testcase classname="ptolemy.util.test.junit.AutoKnownFailedTests" name="[1] /home/travis/build/icyphy/ptII/ptolemy/domains/de/test/auto/knownFailedTests/DirectFeedback.xml (RunModel)" time="0.007" />
  <testcase classname="ptolemy.util.test.junit.AutoKnownFailedTests" name="[2] /home/travis/build/icyphy/ptII/ptolemy/domains/de/test/auto/knownFailedTests/FSMSource.xml (RunModel)" time="0.026" />
  <testcase classname="ptolemy.util.test.junit.AutoKnownFailedTests" name="[3] /home/travis/build/icyphy/ptII/ptolemy/domains/de/test/auto/knownFailedTests/HierarchicalModel.xml (RunModel)" time="0.029" />
  <testcase classname="ptolemy.util.test.junit.AutoKnownFailedTests" name="[4] /home/travis/build/icyphy/ptII/ptolemy/domains/de/test/auto/knownFailedTests/dependencyLoop.xml (RunModel)" time="0.025" />
  <testcase classname="ptolemy.util.test.junit.AutoKnownFailedTests" name="[5] /home/travis/build/icyphy/ptII/ptolemy/domains/de/test/auto/knownFailedTests/dependencyLoop2.xml (RunModel)" time="0.036" />
  <testcase classname="ptolemy.util.test.junit.AutoNameArchTests" name="[0] ThereAreNoAutoTests (RunModel)" time="0.007" />
  <testcase classname="ptolemy.util.test.junit.AutoTests" name="[0] /home/travis/build/icyphy/ptII/ptolemy/domains/de/test/auto/ActorDepthCalculation_actorWithoutPorts.xml (RunModel)" time="0.013" />
  <testcase classname="ptolemy.util.test.junit.AutoTests" name="[1] /home/travis/build/icyphy/ptII/ptolemy/domains/de/test/auto/AssemblyLine.xml (RunModel)" time="0.022" />
  <testcase classname="ptolemy.util.test.junit.AutoTests" name="[2] /home/travis/build/icyphy/ptII/ptolemy/domains/de/test/auto/CQBug1.xml (RunModel)" time="0.01" />
  <testcase classname="ptolemy.util.test.junit.AutoTests" name="[3] /home/travis/build/icyphy/ptII/ptolemy/domains/de/test/auto/CancelFireAt.xml (RunModel)" time="0.009" />
  <testcase classname="ptolemy.util.test.junit.AutoTests" name="[4] /home/travis/build/icyphy/ptII/ptolemy/domains/de/test/auto/CausalityAndComposabilityAnalysis.xml (RunModel)" time="0.009" />
  <testcase classname="ptolemy.util.test.junit.AutoTests" name="[5] /home/travis/build/icyphy/ptII/ptolemy/domains/de/test/auto/CausalityInterface1.xml (RunModel)" time="0.011" />
  <testcase classname="ptolemy.util.test.junit.AutoTests" name="[6] /home/travis/build/icyphy/ptII/ptolemy/domains/de/test/auto/CausalityInterface15.xml (RunModel)" time="0.015" />
  <testcase classname="ptolemy.util.test.junit.AutoTests" name="[7] /home/travis/build/icyphy/ptII/ptolemy/domains/de/test/auto/CausalityInterface2.xml (RunModel)" time="0.009" />
  <testcase classname="ptolemy.util.test.junit.AutoTests" name="[8] /home/travis/build/icyphy/ptII/ptolemy/domains/de/test/auto/CausalityInterface3.xml (RunModel)" time="0.011" />
  <testcase classname="ptolemy.util.test.junit.AutoTests" name="[9] /home/travis/build/icyphy/ptII/ptolemy/domains/de/test/auto/ClockDrift.xml (RunModel)" time="0.032" />
  <testcase classname="ptolemy.util.test.junit.AutoTests" name="[10] /home/travis/build/icyphy/ptII/ptolemy/domains/de/test/auto/ClockDriftAndValueChange.xml (RunModel)" time="0.021" />
  <testcase classname="ptolemy.util.test.junit.AutoTests" name="[11] /home/travis/build/icyphy/ptII/ptolemy/domains/de/test/auto/ClockDriftChange.xml (RunModel)" time="0.022" />
  <testcase classname="ptolemy.util.test.junit.AutoTests" name="[12] /home/travis/build/icyphy/ptII/ptolemy/domains/de/test/auto/ComposableCausalityAnalysis.xml (RunModel)" time="0.01" />
  <testcase classname="ptolemy.util.test.junit.AutoTests" name="[13] /home/travis/build/icyphy/ptII/ptolemy/domains/de/test/auto/DEFixedPointLimitation.xml (RunModel)" time="0.006" />
  <testcase classname="ptolemy.util.test.junit.AutoTests" name="[14] /home/travis/build/icyphy/ptII/ptolemy/domains/de/test/auto/DEScheduleTest.xml (RunModel)" time="0.007" />
  <testcase classname="ptolemy.util.test.junit.AutoTests" name="[15] /home/travis/build/icyphy/ptII/ptolemy/domains/de/test/auto/DEinDEwithStartTimes.xml (RunModel)" time="0.011" />
  <testcase classname="ptolemy.util.test.junit.AutoTests" name="[16] /home/travis/build/icyphy/ptII/ptolemy/domains/de/test/auto/DEinDEwithStartTimes2.xml (RunModel)" time="0.009" />
  <testcase classname="ptolemy.util.test.junit.AutoTests" name="[17] /home/travis/build/icyphy/ptII/ptolemy/domains/de/test/auto/DateDemo.xml (RunModel)" time="0.018" />
  <testcase classname="ptolemy.util.test.junit.AutoTests" name="[18] /home/travis/build/icyphy/ptII/ptolemy/domains/de/test/auto/DateToEvent.xml (RunModel)" time="2.026" />
  <testcase classname="ptolemy.util.test.junit.AutoTests" name="[19] /home/travis/build/icyphy/ptII/ptolemy/domains/de/test/auto/DepthTest1.xml (RunModel)" time="0.005" />
  <testcase classname="ptolemy.util.test.junit.AutoTests" name="[20] /home/travis/build/icyphy/ptII/ptolemy/domains/de/test/auto/DepthTest2.xml (RunModel)" time="0.01" />
  <testcase classname="ptolemy.util.test.junit.AutoTests" name="[21] /home/travis/build/icyphy/ptII/ptolemy/domains/de/test/auto/DepthTest3.xml (RunModel)" time="0.005" />
  <testcase classname="ptolemy.util.test.junit.AutoTests" name="[22] /home/travis/build/icyphy/ptII/ptolemy/domains/de/test/auto/DepthTest4.xml (RunModel)" time="0.007" />
  <testcase classname="ptolemy.util.test.junit.AutoTests" name="[23] /home/travis/build/icyphy/ptII/ptolemy/domains/de/test/auto/DepthTest5.xml (RunModel)" time="0.008" />
  <testcase classname="ptolemy.util.test.junit.AutoTests" name="[24] /home/travis/build/icyphy/ptII/ptolemy/domains/de/test/auto/DepthTest6.xml (RunModel)" time="0.008" />
  <testcase classname="ptolemy.util.test.junit.AutoTests" name="[25] /home/travis/build/icyphy/ptII/ptolemy/domains/de/test/auto/DepthTest7.xml (RunModel)" time="0.007" />
  <testcase classname="ptolemy.util.test.junit.AutoTests" name="[26] /home/travis/build/icyphy/ptII/ptolemy/domains/de/test/auto/EventToDate.xml (RunModel)" time="3.028" />
  <testcase classname="ptolemy.util.test.junit.AutoTests" name="[27] /home/travis/build/icyphy/ptII/ptolemy/domains/de/test/auto/FSM1.xml (RunModel)" time="0.02" />
  <testcase classname="ptolemy.util.test.junit.AutoTests" name="[28] /home/travis/build/icyphy/ptII/ptolemy/domains/de/test/auto/FSM7.xml (RunModel)" time="0.019" />
  <testcase classname="ptolemy.util.test.junit.AutoTests" name="[29] /home/travis/build/icyphy/ptII/ptolemy/domains/de/test/auto/Inspection.xml (RunModel)" time="0.024" />
  <testcase classname="ptolemy.util.test.junit.AutoTests" name="[30] /home/travis/build/icyphy/ptII/ptolemy/domains/de/test/auto/Iteration.xml (RunModel)" time="0.021" />
  <testcase classname="ptolemy.util.test.junit.AutoTests" name="[31] /home/travis/build/icyphy/ptII/ptolemy/domains/de/test/auto/LineFault.xml (RunModel)" time="0.387" />
  <testcase classname="ptolemy.util.test.junit.AutoTests" name="[32] /home/travis/build/icyphy/ptII/ptolemy/domains/de/test/auto/MergeModel1Add.xml (RunModel)" time="0.029" />
  <testcase classname="ptolemy.util.test.junit.AutoTests" name="[33] /home/travis/build/icyphy/ptII/ptolemy/domains/de/test/auto/MergeModel2Add.xml (RunModel)" time="0.027" />
  <testcase classname="ptolemy.util.test.junit.AutoTests" name="[34] /home/travis/build/icyphy/ptII/ptolemy/domains/de/test/auto/MergeModel3Add.xml (RunModel)" time="0.022" />
  <testcase classname="ptolemy.util.test.junit.AutoTests" name="[35] /home/travis/build/icyphy/ptII/ptolemy/domains/de/test/auto/MergeWithoutDiscard.xml (RunModel)" time="0.009" />
  <testcase classname="ptolemy.util.test.junit.AutoTests" name="[36] /home/travis/build/icyphy/ptII/ptolemy/domains/de/test/auto/Modal1.xml (RunModel)" time="0.022" />
  <testcase classname="ptolemy.util.test.junit.AutoTests" name="[37] /home/travis/build/icyphy/ptII/ptolemy/domains/de/test/auto/Modal2.xml (RunModel)" time="0.025" />
  <testcase classname="ptolemy.util.test.junit.AutoTests" name="[38] /home/travis/build/icyphy/ptII/ptolemy/domains/de/test/auto/Modal3.xml (RunModel)" time="0.021" />
  <testcase classname="ptolemy.util.test.junit.AutoTests" name="[39] /home/travis/build/icyphy/ptII/ptolemy/domains/de/test/auto/Modal4.xml (RunModel)" time="0.021" />
  <testcase classname="ptolemy.util.test.junit.AutoTests" name="[40] /home/travis/build/icyphy/ptII/ptolemy/domains/de/test/auto/Modal5.xml (RunModel)" time="0.021" />
  <testcase classname="ptolemy.util.test.junit.AutoTests" name="[41] /home/travis/build/icyphy/ptII/ptolemy/domains/de/test/auto/Modal6.xml (RunModel)" time="0.018" />
  <testcase classname="ptolemy.util.test.junit.AutoTests" name="[42] /home/travis/build/icyphy/ptII/ptolemy/domains/de/test/auto/Modal7.xml (RunModel)" time="0.02" />
  <testcase classname="ptolemy.util.test.junit.AutoTests" name="[43] /home/travis/build/icyphy/ptII/ptolemy/domains/de/test/auto/ModalModel.xml (RunModel)" time="0.123" />
  <testcase classname="ptolemy.util.test.junit.AutoTests" name="[44] /home/travis/build/icyphy/ptII/ptolemy/domains/de/test/auto/ModalSource.xml (RunModel)" time="0.015" />
  <testcase classname="ptolemy.util.test.junit.AutoTests" name="[45] /home/travis/build/icyphy/ptII/ptolemy/domains/de/test/auto/NonInterruptibleTimerZeroDelay.xml (RunModel)" time="0.009" />
  <testcase classname="ptolemy.util.test.junit.AutoTests" name="[46] /home/travis/build/icyphy/ptII/ptolemy/domains/de/test/auto/OpenQueueingNetwork.xml (RunModel)" time="1.99" />
  <testcase classname="ptolemy.util.test.junit.AutoTests" name="[47] /home/travis/build/icyphy/ptII/ptolemy/domains/de/test/auto/OpenQueuingNetwork.xml (RunModel)" time="0.268" />
  <testcase classname="ptolemy.util.test.junit.AutoTests" name="[48] /home/travis/build/icyphy/ptII/ptolemy/domains/de/test/auto/PeriodicSampler.xml (RunModel)" time="0.011" />
  <testcase classname="ptolemy.util.test.junit.AutoTests" name="[49] /home/travis/build/icyphy/ptII/ptolemy/domains/de/test/auto/PersistentIO.xml (RunModel)" time="0.017" />
  <testcase classname="ptolemy.util.test.junit.AutoTests" name="[50] /home/travis/build/icyphy/ptII/ptolemy/domains/de/test/auto/PortParameterResetOnInitialize.xml (RunModel)" time="0.008" />
  <testcase classname="ptolemy.util.test.junit.AutoTests" name="[51] /home/travis/build/icyphy/ptII/ptolemy/domains/de/test/auto/PortParameterUpdates.xml (RunModel)" time="0.016" />
  <testcase classname="ptolemy.util.test.junit.AutoTests" name="[52] /home/travis/build/icyphy/ptII/ptolemy/domains/de/test/auto/QueueAndServer.xml (RunModel)" time="0.019" />
  <testcase classname="ptolemy.util.test.junit.AutoTests" name="[53] /home/travis/build/icyphy/ptII/ptolemy/domains/de/test/auto/Records.xml (RunModel)" time="0.016" />
  <testcase classname="ptolemy.util.test.junit.AutoTests" name="[54] /home/travis/build/icyphy/ptII/ptolemy/domains/de/test/auto/ResetTransitionWithStartTime1.xml (RunModel)" time="0.016" />
  <testcase classname="ptolemy.util.test.junit.AutoTests" name="[55] /home/travis/build/icyphy/ptII/ptolemy/domains/de/test/auto/ResetTransitionWithStartTime2.xml (RunModel)" time="0.016" />
  <testcase classname="ptolemy.util.test.junit.AutoTests" name="[56] /home/travis/build/icyphy/ptII/ptolemy/domains/de/test/auto/ResetTransitionWithStartTime3.xml (RunModel)" time="0.015" />
  <testcase classname="ptolemy.util.test.junit.AutoTests" name="[57] /home/travis/build/icyphy/ptII/ptolemy/domains/de/test/auto/ResetTransitionWithStartTime4.xml (RunModel)" time="0.016" />
  <testcase classname="ptolemy.util.test.junit.AutoTests" name="[58] /home/travis/build/icyphy/ptII/ptolemy/domains/de/test/auto/ResettableTimer1.xml (RunModel)" time="0.009" />
  <testcase classname="ptolemy.util.test.junit.AutoTests" name="[59] /home/travis/build/icyphy/ptII/ptolemy/domains/de/test/auto/ResettableTimer2.xml (RunModel)" time="0.009" />
  <testcase classname="ptolemy.util.test.junit.AutoTests" name="[60] /home/travis/build/icyphy/ptII/ptolemy/domains/de/test/auto/ResettableTimer3.xml (RunModel)" time="0.008" />
  <testcase classname="ptolemy.util.test.junit.AutoTests" name="[61] /home/travis/build/icyphy/ptII/ptolemy/domains/de/test/auto/ResettableTimer4.xml (RunModel)" time="0.009" />
  <testcase classname="ptolemy.util.test.junit.AutoTests" name="[62] /home/travis/build/icyphy/ptII/ptolemy/domains/de/test/auto/ResettableTimer5.xml (RunModel)" time="0.008" />
  <testcase classname="ptolemy.util.test.junit.AutoTests" name="[63] /home/travis/build/icyphy/ptII/ptolemy/domains/de/test/auto/ResettableTimer6.xml (RunModel)" time="0.016" />
  <testcase classname="ptolemy.util.test.junit.AutoTests" name="[64] /home/travis/build/icyphy/ptII/ptolemy/domains/de/test/auto/ServerZeroDelay.xml (RunModel)" time="0.011" />
  <testcase classname="ptolemy.util.test.junit.AutoTests" name="[65] /home/travis/build/icyphy/ptII/ptolemy/domains/de/test/auto/SmartSender.xml (RunModel)" time="3.008" />
  <testcase classname="ptolemy.util.test.junit.AutoTests" name="[66] /home/travis/build/icyphy/ptII/ptolemy/domains/de/test/auto/ThreadedComposite.xml (RunModel)" time="0.108" />
  <testcase classname="ptolemy.util.test.junit.AutoTests" name="[67] /home/travis/build/icyphy/ptII/ptolemy/domains/de/test/auto/Time.xml (RunModel)" time="0.406" />
  <testcase classname="ptolemy.util.test.junit.AutoTests" name="[68] /home/travis/build/icyphy/ptII/ptolemy/domains/de/test/auto/TimeDelayZeroDelay.xml (RunModel)" time="0.01" />
  <testcase classname="ptolemy.util.test.junit.AutoTests" name="[69] /home/travis/build/icyphy/ptII/ptolemy/domains/de/test/auto/TimerZeroDelay.xml (RunModel)" time="0.009" />
  <testcase classname="ptolemy.util.test.junit.AutoTests" name="[70] /home/travis/build/icyphy/ptII/ptolemy/domains/de/test/auto/TimingParadox.xml (RunModel)" time="0.331" />
  <testcase classname="ptolemy.util.test.junit.AutoTests" name="[71] /home/travis/build/icyphy/ptII/ptolemy/domains/de/test/auto/TransferInputs.xml (RunModel)" time="0.013" />
  <testcase classname="ptolemy.util.test.junit.AutoTests" name="[72] /home/travis/build/icyphy/ptII/ptolemy/domains/de/test/auto/TransferOutputs2.xml (RunModel)" time="0.014" />
  <testcase classname="ptolemy.util.test.junit.AutoTests" name="[73] /home/travis/build/icyphy/ptII/ptolemy/domains/de/test/auto/Trilateration.xml (RunModel)" time="11.635" />
  <testcase classname="ptolemy.util.test.junit.AutoTests" name="[74] /home/travis/build/icyphy/ptII/ptolemy/domains/de/test/auto/TwoSigmaDelta.xml (RunModel)" time="2.082" />
  <testcase classname="ptolemy.util.test.junit.AutoTests" name="[75] /home/travis/build/icyphy/ptII/ptolemy/domains/de/test/auto/VariableDelay.xml (RunModel)" time="0.014" />
  <testcase classname="ptolemy.util.test.junit.AutoTests" name="[76] /home/travis/build/icyphy/ptII/ptolemy/domains/de/test/auto/VariableDelay2.xml (RunModel)" time="0.009" />
  <testcase classname="ptolemy.util.test.junit.AutoTests" name="[77] /home/travis/build/icyphy/ptII/ptolemy/domains/de/test/auto/VariableDelayZeroDelay.xml (RunModel)" time="0.01" />
  <testcase classname="ptolemy.util.test.junit.AutoTests" name="[78] /home/travis/build/icyphy/ptII/ptolemy/domains/de/test/auto/VariableDelayZeroDelay2.xml (RunModel)" time="0.01" />
  <testcase classname="ptolemy.util.test.junit.AutoTests" name="[79] /home/travis/build/icyphy/ptII/ptolemy/domains/de/test/auto/deInCt.xml (RunModel)" time="0.016" />
  <testcase classname="ptolemy.util.test.junit.AutoTests" name="[80] /home/travis/build/icyphy/ptII/ptolemy/domains/de/test/auto/deInCt2.xml (RunModel)" time="0.014" />
  <testcase classname="ptolemy.util.test.junit.AutoTests" name="[81] /home/travis/build/icyphy/ptII/ptolemy/domains/de/test/auto/dynamicCausalityInterface1.xml (RunModel)" time="0.017" />
  <testcase classname="ptolemy.util.test.junit.AutoTests" name="[82] /home/travis/build/icyphy/ptII/ptolemy/domains/de/test/auto/fsm_de_test.xml (RunModel)" time="0.022" />
  <testcase classname="ptolemy.util.test.junit.AutoTests" name="[83] /home/travis/build/icyphy/ptII/ptolemy/domains/de/test/auto/functionDependencyReconstruction.xml (RunModel)" time="0.031" />
  <testcase classname="ptolemy.util.test.junit.AutoTests" name="[84] /home/travis/build/icyphy/ptII/ptolemy/domains/de/test/auto/multirate.xml (RunModel)" time="0.014" />
  <testcase classname="ptolemy.util.test.junit.AutoTests" name="[85] /home/travis/build/icyphy/ptII/ptolemy/domains/de/test/auto/multirate2.xml (RunModel)" time="0.014" />
  <testcase classname="ptolemy.util.test.junit.AutoTests" name="[86] /home/travis/build/icyphy/ptII/ptolemy/domains/de/test/auto/realtime.xml (RunModel)" time="10.009" />
  <testcase classname="ptolemy.util.test.junit.AutoTests" name="[87] /home/travis/build/icyphy/ptII/ptolemy/domains/de/test/auto/relationGroup.xml (RunModel)" time="0.007" />
  <testcase classname="ptolemy.util.test.junit.AutoTests" name="[88] /home/travis/build/icyphy/ptII/ptolemy/domains/de/test/auto/relationGroup2.xml (RunModel)" time="0.007" />
  <testcase classname="ptolemy.util.test.junit.AutoTests" name="[89] /home/travis/build/icyphy/ptII/ptolemy/domains/de/test/auto/sortWithOpaquePorts.xml (RunModel)" time="0.008" />
  <testcase classname="ptolemy.util.test.junit.AutoTests" name="[90] /home/travis/build/icyphy/ptII/ptolemy/domains/de/test/auto/transferInputsandOutputs.xml (RunModel)" time="0.015" />
  <testcase classname="ptolemy.util.test.junit.AutoTests" name="[91] /home/travis/build/icyphy/ptII/ptolemy/domains/de/test/auto/triggerType.xml (RunModel)" time="0.008" />
  <system-out><![CDATA[/home/travis/build/icyphy/ptII/ptolemy/domains/de/test/DependencyLoop.tcl
testDefs.tcl: setting time out to 9000 seconds at Sat May 12 00:58:12 UTC 2018
21 ms. Memory: 116224K Free: 95092K (82%)
5 ms. Memory: 146944K Free: 137851K (94%)
/home/travis/build/icyphy/ptII/ptolemy/domains/de/test/RunDETestsAsQSS.tcl
Run the DE tests using ptolemy.domains.qss.test.QSSDirectorTest, which extends QSSDirector and prints a message in the constructors.
------------------ testing $PTII/ptolemy/domains/de/test/auto/knownFailedTests/dependencyLoop.xml (Known Failure) 
7 ms. Memory: 146944K Free: 133578K (91%)


==== $PTIIhome/travis/build/icyphy/ptII/ptolemy/domains/de/test/../../../../: Auto Automatic test in file $PTII/ptolemy/domains/de/test/auto/knownFailedTests/dependencyLoop.xml
==== Contents of test case:

	    # FIXME: we should use $relativeFilename here, but it
	    # might have backslashes under Windows, which causes no end
	    # of trouble.
	    createAndExecute $file
	    list {}
	
.... Test generated KNOWN error:
    while executing
ptolemy.kernel.util.IllegalActionException: Found a zero delay loop containing .dependencyLoop.original
  in .dependencyLoop and .dependencyLoop.original
	at ptolemy.actor.util.CausalityInterfaceForComposites._computeOutputPortDepth(CausalityInterfaceForComposites.java:759)
	at ptolemy.actor.util.CausalityInterfaceForComposites._computeInputDepth(CausalityInterfaceForComposites.java:696)
	at ptolemy.actor.util.CausalityInterfaceForComposites._computeOutputPortDepth(CausalityInterfaceForComposites.java:765)
	at ptolemy.actor.util.CausalityInterfaceForComposites._computeInputDepth(CausalityInterfaceForComposites.java:696)
	at ptolemy.actor.util.CausalityInterfaceForComposites._computeOutputPortDepth(CausalityInterfaceForComposites.java:765)
	at ptolemy.actor.util.CausalityInterfaceForComposites._computeInputDepth(CausalityInterfaceForComposites.java:696)
	at ptolemy.actor.util.CausalityInterfaceForComposites._computeActorDepth(CausalityInterfaceForComposites.java:532)
	at ptolemy.actor.util.CausalityInterfaceForComposites.checkForCycles(CausalityInterfaceForComposites.java:96)
	at ptolemy.domains.de.kernel.DEDirector.preinitialize(DEDirector.java:1337)
	at ptolemy.actor.CompositeActor.preinitialize(CompositeActor.java:1828)
	at ptolemy.actor.Manager.preinitializeAndResolveTypes(Manager.java:1040)
	at ptolemy.actor.Manager.initialize(Manager.java:710)
	at ptolemy.actor.Manager.execute(Manager.java:356)
	at ptolemy.actor.Manager.run(Manager.java:1263)
	at ptolemy.actor.Manager$PtolemyRunThread.run(Manager.java:1915)

    while executing
ptolemy.kernel.util.IllegalActionException: Found a zero delay loop containing .dependencyLoop.original
  in .dependencyLoop and .dependencyLoop.original
    while executing
"java::new ptolemy.moml.MoMLSimpleApplication $file
"
    (procedure "createAndExecute" line 2)
    invoked from within
"createAndExecute $file"
    ("uplevel" body line 5)
    invoked from within
"uplevel $contents_of_test"
------------------ testing $PTII/ptolemy/domains/de/test/auto/knownFailedTests/DESDFClockTest.xml (Known Failure) 
2100 ms. Memory: 146944K Free: 117792K (80%)


==== $PTIIhome/travis/build/icyphy/ptII/ptolemy/domains/de/test/../../../../: Auto Automatic test in file $PTII/ptolemy/domains/de/test/auto/knownFailedTests/DESDFClockTest.xml
==== Contents of test case:

	    # FIXME: we should use $relativeFilename here, but it
	    # might have backslashes under Windows, which causes no end
	    # of trouble.
	    createAndExecute $file
	    list {}
	
.... Test generated KNOWN error:
    while executing
ptolemy.kernel.util.IllegalActionException: Actor is not ready to fire.  Perhaps UpSample.prefire() returned false? Try debugging the actor by selecting "Listen to Actor".  Also, for SDF check moml for tokenConsumptionRate on input.
  in .DESDFClockTest.Play Bell.Copy1:SDF Director and .DESDFClockTest.Play Bell.UpSample
	at ptolemy.actor.sched.StaticSchedulingDirector.fire(StaticSchedulingDirector.java:227)
	at ptolemy.domains.sdf.kernel.SDFDirector.fire(SDFDirector.java:500)
	at ptolemy.actor.CompositeActor.fire(CompositeActor.java:455)
	at ptolemy.domains.de.kernel.DEDirector._fire(DEDirector.java:1948)
	at ptolemy.domains.de.kernel.DEDirector.fire(DEDirector.java:502)
	at ptolemy.actor.CompositeActor.fire(CompositeActor.java:455)
	at ptolemy.actor.Manager.iterate(Manager.java:851)
	at ptolemy.actor.Manager.execute(Manager.java:369)
	at ptolemy.actor.Manager.run(Manager.java:1263)
	at ptolemy.actor.Manager$PtolemyRunThread.run(Manager.java:1915)

    while executing
ptolemy.kernel.util.IllegalActionException: Actor is not ready to fire.  Perhaps UpSample.prefire() returned false? Try debugging the actor by selecting "Listen to Actor".  Also, for SDF check moml for tokenConsumptionRate on input.
  in .DESDFClockTest.Play Bell.Copy1:SDF Director and .DESDFClockTest.Play Bell.UpSample
    while executing
"java::new ptolemy.moml.MoMLSimpleApplication $file
"
    (procedure "createAndExecute" line 2)
    invoked from within
"createAndExecute $file"
    ("uplevel" body line 5)
    invoked from within
"uplevel $contents_of_test"
------------------ testing $PTII/ptolemy/domains/de/test/auto/knownFailedTests/FSMSource.xml (Known Failure) 
35 ms. Memory: 146944K Free: 108776K (74%)
!!!! Auto was marked as failing, but now passes
------------------ testing $PTII/ptolemy/domains/de/test/auto/knownFailedTests/dependencyLoop2.xml (Known Failure) 
6 ms. Memory: 146944K Free: 106893K (73%)


==== $PTIIhome/travis/build/icyphy/ptII/ptolemy/domains/de/test/../../../../: Auto Automatic test in file $PTII/ptolemy/domains/de/test/auto/knownFailedTests/dependencyLoop2.xml
==== Contents of test case:

	    # FIXME: we should use $relativeFilename here, but it
	    # might have backslashes under Windows, which causes no end
	    # of trouble.
	    createAndExecute $file
	    list {}
	
.... Test generated KNOWN error:
    while executing
ptolemy.kernel.util.IllegalActionException: Found a zero delay loop containing .dependencyLoop2.original
  in .dependencyLoop2 and .dependencyLoop2.original
	at ptolemy.actor.util.CausalityInterfaceForComposites._computeOutputPortDepth(CausalityInterfaceForComposites.java:759)
	at ptolemy.actor.util.CausalityInterfaceForComposites._computeInputDepth(CausalityInterfaceForComposites.java:696)
	at ptolemy.actor.util.CausalityInterfaceForComposites._computeOutputPortDepth(CausalityInterfaceForComposites.java:765)
	at ptolemy.actor.util.CausalityInterfaceForComposites._computeInputDepth(CausalityInterfaceForComposites.java:696)
	at ptolemy.actor.util.CausalityInterfaceForComposites._computeOutputPortDepth(CausalityInterfaceForComposites.java:765)
	at ptolemy.actor.util.CausalityInterfaceForComposites._computeInputDepth(CausalityInterfaceForComposites.java:696)
	at ptolemy.actor.util.CausalityInterfaceForComposites._computeActorDepth(CausalityInterfaceForComposites.java:532)
	at ptolemy.actor.util.CausalityInterfaceForComposites.checkForCycles(CausalityInterfaceForComposites.java:96)
	at ptolemy.domains.de.kernel.DEDirector.preinitialize(DEDirector.java:1337)
	at ptolemy.actor.CompositeActor.preinitialize(CompositeActor.java:1828)
	at ptolemy.actor.Manager.preinitializeAndResolveTypes(Manager.java:1040)
	at ptolemy.actor.Manager.initialize(Manager.java:710)
	at ptolemy.actor.Manager.execute(Manager.java:356)
	at ptolemy.actor.Manager.run(Manager.java:1263)
	at ptolemy.actor.Manager$PtolemyRunThread.run(Manager.java:1915)

    while executing
ptolemy.kernel.util.IllegalActionException: Found a zero delay loop containing .dependencyLoop2.original
  in .dependencyLoop2 and .dependencyLoop2.original
    while executing
"java::new ptolemy.moml.MoMLSimpleApplication $file
"
    (procedure "createAndExecute" line 2)
    invoked from within
"createAndExecute $file"
    ("uplevel" body line 5)
    invoked from within
"uplevel $contents_of_test"
------------------ testing $PTII/ptolemy/domains/de/test/auto/knownFailedTests/HierarchicalModel.xml (Known Failure) 
5 ms. Memory: 146944K Free: 86380K (59%)


==== $PTIIhome/travis/build/icyphy/ptII/ptolemy/domains/de/test/../../../../: Auto Automatic test in file $PTII/ptolemy/domains/de/test/auto/knownFailedTests/HierarchicalModel.xml
==== Contents of test case:

	    # FIXME: we should use $relativeFilename here, but it
	    # might have backslashes under Windows, which causes no end
	    # of trouble.
	    createAndExecute $file
	    list {}
	
.... Test generated KNOWN error:
    while executing
ptolemy.kernel.util.IllegalActionException: Found a zero delay loop containing .HierarchicalModel.A
  in .HierarchicalModel and .HierarchicalModel.A
	at ptolemy.actor.util.CausalityInterfaceForComposites._computeOutputPortDepth(CausalityInterfaceForComposites.java:759)
	at ptolemy.actor.util.CausalityInterfaceForComposites._computeInputDepth(CausalityInterfaceForComposites.java:696)
	at ptolemy.actor.util.CausalityInterfaceForComposites._computeOutputPortDepth(CausalityInterfaceForComposites.java:765)
	at ptolemy.actor.util.CausalityInterfaceForComposites._computeInputDepth(CausalityInterfaceForComposites.java:696)
	at ptolemy.actor.util.CausalityInterfaceForComposites._computeOutputPortDepth(CausalityInterfaceForComposites.java:765)
	at ptolemy.actor.util.CausalityInterfaceForComposites._computeInputDepth(CausalityInterfaceForComposites.java:696)
	at ptolemy.actor.util.CausalityInterfaceForComposites._computeActorDepth(CausalityInterfaceForComposites.java:532)
	at ptolemy.actor.util.CausalityInterfaceForComposites.checkForCycles(CausalityInterfaceForComposites.java:96)
	at ptolemy.domains.de.kernel.DEDirector.preinitialize(DEDirector.java:1337)
	at ptolemy.actor.CompositeActor.preinitialize(CompositeActor.java:1828)
	at ptolemy.actor.Manager.preinitializeAndResolveTypes(Manager.java:1040)
	at ptolemy.actor.Manager.initialize(Manager.java:710)
	at ptolemy.actor.Manager.execute(Manager.java:356)
	at ptolemy.actor.Manager.run(Manager.java:1263)
	at ptolemy.actor.Manager$PtolemyRunThread.run(Manager.java:1915)

    while executing
ptolemy.kernel.util.IllegalActionException: Found a zero delay loop containing .HierarchicalModel.A
  in .HierarchicalModel and .HierarchicalModel.A
    while executing
"java::new ptolemy.moml.MoMLSimpleApplication $file
"
    (procedure "createAndExecute" line 2)
    invoked from within
"createAndExecute $file"
    ("uplevel" body line 5)
    invoked from within
"uplevel $contents_of_test"
------------------ testing $PTII/ptolemy/domains/de/test/auto/knownFailedTests/DirectFeedback.xml (Known Failure) 
19 ms. Memory: 146944K Free: 142607K (97%)


==== $PTIIhome/travis/build/icyphy/ptII/ptolemy/domains/de/test/../../../../: Auto Automatic test in file $PTII/ptolemy/domains/de/test/auto/knownFailedTests/DirectFeedback.xml
==== Contents of test case:

	    # FIXME: we should use $relativeFilename here, but it
	    # might have backslashes under Windows, which causes no end
	    # of trouble.
	    createAndExecute $file
	    list {}
	
.... Test generated KNOWN error:
    while executing
ptolemy.kernel.util.IllegalActionException: Test fails in iteration 1.
Value was: 1.0. Should have been: 2.0
  in .DirectFeedback.Test
	at ptolemy.actor.lib.Test.fire(Test.java:268)
	at ptolemy.domains.de.kernel.DEDirector._fire(DEDirector.java:1948)
	at ptolemy.domains.de.kernel.DEDirector.fire(DEDirector.java:502)
	at ptolemy.actor.CompositeActor.fire(CompositeActor.java:455)
	at ptolemy.actor.Manager.iterate(Manager.java:851)
	at ptolemy.actor.Manager.execute(Manager.java:369)
	at ptolemy.actor.Manager.run(Manager.java:1263)
	at ptolemy.actor.Manager$PtolemyRunThread.run(Manager.java:1915)

    while executing
ptolemy.kernel.util.IllegalActionException: Test fails in iteration 1.
Value was: 1.0. Should have been: 2.0
  in .DirectFeedback.Test
    while executing
"java::new ptolemy.moml.MoMLSimpleApplication $file
"
    (procedure "createAndExecute" line 2)
    invoked from within
"createAndExecute $file"
    ("uplevel" body line 5)
    invoked from within
"uplevel $contents_of_test"
------------------ testing $PTII/ptolemy/domains/de/test/auto/ActorDepthCalculation_actorWithoutPorts.xml
auto.tcl: Setting watchdog for 200 seconds at Sat May 12 00:58:16 UTC 2018
8 ms. Memory: 146944K Free: 133635K (91%)
ptolemy.util.test.WatchDog.cancel(): canceling Sat May 12 00:58:16 UTC 2018
auto.tcl: Setting watchdog for 200 seconds at Sat May 12 00:58:16 UTC 2018
3 ms. Memory: 146944K Free: 132595K (90%)
ptolemy.util.test.WatchDog.cancel(): canceling Sat May 12 00:58:16 UTC 2018
------------------ testing $PTII/ptolemy/domains/de/test/auto/AssemblyLine.xml
auto.tcl: Setting watchdog for 200 seconds at Sat May 12 00:58:16 UTC 2018
10 ms. Memory: 208384K Free: 186373K (89%)
ptolemy.util.test.WatchDog.cancel(): canceling Sat May 12 00:58:16 UTC 2018
auto.tcl: Setting watchdog for 200 seconds at Sat May 12 00:58:16 UTC 2018
6 ms. Memory: 208384K Free: 186373K (89%)
ptolemy.util.test.WatchDog.cancel(): canceling Sat May 12 00:58:16 UTC 2018
------------------ testing $PTII/ptolemy/domains/de/test/auto/CQBug1.xml
auto.tcl: Setting watchdog for 200 seconds at Sat May 12 00:58:16 UTC 2018
2 ms. Memory: 208384K Free: 197747K (95%)
ptolemy.util.test.WatchDog.cancel(): canceling Sat May 12 00:58:16 UTC 2018
auto.tcl: Setting watchdog for 200 seconds at Sat May 12 00:58:16 UTC 2018
2 ms. Memory: 208384K Free: 197747K (95%)
ptolemy.util.test.WatchDog.cancel(): canceling Sat May 12 00:58:16 UTC 2018
------------------ testing $PTII/ptolemy/domains/de/test/auto/CancelFireAt.xml
auto.tcl: Setting watchdog for 200 seconds at Sat May 12 00:58:17 UTC 2018
4 ms. Memory: 208384K Free: 199368K (96%)
ptolemy.util.test.WatchDog.cancel(): canceling Sat May 12 00:58:17 UTC 2018
auto.tcl: Setting watchdog for 200 seconds at Sat May 12 00:58:17 UTC 2018
12 ms. Memory: 208384K Free: 199030K (96%)
ptolemy.util.test.WatchDog.cancel(): canceling Sat May 12 00:58:17 UTC 2018
------------------ testing $PTII/ptolemy/domains/de/test/auto/CausalityAndComposabilityAnalysis.xml
auto.tcl: Setting watchdog for 200 seconds at Sat May 12 00:58:17 UTC 2018
14 ms. Memory: 208384K Free: 196541K (94%)
ptolemy.util.test.WatchDog.cancel(): canceling Sat May 12 00:58:17 UTC 2018
auto.tcl: Setting watchdog for 200 seconds at Sat May 12 00:58:17 UTC 2018
5 ms. Memory: 208384K Free: 196541K (94%)
ptolemy.util.test.WatchDog.cancel(): canceling Sat May 12 00:58:17 UTC 2018
------------------ testing $PTII/ptolemy/domains/de/test/auto/CausalityInterface1.xml
auto.tcl: Setting watchdog for 200 seconds at Sat May 12 00:58:17 UTC 2018
9 ms. Memory: 208384K Free: 196478K (94%)
ptolemy.util.test.WatchDog.cancel(): canceling Sat May 12 00:58:17 UTC 2018
auto.tcl: Setting watchdog for 200 seconds at Sat May 12 00:58:17 UTC 2018
4 ms. Memory: 208384K Free: 196478K (94%)
ptolemy.util.test.WatchDog.cancel(): canceling Sat May 12 00:58:17 UTC 2018
------------------ testing $PTII/ptolemy/domains/de/test/auto/CausalityInterface15.xml
auto.tcl: Setting watchdog for 200 seconds at Sat May 12 00:58:17 UTC 2018
5 ms. Memory: 208384K Free: 196470K (94%)
ptolemy.util.test.WatchDog.cancel(): canceling Sat May 12 00:58:17 UTC 2018
auto.tcl: Setting watchdog for 200 seconds at Sat May 12 00:58:17 UTC 2018
5 ms. Memory: 208384K Free: 194383K (93%)
ptolemy.util.test.WatchDog.cancel(): canceling Sat May 12 00:58:17 UTC 2018
------------------ testing $PTII/ptolemy/domains/de/test/auto/CausalityInterface2.xml
auto.tcl: Setting watchdog for 200 seconds at Sat May 12 00:58:17 UTC 2018
9 ms. Memory: 208384K Free: 196454K (94%)
ptolemy.util.test.WatchDog.cancel(): canceling Sat May 12 00:58:17 UTC 2018
auto.tcl: Setting watchdog for 200 seconds at Sat May 12 00:58:17 UTC 2018
7 ms. Memory: 208384K Free: 196454K (94%)
ptolemy.util.test.WatchDog.cancel(): canceling Sat May 12 00:58:17 UTC 2018
------------------ testing $PTII/ptolemy/domains/de/test/auto/CausalityInterface3.xml
auto.tcl: Setting watchdog for 200 seconds at Sat May 12 00:58:17 UTC 2018
3 ms. Memory: 208384K Free: 196467K (94%)
ptolemy.util.test.WatchDog.cancel(): canceling Sat May 12 00:58:17 UTC 2018
auto.tcl: Setting watchdog for 200 seconds at Sat May 12 00:58:17 UTC 2018
8 ms. Memory: 208384K Free: 196467K (94%)
ptolemy.util.test.WatchDog.cancel(): canceling Sat May 12 00:58:17 UTC 2018
------------------ testing $PTII/ptolemy/domains/de/test/auto/ClockDrift.xml
auto.tcl: Setting watchdog for 200 seconds at Sat May 12 00:58:17 UTC 2018
95 ms. Memory: 208384K Free: 187737K (90%)
ptolemy.util.test.WatchDog.cancel(): canceling Sat May 12 00:58:17 UTC 2018
auto.tcl: Setting watchdog for 200 seconds at Sat May 12 00:58:17 UTC 2018
50 ms. Memory: 208384K Free: 185651K (89%)
ptolemy.util.test.WatchDog.cancel(): canceling Sat May 12 00:58:17 UTC 2018
------------------ testing $PTII/ptolemy/domains/de/test/auto/ClockDriftAndValueChange.xml
auto.tcl: Setting watchdog for 200 seconds at Sat May 12 00:58:17 UTC 2018
42 ms. Memory: 208384K Free: 187571K (90%)
ptolemy.util.test.WatchDog.cancel(): canceling Sat May 12 00:58:17 UTC 2018
auto.tcl: Setting watchdog for 200 seconds at Sat May 12 00:58:17 UTC 2018
35 ms. Memory: 208384K Free: 185484K (89%)
ptolemy.util.test.WatchDog.cancel(): canceling Sat May 12 00:58:17 UTC 2018
------------------ testing $PTII/ptolemy/domains/de/test/auto/ClockDriftChange.xml
auto.tcl: Setting watchdog for 200 seconds at Sat May 12 00:58:18 UTC 2018
19 ms. Memory: 208384K Free: 190880K (92%)
ptolemy.util.test.WatchDog.cancel(): canceling Sat May 12 00:58:18 UTC 2018
auto.tcl: Setting watchdog for 200 seconds at Sat May 12 00:58:18 UTC 2018
23 ms. Memory: 208384K Free: 188793K (91%)
ptolemy.util.test.WatchDog.cancel(): canceling Sat May 12 00:58:18 UTC 2018
------------------ testing $PTII/ptolemy/domains/de/test/auto/ComposableCausalityAnalysis.xml
auto.tcl: Setting watchdog for 200 seconds at Sat May 12 00:58:18 UTC 2018
2 ms. Memory: 208384K Free: 196321K (94%)
ptolemy.util.test.WatchDog.cancel(): canceling Sat May 12 00:58:18 UTC 2018
auto.tcl: Setting watchdog for 200 seconds at Sat May 12 00:58:18 UTC 2018
2 ms. Memory: 208384K Free: 194234K (93%)
ptolemy.util.test.WatchDog.cancel(): canceling Sat May 12 00:58:18 UTC 2018
------------------ testing $PTII/ptolemy/domains/de/test/auto/DEFixedPointLimitation.xml
auto.tcl: Setting watchdog for 200 seconds at Sat May 12 00:58:18 UTC 2018
2 ms. Memory: 208384K Free: 196401K (94%)
ptolemy.util.test.WatchDog.cancel(): canceling Sat May 12 00:58:18 UTC 2018
auto.tcl: Setting watchdog for 200 seconds at Sat May 12 00:58:18 UTC 2018
1 ms. Memory: 208384K Free: 196401K (94%)
ptolemy.util.test.WatchDog.cancel(): canceling Sat May 12 00:58:18 UTC 2018
------------------ testing $PTII/ptolemy/domains/de/test/auto/DEScheduleTest.xml
auto.tcl: Setting watchdog for 200 seconds at Sat May 12 00:58:18 UTC 2018
3 ms. Memory: 208384K Free: 198523K (95%)
ptolemy.util.test.WatchDog.cancel(): canceling Sat May 12 00:58:18 UTC 2018
auto.tcl: Setting watchdog for 200 seconds at Sat May 12 00:58:18 UTC 2018
6 ms. Memory: 208384K Free: 196436K (94%)
ptolemy.util.test.WatchDog.cancel(): canceling Sat May 12 00:58:18 UTC 2018
------------------ testing $PTII/ptolemy/domains/de/test/auto/DEinDEwithStartTimes.xml
auto.tcl: Setting watchdog for 200 seconds at Sat May 12 00:58:18 UTC 2018
3 ms. Memory: 208384K Free: 196405K (94%)
ptolemy.util.test.WatchDog.cancel(): canceling Sat May 12 00:58:18 UTC 2018
auto.tcl: Setting watchdog for 200 seconds at Sat May 12 00:58:18 UTC 2018
5 ms. Memory: 208384K Free: 194319K (93%)
ptolemy.util.test.WatchDog.cancel(): canceling Sat May 12 00:58:18 UTC 2018
------------------ testing $PTII/ptolemy/domains/de/test/auto/DEinDEwithStartTimes2.xml
auto.tcl: Setting watchdog for 200 seconds at Sat May 12 00:58:18 UTC 2018
4 ms. Memory: 208384K Free: 196724K (94%)
ptolemy.util.test.WatchDog.cancel(): canceling Sat May 12 00:58:18 UTC 2018
auto.tcl: Setting watchdog for 200 seconds at Sat May 12 00:58:18 UTC 2018
4 ms. Memory: 208384K Free: 194299K (93%)
ptolemy.util.test.WatchDog.cancel(): canceling Sat May 12 00:58:18 UTC 2018
------------------ testing $PTII/ptolemy/domains/de/test/auto/DateDemo.xml
auto.tcl: Setting watchdog for 200 seconds at Sat May 12 00:58:18 UTC 2018
7 ms. Memory: 208384K Free: 188863K (91%)
ptolemy.util.test.WatchDog.cancel(): canceling Sat May 12 00:58:18 UTC 2018
auto.tcl: Setting watchdog for 200 seconds at Sat May 12 00:58:18 UTC 2018
6 ms. Memory: 208384K Free: 186777K (90%)
ptolemy.util.test.WatchDog.cancel(): canceling Sat May 12 00:58:18 UTC 2018
------------------ testing $PTII/ptolemy/domains/de/test/auto/DateToEvent.xml
auto.tcl: Setting watchdog for 200 seconds at Sat May 12 00:58:18 UTC 2018
2021 ms. Memory: 208384K Free: 183618K (88%)
ptolemy.util.test.WatchDog.cancel(): canceling Sat May 12 00:58:20 UTC 2018
auto.tcl: Setting watchdog for 200 seconds at Sat May 12 00:58:20 UTC 2018
2004 ms. Memory: 208384K Free: 181160K (87%)
ptolemy.util.test.WatchDog.cancel(): canceling Sat May 12 00:58:22 UTC 2018
------------------ testing $PTII/ptolemy/domains/de/test/auto/DepthTest1.xml
auto.tcl: Setting watchdog for 200 seconds at Sat May 12 00:58:22 UTC 2018
3 ms. Memory: 208384K Free: 198052K (95%)
ptolemy.util.test.WatchDog.cancel(): canceling Sat May 12 00:58:22 UTC 2018
auto.tcl: Setting watchdog for 200 seconds at Sat May 12 00:58:22 UTC 2018
6 ms. Memory: 208384K Free: 198052K (95%)
ptolemy.util.test.WatchDog.cancel(): canceling Sat May 12 00:58:22 UTC 2018
------------------ testing $PTII/ptolemy/domains/de/test/auto/DepthTest2.xml
auto.tcl: Setting watchdog for 200 seconds at Sat May 12 00:58:22 UTC 2018
7 ms. Memory: 208384K Free: 191822K (92%)
ptolemy.util.test.WatchDog.cancel(): canceling Sat May 12 00:58:22 UTC 2018
auto.tcl: Setting watchdog for 200 seconds at Sat May 12 00:58:22 UTC 2018
7 ms. Memory: 208384K Free: 191822K (92%)
ptolemy.util.test.WatchDog.cancel(): canceling Sat May 12 00:58:22 UTC 2018
------------------ testing $PTII/ptolemy/domains/de/test/auto/DepthTest3.xml
auto.tcl: Setting watchdog for 200 seconds at Sat May 12 00:58:22 UTC 2018
8 ms. Memory: 208384K Free: 198795K (95%)
ptolemy.util.test.WatchDog.cancel(): canceling Sat May 12 00:58:22 UTC 2018
auto.tcl: Setting watchdog for 200 seconds at Sat May 12 00:58:22 UTC 2018
1 ms. Memory: 208384K Free: 198795K (95%)
ptolemy.util.test.WatchDog.cancel(): canceling Sat May 12 00:58:22 UTC 2018
------------------ testing $PTII/ptolemy/domains/de/test/auto/DepthTest4.xml
auto.tcl: Setting watchdog for 200 seconds at Sat May 12 00:58:23 UTC 2018
6 ms. Memory: 208384K Free: 196386K (94%)
ptolemy.util.test.WatchDog.cancel(): canceling Sat May 12 00:58:23 UTC 2018
auto.tcl: Setting watchdog for 200 seconds at Sat May 12 00:58:23 UTC 2018
2 ms. Memory: 208384K Free: 196386K (94%)
ptolemy.util.test.WatchDog.cancel(): canceling Sat May 12 00:58:23 UTC 2018
------------------ testing $PTII/ptolemy/domains/de/test/auto/DepthTest5.xml
auto.tcl: Setting watchdog for 200 seconds at Sat May 12 00:58:23 UTC 2018
7 ms. Memory: 208384K Free: 196334K (94%)
ptolemy.util.test.WatchDog.cancel(): canceling Sat May 12 00:58:23 UTC 2018
auto.tcl: Setting watchdog for 200 seconds at Sat May 12 00:58:23 UTC 2018
3 ms. Memory: 208384K Free: 196334K (94%)
ptolemy.util.test.WatchDog.cancel(): canceling Sat May 12 00:58:23 UTC 2018
------------------ testing $PTII/ptolemy/domains/de/test/auto/DepthTest6.xml
auto.tcl: Setting watchdog for 200 seconds at Sat May 12 00:58:23 UTC 2018
7 ms. Memory: 208384K Free: 196311K (94%)
ptolemy.util.test.WatchDog.cancel(): canceling Sat May 12 00:58:23 UTC 2018
auto.tcl: Setting watchdog for 200 seconds at Sat May 12 00:58:23 UTC 2018
2 ms. Memory: 208384K Free: 196311K (94%)
ptolemy.util.test.WatchDog.cancel(): canceling Sat May 12 00:58:23 UTC 2018
------------------ testing $PTII/ptolemy/domains/de/test/auto/DepthTest7.xml
auto.tcl: Setting watchdog for 200 seconds at Sat May 12 00:58:23 UTC 2018
6 ms. Memory: 208384K Free: 196290K (94%)
ptolemy.util.test.WatchDog.cancel(): canceling Sat May 12 00:58:23 UTC 2018
auto.tcl: Setting watchdog for 200 seconds at Sat May 12 00:58:23 UTC 2018
2 ms. Memory: 208384K Free: 196290K (94%)
ptolemy.util.test.WatchDog.cancel(): canceling Sat May 12 00:58:23 UTC 2018
------------------ testing $PTII/ptolemy/domains/de/test/auto/EventToDate.xml
auto.tcl: Setting watchdog for 200 seconds at Sat May 12 00:58:23 UTC 2018
3006 ms. Memory: 208384K Free: 185878K (89%)
ptolemy.util.test.WatchDog.cancel(): canceling Sat May 12 00:58:26 UTC 2018
auto.tcl: Setting watchdog for 200 seconds at Sat May 12 00:58:26 UTC 2018
3004 ms. Memory: 208384K Free: 185878K (89%)
ptolemy.util.test.WatchDog.cancel(): canceling Sat May 12 00:58:29 UTC 2018
------------------ testing $PTII/ptolemy/domains/de/test/auto/FSM1.xml
auto.tcl: Setting watchdog for 200 seconds at Sat May 12 00:58:29 UTC 2018
24 ms. Memory: 208384K Free: 189707K (91%)
ptolemy.util.test.WatchDog.cancel(): canceling Sat May 12 00:58:29 UTC 2018
auto.tcl: Setting watchdog for 200 seconds at Sat May 12 00:58:29 UTC 2018
21 ms. Memory: 208384K Free: 185196K (89%)
ptolemy.util.test.WatchDog.cancel(): canceling Sat May 12 00:58:29 UTC 2018
------------------ testing $PTII/ptolemy/domains/de/test/auto/FSM7.xml
auto.tcl: Setting watchdog for 200 seconds at Sat May 12 00:58:29 UTC 2018
12 ms. Memory: 208384K Free: 187487K (90%)
ptolemy.util.test.WatchDog.cancel(): canceling Sat May 12 00:58:29 UTC 2018
auto.tcl: Setting watchdog for 200 seconds at Sat May 12 00:58:29 UTC 2018
16 ms. Memory: 208384K Free: 185400K (89%)
ptolemy.util.test.WatchDog.cancel(): canceling Sat May 12 00:58:29 UTC 2018
------------------ testing $PTII/ptolemy/domains/de/test/auto/Inspection.xml
auto.tcl: Setting watchdog for 200 seconds at Sat May 12 00:58:29 UTC 2018
42 ms. Memory: 208384K Free: 188701K (91%)
ptolemy.util.test.WatchDog.cancel(): canceling Sat May 12 00:58:29 UTC 2018
auto.tcl: Setting watchdog for 200 seconds at Sat May 12 00:58:29 UTC 2018
18 ms. Memory: 208384K Free: 186614K (90%)
ptolemy.util.test.WatchDog.cancel(): canceling Sat May 12 00:58:29 UTC 2018
------------------ testing $PTII/ptolemy/domains/de/test/auto/Iteration.xml
auto.tcl: Setting watchdog for 200 seconds at Sat May 12 00:58:29 UTC 2018
9 ms. Memory: 208384K Free: 194350K (93%)
ptolemy.util.test.WatchDog.cancel(): canceling Sat May 12 00:58:29 UTC 2018
auto.tcl: Setting watchdog for 200 seconds at Sat May 12 00:58:29 UTC 2018
8 ms. Memory: 208384K Free: 194012K (93%)
ptolemy.util.test.WatchDog.cancel(): canceling Sat May 12 00:58:29 UTC 2018
------------------ testing $PTII/ptolemy/domains/de/test/auto/LineFault.xml
auto.tcl: Setting watchdog for 200 seconds at Sat May 12 00:58:29 UTC 2018
658 ms. Memory: 208384K Free: 196243K (94%)
ptolemy.util.test.WatchDog.cancel(): canceling Sat May 12 00:58:30 UTC 2018
auto.tcl: Setting watchdog for 200 seconds at Sat May 12 00:58:30 UTC 2018
534 ms. Memory: 208384K Free: 139259K (67%)
ptolemy.util.test.WatchDog.cancel(): canceling Sat May 12 00:58:31 UTC 2018
------------------ testing $PTII/ptolemy/domains/de/test/auto/MergeModel1Add.xml
auto.tcl: Setting watchdog for 200 seconds at Sat May 12 00:58:31 UTC 2018
23 ms. Memory: 331264K Free: 302848K (91%)
ptolemy.util.test.WatchDog.cancel(): canceling Sat May 12 00:58:31 UTC 2018
auto.tcl: Setting watchdog for 200 seconds at Sat May 12 00:58:31 UTC 2018
10 ms. Memory: 331264K Free: 298905K (90%)
ptolemy.util.test.WatchDog.cancel(): canceling Sat May 12 00:58:31 UTC 2018
------------------ testing $PTII/ptolemy/domains/de/test/auto/MergeModel2Add.xml
auto.tcl: Setting watchdog for 200 seconds at Sat May 12 00:58:31 UTC 2018
8 ms. Memory: 331264K Free: 304186K (92%)
ptolemy.util.test.WatchDog.cancel(): canceling Sat May 12 00:58:31 UTC 2018
auto.tcl: Setting watchdog for 200 seconds at Sat May 12 00:58:31 UTC 2018
7 ms. Memory: 331264K Free: 300244K (91%)
ptolemy.util.test.WatchDog.cancel(): canceling Sat May 12 00:58:31 UTC 2018
------------------ testing $PTII/ptolemy/domains/de/test/auto/MergeModel3Add.xml
auto.tcl: Setting watchdog for 200 seconds at Sat May 12 00:58:31 UTC 2018
7 ms. Memory: 331264K Free: 304197K (92%)
ptolemy.util.test.WatchDog.cancel(): canceling Sat May 12 00:58:31 UTC 2018
auto.tcl: Setting watchdog for 200 seconds at Sat May 12 00:58:31 UTC 2018
6 ms. Memory: 331264K Free: 300255K (91%)
ptolemy.util.test.WatchDog.cancel(): canceling Sat May 12 00:58:31 UTC 2018
------------------ testing $PTII/ptolemy/domains/de/test/auto/MergeWithoutDiscard.xml
auto.tcl: Setting watchdog for 200 seconds at Sat May 12 00:58:31 UTC 2018
2 ms. Memory: 331264K Free: 320248K (97%)
ptolemy.util.test.WatchDog.cancel(): canceling Sat May 12 00:58:31 UTC 2018
auto.tcl: Setting watchdog for 200 seconds at Sat May 12 00:58:31 UTC 2018
2 ms. Memory: 331264K Free: 316021K (95%)
ptolemy.util.test.WatchDog.cancel(): canceling Sat May 12 00:58:31 UTC 2018
------------------ testing $PTII/ptolemy/domains/de/test/auto/Modal1.xml
auto.tcl: Setting watchdog for 200 seconds at Sat May 12 00:58:31 UTC 2018
11 ms. Memory: 331264K Free: 309919K (94%)
ptolemy.util.test.WatchDog.cancel(): canceling Sat May 12 00:58:31 UTC 2018
auto.tcl: Setting watchdog for 200 seconds at Sat May 12 00:58:31 UTC 2018
10 ms. Memory: 331264K Free: 305977K (92%)
ptolemy.util.test.WatchDog.cancel(): canceling Sat May 12 00:58:31 UTC 2018
------------------ testing $PTII/ptolemy/domains/de/test/auto/Modal2.xml
auto.tcl: Setting watchdog for 200 seconds at Sat May 12 00:58:32 UTC 2018
23 ms. Memory: 331264K Free: 309777K (94%)
ptolemy.util.test.WatchDog.cancel(): canceling Sat May 12 00:58:32 UTC 2018
auto.tcl: Setting watchdog for 200 seconds at Sat May 12 00:58:32 UTC 2018
11 ms. Memory: 331264K Free: 305835K (92%)
ptolemy.util.test.WatchDog.cancel(): canceling Sat May 12 00:58:32 UTC 2018
------------------ testing $PTII/ptolemy/domains/de/test/auto/Modal3.xml
auto.tcl: Setting watchdog for 200 seconds at Sat May 12 00:58:32 UTC 2018
9 ms. Memory: 331264K Free: 309791K (94%)
ptolemy.util.test.WatchDog.cancel(): canceling Sat May 12 00:58:32 UTC 2018
auto.tcl: Setting watchdog for 200 seconds at Sat May 12 00:58:32 UTC 2018
9 ms. Memory: 331264K Free: 305849K (92%)
ptolemy.util.test.WatchDog.cancel(): canceling Sat May 12 00:58:32 UTC 2018
------------------ testing $PTII/ptolemy/domains/de/test/auto/Modal4.xml
auto.tcl: Setting watchdog for 200 seconds at Sat May 12 00:58:32 UTC 2018
12 ms. Memory: 331264K Free: 309804K (94%)
ptolemy.util.test.WatchDog.cancel(): canceling Sat May 12 00:58:32 UTC 2018
auto.tcl: Setting watchdog for 200 seconds at Sat May 12 00:58:32 UTC 2018
16 ms. Memory: 331264K Free: 305862K (92%)
ptolemy.util.test.WatchDog.cancel(): canceling Sat May 12 00:58:32 UTC 2018
------------------ testing $PTII/ptolemy/domains/de/test/auto/Modal5.xml
auto.tcl: Setting watchdog for 200 seconds at Sat May 12 00:58:32 UTC 2018
15 ms. Memory: 331264K Free: 309792K (94%)
ptolemy.util.test.WatchDog.cancel(): canceling Sat May 12 00:58:32 UTC 2018
auto.tcl: Setting watchdog for 200 seconds at Sat May 12 00:58:32 UTC 2018
11 ms. Memory: 331264K Free: 305849K (92%)
ptolemy.util.test.WatchDog.cancel(): canceling Sat May 12 00:58:32 UTC 2018
------------------ testing $PTII/ptolemy/domains/de/test/auto/Modal6.xml
auto.tcl: Setting watchdog for 200 seconds at Sat May 12 00:58:32 UTC 2018
16 ms. Memory: 331264K Free: 309788K (94%)
ptolemy.util.test.WatchDog.cancel(): canceling Sat May 12 00:58:32 UTC 2018
auto.tcl: Setting watchdog for 200 seconds at Sat May 12 00:58:32 UTC 2018
14 ms. Memory: 331264K Free: 305846K (92%)
ptolemy.util.test.WatchDog.cancel(): canceling Sat May 12 00:58:32 UTC 2018
------------------ testing $PTII/ptolemy/domains/de/test/auto/Modal7.xml
auto.tcl: Setting watchdog for 200 seconds at Sat May 12 00:58:32 UTC 2018
19 ms. Memory: 331264K Free: 309788K (94%)
ptolemy.util.test.WatchDog.cancel(): canceling Sat May 12 00:58:32 UTC 2018
auto.tcl: Setting watchdog for 200 seconds at Sat May 12 00:58:32 UTC 2018
11 ms. Memory: 331264K Free: 305846K (92%)
ptolemy.util.test.WatchDog.cancel(): canceling Sat May 12 00:58:32 UTC 2018
------------------ testing $PTII/ptolemy/domains/de/test/auto/ModalModel.xml
auto.tcl: Setting watchdog for 200 seconds at Sat May 12 00:58:32 UTC 2018
182 ms. Memory: 331264K Free: 246101K (74%)
ptolemy.util.test.WatchDog.cancel(): canceling Sat May 12 00:58:32 UTC 2018
auto.tcl: Setting watchdog for 200 seconds at Sat May 12 00:58:32 UTC 2018
162 ms. Memory: 331264K Free: 190910K (58%)
ptolemy.util.test.WatchDog.cancel(): canceling Sat May 12 00:58:33 UTC 2018
------------------ testing $PTII/ptolemy/domains/de/test/auto/ModalSource.xml
auto.tcl: Setting watchdog for 200 seconds at Sat May 12 00:58:33 UTC 2018
6 ms. Memory: 331264K Free: 316098K (95%)
ptolemy.util.test.WatchDog.cancel(): canceling Sat May 12 00:58:33 UTC 2018
auto.tcl: Setting watchdog for 200 seconds at Sat May 12 00:58:33 UTC 2018
6 ms. Memory: 331264K Free: 312587K (94%)
ptolemy.util.test.WatchDog.cancel(): canceling Sat May 12 00:58:33 UTC 2018
------------------ testing $PTII/ptolemy/domains/de/test/auto/NonInterruptibleTimerZeroDelay.xml
auto.tcl: Setting watchdog for 200 seconds at Sat May 12 00:58:33 UTC 2018
4 ms. Memory: 331264K Free: 320447K (97%)
ptolemy.util.test.WatchDog.cancel(): canceling Sat May 12 00:58:33 UTC 2018
auto.tcl: Setting watchdog for 200 seconds at Sat May 12 00:58:33 UTC 2018
3 ms. Memory: 331264K Free: 316935K (96%)
ptolemy.util.test.WatchDog.cancel(): canceling Sat May 12 00:58:33 UTC 2018
------------------ testing $PTII/ptolemy/domains/de/test/auto/OpenQueueingNetwork.xml
auto.tcl: Setting watchdog for 200 seconds at Sat May 12 00:58:33 UTC 2018
2663 ms. Memory: 573952K Free: 390257K (68%)
ptolemy.util.test.WatchDog.cancel(): canceling Sat May 12 00:58:36 UTC 2018
auto.tcl: Setting watchdog for 200 seconds at Sat May 12 00:58:36 UTC 2018
2551 ms. Memory: 550912K Free: 269926K (49%)
ptolemy.util.test.WatchDog.cancel(): canceling Sat May 12 00:58:38 UTC 2018
------------------ testing $PTII/ptolemy/domains/de/test/auto/OpenQueuingNetwork.xml
auto.tcl: Setting watchdog for 200 seconds at Sat May 12 00:58:38 UTC 2018
223 ms. Memory: 549888K Free: 444609K (81%)
ptolemy.util.test.WatchDog.cancel(): canceling Sat May 12 00:58:39 UTC 2018
auto.tcl: Setting watchdog for 200 seconds at Sat May 12 00:58:39 UTC 2018
212 ms. Memory: 549888K Free: 384840K (70%)
ptolemy.util.test.WatchDog.cancel(): canceling Sat May 12 00:58:39 UTC 2018
------------------ testing $PTII/ptolemy/domains/de/test/auto/PeriodicSampler.xml
auto.tcl: Setting watchdog for 200 seconds at Sat May 12 00:58:39 UTC 2018
2 ms. Memory: 551936K Free: 530246K (96%)
ptolemy.util.test.WatchDog.cancel(): canceling Sat May 12 00:58:39 UTC 2018
auto.tcl: Setting watchdog for 200 seconds at Sat May 12 00:58:39 UTC 2018
2 ms. Memory: 551936K Free: 530246K (96%)
ptolemy.util.test.WatchDog.cancel(): canceling Sat May 12 00:58:39 UTC 2018
------------------ testing $PTII/ptolemy/domains/de/test/auto/PersistentIO.xml
auto.tcl: Setting watchdog for 200 seconds at Sat May 12 00:58:39 UTC 2018
5 ms. Memory: 549376K Free: 521866K (95%)
ptolemy.util.test.WatchDog.cancel(): canceling Sat May 12 00:58:39 UTC 2018
auto.tcl: Setting watchdog for 200 seconds at Sat May 12 00:58:39 UTC 2018
4 ms. Memory: 549376K Free: 521866K (95%)
ptolemy.util.test.WatchDog.cancel(): canceling Sat May 12 00:58:39 UTC 2018
------------------ testing $PTII/ptolemy/domains/de/test/auto/PortParameterResetOnInitialize.xml
auto.tcl: Setting watchdog for 200 seconds at Sat May 12 00:58:39 UTC 2018
3 ms. Memory: 551424K Free: 530195K (96%)
ptolemy.util.test.WatchDog.cancel(): canceling Sat May 12 00:58:39 UTC 2018
auto.tcl: Setting watchdog for 200 seconds at Sat May 12 00:58:39 UTC 2018
2 ms. Memory: 551424K Free: 530195K (96%)
ptolemy.util.test.WatchDog.cancel(): canceling Sat May 12 00:58:39 UTC 2018
------------------ testing $PTII/ptolemy/domains/de/test/auto/PortParameterUpdates.xml
auto.tcl: Setting watchdog for 200 seconds at Sat May 12 00:58:39 UTC 2018
3 ms. Memory: 549376K Free: 533189K (97%)
ptolemy.util.test.WatchDog.cancel(): canceling Sat May 12 00:58:39 UTC 2018
auto.tcl: Setting watchdog for 200 seconds at Sat May 12 00:58:39 UTC 2018
4 ms. Memory: 549376K Free: 533189K (97%)
ptolemy.util.test.WatchDog.cancel(): canceling Sat May 12 00:58:39 UTC 2018
------------------ testing $PTII/ptolemy/domains/de/test/auto/QueueAndServer.xml
auto.tcl: Setting watchdog for 200 seconds at Sat May 12 00:58:39 UTC 2018
10 ms. Memory: 551424K Free: 534971K (97%)
ptolemy.util.test.WatchDog.cancel(): canceling Sat May 12 00:58:39 UTC 2018
auto.tcl: Setting watchdog for 200 seconds at Sat May 12 00:58:39 UTC 2018
5 ms. Memory: 551424K Free: 528330K (96%)
ptolemy.util.test.WatchDog.cancel(): canceling Sat May 12 00:58:39 UTC 2018
------------------ testing $PTII/ptolemy/domains/de/test/auto/Records.xml
auto.tcl: Setting watchdog for 200 seconds at Sat May 12 00:58:39 UTC 2018
4 ms. Memory: 549376K Free: 532865K (97%)
ptolemy.util.test.WatchDog.cancel(): canceling Sat May 12 00:58:39 UTC 2018
auto.tcl: Setting watchdog for 200 seconds at Sat May 12 00:58:39 UTC 2018
1 ms. Memory: 549376K Free: 532865K (97%)
ptolemy.util.test.WatchDog.cancel(): canceling Sat May 12 00:58:39 UTC 2018
------------------ testing $PTII/ptolemy/domains/de/test/auto/ResetTransitionWithStartTime1.xml
auto.tcl: Setting watchdog for 200 seconds at Sat May 12 00:58:39 UTC 2018
6 ms. Memory: 551424K Free: 528281K (96%)
ptolemy.util.test.WatchDog.cancel(): canceling Sat May 12 00:58:39 UTC 2018
auto.tcl: Setting watchdog for 200 seconds at Sat May 12 00:58:39 UTC 2018
5 ms. Memory: 551424K Free: 528281K (96%)
ptolemy.util.test.WatchDog.cancel(): canceling Sat May 12 00:58:39 UTC 2018
------------------ testing $PTII/ptolemy/domains/de/test/auto/ResetTransitionWithStartTime2.xml
auto.tcl: Setting watchdog for 200 seconds at Sat May 12 00:58:39 UTC 2018
5 ms. Memory: 549376K Free: 533111K (97%)
ptolemy.util.test.WatchDog.cancel(): canceling Sat May 12 00:58:39 UTC 2018
auto.tcl: Setting watchdog for 200 seconds at Sat May 12 00:58:39 UTC 2018
5 ms. Memory: 549376K Free: 526470K (96%)
ptolemy.util.test.WatchDog.cancel(): canceling Sat May 12 00:58:39 UTC 2018
------------------ testing $PTII/ptolemy/domains/de/test/auto/ResetTransitionWithStartTime3.xml
auto.tcl: Setting watchdog for 200 seconds at Sat May 12 00:58:39 UTC 2018
6 ms. Memory: 550912K Free: 527989K (96%)
ptolemy.util.test.WatchDog.cancel(): canceling Sat May 12 00:58:39 UTC 2018
auto.tcl: Setting watchdog for 200 seconds at Sat May 12 00:58:39 UTC 2018
7 ms. Memory: 550912K Free: 527759K (96%)
ptolemy.util.test.WatchDog.cancel(): canceling Sat May 12 00:58:39 UTC 2018
------------------ testing $PTII/ptolemy/domains/de/test/auto/ResetTransitionWithStartTime4.xml
auto.tcl: Setting watchdog for 200 seconds at Sat May 12 00:58:39 UTC 2018
5 ms. Memory: 549376K Free: 526221K (96%)
ptolemy.util.test.WatchDog.cancel(): canceling Sat May 12 00:58:40 UTC 2018
auto.tcl: Setting watchdog for 200 seconds at Sat May 12 00:58:40 UTC 2018
3 ms. Memory: 549376K Free: 526221K (96%)
ptolemy.util.test.WatchDog.cancel(): canceling Sat May 12 00:58:40 UTC 2018
------------------ testing $PTII/ptolemy/domains/de/test/auto/ResettableTimer1.xml
auto.tcl: Setting watchdog for 200 seconds at Sat May 12 00:58:40 UTC 2018
2 ms. Memory: 550912K Free: 534409K (97%)
ptolemy.util.test.WatchDog.cancel(): canceling Sat May 12 00:58:40 UTC 2018
auto.tcl: Setting watchdog for 200 seconds at Sat May 12 00:58:40 UTC 2018
2 ms. Memory: 550912K Free: 534409K (97%)
ptolemy.util.test.WatchDog.cancel(): canceling Sat May 12 00:58:40 UTC 2018
------------------ testing $PTII/ptolemy/domains/de/test/auto/ResettableTimer2.xml
auto.tcl: Setting watchdog for 200 seconds at Sat May 12 00:58:40 UTC 2018
3 ms. Memory: 549376K Free: 533162K (97%)
ptolemy.util.test.WatchDog.cancel(): canceling Sat May 12 00:58:40 UTC 2018
auto.tcl: Setting watchdog for 200 seconds at Sat May 12 00:58:40 UTC 2018
2 ms. Memory: 549376K Free: 533162K (97%)
ptolemy.util.test.WatchDog.cancel(): canceling Sat May 12 00:58:40 UTC 2018
------------------ testing $PTII/ptolemy/domains/de/test/auto/ResettableTimer3.xml
auto.tcl: Setting watchdog for 200 seconds at Sat May 12 00:58:40 UTC 2018
1 ms. Memory: 550912K Free: 534467K (97%)
ptolemy.util.test.WatchDog.cancel(): canceling Sat May 12 00:58:40 UTC 2018
auto.tcl: Setting watchdog for 200 seconds at Sat May 12 00:58:40 UTC 2018
1 ms. Memory: 550912K Free: 534467K (97%)
ptolemy.util.test.WatchDog.cancel(): canceling Sat May 12 00:58:40 UTC 2018
------------------ testing $PTII/ptolemy/domains/de/test/auto/ResettableTimer4.xml
auto.tcl: Setting watchdog for 200 seconds at Sat May 12 00:58:40 UTC 2018
1 ms. Memory: 549376K Free: 533174K (97%)
ptolemy.util.test.WatchDog.cancel(): canceling Sat May 12 00:58:40 UTC 2018
auto.tcl: Setting watchdog for 200 seconds at Sat May 12 00:58:40 UTC 2018
1 ms. Memory: 549376K Free: 533174K (97%)
ptolemy.util.test.WatchDog.cancel(): canceling Sat May 12 00:58:40 UTC 2018
------------------ testing $PTII/ptolemy/domains/de/test/auto/ResettableTimer5.xml
auto.tcl: Setting watchdog for 200 seconds at Sat May 12 00:58:40 UTC 2018
2 ms. Memory: 550400K Free: 529287K (96%)
ptolemy.util.test.WatchDog.cancel(): canceling Sat May 12 00:58:40 UTC 2018
auto.tcl: Setting watchdog for 200 seconds at Sat May 12 00:58:40 UTC 2018
1 ms. Memory: 550400K Free: 529287K (96%)
ptolemy.util.test.WatchDog.cancel(): canceling Sat May 12 00:58:40 UTC 2018
------------------ testing $PTII/ptolemy/domains/de/test/auto/ResettableTimer6.xml
auto.tcl: Setting watchdog for 200 seconds at Sat May 12 00:58:40 UTC 2018
3 ms. Memory: 549376K Free: 532892K (97%)
ptolemy.util.test.WatchDog.cancel(): canceling Sat May 12 00:58:40 UTC 2018
auto.tcl: Setting watchdog for 200 seconds at Sat May 12 00:58:40 UTC 2018
1 ms. Memory: 549376K Free: 532892K (97%)
ptolemy.util.test.WatchDog.cancel(): canceling Sat May 12 00:58:40 UTC 2018
------------------ testing $PTII/ptolemy/domains/de/test/auto/ServerZeroDelay.xml
auto.tcl: Setting watchdog for 200 seconds at Sat May 12 00:58:40 UTC 2018
6 ms. Memory: 550400K Free: 534136K (97%)
ptolemy.util.test.WatchDog.cancel(): canceling Sat May 12 00:58:40 UTC 2018
auto.tcl: Setting watchdog for 200 seconds at Sat May 12 00:58:40 UTC 2018
2 ms. Memory: 550400K Free: 534136K (97%)
ptolemy.util.test.WatchDog.cancel(): canceling Sat May 12 00:58:40 UTC 2018
------------------ testing $PTII/ptolemy/domains/de/test/auto/SmartSender.xml
auto.tcl: Setting watchdog for 200 seconds at Sat May 12 00:58:40 UTC 2018
3001 ms. Memory: 549376K Free: 533107K (97%)
ptolemy.util.test.WatchDog.cancel(): canceling Sat May 12 00:58:43 UTC 2018
auto.tcl: Setting watchdog for 200 seconds at Sat May 12 00:58:43 UTC 2018
3002 ms. Memory: 549376K Free: 533107K (97%)
ptolemy.util.test.WatchDog.cancel(): canceling Sat May 12 00:58:46 UTC 2018
------------------ testing $PTII/ptolemy/domains/de/test/auto/ThreadedComposite.xml
auto.tcl: Setting watchdog for 200 seconds at Sat May 12 00:58:46 UTC 2018
195 ms. Memory: 550400K Free: 513235K (93%)
ptolemy.util.test.WatchDog.cancel(): canceling Sat May 12 00:58:46 UTC 2018
auto.tcl: Setting watchdog for 200 seconds at Sat May 12 00:58:46 UTC 2018
195 ms. Memory: 550400K Free: 478500K (87%)
ptolemy.util.test.WatchDog.cancel(): canceling Sat May 12 00:58:46 UTC 2018
------------------ testing $PTII/ptolemy/domains/de/test/auto/Time.xml
auto.tcl: Setting watchdog for 200 seconds at Sat May 12 00:58:47 UTC 2018
504 ms. Memory: 549376K Free: 481126K (88%)
ptolemy.util.test.WatchDog.cancel(): canceling Sat May 12 00:58:47 UTC 2018
auto.tcl: Setting watchdog for 200 seconds at Sat May 12 00:58:47 UTC 2018
502 ms. Memory: 549376K Free: 427998K (78%)
ptolemy.util.test.WatchDog.cancel(): canceling Sat May 12 00:58:48 UTC 2018
------------------ testing $PTII/ptolemy/domains/de/test/auto/TimeDelayZeroDelay.xml
auto.tcl: Setting watchdog for 200 seconds at Sat May 12 00:58:48 UTC 2018
2 ms. Memory: 550400K Free: 533824K (97%)
ptolemy.util.test.WatchDog.cancel(): canceling Sat May 12 00:58:48 UTC 2018
auto.tcl: Setting watchdog for 200 seconds at Sat May 12 00:58:48 UTC 2018
2 ms. Memory: 550400K Free: 533824K (97%)
ptolemy.util.test.WatchDog.cancel(): canceling Sat May 12 00:58:48 UTC 2018
------------------ testing $PTII/ptolemy/domains/de/test/auto/TimerZeroDelay.xml
auto.tcl: Setting watchdog for 200 seconds at Sat May 12 00:58:48 UTC 2018
3 ms. Memory: 549376K Free: 533074K (97%)
ptolemy.util.test.WatchDog.cancel(): canceling Sat May 12 00:58:48 UTC 2018
auto.tcl: Setting watchdog for 200 seconds at Sat May 12 00:58:48 UTC 2018
1 ms. Memory: 549376K Free: 533074K (97%)
ptolemy.util.test.WatchDog.cancel(): canceling Sat May 12 00:58:48 UTC 2018
------------------ testing $PTII/ptolemy/domains/de/test/auto/TimingParadox.xml
auto.tcl: Setting watchdog for 200 seconds at Sat May 12 00:58:48 UTC 2018
326 ms. Memory: 549888K Free: 467369K (85%)
ptolemy.util.test.WatchDog.cancel(): canceling Sat May 12 00:58:48 UTC 2018
auto.tcl: Setting watchdog for 200 seconds at Sat May 12 00:58:48 UTC 2018
311 ms. Memory: 549888K Free: 434164K (79%)
ptolemy.util.test.WatchDog.cancel(): canceling Sat May 12 00:58:49 UTC 2018
------------------ testing $PTII/ptolemy/domains/de/test/auto/TransferInputs.xml
auto.tcl: Setting watchdog for 200 seconds at Sat May 12 00:58:49 UTC 2018
2 ms. Memory: 549888K Free: 532490K (97%)
ptolemy.util.test.WatchDog.cancel(): canceling Sat May 12 00:58:49 UTC 2018
auto.tcl: Setting watchdog for 200 seconds at Sat May 12 00:58:49 UTC 2018
1 ms. Memory: 549888K Free: 532490K (97%)
ptolemy.util.test.WatchDog.cancel(): canceling Sat May 12 00:58:49 UTC 2018
------------------ testing $PTII/ptolemy/domains/de/test/auto/TransferOutputs2.xml
auto.tcl: Setting watchdog for 200 seconds at Sat May 12 00:58:49 UTC 2018
3 ms. Memory: 549376K Free: 526430K (96%)
ptolemy.util.test.WatchDog.cancel(): canceling Sat May 12 00:58:49 UTC 2018
auto.tcl: Setting watchdog for 200 seconds at Sat May 12 00:58:49 UTC 2018
3 ms. Memory: 549376K Free: 526430K (96%)
ptolemy.util.test.WatchDog.cancel(): canceling Sat May 12 00:58:49 UTC 2018
------------------ testing $PTII/ptolemy/domains/de/test/auto/Trilateration.xml
auto.tcl: Setting watchdog for 200 seconds at Sat May 12 00:58:49 UTC 2018
13614 ms. Memory: 453632K Free: 81999K (18%)
ptolemy.util.test.WatchDog.cancel(): canceling Sat May 12 00:59:03 UTC 2018
auto.tcl: Setting watchdog for 200 seconds at Sat May 12 00:59:03 UTC 2018
12119 ms. Memory: 331264K Free: 182007K (55%)
ptolemy.util.test.WatchDog.cancel(): canceling Sat May 12 00:59:15 UTC 2018
------------------ testing $PTII/ptolemy/domains/de/test/auto/TwoSigmaDelta.xml
auto.tcl: Setting watchdog for 200 seconds at Sat May 12 00:59:16 UTC 2018
2599 ms. Memory: 320000K Free: 261868K (82%)
ptolemy.util.test.WatchDog.cancel(): canceling Sat May 12 00:59:18 UTC 2018
auto.tcl: Setting watchdog for 200 seconds at Sat May 12 00:59:18 UTC 2018
2027 ms. Memory: 307712K Free: 254029K (83%)
ptolemy.util.test.WatchDog.cancel(): canceling Sat May 12 00:59:20 UTC 2018
------------------ testing $PTII/ptolemy/domains/de/test/auto/VariableDelay.xml
auto.tcl: Setting watchdog for 200 seconds at Sat May 12 00:59:20 UTC 2018
3 ms. Memory: 309760K Free: 293150K (95%)
ptolemy.util.test.WatchDog.cancel(): canceling Sat May 12 00:59:20 UTC 2018
auto.tcl: Setting watchdog for 200 seconds at Sat May 12 00:59:20 UTC 2018
1 ms. Memory: 309760K Free: 293150K (95%)
ptolemy.util.test.WatchDog.cancel(): canceling Sat May 12 00:59:20 UTC 2018
------------------ testing $PTII/ptolemy/domains/de/test/auto/VariableDelay2.xml
auto.tcl: Setting watchdog for 200 seconds at Sat May 12 00:59:20 UTC 2018
7 ms. Memory: 307712K Free: 293796K (95%)
ptolemy.util.test.WatchDog.cancel(): canceling Sat May 12 00:59:20 UTC 2018
auto.tcl: Setting watchdog for 200 seconds at Sat May 12 00:59:20 UTC 2018
2 ms. Memory: 307712K Free: 293796K (95%)
ptolemy.util.test.WatchDog.cancel(): canceling Sat May 12 00:59:20 UTC 2018
------------------ testing $PTII/ptolemy/domains/de/test/auto/VariableDelayZeroDelay.xml
auto.tcl: Setting watchdog for 200 seconds at Sat May 12 00:59:21 UTC 2018
3 ms. Memory: 309248K Free: 296342K (96%)
ptolemy.util.test.WatchDog.cancel(): canceling Sat May 12 00:59:21 UTC 2018
auto.tcl: Setting watchdog for 200 seconds at Sat May 12 00:59:21 UTC 2018
2 ms. Memory: 309248K Free: 293043K (95%)
ptolemy.util.test.WatchDog.cancel(): canceling Sat May 12 00:59:21 UTC 2018
------------------ testing $PTII/ptolemy/domains/de/test/auto/VariableDelayZeroDelay2.xml
auto.tcl: Setting watchdog for 200 seconds at Sat May 12 00:59:21 UTC 2018
2 ms. Memory: 307712K Free: 293785K (95%)
ptolemy.util.test.WatchDog.cancel(): canceling Sat May 12 00:59:21 UTC 2018
auto.tcl: Setting watchdog for 200 seconds at Sat May 12 00:59:21 UTC 2018
2 ms. Memory: 307712K Free: 293785K (95%)
ptolemy.util.test.WatchDog.cancel(): canceling Sat May 12 00:59:21 UTC 2018
------------------ testing $PTII/ptolemy/domains/de/test/auto/deInCt.xml
auto.tcl: Setting watchdog for 200 seconds at Sat May 12 00:59:21 UTC 2018
0
1
1
1
0
0
0
1
1
1
0
0
0
1
1
1
1
0
0
0
1
1
1
0
0
0
0
0
1
1
1
0
0
0
1
1
1
0
0
0
0
1
1
1
0
0
0
1
1
1
1
1
14 ms. Memory: 309248K Free: 293039K (95%)
ptolemy.util.test.WatchDog.cancel(): canceling Sat May 12 00:59:21 UTC 2018
auto.tcl: Setting watchdog for 200 seconds at Sat May 12 00:59:21 UTC 2018
0
1
1
1
0
0
0
1
1
1
1
1
0
0
0
0
1
1
1
0
0
0
1
1
1
0
0
0
1
1
1
0
0
0
0
1
1
1
1
1
9 ms. Memory: 309248K Free: 293039K (95%)
ptolemy.util.test.WatchDog.cancel(): canceling Sat May 12 00:59:21 UTC 2018
------------------ testing $PTII/ptolemy/domains/de/test/auto/deInCt2.xml
auto.tcl: Setting watchdog for 200 seconds at Sat May 12 00:59:21 UTC 2018
0
1
1
1
0
0
1
1
1
0
0
1
1
1
0
0
1
1
1
0
0
1
1
1
0
0
1
1
1
0
0
1
1
1
0
0
1
1
1
0
0
0
6 ms. Memory: 307712K Free: 293766K (95%)
ptolemy.util.test.WatchDog.cancel(): canceling Sat May 12 00:59:21 UTC 2018
auto.tcl: Setting watchdog for 200 seconds at Sat May 12 00:59:21 UTC 2018
0
1
1
1
0
0
1
1
1
0
0
1
1
1
0
0
1
1
1
0
0
1
1
1
0
0
1
1
1
0
0
1
1
1
0
0
1
1
1
0
0
0
5 ms. Memory: 307712K Free: 293766K (95%)
ptolemy.util.test.WatchDog.cancel(): canceling Sat May 12 00:59:21 UTC 2018
------------------ testing $PTII/ptolemy/domains/de/test/auto/dynamicCausalityInterface1.xml
auto.tcl: Setting watchdog for 200 seconds at Sat May 12 00:59:21 UTC 2018
1 ms. Memory: 308736K Free: 291518K (94%)
ptolemy.util.test.WatchDog.cancel(): canceling Sat May 12 00:59:21 UTC 2018
auto.tcl: Setting watchdog for 200 seconds at Sat May 12 00:59:21 UTC 2018
1 ms. Memory: 308736K Free: 288244K (93%)
ptolemy.util.test.WatchDog.cancel(): canceling Sat May 12 00:59:21 UTC 2018
------------------ testing $PTII/ptolemy/domains/de/test/auto/fsm_de_test.xml
auto.tcl: Setting watchdog for 200 seconds at Sat May 12 00:59:21 UTC 2018
6 ms. Memory: 307712K Free: 288134K (94%)
ptolemy.util.test.WatchDog.cancel(): canceling Sat May 12 00:59:21 UTC 2018
auto.tcl: Setting watchdog for 200 seconds at Sat May 12 00:59:21 UTC 2018
4 ms. Memory: 307712K Free: 284844K (93%)
ptolemy.util.test.WatchDog.cancel(): canceling Sat May 12 00:59:21 UTC 2018
------------------ testing $PTII/ptolemy/domains/de/test/auto/functionDependencyReconstruction.xml
auto.tcl: Setting watchdog for 200 seconds at Sat May 12 00:59:21 UTC 2018
3 ms. Memory: 308736K Free: 284855K (92%)
ptolemy.util.test.WatchDog.cancel(): canceling Sat May 12 00:59:21 UTC 2018
auto.tcl: Setting watchdog for 200 seconds at Sat May 12 00:59:21 UTC 2018
2 ms. Memory: 308736K Free: 281565K (91%)
ptolemy.util.test.WatchDog.cancel(): canceling Sat May 12 00:59:21 UTC 2018
------------------ testing $PTII/ptolemy/domains/de/test/auto/multirate.xml
auto.tcl: Setting watchdog for 200 seconds at Sat May 12 00:59:21 UTC 2018
7 ms. Memory: 307712K Free: 291283K (95%)
ptolemy.util.test.WatchDog.cancel(): canceling Sat May 12 00:59:21 UTC 2018
auto.tcl: Setting watchdog for 200 seconds at Sat May 12 00:59:21 UTC 2018
3 ms. Memory: 307712K Free: 288001K (94%)
ptolemy.util.test.WatchDog.cancel(): canceling Sat May 12 00:59:21 UTC 2018
------------------ testing $PTII/ptolemy/domains/de/test/auto/multirate2.xml
auto.tcl: Setting watchdog for 200 seconds at Sat May 12 00:59:21 UTC 2018
4 ms. Memory: 308736K Free: 292479K (95%)
ptolemy.util.test.WatchDog.cancel(): canceling Sat May 12 00:59:21 UTC 2018
auto.tcl: Setting watchdog for 200 seconds at Sat May 12 00:59:21 UTC 2018
3 ms. Memory: 308736K Free: 289197K (94%)
ptolemy.util.test.WatchDog.cancel(): canceling Sat May 12 00:59:21 UTC 2018
------------------ testing $PTII/ptolemy/domains/de/test/auto/realtime.xml
auto.tcl: Setting watchdog for 200 seconds at Sat May 12 00:59:21 UTC 2018
10001 ms. Memory: 307712K Free: 291445K (95%)
ptolemy.util.test.WatchDog.cancel(): canceling Sat May 12 00:59:31 UTC 2018
auto.tcl: Setting watchdog for 200 seconds at Sat May 12 00:59:31 UTC 2018
10001 ms. Memory: 307712K Free: 291445K (95%)
ptolemy.util.test.WatchDog.cancel(): canceling Sat May 12 00:59:41 UTC 2018
------------------ testing $PTII/ptolemy/domains/de/test/auto/relationGroup.xml
auto.tcl: Setting watchdog for 200 seconds at Sat May 12 00:59:41 UTC 2018
1 ms. Memory: 308224K Free: 295281K (96%)
ptolemy.util.test.WatchDog.cancel(): canceling Sat May 12 00:59:41 UTC 2018
auto.tcl: Setting watchdog for 200 seconds at Sat May 12 00:59:41 UTC 2018
1 ms. Memory: 308224K Free: 291991K (95%)
ptolemy.util.test.WatchDog.cancel(): canceling Sat May 12 00:59:41 UTC 2018
------------------ testing $PTII/ptolemy/domains/de/test/auto/relationGroup2.xml
auto.tcl: Setting watchdog for 200 seconds at Sat May 12 00:59:41 UTC 2018
1 ms. Memory: 307712K Free: 294795K (96%)
ptolemy.util.test.WatchDog.cancel(): canceling Sat May 12 00:59:41 UTC 2018
auto.tcl: Setting watchdog for 200 seconds at Sat May 12 00:59:41 UTC 2018
1 ms. Memory: 307712K Free: 294795K (96%)
ptolemy.util.test.WatchDog.cancel(): canceling Sat May 12 00:59:41 UTC 2018
------------------ testing $PTII/ptolemy/domains/de/test/auto/sortWithOpaquePorts.xml
auto.tcl: Setting watchdog for 200 seconds at Sat May 12 00:59:41 UTC 2018
1 ms. Memory: 308224K Free: 292018K (95%)
ptolemy.util.test.WatchDog.cancel(): canceling Sat May 12 00:59:41 UTC 2018
auto.tcl: Setting watchdog for 200 seconds at Sat May 12 00:59:41 UTC 2018
1 ms. Memory: 308224K Free: 292018K (95%)
ptolemy.util.test.WatchDog.cancel(): canceling Sat May 12 00:59:41 UTC 2018
------------------ testing $PTII/ptolemy/domains/de/test/auto/transferInputsandOutputs.xml
auto.tcl: Setting watchdog for 200 seconds at Sat May 12 00:59:41 UTC 2018
2 ms. Memory: 307712K Free: 291494K (95%)
ptolemy.util.test.WatchDog.cancel(): canceling Sat May 12 00:59:41 UTC 2018
auto.tcl: Setting watchdog for 200 seconds at Sat May 12 00:59:41 UTC 2018
2 ms. Memory: 307712K Free: 288204K (94%)
ptolemy.util.test.WatchDog.cancel(): canceling Sat May 12 00:59:41 UTC 2018
------------------ testing $PTII/ptolemy/domains/de/test/auto/triggerType.xml
auto.tcl: Setting watchdog for 200 seconds at Sat May 12 00:59:41 UTC 2018
2 ms. Memory: 308224K Free: 291956K (95%)
ptolemy.util.test.WatchDog.cancel(): canceling Sat May 12 00:59:41 UTC 2018
auto.tcl: Setting watchdog for 200 seconds at Sat May 12 00:59:41 UTC 2018
1 ms. Memory: 308224K Free: 291956K (95%)
ptolemy.util.test.WatchDog.cancel(): canceling Sat May 12 00:59:41 UTC 2018
05/12/18 12:59:42
Failed: 0  Total Tests: 192  ((Passed: 187, Newly Passed: 1)  Known Failed: 5) /home/travis/build/icyphy/ptII/ptolemy/domains/de/test
05/12/18 12:59:42
Failed: 0  Total Tests: 192  ((Passed: 187, Newly Passed: 1)  Known Failed: 5) /home/travis/build/icyphy/ptII/ptolemy/domains/de/test
----------------- testing (KnownFailure) /home/travis/build/icyphy/ptII/ptolemy/domains/de/test/auto/knownFailedTests/DESDFClockTest.xml
2013 ms. Memory: 307712K Free: 285711K (93%)
Known Failure: java.lang.reflect.InvocationTargetException
----------------- testing (KnownFailure) /home/travis/build/icyphy/ptII/ptolemy/domains/de/test/auto/knownFailedTests/DirectFeedback.xml
1 ms. Memory: 307712K Free: 267606K (87%)
Known Failure: java.lang.reflect.InvocationTargetException
----------------- testing (KnownFailure) /home/travis/build/icyphy/ptII/ptolemy/domains/de/test/auto/knownFailedTests/FSMSource.xml
8 ms. Memory: 307712K Free: 244960K (80%)
----------------- testing (KnownFailure) /home/travis/build/icyphy/ptII/ptolemy/domains/de/test/auto/knownFailedTests/HierarchicalModel.xml
2 ms. Memory: 307712K Free: 222297K (72%)
Known Failure: java.lang.reflect.InvocationTargetException
----------------- testing (KnownFailure) /home/travis/build/icyphy/ptII/ptolemy/domains/de/test/auto/knownFailedTests/dependencyLoop.xml
2 ms. Memory: 307712K Free: 190582K (62%)
Known Failure: java.lang.reflect.InvocationTargetException
----------------- testing (KnownFailure) /home/travis/build/icyphy/ptII/ptolemy/domains/de/test/auto/knownFailedTests/dependencyLoop2.xml
4 ms. Memory: 307712K Free: 158875K (52%)
Known Failure: java.lang.reflect.InvocationTargetException
No auto/*.xml tests in /home/travis/build/icyphy/ptII/ptolemy/domains/de/test
AutoTests.java: About to close Vertx.
AutoTests.java: Vertx closed.
----------------- testing Sat May 12 00:59:44 UTC 2018 /home/travis/build/icyphy/ptII/ptolemy/domains/de/test/auto/ActorDepthCalculation_actorWithoutPorts.xml
----------------- Instantiating /home/travis/build/icyphy/ptII/ptolemy/domains/de/test/auto/ActorDepthCalculation_actorWithoutPorts.xml
1 ms. Memory: 307712K Free: 131718K (43%)
----------------- Invoking toplevel() on ptolemy.moml.MoMLSimpleApplication@14606aac
----------------- Done invoking toplevel() on ptolemy.moml.MoMLSimpleApplication@14606aac
reloadAllAccessors: .ActorDepthCalculation_actorWithoutPorts
----------------- testing Sat May 12 00:59:44 UTC 2018 /home/travis/build/icyphy/ptII/ptolemy/domains/de/test/auto/AssemblyLine.xml
----------------- Instantiating /home/travis/build/icyphy/ptII/ptolemy/domains/de/test/auto/AssemblyLine.xml
3 ms. Memory: 307712K Free: 118139K (38%)
----------------- Invoking toplevel() on ptolemy.moml.MoMLSimpleApplication@3506c9b
----------------- Done invoking toplevel() on ptolemy.moml.MoMLSimpleApplication@3506c9b
reloadAllAccessors: .AssemblyLine
----------------- testing Sat May 12 00:59:44 UTC 2018 /home/travis/build/icyphy/ptII/ptolemy/domains/de/test/auto/CQBug1.xml
----------------- Instantiating /home/travis/build/icyphy/ptII/ptolemy/domains/de/test/auto/CQBug1.xml
0 ms. Memory: 307712K Free: 109087K (35%)
----------------- Invoking toplevel() on ptolemy.moml.MoMLSimpleApplication@e191d94
----------------- Done invoking toplevel() on ptolemy.moml.MoMLSimpleApplication@e191d94
reloadAllAccessors: .CQBug1
----------------- testing Sat May 12 00:59:44 UTC 2018 /home/travis/build/icyphy/ptII/ptolemy/domains/de/test/auto/CancelFireAt.xml
----------------- Instantiating /home/travis/build/icyphy/ptII/ptolemy/domains/de/test/auto/CancelFireAt.xml
0 ms. Memory: 307712K Free: 100035K (33%)
----------------- Invoking toplevel() on ptolemy.moml.MoMLSimpleApplication@4e5c7bdc
----------------- Done invoking toplevel() on ptolemy.moml.MoMLSimpleApplication@4e5c7bdc
reloadAllAccessors: .CancelFireAt
----------------- testing Sat May 12 00:59:44 UTC 2018 /home/travis/build/icyphy/ptII/ptolemy/domains/de/test/auto/CausalityAndComposabilityAnalysis.xml
----------------- Instantiating /home/travis/build/icyphy/ptII/ptolemy/domains/de/test/auto/CausalityAndComposabilityAnalysis.xml
3 ms. Memory: 307712K Free: 90982K (30%)
----------------- Invoking toplevel() on ptolemy.moml.MoMLSimpleApplication@3921b81b
----------------- Done invoking toplevel() on ptolemy.moml.MoMLSimpleApplication@3921b81b
reloadAllAccessors: .CausalityAndComposabilityAnalysis
----------------- testing Sat May 12 00:59:44 UTC 2018 /home/travis/build/icyphy/ptII/ptolemy/domains/de/test/auto/CausalityInterface1.xml
----------------- Instantiating /home/travis/build/icyphy/ptII/ptolemy/domains/de/test/auto/CausalityInterface1.xml
4 ms. Memory: 307712K Free: 78656K (26%)
----------------- Invoking toplevel() on ptolemy.moml.MoMLSimpleApplication@5eae6220
----------------- Done invoking toplevel() on ptolemy.moml.MoMLSimpleApplication@5eae6220
reloadAllAccessors: .CausalityInterface1
----------------- testing Sat May 12 00:59:44 UTC 2018 /home/travis/build/icyphy/ptII/ptolemy/domains/de/test/auto/CausalityInterface15.xml
----------------- Instantiating /home/travis/build/icyphy/ptII/ptolemy/domains/de/test/auto/CausalityInterface15.xml
1 ms. Memory: 298496K Free: 286340K (96%)
----------------- Invoking toplevel() on ptolemy.moml.MoMLSimpleApplication@620cc29b
----------------- Done invoking toplevel() on ptolemy.moml.MoMLSimpleApplication@620cc29b
reloadAllAccessors: .CausalityInterface15
----------------- testing Sat May 12 00:59:44 UTC 2018 /home/travis/build/icyphy/ptII/ptolemy/domains/de/test/auto/CausalityInterface2.xml
----------------- Instantiating /home/travis/build/icyphy/ptII/ptolemy/domains/de/test/auto/CausalityInterface2.xml
1 ms. Memory: 298496K Free: 277784K (93%)
----------------- Invoking toplevel() on ptolemy.moml.MoMLSimpleApplication@36ace7a6
----------------- Done invoking toplevel() on ptolemy.moml.MoMLSimpleApplication@36ace7a6
reloadAllAccessors: .CausalityInterface2
----------------- testing Sat May 12 00:59:44 UTC 2018 /home/travis/build/icyphy/ptII/ptolemy/domains/de/test/auto/CausalityInterface3.xml
[...]
java.lang.RuntimeException: Execution failed
	at ptolemy.moml.MoMLSimpleApplication$UnloadThread.run(MoMLSimpleApplication.java:402)
Caused by: ptolemy.kernel.util.IllegalActionException: Test fails in iteration 1.
Value was: 1.0. Should have been: 2.0
  in .DirectFeedback.Test
	at ptolemy.actor.lib.Test.fire(Test.java:268)
	at ptolemy.domains.de.kernel.DEDirector._fire(DEDirector.java:1948)
	at ptolemy.domains.de.kernel.DEDirector.fire(DEDirector.java:502)
	at ptolemy.actor.CompositeActor.fire(CompositeActor.java:455)
	at ptolemy.actor.Manager.iterate(Manager.java:851)
	at ptolemy.actor.Manager.execute(Manager.java:369)
	at ptolemy.actor.Manager.run(Manager.java:1263)
	at ptolemy.actor.Manager$PtolemyRunThread.run(Manager.java:1915)
java.lang.RuntimeException: Execution failed
	at ptolemy.moml.MoMLSimpleApplication$UnloadThread.run(MoMLSimpleApplication.java:402)
Caused by: ptolemy.kernel.util.IllegalActionException: Actor is not ready to fire.  Perhaps UpSample.prefire() returned false? Try debugging the actor by selecting "Listen to Actor".  Also, for SDF check moml for tokenConsumptionRate on input.
  in .DESDFClockTest.Play Bell.Copy1:SDF Director and .DESDFClockTest.Play Bell.UpSample
	at ptolemy.actor.sched.StaticSchedulingDirector.fire(StaticSchedulingDirector.java:227)
	at ptolemy.domains.sdf.kernel.SDFDirector.fire(SDFDirector.java:500)
	at ptolemy.actor.CompositeActor.fire(CompositeActor.java:455)
	at ptolemy.domains.de.kernel.DEDirector._fire(DEDirector.java:1948)
	at ptolemy.domains.de.kernel.DEDirector.fire(DEDirector.java:502)
	at ptolemy.actor.CompositeActor.fire(CompositeActor.java:455)
	at ptolemy.actor.Manager.iterate(Manager.java:851)
	at ptolemy.actor.Manager.execute(Manager.java:369)
	at ptolemy.actor.Manager.run(Manager.java:1263)
	at ptolemy.actor.Manager$PtolemyRunThread.run(Manager.java:1915)
java.lang.reflect.InvocationTargetException
	at sun.reflect.NativeConstructorAccessorImpl.newInstance0(Native Method)
	at sun.reflect.NativeConstructorAccessorImpl.newInstance(NativeConstructorAccessorImpl.java:62)
	at sun.reflect.DelegatingConstructorAccessorImpl.newInstance(DelegatingConstructorAccessorImpl.java:45)
	at java.lang.reflect.Constructor.newInstance(Constructor.java:423)
	at ptolemy.util.test.junit.AutoKnownFailedTests.RunModel(AutoKnownFailedTests.java:107)
	at sun.reflect.NativeMethodAccessorImpl.invoke0(Native Method)
	at sun.reflect.NativeMethodAccessorImpl.invoke(NativeMethodAccessorImpl.java:62)
	at sun.reflect.DelegatingMethodAccessorImpl.invoke(DelegatingMethodAccessorImpl.java:43)
	at java.lang.reflect.Method.invoke(Method.java:498)
	at org.junit.runners.model.FrameworkMethod$1.runReflectiveCall(FrameworkMethod.java:44)
	at org.junit.internal.runners.model.ReflectiveCallable.run(ReflectiveCallable.java:15)
	at org.junit.runners.model.FrameworkMethod.invokeExplosively(FrameworkMethod.java:41)
	at junitparams.internal.InvokeParameterisedMethod.evaluate(InvokeParameterisedMethod.java:102)
	at org.junit.internal.runners.statements.FailOnTimeout$1.run(FailOnTimeout.java:28)
Caused by: ptolemy.kernel.util.IllegalActionException: Actor is not ready to fire.  Perhaps UpSample.prefire() returned false? Try debugging the actor by selecting "Listen to Actor".  Also, for SDF check moml for tokenConsumptionRate on input.
  in .DESDFClockTest.Play Bell.Copy1:SDF Director and .DESDFClockTest.Play Bell.UpSample
	at ptolemy.actor.sched.StaticSchedulingDirector.fire(StaticSchedulingDirector.java:227)
	at ptolemy.domains.sdf.kernel.SDFDirector.fire(SDFDirector.java:500)
	at ptolemy.actor.CompositeActor.fire(CompositeActor.java:455)
	at ptolemy.domains.de.kernel.DEDirector._fire(DEDirector.java:1948)
	at ptolemy.domains.de.kernel.DEDirector.fire(DEDirector.java:502)
	at ptolemy.actor.CompositeActor.fire(CompositeActor.java:455)
	at ptolemy.actor.Manager.iterate(Manager.java:851)
	at ptolemy.actor.Manager.execute(Manager.java:369)
	at ptolemy.actor.Manager.run(Manager.java:1263)
	at ptolemy.actor.Manager$PtolemyRunThread.run(Manager.java:1915)
java.lang.RuntimeException: Execution failed
	at ptolemy.moml.MoMLSimpleApplication$UnloadThread.run(MoMLSimpleApplication.java:402)
Caused by: ptolemy.kernel.util.IllegalActionException: Test fails in iteration 1.
Value was: 1.0. Should have been: 2.0
  in .DirectFeedback.Test
	at ptolemy.actor.lib.Test.fire(Test.java:268)
	at ptolemy.domains.de.kernel.DEDirector._fire(DEDirector.java:1948)
	at ptolemy.domains.de.kernel.DEDirector.fire(DEDirector.java:502)
	at ptolemy.actor.CompositeActor.fire(CompositeActor.java:455)
	at ptolemy.actor.Manager.iterate(Manager.java:851)
	at ptolemy.actor.Manager.execute(Manager.java:369)
	at ptolemy.actor.Manager.run(Manager.java:1263)
	at ptolemy.actor.Manager$PtolemyRunThread.run(Manager.java:1915)
java.lang.reflect.InvocationTargetException
	at sun.reflect.NativeConstructorAccessorImpl.newInstance0(Native Method)
	at sun.reflect.NativeConstructorAccessorImpl.newInstance(NativeConstructorAccessorImpl.java:62)
	at sun.reflect.DelegatingConstructorAccessorImpl.newInstance(DelegatingConstructorAccessorImpl.java:45)
	at java.lang.reflect.Constructor.newInstance(Constructor.java:423)
	at ptolemy.util.test.junit.AutoKnownFailedTests.RunModel(AutoKnownFailedTests.java:107)
	at sun.reflect.NativeMethodAccessorImpl.invoke0(Native Method)
	at sun.reflect.NativeMethodAccessorImpl.invoke(NativeMethodAccessorImpl.java:62)
	at sun.reflect.DelegatingMethodAccessorImpl.invoke(DelegatingMethodAccessorImpl.java:43)
	at java.lang.reflect.Method.invoke(Method.java:498)
	at org.junit.runners.model.FrameworkMethod$1.runReflectiveCall(FrameworkMethod.java:44)
	at org.junit.internal.runners.model.ReflectiveCallable.run(ReflectiveCallable.java:15)
	at org.junit.runners.model.FrameworkMethod.invokeExplosively(FrameworkMethod.java:41)
	at junitparams.internal.InvokeParameterisedMethod.evaluate(InvokeParameterisedMethod.java:102)
	at org.junit.internal.runners.statements.FailOnTimeout$1.run(FailOnTimeout.java:28)
Caused by: ptolemy.kernel.util.IllegalActionException: Test fails in iteration 1.
Value was: 1.0. Should have been: 2.0
  in .DirectFeedback.Test
	at ptolemy.actor.lib.Test.fire(Test.java:268)
	at ptolemy.domains.de.kernel.DEDirector._fire(DEDirector.java:1948)
	at ptolemy.domains.de.kernel.DEDirector.fire(DEDirector.java:502)
	at ptolemy.actor.CompositeActor.fire(CompositeActor.java:455)
	at ptolemy.actor.Manager.iterate(Manager.java:851)
	at ptolemy.actor.Manager.execute(Manager.java:369)
	at ptolemy.actor.Manager.run(Manager.java:1263)
	at ptolemy.actor.Manager$PtolemyRunThread.run(Manager.java:1915)
java.lang.RuntimeException: Execution failed
	at ptolemy.moml.MoMLSimpleApplication$UnloadThread.run(MoMLSimpleApplication.java:402)
Caused by: ptolemy.kernel.util.IllegalActionException: Found a zero delay loop containing .HierarchicalModel.A
  in .HierarchicalModel and .HierarchicalModel.A
	at ptolemy.actor.util.CausalityInterfaceForComposites._computeOutputPortDepth(CausalityInterfaceForComposites.java:759)
	at ptolemy.actor.util.CausalityInterfaceForComposites._computeInputDepth(CausalityInterfaceForComposites.java:696)
	at ptolemy.actor.util.CausalityInterfaceForComposites._computeOutputPortDepth(CausalityInterfaceForComposites.java:765)
	at ptolemy.actor.util.CausalityInterfaceForComposites._computeInputDepth(CausalityInterfaceForComposites.java:696)
	at ptolemy.actor.util.CausalityInterfaceForComposites._computeOutputPortDepth(CausalityInterfaceForComposites.java:765)
	at ptolemy.actor.util.CausalityInterfaceForComposites._computeInputDepth(CausalityInterfaceForComposites.java:696)
	at ptolemy.actor.util.CausalityInterfaceForComposites._computeActorDepth(CausalityInterfaceForComposites.java:532)
	at ptolemy.actor.util.CausalityInterfaceForComposites.checkForCycles(CausalityInterfaceForComposites.java:96)
	at ptolemy.domains.de.kernel.DEDirector.preinitialize(DEDirector.java:1337)
	at ptolemy.actor.CompositeActor.preinitialize(CompositeActor.java:1828)
	at ptolemy.actor.Manager.preinitializeAndResolveTypes(Manager.java:1040)
	at ptolemy.actor.Manager.initialize(Manager.java:710)
	at ptolemy.actor.Manager.execute(Manager.java:356)
	at ptolemy.actor.Manager.run(Manager.java:1263)
	at ptolemy.actor.Manager$PtolemyRunThread.run(Manager.java:1915)
java.lang.reflect.InvocationTargetException
	at sun.reflect.NativeConstructorAccessorImpl.newInstance0(Native Method)
	at sun.reflect.NativeConstructorAccessorImpl.newInstance(NativeConstructorAccessorImpl.java:62)
	at sun.reflect.DelegatingConstructorAccessorImpl.newInstance(DelegatingConstructorAccessorImpl.java:45)
	at java.lang.reflect.Constructor.newInstance(Constructor.java:423)
	at ptolemy.util.test.junit.AutoKnownFailedTests.RunModel(AutoKnownFailedTests.java:107)
	at sun.reflect.NativeMethodAccessorImpl.invoke0(Native Method)
	at sun.reflect.NativeMethodAccessorImpl.invoke(NativeMethodAccessorImpl.java:62)
	at sun.reflect.DelegatingMethodAccessorImpl.invoke(DelegatingMethodAccessorImpl.java:43)
	at java.lang.reflect.Method.invoke(Method.java:498)
	at org.junit.runners.model.FrameworkMethod$1.runReflectiveCall(FrameworkMethod.java:44)
	at org.junit.internal.runners.model.ReflectiveCallable.run(ReflectiveCallable.java:15)
	at org.junit.runners.model.FrameworkMethod.invokeExplosively(FrameworkMethod.java:41)
	at junitparams.internal.InvokeParameterisedMethod.evaluate(InvokeParameterisedMethod.java:102)
	at org.junit.internal.runners.statements.FailOnTimeout$1.run(FailOnTimeout.java:28)
Caused by: ptolemy.kernel.util.IllegalActionException: Found a zero delay loop containing .HierarchicalModel.A
  in .HierarchicalModel and .HierarchicalModel.A
	at ptolemy.actor.util.CausalityInterfaceForComposites._computeOutputPortDepth(CausalityInterfaceForComposites.java:759)
	at ptolemy.actor.util.CausalityInterfaceForComposites._computeInputDepth(CausalityInterfaceForComposites.java:696)
	at ptolemy.actor.util.CausalityInterfaceForComposites._computeOutputPortDepth(CausalityInterfaceForComposites.java:765)
	at ptolemy.actor.util.CausalityInterfaceForComposites._computeInputDepth(CausalityInterfaceForComposites.java:696)
	at ptolemy.actor.util.CausalityInterfaceForComposites._computeOutputPortDepth(CausalityInterfaceForComposites.java:765)
	at ptolemy.actor.util.CausalityInterfaceForComposites._computeInputDepth(CausalityInterfaceForComposites.java:696)
	at ptolemy.actor.util.CausalityInterfaceForComposites._computeActorDepth(CausalityInterfaceForComposites.java:532)
	at ptolemy.actor.util.CausalityInterfaceForComposites.checkForCycles(CausalityInterfaceForComposites.java:96)
	at ptolemy.domains.de.kernel.DEDirector.preinitialize(DEDirector.java:1337)
	at ptolemy.actor.CompositeActor.preinitialize(CompositeActor.java:1828)
	at ptolemy.actor.Manager.preinitializeAndResolveTypes(Manager.java:1040)
	at ptolemy.actor.Manager.initialize(Manager.java:710)
	at ptolemy.actor.Manager.execute(Manager.java:356)
	at ptolemy.actor.Manager.run(Manager.java:1263)
	at ptolemy.actor.Manager$PtolemyRunThread.run(Manager.java:1915)
java.lang.RuntimeException: Execution failed
	at ptolemy.moml.MoMLSimpleApplication$UnloadThread.run(MoMLSimpleApplication.java:402)
Caused by: ptolemy.kernel.util.IllegalActionException: Found a zero delay loop containing .dependencyLoop.original
  in .dependencyLoop and .dependencyLoop.original
	at ptolemy.actor.util.CausalityInterfaceForComposites._computeOutputPortDepth(CausalityInterfaceForComposites.java:759)
	at ptolemy.actor.util.CausalityInterfaceForComposites._computeInputDepth(CausalityInterfaceForComposites.java:696)
	at ptolemy.actor.util.CausalityInterfaceForComposites._computeOutputPortDepth(CausalityInterfaceForComposites.java:765)
	at ptolemy.actor.util.CausalityInterfaceForComposites._computeInputDepth(CausalityInterfaceForComposites.java:696)
	at ptolemy.actor.util.CausalityInterfaceForComposites._computeOutputPortDepth(CausalityInterfaceForComposites.java:765)
	at ptolemy.actor.util.CausalityInterfaceForComposites._computeInputDepth(CausalityInterfaceForComposites.java:696)
	at ptolemy.actor.util.CausalityInterfaceForComposites._computeActorDepth(CausalityInterfaceForComposites.java:532)
	at ptolemy.actor.util.CausalityInterfaceForComposites.checkForCycles(CausalityInterfaceForComposites.java:96)
	at ptolemy.domains.de.kernel.DEDirector.preinitialize(DEDirector.java:1337)
	at ptolemy.actor.CompositeActor.preinitialize(CompositeActor.java:1828)
	at ptolemy.actor.Manager.preinitializeAndResolveTypes(Manager.java:1040)
	at ptolemy.actor.Manager.initialize(Manager.java:710)
	at ptolemy.actor.Manager.execute(Manager.java:356)
	at ptolemy.actor.Manager.run(Manager.java:1263)
	at ptolemy.actor.Manager$PtolemyRunThread.run(Manager.java:1915)
java.lang.reflect.InvocationTargetException
	at sun.reflect.NativeConstructorAccessorImpl.newInstance0(Native Method)
	at sun.reflect.NativeConstructorAccessorImpl.newInstance(NativeConstructorAccessorImpl.java:62)
	at sun.reflect.DelegatingConstructorAccessorImpl.newInstance(DelegatingConstructorAccessorImpl.java:45)
	at java.lang.reflect.Constructor.newInstance(Constructor.java:423)
	at ptolemy.util.test.junit.AutoKnownFailedTests.RunModel(AutoKnownFailedTests.java:107)
	at sun.reflect.NativeMethodAccessorImpl.invoke0(Native Method)
	at sun.reflect.NativeMethodAccessorImpl.invoke(NativeMethodAccessorImpl.java:62)
	at sun.reflect.DelegatingMethodAccessorImpl.invoke(DelegatingMethodAccessorImpl.java:43)
	at java.lang.reflect.Method.invoke(Method.java:498)
	at org.junit.runners.model.FrameworkMethod$1.runReflectiveCall(FrameworkMethod.java:44)
	at org.junit.internal.runners.model.ReflectiveCallable.run(ReflectiveCallable.java:15)
	at org.junit.runners.model.FrameworkMethod.invokeExplosively(FrameworkMethod.java:41)
	at junitparams.internal.InvokeParameterisedMethod.evaluate(InvokeParameterisedMethod.java:102)
	at org.junit.internal.runners.statements.FailOnTimeout$1.run(FailOnTimeout.java:28)
Caused by: ptolemy.kernel.util.IllegalActionException: Found a zero delay loop containing .dependencyLoop.original
  in .dependencyLoop and .dependencyLoop.original
	at ptolemy.actor.util.CausalityInterfaceForComposites._computeOutputPortDepth(CausalityInterfaceForComposites.java:759)
	at ptolemy.actor.util.CausalityInterfaceForComposites._computeInputDepth(CausalityInterfaceForComposites.java:696)
	at ptolemy.actor.util.CausalityInterfaceForComposites._computeOutputPortDepth(CausalityInterfaceForComposites.java:765)
	at ptolemy.actor.util.CausalityInterfaceForComposites._computeInputDepth(CausalityInterfaceForComposites.java:696)
	at ptolemy.actor.util.CausalityInterfaceForComposites._computeOutputPortDepth(CausalityInterfaceForComposites.java:765)
	at ptolemy.actor.util.CausalityInterfaceForComposites._computeInputDepth(CausalityInterfaceForComposites.java:696)
	at ptolemy.actor.util.CausalityInterfaceForComposites._computeActorDepth(CausalityInterfaceForComposites.java:532)
	at ptolemy.actor.util.CausalityInterfaceForComposites.checkForCycles(CausalityInterfaceForComposites.java:96)
	at ptolemy.domains.de.kernel.DEDirector.preinitialize(DEDirector.java:1337)
	at ptolemy.actor.CompositeActor.preinitialize(CompositeActor.java:1828)
	at ptolemy.actor.Manager.preinitializeAndResolveTypes(Manager.java:1040)
	at ptolemy.actor.Manager.initialize(Manager.java:710)
	at ptolemy.actor.Manager.execute(Manager.java:356)
	at ptolemy.actor.Manager.run(Manager.java:1263)
	at ptolemy.actor.Manager$PtolemyRunThread.run(Manager.java:1915)
java.lang.RuntimeException: Execution failed
	at ptolemy.moml.MoMLSimpleApplication$UnloadThread.run(MoMLSimpleApplication.java:402)
Caused by: ptolemy.kernel.util.IllegalActionException: Found a zero delay loop containing .dependencyLoop2.original
  in .dependencyLoop2 and .dependencyLoop2.original
	at ptolemy.actor.util.CausalityInterfaceForComposites._computeOutputPortDepth(CausalityInterfaceForComposites.java:759)
	at ptolemy.actor.util.CausalityInterfaceForComposites._computeInputDepth(CausalityInterfaceForComposites.java:696)
	at ptolemy.actor.util.CausalityInterfaceForComposites._computeOutputPortDepth(CausalityInterfaceForComposites.java:765)
	at ptolemy.actor.util.CausalityInterfaceForComposites._computeInputDepth(CausalityInterfaceForComposites.java:696)
	at ptolemy.actor.util.CausalityInterfaceForComposites._computeOutputPortDepth(CausalityInterfaceForComposites.java:765)
	at ptolemy.actor.util.CausalityInterfaceForComposites._computeInputDepth(CausalityInterfaceForComposites.java:696)
	at ptolemy.actor.util.CausalityInterfaceForComposites._computeActorDepth(CausalityInterfaceForComposites.java:532)
	at ptolemy.actor.util.CausalityInterfaceForComposites.checkForCycles(CausalityInterfaceForComposites.java:96)
	at ptolemy.domains.de.kernel.DEDirector.preinitialize(DEDirector.java:1337)
	at ptolemy.actor.CompositeActor.preinitialize(CompositeActor.java:1828)
	at ptolemy.actor.Manager.preinitializeAndResolveTypes(Manager.java:1040)
	at ptolemy.actor.Manager.initialize(Manager.java:710)
	at ptolemy.actor.Manager.execute(Manager.java:356)
	at ptolemy.actor.Manager.run(Manager.java:1263)
	at ptolemy.actor.Manager$PtolemyRunThread.run(Manager.java:1915)
java.lang.reflect.InvocationTargetException
	at sun.reflect.NativeConstructorAccessorImpl.newInstance0(Native Method)
	at sun.reflect.NativeConstructorAccessorImpl.newInstance(NativeConstructorAccessorImpl.java:62)
	at sun.reflect.DelegatingConstructorAccessorImpl.newInstance(DelegatingConstructorAccessorImpl.java:45)
	at java.lang.reflect.Constructor.newInstance(Constructor.java:423)
	at ptolemy.util.test.junit.AutoKnownFailedTests.RunModel(AutoKnownFailedTests.java:107)
	at sun.reflect.NativeMethodAccessorImpl.invoke0(Native Method)
	at sun.reflect.NativeMethodAccessorImpl.invoke(NativeMethodAccessorImpl.java:62)
	at sun.reflect.DelegatingMethodAccessorImpl.invoke(DelegatingMethodAccessorImpl.java:43)
	at java.lang.reflect.Method.invoke(Method.java:498)
	at org.junit.runners.model.FrameworkMethod$1.runReflectiveCall(FrameworkMethod.java:44)
	at org.junit.internal.runners.model.ReflectiveCallable.run(ReflectiveCallable.java:15)
	at org.junit.runners.model.FrameworkMethod.invokeExplosively(FrameworkMethod.java:41)
	at junitparams.internal.InvokeParameterisedMethod.evaluate(InvokeParameterisedMethod.java:102)
	at org.junit.internal.runners.statements.FailOnTimeout$1.run(FailOnTimeout.java:28)
Caused by: ptolemy.kernel.util.IllegalActionException: Found a zero delay loop containing .dependencyLoop2.original
  in .dependencyLoop2 and .dependencyLoop2.original
	at ptolemy.actor.util.CausalityInterfaceForComposites._computeOutputPortDepth(CausalityInterfaceForComposites.java:759)
	at ptolemy.actor.util.CausalityInterfaceForComposites._computeInputDepth(CausalityInterfaceForComposites.java:696)
	at ptolemy.actor.util.CausalityInterfaceForComposites._computeOutputPortDepth(CausalityInterfaceForComposites.java:765)
	at ptolemy.actor.util.CausalityInterfaceForComposites._computeInputDepth(CausalityInterfaceForComposites.java:696)
	at ptolemy.actor.util.CausalityInterfaceForComposites._computeOutputPortDepth(CausalityInterfaceForComposites.java:765)
	at ptolemy.actor.util.CausalityInterfaceForComposites._computeInputDepth(CausalityInterfaceForComposites.java:696)
	at ptolemy.actor.util.CausalityInterfaceForComposites._computeActorDepth(CausalityInterfaceForComposites.java:532)
	at ptolemy.actor.util.CausalityInterfaceForComposites.checkForCycles(CausalityInterfaceForComposites.java:96)
	at ptolemy.domains.de.kernel.DEDirector.preinitialize(DEDirector.java:1337)
	at ptolemy.actor.CompositeActor.preinitialize(CompositeActor.java:1828)
	at ptolemy.actor.Manager.preinitializeAndResolveTypes(Manager.java:1040)
	at ptolemy.actor.Manager.initialize(Manager.java:710)
	at ptolemy.actor.Manager.execute(Manager.java:356)
	at ptolemy.actor.Manager.run(Manager.java:1263)
	at ptolemy.actor.Manager$PtolemyRunThread.run(Manager.java:1915)
]]></system-err>
</testsuite>
