<?xml version="1.0" encoding="UTF-8" ?>
<testsuite errors="0" failures="0" hostname="travis-job-085d0b1b-9229-486f-881b-94f047c9b7c9" name="ptolemy.domains.de.test.junit.JUnitTclTest" skipped="0" tests="101" time="127.5" timestamp="2018-04-30T23:35:51">
  <properties>
[...]
</properties>
  <testcase classname="ptolemy.util.test.junit.TclTests" name="[0] /home/travis/build/icyphy/ptII/ptolemy/domains/de/test/DependencyLoop.tcl (RunTclFile)" time="0.686" />
  <testcase classname="ptolemy.util.test.junit.TclTests" name="[1] /home/travis/build/icyphy/ptII/ptolemy/domains/de/test/RunDETestsAsQSS.tcl (RunTclFile)" time="87.805" />
  <testcase classname="ptolemy.util.test.junit.AutoKnownFailedTests" name="[0] /home/travis/build/icyphy/ptII/ptolemy/domains/de/test/auto/knownFailedTests/DESDFClockTest.xml (RunModel)" time="2.027" />
  <testcase classname="ptolemy.util.test.junit.AutoKnownFailedTests" name="[1] /home/travis/build/icyphy/ptII/ptolemy/domains/de/test/auto/knownFailedTests/DirectFeedback.xml (RunModel)" time="0.007" />
  <testcase classname="ptolemy.util.test.junit.AutoKnownFailedTests" name="[2] /home/travis/build/icyphy/ptII/ptolemy/domains/de/test/auto/knownFailedTests/FSMSource.xml (RunModel)" time="0.027" />
  <testcase classname="ptolemy.util.test.junit.AutoKnownFailedTests" name="[3] /home/travis/build/icyphy/ptII/ptolemy/domains/de/test/auto/knownFailedTests/HierarchicalModel.xml (RunModel)" time="0.033" />
  <testcase classname="ptolemy.util.test.junit.AutoKnownFailedTests" name="[4] /home/travis/build/icyphy/ptII/ptolemy/domains/de/test/auto/knownFailedTests/dependencyLoop.xml (RunModel)" time="0.03" />
  <testcase classname="ptolemy.util.test.junit.AutoKnownFailedTests" name="[5] /home/travis/build/icyphy/ptII/ptolemy/domains/de/test/auto/knownFailedTests/dependencyLoop2.xml (RunModel)" time="0.033" />
  <testcase classname="ptolemy.util.test.junit.AutoNameArchTests" name="[0] ThereAreNoAutoTests (RunModel)" time="0.004" />
  <testcase classname="ptolemy.util.test.junit.AutoTests" name="[0] /home/travis/build/icyphy/ptII/ptolemy/domains/de/test/auto/ActorDepthCalculation_actorWithoutPorts.xml (RunModel)" time="0.013" />
  <testcase classname="ptolemy.util.test.junit.AutoTests" name="[1] /home/travis/build/icyphy/ptII/ptolemy/domains/de/test/auto/AssemblyLine.xml (RunModel)" time="0.016" />
  <testcase classname="ptolemy.util.test.junit.AutoTests" name="[2] /home/travis/build/icyphy/ptII/ptolemy/domains/de/test/auto/CQBug1.xml (RunModel)" time="0.005" />
  <testcase classname="ptolemy.util.test.junit.AutoTests" name="[3] /home/travis/build/icyphy/ptII/ptolemy/domains/de/test/auto/CancelFireAt.xml (RunModel)" time="0.005" />
  <testcase classname="ptolemy.util.test.junit.AutoTests" name="[4] /home/travis/build/icyphy/ptII/ptolemy/domains/de/test/auto/CausalityAndComposabilityAnalysis.xml (RunModel)" time="0.008" />
  <testcase classname="ptolemy.util.test.junit.AutoTests" name="[5] /home/travis/build/icyphy/ptII/ptolemy/domains/de/test/auto/CausalityInterface1.xml (RunModel)" time="0.01" />
  <testcase classname="ptolemy.util.test.junit.AutoTests" name="[6] /home/travis/build/icyphy/ptII/ptolemy/domains/de/test/auto/CausalityInterface15.xml (RunModel)" time="0.011" />
  <testcase classname="ptolemy.util.test.junit.AutoTests" name="[7] /home/travis/build/icyphy/ptII/ptolemy/domains/de/test/auto/CausalityInterface2.xml (RunModel)" time="0.008" />
  <testcase classname="ptolemy.util.test.junit.AutoTests" name="[8] /home/travis/build/icyphy/ptII/ptolemy/domains/de/test/auto/CausalityInterface3.xml (RunModel)" time="0.008" />
  <testcase classname="ptolemy.util.test.junit.AutoTests" name="[9] /home/travis/build/icyphy/ptII/ptolemy/domains/de/test/auto/ClockDrift.xml (RunModel)" time="0.023" />
  <testcase classname="ptolemy.util.test.junit.AutoTests" name="[10] /home/travis/build/icyphy/ptII/ptolemy/domains/de/test/auto/ClockDriftAndValueChange.xml (RunModel)" time="0.021" />
  <testcase classname="ptolemy.util.test.junit.AutoTests" name="[11] /home/travis/build/icyphy/ptII/ptolemy/domains/de/test/auto/ClockDriftChange.xml (RunModel)" time="0.019" />
  <testcase classname="ptolemy.util.test.junit.AutoTests" name="[12] /home/travis/build/icyphy/ptII/ptolemy/domains/de/test/auto/ComposableCausalityAnalysis.xml (RunModel)" time="0.013" />
  <testcase classname="ptolemy.util.test.junit.AutoTests" name="[13] /home/travis/build/icyphy/ptII/ptolemy/domains/de/test/auto/DEFixedPointLimitation.xml (RunModel)" time="0.007" />
  <testcase classname="ptolemy.util.test.junit.AutoTests" name="[14] /home/travis/build/icyphy/ptII/ptolemy/domains/de/test/auto/DEScheduleTest.xml (RunModel)" time="0.008" />
  <testcase classname="ptolemy.util.test.junit.AutoTests" name="[15] /home/travis/build/icyphy/ptII/ptolemy/domains/de/test/auto/DEinDEwithStartTimes.xml (RunModel)" time="0.009" />
  <testcase classname="ptolemy.util.test.junit.AutoTests" name="[16] /home/travis/build/icyphy/ptII/ptolemy/domains/de/test/auto/DEinDEwithStartTimes2.xml (RunModel)" time="0.011" />
  <testcase classname="ptolemy.util.test.junit.AutoTests" name="[17] /home/travis/build/icyphy/ptII/ptolemy/domains/de/test/auto/DateDemo.xml (RunModel)" time="0.019" />
  <testcase classname="ptolemy.util.test.junit.AutoTests" name="[18] /home/travis/build/icyphy/ptII/ptolemy/domains/de/test/auto/DateToEvent.xml (RunModel)" time="2.028" />
  <testcase classname="ptolemy.util.test.junit.AutoTests" name="[19] /home/travis/build/icyphy/ptII/ptolemy/domains/de/test/auto/DepthTest1.xml (RunModel)" time="0.009" />
  <testcase classname="ptolemy.util.test.junit.AutoTests" name="[20] /home/travis/build/icyphy/ptII/ptolemy/domains/de/test/auto/DepthTest2.xml (RunModel)" time="0.012" />
  <testcase classname="ptolemy.util.test.junit.AutoTests" name="[21] /home/travis/build/icyphy/ptII/ptolemy/domains/de/test/auto/DepthTest3.xml (RunModel)" time="0.007" />
  <testcase classname="ptolemy.util.test.junit.AutoTests" name="[22] /home/travis/build/icyphy/ptII/ptolemy/domains/de/test/auto/DepthTest4.xml (RunModel)" time="0.01" />
  <testcase classname="ptolemy.util.test.junit.AutoTests" name="[23] /home/travis/build/icyphy/ptII/ptolemy/domains/de/test/auto/DepthTest5.xml (RunModel)" time="0.011" />
  <testcase classname="ptolemy.util.test.junit.AutoTests" name="[24] /home/travis/build/icyphy/ptII/ptolemy/domains/de/test/auto/DepthTest6.xml (RunModel)" time="0.009" />
  <testcase classname="ptolemy.util.test.junit.AutoTests" name="[25] /home/travis/build/icyphy/ptII/ptolemy/domains/de/test/auto/DepthTest7.xml (RunModel)" time="0.013" />
  <testcase classname="ptolemy.util.test.junit.AutoTests" name="[26] /home/travis/build/icyphy/ptII/ptolemy/domains/de/test/auto/EventToDate.xml (RunModel)" time="3.031" />
  <testcase classname="ptolemy.util.test.junit.AutoTests" name="[27] /home/travis/build/icyphy/ptII/ptolemy/domains/de/test/auto/FSM1.xml (RunModel)" time="0.021" />
  <testcase classname="ptolemy.util.test.junit.AutoTests" name="[28] /home/travis/build/icyphy/ptII/ptolemy/domains/de/test/auto/FSM7.xml (RunModel)" time="0.022" />
  <testcase classname="ptolemy.util.test.junit.AutoTests" name="[29] /home/travis/build/icyphy/ptII/ptolemy/domains/de/test/auto/Inspection.xml (RunModel)" time="0.044" />
  <testcase classname="ptolemy.util.test.junit.AutoTests" name="[30] /home/travis/build/icyphy/ptII/ptolemy/domains/de/test/auto/Iteration.xml (RunModel)" time="0.025" />
  <testcase classname="ptolemy.util.test.junit.AutoTests" name="[31] /home/travis/build/icyphy/ptII/ptolemy/domains/de/test/auto/LineFault.xml (RunModel)" time="0.378" />
  <testcase classname="ptolemy.util.test.junit.AutoTests" name="[32] /home/travis/build/icyphy/ptII/ptolemy/domains/de/test/auto/MergeModel1Add.xml (RunModel)" time="0.03" />
  <testcase classname="ptolemy.util.test.junit.AutoTests" name="[33] /home/travis/build/icyphy/ptII/ptolemy/domains/de/test/auto/MergeModel2Add.xml (RunModel)" time="0.024" />
  <testcase classname="ptolemy.util.test.junit.AutoTests" name="[34] /home/travis/build/icyphy/ptII/ptolemy/domains/de/test/auto/MergeModel3Add.xml (RunModel)" time="0.023" />
  <testcase classname="ptolemy.util.test.junit.AutoTests" name="[35] /home/travis/build/icyphy/ptII/ptolemy/domains/de/test/auto/MergeWithoutDiscard.xml (RunModel)" time="0.007" />
  <testcase classname="ptolemy.util.test.junit.AutoTests" name="[36] /home/travis/build/icyphy/ptII/ptolemy/domains/de/test/auto/Modal1.xml (RunModel)" time="0.019" />
  <testcase classname="ptolemy.util.test.junit.AutoTests" name="[37] /home/travis/build/icyphy/ptII/ptolemy/domains/de/test/auto/Modal2.xml (RunModel)" time="0.018" />
  <testcase classname="ptolemy.util.test.junit.AutoTests" name="[38] /home/travis/build/icyphy/ptII/ptolemy/domains/de/test/auto/Modal3.xml (RunModel)" time="0.02" />
  <testcase classname="ptolemy.util.test.junit.AutoTests" name="[39] /home/travis/build/icyphy/ptII/ptolemy/domains/de/test/auto/Modal4.xml (RunModel)" time="0.019" />
  <testcase classname="ptolemy.util.test.junit.AutoTests" name="[40] /home/travis/build/icyphy/ptII/ptolemy/domains/de/test/auto/Modal5.xml (RunModel)" time="0.019" />
  <testcase classname="ptolemy.util.test.junit.AutoTests" name="[41] /home/travis/build/icyphy/ptII/ptolemy/domains/de/test/auto/Modal6.xml (RunModel)" time="0.019" />
  <testcase classname="ptolemy.util.test.junit.AutoTests" name="[42] /home/travis/build/icyphy/ptII/ptolemy/domains/de/test/auto/Modal7.xml (RunModel)" time="0.019" />
  <testcase classname="ptolemy.util.test.junit.AutoTests" name="[43] /home/travis/build/icyphy/ptII/ptolemy/domains/de/test/auto/ModalModel.xml (RunModel)" time="0.096" />
  <testcase classname="ptolemy.util.test.junit.AutoTests" name="[44] /home/travis/build/icyphy/ptII/ptolemy/domains/de/test/auto/ModalSource.xml (RunModel)" time="0.014" />
  <testcase classname="ptolemy.util.test.junit.AutoTests" name="[45] /home/travis/build/icyphy/ptII/ptolemy/domains/de/test/auto/NonInterruptibleTimerZeroDelay.xml (RunModel)" time="0.008" />
  <testcase classname="ptolemy.util.test.junit.AutoTests" name="[46] /home/travis/build/icyphy/ptII/ptolemy/domains/de/test/auto/OpenQueueingNetwork.xml (RunModel)" time="1.895" />
  <testcase classname="ptolemy.util.test.junit.AutoTests" name="[47] /home/travis/build/icyphy/ptII/ptolemy/domains/de/test/auto/OpenQueuingNetwork.xml (RunModel)" time="0.261" />
  <testcase classname="ptolemy.util.test.junit.AutoTests" name="[48] /home/travis/build/icyphy/ptII/ptolemy/domains/de/test/auto/PeriodicSampler.xml (RunModel)" time="0.008" />
  <testcase classname="ptolemy.util.test.junit.AutoTests" name="[49] /home/travis/build/icyphy/ptII/ptolemy/domains/de/test/auto/PersistentIO.xml (RunModel)" time="0.018" />
  <testcase classname="ptolemy.util.test.junit.AutoTests" name="[50] /home/travis/build/icyphy/ptII/ptolemy/domains/de/test/auto/PortParameterResetOnInitialize.xml (RunModel)" time="0.009" />
  <testcase classname="ptolemy.util.test.junit.AutoTests" name="[51] /home/travis/build/icyphy/ptII/ptolemy/domains/de/test/auto/PortParameterUpdates.xml (RunModel)" time="0.021" />
  <testcase classname="ptolemy.util.test.junit.AutoTests" name="[52] /home/travis/build/icyphy/ptII/ptolemy/domains/de/test/auto/QueueAndServer.xml (RunModel)" time="0.019" />
  <testcase classname="ptolemy.util.test.junit.AutoTests" name="[53] /home/travis/build/icyphy/ptII/ptolemy/domains/de/test/auto/Records.xml (RunModel)" time="0.02" />
  <testcase classname="ptolemy.util.test.junit.AutoTests" name="[54] /home/travis/build/icyphy/ptII/ptolemy/domains/de/test/auto/ResetTransitionWithStartTime1.xml (RunModel)" time="0.018" />
  <testcase classname="ptolemy.util.test.junit.AutoTests" name="[55] /home/travis/build/icyphy/ptII/ptolemy/domains/de/test/auto/ResetTransitionWithStartTime2.xml (RunModel)" time="0.015" />
  <testcase classname="ptolemy.util.test.junit.AutoTests" name="[56] /home/travis/build/icyphy/ptII/ptolemy/domains/de/test/auto/ResetTransitionWithStartTime3.xml (RunModel)" time="0.021" />
  <testcase classname="ptolemy.util.test.junit.AutoTests" name="[57] /home/travis/build/icyphy/ptII/ptolemy/domains/de/test/auto/ResetTransitionWithStartTime4.xml (RunModel)" time="0.018" />
  <testcase classname="ptolemy.util.test.junit.AutoTests" name="[58] /home/travis/build/icyphy/ptII/ptolemy/domains/de/test/auto/ResettableTimer1.xml (RunModel)" time="0.009" />
  <testcase classname="ptolemy.util.test.junit.AutoTests" name="[59] /home/travis/build/icyphy/ptII/ptolemy/domains/de/test/auto/ResettableTimer2.xml (RunModel)" time="0.009" />
  <testcase classname="ptolemy.util.test.junit.AutoTests" name="[60] /home/travis/build/icyphy/ptII/ptolemy/domains/de/test/auto/ResettableTimer3.xml (RunModel)" time="0.009" />
  <testcase classname="ptolemy.util.test.junit.AutoTests" name="[61] /home/travis/build/icyphy/ptII/ptolemy/domains/de/test/auto/ResettableTimer4.xml (RunModel)" time="0.009" />
  <testcase classname="ptolemy.util.test.junit.AutoTests" name="[62] /home/travis/build/icyphy/ptII/ptolemy/domains/de/test/auto/ResettableTimer5.xml (RunModel)" time="0.01" />
  <testcase classname="ptolemy.util.test.junit.AutoTests" name="[63] /home/travis/build/icyphy/ptII/ptolemy/domains/de/test/auto/ResettableTimer6.xml (RunModel)" time="0.017" />
  <testcase classname="ptolemy.util.test.junit.AutoTests" name="[64] /home/travis/build/icyphy/ptII/ptolemy/domains/de/test/auto/ServerZeroDelay.xml (RunModel)" time="0.015" />
  <testcase classname="ptolemy.util.test.junit.AutoTests" name="[65] /home/travis/build/icyphy/ptII/ptolemy/domains/de/test/auto/SmartSender.xml (RunModel)" time="3.009" />
  <testcase classname="ptolemy.util.test.junit.AutoTests" name="[66] /home/travis/build/icyphy/ptII/ptolemy/domains/de/test/auto/ThreadedComposite.xml (RunModel)" time="0.106" />
  <testcase classname="ptolemy.util.test.junit.AutoTests" name="[67] /home/travis/build/icyphy/ptII/ptolemy/domains/de/test/auto/Time.xml (RunModel)" time="0.43" />
  <testcase classname="ptolemy.util.test.junit.AutoTests" name="[68] /home/travis/build/icyphy/ptII/ptolemy/domains/de/test/auto/TimeDelayZeroDelay.xml (RunModel)" time="0.012" />
  <testcase classname="ptolemy.util.test.junit.AutoTests" name="[69] /home/travis/build/icyphy/ptII/ptolemy/domains/de/test/auto/TimerZeroDelay.xml (RunModel)" time="0.012" />
  <testcase classname="ptolemy.util.test.junit.AutoTests" name="[70] /home/travis/build/icyphy/ptII/ptolemy/domains/de/test/auto/TimingParadox.xml (RunModel)" time="0.328" />
  <testcase classname="ptolemy.util.test.junit.AutoTests" name="[71] /home/travis/build/icyphy/ptII/ptolemy/domains/de/test/auto/TransferInputs.xml (RunModel)" time="0.008" />
  <testcase classname="ptolemy.util.test.junit.AutoTests" name="[72] /home/travis/build/icyphy/ptII/ptolemy/domains/de/test/auto/TransferOutputs2.xml (RunModel)" time="0.015" />
  <testcase classname="ptolemy.util.test.junit.AutoTests" name="[73] /home/travis/build/icyphy/ptII/ptolemy/domains/de/test/auto/Trilateration.xml (RunModel)" time="11.807" />
  <testcase classname="ptolemy.util.test.junit.AutoTests" name="[74] /home/travis/build/icyphy/ptII/ptolemy/domains/de/test/auto/TwoSigmaDelta.xml (RunModel)" time="2.073" />
  <testcase classname="ptolemy.util.test.junit.AutoTests" name="[75] /home/travis/build/icyphy/ptII/ptolemy/domains/de/test/auto/VariableDelay.xml (RunModel)" time="0.011" />
  <testcase classname="ptolemy.util.test.junit.AutoTests" name="[76] /home/travis/build/icyphy/ptII/ptolemy/domains/de/test/auto/VariableDelay2.xml (RunModel)" time="0.008" />
  <testcase classname="ptolemy.util.test.junit.AutoTests" name="[77] /home/travis/build/icyphy/ptII/ptolemy/domains/de/test/auto/VariableDelayZeroDelay.xml (RunModel)" time="0.009" />
  <testcase classname="ptolemy.util.test.junit.AutoTests" name="[78] /home/travis/build/icyphy/ptII/ptolemy/domains/de/test/auto/VariableDelayZeroDelay2.xml (RunModel)" time="0.009" />
  <testcase classname="ptolemy.util.test.junit.AutoTests" name="[79] /home/travis/build/icyphy/ptII/ptolemy/domains/de/test/auto/deInCt.xml (RunModel)" time="0.013" />
  <testcase classname="ptolemy.util.test.junit.AutoTests" name="[80] /home/travis/build/icyphy/ptII/ptolemy/domains/de/test/auto/deInCt2.xml (RunModel)" time="0.019" />
  <testcase classname="ptolemy.util.test.junit.AutoTests" name="[81] /home/travis/build/icyphy/ptII/ptolemy/domains/de/test/auto/dynamicCausalityInterface1.xml (RunModel)" time="0.017" />
  <testcase classname="ptolemy.util.test.junit.AutoTests" name="[82] /home/travis/build/icyphy/ptII/ptolemy/domains/de/test/auto/fsm_de_test.xml (RunModel)" time="0.023" />
  <testcase classname="ptolemy.util.test.junit.AutoTests" name="[83] /home/travis/build/icyphy/ptII/ptolemy/domains/de/test/auto/functionDependencyReconstruction.xml (RunModel)" time="0.029" />
  <testcase classname="ptolemy.util.test.junit.AutoTests" name="[84] /home/travis/build/icyphy/ptII/ptolemy/domains/de/test/auto/multirate.xml (RunModel)" time="0.014" />
  <testcase classname="ptolemy.util.test.junit.AutoTests" name="[85] /home/travis/build/icyphy/ptII/ptolemy/domains/de/test/auto/multirate2.xml (RunModel)" time="0.014" />
  <testcase classname="ptolemy.util.test.junit.AutoTests" name="[86] /home/travis/build/icyphy/ptII/ptolemy/domains/de/test/auto/realtime.xml (RunModel)" time="10.01" />
  <testcase classname="ptolemy.util.test.junit.AutoTests" name="[87] /home/travis/build/icyphy/ptII/ptolemy/domains/de/test/auto/relationGroup.xml (RunModel)" time="0.007" />
  <testcase classname="ptolemy.util.test.junit.AutoTests" name="[88] /home/travis/build/icyphy/ptII/ptolemy/domains/de/test/auto/relationGroup2.xml (RunModel)" time="0.007" />
  <testcase classname="ptolemy.util.test.junit.AutoTests" name="[89] /home/travis/build/icyphy/ptII/ptolemy/domains/de/test/auto/sortWithOpaquePorts.xml (RunModel)" time="0.008" />
  <testcase classname="ptolemy.util.test.junit.AutoTests" name="[90] /home/travis/build/icyphy/ptII/ptolemy/domains/de/test/auto/transferInputsandOutputs.xml (RunModel)" time="0.014" />
  <testcase classname="ptolemy.util.test.junit.AutoTests" name="[91] /home/travis/build/icyphy/ptII/ptolemy/domains/de/test/auto/triggerType.xml (RunModel)" time="0.007" />
  <system-out><![CDATA[/home/travis/build/icyphy/ptII/ptolemy/domains/de/test/DependencyLoop.tcl
testDefs.tcl: setting time out to 9000 seconds at Mon Apr 30 23:35:52 UTC 2018
15 ms. Memory: 116224K Free: 95163K (82%)
6 ms. Memory: 146944K Free: 137828K (94%)
/home/travis/build/icyphy/ptII/ptolemy/domains/de/test/RunDETestsAsQSS.tcl
Run the DE tests using ptolemy.domains.qss.test.QSSDirectorTest, which extends QSSDirector and prints a message in the constructors.
------------------ testing $PTII/ptolemy/domains/de/test/auto/knownFailedTests/dependencyLoop.xml (Known Failure) 
9 ms. Memory: 146944K Free: 133555K (91%)


==== $PTIIhome/travis/build/icyphy/ptII/ptolemy/domains/de/test/../../../../: Auto Automatic test in file $PTII/ptolemy/domains/de/test/auto/knownFailedTests/dependencyLoop.xml
==== Contents of test case:

	    # FIXME: we should use $relativeFilename here, but it
	    # might have backslashes under Windows, which causes no end
	    # of trouble.
	    createAndExecute $file
	    list {}
	
.... Test generated KNOWN error:
    while executing
ptolemy.kernel.util.IllegalActionException: Found a zero delay loop containing .dependencyLoop.original
  in .dependencyLoop and .dependencyLoop.original
	at ptolemy.actor.util.CausalityInterfaceForComposites._computeOutputPortDepth(CausalityInterfaceForComposites.java:759)
	at ptolemy.actor.util.CausalityInterfaceForComposites._computeInputDepth(CausalityInterfaceForComposites.java:696)
	at ptolemy.actor.util.CausalityInterfaceForComposites._computeOutputPortDepth(CausalityInterfaceForComposites.java:765)
	at ptolemy.actor.util.CausalityInterfaceForComposites._computeInputDepth(CausalityInterfaceForComposites.java:696)
	at ptolemy.actor.util.CausalityInterfaceForComposites._computeOutputPortDepth(CausalityInterfaceForComposites.java:765)
	at ptolemy.actor.util.CausalityInterfaceForComposites._computeInputDepth(CausalityInterfaceForComposites.java:696)
	at ptolemy.actor.util.CausalityInterfaceForComposites._computeActorDepth(CausalityInterfaceForComposites.java:532)
	at ptolemy.actor.util.CausalityInterfaceForComposites.checkForCycles(CausalityInterfaceForComposites.java:96)
	at ptolemy.domains.de.kernel.DEDirector.preinitialize(DEDirector.java:1337)
	at ptolemy.actor.CompositeActor.preinitialize(CompositeActor.java:1828)
	at ptolemy.actor.Manager.preinitializeAndResolveTypes(Manager.java:1040)
	at ptolemy.actor.Manager.initialize(Manager.java:710)
	at ptolemy.actor.Manager.execute(Manager.java:356)
	at ptolemy.actor.Manager.run(Manager.java:1263)
	at ptolemy.actor.Manager$PtolemyRunThread.run(Manager.java:1915)

    while executing
ptolemy.kernel.util.IllegalActionException: Found a zero delay loop containing .dependencyLoop.original
  in .dependencyLoop and .dependencyLoop.original
    while executing
"java::new ptolemy.moml.MoMLSimpleApplication $file
"
    (procedure "createAndExecute" line 2)
    invoked from within
"createAndExecute $file"
    ("uplevel" body line 5)
    invoked from within
"uplevel $contents_of_test"
------------------ testing $PTII/ptolemy/domains/de/test/auto/knownFailedTests/DESDFClockTest.xml (Known Failure) 
2071 ms. Memory: 146944K Free: 117705K (80%)


==== $PTIIhome/travis/build/icyphy/ptII/ptolemy/domains/de/test/../../../../: Auto Automatic test in file $PTII/ptolemy/domains/de/test/auto/knownFailedTests/DESDFClockTest.xml
==== Contents of test case:

	    # FIXME: we should use $relativeFilename here, but it
	    # might have backslashes under Windows, which causes no end
	    # of trouble.
	    createAndExecute $file
	    list {}
	
.... Test generated KNOWN error:
    while executing
ptolemy.kernel.util.IllegalActionException: Actor is not ready to fire.  Perhaps UpSample.prefire() returned false? Try debugging the actor by selecting "Listen to Actor".  Also, for SDF check moml for tokenConsumptionRate on input.
  in .DESDFClockTest.Play Bell.Copy1:SDF Director and .DESDFClockTest.Play Bell.UpSample
	at ptolemy.actor.sched.StaticSchedulingDirector.fire(StaticSchedulingDirector.java:227)
	at ptolemy.domains.sdf.kernel.SDFDirector.fire(SDFDirector.java:500)
	at ptolemy.actor.CompositeActor.fire(CompositeActor.java:455)
	at ptolemy.domains.de.kernel.DEDirector._fire(DEDirector.java:1948)
	at ptolemy.domains.de.kernel.DEDirector.fire(DEDirector.java:502)
	at ptolemy.actor.CompositeActor.fire(CompositeActor.java:455)
	at ptolemy.actor.Manager.iterate(Manager.java:851)
	at ptolemy.actor.Manager.execute(Manager.java:369)
	at ptolemy.actor.Manager.run(Manager.java:1263)
	at ptolemy.actor.Manager$PtolemyRunThread.run(Manager.java:1915)

    while executing
ptolemy.kernel.util.IllegalActionException: Actor is not ready to fire.  Perhaps UpSample.prefire() returned false? Try debugging the actor by selecting "Listen to Actor".  Also, for SDF check moml for tokenConsumptionRate on input.
  in .DESDFClockTest.Play Bell.Copy1:SDF Director and .DESDFClockTest.Play Bell.UpSample
    while executing
"java::new ptolemy.moml.MoMLSimpleApplication $file
"
    (procedure "createAndExecute" line 2)
    invoked from within
"createAndExecute $file"
    ("uplevel" body line 5)
    invoked from within
"uplevel $contents_of_test"
------------------ testing $PTII/ptolemy/domains/de/test/auto/knownFailedTests/FSMSource.xml (Known Failure) 
37 ms. Memory: 146944K Free: 108713K (74%)
!!!! Auto was marked as failing, but now passes
------------------ testing $PTII/ptolemy/domains/de/test/auto/knownFailedTests/dependencyLoop2.xml (Known Failure) 
6 ms. Memory: 146944K Free: 106830K (73%)


==== $PTIIhome/travis/build/icyphy/ptII/ptolemy/domains/de/test/../../../../: Auto Automatic test in file $PTII/ptolemy/domains/de/test/auto/knownFailedTests/dependencyLoop2.xml
==== Contents of test case:

	    # FIXME: we should use $relativeFilename here, but it
	    # might have backslashes under Windows, which causes no end
	    # of trouble.
	    createAndExecute $file
	    list {}
	
.... Test generated KNOWN error:
    while executing
ptolemy.kernel.util.IllegalActionException: Found a zero delay loop containing .dependencyLoop2.original
  in .dependencyLoop2 and .dependencyLoop2.original
	at ptolemy.actor.util.CausalityInterfaceForComposites._computeOutputPortDepth(CausalityInterfaceForComposites.java:759)
	at ptolemy.actor.util.CausalityInterfaceForComposites._computeInputDepth(CausalityInterfaceForComposites.java:696)
	at ptolemy.actor.util.CausalityInterfaceForComposites._computeOutputPortDepth(CausalityInterfaceForComposites.java:765)
	at ptolemy.actor.util.CausalityInterfaceForComposites._computeInputDepth(CausalityInterfaceForComposites.java:696)
	at ptolemy.actor.util.CausalityInterfaceForComposites._computeOutputPortDepth(CausalityInterfaceForComposites.java:765)
	at ptolemy.actor.util.CausalityInterfaceForComposites._computeInputDepth(CausalityInterfaceForComposites.java:696)
	at ptolemy.actor.util.CausalityInterfaceForComposites._computeActorDepth(CausalityInterfaceForComposites.java:532)
	at ptolemy.actor.util.CausalityInterfaceForComposites.checkForCycles(CausalityInterfaceForComposites.java:96)
	at ptolemy.domains.de.kernel.DEDirector.preinitialize(DEDirector.java:1337)
	at ptolemy.actor.CompositeActor.preinitialize(CompositeActor.java:1828)
	at ptolemy.actor.Manager.preinitializeAndResolveTypes(Manager.java:1040)
	at ptolemy.actor.Manager.initialize(Manager.java:710)
	at ptolemy.actor.Manager.execute(Manager.java:356)
	at ptolemy.actor.Manager.run(Manager.java:1263)
	at ptolemy.actor.Manager$PtolemyRunThread.run(Manager.java:1915)

    while executing
ptolemy.kernel.util.IllegalActionException: Found a zero delay loop containing .dependencyLoop2.original
  in .dependencyLoop2 and .dependencyLoop2.original
    while executing
"java::new ptolemy.moml.MoMLSimpleApplication $file
"
    (procedure "createAndExecute" line 2)
    invoked from within
"createAndExecute $file"
    ("uplevel" body line 5)
    invoked from within
"uplevel $contents_of_test"
------------------ testing $PTII/ptolemy/domains/de/test/auto/knownFailedTests/HierarchicalModel.xml (Known Failure) 
5 ms. Memory: 146944K Free: 86317K (59%)


==== $PTIIhome/travis/build/icyphy/ptII/ptolemy/domains/de/test/../../../../: Auto Automatic test in file $PTII/ptolemy/domains/de/test/auto/knownFailedTests/HierarchicalModel.xml
==== Contents of test case:

	    # FIXME: we should use $relativeFilename here, but it
	    # might have backslashes under Windows, which causes no end
	    # of trouble.
	    createAndExecute $file
	    list {}
	
.... Test generated KNOWN error:
    while executing
ptolemy.kernel.util.IllegalActionException: Found a zero delay loop containing .HierarchicalModel.A
  in .HierarchicalModel and .HierarchicalModel.A
	at ptolemy.actor.util.CausalityInterfaceForComposites._computeOutputPortDepth(CausalityInterfaceForComposites.java:759)
	at ptolemy.actor.util.CausalityInterfaceForComposites._computeInputDepth(CausalityInterfaceForComposites.java:696)
	at ptolemy.actor.util.CausalityInterfaceForComposites._computeOutputPortDepth(CausalityInterfaceForComposites.java:765)
	at ptolemy.actor.util.CausalityInterfaceForComposites._computeInputDepth(CausalityInterfaceForComposites.java:696)
	at ptolemy.actor.util.CausalityInterfaceForComposites._computeOutputPortDepth(CausalityInterfaceForComposites.java:765)
	at ptolemy.actor.util.CausalityInterfaceForComposites._computeInputDepth(CausalityInterfaceForComposites.java:696)
	at ptolemy.actor.util.CausalityInterfaceForComposites._computeActorDepth(CausalityInterfaceForComposites.java:532)
	at ptolemy.actor.util.CausalityInterfaceForComposites.checkForCycles(CausalityInterfaceForComposites.java:96)
	at ptolemy.domains.de.kernel.DEDirector.preinitialize(DEDirector.java:1337)
	at ptolemy.actor.CompositeActor.preinitialize(CompositeActor.java:1828)
	at ptolemy.actor.Manager.preinitializeAndResolveTypes(Manager.java:1040)
	at ptolemy.actor.Manager.initialize(Manager.java:710)
	at ptolemy.actor.Manager.execute(Manager.java:356)
	at ptolemy.actor.Manager.run(Manager.java:1263)
	at ptolemy.actor.Manager$PtolemyRunThread.run(Manager.java:1915)

    while executing
ptolemy.kernel.util.IllegalActionException: Found a zero delay loop containing .HierarchicalModel.A
  in .HierarchicalModel and .HierarchicalModel.A
    while executing
"java::new ptolemy.moml.MoMLSimpleApplication $file
"
    (procedure "createAndExecute" line 2)
    invoked from within
"createAndExecute $file"
    ("uplevel" body line 5)
    invoked from within
"uplevel $contents_of_test"
------------------ testing $PTII/ptolemy/domains/de/test/auto/knownFailedTests/DirectFeedback.xml (Known Failure) 
18 ms. Memory: 146944K Free: 142553K (97%)


==== $PTIIhome/travis/build/icyphy/ptII/ptolemy/domains/de/test/../../../../: Auto Automatic test in file $PTII/ptolemy/domains/de/test/auto/knownFailedTests/DirectFeedback.xml
==== Contents of test case:

	    # FIXME: we should use $relativeFilename here, but it
	    # might have backslashes under Windows, which causes no end
	    # of trouble.
	    createAndExecute $file
	    list {}
	
.... Test generated KNOWN error:
    while executing
ptolemy.kernel.util.IllegalActionException: Test fails in iteration 1.
Value was: 1.0. Should have been: 2.0
  in .DirectFeedback.Test
	at ptolemy.actor.lib.Test.fire(Test.java:268)
	at ptolemy.domains.de.kernel.DEDirector._fire(DEDirector.java:1948)
	at ptolemy.domains.de.kernel.DEDirector.fire(DEDirector.java:502)
	at ptolemy.actor.CompositeActor.fire(CompositeActor.java:455)
	at ptolemy.actor.Manager.iterate(Manager.java:851)
	at ptolemy.actor.Manager.execute(Manager.java:369)
	at ptolemy.actor.Manager.run(Manager.java:1263)
	at ptolemy.actor.Manager$PtolemyRunThread.run(Manager.java:1915)

    while executing
ptolemy.kernel.util.IllegalActionException: Test fails in iteration 1.
Value was: 1.0. Should have been: 2.0
  in .DirectFeedback.Test
    while executing
"java::new ptolemy.moml.MoMLSimpleApplication $file
"
    (procedure "createAndExecute" line 2)
    invoked from within
"createAndExecute $file"
    ("uplevel" body line 5)
    invoked from within
"uplevel $contents_of_test"
------------------ testing $PTII/ptolemy/domains/de/test/auto/ActorDepthCalculation_actorWithoutPorts.xml
auto.tcl: Setting watchdog for 200 seconds at Mon Apr 30 23:35:55 UTC 2018
7 ms. Memory: 146944K Free: 133635K (91%)
ptolemy.util.test.WatchDog.cancel(): canceling Mon Apr 30 23:35:55 UTC 2018
auto.tcl: Setting watchdog for 200 seconds at Mon Apr 30 23:35:55 UTC 2018
5 ms. Memory: 146944K Free: 132603K (90%)
ptolemy.util.test.WatchDog.cancel(): canceling Mon Apr 30 23:35:55 UTC 2018
------------------ testing $PTII/ptolemy/domains/de/test/auto/AssemblyLine.xml
auto.tcl: Setting watchdog for 200 seconds at Mon Apr 30 23:35:55 UTC 2018
10 ms. Memory: 208384K Free: 182898K (88%)
ptolemy.util.test.WatchDog.cancel(): canceling Mon Apr 30 23:35:55 UTC 2018
auto.tcl: Setting watchdog for 200 seconds at Mon Apr 30 23:35:55 UTC 2018
18 ms. Memory: 208384K Free: 182898K (88%)
ptolemy.util.test.WatchDog.cancel(): canceling Mon Apr 30 23:35:55 UTC 2018
------------------ testing $PTII/ptolemy/domains/de/test/auto/CQBug1.xml
auto.tcl: Setting watchdog for 200 seconds at Mon Apr 30 23:35:55 UTC 2018
5 ms. Memory: 208384K Free: 197746K (95%)
ptolemy.util.test.WatchDog.cancel(): canceling Mon Apr 30 23:35:55 UTC 2018
auto.tcl: Setting watchdog for 200 seconds at Mon Apr 30 23:35:55 UTC 2018
1 ms. Memory: 208384K Free: 197746K (95%)
ptolemy.util.test.WatchDog.cancel(): canceling Mon Apr 30 23:35:55 UTC 2018
------------------ testing $PTII/ptolemy/domains/de/test/auto/CancelFireAt.xml
auto.tcl: Setting watchdog for 200 seconds at Mon Apr 30 23:35:55 UTC 2018
3 ms. Memory: 208384K Free: 201454K (97%)
ptolemy.util.test.WatchDog.cancel(): canceling Mon Apr 30 23:35:55 UTC 2018
auto.tcl: Setting watchdog for 200 seconds at Mon Apr 30 23:35:56 UTC 2018
2 ms. Memory: 208384K Free: 199358K (96%)
ptolemy.util.test.WatchDog.cancel(): canceling Mon Apr 30 23:35:56 UTC 2018
------------------ testing $PTII/ptolemy/domains/de/test/auto/CausalityAndComposabilityAnalysis.xml
auto.tcl: Setting watchdog for 200 seconds at Mon Apr 30 23:35:56 UTC 2018
8 ms. Memory: 208384K Free: 196538K (94%)
ptolemy.util.test.WatchDog.cancel(): canceling Mon Apr 30 23:35:56 UTC 2018
auto.tcl: Setting watchdog for 200 seconds at Mon Apr 30 23:35:56 UTC 2018
9 ms. Memory: 208384K Free: 196538K (94%)
ptolemy.util.test.WatchDog.cancel(): canceling Mon Apr 30 23:35:56 UTC 2018
------------------ testing $PTII/ptolemy/domains/de/test/auto/CausalityInterface1.xml
auto.tcl: Setting watchdog for 200 seconds at Mon Apr 30 23:35:56 UTC 2018
8 ms. Memory: 208384K Free: 196444K (94%)
ptolemy.util.test.WatchDog.cancel(): canceling Mon Apr 30 23:35:56 UTC 2018
auto.tcl: Setting watchdog for 200 seconds at Mon Apr 30 23:35:56 UTC 2018
12 ms. Memory: 208384K Free: 196444K (94%)
ptolemy.util.test.WatchDog.cancel(): canceling Mon Apr 30 23:35:56 UTC 2018
------------------ testing $PTII/ptolemy/domains/de/test/auto/CausalityInterface15.xml
auto.tcl: Setting watchdog for 200 seconds at Mon Apr 30 23:35:56 UTC 2018
8 ms. Memory: 208384K Free: 196789K (94%)
ptolemy.util.test.WatchDog.cancel(): canceling Mon Apr 30 23:35:56 UTC 2018
auto.tcl: Setting watchdog for 200 seconds at Mon Apr 30 23:35:56 UTC 2018
8 ms. Memory: 208384K Free: 196789K (94%)
ptolemy.util.test.WatchDog.cancel(): canceling Mon Apr 30 23:35:56 UTC 2018
------------------ testing $PTII/ptolemy/domains/de/test/auto/CausalityInterface2.xml
auto.tcl: Setting watchdog for 200 seconds at Mon Apr 30 23:35:56 UTC 2018
7 ms. Memory: 208384K Free: 196419K (94%)
ptolemy.util.test.WatchDog.cancel(): canceling Mon Apr 30 23:35:56 UTC 2018
auto.tcl: Setting watchdog for 200 seconds at Mon Apr 30 23:35:56 UTC 2018
2 ms. Memory: 208384K Free: 196419K (94%)
ptolemy.util.test.WatchDog.cancel(): canceling Mon Apr 30 23:35:56 UTC 2018
------------------ testing $PTII/ptolemy/domains/de/test/auto/CausalityInterface3.xml
auto.tcl: Setting watchdog for 200 seconds at Mon Apr 30 23:35:56 UTC 2018
3 ms. Memory: 208384K Free: 196448K (94%)
ptolemy.util.test.WatchDog.cancel(): canceling Mon Apr 30 23:35:56 UTC 2018
auto.tcl: Setting watchdog for 200 seconds at Mon Apr 30 23:35:56 UTC 2018
7 ms. Memory: 208384K Free: 196448K (94%)
ptolemy.util.test.WatchDog.cancel(): canceling Mon Apr 30 23:35:56 UTC 2018
------------------ testing $PTII/ptolemy/domains/de/test/auto/ClockDrift.xml
auto.tcl: Setting watchdog for 200 seconds at Mon Apr 30 23:35:56 UTC 2018
89 ms. Memory: 208384K Free: 187691K (90%)
ptolemy.util.test.WatchDog.cancel(): canceling Mon Apr 30 23:35:56 UTC 2018
auto.tcl: Setting watchdog for 200 seconds at Mon Apr 30 23:35:56 UTC 2018
61 ms. Memory: 208384K Free: 185603K (89%)
ptolemy.util.test.WatchDog.cancel(): canceling Mon Apr 30 23:35:56 UTC 2018
------------------ testing $PTII/ptolemy/domains/de/test/auto/ClockDriftAndValueChange.xml
auto.tcl: Setting watchdog for 200 seconds at Mon Apr 30 23:35:56 UTC 2018
46 ms. Memory: 208384K Free: 187510K (90%)
ptolemy.util.test.WatchDog.cancel(): canceling Mon Apr 30 23:35:56 UTC 2018
auto.tcl: Setting watchdog for 200 seconds at Mon Apr 30 23:35:56 UTC 2018
21 ms. Memory: 208384K Free: 185422K (89%)
ptolemy.util.test.WatchDog.cancel(): canceling Mon Apr 30 23:35:56 UTC 2018
------------------ testing $PTII/ptolemy/domains/de/test/auto/ClockDriftChange.xml
auto.tcl: Setting watchdog for 200 seconds at Mon Apr 30 23:35:56 UTC 2018
31 ms. Memory: 208384K Free: 190836K (92%)
ptolemy.util.test.WatchDog.cancel(): canceling Mon Apr 30 23:35:57 UTC 2018
auto.tcl: Setting watchdog for 200 seconds at Mon Apr 30 23:35:57 UTC 2018
36 ms. Memory: 208384K Free: 188732K (91%)
ptolemy.util.test.WatchDog.cancel(): canceling Mon Apr 30 23:35:57 UTC 2018
------------------ testing $PTII/ptolemy/domains/de/test/auto/ComposableCausalityAnalysis.xml
auto.tcl: Setting watchdog for 200 seconds at Mon Apr 30 23:35:57 UTC 2018
3 ms. Memory: 208384K Free: 196303K (94%)
ptolemy.util.test.WatchDog.cancel(): canceling Mon Apr 30 23:35:57 UTC 2018
auto.tcl: Setting watchdog for 200 seconds at Mon Apr 30 23:35:57 UTC 2018
2 ms. Memory: 208384K Free: 194199K (93%)
ptolemy.util.test.WatchDog.cancel(): canceling Mon Apr 30 23:35:57 UTC 2018
------------------ testing $PTII/ptolemy/domains/de/test/auto/DEFixedPointLimitation.xml
auto.tcl: Setting watchdog for 200 seconds at Mon Apr 30 23:35:57 UTC 2018
3 ms. Memory: 208384K Free: 196376K (94%)
ptolemy.util.test.WatchDog.cancel(): canceling Mon Apr 30 23:35:57 UTC 2018
auto.tcl: Setting watchdog for 200 seconds at Mon Apr 30 23:35:57 UTC 2018
1 ms. Memory: 208384K Free: 196376K (94%)
ptolemy.util.test.WatchDog.cancel(): canceling Mon Apr 30 23:35:57 UTC 2018
------------------ testing $PTII/ptolemy/domains/de/test/auto/DEScheduleTest.xml
auto.tcl: Setting watchdog for 200 seconds at Mon Apr 30 23:35:57 UTC 2018
7 ms. Memory: 208384K Free: 198516K (95%)
ptolemy.util.test.WatchDog.cancel(): canceling Mon Apr 30 23:35:57 UTC 2018
auto.tcl: Setting watchdog for 200 seconds at Mon Apr 30 23:35:57 UTC 2018
7 ms. Memory: 208384K Free: 196427K (94%)
ptolemy.util.test.WatchDog.cancel(): canceling Mon Apr 30 23:35:57 UTC 2018
------------------ testing $PTII/ptolemy/domains/de/test/auto/DEinDEwithStartTimes.xml
auto.tcl: Setting watchdog for 200 seconds at Mon Apr 30 23:35:57 UTC 2018
6 ms. Memory: 208384K Free: 196742K (94%)
ptolemy.util.test.WatchDog.cancel(): canceling Mon Apr 30 23:35:57 UTC 2018
auto.tcl: Setting watchdog for 200 seconds at Mon Apr 30 23:35:57 UTC 2018
3 ms. Memory: 208384K Free: 194654K (93%)
ptolemy.util.test.WatchDog.cancel(): canceling Mon Apr 30 23:35:57 UTC 2018
------------------ testing $PTII/ptolemy/domains/de/test/auto/DEinDEwithStartTimes2.xml
auto.tcl: Setting watchdog for 200 seconds at Mon Apr 30 23:35:57 UTC 2018
7 ms. Memory: 208384K Free: 196383K (94%)
ptolemy.util.test.WatchDog.cancel(): canceling Mon Apr 30 23:35:57 UTC 2018
auto.tcl: Setting watchdog for 200 seconds at Mon Apr 30 23:35:57 UTC 2018
4 ms. Memory: 208384K Free: 194279K (93%)
ptolemy.util.test.WatchDog.cancel(): canceling Mon Apr 30 23:35:57 UTC 2018
------------------ testing $PTII/ptolemy/domains/de/test/auto/DateDemo.xml
auto.tcl: Setting watchdog for 200 seconds at Mon Apr 30 23:35:57 UTC 2018
7 ms. Memory: 208384K Free: 188808K (91%)
ptolemy.util.test.WatchDog.cancel(): canceling Mon Apr 30 23:35:57 UTC 2018
auto.tcl: Setting watchdog for 200 seconds at Mon Apr 30 23:35:57 UTC 2018
6 ms. Memory: 208384K Free: 186704K (90%)
ptolemy.util.test.WatchDog.cancel(): canceling Mon Apr 30 23:35:57 UTC 2018
------------------ testing $PTII/ptolemy/domains/de/test/auto/DateToEvent.xml
auto.tcl: Setting watchdog for 200 seconds at Mon Apr 30 23:35:57 UTC 2018
2012 ms. Memory: 208384K Free: 183558K (88%)
ptolemy.util.test.WatchDog.cancel(): canceling Mon Apr 30 23:35:59 UTC 2018
auto.tcl: Setting watchdog for 200 seconds at Mon Apr 30 23:35:59 UTC 2018
2006 ms. Memory: 208384K Free: 183558K (88%)
ptolemy.util.test.WatchDog.cancel(): canceling Mon Apr 30 23:36:01 UTC 2018
------------------ testing $PTII/ptolemy/domains/de/test/auto/DepthTest1.xml
auto.tcl: Setting watchdog for 200 seconds at Mon Apr 30 23:36:01 UTC 2018
4 ms. Memory: 208384K Free: 198034K (95%)
ptolemy.util.test.WatchDog.cancel(): canceling Mon Apr 30 23:36:01 UTC 2018
auto.tcl: Setting watchdog for 200 seconds at Mon Apr 30 23:36:01 UTC 2018
1 ms. Memory: 208384K Free: 198034K (95%)
ptolemy.util.test.WatchDog.cancel(): canceling Mon Apr 30 23:36:01 UTC 2018
------------------ testing $PTII/ptolemy/domains/de/test/auto/DepthTest2.xml
auto.tcl: Setting watchdog for 200 seconds at Mon Apr 30 23:36:01 UTC 2018
6 ms. Memory: 208384K Free: 194259K (93%)
ptolemy.util.test.WatchDog.cancel(): canceling Mon Apr 30 23:36:01 UTC 2018
auto.tcl: Setting watchdog for 200 seconds at Mon Apr 30 23:36:01 UTC 2018
7 ms. Memory: 208384K Free: 194259K (93%)
ptolemy.util.test.WatchDog.cancel(): canceling Mon Apr 30 23:36:01 UTC 2018
------------------ testing $PTII/ptolemy/domains/de/test/auto/DepthTest3.xml
auto.tcl: Setting watchdog for 200 seconds at Mon Apr 30 23:36:01 UTC 2018
5 ms. Memory: 208384K Free: 198369K (95%)
ptolemy.util.test.WatchDog.cancel(): canceling Mon Apr 30 23:36:02 UTC 2018
auto.tcl: Setting watchdog for 200 seconds at Mon Apr 30 23:36:02 UTC 2018
2 ms. Memory: 208384K Free: 198369K (95%)
ptolemy.util.test.WatchDog.cancel(): canceling Mon Apr 30 23:36:02 UTC 2018
------------------ testing $PTII/ptolemy/domains/de/test/auto/DepthTest4.xml
auto.tcl: Setting watchdog for 200 seconds at Mon Apr 30 23:36:02 UTC 2018
10 ms. Memory: 208384K Free: 196368K (94%)
ptolemy.util.test.WatchDog.cancel(): canceling Mon Apr 30 23:36:02 UTC 2018
auto.tcl: Setting watchdog for 200 seconds at Mon Apr 30 23:36:02 UTC 2018
3 ms. Memory: 208384K Free: 196368K (94%)
ptolemy.util.test.WatchDog.cancel(): canceling Mon Apr 30 23:36:02 UTC 2018
------------------ testing $PTII/ptolemy/domains/de/test/auto/DepthTest5.xml
auto.tcl: Setting watchdog for 200 seconds at Mon Apr 30 23:36:02 UTC 2018
5 ms. Memory: 208384K Free: 196653K (94%)
ptolemy.util.test.WatchDog.cancel(): canceling Mon Apr 30 23:36:02 UTC 2018
auto.tcl: Setting watchdog for 200 seconds at Mon Apr 30 23:36:02 UTC 2018
2 ms. Memory: 208384K Free: 196653K (94%)
ptolemy.util.test.WatchDog.cancel(): canceling Mon Apr 30 23:36:02 UTC 2018
------------------ testing $PTII/ptolemy/domains/de/test/auto/DepthTest6.xml
auto.tcl: Setting watchdog for 200 seconds at Mon Apr 30 23:36:02 UTC 2018
8 ms. Memory: 208384K Free: 196630K (94%)
ptolemy.util.test.WatchDog.cancel(): canceling Mon Apr 30 23:36:02 UTC 2018
auto.tcl: Setting watchdog for 200 seconds at Mon Apr 30 23:36:02 UTC 2018
2 ms. Memory: 208384K Free: 196630K (94%)
ptolemy.util.test.WatchDog.cancel(): canceling Mon Apr 30 23:36:02 UTC 2018
------------------ testing $PTII/ptolemy/domains/de/test/auto/DepthTest7.xml
auto.tcl: Setting watchdog for 200 seconds at Mon Apr 30 23:36:02 UTC 2018
2 ms. Memory: 208384K Free: 195044K (94%)
ptolemy.util.test.WatchDog.cancel(): canceling Mon Apr 30 23:36:02 UTC 2018
auto.tcl: Setting watchdog for 200 seconds at Mon Apr 30 23:36:02 UTC 2018
2 ms. Memory: 208384K Free: 195044K (94%)
ptolemy.util.test.WatchDog.cancel(): canceling Mon Apr 30 23:36:02 UTC 2018
------------------ testing $PTII/ptolemy/domains/de/test/auto/EventToDate.xml
auto.tcl: Setting watchdog for 200 seconds at Mon Apr 30 23:36:02 UTC 2018
3005 ms. Memory: 208384K Free: 185829K (89%)
ptolemy.util.test.WatchDog.cancel(): canceling Mon Apr 30 23:36:05 UTC 2018
auto.tcl: Setting watchdog for 200 seconds at Mon Apr 30 23:36:05 UTC 2018
3003 ms. Memory: 208384K Free: 185829K (89%)
ptolemy.util.test.WatchDog.cancel(): canceling Mon Apr 30 23:36:08 UTC 2018
------------------ testing $PTII/ptolemy/domains/de/test/auto/FSM1.xml
auto.tcl: Setting watchdog for 200 seconds at Mon Apr 30 23:36:08 UTC 2018
16 ms. Memory: 208384K Free: 184779K (89%)
ptolemy.util.test.WatchDog.cancel(): canceling Mon Apr 30 23:36:08 UTC 2018
auto.tcl: Setting watchdog for 200 seconds at Mon Apr 30 23:36:08 UTC 2018
13 ms. Memory: 208384K Free: 182675K (88%)
ptolemy.util.test.WatchDog.cancel(): canceling Mon Apr 30 23:36:08 UTC 2018
------------------ testing $PTII/ptolemy/domains/de/test/auto/FSM7.xml
auto.tcl: Setting watchdog for 200 seconds at Mon Apr 30 23:36:08 UTC 2018
11 ms. Memory: 208384K Free: 187415K (90%)
ptolemy.util.test.WatchDog.cancel(): canceling Mon Apr 30 23:36:08 UTC 2018
auto.tcl: Setting watchdog for 200 seconds at Mon Apr 30 23:36:08 UTC 2018
12 ms. Memory: 208384K Free: 185327K (89%)
ptolemy.util.test.WatchDog.cancel(): canceling Mon Apr 30 23:36:08 UTC 2018
------------------ testing $PTII/ptolemy/domains/de/test/auto/Inspection.xml
auto.tcl: Setting watchdog for 200 seconds at Mon Apr 30 23:36:08 UTC 2018
32 ms. Memory: 208384K Free: 188677K (91%)
ptolemy.util.test.WatchDog.cancel(): canceling Mon Apr 30 23:36:08 UTC 2018
auto.tcl: Setting watchdog for 200 seconds at Mon Apr 30 23:36:08 UTC 2018
21 ms. Memory: 208384K Free: 186573K (90%)
ptolemy.util.test.WatchDog.cancel(): canceling Mon Apr 30 23:36:08 UTC 2018
------------------ testing $PTII/ptolemy/domains/de/test/auto/Iteration.xml
auto.tcl: Setting watchdog for 200 seconds at Mon Apr 30 23:36:08 UTC 2018
6 ms. Memory: 208384K Free: 194336K (93%)
ptolemy.util.test.WatchDog.cancel(): canceling Mon Apr 30 23:36:08 UTC 2018
auto.tcl: Setting watchdog for 200 seconds at Mon Apr 30 23:36:08 UTC 2018
6 ms. Memory: 208384K Free: 193999K (93%)
ptolemy.util.test.WatchDog.cancel(): canceling Mon Apr 30 23:36:08 UTC 2018
------------------ testing $PTII/ptolemy/domains/de/test/auto/LineFault.xml
auto.tcl: Setting watchdog for 200 seconds at Mon Apr 30 23:36:08 UTC 2018
725 ms. Memory: 208384K Free: 196309K (94%)
ptolemy.util.test.WatchDog.cancel(): canceling Mon Apr 30 23:36:09 UTC 2018
auto.tcl: Setting watchdog for 200 seconds at Mon Apr 30 23:36:09 UTC 2018
582 ms. Memory: 208384K Free: 139185K (67%)
ptolemy.util.test.WatchDog.cancel(): canceling Mon Apr 30 23:36:10 UTC 2018
------------------ testing $PTII/ptolemy/domains/de/test/auto/MergeModel1Add.xml
auto.tcl: Setting watchdog for 200 seconds at Mon Apr 30 23:36:10 UTC 2018
29 ms. Memory: 331264K Free: 302832K (91%)
ptolemy.util.test.WatchDog.cancel(): canceling Mon Apr 30 23:36:10 UTC 2018
auto.tcl: Setting watchdog for 200 seconds at Mon Apr 30 23:36:10 UTC 2018
13 ms. Memory: 331264K Free: 298874K (90%)
ptolemy.util.test.WatchDog.cancel(): canceling Mon Apr 30 23:36:10 UTC 2018
------------------ testing $PTII/ptolemy/domains/de/test/auto/MergeModel2Add.xml
auto.tcl: Setting watchdog for 200 seconds at Mon Apr 30 23:36:10 UTC 2018
12 ms. Memory: 331264K Free: 304168K (92%)
ptolemy.util.test.WatchDog.cancel(): canceling Mon Apr 30 23:36:10 UTC 2018
auto.tcl: Setting watchdog for 200 seconds at Mon Apr 30 23:36:10 UTC 2018
11 ms. Memory: 331264K Free: 300225K (91%)
ptolemy.util.test.WatchDog.cancel(): canceling Mon Apr 30 23:36:10 UTC 2018
------------------ testing $PTII/ptolemy/domains/de/test/auto/MergeModel3Add.xml
auto.tcl: Setting watchdog for 200 seconds at Mon Apr 30 23:36:10 UTC 2018
13 ms. Memory: 331264K Free: 304194K (92%)
ptolemy.util.test.WatchDog.cancel(): canceling Mon Apr 30 23:36:10 UTC 2018
auto.tcl: Setting watchdog for 200 seconds at Mon Apr 30 23:36:10 UTC 2018
8 ms. Memory: 331264K Free: 300243K (91%)
ptolemy.util.test.WatchDog.cancel(): canceling Mon Apr 30 23:36:10 UTC 2018
------------------ testing $PTII/ptolemy/domains/de/test/auto/MergeWithoutDiscard.xml
auto.tcl: Setting watchdog for 200 seconds at Mon Apr 30 23:36:10 UTC 2018
3 ms. Memory: 331264K Free: 316288K (95%)
ptolemy.util.test.WatchDog.cancel(): canceling Mon Apr 30 23:36:10 UTC 2018
auto.tcl: Setting watchdog for 200 seconds at Mon Apr 30 23:36:10 UTC 2018
1 ms. Memory: 331264K Free: 316002K (95%)
ptolemy.util.test.WatchDog.cancel(): canceling Mon Apr 30 23:36:10 UTC 2018
------------------ testing $PTII/ptolemy/domains/de/test/auto/Modal1.xml
auto.tcl: Setting watchdog for 200 seconds at Mon Apr 30 23:36:10 UTC 2018
14 ms. Memory: 331264K Free: 309900K (94%)
ptolemy.util.test.WatchDog.cancel(): canceling Mon Apr 30 23:36:11 UTC 2018
auto.tcl: Setting watchdog for 200 seconds at Mon Apr 30 23:36:11 UTC 2018
16 ms. Memory: 331264K Free: 305958K (92%)
ptolemy.util.test.WatchDog.cancel(): canceling Mon Apr 30 23:36:11 UTC 2018
------------------ testing $PTII/ptolemy/domains/de/test/auto/Modal2.xml
auto.tcl: Setting watchdog for 200 seconds at Mon Apr 30 23:36:11 UTC 2018
14 ms. Memory: 331264K Free: 309783K (94%)
ptolemy.util.test.WatchDog.cancel(): canceling Mon Apr 30 23:36:11 UTC 2018
auto.tcl: Setting watchdog for 200 seconds at Mon Apr 30 23:36:11 UTC 2018
15 ms. Memory: 331264K Free: 305840K (92%)
ptolemy.util.test.WatchDog.cancel(): canceling Mon Apr 30 23:36:11 UTC 2018
------------------ testing $PTII/ptolemy/domains/de/test/auto/Modal3.xml
auto.tcl: Setting watchdog for 200 seconds at Mon Apr 30 23:36:11 UTC 2018
14 ms. Memory: 331264K Free: 310057K (94%)
ptolemy.util.test.WatchDog.cancel(): canceling Mon Apr 30 23:36:11 UTC 2018
auto.tcl: Setting watchdog for 200 seconds at Mon Apr 30 23:36:11 UTC 2018
14 ms. Memory: 331264K Free: 305813K (92%)
ptolemy.util.test.WatchDog.cancel(): canceling Mon Apr 30 23:36:11 UTC 2018
------------------ testing $PTII/ptolemy/domains/de/test/auto/Modal4.xml
auto.tcl: Setting watchdog for 200 seconds at Mon Apr 30 23:36:11 UTC 2018
22 ms. Memory: 331264K Free: 309577K (93%)
ptolemy.util.test.WatchDog.cancel(): canceling Mon Apr 30 23:36:11 UTC 2018
auto.tcl: Setting watchdog for 200 seconds at Mon Apr 30 23:36:11 UTC 2018
20 ms. Memory: 331264K Free: 305618K (92%)
ptolemy.util.test.WatchDog.cancel(): canceling Mon Apr 30 23:36:11 UTC 2018
------------------ testing $PTII/ptolemy/domains/de/test/auto/Modal5.xml
auto.tcl: Setting watchdog for 200 seconds at Mon Apr 30 23:36:11 UTC 2018
14 ms. Memory: 331264K Free: 309577K (93%)
ptolemy.util.test.WatchDog.cancel(): canceling Mon Apr 30 23:36:11 UTC 2018
auto.tcl: Setting watchdog for 200 seconds at Mon Apr 30 23:36:11 UTC 2018
10 ms. Memory: 331264K Free: 305619K (92%)
ptolemy.util.test.WatchDog.cancel(): canceling Mon Apr 30 23:36:11 UTC 2018
------------------ testing $PTII/ptolemy/domains/de/test/auto/Modal6.xml
auto.tcl: Setting watchdog for 200 seconds at Mon Apr 30 23:36:11 UTC 2018
11 ms. Memory: 331264K Free: 309559K (93%)
ptolemy.util.test.WatchDog.cancel(): canceling Mon Apr 30 23:36:11 UTC 2018
auto.tcl: Setting watchdog for 200 seconds at Mon Apr 30 23:36:11 UTC 2018
11 ms. Memory: 331264K Free: 305617K (92%)
ptolemy.util.test.WatchDog.cancel(): canceling Mon Apr 30 23:36:11 UTC 2018
------------------ testing $PTII/ptolemy/domains/de/test/auto/Modal7.xml
auto.tcl: Setting watchdog for 200 seconds at Mon Apr 30 23:36:11 UTC 2018
16 ms. Memory: 331264K Free: 309560K (93%)
ptolemy.util.test.WatchDog.cancel(): canceling Mon Apr 30 23:36:11 UTC 2018
auto.tcl: Setting watchdog for 200 seconds at Mon Apr 30 23:36:11 UTC 2018
10 ms. Memory: 331264K Free: 305602K (92%)
ptolemy.util.test.WatchDog.cancel(): canceling Mon Apr 30 23:36:11 UTC 2018
------------------ testing $PTII/ptolemy/domains/de/test/auto/ModalModel.xml
auto.tcl: Setting watchdog for 200 seconds at Mon Apr 30 23:36:11 UTC 2018
199 ms. Memory: 331264K Free: 245858K (74%)
ptolemy.util.test.WatchDog.cancel(): canceling Mon Apr 30 23:36:12 UTC 2018
auto.tcl: Setting watchdog for 200 seconds at Mon Apr 30 23:36:12 UTC 2018
173 ms. Memory: 331264K Free: 190513K (58%)
ptolemy.util.test.WatchDog.cancel(): canceling Mon Apr 30 23:36:12 UTC 2018
------------------ testing $PTII/ptolemy/domains/de/test/auto/ModalSource.xml
auto.tcl: Setting watchdog for 200 seconds at Mon Apr 30 23:36:12 UTC 2018
5 ms. Memory: 331264K Free: 316341K (95%)
ptolemy.util.test.WatchDog.cancel(): canceling Mon Apr 30 23:36:12 UTC 2018
auto.tcl: Setting watchdog for 200 seconds at Mon Apr 30 23:36:12 UTC 2018
5 ms. Memory: 331264K Free: 312830K (94%)
ptolemy.util.test.WatchDog.cancel(): canceling Mon Apr 30 23:36:12 UTC 2018
------------------ testing $PTII/ptolemy/domains/de/test/auto/NonInterruptibleTimerZeroDelay.xml
auto.tcl: Setting watchdog for 200 seconds at Mon Apr 30 23:36:12 UTC 2018
4 ms. Memory: 331264K Free: 320705K (97%)
ptolemy.util.test.WatchDog.cancel(): canceling Mon Apr 30 23:36:12 UTC 2018
auto.tcl: Setting watchdog for 200 seconds at Mon Apr 30 23:36:12 UTC 2018
2 ms. Memory: 331264K Free: 317186K (96%)
ptolemy.util.test.WatchDog.cancel(): canceling Mon Apr 30 23:36:12 UTC 2018
------------------ testing $PTII/ptolemy/domains/de/test/auto/OpenQueueingNetwork.xml
auto.tcl: Setting watchdog for 200 seconds at Mon Apr 30 23:36:12 UTC 2018
2681 ms. Memory: 317952K Free: 160963K (51%)
ptolemy.util.test.WatchDog.cancel(): canceling Mon Apr 30 23:36:15 UTC 2018
auto.tcl: Setting watchdog for 200 seconds at Mon Apr 30 23:36:15 UTC 2018
2431 ms. Memory: 287232K Free: 233061K (81%)
ptolemy.util.test.WatchDog.cancel(): canceling Mon Apr 30 23:36:17 UTC 2018
------------------ testing $PTII/ptolemy/domains/de/test/auto/OpenQueuingNetwork.xml
auto.tcl: Setting watchdog for 200 seconds at Mon Apr 30 23:36:17 UTC 2018
242 ms. Memory: 287232K Free: 187369K (65%)
ptolemy.util.test.WatchDog.cancel(): canceling Mon Apr 30 23:36:18 UTC 2018
auto.tcl: Setting watchdog for 200 seconds at Mon Apr 30 23:36:18 UTC 2018
224 ms. Memory: 287232K Free: 130051K (45%)
ptolemy.util.test.WatchDog.cancel(): canceling Mon Apr 30 23:36:18 UTC 2018
------------------ testing $PTII/ptolemy/domains/de/test/auto/PeriodicSampler.xml
auto.tcl: Setting watchdog for 200 seconds at Mon Apr 30 23:36:18 UTC 2018
2 ms. Memory: 289792K Free: 277466K (96%)
ptolemy.util.test.WatchDog.cancel(): canceling Mon Apr 30 23:36:18 UTC 2018
auto.tcl: Setting watchdog for 200 seconds at Mon Apr 30 23:36:18 UTC 2018
2 ms. Memory: 289792K Free: 274563K (95%)
ptolemy.util.test.WatchDog.cancel(): canceling Mon Apr 30 23:36:18 UTC 2018
------------------ testing $PTII/ptolemy/domains/de/test/auto/PersistentIO.xml
auto.tcl: Setting watchdog for 200 seconds at Mon Apr 30 23:36:18 UTC 2018
10 ms. Memory: 287232K Free: 266866K (93%)
ptolemy.util.test.WatchDog.cancel(): canceling Mon Apr 30 23:36:18 UTC 2018
auto.tcl: Setting watchdog for 200 seconds at Mon Apr 30 23:36:18 UTC 2018
4 ms. Memory: 287232K Free: 266866K (93%)
ptolemy.util.test.WatchDog.cancel(): canceling Mon Apr 30 23:36:18 UTC 2018
------------------ testing $PTII/ptolemy/domains/de/test/auto/PortParameterResetOnInitialize.xml
auto.tcl: Setting watchdog for 200 seconds at Mon Apr 30 23:36:18 UTC 2018
2 ms. Memory: 289280K Free: 274511K (95%)
ptolemy.util.test.WatchDog.cancel(): canceling Mon Apr 30 23:36:18 UTC 2018
auto.tcl: Setting watchdog for 200 seconds at Mon Apr 30 23:36:18 UTC 2018
1 ms. Memory: 289280K Free: 274511K (95%)
ptolemy.util.test.WatchDog.cancel(): canceling Mon Apr 30 23:36:18 UTC 2018
------------------ testing $PTII/ptolemy/domains/de/test/auto/PortParameterUpdates.xml
auto.tcl: Setting watchdog for 200 seconds at Mon Apr 30 23:36:18 UTC 2018
2 ms. Memory: 287232K Free: 274747K (96%)
ptolemy.util.test.WatchDog.cancel(): canceling Mon Apr 30 23:36:18 UTC 2018
auto.tcl: Setting watchdog for 200 seconds at Mon Apr 30 23:36:18 UTC 2018
3 ms. Memory: 287232K Free: 271828K (95%)
ptolemy.util.test.WatchDog.cancel(): canceling Mon Apr 30 23:36:18 UTC 2018
------------------ testing $PTII/ptolemy/domains/de/test/auto/QueueAndServer.xml
auto.tcl: Setting watchdog for 200 seconds at Mon Apr 30 23:36:18 UTC 2018
9 ms. Memory: 289280K Free: 271806K (94%)
ptolemy.util.test.WatchDog.cancel(): canceling Mon Apr 30 23:36:18 UTC 2018
auto.tcl: Setting watchdog for 200 seconds at Mon Apr 30 23:36:18 UTC 2018
5 ms. Memory: 289280K Free: 271705K (94%)
ptolemy.util.test.WatchDog.cancel(): canceling Mon Apr 30 23:36:18 UTC 2018
------------------ testing $PTII/ptolemy/domains/de/test/auto/Records.xml
auto.tcl: Setting watchdog for 200 seconds at Mon Apr 30 23:36:18 UTC 2018
12 ms. Memory: 287232K Free: 274545K (96%)
ptolemy.util.test.WatchDog.cancel(): canceling Mon Apr 30 23:36:18 UTC 2018
auto.tcl: Setting watchdog for 200 seconds at Mon Apr 30 23:36:18 UTC 2018
1 ms. Memory: 287232K Free: 274545K (96%)
ptolemy.util.test.WatchDog.cancel(): canceling Mon Apr 30 23:36:18 UTC 2018
------------------ testing $PTII/ptolemy/domains/de/test/auto/ResetTransitionWithStartTime1.xml
auto.tcl: Setting watchdog for 200 seconds at Mon Apr 30 23:36:18 UTC 2018
12 ms. Memory: 288768K Free: 273187K (95%)
ptolemy.util.test.WatchDog.cancel(): canceling Mon Apr 30 23:36:18 UTC 2018
auto.tcl: Setting watchdog for 200 seconds at Mon Apr 30 23:36:18 UTC 2018
5 ms. Memory: 288768K Free: 270284K (94%)
ptolemy.util.test.WatchDog.cancel(): canceling Mon Apr 30 23:36:18 UTC 2018
------------------ testing $PTII/ptolemy/domains/de/test/auto/ResetTransitionWithStartTime2.xml
auto.tcl: Setting watchdog for 200 seconds at Mon Apr 30 23:36:18 UTC 2018
7 ms. Memory: 287232K Free: 271743K (95%)
ptolemy.util.test.WatchDog.cancel(): canceling Mon Apr 30 23:36:18 UTC 2018
auto.tcl: Setting watchdog for 200 seconds at Mon Apr 30 23:36:18 UTC 2018
4 ms. Memory: 287232K Free: 268824K (94%)
ptolemy.util.test.WatchDog.cancel(): canceling Mon Apr 30 23:36:18 UTC 2018
------------------ testing $PTII/ptolemy/domains/de/test/auto/ResetTransitionWithStartTime3.xml
auto.tcl: Setting watchdog for 200 seconds at Mon Apr 30 23:36:18 UTC 2018
7 ms. Memory: 288768K Free: 273177K (95%)
ptolemy.util.test.WatchDog.cancel(): canceling Mon Apr 30 23:36:18 UTC 2018
auto.tcl: Setting watchdog for 200 seconds at Mon Apr 30 23:36:18 UTC 2018
8 ms. Memory: 288768K Free: 270258K (94%)
ptolemy.util.test.WatchDog.cancel(): canceling Mon Apr 30 23:36:18 UTC 2018
------------------ testing $PTII/ptolemy/domains/de/test/auto/ResetTransitionWithStartTime4.xml
auto.tcl: Setting watchdog for 200 seconds at Mon Apr 30 23:36:18 UTC 2018
4 ms. Memory: 287232K Free: 271655K (95%)
ptolemy.util.test.WatchDog.cancel(): canceling Mon Apr 30 23:36:18 UTC 2018
auto.tcl: Setting watchdog for 200 seconds at Mon Apr 30 23:36:18 UTC 2018
3 ms. Memory: 287232K Free: 271655K (95%)
ptolemy.util.test.WatchDog.cancel(): canceling Mon Apr 30 23:36:18 UTC 2018
------------------ testing $PTII/ptolemy/domains/de/test/auto/ResettableTimer1.xml
auto.tcl: Setting watchdog for 200 seconds at Mon Apr 30 23:36:18 UTC 2018
3 ms. Memory: 288768K Free: 276097K (96%)
ptolemy.util.test.WatchDog.cancel(): canceling Mon Apr 30 23:36:19 UTC 2018
auto.tcl: Setting watchdog for 200 seconds at Mon Apr 30 23:36:19 UTC 2018
2 ms. Memory: 288768K Free: 276097K (96%)
ptolemy.util.test.WatchDog.cancel(): canceling Mon Apr 30 23:36:19 UTC 2018
------------------ testing $PTII/ptolemy/domains/de/test/auto/ResettableTimer2.xml
auto.tcl: Setting watchdog for 200 seconds at Mon Apr 30 23:36:19 UTC 2018
2 ms. Memory: 287232K Free: 274712K (96%)
ptolemy.util.test.WatchDog.cancel(): canceling Mon Apr 30 23:36:19 UTC 2018
auto.tcl: Setting watchdog for 200 seconds at Mon Apr 30 23:36:19 UTC 2018
2 ms. Memory: 287232K Free: 274712K (96%)
ptolemy.util.test.WatchDog.cancel(): canceling Mon Apr 30 23:36:19 UTC 2018
------------------ testing $PTII/ptolemy/domains/de/test/auto/ResettableTimer3.xml
auto.tcl: Setting watchdog for 200 seconds at Mon Apr 30 23:36:19 UTC 2018
1 ms. Memory: 288256K Free: 275635K (96%)
ptolemy.util.test.WatchDog.cancel(): canceling Mon Apr 30 23:36:19 UTC 2018
auto.tcl: Setting watchdog for 200 seconds at Mon Apr 30 23:36:19 UTC 2018
1 ms. Memory: 288256K Free: 275635K (96%)
ptolemy.util.test.WatchDog.cancel(): canceling Mon Apr 30 23:36:19 UTC 2018
------------------ testing $PTII/ptolemy/domains/de/test/auto/ResettableTimer4.xml
auto.tcl: Setting watchdog for 200 seconds at Mon Apr 30 23:36:19 UTC 2018
1 ms. Memory: 287232K Free: 274725K (96%)
ptolemy.util.test.WatchDog.cancel(): canceling Mon Apr 30 23:36:19 UTC 2018
auto.tcl: Setting watchdog for 200 seconds at Mon Apr 30 23:36:19 UTC 2018
1 ms. Memory: 287232K Free: 274725K (96%)
ptolemy.util.test.WatchDog.cancel(): canceling Mon Apr 30 23:36:19 UTC 2018
------------------ testing $PTII/ptolemy/domains/de/test/auto/ResettableTimer5.xml
auto.tcl: Setting watchdog for 200 seconds at Mon Apr 30 23:36:19 UTC 2018
1 ms. Memory: 288256K Free: 269471K (93%)
ptolemy.util.test.WatchDog.cancel(): canceling Mon Apr 30 23:36:19 UTC 2018
auto.tcl: Setting watchdog for 200 seconds at Mon Apr 30 23:36:19 UTC 2018
1 ms. Memory: 288256K Free: 269471K (93%)
ptolemy.util.test.WatchDog.cancel(): canceling Mon Apr 30 23:36:19 UTC 2018
------------------ testing $PTII/ptolemy/domains/de/test/auto/ResettableTimer6.xml
auto.tcl: Setting watchdog for 200 seconds at Mon Apr 30 23:36:19 UTC 2018
1 ms. Memory: 287232K Free: 274571K (96%)
ptolemy.util.test.WatchDog.cancel(): canceling Mon Apr 30 23:36:19 UTC 2018
auto.tcl: Setting watchdog for 200 seconds at Mon Apr 30 23:36:19 UTC 2018
1 ms. Memory: 287232K Free: 274571K (96%)
ptolemy.util.test.WatchDog.cancel(): canceling Mon Apr 30 23:36:19 UTC 2018
------------------ testing $PTII/ptolemy/domains/de/test/auto/ServerZeroDelay.xml
auto.tcl: Setting watchdog for 200 seconds at Mon Apr 30 23:36:19 UTC 2018
5 ms. Memory: 288256K Free: 275703K (96%)
ptolemy.util.test.WatchDog.cancel(): canceling Mon Apr 30 23:36:19 UTC 2018
auto.tcl: Setting watchdog for 200 seconds at Mon Apr 30 23:36:19 UTC 2018
2 ms. Memory: 288256K Free: 275703K (96%)
ptolemy.util.test.WatchDog.cancel(): canceling Mon Apr 30 23:36:19 UTC 2018
------------------ testing $PTII/ptolemy/domains/de/test/auto/SmartSender.xml
auto.tcl: Setting watchdog for 200 seconds at Mon Apr 30 23:36:19 UTC 2018
3002 ms. Memory: 287232K Free: 274658K (96%)
ptolemy.util.test.WatchDog.cancel(): canceling Mon Apr 30 23:36:22 UTC 2018
auto.tcl: Setting watchdog for 200 seconds at Mon Apr 30 23:36:22 UTC 2018
3004 ms. Memory: 287232K Free: 274658K (96%)
ptolemy.util.test.WatchDog.cancel(): canceling Mon Apr 30 23:36:25 UTC 2018
------------------ testing $PTII/ptolemy/domains/de/test/auto/ThreadedComposite.xml
auto.tcl: Setting watchdog for 200 seconds at Mon Apr 30 23:36:25 UTC 2018
216 ms. Memory: 288256K Free: 252463K (88%)
ptolemy.util.test.WatchDog.cancel(): canceling Mon Apr 30 23:36:25 UTC 2018
auto.tcl: Setting watchdog for 200 seconds at Mon Apr 30 23:36:25 UTC 2018
97 ms. Memory: 288256K Free: 237210K (82%)
ptolemy.util.test.WatchDog.cancel(): canceling Mon Apr 30 23:36:25 UTC 2018
------------------ testing $PTII/ptolemy/domains/de/test/auto/Time.xml
auto.tcl: Setting watchdog for 200 seconds at Mon Apr 30 23:36:25 UTC 2018
501 ms. Memory: 287232K Free: 224892K (78%)
ptolemy.util.test.WatchDog.cancel(): canceling Mon Apr 30 23:36:26 UTC 2018
auto.tcl: Setting watchdog for 200 seconds at Mon Apr 30 23:36:26 UTC 2018
490 ms. Memory: 287232K Free: 175545K (61%)
ptolemy.util.test.WatchDog.cancel(): canceling Mon Apr 30 23:36:26 UTC 2018
------------------ testing $PTII/ptolemy/domains/de/test/auto/TimeDelayZeroDelay.xml
auto.tcl: Setting watchdog for 200 seconds at Mon Apr 30 23:36:26 UTC 2018
2 ms. Memory: 287744K Free: 275618K (96%)
ptolemy.util.test.WatchDog.cancel(): canceling Mon Apr 30 23:36:26 UTC 2018
auto.tcl: Setting watchdog for 200 seconds at Mon Apr 30 23:36:26 UTC 2018
2 ms. Memory: 287744K Free: 275618K (96%)
ptolemy.util.test.WatchDog.cancel(): canceling Mon Apr 30 23:36:26 UTC 2018
------------------ testing $PTII/ptolemy/domains/de/test/auto/TimerZeroDelay.xml
auto.tcl: Setting watchdog for 200 seconds at Mon Apr 30 23:36:26 UTC 2018
4 ms. Memory: 287232K Free: 275223K (96%)
ptolemy.util.test.WatchDog.cancel(): canceling Mon Apr 30 23:36:27 UTC 2018
auto.tcl: Setting watchdog for 200 seconds at Mon Apr 30 23:36:27 UTC 2018
2 ms. Memory: 287232K Free: 275223K (96%)
ptolemy.util.test.WatchDog.cancel(): canceling Mon Apr 30 23:36:27 UTC 2018
------------------ testing $PTII/ptolemy/domains/de/test/auto/TimingParadox.xml
auto.tcl: Setting watchdog for 200 seconds at Mon Apr 30 23:36:27 UTC 2018
333 ms. Memory: 287744K Free: 211224K (73%)
ptolemy.util.test.WatchDog.cancel(): canceling Mon Apr 30 23:36:27 UTC 2018
auto.tcl: Setting watchdog for 200 seconds at Mon Apr 30 23:36:27 UTC 2018
313 ms. Memory: 287744K Free: 177271K (62%)
ptolemy.util.test.WatchDog.cancel(): canceling Mon Apr 30 23:36:27 UTC 2018
------------------ testing $PTII/ptolemy/domains/de/test/auto/TransferInputs.xml
auto.tcl: Setting watchdog for 200 seconds at Mon Apr 30 23:36:27 UTC 2018
1 ms. Memory: 287744K Free: 274599K (95%)
ptolemy.util.test.WatchDog.cancel(): canceling Mon Apr 30 23:36:27 UTC 2018
auto.tcl: Setting watchdog for 200 seconds at Mon Apr 30 23:36:27 UTC 2018
1 ms. Memory: 287744K Free: 274599K (95%)
ptolemy.util.test.WatchDog.cancel(): canceling Mon Apr 30 23:36:27 UTC 2018
------------------ testing $PTII/ptolemy/domains/de/test/auto/TransferOutputs2.xml
auto.tcl: Setting watchdog for 200 seconds at Mon Apr 30 23:36:27 UTC 2018
2 ms. Memory: 287232K Free: 272581K (95%)
ptolemy.util.test.WatchDog.cancel(): canceling Mon Apr 30 23:36:27 UTC 2018
auto.tcl: Setting watchdog for 200 seconds at Mon Apr 30 23:36:27 UTC 2018
3 ms. Memory: 287232K Free: 269941K (94%)
ptolemy.util.test.WatchDog.cancel(): canceling Mon Apr 30 23:36:27 UTC 2018
------------------ testing $PTII/ptolemy/domains/de/test/auto/Trilateration.xml
auto.tcl: Setting watchdog for 200 seconds at Mon Apr 30 23:36:28 UTC 2018
14193 ms. Memory: 793088K Free: 81823K (10%)
ptolemy.util.test.WatchDog.cancel(): canceling Mon Apr 30 23:36:43 UTC 2018
auto.tcl: Setting watchdog for 200 seconds at Mon Apr 30 23:36:43 UTC 2018
11263 ms. Memory: 639488K Free: 591309K (92%)
ptolemy.util.test.WatchDog.cancel(): canceling Mon Apr 30 23:36:54 UTC 2018
------------------ testing $PTII/ptolemy/domains/de/test/auto/TwoSigmaDelta.xml
auto.tcl: Setting watchdog for 200 seconds at Mon Apr 30 23:36:54 UTC 2018
2678 ms. Memory: 643072K Free: 328143K (51%)
ptolemy.util.test.WatchDog.cancel(): canceling Mon Apr 30 23:36:57 UTC 2018
auto.tcl: Setting watchdog for 200 seconds at Mon Apr 30 23:36:57 UTC 2018
1885 ms. Memory: 643072K Free: 96158K (15%)
ptolemy.util.test.WatchDog.cancel(): canceling Mon Apr 30 23:36:59 UTC 2018
------------------ testing $PTII/ptolemy/domains/de/test/auto/VariableDelay.xml
auto.tcl: Setting watchdog for 200 seconds at Mon Apr 30 23:36:59 UTC 2018
2 ms. Memory: 640000K Free: 615140K (96%)
ptolemy.util.test.WatchDog.cancel(): canceling Mon Apr 30 23:36:59 UTC 2018
auto.tcl: Setting watchdog for 200 seconds at Mon Apr 30 23:36:59 UTC 2018
2 ms. Memory: 640000K Free: 615140K (96%)
ptolemy.util.test.WatchDog.cancel(): canceling Mon Apr 30 23:36:59 UTC 2018
------------------ testing $PTII/ptolemy/domains/de/test/auto/VariableDelay2.xml
auto.tcl: Setting watchdog for 200 seconds at Mon Apr 30 23:36:59 UTC 2018
4 ms. Memory: 639488K Free: 620635K (97%)
ptolemy.util.test.WatchDog.cancel(): canceling Mon Apr 30 23:36:59 UTC 2018
auto.tcl: Setting watchdog for 200 seconds at Mon Apr 30 23:36:59 UTC 2018
2 ms. Memory: 639488K Free: 620635K (97%)
ptolemy.util.test.WatchDog.cancel(): canceling Mon Apr 30 23:36:59 UTC 2018
------------------ testing $PTII/ptolemy/domains/de/test/auto/VariableDelayZeroDelay.xml
auto.tcl: Setting watchdog for 200 seconds at Mon Apr 30 23:36:59 UTC 2018
2 ms. Memory: 639488K Free: 615053K (96%)
ptolemy.util.test.WatchDog.cancel(): canceling Mon Apr 30 23:36:59 UTC 2018
auto.tcl: Setting watchdog for 200 seconds at Mon Apr 30 23:36:59 UTC 2018
1 ms. Memory: 639488K Free: 615053K (96%)
ptolemy.util.test.WatchDog.cancel(): canceling Mon Apr 30 23:36:59 UTC 2018
------------------ testing $PTII/ptolemy/domains/de/test/auto/VariableDelayZeroDelay2.xml
auto.tcl: Setting watchdog for 200 seconds at Mon Apr 30 23:36:59 UTC 2018
2 ms. Memory: 642048K Free: 617612K (96%)
ptolemy.util.test.WatchDog.cancel(): canceling Mon Apr 30 23:36:59 UTC 2018
auto.tcl: Setting watchdog for 200 seconds at Mon Apr 30 23:36:59 UTC 2018
2 ms. Memory: 642048K Free: 617612K (96%)
ptolemy.util.test.WatchDog.cancel(): canceling Mon Apr 30 23:36:59 UTC 2018
------------------ testing $PTII/ptolemy/domains/de/test/auto/deInCt.xml
auto.tcl: Setting watchdog for 200 seconds at Mon Apr 30 23:36:59 UTC 2018
0
1
1
1
0
0
0
1
1
1
1
0
0
0
1
1
1
0
0
0
1
1
1
0
0
1
1
1
1
1
0
0
1
1
1
1
1
1
10 ms. Memory: 639488K Free: 615048K (96%)
ptolemy.util.test.WatchDog.cancel(): canceling Mon Apr 30 23:36:59 UTC 2018
auto.tcl: Setting watchdog for 200 seconds at Mon Apr 30 23:36:59 UTC 2018
0
1
1
1
1
0
0
0
1
1
1
0
0
0
0
1
1
1
1
0
0
0
1
1
1
1
1
1
0
0
0
1
1
1
1
6 ms. Memory: 639488K Free: 615048K (96%)
ptolemy.util.test.WatchDog.cancel(): canceling Mon Apr 30 23:36:59 UTC 2018
------------------ testing $PTII/ptolemy/domains/de/test/auto/deInCt2.xml
auto.tcl: Setting watchdog for 200 seconds at Mon Apr 30 23:36:59 UTC 2018
0
1
1
1
0
0
1
1
1
0
0
1
1
1
0
0
1
1
1
0
0
1
1
1
0
0
1
1
1
0
0
1
1
1
0
0
1
1
1
0
0
0
13 ms. Memory: 642048K Free: 617595K (96%)
ptolemy.util.test.WatchDog.cancel(): canceling Mon Apr 30 23:36:59 UTC 2018
auto.tcl: Setting watchdog for 200 seconds at Mon Apr 30 23:36:59 UTC 2018
0
1
1
1
0
0
1
1
1
0
0
1
1
1
0
0
1
1
1
0
0
1
1
1
0
0
1
1
1
0
0
1
1
1
0
0
1
1
1
0
0
0
11 ms. Memory: 642048K Free: 617595K (96%)
ptolemy.util.test.WatchDog.cancel(): canceling Mon Apr 30 23:36:59 UTC 2018
------------------ testing $PTII/ptolemy/domains/de/test/auto/dynamicCausalityInterface1.xml
auto.tcl: Setting watchdog for 200 seconds at Mon Apr 30 23:36:59 UTC 2018
1 ms. Memory: 639488K Free: 606614K (95%)
ptolemy.util.test.WatchDog.cancel(): canceling Mon Apr 30 23:36:59 UTC 2018
auto.tcl: Setting watchdog for 200 seconds at Mon Apr 30 23:36:59 UTC 2018
1 ms. Memory: 639488K Free: 606614K (95%)
ptolemy.util.test.WatchDog.cancel(): canceling Mon Apr 30 23:36:59 UTC 2018
------------------ testing $PTII/ptolemy/domains/de/test/auto/fsm_de_test.xml
auto.tcl: Setting watchdog for 200 seconds at Mon Apr 30 23:36:59 UTC 2018
6 ms. Memory: 641536K Free: 616987K (96%)
ptolemy.util.test.WatchDog.cancel(): canceling Mon Apr 30 23:36:59 UTC 2018
auto.tcl: Setting watchdog for 200 seconds at Mon Apr 30 23:36:59 UTC 2018
5 ms. Memory: 641536K Free: 608557K (95%)
ptolemy.util.test.WatchDog.cancel(): canceling Mon Apr 30 23:36:59 UTC 2018
------------------ testing $PTII/ptolemy/domains/de/test/auto/functionDependencyReconstruction.xml
auto.tcl: Setting watchdog for 200 seconds at Mon Apr 30 23:36:59 UTC 2018
2 ms. Memory: 639488K Free: 606508K (95%)
ptolemy.util.test.WatchDog.cancel(): canceling Mon Apr 30 23:36:59 UTC 2018
auto.tcl: Setting watchdog for 200 seconds at Mon Apr 30 23:36:59 UTC 2018
2 ms. Memory: 639488K Free: 598078K (94%)
ptolemy.util.test.WatchDog.cancel(): canceling Mon Apr 30 23:36:59 UTC 2018
------------------ testing $PTII/ptolemy/domains/de/test/auto/multirate.xml
auto.tcl: Setting watchdog for 200 seconds at Mon Apr 30 23:37:00 UTC 2018
3 ms. Memory: 641536K Free: 616840K (96%)
ptolemy.util.test.WatchDog.cancel(): canceling Mon Apr 30 23:37:00 UTC 2018
auto.tcl: Setting watchdog for 200 seconds at Mon Apr 30 23:37:00 UTC 2018
2 ms. Memory: 641536K Free: 616840K (96%)
ptolemy.util.test.WatchDog.cancel(): canceling Mon Apr 30 23:37:00 UTC 2018
------------------ testing $PTII/ptolemy/domains/de/test/auto/multirate2.xml
auto.tcl: Setting watchdog for 200 seconds at Mon Apr 30 23:37:00 UTC 2018
4 ms. Memory: 639488K Free: 620574K (97%)
ptolemy.util.test.WatchDog.cancel(): canceling Mon Apr 30 23:37:00 UTC 2018
auto.tcl: Setting watchdog for 200 seconds at Mon Apr 30 23:37:00 UTC 2018
3 ms. Memory: 639488K Free: 620574K (97%)
ptolemy.util.test.WatchDog.cancel(): canceling Mon Apr 30 23:37:00 UTC 2018
------------------ testing $PTII/ptolemy/domains/de/test/auto/realtime.xml
auto.tcl: Setting watchdog for 200 seconds at Mon Apr 30 23:37:00 UTC 2018
10002 ms. Memory: 641024K Free: 616514K (96%)
ptolemy.util.test.WatchDog.cancel(): canceling Mon Apr 30 23:37:10 UTC 2018
auto.tcl: Setting watchdog for 200 seconds at Mon Apr 30 23:37:10 UTC 2018
10002 ms. Memory: 641024K Free: 616514K (96%)
ptolemy.util.test.WatchDog.cancel(): canceling Mon Apr 30 23:37:20 UTC 2018
------------------ testing $PTII/ptolemy/domains/de/test/auto/relationGroup.xml
auto.tcl: Setting watchdog for 200 seconds at Mon Apr 30 23:37:20 UTC 2018
1 ms. Memory: 639488K Free: 620599K (97%)
ptolemy.util.test.WatchDog.cancel(): canceling Mon Apr 30 23:37:20 UTC 2018
auto.tcl: Setting watchdog for 200 seconds at Mon Apr 30 23:37:20 UTC 2018
1 ms. Memory: 639488K Free: 620599K (97%)
ptolemy.util.test.WatchDog.cancel(): canceling Mon Apr 30 23:37:20 UTC 2018
------------------ testing $PTII/ptolemy/domains/de/test/auto/relationGroup2.xml
auto.tcl: Setting watchdog for 200 seconds at Mon Apr 30 23:37:20 UTC 2018
1 ms. Memory: 641024K Free: 616580K (96%)
ptolemy.util.test.WatchDog.cancel(): canceling Mon Apr 30 23:37:20 UTC 2018
auto.tcl: Setting watchdog for 200 seconds at Mon Apr 30 23:37:20 UTC 2018
1 ms. Memory: 641024K Free: 616580K (96%)
ptolemy.util.test.WatchDog.cancel(): canceling Mon Apr 30 23:37:20 UTC 2018
------------------ testing $PTII/ptolemy/domains/de/test/auto/sortWithOpaquePorts.xml
auto.tcl: Setting watchdog for 200 seconds at Mon Apr 30 23:37:20 UTC 2018
1 ms. Memory: 639488K Free: 615032K (96%)
ptolemy.util.test.WatchDog.cancel(): canceling Mon Apr 30 23:37:20 UTC 2018
auto.tcl: Setting watchdog for 200 seconds at Mon Apr 30 23:37:20 UTC 2018
1 ms. Memory: 639488K Free: 615032K (96%)
ptolemy.util.test.WatchDog.cancel(): canceling Mon Apr 30 23:37:20 UTC 2018
------------------ testing $PTII/ptolemy/domains/de/test/auto/transferInputsandOutputs.xml
auto.tcl: Setting watchdog for 200 seconds at Mon Apr 30 23:37:20 UTC 2018
2 ms. Memory: 640512K Free: 621637K (97%)
ptolemy.util.test.WatchDog.cancel(): canceling Mon Apr 30 23:37:20 UTC 2018
auto.tcl: Setting watchdog for 200 seconds at Mon Apr 30 23:37:20 UTC 2018
1 ms. Memory: 640512K Free: 621637K (97%)
ptolemy.util.test.WatchDog.cancel(): canceling Mon Apr 30 23:37:20 UTC 2018
------------------ testing $PTII/ptolemy/domains/de/test/auto/triggerType.xml
auto.tcl: Setting watchdog for 200 seconds at Mon Apr 30 23:37:20 UTC 2018
5 ms. Memory: 639488K Free: 603822K (94%)
ptolemy.util.test.WatchDog.cancel(): canceling Mon Apr 30 23:37:20 UTC 2018
auto.tcl: Setting watchdog for 200 seconds at Mon Apr 30 23:37:20 UTC 2018
1 ms. Memory: 639488K Free: 603822K (94%)
ptolemy.util.test.WatchDog.cancel(): canceling Mon Apr 30 23:37:20 UTC 2018
04/30/18 11:37:20
Failed: 0  Total Tests: 192  ((Passed: 187, Newly Passed: 1)  Known Failed: 5) /home/travis/build/icyphy/ptII/ptolemy/domains/de/test
04/30/18 11:37:20
Failed: 0  Total Tests: 192  ((Passed: 187, Newly Passed: 1)  Known Failed: 5) /home/travis/build/icyphy/ptII/ptolemy/domains/de/test
----------------- testing (KnownFailure) /home/travis/build/icyphy/ptII/ptolemy/domains/de/test/auto/knownFailedTests/DESDFClockTest.xml
2008 ms. Memory: 640512K Free: 610466K (95%)
Known Failure: java.lang.reflect.InvocationTargetException
----------------- testing (KnownFailure) /home/travis/build/icyphy/ptII/ptolemy/domains/de/test/auto/knownFailedTests/DirectFeedback.xml
1 ms. Memory: 640512K Free: 588143K (92%)
Known Failure: java.lang.reflect.InvocationTargetException
----------------- testing (KnownFailure) /home/travis/build/icyphy/ptII/ptolemy/domains/de/test/auto/knownFailedTests/FSMSource.xml
4 ms. Memory: 640512K Free: 565819K (88%)
----------------- testing (KnownFailure) /home/travis/build/icyphy/ptII/ptolemy/domains/de/test/auto/knownFailedTests/HierarchicalModel.xml
2 ms. Memory: 640512K Free: 543480K (85%)
Known Failure: java.lang.reflect.InvocationTargetException
----------------- testing (KnownFailure) /home/travis/build/icyphy/ptII/ptolemy/domains/de/test/auto/knownFailedTests/dependencyLoop.xml
1 ms. Memory: 640512K Free: 509979K (80%)
Known Failure: java.lang.reflect.InvocationTargetException
----------------- testing (KnownFailure) /home/travis/build/icyphy/ptII/ptolemy/domains/de/test/auto/knownFailedTests/dependencyLoop2.xml
4 ms. Memory: 640512K Free: 476478K (74%)
Known Failure: java.lang.reflect.InvocationTargetException
No auto/*.xml tests in /home/travis/build/icyphy/ptII/ptolemy/domains/de/test
AutoTests.java: About to close Vertx.
AutoTests.java: Vertx closed.
----------------- testing Mon Apr 30 23:37:22 UTC 2018 /home/travis/build/icyphy/ptII/ptolemy/domains/de/test/auto/ActorDepthCalculation_actorWithoutPorts.xml
1 ms. Memory: 640512K Free: 448573K (70%)
reloadAllAccessors: .ActorDepthCalculation_actorWithoutPorts
----------------- testing Mon Apr 30 23:37:22 UTC 2018 /home/travis/build/icyphy/ptII/ptolemy/domains/de/test/auto/AssemblyLine.xml
3 ms. Memory: 640512K Free: 431815K (67%)
reloadAllAccessors: .AssemblyLine
----------------- testing Mon Apr 30 23:37:22 UTC 2018 /home/travis/build/icyphy/ptII/ptolemy/domains/de/test/auto/CQBug1.xml
1 ms. Memory: 640512K Free: 420653K (66%)
reloadAllAccessors: .CQBug1
----------------- testing Mon Apr 30 23:37:22 UTC 2018 /home/travis/build/icyphy/ptII/ptolemy/domains/de/test/auto/CancelFireAt.xml
1 ms. Memory: 640512K Free: 409491K (64%)
reloadAllAccessors: .CancelFireAt
----------------- testing Mon Apr 30 23:37:22 UTC 2018 /home/travis/build/icyphy/ptII/ptolemy/domains/de/test/auto/CausalityAndComposabilityAnalysis.xml
1 ms. Memory: 640512K Free: 398330K (62%)
reloadAllAccessors: .CausalityAndComposabilityAnalysis
----------------- testing Mon Apr 30 23:37:22 UTC 2018 /home/travis/build/icyphy/ptII/ptolemy/domains/de/test/auto/CausalityInterface1.xml
3 ms. Memory: 640512K Free: 387168K (60%)
reloadAllAccessors: .CausalityInterface1
----------------- testing Mon Apr 30 23:37:22 UTC 2018 /home/travis/build/icyphy/ptII/ptolemy/domains/de/test/auto/CausalityInterface15.xml
2 ms. Memory: 640512K Free: 376006K (59%)
reloadAllAccessors: .CausalityInterface15
----------------- testing Mon Apr 30 23:37:22 UTC 2018 /home/travis/build/icyphy/ptII/ptolemy/domains/de/test/auto/CausalityInterface2.xml
1 ms. Memory: 640512K Free: 364845K (57%)
reloadAllAccessors: .CausalityInterface2
----------------- testing Mon Apr 30 23:37:22 UTC 2018 /home/travis/build/icyphy/ptII/ptolemy/domains/de/test/auto/CausalityInterface3.xml
1 ms. Memory: 640512K Free: 353683K (55%)
reloadAllAccessors: .CausalityInterface3
----------------- testing Mon Apr 30 23:37:22 UTC 2018 /home/travis/build/icyphy/ptII/ptolemy/domains/de/test/auto/ClockDrift.xml
9 ms. Memory: 640512K Free: 336932K (53%)
reloadAllAccessors: .ClockDrift
----------------- testing Mon Apr 30 23:37:22 UTC 2018 /home/travis/build/icyphy/ptII/ptolemy/domains/de/test/auto/ClockDriftAndValueChange.xml
8 ms. Memory: 640512K Free: 320174K (50%)
reloadAllAccessors: .ClockDriftAndValueChange
----------------- testing Mon Apr 30 23:37:22 UTC 2018 /home/travis/build/icyphy/ptII/ptolemy/domains/de/test/auto/ClockDriftChange.xml
7 ms. Memory: 640512K Free: 303415K (47%)
reloadAllAccessors: .ClockDriftChange
----------------- testing Mon Apr 30 23:37:22 UTC 2018 /home/travis/build/icyphy/ptII/ptolemy/domains/de/test/auto/ComposableCausalityAnalysis.xml
0 ms. Memory: 640512K Free: 292254K (46%)
reloadAllAccessors: .ComposableCausalityAnalysis
----------------- testing Mon Apr 30 23:37:22 UTC 2018 /home/travis/build/icyphy/ptII/ptolemy/domains/de/test/auto/DEFixedPointLimitation.xml
0 ms. Memory: 640512K Free: 281092K (44%)
reloadAllAccessors: .DEFixedPointLimitation
----------------- testing Mon Apr 30 23:37:22 UTC 2018 /home/travis/build/icyphy/ptII/ptolemy/domains/de/test/auto/DEScheduleTest.xml
1 ms. Memory: 640512K Free: 269930K (42%)
reloadAllAccessors: .DEScheduleTest
----------------- testing Mon Apr 30 23:37:22 UTC 2018 /home/travis/build/icyphy/ptII/ptolemy/domains/de/test/auto/DEinDEwithStartTimes.xml
1 ms. Memory: 640512K Free: 258769K (40%)
reloadAllAccessors: .DEinDEwithStartTimes
----------------- testing Mon Apr 30 23:37:22 UTC 2018 /home/travis/build/icyphy/ptII/ptolemy/domains/de/test/auto/DEinDEwithStartTimes2.xml
1 ms. Memory: 640512K Free: 239193K (37%)
reloadAllAccessors: .DEinDEwithStartTimes2
----------------- testing Mon Apr 30 23:37:22 UTC 2018 /home/travis/build/icyphy/ptII/ptolemy/domains/de/test/auto/DateDemo.xml
3 ms. Memory: 640512K Free: 222434K (35%)
reloadAllAccessors: .DateDemo
----------------- testing Mon Apr 30 23:37:22 UTC 2018 /home/travis/build/icyphy/ptII/ptolemy/domains/de/test/auto/DateToEvent.xml
2004 ms. Memory: 640512K Free: 200095K (31%)
reloadAllAccessors: .DateToEvent
----------------- testing Mon Apr 30 23:37:24 UTC 2018 /home/travis/build/icyphy/ptII/ptolemy/domains/de/test/auto/DepthTest1.xml
[...]
java.lang.RuntimeException: Execution failed
	at ptolemy.moml.MoMLSimpleApplication$UnloadThread.run(MoMLSimpleApplication.java:402)
Caused by: ptolemy.kernel.util.IllegalActionException: Test fails in iteration 1.
Value was: 1.0. Should have been: 2.0
  in .DirectFeedback.Test
	at ptolemy.actor.lib.Test.fire(Test.java:268)
	at ptolemy.domains.de.kernel.DEDirector._fire(DEDirector.java:1948)
	at ptolemy.domains.de.kernel.DEDirector.fire(DEDirector.java:502)
	at ptolemy.actor.CompositeActor.fire(CompositeActor.java:455)
	at ptolemy.actor.Manager.iterate(Manager.java:851)
	at ptolemy.actor.Manager.execute(Manager.java:369)
	at ptolemy.actor.Manager.run(Manager.java:1263)
	at ptolemy.actor.Manager$PtolemyRunThread.run(Manager.java:1915)
java.lang.RuntimeException: Execution failed
	at ptolemy.moml.MoMLSimpleApplication$UnloadThread.run(MoMLSimpleApplication.java:402)
Caused by: ptolemy.kernel.util.IllegalActionException: Actor is not ready to fire.  Perhaps UpSample.prefire() returned false? Try debugging the actor by selecting "Listen to Actor".  Also, for SDF check moml for tokenConsumptionRate on input.
  in .DESDFClockTest.Play Bell.Copy1:SDF Director and .DESDFClockTest.Play Bell.UpSample
	at ptolemy.actor.sched.StaticSchedulingDirector.fire(StaticSchedulingDirector.java:227)
	at ptolemy.domains.sdf.kernel.SDFDirector.fire(SDFDirector.java:500)
	at ptolemy.actor.CompositeActor.fire(CompositeActor.java:455)
	at ptolemy.domains.de.kernel.DEDirector._fire(DEDirector.java:1948)
	at ptolemy.domains.de.kernel.DEDirector.fire(DEDirector.java:502)
	at ptolemy.actor.CompositeActor.fire(CompositeActor.java:455)
	at ptolemy.actor.Manager.iterate(Manager.java:851)
	at ptolemy.actor.Manager.execute(Manager.java:369)
	at ptolemy.actor.Manager.run(Manager.java:1263)
	at ptolemy.actor.Manager$PtolemyRunThread.run(Manager.java:1915)
java.lang.reflect.InvocationTargetException
	at sun.reflect.NativeConstructorAccessorImpl.newInstance0(Native Method)
	at sun.reflect.NativeConstructorAccessorImpl.newInstance(NativeConstructorAccessorImpl.java:62)
	at sun.reflect.DelegatingConstructorAccessorImpl.newInstance(DelegatingConstructorAccessorImpl.java:45)
	at java.lang.reflect.Constructor.newInstance(Constructor.java:423)
	at ptolemy.util.test.junit.AutoKnownFailedTests.RunModel(AutoKnownFailedTests.java:107)
	at sun.reflect.NativeMethodAccessorImpl.invoke0(Native Method)
	at sun.reflect.NativeMethodAccessorImpl.invoke(NativeMethodAccessorImpl.java:62)
	at sun.reflect.DelegatingMethodAccessorImpl.invoke(DelegatingMethodAccessorImpl.java:43)
	at java.lang.reflect.Method.invoke(Method.java:498)
	at org.junit.runners.model.FrameworkMethod$1.runReflectiveCall(FrameworkMethod.java:44)
	at org.junit.internal.runners.model.ReflectiveCallable.run(ReflectiveCallable.java:15)
	at org.junit.runners.model.FrameworkMethod.invokeExplosively(FrameworkMethod.java:41)
	at junitparams.internal.InvokeParameterisedMethod.evaluate(InvokeParameterisedMethod.java:102)
	at org.junit.internal.runners.statements.FailOnTimeout$1.run(FailOnTimeout.java:28)
Caused by: ptolemy.kernel.util.IllegalActionException: Actor is not ready to fire.  Perhaps UpSample.prefire() returned false? Try debugging the actor by selecting "Listen to Actor".  Also, for SDF check moml for tokenConsumptionRate on input.
  in .DESDFClockTest.Play Bell.Copy1:SDF Director and .DESDFClockTest.Play Bell.UpSample
	at ptolemy.actor.sched.StaticSchedulingDirector.fire(StaticSchedulingDirector.java:227)
	at ptolemy.domains.sdf.kernel.SDFDirector.fire(SDFDirector.java:500)
	at ptolemy.actor.CompositeActor.fire(CompositeActor.java:455)
	at ptolemy.domains.de.kernel.DEDirector._fire(DEDirector.java:1948)
	at ptolemy.domains.de.kernel.DEDirector.fire(DEDirector.java:502)
	at ptolemy.actor.CompositeActor.fire(CompositeActor.java:455)
	at ptolemy.actor.Manager.iterate(Manager.java:851)
	at ptolemy.actor.Manager.execute(Manager.java:369)
	at ptolemy.actor.Manager.run(Manager.java:1263)
	at ptolemy.actor.Manager$PtolemyRunThread.run(Manager.java:1915)
java.lang.RuntimeException: Execution failed
	at ptolemy.moml.MoMLSimpleApplication$UnloadThread.run(MoMLSimpleApplication.java:402)
Caused by: ptolemy.kernel.util.IllegalActionException: Test fails in iteration 1.
Value was: 1.0. Should have been: 2.0
  in .DirectFeedback.Test
	at ptolemy.actor.lib.Test.fire(Test.java:268)
	at ptolemy.domains.de.kernel.DEDirector._fire(DEDirector.java:1948)
	at ptolemy.domains.de.kernel.DEDirector.fire(DEDirector.java:502)
	at ptolemy.actor.CompositeActor.fire(CompositeActor.java:455)
	at ptolemy.actor.Manager.iterate(Manager.java:851)
	at ptolemy.actor.Manager.execute(Manager.java:369)
	at ptolemy.actor.Manager.run(Manager.java:1263)
	at ptolemy.actor.Manager$PtolemyRunThread.run(Manager.java:1915)
java.lang.reflect.InvocationTargetException
	at sun.reflect.NativeConstructorAccessorImpl.newInstance0(Native Method)
	at sun.reflect.NativeConstructorAccessorImpl.newInstance(NativeConstructorAccessorImpl.java:62)
	at sun.reflect.DelegatingConstructorAccessorImpl.newInstance(DelegatingConstructorAccessorImpl.java:45)
	at java.lang.reflect.Constructor.newInstance(Constructor.java:423)
	at ptolemy.util.test.junit.AutoKnownFailedTests.RunModel(AutoKnownFailedTests.java:107)
	at sun.reflect.NativeMethodAccessorImpl.invoke0(Native Method)
	at sun.reflect.NativeMethodAccessorImpl.invoke(NativeMethodAccessorImpl.java:62)
	at sun.reflect.DelegatingMethodAccessorImpl.invoke(DelegatingMethodAccessorImpl.java:43)
	at java.lang.reflect.Method.invoke(Method.java:498)
	at org.junit.runners.model.FrameworkMethod$1.runReflectiveCall(FrameworkMethod.java:44)
	at org.junit.internal.runners.model.ReflectiveCallable.run(ReflectiveCallable.java:15)
	at org.junit.runners.model.FrameworkMethod.invokeExplosively(FrameworkMethod.java:41)
	at junitparams.internal.InvokeParameterisedMethod.evaluate(InvokeParameterisedMethod.java:102)
	at org.junit.internal.runners.statements.FailOnTimeout$1.run(FailOnTimeout.java:28)
Caused by: ptolemy.kernel.util.IllegalActionException: Test fails in iteration 1.
Value was: 1.0. Should have been: 2.0
  in .DirectFeedback.Test
	at ptolemy.actor.lib.Test.fire(Test.java:268)
	at ptolemy.domains.de.kernel.DEDirector._fire(DEDirector.java:1948)
	at ptolemy.domains.de.kernel.DEDirector.fire(DEDirector.java:502)
	at ptolemy.actor.CompositeActor.fire(CompositeActor.java:455)
	at ptolemy.actor.Manager.iterate(Manager.java:851)
	at ptolemy.actor.Manager.execute(Manager.java:369)
	at ptolemy.actor.Manager.run(Manager.java:1263)
	at ptolemy.actor.Manager$PtolemyRunThread.run(Manager.java:1915)
java.lang.RuntimeException: Execution failed
	at ptolemy.moml.MoMLSimpleApplication$UnloadThread.run(MoMLSimpleApplication.java:402)
Caused by: ptolemy.kernel.util.IllegalActionException: Found a zero delay loop containing .HierarchicalModel.A
  in .HierarchicalModel and .HierarchicalModel.A
	at ptolemy.actor.util.CausalityInterfaceForComposites._computeOutputPortDepth(CausalityInterfaceForComposites.java:759)
	at ptolemy.actor.util.CausalityInterfaceForComposites._computeInputDepth(CausalityInterfaceForComposites.java:696)
	at ptolemy.actor.util.CausalityInterfaceForComposites._computeOutputPortDepth(CausalityInterfaceForComposites.java:765)
	at ptolemy.actor.util.CausalityInterfaceForComposites._computeInputDepth(CausalityInterfaceForComposites.java:696)
	at ptolemy.actor.util.CausalityInterfaceForComposites._computeOutputPortDepth(CausalityInterfaceForComposites.java:765)
	at ptolemy.actor.util.CausalityInterfaceForComposites._computeInputDepth(CausalityInterfaceForComposites.java:696)
	at ptolemy.actor.util.CausalityInterfaceForComposites._computeActorDepth(CausalityInterfaceForComposites.java:532)
	at ptolemy.actor.util.CausalityInterfaceForComposites.checkForCycles(CausalityInterfaceForComposites.java:96)
	at ptolemy.domains.de.kernel.DEDirector.preinitialize(DEDirector.java:1337)
	at ptolemy.actor.CompositeActor.preinitialize(CompositeActor.java:1828)
	at ptolemy.actor.Manager.preinitializeAndResolveTypes(Manager.java:1040)
	at ptolemy.actor.Manager.initialize(Manager.java:710)
	at ptolemy.actor.Manager.execute(Manager.java:356)
	at ptolemy.actor.Manager.run(Manager.java:1263)
	at ptolemy.actor.Manager$PtolemyRunThread.run(Manager.java:1915)
java.lang.reflect.InvocationTargetException
	at sun.reflect.NativeConstructorAccessorImpl.newInstance0(Native Method)
	at sun.reflect.NativeConstructorAccessorImpl.newInstance(NativeConstructorAccessorImpl.java:62)
	at sun.reflect.DelegatingConstructorAccessorImpl.newInstance(DelegatingConstructorAccessorImpl.java:45)
	at java.lang.reflect.Constructor.newInstance(Constructor.java:423)
	at ptolemy.util.test.junit.AutoKnownFailedTests.RunModel(AutoKnownFailedTests.java:107)
	at sun.reflect.NativeMethodAccessorImpl.invoke0(Native Method)
	at sun.reflect.NativeMethodAccessorImpl.invoke(NativeMethodAccessorImpl.java:62)
	at sun.reflect.DelegatingMethodAccessorImpl.invoke(DelegatingMethodAccessorImpl.java:43)
	at java.lang.reflect.Method.invoke(Method.java:498)
	at org.junit.runners.model.FrameworkMethod$1.runReflectiveCall(FrameworkMethod.java:44)
	at org.junit.internal.runners.model.ReflectiveCallable.run(ReflectiveCallable.java:15)
	at org.junit.runners.model.FrameworkMethod.invokeExplosively(FrameworkMethod.java:41)
	at junitparams.internal.InvokeParameterisedMethod.evaluate(InvokeParameterisedMethod.java:102)
	at org.junit.internal.runners.statements.FailOnTimeout$1.run(FailOnTimeout.java:28)
Caused by: ptolemy.kernel.util.IllegalActionException: Found a zero delay loop containing .HierarchicalModel.A
  in .HierarchicalModel and .HierarchicalModel.A
	at ptolemy.actor.util.CausalityInterfaceForComposites._computeOutputPortDepth(CausalityInterfaceForComposites.java:759)
	at ptolemy.actor.util.CausalityInterfaceForComposites._computeInputDepth(CausalityInterfaceForComposites.java:696)
	at ptolemy.actor.util.CausalityInterfaceForComposites._computeOutputPortDepth(CausalityInterfaceForComposites.java:765)
	at ptolemy.actor.util.CausalityInterfaceForComposites._computeInputDepth(CausalityInterfaceForComposites.java:696)
	at ptolemy.actor.util.CausalityInterfaceForComposites._computeOutputPortDepth(CausalityInterfaceForComposites.java:765)
	at ptolemy.actor.util.CausalityInterfaceForComposites._computeInputDepth(CausalityInterfaceForComposites.java:696)
	at ptolemy.actor.util.CausalityInterfaceForComposites._computeActorDepth(CausalityInterfaceForComposites.java:532)
	at ptolemy.actor.util.CausalityInterfaceForComposites.checkForCycles(CausalityInterfaceForComposites.java:96)
	at ptolemy.domains.de.kernel.DEDirector.preinitialize(DEDirector.java:1337)
	at ptolemy.actor.CompositeActor.preinitialize(CompositeActor.java:1828)
	at ptolemy.actor.Manager.preinitializeAndResolveTypes(Manager.java:1040)
	at ptolemy.actor.Manager.initialize(Manager.java:710)
	at ptolemy.actor.Manager.execute(Manager.java:356)
	at ptolemy.actor.Manager.run(Manager.java:1263)
	at ptolemy.actor.Manager$PtolemyRunThread.run(Manager.java:1915)
java.lang.RuntimeException: Execution failed
	at ptolemy.moml.MoMLSimpleApplication$UnloadThread.run(MoMLSimpleApplication.java:402)
Caused by: ptolemy.kernel.util.IllegalActionException: Found a zero delay loop containing .dependencyLoop.original
  in .dependencyLoop and .dependencyLoop.original
	at ptolemy.actor.util.CausalityInterfaceForComposites._computeOutputPortDepth(CausalityInterfaceForComposites.java:759)
	at ptolemy.actor.util.CausalityInterfaceForComposites._computeInputDepth(CausalityInterfaceForComposites.java:696)
	at ptolemy.actor.util.CausalityInterfaceForComposites._computeOutputPortDepth(CausalityInterfaceForComposites.java:765)
	at ptolemy.actor.util.CausalityInterfaceForComposites._computeInputDepth(CausalityInterfaceForComposites.java:696)
	at ptolemy.actor.util.CausalityInterfaceForComposites._computeOutputPortDepth(CausalityInterfaceForComposites.java:765)
	at ptolemy.actor.util.CausalityInterfaceForComposites._computeInputDepth(CausalityInterfaceForComposites.java:696)
	at ptolemy.actor.util.CausalityInterfaceForComposites._computeActorDepth(CausalityInterfaceForComposites.java:532)
	at ptolemy.actor.util.CausalityInterfaceForComposites.checkForCycles(CausalityInterfaceForComposites.java:96)
	at ptolemy.domains.de.kernel.DEDirector.preinitialize(DEDirector.java:1337)
	at ptolemy.actor.CompositeActor.preinitialize(CompositeActor.java:1828)
	at ptolemy.actor.Manager.preinitializeAndResolveTypes(Manager.java:1040)
	at ptolemy.actor.Manager.initialize(Manager.java:710)
	at ptolemy.actor.Manager.execute(Manager.java:356)
	at ptolemy.actor.Manager.run(Manager.java:1263)
	at ptolemy.actor.Manager$PtolemyRunThread.run(Manager.java:1915)
java.lang.reflect.InvocationTargetException
	at sun.reflect.NativeConstructorAccessorImpl.newInstance0(Native Method)
	at sun.reflect.NativeConstructorAccessorImpl.newInstance(NativeConstructorAccessorImpl.java:62)
	at sun.reflect.DelegatingConstructorAccessorImpl.newInstance(DelegatingConstructorAccessorImpl.java:45)
	at java.lang.reflect.Constructor.newInstance(Constructor.java:423)
	at ptolemy.util.test.junit.AutoKnownFailedTests.RunModel(AutoKnownFailedTests.java:107)
	at sun.reflect.NativeMethodAccessorImpl.invoke0(Native Method)
	at sun.reflect.NativeMethodAccessorImpl.invoke(NativeMethodAccessorImpl.java:62)
	at sun.reflect.DelegatingMethodAccessorImpl.invoke(DelegatingMethodAccessorImpl.java:43)
	at java.lang.reflect.Method.invoke(Method.java:498)
	at org.junit.runners.model.FrameworkMethod$1.runReflectiveCall(FrameworkMethod.java:44)
	at org.junit.internal.runners.model.ReflectiveCallable.run(ReflectiveCallable.java:15)
	at org.junit.runners.model.FrameworkMethod.invokeExplosively(FrameworkMethod.java:41)
	at junitparams.internal.InvokeParameterisedMethod.evaluate(InvokeParameterisedMethod.java:102)
	at org.junit.internal.runners.statements.FailOnTimeout$1.run(FailOnTimeout.java:28)
Caused by: ptolemy.kernel.util.IllegalActionException: Found a zero delay loop containing .dependencyLoop.original
  in .dependencyLoop and .dependencyLoop.original
	at ptolemy.actor.util.CausalityInterfaceForComposites._computeOutputPortDepth(CausalityInterfaceForComposites.java:759)
	at ptolemy.actor.util.CausalityInterfaceForComposites._computeInputDepth(CausalityInterfaceForComposites.java:696)
	at ptolemy.actor.util.CausalityInterfaceForComposites._computeOutputPortDepth(CausalityInterfaceForComposites.java:765)
	at ptolemy.actor.util.CausalityInterfaceForComposites._computeInputDepth(CausalityInterfaceForComposites.java:696)
	at ptolemy.actor.util.CausalityInterfaceForComposites._computeOutputPortDepth(CausalityInterfaceForComposites.java:765)
	at ptolemy.actor.util.CausalityInterfaceForComposites._computeInputDepth(CausalityInterfaceForComposites.java:696)
	at ptolemy.actor.util.CausalityInterfaceForComposites._computeActorDepth(CausalityInterfaceForComposites.java:532)
	at ptolemy.actor.util.CausalityInterfaceForComposites.checkForCycles(CausalityInterfaceForComposites.java:96)
	at ptolemy.domains.de.kernel.DEDirector.preinitialize(DEDirector.java:1337)
	at ptolemy.actor.CompositeActor.preinitialize(CompositeActor.java:1828)
	at ptolemy.actor.Manager.preinitializeAndResolveTypes(Manager.java:1040)
	at ptolemy.actor.Manager.initialize(Manager.java:710)
	at ptolemy.actor.Manager.execute(Manager.java:356)
	at ptolemy.actor.Manager.run(Manager.java:1263)
	at ptolemy.actor.Manager$PtolemyRunThread.run(Manager.java:1915)
java.lang.RuntimeException: Execution failed
	at ptolemy.moml.MoMLSimpleApplication$UnloadThread.run(MoMLSimpleApplication.java:402)
Caused by: ptolemy.kernel.util.IllegalActionException: Found a zero delay loop containing .dependencyLoop2.original
  in .dependencyLoop2 and .dependencyLoop2.original
	at ptolemy.actor.util.CausalityInterfaceForComposites._computeOutputPortDepth(CausalityInterfaceForComposites.java:759)
	at ptolemy.actor.util.CausalityInterfaceForComposites._computeInputDepth(CausalityInterfaceForComposites.java:696)
	at ptolemy.actor.util.CausalityInterfaceForComposites._computeOutputPortDepth(CausalityInterfaceForComposites.java:765)
	at ptolemy.actor.util.CausalityInterfaceForComposites._computeInputDepth(CausalityInterfaceForComposites.java:696)
	at ptolemy.actor.util.CausalityInterfaceForComposites._computeOutputPortDepth(CausalityInterfaceForComposites.java:765)
	at ptolemy.actor.util.CausalityInterfaceForComposites._computeInputDepth(CausalityInterfaceForComposites.java:696)
	at ptolemy.actor.util.CausalityInterfaceForComposites._computeActorDepth(CausalityInterfaceForComposites.java:532)
	at ptolemy.actor.util.CausalityInterfaceForComposites.checkForCycles(CausalityInterfaceForComposites.java:96)
	at ptolemy.domains.de.kernel.DEDirector.preinitialize(DEDirector.java:1337)
	at ptolemy.actor.CompositeActor.preinitialize(CompositeActor.java:1828)
	at ptolemy.actor.Manager.preinitializeAndResolveTypes(Manager.java:1040)
	at ptolemy.actor.Manager.initialize(Manager.java:710)
	at ptolemy.actor.Manager.execute(Manager.java:356)
	at ptolemy.actor.Manager.run(Manager.java:1263)
	at ptolemy.actor.Manager$PtolemyRunThread.run(Manager.java:1915)
java.lang.reflect.InvocationTargetException
	at sun.reflect.NativeConstructorAccessorImpl.newInstance0(Native Method)
	at sun.reflect.NativeConstructorAccessorImpl.newInstance(NativeConstructorAccessorImpl.java:62)
	at sun.reflect.DelegatingConstructorAccessorImpl.newInstance(DelegatingConstructorAccessorImpl.java:45)
	at java.lang.reflect.Constructor.newInstance(Constructor.java:423)
	at ptolemy.util.test.junit.AutoKnownFailedTests.RunModel(AutoKnownFailedTests.java:107)
	at sun.reflect.NativeMethodAccessorImpl.invoke0(Native Method)
	at sun.reflect.NativeMethodAccessorImpl.invoke(NativeMethodAccessorImpl.java:62)
	at sun.reflect.DelegatingMethodAccessorImpl.invoke(DelegatingMethodAccessorImpl.java:43)
	at java.lang.reflect.Method.invoke(Method.java:498)
	at org.junit.runners.model.FrameworkMethod$1.runReflectiveCall(FrameworkMethod.java:44)
	at org.junit.internal.runners.model.ReflectiveCallable.run(ReflectiveCallable.java:15)
	at org.junit.runners.model.FrameworkMethod.invokeExplosively(FrameworkMethod.java:41)
	at junitparams.internal.InvokeParameterisedMethod.evaluate(InvokeParameterisedMethod.java:102)
	at org.junit.internal.runners.statements.FailOnTimeout$1.run(FailOnTimeout.java:28)
Caused by: ptolemy.kernel.util.IllegalActionException: Found a zero delay loop containing .dependencyLoop2.original
  in .dependencyLoop2 and .dependencyLoop2.original
	at ptolemy.actor.util.CausalityInterfaceForComposites._computeOutputPortDepth(CausalityInterfaceForComposites.java:759)
	at ptolemy.actor.util.CausalityInterfaceForComposites._computeInputDepth(CausalityInterfaceForComposites.java:696)
	at ptolemy.actor.util.CausalityInterfaceForComposites._computeOutputPortDepth(CausalityInterfaceForComposites.java:765)
	at ptolemy.actor.util.CausalityInterfaceForComposites._computeInputDepth(CausalityInterfaceForComposites.java:696)
	at ptolemy.actor.util.CausalityInterfaceForComposites._computeOutputPortDepth(CausalityInterfaceForComposites.java:765)
	at ptolemy.actor.util.CausalityInterfaceForComposites._computeInputDepth(CausalityInterfaceForComposites.java:696)
	at ptolemy.actor.util.CausalityInterfaceForComposites._computeActorDepth(CausalityInterfaceForComposites.java:532)
	at ptolemy.actor.util.CausalityInterfaceForComposites.checkForCycles(CausalityInterfaceForComposites.java:96)
	at ptolemy.domains.de.kernel.DEDirector.preinitialize(DEDirector.java:1337)
	at ptolemy.actor.CompositeActor.preinitialize(CompositeActor.java:1828)
	at ptolemy.actor.Manager.preinitializeAndResolveTypes(Manager.java:1040)
	at ptolemy.actor.Manager.initialize(Manager.java:710)
	at ptolemy.actor.Manager.execute(Manager.java:356)
	at ptolemy.actor.Manager.run(Manager.java:1263)
	at ptolemy.actor.Manager$PtolemyRunThread.run(Manager.java:1915)
]]></system-err>
</testsuite>
