<?xml version="1.0" encoding="UTF-8" ?>
<testsuite errors="0" failures="0" hostname="travis-job-c97c7406-33ca-4df6-aaac-ce3e0f74ef35" name="ptolemy.actor.lib.security.test.junit.JUnitTclTest" skipped="0" tests="9" time="7.297" timestamp="2018-06-01T01:05:19">
  <properties>
[...]
</properties>
  <testcase classname="ptolemy.util.test.junit.TclTests" name="[0] /home/travis/build/icyphy/ptII/ptolemy/actor/lib/security/test/KeyReader.tcl (RunTclFile)" time="2.742" />
  <testcase classname="ptolemy.util.test.junit.TclTests" name="[1] /home/travis/build/icyphy/ptII/ptolemy/actor/lib/security/test/KeyToken.tcl (RunTclFile)" time="0.058" />
  <testcase classname="ptolemy.util.test.junit.TclTests" name="[2] /home/travis/build/icyphy/ptII/ptolemy/actor/lib/security/test/info.tcl (RunTclFile)" time="0.001" />
  <testcase classname="ptolemy.util.test.junit.AutoKnownFailedTests" name="[0] ThereAreNoKnowFailedTests (RunModel)" time="0.007" />
  <testcase classname="ptolemy.util.test.junit.AutoNameArchTests" name="[0] ThereAreNoAutoArchTests (RunModel)" time="0.001" />
  <testcase classname="ptolemy.util.test.junit.AutoTests" name="[0] /home/travis/build/icyphy/ptII/ptolemy/actor/lib/security/test/auto/KeyReader.xml (RunModel)" time="1.965" />
  <testcase classname="ptolemy.util.test.junit.AutoTests" name="[1] /home/travis/build/icyphy/ptII/ptolemy/actor/lib/security/test/auto/KeyWriter.xml (RunModel)" time="0.158" />
  <testcase classname="ptolemy.util.test.junit.AutoTests" name="[2] /home/travis/build/icyphy/ptII/ptolemy/actor/lib/security/test/auto/Signature.xml (RunModel)" time="1.179" />
  <testcase classname="ptolemy.util.test.junit.AutoTests" name="[3] /home/travis/build/icyphy/ptII/ptolemy/actor/lib/security/test/auto/Symmetric.xml (RunModel)" time="0.804" />
  <system-out><![CDATA[/home/travis/build/icyphy/ptII/ptolemy/actor/lib/security/test/KeyReader.tcl
testDefs.tcl: setting time out to 9000 seconds at Fri Jun 01 01:05:19 UTC 2018
Creating keystore foo.keystore
Keystore Command: /usr/lib/jvm/java-8-oracle/jre/bin/keytool -genkey -dname "CN=ClaudiusPtolemaus, OU=YourProject, O=YourUniversity, L=YourTown, ST=YourState, C=US" -keystore foo.keystore -storetype JCEKS -alias $aliasName -storepass "this.is.the.storePassword,change.it" -keypass "this.is.the.keyPassword,change.it"
Keystore Command: /usr/lib/jvm/java-8-oracle/jre/bin/keytool -selfcert -keystore foo.keystore -storetype JCEKS -alias $aliasName -storepass "this.is.the.storePassword,change.it" -keypass "this.is.the.keyPassword,change.it"
Keystore Command: /usr/lib/jvm/java-8-oracle/jre/bin/keytool -list -v -keystore foo.keystore -storetype JCEKS -alias $aliasName -storepass "this.is.the.storePassword,change.it" -keypass "this.is.the.keyPassword,change.it"
Alias name: $aliasName
Creation date: Jun 1, 2018
Entry type: PrivateKeyEntry
Certificate chain length: 1
Certificate[1]:
Owner: CN=ClaudiusPtolemaus, OU=YourProject, O=YourUniversity, L=YourTown, ST=YourState, C=US
Issuer: CN=ClaudiusPtolemaus, OU=YourProject, O=YourUniversity, L=YourTown, ST=YourState, C=US
Serial number: 7d60423f
Valid from: Fri Jun 01 01:05:20 UTC 2018 until: Thu Aug 30 01:05:20 UTC 2018
Certificate fingerprints:
	 MD5:  CB:F2:D8:57:24:B3:F2:2D:E2:3B:CB:3D:C1:CE:AD:FB
	 SHA1: D4:E3:BA:6A:5A:05:14:54:8F:D4:30:FC:5B:1F:B8:16:C2:75:F3:72
	 SHA256: 15:43:90:52:1B:D8:CC:F5:8E:DE:78:0D:A3:A6:5B:E8:50:23:D4:23:5C:E8:1C:D0:5A:9B:33:61:EE:3E:D7:39
Signature algorithm name: SHA256withDSA
Subject Public Key Algorithm: 2048-bit DSA key
Version: 3

Extensions: 

#1: ObjectId: 2.5.29.14 Criticality=false
SubjectKeyIdentifier [
KeyIdentifier [
0000: 8A 55 E2 CA 35 BF 0D E3   17 D9 37 69 11 F6 4F F1  .U..5.....7i..O.
0010: EB D2 A3 E7                                        ....
]
]

2174 ms. Memory: 116224K Free: 99795K (86%)
/home/travis/build/icyphy/ptII/ptolemy/actor/lib/security/test/KeyToken.tcl
Available Ciphers: PBEWITHHMACSHA384ANDAES_128 AES_256/GCM/NOPADDING AES_192/GCM/NOPADDING PBEWITHHMACSHA512ANDAES_128 AES_256/CBC/NOPADDING AES_256/ECB/NOPADDING PBEWITHHMACSHA224ANDAES_256 AES_128/CBC/NOPADDING AESWRAP_192 AESWRAP PBEWITHMD5ANDDES AES_192/CBC/NOPADDING PBEWITHHMACSHA256ANDAES_256 PBEWITHHMACSHA1ANDAES_128 PBEWITHSHA1ANDRC4_128 AES_192/OFB/NOPADDING AES_128/ECB/NOPADDING DESEDEWRAP AESWRAP_256 RC2 PBEWITHSHA1ANDRC4_40 RSA AESWRAP_128 PBEWITHHMACSHA512ANDAES_256 AES_192/CFB/NOPADDING DESEDE AES_128/CFB/NOPADDING AES_192/ECB/NOPADDING BLOWFISH ARCFOUR AES_256/CFB/NOPADDING AES AES_128/OFB/NOPADDING AES_128/GCM/NOPADDING DES PBEWITHHMACSHA256ANDAES_128 PBEWITHSHA1ANDDESEDE PBEWITHSHA1ANDRC2_40 PBEWITHHMACSHA384ANDAES_256 AES_256/OFB/NOPADDING PBEWITHSHA1ANDRC2_128 PBEWITHMD5ANDTRIPLEDES PBEWITHHMACSHA1ANDAES_256 PBEWITHHMACSHA224ANDAES_128
Using BLOWFISH
/home/travis/build/icyphy/ptII/ptolemy/actor/lib/security/test/info.tcl
06/01/18 01:05:21
Failed: 0  Total Tests: 15  ((Passed: 15, Newly Passed: 0)  Known Failed: 0) /home/travis/build/icyphy/ptII/ptolemy/actor/lib/security/test
No auto/knownFailedTests/*.xml tests in /home/travis/build/icyphy/ptII/ptolemy/actor/lib/security/test
No auto/linux-amd64/*.xml tests in /home/travis/build/icyphy/ptII/ptolemy/actor/lib/security/test
AutoTests.java: About to close Vertx.
AutoTests.java: Vertx closed.

===========================================================================================
----------------- testing Fri Jun 01 01:05:22 UTC 2018 /home/travis/build/icyphy/ptII/ptolemy/actor/lib/security/test/auto/KeyReader.xml
----------------- Instantiating /home/travis/build/icyphy/ptII/ptolemy/actor/lib/security/test/auto/KeyReader.xml
Creating keystore foo.keystore
Keystore Command: /usr/lib/jvm/java-8-oracle/jre/bin/keytool -genkey -dname "CN=ClaudiusPtolemaus, OU=YourProject, O=YourUniversity, L=YourTown, ST=YourState, C=US" -keystore foo.keystore -storetype JCEKS -alias $aliasName -storepass "this.is.the.storePassword,change.it" -keypass "this.is.the.keyPassword,change.it"
keytool error: java.lang.Exception: Key pair not generated, alias <$aliasName> already exists
Keystore Command: /usr/lib/jvm/java-8-oracle/jre/bin/keytool -selfcert -keystore foo.keystore -storetype JCEKS -alias $aliasName -storepass "this.is.the.storePassword,change.it" -keypass "this.is.the.keyPassword,change.it"
keytool error: java.lang.ClassCastException: javax.crypto.spec.SecretKeySpec cannot be cast to java.security.PrivateKey
Keystore Command: /usr/lib/jvm/java-8-oracle/jre/bin/keytool -list -v -keystore foo.keystore -storetype JCEKS -alias $aliasName -storepass "this.is.the.storePassword,change.it" -keypass "this.is.the.keyPassword,change.it"
Alias name: $aliasName
Creation date: Jun 1, 2018
Entry type: SecretKeyEntry
1884 ms. Memory: 146944K Free: 126277K (86%)
----------------- Invoking toplevel() on ptolemy.moml.MoMLSimpleApplication@4bdaa185
----------------- Done invoking toplevel() on ptolemy.moml.MoMLSimpleApplication@4bdaa185
reloadAllAccessors: .KeyReader

===========================================================================================
----------------- testing Fri Jun 01 01:05:24 UTC 2018 /home/travis/build/icyphy/ptII/ptolemy/actor/lib/security/test/auto/KeyWriter.xml
----------------- Instantiating /home/travis/build/icyphy/ptII/ptolemy/actor/lib/security/test/auto/KeyWriter.xml
120 ms. Memory: 146944K Free: 109034K (74%)
----------------- Invoking toplevel() on ptolemy.moml.MoMLSimpleApplication@73a0dd2b
----------------- Done invoking toplevel() on ptolemy.moml.MoMLSimpleApplication@73a0dd2b
reloadAllAccessors: .KeyWriter

===========================================================================================
----------------- testing Fri Jun 01 01:05:24 UTC 2018 /home/travis/build/icyphy/ptII/ptolemy/actor/lib/security/test/auto/Signature.xml
----------------- Instantiating /home/travis/build/icyphy/ptII/ptolemy/actor/lib/security/test/auto/Signature.xml
Creating keystore /home/travis/build/icyphy/ptII/ptKeystore
Keystore Command: /usr/lib/jvm/java-8-oracle/jre/bin/keytool -genkey -dname "CN=ClaudiusPtolemaus, OU=YourProject, O=YourUniversity, L=YourTown, ST=YourState, C=US" -keystore /home/travis/build/icyphy/ptII/ptKeystore -storetype jks -alias ptolemy -storepass "this.is.the.storePassword,change.it" -keypass "this.is.the.keyPassword,change.it"
Keystore Command: /usr/lib/jvm/java-8-oracle/jre/bin/keytool -selfcert -keystore /home/travis/build/icyphy/ptII/ptKeystore -storetype jks -alias ptolemy -storepass "this.is.the.storePassword,change.it" -keypass "this.is.the.keyPassword,change.it"
Keystore Command: /usr/lib/jvm/java-8-oracle/jre/bin/keytool -list -v -keystore /home/travis/build/icyphy/ptII/ptKeystore -storetype jks -alias ptolemy -storepass "this.is.the.storePassword,change.it" -keypass "this.is.the.keyPassword,change.it"
Alias name: ptolemy
Creation date: Jun 1, 2018
Entry type: PrivateKeyEntry
Certificate chain length: 1
Certificate[1]:
Owner: CN=ClaudiusPtolemaus, OU=YourProject, O=YourUniversity, L=YourTown, ST=YourState, C=US
Issuer: CN=ClaudiusPtolemaus, OU=YourProject, O=YourUniversity, L=YourTown, ST=YourState, C=US
Serial number: 5968d790
Valid from: Fri Jun 01 01:05:25 UTC 2018 until: Thu Aug 30 01:05:25 UTC 2018
Certificate fingerprints:
	 MD5:  B5:5D:3E:E5:5A:3D:15:09:EC:D9:34:C4:89:9C:2D:1D
	 SHA1: 81:87:D0:6E:BE:C1:E6:8C:3A:7B:BC:D1:C5:48:7C:5A:0F:49:11:7E
	 SHA256: 6A:AB:50:64:DA:FC:42:E5:BA:D9:17:47:4D:86:E7:F8:07:4B:76:6E:21:28:95:A1:E7:64:A2:8C:AB:1F:9F:C6
Signature algorithm name: SHA256withDSA
Subject Public Key Algorithm: 2048-bit DSA key
Version: 3

Extensions: 

#1: ObjectId: 2.5.29.14 Criticality=false
SubjectKeyIdentifier [
KeyIdentifier [
0000: F6 F4 C9 A6 A2 F4 6D 19   3C 50 43 B6 15 FF E2 D5  ......m.<PC.....
0010: A1 06 30 4D                                        ..0M
]
]

1076 ms. Memory: 146944K Free: 94750K (64%)
----------------- Invoking toplevel() on ptolemy.moml.MoMLSimpleApplication@5194d63
----------------- Done invoking toplevel() on ptolemy.moml.MoMLSimpleApplication@5194d63
reloadAllAccessors: .Signature

===========================================================================================
----------------- testing Fri Jun 01 01:05:25 UTC 2018 /home/travis/build/icyphy/ptII/ptolemy/actor/lib/security/test/auto/Symmetric.xml
----------------- Instantiating /home/travis/build/icyphy/ptII/ptolemy/actor/lib/security/test/auto/Symmetric.xml
738 ms. Memory: 210944K Free: 196612K (93%)
----------------- Invoking toplevel() on ptolemy.moml.MoMLSimpleApplication@7f382108
----------------- Done invoking toplevel() on ptolemy.moml.MoMLSimpleApplication@7f382108
reloadAllAccessors: .Symmetric
AutoTests.java: About to close Vertx.
AutoTests.java: Vertx closed.
]]></system-out>
  <system-err><![CDATA[
Warning:
The JCEKS keystore uses a proprietary format. It is recommended to migrate to PKCS12 which is an industry standard format using "keytool -importkeystore -srckeystore foo.keystore -destkeystore foo.keystore -deststoretype pkcs12".

Warning:
The JKS keystore uses a proprietary format. It is recommended to migrate to PKCS12 which is an industry standard format using "keytool -importkeystore -srckeystore /home/travis/build/icyphy/ptII/ptKeystore -destkeystore /home/travis/build/icyphy/ptII/ptKeystore -deststoretype pkcs12".

Warning:
The JKS keystore uses a proprietary format. It is recommended to migrate to PKCS12 which is an industry standard format using "keytool -importkeystore -srckeystore /home/travis/build/icyphy/ptII/ptKeystore -destkeystore /home/travis/build/icyphy/ptII/ptKeystore -deststoretype pkcs12".

Warning:
The JKS keystore uses a proprietary format. It is recommended to migrate to PKCS12 which is an industry standard format using "keytool -importkeystore -srckeystore /home/travis/build/icyphy/ptII/ptKeystore -destkeystore /home/travis/build/icyphy/ptII/ptKeystore -deststoretype pkcs12".
]]></system-err>
</testsuite>
