<?xml version="1.0" encoding="UTF-8" ?>
<testsuite errors="0" failures="0" hostname="travis-job-33887575-69c2-4ea2-8c2c-7f0e3a178186" name="ptolemy.domains.sdf.lib.test.junit.JUnitTclTest" skipped="0" tests="82" time="9.053" timestamp="2018-05-30T22:49:16">
  <properties>
[...]
</properties>
  <testcase classname="ptolemy.util.test.junit.TclTests" name="[0] /home/travis/build/icyphy/ptII/ptolemy/domains/sdf/lib/test/ArrayToSequence.tcl (RunTclFile)" time="0.521" />
  <testcase classname="ptolemy.util.test.junit.TclTests" name="[1] /home/travis/build/icyphy/ptII/ptolemy/domains/sdf/lib/test/BitsToInt.tcl (RunTclFile)" time="0.061" />
  <testcase classname="ptolemy.util.test.junit.TclTests" name="[2] /home/travis/build/icyphy/ptII/ptolemy/domains/sdf/lib/test/DelayLine.tcl (RunTclFile)" time="0.017" />
  <testcase classname="ptolemy.util.test.junit.TclTests" name="[3] /home/travis/build/icyphy/ptII/ptolemy/domains/sdf/lib/test/FFT.tcl (RunTclFile)" time="0.031" />
  <testcase classname="ptolemy.util.test.junit.TclTests" name="[4] /home/travis/build/icyphy/ptII/ptolemy/domains/sdf/lib/test/FIR.tcl (RunTclFile)" time="0.103" />
  <testcase classname="ptolemy.util.test.junit.TclTests" name="[5] /home/travis/build/icyphy/ptII/ptolemy/domains/sdf/lib/test/IntToBits.tcl (RunTclFile)" time="0.025" />
  <testcase classname="ptolemy.util.test.junit.TclTests" name="[6] /home/travis/build/icyphy/ptII/ptolemy/domains/sdf/lib/test/MaximumEntropySpectrum.tcl (RunTclFile)" time="0.205" />
  <testcase classname="ptolemy.util.test.junit.TclTests" name="[7] /home/travis/build/icyphy/ptII/ptolemy/domains/sdf/lib/test/Repeat.tcl (RunTclFile)" time="0.023" />
  <testcase classname="ptolemy.util.test.junit.TclTests" name="[8] /home/travis/build/icyphy/ptII/ptolemy/domains/sdf/lib/test/SampleDelay.tcl (RunTclFile)" time="0.06" />
  <testcase classname="ptolemy.util.test.junit.TclTests" name="[9] /home/travis/build/icyphy/ptII/ptolemy/domains/sdf/lib/test/SequenceToArray.tcl (RunTclFile)" time="0.029" />
  <testcase classname="ptolemy.util.test.junit.AutoKnownFailedTests" name="[0] ThereAreNoKnowFailedTests (RunModel)" time="0.001" />
  <testcase classname="ptolemy.util.test.junit.AutoNameArchTests" name="[0] ThereAreNoAutoArchTests (RunModel)" time="0.001" />
  <testcase classname="ptolemy.util.test.junit.AutoTests" name="[0] /home/travis/build/icyphy/ptII/ptolemy/domains/sdf/lib/test/auto/ArrayToSequence.xml (RunModel)" time="0.147" />
  <testcase classname="ptolemy.util.test.junit.AutoTests" name="[1] /home/travis/build/icyphy/ptII/ptolemy/domains/sdf/lib/test/auto/ArrayToSequenceTest.xml (RunModel)" time="0.033" />
  <testcase classname="ptolemy.util.test.junit.AutoTests" name="[2] /home/travis/build/icyphy/ptII/ptolemy/domains/sdf/lib/test/auto/Autocorrelation.xml (RunModel)" time="0.022" />
  <testcase classname="ptolemy.util.test.junit.AutoTests" name="[3] /home/travis/build/icyphy/ptII/ptolemy/domains/sdf/lib/test/auto/Autocorrelation2.xml (RunModel)" time="0.018" />
  <testcase classname="ptolemy.util.test.junit.AutoTests" name="[4] /home/travis/build/icyphy/ptII/ptolemy/domains/sdf/lib/test/auto/Autocorrelation3.xml (RunModel)" time="0.019" />
  <testcase classname="ptolemy.util.test.junit.AutoTests" name="[5] /home/travis/build/icyphy/ptII/ptolemy/domains/sdf/lib/test/auto/Autocorrelation4.xml (RunModel)" time="0.025" />
  <testcase classname="ptolemy.util.test.junit.AutoTests" name="[6] /home/travis/build/icyphy/ptII/ptolemy/domains/sdf/lib/test/auto/Autocorrelation5.xml (RunModel)" time="0.092" />
  <testcase classname="ptolemy.util.test.junit.AutoTests" name="[7] /home/travis/build/icyphy/ptII/ptolemy/domains/sdf/lib/test/auto/BitsToInt.xml (RunModel)" time="0.036" />
  <testcase classname="ptolemy.util.test.junit.AutoTests" name="[8] /home/travis/build/icyphy/ptII/ptolemy/domains/sdf/lib/test/auto/BooleanJoin.xml (RunModel)" time="0.029" />
  <testcase classname="ptolemy.util.test.junit.AutoTests" name="[9] /home/travis/build/icyphy/ptII/ptolemy/domains/sdf/lib/test/auto/BootstrapSampleDelay.xml (RunModel)" time="0.019" />
  <testcase classname="ptolemy.util.test.junit.AutoTests" name="[10] /home/travis/build/icyphy/ptII/ptolemy/domains/sdf/lib/test/auto/Chop.xml (RunModel)" time="0.091" />
  <testcase classname="ptolemy.util.test.junit.AutoTests" name="[11] /home/travis/build/icyphy/ptII/ptolemy/domains/sdf/lib/test/auto/Chop2.xml (RunModel)" time="0.056" />
  <testcase classname="ptolemy.util.test.junit.AutoTests" name="[12] /home/travis/build/icyphy/ptII/ptolemy/domains/sdf/lib/test/auto/ComplexJoin.xml (RunModel)" time="0.034" />
  <testcase classname="ptolemy.util.test.junit.AutoTests" name="[13] /home/travis/build/icyphy/ptII/ptolemy/domains/sdf/lib/test/auto/CountTrues.xml (RunModel)" time="0.039" />
  <testcase classname="ptolemy.util.test.junit.AutoTests" name="[14] /home/travis/build/icyphy/ptII/ptolemy/domains/sdf/lib/test/auto/DelayLine.xml (RunModel)" time="0.043" />
  <testcase classname="ptolemy.util.test.junit.AutoTests" name="[15] /home/travis/build/icyphy/ptII/ptolemy/domains/sdf/lib/test/auto/DotProduct.xml (RunModel)" time="0.021" />
  <testcase classname="ptolemy.util.test.junit.AutoTests" name="[16] /home/travis/build/icyphy/ptII/ptolemy/domains/sdf/lib/test/auto/DotProductMatrix.xml (RunModel)" time="0.017" />
  <testcase classname="ptolemy.util.test.junit.AutoTests" name="[17] /home/travis/build/icyphy/ptII/ptolemy/domains/sdf/lib/test/auto/DownSample1.xml (RunModel)" time="0.018" />
  <testcase classname="ptolemy.util.test.junit.AutoTests" name="[18] /home/travis/build/icyphy/ptII/ptolemy/domains/sdf/lib/test/auto/DynamicRateChange.xml (RunModel)" time="0.026" />
  <testcase classname="ptolemy.util.test.junit.AutoTests" name="[19] /home/travis/build/icyphy/ptII/ptolemy/domains/sdf/lib/test/auto/DynamicRates.xml (RunModel)" time="0.031" />
  <testcase classname="ptolemy.util.test.junit.AutoTests" name="[20] /home/travis/build/icyphy/ptII/ptolemy/domains/sdf/lib/test/auto/FFT1.xml (RunModel)" time="0.037" />
  <testcase classname="ptolemy.util.test.junit.AutoTests" name="[21] /home/travis/build/icyphy/ptII/ptolemy/domains/sdf/lib/test/auto/FIR1.xml (RunModel)" time="0.055" />
  <testcase classname="ptolemy.util.test.junit.AutoTests" name="[22] /home/travis/build/icyphy/ptII/ptolemy/domains/sdf/lib/test/auto/FIR2.xml (RunModel)" time="0.018" />
  <testcase classname="ptolemy.util.test.junit.AutoTests" name="[23] /home/travis/build/icyphy/ptII/ptolemy/domains/sdf/lib/test/auto/FIR4.xml (RunModel)" time="0.041" />
  <testcase classname="ptolemy.util.test.junit.AutoTests" name="[24] /home/travis/build/icyphy/ptII/ptolemy/domains/sdf/lib/test/auto/FixJoin.xml (RunModel)" time="0.037" />
  <testcase classname="ptolemy.util.test.junit.AutoTests" name="[25] /home/travis/build/icyphy/ptII/ptolemy/domains/sdf/lib/test/auto/IntJoin1.xml (RunModel)" time="0.019" />
  <testcase classname="ptolemy.util.test.junit.AutoTests" name="[26] /home/travis/build/icyphy/ptII/ptolemy/domains/sdf/lib/test/auto/IntJoin2.xml (RunModel)" time="0.023" />
  <testcase classname="ptolemy.util.test.junit.AutoTests" name="[27] /home/travis/build/icyphy/ptII/ptolemy/domains/sdf/lib/test/auto/IntJoin3.xml (RunModel)" time="0.018" />
  <testcase classname="ptolemy.util.test.junit.AutoTests" name="[28] /home/travis/build/icyphy/ptII/ptolemy/domains/sdf/lib/test/auto/IntJoin4.xml (RunModel)" time="0.019" />
  <testcase classname="ptolemy.util.test.junit.AutoTests" name="[29] /home/travis/build/icyphy/ptII/ptolemy/domains/sdf/lib/test/auto/IntJoin5.xml (RunModel)" time="0.021" />
  <testcase classname="ptolemy.util.test.junit.AutoTests" name="[30] /home/travis/build/icyphy/ptII/ptolemy/domains/sdf/lib/test/auto/IntToBits.xml (RunModel)" time="0.018" />
  <testcase classname="ptolemy.util.test.junit.AutoTests" name="[31] /home/travis/build/icyphy/ptII/ptolemy/domains/sdf/lib/test/auto/LMSAdaptive.xml (RunModel)" time="0.066" />
  <testcase classname="ptolemy.util.test.junit.AutoTests" name="[32] /home/travis/build/icyphy/ptII/ptolemy/domains/sdf/lib/test/auto/LMSAdaptiveFIR.xml (RunModel)" time="0.332" />
  <testcase classname="ptolemy.util.test.junit.AutoTests" name="[33] /home/travis/build/icyphy/ptII/ptolemy/domains/sdf/lib/test/auto/LMSAdaptiveFIR2.xml (RunModel)" time="0.407" />
  <testcase classname="ptolemy.util.test.junit.AutoTests" name="[34] /home/travis/build/icyphy/ptII/ptolemy/domains/sdf/lib/test/auto/LongJoin.xml (RunModel)" time="0.024" />
  <testcase classname="ptolemy.util.test.junit.AutoTests" name="[35] /home/travis/build/icyphy/ptII/ptolemy/domains/sdf/lib/test/auto/Matrix1.xml (RunModel)" time="0.014" />
  <testcase classname="ptolemy.util.test.junit.AutoTests" name="[36] /home/travis/build/icyphy/ptII/ptolemy/domains/sdf/lib/test/auto/Matrix2.xml (RunModel)" time="0.017" />
  <testcase classname="ptolemy.util.test.junit.AutoTests" name="[37] /home/travis/build/icyphy/ptII/ptolemy/domains/sdf/lib/test/auto/MatrixJoin1.xml (RunModel)" time="0.026" />
  <testcase classname="ptolemy.util.test.junit.AutoTests" name="[38] /home/travis/build/icyphy/ptII/ptolemy/domains/sdf/lib/test/auto/MatrixJoin2.xml (RunModel)" time="0.033" />
  <testcase classname="ptolemy.util.test.junit.AutoTests" name="[39] /home/travis/build/icyphy/ptII/ptolemy/domains/sdf/lib/test/auto/MatrixJoin3.xml (RunModel)" time="0.016" />
  <testcase classname="ptolemy.util.test.junit.AutoTests" name="[40] /home/travis/build/icyphy/ptII/ptolemy/domains/sdf/lib/test/auto/MatrixJoin4.xml (RunModel)" time="0.014" />
  <testcase classname="ptolemy.util.test.junit.AutoTests" name="[41] /home/travis/build/icyphy/ptII/ptolemy/domains/sdf/lib/test/auto/MatrixJoin5.xml (RunModel)" time="0.014" />
  <testcase classname="ptolemy.util.test.junit.AutoTests" name="[42] /home/travis/build/icyphy/ptII/ptolemy/domains/sdf/lib/test/auto/MatrixSplit1.xml (RunModel)" time="0.022" />
  <testcase classname="ptolemy.util.test.junit.AutoTests" name="[43] /home/travis/build/icyphy/ptII/ptolemy/domains/sdf/lib/test/auto/MatrixSplit10.xml (RunModel)" time="0.014" />
  <testcase classname="ptolemy.util.test.junit.AutoTests" name="[44] /home/travis/build/icyphy/ptII/ptolemy/domains/sdf/lib/test/auto/MatrixSplit11.xml (RunModel)" time="0.01" />
  <testcase classname="ptolemy.util.test.junit.AutoTests" name="[45] /home/travis/build/icyphy/ptII/ptolemy/domains/sdf/lib/test/auto/MatrixSplit12.xml (RunModel)" time="0.015" />
  <testcase classname="ptolemy.util.test.junit.AutoTests" name="[46] /home/travis/build/icyphy/ptII/ptolemy/domains/sdf/lib/test/auto/MatrixSplit13.xml (RunModel)" time="0.025" />
  <testcase classname="ptolemy.util.test.junit.AutoTests" name="[47] /home/travis/build/icyphy/ptII/ptolemy/domains/sdf/lib/test/auto/MatrixSplit14.xml (RunModel)" time="0.012" />
  <testcase classname="ptolemy.util.test.junit.AutoTests" name="[48] /home/travis/build/icyphy/ptII/ptolemy/domains/sdf/lib/test/auto/MatrixSplit2.xml (RunModel)" time="0.013" />
  <testcase classname="ptolemy.util.test.junit.AutoTests" name="[49] /home/travis/build/icyphy/ptII/ptolemy/domains/sdf/lib/test/auto/MatrixSplit3.xml (RunModel)" time="0.024" />
  <testcase classname="ptolemy.util.test.junit.AutoTests" name="[50] /home/travis/build/icyphy/ptII/ptolemy/domains/sdf/lib/test/auto/MatrixSplit4.xml (RunModel)" time="0.02" />
  <testcase classname="ptolemy.util.test.junit.AutoTests" name="[51] /home/travis/build/icyphy/ptII/ptolemy/domains/sdf/lib/test/auto/MatrixSplit5.xml (RunModel)" time="0.019" />
  <testcase classname="ptolemy.util.test.junit.AutoTests" name="[52] /home/travis/build/icyphy/ptII/ptolemy/domains/sdf/lib/test/auto/MatrixSplit6.xml (RunModel)" time="0.022" />
  <testcase classname="ptolemy.util.test.junit.AutoTests" name="[53] /home/travis/build/icyphy/ptII/ptolemy/domains/sdf/lib/test/auto/MatrixSplit7.xml (RunModel)" time="0.017" />
  <testcase classname="ptolemy.util.test.junit.AutoTests" name="[54] /home/travis/build/icyphy/ptII/ptolemy/domains/sdf/lib/test/auto/MatrixSplit8.xml (RunModel)" time="0.017" />
  <testcase classname="ptolemy.util.test.junit.AutoTests" name="[55] /home/travis/build/icyphy/ptII/ptolemy/domains/sdf/lib/test/auto/MatrixSplit9.xml (RunModel)" time="0.037" />
  <testcase classname="ptolemy.util.test.junit.AutoTests" name="[56] /home/travis/build/icyphy/ptII/ptolemy/domains/sdf/lib/test/auto/MatrixToSequence.xml (RunModel)" time="0.046" />
  <testcase classname="ptolemy.util.test.junit.AutoTests" name="[57] /home/travis/build/icyphy/ptII/ptolemy/domains/sdf/lib/test/auto/MaximumEntropySpectrum.xml (RunModel)" time="0.1" />
  <testcase classname="ptolemy.util.test.junit.AutoTests" name="[58] /home/travis/build/icyphy/ptII/ptolemy/domains/sdf/lib/test/auto/SampleDelayConversion.xml (RunModel)" time="0.017" />
  <testcase classname="ptolemy.util.test.junit.AutoTests" name="[59] /home/travis/build/icyphy/ptII/ptolemy/domains/sdf/lib/test/auto/SequenceToArray.xml (RunModel)" time="0.044" />
  <testcase classname="ptolemy.util.test.junit.AutoTests" name="[60] /home/travis/build/icyphy/ptII/ptolemy/domains/sdf/lib/test/auto/SequenceToMatrix.xml (RunModel)" time="4.655" />
  <testcase classname="ptolemy.util.test.junit.AutoTests" name="[61] /home/travis/build/icyphy/ptII/ptolemy/domains/sdf/lib/test/auto/SmoothedPeriodogram.xml (RunModel)" time="0.06" />
  <testcase classname="ptolemy.util.test.junit.AutoTests" name="[62] /home/travis/build/icyphy/ptII/ptolemy/domains/sdf/lib/test/auto/UpDownSample1.xml (RunModel)" time="0.027" />
  <testcase classname="ptolemy.util.test.junit.AutoTests" name="[63] /home/travis/build/icyphy/ptII/ptolemy/domains/sdf/lib/test/auto/UpSample1.xml (RunModel)" time="0.028" />
  <testcase classname="ptolemy.util.test.junit.AutoTests" name="[64] /home/travis/build/icyphy/ptII/ptolemy/domains/sdf/lib/test/auto/VariableFIR.xml (RunModel)" time="0.031" />
  <testcase classname="ptolemy.util.test.junit.AutoTests" name="[65] /home/travis/build/icyphy/ptII/ptolemy/domains/sdf/lib/test/auto/VariableFIR2.xml (RunModel)" time="0.026" />
  <testcase classname="ptolemy.util.test.junit.AutoTests" name="[66] /home/travis/build/icyphy/ptII/ptolemy/domains/sdf/lib/test/auto/VariableLattice.xml (RunModel)" time="0.024" />
  <testcase classname="ptolemy.util.test.junit.AutoTests" name="[67] /home/travis/build/icyphy/ptII/ptolemy/domains/sdf/lib/test/auto/VariableLattice2.xml (RunModel)" time="0.019" />
  <testcase classname="ptolemy.util.test.junit.AutoTests" name="[68] /home/travis/build/icyphy/ptII/ptolemy/domains/sdf/lib/test/auto/VariableRecursiveLattice.xml (RunModel)" time="0.017" />
  <testcase classname="ptolemy.util.test.junit.AutoTests" name="[69] /home/travis/build/icyphy/ptII/ptolemy/domains/sdf/lib/test/auto/VariableRecursiveLattice2.xml (RunModel)" time="0.018" />
  <system-out><![CDATA[/home/travis/build/icyphy/ptII/ptolemy/domains/sdf/lib/test/ArrayToSequence.tcl
testDefs.tcl: setting time out to 9000 seconds at Wed May 30 22:49:16 UTC 2018
53 ms. Memory: 116224K Free: 85504K (74%)
7 ms. Memory: 116224K Free: 110113K (95%)
17 ms. Memory: 116224K Free: 107707K (93%)
17 ms. Memory: 116224K Free: 106489K (92%)
/home/travis/build/icyphy/ptII/ptolemy/domains/sdf/lib/test/BitsToInt.tcl
24 ms. Memory: 116224K Free: 104681K (90%)
9 ms. Memory: 116224K Free: 102898K (89%)
/home/travis/build/icyphy/ptII/ptolemy/domains/sdf/lib/test/DelayLine.tcl
6 ms. Memory: 116224K Free: 101114K (87%)
/home/travis/build/icyphy/ptII/ptolemy/domains/sdf/lib/test/FFT.tcl
8 ms. Memory: 116224K Free: 99330K (85%)
/home/travis/build/icyphy/ptII/ptolemy/domains/sdf/lib/test/FIR.tcl
14 ms. Memory: 116224K Free: 97494K (84%)
10 ms. Memory: 116224K Free: 96275K (83%)
ptolemy.kernel.util.IllegalActionException: multiplyReverse method not supported between ptolemy.data.FixToken 'fix(-0.0625,6,2)' and ptolemy.data.IntToken '1' because the types are incomparable.
  in .top.FIRclone
Because:
multiplyReverse method not supported between ptolemy.data.FixToken 'fix(-0.0625,6,2)' and ptolemy.data.IntToken '1' because the types are incomparable.
29 ms. Memory: 116224K Free: 93902K (81%)
/home/travis/build/icyphy/ptII/ptolemy/domains/sdf/lib/test/IntToBits.tcl
4 ms. Memory: 116224K Free: 92094K (79%)
4 ms. Memory: 116224K Free: 90874K (78%)
/home/travis/build/icyphy/ptII/ptolemy/domains/sdf/lib/test/MaximumEntropySpectrum.tcl
/home/travis/build/icyphy/ptII/ptolemy/domains/sdf/lib/test/Repeat.tcl
5 ms. Memory: 146944K Free: 120718K (82%)
/home/travis/build/icyphy/ptII/ptolemy/domains/sdf/lib/test/SampleDelay.tcl
6 ms. Memory: 146944K Free: 118321K (81%)
3 ms. Memory: 146944K Free: 118321K (81%)
11 ms. Memory: 146944K Free: 117114K (80%)
3 ms. Memory: 146944K Free: 115924K (79%)
9 ms. Memory: 146944K Free: 115924K (79%)
1 ms. Memory: 146944K Free: 115924K (79%)
/home/travis/build/icyphy/ptII/ptolemy/domains/sdf/lib/test/SequenceToArray.tcl
4 ms. Memory: 146944K Free: 112298K (76%)
4 ms. Memory: 146944K Free: 111091K (76%)
4 ms. Memory: 146944K Free: 109901K (75%)
5 ms. Memory: 146944K Free: 108695K (74%)
05/30/18 10:49:17
Failed: 0  Total Tests: 41  ((Passed: 41, Newly Passed: 0)  Known Failed: 0) /home/travis/build/icyphy/ptII/ptolemy/domains/sdf/lib/test
No auto/knownFailedTests/*.xml tests in /home/travis/build/icyphy/ptII/ptolemy/domains/sdf/lib/test
No auto/linux-amd64/*.xml tests in /home/travis/build/icyphy/ptII/ptolemy/domains/sdf/lib/test
AutoTests.java: About to close Vertx.
AutoTests.java: Vertx closed.
----------------- testing Wed May 30 22:49:17 UTC 2018 /home/travis/build/icyphy/ptII/ptolemy/domains/sdf/lib/test/auto/ArrayToSequence.xml
----------------- Instantiating /home/travis/build/icyphy/ptII/ptolemy/domains/sdf/lib/test/auto/ArrayToSequence.xml
25 ms. Memory: 146944K Free: 126513K (86%)
----------------- Invoking toplevel() on ptolemy.moml.MoMLSimpleApplication@2b3dda55
----------------- Done invoking toplevel() on ptolemy.moml.MoMLSimpleApplication@2b3dda55
reloadAllAccessors: .ArrayToSequence
----------------- testing Wed May 30 22:49:17 UTC 2018 /home/travis/build/icyphy/ptII/ptolemy/domains/sdf/lib/test/auto/ArrayToSequenceTest.xml
----------------- Instantiating /home/travis/build/icyphy/ptII/ptolemy/domains/sdf/lib/test/auto/ArrayToSequenceTest.xml
8 ms. Memory: 146944K Free: 119043K (81%)
----------------- Invoking toplevel() on ptolemy.moml.MoMLSimpleApplication@26f1b677
----------------- Done invoking toplevel() on ptolemy.moml.MoMLSimpleApplication@26f1b677
reloadAllAccessors: .ArrayToSequenceTest
----------------- testing Wed May 30 22:49:17 UTC 2018 /home/travis/build/icyphy/ptII/ptolemy/domains/sdf/lib/test/auto/Autocorrelation.xml
----------------- Instantiating /home/travis/build/icyphy/ptII/ptolemy/domains/sdf/lib/test/auto/Autocorrelation.xml
3 ms. Memory: 146944K Free: 114449K (78%)
----------------- Invoking toplevel() on ptolemy.moml.MoMLSimpleApplication@456a53cd
----------------- Done invoking toplevel() on ptolemy.moml.MoMLSimpleApplication@456a53cd
reloadAllAccessors: .Autocorrelation
----------------- testing Wed May 30 22:49:17 UTC 2018 /home/travis/build/icyphy/ptII/ptolemy/domains/sdf/lib/test/auto/Autocorrelation2.xml
----------------- Instantiating /home/travis/build/icyphy/ptII/ptolemy/domains/sdf/lib/test/auto/Autocorrelation2.xml
3 ms. Memory: 146944K Free: 109830K (75%)
----------------- Invoking toplevel() on ptolemy.moml.MoMLSimpleApplication@fe06b72
----------------- Done invoking toplevel() on ptolemy.moml.MoMLSimpleApplication@fe06b72
reloadAllAccessors: .Autocorrelation2
----------------- testing Wed May 30 22:49:17 UTC 2018 /home/travis/build/icyphy/ptII/ptolemy/domains/sdf/lib/test/auto/Autocorrelation3.xml
----------------- Instantiating /home/travis/build/icyphy/ptII/ptolemy/domains/sdf/lib/test/auto/Autocorrelation3.xml
2 ms. Memory: 146944K Free: 104512K (71%)
----------------- Invoking toplevel() on ptolemy.moml.MoMLSimpleApplication@2b8b7cd3
----------------- Done invoking toplevel() on ptolemy.moml.MoMLSimpleApplication@2b8b7cd3
reloadAllAccessors: .Autocorrelation3
----------------- testing Wed May 30 22:49:17 UTC 2018 /home/travis/build/icyphy/ptII/ptolemy/domains/sdf/lib/test/auto/Autocorrelation4.xml
----------------- Instantiating /home/travis/build/icyphy/ptII/ptolemy/domains/sdf/lib/test/auto/Autocorrelation4.xml
7 ms. Memory: 146944K Free: 99918K (68%)
----------------- Invoking toplevel() on ptolemy.moml.MoMLSimpleApplication@44bd6964
----------------- Done invoking toplevel() on ptolemy.moml.MoMLSimpleApplication@44bd6964
reloadAllAccessors: .Autocorrelation4
----------------- testing Wed May 30 22:49:17 UTC 2018 /home/travis/build/icyphy/ptII/ptolemy/domains/sdf/lib/test/auto/Autocorrelation5.xml
----------------- Instantiating /home/travis/build/icyphy/ptII/ptolemy/domains/sdf/lib/test/auto/Autocorrelation5.xml
47 ms. Memory: 146944K Free: 92776K (63%)
----------------- Invoking toplevel() on ptolemy.moml.MoMLSimpleApplication@47173699
----------------- Done invoking toplevel() on ptolemy.moml.MoMLSimpleApplication@47173699
reloadAllAccessors: .Autocorrelation5
----------------- testing Wed May 30 22:49:17 UTC 2018 /home/travis/build/icyphy/ptII/ptolemy/domains/sdf/lib/test/auto/BitsToInt.xml
----------------- Instantiating /home/travis/build/icyphy/ptII/ptolemy/domains/sdf/lib/test/auto/BitsToInt.xml
11 ms. Memory: 146944K Free: 87915K (60%)
----------------- Invoking toplevel() on ptolemy.moml.MoMLSimpleApplication@5219cb28
----------------- Done invoking toplevel() on ptolemy.moml.MoMLSimpleApplication@5219cb28
reloadAllAccessors: .BitsToInt
----------------- testing Wed May 30 22:49:18 UTC 2018 /home/travis/build/icyphy/ptII/ptolemy/domains/sdf/lib/test/auto/BooleanJoin.xml
----------------- Instantiating /home/travis/build/icyphy/ptII/ptolemy/domains/sdf/lib/test/auto/BooleanJoin.xml
4 ms. Memory: 146944K Free: 83265K (57%)
----------------- Invoking toplevel() on ptolemy.moml.MoMLSimpleApplication@67e1479a
----------------- Done invoking toplevel() on ptolemy.moml.MoMLSimpleApplication@67e1479a
reloadAllAccessors: .BooleanJoin
----------------- testing Wed May 30 22:49:18 UTC 2018 /home/travis/build/icyphy/ptII/ptolemy/domains/sdf/lib/test/auto/BootstrapSampleDelay.xml
----------------- Instantiating /home/travis/build/icyphy/ptII/ptolemy/domains/sdf/lib/test/auto/BootstrapSampleDelay.xml
5 ms. Memory: 146944K Free: 79523K (54%)
----------------- Invoking toplevel() on ptolemy.moml.MoMLSimpleApplication@5da46601
----------------- Done invoking toplevel() on ptolemy.moml.MoMLSimpleApplication@5da46601
reloadAllAccessors: .BootstrapSampleDelay
----------------- testing Wed May 30 22:49:18 UTC 2018 /home/travis/build/icyphy/ptII/ptolemy/domains/sdf/lib/test/auto/Chop.xml
----------------- Instantiating /home/travis/build/icyphy/ptII/ptolemy/domains/sdf/lib/test/auto/Chop.xml
18 ms. Memory: 208384K Free: 192227K (92%)
----------------- Invoking toplevel() on ptolemy.moml.MoMLSimpleApplication@476a6631
----------------- Done invoking toplevel() on ptolemy.moml.MoMLSimpleApplication@476a6631
reloadAllAccessors: .Chop
----------------- testing Wed May 30 22:49:18 UTC 2018 /home/travis/build/icyphy/ptII/ptolemy/domains/sdf/lib/test/auto/Chop2.xml
----------------- Instantiating /home/travis/build/icyphy/ptII/ptolemy/domains/sdf/lib/test/auto/Chop2.xml
5 ms. Memory: 208384K Free: 183900K (88%)
----------------- Invoking toplevel() on ptolemy.moml.MoMLSimpleApplication@36a8b13
----------------- Done invoking toplevel() on ptolemy.moml.MoMLSimpleApplication@36a8b13
reloadAllAccessors: .Chop2
----------------- testing Wed May 30 22:49:18 UTC 2018 /home/travis/build/icyphy/ptII/ptolemy/domains/sdf/lib/test/auto/ComplexJoin.xml
----------------- Instantiating /home/travis/build/icyphy/ptII/ptolemy/domains/sdf/lib/test/auto/ComplexJoin.xml
4 ms. Memory: 208384K Free: 178968K (86%)
----------------- Invoking toplevel() on ptolemy.moml.MoMLSimpleApplication@6877209c
----------------- Done invoking toplevel() on ptolemy.moml.MoMLSimpleApplication@6877209c
reloadAllAccessors: .ComplexJoin
----------------- testing Wed May 30 22:49:18 UTC 2018 /home/travis/build/icyphy/ptII/ptolemy/domains/sdf/lib/test/auto/CountTrues.xml
----------------- Instantiating /home/travis/build/icyphy/ptII/ptolemy/domains/sdf/lib/test/auto/CountTrues.xml
7 ms. Memory: 208384K Free: 175896K (84%)
----------------- Invoking toplevel() on ptolemy.moml.MoMLSimpleApplication@69c0ac06
----------------- Done invoking toplevel() on ptolemy.moml.MoMLSimpleApplication@69c0ac06
reloadAllAccessors: .CountTrues
----------------- testing Wed May 30 22:49:18 UTC 2018 /home/travis/build/icyphy/ptII/ptolemy/domains/sdf/lib/test/auto/DelayLine.xml
----------------- Instantiating /home/travis/build/icyphy/ptII/ptolemy/domains/sdf/lib/test/auto/DelayLine.xml
3 ms. Memory: 208384K Free: 170350K (82%)
----------------- Invoking toplevel() on ptolemy.moml.MoMLSimpleApplication@6b28772e
----------------- Done invoking toplevel() on ptolemy.moml.MoMLSimpleApplication@6b28772e
reloadAllAccessors: .DelayLine
----------------- testing Wed May 30 22:49:18 UTC 2018 /home/travis/build/icyphy/ptII/ptolemy/domains/sdf/lib/test/auto/DotProduct.xml
----------------- Instantiating /home/travis/build/icyphy/ptII/ptolemy/domains/sdf/lib/test/auto/DotProduct.xml
3 ms. Memory: 208384K Free: 165724K (80%)
----------------- Invoking toplevel() on ptolemy.moml.MoMLSimpleApplication@1a10a814
----------------- Done invoking toplevel() on ptolemy.moml.MoMLSimpleApplication@1a10a814
reloadAllAccessors: .DotProduct
----------------- testing Wed May 30 22:49:18 UTC 2018 /home/travis/build/icyphy/ptII/ptolemy/domains/sdf/lib/test/auto/DotProductMatrix.xml
----------------- Instantiating /home/travis/build/icyphy/ptII/ptolemy/domains/sdf/lib/test/auto/DotProductMatrix.xml
4 ms. Memory: 208384K Free: 162620K (78%)
----------------- Invoking toplevel() on ptolemy.moml.MoMLSimpleApplication@1fb9071d
----------------- Done invoking toplevel() on ptolemy.moml.MoMLSimpleApplication@1fb9071d
reloadAllAccessors: .DotProductMatrix
----------------- testing Wed May 30 22:49:18 UTC 2018 /home/travis/build/icyphy/ptII/ptolemy/domains/sdf/lib/test/auto/DownSample1.xml
----------------- Instantiating /home/travis/build/icyphy/ptII/ptolemy/domains/sdf/lib/test/auto/DownSample1.xml
5 ms. Memory: 208384K Free: 158933K (76%)
----------------- Invoking toplevel() on ptolemy.moml.MoMLSimpleApplication@2f48adbb
----------------- Done invoking toplevel() on ptolemy.moml.MoMLSimpleApplication@2f48adbb
reloadAllAccessors: .DownSample1
----------------- testing Wed May 30 22:49:18 UTC 2018 /home/travis/build/icyphy/ptII/ptolemy/domains/sdf/lib/test/auto/DynamicRateChange.xml
----------------- Instantiating /home/travis/build/icyphy/ptII/ptolemy/domains/sdf/lib/test/auto/DynamicRateChange.xml
6 ms. Memory: 208384K Free: 152741K (73%)
----------------- Invoking toplevel() on ptolemy.moml.MoMLSimpleApplication@427a322d
----------------- Done invoking toplevel() on ptolemy.moml.MoMLSimpleApplication@427a322d
reloadAllAccessors: .DynamicRateChange
----------------- testing Wed May 30 22:49:18 UTC 2018 /home/travis/build/icyphy/ptII/ptolemy/domains/sdf/lib/test/auto/DynamicRates.xml
----------------- Instantiating /home/travis/build/icyphy/ptII/ptolemy/domains/sdf/lib/test/auto/DynamicRates.xml
10 ms. Memory: 208384K Free: 145674K (70%)
----------------- Invoking toplevel() on ptolemy.moml.MoMLSimpleApplication@798cdc50
----------------- Done invoking toplevel() on ptolemy.moml.MoMLSimpleApplication@798cdc50
reloadAllAccessors: .DynamicRates
----------------- testing Wed May 30 22:49:18 UTC 2018 /home/travis/build/icyphy/ptII/ptolemy/domains/sdf/lib/test/auto/FFT1.xml
----------------- Instantiating /home/travis/build/icyphy/ptII/ptolemy/domains/sdf/lib/test/auto/FFT1.xml
8 ms. Memory: 208384K Free: 140759K (68%)
----------------- Invoking toplevel() on ptolemy.moml.MoMLSimpleApplication@1c75800f
----------------- Done invoking toplevel() on ptolemy.moml.MoMLSimpleApplication@1c75800f
reloadAllAccessors: .FFT1
----------------- testing Wed May 30 22:49:18 UTC 2018 /home/travis/build/icyphy/ptII/ptolemy/domains/sdf/lib/test/auto/FIR1.xml
----------------- Instantiating /home/travis/build/icyphy/ptII/ptolemy/domains/sdf/lib/test/auto/FIR1.xml
20 ms. Memory: 208384K Free: 133337K (64%)
----------------- Invoking toplevel() on ptolemy.moml.MoMLSimpleApplication@4d0d0e4c
----------------- Done invoking toplevel() on ptolemy.moml.MoMLSimpleApplication@4d0d0e4c
reloadAllAccessors: .FIR1
----------------- testing Wed May 30 22:49:18 UTC 2018 /home/travis/build/icyphy/ptII/ptolemy/domains/sdf/lib/test/auto/FIR2.xml
----------------- Instantiating /home/travis/build/icyphy/ptII/ptolemy/domains/sdf/lib/test/auto/FIR2.xml
2 ms. Memory: 208384K Free: 129651K (62%)
----------------- Invoking toplevel() on ptolemy.moml.MoMLSimpleApplication@68c93bf3
----------------- Done invoking toplevel() on ptolemy.moml.MoMLSimpleApplication@68c93bf3
reloadAllAccessors: .FIR2
----------------- testing Wed May 30 22:49:18 UTC 2018 /home/travis/build/icyphy/ptII/ptolemy/domains/sdf/lib/test/auto/FIR4.xml
----------------- Instantiating /home/travis/build/icyphy/ptII/ptolemy/domains/sdf/lib/test/auto/FIR4.xml
9 ms. Memory: 208384K Free: 119449K (57%)
----------------- Invoking toplevel() on ptolemy.moml.MoMLSimpleApplication@65100682
----------------- Done invoking toplevel() on ptolemy.moml.MoMLSimpleApplication@65100682
reloadAllAccessors: .FIR4
----------------- testing Wed May 30 22:49:18 UTC 2018 /home/travis/build/icyphy/ptII/ptolemy/domains/sdf/lib/test/auto/FixJoin.xml
----------------- Instantiating /home/travis/build/icyphy/ptII/ptolemy/domains/sdf/lib/test/auto/FixJoin.xml
3 ms. Memory: 208384K Free: 114517K (55%)
----------------- Invoking toplevel() on ptolemy.moml.MoMLSimpleApplication@7a1baa9
----------------- Done invoking toplevel() on ptolemy.moml.MoMLSimpleApplication@7a1baa9
reloadAllAccessors: .FixJoin
----------------- testing Wed May 30 22:49:18 UTC 2018 /home/travis/build/icyphy/ptII/ptolemy/domains/sdf/lib/test/auto/IntJoin1.xml
----------------- Instantiating /home/travis/build/icyphy/ptII/ptolemy/domains/sdf/lib/test/auto/IntJoin1.xml
5 ms. Memory: 208384K Free: 110200K (53%)
----------------- Invoking toplevel() on ptolemy.moml.MoMLSimpleApplication@56bec2e
----------------- Done invoking toplevel() on ptolemy.moml.MoMLSimpleApplication@56bec2e
reloadAllAccessors: .IntJoin1
----------------- testing Wed May 30 22:49:18 UTC 2018 /home/travis/build/icyphy/ptII/ptolemy/domains/sdf/lib/test/auto/IntJoin2.xml
----------------- Instantiating /home/travis/build/icyphy/ptII/ptolemy/domains/sdf/lib/test/auto/IntJoin2.xml
5 ms. Memory: 208384K Free: 105269K (51%)
----------------- Invoking toplevel() on ptolemy.moml.MoMLSimpleApplication@507459df
----------------- Done invoking toplevel() on ptolemy.moml.MoMLSimpleApplication@507459df
reloadAllAccessors: .IntJoin2
----------------- testing Wed May 30 22:49:18 UTC 2018 /home/travis/build/icyphy/ptII/ptolemy/domains/sdf/lib/test/auto/IntJoin3.xml
----------------- Instantiating /home/travis/build/icyphy/ptII/ptolemy/domains/sdf/lib/test/auto/IntJoin3.xml
2 ms. Memory: 208384K Free: 99423K (48%)
----------------- Invoking toplevel() on ptolemy.moml.MoMLSimpleApplication@72a3a248
----------------- Done invoking toplevel() on ptolemy.moml.MoMLSimpleApplication@72a3a248
reloadAllAccessors: .IntJoin3
----------------- testing Wed May 30 22:49:18 UTC 2018 /home/travis/build/icyphy/ptII/ptolemy/domains/sdf/lib/test/auto/IntJoin4.xml
----------------- Instantiating /home/travis/build/icyphy/ptII/ptolemy/domains/sdf/lib/test/auto/IntJoin4.xml
4 ms. Memory: 208384K Free: 95106K (46%)
----------------- Invoking toplevel() on ptolemy.moml.MoMLSimpleApplication@4463f973
----------------- Done invoking toplevel() on ptolemy.moml.MoMLSimpleApplication@4463f973
reloadAllAccessors: .IntJoin4
----------------- testing Wed May 30 22:49:18 UTC 2018 /home/travis/build/icyphy/ptII/ptolemy/domains/sdf/lib/test/auto/IntJoin5.xml
----------------- Instantiating /home/travis/build/icyphy/ptII/ptolemy/domains/sdf/lib/test/auto/IntJoin5.xml
3 ms. Memory: 208384K Free: 90183K (43%)
----------------- Invoking toplevel() on ptolemy.moml.MoMLSimpleApplication@3a2661d0
----------------- Done invoking toplevel() on ptolemy.moml.MoMLSimpleApplication@3a2661d0
reloadAllAccessors: .IntJoin5
----------------- testing Wed May 30 22:49:18 UTC 2018 /home/travis/build/icyphy/ptII/ptolemy/domains/sdf/lib/test/auto/IntToBits.xml
----------------- Instantiating /home/travis/build/icyphy/ptII/ptolemy/domains/sdf/lib/test/auto/IntToBits.xml
6 ms. Memory: 208384K Free: 87079K (42%)
----------------- Invoking toplevel() on ptolemy.moml.MoMLSimpleApplication@47a66406
----------------- Done invoking toplevel() on ptolemy.moml.MoMLSimpleApplication@47a66406
reloadAllAccessors: .IntToBits
----------------- testing Wed May 30 22:49:18 UTC 2018 /home/travis/build/icyphy/ptII/ptolemy/domains/sdf/lib/test/auto/LMSAdaptive.xml
----------------- Instantiating /home/travis/build/icyphy/ptII/ptolemy/domains/sdf/lib/test/auto/LMSAdaptive.xml
27 ms. Memory: 208384K Free: 199153K (96%)
----------------- Invoking toplevel() on ptolemy.moml.MoMLSimpleApplication@4d3c2df4
----------------- Done invoking toplevel() on ptolemy.moml.MoMLSimpleApplication@4d3c2df4
reloadAllAccessors: .LMSAdaptive
----------------- testing Wed May 30 22:49:18 UTC 2018 /home/travis/build/icyphy/ptII/ptolemy/domains/sdf/lib/test/auto/LMSAdaptiveFIR.xml
----------------- Instantiating /home/travis/build/icyphy/ptII/ptolemy/domains/sdf/lib/test/auto/LMSAdaptiveFIR.xml
258 ms. Memory: 208384K Free: 158379K (76%)
----------------- Invoking toplevel() on ptolemy.moml.MoMLSimpleApplication@1cb03a12
----------------- Done invoking toplevel() on ptolemy.moml.MoMLSimpleApplication@1cb03a12
reloadAllAccessors: .LMSAdaptiveFIR
----------------- testing Wed May 30 22:49:19 UTC 2018 /home/travis/build/icyphy/ptII/ptolemy/domains/sdf/lib/test/auto/LMSAdaptiveFIR2.xml
----------------- Instantiating /home/travis/build/icyphy/ptII/ptolemy/domains/sdf/lib/test/auto/LMSAdaptiveFIR2.xml
338 ms. Memory: 208384K Free: 98058K (47%)
----------------- Invoking toplevel() on ptolemy.moml.MoMLSimpleApplication@19104d54
----------------- Done invoking toplevel() on ptolemy.moml.MoMLSimpleApplication@19104d54
reloadAllAccessors: .LMSAdaptiveFIR2
----------------- testing Wed May 30 22:49:19 UTC 2018 /home/travis/build/icyphy/ptII/ptolemy/domains/sdf/lib/test/auto/LongJoin.xml
----------------- Instantiating /home/travis/build/icyphy/ptII/ptolemy/domains/sdf/lib/test/auto/LongJoin.xml
3 ms. Memory: 208384K Free: 92074K (44%)
----------------- Invoking toplevel() on ptolemy.moml.MoMLSimpleApplication@3099e4bf
----------------- Done invoking toplevel() on ptolemy.moml.MoMLSimpleApplication@3099e4bf
reloadAllAccessors: .LongJoin
----------------- testing Wed May 30 22:49:19 UTC 2018 /home/travis/build/icyphy/ptII/ptolemy/domains/sdf/lib/test/auto/Matrix1.xml
----------------- Instantiating /home/travis/build/icyphy/ptII/ptolemy/domains/sdf/lib/test/auto/Matrix1.xml
2 ms. Memory: 208384K Free: 87740K (42%)
----------------- Invoking toplevel() on ptolemy.moml.MoMLSimpleApplication@62de0832
----------------- Done invoking toplevel() on ptolemy.moml.MoMLSimpleApplication@62de0832
reloadAllAccessors: .Matrix1
----------------- testing Wed May 30 22:49:19 UTC 2018 /home/travis/build/icyphy/ptII/ptolemy/domains/sdf/lib/test/auto/Matrix2.xml
----------------- Instantiating /home/travis/build/icyphy/ptII/ptolemy/domains/sdf/lib/test/auto/Matrix2.xml
3 ms. Memory: 208384K Free: 83391K (40%)
----------------- Invoking toplevel() on ptolemy.moml.MoMLSimpleApplication@2a8f6be0
----------------- Done invoking toplevel() on ptolemy.moml.MoMLSimpleApplication@2a8f6be0
reloadAllAccessors: .Matrix2
----------------- testing Wed May 30 22:49:19 UTC 2018 /home/travis/build/icyphy/ptII/ptolemy/domains/sdf/lib/test/auto/MatrixJoin1.xml
----------------- Instantiating /home/travis/build/icyphy/ptII/ptolemy/domains/sdf/lib/test/auto/MatrixJoin1.xml
2 ms. Memory: 208384K Free: 77957K (37%)
----------------- Invoking toplevel() on ptolemy.moml.MoMLSimpleApplication@46854fee
----------------- Done invoking toplevel() on ptolemy.moml.MoMLSimpleApplication@46854fee
reloadAllAccessors: .MatrixJoin1
----------------- testing Wed May 30 22:49:19 UTC 2018 /home/travis/build/icyphy/ptII/ptolemy/domains/sdf/lib/test/auto/MatrixJoin2.xml
----------------- Instantiating /home/travis/build/icyphy/ptII/ptolemy/domains/sdf/lib/test/auto/MatrixJoin2.xml
2 ms. Memory: 333312K Free: 320554K (96%)
----------------- Invoking toplevel() on ptolemy.moml.MoMLSimpleApplication@6f9fe8bd
----------------- Done invoking toplevel() on ptolemy.moml.MoMLSimpleApplication@6f9fe8bd
reloadAllAccessors: .MatrixJoin2
----------------- testing Wed May 30 22:49:19 UTC 2018 /home/travis/build/icyphy/ptII/ptolemy/domains/sdf/lib/test/auto/MatrixJoin3.xml
----------------- Instantiating /home/travis/build/icyphy/ptII/ptolemy/domains/sdf/lib/test/auto/MatrixJoin3.xml
2 ms. Memory: 333312K Free: 313937K (94%)
----------------- Invoking toplevel() on ptolemy.moml.MoMLSimpleApplication@26d969a3
----------------- Done invoking toplevel() on ptolemy.moml.MoMLSimpleApplication@26d969a3
reloadAllAccessors: .MatrixJoin3
----------------- testing Wed May 30 22:49:19 UTC 2018 /home/travis/build/icyphy/ptII/ptolemy/domains/sdf/lib/test/auto/MatrixJoin4.xml
----------------- Instantiating /home/travis/build/icyphy/ptII/ptolemy/domains/sdf/lib/test/auto/MatrixJoin4.xml
2 ms. Memory: 333312K Free: 309006K (93%)
----------------- Invoking toplevel() on ptolemy.moml.MoMLSimpleApplication@edd03f3
----------------- Done invoking toplevel() on ptolemy.moml.MoMLSimpleApplication@edd03f3
reloadAllAccessors: .MatrixJoin4
----------------- testing Wed May 30 22:49:19 UTC 2018 /home/travis/build/icyphy/ptII/ptolemy/domains/sdf/lib/test/auto/MatrixJoin5.xml
----------------- Instantiating /home/travis/build/icyphy/ptII/ptolemy/domains/sdf/lib/test/auto/MatrixJoin5.xml
3 ms. Memory: 333312K Free: 304075K (91%)
----------------- Invoking toplevel() on ptolemy.moml.MoMLSimpleApplication@75971f17
----------------- Done invoking toplevel() on ptolemy.moml.MoMLSimpleApplication@75971f17
reloadAllAccessors: .MatrixJoin5
----------------- testing Wed May 30 22:49:19 UTC 2018 /home/travis/build/icyphy/ptII/ptolemy/domains/sdf/lib/test/auto/MatrixSplit1.xml
----------------- Instantiating /home/travis/build/icyphy/ptII/ptolemy/domains/sdf/lib/test/auto/MatrixSplit1.xml
4 ms. Memory: 333312K Free: 296531K (89%)
----------------- Invoking toplevel() on ptolemy.moml.MoMLSimpleApplication@764eb55f
----------------- Done invoking toplevel() on ptolemy.moml.MoMLSimpleApplication@764eb55f
reloadAllAccessors: .MatrixSplit1
----------------- testing Wed May 30 22:49:19 UTC 2018 /home/travis/build/icyphy/ptII/ptolemy/domains/sdf/lib/test/auto/MatrixSplit10.xml
----------------- Instantiating /home/travis/build/icyphy/ptII/ptolemy/domains/sdf/lib/test/auto/MatrixSplit10.xml
3 ms. Memory: 333312K Free: 291615K (87%)
----------------- Invoking toplevel() on ptolemy.moml.MoMLSimpleApplication@69d21b50
----------------- Done invoking toplevel() on ptolemy.moml.MoMLSimpleApplication@69d21b50
reloadAllAccessors: .MatrixSplit10
----------------- testing Wed May 30 22:49:19 UTC 2018 /home/travis/build/icyphy/ptII/ptolemy/domains/sdf/lib/test/auto/MatrixSplit11.xml
----------------- Instantiating /home/travis/build/icyphy/ptII/ptolemy/domains/sdf/lib/test/auto/MatrixSplit11.xml
1 ms. Memory: 333312K Free: 286700K (86%)
----------------- Invoking toplevel() on ptolemy.moml.MoMLSimpleApplication@1043c5f2
----------------- Done invoking toplevel() on ptolemy.moml.MoMLSimpleApplication@1043c5f2
reloadAllAccessors: .MatrixSplit11
----------------- testing Wed May 30 22:49:19 UTC 2018 /home/travis/build/icyphy/ptII/ptolemy/domains/sdf/lib/test/auto/MatrixSplit12.xml
----------------- Instantiating /home/travis/build/icyphy/ptII/ptolemy/domains/sdf/lib/test/auto/MatrixSplit12.xml
2 ms. Memory: 333312K Free: 281785K (85%)
----------------- Invoking toplevel() on ptolemy.moml.MoMLSimpleApplication@cac0a30
----------------- Done invoking toplevel() on ptolemy.moml.MoMLSimpleApplication@cac0a30
reloadAllAccessors: .MatrixSplit12
----------------- testing Wed May 30 22:49:19 UTC 2018 /home/travis/build/icyphy/ptII/ptolemy/domains/sdf/lib/test/auto/MatrixSplit13.xml
----------------- Instantiating /home/travis/build/icyphy/ptII/ptolemy/domains/sdf/lib/test/auto/MatrixSplit13.xml
5 ms. Memory: 333312K Free: 275470K (83%)
----------------- Invoking toplevel() on ptolemy.moml.MoMLSimpleApplication@1ef146f8
----------------- Done invoking toplevel() on ptolemy.moml.MoMLSimpleApplication@1ef146f8
reloadAllAccessors: .MatrixSplit13
----------------- testing Wed May 30 22:49:19 UTC 2018 /home/travis/build/icyphy/ptII/ptolemy/domains/sdf/lib/test/auto/MatrixSplit14.xml
----------------- Instantiating /home/travis/build/icyphy/ptII/ptolemy/domains/sdf/lib/test/auto/MatrixSplit14.xml
2 ms. Memory: 333312K Free: 270554K (81%)
----------------- Invoking toplevel() on ptolemy.moml.MoMLSimpleApplication@4186a8a6
----------------- Done invoking toplevel() on ptolemy.moml.MoMLSimpleApplication@4186a8a6
reloadAllAccessors: .MatrixSplit14
----------------- testing Wed May 30 22:49:19 UTC 2018 /home/travis/build/icyphy/ptII/ptolemy/domains/sdf/lib/test/auto/MatrixSplit2.xml
----------------- Instantiating /home/travis/build/icyphy/ptII/ptolemy/domains/sdf/lib/test/auto/MatrixSplit2.xml
2 ms. Memory: 333312K Free: 265639K (80%)
----------------- Invoking toplevel() on ptolemy.moml.MoMLSimpleApplication@2f9931fa
----------------- Done invoking toplevel() on ptolemy.moml.MoMLSimpleApplication@2f9931fa
reloadAllAccessors: .MatrixSplit2
----------------- testing Wed May 30 22:49:19 UTC 2018 /home/travis/build/icyphy/ptII/ptolemy/domains/sdf/lib/test/auto/MatrixSplit3.xml
----------------- Instantiating /home/travis/build/icyphy/ptII/ptolemy/domains/sdf/lib/test/auto/MatrixSplit3.xml
4 ms. Memory: 333312K Free: 259324K (78%)
----------------- Invoking toplevel() on ptolemy.moml.MoMLSimpleApplication@d1fefed
----------------- Done invoking toplevel() on ptolemy.moml.MoMLSimpleApplication@d1fefed
reloadAllAccessors: .MatrixSplit3
----------------- testing Wed May 30 22:49:19 UTC 2018 /home/travis/build/icyphy/ptII/ptolemy/domains/sdf/lib/test/auto/MatrixSplit4.xml
----------------- Instantiating /home/travis/build/icyphy/ptII/ptolemy/domains/sdf/lib/test/auto/MatrixSplit4.xml
4 ms. Memory: 333312K Free: 254409K (76%)
----------------- Invoking toplevel() on ptolemy.moml.MoMLSimpleApplication@404608a0
----------------- Done invoking toplevel() on ptolemy.moml.MoMLSimpleApplication@404608a0
reloadAllAccessors: .MatrixSplit4
----------------- testing Wed May 30 22:49:19 UTC 2018 /home/travis/build/icyphy/ptII/ptolemy/domains/sdf/lib/test/auto/MatrixSplit5.xml
----------------- Instantiating /home/travis/build/icyphy/ptII/ptolemy/domains/sdf/lib/test/auto/MatrixSplit5.xml
3 ms. Memory: 333312K Free: 249493K (75%)
----------------- Invoking toplevel() on ptolemy.moml.MoMLSimpleApplication@211675f4
----------------- Done invoking toplevel() on ptolemy.moml.MoMLSimpleApplication@211675f4
reloadAllAccessors: .MatrixSplit5
----------------- testing Wed May 30 22:49:19 UTC 2018 /home/travis/build/icyphy/ptII/ptolemy/domains/sdf/lib/test/auto/MatrixSplit6.xml
----------------- Instantiating /home/travis/build/icyphy/ptII/ptolemy/domains/sdf/lib/test/auto/MatrixSplit6.xml
2 ms. Memory: 333312K Free: 243178K (73%)
----------------- Invoking toplevel() on ptolemy.moml.MoMLSimpleApplication@36a350f0
----------------- Done invoking toplevel() on ptolemy.moml.MoMLSimpleApplication@36a350f0
reloadAllAccessors: .MatrixSplit6
----------------- testing Wed May 30 22:49:19 UTC 2018 /home/travis/build/icyphy/ptII/ptolemy/domains/sdf/lib/test/auto/MatrixSplit7.xml
----------------- Instantiating /home/travis/build/icyphy/ptII/ptolemy/domains/sdf/lib/test/auto/MatrixSplit7.xml
6 ms. Memory: 333312K Free: 238263K (71%)
----------------- Invoking toplevel() on ptolemy.moml.MoMLSimpleApplication@3d69c71a
----------------- Done invoking toplevel() on ptolemy.moml.MoMLSimpleApplication@3d69c71a
reloadAllAccessors: .MatrixSplit7
----------------- testing Wed May 30 22:49:20 UTC 2018 /home/travis/build/icyphy/ptII/ptolemy/domains/sdf/lib/test/auto/MatrixSplit8.xml
----------------- Instantiating /home/travis/build/icyphy/ptII/ptolemy/domains/sdf/lib/test/auto/MatrixSplit8.xml
2 ms. Memory: 333312K Free: 233348K (70%)
----------------- Invoking toplevel() on ptolemy.moml.MoMLSimpleApplication@45ce320a
----------------- Done invoking toplevel() on ptolemy.moml.MoMLSimpleApplication@45ce320a
reloadAllAccessors: .MatrixSplit8
----------------- testing Wed May 30 22:49:20 UTC 2018 /home/travis/build/icyphy/ptII/ptolemy/domains/sdf/lib/test/auto/MatrixSplit9.xml
----------------- Instantiating /home/travis/build/icyphy/ptII/ptolemy/domains/sdf/lib/test/auto/MatrixSplit9.xml
2 ms. Memory: 333312K Free: 228432K (69%)
----------------- Invoking toplevel() on ptolemy.moml.MoMLSimpleApplication@294a8c7
----------------- Done invoking toplevel() on ptolemy.moml.MoMLSimpleApplication@294a8c7
reloadAllAccessors: .MatrixSplit9
----------------- testing Wed May 30 22:49:20 UTC 2018 /home/travis/build/icyphy/ptII/ptolemy/domains/sdf/lib/test/auto/MatrixToSequence.xml
----------------- Instantiating /home/travis/build/icyphy/ptII/ptolemy/domains/sdf/lib/test/auto/MatrixToSequence.xml
13 ms. Memory: 333312K Free: 215973K (65%)
----------------- Invoking toplevel() on ptolemy.moml.MoMLSimpleApplication@3c01fa07
----------------- Done invoking toplevel() on ptolemy.moml.MoMLSimpleApplication@3c01fa07
reloadAllAccessors: .MatrixToSequence
----------------- testing Wed May 30 22:49:20 UTC 2018 /home/travis/build/icyphy/ptII/ptolemy/domains/sdf/lib/test/auto/MaximumEntropySpectrum.xml
----------------- Instantiating /home/travis/build/icyphy/ptII/ptolemy/domains/sdf/lib/test/auto/MaximumEntropySpectrum.xml
15 ms. Memory: 333312K Free: 192605K (58%)
----------------- Invoking toplevel() on ptolemy.moml.MoMLSimpleApplication@78894ba7
----------------- Done invoking toplevel() on ptolemy.moml.MoMLSimpleApplication@78894ba7
reloadAllAccessors: .MaximumEntropySpectrum
----------------- testing Wed May 30 22:49:20 UTC 2018 /home/travis/build/icyphy/ptII/ptolemy/domains/sdf/lib/test/auto/SampleDelayConversion.xml
----------------- Instantiating /home/travis/build/icyphy/ptII/ptolemy/domains/sdf/lib/test/auto/SampleDelayConversion.xml
1 ms. Memory: 333312K Free: 187690K (56%)
----------------- Invoking toplevel() on ptolemy.moml.MoMLSimpleApplication@41f74eb3
----------------- Done invoking toplevel() on ptolemy.moml.MoMLSimpleApplication@41f74eb3
reloadAllAccessors: .SampleDelayConversion
----------------- testing Wed May 30 22:49:20 UTC 2018 /home/travis/build/icyphy/ptII/ptolemy/domains/sdf/lib/test/auto/SequenceToArray.xml
----------------- Instantiating /home/travis/build/icyphy/ptII/ptolemy/domains/sdf/lib/test/auto/SequenceToArray.xml
7 ms. Memory: 333312K Free: 172773K (52%)
----------------- Invoking toplevel() on ptolemy.moml.MoMLSimpleApplication@4cd982e9
----------------- Done invoking toplevel() on ptolemy.moml.MoMLSimpleApplication@4cd982e9
reloadAllAccessors: .SequenceToArray
----------------- testing Wed May 30 22:49:20 UTC 2018 /home/travis/build/icyphy/ptII/ptolemy/domains/sdf/lib/test/auto/SequenceToMatrix.xml
----------------- Instantiating /home/travis/build/icyphy/ptII/ptolemy/domains/sdf/lib/test/auto/SequenceToMatrix.xml
4626 ms. Memory: 579072K Free: 480092K (83%)
----------------- Invoking toplevel() on ptolemy.moml.MoMLSimpleApplication@7ba8c312
----------------- Done invoking toplevel() on ptolemy.moml.MoMLSimpleApplication@7ba8c312
reloadAllAccessors: .SequenceToMatrix
----------------- testing Wed May 30 22:49:24 UTC 2018 /home/travis/build/icyphy/ptII/ptolemy/domains/sdf/lib/test/auto/SmoothedPeriodogram.xml
----------------- Instantiating /home/travis/build/icyphy/ptII/ptolemy/domains/sdf/lib/test/auto/SmoothedPeriodogram.xml
10 ms. Memory: 579072K Free: 457133K (79%)
----------------- Invoking toplevel() on ptolemy.moml.MoMLSimpleApplication@743896f4
----------------- Done invoking toplevel() on ptolemy.moml.MoMLSimpleApplication@743896f4
reloadAllAccessors: .SmoothedPeriodogram
----------------- testing Wed May 30 22:49:24 UTC 2018 /home/travis/build/icyphy/ptII/ptolemy/domains/sdf/lib/test/auto/UpDownSample1.xml
----------------- Instantiating /home/travis/build/icyphy/ptII/ptolemy/domains/sdf/lib/test/auto/UpDownSample1.xml
6 ms. Memory: 579072K Free: 450345K (78%)
----------------- Invoking toplevel() on ptolemy.moml.MoMLSimpleApplication@272f7b38
----------------- Done invoking toplevel() on ptolemy.moml.MoMLSimpleApplication@272f7b38
reloadAllAccessors: .UpDownSample1
----------------- testing Wed May 30 22:49:25 UTC 2018 /home/travis/build/icyphy/ptII/ptolemy/domains/sdf/lib/test/auto/UpSample1.xml
----------------- Instantiating /home/travis/build/icyphy/ptII/ptolemy/domains/sdf/lib/test/auto/UpSample1.xml
6 ms. Memory: 579072K Free: 443798K (77%)
----------------- Invoking toplevel() on ptolemy.moml.MoMLSimpleApplication@a486784
----------------- Done invoking toplevel() on ptolemy.moml.MoMLSimpleApplication@a486784
reloadAllAccessors: .UpSample1
----------------- testing Wed May 30 22:49:25 UTC 2018 /home/travis/build/icyphy/ptII/ptolemy/domains/sdf/lib/test/auto/VariableFIR.xml
----------------- Instantiating /home/travis/build/icyphy/ptII/ptolemy/domains/sdf/lib/test/auto/VariableFIR.xml
7 ms. Memory: 579072K Free: 433978K (75%)
----------------- Invoking toplevel() on ptolemy.moml.MoMLSimpleApplication@323e76a9
----------------- Done invoking toplevel() on ptolemy.moml.MoMLSimpleApplication@323e76a9
reloadAllAccessors: .VariableFIR
----------------- testing Wed May 30 22:49:25 UTC 2018 /home/travis/build/icyphy/ptII/ptolemy/domains/sdf/lib/test/auto/VariableFIR2.xml
----------------- Instantiating /home/travis/build/icyphy/ptII/ptolemy/domains/sdf/lib/test/auto/VariableFIR2.xml
3 ms. Memory: 579072K Free: 422214K (73%)
----------------- Invoking toplevel() on ptolemy.moml.MoMLSimpleApplication@50bea342
----------------- Done invoking toplevel() on ptolemy.moml.MoMLSimpleApplication@50bea342
reloadAllAccessors: .VariableFIR2
----------------- testing Wed May 30 22:49:25 UTC 2018 /home/travis/build/icyphy/ptII/ptolemy/domains/sdf/lib/test/auto/VariableLattice.xml
----------------- Instantiating /home/travis/build/icyphy/ptII/ptolemy/domains/sdf/lib/test/auto/VariableLattice.xml
3 ms. Memory: 579072K Free: 412393K (71%)
----------------- Invoking toplevel() on ptolemy.moml.MoMLSimpleApplication@14ce213d
----------------- Done invoking toplevel() on ptolemy.moml.MoMLSimpleApplication@14ce213d
reloadAllAccessors: .VariableLattice
----------------- testing Wed May 30 22:49:25 UTC 2018 /home/travis/build/icyphy/ptII/ptolemy/domains/sdf/lib/test/auto/VariableLattice2.xml
----------------- Instantiating /home/travis/build/icyphy/ptII/ptolemy/domains/sdf/lib/test/auto/VariableLattice2.xml
1.0
-1.999999602036
1.9099998677481
-0.9099996420674
0.205
0.0
0.0
1.0
-0.25
-0.5
0.0
0.0
0.0
0.0
3 ms. Memory: 579072K Free: 402573K (70%)
----------------- Invoking toplevel() on ptolemy.moml.MoMLSimpleApplication@55a1985b
----------------- Done invoking toplevel() on ptolemy.moml.MoMLSimpleApplication@55a1985b
reloadAllAccessors: .VariableLattice2
----------------- testing Wed May 30 22:49:25 UTC 2018 /home/travis/build/icyphy/ptII/ptolemy/domains/sdf/lib/test/auto/VariableRecursiveLattice.xml
----------------- Instantiating /home/travis/build/icyphy/ptII/ptolemy/domains/sdf/lib/test/auto/VariableRecursiveLattice.xml
2 ms. Memory: 579072K Free: 392753K (68%)
----------------- Invoking toplevel() on ptolemy.moml.MoMLSimpleApplication@2d671573
----------------- Done invoking toplevel() on ptolemy.moml.MoMLSimpleApplication@2d671573
reloadAllAccessors: .VariableRecursiveLattice
----------------- testing Wed May 30 22:49:25 UTC 2018 /home/travis/build/icyphy/ptII/ptolemy/domains/sdf/lib/test/auto/VariableRecursiveLattice2.xml
----------------- Instantiating /home/travis/build/icyphy/ptII/ptolemy/domains/sdf/lib/test/auto/VariableRecursiveLattice2.xml
2 ms. Memory: 579072K Free: 386206K (67%)
----------------- Invoking toplevel() on ptolemy.moml.MoMLSimpleApplication@24072600
----------------- Done invoking toplevel() on ptolemy.moml.MoMLSimpleApplication@24072600
reloadAllAccessors: .VariableRecursiveLattice2
AutoTests.java: About to close Vertx.
AutoTests.java: Vertx closed.
]]></system-out>
  <system-err><![CDATA[]]></system-err>
</testsuite>
