<?xml version="1.0" encoding="UTF-8" ?>
<testsuite errors="0" failures="0" hostname="travis-job-3d788196-90e3-4e02-9a57-b9022c39a9f9" name="ptolemy.actor.lib.hoc.test.junit.JUnitTclTest" skipped="0" tests="58" time="34.885" timestamp="2018-05-23T16:37:45">
  <properties>
[...]
</properties>
  <testcase classname="ptolemy.util.test.junit.TclTests" name="[0] /home/travis/build/icyphy/ptII/ptolemy/actor/lib/hoc/test/IterateOverArray.tcl (RunTclFile)" time="0.306" />
  <testcase classname="ptolemy.util.test.junit.AutoKnownFailedTests" name="[0] /home/travis/build/icyphy/ptII/ptolemy/actor/lib/hoc/test/auto/knownFailedTests/PreinitializeMustBeInvokedRunComposite.xml (RunModel)" time="0.241" />
  <testcase classname="ptolemy.util.test.junit.AutoNameArchTests" name="[0] ThereAreNoAutoTests (RunModel)" time="0.001" />
  <testcase classname="ptolemy.util.test.junit.AutoTests" name="[0] /home/travis/build/icyphy/ptII/ptolemy/actor/lib/hoc/test/auto/AllToAllMultiInstanceComposite.xml (RunModel)" time="0.315" />
  <testcase classname="ptolemy.util.test.junit.AutoTests" name="[1] /home/travis/build/icyphy/ptII/ptolemy/actor/lib/hoc/test/auto/ApplyFFTTest.xml (RunModel)" time="0.323" />
  <testcase classname="ptolemy.util.test.junit.AutoTests" name="[2] /home/travis/build/icyphy/ptII/ptolemy/actor/lib/hoc/test/auto/ApplyFunction.xml (RunModel)" time="0.037" />
  <testcase classname="ptolemy.util.test.junit.AutoTests" name="[3] /home/travis/build/icyphy/ptII/ptolemy/actor/lib/hoc/test/auto/BackgroundExecution.xml (RunModel)" time="0.753" />
  <testcase classname="ptolemy.util.test.junit.AutoTests" name="[4] /home/travis/build/icyphy/ptII/ptolemy/actor/lib/hoc/test/auto/Case.xml (RunModel)" time="0.077" />
  <testcase classname="ptolemy.util.test.junit.AutoTests" name="[5] /home/travis/build/icyphy/ptII/ptolemy/actor/lib/hoc/test/auto/Case1.xml (RunModel)" time="0.046" />
  <testcase classname="ptolemy.util.test.junit.AutoTests" name="[6] /home/travis/build/icyphy/ptII/ptolemy/actor/lib/hoc/test/auto/Case2.xml (RunModel)" time="0.093" />
  <testcase classname="ptolemy.util.test.junit.AutoTests" name="[7] /home/travis/build/icyphy/ptII/ptolemy/actor/lib/hoc/test/auto/Case3.xml (RunModel)" time="0.041" />
  <testcase classname="ptolemy.util.test.junit.AutoTests" name="[8] /home/travis/build/icyphy/ptII/ptolemy/actor/lib/hoc/test/auto/Case4.xml (RunModel)" time="0.045" />
  <testcase classname="ptolemy.util.test.junit.AutoTests" name="[9] /home/travis/build/icyphy/ptII/ptolemy/actor/lib/hoc/test/auto/Case5.xml (RunModel)" time="0.154" />
  <testcase classname="ptolemy.util.test.junit.AutoTests" name="[10] /home/travis/build/icyphy/ptII/ptolemy/actor/lib/hoc/test/auto/Case6.xml (RunModel)" time="0.19" />
  <testcase classname="ptolemy.util.test.junit.AutoTests" name="[11] /home/travis/build/icyphy/ptII/ptolemy/actor/lib/hoc/test/auto/CaseString2.xml (RunModel)" time="0.082" />
  <testcase classname="ptolemy.util.test.junit.AutoTests" name="[12] /home/travis/build/icyphy/ptII/ptolemy/actor/lib/hoc/test/auto/CatchUpComposite1.xml (RunModel)" time="0.122" />
  <testcase classname="ptolemy.util.test.junit.AutoTests" name="[13] /home/travis/build/icyphy/ptII/ptolemy/actor/lib/hoc/test/auto/CatchUpComposite2.xml (RunModel)" time="0.093" />
  <testcase classname="ptolemy.util.test.junit.AutoTests" name="[14] /home/travis/build/icyphy/ptII/ptolemy/actor/lib/hoc/test/auto/CatchUpComposite3.xml (RunModel)" time="0.07" />
  <testcase classname="ptolemy.util.test.junit.AutoTests" name="[15] /home/travis/build/icyphy/ptII/ptolemy/actor/lib/hoc/test/auto/CatchUpComposite4.xml (RunModel)" time="0.079" />
  <testcase classname="ptolemy.util.test.junit.AutoTests" name="[16] /home/travis/build/icyphy/ptII/ptolemy/actor/lib/hoc/test/auto/CatchUpComposite5.xml (RunModel)" time="0.053" />
  <testcase classname="ptolemy.util.test.junit.AutoTests" name="[17] /home/travis/build/icyphy/ptII/ptolemy/actor/lib/hoc/test/auto/CatchUpComposite6.xml (RunModel)" time="0.27" />
  <testcase classname="ptolemy.util.test.junit.AutoTests" name="[18] /home/travis/build/icyphy/ptII/ptolemy/actor/lib/hoc/test/auto/CatchUpComposite7.xml (RunModel)" time="0.147" />
  <testcase classname="ptolemy.util.test.junit.AutoTests" name="[19] /home/travis/build/icyphy/ptII/ptolemy/actor/lib/hoc/test/auto/ConcurrentExecutionTimeSDF.xml (RunModel)" time="0.04" />
  <testcase classname="ptolemy.util.test.junit.AutoTests" name="[20] /home/travis/build/icyphy/ptII/ptolemy/actor/lib/hoc/test/auto/ConcurrentSleep.xml (RunModel)" time="0.765" />
  <testcase classname="ptolemy.util.test.junit.AutoTests" name="[21] /home/travis/build/icyphy/ptII/ptolemy/actor/lib/hoc/test/auto/DEInPNInRunCompositeActor.xml (RunModel)" time="0.032" />
  <testcase classname="ptolemy.util.test.junit.AutoTests" name="[22] /home/travis/build/icyphy/ptII/ptolemy/actor/lib/hoc/test/auto/DFTSubSetTest.xml (RunModel)" time="0.335" />
  <testcase classname="ptolemy.util.test.junit.AutoTests" name="[23] /home/travis/build/icyphy/ptII/ptolemy/actor/lib/hoc/test/auto/HocDE.xml (RunModel)" time="0.309" />
  <testcase classname="ptolemy.util.test.junit.AutoTests" name="[24] /home/travis/build/icyphy/ptII/ptolemy/actor/lib/hoc/test/auto/IterateOverArray.xml (RunModel)" time="0.03" />
  <testcase classname="ptolemy.util.test.junit.AutoTests" name="[25] /home/travis/build/icyphy/ptII/ptolemy/actor/lib/hoc/test/auto/IterateOverArray10.xml (RunModel)" time="0.025" />
  <testcase classname="ptolemy.util.test.junit.AutoTests" name="[26] /home/travis/build/icyphy/ptII/ptolemy/actor/lib/hoc/test/auto/IterateOverArray11.xml (RunModel)" time="0.034" />
  <testcase classname="ptolemy.util.test.junit.AutoTests" name="[27] /home/travis/build/icyphy/ptII/ptolemy/actor/lib/hoc/test/auto/IterateOverArray12.xml (RunModel)" time="0.056" />
  <testcase classname="ptolemy.util.test.junit.AutoTests" name="[28] /home/travis/build/icyphy/ptII/ptolemy/actor/lib/hoc/test/auto/IterateOverArray13.xml (RunModel)" time="0.207" />
  <testcase classname="ptolemy.util.test.junit.AutoTests" name="[29] /home/travis/build/icyphy/ptII/ptolemy/actor/lib/hoc/test/auto/IterateOverArray14.xml (RunModel)" time="0.214" />
  <testcase classname="ptolemy.util.test.junit.AutoTests" name="[30] /home/travis/build/icyphy/ptII/ptolemy/actor/lib/hoc/test/auto/IterateOverArray2.xml (RunModel)" time="0.037" />
  <testcase classname="ptolemy.util.test.junit.AutoTests" name="[31] /home/travis/build/icyphy/ptII/ptolemy/actor/lib/hoc/test/auto/IterateOverArray3.xml (RunModel)" time="0.057" />
  <testcase classname="ptolemy.util.test.junit.AutoTests" name="[32] /home/travis/build/icyphy/ptII/ptolemy/actor/lib/hoc/test/auto/IterateOverArray4.xml (RunModel)" time="0.026" />
  <testcase classname="ptolemy.util.test.junit.AutoTests" name="[33] /home/travis/build/icyphy/ptII/ptolemy/actor/lib/hoc/test/auto/IterateOverArray5.xml (RunModel)" time="0.028" />
  <testcase classname="ptolemy.util.test.junit.AutoTests" name="[34] /home/travis/build/icyphy/ptII/ptolemy/actor/lib/hoc/test/auto/IterateOverArray6.xml (RunModel)" time="0.017" />
  <testcase classname="ptolemy.util.test.junit.AutoTests" name="[35] /home/travis/build/icyphy/ptII/ptolemy/actor/lib/hoc/test/auto/IterateOverArray7.xml (RunModel)" time="0.025" />
  <testcase classname="ptolemy.util.test.junit.AutoTests" name="[36] /home/travis/build/icyphy/ptII/ptolemy/actor/lib/hoc/test/auto/IterateOverArray8.xml (RunModel)" time="0.026" />
  <testcase classname="ptolemy.util.test.junit.AutoTests" name="[37] /home/travis/build/icyphy/ptII/ptolemy/actor/lib/hoc/test/auto/IterateOverArray9.xml (RunModel)" time="0.024" />
  <testcase classname="ptolemy.util.test.junit.AutoTests" name="[38] /home/travis/build/icyphy/ptII/ptolemy/actor/lib/hoc/test/auto/IterateOverArrayCoercedOutputType.xml (RunModel)" time="0.033" />
  <testcase classname="ptolemy.util.test.junit.AutoTests" name="[39] /home/travis/build/icyphy/ptII/ptolemy/actor/lib/hoc/test/auto/IterateOverArrayInferredOutputType.xml (RunModel)" time="0.027" />
  <testcase classname="ptolemy.util.test.junit.AutoTests" name="[40] /home/travis/build/icyphy/ptII/ptolemy/actor/lib/hoc/test/auto/MobileFunctionTest.xml (RunModel)" time="0.028" />
  <testcase classname="ptolemy.util.test.junit.AutoTests" name="[41] /home/travis/build/icyphy/ptII/ptolemy/actor/lib/hoc/test/auto/MobileModelTest.xml (RunModel)" time="0.146" />
  <testcase classname="ptolemy.util.test.junit.AutoTests" name="[42] /home/travis/build/icyphy/ptII/ptolemy/actor/lib/hoc/test/auto/ModelReference.xml (RunModel)" time="0.068" />
  <testcase classname="ptolemy.util.test.junit.AutoTests" name="[43] /home/travis/build/icyphy/ptII/ptolemy/actor/lib/hoc/test/auto/ModelReference3.xml (RunModel)" time="0.062" />
  <testcase classname="ptolemy.util.test.junit.AutoTests" name="[44] /home/travis/build/icyphy/ptII/ptolemy/actor/lib/hoc/test/auto/ModelReference4.xml (RunModel)" time="10.037" />
  <testcase classname="ptolemy.util.test.junit.AutoTests" name="[45] /home/travis/build/icyphy/ptII/ptolemy/actor/lib/hoc/test/auto/MultiInstanceComposite.xml (RunModel)" time="0.081" />
  <testcase classname="ptolemy.util.test.junit.AutoTests" name="[46] /home/travis/build/icyphy/ptII/ptolemy/actor/lib/hoc/test/auto/MultiInstanceComposite2.xml (RunModel)" time="0.055" />
  <testcase classname="ptolemy.util.test.junit.AutoTests" name="[47] /home/travis/build/icyphy/ptII/ptolemy/actor/lib/hoc/test/auto/MulticoreExecution.xml (RunModel)" time="10.095" />
  <testcase classname="ptolemy.util.test.junit.AutoTests" name="[48] /home/travis/build/icyphy/ptII/ptolemy/actor/lib/hoc/test/auto/ParallelExecution.xml (RunModel)" time="0.948" />
  <testcase classname="ptolemy.util.test.junit.AutoTests" name="[49] /home/travis/build/icyphy/ptII/ptolemy/actor/lib/hoc/test/auto/RunCompositeActor.xml (RunModel)" time="0.032" />
  <testcase classname="ptolemy.util.test.junit.AutoTests" name="[50] /home/travis/build/icyphy/ptII/ptolemy/actor/lib/hoc/test/auto/RunCompositeActor2.xml (RunModel)" time="0.037" />
  <testcase classname="ptolemy.util.test.junit.AutoTests" name="[51] /home/travis/build/icyphy/ptII/ptolemy/actor/lib/hoc/test/auto/RunCompositeActor3.xml (RunModel)" time="0.032" />
  <testcase classname="ptolemy.util.test.junit.AutoTests" name="[52] /home/travis/build/icyphy/ptII/ptolemy/actor/lib/hoc/test/auto/RunCompositeActor4.xml (RunModel)" time="0.04" />
  <testcase classname="ptolemy.util.test.junit.AutoTests" name="[53] /home/travis/build/icyphy/ptII/ptolemy/actor/lib/hoc/test/auto/RunCompositeIterateOverArray.xml (RunModel)" time="0.04" />
  <testcase classname="ptolemy.util.test.junit.AutoTests" name="[54] /home/travis/build/icyphy/ptII/ptolemy/actor/lib/hoc/test/auto/ThreadedJS.xml (RunModel)" time="6.657" />
  <system-out><![CDATA[/home/travis/build/icyphy/ptII/ptolemy/actor/lib/hoc/test/IterateOverArray.tcl
testDefs.tcl: setting time out to 9000 seconds at Wed May 23 16:37:45 UTC 2018
05/23/18 04:37:46
Failed: 0  Total Tests: 2  ((Passed: 2, Newly Passed: 0)  Known Failed: 0) /home/travis/build/icyphy/ptII/ptolemy/actor/lib/hoc/test
----------------- testing (KnownFailure) /home/travis/build/icyphy/ptII/ptolemy/actor/lib/hoc/test/auto/knownFailedTests/PreinitializeMustBeInvokedRunComposite.xml
40 ms. Memory: 116224K Free: 104522K (90%)
Known Failure: java.lang.reflect.InvocationTargetException
No auto/*.xml tests in /home/travis/build/icyphy/ptII/ptolemy/actor/lib/hoc/test
AutoTests.java: About to close Vertx.
AutoTests.java: Vertx closed.
----------------- testing Wed May 23 16:37:46 UTC 2018 /home/travis/build/icyphy/ptII/ptolemy/actor/lib/hoc/test/auto/AllToAllMultiInstanceComposite.xml
----------------- Instantiating /home/travis/build/icyphy/ptII/ptolemy/actor/lib/hoc/test/auto/AllToAllMultiInstanceComposite.xml
141 ms. Memory: 116224K Free: 87362K (75%)
----------------- Invoking toplevel() on ptolemy.moml.MoMLSimpleApplication@382420b5
----------------- Done invoking toplevel() on ptolemy.moml.MoMLSimpleApplication@382420b5
reloadAllAccessors: .AllToAllMultiInstanceComposite
----------------- testing Wed May 23 16:37:47 UTC 2018 /home/travis/build/icyphy/ptII/ptolemy/actor/lib/hoc/test/auto/ApplyFFTTest.xml
----------------- Instantiating /home/travis/build/icyphy/ptII/ptolemy/actor/lib/hoc/test/auto/ApplyFFTTest.xml
121 ms. Memory: 116224K Free: 97839K (84%)
----------------- Invoking toplevel() on ptolemy.moml.MoMLSimpleApplication@3432b6df
----------------- Done invoking toplevel() on ptolemy.moml.MoMLSimpleApplication@3432b6df
reloadAllAccessors: .ApplyFFTTest
----------------- testing Wed May 23 16:37:47 UTC 2018 /home/travis/build/icyphy/ptII/ptolemy/actor/lib/hoc/test/auto/ApplyFunction.xml
----------------- Instantiating /home/travis/build/icyphy/ptII/ptolemy/actor/lib/hoc/test/auto/ApplyFunction.xml
6 ms. Memory: 116224K Free: 94223K (81%)
----------------- Invoking toplevel() on ptolemy.moml.MoMLSimpleApplication@1c6dc820
----------------- Done invoking toplevel() on ptolemy.moml.MoMLSimpleApplication@1c6dc820
reloadAllAccessors: .ApplyFunction
----------------- testing Wed May 23 16:37:47 UTC 2018 /home/travis/build/icyphy/ptII/ptolemy/actor/lib/hoc/test/auto/BackgroundExecution.xml
----------------- Instantiating /home/travis/build/icyphy/ptII/ptolemy/actor/lib/hoc/test/auto/BackgroundExecution.xml
637 ms. Memory: 116224K Free: 85393K (73%)
----------------- Invoking toplevel() on ptolemy.moml.MoMLSimpleApplication@15e34f42
----------------- Done invoking toplevel() on ptolemy.moml.MoMLSimpleApplication@15e34f42
reloadAllAccessors: .BackgroundExecution
----------------- testing Wed May 23 16:37:48 UTC 2018 /home/travis/build/icyphy/ptII/ptolemy/actor/lib/hoc/test/auto/Case.xml
----------------- Instantiating /home/travis/build/icyphy/ptII/ptolemy/actor/lib/hoc/test/auto/Case.xml
23 ms. Memory: 146944K Free: 138871K (95%)
----------------- Invoking toplevel() on ptolemy.moml.MoMLSimpleApplication@6a2c5065
----------------- Done invoking toplevel() on ptolemy.moml.MoMLSimpleApplication@6a2c5065
reloadAllAccessors: .Case
----------------- testing Wed May 23 16:37:48 UTC 2018 /home/travis/build/icyphy/ptII/ptolemy/actor/lib/hoc/test/auto/Case1.xml
----------------- Instantiating /home/travis/build/icyphy/ptII/ptolemy/actor/lib/hoc/test/auto/Case1.xml
12 ms. Memory: 146944K Free: 131295K (89%)
----------------- Invoking toplevel() on ptolemy.moml.MoMLSimpleApplication@957d655
----------------- Done invoking toplevel() on ptolemy.moml.MoMLSimpleApplication@957d655
reloadAllAccessors: .Case1
----------------- testing Wed May 23 16:37:48 UTC 2018 /home/travis/build/icyphy/ptII/ptolemy/actor/lib/hoc/test/auto/Case2.xml
----------------- Instantiating /home/travis/build/icyphy/ptII/ptolemy/actor/lib/hoc/test/auto/Case2.xml
43 ms. Memory: 146944K Free: 119323K (81%)
----------------- Invoking toplevel() on ptolemy.moml.MoMLSimpleApplication@1ac1ca05
----------------- Done invoking toplevel() on ptolemy.moml.MoMLSimpleApplication@1ac1ca05
reloadAllAccessors: .Case2
----------------- testing Wed May 23 16:37:48 UTC 2018 /home/travis/build/icyphy/ptII/ptolemy/actor/lib/hoc/test/auto/Case3.xml
----------------- Instantiating /home/travis/build/icyphy/ptII/ptolemy/actor/lib/hoc/test/auto/Case3.xml
11 ms. Memory: 146944K Free: 112898K (77%)
----------------- Invoking toplevel() on ptolemy.moml.MoMLSimpleApplication@4f38ec64
----------------- Done invoking toplevel() on ptolemy.moml.MoMLSimpleApplication@4f38ec64
reloadAllAccessors: .Case3
----------------- testing Wed May 23 16:37:48 UTC 2018 /home/travis/build/icyphy/ptII/ptolemy/actor/lib/hoc/test/auto/Case4.xml
----------------- Instantiating /home/travis/build/icyphy/ptII/ptolemy/actor/lib/hoc/test/auto/Case4.xml
12 ms. Memory: 146944K Free: 104255K (71%)
----------------- Invoking toplevel() on ptolemy.moml.MoMLSimpleApplication@5d2c851c
----------------- Done invoking toplevel() on ptolemy.moml.MoMLSimpleApplication@5d2c851c
reloadAllAccessors: .Case4
----------------- testing Wed May 23 16:37:48 UTC 2018 /home/travis/build/icyphy/ptII/ptolemy/actor/lib/hoc/test/auto/Case5.xml
----------------- Instantiating /home/travis/build/icyphy/ptII/ptolemy/actor/lib/hoc/test/auto/Case5.xml
100 ms. Memory: 146944K Free: 97090K (66%)
----------------- Invoking toplevel() on ptolemy.moml.MoMLSimpleApplication@51f26f01
----------------- Done invoking toplevel() on ptolemy.moml.MoMLSimpleApplication@51f26f01
reloadAllAccessors: .junk
----------------- testing Wed May 23 16:37:48 UTC 2018 /home/travis/build/icyphy/ptII/ptolemy/actor/lib/hoc/test/auto/Case6.xml
----------------- Instantiating /home/travis/build/icyphy/ptII/ptolemy/actor/lib/hoc/test/auto/Case6.xml
85 ms. Memory: 146944K Free: 83718K (57%)
----------------- Invoking toplevel() on ptolemy.moml.MoMLSimpleApplication@1aeee6d9
----------------- Done invoking toplevel() on ptolemy.moml.MoMLSimpleApplication@1aeee6d9
reloadAllAccessors: .Case6
----------------- testing Wed May 23 16:37:48 UTC 2018 /home/travis/build/icyphy/ptII/ptolemy/actor/lib/hoc/test/auto/CaseString2.xml
----------------- Instantiating /home/travis/build/icyphy/ptII/ptolemy/actor/lib/hoc/test/auto/CaseString2.xml
22 ms. Memory: 146944K Free: 136064K (93%)
----------------- Invoking toplevel() on ptolemy.moml.MoMLSimpleApplication@3284ff47
----------------- Done invoking toplevel() on ptolemy.moml.MoMLSimpleApplication@3284ff47
reloadAllAccessors: .CaseString2
----------------- testing Wed May 23 16:37:49 UTC 2018 /home/travis/build/icyphy/ptII/ptolemy/actor/lib/hoc/test/auto/CatchUpComposite1.xml
----------------- Instantiating /home/travis/build/icyphy/ptII/ptolemy/actor/lib/hoc/test/auto/CatchUpComposite1.xml
38 ms. Memory: 146944K Free: 126223K (86%)
----------------- Invoking toplevel() on ptolemy.moml.MoMLSimpleApplication@7a4cecf6
----------------- Done invoking toplevel() on ptolemy.moml.MoMLSimpleApplication@7a4cecf6
reloadAllAccessors: .CatchUpComposite1
----------------- testing Wed May 23 16:37:49 UTC 2018 /home/travis/build/icyphy/ptII/ptolemy/actor/lib/hoc/test/auto/CatchUpComposite2.xml
----------------- Instantiating /home/travis/build/icyphy/ptII/ptolemy/actor/lib/hoc/test/auto/CatchUpComposite2.xml
26 ms. Memory: 146944K Free: 116471K (79%)
----------------- Invoking toplevel() on ptolemy.moml.MoMLSimpleApplication@2051ba8a
----------------- Done invoking toplevel() on ptolemy.moml.MoMLSimpleApplication@2051ba8a
reloadAllAccessors: .CatchUpComposite2
----------------- testing Wed May 23 16:37:49 UTC 2018 /home/travis/build/icyphy/ptII/ptolemy/actor/lib/hoc/test/auto/CatchUpComposite3.xml
----------------- Instantiating /home/travis/build/icyphy/ptII/ptolemy/actor/lib/hoc/test/auto/CatchUpComposite3.xml
13 ms. Memory: 146944K Free: 106970K (73%)
----------------- Invoking toplevel() on ptolemy.moml.MoMLSimpleApplication@2c071b09
----------------- Done invoking toplevel() on ptolemy.moml.MoMLSimpleApplication@2c071b09
reloadAllAccessors: .CatchUpComposite3
----------------- testing Wed May 23 16:37:49 UTC 2018 /home/travis/build/icyphy/ptII/ptolemy/actor/lib/hoc/test/auto/CatchUpComposite4.xml
----------------- Instantiating /home/travis/build/icyphy/ptII/ptolemy/actor/lib/hoc/test/auto/CatchUpComposite4.xml
22 ms. Memory: 146944K Free: 97792K (67%)
----------------- Invoking toplevel() on ptolemy.moml.MoMLSimpleApplication@175bb7a9
----------------- Done invoking toplevel() on ptolemy.moml.MoMLSimpleApplication@175bb7a9
reloadAllAccessors: .CatchUpComposite4
----------------- testing Wed May 23 16:37:49 UTC 2018 /home/travis/build/icyphy/ptII/ptolemy/actor/lib/hoc/test/auto/CatchUpComposite5.xml
----------------- Instantiating /home/travis/build/icyphy/ptII/ptolemy/actor/lib/hoc/test/auto/CatchUpComposite5.xml
15 ms. Memory: 146944K Free: 89113K (61%)
----------------- Invoking toplevel() on ptolemy.moml.MoMLSimpleApplication@60851e03
----------------- Done invoking toplevel() on ptolemy.moml.MoMLSimpleApplication@60851e03
reloadAllAccessors: .CatchUpComposite5
----------------- testing Wed May 23 16:37:49 UTC 2018 /home/travis/build/icyphy/ptII/ptolemy/actor/lib/hoc/test/auto/CatchUpComposite6.xml
----------------- Instantiating /home/travis/build/icyphy/ptII/ptolemy/actor/lib/hoc/test/auto/CatchUpComposite6.xml
WARNING: The execution aspects in this model can influence the timing of actors by delaying the 
execution, potentially changing the behavior. There is no guarantee that actors fire at the 
time they request to be fired. 
Use Ptides for deterministic DE behavior that is not influenced by execution aspects. 

142 ms. Memory: 209408K Free: 194392K (93%)
----------------- Invoking toplevel() on ptolemy.moml.MoMLSimpleApplication@324b7033
----------------- Done invoking toplevel() on ptolemy.moml.MoMLSimpleApplication@324b7033
reloadAllAccessors: .CatchUpComposite6
----------------- testing Wed May 23 16:37:49 UTC 2018 /home/travis/build/icyphy/ptII/ptolemy/actor/lib/hoc/test/auto/CatchUpComposite7.xml
----------------- Instantiating /home/travis/build/icyphy/ptII/ptolemy/actor/lib/hoc/test/auto/CatchUpComposite7.xml
WARNING: The execution aspects in this model can influence the timing of actors by delaying the 
execution, potentially changing the behavior. There is no guarantee that actors fire at the 
time they request to be fired. 
Use Ptides for deterministic DE behavior that is not influenced by execution aspects. 

64 ms. Memory: 209408K Free: 177515K (85%)
----------------- Invoking toplevel() on ptolemy.moml.MoMLSimpleApplication@66ebbf8f
----------------- Done invoking toplevel() on ptolemy.moml.MoMLSimpleApplication@66ebbf8f
reloadAllAccessors: .CatchUpComposite7
----------------- testing Wed May 23 16:37:49 UTC 2018 /home/travis/build/icyphy/ptII/ptolemy/actor/lib/hoc/test/auto/ConcurrentExecutionTimeSDF.xml
----------------- Instantiating /home/travis/build/icyphy/ptII/ptolemy/actor/lib/hoc/test/auto/ConcurrentExecutionTimeSDF.xml
16 ms. Memory: 209408K Free: 168075K (80%)
----------------- Invoking toplevel() on ptolemy.moml.MoMLSimpleApplication@6a6be9c7
----------------- Done invoking toplevel() on ptolemy.moml.MoMLSimpleApplication@6a6be9c7
reloadAllAccessors: .ConcurrentExecutionTimeSDF
----------------- testing Wed May 23 16:37:49 UTC 2018 /home/travis/build/icyphy/ptII/ptolemy/actor/lib/hoc/test/auto/ConcurrentSleep.xml
----------------- Instantiating /home/travis/build/icyphy/ptII/ptolemy/actor/lib/hoc/test/auto/ConcurrentSleep.xml
724 ms. Memory: 209408K Free: 152885K (73%)
----------------- Invoking toplevel() on ptolemy.moml.MoMLSimpleApplication@2909712d
----------------- Done invoking toplevel() on ptolemy.moml.MoMLSimpleApplication@2909712d
reloadAllAccessors: .ConcurrentSleep
----------------- testing Wed May 23 16:37:50 UTC 2018 /home/travis/build/icyphy/ptII/ptolemy/actor/lib/hoc/test/auto/DEInPNInRunCompositeActor.xml
----------------- Instantiating /home/travis/build/icyphy/ptII/ptolemy/actor/lib/hoc/test/auto/DEInPNInRunCompositeActor.xml
11 ms. Memory: 209408K Free: 145480K (69%)
----------------- Invoking toplevel() on ptolemy.moml.MoMLSimpleApplication@2de86881
----------------- Done invoking toplevel() on ptolemy.moml.MoMLSimpleApplication@2de86881
reloadAllAccessors: .DEInPNInRunCompositeActor
----------------- testing Wed May 23 16:37:50 UTC 2018 /home/travis/build/icyphy/ptII/ptolemy/actor/lib/hoc/test/auto/DFTSubSetTest.xml
----------------- Instantiating /home/travis/build/icyphy/ptII/ptolemy/actor/lib/hoc/test/auto/DFTSubSetTest.xml
178 ms. Memory: 209408K Free: 97431K (47%)
----------------- Invoking toplevel() on ptolemy.moml.MoMLSimpleApplication@29394b20
----------------- Done invoking toplevel() on ptolemy.moml.MoMLSimpleApplication@29394b20
reloadAllAccessors: .DFTSubSetTest
----------------- testing Wed May 23 16:37:51 UTC 2018 /home/travis/build/icyphy/ptII/ptolemy/actor/lib/hoc/test/auto/HocDE.xml
----------------- Instantiating /home/travis/build/icyphy/ptII/ptolemy/actor/lib/hoc/test/auto/HocDE.xml
252 ms. Memory: 209408K Free: 192355K (92%)
----------------- Invoking toplevel() on ptolemy.moml.MoMLSimpleApplication@7272dbd2
----------------- Done invoking toplevel() on ptolemy.moml.MoMLSimpleApplication@7272dbd2
reloadAllAccessors: .HocDE
----------------- testing Wed May 23 16:37:51 UTC 2018 /home/travis/build/icyphy/ptII/ptolemy/actor/lib/hoc/test/auto/IterateOverArray.xml
----------------- Instantiating /home/travis/build/icyphy/ptII/ptolemy/actor/lib/hoc/test/auto/IterateOverArray.xml
8 ms. Memory: 209408K Free: 186340K (89%)
----------------- Invoking toplevel() on ptolemy.moml.MoMLSimpleApplication@4ec1148e
----------------- Done invoking toplevel() on ptolemy.moml.MoMLSimpleApplication@4ec1148e
reloadAllAccessors: .IterateOverArray
----------------- testing Wed May 23 16:37:51 UTC 2018 /home/travis/build/icyphy/ptII/ptolemy/actor/lib/hoc/test/auto/IterateOverArray10.xml
----------------- Instantiating /home/travis/build/icyphy/ptII/ptolemy/actor/lib/hoc/test/auto/IterateOverArray10.xml
6 ms. Memory: 209408K Free: 182361K (87%)
----------------- Invoking toplevel() on ptolemy.moml.MoMLSimpleApplication@6d20301d
----------------- Done invoking toplevel() on ptolemy.moml.MoMLSimpleApplication@6d20301d
reloadAllAccessors: .IterateOverArray10
----------------- testing Wed May 23 16:37:51 UTC 2018 /home/travis/build/icyphy/ptII/ptolemy/actor/lib/hoc/test/auto/IterateOverArray11.xml
----------------- Instantiating /home/travis/build/icyphy/ptII/ptolemy/actor/lib/hoc/test/auto/IterateOverArray11.xml
6 ms. Memory: 209408K Free: 177153K (85%)
----------------- Invoking toplevel() on ptolemy.moml.MoMLSimpleApplication@13dd9043
----------------- Done invoking toplevel() on ptolemy.moml.MoMLSimpleApplication@13dd9043
reloadAllAccessors: .IterateOverArray11
----------------- testing Wed May 23 16:37:51 UTC 2018 /home/travis/build/icyphy/ptII/ptolemy/actor/lib/hoc/test/auto/IterateOverArray12.xml
----------------- Instantiating /home/travis/build/icyphy/ptII/ptolemy/actor/lib/hoc/test/auto/IterateOverArray12.xml
26 ms. Memory: 209408K Free: 170087K (81%)
----------------- Invoking toplevel() on ptolemy.moml.MoMLSimpleApplication@2fabaf5e
----------------- Done invoking toplevel() on ptolemy.moml.MoMLSimpleApplication@2fabaf5e
reloadAllAccessors: .IterateOverArray12
----------------- testing Wed May 23 16:37:51 UTC 2018 /home/travis/build/icyphy/ptII/ptolemy/actor/lib/hoc/test/auto/IterateOverArray13.xml
----------------- Instantiating /home/travis/build/icyphy/ptII/ptolemy/actor/lib/hoc/test/auto/IterateOverArray13.xml
103 ms. Memory: 209408K Free: 136488K (65%)
----------------- Invoking toplevel() on ptolemy.moml.MoMLSimpleApplication@e20517d
----------------- Done invoking toplevel() on ptolemy.moml.MoMLSimpleApplication@e20517d
reloadAllAccessors: .IterateOverArray13
----------------- testing Wed May 23 16:37:51 UTC 2018 /home/travis/build/icyphy/ptII/ptolemy/actor/lib/hoc/test/auto/IterateOverArray14.xml
----------------- Instantiating /home/travis/build/icyphy/ptII/ptolemy/actor/lib/hoc/test/auto/IterateOverArray14.xml
103 ms. Memory: 209408K Free: 99817K (48%)
----------------- Invoking toplevel() on ptolemy.moml.MoMLSimpleApplication@3f4a1993
----------------- Done invoking toplevel() on ptolemy.moml.MoMLSimpleApplication@3f4a1993
reloadAllAccessors: .IterateOverArray14
----------------- testing Wed May 23 16:37:52 UTC 2018 /home/travis/build/icyphy/ptII/ptolemy/actor/lib/hoc/test/auto/IterateOverArray2.xml
----------------- Instantiating /home/travis/build/icyphy/ptII/ptolemy/actor/lib/hoc/test/auto/IterateOverArray2.xml
12 ms. Memory: 209408K Free: 94610K (45%)
----------------- Invoking toplevel() on ptolemy.moml.MoMLSimpleApplication@45de6479
----------------- Done invoking toplevel() on ptolemy.moml.MoMLSimpleApplication@45de6479
reloadAllAccessors: .IterateOverArray2
----------------- testing Wed May 23 16:37:52 UTC 2018 /home/travis/build/icyphy/ptII/ptolemy/actor/lib/hoc/test/auto/IterateOverArray3.xml
----------------- Instantiating /home/travis/build/icyphy/ptII/ptolemy/actor/lib/hoc/test/auto/IterateOverArray3.xml
24 ms. Memory: 209408K Free: 87494K (42%)
----------------- Invoking toplevel() on ptolemy.moml.MoMLSimpleApplication@1d7c3f24
----------------- Done invoking toplevel() on ptolemy.moml.MoMLSimpleApplication@1d7c3f24
reloadAllAccessors: .IterateOverArray3
----------------- testing Wed May 23 16:37:52 UTC 2018 /home/travis/build/icyphy/ptII/ptolemy/actor/lib/hoc/test/auto/IterateOverArray4.xml
----------------- Instantiating /home/travis/build/icyphy/ptII/ptolemy/actor/lib/hoc/test/auto/IterateOverArray4.xml
7 ms. Memory: 209408K Free: 82885K (40%)
----------------- Invoking toplevel() on ptolemy.moml.MoMLSimpleApplication@3a001fb7
----------------- Done invoking toplevel() on ptolemy.moml.MoMLSimpleApplication@3a001fb7
reloadAllAccessors: .IterateOverArray4
----------------- testing Wed May 23 16:37:52 UTC 2018 /home/travis/build/icyphy/ptII/ptolemy/actor/lib/hoc/test/auto/IterateOverArray5.xml
----------------- Instantiating /home/travis/build/icyphy/ptII/ptolemy/actor/lib/hoc/test/auto/IterateOverArray5.xml
4 ms. Memory: 332288K Free: 323543K (97%)
----------------- Invoking toplevel() on ptolemy.moml.MoMLSimpleApplication@509e217a
----------------- Done invoking toplevel() on ptolemy.moml.MoMLSimpleApplication@509e217a
reloadAllAccessors: .IterateOverArray5
----------------- testing Wed May 23 16:37:52 UTC 2018 /home/travis/build/icyphy/ptII/ptolemy/actor/lib/hoc/test/auto/IterateOverArray6.xml
----------------- Instantiating /home/travis/build/icyphy/ptII/ptolemy/actor/lib/hoc/test/auto/IterateOverArray6.xml
3 ms. Memory: 332288K Free: 318216K (96%)
----------------- Invoking toplevel() on ptolemy.moml.MoMLSimpleApplication@61a6e3fb
----------------- Done invoking toplevel() on ptolemy.moml.MoMLSimpleApplication@61a6e3fb
reloadAllAccessors: .IterateOverArray6
----------------- testing Wed May 23 16:37:52 UTC 2018 /home/travis/build/icyphy/ptII/ptolemy/actor/lib/hoc/test/auto/IterateOverArray7.xml
----------------- Instantiating /home/travis/build/icyphy/ptII/ptolemy/actor/lib/hoc/test/auto/IterateOverArray7.xml
5 ms. Memory: 332288K Free: 311134K (94%)
----------------- Invoking toplevel() on ptolemy.moml.MoMLSimpleApplication@1ee02c0b
----------------- Done invoking toplevel() on ptolemy.moml.MoMLSimpleApplication@1ee02c0b
reloadAllAccessors: .IterateOverArray7
----------------- testing Wed May 23 16:37:52 UTC 2018 /home/travis/build/icyphy/ptII/ptolemy/actor/lib/hoc/test/auto/IterateOverArray8.xml
----------------- Instantiating /home/travis/build/icyphy/ptII/ptolemy/actor/lib/hoc/test/auto/IterateOverArray8.xml
5 ms. Memory: 332288K Free: 305807K (92%)
----------------- Invoking toplevel() on ptolemy.moml.MoMLSimpleApplication@277a6a6c
----------------- Done invoking toplevel() on ptolemy.moml.MoMLSimpleApplication@277a6a6c
reloadAllAccessors: .IterateOverArray8
----------------- testing Wed May 23 16:37:52 UTC 2018 /home/travis/build/icyphy/ptII/ptolemy/actor/lib/hoc/test/auto/IterateOverArray9.xml
----------------- Instantiating /home/travis/build/icyphy/ptII/ptolemy/actor/lib/hoc/test/auto/IterateOverArray9.xml
6 ms. Memory: 332288K Free: 300481K (90%)
----------------- Invoking toplevel() on ptolemy.moml.MoMLSimpleApplication@3e5b64d3
----------------- Done invoking toplevel() on ptolemy.moml.MoMLSimpleApplication@3e5b64d3
reloadAllAccessors: .IterateOverArray9
----------------- testing Wed May 23 16:37:52 UTC 2018 /home/travis/build/icyphy/ptII/ptolemy/actor/lib/hoc/test/auto/IterateOverArrayCoercedOutputType.xml
----------------- Instantiating /home/travis/build/icyphy/ptII/ptolemy/actor/lib/hoc/test/auto/IterateOverArrayCoercedOutputType.xml
4 ms. Memory: 332288K Free: 293941K (88%)
----------------- Invoking toplevel() on ptolemy.moml.MoMLSimpleApplication@50f777e7
----------------- Done invoking toplevel() on ptolemy.moml.MoMLSimpleApplication@50f777e7
reloadAllAccessors: .IterateOverArrayCoercedOutputType
----------------- testing Wed May 23 16:37:52 UTC 2018 /home/travis/build/icyphy/ptII/ptolemy/actor/lib/hoc/test/auto/IterateOverArrayInferredOutputType.xml
----------------- Instantiating /home/travis/build/icyphy/ptII/ptolemy/actor/lib/hoc/test/auto/IterateOverArrayInferredOutputType.xml
6 ms. Memory: 332288K Free: 286979K (86%)
----------------- Invoking toplevel() on ptolemy.moml.MoMLSimpleApplication@6595d384
----------------- Done invoking toplevel() on ptolemy.moml.MoMLSimpleApplication@6595d384
reloadAllAccessors: .IterateOverArrayInferredOutputType
----------------- testing Wed May 23 16:37:52 UTC 2018 /home/travis/build/icyphy/ptII/ptolemy/actor/lib/hoc/test/auto/MobileFunctionTest.xml
----------------- Instantiating /home/travis/build/icyphy/ptII/ptolemy/actor/lib/hoc/test/auto/MobileFunctionTest.xml
5 ms. Memory: 332288K Free: 279986K (84%)
----------------- Invoking toplevel() on ptolemy.moml.MoMLSimpleApplication@47c21de9
----------------- Done invoking toplevel() on ptolemy.moml.MoMLSimpleApplication@47c21de9
reloadAllAccessors: .MobileFunctionTest
----------------- testing Wed May 23 16:37:52 UTC 2018 /home/travis/build/icyphy/ptII/ptolemy/actor/lib/hoc/test/auto/MobileModelTest.xml
----------------- Instantiating /home/travis/build/icyphy/ptII/ptolemy/actor/lib/hoc/test/auto/MobileModelTest.xml
100 ms. Memory: 332288K Free: 258285K (78%)
----------------- Invoking toplevel() on ptolemy.moml.MoMLSimpleApplication@42630a13
----------------- Done invoking toplevel() on ptolemy.moml.MoMLSimpleApplication@42630a13
reloadAllAccessors: .MobileModelTest
----------------- testing Wed May 23 16:37:52 UTC 2018 /home/travis/build/icyphy/ptII/ptolemy/actor/lib/hoc/test/auto/ModelReference.xml
----------------- Instantiating /home/travis/build/icyphy/ptII/ptolemy/actor/lib/hoc/test/auto/ModelReference.xml
3 ms. Memory: 332288K Free: 248046K (75%)
2 ms. Memory: 332288K Free: 248046K (75%)
3 ms. Memory: 332288K Free: 246411K (74%)
3 ms. Memory: 332288K Free: 246411K (74%)
2 ms. Memory: 332288K Free: 244776K (74%)
2 ms. Memory: 332288K Free: 244776K (74%)
2 ms. Memory: 332288K Free: 243141K (73%)
2 ms. Memory: 332288K Free: 243141K (73%)
2 ms. Memory: 332288K Free: 241506K (73%)
6 ms. Memory: 332288K Free: 241506K (73%)
39 ms. Memory: 332288K Free: 241506K (73%)
----------------- Invoking toplevel() on ptolemy.moml.MoMLSimpleApplication@741208c3
----------------- Done invoking toplevel() on ptolemy.moml.MoMLSimpleApplication@741208c3
reloadAllAccessors: .ModelReference
----------------- testing Wed May 23 16:37:52 UTC 2018 /home/travis/build/icyphy/ptII/ptolemy/actor/lib/hoc/test/auto/ModelReference3.xml
----------------- Instantiating /home/travis/build/icyphy/ptII/ptolemy/actor/lib/hoc/test/auto/ModelReference3.xml
4 ms. Memory: 332288K Free: 236601K (71%)
6 ms. Memory: 332288K Free: 234966K (71%)
2 ms. Memory: 332288K Free: 234966K (71%)
5 ms. Memory: 332288K Free: 233331K (70%)
2 ms. Memory: 332288K Free: 233331K (70%)
2 ms. Memory: 332288K Free: 231696K (70%)
2 ms. Memory: 332288K Free: 231696K (70%)
3 ms. Memory: 332288K Free: 230061K (69%)
4 ms. Memory: 332288K Free: 230061K (69%)
1 ms. Memory: 332288K Free: 228426K (69%)
42 ms. Memory: 332288K Free: 228426K (69%)
----------------- Invoking toplevel() on ptolemy.moml.MoMLSimpleApplication@45a993fb
----------------- Done invoking toplevel() on ptolemy.moml.MoMLSimpleApplication@45a993fb
reloadAllAccessors: .ModelReference3
----------------- testing Wed May 23 16:37:52 UTC 2018 /home/travis/build/icyphy/ptII/ptolemy/actor/lib/hoc/test/auto/ModelReference4.xml
----------------- Instantiating /home/travis/build/icyphy/ptII/ptolemy/actor/lib/hoc/test/auto/ModelReference4.xml
3 ms. Memory: 332288K Free: 221464K (67%)
3 ms. Memory: 332288K Free: 219829K (66%)
10 ms. Memory: 332288K Free: 218194K (66%)
3 ms. Memory: 332288K Free: 216559K (65%)
9 ms. Memory: 332288K Free: 213273K (64%)
6 ms. Memory: 332288K Free: 211638K (64%)
3 ms. Memory: 332288K Free: 210003K (63%)
7 ms. Memory: 332288K Free: 208368K (63%)
2 ms. Memory: 332288K Free: 206733K (62%)
2 ms. Memory: 332288K Free: 205098K (62%)
10017 ms. Memory: 332288K Free: 205098K (62%)
----------------- Invoking toplevel() on ptolemy.moml.MoMLSimpleApplication@4e4a1cad
----------------- Done invoking toplevel() on ptolemy.moml.MoMLSimpleApplication@4e4a1cad
reloadAllAccessors: .ModelReference4
----------------- testing Wed May 23 16:38:02 UTC 2018 /home/travis/build/icyphy/ptII/ptolemy/actor/lib/hoc/test/auto/MultiInstanceComposite.xml
----------------- Instantiating /home/travis/build/icyphy/ptII/ptolemy/actor/lib/hoc/test/auto/MultiInstanceComposite.xml
33 ms. Memory: 332288K Free: 181754K (55%)
----------------- Invoking toplevel() on ptolemy.moml.MoMLSimpleApplication@640d5e26
----------------- Done invoking toplevel() on ptolemy.moml.MoMLSimpleApplication@640d5e26
reloadAllAccessors: .MultiInstanceComposite
----------------- testing Wed May 23 16:38:02 UTC 2018 /home/travis/build/icyphy/ptII/ptolemy/actor/lib/hoc/test/auto/MultiInstanceComposite2.xml
----------------- Instantiating /home/travis/build/icyphy/ptII/ptolemy/actor/lib/hoc/test/auto/MultiInstanceComposite2.xml
22 ms. Memory: 332288K Free: 168172K (51%)
----------------- Invoking toplevel() on ptolemy.moml.MoMLSimpleApplication@1479842e
----------------- Done invoking toplevel() on ptolemy.moml.MoMLSimpleApplication@1479842e
reloadAllAccessors: .MultiInstanceComposite2
----------------- testing Wed May 23 16:38:02 UTC 2018 /home/travis/build/icyphy/ptII/ptolemy/actor/lib/hoc/test/auto/MulticoreExecution.xml
----------------- Instantiating /home/travis/build/icyphy/ptII/ptolemy/actor/lib/hoc/test/auto/MulticoreExecution.xml
10056 ms. Memory: 332288K Free: 154630K (47%)
----------------- Invoking toplevel() on ptolemy.moml.MoMLSimpleApplication@16eee195
----------------- Done invoking toplevel() on ptolemy.moml.MoMLSimpleApplication@16eee195
reloadAllAccessors: .MulticoreExecution
----------------- testing Wed May 23 16:38:12 UTC 2018 /home/travis/build/icyphy/ptII/ptolemy/actor/lib/hoc/test/auto/ParallelExecution.xml
----------------- Instantiating /home/travis/build/icyphy/ptII/ptolemy/actor/lib/hoc/test/auto/ParallelExecution.xml
920 ms. Memory: 332288K Free: 143153K (43%)
----------------- Invoking toplevel() on ptolemy.moml.MoMLSimpleApplication@46dba242
----------------- Done invoking toplevel() on ptolemy.moml.MoMLSimpleApplication@46dba242
reloadAllAccessors: .ParallelExecution
----------------- testing Wed May 23 16:38:13 UTC 2018 /home/travis/build/icyphy/ptII/ptolemy/actor/lib/hoc/test/auto/RunCompositeActor.xml
----------------- Instantiating /home/travis/build/icyphy/ptII/ptolemy/actor/lib/hoc/test/auto/RunCompositeActor.xml
12 ms. Memory: 332288K Free: 134541K (40%)
----------------- Invoking toplevel() on ptolemy.moml.MoMLSimpleApplication@45f0fe53
----------------- Done invoking toplevel() on ptolemy.moml.MoMLSimpleApplication@45f0fe53
reloadAllAccessors: .RunCompositeActor
----------------- testing Wed May 23 16:38:13 UTC 2018 /home/travis/build/icyphy/ptII/ptolemy/actor/lib/hoc/test/auto/RunCompositeActor2.xml
----------------- Instantiating /home/travis/build/icyphy/ptII/ptolemy/actor/lib/hoc/test/auto/RunCompositeActor2.xml
13 ms. Memory: 332288K Free: 125928K (38%)
----------------- Invoking toplevel() on ptolemy.moml.MoMLSimpleApplication@c194f14
----------------- Done invoking toplevel() on ptolemy.moml.MoMLSimpleApplication@c194f14
reloadAllAccessors: .RunCompositeActor2
----------------- testing Wed May 23 16:38:13 UTC 2018 /home/travis/build/icyphy/ptII/ptolemy/actor/lib/hoc/test/auto/RunCompositeActor3.xml
----------------- Instantiating /home/travis/build/icyphy/ptII/ptolemy/actor/lib/hoc/test/auto/RunCompositeActor3.xml
4 ms. Memory: 332288K Free: 118950K (36%)
----------------- Invoking toplevel() on ptolemy.moml.MoMLSimpleApplication@22e7902b
----------------- Done invoking toplevel() on ptolemy.moml.MoMLSimpleApplication@22e7902b
reloadAllAccessors: .RunCompositeActor3
----------------- testing Wed May 23 16:38:13 UTC 2018 /home/travis/build/icyphy/ptII/ptolemy/actor/lib/hoc/test/auto/RunCompositeActor4.xml
----------------- Instantiating /home/travis/build/icyphy/ptII/ptolemy/actor/lib/hoc/test/auto/RunCompositeActor4.xml
17 ms. Memory: 332288K Free: 108671K (33%)
----------------- Invoking toplevel() on ptolemy.moml.MoMLSimpleApplication@1c0fda3a
----------------- Done invoking toplevel() on ptolemy.moml.MoMLSimpleApplication@1c0fda3a
reloadAllAccessors: .RunCompositeActor4
----------------- testing Wed May 23 16:38:14 UTC 2018 /home/travis/build/icyphy/ptII/ptolemy/actor/lib/hoc/test/auto/RunCompositeIterateOverArray.xml
----------------- Instantiating /home/travis/build/icyphy/ptII/ptolemy/actor/lib/hoc/test/auto/RunCompositeIterateOverArray.xml
15 ms. Memory: 332288K Free: 102130K (31%)
----------------- Invoking toplevel() on ptolemy.moml.MoMLSimpleApplication@58a24e6
----------------- Done invoking toplevel() on ptolemy.moml.MoMLSimpleApplication@58a24e6
reloadAllAccessors: .RunCompositeIterateOverArray
----------------- testing Wed May 23 16:38:14 UTC 2018 /home/travis/build/icyphy/ptII/ptolemy/actor/lib/hoc/test/auto/ThreadedJS.xml
----------------- Instantiating /home/travis/build/icyphy/ptII/ptolemy/actor/lib/hoc/test/auto/ThreadedJS.xml
2558 ms. Memory: 273920K Free: 120420K (44%)
----------------- Invoking toplevel() on ptolemy.moml.MoMLSimpleApplication@3a692604
----------------- Done invoking toplevel() on ptolemy.moml.MoMLSimpleApplication@3a692604
reloadAllAccessors: .ThreadedJS
AutoTests.java: About to close Vertx.
AutoTests.java: Vertx closed.
]]></system-out>
  <system-err><![CDATA[java.lang.RuntimeException: Execution failed
	at ptolemy.moml.MoMLSimpleApplication$UnloadThread.run(MoMLSimpleApplication.java:402)
Caused by: ptolemy.kernel.util.IllegalActionException: initialize() was called after wrapup() was called but preinitialize() was not called after wrapup().
	at ptolemy.actor.lib.hoc.test.PreinitializeMustBeInvoked.initialize(PreinitializeMustBeInvoked.java:78)
	at ptolemy.actor.Director.initialize(Director.java:938)
	at ptolemy.actor.Director.initialize(Director.java:907)
	at ptolemy.actor.sched.StaticSchedulingDirector.initialize(StaticSchedulingDirector.java:159)
	at ptolemy.domains.sdf.kernel.SDFDirector.initialize(SDFDirector.java:544)
	at ptolemy.actor.CompositeActor.initialize(CompositeActor.java:935)
	at ptolemy.actor.lib.hoc.LifeCycleManager._executeInsideModel(LifeCycleManager.java:339)
	at ptolemy.actor.lib.hoc.RunCompositeActor.fire(RunCompositeActor.java:205)
	at ptolemy.actor.CompositeActor.iterate(CompositeActor.java:1146)
	at ptolemy.actor.sched.StaticSchedulingDirector.fire(StaticSchedulingDirector.java:216)
	at ptolemy.domains.sdf.kernel.SDFDirector.fire(SDFDirector.java:500)
	at ptolemy.actor.CompositeActor.fire(CompositeActor.java:455)
	at ptolemy.actor.Manager.iterate(Manager.java:851)
	at ptolemy.actor.Manager.execute(Manager.java:369)
	at ptolemy.actor.Manager.run(Manager.java:1263)
	at ptolemy.actor.Manager$PtolemyRunThread.run(Manager.java:1915)
java.lang.reflect.InvocationTargetException
	at sun.reflect.NativeConstructorAccessorImpl.newInstance0(Native Method)
	at sun.reflect.NativeConstructorAccessorImpl.newInstance(NativeConstructorAccessorImpl.java:62)
	at sun.reflect.DelegatingConstructorAccessorImpl.newInstance(DelegatingConstructorAccessorImpl.java:45)
	at java.lang.reflect.Constructor.newInstance(Constructor.java:423)
	at ptolemy.util.test.junit.AutoKnownFailedTests.RunModel(AutoKnownFailedTests.java:107)
	at sun.reflect.NativeMethodAccessorImpl.invoke0(Native Method)
	at sun.reflect.NativeMethodAccessorImpl.invoke(NativeMethodAccessorImpl.java:62)
	at sun.reflect.DelegatingMethodAccessorImpl.invoke(DelegatingMethodAccessorImpl.java:43)
	at java.lang.reflect.Method.invoke(Method.java:498)
	at org.junit.runners.model.FrameworkMethod$1.runReflectiveCall(FrameworkMethod.java:44)
	at org.junit.internal.runners.model.ReflectiveCallable.run(ReflectiveCallable.java:15)
	at org.junit.runners.model.FrameworkMethod.invokeExplosively(FrameworkMethod.java:41)
	at junitparams.internal.InvokeParameterisedMethod.evaluate(InvokeParameterisedMethod.java:102)
	at org.junit.internal.runners.statements.FailOnTimeout$1.run(FailOnTimeout.java:28)
Caused by: ptolemy.kernel.util.IllegalActionException: initialize() was called after wrapup() was called but preinitialize() was not called after wrapup().
	at ptolemy.actor.lib.hoc.test.PreinitializeMustBeInvoked.initialize(PreinitializeMustBeInvoked.java:78)
	at ptolemy.actor.Director.initialize(Director.java:938)
	at ptolemy.actor.Director.initialize(Director.java:907)
	at ptolemy.actor.sched.StaticSchedulingDirector.initialize(StaticSchedulingDirector.java:159)
	at ptolemy.domains.sdf.kernel.SDFDirector.initialize(SDFDirector.java:544)
	at ptolemy.actor.CompositeActor.initialize(CompositeActor.java:935)
	at ptolemy.actor.lib.hoc.LifeCycleManager._executeInsideModel(LifeCycleManager.java:339)
	at ptolemy.actor.lib.hoc.RunCompositeActor.fire(RunCompositeActor.java:205)
	at ptolemy.actor.CompositeActor.iterate(CompositeActor.java:1146)
	at ptolemy.actor.sched.StaticSchedulingDirector.fire(StaticSchedulingDirector.java:216)
	at ptolemy.domains.sdf.kernel.SDFDirector.fire(SDFDirector.java:500)
	at ptolemy.actor.CompositeActor.fire(CompositeActor.java:455)
	at ptolemy.actor.Manager.iterate(Manager.java:851)
	at ptolemy.actor.Manager.execute(Manager.java:369)
	at ptolemy.actor.Manager.run(Manager.java:1263)
	at ptolemy.actor.Manager$PtolemyRunThread.run(Manager.java:1915)
]]></system-err>
</testsuite>
