<?xml version="1.0" encoding="UTF-8" ?>
<testsuite errors="0" failures="0" hostname="travis-job-32d89d4c-6a22-41e3-8262-9fc97393ee79" name="ptolemy.domains.de.test.junit.JUnitTclTest" skipped="0" tests="101" time="121.958" timestamp="2018-04-26T22:18:33">
  <properties>
[...]
</properties>
  <testcase classname="ptolemy.util.test.junit.TclTests" name="[0] /home/travis/build/icyphy/ptII/ptolemy/domains/de/test/DependencyLoop.tcl (RunTclFile)" time="0.692" />
  <testcase classname="ptolemy.util.test.junit.TclTests" name="[1] /home/travis/build/icyphy/ptII/ptolemy/domains/de/test/RunDETestsAsQSS.tcl (RunTclFile)" time="83.648" />
  <testcase classname="ptolemy.util.test.junit.AutoKnownFailedTests" name="[0] /home/travis/build/icyphy/ptII/ptolemy/domains/de/test/auto/knownFailedTests/DESDFClockTest.xml (RunModel)" time="2.023" />
  <testcase classname="ptolemy.util.test.junit.AutoKnownFailedTests" name="[1] /home/travis/build/icyphy/ptII/ptolemy/domains/de/test/auto/knownFailedTests/DirectFeedback.xml (RunModel)" time="0.011" />
  <testcase classname="ptolemy.util.test.junit.AutoKnownFailedTests" name="[2] /home/travis/build/icyphy/ptII/ptolemy/domains/de/test/auto/knownFailedTests/FSMSource.xml (RunModel)" time="0.011" />
  <testcase classname="ptolemy.util.test.junit.AutoKnownFailedTests" name="[3] /home/travis/build/icyphy/ptII/ptolemy/domains/de/test/auto/knownFailedTests/HierarchicalModel.xml (RunModel)" time="0.026" />
  <testcase classname="ptolemy.util.test.junit.AutoKnownFailedTests" name="[4] /home/travis/build/icyphy/ptII/ptolemy/domains/de/test/auto/knownFailedTests/dependencyLoop.xml (RunModel)" time="0.022" />
  <testcase classname="ptolemy.util.test.junit.AutoKnownFailedTests" name="[5] /home/travis/build/icyphy/ptII/ptolemy/domains/de/test/auto/knownFailedTests/dependencyLoop2.xml (RunModel)" time="0.028" />
  <testcase classname="ptolemy.util.test.junit.AutoNameArchTests" name="[0] ThereAreNoAutoTests (RunModel)" time="0.0" />
  <testcase classname="ptolemy.util.test.junit.AutoTests" name="[0] /home/travis/build/icyphy/ptII/ptolemy/domains/de/test/auto/ActorDepthCalculation_actorWithoutPorts.xml (RunModel)" time="0.013" />
  <testcase classname="ptolemy.util.test.junit.AutoTests" name="[1] /home/travis/build/icyphy/ptII/ptolemy/domains/de/test/auto/AssemblyLine.xml (RunModel)" time="0.015" />
  <testcase classname="ptolemy.util.test.junit.AutoTests" name="[2] /home/travis/build/icyphy/ptII/ptolemy/domains/de/test/auto/CQBug1.xml (RunModel)" time="0.007" />
  <testcase classname="ptolemy.util.test.junit.AutoTests" name="[3] /home/travis/build/icyphy/ptII/ptolemy/domains/de/test/auto/CancelFireAt.xml (RunModel)" time="0.009" />
  <testcase classname="ptolemy.util.test.junit.AutoTests" name="[4] /home/travis/build/icyphy/ptII/ptolemy/domains/de/test/auto/CausalityAndComposabilityAnalysis.xml (RunModel)" time="0.009" />
  <testcase classname="ptolemy.util.test.junit.AutoTests" name="[5] /home/travis/build/icyphy/ptII/ptolemy/domains/de/test/auto/CausalityInterface1.xml (RunModel)" time="0.01" />
  <testcase classname="ptolemy.util.test.junit.AutoTests" name="[6] /home/travis/build/icyphy/ptII/ptolemy/domains/de/test/auto/CausalityInterface15.xml (RunModel)" time="0.012" />
  <testcase classname="ptolemy.util.test.junit.AutoTests" name="[7] /home/travis/build/icyphy/ptII/ptolemy/domains/de/test/auto/CausalityInterface2.xml (RunModel)" time="0.009" />
  <testcase classname="ptolemy.util.test.junit.AutoTests" name="[8] /home/travis/build/icyphy/ptII/ptolemy/domains/de/test/auto/CausalityInterface3.xml (RunModel)" time="0.01" />
  <testcase classname="ptolemy.util.test.junit.AutoTests" name="[9] /home/travis/build/icyphy/ptII/ptolemy/domains/de/test/auto/ClockDrift.xml (RunModel)" time="0.029" />
  <testcase classname="ptolemy.util.test.junit.AutoTests" name="[10] /home/travis/build/icyphy/ptII/ptolemy/domains/de/test/auto/ClockDriftAndValueChange.xml (RunModel)" time="0.024" />
  <testcase classname="ptolemy.util.test.junit.AutoTests" name="[11] /home/travis/build/icyphy/ptII/ptolemy/domains/de/test/auto/ClockDriftChange.xml (RunModel)" time="0.019" />
  <testcase classname="ptolemy.util.test.junit.AutoTests" name="[12] /home/travis/build/icyphy/ptII/ptolemy/domains/de/test/auto/ComposableCausalityAnalysis.xml (RunModel)" time="0.011" />
  <testcase classname="ptolemy.util.test.junit.AutoTests" name="[13] /home/travis/build/icyphy/ptII/ptolemy/domains/de/test/auto/DEFixedPointLimitation.xml (RunModel)" time="0.005" />
  <testcase classname="ptolemy.util.test.junit.AutoTests" name="[14] /home/travis/build/icyphy/ptII/ptolemy/domains/de/test/auto/DEScheduleTest.xml (RunModel)" time="0.007" />
  <testcase classname="ptolemy.util.test.junit.AutoTests" name="[15] /home/travis/build/icyphy/ptII/ptolemy/domains/de/test/auto/DEinDEwithStartTimes.xml (RunModel)" time="0.008" />
  <testcase classname="ptolemy.util.test.junit.AutoTests" name="[16] /home/travis/build/icyphy/ptII/ptolemy/domains/de/test/auto/DEinDEwithStartTimes2.xml (RunModel)" time="0.009" />
  <testcase classname="ptolemy.util.test.junit.AutoTests" name="[17] /home/travis/build/icyphy/ptII/ptolemy/domains/de/test/auto/DateDemo.xml (RunModel)" time="0.017" />
  <testcase classname="ptolemy.util.test.junit.AutoTests" name="[18] /home/travis/build/icyphy/ptII/ptolemy/domains/de/test/auto/DateToEvent.xml (RunModel)" time="2.025" />
  <testcase classname="ptolemy.util.test.junit.AutoTests" name="[19] /home/travis/build/icyphy/ptII/ptolemy/domains/de/test/auto/DepthTest1.xml (RunModel)" time="0.015" />
  <testcase classname="ptolemy.util.test.junit.AutoTests" name="[20] /home/travis/build/icyphy/ptII/ptolemy/domains/de/test/auto/DepthTest2.xml (RunModel)" time="0.013" />
  <testcase classname="ptolemy.util.test.junit.AutoTests" name="[21] /home/travis/build/icyphy/ptII/ptolemy/domains/de/test/auto/DepthTest3.xml (RunModel)" time="0.012" />
  <testcase classname="ptolemy.util.test.junit.AutoTests" name="[22] /home/travis/build/icyphy/ptII/ptolemy/domains/de/test/auto/DepthTest4.xml (RunModel)" time="0.007" />
  <testcase classname="ptolemy.util.test.junit.AutoTests" name="[23] /home/travis/build/icyphy/ptII/ptolemy/domains/de/test/auto/DepthTest5.xml (RunModel)" time="0.015" />
  <testcase classname="ptolemy.util.test.junit.AutoTests" name="[24] /home/travis/build/icyphy/ptII/ptolemy/domains/de/test/auto/DepthTest6.xml (RunModel)" time="0.009" />
  <testcase classname="ptolemy.util.test.junit.AutoTests" name="[25] /home/travis/build/icyphy/ptII/ptolemy/domains/de/test/auto/DepthTest7.xml (RunModel)" time="0.01" />
  <testcase classname="ptolemy.util.test.junit.AutoTests" name="[26] /home/travis/build/icyphy/ptII/ptolemy/domains/de/test/auto/EventToDate.xml (RunModel)" time="3.039" />
  <testcase classname="ptolemy.util.test.junit.AutoTests" name="[27] /home/travis/build/icyphy/ptII/ptolemy/domains/de/test/auto/FSM1.xml (RunModel)" time="0.023" />
  <testcase classname="ptolemy.util.test.junit.AutoTests" name="[28] /home/travis/build/icyphy/ptII/ptolemy/domains/de/test/auto/FSM7.xml (RunModel)" time="0.027" />
  <testcase classname="ptolemy.util.test.junit.AutoTests" name="[29] /home/travis/build/icyphy/ptII/ptolemy/domains/de/test/auto/Inspection.xml (RunModel)" time="0.028" />
  <testcase classname="ptolemy.util.test.junit.AutoTests" name="[30] /home/travis/build/icyphy/ptII/ptolemy/domains/de/test/auto/Iteration.xml (RunModel)" time="0.011" />
  <testcase classname="ptolemy.util.test.junit.AutoTests" name="[31] /home/travis/build/icyphy/ptII/ptolemy/domains/de/test/auto/LineFault.xml (RunModel)" time="0.362" />
  <testcase classname="ptolemy.util.test.junit.AutoTests" name="[32] /home/travis/build/icyphy/ptII/ptolemy/domains/de/test/auto/MergeModel1Add.xml (RunModel)" time="0.028" />
  <testcase classname="ptolemy.util.test.junit.AutoTests" name="[33] /home/travis/build/icyphy/ptII/ptolemy/domains/de/test/auto/MergeModel2Add.xml (RunModel)" time="0.024" />
  <testcase classname="ptolemy.util.test.junit.AutoTests" name="[34] /home/travis/build/icyphy/ptII/ptolemy/domains/de/test/auto/MergeModel3Add.xml (RunModel)" time="0.029" />
  <testcase classname="ptolemy.util.test.junit.AutoTests" name="[35] /home/travis/build/icyphy/ptII/ptolemy/domains/de/test/auto/MergeWithoutDiscard.xml (RunModel)" time="0.007" />
  <testcase classname="ptolemy.util.test.junit.AutoTests" name="[36] /home/travis/build/icyphy/ptII/ptolemy/domains/de/test/auto/Modal1.xml (RunModel)" time="0.02" />
  <testcase classname="ptolemy.util.test.junit.AutoTests" name="[37] /home/travis/build/icyphy/ptII/ptolemy/domains/de/test/auto/Modal2.xml (RunModel)" time="0.023" />
  <testcase classname="ptolemy.util.test.junit.AutoTests" name="[38] /home/travis/build/icyphy/ptII/ptolemy/domains/de/test/auto/Modal3.xml (RunModel)" time="0.019" />
  <testcase classname="ptolemy.util.test.junit.AutoTests" name="[39] /home/travis/build/icyphy/ptII/ptolemy/domains/de/test/auto/Modal4.xml (RunModel)" time="0.023" />
  <testcase classname="ptolemy.util.test.junit.AutoTests" name="[40] /home/travis/build/icyphy/ptII/ptolemy/domains/de/test/auto/Modal5.xml (RunModel)" time="0.022" />
  <testcase classname="ptolemy.util.test.junit.AutoTests" name="[41] /home/travis/build/icyphy/ptII/ptolemy/domains/de/test/auto/Modal6.xml (RunModel)" time="0.018" />
  <testcase classname="ptolemy.util.test.junit.AutoTests" name="[42] /home/travis/build/icyphy/ptII/ptolemy/domains/de/test/auto/Modal7.xml (RunModel)" time="0.02" />
  <testcase classname="ptolemy.util.test.junit.AutoTests" name="[43] /home/travis/build/icyphy/ptII/ptolemy/domains/de/test/auto/ModalModel.xml (RunModel)" time="0.109" />
  <testcase classname="ptolemy.util.test.junit.AutoTests" name="[44] /home/travis/build/icyphy/ptII/ptolemy/domains/de/test/auto/ModalSource.xml (RunModel)" time="0.011" />
  <testcase classname="ptolemy.util.test.junit.AutoTests" name="[45] /home/travis/build/icyphy/ptII/ptolemy/domains/de/test/auto/NonInterruptibleTimerZeroDelay.xml (RunModel)" time="0.007" />
  <testcase classname="ptolemy.util.test.junit.AutoTests" name="[46] /home/travis/build/icyphy/ptII/ptolemy/domains/de/test/auto/OpenQueueingNetwork.xml (RunModel)" time="1.609" />
  <testcase classname="ptolemy.util.test.junit.AutoTests" name="[47] /home/travis/build/icyphy/ptII/ptolemy/domains/de/test/auto/OpenQueuingNetwork.xml (RunModel)" time="0.26" />
  <testcase classname="ptolemy.util.test.junit.AutoTests" name="[48] /home/travis/build/icyphy/ptII/ptolemy/domains/de/test/auto/PeriodicSampler.xml (RunModel)" time="0.008" />
  <testcase classname="ptolemy.util.test.junit.AutoTests" name="[49] /home/travis/build/icyphy/ptII/ptolemy/domains/de/test/auto/PersistentIO.xml (RunModel)" time="0.016" />
  <testcase classname="ptolemy.util.test.junit.AutoTests" name="[50] /home/travis/build/icyphy/ptII/ptolemy/domains/de/test/auto/PortParameterResetOnInitialize.xml (RunModel)" time="0.008" />
  <testcase classname="ptolemy.util.test.junit.AutoTests" name="[51] /home/travis/build/icyphy/ptII/ptolemy/domains/de/test/auto/PortParameterUpdates.xml (RunModel)" time="0.018" />
  <testcase classname="ptolemy.util.test.junit.AutoTests" name="[52] /home/travis/build/icyphy/ptII/ptolemy/domains/de/test/auto/QueueAndServer.xml (RunModel)" time="0.017" />
  <testcase classname="ptolemy.util.test.junit.AutoTests" name="[53] /home/travis/build/icyphy/ptII/ptolemy/domains/de/test/auto/Records.xml (RunModel)" time="0.017" />
  <testcase classname="ptolemy.util.test.junit.AutoTests" name="[54] /home/travis/build/icyphy/ptII/ptolemy/domains/de/test/auto/ResetTransitionWithStartTime1.xml (RunModel)" time="0.017" />
  <testcase classname="ptolemy.util.test.junit.AutoTests" name="[55] /home/travis/build/icyphy/ptII/ptolemy/domains/de/test/auto/ResetTransitionWithStartTime2.xml (RunModel)" time="0.016" />
  <testcase classname="ptolemy.util.test.junit.AutoTests" name="[56] /home/travis/build/icyphy/ptII/ptolemy/domains/de/test/auto/ResetTransitionWithStartTime3.xml (RunModel)" time="0.015" />
  <testcase classname="ptolemy.util.test.junit.AutoTests" name="[57] /home/travis/build/icyphy/ptII/ptolemy/domains/de/test/auto/ResetTransitionWithStartTime4.xml (RunModel)" time="0.018" />
  <testcase classname="ptolemy.util.test.junit.AutoTests" name="[58] /home/travis/build/icyphy/ptII/ptolemy/domains/de/test/auto/ResettableTimer1.xml (RunModel)" time="0.009" />
  <testcase classname="ptolemy.util.test.junit.AutoTests" name="[59] /home/travis/build/icyphy/ptII/ptolemy/domains/de/test/auto/ResettableTimer2.xml (RunModel)" time="0.009" />
  <testcase classname="ptolemy.util.test.junit.AutoTests" name="[60] /home/travis/build/icyphy/ptII/ptolemy/domains/de/test/auto/ResettableTimer3.xml (RunModel)" time="0.009" />
  <testcase classname="ptolemy.util.test.junit.AutoTests" name="[61] /home/travis/build/icyphy/ptII/ptolemy/domains/de/test/auto/ResettableTimer4.xml (RunModel)" time="0.009" />
  <testcase classname="ptolemy.util.test.junit.AutoTests" name="[62] /home/travis/build/icyphy/ptII/ptolemy/domains/de/test/auto/ResettableTimer5.xml (RunModel)" time="0.009" />
  <testcase classname="ptolemy.util.test.junit.AutoTests" name="[63] /home/travis/build/icyphy/ptII/ptolemy/domains/de/test/auto/ResettableTimer6.xml (RunModel)" time="0.015" />
  <testcase classname="ptolemy.util.test.junit.AutoTests" name="[64] /home/travis/build/icyphy/ptII/ptolemy/domains/de/test/auto/ServerZeroDelay.xml (RunModel)" time="0.012" />
  <testcase classname="ptolemy.util.test.junit.AutoTests" name="[65] /home/travis/build/icyphy/ptII/ptolemy/domains/de/test/auto/SmartSender.xml (RunModel)" time="3.008" />
  <testcase classname="ptolemy.util.test.junit.AutoTests" name="[66] /home/travis/build/icyphy/ptII/ptolemy/domains/de/test/auto/ThreadedComposite.xml (RunModel)" time="0.128" />
  <testcase classname="ptolemy.util.test.junit.AutoTests" name="[67] /home/travis/build/icyphy/ptII/ptolemy/domains/de/test/auto/Time.xml (RunModel)" time="0.405" />
  <testcase classname="ptolemy.util.test.junit.AutoTests" name="[68] /home/travis/build/icyphy/ptII/ptolemy/domains/de/test/auto/TimeDelayZeroDelay.xml (RunModel)" time="0.01" />
  <testcase classname="ptolemy.util.test.junit.AutoTests" name="[69] /home/travis/build/icyphy/ptII/ptolemy/domains/de/test/auto/TimerZeroDelay.xml (RunModel)" time="0.008" />
  <testcase classname="ptolemy.util.test.junit.AutoTests" name="[70] /home/travis/build/icyphy/ptII/ptolemy/domains/de/test/auto/TimingParadox.xml (RunModel)" time="0.33" />
  <testcase classname="ptolemy.util.test.junit.AutoTests" name="[71] /home/travis/build/icyphy/ptII/ptolemy/domains/de/test/auto/TransferInputs.xml (RunModel)" time="0.013" />
  <testcase classname="ptolemy.util.test.junit.AutoTests" name="[72] /home/travis/build/icyphy/ptII/ptolemy/domains/de/test/auto/TransferOutputs2.xml (RunModel)" time="0.014" />
  <testcase classname="ptolemy.util.test.junit.AutoTests" name="[73] /home/travis/build/icyphy/ptII/ptolemy/domains/de/test/auto/Trilateration.xml (RunModel)" time="10.818" />
  <testcase classname="ptolemy.util.test.junit.AutoTests" name="[74] /home/travis/build/icyphy/ptII/ptolemy/domains/de/test/auto/TwoSigmaDelta.xml (RunModel)" time="2.048" />
  <testcase classname="ptolemy.util.test.junit.AutoTests" name="[75] /home/travis/build/icyphy/ptII/ptolemy/domains/de/test/auto/VariableDelay.xml (RunModel)" time="0.01" />
  <testcase classname="ptolemy.util.test.junit.AutoTests" name="[76] /home/travis/build/icyphy/ptII/ptolemy/domains/de/test/auto/VariableDelay2.xml (RunModel)" time="0.008" />
  <testcase classname="ptolemy.util.test.junit.AutoTests" name="[77] /home/travis/build/icyphy/ptII/ptolemy/domains/de/test/auto/VariableDelayZeroDelay.xml (RunModel)" time="0.011" />
  <testcase classname="ptolemy.util.test.junit.AutoTests" name="[78] /home/travis/build/icyphy/ptII/ptolemy/domains/de/test/auto/VariableDelayZeroDelay2.xml (RunModel)" time="0.009" />
  <testcase classname="ptolemy.util.test.junit.AutoTests" name="[79] /home/travis/build/icyphy/ptII/ptolemy/domains/de/test/auto/deInCt.xml (RunModel)" time="0.014" />
  <testcase classname="ptolemy.util.test.junit.AutoTests" name="[80] /home/travis/build/icyphy/ptII/ptolemy/domains/de/test/auto/deInCt2.xml (RunModel)" time="0.02" />
  <testcase classname="ptolemy.util.test.junit.AutoTests" name="[81] /home/travis/build/icyphy/ptII/ptolemy/domains/de/test/auto/dynamicCausalityInterface1.xml (RunModel)" time="0.015" />
  <testcase classname="ptolemy.util.test.junit.AutoTests" name="[82] /home/travis/build/icyphy/ptII/ptolemy/domains/de/test/auto/fsm_de_test.xml (RunModel)" time="0.028" />
  <testcase classname="ptolemy.util.test.junit.AutoTests" name="[83] /home/travis/build/icyphy/ptII/ptolemy/domains/de/test/auto/functionDependencyReconstruction.xml (RunModel)" time="0.031" />
  <testcase classname="ptolemy.util.test.junit.AutoTests" name="[84] /home/travis/build/icyphy/ptII/ptolemy/domains/de/test/auto/multirate.xml (RunModel)" time="0.015" />
  <testcase classname="ptolemy.util.test.junit.AutoTests" name="[85] /home/travis/build/icyphy/ptII/ptolemy/domains/de/test/auto/multirate2.xml (RunModel)" time="0.013" />
  <testcase classname="ptolemy.util.test.junit.AutoTests" name="[86] /home/travis/build/icyphy/ptII/ptolemy/domains/de/test/auto/realtime.xml (RunModel)" time="10.01" />
  <testcase classname="ptolemy.util.test.junit.AutoTests" name="[87] /home/travis/build/icyphy/ptII/ptolemy/domains/de/test/auto/relationGroup.xml (RunModel)" time="0.008" />
  <testcase classname="ptolemy.util.test.junit.AutoTests" name="[88] /home/travis/build/icyphy/ptII/ptolemy/domains/de/test/auto/relationGroup2.xml (RunModel)" time="0.006" />
  <testcase classname="ptolemy.util.test.junit.AutoTests" name="[89] /home/travis/build/icyphy/ptII/ptolemy/domains/de/test/auto/sortWithOpaquePorts.xml (RunModel)" time="0.008" />
  <testcase classname="ptolemy.util.test.junit.AutoTests" name="[90] /home/travis/build/icyphy/ptII/ptolemy/domains/de/test/auto/transferInputsandOutputs.xml (RunModel)" time="0.013" />
  <testcase classname="ptolemy.util.test.junit.AutoTests" name="[91] /home/travis/build/icyphy/ptII/ptolemy/domains/de/test/auto/triggerType.xml (RunModel)" time="0.007" />
  <system-out><![CDATA[/home/travis/build/icyphy/ptII/ptolemy/domains/de/test/DependencyLoop.tcl
testDefs.tcl: setting time out to 9000 seconds at Thu Apr 26 22:18:33 UTC 2018
14 ms. Memory: 116224K Free: 95120K (82%)
6 ms. Memory: 146944K Free: 137827K (94%)
/home/travis/build/icyphy/ptII/ptolemy/domains/de/test/RunDETestsAsQSS.tcl
Run the DE tests using ptolemy.domains.qss.test.QSSDirectorTest, which extends QSSDirector and prints a message in the constructors.
------------------ testing $PTII/ptolemy/domains/de/test/auto/knownFailedTests/dependencyLoop.xml (Known Failure) 
7 ms. Memory: 146944K Free: 133553K (91%)


==== $PTIIhome/travis/build/icyphy/ptII/ptolemy/domains/de/test/../../../../: Auto Automatic test in file $PTII/ptolemy/domains/de/test/auto/knownFailedTests/dependencyLoop.xml
==== Contents of test case:

	    # FIXME: we should use $relativeFilename here, but it
	    # might have backslashes under Windows, which causes no end
	    # of trouble.
	    createAndExecute $file
	    list {}
	
.... Test generated KNOWN error:
    while executing
ptolemy.kernel.util.IllegalActionException: Found a zero delay loop containing .dependencyLoop.original
  in .dependencyLoop and .dependencyLoop.original
	at ptolemy.actor.util.CausalityInterfaceForComposites._computeOutputPortDepth(CausalityInterfaceForComposites.java:759)
	at ptolemy.actor.util.CausalityInterfaceForComposites._computeInputDepth(CausalityInterfaceForComposites.java:696)
	at ptolemy.actor.util.CausalityInterfaceForComposites._computeOutputPortDepth(CausalityInterfaceForComposites.java:765)
	at ptolemy.actor.util.CausalityInterfaceForComposites._computeInputDepth(CausalityInterfaceForComposites.java:696)
	at ptolemy.actor.util.CausalityInterfaceForComposites._computeOutputPortDepth(CausalityInterfaceForComposites.java:765)
	at ptolemy.actor.util.CausalityInterfaceForComposites._computeInputDepth(CausalityInterfaceForComposites.java:696)
	at ptolemy.actor.util.CausalityInterfaceForComposites._computeActorDepth(CausalityInterfaceForComposites.java:532)
	at ptolemy.actor.util.CausalityInterfaceForComposites.checkForCycles(CausalityInterfaceForComposites.java:96)
	at ptolemy.domains.de.kernel.DEDirector.preinitialize(DEDirector.java:1337)
	at ptolemy.actor.CompositeActor.preinitialize(CompositeActor.java:1828)
	at ptolemy.actor.Manager.preinitializeAndResolveTypes(Manager.java:1040)
	at ptolemy.actor.Manager.initialize(Manager.java:710)
	at ptolemy.actor.Manager.execute(Manager.java:356)
	at ptolemy.actor.Manager.run(Manager.java:1263)
	at ptolemy.actor.Manager$PtolemyRunThread.run(Manager.java:1915)

    while executing
ptolemy.kernel.util.IllegalActionException: Found a zero delay loop containing .dependencyLoop.original
  in .dependencyLoop and .dependencyLoop.original
    while executing
"java::new ptolemy.moml.MoMLSimpleApplication $file
"
    (procedure "createAndExecute" line 2)
    invoked from within
"createAndExecute $file"
    ("uplevel" body line 5)
    invoked from within
"uplevel $contents_of_test"
------------------ testing $PTII/ptolemy/domains/de/test/auto/knownFailedTests/DESDFClockTest.xml (Known Failure) 
2051 ms. Memory: 146944K Free: 117731K (80%)


==== $PTIIhome/travis/build/icyphy/ptII/ptolemy/domains/de/test/../../../../: Auto Automatic test in file $PTII/ptolemy/domains/de/test/auto/knownFailedTests/DESDFClockTest.xml
==== Contents of test case:

	    # FIXME: we should use $relativeFilename here, but it
	    # might have backslashes under Windows, which causes no end
	    # of trouble.
	    createAndExecute $file
	    list {}
	
.... Test generated KNOWN error:
    while executing
ptolemy.kernel.util.IllegalActionException: Actor is not ready to fire.  Perhaps UpSample.prefire() returned false? Try debugging the actor by selecting "Listen to Actor".  Also, for SDF check moml for tokenConsumptionRate on input.
  in .DESDFClockTest.Play Bell.Copy1:SDF Director and .DESDFClockTest.Play Bell.UpSample
	at ptolemy.actor.sched.StaticSchedulingDirector.fire(StaticSchedulingDirector.java:227)
	at ptolemy.domains.sdf.kernel.SDFDirector.fire(SDFDirector.java:500)
	at ptolemy.actor.CompositeActor.fire(CompositeActor.java:455)
	at ptolemy.domains.de.kernel.DEDirector._fire(DEDirector.java:1948)
	at ptolemy.domains.de.kernel.DEDirector.fire(DEDirector.java:502)
	at ptolemy.actor.CompositeActor.fire(CompositeActor.java:455)
	at ptolemy.actor.Manager.iterate(Manager.java:851)
	at ptolemy.actor.Manager.execute(Manager.java:369)
	at ptolemy.actor.Manager.run(Manager.java:1263)
	at ptolemy.actor.Manager$PtolemyRunThread.run(Manager.java:1915)

    while executing
ptolemy.kernel.util.IllegalActionException: Actor is not ready to fire.  Perhaps UpSample.prefire() returned false? Try debugging the actor by selecting "Listen to Actor".  Also, for SDF check moml for tokenConsumptionRate on input.
  in .DESDFClockTest.Play Bell.Copy1:SDF Director and .DESDFClockTest.Play Bell.UpSample
    while executing
"java::new ptolemy.moml.MoMLSimpleApplication $file
"
    (procedure "createAndExecute" line 2)
    invoked from within
"createAndExecute $file"
    ("uplevel" body line 5)
    invoked from within
"uplevel $contents_of_test"
------------------ testing $PTII/ptolemy/domains/de/test/auto/knownFailedTests/FSMSource.xml (Known Failure) 
46 ms. Memory: 146944K Free: 108760K (74%)
!!!! Auto was marked as failing, but now passes
------------------ testing $PTII/ptolemy/domains/de/test/auto/knownFailedTests/dependencyLoop2.xml (Known Failure) 
14 ms. Memory: 146944K Free: 106901K (73%)


==== $PTIIhome/travis/build/icyphy/ptII/ptolemy/domains/de/test/../../../../: Auto Automatic test in file $PTII/ptolemy/domains/de/test/auto/knownFailedTests/dependencyLoop2.xml
==== Contents of test case:

	    # FIXME: we should use $relativeFilename here, but it
	    # might have backslashes under Windows, which causes no end
	    # of trouble.
	    createAndExecute $file
	    list {}
	
.... Test generated KNOWN error:
    while executing
ptolemy.kernel.util.IllegalActionException: Found a zero delay loop containing .dependencyLoop2.original
  in .dependencyLoop2 and .dependencyLoop2.original
	at ptolemy.actor.util.CausalityInterfaceForComposites._computeOutputPortDepth(CausalityInterfaceForComposites.java:759)
	at ptolemy.actor.util.CausalityInterfaceForComposites._computeInputDepth(CausalityInterfaceForComposites.java:696)
	at ptolemy.actor.util.CausalityInterfaceForComposites._computeOutputPortDepth(CausalityInterfaceForComposites.java:765)
	at ptolemy.actor.util.CausalityInterfaceForComposites._computeInputDepth(CausalityInterfaceForComposites.java:696)
	at ptolemy.actor.util.CausalityInterfaceForComposites._computeOutputPortDepth(CausalityInterfaceForComposites.java:765)
	at ptolemy.actor.util.CausalityInterfaceForComposites._computeInputDepth(CausalityInterfaceForComposites.java:696)
	at ptolemy.actor.util.CausalityInterfaceForComposites._computeActorDepth(CausalityInterfaceForComposites.java:532)
	at ptolemy.actor.util.CausalityInterfaceForComposites.checkForCycles(CausalityInterfaceForComposites.java:96)
	at ptolemy.domains.de.kernel.DEDirector.preinitialize(DEDirector.java:1337)
	at ptolemy.actor.CompositeActor.preinitialize(CompositeActor.java:1828)
	at ptolemy.actor.Manager.preinitializeAndResolveTypes(Manager.java:1040)
	at ptolemy.actor.Manager.initialize(Manager.java:710)
	at ptolemy.actor.Manager.execute(Manager.java:356)
	at ptolemy.actor.Manager.run(Manager.java:1263)
	at ptolemy.actor.Manager$PtolemyRunThread.run(Manager.java:1915)

    while executing
ptolemy.kernel.util.IllegalActionException: Found a zero delay loop containing .dependencyLoop2.original
  in .dependencyLoop2 and .dependencyLoop2.original
    while executing
"java::new ptolemy.moml.MoMLSimpleApplication $file
"
    (procedure "createAndExecute" line 2)
    invoked from within
"createAndExecute $file"
    ("uplevel" body line 5)
    invoked from within
"uplevel $contents_of_test"
------------------ testing $PTII/ptolemy/domains/de/test/auto/knownFailedTests/HierarchicalModel.xml (Known Failure) 
5 ms. Memory: 146944K Free: 86382K (59%)


==== $PTIIhome/travis/build/icyphy/ptII/ptolemy/domains/de/test/../../../../: Auto Automatic test in file $PTII/ptolemy/domains/de/test/auto/knownFailedTests/HierarchicalModel.xml
==== Contents of test case:

	    # FIXME: we should use $relativeFilename here, but it
	    # might have backslashes under Windows, which causes no end
	    # of trouble.
	    createAndExecute $file
	    list {}
	
.... Test generated KNOWN error:
    while executing
ptolemy.kernel.util.IllegalActionException: Found a zero delay loop containing .HierarchicalModel.A
  in .HierarchicalModel and .HierarchicalModel.A
	at ptolemy.actor.util.CausalityInterfaceForComposites._computeOutputPortDepth(CausalityInterfaceForComposites.java:759)
	at ptolemy.actor.util.CausalityInterfaceForComposites._computeInputDepth(CausalityInterfaceForComposites.java:696)
	at ptolemy.actor.util.CausalityInterfaceForComposites._computeOutputPortDepth(CausalityInterfaceForComposites.java:765)
	at ptolemy.actor.util.CausalityInterfaceForComposites._computeInputDepth(CausalityInterfaceForComposites.java:696)
	at ptolemy.actor.util.CausalityInterfaceForComposites._computeOutputPortDepth(CausalityInterfaceForComposites.java:765)
	at ptolemy.actor.util.CausalityInterfaceForComposites._computeInputDepth(CausalityInterfaceForComposites.java:696)
	at ptolemy.actor.util.CausalityInterfaceForComposites._computeActorDepth(CausalityInterfaceForComposites.java:532)
	at ptolemy.actor.util.CausalityInterfaceForComposites.checkForCycles(CausalityInterfaceForComposites.java:96)
	at ptolemy.domains.de.kernel.DEDirector.preinitialize(DEDirector.java:1337)
	at ptolemy.actor.CompositeActor.preinitialize(CompositeActor.java:1828)
	at ptolemy.actor.Manager.preinitializeAndResolveTypes(Manager.java:1040)
	at ptolemy.actor.Manager.initialize(Manager.java:710)
	at ptolemy.actor.Manager.execute(Manager.java:356)
	at ptolemy.actor.Manager.run(Manager.java:1263)
	at ptolemy.actor.Manager$PtolemyRunThread.run(Manager.java:1915)

    while executing
ptolemy.kernel.util.IllegalActionException: Found a zero delay loop containing .HierarchicalModel.A
  in .HierarchicalModel and .HierarchicalModel.A
    while executing
"java::new ptolemy.moml.MoMLSimpleApplication $file
"
    (procedure "createAndExecute" line 2)
    invoked from within
"createAndExecute $file"
    ("uplevel" body line 5)
    invoked from within
"uplevel $contents_of_test"
------------------ testing $PTII/ptolemy/domains/de/test/auto/knownFailedTests/DirectFeedback.xml (Known Failure) 
12 ms. Memory: 146944K Free: 142564K (97%)


==== $PTIIhome/travis/build/icyphy/ptII/ptolemy/domains/de/test/../../../../: Auto Automatic test in file $PTII/ptolemy/domains/de/test/auto/knownFailedTests/DirectFeedback.xml
==== Contents of test case:

	    # FIXME: we should use $relativeFilename here, but it
	    # might have backslashes under Windows, which causes no end
	    # of trouble.
	    createAndExecute $file
	    list {}
	
.... Test generated KNOWN error:
    while executing
ptolemy.kernel.util.IllegalActionException: Test fails in iteration 1.
Value was: 1.0. Should have been: 2.0
  in .DirectFeedback.Test
	at ptolemy.actor.lib.Test.fire(Test.java:268)
	at ptolemy.domains.de.kernel.DEDirector._fire(DEDirector.java:1948)
	at ptolemy.domains.de.kernel.DEDirector.fire(DEDirector.java:502)
	at ptolemy.actor.CompositeActor.fire(CompositeActor.java:455)
	at ptolemy.actor.Manager.iterate(Manager.java:851)
	at ptolemy.actor.Manager.execute(Manager.java:369)
	at ptolemy.actor.Manager.run(Manager.java:1263)
	at ptolemy.actor.Manager$PtolemyRunThread.run(Manager.java:1915)

    while executing
ptolemy.kernel.util.IllegalActionException: Test fails in iteration 1.
Value was: 1.0. Should have been: 2.0
  in .DirectFeedback.Test
    while executing
"java::new ptolemy.moml.MoMLSimpleApplication $file
"
    (procedure "createAndExecute" line 2)
    invoked from within
"createAndExecute $file"
    ("uplevel" body line 5)
    invoked from within
"uplevel $contents_of_test"
------------------ testing $PTII/ptolemy/domains/de/test/auto/ActorDepthCalculation_actorWithoutPorts.xml
auto.tcl: Setting watchdog for 200 seconds at Thu Apr 26 22:18:36 UTC 2018
7 ms. Memory: 146944K Free: 133645K (91%)
ptolemy.util.test.WatchDog.cancel(): canceling Thu Apr 26 22:18:36 UTC 2018
auto.tcl: Setting watchdog for 200 seconds at Thu Apr 26 22:18:36 UTC 2018
4 ms. Memory: 146944K Free: 132613K (90%)
ptolemy.util.test.WatchDog.cancel(): canceling Thu Apr 26 22:18:36 UTC 2018
------------------ testing $PTII/ptolemy/domains/de/test/auto/AssemblyLine.xml
auto.tcl: Setting watchdog for 200 seconds at Thu Apr 26 22:18:37 UTC 2018
7 ms. Memory: 208384K Free: 189037K (91%)
ptolemy.util.test.WatchDog.cancel(): canceling Thu Apr 26 22:18:37 UTC 2018
auto.tcl: Setting watchdog for 200 seconds at Thu Apr 26 22:18:37 UTC 2018
5 ms. Memory: 208384K Free: 187808K (90%)
ptolemy.util.test.WatchDog.cancel(): canceling Thu Apr 26 22:18:37 UTC 2018
------------------ testing $PTII/ptolemy/domains/de/test/auto/CQBug1.xml
auto.tcl: Setting watchdog for 200 seconds at Thu Apr 26 22:18:37 UTC 2018
6 ms. Memory: 208384K Free: 194066K (93%)
ptolemy.util.test.WatchDog.cancel(): canceling Thu Apr 26 22:18:37 UTC 2018
auto.tcl: Setting watchdog for 200 seconds at Thu Apr 26 22:18:37 UTC 2018
2 ms. Memory: 208384K Free: 194066K (93%)
ptolemy.util.test.WatchDog.cancel(): canceling Thu Apr 26 22:18:37 UTC 2018
------------------ testing $PTII/ptolemy/domains/de/test/auto/CancelFireAt.xml
auto.tcl: Setting watchdog for 200 seconds at Thu Apr 26 22:18:37 UTC 2018
9 ms. Memory: 208384K Free: 199988K (96%)
ptolemy.util.test.WatchDog.cancel(): canceling Thu Apr 26 22:18:37 UTC 2018
auto.tcl: Setting watchdog for 200 seconds at Thu Apr 26 22:18:37 UTC 2018
6 ms. Memory: 208384K Free: 197899K (95%)
ptolemy.util.test.WatchDog.cancel(): canceling Thu Apr 26 22:18:37 UTC 2018
------------------ testing $PTII/ptolemy/domains/de/test/auto/CausalityAndComposabilityAnalysis.xml
auto.tcl: Setting watchdog for 200 seconds at Thu Apr 26 22:18:37 UTC 2018
11 ms. Memory: 208384K Free: 196872K (94%)
ptolemy.util.test.WatchDog.cancel(): canceling Thu Apr 26 22:18:37 UTC 2018
auto.tcl: Setting watchdog for 200 seconds at Thu Apr 26 22:18:37 UTC 2018
9 ms. Memory: 208384K Free: 196872K (94%)
ptolemy.util.test.WatchDog.cancel(): canceling Thu Apr 26 22:18:37 UTC 2018
------------------ testing $PTII/ptolemy/domains/de/test/auto/CausalityInterface1.xml
auto.tcl: Setting watchdog for 200 seconds at Thu Apr 26 22:18:37 UTC 2018
10 ms. Memory: 208384K Free: 196472K (94%)
ptolemy.util.test.WatchDog.cancel(): canceling Thu Apr 26 22:18:37 UTC 2018
auto.tcl: Setting watchdog for 200 seconds at Thu Apr 26 22:18:37 UTC 2018
4 ms. Memory: 208384K Free: 196472K (94%)
ptolemy.util.test.WatchDog.cancel(): canceling Thu Apr 26 22:18:37 UTC 2018
------------------ testing $PTII/ptolemy/domains/de/test/auto/CausalityInterface15.xml
auto.tcl: Setting watchdog for 200 seconds at Thu Apr 26 22:18:37 UTC 2018
23 ms. Memory: 208384K Free: 196463K (94%)
ptolemy.util.test.WatchDog.cancel(): canceling Thu Apr 26 22:18:37 UTC 2018
auto.tcl: Setting watchdog for 200 seconds at Thu Apr 26 22:18:37 UTC 2018
10 ms. Memory: 208384K Free: 194373K (93%)
ptolemy.util.test.WatchDog.cancel(): canceling Thu Apr 26 22:18:37 UTC 2018
------------------ testing $PTII/ptolemy/domains/de/test/auto/CausalityInterface2.xml
auto.tcl: Setting watchdog for 200 seconds at Thu Apr 26 22:18:37 UTC 2018
3 ms. Memory: 208384K Free: 196785K (94%)
ptolemy.util.test.WatchDog.cancel(): canceling Thu Apr 26 22:18:37 UTC 2018
auto.tcl: Setting watchdog for 200 seconds at Thu Apr 26 22:18:37 UTC 2018
4 ms. Memory: 208384K Free: 196447K (94%)
ptolemy.util.test.WatchDog.cancel(): canceling Thu Apr 26 22:18:37 UTC 2018
------------------ testing $PTII/ptolemy/domains/de/test/auto/CausalityInterface3.xml
auto.tcl: Setting watchdog for 200 seconds at Thu Apr 26 22:18:37 UTC 2018
6 ms. Memory: 208384K Free: 196460K (94%)
ptolemy.util.test.WatchDog.cancel(): canceling Thu Apr 26 22:18:37 UTC 2018
auto.tcl: Setting watchdog for 200 seconds at Thu Apr 26 22:18:37 UTC 2018
3 ms. Memory: 208384K Free: 196460K (94%)
ptolemy.util.test.WatchDog.cancel(): canceling Thu Apr 26 22:18:37 UTC 2018
------------------ testing $PTII/ptolemy/domains/de/test/auto/ClockDrift.xml
auto.tcl: Setting watchdog for 200 seconds at Thu Apr 26 22:18:37 UTC 2018
82 ms. Memory: 208384K Free: 187722K (90%)
ptolemy.util.test.WatchDog.cancel(): canceling Thu Apr 26 22:18:37 UTC 2018
auto.tcl: Setting watchdog for 200 seconds at Thu Apr 26 22:18:37 UTC 2018
49 ms. Memory: 208384K Free: 185632K (89%)
ptolemy.util.test.WatchDog.cancel(): canceling Thu Apr 26 22:18:38 UTC 2018
------------------ testing $PTII/ptolemy/domains/de/test/auto/ClockDriftAndValueChange.xml
auto.tcl: Setting watchdog for 200 seconds at Thu Apr 26 22:18:38 UTC 2018
48 ms. Memory: 208384K Free: 187556K (90%)
ptolemy.util.test.WatchDog.cancel(): canceling Thu Apr 26 22:18:38 UTC 2018
auto.tcl: Setting watchdog for 200 seconds at Thu Apr 26 22:18:38 UTC 2018
31 ms. Memory: 208384K Free: 185467K (89%)
ptolemy.util.test.WatchDog.cancel(): canceling Thu Apr 26 22:18:38 UTC 2018
------------------ testing $PTII/ptolemy/domains/de/test/auto/ClockDriftChange.xml
auto.tcl: Setting watchdog for 200 seconds at Thu Apr 26 22:18:38 UTC 2018
39 ms. Memory: 208384K Free: 190867K (92%)
ptolemy.util.test.WatchDog.cancel(): canceling Thu Apr 26 22:18:38 UTC 2018
auto.tcl: Setting watchdog for 200 seconds at Thu Apr 26 22:18:38 UTC 2018
18 ms. Memory: 208384K Free: 188778K (91%)
ptolemy.util.test.WatchDog.cancel(): canceling Thu Apr 26 22:18:38 UTC 2018
------------------ testing $PTII/ptolemy/domains/de/test/auto/ComposableCausalityAnalysis.xml
auto.tcl: Setting watchdog for 200 seconds at Thu Apr 26 22:18:38 UTC 2018
2 ms. Memory: 208384K Free: 196313K (94%)
ptolemy.util.test.WatchDog.cancel(): canceling Thu Apr 26 22:18:38 UTC 2018
auto.tcl: Setting watchdog for 200 seconds at Thu Apr 26 22:18:38 UTC 2018
1 ms. Memory: 208384K Free: 194224K (93%)
ptolemy.util.test.WatchDog.cancel(): canceling Thu Apr 26 22:18:38 UTC 2018
------------------ testing $PTII/ptolemy/domains/de/test/auto/DEFixedPointLimitation.xml
auto.tcl: Setting watchdog for 200 seconds at Thu Apr 26 22:18:38 UTC 2018
1 ms. Memory: 208384K Free: 196191K (94%)
ptolemy.util.test.WatchDog.cancel(): canceling Thu Apr 26 22:18:38 UTC 2018
auto.tcl: Setting watchdog for 200 seconds at Thu Apr 26 22:18:38 UTC 2018
1 ms. Memory: 208384K Free: 196191K (94%)
ptolemy.util.test.WatchDog.cancel(): canceling Thu Apr 26 22:18:38 UTC 2018
------------------ testing $PTII/ptolemy/domains/de/test/auto/DEScheduleTest.xml
auto.tcl: Setting watchdog for 200 seconds at Thu Apr 26 22:18:38 UTC 2018
5 ms. Memory: 208384K Free: 198315K (95%)
ptolemy.util.test.WatchDog.cancel(): canceling Thu Apr 26 22:18:38 UTC 2018
auto.tcl: Setting watchdog for 200 seconds at Thu Apr 26 22:18:38 UTC 2018
4 ms. Memory: 208384K Free: 196226K (94%)
ptolemy.util.test.WatchDog.cancel(): canceling Thu Apr 26 22:18:38 UTC 2018
------------------ testing $PTII/ptolemy/domains/de/test/auto/DEinDEwithStartTimes.xml
auto.tcl: Setting watchdog for 200 seconds at Thu Apr 26 22:18:38 UTC 2018
4 ms. Memory: 208384K Free: 196195K (94%)
ptolemy.util.test.WatchDog.cancel(): canceling Thu Apr 26 22:18:38 UTC 2018
auto.tcl: Setting watchdog for 200 seconds at Thu Apr 26 22:18:38 UTC 2018
3 ms. Memory: 208384K Free: 194105K (93%)
ptolemy.util.test.WatchDog.cancel(): canceling Thu Apr 26 22:18:38 UTC 2018
------------------ testing $PTII/ptolemy/domains/de/test/auto/DEinDEwithStartTimes2.xml
auto.tcl: Setting watchdog for 200 seconds at Thu Apr 26 22:18:38 UTC 2018
4 ms. Memory: 208384K Free: 196512K (94%)
ptolemy.util.test.WatchDog.cancel(): canceling Thu Apr 26 22:18:38 UTC 2018
auto.tcl: Setting watchdog for 200 seconds at Thu Apr 26 22:18:38 UTC 2018
4 ms. Memory: 208384K Free: 194085K (93%)
ptolemy.util.test.WatchDog.cancel(): canceling Thu Apr 26 22:18:38 UTC 2018
------------------ testing $PTII/ptolemy/domains/de/test/auto/DateDemo.xml
auto.tcl: Setting watchdog for 200 seconds at Thu Apr 26 22:18:38 UTC 2018
10 ms. Memory: 208384K Free: 188644K (91%)
ptolemy.util.test.WatchDog.cancel(): canceling Thu Apr 26 22:18:38 UTC 2018
auto.tcl: Setting watchdog for 200 seconds at Thu Apr 26 22:18:38 UTC 2018
5 ms. Memory: 208384K Free: 186554K (90%)
ptolemy.util.test.WatchDog.cancel(): canceling Thu Apr 26 22:18:38 UTC 2018
------------------ testing $PTII/ptolemy/domains/de/test/auto/DateToEvent.xml
auto.tcl: Setting watchdog for 200 seconds at Thu Apr 26 22:18:38 UTC 2018
2021 ms. Memory: 208384K Free: 183391K (88%)
ptolemy.util.test.WatchDog.cancel(): canceling Thu Apr 26 22:18:41 UTC 2018
auto.tcl: Setting watchdog for 200 seconds at Thu Apr 26 22:18:41 UTC 2018
2005 ms. Memory: 208384K Free: 183391K (88%)
ptolemy.util.test.WatchDog.cancel(): canceling Thu Apr 26 22:18:43 UTC 2018
------------------ testing $PTII/ptolemy/domains/de/test/auto/DepthTest1.xml
auto.tcl: Setting watchdog for 200 seconds at Thu Apr 26 22:18:43 UTC 2018
2 ms. Memory: 208384K Free: 197844K (95%)
ptolemy.util.test.WatchDog.cancel(): canceling Thu Apr 26 22:18:43 UTC 2018
auto.tcl: Setting watchdog for 200 seconds at Thu Apr 26 22:18:43 UTC 2018
1 ms. Memory: 208384K Free: 197844K (95%)
ptolemy.util.test.WatchDog.cancel(): canceling Thu Apr 26 22:18:43 UTC 2018
------------------ testing $PTII/ptolemy/domains/de/test/auto/DepthTest2.xml
auto.tcl: Setting watchdog for 200 seconds at Thu Apr 26 22:18:43 UTC 2018
4 ms. Memory: 208384K Free: 194065K (93%)
ptolemy.util.test.WatchDog.cancel(): canceling Thu Apr 26 22:18:43 UTC 2018
auto.tcl: Setting watchdog for 200 seconds at Thu Apr 26 22:18:43 UTC 2018
6 ms. Memory: 208384K Free: 194065K (93%)
ptolemy.util.test.WatchDog.cancel(): canceling Thu Apr 26 22:18:43 UTC 2018
------------------ testing $PTII/ptolemy/domains/de/test/auto/DepthTest3.xml
auto.tcl: Setting watchdog for 200 seconds at Thu Apr 26 22:18:43 UTC 2018
7 ms. Memory: 208384K Free: 198514K (95%)
ptolemy.util.test.WatchDog.cancel(): canceling Thu Apr 26 22:18:43 UTC 2018
auto.tcl: Setting watchdog for 200 seconds at Thu Apr 26 22:18:43 UTC 2018
6 ms. Memory: 208384K Free: 198514K (95%)
ptolemy.util.test.WatchDog.cancel(): canceling Thu Apr 26 22:18:43 UTC 2018
------------------ testing $PTII/ptolemy/domains/de/test/auto/DepthTest4.xml
auto.tcl: Setting watchdog for 200 seconds at Thu Apr 26 22:18:43 UTC 2018
4 ms. Memory: 208384K Free: 196175K (94%)
ptolemy.util.test.WatchDog.cancel(): canceling Thu Apr 26 22:18:43 UTC 2018
auto.tcl: Setting watchdog for 200 seconds at Thu Apr 26 22:18:43 UTC 2018
1 ms. Memory: 208384K Free: 196175K (94%)
ptolemy.util.test.WatchDog.cancel(): canceling Thu Apr 26 22:18:43 UTC 2018
------------------ testing $PTII/ptolemy/domains/de/test/auto/DepthTest5.xml
auto.tcl: Setting watchdog for 200 seconds at Thu Apr 26 22:18:43 UTC 2018
4 ms. Memory: 208384K Free: 196121K (94%)
ptolemy.util.test.WatchDog.cancel(): canceling Thu Apr 26 22:18:43 UTC 2018
auto.tcl: Setting watchdog for 200 seconds at Thu Apr 26 22:18:43 UTC 2018
2 ms. Memory: 208384K Free: 196121K (94%)
ptolemy.util.test.WatchDog.cancel(): canceling Thu Apr 26 22:18:43 UTC 2018
------------------ testing $PTII/ptolemy/domains/de/test/auto/DepthTest6.xml
auto.tcl: Setting watchdog for 200 seconds at Thu Apr 26 22:18:43 UTC 2018
5 ms. Memory: 208384K Free: 196436K (94%)
ptolemy.util.test.WatchDog.cancel(): canceling Thu Apr 26 22:18:43 UTC 2018
auto.tcl: Setting watchdog for 200 seconds at Thu Apr 26 22:18:43 UTC 2018
2 ms. Memory: 208384K Free: 196436K (94%)
ptolemy.util.test.WatchDog.cancel(): canceling Thu Apr 26 22:18:43 UTC 2018
------------------ testing $PTII/ptolemy/domains/de/test/auto/DepthTest7.xml
auto.tcl: Setting watchdog for 200 seconds at Thu Apr 26 22:18:43 UTC 2018
2 ms. Memory: 208384K Free: 196095K (94%)
ptolemy.util.test.WatchDog.cancel(): canceling Thu Apr 26 22:18:43 UTC 2018
auto.tcl: Setting watchdog for 200 seconds at Thu Apr 26 22:18:43 UTC 2018
1 ms. Memory: 208384K Free: 196095K (94%)
ptolemy.util.test.WatchDog.cancel(): canceling Thu Apr 26 22:18:43 UTC 2018
------------------ testing $PTII/ptolemy/domains/de/test/auto/EventToDate.xml
auto.tcl: Setting watchdog for 200 seconds at Thu Apr 26 22:18:43 UTC 2018
3011 ms. Memory: 208384K Free: 185669K (89%)
ptolemy.util.test.WatchDog.cancel(): canceling Thu Apr 26 22:18:46 UTC 2018
auto.tcl: Setting watchdog for 200 seconds at Thu Apr 26 22:18:46 UTC 2018
3003 ms. Memory: 208384K Free: 185669K (89%)
ptolemy.util.test.WatchDog.cancel(): canceling Thu Apr 26 22:18:49 UTC 2018
------------------ testing $PTII/ptolemy/domains/de/test/auto/FSM1.xml
auto.tcl: Setting watchdog for 200 seconds at Thu Apr 26 22:18:49 UTC 2018
34 ms. Memory: 208384K Free: 184606K (89%)
ptolemy.util.test.WatchDog.cancel(): canceling Thu Apr 26 22:18:49 UTC 2018
auto.tcl: Setting watchdog for 200 seconds at Thu Apr 26 22:18:49 UTC 2018
22 ms. Memory: 208384K Free: 182516K (88%)
ptolemy.util.test.WatchDog.cancel(): canceling Thu Apr 26 22:18:49 UTC 2018
------------------ testing $PTII/ptolemy/domains/de/test/auto/FSM7.xml
auto.tcl: Setting watchdog for 200 seconds at Thu Apr 26 22:18:49 UTC 2018
22 ms. Memory: 208384K Free: 187268K (90%)
ptolemy.util.test.WatchDog.cancel(): canceling Thu Apr 26 22:18:49 UTC 2018
auto.tcl: Setting watchdog for 200 seconds at Thu Apr 26 22:18:49 UTC 2018
17 ms. Memory: 208384K Free: 185178K (89%)
ptolemy.util.test.WatchDog.cancel(): canceling Thu Apr 26 22:18:49 UTC 2018
------------------ testing $PTII/ptolemy/domains/de/test/auto/Inspection.xml
auto.tcl: Setting watchdog for 200 seconds at Thu Apr 26 22:18:49 UTC 2018
20 ms. Memory: 208384K Free: 188818K (91%)
ptolemy.util.test.WatchDog.cancel(): canceling Thu Apr 26 22:18:50 UTC 2018
auto.tcl: Setting watchdog for 200 seconds at Thu Apr 26 22:18:50 UTC 2018
23 ms. Memory: 208384K Free: 186729K (90%)
ptolemy.util.test.WatchDog.cancel(): canceling Thu Apr 26 22:18:50 UTC 2018
------------------ testing $PTII/ptolemy/domains/de/test/auto/Iteration.xml
auto.tcl: Setting watchdog for 200 seconds at Thu Apr 26 22:18:50 UTC 2018
6 ms. Memory: 208384K Free: 194135K (93%)
ptolemy.util.test.WatchDog.cancel(): canceling Thu Apr 26 22:18:50 UTC 2018
auto.tcl: Setting watchdog for 200 seconds at Thu Apr 26 22:18:50 UTC 2018
6 ms. Memory: 208384K Free: 194135K (93%)
ptolemy.util.test.WatchDog.cancel(): canceling Thu Apr 26 22:18:50 UTC 2018
------------------ testing $PTII/ptolemy/domains/de/test/auto/LineFault.xml
auto.tcl: Setting watchdog for 200 seconds at Thu Apr 26 22:18:50 UTC 2018
689 ms. Memory: 208384K Free: 196452K (94%)
ptolemy.util.test.WatchDog.cancel(): canceling Thu Apr 26 22:18:51 UTC 2018
auto.tcl: Setting watchdog for 200 seconds at Thu Apr 26 22:18:51 UTC 2018
504 ms. Memory: 208384K Free: 139405K (67%)
ptolemy.util.test.WatchDog.cancel(): canceling Thu Apr 26 22:18:51 UTC 2018
------------------ testing $PTII/ptolemy/domains/de/test/auto/MergeModel1Add.xml
auto.tcl: Setting watchdog for 200 seconds at Thu Apr 26 22:18:51 UTC 2018
23 ms. Memory: 331264K Free: 302583K (91%)
ptolemy.util.test.WatchDog.cancel(): canceling Thu Apr 26 22:18:51 UTC 2018
auto.tcl: Setting watchdog for 200 seconds at Thu Apr 26 22:18:51 UTC 2018
9 ms. Memory: 331264K Free: 298629K (90%)
ptolemy.util.test.WatchDog.cancel(): canceling Thu Apr 26 22:18:51 UTC 2018
------------------ testing $PTII/ptolemy/domains/de/test/auto/MergeModel2Add.xml
auto.tcl: Setting watchdog for 200 seconds at Thu Apr 26 22:18:51 UTC 2018
7 ms. Memory: 331264K Free: 303919K (92%)
ptolemy.util.test.WatchDog.cancel(): canceling Thu Apr 26 22:18:51 UTC 2018
auto.tcl: Setting watchdog for 200 seconds at Thu Apr 26 22:18:51 UTC 2018
7 ms. Memory: 331264K Free: 299965K (91%)
ptolemy.util.test.WatchDog.cancel(): canceling Thu Apr 26 22:18:51 UTC 2018
------------------ testing $PTII/ptolemy/domains/de/test/auto/MergeModel3Add.xml
auto.tcl: Setting watchdog for 200 seconds at Thu Apr 26 22:18:51 UTC 2018
6 ms. Memory: 331264K Free: 303930K (92%)
ptolemy.util.test.WatchDog.cancel(): canceling Thu Apr 26 22:18:52 UTC 2018
auto.tcl: Setting watchdog for 200 seconds at Thu Apr 26 22:18:52 UTC 2018
6 ms. Memory: 331264K Free: 299975K (91%)
ptolemy.util.test.WatchDog.cancel(): canceling Thu Apr 26 22:18:52 UTC 2018
------------------ testing $PTII/ptolemy/domains/de/test/auto/MergeWithoutDiscard.xml
auto.tcl: Setting watchdog for 200 seconds at Thu Apr 26 22:18:52 UTC 2018
1 ms. Memory: 331264K Free: 316076K (95%)
ptolemy.util.test.WatchDog.cancel(): canceling Thu Apr 26 22:18:52 UTC 2018
auto.tcl: Setting watchdog for 200 seconds at Thu Apr 26 22:18:52 UTC 2018
1 ms. Memory: 331264K Free: 316076K (95%)
ptolemy.util.test.WatchDog.cancel(): canceling Thu Apr 26 22:18:52 UTC 2018
------------------ testing $PTII/ptolemy/domains/de/test/auto/Modal1.xml
auto.tcl: Setting watchdog for 200 seconds at Thu Apr 26 22:18:52 UTC 2018
21 ms. Memory: 331264K Free: 309690K (93%)
ptolemy.util.test.WatchDog.cancel(): canceling Thu Apr 26 22:18:52 UTC 2018
auto.tcl: Setting watchdog for 200 seconds at Thu Apr 26 22:18:52 UTC 2018
19 ms. Memory: 331264K Free: 300820K (91%)
ptolemy.util.test.WatchDog.cancel(): canceling Thu Apr 26 22:18:52 UTC 2018
------------------ testing $PTII/ptolemy/domains/de/test/auto/Modal2.xml
auto.tcl: Setting watchdog for 200 seconds at Thu Apr 26 22:18:52 UTC 2018
14 ms. Memory: 331264K Free: 309550K (93%)
ptolemy.util.test.WatchDog.cancel(): canceling Thu Apr 26 22:18:52 UTC 2018
auto.tcl: Setting watchdog for 200 seconds at Thu Apr 26 22:18:52 UTC 2018
14 ms. Memory: 331264K Free: 305596K (92%)
ptolemy.util.test.WatchDog.cancel(): canceling Thu Apr 26 22:18:52 UTC 2018
------------------ testing $PTII/ptolemy/domains/de/test/auto/Modal3.xml
auto.tcl: Setting watchdog for 200 seconds at Thu Apr 26 22:18:52 UTC 2018
13 ms. Memory: 331264K Free: 309843K (94%)
ptolemy.util.test.WatchDog.cancel(): canceling Thu Apr 26 22:18:52 UTC 2018
auto.tcl: Setting watchdog for 200 seconds at Thu Apr 26 22:18:52 UTC 2018
13 ms. Memory: 331264K Free: 305603K (92%)
ptolemy.util.test.WatchDog.cancel(): canceling Thu Apr 26 22:18:52 UTC 2018
------------------ testing $PTII/ptolemy/domains/de/test/auto/Modal4.xml
auto.tcl: Setting watchdog for 200 seconds at Thu Apr 26 22:18:52 UTC 2018
20 ms. Memory: 331264K Free: 309848K (94%)
ptolemy.util.test.WatchDog.cancel(): canceling Thu Apr 26 22:18:52 UTC 2018
auto.tcl: Setting watchdog for 200 seconds at Thu Apr 26 22:18:52 UTC 2018
20 ms. Memory: 331264K Free: 305608K (92%)
ptolemy.util.test.WatchDog.cancel(): canceling Thu Apr 26 22:18:52 UTC 2018
------------------ testing $PTII/ptolemy/domains/de/test/auto/Modal5.xml
auto.tcl: Setting watchdog for 200 seconds at Thu Apr 26 22:18:52 UTC 2018
13 ms. Memory: 331264K Free: 309549K (93%)
ptolemy.util.test.WatchDog.cancel(): canceling Thu Apr 26 22:18:52 UTC 2018
auto.tcl: Setting watchdog for 200 seconds at Thu Apr 26 22:18:52 UTC 2018
12 ms. Memory: 331264K Free: 305595K (92%)
ptolemy.util.test.WatchDog.cancel(): canceling Thu Apr 26 22:18:52 UTC 2018
------------------ testing $PTII/ptolemy/domains/de/test/auto/Modal6.xml
auto.tcl: Setting watchdog for 200 seconds at Thu Apr 26 22:18:52 UTC 2018
16 ms. Memory: 331264K Free: 309547K (93%)
ptolemy.util.test.WatchDog.cancel(): canceling Thu Apr 26 22:18:52 UTC 2018
auto.tcl: Setting watchdog for 200 seconds at Thu Apr 26 22:18:52 UTC 2018
15 ms. Memory: 331264K Free: 305592K (92%)
ptolemy.util.test.WatchDog.cancel(): canceling Thu Apr 26 22:18:52 UTC 2018
------------------ testing $PTII/ptolemy/domains/de/test/auto/Modal7.xml
auto.tcl: Setting watchdog for 200 seconds at Thu Apr 26 22:18:52 UTC 2018
9 ms. Memory: 331264K Free: 309546K (93%)
ptolemy.util.test.WatchDog.cancel(): canceling Thu Apr 26 22:18:52 UTC 2018
auto.tcl: Setting watchdog for 200 seconds at Thu Apr 26 22:18:52 UTC 2018
9 ms. Memory: 331264K Free: 305592K (92%)
ptolemy.util.test.WatchDog.cancel(): canceling Thu Apr 26 22:18:52 UTC 2018
------------------ testing $PTII/ptolemy/domains/de/test/auto/ModalModel.xml
auto.tcl: Setting watchdog for 200 seconds at Thu Apr 26 22:18:52 UTC 2018
150 ms. Memory: 331264K Free: 246041K (74%)
ptolemy.util.test.WatchDog.cancel(): canceling Thu Apr 26 22:18:53 UTC 2018
auto.tcl: Setting watchdog for 200 seconds at Thu Apr 26 22:18:53 UTC 2018
169 ms. Memory: 331264K Free: 190677K (58%)
ptolemy.util.test.WatchDog.cancel(): canceling Thu Apr 26 22:18:53 UTC 2018
------------------ testing $PTII/ptolemy/domains/de/test/auto/ModalSource.xml
auto.tcl: Setting watchdog for 200 seconds at Thu Apr 26 22:18:53 UTC 2018
10 ms. Memory: 331264K Free: 316344K (95%)
ptolemy.util.test.WatchDog.cancel(): canceling Thu Apr 26 22:18:53 UTC 2018
auto.tcl: Setting watchdog for 200 seconds at Thu Apr 26 22:18:53 UTC 2018
3 ms. Memory: 331264K Free: 312823K (94%)
ptolemy.util.test.WatchDog.cancel(): canceling Thu Apr 26 22:18:53 UTC 2018
------------------ testing $PTII/ptolemy/domains/de/test/auto/NonInterruptibleTimerZeroDelay.xml
auto.tcl: Setting watchdog for 200 seconds at Thu Apr 26 22:18:53 UTC 2018
4 ms. Memory: 331264K Free: 320701K (97%)
ptolemy.util.test.WatchDog.cancel(): canceling Thu Apr 26 22:18:53 UTC 2018
auto.tcl: Setting watchdog for 200 seconds at Thu Apr 26 22:18:53 UTC 2018
2 ms. Memory: 331264K Free: 317165K (96%)
ptolemy.util.test.WatchDog.cancel(): canceling Thu Apr 26 22:18:53 UTC 2018
------------------ testing $PTII/ptolemy/domains/de/test/auto/OpenQueueingNetwork.xml
auto.tcl: Setting watchdog for 200 seconds at Thu Apr 26 22:18:53 UTC 2018
2556 ms. Memory: 573952K Free: 413683K (72%)
ptolemy.util.test.WatchDog.cancel(): canceling Thu Apr 26 22:18:56 UTC 2018
auto.tcl: Setting watchdog for 200 seconds at Thu Apr 26 22:18:56 UTC 2018
2105 ms. Memory: 550912K Free: 327727K (59%)
ptolemy.util.test.WatchDog.cancel(): canceling Thu Apr 26 22:18:58 UTC 2018
------------------ testing $PTII/ptolemy/domains/de/test/auto/OpenQueuingNetwork.xml
auto.tcl: Setting watchdog for 200 seconds at Thu Apr 26 22:18:58 UTC 2018
212 ms. Memory: 549888K Free: 445563K (81%)
ptolemy.util.test.WatchDog.cancel(): canceling Thu Apr 26 22:18:58 UTC 2018
auto.tcl: Setting watchdog for 200 seconds at Thu Apr 26 22:18:58 UTC 2018
202 ms. Memory: 549888K Free: 385951K (70%)
ptolemy.util.test.WatchDog.cancel(): canceling Thu Apr 26 22:18:58 UTC 2018
------------------ testing $PTII/ptolemy/domains/de/test/auto/PeriodicSampler.xml
auto.tcl: Setting watchdog for 200 seconds at Thu Apr 26 22:18:58 UTC 2018
2 ms. Memory: 551936K Free: 531728K (96%)
ptolemy.util.test.WatchDog.cancel(): canceling Thu Apr 26 22:18:58 UTC 2018
auto.tcl: Setting watchdog for 200 seconds at Thu Apr 26 22:18:58 UTC 2018
2 ms. Memory: 551936K Free: 531728K (96%)
ptolemy.util.test.WatchDog.cancel(): canceling Thu Apr 26 22:18:58 UTC 2018
------------------ testing $PTII/ptolemy/domains/de/test/auto/PersistentIO.xml
auto.tcl: Setting watchdog for 200 seconds at Thu Apr 26 22:18:58 UTC 2018
4 ms. Memory: 549376K Free: 524561K (95%)
ptolemy.util.test.WatchDog.cancel(): canceling Thu Apr 26 22:18:58 UTC 2018
auto.tcl: Setting watchdog for 200 seconds at Thu Apr 26 22:18:58 UTC 2018
4 ms. Memory: 549376K Free: 524561K (95%)
ptolemy.util.test.WatchDog.cancel(): canceling Thu Apr 26 22:18:58 UTC 2018
------------------ testing $PTII/ptolemy/domains/de/test/auto/PortParameterResetOnInitialize.xml
auto.tcl: Setting watchdog for 200 seconds at Thu Apr 26 22:18:58 UTC 2018
2 ms. Memory: 551424K Free: 531677K (96%)
ptolemy.util.test.WatchDog.cancel(): canceling Thu Apr 26 22:18:59 UTC 2018
auto.tcl: Setting watchdog for 200 seconds at Thu Apr 26 22:18:59 UTC 2018
1 ms. Memory: 551424K Free: 531677K (96%)
ptolemy.util.test.WatchDog.cancel(): canceling Thu Apr 26 22:18:59 UTC 2018
------------------ testing $PTII/ptolemy/domains/de/test/auto/PortParameterUpdates.xml
auto.tcl: Setting watchdog for 200 seconds at Thu Apr 26 22:18:59 UTC 2018
5 ms. Memory: 549376K Free: 529023K (96%)
ptolemy.util.test.WatchDog.cancel(): canceling Thu Apr 26 22:18:59 UTC 2018
auto.tcl: Setting watchdog for 200 seconds at Thu Apr 26 22:18:59 UTC 2018
4 ms. Memory: 549376K Free: 529023K (96%)
ptolemy.util.test.WatchDog.cancel(): canceling Thu Apr 26 22:18:59 UTC 2018
------------------ testing $PTII/ptolemy/domains/de/test/auto/QueueAndServer.xml
auto.tcl: Setting watchdog for 200 seconds at Thu Apr 26 22:18:59 UTC 2018
19 ms. Memory: 551424K Free: 531018K (96%)
ptolemy.util.test.WatchDog.cancel(): canceling Thu Apr 26 22:18:59 UTC 2018
auto.tcl: Setting watchdog for 200 seconds at Thu Apr 26 22:18:59 UTC 2018
5 ms. Memory: 551424K Free: 531018K (96%)
ptolemy.util.test.WatchDog.cancel(): canceling Thu Apr 26 22:18:59 UTC 2018
------------------ testing $PTII/ptolemy/domains/de/test/auto/Records.xml
auto.tcl: Setting watchdog for 200 seconds at Thu Apr 26 22:18:59 UTC 2018
11 ms. Memory: 549376K Free: 534348K (97%)
ptolemy.util.test.WatchDog.cancel(): canceling Thu Apr 26 22:18:59 UTC 2018
auto.tcl: Setting watchdog for 200 seconds at Thu Apr 26 22:18:59 UTC 2018
1 ms. Memory: 549376K Free: 534348K (97%)
ptolemy.util.test.WatchDog.cancel(): canceling Thu Apr 26 22:18:59 UTC 2018
------------------ testing $PTII/ptolemy/domains/de/test/auto/ResetTransitionWithStartTime1.xml
auto.tcl: Setting watchdog for 200 seconds at Thu Apr 26 22:18:59 UTC 2018
18 ms. Memory: 551424K Free: 531214K (96%)
ptolemy.util.test.WatchDog.cancel(): canceling Thu Apr 26 22:18:59 UTC 2018
auto.tcl: Setting watchdog for 200 seconds at Thu Apr 26 22:18:59 UTC 2018
4 ms. Memory: 551424K Free: 530985K (96%)
ptolemy.util.test.WatchDog.cancel(): canceling Thu Apr 26 22:18:59 UTC 2018
------------------ testing $PTII/ptolemy/domains/de/test/auto/ResetTransitionWithStartTime2.xml
auto.tcl: Setting watchdog for 200 seconds at Thu Apr 26 22:18:59 UTC 2018
7 ms. Memory: 549376K Free: 529158K (96%)
ptolemy.util.test.WatchDog.cancel(): canceling Thu Apr 26 22:18:59 UTC 2018
auto.tcl: Setting watchdog for 200 seconds at Thu Apr 26 22:18:59 UTC 2018
6 ms. Memory: 549376K Free: 529158K (96%)
ptolemy.util.test.WatchDog.cancel(): canceling Thu Apr 26 22:18:59 UTC 2018
------------------ testing $PTII/ptolemy/domains/de/test/auto/ResetTransitionWithStartTime3.xml
auto.tcl: Setting watchdog for 200 seconds at Thu Apr 26 22:18:59 UTC 2018
7 ms. Memory: 550912K Free: 530477K (96%)
ptolemy.util.test.WatchDog.cancel(): canceling Thu Apr 26 22:18:59 UTC 2018
auto.tcl: Setting watchdog for 200 seconds at Thu Apr 26 22:18:59 UTC 2018
7 ms. Memory: 550912K Free: 530477K (96%)
ptolemy.util.test.WatchDog.cancel(): canceling Thu Apr 26 22:18:59 UTC 2018
------------------ testing $PTII/ptolemy/domains/de/test/auto/ResetTransitionWithStartTime4.xml
auto.tcl: Setting watchdog for 200 seconds at Thu Apr 26 22:18:59 UTC 2018
3 ms. Memory: 549376K Free: 528939K (96%)
ptolemy.util.test.WatchDog.cancel(): canceling Thu Apr 26 22:18:59 UTC 2018
auto.tcl: Setting watchdog for 200 seconds at Thu Apr 26 22:18:59 UTC 2018
3 ms. Memory: 549376K Free: 528939K (96%)
ptolemy.util.test.WatchDog.cancel(): canceling Thu Apr 26 22:18:59 UTC 2018
------------------ testing $PTII/ptolemy/domains/de/test/auto/ResettableTimer1.xml
auto.tcl: Setting watchdog for 200 seconds at Thu Apr 26 22:18:59 UTC 2018
2 ms. Memory: 550912K Free: 535890K (97%)
ptolemy.util.test.WatchDog.cancel(): canceling Thu Apr 26 22:18:59 UTC 2018
auto.tcl: Setting watchdog for 200 seconds at Thu Apr 26 22:18:59 UTC 2018
2 ms. Memory: 550912K Free: 535890K (97%)
ptolemy.util.test.WatchDog.cancel(): canceling Thu Apr 26 22:18:59 UTC 2018
------------------ testing $PTII/ptolemy/domains/de/test/auto/ResettableTimer2.xml
auto.tcl: Setting watchdog for 200 seconds at Thu Apr 26 22:18:59 UTC 2018
3 ms. Memory: 549376K Free: 534641K (97%)
ptolemy.util.test.WatchDog.cancel(): canceling Thu Apr 26 22:18:59 UTC 2018
auto.tcl: Setting watchdog for 200 seconds at Thu Apr 26 22:18:59 UTC 2018
2 ms. Memory: 549376K Free: 534641K (97%)
ptolemy.util.test.WatchDog.cancel(): canceling Thu Apr 26 22:18:59 UTC 2018
------------------ testing $PTII/ptolemy/domains/de/test/auto/ResettableTimer3.xml
auto.tcl: Setting watchdog for 200 seconds at Thu Apr 26 22:18:59 UTC 2018
1 ms. Memory: 550912K Free: 535948K (97%)
ptolemy.util.test.WatchDog.cancel(): canceling Thu Apr 26 22:18:59 UTC 2018
auto.tcl: Setting watchdog for 200 seconds at Thu Apr 26 22:18:59 UTC 2018
1 ms. Memory: 550912K Free: 535948K (97%)
ptolemy.util.test.WatchDog.cancel(): canceling Thu Apr 26 22:18:59 UTC 2018
------------------ testing $PTII/ptolemy/domains/de/test/auto/ResettableTimer4.xml
auto.tcl: Setting watchdog for 200 seconds at Thu Apr 26 22:18:59 UTC 2018
1 ms. Memory: 549376K Free: 534654K (97%)
ptolemy.util.test.WatchDog.cancel(): canceling Thu Apr 26 22:18:59 UTC 2018
auto.tcl: Setting watchdog for 200 seconds at Thu Apr 26 22:18:59 UTC 2018
2 ms. Memory: 549376K Free: 534654K (97%)
ptolemy.util.test.WatchDog.cancel(): canceling Thu Apr 26 22:18:59 UTC 2018
------------------ testing $PTII/ptolemy/domains/de/test/auto/ResettableTimer5.xml
auto.tcl: Setting watchdog for 200 seconds at Thu Apr 26 22:18:59 UTC 2018
2 ms. Memory: 550400K Free: 530996K (96%)
ptolemy.util.test.WatchDog.cancel(): canceling Thu Apr 26 22:18:59 UTC 2018
auto.tcl: Setting watchdog for 200 seconds at Thu Apr 26 22:18:59 UTC 2018
1 ms. Memory: 550400K Free: 530996K (96%)
ptolemy.util.test.WatchDog.cancel(): canceling Thu Apr 26 22:18:59 UTC 2018
------------------ testing $PTII/ptolemy/domains/de/test/auto/ResettableTimer6.xml
auto.tcl: Setting watchdog for 200 seconds at Thu Apr 26 22:18:59 UTC 2018
2 ms. Memory: 549376K Free: 529692K (96%)
ptolemy.util.test.WatchDog.cancel(): canceling Thu Apr 26 22:18:59 UTC 2018
auto.tcl: Setting watchdog for 200 seconds at Thu Apr 26 22:18:59 UTC 2018
1 ms. Memory: 549376K Free: 529692K (96%)
ptolemy.util.test.WatchDog.cancel(): canceling Thu Apr 26 22:18:59 UTC 2018
------------------ testing $PTII/ptolemy/domains/de/test/auto/ServerZeroDelay.xml
auto.tcl: Setting watchdog for 200 seconds at Thu Apr 26 22:18:59 UTC 2018
3 ms. Memory: 550400K Free: 535616K (97%)
ptolemy.util.test.WatchDog.cancel(): canceling Thu Apr 26 22:18:59 UTC 2018
auto.tcl: Setting watchdog for 200 seconds at Thu Apr 26 22:18:59 UTC 2018
2 ms. Memory: 550400K Free: 535616K (97%)
ptolemy.util.test.WatchDog.cancel(): canceling Thu Apr 26 22:18:59 UTC 2018
------------------ testing $PTII/ptolemy/domains/de/test/auto/SmartSender.xml
auto.tcl: Setting watchdog for 200 seconds at Thu Apr 26 22:18:59 UTC 2018
3001 ms. Memory: 549376K Free: 529908K (96%)
ptolemy.util.test.WatchDog.cancel(): canceling Thu Apr 26 22:19:02 UTC 2018
auto.tcl: Setting watchdog for 200 seconds at Thu Apr 26 22:19:02 UTC 2018
3002 ms. Memory: 549376K Free: 529908K (96%)
ptolemy.util.test.WatchDog.cancel(): canceling Thu Apr 26 22:19:05 UTC 2018
------------------ testing $PTII/ptolemy/domains/de/test/auto/ThreadedComposite.xml
auto.tcl: Setting watchdog for 200 seconds at Thu Apr 26 22:19:05 UTC 2018
160 ms. Memory: 550400K Free: 510494K (93%)
ptolemy.util.test.WatchDog.cancel(): canceling Thu Apr 26 22:19:06 UTC 2018
auto.tcl: Setting watchdog for 200 seconds at Thu Apr 26 22:19:06 UTC 2018
102 ms. Memory: 550400K Free: 495716K (90%)
ptolemy.util.test.WatchDog.cancel(): canceling Thu Apr 26 22:19:06 UTC 2018
------------------ testing $PTII/ptolemy/domains/de/test/auto/Time.xml
auto.tcl: Setting watchdog for 200 seconds at Thu Apr 26 22:19:06 UTC 2018
479 ms. Memory: 549376K Free: 487286K (89%)
ptolemy.util.test.WatchDog.cancel(): canceling Thu Apr 26 22:19:06 UTC 2018
auto.tcl: Setting watchdog for 200 seconds at Thu Apr 26 22:19:06 UTC 2018
445 ms. Memory: 549376K Free: 433094K (79%)
ptolemy.util.test.WatchDog.cancel(): canceling Thu Apr 26 22:19:07 UTC 2018
------------------ testing $PTII/ptolemy/domains/de/test/auto/TimeDelayZeroDelay.xml
auto.tcl: Setting watchdog for 200 seconds at Thu Apr 26 22:19:07 UTC 2018
1 ms. Memory: 550400K Free: 535304K (97%)
ptolemy.util.test.WatchDog.cancel(): canceling Thu Apr 26 22:19:07 UTC 2018
auto.tcl: Setting watchdog for 200 seconds at Thu Apr 26 22:19:07 UTC 2018
2 ms. Memory: 550400K Free: 535304K (97%)
ptolemy.util.test.WatchDog.cancel(): canceling Thu Apr 26 22:19:07 UTC 2018
------------------ testing $PTII/ptolemy/domains/de/test/auto/TimerZeroDelay.xml
auto.tcl: Setting watchdog for 200 seconds at Thu Apr 26 22:19:07 UTC 2018
4 ms. Memory: 549376K Free: 534554K (97%)
ptolemy.util.test.WatchDog.cancel(): canceling Thu Apr 26 22:19:07 UTC 2018
auto.tcl: Setting watchdog for 200 seconds at Thu Apr 26 22:19:07 UTC 2018
2 ms. Memory: 549376K Free: 534554K (97%)
ptolemy.util.test.WatchDog.cancel(): canceling Thu Apr 26 22:19:07 UTC 2018
------------------ testing $PTII/ptolemy/domains/de/test/auto/TimingParadox.xml
auto.tcl: Setting watchdog for 200 seconds at Thu Apr 26 22:19:07 UTC 2018
316 ms. Memory: 549888K Free: 469542K (85%)
ptolemy.util.test.WatchDog.cancel(): canceling Thu Apr 26 22:19:07 UTC 2018
auto.tcl: Setting watchdog for 200 seconds at Thu Apr 26 22:19:07 UTC 2018
296 ms. Memory: 549888K Free: 437027K (79%)
ptolemy.util.test.WatchDog.cancel(): canceling Thu Apr 26 22:19:08 UTC 2018
------------------ testing $PTII/ptolemy/domains/de/test/auto/TransferInputs.xml
auto.tcl: Setting watchdog for 200 seconds at Thu Apr 26 22:19:08 UTC 2018
2 ms. Memory: 549888K Free: 533970K (97%)
ptolemy.util.test.WatchDog.cancel(): canceling Thu Apr 26 22:19:08 UTC 2018
auto.tcl: Setting watchdog for 200 seconds at Thu Apr 26 22:19:08 UTC 2018
1 ms. Memory: 549888K Free: 533970K (97%)
ptolemy.util.test.WatchDog.cancel(): canceling Thu Apr 26 22:19:08 UTC 2018
------------------ testing $PTII/ptolemy/domains/de/test/auto/TransferOutputs2.xml
auto.tcl: Setting watchdog for 200 seconds at Thu Apr 26 22:19:08 UTC 2018
2 ms. Memory: 549376K Free: 524461K (95%)
ptolemy.util.test.WatchDog.cancel(): canceling Thu Apr 26 22:19:08 UTC 2018
auto.tcl: Setting watchdog for 200 seconds at Thu Apr 26 22:19:08 UTC 2018
2 ms. Memory: 549376K Free: 524461K (95%)
ptolemy.util.test.WatchDog.cancel(): canceling Thu Apr 26 22:19:08 UTC 2018
------------------ testing $PTII/ptolemy/domains/de/test/auto/Trilateration.xml
auto.tcl: Setting watchdog for 200 seconds at Thu Apr 26 22:19:08 UTC 2018
12059 ms. Memory: 453632K Free: 131725K (29%)
ptolemy.util.test.WatchDog.cancel(): canceling Thu Apr 26 22:19:21 UTC 2018
auto.tcl: Setting watchdog for 200 seconds at Thu Apr 26 22:19:21 UTC 2018
10364 ms. Memory: 331264K Free: 240778K (73%)
ptolemy.util.test.WatchDog.cancel(): canceling Thu Apr 26 22:19:31 UTC 2018
------------------ testing $PTII/ptolemy/domains/de/test/auto/TwoSigmaDelta.xml
auto.tcl: Setting watchdog for 200 seconds at Thu Apr 26 22:19:31 UTC 2018
2584 ms. Memory: 320000K Free: 275626K (86%)
ptolemy.util.test.WatchDog.cancel(): canceling Thu Apr 26 22:19:34 UTC 2018
auto.tcl: Setting watchdog for 200 seconds at Thu Apr 26 22:19:34 UTC 2018
1981 ms. Memory: 307712K Free: 266727K (87%)
ptolemy.util.test.WatchDog.cancel(): canceling Thu Apr 26 22:19:36 UTC 2018
------------------ testing $PTII/ptolemy/domains/de/test/auto/VariableDelay.xml
auto.tcl: Setting watchdog for 200 seconds at Thu Apr 26 22:19:36 UTC 2018
5 ms. Memory: 309760K Free: 293194K (95%)
ptolemy.util.test.WatchDog.cancel(): canceling Thu Apr 26 22:19:36 UTC 2018
auto.tcl: Setting watchdog for 200 seconds at Thu Apr 26 22:19:36 UTC 2018
2 ms. Memory: 309760K Free: 293194K (95%)
ptolemy.util.test.WatchDog.cancel(): canceling Thu Apr 26 22:19:36 UTC 2018
------------------ testing $PTII/ptolemy/domains/de/test/auto/VariableDelay2.xml
auto.tcl: Setting watchdog for 200 seconds at Thu Apr 26 22:19:36 UTC 2018
2 ms. Memory: 307712K Free: 293824K (95%)
ptolemy.util.test.WatchDog.cancel(): canceling Thu Apr 26 22:19:36 UTC 2018
auto.tcl: Setting watchdog for 200 seconds at Thu Apr 26 22:19:36 UTC 2018
2 ms. Memory: 307712K Free: 293824K (95%)
ptolemy.util.test.WatchDog.cancel(): canceling Thu Apr 26 22:19:36 UTC 2018
------------------ testing $PTII/ptolemy/domains/de/test/auto/VariableDelayZeroDelay.xml
auto.tcl: Setting watchdog for 200 seconds at Thu Apr 26 22:19:36 UTC 2018
2 ms. Memory: 309248K Free: 296488K (96%)
ptolemy.util.test.WatchDog.cancel(): canceling Thu Apr 26 22:19:36 UTC 2018
auto.tcl: Setting watchdog for 200 seconds at Thu Apr 26 22:19:36 UTC 2018
1 ms. Memory: 309248K Free: 293096K (95%)
ptolemy.util.test.WatchDog.cancel(): canceling Thu Apr 26 22:19:36 UTC 2018
------------------ testing $PTII/ptolemy/domains/de/test/auto/VariableDelayZeroDelay2.xml
auto.tcl: Setting watchdog for 200 seconds at Thu Apr 26 22:19:36 UTC 2018
2 ms. Memory: 307712K Free: 294951K (96%)
ptolemy.util.test.WatchDog.cancel(): canceling Thu Apr 26 22:19:36 UTC 2018
auto.tcl: Setting watchdog for 200 seconds at Thu Apr 26 22:19:36 UTC 2018
1 ms. Memory: 307712K Free: 291573K (95%)
ptolemy.util.test.WatchDog.cancel(): canceling Thu Apr 26 22:19:36 UTC 2018
------------------ testing $PTII/ptolemy/domains/de/test/auto/deInCt.xml
auto.tcl: Setting watchdog for 200 seconds at Thu Apr 26 22:19:36 UTC 2018
0
1
1
0
0
0
1
1
1
0
0
0
1
1
1
1
0
0
0
0
0
1
1
1
1
1
0
0
0
1
1
1
1
1
6 ms. Memory: 309248K Free: 293083K (95%)
ptolemy.util.test.WatchDog.cancel(): canceling Thu Apr 26 22:19:36 UTC 2018
auto.tcl: Setting watchdog for 200 seconds at Thu Apr 26 22:19:36 UTC 2018
0
1
1
1
0
0
1
1
1
0
0
0
0
1
1
1
0
0
0
0
1
1
1
0
0
0
1
1
1
1
0
0
0
1
1
1
1
1
1
5 ms. Memory: 309248K Free: 293083K (95%)
ptolemy.util.test.WatchDog.cancel(): canceling Thu Apr 26 22:19:36 UTC 2018
------------------ testing $PTII/ptolemy/domains/de/test/auto/deInCt2.xml
auto.tcl: Setting watchdog for 200 seconds at Thu Apr 26 22:19:36 UTC 2018
0
1
1
1
0
0
1
1
1
0
0
1
1
1
0
0
1
1
1
0
0
1
1
1
0
0
1
1
1
0
0
1
1
1
0
0
1
1
1
0
0
0
11 ms. Memory: 307712K Free: 291546K (95%)
ptolemy.util.test.WatchDog.cancel(): canceling Thu Apr 26 22:19:36 UTC 2018
auto.tcl: Setting watchdog for 200 seconds at Thu Apr 26 22:19:36 UTC 2018
0
1
1
1
0
0
1
1
1
0
0
1
1
1
0
0
1
1
1
0
0
1
1
1
0
0
1
1
1
0
0
1
1
1
0
0
1
1
1
0
0
0
4 ms. Memory: 307712K Free: 291546K (95%)
ptolemy.util.test.WatchDog.cancel(): canceling Thu Apr 26 22:19:36 UTC 2018
------------------ testing $PTII/ptolemy/domains/de/test/auto/dynamicCausalityInterface1.xml
auto.tcl: Setting watchdog for 200 seconds at Thu Apr 26 22:19:37 UTC 2018
1 ms. Memory: 308736K Free: 291460K (94%)
ptolemy.util.test.WatchDog.cancel(): canceling Thu Apr 26 22:19:37 UTC 2018
auto.tcl: Setting watchdog for 200 seconds at Thu Apr 26 22:19:37 UTC 2018
1 ms. Memory: 308736K Free: 291460K (94%)
ptolemy.util.test.WatchDog.cancel(): canceling Thu Apr 26 22:19:37 UTC 2018
------------------ testing $PTII/ptolemy/domains/de/test/auto/fsm_de_test.xml
auto.tcl: Setting watchdog for 200 seconds at Thu Apr 26 22:19:37 UTC 2018
6 ms. Memory: 307712K Free: 288068K (94%)
ptolemy.util.test.WatchDog.cancel(): canceling Thu Apr 26 22:19:37 UTC 2018
auto.tcl: Setting watchdog for 200 seconds at Thu Apr 26 22:19:37 UTC 2018
4 ms. Memory: 307712K Free: 288068K (94%)
ptolemy.util.test.WatchDog.cancel(): canceling Thu Apr 26 22:19:37 UTC 2018
------------------ testing $PTII/ptolemy/domains/de/test/auto/functionDependencyReconstruction.xml
auto.tcl: Setting watchdog for 200 seconds at Thu Apr 26 22:19:37 UTC 2018
2 ms. Memory: 308736K Free: 282329K (91%)
ptolemy.util.test.WatchDog.cancel(): canceling Thu Apr 26 22:19:37 UTC 2018
auto.tcl: Setting watchdog for 200 seconds at Thu Apr 26 22:19:37 UTC 2018
2 ms. Memory: 308736K Free: 278937K (90%)
ptolemy.util.test.WatchDog.cancel(): canceling Thu Apr 26 22:19:37 UTC 2018
------------------ testing $PTII/ptolemy/domains/de/test/auto/multirate.xml
auto.tcl: Setting watchdog for 200 seconds at Thu Apr 26 22:19:37 UTC 2018
12 ms. Memory: 307712K Free: 293582K (95%)
ptolemy.util.test.WatchDog.cancel(): canceling Thu Apr 26 22:19:37 UTC 2018
auto.tcl: Setting watchdog for 200 seconds at Thu Apr 26 22:19:37 UTC 2018
4 ms. Memory: 307712K Free: 290198K (94%)
ptolemy.util.test.WatchDog.cancel(): canceling Thu Apr 26 22:19:37 UTC 2018
------------------ testing $PTII/ptolemy/domains/de/test/auto/multirate2.xml
auto.tcl: Setting watchdog for 200 seconds at Thu Apr 26 22:19:37 UTC 2018
2 ms. Memory: 308736K Free: 294795K (95%)
ptolemy.util.test.WatchDog.cancel(): canceling Thu Apr 26 22:19:37 UTC 2018
auto.tcl: Setting watchdog for 200 seconds at Thu Apr 26 22:19:37 UTC 2018
3 ms. Memory: 308736K Free: 291402K (94%)
ptolemy.util.test.WatchDog.cancel(): canceling Thu Apr 26 22:19:37 UTC 2018
------------------ testing $PTII/ptolemy/domains/de/test/auto/realtime.xml
auto.tcl: Setting watchdog for 200 seconds at Thu Apr 26 22:19:37 UTC 2018
10002 ms. Memory: 307712K Free: 291489K (95%)
ptolemy.util.test.WatchDog.cancel(): canceling Thu Apr 26 22:19:47 UTC 2018
auto.tcl: Setting watchdog for 200 seconds at Thu Apr 26 22:19:47 UTC 2018
10001 ms. Memory: 307712K Free: 291489K (95%)
ptolemy.util.test.WatchDog.cancel(): canceling Thu Apr 26 22:19:57 UTC 2018
------------------ testing $PTII/ptolemy/domains/de/test/auto/relationGroup.xml
auto.tcl: Setting watchdog for 200 seconds at Thu Apr 26 22:19:57 UTC 2018
1 ms. Memory: 308224K Free: 297692K (97%)
ptolemy.util.test.WatchDog.cancel(): canceling Thu Apr 26 22:19:57 UTC 2018
auto.tcl: Setting watchdog for 200 seconds at Thu Apr 26 22:19:57 UTC 2018
1 ms. Memory: 308224K Free: 297692K (97%)
ptolemy.util.test.WatchDog.cancel(): canceling Thu Apr 26 22:19:57 UTC 2018
------------------ testing $PTII/ptolemy/domains/de/test/auto/relationGroup2.xml
auto.tcl: Setting watchdog for 200 seconds at Thu Apr 26 22:19:57 UTC 2018
1 ms. Memory: 307712K Free: 294943K (96%)
ptolemy.util.test.WatchDog.cancel(): canceling Thu Apr 26 22:19:57 UTC 2018
auto.tcl: Setting watchdog for 200 seconds at Thu Apr 26 22:19:57 UTC 2018
1 ms. Memory: 307712K Free: 294943K (96%)
ptolemy.util.test.WatchDog.cancel(): canceling Thu Apr 26 22:19:57 UTC 2018
------------------ testing $PTII/ptolemy/domains/de/test/auto/sortWithOpaquePorts.xml
auto.tcl: Setting watchdog for 200 seconds at Thu Apr 26 22:19:57 UTC 2018
1 ms. Memory: 308224K Free: 292064K (95%)
ptolemy.util.test.WatchDog.cancel(): canceling Thu Apr 26 22:19:57 UTC 2018
auto.tcl: Setting watchdog for 200 seconds at Thu Apr 26 22:19:57 UTC 2018
1 ms. Memory: 308224K Free: 292064K (95%)
ptolemy.util.test.WatchDog.cancel(): canceling Thu Apr 26 22:19:57 UTC 2018
------------------ testing $PTII/ptolemy/domains/de/test/auto/transferInputsandOutputs.xml
auto.tcl: Setting watchdog for 200 seconds at Thu Apr 26 22:19:57 UTC 2018
2 ms. Memory: 307712K Free: 291539K (95%)
ptolemy.util.test.WatchDog.cancel(): canceling Thu Apr 26 22:19:57 UTC 2018
auto.tcl: Setting watchdog for 200 seconds at Thu Apr 26 22:19:57 UTC 2018
1 ms. Memory: 307712K Free: 288146K (94%)
ptolemy.util.test.WatchDog.cancel(): canceling Thu Apr 26 22:19:57 UTC 2018
------------------ testing $PTII/ptolemy/domains/de/test/auto/triggerType.xml
auto.tcl: Setting watchdog for 200 seconds at Thu Apr 26 22:19:57 UTC 2018
1 ms. Memory: 308224K Free: 295395K (96%)
ptolemy.util.test.WatchDog.cancel(): canceling Thu Apr 26 22:19:57 UTC 2018
auto.tcl: Setting watchdog for 200 seconds at Thu Apr 26 22:19:57 UTC 2018
1 ms. Memory: 308224K Free: 292002K (95%)
ptolemy.util.test.WatchDog.cancel(): canceling Thu Apr 26 22:19:57 UTC 2018
04/26/18 10:19:57
Failed: 0  Total Tests: 192  ((Passed: 187, Newly Passed: 1)  Known Failed: 5) /home/travis/build/icyphy/ptII/ptolemy/domains/de/test
04/26/18 10:19:57
Failed: 0  Total Tests: 192  ((Passed: 187, Newly Passed: 1)  Known Failed: 5) /home/travis/build/icyphy/ptII/ptolemy/domains/de/test
----------------- testing (KnownFailure) /home/travis/build/icyphy/ptII/ptolemy/domains/de/test/auto/knownFailedTests/DESDFClockTest.xml
2006 ms. Memory: 307712K Free: 285859K (93%)
Known Failure: java.lang.reflect.InvocationTargetException
----------------- testing (KnownFailure) /home/travis/build/icyphy/ptII/ptolemy/domains/de/test/auto/knownFailedTests/DirectFeedback.xml
1 ms. Memory: 307712K Free: 267755K (87%)
Known Failure: java.lang.reflect.InvocationTargetException
----------------- testing (KnownFailure) /home/travis/build/icyphy/ptII/ptolemy/domains/de/test/auto/knownFailedTests/FSMSource.xml
4 ms. Memory: 307712K Free: 245108K (80%)
----------------- testing (KnownFailure) /home/travis/build/icyphy/ptII/ptolemy/domains/de/test/auto/knownFailedTests/HierarchicalModel.xml
2 ms. Memory: 307712K Free: 222445K (72%)
Known Failure: java.lang.reflect.InvocationTargetException
----------------- testing (KnownFailure) /home/travis/build/icyphy/ptII/ptolemy/domains/de/test/auto/knownFailedTests/dependencyLoop.xml
2 ms. Memory: 307712K Free: 190730K (62%)
Known Failure: java.lang.reflect.InvocationTargetException
----------------- testing (KnownFailure) /home/travis/build/icyphy/ptII/ptolemy/domains/de/test/auto/knownFailedTests/dependencyLoop2.xml
3 ms. Memory: 307712K Free: 159024K (52%)
Known Failure: java.lang.reflect.InvocationTargetException
No auto/*.xml tests in /home/travis/build/icyphy/ptII/ptolemy/domains/de/test
AutoTests.java: About to close Vertx.
AutoTests.java: Vertx closed.
----------------- testing Thu Apr 26 22:19:59 UTC 2018 /home/travis/build/icyphy/ptII/ptolemy/domains/de/test/auto/ActorDepthCalculation_actorWithoutPorts.xml
1 ms. Memory: 307712K Free: 131867K (43%)
reloadAllAccessors: .ActorDepthCalculation_actorWithoutPorts
----------------- testing Thu Apr 26 22:19:59 UTC 2018 /home/travis/build/icyphy/ptII/ptolemy/domains/de/test/auto/AssemblyLine.xml
1 ms. Memory: 307712K Free: 118288K (38%)
reloadAllAccessors: .AssemblyLine
----------------- testing Thu Apr 26 22:19:59 UTC 2018 /home/travis/build/icyphy/ptII/ptolemy/domains/de/test/auto/CQBug1.xml
0 ms. Memory: 307712K Free: 109236K (35%)
reloadAllAccessors: .CQBug1
----------------- testing Thu Apr 26 22:19:59 UTC 2018 /home/travis/build/icyphy/ptII/ptolemy/domains/de/test/auto/CancelFireAt.xml
1 ms. Memory: 307712K Free: 100184K (33%)
reloadAllAccessors: .CancelFireAt
----------------- testing Thu Apr 26 22:19:59 UTC 2018 /home/travis/build/icyphy/ptII/ptolemy/domains/de/test/auto/CausalityAndComposabilityAnalysis.xml
1 ms. Memory: 307712K Free: 91131K (30%)
reloadAllAccessors: .CausalityAndComposabilityAnalysis
----------------- testing Thu Apr 26 22:19:59 UTC 2018 /home/travis/build/icyphy/ptII/ptolemy/domains/de/test/auto/CausalityInterface1.xml
3 ms. Memory: 307712K Free: 78702K (26%)
reloadAllAccessors: .CausalityInterface1
----------------- testing Thu Apr 26 22:19:59 UTC 2018 /home/travis/build/icyphy/ptII/ptolemy/domains/de/test/auto/CausalityInterface15.xml
1 ms. Memory: 298496K Free: 286482K (96%)
reloadAllAccessors: .CausalityInterface15
----------------- testing Thu Apr 26 22:19:59 UTC 2018 /home/travis/build/icyphy/ptII/ptolemy/domains/de/test/auto/CausalityInterface2.xml
1 ms. Memory: 298496K Free: 277862K (93%)
reloadAllAccessors: .CausalityInterface2
----------------- testing Thu Apr 26 22:19:59 UTC 2018 /home/travis/build/icyphy/ptII/ptolemy/domains/de/test/auto/CausalityInterface3.xml
1 ms. Memory: 298496K Free: 269177K (90%)
reloadAllAccessors: .CausalityInterface3
----------------- testing Thu Apr 26 22:19:59 UTC 2018 /home/travis/build/icyphy/ptII/ptolemy/domains/de/test/auto/ClockDrift.xml
13 ms. Memory: 298496K Free: 254000K (85%)
reloadAllAccessors: .ClockDrift
----------------- testing Thu Apr 26 22:20:00 UTC 2018 /home/travis/build/icyphy/ptII/ptolemy/domains/de/test/auto/ClockDriftAndValueChange.xml
8 ms. Memory: 298496K Free: 238808K (80%)
reloadAllAccessors: .ClockDriftAndValueChange
----------------- testing Thu Apr 26 22:20:00 UTC 2018 /home/travis/build/icyphy/ptII/ptolemy/domains/de/test/auto/ClockDriftChange.xml
6 ms. Memory: 298496K Free: 223665K (75%)
reloadAllAccessors: .ClockDriftChange
----------------- testing Thu Apr 26 22:20:00 UTC 2018 /home/travis/build/icyphy/ptII/ptolemy/domains/de/test/auto/ComposableCausalityAnalysis.xml
0 ms. Memory: 298496K Free: 214994K (72%)
reloadAllAccessors: .ComposableCausalityAnalysis
----------------- testing Thu Apr 26 22:20:00 UTC 2018 /home/travis/build/icyphy/ptII/ptolemy/domains/de/test/auto/DEFixedPointLimitation.xml
0 ms. Memory: 298496K Free: 208489K (70%)
reloadAllAccessors: .DEFixedPointLimitation
----------------- testing Thu Apr 26 22:20:00 UTC 2018 /home/travis/build/icyphy/ptII/ptolemy/domains/de/test/auto/DEScheduleTest.xml
1 ms. Memory: 298496K Free: 201991K (68%)
reloadAllAccessors: .DEScheduleTest
----------------- testing Thu Apr 26 22:20:00 UTC 2018 /home/travis/build/icyphy/ptII/ptolemy/domains/de/test/auto/DEinDEwithStartTimes.xml
1 ms. Memory: 298496K Free: 193312K (65%)
reloadAllAccessors: .DEinDEwithStartTimes
----------------- testing Thu Apr 26 22:20:00 UTC 2018 /home/travis/build/icyphy/ptII/ptolemy/domains/de/test/auto/DEinDEwithStartTimes2.xml
1 ms. Memory: 298496K Free: 182510K (61%)
reloadAllAccessors: .DEinDEwithStartTimes2
----------------- testing Thu Apr 26 22:20:00 UTC 2018 /home/travis/build/icyphy/ptII/ptolemy/domains/de/test/auto/DateDemo.xml
2 ms. Memory: 298496K Free: 169515K (57%)
reloadAllAccessors: .DateDemo
----------------- testing Thu Apr 26 22:20:00 UTC 2018 /home/travis/build/icyphy/ptII/ptolemy/domains/de/test/auto/DateToEvent.xml
2003 ms. Memory: 298496K Free: 149998K (50%)
reloadAllAccessors: .DateToEvent
----------------- testing Thu Apr 26 22:20:02 UTC 2018 /home/travis/build/icyphy/ptII/ptolemy/domains/de/test/auto/DepthTest1.xml
[...]
java.lang.RuntimeException: Execution failed
	at ptolemy.moml.MoMLSimpleApplication$UnloadThread.run(MoMLSimpleApplication.java:402)
Caused by: ptolemy.kernel.util.IllegalActionException: Test fails in iteration 1.
Value was: 1.0. Should have been: 2.0
  in .DirectFeedback.Test
	at ptolemy.actor.lib.Test.fire(Test.java:268)
	at ptolemy.domains.de.kernel.DEDirector._fire(DEDirector.java:1948)
	at ptolemy.domains.de.kernel.DEDirector.fire(DEDirector.java:502)
	at ptolemy.actor.CompositeActor.fire(CompositeActor.java:455)
	at ptolemy.actor.Manager.iterate(Manager.java:851)
	at ptolemy.actor.Manager.execute(Manager.java:369)
	at ptolemy.actor.Manager.run(Manager.java:1263)
	at ptolemy.actor.Manager$PtolemyRunThread.run(Manager.java:1915)
java.lang.RuntimeException: Execution failed
	at ptolemy.moml.MoMLSimpleApplication$UnloadThread.run(MoMLSimpleApplication.java:402)
Caused by: ptolemy.kernel.util.IllegalActionException: Actor is not ready to fire.  Perhaps UpSample.prefire() returned false? Try debugging the actor by selecting "Listen to Actor".  Also, for SDF check moml for tokenConsumptionRate on input.
  in .DESDFClockTest.Play Bell.Copy1:SDF Director and .DESDFClockTest.Play Bell.UpSample
	at ptolemy.actor.sched.StaticSchedulingDirector.fire(StaticSchedulingDirector.java:227)
	at ptolemy.domains.sdf.kernel.SDFDirector.fire(SDFDirector.java:500)
	at ptolemy.actor.CompositeActor.fire(CompositeActor.java:455)
	at ptolemy.domains.de.kernel.DEDirector._fire(DEDirector.java:1948)
	at ptolemy.domains.de.kernel.DEDirector.fire(DEDirector.java:502)
	at ptolemy.actor.CompositeActor.fire(CompositeActor.java:455)
	at ptolemy.actor.Manager.iterate(Manager.java:851)
	at ptolemy.actor.Manager.execute(Manager.java:369)
	at ptolemy.actor.Manager.run(Manager.java:1263)
	at ptolemy.actor.Manager$PtolemyRunThread.run(Manager.java:1915)
java.lang.reflect.InvocationTargetException
	at sun.reflect.NativeConstructorAccessorImpl.newInstance0(Native Method)
	at sun.reflect.NativeConstructorAccessorImpl.newInstance(NativeConstructorAccessorImpl.java:62)
	at sun.reflect.DelegatingConstructorAccessorImpl.newInstance(DelegatingConstructorAccessorImpl.java:45)
	at java.lang.reflect.Constructor.newInstance(Constructor.java:423)
	at ptolemy.util.test.junit.AutoKnownFailedTests.RunModel(AutoKnownFailedTests.java:107)
	at sun.reflect.NativeMethodAccessorImpl.invoke0(Native Method)
	at sun.reflect.NativeMethodAccessorImpl.invoke(NativeMethodAccessorImpl.java:62)
	at sun.reflect.DelegatingMethodAccessorImpl.invoke(DelegatingMethodAccessorImpl.java:43)
	at java.lang.reflect.Method.invoke(Method.java:498)
	at org.junit.runners.model.FrameworkMethod$1.runReflectiveCall(FrameworkMethod.java:44)
	at org.junit.internal.runners.model.ReflectiveCallable.run(ReflectiveCallable.java:15)
	at org.junit.runners.model.FrameworkMethod.invokeExplosively(FrameworkMethod.java:41)
	at junitparams.internal.InvokeParameterisedMethod.evaluate(InvokeParameterisedMethod.java:102)
	at org.junit.internal.runners.statements.FailOnTimeout$1.run(FailOnTimeout.java:28)
Caused by: ptolemy.kernel.util.IllegalActionException: Actor is not ready to fire.  Perhaps UpSample.prefire() returned false? Try debugging the actor by selecting "Listen to Actor".  Also, for SDF check moml for tokenConsumptionRate on input.
  in .DESDFClockTest.Play Bell.Copy1:SDF Director and .DESDFClockTest.Play Bell.UpSample
	at ptolemy.actor.sched.StaticSchedulingDirector.fire(StaticSchedulingDirector.java:227)
	at ptolemy.domains.sdf.kernel.SDFDirector.fire(SDFDirector.java:500)
	at ptolemy.actor.CompositeActor.fire(CompositeActor.java:455)
	at ptolemy.domains.de.kernel.DEDirector._fire(DEDirector.java:1948)
	at ptolemy.domains.de.kernel.DEDirector.fire(DEDirector.java:502)
	at ptolemy.actor.CompositeActor.fire(CompositeActor.java:455)
	at ptolemy.actor.Manager.iterate(Manager.java:851)
	at ptolemy.actor.Manager.execute(Manager.java:369)
	at ptolemy.actor.Manager.run(Manager.java:1263)
	at ptolemy.actor.Manager$PtolemyRunThread.run(Manager.java:1915)
java.lang.RuntimeException: Execution failed
	at ptolemy.moml.MoMLSimpleApplication$UnloadThread.run(MoMLSimpleApplication.java:402)
Caused by: ptolemy.kernel.util.IllegalActionException: Test fails in iteration 1.
Value was: 1.0. Should have been: 2.0
  in .DirectFeedback.Test
	at ptolemy.actor.lib.Test.fire(Test.java:268)
	at ptolemy.domains.de.kernel.DEDirector._fire(DEDirector.java:1948)
	at ptolemy.domains.de.kernel.DEDirector.fire(DEDirector.java:502)
	at ptolemy.actor.CompositeActor.fire(CompositeActor.java:455)
	at ptolemy.actor.Manager.iterate(Manager.java:851)
	at ptolemy.actor.Manager.execute(Manager.java:369)
	at ptolemy.actor.Manager.run(Manager.java:1263)
	at ptolemy.actor.Manager$PtolemyRunThread.run(Manager.java:1915)
java.lang.reflect.InvocationTargetException
	at sun.reflect.NativeConstructorAccessorImpl.newInstance0(Native Method)
	at sun.reflect.NativeConstructorAccessorImpl.newInstance(NativeConstructorAccessorImpl.java:62)
	at sun.reflect.DelegatingConstructorAccessorImpl.newInstance(DelegatingConstructorAccessorImpl.java:45)
	at java.lang.reflect.Constructor.newInstance(Constructor.java:423)
	at ptolemy.util.test.junit.AutoKnownFailedTests.RunModel(AutoKnownFailedTests.java:107)
	at sun.reflect.NativeMethodAccessorImpl.invoke0(Native Method)
	at sun.reflect.NativeMethodAccessorImpl.invoke(NativeMethodAccessorImpl.java:62)
	at sun.reflect.DelegatingMethodAccessorImpl.invoke(DelegatingMethodAccessorImpl.java:43)
	at java.lang.reflect.Method.invoke(Method.java:498)
	at org.junit.runners.model.FrameworkMethod$1.runReflectiveCall(FrameworkMethod.java:44)
	at org.junit.internal.runners.model.ReflectiveCallable.run(ReflectiveCallable.java:15)
	at org.junit.runners.model.FrameworkMethod.invokeExplosively(FrameworkMethod.java:41)
	at junitparams.internal.InvokeParameterisedMethod.evaluate(InvokeParameterisedMethod.java:102)
	at org.junit.internal.runners.statements.FailOnTimeout$1.run(FailOnTimeout.java:28)
Caused by: ptolemy.kernel.util.IllegalActionException: Test fails in iteration 1.
Value was: 1.0. Should have been: 2.0
  in .DirectFeedback.Test
	at ptolemy.actor.lib.Test.fire(Test.java:268)
	at ptolemy.domains.de.kernel.DEDirector._fire(DEDirector.java:1948)
	at ptolemy.domains.de.kernel.DEDirector.fire(DEDirector.java:502)
	at ptolemy.actor.CompositeActor.fire(CompositeActor.java:455)
	at ptolemy.actor.Manager.iterate(Manager.java:851)
	at ptolemy.actor.Manager.execute(Manager.java:369)
	at ptolemy.actor.Manager.run(Manager.java:1263)
	at ptolemy.actor.Manager$PtolemyRunThread.run(Manager.java:1915)
java.lang.RuntimeException: Execution failed
	at ptolemy.moml.MoMLSimpleApplication$UnloadThread.run(MoMLSimpleApplication.java:402)
Caused by: ptolemy.kernel.util.IllegalActionException: Found a zero delay loop containing .HierarchicalModel.A
  in .HierarchicalModel and .HierarchicalModel.A
	at ptolemy.actor.util.CausalityInterfaceForComposites._computeOutputPortDepth(CausalityInterfaceForComposites.java:759)
	at ptolemy.actor.util.CausalityInterfaceForComposites._computeInputDepth(CausalityInterfaceForComposites.java:696)
	at ptolemy.actor.util.CausalityInterfaceForComposites._computeOutputPortDepth(CausalityInterfaceForComposites.java:765)
	at ptolemy.actor.util.CausalityInterfaceForComposites._computeInputDepth(CausalityInterfaceForComposites.java:696)
	at ptolemy.actor.util.CausalityInterfaceForComposites._computeOutputPortDepth(CausalityInterfaceForComposites.java:765)
	at ptolemy.actor.util.CausalityInterfaceForComposites._computeInputDepth(CausalityInterfaceForComposites.java:696)
	at ptolemy.actor.util.CausalityInterfaceForComposites._computeActorDepth(CausalityInterfaceForComposites.java:532)
	at ptolemy.actor.util.CausalityInterfaceForComposites.checkForCycles(CausalityInterfaceForComposites.java:96)
	at ptolemy.domains.de.kernel.DEDirector.preinitialize(DEDirector.java:1337)
	at ptolemy.actor.CompositeActor.preinitialize(CompositeActor.java:1828)
	at ptolemy.actor.Manager.preinitializeAndResolveTypes(Manager.java:1040)
	at ptolemy.actor.Manager.initialize(Manager.java:710)
	at ptolemy.actor.Manager.execute(Manager.java:356)
	at ptolemy.actor.Manager.run(Manager.java:1263)
	at ptolemy.actor.Manager$PtolemyRunThread.run(Manager.java:1915)
java.lang.reflect.InvocationTargetException
	at sun.reflect.NativeConstructorAccessorImpl.newInstance0(Native Method)
	at sun.reflect.NativeConstructorAccessorImpl.newInstance(NativeConstructorAccessorImpl.java:62)
	at sun.reflect.DelegatingConstructorAccessorImpl.newInstance(DelegatingConstructorAccessorImpl.java:45)
	at java.lang.reflect.Constructor.newInstance(Constructor.java:423)
	at ptolemy.util.test.junit.AutoKnownFailedTests.RunModel(AutoKnownFailedTests.java:107)
	at sun.reflect.NativeMethodAccessorImpl.invoke0(Native Method)
	at sun.reflect.NativeMethodAccessorImpl.invoke(NativeMethodAccessorImpl.java:62)
	at sun.reflect.DelegatingMethodAccessorImpl.invoke(DelegatingMethodAccessorImpl.java:43)
	at java.lang.reflect.Method.invoke(Method.java:498)
	at org.junit.runners.model.FrameworkMethod$1.runReflectiveCall(FrameworkMethod.java:44)
	at org.junit.internal.runners.model.ReflectiveCallable.run(ReflectiveCallable.java:15)
	at org.junit.runners.model.FrameworkMethod.invokeExplosively(FrameworkMethod.java:41)
	at junitparams.internal.InvokeParameterisedMethod.evaluate(InvokeParameterisedMethod.java:102)
	at org.junit.internal.runners.statements.FailOnTimeout$1.run(FailOnTimeout.java:28)
Caused by: ptolemy.kernel.util.IllegalActionException: Found a zero delay loop containing .HierarchicalModel.A
  in .HierarchicalModel and .HierarchicalModel.A
	at ptolemy.actor.util.CausalityInterfaceForComposites._computeOutputPortDepth(CausalityInterfaceForComposites.java:759)
	at ptolemy.actor.util.CausalityInterfaceForComposites._computeInputDepth(CausalityInterfaceForComposites.java:696)
	at ptolemy.actor.util.CausalityInterfaceForComposites._computeOutputPortDepth(CausalityInterfaceForComposites.java:765)
	at ptolemy.actor.util.CausalityInterfaceForComposites._computeInputDepth(CausalityInterfaceForComposites.java:696)
	at ptolemy.actor.util.CausalityInterfaceForComposites._computeOutputPortDepth(CausalityInterfaceForComposites.java:765)
	at ptolemy.actor.util.CausalityInterfaceForComposites._computeInputDepth(CausalityInterfaceForComposites.java:696)
	at ptolemy.actor.util.CausalityInterfaceForComposites._computeActorDepth(CausalityInterfaceForComposites.java:532)
	at ptolemy.actor.util.CausalityInterfaceForComposites.checkForCycles(CausalityInterfaceForComposites.java:96)
	at ptolemy.domains.de.kernel.DEDirector.preinitialize(DEDirector.java:1337)
	at ptolemy.actor.CompositeActor.preinitialize(CompositeActor.java:1828)
	at ptolemy.actor.Manager.preinitializeAndResolveTypes(Manager.java:1040)
	at ptolemy.actor.Manager.initialize(Manager.java:710)
	at ptolemy.actor.Manager.execute(Manager.java:356)
	at ptolemy.actor.Manager.run(Manager.java:1263)
	at ptolemy.actor.Manager$PtolemyRunThread.run(Manager.java:1915)
java.lang.RuntimeException: Execution failed
	at ptolemy.moml.MoMLSimpleApplication$UnloadThread.run(MoMLSimpleApplication.java:402)
Caused by: ptolemy.kernel.util.IllegalActionException: Found a zero delay loop containing .dependencyLoop.original
  in .dependencyLoop and .dependencyLoop.original
	at ptolemy.actor.util.CausalityInterfaceForComposites._computeOutputPortDepth(CausalityInterfaceForComposites.java:759)
	at ptolemy.actor.util.CausalityInterfaceForComposites._computeInputDepth(CausalityInterfaceForComposites.java:696)
	at ptolemy.actor.util.CausalityInterfaceForComposites._computeOutputPortDepth(CausalityInterfaceForComposites.java:765)
	at ptolemy.actor.util.CausalityInterfaceForComposites._computeInputDepth(CausalityInterfaceForComposites.java:696)
	at ptolemy.actor.util.CausalityInterfaceForComposites._computeOutputPortDepth(CausalityInterfaceForComposites.java:765)
	at ptolemy.actor.util.CausalityInterfaceForComposites._computeInputDepth(CausalityInterfaceForComposites.java:696)
	at ptolemy.actor.util.CausalityInterfaceForComposites._computeActorDepth(CausalityInterfaceForComposites.java:532)
	at ptolemy.actor.util.CausalityInterfaceForComposites.checkForCycles(CausalityInterfaceForComposites.java:96)
	at ptolemy.domains.de.kernel.DEDirector.preinitialize(DEDirector.java:1337)
	at ptolemy.actor.CompositeActor.preinitialize(CompositeActor.java:1828)
	at ptolemy.actor.Manager.preinitializeAndResolveTypes(Manager.java:1040)
	at ptolemy.actor.Manager.initialize(Manager.java:710)
	at ptolemy.actor.Manager.execute(Manager.java:356)
	at ptolemy.actor.Manager.run(Manager.java:1263)
	at ptolemy.actor.Manager$PtolemyRunThread.run(Manager.java:1915)
java.lang.reflect.InvocationTargetException
	at sun.reflect.NativeConstructorAccessorImpl.newInstance0(Native Method)
	at sun.reflect.NativeConstructorAccessorImpl.newInstance(NativeConstructorAccessorImpl.java:62)
	at sun.reflect.DelegatingConstructorAccessorImpl.newInstance(DelegatingConstructorAccessorImpl.java:45)
	at java.lang.reflect.Constructor.newInstance(Constructor.java:423)
	at ptolemy.util.test.junit.AutoKnownFailedTests.RunModel(AutoKnownFailedTests.java:107)
	at sun.reflect.NativeMethodAccessorImpl.invoke0(Native Method)
	at sun.reflect.NativeMethodAccessorImpl.invoke(NativeMethodAccessorImpl.java:62)
	at sun.reflect.DelegatingMethodAccessorImpl.invoke(DelegatingMethodAccessorImpl.java:43)
	at java.lang.reflect.Method.invoke(Method.java:498)
	at org.junit.runners.model.FrameworkMethod$1.runReflectiveCall(FrameworkMethod.java:44)
	at org.junit.internal.runners.model.ReflectiveCallable.run(ReflectiveCallable.java:15)
	at org.junit.runners.model.FrameworkMethod.invokeExplosively(FrameworkMethod.java:41)
	at junitparams.internal.InvokeParameterisedMethod.evaluate(InvokeParameterisedMethod.java:102)
	at org.junit.internal.runners.statements.FailOnTimeout$1.run(FailOnTimeout.java:28)
Caused by: ptolemy.kernel.util.IllegalActionException: Found a zero delay loop containing .dependencyLoop.original
  in .dependencyLoop and .dependencyLoop.original
	at ptolemy.actor.util.CausalityInterfaceForComposites._computeOutputPortDepth(CausalityInterfaceForComposites.java:759)
	at ptolemy.actor.util.CausalityInterfaceForComposites._computeInputDepth(CausalityInterfaceForComposites.java:696)
	at ptolemy.actor.util.CausalityInterfaceForComposites._computeOutputPortDepth(CausalityInterfaceForComposites.java:765)
	at ptolemy.actor.util.CausalityInterfaceForComposites._computeInputDepth(CausalityInterfaceForComposites.java:696)
	at ptolemy.actor.util.CausalityInterfaceForComposites._computeOutputPortDepth(CausalityInterfaceForComposites.java:765)
	at ptolemy.actor.util.CausalityInterfaceForComposites._computeInputDepth(CausalityInterfaceForComposites.java:696)
	at ptolemy.actor.util.CausalityInterfaceForComposites._computeActorDepth(CausalityInterfaceForComposites.java:532)
	at ptolemy.actor.util.CausalityInterfaceForComposites.checkForCycles(CausalityInterfaceForComposites.java:96)
	at ptolemy.domains.de.kernel.DEDirector.preinitialize(DEDirector.java:1337)
	at ptolemy.actor.CompositeActor.preinitialize(CompositeActor.java:1828)
	at ptolemy.actor.Manager.preinitializeAndResolveTypes(Manager.java:1040)
	at ptolemy.actor.Manager.initialize(Manager.java:710)
	at ptolemy.actor.Manager.execute(Manager.java:356)
	at ptolemy.actor.Manager.run(Manager.java:1263)
	at ptolemy.actor.Manager$PtolemyRunThread.run(Manager.java:1915)
java.lang.RuntimeException: Execution failed
	at ptolemy.moml.MoMLSimpleApplication$UnloadThread.run(MoMLSimpleApplication.java:402)
Caused by: ptolemy.kernel.util.IllegalActionException: Found a zero delay loop containing .dependencyLoop2.original
  in .dependencyLoop2 and .dependencyLoop2.original
	at ptolemy.actor.util.CausalityInterfaceForComposites._computeOutputPortDepth(CausalityInterfaceForComposites.java:759)
	at ptolemy.actor.util.CausalityInterfaceForComposites._computeInputDepth(CausalityInterfaceForComposites.java:696)
	at ptolemy.actor.util.CausalityInterfaceForComposites._computeOutputPortDepth(CausalityInterfaceForComposites.java:765)
	at ptolemy.actor.util.CausalityInterfaceForComposites._computeInputDepth(CausalityInterfaceForComposites.java:696)
	at ptolemy.actor.util.CausalityInterfaceForComposites._computeOutputPortDepth(CausalityInterfaceForComposites.java:765)
	at ptolemy.actor.util.CausalityInterfaceForComposites._computeInputDepth(CausalityInterfaceForComposites.java:696)
	at ptolemy.actor.util.CausalityInterfaceForComposites._computeActorDepth(CausalityInterfaceForComposites.java:532)
	at ptolemy.actor.util.CausalityInterfaceForComposites.checkForCycles(CausalityInterfaceForComposites.java:96)
	at ptolemy.domains.de.kernel.DEDirector.preinitialize(DEDirector.java:1337)
	at ptolemy.actor.CompositeActor.preinitialize(CompositeActor.java:1828)
	at ptolemy.actor.Manager.preinitializeAndResolveTypes(Manager.java:1040)
	at ptolemy.actor.Manager.initialize(Manager.java:710)
	at ptolemy.actor.Manager.execute(Manager.java:356)
	at ptolemy.actor.Manager.run(Manager.java:1263)
	at ptolemy.actor.Manager$PtolemyRunThread.run(Manager.java:1915)
java.lang.reflect.InvocationTargetException
	at sun.reflect.NativeConstructorAccessorImpl.newInstance0(Native Method)
	at sun.reflect.NativeConstructorAccessorImpl.newInstance(NativeConstructorAccessorImpl.java:62)
	at sun.reflect.DelegatingConstructorAccessorImpl.newInstance(DelegatingConstructorAccessorImpl.java:45)
	at java.lang.reflect.Constructor.newInstance(Constructor.java:423)
	at ptolemy.util.test.junit.AutoKnownFailedTests.RunModel(AutoKnownFailedTests.java:107)
	at sun.reflect.NativeMethodAccessorImpl.invoke0(Native Method)
	at sun.reflect.NativeMethodAccessorImpl.invoke(NativeMethodAccessorImpl.java:62)
	at sun.reflect.DelegatingMethodAccessorImpl.invoke(DelegatingMethodAccessorImpl.java:43)
	at java.lang.reflect.Method.invoke(Method.java:498)
	at org.junit.runners.model.FrameworkMethod$1.runReflectiveCall(FrameworkMethod.java:44)
	at org.junit.internal.runners.model.ReflectiveCallable.run(ReflectiveCallable.java:15)
	at org.junit.runners.model.FrameworkMethod.invokeExplosively(FrameworkMethod.java:41)
	at junitparams.internal.InvokeParameterisedMethod.evaluate(InvokeParameterisedMethod.java:102)
	at org.junit.internal.runners.statements.FailOnTimeout$1.run(FailOnTimeout.java:28)
Caused by: ptolemy.kernel.util.IllegalActionException: Found a zero delay loop containing .dependencyLoop2.original
  in .dependencyLoop2 and .dependencyLoop2.original
	at ptolemy.actor.util.CausalityInterfaceForComposites._computeOutputPortDepth(CausalityInterfaceForComposites.java:759)
	at ptolemy.actor.util.CausalityInterfaceForComposites._computeInputDepth(CausalityInterfaceForComposites.java:696)
	at ptolemy.actor.util.CausalityInterfaceForComposites._computeOutputPortDepth(CausalityInterfaceForComposites.java:765)
	at ptolemy.actor.util.CausalityInterfaceForComposites._computeInputDepth(CausalityInterfaceForComposites.java:696)
	at ptolemy.actor.util.CausalityInterfaceForComposites._computeOutputPortDepth(CausalityInterfaceForComposites.java:765)
	at ptolemy.actor.util.CausalityInterfaceForComposites._computeInputDepth(CausalityInterfaceForComposites.java:696)
	at ptolemy.actor.util.CausalityInterfaceForComposites._computeActorDepth(CausalityInterfaceForComposites.java:532)
	at ptolemy.actor.util.CausalityInterfaceForComposites.checkForCycles(CausalityInterfaceForComposites.java:96)
	at ptolemy.domains.de.kernel.DEDirector.preinitialize(DEDirector.java:1337)
	at ptolemy.actor.CompositeActor.preinitialize(CompositeActor.java:1828)
	at ptolemy.actor.Manager.preinitializeAndResolveTypes(Manager.java:1040)
	at ptolemy.actor.Manager.initialize(Manager.java:710)
	at ptolemy.actor.Manager.execute(Manager.java:356)
	at ptolemy.actor.Manager.run(Manager.java:1263)
	at ptolemy.actor.Manager$PtolemyRunThread.run(Manager.java:1915)
]]></system-err>
</testsuite>
