<?xml version="1.0" encoding="UTF-8" ?>
<testsuite errors="0" failures="0" hostname="travis-job-50edd3d0-db29-44fa-bcb6-7442025e1aa3" name="ptolemy.domains.de.test.junit.JUnitTclTest" skipped="0" tests="101" time="126.331" timestamp="2018-05-02T15:47:26">
  <properties>
[...]
</properties>
  <testcase classname="ptolemy.util.test.junit.TclTests" name="[0] /home/travis/build/icyphy/ptII/ptolemy/domains/de/test/DependencyLoop.tcl (RunTclFile)" time="0.696" />
  <testcase classname="ptolemy.util.test.junit.TclTests" name="[1] /home/travis/build/icyphy/ptII/ptolemy/domains/de/test/RunDETestsAsQSS.tcl (RunTclFile)" time="86.024" />
  <testcase classname="ptolemy.util.test.junit.AutoKnownFailedTests" name="[0] /home/travis/build/icyphy/ptII/ptolemy/domains/de/test/auto/knownFailedTests/DESDFClockTest.xml (RunModel)" time="2.027" />
  <testcase classname="ptolemy.util.test.junit.AutoKnownFailedTests" name="[1] /home/travis/build/icyphy/ptII/ptolemy/domains/de/test/auto/knownFailedTests/DirectFeedback.xml (RunModel)" time="0.006" />
  <testcase classname="ptolemy.util.test.junit.AutoKnownFailedTests" name="[2] /home/travis/build/icyphy/ptII/ptolemy/domains/de/test/auto/knownFailedTests/FSMSource.xml (RunModel)" time="0.015" />
  <testcase classname="ptolemy.util.test.junit.AutoKnownFailedTests" name="[3] /home/travis/build/icyphy/ptII/ptolemy/domains/de/test/auto/knownFailedTests/HierarchicalModel.xml (RunModel)" time="0.048" />
  <testcase classname="ptolemy.util.test.junit.AutoKnownFailedTests" name="[4] /home/travis/build/icyphy/ptII/ptolemy/domains/de/test/auto/knownFailedTests/dependencyLoop.xml (RunModel)" time="0.023" />
  <testcase classname="ptolemy.util.test.junit.AutoKnownFailedTests" name="[5] /home/travis/build/icyphy/ptII/ptolemy/domains/de/test/auto/knownFailedTests/dependencyLoop2.xml (RunModel)" time="0.024" />
  <testcase classname="ptolemy.util.test.junit.AutoNameArchTests" name="[0] ThereAreNoAutoTests (RunModel)" time="0.0" />
  <testcase classname="ptolemy.util.test.junit.AutoTests" name="[0] /home/travis/build/icyphy/ptII/ptolemy/domains/de/test/auto/ActorDepthCalculation_actorWithoutPorts.xml (RunModel)" time="0.017" />
  <testcase classname="ptolemy.util.test.junit.AutoTests" name="[1] /home/travis/build/icyphy/ptII/ptolemy/domains/de/test/auto/AssemblyLine.xml (RunModel)" time="0.014" />
  <testcase classname="ptolemy.util.test.junit.AutoTests" name="[2] /home/travis/build/icyphy/ptII/ptolemy/domains/de/test/auto/CQBug1.xml (RunModel)" time="0.013" />
  <testcase classname="ptolemy.util.test.junit.AutoTests" name="[3] /home/travis/build/icyphy/ptII/ptolemy/domains/de/test/auto/CancelFireAt.xml (RunModel)" time="0.008" />
  <testcase classname="ptolemy.util.test.junit.AutoTests" name="[4] /home/travis/build/icyphy/ptII/ptolemy/domains/de/test/auto/CausalityAndComposabilityAnalysis.xml (RunModel)" time="0.009" />
  <testcase classname="ptolemy.util.test.junit.AutoTests" name="[5] /home/travis/build/icyphy/ptII/ptolemy/domains/de/test/auto/CausalityInterface1.xml (RunModel)" time="0.009" />
  <testcase classname="ptolemy.util.test.junit.AutoTests" name="[6] /home/travis/build/icyphy/ptII/ptolemy/domains/de/test/auto/CausalityInterface15.xml (RunModel)" time="0.008" />
  <testcase classname="ptolemy.util.test.junit.AutoTests" name="[7] /home/travis/build/icyphy/ptII/ptolemy/domains/de/test/auto/CausalityInterface2.xml (RunModel)" time="0.007" />
  <testcase classname="ptolemy.util.test.junit.AutoTests" name="[8] /home/travis/build/icyphy/ptII/ptolemy/domains/de/test/auto/CausalityInterface3.xml (RunModel)" time="0.007" />
  <testcase classname="ptolemy.util.test.junit.AutoTests" name="[9] /home/travis/build/icyphy/ptII/ptolemy/domains/de/test/auto/ClockDrift.xml (RunModel)" time="0.023" />
  <testcase classname="ptolemy.util.test.junit.AutoTests" name="[10] /home/travis/build/icyphy/ptII/ptolemy/domains/de/test/auto/ClockDriftAndValueChange.xml (RunModel)" time="0.022" />
  <testcase classname="ptolemy.util.test.junit.AutoTests" name="[11] /home/travis/build/icyphy/ptII/ptolemy/domains/de/test/auto/ClockDriftChange.xml (RunModel)" time="0.018" />
  <testcase classname="ptolemy.util.test.junit.AutoTests" name="[12] /home/travis/build/icyphy/ptII/ptolemy/domains/de/test/auto/ComposableCausalityAnalysis.xml (RunModel)" time="0.015" />
  <testcase classname="ptolemy.util.test.junit.AutoTests" name="[13] /home/travis/build/icyphy/ptII/ptolemy/domains/de/test/auto/DEFixedPointLimitation.xml (RunModel)" time="0.006" />
  <testcase classname="ptolemy.util.test.junit.AutoTests" name="[14] /home/travis/build/icyphy/ptII/ptolemy/domains/de/test/auto/DEScheduleTest.xml (RunModel)" time="0.008" />
  <testcase classname="ptolemy.util.test.junit.AutoTests" name="[15] /home/travis/build/icyphy/ptII/ptolemy/domains/de/test/auto/DEinDEwithStartTimes.xml (RunModel)" time="0.01" />
  <testcase classname="ptolemy.util.test.junit.AutoTests" name="[16] /home/travis/build/icyphy/ptII/ptolemy/domains/de/test/auto/DEinDEwithStartTimes2.xml (RunModel)" time="0.011" />
  <testcase classname="ptolemy.util.test.junit.AutoTests" name="[17] /home/travis/build/icyphy/ptII/ptolemy/domains/de/test/auto/DateDemo.xml (RunModel)" time="0.028" />
  <testcase classname="ptolemy.util.test.junit.AutoTests" name="[18] /home/travis/build/icyphy/ptII/ptolemy/domains/de/test/auto/DateToEvent.xml (RunModel)" time="2.038" />
  <testcase classname="ptolemy.util.test.junit.AutoTests" name="[19] /home/travis/build/icyphy/ptII/ptolemy/domains/de/test/auto/DepthTest1.xml (RunModel)" time="0.005" />
  <testcase classname="ptolemy.util.test.junit.AutoTests" name="[20] /home/travis/build/icyphy/ptII/ptolemy/domains/de/test/auto/DepthTest2.xml (RunModel)" time="0.011" />
  <testcase classname="ptolemy.util.test.junit.AutoTests" name="[21] /home/travis/build/icyphy/ptII/ptolemy/domains/de/test/auto/DepthTest3.xml (RunModel)" time="0.005" />
  <testcase classname="ptolemy.util.test.junit.AutoTests" name="[22] /home/travis/build/icyphy/ptII/ptolemy/domains/de/test/auto/DepthTest4.xml (RunModel)" time="0.007" />
  <testcase classname="ptolemy.util.test.junit.AutoTests" name="[23] /home/travis/build/icyphy/ptII/ptolemy/domains/de/test/auto/DepthTest5.xml (RunModel)" time="0.01" />
  <testcase classname="ptolemy.util.test.junit.AutoTests" name="[24] /home/travis/build/icyphy/ptII/ptolemy/domains/de/test/auto/DepthTest6.xml (RunModel)" time="0.009" />
  <testcase classname="ptolemy.util.test.junit.AutoTests" name="[25] /home/travis/build/icyphy/ptII/ptolemy/domains/de/test/auto/DepthTest7.xml (RunModel)" time="0.01" />
  <testcase classname="ptolemy.util.test.junit.AutoTests" name="[26] /home/travis/build/icyphy/ptII/ptolemy/domains/de/test/auto/EventToDate.xml (RunModel)" time="3.021" />
  <testcase classname="ptolemy.util.test.junit.AutoTests" name="[27] /home/travis/build/icyphy/ptII/ptolemy/domains/de/test/auto/FSM1.xml (RunModel)" time="0.023" />
  <testcase classname="ptolemy.util.test.junit.AutoTests" name="[28] /home/travis/build/icyphy/ptII/ptolemy/domains/de/test/auto/FSM7.xml (RunModel)" time="0.03" />
  <testcase classname="ptolemy.util.test.junit.AutoTests" name="[29] /home/travis/build/icyphy/ptII/ptolemy/domains/de/test/auto/Inspection.xml (RunModel)" time="0.03" />
  <testcase classname="ptolemy.util.test.junit.AutoTests" name="[30] /home/travis/build/icyphy/ptII/ptolemy/domains/de/test/auto/Iteration.xml (RunModel)" time="0.016" />
  <testcase classname="ptolemy.util.test.junit.AutoTests" name="[31] /home/travis/build/icyphy/ptII/ptolemy/domains/de/test/auto/LineFault.xml (RunModel)" time="0.418" />
  <testcase classname="ptolemy.util.test.junit.AutoTests" name="[32] /home/travis/build/icyphy/ptII/ptolemy/domains/de/test/auto/MergeModel1Add.xml (RunModel)" time="0.031" />
  <testcase classname="ptolemy.util.test.junit.AutoTests" name="[33] /home/travis/build/icyphy/ptII/ptolemy/domains/de/test/auto/MergeModel2Add.xml (RunModel)" time="0.029" />
  <testcase classname="ptolemy.util.test.junit.AutoTests" name="[34] /home/travis/build/icyphy/ptII/ptolemy/domains/de/test/auto/MergeModel3Add.xml (RunModel)" time="0.027" />
  <testcase classname="ptolemy.util.test.junit.AutoTests" name="[35] /home/travis/build/icyphy/ptII/ptolemy/domains/de/test/auto/MergeWithoutDiscard.xml (RunModel)" time="0.008" />
  <testcase classname="ptolemy.util.test.junit.AutoTests" name="[36] /home/travis/build/icyphy/ptII/ptolemy/domains/de/test/auto/Modal1.xml (RunModel)" time="0.022" />
  <testcase classname="ptolemy.util.test.junit.AutoTests" name="[37] /home/travis/build/icyphy/ptII/ptolemy/domains/de/test/auto/Modal2.xml (RunModel)" time="0.028" />
  <testcase classname="ptolemy.util.test.junit.AutoTests" name="[38] /home/travis/build/icyphy/ptII/ptolemy/domains/de/test/auto/Modal3.xml (RunModel)" time="0.024" />
  <testcase classname="ptolemy.util.test.junit.AutoTests" name="[39] /home/travis/build/icyphy/ptII/ptolemy/domains/de/test/auto/Modal4.xml (RunModel)" time="0.022" />
  <testcase classname="ptolemy.util.test.junit.AutoTests" name="[40] /home/travis/build/icyphy/ptII/ptolemy/domains/de/test/auto/Modal5.xml (RunModel)" time="0.021" />
  <testcase classname="ptolemy.util.test.junit.AutoTests" name="[41] /home/travis/build/icyphy/ptII/ptolemy/domains/de/test/auto/Modal6.xml (RunModel)" time="0.02" />
  <testcase classname="ptolemy.util.test.junit.AutoTests" name="[42] /home/travis/build/icyphy/ptII/ptolemy/domains/de/test/auto/Modal7.xml (RunModel)" time="0.022" />
  <testcase classname="ptolemy.util.test.junit.AutoTests" name="[43] /home/travis/build/icyphy/ptII/ptolemy/domains/de/test/auto/ModalModel.xml (RunModel)" time="0.112" />
  <testcase classname="ptolemy.util.test.junit.AutoTests" name="[44] /home/travis/build/icyphy/ptII/ptolemy/domains/de/test/auto/ModalSource.xml (RunModel)" time="0.013" />
  <testcase classname="ptolemy.util.test.junit.AutoTests" name="[45] /home/travis/build/icyphy/ptII/ptolemy/domains/de/test/auto/NonInterruptibleTimerZeroDelay.xml (RunModel)" time="0.008" />
  <testcase classname="ptolemy.util.test.junit.AutoTests" name="[46] /home/travis/build/icyphy/ptII/ptolemy/domains/de/test/auto/OpenQueueingNetwork.xml (RunModel)" time="1.872" />
  <testcase classname="ptolemy.util.test.junit.AutoTests" name="[47] /home/travis/build/icyphy/ptII/ptolemy/domains/de/test/auto/OpenQueuingNetwork.xml (RunModel)" time="0.244" />
  <testcase classname="ptolemy.util.test.junit.AutoTests" name="[48] /home/travis/build/icyphy/ptII/ptolemy/domains/de/test/auto/PeriodicSampler.xml (RunModel)" time="0.007" />
  <testcase classname="ptolemy.util.test.junit.AutoTests" name="[49] /home/travis/build/icyphy/ptII/ptolemy/domains/de/test/auto/PersistentIO.xml (RunModel)" time="0.02" />
  <testcase classname="ptolemy.util.test.junit.AutoTests" name="[50] /home/travis/build/icyphy/ptII/ptolemy/domains/de/test/auto/PortParameterResetOnInitialize.xml (RunModel)" time="0.008" />
  <testcase classname="ptolemy.util.test.junit.AutoTests" name="[51] /home/travis/build/icyphy/ptII/ptolemy/domains/de/test/auto/PortParameterUpdates.xml (RunModel)" time="0.016" />
  <testcase classname="ptolemy.util.test.junit.AutoTests" name="[52] /home/travis/build/icyphy/ptII/ptolemy/domains/de/test/auto/QueueAndServer.xml (RunModel)" time="0.017" />
  <testcase classname="ptolemy.util.test.junit.AutoTests" name="[53] /home/travis/build/icyphy/ptII/ptolemy/domains/de/test/auto/Records.xml (RunModel)" time="0.028" />
  <testcase classname="ptolemy.util.test.junit.AutoTests" name="[54] /home/travis/build/icyphy/ptII/ptolemy/domains/de/test/auto/ResetTransitionWithStartTime1.xml (RunModel)" time="0.015" />
  <testcase classname="ptolemy.util.test.junit.AutoTests" name="[55] /home/travis/build/icyphy/ptII/ptolemy/domains/de/test/auto/ResetTransitionWithStartTime2.xml (RunModel)" time="0.015" />
  <testcase classname="ptolemy.util.test.junit.AutoTests" name="[56] /home/travis/build/icyphy/ptII/ptolemy/domains/de/test/auto/ResetTransitionWithStartTime3.xml (RunModel)" time="0.015" />
  <testcase classname="ptolemy.util.test.junit.AutoTests" name="[57] /home/travis/build/icyphy/ptII/ptolemy/domains/de/test/auto/ResetTransitionWithStartTime4.xml (RunModel)" time="0.014" />
  <testcase classname="ptolemy.util.test.junit.AutoTests" name="[58] /home/travis/build/icyphy/ptII/ptolemy/domains/de/test/auto/ResettableTimer1.xml (RunModel)" time="0.009" />
  <testcase classname="ptolemy.util.test.junit.AutoTests" name="[59] /home/travis/build/icyphy/ptII/ptolemy/domains/de/test/auto/ResettableTimer2.xml (RunModel)" time="0.008" />
  <testcase classname="ptolemy.util.test.junit.AutoTests" name="[60] /home/travis/build/icyphy/ptII/ptolemy/domains/de/test/auto/ResettableTimer3.xml (RunModel)" time="0.007" />
  <testcase classname="ptolemy.util.test.junit.AutoTests" name="[61] /home/travis/build/icyphy/ptII/ptolemy/domains/de/test/auto/ResettableTimer4.xml (RunModel)" time="0.007" />
  <testcase classname="ptolemy.util.test.junit.AutoTests" name="[62] /home/travis/build/icyphy/ptII/ptolemy/domains/de/test/auto/ResettableTimer5.xml (RunModel)" time="0.009" />
  <testcase classname="ptolemy.util.test.junit.AutoTests" name="[63] /home/travis/build/icyphy/ptII/ptolemy/domains/de/test/auto/ResettableTimer6.xml (RunModel)" time="0.009" />
  <testcase classname="ptolemy.util.test.junit.AutoTests" name="[64] /home/travis/build/icyphy/ptII/ptolemy/domains/de/test/auto/ServerZeroDelay.xml (RunModel)" time="0.009" />
  <testcase classname="ptolemy.util.test.junit.AutoTests" name="[65] /home/travis/build/icyphy/ptII/ptolemy/domains/de/test/auto/SmartSender.xml (RunModel)" time="3.008" />
  <testcase classname="ptolemy.util.test.junit.AutoTests" name="[66] /home/travis/build/icyphy/ptII/ptolemy/domains/de/test/auto/ThreadedComposite.xml (RunModel)" time="0.111" />
  <testcase classname="ptolemy.util.test.junit.AutoTests" name="[67] /home/travis/build/icyphy/ptII/ptolemy/domains/de/test/auto/Time.xml (RunModel)" time="0.413" />
  <testcase classname="ptolemy.util.test.junit.AutoTests" name="[68] /home/travis/build/icyphy/ptII/ptolemy/domains/de/test/auto/TimeDelayZeroDelay.xml (RunModel)" time="0.012" />
  <testcase classname="ptolemy.util.test.junit.AutoTests" name="[69] /home/travis/build/icyphy/ptII/ptolemy/domains/de/test/auto/TimerZeroDelay.xml (RunModel)" time="0.01" />
  <testcase classname="ptolemy.util.test.junit.AutoTests" name="[70] /home/travis/build/icyphy/ptII/ptolemy/domains/de/test/auto/TimingParadox.xml (RunModel)" time="0.339" />
  <testcase classname="ptolemy.util.test.junit.AutoTests" name="[71] /home/travis/build/icyphy/ptII/ptolemy/domains/de/test/auto/TransferInputs.xml (RunModel)" time="0.008" />
  <testcase classname="ptolemy.util.test.junit.AutoTests" name="[72] /home/travis/build/icyphy/ptII/ptolemy/domains/de/test/auto/TransferOutputs2.xml (RunModel)" time="0.013" />
  <testcase classname="ptolemy.util.test.junit.AutoTests" name="[73] /home/travis/build/icyphy/ptII/ptolemy/domains/de/test/auto/Trilateration.xml (RunModel)" time="12.41" />
  <testcase classname="ptolemy.util.test.junit.AutoTests" name="[74] /home/travis/build/icyphy/ptII/ptolemy/domains/de/test/auto/TwoSigmaDelta.xml (RunModel)" time="2.101" />
  <testcase classname="ptolemy.util.test.junit.AutoTests" name="[75] /home/travis/build/icyphy/ptII/ptolemy/domains/de/test/auto/VariableDelay.xml (RunModel)" time="0.009" />
  <testcase classname="ptolemy.util.test.junit.AutoTests" name="[76] /home/travis/build/icyphy/ptII/ptolemy/domains/de/test/auto/VariableDelay2.xml (RunModel)" time="0.007" />
  <testcase classname="ptolemy.util.test.junit.AutoTests" name="[77] /home/travis/build/icyphy/ptII/ptolemy/domains/de/test/auto/VariableDelayZeroDelay.xml (RunModel)" time="0.008" />
  <testcase classname="ptolemy.util.test.junit.AutoTests" name="[78] /home/travis/build/icyphy/ptII/ptolemy/domains/de/test/auto/VariableDelayZeroDelay2.xml (RunModel)" time="0.008" />
  <testcase classname="ptolemy.util.test.junit.AutoTests" name="[79] /home/travis/build/icyphy/ptII/ptolemy/domains/de/test/auto/deInCt.xml (RunModel)" time="0.016" />
  <testcase classname="ptolemy.util.test.junit.AutoTests" name="[80] /home/travis/build/icyphy/ptII/ptolemy/domains/de/test/auto/deInCt2.xml (RunModel)" time="0.017" />
  <testcase classname="ptolemy.util.test.junit.AutoTests" name="[81] /home/travis/build/icyphy/ptII/ptolemy/domains/de/test/auto/dynamicCausalityInterface1.xml (RunModel)" time="0.017" />
  <testcase classname="ptolemy.util.test.junit.AutoTests" name="[82] /home/travis/build/icyphy/ptII/ptolemy/domains/de/test/auto/fsm_de_test.xml (RunModel)" time="0.02" />
  <testcase classname="ptolemy.util.test.junit.AutoTests" name="[83] /home/travis/build/icyphy/ptII/ptolemy/domains/de/test/auto/functionDependencyReconstruction.xml (RunModel)" time="0.029" />
  <testcase classname="ptolemy.util.test.junit.AutoTests" name="[84] /home/travis/build/icyphy/ptII/ptolemy/domains/de/test/auto/multirate.xml (RunModel)" time="0.014" />
  <testcase classname="ptolemy.util.test.junit.AutoTests" name="[85] /home/travis/build/icyphy/ptII/ptolemy/domains/de/test/auto/multirate2.xml (RunModel)" time="0.014" />
  <testcase classname="ptolemy.util.test.junit.AutoTests" name="[86] /home/travis/build/icyphy/ptII/ptolemy/domains/de/test/auto/realtime.xml (RunModel)" time="10.009" />
  <testcase classname="ptolemy.util.test.junit.AutoTests" name="[87] /home/travis/build/icyphy/ptII/ptolemy/domains/de/test/auto/relationGroup.xml (RunModel)" time="0.007" />
  <testcase classname="ptolemy.util.test.junit.AutoTests" name="[88] /home/travis/build/icyphy/ptII/ptolemy/domains/de/test/auto/relationGroup2.xml (RunModel)" time="0.007" />
  <testcase classname="ptolemy.util.test.junit.AutoTests" name="[89] /home/travis/build/icyphy/ptII/ptolemy/domains/de/test/auto/sortWithOpaquePorts.xml (RunModel)" time="0.008" />
  <testcase classname="ptolemy.util.test.junit.AutoTests" name="[90] /home/travis/build/icyphy/ptII/ptolemy/domains/de/test/auto/transferInputsandOutputs.xml (RunModel)" time="0.014" />
  <testcase classname="ptolemy.util.test.junit.AutoTests" name="[91] /home/travis/build/icyphy/ptII/ptolemy/domains/de/test/auto/triggerType.xml (RunModel)" time="0.008" />
  <system-out><![CDATA[/home/travis/build/icyphy/ptII/ptolemy/domains/de/test/DependencyLoop.tcl
testDefs.tcl: setting time out to 9000 seconds at Wed May 02 15:47:26 UTC 2018
15 ms. Memory: 116224K Free: 95060K (82%)
5 ms. Memory: 146944K Free: 137795K (94%)
/home/travis/build/icyphy/ptII/ptolemy/domains/de/test/RunDETestsAsQSS.tcl
Run the DE tests using ptolemy.domains.qss.test.QSSDirectorTest, which extends QSSDirector and prints a message in the constructors.
------------------ testing $PTII/ptolemy/domains/de/test/auto/knownFailedTests/dependencyLoop.xml (Known Failure) 
6 ms. Memory: 146944K Free: 133520K (91%)


==== $PTIIhome/travis/build/icyphy/ptII/ptolemy/domains/de/test/../../../../: Auto Automatic test in file $PTII/ptolemy/domains/de/test/auto/knownFailedTests/dependencyLoop.xml
==== Contents of test case:

	    # FIXME: we should use $relativeFilename here, but it
	    # might have backslashes under Windows, which causes no end
	    # of trouble.
	    createAndExecute $file
	    list {}
	
.... Test generated KNOWN error:
    while executing
ptolemy.kernel.util.IllegalActionException: Found a zero delay loop containing .dependencyLoop.original
  in .dependencyLoop and .dependencyLoop.original
	at ptolemy.actor.util.CausalityInterfaceForComposites._computeOutputPortDepth(CausalityInterfaceForComposites.java:759)
	at ptolemy.actor.util.CausalityInterfaceForComposites._computeInputDepth(CausalityInterfaceForComposites.java:696)
	at ptolemy.actor.util.CausalityInterfaceForComposites._computeOutputPortDepth(CausalityInterfaceForComposites.java:765)
	at ptolemy.actor.util.CausalityInterfaceForComposites._computeInputDepth(CausalityInterfaceForComposites.java:696)
	at ptolemy.actor.util.CausalityInterfaceForComposites._computeOutputPortDepth(CausalityInterfaceForComposites.java:765)
	at ptolemy.actor.util.CausalityInterfaceForComposites._computeInputDepth(CausalityInterfaceForComposites.java:696)
	at ptolemy.actor.util.CausalityInterfaceForComposites._computeActorDepth(CausalityInterfaceForComposites.java:532)
	at ptolemy.actor.util.CausalityInterfaceForComposites.checkForCycles(CausalityInterfaceForComposites.java:96)
	at ptolemy.domains.de.kernel.DEDirector.preinitialize(DEDirector.java:1337)
	at ptolemy.actor.CompositeActor.preinitialize(CompositeActor.java:1828)
	at ptolemy.actor.Manager.preinitializeAndResolveTypes(Manager.java:1040)
	at ptolemy.actor.Manager.initialize(Manager.java:710)
	at ptolemy.actor.Manager.execute(Manager.java:356)
	at ptolemy.actor.Manager.run(Manager.java:1263)
	at ptolemy.actor.Manager$PtolemyRunThread.run(Manager.java:1915)

    while executing
ptolemy.kernel.util.IllegalActionException: Found a zero delay loop containing .dependencyLoop.original
  in .dependencyLoop and .dependencyLoop.original
    while executing
"java::new ptolemy.moml.MoMLSimpleApplication $file
"
    (procedure "createAndExecute" line 2)
    invoked from within
"createAndExecute $file"
    ("uplevel" body line 5)
    invoked from within
"uplevel $contents_of_test"
------------------ testing $PTII/ptolemy/domains/de/test/auto/knownFailedTests/DESDFClockTest.xml (Known Failure) 
2098 ms. Memory: 146944K Free: 117670K (80%)


==== $PTIIhome/travis/build/icyphy/ptII/ptolemy/domains/de/test/../../../../: Auto Automatic test in file $PTII/ptolemy/domains/de/test/auto/knownFailedTests/DESDFClockTest.xml
==== Contents of test case:

	    # FIXME: we should use $relativeFilename here, but it
	    # might have backslashes under Windows, which causes no end
	    # of trouble.
	    createAndExecute $file
	    list {}
	
.... Test generated KNOWN error:
    while executing
ptolemy.kernel.util.IllegalActionException: Actor is not ready to fire.  Perhaps UpSample.prefire() returned false? Try debugging the actor by selecting "Listen to Actor".  Also, for SDF check moml for tokenConsumptionRate on input.
  in .DESDFClockTest.Play Bell.Copy1:SDF Director and .DESDFClockTest.Play Bell.UpSample
	at ptolemy.actor.sched.StaticSchedulingDirector.fire(StaticSchedulingDirector.java:227)
	at ptolemy.domains.sdf.kernel.SDFDirector.fire(SDFDirector.java:500)
	at ptolemy.actor.CompositeActor.fire(CompositeActor.java:455)
	at ptolemy.domains.de.kernel.DEDirector._fire(DEDirector.java:1948)
	at ptolemy.domains.de.kernel.DEDirector.fire(DEDirector.java:502)
	at ptolemy.actor.CompositeActor.fire(CompositeActor.java:455)
	at ptolemy.actor.Manager.iterate(Manager.java:851)
	at ptolemy.actor.Manager.execute(Manager.java:369)
	at ptolemy.actor.Manager.run(Manager.java:1263)
	at ptolemy.actor.Manager$PtolemyRunThread.run(Manager.java:1915)

    while executing
ptolemy.kernel.util.IllegalActionException: Actor is not ready to fire.  Perhaps UpSample.prefire() returned false? Try debugging the actor by selecting "Listen to Actor".  Also, for SDF check moml for tokenConsumptionRate on input.
  in .DESDFClockTest.Play Bell.Copy1:SDF Director and .DESDFClockTest.Play Bell.UpSample
    while executing
"java::new ptolemy.moml.MoMLSimpleApplication $file
"
    (procedure "createAndExecute" line 2)
    invoked from within
"createAndExecute $file"
    ("uplevel" body line 5)
    invoked from within
"uplevel $contents_of_test"
------------------ testing $PTII/ptolemy/domains/de/test/auto/knownFailedTests/FSMSource.xml (Known Failure) 
32 ms. Memory: 146944K Free: 108582K (74%)
!!!! Auto was marked as failing, but now passes
------------------ testing $PTII/ptolemy/domains/de/test/auto/knownFailedTests/dependencyLoop2.xml (Known Failure) 
8 ms. Memory: 146944K Free: 106699K (73%)


==== $PTIIhome/travis/build/icyphy/ptII/ptolemy/domains/de/test/../../../../: Auto Automatic test in file $PTII/ptolemy/domains/de/test/auto/knownFailedTests/dependencyLoop2.xml
==== Contents of test case:

	    # FIXME: we should use $relativeFilename here, but it
	    # might have backslashes under Windows, which causes no end
	    # of trouble.
	    createAndExecute $file
	    list {}
	
.... Test generated KNOWN error:
    while executing
ptolemy.kernel.util.IllegalActionException: Found a zero delay loop containing .dependencyLoop2.original
  in .dependencyLoop2 and .dependencyLoop2.original
	at ptolemy.actor.util.CausalityInterfaceForComposites._computeOutputPortDepth(CausalityInterfaceForComposites.java:759)
	at ptolemy.actor.util.CausalityInterfaceForComposites._computeInputDepth(CausalityInterfaceForComposites.java:696)
	at ptolemy.actor.util.CausalityInterfaceForComposites._computeOutputPortDepth(CausalityInterfaceForComposites.java:765)
	at ptolemy.actor.util.CausalityInterfaceForComposites._computeInputDepth(CausalityInterfaceForComposites.java:696)
	at ptolemy.actor.util.CausalityInterfaceForComposites._computeOutputPortDepth(CausalityInterfaceForComposites.java:765)
	at ptolemy.actor.util.CausalityInterfaceForComposites._computeInputDepth(CausalityInterfaceForComposites.java:696)
	at ptolemy.actor.util.CausalityInterfaceForComposites._computeActorDepth(CausalityInterfaceForComposites.java:532)
	at ptolemy.actor.util.CausalityInterfaceForComposites.checkForCycles(CausalityInterfaceForComposites.java:96)
	at ptolemy.domains.de.kernel.DEDirector.preinitialize(DEDirector.java:1337)
	at ptolemy.actor.CompositeActor.preinitialize(CompositeActor.java:1828)
	at ptolemy.actor.Manager.preinitializeAndResolveTypes(Manager.java:1040)
	at ptolemy.actor.Manager.initialize(Manager.java:710)
	at ptolemy.actor.Manager.execute(Manager.java:356)
	at ptolemy.actor.Manager.run(Manager.java:1263)
	at ptolemy.actor.Manager$PtolemyRunThread.run(Manager.java:1915)

    while executing
ptolemy.kernel.util.IllegalActionException: Found a zero delay loop containing .dependencyLoop2.original
  in .dependencyLoop2 and .dependencyLoop2.original
    while executing
"java::new ptolemy.moml.MoMLSimpleApplication $file
"
    (procedure "createAndExecute" line 2)
    invoked from within
"createAndExecute $file"
    ("uplevel" body line 5)
    invoked from within
"uplevel $contents_of_test"
------------------ testing $PTII/ptolemy/domains/de/test/auto/knownFailedTests/HierarchicalModel.xml (Known Failure) 
7 ms. Memory: 146944K Free: 86178K (59%)


==== $PTIIhome/travis/build/icyphy/ptII/ptolemy/domains/de/test/../../../../: Auto Automatic test in file $PTII/ptolemy/domains/de/test/auto/knownFailedTests/HierarchicalModel.xml
==== Contents of test case:

	    # FIXME: we should use $relativeFilename here, but it
	    # might have backslashes under Windows, which causes no end
	    # of trouble.
	    createAndExecute $file
	    list {}
	
.... Test generated KNOWN error:
    while executing
ptolemy.kernel.util.IllegalActionException: Found a zero delay loop containing .HierarchicalModel.A
  in .HierarchicalModel and .HierarchicalModel.A
	at ptolemy.actor.util.CausalityInterfaceForComposites._computeOutputPortDepth(CausalityInterfaceForComposites.java:759)
	at ptolemy.actor.util.CausalityInterfaceForComposites._computeInputDepth(CausalityInterfaceForComposites.java:696)
	at ptolemy.actor.util.CausalityInterfaceForComposites._computeOutputPortDepth(CausalityInterfaceForComposites.java:765)
	at ptolemy.actor.util.CausalityInterfaceForComposites._computeInputDepth(CausalityInterfaceForComposites.java:696)
	at ptolemy.actor.util.CausalityInterfaceForComposites._computeOutputPortDepth(CausalityInterfaceForComposites.java:765)
	at ptolemy.actor.util.CausalityInterfaceForComposites._computeInputDepth(CausalityInterfaceForComposites.java:696)
	at ptolemy.actor.util.CausalityInterfaceForComposites._computeActorDepth(CausalityInterfaceForComposites.java:532)
	at ptolemy.actor.util.CausalityInterfaceForComposites.checkForCycles(CausalityInterfaceForComposites.java:96)
	at ptolemy.domains.de.kernel.DEDirector.preinitialize(DEDirector.java:1337)
	at ptolemy.actor.CompositeActor.preinitialize(CompositeActor.java:1828)
	at ptolemy.actor.Manager.preinitializeAndResolveTypes(Manager.java:1040)
	at ptolemy.actor.Manager.initialize(Manager.java:710)
	at ptolemy.actor.Manager.execute(Manager.java:356)
	at ptolemy.actor.Manager.run(Manager.java:1263)
	at ptolemy.actor.Manager$PtolemyRunThread.run(Manager.java:1915)

    while executing
ptolemy.kernel.util.IllegalActionException: Found a zero delay loop containing .HierarchicalModel.A
  in .HierarchicalModel and .HierarchicalModel.A
    while executing
"java::new ptolemy.moml.MoMLSimpleApplication $file
"
    (procedure "createAndExecute" line 2)
    invoked from within
"createAndExecute $file"
    ("uplevel" body line 5)
    invoked from within
"uplevel $contents_of_test"
------------------ testing $PTII/ptolemy/domains/de/test/auto/knownFailedTests/DirectFeedback.xml (Known Failure) 
14 ms. Memory: 146944K Free: 142588K (97%)


==== $PTIIhome/travis/build/icyphy/ptII/ptolemy/domains/de/test/../../../../: Auto Automatic test in file $PTII/ptolemy/domains/de/test/auto/knownFailedTests/DirectFeedback.xml
==== Contents of test case:

	    # FIXME: we should use $relativeFilename here, but it
	    # might have backslashes under Windows, which causes no end
	    # of trouble.
	    createAndExecute $file
	    list {}
	
.... Test generated KNOWN error:
    while executing
ptolemy.kernel.util.IllegalActionException: Test fails in iteration 1.
Value was: 1.0. Should have been: 2.0
  in .DirectFeedback.Test
	at ptolemy.actor.lib.Test.fire(Test.java:268)
	at ptolemy.domains.de.kernel.DEDirector._fire(DEDirector.java:1948)
	at ptolemy.domains.de.kernel.DEDirector.fire(DEDirector.java:502)
	at ptolemy.actor.CompositeActor.fire(CompositeActor.java:455)
	at ptolemy.actor.Manager.iterate(Manager.java:851)
	at ptolemy.actor.Manager.execute(Manager.java:369)
	at ptolemy.actor.Manager.run(Manager.java:1263)
	at ptolemy.actor.Manager$PtolemyRunThread.run(Manager.java:1915)

    while executing
ptolemy.kernel.util.IllegalActionException: Test fails in iteration 1.
Value was: 1.0. Should have been: 2.0
  in .DirectFeedback.Test
    while executing
"java::new ptolemy.moml.MoMLSimpleApplication $file
"
    (procedure "createAndExecute" line 2)
    invoked from within
"createAndExecute $file"
    ("uplevel" body line 5)
    invoked from within
"uplevel $contents_of_test"
------------------ testing $PTII/ptolemy/domains/de/test/auto/ActorDepthCalculation_actorWithoutPorts.xml
auto.tcl: Setting watchdog for 200 seconds at Wed May 02 15:47:29 UTC 2018
8 ms. Memory: 146944K Free: 133614K (91%)
ptolemy.util.test.WatchDog.cancel(): canceling Wed May 02 15:47:29 UTC 2018
auto.tcl: Setting watchdog for 200 seconds at Wed May 02 15:47:29 UTC 2018
4 ms. Memory: 146944K Free: 132574K (90%)
ptolemy.util.test.WatchDog.cancel(): canceling Wed May 02 15:47:29 UTC 2018
------------------ testing $PTII/ptolemy/domains/de/test/auto/AssemblyLine.xml
auto.tcl: Setting watchdog for 200 seconds at Wed May 02 15:47:30 UTC 2018
24 ms. Memory: 208384K Free: 186352K (89%)
ptolemy.util.test.WatchDog.cancel(): canceling Wed May 02 15:47:30 UTC 2018
auto.tcl: Setting watchdog for 200 seconds at Wed May 02 15:47:30 UTC 2018
6 ms. Memory: 208384K Free: 186352K (89%)
ptolemy.util.test.WatchDog.cancel(): canceling Wed May 02 15:47:30 UTC 2018
------------------ testing $PTII/ptolemy/domains/de/test/auto/CQBug1.xml
auto.tcl: Setting watchdog for 200 seconds at Wed May 02 15:47:30 UTC 2018
3 ms. Memory: 208384K Free: 197732K (95%)
ptolemy.util.test.WatchDog.cancel(): canceling Wed May 02 15:47:30 UTC 2018
auto.tcl: Setting watchdog for 200 seconds at Wed May 02 15:47:30 UTC 2018
1 ms. Memory: 208384K Free: 197732K (95%)
ptolemy.util.test.WatchDog.cancel(): canceling Wed May 02 15:47:30 UTC 2018
------------------ testing $PTII/ptolemy/domains/de/test/auto/CancelFireAt.xml
auto.tcl: Setting watchdog for 200 seconds at Wed May 02 15:47:30 UTC 2018
4 ms. Memory: 208384K Free: 201446K (97%)
ptolemy.util.test.WatchDog.cancel(): canceling Wed May 02 15:47:30 UTC 2018
auto.tcl: Setting watchdog for 200 seconds at Wed May 02 15:47:30 UTC 2018
4 ms. Memory: 208384K Free: 199348K (96%)
ptolemy.util.test.WatchDog.cancel(): canceling Wed May 02 15:47:30 UTC 2018
------------------ testing $PTII/ptolemy/domains/de/test/auto/CausalityAndComposabilityAnalysis.xml
auto.tcl: Setting watchdog for 200 seconds at Wed May 02 15:47:30 UTC 2018
7 ms. Memory: 208384K Free: 196516K (94%)
ptolemy.util.test.WatchDog.cancel(): canceling Wed May 02 15:47:30 UTC 2018
auto.tcl: Setting watchdog for 200 seconds at Wed May 02 15:47:30 UTC 2018
8 ms. Memory: 208384K Free: 196516K (94%)
ptolemy.util.test.WatchDog.cancel(): canceling Wed May 02 15:47:30 UTC 2018
------------------ testing $PTII/ptolemy/domains/de/test/auto/CausalityInterface1.xml
auto.tcl: Setting watchdog for 200 seconds at Wed May 02 15:47:30 UTC 2018
12 ms. Memory: 208384K Free: 196453K (94%)
ptolemy.util.test.WatchDog.cancel(): canceling Wed May 02 15:47:30 UTC 2018
auto.tcl: Setting watchdog for 200 seconds at Wed May 02 15:47:30 UTC 2018
5 ms. Memory: 208384K Free: 196453K (94%)
ptolemy.util.test.WatchDog.cancel(): canceling Wed May 02 15:47:30 UTC 2018
------------------ testing $PTII/ptolemy/domains/de/test/auto/CausalityInterface15.xml
auto.tcl: Setting watchdog for 200 seconds at Wed May 02 15:47:30 UTC 2018
5 ms. Memory: 208384K Free: 196443K (94%)
ptolemy.util.test.WatchDog.cancel(): canceling Wed May 02 15:47:30 UTC 2018
auto.tcl: Setting watchdog for 200 seconds at Wed May 02 15:47:30 UTC 2018
6 ms. Memory: 208384K Free: 196443K (94%)
ptolemy.util.test.WatchDog.cancel(): canceling Wed May 02 15:47:30 UTC 2018
------------------ testing $PTII/ptolemy/domains/de/test/auto/CausalityInterface2.xml
auto.tcl: Setting watchdog for 200 seconds at Wed May 02 15:47:30 UTC 2018
6 ms. Memory: 208384K Free: 196764K (94%)
ptolemy.util.test.WatchDog.cancel(): canceling Wed May 02 15:47:30 UTC 2018
auto.tcl: Setting watchdog for 200 seconds at Wed May 02 15:47:30 UTC 2018
3 ms. Memory: 208384K Free: 196427K (94%)
ptolemy.util.test.WatchDog.cancel(): canceling Wed May 02 15:47:30 UTC 2018
------------------ testing $PTII/ptolemy/domains/de/test/auto/CausalityInterface3.xml
auto.tcl: Setting watchdog for 200 seconds at Wed May 02 15:47:30 UTC 2018
6 ms. Memory: 208384K Free: 196440K (94%)
ptolemy.util.test.WatchDog.cancel(): canceling Wed May 02 15:47:30 UTC 2018
auto.tcl: Setting watchdog for 200 seconds at Wed May 02 15:47:30 UTC 2018
4 ms. Memory: 208384K Free: 196440K (94%)
ptolemy.util.test.WatchDog.cancel(): canceling Wed May 02 15:47:30 UTC 2018
------------------ testing $PTII/ptolemy/domains/de/test/auto/ClockDrift.xml
auto.tcl: Setting watchdog for 200 seconds at Wed May 02 15:47:31 UTC 2018
62 ms. Memory: 208384K Free: 187686K (90%)
ptolemy.util.test.WatchDog.cancel(): canceling Wed May 02 15:47:31 UTC 2018
auto.tcl: Setting watchdog for 200 seconds at Wed May 02 15:47:31 UTC 2018
59 ms. Memory: 208384K Free: 185591K (89%)
ptolemy.util.test.WatchDog.cancel(): canceling Wed May 02 15:47:31 UTC 2018
------------------ testing $PTII/ptolemy/domains/de/test/auto/ClockDriftAndValueChange.xml
auto.tcl: Setting watchdog for 200 seconds at Wed May 02 15:47:31 UTC 2018
46 ms. Memory: 208384K Free: 187520K (90%)
ptolemy.util.test.WatchDog.cancel(): canceling Wed May 02 15:47:31 UTC 2018
auto.tcl: Setting watchdog for 200 seconds at Wed May 02 15:47:31 UTC 2018
40 ms. Memory: 208384K Free: 185425K (89%)
ptolemy.util.test.WatchDog.cancel(): canceling Wed May 02 15:47:31 UTC 2018
------------------ testing $PTII/ptolemy/domains/de/test/auto/ClockDriftChange.xml
auto.tcl: Setting watchdog for 200 seconds at Wed May 02 15:47:31 UTC 2018
32 ms. Memory: 208384K Free: 190839K (92%)
ptolemy.util.test.WatchDog.cancel(): canceling Wed May 02 15:47:31 UTC 2018
auto.tcl: Setting watchdog for 200 seconds at Wed May 02 15:47:31 UTC 2018
24 ms. Memory: 208384K Free: 188744K (91%)
ptolemy.util.test.WatchDog.cancel(): canceling Wed May 02 15:47:31 UTC 2018
------------------ testing $PTII/ptolemy/domains/de/test/auto/ComposableCausalityAnalysis.xml
auto.tcl: Setting watchdog for 200 seconds at Wed May 02 15:47:31 UTC 2018
1 ms. Memory: 208384K Free: 196294K (94%)
ptolemy.util.test.WatchDog.cancel(): canceling Wed May 02 15:47:31 UTC 2018
auto.tcl: Setting watchdog for 200 seconds at Wed May 02 15:47:31 UTC 2018
2 ms. Memory: 208384K Free: 194199K (93%)
ptolemy.util.test.WatchDog.cancel(): canceling Wed May 02 15:47:31 UTC 2018
------------------ testing $PTII/ptolemy/domains/de/test/auto/DEFixedPointLimitation.xml
auto.tcl: Setting watchdog for 200 seconds at Wed May 02 15:47:31 UTC 2018
1 ms. Memory: 208384K Free: 196375K (94%)
ptolemy.util.test.WatchDog.cancel(): canceling Wed May 02 15:47:31 UTC 2018
auto.tcl: Setting watchdog for 200 seconds at Wed May 02 15:47:31 UTC 2018
1 ms. Memory: 208384K Free: 196375K (94%)
ptolemy.util.test.WatchDog.cancel(): canceling Wed May 02 15:47:31 UTC 2018
------------------ testing $PTII/ptolemy/domains/de/test/auto/DEScheduleTest.xml
auto.tcl: Setting watchdog for 200 seconds at Wed May 02 15:47:31 UTC 2018
7 ms. Memory: 208384K Free: 198506K (95%)
ptolemy.util.test.WatchDog.cancel(): canceling Wed May 02 15:47:31 UTC 2018
auto.tcl: Setting watchdog for 200 seconds at Wed May 02 15:47:31 UTC 2018
4 ms. Memory: 208384K Free: 196411K (94%)
ptolemy.util.test.WatchDog.cancel(): canceling Wed May 02 15:47:31 UTC 2018
------------------ testing $PTII/ptolemy/domains/de/test/auto/DEinDEwithStartTimes.xml
auto.tcl: Setting watchdog for 200 seconds at Wed May 02 15:47:31 UTC 2018
5 ms. Memory: 208384K Free: 196380K (94%)
ptolemy.util.test.WatchDog.cancel(): canceling Wed May 02 15:47:31 UTC 2018
auto.tcl: Setting watchdog for 200 seconds at Wed May 02 15:47:31 UTC 2018
3 ms. Memory: 208384K Free: 194285K (93%)
ptolemy.util.test.WatchDog.cancel(): canceling Wed May 02 15:47:31 UTC 2018
------------------ testing $PTII/ptolemy/domains/de/test/auto/DEinDEwithStartTimes2.xml
auto.tcl: Setting watchdog for 200 seconds at Wed May 02 15:47:31 UTC 2018
11 ms. Memory: 208384K Free: 196359K (94%)
ptolemy.util.test.WatchDog.cancel(): canceling Wed May 02 15:47:31 UTC 2018
auto.tcl: Setting watchdog for 200 seconds at Wed May 02 15:47:31 UTC 2018
8 ms. Memory: 208384K Free: 194265K (93%)
ptolemy.util.test.WatchDog.cancel(): canceling Wed May 02 15:47:31 UTC 2018
------------------ testing $PTII/ptolemy/domains/de/test/auto/DateDemo.xml
auto.tcl: Setting watchdog for 200 seconds at Wed May 02 15:47:32 UTC 2018
11 ms. Memory: 208384K Free: 188813K (91%)
ptolemy.util.test.WatchDog.cancel(): canceling Wed May 02 15:47:32 UTC 2018
auto.tcl: Setting watchdog for 200 seconds at Wed May 02 15:47:32 UTC 2018
8 ms. Memory: 208384K Free: 186718K (90%)
ptolemy.util.test.WatchDog.cancel(): canceling Wed May 02 15:47:32 UTC 2018
------------------ testing $PTII/ptolemy/domains/de/test/auto/DateToEvent.xml
auto.tcl: Setting watchdog for 200 seconds at Wed May 02 15:47:32 UTC 2018
2017 ms. Memory: 208384K Free: 183550K (88%)
ptolemy.util.test.WatchDog.cancel(): canceling Wed May 02 15:47:34 UTC 2018
auto.tcl: Setting watchdog for 200 seconds at Wed May 02 15:47:34 UTC 2018
2005 ms. Memory: 208384K Free: 183550K (88%)
ptolemy.util.test.WatchDog.cancel(): canceling Wed May 02 15:47:36 UTC 2018
------------------ testing $PTII/ptolemy/domains/de/test/auto/DepthTest1.xml
auto.tcl: Setting watchdog for 200 seconds at Wed May 02 15:47:36 UTC 2018
4 ms. Memory: 208384K Free: 198371K (95%)
ptolemy.util.test.WatchDog.cancel(): canceling Wed May 02 15:47:36 UTC 2018
auto.tcl: Setting watchdog for 200 seconds at Wed May 02 15:47:36 UTC 2018
2 ms. Memory: 208384K Free: 198371K (95%)
ptolemy.util.test.WatchDog.cancel(): canceling Wed May 02 15:47:36 UTC 2018
------------------ testing $PTII/ptolemy/domains/de/test/auto/DepthTest2.xml
auto.tcl: Setting watchdog for 200 seconds at Wed May 02 15:47:36 UTC 2018
14 ms. Memory: 208384K Free: 194245K (93%)
ptolemy.util.test.WatchDog.cancel(): canceling Wed May 02 15:47:36 UTC 2018
auto.tcl: Setting watchdog for 200 seconds at Wed May 02 15:47:36 UTC 2018
4 ms. Memory: 208384K Free: 194245K (93%)
ptolemy.util.test.WatchDog.cancel(): canceling Wed May 02 15:47:36 UTC 2018
------------------ testing $PTII/ptolemy/domains/de/test/auto/DepthTest3.xml
auto.tcl: Setting watchdog for 200 seconds at Wed May 02 15:47:36 UTC 2018
3 ms. Memory: 208384K Free: 198705K (95%)
ptolemy.util.test.WatchDog.cancel(): canceling Wed May 02 15:47:36 UTC 2018
auto.tcl: Setting watchdog for 200 seconds at Wed May 02 15:47:36 UTC 2018
2 ms. Memory: 208384K Free: 198705K (95%)
ptolemy.util.test.WatchDog.cancel(): canceling Wed May 02 15:47:36 UTC 2018
------------------ testing $PTII/ptolemy/domains/de/test/auto/DepthTest4.xml
auto.tcl: Setting watchdog for 200 seconds at Wed May 02 15:47:36 UTC 2018
3 ms. Memory: 208384K Free: 196360K (94%)
ptolemy.util.test.WatchDog.cancel(): canceling Wed May 02 15:47:36 UTC 2018
auto.tcl: Setting watchdog for 200 seconds at Wed May 02 15:47:36 UTC 2018
2 ms. Memory: 208384K Free: 196360K (94%)
ptolemy.util.test.WatchDog.cancel(): canceling Wed May 02 15:47:36 UTC 2018
------------------ testing $PTII/ptolemy/domains/de/test/auto/DepthTest5.xml
auto.tcl: Setting watchdog for 200 seconds at Wed May 02 15:47:36 UTC 2018
3 ms. Memory: 208384K Free: 196645K (94%)
ptolemy.util.test.WatchDog.cancel(): canceling Wed May 02 15:47:36 UTC 2018
auto.tcl: Setting watchdog for 200 seconds at Wed May 02 15:47:36 UTC 2018
2 ms. Memory: 208384K Free: 196645K (94%)
ptolemy.util.test.WatchDog.cancel(): canceling Wed May 02 15:47:36 UTC 2018
------------------ testing $PTII/ptolemy/domains/de/test/auto/DepthTest6.xml
auto.tcl: Setting watchdog for 200 seconds at Wed May 02 15:47:36 UTC 2018
5 ms. Memory: 208384K Free: 196277K (94%)
ptolemy.util.test.WatchDog.cancel(): canceling Wed May 02 15:47:36 UTC 2018
auto.tcl: Setting watchdog for 200 seconds at Wed May 02 15:47:36 UTC 2018
2 ms. Memory: 208384K Free: 196277K (94%)
ptolemy.util.test.WatchDog.cancel(): canceling Wed May 02 15:47:36 UTC 2018
------------------ testing $PTII/ptolemy/domains/de/test/auto/DepthTest7.xml
auto.tcl: Setting watchdog for 200 seconds at Wed May 02 15:47:36 UTC 2018
2 ms. Memory: 208384K Free: 196265K (94%)
ptolemy.util.test.WatchDog.cancel(): canceling Wed May 02 15:47:36 UTC 2018
auto.tcl: Setting watchdog for 200 seconds at Wed May 02 15:47:36 UTC 2018
2 ms. Memory: 208384K Free: 196265K (94%)
ptolemy.util.test.WatchDog.cancel(): canceling Wed May 02 15:47:36 UTC 2018
------------------ testing $PTII/ptolemy/domains/de/test/auto/EventToDate.xml
auto.tcl: Setting watchdog for 200 seconds at Wed May 02 15:47:36 UTC 2018
3005 ms. Memory: 208384K Free: 185811K (89%)
ptolemy.util.test.WatchDog.cancel(): canceling Wed May 02 15:47:39 UTC 2018
auto.tcl: Setting watchdog for 200 seconds at Wed May 02 15:47:39 UTC 2018
3004 ms. Memory: 208384K Free: 185811K (89%)
ptolemy.util.test.WatchDog.cancel(): canceling Wed May 02 15:47:42 UTC 2018
------------------ testing $PTII/ptolemy/domains/de/test/auto/FSM1.xml
auto.tcl: Setting watchdog for 200 seconds at Wed May 02 15:47:42 UTC 2018
33 ms. Memory: 208384K Free: 187231K (90%)
ptolemy.util.test.WatchDog.cancel(): canceling Wed May 02 15:47:42 UTC 2018
auto.tcl: Setting watchdog for 200 seconds at Wed May 02 15:47:42 UTC 2018
30 ms. Memory: 208384K Free: 185136K (89%)
ptolemy.util.test.WatchDog.cancel(): canceling Wed May 02 15:47:43 UTC 2018
------------------ testing $PTII/ptolemy/domains/de/test/auto/FSM7.xml
auto.tcl: Setting watchdog for 200 seconds at Wed May 02 15:47:43 UTC 2018
23 ms. Memory: 208384K Free: 187434K (90%)
ptolemy.util.test.WatchDog.cancel(): canceling Wed May 02 15:47:43 UTC 2018
auto.tcl: Setting watchdog for 200 seconds at Wed May 02 15:47:43 UTC 2018
21 ms. Memory: 208384K Free: 185339K (89%)
ptolemy.util.test.WatchDog.cancel(): canceling Wed May 02 15:47:43 UTC 2018
------------------ testing $PTII/ptolemy/domains/de/test/auto/Inspection.xml
auto.tcl: Setting watchdog for 200 seconds at Wed May 02 15:47:43 UTC 2018
41 ms. Memory: 208384K Free: 188984K (91%)
ptolemy.util.test.WatchDog.cancel(): canceling Wed May 02 15:47:43 UTC 2018
auto.tcl: Setting watchdog for 200 seconds at Wed May 02 15:47:43 UTC 2018
25 ms. Memory: 208384K Free: 186889K (90%)
ptolemy.util.test.WatchDog.cancel(): canceling Wed May 02 15:47:43 UTC 2018
------------------ testing $PTII/ptolemy/domains/de/test/auto/Iteration.xml
auto.tcl: Setting watchdog for 200 seconds at Wed May 02 15:47:43 UTC 2018
9 ms. Memory: 208384K Free: 194310K (93%)
ptolemy.util.test.WatchDog.cancel(): canceling Wed May 02 15:47:43 UTC 2018
auto.tcl: Setting watchdog for 200 seconds at Wed May 02 15:47:43 UTC 2018
5 ms. Memory: 208384K Free: 193973K (93%)
ptolemy.util.test.WatchDog.cancel(): canceling Wed May 02 15:47:43 UTC 2018
------------------ testing $PTII/ptolemy/domains/de/test/auto/LineFault.xml
auto.tcl: Setting watchdog for 200 seconds at Wed May 02 15:47:43 UTC 2018
684 ms. Memory: 208384K Free: 196255K (94%)
ptolemy.util.test.WatchDog.cancel(): canceling Wed May 02 15:47:44 UTC 2018
auto.tcl: Setting watchdog for 200 seconds at Wed May 02 15:47:44 UTC 2018
586 ms. Memory: 208384K Free: 139059K (67%)
ptolemy.util.test.WatchDog.cancel(): canceling Wed May 02 15:47:44 UTC 2018
------------------ testing $PTII/ptolemy/domains/de/test/auto/MergeModel1Add.xml
auto.tcl: Setting watchdog for 200 seconds at Wed May 02 15:47:45 UTC 2018
26 ms. Memory: 331264K Free: 302749K (91%)
ptolemy.util.test.WatchDog.cancel(): canceling Wed May 02 15:47:45 UTC 2018
auto.tcl: Setting watchdog for 200 seconds at Wed May 02 15:47:45 UTC 2018
15 ms. Memory: 331264K Free: 298788K (90%)
ptolemy.util.test.WatchDog.cancel(): canceling Wed May 02 15:47:45 UTC 2018
------------------ testing $PTII/ptolemy/domains/de/test/auto/MergeModel2Add.xml
auto.tcl: Setting watchdog for 200 seconds at Wed May 02 15:47:45 UTC 2018
11 ms. Memory: 331264K Free: 304086K (92%)
ptolemy.util.test.WatchDog.cancel(): canceling Wed May 02 15:47:45 UTC 2018
auto.tcl: Setting watchdog for 200 seconds at Wed May 02 15:47:45 UTC 2018
7 ms. Memory: 331264K Free: 300126K (91%)
ptolemy.util.test.WatchDog.cancel(): canceling Wed May 02 15:47:45 UTC 2018
------------------ testing $PTII/ptolemy/domains/de/test/auto/MergeModel3Add.xml
auto.tcl: Setting watchdog for 200 seconds at Wed May 02 15:47:45 UTC 2018
10 ms. Memory: 331264K Free: 304098K (92%)
ptolemy.util.test.WatchDog.cancel(): canceling Wed May 02 15:47:45 UTC 2018
auto.tcl: Setting watchdog for 200 seconds at Wed May 02 15:47:45 UTC 2018
9 ms. Memory: 331264K Free: 300137K (91%)
ptolemy.util.test.WatchDog.cancel(): canceling Wed May 02 15:47:45 UTC 2018
------------------ testing $PTII/ptolemy/domains/de/test/auto/MergeWithoutDiscard.xml
auto.tcl: Setting watchdog for 200 seconds at Wed May 02 15:47:45 UTC 2018
2 ms. Memory: 331264K Free: 320223K (97%)
ptolemy.util.test.WatchDog.cancel(): canceling Wed May 02 15:47:45 UTC 2018
auto.tcl: Setting watchdog for 200 seconds at Wed May 02 15:47:45 UTC 2018
1 ms. Memory: 331264K Free: 316262K (95%)
ptolemy.util.test.WatchDog.cancel(): canceling Wed May 02 15:47:45 UTC 2018
------------------ testing $PTII/ptolemy/domains/de/test/auto/Modal1.xml
auto.tcl: Setting watchdog for 200 seconds at Wed May 02 15:47:45 UTC 2018
17 ms. Memory: 331264K Free: 309856K (94%)
ptolemy.util.test.WatchDog.cancel(): canceling Wed May 02 15:47:45 UTC 2018
auto.tcl: Setting watchdog for 200 seconds at Wed May 02 15:47:45 UTC 2018
17 ms. Memory: 331264K Free: 305895K (92%)
ptolemy.util.test.WatchDog.cancel(): canceling Wed May 02 15:47:45 UTC 2018
------------------ testing $PTII/ptolemy/domains/de/test/auto/Modal2.xml
auto.tcl: Setting watchdog for 200 seconds at Wed May 02 15:47:45 UTC 2018
13 ms. Memory: 331264K Free: 309730K (93%)
ptolemy.util.test.WatchDog.cancel(): canceling Wed May 02 15:47:45 UTC 2018
auto.tcl: Setting watchdog for 200 seconds at Wed May 02 15:47:45 UTC 2018
11 ms. Memory: 331264K Free: 305769K (92%)
ptolemy.util.test.WatchDog.cancel(): canceling Wed May 02 15:47:45 UTC 2018
------------------ testing $PTII/ptolemy/domains/de/test/auto/Modal3.xml
auto.tcl: Setting watchdog for 200 seconds at Wed May 02 15:47:45 UTC 2018
9 ms. Memory: 331264K Free: 310013K (94%)
ptolemy.util.test.WatchDog.cancel(): canceling Wed May 02 15:47:45 UTC 2018
auto.tcl: Setting watchdog for 200 seconds at Wed May 02 15:47:45 UTC 2018
10 ms. Memory: 331264K Free: 305767K (92%)
ptolemy.util.test.WatchDog.cancel(): canceling Wed May 02 15:47:45 UTC 2018
------------------ testing $PTII/ptolemy/domains/de/test/auto/Modal4.xml
auto.tcl: Setting watchdog for 200 seconds at Wed May 02 15:47:45 UTC 2018
22 ms. Memory: 331264K Free: 309741K (94%)
ptolemy.util.test.WatchDog.cancel(): canceling Wed May 02 15:47:45 UTC 2018
auto.tcl: Setting watchdog for 200 seconds at Wed May 02 15:47:45 UTC 2018
14 ms. Memory: 331264K Free: 305781K (92%)
ptolemy.util.test.WatchDog.cancel(): canceling Wed May 02 15:47:45 UTC 2018
------------------ testing $PTII/ptolemy/domains/de/test/auto/Modal5.xml
auto.tcl: Setting watchdog for 200 seconds at Wed May 02 15:47:45 UTC 2018
16 ms. Memory: 331264K Free: 309729K (93%)
ptolemy.util.test.WatchDog.cancel(): canceling Wed May 02 15:47:45 UTC 2018
auto.tcl: Setting watchdog for 200 seconds at Wed May 02 15:47:45 UTC 2018
12 ms. Memory: 331264K Free: 305768K (92%)
ptolemy.util.test.WatchDog.cancel(): canceling Wed May 02 15:47:45 UTC 2018
------------------ testing $PTII/ptolemy/domains/de/test/auto/Modal6.xml
auto.tcl: Setting watchdog for 200 seconds at Wed May 02 15:47:45 UTC 2018
11 ms. Memory: 331264K Free: 309726K (93%)
ptolemy.util.test.WatchDog.cancel(): canceling Wed May 02 15:47:46 UTC 2018
auto.tcl: Setting watchdog for 200 seconds at Wed May 02 15:47:46 UTC 2018
12 ms. Memory: 331264K Free: 305765K (92%)
ptolemy.util.test.WatchDog.cancel(): canceling Wed May 02 15:47:46 UTC 2018
------------------ testing $PTII/ptolemy/domains/de/test/auto/Modal7.xml
auto.tcl: Setting watchdog for 200 seconds at Wed May 02 15:47:46 UTC 2018
18 ms. Memory: 331264K Free: 309727K (93%)
ptolemy.util.test.WatchDog.cancel(): canceling Wed May 02 15:47:46 UTC 2018
auto.tcl: Setting watchdog for 200 seconds at Wed May 02 15:47:46 UTC 2018
10 ms. Memory: 331264K Free: 305766K (92%)
ptolemy.util.test.WatchDog.cancel(): canceling Wed May 02 15:47:46 UTC 2018
------------------ testing $PTII/ptolemy/domains/de/test/auto/ModalModel.xml
auto.tcl: Setting watchdog for 200 seconds at Wed May 02 15:47:46 UTC 2018
154 ms. Memory: 331264K Free: 246202K (74%)
ptolemy.util.test.WatchDog.cancel(): canceling Wed May 02 15:47:46 UTC 2018
auto.tcl: Setting watchdog for 200 seconds at Wed May 02 15:47:46 UTC 2018
160 ms. Memory: 331264K Free: 190752K (58%)
ptolemy.util.test.WatchDog.cancel(): canceling Wed May 02 15:47:46 UTC 2018
------------------ testing $PTII/ptolemy/domains/de/test/auto/ModalSource.xml
auto.tcl: Setting watchdog for 200 seconds at Wed May 02 15:47:46 UTC 2018
9 ms. Memory: 331264K Free: 316533K (96%)
ptolemy.util.test.WatchDog.cancel(): canceling Wed May 02 15:47:46 UTC 2018
auto.tcl: Setting watchdog for 200 seconds at Wed May 02 15:47:46 UTC 2018
5 ms. Memory: 331264K Free: 313007K (94%)
ptolemy.util.test.WatchDog.cancel(): canceling Wed May 02 15:47:46 UTC 2018
------------------ testing $PTII/ptolemy/domains/de/test/auto/NonInterruptibleTimerZeroDelay.xml
auto.tcl: Setting watchdog for 200 seconds at Wed May 02 15:47:46 UTC 2018
3 ms. Memory: 331264K Free: 320896K (97%)
ptolemy.util.test.WatchDog.cancel(): canceling Wed May 02 15:47:46 UTC 2018
auto.tcl: Setting watchdog for 200 seconds at Wed May 02 15:47:46 UTC 2018
2 ms. Memory: 331264K Free: 317370K (96%)
ptolemy.util.test.WatchDog.cancel(): canceling Wed May 02 15:47:46 UTC 2018
------------------ testing $PTII/ptolemy/domains/de/test/auto/OpenQueueingNetwork.xml
auto.tcl: Setting watchdog for 200 seconds at Wed May 02 15:47:46 UTC 2018
2594 ms. Memory: 317952K Free: 164848K (52%)
ptolemy.util.test.WatchDog.cancel(): canceling Wed May 02 15:47:49 UTC 2018
auto.tcl: Setting watchdog for 200 seconds at Wed May 02 15:47:49 UTC 2018
2411 ms. Memory: 287232K Free: 223458K (78%)
ptolemy.util.test.WatchDog.cancel(): canceling Wed May 02 15:47:51 UTC 2018
------------------ testing $PTII/ptolemy/domains/de/test/auto/OpenQueuingNetwork.xml
auto.tcl: Setting watchdog for 200 seconds at Wed May 02 15:47:51 UTC 2018
229 ms. Memory: 287232K Free: 187424K (65%)
ptolemy.util.test.WatchDog.cancel(): canceling Wed May 02 15:47:52 UTC 2018
auto.tcl: Setting watchdog for 200 seconds at Wed May 02 15:47:52 UTC 2018
220 ms. Memory: 287232K Free: 126714K (44%)
ptolemy.util.test.WatchDog.cancel(): canceling Wed May 02 15:47:52 UTC 2018
------------------ testing $PTII/ptolemy/domains/de/test/auto/PeriodicSampler.xml
auto.tcl: Setting watchdog for 200 seconds at Wed May 02 15:47:52 UTC 2018
2 ms. Memory: 289792K Free: 270725K (93%)
ptolemy.util.test.WatchDog.cancel(): canceling Wed May 02 15:47:52 UTC 2018
auto.tcl: Setting watchdog for 200 seconds at Wed May 02 15:47:52 UTC 2018
1 ms. Memory: 289792K Free: 270725K (93%)
ptolemy.util.test.WatchDog.cancel(): canceling Wed May 02 15:47:52 UTC 2018
------------------ testing $PTII/ptolemy/domains/de/test/auto/PersistentIO.xml
auto.tcl: Setting watchdog for 200 seconds at Wed May 02 15:47:52 UTC 2018
4 ms. Memory: 287232K Free: 267058K (93%)
ptolemy.util.test.WatchDog.cancel(): canceling Wed May 02 15:47:52 UTC 2018
auto.tcl: Setting watchdog for 200 seconds at Wed May 02 15:47:52 UTC 2018
3 ms. Memory: 287232K Free: 267058K (93%)
ptolemy.util.test.WatchDog.cancel(): canceling Wed May 02 15:47:52 UTC 2018
------------------ testing $PTII/ptolemy/domains/de/test/auto/PortParameterResetOnInitialize.xml
auto.tcl: Setting watchdog for 200 seconds at Wed May 02 15:47:52 UTC 2018
3 ms. Memory: 289280K Free: 274689K (95%)
ptolemy.util.test.WatchDog.cancel(): canceling Wed May 02 15:47:52 UTC 2018
auto.tcl: Setting watchdog for 200 seconds at Wed May 02 15:47:52 UTC 2018
1 ms. Memory: 289280K Free: 274689K (95%)
ptolemy.util.test.WatchDog.cancel(): canceling Wed May 02 15:47:52 UTC 2018
------------------ testing $PTII/ptolemy/domains/de/test/auto/PortParameterUpdates.xml
auto.tcl: Setting watchdog for 200 seconds at Wed May 02 15:47:52 UTC 2018
5 ms. Memory: 287232K Free: 274934K (96%)
ptolemy.util.test.WatchDog.cancel(): canceling Wed May 02 15:47:52 UTC 2018
auto.tcl: Setting watchdog for 200 seconds at Wed May 02 15:47:52 UTC 2018
2 ms. Memory: 287232K Free: 272022K (95%)
ptolemy.util.test.WatchDog.cancel(): canceling Wed May 02 15:47:52 UTC 2018
------------------ testing $PTII/ptolemy/domains/de/test/auto/QueueAndServer.xml
auto.tcl: Setting watchdog for 200 seconds at Wed May 02 15:47:52 UTC 2018
12 ms. Memory: 289280K Free: 273940K (95%)
ptolemy.util.test.WatchDog.cancel(): canceling Wed May 02 15:47:52 UTC 2018
auto.tcl: Setting watchdog for 200 seconds at Wed May 02 15:47:52 UTC 2018
6 ms. Memory: 289280K Free: 273940K (95%)
ptolemy.util.test.WatchDog.cancel(): canceling Wed May 02 15:47:52 UTC 2018
------------------ testing $PTII/ptolemy/domains/de/test/auto/Records.xml
auto.tcl: Setting watchdog for 200 seconds at Wed May 02 15:47:52 UTC 2018
2 ms. Memory: 287232K Free: 274736K (96%)
ptolemy.util.test.WatchDog.cancel(): canceling Wed May 02 15:47:52 UTC 2018
auto.tcl: Setting watchdog for 200 seconds at Wed May 02 15:47:52 UTC 2018
2 ms. Memory: 287232K Free: 274736K (96%)
ptolemy.util.test.WatchDog.cancel(): canceling Wed May 02 15:47:52 UTC 2018
------------------ testing $PTII/ptolemy/domains/de/test/auto/ResetTransitionWithStartTime1.xml
auto.tcl: Setting watchdog for 200 seconds at Wed May 02 15:47:52 UTC 2018
6 ms. Memory: 288768K Free: 273371K (95%)
ptolemy.util.test.WatchDog.cancel(): canceling Wed May 02 15:47:52 UTC 2018
auto.tcl: Setting watchdog for 200 seconds at Wed May 02 15:47:52 UTC 2018
5 ms. Memory: 288768K Free: 270459K (94%)
ptolemy.util.test.WatchDog.cancel(): canceling Wed May 02 15:47:52 UTC 2018
------------------ testing $PTII/ptolemy/domains/de/test/auto/ResetTransitionWithStartTime2.xml
auto.tcl: Setting watchdog for 200 seconds at Wed May 02 15:47:52 UTC 2018
9 ms. Memory: 287232K Free: 271834K (95%)
ptolemy.util.test.WatchDog.cancel(): canceling Wed May 02 15:47:53 UTC 2018
auto.tcl: Setting watchdog for 200 seconds at Wed May 02 15:47:53 UTC 2018
5 ms. Memory: 287232K Free: 268906K (94%)
ptolemy.util.test.WatchDog.cancel(): canceling Wed May 02 15:47:53 UTC 2018
------------------ testing $PTII/ptolemy/domains/de/test/auto/ResetTransitionWithStartTime3.xml
auto.tcl: Setting watchdog for 200 seconds at Wed May 02 15:47:53 UTC 2018
7 ms. Memory: 288768K Free: 273368K (95%)
ptolemy.util.test.WatchDog.cancel(): canceling Wed May 02 15:47:53 UTC 2018
auto.tcl: Setting watchdog for 200 seconds at Wed May 02 15:47:53 UTC 2018
4 ms. Memory: 288768K Free: 270441K (94%)
ptolemy.util.test.WatchDog.cancel(): canceling Wed May 02 15:47:53 UTC 2018
------------------ testing $PTII/ptolemy/domains/de/test/auto/ResetTransitionWithStartTime4.xml
auto.tcl: Setting watchdog for 200 seconds at Wed May 02 15:47:53 UTC 2018
4 ms. Memory: 287232K Free: 271839K (95%)
ptolemy.util.test.WatchDog.cancel(): canceling Wed May 02 15:47:53 UTC 2018
auto.tcl: Setting watchdog for 200 seconds at Wed May 02 15:47:53 UTC 2018
4 ms. Memory: 287232K Free: 271839K (95%)
ptolemy.util.test.WatchDog.cancel(): canceling Wed May 02 15:47:53 UTC 2018
------------------ testing $PTII/ptolemy/domains/de/test/auto/ResettableTimer1.xml
auto.tcl: Setting watchdog for 200 seconds at Wed May 02 15:47:53 UTC 2018
4 ms. Memory: 288768K Free: 276282K (96%)
ptolemy.util.test.WatchDog.cancel(): canceling Wed May 02 15:47:53 UTC 2018
auto.tcl: Setting watchdog for 200 seconds at Wed May 02 15:47:53 UTC 2018
2 ms. Memory: 288768K Free: 272165K (94%)
ptolemy.util.test.WatchDog.cancel(): canceling Wed May 02 15:47:53 UTC 2018
------------------ testing $PTII/ptolemy/domains/de/test/auto/ResettableTimer2.xml
auto.tcl: Setting watchdog for 200 seconds at Wed May 02 15:47:53 UTC 2018
3 ms. Memory: 287232K Free: 274905K (96%)
ptolemy.util.test.WatchDog.cancel(): canceling Wed May 02 15:47:53 UTC 2018
auto.tcl: Setting watchdog for 200 seconds at Wed May 02 15:47:53 UTC 2018
2 ms. Memory: 287232K Free: 274905K (96%)
ptolemy.util.test.WatchDog.cancel(): canceling Wed May 02 15:47:53 UTC 2018
------------------ testing $PTII/ptolemy/domains/de/test/auto/ResettableTimer3.xml
auto.tcl: Setting watchdog for 200 seconds at Wed May 02 15:47:53 UTC 2018
2 ms. Memory: 288256K Free: 275828K (96%)
ptolemy.util.test.WatchDog.cancel(): canceling Wed May 02 15:47:53 UTC 2018
auto.tcl: Setting watchdog for 200 seconds at Wed May 02 15:47:53 UTC 2018
1 ms. Memory: 288256K Free: 275828K (96%)
ptolemy.util.test.WatchDog.cancel(): canceling Wed May 02 15:47:53 UTC 2018
------------------ testing $PTII/ptolemy/domains/de/test/auto/ResettableTimer4.xml
auto.tcl: Setting watchdog for 200 seconds at Wed May 02 15:47:53 UTC 2018
1 ms. Memory: 287232K Free: 274918K (96%)
ptolemy.util.test.WatchDog.cancel(): canceling Wed May 02 15:47:53 UTC 2018
auto.tcl: Setting watchdog for 200 seconds at Wed May 02 15:47:53 UTC 2018
1 ms. Memory: 287232K Free: 274918K (96%)
ptolemy.util.test.WatchDog.cancel(): canceling Wed May 02 15:47:53 UTC 2018
------------------ testing $PTII/ptolemy/domains/de/test/auto/ResettableTimer5.xml
auto.tcl: Setting watchdog for 200 seconds at Wed May 02 15:47:53 UTC 2018
2 ms. Memory: 288256K Free: 275940K (96%)
ptolemy.util.test.WatchDog.cancel(): canceling Wed May 02 15:47:53 UTC 2018
auto.tcl: Setting watchdog for 200 seconds at Wed May 02 15:47:53 UTC 2018
1 ms. Memory: 288256K Free: 275940K (96%)
ptolemy.util.test.WatchDog.cancel(): canceling Wed May 02 15:47:53 UTC 2018
------------------ testing $PTII/ptolemy/domains/de/test/auto/ResettableTimer6.xml
auto.tcl: Setting watchdog for 200 seconds at Wed May 02 15:47:53 UTC 2018
1 ms. Memory: 287232K Free: 272706K (95%)
ptolemy.util.test.WatchDog.cancel(): canceling Wed May 02 15:47:53 UTC 2018
auto.tcl: Setting watchdog for 200 seconds at Wed May 02 15:47:53 UTC 2018
1 ms. Memory: 287232K Free: 272706K (95%)
ptolemy.util.test.WatchDog.cancel(): canceling Wed May 02 15:47:53 UTC 2018
------------------ testing $PTII/ptolemy/domains/de/test/auto/ServerZeroDelay.xml
auto.tcl: Setting watchdog for 200 seconds at Wed May 02 15:47:53 UTC 2018
3 ms. Memory: 288256K Free: 275880K (96%)
ptolemy.util.test.WatchDog.cancel(): canceling Wed May 02 15:47:53 UTC 2018
auto.tcl: Setting watchdog for 200 seconds at Wed May 02 15:47:53 UTC 2018
2 ms. Memory: 288256K Free: 275880K (96%)
ptolemy.util.test.WatchDog.cancel(): canceling Wed May 02 15:47:53 UTC 2018
------------------ testing $PTII/ptolemy/domains/de/test/auto/SmartSender.xml
auto.tcl: Setting watchdog for 200 seconds at Wed May 02 15:47:53 UTC 2018
3002 ms. Memory: 287232K Free: 272793K (95%)
ptolemy.util.test.WatchDog.cancel(): canceling Wed May 02 15:47:56 UTC 2018
auto.tcl: Setting watchdog for 200 seconds at Wed May 02 15:47:56 UTC 2018
3000 ms. Memory: 287232K Free: 272793K (95%)
ptolemy.util.test.WatchDog.cancel(): canceling Wed May 02 15:47:59 UTC 2018
------------------ testing $PTII/ptolemy/domains/de/test/auto/ThreadedComposite.xml
auto.tcl: Setting watchdog for 200 seconds at Wed May 02 15:47:59 UTC 2018
235 ms. Memory: 288256K Free: 248513K (86%)
ptolemy.util.test.WatchDog.cancel(): canceling Wed May 02 15:47:59 UTC 2018
auto.tcl: Setting watchdog for 200 seconds at Wed May 02 15:47:59 UTC 2018
128 ms. Memory: 288256K Free: 230340K (80%)
ptolemy.util.test.WatchDog.cancel(): canceling Wed May 02 15:48:00 UTC 2018
------------------ testing $PTII/ptolemy/domains/de/test/auto/Time.xml
auto.tcl: Setting watchdog for 200 seconds at Wed May 02 15:48:00 UTC 2018
463 ms. Memory: 287232K Free: 218918K (76%)
ptolemy.util.test.WatchDog.cancel(): canceling Wed May 02 15:48:00 UTC 2018
auto.tcl: Setting watchdog for 200 seconds at Wed May 02 15:48:00 UTC 2018
471 ms. Memory: 287232K Free: 163598K (57%)
ptolemy.util.test.WatchDog.cancel(): canceling Wed May 02 15:48:01 UTC 2018
------------------ testing $PTII/ptolemy/domains/de/test/auto/TimeDelayZeroDelay.xml
auto.tcl: Setting watchdog for 200 seconds at Wed May 02 15:48:01 UTC 2018
2 ms. Memory: 287744K Free: 275846K (96%)
ptolemy.util.test.WatchDog.cancel(): canceling Wed May 02 15:48:01 UTC 2018
auto.tcl: Setting watchdog for 200 seconds at Wed May 02 15:48:01 UTC 2018
2 ms. Memory: 287744K Free: 275846K (96%)
ptolemy.util.test.WatchDog.cancel(): canceling Wed May 02 15:48:01 UTC 2018
------------------ testing $PTII/ptolemy/domains/de/test/auto/TimerZeroDelay.xml
auto.tcl: Setting watchdog for 200 seconds at Wed May 02 15:48:01 UTC 2018
2 ms. Memory: 287232K Free: 275444K (96%)
ptolemy.util.test.WatchDog.cancel(): canceling Wed May 02 15:48:01 UTC 2018
auto.tcl: Setting watchdog for 200 seconds at Wed May 02 15:48:01 UTC 2018
2 ms. Memory: 287232K Free: 275444K (96%)
ptolemy.util.test.WatchDog.cancel(): canceling Wed May 02 15:48:01 UTC 2018
------------------ testing $PTII/ptolemy/domains/de/test/auto/TimingParadox.xml
auto.tcl: Setting watchdog for 200 seconds at Wed May 02 15:48:01 UTC 2018
351 ms. Memory: 287744K Free: 207582K (72%)
ptolemy.util.test.WatchDog.cancel(): canceling Wed May 02 15:48:01 UTC 2018
auto.tcl: Setting watchdog for 200 seconds at Wed May 02 15:48:01 UTC 2018
314 ms. Memory: 287744K Free: 171206K (59%)
ptolemy.util.test.WatchDog.cancel(): canceling Wed May 02 15:48:01 UTC 2018
------------------ testing $PTII/ptolemy/domains/de/test/auto/TransferInputs.xml
auto.tcl: Setting watchdog for 200 seconds at Wed May 02 15:48:02 UTC 2018
1 ms. Memory: 287744K Free: 274849K (96%)
ptolemy.util.test.WatchDog.cancel(): canceling Wed May 02 15:48:02 UTC 2018
auto.tcl: Setting watchdog for 200 seconds at Wed May 02 15:48:02 UTC 2018
2 ms. Memory: 287744K Free: 274849K (96%)
ptolemy.util.test.WatchDog.cancel(): canceling Wed May 02 15:48:02 UTC 2018
------------------ testing $PTII/ptolemy/domains/de/test/auto/TransferOutputs2.xml
auto.tcl: Setting watchdog for 200 seconds at Wed May 02 15:48:02 UTC 2018
2 ms. Memory: 287232K Free: 270776K (94%)
ptolemy.util.test.WatchDog.cancel(): canceling Wed May 02 15:48:02 UTC 2018
auto.tcl: Setting watchdog for 200 seconds at Wed May 02 15:48:02 UTC 2018
3 ms. Memory: 287232K Free: 268172K (93%)
ptolemy.util.test.WatchDog.cancel(): canceling Wed May 02 15:48:02 UTC 2018
------------------ testing $PTII/ptolemy/domains/de/test/auto/Trilateration.xml
auto.tcl: Setting watchdog for 200 seconds at Wed May 02 15:48:02 UTC 2018
13183 ms. Memory: 759296K Free: 644283K (85%)
ptolemy.util.test.WatchDog.cancel(): canceling Wed May 02 15:48:16 UTC 2018
auto.tcl: Setting watchdog for 200 seconds at Wed May 02 15:48:16 UTC 2018
10883 ms. Memory: 639488K Free: 444751K (70%)
ptolemy.util.test.WatchDog.cancel(): canceling Wed May 02 15:48:27 UTC 2018
------------------ testing $PTII/ptolemy/domains/de/test/auto/TwoSigmaDelta.xml
auto.tcl: Setting watchdog for 200 seconds at Wed May 02 15:48:27 UTC 2018
2519 ms. Memory: 643072K Free: 338465K (53%)
ptolemy.util.test.WatchDog.cancel(): canceling Wed May 02 15:48:29 UTC 2018
auto.tcl: Setting watchdog for 200 seconds at Wed May 02 15:48:29 UTC 2018
2018 ms. Memory: 643072K Free: 109410K (17%)
ptolemy.util.test.WatchDog.cancel(): canceling Wed May 02 15:48:31 UTC 2018
------------------ testing $PTII/ptolemy/domains/de/test/auto/VariableDelay.xml
auto.tcl: Setting watchdog for 200 seconds at Wed May 02 15:48:31 UTC 2018
2 ms. Memory: 640000K Free: 620686K (97%)
ptolemy.util.test.WatchDog.cancel(): canceling Wed May 02 15:48:31 UTC 2018
auto.tcl: Setting watchdog for 200 seconds at Wed May 02 15:48:31 UTC 2018
1 ms. Memory: 640000K Free: 620686K (97%)
ptolemy.util.test.WatchDog.cancel(): canceling Wed May 02 15:48:31 UTC 2018
------------------ testing $PTII/ptolemy/domains/de/test/auto/VariableDelay2.xml
auto.tcl: Setting watchdog for 200 seconds at Wed May 02 15:48:32 UTC 2018
2 ms. Memory: 639488K Free: 620596K (97%)
ptolemy.util.test.WatchDog.cancel(): canceling Wed May 02 15:48:32 UTC 2018
auto.tcl: Setting watchdog for 200 seconds at Wed May 02 15:48:32 UTC 2018
1 ms. Memory: 639488K Free: 620596K (97%)
ptolemy.util.test.WatchDog.cancel(): canceling Wed May 02 15:48:32 UTC 2018
------------------ testing $PTII/ptolemy/domains/de/test/auto/VariableDelayZeroDelay.xml
auto.tcl: Setting watchdog for 200 seconds at Wed May 02 15:48:32 UTC 2018
2 ms. Memory: 639488K Free: 615014K (96%)
ptolemy.util.test.WatchDog.cancel(): canceling Wed May 02 15:48:32 UTC 2018
auto.tcl: Setting watchdog for 200 seconds at Wed May 02 15:48:32 UTC 2018
2 ms. Memory: 639488K Free: 615014K (96%)
ptolemy.util.test.WatchDog.cancel(): canceling Wed May 02 15:48:32 UTC 2018
------------------ testing $PTII/ptolemy/domains/de/test/auto/VariableDelayZeroDelay2.xml
auto.tcl: Setting watchdog for 200 seconds at Wed May 02 15:48:32 UTC 2018
4 ms. Memory: 642048K Free: 617573K (96%)
ptolemy.util.test.WatchDog.cancel(): canceling Wed May 02 15:48:32 UTC 2018
auto.tcl: Setting watchdog for 200 seconds at Wed May 02 15:48:32 UTC 2018
2 ms. Memory: 642048K Free: 617573K (96%)
ptolemy.util.test.WatchDog.cancel(): canceling Wed May 02 15:48:32 UTC 2018
------------------ testing $PTII/ptolemy/domains/de/test/auto/deInCt.xml
auto.tcl: Setting watchdog for 200 seconds at Wed May 02 15:48:32 UTC 2018
0
1
1
1
0
0
0
1
1
1
0
0
0
0
1
1
1
1
0
0
0
1
1
1
0
0
0
0
1
1
1
0
0
0
1
1
1
1
0
0
0
1
1
1
0
0
0
1
1
1
1
8 ms. Memory: 639488K Free: 615001K (96%)
ptolemy.util.test.WatchDog.cancel(): canceling Wed May 02 15:48:32 UTC 2018
auto.tcl: Setting watchdog for 200 seconds at Wed May 02 15:48:32 UTC 2018
0
1
1
1
0
0
1
1
1
1
0
0
0
0
0
1
1
1
1
0
0
0
1
1
1
1
0
0
0
1
1
1
0
0
0
1
1
1
0
0
0
1
1
1
0
0
0
5 ms. Memory: 639488K Free: 615001K (96%)
ptolemy.util.test.WatchDog.cancel(): canceling Wed May 02 15:48:32 UTC 2018
------------------ testing $PTII/ptolemy/domains/de/test/auto/deInCt2.xml
auto.tcl: Setting watchdog for 200 seconds at Wed May 02 15:48:32 UTC 2018
0
1
1
1
0
0
1
1
1
0
0
1
1
1
0
0
1
1
1
0
0
1
1
1
0
0
1
1
1
0
0
1
1
1
0
0
1
1
1
0
0
0
6 ms. Memory: 642048K Free: 617569K (96%)
ptolemy.util.test.WatchDog.cancel(): canceling Wed May 02 15:48:32 UTC 2018
auto.tcl: Setting watchdog for 200 seconds at Wed May 02 15:48:32 UTC 2018
0
1
1
1
0
0
1
1
1
0
0
1
1
1
0
0
1
1
1
0
0
1
1
1
0
0
1
1
1
0
0
1
1
1
0
0
1
1
1
0
0
0
5 ms. Memory: 642048K Free: 617569K (96%)
ptolemy.util.test.WatchDog.cancel(): canceling Wed May 02 15:48:32 UTC 2018
------------------ testing $PTII/ptolemy/domains/de/test/auto/dynamicCausalityInterface1.xml
auto.tcl: Setting watchdog for 200 seconds at Wed May 02 15:48:32 UTC 2018
2 ms. Memory: 639488K Free: 606349K (95%)
ptolemy.util.test.WatchDog.cancel(): canceling Wed May 02 15:48:32 UTC 2018
auto.tcl: Setting watchdog for 200 seconds at Wed May 02 15:48:32 UTC 2018
0 ms. Memory: 639488K Free: 606349K (95%)
ptolemy.util.test.WatchDog.cancel(): canceling Wed May 02 15:48:32 UTC 2018
------------------ testing $PTII/ptolemy/domains/de/test/auto/fsm_de_test.xml
auto.tcl: Setting watchdog for 200 seconds at Wed May 02 15:48:32 UTC 2018
14 ms. Memory: 641536K Free: 616948K (96%)
ptolemy.util.test.WatchDog.cancel(): canceling Wed May 02 15:48:32 UTC 2018
auto.tcl: Setting watchdog for 200 seconds at Wed May 02 15:48:32 UTC 2018
5 ms. Memory: 641536K Free: 608277K (95%)
ptolemy.util.test.WatchDog.cancel(): canceling Wed May 02 15:48:32 UTC 2018
------------------ testing $PTII/ptolemy/domains/de/test/auto/functionDependencyReconstruction.xml
auto.tcl: Setting watchdog for 200 seconds at Wed May 02 15:48:32 UTC 2018
2 ms. Memory: 639488K Free: 606220K (95%)
ptolemy.util.test.WatchDog.cancel(): canceling Wed May 02 15:48:32 UTC 2018
auto.tcl: Setting watchdog for 200 seconds at Wed May 02 15:48:32 UTC 2018
2 ms. Memory: 639488K Free: 606220K (95%)
ptolemy.util.test.WatchDog.cancel(): canceling Wed May 02 15:48:32 UTC 2018
------------------ testing $PTII/ptolemy/domains/de/test/auto/multirate.xml
auto.tcl: Setting watchdog for 200 seconds at Wed May 02 15:48:32 UTC 2018
3 ms. Memory: 641536K Free: 616816K (96%)
ptolemy.util.test.WatchDog.cancel(): canceling Wed May 02 15:48:32 UTC 2018
auto.tcl: Setting watchdog for 200 seconds at Wed May 02 15:48:32 UTC 2018
3 ms. Memory: 641536K Free: 616816K (96%)
ptolemy.util.test.WatchDog.cancel(): canceling Wed May 02 15:48:32 UTC 2018
------------------ testing $PTII/ptolemy/domains/de/test/auto/multirate2.xml
auto.tcl: Setting watchdog for 200 seconds at Wed May 02 15:48:32 UTC 2018
2 ms. Memory: 639488K Free: 614956K (96%)
ptolemy.util.test.WatchDog.cancel(): canceling Wed May 02 15:48:32 UTC 2018
auto.tcl: Setting watchdog for 200 seconds at Wed May 02 15:48:32 UTC 2018
3 ms. Memory: 639488K Free: 614956K (96%)
ptolemy.util.test.WatchDog.cancel(): canceling Wed May 02 15:48:32 UTC 2018
------------------ testing $PTII/ptolemy/domains/de/test/auto/realtime.xml
auto.tcl: Setting watchdog for 200 seconds at Wed May 02 15:48:32 UTC 2018
10001 ms. Memory: 641024K Free: 616482K (96%)
ptolemy.util.test.WatchDog.cancel(): canceling Wed May 02 15:48:42 UTC 2018
auto.tcl: Setting watchdog for 200 seconds at Wed May 02 15:48:42 UTC 2018
10002 ms. Memory: 641024K Free: 616482K (96%)
ptolemy.util.test.WatchDog.cancel(): canceling Wed May 02 15:48:52 UTC 2018
------------------ testing $PTII/ptolemy/domains/de/test/auto/relationGroup.xml
auto.tcl: Setting watchdog for 200 seconds at Wed May 02 15:48:52 UTC 2018
1 ms. Memory: 639488K Free: 614980K (96%)
ptolemy.util.test.WatchDog.cancel(): canceling Wed May 02 15:48:52 UTC 2018
auto.tcl: Setting watchdog for 200 seconds at Wed May 02 15:48:52 UTC 2018
1 ms. Memory: 639488K Free: 614980K (96%)
ptolemy.util.test.WatchDog.cancel(): canceling Wed May 02 15:48:52 UTC 2018
------------------ testing $PTII/ptolemy/domains/de/test/auto/relationGroup2.xml
auto.tcl: Setting watchdog for 200 seconds at Wed May 02 15:48:52 UTC 2018
1 ms. Memory: 641024K Free: 616541K (96%)
ptolemy.util.test.WatchDog.cancel(): canceling Wed May 02 15:48:52 UTC 2018
auto.tcl: Setting watchdog for 200 seconds at Wed May 02 15:48:52 UTC 2018
1 ms. Memory: 641024K Free: 616541K (96%)
ptolemy.util.test.WatchDog.cancel(): canceling Wed May 02 15:48:52 UTC 2018
------------------ testing $PTII/ptolemy/domains/de/test/auto/sortWithOpaquePorts.xml
auto.tcl: Setting watchdog for 200 seconds at Wed May 02 15:48:52 UTC 2018
1 ms. Memory: 639488K Free: 615006K (96%)
ptolemy.util.test.WatchDog.cancel(): canceling Wed May 02 15:48:52 UTC 2018
auto.tcl: Setting watchdog for 200 seconds at Wed May 02 15:48:52 UTC 2018
1 ms. Memory: 639488K Free: 615006K (96%)
ptolemy.util.test.WatchDog.cancel(): canceling Wed May 02 15:48:52 UTC 2018
------------------ testing $PTII/ptolemy/domains/de/test/auto/transferInputsandOutputs.xml
auto.tcl: Setting watchdog for 200 seconds at Wed May 02 15:48:52 UTC 2018
3 ms. Memory: 640512K Free: 616009K (96%)
ptolemy.util.test.WatchDog.cancel(): canceling Wed May 02 15:48:52 UTC 2018
auto.tcl: Setting watchdog for 200 seconds at Wed May 02 15:48:52 UTC 2018
2 ms. Memory: 640512K Free: 616009K (96%)
ptolemy.util.test.WatchDog.cancel(): canceling Wed May 02 15:48:52 UTC 2018
------------------ testing $PTII/ptolemy/domains/de/test/auto/triggerType.xml
auto.tcl: Setting watchdog for 200 seconds at Wed May 02 15:48:52 UTC 2018
1 ms. Memory: 639488K Free: 614944K (96%)
ptolemy.util.test.WatchDog.cancel(): canceling Wed May 02 15:48:52 UTC 2018
auto.tcl: Setting watchdog for 200 seconds at Wed May 02 15:48:52 UTC 2018
1 ms. Memory: 639488K Free: 614944K (96%)
ptolemy.util.test.WatchDog.cancel(): canceling Wed May 02 15:48:52 UTC 2018
05/02/18 03:48:53
Failed: 0  Total Tests: 192  ((Passed: 187, Newly Passed: 1)  Known Failed: 5) /home/travis/build/icyphy/ptII/ptolemy/domains/de/test
05/02/18 03:48:53
Failed: 0  Total Tests: 192  ((Passed: 187, Newly Passed: 1)  Known Failed: 5) /home/travis/build/icyphy/ptII/ptolemy/domains/de/test
----------------- testing (KnownFailure) /home/travis/build/icyphy/ptII/ptolemy/domains/de/test/auto/knownFailedTests/DESDFClockTest.xml
2010 ms. Memory: 640512K Free: 604859K (94%)
Known Failure: java.lang.reflect.InvocationTargetException
----------------- testing (KnownFailure) /home/travis/build/icyphy/ptII/ptolemy/domains/de/test/auto/knownFailedTests/DirectFeedback.xml
1 ms. Memory: 640512K Free: 560213K (87%)
Known Failure: java.lang.reflect.InvocationTargetException
----------------- testing (KnownFailure) /home/travis/build/icyphy/ptII/ptolemy/domains/de/test/auto/knownFailedTests/FSMSource.xml
4 ms. Memory: 640512K Free: 515566K (80%)
----------------- testing (KnownFailure) /home/travis/build/icyphy/ptII/ptolemy/domains/de/test/auto/knownFailedTests/HierarchicalModel.xml
2 ms. Memory: 640512K Free: 482057K (75%)
Known Failure: java.lang.reflect.InvocationTargetException
----------------- testing (KnownFailure) /home/travis/build/icyphy/ptII/ptolemy/domains/de/test/auto/knownFailedTests/dependencyLoop.xml
1 ms. Memory: 640512K Free: 426232K (67%)
Known Failure: java.lang.reflect.InvocationTargetException
----------------- testing (KnownFailure) /home/travis/build/icyphy/ptII/ptolemy/domains/de/test/auto/knownFailedTests/dependencyLoop2.xml
2 ms. Memory: 640512K Free: 370408K (58%)
Known Failure: java.lang.reflect.InvocationTargetException
No auto/*.xml tests in /home/travis/build/icyphy/ptII/ptolemy/domains/de/test
AutoTests.java: About to close Vertx.
AutoTests.java: Vertx closed.
----------------- testing Wed May 02 15:48:55 UTC 2018 /home/travis/build/icyphy/ptII/ptolemy/domains/de/test/auto/ActorDepthCalculation_actorWithoutPorts.xml
2 ms. Memory: 640512K Free: 314600K (49%)
reloadAllAccessors: .ActorDepthCalculation_actorWithoutPorts
----------------- testing Wed May 02 15:48:55 UTC 2018 /home/travis/build/icyphy/ptII/ptolemy/domains/de/test/auto/AssemblyLine.xml
1 ms. Memory: 640512K Free: 292276K (46%)
reloadAllAccessors: .AssemblyLine
----------------- testing Wed May 02 15:48:55 UTC 2018 /home/travis/build/icyphy/ptII/ptolemy/domains/de/test/auto/CQBug1.xml
1 ms. Memory: 640512K Free: 269953K (42%)
reloadAllAccessors: .CQBug1
----------------- testing Wed May 02 15:48:55 UTC 2018 /home/travis/build/icyphy/ptII/ptolemy/domains/de/test/auto/CancelFireAt.xml
2 ms. Memory: 640512K Free: 247630K (39%)
reloadAllAccessors: .CancelFireAt
----------------- testing Wed May 02 15:48:55 UTC 2018 /home/travis/build/icyphy/ptII/ptolemy/domains/de/test/auto/CausalityAndComposabilityAnalysis.xml
1 ms. Memory: 640512K Free: 225307K (35%)
reloadAllAccessors: .CausalityAndComposabilityAnalysis
----------------- testing Wed May 02 15:48:55 UTC 2018 /home/travis/build/icyphy/ptII/ptolemy/domains/de/test/auto/CausalityInterface1.xml
2 ms. Memory: 640512K Free: 202983K (32%)
reloadAllAccessors: .CausalityInterface1
----------------- testing Wed May 02 15:48:55 UTC 2018 /home/travis/build/icyphy/ptII/ptolemy/domains/de/test/auto/CausalityInterface15.xml
1 ms. Memory: 640512K Free: 180660K (28%)
reloadAllAccessors: .CausalityInterface15
----------------- testing Wed May 02 15:48:55 UTC 2018 /home/travis/build/icyphy/ptII/ptolemy/domains/de/test/auto/CausalityInterface2.xml
1 ms. Memory: 640512K Free: 158337K (25%)
reloadAllAccessors: .CausalityInterface2
----------------- testing Wed May 02 15:48:55 UTC 2018 /home/travis/build/icyphy/ptII/ptolemy/domains/de/test/auto/CausalityInterface3.xml
0 ms. Memory: 640512K Free: 136013K (21%)
reloadAllAccessors: .CausalityInterface3
----------------- testing Wed May 02 15:48:55 UTC 2018 /home/travis/build/icyphy/ptII/ptolemy/domains/de/test/auto/ClockDrift.xml
8 ms. Memory: 640512K Free: 113690K (18%)
reloadAllAccessors: .ClockDrift
----------------- testing Wed May 02 15:48:55 UTC 2018 /home/travis/build/icyphy/ptII/ptolemy/domains/de/test/auto/ClockDriftAndValueChange.xml
9 ms. Memory: 640512K Free: 91367K (14%)
reloadAllAccessors: .ClockDriftAndValueChange
----------------- testing Wed May 02 15:48:55 UTC 2018 /home/travis/build/icyphy/ptII/ptolemy/domains/de/test/auto/ClockDriftChange.xml
7 ms. Memory: 640512K Free: 77758K (12%)
reloadAllAccessors: .ClockDriftChange
----------------- testing Wed May 02 15:48:55 UTC 2018 /home/travis/build/icyphy/ptII/ptolemy/domains/de/test/auto/ComposableCausalityAnalysis.xml
2 ms. Memory: 613376K Free: 592486K (97%)
reloadAllAccessors: .ComposableCausalityAnalysis
----------------- testing Wed May 02 15:48:55 UTC 2018 /home/travis/build/icyphy/ptII/ptolemy/domains/de/test/auto/DEFixedPointLimitation.xml
1 ms. Memory: 613376K Free: 576484K (94%)
reloadAllAccessors: .DEFixedPointLimitation
----------------- testing Wed May 02 15:48:55 UTC 2018 /home/travis/build/icyphy/ptII/ptolemy/domains/de/test/auto/DEScheduleTest.xml
1 ms. Memory: 613376K Free: 565844K (92%)
reloadAllAccessors: .DEScheduleTest
----------------- testing Wed May 02 15:48:55 UTC 2018 /home/travis/build/icyphy/ptII/ptolemy/domains/de/test/auto/DEinDEwithStartTimes.xml
1 ms. Memory: 613376K Free: 555205K (91%)
reloadAllAccessors: .DEinDEwithStartTimes
----------------- testing Wed May 02 15:48:55 UTC 2018 /home/travis/build/icyphy/ptII/ptolemy/domains/de/test/auto/DEinDEwithStartTimes2.xml
2 ms. Memory: 613376K Free: 539230K (88%)
reloadAllAccessors: .DEinDEwithStartTimes2
----------------- testing Wed May 02 15:48:55 UTC 2018 /home/travis/build/icyphy/ptII/ptolemy/domains/de/test/auto/DateDemo.xml
4 ms. Memory: 613376K Free: 523257K (85%)
reloadAllAccessors: .DateDemo
----------------- testing Wed May 02 15:48:55 UTC 2018 /home/travis/build/icyphy/ptII/ptolemy/domains/de/test/auto/DateToEvent.xml
2004 ms. Memory: 613376K Free: 496635K (81%)
reloadAllAccessors: .DateToEvent
[...]
java.lang.RuntimeException: Execution failed
	at ptolemy.moml.MoMLSimpleApplication$UnloadThread.run(MoMLSimpleApplication.java:402)
Caused by: ptolemy.kernel.util.IllegalActionException: Test fails in iteration 1.
Value was: 1.0. Should have been: 2.0
  in .DirectFeedback.Test
	at ptolemy.actor.lib.Test.fire(Test.java:268)
	at ptolemy.domains.de.kernel.DEDirector._fire(DEDirector.java:1948)
	at ptolemy.domains.de.kernel.DEDirector.fire(DEDirector.java:502)
	at ptolemy.actor.CompositeActor.fire(CompositeActor.java:455)
	at ptolemy.actor.Manager.iterate(Manager.java:851)
	at ptolemy.actor.Manager.execute(Manager.java:369)
	at ptolemy.actor.Manager.run(Manager.java:1263)
	at ptolemy.actor.Manager$PtolemyRunThread.run(Manager.java:1915)
java.lang.RuntimeException: Execution failed
	at ptolemy.moml.MoMLSimpleApplication$UnloadThread.run(MoMLSimpleApplication.java:402)
Caused by: ptolemy.kernel.util.IllegalActionException: Actor is not ready to fire.  Perhaps UpSample.prefire() returned false? Try debugging the actor by selecting "Listen to Actor".  Also, for SDF check moml for tokenConsumptionRate on input.
  in .DESDFClockTest.Play Bell.Copy1:SDF Director and .DESDFClockTest.Play Bell.UpSample
	at ptolemy.actor.sched.StaticSchedulingDirector.fire(StaticSchedulingDirector.java:227)
	at ptolemy.domains.sdf.kernel.SDFDirector.fire(SDFDirector.java:500)
	at ptolemy.actor.CompositeActor.fire(CompositeActor.java:455)
	at ptolemy.domains.de.kernel.DEDirector._fire(DEDirector.java:1948)
	at ptolemy.domains.de.kernel.DEDirector.fire(DEDirector.java:502)
	at ptolemy.actor.CompositeActor.fire(CompositeActor.java:455)
	at ptolemy.actor.Manager.iterate(Manager.java:851)
	at ptolemy.actor.Manager.execute(Manager.java:369)
	at ptolemy.actor.Manager.run(Manager.java:1263)
	at ptolemy.actor.Manager$PtolemyRunThread.run(Manager.java:1915)
java.lang.reflect.InvocationTargetException
	at sun.reflect.NativeConstructorAccessorImpl.newInstance0(Native Method)
	at sun.reflect.NativeConstructorAccessorImpl.newInstance(NativeConstructorAccessorImpl.java:62)
	at sun.reflect.DelegatingConstructorAccessorImpl.newInstance(DelegatingConstructorAccessorImpl.java:45)
	at java.lang.reflect.Constructor.newInstance(Constructor.java:423)
	at ptolemy.util.test.junit.AutoKnownFailedTests.RunModel(AutoKnownFailedTests.java:107)
	at sun.reflect.NativeMethodAccessorImpl.invoke0(Native Method)
	at sun.reflect.NativeMethodAccessorImpl.invoke(NativeMethodAccessorImpl.java:62)
	at sun.reflect.DelegatingMethodAccessorImpl.invoke(DelegatingMethodAccessorImpl.java:43)
	at java.lang.reflect.Method.invoke(Method.java:498)
	at org.junit.runners.model.FrameworkMethod$1.runReflectiveCall(FrameworkMethod.java:44)
	at org.junit.internal.runners.model.ReflectiveCallable.run(ReflectiveCallable.java:15)
	at org.junit.runners.model.FrameworkMethod.invokeExplosively(FrameworkMethod.java:41)
	at junitparams.internal.InvokeParameterisedMethod.evaluate(InvokeParameterisedMethod.java:102)
	at org.junit.internal.runners.statements.FailOnTimeout$1.run(FailOnTimeout.java:28)
Caused by: ptolemy.kernel.util.IllegalActionException: Actor is not ready to fire.  Perhaps UpSample.prefire() returned false? Try debugging the actor by selecting "Listen to Actor".  Also, for SDF check moml for tokenConsumptionRate on input.
  in .DESDFClockTest.Play Bell.Copy1:SDF Director and .DESDFClockTest.Play Bell.UpSample
	at ptolemy.actor.sched.StaticSchedulingDirector.fire(StaticSchedulingDirector.java:227)
	at ptolemy.domains.sdf.kernel.SDFDirector.fire(SDFDirector.java:500)
	at ptolemy.actor.CompositeActor.fire(CompositeActor.java:455)
	at ptolemy.domains.de.kernel.DEDirector._fire(DEDirector.java:1948)
	at ptolemy.domains.de.kernel.DEDirector.fire(DEDirector.java:502)
	at ptolemy.actor.CompositeActor.fire(CompositeActor.java:455)
	at ptolemy.actor.Manager.iterate(Manager.java:851)
	at ptolemy.actor.Manager.execute(Manager.java:369)
	at ptolemy.actor.Manager.run(Manager.java:1263)
	at ptolemy.actor.Manager$PtolemyRunThread.run(Manager.java:1915)
java.lang.RuntimeException: Execution failed
	at ptolemy.moml.MoMLSimpleApplication$UnloadThread.run(MoMLSimpleApplication.java:402)
Caused by: ptolemy.kernel.util.IllegalActionException: Test fails in iteration 1.
Value was: 1.0. Should have been: 2.0
  in .DirectFeedback.Test
	at ptolemy.actor.lib.Test.fire(Test.java:268)
	at ptolemy.domains.de.kernel.DEDirector._fire(DEDirector.java:1948)
	at ptolemy.domains.de.kernel.DEDirector.fire(DEDirector.java:502)
	at ptolemy.actor.CompositeActor.fire(CompositeActor.java:455)
	at ptolemy.actor.Manager.iterate(Manager.java:851)
	at ptolemy.actor.Manager.execute(Manager.java:369)
	at ptolemy.actor.Manager.run(Manager.java:1263)
	at ptolemy.actor.Manager$PtolemyRunThread.run(Manager.java:1915)
java.lang.reflect.InvocationTargetException
	at sun.reflect.NativeConstructorAccessorImpl.newInstance0(Native Method)
	at sun.reflect.NativeConstructorAccessorImpl.newInstance(NativeConstructorAccessorImpl.java:62)
	at sun.reflect.DelegatingConstructorAccessorImpl.newInstance(DelegatingConstructorAccessorImpl.java:45)
	at java.lang.reflect.Constructor.newInstance(Constructor.java:423)
	at ptolemy.util.test.junit.AutoKnownFailedTests.RunModel(AutoKnownFailedTests.java:107)
	at sun.reflect.NativeMethodAccessorImpl.invoke0(Native Method)
	at sun.reflect.NativeMethodAccessorImpl.invoke(NativeMethodAccessorImpl.java:62)
	at sun.reflect.DelegatingMethodAccessorImpl.invoke(DelegatingMethodAccessorImpl.java:43)
	at java.lang.reflect.Method.invoke(Method.java:498)
	at org.junit.runners.model.FrameworkMethod$1.runReflectiveCall(FrameworkMethod.java:44)
	at org.junit.internal.runners.model.ReflectiveCallable.run(ReflectiveCallable.java:15)
	at org.junit.runners.model.FrameworkMethod.invokeExplosively(FrameworkMethod.java:41)
	at junitparams.internal.InvokeParameterisedMethod.evaluate(InvokeParameterisedMethod.java:102)
	at org.junit.internal.runners.statements.FailOnTimeout$1.run(FailOnTimeout.java:28)
Caused by: ptolemy.kernel.util.IllegalActionException: Test fails in iteration 1.
Value was: 1.0. Should have been: 2.0
  in .DirectFeedback.Test
	at ptolemy.actor.lib.Test.fire(Test.java:268)
	at ptolemy.domains.de.kernel.DEDirector._fire(DEDirector.java:1948)
	at ptolemy.domains.de.kernel.DEDirector.fire(DEDirector.java:502)
	at ptolemy.actor.CompositeActor.fire(CompositeActor.java:455)
	at ptolemy.actor.Manager.iterate(Manager.java:851)
	at ptolemy.actor.Manager.execute(Manager.java:369)
	at ptolemy.actor.Manager.run(Manager.java:1263)
	at ptolemy.actor.Manager$PtolemyRunThread.run(Manager.java:1915)
java.lang.RuntimeException: Execution failed
	at ptolemy.moml.MoMLSimpleApplication$UnloadThread.run(MoMLSimpleApplication.java:402)
Caused by: ptolemy.kernel.util.IllegalActionException: Found a zero delay loop containing .HierarchicalModel.A
  in .HierarchicalModel and .HierarchicalModel.A
	at ptolemy.actor.util.CausalityInterfaceForComposites._computeOutputPortDepth(CausalityInterfaceForComposites.java:759)
	at ptolemy.actor.util.CausalityInterfaceForComposites._computeInputDepth(CausalityInterfaceForComposites.java:696)
	at ptolemy.actor.util.CausalityInterfaceForComposites._computeOutputPortDepth(CausalityInterfaceForComposites.java:765)
	at ptolemy.actor.util.CausalityInterfaceForComposites._computeInputDepth(CausalityInterfaceForComposites.java:696)
	at ptolemy.actor.util.CausalityInterfaceForComposites._computeOutputPortDepth(CausalityInterfaceForComposites.java:765)
	at ptolemy.actor.util.CausalityInterfaceForComposites._computeInputDepth(CausalityInterfaceForComposites.java:696)
	at ptolemy.actor.util.CausalityInterfaceForComposites._computeActorDepth(CausalityInterfaceForComposites.java:532)
	at ptolemy.actor.util.CausalityInterfaceForComposites.checkForCycles(CausalityInterfaceForComposites.java:96)
	at ptolemy.domains.de.kernel.DEDirector.preinitialize(DEDirector.java:1337)
	at ptolemy.actor.CompositeActor.preinitialize(CompositeActor.java:1828)
	at ptolemy.actor.Manager.preinitializeAndResolveTypes(Manager.java:1040)
	at ptolemy.actor.Manager.initialize(Manager.java:710)
	at ptolemy.actor.Manager.execute(Manager.java:356)
	at ptolemy.actor.Manager.run(Manager.java:1263)
	at ptolemy.actor.Manager$PtolemyRunThread.run(Manager.java:1915)
java.lang.reflect.InvocationTargetException
	at sun.reflect.NativeConstructorAccessorImpl.newInstance0(Native Method)
	at sun.reflect.NativeConstructorAccessorImpl.newInstance(NativeConstructorAccessorImpl.java:62)
	at sun.reflect.DelegatingConstructorAccessorImpl.newInstance(DelegatingConstructorAccessorImpl.java:45)
	at java.lang.reflect.Constructor.newInstance(Constructor.java:423)
	at ptolemy.util.test.junit.AutoKnownFailedTests.RunModel(AutoKnownFailedTests.java:107)
	at sun.reflect.NativeMethodAccessorImpl.invoke0(Native Method)
	at sun.reflect.NativeMethodAccessorImpl.invoke(NativeMethodAccessorImpl.java:62)
	at sun.reflect.DelegatingMethodAccessorImpl.invoke(DelegatingMethodAccessorImpl.java:43)
	at java.lang.reflect.Method.invoke(Method.java:498)
	at org.junit.runners.model.FrameworkMethod$1.runReflectiveCall(FrameworkMethod.java:44)
	at org.junit.internal.runners.model.ReflectiveCallable.run(ReflectiveCallable.java:15)
	at org.junit.runners.model.FrameworkMethod.invokeExplosively(FrameworkMethod.java:41)
	at junitparams.internal.InvokeParameterisedMethod.evaluate(InvokeParameterisedMethod.java:102)
	at org.junit.internal.runners.statements.FailOnTimeout$1.run(FailOnTimeout.java:28)
Caused by: ptolemy.kernel.util.IllegalActionException: Found a zero delay loop containing .HierarchicalModel.A
  in .HierarchicalModel and .HierarchicalModel.A
	at ptolemy.actor.util.CausalityInterfaceForComposites._computeOutputPortDepth(CausalityInterfaceForComposites.java:759)
	at ptolemy.actor.util.CausalityInterfaceForComposites._computeInputDepth(CausalityInterfaceForComposites.java:696)
	at ptolemy.actor.util.CausalityInterfaceForComposites._computeOutputPortDepth(CausalityInterfaceForComposites.java:765)
	at ptolemy.actor.util.CausalityInterfaceForComposites._computeInputDepth(CausalityInterfaceForComposites.java:696)
	at ptolemy.actor.util.CausalityInterfaceForComposites._computeOutputPortDepth(CausalityInterfaceForComposites.java:765)
	at ptolemy.actor.util.CausalityInterfaceForComposites._computeInputDepth(CausalityInterfaceForComposites.java:696)
	at ptolemy.actor.util.CausalityInterfaceForComposites._computeActorDepth(CausalityInterfaceForComposites.java:532)
	at ptolemy.actor.util.CausalityInterfaceForComposites.checkForCycles(CausalityInterfaceForComposites.java:96)
	at ptolemy.domains.de.kernel.DEDirector.preinitialize(DEDirector.java:1337)
	at ptolemy.actor.CompositeActor.preinitialize(CompositeActor.java:1828)
	at ptolemy.actor.Manager.preinitializeAndResolveTypes(Manager.java:1040)
	at ptolemy.actor.Manager.initialize(Manager.java:710)
	at ptolemy.actor.Manager.execute(Manager.java:356)
	at ptolemy.actor.Manager.run(Manager.java:1263)
	at ptolemy.actor.Manager$PtolemyRunThread.run(Manager.java:1915)
java.lang.RuntimeException: Execution failed
	at ptolemy.moml.MoMLSimpleApplication$UnloadThread.run(MoMLSimpleApplication.java:402)
Caused by: ptolemy.kernel.util.IllegalActionException: Found a zero delay loop containing .dependencyLoop.original
  in .dependencyLoop and .dependencyLoop.original
	at ptolemy.actor.util.CausalityInterfaceForComposites._computeOutputPortDepth(CausalityInterfaceForComposites.java:759)
	at ptolemy.actor.util.CausalityInterfaceForComposites._computeInputDepth(CausalityInterfaceForComposites.java:696)
	at ptolemy.actor.util.CausalityInterfaceForComposites._computeOutputPortDepth(CausalityInterfaceForComposites.java:765)
	at ptolemy.actor.util.CausalityInterfaceForComposites._computeInputDepth(CausalityInterfaceForComposites.java:696)
	at ptolemy.actor.util.CausalityInterfaceForComposites._computeOutputPortDepth(CausalityInterfaceForComposites.java:765)
	at ptolemy.actor.util.CausalityInterfaceForComposites._computeInputDepth(CausalityInterfaceForComposites.java:696)
	at ptolemy.actor.util.CausalityInterfaceForComposites._computeActorDepth(CausalityInterfaceForComposites.java:532)
	at ptolemy.actor.util.CausalityInterfaceForComposites.checkForCycles(CausalityInterfaceForComposites.java:96)
	at ptolemy.domains.de.kernel.DEDirector.preinitialize(DEDirector.java:1337)
	at ptolemy.actor.CompositeActor.preinitialize(CompositeActor.java:1828)
	at ptolemy.actor.Manager.preinitializeAndResolveTypes(Manager.java:1040)
	at ptolemy.actor.Manager.initialize(Manager.java:710)
	at ptolemy.actor.Manager.execute(Manager.java:356)
	at ptolemy.actor.Manager.run(Manager.java:1263)
	at ptolemy.actor.Manager$PtolemyRunThread.run(Manager.java:1915)
java.lang.reflect.InvocationTargetException
	at sun.reflect.NativeConstructorAccessorImpl.newInstance0(Native Method)
	at sun.reflect.NativeConstructorAccessorImpl.newInstance(NativeConstructorAccessorImpl.java:62)
	at sun.reflect.DelegatingConstructorAccessorImpl.newInstance(DelegatingConstructorAccessorImpl.java:45)
	at java.lang.reflect.Constructor.newInstance(Constructor.java:423)
	at ptolemy.util.test.junit.AutoKnownFailedTests.RunModel(AutoKnownFailedTests.java:107)
	at sun.reflect.NativeMethodAccessorImpl.invoke0(Native Method)
	at sun.reflect.NativeMethodAccessorImpl.invoke(NativeMethodAccessorImpl.java:62)
	at sun.reflect.DelegatingMethodAccessorImpl.invoke(DelegatingMethodAccessorImpl.java:43)
	at java.lang.reflect.Method.invoke(Method.java:498)
	at org.junit.runners.model.FrameworkMethod$1.runReflectiveCall(FrameworkMethod.java:44)
	at org.junit.internal.runners.model.ReflectiveCallable.run(ReflectiveCallable.java:15)
	at org.junit.runners.model.FrameworkMethod.invokeExplosively(FrameworkMethod.java:41)
	at junitparams.internal.InvokeParameterisedMethod.evaluate(InvokeParameterisedMethod.java:102)
	at org.junit.internal.runners.statements.FailOnTimeout$1.run(FailOnTimeout.java:28)
Caused by: ptolemy.kernel.util.IllegalActionException: Found a zero delay loop containing .dependencyLoop.original
  in .dependencyLoop and .dependencyLoop.original
	at ptolemy.actor.util.CausalityInterfaceForComposites._computeOutputPortDepth(CausalityInterfaceForComposites.java:759)
	at ptolemy.actor.util.CausalityInterfaceForComposites._computeInputDepth(CausalityInterfaceForComposites.java:696)
	at ptolemy.actor.util.CausalityInterfaceForComposites._computeOutputPortDepth(CausalityInterfaceForComposites.java:765)
	at ptolemy.actor.util.CausalityInterfaceForComposites._computeInputDepth(CausalityInterfaceForComposites.java:696)
	at ptolemy.actor.util.CausalityInterfaceForComposites._computeOutputPortDepth(CausalityInterfaceForComposites.java:765)
	at ptolemy.actor.util.CausalityInterfaceForComposites._computeInputDepth(CausalityInterfaceForComposites.java:696)
	at ptolemy.actor.util.CausalityInterfaceForComposites._computeActorDepth(CausalityInterfaceForComposites.java:532)
	at ptolemy.actor.util.CausalityInterfaceForComposites.checkForCycles(CausalityInterfaceForComposites.java:96)
	at ptolemy.domains.de.kernel.DEDirector.preinitialize(DEDirector.java:1337)
	at ptolemy.actor.CompositeActor.preinitialize(CompositeActor.java:1828)
	at ptolemy.actor.Manager.preinitializeAndResolveTypes(Manager.java:1040)
	at ptolemy.actor.Manager.initialize(Manager.java:710)
	at ptolemy.actor.Manager.execute(Manager.java:356)
	at ptolemy.actor.Manager.run(Manager.java:1263)
	at ptolemy.actor.Manager$PtolemyRunThread.run(Manager.java:1915)
java.lang.RuntimeException: Execution failed
	at ptolemy.moml.MoMLSimpleApplication$UnloadThread.run(MoMLSimpleApplication.java:402)
Caused by: ptolemy.kernel.util.IllegalActionException: Found a zero delay loop containing .dependencyLoop2.original
  in .dependencyLoop2 and .dependencyLoop2.original
	at ptolemy.actor.util.CausalityInterfaceForComposites._computeOutputPortDepth(CausalityInterfaceForComposites.java:759)
	at ptolemy.actor.util.CausalityInterfaceForComposites._computeInputDepth(CausalityInterfaceForComposites.java:696)
	at ptolemy.actor.util.CausalityInterfaceForComposites._computeOutputPortDepth(CausalityInterfaceForComposites.java:765)
	at ptolemy.actor.util.CausalityInterfaceForComposites._computeInputDepth(CausalityInterfaceForComposites.java:696)
	at ptolemy.actor.util.CausalityInterfaceForComposites._computeOutputPortDepth(CausalityInterfaceForComposites.java:765)
	at ptolemy.actor.util.CausalityInterfaceForComposites._computeInputDepth(CausalityInterfaceForComposites.java:696)
	at ptolemy.actor.util.CausalityInterfaceForComposites._computeActorDepth(CausalityInterfaceForComposites.java:532)
	at ptolemy.actor.util.CausalityInterfaceForComposites.checkForCycles(CausalityInterfaceForComposites.java:96)
	at ptolemy.domains.de.kernel.DEDirector.preinitialize(DEDirector.java:1337)
	at ptolemy.actor.CompositeActor.preinitialize(CompositeActor.java:1828)
	at ptolemy.actor.Manager.preinitializeAndResolveTypes(Manager.java:1040)
	at ptolemy.actor.Manager.initialize(Manager.java:710)
	at ptolemy.actor.Manager.execute(Manager.java:356)
	at ptolemy.actor.Manager.run(Manager.java:1263)
	at ptolemy.actor.Manager$PtolemyRunThread.run(Manager.java:1915)
java.lang.reflect.InvocationTargetException
	at sun.reflect.NativeConstructorAccessorImpl.newInstance0(Native Method)
	at sun.reflect.NativeConstructorAccessorImpl.newInstance(NativeConstructorAccessorImpl.java:62)
	at sun.reflect.DelegatingConstructorAccessorImpl.newInstance(DelegatingConstructorAccessorImpl.java:45)
	at java.lang.reflect.Constructor.newInstance(Constructor.java:423)
	at ptolemy.util.test.junit.AutoKnownFailedTests.RunModel(AutoKnownFailedTests.java:107)
	at sun.reflect.NativeMethodAccessorImpl.invoke0(Native Method)
	at sun.reflect.NativeMethodAccessorImpl.invoke(NativeMethodAccessorImpl.java:62)
	at sun.reflect.DelegatingMethodAccessorImpl.invoke(DelegatingMethodAccessorImpl.java:43)
	at java.lang.reflect.Method.invoke(Method.java:498)
	at org.junit.runners.model.FrameworkMethod$1.runReflectiveCall(FrameworkMethod.java:44)
	at org.junit.internal.runners.model.ReflectiveCallable.run(ReflectiveCallable.java:15)
	at org.junit.runners.model.FrameworkMethod.invokeExplosively(FrameworkMethod.java:41)
	at junitparams.internal.InvokeParameterisedMethod.evaluate(InvokeParameterisedMethod.java:102)
	at org.junit.internal.runners.statements.FailOnTimeout$1.run(FailOnTimeout.java:28)
Caused by: ptolemy.kernel.util.IllegalActionException: Found a zero delay loop containing .dependencyLoop2.original
  in .dependencyLoop2 and .dependencyLoop2.original
	at ptolemy.actor.util.CausalityInterfaceForComposites._computeOutputPortDepth(CausalityInterfaceForComposites.java:759)
	at ptolemy.actor.util.CausalityInterfaceForComposites._computeInputDepth(CausalityInterfaceForComposites.java:696)
	at ptolemy.actor.util.CausalityInterfaceForComposites._computeOutputPortDepth(CausalityInterfaceForComposites.java:765)
	at ptolemy.actor.util.CausalityInterfaceForComposites._computeInputDepth(CausalityInterfaceForComposites.java:696)
	at ptolemy.actor.util.CausalityInterfaceForComposites._computeOutputPortDepth(CausalityInterfaceForComposites.java:765)
	at ptolemy.actor.util.CausalityInterfaceForComposites._computeInputDepth(CausalityInterfaceForComposites.java:696)
	at ptolemy.actor.util.CausalityInterfaceForComposites._computeActorDepth(CausalityInterfaceForComposites.java:532)
	at ptolemy.actor.util.CausalityInterfaceForComposites.checkForCycles(CausalityInterfaceForComposites.java:96)
	at ptolemy.domains.de.kernel.DEDirector.preinitialize(DEDirector.java:1337)
	at ptolemy.actor.CompositeActor.preinitialize(CompositeActor.java:1828)
	at ptolemy.actor.Manager.preinitializeAndResolveTypes(Manager.java:1040)
	at ptolemy.actor.Manager.initialize(Manager.java:710)
	at ptolemy.actor.Manager.execute(Manager.java:356)
	at ptolemy.actor.Manager.run(Manager.java:1263)
	at ptolemy.actor.Manager$PtolemyRunThread.run(Manager.java:1915)
]]></system-err>
</testsuite>
