<?xml version="1.0" encoding="UTF-8" ?>
<testsuite errors="0" failures="0" hostname="travis-job-f3f5ad5b-d5e3-4cbb-baf3-61ff4fa011bd" name="ptolemy.domains.sdf.test.junit.JUnitTclTest" skipped="0" tests="66" time="19.124" timestamp="2018-05-03T01:03:01">
  <properties>
[...]
</properties>
  <testcase classname="ptolemy.util.test.junit.TclTests" name="[0] /home/travis/build/icyphy/ptII/ptolemy/domains/sdf/test/SDFSchedulerErrors.tcl (RunTclFile)" time="0.554" />
  <testcase classname="ptolemy.util.test.junit.TclTests" name="[1] /home/travis/build/icyphy/ptII/ptolemy/domains/sdf/test/composition.tcl (RunTclFile)" time="0.121" />
  <testcase classname="ptolemy.util.test.junit.TclTests" name="[2] /home/travis/build/icyphy/ptII/ptolemy/domains/sdf/test/cycle.tcl (RunTclFile)" time="0.035" />
  <testcase classname="ptolemy.util.test.junit.AutoKnownFailedTests" name="[0] ThereAreNoKnowFailedTests (RunModel)" time="0.0" />
  <testcase classname="ptolemy.util.test.junit.AutoNameArchTests" name="[0] ThereAreNoAutoTests (RunModel)" time="0.0" />
  <testcase classname="ptolemy.util.test.junit.AutoTests" name="[0] /home/travis/build/icyphy/ptII/ptolemy/domains/sdf/test/auto/Array.xml (RunModel)" time="0.129" />
  <testcase classname="ptolemy.util.test.junit.AutoTests" name="[1] /home/travis/build/icyphy/ptII/ptolemy/domains/sdf/test/auto/Butterfly.xml (RunModel)" time="0.075" />
  <testcase classname="ptolemy.util.test.junit.AutoTests" name="[2] /home/travis/build/icyphy/ptII/ptolemy/domains/sdf/test/auto/Expression.xml (RunModel)" time="0.079" />
  <testcase classname="ptolemy.util.test.junit.AutoTests" name="[3] /home/travis/build/icyphy/ptII/ptolemy/domains/sdf/test/auto/Eye.xml (RunModel)" time="0.415" />
  <testcase classname="ptolemy.util.test.junit.AutoTests" name="[4] /home/travis/build/icyphy/ptII/ptolemy/domains/sdf/test/auto/FixFIR.xml (RunModel)" time="0.296" />
  <testcase classname="ptolemy.util.test.junit.AutoTests" name="[5] /home/travis/build/icyphy/ptII/ptolemy/domains/sdf/test/auto/FixPoint.xml (RunModel)" time="0.047" />
  <testcase classname="ptolemy.util.test.junit.AutoTests" name="[6] /home/travis/build/icyphy/ptII/ptolemy/domains/sdf/test/auto/Gravitation.xml (RunModel)" time="3.25" />
  <testcase classname="ptolemy.util.test.junit.AutoTests" name="[7] /home/travis/build/icyphy/ptII/ptolemy/domains/sdf/test/auto/GravitationWithCollisionDetection.xml (RunModel)" time="6.069" />
  <testcase classname="ptolemy.util.test.junit.AutoTests" name="[8] /home/travis/build/icyphy/ptII/ptolemy/domains/sdf/test/auto/HDF.xml (RunModel)" time="0.104" />
  <testcase classname="ptolemy.util.test.junit.AutoTests" name="[9] /home/travis/build/icyphy/ptII/ptolemy/domains/sdf/test/auto/HDFwithTransientStates.xml (RunModel)" time="0.107" />
  <testcase classname="ptolemy.util.test.junit.AutoTests" name="[10] /home/travis/build/icyphy/ptII/ptolemy/domains/sdf/test/auto/HTVQ.xml (RunModel)" time="0.791" />
  <testcase classname="ptolemy.util.test.junit.AutoTests" name="[11] /home/travis/build/icyphy/ptII/ptolemy/domains/sdf/test/auto/InferInitProduction.xml (RunModel)" time="0.037" />
  <testcase classname="ptolemy.util.test.junit.AutoTests" name="[12] /home/travis/build/icyphy/ptII/ptolemy/domains/sdf/test/auto/InferInitProductionDeeper.xml (RunModel)" time="0.033" />
  <testcase classname="ptolemy.util.test.junit.AutoTests" name="[13] /home/travis/build/icyphy/ptII/ptolemy/domains/sdf/test/auto/LMSAdaptive.xml (RunModel)" time="0.064" />
  <testcase classname="ptolemy.util.test.junit.AutoTests" name="[14] /home/travis/build/icyphy/ptII/ptolemy/domains/sdf/test/auto/LogisticMap.xml (RunModel)" time="0.456" />
  <testcase classname="ptolemy.util.test.junit.AutoTests" name="[15] /home/travis/build/icyphy/ptII/ptolemy/domains/sdf/test/auto/MaximumEntropySpectrum.xml (RunModel)" time="0.25" />
  <testcase classname="ptolemy.util.test.junit.AutoTests" name="[16] /home/travis/build/icyphy/ptII/ptolemy/domains/sdf/test/auto/MultirateSDF.xml (RunModel)" time="0.06" />
  <testcase classname="ptolemy.util.test.junit.AutoTests" name="[17] /home/travis/build/icyphy/ptII/ptolemy/domains/sdf/test/auto/MultirateSDFwithTransientStates.xml (RunModel)" time="0.079" />
  <testcase classname="ptolemy.util.test.junit.AutoTests" name="[18] /home/travis/build/icyphy/ptII/ptolemy/domains/sdf/test/auto/NoisySinewave.xml (RunModel)" time="0.063" />
  <testcase classname="ptolemy.util.test.junit.AutoTests" name="[19] /home/travis/build/icyphy/ptII/ptolemy/domains/sdf/test/auto/Objects.xml (RunModel)" time="0.036" />
  <testcase classname="ptolemy.util.test.junit.AutoTests" name="[20] /home/travis/build/icyphy/ptII/ptolemy/domains/sdf/test/auto/OrthogonalCom.xml (RunModel)" time="0.042" />
  <testcase classname="ptolemy.util.test.junit.AutoTests" name="[21] /home/travis/build/icyphy/ptII/ptolemy/domains/sdf/test/auto/RijndaelEncryption.xml (RunModel)" time="0.501" />
  <testcase classname="ptolemy.util.test.junit.AutoTests" name="[22] /home/travis/build/icyphy/ptII/ptolemy/domains/sdf/test/auto/SDFEmptyIterations.xml (RunModel)" time="0.016" />
  <testcase classname="ptolemy.util.test.junit.AutoTests" name="[23] /home/travis/build/icyphy/ptII/ptolemy/domains/sdf/test/auto/Spectrum.xml (RunModel)" time="0.059" />
  <testcase classname="ptolemy.util.test.junit.AutoTests" name="[24] /home/travis/build/icyphy/ptII/ptolemy/domains/sdf/test/auto/de_inside_sdf.xml (RunModel)" time="0.022" />
  <testcase classname="ptolemy.util.test.junit.AutoTests" name="[25] /home/travis/build/icyphy/ptII/ptolemy/domains/sdf/test/auto/disconnectedHierarchicalSDF.xml (RunModel)" time="0.02" />
  <testcase classname="ptolemy.util.test.junit.AutoTests" name="[26] /home/travis/build/icyphy/ptII/ptolemy/domains/sdf/test/auto/disconnectedSDF.xml (RunModel)" time="0.019" />
  <testcase classname="ptolemy.util.test.junit.AutoTests" name="[27] /home/travis/build/icyphy/ptII/ptolemy/domains/sdf/test/auto/emptyRefinement.xml (RunModel)" time="0.019" />
  <testcase classname="ptolemy.util.test.junit.AutoTests" name="[28] /home/travis/build/icyphy/ptII/ptolemy/domains/sdf/test/auto/filePortParameter.xml (RunModel)" time="0.039" />
  <testcase classname="ptolemy.util.test.junit.AutoTests" name="[29] /home/travis/build/icyphy/ptII/ptolemy/domains/sdf/test/auto/inferRelationWidth1.xml (RunModel)" time="0.018" />
  <testcase classname="ptolemy.util.test.junit.AutoTests" name="[30] /home/travis/build/icyphy/ptII/ptolemy/domains/sdf/test/auto/initProductionInference.xml (RunModel)" time="0.03" />
  <testcase classname="ptolemy.util.test.junit.AutoTests" name="[31] /home/travis/build/icyphy/ptII/ptolemy/domains/sdf/test/auto/relationGroup.xml (RunModel)" time="0.019" />
  <testcase classname="ptolemy.util.test.junit.AutoTests" name="[32] /home/travis/build/icyphy/ptII/ptolemy/domains/sdf/test/auto/relationGroup10.xml (RunModel)" time="0.018" />
  <testcase classname="ptolemy.util.test.junit.AutoTests" name="[33] /home/travis/build/icyphy/ptII/ptolemy/domains/sdf/test/auto/relationGroup11.xml (RunModel)" time="0.017" />
  <testcase classname="ptolemy.util.test.junit.AutoTests" name="[34] /home/travis/build/icyphy/ptII/ptolemy/domains/sdf/test/auto/relationGroup12.xml (RunModel)" time="0.016" />
  <testcase classname="ptolemy.util.test.junit.AutoTests" name="[35] /home/travis/build/icyphy/ptII/ptolemy/domains/sdf/test/auto/relationGroup13.xml (RunModel)" time="0.024" />
  <testcase classname="ptolemy.util.test.junit.AutoTests" name="[36] /home/travis/build/icyphy/ptII/ptolemy/domains/sdf/test/auto/relationGroup14.xml (RunModel)" time="0.017" />
  <testcase classname="ptolemy.util.test.junit.AutoTests" name="[37] /home/travis/build/icyphy/ptII/ptolemy/domains/sdf/test/auto/relationGroup15.xml (RunModel)" time="0.014" />
  <testcase classname="ptolemy.util.test.junit.AutoTests" name="[38] /home/travis/build/icyphy/ptII/ptolemy/domains/sdf/test/auto/relationGroup2.xml (RunModel)" time="0.018" />
  <testcase classname="ptolemy.util.test.junit.AutoTests" name="[39] /home/travis/build/icyphy/ptII/ptolemy/domains/sdf/test/auto/relationGroup3.xml (RunModel)" time="0.013" />
  <testcase classname="ptolemy.util.test.junit.AutoTests" name="[40] /home/travis/build/icyphy/ptII/ptolemy/domains/sdf/test/auto/relationGroup4.xml (RunModel)" time="0.021" />
  <testcase classname="ptolemy.util.test.junit.AutoTests" name="[41] /home/travis/build/icyphy/ptII/ptolemy/domains/sdf/test/auto/relationGroup5.xml (RunModel)" time="0.016" />
  <testcase classname="ptolemy.util.test.junit.AutoTests" name="[42] /home/travis/build/icyphy/ptII/ptolemy/domains/sdf/test/auto/relationGroup6.xml (RunModel)" time="0.016" />
  <testcase classname="ptolemy.util.test.junit.AutoTests" name="[43] /home/travis/build/icyphy/ptII/ptolemy/domains/sdf/test/auto/relationGroup7.xml (RunModel)" time="0.014" />
  <testcase classname="ptolemy.util.test.junit.AutoTests" name="[44] /home/travis/build/icyphy/ptII/ptolemy/domains/sdf/test/auto/relationGroup8.xml (RunModel)" time="0.024" />
  <testcase classname="ptolemy.util.test.junit.AutoTests" name="[45] /home/travis/build/icyphy/ptII/ptolemy/domains/sdf/test/auto/relationGroup9.xml (RunModel)" time="0.019" />
  <testcase classname="ptolemy.util.test.junit.AutoTests" name="[46] /home/travis/build/icyphy/ptII/ptolemy/domains/sdf/test/auto/sdf_inside_de.xml (RunModel)" time="0.056" />
  <testcase classname="ptolemy.util.test.junit.AutoTests" name="[47] /home/travis/build/icyphy/ptII/ptolemy/domains/sdf/test/auto/sdf_inside_pn.xml (RunModel)" time="0.071" />
  <testcase classname="ptolemy.util.test.junit.AutoTests" name="[48] /home/travis/build/icyphy/ptII/ptolemy/domains/sdf/test/auto/sdf_sdf1.xml (RunModel)" time="0.017" />
  <testcase classname="ptolemy.util.test.junit.AutoTests" name="[49] /home/travis/build/icyphy/ptII/ptolemy/domains/sdf/test/auto/test1.xml (RunModel)" time="0.016" />
  <testcase classname="ptolemy.util.test.junit.AutoTests" name="[50] /home/travis/build/icyphy/ptII/ptolemy/domains/sdf/test/auto/time1.xml (RunModel)" time="0.008" />
  <testcase classname="ptolemy.util.test.junit.AutoTests" name="[51] /home/travis/build/icyphy/ptII/ptolemy/domains/sdf/test/auto/time2.xml (RunModel)" time="0.009" />
  <testcase classname="ptolemy.util.test.junit.AutoTests" name="[52] /home/travis/build/icyphy/ptII/ptolemy/domains/sdf/test/auto/time3.xml (RunModel)" time="0.032" />
  <testcase classname="ptolemy.util.test.junit.AutoTests" name="[53] /home/travis/build/icyphy/ptII/ptolemy/domains/sdf/test/auto/time4.xml (RunModel)" time="0.017" />
  <testcase classname="ptolemy.util.test.junit.AutoTests" name="[54] /home/travis/build/icyphy/ptII/ptolemy/domains/sdf/test/auto/time5.xml (RunModel)" time="4.009" />
  <testcase classname="ptolemy.util.test.junit.AutoTests" name="[55] /home/travis/build/icyphy/ptII/ptolemy/domains/sdf/test/auto/typeSystem_Const_Integer_smallest_Type.xml (RunModel)" time="0.024" />
  <testcase classname="ptolemy.util.test.junit.AutoTests" name="[56] /home/travis/build/icyphy/ptII/ptolemy/domains/sdf/test/auto/typeSystem_declared_Inports_OutportTypeException.xml (RunModel)" time="0.015" />
  <testcase classname="ptolemy.util.test.junit.AutoTests" name="[57] /home/travis/build/icyphy/ptII/ptolemy/domains/sdf/test/auto/typeSystem_oneDeclaredInportType_wrongTypeOutport.xml (RunModel)" time="0.013" />
  <testcase classname="ptolemy.util.test.junit.AutoTests" name="[58] /home/travis/build/icyphy/ptII/ptolemy/domains/sdf/test/auto/width.xml (RunModel)" time="0.008" />
  <testcase classname="ptolemy.util.test.junit.AutoTests" name="[59] /home/travis/build/icyphy/ptII/ptolemy/domains/sdf/test/auto/width2.xml (RunModel)" time="0.032" />
  <testcase classname="ptolemy.util.test.junit.AutoTests" name="[60] /home/travis/build/icyphy/ptII/ptolemy/domains/sdf/test/auto/width3.xml (RunModel)" time="0.035" />
  <system-out><![CDATA[/home/travis/build/icyphy/ptII/ptolemy/domains/sdf/test/SDFSchedulerErrors.tcl
testDefs.tcl: setting time out to 9000 seconds at Thu May 03 01:03:01 UTC 2018
17 ms. Memory: 116224K Free: 106895K (92%)
7 ms. Memory: 116224K Free: 99864K (86%)
4 ms. Memory: 116224K Free: 92896K (80%)
3 ms. Memory: 116224K Free: 89840K (77%)
/home/travis/build/icyphy/ptII/ptolemy/domains/sdf/test/composition.tcl
24 ms. Memory: 116224K Free: 85621K (74%)
10 ms. Memory: 116224K Free: 83803K (72%)
/home/travis/build/icyphy/ptII/ptolemy/domains/sdf/test/cycle.tcl
.Toplevel.Director Preinitializing ...
Invoking preinitialize():  .Toplevel.Actor1
Invoking preinitialize():  .Toplevel.Actor2
Invoking preinitialize():  .Toplevel.Delay
.Toplevel.Director Finished preinitialize().
### Schedule:
Execute Schedule{
Fire Actor ptolemy.domains.sdf.kernel.test.SDFTestDelay {.Toplevel.Actor1}
Fire Actor ptolemy.domains.sdf.kernel.test.SDFTestDelay {.Toplevel.Actor2}
Fire Actor ptolemy.domains.sdf.lib.SampleDelay {.Toplevel.Delay}
}
### End schedule
Called initialize().
Invoking initialize():  .Toplevel.Actor1
Initializing actor: .Toplevel.Actor1.
Invoking initialize():  .Toplevel.Actor2
Initializing actor: .Toplevel.Actor2.
Invoking initialize():  .Toplevel.Delay
Initializing actor: .Toplevel.Delay.
Director: Called prefire().
-- Setting current time to 0.0
Director prefire returns true.
The actor .Toplevel.Actor1 will be iterated.
The actor .Toplevel.Actor1 was iterated.
The actor .Toplevel.Actor2 will be iterated.
The actor .Toplevel.Actor2 was iterated.
The actor .Toplevel.Delay will be iterated.
The actor .Toplevel.Delay was iterated.
Director: Called postfire().
Postfire returns: true
Director: Called prefire().
-- Setting current time to 0.0
Director prefire returns true.
The actor .Toplevel.Actor1 will be iterated.
The actor .Toplevel.Actor1 was iterated.
The actor .Toplevel.Actor2 will be iterated.
The actor .Toplevel.Actor2 was iterated.
The actor .Toplevel.Delay will be iterated.
The actor .Toplevel.Delay was iterated.
Director: Called postfire().
Postfire returns: true
Director: Called prefire().
-- Setting current time to 0.0
Director prefire returns true.
The actor .Toplevel.Actor1 will be iterated.
The actor .Toplevel.Actor1 was iterated.
The actor .Toplevel.Actor2 will be iterated.
The actor .Toplevel.Actor2 was iterated.
The actor .Toplevel.Delay will be iterated.
The actor .Toplevel.Delay was iterated.
Director: Called postfire().
Postfire returns: true
Director: Called prefire().
-- Setting current time to 0.0
Director prefire returns true.
The actor .Toplevel.Actor1 will be iterated.
The actor .Toplevel.Actor1 was iterated.
The actor .Toplevel.Actor2 will be iterated.
The actor .Toplevel.Actor2 was iterated.
The actor .Toplevel.Delay will be iterated.
The actor .Toplevel.Delay was iterated.
Director: Called postfire().
Postfire returns: true
Director: Called prefire().
-- Setting current time to 0.0
Director prefire returns true.
The actor .Toplevel.Actor1 will be iterated.
The actor .Toplevel.Actor1 was iterated.
The actor .Toplevel.Actor2 will be iterated.
The actor .Toplevel.Actor2 was iterated.
The actor .Toplevel.Delay will be iterated.
The actor .Toplevel.Delay was iterated.
Director: Called postfire().
Postfire returns: true
Director: Called prefire().
-- Setting current time to 0.0
Director prefire returns true.
The actor .Toplevel.Actor1 will be iterated.
The actor .Toplevel.Actor1 was iterated.
The actor .Toplevel.Actor2 will be iterated.
The actor .Toplevel.Actor2 was iterated.
The actor .Toplevel.Delay will be iterated.
The actor .Toplevel.Delay was iterated.
Reached specified number of iterations: 6
Director: Called wrapup().
6 ms. Memory: 116224K Free: 81423K (70%)
05/03/18 01:03:02
Failed: 0  Total Tests: 8  ((Passed: 8, Newly Passed: 0)  Known Failed: 0) /home/travis/build/icyphy/ptII/ptolemy/domains/sdf/test
No auto/knownFailedTests/*.xml tests in /home/travis/build/icyphy/ptII/ptolemy/domains/sdf/test
No auto/*.xml tests in /home/travis/build/icyphy/ptII/ptolemy/domains/sdf/test
AutoTests.java: About to close Vertx.
AutoTests.java: Vertx closed.
----------------- testing Thu May 03 01:03:02 UTC 2018 /home/travis/build/icyphy/ptII/ptolemy/domains/sdf/test/auto/Array.xml
----------------- Instantiating /home/travis/build/icyphy/ptII/ptolemy/domains/sdf/test/auto/Array.xml
28 ms. Memory: 146944K Free: 102641K (70%)
----------------- Invoking toplevel() on ptolemy.moml.MoMLSimpleApplication@621d6b14
----------------- Done invoking toplevel() on ptolemy.moml.MoMLSimpleApplication@621d6b14
reloadAllAccessors: .Array
----------------- testing Thu May 03 01:03:02 UTC 2018 /home/travis/build/icyphy/ptII/ptolemy/domains/sdf/test/auto/Butterfly.xml
----------------- Instantiating /home/travis/build/icyphy/ptII/ptolemy/domains/sdf/test/auto/Butterfly.xml
50 ms. Memory: 146944K Free: 97014K (66%)
----------------- Invoking toplevel() on ptolemy.moml.MoMLSimpleApplication@bcb6261
----------------- Done invoking toplevel() on ptolemy.moml.MoMLSimpleApplication@bcb6261
reloadAllAccessors: .Butterfly
----------------- testing Thu May 03 01:03:02 UTC 2018 /home/travis/build/icyphy/ptII/ptolemy/domains/sdf/test/auto/Expression.xml
----------------- Instantiating /home/travis/build/icyphy/ptII/ptolemy/domains/sdf/test/auto/Expression.xml
59 ms. Memory: 146944K Free: 91412K (62%)
----------------- Invoking toplevel() on ptolemy.moml.MoMLSimpleApplication@19a95670
----------------- Done invoking toplevel() on ptolemy.moml.MoMLSimpleApplication@19a95670
reloadAllAccessors: .Expression
----------------- testing Thu May 03 01:03:02 UTC 2018 /home/travis/build/icyphy/ptII/ptolemy/domains/sdf/test/auto/Eye.xml
----------------- Instantiating /home/travis/build/icyphy/ptII/ptolemy/domains/sdf/test/auto/Eye.xml
271 ms. Memory: 146944K Free: 122129K (83%)
----------------- Invoking toplevel() on ptolemy.moml.MoMLSimpleApplication@5af7aa9f
----------------- Done invoking toplevel() on ptolemy.moml.MoMLSimpleApplication@5af7aa9f
reloadAllAccessors: .Eye
----------------- testing Thu May 03 01:03:03 UTC 2018 /home/travis/build/icyphy/ptII/ptolemy/domains/sdf/test/auto/FixFIR.xml
----------------- Instantiating /home/travis/build/icyphy/ptII/ptolemy/domains/sdf/test/auto/FixFIR.xml
130 ms. Memory: 146944K Free: 84056K (57%)
----------------- Invoking toplevel() on ptolemy.moml.MoMLSimpleApplication@5c7eb5a6
----------------- Done invoking toplevel() on ptolemy.moml.MoMLSimpleApplication@5c7eb5a6
reloadAllAccessors: .FixFIR
----------------- testing Thu May 03 01:03:03 UTC 2018 /home/travis/build/icyphy/ptII/ptolemy/domains/sdf/test/auto/FixPoint.xml
----------------- Instantiating /home/travis/build/icyphy/ptII/ptolemy/domains/sdf/test/auto/FixPoint.xml
15 ms. Memory: 146944K Free: 79603K (54%)
----------------- Invoking toplevel() on ptolemy.moml.MoMLSimpleApplication@19b55c65
----------------- Done invoking toplevel() on ptolemy.moml.MoMLSimpleApplication@19b55c65
reloadAllAccessors: .FixPoint
----------------- testing Thu May 03 01:03:03 UTC 2018 /home/travis/build/icyphy/ptII/ptolemy/domains/sdf/test/auto/Gravitation.xml
----------------- Instantiating /home/travis/build/icyphy/ptII/ptolemy/domains/sdf/test/auto/Gravitation.xml
3155 ms. Memory: 208384K Free: 113721K (55%)
----------------- Invoking toplevel() on ptolemy.moml.MoMLSimpleApplication@3a954ab3
----------------- Done invoking toplevel() on ptolemy.moml.MoMLSimpleApplication@3a954ab3
reloadAllAccessors: .Gravitation
----------------- testing Thu May 03 01:03:06 UTC 2018 /home/travis/build/icyphy/ptII/ptolemy/domains/sdf/test/auto/GravitationWithCollisionDetection.xml
----------------- Instantiating /home/travis/build/icyphy/ptII/ptolemy/domains/sdf/test/auto/GravitationWithCollisionDetection.xml
5873 ms. Memory: 874496K Free: 301435K (34%)
----------------- Invoking toplevel() on ptolemy.moml.MoMLSimpleApplication@46c6fda7
----------------- Done invoking toplevel() on ptolemy.moml.MoMLSimpleApplication@46c6fda7
reloadAllAccessors: .GravitationWithCollisionDetection
----------------- testing Thu May 03 01:03:12 UTC 2018 /home/travis/build/icyphy/ptII/ptolemy/domains/sdf/test/auto/HDF.xml
----------------- Instantiating /home/travis/build/icyphy/ptII/ptolemy/domains/sdf/test/auto/HDF.xml
41 ms. Memory: 874496K Free: 269103K (31%)
----------------- Invoking toplevel() on ptolemy.moml.MoMLSimpleApplication@3bbb8c46
----------------- Done invoking toplevel() on ptolemy.moml.MoMLSimpleApplication@3bbb8c46
reloadAllAccessors: .HDF
----------------- testing Thu May 03 01:03:12 UTC 2018 /home/travis/build/icyphy/ptII/ptolemy/domains/sdf/test/auto/HDFwithTransientStates.xml
----------------- Instantiating /home/travis/build/icyphy/ptII/ptolemy/domains/sdf/test/auto/HDFwithTransientStates.xml
32 ms. Memory: 874496K Free: 245525K (28%)
----------------- Invoking toplevel() on ptolemy.moml.MoMLSimpleApplication@69c1b32f
----------------- Done invoking toplevel() on ptolemy.moml.MoMLSimpleApplication@69c1b32f
reloadAllAccessors: .HDFwithTransientStates
----------------- testing Thu May 03 01:03:13 UTC 2018 /home/travis/build/icyphy/ptII/ptolemy/domains/sdf/test/auto/HTVQ.xml
----------------- Instantiating /home/travis/build/icyphy/ptII/ptolemy/domains/sdf/test/auto/HTVQ.xml
753 ms. Memory: 874496K Free: 76836K (9%)
----------------- Invoking toplevel() on ptolemy.moml.MoMLSimpleApplication@e5955b7
----------------- Done invoking toplevel() on ptolemy.moml.MoMLSimpleApplication@e5955b7
reloadAllAccessors: .HTVQ
----------------- testing Thu May 03 01:03:13 UTC 2018 /home/travis/build/icyphy/ptII/ptolemy/domains/sdf/test/auto/InferInitProduction.xml
----------------- Instantiating /home/travis/build/icyphy/ptII/ptolemy/domains/sdf/test/auto/InferInitProduction.xml
3 ms. Memory: 875008K Free: 847414K (97%)
----------------- Invoking toplevel() on ptolemy.moml.MoMLSimpleApplication@519d0a85
----------------- Done invoking toplevel() on ptolemy.moml.MoMLSimpleApplication@519d0a85
reloadAllAccessors: .InferInitProduction
----------------- testing Thu May 03 01:03:13 UTC 2018 /home/travis/build/icyphy/ptII/ptolemy/domains/sdf/test/auto/InferInitProductionDeeper.xml
----------------- Instantiating /home/travis/build/icyphy/ptII/ptolemy/domains/sdf/test/auto/InferInitProductionDeeper.xml
3 ms. Memory: 875008K Free: 828583K (95%)
----------------- Invoking toplevel() on ptolemy.moml.MoMLSimpleApplication@18477147
----------------- Done invoking toplevel() on ptolemy.moml.MoMLSimpleApplication@18477147
reloadAllAccessors: .InferInitProductionDeeper
----------------- testing Thu May 03 01:03:13 UTC 2018 /home/travis/build/icyphy/ptII/ptolemy/domains/sdf/test/auto/LMSAdaptive.xml
----------------- Instantiating /home/travis/build/icyphy/ptII/ptolemy/domains/sdf/test/auto/LMSAdaptive.xml
16 ms. Memory: 875008K Free: 804754K (92%)
----------------- Invoking toplevel() on ptolemy.moml.MoMLSimpleApplication@3562ceae
----------------- Done invoking toplevel() on ptolemy.moml.MoMLSimpleApplication@3562ceae
reloadAllAccessors: .LMSAdaptive
----------------- testing Thu May 03 01:03:14 UTC 2018 /home/travis/build/icyphy/ptII/ptolemy/domains/sdf/test/auto/LogisticMap.xml
----------------- Instantiating /home/travis/build/icyphy/ptII/ptolemy/domains/sdf/test/auto/LogisticMap.xml
433 ms. Memory: 875008K Free: 789036K (90%)
----------------- Invoking toplevel() on ptolemy.moml.MoMLSimpleApplication@74a57c3e
----------------- Done invoking toplevel() on ptolemy.moml.MoMLSimpleApplication@74a57c3e
reloadAllAccessors: .LogisticMap
----------------- testing Thu May 03 01:03:14 UTC 2018 /home/travis/build/icyphy/ptII/ptolemy/domains/sdf/test/auto/MaximumEntropySpectrum.xml
----------------- Instantiating /home/travis/build/icyphy/ptII/ptolemy/domains/sdf/test/auto/MaximumEntropySpectrum.xml
72 ms. Memory: 875008K Free: 710427K (81%)
----------------- Invoking toplevel() on ptolemy.moml.MoMLSimpleApplication@7f6f79d5
----------------- Done invoking toplevel() on ptolemy.moml.MoMLSimpleApplication@7f6f79d5
reloadAllAccessors: .MaximumEntropySpectrum
----------------- testing Thu May 03 01:03:14 UTC 2018 /home/travis/build/icyphy/ptII/ptolemy/domains/sdf/test/auto/MultirateSDF.xml
----------------- Instantiating /home/travis/build/icyphy/ptII/ptolemy/domains/sdf/test/auto/MultirateSDF.xml
19 ms. Memory: 875008K Free: 686849K (78%)
----------------- Invoking toplevel() on ptolemy.moml.MoMLSimpleApplication@36f8d1ac
----------------- Done invoking toplevel() on ptolemy.moml.MoMLSimpleApplication@36f8d1ac
reloadAllAccessors: .MultirateSDF
----------------- testing Thu May 03 01:03:14 UTC 2018 /home/travis/build/icyphy/ptII/ptolemy/domains/sdf/test/auto/MultirateSDFwithTransientStates.xml
----------------- Instantiating /home/travis/build/icyphy/ptII/ptolemy/domains/sdf/test/auto/MultirateSDFwithTransientStates.xml
19 ms. Memory: 875008K Free: 663272K (76%)
----------------- Invoking toplevel() on ptolemy.moml.MoMLSimpleApplication@e69bda8
----------------- Done invoking toplevel() on ptolemy.moml.MoMLSimpleApplication@e69bda8
reloadAllAccessors: .MultirateSDFwithTransientStates
----------------- testing Thu May 03 01:03:14 UTC 2018 /home/travis/build/icyphy/ptII/ptolemy/domains/sdf/test/auto/NoisySinewave.xml
----------------- Instantiating /home/travis/build/icyphy/ptII/ptolemy/domains/sdf/test/auto/NoisySinewave.xml
13 ms. Memory: 875008K Free: 639694K (73%)
----------------- Invoking toplevel() on ptolemy.moml.MoMLSimpleApplication@78001f4f
----------------- Done invoking toplevel() on ptolemy.moml.MoMLSimpleApplication@78001f4f
reloadAllAccessors: .NoisySinewave
----------------- testing Thu May 03 01:03:14 UTC 2018 /home/travis/build/icyphy/ptII/ptolemy/domains/sdf/test/auto/Objects.xml
----------------- Instantiating /home/travis/build/icyphy/ptII/ptolemy/domains/sdf/test/auto/Objects.xml
2 ms. Memory: 875008K Free: 616116K (70%)
----------------- Invoking toplevel() on ptolemy.moml.MoMLSimpleApplication@48d6e179
----------------- Done invoking toplevel() on ptolemy.moml.MoMLSimpleApplication@48d6e179
reloadAllAccessors: .Objects
----------------- testing Thu May 03 01:03:14 UTC 2018 /home/travis/build/icyphy/ptII/ptolemy/domains/sdf/test/auto/OrthogonalCom.xml
----------------- Instantiating /home/travis/build/icyphy/ptII/ptolemy/domains/sdf/test/auto/OrthogonalCom.xml
5 ms. Memory: 875008K Free: 600398K (69%)
----------------- Invoking toplevel() on ptolemy.moml.MoMLSimpleApplication@623b58a2
----------------- Done invoking toplevel() on ptolemy.moml.MoMLSimpleApplication@623b58a2
reloadAllAccessors: .OrthogonalCom
----------------- testing Thu May 03 01:03:15 UTC 2018 /home/travis/build/icyphy/ptII/ptolemy/domains/sdf/test/auto/RijndaelEncryption.xml
----------------- Instantiating /home/travis/build/icyphy/ptII/ptolemy/domains/sdf/test/auto/RijndaelEncryption.xml
238 ms. Memory: 875008K Free: 432209K (49%)
----------------- Invoking toplevel() on ptolemy.moml.MoMLSimpleApplication@2fb5f863
----------------- Done invoking toplevel() on ptolemy.moml.MoMLSimpleApplication@2fb5f863
reloadAllAccessors: .RijndaelEncryption
----------------- testing Thu May 03 01:03:15 UTC 2018 /home/travis/build/icyphy/ptII/ptolemy/domains/sdf/test/auto/SDFEmptyIterations.xml
----------------- Instantiating /home/travis/build/icyphy/ptII/ptolemy/domains/sdf/test/auto/SDFEmptyIterations.xml
4 ms. Memory: 875008K Free: 416491K (48%)
----------------- Invoking toplevel() on ptolemy.moml.MoMLSimpleApplication@e6f6756
----------------- Done invoking toplevel() on ptolemy.moml.MoMLSimpleApplication@e6f6756
reloadAllAccessors: .SDFEmptyIterations
----------------- testing Thu May 03 01:03:15 UTC 2018 /home/travis/build/icyphy/ptII/ptolemy/domains/sdf/test/auto/Spectrum.xml
----------------- Instantiating /home/travis/build/icyphy/ptII/ptolemy/domains/sdf/test/auto/Spectrum.xml
25 ms. Memory: 875008K Free: 392913K (45%)
----------------- Invoking toplevel() on ptolemy.moml.MoMLSimpleApplication@5d40ffe2
----------------- Done invoking toplevel() on ptolemy.moml.MoMLSimpleApplication@5d40ffe2
reloadAllAccessors: .Spectrum
----------------- testing Thu May 03 01:03:15 UTC 2018 /home/travis/build/icyphy/ptII/ptolemy/domains/sdf/test/auto/de_inside_sdf.xml
----------------- Instantiating /home/travis/build/icyphy/ptII/ptolemy/domains/sdf/test/auto/de_inside_sdf.xml
8 ms. Memory: 875008K Free: 377195K (43%)
----------------- Invoking toplevel() on ptolemy.moml.MoMLSimpleApplication@4d237aab
----------------- Done invoking toplevel() on ptolemy.moml.MoMLSimpleApplication@4d237aab
reloadAllAccessors: .de_inside_sdf
----------------- testing Thu May 03 01:03:15 UTC 2018 /home/travis/build/icyphy/ptII/ptolemy/domains/sdf/test/auto/disconnectedHierarchicalSDF.xml
----------------- Instantiating /home/travis/build/icyphy/ptII/ptolemy/domains/sdf/test/auto/disconnectedHierarchicalSDF.xml
4 ms. Memory: 875008K Free: 361476K (41%)
----------------- Invoking toplevel() on ptolemy.moml.MoMLSimpleApplication@1c7fb3eb
----------------- Done invoking toplevel() on ptolemy.moml.MoMLSimpleApplication@1c7fb3eb
reloadAllAccessors: .disconnectedHierarchicalSDF
----------------- testing Thu May 03 01:03:15 UTC 2018 /home/travis/build/icyphy/ptII/ptolemy/domains/sdf/test/auto/disconnectedSDF.xml
----------------- Instantiating /home/travis/build/icyphy/ptII/ptolemy/domains/sdf/test/auto/disconnectedSDF.xml
2 ms. Memory: 875008K Free: 345758K (40%)
----------------- Invoking toplevel() on ptolemy.moml.MoMLSimpleApplication@2b804e7
----------------- Done invoking toplevel() on ptolemy.moml.MoMLSimpleApplication@2b804e7
reloadAllAccessors: .disconnectedSDF
----------------- testing Thu May 03 01:03:15 UTC 2018 /home/travis/build/icyphy/ptII/ptolemy/domains/sdf/test/auto/emptyRefinement.xml
----------------- Instantiating /home/travis/build/icyphy/ptII/ptolemy/domains/sdf/test/auto/emptyRefinement.xml
3 ms. Memory: 875008K Free: 330039K (38%)
----------------- Invoking toplevel() on ptolemy.moml.MoMLSimpleApplication@398de2a
----------------- Done invoking toplevel() on ptolemy.moml.MoMLSimpleApplication@398de2a
reloadAllAccessors: .emptyRefinement
----------------- testing Thu May 03 01:03:15 UTC 2018 /home/travis/build/icyphy/ptII/ptolemy/domains/sdf/test/auto/filePortParameter.xml
----------------- Instantiating /home/travis/build/icyphy/ptII/ptolemy/domains/sdf/test/auto/filePortParameter.xml
12 ms. Memory: 875008K Free: 314321K (36%)
----------------- Invoking toplevel() on ptolemy.moml.MoMLSimpleApplication@47d8cd15
----------------- Done invoking toplevel() on ptolemy.moml.MoMLSimpleApplication@47d8cd15
reloadAllAccessors: .filePortParameter
----------------- testing Thu May 03 01:03:15 UTC 2018 /home/travis/build/icyphy/ptII/ptolemy/domains/sdf/test/auto/inferRelationWidth1.xml
----------------- Instantiating /home/travis/build/icyphy/ptII/ptolemy/domains/sdf/test/auto/inferRelationWidth1.xml
3 ms. Memory: 875008K Free: 298602K (34%)
----------------- Invoking toplevel() on ptolemy.moml.MoMLSimpleApplication@74a189a2
----------------- Done invoking toplevel() on ptolemy.moml.MoMLSimpleApplication@74a189a2
reloadAllAccessors: .inferRelationWidth1
----------------- testing Thu May 03 01:03:15 UTC 2018 /home/travis/build/icyphy/ptII/ptolemy/domains/sdf/test/auto/initProductionInference.xml
----------------- Instantiating /home/travis/build/icyphy/ptII/ptolemy/domains/sdf/test/auto/initProductionInference.xml
14 ms. Memory: 875008K Free: 279771K (32%)
----------------- Invoking toplevel() on ptolemy.moml.MoMLSimpleApplication@3ffe8acb
----------------- Done invoking toplevel() on ptolemy.moml.MoMLSimpleApplication@3ffe8acb
reloadAllAccessors: .initProductionInference
----------------- testing Thu May 03 01:03:15 UTC 2018 /home/travis/build/icyphy/ptII/ptolemy/domains/sdf/test/auto/relationGroup.xml
----------------- Instantiating /home/travis/build/icyphy/ptII/ptolemy/domains/sdf/test/auto/relationGroup.xml
3 ms. Memory: 875008K Free: 264052K (30%)
----------------- Invoking toplevel() on ptolemy.moml.MoMLSimpleApplication@77f69a47
----------------- Done invoking toplevel() on ptolemy.moml.MoMLSimpleApplication@77f69a47
reloadAllAccessors: .relationGroup
----------------- testing Thu May 03 01:03:15 UTC 2018 /home/travis/build/icyphy/ptII/ptolemy/domains/sdf/test/auto/relationGroup10.xml
----------------- Instantiating /home/travis/build/icyphy/ptII/ptolemy/domains/sdf/test/auto/relationGroup10.xml
2 ms. Memory: 875008K Free: 248334K (28%)
----------------- Invoking toplevel() on ptolemy.moml.MoMLSimpleApplication@3fd482f9
----------------- Done invoking toplevel() on ptolemy.moml.MoMLSimpleApplication@3fd482f9
reloadAllAccessors: .relationGroup10
----------------- testing Thu May 03 01:03:15 UTC 2018 /home/travis/build/icyphy/ptII/ptolemy/domains/sdf/test/auto/relationGroup11.xml
----------------- Instantiating /home/travis/build/icyphy/ptII/ptolemy/domains/sdf/test/auto/relationGroup11.xml
2 ms. Memory: 875008K Free: 232615K (27%)
----------------- Invoking toplevel() on ptolemy.moml.MoMLSimpleApplication@6cdc6544
----------------- Done invoking toplevel() on ptolemy.moml.MoMLSimpleApplication@6cdc6544
reloadAllAccessors: .relationGroup11
----------------- testing Thu May 03 01:03:15 UTC 2018 /home/travis/build/icyphy/ptII/ptolemy/domains/sdf/test/auto/relationGroup12.xml
----------------- Instantiating /home/travis/build/icyphy/ptII/ptolemy/domains/sdf/test/auto/relationGroup12.xml
2 ms. Memory: 875008K Free: 216897K (25%)
----------------- Invoking toplevel() on ptolemy.moml.MoMLSimpleApplication@7cc4cbe
----------------- Done invoking toplevel() on ptolemy.moml.MoMLSimpleApplication@7cc4cbe
reloadAllAccessors: .relationGroup12
----------------- testing Thu May 03 01:03:15 UTC 2018 /home/travis/build/icyphy/ptII/ptolemy/domains/sdf/test/auto/relationGroup13.xml
----------------- Instantiating /home/travis/build/icyphy/ptII/ptolemy/domains/sdf/test/auto/relationGroup13.xml
8 ms. Memory: 875008K Free: 201178K (23%)
----------------- Invoking toplevel() on ptolemy.moml.MoMLSimpleApplication@6fd193c2
----------------- Done invoking toplevel() on ptolemy.moml.MoMLSimpleApplication@6fd193c2
reloadAllAccessors: .relationGroup13
----------------- testing Thu May 03 01:03:15 UTC 2018 /home/travis/build/icyphy/ptII/ptolemy/domains/sdf/test/auto/relationGroup14.xml
----------------- Instantiating /home/travis/build/icyphy/ptII/ptolemy/domains/sdf/test/auto/relationGroup14.xml
4 ms. Memory: 875008K Free: 185460K (21%)
----------------- Invoking toplevel() on ptolemy.moml.MoMLSimpleApplication@20e39012
----------------- Done invoking toplevel() on ptolemy.moml.MoMLSimpleApplication@20e39012
reloadAllAccessors: .relationGroup14
----------------- testing Thu May 03 01:03:15 UTC 2018 /home/travis/build/icyphy/ptII/ptolemy/domains/sdf/test/auto/relationGroup15.xml
----------------- Instantiating /home/travis/build/icyphy/ptII/ptolemy/domains/sdf/test/auto/relationGroup15.xml
2 ms. Memory: 875008K Free: 169741K (19%)
----------------- Invoking toplevel() on ptolemy.moml.MoMLSimpleApplication@3a503ce
----------------- Done invoking toplevel() on ptolemy.moml.MoMLSimpleApplication@3a503ce
reloadAllAccessors: .relationGroup15
----------------- testing Thu May 03 01:03:15 UTC 2018 /home/travis/build/icyphy/ptII/ptolemy/domains/sdf/test/auto/relationGroup2.xml
----------------- Instantiating /home/travis/build/icyphy/ptII/ptolemy/domains/sdf/test/auto/relationGroup2.xml
2 ms. Memory: 875008K Free: 154023K (18%)
----------------- Invoking toplevel() on ptolemy.moml.MoMLSimpleApplication@62aeb371
----------------- Done invoking toplevel() on ptolemy.moml.MoMLSimpleApplication@62aeb371
reloadAllAccessors: .relationGroup2
----------------- testing Thu May 03 01:03:15 UTC 2018 /home/travis/build/icyphy/ptII/ptolemy/domains/sdf/test/auto/relationGroup3.xml
----------------- Instantiating /home/travis/build/icyphy/ptII/ptolemy/domains/sdf/test/auto/relationGroup3.xml
1 ms. Memory: 875008K Free: 135192K (15%)
----------------- Invoking toplevel() on ptolemy.moml.MoMLSimpleApplication@7b0e5d05
----------------- Done invoking toplevel() on ptolemy.moml.MoMLSimpleApplication@7b0e5d05
reloadAllAccessors: .relationGroup3
----------------- testing Thu May 03 01:03:15 UTC 2018 /home/travis/build/icyphy/ptII/ptolemy/domains/sdf/test/auto/relationGroup4.xml
----------------- Instantiating /home/travis/build/icyphy/ptII/ptolemy/domains/sdf/test/auto/relationGroup4.xml
7 ms. Memory: 875008K Free: 119473K (14%)
----------------- Invoking toplevel() on ptolemy.moml.MoMLSimpleApplication@6dbe5c3
----------------- Done invoking toplevel() on ptolemy.moml.MoMLSimpleApplication@6dbe5c3
reloadAllAccessors: .relationGroup4
----------------- testing Thu May 03 01:03:15 UTC 2018 /home/travis/build/icyphy/ptII/ptolemy/domains/sdf/test/auto/relationGroup5.xml
----------------- Instantiating /home/travis/build/icyphy/ptII/ptolemy/domains/sdf/test/auto/relationGroup5.xml
2 ms. Memory: 875008K Free: 103755K (12%)
----------------- Invoking toplevel() on ptolemy.moml.MoMLSimpleApplication@4bb43c15
----------------- Done invoking toplevel() on ptolemy.moml.MoMLSimpleApplication@4bb43c15
reloadAllAccessors: .relationGroup5
----------------- testing Thu May 03 01:03:15 UTC 2018 /home/travis/build/icyphy/ptII/ptolemy/domains/sdf/test/auto/relationGroup6.xml
----------------- Instantiating /home/travis/build/icyphy/ptII/ptolemy/domains/sdf/test/auto/relationGroup6.xml
2 ms. Memory: 875008K Free: 88036K (10%)
----------------- Invoking toplevel() on ptolemy.moml.MoMLSimpleApplication@622631d1
----------------- Done invoking toplevel() on ptolemy.moml.MoMLSimpleApplication@622631d1
reloadAllAccessors: .relationGroup6
----------------- testing Thu May 03 01:03:16 UTC 2018 /home/travis/build/icyphy/ptII/ptolemy/domains/sdf/test/auto/relationGroup7.xml
----------------- Instantiating /home/travis/build/icyphy/ptII/ptolemy/domains/sdf/test/auto/relationGroup7.xml
2 ms. Memory: 875008K Free: 77212K (9%)
----------------- Invoking toplevel() on ptolemy.moml.MoMLSimpleApplication@11f0522d
----------------- Done invoking toplevel() on ptolemy.moml.MoMLSimpleApplication@11f0522d
reloadAllAccessors: .relationGroup7
----------------- testing Thu May 03 01:03:16 UTC 2018 /home/travis/build/icyphy/ptII/ptolemy/domains/sdf/test/auto/relationGroup8.xml
----------------- Instantiating /home/travis/build/icyphy/ptII/ptolemy/domains/sdf/test/auto/relationGroup8.xml
6 ms. Memory: 830464K Free: 803042K (97%)
----------------- Invoking toplevel() on ptolemy.moml.MoMLSimpleApplication@8e05c2f
----------------- Done invoking toplevel() on ptolemy.moml.MoMLSimpleApplication@8e05c2f
reloadAllAccessors: .relationGroup8
----------------- testing Thu May 03 01:03:16 UTC 2018 /home/travis/build/icyphy/ptII/ptolemy/domains/sdf/test/auto/relationGroup9.xml
----------------- Instantiating /home/travis/build/icyphy/ptII/ptolemy/domains/sdf/test/auto/relationGroup9.xml
6 ms. Memory: 830464K Free: 785918K (95%)
----------------- Invoking toplevel() on ptolemy.moml.MoMLSimpleApplication@53604ea8
----------------- Done invoking toplevel() on ptolemy.moml.MoMLSimpleApplication@53604ea8
reloadAllAccessors: .relationGroup9
----------------- testing Thu May 03 01:03:16 UTC 2018 /home/travis/build/icyphy/ptII/ptolemy/domains/sdf/test/auto/sdf_inside_de.xml
----------------- Instantiating /home/travis/build/icyphy/ptII/ptolemy/domains/sdf/test/auto/sdf_inside_de.xml
19 ms. Memory: 830464K Free: 763462K (92%)
----------------- Invoking toplevel() on ptolemy.moml.MoMLSimpleApplication@49d9be88
----------------- Done invoking toplevel() on ptolemy.moml.MoMLSimpleApplication@49d9be88
reloadAllAccessors: .sdf_inside_de
----------------- testing Thu May 03 01:03:16 UTC 2018 /home/travis/build/icyphy/ptII/ptolemy/domains/sdf/test/auto/sdf_inside_pn.xml
----------------- Instantiating /home/travis/build/icyphy/ptII/ptolemy/domains/sdf/test/auto/sdf_inside_pn.xml
44 ms. Memory: 830464K Free: 711064K (86%)
----------------- Invoking toplevel() on ptolemy.moml.MoMLSimpleApplication@6f0587a2
----------------- Done invoking toplevel() on ptolemy.moml.MoMLSimpleApplication@6f0587a2
reloadAllAccessors: .sdf_inside_pn
----------------- testing Thu May 03 01:03:16 UTC 2018 /home/travis/build/icyphy/ptII/ptolemy/domains/sdf/test/auto/sdf_sdf1.xml
----------------- Instantiating /home/travis/build/icyphy/ptII/ptolemy/domains/sdf/test/auto/sdf_sdf1.xml
4 ms. Memory: 830464K Free: 696093K (84%)
----------------- Invoking toplevel() on ptolemy.moml.MoMLSimpleApplication@15c2ee43
----------------- Done invoking toplevel() on ptolemy.moml.MoMLSimpleApplication@15c2ee43
reloadAllAccessors: .sdf_sdf1
----------------- testing Thu May 03 01:03:16 UTC 2018 /home/travis/build/icyphy/ptII/ptolemy/domains/sdf/test/auto/test1.xml
----------------- Instantiating /home/travis/build/icyphy/ptII/ptolemy/domains/sdf/test/auto/test1.xml
3 ms. Memory: 830464K Free: 681122K (82%)
----------------- Invoking toplevel() on ptolemy.moml.MoMLSimpleApplication@1fd8d045
----------------- Done invoking toplevel() on ptolemy.moml.MoMLSimpleApplication@1fd8d045
reloadAllAccessors: .test1
----------------- testing Thu May 03 01:03:16 UTC 2018 /home/travis/build/icyphy/ptII/ptolemy/domains/sdf/test/auto/time1.xml
----------------- Instantiating /home/travis/build/icyphy/ptII/ptolemy/domains/sdf/test/auto/time1.xml
2 ms. Memory: 830464K Free: 664153K (80%)
----------------- Invoking toplevel() on ptolemy.moml.MoMLSimpleApplication@145da696
----------------- Done invoking toplevel() on ptolemy.moml.MoMLSimpleApplication@145da696
reloadAllAccessors: .time1
----------------- testing Thu May 03 01:03:16 UTC 2018 /home/travis/build/icyphy/ptII/ptolemy/domains/sdf/test/auto/time2.xml
----------------- Instantiating /home/travis/build/icyphy/ptII/ptolemy/domains/sdf/test/auto/time2.xml
2 ms. Memory: 830464K Free: 649182K (78%)
----------------- Invoking toplevel() on ptolemy.moml.MoMLSimpleApplication@1b9f4dc4
----------------- Done invoking toplevel() on ptolemy.moml.MoMLSimpleApplication@1b9f4dc4
reloadAllAccessors: .time2
----------------- testing Thu May 03 01:03:16 UTC 2018 /home/travis/build/icyphy/ptII/ptolemy/domains/sdf/test/auto/time3.xml
----------------- Instantiating /home/travis/build/icyphy/ptII/ptolemy/domains/sdf/test/auto/time3.xml
7 ms. Memory: 830464K Free: 634211K (76%)
----------------- Invoking toplevel() on ptolemy.moml.MoMLSimpleApplication@3cb1ec15
----------------- Done invoking toplevel() on ptolemy.moml.MoMLSimpleApplication@3cb1ec15
reloadAllAccessors: .time3
----------------- testing Thu May 03 01:03:16 UTC 2018 /home/travis/build/icyphy/ptII/ptolemy/domains/sdf/test/auto/time4.xml
----------------- Instantiating /home/travis/build/icyphy/ptII/ptolemy/domains/sdf/test/auto/time4.xml
4 ms. Memory: 830464K Free: 619240K (75%)
----------------- Invoking toplevel() on ptolemy.moml.MoMLSimpleApplication@2e0eeafe
----------------- Done invoking toplevel() on ptolemy.moml.MoMLSimpleApplication@2e0eeafe
reloadAllAccessors: .time4
----------------- testing Thu May 03 01:03:16 UTC 2018 /home/travis/build/icyphy/ptII/ptolemy/domains/sdf/test/auto/time5.xml
----------------- Instantiating /home/travis/build/icyphy/ptII/ptolemy/domains/sdf/test/auto/time5.xml
4002 ms. Memory: 830464K Free: 604269K (73%)
----------------- Invoking toplevel() on ptolemy.moml.MoMLSimpleApplication@5144200c
----------------- Done invoking toplevel() on ptolemy.moml.MoMLSimpleApplication@5144200c
reloadAllAccessors: .time5
----------------- testing Thu May 03 01:03:20 UTC 2018 /home/travis/build/icyphy/ptII/ptolemy/domains/sdf/test/auto/typeSystem_Const_Integer_smallest_Type.xml
----------------- Instantiating /home/travis/build/icyphy/ptII/ptolemy/domains/sdf/test/auto/typeSystem_Const_Integer_smallest_Type.xml
5 ms. Memory: 830464K Free: 587301K (71%)
----------------- Invoking toplevel() on ptolemy.moml.MoMLSimpleApplication@12a08c5b
----------------- Done invoking toplevel() on ptolemy.moml.MoMLSimpleApplication@12a08c5b
reloadAllAccessors: .typeSystem_Const_Integer_smallest_Type
----------------- testing Thu May 03 01:03:20 UTC 2018 /home/travis/build/icyphy/ptII/ptolemy/domains/sdf/test/auto/typeSystem_declared_Inports_OutportTypeException.xml
----------------- Instantiating /home/travis/build/icyphy/ptII/ptolemy/domains/sdf/test/auto/typeSystem_declared_Inports_OutportTypeException.xml
.typeSystem_declared_Inports_OutportTypeException.TestExceptionAttribute: initialize() was not invoked, but wrapup() was.  This is unusual, but not always a problem.  For example, exporting JNLP will do this.
2 ms. Memory: 830464K Free: 572330K (69%)
----------------- Invoking toplevel() on ptolemy.moml.MoMLSimpleApplication@19090e2a
----------------- Done invoking toplevel() on ptolemy.moml.MoMLSimpleApplication@19090e2a
reloadAllAccessors: .typeSystem_declared_Inports_OutportTypeException
----------------- testing Thu May 03 01:03:20 UTC 2018 /home/travis/build/icyphy/ptII/ptolemy/domains/sdf/test/auto/typeSystem_oneDeclaredInportType_wrongTypeOutport.xml
----------------- Instantiating /home/travis/build/icyphy/ptII/ptolemy/domains/sdf/test/auto/typeSystem_oneDeclaredInportType_wrongTypeOutport.xml
3 ms. Memory: 830464K Free: 557359K (67%)
----------------- Invoking toplevel() on ptolemy.moml.MoMLSimpleApplication@e7f62fa
----------------- Done invoking toplevel() on ptolemy.moml.MoMLSimpleApplication@e7f62fa
reloadAllAccessors: .typeSystem_oneDeclaredInportType_wrongTypeOutport
----------------- testing Thu May 03 01:03:20 UTC 2018 /home/travis/build/icyphy/ptII/ptolemy/domains/sdf/test/auto/width.xml
----------------- Instantiating /home/travis/build/icyphy/ptII/ptolemy/domains/sdf/test/auto/width.xml
2 ms. Memory: 830464K Free: 542388K (65%)
----------------- Invoking toplevel() on ptolemy.moml.MoMLSimpleApplication@68bcf9aa
----------------- Done invoking toplevel() on ptolemy.moml.MoMLSimpleApplication@68bcf9aa
reloadAllAccessors: .width
----------------- testing Thu May 03 01:03:20 UTC 2018 /home/travis/build/icyphy/ptII/ptolemy/domains/sdf/test/auto/width2.xml
----------------- Instantiating /home/travis/build/icyphy/ptII/ptolemy/domains/sdf/test/auto/width2.xml
24 ms. Memory: 830464K Free: 527417K (64%)
----------------- Invoking toplevel() on ptolemy.moml.MoMLSimpleApplication@3b7b37f2
----------------- Done invoking toplevel() on ptolemy.moml.MoMLSimpleApplication@3b7b37f2
reloadAllAccessors: .width2
----------------- testing Thu May 03 01:03:20 UTC 2018 /home/travis/build/icyphy/ptII/ptolemy/domains/sdf/test/auto/width3.xml
----------------- Instantiating /home/travis/build/icyphy/ptII/ptolemy/domains/sdf/test/auto/width3.xml
25 ms. Memory: 830464K Free: 512446K (62%)
----------------- Invoking toplevel() on ptolemy.moml.MoMLSimpleApplication@32da9dd8
----------------- Done invoking toplevel() on ptolemy.moml.MoMLSimpleApplication@32da9dd8
reloadAllAccessors: .width3
AutoTests.java: About to close Vertx.
AutoTests.java: Vertx closed.
]]></system-out>
  <system-err><![CDATA[java.lang.RuntimeException: Execution failed
	at ptolemy.moml.MoMLSimpleApplication$UnloadThread.run(MoMLSimpleApplication.java:402)
Caused by: ptolemy.actor.sched.NotSchedulableException: No solution exists for the balance equations.
Graph is not consistent under the SDF domain detected on external port .rateConsistency.actor.port2
  in .rateConsistency.SDF Director.Scheduler
	at ptolemy.domains.sdf.kernel.SDFScheduler._propagatePort(SDFScheduler.java:1425)
	at ptolemy.domains.sdf.kernel.SDFScheduler._solveBalanceEquations(SDFScheduler.java:710)
	at ptolemy.domains.sdf.kernel.SDFScheduler._getSchedule(SDFScheduler.java:566)
	at ptolemy.actor.sched.Scheduler.getSchedule(Scheduler.java:189)
	at ptolemy.domains.sdf.kernel.SDFDirector.createSchedule(SDFDirector.java:408)
	at ptolemy.domains.sdf.kernel.SDFDirector.preinitialize(SDFDirector.java:764)
	at ptolemy.actor.CompositeActor.preinitialize(CompositeActor.java:1828)
	at ptolemy.actor.Manager.preinitializeAndResolveTypes(Manager.java:1040)
	at ptolemy.actor.Manager.initialize(Manager.java:710)
	at ptolemy.actor.Manager.execute(Manager.java:356)
	at ptolemy.actor.Manager.run(Manager.java:1263)
	at ptolemy.actor.Manager$PtolemyRunThread.run(Manager.java:1915)
java.lang.RuntimeException: Execution failed
	at ptolemy.moml.MoMLSimpleApplication$UnloadThread.run(MoMLSimpleApplication.java:402)
Caused by: ptolemy.kernel.util.IllegalActionException: Failed to compute schedule:
  in .badRateChanges.typed composite actor.SDF Director
Because:
The SDF rate parameter may change. This is not allowed in SDF models that will be run through the code generator.  If you don't care about code generation, then you might consider setting the allowRateChanges parameter of the SDF director to false.
  in .badRateChanges.typed composite actor.Repeat.output.tokenProductionRate
	at ptolemy.domains.sdf.kernel.SDFDirector.createSchedule(SDFDirector.java:418)
	at ptolemy.domains.sdf.kernel.SDFDirector.preinitialize(SDFDirector.java:764)
	at ptolemy.actor.CompositeActor.preinitialize(CompositeActor.java:1828)
	at ptolemy.actor.Director.preinitialize(Director.java:1302)
	at ptolemy.actor.Director.preinitialize(Director.java:1257)
	at ptolemy.domains.sdf.kernel.SDFDirector.preinitialize(SDFDirector.java:763)
	at ptolemy.actor.CompositeActor.preinitialize(CompositeActor.java:1828)
	at ptolemy.actor.Manager.preinitializeAndResolveTypes(Manager.java:1040)
	at ptolemy.actor.Manager.initialize(Manager.java:710)
	at ptolemy.actor.Manager.execute(Manager.java:356)
	at ptolemy.actor.Manager.run(Manager.java:1263)
	at ptolemy.actor.Manager$PtolemyRunThread.run(Manager.java:1915)
Caused by: ptolemy.kernel.util.IllegalActionException: The SDF rate parameter may change. This is not allowed in SDF models that will be run through the code generator.  If you don't care about code generation, then you might consider setting the allowRateChanges parameter of the SDF director to false.
  in .badRateChanges.typed composite actor.Repeat.output.tokenProductionRate
	at ptolemy.domains.sdf.kernel.SDFScheduler._assertDynamicRateVariable(SDFScheduler.java:931)
	at ptolemy.domains.sdf.kernel.SDFScheduler._checkDynamicRateVariables(SDFScheduler.java:339)
	at ptolemy.domains.sdf.kernel.SDFScheduler._getSchedule(SDFScheduler.java:527)
	at ptolemy.actor.sched.Scheduler.getSchedule(Scheduler.java:189)
	at ptolemy.domains.sdf.kernel.SDFDirector.createSchedule(SDFDirector.java:408)
	... 11 more
java.lang.RuntimeException: Execution failed
	at ptolemy.moml.MoMLSimpleApplication$UnloadThread.run(MoMLSimpleApplication.java:402)
Caused by: ptolemy.kernel.util.IllegalActionException: Failed to compute schedule:
  in .badRateChanges2.typed composite actor.SDF Director
Because:
The SDF rate parameter may change. This is not allowed in SDF models that will be run through the code generator.  If you don't care about code generation, then you might consider setting the allowRateChanges parameter of the SDF director to false.
  in .badRateChanges2.typed composite actor.Repeat.output.tokenProductionRate
	at ptolemy.domains.sdf.kernel.SDFDirector.createSchedule(SDFDirector.java:418)
	at ptolemy.domains.sdf.kernel.SDFDirector.preinitialize(SDFDirector.java:764)
	at ptolemy.actor.CompositeActor.preinitialize(CompositeActor.java:1828)
	at ptolemy.actor.Director.preinitialize(Director.java:1302)
	at ptolemy.actor.Director.preinitialize(Director.java:1257)
	at ptolemy.domains.sdf.kernel.SDFDirector.preinitialize(SDFDirector.java:763)
	at ptolemy.actor.CompositeActor.preinitialize(CompositeActor.java:1828)
	at ptolemy.actor.Manager.preinitializeAndResolveTypes(Manager.java:1040)
	at ptolemy.actor.Manager.initialize(Manager.java:710)
	at ptolemy.actor.Manager.execute(Manager.java:356)
	at ptolemy.actor.Manager.run(Manager.java:1263)
	at ptolemy.actor.Manager$PtolemyRunThread.run(Manager.java:1915)
Caused by: ptolemy.kernel.util.IllegalActionException: The SDF rate parameter may change. This is not allowed in SDF models that will be run through the code generator.  If you don't care about code generation, then you might consider setting the allowRateChanges parameter of the SDF director to false.
  in .badRateChanges2.typed composite actor.Repeat.output.tokenProductionRate
	at ptolemy.domains.sdf.kernel.SDFScheduler._assertDynamicRateVariable(SDFScheduler.java:931)
	at ptolemy.domains.sdf.kernel.SDFScheduler._checkDynamicRateVariables(SDFScheduler.java:339)
	at ptolemy.domains.sdf.kernel.SDFScheduler._getSchedule(SDFScheduler.java:527)
	at ptolemy.actor.sched.Scheduler.getSchedule(Scheduler.java:189)
	at ptolemy.domains.sdf.kernel.SDFDirector.createSchedule(SDFDirector.java:408)
	... 11 more
java.lang.RuntimeException: Execution failed
	at ptolemy.moml.MoMLSimpleApplication$UnloadThread.run(MoMLSimpleApplication.java:402)
Caused by: ptolemy.actor.sched.NotSchedulableException: Actors remain that cannot be scheduled!

There are several possible reasons:
* SDF Graphs with feedback loops should have an actor with a delay in the loop, such as a SampleDelay.
* The SDF director has an "allowDisconnectedGraphs"parameter, which, when true, permits disconnected SDF graphs.
* The token consumption rate and production rates might be mismatched.
Usually, actors produce one token or consume one token on a port.  To produce or consume multiple tokens per firing, add a "tokenConsumptionRate" or "tokenProductionRate" parameter to the appropriate port.
Unscheduled actors:
.partiallyConnected.Const2 
Scheduled actors:
.partiallyConnected.Const 
  in .partiallyConnected.SDF Director.Scheduler
	at ptolemy.domains.sdf.kernel.SDFScheduler._scheduleConnectedActors(SDFScheduler.java:1828)
	at ptolemy.domains.sdf.kernel.SDFScheduler._getSchedule(SDFScheduler.java:587)
	at ptolemy.actor.sched.Scheduler.getSchedule(Scheduler.java:189)
	at ptolemy.domains.sdf.kernel.SDFDirector.createSchedule(SDFDirector.java:408)
	at ptolemy.domains.sdf.kernel.SDFDirector.preinitialize(SDFDirector.java:764)
	at ptolemy.actor.CompositeActor.preinitialize(CompositeActor.java:1828)
	at ptolemy.actor.Manager.preinitializeAndResolveTypes(Manager.java:1040)
	at ptolemy.actor.Manager.initialize(Manager.java:710)
	at ptolemy.actor.Manager.execute(Manager.java:356)
	at ptolemy.actor.Manager.run(Manager.java:1263)
	at ptolemy.actor.Manager$PtolemyRunThread.run(Manager.java:1915)
]]></system-err>
</testsuite>
