<?xml version="1.0" encoding="UTF-8" ?>
<testsuite errors="0" failures="0" hostname="travis-job-deb48025-fc87-41b3-ac60-d81164da0bec" name="ptolemy.domains.de.test.junit.JUnitTclTest" skipped="0" tests="101" time="123.825" timestamp="2018-05-07T01:01:39">
  <properties>
[...]
</properties>
  <testcase classname="ptolemy.util.test.junit.TclTests" name="[0] /home/travis/build/icyphy/ptII/ptolemy/domains/de/test/DependencyLoop.tcl (RunTclFile)" time="0.669" />
  <testcase classname="ptolemy.util.test.junit.TclTests" name="[1] /home/travis/build/icyphy/ptII/ptolemy/domains/de/test/RunDETestsAsQSS.tcl (RunTclFile)" time="84.899" />
  <testcase classname="ptolemy.util.test.junit.AutoKnownFailedTests" name="[0] /home/travis/build/icyphy/ptII/ptolemy/domains/de/test/auto/knownFailedTests/DESDFClockTest.xml (RunModel)" time="2.02" />
  <testcase classname="ptolemy.util.test.junit.AutoKnownFailedTests" name="[1] /home/travis/build/icyphy/ptII/ptolemy/domains/de/test/auto/knownFailedTests/DirectFeedback.xml (RunModel)" time="0.016" />
  <testcase classname="ptolemy.util.test.junit.AutoKnownFailedTests" name="[2] /home/travis/build/icyphy/ptII/ptolemy/domains/de/test/auto/knownFailedTests/FSMSource.xml (RunModel)" time="0.012" />
  <testcase classname="ptolemy.util.test.junit.AutoKnownFailedTests" name="[3] /home/travis/build/icyphy/ptII/ptolemy/domains/de/test/auto/knownFailedTests/HierarchicalModel.xml (RunModel)" time="0.025" />
  <testcase classname="ptolemy.util.test.junit.AutoKnownFailedTests" name="[4] /home/travis/build/icyphy/ptII/ptolemy/domains/de/test/auto/knownFailedTests/dependencyLoop.xml (RunModel)" time="0.025" />
  <testcase classname="ptolemy.util.test.junit.AutoKnownFailedTests" name="[5] /home/travis/build/icyphy/ptII/ptolemy/domains/de/test/auto/knownFailedTests/dependencyLoop2.xml (RunModel)" time="0.039" />
  <testcase classname="ptolemy.util.test.junit.AutoNameArchTests" name="[0] ThereAreNoAutoTests (RunModel)" time="0.001" />
  <testcase classname="ptolemy.util.test.junit.AutoTests" name="[0] /home/travis/build/icyphy/ptII/ptolemy/domains/de/test/auto/ActorDepthCalculation_actorWithoutPorts.xml (RunModel)" time="0.013" />
  <testcase classname="ptolemy.util.test.junit.AutoTests" name="[1] /home/travis/build/icyphy/ptII/ptolemy/domains/de/test/auto/AssemblyLine.xml (RunModel)" time="0.012" />
  <testcase classname="ptolemy.util.test.junit.AutoTests" name="[2] /home/travis/build/icyphy/ptII/ptolemy/domains/de/test/auto/CQBug1.xml (RunModel)" time="0.007" />
  <testcase classname="ptolemy.util.test.junit.AutoTests" name="[3] /home/travis/build/icyphy/ptII/ptolemy/domains/de/test/auto/CancelFireAt.xml (RunModel)" time="0.007" />
  <testcase classname="ptolemy.util.test.junit.AutoTests" name="[4] /home/travis/build/icyphy/ptII/ptolemy/domains/de/test/auto/CausalityAndComposabilityAnalysis.xml (RunModel)" time="0.01" />
  <testcase classname="ptolemy.util.test.junit.AutoTests" name="[5] /home/travis/build/icyphy/ptII/ptolemy/domains/de/test/auto/CausalityInterface1.xml (RunModel)" time="0.009" />
  <testcase classname="ptolemy.util.test.junit.AutoTests" name="[6] /home/travis/build/icyphy/ptII/ptolemy/domains/de/test/auto/CausalityInterface15.xml (RunModel)" time="0.01" />
  <testcase classname="ptolemy.util.test.junit.AutoTests" name="[7] /home/travis/build/icyphy/ptII/ptolemy/domains/de/test/auto/CausalityInterface2.xml (RunModel)" time="0.014" />
  <testcase classname="ptolemy.util.test.junit.AutoTests" name="[8] /home/travis/build/icyphy/ptII/ptolemy/domains/de/test/auto/CausalityInterface3.xml (RunModel)" time="0.01" />
  <testcase classname="ptolemy.util.test.junit.AutoTests" name="[9] /home/travis/build/icyphy/ptII/ptolemy/domains/de/test/auto/ClockDrift.xml (RunModel)" time="0.033" />
  <testcase classname="ptolemy.util.test.junit.AutoTests" name="[10] /home/travis/build/icyphy/ptII/ptolemy/domains/de/test/auto/ClockDriftAndValueChange.xml (RunModel)" time="0.026" />
  <testcase classname="ptolemy.util.test.junit.AutoTests" name="[11] /home/travis/build/icyphy/ptII/ptolemy/domains/de/test/auto/ClockDriftChange.xml (RunModel)" time="0.021" />
  <testcase classname="ptolemy.util.test.junit.AutoTests" name="[12] /home/travis/build/icyphy/ptII/ptolemy/domains/de/test/auto/ComposableCausalityAnalysis.xml (RunModel)" time="0.014" />
  <testcase classname="ptolemy.util.test.junit.AutoTests" name="[13] /home/travis/build/icyphy/ptII/ptolemy/domains/de/test/auto/DEFixedPointLimitation.xml (RunModel)" time="0.006" />
  <testcase classname="ptolemy.util.test.junit.AutoTests" name="[14] /home/travis/build/icyphy/ptII/ptolemy/domains/de/test/auto/DEScheduleTest.xml (RunModel)" time="0.022" />
  <testcase classname="ptolemy.util.test.junit.AutoTests" name="[15] /home/travis/build/icyphy/ptII/ptolemy/domains/de/test/auto/DEinDEwithStartTimes.xml (RunModel)" time="0.009" />
  <testcase classname="ptolemy.util.test.junit.AutoTests" name="[16] /home/travis/build/icyphy/ptII/ptolemy/domains/de/test/auto/DEinDEwithStartTimes2.xml (RunModel)" time="0.009" />
  <testcase classname="ptolemy.util.test.junit.AutoTests" name="[17] /home/travis/build/icyphy/ptII/ptolemy/domains/de/test/auto/DateDemo.xml (RunModel)" time="0.017" />
  <testcase classname="ptolemy.util.test.junit.AutoTests" name="[18] /home/travis/build/icyphy/ptII/ptolemy/domains/de/test/auto/DateToEvent.xml (RunModel)" time="2.026" />
  <testcase classname="ptolemy.util.test.junit.AutoTests" name="[19] /home/travis/build/icyphy/ptII/ptolemy/domains/de/test/auto/DepthTest1.xml (RunModel)" time="0.005" />
  <testcase classname="ptolemy.util.test.junit.AutoTests" name="[20] /home/travis/build/icyphy/ptII/ptolemy/domains/de/test/auto/DepthTest2.xml (RunModel)" time="0.01" />
  <testcase classname="ptolemy.util.test.junit.AutoTests" name="[21] /home/travis/build/icyphy/ptII/ptolemy/domains/de/test/auto/DepthTest3.xml (RunModel)" time="0.004" />
  <testcase classname="ptolemy.util.test.junit.AutoTests" name="[22] /home/travis/build/icyphy/ptII/ptolemy/domains/de/test/auto/DepthTest4.xml (RunModel)" time="0.007" />
  <testcase classname="ptolemy.util.test.junit.AutoTests" name="[23] /home/travis/build/icyphy/ptII/ptolemy/domains/de/test/auto/DepthTest5.xml (RunModel)" time="0.011" />
  <testcase classname="ptolemy.util.test.junit.AutoTests" name="[24] /home/travis/build/icyphy/ptII/ptolemy/domains/de/test/auto/DepthTest6.xml (RunModel)" time="0.008" />
  <testcase classname="ptolemy.util.test.junit.AutoTests" name="[25] /home/travis/build/icyphy/ptII/ptolemy/domains/de/test/auto/DepthTest7.xml (RunModel)" time="0.011" />
  <testcase classname="ptolemy.util.test.junit.AutoTests" name="[26] /home/travis/build/icyphy/ptII/ptolemy/domains/de/test/auto/EventToDate.xml (RunModel)" time="3.022" />
  <testcase classname="ptolemy.util.test.junit.AutoTests" name="[27] /home/travis/build/icyphy/ptII/ptolemy/domains/de/test/auto/FSM1.xml (RunModel)" time="0.027" />
  <testcase classname="ptolemy.util.test.junit.AutoTests" name="[28] /home/travis/build/icyphy/ptII/ptolemy/domains/de/test/auto/FSM7.xml (RunModel)" time="0.029" />
  <testcase classname="ptolemy.util.test.junit.AutoTests" name="[29] /home/travis/build/icyphy/ptII/ptolemy/domains/de/test/auto/Inspection.xml (RunModel)" time="0.034" />
  <testcase classname="ptolemy.util.test.junit.AutoTests" name="[30] /home/travis/build/icyphy/ptII/ptolemy/domains/de/test/auto/Iteration.xml (RunModel)" time="0.012" />
  <testcase classname="ptolemy.util.test.junit.AutoTests" name="[31] /home/travis/build/icyphy/ptII/ptolemy/domains/de/test/auto/LineFault.xml (RunModel)" time="0.386" />
  <testcase classname="ptolemy.util.test.junit.AutoTests" name="[32] /home/travis/build/icyphy/ptII/ptolemy/domains/de/test/auto/MergeModel1Add.xml (RunModel)" time="0.03" />
  <testcase classname="ptolemy.util.test.junit.AutoTests" name="[33] /home/travis/build/icyphy/ptII/ptolemy/domains/de/test/auto/MergeModel2Add.xml (RunModel)" time="0.023" />
  <testcase classname="ptolemy.util.test.junit.AutoTests" name="[34] /home/travis/build/icyphy/ptII/ptolemy/domains/de/test/auto/MergeModel3Add.xml (RunModel)" time="0.028" />
  <testcase classname="ptolemy.util.test.junit.AutoTests" name="[35] /home/travis/build/icyphy/ptII/ptolemy/domains/de/test/auto/MergeWithoutDiscard.xml (RunModel)" time="0.006" />
  <testcase classname="ptolemy.util.test.junit.AutoTests" name="[36] /home/travis/build/icyphy/ptII/ptolemy/domains/de/test/auto/Modal1.xml (RunModel)" time="0.019" />
  <testcase classname="ptolemy.util.test.junit.AutoTests" name="[37] /home/travis/build/icyphy/ptII/ptolemy/domains/de/test/auto/Modal2.xml (RunModel)" time="0.02" />
  <testcase classname="ptolemy.util.test.junit.AutoTests" name="[38] /home/travis/build/icyphy/ptII/ptolemy/domains/de/test/auto/Modal3.xml (RunModel)" time="0.019" />
  <testcase classname="ptolemy.util.test.junit.AutoTests" name="[39] /home/travis/build/icyphy/ptII/ptolemy/domains/de/test/auto/Modal4.xml (RunModel)" time="0.019" />
  <testcase classname="ptolemy.util.test.junit.AutoTests" name="[40] /home/travis/build/icyphy/ptII/ptolemy/domains/de/test/auto/Modal5.xml (RunModel)" time="0.018" />
  <testcase classname="ptolemy.util.test.junit.AutoTests" name="[41] /home/travis/build/icyphy/ptII/ptolemy/domains/de/test/auto/Modal6.xml (RunModel)" time="0.022" />
  <testcase classname="ptolemy.util.test.junit.AutoTests" name="[42] /home/travis/build/icyphy/ptII/ptolemy/domains/de/test/auto/Modal7.xml (RunModel)" time="0.017" />
  <testcase classname="ptolemy.util.test.junit.AutoTests" name="[43] /home/travis/build/icyphy/ptII/ptolemy/domains/de/test/auto/ModalModel.xml (RunModel)" time="0.107" />
  <testcase classname="ptolemy.util.test.junit.AutoTests" name="[44] /home/travis/build/icyphy/ptII/ptolemy/domains/de/test/auto/ModalSource.xml (RunModel)" time="0.016" />
  <testcase classname="ptolemy.util.test.junit.AutoTests" name="[45] /home/travis/build/icyphy/ptII/ptolemy/domains/de/test/auto/NonInterruptibleTimerZeroDelay.xml (RunModel)" time="0.007" />
  <testcase classname="ptolemy.util.test.junit.AutoTests" name="[46] /home/travis/build/icyphy/ptII/ptolemy/domains/de/test/auto/OpenQueueingNetwork.xml (RunModel)" time="1.908" />
  <testcase classname="ptolemy.util.test.junit.AutoTests" name="[47] /home/travis/build/icyphy/ptII/ptolemy/domains/de/test/auto/OpenQueuingNetwork.xml (RunModel)" time="0.259" />
  <testcase classname="ptolemy.util.test.junit.AutoTests" name="[48] /home/travis/build/icyphy/ptII/ptolemy/domains/de/test/auto/PeriodicSampler.xml (RunModel)" time="0.006" />
  <testcase classname="ptolemy.util.test.junit.AutoTests" name="[49] /home/travis/build/icyphy/ptII/ptolemy/domains/de/test/auto/PersistentIO.xml (RunModel)" time="0.015" />
  <testcase classname="ptolemy.util.test.junit.AutoTests" name="[50] /home/travis/build/icyphy/ptII/ptolemy/domains/de/test/auto/PortParameterResetOnInitialize.xml (RunModel)" time="0.007" />
  <testcase classname="ptolemy.util.test.junit.AutoTests" name="[51] /home/travis/build/icyphy/ptII/ptolemy/domains/de/test/auto/PortParameterUpdates.xml (RunModel)" time="0.012" />
  <testcase classname="ptolemy.util.test.junit.AutoTests" name="[52] /home/travis/build/icyphy/ptII/ptolemy/domains/de/test/auto/QueueAndServer.xml (RunModel)" time="0.019" />
  <testcase classname="ptolemy.util.test.junit.AutoTests" name="[53] /home/travis/build/icyphy/ptII/ptolemy/domains/de/test/auto/Records.xml (RunModel)" time="0.012" />
  <testcase classname="ptolemy.util.test.junit.AutoTests" name="[54] /home/travis/build/icyphy/ptII/ptolemy/domains/de/test/auto/ResetTransitionWithStartTime1.xml (RunModel)" time="0.023" />
  <testcase classname="ptolemy.util.test.junit.AutoTests" name="[55] /home/travis/build/icyphy/ptII/ptolemy/domains/de/test/auto/ResetTransitionWithStartTime2.xml (RunModel)" time="0.016" />
  <testcase classname="ptolemy.util.test.junit.AutoTests" name="[56] /home/travis/build/icyphy/ptII/ptolemy/domains/de/test/auto/ResetTransitionWithStartTime3.xml (RunModel)" time="0.017" />
  <testcase classname="ptolemy.util.test.junit.AutoTests" name="[57] /home/travis/build/icyphy/ptII/ptolemy/domains/de/test/auto/ResetTransitionWithStartTime4.xml (RunModel)" time="0.015" />
  <testcase classname="ptolemy.util.test.junit.AutoTests" name="[58] /home/travis/build/icyphy/ptII/ptolemy/domains/de/test/auto/ResettableTimer1.xml (RunModel)" time="0.009" />
  <testcase classname="ptolemy.util.test.junit.AutoTests" name="[59] /home/travis/build/icyphy/ptII/ptolemy/domains/de/test/auto/ResettableTimer2.xml (RunModel)" time="0.008" />
  <testcase classname="ptolemy.util.test.junit.AutoTests" name="[60] /home/travis/build/icyphy/ptII/ptolemy/domains/de/test/auto/ResettableTimer3.xml (RunModel)" time="0.007" />
  <testcase classname="ptolemy.util.test.junit.AutoTests" name="[61] /home/travis/build/icyphy/ptII/ptolemy/domains/de/test/auto/ResettableTimer4.xml (RunModel)" time="0.008" />
  <testcase classname="ptolemy.util.test.junit.AutoTests" name="[62] /home/travis/build/icyphy/ptII/ptolemy/domains/de/test/auto/ResettableTimer5.xml (RunModel)" time="0.008" />
  <testcase classname="ptolemy.util.test.junit.AutoTests" name="[63] /home/travis/build/icyphy/ptII/ptolemy/domains/de/test/auto/ResettableTimer6.xml (RunModel)" time="0.015" />
  <testcase classname="ptolemy.util.test.junit.AutoTests" name="[64] /home/travis/build/icyphy/ptII/ptolemy/domains/de/test/auto/ServerZeroDelay.xml (RunModel)" time="0.011" />
  <testcase classname="ptolemy.util.test.junit.AutoTests" name="[65] /home/travis/build/icyphy/ptII/ptolemy/domains/de/test/auto/SmartSender.xml (RunModel)" time="3.007" />
  <testcase classname="ptolemy.util.test.junit.AutoTests" name="[66] /home/travis/build/icyphy/ptII/ptolemy/domains/de/test/auto/ThreadedComposite.xml (RunModel)" time="0.292" />
  <testcase classname="ptolemy.util.test.junit.AutoTests" name="[67] /home/travis/build/icyphy/ptII/ptolemy/domains/de/test/auto/Time.xml (RunModel)" time="0.435" />
  <testcase classname="ptolemy.util.test.junit.AutoTests" name="[68] /home/travis/build/icyphy/ptII/ptolemy/domains/de/test/auto/TimeDelayZeroDelay.xml (RunModel)" time="0.013" />
  <testcase classname="ptolemy.util.test.junit.AutoTests" name="[69] /home/travis/build/icyphy/ptII/ptolemy/domains/de/test/auto/TimerZeroDelay.xml (RunModel)" time="0.007" />
  <testcase classname="ptolemy.util.test.junit.AutoTests" name="[70] /home/travis/build/icyphy/ptII/ptolemy/domains/de/test/auto/TimingParadox.xml (RunModel)" time="0.345" />
  <testcase classname="ptolemy.util.test.junit.AutoTests" name="[71] /home/travis/build/icyphy/ptII/ptolemy/domains/de/test/auto/TransferInputs.xml (RunModel)" time="0.021" />
  <testcase classname="ptolemy.util.test.junit.AutoTests" name="[72] /home/travis/build/icyphy/ptII/ptolemy/domains/de/test/auto/TransferOutputs2.xml (RunModel)" time="0.02" />
  <testcase classname="ptolemy.util.test.junit.AutoTests" name="[73] /home/travis/build/icyphy/ptII/ptolemy/domains/de/test/auto/Trilateration.xml (RunModel)" time="10.942" />
  <testcase classname="ptolemy.util.test.junit.AutoTests" name="[74] /home/travis/build/icyphy/ptII/ptolemy/domains/de/test/auto/TwoSigmaDelta.xml (RunModel)" time="1.983" />
  <testcase classname="ptolemy.util.test.junit.AutoTests" name="[75] /home/travis/build/icyphy/ptII/ptolemy/domains/de/test/auto/VariableDelay.xml (RunModel)" time="0.009" />
  <testcase classname="ptolemy.util.test.junit.AutoTests" name="[76] /home/travis/build/icyphy/ptII/ptolemy/domains/de/test/auto/VariableDelay2.xml (RunModel)" time="0.008" />
  <testcase classname="ptolemy.util.test.junit.AutoTests" name="[77] /home/travis/build/icyphy/ptII/ptolemy/domains/de/test/auto/VariableDelayZeroDelay.xml (RunModel)" time="0.009" />
  <testcase classname="ptolemy.util.test.junit.AutoTests" name="[78] /home/travis/build/icyphy/ptII/ptolemy/domains/de/test/auto/VariableDelayZeroDelay2.xml (RunModel)" time="0.008" />
  <testcase classname="ptolemy.util.test.junit.AutoTests" name="[79] /home/travis/build/icyphy/ptII/ptolemy/domains/de/test/auto/deInCt.xml (RunModel)" time="0.012" />
  <testcase classname="ptolemy.util.test.junit.AutoTests" name="[80] /home/travis/build/icyphy/ptII/ptolemy/domains/de/test/auto/deInCt2.xml (RunModel)" time="0.021" />
  <testcase classname="ptolemy.util.test.junit.AutoTests" name="[81] /home/travis/build/icyphy/ptII/ptolemy/domains/de/test/auto/dynamicCausalityInterface1.xml (RunModel)" time="0.016" />
  <testcase classname="ptolemy.util.test.junit.AutoTests" name="[82] /home/travis/build/icyphy/ptII/ptolemy/domains/de/test/auto/fsm_de_test.xml (RunModel)" time="0.026" />
  <testcase classname="ptolemy.util.test.junit.AutoTests" name="[83] /home/travis/build/icyphy/ptII/ptolemy/domains/de/test/auto/functionDependencyReconstruction.xml (RunModel)" time="0.03" />
  <testcase classname="ptolemy.util.test.junit.AutoTests" name="[84] /home/travis/build/icyphy/ptII/ptolemy/domains/de/test/auto/multirate.xml (RunModel)" time="0.014" />
  <testcase classname="ptolemy.util.test.junit.AutoTests" name="[85] /home/travis/build/icyphy/ptII/ptolemy/domains/de/test/auto/multirate2.xml (RunModel)" time="0.013" />
  <testcase classname="ptolemy.util.test.junit.AutoTests" name="[86] /home/travis/build/icyphy/ptII/ptolemy/domains/de/test/auto/realtime.xml (RunModel)" time="10.011" />
  <testcase classname="ptolemy.util.test.junit.AutoTests" name="[87] /home/travis/build/icyphy/ptII/ptolemy/domains/de/test/auto/relationGroup.xml (RunModel)" time="0.009" />
  <testcase classname="ptolemy.util.test.junit.AutoTests" name="[88] /home/travis/build/icyphy/ptII/ptolemy/domains/de/test/auto/relationGroup2.xml (RunModel)" time="0.006" />
  <testcase classname="ptolemy.util.test.junit.AutoTests" name="[89] /home/travis/build/icyphy/ptII/ptolemy/domains/de/test/auto/sortWithOpaquePorts.xml (RunModel)" time="0.007" />
  <testcase classname="ptolemy.util.test.junit.AutoTests" name="[90] /home/travis/build/icyphy/ptII/ptolemy/domains/de/test/auto/transferInputsandOutputs.xml (RunModel)" time="0.029" />
  <testcase classname="ptolemy.util.test.junit.AutoTests" name="[91] /home/travis/build/icyphy/ptII/ptolemy/domains/de/test/auto/triggerType.xml (RunModel)" time="0.008" />
  <system-out><![CDATA[/home/travis/build/icyphy/ptII/ptolemy/domains/de/test/DependencyLoop.tcl
testDefs.tcl: setting time out to 9000 seconds at Mon May 07 01:01:39 UTC 2018
14 ms. Memory: 116224K Free: 95003K (82%)
6 ms. Memory: 146944K Free: 137836K (94%)
/home/travis/build/icyphy/ptII/ptolemy/domains/de/test/RunDETestsAsQSS.tcl
Run the DE tests using ptolemy.domains.qss.test.QSSDirectorTest, which extends QSSDirector and prints a message in the constructors.
------------------ testing $PTII/ptolemy/domains/de/test/auto/knownFailedTests/dependencyLoop.xml (Known Failure) 
6 ms. Memory: 146944K Free: 133561K (91%)


==== $PTIIhome/travis/build/icyphy/ptII/ptolemy/domains/de/test/../../../../: Auto Automatic test in file $PTII/ptolemy/domains/de/test/auto/knownFailedTests/dependencyLoop.xml
==== Contents of test case:

	    # FIXME: we should use $relativeFilename here, but it
	    # might have backslashes under Windows, which causes no end
	    # of trouble.
	    createAndExecute $file
	    list {}
	
.... Test generated KNOWN error:
    while executing
ptolemy.kernel.util.IllegalActionException: Found a zero delay loop containing .dependencyLoop.original
  in .dependencyLoop and .dependencyLoop.original
	at ptolemy.actor.util.CausalityInterfaceForComposites._computeOutputPortDepth(CausalityInterfaceForComposites.java:759)
	at ptolemy.actor.util.CausalityInterfaceForComposites._computeInputDepth(CausalityInterfaceForComposites.java:696)
	at ptolemy.actor.util.CausalityInterfaceForComposites._computeOutputPortDepth(CausalityInterfaceForComposites.java:765)
	at ptolemy.actor.util.CausalityInterfaceForComposites._computeInputDepth(CausalityInterfaceForComposites.java:696)
	at ptolemy.actor.util.CausalityInterfaceForComposites._computeOutputPortDepth(CausalityInterfaceForComposites.java:765)
	at ptolemy.actor.util.CausalityInterfaceForComposites._computeInputDepth(CausalityInterfaceForComposites.java:696)
	at ptolemy.actor.util.CausalityInterfaceForComposites._computeActorDepth(CausalityInterfaceForComposites.java:532)
	at ptolemy.actor.util.CausalityInterfaceForComposites.checkForCycles(CausalityInterfaceForComposites.java:96)
	at ptolemy.domains.de.kernel.DEDirector.preinitialize(DEDirector.java:1337)
	at ptolemy.actor.CompositeActor.preinitialize(CompositeActor.java:1828)
	at ptolemy.actor.Manager.preinitializeAndResolveTypes(Manager.java:1040)
	at ptolemy.actor.Manager.initialize(Manager.java:710)
	at ptolemy.actor.Manager.execute(Manager.java:356)
	at ptolemy.actor.Manager.run(Manager.java:1263)
	at ptolemy.actor.Manager$PtolemyRunThread.run(Manager.java:1915)

    while executing
ptolemy.kernel.util.IllegalActionException: Found a zero delay loop containing .dependencyLoop.original
  in .dependencyLoop and .dependencyLoop.original
    while executing
"java::new ptolemy.moml.MoMLSimpleApplication $file
"
    (procedure "createAndExecute" line 2)
    invoked from within
"createAndExecute $file"
    ("uplevel" body line 5)
    invoked from within
"uplevel $contents_of_test"
------------------ testing $PTII/ptolemy/domains/de/test/auto/knownFailedTests/DESDFClockTest.xml (Known Failure) 
2075 ms. Memory: 146944K Free: 117749K (80%)


==== $PTIIhome/travis/build/icyphy/ptII/ptolemy/domains/de/test/../../../../: Auto Automatic test in file $PTII/ptolemy/domains/de/test/auto/knownFailedTests/DESDFClockTest.xml
==== Contents of test case:

	    # FIXME: we should use $relativeFilename here, but it
	    # might have backslashes under Windows, which causes no end
	    # of trouble.
	    createAndExecute $file
	    list {}
	
.... Test generated KNOWN error:
    while executing
ptolemy.kernel.util.IllegalActionException: Actor is not ready to fire.  Perhaps UpSample.prefire() returned false? Try debugging the actor by selecting "Listen to Actor".  Also, for SDF check moml for tokenConsumptionRate on input.
  in .DESDFClockTest.Play Bell.Copy1:SDF Director and .DESDFClockTest.Play Bell.UpSample
	at ptolemy.actor.sched.StaticSchedulingDirector.fire(StaticSchedulingDirector.java:227)
	at ptolemy.domains.sdf.kernel.SDFDirector.fire(SDFDirector.java:500)
	at ptolemy.actor.CompositeActor.fire(CompositeActor.java:455)
	at ptolemy.domains.de.kernel.DEDirector._fire(DEDirector.java:1948)
	at ptolemy.domains.de.kernel.DEDirector.fire(DEDirector.java:502)
	at ptolemy.actor.CompositeActor.fire(CompositeActor.java:455)
	at ptolemy.actor.Manager.iterate(Manager.java:851)
	at ptolemy.actor.Manager.execute(Manager.java:369)
	at ptolemy.actor.Manager.run(Manager.java:1263)
	at ptolemy.actor.Manager$PtolemyRunThread.run(Manager.java:1915)

    while executing
ptolemy.kernel.util.IllegalActionException: Actor is not ready to fire.  Perhaps UpSample.prefire() returned false? Try debugging the actor by selecting "Listen to Actor".  Also, for SDF check moml for tokenConsumptionRate on input.
  in .DESDFClockTest.Play Bell.Copy1:SDF Director and .DESDFClockTest.Play Bell.UpSample
    while executing
"java::new ptolemy.moml.MoMLSimpleApplication $file
"
    (procedure "createAndExecute" line 2)
    invoked from within
"createAndExecute $file"
    ("uplevel" body line 5)
    invoked from within
"uplevel $contents_of_test"
------------------ testing $PTII/ptolemy/domains/de/test/auto/knownFailedTests/FSMSource.xml (Known Failure) 
19 ms. Memory: 146944K Free: 108724K (74%)
!!!! Auto was marked as failing, but now passes
------------------ testing $PTII/ptolemy/domains/de/test/auto/knownFailedTests/dependencyLoop2.xml (Known Failure) 
6 ms. Memory: 146944K Free: 106841K (73%)


==== $PTIIhome/travis/build/icyphy/ptII/ptolemy/domains/de/test/../../../../: Auto Automatic test in file $PTII/ptolemy/domains/de/test/auto/knownFailedTests/dependencyLoop2.xml
==== Contents of test case:

	    # FIXME: we should use $relativeFilename here, but it
	    # might have backslashes under Windows, which causes no end
	    # of trouble.
	    createAndExecute $file
	    list {}
	
.... Test generated KNOWN error:
    while executing
ptolemy.kernel.util.IllegalActionException: Found a zero delay loop containing .dependencyLoop2.original
  in .dependencyLoop2 and .dependencyLoop2.original
	at ptolemy.actor.util.CausalityInterfaceForComposites._computeOutputPortDepth(CausalityInterfaceForComposites.java:759)
	at ptolemy.actor.util.CausalityInterfaceForComposites._computeInputDepth(CausalityInterfaceForComposites.java:696)
	at ptolemy.actor.util.CausalityInterfaceForComposites._computeOutputPortDepth(CausalityInterfaceForComposites.java:765)
	at ptolemy.actor.util.CausalityInterfaceForComposites._computeInputDepth(CausalityInterfaceForComposites.java:696)
	at ptolemy.actor.util.CausalityInterfaceForComposites._computeOutputPortDepth(CausalityInterfaceForComposites.java:765)
	at ptolemy.actor.util.CausalityInterfaceForComposites._computeInputDepth(CausalityInterfaceForComposites.java:696)
	at ptolemy.actor.util.CausalityInterfaceForComposites._computeActorDepth(CausalityInterfaceForComposites.java:532)
	at ptolemy.actor.util.CausalityInterfaceForComposites.checkForCycles(CausalityInterfaceForComposites.java:96)
	at ptolemy.domains.de.kernel.DEDirector.preinitialize(DEDirector.java:1337)
	at ptolemy.actor.CompositeActor.preinitialize(CompositeActor.java:1828)
	at ptolemy.actor.Manager.preinitializeAndResolveTypes(Manager.java:1040)
	at ptolemy.actor.Manager.initialize(Manager.java:710)
	at ptolemy.actor.Manager.execute(Manager.java:356)
	at ptolemy.actor.Manager.run(Manager.java:1263)
	at ptolemy.actor.Manager$PtolemyRunThread.run(Manager.java:1915)

    while executing
ptolemy.kernel.util.IllegalActionException: Found a zero delay loop containing .dependencyLoop2.original
  in .dependencyLoop2 and .dependencyLoop2.original
    while executing
"java::new ptolemy.moml.MoMLSimpleApplication $file
"
    (procedure "createAndExecute" line 2)
    invoked from within
"createAndExecute $file"
    ("uplevel" body line 5)
    invoked from within
"uplevel $contents_of_test"
------------------ testing $PTII/ptolemy/domains/de/test/auto/knownFailedTests/HierarchicalModel.xml (Known Failure) 
7 ms. Memory: 146944K Free: 86213K (59%)


==== $PTIIhome/travis/build/icyphy/ptII/ptolemy/domains/de/test/../../../../: Auto Automatic test in file $PTII/ptolemy/domains/de/test/auto/knownFailedTests/HierarchicalModel.xml
==== Contents of test case:

	    # FIXME: we should use $relativeFilename here, but it
	    # might have backslashes under Windows, which causes no end
	    # of trouble.
	    createAndExecute $file
	    list {}
	
.... Test generated KNOWN error:
    while executing
ptolemy.kernel.util.IllegalActionException: Found a zero delay loop containing .HierarchicalModel.A
  in .HierarchicalModel and .HierarchicalModel.A
	at ptolemy.actor.util.CausalityInterfaceForComposites._computeOutputPortDepth(CausalityInterfaceForComposites.java:759)
	at ptolemy.actor.util.CausalityInterfaceForComposites._computeInputDepth(CausalityInterfaceForComposites.java:696)
	at ptolemy.actor.util.CausalityInterfaceForComposites._computeOutputPortDepth(CausalityInterfaceForComposites.java:765)
	at ptolemy.actor.util.CausalityInterfaceForComposites._computeInputDepth(CausalityInterfaceForComposites.java:696)
	at ptolemy.actor.util.CausalityInterfaceForComposites._computeOutputPortDepth(CausalityInterfaceForComposites.java:765)
	at ptolemy.actor.util.CausalityInterfaceForComposites._computeInputDepth(CausalityInterfaceForComposites.java:696)
	at ptolemy.actor.util.CausalityInterfaceForComposites._computeActorDepth(CausalityInterfaceForComposites.java:532)
	at ptolemy.actor.util.CausalityInterfaceForComposites.checkForCycles(CausalityInterfaceForComposites.java:96)
	at ptolemy.domains.de.kernel.DEDirector.preinitialize(DEDirector.java:1337)
	at ptolemy.actor.CompositeActor.preinitialize(CompositeActor.java:1828)
	at ptolemy.actor.Manager.preinitializeAndResolveTypes(Manager.java:1040)
	at ptolemy.actor.Manager.initialize(Manager.java:710)
	at ptolemy.actor.Manager.execute(Manager.java:356)
	at ptolemy.actor.Manager.run(Manager.java:1263)
	at ptolemy.actor.Manager$PtolemyRunThread.run(Manager.java:1915)

    while executing
ptolemy.kernel.util.IllegalActionException: Found a zero delay loop containing .HierarchicalModel.A
  in .HierarchicalModel and .HierarchicalModel.A
    while executing
"java::new ptolemy.moml.MoMLSimpleApplication $file
"
    (procedure "createAndExecute" line 2)
    invoked from within
"createAndExecute $file"
    ("uplevel" body line 5)
    invoked from within
"uplevel $contents_of_test"
------------------ testing $PTII/ptolemy/domains/de/test/auto/knownFailedTests/DirectFeedback.xml (Known Failure) 
22 ms. Memory: 146944K Free: 142310K (97%)


==== $PTIIhome/travis/build/icyphy/ptII/ptolemy/domains/de/test/../../../../: Auto Automatic test in file $PTII/ptolemy/domains/de/test/auto/knownFailedTests/DirectFeedback.xml
==== Contents of test case:

	    # FIXME: we should use $relativeFilename here, but it
	    # might have backslashes under Windows, which causes no end
	    # of trouble.
	    createAndExecute $file
	    list {}
	
.... Test generated KNOWN error:
    while executing
ptolemy.kernel.util.IllegalActionException: Test fails in iteration 1.
Value was: 1.0. Should have been: 2.0
  in .DirectFeedback.Test
	at ptolemy.actor.lib.Test.fire(Test.java:268)
	at ptolemy.domains.de.kernel.DEDirector._fire(DEDirector.java:1948)
	at ptolemy.domains.de.kernel.DEDirector.fire(DEDirector.java:502)
	at ptolemy.actor.CompositeActor.fire(CompositeActor.java:455)
	at ptolemy.actor.Manager.iterate(Manager.java:851)
	at ptolemy.actor.Manager.execute(Manager.java:369)
	at ptolemy.actor.Manager.run(Manager.java:1263)
	at ptolemy.actor.Manager$PtolemyRunThread.run(Manager.java:1915)

    while executing
ptolemy.kernel.util.IllegalActionException: Test fails in iteration 1.
Value was: 1.0. Should have been: 2.0
  in .DirectFeedback.Test
    while executing
"java::new ptolemy.moml.MoMLSimpleApplication $file
"
    (procedure "createAndExecute" line 2)
    invoked from within
"createAndExecute $file"
    ("uplevel" body line 5)
    invoked from within
"uplevel $contents_of_test"
------------------ testing $PTII/ptolemy/domains/de/test/auto/ActorDepthCalculation_actorWithoutPorts.xml
auto.tcl: Setting watchdog for 200 seconds at Mon May 07 01:01:42 UTC 2018
4 ms. Memory: 146944K Free: 133647K (91%)
ptolemy.util.test.WatchDog.cancel(): canceling Mon May 07 01:01:42 UTC 2018
auto.tcl: Setting watchdog for 200 seconds at Mon May 07 01:01:42 UTC 2018
4 ms. Memory: 146944K Free: 132614K (90%)
ptolemy.util.test.WatchDog.cancel(): canceling Mon May 07 01:01:42 UTC 2018
------------------ testing $PTII/ptolemy/domains/de/test/auto/AssemblyLine.xml
auto.tcl: Setting watchdog for 200 seconds at Mon May 07 01:01:43 UTC 2018
10 ms. Memory: 208384K Free: 182863K (88%)
ptolemy.util.test.WatchDog.cancel(): canceling Mon May 07 01:01:43 UTC 2018
auto.tcl: Setting watchdog for 200 seconds at Mon May 07 01:01:43 UTC 2018
8 ms. Memory: 208384K Free: 182863K (88%)
ptolemy.util.test.WatchDog.cancel(): canceling Mon May 07 01:01:43 UTC 2018
------------------ testing $PTII/ptolemy/domains/de/test/auto/CQBug1.xml
auto.tcl: Setting watchdog for 200 seconds at Mon May 07 01:01:43 UTC 2018
14 ms. Memory: 208384K Free: 197729K (95%)
ptolemy.util.test.WatchDog.cancel(): canceling Mon May 07 01:01:43 UTC 2018
auto.tcl: Setting watchdog for 200 seconds at Mon May 07 01:01:43 UTC 2018
2 ms. Memory: 208384K Free: 197729K (95%)
ptolemy.util.test.WatchDog.cancel(): canceling Mon May 07 01:01:43 UTC 2018
------------------ testing $PTII/ptolemy/domains/de/test/auto/CancelFireAt.xml
auto.tcl: Setting watchdog for 200 seconds at Mon May 07 01:01:43 UTC 2018
10 ms. Memory: 208384K Free: 201109K (97%)
ptolemy.util.test.WatchDog.cancel(): canceling Mon May 07 01:01:43 UTC 2018
auto.tcl: Setting watchdog for 200 seconds at Mon May 07 01:01:43 UTC 2018
2 ms. Memory: 208384K Free: 199011K (96%)
ptolemy.util.test.WatchDog.cancel(): canceling Mon May 07 01:01:43 UTC 2018
------------------ testing $PTII/ptolemy/domains/de/test/auto/CausalityAndComposabilityAnalysis.xml
auto.tcl: Setting watchdog for 200 seconds at Mon May 07 01:01:43 UTC 2018
7 ms. Memory: 208384K Free: 196511K (94%)
ptolemy.util.test.WatchDog.cancel(): canceling Mon May 07 01:01:43 UTC 2018
auto.tcl: Setting watchdog for 200 seconds at Mon May 07 01:01:43 UTC 2018
8 ms. Memory: 208384K Free: 196511K (94%)
ptolemy.util.test.WatchDog.cancel(): canceling Mon May 07 01:01:43 UTC 2018
------------------ testing $PTII/ptolemy/domains/de/test/auto/CausalityInterface1.xml
auto.tcl: Setting watchdog for 200 seconds at Mon May 07 01:01:43 UTC 2018
10 ms. Memory: 208384K Free: 196449K (94%)
ptolemy.util.test.WatchDog.cancel(): canceling Mon May 07 01:01:43 UTC 2018
auto.tcl: Setting watchdog for 200 seconds at Mon May 07 01:01:43 UTC 2018
3 ms. Memory: 208384K Free: 196449K (94%)
ptolemy.util.test.WatchDog.cancel(): canceling Mon May 07 01:01:43 UTC 2018
------------------ testing $PTII/ptolemy/domains/de/test/auto/CausalityInterface15.xml
auto.tcl: Setting watchdog for 200 seconds at Mon May 07 01:01:43 UTC 2018
10 ms. Memory: 208384K Free: 196440K (94%)
ptolemy.util.test.WatchDog.cancel(): canceling Mon May 07 01:01:43 UTC 2018
auto.tcl: Setting watchdog for 200 seconds at Mon May 07 01:01:43 UTC 2018
5 ms. Memory: 208384K Free: 196440K (94%)
ptolemy.util.test.WatchDog.cancel(): canceling Mon May 07 01:01:43 UTC 2018
------------------ testing $PTII/ptolemy/domains/de/test/auto/CausalityInterface2.xml
auto.tcl: Setting watchdog for 200 seconds at Mon May 07 01:01:43 UTC 2018
6 ms. Memory: 208384K Free: 196423K (94%)
ptolemy.util.test.WatchDog.cancel(): canceling Mon May 07 01:01:43 UTC 2018
auto.tcl: Setting watchdog for 200 seconds at Mon May 07 01:01:43 UTC 2018
4 ms. Memory: 208384K Free: 196423K (94%)
ptolemy.util.test.WatchDog.cancel(): canceling Mon May 07 01:01:43 UTC 2018
------------------ testing $PTII/ptolemy/domains/de/test/auto/CausalityInterface3.xml
auto.tcl: Setting watchdog for 200 seconds at Mon May 07 01:01:43 UTC 2018
6 ms. Memory: 208384K Free: 196436K (94%)
ptolemy.util.test.WatchDog.cancel(): canceling Mon May 07 01:01:43 UTC 2018
auto.tcl: Setting watchdog for 200 seconds at Mon May 07 01:01:43 UTC 2018
3 ms. Memory: 208384K Free: 196436K (94%)
ptolemy.util.test.WatchDog.cancel(): canceling Mon May 07 01:01:43 UTC 2018
------------------ testing $PTII/ptolemy/domains/de/test/auto/ClockDrift.xml
auto.tcl: Setting watchdog for 200 seconds at Mon May 07 01:01:43 UTC 2018
90 ms. Memory: 208384K Free: 187676K (90%)
ptolemy.util.test.WatchDog.cancel(): canceling Mon May 07 01:01:43 UTC 2018
auto.tcl: Setting watchdog for 200 seconds at Mon May 07 01:01:43 UTC 2018
49 ms. Memory: 208384K Free: 185579K (89%)
ptolemy.util.test.WatchDog.cancel(): canceling Mon May 07 01:01:44 UTC 2018
------------------ testing $PTII/ptolemy/domains/de/test/auto/ClockDriftAndValueChange.xml
auto.tcl: Setting watchdog for 200 seconds at Mon May 07 01:01:44 UTC 2018
42 ms. Memory: 208384K Free: 187511K (90%)
ptolemy.util.test.WatchDog.cancel(): canceling Mon May 07 01:01:44 UTC 2018
auto.tcl: Setting watchdog for 200 seconds at Mon May 07 01:01:44 UTC 2018
33 ms. Memory: 208384K Free: 185414K (89%)
ptolemy.util.test.WatchDog.cancel(): canceling Mon May 07 01:01:44 UTC 2018
------------------ testing $PTII/ptolemy/domains/de/test/auto/ClockDriftChange.xml
auto.tcl: Setting watchdog for 200 seconds at Mon May 07 01:01:44 UTC 2018
29 ms. Memory: 208384K Free: 190580K (91%)
ptolemy.util.test.WatchDog.cancel(): canceling Mon May 07 01:01:44 UTC 2018
auto.tcl: Setting watchdog for 200 seconds at Mon May 07 01:01:44 UTC 2018
28 ms. Memory: 208384K Free: 188483K (90%)
ptolemy.util.test.WatchDog.cancel(): canceling Mon May 07 01:01:44 UTC 2018
------------------ testing $PTII/ptolemy/domains/de/test/auto/ComposableCausalityAnalysis.xml
auto.tcl: Setting watchdog for 200 seconds at Mon May 07 01:01:44 UTC 2018
2 ms. Memory: 208384K Free: 196040K (94%)
ptolemy.util.test.WatchDog.cancel(): canceling Mon May 07 01:01:44 UTC 2018
auto.tcl: Setting watchdog for 200 seconds at Mon May 07 01:01:44 UTC 2018
1 ms. Memory: 208384K Free: 193943K (93%)
ptolemy.util.test.WatchDog.cancel(): canceling Mon May 07 01:01:44 UTC 2018
------------------ testing $PTII/ptolemy/domains/de/test/auto/DEFixedPointLimitation.xml
auto.tcl: Setting watchdog for 200 seconds at Mon May 07 01:01:44 UTC 2018
2 ms. Memory: 208384K Free: 196120K (94%)
ptolemy.util.test.WatchDog.cancel(): canceling Mon May 07 01:01:44 UTC 2018
auto.tcl: Setting watchdog for 200 seconds at Mon May 07 01:01:44 UTC 2018
2 ms. Memory: 208384K Free: 196120K (94%)
ptolemy.util.test.WatchDog.cancel(): canceling Mon May 07 01:01:44 UTC 2018
------------------ testing $PTII/ptolemy/domains/de/test/auto/DEScheduleTest.xml
auto.tcl: Setting watchdog for 200 seconds at Mon May 07 01:01:44 UTC 2018
6 ms. Memory: 208384K Free: 198253K (95%)
ptolemy.util.test.WatchDog.cancel(): canceling Mon May 07 01:01:44 UTC 2018
auto.tcl: Setting watchdog for 200 seconds at Mon May 07 01:01:44 UTC 2018
2 ms. Memory: 208384K Free: 196156K (94%)
ptolemy.util.test.WatchDog.cancel(): canceling Mon May 07 01:01:44 UTC 2018
------------------ testing $PTII/ptolemy/domains/de/test/auto/DEinDEwithStartTimes.xml
auto.tcl: Setting watchdog for 200 seconds at Mon May 07 01:01:44 UTC 2018
3 ms. Memory: 208384K Free: 196125K (94%)
ptolemy.util.test.WatchDog.cancel(): canceling Mon May 07 01:01:44 UTC 2018
auto.tcl: Setting watchdog for 200 seconds at Mon May 07 01:01:44 UTC 2018
3 ms. Memory: 208384K Free: 194028K (93%)
ptolemy.util.test.WatchDog.cancel(): canceling Mon May 07 01:01:44 UTC 2018
------------------ testing $PTII/ptolemy/domains/de/test/auto/DEinDEwithStartTimes2.xml
auto.tcl: Setting watchdog for 200 seconds at Mon May 07 01:01:44 UTC 2018
8 ms. Memory: 208384K Free: 196104K (94%)
ptolemy.util.test.WatchDog.cancel(): canceling Mon May 07 01:01:44 UTC 2018
auto.tcl: Setting watchdog for 200 seconds at Mon May 07 01:01:44 UTC 2018
7 ms. Memory: 208384K Free: 194007K (93%)
ptolemy.util.test.WatchDog.cancel(): canceling Mon May 07 01:01:44 UTC 2018
------------------ testing $PTII/ptolemy/domains/de/test/auto/DateDemo.xml
auto.tcl: Setting watchdog for 200 seconds at Mon May 07 01:01:44 UTC 2018
12 ms. Memory: 208384K Free: 188550K (90%)
ptolemy.util.test.WatchDog.cancel(): canceling Mon May 07 01:01:44 UTC 2018
auto.tcl: Setting watchdog for 200 seconds at Mon May 07 01:01:44 UTC 2018
8 ms. Memory: 208384K Free: 186453K (89%)
ptolemy.util.test.WatchDog.cancel(): canceling Mon May 07 01:01:44 UTC 2018
------------------ testing $PTII/ptolemy/domains/de/test/auto/DateToEvent.xml
auto.tcl: Setting watchdog for 200 seconds at Mon May 07 01:01:44 UTC 2018
2009 ms. Memory: 208384K Free: 183280K (88%)
ptolemy.util.test.WatchDog.cancel(): canceling Mon May 07 01:01:46 UTC 2018
auto.tcl: Setting watchdog for 200 seconds at Mon May 07 01:01:46 UTC 2018
2005 ms. Memory: 208384K Free: 183280K (88%)
ptolemy.util.test.WatchDog.cancel(): canceling Mon May 07 01:01:48 UTC 2018
------------------ testing $PTII/ptolemy/domains/de/test/auto/DepthTest1.xml
auto.tcl: Setting watchdog for 200 seconds at Mon May 07 01:01:49 UTC 2018
5 ms. Memory: 208384K Free: 197779K (95%)
ptolemy.util.test.WatchDog.cancel(): canceling Mon May 07 01:01:49 UTC 2018
auto.tcl: Setting watchdog for 200 seconds at Mon May 07 01:01:49 UTC 2018
1 ms. Memory: 208384K Free: 197779K (95%)
ptolemy.util.test.WatchDog.cancel(): canceling Mon May 07 01:01:49 UTC 2018
------------------ testing $PTII/ptolemy/domains/de/test/auto/DepthTest2.xml
auto.tcl: Setting watchdog for 200 seconds at Mon May 07 01:01:49 UTC 2018
3 ms. Memory: 208384K Free: 193987K (93%)
ptolemy.util.test.WatchDog.cancel(): canceling Mon May 07 01:01:49 UTC 2018
auto.tcl: Setting watchdog for 200 seconds at Mon May 07 01:01:49 UTC 2018
3 ms. Memory: 208384K Free: 193987K (93%)
ptolemy.util.test.WatchDog.cancel(): canceling Mon May 07 01:01:49 UTC 2018
------------------ testing $PTII/ptolemy/domains/de/test/auto/DepthTest3.xml
auto.tcl: Setting watchdog for 200 seconds at Mon May 07 01:01:49 UTC 2018
7 ms. Memory: 208384K Free: 198453K (95%)
ptolemy.util.test.WatchDog.cancel(): canceling Mon May 07 01:01:49 UTC 2018
auto.tcl: Setting watchdog for 200 seconds at Mon May 07 01:01:49 UTC 2018
1 ms. Memory: 208384K Free: 198115K (95%)
ptolemy.util.test.WatchDog.cancel(): canceling Mon May 07 01:01:49 UTC 2018
------------------ testing $PTII/ptolemy/domains/de/test/auto/DepthTest4.xml
auto.tcl: Setting watchdog for 200 seconds at Mon May 07 01:01:49 UTC 2018
5 ms. Memory: 208384K Free: 196105K (94%)
ptolemy.util.test.WatchDog.cancel(): canceling Mon May 07 01:01:49 UTC 2018
auto.tcl: Setting watchdog for 200 seconds at Mon May 07 01:01:49 UTC 2018
2 ms. Memory: 208384K Free: 196105K (94%)
ptolemy.util.test.WatchDog.cancel(): canceling Mon May 07 01:01:49 UTC 2018
------------------ testing $PTII/ptolemy/domains/de/test/auto/DepthTest5.xml
auto.tcl: Setting watchdog for 200 seconds at Mon May 07 01:01:49 UTC 2018
3 ms. Memory: 208384K Free: 196389K (94%)
ptolemy.util.test.WatchDog.cancel(): canceling Mon May 07 01:01:49 UTC 2018
auto.tcl: Setting watchdog for 200 seconds at Mon May 07 01:01:49 UTC 2018
2 ms. Memory: 208384K Free: 196389K (94%)
ptolemy.util.test.WatchDog.cancel(): canceling Mon May 07 01:01:49 UTC 2018
------------------ testing $PTII/ptolemy/domains/de/test/auto/DepthTest6.xml
auto.tcl: Setting watchdog for 200 seconds at Mon May 07 01:01:49 UTC 2018
5 ms. Memory: 208384K Free: 196021K (94%)
ptolemy.util.test.WatchDog.cancel(): canceling Mon May 07 01:01:49 UTC 2018
auto.tcl: Setting watchdog for 200 seconds at Mon May 07 01:01:49 UTC 2018
2 ms. Memory: 208384K Free: 196021K (94%)
ptolemy.util.test.WatchDog.cancel(): canceling Mon May 07 01:01:49 UTC 2018
------------------ testing $PTII/ptolemy/domains/de/test/auto/DepthTest7.xml
auto.tcl: Setting watchdog for 200 seconds at Mon May 07 01:01:49 UTC 2018
2 ms. Memory: 208384K Free: 196009K (94%)
ptolemy.util.test.WatchDog.cancel(): canceling Mon May 07 01:01:49 UTC 2018
auto.tcl: Setting watchdog for 200 seconds at Mon May 07 01:01:49 UTC 2018
2 ms. Memory: 208384K Free: 196009K (94%)
ptolemy.util.test.WatchDog.cancel(): canceling Mon May 07 01:01:49 UTC 2018
------------------ testing $PTII/ptolemy/domains/de/test/auto/EventToDate.xml
auto.tcl: Setting watchdog for 200 seconds at Mon May 07 01:01:49 UTC 2018
3007 ms. Memory: 208384K Free: 185544K (89%)
ptolemy.util.test.WatchDog.cancel(): canceling Mon May 07 01:01:52 UTC 2018
auto.tcl: Setting watchdog for 200 seconds at Mon May 07 01:01:52 UTC 2018
3004 ms. Memory: 208384K Free: 185544K (89%)
ptolemy.util.test.WatchDog.cancel(): canceling Mon May 07 01:01:55 UTC 2018
------------------ testing $PTII/ptolemy/domains/de/test/auto/FSM1.xml
auto.tcl: Setting watchdog for 200 seconds at Mon May 07 01:01:55 UTC 2018
15 ms. Memory: 208384K Free: 187308K (90%)
ptolemy.util.test.WatchDog.cancel(): canceling Mon May 07 01:01:55 UTC 2018
auto.tcl: Setting watchdog for 200 seconds at Mon May 07 01:01:55 UTC 2018
13 ms. Memory: 208384K Free: 185211K (89%)
ptolemy.util.test.WatchDog.cancel(): canceling Mon May 07 01:01:55 UTC 2018
------------------ testing $PTII/ptolemy/domains/de/test/auto/FSM7.xml
auto.tcl: Setting watchdog for 200 seconds at Mon May 07 01:01:55 UTC 2018
29 ms. Memory: 208384K Free: 184716K (89%)
ptolemy.util.test.WatchDog.cancel(): canceling Mon May 07 01:01:55 UTC 2018
auto.tcl: Setting watchdog for 200 seconds at Mon May 07 01:01:55 UTC 2018
16 ms. Memory: 208384K Free: 182619K (88%)
ptolemy.util.test.WatchDog.cancel(): canceling Mon May 07 01:01:55 UTC 2018
------------------ testing $PTII/ptolemy/domains/de/test/auto/Inspection.xml
auto.tcl: Setting watchdog for 200 seconds at Mon May 07 01:01:55 UTC 2018
36 ms. Memory: 208384K Free: 188724K (91%)
ptolemy.util.test.WatchDog.cancel(): canceling Mon May 07 01:01:55 UTC 2018
auto.tcl: Setting watchdog for 200 seconds at Mon May 07 01:01:55 UTC 2018
18 ms. Memory: 208384K Free: 186289K (89%)
ptolemy.util.test.WatchDog.cancel(): canceling Mon May 07 01:01:55 UTC 2018
------------------ testing $PTII/ptolemy/domains/de/test/auto/Iteration.xml
auto.tcl: Setting watchdog for 200 seconds at Mon May 07 01:01:56 UTC 2018
17 ms. Memory: 208384K Free: 194056K (93%)
ptolemy.util.test.WatchDog.cancel(): canceling Mon May 07 01:01:56 UTC 2018
auto.tcl: Setting watchdog for 200 seconds at Mon May 07 01:01:56 UTC 2018
6 ms. Memory: 208384K Free: 194056K (93%)
ptolemy.util.test.WatchDog.cancel(): canceling Mon May 07 01:01:56 UTC 2018
------------------ testing $PTII/ptolemy/domains/de/test/auto/LineFault.xml
auto.tcl: Setting watchdog for 200 seconds at Mon May 07 01:01:56 UTC 2018
562 ms. Memory: 208384K Free: 195982K (94%)
ptolemy.util.test.WatchDog.cancel(): canceling Mon May 07 01:01:56 UTC 2018
auto.tcl: Setting watchdog for 200 seconds at Mon May 07 01:01:56 UTC 2018
436 ms. Memory: 208384K Free: 138723K (67%)
ptolemy.util.test.WatchDog.cancel(): canceling Mon May 07 01:01:57 UTC 2018
------------------ testing $PTII/ptolemy/domains/de/test/auto/MergeModel1Add.xml
auto.tcl: Setting watchdog for 200 seconds at Mon May 07 01:01:57 UTC 2018
20 ms. Memory: 331264K Free: 302500K (91%)
ptolemy.util.test.WatchDog.cancel(): canceling Mon May 07 01:01:57 UTC 2018
auto.tcl: Setting watchdog for 200 seconds at Mon May 07 01:01:57 UTC 2018
12 ms. Memory: 331264K Free: 298539K (90%)
ptolemy.util.test.WatchDog.cancel(): canceling Mon May 07 01:01:57 UTC 2018
------------------ testing $PTII/ptolemy/domains/de/test/auto/MergeModel2Add.xml
auto.tcl: Setting watchdog for 200 seconds at Mon May 07 01:01:57 UTC 2018
8 ms. Memory: 331264K Free: 303839K (92%)
ptolemy.util.test.WatchDog.cancel(): canceling Mon May 07 01:01:57 UTC 2018
auto.tcl: Setting watchdog for 200 seconds at Mon May 07 01:01:57 UTC 2018
7 ms. Memory: 331264K Free: 299877K (91%)
ptolemy.util.test.WatchDog.cancel(): canceling Mon May 07 01:01:57 UTC 2018
------------------ testing $PTII/ptolemy/domains/de/test/auto/MergeModel3Add.xml
auto.tcl: Setting watchdog for 200 seconds at Mon May 07 01:01:57 UTC 2018
8 ms. Memory: 331264K Free: 303849K (92%)
ptolemy.util.test.WatchDog.cancel(): canceling Mon May 07 01:01:57 UTC 2018
auto.tcl: Setting watchdog for 200 seconds at Mon May 07 01:01:57 UTC 2018
9 ms. Memory: 331264K Free: 299888K (91%)
ptolemy.util.test.WatchDog.cancel(): canceling Mon May 07 01:01:57 UTC 2018
------------------ testing $PTII/ptolemy/domains/de/test/auto/MergeWithoutDiscard.xml
auto.tcl: Setting watchdog for 200 seconds at Mon May 07 01:01:57 UTC 2018
13 ms. Memory: 331264K Free: 319690K (97%)
ptolemy.util.test.WatchDog.cancel(): canceling Mon May 07 01:01:57 UTC 2018
auto.tcl: Setting watchdog for 200 seconds at Mon May 07 01:01:57 UTC 2018
1 ms. Memory: 331264K Free: 315729K (95%)
ptolemy.util.test.WatchDog.cancel(): canceling Mon May 07 01:01:57 UTC 2018
------------------ testing $PTII/ptolemy/domains/de/test/auto/Modal1.xml
auto.tcl: Setting watchdog for 200 seconds at Mon May 07 01:01:57 UTC 2018
10 ms. Memory: 331264K Free: 309623K (93%)
ptolemy.util.test.WatchDog.cancel(): canceling Mon May 07 01:01:57 UTC 2018
auto.tcl: Setting watchdog for 200 seconds at Mon May 07 01:01:57 UTC 2018
10 ms. Memory: 331264K Free: 305662K (92%)
ptolemy.util.test.WatchDog.cancel(): canceling Mon May 07 01:01:57 UTC 2018
------------------ testing $PTII/ptolemy/domains/de/test/auto/Modal2.xml
auto.tcl: Setting watchdog for 200 seconds at Mon May 07 01:01:57 UTC 2018
15 ms. Memory: 331264K Free: 309481K (93%)
ptolemy.util.test.WatchDog.cancel(): canceling Mon May 07 01:01:57 UTC 2018
auto.tcl: Setting watchdog for 200 seconds at Mon May 07 01:01:57 UTC 2018
16 ms. Memory: 331264K Free: 305520K (92%)
ptolemy.util.test.WatchDog.cancel(): canceling Mon May 07 01:01:57 UTC 2018
------------------ testing $PTII/ptolemy/domains/de/test/auto/Modal3.xml
auto.tcl: Setting watchdog for 200 seconds at Mon May 07 01:01:58 UTC 2018
16 ms. Memory: 331264K Free: 309279K (93%)
ptolemy.util.test.WatchDog.cancel(): canceling Mon May 07 01:01:58 UTC 2018
auto.tcl: Setting watchdog for 200 seconds at Mon May 07 01:01:58 UTC 2018
11 ms. Memory: 331264K Free: 305318K (92%)
ptolemy.util.test.WatchDog.cancel(): canceling Mon May 07 01:01:58 UTC 2018
------------------ testing $PTII/ptolemy/domains/de/test/auto/Modal4.xml
auto.tcl: Setting watchdog for 200 seconds at Mon May 07 01:01:58 UTC 2018
23 ms. Memory: 331264K Free: 309283K (93%)
ptolemy.util.test.WatchDog.cancel(): canceling Mon May 07 01:01:58 UTC 2018
auto.tcl: Setting watchdog for 200 seconds at Mon May 07 01:01:58 UTC 2018
13 ms. Memory: 331264K Free: 305322K (92%)
ptolemy.util.test.WatchDog.cancel(): canceling Mon May 07 01:01:58 UTC 2018
------------------ testing $PTII/ptolemy/domains/de/test/auto/Modal5.xml
auto.tcl: Setting watchdog for 200 seconds at Mon May 07 01:01:58 UTC 2018
16 ms. Memory: 331264K Free: 304355K (92%)
ptolemy.util.test.WatchDog.cancel(): canceling Mon May 07 01:01:58 UTC 2018
auto.tcl: Setting watchdog for 200 seconds at Mon May 07 01:01:58 UTC 2018
13 ms. Memory: 331264K Free: 300394K (91%)
ptolemy.util.test.WatchDog.cancel(): canceling Mon May 07 01:01:58 UTC 2018
------------------ testing $PTII/ptolemy/domains/de/test/auto/Modal6.xml
auto.tcl: Setting watchdog for 200 seconds at Mon May 07 01:01:58 UTC 2018
13 ms. Memory: 331264K Free: 309267K (93%)
ptolemy.util.test.WatchDog.cancel(): canceling Mon May 07 01:01:58 UTC 2018
auto.tcl: Setting watchdog for 200 seconds at Mon May 07 01:01:58 UTC 2018
16 ms. Memory: 331264K Free: 305306K (92%)
ptolemy.util.test.WatchDog.cancel(): canceling Mon May 07 01:01:58 UTC 2018
------------------ testing $PTII/ptolemy/domains/de/test/auto/Modal7.xml
auto.tcl: Setting watchdog for 200 seconds at Mon May 07 01:01:58 UTC 2018
15 ms. Memory: 331264K Free: 309267K (93%)
ptolemy.util.test.WatchDog.cancel(): canceling Mon May 07 01:01:58 UTC 2018
auto.tcl: Setting watchdog for 200 seconds at Mon May 07 01:01:58 UTC 2018
10 ms. Memory: 331264K Free: 305306K (92%)
ptolemy.util.test.WatchDog.cancel(): canceling Mon May 07 01:01:58 UTC 2018
------------------ testing $PTII/ptolemy/domains/de/test/auto/ModalModel.xml
auto.tcl: Setting watchdog for 200 seconds at Mon May 07 01:01:58 UTC 2018
174 ms. Memory: 331264K Free: 245638K (74%)
ptolemy.util.test.WatchDog.cancel(): canceling Mon May 07 01:01:58 UTC 2018
auto.tcl: Setting watchdog for 200 seconds at Mon May 07 01:01:58 UTC 2018
150 ms. Memory: 331264K Free: 190119K (57%)
ptolemy.util.test.WatchDog.cancel(): canceling Mon May 07 01:01:58 UTC 2018
------------------ testing $PTII/ptolemy/domains/de/test/auto/ModalSource.xml
auto.tcl: Setting watchdog for 200 seconds at Mon May 07 01:01:59 UTC 2018
8 ms. Memory: 331264K Free: 316058K (95%)
ptolemy.util.test.WatchDog.cancel(): canceling Mon May 07 01:01:59 UTC 2018
auto.tcl: Setting watchdog for 200 seconds at Mon May 07 01:01:59 UTC 2018
3 ms. Memory: 331264K Free: 312532K (94%)
ptolemy.util.test.WatchDog.cancel(): canceling Mon May 07 01:01:59 UTC 2018
------------------ testing $PTII/ptolemy/domains/de/test/auto/NonInterruptibleTimerZeroDelay.xml
auto.tcl: Setting watchdog for 200 seconds at Mon May 07 01:01:59 UTC 2018
3 ms. Memory: 331264K Free: 320437K (97%)
ptolemy.util.test.WatchDog.cancel(): canceling Mon May 07 01:01:59 UTC 2018
auto.tcl: Setting watchdog for 200 seconds at Mon May 07 01:01:59 UTC 2018
2 ms. Memory: 331264K Free: 316896K (96%)
ptolemy.util.test.WatchDog.cancel(): canceling Mon May 07 01:01:59 UTC 2018
------------------ testing $PTII/ptolemy/domains/de/test/auto/OpenQueueingNetwork.xml
auto.tcl: Setting watchdog for 200 seconds at Mon May 07 01:01:59 UTC 2018
2428 ms. Memory: 573952K Free: 413881K (72%)
ptolemy.util.test.WatchDog.cancel(): canceling Mon May 07 01:02:01 UTC 2018
auto.tcl: Setting watchdog for 200 seconds at Mon May 07 01:02:01 UTC 2018
2171 ms. Memory: 550912K Free: 316322K (57%)
ptolemy.util.test.WatchDog.cancel(): canceling Mon May 07 01:02:03 UTC 2018
------------------ testing $PTII/ptolemy/domains/de/test/auto/OpenQueuingNetwork.xml
auto.tcl: Setting watchdog for 200 seconds at Mon May 07 01:02:03 UTC 2018
212 ms. Memory: 549888K Free: 445266K (81%)
ptolemy.util.test.WatchDog.cancel(): canceling Mon May 07 01:02:04 UTC 2018
auto.tcl: Setting watchdog for 200 seconds at Mon May 07 01:02:04 UTC 2018
203 ms. Memory: 549888K Free: 385576K (70%)
ptolemy.util.test.WatchDog.cancel(): canceling Mon May 07 01:02:04 UTC 2018
------------------ testing $PTII/ptolemy/domains/de/test/auto/PeriodicSampler.xml
auto.tcl: Setting watchdog for 200 seconds at Mon May 07 01:02:04 UTC 2018
2 ms. Memory: 551936K Free: 531692K (96%)
ptolemy.util.test.WatchDog.cancel(): canceling Mon May 07 01:02:04 UTC 2018
auto.tcl: Setting watchdog for 200 seconds at Mon May 07 01:02:04 UTC 2018
2 ms. Memory: 551936K Free: 531692K (96%)
ptolemy.util.test.WatchDog.cancel(): canceling Mon May 07 01:02:04 UTC 2018
------------------ testing $PTII/ptolemy/domains/de/test/auto/PersistentIO.xml
auto.tcl: Setting watchdog for 200 seconds at Mon May 07 01:02:04 UTC 2018
4 ms. Memory: 549376K Free: 524306K (95%)
ptolemy.util.test.WatchDog.cancel(): canceling Mon May 07 01:02:04 UTC 2018
auto.tcl: Setting watchdog for 200 seconds at Mon May 07 01:02:04 UTC 2018
3 ms. Memory: 549376K Free: 524306K (95%)
ptolemy.util.test.WatchDog.cancel(): canceling Mon May 07 01:02:04 UTC 2018
------------------ testing $PTII/ptolemy/domains/de/test/auto/PortParameterResetOnInitialize.xml
auto.tcl: Setting watchdog for 200 seconds at Mon May 07 01:02:04 UTC 2018
2 ms. Memory: 551424K Free: 531642K (96%)
ptolemy.util.test.WatchDog.cancel(): canceling Mon May 07 01:02:04 UTC 2018
auto.tcl: Setting watchdog for 200 seconds at Mon May 07 01:02:04 UTC 2018
2 ms. Memory: 551424K Free: 531642K (96%)
ptolemy.util.test.WatchDog.cancel(): canceling Mon May 07 01:02:04 UTC 2018
------------------ testing $PTII/ptolemy/domains/de/test/auto/PortParameterUpdates.xml
auto.tcl: Setting watchdog for 200 seconds at Mon May 07 01:02:04 UTC 2018
2 ms. Memory: 549376K Free: 524294K (95%)
ptolemy.util.test.WatchDog.cancel(): canceling Mon May 07 01:02:04 UTC 2018
auto.tcl: Setting watchdog for 200 seconds at Mon May 07 01:02:04 UTC 2018
3 ms. Memory: 549376K Free: 524294K (95%)
ptolemy.util.test.WatchDog.cancel(): canceling Mon May 07 01:02:04 UTC 2018
------------------ testing $PTII/ptolemy/domains/de/test/auto/QueueAndServer.xml
auto.tcl: Setting watchdog for 200 seconds at Mon May 07 01:02:04 UTC 2018
10 ms. Memory: 551424K Free: 526083K (95%)
ptolemy.util.test.WatchDog.cancel(): canceling Mon May 07 01:02:04 UTC 2018
auto.tcl: Setting watchdog for 200 seconds at Mon May 07 01:02:04 UTC 2018
6 ms. Memory: 551424K Free: 526083K (95%)
ptolemy.util.test.WatchDog.cancel(): canceling Mon May 07 01:02:04 UTC 2018
------------------ testing $PTII/ptolemy/domains/de/test/auto/Records.xml
auto.tcl: Setting watchdog for 200 seconds at Mon May 07 01:02:04 UTC 2018
4 ms. Memory: 549376K Free: 534082K (97%)
ptolemy.util.test.WatchDog.cancel(): canceling Mon May 07 01:02:04 UTC 2018
auto.tcl: Setting watchdog for 200 seconds at Mon May 07 01:02:04 UTC 2018
5 ms. Memory: 549376K Free: 528656K (96%)
ptolemy.util.test.WatchDog.cancel(): canceling Mon May 07 01:02:04 UTC 2018
------------------ testing $PTII/ptolemy/domains/de/test/auto/ResetTransitionWithStartTime1.xml
auto.tcl: Setting watchdog for 200 seconds at Mon May 07 01:02:04 UTC 2018
11 ms. Memory: 551424K Free: 530713K (96%)
ptolemy.util.test.WatchDog.cancel(): canceling Mon May 07 01:02:04 UTC 2018
auto.tcl: Setting watchdog for 200 seconds at Mon May 07 01:02:04 UTC 2018
3 ms. Memory: 551424K Free: 530713K (96%)
ptolemy.util.test.WatchDog.cancel(): canceling Mon May 07 01:02:04 UTC 2018
------------------ testing $PTII/ptolemy/domains/de/test/auto/ResetTransitionWithStartTime2.xml
auto.tcl: Setting watchdog for 200 seconds at Mon May 07 01:02:04 UTC 2018
5 ms. Memory: 549376K Free: 528886K (96%)
ptolemy.util.test.WatchDog.cancel(): canceling Mon May 07 01:02:05 UTC 2018
auto.tcl: Setting watchdog for 200 seconds at Mon May 07 01:02:05 UTC 2018
5 ms. Memory: 549376K Free: 528886K (96%)
ptolemy.util.test.WatchDog.cancel(): canceling Mon May 07 01:02:05 UTC 2018
------------------ testing $PTII/ptolemy/domains/de/test/auto/ResetTransitionWithStartTime3.xml
auto.tcl: Setting watchdog for 200 seconds at Mon May 07 01:02:05 UTC 2018
4 ms. Memory: 550912K Free: 530191K (96%)
ptolemy.util.test.WatchDog.cancel(): canceling Mon May 07 01:02:05 UTC 2018
auto.tcl: Setting watchdog for 200 seconds at Mon May 07 01:02:05 UTC 2018
5 ms. Memory: 550912K Free: 530191K (96%)
ptolemy.util.test.WatchDog.cancel(): canceling Mon May 07 01:02:05 UTC 2018
------------------ testing $PTII/ptolemy/domains/de/test/auto/ResetTransitionWithStartTime4.xml
auto.tcl: Setting watchdog for 200 seconds at Mon May 07 01:02:05 UTC 2018
3 ms. Memory: 549376K Free: 528654K (96%)
ptolemy.util.test.WatchDog.cancel(): canceling Mon May 07 01:02:05 UTC 2018
auto.tcl: Setting watchdog for 200 seconds at Mon May 07 01:02:05 UTC 2018
3 ms. Memory: 549376K Free: 528654K (96%)
ptolemy.util.test.WatchDog.cancel(): canceling Mon May 07 01:02:05 UTC 2018
------------------ testing $PTII/ptolemy/domains/de/test/auto/ResettableTimer1.xml
auto.tcl: Setting watchdog for 200 seconds at Mon May 07 01:02:05 UTC 2018
2 ms. Memory: 550912K Free: 535628K (97%)
ptolemy.util.test.WatchDog.cancel(): canceling Mon May 07 01:02:05 UTC 2018
auto.tcl: Setting watchdog for 200 seconds at Mon May 07 01:02:05 UTC 2018
1 ms. Memory: 550912K Free: 535628K (97%)
ptolemy.util.test.WatchDog.cancel(): canceling Mon May 07 01:02:05 UTC 2018
------------------ testing $PTII/ptolemy/domains/de/test/auto/ResettableTimer2.xml
auto.tcl: Setting watchdog for 200 seconds at Mon May 07 01:02:05 UTC 2018
2 ms. Memory: 549376K Free: 534379K (97%)
ptolemy.util.test.WatchDog.cancel(): canceling Mon May 07 01:02:05 UTC 2018
auto.tcl: Setting watchdog for 200 seconds at Mon May 07 01:02:05 UTC 2018
2 ms. Memory: 549376K Free: 534379K (97%)
ptolemy.util.test.WatchDog.cancel(): canceling Mon May 07 01:02:05 UTC 2018
------------------ testing $PTII/ptolemy/domains/de/test/auto/ResettableTimer3.xml
auto.tcl: Setting watchdog for 200 seconds at Mon May 07 01:02:05 UTC 2018
2 ms. Memory: 550912K Free: 535685K (97%)
ptolemy.util.test.WatchDog.cancel(): canceling Mon May 07 01:02:05 UTC 2018
auto.tcl: Setting watchdog for 200 seconds at Mon May 07 01:02:05 UTC 2018
1 ms. Memory: 550912K Free: 535685K (97%)
ptolemy.util.test.WatchDog.cancel(): canceling Mon May 07 01:02:05 UTC 2018
------------------ testing $PTII/ptolemy/domains/de/test/auto/ResettableTimer4.xml
auto.tcl: Setting watchdog for 200 seconds at Mon May 07 01:02:05 UTC 2018
2 ms. Memory: 549376K Free: 534392K (97%)
ptolemy.util.test.WatchDog.cancel(): canceling Mon May 07 01:02:05 UTC 2018
auto.tcl: Setting watchdog for 200 seconds at Mon May 07 01:02:05 UTC 2018
1 ms. Memory: 549376K Free: 534392K (97%)
ptolemy.util.test.WatchDog.cancel(): canceling Mon May 07 01:02:05 UTC 2018
------------------ testing $PTII/ptolemy/domains/de/test/auto/ResettableTimer5.xml
auto.tcl: Setting watchdog for 200 seconds at Mon May 07 01:02:05 UTC 2018
1 ms. Memory: 550400K Free: 530505K (96%)
ptolemy.util.test.WatchDog.cancel(): canceling Mon May 07 01:02:05 UTC 2018
auto.tcl: Setting watchdog for 200 seconds at Mon May 07 01:02:05 UTC 2018
1 ms. Memory: 550400K Free: 530505K (96%)
ptolemy.util.test.WatchDog.cancel(): canceling Mon May 07 01:02:05 UTC 2018
------------------ testing $PTII/ptolemy/domains/de/test/auto/ResettableTimer6.xml
auto.tcl: Setting watchdog for 200 seconds at Mon May 07 01:02:05 UTC 2018
8 ms. Memory: 549376K Free: 534109K (97%)
ptolemy.util.test.WatchDog.cancel(): canceling Mon May 07 01:02:05 UTC 2018
auto.tcl: Setting watchdog for 200 seconds at Mon May 07 01:02:05 UTC 2018
2 ms. Memory: 549376K Free: 534109K (97%)
ptolemy.util.test.WatchDog.cancel(): canceling Mon May 07 01:02:05 UTC 2018
------------------ testing $PTII/ptolemy/domains/de/test/auto/ServerZeroDelay.xml
auto.tcl: Setting watchdog for 200 seconds at Mon May 07 01:02:05 UTC 2018
3 ms. Memory: 550400K Free: 535353K (97%)
ptolemy.util.test.WatchDog.cancel(): canceling Mon May 07 01:02:05 UTC 2018
auto.tcl: Setting watchdog for 200 seconds at Mon May 07 01:02:05 UTC 2018
3 ms. Memory: 550400K Free: 535353K (97%)
ptolemy.util.test.WatchDog.cancel(): canceling Mon May 07 01:02:05 UTC 2018
------------------ testing $PTII/ptolemy/domains/de/test/auto/SmartSender.xml
auto.tcl: Setting watchdog for 200 seconds at Mon May 07 01:02:05 UTC 2018
3002 ms. Memory: 549376K Free: 534325K (97%)
ptolemy.util.test.WatchDog.cancel(): canceling Mon May 07 01:02:08 UTC 2018
auto.tcl: Setting watchdog for 200 seconds at Mon May 07 01:02:08 UTC 2018
3001 ms. Memory: 549376K Free: 534325K (97%)
ptolemy.util.test.WatchDog.cancel(): canceling Mon May 07 01:02:11 UTC 2018
------------------ testing $PTII/ptolemy/domains/de/test/auto/ThreadedComposite.xml
auto.tcl: Setting watchdog for 200 seconds at Mon May 07 01:02:11 UTC 2018
203 ms. Memory: 550400K Free: 510225K (93%)
ptolemy.util.test.WatchDog.cancel(): canceling Mon May 07 01:02:11 UTC 2018
auto.tcl: Setting watchdog for 200 seconds at Mon May 07 01:02:11 UTC 2018
119 ms. Memory: 550400K Free: 495439K (90%)
ptolemy.util.test.WatchDog.cancel(): canceling Mon May 07 01:02:12 UTC 2018
------------------ testing $PTII/ptolemy/domains/de/test/auto/Time.xml
auto.tcl: Setting watchdog for 200 seconds at Mon May 07 01:02:12 UTC 2018
496 ms. Memory: 549376K Free: 482342K (88%)
ptolemy.util.test.WatchDog.cancel(): canceling Mon May 07 01:02:12 UTC 2018
auto.tcl: Setting watchdog for 200 seconds at Mon May 07 01:02:12 UTC 2018
455 ms. Memory: 549376K Free: 428078K (78%)
ptolemy.util.test.WatchDog.cancel(): canceling Mon May 07 01:02:13 UTC 2018
------------------ testing $PTII/ptolemy/domains/de/test/auto/TimeDelayZeroDelay.xml
auto.tcl: Setting watchdog for 200 seconds at Mon May 07 01:02:13 UTC 2018
2 ms. Memory: 550400K Free: 535040K (97%)
ptolemy.util.test.WatchDog.cancel(): canceling Mon May 07 01:02:13 UTC 2018
auto.tcl: Setting watchdog for 200 seconds at Mon May 07 01:02:13 UTC 2018
1 ms. Memory: 550400K Free: 535040K (97%)
ptolemy.util.test.WatchDog.cancel(): canceling Mon May 07 01:02:13 UTC 2018
------------------ testing $PTII/ptolemy/domains/de/test/auto/TimerZeroDelay.xml
auto.tcl: Setting watchdog for 200 seconds at Mon May 07 01:02:13 UTC 2018
2 ms. Memory: 549376K Free: 534290K (97%)
ptolemy.util.test.WatchDog.cancel(): canceling Mon May 07 01:02:13 UTC 2018
auto.tcl: Setting watchdog for 200 seconds at Mon May 07 01:02:13 UTC 2018
2 ms. Memory: 549376K Free: 534290K (97%)
ptolemy.util.test.WatchDog.cancel(): canceling Mon May 07 01:02:13 UTC 2018
------------------ testing $PTII/ptolemy/domains/de/test/auto/TimingParadox.xml
auto.tcl: Setting watchdog for 200 seconds at Mon May 07 01:02:13 UTC 2018
317 ms. Memory: 549888K Free: 469222K (85%)
ptolemy.util.test.WatchDog.cancel(): canceling Mon May 07 01:02:13 UTC 2018
auto.tcl: Setting watchdog for 200 seconds at Mon May 07 01:02:13 UTC 2018
311 ms. Memory: 549888K Free: 436664K (79%)
ptolemy.util.test.WatchDog.cancel(): canceling Mon May 07 01:02:13 UTC 2018
------------------ testing $PTII/ptolemy/domains/de/test/auto/TransferInputs.xml
auto.tcl: Setting watchdog for 200 seconds at Mon May 07 01:02:13 UTC 2018
1 ms. Memory: 549888K Free: 533705K (97%)
ptolemy.util.test.WatchDog.cancel(): canceling Mon May 07 01:02:14 UTC 2018
auto.tcl: Setting watchdog for 200 seconds at Mon May 07 01:02:14 UTC 2018
2 ms. Memory: 549888K Free: 533705K (97%)
ptolemy.util.test.WatchDog.cancel(): canceling Mon May 07 01:02:14 UTC 2018
------------------ testing $PTII/ptolemy/domains/de/test/auto/TransferOutputs2.xml
auto.tcl: Setting watchdog for 200 seconds at Mon May 07 01:02:14 UTC 2018
3 ms. Memory: 549376K Free: 528853K (96%)
ptolemy.util.test.WatchDog.cancel(): canceling Mon May 07 01:02:14 UTC 2018
auto.tcl: Setting watchdog for 200 seconds at Mon May 07 01:02:14 UTC 2018
3 ms. Memory: 549376K Free: 528853K (96%)
ptolemy.util.test.WatchDog.cancel(): canceling Mon May 07 01:02:14 UTC 2018
------------------ testing $PTII/ptolemy/domains/de/test/auto/Trilateration.xml
auto.tcl: Setting watchdog for 200 seconds at Mon May 07 01:02:14 UTC 2018
13435 ms. Memory: 766976K Free: 250974K (33%)
ptolemy.util.test.WatchDog.cancel(): canceling Mon May 07 01:02:28 UTC 2018
auto.tcl: Setting watchdog for 200 seconds at Mon May 07 01:02:28 UTC 2018
10499 ms. Memory: 646144K Free: 116785K (18%)
ptolemy.util.test.WatchDog.cancel(): canceling Mon May 07 01:02:39 UTC 2018
------------------ testing $PTII/ptolemy/domains/de/test/auto/TwoSigmaDelta.xml
auto.tcl: Setting watchdog for 200 seconds at Mon May 07 01:02:39 UTC 2018
2624 ms. Memory: 649728K Free: 330748K (51%)
ptolemy.util.test.WatchDog.cancel(): canceling Mon May 07 01:02:41 UTC 2018
auto.tcl: Setting watchdog for 200 seconds at Mon May 07 01:02:41 UTC 2018
1966 ms. Memory: 649728K Free: 104826K (16%)
ptolemy.util.test.WatchDog.cancel(): canceling Mon May 07 01:02:43 UTC 2018
------------------ testing $PTII/ptolemy/domains/de/test/auto/VariableDelay.xml
auto.tcl: Setting watchdog for 200 seconds at Mon May 07 01:02:43 UTC 2018
2 ms. Memory: 646656K Free: 626926K (97%)
ptolemy.util.test.WatchDog.cancel(): canceling Mon May 07 01:02:43 UTC 2018
auto.tcl: Setting watchdog for 200 seconds at Mon May 07 01:02:43 UTC 2018
1 ms. Memory: 646656K Free: 626926K (97%)
ptolemy.util.test.WatchDog.cancel(): canceling Mon May 07 01:02:43 UTC 2018
------------------ testing $PTII/ptolemy/domains/de/test/auto/VariableDelay2.xml
auto.tcl: Setting watchdog for 200 seconds at Mon May 07 01:02:43 UTC 2018
6 ms. Memory: 646144K Free: 626860K (97%)
ptolemy.util.test.WatchDog.cancel(): canceling Mon May 07 01:02:43 UTC 2018
auto.tcl: Setting watchdog for 200 seconds at Mon May 07 01:02:43 UTC 2018
1 ms. Memory: 646144K Free: 626860K (97%)
ptolemy.util.test.WatchDog.cancel(): canceling Mon May 07 01:02:43 UTC 2018
------------------ testing $PTII/ptolemy/domains/de/test/auto/VariableDelayZeroDelay.xml
auto.tcl: Setting watchdog for 200 seconds at Mon May 07 01:02:44 UTC 2018
2 ms. Memory: 646144K Free: 621212K (96%)
ptolemy.util.test.WatchDog.cancel(): canceling Mon May 07 01:02:44 UTC 2018
auto.tcl: Setting watchdog for 200 seconds at Mon May 07 01:02:44 UTC 2018
1 ms. Memory: 646144K Free: 621212K (96%)
ptolemy.util.test.WatchDog.cancel(): canceling Mon May 07 01:02:44 UTC 2018
------------------ testing $PTII/ptolemy/domains/de/test/auto/VariableDelayZeroDelay2.xml
auto.tcl: Setting watchdog for 200 seconds at Mon May 07 01:02:44 UTC 2018
2 ms. Memory: 649216K Free: 624282K (96%)
ptolemy.util.test.WatchDog.cancel(): canceling Mon May 07 01:02:44 UTC 2018
auto.tcl: Setting watchdog for 200 seconds at Mon May 07 01:02:44 UTC 2018
2 ms. Memory: 649216K Free: 624282K (96%)
ptolemy.util.test.WatchDog.cancel(): canceling Mon May 07 01:02:44 UTC 2018
------------------ testing $PTII/ptolemy/domains/de/test/auto/deInCt.xml
auto.tcl: Setting watchdog for 200 seconds at Mon May 07 01:02:44 UTC 2018
0
1
1
1
1
0
0
0
1
1
1
0
0
0
0
0
1
1
1
0
0
0
1
1
1
0
0
0
0
1
1
1
1
1
9 ms. Memory: 646144K Free: 621175K (96%)
ptolemy.util.test.WatchDog.cancel(): canceling Mon May 07 01:02:44 UTC 2018
auto.tcl: Setting watchdog for 200 seconds at Mon May 07 01:02:44 UTC 2018
0
1
1
1
1
0
0
0
1
1
1
1
1
0
0
1
1
1
0
0
0
1
1
1
0
0
0
0
0
1
1
1
1
0
0
0
0
0
7 ms. Memory: 646144K Free: 621175K (96%)
ptolemy.util.test.WatchDog.cancel(): canceling Mon May 07 01:02:44 UTC 2018
------------------ testing $PTII/ptolemy/domains/de/test/auto/deInCt2.xml
auto.tcl: Setting watchdog for 200 seconds at Mon May 07 01:02:44 UTC 2018
0
1
1
1
0
0
1
1
1
0
0
1
1
1
0
0
1
1
1
0
0
1
1
1
0
0
1
1
1
0
0
1
1
1
0
0
1
1
1
0
0
0
8 ms. Memory: 648704K Free: 623735K (96%)
ptolemy.util.test.WatchDog.cancel(): canceling Mon May 07 01:02:44 UTC 2018
auto.tcl: Setting watchdog for 200 seconds at Mon May 07 01:02:44 UTC 2018
0
1
1
1
0
0
1
1
1
0
0
1
1
1
0
0
1
1
1
0
0
1
1
1
0
0
1
1
1
0
0
1
1
1
0
0
1
1
1
0
0
0
6 ms. Memory: 648704K Free: 623735K (96%)
ptolemy.util.test.WatchDog.cancel(): canceling Mon May 07 01:02:44 UTC 2018
------------------ testing $PTII/ptolemy/domains/de/test/auto/dynamicCausalityInterface1.xml
auto.tcl: Setting watchdog for 200 seconds at Mon May 07 01:02:44 UTC 2018
5 ms. Memory: 646144K Free: 618313K (96%)
ptolemy.util.test.WatchDog.cancel(): canceling Mon May 07 01:02:44 UTC 2018
auto.tcl: Setting watchdog for 200 seconds at Mon May 07 01:02:44 UTC 2018
1 ms. Memory: 646144K Free: 618313K (96%)
ptolemy.util.test.WatchDog.cancel(): canceling Mon May 07 01:02:44 UTC 2018
------------------ testing $PTII/ptolemy/domains/de/test/auto/fsm_de_test.xml
auto.tcl: Setting watchdog for 200 seconds at Mon May 07 01:02:44 UTC 2018
13 ms. Memory: 648192K Free: 623145K (96%)
ptolemy.util.test.WatchDog.cancel(): canceling Mon May 07 01:02:44 UTC 2018
auto.tcl: Setting watchdog for 200 seconds at Mon May 07 01:02:44 UTC 2018
5 ms. Memory: 648192K Free: 614609K (95%)
ptolemy.util.test.WatchDog.cancel(): canceling Mon May 07 01:02:44 UTC 2018
------------------ testing $PTII/ptolemy/domains/de/test/auto/functionDependencyReconstruction.xml
auto.tcl: Setting watchdog for 200 seconds at Mon May 07 01:02:44 UTC 2018
2 ms. Memory: 646144K Free: 612552K (95%)
ptolemy.util.test.WatchDog.cancel(): canceling Mon May 07 01:02:44 UTC 2018
auto.tcl: Setting watchdog for 200 seconds at Mon May 07 01:02:44 UTC 2018
2 ms. Memory: 646144K Free: 604015K (93%)
ptolemy.util.test.WatchDog.cancel(): canceling Mon May 07 01:02:44 UTC 2018
------------------ testing $PTII/ptolemy/domains/de/test/auto/multirate.xml
auto.tcl: Setting watchdog for 200 seconds at Mon May 07 01:02:44 UTC 2018
5 ms. Memory: 648192K Free: 623012K (96%)
ptolemy.util.test.WatchDog.cancel(): canceling Mon May 07 01:02:44 UTC 2018
auto.tcl: Setting watchdog for 200 seconds at Mon May 07 01:02:44 UTC 2018
3 ms. Memory: 648192K Free: 622980K (96%)
ptolemy.util.test.WatchDog.cancel(): canceling Mon May 07 01:02:44 UTC 2018
------------------ testing $PTII/ptolemy/domains/de/test/auto/multirate2.xml
auto.tcl: Setting watchdog for 200 seconds at Mon May 07 01:02:44 UTC 2018
6 ms. Memory: 646144K Free: 621120K (96%)
ptolemy.util.test.WatchDog.cancel(): canceling Mon May 07 01:02:44 UTC 2018
auto.tcl: Setting watchdog for 200 seconds at Mon May 07 01:02:44 UTC 2018
3 ms. Memory: 646144K Free: 621120K (96%)
ptolemy.util.test.WatchDog.cancel(): canceling Mon May 07 01:02:44 UTC 2018
------------------ testing $PTII/ptolemy/domains/de/test/auto/realtime.xml
auto.tcl: Setting watchdog for 200 seconds at Mon May 07 01:02:44 UTC 2018
10002 ms. Memory: 647680K Free: 617007K (95%)
ptolemy.util.test.WatchDog.cancel(): canceling Mon May 07 01:02:54 UTC 2018
auto.tcl: Setting watchdog for 200 seconds at Mon May 07 01:02:54 UTC 2018
10001 ms. Memory: 647680K Free: 617007K (95%)
ptolemy.util.test.WatchDog.cancel(): canceling Mon May 07 01:03:04 UTC 2018
------------------ testing $PTII/ptolemy/domains/de/test/auto/relationGroup.xml
auto.tcl: Setting watchdog for 200 seconds at Mon May 07 01:03:04 UTC 2018
1 ms. Memory: 646144K Free: 626824K (97%)
ptolemy.util.test.WatchDog.cancel(): canceling Mon May 07 01:03:04 UTC 2018
auto.tcl: Setting watchdog for 200 seconds at Mon May 07 01:03:04 UTC 2018
1 ms. Memory: 646144K Free: 626824K (97%)
ptolemy.util.test.WatchDog.cancel(): canceling Mon May 07 01:03:04 UTC 2018
------------------ testing $PTII/ptolemy/domains/de/test/auto/relationGroup2.xml
auto.tcl: Setting watchdog for 200 seconds at Mon May 07 01:03:04 UTC 2018
2 ms. Memory: 647680K Free: 628387K (97%)
ptolemy.util.test.WatchDog.cancel(): canceling Mon May 07 01:03:04 UTC 2018
auto.tcl: Setting watchdog for 200 seconds at Mon May 07 01:03:04 UTC 2018
1 ms. Memory: 647680K Free: 628387K (97%)
ptolemy.util.test.WatchDog.cancel(): canceling Mon May 07 01:03:04 UTC 2018
------------------ testing $PTII/ptolemy/domains/de/test/auto/sortWithOpaquePorts.xml
auto.tcl: Setting watchdog for 200 seconds at Mon May 07 01:03:04 UTC 2018
1 ms. Memory: 646144K Free: 621205K (96%)
ptolemy.util.test.WatchDog.cancel(): canceling Mon May 07 01:03:04 UTC 2018
auto.tcl: Setting watchdog for 200 seconds at Mon May 07 01:03:04 UTC 2018
2 ms. Memory: 646144K Free: 621205K (96%)
ptolemy.util.test.WatchDog.cancel(): canceling Mon May 07 01:03:04 UTC 2018
------------------ testing $PTII/ptolemy/domains/de/test/auto/transferInputsandOutputs.xml
auto.tcl: Setting watchdog for 200 seconds at Mon May 07 01:03:04 UTC 2018
3 ms. Memory: 647168K Free: 622216K (96%)
ptolemy.util.test.WatchDog.cancel(): canceling Mon May 07 01:03:04 UTC 2018
auto.tcl: Setting watchdog for 200 seconds at Mon May 07 01:03:04 UTC 2018
1 ms. Memory: 647168K Free: 622216K (96%)
ptolemy.util.test.WatchDog.cancel(): canceling Mon May 07 01:03:04 UTC 2018
------------------ testing $PTII/ptolemy/domains/de/test/auto/triggerType.xml
auto.tcl: Setting watchdog for 200 seconds at Mon May 07 01:03:04 UTC 2018
2 ms. Memory: 646144K Free: 621143K (96%)
ptolemy.util.test.WatchDog.cancel(): canceling Mon May 07 01:03:04 UTC 2018
auto.tcl: Setting watchdog for 200 seconds at Mon May 07 01:03:04 UTC 2018
0 ms. Memory: 646144K Free: 621143K (96%)
ptolemy.util.test.WatchDog.cancel(): canceling Mon May 07 01:03:04 UTC 2018
05/07/18 01:03:04
Failed: 0  Total Tests: 192  ((Passed: 187, Newly Passed: 1)  Known Failed: 5) /home/travis/build/icyphy/ptII/ptolemy/domains/de/test
05/07/18 01:03:05
Failed: 0  Total Tests: 192  ((Passed: 187, Newly Passed: 1)  Known Failed: 5) /home/travis/build/icyphy/ptII/ptolemy/domains/de/test
----------------- testing (KnownFailure) /home/travis/build/icyphy/ptII/ptolemy/domains/de/test/auto/knownFailedTests/DESDFClockTest.xml
2007 ms. Memory: 647168K Free: 610893K (94%)
Known Failure: java.lang.reflect.InvocationTargetException
----------------- testing (KnownFailure) /home/travis/build/icyphy/ptII/ptolemy/domains/de/test/auto/knownFailedTests/DirectFeedback.xml
1 ms. Memory: 647168K Free: 565714K (87%)
Known Failure: java.lang.reflect.InvocationTargetException
----------------- testing (KnownFailure) /home/travis/build/icyphy/ptII/ptolemy/domains/de/test/auto/knownFailedTests/FSMSource.xml
6 ms. Memory: 647168K Free: 520535K (80%)
----------------- testing (KnownFailure) /home/travis/build/icyphy/ptII/ptolemy/domains/de/test/auto/knownFailedTests/HierarchicalModel.xml
2 ms. Memory: 647168K Free: 486635K (75%)
Known Failure: java.lang.reflect.InvocationTargetException
----------------- testing (KnownFailure) /home/travis/build/icyphy/ptII/ptolemy/domains/de/test/auto/knownFailedTests/dependencyLoop.xml
2 ms. Memory: 647168K Free: 430153K (66%)
Known Failure: java.lang.reflect.InvocationTargetException
----------------- testing (KnownFailure) /home/travis/build/icyphy/ptII/ptolemy/domains/de/test/auto/knownFailedTests/dependencyLoop2.xml
6 ms. Memory: 647168K Free: 373663K (58%)
Known Failure: java.lang.reflect.InvocationTargetException
No auto/*.xml tests in /home/travis/build/icyphy/ptII/ptolemy/domains/de/test
AutoTests.java: About to close Vertx.
AutoTests.java: Vertx closed.
----------------- testing Mon May 07 01:03:07 UTC 2018 /home/travis/build/icyphy/ptII/ptolemy/domains/de/test/auto/ActorDepthCalculation_actorWithoutPorts.xml
----------------- Instantiating /home/travis/build/icyphy/ptII/ptolemy/domains/de/test/auto/ActorDepthCalculation_actorWithoutPorts.xml
2 ms. Memory: 647168K Free: 317189K (49%)
----------------- Invoking toplevel() on ptolemy.moml.MoMLSimpleApplication@2e5666e7
----------------- Done invoking toplevel() on ptolemy.moml.MoMLSimpleApplication@2e5666e7
reloadAllAccessors: .ActorDepthCalculation_actorWithoutPorts
----------------- testing Mon May 07 01:03:07 UTC 2018 /home/travis/build/icyphy/ptII/ptolemy/domains/de/test/auto/AssemblyLine.xml
----------------- Instantiating /home/travis/build/icyphy/ptII/ptolemy/domains/de/test/auto/AssemblyLine.xml
2 ms. Memory: 647168K Free: 294600K (46%)
----------------- Invoking toplevel() on ptolemy.moml.MoMLSimpleApplication@7d995f85
----------------- Done invoking toplevel() on ptolemy.moml.MoMLSimpleApplication@7d995f85
reloadAllAccessors: .AssemblyLine
----------------- testing Mon May 07 01:03:07 UTC 2018 /home/travis/build/icyphy/ptII/ptolemy/domains/de/test/auto/CQBug1.xml
----------------- Instantiating /home/travis/build/icyphy/ptII/ptolemy/domains/de/test/auto/CQBug1.xml
0 ms. Memory: 647168K Free: 272010K (42%)
----------------- Invoking toplevel() on ptolemy.moml.MoMLSimpleApplication@81ac269
----------------- Done invoking toplevel() on ptolemy.moml.MoMLSimpleApplication@81ac269
reloadAllAccessors: .CQBug1
----------------- testing Mon May 07 01:03:07 UTC 2018 /home/travis/build/icyphy/ptII/ptolemy/domains/de/test/auto/CancelFireAt.xml
----------------- Instantiating /home/travis/build/icyphy/ptII/ptolemy/domains/de/test/auto/CancelFireAt.xml
3 ms. Memory: 647168K Free: 249420K (39%)
----------------- Invoking toplevel() on ptolemy.moml.MoMLSimpleApplication@1369687e
----------------- Done invoking toplevel() on ptolemy.moml.MoMLSimpleApplication@1369687e
reloadAllAccessors: .CancelFireAt
----------------- testing Mon May 07 01:03:07 UTC 2018 /home/travis/build/icyphy/ptII/ptolemy/domains/de/test/auto/CausalityAndComposabilityAnalysis.xml
----------------- Instantiating /home/travis/build/icyphy/ptII/ptolemy/domains/de/test/auto/CausalityAndComposabilityAnalysis.xml
1 ms. Memory: 647168K Free: 226831K (35%)
----------------- Invoking toplevel() on ptolemy.moml.MoMLSimpleApplication@93928a6
----------------- Done invoking toplevel() on ptolemy.moml.MoMLSimpleApplication@93928a6
reloadAllAccessors: .CausalityAndComposabilityAnalysis
----------------- testing Mon May 07 01:03:07 UTC 2018 /home/travis/build/icyphy/ptII/ptolemy/domains/de/test/auto/CausalityInterface1.xml
----------------- Instantiating /home/travis/build/icyphy/ptII/ptolemy/domains/de/test/auto/CausalityInterface1.xml
4 ms. Memory: 647168K Free: 204241K (32%)
----------------- Invoking toplevel() on ptolemy.moml.MoMLSimpleApplication@340c8d9e
----------------- Done invoking toplevel() on ptolemy.moml.MoMLSimpleApplication@340c8d9e
reloadAllAccessors: .CausalityInterface1
----------------- testing Mon May 07 01:03:07 UTC 2018 /home/travis/build/icyphy/ptII/ptolemy/domains/de/test/auto/CausalityInterface15.xml
----------------- Instantiating /home/travis/build/icyphy/ptII/ptolemy/domains/de/test/auto/CausalityInterface15.xml
1 ms. Memory: 647168K Free: 181652K (28%)
----------------- Invoking toplevel() on ptolemy.moml.MoMLSimpleApplication@4249f56b
----------------- Done invoking toplevel() on ptolemy.moml.MoMLSimpleApplication@4249f56b
reloadAllAccessors: .CausalityInterface15
----------------- testing Mon May 07 01:03:07 UTC 2018 /home/travis/build/icyphy/ptII/ptolemy/domains/de/test/auto/CausalityInterface2.xml
----------------- Instantiating /home/travis/build/icyphy/ptII/ptolemy/domains/de/test/auto/CausalityInterface2.xml
1 ms. Memory: 647168K Free: 159062K (25%)
----------------- Invoking toplevel() on ptolemy.moml.MoMLSimpleApplication@239d9b92
----------------- Done invoking toplevel() on ptolemy.moml.MoMLSimpleApplication@239d9b92
reloadAllAccessors: .CausalityInterface2
----------------- testing Mon May 07 01:03:07 UTC 2018 /home/travis/build/icyphy/ptII/ptolemy/domains/de/test/auto/CausalityInterface3.xml
[...]
java.lang.RuntimeException: Execution failed
	at ptolemy.moml.MoMLSimpleApplication$UnloadThread.run(MoMLSimpleApplication.java:402)
Caused by: ptolemy.kernel.util.IllegalActionException: Test fails in iteration 1.
Value was: 1.0. Should have been: 2.0
  in .DirectFeedback.Test
	at ptolemy.actor.lib.Test.fire(Test.java:268)
	at ptolemy.domains.de.kernel.DEDirector._fire(DEDirector.java:1948)
	at ptolemy.domains.de.kernel.DEDirector.fire(DEDirector.java:502)
	at ptolemy.actor.CompositeActor.fire(CompositeActor.java:455)
	at ptolemy.actor.Manager.iterate(Manager.java:851)
	at ptolemy.actor.Manager.execute(Manager.java:369)
	at ptolemy.actor.Manager.run(Manager.java:1263)
	at ptolemy.actor.Manager$PtolemyRunThread.run(Manager.java:1915)
java.lang.RuntimeException: Execution failed
	at ptolemy.moml.MoMLSimpleApplication$UnloadThread.run(MoMLSimpleApplication.java:402)
Caused by: ptolemy.kernel.util.IllegalActionException: Actor is not ready to fire.  Perhaps UpSample.prefire() returned false? Try debugging the actor by selecting "Listen to Actor".  Also, for SDF check moml for tokenConsumptionRate on input.
  in .DESDFClockTest.Play Bell.Copy1:SDF Director and .DESDFClockTest.Play Bell.UpSample
	at ptolemy.actor.sched.StaticSchedulingDirector.fire(StaticSchedulingDirector.java:227)
	at ptolemy.domains.sdf.kernel.SDFDirector.fire(SDFDirector.java:500)
	at ptolemy.actor.CompositeActor.fire(CompositeActor.java:455)
	at ptolemy.domains.de.kernel.DEDirector._fire(DEDirector.java:1948)
	at ptolemy.domains.de.kernel.DEDirector.fire(DEDirector.java:502)
	at ptolemy.actor.CompositeActor.fire(CompositeActor.java:455)
	at ptolemy.actor.Manager.iterate(Manager.java:851)
	at ptolemy.actor.Manager.execute(Manager.java:369)
	at ptolemy.actor.Manager.run(Manager.java:1263)
	at ptolemy.actor.Manager$PtolemyRunThread.run(Manager.java:1915)
java.lang.reflect.InvocationTargetException
	at sun.reflect.NativeConstructorAccessorImpl.newInstance0(Native Method)
	at sun.reflect.NativeConstructorAccessorImpl.newInstance(NativeConstructorAccessorImpl.java:62)
	at sun.reflect.DelegatingConstructorAccessorImpl.newInstance(DelegatingConstructorAccessorImpl.java:45)
	at java.lang.reflect.Constructor.newInstance(Constructor.java:423)
	at ptolemy.util.test.junit.AutoKnownFailedTests.RunModel(AutoKnownFailedTests.java:107)
	at sun.reflect.NativeMethodAccessorImpl.invoke0(Native Method)
	at sun.reflect.NativeMethodAccessorImpl.invoke(NativeMethodAccessorImpl.java:62)
	at sun.reflect.DelegatingMethodAccessorImpl.invoke(DelegatingMethodAccessorImpl.java:43)
	at java.lang.reflect.Method.invoke(Method.java:498)
	at org.junit.runners.model.FrameworkMethod$1.runReflectiveCall(FrameworkMethod.java:44)
	at org.junit.internal.runners.model.ReflectiveCallable.run(ReflectiveCallable.java:15)
	at org.junit.runners.model.FrameworkMethod.invokeExplosively(FrameworkMethod.java:41)
	at junitparams.internal.InvokeParameterisedMethod.evaluate(InvokeParameterisedMethod.java:102)
	at org.junit.internal.runners.statements.FailOnTimeout$1.run(FailOnTimeout.java:28)
Caused by: ptolemy.kernel.util.IllegalActionException: Actor is not ready to fire.  Perhaps UpSample.prefire() returned false? Try debugging the actor by selecting "Listen to Actor".  Also, for SDF check moml for tokenConsumptionRate on input.
  in .DESDFClockTest.Play Bell.Copy1:SDF Director and .DESDFClockTest.Play Bell.UpSample
	at ptolemy.actor.sched.StaticSchedulingDirector.fire(StaticSchedulingDirector.java:227)
	at ptolemy.domains.sdf.kernel.SDFDirector.fire(SDFDirector.java:500)
	at ptolemy.actor.CompositeActor.fire(CompositeActor.java:455)
	at ptolemy.domains.de.kernel.DEDirector._fire(DEDirector.java:1948)
	at ptolemy.domains.de.kernel.DEDirector.fire(DEDirector.java:502)
	at ptolemy.actor.CompositeActor.fire(CompositeActor.java:455)
	at ptolemy.actor.Manager.iterate(Manager.java:851)
	at ptolemy.actor.Manager.execute(Manager.java:369)
	at ptolemy.actor.Manager.run(Manager.java:1263)
	at ptolemy.actor.Manager$PtolemyRunThread.run(Manager.java:1915)
java.lang.RuntimeException: Execution failed
	at ptolemy.moml.MoMLSimpleApplication$UnloadThread.run(MoMLSimpleApplication.java:402)
Caused by: ptolemy.kernel.util.IllegalActionException: Test fails in iteration 1.
Value was: 1.0. Should have been: 2.0
  in .DirectFeedback.Test
	at ptolemy.actor.lib.Test.fire(Test.java:268)
	at ptolemy.domains.de.kernel.DEDirector._fire(DEDirector.java:1948)
	at ptolemy.domains.de.kernel.DEDirector.fire(DEDirector.java:502)
	at ptolemy.actor.CompositeActor.fire(CompositeActor.java:455)
	at ptolemy.actor.Manager.iterate(Manager.java:851)
	at ptolemy.actor.Manager.execute(Manager.java:369)
	at ptolemy.actor.Manager.run(Manager.java:1263)
	at ptolemy.actor.Manager$PtolemyRunThread.run(Manager.java:1915)
java.lang.reflect.InvocationTargetException
	at sun.reflect.NativeConstructorAccessorImpl.newInstance0(Native Method)
	at sun.reflect.NativeConstructorAccessorImpl.newInstance(NativeConstructorAccessorImpl.java:62)
	at sun.reflect.DelegatingConstructorAccessorImpl.newInstance(DelegatingConstructorAccessorImpl.java:45)
	at java.lang.reflect.Constructor.newInstance(Constructor.java:423)
	at ptolemy.util.test.junit.AutoKnownFailedTests.RunModel(AutoKnownFailedTests.java:107)
	at sun.reflect.NativeMethodAccessorImpl.invoke0(Native Method)
	at sun.reflect.NativeMethodAccessorImpl.invoke(NativeMethodAccessorImpl.java:62)
	at sun.reflect.DelegatingMethodAccessorImpl.invoke(DelegatingMethodAccessorImpl.java:43)
	at java.lang.reflect.Method.invoke(Method.java:498)
	at org.junit.runners.model.FrameworkMethod$1.runReflectiveCall(FrameworkMethod.java:44)
	at org.junit.internal.runners.model.ReflectiveCallable.run(ReflectiveCallable.java:15)
	at org.junit.runners.model.FrameworkMethod.invokeExplosively(FrameworkMethod.java:41)
	at junitparams.internal.InvokeParameterisedMethod.evaluate(InvokeParameterisedMethod.java:102)
	at org.junit.internal.runners.statements.FailOnTimeout$1.run(FailOnTimeout.java:28)
Caused by: ptolemy.kernel.util.IllegalActionException: Test fails in iteration 1.
Value was: 1.0. Should have been: 2.0
  in .DirectFeedback.Test
	at ptolemy.actor.lib.Test.fire(Test.java:268)
	at ptolemy.domains.de.kernel.DEDirector._fire(DEDirector.java:1948)
	at ptolemy.domains.de.kernel.DEDirector.fire(DEDirector.java:502)
	at ptolemy.actor.CompositeActor.fire(CompositeActor.java:455)
	at ptolemy.actor.Manager.iterate(Manager.java:851)
	at ptolemy.actor.Manager.execute(Manager.java:369)
	at ptolemy.actor.Manager.run(Manager.java:1263)
	at ptolemy.actor.Manager$PtolemyRunThread.run(Manager.java:1915)
java.lang.RuntimeException: Execution failed
	at ptolemy.moml.MoMLSimpleApplication$UnloadThread.run(MoMLSimpleApplication.java:402)
Caused by: ptolemy.kernel.util.IllegalActionException: Found a zero delay loop containing .HierarchicalModel.A
  in .HierarchicalModel and .HierarchicalModel.A
	at ptolemy.actor.util.CausalityInterfaceForComposites._computeOutputPortDepth(CausalityInterfaceForComposites.java:759)
	at ptolemy.actor.util.CausalityInterfaceForComposites._computeInputDepth(CausalityInterfaceForComposites.java:696)
	at ptolemy.actor.util.CausalityInterfaceForComposites._computeOutputPortDepth(CausalityInterfaceForComposites.java:765)
	at ptolemy.actor.util.CausalityInterfaceForComposites._computeInputDepth(CausalityInterfaceForComposites.java:696)
	at ptolemy.actor.util.CausalityInterfaceForComposites._computeOutputPortDepth(CausalityInterfaceForComposites.java:765)
	at ptolemy.actor.util.CausalityInterfaceForComposites._computeInputDepth(CausalityInterfaceForComposites.java:696)
	at ptolemy.actor.util.CausalityInterfaceForComposites._computeActorDepth(CausalityInterfaceForComposites.java:532)
	at ptolemy.actor.util.CausalityInterfaceForComposites.checkForCycles(CausalityInterfaceForComposites.java:96)
	at ptolemy.domains.de.kernel.DEDirector.preinitialize(DEDirector.java:1337)
	at ptolemy.actor.CompositeActor.preinitialize(CompositeActor.java:1828)
	at ptolemy.actor.Manager.preinitializeAndResolveTypes(Manager.java:1040)
	at ptolemy.actor.Manager.initialize(Manager.java:710)
	at ptolemy.actor.Manager.execute(Manager.java:356)
	at ptolemy.actor.Manager.run(Manager.java:1263)
	at ptolemy.actor.Manager$PtolemyRunThread.run(Manager.java:1915)
java.lang.reflect.InvocationTargetException
	at sun.reflect.NativeConstructorAccessorImpl.newInstance0(Native Method)
	at sun.reflect.NativeConstructorAccessorImpl.newInstance(NativeConstructorAccessorImpl.java:62)
	at sun.reflect.DelegatingConstructorAccessorImpl.newInstance(DelegatingConstructorAccessorImpl.java:45)
	at java.lang.reflect.Constructor.newInstance(Constructor.java:423)
	at ptolemy.util.test.junit.AutoKnownFailedTests.RunModel(AutoKnownFailedTests.java:107)
	at sun.reflect.NativeMethodAccessorImpl.invoke0(Native Method)
	at sun.reflect.NativeMethodAccessorImpl.invoke(NativeMethodAccessorImpl.java:62)
	at sun.reflect.DelegatingMethodAccessorImpl.invoke(DelegatingMethodAccessorImpl.java:43)
	at java.lang.reflect.Method.invoke(Method.java:498)
	at org.junit.runners.model.FrameworkMethod$1.runReflectiveCall(FrameworkMethod.java:44)
	at org.junit.internal.runners.model.ReflectiveCallable.run(ReflectiveCallable.java:15)
	at org.junit.runners.model.FrameworkMethod.invokeExplosively(FrameworkMethod.java:41)
	at junitparams.internal.InvokeParameterisedMethod.evaluate(InvokeParameterisedMethod.java:102)
	at org.junit.internal.runners.statements.FailOnTimeout$1.run(FailOnTimeout.java:28)
Caused by: ptolemy.kernel.util.IllegalActionException: Found a zero delay loop containing .HierarchicalModel.A
  in .HierarchicalModel and .HierarchicalModel.A
	at ptolemy.actor.util.CausalityInterfaceForComposites._computeOutputPortDepth(CausalityInterfaceForComposites.java:759)
	at ptolemy.actor.util.CausalityInterfaceForComposites._computeInputDepth(CausalityInterfaceForComposites.java:696)
	at ptolemy.actor.util.CausalityInterfaceForComposites._computeOutputPortDepth(CausalityInterfaceForComposites.java:765)
	at ptolemy.actor.util.CausalityInterfaceForComposites._computeInputDepth(CausalityInterfaceForComposites.java:696)
	at ptolemy.actor.util.CausalityInterfaceForComposites._computeOutputPortDepth(CausalityInterfaceForComposites.java:765)
	at ptolemy.actor.util.CausalityInterfaceForComposites._computeInputDepth(CausalityInterfaceForComposites.java:696)
	at ptolemy.actor.util.CausalityInterfaceForComposites._computeActorDepth(CausalityInterfaceForComposites.java:532)
	at ptolemy.actor.util.CausalityInterfaceForComposites.checkForCycles(CausalityInterfaceForComposites.java:96)
	at ptolemy.domains.de.kernel.DEDirector.preinitialize(DEDirector.java:1337)
	at ptolemy.actor.CompositeActor.preinitialize(CompositeActor.java:1828)
	at ptolemy.actor.Manager.preinitializeAndResolveTypes(Manager.java:1040)
	at ptolemy.actor.Manager.initialize(Manager.java:710)
	at ptolemy.actor.Manager.execute(Manager.java:356)
	at ptolemy.actor.Manager.run(Manager.java:1263)
	at ptolemy.actor.Manager$PtolemyRunThread.run(Manager.java:1915)
java.lang.RuntimeException: Execution failed
	at ptolemy.moml.MoMLSimpleApplication$UnloadThread.run(MoMLSimpleApplication.java:402)
Caused by: ptolemy.kernel.util.IllegalActionException: Found a zero delay loop containing .dependencyLoop.original
  in .dependencyLoop and .dependencyLoop.original
	at ptolemy.actor.util.CausalityInterfaceForComposites._computeOutputPortDepth(CausalityInterfaceForComposites.java:759)
	at ptolemy.actor.util.CausalityInterfaceForComposites._computeInputDepth(CausalityInterfaceForComposites.java:696)
	at ptolemy.actor.util.CausalityInterfaceForComposites._computeOutputPortDepth(CausalityInterfaceForComposites.java:765)
	at ptolemy.actor.util.CausalityInterfaceForComposites._computeInputDepth(CausalityInterfaceForComposites.java:696)
	at ptolemy.actor.util.CausalityInterfaceForComposites._computeOutputPortDepth(CausalityInterfaceForComposites.java:765)
	at ptolemy.actor.util.CausalityInterfaceForComposites._computeInputDepth(CausalityInterfaceForComposites.java:696)
	at ptolemy.actor.util.CausalityInterfaceForComposites._computeActorDepth(CausalityInterfaceForComposites.java:532)
	at ptolemy.actor.util.CausalityInterfaceForComposites.checkForCycles(CausalityInterfaceForComposites.java:96)
	at ptolemy.domains.de.kernel.DEDirector.preinitialize(DEDirector.java:1337)
	at ptolemy.actor.CompositeActor.preinitialize(CompositeActor.java:1828)
	at ptolemy.actor.Manager.preinitializeAndResolveTypes(Manager.java:1040)
	at ptolemy.actor.Manager.initialize(Manager.java:710)
	at ptolemy.actor.Manager.execute(Manager.java:356)
	at ptolemy.actor.Manager.run(Manager.java:1263)
	at ptolemy.actor.Manager$PtolemyRunThread.run(Manager.java:1915)
java.lang.reflect.InvocationTargetException
	at sun.reflect.NativeConstructorAccessorImpl.newInstance0(Native Method)
	at sun.reflect.NativeConstructorAccessorImpl.newInstance(NativeConstructorAccessorImpl.java:62)
	at sun.reflect.DelegatingConstructorAccessorImpl.newInstance(DelegatingConstructorAccessorImpl.java:45)
	at java.lang.reflect.Constructor.newInstance(Constructor.java:423)
	at ptolemy.util.test.junit.AutoKnownFailedTests.RunModel(AutoKnownFailedTests.java:107)
	at sun.reflect.NativeMethodAccessorImpl.invoke0(Native Method)
	at sun.reflect.NativeMethodAccessorImpl.invoke(NativeMethodAccessorImpl.java:62)
	at sun.reflect.DelegatingMethodAccessorImpl.invoke(DelegatingMethodAccessorImpl.java:43)
	at java.lang.reflect.Method.invoke(Method.java:498)
	at org.junit.runners.model.FrameworkMethod$1.runReflectiveCall(FrameworkMethod.java:44)
	at org.junit.internal.runners.model.ReflectiveCallable.run(ReflectiveCallable.java:15)
	at org.junit.runners.model.FrameworkMethod.invokeExplosively(FrameworkMethod.java:41)
	at junitparams.internal.InvokeParameterisedMethod.evaluate(InvokeParameterisedMethod.java:102)
	at org.junit.internal.runners.statements.FailOnTimeout$1.run(FailOnTimeout.java:28)
Caused by: ptolemy.kernel.util.IllegalActionException: Found a zero delay loop containing .dependencyLoop.original
  in .dependencyLoop and .dependencyLoop.original
	at ptolemy.actor.util.CausalityInterfaceForComposites._computeOutputPortDepth(CausalityInterfaceForComposites.java:759)
	at ptolemy.actor.util.CausalityInterfaceForComposites._computeInputDepth(CausalityInterfaceForComposites.java:696)
	at ptolemy.actor.util.CausalityInterfaceForComposites._computeOutputPortDepth(CausalityInterfaceForComposites.java:765)
	at ptolemy.actor.util.CausalityInterfaceForComposites._computeInputDepth(CausalityInterfaceForComposites.java:696)
	at ptolemy.actor.util.CausalityInterfaceForComposites._computeOutputPortDepth(CausalityInterfaceForComposites.java:765)
	at ptolemy.actor.util.CausalityInterfaceForComposites._computeInputDepth(CausalityInterfaceForComposites.java:696)
	at ptolemy.actor.util.CausalityInterfaceForComposites._computeActorDepth(CausalityInterfaceForComposites.java:532)
	at ptolemy.actor.util.CausalityInterfaceForComposites.checkForCycles(CausalityInterfaceForComposites.java:96)
	at ptolemy.domains.de.kernel.DEDirector.preinitialize(DEDirector.java:1337)
	at ptolemy.actor.CompositeActor.preinitialize(CompositeActor.java:1828)
	at ptolemy.actor.Manager.preinitializeAndResolveTypes(Manager.java:1040)
	at ptolemy.actor.Manager.initialize(Manager.java:710)
	at ptolemy.actor.Manager.execute(Manager.java:356)
	at ptolemy.actor.Manager.run(Manager.java:1263)
	at ptolemy.actor.Manager$PtolemyRunThread.run(Manager.java:1915)
java.lang.RuntimeException: Execution failed
	at ptolemy.moml.MoMLSimpleApplication$UnloadThread.run(MoMLSimpleApplication.java:402)
Caused by: ptolemy.kernel.util.IllegalActionException: Found a zero delay loop containing .dependencyLoop2.original
  in .dependencyLoop2 and .dependencyLoop2.original
	at ptolemy.actor.util.CausalityInterfaceForComposites._computeOutputPortDepth(CausalityInterfaceForComposites.java:759)
	at ptolemy.actor.util.CausalityInterfaceForComposites._computeInputDepth(CausalityInterfaceForComposites.java:696)
	at ptolemy.actor.util.CausalityInterfaceForComposites._computeOutputPortDepth(CausalityInterfaceForComposites.java:765)
	at ptolemy.actor.util.CausalityInterfaceForComposites._computeInputDepth(CausalityInterfaceForComposites.java:696)
	at ptolemy.actor.util.CausalityInterfaceForComposites._computeOutputPortDepth(CausalityInterfaceForComposites.java:765)
	at ptolemy.actor.util.CausalityInterfaceForComposites._computeInputDepth(CausalityInterfaceForComposites.java:696)
	at ptolemy.actor.util.CausalityInterfaceForComposites._computeActorDepth(CausalityInterfaceForComposites.java:532)
	at ptolemy.actor.util.CausalityInterfaceForComposites.checkForCycles(CausalityInterfaceForComposites.java:96)
	at ptolemy.domains.de.kernel.DEDirector.preinitialize(DEDirector.java:1337)
	at ptolemy.actor.CompositeActor.preinitialize(CompositeActor.java:1828)
	at ptolemy.actor.Manager.preinitializeAndResolveTypes(Manager.java:1040)
	at ptolemy.actor.Manager.initialize(Manager.java:710)
	at ptolemy.actor.Manager.execute(Manager.java:356)
	at ptolemy.actor.Manager.run(Manager.java:1263)
	at ptolemy.actor.Manager$PtolemyRunThread.run(Manager.java:1915)
java.lang.reflect.InvocationTargetException
	at sun.reflect.NativeConstructorAccessorImpl.newInstance0(Native Method)
	at sun.reflect.NativeConstructorAccessorImpl.newInstance(NativeConstructorAccessorImpl.java:62)
	at sun.reflect.DelegatingConstructorAccessorImpl.newInstance(DelegatingConstructorAccessorImpl.java:45)
	at java.lang.reflect.Constructor.newInstance(Constructor.java:423)
	at ptolemy.util.test.junit.AutoKnownFailedTests.RunModel(AutoKnownFailedTests.java:107)
	at sun.reflect.NativeMethodAccessorImpl.invoke0(Native Method)
	at sun.reflect.NativeMethodAccessorImpl.invoke(NativeMethodAccessorImpl.java:62)
	at sun.reflect.DelegatingMethodAccessorImpl.invoke(DelegatingMethodAccessorImpl.java:43)
	at java.lang.reflect.Method.invoke(Method.java:498)
	at org.junit.runners.model.FrameworkMethod$1.runReflectiveCall(FrameworkMethod.java:44)
	at org.junit.internal.runners.model.ReflectiveCallable.run(ReflectiveCallable.java:15)
	at org.junit.runners.model.FrameworkMethod.invokeExplosively(FrameworkMethod.java:41)
	at junitparams.internal.InvokeParameterisedMethod.evaluate(InvokeParameterisedMethod.java:102)
	at org.junit.internal.runners.statements.FailOnTimeout$1.run(FailOnTimeout.java:28)
Caused by: ptolemy.kernel.util.IllegalActionException: Found a zero delay loop containing .dependencyLoop2.original
  in .dependencyLoop2 and .dependencyLoop2.original
	at ptolemy.actor.util.CausalityInterfaceForComposites._computeOutputPortDepth(CausalityInterfaceForComposites.java:759)
	at ptolemy.actor.util.CausalityInterfaceForComposites._computeInputDepth(CausalityInterfaceForComposites.java:696)
	at ptolemy.actor.util.CausalityInterfaceForComposites._computeOutputPortDepth(CausalityInterfaceForComposites.java:765)
	at ptolemy.actor.util.CausalityInterfaceForComposites._computeInputDepth(CausalityInterfaceForComposites.java:696)
	at ptolemy.actor.util.CausalityInterfaceForComposites._computeOutputPortDepth(CausalityInterfaceForComposites.java:765)
	at ptolemy.actor.util.CausalityInterfaceForComposites._computeInputDepth(CausalityInterfaceForComposites.java:696)
	at ptolemy.actor.util.CausalityInterfaceForComposites._computeActorDepth(CausalityInterfaceForComposites.java:532)
	at ptolemy.actor.util.CausalityInterfaceForComposites.checkForCycles(CausalityInterfaceForComposites.java:96)
	at ptolemy.domains.de.kernel.DEDirector.preinitialize(DEDirector.java:1337)
	at ptolemy.actor.CompositeActor.preinitialize(CompositeActor.java:1828)
	at ptolemy.actor.Manager.preinitializeAndResolveTypes(Manager.java:1040)
	at ptolemy.actor.Manager.initialize(Manager.java:710)
	at ptolemy.actor.Manager.execute(Manager.java:356)
	at ptolemy.actor.Manager.run(Manager.java:1263)
	at ptolemy.actor.Manager$PtolemyRunThread.run(Manager.java:1915)
]]></system-err>
</testsuite>
