<?xml version="1.0" encoding="UTF-8" ?>
<testsuite errors="0" failures="0" hostname="travis-job-cdaf2992-9217-4d27-8a2a-ef436837bdfc" name="ptolemy.domains.hdf.kernel.test.junit.JUnitTclTest" skipped="0" tests="39" time="7.325" timestamp="2018-05-22T18:25:42">
  <properties>
[...]
</properties>
  <testcase classname="ptolemy.util.test.junit.TclTests" name="[0] /home/travis/build/icyphy/ptII/ptolemy/domains/hdf/kernel/test/RateErrorChecking.tcl (RunTclFile)" time="0.217" />
  <testcase classname="ptolemy.util.test.junit.AutoKnownFailedTests" name="[0] /home/travis/build/icyphy/ptII/ptolemy/domains/hdf/kernel/test/auto/knownFailedTests/badFSMRateChanges.xml (RunModel)" time="0.506" />
  <testcase classname="ptolemy.util.test.junit.AutoNameArchTests" name="[0] ThereAreNoAutoTests (RunModel)" time="0.0" />
  <testcase classname="ptolemy.util.test.junit.AutoTests" name="[0] /home/travis/build/icyphy/ptII/ptolemy/domains/hdf/kernel/test/auto/ConstVariableRateTest.xml (RunModel)" time="0.251" />
  <testcase classname="ptolemy.util.test.junit.AutoTests" name="[1] /home/travis/build/icyphy/ptII/ptolemy/domains/hdf/kernel/test/auto/DifferentRefinedRates.xml (RunModel)" time="0.136" />
  <testcase classname="ptolemy.util.test.junit.AutoTests" name="[2] /home/travis/build/icyphy/ptII/ptolemy/domains/hdf/kernel/test/auto/DifferentRefinedRates2.xml (RunModel)" time="0.142" />
  <testcase classname="ptolemy.util.test.junit.AutoTests" name="[3] /home/travis/build/icyphy/ptII/ptolemy/domains/hdf/kernel/test/auto/DifferentRefinedRates3.xml (RunModel)" time="0.117" />
  <testcase classname="ptolemy.util.test.junit.AutoTests" name="[4] /home/travis/build/icyphy/ptII/ptolemy/domains/hdf/kernel/test/auto/DifferentRefinedRates4.xml (RunModel)" time="0.267" />
  <testcase classname="ptolemy.util.test.junit.AutoTests" name="[5] /home/travis/build/icyphy/ptII/ptolemy/domains/hdf/kernel/test/auto/DifferentRefinedRates5.xml (RunModel)" time="0.196" />
  <testcase classname="ptolemy.util.test.junit.AutoTests" name="[6] /home/travis/build/icyphy/ptII/ptolemy/domains/hdf/kernel/test/auto/DifferentRefinedRates6.xml (RunModel)" time="0.109" />
  <testcase classname="ptolemy.util.test.junit.AutoTests" name="[7] /home/travis/build/icyphy/ptII/ptolemy/domains/hdf/kernel/test/auto/DownSample_PowerOfTwo.xml (RunModel)" time="0.325" />
  <testcase classname="ptolemy.util.test.junit.AutoTests" name="[8] /home/travis/build/icyphy/ptII/ptolemy/domains/hdf/kernel/test/auto/FibonacciWithNullInitial.xml (RunModel)" time="0.282" />
  <testcase classname="ptolemy.util.test.junit.AutoTests" name="[9] /home/travis/build/icyphy/ptII/ptolemy/domains/hdf/kernel/test/auto/FibonacciWithNullInitial1.xml (RunModel)" time="0.271" />
  <testcase classname="ptolemy.util.test.junit.AutoTests" name="[10] /home/travis/build/icyphy/ptII/ptolemy/domains/hdf/kernel/test/auto/FibonacciWithTransientStates.xml (RunModel)" time="0.229" />
  <testcase classname="ptolemy.util.test.junit.AutoTests" name="[11] /home/travis/build/icyphy/ptII/ptolemy/domains/hdf/kernel/test/auto/FibonacciWithTransientStates2.xml (RunModel)" time="0.121" />
  <testcase classname="ptolemy.util.test.junit.AutoTests" name="[12] /home/travis/build/icyphy/ptII/ptolemy/domains/hdf/kernel/test/auto/FibonacciWithoutHistoryInitial.xml (RunModel)" time="0.231" />
  <testcase classname="ptolemy.util.test.junit.AutoTests" name="[13] /home/travis/build/icyphy/ptII/ptolemy/domains/hdf/kernel/test/auto/GuardUsingPastTokens.xml (RunModel)" time="0.119" />
  <testcase classname="ptolemy.util.test.junit.AutoTests" name="[14] /home/travis/build/icyphy/ptII/ptolemy/domains/hdf/kernel/test/auto/GuardWithResets.xml (RunModel)" time="0.159" />
  <testcase classname="ptolemy.util.test.junit.AutoTests" name="[15] /home/travis/build/icyphy/ptII/ptolemy/domains/hdf/kernel/test/auto/Hierarchy_2Level_Test1.xml (RunModel)" time="0.096" />
  <testcase classname="ptolemy.util.test.junit.AutoTests" name="[16] /home/travis/build/icyphy/ptII/ptolemy/domains/hdf/kernel/test/auto/Hierarchy_2Level_Test2.xml (RunModel)" time="0.11" />
  <testcase classname="ptolemy.util.test.junit.AutoTests" name="[17] /home/travis/build/icyphy/ptII/ptolemy/domains/hdf/kernel/test/auto/Hysteresis.xml (RunModel)" time="0.06" />
  <testcase classname="ptolemy.util.test.junit.AutoTests" name="[18] /home/travis/build/icyphy/ptII/ptolemy/domains/hdf/kernel/test/auto/InitTransient.xml (RunModel)" time="0.105" />
  <testcase classname="ptolemy.util.test.junit.AutoTests" name="[19] /home/travis/build/icyphy/ptII/ptolemy/domains/hdf/kernel/test/auto/Merge.xml (RunModel)" time="0.108" />
  <testcase classname="ptolemy.util.test.junit.AutoTests" name="[20] /home/travis/build/icyphy/ptII/ptolemy/domains/hdf/kernel/test/auto/ModalModelBooleanSwitch.xml (RunModel)" time="0.157" />
  <testcase classname="ptolemy.util.test.junit.AutoTests" name="[21] /home/travis/build/icyphy/ptII/ptolemy/domains/hdf/kernel/test/auto/SameRates.xml (RunModel)" time="0.09" />
  <testcase classname="ptolemy.util.test.junit.AutoTests" name="[22] /home/travis/build/icyphy/ptII/ptolemy/domains/hdf/kernel/test/auto/SameRefinedRates.xml (RunModel)" time="0.073" />
  <testcase classname="ptolemy.util.test.junit.AutoTests" name="[23] /home/travis/build/icyphy/ptII/ptolemy/domains/hdf/kernel/test/auto/SameRefinedRates2.xml (RunModel)" time="0.083" />
  <testcase classname="ptolemy.util.test.junit.AutoTests" name="[24] /home/travis/build/icyphy/ptII/ptolemy/domains/hdf/kernel/test/auto/TransientStates.xml (RunModel)" time="0.102" />
  <testcase classname="ptolemy.util.test.junit.AutoTests" name="[25] /home/travis/build/icyphy/ptII/ptolemy/domains/hdf/kernel/test/auto/TwoHammingCodec.xml (RunModel)" time="0.139" />
  <testcase classname="ptolemy.util.test.junit.AutoTests" name="[26] /home/travis/build/icyphy/ptII/ptolemy/domains/hdf/kernel/test/auto/TwoHammingCodec1.xml (RunModel)" time="0.14" />
  <testcase classname="ptolemy.util.test.junit.AutoTests" name="[27] /home/travis/build/icyphy/ptII/ptolemy/domains/hdf/kernel/test/auto/TwoLevelHierarchy.xml (RunModel)" time="0.28" />
  <testcase classname="ptolemy.util.test.junit.AutoTests" name="[28] /home/travis/build/icyphy/ptII/ptolemy/domains/hdf/kernel/test/auto/TwoLevelHierarchy1.xml (RunModel)" time="0.226" />
  <testcase classname="ptolemy.util.test.junit.AutoTests" name="[29] /home/travis/build/icyphy/ptII/ptolemy/domains/hdf/kernel/test/auto/TwoLevelHierarchy2.xml (RunModel)" time="0.195" />
  <testcase classname="ptolemy.util.test.junit.AutoTests" name="[30] /home/travis/build/icyphy/ptII/ptolemy/domains/hdf/kernel/test/auto/TwoLevelHierarchyNullStates.xml (RunModel)" time="0.228" />
  <testcase classname="ptolemy.util.test.junit.AutoTests" name="[31] /home/travis/build/icyphy/ptII/ptolemy/domains/hdf/kernel/test/auto/TwoLevelHierarchyWithResets.xml (RunModel)" time="0.248" />
  <testcase classname="ptolemy.util.test.junit.AutoTests" name="[32] /home/travis/build/icyphy/ptII/ptolemy/domains/hdf/kernel/test/auto/TwoLevelHierarchyWithResetsNullStates.xml (RunModel)" time="0.258" />
  <testcase classname="ptolemy.util.test.junit.AutoTests" name="[33] /home/travis/build/icyphy/ptII/ptolemy/domains/hdf/kernel/test/auto/WaterTank_HDF.xml (RunModel)" time="0.172" />
  <testcase classname="ptolemy.util.test.junit.AutoTests" name="[34] /home/travis/build/icyphy/ptII/ptolemy/domains/hdf/kernel/test/auto/WaterTank_HDF2.xml (RunModel)" time="0.192" />
  <testcase classname="ptolemy.util.test.junit.AutoTests" name="[35] /home/travis/build/icyphy/ptII/ptolemy/domains/hdf/kernel/test/auto/badFSMRateChanges.xml (RunModel)" time="0.078" />
  <system-out><![CDATA[/home/travis/build/icyphy/ptII/ptolemy/domains/hdf/kernel/test/RateErrorChecking.tcl
testDefs.tcl: setting time out to 9000 seconds at Tue May 22 18:25:42 UTC 2018


==== $PTII/ptolemy/domains/hdf/kernel/test/RateErrorChecking.tcl: RateErrorChecking-1.0 
==== Contents of test case:

    catch {createAndExecute "badFSMRateChanges.xml"} foo
    list $foo

==== Result was:
{java.io.FileNotFoundException: /home/travis/build/icyphy/ptII/ptolemy/domains/hdf/kernel/test/badFSMRateChanges.xml (No such file or directory)}
---- KNOWN Failure, Result should have been:
{ptolemy.kernel.util.IllegalActionException: Failed to compute schedule:
  in .badFSMRateChanges.SDF Director
Because:
The SDF rate parameter may change. This is not allowed in SDF models that will be run through the code generator.  If you don't care about code generation, then you might consider setting the allowRateChanges parameter of the SDF director to false.
    in .badFSMRateChanges.typed composite actor.output.tokenProductionRate}
---- RateErrorChecking-1.0 Failed, but this is a KNOWN failure
05/22/18 06:25:42
Failed: 0  Total Tests: 1  ((Passed: 0, Newly Passed: 0)  Known Failed: 1) /home/travis/build/icyphy/ptII/ptolemy/domains/hdf/kernel/test
----------------- testing (KnownFailure) /home/travis/build/icyphy/ptII/ptolemy/domains/hdf/kernel/test/auto/knownFailedTests/badFSMRateChanges.xml
97 ms. Memory: 116224K Free: 95426K (82%)
No auto/*.xml tests in /home/travis/build/icyphy/ptII/ptolemy/domains/hdf/kernel/test
AutoTests.java: About to close Vertx.
AutoTests.java: Vertx closed.
----------------- testing Tue May 22 18:25:43 UTC 2018 /home/travis/build/icyphy/ptII/ptolemy/domains/hdf/kernel/test/auto/ConstVariableRateTest.xml
----------------- Instantiating /home/travis/build/icyphy/ptII/ptolemy/domains/hdf/kernel/test/auto/ConstVariableRateTest.xml
41 ms. Memory: 116224K Free: 84401K (73%)
----------------- Invoking toplevel() on ptolemy.moml.MoMLSimpleApplication@606e9fcf
----------------- Done invoking toplevel() on ptolemy.moml.MoMLSimpleApplication@606e9fcf
reloadAllAccessors: .ConstVariableRateTest
----------------- testing Tue May 22 18:25:44 UTC 2018 /home/travis/build/icyphy/ptII/ptolemy/domains/hdf/kernel/test/auto/DifferentRefinedRates.xml
----------------- Instantiating /home/travis/build/icyphy/ptII/ptolemy/domains/hdf/kernel/test/auto/DifferentRefinedRates.xml
41 ms. Memory: 116224K Free: 99476K (86%)
----------------- Invoking toplevel() on ptolemy.moml.MoMLSimpleApplication@532a6fd3
----------------- Done invoking toplevel() on ptolemy.moml.MoMLSimpleApplication@532a6fd3
reloadAllAccessors: .DifferentRefinedRates
----------------- testing Tue May 22 18:25:44 UTC 2018 /home/travis/build/icyphy/ptII/ptolemy/domains/hdf/kernel/test/auto/DifferentRefinedRates2.xml
----------------- Instantiating /home/travis/build/icyphy/ptII/ptolemy/domains/hdf/kernel/test/auto/DifferentRefinedRates2.xml
41 ms. Memory: 116224K Free: 83602K (72%)
----------------- Invoking toplevel() on ptolemy.moml.MoMLSimpleApplication@3983f95e
----------------- Done invoking toplevel() on ptolemy.moml.MoMLSimpleApplication@3983f95e
reloadAllAccessors: .DifferentRefinedRates2
----------------- testing Tue May 22 18:25:44 UTC 2018 /home/travis/build/icyphy/ptII/ptolemy/domains/hdf/kernel/test/auto/DifferentRefinedRates3.xml
----------------- Instantiating /home/travis/build/icyphy/ptII/ptolemy/domains/hdf/kernel/test/auto/DifferentRefinedRates3.xml
36 ms. Memory: 146944K Free: 132786K (90%)
----------------- Invoking toplevel() on ptolemy.moml.MoMLSimpleApplication@6175013b
----------------- Done invoking toplevel() on ptolemy.moml.MoMLSimpleApplication@6175013b
reloadAllAccessors: .DifferentRefinedRates3
----------------- testing Tue May 22 18:25:44 UTC 2018 /home/travis/build/icyphy/ptII/ptolemy/domains/hdf/kernel/test/auto/DifferentRefinedRates4.xml
----------------- Instantiating /home/travis/build/icyphy/ptII/ptolemy/domains/hdf/kernel/test/auto/DifferentRefinedRates4.xml
93 ms. Memory: 146944K Free: 114529K (78%)
----------------- Invoking toplevel() on ptolemy.moml.MoMLSimpleApplication@47f357e7
----------------- Done invoking toplevel() on ptolemy.moml.MoMLSimpleApplication@47f357e7
reloadAllAccessors: .NewHDFtest1
----------------- testing Tue May 22 18:25:44 UTC 2018 /home/travis/build/icyphy/ptII/ptolemy/domains/hdf/kernel/test/auto/DifferentRefinedRates5.xml
----------------- Instantiating /home/travis/build/icyphy/ptII/ptolemy/domains/hdf/kernel/test/auto/DifferentRefinedRates5.xml
63 ms. Memory: 146944K Free: 97213K (66%)
----------------- Invoking toplevel() on ptolemy.moml.MoMLSimpleApplication@4e477751
----------------- Done invoking toplevel() on ptolemy.moml.MoMLSimpleApplication@4e477751
reloadAllAccessors: .NewHDFtest2
----------------- testing Tue May 22 18:25:44 UTC 2018 /home/travis/build/icyphy/ptII/ptolemy/domains/hdf/kernel/test/auto/DifferentRefinedRates6.xml
----------------- Instantiating /home/travis/build/icyphy/ptII/ptolemy/domains/hdf/kernel/test/auto/DifferentRefinedRates6.xml
32 ms. Memory: 146944K Free: 81985K (56%)
----------------- Invoking toplevel() on ptolemy.moml.MoMLSimpleApplication@38a00575
----------------- Done invoking toplevel() on ptolemy.moml.MoMLSimpleApplication@38a00575
reloadAllAccessors: .DifferentRefinedRates6
----------------- testing Tue May 22 18:25:45 UTC 2018 /home/travis/build/icyphy/ptII/ptolemy/domains/hdf/kernel/test/auto/DownSample_PowerOfTwo.xml
----------------- Instantiating /home/travis/build/icyphy/ptII/ptolemy/domains/hdf/kernel/test/auto/DownSample_PowerOfTwo.xml
251 ms. Memory: 146944K Free: 116486K (79%)
----------------- Invoking toplevel() on ptolemy.moml.MoMLSimpleApplication@13c56ba0
----------------- Done invoking toplevel() on ptolemy.moml.MoMLSimpleApplication@13c56ba0
reloadAllAccessors: .SDFDownSample
----------------- testing Tue May 22 18:25:45 UTC 2018 /home/travis/build/icyphy/ptII/ptolemy/domains/hdf/kernel/test/auto/FibonacciWithNullInitial.xml
----------------- Instantiating /home/travis/build/icyphy/ptII/ptolemy/domains/hdf/kernel/test/auto/FibonacciWithNullInitial.xml
201 ms. Memory: 146944K Free: 90491K (62%)
----------------- Invoking toplevel() on ptolemy.moml.MoMLSimpleApplication@55ab4c7f
----------------- Done invoking toplevel() on ptolemy.moml.MoMLSimpleApplication@55ab4c7f
reloadAllAccessors: .FibonacciWithNullInitial
----------------- testing Tue May 22 18:25:45 UTC 2018 /home/travis/build/icyphy/ptII/ptolemy/domains/hdf/kernel/test/auto/FibonacciWithNullInitial1.xml
----------------- Instantiating /home/travis/build/icyphy/ptII/ptolemy/domains/hdf/kernel/test/auto/FibonacciWithNullInitial1.xml
193 ms. Memory: 208896K Free: 187171K (90%)
----------------- Invoking toplevel() on ptolemy.moml.MoMLSimpleApplication@2f8f96ee
----------------- Done invoking toplevel() on ptolemy.moml.MoMLSimpleApplication@2f8f96ee
reloadAllAccessors: .FibonacciWithNullInitial1
----------------- testing Tue May 22 18:25:45 UTC 2018 /home/travis/build/icyphy/ptII/ptolemy/domains/hdf/kernel/test/auto/FibonacciWithTransientStates.xml
----------------- Instantiating /home/travis/build/icyphy/ptII/ptolemy/domains/hdf/kernel/test/auto/FibonacciWithTransientStates.xml
166 ms. Memory: 208896K Free: 155614K (74%)
----------------- Invoking toplevel() on ptolemy.moml.MoMLSimpleApplication@15c5b2a3
----------------- Done invoking toplevel() on ptolemy.moml.MoMLSimpleApplication@15c5b2a3
reloadAllAccessors: .FibonacciWithTransientStates
----------------- testing Tue May 22 18:25:46 UTC 2018 /home/travis/build/icyphy/ptII/ptolemy/domains/hdf/kernel/test/auto/FibonacciWithTransientStates2.xml
----------------- Instantiating /home/travis/build/icyphy/ptII/ptolemy/domains/hdf/kernel/test/auto/FibonacciWithTransientStates2.xml
44 ms. Memory: 208896K Free: 132137K (63%)
----------------- Invoking toplevel() on ptolemy.moml.MoMLSimpleApplication@5f61aefe
----------------- Done invoking toplevel() on ptolemy.moml.MoMLSimpleApplication@5f61aefe
reloadAllAccessors: .FibonacciWithTransientStates2
----------------- testing Tue May 22 18:25:46 UTC 2018 /home/travis/build/icyphy/ptII/ptolemy/domains/hdf/kernel/test/auto/FibonacciWithoutHistoryInitial.xml
----------------- Instantiating /home/travis/build/icyphy/ptII/ptolemy/domains/hdf/kernel/test/auto/FibonacciWithoutHistoryInitial.xml
169 ms. Memory: 208896K Free: 107512K (51%)
----------------- Invoking toplevel() on ptolemy.moml.MoMLSimpleApplication@13100156
----------------- Done invoking toplevel() on ptolemy.moml.MoMLSimpleApplication@13100156
reloadAllAccessors: .FibonacciWithoutHistoryInitial
----------------- testing Tue May 22 18:25:46 UTC 2018 /home/travis/build/icyphy/ptII/ptolemy/domains/hdf/kernel/test/auto/GuardUsingPastTokens.xml
----------------- Instantiating /home/travis/build/icyphy/ptII/ptolemy/domains/hdf/kernel/test/auto/GuardUsingPastTokens.xml
33 ms. Memory: 208896K Free: 89850K (43%)
----------------- Invoking toplevel() on ptolemy.moml.MoMLSimpleApplication@11a0e56
----------------- Done invoking toplevel() on ptolemy.moml.MoMLSimpleApplication@11a0e56
reloadAllAccessors: .GuardUsingPastTokens
----------------- testing Tue May 22 18:25:46 UTC 2018 /home/travis/build/icyphy/ptII/ptolemy/domains/hdf/kernel/test/auto/GuardWithResets.xml
----------------- Instantiating /home/travis/build/icyphy/ptII/ptolemy/domains/hdf/kernel/test/auto/GuardWithResets.xml
54 ms. Memory: 208896K Free: 192978K (92%)
----------------- Invoking toplevel() on ptolemy.moml.MoMLSimpleApplication@36d6bd6e
----------------- Done invoking toplevel() on ptolemy.moml.MoMLSimpleApplication@36d6bd6e
reloadAllAccessors: .GuardWithResets
----------------- testing Tue May 22 18:25:46 UTC 2018 /home/travis/build/icyphy/ptII/ptolemy/domains/hdf/kernel/test/auto/Hierarchy_2Level_Test1.xml
----------------- Instantiating /home/travis/build/icyphy/ptII/ptolemy/domains/hdf/kernel/test/auto/Hierarchy_2Level_Test1.xml
31 ms. Memory: 208896K Free: 173006K (83%)
----------------- Invoking toplevel() on ptolemy.moml.MoMLSimpleApplication@4a50ade
----------------- Done invoking toplevel() on ptolemy.moml.MoMLSimpleApplication@4a50ade
reloadAllAccessors: .Hierarchy_2Level_Test1
----------------- testing Tue May 22 18:25:46 UTC 2018 /home/travis/build/icyphy/ptII/ptolemy/domains/hdf/kernel/test/auto/Hierarchy_2Level_Test2.xml
----------------- Instantiating /home/travis/build/icyphy/ptII/ptolemy/domains/hdf/kernel/test/auto/Hierarchy_2Level_Test2.xml
35 ms. Memory: 208896K Free: 153001K (73%)
----------------- Invoking toplevel() on ptolemy.moml.MoMLSimpleApplication@581e022e
----------------- Done invoking toplevel() on ptolemy.moml.MoMLSimpleApplication@581e022e
reloadAllAccessors: .Hierarchy_4Level_Test2
----------------- testing Tue May 22 18:25:47 UTC 2018 /home/travis/build/icyphy/ptII/ptolemy/domains/hdf/kernel/test/auto/Hysteresis.xml
----------------- Instantiating /home/travis/build/icyphy/ptII/ptolemy/domains/hdf/kernel/test/auto/Hysteresis.xml
16 ms. Memory: 208896K Free: 140314K (67%)
----------------- Invoking toplevel() on ptolemy.moml.MoMLSimpleApplication@3f56ca41
----------------- Done invoking toplevel() on ptolemy.moml.MoMLSimpleApplication@3f56ca41
reloadAllAccessors: .Hysteresis
----------------- testing Tue May 22 18:25:47 UTC 2018 /home/travis/build/icyphy/ptII/ptolemy/domains/hdf/kernel/test/auto/InitTransient.xml
----------------- Instantiating /home/travis/build/icyphy/ptII/ptolemy/domains/hdf/kernel/test/auto/InitTransient.xml
24 ms. Memory: 208896K Free: 117900K (56%)
----------------- Invoking toplevel() on ptolemy.moml.MoMLSimpleApplication@351f791a
----------------- Done invoking toplevel() on ptolemy.moml.MoMLSimpleApplication@351f791a
reloadAllAccessors: .InitTransient
----------------- testing Tue May 22 18:25:47 UTC 2018 /home/travis/build/icyphy/ptII/ptolemy/domains/hdf/kernel/test/auto/Merge.xml
----------------- Instantiating /home/travis/build/icyphy/ptII/ptolemy/domains/hdf/kernel/test/auto/Merge.xml
39 ms. Memory: 208896K Free: 97919K (47%)
----------------- Invoking toplevel() on ptolemy.moml.MoMLSimpleApplication@4ae81c37
----------------- Done invoking toplevel() on ptolemy.moml.MoMLSimpleApplication@4ae81c37
reloadAllAccessors: .Merge
----------------- testing Tue May 22 18:25:47 UTC 2018 /home/travis/build/icyphy/ptII/ptolemy/domains/hdf/kernel/test/auto/ModalModelBooleanSwitch.xml
----------------- Instantiating /home/travis/build/icyphy/ptII/ptolemy/domains/hdf/kernel/test/auto/ModalModelBooleanSwitch.xml
62 ms. Memory: 332288K Free: 321830K (97%)
----------------- Invoking toplevel() on ptolemy.moml.MoMLSimpleApplication@3ac8857f
----------------- Done invoking toplevel() on ptolemy.moml.MoMLSimpleApplication@3ac8857f
reloadAllAccessors: .BooleanSwitchWithModel
----------------- testing Tue May 22 18:25:47 UTC 2018 /home/travis/build/icyphy/ptII/ptolemy/domains/hdf/kernel/test/auto/SameRates.xml
----------------- Instantiating /home/travis/build/icyphy/ptII/ptolemy/domains/hdf/kernel/test/auto/SameRates.xml
24 ms. Memory: 332288K Free: 305623K (92%)
----------------- Invoking toplevel() on ptolemy.moml.MoMLSimpleApplication@73719b33
----------------- Done invoking toplevel() on ptolemy.moml.MoMLSimpleApplication@73719b33
reloadAllAccessors: .SameRates
----------------- testing Tue May 22 18:25:47 UTC 2018 /home/travis/build/icyphy/ptII/ptolemy/domains/hdf/kernel/test/auto/SameRefinedRates.xml
----------------- Instantiating /home/travis/build/icyphy/ptII/ptolemy/domains/hdf/kernel/test/auto/SameRefinedRates.xml
23 ms. Memory: 332288K Free: 288874K (87%)
----------------- Invoking toplevel() on ptolemy.moml.MoMLSimpleApplication@752b3ba5
----------------- Done invoking toplevel() on ptolemy.moml.MoMLSimpleApplication@752b3ba5
reloadAllAccessors: .SameRefinedRates
----------------- testing Tue May 22 18:25:47 UTC 2018 /home/travis/build/icyphy/ptII/ptolemy/domains/hdf/kernel/test/auto/SameRefinedRates2.xml
----------------- Instantiating /home/travis/build/icyphy/ptII/ptolemy/domains/hdf/kernel/test/auto/SameRefinedRates2.xml
31 ms. Memory: 332288K Free: 272490K (82%)
----------------- Invoking toplevel() on ptolemy.moml.MoMLSimpleApplication@29bb1dd
----------------- Done invoking toplevel() on ptolemy.moml.MoMLSimpleApplication@29bb1dd
reloadAllAccessors: .SameRefinedRates2
----------------- testing Tue May 22 18:25:47 UTC 2018 /home/travis/build/icyphy/ptII/ptolemy/domains/hdf/kernel/test/auto/TransientStates.xml
----------------- Instantiating /home/travis/build/icyphy/ptII/ptolemy/domains/hdf/kernel/test/auto/TransientStates.xml
31 ms. Memory: 332288K Free: 249188K (75%)
----------------- Invoking toplevel() on ptolemy.moml.MoMLSimpleApplication@685ca7b
----------------- Done invoking toplevel() on ptolemy.moml.MoMLSimpleApplication@685ca7b
reloadAllAccessors: .TransientStates
----------------- testing Tue May 22 18:25:47 UTC 2018 /home/travis/build/icyphy/ptII/ptolemy/domains/hdf/kernel/test/auto/TwoHammingCodec.xml
----------------- Instantiating /home/travis/build/icyphy/ptII/ptolemy/domains/hdf/kernel/test/auto/TwoHammingCodec.xml
70 ms. Memory: 332288K Free: 225822K (68%)
----------------- Invoking toplevel() on ptolemy.moml.MoMLSimpleApplication@5dd9869c
----------------- Done invoking toplevel() on ptolemy.moml.MoMLSimpleApplication@5dd9869c
reloadAllAccessors: .TwoHammingCodec
----------------- testing Tue May 22 18:25:47 UTC 2018 /home/travis/build/icyphy/ptII/ptolemy/domains/hdf/kernel/test/auto/TwoHammingCodec1.xml
----------------- Instantiating /home/travis/build/icyphy/ptII/ptolemy/domains/hdf/kernel/test/auto/TwoHammingCodec1.xml
57 ms. Memory: 332288K Free: 197969K (60%)
----------------- Invoking toplevel() on ptolemy.moml.MoMLSimpleApplication@10f9de46
----------------- Done invoking toplevel() on ptolemy.moml.MoMLSimpleApplication@10f9de46
reloadAllAccessors: .twoHammingCodec1
----------------- testing Tue May 22 18:25:48 UTC 2018 /home/travis/build/icyphy/ptII/ptolemy/domains/hdf/kernel/test/auto/TwoLevelHierarchy.xml
----------------- Instantiating /home/travis/build/icyphy/ptII/ptolemy/domains/hdf/kernel/test/auto/TwoLevelHierarchy.xml
77 ms. Memory: 332288K Free: 150026K (45%)
----------------- Invoking toplevel() on ptolemy.moml.MoMLSimpleApplication@3e9d1de9
----------------- Done invoking toplevel() on ptolemy.moml.MoMLSimpleApplication@3e9d1de9
reloadAllAccessors: .TwoLevelHierarchy
----------------- testing Tue May 22 18:25:48 UTC 2018 /home/travis/build/icyphy/ptII/ptolemy/domains/hdf/kernel/test/auto/TwoLevelHierarchy1.xml
----------------- Instantiating /home/travis/build/icyphy/ptII/ptolemy/domains/hdf/kernel/test/auto/TwoLevelHierarchy1.xml
74 ms. Memory: 332288K Free: 100493K (30%)
----------------- Invoking toplevel() on ptolemy.moml.MoMLSimpleApplication@d0e570a
----------------- Done invoking toplevel() on ptolemy.moml.MoMLSimpleApplication@d0e570a
reloadAllAccessors: .TwoLevelHierarchy1
----------------- testing Tue May 22 18:25:48 UTC 2018 /home/travis/build/icyphy/ptII/ptolemy/domains/hdf/kernel/test/auto/TwoLevelHierarchy2.xml
----------------- Instantiating /home/travis/build/icyphy/ptII/ptolemy/domains/hdf/kernel/test/auto/TwoLevelHierarchy2.xml
65 ms. Memory: 332288K Free: 305297K (92%)
----------------- Invoking toplevel() on ptolemy.moml.MoMLSimpleApplication@5502a1ff
----------------- Done invoking toplevel() on ptolemy.moml.MoMLSimpleApplication@5502a1ff
reloadAllAccessors: .TwoLevelHierarchy2
----------------- testing Tue May 22 18:25:48 UTC 2018 /home/travis/build/icyphy/ptII/ptolemy/domains/hdf/kernel/test/auto/TwoLevelHierarchyNullStates.xml
----------------- Instantiating /home/travis/build/icyphy/ptII/ptolemy/domains/hdf/kernel/test/auto/TwoLevelHierarchyNullStates.xml
65 ms. Memory: 332288K Free: 247695K (75%)
----------------- Invoking toplevel() on ptolemy.moml.MoMLSimpleApplication@2a6e69c3
----------------- Done invoking toplevel() on ptolemy.moml.MoMLSimpleApplication@2a6e69c3
reloadAllAccessors: .TwoLevelHierarchyNullStates
----------------- testing Tue May 22 18:25:49 UTC 2018 /home/travis/build/icyphy/ptII/ptolemy/domains/hdf/kernel/test/auto/TwoLevelHierarchyWithResets.xml
----------------- Instantiating /home/travis/build/icyphy/ptII/ptolemy/domains/hdf/kernel/test/auto/TwoLevelHierarchyWithResets.xml
91 ms. Memory: 332288K Free: 195015K (59%)
----------------- Invoking toplevel() on ptolemy.moml.MoMLSimpleApplication@283ffeb1
----------------- Done invoking toplevel() on ptolemy.moml.MoMLSimpleApplication@283ffeb1
reloadAllAccessors: .TwoLevelHierarchy1
----------------- testing Tue May 22 18:25:49 UTC 2018 /home/travis/build/icyphy/ptII/ptolemy/domains/hdf/kernel/test/auto/TwoLevelHierarchyWithResetsNullStates.xml
----------------- Instantiating /home/travis/build/icyphy/ptII/ptolemy/domains/hdf/kernel/test/auto/TwoLevelHierarchyWithResetsNullStates.xml
94 ms. Memory: 332288K Free: 127590K (38%)
----------------- Invoking toplevel() on ptolemy.moml.MoMLSimpleApplication@4d730973
----------------- Done invoking toplevel() on ptolemy.moml.MoMLSimpleApplication@4d730973
reloadAllAccessors: .TwoLevelHierarchyWithResetsNullStates
----------------- testing Tue May 22 18:25:49 UTC 2018 /home/travis/build/icyphy/ptII/ptolemy/domains/hdf/kernel/test/auto/WaterTank_HDF.xml
----------------- Instantiating /home/travis/build/icyphy/ptII/ptolemy/domains/hdf/kernel/test/auto/WaterTank_HDF.xml
69 ms. Memory: 332288K Free: 92934K (28%)
----------------- Invoking toplevel() on ptolemy.moml.MoMLSimpleApplication@4434e8e0
----------------- Done invoking toplevel() on ptolemy.moml.MoMLSimpleApplication@4434e8e0
reloadAllAccessors: .WaterTank_HDF
----------------- testing Tue May 22 18:25:49 UTC 2018 /home/travis/build/icyphy/ptII/ptolemy/domains/hdf/kernel/test/auto/WaterTank_HDF2.xml
----------------- Instantiating /home/travis/build/icyphy/ptII/ptolemy/domains/hdf/kernel/test/auto/WaterTank_HDF2.xml
79 ms. Memory: 480256K Free: 447449K (93%)
----------------- Invoking toplevel() on ptolemy.moml.MoMLSimpleApplication@b85d76f
----------------- Done invoking toplevel() on ptolemy.moml.MoMLSimpleApplication@b85d76f
reloadAllAccessors: .WaterTank_HDF2
----------------- testing Tue May 22 18:25:49 UTC 2018 /home/travis/build/icyphy/ptII/ptolemy/domains/hdf/kernel/test/auto/badFSMRateChanges.xml
----------------- Instantiating /home/travis/build/icyphy/ptII/ptolemy/domains/hdf/kernel/test/auto/badFSMRateChanges.xml
18 ms. Memory: 480256K Free: 428801K (89%)
----------------- Invoking toplevel() on ptolemy.moml.MoMLSimpleApplication@247cc422
----------------- Done invoking toplevel() on ptolemy.moml.MoMLSimpleApplication@247cc422
reloadAllAccessors: .badFSMRateChanges
AutoTests.java: About to close Vertx.
AutoTests.java: Vertx closed.
]]></system-out>
  <system-err><![CDATA[]]></system-err>
</testsuite>
