<?xml version="1.0" encoding="UTF-8" ?>
<testsuite errors="0" failures="0" hostname="travis-job-583c5b85-09f6-4877-ae5c-54f7728e9b6f" name="ptolemy.domains.sdf.lib.test.junit.JUnitTclTest" skipped="0" tests="82" time="9.472" timestamp="2018-05-31T00:47:16">
  <properties>
[...]
</properties>
  <testcase classname="ptolemy.util.test.junit.TclTests" name="[0] /home/travis/build/icyphy/ptII/ptolemy/domains/sdf/lib/test/ArrayToSequence.tcl (RunTclFile)" time="0.618" />
  <testcase classname="ptolemy.util.test.junit.TclTests" name="[1] /home/travis/build/icyphy/ptII/ptolemy/domains/sdf/lib/test/BitsToInt.tcl (RunTclFile)" time="0.077" />
  <testcase classname="ptolemy.util.test.junit.TclTests" name="[2] /home/travis/build/icyphy/ptII/ptolemy/domains/sdf/lib/test/DelayLine.tcl (RunTclFile)" time="0.029" />
  <testcase classname="ptolemy.util.test.junit.TclTests" name="[3] /home/travis/build/icyphy/ptII/ptolemy/domains/sdf/lib/test/FFT.tcl (RunTclFile)" time="0.032" />
  <testcase classname="ptolemy.util.test.junit.TclTests" name="[4] /home/travis/build/icyphy/ptII/ptolemy/domains/sdf/lib/test/FIR.tcl (RunTclFile)" time="0.07" />
  <testcase classname="ptolemy.util.test.junit.TclTests" name="[5] /home/travis/build/icyphy/ptII/ptolemy/domains/sdf/lib/test/IntToBits.tcl (RunTclFile)" time="0.034" />
  <testcase classname="ptolemy.util.test.junit.TclTests" name="[6] /home/travis/build/icyphy/ptII/ptolemy/domains/sdf/lib/test/MaximumEntropySpectrum.tcl (RunTclFile)" time="0.287" />
  <testcase classname="ptolemy.util.test.junit.TclTests" name="[7] /home/travis/build/icyphy/ptII/ptolemy/domains/sdf/lib/test/Repeat.tcl (RunTclFile)" time="0.022" />
  <testcase classname="ptolemy.util.test.junit.TclTests" name="[8] /home/travis/build/icyphy/ptII/ptolemy/domains/sdf/lib/test/SampleDelay.tcl (RunTclFile)" time="0.048" />
  <testcase classname="ptolemy.util.test.junit.TclTests" name="[9] /home/travis/build/icyphy/ptII/ptolemy/domains/sdf/lib/test/SequenceToArray.tcl (RunTclFile)" time="0.04" />
  <testcase classname="ptolemy.util.test.junit.AutoKnownFailedTests" name="[0] ThereAreNoKnowFailedTests (RunModel)" time="0.0" />
  <testcase classname="ptolemy.util.test.junit.AutoNameArchTests" name="[0] ThereAreNoAutoArchTests (RunModel)" time="0.0" />
  <testcase classname="ptolemy.util.test.junit.AutoTests" name="[0] /home/travis/build/icyphy/ptII/ptolemy/domains/sdf/lib/test/auto/ArrayToSequence.xml (RunModel)" time="0.142" />
  <testcase classname="ptolemy.util.test.junit.AutoTests" name="[1] /home/travis/build/icyphy/ptII/ptolemy/domains/sdf/lib/test/auto/ArrayToSequenceTest.xml (RunModel)" time="0.07" />
  <testcase classname="ptolemy.util.test.junit.AutoTests" name="[2] /home/travis/build/icyphy/ptII/ptolemy/domains/sdf/lib/test/auto/Autocorrelation.xml (RunModel)" time="0.031" />
  <testcase classname="ptolemy.util.test.junit.AutoTests" name="[3] /home/travis/build/icyphy/ptII/ptolemy/domains/sdf/lib/test/auto/Autocorrelation2.xml (RunModel)" time="0.048" />
  <testcase classname="ptolemy.util.test.junit.AutoTests" name="[4] /home/travis/build/icyphy/ptII/ptolemy/domains/sdf/lib/test/auto/Autocorrelation3.xml (RunModel)" time="0.053" />
  <testcase classname="ptolemy.util.test.junit.AutoTests" name="[5] /home/travis/build/icyphy/ptII/ptolemy/domains/sdf/lib/test/auto/Autocorrelation4.xml (RunModel)" time="0.05" />
  <testcase classname="ptolemy.util.test.junit.AutoTests" name="[6] /home/travis/build/icyphy/ptII/ptolemy/domains/sdf/lib/test/auto/Autocorrelation5.xml (RunModel)" time="0.101" />
  <testcase classname="ptolemy.util.test.junit.AutoTests" name="[7] /home/travis/build/icyphy/ptII/ptolemy/domains/sdf/lib/test/auto/BitsToInt.xml (RunModel)" time="0.019" />
  <testcase classname="ptolemy.util.test.junit.AutoTests" name="[8] /home/travis/build/icyphy/ptII/ptolemy/domains/sdf/lib/test/auto/BooleanJoin.xml (RunModel)" time="0.028" />
  <testcase classname="ptolemy.util.test.junit.AutoTests" name="[9] /home/travis/build/icyphy/ptII/ptolemy/domains/sdf/lib/test/auto/BootstrapSampleDelay.xml (RunModel)" time="0.024" />
  <testcase classname="ptolemy.util.test.junit.AutoTests" name="[10] /home/travis/build/icyphy/ptII/ptolemy/domains/sdf/lib/test/auto/Chop.xml (RunModel)" time="0.054" />
  <testcase classname="ptolemy.util.test.junit.AutoTests" name="[11] /home/travis/build/icyphy/ptII/ptolemy/domains/sdf/lib/test/auto/Chop2.xml (RunModel)" time="0.077" />
  <testcase classname="ptolemy.util.test.junit.AutoTests" name="[12] /home/travis/build/icyphy/ptII/ptolemy/domains/sdf/lib/test/auto/ComplexJoin.xml (RunModel)" time="0.053" />
  <testcase classname="ptolemy.util.test.junit.AutoTests" name="[13] /home/travis/build/icyphy/ptII/ptolemy/domains/sdf/lib/test/auto/CountTrues.xml (RunModel)" time="0.042" />
  <testcase classname="ptolemy.util.test.junit.AutoTests" name="[14] /home/travis/build/icyphy/ptII/ptolemy/domains/sdf/lib/test/auto/DelayLine.xml (RunModel)" time="0.065" />
  <testcase classname="ptolemy.util.test.junit.AutoTests" name="[15] /home/travis/build/icyphy/ptII/ptolemy/domains/sdf/lib/test/auto/DotProduct.xml (RunModel)" time="0.042" />
  <testcase classname="ptolemy.util.test.junit.AutoTests" name="[16] /home/travis/build/icyphy/ptII/ptolemy/domains/sdf/lib/test/auto/DotProductMatrix.xml (RunModel)" time="0.029" />
  <testcase classname="ptolemy.util.test.junit.AutoTests" name="[17] /home/travis/build/icyphy/ptII/ptolemy/domains/sdf/lib/test/auto/DownSample1.xml (RunModel)" time="0.033" />
  <testcase classname="ptolemy.util.test.junit.AutoTests" name="[18] /home/travis/build/icyphy/ptII/ptolemy/domains/sdf/lib/test/auto/DynamicRateChange.xml (RunModel)" time="0.047" />
  <testcase classname="ptolemy.util.test.junit.AutoTests" name="[19] /home/travis/build/icyphy/ptII/ptolemy/domains/sdf/lib/test/auto/DynamicRates.xml (RunModel)" time="0.041" />
  <testcase classname="ptolemy.util.test.junit.AutoTests" name="[20] /home/travis/build/icyphy/ptII/ptolemy/domains/sdf/lib/test/auto/FFT1.xml (RunModel)" time="0.038" />
  <testcase classname="ptolemy.util.test.junit.AutoTests" name="[21] /home/travis/build/icyphy/ptII/ptolemy/domains/sdf/lib/test/auto/FIR1.xml (RunModel)" time="0.066" />
  <testcase classname="ptolemy.util.test.junit.AutoTests" name="[22] /home/travis/build/icyphy/ptII/ptolemy/domains/sdf/lib/test/auto/FIR2.xml (RunModel)" time="0.026" />
  <testcase classname="ptolemy.util.test.junit.AutoTests" name="[23] /home/travis/build/icyphy/ptII/ptolemy/domains/sdf/lib/test/auto/FIR4.xml (RunModel)" time="0.048" />
  <testcase classname="ptolemy.util.test.junit.AutoTests" name="[24] /home/travis/build/icyphy/ptII/ptolemy/domains/sdf/lib/test/auto/FixJoin.xml (RunModel)" time="0.042" />
  <testcase classname="ptolemy.util.test.junit.AutoTests" name="[25] /home/travis/build/icyphy/ptII/ptolemy/domains/sdf/lib/test/auto/IntJoin1.xml (RunModel)" time="0.032" />
  <testcase classname="ptolemy.util.test.junit.AutoTests" name="[26] /home/travis/build/icyphy/ptII/ptolemy/domains/sdf/lib/test/auto/IntJoin2.xml (RunModel)" time="0.029" />
  <testcase classname="ptolemy.util.test.junit.AutoTests" name="[27] /home/travis/build/icyphy/ptII/ptolemy/domains/sdf/lib/test/auto/IntJoin3.xml (RunModel)" time="0.028" />
  <testcase classname="ptolemy.util.test.junit.AutoTests" name="[28] /home/travis/build/icyphy/ptII/ptolemy/domains/sdf/lib/test/auto/IntJoin4.xml (RunModel)" time="0.033" />
  <testcase classname="ptolemy.util.test.junit.AutoTests" name="[29] /home/travis/build/icyphy/ptII/ptolemy/domains/sdf/lib/test/auto/IntJoin5.xml (RunModel)" time="0.036" />
  <testcase classname="ptolemy.util.test.junit.AutoTests" name="[30] /home/travis/build/icyphy/ptII/ptolemy/domains/sdf/lib/test/auto/IntToBits.xml (RunModel)" time="0.025" />
  <testcase classname="ptolemy.util.test.junit.AutoTests" name="[31] /home/travis/build/icyphy/ptII/ptolemy/domains/sdf/lib/test/auto/LMSAdaptive.xml (RunModel)" time="0.106" />
  <testcase classname="ptolemy.util.test.junit.AutoTests" name="[32] /home/travis/build/icyphy/ptII/ptolemy/domains/sdf/lib/test/auto/LMSAdaptiveFIR.xml (RunModel)" time="0.433" />
  <testcase classname="ptolemy.util.test.junit.AutoTests" name="[33] /home/travis/build/icyphy/ptII/ptolemy/domains/sdf/lib/test/auto/LMSAdaptiveFIR2.xml (RunModel)" time="0.537" />
  <testcase classname="ptolemy.util.test.junit.AutoTests" name="[34] /home/travis/build/icyphy/ptII/ptolemy/domains/sdf/lib/test/auto/LongJoin.xml (RunModel)" time="0.031" />
  <testcase classname="ptolemy.util.test.junit.AutoTests" name="[35] /home/travis/build/icyphy/ptII/ptolemy/domains/sdf/lib/test/auto/Matrix1.xml (RunModel)" time="0.049" />
  <testcase classname="ptolemy.util.test.junit.AutoTests" name="[36] /home/travis/build/icyphy/ptII/ptolemy/domains/sdf/lib/test/auto/Matrix2.xml (RunModel)" time="0.051" />
  <testcase classname="ptolemy.util.test.junit.AutoTests" name="[37] /home/travis/build/icyphy/ptII/ptolemy/domains/sdf/lib/test/auto/MatrixJoin1.xml (RunModel)" time="0.024" />
  <testcase classname="ptolemy.util.test.junit.AutoTests" name="[38] /home/travis/build/icyphy/ptII/ptolemy/domains/sdf/lib/test/auto/MatrixJoin2.xml (RunModel)" time="0.061" />
  <testcase classname="ptolemy.util.test.junit.AutoTests" name="[39] /home/travis/build/icyphy/ptII/ptolemy/domains/sdf/lib/test/auto/MatrixJoin3.xml (RunModel)" time="0.04" />
  <testcase classname="ptolemy.util.test.junit.AutoTests" name="[40] /home/travis/build/icyphy/ptII/ptolemy/domains/sdf/lib/test/auto/MatrixJoin4.xml (RunModel)" time="0.018" />
  <testcase classname="ptolemy.util.test.junit.AutoTests" name="[41] /home/travis/build/icyphy/ptII/ptolemy/domains/sdf/lib/test/auto/MatrixJoin5.xml (RunModel)" time="0.02" />
  <testcase classname="ptolemy.util.test.junit.AutoTests" name="[42] /home/travis/build/icyphy/ptII/ptolemy/domains/sdf/lib/test/auto/MatrixSplit1.xml (RunModel)" time="0.023" />
  <testcase classname="ptolemy.util.test.junit.AutoTests" name="[43] /home/travis/build/icyphy/ptII/ptolemy/domains/sdf/lib/test/auto/MatrixSplit10.xml (RunModel)" time="0.021" />
  <testcase classname="ptolemy.util.test.junit.AutoTests" name="[44] /home/travis/build/icyphy/ptII/ptolemy/domains/sdf/lib/test/auto/MatrixSplit11.xml (RunModel)" time="0.027" />
  <testcase classname="ptolemy.util.test.junit.AutoTests" name="[45] /home/travis/build/icyphy/ptII/ptolemy/domains/sdf/lib/test/auto/MatrixSplit12.xml (RunModel)" time="0.021" />
  <testcase classname="ptolemy.util.test.junit.AutoTests" name="[46] /home/travis/build/icyphy/ptII/ptolemy/domains/sdf/lib/test/auto/MatrixSplit13.xml (RunModel)" time="0.028" />
  <testcase classname="ptolemy.util.test.junit.AutoTests" name="[47] /home/travis/build/icyphy/ptII/ptolemy/domains/sdf/lib/test/auto/MatrixSplit14.xml (RunModel)" time="0.03" />
  <testcase classname="ptolemy.util.test.junit.AutoTests" name="[48] /home/travis/build/icyphy/ptII/ptolemy/domains/sdf/lib/test/auto/MatrixSplit2.xml (RunModel)" time="0.022" />
  <testcase classname="ptolemy.util.test.junit.AutoTests" name="[49] /home/travis/build/icyphy/ptII/ptolemy/domains/sdf/lib/test/auto/MatrixSplit3.xml (RunModel)" time="0.02" />
  <testcase classname="ptolemy.util.test.junit.AutoTests" name="[50] /home/travis/build/icyphy/ptII/ptolemy/domains/sdf/lib/test/auto/MatrixSplit4.xml (RunModel)" time="0.02" />
  <testcase classname="ptolemy.util.test.junit.AutoTests" name="[51] /home/travis/build/icyphy/ptII/ptolemy/domains/sdf/lib/test/auto/MatrixSplit5.xml (RunModel)" time="0.023" />
  <testcase classname="ptolemy.util.test.junit.AutoTests" name="[52] /home/travis/build/icyphy/ptII/ptolemy/domains/sdf/lib/test/auto/MatrixSplit6.xml (RunModel)" time="0.016" />
  <testcase classname="ptolemy.util.test.junit.AutoTests" name="[53] /home/travis/build/icyphy/ptII/ptolemy/domains/sdf/lib/test/auto/MatrixSplit7.xml (RunModel)" time="0.013" />
  <testcase classname="ptolemy.util.test.junit.AutoTests" name="[54] /home/travis/build/icyphy/ptII/ptolemy/domains/sdf/lib/test/auto/MatrixSplit8.xml (RunModel)" time="0.014" />
  <testcase classname="ptolemy.util.test.junit.AutoTests" name="[55] /home/travis/build/icyphy/ptII/ptolemy/domains/sdf/lib/test/auto/MatrixSplit9.xml (RunModel)" time="0.036" />
  <testcase classname="ptolemy.util.test.junit.AutoTests" name="[56] /home/travis/build/icyphy/ptII/ptolemy/domains/sdf/lib/test/auto/MatrixToSequence.xml (RunModel)" time="0.059" />
  <testcase classname="ptolemy.util.test.junit.AutoTests" name="[57] /home/travis/build/icyphy/ptII/ptolemy/domains/sdf/lib/test/auto/MaximumEntropySpectrum.xml (RunModel)" time="0.09" />
  <testcase classname="ptolemy.util.test.junit.AutoTests" name="[58] /home/travis/build/icyphy/ptII/ptolemy/domains/sdf/lib/test/auto/SampleDelayConversion.xml (RunModel)" time="0.022" />
  <testcase classname="ptolemy.util.test.junit.AutoTests" name="[59] /home/travis/build/icyphy/ptII/ptolemy/domains/sdf/lib/test/auto/SequenceToArray.xml (RunModel)" time="0.053" />
  <testcase classname="ptolemy.util.test.junit.AutoTests" name="[60] /home/travis/build/icyphy/ptII/ptolemy/domains/sdf/lib/test/auto/SequenceToMatrix.xml (RunModel)" time="3.926" />
  <testcase classname="ptolemy.util.test.junit.AutoTests" name="[61] /home/travis/build/icyphy/ptII/ptolemy/domains/sdf/lib/test/auto/SmoothedPeriodogram.xml (RunModel)" time="0.082" />
  <testcase classname="ptolemy.util.test.junit.AutoTests" name="[62] /home/travis/build/icyphy/ptII/ptolemy/domains/sdf/lib/test/auto/UpDownSample1.xml (RunModel)" time="0.019" />
  <testcase classname="ptolemy.util.test.junit.AutoTests" name="[63] /home/travis/build/icyphy/ptII/ptolemy/domains/sdf/lib/test/auto/UpSample1.xml (RunModel)" time="0.014" />
  <testcase classname="ptolemy.util.test.junit.AutoTests" name="[64] /home/travis/build/icyphy/ptII/ptolemy/domains/sdf/lib/test/auto/VariableFIR.xml (RunModel)" time="0.04" />
  <testcase classname="ptolemy.util.test.junit.AutoTests" name="[65] /home/travis/build/icyphy/ptII/ptolemy/domains/sdf/lib/test/auto/VariableFIR2.xml (RunModel)" time="0.032" />
  <testcase classname="ptolemy.util.test.junit.AutoTests" name="[66] /home/travis/build/icyphy/ptII/ptolemy/domains/sdf/lib/test/auto/VariableLattice.xml (RunModel)" time="0.033" />
  <testcase classname="ptolemy.util.test.junit.AutoTests" name="[67] /home/travis/build/icyphy/ptII/ptolemy/domains/sdf/lib/test/auto/VariableLattice2.xml (RunModel)" time="0.022" />
  <testcase classname="ptolemy.util.test.junit.AutoTests" name="[68] /home/travis/build/icyphy/ptII/ptolemy/domains/sdf/lib/test/auto/VariableRecursiveLattice.xml (RunModel)" time="0.026" />
  <testcase classname="ptolemy.util.test.junit.AutoTests" name="[69] /home/travis/build/icyphy/ptII/ptolemy/domains/sdf/lib/test/auto/VariableRecursiveLattice2.xml (RunModel)" time="0.023" />
  <system-out><![CDATA[/home/travis/build/icyphy/ptII/ptolemy/domains/sdf/lib/test/ArrayToSequence.tcl
testDefs.tcl: setting time out to 9000 seconds at Thu May 31 00:47:16 UTC 2018
44 ms. Memory: 116224K Free: 85504K (74%)
14 ms. Memory: 116224K Free: 110118K (95%)
26 ms. Memory: 116224K Free: 108267K (93%)
16 ms. Memory: 116224K Free: 106432K (92%)
/home/travis/build/icyphy/ptII/ptolemy/domains/sdf/lib/test/BitsToInt.tcl
17 ms. Memory: 116224K Free: 104629K (90%)
14 ms. Memory: 116224K Free: 102794K (88%)
/home/travis/build/icyphy/ptII/ptolemy/domains/sdf/lib/test/DelayLine.tcl
7 ms. Memory: 116224K Free: 100943K (87%)
/home/travis/build/icyphy/ptII/ptolemy/domains/sdf/lib/test/FFT.tcl
6 ms. Memory: 116224K Free: 99116K (85%)
/home/travis/build/icyphy/ptII/ptolemy/domains/sdf/lib/test/FIR.tcl
8 ms. Memory: 116224K Free: 97298K (84%)
4 ms. Memory: 116224K Free: 96101K (83%)
ptolemy.kernel.util.IllegalActionException: multiplyReverse method not supported between ptolemy.data.FixToken 'fix(-0.0625,6,2)' and ptolemy.data.IntToken '1' because the types are incomparable.
  in .top.FIRclone
Because:
multiplyReverse method not supported between ptolemy.data.FixToken 'fix(-0.0625,6,2)' and ptolemy.data.IntToken '1' because the types are incomparable.
18 ms. Memory: 116224K Free: 93692K (81%)
/home/travis/build/icyphy/ptII/ptolemy/domains/sdf/lib/test/IntToBits.tcl
5 ms. Memory: 116224K Free: 92479K (80%)
5 ms. Memory: 116224K Free: 90668K (78%)
/home/travis/build/icyphy/ptII/ptolemy/domains/sdf/lib/test/MaximumEntropySpectrum.tcl
/home/travis/build/icyphy/ptII/ptolemy/domains/sdf/lib/test/Repeat.tcl
7 ms. Memory: 146944K Free: 120573K (82%)
/home/travis/build/icyphy/ptII/ptolemy/domains/sdf/lib/test/SampleDelay.tcl
5 ms. Memory: 146944K Free: 119362K (81%)
4 ms. Memory: 146944K Free: 118159K (80%)
4 ms. Memory: 146944K Free: 116956K (80%)
4 ms. Memory: 146944K Free: 116956K (80%)
3 ms. Memory: 146944K Free: 115753K (79%)
1 ms. Memory: 146944K Free: 115753K (79%)
/home/travis/build/icyphy/ptII/ptolemy/domains/sdf/lib/test/SequenceToArray.tcl
6 ms. Memory: 146944K Free: 113323K (77%)
5 ms. Memory: 146944K Free: 113323K (77%)
7 ms. Memory: 146944K Free: 110917K (75%)
5 ms. Memory: 146944K Free: 109714K (75%)
05/31/18 12:47:17
Failed: 0  Total Tests: 41  ((Passed: 41, Newly Passed: 0)  Known Failed: 0) /home/travis/build/icyphy/ptII/ptolemy/domains/sdf/lib/test
No auto/knownFailedTests/*.xml tests in /home/travis/build/icyphy/ptII/ptolemy/domains/sdf/lib/test
No auto/linux-amd64/*.xml tests in /home/travis/build/icyphy/ptII/ptolemy/domains/sdf/lib/test
AutoTests.java: About to close Vertx.
AutoTests.java: Vertx closed.
----------------- testing Thu May 31 00:47:18 UTC 2018 /home/travis/build/icyphy/ptII/ptolemy/domains/sdf/lib/test/auto/ArrayToSequence.xml
----------------- Instantiating /home/travis/build/icyphy/ptII/ptolemy/domains/sdf/lib/test/auto/ArrayToSequence.xml
18 ms. Memory: 146944K Free: 127596K (87%)
----------------- Invoking toplevel() on ptolemy.moml.MoMLSimpleApplication@59be3873
----------------- Done invoking toplevel() on ptolemy.moml.MoMLSimpleApplication@59be3873
reloadAllAccessors: .ArrayToSequence
----------------- testing Thu May 31 00:47:18 UTC 2018 /home/travis/build/icyphy/ptII/ptolemy/domains/sdf/lib/test/auto/ArrayToSequenceTest.xml
----------------- Instantiating /home/travis/build/icyphy/ptII/ptolemy/domains/sdf/lib/test/auto/ArrayToSequenceTest.xml
12 ms. Memory: 146944K Free: 120099K (82%)
----------------- Invoking toplevel() on ptolemy.moml.MoMLSimpleApplication@6aa9ea7d
----------------- Done invoking toplevel() on ptolemy.moml.MoMLSimpleApplication@6aa9ea7d
reloadAllAccessors: .ArrayToSequenceTest
----------------- testing Thu May 31 00:47:18 UTC 2018 /home/travis/build/icyphy/ptII/ptolemy/domains/sdf/lib/test/auto/Autocorrelation.xml
----------------- Instantiating /home/travis/build/icyphy/ptII/ptolemy/domains/sdf/lib/test/auto/Autocorrelation.xml
8 ms. Memory: 146944K Free: 115529K (79%)
----------------- Invoking toplevel() on ptolemy.moml.MoMLSimpleApplication@5f4d5b19
----------------- Done invoking toplevel() on ptolemy.moml.MoMLSimpleApplication@5f4d5b19
reloadAllAccessors: .Autocorrelation
----------------- testing Thu May 31 00:47:18 UTC 2018 /home/travis/build/icyphy/ptII/ptolemy/domains/sdf/lib/test/auto/Autocorrelation2.xml
----------------- Instantiating /home/travis/build/icyphy/ptII/ptolemy/domains/sdf/lib/test/auto/Autocorrelation2.xml
4 ms. Memory: 146944K Free: 110847K (75%)
----------------- Invoking toplevel() on ptolemy.moml.MoMLSimpleApplication@497c278b
----------------- Done invoking toplevel() on ptolemy.moml.MoMLSimpleApplication@497c278b
reloadAllAccessors: .Autocorrelation2
----------------- testing Thu May 31 00:47:18 UTC 2018 /home/travis/build/icyphy/ptII/ptolemy/domains/sdf/lib/test/auto/Autocorrelation3.xml
----------------- Instantiating /home/travis/build/icyphy/ptII/ptolemy/domains/sdf/lib/test/auto/Autocorrelation3.xml
9 ms. Memory: 146944K Free: 105558K (72%)
----------------- Invoking toplevel() on ptolemy.moml.MoMLSimpleApplication@7e8a7f75
----------------- Done invoking toplevel() on ptolemy.moml.MoMLSimpleApplication@7e8a7f75
reloadAllAccessors: .Autocorrelation3
----------------- testing Thu May 31 00:47:18 UTC 2018 /home/travis/build/icyphy/ptII/ptolemy/domains/sdf/lib/test/auto/Autocorrelation4.xml
----------------- Instantiating /home/travis/build/icyphy/ptII/ptolemy/domains/sdf/lib/test/auto/Autocorrelation4.xml
4 ms. Memory: 146944K Free: 100980K (69%)
----------------- Invoking toplevel() on ptolemy.moml.MoMLSimpleApplication@652d053c
----------------- Done invoking toplevel() on ptolemy.moml.MoMLSimpleApplication@652d053c
reloadAllAccessors: .Autocorrelation4
----------------- testing Thu May 31 00:47:18 UTC 2018 /home/travis/build/icyphy/ptII/ptolemy/domains/sdf/lib/test/auto/Autocorrelation5.xml
----------------- Instantiating /home/travis/build/icyphy/ptII/ptolemy/domains/sdf/lib/test/auto/Autocorrelation5.xml
57 ms. Memory: 146944K Free: 93616K (64%)
----------------- Invoking toplevel() on ptolemy.moml.MoMLSimpleApplication@27598288
----------------- Done invoking toplevel() on ptolemy.moml.MoMLSimpleApplication@27598288
reloadAllAccessors: .Autocorrelation5
----------------- testing Thu May 31 00:47:18 UTC 2018 /home/travis/build/icyphy/ptII/ptolemy/domains/sdf/lib/test/auto/BitsToInt.xml
----------------- Instantiating /home/travis/build/icyphy/ptII/ptolemy/domains/sdf/lib/test/auto/BitsToInt.xml
2 ms. Memory: 146944K Free: 89146K (61%)
----------------- Invoking toplevel() on ptolemy.moml.MoMLSimpleApplication@5adfdc42
----------------- Done invoking toplevel() on ptolemy.moml.MoMLSimpleApplication@5adfdc42
reloadAllAccessors: .BitsToInt
----------------- testing Thu May 31 00:47:18 UTC 2018 /home/travis/build/icyphy/ptII/ptolemy/domains/sdf/lib/test/auto/BooleanJoin.xml
----------------- Instantiating /home/travis/build/icyphy/ptII/ptolemy/domains/sdf/lib/test/auto/BooleanJoin.xml
4 ms. Memory: 146944K Free: 84150K (57%)
----------------- Invoking toplevel() on ptolemy.moml.MoMLSimpleApplication@2303b18
----------------- Done invoking toplevel() on ptolemy.moml.MoMLSimpleApplication@2303b18
reloadAllAccessors: .BooleanJoin
----------------- testing Thu May 31 00:47:18 UTC 2018 /home/travis/build/icyphy/ptII/ptolemy/domains/sdf/lib/test/auto/BootstrapSampleDelay.xml
----------------- Instantiating /home/travis/build/icyphy/ptII/ptolemy/domains/sdf/lib/test/auto/BootstrapSampleDelay.xml
5 ms. Memory: 146944K Free: 80351K (55%)
----------------- Invoking toplevel() on ptolemy.moml.MoMLSimpleApplication@77709f66
----------------- Done invoking toplevel() on ptolemy.moml.MoMLSimpleApplication@77709f66
reloadAllAccessors: .BootstrapSampleDelay
----------------- testing Thu May 31 00:47:18 UTC 2018 /home/travis/build/icyphy/ptII/ptolemy/domains/sdf/lib/test/auto/Chop.xml
----------------- Instantiating /home/travis/build/icyphy/ptII/ptolemy/domains/sdf/lib/test/auto/Chop.xml
7 ms. Memory: 208384K Free: 194110K (93%)
----------------- Invoking toplevel() on ptolemy.moml.MoMLSimpleApplication@6131ec92
----------------- Done invoking toplevel() on ptolemy.moml.MoMLSimpleApplication@6131ec92
reloadAllAccessors: .Chop
----------------- testing Thu May 31 00:47:18 UTC 2018 /home/travis/build/icyphy/ptII/ptolemy/domains/sdf/lib/test/auto/Chop2.xml
----------------- Instantiating /home/travis/build/icyphy/ptII/ptolemy/domains/sdf/lib/test/auto/Chop2.xml
7 ms. Memory: 208384K Free: 185398K (89%)
----------------- Invoking toplevel() on ptolemy.moml.MoMLSimpleApplication@77cec5f5
----------------- Done invoking toplevel() on ptolemy.moml.MoMLSimpleApplication@77cec5f5
reloadAllAccessors: .Chop2
----------------- testing Thu May 31 00:47:18 UTC 2018 /home/travis/build/icyphy/ptII/ptolemy/domains/sdf/lib/test/auto/ComplexJoin.xml
----------------- Instantiating /home/travis/build/icyphy/ptII/ptolemy/domains/sdf/lib/test/auto/ComplexJoin.xml
11 ms. Memory: 208384K Free: 181033K (87%)
----------------- Invoking toplevel() on ptolemy.moml.MoMLSimpleApplication@b5ccaa9
----------------- Done invoking toplevel() on ptolemy.moml.MoMLSimpleApplication@b5ccaa9
reloadAllAccessors: .ComplexJoin
----------------- testing Thu May 31 00:47:18 UTC 2018 /home/travis/build/icyphy/ptII/ptolemy/domains/sdf/lib/test/auto/CountTrues.xml
----------------- Instantiating /home/travis/build/icyphy/ptII/ptolemy/domains/sdf/lib/test/auto/CountTrues.xml
3 ms. Memory: 208384K Free: 177945K (85%)
----------------- Invoking toplevel() on ptolemy.moml.MoMLSimpleApplication@772924ea
----------------- Done invoking toplevel() on ptolemy.moml.MoMLSimpleApplication@772924ea
reloadAllAccessors: .CountTrues
----------------- testing Thu May 31 00:47:19 UTC 2018 /home/travis/build/icyphy/ptII/ptolemy/domains/sdf/lib/test/auto/DelayLine.xml
----------------- Instantiating /home/travis/build/icyphy/ptII/ptolemy/domains/sdf/lib/test/auto/DelayLine.xml
9 ms. Memory: 208384K Free: 172367K (83%)
----------------- Invoking toplevel() on ptolemy.moml.MoMLSimpleApplication@6c7c6034
----------------- Done invoking toplevel() on ptolemy.moml.MoMLSimpleApplication@6c7c6034
reloadAllAccessors: .DelayLine
----------------- testing Thu May 31 00:47:19 UTC 2018 /home/travis/build/icyphy/ptII/ptolemy/domains/sdf/lib/test/auto/DotProduct.xml
----------------- Instantiating /home/travis/build/icyphy/ptII/ptolemy/domains/sdf/lib/test/auto/DotProduct.xml
6 ms. Memory: 208384K Free: 167725K (80%)
----------------- Invoking toplevel() on ptolemy.moml.MoMLSimpleApplication@1857499
----------------- Done invoking toplevel() on ptolemy.moml.MoMLSimpleApplication@1857499
reloadAllAccessors: .DotProduct
----------------- testing Thu May 31 00:47:19 UTC 2018 /home/travis/build/icyphy/ptII/ptolemy/domains/sdf/lib/test/auto/DotProductMatrix.xml
----------------- Instantiating /home/travis/build/icyphy/ptII/ptolemy/domains/sdf/lib/test/auto/DotProductMatrix.xml
4 ms. Memory: 208384K Free: 164573K (79%)
----------------- Invoking toplevel() on ptolemy.moml.MoMLSimpleApplication@1ebbb3d5
----------------- Done invoking toplevel() on ptolemy.moml.MoMLSimpleApplication@1ebbb3d5
reloadAllAccessors: .DotProductMatrix
----------------- testing Thu May 31 00:47:19 UTC 2018 /home/travis/build/icyphy/ptII/ptolemy/domains/sdf/lib/test/auto/DownSample1.xml
----------------- Instantiating /home/travis/build/icyphy/ptII/ptolemy/domains/sdf/lib/test/auto/DownSample1.xml
9 ms. Memory: 208384K Free: 160887K (77%)
----------------- Invoking toplevel() on ptolemy.moml.MoMLSimpleApplication@2c207ca2
----------------- Done invoking toplevel() on ptolemy.moml.MoMLSimpleApplication@2c207ca2
reloadAllAccessors: .DownSample1
----------------- testing Thu May 31 00:47:19 UTC 2018 /home/travis/build/icyphy/ptII/ptolemy/domains/sdf/lib/test/auto/DynamicRateChange.xml
----------------- Instantiating /home/travis/build/icyphy/ptII/ptolemy/domains/sdf/lib/test/auto/DynamicRateChange.xml
17 ms. Memory: 208384K Free: 154710K (74%)
----------------- Invoking toplevel() on ptolemy.moml.MoMLSimpleApplication@2e3b2bf0
----------------- Done invoking toplevel() on ptolemy.moml.MoMLSimpleApplication@2e3b2bf0
reloadAllAccessors: .DynamicRateChange
----------------- testing Thu May 31 00:47:19 UTC 2018 /home/travis/build/icyphy/ptII/ptolemy/domains/sdf/lib/test/auto/DynamicRates.xml
----------------- Instantiating /home/travis/build/icyphy/ptII/ptolemy/domains/sdf/lib/test/auto/DynamicRates.xml
18 ms. Memory: 208384K Free: 147612K (71%)
----------------- Invoking toplevel() on ptolemy.moml.MoMLSimpleApplication@8323be9
----------------- Done invoking toplevel() on ptolemy.moml.MoMLSimpleApplication@8323be9
reloadAllAccessors: .DynamicRates
----------------- testing Thu May 31 00:47:19 UTC 2018 /home/travis/build/icyphy/ptII/ptolemy/domains/sdf/lib/test/auto/FFT1.xml
----------------- Instantiating /home/travis/build/icyphy/ptII/ptolemy/domains/sdf/lib/test/auto/FFT1.xml
10 ms. Memory: 208384K Free: 142649K (68%)
----------------- Invoking toplevel() on ptolemy.moml.MoMLSimpleApplication@1eefba75
----------------- Done invoking toplevel() on ptolemy.moml.MoMLSimpleApplication@1eefba75
reloadAllAccessors: .FFT1
----------------- testing Thu May 31 00:47:19 UTC 2018 /home/travis/build/icyphy/ptII/ptolemy/domains/sdf/lib/test/auto/FIR1.xml
----------------- Instantiating /home/travis/build/icyphy/ptII/ptolemy/domains/sdf/lib/test/auto/FIR1.xml
23 ms. Memory: 208384K Free: 135195K (65%)
----------------- Invoking toplevel() on ptolemy.moml.MoMLSimpleApplication@151eef4a
----------------- Done invoking toplevel() on ptolemy.moml.MoMLSimpleApplication@151eef4a
reloadAllAccessors: .FIR1
----------------- testing Thu May 31 00:47:19 UTC 2018 /home/travis/build/icyphy/ptII/ptolemy/domains/sdf/lib/test/auto/FIR2.xml
----------------- Instantiating /home/travis/build/icyphy/ptII/ptolemy/domains/sdf/lib/test/auto/FIR2.xml
4 ms. Memory: 208384K Free: 131493K (63%)
----------------- Invoking toplevel() on ptolemy.moml.MoMLSimpleApplication@2d9b53a6
----------------- Done invoking toplevel() on ptolemy.moml.MoMLSimpleApplication@2d9b53a6
reloadAllAccessors: .FIR2
----------------- testing Thu May 31 00:47:19 UTC 2018 /home/travis/build/icyphy/ptII/ptolemy/domains/sdf/lib/test/auto/FIR4.xml
----------------- Instantiating /home/travis/build/icyphy/ptII/ptolemy/domains/sdf/lib/test/auto/FIR4.xml
6 ms. Memory: 208384K Free: 121275K (58%)
----------------- Invoking toplevel() on ptolemy.moml.MoMLSimpleApplication@c711108
----------------- Done invoking toplevel() on ptolemy.moml.MoMLSimpleApplication@c711108
reloadAllAccessors: .FIR4
----------------- testing Thu May 31 00:47:19 UTC 2018 /home/travis/build/icyphy/ptII/ptolemy/domains/sdf/lib/test/auto/FixJoin.xml
----------------- Instantiating /home/travis/build/icyphy/ptII/ptolemy/domains/sdf/lib/test/auto/FixJoin.xml
5 ms. Memory: 208384K Free: 116344K (56%)
----------------- Invoking toplevel() on ptolemy.moml.MoMLSimpleApplication@32c86632
----------------- Done invoking toplevel() on ptolemy.moml.MoMLSimpleApplication@32c86632
reloadAllAccessors: .FixJoin
----------------- testing Thu May 31 00:47:19 UTC 2018 /home/travis/build/icyphy/ptII/ptolemy/domains/sdf/lib/test/auto/IntJoin1.xml
----------------- Instantiating /home/travis/build/icyphy/ptII/ptolemy/domains/sdf/lib/test/auto/IntJoin1.xml
6 ms. Memory: 208384K Free: 112027K (54%)
----------------- Invoking toplevel() on ptolemy.moml.MoMLSimpleApplication@7d466008
----------------- Done invoking toplevel() on ptolemy.moml.MoMLSimpleApplication@7d466008
reloadAllAccessors: .IntJoin1
----------------- testing Thu May 31 00:47:19 UTC 2018 /home/travis/build/icyphy/ptII/ptolemy/domains/sdf/lib/test/auto/IntJoin2.xml
----------------- Instantiating /home/travis/build/icyphy/ptII/ptolemy/domains/sdf/lib/test/auto/IntJoin2.xml
7 ms. Memory: 208384K Free: 107079K (51%)
----------------- Invoking toplevel() on ptolemy.moml.MoMLSimpleApplication@1155c821
----------------- Done invoking toplevel() on ptolemy.moml.MoMLSimpleApplication@1155c821
reloadAllAccessors: .IntJoin2
----------------- testing Thu May 31 00:47:19 UTC 2018 /home/travis/build/icyphy/ptII/ptolemy/domains/sdf/lib/test/auto/IntJoin3.xml
----------------- Instantiating /home/travis/build/icyphy/ptII/ptolemy/domains/sdf/lib/test/auto/IntJoin3.xml
5 ms. Memory: 208384K Free: 101219K (49%)
----------------- Invoking toplevel() on ptolemy.moml.MoMLSimpleApplication@55a5e790
----------------- Done invoking toplevel() on ptolemy.moml.MoMLSimpleApplication@55a5e790
reloadAllAccessors: .IntJoin3
----------------- testing Thu May 31 00:47:19 UTC 2018 /home/travis/build/icyphy/ptII/ptolemy/domains/sdf/lib/test/auto/IntJoin4.xml
----------------- Instantiating /home/travis/build/icyphy/ptII/ptolemy/domains/sdf/lib/test/auto/IntJoin4.xml
8 ms. Memory: 208384K Free: 96271K (46%)
----------------- Invoking toplevel() on ptolemy.moml.MoMLSimpleApplication@2db516e8
----------------- Done invoking toplevel() on ptolemy.moml.MoMLSimpleApplication@2db516e8
reloadAllAccessors: .IntJoin4
----------------- testing Thu May 31 00:47:19 UTC 2018 /home/travis/build/icyphy/ptII/ptolemy/domains/sdf/lib/test/auto/IntJoin5.xml
----------------- Instantiating /home/travis/build/icyphy/ptII/ptolemy/domains/sdf/lib/test/auto/IntJoin5.xml
4 ms. Memory: 208384K Free: 91332K (44%)
----------------- Invoking toplevel() on ptolemy.moml.MoMLSimpleApplication@2dbff9be
----------------- Done invoking toplevel() on ptolemy.moml.MoMLSimpleApplication@2dbff9be
reloadAllAccessors: .IntJoin5
----------------- testing Thu May 31 00:47:19 UTC 2018 /home/travis/build/icyphy/ptII/ptolemy/domains/sdf/lib/test/auto/IntToBits.xml
----------------- Instantiating /home/travis/build/icyphy/ptII/ptolemy/domains/sdf/lib/test/auto/IntToBits.xml
12 ms. Memory: 208384K Free: 87645K (42%)
----------------- Invoking toplevel() on ptolemy.moml.MoMLSimpleApplication@710ccfee
----------------- Done invoking toplevel() on ptolemy.moml.MoMLSimpleApplication@710ccfee
reloadAllAccessors: .IntToBits
----------------- testing Thu May 31 00:47:19 UTC 2018 /home/travis/build/icyphy/ptII/ptolemy/domains/sdf/lib/test/auto/LMSAdaptive.xml
----------------- Instantiating /home/travis/build/icyphy/ptII/ptolemy/domains/sdf/lib/test/auto/LMSAdaptive.xml
42 ms. Memory: 208384K Free: 199763K (96%)
----------------- Invoking toplevel() on ptolemy.moml.MoMLSimpleApplication@454b5cd0
----------------- Done invoking toplevel() on ptolemy.moml.MoMLSimpleApplication@454b5cd0
reloadAllAccessors: .LMSAdaptive
----------------- testing Thu May 31 00:47:19 UTC 2018 /home/travis/build/icyphy/ptII/ptolemy/domains/sdf/lib/test/auto/LMSAdaptiveFIR.xml
----------------- Instantiating /home/travis/build/icyphy/ptII/ptolemy/domains/sdf/lib/test/auto/LMSAdaptiveFIR.xml
335 ms. Memory: 208384K Free: 159001K (76%)
----------------- Invoking toplevel() on ptolemy.moml.MoMLSimpleApplication@5c91a01d
----------------- Done invoking toplevel() on ptolemy.moml.MoMLSimpleApplication@5c91a01d
reloadAllAccessors: .LMSAdaptiveFIR
----------------- testing Thu May 31 00:47:20 UTC 2018 /home/travis/build/icyphy/ptII/ptolemy/domains/sdf/lib/test/auto/LMSAdaptiveFIR2.xml
----------------- Instantiating /home/travis/build/icyphy/ptII/ptolemy/domains/sdf/lib/test/auto/LMSAdaptiveFIR2.xml
450 ms. Memory: 208384K Free: 99230K (48%)
----------------- Invoking toplevel() on ptolemy.moml.MoMLSimpleApplication@e31187
----------------- Done invoking toplevel() on ptolemy.moml.MoMLSimpleApplication@e31187
reloadAllAccessors: .LMSAdaptiveFIR2
----------------- testing Thu May 31 00:47:20 UTC 2018 /home/travis/build/icyphy/ptII/ptolemy/domains/sdf/lib/test/auto/LongJoin.xml
----------------- Instantiating /home/travis/build/icyphy/ptII/ptolemy/domains/sdf/lib/test/auto/LongJoin.xml
5 ms. Memory: 208384K Free: 93850K (45%)
----------------- Invoking toplevel() on ptolemy.moml.MoMLSimpleApplication@7afde6fd
----------------- Done invoking toplevel() on ptolemy.moml.MoMLSimpleApplication@7afde6fd
reloadAllAccessors: .LongJoin
----------------- testing Thu May 31 00:47:20 UTC 2018 /home/travis/build/icyphy/ptII/ptolemy/domains/sdf/lib/test/auto/Matrix1.xml
----------------- Instantiating /home/travis/build/icyphy/ptII/ptolemy/domains/sdf/lib/test/auto/Matrix1.xml
8 ms. Memory: 208384K Free: 90067K (43%)
----------------- Invoking toplevel() on ptolemy.moml.MoMLSimpleApplication@1130eed4
----------------- Done invoking toplevel() on ptolemy.moml.MoMLSimpleApplication@1130eed4
reloadAllAccessors: .Matrix1
----------------- testing Thu May 31 00:47:20 UTC 2018 /home/travis/build/icyphy/ptII/ptolemy/domains/sdf/lib/test/auto/Matrix2.xml
----------------- Instantiating /home/travis/build/icyphy/ptII/ptolemy/domains/sdf/lib/test/auto/Matrix2.xml
4 ms. Memory: 208384K Free: 85136K (41%)
----------------- Invoking toplevel() on ptolemy.moml.MoMLSimpleApplication@65945030
----------------- Done invoking toplevel() on ptolemy.moml.MoMLSimpleApplication@65945030
reloadAllAccessors: .Matrix2
----------------- testing Thu May 31 00:47:20 UTC 2018 /home/travis/build/icyphy/ptII/ptolemy/domains/sdf/lib/test/auto/MatrixJoin1.xml
----------------- Instantiating /home/travis/build/icyphy/ptII/ptolemy/domains/sdf/lib/test/auto/MatrixJoin1.xml
4 ms. Memory: 208384K Free: 79141K (38%)
----------------- Invoking toplevel() on ptolemy.moml.MoMLSimpleApplication@4a9e3c97
----------------- Done invoking toplevel() on ptolemy.moml.MoMLSimpleApplication@4a9e3c97
reloadAllAccessors: .MatrixJoin1
----------------- testing Thu May 31 00:47:20 UTC 2018 /home/travis/build/icyphy/ptII/ptolemy/domains/sdf/lib/test/auto/MatrixJoin2.xml
----------------- Instantiating /home/travis/build/icyphy/ptII/ptolemy/domains/sdf/lib/test/auto/MatrixJoin2.xml
4 ms. Memory: 333312K Free: 321129K (96%)
----------------- Invoking toplevel() on ptolemy.moml.MoMLSimpleApplication@3148fe2a
----------------- Done invoking toplevel() on ptolemy.moml.MoMLSimpleApplication@3148fe2a
reloadAllAccessors: .MatrixJoin2
----------------- testing Thu May 31 00:47:21 UTC 2018 /home/travis/build/icyphy/ptII/ptolemy/domains/sdf/lib/test/auto/MatrixJoin3.xml
----------------- Instantiating /home/travis/build/icyphy/ptII/ptolemy/domains/sdf/lib/test/auto/MatrixJoin3.xml
4 ms. Memory: 333312K Free: 312846K (94%)
----------------- Invoking toplevel() on ptolemy.moml.MoMLSimpleApplication@61fe1050
----------------- Done invoking toplevel() on ptolemy.moml.MoMLSimpleApplication@61fe1050
reloadAllAccessors: .MatrixJoin3
----------------- testing Thu May 31 00:47:21 UTC 2018 /home/travis/build/icyphy/ptII/ptolemy/domains/sdf/lib/test/auto/MatrixJoin4.xml
----------------- Instantiating /home/travis/build/icyphy/ptII/ptolemy/domains/sdf/lib/test/auto/MatrixJoin4.xml
5 ms. Memory: 333312K Free: 306260K (92%)
----------------- Invoking toplevel() on ptolemy.moml.MoMLSimpleApplication@37978a07
----------------- Done invoking toplevel() on ptolemy.moml.MoMLSimpleApplication@37978a07
reloadAllAccessors: .MatrixJoin4
----------------- testing Thu May 31 00:47:21 UTC 2018 /home/travis/build/icyphy/ptII/ptolemy/domains/sdf/lib/test/auto/MatrixJoin5.xml
----------------- Instantiating /home/travis/build/icyphy/ptII/ptolemy/domains/sdf/lib/test/auto/MatrixJoin5.xml
2 ms. Memory: 333312K Free: 299674K (90%)
----------------- Invoking toplevel() on ptolemy.moml.MoMLSimpleApplication@1372c0dc
----------------- Done invoking toplevel() on ptolemy.moml.MoMLSimpleApplication@1372c0dc
reloadAllAccessors: .MatrixJoin5
----------------- testing Thu May 31 00:47:21 UTC 2018 /home/travis/build/icyphy/ptII/ptolemy/domains/sdf/lib/test/auto/MatrixSplit1.xml
----------------- Instantiating /home/travis/build/icyphy/ptII/ptolemy/domains/sdf/lib/test/auto/MatrixSplit1.xml
3 ms. Memory: 333312K Free: 291676K (88%)
----------------- Invoking toplevel() on ptolemy.moml.MoMLSimpleApplication@406d0407
----------------- Done invoking toplevel() on ptolemy.moml.MoMLSimpleApplication@406d0407
reloadAllAccessors: .MatrixSplit1
----------------- testing Thu May 31 00:47:21 UTC 2018 /home/travis/build/icyphy/ptII/ptolemy/domains/sdf/lib/test/auto/MatrixSplit10.xml
----------------- Instantiating /home/travis/build/icyphy/ptII/ptolemy/domains/sdf/lib/test/auto/MatrixSplit10.xml
6 ms. Memory: 333312K Free: 286761K (86%)
----------------- Invoking toplevel() on ptolemy.moml.MoMLSimpleApplication@370386d5
----------------- Done invoking toplevel() on ptolemy.moml.MoMLSimpleApplication@370386d5
reloadAllAccessors: .MatrixSplit10
----------------- testing Thu May 31 00:47:21 UTC 2018 /home/travis/build/icyphy/ptII/ptolemy/domains/sdf/lib/test/auto/MatrixSplit11.xml
----------------- Instantiating /home/travis/build/icyphy/ptII/ptolemy/domains/sdf/lib/test/auto/MatrixSplit11.xml
7 ms. Memory: 333312K Free: 281845K (85%)
----------------- Invoking toplevel() on ptolemy.moml.MoMLSimpleApplication@67d6b31f
----------------- Done invoking toplevel() on ptolemy.moml.MoMLSimpleApplication@67d6b31f
reloadAllAccessors: .MatrixSplit11
----------------- testing Thu May 31 00:47:21 UTC 2018 /home/travis/build/icyphy/ptII/ptolemy/domains/sdf/lib/test/auto/MatrixSplit12.xml
----------------- Instantiating /home/travis/build/icyphy/ptII/ptolemy/domains/sdf/lib/test/auto/MatrixSplit12.xml
2 ms. Memory: 333312K Free: 276930K (83%)
----------------- Invoking toplevel() on ptolemy.moml.MoMLSimpleApplication@54ee9023
----------------- Done invoking toplevel() on ptolemy.moml.MoMLSimpleApplication@54ee9023
reloadAllAccessors: .MatrixSplit12
----------------- testing Thu May 31 00:47:21 UTC 2018 /home/travis/build/icyphy/ptII/ptolemy/domains/sdf/lib/test/auto/MatrixSplit13.xml
----------------- Instantiating /home/travis/build/icyphy/ptII/ptolemy/domains/sdf/lib/test/auto/MatrixSplit13.xml
2 ms. Memory: 333312K Free: 270602K (81%)
----------------- Invoking toplevel() on ptolemy.moml.MoMLSimpleApplication@631d0c55
----------------- Done invoking toplevel() on ptolemy.moml.MoMLSimpleApplication@631d0c55
reloadAllAccessors: .MatrixSplit13
----------------- testing Thu May 31 00:47:21 UTC 2018 /home/travis/build/icyphy/ptII/ptolemy/domains/sdf/lib/test/auto/MatrixSplit14.xml
----------------- Instantiating /home/travis/build/icyphy/ptII/ptolemy/domains/sdf/lib/test/auto/MatrixSplit14.xml
2 ms. Memory: 333312K Free: 265687K (80%)
----------------- Invoking toplevel() on ptolemy.moml.MoMLSimpleApplication@1d9da8d
----------------- Done invoking toplevel() on ptolemy.moml.MoMLSimpleApplication@1d9da8d
reloadAllAccessors: .MatrixSplit14
----------------- testing Thu May 31 00:47:21 UTC 2018 /home/travis/build/icyphy/ptII/ptolemy/domains/sdf/lib/test/auto/MatrixSplit2.xml
----------------- Instantiating /home/travis/build/icyphy/ptII/ptolemy/domains/sdf/lib/test/auto/MatrixSplit2.xml
7 ms. Memory: 333312K Free: 260772K (78%)
----------------- Invoking toplevel() on ptolemy.moml.MoMLSimpleApplication@5fc3213c
----------------- Done invoking toplevel() on ptolemy.moml.MoMLSimpleApplication@5fc3213c
reloadAllAccessors: .MatrixSplit2
----------------- testing Thu May 31 00:47:21 UTC 2018 /home/travis/build/icyphy/ptII/ptolemy/domains/sdf/lib/test/auto/MatrixSplit3.xml
----------------- Instantiating /home/travis/build/icyphy/ptII/ptolemy/domains/sdf/lib/test/auto/MatrixSplit3.xml
3 ms. Memory: 333312K Free: 254444K (76%)
----------------- Invoking toplevel() on ptolemy.moml.MoMLSimpleApplication@6569188c
----------------- Done invoking toplevel() on ptolemy.moml.MoMLSimpleApplication@6569188c
reloadAllAccessors: .MatrixSplit3
----------------- testing Thu May 31 00:47:21 UTC 2018 /home/travis/build/icyphy/ptII/ptolemy/domains/sdf/lib/test/auto/MatrixSplit4.xml
----------------- Instantiating /home/travis/build/icyphy/ptII/ptolemy/domains/sdf/lib/test/auto/MatrixSplit4.xml
4 ms. Memory: 333312K Free: 249529K (75%)
----------------- Invoking toplevel() on ptolemy.moml.MoMLSimpleApplication@46593ff
----------------- Done invoking toplevel() on ptolemy.moml.MoMLSimpleApplication@46593ff
reloadAllAccessors: .MatrixSplit4
----------------- testing Thu May 31 00:47:21 UTC 2018 /home/travis/build/icyphy/ptII/ptolemy/domains/sdf/lib/test/auto/MatrixSplit5.xml
----------------- Instantiating /home/travis/build/icyphy/ptII/ptolemy/domains/sdf/lib/test/auto/MatrixSplit5.xml
2 ms. Memory: 333312K Free: 244613K (73%)
----------------- Invoking toplevel() on ptolemy.moml.MoMLSimpleApplication@2a3d30d8
----------------- Done invoking toplevel() on ptolemy.moml.MoMLSimpleApplication@2a3d30d8
reloadAllAccessors: .MatrixSplit5
----------------- testing Thu May 31 00:47:21 UTC 2018 /home/travis/build/icyphy/ptII/ptolemy/domains/sdf/lib/test/auto/MatrixSplit6.xml
----------------- Instantiating /home/travis/build/icyphy/ptII/ptolemy/domains/sdf/lib/test/auto/MatrixSplit6.xml
1 ms. Memory: 333312K Free: 238286K (71%)
----------------- Invoking toplevel() on ptolemy.moml.MoMLSimpleApplication@488de9de
----------------- Done invoking toplevel() on ptolemy.moml.MoMLSimpleApplication@488de9de
reloadAllAccessors: .MatrixSplit6
----------------- testing Thu May 31 00:47:21 UTC 2018 /home/travis/build/icyphy/ptII/ptolemy/domains/sdf/lib/test/auto/MatrixSplit7.xml
----------------- Instantiating /home/travis/build/icyphy/ptII/ptolemy/domains/sdf/lib/test/auto/MatrixSplit7.xml
2 ms. Memory: 333312K Free: 233370K (70%)
----------------- Invoking toplevel() on ptolemy.moml.MoMLSimpleApplication@5bc1d245
----------------- Done invoking toplevel() on ptolemy.moml.MoMLSimpleApplication@5bc1d245
reloadAllAccessors: .MatrixSplit7
----------------- testing Thu May 31 00:47:21 UTC 2018 /home/travis/build/icyphy/ptII/ptolemy/domains/sdf/lib/test/auto/MatrixSplit8.xml
----------------- Instantiating /home/travis/build/icyphy/ptII/ptolemy/domains/sdf/lib/test/auto/MatrixSplit8.xml
1 ms. Memory: 333312K Free: 228455K (69%)
----------------- Invoking toplevel() on ptolemy.moml.MoMLSimpleApplication@7912efeb
----------------- Done invoking toplevel() on ptolemy.moml.MoMLSimpleApplication@7912efeb
reloadAllAccessors: .MatrixSplit8
----------------- testing Thu May 31 00:47:21 UTC 2018 /home/travis/build/icyphy/ptII/ptolemy/domains/sdf/lib/test/auto/MatrixSplit9.xml
----------------- Instantiating /home/travis/build/icyphy/ptII/ptolemy/domains/sdf/lib/test/auto/MatrixSplit9.xml
2 ms. Memory: 333312K Free: 223540K (67%)
----------------- Invoking toplevel() on ptolemy.moml.MoMLSimpleApplication@175fab03
----------------- Done invoking toplevel() on ptolemy.moml.MoMLSimpleApplication@175fab03
reloadAllAccessors: .MatrixSplit9
----------------- testing Thu May 31 00:47:21 UTC 2018 /home/travis/build/icyphy/ptII/ptolemy/domains/sdf/lib/test/auto/MatrixToSequence.xml
----------------- Instantiating /home/travis/build/icyphy/ptII/ptolemy/domains/sdf/lib/test/auto/MatrixToSequence.xml
22 ms. Memory: 333312K Free: 210659K (63%)
----------------- Invoking toplevel() on ptolemy.moml.MoMLSimpleApplication@54d11457
----------------- Done invoking toplevel() on ptolemy.moml.MoMLSimpleApplication@54d11457
reloadAllAccessors: .MatrixToSequence
----------------- testing Thu May 31 00:47:21 UTC 2018 /home/travis/build/icyphy/ptII/ptolemy/domains/sdf/lib/test/auto/MaximumEntropySpectrum.xml
----------------- Instantiating /home/travis/build/icyphy/ptII/ptolemy/domains/sdf/lib/test/auto/MaximumEntropySpectrum.xml
13 ms. Memory: 333312K Free: 186050K (56%)
----------------- Invoking toplevel() on ptolemy.moml.MoMLSimpleApplication@36fba44d
----------------- Done invoking toplevel() on ptolemy.moml.MoMLSimpleApplication@36fba44d
reloadAllAccessors: .MaximumEntropySpectrum
----------------- testing Thu May 31 00:47:21 UTC 2018 /home/travis/build/icyphy/ptII/ptolemy/domains/sdf/lib/test/auto/SampleDelayConversion.xml
----------------- Instantiating /home/travis/build/icyphy/ptII/ptolemy/domains/sdf/lib/test/auto/SampleDelayConversion.xml
2 ms. Memory: 333312K Free: 181135K (54%)
----------------- Invoking toplevel() on ptolemy.moml.MoMLSimpleApplication@3c3a1030
----------------- Done invoking toplevel() on ptolemy.moml.MoMLSimpleApplication@3c3a1030
reloadAllAccessors: .SampleDelayConversion
----------------- testing Thu May 31 00:47:21 UTC 2018 /home/travis/build/icyphy/ptII/ptolemy/domains/sdf/lib/test/auto/SequenceToArray.xml
----------------- Instantiating /home/travis/build/icyphy/ptII/ptolemy/domains/sdf/lib/test/auto/SequenceToArray.xml
12 ms. Memory: 333312K Free: 166599K (50%)
----------------- Invoking toplevel() on ptolemy.moml.MoMLSimpleApplication@710590b0
----------------- Done invoking toplevel() on ptolemy.moml.MoMLSimpleApplication@710590b0
reloadAllAccessors: .SequenceToArray
----------------- testing Thu May 31 00:47:21 UTC 2018 /home/travis/build/icyphy/ptII/ptolemy/domains/sdf/lib/test/auto/SequenceToMatrix.xml
----------------- Instantiating /home/travis/build/icyphy/ptII/ptolemy/domains/sdf/lib/test/auto/SequenceToMatrix.xml
3893 ms. Memory: 333312K Free: 85055K (26%)
----------------- Invoking toplevel() on ptolemy.moml.MoMLSimpleApplication@6d68c634
----------------- Done invoking toplevel() on ptolemy.moml.MoMLSimpleApplication@6d68c634
reloadAllAccessors: .SequenceToMatrix
----------------- testing Thu May 31 00:47:25 UTC 2018 /home/travis/build/icyphy/ptII/ptolemy/domains/sdf/lib/test/auto/SmoothedPeriodogram.xml
----------------- Instantiating /home/travis/build/icyphy/ptII/ptolemy/domains/sdf/lib/test/auto/SmoothedPeriodogram.xml
12 ms. Memory: 579072K Free: 555532K (96%)
----------------- Invoking toplevel() on ptolemy.moml.MoMLSimpleApplication@47a59f7f
----------------- Done invoking toplevel() on ptolemy.moml.MoMLSimpleApplication@47a59f7f
reloadAllAccessors: .SmoothedPeriodogram
----------------- testing Thu May 31 00:47:25 UTC 2018 /home/travis/build/icyphy/ptII/ptolemy/domains/sdf/lib/test/auto/UpDownSample1.xml
----------------- Instantiating /home/travis/build/icyphy/ptII/ptolemy/domains/sdf/lib/test/auto/UpDownSample1.xml
3 ms. Memory: 579072K Free: 547703K (95%)
----------------- Invoking toplevel() on ptolemy.moml.MoMLSimpleApplication@51cf5786
----------------- Done invoking toplevel() on ptolemy.moml.MoMLSimpleApplication@51cf5786
reloadAllAccessors: .UpDownSample1
----------------- testing Thu May 31 00:47:25 UTC 2018 /home/travis/build/icyphy/ptII/ptolemy/domains/sdf/lib/test/auto/UpSample1.xml
----------------- Instantiating /home/travis/build/icyphy/ptII/ptolemy/domains/sdf/lib/test/auto/UpSample1.xml
2 ms. Memory: 579072K Free: 541156K (93%)
----------------- Invoking toplevel() on ptolemy.moml.MoMLSimpleApplication@18d1219b
----------------- Done invoking toplevel() on ptolemy.moml.MoMLSimpleApplication@18d1219b
reloadAllAccessors: .UpSample1
----------------- testing Thu May 31 00:47:25 UTC 2018 /home/travis/build/icyphy/ptII/ptolemy/domains/sdf/lib/test/auto/VariableFIR.xml
----------------- Instantiating /home/travis/build/icyphy/ptII/ptolemy/domains/sdf/lib/test/auto/VariableFIR.xml
16 ms. Memory: 579072K Free: 530037K (92%)
----------------- Invoking toplevel() on ptolemy.moml.MoMLSimpleApplication@33264034
----------------- Done invoking toplevel() on ptolemy.moml.MoMLSimpleApplication@33264034
reloadAllAccessors: .VariableFIR
----------------- testing Thu May 31 00:47:25 UTC 2018 /home/travis/build/icyphy/ptII/ptolemy/domains/sdf/lib/test/auto/VariableFIR2.xml
----------------- Instantiating /home/travis/build/icyphy/ptII/ptolemy/domains/sdf/lib/test/auto/VariableFIR2.xml
5 ms. Memory: 579072K Free: 520217K (90%)
----------------- Invoking toplevel() on ptolemy.moml.MoMLSimpleApplication@7db47c92
----------------- Done invoking toplevel() on ptolemy.moml.MoMLSimpleApplication@7db47c92
reloadAllAccessors: .VariableFIR2
----------------- testing Thu May 31 00:47:25 UTC 2018 /home/travis/build/icyphy/ptII/ptolemy/domains/sdf/lib/test/auto/VariableLattice.xml
----------------- Instantiating /home/travis/build/icyphy/ptII/ptolemy/domains/sdf/lib/test/auto/VariableLattice.xml
4 ms. Memory: 579072K Free: 510381K (88%)
----------------- Invoking toplevel() on ptolemy.moml.MoMLSimpleApplication@728753d9
----------------- Done invoking toplevel() on ptolemy.moml.MoMLSimpleApplication@728753d9
reloadAllAccessors: .VariableLattice
----------------- testing Thu May 31 00:47:25 UTC 2018 /home/travis/build/icyphy/ptII/ptolemy/domains/sdf/lib/test/auto/VariableLattice2.xml
----------------- Instantiating /home/travis/build/icyphy/ptII/ptolemy/domains/sdf/lib/test/auto/VariableLattice2.xml
1.0
-1.999999602036
1.9099998677481
-0.9099996420674
0.205
0.0
0.0
1.0
-0.25
-0.5
0.0
0.0
0.0
0.0
3 ms. Memory: 579072K Free: 499270K (86%)
----------------- Invoking toplevel() on ptolemy.moml.MoMLSimpleApplication@7e585bf8
----------------- Done invoking toplevel() on ptolemy.moml.MoMLSimpleApplication@7e585bf8
reloadAllAccessors: .VariableLattice2
----------------- testing Thu May 31 00:47:25 UTC 2018 /home/travis/build/icyphy/ptII/ptolemy/domains/sdf/lib/test/auto/VariableRecursiveLattice.xml
----------------- Instantiating /home/travis/build/icyphy/ptII/ptolemy/domains/sdf/lib/test/auto/VariableRecursiveLattice.xml
5 ms. Memory: 579072K Free: 489433K (85%)
----------------- Invoking toplevel() on ptolemy.moml.MoMLSimpleApplication@285760b3
----------------- Done invoking toplevel() on ptolemy.moml.MoMLSimpleApplication@285760b3
reloadAllAccessors: .VariableRecursiveLattice
----------------- testing Thu May 31 00:47:25 UTC 2018 /home/travis/build/icyphy/ptII/ptolemy/domains/sdf/lib/test/auto/VariableRecursiveLattice2.xml
----------------- Instantiating /home/travis/build/icyphy/ptII/ptolemy/domains/sdf/lib/test/auto/VariableRecursiveLattice2.xml
5 ms. Memory: 579072K Free: 482887K (83%)
----------------- Invoking toplevel() on ptolemy.moml.MoMLSimpleApplication@374ccb8f
----------------- Done invoking toplevel() on ptolemy.moml.MoMLSimpleApplication@374ccb8f
reloadAllAccessors: .VariableRecursiveLattice2
AutoTests.java: About to close Vertx.
AutoTests.java: Vertx closed.
]]></system-out>
  <system-err><![CDATA[]]></system-err>
</testsuite>
