<?xml version="1.0" encoding="UTF-8" ?>
<testsuite errors="0" failures="0" hostname="travis-job-2c43f431-7502-4d33-84d4-ba1d804e0798" name="org.terraswarm.accessor.test.junit.JUnitTclTest" skipped="0" tests="29" time="668.274" timestamp="2018-03-17T00:55:15">
  <properties>
[...]
</properties>
  <testcase classname="ptolemy.util.test.junit.TclTests" name="[0] /home/travis/build/icyphy/ptII/org/terraswarm/accessor/test/JSAccessor.tcl (RunTclFile)" time="14.295" />
  <testcase classname="ptolemy.util.test.junit.TclTests" name="[1] /home/travis/build/icyphy/ptII/org/terraswarm/accessor/test/WebSocketClientTest.tcl (RunTclFile)" time="54.312" />
  <testcase classname="ptolemy.util.test.junit.AutoKnownFailedTests" name="[0] ThereAreNoKnowFailedTests (RunModel)" time="0.005" />
  <testcase classname="ptolemy.util.test.junit.AutoNameArchTests" name="[0] ThereAreNoAutoTests (RunModel)" time="0.0" />
  <testcase classname="ptolemy.util.test.junit.AutoTests" name="[0] /home/travis/build/icyphy/ptII/org/terraswarm/accessor/test/auto/AccessViolation.xml (RunModel)" time="13.421" />
  <testcase classname="ptolemy.util.test.junit.AutoTests" name="[1] /home/travis/build/icyphy/ptII/org/terraswarm/accessor/test/auto/AccessViolation2.xml (RunModel)" time="13.154" />
  <testcase classname="ptolemy.util.test.junit.AutoTests" name="[2] /home/travis/build/icyphy/ptII/org/terraswarm/accessor/test/auto/Accessor1.xml (RunModel)" time="16.335" />
  <testcase classname="ptolemy.util.test.junit.AutoTests" name="[3] /home/travis/build/icyphy/ptII/org/terraswarm/accessor/test/auto/Accessor2.xml (RunModel)" time="13.016" />
  <testcase classname="ptolemy.util.test.junit.AutoTests" name="[4] /home/travis/build/icyphy/ptII/org/terraswarm/accessor/test/auto/CallbackWithSuppress.xml (RunModel)" time="72.678" />
  <testcase classname="ptolemy.util.test.junit.AutoTests" name="[5] /home/travis/build/icyphy/ptII/org/terraswarm/accessor/test/auto/Derived.xml (RunModel)" time="13.034" />
  <testcase classname="ptolemy.util.test.junit.AutoTests" name="[6] /home/travis/build/icyphy/ptII/org/terraswarm/accessor/test/auto/Derived2.xml (RunModel)" time="12.85" />
  <testcase classname="ptolemy.util.test.junit.AutoTests" name="[7] /home/travis/build/icyphy/ptII/org/terraswarm/accessor/test/auto/Derived3.xml (RunModel)" time="13.065" />
  <testcase classname="ptolemy.util.test.junit.AutoTests" name="[8] /home/travis/build/icyphy/ptII/org/terraswarm/accessor/test/auto/Derived4.xml (RunModel)" time="12.646" />
  <testcase classname="ptolemy.util.test.junit.AutoTests" name="[9] /home/travis/build/icyphy/ptII/org/terraswarm/accessor/test/auto/Derived5.xml (RunModel)" time="12.838" />
  <testcase classname="ptolemy.util.test.junit.AutoTests" name="[10] /home/travis/build/icyphy/ptII/org/terraswarm/accessor/test/auto/Derived6.xml (RunModel)" time="12.92" />
  <testcase classname="ptolemy.util.test.junit.AutoTests" name="[11] /home/travis/build/icyphy/ptII/org/terraswarm/accessor/test/auto/Derived8.xml (RunModel)" time="13.441" />
  <testcase classname="ptolemy.util.test.junit.AutoTests" name="[12] /home/travis/build/icyphy/ptII/org/terraswarm/accessor/test/auto/Derived9.xml (RunModel)" time="13.117" />
  <testcase classname="ptolemy.util.test.junit.AutoTests" name="[13] /home/travis/build/icyphy/ptII/org/terraswarm/accessor/test/auto/DerivedAgain.xml (RunModel)" time="15.831" />
  <testcase classname="ptolemy.util.test.junit.AutoTests" name="[14] /home/travis/build/icyphy/ptII/org/terraswarm/accessor/test/auto/DerivedAgain2.xml (RunModel)" time="16.186" />
  <testcase classname="ptolemy.util.test.junit.AutoTests" name="[15] /home/travis/build/icyphy/ptII/org/terraswarm/accessor/test/auto/DerivedAgain4.xml (RunModel)" time="13.091" />
  <testcase classname="ptolemy.util.test.junit.AutoTests" name="[16] /home/travis/build/icyphy/ptII/org/terraswarm/accessor/test/auto/DerivedAgain5.xml (RunModel)" time="13.665" />
  <testcase classname="ptolemy.util.test.junit.AutoTests" name="[17] /home/travis/build/icyphy/ptII/org/terraswarm/accessor/test/auto/GetDate.xml (RunModel)" time="31.986" />
  <testcase classname="ptolemy.util.test.junit.AutoTests" name="[18] /home/travis/build/icyphy/ptII/org/terraswarm/accessor/test/auto/HandlerWithSuppress.xml (RunModel)" time="72.966" />
  <testcase classname="ptolemy.util.test.junit.AutoTests" name="[19] /home/travis/build/icyphy/ptII/org/terraswarm/accessor/test/auto/HttpRequest.xml (RunModel)" time="12.999" />
  <testcase classname="ptolemy.util.test.junit.AutoTests" name="[20] /home/travis/build/icyphy/ptII/org/terraswarm/accessor/test/auto/JSON.xml (RunModel)" time="15.578" />
  <testcase classname="ptolemy.util.test.junit.AutoTests" name="[21] /home/travis/build/icyphy/ptII/org/terraswarm/accessor/test/auto/ReadURL.xml (RunModel)" time="48.328" />
  <testcase classname="ptolemy.util.test.junit.AutoTests" name="[22] /home/travis/build/icyphy/ptII/org/terraswarm/accessor/test/auto/SendNullToOwnInput.xml (RunModel)" time="72.615" />
  <testcase classname="ptolemy.util.test.junit.AutoTests" name="[23] /home/travis/build/icyphy/ptII/org/terraswarm/accessor/test/auto/Stop.xml (RunModel)" time="34.456" />
  <testcase classname="ptolemy.util.test.junit.AutoTests" name="[24] /home/travis/build/icyphy/ptII/org/terraswarm/accessor/test/auto/Stop2.xml (RunModel)" time="19.354" />
  <system-out><![CDATA[/home/travis/build/icyphy/ptII/org/terraswarm/accessor/test/JSAccessor.tcl
testDefs.tcl: setting time out to 9000 seconds at Sat Mar 17 00:55:15 UTC 2018
JSAccessor: PT_NO_NET environment variable is set, so git pull and ptdoc are not being run.
/home/travis/build/icyphy/ptII/org/terraswarm/accessor/test/WebSocketClientTest.tcl
WebSocketClient: Connection failed. Will try again: Connection refused: localhost/127.0.0.1:8181 (Thread[vert.x-eventloop-thread-0,1,main])
WebSocketClient: Connection closed because model is no longer running. (Thread[WebSocketClientJS,1,main])
6653 ms. Memory: 688128K Free: 372971K (54%)
WebSocketClient: Connection failed. Will try again: Connection refused: localhost/127.0.0.1:8181 (Thread[vert.x-eventloop-thread-0,1,main])
WebSocketClient: Connection closed because model is no longer running. (Thread[main,5,main])
5836 ms. Memory: 786432K Free: 465344K (59%)
reloadAllAccessors: .WebSocketClientJS
This is the first time that the reloadAllAccessors method has been invoked in this JVM, so the the accessors repo will be checked out or updated and JSDoc invoked. Note that running the tests may end up invoking a new JVM for each directory, so the repo may be checked out or updated and JSDoc invoked more than once when the tests are run.
WebSocketClient: Connection failed. Will try again: Connection refused: localhost/127.0.0.1:8181 (Thread[vert.x-eventloop-thread-0,1,main])
WebSocketClient: Connection closed because model is no longer running. (Thread[main,5,main])
5547 ms. Memory: 832512K Free: 743796K (89%)
WebSocketClient: Connection failed. Will try again: Connection refused: localhost/127.0.0.1:8182 (Thread[vert.x-eventloop-thread-1,1,main])
WebSocketClient: Connection failed. Will try again: Connection refused: localhost/127.0.0.1:8182 (Thread[vert.x-eventloop-thread-1,1,main])
WebSocketClient: Connection failed. Will try again: Connection refused: localhost/127.0.0.1:8182 (Thread[vert.x-eventloop-thread-1,1,main])
WebSocketClient: Connection failed. Will try again: Connection refused: localhost/127.0.0.1:8182 (Thread[vert.x-eventloop-thread-1,1,main])
WebSocketClient: Connection failed. Will try again: Connection refused: localhost/127.0.0.1:8182 (Thread[vert.x-eventloop-thread-1,1,main])
WebSocketClient: undefined: WebSocketClient.js: Error: Connection failed after 6 tries: Connection refused: localhost/127.0.0.1:8182 (Thread[vert.x-eventloop-thread-1,1,main])
WebSocketClient: Connection closed because model is no longer running. (Thread[WebSocketClient2JS,1,main])
8836 ms. Memory: 807424K Free: 367778K (46%)
WebSocketClient: Connection failed. Will try again: Connection refused: localhost/127.0.0.1:8182 (Thread[vert.x-eventloop-thread-1,1,main])
WebSocketClient: Connection failed. Will try again: Connection refused: localhost/127.0.0.1:8182 (Thread[vert.x-eventloop-thread-1,1,main])
WebSocketClient: Connection failed. Will try again: Connection refused: localhost/127.0.0.1:8182 (Thread[vert.x-eventloop-thread-1,1,main])
WebSocketClient: Connection failed. Will try again: Connection refused: localhost/127.0.0.1:8182 (Thread[vert.x-eventloop-thread-1,1,main])
WebSocketClient: Connection failed. Will try again: Connection refused: localhost/127.0.0.1:8182 (Thread[vert.x-eventloop-thread-1,1,main])
WebSocketClient: undefined: WebSocketClient.js: Error: Connection failed after 6 tries: Connection refused: localhost/127.0.0.1:8182 (Thread[vert.x-eventloop-thread-1,1,main])
WebSocketClient: Connection closed because model is no longer running. (Thread[main,5,main])
8914 ms. Memory: 830976K Free: 498145K (60%)
reloadAllAccessors: .WebSocketClient2JS
WebSocketClient: Connection failed. Will try again: Connection refused: localhost/127.0.0.1:8182 (Thread[vert.x-eventloop-thread-1,1,main])
WebSocketClient: Connection failed. Will try again: Connection refused: localhost/127.0.0.1:8182 (Thread[vert.x-eventloop-thread-1,1,main])
WebSocketClient: Connection failed. Will try again: Connection refused: localhost/127.0.0.1:8182 (Thread[vert.x-eventloop-thread-1,1,main])
WebSocketClient: Connection failed. Will try again: Connection refused: localhost/127.0.0.1:8182 (Thread[vert.x-eventloop-thread-1,1,main])
WebSocketClient: Connection failed. Will try again: Connection refused: localhost/127.0.0.1:8182 (Thread[vert.x-eventloop-thread-1,1,main])
WebSocketClient: undefined: WebSocketClient.js: Error: Connection failed after 6 tries: Connection refused: localhost/127.0.0.1:8182 (Thread[vert.x-eventloop-thread-1,1,main])
WebSocketClient: Connection closed because model is no longer running. (Thread[main,5,main])
8423 ms. Memory: 881664K Free: 564357K (64%)
03/17/18 12:56:24
Failed: 0  Total Tests: 14  ((Passed: 14, Newly Passed: 0)  Known Failed: 0) /home/travis/build/icyphy/ptII/org/terraswarm/accessor/test
No auto/knownFailedTests/*.xml tests in /home/travis/build/icyphy/ptII/org/terraswarm/accessor/test
No auto/*.xml tests in /home/travis/build/icyphy/ptII/org/terraswarm/accessor/test
----------------- testing /home/travis/build/icyphy/ptII/org/terraswarm/accessor/test/auto/AccessViolation.xml
----------------- Sat Mar 17 00:56:24 UTC 2018 About to sleep for 5 seconds before rerunning in org/terraswarm/accessor.  Test is: /home/travis/build/icyphy/ptII/org/terraswarm/accessor/test/auto/AccessViolation.xml
900 ms. Memory: 882688K Free: 465609K (53%)
----------------- testing again /home/travis/build/icyphy/ptII/org/terraswarm/accessor/test/auto/AccessViolation.xml
885 ms. Memory: 882688K Free: 744542K (84%)
----------------- Sat Mar 17 00:56:31 UTC 2018 About to sleep for 5 seconds before rerunning in org/terraswarm/accessor.  Test is: /home/travis/build/icyphy/ptII/org/terraswarm/accessor/test/auto/AccessViolation.xml
reloadAllAccessors: .AccessViolation
----------------- Reloaded Accessors and testing again /home/travis/build/icyphy/ptII/org/terraswarm/accessor/test/auto/AccessViolation.xml
809 ms. Memory: 882688K Free: 471048K (53%)
----------------- testing /home/travis/build/icyphy/ptII/org/terraswarm/accessor/test/auto/AccessViolation2.xml
----------------- Sat Mar 17 00:56:37 UTC 2018 About to sleep for 5 seconds before rerunning in org/terraswarm/accessor.  Test is: /home/travis/build/icyphy/ptII/org/terraswarm/accessor/test/auto/AccessViolation2.xml
796 ms. Memory: 882688K Free: 625842K (71%)
----------------- testing again /home/travis/build/icyphy/ptII/org/terraswarm/accessor/test/auto/AccessViolation2.xml
760 ms. Memory: 882688K Free: 427711K (48%)
----------------- Sat Mar 17 00:56:44 UTC 2018 About to sleep for 5 seconds before rerunning in org/terraswarm/accessor.  Test is: /home/travis/build/icyphy/ptII/org/terraswarm/accessor/test/auto/AccessViolation2.xml
reloadAllAccessors: .AccessViolation2
----------------- Reloaded Accessors and testing again /home/travis/build/icyphy/ptII/org/terraswarm/accessor/test/auto/AccessViolation2.xml
850 ms. Memory: 882688K Free: 626115K (71%)
----------------- testing /home/travis/build/icyphy/ptII/org/terraswarm/accessor/test/auto/Accessor1.xml
----------------- Sat Mar 17 00:56:50 UTC 2018 About to sleep for 5 seconds before rerunning in org/terraswarm/accessor.  Test is: /home/travis/build/icyphy/ptII/org/terraswarm/accessor/test/auto/Accessor1.xml
1374 ms. Memory: 865280K Free: 442933K (51%)
----------------- testing again /home/travis/build/icyphy/ptII/org/terraswarm/accessor/test/auto/Accessor1.xml
1584 ms. Memory: 873984K Free: 509149K (58%)
----------------- Sat Mar 17 00:56:59 UTC 2018 About to sleep for 5 seconds before rerunning in org/terraswarm/accessor.  Test is: /home/travis/build/icyphy/ptII/org/terraswarm/accessor/test/auto/Accessor1.xml
reloadAllAccessors: .Accessor1
----------------- Reloaded Accessors and testing again /home/travis/build/icyphy/ptII/org/terraswarm/accessor/test/auto/Accessor1.xml
2032 ms. Memory: 912384K Free: 656043K (72%)
----------------- testing /home/travis/build/icyphy/ptII/org/terraswarm/accessor/test/auto/Accessor2.xml
----------------- Sat Mar 17 00:57:07 UTC 2018 About to sleep for 5 seconds before rerunning in org/terraswarm/accessor.  Test is: /home/travis/build/icyphy/ptII/org/terraswarm/accessor/test/auto/Accessor2.xml
792 ms. Memory: 912384K Free: 333732K (37%)
----------------- testing again /home/travis/build/icyphy/ptII/org/terraswarm/accessor/test/auto/Accessor2.xml
756 ms. Memory: 919040K Free: 591319K (64%)
----------------- Sat Mar 17 00:57:14 UTC 2018 About to sleep for 5 seconds before rerunning in org/terraswarm/accessor.  Test is: /home/travis/build/icyphy/ptII/org/terraswarm/accessor/test/auto/Accessor2.xml
reloadAllAccessors: .Accessor2
----------------- Reloaded Accessors and testing again /home/travis/build/icyphy/ptII/org/terraswarm/accessor/test/auto/Accessor2.xml
787 ms. Memory: 919040K Free: 313196K (34%)
----------------- testing /home/travis/build/icyphy/ptII/org/terraswarm/accessor/test/auto/CallbackWithSuppress.xml
----------------- Sat Mar 17 00:57:20 UTC 2018 About to sleep for 5 seconds before rerunning in org/terraswarm/accessor.  Test is: /home/travis/build/icyphy/ptII/org/terraswarm/accessor/test/auto/CallbackWithSuppress.xml
20658 ms. Memory: 909824K Free: 429958K (47%)
----------------- testing again /home/travis/build/icyphy/ptII/org/terraswarm/accessor/test/auto/CallbackWithSuppress.xml
20688 ms. Memory: 915968K Free: 683642K (75%)
----------------- Sat Mar 17 00:58:07 UTC 2018 About to sleep for 5 seconds before rerunning in org/terraswarm/accessor.  Test is: /home/travis/build/icyphy/ptII/org/terraswarm/accessor/test/auto/CallbackWithSuppress.xml
reloadAllAccessors: .CallbackWithSuppress
Accessors in test/auto do not typically have documentation, so we are not running jsdoc on file:/home/travis/build/icyphy/ptII/org/terraswarm/accessor/test/auto/accessors/CallbackWithSuppress.js
----------------- Reloaded Accessors and testing again /home/travis/build/icyphy/ptII/org/terraswarm/accessor/test/auto/CallbackWithSuppress.xml
20599 ms. Memory: 915968K Free: 408673K (45%)
----------------- testing /home/travis/build/icyphy/ptII/org/terraswarm/accessor/test/auto/Derived.xml
----------------- Sat Mar 17 00:58:32 UTC 2018 About to sleep for 5 seconds before rerunning in org/terraswarm/accessor.  Test is: /home/travis/build/icyphy/ptII/org/terraswarm/accessor/test/auto/Derived.xml
DerivedA: base set up (Thread[Thread-41,5,main])
DerivedA: derived set up (Thread[Thread-41,5,main])
DerivedA: base set up (Thread[Thread-41,5,main])
DerivedA: derived set up (Thread[Thread-41,5,main])
DerivedA: base set up (Thread[Derived,1,main])
DerivedA: derived set up (Thread[Derived,1,main])
DerivedA: base set up (Thread[Derived,1,main])
DerivedA: derived set up (Thread[Derived,1,main])
DerivedA: base set up (Thread[Derived,1,main])
DerivedA: derived set up (Thread[Derived,1,main])
DerivedA: base set up (Thread[Derived,1,main])
DerivedA: derived set up (Thread[Derived,1,main])
DerivedA: base set up (Thread[Derived,1,main])
DerivedA: derived set up (Thread[Derived,1,main])
DerivedA: base init (Thread[Derived,1,main])
DerivedA: derived init (Thread[Derived,1,main])
DerivedA: derived wrapped up (Thread[Derived,1,main])
840 ms. Memory: 875520K Free: 486603K (56%)
----------------- testing again /home/travis/build/icyphy/ptII/org/terraswarm/accessor/test/auto/Derived.xml
DerivedA: base set up (Thread[Thread-41,5,main])
DerivedA: derived set up (Thread[Thread-41,5,main])
DerivedA: base set up (Thread[Thread-41,5,main])
DerivedA: derived set up (Thread[Thread-41,5,main])
DerivedA: base set up (Thread[Thread-41,5,main])
DerivedA: derived set up (Thread[Thread-41,5,main])
DerivedA: base set up (Thread[Thread-41,5,main])
DerivedA: derived set up (Thread[Thread-41,5,main])
DerivedA: base set up (Thread[Thread-41,5,main])
DerivedA: derived set up (Thread[Thread-41,5,main])
DerivedA: base init (Thread[Thread-41,5,main])
DerivedA: derived init (Thread[Thread-41,5,main])
DerivedA: derived wrapped up (Thread[Thread-41,5,main])
659 ms. Memory: 875520K Free: 276138K (32%)
----------------- Sat Mar 17 00:58:39 UTC 2018 About to sleep for 5 seconds before rerunning in org/terraswarm/accessor.  Test is: /home/travis/build/icyphy/ptII/org/terraswarm/accessor/test/auto/Derived.xml
reloadAllAccessors: .Derived
Accessors in test/auto do not typically have documentation, so we are not running jsdoc on file:/home/travis/build/icyphy/ptII/org/terraswarm/accessor/test/auto/accessors/DerivedA.js
DerivedA: base set up (Thread[Thread-41,5,main])
DerivedA: derived set up (Thread[Thread-41,5,main])
DerivedA: base set up (Thread[Thread-41,5,main])
DerivedA: derived set up (Thread[Thread-41,5,main])
----------------- Reloaded Accessors and testing again /home/travis/build/icyphy/ptII/org/terraswarm/accessor/test/auto/Derived.xml
DerivedA: base set up (Thread[Thread-41,5,main])
DerivedA: derived set up (Thread[Thread-41,5,main])
DerivedA: base set up (Thread[Thread-41,5,main])
DerivedA: derived set up (Thread[Thread-41,5,main])
DerivedA: base set up (Thread[Thread-41,5,main])
DerivedA: derived set up (Thread[Thread-41,5,main])
DerivedA: base set up (Thread[Thread-41,5,main])
DerivedA: derived set up (Thread[Thread-41,5,main])
DerivedA: base set up (Thread[Thread-41,5,main])
DerivedA: derived set up (Thread[Thread-41,5,main])
DerivedA: base init (Thread[Thread-41,5,main])
DerivedA: derived init (Thread[Thread-41,5,main])
DerivedA: derived wrapped up (Thread[Thread-41,5,main])
754 ms. Memory: 859136K Free: 376698K (44%)
----------------- testing /home/travis/build/icyphy/ptII/org/terraswarm/accessor/test/auto/Derived2.xml
----------------- Sat Mar 17 00:58:46 UTC 2018 About to sleep for 5 seconds before rerunning in org/terraswarm/accessor.  Test is: /home/travis/build/icyphy/ptII/org/terraswarm/accessor/test/auto/Derived2.xml
DerivedB2: printing non-prototype properties (Thread[Derived2,1,main])
DerivedB2: ssuper: [object Object] (Thread[Derived2,1,main])
DerivedB2: setup: function () {
        this.extend('BaseB');
    } (Thread[Derived2,1,main])
DerivedB2: inputHandler: function () {
    console.log('sending false');
    this.send('output', false);
} (Thread[Derived2,1,main])
DerivedB2: initialize: function () {
    exports.ssuper.initialize.call(this);
    printProperties(exports);
} (Thread[Derived2,1,main])
DerivedB2: printing protoytpe (Thread[Derived2,1,main])
DerivedB2: ssuper: [object Object] (Thread[Derived2,1,main])
DerivedB2: setup: function () {
        this.extend('BaseB');
    } (Thread[Derived2,1,main])
DerivedB2: initialize: function () {
    exports.ssuper.initialize.call(this);
    printProperties(exports);
} (Thread[Derived2,1,main])
DerivedB2: inputHandler: function () {
    console.log('sending false');
    this.send('output', false);
} (Thread[Derived2,1,main])
DerivedB2: sending false (Thread[Derived2,1,main])
722 ms. Memory: 871936K Free: 468227K (54%)
----------------- testing again /home/travis/build/icyphy/ptII/org/terraswarm/accessor/test/auto/Derived2.xml
DerivedB2: printing non-prototype properties (Thread[Thread-46,5,main])
DerivedB2: ssuper: [object Object] (Thread[Thread-46,5,main])
DerivedB2: setup: function () {
        this.extend('BaseB');
    } (Thread[Thread-46,5,main])
DerivedB2: inputHandler: function () {
    console.log('sending false');
    this.send('output', false);
} (Thread[Thread-46,5,main])
DerivedB2: initialize: function () {
    exports.ssuper.initialize.call(this);
    printProperties(exports);
} (Thread[Thread-46,5,main])
DerivedB2: printing protoytpe (Thread[Thread-46,5,main])
DerivedB2: ssuper: [object Object] (Thread[Thread-46,5,main])
DerivedB2: setup: function () {
        this.extend('BaseB');
    } (Thread[Thread-46,5,main])
DerivedB2: initialize: function () {
    exports.ssuper.initialize.call(this);
    printProperties(exports);
} (Thread[Thread-46,5,main])
DerivedB2: inputHandler: function () {
    console.log('sending false');
    this.send('output', false);
} (Thread[Thread-46,5,main])
DerivedB2: sending false (Thread[Thread-46,5,main])
606 ms. Memory: 871936K Free: 261436K (30%)
----------------- Sat Mar 17 00:58:52 UTC 2018 About to sleep for 5 seconds before rerunning in org/terraswarm/accessor.  Test is: /home/travis/build/icyphy/ptII/org/terraswarm/accessor/test/auto/Derived2.xml
reloadAllAccessors: .Derived2
Accessors in test/auto do not typically have documentation, so we are not running jsdoc on file:/home/travis/build/icyphy/ptII/org/terraswarm/accessor/test/auto/accessors/DerivedB.js
----------------- Reloaded Accessors and testing again /home/travis/build/icyphy/ptII/org/terraswarm/accessor/test/auto/Derived2.xml
DerivedB2: printing non-prototype properties (Thread[Thread-46,5,main])
DerivedB2: ssuper: [object Object] (Thread[Thread-46,5,main])
DerivedB2: setup: function () {
        this.extend('BaseB');
    } (Thread[Thread-46,5,main])
DerivedB2: inputHandler: function () {
    console.log('sending false');
    this.send('output', false);
} (Thread[Thread-46,5,main])
DerivedB2: initialize: function () {
    exports.ssuper.initialize.call(this);
    printProperties(exports);
} (Thread[Thread-46,5,main])
DerivedB2: printing protoytpe (Thread[Thread-46,5,main])
DerivedB2: ssuper: [object Object] (Thread[Thread-46,5,main])
DerivedB2: setup: function () {
        this.extend('BaseB');
    } (Thread[Thread-46,5,main])
DerivedB2: initialize: function () {
    exports.ssuper.initialize.call(this);
    printProperties(exports);
} (Thread[Thread-46,5,main])
DerivedB2: inputHandler: function () {
    console.log('sending false');
    this.send('output', false);
} (Thread[Thread-46,5,main])
DerivedB2: sending false (Thread[Thread-46,5,main])
831 ms. Memory: 883712K Free: 369537K (42%)
----------------- testing /home/travis/build/icyphy/ptII/org/terraswarm/accessor/test/auto/Derived3.xml
----------------- Sat Mar 17 00:58:58 UTC 2018 About to sleep for 5 seconds before rerunning in org/terraswarm/accessor.  Test is: /home/travis/build/icyphy/ptII/org/terraswarm/accessor/test/auto/Derived3.xml
998 ms. Memory: 875520K Free: 674443K (77%)
----------------- testing again /home/travis/build/icyphy/ptII/org/terraswarm/accessor/test/auto/Derived3.xml
613 ms. Memory: 875520K Free: 471097K (54%)
----------------- Sat Mar 17 00:59:05 UTC 2018 About to sleep for 5 seconds before rerunning in org/terraswarm/accessor.  Test is: /home/travis/build/icyphy/ptII/org/terraswarm/accessor/test/auto/Derived3.xml
reloadAllAccessors: .Derived3
Accessors in test/auto do not typically have documentation, so we are not running jsdoc on file:/home/travis/build/icyphy/ptII/org/terraswarm/accessor/test/auto/accessors/DerivedC.js
----------------- Reloaded Accessors and testing again /home/travis/build/icyphy/ptII/org/terraswarm/accessor/test/auto/Derived3.xml
663 ms. Memory: 895488K Free: 553737K (62%)
----------------- testing /home/travis/build/icyphy/ptII/org/terraswarm/accessor/test/auto/Derived4.xml
----------------- Sat Mar 17 00:59:11 UTC 2018 About to sleep for 5 seconds before rerunning in org/terraswarm/accessor.  Test is: /home/travis/build/icyphy/ptII/org/terraswarm/accessor/test/auto/Derived4.xml
668 ms. Memory: 882176K Free: 556032K (63%)
----------------- testing again /home/travis/build/icyphy/ptII/org/terraswarm/accessor/test/auto/Derived4.xml
657 ms. Memory: 889344K Free: 699808K (79%)
----------------- Sat Mar 17 00:59:18 UTC 2018 About to sleep for 5 seconds before rerunning in org/terraswarm/accessor.  Test is: /home/travis/build/icyphy/ptII/org/terraswarm/accessor/test/auto/Derived4.xml
reloadAllAccessors: .Derived4
Accessors in test/auto do not typically have documentation, so we are not running jsdoc on file:/home/travis/build/icyphy/ptII/org/terraswarm/accessor/test/auto/accessors/DerivedD.js
----------------- Reloaded Accessors and testing again /home/travis/build/icyphy/ptII/org/terraswarm/accessor/test/auto/Derived4.xml
665 ms. Memory: 889344K Free: 411349K (46%)
----------------- testing /home/travis/build/icyphy/ptII/org/terraswarm/accessor/test/auto/Derived5.xml
----------------- Sat Mar 17 00:59:24 UTC 2018 About to sleep for 5 seconds before rerunning in org/terraswarm/accessor.  Test is: /home/travis/build/icyphy/ptII/org/terraswarm/accessor/test/auto/Derived5.xml
641 ms. Memory: 878592K Free: 422715K (48%)
----------------- testing again /home/travis/build/icyphy/ptII/org/terraswarm/accessor/test/auto/Derived5.xml
711 ms. Memory: 889856K Free: 563880K (63%)
----------------- Sat Mar 17 00:59:31 UTC 2018 About to sleep for 5 seconds before rerunning in org/terraswarm/accessor.  Test is: /home/travis/build/icyphy/ptII/org/terraswarm/accessor/test/auto/Derived5.xml
reloadAllAccessors: .Derived5
Accessors in test/auto do not typically have documentation, so we are not running jsdoc on file:/home/travis/build/icyphy/ptII/org/terraswarm/accessor/test/auto/accessors/DerivedE.js
----------------- Reloaded Accessors and testing again /home/travis/build/icyphy/ptII/org/terraswarm/accessor/test/auto/Derived5.xml
768 ms. Memory: 879104K Free: 608924K (69%)
----------------- testing /home/travis/build/icyphy/ptII/org/terraswarm/accessor/test/auto/Derived6.xml
----------------- Sat Mar 17 00:59:37 UTC 2018 About to sleep for 5 seconds before rerunning in org/terraswarm/accessor.  Test is: /home/travis/build/icyphy/ptII/org/terraswarm/accessor/test/auto/Derived6.xml
722 ms. Memory: 879104K Free: 282857K (32%)
----------------- testing again /home/travis/build/icyphy/ptII/org/terraswarm/accessor/test/auto/Derived6.xml
814 ms. Memory: 885248K Free: 420340K (47%)
----------------- Sat Mar 17 00:59:44 UTC 2018 About to sleep for 5 seconds before rerunning in org/terraswarm/accessor.  Test is: /home/travis/build/icyphy/ptII/org/terraswarm/accessor/test/auto/Derived6.xml
reloadAllAccessors: .Derived6
Accessors in test/auto do not typically have documentation, so we are not running jsdoc on file:/home/travis/build/icyphy/ptII/org/terraswarm/accessor/test/auto/accessors/DerivedF.js
----------------- Reloaded Accessors and testing again /home/travis/build/icyphy/ptII/org/terraswarm/accessor/test/auto/Derived6.xml
730 ms. Memory: 893952K Free: 479113K (54%)
----------------- testing /home/travis/build/icyphy/ptII/org/terraswarm/accessor/test/auto/Derived8.xml
----------------- Sat Mar 17 00:59:50 UTC 2018 About to sleep for 5 seconds before rerunning in org/terraswarm/accessor.  Test is: /home/travis/build/icyphy/ptII/org/terraswarm/accessor/test/auto/Derived8.xml
1006 ms. Memory: 911872K Free: 752100K (82%)
----------------- testing again /home/travis/build/icyphy/ptII/org/terraswarm/accessor/test/auto/Derived8.xml
775 ms. Memory: 911872K Free: 542825K (60%)
----------------- Sat Mar 17 00:59:57 UTC 2018 About to sleep for 5 seconds before rerunning in org/terraswarm/accessor.  Test is: /home/travis/build/icyphy/ptII/org/terraswarm/accessor/test/auto/Derived8.xml
reloadAllAccessors: .Derived8
Accessors in test/auto do not typically have documentation, so we are not running jsdoc on file:/home/travis/build/icyphy/ptII/org/terraswarm/accessor/test/auto/accessors/DerivedH.js
----------------- Reloaded Accessors and testing again /home/travis/build/icyphy/ptII/org/terraswarm/accessor/test/auto/Derived8.xml
885 ms. Memory: 909312K Free: 594260K (65%)
----------------- testing /home/travis/build/icyphy/ptII/org/terraswarm/accessor/test/auto/Derived9.xml
----------------- Sat Mar 17 01:00:03 UTC 2018 About to sleep for 5 seconds before rerunning in org/terraswarm/accessor.  Test is: /home/travis/build/icyphy/ptII/org/terraswarm/accessor/test/auto/Derived9.xml
760 ms. Memory: 911360K Free: 607891K (67%)
----------------- testing again /home/travis/build/icyphy/ptII/org/terraswarm/accessor/test/auto/Derived9.xml
716 ms. Memory: 911360K Free: 392854K (43%)
----------------- Sat Mar 17 01:00:10 UTC 2018 About to sleep for 5 seconds before rerunning in org/terraswarm/accessor.  Test is: /home/travis/build/icyphy/ptII/org/terraswarm/accessor/test/auto/Derived9.xml
reloadAllAccessors: .Derived9
Accessors in test/auto do not typically have documentation, so we are not running jsdoc on file:/home/travis/build/icyphy/ptII/org/terraswarm/accessor/test/auto/accessors/DerivedI.js
----------------- Reloaded Accessors and testing again /home/travis/build/icyphy/ptII/org/terraswarm/accessor/test/auto/Derived9.xml
791 ms. Memory: 911872K Free: 449131K (49%)
----------------- testing /home/travis/build/icyphy/ptII/org/terraswarm/accessor/test/auto/DerivedAgain.xml
----------------- Sat Mar 17 01:00:16 UTC 2018 About to sleep for 5 seconds before rerunning in org/terraswarm/accessor.  Test is: /home/travis/build/icyphy/ptII/org/terraswarm/accessor/test/auto/DerivedAgain.xml
1753 ms. Memory: 914432K Free: 479595K (52%)
----------------- testing again /home/travis/build/icyphy/ptII/org/terraswarm/accessor/test/auto/DerivedAgain.xml
1767 ms. Memory: 918016K Free: 632272K (69%)
----------------- Sat Mar 17 01:00:25 UTC 2018 About to sleep for 5 seconds before rerunning in org/terraswarm/accessor.  Test is: /home/travis/build/icyphy/ptII/org/terraswarm/accessor/test/auto/DerivedAgain.xml
reloadAllAccessors: .DerivedAgain
Accessors in test/auto do not typically have documentation, so we are not running jsdoc on file:/home/travis/build/icyphy/ptII/org/terraswarm/accessor/test/auto/accessors/DerivedAgainA.js
----------------- Reloaded Accessors and testing again /home/travis/build/icyphy/ptII/org/terraswarm/accessor/test/auto/DerivedAgain.xml
1589 ms. Memory: 918016K Free: 345192K (38%)
----------------- testing /home/travis/build/icyphy/ptII/org/terraswarm/accessor/test/auto/DerivedAgain2.xml
----------------- Sat Mar 17 01:00:32 UTC 2018 About to sleep for 5 seconds before rerunning in org/terraswarm/accessor.  Test is: /home/travis/build/icyphy/ptII/org/terraswarm/accessor/test/auto/DerivedAgain2.xml
1675 ms. Memory: 920576K Free: 389064K (42%)
----------------- testing again /home/travis/build/icyphy/ptII/org/terraswarm/accessor/test/auto/DerivedAgain2.xml
1838 ms. Memory: 925184K Free: 557773K (60%)
----------------- Sat Mar 17 01:00:41 UTC 2018 About to sleep for 5 seconds before rerunning in org/terraswarm/accessor.  Test is: /home/travis/build/icyphy/ptII/org/terraswarm/accessor/test/auto/DerivedAgain2.xml
reloadAllAccessors: .DerivedAgain2
Accessors in test/auto do not typically have documentation, so we are not running jsdoc on file:/home/travis/build/icyphy/ptII/org/terraswarm/accessor/test/auto/accessors/DerivedAgainB.js
----------------- Reloaded Accessors and testing again /home/travis/build/icyphy/ptII/org/terraswarm/accessor/test/auto/DerivedAgain2.xml
1817 ms. Memory: 925184K Free: 271044K (29%)
----------------- testing /home/travis/build/icyphy/ptII/org/terraswarm/accessor/test/auto/DerivedAgain4.xml
----------------- Sat Mar 17 01:00:48 UTC 2018 About to sleep for 5 seconds before rerunning in org/terraswarm/accessor.  Test is: /home/travis/build/icyphy/ptII/org/terraswarm/accessor/test/auto/DerivedAgain4.xml
689 ms. Memory: 928256K Free: 324451K (35%)
----------------- testing again /home/travis/build/icyphy/ptII/org/terraswarm/accessor/test/auto/DerivedAgain4.xml
718 ms. Memory: 934400K Free: 508594K (54%)
----------------- Sat Mar 17 01:00:55 UTC 2018 About to sleep for 5 seconds before rerunning in org/terraswarm/accessor.  Test is: /home/travis/build/icyphy/ptII/org/terraswarm/accessor/test/auto/DerivedAgain4.xml
reloadAllAccessors: .DerivedAgain4
Accessors in test/auto do not typically have documentation, so we are not running jsdoc on file:/home/travis/build/icyphy/ptII/org/terraswarm/accessor/test/auto/accessors/DerivedAgainD.js
----------------- Reloaded Accessors and testing again /home/travis/build/icyphy/ptII/org/terraswarm/accessor/test/auto/DerivedAgain4.xml
910 ms. Memory: 934400K Free: 219880K (24%)
----------------- testing /home/travis/build/icyphy/ptII/org/terraswarm/accessor/test/auto/DerivedAgain5.xml
----------------- Sat Mar 17 01:01:02 UTC 2018 About to sleep for 5 seconds before rerunning in org/terraswarm/accessor.  Test is: /home/travis/build/icyphy/ptII/org/terraswarm/accessor/test/auto/DerivedAgain5.xml
784 ms. Memory: 930304K Free: 555699K (60%)
----------------- testing again /home/travis/build/icyphy/ptII/org/terraswarm/accessor/test/auto/DerivedAgain5.xml
795 ms. Memory: 935936K Free: 749139K (80%)
----------------- Sat Mar 17 01:01:09 UTC 2018 About to sleep for 5 seconds before rerunning in org/terraswarm/accessor.  Test is: /home/travis/build/icyphy/ptII/org/terraswarm/accessor/test/auto/DerivedAgain5.xml
reloadAllAccessors: .DerivedAgain5
Accessors in test/auto do not typically have documentation, so we are not running jsdoc on file:/home/travis/build/icyphy/ptII/org/terraswarm/accessor/test/auto/accessors/DerivedAgainE.js
----------------- Reloaded Accessors and testing again /home/travis/build/icyphy/ptII/org/terraswarm/accessor/test/auto/DerivedAgain5.xml
867 ms. Memory: 935936K Free: 447105K (48%)
----------------- testing /home/travis/build/icyphy/ptII/org/terraswarm/accessor/test/auto/GetDate.xml
----------------- Sat Mar 17 01:01:15 UTC 2018 About to sleep for 5 seconds before rerunning in org/terraswarm/accessor.  Test is: /home/travis/build/icyphy/ptII/org/terraswarm/accessor/test/auto/GetDate.xml
REST: Making an HTTP request. (Thread[GetDate,1,main])
5938 ms. Memory: 953856K Free: 245554K (26%)
----------------- testing again /home/travis/build/icyphy/ptII/org/terraswarm/accessor/test/auto/GetDate.xml
REST: Making an HTTP request. (Thread[Thread-101,5,main])
5395 ms. Memory: 963584K Free: 383003K (40%)
----------------- Sat Mar 17 01:01:34 UTC 2018 About to sleep for 5 seconds before rerunning in org/terraswarm/accessor.  Test is: /home/travis/build/icyphy/ptII/org/terraswarm/accessor/test/auto/GetDate.xml
reloadAllAccessors: .GetDate
----------------- Reloaded Accessors and testing again /home/travis/build/icyphy/ptII/org/terraswarm/accessor/test/auto/GetDate.xml
REST: Making an HTTP request. (Thread[Thread-101,5,main])
5869 ms. Memory: 1012224K Free: 577636K (57%)
----------------- testing /home/travis/build/icyphy/ptII/org/terraswarm/accessor/test/auto/HandlerWithSuppress.xml
----------------- Sat Mar 17 01:01:47 UTC 2018 About to sleep for 5 seconds before rerunning in org/terraswarm/accessor.  Test is: /home/travis/build/icyphy/ptII/org/terraswarm/accessor/test/auto/HandlerWithSuppress.xml
20914 ms. Memory: 1013760K Free: 736096K (73%)
----------------- testing again /home/travis/build/icyphy/ptII/org/terraswarm/accessor/test/auto/HandlerWithSuppress.xml
20656 ms. Memory: 1013760K Free: 530333K (52%)
----------------- Sat Mar 17 01:02:34 UTC 2018 About to sleep for 5 seconds before rerunning in org/terraswarm/accessor.  Test is: /home/travis/build/icyphy/ptII/org/terraswarm/accessor/test/auto/HandlerWithSuppress.xml
reloadAllAccessors: .HandlerWithSuppress
Accessors in test/auto do not typically have documentation, so we are not running jsdoc on file:/home/travis/build/icyphy/ptII/org/terraswarm/accessor/test/auto/accessors/HandlerWithSuppress.js
----------------- Reloaded Accessors and testing again /home/travis/build/icyphy/ptII/org/terraswarm/accessor/test/auto/HandlerWithSuppress.xml
20667 ms. Memory: 1014272K Free: 731605K (72%)
----------------- testing /home/travis/build/icyphy/ptII/org/terraswarm/accessor/test/auto/HttpRequest.xml
----------------- Sat Mar 17 01:03:00 UTC 2018 About to sleep for 5 seconds before rerunning in org/terraswarm/accessor.  Test is: /home/travis/build/icyphy/ptII/org/terraswarm/accessor/test/auto/HttpRequest.xml
733 ms. Memory: 1014272K Free: 411862K (41%)
----------------- testing again /home/travis/build/icyphy/ptII/org/terraswarm/accessor/test/auto/HttpRequest.xml
789 ms. Memory: 1014272K Free: 213384K (21%)
----------------- Sat Mar 17 01:03:07 UTC 2018 About to sleep for 5 seconds before rerunning in org/terraswarm/accessor.  Test is: /home/travis/build/icyphy/ptII/org/terraswarm/accessor/test/auto/HttpRequest.xml
reloadAllAccessors: .HttpRequest
----------------- Reloaded Accessors and testing again /home/travis/build/icyphy/ptII/org/terraswarm/accessor/test/auto/HttpRequest.xml
796 ms. Memory: 1016320K Free: 425408K (42%)
----------------- testing /home/travis/build/icyphy/ptII/org/terraswarm/accessor/test/auto/JSON.xml
----------------- Sat Mar 17 01:03:13 UTC 2018 About to sleep for 5 seconds before rerunning in org/terraswarm/accessor.  Test is: /home/travis/build/icyphy/ptII/org/terraswarm/accessor/test/auto/JSON.xml
JavaScript: { data: 1 } (Thread[JSON,1,main])
JavaScript3: 1 (Thread[JSON,1,main])
2547 ms. Memory: 1018880K Free: 294041K (29%)
----------------- testing again /home/travis/build/icyphy/ptII/org/terraswarm/accessor/test/auto/JSON.xml
JavaScript: { data: 1 } (Thread[Thread-116,5,main])
JavaScript3: 1 (Thread[Thread-116,5,main])
2366 ms. Memory: 1020928K Free: 389393K (38%)
----------------- Sat Mar 17 01:03:24 UTC 2018 About to sleep for 5 seconds before rerunning in org/terraswarm/accessor.  Test is: /home/travis/build/icyphy/ptII/org/terraswarm/accessor/test/auto/JSON.xml
reloadAllAccessors: .JSON
----------------- testing /home/travis/build/icyphy/ptII/org/terraswarm/accessor/test/auto/ReadURL.xml
----------------- Sat Mar 17 01:03:29 UTC 2018 About to sleep for 5 seconds before rerunning in org/terraswarm/accessor.  Test is: /home/travis/build/icyphy/ptII/org/terraswarm/accessor/test/auto/ReadURL.xml
12047 ms. Memory: 1056768K Free: 757071K (72%)
----------------- testing again /home/travis/build/icyphy/ptII/org/terraswarm/accessor/test/auto/ReadURL.xml
12282 ms. Memory: 1055744K Free: 650945K (62%)
----------------- Sat Mar 17 01:03:59 UTC 2018 About to sleep for 5 seconds before rerunning in org/terraswarm/accessor.  Test is: /home/travis/build/icyphy/ptII/org/terraswarm/accessor/test/auto/ReadURL.xml
reloadAllAccessors: .ReadURL
----------------- Reloaded Accessors and testing again /home/travis/build/icyphy/ptII/org/terraswarm/accessor/test/auto/ReadURL.xml
12061 ms. Memory: 1057280K Free: 391777K (37%)
----------------- testing /home/travis/build/icyphy/ptII/org/terraswarm/accessor/test/auto/SendNullToOwnInput.xml
----------------- Sat Mar 17 01:04:17 UTC 2018 About to sleep for 5 seconds before rerunning in org/terraswarm/accessor.  Test is: /home/travis/build/icyphy/ptII/org/terraswarm/accessor/test/auto/SendNullToOwnInput.xml
20632 ms. Memory: 1057280K Free: 570868K (54%)
----------------- testing again /home/travis/build/icyphy/ptII/org/terraswarm/accessor/test/auto/SendNullToOwnInput.xml
20705 ms. Memory: 1057280K Free: 369675K (35%)
----------------- Sat Mar 17 01:05:04 UTC 2018 About to sleep for 5 seconds before rerunning in org/terraswarm/accessor.  Test is: /home/travis/build/icyphy/ptII/org/terraswarm/accessor/test/auto/SendNullToOwnInput.xml
reloadAllAccessors: .SendNullToOwnInput
----------------- Reloaded Accessors and testing again /home/travis/build/icyphy/ptII/org/terraswarm/accessor/test/auto/SendNullToOwnInput.xml
20680 ms. Memory: 1058816K Free: 594787K (56%)
----------------- testing /home/travis/build/icyphy/ptII/org/terraswarm/accessor/test/auto/Stop.xml
----------------- Sat Mar 17 01:05:30 UTC 2018 About to sleep for 5 seconds before rerunning in org/terraswarm/accessor.  Test is: /home/travis/build/icyphy/ptII/org/terraswarm/accessor/test/auto/Stop.xml
TextDisplayHelper: 0
TextDisplayHelper: 1
TextDisplayHelper: 2
TextDisplayHelper: 3
6677 ms. Memory: 1060864K Free: 340042K (32%)
----------------- testing again /home/travis/build/icyphy/ptII/org/terraswarm/accessor/test/auto/Stop.xml
TextDisplayHelper: 0
TextDisplayHelper: 1
TextDisplayHelper: 2
TextDisplayHelper: 3
7549 ms. Memory: 1065472K Free: 863602K (81%)
----------------- Sat Mar 17 01:05:51 UTC 2018 About to sleep for 5 seconds before rerunning in org/terraswarm/accessor.  Test is: /home/travis/build/icyphy/ptII/org/terraswarm/accessor/test/auto/Stop.xml
reloadAllAccessors: .Stop
----------------- Reloaded Accessors and testing again /home/travis/build/icyphy/ptII/org/terraswarm/accessor/test/auto/Stop.xml
TextDisplayHelper: 0
TextDisplayHelper: 1
TextDisplayHelper: 2
TextDisplayHelper: 3
7750 ms. Memory: 1064448K Free: 773921K (73%)
----------------- testing /home/travis/build/icyphy/ptII/org/terraswarm/accessor/test/auto/Stop2.xml
----------------- Sat Mar 17 01:06:04 UTC 2018 About to sleep for 5 seconds before rerunning in org/terraswarm/accessor.  Test is: /home/travis/build/icyphy/ptII/org/terraswarm/accessor/test/auto/Stop2.xml
2825 ms. Memory: 1064448K Free: 462763K (43%)
----------------- testing again /home/travis/build/icyphy/ptII/org/terraswarm/accessor/test/auto/Stop2.xml
2883 ms. Memory: 1065472K Free: 756942K (71%)
----------------- Sat Mar 17 01:06:15 UTC 2018 About to sleep for 5 seconds before rerunning in org/terraswarm/accessor.  Test is: /home/travis/build/icyphy/ptII/org/terraswarm/accessor/test/auto/Stop2.xml
reloadAllAccessors: .Stop2
----------------- Reloaded Accessors and testing again /home/travis/build/icyphy/ptII/org/terraswarm/accessor/test/auto/Stop2.xml
2823 ms. Memory: 1065472K Free: 493271K (46%)
]]></system-out>
  <system-err><![CDATA[[vert.x-eventloop-thread-0] WARN io.netty.util.internal.MacAddressUtil - Failed to find a usable hardware address from the network interfaces; using random bytes: 43:13:95:5c:37:41:18:23
WARNING: Invoking send() too late (probably in a callback), so WebSocketServer is not able to send the token {socketID = 0, status = "closed"} to the output connection. Token is discarded.
WARNING: Invoking send() too late (probably in a callback), so WebSocketServer is not able to send the token {socketID = 0, status = "closed"} to the output connection. Token is discarded.
WARNING: WebSocketServer: Model stopped before executing actions (e.g. producing outputs) scheduled for execution at times [0.222]
WARNING: WebSocketServer: Model stopped before executing actions (e.g. producing outputs) scheduled for execution at times [0.503, 0.504]
WARNING: CallbackWithSuppress: Model stopped before executing actions (e.g. producing outputs) scheduled for execution at times [21.0]
WARNING: CallbackWithSuppress: Model stopped before executing actions (e.g. producing outputs) scheduled for execution at times [21.0]
WARNING: CallbackWithSuppress: Model stopped before executing actions (e.g. producing outputs) scheduled for execution at times [21.0]
WARNING: HandlerWithSuppress: Model stopped before executing actions (e.g. producing outputs) scheduled for execution at times [21.0]
WARNING: HandlerWithSuppress: Model stopped before executing actions (e.g. producing outputs) scheduled for execution at times [21.0]
WARNING: HandlerWithSuppress: Model stopped before executing actions (e.g. producing outputs) scheduled for execution at times [21.0]
WARNING: TestSpontaneous: Model stopped before executing actions (e.g. producing outputs) scheduled for execution at times [5.0]
WARNING: TestSpontaneous: Model stopped before executing actions (e.g. producing outputs) scheduled for execution at times [5.0]
WARNING: TestSpontaneous: Model stopped before executing actions (e.g. producing outputs) scheduled for execution at times [5.0]
]]></system-err>
</testsuite>
