<?xml version="1.0" encoding="UTF-8" ?>
<testsuite errors="1" failures="0" hostname="travis-job-eb5f3dfa-ca8e-4e27-9a62-8b95cb74a62d" name="org.terraswarm.accessor.test.junit.JUnitTclTest" skipped="0" tests="29" time="682.29" timestamp="2018-04-02T23:17:29">
  <properties>
[...]
</properties>
  <testcase classname="ptolemy.util.test.junit.TclTests" name="[0] /home/travis/build/icyphy/ptII/org/terraswarm/accessor/test/JSAccessor.tcl (RunTclFile)" time="17.521" />
  <testcase classname="ptolemy.util.test.junit.TclTests" name="[1] /home/travis/build/icyphy/ptII/org/terraswarm/accessor/test/WebSocketClientTest.tcl (RunTclFile)" time="53.005" />
  <testcase classname="ptolemy.util.test.junit.AutoKnownFailedTests" name="[0] ThereAreNoKnowFailedTests (RunModel)" time="0.001" />
  <testcase classname="ptolemy.util.test.junit.AutoNameArchTests" name="[0] ThereAreNoAutoTests (RunModel)" time="0.0" />
  <testcase classname="ptolemy.util.test.junit.AutoTests" name="[0] /home/travis/build/icyphy/ptII/org/terraswarm/accessor/test/auto/AccessViolation.xml (RunModel)" time="12.933" />
  <testcase classname="ptolemy.util.test.junit.AutoTests" name="[1] /home/travis/build/icyphy/ptII/org/terraswarm/accessor/test/auto/AccessViolation2.xml (RunModel)" time="13.265" />
  <testcase classname="ptolemy.util.test.junit.AutoTests" name="[2] /home/travis/build/icyphy/ptII/org/terraswarm/accessor/test/auto/Accessor1.xml (RunModel)" time="17.426" />
  <testcase classname="ptolemy.util.test.junit.AutoTests" name="[3] /home/travis/build/icyphy/ptII/org/terraswarm/accessor/test/auto/Accessor2.xml (RunModel)" time="13.019" />
  <testcase classname="ptolemy.util.test.junit.AutoTests" name="[4] /home/travis/build/icyphy/ptII/org/terraswarm/accessor/test/auto/CallbackWithSuppress.xml (RunModel)" time="72.972" />
  <testcase classname="ptolemy.util.test.junit.AutoTests" name="[5] /home/travis/build/icyphy/ptII/org/terraswarm/accessor/test/auto/Derived.xml (RunModel)" time="13.388" />
  <testcase classname="ptolemy.util.test.junit.AutoTests" name="[6] /home/travis/build/icyphy/ptII/org/terraswarm/accessor/test/auto/Derived2.xml (RunModel)" time="12.964" />
  <testcase classname="ptolemy.util.test.junit.AutoTests" name="[7] /home/travis/build/icyphy/ptII/org/terraswarm/accessor/test/auto/Derived3.xml (RunModel)" time="12.903" />
  <testcase classname="ptolemy.util.test.junit.AutoTests" name="[8] /home/travis/build/icyphy/ptII/org/terraswarm/accessor/test/auto/Derived4.xml (RunModel)" time="13.104" />
  <testcase classname="ptolemy.util.test.junit.AutoTests" name="[9] /home/travis/build/icyphy/ptII/org/terraswarm/accessor/test/auto/Derived5.xml (RunModel)" time="12.766" />
  <testcase classname="ptolemy.util.test.junit.AutoTests" name="[10] /home/travis/build/icyphy/ptII/org/terraswarm/accessor/test/auto/Derived6.xml (RunModel)" time="13.118" />
  <testcase classname="ptolemy.util.test.junit.AutoTests" name="[11] /home/travis/build/icyphy/ptII/org/terraswarm/accessor/test/auto/Derived8.xml (RunModel)" time="13.132" />
  <testcase classname="ptolemy.util.test.junit.AutoTests" name="[12] /home/travis/build/icyphy/ptII/org/terraswarm/accessor/test/auto/Derived9.xml (RunModel)" time="12.905" />
  <testcase classname="ptolemy.util.test.junit.AutoTests" name="[13] /home/travis/build/icyphy/ptII/org/terraswarm/accessor/test/auto/DerivedAgain.xml (RunModel)" time="16.049" />
  <testcase classname="ptolemy.util.test.junit.AutoTests" name="[14] /home/travis/build/icyphy/ptII/org/terraswarm/accessor/test/auto/DerivedAgain2.xml (RunModel)" time="16.438" />
  <testcase classname="ptolemy.util.test.junit.AutoTests" name="[15] /home/travis/build/icyphy/ptII/org/terraswarm/accessor/test/auto/DerivedAgain4.xml (RunModel)" time="12.775" />
  <testcase classname="ptolemy.util.test.junit.AutoTests" name="[16] /home/travis/build/icyphy/ptII/org/terraswarm/accessor/test/auto/DerivedAgain5.xml (RunModel)" time="13.323" />
  <testcase classname="ptolemy.util.test.junit.AutoTests" name="[17] /home/travis/build/icyphy/ptII/org/terraswarm/accessor/test/auto/GetDate.xml (RunModel)" time="30.748" />
  <testcase classname="ptolemy.util.test.junit.AutoTests" name="[18] /home/travis/build/icyphy/ptII/org/terraswarm/accessor/test/auto/HandlerWithSuppress.xml (RunModel)" time="73.07" />
  <testcase classname="ptolemy.util.test.junit.AutoTests" name="[19] /home/travis/build/icyphy/ptII/org/terraswarm/accessor/test/auto/HttpRequest.xml (RunModel)" time="8.693">
    <error type="java.lang.reflect.InvocationTargetException">java.lang.reflect.InvocationTargetException
	at ptolemy.util.test.junit.AutoTests.RunModel(AutoTests.java:170)
	at junitparams.internal.InvokeParameterisedMethod.evaluate(InvokeParameterisedMethod.java:102)
Caused by: ptolemy.kernel.util.IllegalActionException: Failure executing the react function: java.net.SocketTimeoutException: connect timed out
  in .HttpRequest.HttpRequest
Because:
java.net.SocketTimeoutException: connect timed out
	at ptolemy.actor.lib.jjs.JavaScript._invokeMethodInContext(JavaScript.java:2224)
	at ptolemy.actor.lib.jjs.JavaScript.fire(JavaScript.java:1102)
	at ptolemy.domains.de.kernel.DEDirector._fire(DEDirector.java:1948)
	at ptolemy.domains.de.kernel.DEDirector.fire(DEDirector.java:502)
	at ptolemy.actor.CompositeActor.fire(CompositeActor.java:455)
	at ptolemy.actor.Manager.iterate(Manager.java:851)
	at ptolemy.actor.Manager.execute(Manager.java:369)
	at ptolemy.moml.MoMLSimpleApplication.rerun(MoMLSimpleApplication.java:339)
Caused by: java.lang.RuntimeException: java.net.SocketTimeoutException: connect timed out
	at jdk.nashorn.internal.runtime.ScriptRuntime.apply(ScriptRuntime.java:397)
	at jdk.nashorn.api.scripting.ScriptObjectMirror.callMember(ScriptObjectMirror.java:199)
	at jdk.nashorn.api.scripting.NashornScriptEngine.invokeImpl(NashornScriptEngine.java:386)
	at jdk.nashorn.api.scripting.NashornScriptEngine.invokeMethod(NashornScriptEngine.java:199)
	at ptolemy.actor.lib.jjs.JavaScript._invokeMethodInContext(JavaScript.java:2193)
Caused by: java.net.SocketTimeoutException: connect timed out
	at java.net.PlainSocketImpl.socketConnect(Native Method)
	at java.net.AbstractPlainSocketImpl.doConnect(AbstractPlainSocketImpl.java:350)
	at java.net.AbstractPlainSocketImpl.connectToAddress(AbstractPlainSocketImpl.java:206)
	at java.net.AbstractPlainSocketImpl.connect(AbstractPlainSocketImpl.java:188)
	at java.net.SocksSocketImpl.connect(SocksSocketImpl.java:392)
	at java.net.Socket.connect(Socket.java:589)
	at sun.net.NetworkClient.doConnect(NetworkClient.java:175)
	at sun.net.www.http.HttpClient.openServer(HttpClient.java:463)
	at sun.net.www.http.HttpClient.openServer(HttpClient.java:558)
	at sun.net.www.http.HttpClient.&lt;init&gt;(HttpClient.java:242)
	at sun.net.www.http.HttpClient.New(HttpClient.java:339)
	at sun.net.www.http.HttpClient.New(HttpClient.java:357)
	at sun.net.www.protocol.http.HttpURLConnection.getNewHttpClient(HttpURLConnection.java:1220)
	at sun.net.www.protocol.http.HttpURLConnection.plainConnect0(HttpURLConnection.java:1156)
	at sun.net.www.protocol.http.HttpURLConnection.plainConnect(HttpURLConnection.java:1050)
	at sun.net.www.protocol.http.HttpURLConnection.connect(HttpURLConnection.java:984)
	at sun.net.www.protocol.http.HttpURLConnection.followRedirect0(HttpURLConnection.java:2719)
	at sun.net.www.protocol.http.HttpURLConnection.followRedirect(HttpURLConnection.java:2641)
	at sun.net.www.protocol.http.HttpURLConnection.getInputStream0(HttpURLConnection.java:1824)
	at sun.net.www.protocol.http.HttpURLConnection.getInputStream(HttpURLConnection.java:1492)
	at jdk.nashorn.internal.scripts.Script$Recompilation$32185$4617AAAAI$\^eval\_.httpRequest(&lt;eval&gt;:165)
	at jdk.nashorn.internal.scripts.Script$Recompilation$32183$195$\^function\_.L:1#fire(&lt;function&gt;:7)
	at jdk.nashorn.internal.scripts.Script$Recompilation$32181$73967A$require.L:1#react(/home/travis/build/icyphy/ptII/ptolemy/actor/lib/jjs/external/require.js#401:30&lt;eval&gt;:1775)
	at jdk.nashorn.internal.runtime.ScriptFunctionData.invoke(ScriptFunctionData.java:639)
	at jdk.nashorn.internal.runtime.ScriptFunction.invoke(ScriptFunction.java:494)
	at jdk.nashorn.internal.runtime.ScriptRuntime.apply(ScriptRuntime.java:393)
</error>
  </testcase>
  <testcase classname="ptolemy.util.test.junit.AutoTests" name="[20] /home/travis/build/icyphy/ptII/org/terraswarm/accessor/test/auto/JSON.xml (RunModel)" time="15.015" />
  <testcase classname="ptolemy.util.test.junit.AutoTests" name="[21] /home/travis/build/icyphy/ptII/org/terraswarm/accessor/test/auto/ReadURL.xml (RunModel)" time="47.519" />
  <testcase classname="ptolemy.util.test.junit.AutoTests" name="[22] /home/travis/build/icyphy/ptII/org/terraswarm/accessor/test/auto/SendNullToOwnInput.xml (RunModel)" time="72.521" />
  <testcase classname="ptolemy.util.test.junit.AutoTests" name="[23] /home/travis/build/icyphy/ptII/org/terraswarm/accessor/test/auto/Stop.xml (RunModel)" time="32.365" />
  <testcase classname="ptolemy.util.test.junit.AutoTests" name="[24] /home/travis/build/icyphy/ptII/org/terraswarm/accessor/test/auto/Stop2.xml (RunModel)" time="19.226" />
  <system-out><![CDATA[/home/travis/build/icyphy/ptII/org/terraswarm/accessor/test/JSAccessor.tcl
testDefs.tcl: setting time out to 9000 seconds at Mon Apr 02 23:17:29 UTC 2018
JSAccessor: PT_NO_NET environment variable is set, so git pull and ptdoc are not being run.
/home/travis/build/icyphy/ptII/org/terraswarm/accessor/test/WebSocketClientTest.tcl
WebSocketClient: Connection failed. Will try again: Connection refused: localhost/127.0.0.1:8181 (Thread[vert.x-eventloop-thread-0,1,main])
WebSocketClient: Connection closed because model is no longer running. (Thread[WebSocketClientJS,1,main])
6183 ms. Memory: 676864K Free: 259595K (38%)
WebSocketClient: Connection failed. Will try again: Connection refused: localhost/127.0.0.1:8181 (Thread[vert.x-eventloop-thread-0,1,main])
WebSocketClient: Connection closed because model is no longer running. (Thread[main,5,main])
5783 ms. Memory: 785920K Free: 328860K (42%)
reloadAllAccessors: .WebSocketClientJS
This is the first time that the reloadAllAccessors method has been invoked in this JVM, so the the accessors repo will be checked out or updated and JSDoc invoked. Note that running the tests may end up invoking a new JVM for each directory, so the repo may be checked out or updated and JSDoc invoked more than once when the tests are run.
WebSocketClient: Connection failed. Will try again: Connection refused: localhost/127.0.0.1:8181 (Thread[vert.x-eventloop-thread-0,1,main])
WebSocketClient: Connection closed because model is no longer running. (Thread[main,5,main])
5322 ms. Memory: 800256K Free: 612164K (76%)
WebSocketClient: Connection failed. Will try again: Connection refused: localhost/127.0.0.1:8182 (Thread[vert.x-eventloop-thread-1,1,main])
WebSocketClient: Connection failed. Will try again: Connection refused: localhost/127.0.0.1:8182 (Thread[vert.x-eventloop-thread-1,1,main])
WebSocketClient: Connection failed. Will try again: Connection refused: localhost/127.0.0.1:8182 (Thread[vert.x-eventloop-thread-1,1,main])
WebSocketClient: Connection failed. Will try again: Connection refused: localhost/127.0.0.1:8182 (Thread[vert.x-eventloop-thread-1,1,main])
WebSocketClient: Connection failed. Will try again: Connection refused: localhost/127.0.0.1:8182 (Thread[vert.x-eventloop-thread-1,1,main])
WebSocketClient: undefined: WebSocketClient.js: Error: Connection failed after 6 tries: Connection refused: localhost/127.0.0.1:8182 (Thread[vert.x-eventloop-thread-1,1,main])
WebSocketClient: Connection closed because model is no longer running. (Thread[WebSocketClient2JS,1,main])
8522 ms. Memory: 806912K Free: 383122K (47%)
WebSocketClient: Connection failed. Will try again: Connection refused: localhost/127.0.0.1:8182 (Thread[vert.x-eventloop-thread-1,1,main])
WebSocketClient: Connection failed. Will try again: Connection refused: localhost/127.0.0.1:8182 (Thread[vert.x-eventloop-thread-1,1,main])
WebSocketClient: Connection failed. Will try again: Connection refused: localhost/127.0.0.1:8182 (Thread[vert.x-eventloop-thread-1,1,main])
WebSocketClient: Connection failed. Will try again: Connection refused: localhost/127.0.0.1:8182 (Thread[vert.x-eventloop-thread-1,1,main])
WebSocketClient: Connection failed. Will try again: Connection refused: localhost/127.0.0.1:8182 (Thread[vert.x-eventloop-thread-1,1,main])
WebSocketClient: undefined: WebSocketClient.js: Error: Connection failed after 6 tries: Connection refused: localhost/127.0.0.1:8182 (Thread[vert.x-eventloop-thread-1,1,main])
WebSocketClient: Connection closed because model is no longer running. (Thread[main,5,main])
8705 ms. Memory: 851968K Free: 671047K (79%)
reloadAllAccessors: .WebSocketClient2JS
WebSocketClient: Connection failed. Will try again: Connection refused: localhost/127.0.0.1:8182 (Thread[vert.x-eventloop-thread-1,1,main])
WebSocketClient: Connection failed. Will try again: Connection refused: localhost/127.0.0.1:8182 (Thread[vert.x-eventloop-thread-1,1,main])
WebSocketClient: Connection failed. Will try again: Connection refused: localhost/127.0.0.1:8182 (Thread[vert.x-eventloop-thread-1,1,main])
WebSocketClient: Connection failed. Will try again: Connection refused: localhost/127.0.0.1:8182 (Thread[vert.x-eventloop-thread-1,1,main])
WebSocketClient: Connection failed. Will try again: Connection refused: localhost/127.0.0.1:8182 (Thread[vert.x-eventloop-thread-1,1,main])
WebSocketClient: undefined: WebSocketClient.js: Error: Connection failed after 6 tries: Connection refused: localhost/127.0.0.1:8182 (Thread[vert.x-eventloop-thread-1,1,main])
WebSocketClient: Connection closed because model is no longer running. (Thread[main,5,main])
8442 ms. Memory: 852480K Free: 529672K (62%)
04/02/18 11:18:39
Failed: 0  Total Tests: 14  ((Passed: 14, Newly Passed: 0)  Known Failed: 0) /home/travis/build/icyphy/ptII/org/terraswarm/accessor/test
No auto/knownFailedTests/*.xml tests in /home/travis/build/icyphy/ptII/org/terraswarm/accessor/test
No auto/*.xml tests in /home/travis/build/icyphy/ptII/org/terraswarm/accessor/test
AutoTests.java: About to close Vertx.
AutoTests.java: Sleeping 10 seconds.
AutoTests.java: Vertx closed.
----------------- testing /home/travis/build/icyphy/ptII/org/terraswarm/accessor/test/auto/AccessViolation.xml
----------------- Mon Apr 02 23:18:49 UTC 2018 About to sleep for 5 seconds before rerunning in org/terraswarm/accessor.  Test is: /home/travis/build/icyphy/ptII/org/terraswarm/accessor/test/auto/AccessViolation.xml
620 ms. Memory: 852480K Free: 421459K (49%)
----------------- testing again /home/travis/build/icyphy/ptII/org/terraswarm/accessor/test/auto/AccessViolation.xml
618 ms. Memory: 852480K Free: 705538K (83%)
----------------- Mon Apr 02 23:18:56 UTC 2018 About to sleep for 5 seconds before rerunning in org/terraswarm/accessor.  Test is: /home/travis/build/icyphy/ptII/org/terraswarm/accessor/test/auto/AccessViolation.xml
reloadAllAccessors: .AccessViolation
----------------- Reloaded Accessors and testing again /home/travis/build/icyphy/ptII/org/terraswarm/accessor/test/auto/AccessViolation.xml
911 ms. Memory: 852480K Free: 429263K (50%)
----------------- testing /home/travis/build/icyphy/ptII/org/terraswarm/accessor/test/auto/AccessViolation2.xml
----------------- Mon Apr 02 23:19:02 UTC 2018 About to sleep for 5 seconds before rerunning in org/terraswarm/accessor.  Test is: /home/travis/build/icyphy/ptII/org/terraswarm/accessor/test/auto/AccessViolation2.xml
895 ms. Memory: 852480K Free: 583447K (68%)
----------------- testing again /home/travis/build/icyphy/ptII/org/terraswarm/accessor/test/auto/AccessViolation2.xml
811 ms. Memory: 852480K Free: 385579K (45%)
----------------- Mon Apr 02 23:19:09 UTC 2018 About to sleep for 5 seconds before rerunning in org/terraswarm/accessor.  Test is: /home/travis/build/icyphy/ptII/org/terraswarm/accessor/test/auto/AccessViolation2.xml
reloadAllAccessors: .AccessViolation2
----------------- Reloaded Accessors and testing again /home/travis/build/icyphy/ptII/org/terraswarm/accessor/test/auto/AccessViolation2.xml
778 ms. Memory: 852480K Free: 587548K (69%)
----------------- testing /home/travis/build/icyphy/ptII/org/terraswarm/accessor/test/auto/Accessor1.xml
----------------- Mon Apr 02 23:19:16 UTC 2018 About to sleep for 5 seconds before rerunning in org/terraswarm/accessor.  Test is: /home/travis/build/icyphy/ptII/org/terraswarm/accessor/test/auto/Accessor1.xml
1846 ms. Memory: 852992K Free: 422701K (50%)
----------------- testing again /home/travis/build/icyphy/ptII/org/terraswarm/accessor/test/auto/Accessor1.xml
2111 ms. Memory: 867840K Free: 692083K (80%)
----------------- Mon Apr 02 23:19:25 UTC 2018 About to sleep for 5 seconds before rerunning in org/terraswarm/accessor.  Test is: /home/travis/build/icyphy/ptII/org/terraswarm/accessor/test/auto/Accessor1.xml
reloadAllAccessors: .Accessor1
----------------- Reloaded Accessors and testing again /home/travis/build/icyphy/ptII/org/terraswarm/accessor/test/auto/Accessor1.xml
1806 ms. Memory: 878080K Free: 607295K (69%)
----------------- testing /home/travis/build/icyphy/ptII/org/terraswarm/accessor/test/auto/Accessor2.xml
----------------- Mon Apr 02 23:19:33 UTC 2018 About to sleep for 5 seconds before rerunning in org/terraswarm/accessor.  Test is: /home/travis/build/icyphy/ptII/org/terraswarm/accessor/test/auto/Accessor2.xml
779 ms. Memory: 878080K Free: 283056K (32%)
----------------- testing again /home/travis/build/icyphy/ptII/org/terraswarm/accessor/test/auto/Accessor2.xml
813 ms. Memory: 868352K Free: 536116K (62%)
----------------- Mon Apr 02 23:19:40 UTC 2018 About to sleep for 5 seconds before rerunning in org/terraswarm/accessor.  Test is: /home/travis/build/icyphy/ptII/org/terraswarm/accessor/test/auto/Accessor2.xml
reloadAllAccessors: .Accessor2
----------------- Reloaded Accessors and testing again /home/travis/build/icyphy/ptII/org/terraswarm/accessor/test/auto/Accessor2.xml
669 ms. Memory: 868352K Free: 259941K (30%)
----------------- testing /home/travis/build/icyphy/ptII/org/terraswarm/accessor/test/auto/CallbackWithSuppress.xml
----------------- Mon Apr 02 23:19:46 UTC 2018 About to sleep for 5 seconds before rerunning in org/terraswarm/accessor.  Test is: /home/travis/build/icyphy/ptII/org/terraswarm/accessor/test/auto/CallbackWithSuppress.xml
20741 ms. Memory: 875008K Free: 406807K (46%)
----------------- testing again /home/travis/build/icyphy/ptII/org/terraswarm/accessor/test/auto/CallbackWithSuppress.xml
20646 ms. Memory: 875008K Free: 206116K (24%)
----------------- Mon Apr 02 23:20:33 UTC 2018 About to sleep for 5 seconds before rerunning in org/terraswarm/accessor.  Test is: /home/travis/build/icyphy/ptII/org/terraswarm/accessor/test/auto/CallbackWithSuppress.xml
reloadAllAccessors: .CallbackWithSuppress
Accessors in test/auto do not typically have documentation, so we are not running jsdoc on file:/home/travis/build/icyphy/ptII/org/terraswarm/accessor/test/auto/accessors/CallbackWithSuppress.js
----------------- Reloaded Accessors and testing again /home/travis/build/icyphy/ptII/org/terraswarm/accessor/test/auto/CallbackWithSuppress.xml
20710 ms. Memory: 877056K Free: 392279K (45%)
----------------- testing /home/travis/build/icyphy/ptII/org/terraswarm/accessor/test/auto/Derived.xml
----------------- Mon Apr 02 23:20:59 UTC 2018 About to sleep for 5 seconds before rerunning in org/terraswarm/accessor.  Test is: /home/travis/build/icyphy/ptII/org/terraswarm/accessor/test/auto/Derived.xml
DerivedA: base set up (Thread[Thread-41,5,main])
DerivedA: derived set up (Thread[Thread-41,5,main])
DerivedA: base set up (Thread[Thread-41,5,main])
DerivedA: derived set up (Thread[Thread-41,5,main])
DerivedA: base set up (Thread[Derived,1,main])
DerivedA: derived set up (Thread[Derived,1,main])
DerivedA: base set up (Thread[Derived,1,main])
DerivedA: derived set up (Thread[Derived,1,main])
DerivedA: base set up (Thread[Derived,1,main])
DerivedA: derived set up (Thread[Derived,1,main])
DerivedA: base set up (Thread[Derived,1,main])
DerivedA: derived set up (Thread[Derived,1,main])
DerivedA: base set up (Thread[Derived,1,main])
DerivedA: derived set up (Thread[Derived,1,main])
DerivedA: base init (Thread[Derived,1,main])
DerivedA: derived init (Thread[Derived,1,main])
DerivedA: derived wrapped up (Thread[Derived,1,main])
727 ms. Memory: 882176K Free: 541570K (61%)
----------------- testing again /home/travis/build/icyphy/ptII/org/terraswarm/accessor/test/auto/Derived.xml
DerivedA: base set up (Thread[Thread-41,5,main])
DerivedA: derived set up (Thread[Thread-41,5,main])
DerivedA: base set up (Thread[Thread-41,5,main])
DerivedA: derived set up (Thread[Thread-41,5,main])
DerivedA: base set up (Thread[Thread-41,5,main])
DerivedA: derived set up (Thread[Thread-41,5,main])
DerivedA: base set up (Thread[Thread-41,5,main])
DerivedA: derived set up (Thread[Thread-41,5,main])
DerivedA: base set up (Thread[Thread-41,5,main])
DerivedA: derived set up (Thread[Thread-41,5,main])
DerivedA: base init (Thread[Thread-41,5,main])
DerivedA: derived init (Thread[Thread-41,5,main])
DerivedA: derived wrapped up (Thread[Thread-41,5,main])
661 ms. Memory: 882176K Free: 332176K (38%)
----------------- Mon Apr 02 23:21:06 UTC 2018 About to sleep for 5 seconds before rerunning in org/terraswarm/accessor.  Test is: /home/travis/build/icyphy/ptII/org/terraswarm/accessor/test/auto/Derived.xml
reloadAllAccessors: .Derived
Accessors in test/auto do not typically have documentation, so we are not running jsdoc on file:/home/travis/build/icyphy/ptII/org/terraswarm/accessor/test/auto/accessors/DerivedA.js
DerivedA: base set up (Thread[Thread-41,5,main])
DerivedA: derived set up (Thread[Thread-41,5,main])
DerivedA: base set up (Thread[Thread-41,5,main])
DerivedA: derived set up (Thread[Thread-41,5,main])
----------------- Reloaded Accessors and testing again /home/travis/build/icyphy/ptII/org/terraswarm/accessor/test/auto/Derived.xml
DerivedA: base set up (Thread[Thread-41,5,main])
DerivedA: derived set up (Thread[Thread-41,5,main])
DerivedA: base set up (Thread[Thread-41,5,main])
DerivedA: derived set up (Thread[Thread-41,5,main])
DerivedA: base set up (Thread[Thread-41,5,main])
DerivedA: derived set up (Thread[Thread-41,5,main])
DerivedA: base set up (Thread[Thread-41,5,main])
DerivedA: derived set up (Thread[Thread-41,5,main])
DerivedA: base set up (Thread[Thread-41,5,main])
DerivedA: derived set up (Thread[Thread-41,5,main])
DerivedA: base init (Thread[Thread-41,5,main])
DerivedA: derived init (Thread[Thread-41,5,main])
DerivedA: derived wrapped up (Thread[Thread-41,5,main])
1338 ms. Memory: 915456K Free: 755733K (83%)
----------------- testing /home/travis/build/icyphy/ptII/org/terraswarm/accessor/test/auto/Derived2.xml
----------------- Mon Apr 02 23:21:12 UTC 2018 About to sleep for 5 seconds before rerunning in org/terraswarm/accessor.  Test is: /home/travis/build/icyphy/ptII/org/terraswarm/accessor/test/auto/Derived2.xml
DerivedB2: printing non-prototype properties (Thread[Derived2,1,main])
DerivedB2: ssuper: [object Object] (Thread[Derived2,1,main])
DerivedB2: setup: function () {
        this.extend('BaseB');
    } (Thread[Derived2,1,main])
DerivedB2: inputHandler: function () {
    console.log('sending false');
    this.send('output', false);
} (Thread[Derived2,1,main])
DerivedB2: initialize: function () {
    exports.ssuper.initialize.call(this);
    printProperties(exports);
} (Thread[Derived2,1,main])
DerivedB2: printing protoytpe (Thread[Derived2,1,main])
DerivedB2: ssuper: [object Object] (Thread[Derived2,1,main])
DerivedB2: setup: function () {
        this.extend('BaseB');
    } (Thread[Derived2,1,main])
DerivedB2: initialize: function () {
    exports.ssuper.initialize.call(this);
    printProperties(exports);
} (Thread[Derived2,1,main])
DerivedB2: inputHandler: function () {
    console.log('sending false');
    this.send('output', false);
} (Thread[Derived2,1,main])
DerivedB2: sending false (Thread[Derived2,1,main])
817 ms. Memory: 915456K Free: 428096K (47%)
----------------- testing again /home/travis/build/icyphy/ptII/org/terraswarm/accessor/test/auto/Derived2.xml
DerivedB2: printing non-prototype properties (Thread[Thread-46,5,main])
DerivedB2: ssuper: [object Object] (Thread[Thread-46,5,main])
DerivedB2: setup: function () {
        this.extend('BaseB');
    } (Thread[Thread-46,5,main])
DerivedB2: inputHandler: function () {
    console.log('sending false');
    this.send('output', false);
} (Thread[Thread-46,5,main])
DerivedB2: initialize: function () {
    exports.ssuper.initialize.call(this);
    printProperties(exports);
} (Thread[Thread-46,5,main])
DerivedB2: printing protoytpe (Thread[Thread-46,5,main])
DerivedB2: ssuper: [object Object] (Thread[Thread-46,5,main])
DerivedB2: setup: function () {
        this.extend('BaseB');
    } (Thread[Thread-46,5,main])
DerivedB2: initialize: function () {
    exports.ssuper.initialize.call(this);
    printProperties(exports);
} (Thread[Thread-46,5,main])
DerivedB2: inputHandler: function () {
    console.log('sending false');
    this.send('output', false);
} (Thread[Thread-46,5,main])
DerivedB2: sending false (Thread[Thread-46,5,main])
917 ms. Memory: 884736K Free: 659497K (75%)
----------------- Mon Apr 02 23:21:19 UTC 2018 About to sleep for 5 seconds before rerunning in org/terraswarm/accessor.  Test is: /home/travis/build/icyphy/ptII/org/terraswarm/accessor/test/auto/Derived2.xml
reloadAllAccessors: .Derived2
Accessors in test/auto do not typically have documentation, so we are not running jsdoc on file:/home/travis/build/icyphy/ptII/org/terraswarm/accessor/test/auto/accessors/DerivedB.js
----------------- Reloaded Accessors and testing again /home/travis/build/icyphy/ptII/org/terraswarm/accessor/test/auto/Derived2.xml
DerivedB2: printing non-prototype properties (Thread[Thread-46,5,main])
DerivedB2: ssuper: [object Object] (Thread[Thread-46,5,main])
DerivedB2: setup: function () {
        this.extend('BaseB');
    } (Thread[Thread-46,5,main])
DerivedB2: inputHandler: function () {
    console.log('sending false');
    this.send('output', false);
} (Thread[Thread-46,5,main])
DerivedB2: initialize: function () {
    exports.ssuper.initialize.call(this);
    printProperties(exports);
} (Thread[Thread-46,5,main])
DerivedB2: printing protoytpe (Thread[Thread-46,5,main])
DerivedB2: ssuper: [object Object] (Thread[Thread-46,5,main])
DerivedB2: setup: function () {
        this.extend('BaseB');
    } (Thread[Thread-46,5,main])
DerivedB2: initialize: function () {
    exports.ssuper.initialize.call(this);
    printProperties(exports);
} (Thread[Thread-46,5,main])
DerivedB2: inputHandler: function () {
    console.log('sending false');
    this.send('output', false);
} (Thread[Thread-46,5,main])
DerivedB2: sending false (Thread[Thread-46,5,main])
597 ms. Memory: 884736K Free: 372874K (42%)
----------------- testing /home/travis/build/icyphy/ptII/org/terraswarm/accessor/test/auto/Derived3.xml
----------------- Mon Apr 02 23:21:25 UTC 2018 About to sleep for 5 seconds before rerunning in org/terraswarm/accessor.  Test is: /home/travis/build/icyphy/ptII/org/terraswarm/accessor/test/auto/Derived3.xml
834 ms. Memory: 899072K Free: 525901K (58%)
----------------- testing again /home/travis/build/icyphy/ptII/org/terraswarm/accessor/test/auto/Derived3.xml
658 ms. Memory: 899072K Free: 319913K (36%)
----------------- Mon Apr 02 23:21:32 UTC 2018 About to sleep for 5 seconds before rerunning in org/terraswarm/accessor.  Test is: /home/travis/build/icyphy/ptII/org/terraswarm/accessor/test/auto/Derived3.xml
reloadAllAccessors: .Derived3
Accessors in test/auto do not typically have documentation, so we are not running jsdoc on file:/home/travis/build/icyphy/ptII/org/terraswarm/accessor/test/auto/accessors/DerivedC.js
----------------- Reloaded Accessors and testing again /home/travis/build/icyphy/ptII/org/terraswarm/accessor/test/auto/Derived3.xml
727 ms. Memory: 898560K Free: 490566K (55%)
----------------- testing /home/travis/build/icyphy/ptII/org/terraswarm/accessor/test/auto/Derived4.xml
----------------- Mon Apr 02 23:21:38 UTC 2018 About to sleep for 5 seconds before rerunning in org/terraswarm/accessor.  Test is: /home/travis/build/icyphy/ptII/org/terraswarm/accessor/test/auto/Derived4.xml
938 ms. Memory: 891392K Free: 602982K (68%)
----------------- testing again /home/travis/build/icyphy/ptII/org/terraswarm/accessor/test/auto/Derived4.xml
634 ms. Memory: 891392K Free: 393279K (44%)
----------------- Mon Apr 02 23:21:45 UTC 2018 About to sleep for 5 seconds before rerunning in org/terraswarm/accessor.  Test is: /home/travis/build/icyphy/ptII/org/terraswarm/accessor/test/auto/Derived4.xml
reloadAllAccessors: .Derived4
Accessors in test/auto do not typically have documentation, so we are not running jsdoc on file:/home/travis/build/icyphy/ptII/org/terraswarm/accessor/test/auto/accessors/DerivedD.js
----------------- Reloaded Accessors and testing again /home/travis/build/icyphy/ptII/org/terraswarm/accessor/test/auto/Derived4.xml
835 ms. Memory: 880128K Free: 522585K (59%)
----------------- testing /home/travis/build/icyphy/ptII/org/terraswarm/accessor/test/auto/Derived5.xml
----------------- Mon Apr 02 23:21:51 UTC 2018 About to sleep for 5 seconds before rerunning in org/terraswarm/accessor.  Test is: /home/travis/build/icyphy/ptII/org/terraswarm/accessor/test/auto/Derived5.xml
602 ms. Memory: 880128K Free: 201635K (23%)
----------------- testing again /home/travis/build/icyphy/ptII/org/terraswarm/accessor/test/auto/Derived5.xml
872 ms. Memory: 888320K Free: 433092K (49%)
----------------- Mon Apr 02 23:21:58 UTC 2018 About to sleep for 5 seconds before rerunning in org/terraswarm/accessor.  Test is: /home/travis/build/icyphy/ptII/org/terraswarm/accessor/test/auto/Derived5.xml
reloadAllAccessors: .Derived5
Accessors in test/auto do not typically have documentation, so we are not running jsdoc on file:/home/travis/build/icyphy/ptII/org/terraswarm/accessor/test/auto/accessors/DerivedE.js
----------------- Reloaded Accessors and testing again /home/travis/build/icyphy/ptII/org/terraswarm/accessor/test/auto/Derived5.xml
643 ms. Memory: 888320K Free: 153582K (17%)
----------------- testing /home/travis/build/icyphy/ptII/org/terraswarm/accessor/test/auto/Derived6.xml
----------------- Mon Apr 02 23:22:04 UTC 2018 About to sleep for 5 seconds before rerunning in org/terraswarm/accessor.  Test is: /home/travis/build/icyphy/ptII/org/terraswarm/accessor/test/auto/Derived6.xml
582 ms. Memory: 911872K Free: 508630K (56%)
----------------- testing again /home/travis/build/icyphy/ptII/org/terraswarm/accessor/test/auto/Derived6.xml
658 ms. Memory: 907776K Free: 715462K (79%)
----------------- Mon Apr 02 23:22:11 UTC 2018 About to sleep for 5 seconds before rerunning in org/terraswarm/accessor.  Test is: /home/travis/build/icyphy/ptII/org/terraswarm/accessor/test/auto/Derived6.xml
reloadAllAccessors: .Derived6
Accessors in test/auto do not typically have documentation, so we are not running jsdoc on file:/home/travis/build/icyphy/ptII/org/terraswarm/accessor/test/auto/accessors/DerivedF.js
----------------- Reloaded Accessors and testing again /home/travis/build/icyphy/ptII/org/terraswarm/accessor/test/auto/Derived6.xml
854 ms. Memory: 907776K Free: 433447K (48%)
----------------- testing /home/travis/build/icyphy/ptII/org/terraswarm/accessor/test/auto/Derived8.xml
----------------- Mon Apr 02 23:22:17 UTC 2018 About to sleep for 5 seconds before rerunning in org/terraswarm/accessor.  Test is: /home/travis/build/icyphy/ptII/org/terraswarm/accessor/test/auto/Derived8.xml
789 ms. Memory: 910336K Free: 519214K (57%)
----------------- testing again /home/travis/build/icyphy/ptII/org/terraswarm/accessor/test/auto/Derived8.xml
629 ms. Memory: 910336K Free: 310415K (34%)
----------------- Mon Apr 02 23:22:24 UTC 2018 About to sleep for 5 seconds before rerunning in org/terraswarm/accessor.  Test is: /home/travis/build/icyphy/ptII/org/terraswarm/accessor/test/auto/Derived8.xml
reloadAllAccessors: .Derived8
Accessors in test/auto do not typically have documentation, so we are not running jsdoc on file:/home/travis/build/icyphy/ptII/org/terraswarm/accessor/test/auto/accessors/DerivedH.js
----------------- Reloaded Accessors and testing again /home/travis/build/icyphy/ptII/org/terraswarm/accessor/test/auto/Derived8.xml
775 ms. Memory: 910848K Free: 439939K (48%)
----------------- testing /home/travis/build/icyphy/ptII/org/terraswarm/accessor/test/auto/Derived9.xml
----------------- Mon Apr 02 23:22:30 UTC 2018 About to sleep for 5 seconds before rerunning in org/terraswarm/accessor.  Test is: /home/travis/build/icyphy/ptII/org/terraswarm/accessor/test/auto/Derived9.xml
755 ms. Memory: 912896K Free: 528472K (58%)
----------------- testing again /home/travis/build/icyphy/ptII/org/terraswarm/accessor/test/auto/Derived9.xml
723 ms. Memory: 912896K Free: 314841K (34%)
----------------- Mon Apr 02 23:22:37 UTC 2018 About to sleep for 5 seconds before rerunning in org/terraswarm/accessor.  Test is: /home/travis/build/icyphy/ptII/org/terraswarm/accessor/test/auto/Derived9.xml
reloadAllAccessors: .Derived9
Accessors in test/auto do not typically have documentation, so we are not running jsdoc on file:/home/travis/build/icyphy/ptII/org/terraswarm/accessor/test/auto/accessors/DerivedI.js
----------------- Reloaded Accessors and testing again /home/travis/build/icyphy/ptII/org/terraswarm/accessor/test/auto/Derived9.xml
771 ms. Memory: 914432K Free: 445915K (49%)
----------------- testing /home/travis/build/icyphy/ptII/org/terraswarm/accessor/test/auto/DerivedAgain.xml
----------------- Mon Apr 02 23:22:43 UTC 2018 About to sleep for 5 seconds before rerunning in org/terraswarm/accessor.  Test is: /home/travis/build/icyphy/ptII/org/terraswarm/accessor/test/auto/DerivedAgain.xml
1824 ms. Memory: 915968K Free: 545511K (60%)
----------------- testing again /home/travis/build/icyphy/ptII/org/terraswarm/accessor/test/auto/DerivedAgain.xml
1714 ms. Memory: 915968K Free: 335180K (37%)
----------------- Mon Apr 02 23:22:52 UTC 2018 About to sleep for 5 seconds before rerunning in org/terraswarm/accessor.  Test is: /home/travis/build/icyphy/ptII/org/terraswarm/accessor/test/auto/DerivedAgain.xml
reloadAllAccessors: .DerivedAgain
Accessors in test/auto do not typically have documentation, so we are not running jsdoc on file:/home/travis/build/icyphy/ptII/org/terraswarm/accessor/test/auto/accessors/DerivedAgainA.js
----------------- Reloaded Accessors and testing again /home/travis/build/icyphy/ptII/org/terraswarm/accessor/test/auto/DerivedAgain.xml
1766 ms. Memory: 918528K Free: 482525K (53%)
----------------- testing /home/travis/build/icyphy/ptII/org/terraswarm/accessor/test/auto/DerivedAgain2.xml
----------------- Mon Apr 02 23:22:59 UTC 2018 About to sleep for 5 seconds before rerunning in org/terraswarm/accessor.  Test is: /home/travis/build/icyphy/ptII/org/terraswarm/accessor/test/auto/DerivedAgain2.xml
1737 ms. Memory: 918528K Free: 154500K (17%)
----------------- testing again /home/travis/build/icyphy/ptII/org/terraswarm/accessor/test/auto/DerivedAgain2.xml
2258 ms. Memory: 929792K Free: 651309K (70%)
----------------- Mon Apr 02 23:23:09 UTC 2018 About to sleep for 5 seconds before rerunning in org/terraswarm/accessor.  Test is: /home/travis/build/icyphy/ptII/org/terraswarm/accessor/test/auto/DerivedAgain2.xml
reloadAllAccessors: .DerivedAgain2
Accessors in test/auto do not typically have documentation, so we are not running jsdoc on file:/home/travis/build/icyphy/ptII/org/terraswarm/accessor/test/auto/accessors/DerivedAgainB.js
----------------- Reloaded Accessors and testing again /home/travis/build/icyphy/ptII/org/terraswarm/accessor/test/auto/DerivedAgain2.xml
1635 ms. Memory: 929792K Free: 364259K (39%)
----------------- testing /home/travis/build/icyphy/ptII/org/terraswarm/accessor/test/auto/DerivedAgain4.xml
----------------- Mon Apr 02 23:23:16 UTC 2018 About to sleep for 5 seconds before rerunning in org/terraswarm/accessor.  Test is: /home/travis/build/icyphy/ptII/org/terraswarm/accessor/test/auto/DerivedAgain4.xml
656 ms. Memory: 933376K Free: 470989K (50%)
----------------- testing again /home/travis/build/icyphy/ptII/org/terraswarm/accessor/test/auto/DerivedAgain4.xml
709 ms. Memory: 934912K Free: 711290K (76%)
----------------- Mon Apr 02 23:23:22 UTC 2018 About to sleep for 5 seconds before rerunning in org/terraswarm/accessor.  Test is: /home/travis/build/icyphy/ptII/org/terraswarm/accessor/test/auto/DerivedAgain4.xml
reloadAllAccessors: .DerivedAgain4
Accessors in test/auto do not typically have documentation, so we are not running jsdoc on file:/home/travis/build/icyphy/ptII/org/terraswarm/accessor/test/auto/accessors/DerivedAgainD.js
----------------- Reloaded Accessors and testing again /home/travis/build/icyphy/ptII/org/terraswarm/accessor/test/auto/DerivedAgain4.xml
686 ms. Memory: 934912K Free: 422941K (45%)
----------------- testing /home/travis/build/icyphy/ptII/org/terraswarm/accessor/test/auto/DerivedAgain5.xml
----------------- Mon Apr 02 23:23:29 UTC 2018 About to sleep for 5 seconds before rerunning in org/terraswarm/accessor.  Test is: /home/travis/build/icyphy/ptII/org/terraswarm/accessor/test/auto/DerivedAgain5.xml
915 ms. Memory: 939520K Free: 532165K (57%)
----------------- testing again /home/travis/build/icyphy/ptII/org/terraswarm/accessor/test/auto/DerivedAgain5.xml
787 ms. Memory: 939520K Free: 313095K (33%)
----------------- Mon Apr 02 23:23:36 UTC 2018 About to sleep for 5 seconds before rerunning in org/terraswarm/accessor.  Test is: /home/travis/build/icyphy/ptII/org/terraswarm/accessor/test/auto/DerivedAgain5.xml
reloadAllAccessors: .DerivedAgain5
Accessors in test/auto do not typically have documentation, so we are not running jsdoc on file:/home/travis/build/icyphy/ptII/org/terraswarm/accessor/test/auto/accessors/DerivedAgainE.js
----------------- Reloaded Accessors and testing again /home/travis/build/icyphy/ptII/org/terraswarm/accessor/test/auto/DerivedAgain5.xml
827 ms. Memory: 940544K Free: 471848K (50%)
----------------- testing /home/travis/build/icyphy/ptII/org/terraswarm/accessor/test/auto/GetDate.xml
----------------- Mon Apr 02 23:23:42 UTC 2018 About to sleep for 5 seconds before rerunning in org/terraswarm/accessor.  Test is: /home/travis/build/icyphy/ptII/org/terraswarm/accessor/test/auto/GetDate.xml
REST: Making an HTTP request. (Thread[GetDate,1,main])
6391 ms. Memory: 973312K Free: 713241K (73%)
----------------- testing again /home/travis/build/icyphy/ptII/org/terraswarm/accessor/test/auto/GetDate.xml
REST: Making an HTTP request. (Thread[Thread-101,5,main])
5272 ms. Memory: 977920K Free: 442336K (45%)
----------------- Mon Apr 02 23:24:01 UTC 2018 About to sleep for 5 seconds before rerunning in org/terraswarm/accessor.  Test is: /home/travis/build/icyphy/ptII/org/terraswarm/accessor/test/auto/GetDate.xml
reloadAllAccessors: .GetDate
----------------- Reloaded Accessors and testing again /home/travis/build/icyphy/ptII/org/terraswarm/accessor/test/auto/GetDate.xml
REST: Making an HTTP request. (Thread[Thread-101,5,main])
5077 ms. Memory: 985600K Free: 364036K (37%)
----------------- testing /home/travis/build/icyphy/ptII/org/terraswarm/accessor/test/auto/HandlerWithSuppress.xml
----------------- Mon Apr 02 23:24:13 UTC 2018 About to sleep for 5 seconds before rerunning in org/terraswarm/accessor.  Test is: /home/travis/build/icyphy/ptII/org/terraswarm/accessor/test/auto/HandlerWithSuppress.xml
20874 ms. Memory: 985088K Free: 536182K (54%)
----------------- testing again /home/travis/build/icyphy/ptII/org/terraswarm/accessor/test/auto/HandlerWithSuppress.xml
20536 ms. Memory: 985088K Free: 330895K (34%)
----------------- Mon Apr 02 23:24:59 UTC 2018 About to sleep for 5 seconds before rerunning in org/terraswarm/accessor.  Test is: /home/travis/build/icyphy/ptII/org/terraswarm/accessor/test/auto/HandlerWithSuppress.xml
reloadAllAccessors: .HandlerWithSuppress
Accessors in test/auto do not typically have documentation, so we are not running jsdoc on file:/home/travis/build/icyphy/ptII/org/terraswarm/accessor/test/auto/accessors/HandlerWithSuppress.js
----------------- Reloaded Accessors and testing again /home/travis/build/icyphy/ptII/org/terraswarm/accessor/test/auto/HandlerWithSuppress.xml
20957 ms. Memory: 1011200K Free: 822505K (81%)
----------------- testing /home/travis/build/icyphy/ptII/org/terraswarm/accessor/test/auto/HttpRequest.xml
----------------- Mon Apr 02 23:25:26 UTC 2018 About to sleep for 5 seconds before rerunning in org/terraswarm/accessor.  Test is: /home/travis/build/icyphy/ptII/org/terraswarm/accessor/test/auto/HttpRequest.xml
1449 ms. Memory: 1011200K Free: 502806K (50%)
----------------- testing again /home/travis/build/icyphy/ptII/org/terraswarm/accessor/test/auto/HttpRequest.xml
1905 ms. Memory: 1010688K Free: 800324K (79%)
----------------- testing /home/travis/build/icyphy/ptII/org/terraswarm/accessor/test/auto/JSON.xml
----------------- Mon Apr 02 23:25:34 UTC 2018 About to sleep for 5 seconds before rerunning in org/terraswarm/accessor.  Test is: /home/travis/build/icyphy/ptII/org/terraswarm/accessor/test/auto/JSON.xml
JavaScript: { data: 1 } (Thread[JSON,1,main])
JavaScript3: 1 (Thread[JSON,1,main])
2154 ms. Memory: 1013760K Free: 675378K (67%)
----------------- testing again /home/travis/build/icyphy/ptII/org/terraswarm/accessor/test/auto/JSON.xml
JavaScript: { data: 1 } (Thread[Thread-117,5,main])
JavaScript3: 1 (Thread[Thread-117,5,main])
2261 ms. Memory: 1013760K Free: 276305K (27%)
----------------- Mon Apr 02 23:25:44 UTC 2018 About to sleep for 5 seconds before rerunning in org/terraswarm/accessor.  Test is: /home/travis/build/icyphy/ptII/org/terraswarm/accessor/test/auto/JSON.xml
reloadAllAccessors: .JSON
----------------- testing /home/travis/build/icyphy/ptII/org/terraswarm/accessor/test/auto/ReadURL.xml
----------------- Mon Apr 02 23:25:49 UTC 2018 About to sleep for 5 seconds before rerunning in org/terraswarm/accessor.  Test is: /home/travis/build/icyphy/ptII/org/terraswarm/accessor/test/auto/ReadURL.xml
11863 ms. Memory: 1014784K Free: 335950K (33%)
----------------- testing again /home/travis/build/icyphy/ptII/org/terraswarm/accessor/test/auto/ReadURL.xml
11873 ms. Memory: 1014272K Free: 237949K (23%)
----------------- Mon Apr 02 23:26:19 UTC 2018 About to sleep for 5 seconds before rerunning in org/terraswarm/accessor.  Test is: /home/travis/build/icyphy/ptII/org/terraswarm/accessor/test/auto/ReadURL.xml
reloadAllAccessors: .ReadURL
----------------- Reloaded Accessors and testing again /home/travis/build/icyphy/ptII/org/terraswarm/accessor/test/auto/ReadURL.xml
12146 ms. Memory: 1041920K Free: 777141K (75%)
----------------- testing /home/travis/build/icyphy/ptII/org/terraswarm/accessor/test/auto/SendNullToOwnInput.xml
----------------- Mon Apr 02 23:26:37 UTC 2018 About to sleep for 5 seconds before rerunning in org/terraswarm/accessor.  Test is: /home/travis/build/icyphy/ptII/org/terraswarm/accessor/test/auto/SendNullToOwnInput.xml
20559 ms. Memory: 1041920K Free: 455487K (44%)
----------------- testing again /home/travis/build/icyphy/ptII/org/terraswarm/accessor/test/auto/SendNullToOwnInput.xml
20683 ms. Memory: 1041920K Free: 758503K (73%)
----------------- Mon Apr 02 23:27:23 UTC 2018 About to sleep for 5 seconds before rerunning in org/terraswarm/accessor.  Test is: /home/travis/build/icyphy/ptII/org/terraswarm/accessor/test/auto/SendNullToOwnInput.xml
reloadAllAccessors: .SendNullToOwnInput
----------------- Reloaded Accessors and testing again /home/travis/build/icyphy/ptII/org/terraswarm/accessor/test/auto/SendNullToOwnInput.xml
20642 ms. Memory: 1041920K Free: 478309K (46%)
----------------- testing /home/travis/build/icyphy/ptII/org/terraswarm/accessor/test/auto/Stop.xml
----------------- Mon Apr 02 23:27:49 UTC 2018 About to sleep for 5 seconds before rerunning in org/terraswarm/accessor.  Test is: /home/travis/build/icyphy/ptII/org/terraswarm/accessor/test/auto/Stop.xml
TextDisplayHelper: 0
TextDisplayHelper: 1
TextDisplayHelper: 2
TextDisplayHelper: 3
6635 ms. Memory: 1043456K Free: 226443K (22%)
----------------- testing again /home/travis/build/icyphy/ptII/org/terraswarm/accessor/test/auto/Stop.xml
TextDisplayHelper: 0
TextDisplayHelper: 1
TextDisplayHelper: 2
TextDisplayHelper: 3
6881 ms. Memory: 1043456K Free: 430764K (41%)
----------------- Mon Apr 02 23:28:09 UTC 2018 About to sleep for 5 seconds before rerunning in org/terraswarm/accessor.  Test is: /home/travis/build/icyphy/ptII/org/terraswarm/accessor/test/auto/Stop.xml
reloadAllAccessors: .Stop
----------------- Reloaded Accessors and testing again /home/travis/build/icyphy/ptII/org/terraswarm/accessor/test/auto/Stop.xml
TextDisplayHelper: 0
TextDisplayHelper: 1
TextDisplayHelper: 2
TextDisplayHelper: 3
6766 ms. Memory: 1044480K Free: 402164K (39%)
----------------- testing /home/travis/build/icyphy/ptII/org/terraswarm/accessor/test/auto/Stop2.xml
----------------- Mon Apr 02 23:28:22 UTC 2018 About to sleep for 5 seconds before rerunning in org/terraswarm/accessor.  Test is: /home/travis/build/icyphy/ptII/org/terraswarm/accessor/test/auto/Stop2.xml
2715 ms. Memory: 1044480K Free: 88530K (8%)
----------------- testing again /home/travis/build/icyphy/ptII/org/terraswarm/accessor/test/auto/Stop2.xml
3070 ms. Memory: 1048576K Free: 734569K (70%)
----------------- Mon Apr 02 23:28:33 UTC 2018 About to sleep for 5 seconds before rerunning in org/terraswarm/accessor.  Test is: /home/travis/build/icyphy/ptII/org/terraswarm/accessor/test/auto/Stop2.xml
reloadAllAccessors: .Stop2
----------------- Reloaded Accessors and testing again /home/travis/build/icyphy/ptII/org/terraswarm/accessor/test/auto/Stop2.xml
2709 ms. Memory: 1048576K Free: 467618K (45%)
AutoTests.java: About to close Vertx.
AutoTests.java: Sleeping 10 seconds.
AutoTests.java: Vertx closed.
]]></system-out>
  <system-err><![CDATA[[vert.x-eventloop-thread-0] WARN io.netty.util.internal.MacAddressUtil - Failed to find a usable hardware address from the network interfaces; using random bytes: 3d:19:7f:2f:42:b3:ba:8c
WARNING: WebSocketServer: Model stopped before executing actions (e.g. producing outputs) scheduled for execution at times [0.273, 0.272]
WARNING: WebSocketServer: Model stopped before executing actions (e.g. producing outputs) scheduled for execution at times [0.183, 0.184]
WARNING: WebSocketServer: Model stopped before executing actions (e.g. producing outputs) scheduled for execution at times [0.137]
WARNING: CallbackWithSuppress: Model stopped before executing actions (e.g. producing outputs) scheduled for execution at times [21.0]
WARNING: CallbackWithSuppress: Model stopped before executing actions (e.g. producing outputs) scheduled for execution at times [21.0]
WARNING: CallbackWithSuppress: Model stopped before executing actions (e.g. producing outputs) scheduled for execution at times [21.0]
WARNING: HandlerWithSuppress: Model stopped before executing actions (e.g. producing outputs) scheduled for execution at times [21.0]
WARNING: HandlerWithSuppress: Model stopped before executing actions (e.g. producing outputs) scheduled for execution at times [21.0]
WARNING: HandlerWithSuppress: Model stopped before executing actions (e.g. producing outputs) scheduled for execution at times [21.0]
WARNING: TestSpontaneous: Model stopped before executing actions (e.g. producing outputs) scheduled for execution at times [5.0]
WARNING: TestSpontaneous: Model stopped before executing actions (e.g. producing outputs) scheduled for execution at times [5.0]
WARNING: TestSpontaneous: Model stopped before executing actions (e.g. producing outputs) scheduled for execution at times [5.0]
]]></system-err>
</testsuite>
