<?xml version="1.0" encoding="UTF-8" ?>
<testsuite errors="0" failures="0" hostname="travis-job-bb8f16d5-90c3-41c7-9e03-2a419ca6343a" name="ptolemy.domains.de.test.junit.JUnitTclTest" skipped="0" tests="101" time="132.113" timestamp="2018-04-28T15:00:08">
  <properties>
[...]
</properties>
  <testcase classname="ptolemy.util.test.junit.TclTests" name="[0] /home/travis/build/icyphy/ptII/ptolemy/domains/de/test/DependencyLoop.tcl (RunTclFile)" time="0.789" />
  <testcase classname="ptolemy.util.test.junit.TclTests" name="[1] /home/travis/build/icyphy/ptII/ptolemy/domains/de/test/RunDETestsAsQSS.tcl (RunTclFile)" time="90.111" />
  <testcase classname="ptolemy.util.test.junit.AutoKnownFailedTests" name="[0] /home/travis/build/icyphy/ptII/ptolemy/domains/de/test/auto/knownFailedTests/DESDFClockTest.xml (RunModel)" time="2.021" />
  <testcase classname="ptolemy.util.test.junit.AutoKnownFailedTests" name="[1] /home/travis/build/icyphy/ptII/ptolemy/domains/de/test/auto/knownFailedTests/DirectFeedback.xml (RunModel)" time="0.009" />
  <testcase classname="ptolemy.util.test.junit.AutoKnownFailedTests" name="[2] /home/travis/build/icyphy/ptII/ptolemy/domains/de/test/auto/knownFailedTests/FSMSource.xml (RunModel)" time="0.023" />
  <testcase classname="ptolemy.util.test.junit.AutoKnownFailedTests" name="[3] /home/travis/build/icyphy/ptII/ptolemy/domains/de/test/auto/knownFailedTests/HierarchicalModel.xml (RunModel)" time="0.034" />
  <testcase classname="ptolemy.util.test.junit.AutoKnownFailedTests" name="[4] /home/travis/build/icyphy/ptII/ptolemy/domains/de/test/auto/knownFailedTests/dependencyLoop.xml (RunModel)" time="0.031" />
  <testcase classname="ptolemy.util.test.junit.AutoKnownFailedTests" name="[5] /home/travis/build/icyphy/ptII/ptolemy/domains/de/test/auto/knownFailedTests/dependencyLoop2.xml (RunModel)" time="0.031" />
  <testcase classname="ptolemy.util.test.junit.AutoNameArchTests" name="[0] ThereAreNoAutoTests (RunModel)" time="0.004" />
  <testcase classname="ptolemy.util.test.junit.AutoTests" name="[0] /home/travis/build/icyphy/ptII/ptolemy/domains/de/test/auto/ActorDepthCalculation_actorWithoutPorts.xml (RunModel)" time="0.014" />
  <testcase classname="ptolemy.util.test.junit.AutoTests" name="[1] /home/travis/build/icyphy/ptII/ptolemy/domains/de/test/auto/AssemblyLine.xml (RunModel)" time="0.015" />
  <testcase classname="ptolemy.util.test.junit.AutoTests" name="[2] /home/travis/build/icyphy/ptII/ptolemy/domains/de/test/auto/CQBug1.xml (RunModel)" time="0.007" />
  <testcase classname="ptolemy.util.test.junit.AutoTests" name="[3] /home/travis/build/icyphy/ptII/ptolemy/domains/de/test/auto/CancelFireAt.xml (RunModel)" time="0.009" />
  <testcase classname="ptolemy.util.test.junit.AutoTests" name="[4] /home/travis/build/icyphy/ptII/ptolemy/domains/de/test/auto/CausalityAndComposabilityAnalysis.xml (RunModel)" time="0.01" />
  <testcase classname="ptolemy.util.test.junit.AutoTests" name="[5] /home/travis/build/icyphy/ptII/ptolemy/domains/de/test/auto/CausalityInterface1.xml (RunModel)" time="0.009" />
  <testcase classname="ptolemy.util.test.junit.AutoTests" name="[6] /home/travis/build/icyphy/ptII/ptolemy/domains/de/test/auto/CausalityInterface15.xml (RunModel)" time="0.011" />
  <testcase classname="ptolemy.util.test.junit.AutoTests" name="[7] /home/travis/build/icyphy/ptII/ptolemy/domains/de/test/auto/CausalityInterface2.xml (RunModel)" time="0.01" />
  <testcase classname="ptolemy.util.test.junit.AutoTests" name="[8] /home/travis/build/icyphy/ptII/ptolemy/domains/de/test/auto/CausalityInterface3.xml (RunModel)" time="0.014" />
  <testcase classname="ptolemy.util.test.junit.AutoTests" name="[9] /home/travis/build/icyphy/ptII/ptolemy/domains/de/test/auto/ClockDrift.xml (RunModel)" time="0.039" />
  <testcase classname="ptolemy.util.test.junit.AutoTests" name="[10] /home/travis/build/icyphy/ptII/ptolemy/domains/de/test/auto/ClockDriftAndValueChange.xml (RunModel)" time="0.029" />
  <testcase classname="ptolemy.util.test.junit.AutoTests" name="[11] /home/travis/build/icyphy/ptII/ptolemy/domains/de/test/auto/ClockDriftChange.xml (RunModel)" time="0.023" />
  <testcase classname="ptolemy.util.test.junit.AutoTests" name="[12] /home/travis/build/icyphy/ptII/ptolemy/domains/de/test/auto/ComposableCausalityAnalysis.xml (RunModel)" time="0.013" />
  <testcase classname="ptolemy.util.test.junit.AutoTests" name="[13] /home/travis/build/icyphy/ptII/ptolemy/domains/de/test/auto/DEFixedPointLimitation.xml (RunModel)" time="0.006" />
  <testcase classname="ptolemy.util.test.junit.AutoTests" name="[14] /home/travis/build/icyphy/ptII/ptolemy/domains/de/test/auto/DEScheduleTest.xml (RunModel)" time="0.008" />
  <testcase classname="ptolemy.util.test.junit.AutoTests" name="[15] /home/travis/build/icyphy/ptII/ptolemy/domains/de/test/auto/DEinDEwithStartTimes.xml (RunModel)" time="0.01" />
  <testcase classname="ptolemy.util.test.junit.AutoTests" name="[16] /home/travis/build/icyphy/ptII/ptolemy/domains/de/test/auto/DEinDEwithStartTimes2.xml (RunModel)" time="0.01" />
  <testcase classname="ptolemy.util.test.junit.AutoTests" name="[17] /home/travis/build/icyphy/ptII/ptolemy/domains/de/test/auto/DateDemo.xml (RunModel)" time="0.023" />
  <testcase classname="ptolemy.util.test.junit.AutoTests" name="[18] /home/travis/build/icyphy/ptII/ptolemy/domains/de/test/auto/DateToEvent.xml (RunModel)" time="2.032" />
  <testcase classname="ptolemy.util.test.junit.AutoTests" name="[19] /home/travis/build/icyphy/ptII/ptolemy/domains/de/test/auto/DepthTest1.xml (RunModel)" time="0.009" />
  <testcase classname="ptolemy.util.test.junit.AutoTests" name="[20] /home/travis/build/icyphy/ptII/ptolemy/domains/de/test/auto/DepthTest2.xml (RunModel)" time="0.019" />
  <testcase classname="ptolemy.util.test.junit.AutoTests" name="[21] /home/travis/build/icyphy/ptII/ptolemy/domains/de/test/auto/DepthTest3.xml (RunModel)" time="0.011" />
  <testcase classname="ptolemy.util.test.junit.AutoTests" name="[22] /home/travis/build/icyphy/ptII/ptolemy/domains/de/test/auto/DepthTest4.xml (RunModel)" time="0.026" />
  <testcase classname="ptolemy.util.test.junit.AutoTests" name="[23] /home/travis/build/icyphy/ptII/ptolemy/domains/de/test/auto/DepthTest5.xml (RunModel)" time="0.035" />
  <testcase classname="ptolemy.util.test.junit.AutoTests" name="[24] /home/travis/build/icyphy/ptII/ptolemy/domains/de/test/auto/DepthTest6.xml (RunModel)" time="0.014" />
  <testcase classname="ptolemy.util.test.junit.AutoTests" name="[25] /home/travis/build/icyphy/ptII/ptolemy/domains/de/test/auto/DepthTest7.xml (RunModel)" time="0.02" />
  <testcase classname="ptolemy.util.test.junit.AutoTests" name="[26] /home/travis/build/icyphy/ptII/ptolemy/domains/de/test/auto/EventToDate.xml (RunModel)" time="3.048" />
  <testcase classname="ptolemy.util.test.junit.AutoTests" name="[27] /home/travis/build/icyphy/ptII/ptolemy/domains/de/test/auto/FSM1.xml (RunModel)" time="0.032" />
  <testcase classname="ptolemy.util.test.junit.AutoTests" name="[28] /home/travis/build/icyphy/ptII/ptolemy/domains/de/test/auto/FSM7.xml (RunModel)" time="0.038" />
  <testcase classname="ptolemy.util.test.junit.AutoTests" name="[29] /home/travis/build/icyphy/ptII/ptolemy/domains/de/test/auto/Inspection.xml (RunModel)" time="0.079" />
  <testcase classname="ptolemy.util.test.junit.AutoTests" name="[30] /home/travis/build/icyphy/ptII/ptolemy/domains/de/test/auto/Iteration.xml (RunModel)" time="0.031" />
  <testcase classname="ptolemy.util.test.junit.AutoTests" name="[31] /home/travis/build/icyphy/ptII/ptolemy/domains/de/test/auto/LineFault.xml (RunModel)" time="0.644" />
  <testcase classname="ptolemy.util.test.junit.AutoTests" name="[32] /home/travis/build/icyphy/ptII/ptolemy/domains/de/test/auto/MergeModel1Add.xml (RunModel)" time="0.044" />
  <testcase classname="ptolemy.util.test.junit.AutoTests" name="[33] /home/travis/build/icyphy/ptII/ptolemy/domains/de/test/auto/MergeModel2Add.xml (RunModel)" time="0.047" />
  <testcase classname="ptolemy.util.test.junit.AutoTests" name="[34] /home/travis/build/icyphy/ptII/ptolemy/domains/de/test/auto/MergeModel3Add.xml (RunModel)" time="0.045" />
  <testcase classname="ptolemy.util.test.junit.AutoTests" name="[35] /home/travis/build/icyphy/ptII/ptolemy/domains/de/test/auto/MergeWithoutDiscard.xml (RunModel)" time="0.011" />
  <testcase classname="ptolemy.util.test.junit.AutoTests" name="[36] /home/travis/build/icyphy/ptII/ptolemy/domains/de/test/auto/Modal1.xml (RunModel)" time="0.033" />
  <testcase classname="ptolemy.util.test.junit.AutoTests" name="[37] /home/travis/build/icyphy/ptII/ptolemy/domains/de/test/auto/Modal2.xml (RunModel)" time="0.034" />
  <testcase classname="ptolemy.util.test.junit.AutoTests" name="[38] /home/travis/build/icyphy/ptII/ptolemy/domains/de/test/auto/Modal3.xml (RunModel)" time="0.031" />
  <testcase classname="ptolemy.util.test.junit.AutoTests" name="[39] /home/travis/build/icyphy/ptII/ptolemy/domains/de/test/auto/Modal4.xml (RunModel)" time="0.04" />
  <testcase classname="ptolemy.util.test.junit.AutoTests" name="[40] /home/travis/build/icyphy/ptII/ptolemy/domains/de/test/auto/Modal5.xml (RunModel)" time="0.033" />
  <testcase classname="ptolemy.util.test.junit.AutoTests" name="[41] /home/travis/build/icyphy/ptII/ptolemy/domains/de/test/auto/Modal6.xml (RunModel)" time="0.034" />
  <testcase classname="ptolemy.util.test.junit.AutoTests" name="[42] /home/travis/build/icyphy/ptII/ptolemy/domains/de/test/auto/Modal7.xml (RunModel)" time="0.032" />
  <testcase classname="ptolemy.util.test.junit.AutoTests" name="[43] /home/travis/build/icyphy/ptII/ptolemy/domains/de/test/auto/ModalModel.xml (RunModel)" time="0.191" />
  <testcase classname="ptolemy.util.test.junit.AutoTests" name="[44] /home/travis/build/icyphy/ptII/ptolemy/domains/de/test/auto/ModalSource.xml (RunModel)" time="0.02" />
  <testcase classname="ptolemy.util.test.junit.AutoTests" name="[45] /home/travis/build/icyphy/ptII/ptolemy/domains/de/test/auto/NonInterruptibleTimerZeroDelay.xml (RunModel)" time="0.011" />
  <testcase classname="ptolemy.util.test.junit.AutoTests" name="[46] /home/travis/build/icyphy/ptII/ptolemy/domains/de/test/auto/OpenQueueingNetwork.xml (RunModel)" time="2.827" />
  <testcase classname="ptolemy.util.test.junit.AutoTests" name="[47] /home/travis/build/icyphy/ptII/ptolemy/domains/de/test/auto/OpenQueuingNetwork.xml (RunModel)" time="0.333" />
  <testcase classname="ptolemy.util.test.junit.AutoTests" name="[48] /home/travis/build/icyphy/ptII/ptolemy/domains/de/test/auto/PeriodicSampler.xml (RunModel)" time="0.014" />
  <testcase classname="ptolemy.util.test.junit.AutoTests" name="[49] /home/travis/build/icyphy/ptII/ptolemy/domains/de/test/auto/PersistentIO.xml (RunModel)" time="0.02" />
  <testcase classname="ptolemy.util.test.junit.AutoTests" name="[50] /home/travis/build/icyphy/ptII/ptolemy/domains/de/test/auto/PortParameterResetOnInitialize.xml (RunModel)" time="0.009" />
  <testcase classname="ptolemy.util.test.junit.AutoTests" name="[51] /home/travis/build/icyphy/ptII/ptolemy/domains/de/test/auto/PortParameterUpdates.xml (RunModel)" time="0.025" />
  <testcase classname="ptolemy.util.test.junit.AutoTests" name="[52] /home/travis/build/icyphy/ptII/ptolemy/domains/de/test/auto/QueueAndServer.xml (RunModel)" time="0.022" />
  <testcase classname="ptolemy.util.test.junit.AutoTests" name="[53] /home/travis/build/icyphy/ptII/ptolemy/domains/de/test/auto/Records.xml (RunModel)" time="0.019" />
  <testcase classname="ptolemy.util.test.junit.AutoTests" name="[54] /home/travis/build/icyphy/ptII/ptolemy/domains/de/test/auto/ResetTransitionWithStartTime1.xml (RunModel)" time="0.024" />
  <testcase classname="ptolemy.util.test.junit.AutoTests" name="[55] /home/travis/build/icyphy/ptII/ptolemy/domains/de/test/auto/ResetTransitionWithStartTime2.xml (RunModel)" time="0.019" />
  <testcase classname="ptolemy.util.test.junit.AutoTests" name="[56] /home/travis/build/icyphy/ptII/ptolemy/domains/de/test/auto/ResetTransitionWithStartTime3.xml (RunModel)" time="0.019" />
  <testcase classname="ptolemy.util.test.junit.AutoTests" name="[57] /home/travis/build/icyphy/ptII/ptolemy/domains/de/test/auto/ResetTransitionWithStartTime4.xml (RunModel)" time="0.017" />
  <testcase classname="ptolemy.util.test.junit.AutoTests" name="[58] /home/travis/build/icyphy/ptII/ptolemy/domains/de/test/auto/ResettableTimer1.xml (RunModel)" time="0.01" />
  <testcase classname="ptolemy.util.test.junit.AutoTests" name="[59] /home/travis/build/icyphy/ptII/ptolemy/domains/de/test/auto/ResettableTimer2.xml (RunModel)" time="0.01" />
  <testcase classname="ptolemy.util.test.junit.AutoTests" name="[60] /home/travis/build/icyphy/ptII/ptolemy/domains/de/test/auto/ResettableTimer3.xml (RunModel)" time="0.008" />
  <testcase classname="ptolemy.util.test.junit.AutoTests" name="[61] /home/travis/build/icyphy/ptII/ptolemy/domains/de/test/auto/ResettableTimer4.xml (RunModel)" time="0.008" />
  <testcase classname="ptolemy.util.test.junit.AutoTests" name="[62] /home/travis/build/icyphy/ptII/ptolemy/domains/de/test/auto/ResettableTimer5.xml (RunModel)" time="0.01" />
  <testcase classname="ptolemy.util.test.junit.AutoTests" name="[63] /home/travis/build/icyphy/ptII/ptolemy/domains/de/test/auto/ResettableTimer6.xml (RunModel)" time="0.011" />
  <testcase classname="ptolemy.util.test.junit.AutoTests" name="[64] /home/travis/build/icyphy/ptII/ptolemy/domains/de/test/auto/ServerZeroDelay.xml (RunModel)" time="0.01" />
  <testcase classname="ptolemy.util.test.junit.AutoTests" name="[65] /home/travis/build/icyphy/ptII/ptolemy/domains/de/test/auto/SmartSender.xml (RunModel)" time="3.008" />
  <testcase classname="ptolemy.util.test.junit.AutoTests" name="[66] /home/travis/build/icyphy/ptII/ptolemy/domains/de/test/auto/ThreadedComposite.xml (RunModel)" time="0.233" />
  <testcase classname="ptolemy.util.test.junit.AutoTests" name="[67] /home/travis/build/icyphy/ptII/ptolemy/domains/de/test/auto/Time.xml (RunModel)" time="0.497" />
  <testcase classname="ptolemy.util.test.junit.AutoTests" name="[68] /home/travis/build/icyphy/ptII/ptolemy/domains/de/test/auto/TimeDelayZeroDelay.xml (RunModel)" time="0.013" />
  <testcase classname="ptolemy.util.test.junit.AutoTests" name="[69] /home/travis/build/icyphy/ptII/ptolemy/domains/de/test/auto/TimerZeroDelay.xml (RunModel)" time="0.012" />
  <testcase classname="ptolemy.util.test.junit.AutoTests" name="[70] /home/travis/build/icyphy/ptII/ptolemy/domains/de/test/auto/TimingParadox.xml (RunModel)" time="0.393" />
  <testcase classname="ptolemy.util.test.junit.AutoTests" name="[71] /home/travis/build/icyphy/ptII/ptolemy/domains/de/test/auto/TransferInputs.xml (RunModel)" time="0.01" />
  <testcase classname="ptolemy.util.test.junit.AutoTests" name="[72] /home/travis/build/icyphy/ptII/ptolemy/domains/de/test/auto/TransferOutputs2.xml (RunModel)" time="0.016" />
  <testcase classname="ptolemy.util.test.junit.AutoTests" name="[73] /home/travis/build/icyphy/ptII/ptolemy/domains/de/test/auto/Trilateration.xml (RunModel)" time="11.584" />
  <testcase classname="ptolemy.util.test.junit.AutoTests" name="[74] /home/travis/build/icyphy/ptII/ptolemy/domains/de/test/auto/TwoSigmaDelta.xml (RunModel)" time="2.43" />
  <testcase classname="ptolemy.util.test.junit.AutoTests" name="[75] /home/travis/build/icyphy/ptII/ptolemy/domains/de/test/auto/VariableDelay.xml (RunModel)" time="0.016" />
  <testcase classname="ptolemy.util.test.junit.AutoTests" name="[76] /home/travis/build/icyphy/ptII/ptolemy/domains/de/test/auto/VariableDelay2.xml (RunModel)" time="0.009" />
  <testcase classname="ptolemy.util.test.junit.AutoTests" name="[77] /home/travis/build/icyphy/ptII/ptolemy/domains/de/test/auto/VariableDelayZeroDelay.xml (RunModel)" time="0.011" />
  <testcase classname="ptolemy.util.test.junit.AutoTests" name="[78] /home/travis/build/icyphy/ptII/ptolemy/domains/de/test/auto/VariableDelayZeroDelay2.xml (RunModel)" time="0.015" />
  <testcase classname="ptolemy.util.test.junit.AutoTests" name="[79] /home/travis/build/icyphy/ptII/ptolemy/domains/de/test/auto/deInCt.xml (RunModel)" time="0.018" />
  <testcase classname="ptolemy.util.test.junit.AutoTests" name="[80] /home/travis/build/icyphy/ptII/ptolemy/domains/de/test/auto/deInCt2.xml (RunModel)" time="0.018" />
  <testcase classname="ptolemy.util.test.junit.AutoTests" name="[81] /home/travis/build/icyphy/ptII/ptolemy/domains/de/test/auto/dynamicCausalityInterface1.xml (RunModel)" time="0.02" />
  <testcase classname="ptolemy.util.test.junit.AutoTests" name="[82] /home/travis/build/icyphy/ptII/ptolemy/domains/de/test/auto/fsm_de_test.xml (RunModel)" time="0.026" />
  <testcase classname="ptolemy.util.test.junit.AutoTests" name="[83] /home/travis/build/icyphy/ptII/ptolemy/domains/de/test/auto/functionDependencyReconstruction.xml (RunModel)" time="0.035" />
  <testcase classname="ptolemy.util.test.junit.AutoTests" name="[84] /home/travis/build/icyphy/ptII/ptolemy/domains/de/test/auto/multirate.xml (RunModel)" time="0.016" />
  <testcase classname="ptolemy.util.test.junit.AutoTests" name="[85] /home/travis/build/icyphy/ptII/ptolemy/domains/de/test/auto/multirate2.xml (RunModel)" time="0.015" />
  <testcase classname="ptolemy.util.test.junit.AutoTests" name="[86] /home/travis/build/icyphy/ptII/ptolemy/domains/de/test/auto/realtime.xml (RunModel)" time="10.01" />
  <testcase classname="ptolemy.util.test.junit.AutoTests" name="[87] /home/travis/build/icyphy/ptII/ptolemy/domains/de/test/auto/relationGroup.xml (RunModel)" time="0.007" />
  <testcase classname="ptolemy.util.test.junit.AutoTests" name="[88] /home/travis/build/icyphy/ptII/ptolemy/domains/de/test/auto/relationGroup2.xml (RunModel)" time="0.008" />
  <testcase classname="ptolemy.util.test.junit.AutoTests" name="[89] /home/travis/build/icyphy/ptII/ptolemy/domains/de/test/auto/sortWithOpaquePorts.xml (RunModel)" time="0.008" />
  <testcase classname="ptolemy.util.test.junit.AutoTests" name="[90] /home/travis/build/icyphy/ptII/ptolemy/domains/de/test/auto/transferInputsandOutputs.xml (RunModel)" time="0.018" />
  <testcase classname="ptolemy.util.test.junit.AutoTests" name="[91] /home/travis/build/icyphy/ptII/ptolemy/domains/de/test/auto/triggerType.xml (RunModel)" time="0.011" />
  <system-out><![CDATA[/home/travis/build/icyphy/ptII/ptolemy/domains/de/test/DependencyLoop.tcl
testDefs.tcl: setting time out to 9000 seconds at Sat Apr 28 15:00:08 UTC 2018
20 ms. Memory: 116224K Free: 95144K (82%)
7 ms. Memory: 146944K Free: 137851K (94%)
/home/travis/build/icyphy/ptII/ptolemy/domains/de/test/RunDETestsAsQSS.tcl
Run the DE tests using ptolemy.domains.qss.test.QSSDirectorTest, which extends QSSDirector and prints a message in the constructors.
------------------ testing $PTII/ptolemy/domains/de/test/auto/knownFailedTests/dependencyLoop.xml (Known Failure) 
16 ms. Memory: 146944K Free: 133584K (91%)


==== $PTIIhome/travis/build/icyphy/ptII/ptolemy/domains/de/test/../../../../: Auto Automatic test in file $PTII/ptolemy/domains/de/test/auto/knownFailedTests/dependencyLoop.xml
==== Contents of test case:

	    # FIXME: we should use $relativeFilename here, but it
	    # might have backslashes under Windows, which causes no end
	    # of trouble.
	    createAndExecute $file
	    list {}
	
.... Test generated KNOWN error:
    while executing
ptolemy.kernel.util.IllegalActionException: Found a zero delay loop containing .dependencyLoop.original
  in .dependencyLoop and .dependencyLoop.original
	at ptolemy.actor.util.CausalityInterfaceForComposites._computeOutputPortDepth(CausalityInterfaceForComposites.java:759)
	at ptolemy.actor.util.CausalityInterfaceForComposites._computeInputDepth(CausalityInterfaceForComposites.java:696)
	at ptolemy.actor.util.CausalityInterfaceForComposites._computeOutputPortDepth(CausalityInterfaceForComposites.java:765)
	at ptolemy.actor.util.CausalityInterfaceForComposites._computeInputDepth(CausalityInterfaceForComposites.java:696)
	at ptolemy.actor.util.CausalityInterfaceForComposites._computeOutputPortDepth(CausalityInterfaceForComposites.java:765)
	at ptolemy.actor.util.CausalityInterfaceForComposites._computeInputDepth(CausalityInterfaceForComposites.java:696)
	at ptolemy.actor.util.CausalityInterfaceForComposites._computeActorDepth(CausalityInterfaceForComposites.java:532)
	at ptolemy.actor.util.CausalityInterfaceForComposites.checkForCycles(CausalityInterfaceForComposites.java:96)
	at ptolemy.domains.de.kernel.DEDirector.preinitialize(DEDirector.java:1337)
	at ptolemy.actor.CompositeActor.preinitialize(CompositeActor.java:1828)
	at ptolemy.actor.Manager.preinitializeAndResolveTypes(Manager.java:1040)
	at ptolemy.actor.Manager.initialize(Manager.java:710)
	at ptolemy.actor.Manager.execute(Manager.java:356)
	at ptolemy.actor.Manager.run(Manager.java:1263)
	at ptolemy.actor.Manager$PtolemyRunThread.run(Manager.java:1915)

    while executing
ptolemy.kernel.util.IllegalActionException: Found a zero delay loop containing .dependencyLoop.original
  in .dependencyLoop and .dependencyLoop.original
    while executing
"java::new ptolemy.moml.MoMLSimpleApplication $file
"
    (procedure "createAndExecute" line 2)
    invoked from within
"createAndExecute $file"
    ("uplevel" body line 5)
    invoked from within
"uplevel $contents_of_test"
------------------ testing $PTII/ptolemy/domains/de/test/auto/knownFailedTests/DESDFClockTest.xml (Known Failure) 
2066 ms. Memory: 146944K Free: 117825K (80%)


==== $PTIIhome/travis/build/icyphy/ptII/ptolemy/domains/de/test/../../../../: Auto Automatic test in file $PTII/ptolemy/domains/de/test/auto/knownFailedTests/DESDFClockTest.xml
==== Contents of test case:

	    # FIXME: we should use $relativeFilename here, but it
	    # might have backslashes under Windows, which causes no end
	    # of trouble.
	    createAndExecute $file
	    list {}
	
.... Test generated KNOWN error:
    while executing
ptolemy.kernel.util.IllegalActionException: Actor is not ready to fire.  Perhaps UpSample.prefire() returned false? Try debugging the actor by selecting "Listen to Actor".  Also, for SDF check moml for tokenConsumptionRate on input.
  in .DESDFClockTest.Play Bell.Copy1:SDF Director and .DESDFClockTest.Play Bell.UpSample
	at ptolemy.actor.sched.StaticSchedulingDirector.fire(StaticSchedulingDirector.java:227)
	at ptolemy.domains.sdf.kernel.SDFDirector.fire(SDFDirector.java:500)
	at ptolemy.actor.CompositeActor.fire(CompositeActor.java:455)
	at ptolemy.domains.de.kernel.DEDirector._fire(DEDirector.java:1948)
	at ptolemy.domains.de.kernel.DEDirector.fire(DEDirector.java:502)
	at ptolemy.actor.CompositeActor.fire(CompositeActor.java:455)
	at ptolemy.actor.Manager.iterate(Manager.java:851)
	at ptolemy.actor.Manager.execute(Manager.java:369)
	at ptolemy.actor.Manager.run(Manager.java:1263)
	at ptolemy.actor.Manager$PtolemyRunThread.run(Manager.java:1915)

    while executing
ptolemy.kernel.util.IllegalActionException: Actor is not ready to fire.  Perhaps UpSample.prefire() returned false? Try debugging the actor by selecting "Listen to Actor".  Also, for SDF check moml for tokenConsumptionRate on input.
  in .DESDFClockTest.Play Bell.Copy1:SDF Director and .DESDFClockTest.Play Bell.UpSample
    while executing
"java::new ptolemy.moml.MoMLSimpleApplication $file
"
    (procedure "createAndExecute" line 2)
    invoked from within
"createAndExecute $file"
    ("uplevel" body line 5)
    invoked from within
"uplevel $contents_of_test"
------------------ testing $PTII/ptolemy/domains/de/test/auto/knownFailedTests/FSMSource.xml (Known Failure) 
23 ms. Memory: 146944K Free: 108861K (74%)
!!!! Auto was marked as failing, but now passes
------------------ testing $PTII/ptolemy/domains/de/test/auto/knownFailedTests/dependencyLoop2.xml (Known Failure) 
8 ms. Memory: 146944K Free: 106978K (73%)


==== $PTIIhome/travis/build/icyphy/ptII/ptolemy/domains/de/test/../../../../: Auto Automatic test in file $PTII/ptolemy/domains/de/test/auto/knownFailedTests/dependencyLoop2.xml
==== Contents of test case:

	    # FIXME: we should use $relativeFilename here, but it
	    # might have backslashes under Windows, which causes no end
	    # of trouble.
	    createAndExecute $file
	    list {}
	
.... Test generated KNOWN error:
    while executing
ptolemy.kernel.util.IllegalActionException: Found a zero delay loop containing .dependencyLoop2.original
  in .dependencyLoop2 and .dependencyLoop2.original
	at ptolemy.actor.util.CausalityInterfaceForComposites._computeOutputPortDepth(CausalityInterfaceForComposites.java:759)
	at ptolemy.actor.util.CausalityInterfaceForComposites._computeInputDepth(CausalityInterfaceForComposites.java:696)
	at ptolemy.actor.util.CausalityInterfaceForComposites._computeOutputPortDepth(CausalityInterfaceForComposites.java:765)
	at ptolemy.actor.util.CausalityInterfaceForComposites._computeInputDepth(CausalityInterfaceForComposites.java:696)
	at ptolemy.actor.util.CausalityInterfaceForComposites._computeOutputPortDepth(CausalityInterfaceForComposites.java:765)
	at ptolemy.actor.util.CausalityInterfaceForComposites._computeInputDepth(CausalityInterfaceForComposites.java:696)
	at ptolemy.actor.util.CausalityInterfaceForComposites._computeActorDepth(CausalityInterfaceForComposites.java:532)
	at ptolemy.actor.util.CausalityInterfaceForComposites.checkForCycles(CausalityInterfaceForComposites.java:96)
	at ptolemy.domains.de.kernel.DEDirector.preinitialize(DEDirector.java:1337)
	at ptolemy.actor.CompositeActor.preinitialize(CompositeActor.java:1828)
	at ptolemy.actor.Manager.preinitializeAndResolveTypes(Manager.java:1040)
	at ptolemy.actor.Manager.initialize(Manager.java:710)
	at ptolemy.actor.Manager.execute(Manager.java:356)
	at ptolemy.actor.Manager.run(Manager.java:1263)
	at ptolemy.actor.Manager$PtolemyRunThread.run(Manager.java:1915)

    while executing
ptolemy.kernel.util.IllegalActionException: Found a zero delay loop containing .dependencyLoop2.original
  in .dependencyLoop2 and .dependencyLoop2.original
    while executing
"java::new ptolemy.moml.MoMLSimpleApplication $file
"
    (procedure "createAndExecute" line 2)
    invoked from within
"createAndExecute $file"
    ("uplevel" body line 5)
    invoked from within
"uplevel $contents_of_test"
------------------ testing $PTII/ptolemy/domains/de/test/auto/knownFailedTests/HierarchicalModel.xml (Known Failure) 
11 ms. Memory: 146944K Free: 85294K (58%)


==== $PTIIhome/travis/build/icyphy/ptII/ptolemy/domains/de/test/../../../../: Auto Automatic test in file $PTII/ptolemy/domains/de/test/auto/knownFailedTests/HierarchicalModel.xml
==== Contents of test case:

	    # FIXME: we should use $relativeFilename here, but it
	    # might have backslashes under Windows, which causes no end
	    # of trouble.
	    createAndExecute $file
	    list {}
	
.... Test generated KNOWN error:
    while executing
ptolemy.kernel.util.IllegalActionException: Found a zero delay loop containing .HierarchicalModel.A
  in .HierarchicalModel and .HierarchicalModel.A
	at ptolemy.actor.util.CausalityInterfaceForComposites._computeOutputPortDepth(CausalityInterfaceForComposites.java:759)
	at ptolemy.actor.util.CausalityInterfaceForComposites._computeInputDepth(CausalityInterfaceForComposites.java:696)
	at ptolemy.actor.util.CausalityInterfaceForComposites._computeOutputPortDepth(CausalityInterfaceForComposites.java:765)
	at ptolemy.actor.util.CausalityInterfaceForComposites._computeInputDepth(CausalityInterfaceForComposites.java:696)
	at ptolemy.actor.util.CausalityInterfaceForComposites._computeOutputPortDepth(CausalityInterfaceForComposites.java:765)
	at ptolemy.actor.util.CausalityInterfaceForComposites._computeInputDepth(CausalityInterfaceForComposites.java:696)
	at ptolemy.actor.util.CausalityInterfaceForComposites._computeActorDepth(CausalityInterfaceForComposites.java:532)
	at ptolemy.actor.util.CausalityInterfaceForComposites.checkForCycles(CausalityInterfaceForComposites.java:96)
	at ptolemy.domains.de.kernel.DEDirector.preinitialize(DEDirector.java:1337)
	at ptolemy.actor.CompositeActor.preinitialize(CompositeActor.java:1828)
	at ptolemy.actor.Manager.preinitializeAndResolveTypes(Manager.java:1040)
	at ptolemy.actor.Manager.initialize(Manager.java:710)
	at ptolemy.actor.Manager.execute(Manager.java:356)
	at ptolemy.actor.Manager.run(Manager.java:1263)
	at ptolemy.actor.Manager$PtolemyRunThread.run(Manager.java:1915)

    while executing
ptolemy.kernel.util.IllegalActionException: Found a zero delay loop containing .HierarchicalModel.A
  in .HierarchicalModel and .HierarchicalModel.A
    while executing
"java::new ptolemy.moml.MoMLSimpleApplication $file
"
    (procedure "createAndExecute" line 2)
    invoked from within
"createAndExecute $file"
    ("uplevel" body line 5)
    invoked from within
"uplevel $contents_of_test"
------------------ testing $PTII/ptolemy/domains/de/test/auto/knownFailedTests/DirectFeedback.xml (Known Failure) 
13 ms. Memory: 146944K Free: 142572K (97%)


==== $PTIIhome/travis/build/icyphy/ptII/ptolemy/domains/de/test/../../../../: Auto Automatic test in file $PTII/ptolemy/domains/de/test/auto/knownFailedTests/DirectFeedback.xml
==== Contents of test case:

	    # FIXME: we should use $relativeFilename here, but it
	    # might have backslashes under Windows, which causes no end
	    # of trouble.
	    createAndExecute $file
	    list {}
	
.... Test generated KNOWN error:
    while executing
ptolemy.kernel.util.IllegalActionException: Test fails in iteration 1.
Value was: 1.0. Should have been: 2.0
  in .DirectFeedback.Test
	at ptolemy.actor.lib.Test.fire(Test.java:268)
	at ptolemy.domains.de.kernel.DEDirector._fire(DEDirector.java:1948)
	at ptolemy.domains.de.kernel.DEDirector.fire(DEDirector.java:502)
	at ptolemy.actor.CompositeActor.fire(CompositeActor.java:455)
	at ptolemy.actor.Manager.iterate(Manager.java:851)
	at ptolemy.actor.Manager.execute(Manager.java:369)
	at ptolemy.actor.Manager.run(Manager.java:1263)
	at ptolemy.actor.Manager$PtolemyRunThread.run(Manager.java:1915)

    while executing
ptolemy.kernel.util.IllegalActionException: Test fails in iteration 1.
Value was: 1.0. Should have been: 2.0
  in .DirectFeedback.Test
    while executing
"java::new ptolemy.moml.MoMLSimpleApplication $file
"
    (procedure "createAndExecute" line 2)
    invoked from within
"createAndExecute $file"
    ("uplevel" body line 5)
    invoked from within
"uplevel $contents_of_test"
------------------ testing $PTII/ptolemy/domains/de/test/auto/ActorDepthCalculation_actorWithoutPorts.xml
auto.tcl: Setting watchdog for 200 seconds at Sat Apr 28 15:00:11 UTC 2018
6 ms. Memory: 146944K Free: 133653K (91%)
ptolemy.util.test.WatchDog.cancel(): canceling Sat Apr 28 15:00:11 UTC 2018
auto.tcl: Setting watchdog for 200 seconds at Sat Apr 28 15:00:11 UTC 2018
6 ms. Memory: 146944K Free: 131594K (90%)
ptolemy.util.test.WatchDog.cancel(): canceling Sat Apr 28 15:00:11 UTC 2018
------------------ testing $PTII/ptolemy/domains/de/test/auto/AssemblyLine.xml
auto.tcl: Setting watchdog for 200 seconds at Sat Apr 28 15:00:11 UTC 2018
19 ms. Memory: 208384K Free: 182851K (88%)
ptolemy.util.test.WatchDog.cancel(): canceling Sat Apr 28 15:00:12 UTC 2018
auto.tcl: Setting watchdog for 200 seconds at Sat Apr 28 15:00:12 UTC 2018
12 ms. Memory: 208384K Free: 182851K (88%)
ptolemy.util.test.WatchDog.cancel(): canceling Sat Apr 28 15:00:12 UTC 2018
------------------ testing $PTII/ptolemy/domains/de/test/auto/CQBug1.xml
auto.tcl: Setting watchdog for 200 seconds at Sat Apr 28 15:00:12 UTC 2018
9 ms. Memory: 208384K Free: 197724K (95%)
ptolemy.util.test.WatchDog.cancel(): canceling Sat Apr 28 15:00:12 UTC 2018
auto.tcl: Setting watchdog for 200 seconds at Sat Apr 28 15:00:12 UTC 2018
3 ms. Memory: 208384K Free: 197724K (95%)
ptolemy.util.test.WatchDog.cancel(): canceling Sat Apr 28 15:00:12 UTC 2018
------------------ testing $PTII/ptolemy/domains/de/test/auto/CancelFireAt.xml
auto.tcl: Setting watchdog for 200 seconds at Sat Apr 28 15:00:12 UTC 2018
31 ms. Memory: 208384K Free: 201108K (97%)
ptolemy.util.test.WatchDog.cancel(): canceling Sat Apr 28 15:00:12 UTC 2018
auto.tcl: Setting watchdog for 200 seconds at Sat Apr 28 15:00:12 UTC 2018
4 ms. Memory: 208384K Free: 199007K (96%)
ptolemy.util.test.WatchDog.cancel(): canceling Sat Apr 28 15:00:12 UTC 2018
------------------ testing $PTII/ptolemy/domains/de/test/auto/CausalityAndComposabilityAnalysis.xml
auto.tcl: Setting watchdog for 200 seconds at Sat Apr 28 15:00:12 UTC 2018
10 ms. Memory: 208384K Free: 196504K (94%)
ptolemy.util.test.WatchDog.cancel(): canceling Sat Apr 28 15:00:12 UTC 2018
auto.tcl: Setting watchdog for 200 seconds at Sat Apr 28 15:00:12 UTC 2018
7 ms. Memory: 208384K Free: 196504K (94%)
ptolemy.util.test.WatchDog.cancel(): canceling Sat Apr 28 15:00:12 UTC 2018
------------------ testing $PTII/ptolemy/domains/de/test/auto/CausalityInterface1.xml
auto.tcl: Setting watchdog for 200 seconds at Sat Apr 28 15:00:12 UTC 2018
17 ms. Memory: 208384K Free: 196441K (94%)
ptolemy.util.test.WatchDog.cancel(): canceling Sat Apr 28 15:00:12 UTC 2018
auto.tcl: Setting watchdog for 200 seconds at Sat Apr 28 15:00:12 UTC 2018
5 ms. Memory: 208384K Free: 196441K (94%)
ptolemy.util.test.WatchDog.cancel(): canceling Sat Apr 28 15:00:12 UTC 2018
------------------ testing $PTII/ptolemy/domains/de/test/auto/CausalityInterface15.xml
auto.tcl: Setting watchdog for 200 seconds at Sat Apr 28 15:00:12 UTC 2018
22 ms. Memory: 208384K Free: 196431K (94%)
ptolemy.util.test.WatchDog.cancel(): canceling Sat Apr 28 15:00:12 UTC 2018
auto.tcl: Setting watchdog for 200 seconds at Sat Apr 28 15:00:12 UTC 2018
9 ms. Memory: 208384K Free: 196431K (94%)
ptolemy.util.test.WatchDog.cancel(): canceling Sat Apr 28 15:00:12 UTC 2018
------------------ testing $PTII/ptolemy/domains/de/test/auto/CausalityInterface2.xml
auto.tcl: Setting watchdog for 200 seconds at Sat Apr 28 15:00:12 UTC 2018
8 ms. Memory: 208384K Free: 196416K (94%)
ptolemy.util.test.WatchDog.cancel(): canceling Sat Apr 28 15:00:12 UTC 2018
auto.tcl: Setting watchdog for 200 seconds at Sat Apr 28 15:00:12 UTC 2018
3 ms. Memory: 208384K Free: 196416K (94%)
ptolemy.util.test.WatchDog.cancel(): canceling Sat Apr 28 15:00:12 UTC 2018
------------------ testing $PTII/ptolemy/domains/de/test/auto/CausalityInterface3.xml
auto.tcl: Setting watchdog for 200 seconds at Sat Apr 28 15:00:12 UTC 2018
3 ms. Memory: 208384K Free: 196429K (94%)
ptolemy.util.test.WatchDog.cancel(): canceling Sat Apr 28 15:00:12 UTC 2018
auto.tcl: Setting watchdog for 200 seconds at Sat Apr 28 15:00:12 UTC 2018
5 ms. Memory: 208384K Free: 196429K (94%)
ptolemy.util.test.WatchDog.cancel(): canceling Sat Apr 28 15:00:12 UTC 2018
------------------ testing $PTII/ptolemy/domains/de/test/auto/ClockDrift.xml
auto.tcl: Setting watchdog for 200 seconds at Sat Apr 28 15:00:13 UTC 2018
117 ms. Memory: 208384K Free: 187659K (90%)
ptolemy.util.test.WatchDog.cancel(): canceling Sat Apr 28 15:00:13 UTC 2018
auto.tcl: Setting watchdog for 200 seconds at Sat Apr 28 15:00:13 UTC 2018
65 ms. Memory: 208384K Free: 185559K (89%)
ptolemy.util.test.WatchDog.cancel(): canceling Sat Apr 28 15:00:13 UTC 2018
------------------ testing $PTII/ptolemy/domains/de/test/auto/ClockDriftAndValueChange.xml
auto.tcl: Setting watchdog for 200 seconds at Sat Apr 28 15:00:13 UTC 2018
51 ms. Memory: 208384K Free: 187485K (90%)
ptolemy.util.test.WatchDog.cancel(): canceling Sat Apr 28 15:00:13 UTC 2018
auto.tcl: Setting watchdog for 200 seconds at Sat Apr 28 15:00:13 UTC 2018
38 ms. Memory: 208384K Free: 185385K (89%)
ptolemy.util.test.WatchDog.cancel(): canceling Sat Apr 28 15:00:13 UTC 2018
------------------ testing $PTII/ptolemy/domains/de/test/auto/ClockDriftChange.xml
auto.tcl: Setting watchdog for 200 seconds at Sat Apr 28 15:00:13 UTC 2018
33 ms. Memory: 208384K Free: 190813K (92%)
ptolemy.util.test.WatchDog.cancel(): canceling Sat Apr 28 15:00:13 UTC 2018
auto.tcl: Setting watchdog for 200 seconds at Sat Apr 28 15:00:13 UTC 2018
27 ms. Memory: 208384K Free: 188713K (91%)
ptolemy.util.test.WatchDog.cancel(): canceling Sat Apr 28 15:00:13 UTC 2018
------------------ testing $PTII/ptolemy/domains/de/test/auto/ComposableCausalityAnalysis.xml
auto.tcl: Setting watchdog for 200 seconds at Sat Apr 28 15:00:13 UTC 2018
3 ms. Memory: 208384K Free: 196281K (94%)
ptolemy.util.test.WatchDog.cancel(): canceling Sat Apr 28 15:00:13 UTC 2018
auto.tcl: Setting watchdog for 200 seconds at Sat Apr 28 15:00:13 UTC 2018
2 ms. Memory: 208384K Free: 194181K (93%)
ptolemy.util.test.WatchDog.cancel(): canceling Sat Apr 28 15:00:13 UTC 2018
------------------ testing $PTII/ptolemy/domains/de/test/auto/DEFixedPointLimitation.xml
auto.tcl: Setting watchdog for 200 seconds at Sat Apr 28 15:00:13 UTC 2018
3 ms. Memory: 208384K Free: 196362K (94%)
ptolemy.util.test.WatchDog.cancel(): canceling Sat Apr 28 15:00:13 UTC 2018
auto.tcl: Setting watchdog for 200 seconds at Sat Apr 28 15:00:13 UTC 2018
2 ms. Memory: 208384K Free: 196362K (94%)
ptolemy.util.test.WatchDog.cancel(): canceling Sat Apr 28 15:00:13 UTC 2018
------------------ testing $PTII/ptolemy/domains/de/test/auto/DEScheduleTest.xml
auto.tcl: Setting watchdog for 200 seconds at Sat Apr 28 15:00:13 UTC 2018
5 ms. Memory: 208384K Free: 198498K (95%)
ptolemy.util.test.WatchDog.cancel(): canceling Sat Apr 28 15:00:13 UTC 2018
auto.tcl: Setting watchdog for 200 seconds at Sat Apr 28 15:00:13 UTC 2018
6 ms. Memory: 208384K Free: 196398K (94%)
ptolemy.util.test.WatchDog.cancel(): canceling Sat Apr 28 15:00:13 UTC 2018
------------------ testing $PTII/ptolemy/domains/de/test/auto/DEinDEwithStartTimes.xml
auto.tcl: Setting watchdog for 200 seconds at Sat Apr 28 15:00:13 UTC 2018
4 ms. Memory: 208384K Free: 196367K (94%)
ptolemy.util.test.WatchDog.cancel(): canceling Sat Apr 28 15:00:13 UTC 2018
auto.tcl: Setting watchdog for 200 seconds at Sat Apr 28 15:00:13 UTC 2018
4 ms. Memory: 208384K Free: 194266K (93%)
ptolemy.util.test.WatchDog.cancel(): canceling Sat Apr 28 15:00:13 UTC 2018
------------------ testing $PTII/ptolemy/domains/de/test/auto/DEinDEwithStartTimes2.xml
auto.tcl: Setting watchdog for 200 seconds at Sat Apr 28 15:00:14 UTC 2018
9 ms. Memory: 208384K Free: 196345K (94%)
ptolemy.util.test.WatchDog.cancel(): canceling Sat Apr 28 15:00:14 UTC 2018
auto.tcl: Setting watchdog for 200 seconds at Sat Apr 28 15:00:14 UTC 2018
5 ms. Memory: 208384K Free: 194245K (93%)
ptolemy.util.test.WatchDog.cancel(): canceling Sat Apr 28 15:00:14 UTC 2018
------------------ testing $PTII/ptolemy/domains/de/test/auto/DateDemo.xml
auto.tcl: Setting watchdog for 200 seconds at Sat Apr 28 15:00:14 UTC 2018
8 ms. Memory: 208384K Free: 188781K (91%)
ptolemy.util.test.WatchDog.cancel(): canceling Sat Apr 28 15:00:14 UTC 2018
auto.tcl: Setting watchdog for 200 seconds at Sat Apr 28 15:00:14 UTC 2018
8 ms. Memory: 208384K Free: 186681K (90%)
ptolemy.util.test.WatchDog.cancel(): canceling Sat Apr 28 15:00:14 UTC 2018
------------------ testing $PTII/ptolemy/domains/de/test/auto/DateToEvent.xml
auto.tcl: Setting watchdog for 200 seconds at Sat Apr 28 15:00:14 UTC 2018
2019 ms. Memory: 208384K Free: 181038K (87%)
ptolemy.util.test.WatchDog.cancel(): canceling Sat Apr 28 15:00:16 UTC 2018
auto.tcl: Setting watchdog for 200 seconds at Sat Apr 28 15:00:16 UTC 2018
2007 ms. Memory: 208384K Free: 181038K (87%)
ptolemy.util.test.WatchDog.cancel(): canceling Sat Apr 28 15:00:18 UTC 2018
------------------ testing $PTII/ptolemy/domains/de/test/auto/DepthTest1.xml
auto.tcl: Setting watchdog for 200 seconds at Sat Apr 28 15:00:18 UTC 2018
2 ms. Memory: 208384K Free: 198025K (95%)
ptolemy.util.test.WatchDog.cancel(): canceling Sat Apr 28 15:00:18 UTC 2018
auto.tcl: Setting watchdog for 200 seconds at Sat Apr 28 15:00:18 UTC 2018
1 ms. Memory: 208384K Free: 198025K (95%)
ptolemy.util.test.WatchDog.cancel(): canceling Sat Apr 28 15:00:18 UTC 2018
------------------ testing $PTII/ptolemy/domains/de/test/auto/DepthTest2.xml
auto.tcl: Setting watchdog for 200 seconds at Sat Apr 28 15:00:18 UTC 2018
5 ms. Memory: 208384K Free: 194226K (93%)
ptolemy.util.test.WatchDog.cancel(): canceling Sat Apr 28 15:00:18 UTC 2018
auto.tcl: Setting watchdog for 200 seconds at Sat Apr 28 15:00:18 UTC 2018
3 ms. Memory: 208384K Free: 194226K (93%)
ptolemy.util.test.WatchDog.cancel(): canceling Sat Apr 28 15:00:18 UTC 2018
------------------ testing $PTII/ptolemy/domains/de/test/auto/DepthTest3.xml
auto.tcl: Setting watchdog for 200 seconds at Sat Apr 28 15:00:18 UTC 2018
6 ms. Memory: 208384K Free: 198359K (95%)
ptolemy.util.test.WatchDog.cancel(): canceling Sat Apr 28 15:00:18 UTC 2018
auto.tcl: Setting watchdog for 200 seconds at Sat Apr 28 15:00:18 UTC 2018
1 ms. Memory: 208384K Free: 198359K (95%)
ptolemy.util.test.WatchDog.cancel(): canceling Sat Apr 28 15:00:18 UTC 2018
------------------ testing $PTII/ptolemy/domains/de/test/auto/DepthTest4.xml
auto.tcl: Setting watchdog for 200 seconds at Sat Apr 28 15:00:18 UTC 2018
3 ms. Memory: 208384K Free: 196345K (94%)
ptolemy.util.test.WatchDog.cancel(): canceling Sat Apr 28 15:00:18 UTC 2018
auto.tcl: Setting watchdog for 200 seconds at Sat Apr 28 15:00:18 UTC 2018
2 ms. Memory: 208384K Free: 196345K (94%)
ptolemy.util.test.WatchDog.cancel(): canceling Sat Apr 28 15:00:18 UTC 2018
------------------ testing $PTII/ptolemy/domains/de/test/auto/DepthTest5.xml
auto.tcl: Setting watchdog for 200 seconds at Sat Apr 28 15:00:18 UTC 2018
7 ms. Memory: 208384K Free: 196293K (94%)
ptolemy.util.test.WatchDog.cancel(): canceling Sat Apr 28 15:00:18 UTC 2018
auto.tcl: Setting watchdog for 200 seconds at Sat Apr 28 15:00:18 UTC 2018
2 ms. Memory: 208384K Free: 196293K (94%)
ptolemy.util.test.WatchDog.cancel(): canceling Sat Apr 28 15:00:18 UTC 2018
------------------ testing $PTII/ptolemy/domains/de/test/auto/DepthTest6.xml
auto.tcl: Setting watchdog for 200 seconds at Sat Apr 28 15:00:18 UTC 2018
7 ms. Memory: 208384K Free: 196592K (94%)
ptolemy.util.test.WatchDog.cancel(): canceling Sat Apr 28 15:00:18 UTC 2018
auto.tcl: Setting watchdog for 200 seconds at Sat Apr 28 15:00:18 UTC 2018
2 ms. Memory: 208384K Free: 196592K (94%)
ptolemy.util.test.WatchDog.cancel(): canceling Sat Apr 28 15:00:18 UTC 2018
------------------ testing $PTII/ptolemy/domains/de/test/auto/DepthTest7.xml
auto.tcl: Setting watchdog for 200 seconds at Sat Apr 28 15:00:18 UTC 2018
7 ms. Memory: 208384K Free: 196250K (94%)
ptolemy.util.test.WatchDog.cancel(): canceling Sat Apr 28 15:00:18 UTC 2018
auto.tcl: Setting watchdog for 200 seconds at Sat Apr 28 15:00:18 UTC 2018
3 ms. Memory: 208384K Free: 196250K (94%)
ptolemy.util.test.WatchDog.cancel(): canceling Sat Apr 28 15:00:18 UTC 2018
------------------ testing $PTII/ptolemy/domains/de/test/auto/EventToDate.xml
auto.tcl: Setting watchdog for 200 seconds at Sat Apr 28 15:00:18 UTC 2018
3013 ms. Memory: 208384K Free: 183312K (88%)
ptolemy.util.test.WatchDog.cancel(): canceling Sat Apr 28 15:00:22 UTC 2018
auto.tcl: Setting watchdog for 200 seconds at Sat Apr 28 15:00:22 UTC 2018
3005 ms. Memory: 208384K Free: 183312K (88%)
ptolemy.util.test.WatchDog.cancel(): canceling Sat Apr 28 15:00:25 UTC 2018
------------------ testing $PTII/ptolemy/domains/de/test/auto/FSM1.xml
auto.tcl: Setting watchdog for 200 seconds at Sat Apr 28 15:00:25 UTC 2018
18 ms. Memory: 208384K Free: 189302K (91%)
ptolemy.util.test.WatchDog.cancel(): canceling Sat Apr 28 15:00:25 UTC 2018
auto.tcl: Setting watchdog for 200 seconds at Sat Apr 28 15:00:25 UTC 2018
16 ms. Memory: 208384K Free: 185101K (89%)
ptolemy.util.test.WatchDog.cancel(): canceling Sat Apr 28 15:00:25 UTC 2018
------------------ testing $PTII/ptolemy/domains/de/test/auto/FSM7.xml
auto.tcl: Setting watchdog for 200 seconds at Sat Apr 28 15:00:25 UTC 2018
23 ms. Memory: 208384K Free: 187406K (90%)
ptolemy.util.test.WatchDog.cancel(): canceling Sat Apr 28 15:00:25 UTC 2018
auto.tcl: Setting watchdog for 200 seconds at Sat Apr 28 15:00:25 UTC 2018
27 ms. Memory: 208384K Free: 185306K (89%)
ptolemy.util.test.WatchDog.cancel(): canceling Sat Apr 28 15:00:25 UTC 2018
------------------ testing $PTII/ptolemy/domains/de/test/auto/Inspection.xml
auto.tcl: Setting watchdog for 200 seconds at Sat Apr 28 15:00:25 UTC 2018
43 ms. Memory: 208384K Free: 188621K (91%)
ptolemy.util.test.WatchDog.cancel(): canceling Sat Apr 28 15:00:25 UTC 2018
auto.tcl: Setting watchdog for 200 seconds at Sat Apr 28 15:00:25 UTC 2018
27 ms. Memory: 208384K Free: 186520K (90%)
ptolemy.util.test.WatchDog.cancel(): canceling Sat Apr 28 15:00:25 UTC 2018
------------------ testing $PTII/ptolemy/domains/de/test/auto/Iteration.xml
auto.tcl: Setting watchdog for 200 seconds at Sat Apr 28 15:00:25 UTC 2018
11 ms. Memory: 208384K Free: 193959K (93%)
ptolemy.util.test.WatchDog.cancel(): canceling Sat Apr 28 15:00:25 UTC 2018
auto.tcl: Setting watchdog for 200 seconds at Sat Apr 28 15:00:25 UTC 2018
10 ms. Memory: 208384K Free: 193959K (93%)
ptolemy.util.test.WatchDog.cancel(): canceling Sat Apr 28 15:00:25 UTC 2018
------------------ testing $PTII/ptolemy/domains/de/test/auto/LineFault.xml
auto.tcl: Setting watchdog for 200 seconds at Sat Apr 28 15:00:25 UTC 2018
793 ms. Memory: 208384K Free: 196187K (94%)
ptolemy.util.test.WatchDog.cancel(): canceling Sat Apr 28 15:00:26 UTC 2018
auto.tcl: Setting watchdog for 200 seconds at Sat Apr 28 15:00:26 UTC 2018
751 ms. Memory: 208384K Free: 138847K (67%)
ptolemy.util.test.WatchDog.cancel(): canceling Sat Apr 28 15:00:27 UTC 2018
------------------ testing $PTII/ptolemy/domains/de/test/auto/MergeModel1Add.xml
auto.tcl: Setting watchdog for 200 seconds at Sat Apr 28 15:00:27 UTC 2018
24 ms. Memory: 331264K Free: 302821K (91%)
ptolemy.util.test.WatchDog.cancel(): canceling Sat Apr 28 15:00:27 UTC 2018
auto.tcl: Setting watchdog for 200 seconds at Sat Apr 28 15:00:27 UTC 2018
19 ms. Memory: 331264K Free: 298873K (90%)
ptolemy.util.test.WatchDog.cancel(): canceling Sat Apr 28 15:00:27 UTC 2018
------------------ testing $PTII/ptolemy/domains/de/test/auto/MergeModel2Add.xml
auto.tcl: Setting watchdog for 200 seconds at Sat Apr 28 15:00:27 UTC 2018
9 ms. Memory: 331264K Free: 304157K (92%)
ptolemy.util.test.WatchDog.cancel(): canceling Sat Apr 28 15:00:27 UTC 2018
auto.tcl: Setting watchdog for 200 seconds at Sat Apr 28 15:00:27 UTC 2018
9 ms. Memory: 331264K Free: 300209K (91%)
ptolemy.util.test.WatchDog.cancel(): canceling Sat Apr 28 15:00:27 UTC 2018
------------------ testing $PTII/ptolemy/domains/de/test/auto/MergeModel3Add.xml
auto.tcl: Setting watchdog for 200 seconds at Sat Apr 28 15:00:27 UTC 2018
15 ms. Memory: 331264K Free: 304167K (92%)
ptolemy.util.test.WatchDog.cancel(): canceling Sat Apr 28 15:00:28 UTC 2018
auto.tcl: Setting watchdog for 200 seconds at Sat Apr 28 15:00:28 UTC 2018
13 ms. Memory: 331264K Free: 300219K (91%)
ptolemy.util.test.WatchDog.cancel(): canceling Sat Apr 28 15:00:28 UTC 2018
------------------ testing $PTII/ptolemy/domains/de/test/auto/MergeWithoutDiscard.xml
auto.tcl: Setting watchdog for 200 seconds at Sat Apr 28 15:00:28 UTC 2018
6 ms. Memory: 331264K Free: 316008K (95%)
ptolemy.util.test.WatchDog.cancel(): canceling Sat Apr 28 15:00:28 UTC 2018
auto.tcl: Setting watchdog for 200 seconds at Sat Apr 28 15:00:28 UTC 2018
1 ms. Memory: 331264K Free: 316008K (95%)
ptolemy.util.test.WatchDog.cancel(): canceling Sat Apr 28 15:00:28 UTC 2018
------------------ testing $PTII/ptolemy/domains/de/test/auto/Modal1.xml
auto.tcl: Setting watchdog for 200 seconds at Sat Apr 28 15:00:28 UTC 2018
15 ms. Memory: 331264K Free: 309908K (94%)
ptolemy.util.test.WatchDog.cancel(): canceling Sat Apr 28 15:00:28 UTC 2018
auto.tcl: Setting watchdog for 200 seconds at Sat Apr 28 15:00:28 UTC 2018
14 ms. Memory: 331264K Free: 305960K (92%)
ptolemy.util.test.WatchDog.cancel(): canceling Sat Apr 28 15:00:28 UTC 2018
------------------ testing $PTII/ptolemy/domains/de/test/auto/Modal2.xml
auto.tcl: Setting watchdog for 200 seconds at Sat Apr 28 15:00:28 UTC 2018
19 ms. Memory: 331264K Free: 309774K (94%)
ptolemy.util.test.WatchDog.cancel(): canceling Sat Apr 28 15:00:28 UTC 2018
auto.tcl: Setting watchdog for 200 seconds at Sat Apr 28 15:00:28 UTC 2018
19 ms. Memory: 331264K Free: 305826K (92%)
ptolemy.util.test.WatchDog.cancel(): canceling Sat Apr 28 15:00:28 UTC 2018
------------------ testing $PTII/ptolemy/domains/de/test/auto/Modal3.xml
auto.tcl: Setting watchdog for 200 seconds at Sat Apr 28 15:00:28 UTC 2018
12 ms. Memory: 331264K Free: 309780K (94%)
ptolemy.util.test.WatchDog.cancel(): canceling Sat Apr 28 15:00:28 UTC 2018
auto.tcl: Setting watchdog for 200 seconds at Sat Apr 28 15:00:28 UTC 2018
12 ms. Memory: 331264K Free: 305832K (92%)
ptolemy.util.test.WatchDog.cancel(): canceling Sat Apr 28 15:00:28 UTC 2018
------------------ testing $PTII/ptolemy/domains/de/test/auto/Modal4.xml
auto.tcl: Setting watchdog for 200 seconds at Sat Apr 28 15:00:28 UTC 2018
14 ms. Memory: 331264K Free: 309786K (94%)
ptolemy.util.test.WatchDog.cancel(): canceling Sat Apr 28 15:00:28 UTC 2018
auto.tcl: Setting watchdog for 200 seconds at Sat Apr 28 15:00:28 UTC 2018
16 ms. Memory: 331264K Free: 305838K (92%)
ptolemy.util.test.WatchDog.cancel(): canceling Sat Apr 28 15:00:28 UTC 2018
------------------ testing $PTII/ptolemy/domains/de/test/auto/Modal5.xml
auto.tcl: Setting watchdog for 200 seconds at Sat Apr 28 15:00:28 UTC 2018
16 ms. Memory: 331264K Free: 309774K (94%)
ptolemy.util.test.WatchDog.cancel(): canceling Sat Apr 28 15:00:28 UTC 2018
auto.tcl: Setting watchdog for 200 seconds at Sat Apr 28 15:00:28 UTC 2018
15 ms. Memory: 331264K Free: 305827K (92%)
ptolemy.util.test.WatchDog.cancel(): canceling Sat Apr 28 15:00:28 UTC 2018
------------------ testing $PTII/ptolemy/domains/de/test/auto/Modal6.xml
auto.tcl: Setting watchdog for 200 seconds at Sat Apr 28 15:00:28 UTC 2018
15 ms. Memory: 331264K Free: 309769K (94%)
ptolemy.util.test.WatchDog.cancel(): canceling Sat Apr 28 15:00:28 UTC 2018
auto.tcl: Setting watchdog for 200 seconds at Sat Apr 28 15:00:28 UTC 2018
17 ms. Memory: 331264K Free: 305822K (92%)
ptolemy.util.test.WatchDog.cancel(): canceling Sat Apr 28 15:00:28 UTC 2018
------------------ testing $PTII/ptolemy/domains/de/test/auto/Modal7.xml
auto.tcl: Setting watchdog for 200 seconds at Sat Apr 28 15:00:28 UTC 2018
16 ms. Memory: 331264K Free: 309770K (94%)
ptolemy.util.test.WatchDog.cancel(): canceling Sat Apr 28 15:00:28 UTC 2018
auto.tcl: Setting watchdog for 200 seconds at Sat Apr 28 15:00:28 UTC 2018
14 ms. Memory: 331264K Free: 305822K (92%)
ptolemy.util.test.WatchDog.cancel(): canceling Sat Apr 28 15:00:28 UTC 2018
------------------ testing $PTII/ptolemy/domains/de/test/auto/ModalModel.xml
auto.tcl: Setting watchdog for 200 seconds at Sat Apr 28 15:00:29 UTC 2018
222 ms. Memory: 331264K Free: 246284K (74%)
ptolemy.util.test.WatchDog.cancel(): canceling Sat Apr 28 15:00:29 UTC 2018
auto.tcl: Setting watchdog for 200 seconds at Sat Apr 28 15:00:29 UTC 2018
237 ms. Memory: 331264K Free: 190927K (58%)
ptolemy.util.test.WatchDog.cancel(): canceling Sat Apr 28 15:00:29 UTC 2018
------------------ testing $PTII/ptolemy/domains/de/test/auto/ModalSource.xml
auto.tcl: Setting watchdog for 200 seconds at Sat Apr 28 15:00:29 UTC 2018
13 ms. Memory: 331264K Free: 316540K (96%)
ptolemy.util.test.WatchDog.cancel(): canceling Sat Apr 28 15:00:29 UTC 2018
auto.tcl: Setting watchdog for 200 seconds at Sat Apr 28 15:00:29 UTC 2018
12 ms. Memory: 331264K Free: 313024K (94%)
ptolemy.util.test.WatchDog.cancel(): canceling Sat Apr 28 15:00:29 UTC 2018
------------------ testing $PTII/ptolemy/domains/de/test/auto/NonInterruptibleTimerZeroDelay.xml
auto.tcl: Setting watchdog for 200 seconds at Sat Apr 28 15:00:29 UTC 2018
4 ms. Memory: 331264K Free: 320908K (97%)
ptolemy.util.test.WatchDog.cancel(): canceling Sat Apr 28 15:00:29 UTC 2018
auto.tcl: Setting watchdog for 200 seconds at Sat Apr 28 15:00:29 UTC 2018
1 ms. Memory: 331264K Free: 317376K (96%)
ptolemy.util.test.WatchDog.cancel(): canceling Sat Apr 28 15:00:29 UTC 2018
------------------ testing $PTII/ptolemy/domains/de/test/auto/OpenQueueingNetwork.xml
auto.tcl: Setting watchdog for 200 seconds at Sat Apr 28 15:00:29 UTC 2018
3731 ms. Memory: 317952K Free: 164856K (52%)
ptolemy.util.test.WatchDog.cancel(): canceling Sat Apr 28 15:00:33 UTC 2018
auto.tcl: Setting watchdog for 200 seconds at Sat Apr 28 15:00:33 UTC 2018
2716 ms. Memory: 287232K Free: 255453K (89%)
ptolemy.util.test.WatchDog.cancel(): canceling Sat Apr 28 15:00:36 UTC 2018
------------------ testing $PTII/ptolemy/domains/de/test/auto/OpenQueuingNetwork.xml
auto.tcl: Setting watchdog for 200 seconds at Sat Apr 28 15:00:36 UTC 2018
303 ms. Memory: 287232K Free: 187420K (65%)
ptolemy.util.test.WatchDog.cancel(): canceling Sat Apr 28 15:00:36 UTC 2018
auto.tcl: Setting watchdog for 200 seconds at Sat Apr 28 15:00:36 UTC 2018
278 ms. Memory: 287232K Free: 129915K (45%)
ptolemy.util.test.WatchDog.cancel(): canceling Sat Apr 28 15:00:37 UTC 2018
------------------ testing $PTII/ptolemy/domains/de/test/auto/PeriodicSampler.xml
auto.tcl: Setting watchdog for 200 seconds at Sat Apr 28 15:00:37 UTC 2018
2 ms. Memory: 289792K Free: 277764K (96%)
ptolemy.util.test.WatchDog.cancel(): canceling Sat Apr 28 15:00:37 UTC 2018
auto.tcl: Setting watchdog for 200 seconds at Sat Apr 28 15:00:37 UTC 2018
2 ms. Memory: 289792K Free: 274854K (95%)
ptolemy.util.test.WatchDog.cancel(): canceling Sat Apr 28 15:00:37 UTC 2018
------------------ testing $PTII/ptolemy/domains/de/test/auto/PersistentIO.xml
auto.tcl: Setting watchdog for 200 seconds at Sat Apr 28 15:00:37 UTC 2018
8 ms. Memory: 287232K Free: 267048K (93%)
ptolemy.util.test.WatchDog.cancel(): canceling Sat Apr 28 15:00:37 UTC 2018
auto.tcl: Setting watchdog for 200 seconds at Sat Apr 28 15:00:37 UTC 2018
5 ms. Memory: 287232K Free: 267048K (93%)
ptolemy.util.test.WatchDog.cancel(): canceling Sat Apr 28 15:00:37 UTC 2018
------------------ testing $PTII/ptolemy/domains/de/test/auto/PortParameterResetOnInitialize.xml
auto.tcl: Setting watchdog for 200 seconds at Sat Apr 28 15:00:37 UTC 2018
3 ms. Memory: 289280K Free: 274802K (95%)
ptolemy.util.test.WatchDog.cancel(): canceling Sat Apr 28 15:00:37 UTC 2018
auto.tcl: Setting watchdog for 200 seconds at Sat Apr 28 15:00:37 UTC 2018
2 ms. Memory: 289280K Free: 274802K (95%)
ptolemy.util.test.WatchDog.cancel(): canceling Sat Apr 28 15:00:37 UTC 2018
------------------ testing $PTII/ptolemy/domains/de/test/auto/PortParameterUpdates.xml
auto.tcl: Setting watchdog for 200 seconds at Sat Apr 28 15:00:37 UTC 2018
11 ms. Memory: 287232K Free: 272872K (95%)
ptolemy.util.test.WatchDog.cancel(): canceling Sat Apr 28 15:00:37 UTC 2018
auto.tcl: Setting watchdog for 200 seconds at Sat Apr 28 15:00:37 UTC 2018
4 ms. Memory: 287232K Free: 269961K (94%)
ptolemy.util.test.WatchDog.cancel(): canceling Sat Apr 28 15:00:37 UTC 2018
------------------ testing $PTII/ptolemy/domains/de/test/auto/QueueAndServer.xml
auto.tcl: Setting watchdog for 200 seconds at Sat Apr 28 15:00:37 UTC 2018
8 ms. Memory: 289280K Free: 271880K (94%)
ptolemy.util.test.WatchDog.cancel(): canceling Sat Apr 28 15:00:37 UTC 2018
auto.tcl: Setting watchdog for 200 seconds at Sat Apr 28 15:00:37 UTC 2018
7 ms. Memory: 289280K Free: 271880K (94%)
ptolemy.util.test.WatchDog.cancel(): canceling Sat Apr 28 15:00:37 UTC 2018
------------------ testing $PTII/ptolemy/domains/de/test/auto/Records.xml
auto.tcl: Setting watchdog for 200 seconds at Sat Apr 28 15:00:37 UTC 2018
6 ms. Memory: 287232K Free: 272692K (95%)
ptolemy.util.test.WatchDog.cancel(): canceling Sat Apr 28 15:00:37 UTC 2018
auto.tcl: Setting watchdog for 200 seconds at Sat Apr 28 15:00:37 UTC 2018
2 ms. Memory: 287232K Free: 272692K (95%)
ptolemy.util.test.WatchDog.cancel(): canceling Sat Apr 28 15:00:37 UTC 2018
------------------ testing $PTII/ptolemy/domains/de/test/auto/ResetTransitionWithStartTime1.xml
auto.tcl: Setting watchdog for 200 seconds at Sat Apr 28 15:00:37 UTC 2018
9 ms. Memory: 288768K Free: 273383K (95%)
ptolemy.util.test.WatchDog.cancel(): canceling Sat Apr 28 15:00:37 UTC 2018
auto.tcl: Setting watchdog for 200 seconds at Sat Apr 28 15:00:37 UTC 2018
8 ms. Memory: 288768K Free: 270457K (94%)
ptolemy.util.test.WatchDog.cancel(): canceling Sat Apr 28 15:00:37 UTC 2018
------------------ testing $PTII/ptolemy/domains/de/test/auto/ResetTransitionWithStartTime2.xml
auto.tcl: Setting watchdog for 200 seconds at Sat Apr 28 15:00:37 UTC 2018
6 ms. Memory: 287232K Free: 271924K (95%)
ptolemy.util.test.WatchDog.cancel(): canceling Sat Apr 28 15:00:37 UTC 2018
auto.tcl: Setting watchdog for 200 seconds at Sat Apr 28 15:00:37 UTC 2018
10 ms. Memory: 287232K Free: 268998K (94%)
ptolemy.util.test.WatchDog.cancel(): canceling Sat Apr 28 15:00:37 UTC 2018
------------------ testing $PTII/ptolemy/domains/de/test/auto/ResetTransitionWithStartTime3.xml
auto.tcl: Setting watchdog for 200 seconds at Sat Apr 28 15:00:37 UTC 2018
9 ms. Memory: 288768K Free: 271300K (94%)
ptolemy.util.test.WatchDog.cancel(): canceling Sat Apr 28 15:00:37 UTC 2018
auto.tcl: Setting watchdog for 200 seconds at Sat Apr 28 15:00:37 UTC 2018
10 ms. Memory: 288768K Free: 268389K (93%)
ptolemy.util.test.WatchDog.cancel(): canceling Sat Apr 28 15:00:37 UTC 2018
------------------ testing $PTII/ptolemy/domains/de/test/auto/ResetTransitionWithStartTime4.xml
auto.tcl: Setting watchdog for 200 seconds at Sat Apr 28 15:00:37 UTC 2018
4 ms. Memory: 287232K Free: 271836K (95%)
ptolemy.util.test.WatchDog.cancel(): canceling Sat Apr 28 15:00:37 UTC 2018
auto.tcl: Setting watchdog for 200 seconds at Sat Apr 28 15:00:37 UTC 2018
4 ms. Memory: 287232K Free: 271836K (95%)
ptolemy.util.test.WatchDog.cancel(): canceling Sat Apr 28 15:00:37 UTC 2018
------------------ testing $PTII/ptolemy/domains/de/test/auto/ResettableTimer1.xml
auto.tcl: Setting watchdog for 200 seconds at Sat Apr 28 15:00:37 UTC 2018
4 ms. Memory: 288768K Free: 276278K (96%)
ptolemy.util.test.WatchDog.cancel(): canceling Sat Apr 28 15:00:37 UTC 2018
auto.tcl: Setting watchdog for 200 seconds at Sat Apr 28 15:00:37 UTC 2018
2 ms. Memory: 288768K Free: 276278K (96%)
ptolemy.util.test.WatchDog.cancel(): canceling Sat Apr 28 15:00:37 UTC 2018
------------------ testing $PTII/ptolemy/domains/de/test/auto/ResettableTimer2.xml
auto.tcl: Setting watchdog for 200 seconds at Sat Apr 28 15:00:37 UTC 2018
4 ms. Memory: 287232K Free: 274917K (96%)
ptolemy.util.test.WatchDog.cancel(): canceling Sat Apr 28 15:00:37 UTC 2018
auto.tcl: Setting watchdog for 200 seconds at Sat Apr 28 15:00:37 UTC 2018
3 ms. Memory: 287232K Free: 274917K (96%)
ptolemy.util.test.WatchDog.cancel(): canceling Sat Apr 28 15:00:37 UTC 2018
------------------ testing $PTII/ptolemy/domains/de/test/auto/ResettableTimer3.xml
auto.tcl: Setting watchdog for 200 seconds at Sat Apr 28 15:00:37 UTC 2018
3 ms. Memory: 288256K Free: 275824K (96%)
ptolemy.util.test.WatchDog.cancel(): canceling Sat Apr 28 15:00:38 UTC 2018
auto.tcl: Setting watchdog for 200 seconds at Sat Apr 28 15:00:38 UTC 2018
1 ms. Memory: 288256K Free: 275824K (96%)
ptolemy.util.test.WatchDog.cancel(): canceling Sat Apr 28 15:00:38 UTC 2018
------------------ testing $PTII/ptolemy/domains/de/test/auto/ResettableTimer4.xml
auto.tcl: Setting watchdog for 200 seconds at Sat Apr 28 15:00:38 UTC 2018
1 ms. Memory: 287232K Free: 274913K (96%)
ptolemy.util.test.WatchDog.cancel(): canceling Sat Apr 28 15:00:38 UTC 2018
auto.tcl: Setting watchdog for 200 seconds at Sat Apr 28 15:00:38 UTC 2018
1 ms. Memory: 287232K Free: 274913K (96%)
ptolemy.util.test.WatchDog.cancel(): canceling Sat Apr 28 15:00:38 UTC 2018
------------------ testing $PTII/ptolemy/domains/de/test/auto/ResettableTimer5.xml
auto.tcl: Setting watchdog for 200 seconds at Sat Apr 28 15:00:38 UTC 2018
2 ms. Memory: 288256K Free: 273893K (95%)
ptolemy.util.test.WatchDog.cancel(): canceling Sat Apr 28 15:00:38 UTC 2018
auto.tcl: Setting watchdog for 200 seconds at Sat Apr 28 15:00:38 UTC 2018
1 ms. Memory: 288256K Free: 273893K (95%)
ptolemy.util.test.WatchDog.cancel(): canceling Sat Apr 28 15:00:38 UTC 2018
------------------ testing $PTII/ptolemy/domains/de/test/auto/ResettableTimer6.xml
auto.tcl: Setting watchdog for 200 seconds at Sat Apr 28 15:00:38 UTC 2018
2 ms. Memory: 287232K Free: 272717K (95%)
ptolemy.util.test.WatchDog.cancel(): canceling Sat Apr 28 15:00:38 UTC 2018
auto.tcl: Setting watchdog for 200 seconds at Sat Apr 28 15:00:38 UTC 2018
2 ms. Memory: 287232K Free: 272717K (95%)
ptolemy.util.test.WatchDog.cancel(): canceling Sat Apr 28 15:00:38 UTC 2018
------------------ testing $PTII/ptolemy/domains/de/test/auto/ServerZeroDelay.xml
auto.tcl: Setting watchdog for 200 seconds at Sat Apr 28 15:00:38 UTC 2018
7 ms. Memory: 288256K Free: 275883K (96%)
ptolemy.util.test.WatchDog.cancel(): canceling Sat Apr 28 15:00:38 UTC 2018
auto.tcl: Setting watchdog for 200 seconds at Sat Apr 28 15:00:38 UTC 2018
3 ms. Memory: 288256K Free: 275883K (96%)
ptolemy.util.test.WatchDog.cancel(): canceling Sat Apr 28 15:00:38 UTC 2018
------------------ testing $PTII/ptolemy/domains/de/test/auto/SmartSender.xml
auto.tcl: Setting watchdog for 200 seconds at Sat Apr 28 15:00:38 UTC 2018
3001 ms. Memory: 287232K Free: 272788K (95%)
ptolemy.util.test.WatchDog.cancel(): canceling Sat Apr 28 15:00:41 UTC 2018
auto.tcl: Setting watchdog for 200 seconds at Sat Apr 28 15:00:41 UTC 2018
3002 ms. Memory: 287232K Free: 272788K (95%)
ptolemy.util.test.WatchDog.cancel(): canceling Sat Apr 28 15:00:44 UTC 2018
------------------ testing $PTII/ptolemy/domains/de/test/auto/ThreadedComposite.xml
auto.tcl: Setting watchdog for 200 seconds at Sat Apr 28 15:00:44 UTC 2018
269 ms. Memory: 288256K Free: 252626K (88%)
ptolemy.util.test.WatchDog.cancel(): canceling Sat Apr 28 15:00:44 UTC 2018
auto.tcl: Setting watchdog for 200 seconds at Sat Apr 28 15:00:44 UTC 2018
265 ms. Memory: 288256K Free: 234455K (81%)
ptolemy.util.test.WatchDog.cancel(): canceling Sat Apr 28 15:00:44 UTC 2018
------------------ testing $PTII/ptolemy/domains/de/test/auto/Time.xml
auto.tcl: Setting watchdog for 200 seconds at Sat Apr 28 15:00:45 UTC 2018
666 ms. Memory: 287232K Free: 223021K (78%)
ptolemy.util.test.WatchDog.cancel(): canceling Sat Apr 28 15:00:45 UTC 2018
auto.tcl: Setting watchdog for 200 seconds at Sat Apr 28 15:00:45 UTC 2018
506 ms. Memory: 287232K Free: 173540K (60%)
ptolemy.util.test.WatchDog.cancel(): canceling Sat Apr 28 15:00:46 UTC 2018
------------------ testing $PTII/ptolemy/domains/de/test/auto/TimeDelayZeroDelay.xml
auto.tcl: Setting watchdog for 200 seconds at Sat Apr 28 15:00:46 UTC 2018
2 ms. Memory: 287744K Free: 275866K (96%)
ptolemy.util.test.WatchDog.cancel(): canceling Sat Apr 28 15:00:46 UTC 2018
auto.tcl: Setting watchdog for 200 seconds at Sat Apr 28 15:00:46 UTC 2018
2 ms. Memory: 287744K Free: 275866K (96%)
ptolemy.util.test.WatchDog.cancel(): canceling Sat Apr 28 15:00:46 UTC 2018
------------------ testing $PTII/ptolemy/domains/de/test/auto/TimerZeroDelay.xml
auto.tcl: Setting watchdog for 200 seconds at Sat Apr 28 15:00:46 UTC 2018
3 ms. Memory: 287232K Free: 275463K (96%)
ptolemy.util.test.WatchDog.cancel(): canceling Sat Apr 28 15:00:46 UTC 2018
auto.tcl: Setting watchdog for 200 seconds at Sat Apr 28 15:00:46 UTC 2018
2 ms. Memory: 287232K Free: 275463K (96%)
ptolemy.util.test.WatchDog.cancel(): canceling Sat Apr 28 15:00:46 UTC 2018
------------------ testing $PTII/ptolemy/domains/de/test/auto/TimingParadox.xml
auto.tcl: Setting watchdog for 200 seconds at Sat Apr 28 15:00:46 UTC 2018
396 ms. Memory: 287744K Free: 211862K (74%)
ptolemy.util.test.WatchDog.cancel(): canceling Sat Apr 28 15:00:46 UTC 2018
auto.tcl: Setting watchdog for 200 seconds at Sat Apr 28 15:00:46 UTC 2018
401 ms. Memory: 287744K Free: 175672K (61%)
ptolemy.util.test.WatchDog.cancel(): canceling Sat Apr 28 15:00:47 UTC 2018
------------------ testing $PTII/ptolemy/domains/de/test/auto/TransferInputs.xml
auto.tcl: Setting watchdog for 200 seconds at Sat Apr 28 15:00:47 UTC 2018
1 ms. Memory: 287744K Free: 274818K (96%)
ptolemy.util.test.WatchDog.cancel(): canceling Sat Apr 28 15:00:47 UTC 2018
auto.tcl: Setting watchdog for 200 seconds at Sat Apr 28 15:00:47 UTC 2018
2 ms. Memory: 287744K Free: 274818K (96%)
ptolemy.util.test.WatchDog.cancel(): canceling Sat Apr 28 15:00:47 UTC 2018
------------------ testing $PTII/ptolemy/domains/de/test/auto/TransferOutputs2.xml
auto.tcl: Setting watchdog for 200 seconds at Sat Apr 28 15:00:47 UTC 2018
3 ms. Memory: 287232K Free: 270734K (94%)
ptolemy.util.test.WatchDog.cancel(): canceling Sat Apr 28 15:00:47 UTC 2018
auto.tcl: Setting watchdog for 200 seconds at Sat Apr 28 15:00:47 UTC 2018
4 ms. Memory: 287232K Free: 268110K (93%)
ptolemy.util.test.WatchDog.cancel(): canceling Sat Apr 28 15:00:47 UTC 2018
------------------ testing $PTII/ptolemy/domains/de/test/auto/Trilateration.xml
auto.tcl: Setting watchdog for 200 seconds at Sat Apr 28 15:00:47 UTC 2018
12983 ms. Memory: 455168K Free: 188333K (41%)
ptolemy.util.test.WatchDog.cancel(): canceling Sat Apr 28 15:01:01 UTC 2018
auto.tcl: Setting watchdog for 200 seconds at Sat Apr 28 15:01:01 UTC 2018
10366 ms. Memory: 326144K Free: 260154K (80%)
ptolemy.util.test.WatchDog.cancel(): canceling Sat Apr 28 15:01:12 UTC 2018
------------------ testing $PTII/ptolemy/domains/de/test/auto/TwoSigmaDelta.xml
auto.tcl: Setting watchdog for 200 seconds at Sat Apr 28 15:01:12 UTC 2018
3149 ms. Memory: 315904K Free: 258689K (82%)
ptolemy.util.test.WatchDog.cancel(): canceling Sat Apr 28 15:01:15 UTC 2018
auto.tcl: Setting watchdog for 200 seconds at Sat Apr 28 15:01:15 UTC 2018
2164 ms. Memory: 305152K Free: 248956K (82%)
ptolemy.util.test.WatchDog.cancel(): canceling Sat Apr 28 15:01:17 UTC 2018
------------------ testing $PTII/ptolemy/domains/de/test/auto/VariableDelay.xml
auto.tcl: Setting watchdog for 200 seconds at Sat Apr 28 15:01:17 UTC 2018
2 ms. Memory: 305152K Free: 289096K (95%)
ptolemy.util.test.WatchDog.cancel(): canceling Sat Apr 28 15:01:17 UTC 2018
auto.tcl: Setting watchdog for 200 seconds at Sat Apr 28 15:01:17 UTC 2018
2 ms. Memory: 305152K Free: 289096K (95%)
ptolemy.util.test.WatchDog.cancel(): canceling Sat Apr 28 15:01:17 UTC 2018
------------------ testing $PTII/ptolemy/domains/de/test/auto/VariableDelay2.xml
auto.tcl: Setting watchdog for 200 seconds at Sat Apr 28 15:01:17 UTC 2018
4 ms. Memory: 307200K Free: 293791K (96%)
ptolemy.util.test.WatchDog.cancel(): canceling Sat Apr 28 15:01:17 UTC 2018
auto.tcl: Setting watchdog for 200 seconds at Sat Apr 28 15:01:17 UTC 2018
3 ms. Memory: 307200K Free: 293791K (96%)
ptolemy.util.test.WatchDog.cancel(): canceling Sat Apr 28 15:01:17 UTC 2018
------------------ testing $PTII/ptolemy/domains/de/test/auto/VariableDelayZeroDelay.xml
auto.tcl: Setting watchdog for 200 seconds at Sat Apr 28 15:01:17 UTC 2018
2 ms. Memory: 305152K Free: 292775K (96%)
ptolemy.util.test.WatchDog.cancel(): canceling Sat Apr 28 15:01:18 UTC 2018
auto.tcl: Setting watchdog for 200 seconds at Sat Apr 28 15:01:18 UTC 2018
2 ms. Memory: 305152K Free: 289513K (95%)
ptolemy.util.test.WatchDog.cancel(): canceling Sat Apr 28 15:01:18 UTC 2018
------------------ testing $PTII/ptolemy/domains/de/test/auto/VariableDelayZeroDelay2.xml
auto.tcl: Setting watchdog for 200 seconds at Sat Apr 28 15:01:18 UTC 2018
2 ms. Memory: 306688K Free: 291039K (95%)
ptolemy.util.test.WatchDog.cancel(): canceling Sat Apr 28 15:01:18 UTC 2018
auto.tcl: Setting watchdog for 200 seconds at Sat Apr 28 15:01:18 UTC 2018
2 ms. Memory: 306688K Free: 291039K (95%)
ptolemy.util.test.WatchDog.cancel(): canceling Sat Apr 28 15:01:18 UTC 2018
------------------ testing $PTII/ptolemy/domains/de/test/auto/deInCt.xml
auto.tcl: Setting watchdog for 200 seconds at Sat Apr 28 15:01:18 UTC 2018
0
1
1
1
1
0
0
0
0
0
0
0
0
1
1
1
1
0
0
0
1
1
1
0
0
0
1
1
1
1
0
0
0
14 ms. Memory: 305152K Free: 289501K (95%)
ptolemy.util.test.WatchDog.cancel(): canceling Sat Apr 28 15:01:18 UTC 2018
auto.tcl: Setting watchdog for 200 seconds at Sat Apr 28 15:01:18 UTC 2018
0
1
1
1
0
0
0
1
1
1
0
0
0
1
1
1
0
0
0
0
0
1
1
1
0
0
0
0
1
1
1
1
1
1
10 ms. Memory: 305152K Free: 289501K (95%)
ptolemy.util.test.WatchDog.cancel(): canceling Sat Apr 28 15:01:18 UTC 2018
------------------ testing $PTII/ptolemy/domains/de/test/auto/deInCt2.xml
auto.tcl: Setting watchdog for 200 seconds at Sat Apr 28 15:01:18 UTC 2018
0
1
1
1
0
0
1
1
1
0
0
1
1
1
0
0
1
1
1
0
0
1
1
1
0
0
1
1
1
0
0
1
1
1
0
0
1
1
1
0
0
0
9 ms. Memory: 306688K Free: 291052K (95%)
ptolemy.util.test.WatchDog.cancel(): canceling Sat Apr 28 15:01:18 UTC 2018
auto.tcl: Setting watchdog for 200 seconds at Sat Apr 28 15:01:18 UTC 2018
0
1
1
1
0
0
1
1
1
0
0
1
1
1
0
0
1
1
1
0
0
1
1
1
0
0
1
1
1
0
0
1
1
1
0
0
1
1
1
0
0
0
6 ms. Memory: 306688K Free: 291052K (95%)
ptolemy.util.test.WatchDog.cancel(): canceling Sat Apr 28 15:01:18 UTC 2018
------------------ testing $PTII/ptolemy/domains/de/test/auto/dynamicCausalityInterface1.xml
auto.tcl: Setting watchdog for 200 seconds at Sat Apr 28 15:01:18 UTC 2018
1 ms. Memory: 305152K Free: 286241K (94%)
ptolemy.util.test.WatchDog.cancel(): canceling Sat Apr 28 15:01:18 UTC 2018
auto.tcl: Setting watchdog for 200 seconds at Sat Apr 28 15:01:18 UTC 2018
1 ms. Memory: 305152K Free: 282986K (93%)
ptolemy.util.test.WatchDog.cancel(): canceling Sat Apr 28 15:01:18 UTC 2018
------------------ testing $PTII/ptolemy/domains/de/test/auto/fsm_de_test.xml
auto.tcl: Setting watchdog for 200 seconds at Sat Apr 28 15:01:18 UTC 2018
12 ms. Memory: 306176K Free: 287160K (94%)
ptolemy.util.test.WatchDog.cancel(): canceling Sat Apr 28 15:01:18 UTC 2018
auto.tcl: Setting watchdog for 200 seconds at Sat Apr 28 15:01:18 UTC 2018
5 ms. Memory: 306176K Free: 283890K (93%)
ptolemy.util.test.WatchDog.cancel(): canceling Sat Apr 28 15:01:18 UTC 2018
------------------ testing $PTII/ptolemy/domains/de/test/auto/functionDependencyReconstruction.xml
auto.tcl: Setting watchdog for 200 seconds at Sat Apr 28 15:01:18 UTC 2018
2 ms. Memory: 305152K Free: 279598K (92%)
ptolemy.util.test.WatchDog.cancel(): canceling Sat Apr 28 15:01:18 UTC 2018
auto.tcl: Setting watchdog for 200 seconds at Sat Apr 28 15:01:18 UTC 2018
4 ms. Memory: 305152K Free: 276328K (91%)
ptolemy.util.test.WatchDog.cancel(): canceling Sat Apr 28 15:01:18 UTC 2018
------------------ testing $PTII/ptolemy/domains/de/test/auto/multirate.xml
auto.tcl: Setting watchdog for 200 seconds at Sat Apr 28 15:01:18 UTC 2018
6 ms. Memory: 306176K Free: 290281K (95%)
ptolemy.util.test.WatchDog.cancel(): canceling Sat Apr 28 15:01:18 UTC 2018
auto.tcl: Setting watchdog for 200 seconds at Sat Apr 28 15:01:18 UTC 2018
4 ms. Memory: 306176K Free: 287007K (94%)
ptolemy.util.test.WatchDog.cancel(): canceling Sat Apr 28 15:01:18 UTC 2018
------------------ testing $PTII/ptolemy/domains/de/test/auto/multirate2.xml
auto.tcl: Setting watchdog for 200 seconds at Sat Apr 28 15:01:18 UTC 2018
6 ms. Memory: 305152K Free: 291683K (96%)
ptolemy.util.test.WatchDog.cancel(): canceling Sat Apr 28 15:01:18 UTC 2018
auto.tcl: Setting watchdog for 200 seconds at Sat Apr 28 15:01:18 UTC 2018
3 ms. Memory: 305152K Free: 288420K (95%)
ptolemy.util.test.WatchDog.cancel(): canceling Sat Apr 28 15:01:18 UTC 2018
------------------ testing $PTII/ptolemy/domains/de/test/auto/realtime.xml
auto.tcl: Setting watchdog for 200 seconds at Sat Apr 28 15:01:18 UTC 2018
10002 ms. Memory: 306176K Free: 290481K (95%)
ptolemy.util.test.WatchDog.cancel(): canceling Sat Apr 28 15:01:28 UTC 2018
auto.tcl: Setting watchdog for 200 seconds at Sat Apr 28 15:01:28 UTC 2018
10001 ms. Memory: 306176K Free: 290481K (95%)
ptolemy.util.test.WatchDog.cancel(): canceling Sat Apr 28 15:01:38 UTC 2018
------------------ testing $PTII/ptolemy/domains/de/test/auto/relationGroup.xml
auto.tcl: Setting watchdog for 200 seconds at Sat Apr 28 15:01:38 UTC 2018
1 ms. Memory: 305152K Free: 294978K (97%)
ptolemy.util.test.WatchDog.cancel(): canceling Sat Apr 28 15:01:38 UTC 2018
auto.tcl: Setting watchdog for 200 seconds at Sat Apr 28 15:01:38 UTC 2018
1 ms. Memory: 305152K Free: 291724K (96%)
ptolemy.util.test.WatchDog.cancel(): canceling Sat Apr 28 15:01:38 UTC 2018
------------------ testing $PTII/ptolemy/domains/de/test/auto/relationGroup2.xml
auto.tcl: Setting watchdog for 200 seconds at Sat Apr 28 15:01:38 UTC 2018
1 ms. Memory: 305664K Free: 293280K (96%)
ptolemy.util.test.WatchDog.cancel(): canceling Sat Apr 28 15:01:38 UTC 2018
auto.tcl: Setting watchdog for 200 seconds at Sat Apr 28 15:01:38 UTC 2018
1 ms. Memory: 305664K Free: 293280K (96%)
ptolemy.util.test.WatchDog.cancel(): canceling Sat Apr 28 15:01:38 UTC 2018
------------------ testing $PTII/ptolemy/domains/de/test/auto/sortWithOpaquePorts.xml
auto.tcl: Setting watchdog for 200 seconds at Sat Apr 28 15:01:38 UTC 2018
1 ms. Memory: 305152K Free: 289515K (95%)
ptolemy.util.test.WatchDog.cancel(): canceling Sat Apr 28 15:01:38 UTC 2018
auto.tcl: Setting watchdog for 200 seconds at Sat Apr 28 15:01:38 UTC 2018
1 ms. Memory: 305152K Free: 289515K (95%)
ptolemy.util.test.WatchDog.cancel(): canceling Sat Apr 28 15:01:38 UTC 2018
------------------ testing $PTII/ptolemy/domains/de/test/auto/transferInputsandOutputs.xml
auto.tcl: Setting watchdog for 200 seconds at Sat Apr 28 15:01:38 UTC 2018
1 ms. Memory: 305664K Free: 289998K (95%)
ptolemy.util.test.WatchDog.cancel(): canceling Sat Apr 28 15:01:38 UTC 2018
auto.tcl: Setting watchdog for 200 seconds at Sat Apr 28 15:01:38 UTC 2018
2 ms. Memory: 305664K Free: 286728K (94%)
ptolemy.util.test.WatchDog.cancel(): canceling Sat Apr 28 15:01:38 UTC 2018
------------------ testing $PTII/ptolemy/domains/de/test/auto/triggerType.xml
auto.tcl: Setting watchdog for 200 seconds at Sat Apr 28 15:01:38 UTC 2018
1 ms. Memory: 305152K Free: 289444K (95%)
ptolemy.util.test.WatchDog.cancel(): canceling Sat Apr 28 15:01:38 UTC 2018
auto.tcl: Setting watchdog for 200 seconds at Sat Apr 28 15:01:38 UTC 2018
1 ms. Memory: 305152K Free: 289444K (95%)
ptolemy.util.test.WatchDog.cancel(): canceling Sat Apr 28 15:01:38 UTC 2018
04/28/18 03:01:38
Failed: 0  Total Tests: 192  ((Passed: 187, Newly Passed: 1)  Known Failed: 5) /home/travis/build/icyphy/ptII/ptolemy/domains/de/test
04/28/18 03:01:38
Failed: 0  Total Tests: 192  ((Passed: 187, Newly Passed: 1)  Known Failed: 5) /home/travis/build/icyphy/ptII/ptolemy/domains/de/test
----------------- testing (KnownFailure) /home/travis/build/icyphy/ptII/ptolemy/domains/de/test/auto/knownFailedTests/DESDFClockTest.xml
2007 ms. Memory: 305664K Free: 284310K (93%)
Known Failure: java.lang.reflect.InvocationTargetException
----------------- testing (KnownFailure) /home/travis/build/icyphy/ptII/ptolemy/domains/de/test/auto/knownFailedTests/DirectFeedback.xml
1 ms. Memory: 305664K Free: 266410K (87%)
Known Failure: java.lang.reflect.InvocationTargetException
----------------- testing (KnownFailure) /home/travis/build/icyphy/ptII/ptolemy/domains/de/test/auto/knownFailedTests/FSMSource.xml
9 ms. Memory: 305664K Free: 244020K (80%)
----------------- testing (KnownFailure) /home/travis/build/icyphy/ptII/ptolemy/domains/de/test/auto/knownFailedTests/HierarchicalModel.xml
2 ms. Memory: 305664K Free: 221629K (73%)
Known Failure: java.lang.reflect.InvocationTargetException
----------------- testing (KnownFailure) /home/travis/build/icyphy/ptII/ptolemy/domains/de/test/auto/knownFailedTests/dependencyLoop.xml
2 ms. Memory: 305664K Free: 190273K (62%)
Known Failure: java.lang.reflect.InvocationTargetException
----------------- testing (KnownFailure) /home/travis/build/icyphy/ptII/ptolemy/domains/de/test/auto/knownFailedTests/dependencyLoop2.xml
2 ms. Memory: 305664K Free: 158916K (52%)
Known Failure: java.lang.reflect.InvocationTargetException
No auto/*.xml tests in /home/travis/build/icyphy/ptII/ptolemy/domains/de/test
AutoTests.java: About to close Vertx.
AutoTests.java: Vertx closed.
----------------- testing Sat Apr 28 15:01:41 UTC 2018 /home/travis/build/icyphy/ptII/ptolemy/domains/de/test/auto/ActorDepthCalculation_actorWithoutPorts.xml
1 ms. Memory: 305664K Free: 132050K (43%)
reloadAllAccessors: .ActorDepthCalculation_actorWithoutPorts
----------------- testing Sat Apr 28 15:01:41 UTC 2018 /home/travis/build/icyphy/ptII/ptolemy/domains/de/test/auto/AssemblyLine.xml
2 ms. Memory: 305664K Free: 118610K (39%)
reloadAllAccessors: .AssemblyLine
----------------- testing Sat Apr 28 15:01:41 UTC 2018 /home/travis/build/icyphy/ptII/ptolemy/domains/de/test/auto/CQBug1.xml
1 ms. Memory: 305664K Free: 109660K (36%)
reloadAllAccessors: .CQBug1
----------------- testing Sat Apr 28 15:01:41 UTC 2018 /home/travis/build/icyphy/ptII/ptolemy/domains/de/test/auto/CancelFireAt.xml
1 ms. Memory: 305664K Free: 100710K (33%)
reloadAllAccessors: .CancelFireAt
----------------- testing Sat Apr 28 15:01:41 UTC 2018 /home/travis/build/icyphy/ptII/ptolemy/domains/de/test/auto/CausalityAndComposabilityAnalysis.xml
2 ms. Memory: 305664K Free: 91760K (30%)
reloadAllAccessors: .CausalityAndComposabilityAnalysis
----------------- testing Sat Apr 28 15:01:41 UTC 2018 /home/travis/build/icyphy/ptII/ptolemy/domains/de/test/auto/CausalityInterface1.xml
3 ms. Memory: 305664K Free: 79556K (26%)
reloadAllAccessors: .CausalityInterface1
----------------- testing Sat Apr 28 15:01:41 UTC 2018 /home/travis/build/icyphy/ptII/ptolemy/domains/de/test/auto/CausalityInterface15.xml
1 ms. Memory: 295424K Free: 283831K (96%)
reloadAllAccessors: .CausalityInterface15
----------------- testing Sat Apr 28 15:01:41 UTC 2018 /home/travis/build/icyphy/ptII/ptolemy/domains/de/test/auto/CausalityInterface2.xml
2 ms. Memory: 295424K Free: 275349K (93%)
reloadAllAccessors: .CausalityInterface2
----------------- testing Sat Apr 28 15:01:41 UTC 2018 /home/travis/build/icyphy/ptII/ptolemy/domains/de/test/auto/CausalityInterface3.xml
1 ms. Memory: 295424K Free: 266773K (90%)
reloadAllAccessors: .CausalityInterface3
----------------- testing Sat Apr 28 15:01:41 UTC 2018 /home/travis/build/icyphy/ptII/ptolemy/domains/de/test/auto/ClockDrift.xml
21 ms. Memory: 295424K Free: 251757K (85%)
reloadAllAccessors: .ClockDrift
----------------- testing Sat Apr 28 15:01:41 UTC 2018 /home/travis/build/icyphy/ptII/ptolemy/domains/de/test/auto/ClockDriftAndValueChange.xml
8 ms. Memory: 295424K Free: 236751K (80%)
reloadAllAccessors: .ClockDriftAndValueChange
----------------- testing Sat Apr 28 15:01:41 UTC 2018 /home/travis/build/icyphy/ptII/ptolemy/domains/de/test/auto/ClockDriftChange.xml
7 ms. Memory: 295424K Free: 221833K (75%)
reloadAllAccessors: .ClockDriftChange
----------------- testing Sat Apr 28 15:01:41 UTC 2018 /home/travis/build/icyphy/ptII/ptolemy/domains/de/test/auto/ComposableCausalityAnalysis.xml
0 ms. Memory: 295424K Free: 213256K (72%)
reloadAllAccessors: .ComposableCausalityAnalysis
----------------- testing Sat Apr 28 15:01:41 UTC 2018 /home/travis/build/icyphy/ptII/ptolemy/domains/de/test/auto/DEFixedPointLimitation.xml
0 ms. Memory: 295424K Free: 206819K (70%)
reloadAllAccessors: .DEFixedPointLimitation
----------------- testing Sat Apr 28 15:01:41 UTC 2018 /home/travis/build/icyphy/ptII/ptolemy/domains/de/test/auto/DEScheduleTest.xml
1 ms. Memory: 295424K Free: 200383K (68%)
reloadAllAccessors: .DEScheduleTest
----------------- testing Sat Apr 28 15:01:41 UTC 2018 /home/travis/build/icyphy/ptII/ptolemy/domains/de/test/auto/DEinDEwithStartTimes.xml
1 ms. Memory: 295424K Free: 189768K (64%)
reloadAllAccessors: .DEinDEwithStartTimes
----------------- testing Sat Apr 28 15:01:41 UTC 2018 /home/travis/build/icyphy/ptII/ptolemy/domains/de/test/auto/DEinDEwithStartTimes2.xml
1 ms. Memory: 295424K Free: 181183K (61%)
reloadAllAccessors: .DEinDEwithStartTimes2
----------------- testing Sat Apr 28 15:01:41 UTC 2018 /home/travis/build/icyphy/ptII/ptolemy/domains/de/test/auto/DateDemo.xml
5 ms. Memory: 295424K Free: 168326K (57%)
reloadAllAccessors: .DateDemo
----------------- testing Sat Apr 28 15:01:41 UTC 2018 /home/travis/build/icyphy/ptII/ptolemy/domains/de/test/auto/DateToEvent.xml
2003 ms. Memory: 295424K Free: 149015K (50%)
reloadAllAccessors: .DateToEvent
----------------- testing Sat Apr 28 15:01:43 UTC 2018 /home/travis/build/icyphy/ptII/ptolemy/domains/de/test/auto/DepthTest1.xml
[...]
java.lang.RuntimeException: Execution failed
	at ptolemy.moml.MoMLSimpleApplication$UnloadThread.run(MoMLSimpleApplication.java:402)
Caused by: ptolemy.kernel.util.IllegalActionException: Test fails in iteration 1.
Value was: 1.0. Should have been: 2.0
  in .DirectFeedback.Test
	at ptolemy.actor.lib.Test.fire(Test.java:268)
	at ptolemy.domains.de.kernel.DEDirector._fire(DEDirector.java:1948)
	at ptolemy.domains.de.kernel.DEDirector.fire(DEDirector.java:502)
	at ptolemy.actor.CompositeActor.fire(CompositeActor.java:455)
	at ptolemy.actor.Manager.iterate(Manager.java:851)
	at ptolemy.actor.Manager.execute(Manager.java:369)
	at ptolemy.actor.Manager.run(Manager.java:1263)
	at ptolemy.actor.Manager$PtolemyRunThread.run(Manager.java:1915)
java.lang.RuntimeException: Execution failed
	at ptolemy.moml.MoMLSimpleApplication$UnloadThread.run(MoMLSimpleApplication.java:402)
Caused by: ptolemy.kernel.util.IllegalActionException: Actor is not ready to fire.  Perhaps UpSample.prefire() returned false? Try debugging the actor by selecting "Listen to Actor".  Also, for SDF check moml for tokenConsumptionRate on input.
  in .DESDFClockTest.Play Bell.Copy1:SDF Director and .DESDFClockTest.Play Bell.UpSample
	at ptolemy.actor.sched.StaticSchedulingDirector.fire(StaticSchedulingDirector.java:227)
	at ptolemy.domains.sdf.kernel.SDFDirector.fire(SDFDirector.java:500)
	at ptolemy.actor.CompositeActor.fire(CompositeActor.java:455)
	at ptolemy.domains.de.kernel.DEDirector._fire(DEDirector.java:1948)
	at ptolemy.domains.de.kernel.DEDirector.fire(DEDirector.java:502)
	at ptolemy.actor.CompositeActor.fire(CompositeActor.java:455)
	at ptolemy.actor.Manager.iterate(Manager.java:851)
	at ptolemy.actor.Manager.execute(Manager.java:369)
	at ptolemy.actor.Manager.run(Manager.java:1263)
	at ptolemy.actor.Manager$PtolemyRunThread.run(Manager.java:1915)
java.lang.reflect.InvocationTargetException
	at sun.reflect.NativeConstructorAccessorImpl.newInstance0(Native Method)
	at sun.reflect.NativeConstructorAccessorImpl.newInstance(NativeConstructorAccessorImpl.java:62)
	at sun.reflect.DelegatingConstructorAccessorImpl.newInstance(DelegatingConstructorAccessorImpl.java:45)
	at java.lang.reflect.Constructor.newInstance(Constructor.java:423)
	at ptolemy.util.test.junit.AutoKnownFailedTests.RunModel(AutoKnownFailedTests.java:107)
	at sun.reflect.NativeMethodAccessorImpl.invoke0(Native Method)
	at sun.reflect.NativeMethodAccessorImpl.invoke(NativeMethodAccessorImpl.java:62)
	at sun.reflect.DelegatingMethodAccessorImpl.invoke(DelegatingMethodAccessorImpl.java:43)
	at java.lang.reflect.Method.invoke(Method.java:498)
	at org.junit.runners.model.FrameworkMethod$1.runReflectiveCall(FrameworkMethod.java:44)
	at org.junit.internal.runners.model.ReflectiveCallable.run(ReflectiveCallable.java:15)
	at org.junit.runners.model.FrameworkMethod.invokeExplosively(FrameworkMethod.java:41)
	at junitparams.internal.InvokeParameterisedMethod.evaluate(InvokeParameterisedMethod.java:102)
	at org.junit.internal.runners.statements.FailOnTimeout$1.run(FailOnTimeout.java:28)
Caused by: ptolemy.kernel.util.IllegalActionException: Actor is not ready to fire.  Perhaps UpSample.prefire() returned false? Try debugging the actor by selecting "Listen to Actor".  Also, for SDF check moml for tokenConsumptionRate on input.
  in .DESDFClockTest.Play Bell.Copy1:SDF Director and .DESDFClockTest.Play Bell.UpSample
	at ptolemy.actor.sched.StaticSchedulingDirector.fire(StaticSchedulingDirector.java:227)
	at ptolemy.domains.sdf.kernel.SDFDirector.fire(SDFDirector.java:500)
	at ptolemy.actor.CompositeActor.fire(CompositeActor.java:455)
	at ptolemy.domains.de.kernel.DEDirector._fire(DEDirector.java:1948)
	at ptolemy.domains.de.kernel.DEDirector.fire(DEDirector.java:502)
	at ptolemy.actor.CompositeActor.fire(CompositeActor.java:455)
	at ptolemy.actor.Manager.iterate(Manager.java:851)
	at ptolemy.actor.Manager.execute(Manager.java:369)
	at ptolemy.actor.Manager.run(Manager.java:1263)
	at ptolemy.actor.Manager$PtolemyRunThread.run(Manager.java:1915)
java.lang.RuntimeException: Execution failed
	at ptolemy.moml.MoMLSimpleApplication$UnloadThread.run(MoMLSimpleApplication.java:402)
Caused by: ptolemy.kernel.util.IllegalActionException: Test fails in iteration 1.
Value was: 1.0. Should have been: 2.0
  in .DirectFeedback.Test
	at ptolemy.actor.lib.Test.fire(Test.java:268)
	at ptolemy.domains.de.kernel.DEDirector._fire(DEDirector.java:1948)
	at ptolemy.domains.de.kernel.DEDirector.fire(DEDirector.java:502)
	at ptolemy.actor.CompositeActor.fire(CompositeActor.java:455)
	at ptolemy.actor.Manager.iterate(Manager.java:851)
	at ptolemy.actor.Manager.execute(Manager.java:369)
	at ptolemy.actor.Manager.run(Manager.java:1263)
	at ptolemy.actor.Manager$PtolemyRunThread.run(Manager.java:1915)
java.lang.reflect.InvocationTargetException
	at sun.reflect.NativeConstructorAccessorImpl.newInstance0(Native Method)
	at sun.reflect.NativeConstructorAccessorImpl.newInstance(NativeConstructorAccessorImpl.java:62)
	at sun.reflect.DelegatingConstructorAccessorImpl.newInstance(DelegatingConstructorAccessorImpl.java:45)
	at java.lang.reflect.Constructor.newInstance(Constructor.java:423)
	at ptolemy.util.test.junit.AutoKnownFailedTests.RunModel(AutoKnownFailedTests.java:107)
	at sun.reflect.NativeMethodAccessorImpl.invoke0(Native Method)
	at sun.reflect.NativeMethodAccessorImpl.invoke(NativeMethodAccessorImpl.java:62)
	at sun.reflect.DelegatingMethodAccessorImpl.invoke(DelegatingMethodAccessorImpl.java:43)
	at java.lang.reflect.Method.invoke(Method.java:498)
	at org.junit.runners.model.FrameworkMethod$1.runReflectiveCall(FrameworkMethod.java:44)
	at org.junit.internal.runners.model.ReflectiveCallable.run(ReflectiveCallable.java:15)
	at org.junit.runners.model.FrameworkMethod.invokeExplosively(FrameworkMethod.java:41)
	at junitparams.internal.InvokeParameterisedMethod.evaluate(InvokeParameterisedMethod.java:102)
	at org.junit.internal.runners.statements.FailOnTimeout$1.run(FailOnTimeout.java:28)
Caused by: ptolemy.kernel.util.IllegalActionException: Test fails in iteration 1.
Value was: 1.0. Should have been: 2.0
  in .DirectFeedback.Test
	at ptolemy.actor.lib.Test.fire(Test.java:268)
	at ptolemy.domains.de.kernel.DEDirector._fire(DEDirector.java:1948)
	at ptolemy.domains.de.kernel.DEDirector.fire(DEDirector.java:502)
	at ptolemy.actor.CompositeActor.fire(CompositeActor.java:455)
	at ptolemy.actor.Manager.iterate(Manager.java:851)
	at ptolemy.actor.Manager.execute(Manager.java:369)
	at ptolemy.actor.Manager.run(Manager.java:1263)
	at ptolemy.actor.Manager$PtolemyRunThread.run(Manager.java:1915)
java.lang.RuntimeException: Execution failed
	at ptolemy.moml.MoMLSimpleApplication$UnloadThread.run(MoMLSimpleApplication.java:402)
Caused by: ptolemy.kernel.util.IllegalActionException: Found a zero delay loop containing .HierarchicalModel.A
  in .HierarchicalModel and .HierarchicalModel.A
	at ptolemy.actor.util.CausalityInterfaceForComposites._computeOutputPortDepth(CausalityInterfaceForComposites.java:759)
	at ptolemy.actor.util.CausalityInterfaceForComposites._computeInputDepth(CausalityInterfaceForComposites.java:696)
	at ptolemy.actor.util.CausalityInterfaceForComposites._computeOutputPortDepth(CausalityInterfaceForComposites.java:765)
	at ptolemy.actor.util.CausalityInterfaceForComposites._computeInputDepth(CausalityInterfaceForComposites.java:696)
	at ptolemy.actor.util.CausalityInterfaceForComposites._computeOutputPortDepth(CausalityInterfaceForComposites.java:765)
	at ptolemy.actor.util.CausalityInterfaceForComposites._computeInputDepth(CausalityInterfaceForComposites.java:696)
	at ptolemy.actor.util.CausalityInterfaceForComposites._computeActorDepth(CausalityInterfaceForComposites.java:532)
	at ptolemy.actor.util.CausalityInterfaceForComposites.checkForCycles(CausalityInterfaceForComposites.java:96)
	at ptolemy.domains.de.kernel.DEDirector.preinitialize(DEDirector.java:1337)
	at ptolemy.actor.CompositeActor.preinitialize(CompositeActor.java:1828)
	at ptolemy.actor.Manager.preinitializeAndResolveTypes(Manager.java:1040)
	at ptolemy.actor.Manager.initialize(Manager.java:710)
	at ptolemy.actor.Manager.execute(Manager.java:356)
	at ptolemy.actor.Manager.run(Manager.java:1263)
	at ptolemy.actor.Manager$PtolemyRunThread.run(Manager.java:1915)
java.lang.reflect.InvocationTargetException
	at sun.reflect.NativeConstructorAccessorImpl.newInstance0(Native Method)
	at sun.reflect.NativeConstructorAccessorImpl.newInstance(NativeConstructorAccessorImpl.java:62)
	at sun.reflect.DelegatingConstructorAccessorImpl.newInstance(DelegatingConstructorAccessorImpl.java:45)
	at java.lang.reflect.Constructor.newInstance(Constructor.java:423)
	at ptolemy.util.test.junit.AutoKnownFailedTests.RunModel(AutoKnownFailedTests.java:107)
	at sun.reflect.NativeMethodAccessorImpl.invoke0(Native Method)
	at sun.reflect.NativeMethodAccessorImpl.invoke(NativeMethodAccessorImpl.java:62)
	at sun.reflect.DelegatingMethodAccessorImpl.invoke(DelegatingMethodAccessorImpl.java:43)
	at java.lang.reflect.Method.invoke(Method.java:498)
	at org.junit.runners.model.FrameworkMethod$1.runReflectiveCall(FrameworkMethod.java:44)
	at org.junit.internal.runners.model.ReflectiveCallable.run(ReflectiveCallable.java:15)
	at org.junit.runners.model.FrameworkMethod.invokeExplosively(FrameworkMethod.java:41)
	at junitparams.internal.InvokeParameterisedMethod.evaluate(InvokeParameterisedMethod.java:102)
	at org.junit.internal.runners.statements.FailOnTimeout$1.run(FailOnTimeout.java:28)
Caused by: ptolemy.kernel.util.IllegalActionException: Found a zero delay loop containing .HierarchicalModel.A
  in .HierarchicalModel and .HierarchicalModel.A
	at ptolemy.actor.util.CausalityInterfaceForComposites._computeOutputPortDepth(CausalityInterfaceForComposites.java:759)
	at ptolemy.actor.util.CausalityInterfaceForComposites._computeInputDepth(CausalityInterfaceForComposites.java:696)
	at ptolemy.actor.util.CausalityInterfaceForComposites._computeOutputPortDepth(CausalityInterfaceForComposites.java:765)
	at ptolemy.actor.util.CausalityInterfaceForComposites._computeInputDepth(CausalityInterfaceForComposites.java:696)
	at ptolemy.actor.util.CausalityInterfaceForComposites._computeOutputPortDepth(CausalityInterfaceForComposites.java:765)
	at ptolemy.actor.util.CausalityInterfaceForComposites._computeInputDepth(CausalityInterfaceForComposites.java:696)
	at ptolemy.actor.util.CausalityInterfaceForComposites._computeActorDepth(CausalityInterfaceForComposites.java:532)
	at ptolemy.actor.util.CausalityInterfaceForComposites.checkForCycles(CausalityInterfaceForComposites.java:96)
	at ptolemy.domains.de.kernel.DEDirector.preinitialize(DEDirector.java:1337)
	at ptolemy.actor.CompositeActor.preinitialize(CompositeActor.java:1828)
	at ptolemy.actor.Manager.preinitializeAndResolveTypes(Manager.java:1040)
	at ptolemy.actor.Manager.initialize(Manager.java:710)
	at ptolemy.actor.Manager.execute(Manager.java:356)
	at ptolemy.actor.Manager.run(Manager.java:1263)
	at ptolemy.actor.Manager$PtolemyRunThread.run(Manager.java:1915)
java.lang.RuntimeException: Execution failed
	at ptolemy.moml.MoMLSimpleApplication$UnloadThread.run(MoMLSimpleApplication.java:402)
Caused by: ptolemy.kernel.util.IllegalActionException: Found a zero delay loop containing .dependencyLoop.original
  in .dependencyLoop and .dependencyLoop.original
	at ptolemy.actor.util.CausalityInterfaceForComposites._computeOutputPortDepth(CausalityInterfaceForComposites.java:759)
	at ptolemy.actor.util.CausalityInterfaceForComposites._computeInputDepth(CausalityInterfaceForComposites.java:696)
	at ptolemy.actor.util.CausalityInterfaceForComposites._computeOutputPortDepth(CausalityInterfaceForComposites.java:765)
	at ptolemy.actor.util.CausalityInterfaceForComposites._computeInputDepth(CausalityInterfaceForComposites.java:696)
	at ptolemy.actor.util.CausalityInterfaceForComposites._computeOutputPortDepth(CausalityInterfaceForComposites.java:765)
	at ptolemy.actor.util.CausalityInterfaceForComposites._computeInputDepth(CausalityInterfaceForComposites.java:696)
	at ptolemy.actor.util.CausalityInterfaceForComposites._computeActorDepth(CausalityInterfaceForComposites.java:532)
	at ptolemy.actor.util.CausalityInterfaceForComposites.checkForCycles(CausalityInterfaceForComposites.java:96)
	at ptolemy.domains.de.kernel.DEDirector.preinitialize(DEDirector.java:1337)
	at ptolemy.actor.CompositeActor.preinitialize(CompositeActor.java:1828)
	at ptolemy.actor.Manager.preinitializeAndResolveTypes(Manager.java:1040)
	at ptolemy.actor.Manager.initialize(Manager.java:710)
	at ptolemy.actor.Manager.execute(Manager.java:356)
	at ptolemy.actor.Manager.run(Manager.java:1263)
	at ptolemy.actor.Manager$PtolemyRunThread.run(Manager.java:1915)
java.lang.reflect.InvocationTargetException
	at sun.reflect.NativeConstructorAccessorImpl.newInstance0(Native Method)
	at sun.reflect.NativeConstructorAccessorImpl.newInstance(NativeConstructorAccessorImpl.java:62)
	at sun.reflect.DelegatingConstructorAccessorImpl.newInstance(DelegatingConstructorAccessorImpl.java:45)
	at java.lang.reflect.Constructor.newInstance(Constructor.java:423)
	at ptolemy.util.test.junit.AutoKnownFailedTests.RunModel(AutoKnownFailedTests.java:107)
	at sun.reflect.NativeMethodAccessorImpl.invoke0(Native Method)
	at sun.reflect.NativeMethodAccessorImpl.invoke(NativeMethodAccessorImpl.java:62)
	at sun.reflect.DelegatingMethodAccessorImpl.invoke(DelegatingMethodAccessorImpl.java:43)
	at java.lang.reflect.Method.invoke(Method.java:498)
	at org.junit.runners.model.FrameworkMethod$1.runReflectiveCall(FrameworkMethod.java:44)
	at org.junit.internal.runners.model.ReflectiveCallable.run(ReflectiveCallable.java:15)
	at org.junit.runners.model.FrameworkMethod.invokeExplosively(FrameworkMethod.java:41)
	at junitparams.internal.InvokeParameterisedMethod.evaluate(InvokeParameterisedMethod.java:102)
	at org.junit.internal.runners.statements.FailOnTimeout$1.run(FailOnTimeout.java:28)
Caused by: ptolemy.kernel.util.IllegalActionException: Found a zero delay loop containing .dependencyLoop.original
  in .dependencyLoop and .dependencyLoop.original
	at ptolemy.actor.util.CausalityInterfaceForComposites._computeOutputPortDepth(CausalityInterfaceForComposites.java:759)
	at ptolemy.actor.util.CausalityInterfaceForComposites._computeInputDepth(CausalityInterfaceForComposites.java:696)
	at ptolemy.actor.util.CausalityInterfaceForComposites._computeOutputPortDepth(CausalityInterfaceForComposites.java:765)
	at ptolemy.actor.util.CausalityInterfaceForComposites._computeInputDepth(CausalityInterfaceForComposites.java:696)
	at ptolemy.actor.util.CausalityInterfaceForComposites._computeOutputPortDepth(CausalityInterfaceForComposites.java:765)
	at ptolemy.actor.util.CausalityInterfaceForComposites._computeInputDepth(CausalityInterfaceForComposites.java:696)
	at ptolemy.actor.util.CausalityInterfaceForComposites._computeActorDepth(CausalityInterfaceForComposites.java:532)
	at ptolemy.actor.util.CausalityInterfaceForComposites.checkForCycles(CausalityInterfaceForComposites.java:96)
	at ptolemy.domains.de.kernel.DEDirector.preinitialize(DEDirector.java:1337)
	at ptolemy.actor.CompositeActor.preinitialize(CompositeActor.java:1828)
	at ptolemy.actor.Manager.preinitializeAndResolveTypes(Manager.java:1040)
	at ptolemy.actor.Manager.initialize(Manager.java:710)
	at ptolemy.actor.Manager.execute(Manager.java:356)
	at ptolemy.actor.Manager.run(Manager.java:1263)
	at ptolemy.actor.Manager$PtolemyRunThread.run(Manager.java:1915)
java.lang.RuntimeException: Execution failed
	at ptolemy.moml.MoMLSimpleApplication$UnloadThread.run(MoMLSimpleApplication.java:402)
Caused by: ptolemy.kernel.util.IllegalActionException: Found a zero delay loop containing .dependencyLoop2.original
  in .dependencyLoop2 and .dependencyLoop2.original
	at ptolemy.actor.util.CausalityInterfaceForComposites._computeOutputPortDepth(CausalityInterfaceForComposites.java:759)
	at ptolemy.actor.util.CausalityInterfaceForComposites._computeInputDepth(CausalityInterfaceForComposites.java:696)
	at ptolemy.actor.util.CausalityInterfaceForComposites._computeOutputPortDepth(CausalityInterfaceForComposites.java:765)
	at ptolemy.actor.util.CausalityInterfaceForComposites._computeInputDepth(CausalityInterfaceForComposites.java:696)
	at ptolemy.actor.util.CausalityInterfaceForComposites._computeOutputPortDepth(CausalityInterfaceForComposites.java:765)
	at ptolemy.actor.util.CausalityInterfaceForComposites._computeInputDepth(CausalityInterfaceForComposites.java:696)
	at ptolemy.actor.util.CausalityInterfaceForComposites._computeActorDepth(CausalityInterfaceForComposites.java:532)
	at ptolemy.actor.util.CausalityInterfaceForComposites.checkForCycles(CausalityInterfaceForComposites.java:96)
	at ptolemy.domains.de.kernel.DEDirector.preinitialize(DEDirector.java:1337)
	at ptolemy.actor.CompositeActor.preinitialize(CompositeActor.java:1828)
	at ptolemy.actor.Manager.preinitializeAndResolveTypes(Manager.java:1040)
	at ptolemy.actor.Manager.initialize(Manager.java:710)
	at ptolemy.actor.Manager.execute(Manager.java:356)
	at ptolemy.actor.Manager.run(Manager.java:1263)
	at ptolemy.actor.Manager$PtolemyRunThread.run(Manager.java:1915)
java.lang.reflect.InvocationTargetException
	at sun.reflect.NativeConstructorAccessorImpl.newInstance0(Native Method)
	at sun.reflect.NativeConstructorAccessorImpl.newInstance(NativeConstructorAccessorImpl.java:62)
	at sun.reflect.DelegatingConstructorAccessorImpl.newInstance(DelegatingConstructorAccessorImpl.java:45)
	at java.lang.reflect.Constructor.newInstance(Constructor.java:423)
	at ptolemy.util.test.junit.AutoKnownFailedTests.RunModel(AutoKnownFailedTests.java:107)
	at sun.reflect.NativeMethodAccessorImpl.invoke0(Native Method)
	at sun.reflect.NativeMethodAccessorImpl.invoke(NativeMethodAccessorImpl.java:62)
	at sun.reflect.DelegatingMethodAccessorImpl.invoke(DelegatingMethodAccessorImpl.java:43)
	at java.lang.reflect.Method.invoke(Method.java:498)
	at org.junit.runners.model.FrameworkMethod$1.runReflectiveCall(FrameworkMethod.java:44)
	at org.junit.internal.runners.model.ReflectiveCallable.run(ReflectiveCallable.java:15)
	at org.junit.runners.model.FrameworkMethod.invokeExplosively(FrameworkMethod.java:41)
	at junitparams.internal.InvokeParameterisedMethod.evaluate(InvokeParameterisedMethod.java:102)
	at org.junit.internal.runners.statements.FailOnTimeout$1.run(FailOnTimeout.java:28)
Caused by: ptolemy.kernel.util.IllegalActionException: Found a zero delay loop containing .dependencyLoop2.original
  in .dependencyLoop2 and .dependencyLoop2.original
	at ptolemy.actor.util.CausalityInterfaceForComposites._computeOutputPortDepth(CausalityInterfaceForComposites.java:759)
	at ptolemy.actor.util.CausalityInterfaceForComposites._computeInputDepth(CausalityInterfaceForComposites.java:696)
	at ptolemy.actor.util.CausalityInterfaceForComposites._computeOutputPortDepth(CausalityInterfaceForComposites.java:765)
	at ptolemy.actor.util.CausalityInterfaceForComposites._computeInputDepth(CausalityInterfaceForComposites.java:696)
	at ptolemy.actor.util.CausalityInterfaceForComposites._computeOutputPortDepth(CausalityInterfaceForComposites.java:765)
	at ptolemy.actor.util.CausalityInterfaceForComposites._computeInputDepth(CausalityInterfaceForComposites.java:696)
	at ptolemy.actor.util.CausalityInterfaceForComposites._computeActorDepth(CausalityInterfaceForComposites.java:532)
	at ptolemy.actor.util.CausalityInterfaceForComposites.checkForCycles(CausalityInterfaceForComposites.java:96)
	at ptolemy.domains.de.kernel.DEDirector.preinitialize(DEDirector.java:1337)
	at ptolemy.actor.CompositeActor.preinitialize(CompositeActor.java:1828)
	at ptolemy.actor.Manager.preinitializeAndResolveTypes(Manager.java:1040)
	at ptolemy.actor.Manager.initialize(Manager.java:710)
	at ptolemy.actor.Manager.execute(Manager.java:356)
	at ptolemy.actor.Manager.run(Manager.java:1263)
	at ptolemy.actor.Manager$PtolemyRunThread.run(Manager.java:1915)
]]></system-err>
</testsuite>
