<?xml version="1.0" encoding="UTF-8" ?>
<testsuite errors="0" failures="0" hostname="travis-job-fba5e001-e654-48ae-8922-1e005f1e04fe" name="ptolemy.domains.de.test.junit.JUnitTclTest" skipped="0" tests="101" time="142.347" timestamp="2018-04-26T13:09:12">
  <properties>
[...]
</properties>
  <testcase classname="ptolemy.util.test.junit.TclTests" name="[0] /home/travis/build/icyphy/ptII/ptolemy/domains/de/test/DependencyLoop.tcl (RunTclFile)" time="0.837" />
  <testcase classname="ptolemy.util.test.junit.TclTests" name="[1] /home/travis/build/icyphy/ptII/ptolemy/domains/de/test/RunDETestsAsQSS.tcl (RunTclFile)" time="99.649" />
  <testcase classname="ptolemy.util.test.junit.AutoKnownFailedTests" name="[0] /home/travis/build/icyphy/ptII/ptolemy/domains/de/test/auto/knownFailedTests/DESDFClockTest.xml (RunModel)" time="2.03" />
  <testcase classname="ptolemy.util.test.junit.AutoKnownFailedTests" name="[1] /home/travis/build/icyphy/ptII/ptolemy/domains/de/test/auto/knownFailedTests/DirectFeedback.xml (RunModel)" time="0.009" />
  <testcase classname="ptolemy.util.test.junit.AutoKnownFailedTests" name="[2] /home/travis/build/icyphy/ptII/ptolemy/domains/de/test/auto/knownFailedTests/FSMSource.xml (RunModel)" time="0.013" />
  <testcase classname="ptolemy.util.test.junit.AutoKnownFailedTests" name="[3] /home/travis/build/icyphy/ptII/ptolemy/domains/de/test/auto/knownFailedTests/HierarchicalModel.xml (RunModel)" time="0.027" />
  <testcase classname="ptolemy.util.test.junit.AutoKnownFailedTests" name="[4] /home/travis/build/icyphy/ptII/ptolemy/domains/de/test/auto/knownFailedTests/dependencyLoop.xml (RunModel)" time="0.024" />
  <testcase classname="ptolemy.util.test.junit.AutoKnownFailedTests" name="[5] /home/travis/build/icyphy/ptII/ptolemy/domains/de/test/auto/knownFailedTests/dependencyLoop2.xml (RunModel)" time="0.025" />
  <testcase classname="ptolemy.util.test.junit.AutoNameArchTests" name="[0] ThereAreNoAutoTests (RunModel)" time="0.001" />
  <testcase classname="ptolemy.util.test.junit.AutoTests" name="[0] /home/travis/build/icyphy/ptII/ptolemy/domains/de/test/auto/ActorDepthCalculation_actorWithoutPorts.xml (RunModel)" time="0.011" />
  <testcase classname="ptolemy.util.test.junit.AutoTests" name="[1] /home/travis/build/icyphy/ptII/ptolemy/domains/de/test/auto/AssemblyLine.xml (RunModel)" time="0.018" />
  <testcase classname="ptolemy.util.test.junit.AutoTests" name="[2] /home/travis/build/icyphy/ptII/ptolemy/domains/de/test/auto/CQBug1.xml (RunModel)" time="0.007" />
  <testcase classname="ptolemy.util.test.junit.AutoTests" name="[3] /home/travis/build/icyphy/ptII/ptolemy/domains/de/test/auto/CancelFireAt.xml (RunModel)" time="0.006" />
  <testcase classname="ptolemy.util.test.junit.AutoTests" name="[4] /home/travis/build/icyphy/ptII/ptolemy/domains/de/test/auto/CausalityAndComposabilityAnalysis.xml (RunModel)" time="0.011" />
  <testcase classname="ptolemy.util.test.junit.AutoTests" name="[5] /home/travis/build/icyphy/ptII/ptolemy/domains/de/test/auto/CausalityInterface1.xml (RunModel)" time="0.016" />
  <testcase classname="ptolemy.util.test.junit.AutoTests" name="[6] /home/travis/build/icyphy/ptII/ptolemy/domains/de/test/auto/CausalityInterface15.xml (RunModel)" time="0.016" />
  <testcase classname="ptolemy.util.test.junit.AutoTests" name="[7] /home/travis/build/icyphy/ptII/ptolemy/domains/de/test/auto/CausalityInterface2.xml (RunModel)" time="0.016" />
  <testcase classname="ptolemy.util.test.junit.AutoTests" name="[8] /home/travis/build/icyphy/ptII/ptolemy/domains/de/test/auto/CausalityInterface3.xml (RunModel)" time="0.016" />
  <testcase classname="ptolemy.util.test.junit.AutoTests" name="[9] /home/travis/build/icyphy/ptII/ptolemy/domains/de/test/auto/ClockDrift.xml (RunModel)" time="0.026" />
  <testcase classname="ptolemy.util.test.junit.AutoTests" name="[10] /home/travis/build/icyphy/ptII/ptolemy/domains/de/test/auto/ClockDriftAndValueChange.xml (RunModel)" time="0.024" />
  <testcase classname="ptolemy.util.test.junit.AutoTests" name="[11] /home/travis/build/icyphy/ptII/ptolemy/domains/de/test/auto/ClockDriftChange.xml (RunModel)" time="0.021" />
  <testcase classname="ptolemy.util.test.junit.AutoTests" name="[12] /home/travis/build/icyphy/ptII/ptolemy/domains/de/test/auto/ComposableCausalityAnalysis.xml (RunModel)" time="0.014" />
  <testcase classname="ptolemy.util.test.junit.AutoTests" name="[13] /home/travis/build/icyphy/ptII/ptolemy/domains/de/test/auto/DEFixedPointLimitation.xml (RunModel)" time="0.008" />
  <testcase classname="ptolemy.util.test.junit.AutoTests" name="[14] /home/travis/build/icyphy/ptII/ptolemy/domains/de/test/auto/DEScheduleTest.xml (RunModel)" time="0.009" />
  <testcase classname="ptolemy.util.test.junit.AutoTests" name="[15] /home/travis/build/icyphy/ptII/ptolemy/domains/de/test/auto/DEinDEwithStartTimes.xml (RunModel)" time="0.013" />
  <testcase classname="ptolemy.util.test.junit.AutoTests" name="[16] /home/travis/build/icyphy/ptII/ptolemy/domains/de/test/auto/DEinDEwithStartTimes2.xml (RunModel)" time="0.014" />
  <testcase classname="ptolemy.util.test.junit.AutoTests" name="[17] /home/travis/build/icyphy/ptII/ptolemy/domains/de/test/auto/DateDemo.xml (RunModel)" time="0.026" />
  <testcase classname="ptolemy.util.test.junit.AutoTests" name="[18] /home/travis/build/icyphy/ptII/ptolemy/domains/de/test/auto/DateToEvent.xml (RunModel)" time="2.052" />
  <testcase classname="ptolemy.util.test.junit.AutoTests" name="[19] /home/travis/build/icyphy/ptII/ptolemy/domains/de/test/auto/DepthTest1.xml (RunModel)" time="0.011" />
  <testcase classname="ptolemy.util.test.junit.AutoTests" name="[20] /home/travis/build/icyphy/ptII/ptolemy/domains/de/test/auto/DepthTest2.xml (RunModel)" time="0.018" />
  <testcase classname="ptolemy.util.test.junit.AutoTests" name="[21] /home/travis/build/icyphy/ptII/ptolemy/domains/de/test/auto/DepthTest3.xml (RunModel)" time="0.008" />
  <testcase classname="ptolemy.util.test.junit.AutoTests" name="[22] /home/travis/build/icyphy/ptII/ptolemy/domains/de/test/auto/DepthTest4.xml (RunModel)" time="0.015" />
  <testcase classname="ptolemy.util.test.junit.AutoTests" name="[23] /home/travis/build/icyphy/ptII/ptolemy/domains/de/test/auto/DepthTest5.xml (RunModel)" time="0.021" />
  <testcase classname="ptolemy.util.test.junit.AutoTests" name="[24] /home/travis/build/icyphy/ptII/ptolemy/domains/de/test/auto/DepthTest6.xml (RunModel)" time="0.016" />
  <testcase classname="ptolemy.util.test.junit.AutoTests" name="[25] /home/travis/build/icyphy/ptII/ptolemy/domains/de/test/auto/DepthTest7.xml (RunModel)" time="0.013" />
  <testcase classname="ptolemy.util.test.junit.AutoTests" name="[26] /home/travis/build/icyphy/ptII/ptolemy/domains/de/test/auto/EventToDate.xml (RunModel)" time="3.039" />
  <testcase classname="ptolemy.util.test.junit.AutoTests" name="[27] /home/travis/build/icyphy/ptII/ptolemy/domains/de/test/auto/FSM1.xml (RunModel)" time="0.034" />
  <testcase classname="ptolemy.util.test.junit.AutoTests" name="[28] /home/travis/build/icyphy/ptII/ptolemy/domains/de/test/auto/FSM7.xml (RunModel)" time="0.034" />
  <testcase classname="ptolemy.util.test.junit.AutoTests" name="[29] /home/travis/build/icyphy/ptII/ptolemy/domains/de/test/auto/Inspection.xml (RunModel)" time="0.049" />
  <testcase classname="ptolemy.util.test.junit.AutoTests" name="[30] /home/travis/build/icyphy/ptII/ptolemy/domains/de/test/auto/Iteration.xml (RunModel)" time="0.036" />
  <testcase classname="ptolemy.util.test.junit.AutoTests" name="[31] /home/travis/build/icyphy/ptII/ptolemy/domains/de/test/auto/LineFault.xml (RunModel)" time="0.686" />
  <testcase classname="ptolemy.util.test.junit.AutoTests" name="[32] /home/travis/build/icyphy/ptII/ptolemy/domains/de/test/auto/MergeModel1Add.xml (RunModel)" time="0.049" />
  <testcase classname="ptolemy.util.test.junit.AutoTests" name="[33] /home/travis/build/icyphy/ptII/ptolemy/domains/de/test/auto/MergeModel2Add.xml (RunModel)" time="0.041" />
  <testcase classname="ptolemy.util.test.junit.AutoTests" name="[34] /home/travis/build/icyphy/ptII/ptolemy/domains/de/test/auto/MergeModel3Add.xml (RunModel)" time="0.047" />
  <testcase classname="ptolemy.util.test.junit.AutoTests" name="[35] /home/travis/build/icyphy/ptII/ptolemy/domains/de/test/auto/MergeWithoutDiscard.xml (RunModel)" time="0.012" />
  <testcase classname="ptolemy.util.test.junit.AutoTests" name="[36] /home/travis/build/icyphy/ptII/ptolemy/domains/de/test/auto/Modal1.xml (RunModel)" time="0.03" />
  <testcase classname="ptolemy.util.test.junit.AutoTests" name="[37] /home/travis/build/icyphy/ptII/ptolemy/domains/de/test/auto/Modal2.xml (RunModel)" time="0.033" />
  <testcase classname="ptolemy.util.test.junit.AutoTests" name="[38] /home/travis/build/icyphy/ptII/ptolemy/domains/de/test/auto/Modal3.xml (RunModel)" time="0.041" />
  <testcase classname="ptolemy.util.test.junit.AutoTests" name="[39] /home/travis/build/icyphy/ptII/ptolemy/domains/de/test/auto/Modal4.xml (RunModel)" time="0.045" />
  <testcase classname="ptolemy.util.test.junit.AutoTests" name="[40] /home/travis/build/icyphy/ptII/ptolemy/domains/de/test/auto/Modal5.xml (RunModel)" time="0.037" />
  <testcase classname="ptolemy.util.test.junit.AutoTests" name="[41] /home/travis/build/icyphy/ptII/ptolemy/domains/de/test/auto/Modal6.xml (RunModel)" time="0.034" />
  <testcase classname="ptolemy.util.test.junit.AutoTests" name="[42] /home/travis/build/icyphy/ptII/ptolemy/domains/de/test/auto/Modal7.xml (RunModel)" time="0.039" />
  <testcase classname="ptolemy.util.test.junit.AutoTests" name="[43] /home/travis/build/icyphy/ptII/ptolemy/domains/de/test/auto/ModalModel.xml (RunModel)" time="0.218" />
  <testcase classname="ptolemy.util.test.junit.AutoTests" name="[44] /home/travis/build/icyphy/ptII/ptolemy/domains/de/test/auto/ModalSource.xml (RunModel)" time="0.025" />
  <testcase classname="ptolemy.util.test.junit.AutoTests" name="[45] /home/travis/build/icyphy/ptII/ptolemy/domains/de/test/auto/NonInterruptibleTimerZeroDelay.xml (RunModel)" time="0.014" />
  <testcase classname="ptolemy.util.test.junit.AutoTests" name="[46] /home/travis/build/icyphy/ptII/ptolemy/domains/de/test/auto/OpenQueueingNetwork.xml (RunModel)" time="2.81" />
  <testcase classname="ptolemy.util.test.junit.AutoTests" name="[47] /home/travis/build/icyphy/ptII/ptolemy/domains/de/test/auto/OpenQueuingNetwork.xml (RunModel)" time="0.31" />
  <testcase classname="ptolemy.util.test.junit.AutoTests" name="[48] /home/travis/build/icyphy/ptII/ptolemy/domains/de/test/auto/PeriodicSampler.xml (RunModel)" time="0.009" />
  <testcase classname="ptolemy.util.test.junit.AutoTests" name="[49] /home/travis/build/icyphy/ptII/ptolemy/domains/de/test/auto/PersistentIO.xml (RunModel)" time="0.021" />
  <testcase classname="ptolemy.util.test.junit.AutoTests" name="[50] /home/travis/build/icyphy/ptII/ptolemy/domains/de/test/auto/PortParameterResetOnInitialize.xml (RunModel)" time="0.012" />
  <testcase classname="ptolemy.util.test.junit.AutoTests" name="[51] /home/travis/build/icyphy/ptII/ptolemy/domains/de/test/auto/PortParameterUpdates.xml (RunModel)" time="0.023" />
  <testcase classname="ptolemy.util.test.junit.AutoTests" name="[52] /home/travis/build/icyphy/ptII/ptolemy/domains/de/test/auto/QueueAndServer.xml (RunModel)" time="0.025" />
  <testcase classname="ptolemy.util.test.junit.AutoTests" name="[53] /home/travis/build/icyphy/ptII/ptolemy/domains/de/test/auto/Records.xml (RunModel)" time="0.022" />
  <testcase classname="ptolemy.util.test.junit.AutoTests" name="[54] /home/travis/build/icyphy/ptII/ptolemy/domains/de/test/auto/ResetTransitionWithStartTime1.xml (RunModel)" time="0.028" />
  <testcase classname="ptolemy.util.test.junit.AutoTests" name="[55] /home/travis/build/icyphy/ptII/ptolemy/domains/de/test/auto/ResetTransitionWithStartTime2.xml (RunModel)" time="0.025" />
  <testcase classname="ptolemy.util.test.junit.AutoTests" name="[56] /home/travis/build/icyphy/ptII/ptolemy/domains/de/test/auto/ResetTransitionWithStartTime3.xml (RunModel)" time="0.022" />
  <testcase classname="ptolemy.util.test.junit.AutoTests" name="[57] /home/travis/build/icyphy/ptII/ptolemy/domains/de/test/auto/ResetTransitionWithStartTime4.xml (RunModel)" time="0.02" />
  <testcase classname="ptolemy.util.test.junit.AutoTests" name="[58] /home/travis/build/icyphy/ptII/ptolemy/domains/de/test/auto/ResettableTimer1.xml (RunModel)" time="0.011" />
  <testcase classname="ptolemy.util.test.junit.AutoTests" name="[59] /home/travis/build/icyphy/ptII/ptolemy/domains/de/test/auto/ResettableTimer2.xml (RunModel)" time="0.011" />
  <testcase classname="ptolemy.util.test.junit.AutoTests" name="[60] /home/travis/build/icyphy/ptII/ptolemy/domains/de/test/auto/ResettableTimer3.xml (RunModel)" time="0.011" />
  <testcase classname="ptolemy.util.test.junit.AutoTests" name="[61] /home/travis/build/icyphy/ptII/ptolemy/domains/de/test/auto/ResettableTimer4.xml (RunModel)" time="0.011" />
  <testcase classname="ptolemy.util.test.junit.AutoTests" name="[62] /home/travis/build/icyphy/ptII/ptolemy/domains/de/test/auto/ResettableTimer5.xml (RunModel)" time="0.012" />
  <testcase classname="ptolemy.util.test.junit.AutoTests" name="[63] /home/travis/build/icyphy/ptII/ptolemy/domains/de/test/auto/ResettableTimer6.xml (RunModel)" time="0.013" />
  <testcase classname="ptolemy.util.test.junit.AutoTests" name="[64] /home/travis/build/icyphy/ptII/ptolemy/domains/de/test/auto/ServerZeroDelay.xml (RunModel)" time="0.012" />
  <testcase classname="ptolemy.util.test.junit.AutoTests" name="[65] /home/travis/build/icyphy/ptII/ptolemy/domains/de/test/auto/SmartSender.xml (RunModel)" time="3.011" />
  <testcase classname="ptolemy.util.test.junit.AutoTests" name="[66] /home/travis/build/icyphy/ptII/ptolemy/domains/de/test/auto/ThreadedComposite.xml (RunModel)" time="0.236" />
  <testcase classname="ptolemy.util.test.junit.AutoTests" name="[67] /home/travis/build/icyphy/ptII/ptolemy/domains/de/test/auto/Time.xml (RunModel)" time="0.473" />
  <testcase classname="ptolemy.util.test.junit.AutoTests" name="[68] /home/travis/build/icyphy/ptII/ptolemy/domains/de/test/auto/TimeDelayZeroDelay.xml (RunModel)" time="0.012" />
  <testcase classname="ptolemy.util.test.junit.AutoTests" name="[69] /home/travis/build/icyphy/ptII/ptolemy/domains/de/test/auto/TimerZeroDelay.xml (RunModel)" time="0.011" />
  <testcase classname="ptolemy.util.test.junit.AutoTests" name="[70] /home/travis/build/icyphy/ptII/ptolemy/domains/de/test/auto/TimingParadox.xml (RunModel)" time="0.376" />
  <testcase classname="ptolemy.util.test.junit.AutoTests" name="[71] /home/travis/build/icyphy/ptII/ptolemy/domains/de/test/auto/TransferInputs.xml (RunModel)" time="0.018" />
  <testcase classname="ptolemy.util.test.junit.AutoTests" name="[72] /home/travis/build/icyphy/ptII/ptolemy/domains/de/test/auto/TransferOutputs2.xml (RunModel)" time="0.022" />
  <testcase classname="ptolemy.util.test.junit.AutoTests" name="[73] /home/travis/build/icyphy/ptII/ptolemy/domains/de/test/auto/Trilateration.xml (RunModel)" time="12.378" />
  <testcase classname="ptolemy.util.test.junit.AutoTests" name="[74] /home/travis/build/icyphy/ptII/ptolemy/domains/de/test/auto/TwoSigmaDelta.xml (RunModel)" time="2.248" />
  <testcase classname="ptolemy.util.test.junit.AutoTests" name="[75] /home/travis/build/icyphy/ptII/ptolemy/domains/de/test/auto/VariableDelay.xml (RunModel)" time="0.013" />
  <testcase classname="ptolemy.util.test.junit.AutoTests" name="[76] /home/travis/build/icyphy/ptII/ptolemy/domains/de/test/auto/VariableDelay2.xml (RunModel)" time="0.011" />
  <testcase classname="ptolemy.util.test.junit.AutoTests" name="[77] /home/travis/build/icyphy/ptII/ptolemy/domains/de/test/auto/VariableDelayZeroDelay.xml (RunModel)" time="0.012" />
  <testcase classname="ptolemy.util.test.junit.AutoTests" name="[78] /home/travis/build/icyphy/ptII/ptolemy/domains/de/test/auto/VariableDelayZeroDelay2.xml (RunModel)" time="0.011" />
  <testcase classname="ptolemy.util.test.junit.AutoTests" name="[79] /home/travis/build/icyphy/ptII/ptolemy/domains/de/test/auto/deInCt.xml (RunModel)" time="0.017" />
  <testcase classname="ptolemy.util.test.junit.AutoTests" name="[80] /home/travis/build/icyphy/ptII/ptolemy/domains/de/test/auto/deInCt2.xml (RunModel)" time="0.016" />
  <testcase classname="ptolemy.util.test.junit.AutoTests" name="[81] /home/travis/build/icyphy/ptII/ptolemy/domains/de/test/auto/dynamicCausalityInterface1.xml (RunModel)" time="0.023" />
  <testcase classname="ptolemy.util.test.junit.AutoTests" name="[82] /home/travis/build/icyphy/ptII/ptolemy/domains/de/test/auto/fsm_de_test.xml (RunModel)" time="0.026" />
  <testcase classname="ptolemy.util.test.junit.AutoTests" name="[83] /home/travis/build/icyphy/ptII/ptolemy/domains/de/test/auto/functionDependencyReconstruction.xml (RunModel)" time="0.036" />
  <testcase classname="ptolemy.util.test.junit.AutoTests" name="[84] /home/travis/build/icyphy/ptII/ptolemy/domains/de/test/auto/multirate.xml (RunModel)" time="0.017" />
  <testcase classname="ptolemy.util.test.junit.AutoTests" name="[85] /home/travis/build/icyphy/ptII/ptolemy/domains/de/test/auto/multirate2.xml (RunModel)" time="0.015" />
  <testcase classname="ptolemy.util.test.junit.AutoTests" name="[86] /home/travis/build/icyphy/ptII/ptolemy/domains/de/test/auto/realtime.xml (RunModel)" time="10.011" />
  <testcase classname="ptolemy.util.test.junit.AutoTests" name="[87] /home/travis/build/icyphy/ptII/ptolemy/domains/de/test/auto/relationGroup.xml (RunModel)" time="0.008" />
  <testcase classname="ptolemy.util.test.junit.AutoTests" name="[88] /home/travis/build/icyphy/ptII/ptolemy/domains/de/test/auto/relationGroup2.xml (RunModel)" time="0.009" />
  <testcase classname="ptolemy.util.test.junit.AutoTests" name="[89] /home/travis/build/icyphy/ptII/ptolemy/domains/de/test/auto/sortWithOpaquePorts.xml (RunModel)" time="0.01" />
  <testcase classname="ptolemy.util.test.junit.AutoTests" name="[90] /home/travis/build/icyphy/ptII/ptolemy/domains/de/test/auto/transferInputsandOutputs.xml (RunModel)" time="0.016" />
  <testcase classname="ptolemy.util.test.junit.AutoTests" name="[91] /home/travis/build/icyphy/ptII/ptolemy/domains/de/test/auto/triggerType.xml (RunModel)" time="0.009" />
  <system-out><![CDATA[/home/travis/build/icyphy/ptII/ptolemy/domains/de/test/DependencyLoop.tcl
testDefs.tcl: setting time out to 9000 seconds at Thu Apr 26 13:09:12 UTC 2018
17 ms. Memory: 116224K Free: 95177K (82%)
13 ms. Memory: 146944K Free: 137826K (94%)
/home/travis/build/icyphy/ptII/ptolemy/domains/de/test/RunDETestsAsQSS.tcl
Run the DE tests using ptolemy.domains.qss.test.QSSDirectorTest, which extends QSSDirector and prints a message in the constructors.
------------------ testing $PTII/ptolemy/domains/de/test/auto/knownFailedTests/dependencyLoop.xml (Known Failure) 
9 ms. Memory: 146944K Free: 133551K (91%)


==== $PTIIhome/travis/build/icyphy/ptII/ptolemy/domains/de/test/../../../../: Auto Automatic test in file $PTII/ptolemy/domains/de/test/auto/knownFailedTests/dependencyLoop.xml
==== Contents of test case:

	    # FIXME: we should use $relativeFilename here, but it
	    # might have backslashes under Windows, which causes no end
	    # of trouble.
	    createAndExecute $file
	    list {}
	
.... Test generated KNOWN error:
    while executing
ptolemy.kernel.util.IllegalActionException: Found a zero delay loop containing .dependencyLoop.original
  in .dependencyLoop and .dependencyLoop.original
	at ptolemy.actor.util.CausalityInterfaceForComposites._computeOutputPortDepth(CausalityInterfaceForComposites.java:759)
	at ptolemy.actor.util.CausalityInterfaceForComposites._computeInputDepth(CausalityInterfaceForComposites.java:696)
	at ptolemy.actor.util.CausalityInterfaceForComposites._computeOutputPortDepth(CausalityInterfaceForComposites.java:765)
	at ptolemy.actor.util.CausalityInterfaceForComposites._computeInputDepth(CausalityInterfaceForComposites.java:696)
	at ptolemy.actor.util.CausalityInterfaceForComposites._computeOutputPortDepth(CausalityInterfaceForComposites.java:765)
	at ptolemy.actor.util.CausalityInterfaceForComposites._computeInputDepth(CausalityInterfaceForComposites.java:696)
	at ptolemy.actor.util.CausalityInterfaceForComposites._computeActorDepth(CausalityInterfaceForComposites.java:532)
	at ptolemy.actor.util.CausalityInterfaceForComposites.checkForCycles(CausalityInterfaceForComposites.java:96)
	at ptolemy.domains.de.kernel.DEDirector.preinitialize(DEDirector.java:1337)
	at ptolemy.actor.CompositeActor.preinitialize(CompositeActor.java:1828)
	at ptolemy.actor.Manager.preinitializeAndResolveTypes(Manager.java:1040)
	at ptolemy.actor.Manager.initialize(Manager.java:710)
	at ptolemy.actor.Manager.execute(Manager.java:356)
	at ptolemy.actor.Manager.run(Manager.java:1263)
	at ptolemy.actor.Manager$PtolemyRunThread.run(Manager.java:1915)

    while executing
ptolemy.kernel.util.IllegalActionException: Found a zero delay loop containing .dependencyLoop.original
  in .dependencyLoop and .dependencyLoop.original
    while executing
"java::new ptolemy.moml.MoMLSimpleApplication $file
"
    (procedure "createAndExecute" line 2)
    invoked from within
"createAndExecute $file"
    ("uplevel" body line 5)
    invoked from within
"uplevel $contents_of_test"
------------------ testing $PTII/ptolemy/domains/de/test/auto/knownFailedTests/DESDFClockTest.xml (Known Failure) 
2061 ms. Memory: 146944K Free: 117725K (80%)


==== $PTIIhome/travis/build/icyphy/ptII/ptolemy/domains/de/test/../../../../: Auto Automatic test in file $PTII/ptolemy/domains/de/test/auto/knownFailedTests/DESDFClockTest.xml
==== Contents of test case:

	    # FIXME: we should use $relativeFilename here, but it
	    # might have backslashes under Windows, which causes no end
	    # of trouble.
	    createAndExecute $file
	    list {}
	
.... Test generated KNOWN error:
    while executing
ptolemy.kernel.util.IllegalActionException: Actor is not ready to fire.  Perhaps UpSample.prefire() returned false? Try debugging the actor by selecting "Listen to Actor".  Also, for SDF check moml for tokenConsumptionRate on input.
  in .DESDFClockTest.Play Bell.Copy1:SDF Director and .DESDFClockTest.Play Bell.UpSample
	at ptolemy.actor.sched.StaticSchedulingDirector.fire(StaticSchedulingDirector.java:227)
	at ptolemy.domains.sdf.kernel.SDFDirector.fire(SDFDirector.java:500)
	at ptolemy.actor.CompositeActor.fire(CompositeActor.java:455)
	at ptolemy.domains.de.kernel.DEDirector._fire(DEDirector.java:1948)
	at ptolemy.domains.de.kernel.DEDirector.fire(DEDirector.java:502)
	at ptolemy.actor.CompositeActor.fire(CompositeActor.java:455)
	at ptolemy.actor.Manager.iterate(Manager.java:851)
	at ptolemy.actor.Manager.execute(Manager.java:369)
	at ptolemy.actor.Manager.run(Manager.java:1263)
	at ptolemy.actor.Manager$PtolemyRunThread.run(Manager.java:1915)

    while executing
ptolemy.kernel.util.IllegalActionException: Actor is not ready to fire.  Perhaps UpSample.prefire() returned false? Try debugging the actor by selecting "Listen to Actor".  Also, for SDF check moml for tokenConsumptionRate on input.
  in .DESDFClockTest.Play Bell.Copy1:SDF Director and .DESDFClockTest.Play Bell.UpSample
    while executing
"java::new ptolemy.moml.MoMLSimpleApplication $file
"
    (procedure "createAndExecute" line 2)
    invoked from within
"createAndExecute $file"
    ("uplevel" body line 5)
    invoked from within
"uplevel $contents_of_test"
------------------ testing $PTII/ptolemy/domains/de/test/auto/knownFailedTests/FSMSource.xml (Known Failure) 
46 ms. Memory: 146944K Free: 108744K (74%)
!!!! Auto was marked as failing, but now passes
------------------ testing $PTII/ptolemy/domains/de/test/auto/knownFailedTests/dependencyLoop2.xml (Known Failure) 
7 ms. Memory: 146944K Free: 106860K (73%)


==== $PTIIhome/travis/build/icyphy/ptII/ptolemy/domains/de/test/../../../../: Auto Automatic test in file $PTII/ptolemy/domains/de/test/auto/knownFailedTests/dependencyLoop2.xml
==== Contents of test case:

	    # FIXME: we should use $relativeFilename here, but it
	    # might have backslashes under Windows, which causes no end
	    # of trouble.
	    createAndExecute $file
	    list {}
	
.... Test generated KNOWN error:
    while executing
ptolemy.kernel.util.IllegalActionException: Found a zero delay loop containing .dependencyLoop2.original
  in .dependencyLoop2 and .dependencyLoop2.original
	at ptolemy.actor.util.CausalityInterfaceForComposites._computeOutputPortDepth(CausalityInterfaceForComposites.java:759)
	at ptolemy.actor.util.CausalityInterfaceForComposites._computeInputDepth(CausalityInterfaceForComposites.java:696)
	at ptolemy.actor.util.CausalityInterfaceForComposites._computeOutputPortDepth(CausalityInterfaceForComposites.java:765)
	at ptolemy.actor.util.CausalityInterfaceForComposites._computeInputDepth(CausalityInterfaceForComposites.java:696)
	at ptolemy.actor.util.CausalityInterfaceForComposites._computeOutputPortDepth(CausalityInterfaceForComposites.java:765)
	at ptolemy.actor.util.CausalityInterfaceForComposites._computeInputDepth(CausalityInterfaceForComposites.java:696)
	at ptolemy.actor.util.CausalityInterfaceForComposites._computeActorDepth(CausalityInterfaceForComposites.java:532)
	at ptolemy.actor.util.CausalityInterfaceForComposites.checkForCycles(CausalityInterfaceForComposites.java:96)
	at ptolemy.domains.de.kernel.DEDirector.preinitialize(DEDirector.java:1337)
	at ptolemy.actor.CompositeActor.preinitialize(CompositeActor.java:1828)
	at ptolemy.actor.Manager.preinitializeAndResolveTypes(Manager.java:1040)
	at ptolemy.actor.Manager.initialize(Manager.java:710)
	at ptolemy.actor.Manager.execute(Manager.java:356)
	at ptolemy.actor.Manager.run(Manager.java:1263)
	at ptolemy.actor.Manager$PtolemyRunThread.run(Manager.java:1915)

    while executing
ptolemy.kernel.util.IllegalActionException: Found a zero delay loop containing .dependencyLoop2.original
  in .dependencyLoop2 and .dependencyLoop2.original
    while executing
"java::new ptolemy.moml.MoMLSimpleApplication $file
"
    (procedure "createAndExecute" line 2)
    invoked from within
"createAndExecute $file"
    ("uplevel" body line 5)
    invoked from within
"uplevel $contents_of_test"
------------------ testing $PTII/ptolemy/domains/de/test/auto/knownFailedTests/HierarchicalModel.xml (Known Failure) 
6 ms. Memory: 146944K Free: 86229K (59%)


==== $PTIIhome/travis/build/icyphy/ptII/ptolemy/domains/de/test/../../../../: Auto Automatic test in file $PTII/ptolemy/domains/de/test/auto/knownFailedTests/HierarchicalModel.xml
==== Contents of test case:

	    # FIXME: we should use $relativeFilename here, but it
	    # might have backslashes under Windows, which causes no end
	    # of trouble.
	    createAndExecute $file
	    list {}
	
.... Test generated KNOWN error:
    while executing
ptolemy.kernel.util.IllegalActionException: Found a zero delay loop containing .HierarchicalModel.A
  in .HierarchicalModel and .HierarchicalModel.A
	at ptolemy.actor.util.CausalityInterfaceForComposites._computeOutputPortDepth(CausalityInterfaceForComposites.java:759)
	at ptolemy.actor.util.CausalityInterfaceForComposites._computeInputDepth(CausalityInterfaceForComposites.java:696)
	at ptolemy.actor.util.CausalityInterfaceForComposites._computeOutputPortDepth(CausalityInterfaceForComposites.java:765)
	at ptolemy.actor.util.CausalityInterfaceForComposites._computeInputDepth(CausalityInterfaceForComposites.java:696)
	at ptolemy.actor.util.CausalityInterfaceForComposites._computeOutputPortDepth(CausalityInterfaceForComposites.java:765)
	at ptolemy.actor.util.CausalityInterfaceForComposites._computeInputDepth(CausalityInterfaceForComposites.java:696)
	at ptolemy.actor.util.CausalityInterfaceForComposites._computeActorDepth(CausalityInterfaceForComposites.java:532)
	at ptolemy.actor.util.CausalityInterfaceForComposites.checkForCycles(CausalityInterfaceForComposites.java:96)
	at ptolemy.domains.de.kernel.DEDirector.preinitialize(DEDirector.java:1337)
	at ptolemy.actor.CompositeActor.preinitialize(CompositeActor.java:1828)
	at ptolemy.actor.Manager.preinitializeAndResolveTypes(Manager.java:1040)
	at ptolemy.actor.Manager.initialize(Manager.java:710)
	at ptolemy.actor.Manager.execute(Manager.java:356)
	at ptolemy.actor.Manager.run(Manager.java:1263)
	at ptolemy.actor.Manager$PtolemyRunThread.run(Manager.java:1915)

    while executing
ptolemy.kernel.util.IllegalActionException: Found a zero delay loop containing .HierarchicalModel.A
  in .HierarchicalModel and .HierarchicalModel.A
    while executing
"java::new ptolemy.moml.MoMLSimpleApplication $file
"
    (procedure "createAndExecute" line 2)
    invoked from within
"createAndExecute $file"
    ("uplevel" body line 5)
    invoked from within
"uplevel $contents_of_test"
------------------ testing $PTII/ptolemy/domains/de/test/auto/knownFailedTests/DirectFeedback.xml (Known Failure) 
11 ms. Memory: 146944K Free: 82053K (56%)


==== $PTIIhome/travis/build/icyphy/ptII/ptolemy/domains/de/test/../../../../: Auto Automatic test in file $PTII/ptolemy/domains/de/test/auto/knownFailedTests/DirectFeedback.xml
==== Contents of test case:

	    # FIXME: we should use $relativeFilename here, but it
	    # might have backslashes under Windows, which causes no end
	    # of trouble.
	    createAndExecute $file
	    list {}
	
.... Test generated KNOWN error:
    while executing
ptolemy.kernel.util.IllegalActionException: Test fails in iteration 1.
Value was: 1.0. Should have been: 2.0
  in .DirectFeedback.Test
	at ptolemy.actor.lib.Test.fire(Test.java:268)
	at ptolemy.domains.de.kernel.DEDirector._fire(DEDirector.java:1948)
	at ptolemy.domains.de.kernel.DEDirector.fire(DEDirector.java:502)
	at ptolemy.actor.CompositeActor.fire(CompositeActor.java:455)
	at ptolemy.actor.Manager.iterate(Manager.java:851)
	at ptolemy.actor.Manager.execute(Manager.java:369)
	at ptolemy.actor.Manager.run(Manager.java:1263)
	at ptolemy.actor.Manager$PtolemyRunThread.run(Manager.java:1915)

    while executing
ptolemy.kernel.util.IllegalActionException: Test fails in iteration 1.
Value was: 1.0. Should have been: 2.0
  in .DirectFeedback.Test
    while executing
"java::new ptolemy.moml.MoMLSimpleApplication $file
"
    (procedure "createAndExecute" line 2)
    invoked from within
"createAndExecute $file"
    ("uplevel" body line 5)
    invoked from within
"uplevel $contents_of_test"
------------------ testing $PTII/ptolemy/domains/de/test/auto/ActorDepthCalculation_actorWithoutPorts.xml
auto.tcl: Setting watchdog for 200 seconds at Thu Apr 26 13:09:15 UTC 2018
5 ms. Memory: 146944K Free: 134940K (92%)
ptolemy.util.test.WatchDog.cancel(): canceling Thu Apr 26 13:09:15 UTC 2018
auto.tcl: Setting watchdog for 200 seconds at Thu Apr 26 13:09:15 UTC 2018
8 ms. Memory: 146944K Free: 132890K (90%)
ptolemy.util.test.WatchDog.cancel(): canceling Thu Apr 26 13:09:15 UTC 2018
------------------ testing $PTII/ptolemy/domains/de/test/auto/AssemblyLine.xml
auto.tcl: Setting watchdog for 200 seconds at Thu Apr 26 13:09:16 UTC 2018
25 ms. Memory: 208384K Free: 182700K (88%)
ptolemy.util.test.WatchDog.cancel(): canceling Thu Apr 26 13:09:16 UTC 2018
auto.tcl: Setting watchdog for 200 seconds at Thu Apr 26 13:09:16 UTC 2018
14 ms. Memory: 208384K Free: 182700K (88%)
ptolemy.util.test.WatchDog.cancel(): canceling Thu Apr 26 13:09:16 UTC 2018
------------------ testing $PTII/ptolemy/domains/de/test/auto/CQBug1.xml
auto.tcl: Setting watchdog for 200 seconds at Thu Apr 26 13:09:16 UTC 2018
21 ms. Memory: 208384K Free: 197649K (95%)
ptolemy.util.test.WatchDog.cancel(): canceling Thu Apr 26 13:09:16 UTC 2018
auto.tcl: Setting watchdog for 200 seconds at Thu Apr 26 13:09:16 UTC 2018
2 ms. Memory: 208384K Free: 197649K (95%)
ptolemy.util.test.WatchDog.cancel(): canceling Thu Apr 26 13:09:16 UTC 2018
------------------ testing $PTII/ptolemy/domains/de/test/auto/CancelFireAt.xml
auto.tcl: Setting watchdog for 200 seconds at Thu Apr 26 13:09:16 UTC 2018
8 ms. Memory: 208384K Free: 201071K (96%)
ptolemy.util.test.WatchDog.cancel(): canceling Thu Apr 26 13:09:16 UTC 2018
auto.tcl: Setting watchdog for 200 seconds at Thu Apr 26 13:09:16 UTC 2018
2 ms. Memory: 208384K Free: 198932K (95%)
ptolemy.util.test.WatchDog.cancel(): canceling Thu Apr 26 13:09:16 UTC 2018
------------------ testing $PTII/ptolemy/domains/de/test/auto/CausalityAndComposabilityAnalysis.xml
auto.tcl: Setting watchdog for 200 seconds at Thu Apr 26 13:09:16 UTC 2018
10 ms. Memory: 208384K Free: 198529K (95%)
ptolemy.util.test.WatchDog.cancel(): canceling Thu Apr 26 13:09:16 UTC 2018
auto.tcl: Setting watchdog for 200 seconds at Thu Apr 26 13:09:16 UTC 2018
12 ms. Memory: 208384K Free: 196390K (94%)
ptolemy.util.test.WatchDog.cancel(): canceling Thu Apr 26 13:09:16 UTC 2018
------------------ testing $PTII/ptolemy/domains/de/test/auto/CausalityInterface1.xml
auto.tcl: Setting watchdog for 200 seconds at Thu Apr 26 13:09:17 UTC 2018
19 ms. Memory: 208384K Free: 196329K (94%)
ptolemy.util.test.WatchDog.cancel(): canceling Thu Apr 26 13:09:17 UTC 2018
auto.tcl: Setting watchdog for 200 seconds at Thu Apr 26 13:09:17 UTC 2018
6 ms. Memory: 208384K Free: 196329K (94%)
ptolemy.util.test.WatchDog.cancel(): canceling Thu Apr 26 13:09:17 UTC 2018
------------------ testing $PTII/ptolemy/domains/de/test/auto/CausalityInterface15.xml
auto.tcl: Setting watchdog for 200 seconds at Thu Apr 26 13:09:17 UTC 2018
9 ms. Memory: 208384K Free: 196319K (94%)
ptolemy.util.test.WatchDog.cancel(): canceling Thu Apr 26 13:09:17 UTC 2018
auto.tcl: Setting watchdog for 200 seconds at Thu Apr 26 13:09:17 UTC 2018
5 ms. Memory: 208384K Free: 196319K (94%)
ptolemy.util.test.WatchDog.cancel(): canceling Thu Apr 26 13:09:17 UTC 2018
------------------ testing $PTII/ptolemy/domains/de/test/auto/CausalityInterface2.xml
auto.tcl: Setting watchdog for 200 seconds at Thu Apr 26 13:09:17 UTC 2018
4 ms. Memory: 208384K Free: 196302K (94%)
ptolemy.util.test.WatchDog.cancel(): canceling Thu Apr 26 13:09:17 UTC 2018
auto.tcl: Setting watchdog for 200 seconds at Thu Apr 26 13:09:17 UTC 2018
3 ms. Memory: 208384K Free: 196302K (94%)
ptolemy.util.test.WatchDog.cancel(): canceling Thu Apr 26 13:09:17 UTC 2018
------------------ testing $PTII/ptolemy/domains/de/test/auto/CausalityInterface3.xml
auto.tcl: Setting watchdog for 200 seconds at Thu Apr 26 13:09:17 UTC 2018
7 ms. Memory: 208384K Free: 196315K (94%)
ptolemy.util.test.WatchDog.cancel(): canceling Thu Apr 26 13:09:17 UTC 2018
auto.tcl: Setting watchdog for 200 seconds at Thu Apr 26 13:09:17 UTC 2018
4 ms. Memory: 208384K Free: 196315K (94%)
ptolemy.util.test.WatchDog.cancel(): canceling Thu Apr 26 13:09:17 UTC 2018
------------------ testing $PTII/ptolemy/domains/de/test/auto/ClockDrift.xml
auto.tcl: Setting watchdog for 200 seconds at Thu Apr 26 13:09:17 UTC 2018
113 ms. Memory: 208384K Free: 187431K (90%)
ptolemy.util.test.WatchDog.cancel(): canceling Thu Apr 26 13:09:17 UTC 2018
auto.tcl: Setting watchdog for 200 seconds at Thu Apr 26 13:09:17 UTC 2018
66 ms. Memory: 208384K Free: 185292K (89%)
ptolemy.util.test.WatchDog.cancel(): canceling Thu Apr 26 13:09:17 UTC 2018
------------------ testing $PTII/ptolemy/domains/de/test/auto/ClockDriftAndValueChange.xml
auto.tcl: Setting watchdog for 200 seconds at Thu Apr 26 13:09:17 UTC 2018
50 ms. Memory: 208384K Free: 187264K (90%)
ptolemy.util.test.WatchDog.cancel(): canceling Thu Apr 26 13:09:17 UTC 2018
auto.tcl: Setting watchdog for 200 seconds at Thu Apr 26 13:09:17 UTC 2018
44 ms. Memory: 208384K Free: 185125K (89%)
ptolemy.util.test.WatchDog.cancel(): canceling Thu Apr 26 13:09:17 UTC 2018
------------------ testing $PTII/ptolemy/domains/de/test/auto/ClockDriftChange.xml
auto.tcl: Setting watchdog for 200 seconds at Thu Apr 26 13:09:18 UTC 2018
22 ms. Memory: 208384K Free: 190625K (91%)
ptolemy.util.test.WatchDog.cancel(): canceling Thu Apr 26 13:09:18 UTC 2018
auto.tcl: Setting watchdog for 200 seconds at Thu Apr 26 13:09:18 UTC 2018
31 ms. Memory: 208384K Free: 188486K (90%)
ptolemy.util.test.WatchDog.cancel(): canceling Thu Apr 26 13:09:18 UTC 2018
------------------ testing $PTII/ptolemy/domains/de/test/auto/ComposableCausalityAnalysis.xml
auto.tcl: Setting watchdog for 200 seconds at Thu Apr 26 13:09:18 UTC 2018
3 ms. Memory: 208384K Free: 196170K (94%)
ptolemy.util.test.WatchDog.cancel(): canceling Thu Apr 26 13:09:18 UTC 2018
auto.tcl: Setting watchdog for 200 seconds at Thu Apr 26 13:09:18 UTC 2018
3 ms. Memory: 208384K Free: 196170K (94%)
ptolemy.util.test.WatchDog.cancel(): canceling Thu Apr 26 13:09:18 UTC 2018
------------------ testing $PTII/ptolemy/domains/de/test/auto/DEFixedPointLimitation.xml
auto.tcl: Setting watchdog for 200 seconds at Thu Apr 26 13:09:18 UTC 2018
4 ms. Memory: 208384K Free: 198390K (95%)
ptolemy.util.test.WatchDog.cancel(): canceling Thu Apr 26 13:09:18 UTC 2018
auto.tcl: Setting watchdog for 200 seconds at Thu Apr 26 13:09:18 UTC 2018
4 ms. Memory: 208384K Free: 196251K (94%)
ptolemy.util.test.WatchDog.cancel(): canceling Thu Apr 26 13:09:18 UTC 2018
------------------ testing $PTII/ptolemy/domains/de/test/auto/DEScheduleTest.xml
auto.tcl: Setting watchdog for 200 seconds at Thu Apr 26 13:09:18 UTC 2018
7 ms. Memory: 208384K Free: 198425K (95%)
ptolemy.util.test.WatchDog.cancel(): canceling Thu Apr 26 13:09:18 UTC 2018
auto.tcl: Setting watchdog for 200 seconds at Thu Apr 26 13:09:18 UTC 2018
5 ms. Memory: 208384K Free: 196286K (94%)
ptolemy.util.test.WatchDog.cancel(): canceling Thu Apr 26 13:09:18 UTC 2018
------------------ testing $PTII/ptolemy/domains/de/test/auto/DEinDEwithStartTimes.xml
auto.tcl: Setting watchdog for 200 seconds at Thu Apr 26 13:09:18 UTC 2018
8 ms. Memory: 208384K Free: 196255K (94%)
ptolemy.util.test.WatchDog.cancel(): canceling Thu Apr 26 13:09:18 UTC 2018
auto.tcl: Setting watchdog for 200 seconds at Thu Apr 26 13:09:18 UTC 2018
7 ms. Memory: 208384K Free: 196255K (94%)
ptolemy.util.test.WatchDog.cancel(): canceling Thu Apr 26 13:09:18 UTC 2018
------------------ testing $PTII/ptolemy/domains/de/test/auto/DEinDEwithStartTimes2.xml
auto.tcl: Setting watchdog for 200 seconds at Thu Apr 26 13:09:18 UTC 2018
13 ms. Memory: 208384K Free: 196235K (94%)
ptolemy.util.test.WatchDog.cancel(): canceling Thu Apr 26 13:09:18 UTC 2018
auto.tcl: Setting watchdog for 200 seconds at Thu Apr 26 13:09:18 UTC 2018
5 ms. Memory: 208384K Free: 194096K (93%)
ptolemy.util.test.WatchDog.cancel(): canceling Thu Apr 26 13:09:18 UTC 2018
------------------ testing $PTII/ptolemy/domains/de/test/auto/DateDemo.xml
auto.tcl: Setting watchdog for 200 seconds at Thu Apr 26 13:09:18 UTC 2018
9 ms. Memory: 208384K Free: 188547K (90%)
ptolemy.util.test.WatchDog.cancel(): canceling Thu Apr 26 13:09:18 UTC 2018
auto.tcl: Setting watchdog for 200 seconds at Thu Apr 26 13:09:18 UTC 2018
12 ms. Memory: 208384K Free: 186408K (89%)
ptolemy.util.test.WatchDog.cancel(): canceling Thu Apr 26 13:09:18 UTC 2018
------------------ testing $PTII/ptolemy/domains/de/test/auto/DateToEvent.xml
auto.tcl: Setting watchdog for 200 seconds at Thu Apr 26 13:09:18 UTC 2018
2019 ms. Memory: 208384K Free: 182997K (88%)
ptolemy.util.test.WatchDog.cancel(): canceling Thu Apr 26 13:09:21 UTC 2018
auto.tcl: Setting watchdog for 200 seconds at Thu Apr 26 13:09:21 UTC 2018
2006 ms. Memory: 208384K Free: 180539K (87%)
ptolemy.util.test.WatchDog.cancel(): canceling Thu Apr 26 13:09:23 UTC 2018
------------------ testing $PTII/ptolemy/domains/de/test/auto/DepthTest1.xml
auto.tcl: Setting watchdog for 200 seconds at Thu Apr 26 13:09:23 UTC 2018
4 ms. Memory: 208384K Free: 198147K (95%)
ptolemy.util.test.WatchDog.cancel(): canceling Thu Apr 26 13:09:23 UTC 2018
auto.tcl: Setting watchdog for 200 seconds at Thu Apr 26 13:09:23 UTC 2018
6 ms. Memory: 208384K Free: 198147K (95%)
ptolemy.util.test.WatchDog.cancel(): canceling Thu Apr 26 13:09:23 UTC 2018
------------------ testing $PTII/ptolemy/domains/de/test/auto/DepthTest2.xml
auto.tcl: Setting watchdog for 200 seconds at Thu Apr 26 13:09:23 UTC 2018
12 ms. Memory: 208384K Free: 193965K (93%)
ptolemy.util.test.WatchDog.cancel(): canceling Thu Apr 26 13:09:23 UTC 2018
auto.tcl: Setting watchdog for 200 seconds at Thu Apr 26 13:09:23 UTC 2018
7 ms. Memory: 208384K Free: 193965K (93%)
ptolemy.util.test.WatchDog.cancel(): canceling Thu Apr 26 13:09:23 UTC 2018
------------------ testing $PTII/ptolemy/domains/de/test/auto/DepthTest3.xml
auto.tcl: Setting watchdog for 200 seconds at Thu Apr 26 13:09:23 UTC 2018
3 ms. Memory: 208384K Free: 198145K (95%)
ptolemy.util.test.WatchDog.cancel(): canceling Thu Apr 26 13:09:23 UTC 2018
auto.tcl: Setting watchdog for 200 seconds at Thu Apr 26 13:09:23 UTC 2018
2 ms. Memory: 208384K Free: 198145K (95%)
ptolemy.util.test.WatchDog.cancel(): canceling Thu Apr 26 13:09:23 UTC 2018
------------------ testing $PTII/ptolemy/domains/de/test/auto/DepthTest4.xml
auto.tcl: Setting watchdog for 200 seconds at Thu Apr 26 13:09:23 UTC 2018
6 ms. Memory: 208384K Free: 196094K (94%)
ptolemy.util.test.WatchDog.cancel(): canceling Thu Apr 26 13:09:23 UTC 2018
auto.tcl: Setting watchdog for 200 seconds at Thu Apr 26 13:09:23 UTC 2018
2 ms. Memory: 208384K Free: 196094K (94%)
ptolemy.util.test.WatchDog.cancel(): canceling Thu Apr 26 13:09:23 UTC 2018
------------------ testing $PTII/ptolemy/domains/de/test/auto/DepthTest5.xml
auto.tcl: Setting watchdog for 200 seconds at Thu Apr 26 13:09:23 UTC 2018
4 ms. Memory: 208384K Free: 196378K (94%)
ptolemy.util.test.WatchDog.cancel(): canceling Thu Apr 26 13:09:23 UTC 2018
auto.tcl: Setting watchdog for 200 seconds at Thu Apr 26 13:09:23 UTC 2018
4 ms. Memory: 208384K Free: 196378K (94%)
ptolemy.util.test.WatchDog.cancel(): canceling Thu Apr 26 13:09:23 UTC 2018
------------------ testing $PTII/ptolemy/domains/de/test/auto/DepthTest6.xml
auto.tcl: Setting watchdog for 200 seconds at Thu Apr 26 13:09:23 UTC 2018
4 ms. Memory: 208384K Free: 196354K (94%)
ptolemy.util.test.WatchDog.cancel(): canceling Thu Apr 26 13:09:23 UTC 2018
auto.tcl: Setting watchdog for 200 seconds at Thu Apr 26 13:09:23 UTC 2018
2 ms. Memory: 208384K Free: 196354K (94%)
ptolemy.util.test.WatchDog.cancel(): canceling Thu Apr 26 13:09:23 UTC 2018
------------------ testing $PTII/ptolemy/domains/de/test/auto/DepthTest7.xml
auto.tcl: Setting watchdog for 200 seconds at Thu Apr 26 13:09:23 UTC 2018
3 ms. Memory: 208384K Free: 196014K (94%)
ptolemy.util.test.WatchDog.cancel(): canceling Thu Apr 26 13:09:23 UTC 2018
auto.tcl: Setting watchdog for 200 seconds at Thu Apr 26 13:09:23 UTC 2018
2 ms. Memory: 208384K Free: 196014K (94%)
ptolemy.util.test.WatchDog.cancel(): canceling Thu Apr 26 13:09:23 UTC 2018
------------------ testing $PTII/ptolemy/domains/de/test/auto/EventToDate.xml
auto.tcl: Setting watchdog for 200 seconds at Thu Apr 26 13:09:23 UTC 2018
3007 ms. Memory: 208384K Free: 185342K (89%)
ptolemy.util.test.WatchDog.cancel(): canceling Thu Apr 26 13:09:26 UTC 2018
auto.tcl: Setting watchdog for 200 seconds at Thu Apr 26 13:09:26 UTC 2018
3006 ms. Memory: 208384K Free: 185342K (89%)
ptolemy.util.test.WatchDog.cancel(): canceling Thu Apr 26 13:09:29 UTC 2018
------------------ testing $PTII/ptolemy/domains/de/test/auto/FSM1.xml
auto.tcl: Setting watchdog for 200 seconds at Thu Apr 26 13:09:29 UTC 2018
21 ms. Memory: 208384K Free: 188972K (91%)
ptolemy.util.test.WatchDog.cancel(): canceling Thu Apr 26 13:09:29 UTC 2018
auto.tcl: Setting watchdog for 200 seconds at Thu Apr 26 13:09:29 UTC 2018
18 ms. Memory: 208384K Free: 184695K (89%)
ptolemy.util.test.WatchDog.cancel(): canceling Thu Apr 26 13:09:29 UTC 2018
------------------ testing $PTII/ptolemy/domains/de/test/auto/FSM7.xml
auto.tcl: Setting watchdog for 200 seconds at Thu Apr 26 13:09:29 UTC 2018
16 ms. Memory: 208384K Free: 187036K (90%)
ptolemy.util.test.WatchDog.cancel(): canceling Thu Apr 26 13:09:30 UTC 2018
auto.tcl: Setting watchdog for 200 seconds at Thu Apr 26 13:09:30 UTC 2018
17 ms. Memory: 208384K Free: 184898K (89%)
ptolemy.util.test.WatchDog.cancel(): canceling Thu Apr 26 13:09:30 UTC 2018
------------------ testing $PTII/ptolemy/domains/de/test/auto/Inspection.xml
auto.tcl: Setting watchdog for 200 seconds at Thu Apr 26 13:09:30 UTC 2018
46 ms. Memory: 208384K Free: 188588K (91%)
ptolemy.util.test.WatchDog.cancel(): canceling Thu Apr 26 13:09:30 UTC 2018
auto.tcl: Setting watchdog for 200 seconds at Thu Apr 26 13:09:30 UTC 2018
27 ms. Memory: 208384K Free: 186449K (89%)
ptolemy.util.test.WatchDog.cancel(): canceling Thu Apr 26 13:09:30 UTC 2018
------------------ testing $PTII/ptolemy/domains/de/test/auto/Iteration.xml
auto.tcl: Setting watchdog for 200 seconds at Thu Apr 26 13:09:30 UTC 2018
11 ms. Memory: 208384K Free: 194003K (93%)
ptolemy.util.test.WatchDog.cancel(): canceling Thu Apr 26 13:09:30 UTC 2018
auto.tcl: Setting watchdog for 200 seconds at Thu Apr 26 13:09:30 UTC 2018
9 ms. Memory: 208384K Free: 194003K (93%)
ptolemy.util.test.WatchDog.cancel(): canceling Thu Apr 26 13:09:30 UTC 2018
------------------ testing $PTII/ptolemy/domains/de/test/auto/LineFault.xml
auto.tcl: Setting watchdog for 200 seconds at Thu Apr 26 13:09:30 UTC 2018
1021 ms. Memory: 208384K Free: 194780K (93%)
ptolemy.util.test.WatchDog.cancel(): canceling Thu Apr 26 13:09:31 UTC 2018
auto.tcl: Setting watchdog for 200 seconds at Thu Apr 26 13:09:31 UTC 2018
836 ms. Memory: 208384K Free: 138272K (66%)
ptolemy.util.test.WatchDog.cancel(): canceling Thu Apr 26 13:09:32 UTC 2018
------------------ testing $PTII/ptolemy/domains/de/test/auto/MergeModel1Add.xml
auto.tcl: Setting watchdog for 200 seconds at Thu Apr 26 13:09:32 UTC 2018
23 ms. Memory: 331264K Free: 302775K (91%)
ptolemy.util.test.WatchDog.cancel(): canceling Thu Apr 26 13:09:32 UTC 2018
auto.tcl: Setting watchdog for 200 seconds at Thu Apr 26 13:09:32 UTC 2018
17 ms. Memory: 331264K Free: 298846K (90%)
ptolemy.util.test.WatchDog.cancel(): canceling Thu Apr 26 13:09:32 UTC 2018
------------------ testing $PTII/ptolemy/domains/de/test/auto/MergeModel2Add.xml
auto.tcl: Setting watchdog for 200 seconds at Thu Apr 26 13:09:32 UTC 2018
22 ms. Memory: 331264K Free: 304112K (92%)
ptolemy.util.test.WatchDog.cancel(): canceling Thu Apr 26 13:09:32 UTC 2018
auto.tcl: Setting watchdog for 200 seconds at Thu Apr 26 13:09:32 UTC 2018
13 ms. Memory: 331264K Free: 300183K (91%)
ptolemy.util.test.WatchDog.cancel(): canceling Thu Apr 26 13:09:32 UTC 2018
------------------ testing $PTII/ptolemy/domains/de/test/auto/MergeModel3Add.xml
auto.tcl: Setting watchdog for 200 seconds at Thu Apr 26 13:09:33 UTC 2018
10 ms. Memory: 331264K Free: 304122K (92%)
ptolemy.util.test.WatchDog.cancel(): canceling Thu Apr 26 13:09:33 UTC 2018
auto.tcl: Setting watchdog for 200 seconds at Thu Apr 26 13:09:33 UTC 2018
13 ms. Memory: 331264K Free: 300193K (91%)
ptolemy.util.test.WatchDog.cancel(): canceling Thu Apr 26 13:09:33 UTC 2018
------------------ testing $PTII/ptolemy/domains/de/test/auto/MergeWithoutDiscard.xml
auto.tcl: Setting watchdog for 200 seconds at Thu Apr 26 13:09:33 UTC 2018
5 ms. Memory: 331264K Free: 315906K (95%)
ptolemy.util.test.WatchDog.cancel(): canceling Thu Apr 26 13:09:33 UTC 2018
auto.tcl: Setting watchdog for 200 seconds at Thu Apr 26 13:09:33 UTC 2018
1 ms. Memory: 331264K Free: 315906K (95%)
ptolemy.util.test.WatchDog.cancel(): canceling Thu Apr 26 13:09:33 UTC 2018
------------------ testing $PTII/ptolemy/domains/de/test/auto/Modal1.xml
auto.tcl: Setting watchdog for 200 seconds at Thu Apr 26 13:09:33 UTC 2018
18 ms. Memory: 331264K Free: 309817K (94%)
ptolemy.util.test.WatchDog.cancel(): canceling Thu Apr 26 13:09:33 UTC 2018
auto.tcl: Setting watchdog for 200 seconds at Thu Apr 26 13:09:33 UTC 2018
16 ms. Memory: 331264K Free: 305887K (92%)
ptolemy.util.test.WatchDog.cancel(): canceling Thu Apr 26 13:09:33 UTC 2018
------------------ testing $PTII/ptolemy/domains/de/test/auto/Modal2.xml
auto.tcl: Setting watchdog for 200 seconds at Thu Apr 26 13:09:33 UTC 2018
20 ms. Memory: 331264K Free: 309690K (93%)
ptolemy.util.test.WatchDog.cancel(): canceling Thu Apr 26 13:09:33 UTC 2018
auto.tcl: Setting watchdog for 200 seconds at Thu Apr 26 13:09:33 UTC 2018
15 ms. Memory: 331264K Free: 305761K (92%)
ptolemy.util.test.WatchDog.cancel(): canceling Thu Apr 26 13:09:33 UTC 2018
------------------ testing $PTII/ptolemy/domains/de/test/auto/Modal3.xml
auto.tcl: Setting watchdog for 200 seconds at Thu Apr 26 13:09:33 UTC 2018
13 ms. Memory: 331264K Free: 309487K (93%)
ptolemy.util.test.WatchDog.cancel(): canceling Thu Apr 26 13:09:33 UTC 2018
auto.tcl: Setting watchdog for 200 seconds at Thu Apr 26 13:09:33 UTC 2018
14 ms. Memory: 331264K Free: 305558K (92%)
ptolemy.util.test.WatchDog.cancel(): canceling Thu Apr 26 13:09:33 UTC 2018
------------------ testing $PTII/ptolemy/domains/de/test/auto/Modal4.xml
auto.tcl: Setting watchdog for 200 seconds at Thu Apr 26 13:09:33 UTC 2018
17 ms. Memory: 331264K Free: 304577K (92%)
ptolemy.util.test.WatchDog.cancel(): canceling Thu Apr 26 13:09:33 UTC 2018
auto.tcl: Setting watchdog for 200 seconds at Thu Apr 26 13:09:33 UTC 2018
27 ms. Memory: 331264K Free: 300647K (91%)
ptolemy.util.test.WatchDog.cancel(): canceling Thu Apr 26 13:09:33 UTC 2018
------------------ testing $PTII/ptolemy/domains/de/test/auto/Modal5.xml
auto.tcl: Setting watchdog for 200 seconds at Thu Apr 26 13:09:33 UTC 2018
20 ms. Memory: 331264K Free: 309479K (93%)
ptolemy.util.test.WatchDog.cancel(): canceling Thu Apr 26 13:09:33 UTC 2018
auto.tcl: Setting watchdog for 200 seconds at Thu Apr 26 13:09:33 UTC 2018
17 ms. Memory: 331264K Free: 305549K (92%)
ptolemy.util.test.WatchDog.cancel(): canceling Thu Apr 26 13:09:33 UTC 2018
------------------ testing $PTII/ptolemy/domains/de/test/auto/Modal6.xml
auto.tcl: Setting watchdog for 200 seconds at Thu Apr 26 13:09:33 UTC 2018
15 ms. Memory: 331264K Free: 309476K (93%)
ptolemy.util.test.WatchDog.cancel(): canceling Thu Apr 26 13:09:33 UTC 2018
auto.tcl: Setting watchdog for 200 seconds at Thu Apr 26 13:09:33 UTC 2018
18 ms. Memory: 331264K Free: 305547K (92%)
ptolemy.util.test.WatchDog.cancel(): canceling Thu Apr 26 13:09:33 UTC 2018
------------------ testing $PTII/ptolemy/domains/de/test/auto/Modal7.xml
auto.tcl: Setting watchdog for 200 seconds at Thu Apr 26 13:09:34 UTC 2018
13 ms. Memory: 331264K Free: 309477K (93%)
ptolemy.util.test.WatchDog.cancel(): canceling Thu Apr 26 13:09:34 UTC 2018
auto.tcl: Setting watchdog for 200 seconds at Thu Apr 26 13:09:34 UTC 2018
13 ms. Memory: 331264K Free: 305547K (92%)
ptolemy.util.test.WatchDog.cancel(): canceling Thu Apr 26 13:09:34 UTC 2018
------------------ testing $PTII/ptolemy/domains/de/test/auto/ModalModel.xml
auto.tcl: Setting watchdog for 200 seconds at Thu Apr 26 13:09:34 UTC 2018
206 ms. Memory: 331264K Free: 246047K (74%)
ptolemy.util.test.WatchDog.cancel(): canceling Thu Apr 26 13:09:34 UTC 2018
auto.tcl: Setting watchdog for 200 seconds at Thu Apr 26 13:09:34 UTC 2018
229 ms. Memory: 331264K Free: 191035K (58%)
ptolemy.util.test.WatchDog.cancel(): canceling Thu Apr 26 13:09:34 UTC 2018
------------------ testing $PTII/ptolemy/domains/de/test/auto/ModalSource.xml
auto.tcl: Setting watchdog for 200 seconds at Thu Apr 26 13:09:34 UTC 2018
14 ms. Memory: 331264K Free: 316237K (95%)
ptolemy.util.test.WatchDog.cancel(): canceling Thu Apr 26 13:09:34 UTC 2018
auto.tcl: Setting watchdog for 200 seconds at Thu Apr 26 13:09:34 UTC 2018
13 ms. Memory: 331264K Free: 312735K (94%)
ptolemy.util.test.WatchDog.cancel(): canceling Thu Apr 26 13:09:34 UTC 2018
------------------ testing $PTII/ptolemy/domains/de/test/auto/NonInterruptibleTimerZeroDelay.xml
auto.tcl: Setting watchdog for 200 seconds at Thu Apr 26 13:09:34 UTC 2018
5 ms. Memory: 331264K Free: 320575K (97%)
ptolemy.util.test.WatchDog.cancel(): canceling Thu Apr 26 13:09:34 UTC 2018
auto.tcl: Setting watchdog for 200 seconds at Thu Apr 26 13:09:34 UTC 2018
3 ms. Memory: 331264K Free: 317074K (96%)
ptolemy.util.test.WatchDog.cancel(): canceling Thu Apr 26 13:09:34 UTC 2018
------------------ testing $PTII/ptolemy/domains/de/test/auto/OpenQueueingNetwork.xml
auto.tcl: Setting watchdog for 200 seconds at Thu Apr 26 13:09:34 UTC 2018
4000 ms. Memory: 317952K Free: 160768K (51%)
ptolemy.util.test.WatchDog.cancel(): canceling Thu Apr 26 13:09:39 UTC 2018
auto.tcl: Setting watchdog for 200 seconds at Thu Apr 26 13:09:39 UTC 2018
2943 ms. Memory: 287232K Free: 245652K (86%)
ptolemy.util.test.WatchDog.cancel(): canceling Thu Apr 26 13:09:42 UTC 2018
------------------ testing $PTII/ptolemy/domains/de/test/auto/OpenQueuingNetwork.xml
auto.tcl: Setting watchdog for 200 seconds at Thu Apr 26 13:09:42 UTC 2018
286 ms. Memory: 287232K Free: 187240K (65%)
ptolemy.util.test.WatchDog.cancel(): canceling Thu Apr 26 13:09:42 UTC 2018
auto.tcl: Setting watchdog for 200 seconds at Thu Apr 26 13:09:42 UTC 2018
276 ms. Memory: 287232K Free: 129975K (45%)
ptolemy.util.test.WatchDog.cancel(): canceling Thu Apr 26 13:09:42 UTC 2018
------------------ testing $PTII/ptolemy/domains/de/test/auto/PeriodicSampler.xml
auto.tcl: Setting watchdog for 200 seconds at Thu Apr 26 13:09:42 UTC 2018
2 ms. Memory: 289792K Free: 277448K (96%)
ptolemy.util.test.WatchDog.cancel(): canceling Thu Apr 26 13:09:42 UTC 2018
auto.tcl: Setting watchdog for 200 seconds at Thu Apr 26 13:09:42 UTC 2018
2 ms. Memory: 289792K Free: 274558K (95%)
ptolemy.util.test.WatchDog.cancel(): canceling Thu Apr 26 13:09:42 UTC 2018
------------------ testing $PTII/ptolemy/domains/de/test/auto/PersistentIO.xml
auto.tcl: Setting watchdog for 200 seconds at Thu Apr 26 13:09:43 UTC 2018
6 ms. Memory: 287232K Free: 266791K (93%)
ptolemy.util.test.WatchDog.cancel(): canceling Thu Apr 26 13:09:43 UTC 2018
auto.tcl: Setting watchdog for 200 seconds at Thu Apr 26 13:09:43 UTC 2018
5 ms. Memory: 287232K Free: 266791K (93%)
ptolemy.util.test.WatchDog.cancel(): canceling Thu Apr 26 13:09:43 UTC 2018
------------------ testing $PTII/ptolemy/domains/de/test/auto/PortParameterResetOnInitialize.xml
auto.tcl: Setting watchdog for 200 seconds at Thu Apr 26 13:09:43 UTC 2018
3 ms. Memory: 289280K Free: 274392K (95%)
ptolemy.util.test.WatchDog.cancel(): canceling Thu Apr 26 13:09:43 UTC 2018
auto.tcl: Setting watchdog for 200 seconds at Thu Apr 26 13:09:43 UTC 2018
2 ms. Memory: 289280K Free: 274392K (95%)
ptolemy.util.test.WatchDog.cancel(): canceling Thu Apr 26 13:09:43 UTC 2018
------------------ testing $PTII/ptolemy/domains/de/test/auto/PortParameterUpdates.xml
auto.tcl: Setting watchdog for 200 seconds at Thu Apr 26 13:09:43 UTC 2018
4 ms. Memory: 287232K Free: 272578K (95%)
ptolemy.util.test.WatchDog.cancel(): canceling Thu Apr 26 13:09:43 UTC 2018
auto.tcl: Setting watchdog for 200 seconds at Thu Apr 26 13:09:43 UTC 2018
4 ms. Memory: 287232K Free: 269673K (94%)
ptolemy.util.test.WatchDog.cancel(): canceling Thu Apr 26 13:09:43 UTC 2018
------------------ testing $PTII/ptolemy/domains/de/test/auto/QueueAndServer.xml
auto.tcl: Setting watchdog for 200 seconds at Thu Apr 26 13:09:43 UTC 2018
11 ms. Memory: 289280K Free: 271584K (94%)
ptolemy.util.test.WatchDog.cancel(): canceling Thu Apr 26 13:09:43 UTC 2018
auto.tcl: Setting watchdog for 200 seconds at Thu Apr 26 13:09:43 UTC 2018
7 ms. Memory: 289280K Free: 271584K (94%)
ptolemy.util.test.WatchDog.cancel(): canceling Thu Apr 26 13:09:43 UTC 2018
------------------ testing $PTII/ptolemy/domains/de/test/auto/Records.xml
auto.tcl: Setting watchdog for 200 seconds at Thu Apr 26 13:09:43 UTC 2018
14 ms. Memory: 287232K Free: 274440K (96%)
ptolemy.util.test.WatchDog.cancel(): canceling Thu Apr 26 13:09:43 UTC 2018
auto.tcl: Setting watchdog for 200 seconds at Thu Apr 26 13:09:43 UTC 2018
3 ms. Memory: 287232K Free: 274440K (96%)
ptolemy.util.test.WatchDog.cancel(): canceling Thu Apr 26 13:09:43 UTC 2018
------------------ testing $PTII/ptolemy/domains/de/test/auto/ResetTransitionWithStartTime1.xml
auto.tcl: Setting watchdog for 200 seconds at Thu Apr 26 13:09:43 UTC 2018
20 ms. Memory: 288768K Free: 273197K (95%)
ptolemy.util.test.WatchDog.cancel(): canceling Thu Apr 26 13:09:43 UTC 2018
auto.tcl: Setting watchdog for 200 seconds at Thu Apr 26 13:09:43 UTC 2018
7 ms. Memory: 288768K Free: 270308K (94%)
ptolemy.util.test.WatchDog.cancel(): canceling Thu Apr 26 13:09:43 UTC 2018
------------------ testing $PTII/ptolemy/domains/de/test/auto/ResetTransitionWithStartTime2.xml
auto.tcl: Setting watchdog for 200 seconds at Thu Apr 26 13:09:43 UTC 2018
7 ms. Memory: 287232K Free: 269501K (94%)
ptolemy.util.test.WatchDog.cancel(): canceling Thu Apr 26 13:09:43 UTC 2018
auto.tcl: Setting watchdog for 200 seconds at Thu Apr 26 13:09:43 UTC 2018
7 ms. Memory: 287232K Free: 266597K (93%)
ptolemy.util.test.WatchDog.cancel(): canceling Thu Apr 26 13:09:43 UTC 2018
------------------ testing $PTII/ptolemy/domains/de/test/auto/ResetTransitionWithStartTime3.xml
auto.tcl: Setting watchdog for 200 seconds at Thu Apr 26 13:09:43 UTC 2018
21 ms. Memory: 288768K Free: 273093K (95%)
ptolemy.util.test.WatchDog.cancel(): canceling Thu Apr 26 13:09:43 UTC 2018
auto.tcl: Setting watchdog for 200 seconds at Thu Apr 26 13:09:43 UTC 2018
7 ms. Memory: 288768K Free: 270189K (94%)
ptolemy.util.test.WatchDog.cancel(): canceling Thu Apr 26 13:09:43 UTC 2018
------------------ testing $PTII/ptolemy/domains/de/test/auto/ResetTransitionWithStartTime4.xml
auto.tcl: Setting watchdog for 200 seconds at Thu Apr 26 13:09:43 UTC 2018
5 ms. Memory: 287232K Free: 271664K (95%)
ptolemy.util.test.WatchDog.cancel(): canceling Thu Apr 26 13:09:43 UTC 2018
auto.tcl: Setting watchdog for 200 seconds at Thu Apr 26 13:09:43 UTC 2018
6 ms. Memory: 287232K Free: 271664K (95%)
ptolemy.util.test.WatchDog.cancel(): canceling Thu Apr 26 13:09:43 UTC 2018
------------------ testing $PTII/ptolemy/domains/de/test/auto/ResettableTimer1.xml
auto.tcl: Setting watchdog for 200 seconds at Thu Apr 26 13:09:43 UTC 2018
4 ms. Memory: 288768K Free: 273925K (95%)
ptolemy.util.test.WatchDog.cancel(): canceling Thu Apr 26 13:09:43 UTC 2018
auto.tcl: Setting watchdog for 200 seconds at Thu Apr 26 13:09:43 UTC 2018
5 ms. Memory: 288768K Free: 273925K (95%)
ptolemy.util.test.WatchDog.cancel(): canceling Thu Apr 26 13:09:43 UTC 2018
------------------ testing $PTII/ptolemy/domains/de/test/auto/ResettableTimer2.xml
auto.tcl: Setting watchdog for 200 seconds at Thu Apr 26 13:09:43 UTC 2018
4 ms. Memory: 287232K Free: 274606K (96%)
ptolemy.util.test.WatchDog.cancel(): canceling Thu Apr 26 13:09:43 UTC 2018
auto.tcl: Setting watchdog for 200 seconds at Thu Apr 26 13:09:43 UTC 2018
3 ms. Memory: 287232K Free: 274606K (96%)
ptolemy.util.test.WatchDog.cancel(): canceling Thu Apr 26 13:09:43 UTC 2018
------------------ testing $PTII/ptolemy/domains/de/test/auto/ResettableTimer3.xml
auto.tcl: Setting watchdog for 200 seconds at Thu Apr 26 13:09:44 UTC 2018
1 ms. Memory: 288256K Free: 273485K (95%)
ptolemy.util.test.WatchDog.cancel(): canceling Thu Apr 26 13:09:44 UTC 2018
auto.tcl: Setting watchdog for 200 seconds at Thu Apr 26 13:09:44 UTC 2018
2 ms. Memory: 288256K Free: 273485K (95%)
ptolemy.util.test.WatchDog.cancel(): canceling Thu Apr 26 13:09:44 UTC 2018
------------------ testing $PTII/ptolemy/domains/de/test/auto/ResettableTimer4.xml
auto.tcl: Setting watchdog for 200 seconds at Thu Apr 26 13:09:44 UTC 2018
1 ms. Memory: 287232K Free: 274634K (96%)
ptolemy.util.test.WatchDog.cancel(): canceling Thu Apr 26 13:09:44 UTC 2018
auto.tcl: Setting watchdog for 200 seconds at Thu Apr 26 13:09:44 UTC 2018
2 ms. Memory: 287232K Free: 274634K (96%)
ptolemy.util.test.WatchDog.cancel(): canceling Thu Apr 26 13:09:44 UTC 2018
------------------ testing $PTII/ptolemy/domains/de/test/auto/ResettableTimer5.xml
auto.tcl: Setting watchdog for 200 seconds at Thu Apr 26 13:09:44 UTC 2018
2 ms. Memory: 288256K Free: 273582K (95%)
ptolemy.util.test.WatchDog.cancel(): canceling Thu Apr 26 13:09:44 UTC 2018
auto.tcl: Setting watchdog for 200 seconds at Thu Apr 26 13:09:44 UTC 2018
2 ms. Memory: 288256K Free: 273582K (95%)
ptolemy.util.test.WatchDog.cancel(): canceling Thu Apr 26 13:09:44 UTC 2018
------------------ testing $PTII/ptolemy/domains/de/test/auto/ResettableTimer6.xml
auto.tcl: Setting watchdog for 200 seconds at Thu Apr 26 13:09:44 UTC 2018
2 ms. Memory: 287232K Free: 272406K (95%)
ptolemy.util.test.WatchDog.cancel(): canceling Thu Apr 26 13:09:44 UTC 2018
auto.tcl: Setting watchdog for 200 seconds at Thu Apr 26 13:09:44 UTC 2018
2 ms. Memory: 287232K Free: 272406K (95%)
ptolemy.util.test.WatchDog.cancel(): canceling Thu Apr 26 13:09:44 UTC 2018
------------------ testing $PTII/ptolemy/domains/de/test/auto/ServerZeroDelay.xml
auto.tcl: Setting watchdog for 200 seconds at Thu Apr 26 13:09:44 UTC 2018
7 ms. Memory: 288256K Free: 275479K (96%)
ptolemy.util.test.WatchDog.cancel(): canceling Thu Apr 26 13:09:44 UTC 2018
auto.tcl: Setting watchdog for 200 seconds at Thu Apr 26 13:09:44 UTC 2018
3 ms. Memory: 288256K Free: 275479K (96%)
ptolemy.util.test.WatchDog.cancel(): canceling Thu Apr 26 13:09:44 UTC 2018
------------------ testing $PTII/ptolemy/domains/de/test/auto/SmartSender.xml
auto.tcl: Setting watchdog for 200 seconds at Thu Apr 26 13:09:44 UTC 2018
3002 ms. Memory: 287232K Free: 274559K (96%)
ptolemy.util.test.WatchDog.cancel(): canceling Thu Apr 26 13:09:47 UTC 2018
auto.tcl: Setting watchdog for 200 seconds at Thu Apr 26 13:09:47 UTC 2018
3002 ms. Memory: 287232K Free: 274559K (96%)
ptolemy.util.test.WatchDog.cancel(): canceling Thu Apr 26 13:09:50 UTC 2018
------------------ testing $PTII/ptolemy/domains/de/test/auto/ThreadedComposite.xml
auto.tcl: Setting watchdog for 200 seconds at Thu Apr 26 13:09:50 UTC 2018
264 ms. Memory: 288256K Free: 252414K (88%)
ptolemy.util.test.WatchDog.cancel(): canceling Thu Apr 26 13:09:50 UTC 2018
auto.tcl: Setting watchdog for 200 seconds at Thu Apr 26 13:09:50 UTC 2018
153 ms. Memory: 288256K Free: 241292K (84%)
ptolemy.util.test.WatchDog.cancel(): canceling Thu Apr 26 13:09:50 UTC 2018
------------------ testing $PTII/ptolemy/domains/de/test/auto/Time.xml
auto.tcl: Setting watchdog for 200 seconds at Thu Apr 26 13:09:51 UTC 2018
565 ms. Memory: 287232K Free: 224775K (78%)
ptolemy.util.test.WatchDog.cancel(): canceling Thu Apr 26 13:09:51 UTC 2018
auto.tcl: Setting watchdog for 200 seconds at Thu Apr 26 13:09:51 UTC 2018
553 ms. Memory: 287232K Free: 172785K (60%)
ptolemy.util.test.WatchDog.cancel(): canceling Thu Apr 26 13:09:52 UTC 2018
------------------ testing $PTII/ptolemy/domains/de/test/auto/TimeDelayZeroDelay.xml
auto.tcl: Setting watchdog for 200 seconds at Thu Apr 26 13:09:52 UTC 2018
3 ms. Memory: 287744K Free: 275493K (96%)
ptolemy.util.test.WatchDog.cancel(): canceling Thu Apr 26 13:09:52 UTC 2018
auto.tcl: Setting watchdog for 200 seconds at Thu Apr 26 13:09:52 UTC 2018
2 ms. Memory: 287744K Free: 275493K (96%)
ptolemy.util.test.WatchDog.cancel(): canceling Thu Apr 26 13:09:52 UTC 2018
------------------ testing $PTII/ptolemy/domains/de/test/auto/TimerZeroDelay.xml
auto.tcl: Setting watchdog for 200 seconds at Thu Apr 26 13:09:52 UTC 2018
5 ms. Memory: 287232K Free: 275090K (96%)
ptolemy.util.test.WatchDog.cancel(): canceling Thu Apr 26 13:09:52 UTC 2018
auto.tcl: Setting watchdog for 200 seconds at Thu Apr 26 13:09:52 UTC 2018
3 ms. Memory: 287232K Free: 275090K (96%)
ptolemy.util.test.WatchDog.cancel(): canceling Thu Apr 26 13:09:52 UTC 2018
------------------ testing $PTII/ptolemy/domains/de/test/auto/TimingParadox.xml
auto.tcl: Setting watchdog for 200 seconds at Thu Apr 26 13:09:52 UTC 2018
385 ms. Memory: 287744K Free: 211272K (73%)
ptolemy.util.test.WatchDog.cancel(): canceling Thu Apr 26 13:09:52 UTC 2018
auto.tcl: Setting watchdog for 200 seconds at Thu Apr 26 13:09:52 UTC 2018
350 ms. Memory: 287744K Free: 177463K (62%)
ptolemy.util.test.WatchDog.cancel(): canceling Thu Apr 26 13:09:53 UTC 2018
------------------ testing $PTII/ptolemy/domains/de/test/auto/TransferInputs.xml
auto.tcl: Setting watchdog for 200 seconds at Thu Apr 26 13:09:53 UTC 2018
8 ms. Memory: 287744K Free: 274453K (95%)
ptolemy.util.test.WatchDog.cancel(): canceling Thu Apr 26 13:09:53 UTC 2018
auto.tcl: Setting watchdog for 200 seconds at Thu Apr 26 13:09:53 UTC 2018
2 ms. Memory: 287744K Free: 274453K (95%)
ptolemy.util.test.WatchDog.cancel(): canceling Thu Apr 26 13:09:53 UTC 2018
------------------ testing $PTII/ptolemy/domains/de/test/auto/TransferOutputs2.xml
auto.tcl: Setting watchdog for 200 seconds at Thu Apr 26 13:09:53 UTC 2018
4 ms. Memory: 287232K Free: 272430K (95%)
ptolemy.util.test.WatchDog.cancel(): canceling Thu Apr 26 13:09:53 UTC 2018
auto.tcl: Setting watchdog for 200 seconds at Thu Apr 26 13:09:53 UTC 2018
5 ms. Memory: 287232K Free: 269786K (94%)
ptolemy.util.test.WatchDog.cancel(): canceling Thu Apr 26 13:09:53 UTC 2018
------------------ testing $PTII/ptolemy/domains/de/test/auto/Trilateration.xml
auto.tcl: Setting watchdog for 200 seconds at Thu Apr 26 13:09:53 UTC 2018
17286 ms. Memory: 473088K Free: 252109K (53%)
ptolemy.util.test.WatchDog.cancel(): canceling Thu Apr 26 13:10:12 UTC 2018
auto.tcl: Setting watchdog for 200 seconds at Thu Apr 26 13:10:12 UTC 2018
12843 ms. Memory: 352256K Free: 181811K (52%)
ptolemy.util.test.WatchDog.cancel(): canceling Thu Apr 26 13:10:25 UTC 2018
------------------ testing $PTII/ptolemy/domains/de/test/auto/TwoSigmaDelta.xml
auto.tcl: Setting watchdog for 200 seconds at Thu Apr 26 13:10:25 UTC 2018
3435 ms. Memory: 339968K Free: 293201K (86%)
ptolemy.util.test.WatchDog.cancel(): canceling Thu Apr 26 13:10:28 UTC 2018
auto.tcl: Setting watchdog for 200 seconds at Thu Apr 26 13:10:28 UTC 2018
2625 ms. Memory: 326144K Free: 294138K (90%)
ptolemy.util.test.WatchDog.cancel(): canceling Thu Apr 26 13:10:31 UTC 2018
------------------ testing $PTII/ptolemy/domains/de/test/auto/VariableDelay.xml
auto.tcl: Setting watchdog for 200 seconds at Thu Apr 26 13:10:31 UTC 2018
4 ms. Memory: 328192K Free: 314249K (96%)
ptolemy.util.test.WatchDog.cancel(): canceling Thu Apr 26 13:10:31 UTC 2018
auto.tcl: Setting watchdog for 200 seconds at Thu Apr 26 13:10:31 UTC 2018
2 ms. Memory: 328192K Free: 310617K (95%)
ptolemy.util.test.WatchDog.cancel(): canceling Thu Apr 26 13:10:31 UTC 2018
------------------ testing $PTII/ptolemy/domains/de/test/auto/VariableDelay2.xml
auto.tcl: Setting watchdog for 200 seconds at Thu Apr 26 13:10:31 UTC 2018
9 ms. Memory: 326144K Free: 315057K (97%)
ptolemy.util.test.WatchDog.cancel(): canceling Thu Apr 26 13:10:31 UTC 2018
auto.tcl: Setting watchdog for 200 seconds at Thu Apr 26 13:10:31 UTC 2018
2 ms. Memory: 326144K Free: 311416K (95%)
ptolemy.util.test.WatchDog.cancel(): canceling Thu Apr 26 13:10:31 UTC 2018
------------------ testing $PTII/ptolemy/domains/de/test/auto/VariableDelayZeroDelay.xml
auto.tcl: Setting watchdog for 200 seconds at Thu Apr 26 13:10:31 UTC 2018
2 ms. Memory: 328192K Free: 314657K (96%)
ptolemy.util.test.WatchDog.cancel(): canceling Thu Apr 26 13:10:31 UTC 2018
auto.tcl: Setting watchdog for 200 seconds at Thu Apr 26 13:10:31 UTC 2018
3 ms. Memory: 328192K Free: 311017K (95%)
ptolemy.util.test.WatchDog.cancel(): canceling Thu Apr 26 13:10:31 UTC 2018
------------------ testing $PTII/ptolemy/domains/de/test/auto/VariableDelayZeroDelay2.xml
auto.tcl: Setting watchdog for 200 seconds at Thu Apr 26 13:10:31 UTC 2018
2 ms. Memory: 326144K Free: 312607K (96%)
ptolemy.util.test.WatchDog.cancel(): canceling Thu Apr 26 13:10:31 UTC 2018
auto.tcl: Setting watchdog for 200 seconds at Thu Apr 26 13:10:31 UTC 2018
2 ms. Memory: 326144K Free: 308966K (95%)
ptolemy.util.test.WatchDog.cancel(): canceling Thu Apr 26 13:10:31 UTC 2018
------------------ testing $PTII/ptolemy/domains/de/test/auto/deInCt.xml
auto.tcl: Setting watchdog for 200 seconds at Thu Apr 26 13:10:31 UTC 2018
0
1
1
1
1
0
0
0
1
1
1
0
0
0
1
1
0
0
0
1
1
1
0
0
0
0
0
0
1
1
1
0
0
0
1
1
1
1
10 ms. Memory: 327680K Free: 310497K (95%)
ptolemy.util.test.WatchDog.cancel(): canceling Thu Apr 26 13:10:31 UTC 2018
auto.tcl: Setting watchdog for 200 seconds at Thu Apr 26 13:10:31 UTC 2018
0
1
1
1
0
0
0
1
1
1
1
0
0
1
1
1
1
1
1
0
0
0
0
1
1
1
1
0
0
0
0
1
1
1
13 ms. Memory: 327680K Free: 310497K (95%)
ptolemy.util.test.WatchDog.cancel(): canceling Thu Apr 26 13:10:31 UTC 2018
------------------ testing $PTII/ptolemy/domains/de/test/auto/deInCt2.xml
auto.tcl: Setting watchdog for 200 seconds at Thu Apr 26 13:10:31 UTC 2018
0
1
1
1
0
0
1
1
1
0
0
1
1
1
0
0
1
1
1
0
0
1
1
1
0
0
1
1
1
0
0
1
1
1
0
0
1
1
1
0
0
0
17 ms. Memory: 326144K Free: 308961K (95%)
ptolemy.util.test.WatchDog.cancel(): canceling Thu Apr 26 13:10:31 UTC 2018
auto.tcl: Setting watchdog for 200 seconds at Thu Apr 26 13:10:31 UTC 2018
0
1
1
1
0
0
1
1
1
0
0
1
1
1
0
0
1
1
1
0
0
1
1
1
0
0
1
1
1
0
0
1
1
1
0
0
1
1
1
0
0
0
7 ms. Memory: 326144K Free: 308961K (95%)
ptolemy.util.test.WatchDog.cancel(): canceling Thu Apr 26 13:10:31 UTC 2018
------------------ testing $PTII/ptolemy/domains/de/test/auto/dynamicCausalityInterface1.xml
auto.tcl: Setting watchdog for 200 seconds at Thu Apr 26 13:10:31 UTC 2018
4 ms. Memory: 327680K Free: 309333K (94%)
ptolemy.util.test.WatchDog.cancel(): canceling Thu Apr 26 13:10:31 UTC 2018
auto.tcl: Setting watchdog for 200 seconds at Thu Apr 26 13:10:31 UTC 2018
1 ms. Memory: 327680K Free: 309333K (94%)
ptolemy.util.test.WatchDog.cancel(): canceling Thu Apr 26 13:10:31 UTC 2018
------------------ testing $PTII/ptolemy/domains/de/test/auto/fsm_de_test.xml
auto.tcl: Setting watchdog for 200 seconds at Thu Apr 26 13:10:32 UTC 2018
17 ms. Memory: 326144K Free: 305213K (94%)
ptolemy.util.test.WatchDog.cancel(): canceling Thu Apr 26 13:10:32 UTC 2018
auto.tcl: Setting watchdog for 200 seconds at Thu Apr 26 13:10:32 UTC 2018
9 ms. Memory: 326144K Free: 305213K (94%)
ptolemy.util.test.WatchDog.cancel(): canceling Thu Apr 26 13:10:32 UTC 2018
------------------ testing $PTII/ptolemy/domains/de/test/auto/functionDependencyReconstruction.xml
auto.tcl: Setting watchdog for 200 seconds at Thu Apr 26 13:10:32 UTC 2018
3 ms. Memory: 327168K Free: 298995K (91%)
ptolemy.util.test.WatchDog.cancel(): canceling Thu Apr 26 13:10:32 UTC 2018
auto.tcl: Setting watchdog for 200 seconds at Thu Apr 26 13:10:32 UTC 2018
3 ms. Memory: 327168K Free: 298995K (91%)
ptolemy.util.test.WatchDog.cancel(): canceling Thu Apr 26 13:10:32 UTC 2018
------------------ testing $PTII/ptolemy/domains/de/test/auto/multirate.xml
auto.tcl: Setting watchdog for 200 seconds at Thu Apr 26 13:10:32 UTC 2018
4 ms. Memory: 326144K Free: 308718K (95%)
ptolemy.util.test.WatchDog.cancel(): canceling Thu Apr 26 13:10:32 UTC 2018
auto.tcl: Setting watchdog for 200 seconds at Thu Apr 26 13:10:32 UTC 2018
4 ms. Memory: 326144K Free: 308718K (95%)
ptolemy.util.test.WatchDog.cancel(): canceling Thu Apr 26 13:10:32 UTC 2018
------------------ testing $PTII/ptolemy/domains/de/test/auto/multirate2.xml
auto.tcl: Setting watchdog for 200 seconds at Thu Apr 26 13:10:32 UTC 2018
3 ms. Memory: 327168K Free: 309949K (95%)
ptolemy.util.test.WatchDog.cancel(): canceling Thu Apr 26 13:10:32 UTC 2018
auto.tcl: Setting watchdog for 200 seconds at Thu Apr 26 13:10:32 UTC 2018
4 ms. Memory: 327168K Free: 309949K (95%)
ptolemy.util.test.WatchDog.cancel(): canceling Thu Apr 26 13:10:32 UTC 2018
------------------ testing $PTII/ptolemy/domains/de/test/auto/realtime.xml
auto.tcl: Setting watchdog for 200 seconds at Thu Apr 26 13:10:32 UTC 2018
10002 ms. Memory: 326144K Free: 308921K (95%)
ptolemy.util.test.WatchDog.cancel(): canceling Thu Apr 26 13:10:42 UTC 2018
auto.tcl: Setting watchdog for 200 seconds at Thu Apr 26 13:10:42 UTC 2018
10003 ms. Memory: 326144K Free: 308921K (95%)
ptolemy.util.test.WatchDog.cancel(): canceling Thu Apr 26 13:10:52 UTC 2018
------------------ testing $PTII/ptolemy/domains/de/test/auto/relationGroup.xml
auto.tcl: Setting watchdog for 200 seconds at Thu Apr 26 13:10:52 UTC 2018
1 ms. Memory: 327168K Free: 316046K (97%)
ptolemy.util.test.WatchDog.cancel(): canceling Thu Apr 26 13:10:52 UTC 2018
auto.tcl: Setting watchdog for 200 seconds at Thu Apr 26 13:10:52 UTC 2018
1 ms. Memory: 327168K Free: 316046K (97%)
ptolemy.util.test.WatchDog.cancel(): canceling Thu Apr 26 13:10:52 UTC 2018
------------------ testing $PTII/ptolemy/domains/de/test/auto/relationGroup2.xml
auto.tcl: Setting watchdog for 200 seconds at Thu Apr 26 13:10:52 UTC 2018
2 ms. Memory: 326144K Free: 312601K (96%)
ptolemy.util.test.WatchDog.cancel(): canceling Thu Apr 26 13:10:52 UTC 2018
auto.tcl: Setting watchdog for 200 seconds at Thu Apr 26 13:10:52 UTC 2018
1 ms. Memory: 326144K Free: 312601K (96%)
ptolemy.util.test.WatchDog.cancel(): canceling Thu Apr 26 13:10:52 UTC 2018
------------------ testing $PTII/ptolemy/domains/de/test/auto/sortWithOpaquePorts.xml
auto.tcl: Setting watchdog for 200 seconds at Thu Apr 26 13:10:52 UTC 2018
2 ms. Memory: 326656K Free: 313114K (96%)
ptolemy.util.test.WatchDog.cancel(): canceling Thu Apr 26 13:10:52 UTC 2018
auto.tcl: Setting watchdog for 200 seconds at Thu Apr 26 13:10:52 UTC 2018
2 ms. Memory: 326656K Free: 309473K (95%)
ptolemy.util.test.WatchDog.cancel(): canceling Thu Apr 26 13:10:52 UTC 2018
------------------ testing $PTII/ptolemy/domains/de/test/auto/transferInputsandOutputs.xml
auto.tcl: Setting watchdog for 200 seconds at Thu Apr 26 13:10:52 UTC 2018
2 ms. Memory: 326144K Free: 308949K (95%)
ptolemy.util.test.WatchDog.cancel(): canceling Thu Apr 26 13:10:52 UTC 2018
auto.tcl: Setting watchdog for 200 seconds at Thu Apr 26 13:10:52 UTC 2018
4 ms. Memory: 326144K Free: 308949K (95%)
ptolemy.util.test.WatchDog.cancel(): canceling Thu Apr 26 13:10:52 UTC 2018
------------------ testing $PTII/ptolemy/domains/de/test/auto/triggerType.xml
auto.tcl: Setting watchdog for 200 seconds at Thu Apr 26 13:10:52 UTC 2018
2 ms. Memory: 326656K Free: 313051K (96%)
ptolemy.util.test.WatchDog.cancel(): canceling Thu Apr 26 13:10:52 UTC 2018
auto.tcl: Setting watchdog for 200 seconds at Thu Apr 26 13:10:52 UTC 2018
1 ms. Memory: 326656K Free: 309419K (95%)
ptolemy.util.test.WatchDog.cancel(): canceling Thu Apr 26 13:10:52 UTC 2018
04/26/18 01:10:52
Failed: 0  Total Tests: 192  ((Passed: 187, Newly Passed: 1)  Known Failed: 5) /home/travis/build/icyphy/ptII/ptolemy/domains/de/test
04/26/18 01:10:52
Failed: 0  Total Tests: 192  ((Passed: 187, Newly Passed: 1)  Known Failed: 5) /home/travis/build/icyphy/ptII/ptolemy/domains/de/test
----------------- testing (KnownFailure) /home/travis/build/icyphy/ptII/ptolemy/domains/de/test/auto/knownFailedTests/DESDFClockTest.xml
2008 ms. Memory: 326144K Free: 302803K (93%)
Known Failure: java.lang.reflect.InvocationTargetException
----------------- testing (KnownFailure) /home/travis/build/icyphy/ptII/ptolemy/domains/de/test/auto/knownFailedTests/DirectFeedback.xml
2 ms. Memory: 326144K Free: 283222K (87%)
Known Failure: java.lang.reflect.InvocationTargetException
----------------- testing (KnownFailure) /home/travis/build/icyphy/ptII/ptolemy/domains/de/test/auto/knownFailedTests/FSMSource.xml
5 ms. Memory: 326144K Free: 258740K (79%)
----------------- testing (KnownFailure) /home/travis/build/icyphy/ptII/ptolemy/domains/de/test/auto/knownFailedTests/HierarchicalModel.xml
2 ms. Memory: 326144K Free: 234234K (72%)
Known Failure: java.lang.reflect.InvocationTargetException
----------------- testing (KnownFailure) /home/travis/build/icyphy/ptII/ptolemy/domains/de/test/auto/knownFailedTests/dependencyLoop.xml
1 ms. Memory: 326144K Free: 204849K (63%)
Known Failure: java.lang.reflect.InvocationTargetException
----------------- testing (KnownFailure) /home/travis/build/icyphy/ptII/ptolemy/domains/de/test/auto/knownFailedTests/dependencyLoop2.xml
2 ms. Memory: 326144K Free: 170554K (52%)
Known Failure: java.lang.reflect.InvocationTargetException
No auto/*.xml tests in /home/travis/build/icyphy/ptII/ptolemy/domains/de/test
AutoTests.java: About to close Vertx.
AutoTests.java: Vertx closed.
----------------- testing Thu Apr 26 13:10:55 UTC 2018 /home/travis/build/icyphy/ptII/ptolemy/domains/de/test/auto/ActorDepthCalculation_actorWithoutPorts.xml
1 ms. Memory: 326144K Free: 146080K (45%)
reloadAllAccessors: .ActorDepthCalculation_actorWithoutPorts
----------------- testing Thu Apr 26 13:10:55 UTC 2018 /home/travis/build/icyphy/ptII/ptolemy/domains/de/test/auto/AssemblyLine.xml
1 ms. Memory: 326144K Free: 131385K (40%)
reloadAllAccessors: .AssemblyLine
----------------- testing Thu Apr 26 13:10:55 UTC 2018 /home/travis/build/icyphy/ptII/ptolemy/domains/de/test/auto/CQBug1.xml
0 ms. Memory: 326144K Free: 121595K (37%)
reloadAllAccessors: .CQBug1
----------------- testing Thu Apr 26 13:10:55 UTC 2018 /home/travis/build/icyphy/ptII/ptolemy/domains/de/test/auto/CancelFireAt.xml
1 ms. Memory: 326144K Free: 111806K (34%)
reloadAllAccessors: .CancelFireAt
----------------- testing Thu Apr 26 13:10:55 UTC 2018 /home/travis/build/icyphy/ptII/ptolemy/domains/de/test/auto/CausalityAndComposabilityAnalysis.xml
2 ms. Memory: 326144K Free: 102016K (31%)
reloadAllAccessors: .CausalityAndComposabilityAnalysis
----------------- testing Thu Apr 26 13:10:55 UTC 2018 /home/travis/build/icyphy/ptII/ptolemy/domains/de/test/auto/CausalityInterface1.xml
4 ms. Memory: 326144K Free: 88602K (27%)
reloadAllAccessors: .CausalityInterface1
----------------- testing Thu Apr 26 13:10:55 UTC 2018 /home/travis/build/icyphy/ptII/ptolemy/domains/de/test/auto/CausalityInterface15.xml
2 ms. Memory: 326144K Free: 76376K (23%)
reloadAllAccessors: .CausalityInterface15
----------------- testing Thu Apr 26 13:10:55 UTC 2018 /home/travis/build/icyphy/ptII/ptolemy/domains/de/test/auto/CausalityInterface2.xml
2 ms. Memory: 315904K Free: 301256K (95%)
reloadAllAccessors: .CausalityInterface2
----------------- testing Thu Apr 26 13:10:55 UTC 2018 /home/travis/build/icyphy/ptII/ptolemy/domains/de/test/auto/CausalityInterface3.xml
3 ms. Memory: 315904K Free: 289618K (92%)
reloadAllAccessors: .CausalityInterface3
----------------- testing Thu Apr 26 13:10:55 UTC 2018 /home/travis/build/icyphy/ptII/ptolemy/domains/de/test/auto/ClockDrift.xml
9 ms. Memory: 315904K Free: 270899K (86%)
reloadAllAccessors: .ClockDrift
----------------- testing Thu Apr 26 13:10:55 UTC 2018 /home/travis/build/icyphy/ptII/ptolemy/domains/de/test/auto/ClockDriftAndValueChange.xml
8 ms. Memory: 315904K Free: 252179K (80%)
reloadAllAccessors: .ClockDriftAndValueChange
----------------- testing Thu Apr 26 13:10:55 UTC 2018 /home/travis/build/icyphy/ptII/ptolemy/domains/de/test/auto/ClockDriftChange.xml
8 ms. Memory: 315904K Free: 238124K (75%)
reloadAllAccessors: .ClockDriftChange
----------------- testing Thu Apr 26 13:10:55 UTC 2018 /home/travis/build/icyphy/ptII/ptolemy/domains/de/test/auto/ComposableCausalityAnalysis.xml
1 ms. Memory: 315904K Free: 224069K (71%)
reloadAllAccessors: .ComposableCausalityAnalysis
----------------- testing Thu Apr 26 13:10:55 UTC 2018 /home/travis/build/icyphy/ptII/ptolemy/domains/de/test/auto/DEFixedPointLimitation.xml
1 ms. Memory: 315904K Free: 212432K (67%)
reloadAllAccessors: .DEFixedPointLimitation
----------------- testing Thu Apr 26 13:10:55 UTC 2018 /home/travis/build/icyphy/ptII/ptolemy/domains/de/test/auto/DEScheduleTest.xml
1 ms. Memory: 315904K Free: 203073K (64%)
reloadAllAccessors: .DEScheduleTest
----------------- testing Thu Apr 26 13:10:55 UTC 2018 /home/travis/build/icyphy/ptII/ptolemy/domains/de/test/auto/DEinDEwithStartTimes.xml
2 ms. Memory: 315904K Free: 189034K (60%)
reloadAllAccessors: .DEinDEwithStartTimes
----------------- testing Thu Apr 26 13:10:55 UTC 2018 /home/travis/build/icyphy/ptII/ptolemy/domains/de/test/auto/DEinDEwithStartTimes2.xml
2 ms. Memory: 315904K Free: 174979K (55%)
reloadAllAccessors: .DEinDEwithStartTimes2
----------------- testing Thu Apr 26 13:10:55 UTC 2018 /home/travis/build/icyphy/ptII/ptolemy/domains/de/test/auto/DateDemo.xml
4 ms. Memory: 315904K Free: 153959K (49%)
reloadAllAccessors: .DateDemo
----------------- testing Thu Apr 26 13:10:55 UTC 2018 /home/travis/build/icyphy/ptII/ptolemy/domains/de/test/auto/DateToEvent.xml
2005 ms. Memory: 315904K Free: 130552K (41%)
reloadAllAccessors: .DateToEvent
[...]
java.lang.RuntimeException: Execution failed
	at ptolemy.moml.MoMLSimpleApplication$UnloadThread.run(MoMLSimpleApplication.java:402)
Caused by: ptolemy.kernel.util.IllegalActionException: Test fails in iteration 1.
Value was: 1.0. Should have been: 2.0
  in .DirectFeedback.Test
	at ptolemy.actor.lib.Test.fire(Test.java:268)
	at ptolemy.domains.de.kernel.DEDirector._fire(DEDirector.java:1948)
	at ptolemy.domains.de.kernel.DEDirector.fire(DEDirector.java:502)
	at ptolemy.actor.CompositeActor.fire(CompositeActor.java:455)
	at ptolemy.actor.Manager.iterate(Manager.java:851)
	at ptolemy.actor.Manager.execute(Manager.java:369)
	at ptolemy.actor.Manager.run(Manager.java:1263)
	at ptolemy.actor.Manager$PtolemyRunThread.run(Manager.java:1915)
java.lang.RuntimeException: Execution failed
	at ptolemy.moml.MoMLSimpleApplication$UnloadThread.run(MoMLSimpleApplication.java:402)
Caused by: ptolemy.kernel.util.IllegalActionException: Actor is not ready to fire.  Perhaps UpSample.prefire() returned false? Try debugging the actor by selecting "Listen to Actor".  Also, for SDF check moml for tokenConsumptionRate on input.
  in .DESDFClockTest.Play Bell.Copy1:SDF Director and .DESDFClockTest.Play Bell.UpSample
	at ptolemy.actor.sched.StaticSchedulingDirector.fire(StaticSchedulingDirector.java:227)
	at ptolemy.domains.sdf.kernel.SDFDirector.fire(SDFDirector.java:500)
	at ptolemy.actor.CompositeActor.fire(CompositeActor.java:455)
	at ptolemy.domains.de.kernel.DEDirector._fire(DEDirector.java:1948)
	at ptolemy.domains.de.kernel.DEDirector.fire(DEDirector.java:502)
	at ptolemy.actor.CompositeActor.fire(CompositeActor.java:455)
	at ptolemy.actor.Manager.iterate(Manager.java:851)
	at ptolemy.actor.Manager.execute(Manager.java:369)
	at ptolemy.actor.Manager.run(Manager.java:1263)
	at ptolemy.actor.Manager$PtolemyRunThread.run(Manager.java:1915)
java.lang.reflect.InvocationTargetException
	at sun.reflect.NativeConstructorAccessorImpl.newInstance0(Native Method)
	at sun.reflect.NativeConstructorAccessorImpl.newInstance(NativeConstructorAccessorImpl.java:62)
	at sun.reflect.DelegatingConstructorAccessorImpl.newInstance(DelegatingConstructorAccessorImpl.java:45)
	at java.lang.reflect.Constructor.newInstance(Constructor.java:423)
	at ptolemy.util.test.junit.AutoKnownFailedTests.RunModel(AutoKnownFailedTests.java:107)
	at sun.reflect.NativeMethodAccessorImpl.invoke0(Native Method)
	at sun.reflect.NativeMethodAccessorImpl.invoke(NativeMethodAccessorImpl.java:62)
	at sun.reflect.DelegatingMethodAccessorImpl.invoke(DelegatingMethodAccessorImpl.java:43)
	at java.lang.reflect.Method.invoke(Method.java:498)
	at org.junit.runners.model.FrameworkMethod$1.runReflectiveCall(FrameworkMethod.java:44)
	at org.junit.internal.runners.model.ReflectiveCallable.run(ReflectiveCallable.java:15)
	at org.junit.runners.model.FrameworkMethod.invokeExplosively(FrameworkMethod.java:41)
	at junitparams.internal.InvokeParameterisedMethod.evaluate(InvokeParameterisedMethod.java:102)
	at org.junit.internal.runners.statements.FailOnTimeout$1.run(FailOnTimeout.java:28)
Caused by: ptolemy.kernel.util.IllegalActionException: Actor is not ready to fire.  Perhaps UpSample.prefire() returned false? Try debugging the actor by selecting "Listen to Actor".  Also, for SDF check moml for tokenConsumptionRate on input.
  in .DESDFClockTest.Play Bell.Copy1:SDF Director and .DESDFClockTest.Play Bell.UpSample
	at ptolemy.actor.sched.StaticSchedulingDirector.fire(StaticSchedulingDirector.java:227)
	at ptolemy.domains.sdf.kernel.SDFDirector.fire(SDFDirector.java:500)
	at ptolemy.actor.CompositeActor.fire(CompositeActor.java:455)
	at ptolemy.domains.de.kernel.DEDirector._fire(DEDirector.java:1948)
	at ptolemy.domains.de.kernel.DEDirector.fire(DEDirector.java:502)
	at ptolemy.actor.CompositeActor.fire(CompositeActor.java:455)
	at ptolemy.actor.Manager.iterate(Manager.java:851)
	at ptolemy.actor.Manager.execute(Manager.java:369)
	at ptolemy.actor.Manager.run(Manager.java:1263)
	at ptolemy.actor.Manager$PtolemyRunThread.run(Manager.java:1915)
java.lang.RuntimeException: Execution failed
	at ptolemy.moml.MoMLSimpleApplication$UnloadThread.run(MoMLSimpleApplication.java:402)
Caused by: ptolemy.kernel.util.IllegalActionException: Test fails in iteration 1.
Value was: 1.0. Should have been: 2.0
  in .DirectFeedback.Test
	at ptolemy.actor.lib.Test.fire(Test.java:268)
	at ptolemy.domains.de.kernel.DEDirector._fire(DEDirector.java:1948)
	at ptolemy.domains.de.kernel.DEDirector.fire(DEDirector.java:502)
	at ptolemy.actor.CompositeActor.fire(CompositeActor.java:455)
	at ptolemy.actor.Manager.iterate(Manager.java:851)
	at ptolemy.actor.Manager.execute(Manager.java:369)
	at ptolemy.actor.Manager.run(Manager.java:1263)
	at ptolemy.actor.Manager$PtolemyRunThread.run(Manager.java:1915)
java.lang.reflect.InvocationTargetException
	at sun.reflect.NativeConstructorAccessorImpl.newInstance0(Native Method)
	at sun.reflect.NativeConstructorAccessorImpl.newInstance(NativeConstructorAccessorImpl.java:62)
	at sun.reflect.DelegatingConstructorAccessorImpl.newInstance(DelegatingConstructorAccessorImpl.java:45)
	at java.lang.reflect.Constructor.newInstance(Constructor.java:423)
	at ptolemy.util.test.junit.AutoKnownFailedTests.RunModel(AutoKnownFailedTests.java:107)
	at sun.reflect.NativeMethodAccessorImpl.invoke0(Native Method)
	at sun.reflect.NativeMethodAccessorImpl.invoke(NativeMethodAccessorImpl.java:62)
	at sun.reflect.DelegatingMethodAccessorImpl.invoke(DelegatingMethodAccessorImpl.java:43)
	at java.lang.reflect.Method.invoke(Method.java:498)
	at org.junit.runners.model.FrameworkMethod$1.runReflectiveCall(FrameworkMethod.java:44)
	at org.junit.internal.runners.model.ReflectiveCallable.run(ReflectiveCallable.java:15)
	at org.junit.runners.model.FrameworkMethod.invokeExplosively(FrameworkMethod.java:41)
	at junitparams.internal.InvokeParameterisedMethod.evaluate(InvokeParameterisedMethod.java:102)
	at org.junit.internal.runners.statements.FailOnTimeout$1.run(FailOnTimeout.java:28)
Caused by: ptolemy.kernel.util.IllegalActionException: Test fails in iteration 1.
Value was: 1.0. Should have been: 2.0
  in .DirectFeedback.Test
	at ptolemy.actor.lib.Test.fire(Test.java:268)
	at ptolemy.domains.de.kernel.DEDirector._fire(DEDirector.java:1948)
	at ptolemy.domains.de.kernel.DEDirector.fire(DEDirector.java:502)
	at ptolemy.actor.CompositeActor.fire(CompositeActor.java:455)
	at ptolemy.actor.Manager.iterate(Manager.java:851)
	at ptolemy.actor.Manager.execute(Manager.java:369)
	at ptolemy.actor.Manager.run(Manager.java:1263)
	at ptolemy.actor.Manager$PtolemyRunThread.run(Manager.java:1915)
java.lang.RuntimeException: Execution failed
	at ptolemy.moml.MoMLSimpleApplication$UnloadThread.run(MoMLSimpleApplication.java:402)
Caused by: ptolemy.kernel.util.IllegalActionException: Found a zero delay loop containing .HierarchicalModel.A
  in .HierarchicalModel and .HierarchicalModel.A
	at ptolemy.actor.util.CausalityInterfaceForComposites._computeOutputPortDepth(CausalityInterfaceForComposites.java:759)
	at ptolemy.actor.util.CausalityInterfaceForComposites._computeInputDepth(CausalityInterfaceForComposites.java:696)
	at ptolemy.actor.util.CausalityInterfaceForComposites._computeOutputPortDepth(CausalityInterfaceForComposites.java:765)
	at ptolemy.actor.util.CausalityInterfaceForComposites._computeInputDepth(CausalityInterfaceForComposites.java:696)
	at ptolemy.actor.util.CausalityInterfaceForComposites._computeOutputPortDepth(CausalityInterfaceForComposites.java:765)
	at ptolemy.actor.util.CausalityInterfaceForComposites._computeInputDepth(CausalityInterfaceForComposites.java:696)
	at ptolemy.actor.util.CausalityInterfaceForComposites._computeActorDepth(CausalityInterfaceForComposites.java:532)
	at ptolemy.actor.util.CausalityInterfaceForComposites.checkForCycles(CausalityInterfaceForComposites.java:96)
	at ptolemy.domains.de.kernel.DEDirector.preinitialize(DEDirector.java:1337)
	at ptolemy.actor.CompositeActor.preinitialize(CompositeActor.java:1828)
	at ptolemy.actor.Manager.preinitializeAndResolveTypes(Manager.java:1040)
	at ptolemy.actor.Manager.initialize(Manager.java:710)
	at ptolemy.actor.Manager.execute(Manager.java:356)
	at ptolemy.actor.Manager.run(Manager.java:1263)
	at ptolemy.actor.Manager$PtolemyRunThread.run(Manager.java:1915)
java.lang.reflect.InvocationTargetException
	at sun.reflect.NativeConstructorAccessorImpl.newInstance0(Native Method)
	at sun.reflect.NativeConstructorAccessorImpl.newInstance(NativeConstructorAccessorImpl.java:62)
	at sun.reflect.DelegatingConstructorAccessorImpl.newInstance(DelegatingConstructorAccessorImpl.java:45)
	at java.lang.reflect.Constructor.newInstance(Constructor.java:423)
	at ptolemy.util.test.junit.AutoKnownFailedTests.RunModel(AutoKnownFailedTests.java:107)
	at sun.reflect.NativeMethodAccessorImpl.invoke0(Native Method)
	at sun.reflect.NativeMethodAccessorImpl.invoke(NativeMethodAccessorImpl.java:62)
	at sun.reflect.DelegatingMethodAccessorImpl.invoke(DelegatingMethodAccessorImpl.java:43)
	at java.lang.reflect.Method.invoke(Method.java:498)
	at org.junit.runners.model.FrameworkMethod$1.runReflectiveCall(FrameworkMethod.java:44)
	at org.junit.internal.runners.model.ReflectiveCallable.run(ReflectiveCallable.java:15)
	at org.junit.runners.model.FrameworkMethod.invokeExplosively(FrameworkMethod.java:41)
	at junitparams.internal.InvokeParameterisedMethod.evaluate(InvokeParameterisedMethod.java:102)
	at org.junit.internal.runners.statements.FailOnTimeout$1.run(FailOnTimeout.java:28)
Caused by: ptolemy.kernel.util.IllegalActionException: Found a zero delay loop containing .HierarchicalModel.A
  in .HierarchicalModel and .HierarchicalModel.A
	at ptolemy.actor.util.CausalityInterfaceForComposites._computeOutputPortDepth(CausalityInterfaceForComposites.java:759)
	at ptolemy.actor.util.CausalityInterfaceForComposites._computeInputDepth(CausalityInterfaceForComposites.java:696)
	at ptolemy.actor.util.CausalityInterfaceForComposites._computeOutputPortDepth(CausalityInterfaceForComposites.java:765)
	at ptolemy.actor.util.CausalityInterfaceForComposites._computeInputDepth(CausalityInterfaceForComposites.java:696)
	at ptolemy.actor.util.CausalityInterfaceForComposites._computeOutputPortDepth(CausalityInterfaceForComposites.java:765)
	at ptolemy.actor.util.CausalityInterfaceForComposites._computeInputDepth(CausalityInterfaceForComposites.java:696)
	at ptolemy.actor.util.CausalityInterfaceForComposites._computeActorDepth(CausalityInterfaceForComposites.java:532)
	at ptolemy.actor.util.CausalityInterfaceForComposites.checkForCycles(CausalityInterfaceForComposites.java:96)
	at ptolemy.domains.de.kernel.DEDirector.preinitialize(DEDirector.java:1337)
	at ptolemy.actor.CompositeActor.preinitialize(CompositeActor.java:1828)
	at ptolemy.actor.Manager.preinitializeAndResolveTypes(Manager.java:1040)
	at ptolemy.actor.Manager.initialize(Manager.java:710)
	at ptolemy.actor.Manager.execute(Manager.java:356)
	at ptolemy.actor.Manager.run(Manager.java:1263)
	at ptolemy.actor.Manager$PtolemyRunThread.run(Manager.java:1915)
java.lang.RuntimeException: Execution failed
	at ptolemy.moml.MoMLSimpleApplication$UnloadThread.run(MoMLSimpleApplication.java:402)
Caused by: ptolemy.kernel.util.IllegalActionException: Found a zero delay loop containing .dependencyLoop.original
  in .dependencyLoop and .dependencyLoop.original
	at ptolemy.actor.util.CausalityInterfaceForComposites._computeOutputPortDepth(CausalityInterfaceForComposites.java:759)
	at ptolemy.actor.util.CausalityInterfaceForComposites._computeInputDepth(CausalityInterfaceForComposites.java:696)
	at ptolemy.actor.util.CausalityInterfaceForComposites._computeOutputPortDepth(CausalityInterfaceForComposites.java:765)
	at ptolemy.actor.util.CausalityInterfaceForComposites._computeInputDepth(CausalityInterfaceForComposites.java:696)
	at ptolemy.actor.util.CausalityInterfaceForComposites._computeOutputPortDepth(CausalityInterfaceForComposites.java:765)
	at ptolemy.actor.util.CausalityInterfaceForComposites._computeInputDepth(CausalityInterfaceForComposites.java:696)
	at ptolemy.actor.util.CausalityInterfaceForComposites._computeActorDepth(CausalityInterfaceForComposites.java:532)
	at ptolemy.actor.util.CausalityInterfaceForComposites.checkForCycles(CausalityInterfaceForComposites.java:96)
	at ptolemy.domains.de.kernel.DEDirector.preinitialize(DEDirector.java:1337)
	at ptolemy.actor.CompositeActor.preinitialize(CompositeActor.java:1828)
	at ptolemy.actor.Manager.preinitializeAndResolveTypes(Manager.java:1040)
	at ptolemy.actor.Manager.initialize(Manager.java:710)
	at ptolemy.actor.Manager.execute(Manager.java:356)
	at ptolemy.actor.Manager.run(Manager.java:1263)
	at ptolemy.actor.Manager$PtolemyRunThread.run(Manager.java:1915)
java.lang.reflect.InvocationTargetException
	at sun.reflect.NativeConstructorAccessorImpl.newInstance0(Native Method)
	at sun.reflect.NativeConstructorAccessorImpl.newInstance(NativeConstructorAccessorImpl.java:62)
	at sun.reflect.DelegatingConstructorAccessorImpl.newInstance(DelegatingConstructorAccessorImpl.java:45)
	at java.lang.reflect.Constructor.newInstance(Constructor.java:423)
	at ptolemy.util.test.junit.AutoKnownFailedTests.RunModel(AutoKnownFailedTests.java:107)
	at sun.reflect.NativeMethodAccessorImpl.invoke0(Native Method)
	at sun.reflect.NativeMethodAccessorImpl.invoke(NativeMethodAccessorImpl.java:62)
	at sun.reflect.DelegatingMethodAccessorImpl.invoke(DelegatingMethodAccessorImpl.java:43)
	at java.lang.reflect.Method.invoke(Method.java:498)
	at org.junit.runners.model.FrameworkMethod$1.runReflectiveCall(FrameworkMethod.java:44)
	at org.junit.internal.runners.model.ReflectiveCallable.run(ReflectiveCallable.java:15)
	at org.junit.runners.model.FrameworkMethod.invokeExplosively(FrameworkMethod.java:41)
	at junitparams.internal.InvokeParameterisedMethod.evaluate(InvokeParameterisedMethod.java:102)
	at org.junit.internal.runners.statements.FailOnTimeout$1.run(FailOnTimeout.java:28)
Caused by: ptolemy.kernel.util.IllegalActionException: Found a zero delay loop containing .dependencyLoop.original
  in .dependencyLoop and .dependencyLoop.original
	at ptolemy.actor.util.CausalityInterfaceForComposites._computeOutputPortDepth(CausalityInterfaceForComposites.java:759)
	at ptolemy.actor.util.CausalityInterfaceForComposites._computeInputDepth(CausalityInterfaceForComposites.java:696)
	at ptolemy.actor.util.CausalityInterfaceForComposites._computeOutputPortDepth(CausalityInterfaceForComposites.java:765)
	at ptolemy.actor.util.CausalityInterfaceForComposites._computeInputDepth(CausalityInterfaceForComposites.java:696)
	at ptolemy.actor.util.CausalityInterfaceForComposites._computeOutputPortDepth(CausalityInterfaceForComposites.java:765)
	at ptolemy.actor.util.CausalityInterfaceForComposites._computeInputDepth(CausalityInterfaceForComposites.java:696)
	at ptolemy.actor.util.CausalityInterfaceForComposites._computeActorDepth(CausalityInterfaceForComposites.java:532)
	at ptolemy.actor.util.CausalityInterfaceForComposites.checkForCycles(CausalityInterfaceForComposites.java:96)
	at ptolemy.domains.de.kernel.DEDirector.preinitialize(DEDirector.java:1337)
	at ptolemy.actor.CompositeActor.preinitialize(CompositeActor.java:1828)
	at ptolemy.actor.Manager.preinitializeAndResolveTypes(Manager.java:1040)
	at ptolemy.actor.Manager.initialize(Manager.java:710)
	at ptolemy.actor.Manager.execute(Manager.java:356)
	at ptolemy.actor.Manager.run(Manager.java:1263)
	at ptolemy.actor.Manager$PtolemyRunThread.run(Manager.java:1915)
java.lang.RuntimeException: Execution failed
	at ptolemy.moml.MoMLSimpleApplication$UnloadThread.run(MoMLSimpleApplication.java:402)
Caused by: ptolemy.kernel.util.IllegalActionException: Found a zero delay loop containing .dependencyLoop2.original
  in .dependencyLoop2 and .dependencyLoop2.original
	at ptolemy.actor.util.CausalityInterfaceForComposites._computeOutputPortDepth(CausalityInterfaceForComposites.java:759)
	at ptolemy.actor.util.CausalityInterfaceForComposites._computeInputDepth(CausalityInterfaceForComposites.java:696)
	at ptolemy.actor.util.CausalityInterfaceForComposites._computeOutputPortDepth(CausalityInterfaceForComposites.java:765)
	at ptolemy.actor.util.CausalityInterfaceForComposites._computeInputDepth(CausalityInterfaceForComposites.java:696)
	at ptolemy.actor.util.CausalityInterfaceForComposites._computeOutputPortDepth(CausalityInterfaceForComposites.java:765)
	at ptolemy.actor.util.CausalityInterfaceForComposites._computeInputDepth(CausalityInterfaceForComposites.java:696)
	at ptolemy.actor.util.CausalityInterfaceForComposites._computeActorDepth(CausalityInterfaceForComposites.java:532)
	at ptolemy.actor.util.CausalityInterfaceForComposites.checkForCycles(CausalityInterfaceForComposites.java:96)
	at ptolemy.domains.de.kernel.DEDirector.preinitialize(DEDirector.java:1337)
	at ptolemy.actor.CompositeActor.preinitialize(CompositeActor.java:1828)
	at ptolemy.actor.Manager.preinitializeAndResolveTypes(Manager.java:1040)
	at ptolemy.actor.Manager.initialize(Manager.java:710)
	at ptolemy.actor.Manager.execute(Manager.java:356)
	at ptolemy.actor.Manager.run(Manager.java:1263)
	at ptolemy.actor.Manager$PtolemyRunThread.run(Manager.java:1915)
java.lang.reflect.InvocationTargetException
	at sun.reflect.NativeConstructorAccessorImpl.newInstance0(Native Method)
	at sun.reflect.NativeConstructorAccessorImpl.newInstance(NativeConstructorAccessorImpl.java:62)
	at sun.reflect.DelegatingConstructorAccessorImpl.newInstance(DelegatingConstructorAccessorImpl.java:45)
	at java.lang.reflect.Constructor.newInstance(Constructor.java:423)
	at ptolemy.util.test.junit.AutoKnownFailedTests.RunModel(AutoKnownFailedTests.java:107)
	at sun.reflect.NativeMethodAccessorImpl.invoke0(Native Method)
	at sun.reflect.NativeMethodAccessorImpl.invoke(NativeMethodAccessorImpl.java:62)
	at sun.reflect.DelegatingMethodAccessorImpl.invoke(DelegatingMethodAccessorImpl.java:43)
	at java.lang.reflect.Method.invoke(Method.java:498)
	at org.junit.runners.model.FrameworkMethod$1.runReflectiveCall(FrameworkMethod.java:44)
	at org.junit.internal.runners.model.ReflectiveCallable.run(ReflectiveCallable.java:15)
	at org.junit.runners.model.FrameworkMethod.invokeExplosively(FrameworkMethod.java:41)
	at junitparams.internal.InvokeParameterisedMethod.evaluate(InvokeParameterisedMethod.java:102)
	at org.junit.internal.runners.statements.FailOnTimeout$1.run(FailOnTimeout.java:28)
Caused by: ptolemy.kernel.util.IllegalActionException: Found a zero delay loop containing .dependencyLoop2.original
  in .dependencyLoop2 and .dependencyLoop2.original
	at ptolemy.actor.util.CausalityInterfaceForComposites._computeOutputPortDepth(CausalityInterfaceForComposites.java:759)
	at ptolemy.actor.util.CausalityInterfaceForComposites._computeInputDepth(CausalityInterfaceForComposites.java:696)
	at ptolemy.actor.util.CausalityInterfaceForComposites._computeOutputPortDepth(CausalityInterfaceForComposites.java:765)
	at ptolemy.actor.util.CausalityInterfaceForComposites._computeInputDepth(CausalityInterfaceForComposites.java:696)
	at ptolemy.actor.util.CausalityInterfaceForComposites._computeOutputPortDepth(CausalityInterfaceForComposites.java:765)
	at ptolemy.actor.util.CausalityInterfaceForComposites._computeInputDepth(CausalityInterfaceForComposites.java:696)
	at ptolemy.actor.util.CausalityInterfaceForComposites._computeActorDepth(CausalityInterfaceForComposites.java:532)
	at ptolemy.actor.util.CausalityInterfaceForComposites.checkForCycles(CausalityInterfaceForComposites.java:96)
	at ptolemy.domains.de.kernel.DEDirector.preinitialize(DEDirector.java:1337)
	at ptolemy.actor.CompositeActor.preinitialize(CompositeActor.java:1828)
	at ptolemy.actor.Manager.preinitializeAndResolveTypes(Manager.java:1040)
	at ptolemy.actor.Manager.initialize(Manager.java:710)
	at ptolemy.actor.Manager.execute(Manager.java:356)
	at ptolemy.actor.Manager.run(Manager.java:1263)
	at ptolemy.actor.Manager$PtolemyRunThread.run(Manager.java:1915)
]]></system-err>
</testsuite>
