<?xml version="1.0" encoding="UTF-8" ?>
<testsuite errors="1" failures="0" hostname="travis-job-118ddb38-c173-42ba-8ef5-caadb81cf04a" name="ptolemy.actor.lib.hoc.test.junit.JUnitTclTest" skipped="0" tests="58" time="29.233" timestamp="2018-05-10T16:10:21">
  <properties>
[...]
</properties>
  <testcase classname="ptolemy.util.test.junit.TclTests" name="[0] /home/travis/build/icyphy/ptII/ptolemy/actor/lib/hoc/test/IterateOverArray.tcl (RunTclFile)" time="0.344" />
  <testcase classname="ptolemy.util.test.junit.AutoKnownFailedTests" name="[0] /home/travis/build/icyphy/ptII/ptolemy/actor/lib/hoc/test/auto/knownFailedTests/PreinitializeMustBeInvokedRunComposite.xml (RunModel)" time="0.269" />
  <testcase classname="ptolemy.util.test.junit.AutoNameArchTests" name="[0] ThereAreNoAutoTests (RunModel)" time="0.003" />
  <testcase classname="ptolemy.util.test.junit.AutoTests" name="[0] /home/travis/build/icyphy/ptII/ptolemy/actor/lib/hoc/test/auto/AllToAllMultiInstanceComposite.xml (RunModel)" time="0.389" />
  <testcase classname="ptolemy.util.test.junit.AutoTests" name="[1] /home/travis/build/icyphy/ptII/ptolemy/actor/lib/hoc/test/auto/ApplyFFTTest.xml (RunModel)" time="0.39" />
  <testcase classname="ptolemy.util.test.junit.AutoTests" name="[2] /home/travis/build/icyphy/ptII/ptolemy/actor/lib/hoc/test/auto/ApplyFunction.xml (RunModel)" time="0.036" />
  <testcase classname="ptolemy.util.test.junit.AutoTests" name="[3] /home/travis/build/icyphy/ptII/ptolemy/actor/lib/hoc/test/auto/BackgroundExecution.xml (RunModel)" time="0.788" />
  <testcase classname="ptolemy.util.test.junit.AutoTests" name="[4] /home/travis/build/icyphy/ptII/ptolemy/actor/lib/hoc/test/auto/Case.xml (RunModel)" time="0.097" />
  <testcase classname="ptolemy.util.test.junit.AutoTests" name="[5] /home/travis/build/icyphy/ptII/ptolemy/actor/lib/hoc/test/auto/Case1.xml (RunModel)" time="0.103" />
  <testcase classname="ptolemy.util.test.junit.AutoTests" name="[6] /home/travis/build/icyphy/ptII/ptolemy/actor/lib/hoc/test/auto/Case2.xml (RunModel)" time="0.146" />
  <testcase classname="ptolemy.util.test.junit.AutoTests" name="[7] /home/travis/build/icyphy/ptII/ptolemy/actor/lib/hoc/test/auto/Case3.xml (RunModel)" time="0.081" />
  <testcase classname="ptolemy.util.test.junit.AutoTests" name="[8] /home/travis/build/icyphy/ptII/ptolemy/actor/lib/hoc/test/auto/Case4.xml (RunModel)" time="0.066" />
  <testcase classname="ptolemy.util.test.junit.AutoTests" name="[9] /home/travis/build/icyphy/ptII/ptolemy/actor/lib/hoc/test/auto/Case5.xml (RunModel)" time="0.126" />
  <testcase classname="ptolemy.util.test.junit.AutoTests" name="[10] /home/travis/build/icyphy/ptII/ptolemy/actor/lib/hoc/test/auto/Case6.xml (RunModel)" time="0.16" />
  <testcase classname="ptolemy.util.test.junit.AutoTests" name="[11] /home/travis/build/icyphy/ptII/ptolemy/actor/lib/hoc/test/auto/CaseString2.xml (RunModel)" time="0.076" />
  <testcase classname="ptolemy.util.test.junit.AutoTests" name="[12] /home/travis/build/icyphy/ptII/ptolemy/actor/lib/hoc/test/auto/CatchUpComposite1.xml (RunModel)" time="0.11" />
  <testcase classname="ptolemy.util.test.junit.AutoTests" name="[13] /home/travis/build/icyphy/ptII/ptolemy/actor/lib/hoc/test/auto/CatchUpComposite2.xml (RunModel)" time="0.098" />
  <testcase classname="ptolemy.util.test.junit.AutoTests" name="[14] /home/travis/build/icyphy/ptII/ptolemy/actor/lib/hoc/test/auto/CatchUpComposite3.xml (RunModel)" time="0.059" />
  <testcase classname="ptolemy.util.test.junit.AutoTests" name="[15] /home/travis/build/icyphy/ptII/ptolemy/actor/lib/hoc/test/auto/CatchUpComposite4.xml (RunModel)" time="0.069" />
  <testcase classname="ptolemy.util.test.junit.AutoTests" name="[16] /home/travis/build/icyphy/ptII/ptolemy/actor/lib/hoc/test/auto/CatchUpComposite5.xml (RunModel)" time="0.066" />
  <testcase classname="ptolemy.util.test.junit.AutoTests" name="[17] /home/travis/build/icyphy/ptII/ptolemy/actor/lib/hoc/test/auto/CatchUpComposite6.xml (RunModel)" time="0.232" />
  <testcase classname="ptolemy.util.test.junit.AutoTests" name="[18] /home/travis/build/icyphy/ptII/ptolemy/actor/lib/hoc/test/auto/CatchUpComposite7.xml (RunModel)" time="0.157" />
  <testcase classname="ptolemy.util.test.junit.AutoTests" name="[19] /home/travis/build/icyphy/ptII/ptolemy/actor/lib/hoc/test/auto/ConcurrentExecutionTimeSDF.xml (RunModel)" time="0.059" />
  <testcase classname="ptolemy.util.test.junit.AutoTests" name="[20] /home/travis/build/icyphy/ptII/ptolemy/actor/lib/hoc/test/auto/ConcurrentSleep.xml (RunModel)" time="0.787" />
  <testcase classname="ptolemy.util.test.junit.AutoTests" name="[21] /home/travis/build/icyphy/ptII/ptolemy/actor/lib/hoc/test/auto/DEInPNInRunCompositeActor.xml (RunModel)" time="0.039" />
  <testcase classname="ptolemy.util.test.junit.AutoTests" name="[22] /home/travis/build/icyphy/ptII/ptolemy/actor/lib/hoc/test/auto/DFTSubSetTest.xml (RunModel)" time="0.415" />
  <testcase classname="ptolemy.util.test.junit.AutoTests" name="[23] /home/travis/build/icyphy/ptII/ptolemy/actor/lib/hoc/test/auto/HocDE.xml (RunModel)" time="0.302" />
  <testcase classname="ptolemy.util.test.junit.AutoTests" name="[24] /home/travis/build/icyphy/ptII/ptolemy/actor/lib/hoc/test/auto/IterateOverArray.xml (RunModel)" time="0.057" />
  <testcase classname="ptolemy.util.test.junit.AutoTests" name="[25] /home/travis/build/icyphy/ptII/ptolemy/actor/lib/hoc/test/auto/IterateOverArray10.xml (RunModel)" time="0.018" />
  <testcase classname="ptolemy.util.test.junit.AutoTests" name="[26] /home/travis/build/icyphy/ptII/ptolemy/actor/lib/hoc/test/auto/IterateOverArray11.xml (RunModel)" time="0.031" />
  <testcase classname="ptolemy.util.test.junit.AutoTests" name="[27] /home/travis/build/icyphy/ptII/ptolemy/actor/lib/hoc/test/auto/IterateOverArray12.xml (RunModel)" time="0.055" />
  <testcase classname="ptolemy.util.test.junit.AutoTests" name="[28] /home/travis/build/icyphy/ptII/ptolemy/actor/lib/hoc/test/auto/IterateOverArray13.xml (RunModel)" time="0.244" />
  <testcase classname="ptolemy.util.test.junit.AutoTests" name="[29] /home/travis/build/icyphy/ptII/ptolemy/actor/lib/hoc/test/auto/IterateOverArray14.xml (RunModel)" time="0.225" />
  <testcase classname="ptolemy.util.test.junit.AutoTests" name="[30] /home/travis/build/icyphy/ptII/ptolemy/actor/lib/hoc/test/auto/IterateOverArray2.xml (RunModel)" time="0.036" />
  <testcase classname="ptolemy.util.test.junit.AutoTests" name="[31] /home/travis/build/icyphy/ptII/ptolemy/actor/lib/hoc/test/auto/IterateOverArray3.xml (RunModel)" time="0.073" />
  <testcase classname="ptolemy.util.test.junit.AutoTests" name="[32] /home/travis/build/icyphy/ptII/ptolemy/actor/lib/hoc/test/auto/IterateOverArray4.xml (RunModel)" time="0.042" />
  <testcase classname="ptolemy.util.test.junit.AutoTests" name="[33] /home/travis/build/icyphy/ptII/ptolemy/actor/lib/hoc/test/auto/IterateOverArray5.xml (RunModel)" time="0.039" />
  <testcase classname="ptolemy.util.test.junit.AutoTests" name="[34] /home/travis/build/icyphy/ptII/ptolemy/actor/lib/hoc/test/auto/IterateOverArray6.xml (RunModel)" time="0.02" />
  <testcase classname="ptolemy.util.test.junit.AutoTests" name="[35] /home/travis/build/icyphy/ptII/ptolemy/actor/lib/hoc/test/auto/IterateOverArray7.xml (RunModel)" time="0.031" />
  <testcase classname="ptolemy.util.test.junit.AutoTests" name="[36] /home/travis/build/icyphy/ptII/ptolemy/actor/lib/hoc/test/auto/IterateOverArray8.xml (RunModel)" time="0.029" />
  <testcase classname="ptolemy.util.test.junit.AutoTests" name="[37] /home/travis/build/icyphy/ptII/ptolemy/actor/lib/hoc/test/auto/IterateOverArray9.xml (RunModel)" time="0.035" />
  <testcase classname="ptolemy.util.test.junit.AutoTests" name="[38] /home/travis/build/icyphy/ptII/ptolemy/actor/lib/hoc/test/auto/IterateOverArrayCoercedOutputType.xml (RunModel)" time="0.048" />
  <testcase classname="ptolemy.util.test.junit.AutoTests" name="[39] /home/travis/build/icyphy/ptII/ptolemy/actor/lib/hoc/test/auto/IterateOverArrayInferredOutputType.xml (RunModel)" time="0.038" />
  <testcase classname="ptolemy.util.test.junit.AutoTests" name="[40] /home/travis/build/icyphy/ptII/ptolemy/actor/lib/hoc/test/auto/MobileFunctionTest.xml (RunModel)" time="0.041" />
  <testcase classname="ptolemy.util.test.junit.AutoTests" name="[41] /home/travis/build/icyphy/ptII/ptolemy/actor/lib/hoc/test/auto/MobileModelTest.xml (RunModel)" time="0.141" />
  <testcase classname="ptolemy.util.test.junit.AutoTests" name="[42] /home/travis/build/icyphy/ptII/ptolemy/actor/lib/hoc/test/auto/ModelReference.xml (RunModel)" time="0.081" />
  <testcase classname="ptolemy.util.test.junit.AutoTests" name="[43] /home/travis/build/icyphy/ptII/ptolemy/actor/lib/hoc/test/auto/ModelReference3.xml (RunModel)" time="0.066" />
  <testcase classname="ptolemy.util.test.junit.AutoTests" name="[44] /home/travis/build/icyphy/ptII/ptolemy/actor/lib/hoc/test/auto/ModelReference4.xml (RunModel)" time="10.048" />
  <testcase classname="ptolemy.util.test.junit.AutoTests" name="[45] /home/travis/build/icyphy/ptII/ptolemy/actor/lib/hoc/test/auto/MultiInstanceComposite.xml (RunModel)" time="0.087" />
  <testcase classname="ptolemy.util.test.junit.AutoTests" name="[46] /home/travis/build/icyphy/ptII/ptolemy/actor/lib/hoc/test/auto/MultiInstanceComposite2.xml (RunModel)" time="0.064" />
  <testcase classname="ptolemy.util.test.junit.AutoTests" name="[47] /home/travis/build/icyphy/ptII/ptolemy/actor/lib/hoc/test/auto/MulticoreExecution.xml (RunModel)" time="3.083">
    <error type="java.lang.reflect.InvocationTargetException">java.lang.reflect.InvocationTargetException
	at java.lang.reflect.Constructor.newInstance(Constructor.java:423)
	at ptolemy.util.test.junit.AutoTests.RunModel(AutoTests.java:161)
	at junitparams.internal.InvokeParameterisedMethod.evaluate(InvokeParameterisedMethod.java:102)
Caused by: ptolemy.kernel.util.IllegalActionException: Inside thread was interrupted.
  in .MulticoreExecution.ThreadedComposite.ThreadedDirector
	at ptolemy.actor.lib.hoc.ThreadedComposite$ThreadedDirector.fire(ThreadedComposite.java:646)
	at ptolemy.actor.CompositeActor.fire(CompositeActor.java:455)
	at ptolemy.actor.sched.FixedPointDirector._fireActor(FixedPointDirector.java:768)
	at ptolemy.actor.sched.FixedPointDirector.fire(FixedPointDirector.java:244)
	at ptolemy.actor.CompositeActor.fire(CompositeActor.java:455)
	at ptolemy.actor.Manager.iterate(Manager.java:851)
	at ptolemy.actor.Manager.execute(Manager.java:369)
	at ptolemy.actor.Manager.run(Manager.java:1263)
	at ptolemy.actor.Manager$PtolemyRunThread.run(Manager.java:1915)
</error>
  </testcase>
  <testcase classname="ptolemy.util.test.junit.AutoTests" name="[48] /home/travis/build/icyphy/ptII/ptolemy/actor/lib/hoc/test/auto/ParallelExecution.xml (RunModel)" time="0.953" />
  <testcase classname="ptolemy.util.test.junit.AutoTests" name="[49] /home/travis/build/icyphy/ptII/ptolemy/actor/lib/hoc/test/auto/RunCompositeActor.xml (RunModel)" time="0.031" />
  <testcase classname="ptolemy.util.test.junit.AutoTests" name="[50] /home/travis/build/icyphy/ptII/ptolemy/actor/lib/hoc/test/auto/RunCompositeActor2.xml (RunModel)" time="0.041" />
  <testcase classname="ptolemy.util.test.junit.AutoTests" name="[51] /home/travis/build/icyphy/ptII/ptolemy/actor/lib/hoc/test/auto/RunCompositeActor3.xml (RunModel)" time="0.03" />
  <testcase classname="ptolemy.util.test.junit.AutoTests" name="[52] /home/travis/build/icyphy/ptII/ptolemy/actor/lib/hoc/test/auto/RunCompositeActor4.xml (RunModel)" time="0.036" />
  <testcase classname="ptolemy.util.test.junit.AutoTests" name="[53] /home/travis/build/icyphy/ptII/ptolemy/actor/lib/hoc/test/auto/RunCompositeIterateOverArray.xml (RunModel)" time="0.032" />
  <testcase classname="ptolemy.util.test.junit.AutoTests" name="[54] /home/travis/build/icyphy/ptII/ptolemy/actor/lib/hoc/test/auto/ThreadedJS.xml (RunModel)" time="7.3" />
  <system-out><![CDATA[/home/travis/build/icyphy/ptII/ptolemy/actor/lib/hoc/test/IterateOverArray.tcl
testDefs.tcl: setting time out to 9000 seconds at Thu May 10 16:10:21 UTC 2018
05/10/18 04:10:21
Failed: 0  Total Tests: 2  ((Passed: 2, Newly Passed: 0)  Known Failed: 0) /home/travis/build/icyphy/ptII/ptolemy/actor/lib/hoc/test
----------------- testing (KnownFailure) /home/travis/build/icyphy/ptII/ptolemy/actor/lib/hoc/test/auto/knownFailedTests/PreinitializeMustBeInvokedRunComposite.xml
41 ms. Memory: 116224K Free: 104989K (90%)
Known Failure: java.lang.reflect.InvocationTargetException
No auto/*.xml tests in /home/travis/build/icyphy/ptII/ptolemy/actor/lib/hoc/test
AutoTests.java: About to close Vertx.
AutoTests.java: Vertx closed.
----------------- testing Thu May 10 16:10:22 UTC 2018 /home/travis/build/icyphy/ptII/ptolemy/actor/lib/hoc/test/auto/AllToAllMultiInstanceComposite.xml
----------------- Instantiating /home/travis/build/icyphy/ptII/ptolemy/actor/lib/hoc/test/auto/AllToAllMultiInstanceComposite.xml
179 ms. Memory: 116224K Free: 87759K (76%)
----------------- Invoking toplevel() on ptolemy.moml.MoMLSimpleApplication@60e03038
----------------- Done invoking toplevel() on ptolemy.moml.MoMLSimpleApplication@60e03038
reloadAllAccessors: .AllToAllMultiInstanceComposite
----------------- testing Thu May 10 16:10:22 UTC 2018 /home/travis/build/icyphy/ptII/ptolemy/actor/lib/hoc/test/auto/ApplyFFTTest.xml
----------------- Instantiating /home/travis/build/icyphy/ptII/ptolemy/actor/lib/hoc/test/auto/ApplyFFTTest.xml
167 ms. Memory: 116224K Free: 98071K (84%)
----------------- Invoking toplevel() on ptolemy.moml.MoMLSimpleApplication@292ff3c5
----------------- Done invoking toplevel() on ptolemy.moml.MoMLSimpleApplication@292ff3c5
reloadAllAccessors: .ApplyFFTTest
----------------- testing Thu May 10 16:10:23 UTC 2018 /home/travis/build/icyphy/ptII/ptolemy/actor/lib/hoc/test/auto/ApplyFunction.xml
----------------- Instantiating /home/travis/build/icyphy/ptII/ptolemy/actor/lib/hoc/test/auto/ApplyFunction.xml
7 ms. Memory: 116224K Free: 94455K (81%)
----------------- Invoking toplevel() on ptolemy.moml.MoMLSimpleApplication@71691a1c
----------------- Done invoking toplevel() on ptolemy.moml.MoMLSimpleApplication@71691a1c
reloadAllAccessors: .ApplyFunction
----------------- testing Thu May 10 16:10:23 UTC 2018 /home/travis/build/icyphy/ptII/ptolemy/actor/lib/hoc/test/auto/BackgroundExecution.xml
----------------- Instantiating /home/travis/build/icyphy/ptII/ptolemy/actor/lib/hoc/test/auto/BackgroundExecution.xml
651 ms. Memory: 116224K Free: 86534K (74%)
----------------- Invoking toplevel() on ptolemy.moml.MoMLSimpleApplication@76687b84
----------------- Done invoking toplevel() on ptolemy.moml.MoMLSimpleApplication@76687b84
reloadAllAccessors: .BackgroundExecution
----------------- testing Thu May 10 16:10:24 UTC 2018 /home/travis/build/icyphy/ptII/ptolemy/actor/lib/hoc/test/auto/Case.xml
----------------- Instantiating /home/travis/build/icyphy/ptII/ptolemy/actor/lib/hoc/test/auto/Case.xml
20 ms. Memory: 146944K Free: 139542K (95%)
----------------- Invoking toplevel() on ptolemy.moml.MoMLSimpleApplication@4bab36c7
----------------- Done invoking toplevel() on ptolemy.moml.MoMLSimpleApplication@4bab36c7
reloadAllAccessors: .Case
----------------- testing Thu May 10 16:10:24 UTC 2018 /home/travis/build/icyphy/ptII/ptolemy/actor/lib/hoc/test/auto/Case1.xml
----------------- Instantiating /home/travis/build/icyphy/ptII/ptolemy/actor/lib/hoc/test/auto/Case1.xml
34 ms. Memory: 146944K Free: 132274K (90%)
----------------- Invoking toplevel() on ptolemy.moml.MoMLSimpleApplication@1a145261
----------------- Done invoking toplevel() on ptolemy.moml.MoMLSimpleApplication@1a145261
reloadAllAccessors: .Case1
----------------- testing Thu May 10 16:10:24 UTC 2018 /home/travis/build/icyphy/ptII/ptolemy/actor/lib/hoc/test/auto/Case2.xml
----------------- Instantiating /home/travis/build/icyphy/ptII/ptolemy/actor/lib/hoc/test/auto/Case2.xml
63 ms. Memory: 146944K Free: 120689K (82%)
----------------- Invoking toplevel() on ptolemy.moml.MoMLSimpleApplication@6349692c
----------------- Done invoking toplevel() on ptolemy.moml.MoMLSimpleApplication@6349692c
reloadAllAccessors: .Case2
----------------- testing Thu May 10 16:10:24 UTC 2018 /home/travis/build/icyphy/ptII/ptolemy/actor/lib/hoc/test/auto/Case3.xml
----------------- Instantiating /home/travis/build/icyphy/ptII/ptolemy/actor/lib/hoc/test/auto/Case3.xml
20 ms. Memory: 146944K Free: 114240K (78%)
----------------- Invoking toplevel() on ptolemy.moml.MoMLSimpleApplication@74377bb9
----------------- Done invoking toplevel() on ptolemy.moml.MoMLSimpleApplication@74377bb9
reloadAllAccessors: .Case3
----------------- testing Thu May 10 16:10:24 UTC 2018 /home/travis/build/icyphy/ptII/ptolemy/actor/lib/hoc/test/auto/Case4.xml
----------------- Instantiating /home/travis/build/icyphy/ptII/ptolemy/actor/lib/hoc/test/auto/Case4.xml
20 ms. Memory: 146944K Free: 105727K (72%)
----------------- Invoking toplevel() on ptolemy.moml.MoMLSimpleApplication@580678ea
----------------- Done invoking toplevel() on ptolemy.moml.MoMLSimpleApplication@580678ea
reloadAllAccessors: .Case4
----------------- testing Thu May 10 16:10:24 UTC 2018 /home/travis/build/icyphy/ptII/ptolemy/actor/lib/hoc/test/auto/Case5.xml
----------------- Instantiating /home/travis/build/icyphy/ptII/ptolemy/actor/lib/hoc/test/auto/Case5.xml
86 ms. Memory: 146944K Free: 98643K (67%)
----------------- Invoking toplevel() on ptolemy.moml.MoMLSimpleApplication@40a22ebe
----------------- Done invoking toplevel() on ptolemy.moml.MoMLSimpleApplication@40a22ebe
reloadAllAccessors: .junk
----------------- testing Thu May 10 16:10:24 UTC 2018 /home/travis/build/icyphy/ptII/ptolemy/actor/lib/hoc/test/auto/Case6.xml
----------------- Instantiating /home/travis/build/icyphy/ptII/ptolemy/actor/lib/hoc/test/auto/Case6.xml
84 ms. Memory: 146944K Free: 85745K (58%)
----------------- Invoking toplevel() on ptolemy.moml.MoMLSimpleApplication@5d67ac1e
----------------- Done invoking toplevel() on ptolemy.moml.MoMLSimpleApplication@5d67ac1e
reloadAllAccessors: .Case6
----------------- testing Thu May 10 16:10:24 UTC 2018 /home/travis/build/icyphy/ptII/ptolemy/actor/lib/hoc/test/auto/CaseString2.xml
----------------- Instantiating /home/travis/build/icyphy/ptII/ptolemy/actor/lib/hoc/test/auto/CaseString2.xml
13 ms. Memory: 146944K Free: 138299K (94%)
----------------- Invoking toplevel() on ptolemy.moml.MoMLSimpleApplication@519bb62e
----------------- Done invoking toplevel() on ptolemy.moml.MoMLSimpleApplication@519bb62e
reloadAllAccessors: .CaseString2
----------------- testing Thu May 10 16:10:24 UTC 2018 /home/travis/build/icyphy/ptII/ptolemy/actor/lib/hoc/test/auto/CatchUpComposite1.xml
----------------- Instantiating /home/travis/build/icyphy/ptII/ptolemy/actor/lib/hoc/test/auto/CatchUpComposite1.xml
37 ms. Memory: 146944K Free: 128448K (87%)
----------------- Invoking toplevel() on ptolemy.moml.MoMLSimpleApplication@29dbbcc6
----------------- Done invoking toplevel() on ptolemy.moml.MoMLSimpleApplication@29dbbcc6
reloadAllAccessors: .CatchUpComposite1
----------------- testing Thu May 10 16:10:25 UTC 2018 /home/travis/build/icyphy/ptII/ptolemy/actor/lib/hoc/test/auto/CatchUpComposite2.xml
----------------- Instantiating /home/travis/build/icyphy/ptII/ptolemy/actor/lib/hoc/test/auto/CatchUpComposite2.xml
32 ms. Memory: 146944K Free: 118660K (81%)
----------------- Invoking toplevel() on ptolemy.moml.MoMLSimpleApplication@720dbc51
----------------- Done invoking toplevel() on ptolemy.moml.MoMLSimpleApplication@720dbc51
reloadAllAccessors: .CatchUpComposite2
----------------- testing Thu May 10 16:10:25 UTC 2018 /home/travis/build/icyphy/ptII/ptolemy/actor/lib/hoc/test/auto/CatchUpComposite3.xml
----------------- Instantiating /home/travis/build/icyphy/ptII/ptolemy/actor/lib/hoc/test/auto/CatchUpComposite3.xml
11 ms. Memory: 146944K Free: 109251K (74%)
----------------- Invoking toplevel() on ptolemy.moml.MoMLSimpleApplication@23ab9a08
----------------- Done invoking toplevel() on ptolemy.moml.MoMLSimpleApplication@23ab9a08
reloadAllAccessors: .CatchUpComposite3
----------------- testing Thu May 10 16:10:25 UTC 2018 /home/travis/build/icyphy/ptII/ptolemy/actor/lib/hoc/test/auto/CatchUpComposite4.xml
----------------- Instantiating /home/travis/build/icyphy/ptII/ptolemy/actor/lib/hoc/test/auto/CatchUpComposite4.xml
18 ms. Memory: 146944K Free: 99407K (68%)
----------------- Invoking toplevel() on ptolemy.moml.MoMLSimpleApplication@6ec4e26a
----------------- Done invoking toplevel() on ptolemy.moml.MoMLSimpleApplication@6ec4e26a
reloadAllAccessors: .CatchUpComposite4
----------------- testing Thu May 10 16:10:25 UTC 2018 /home/travis/build/icyphy/ptII/ptolemy/actor/lib/hoc/test/auto/CatchUpComposite5.xml
----------------- Instantiating /home/travis/build/icyphy/ptII/ptolemy/actor/lib/hoc/test/auto/CatchUpComposite5.xml
19 ms. Memory: 146944K Free: 90720K (62%)
----------------- Invoking toplevel() on ptolemy.moml.MoMLSimpleApplication@2fd6a211
----------------- Done invoking toplevel() on ptolemy.moml.MoMLSimpleApplication@2fd6a211
reloadAllAccessors: .CatchUpComposite5
----------------- testing Thu May 10 16:10:25 UTC 2018 /home/travis/build/icyphy/ptII/ptolemy/actor/lib/hoc/test/auto/CatchUpComposite6.xml
----------------- Instantiating /home/travis/build/icyphy/ptII/ptolemy/actor/lib/hoc/test/auto/CatchUpComposite6.xml
WARNING: The execution aspects in this model can influence the timing of actors by delaying the 
execution, potentially changing the behavior. There is no guarantee that actors fire at the 
time they request to be fired. 
Use Ptides for deterministic DE behavior that is not influenced by execution aspects. 

99 ms. Memory: 209408K Free: 196077K (94%)
----------------- Invoking toplevel() on ptolemy.moml.MoMLSimpleApplication@b9ab2ec
----------------- Done invoking toplevel() on ptolemy.moml.MoMLSimpleApplication@b9ab2ec
reloadAllAccessors: .CatchUpComposite6
----------------- testing Thu May 10 16:10:25 UTC 2018 /home/travis/build/icyphy/ptII/ptolemy/actor/lib/hoc/test/auto/CatchUpComposite7.xml
----------------- Instantiating /home/travis/build/icyphy/ptII/ptolemy/actor/lib/hoc/test/auto/CatchUpComposite7.xml
WARNING: The execution aspects in this model can influence the timing of actors by delaying the 
execution, potentially changing the behavior. There is no guarantee that actors fire at the 
time they request to be fired. 
Use Ptides for deterministic DE behavior that is not influenced by execution aspects. 

75 ms. Memory: 209408K Free: 179265K (86%)
----------------- Invoking toplevel() on ptolemy.moml.MoMLSimpleApplication@795ff913
----------------- Done invoking toplevel() on ptolemy.moml.MoMLSimpleApplication@795ff913
reloadAllAccessors: .CatchUpComposite7
----------------- testing Thu May 10 16:10:25 UTC 2018 /home/travis/build/icyphy/ptII/ptolemy/actor/lib/hoc/test/auto/ConcurrentExecutionTimeSDF.xml
----------------- Instantiating /home/travis/build/icyphy/ptII/ptolemy/actor/lib/hoc/test/auto/ConcurrentExecutionTimeSDF.xml
19 ms. Memory: 209408K Free: 169794K (81%)
----------------- Invoking toplevel() on ptolemy.moml.MoMLSimpleApplication@6af0b878
----------------- Done invoking toplevel() on ptolemy.moml.MoMLSimpleApplication@6af0b878
reloadAllAccessors: .ConcurrentExecutionTimeSDF
----------------- testing Thu May 10 16:10:25 UTC 2018 /home/travis/build/icyphy/ptII/ptolemy/actor/lib/hoc/test/auto/ConcurrentSleep.xml
----------------- Instantiating /home/travis/build/icyphy/ptII/ptolemy/actor/lib/hoc/test/auto/ConcurrentSleep.xml
737 ms. Memory: 209408K Free: 154589K (74%)
----------------- Invoking toplevel() on ptolemy.moml.MoMLSimpleApplication@67a3f13c
----------------- Done invoking toplevel() on ptolemy.moml.MoMLSimpleApplication@67a3f13c
reloadAllAccessors: .ConcurrentSleep
----------------- testing Thu May 10 16:10:26 UTC 2018 /home/travis/build/icyphy/ptII/ptolemy/actor/lib/hoc/test/auto/DEInPNInRunCompositeActor.xml
----------------- Instantiating /home/travis/build/icyphy/ptII/ptolemy/actor/lib/hoc/test/auto/DEInPNInRunCompositeActor.xml
12 ms. Memory: 209408K Free: 147216K (70%)
----------------- Invoking toplevel() on ptolemy.moml.MoMLSimpleApplication@1b801b49
----------------- Done invoking toplevel() on ptolemy.moml.MoMLSimpleApplication@1b801b49
reloadAllAccessors: .DEInPNInRunCompositeActor
----------------- testing Thu May 10 16:10:26 UTC 2018 /home/travis/build/icyphy/ptII/ptolemy/actor/lib/hoc/test/auto/DFTSubSetTest.xml
----------------- Instantiating /home/travis/build/icyphy/ptII/ptolemy/actor/lib/hoc/test/auto/DFTSubSetTest.xml
261 ms. Memory: 209408K Free: 99208K (47%)
----------------- Invoking toplevel() on ptolemy.moml.MoMLSimpleApplication@48c8db1b
----------------- Done invoking toplevel() on ptolemy.moml.MoMLSimpleApplication@48c8db1b
reloadAllAccessors: .DFTSubSetTest
----------------- testing Thu May 10 16:10:27 UTC 2018 /home/travis/build/icyphy/ptII/ptolemy/actor/lib/hoc/test/auto/HocDE.xml
----------------- Instantiating /home/travis/build/icyphy/ptII/ptolemy/actor/lib/hoc/test/auto/HocDE.xml
246 ms. Memory: 209408K Free: 194030K (93%)
----------------- Invoking toplevel() on ptolemy.moml.MoMLSimpleApplication@70d3dc31
----------------- Done invoking toplevel() on ptolemy.moml.MoMLSimpleApplication@70d3dc31
reloadAllAccessors: .HocDE
----------------- testing Thu May 10 16:10:27 UTC 2018 /home/travis/build/icyphy/ptII/ptolemy/actor/lib/hoc/test/auto/IterateOverArray.xml
----------------- Instantiating /home/travis/build/icyphy/ptII/ptolemy/actor/lib/hoc/test/auto/IterateOverArray.xml
7 ms. Memory: 209408K Free: 188049K (90%)
----------------- Invoking toplevel() on ptolemy.moml.MoMLSimpleApplication@50f8103
----------------- Done invoking toplevel() on ptolemy.moml.MoMLSimpleApplication@50f8103
reloadAllAccessors: .IterateOverArray
----------------- testing Thu May 10 16:10:27 UTC 2018 /home/travis/build/icyphy/ptII/ptolemy/actor/lib/hoc/test/auto/IterateOverArray10.xml
----------------- Instantiating /home/travis/build/icyphy/ptII/ptolemy/actor/lib/hoc/test/auto/IterateOverArray10.xml
3 ms. Memory: 209408K Free: 184071K (88%)
----------------- Invoking toplevel() on ptolemy.moml.MoMLSimpleApplication@5af9e1d3
----------------- Done invoking toplevel() on ptolemy.moml.MoMLSimpleApplication@5af9e1d3
reloadAllAccessors: .IterateOverArray10
----------------- testing Thu May 10 16:10:27 UTC 2018 /home/travis/build/icyphy/ptII/ptolemy/actor/lib/hoc/test/auto/IterateOverArray11.xml
----------------- Instantiating /home/travis/build/icyphy/ptII/ptolemy/actor/lib/hoc/test/auto/IterateOverArray11.xml
6 ms. Memory: 209408K Free: 178864K (85%)
----------------- Invoking toplevel() on ptolemy.moml.MoMLSimpleApplication@78a3cdc8
----------------- Done invoking toplevel() on ptolemy.moml.MoMLSimpleApplication@78a3cdc8
reloadAllAccessors: .IterateOverArray11
----------------- testing Thu May 10 16:10:27 UTC 2018 /home/travis/build/icyphy/ptII/ptolemy/actor/lib/hoc/test/auto/IterateOverArray12.xml
----------------- Instantiating /home/travis/build/icyphy/ptII/ptolemy/actor/lib/hoc/test/auto/IterateOverArray12.xml
28 ms. Memory: 209408K Free: 171814K (82%)
----------------- Invoking toplevel() on ptolemy.moml.MoMLSimpleApplication@4de2d486
----------------- Done invoking toplevel() on ptolemy.moml.MoMLSimpleApplication@4de2d486
reloadAllAccessors: .IterateOverArray12
----------------- testing Thu May 10 16:10:27 UTC 2018 /home/travis/build/icyphy/ptII/ptolemy/actor/lib/hoc/test/auto/IterateOverArray13.xml
----------------- Instantiating /home/travis/build/icyphy/ptII/ptolemy/actor/lib/hoc/test/auto/IterateOverArray13.xml
119 ms. Memory: 209408K Free: 138160K (66%)
----------------- Invoking toplevel() on ptolemy.moml.MoMLSimpleApplication@4ba3b5da
----------------- Done invoking toplevel() on ptolemy.moml.MoMLSimpleApplication@4ba3b5da
reloadAllAccessors: .IterateOverArray13
----------------- testing Thu May 10 16:10:27 UTC 2018 /home/travis/build/icyphy/ptII/ptolemy/actor/lib/hoc/test/auto/IterateOverArray14.xml
----------------- Instantiating /home/travis/build/icyphy/ptII/ptolemy/actor/lib/hoc/test/auto/IterateOverArray14.xml
102 ms. Memory: 209408K Free: 102550K (49%)
----------------- Invoking toplevel() on ptolemy.moml.MoMLSimpleApplication@579edb7
----------------- Done invoking toplevel() on ptolemy.moml.MoMLSimpleApplication@579edb7
reloadAllAccessors: .IterateOverArray14
----------------- testing Thu May 10 16:10:27 UTC 2018 /home/travis/build/icyphy/ptII/ptolemy/actor/lib/hoc/test/auto/IterateOverArray2.xml
----------------- Instantiating /home/travis/build/icyphy/ptII/ptolemy/actor/lib/hoc/test/auto/IterateOverArray2.xml
12 ms. Memory: 209408K Free: 97343K (46%)
----------------- Invoking toplevel() on ptolemy.moml.MoMLSimpleApplication@37417bf4
----------------- Done invoking toplevel() on ptolemy.moml.MoMLSimpleApplication@37417bf4
reloadAllAccessors: .IterateOverArray2
----------------- testing Thu May 10 16:10:28 UTC 2018 /home/travis/build/icyphy/ptII/ptolemy/actor/lib/hoc/test/auto/IterateOverArray3.xml
----------------- Instantiating /home/travis/build/icyphy/ptII/ptolemy/actor/lib/hoc/test/auto/IterateOverArray3.xml
29 ms. Memory: 209408K Free: 90245K (43%)
----------------- Invoking toplevel() on ptolemy.moml.MoMLSimpleApplication@15390979
----------------- Done invoking toplevel() on ptolemy.moml.MoMLSimpleApplication@15390979
reloadAllAccessors: .IterateOverArray3
----------------- testing Thu May 10 16:10:28 UTC 2018 /home/travis/build/icyphy/ptII/ptolemy/actor/lib/hoc/test/auto/IterateOverArray4.xml
----------------- Instantiating /home/travis/build/icyphy/ptII/ptolemy/actor/lib/hoc/test/auto/IterateOverArray4.xml
7 ms. Memory: 209408K Free: 85621K (41%)
----------------- Invoking toplevel() on ptolemy.moml.MoMLSimpleApplication@2c451644
----------------- Done invoking toplevel() on ptolemy.moml.MoMLSimpleApplication@2c451644
reloadAllAccessors: .IterateOverArray4
----------------- testing Thu May 10 16:10:28 UTC 2018 /home/travis/build/icyphy/ptII/ptolemy/actor/lib/hoc/test/auto/IterateOverArray5.xml
----------------- Instantiating /home/travis/build/icyphy/ptII/ptolemy/actor/lib/hoc/test/auto/IterateOverArray5.xml
12 ms. Memory: 332288K Free: 326496K (98%)
----------------- Invoking toplevel() on ptolemy.moml.MoMLSimpleApplication@6fbf517e
----------------- Done invoking toplevel() on ptolemy.moml.MoMLSimpleApplication@6fbf517e
reloadAllAccessors: .IterateOverArray5
----------------- testing Thu May 10 16:10:28 UTC 2018 /home/travis/build/icyphy/ptII/ptolemy/actor/lib/hoc/test/auto/IterateOverArray6.xml
----------------- Instantiating /home/travis/build/icyphy/ptII/ptolemy/actor/lib/hoc/test/auto/IterateOverArray6.xml
3 ms. Memory: 332288K Free: 321722K (97%)
----------------- Invoking toplevel() on ptolemy.moml.MoMLSimpleApplication@47c89d1e
----------------- Done invoking toplevel() on ptolemy.moml.MoMLSimpleApplication@47c89d1e
reloadAllAccessors: .IterateOverArray6
----------------- testing Thu May 10 16:10:28 UTC 2018 /home/travis/build/icyphy/ptII/ptolemy/actor/lib/hoc/test/auto/IterateOverArray7.xml
----------------- Instantiating /home/travis/build/icyphy/ptII/ptolemy/actor/lib/hoc/test/auto/IterateOverArray7.xml
6 ms. Memory: 332288K Free: 316276K (95%)
----------------- Invoking toplevel() on ptolemy.moml.MoMLSimpleApplication@10879d08
----------------- Done invoking toplevel() on ptolemy.moml.MoMLSimpleApplication@10879d08
reloadAllAccessors: .IterateOverArray7
----------------- testing Thu May 10 16:10:28 UTC 2018 /home/travis/build/icyphy/ptII/ptolemy/actor/lib/hoc/test/auto/IterateOverArray8.xml
----------------- Instantiating /home/travis/build/icyphy/ptII/ptolemy/actor/lib/hoc/test/auto/IterateOverArray8.xml
8 ms. Memory: 332288K Free: 310951K (94%)
----------------- Invoking toplevel() on ptolemy.moml.MoMLSimpleApplication@5e87ad24
----------------- Done invoking toplevel() on ptolemy.moml.MoMLSimpleApplication@5e87ad24
reloadAllAccessors: .IterateOverArray8
----------------- testing Thu May 10 16:10:28 UTC 2018 /home/travis/build/icyphy/ptII/ptolemy/actor/lib/hoc/test/auto/IterateOverArray9.xml
----------------- Instantiating /home/travis/build/icyphy/ptII/ptolemy/actor/lib/hoc/test/auto/IterateOverArray9.xml
10 ms. Memory: 332288K Free: 305626K (92%)
----------------- Invoking toplevel() on ptolemy.moml.MoMLSimpleApplication@61b2a613
----------------- Done invoking toplevel() on ptolemy.moml.MoMLSimpleApplication@61b2a613
reloadAllAccessors: .IterateOverArray9
----------------- testing Thu May 10 16:10:28 UTC 2018 /home/travis/build/icyphy/ptII/ptolemy/actor/lib/hoc/test/auto/IterateOverArrayCoercedOutputType.xml
----------------- Instantiating /home/travis/build/icyphy/ptII/ptolemy/actor/lib/hoc/test/auto/IterateOverArrayCoercedOutputType.xml
5 ms. Memory: 332288K Free: 299494K (90%)
----------------- Invoking toplevel() on ptolemy.moml.MoMLSimpleApplication@6595382d
----------------- Done invoking toplevel() on ptolemy.moml.MoMLSimpleApplication@6595382d
reloadAllAccessors: .IterateOverArrayCoercedOutputType
----------------- testing Thu May 10 16:10:28 UTC 2018 /home/travis/build/icyphy/ptII/ptolemy/actor/lib/hoc/test/auto/IterateOverArrayInferredOutputType.xml
----------------- Instantiating /home/travis/build/icyphy/ptII/ptolemy/actor/lib/hoc/test/auto/IterateOverArrayInferredOutputType.xml
16 ms. Memory: 332288K Free: 292942K (88%)
----------------- Invoking toplevel() on ptolemy.moml.MoMLSimpleApplication@20764dbf
----------------- Done invoking toplevel() on ptolemy.moml.MoMLSimpleApplication@20764dbf
reloadAllAccessors: .IterateOverArrayInferredOutputType
----------------- testing Thu May 10 16:10:28 UTC 2018 /home/travis/build/icyphy/ptII/ptolemy/actor/lib/hoc/test/auto/MobileFunctionTest.xml
----------------- Instantiating /home/travis/build/icyphy/ptII/ptolemy/actor/lib/hoc/test/auto/MobileFunctionTest.xml
11 ms. Memory: 332288K Free: 287617K (87%)
----------------- Invoking toplevel() on ptolemy.moml.MoMLSimpleApplication@4fb3b46
----------------- Done invoking toplevel() on ptolemy.moml.MoMLSimpleApplication@4fb3b46
reloadAllAccessors: .MobileFunctionTest
----------------- testing Thu May 10 16:10:28 UTC 2018 /home/travis/build/icyphy/ptII/ptolemy/actor/lib/hoc/test/auto/MobileModelTest.xml
----------------- Instantiating /home/travis/build/icyphy/ptII/ptolemy/actor/lib/hoc/test/auto/MobileModelTest.xml
92 ms. Memory: 332288K Free: 266350K (80%)
----------------- Invoking toplevel() on ptolemy.moml.MoMLSimpleApplication@38533f4c
----------------- Done invoking toplevel() on ptolemy.moml.MoMLSimpleApplication@38533f4c
reloadAllAccessors: .MobileModelTest
----------------- testing Thu May 10 16:10:28 UTC 2018 /home/travis/build/icyphy/ptII/ptolemy/actor/lib/hoc/test/auto/ModelReference.xml
----------------- Instantiating /home/travis/build/icyphy/ptII/ptolemy/actor/lib/hoc/test/auto/ModelReference.xml
3 ms. Memory: 332288K Free: 257345K (77%)
2 ms. Memory: 332288K Free: 256119K (77%)
2 ms. Memory: 332288K Free: 256119K (77%)
5 ms. Memory: 332288K Free: 254893K (77%)
4 ms. Memory: 332288K Free: 253667K (76%)
5 ms. Memory: 332288K Free: 253667K (76%)
5 ms. Memory: 332288K Free: 252441K (76%)
2 ms. Memory: 332288K Free: 251214K (76%)
3 ms. Memory: 332288K Free: 251214K (76%)
4 ms. Memory: 332288K Free: 249988K (75%)
46 ms. Memory: 332288K Free: 249988K (75%)
----------------- Invoking toplevel() on ptolemy.moml.MoMLSimpleApplication@1a109002
----------------- Done invoking toplevel() on ptolemy.moml.MoMLSimpleApplication@1a109002
reloadAllAccessors: .ModelReference
----------------- testing Thu May 10 16:10:28 UTC 2018 /home/travis/build/icyphy/ptII/ptolemy/actor/lib/hoc/test/auto/ModelReference3.xml
----------------- Instantiating /home/travis/build/icyphy/ptII/ptolemy/actor/lib/hoc/test/auto/ModelReference3.xml
2 ms. Memory: 332288K Free: 243857K (73%)
7 ms. Memory: 332288K Free: 243857K (73%)
2 ms. Memory: 332288K Free: 242630K (73%)
3 ms. Memory: 332288K Free: 241404K (73%)
2 ms. Memory: 332288K Free: 241404K (73%)
2 ms. Memory: 332288K Free: 240178K (72%)
2 ms. Memory: 332288K Free: 238952K (72%)
5 ms. Memory: 332288K Free: 238952K (72%)
2 ms. Memory: 332288K Free: 237726K (72%)
5 ms. Memory: 332288K Free: 236499K (71%)
47 ms. Memory: 332288K Free: 236499K (71%)
----------------- Invoking toplevel() on ptolemy.moml.MoMLSimpleApplication@72c3f289
----------------- Done invoking toplevel() on ptolemy.moml.MoMLSimpleApplication@72c3f289
reloadAllAccessors: .ModelReference3
----------------- testing Thu May 10 16:10:28 UTC 2018 /home/travis/build/icyphy/ptII/ptolemy/actor/lib/hoc/test/auto/ModelReference4.xml
----------------- Instantiating /home/travis/build/icyphy/ptII/ptolemy/actor/lib/hoc/test/auto/ModelReference4.xml
3 ms. Memory: 332288K Free: 229948K (69%)
3 ms. Memory: 332288K Free: 228722K (69%)
3 ms. Memory: 332288K Free: 226269K (68%)
7 ms. Memory: 332288K Free: 225043K (68%)
3 ms. Memory: 332288K Free: 223817K (67%)
3 ms. Memory: 332288K Free: 222590K (67%)
7 ms. Memory: 332288K Free: 221364K (67%)
2 ms. Memory: 332288K Free: 220138K (66%)
3 ms. Memory: 332288K Free: 217669K (66%)
4 ms. Memory: 332288K Free: 216443K (65%)
10023 ms. Memory: 332288K Free: 216443K (65%)
----------------- Invoking toplevel() on ptolemy.moml.MoMLSimpleApplication@116a5db9
----------------- Done invoking toplevel() on ptolemy.moml.MoMLSimpleApplication@116a5db9
reloadAllAccessors: .ModelReference4
----------------- testing Thu May 10 16:10:38 UTC 2018 /home/travis/build/icyphy/ptII/ptolemy/actor/lib/hoc/test/auto/MultiInstanceComposite.xml
----------------- Instantiating /home/travis/build/icyphy/ptII/ptolemy/actor/lib/hoc/test/auto/MultiInstanceComposite.xml
45 ms. Memory: 332288K Free: 195056K (59%)
----------------- Invoking toplevel() on ptolemy.moml.MoMLSimpleApplication@5074228f
----------------- Done invoking toplevel() on ptolemy.moml.MoMLSimpleApplication@5074228f
reloadAllAccessors: .MultiInstanceComposite
----------------- testing Thu May 10 16:10:38 UTC 2018 /home/travis/build/icyphy/ptII/ptolemy/actor/lib/hoc/test/auto/MultiInstanceComposite2.xml
----------------- Instantiating /home/travis/build/icyphy/ptII/ptolemy/actor/lib/hoc/test/auto/MultiInstanceComposite2.xml
33 ms. Memory: 332288K Free: 181050K (54%)
----------------- Invoking toplevel() on ptolemy.moml.MoMLSimpleApplication@132c6f61
----------------- Done invoking toplevel() on ptolemy.moml.MoMLSimpleApplication@132c6f61
reloadAllAccessors: .MultiInstanceComposite2
----------------- testing Thu May 10 16:10:38 UTC 2018 /home/travis/build/icyphy/ptII/ptolemy/actor/lib/hoc/test/auto/MulticoreExecution.xml
----------------- Instantiating /home/travis/build/icyphy/ptII/ptolemy/actor/lib/hoc/test/auto/MulticoreExecution.xml
3030 ms. Memory: 332288K Free: 167093K (50%)
----------------- testing Thu May 10 16:10:42 UTC 2018 /home/travis/build/icyphy/ptII/ptolemy/actor/lib/hoc/test/auto/ParallelExecution.xml
----------------- Instantiating /home/travis/build/icyphy/ptII/ptolemy/actor/lib/hoc/test/auto/ParallelExecution.xml
929 ms. Memory: 332288K Free: 153167K (46%)
----------------- Invoking toplevel() on ptolemy.moml.MoMLSimpleApplication@7cc2a274
----------------- Done invoking toplevel() on ptolemy.moml.MoMLSimpleApplication@7cc2a274
reloadAllAccessors: .ParallelExecution
----------------- testing Thu May 10 16:10:42 UTC 2018 /home/travis/build/icyphy/ptII/ptolemy/actor/lib/hoc/test/auto/RunCompositeActor.xml
----------------- Instantiating /home/travis/build/icyphy/ptII/ptolemy/actor/lib/hoc/test/auto/RunCompositeActor.xml
9 ms. Memory: 332288K Free: 144115K (43%)
----------------- Invoking toplevel() on ptolemy.moml.MoMLSimpleApplication@2b58306e
----------------- Done invoking toplevel() on ptolemy.moml.MoMLSimpleApplication@2b58306e
reloadAllAccessors: .RunCompositeActor
----------------- testing Thu May 10 16:10:43 UTC 2018 /home/travis/build/icyphy/ptII/ptolemy/actor/lib/hoc/test/auto/RunCompositeActor2.xml
----------------- Instantiating /home/travis/build/icyphy/ptII/ptolemy/actor/lib/hoc/test/auto/RunCompositeActor2.xml
19 ms. Memory: 332288K Free: 136306K (41%)
----------------- Invoking toplevel() on ptolemy.moml.MoMLSimpleApplication@66b36dad
----------------- Done invoking toplevel() on ptolemy.moml.MoMLSimpleApplication@66b36dad
reloadAllAccessors: .RunCompositeActor2
----------------- testing Thu May 10 16:10:43 UTC 2018 /home/travis/build/icyphy/ptII/ptolemy/actor/lib/hoc/test/auto/RunCompositeActor3.xml
----------------- Instantiating /home/travis/build/icyphy/ptII/ptolemy/actor/lib/hoc/test/auto/RunCompositeActor3.xml
4 ms. Memory: 332288K Free: 130110K (39%)
----------------- Invoking toplevel() on ptolemy.moml.MoMLSimpleApplication@35e6bb25
----------------- Done invoking toplevel() on ptolemy.moml.MoMLSimpleApplication@35e6bb25
reloadAllAccessors: .RunCompositeActor3
----------------- testing Thu May 10 16:10:43 UTC 2018 /home/travis/build/icyphy/ptII/ptolemy/actor/lib/hoc/test/auto/RunCompositeActor4.xml
----------------- Instantiating /home/travis/build/icyphy/ptII/ptolemy/actor/lib/hoc/test/auto/RunCompositeActor4.xml
14 ms. Memory: 332288K Free: 121058K (36%)
----------------- Invoking toplevel() on ptolemy.moml.MoMLSimpleApplication@40f919d7
----------------- Done invoking toplevel() on ptolemy.moml.MoMLSimpleApplication@40f919d7
reloadAllAccessors: .RunCompositeActor4
----------------- testing Thu May 10 16:10:43 UTC 2018 /home/travis/build/icyphy/ptII/ptolemy/actor/lib/hoc/test/auto/RunCompositeIterateOverArray.xml
----------------- Instantiating /home/travis/build/icyphy/ptII/ptolemy/actor/lib/hoc/test/auto/RunCompositeIterateOverArray.xml
7 ms. Memory: 332288K Free: 114410K (34%)
----------------- Invoking toplevel() on ptolemy.moml.MoMLSimpleApplication@3ddb78c7
----------------- Done invoking toplevel() on ptolemy.moml.MoMLSimpleApplication@3ddb78c7
reloadAllAccessors: .RunCompositeIterateOverArray
----------------- testing Thu May 10 16:10:43 UTC 2018 /home/travis/build/icyphy/ptII/ptolemy/actor/lib/hoc/test/auto/ThreadedJS.xml
----------------- Instantiating /home/travis/build/icyphy/ptII/ptolemy/actor/lib/hoc/test/auto/ThreadedJS.xml
2882 ms. Memory: 414720K Free: 268846K (65%)
----------------- Invoking toplevel() on ptolemy.moml.MoMLSimpleApplication@15fd6768
----------------- Done invoking toplevel() on ptolemy.moml.MoMLSimpleApplication@15fd6768
reloadAllAccessors: .ThreadedJS
AutoTests.java: About to close Vertx.
AutoTests.java: Vertx closed.
]]></system-out>
  <system-err><![CDATA[java.lang.RuntimeException: Execution failed
	at ptolemy.moml.MoMLSimpleApplication$UnloadThread.run(MoMLSimpleApplication.java:402)
Caused by: ptolemy.kernel.util.IllegalActionException: initialize() was called after wrapup() was called but preinitialize() was not called after wrapup().
	at ptolemy.actor.lib.hoc.test.PreinitializeMustBeInvoked.initialize(PreinitializeMustBeInvoked.java:78)
	at ptolemy.actor.Director.initialize(Director.java:938)
	at ptolemy.actor.Director.initialize(Director.java:907)
	at ptolemy.actor.sched.StaticSchedulingDirector.initialize(StaticSchedulingDirector.java:159)
	at ptolemy.domains.sdf.kernel.SDFDirector.initialize(SDFDirector.java:544)
	at ptolemy.actor.CompositeActor.initialize(CompositeActor.java:935)
	at ptolemy.actor.lib.hoc.LifeCycleManager._executeInsideModel(LifeCycleManager.java:339)
	at ptolemy.actor.lib.hoc.RunCompositeActor.fire(RunCompositeActor.java:205)
	at ptolemy.actor.CompositeActor.iterate(CompositeActor.java:1146)
	at ptolemy.actor.sched.StaticSchedulingDirector.fire(StaticSchedulingDirector.java:216)
	at ptolemy.domains.sdf.kernel.SDFDirector.fire(SDFDirector.java:500)
	at ptolemy.actor.CompositeActor.fire(CompositeActor.java:455)
	at ptolemy.actor.Manager.iterate(Manager.java:851)
	at ptolemy.actor.Manager.execute(Manager.java:369)
	at ptolemy.actor.Manager.run(Manager.java:1263)
	at ptolemy.actor.Manager$PtolemyRunThread.run(Manager.java:1915)
java.lang.reflect.InvocationTargetException
	at sun.reflect.NativeConstructorAccessorImpl.newInstance0(Native Method)
	at sun.reflect.NativeConstructorAccessorImpl.newInstance(NativeConstructorAccessorImpl.java:62)
	at sun.reflect.DelegatingConstructorAccessorImpl.newInstance(DelegatingConstructorAccessorImpl.java:45)
	at java.lang.reflect.Constructor.newInstance(Constructor.java:423)
	at ptolemy.util.test.junit.AutoKnownFailedTests.RunModel(AutoKnownFailedTests.java:107)
	at sun.reflect.NativeMethodAccessorImpl.invoke0(Native Method)
	at sun.reflect.NativeMethodAccessorImpl.invoke(NativeMethodAccessorImpl.java:62)
	at sun.reflect.DelegatingMethodAccessorImpl.invoke(DelegatingMethodAccessorImpl.java:43)
	at java.lang.reflect.Method.invoke(Method.java:498)
	at org.junit.runners.model.FrameworkMethod$1.runReflectiveCall(FrameworkMethod.java:44)
	at org.junit.internal.runners.model.ReflectiveCallable.run(ReflectiveCallable.java:15)
	at org.junit.runners.model.FrameworkMethod.invokeExplosively(FrameworkMethod.java:41)
	at junitparams.internal.InvokeParameterisedMethod.evaluate(InvokeParameterisedMethod.java:102)
	at org.junit.internal.runners.statements.FailOnTimeout$1.run(FailOnTimeout.java:28)
Caused by: ptolemy.kernel.util.IllegalActionException: initialize() was called after wrapup() was called but preinitialize() was not called after wrapup().
	at ptolemy.actor.lib.hoc.test.PreinitializeMustBeInvoked.initialize(PreinitializeMustBeInvoked.java:78)
	at ptolemy.actor.Director.initialize(Director.java:938)
	at ptolemy.actor.Director.initialize(Director.java:907)
	at ptolemy.actor.sched.StaticSchedulingDirector.initialize(StaticSchedulingDirector.java:159)
	at ptolemy.domains.sdf.kernel.SDFDirector.initialize(SDFDirector.java:544)
	at ptolemy.actor.CompositeActor.initialize(CompositeActor.java:935)
	at ptolemy.actor.lib.hoc.LifeCycleManager._executeInsideModel(LifeCycleManager.java:339)
	at ptolemy.actor.lib.hoc.RunCompositeActor.fire(RunCompositeActor.java:205)
	at ptolemy.actor.CompositeActor.iterate(CompositeActor.java:1146)
	at ptolemy.actor.sched.StaticSchedulingDirector.fire(StaticSchedulingDirector.java:216)
	at ptolemy.domains.sdf.kernel.SDFDirector.fire(SDFDirector.java:500)
	at ptolemy.actor.CompositeActor.fire(CompositeActor.java:455)
	at ptolemy.actor.Manager.iterate(Manager.java:851)
	at ptolemy.actor.Manager.execute(Manager.java:369)
	at ptolemy.actor.Manager.run(Manager.java:1263)
	at ptolemy.actor.Manager$PtolemyRunThread.run(Manager.java:1915)
java.lang.RuntimeException: Execution failed
	at ptolemy.moml.MoMLSimpleApplication$UnloadThread.run(MoMLSimpleApplication.java:402)
Caused by: ptolemy.kernel.util.IllegalActionException: Inside thread was interrupted.
  in .MulticoreExecution.ThreadedComposite.ThreadedDirector
	at ptolemy.actor.lib.hoc.ThreadedComposite$ThreadedDirector.fire(ThreadedComposite.java:646)
	at ptolemy.actor.CompositeActor.fire(CompositeActor.java:455)
	at ptolemy.actor.sched.FixedPointDirector._fireActor(FixedPointDirector.java:768)
	at ptolemy.actor.sched.FixedPointDirector.fire(FixedPointDirector.java:244)
	at ptolemy.actor.CompositeActor.fire(CompositeActor.java:455)
	at ptolemy.actor.Manager.iterate(Manager.java:851)
	at ptolemy.actor.Manager.execute(Manager.java:369)
	at ptolemy.actor.Manager.run(Manager.java:1263)
	at ptolemy.actor.Manager$PtolemyRunThread.run(Manager.java:1915)
]]></system-err>
</testsuite>
