<?xml version="1.0" encoding="UTF-8" ?>
<testsuite errors="0" failures="0" hostname="travis-job-80c11cbe-05a9-4e64-b661-937427fa0f8d" name="ptolemy.domains.test.junit.JUnitTclTest" skipped="0" tests="16" time="12.259" timestamp="2018-05-23T15:11:00">
  <properties>
[...]
</properties>
  <testcase classname="ptolemy.util.test.junit.TclTests" name="[0] /home/travis/build/icyphy/ptII/ptolemy/domains/test/domains.tcl (RunTclFile)" time="10.623" />
  <testcase classname="ptolemy.util.test.junit.AutoKnownFailedTests" name="[0] /home/travis/build/icyphy/ptII/ptolemy/domains/test/auto/knownFailedTests/PNSDFtest1.xml (RunModel)" time="0.059" />
  <testcase classname="ptolemy.util.test.junit.AutoKnownFailedTests" name="[1] /home/travis/build/icyphy/ptII/ptolemy/domains/test/auto/knownFailedTests/PNSRtest3.xml (RunModel)" time="0.173" />
  <testcase classname="ptolemy.util.test.junit.AutoKnownFailedTests" name="[2] /home/travis/build/icyphy/ptII/ptolemy/domains/test/auto/knownFailedTests/SDFSRtest2.xml (RunModel)" time="0.054" />
  <testcase classname="ptolemy.util.test.junit.AutoKnownFailedTests" name="[3] /home/travis/build/icyphy/ptII/ptolemy/domains/test/auto/knownFailedTests/SRSDFtest1.xml (RunModel)" time="0.084" />
  <testcase classname="ptolemy.util.test.junit.AutoKnownFailedTests" name="[4] /home/travis/build/icyphy/ptII/ptolemy/domains/test/auto/knownFailedTests/SRSDFtest2.xml (RunModel)" time="0.123" />
  <testcase classname="ptolemy.util.test.junit.AutoNameArchTests" name="[0] ThereAreNoAutoTests (RunModel)" time="0.014" />
  <testcase classname="ptolemy.util.test.junit.AutoTests" name="[0] /home/travis/build/icyphy/ptII/ptolemy/domains/test/auto/CSPSDFtest1.xml (RunModel)" time="0.135" />
  <testcase classname="ptolemy.util.test.junit.AutoTests" name="[1] /home/travis/build/icyphy/ptII/ptolemy/domains/test/auto/CSPSRtest1.xml (RunModel)" time="0.174" />
  <testcase classname="ptolemy.util.test.junit.AutoTests" name="[2] /home/travis/build/icyphy/ptII/ptolemy/domains/test/auto/CSPSRtest2.xml (RunModel)" time="0.081" />
  <testcase classname="ptolemy.util.test.junit.AutoTests" name="[3] /home/travis/build/icyphy/ptII/ptolemy/domains/test/auto/PNSRtest1.xml (RunModel)" time="0.047" />
  <testcase classname="ptolemy.util.test.junit.AutoTests" name="[4] /home/travis/build/icyphy/ptII/ptolemy/domains/test/auto/PNSRtest2.xml (RunModel)" time="0.062" />
  <testcase classname="ptolemy.util.test.junit.AutoTests" name="[5] /home/travis/build/icyphy/ptII/ptolemy/domains/test/auto/PNSRtest4.xml (RunModel)" time="0.054" />
  <testcase classname="ptolemy.util.test.junit.AutoTests" name="[6] /home/travis/build/icyphy/ptII/ptolemy/domains/test/auto/SDFSRtest1.xml (RunModel)" time="0.043" />
  <testcase classname="ptolemy.util.test.junit.AutoTests" name="[7] /home/travis/build/icyphy/ptII/ptolemy/domains/test/auto/SDFSRtest3.xml (RunModel)" time="0.056" />
  <testcase classname="ptolemy.util.test.junit.AutoTests" name="[8] /home/travis/build/icyphy/ptII/ptolemy/domains/test/auto/SRSDFtest3.xml (RunModel)" time="0.055" />
  <system-out><![CDATA[/home/travis/build/icyphy/ptII/ptolemy/domains/test/domains.tcl
testDefs.tcl: setting time out to 9000 seconds at Wed May 23 15:11:00 UTC 2018
domains-2.1 takes about 7 seconds...
1147 ms. Memory: 146944K Free: 103476K (70%)
9605 ms. Memory: 208384K Free: 146944K (71%)
169 ms. Memory: 208384K Free: 127119K (61%)
21 ms. Memory: 208384K Free: 120180K (58%)
15 ms. Memory: 208384K Free: 114843K (55%)
18 ms. Memory: 208384K Free: 108196K (52%)
05/23/18 03:11:11
Failed: 0  Total Tests: 6  ((Passed: 6, Newly Passed: 0)  Known Failed: 0) /home/travis/build/icyphy/ptII/ptolemy/domains/test
----------------- testing (KnownFailure) /home/travis/build/icyphy/ptII/ptolemy/domains/test/auto/knownFailedTests/PNSDFtest1.xml
Known Failure: java.lang.reflect.InvocationTargetException
----------------- testing (KnownFailure) /home/travis/build/icyphy/ptII/ptolemy/domains/test/auto/knownFailedTests/PNSRtest3.xml
149 ms. Memory: 208384K Free: 82972K (40%)
Known Failure: java.lang.reflect.InvocationTargetException
----------------- testing (KnownFailure) /home/travis/build/icyphy/ptII/ptolemy/domains/test/auto/knownFailedTests/SDFSRtest2.xml
15 ms. Memory: 208384K Free: 78622K (38%)
Known Failure: java.lang.reflect.InvocationTargetException
----------------- testing (KnownFailure) /home/travis/build/icyphy/ptII/ptolemy/domains/test/auto/knownFailedTests/SRSDFtest1.xml
13 ms. Memory: 208384K Free: 74540K (36%)
Known Failure: java.lang.reflect.InvocationTargetException
----------------- testing (KnownFailure) /home/travis/build/icyphy/ptII/ptolemy/domains/test/auto/knownFailedTests/SRSDFtest2.xml
31 ms. Memory: 334336K Free: 303904K (91%)
Known Failure: java.lang.reflect.InvocationTargetException
No auto/*.xml tests in /home/travis/build/icyphy/ptII/ptolemy/domains/test
568 ms. Memory: 334336K Free: 294662K (88%)
AutoTests.java: About to close Vertx.
AutoTests.java: Vertx closed.
----------------- testing Wed May 23 15:11:12 UTC 2018 /home/travis/build/icyphy/ptII/ptolemy/domains/test/auto/CSPSDFtest1.xml
----------------- Instantiating /home/travis/build/icyphy/ptII/ptolemy/domains/test/auto/CSPSDFtest1.xml
20 ms. Memory: 334336K Free: 261254K (78%)
----------------- Invoking toplevel() on ptolemy.moml.MoMLSimpleApplication@33e2884f
----------------- Done invoking toplevel() on ptolemy.moml.MoMLSimpleApplication@33e2884f
reloadAllAccessors: .CSPSDFtest1
----------------- testing Wed May 23 15:11:12 UTC 2018 /home/travis/build/icyphy/ptII/ptolemy/domains/test/auto/CSPSRtest1.xml
----------------- Instantiating /home/travis/build/icyphy/ptII/ptolemy/domains/test/auto/CSPSRtest1.xml
102 ms. Memory: 334336K Free: 239743K (72%)
----------------- Invoking toplevel() on ptolemy.moml.MoMLSimpleApplication@fedf08b
----------------- Done invoking toplevel() on ptolemy.moml.MoMLSimpleApplication@fedf08b
reloadAllAccessors: .CSPSRtest1
----------------- testing Wed May 23 15:11:12 UTC 2018 /home/travis/build/icyphy/ptII/ptolemy/domains/test/auto/CSPSRtest2.xml
----------------- Instantiating /home/travis/build/icyphy/ptII/ptolemy/domains/test/auto/CSPSRtest2.xml
27 ms. Memory: 334336K Free: 224414K (67%)
----------------- Invoking toplevel() on ptolemy.moml.MoMLSimpleApplication@2e37a7aa
----------------- Done invoking toplevel() on ptolemy.moml.MoMLSimpleApplication@2e37a7aa
reloadAllAccessors: .CSPSRtest2
----------------- testing Wed May 23 15:11:12 UTC 2018 /home/travis/build/icyphy/ptII/ptolemy/domains/test/auto/PNSRtest1.xml
----------------- Instantiating /home/travis/build/icyphy/ptII/ptolemy/domains/test/auto/PNSRtest1.xml
20 ms. Memory: 334336K Free: 214012K (64%)
----------------- Invoking toplevel() on ptolemy.moml.MoMLSimpleApplication@7bbcc344
----------------- Done invoking toplevel() on ptolemy.moml.MoMLSimpleApplication@7bbcc344
reloadAllAccessors: .PNSRtest1
----------------- testing Wed May 23 15:11:12 UTC 2018 /home/travis/build/icyphy/ptII/ptolemy/domains/test/auto/PNSRtest2.xml
----------------- Instantiating /home/travis/build/icyphy/ptII/ptolemy/domains/test/auto/PNSRtest2.xml
9 ms. Memory: 334336K Free: 203561K (61%)
----------------- Invoking toplevel() on ptolemy.moml.MoMLSimpleApplication@4862c6c
----------------- Done invoking toplevel() on ptolemy.moml.MoMLSimpleApplication@4862c6c
reloadAllAccessors: .PNSRtest2
----------------- testing Wed May 23 15:11:12 UTC 2018 /home/travis/build/icyphy/ptII/ptolemy/domains/test/auto/PNSRtest4.xml
----------------- Instantiating /home/travis/build/icyphy/ptII/ptolemy/domains/test/auto/PNSRtest4.xml
30 ms. Memory: 334336K Free: 189392K (57%)
----------------- Invoking toplevel() on ptolemy.moml.MoMLSimpleApplication@1b8ad88e
----------------- Done invoking toplevel() on ptolemy.moml.MoMLSimpleApplication@1b8ad88e
reloadAllAccessors: .PNSRtest4
----------------- testing Wed May 23 15:11:12 UTC 2018 /home/travis/build/icyphy/ptII/ptolemy/domains/test/auto/SDFSRtest1.xml
----------------- Instantiating /home/travis/build/icyphy/ptII/ptolemy/domains/test/auto/SDFSRtest1.xml
11 ms. Memory: 334336K Free: 184433K (55%)
----------------- Invoking toplevel() on ptolemy.moml.MoMLSimpleApplication@6da637ba
----------------- Done invoking toplevel() on ptolemy.moml.MoMLSimpleApplication@6da637ba
reloadAllAccessors: .SDFSRtest1
----------------- testing Wed May 23 15:11:12 UTC 2018 /home/travis/build/icyphy/ptII/ptolemy/domains/test/auto/SDFSRtest3.xml
----------------- Instantiating /home/travis/build/icyphy/ptII/ptolemy/domains/test/auto/SDFSRtest3.xml
6 ms. Memory: 334336K Free: 178911K (54%)
----------------- Invoking toplevel() on ptolemy.moml.MoMLSimpleApplication@4266535a
----------------- Done invoking toplevel() on ptolemy.moml.MoMLSimpleApplication@4266535a
reloadAllAccessors: .SDFSRtest3
----------------- testing Wed May 23 15:11:12 UTC 2018 /home/travis/build/icyphy/ptII/ptolemy/domains/test/auto/SRSDFtest3.xml
----------------- Instantiating /home/travis/build/icyphy/ptII/ptolemy/domains/test/auto/SRSDFtest3.xml
6 ms. Memory: 334336K Free: 173404K (52%)
----------------- Invoking toplevel() on ptolemy.moml.MoMLSimpleApplication@3641ad36
----------------- Done invoking toplevel() on ptolemy.moml.MoMLSimpleApplication@3641ad36
reloadAllAccessors: .SRSDFtest3
AutoTests.java: About to close Vertx.
AutoTests.java: Vertx closed.
]]></system-out>
  <system-err><![CDATA[java.lang.RuntimeException: Execution failed
	at ptolemy.moml.MoMLSimpleApplication$UnloadThread.run(MoMLSimpleApplication.java:402)
Caused by: ptolemy.actor.NoRoomException: Queue is at capacity of 1. Cannot put a token.
  in .PNSDFtest1.Topologia SDF.AddSubtract.plus
	at ptolemy.domains.sdf.kernel.SDFReceiver.put(SDFReceiver.java:318)
	at ptolemy.actor.AbstractReceiver.putToAll(AbstractReceiver.java:413)
	at ptolemy.actor.IOPort.sendInside(IOPort.java:3297)
	at ptolemy.actor.TypedIOPort.sendInside(TypedIOPort.java:619)
	at ptolemy.domains.sdf.kernel.SDFDirector.transferInputs(SDFDirector.java:876)
	at ptolemy.actor.CompositeActor.fire(CompositeActor.java:447)
	at ptolemy.actor.process.ProcessThread._iterateActor(ProcessThread.java:339)
	at ptolemy.actor.process.ProcessThread.run(ProcessThread.java:213)
java.lang.reflect.InvocationTargetException
	at sun.reflect.NativeConstructorAccessorImpl.newInstance0(Native Method)
	at sun.reflect.NativeConstructorAccessorImpl.newInstance(NativeConstructorAccessorImpl.java:62)
	at sun.reflect.DelegatingConstructorAccessorImpl.newInstance(DelegatingConstructorAccessorImpl.java:45)
	at java.lang.reflect.Constructor.newInstance(Constructor.java:423)
	at ptolemy.util.test.junit.AutoKnownFailedTests.RunModel(AutoKnownFailedTests.java:107)
	at sun.reflect.NativeMethodAccessorImpl.invoke0(Native Method)
	at sun.reflect.NativeMethodAccessorImpl.invoke(NativeMethodAccessorImpl.java:62)
	at sun.reflect.DelegatingMethodAccessorImpl.invoke(DelegatingMethodAccessorImpl.java:43)
	at java.lang.reflect.Method.invoke(Method.java:498)
	at org.junit.runners.model.FrameworkMethod$1.runReflectiveCall(FrameworkMethod.java:44)
	at org.junit.internal.runners.model.ReflectiveCallable.run(ReflectiveCallable.java:15)
	at org.junit.runners.model.FrameworkMethod.invokeExplosively(FrameworkMethod.java:41)
	at junitparams.internal.InvokeParameterisedMethod.evaluate(InvokeParameterisedMethod.java:102)
	at org.junit.internal.runners.statements.FailOnTimeout$1.run(FailOnTimeout.java:28)
Caused by: ptolemy.actor.NoRoomException: Queue is at capacity of 1. Cannot put a token.
  in .PNSDFtest1.Topologia SDF.AddSubtract.plus
	at ptolemy.domains.sdf.kernel.SDFReceiver.put(SDFReceiver.java:318)
	at ptolemy.actor.AbstractReceiver.putToAll(AbstractReceiver.java:413)
	at ptolemy.actor.IOPort.sendInside(IOPort.java:3297)
	at ptolemy.actor.TypedIOPort.sendInside(TypedIOPort.java:619)
	at ptolemy.domains.sdf.kernel.SDFDirector.transferInputs(SDFDirector.java:876)
	at ptolemy.actor.CompositeActor.fire(CompositeActor.java:447)
	at ptolemy.actor.process.ProcessThread._iterateActor(ProcessThread.java:339)
	at ptolemy.actor.process.ProcessThread.run(ProcessThread.java:213)
Warning: '.PNSRtest3.NonStrictTest' The test produced only 0 tokens, yet the correctValues parameter was expecting 1 tokens.
java.lang.RuntimeException: Execution failed
	at ptolemy.moml.MoMLSimpleApplication$UnloadThread.run(MoMLSimpleApplication.java:402)
Caused by: ptolemy.kernel.util.IllegalActionException: Queue size 131072 exceeds the maximum capacity in port .PNSRtest3.AddSubtract.plus (channel 1). Perhaps you have an unbounded queue?
  in .PNSRtest3.AddSubtract.plus
	at ptolemy.domains.pn.kernel.PNDirector._incrementLowestWriteCapacityPort(PNDirector.java:499)
	at ptolemy.domains.pn.kernel.PNDirector._resolveInternalDeadlock(PNDirector.java:566)
	at ptolemy.actor.process.CompositeProcessDirector._resolveDeadlock(CompositeProcessDirector.java:725)
	at ptolemy.actor.process.ProcessDirector.fire(ProcessDirector.java:270)
	at ptolemy.actor.CompositeActor.fire(CompositeActor.java:455)
	at ptolemy.actor.Manager.iterate(Manager.java:851)
	at ptolemy.actor.Manager.execute(Manager.java:369)
	at ptolemy.actor.Manager.run(Manager.java:1263)
	at ptolemy.actor.Manager$PtolemyRunThread.run(Manager.java:1915)
java.lang.reflect.InvocationTargetException
	at sun.reflect.NativeConstructorAccessorImpl.newInstance0(Native Method)
	at sun.reflect.NativeConstructorAccessorImpl.newInstance(NativeConstructorAccessorImpl.java:62)
	at sun.reflect.DelegatingConstructorAccessorImpl.newInstance(DelegatingConstructorAccessorImpl.java:45)
	at java.lang.reflect.Constructor.newInstance(Constructor.java:423)
	at ptolemy.util.test.junit.AutoKnownFailedTests.RunModel(AutoKnownFailedTests.java:107)
	at sun.reflect.NativeMethodAccessorImpl.invoke0(Native Method)
	at sun.reflect.NativeMethodAccessorImpl.invoke(NativeMethodAccessorImpl.java:62)
	at sun.reflect.DelegatingMethodAccessorImpl.invoke(DelegatingMethodAccessorImpl.java:43)
	at java.lang.reflect.Method.invoke(Method.java:498)
	at org.junit.runners.model.FrameworkMethod$1.runReflectiveCall(FrameworkMethod.java:44)
	at org.junit.internal.runners.model.ReflectiveCallable.run(ReflectiveCallable.java:15)
	at org.junit.runners.model.FrameworkMethod.invokeExplosively(FrameworkMethod.java:41)
	at junitparams.internal.InvokeParameterisedMethod.evaluate(InvokeParameterisedMethod.java:102)
	at org.junit.internal.runners.statements.FailOnTimeout$1.run(FailOnTimeout.java:28)
Caused by: ptolemy.kernel.util.IllegalActionException: Queue size 131072 exceeds the maximum capacity in port .PNSRtest3.AddSubtract.plus (channel 1). Perhaps you have an unbounded queue?
  in .PNSRtest3.AddSubtract.plus
	at ptolemy.domains.pn.kernel.PNDirector._incrementLowestWriteCapacityPort(PNDirector.java:499)
	at ptolemy.domains.pn.kernel.PNDirector._resolveInternalDeadlock(PNDirector.java:566)
	at ptolemy.actor.process.CompositeProcessDirector._resolveDeadlock(CompositeProcessDirector.java:725)
	at ptolemy.actor.process.ProcessDirector.fire(ProcessDirector.java:270)
	at ptolemy.actor.CompositeActor.fire(CompositeActor.java:455)
	at ptolemy.actor.Manager.iterate(Manager.java:851)
	at ptolemy.actor.Manager.execute(Manager.java:369)
	at ptolemy.actor.Manager.run(Manager.java:1263)
	at ptolemy.actor.Manager$PtolemyRunThread.run(Manager.java:1915)
java.lang.RuntimeException: Execution failed
	at ptolemy.moml.MoMLSimpleApplication$UnloadThread.run(MoMLSimpleApplication.java:402)
Caused by: ptolemy.kernel.util.IllegalActionException: Actor is not ready to fire.  Perhaps SampleDelay.prefire() returned false? Try debugging the actor by selecting "Listen to Actor".  Also, for SDF check moml for tokenConsumptionRate on input.
  in .SDFSRtest2.SDF Director and .SDFSRtest2.SampleDelay
	at ptolemy.actor.sched.StaticSchedulingDirector.fire(StaticSchedulingDirector.java:227)
	at ptolemy.domains.sdf.kernel.SDFDirector.fire(SDFDirector.java:500)
	at ptolemy.actor.CompositeActor.fire(CompositeActor.java:455)
	at ptolemy.actor.Manager.iterate(Manager.java:851)
	at ptolemy.actor.Manager.execute(Manager.java:369)
	at ptolemy.actor.Manager.run(Manager.java:1263)
	at ptolemy.actor.Manager$PtolemyRunThread.run(Manager.java:1915)
java.lang.reflect.InvocationTargetException
	at sun.reflect.NativeConstructorAccessorImpl.newInstance0(Native Method)
	at sun.reflect.NativeConstructorAccessorImpl.newInstance(NativeConstructorAccessorImpl.java:62)
	at sun.reflect.DelegatingConstructorAccessorImpl.newInstance(DelegatingConstructorAccessorImpl.java:45)
	at java.lang.reflect.Constructor.newInstance(Constructor.java:423)
	at ptolemy.util.test.junit.AutoKnownFailedTests.RunModel(AutoKnownFailedTests.java:107)
	at sun.reflect.NativeMethodAccessorImpl.invoke0(Native Method)
	at sun.reflect.NativeMethodAccessorImpl.invoke(NativeMethodAccessorImpl.java:62)
	at sun.reflect.DelegatingMethodAccessorImpl.invoke(DelegatingMethodAccessorImpl.java:43)
	at java.lang.reflect.Method.invoke(Method.java:498)
	at org.junit.runners.model.FrameworkMethod$1.runReflectiveCall(FrameworkMethod.java:44)
	at org.junit.internal.runners.model.ReflectiveCallable.run(ReflectiveCallable.java:15)
	at org.junit.runners.model.FrameworkMethod.invokeExplosively(FrameworkMethod.java:41)
	at junitparams.internal.InvokeParameterisedMethod.evaluate(InvokeParameterisedMethod.java:102)
	at org.junit.internal.runners.statements.FailOnTimeout$1.run(FailOnTimeout.java:28)
Caused by: ptolemy.kernel.util.IllegalActionException: Actor is not ready to fire.  Perhaps SampleDelay.prefire() returned false? Try debugging the actor by selecting "Listen to Actor".  Also, for SDF check moml for tokenConsumptionRate on input.
  in .SDFSRtest2.SDF Director and .SDFSRtest2.SampleDelay
	at ptolemy.actor.sched.StaticSchedulingDirector.fire(StaticSchedulingDirector.java:227)
	at ptolemy.domains.sdf.kernel.SDFDirector.fire(SDFDirector.java:500)
	at ptolemy.actor.CompositeActor.fire(CompositeActor.java:455)
	at ptolemy.actor.Manager.iterate(Manager.java:851)
	at ptolemy.actor.Manager.execute(Manager.java:369)
	at ptolemy.actor.Manager.run(Manager.java:1263)
	at ptolemy.actor.Manager$PtolemyRunThread.run(Manager.java:1915)
java.lang.RuntimeException: Execution failed
	at ptolemy.moml.MoMLSimpleApplication$UnloadThread.run(MoMLSimpleApplication.java:402)
Caused by: ptolemy.kernel.util.IllegalActionException: Width of input is 0 but NonStrictTest only supports a width of 1.
  in .SRSDFtest1.NonStrictTest2
	at ptolemy.actor.lib.NonStrictTest.postfire(NonStrictTest.java:288)
	at ptolemy.actor.sched.FixedPointDirector._postfireActor(FixedPointDirector.java:1027)
	at ptolemy.actor.sched.FixedPointDirector.postfire(FixedPointDirector.java:520)
	at ptolemy.domains.sr.kernel.SRDirector.postfire(SRDirector.java:417)
	at ptolemy.actor.CompositeActor.postfire(CompositeActor.java:1668)
	at ptolemy.actor.Manager.iterate(Manager.java:852)
	at ptolemy.actor.Manager.execute(Manager.java:369)
	at ptolemy.actor.Manager.run(Manager.java:1263)
	at ptolemy.actor.Manager$PtolemyRunThread.run(Manager.java:1915)
java.lang.reflect.InvocationTargetException
	at sun.reflect.NativeConstructorAccessorImpl.newInstance0(Native Method)
	at sun.reflect.NativeConstructorAccessorImpl.newInstance(NativeConstructorAccessorImpl.java:62)
	at sun.reflect.DelegatingConstructorAccessorImpl.newInstance(DelegatingConstructorAccessorImpl.java:45)
	at java.lang.reflect.Constructor.newInstance(Constructor.java:423)
	at ptolemy.util.test.junit.AutoKnownFailedTests.RunModel(AutoKnownFailedTests.java:107)
	at sun.reflect.NativeMethodAccessorImpl.invoke0(Native Method)
	at sun.reflect.NativeMethodAccessorImpl.invoke(NativeMethodAccessorImpl.java:62)
	at sun.reflect.DelegatingMethodAccessorImpl.invoke(DelegatingMethodAccessorImpl.java:43)
	at java.lang.reflect.Method.invoke(Method.java:498)
	at org.junit.runners.model.FrameworkMethod$1.runReflectiveCall(FrameworkMethod.java:44)
	at org.junit.internal.runners.model.ReflectiveCallable.run(ReflectiveCallable.java:15)
	at org.junit.runners.model.FrameworkMethod.invokeExplosively(FrameworkMethod.java:41)
	at junitparams.internal.InvokeParameterisedMethod.evaluate(InvokeParameterisedMethod.java:102)
	at org.junit.internal.runners.statements.FailOnTimeout$1.run(FailOnTimeout.java:28)
Caused by: ptolemy.kernel.util.IllegalActionException: Width of input is 0 but NonStrictTest only supports a width of 1.
  in .SRSDFtest1.NonStrictTest2
	at ptolemy.actor.lib.NonStrictTest.postfire(NonStrictTest.java:288)
	at ptolemy.actor.sched.FixedPointDirector._postfireActor(FixedPointDirector.java:1027)
	at ptolemy.actor.sched.FixedPointDirector.postfire(FixedPointDirector.java:520)
	at ptolemy.domains.sr.kernel.SRDirector.postfire(SRDirector.java:417)
	at ptolemy.actor.CompositeActor.postfire(CompositeActor.java:1668)
	at ptolemy.actor.Manager.iterate(Manager.java:852)
	at ptolemy.actor.Manager.execute(Manager.java:369)
	at ptolemy.actor.Manager.run(Manager.java:1263)
	at ptolemy.actor.Manager$PtolemyRunThread.run(Manager.java:1915)
java.lang.RuntimeException: Execution failed
	at ptolemy.moml.MoMLSimpleApplication$UnloadThread.run(MoMLSimpleApplication.java:402)
Caused by: ptolemy.kernel.util.IllegalActionException: Exceptions occurred during wrapup:
ptolemy.kernel.util.IllegalActionException: The test produced only 0 tokens, yet the correctValues parameter was expecting 1 tokens.
  in .SRSDFtest2.NonStrictTest

  in .SRSDFtest2.1:SR Director
Because:
The test produced only 0 tokens, yet the correctValues parameter was expecting 1 tokens.
  in .SRSDFtest2.NonStrictTest
	at ptolemy.actor.Director.wrapup(Director.java:1736)
	at ptolemy.actor.CompositeActor.wrapup(CompositeActor.java:2735)
	at ptolemy.actor.Manager.wrapup(Manager.java:1512)
	at ptolemy.actor.Manager.execute(Manager.java:407)
	at ptolemy.actor.Manager.run(Manager.java:1263)
	at ptolemy.actor.Manager$PtolemyRunThread.run(Manager.java:1915)
Caused by: ptolemy.kernel.util.IllegalActionException: The test produced only 0 tokens, yet the correctValues parameter was expecting 1 tokens.
  in .SRSDFtest2.NonStrictTest
	at ptolemy.actor.lib.NonStrictTest.wrapup(NonStrictTest.java:410)
	at ptolemy.actor.Director.wrapup(Director.java:1722)
	... 5 more
java.lang.reflect.InvocationTargetException
	at sun.reflect.NativeConstructorAccessorImpl.newInstance0(Native Method)
	at sun.reflect.NativeConstructorAccessorImpl.newInstance(NativeConstructorAccessorImpl.java:62)
	at sun.reflect.DelegatingConstructorAccessorImpl.newInstance(DelegatingConstructorAccessorImpl.java:45)
	at java.lang.reflect.Constructor.newInstance(Constructor.java:423)
	at ptolemy.util.test.junit.AutoKnownFailedTests.RunModel(AutoKnownFailedTests.java:107)
	at sun.reflect.NativeMethodAccessorImpl.invoke0(Native Method)
	at sun.reflect.NativeMethodAccessorImpl.invoke(NativeMethodAccessorImpl.java:62)
	at sun.reflect.DelegatingMethodAccessorImpl.invoke(DelegatingMethodAccessorImpl.java:43)
	at java.lang.reflect.Method.invoke(Method.java:498)
	at org.junit.runners.model.FrameworkMethod$1.runReflectiveCall(FrameworkMethod.java:44)
	at org.junit.internal.runners.model.ReflectiveCallable.run(ReflectiveCallable.java:15)
	at org.junit.runners.model.FrameworkMethod.invokeExplosively(FrameworkMethod.java:41)
	at junitparams.internal.InvokeParameterisedMethod.evaluate(InvokeParameterisedMethod.java:102)
	at org.junit.internal.runners.statements.FailOnTimeout$1.run(FailOnTimeout.java:28)
Caused by: ptolemy.kernel.util.IllegalActionException: Exceptions occurred during wrapup:
ptolemy.kernel.util.IllegalActionException: The test produced only 0 tokens, yet the correctValues parameter was expecting 1 tokens.
  in .SRSDFtest2.NonStrictTest

  in .SRSDFtest2.1:SR Director
Because:
The test produced only 0 tokens, yet the correctValues parameter was expecting 1 tokens.
  in .SRSDFtest2.NonStrictTest
	at ptolemy.actor.Director.wrapup(Director.java:1736)
	at ptolemy.actor.CompositeActor.wrapup(CompositeActor.java:2735)
	at ptolemy.actor.Manager.wrapup(Manager.java:1512)
	at ptolemy.actor.Manager.execute(Manager.java:407)
	at ptolemy.actor.Manager.run(Manager.java:1263)
	at ptolemy.actor.Manager$PtolemyRunThread.run(Manager.java:1915)
Caused by: ptolemy.kernel.util.IllegalActionException: The test produced only 0 tokens, yet the correctValues parameter was expecting 1 tokens.
  in .SRSDFtest2.NonStrictTest
	at ptolemy.actor.lib.NonStrictTest.wrapup(NonStrictTest.java:410)
	at ptolemy.actor.Director.wrapup(Director.java:1722)
	... 5 more
Model ended with a deadlock (this may be normal for this model).
A parameter with name SuppressDeadlockReporting and value true will suppress this message.
Status of receivers:
Send from .CSPSRtest2.Ramp.output
   on channel 0:
-- to .CSPSRtest2.topologia SR.port get() waiting
-- to .CSPSRtest2.AddSubtract.plus put() waiting
-- to .CSPSRtest2.Test2.input get() waiting
Send from .CSPSRtest2.topologia SR.port3
   on channel 0:
-- to .CSPSRtest2.Test.input get() waiting
Send from .CSPSRtest2.topologia SR.port2
   on channel 0:
-- to .CSPSRtest2.SampleDelay.input get() waiting
Send from .CSPSRtest2.AddSubtract.output
   on channel 0:
-- to .CSPSRtest2.Test3.input get() waiting
Send from .CSPSRtest2.SampleDelay.output
   on channel 0:
-- to .CSPSRtest2.AddSubtract.minus get() waiting
Send from .CSPSRtest2.Test.output
Send from .CSPSRtest2.Test2.output
Send from .CSPSRtest2.Test3.output

]]></system-err>
</testsuite>
