<?xml version="1.0" encoding="UTF-8" ?>
<testsuite errors="0" failures="0" hostname="travis-job-14953f4e-76b9-4cd5-b310-ae3651b89fcd" name="ptolemy.domains.de.test.junit.JUnitTclTest" skipped="0" tests="101" time="127.275" timestamp="2018-05-10T21:58:16">
  <properties>
[...]
</properties>
  <testcase classname="ptolemy.util.test.junit.TclTests" name="[0] /home/travis/build/icyphy/ptII/ptolemy/domains/de/test/DependencyLoop.tcl (RunTclFile)" time="0.712" />
  <testcase classname="ptolemy.util.test.junit.TclTests" name="[1] /home/travis/build/icyphy/ptII/ptolemy/domains/de/test/RunDETestsAsQSS.tcl (RunTclFile)" time="87.354" />
  <testcase classname="ptolemy.util.test.junit.AutoKnownFailedTests" name="[0] /home/travis/build/icyphy/ptII/ptolemy/domains/de/test/auto/knownFailedTests/DESDFClockTest.xml (RunModel)" time="2.033" />
  <testcase classname="ptolemy.util.test.junit.AutoKnownFailedTests" name="[1] /home/travis/build/icyphy/ptII/ptolemy/domains/de/test/auto/knownFailedTests/DirectFeedback.xml (RunModel)" time="0.015" />
  <testcase classname="ptolemy.util.test.junit.AutoKnownFailedTests" name="[2] /home/travis/build/icyphy/ptII/ptolemy/domains/de/test/auto/knownFailedTests/FSMSource.xml (RunModel)" time="0.014" />
  <testcase classname="ptolemy.util.test.junit.AutoKnownFailedTests" name="[3] /home/travis/build/icyphy/ptII/ptolemy/domains/de/test/auto/knownFailedTests/HierarchicalModel.xml (RunModel)" time="0.04" />
  <testcase classname="ptolemy.util.test.junit.AutoKnownFailedTests" name="[4] /home/travis/build/icyphy/ptII/ptolemy/domains/de/test/auto/knownFailedTests/dependencyLoop.xml (RunModel)" time="0.032" />
  <testcase classname="ptolemy.util.test.junit.AutoKnownFailedTests" name="[5] /home/travis/build/icyphy/ptII/ptolemy/domains/de/test/auto/knownFailedTests/dependencyLoop2.xml (RunModel)" time="0.024" />
  <testcase classname="ptolemy.util.test.junit.AutoNameArchTests" name="[0] ThereAreNoAutoTests (RunModel)" time="0.004" />
  <testcase classname="ptolemy.util.test.junit.AutoTests" name="[0] /home/travis/build/icyphy/ptII/ptolemy/domains/de/test/auto/ActorDepthCalculation_actorWithoutPorts.xml (RunModel)" time="0.016" />
  <testcase classname="ptolemy.util.test.junit.AutoTests" name="[1] /home/travis/build/icyphy/ptII/ptolemy/domains/de/test/auto/AssemblyLine.xml (RunModel)" time="0.012" />
  <testcase classname="ptolemy.util.test.junit.AutoTests" name="[2] /home/travis/build/icyphy/ptII/ptolemy/domains/de/test/auto/CQBug1.xml (RunModel)" time="0.008" />
  <testcase classname="ptolemy.util.test.junit.AutoTests" name="[3] /home/travis/build/icyphy/ptII/ptolemy/domains/de/test/auto/CancelFireAt.xml (RunModel)" time="0.007" />
  <testcase classname="ptolemy.util.test.junit.AutoTests" name="[4] /home/travis/build/icyphy/ptII/ptolemy/domains/de/test/auto/CausalityAndComposabilityAnalysis.xml (RunModel)" time="0.008" />
  <testcase classname="ptolemy.util.test.junit.AutoTests" name="[5] /home/travis/build/icyphy/ptII/ptolemy/domains/de/test/auto/CausalityInterface1.xml (RunModel)" time="0.01" />
  <testcase classname="ptolemy.util.test.junit.AutoTests" name="[6] /home/travis/build/icyphy/ptII/ptolemy/domains/de/test/auto/CausalityInterface15.xml (RunModel)" time="0.009" />
  <testcase classname="ptolemy.util.test.junit.AutoTests" name="[7] /home/travis/build/icyphy/ptII/ptolemy/domains/de/test/auto/CausalityInterface2.xml (RunModel)" time="0.008" />
  <testcase classname="ptolemy.util.test.junit.AutoTests" name="[8] /home/travis/build/icyphy/ptII/ptolemy/domains/de/test/auto/CausalityInterface3.xml (RunModel)" time="0.009" />
  <testcase classname="ptolemy.util.test.junit.AutoTests" name="[9] /home/travis/build/icyphy/ptII/ptolemy/domains/de/test/auto/ClockDrift.xml (RunModel)" time="0.03" />
  <testcase classname="ptolemy.util.test.junit.AutoTests" name="[10] /home/travis/build/icyphy/ptII/ptolemy/domains/de/test/auto/ClockDriftAndValueChange.xml (RunModel)" time="0.031" />
  <testcase classname="ptolemy.util.test.junit.AutoTests" name="[11] /home/travis/build/icyphy/ptII/ptolemy/domains/de/test/auto/ClockDriftChange.xml (RunModel)" time="0.028" />
  <testcase classname="ptolemy.util.test.junit.AutoTests" name="[12] /home/travis/build/icyphy/ptII/ptolemy/domains/de/test/auto/ComposableCausalityAnalysis.xml (RunModel)" time="0.018" />
  <testcase classname="ptolemy.util.test.junit.AutoTests" name="[13] /home/travis/build/icyphy/ptII/ptolemy/domains/de/test/auto/DEFixedPointLimitation.xml (RunModel)" time="0.009" />
  <testcase classname="ptolemy.util.test.junit.AutoTests" name="[14] /home/travis/build/icyphy/ptII/ptolemy/domains/de/test/auto/DEScheduleTest.xml (RunModel)" time="0.011" />
  <testcase classname="ptolemy.util.test.junit.AutoTests" name="[15] /home/travis/build/icyphy/ptII/ptolemy/domains/de/test/auto/DEinDEwithStartTimes.xml (RunModel)" time="0.014" />
  <testcase classname="ptolemy.util.test.junit.AutoTests" name="[16] /home/travis/build/icyphy/ptII/ptolemy/domains/de/test/auto/DEinDEwithStartTimes2.xml (RunModel)" time="0.013" />
  <testcase classname="ptolemy.util.test.junit.AutoTests" name="[17] /home/travis/build/icyphy/ptII/ptolemy/domains/de/test/auto/DateDemo.xml (RunModel)" time="0.021" />
  <testcase classname="ptolemy.util.test.junit.AutoTests" name="[18] /home/travis/build/icyphy/ptII/ptolemy/domains/de/test/auto/DateToEvent.xml (RunModel)" time="2.03" />
  <testcase classname="ptolemy.util.test.junit.AutoTests" name="[19] /home/travis/build/icyphy/ptII/ptolemy/domains/de/test/auto/DepthTest1.xml (RunModel)" time="0.013" />
  <testcase classname="ptolemy.util.test.junit.AutoTests" name="[20] /home/travis/build/icyphy/ptII/ptolemy/domains/de/test/auto/DepthTest2.xml (RunModel)" time="0.011" />
  <testcase classname="ptolemy.util.test.junit.AutoTests" name="[21] /home/travis/build/icyphy/ptII/ptolemy/domains/de/test/auto/DepthTest3.xml (RunModel)" time="0.005" />
  <testcase classname="ptolemy.util.test.junit.AutoTests" name="[22] /home/travis/build/icyphy/ptII/ptolemy/domains/de/test/auto/DepthTest4.xml (RunModel)" time="0.008" />
  <testcase classname="ptolemy.util.test.junit.AutoTests" name="[23] /home/travis/build/icyphy/ptII/ptolemy/domains/de/test/auto/DepthTest5.xml (RunModel)" time="0.012" />
  <testcase classname="ptolemy.util.test.junit.AutoTests" name="[24] /home/travis/build/icyphy/ptII/ptolemy/domains/de/test/auto/DepthTest6.xml (RunModel)" time="0.009" />
  <testcase classname="ptolemy.util.test.junit.AutoTests" name="[25] /home/travis/build/icyphy/ptII/ptolemy/domains/de/test/auto/DepthTest7.xml (RunModel)" time="0.008" />
  <testcase classname="ptolemy.util.test.junit.AutoTests" name="[26] /home/travis/build/icyphy/ptII/ptolemy/domains/de/test/auto/EventToDate.xml (RunModel)" time="3.021" />
  <testcase classname="ptolemy.util.test.junit.AutoTests" name="[27] /home/travis/build/icyphy/ptII/ptolemy/domains/de/test/auto/FSM1.xml (RunModel)" time="0.022" />
  <testcase classname="ptolemy.util.test.junit.AutoTests" name="[28] /home/travis/build/icyphy/ptII/ptolemy/domains/de/test/auto/FSM7.xml (RunModel)" time="0.02" />
  <testcase classname="ptolemy.util.test.junit.AutoTests" name="[29] /home/travis/build/icyphy/ptII/ptolemy/domains/de/test/auto/Inspection.xml (RunModel)" time="0.027" />
  <testcase classname="ptolemy.util.test.junit.AutoTests" name="[30] /home/travis/build/icyphy/ptII/ptolemy/domains/de/test/auto/Iteration.xml (RunModel)" time="0.016" />
  <testcase classname="ptolemy.util.test.junit.AutoTests" name="[31] /home/travis/build/icyphy/ptII/ptolemy/domains/de/test/auto/LineFault.xml (RunModel)" time="0.397" />
  <testcase classname="ptolemy.util.test.junit.AutoTests" name="[32] /home/travis/build/icyphy/ptII/ptolemy/domains/de/test/auto/MergeModel1Add.xml (RunModel)" time="0.03" />
  <testcase classname="ptolemy.util.test.junit.AutoTests" name="[33] /home/travis/build/icyphy/ptII/ptolemy/domains/de/test/auto/MergeModel2Add.xml (RunModel)" time="0.026" />
  <testcase classname="ptolemy.util.test.junit.AutoTests" name="[34] /home/travis/build/icyphy/ptII/ptolemy/domains/de/test/auto/MergeModel3Add.xml (RunModel)" time="0.032" />
  <testcase classname="ptolemy.util.test.junit.AutoTests" name="[35] /home/travis/build/icyphy/ptII/ptolemy/domains/de/test/auto/MergeWithoutDiscard.xml (RunModel)" time="0.009" />
  <testcase classname="ptolemy.util.test.junit.AutoTests" name="[36] /home/travis/build/icyphy/ptII/ptolemy/domains/de/test/auto/Modal1.xml (RunModel)" time="0.02" />
  <testcase classname="ptolemy.util.test.junit.AutoTests" name="[37] /home/travis/build/icyphy/ptII/ptolemy/domains/de/test/auto/Modal2.xml (RunModel)" time="0.026" />
  <testcase classname="ptolemy.util.test.junit.AutoTests" name="[38] /home/travis/build/icyphy/ptII/ptolemy/domains/de/test/auto/Modal3.xml (RunModel)" time="0.022" />
  <testcase classname="ptolemy.util.test.junit.AutoTests" name="[39] /home/travis/build/icyphy/ptII/ptolemy/domains/de/test/auto/Modal4.xml (RunModel)" time="0.023" />
  <testcase classname="ptolemy.util.test.junit.AutoTests" name="[40] /home/travis/build/icyphy/ptII/ptolemy/domains/de/test/auto/Modal5.xml (RunModel)" time="0.021" />
  <testcase classname="ptolemy.util.test.junit.AutoTests" name="[41] /home/travis/build/icyphy/ptII/ptolemy/domains/de/test/auto/Modal6.xml (RunModel)" time="0.019" />
  <testcase classname="ptolemy.util.test.junit.AutoTests" name="[42] /home/travis/build/icyphy/ptII/ptolemy/domains/de/test/auto/Modal7.xml (RunModel)" time="0.02" />
  <testcase classname="ptolemy.util.test.junit.AutoTests" name="[43] /home/travis/build/icyphy/ptII/ptolemy/domains/de/test/auto/ModalModel.xml (RunModel)" time="0.112" />
  <testcase classname="ptolemy.util.test.junit.AutoTests" name="[44] /home/travis/build/icyphy/ptII/ptolemy/domains/de/test/auto/ModalSource.xml (RunModel)" time="0.015" />
  <testcase classname="ptolemy.util.test.junit.AutoTests" name="[45] /home/travis/build/icyphy/ptII/ptolemy/domains/de/test/auto/NonInterruptibleTimerZeroDelay.xml (RunModel)" time="0.008" />
  <testcase classname="ptolemy.util.test.junit.AutoTests" name="[46] /home/travis/build/icyphy/ptII/ptolemy/domains/de/test/auto/OpenQueueingNetwork.xml (RunModel)" time="1.935" />
  <testcase classname="ptolemy.util.test.junit.AutoTests" name="[47] /home/travis/build/icyphy/ptII/ptolemy/domains/de/test/auto/OpenQueuingNetwork.xml (RunModel)" time="0.258" />
  <testcase classname="ptolemy.util.test.junit.AutoTests" name="[48] /home/travis/build/icyphy/ptII/ptolemy/domains/de/test/auto/PeriodicSampler.xml (RunModel)" time="0.008" />
  <testcase classname="ptolemy.util.test.junit.AutoTests" name="[49] /home/travis/build/icyphy/ptII/ptolemy/domains/de/test/auto/PersistentIO.xml (RunModel)" time="0.017" />
  <testcase classname="ptolemy.util.test.junit.AutoTests" name="[50] /home/travis/build/icyphy/ptII/ptolemy/domains/de/test/auto/PortParameterResetOnInitialize.xml (RunModel)" time="0.009" />
  <testcase classname="ptolemy.util.test.junit.AutoTests" name="[51] /home/travis/build/icyphy/ptII/ptolemy/domains/de/test/auto/PortParameterUpdates.xml (RunModel)" time="0.013" />
  <testcase classname="ptolemy.util.test.junit.AutoTests" name="[52] /home/travis/build/icyphy/ptII/ptolemy/domains/de/test/auto/QueueAndServer.xml (RunModel)" time="0.017" />
  <testcase classname="ptolemy.util.test.junit.AutoTests" name="[53] /home/travis/build/icyphy/ptII/ptolemy/domains/de/test/auto/Records.xml (RunModel)" time="0.012" />
  <testcase classname="ptolemy.util.test.junit.AutoTests" name="[54] /home/travis/build/icyphy/ptII/ptolemy/domains/de/test/auto/ResetTransitionWithStartTime1.xml (RunModel)" time="0.016" />
  <testcase classname="ptolemy.util.test.junit.AutoTests" name="[55] /home/travis/build/icyphy/ptII/ptolemy/domains/de/test/auto/ResetTransitionWithStartTime2.xml (RunModel)" time="0.016" />
  <testcase classname="ptolemy.util.test.junit.AutoTests" name="[56] /home/travis/build/icyphy/ptII/ptolemy/domains/de/test/auto/ResetTransitionWithStartTime3.xml (RunModel)" time="0.018" />
  <testcase classname="ptolemy.util.test.junit.AutoTests" name="[57] /home/travis/build/icyphy/ptII/ptolemy/domains/de/test/auto/ResetTransitionWithStartTime4.xml (RunModel)" time="0.017" />
  <testcase classname="ptolemy.util.test.junit.AutoTests" name="[58] /home/travis/build/icyphy/ptII/ptolemy/domains/de/test/auto/ResettableTimer1.xml (RunModel)" time="0.01" />
  <testcase classname="ptolemy.util.test.junit.AutoTests" name="[59] /home/travis/build/icyphy/ptII/ptolemy/domains/de/test/auto/ResettableTimer2.xml (RunModel)" time="0.01" />
  <testcase classname="ptolemy.util.test.junit.AutoTests" name="[60] /home/travis/build/icyphy/ptII/ptolemy/domains/de/test/auto/ResettableTimer3.xml (RunModel)" time="0.01" />
  <testcase classname="ptolemy.util.test.junit.AutoTests" name="[61] /home/travis/build/icyphy/ptII/ptolemy/domains/de/test/auto/ResettableTimer4.xml (RunModel)" time="0.009" />
  <testcase classname="ptolemy.util.test.junit.AutoTests" name="[62] /home/travis/build/icyphy/ptII/ptolemy/domains/de/test/auto/ResettableTimer5.xml (RunModel)" time="0.01" />
  <testcase classname="ptolemy.util.test.junit.AutoTests" name="[63] /home/travis/build/icyphy/ptII/ptolemy/domains/de/test/auto/ResettableTimer6.xml (RunModel)" time="0.01" />
  <testcase classname="ptolemy.util.test.junit.AutoTests" name="[64] /home/travis/build/icyphy/ptII/ptolemy/domains/de/test/auto/ServerZeroDelay.xml (RunModel)" time="0.01" />
  <testcase classname="ptolemy.util.test.junit.AutoTests" name="[65] /home/travis/build/icyphy/ptII/ptolemy/domains/de/test/auto/SmartSender.xml (RunModel)" time="3.008" />
  <testcase classname="ptolemy.util.test.junit.AutoTests" name="[66] /home/travis/build/icyphy/ptII/ptolemy/domains/de/test/auto/ThreadedComposite.xml (RunModel)" time="0.703" />
  <testcase classname="ptolemy.util.test.junit.AutoTests" name="[67] /home/travis/build/icyphy/ptII/ptolemy/domains/de/test/auto/Time.xml (RunModel)" time="0.409" />
  <testcase classname="ptolemy.util.test.junit.AutoTests" name="[68] /home/travis/build/icyphy/ptII/ptolemy/domains/de/test/auto/TimeDelayZeroDelay.xml (RunModel)" time="0.012" />
  <testcase classname="ptolemy.util.test.junit.AutoTests" name="[69] /home/travis/build/icyphy/ptII/ptolemy/domains/de/test/auto/TimerZeroDelay.xml (RunModel)" time="0.01" />
  <testcase classname="ptolemy.util.test.junit.AutoTests" name="[70] /home/travis/build/icyphy/ptII/ptolemy/domains/de/test/auto/TimingParadox.xml (RunModel)" time="0.353" />
  <testcase classname="ptolemy.util.test.junit.AutoTests" name="[71] /home/travis/build/icyphy/ptII/ptolemy/domains/de/test/auto/TransferInputs.xml (RunModel)" time="0.009" />
  <testcase classname="ptolemy.util.test.junit.AutoTests" name="[72] /home/travis/build/icyphy/ptII/ptolemy/domains/de/test/auto/TransferOutputs2.xml (RunModel)" time="0.015" />
  <testcase classname="ptolemy.util.test.junit.AutoTests" name="[73] /home/travis/build/icyphy/ptII/ptolemy/domains/de/test/auto/Trilateration.xml (RunModel)" time="11.487" />
  <testcase classname="ptolemy.util.test.junit.AutoTests" name="[74] /home/travis/build/icyphy/ptII/ptolemy/domains/de/test/auto/TwoSigmaDelta.xml (RunModel)" time="1.897" />
  <testcase classname="ptolemy.util.test.junit.AutoTests" name="[75] /home/travis/build/icyphy/ptII/ptolemy/domains/de/test/auto/VariableDelay.xml (RunModel)" time="0.01" />
  <testcase classname="ptolemy.util.test.junit.AutoTests" name="[76] /home/travis/build/icyphy/ptII/ptolemy/domains/de/test/auto/VariableDelay2.xml (RunModel)" time="0.009" />
  <testcase classname="ptolemy.util.test.junit.AutoTests" name="[77] /home/travis/build/icyphy/ptII/ptolemy/domains/de/test/auto/VariableDelayZeroDelay.xml (RunModel)" time="0.01" />
  <testcase classname="ptolemy.util.test.junit.AutoTests" name="[78] /home/travis/build/icyphy/ptII/ptolemy/domains/de/test/auto/VariableDelayZeroDelay2.xml (RunModel)" time="0.009" />
  <testcase classname="ptolemy.util.test.junit.AutoTests" name="[79] /home/travis/build/icyphy/ptII/ptolemy/domains/de/test/auto/deInCt.xml (RunModel)" time="0.014" />
  <testcase classname="ptolemy.util.test.junit.AutoTests" name="[80] /home/travis/build/icyphy/ptII/ptolemy/domains/de/test/auto/deInCt2.xml (RunModel)" time="0.024" />
  <testcase classname="ptolemy.util.test.junit.AutoTests" name="[81] /home/travis/build/icyphy/ptII/ptolemy/domains/de/test/auto/dynamicCausalityInterface1.xml (RunModel)" time="0.018" />
  <testcase classname="ptolemy.util.test.junit.AutoTests" name="[82] /home/travis/build/icyphy/ptII/ptolemy/domains/de/test/auto/fsm_de_test.xml (RunModel)" time="0.027" />
  <testcase classname="ptolemy.util.test.junit.AutoTests" name="[83] /home/travis/build/icyphy/ptII/ptolemy/domains/de/test/auto/functionDependencyReconstruction.xml (RunModel)" time="0.034" />
  <testcase classname="ptolemy.util.test.junit.AutoTests" name="[84] /home/travis/build/icyphy/ptII/ptolemy/domains/de/test/auto/multirate.xml (RunModel)" time="0.023" />
  <testcase classname="ptolemy.util.test.junit.AutoTests" name="[85] /home/travis/build/icyphy/ptII/ptolemy/domains/de/test/auto/multirate2.xml (RunModel)" time="0.017" />
  <testcase classname="ptolemy.util.test.junit.AutoTests" name="[86] /home/travis/build/icyphy/ptII/ptolemy/domains/de/test/auto/realtime.xml (RunModel)" time="10.01" />
  <testcase classname="ptolemy.util.test.junit.AutoTests" name="[87] /home/travis/build/icyphy/ptII/ptolemy/domains/de/test/auto/relationGroup.xml (RunModel)" time="0.007" />
  <testcase classname="ptolemy.util.test.junit.AutoTests" name="[88] /home/travis/build/icyphy/ptII/ptolemy/domains/de/test/auto/relationGroup2.xml (RunModel)" time="0.006" />
  <testcase classname="ptolemy.util.test.junit.AutoTests" name="[89] /home/travis/build/icyphy/ptII/ptolemy/domains/de/test/auto/sortWithOpaquePorts.xml (RunModel)" time="0.011" />
  <testcase classname="ptolemy.util.test.junit.AutoTests" name="[90] /home/travis/build/icyphy/ptII/ptolemy/domains/de/test/auto/transferInputsandOutputs.xml (RunModel)" time="0.016" />
  <testcase classname="ptolemy.util.test.junit.AutoTests" name="[91] /home/travis/build/icyphy/ptII/ptolemy/domains/de/test/auto/triggerType.xml (RunModel)" time="0.007" />
  <system-out><![CDATA[/home/travis/build/icyphy/ptII/ptolemy/domains/de/test/DependencyLoop.tcl
testDefs.tcl: setting time out to 9000 seconds at Thu May 10 21:58:16 UTC 2018
35 ms. Memory: 116224K Free: 95060K (82%)
6 ms. Memory: 146944K Free: 137426K (94%)
/home/travis/build/icyphy/ptII/ptolemy/domains/de/test/RunDETestsAsQSS.tcl
Run the DE tests using ptolemy.domains.qss.test.QSSDirectorTest, which extends QSSDirector and prints a message in the constructors.
------------------ testing $PTII/ptolemy/domains/de/test/auto/knownFailedTests/dependencyLoop.xml (Known Failure) 
7 ms. Memory: 146944K Free: 133149K (91%)


==== $PTIIhome/travis/build/icyphy/ptII/ptolemy/domains/de/test/../../../../: Auto Automatic test in file $PTII/ptolemy/domains/de/test/auto/knownFailedTests/dependencyLoop.xml
==== Contents of test case:

	    # FIXME: we should use $relativeFilename here, but it
	    # might have backslashes under Windows, which causes no end
	    # of trouble.
	    createAndExecute $file
	    list {}
	
.... Test generated KNOWN error:
    while executing
ptolemy.kernel.util.IllegalActionException: Found a zero delay loop containing .dependencyLoop.original
  in .dependencyLoop and .dependencyLoop.original
	at ptolemy.actor.util.CausalityInterfaceForComposites._computeOutputPortDepth(CausalityInterfaceForComposites.java:759)
	at ptolemy.actor.util.CausalityInterfaceForComposites._computeInputDepth(CausalityInterfaceForComposites.java:696)
	at ptolemy.actor.util.CausalityInterfaceForComposites._computeOutputPortDepth(CausalityInterfaceForComposites.java:765)
	at ptolemy.actor.util.CausalityInterfaceForComposites._computeInputDepth(CausalityInterfaceForComposites.java:696)
	at ptolemy.actor.util.CausalityInterfaceForComposites._computeOutputPortDepth(CausalityInterfaceForComposites.java:765)
	at ptolemy.actor.util.CausalityInterfaceForComposites._computeInputDepth(CausalityInterfaceForComposites.java:696)
	at ptolemy.actor.util.CausalityInterfaceForComposites._computeActorDepth(CausalityInterfaceForComposites.java:532)
	at ptolemy.actor.util.CausalityInterfaceForComposites.checkForCycles(CausalityInterfaceForComposites.java:96)
	at ptolemy.domains.de.kernel.DEDirector.preinitialize(DEDirector.java:1337)
	at ptolemy.actor.CompositeActor.preinitialize(CompositeActor.java:1828)
	at ptolemy.actor.Manager.preinitializeAndResolveTypes(Manager.java:1040)
	at ptolemy.actor.Manager.initialize(Manager.java:710)
	at ptolemy.actor.Manager.execute(Manager.java:356)
	at ptolemy.actor.Manager.run(Manager.java:1263)
	at ptolemy.actor.Manager$PtolemyRunThread.run(Manager.java:1915)

    while executing
ptolemy.kernel.util.IllegalActionException: Found a zero delay loop containing .dependencyLoop.original
  in .dependencyLoop and .dependencyLoop.original
    while executing
"java::new ptolemy.moml.MoMLSimpleApplication $file
"
    (procedure "createAndExecute" line 2)
    invoked from within
"createAndExecute $file"
    ("uplevel" body line 5)
    invoked from within
"uplevel $contents_of_test"
------------------ testing $PTII/ptolemy/domains/de/test/auto/knownFailedTests/DESDFClockTest.xml (Known Failure) 
2080 ms. Memory: 146944K Free: 117674K (80%)


==== $PTIIhome/travis/build/icyphy/ptII/ptolemy/domains/de/test/../../../../: Auto Automatic test in file $PTII/ptolemy/domains/de/test/auto/knownFailedTests/DESDFClockTest.xml
==== Contents of test case:

	    # FIXME: we should use $relativeFilename here, but it
	    # might have backslashes under Windows, which causes no end
	    # of trouble.
	    createAndExecute $file
	    list {}
	
.... Test generated KNOWN error:
    while executing
ptolemy.kernel.util.IllegalActionException: Actor is not ready to fire.  Perhaps UpSample.prefire() returned false? Try debugging the actor by selecting "Listen to Actor".  Also, for SDF check moml for tokenConsumptionRate on input.
  in .DESDFClockTest.Play Bell.Copy1:SDF Director and .DESDFClockTest.Play Bell.UpSample
	at ptolemy.actor.sched.StaticSchedulingDirector.fire(StaticSchedulingDirector.java:227)
	at ptolemy.domains.sdf.kernel.SDFDirector.fire(SDFDirector.java:500)
	at ptolemy.actor.CompositeActor.fire(CompositeActor.java:455)
	at ptolemy.domains.de.kernel.DEDirector._fire(DEDirector.java:1948)
	at ptolemy.domains.de.kernel.DEDirector.fire(DEDirector.java:502)
	at ptolemy.actor.CompositeActor.fire(CompositeActor.java:455)
	at ptolemy.actor.Manager.iterate(Manager.java:851)
	at ptolemy.actor.Manager.execute(Manager.java:369)
	at ptolemy.actor.Manager.run(Manager.java:1263)
	at ptolemy.actor.Manager$PtolemyRunThread.run(Manager.java:1915)

    while executing
ptolemy.kernel.util.IllegalActionException: Actor is not ready to fire.  Perhaps UpSample.prefire() returned false? Try debugging the actor by selecting "Listen to Actor".  Also, for SDF check moml for tokenConsumptionRate on input.
  in .DESDFClockTest.Play Bell.Copy1:SDF Director and .DESDFClockTest.Play Bell.UpSample
    while executing
"java::new ptolemy.moml.MoMLSimpleApplication $file
"
    (procedure "createAndExecute" line 2)
    invoked from within
"createAndExecute $file"
    ("uplevel" body line 5)
    invoked from within
"uplevel $contents_of_test"
------------------ testing $PTII/ptolemy/domains/de/test/auto/knownFailedTests/FSMSource.xml (Known Failure) 
29 ms. Memory: 146944K Free: 108692K (74%)
!!!! Auto was marked as failing, but now passes
------------------ testing $PTII/ptolemy/domains/de/test/auto/knownFailedTests/dependencyLoop2.xml (Known Failure) 
6 ms. Memory: 146944K Free: 106801K (73%)


==== $PTIIhome/travis/build/icyphy/ptII/ptolemy/domains/de/test/../../../../: Auto Automatic test in file $PTII/ptolemy/domains/de/test/auto/knownFailedTests/dependencyLoop2.xml
==== Contents of test case:

	    # FIXME: we should use $relativeFilename here, but it
	    # might have backslashes under Windows, which causes no end
	    # of trouble.
	    createAndExecute $file
	    list {}
	
.... Test generated KNOWN error:
    while executing
ptolemy.kernel.util.IllegalActionException: Found a zero delay loop containing .dependencyLoop2.original
  in .dependencyLoop2 and .dependencyLoop2.original
	at ptolemy.actor.util.CausalityInterfaceForComposites._computeOutputPortDepth(CausalityInterfaceForComposites.java:759)
	at ptolemy.actor.util.CausalityInterfaceForComposites._computeInputDepth(CausalityInterfaceForComposites.java:696)
	at ptolemy.actor.util.CausalityInterfaceForComposites._computeOutputPortDepth(CausalityInterfaceForComposites.java:765)
	at ptolemy.actor.util.CausalityInterfaceForComposites._computeInputDepth(CausalityInterfaceForComposites.java:696)
	at ptolemy.actor.util.CausalityInterfaceForComposites._computeOutputPortDepth(CausalityInterfaceForComposites.java:765)
	at ptolemy.actor.util.CausalityInterfaceForComposites._computeInputDepth(CausalityInterfaceForComposites.java:696)
	at ptolemy.actor.util.CausalityInterfaceForComposites._computeActorDepth(CausalityInterfaceForComposites.java:532)
	at ptolemy.actor.util.CausalityInterfaceForComposites.checkForCycles(CausalityInterfaceForComposites.java:96)
	at ptolemy.domains.de.kernel.DEDirector.preinitialize(DEDirector.java:1337)
	at ptolemy.actor.CompositeActor.preinitialize(CompositeActor.java:1828)
	at ptolemy.actor.Manager.preinitializeAndResolveTypes(Manager.java:1040)
	at ptolemy.actor.Manager.initialize(Manager.java:710)
	at ptolemy.actor.Manager.execute(Manager.java:356)
	at ptolemy.actor.Manager.run(Manager.java:1263)
	at ptolemy.actor.Manager$PtolemyRunThread.run(Manager.java:1915)

    while executing
ptolemy.kernel.util.IllegalActionException: Found a zero delay loop containing .dependencyLoop2.original
  in .dependencyLoop2 and .dependencyLoop2.original
    while executing
"java::new ptolemy.moml.MoMLSimpleApplication $file
"
    (procedure "createAndExecute" line 2)
    invoked from within
"createAndExecute $file"
    ("uplevel" body line 5)
    invoked from within
"uplevel $contents_of_test"
------------------ testing $PTII/ptolemy/domains/de/test/auto/knownFailedTests/HierarchicalModel.xml (Known Failure) 
7 ms. Memory: 146944K Free: 86241K (59%)


==== $PTIIhome/travis/build/icyphy/ptII/ptolemy/domains/de/test/../../../../: Auto Automatic test in file $PTII/ptolemy/domains/de/test/auto/knownFailedTests/HierarchicalModel.xml
==== Contents of test case:

	    # FIXME: we should use $relativeFilename here, but it
	    # might have backslashes under Windows, which causes no end
	    # of trouble.
	    createAndExecute $file
	    list {}
	
.... Test generated KNOWN error:
    while executing
ptolemy.kernel.util.IllegalActionException: Found a zero delay loop containing .HierarchicalModel.A
  in .HierarchicalModel and .HierarchicalModel.A
	at ptolemy.actor.util.CausalityInterfaceForComposites._computeOutputPortDepth(CausalityInterfaceForComposites.java:759)
	at ptolemy.actor.util.CausalityInterfaceForComposites._computeInputDepth(CausalityInterfaceForComposites.java:696)
	at ptolemy.actor.util.CausalityInterfaceForComposites._computeOutputPortDepth(CausalityInterfaceForComposites.java:765)
	at ptolemy.actor.util.CausalityInterfaceForComposites._computeInputDepth(CausalityInterfaceForComposites.java:696)
	at ptolemy.actor.util.CausalityInterfaceForComposites._computeOutputPortDepth(CausalityInterfaceForComposites.java:765)
	at ptolemy.actor.util.CausalityInterfaceForComposites._computeInputDepth(CausalityInterfaceForComposites.java:696)
	at ptolemy.actor.util.CausalityInterfaceForComposites._computeActorDepth(CausalityInterfaceForComposites.java:532)
	at ptolemy.actor.util.CausalityInterfaceForComposites.checkForCycles(CausalityInterfaceForComposites.java:96)
	at ptolemy.domains.de.kernel.DEDirector.preinitialize(DEDirector.java:1337)
	at ptolemy.actor.CompositeActor.preinitialize(CompositeActor.java:1828)
	at ptolemy.actor.Manager.preinitializeAndResolveTypes(Manager.java:1040)
	at ptolemy.actor.Manager.initialize(Manager.java:710)
	at ptolemy.actor.Manager.execute(Manager.java:356)
	at ptolemy.actor.Manager.run(Manager.java:1263)
	at ptolemy.actor.Manager$PtolemyRunThread.run(Manager.java:1915)

    while executing
ptolemy.kernel.util.IllegalActionException: Found a zero delay loop containing .HierarchicalModel.A
  in .HierarchicalModel and .HierarchicalModel.A
    while executing
"java::new ptolemy.moml.MoMLSimpleApplication $file
"
    (procedure "createAndExecute" line 2)
    invoked from within
"createAndExecute $file"
    ("uplevel" body line 5)
    invoked from within
"uplevel $contents_of_test"
------------------ testing $PTII/ptolemy/domains/de/test/auto/knownFailedTests/DirectFeedback.xml (Known Failure) 
18 ms. Memory: 146944K Free: 141548K (96%)


==== $PTIIhome/travis/build/icyphy/ptII/ptolemy/domains/de/test/../../../../: Auto Automatic test in file $PTII/ptolemy/domains/de/test/auto/knownFailedTests/DirectFeedback.xml
==== Contents of test case:

	    # FIXME: we should use $relativeFilename here, but it
	    # might have backslashes under Windows, which causes no end
	    # of trouble.
	    createAndExecute $file
	    list {}
	
.... Test generated KNOWN error:
    while executing
ptolemy.kernel.util.IllegalActionException: Test fails in iteration 1.
Value was: 1.0. Should have been: 2.0
  in .DirectFeedback.Test
	at ptolemy.actor.lib.Test.fire(Test.java:268)
	at ptolemy.domains.de.kernel.DEDirector._fire(DEDirector.java:1948)
	at ptolemy.domains.de.kernel.DEDirector.fire(DEDirector.java:502)
	at ptolemy.actor.CompositeActor.fire(CompositeActor.java:455)
	at ptolemy.actor.Manager.iterate(Manager.java:851)
	at ptolemy.actor.Manager.execute(Manager.java:369)
	at ptolemy.actor.Manager.run(Manager.java:1263)
	at ptolemy.actor.Manager$PtolemyRunThread.run(Manager.java:1915)

    while executing
ptolemy.kernel.util.IllegalActionException: Test fails in iteration 1.
Value was: 1.0. Should have been: 2.0
  in .DirectFeedback.Test
    while executing
"java::new ptolemy.moml.MoMLSimpleApplication $file
"
    (procedure "createAndExecute" line 2)
    invoked from within
"createAndExecute $file"
    ("uplevel" body line 5)
    invoked from within
"uplevel $contents_of_test"
------------------ testing $PTII/ptolemy/domains/de/test/auto/ActorDepthCalculation_actorWithoutPorts.xml
auto.tcl: Setting watchdog for 200 seconds at Thu May 10 21:58:20 UTC 2018
7 ms. Memory: 146944K Free: 133608K (91%)
ptolemy.util.test.WatchDog.cancel(): canceling Thu May 10 21:58:20 UTC 2018
auto.tcl: Setting watchdog for 200 seconds at Thu May 10 21:58:20 UTC 2018
4 ms. Memory: 146944K Free: 132567K (90%)
ptolemy.util.test.WatchDog.cancel(): canceling Thu May 10 21:58:20 UTC 2018
------------------ testing $PTII/ptolemy/domains/de/test/auto/AssemblyLine.xml
auto.tcl: Setting watchdog for 200 seconds at Thu May 10 21:58:20 UTC 2018
14 ms. Memory: 208384K Free: 186341K (89%)
ptolemy.util.test.WatchDog.cancel(): canceling Thu May 10 21:58:20 UTC 2018
auto.tcl: Setting watchdog for 200 seconds at Thu May 10 21:58:20 UTC 2018
9 ms. Memory: 208384K Free: 186341K (89%)
ptolemy.util.test.WatchDog.cancel(): canceling Thu May 10 21:58:20 UTC 2018
------------------ testing $PTII/ptolemy/domains/de/test/auto/CQBug1.xml
auto.tcl: Setting watchdog for 200 seconds at Thu May 10 21:58:20 UTC 2018
13 ms. Memory: 208384K Free: 197727K (95%)
ptolemy.util.test.WatchDog.cancel(): canceling Thu May 10 21:58:20 UTC 2018
auto.tcl: Setting watchdog for 200 seconds at Thu May 10 21:58:20 UTC 2018
3 ms. Memory: 208384K Free: 197727K (95%)
ptolemy.util.test.WatchDog.cancel(): canceling Thu May 10 21:58:20 UTC 2018
------------------ testing $PTII/ptolemy/domains/de/test/auto/CancelFireAt.xml
auto.tcl: Setting watchdog for 200 seconds at Thu May 10 21:58:20 UTC 2018
4 ms. Memory: 208384K Free: 201442K (97%)
ptolemy.util.test.WatchDog.cancel(): canceling Thu May 10 21:58:20 UTC 2018
auto.tcl: Setting watchdog for 200 seconds at Thu May 10 21:58:20 UTC 2018
11 ms. Memory: 208384K Free: 199347K (96%)
ptolemy.util.test.WatchDog.cancel(): canceling Thu May 10 21:58:20 UTC 2018
------------------ testing $PTII/ptolemy/domains/de/test/auto/CausalityAndComposabilityAnalysis.xml
auto.tcl: Setting watchdog for 200 seconds at Thu May 10 21:58:20 UTC 2018
11 ms. Memory: 208384K Free: 196514K (94%)
ptolemy.util.test.WatchDog.cancel(): canceling Thu May 10 21:58:20 UTC 2018
auto.tcl: Setting watchdog for 200 seconds at Thu May 10 21:58:20 UTC 2018
6 ms. Memory: 208384K Free: 196514K (94%)
ptolemy.util.test.WatchDog.cancel(): canceling Thu May 10 21:58:20 UTC 2018
------------------ testing $PTII/ptolemy/domains/de/test/auto/CausalityInterface1.xml
auto.tcl: Setting watchdog for 200 seconds at Thu May 10 21:58:21 UTC 2018
25 ms. Memory: 208384K Free: 196451K (94%)
ptolemy.util.test.WatchDog.cancel(): canceling Thu May 10 21:58:21 UTC 2018
auto.tcl: Setting watchdog for 200 seconds at Thu May 10 21:58:21 UTC 2018
4 ms. Memory: 208384K Free: 196451K (94%)
ptolemy.util.test.WatchDog.cancel(): canceling Thu May 10 21:58:21 UTC 2018
------------------ testing $PTII/ptolemy/domains/de/test/auto/CausalityInterface15.xml
auto.tcl: Setting watchdog for 200 seconds at Thu May 10 21:58:21 UTC 2018
6 ms. Memory: 208384K Free: 196442K (94%)
ptolemy.util.test.WatchDog.cancel(): canceling Thu May 10 21:58:21 UTC 2018
auto.tcl: Setting watchdog for 200 seconds at Thu May 10 21:58:21 UTC 2018
4 ms. Memory: 208384K Free: 196442K (94%)
ptolemy.util.test.WatchDog.cancel(): canceling Thu May 10 21:58:21 UTC 2018
------------------ testing $PTII/ptolemy/domains/de/test/auto/CausalityInterface2.xml
auto.tcl: Setting watchdog for 200 seconds at Thu May 10 21:58:21 UTC 2018
6 ms. Memory: 208384K Free: 196427K (94%)
ptolemy.util.test.WatchDog.cancel(): canceling Thu May 10 21:58:21 UTC 2018
auto.tcl: Setting watchdog for 200 seconds at Thu May 10 21:58:21 UTC 2018
3 ms. Memory: 208384K Free: 196427K (94%)
ptolemy.util.test.WatchDog.cancel(): canceling Thu May 10 21:58:21 UTC 2018
------------------ testing $PTII/ptolemy/domains/de/test/auto/CausalityInterface3.xml
auto.tcl: Setting watchdog for 200 seconds at Thu May 10 21:58:21 UTC 2018
7 ms. Memory: 208384K Free: 196777K (94%)
ptolemy.util.test.WatchDog.cancel(): canceling Thu May 10 21:58:21 UTC 2018
auto.tcl: Setting watchdog for 200 seconds at Thu May 10 21:58:21 UTC 2018
9 ms. Memory: 208384K Free: 196439K (94%)
ptolemy.util.test.WatchDog.cancel(): canceling Thu May 10 21:58:21 UTC 2018
------------------ testing $PTII/ptolemy/domains/de/test/auto/ClockDrift.xml
auto.tcl: Setting watchdog for 200 seconds at Thu May 10 21:58:21 UTC 2018
84 ms. Memory: 208384K Free: 187691K (90%)
ptolemy.util.test.WatchDog.cancel(): canceling Thu May 10 21:58:21 UTC 2018
auto.tcl: Setting watchdog for 200 seconds at Thu May 10 21:58:21 UTC 2018
54 ms. Memory: 208384K Free: 185597K (89%)
ptolemy.util.test.WatchDog.cancel(): canceling Thu May 10 21:58:21 UTC 2018
------------------ testing $PTII/ptolemy/domains/de/test/auto/ClockDriftAndValueChange.xml
auto.tcl: Setting watchdog for 200 seconds at Thu May 10 21:58:21 UTC 2018
40 ms. Memory: 208384K Free: 187524K (90%)
ptolemy.util.test.WatchDog.cancel(): canceling Thu May 10 21:58:21 UTC 2018
auto.tcl: Setting watchdog for 200 seconds at Thu May 10 21:58:21 UTC 2018
32 ms. Memory: 208384K Free: 185431K (89%)
ptolemy.util.test.WatchDog.cancel(): canceling Thu May 10 21:58:21 UTC 2018
------------------ testing $PTII/ptolemy/domains/de/test/auto/ClockDriftChange.xml
auto.tcl: Setting watchdog for 200 seconds at Thu May 10 21:58:21 UTC 2018
19 ms. Memory: 208384K Free: 190840K (92%)
ptolemy.util.test.WatchDog.cancel(): canceling Thu May 10 21:58:21 UTC 2018
auto.tcl: Setting watchdog for 200 seconds at Thu May 10 21:58:21 UTC 2018
19 ms. Memory: 208384K Free: 188747K (91%)
ptolemy.util.test.WatchDog.cancel(): canceling Thu May 10 21:58:21 UTC 2018
------------------ testing $PTII/ptolemy/domains/de/test/auto/ComposableCausalityAnalysis.xml
auto.tcl: Setting watchdog for 200 seconds at Thu May 10 21:58:22 UTC 2018
2 ms. Memory: 208384K Free: 196634K (94%)
ptolemy.util.test.WatchDog.cancel(): canceling Thu May 10 21:58:22 UTC 2018
auto.tcl: Setting watchdog for 200 seconds at Thu May 10 21:58:22 UTC 2018
1 ms. Memory: 208384K Free: 194202K (93%)
ptolemy.util.test.WatchDog.cancel(): canceling Thu May 10 21:58:22 UTC 2018
------------------ testing $PTII/ptolemy/domains/de/test/auto/DEFixedPointLimitation.xml
auto.tcl: Setting watchdog for 200 seconds at Thu May 10 21:58:22 UTC 2018
2 ms. Memory: 208384K Free: 196376K (94%)
ptolemy.util.test.WatchDog.cancel(): canceling Thu May 10 21:58:22 UTC 2018
auto.tcl: Setting watchdog for 200 seconds at Thu May 10 21:58:22 UTC 2018
2 ms. Memory: 208384K Free: 196376K (94%)
ptolemy.util.test.WatchDog.cancel(): canceling Thu May 10 21:58:22 UTC 2018
------------------ testing $PTII/ptolemy/domains/de/test/auto/DEScheduleTest.xml
auto.tcl: Setting watchdog for 200 seconds at Thu May 10 21:58:22 UTC 2018
5 ms. Memory: 208384K Free: 198505K (95%)
ptolemy.util.test.WatchDog.cancel(): canceling Thu May 10 21:58:22 UTC 2018
auto.tcl: Setting watchdog for 200 seconds at Thu May 10 21:58:22 UTC 2018
8 ms. Memory: 208384K Free: 196411K (94%)
ptolemy.util.test.WatchDog.cancel(): canceling Thu May 10 21:58:22 UTC 2018
------------------ testing $PTII/ptolemy/domains/de/test/auto/DEinDEwithStartTimes.xml
auto.tcl: Setting watchdog for 200 seconds at Thu May 10 21:58:22 UTC 2018
3 ms. Memory: 208384K Free: 196380K (94%)
ptolemy.util.test.WatchDog.cancel(): canceling Thu May 10 21:58:22 UTC 2018
auto.tcl: Setting watchdog for 200 seconds at Thu May 10 21:58:22 UTC 2018
3 ms. Memory: 208384K Free: 194286K (93%)
ptolemy.util.test.WatchDog.cancel(): canceling Thu May 10 21:58:22 UTC 2018
------------------ testing $PTII/ptolemy/domains/de/test/auto/DEinDEwithStartTimes2.xml
auto.tcl: Setting watchdog for 200 seconds at Thu May 10 21:58:22 UTC 2018
5 ms. Memory: 208384K Free: 196358K (94%)
ptolemy.util.test.WatchDog.cancel(): canceling Thu May 10 21:58:22 UTC 2018
auto.tcl: Setting watchdog for 200 seconds at Thu May 10 21:58:22 UTC 2018
4 ms. Memory: 208384K Free: 194264K (93%)
ptolemy.util.test.WatchDog.cancel(): canceling Thu May 10 21:58:22 UTC 2018
------------------ testing $PTII/ptolemy/domains/de/test/auto/DateDemo.xml
auto.tcl: Setting watchdog for 200 seconds at Thu May 10 21:58:22 UTC 2018
11 ms. Memory: 208384K Free: 188822K (91%)
ptolemy.util.test.WatchDog.cancel(): canceling Thu May 10 21:58:22 UTC 2018
auto.tcl: Setting watchdog for 200 seconds at Thu May 10 21:58:22 UTC 2018
7 ms. Memory: 208384K Free: 186728K (90%)
ptolemy.util.test.WatchDog.cancel(): canceling Thu May 10 21:58:22 UTC 2018
------------------ testing $PTII/ptolemy/domains/de/test/auto/DateToEvent.xml
auto.tcl: Setting watchdog for 200 seconds at Thu May 10 21:58:22 UTC 2018
2013 ms. Memory: 208384K Free: 181105K (87%)
ptolemy.util.test.WatchDog.cancel(): canceling Thu May 10 21:58:24 UTC 2018
auto.tcl: Setting watchdog for 200 seconds at Thu May 10 21:58:24 UTC 2018
2008 ms. Memory: 208384K Free: 181105K (87%)
ptolemy.util.test.WatchDog.cancel(): canceling Thu May 10 21:58:26 UTC 2018
------------------ testing $PTII/ptolemy/domains/de/test/auto/DepthTest1.xml
auto.tcl: Setting watchdog for 200 seconds at Thu May 10 21:58:26 UTC 2018
6 ms. Memory: 208384K Free: 198369K (95%)
ptolemy.util.test.WatchDog.cancel(): canceling Thu May 10 21:58:26 UTC 2018
auto.tcl: Setting watchdog for 200 seconds at Thu May 10 21:58:26 UTC 2018
5 ms. Memory: 208384K Free: 198369K (95%)
ptolemy.util.test.WatchDog.cancel(): canceling Thu May 10 21:58:26 UTC 2018
------------------ testing $PTII/ptolemy/domains/de/test/auto/DepthTest2.xml
auto.tcl: Setting watchdog for 200 seconds at Thu May 10 21:58:26 UTC 2018
8 ms. Memory: 208384K Free: 194245K (93%)
ptolemy.util.test.WatchDog.cancel(): canceling Thu May 10 21:58:26 UTC 2018
auto.tcl: Setting watchdog for 200 seconds at Thu May 10 21:58:26 UTC 2018
3 ms. Memory: 208384K Free: 194245K (93%)
ptolemy.util.test.WatchDog.cancel(): canceling Thu May 10 21:58:26 UTC 2018
------------------ testing $PTII/ptolemy/domains/de/test/auto/DepthTest3.xml
auto.tcl: Setting watchdog for 200 seconds at Thu May 10 21:58:26 UTC 2018
3 ms. Memory: 208384K Free: 198366K (95%)
ptolemy.util.test.WatchDog.cancel(): canceling Thu May 10 21:58:26 UTC 2018
auto.tcl: Setting watchdog for 200 seconds at Thu May 10 21:58:26 UTC 2018
2 ms. Memory: 208384K Free: 198366K (95%)
ptolemy.util.test.WatchDog.cancel(): canceling Thu May 10 21:58:26 UTC 2018
------------------ testing $PTII/ptolemy/domains/de/test/auto/DepthTest4.xml
auto.tcl: Setting watchdog for 200 seconds at Thu May 10 21:58:26 UTC 2018
3 ms. Memory: 208384K Free: 196358K (94%)
ptolemy.util.test.WatchDog.cancel(): canceling Thu May 10 21:58:26 UTC 2018
auto.tcl: Setting watchdog for 200 seconds at Thu May 10 21:58:26 UTC 2018
2 ms. Memory: 208384K Free: 196358K (94%)
ptolemy.util.test.WatchDog.cancel(): canceling Thu May 10 21:58:26 UTC 2018
------------------ testing $PTII/ptolemy/domains/de/test/auto/DepthTest5.xml
auto.tcl: Setting watchdog for 200 seconds at Thu May 10 21:58:26 UTC 2018
3 ms. Memory: 208384K Free: 196645K (94%)
ptolemy.util.test.WatchDog.cancel(): canceling Thu May 10 21:58:26 UTC 2018
auto.tcl: Setting watchdog for 200 seconds at Thu May 10 21:58:26 UTC 2018
2 ms. Memory: 208384K Free: 196645K (94%)
ptolemy.util.test.WatchDog.cancel(): canceling Thu May 10 21:58:26 UTC 2018
------------------ testing $PTII/ptolemy/domains/de/test/auto/DepthTest6.xml
auto.tcl: Setting watchdog for 200 seconds at Thu May 10 21:58:27 UTC 2018
7 ms. Memory: 208384K Free: 196276K (94%)
ptolemy.util.test.WatchDog.cancel(): canceling Thu May 10 21:58:27 UTC 2018
auto.tcl: Setting watchdog for 200 seconds at Thu May 10 21:58:27 UTC 2018
2 ms. Memory: 208384K Free: 196276K (94%)
ptolemy.util.test.WatchDog.cancel(): canceling Thu May 10 21:58:27 UTC 2018
------------------ testing $PTII/ptolemy/domains/de/test/auto/DepthTest7.xml
auto.tcl: Setting watchdog for 200 seconds at Thu May 10 21:58:27 UTC 2018
2 ms. Memory: 208384K Free: 196264K (94%)
ptolemy.util.test.WatchDog.cancel(): canceling Thu May 10 21:58:27 UTC 2018
auto.tcl: Setting watchdog for 200 seconds at Thu May 10 21:58:27 UTC 2018
2 ms. Memory: 208384K Free: 196264K (94%)
ptolemy.util.test.WatchDog.cancel(): canceling Thu May 10 21:58:27 UTC 2018
------------------ testing $PTII/ptolemy/domains/de/test/auto/EventToDate.xml
auto.tcl: Setting watchdog for 200 seconds at Thu May 10 21:58:27 UTC 2018
3008 ms. Memory: 208384K Free: 183359K (88%)
ptolemy.util.test.WatchDog.cancel(): canceling Thu May 10 21:58:30 UTC 2018
auto.tcl: Setting watchdog for 200 seconds at Thu May 10 21:58:30 UTC 2018
3007 ms. Memory: 208384K Free: 183359K (88%)
ptolemy.util.test.WatchDog.cancel(): canceling Thu May 10 21:58:33 UTC 2018
------------------ testing $PTII/ptolemy/domains/de/test/auto/FSM1.xml
auto.tcl: Setting watchdog for 200 seconds at Thu May 10 21:58:33 UTC 2018
40 ms. Memory: 208384K Free: 187236K (90%)
ptolemy.util.test.WatchDog.cancel(): canceling Thu May 10 21:58:33 UTC 2018
auto.tcl: Setting watchdog for 200 seconds at Thu May 10 21:58:33 UTC 2018
22 ms. Memory: 208384K Free: 185142K (89%)
ptolemy.util.test.WatchDog.cancel(): canceling Thu May 10 21:58:33 UTC 2018
------------------ testing $PTII/ptolemy/domains/de/test/auto/FSM7.xml
auto.tcl: Setting watchdog for 200 seconds at Thu May 10 21:58:33 UTC 2018
24 ms. Memory: 208384K Free: 187438K (90%)
ptolemy.util.test.WatchDog.cancel(): canceling Thu May 10 21:58:33 UTC 2018
auto.tcl: Setting watchdog for 200 seconds at Thu May 10 21:58:33 UTC 2018
20 ms. Memory: 208384K Free: 185345K (89%)
ptolemy.util.test.WatchDog.cancel(): canceling Thu May 10 21:58:33 UTC 2018
------------------ testing $PTII/ptolemy/domains/de/test/auto/Inspection.xml
auto.tcl: Setting watchdog for 200 seconds at Thu May 10 21:58:33 UTC 2018
36 ms. Memory: 208384K Free: 188988K (91%)
ptolemy.util.test.WatchDog.cancel(): canceling Thu May 10 21:58:33 UTC 2018
auto.tcl: Setting watchdog for 200 seconds at Thu May 10 21:58:33 UTC 2018
19 ms. Memory: 208384K Free: 186894K (90%)
ptolemy.util.test.WatchDog.cancel(): canceling Thu May 10 21:58:33 UTC 2018
------------------ testing $PTII/ptolemy/domains/de/test/auto/Iteration.xml
auto.tcl: Setting watchdog for 200 seconds at Thu May 10 21:58:33 UTC 2018
10 ms. Memory: 208384K Free: 194093K (93%)
ptolemy.util.test.WatchDog.cancel(): canceling Thu May 10 21:58:33 UTC 2018
auto.tcl: Setting watchdog for 200 seconds at Thu May 10 21:58:33 UTC 2018
8 ms. Memory: 208384K Free: 194093K (93%)
ptolemy.util.test.WatchDog.cancel(): canceling Thu May 10 21:58:33 UTC 2018
------------------ testing $PTII/ptolemy/domains/de/test/auto/LineFault.xml
auto.tcl: Setting watchdog for 200 seconds at Thu May 10 21:58:33 UTC 2018
683 ms. Memory: 208384K Free: 196397K (94%)
ptolemy.util.test.WatchDog.cancel(): canceling Thu May 10 21:58:34 UTC 2018
auto.tcl: Setting watchdog for 200 seconds at Thu May 10 21:58:34 UTC 2018
545 ms. Memory: 208384K Free: 139204K (67%)
ptolemy.util.test.WatchDog.cancel(): canceling Thu May 10 21:58:35 UTC 2018
------------------ testing $PTII/ptolemy/domains/de/test/auto/MergeModel1Add.xml
auto.tcl: Setting watchdog for 200 seconds at Thu May 10 21:58:35 UTC 2018
34 ms. Memory: 331264K Free: 302453K (91%)
ptolemy.util.test.WatchDog.cancel(): canceling Thu May 10 21:58:35 UTC 2018
auto.tcl: Setting watchdog for 200 seconds at Thu May 10 21:58:35 UTC 2018
13 ms. Memory: 331264K Free: 298475K (90%)
ptolemy.util.test.WatchDog.cancel(): canceling Thu May 10 21:58:35 UTC 2018
------------------ testing $PTII/ptolemy/domains/de/test/auto/MergeModel2Add.xml
auto.tcl: Setting watchdog for 200 seconds at Thu May 10 21:58:35 UTC 2018
9 ms. Memory: 331264K Free: 303777K (92%)
ptolemy.util.test.WatchDog.cancel(): canceling Thu May 10 21:58:35 UTC 2018
auto.tcl: Setting watchdog for 200 seconds at Thu May 10 21:58:35 UTC 2018
10 ms. Memory: 331264K Free: 299806K (91%)
ptolemy.util.test.WatchDog.cancel(): canceling Thu May 10 21:58:35 UTC 2018
------------------ testing $PTII/ptolemy/domains/de/test/auto/MergeModel3Add.xml
auto.tcl: Setting watchdog for 200 seconds at Thu May 10 21:58:35 UTC 2018
8 ms. Memory: 331264K Free: 303787K (92%)
ptolemy.util.test.WatchDog.cancel(): canceling Thu May 10 21:58:35 UTC 2018
auto.tcl: Setting watchdog for 200 seconds at Thu May 10 21:58:35 UTC 2018
7 ms. Memory: 331264K Free: 299800K (91%)
ptolemy.util.test.WatchDog.cancel(): canceling Thu May 10 21:58:35 UTC 2018
------------------ testing $PTII/ptolemy/domains/de/test/auto/MergeWithoutDiscard.xml
auto.tcl: Setting watchdog for 200 seconds at Thu May 10 21:58:35 UTC 2018
4 ms. Memory: 331264K Free: 319298K (96%)
ptolemy.util.test.WatchDog.cancel(): canceling Thu May 10 21:58:35 UTC 2018
auto.tcl: Setting watchdog for 200 seconds at Thu May 10 21:58:35 UTC 2018
1 ms. Memory: 331264K Free: 315323K (95%)
ptolemy.util.test.WatchDog.cancel(): canceling Thu May 10 21:58:35 UTC 2018
------------------ testing $PTII/ptolemy/domains/de/test/auto/Modal1.xml
auto.tcl: Setting watchdog for 200 seconds at Thu May 10 21:58:35 UTC 2018
11 ms. Memory: 331264K Free: 309188K (93%)
ptolemy.util.test.WatchDog.cancel(): canceling Thu May 10 21:58:36 UTC 2018
auto.tcl: Setting watchdog for 200 seconds at Thu May 10 21:58:36 UTC 2018
12 ms. Memory: 331264K Free: 305217K (92%)
ptolemy.util.test.WatchDog.cancel(): canceling Thu May 10 21:58:36 UTC 2018
------------------ testing $PTII/ptolemy/domains/de/test/auto/Modal2.xml
auto.tcl: Setting watchdog for 200 seconds at Thu May 10 21:58:36 UTC 2018
13 ms. Memory: 331264K Free: 309066K (93%)
ptolemy.util.test.WatchDog.cancel(): canceling Thu May 10 21:58:36 UTC 2018
auto.tcl: Setting watchdog for 200 seconds at Thu May 10 21:58:36 UTC 2018
11 ms. Memory: 331264K Free: 305095K (92%)
ptolemy.util.test.WatchDog.cancel(): canceling Thu May 10 21:58:36 UTC 2018
------------------ testing $PTII/ptolemy/domains/de/test/auto/Modal3.xml
auto.tcl: Setting watchdog for 200 seconds at Thu May 10 21:58:36 UTC 2018
11 ms. Memory: 331264K Free: 309052K (93%)
ptolemy.util.test.WatchDog.cancel(): canceling Thu May 10 21:58:36 UTC 2018
auto.tcl: Setting watchdog for 200 seconds at Thu May 10 21:58:36 UTC 2018
9 ms. Memory: 331264K Free: 305082K (92%)
ptolemy.util.test.WatchDog.cancel(): canceling Thu May 10 21:58:36 UTC 2018
------------------ testing $PTII/ptolemy/domains/de/test/auto/Modal4.xml
auto.tcl: Setting watchdog for 200 seconds at Thu May 10 21:58:36 UTC 2018
29 ms. Memory: 331264K Free: 309066K (93%)
ptolemy.util.test.WatchDog.cancel(): canceling Thu May 10 21:58:36 UTC 2018
auto.tcl: Setting watchdog for 200 seconds at Thu May 10 21:58:36 UTC 2018
21 ms. Memory: 331264K Free: 305079K (92%)
ptolemy.util.test.WatchDog.cancel(): canceling Thu May 10 21:58:36 UTC 2018
------------------ testing $PTII/ptolemy/domains/de/test/auto/Modal5.xml
auto.tcl: Setting watchdog for 200 seconds at Thu May 10 21:58:36 UTC 2018
18 ms. Memory: 331264K Free: 309061K (93%)
ptolemy.util.test.WatchDog.cancel(): canceling Thu May 10 21:58:36 UTC 2018
auto.tcl: Setting watchdog for 200 seconds at Thu May 10 21:58:36 UTC 2018
13 ms. Memory: 331264K Free: 305074K (92%)
ptolemy.util.test.WatchDog.cancel(): canceling Thu May 10 21:58:36 UTC 2018
------------------ testing $PTII/ptolemy/domains/de/test/auto/Modal6.xml
auto.tcl: Setting watchdog for 200 seconds at Thu May 10 21:58:36 UTC 2018
14 ms. Memory: 331264K Free: 309066K (93%)
ptolemy.util.test.WatchDog.cancel(): canceling Thu May 10 21:58:36 UTC 2018
auto.tcl: Setting watchdog for 200 seconds at Thu May 10 21:58:36 UTC 2018
15 ms. Memory: 331264K Free: 305079K (92%)
ptolemy.util.test.WatchDog.cancel(): canceling Thu May 10 21:58:36 UTC 2018
------------------ testing $PTII/ptolemy/domains/de/test/auto/Modal7.xml
auto.tcl: Setting watchdog for 200 seconds at Thu May 10 21:58:36 UTC 2018
19 ms. Memory: 331264K Free: 309034K (93%)
ptolemy.util.test.WatchDog.cancel(): canceling Thu May 10 21:58:36 UTC 2018
auto.tcl: Setting watchdog for 200 seconds at Thu May 10 21:58:36 UTC 2018
12 ms. Memory: 331264K Free: 305047K (92%)
ptolemy.util.test.WatchDog.cancel(): canceling Thu May 10 21:58:36 UTC 2018
------------------ testing $PTII/ptolemy/domains/de/test/auto/ModalModel.xml
auto.tcl: Setting watchdog for 200 seconds at Thu May 10 21:58:36 UTC 2018
209 ms. Memory: 331264K Free: 247737K (75%)
ptolemy.util.test.WatchDog.cancel(): canceling Thu May 10 21:58:37 UTC 2018
auto.tcl: Setting watchdog for 200 seconds at Thu May 10 21:58:37 UTC 2018
176 ms. Memory: 331264K Free: 192048K (58%)
ptolemy.util.test.WatchDog.cancel(): canceling Thu May 10 21:58:37 UTC 2018
------------------ testing $PTII/ptolemy/domains/de/test/auto/ModalSource.xml
auto.tcl: Setting watchdog for 200 seconds at Thu May 10 21:58:37 UTC 2018
9 ms. Memory: 331264K Free: 315854K (95%)
ptolemy.util.test.WatchDog.cancel(): canceling Thu May 10 21:58:37 UTC 2018
auto.tcl: Setting watchdog for 200 seconds at Thu May 10 21:58:37 UTC 2018
5 ms. Memory: 331264K Free: 312304K (94%)
ptolemy.util.test.WatchDog.cancel(): canceling Thu May 10 21:58:37 UTC 2018
------------------ testing $PTII/ptolemy/domains/de/test/auto/NonInterruptibleTimerZeroDelay.xml
auto.tcl: Setting watchdog for 200 seconds at Thu May 10 21:58:37 UTC 2018
4 ms. Memory: 331264K Free: 320241K (97%)
ptolemy.util.test.WatchDog.cancel(): canceling Thu May 10 21:58:37 UTC 2018
auto.tcl: Setting watchdog for 200 seconds at Thu May 10 21:58:37 UTC 2018
2 ms. Memory: 331264K Free: 316691K (96%)
ptolemy.util.test.WatchDog.cancel(): canceling Thu May 10 21:58:37 UTC 2018
------------------ testing $PTII/ptolemy/domains/de/test/auto/OpenQueueingNetwork.xml
auto.tcl: Setting watchdog for 200 seconds at Thu May 10 21:58:37 UTC 2018
2733 ms. Memory: 573952K Free: 398229K (69%)
ptolemy.util.test.WatchDog.cancel(): canceling Thu May 10 21:58:40 UTC 2018
auto.tcl: Setting watchdog for 200 seconds at Thu May 10 21:58:40 UTC 2018
2398 ms. Memory: 550912K Free: 287359K (52%)
ptolemy.util.test.WatchDog.cancel(): canceling Thu May 10 21:58:42 UTC 2018
------------------ testing $PTII/ptolemy/domains/de/test/auto/OpenQueuingNetwork.xml
auto.tcl: Setting watchdog for 200 seconds at Thu May 10 21:58:42 UTC 2018
229 ms. Memory: 549888K Free: 444241K (81%)
ptolemy.util.test.WatchDog.cancel(): canceling Thu May 10 21:58:43 UTC 2018
auto.tcl: Setting watchdog for 200 seconds at Thu May 10 21:58:43 UTC 2018
214 ms. Memory: 549888K Free: 384094K (70%)
ptolemy.util.test.WatchDog.cancel(): canceling Thu May 10 21:58:43 UTC 2018
------------------ testing $PTII/ptolemy/domains/de/test/auto/PeriodicSampler.xml
auto.tcl: Setting watchdog for 200 seconds at Thu May 10 21:58:43 UTC 2018
2 ms. Memory: 551936K Free: 530267K (96%)
ptolemy.util.test.WatchDog.cancel(): canceling Thu May 10 21:58:43 UTC 2018
auto.tcl: Setting watchdog for 200 seconds at Thu May 10 21:58:43 UTC 2018
2 ms. Memory: 551936K Free: 530267K (96%)
ptolemy.util.test.WatchDog.cancel(): canceling Thu May 10 21:58:43 UTC 2018
------------------ testing $PTII/ptolemy/domains/de/test/auto/PersistentIO.xml
auto.tcl: Setting watchdog for 200 seconds at Thu May 10 21:58:43 UTC 2018
11 ms. Memory: 549376K Free: 521607K (95%)
ptolemy.util.test.WatchDog.cancel(): canceling Thu May 10 21:58:43 UTC 2018
auto.tcl: Setting watchdog for 200 seconds at Thu May 10 21:58:43 UTC 2018
4 ms. Memory: 549376K Free: 521607K (95%)
ptolemy.util.test.WatchDog.cancel(): canceling Thu May 10 21:58:43 UTC 2018
------------------ testing $PTII/ptolemy/domains/de/test/auto/PortParameterResetOnInitialize.xml
auto.tcl: Setting watchdog for 200 seconds at Thu May 10 21:58:43 UTC 2018
2 ms. Memory: 551424K Free: 529986K (96%)
ptolemy.util.test.WatchDog.cancel(): canceling Thu May 10 21:58:43 UTC 2018
auto.tcl: Setting watchdog for 200 seconds at Thu May 10 21:58:43 UTC 2018
2 ms. Memory: 551424K Free: 529986K (96%)
ptolemy.util.test.WatchDog.cancel(): canceling Thu May 10 21:58:43 UTC 2018
------------------ testing $PTII/ptolemy/domains/de/test/auto/PortParameterUpdates.xml
auto.tcl: Setting watchdog for 200 seconds at Thu May 10 21:58:43 UTC 2018
8 ms. Memory: 549376K Free: 528072K (96%)
ptolemy.util.test.WatchDog.cancel(): canceling Thu May 10 21:58:43 UTC 2018
auto.tcl: Setting watchdog for 200 seconds at Thu May 10 21:58:43 UTC 2018
3 ms. Memory: 549376K Free: 521389K (95%)
ptolemy.util.test.WatchDog.cancel(): canceling Thu May 10 21:58:43 UTC 2018
------------------ testing $PTII/ptolemy/domains/de/test/auto/QueueAndServer.xml
auto.tcl: Setting watchdog for 200 seconds at Thu May 10 21:58:43 UTC 2018
18 ms. Memory: 551424K Free: 534761K (97%)
ptolemy.util.test.WatchDog.cancel(): canceling Thu May 10 21:58:43 UTC 2018
auto.tcl: Setting watchdog for 200 seconds at Thu May 10 21:58:43 UTC 2018
6 ms. Memory: 551424K Free: 528070K (96%)
ptolemy.util.test.WatchDog.cancel(): canceling Thu May 10 21:58:43 UTC 2018
------------------ testing $PTII/ptolemy/domains/de/test/auto/Records.xml
auto.tcl: Setting watchdog for 200 seconds at Thu May 10 21:58:43 UTC 2018
11 ms. Memory: 549376K Free: 532654K (97%)
ptolemy.util.test.WatchDog.cancel(): canceling Thu May 10 21:58:43 UTC 2018
auto.tcl: Setting watchdog for 200 seconds at Thu May 10 21:58:43 UTC 2018
2 ms. Memory: 549376K Free: 532654K (97%)
ptolemy.util.test.WatchDog.cancel(): canceling Thu May 10 21:58:43 UTC 2018
------------------ testing $PTII/ptolemy/domains/de/test/auto/ResetTransitionWithStartTime1.xml
auto.tcl: Setting watchdog for 200 seconds at Thu May 10 21:58:43 UTC 2018
9 ms. Memory: 551424K Free: 534728K (97%)
ptolemy.util.test.WatchDog.cancel(): canceling Thu May 10 21:58:43 UTC 2018
auto.tcl: Setting watchdog for 200 seconds at Thu May 10 21:58:43 UTC 2018
6 ms. Memory: 551424K Free: 528029K (96%)
ptolemy.util.test.WatchDog.cancel(): canceling Thu May 10 21:58:43 UTC 2018
------------------ testing $PTII/ptolemy/domains/de/test/auto/ResetTransitionWithStartTime2.xml
auto.tcl: Setting watchdog for 200 seconds at Thu May 10 21:58:43 UTC 2018
6 ms. Memory: 549376K Free: 526202K (96%)
ptolemy.util.test.WatchDog.cancel(): canceling Thu May 10 21:58:43 UTC 2018
auto.tcl: Setting watchdog for 200 seconds at Thu May 10 21:58:43 UTC 2018
6 ms. Memory: 549376K Free: 526202K (96%)
ptolemy.util.test.WatchDog.cancel(): canceling Thu May 10 21:58:43 UTC 2018
------------------ testing $PTII/ptolemy/domains/de/test/auto/ResetTransitionWithStartTime3.xml
auto.tcl: Setting watchdog for 200 seconds at Thu May 10 21:58:43 UTC 2018
5 ms. Memory: 550912K Free: 534206K (97%)
ptolemy.util.test.WatchDog.cancel(): canceling Thu May 10 21:58:43 UTC 2018
auto.tcl: Setting watchdog for 200 seconds at Thu May 10 21:58:43 UTC 2018
5 ms. Memory: 550912K Free: 527522K (96%)
ptolemy.util.test.WatchDog.cancel(): canceling Thu May 10 21:58:43 UTC 2018
------------------ testing $PTII/ptolemy/domains/de/test/auto/ResetTransitionWithStartTime4.xml
auto.tcl: Setting watchdog for 200 seconds at Thu May 10 21:58:44 UTC 2018
4 ms. Memory: 549376K Free: 525970K (96%)
ptolemy.util.test.WatchDog.cancel(): canceling Thu May 10 21:58:44 UTC 2018
auto.tcl: Setting watchdog for 200 seconds at Thu May 10 21:58:44 UTC 2018
3 ms. Memory: 549376K Free: 525970K (96%)
ptolemy.util.test.WatchDog.cancel(): canceling Thu May 10 21:58:44 UTC 2018
------------------ testing $PTII/ptolemy/domains/de/test/auto/ResettableTimer1.xml
auto.tcl: Setting watchdog for 200 seconds at Thu May 10 21:58:44 UTC 2018
5 ms. Memory: 550912K Free: 534200K (97%)
ptolemy.util.test.WatchDog.cancel(): canceling Thu May 10 21:58:44 UTC 2018
auto.tcl: Setting watchdog for 200 seconds at Thu May 10 21:58:44 UTC 2018
2 ms. Memory: 550912K Free: 534200K (97%)
ptolemy.util.test.WatchDog.cancel(): canceling Thu May 10 21:58:44 UTC 2018
------------------ testing $PTII/ptolemy/domains/de/test/auto/ResettableTimer2.xml
auto.tcl: Setting watchdog for 200 seconds at Thu May 10 21:58:44 UTC 2018
3 ms. Memory: 549376K Free: 532952K (97%)
ptolemy.util.test.WatchDog.cancel(): canceling Thu May 10 21:58:44 UTC 2018
auto.tcl: Setting watchdog for 200 seconds at Thu May 10 21:58:44 UTC 2018
2 ms. Memory: 549376K Free: 532952K (97%)
ptolemy.util.test.WatchDog.cancel(): canceling Thu May 10 21:58:44 UTC 2018
------------------ testing $PTII/ptolemy/domains/de/test/auto/ResettableTimer3.xml
auto.tcl: Setting watchdog for 200 seconds at Thu May 10 21:58:44 UTC 2018
2 ms. Memory: 550912K Free: 534257K (97%)
ptolemy.util.test.WatchDog.cancel(): canceling Thu May 10 21:58:44 UTC 2018
auto.tcl: Setting watchdog for 200 seconds at Thu May 10 21:58:44 UTC 2018
1 ms. Memory: 550912K Free: 534257K (97%)
ptolemy.util.test.WatchDog.cancel(): canceling Thu May 10 21:58:44 UTC 2018
------------------ testing $PTII/ptolemy/domains/de/test/auto/ResettableTimer4.xml
auto.tcl: Setting watchdog for 200 seconds at Thu May 10 21:58:44 UTC 2018
1 ms. Memory: 549376K Free: 532964K (97%)
ptolemy.util.test.WatchDog.cancel(): canceling Thu May 10 21:58:44 UTC 2018
auto.tcl: Setting watchdog for 200 seconds at Thu May 10 21:58:44 UTC 2018
1 ms. Memory: 549376K Free: 532964K (97%)
ptolemy.util.test.WatchDog.cancel(): canceling Thu May 10 21:58:44 UTC 2018
------------------ testing $PTII/ptolemy/domains/de/test/auto/ResettableTimer5.xml
auto.tcl: Setting watchdog for 200 seconds at Thu May 10 21:58:44 UTC 2018
1 ms. Memory: 550400K Free: 529307K (96%)
ptolemy.util.test.WatchDog.cancel(): canceling Thu May 10 21:58:44 UTC 2018
auto.tcl: Setting watchdog for 200 seconds at Thu May 10 21:58:44 UTC 2018
2 ms. Memory: 550400K Free: 529307K (96%)
ptolemy.util.test.WatchDog.cancel(): canceling Thu May 10 21:58:44 UTC 2018
------------------ testing $PTII/ptolemy/domains/de/test/auto/ResettableTimer6.xml
auto.tcl: Setting watchdog for 200 seconds at Thu May 10 21:58:44 UTC 2018
2 ms. Memory: 549376K Free: 528003K (96%)
ptolemy.util.test.WatchDog.cancel(): canceling Thu May 10 21:58:44 UTC 2018
auto.tcl: Setting watchdog for 200 seconds at Thu May 10 21:58:44 UTC 2018
2 ms. Memory: 549376K Free: 528003K (96%)
ptolemy.util.test.WatchDog.cancel(): canceling Thu May 10 21:58:44 UTC 2018
------------------ testing $PTII/ptolemy/domains/de/test/auto/ServerZeroDelay.xml
auto.tcl: Setting watchdog for 200 seconds at Thu May 10 21:58:44 UTC 2018
2 ms. Memory: 550400K Free: 533927K (97%)
ptolemy.util.test.WatchDog.cancel(): canceling Thu May 10 21:58:44 UTC 2018
auto.tcl: Setting watchdog for 200 seconds at Thu May 10 21:58:44 UTC 2018
2 ms. Memory: 550400K Free: 533927K (97%)
ptolemy.util.test.WatchDog.cancel(): canceling Thu May 10 21:58:44 UTC 2018
------------------ testing $PTII/ptolemy/domains/de/test/auto/SmartSender.xml
auto.tcl: Setting watchdog for 200 seconds at Thu May 10 21:58:44 UTC 2018
3002 ms. Memory: 549376K Free: 528219K (96%)
ptolemy.util.test.WatchDog.cancel(): canceling Thu May 10 21:58:47 UTC 2018
auto.tcl: Setting watchdog for 200 seconds at Thu May 10 21:58:47 UTC 2018
3001 ms. Memory: 549376K Free: 528219K (96%)
ptolemy.util.test.WatchDog.cancel(): canceling Thu May 10 21:58:50 UTC 2018
------------------ testing $PTII/ptolemy/domains/de/test/auto/ThreadedComposite.xml
auto.tcl: Setting watchdog for 200 seconds at Thu May 10 21:58:50 UTC 2018
172 ms. Memory: 550400K Free: 512984K (93%)
ptolemy.util.test.WatchDog.cancel(): canceling Thu May 10 21:58:50 UTC 2018
auto.tcl: Setting watchdog for 200 seconds at Thu May 10 21:58:50 UTC 2018
102 ms. Memory: 550400K Free: 496926K (90%)
ptolemy.util.test.WatchDog.cancel(): canceling Thu May 10 21:58:50 UTC 2018
------------------ testing $PTII/ptolemy/domains/de/test/auto/Time.xml
auto.tcl: Setting watchdog for 200 seconds at Thu May 10 21:58:50 UTC 2018
516 ms. Memory: 549376K Free: 480917K (88%)
ptolemy.util.test.WatchDog.cancel(): canceling Thu May 10 21:58:51 UTC 2018
auto.tcl: Setting watchdog for 200 seconds at Thu May 10 21:58:51 UTC 2018
471 ms. Memory: 549376K Free: 427453K (78%)
ptolemy.util.test.WatchDog.cancel(): canceling Thu May 10 21:58:51 UTC 2018
------------------ testing $PTII/ptolemy/domains/de/test/auto/TimeDelayZeroDelay.xml
auto.tcl: Setting watchdog for 200 seconds at Thu May 10 21:58:52 UTC 2018
1 ms. Memory: 550400K Free: 533615K (97%)
ptolemy.util.test.WatchDog.cancel(): canceling Thu May 10 21:58:52 UTC 2018
auto.tcl: Setting watchdog for 200 seconds at Thu May 10 21:58:52 UTC 2018
2 ms. Memory: 550400K Free: 533615K (97%)
ptolemy.util.test.WatchDog.cancel(): canceling Thu May 10 21:58:52 UTC 2018
------------------ testing $PTII/ptolemy/domains/de/test/auto/TimerZeroDelay.xml
auto.tcl: Setting watchdog for 200 seconds at Thu May 10 21:58:52 UTC 2018
2 ms. Memory: 549376K Free: 532865K (97%)
ptolemy.util.test.WatchDog.cancel(): canceling Thu May 10 21:58:52 UTC 2018
auto.tcl: Setting watchdog for 200 seconds at Thu May 10 21:58:52 UTC 2018
2 ms. Memory: 549376K Free: 532865K (97%)
ptolemy.util.test.WatchDog.cancel(): canceling Thu May 10 21:58:52 UTC 2018
------------------ testing $PTII/ptolemy/domains/de/test/auto/TimingParadox.xml
auto.tcl: Setting watchdog for 200 seconds at Thu May 10 21:58:52 UTC 2018
311 ms. Memory: 549888K Free: 462270K (84%)
ptolemy.util.test.WatchDog.cancel(): canceling Thu May 10 21:58:52 UTC 2018
auto.tcl: Setting watchdog for 200 seconds at Thu May 10 21:58:52 UTC 2018
283 ms. Memory: 549888K Free: 428855K (78%)
ptolemy.util.test.WatchDog.cancel(): canceling Thu May 10 21:58:52 UTC 2018
------------------ testing $PTII/ptolemy/domains/de/test/auto/TransferInputs.xml
auto.tcl: Setting watchdog for 200 seconds at Thu May 10 21:58:52 UTC 2018
1 ms. Memory: 549888K Free: 532281K (97%)
ptolemy.util.test.WatchDog.cancel(): canceling Thu May 10 21:58:52 UTC 2018
auto.tcl: Setting watchdog for 200 seconds at Thu May 10 21:58:52 UTC 2018
2 ms. Memory: 549888K Free: 532281K (97%)
ptolemy.util.test.WatchDog.cancel(): canceling Thu May 10 21:58:52 UTC 2018
------------------ testing $PTII/ptolemy/domains/de/test/auto/TransferOutputs2.xml
auto.tcl: Setting watchdog for 200 seconds at Thu May 10 21:58:52 UTC 2018
7 ms. Memory: 549376K Free: 521508K (95%)
ptolemy.util.test.WatchDog.cancel(): canceling Thu May 10 21:58:53 UTC 2018
auto.tcl: Setting watchdog for 200 seconds at Thu May 10 21:58:53 UTC 2018
3 ms. Memory: 549376K Free: 521508K (95%)
ptolemy.util.test.WatchDog.cancel(): canceling Thu May 10 21:58:53 UTC 2018
------------------ testing $PTII/ptolemy/domains/de/test/auto/Trilateration.xml
auto.tcl: Setting watchdog for 200 seconds at Thu May 10 21:58:53 UTC 2018
13619 ms. Memory: 766976K Free: 179401K (23%)
ptolemy.util.test.WatchDog.cancel(): canceling Thu May 10 21:59:07 UTC 2018
auto.tcl: Setting watchdog for 200 seconds at Thu May 10 21:59:07 UTC 2018
10910 ms. Memory: 623104K Free: 565648K (91%)
ptolemy.util.test.WatchDog.cancel(): canceling Thu May 10 21:59:18 UTC 2018
------------------ testing $PTII/ptolemy/domains/de/test/auto/TwoSigmaDelta.xml
auto.tcl: Setting watchdog for 200 seconds at Thu May 10 21:59:18 UTC 2018
2605 ms. Memory: 619520K Free: 314292K (51%)
ptolemy.util.test.WatchDog.cancel(): canceling Thu May 10 21:59:21 UTC 2018
auto.tcl: Setting watchdog for 200 seconds at Thu May 10 21:59:21 UTC 2018
1990 ms. Memory: 619520K Free: 86740K (14%)
ptolemy.util.test.WatchDog.cancel(): canceling Thu May 10 21:59:23 UTC 2018
------------------ testing $PTII/ptolemy/domains/de/test/auto/VariableDelay.xml
auto.tcl: Setting watchdog for 200 seconds at Thu May 10 21:59:23 UTC 2018
3 ms. Memory: 623104K Free: 598376K (96%)
ptolemy.util.test.WatchDog.cancel(): canceling Thu May 10 21:59:23 UTC 2018
auto.tcl: Setting watchdog for 200 seconds at Thu May 10 21:59:23 UTC 2018
1 ms. Memory: 623104K Free: 598376K (96%)
ptolemy.util.test.WatchDog.cancel(): canceling Thu May 10 21:59:23 UTC 2018
------------------ testing $PTII/ptolemy/domains/de/test/auto/VariableDelay2.xml
auto.tcl: Setting watchdog for 200 seconds at Thu May 10 21:59:23 UTC 2018
2 ms. Memory: 619520K Free: 600617K (97%)
ptolemy.util.test.WatchDog.cancel(): canceling Thu May 10 21:59:23 UTC 2018
auto.tcl: Setting watchdog for 200 seconds at Thu May 10 21:59:23 UTC 2018
1 ms. Memory: 619520K Free: 600617K (97%)
ptolemy.util.test.WatchDog.cancel(): canceling Thu May 10 21:59:23 UTC 2018
------------------ testing $PTII/ptolemy/domains/de/test/auto/VariableDelayZeroDelay.xml
auto.tcl: Setting watchdog for 200 seconds at Thu May 10 21:59:23 UTC 2018
2 ms. Memory: 622592K Free: 598307K (96%)
ptolemy.util.test.WatchDog.cancel(): canceling Thu May 10 21:59:23 UTC 2018
auto.tcl: Setting watchdog for 200 seconds at Thu May 10 21:59:23 UTC 2018
1 ms. Memory: 622592K Free: 598307K (96%)
ptolemy.util.test.WatchDog.cancel(): canceling Thu May 10 21:59:23 UTC 2018
------------------ testing $PTII/ptolemy/domains/de/test/auto/VariableDelayZeroDelay2.xml
auto.tcl: Setting watchdog for 200 seconds at Thu May 10 21:59:23 UTC 2018
5 ms. Memory: 619520K Free: 595234K (96%)
ptolemy.util.test.WatchDog.cancel(): canceling Thu May 10 21:59:23 UTC 2018
auto.tcl: Setting watchdog for 200 seconds at Thu May 10 21:59:23 UTC 2018
2 ms. Memory: 619520K Free: 595234K (96%)
ptolemy.util.test.WatchDog.cancel(): canceling Thu May 10 21:59:23 UTC 2018
------------------ testing $PTII/ptolemy/domains/de/test/auto/deInCt.xml
auto.tcl: Setting watchdog for 200 seconds at Thu May 10 21:59:23 UTC 2018
0
1
1
1
1
0
0
0
1
1
1
0
0
0
1
1
0
0
0
1
1
1
0
0
0
0
1
1
1
0
0
1
1
1
0
0
0
0
0
1
1
1
1
14 ms. Memory: 622080K Free: 597760K (96%)
ptolemy.util.test.WatchDog.cancel(): canceling Thu May 10 21:59:23 UTC 2018
auto.tcl: Setting watchdog for 200 seconds at Thu May 10 21:59:23 UTC 2018
0
1
1
1
0
0
0
1
1
0
0
0
1
1
1
0
0
0
0
1
1
1
0
0
0
1
1
1
0
0
0
1
1
1
0
0
0
0
0
0
0
1
1
1
1
6 ms. Memory: 622080K Free: 597760K (96%)
ptolemy.util.test.WatchDog.cancel(): canceling Thu May 10 21:59:23 UTC 2018
------------------ testing $PTII/ptolemy/domains/de/test/auto/deInCt2.xml
auto.tcl: Setting watchdog for 200 seconds at Thu May 10 21:59:23 UTC 2018
0
1
1
1
0
0
1
1
1
0
0
1
1
1
0
0
1
1
1
0
0
1
1
1
0
0
1
1
1
0
0
1
1
1
0
0
1
1
1
0
0
0
9 ms. Memory: 619520K Free: 595200K (96%)
ptolemy.util.test.WatchDog.cancel(): canceling Thu May 10 21:59:23 UTC 2018
auto.tcl: Setting watchdog for 200 seconds at Thu May 10 21:59:23 UTC 2018
0
1
1
1
0
0
1
1
1
0
0
1
1
1
0
0
1
1
1
0
0
1
1
1
0
0
1
1
1
0
0
1
1
1
0
0
1
1
1
0
0
0
4 ms. Memory: 619520K Free: 595200K (96%)
ptolemy.util.test.WatchDog.cancel(): canceling Thu May 10 21:59:23 UTC 2018
------------------ testing $PTII/ptolemy/domains/de/test/auto/dynamicCausalityInterface1.xml
auto.tcl: Setting watchdog for 200 seconds at Thu May 10 21:59:24 UTC 2018
1 ms. Memory: 621568K Free: 594409K (96%)
ptolemy.util.test.WatchDog.cancel(): canceling Thu May 10 21:59:24 UTC 2018
auto.tcl: Setting watchdog for 200 seconds at Thu May 10 21:59:24 UTC 2018
1 ms. Memory: 621568K Free: 594409K (96%)
ptolemy.util.test.WatchDog.cancel(): canceling Thu May 10 21:59:24 UTC 2018
------------------ testing $PTII/ptolemy/domains/de/test/auto/fsm_de_test.xml
auto.tcl: Setting watchdog for 200 seconds at Thu May 10 21:59:24 UTC 2018
7 ms. Memory: 619520K Free: 595121K (96%)
ptolemy.util.test.WatchDog.cancel(): canceling Thu May 10 21:59:24 UTC 2018
auto.tcl: Setting watchdog for 200 seconds at Thu May 10 21:59:24 UTC 2018
4 ms. Memory: 619520K Free: 586867K (95%)
ptolemy.util.test.WatchDog.cancel(): canceling Thu May 10 21:59:24 UTC 2018
------------------ testing $PTII/ptolemy/domains/de/test/auto/functionDependencyReconstruction.xml
auto.tcl: Setting watchdog for 200 seconds at Thu May 10 21:59:24 UTC 2018
5 ms. Memory: 621568K Free: 588906K (95%)
ptolemy.util.test.WatchDog.cancel(): canceling Thu May 10 21:59:24 UTC 2018
auto.tcl: Setting watchdog for 200 seconds at Thu May 10 21:59:24 UTC 2018
2 ms. Memory: 621568K Free: 580660K (93%)
ptolemy.util.test.WatchDog.cancel(): canceling Thu May 10 21:59:24 UTC 2018
------------------ testing $PTII/ptolemy/domains/de/test/auto/multirate.xml
auto.tcl: Setting watchdog for 200 seconds at Thu May 10 21:59:24 UTC 2018
6 ms. Memory: 619520K Free: 594988K (96%)
ptolemy.util.test.WatchDog.cancel(): canceling Thu May 10 21:59:24 UTC 2018
auto.tcl: Setting watchdog for 200 seconds at Thu May 10 21:59:24 UTC 2018
2 ms. Memory: 619520K Free: 594988K (96%)
ptolemy.util.test.WatchDog.cancel(): canceling Thu May 10 21:59:24 UTC 2018
------------------ testing $PTII/ptolemy/domains/de/test/auto/multirate2.xml
auto.tcl: Setting watchdog for 200 seconds at Thu May 10 21:59:24 UTC 2018
4 ms. Memory: 621056K Free: 596712K (96%)
ptolemy.util.test.WatchDog.cancel(): canceling Thu May 10 21:59:24 UTC 2018
auto.tcl: Setting watchdog for 200 seconds at Thu May 10 21:59:24 UTC 2018
3 ms. Memory: 621056K Free: 596712K (96%)
ptolemy.util.test.WatchDog.cancel(): canceling Thu May 10 21:59:24 UTC 2018
------------------ testing $PTII/ptolemy/domains/de/test/auto/realtime.xml
auto.tcl: Setting watchdog for 200 seconds at Thu May 10 21:59:24 UTC 2018
10003 ms. Memory: 619520K Free: 595144K (96%)
ptolemy.util.test.WatchDog.cancel(): canceling Thu May 10 21:59:34 UTC 2018
auto.tcl: Setting watchdog for 200 seconds at Thu May 10 21:59:34 UTC 2018
10001 ms. Memory: 619520K Free: 595144K (96%)
ptolemy.util.test.WatchDog.cancel(): canceling Thu May 10 21:59:44 UTC 2018
------------------ testing $PTII/ptolemy/domains/de/test/auto/relationGroup.xml
auto.tcl: Setting watchdog for 200 seconds at Thu May 10 21:59:44 UTC 2018
7 ms. Memory: 621056K Free: 596737K (96%)
ptolemy.util.test.WatchDog.cancel(): canceling Thu May 10 21:59:44 UTC 2018
auto.tcl: Setting watchdog for 200 seconds at Thu May 10 21:59:44 UTC 2018
2 ms. Memory: 621056K Free: 596737K (96%)
ptolemy.util.test.WatchDog.cancel(): canceling Thu May 10 21:59:44 UTC 2018
------------------ testing $PTII/ptolemy/domains/de/test/auto/relationGroup2.xml
auto.tcl: Setting watchdog for 200 seconds at Thu May 10 21:59:44 UTC 2018
1 ms. Memory: 619520K Free: 595228K (96%)
ptolemy.util.test.WatchDog.cancel(): canceling Thu May 10 21:59:44 UTC 2018
auto.tcl: Setting watchdog for 200 seconds at Thu May 10 21:59:44 UTC 2018
1 ms. Memory: 619520K Free: 595228K (96%)
ptolemy.util.test.WatchDog.cancel(): canceling Thu May 10 21:59:44 UTC 2018
------------------ testing $PTII/ptolemy/domains/de/test/auto/sortWithOpaquePorts.xml
auto.tcl: Setting watchdog for 200 seconds at Thu May 10 21:59:44 UTC 2018
1 ms. Memory: 620544K Free: 596252K (96%)
ptolemy.util.test.WatchDog.cancel(): canceling Thu May 10 21:59:44 UTC 2018
auto.tcl: Setting watchdog for 200 seconds at Thu May 10 21:59:44 UTC 2018
2 ms. Memory: 620544K Free: 596252K (96%)
ptolemy.util.test.WatchDog.cancel(): canceling Thu May 10 21:59:44 UTC 2018
------------------ testing $PTII/ptolemy/domains/de/test/auto/transferInputsandOutputs.xml
auto.tcl: Setting watchdog for 200 seconds at Thu May 10 21:59:44 UTC 2018
3 ms. Memory: 619520K Free: 595215K (96%)
ptolemy.util.test.WatchDog.cancel(): canceling Thu May 10 21:59:44 UTC 2018
auto.tcl: Setting watchdog for 200 seconds at Thu May 10 21:59:44 UTC 2018
1 ms. Memory: 619520K Free: 595215K (96%)
ptolemy.util.test.WatchDog.cancel(): canceling Thu May 10 21:59:44 UTC 2018
------------------ testing $PTII/ptolemy/domains/de/test/auto/triggerType.xml
auto.tcl: Setting watchdog for 200 seconds at Thu May 10 21:59:44 UTC 2018
2 ms. Memory: 620544K Free: 596190K (96%)
ptolemy.util.test.WatchDog.cancel(): canceling Thu May 10 21:59:44 UTC 2018
auto.tcl: Setting watchdog for 200 seconds at Thu May 10 21:59:44 UTC 2018
1 ms. Memory: 620544K Free: 596190K (96%)
ptolemy.util.test.WatchDog.cancel(): canceling Thu May 10 21:59:44 UTC 2018
05/10/18 09:59:44
Failed: 0  Total Tests: 192  ((Passed: 187, Newly Passed: 1)  Known Failed: 5) /home/travis/build/icyphy/ptII/ptolemy/domains/de/test
05/10/18 09:59:44
Failed: 0  Total Tests: 192  ((Passed: 187, Newly Passed: 1)  Known Failed: 5) /home/travis/build/icyphy/ptII/ptolemy/domains/de/test
----------------- testing (KnownFailure) /home/travis/build/icyphy/ptII/ptolemy/domains/de/test/auto/knownFailedTests/DESDFClockTest.xml
2008 ms. Memory: 619520K Free: 584457K (94%)
Known Failure: java.lang.reflect.InvocationTargetException
----------------- testing (KnownFailure) /home/travis/build/icyphy/ptII/ptolemy/domains/de/test/auto/knownFailedTests/DirectFeedback.xml
1 ms. Memory: 619520K Free: 541408K (87%)
Known Failure: java.lang.reflect.InvocationTargetException
----------------- testing (KnownFailure) /home/travis/build/icyphy/ptII/ptolemy/domains/de/test/auto/knownFailedTests/FSMSource.xml
4 ms. Memory: 619520K Free: 498359K (80%)
----------------- testing (KnownFailure) /home/travis/build/icyphy/ptII/ptolemy/domains/de/test/auto/knownFailedTests/HierarchicalModel.xml
6 ms. Memory: 619520K Free: 466034K (75%)
Known Failure: java.lang.reflect.InvocationTargetException
----------------- testing (KnownFailure) /home/travis/build/icyphy/ptII/ptolemy/domains/de/test/auto/knownFailedTests/dependencyLoop.xml
2 ms. Memory: 619520K Free: 412214K (67%)
Known Failure: java.lang.reflect.InvocationTargetException
----------------- testing (KnownFailure) /home/travis/build/icyphy/ptII/ptolemy/domains/de/test/auto/knownFailedTests/dependencyLoop2.xml
1 ms. Memory: 619520K Free: 358403K (58%)
Known Failure: java.lang.reflect.InvocationTargetException
No auto/*.xml tests in /home/travis/build/icyphy/ptII/ptolemy/domains/de/test
AutoTests.java: About to close Vertx.
AutoTests.java: Vertx closed.
----------------- testing Thu May 10 21:59:47 UTC 2018 /home/travis/build/icyphy/ptII/ptolemy/domains/de/test/auto/ActorDepthCalculation_actorWithoutPorts.xml
----------------- Instantiating /home/travis/build/icyphy/ptII/ptolemy/domains/de/test/auto/ActorDepthCalculation_actorWithoutPorts.xml
4 ms. Memory: 619520K Free: 304591K (49%)
----------------- Invoking toplevel() on ptolemy.moml.MoMLSimpleApplication@7e883823
----------------- Done invoking toplevel() on ptolemy.moml.MoMLSimpleApplication@7e883823
reloadAllAccessors: .ActorDepthCalculation_actorWithoutPorts
----------------- testing Thu May 10 21:59:47 UTC 2018 /home/travis/build/icyphy/ptII/ptolemy/domains/de/test/auto/AssemblyLine.xml
----------------- Instantiating /home/travis/build/icyphy/ptII/ptolemy/domains/de/test/auto/AssemblyLine.xml
2 ms. Memory: 619520K Free: 283067K (46%)
----------------- Invoking toplevel() on ptolemy.moml.MoMLSimpleApplication@fac3eb2
----------------- Done invoking toplevel() on ptolemy.moml.MoMLSimpleApplication@fac3eb2
reloadAllAccessors: .AssemblyLine
----------------- testing Thu May 10 21:59:47 UTC 2018 /home/travis/build/icyphy/ptII/ptolemy/domains/de/test/auto/CQBug1.xml
----------------- Instantiating /home/travis/build/icyphy/ptII/ptolemy/domains/de/test/auto/CQBug1.xml
1 ms. Memory: 619520K Free: 261542K (42%)
----------------- Invoking toplevel() on ptolemy.moml.MoMLSimpleApplication@486170e8
----------------- Done invoking toplevel() on ptolemy.moml.MoMLSimpleApplication@486170e8
reloadAllAccessors: .CQBug1
----------------- testing Thu May 10 21:59:47 UTC 2018 /home/travis/build/icyphy/ptII/ptolemy/domains/de/test/auto/CancelFireAt.xml
----------------- Instantiating /home/travis/build/icyphy/ptII/ptolemy/domains/de/test/auto/CancelFireAt.xml
1 ms. Memory: 619520K Free: 240017K (39%)
----------------- Invoking toplevel() on ptolemy.moml.MoMLSimpleApplication@49e2daa0
----------------- Done invoking toplevel() on ptolemy.moml.MoMLSimpleApplication@49e2daa0
reloadAllAccessors: .CancelFireAt
----------------- testing Thu May 10 21:59:47 UTC 2018 /home/travis/build/icyphy/ptII/ptolemy/domains/de/test/auto/CausalityAndComposabilityAnalysis.xml
----------------- Instantiating /home/travis/build/icyphy/ptII/ptolemy/domains/de/test/auto/CausalityAndComposabilityAnalysis.xml
1 ms. Memory: 619520K Free: 218493K (35%)
----------------- Invoking toplevel() on ptolemy.moml.MoMLSimpleApplication@74a8e24d
----------------- Done invoking toplevel() on ptolemy.moml.MoMLSimpleApplication@74a8e24d
reloadAllAccessors: .CausalityAndComposabilityAnalysis
----------------- testing Thu May 10 21:59:47 UTC 2018 /home/travis/build/icyphy/ptII/ptolemy/domains/de/test/auto/CausalityInterface1.xml
----------------- Instantiating /home/travis/build/icyphy/ptII/ptolemy/domains/de/test/auto/CausalityInterface1.xml
3 ms. Memory: 619520K Free: 196968K (32%)
----------------- Invoking toplevel() on ptolemy.moml.MoMLSimpleApplication@163a609f
----------------- Done invoking toplevel() on ptolemy.moml.MoMLSimpleApplication@163a609f
reloadAllAccessors: .CausalityInterface1
----------------- testing Thu May 10 21:59:47 UTC 2018 /home/travis/build/icyphy/ptII/ptolemy/domains/de/test/auto/CausalityInterface15.xml
----------------- Instantiating /home/travis/build/icyphy/ptII/ptolemy/domains/de/test/auto/CausalityInterface15.xml
1 ms. Memory: 619520K Free: 175444K (28%)
----------------- Invoking toplevel() on ptolemy.moml.MoMLSimpleApplication@755a84f
----------------- Done invoking toplevel() on ptolemy.moml.MoMLSimpleApplication@755a84f
reloadAllAccessors: .CausalityInterface15
----------------- testing Thu May 10 21:59:47 UTC 2018 /home/travis/build/icyphy/ptII/ptolemy/domains/de/test/auto/CausalityInterface2.xml
----------------- Instantiating /home/travis/build/icyphy/ptII/ptolemy/domains/de/test/auto/CausalityInterface2.xml
1 ms. Memory: 619520K Free: 153919K (25%)
----------------- Invoking toplevel() on ptolemy.moml.MoMLSimpleApplication@232c79f5
----------------- Done invoking toplevel() on ptolemy.moml.MoMLSimpleApplication@232c79f5
reloadAllAccessors: .CausalityInterface2
----------------- testing Thu May 10 21:59:47 UTC 2018 /home/travis/build/icyphy/ptII/ptolemy/domains/de/test/auto/CausalityInterface3.xml
[...]
java.lang.RuntimeException: Execution failed
	at ptolemy.moml.MoMLSimpleApplication$UnloadThread.run(MoMLSimpleApplication.java:402)
Caused by: ptolemy.kernel.util.IllegalActionException: Test fails in iteration 1.
Value was: 1.0. Should have been: 2.0
  in .DirectFeedback.Test
	at ptolemy.actor.lib.Test.fire(Test.java:268)
	at ptolemy.domains.de.kernel.DEDirector._fire(DEDirector.java:1948)
	at ptolemy.domains.de.kernel.DEDirector.fire(DEDirector.java:502)
	at ptolemy.actor.CompositeActor.fire(CompositeActor.java:455)
	at ptolemy.actor.Manager.iterate(Manager.java:851)
	at ptolemy.actor.Manager.execute(Manager.java:369)
	at ptolemy.actor.Manager.run(Manager.java:1263)
	at ptolemy.actor.Manager$PtolemyRunThread.run(Manager.java:1915)
java.lang.RuntimeException: Execution failed
	at ptolemy.moml.MoMLSimpleApplication$UnloadThread.run(MoMLSimpleApplication.java:402)
Caused by: ptolemy.kernel.util.IllegalActionException: Actor is not ready to fire.  Perhaps UpSample.prefire() returned false? Try debugging the actor by selecting "Listen to Actor".  Also, for SDF check moml for tokenConsumptionRate on input.
  in .DESDFClockTest.Play Bell.Copy1:SDF Director and .DESDFClockTest.Play Bell.UpSample
	at ptolemy.actor.sched.StaticSchedulingDirector.fire(StaticSchedulingDirector.java:227)
	at ptolemy.domains.sdf.kernel.SDFDirector.fire(SDFDirector.java:500)
	at ptolemy.actor.CompositeActor.fire(CompositeActor.java:455)
	at ptolemy.domains.de.kernel.DEDirector._fire(DEDirector.java:1948)
	at ptolemy.domains.de.kernel.DEDirector.fire(DEDirector.java:502)
	at ptolemy.actor.CompositeActor.fire(CompositeActor.java:455)
	at ptolemy.actor.Manager.iterate(Manager.java:851)
	at ptolemy.actor.Manager.execute(Manager.java:369)
	at ptolemy.actor.Manager.run(Manager.java:1263)
	at ptolemy.actor.Manager$PtolemyRunThread.run(Manager.java:1915)
java.lang.reflect.InvocationTargetException
	at sun.reflect.NativeConstructorAccessorImpl.newInstance0(Native Method)
	at sun.reflect.NativeConstructorAccessorImpl.newInstance(NativeConstructorAccessorImpl.java:62)
	at sun.reflect.DelegatingConstructorAccessorImpl.newInstance(DelegatingConstructorAccessorImpl.java:45)
	at java.lang.reflect.Constructor.newInstance(Constructor.java:423)
	at ptolemy.util.test.junit.AutoKnownFailedTests.RunModel(AutoKnownFailedTests.java:107)
	at sun.reflect.NativeMethodAccessorImpl.invoke0(Native Method)
	at sun.reflect.NativeMethodAccessorImpl.invoke(NativeMethodAccessorImpl.java:62)
	at sun.reflect.DelegatingMethodAccessorImpl.invoke(DelegatingMethodAccessorImpl.java:43)
	at java.lang.reflect.Method.invoke(Method.java:498)
	at org.junit.runners.model.FrameworkMethod$1.runReflectiveCall(FrameworkMethod.java:44)
	at org.junit.internal.runners.model.ReflectiveCallable.run(ReflectiveCallable.java:15)
	at org.junit.runners.model.FrameworkMethod.invokeExplosively(FrameworkMethod.java:41)
	at junitparams.internal.InvokeParameterisedMethod.evaluate(InvokeParameterisedMethod.java:102)
	at org.junit.internal.runners.statements.FailOnTimeout$1.run(FailOnTimeout.java:28)
Caused by: ptolemy.kernel.util.IllegalActionException: Actor is not ready to fire.  Perhaps UpSample.prefire() returned false? Try debugging the actor by selecting "Listen to Actor".  Also, for SDF check moml for tokenConsumptionRate on input.
  in .DESDFClockTest.Play Bell.Copy1:SDF Director and .DESDFClockTest.Play Bell.UpSample
	at ptolemy.actor.sched.StaticSchedulingDirector.fire(StaticSchedulingDirector.java:227)
	at ptolemy.domains.sdf.kernel.SDFDirector.fire(SDFDirector.java:500)
	at ptolemy.actor.CompositeActor.fire(CompositeActor.java:455)
	at ptolemy.domains.de.kernel.DEDirector._fire(DEDirector.java:1948)
	at ptolemy.domains.de.kernel.DEDirector.fire(DEDirector.java:502)
	at ptolemy.actor.CompositeActor.fire(CompositeActor.java:455)
	at ptolemy.actor.Manager.iterate(Manager.java:851)
	at ptolemy.actor.Manager.execute(Manager.java:369)
	at ptolemy.actor.Manager.run(Manager.java:1263)
	at ptolemy.actor.Manager$PtolemyRunThread.run(Manager.java:1915)
java.lang.RuntimeException: Execution failed
	at ptolemy.moml.MoMLSimpleApplication$UnloadThread.run(MoMLSimpleApplication.java:402)
Caused by: ptolemy.kernel.util.IllegalActionException: Test fails in iteration 1.
Value was: 1.0. Should have been: 2.0
  in .DirectFeedback.Test
	at ptolemy.actor.lib.Test.fire(Test.java:268)
	at ptolemy.domains.de.kernel.DEDirector._fire(DEDirector.java:1948)
	at ptolemy.domains.de.kernel.DEDirector.fire(DEDirector.java:502)
	at ptolemy.actor.CompositeActor.fire(CompositeActor.java:455)
	at ptolemy.actor.Manager.iterate(Manager.java:851)
	at ptolemy.actor.Manager.execute(Manager.java:369)
	at ptolemy.actor.Manager.run(Manager.java:1263)
	at ptolemy.actor.Manager$PtolemyRunThread.run(Manager.java:1915)
java.lang.reflect.InvocationTargetException
	at sun.reflect.NativeConstructorAccessorImpl.newInstance0(Native Method)
	at sun.reflect.NativeConstructorAccessorImpl.newInstance(NativeConstructorAccessorImpl.java:62)
	at sun.reflect.DelegatingConstructorAccessorImpl.newInstance(DelegatingConstructorAccessorImpl.java:45)
	at java.lang.reflect.Constructor.newInstance(Constructor.java:423)
	at ptolemy.util.test.junit.AutoKnownFailedTests.RunModel(AutoKnownFailedTests.java:107)
	at sun.reflect.NativeMethodAccessorImpl.invoke0(Native Method)
	at sun.reflect.NativeMethodAccessorImpl.invoke(NativeMethodAccessorImpl.java:62)
	at sun.reflect.DelegatingMethodAccessorImpl.invoke(DelegatingMethodAccessorImpl.java:43)
	at java.lang.reflect.Method.invoke(Method.java:498)
	at org.junit.runners.model.FrameworkMethod$1.runReflectiveCall(FrameworkMethod.java:44)
	at org.junit.internal.runners.model.ReflectiveCallable.run(ReflectiveCallable.java:15)
	at org.junit.runners.model.FrameworkMethod.invokeExplosively(FrameworkMethod.java:41)
	at junitparams.internal.InvokeParameterisedMethod.evaluate(InvokeParameterisedMethod.java:102)
	at org.junit.internal.runners.statements.FailOnTimeout$1.run(FailOnTimeout.java:28)
Caused by: ptolemy.kernel.util.IllegalActionException: Test fails in iteration 1.
Value was: 1.0. Should have been: 2.0
  in .DirectFeedback.Test
	at ptolemy.actor.lib.Test.fire(Test.java:268)
	at ptolemy.domains.de.kernel.DEDirector._fire(DEDirector.java:1948)
	at ptolemy.domains.de.kernel.DEDirector.fire(DEDirector.java:502)
	at ptolemy.actor.CompositeActor.fire(CompositeActor.java:455)
	at ptolemy.actor.Manager.iterate(Manager.java:851)
	at ptolemy.actor.Manager.execute(Manager.java:369)
	at ptolemy.actor.Manager.run(Manager.java:1263)
	at ptolemy.actor.Manager$PtolemyRunThread.run(Manager.java:1915)
java.lang.RuntimeException: Execution failed
	at ptolemy.moml.MoMLSimpleApplication$UnloadThread.run(MoMLSimpleApplication.java:402)
Caused by: ptolemy.kernel.util.IllegalActionException: Found a zero delay loop containing .HierarchicalModel.A
  in .HierarchicalModel and .HierarchicalModel.A
	at ptolemy.actor.util.CausalityInterfaceForComposites._computeOutputPortDepth(CausalityInterfaceForComposites.java:759)
	at ptolemy.actor.util.CausalityInterfaceForComposites._computeInputDepth(CausalityInterfaceForComposites.java:696)
	at ptolemy.actor.util.CausalityInterfaceForComposites._computeOutputPortDepth(CausalityInterfaceForComposites.java:765)
	at ptolemy.actor.util.CausalityInterfaceForComposites._computeInputDepth(CausalityInterfaceForComposites.java:696)
	at ptolemy.actor.util.CausalityInterfaceForComposites._computeOutputPortDepth(CausalityInterfaceForComposites.java:765)
	at ptolemy.actor.util.CausalityInterfaceForComposites._computeInputDepth(CausalityInterfaceForComposites.java:696)
	at ptolemy.actor.util.CausalityInterfaceForComposites._computeActorDepth(CausalityInterfaceForComposites.java:532)
	at ptolemy.actor.util.CausalityInterfaceForComposites.checkForCycles(CausalityInterfaceForComposites.java:96)
	at ptolemy.domains.de.kernel.DEDirector.preinitialize(DEDirector.java:1337)
	at ptolemy.actor.CompositeActor.preinitialize(CompositeActor.java:1828)
	at ptolemy.actor.Manager.preinitializeAndResolveTypes(Manager.java:1040)
	at ptolemy.actor.Manager.initialize(Manager.java:710)
	at ptolemy.actor.Manager.execute(Manager.java:356)
	at ptolemy.actor.Manager.run(Manager.java:1263)
	at ptolemy.actor.Manager$PtolemyRunThread.run(Manager.java:1915)
java.lang.reflect.InvocationTargetException
	at sun.reflect.NativeConstructorAccessorImpl.newInstance0(Native Method)
	at sun.reflect.NativeConstructorAccessorImpl.newInstance(NativeConstructorAccessorImpl.java:62)
	at sun.reflect.DelegatingConstructorAccessorImpl.newInstance(DelegatingConstructorAccessorImpl.java:45)
	at java.lang.reflect.Constructor.newInstance(Constructor.java:423)
	at ptolemy.util.test.junit.AutoKnownFailedTests.RunModel(AutoKnownFailedTests.java:107)
	at sun.reflect.NativeMethodAccessorImpl.invoke0(Native Method)
	at sun.reflect.NativeMethodAccessorImpl.invoke(NativeMethodAccessorImpl.java:62)
	at sun.reflect.DelegatingMethodAccessorImpl.invoke(DelegatingMethodAccessorImpl.java:43)
	at java.lang.reflect.Method.invoke(Method.java:498)
	at org.junit.runners.model.FrameworkMethod$1.runReflectiveCall(FrameworkMethod.java:44)
	at org.junit.internal.runners.model.ReflectiveCallable.run(ReflectiveCallable.java:15)
	at org.junit.runners.model.FrameworkMethod.invokeExplosively(FrameworkMethod.java:41)
	at junitparams.internal.InvokeParameterisedMethod.evaluate(InvokeParameterisedMethod.java:102)
	at org.junit.internal.runners.statements.FailOnTimeout$1.run(FailOnTimeout.java:28)
Caused by: ptolemy.kernel.util.IllegalActionException: Found a zero delay loop containing .HierarchicalModel.A
  in .HierarchicalModel and .HierarchicalModel.A
	at ptolemy.actor.util.CausalityInterfaceForComposites._computeOutputPortDepth(CausalityInterfaceForComposites.java:759)
	at ptolemy.actor.util.CausalityInterfaceForComposites._computeInputDepth(CausalityInterfaceForComposites.java:696)
	at ptolemy.actor.util.CausalityInterfaceForComposites._computeOutputPortDepth(CausalityInterfaceForComposites.java:765)
	at ptolemy.actor.util.CausalityInterfaceForComposites._computeInputDepth(CausalityInterfaceForComposites.java:696)
	at ptolemy.actor.util.CausalityInterfaceForComposites._computeOutputPortDepth(CausalityInterfaceForComposites.java:765)
	at ptolemy.actor.util.CausalityInterfaceForComposites._computeInputDepth(CausalityInterfaceForComposites.java:696)
	at ptolemy.actor.util.CausalityInterfaceForComposites._computeActorDepth(CausalityInterfaceForComposites.java:532)
	at ptolemy.actor.util.CausalityInterfaceForComposites.checkForCycles(CausalityInterfaceForComposites.java:96)
	at ptolemy.domains.de.kernel.DEDirector.preinitialize(DEDirector.java:1337)
	at ptolemy.actor.CompositeActor.preinitialize(CompositeActor.java:1828)
	at ptolemy.actor.Manager.preinitializeAndResolveTypes(Manager.java:1040)
	at ptolemy.actor.Manager.initialize(Manager.java:710)
	at ptolemy.actor.Manager.execute(Manager.java:356)
	at ptolemy.actor.Manager.run(Manager.java:1263)
	at ptolemy.actor.Manager$PtolemyRunThread.run(Manager.java:1915)
java.lang.RuntimeException: Execution failed
	at ptolemy.moml.MoMLSimpleApplication$UnloadThread.run(MoMLSimpleApplication.java:402)
Caused by: ptolemy.kernel.util.IllegalActionException: Found a zero delay loop containing .dependencyLoop.original
  in .dependencyLoop and .dependencyLoop.original
	at ptolemy.actor.util.CausalityInterfaceForComposites._computeOutputPortDepth(CausalityInterfaceForComposites.java:759)
	at ptolemy.actor.util.CausalityInterfaceForComposites._computeInputDepth(CausalityInterfaceForComposites.java:696)
	at ptolemy.actor.util.CausalityInterfaceForComposites._computeOutputPortDepth(CausalityInterfaceForComposites.java:765)
	at ptolemy.actor.util.CausalityInterfaceForComposites._computeInputDepth(CausalityInterfaceForComposites.java:696)
	at ptolemy.actor.util.CausalityInterfaceForComposites._computeOutputPortDepth(CausalityInterfaceForComposites.java:765)
	at ptolemy.actor.util.CausalityInterfaceForComposites._computeInputDepth(CausalityInterfaceForComposites.java:696)
	at ptolemy.actor.util.CausalityInterfaceForComposites._computeActorDepth(CausalityInterfaceForComposites.java:532)
	at ptolemy.actor.util.CausalityInterfaceForComposites.checkForCycles(CausalityInterfaceForComposites.java:96)
	at ptolemy.domains.de.kernel.DEDirector.preinitialize(DEDirector.java:1337)
	at ptolemy.actor.CompositeActor.preinitialize(CompositeActor.java:1828)
	at ptolemy.actor.Manager.preinitializeAndResolveTypes(Manager.java:1040)
	at ptolemy.actor.Manager.initialize(Manager.java:710)
	at ptolemy.actor.Manager.execute(Manager.java:356)
	at ptolemy.actor.Manager.run(Manager.java:1263)
	at ptolemy.actor.Manager$PtolemyRunThread.run(Manager.java:1915)
java.lang.reflect.InvocationTargetException
	at sun.reflect.NativeConstructorAccessorImpl.newInstance0(Native Method)
	at sun.reflect.NativeConstructorAccessorImpl.newInstance(NativeConstructorAccessorImpl.java:62)
	at sun.reflect.DelegatingConstructorAccessorImpl.newInstance(DelegatingConstructorAccessorImpl.java:45)
	at java.lang.reflect.Constructor.newInstance(Constructor.java:423)
	at ptolemy.util.test.junit.AutoKnownFailedTests.RunModel(AutoKnownFailedTests.java:107)
	at sun.reflect.NativeMethodAccessorImpl.invoke0(Native Method)
	at sun.reflect.NativeMethodAccessorImpl.invoke(NativeMethodAccessorImpl.java:62)
	at sun.reflect.DelegatingMethodAccessorImpl.invoke(DelegatingMethodAccessorImpl.java:43)
	at java.lang.reflect.Method.invoke(Method.java:498)
	at org.junit.runners.model.FrameworkMethod$1.runReflectiveCall(FrameworkMethod.java:44)
	at org.junit.internal.runners.model.ReflectiveCallable.run(ReflectiveCallable.java:15)
	at org.junit.runners.model.FrameworkMethod.invokeExplosively(FrameworkMethod.java:41)
	at junitparams.internal.InvokeParameterisedMethod.evaluate(InvokeParameterisedMethod.java:102)
	at org.junit.internal.runners.statements.FailOnTimeout$1.run(FailOnTimeout.java:28)
Caused by: ptolemy.kernel.util.IllegalActionException: Found a zero delay loop containing .dependencyLoop.original
  in .dependencyLoop and .dependencyLoop.original
	at ptolemy.actor.util.CausalityInterfaceForComposites._computeOutputPortDepth(CausalityInterfaceForComposites.java:759)
	at ptolemy.actor.util.CausalityInterfaceForComposites._computeInputDepth(CausalityInterfaceForComposites.java:696)
	at ptolemy.actor.util.CausalityInterfaceForComposites._computeOutputPortDepth(CausalityInterfaceForComposites.java:765)
	at ptolemy.actor.util.CausalityInterfaceForComposites._computeInputDepth(CausalityInterfaceForComposites.java:696)
	at ptolemy.actor.util.CausalityInterfaceForComposites._computeOutputPortDepth(CausalityInterfaceForComposites.java:765)
	at ptolemy.actor.util.CausalityInterfaceForComposites._computeInputDepth(CausalityInterfaceForComposites.java:696)
	at ptolemy.actor.util.CausalityInterfaceForComposites._computeActorDepth(CausalityInterfaceForComposites.java:532)
	at ptolemy.actor.util.CausalityInterfaceForComposites.checkForCycles(CausalityInterfaceForComposites.java:96)
	at ptolemy.domains.de.kernel.DEDirector.preinitialize(DEDirector.java:1337)
	at ptolemy.actor.CompositeActor.preinitialize(CompositeActor.java:1828)
	at ptolemy.actor.Manager.preinitializeAndResolveTypes(Manager.java:1040)
	at ptolemy.actor.Manager.initialize(Manager.java:710)
	at ptolemy.actor.Manager.execute(Manager.java:356)
	at ptolemy.actor.Manager.run(Manager.java:1263)
	at ptolemy.actor.Manager$PtolemyRunThread.run(Manager.java:1915)
java.lang.RuntimeException: Execution failed
	at ptolemy.moml.MoMLSimpleApplication$UnloadThread.run(MoMLSimpleApplication.java:402)
Caused by: ptolemy.kernel.util.IllegalActionException: Found a zero delay loop containing .dependencyLoop2.original
  in .dependencyLoop2 and .dependencyLoop2.original
	at ptolemy.actor.util.CausalityInterfaceForComposites._computeOutputPortDepth(CausalityInterfaceForComposites.java:759)
	at ptolemy.actor.util.CausalityInterfaceForComposites._computeInputDepth(CausalityInterfaceForComposites.java:696)
	at ptolemy.actor.util.CausalityInterfaceForComposites._computeOutputPortDepth(CausalityInterfaceForComposites.java:765)
	at ptolemy.actor.util.CausalityInterfaceForComposites._computeInputDepth(CausalityInterfaceForComposites.java:696)
	at ptolemy.actor.util.CausalityInterfaceForComposites._computeOutputPortDepth(CausalityInterfaceForComposites.java:765)
	at ptolemy.actor.util.CausalityInterfaceForComposites._computeInputDepth(CausalityInterfaceForComposites.java:696)
	at ptolemy.actor.util.CausalityInterfaceForComposites._computeActorDepth(CausalityInterfaceForComposites.java:532)
	at ptolemy.actor.util.CausalityInterfaceForComposites.checkForCycles(CausalityInterfaceForComposites.java:96)
	at ptolemy.domains.de.kernel.DEDirector.preinitialize(DEDirector.java:1337)
	at ptolemy.actor.CompositeActor.preinitialize(CompositeActor.java:1828)
	at ptolemy.actor.Manager.preinitializeAndResolveTypes(Manager.java:1040)
	at ptolemy.actor.Manager.initialize(Manager.java:710)
	at ptolemy.actor.Manager.execute(Manager.java:356)
	at ptolemy.actor.Manager.run(Manager.java:1263)
	at ptolemy.actor.Manager$PtolemyRunThread.run(Manager.java:1915)
java.lang.reflect.InvocationTargetException
	at sun.reflect.NativeConstructorAccessorImpl.newInstance0(Native Method)
	at sun.reflect.NativeConstructorAccessorImpl.newInstance(NativeConstructorAccessorImpl.java:62)
	at sun.reflect.DelegatingConstructorAccessorImpl.newInstance(DelegatingConstructorAccessorImpl.java:45)
	at java.lang.reflect.Constructor.newInstance(Constructor.java:423)
	at ptolemy.util.test.junit.AutoKnownFailedTests.RunModel(AutoKnownFailedTests.java:107)
	at sun.reflect.NativeMethodAccessorImpl.invoke0(Native Method)
	at sun.reflect.NativeMethodAccessorImpl.invoke(NativeMethodAccessorImpl.java:62)
	at sun.reflect.DelegatingMethodAccessorImpl.invoke(DelegatingMethodAccessorImpl.java:43)
	at java.lang.reflect.Method.invoke(Method.java:498)
	at org.junit.runners.model.FrameworkMethod$1.runReflectiveCall(FrameworkMethod.java:44)
	at org.junit.internal.runners.model.ReflectiveCallable.run(ReflectiveCallable.java:15)
	at org.junit.runners.model.FrameworkMethod.invokeExplosively(FrameworkMethod.java:41)
	at junitparams.internal.InvokeParameterisedMethod.evaluate(InvokeParameterisedMethod.java:102)
	at org.junit.internal.runners.statements.FailOnTimeout$1.run(FailOnTimeout.java:28)
Caused by: ptolemy.kernel.util.IllegalActionException: Found a zero delay loop containing .dependencyLoop2.original
  in .dependencyLoop2 and .dependencyLoop2.original
	at ptolemy.actor.util.CausalityInterfaceForComposites._computeOutputPortDepth(CausalityInterfaceForComposites.java:759)
	at ptolemy.actor.util.CausalityInterfaceForComposites._computeInputDepth(CausalityInterfaceForComposites.java:696)
	at ptolemy.actor.util.CausalityInterfaceForComposites._computeOutputPortDepth(CausalityInterfaceForComposites.java:765)
	at ptolemy.actor.util.CausalityInterfaceForComposites._computeInputDepth(CausalityInterfaceForComposites.java:696)
	at ptolemy.actor.util.CausalityInterfaceForComposites._computeOutputPortDepth(CausalityInterfaceForComposites.java:765)
	at ptolemy.actor.util.CausalityInterfaceForComposites._computeInputDepth(CausalityInterfaceForComposites.java:696)
	at ptolemy.actor.util.CausalityInterfaceForComposites._computeActorDepth(CausalityInterfaceForComposites.java:532)
	at ptolemy.actor.util.CausalityInterfaceForComposites.checkForCycles(CausalityInterfaceForComposites.java:96)
	at ptolemy.domains.de.kernel.DEDirector.preinitialize(DEDirector.java:1337)
	at ptolemy.actor.CompositeActor.preinitialize(CompositeActor.java:1828)
	at ptolemy.actor.Manager.preinitializeAndResolveTypes(Manager.java:1040)
	at ptolemy.actor.Manager.initialize(Manager.java:710)
	at ptolemy.actor.Manager.execute(Manager.java:356)
	at ptolemy.actor.Manager.run(Manager.java:1263)
	at ptolemy.actor.Manager$PtolemyRunThread.run(Manager.java:1915)
]]></system-err>
</testsuite>
