<?xml version="1.0" encoding="UTF-8" ?>
<testsuite errors="0" failures="0" hostname="travis-job-9e948ac1-b9de-42db-9a62-e06ab15766dd" name="ptolemy.domains.modal.test.junit.JUnitTclTest" skipped="0" tests="148" time="9.615" timestamp="2018-05-28T01:19:52">
  <properties>
[...]
</properties>
  <testcase classname="ptolemy.util.test.junit.TclTests" name="[0] /home/travis/build/icyphy/ptII/ptolemy/domains/modal/test/SystemLevelType.tcl (RunTclFile)" time="1.762" />
  <testcase classname="ptolemy.util.test.junit.AutoKnownFailedTests" name="[0] /home/travis/build/icyphy/ptII/ptolemy/domains/modal/test/auto/knownFailedTests/CannotAnalysisWithPreemption.xml (RunModel)" time="0.194" />
  <testcase classname="ptolemy.util.test.junit.AutoNameArchTests" name="[0] ThereAreNoAutoTests (RunModel)" time="0.009" />
  <testcase classname="ptolemy.util.test.junit.AutoTests" name="[0] /home/travis/build/icyphy/ptII/ptolemy/domains/modal/test/auto/ABPTest.xml (RunModel)" time="0.716" />
  <testcase classname="ptolemy.util.test.junit.AutoTests" name="[1] /home/travis/build/icyphy/ptII/ptolemy/domains/modal/test/auto/ABROFlat.xml (RunModel)" time="0.079" />
  <testcase classname="ptolemy.util.test.junit.AutoTests" name="[2] /home/travis/build/icyphy/ptII/ptolemy/domains/modal/test/auto/ABROFlat2.xml (RunModel)" time="0.078" />
  <testcase classname="ptolemy.util.test.junit.AutoTests" name="[3] /home/travis/build/icyphy/ptII/ptolemy/domains/modal/test/auto/ABRO_present_hmm.xml (RunModel)" time="0.156" />
  <testcase classname="ptolemy.util.test.junit.AutoTests" name="[4] /home/travis/build/icyphy/ptII/ptolemy/domains/modal/test/auto/AMICoderExample.xml (RunModel)" time="0.054" />
  <testcase classname="ptolemy.util.test.junit.AutoTests" name="[5] /home/travis/build/icyphy/ptII/ptolemy/domains/modal/test/auto/AbsentToPresent.xml (RunModel)" time="0.02" />
  <testcase classname="ptolemy.util.test.junit.AutoTests" name="[6] /home/travis/build/icyphy/ptII/ptolemy/domains/modal/test/auto/Blending.xml (RunModel)" time="0.214" />
  <testcase classname="ptolemy.util.test.junit.AutoTests" name="[7] /home/travis/build/icyphy/ptII/ptolemy/domains/modal/test/auto/Broadcast.xml (RunModel)" time="0.047" />
  <testcase classname="ptolemy.util.test.junit.AutoTests" name="[8] /home/travis/build/icyphy/ptII/ptolemy/domains/modal/test/auto/BroadcastHierarchy.xml (RunModel)" time="0.081" />
  <testcase classname="ptolemy.util.test.junit.AutoTests" name="[9] /home/travis/build/icyphy/ptII/ptolemy/domains/modal/test/auto/BroadcastHierarchy2.xml (RunModel)" time="0.13" />
  <testcase classname="ptolemy.util.test.junit.AutoTests" name="[10] /home/travis/build/icyphy/ptII/ptolemy/domains/modal/test/auto/BroadcastHierarchy3.xml (RunModel)" time="0.123" />
  <testcase classname="ptolemy.util.test.junit.AutoTests" name="[11] /home/travis/build/icyphy/ptII/ptolemy/domains/modal/test/auto/BroadcastHierarchy4.xml (RunModel)" time="0.096" />
  <testcase classname="ptolemy.util.test.junit.AutoTests" name="[12] /home/travis/build/icyphy/ptII/ptolemy/domains/modal/test/auto/CannotAnalysisWithPreemption2.xml (RunModel)" time="0.037" />
  <testcase classname="ptolemy.util.test.junit.AutoTests" name="[13] /home/travis/build/icyphy/ptII/ptolemy/domains/modal/test/auto/CannotAnalysisWithPreemption3.xml (RunModel)" time="0.064" />
  <testcase classname="ptolemy.util.test.junit.AutoTests" name="[14] /home/travis/build/icyphy/ptII/ptolemy/domains/modal/test/auto/CannotProduce.xml (RunModel)" time="0.038" />
  <testcase classname="ptolemy.util.test.junit.AutoTests" name="[15] /home/travis/build/icyphy/ptII/ptolemy/domains/modal/test/auto/CannotProduceModal.xml (RunModel)" time="0.029" />
  <testcase classname="ptolemy.util.test.junit.AutoTests" name="[16] /home/travis/build/icyphy/ptII/ptolemy/domains/modal/test/auto/Case.xml (RunModel)" time="0.072" />
  <testcase classname="ptolemy.util.test.junit.AutoTests" name="[17] /home/travis/build/icyphy/ptII/ptolemy/domains/modal/test/auto/Case1.xml (RunModel)" time="0.026" />
  <testcase classname="ptolemy.util.test.junit.AutoTests" name="[18] /home/travis/build/icyphy/ptII/ptolemy/domains/modal/test/auto/Case2.xml (RunModel)" time="0.059" />
  <testcase classname="ptolemy.util.test.junit.AutoTests" name="[19] /home/travis/build/icyphy/ptII/ptolemy/domains/modal/test/auto/CausalityInterface1.xml (RunModel)" time="0.034" />
  <testcase classname="ptolemy.util.test.junit.AutoTests" name="[20] /home/travis/build/icyphy/ptII/ptolemy/domains/modal/test/auto/CausalityInterface10.xml (RunModel)" time="0.049" />
  <testcase classname="ptolemy.util.test.junit.AutoTests" name="[21] /home/travis/build/icyphy/ptII/ptolemy/domains/modal/test/auto/CausalityInterface11.xml (RunModel)" time="0.06" />
  <testcase classname="ptolemy.util.test.junit.AutoTests" name="[22] /home/travis/build/icyphy/ptII/ptolemy/domains/modal/test/auto/CausalityInterface12.xml (RunModel)" time="0.056" />
  <testcase classname="ptolemy.util.test.junit.AutoTests" name="[23] /home/travis/build/icyphy/ptII/ptolemy/domains/modal/test/auto/CausalityInterface13.xml (RunModel)" time="0.057" />
  <testcase classname="ptolemy.util.test.junit.AutoTests" name="[24] /home/travis/build/icyphy/ptII/ptolemy/domains/modal/test/auto/CausalityInterface14.xml (RunModel)" time="0.048" />
  <testcase classname="ptolemy.util.test.junit.AutoTests" name="[25] /home/travis/build/icyphy/ptII/ptolemy/domains/modal/test/auto/CausalityInterface2.xml (RunModel)" time="0.031" />
  <testcase classname="ptolemy.util.test.junit.AutoTests" name="[26] /home/travis/build/icyphy/ptII/ptolemy/domains/modal/test/auto/CausalityInterface3.xml (RunModel)" time="0.044" />
  <testcase classname="ptolemy.util.test.junit.AutoTests" name="[27] /home/travis/build/icyphy/ptII/ptolemy/domains/modal/test/auto/CausalityInterface4.xml (RunModel)" time="0.033" />
  <testcase classname="ptolemy.util.test.junit.AutoTests" name="[28] /home/travis/build/icyphy/ptII/ptolemy/domains/modal/test/auto/CausalityInterface5.xml (RunModel)" time="0.029" />
  <testcase classname="ptolemy.util.test.junit.AutoTests" name="[29] /home/travis/build/icyphy/ptII/ptolemy/domains/modal/test/auto/CausalityInterface6.xml (RunModel)" time="0.032" />
  <testcase classname="ptolemy.util.test.junit.AutoTests" name="[30] /home/travis/build/icyphy/ptII/ptolemy/domains/modal/test/auto/CausalityInterface7.xml (RunModel)" time="0.036" />
  <testcase classname="ptolemy.util.test.junit.AutoTests" name="[31] /home/travis/build/icyphy/ptII/ptolemy/domains/modal/test/auto/CausalityInterface8.xml (RunModel)" time="0.052" />
  <testcase classname="ptolemy.util.test.junit.AutoTests" name="[32] /home/travis/build/icyphy/ptII/ptolemy/domains/modal/test/auto/CausalityInterface9.xml (RunModel)" time="0.039" />
  <testcase classname="ptolemy.util.test.junit.AutoTests" name="[33] /home/travis/build/icyphy/ptII/ptolemy/domains/modal/test/auto/ChainedTransitions.xml (RunModel)" time="0.092" />
  <testcase classname="ptolemy.util.test.junit.AutoTests" name="[34] /home/travis/build/icyphy/ptII/ptolemy/domains/modal/test/auto/CycleOfImmediateTransitionsFSM.xml (RunModel)" time="0.019" />
  <testcase classname="ptolemy.util.test.junit.AutoTests" name="[35] /home/travis/build/icyphy/ptII/ptolemy/domains/modal/test/auto/CycleOfImmediateTransitionsModal.xml (RunModel)" time="0.026" />
  <testcase classname="ptolemy.util.test.junit.AutoTests" name="[36] /home/travis/build/icyphy/ptII/ptolemy/domains/modal/test/auto/CycleOfImmediateTransitionsModal2.xml (RunModel)" time="0.02" />
  <testcase classname="ptolemy.util.test.junit.AutoTests" name="[37] /home/travis/build/icyphy/ptII/ptolemy/domains/modal/test/auto/CycleOfImmediateTransitionsModal3.xml (RunModel)" time="0.06" />
  <testcase classname="ptolemy.util.test.junit.AutoTests" name="[38] /home/travis/build/icyphy/ptII/ptolemy/domains/modal/test/auto/DeepModal1.xml (RunModel)" time="0.044" />
  <testcase classname="ptolemy.util.test.junit.AutoTests" name="[39] /home/travis/build/icyphy/ptII/ptolemy/domains/modal/test/auto/DeepModal2.xml (RunModel)" time="0.061" />
  <testcase classname="ptolemy.util.test.junit.AutoTests" name="[40] /home/travis/build/icyphy/ptII/ptolemy/domains/modal/test/auto/DeepModal3.xml (RunModel)" time="0.063" />
  <testcase classname="ptolemy.util.test.junit.AutoTests" name="[41] /home/travis/build/icyphy/ptII/ptolemy/domains/modal/test/auto/DeepModal4.xml (RunModel)" time="0.077" />
  <testcase classname="ptolemy.util.test.junit.AutoTests" name="[42] /home/travis/build/icyphy/ptII/ptolemy/domains/modal/test/auto/Default1.xml (RunModel)" time="0.033" />
  <testcase classname="ptolemy.util.test.junit.AutoTests" name="[43] /home/travis/build/icyphy/ptII/ptolemy/domains/modal/test/auto/Default2.xml (RunModel)" time="0.02" />
  <testcase classname="ptolemy.util.test.junit.AutoTests" name="[44] /home/travis/build/icyphy/ptII/ptolemy/domains/modal/test/auto/Default3.xml (RunModel)" time="0.02" />
  <testcase classname="ptolemy.util.test.junit.AutoTests" name="[45] /home/travis/build/icyphy/ptII/ptolemy/domains/modal/test/auto/Default4.xml (RunModel)" time="0.023" />
  <testcase classname="ptolemy.util.test.junit.AutoTests" name="[46] /home/travis/build/icyphy/ptII/ptolemy/domains/modal/test/auto/Default5.xml (RunModel)" time="0.047" />
  <testcase classname="ptolemy.util.test.junit.AutoTests" name="[47] /home/travis/build/icyphy/ptII/ptolemy/domains/modal/test/auto/EmptyGuard.xml (RunModel)" time="0.038" />
  <testcase classname="ptolemy.util.test.junit.AutoTests" name="[48] /home/travis/build/icyphy/ptII/ptolemy/domains/modal/test/auto/ErrorTransition1.xml (RunModel)" time="0.032" />
  <testcase classname="ptolemy.util.test.junit.AutoTests" name="[49] /home/travis/build/icyphy/ptII/ptolemy/domains/modal/test/auto/ErrorTransition10.xml (RunModel)" time="0.036" />
  <testcase classname="ptolemy.util.test.junit.AutoTests" name="[50] /home/travis/build/icyphy/ptII/ptolemy/domains/modal/test/auto/ErrorTransition11.xml (RunModel)" time="0.031" />
  <testcase classname="ptolemy.util.test.junit.AutoTests" name="[51] /home/travis/build/icyphy/ptII/ptolemy/domains/modal/test/auto/ErrorTransition2.xml (RunModel)" time="0.026" />
  <testcase classname="ptolemy.util.test.junit.AutoTests" name="[52] /home/travis/build/icyphy/ptII/ptolemy/domains/modal/test/auto/ErrorTransition3.xml (RunModel)" time="0.033" />
  <testcase classname="ptolemy.util.test.junit.AutoTests" name="[53] /home/travis/build/icyphy/ptII/ptolemy/domains/modal/test/auto/ErrorTransition4.xml (RunModel)" time="0.039" />
  <testcase classname="ptolemy.util.test.junit.AutoTests" name="[54] /home/travis/build/icyphy/ptII/ptolemy/domains/modal/test/auto/ErrorTransition5.xml (RunModel)" time="0.028" />
  <testcase classname="ptolemy.util.test.junit.AutoTests" name="[55] /home/travis/build/icyphy/ptII/ptolemy/domains/modal/test/auto/ErrorTransition6.xml (RunModel)" time="0.029" />
  <testcase classname="ptolemy.util.test.junit.AutoTests" name="[56] /home/travis/build/icyphy/ptII/ptolemy/domains/modal/test/auto/ErrorTransition7.xml (RunModel)" time="0.04" />
  <testcase classname="ptolemy.util.test.junit.AutoTests" name="[57] /home/travis/build/icyphy/ptII/ptolemy/domains/modal/test/auto/ErrorTransition8.xml (RunModel)" time="0.082" />
  <testcase classname="ptolemy.util.test.junit.AutoTests" name="[58] /home/travis/build/icyphy/ptII/ptolemy/domains/modal/test/auto/ErrorTransition9.xml (RunModel)" time="0.044" />
  <testcase classname="ptolemy.util.test.junit.AutoTests" name="[59] /home/travis/build/icyphy/ptII/ptolemy/domains/modal/test/auto/ExtendedFSM.xml (RunModel)" time="0.023" />
  <testcase classname="ptolemy.util.test.junit.AutoTests" name="[60] /home/travis/build/icyphy/ptII/ptolemy/domains/modal/test/auto/FinalStates.xml (RunModel)" time="0.019" />
  <testcase classname="ptolemy.util.test.junit.AutoTests" name="[61] /home/travis/build/icyphy/ptII/ptolemy/domains/modal/test/auto/FixedPointFSM.xml (RunModel)" time="0.031" />
  <testcase classname="ptolemy.util.test.junit.AutoTests" name="[62] /home/travis/build/icyphy/ptII/ptolemy/domains/modal/test/auto/FixedPointIterationFSMActor.xml (RunModel)" time="0.022" />
  <testcase classname="ptolemy.util.test.junit.AutoTests" name="[63] /home/travis/build/icyphy/ptII/ptolemy/domains/modal/test/auto/FixedPointIterationFSMActor2.xml (RunModel)" time="0.024" />
  <testcase classname="ptolemy.util.test.junit.AutoTests" name="[64] /home/travis/build/icyphy/ptII/ptolemy/domains/modal/test/auto/ForbiddenInstantanousLoop.xml (RunModel)" time="0.025" />
  <testcase classname="ptolemy.util.test.junit.AutoTests" name="[65] /home/travis/build/icyphy/ptII/ptolemy/domains/modal/test/auto/FunctionDependencyOfFSMActorTest.xml (RunModel)" time="0.018" />
  <testcase classname="ptolemy.util.test.junit.AutoTests" name="[66] /home/travis/build/icyphy/ptII/ptolemy/domains/modal/test/auto/GuardExpression.xml (RunModel)" time="0.017" />
  <testcase classname="ptolemy.util.test.junit.AutoTests" name="[67] /home/travis/build/icyphy/ptII/ptolemy/domains/modal/test/auto/GuardNotEvaluated.xml (RunModel)" time="0.026" />
  <testcase classname="ptolemy.util.test.junit.AutoTests" name="[68] /home/travis/build/icyphy/ptII/ptolemy/domains/modal/test/auto/GuardNotEvaluated2.xml (RunModel)" time="0.026" />
  <testcase classname="ptolemy.util.test.junit.AutoTests" name="[69] /home/travis/build/icyphy/ptII/ptolemy/domains/modal/test/auto/GuardOnAbsent.xml (RunModel)" time="0.026" />
  <testcase classname="ptolemy.util.test.junit.AutoTests" name="[70] /home/travis/build/icyphy/ptII/ptolemy/domains/modal/test/auto/HierarchicalFSMTypeInference.xml (RunModel)" time="0.023" />
  <testcase classname="ptolemy.util.test.junit.AutoTests" name="[71] /home/travis/build/icyphy/ptII/ptolemy/domains/modal/test/auto/Hysteresis.xml (RunModel)" time="0.035" />
  <testcase classname="ptolemy.util.test.junit.AutoTests" name="[72] /home/travis/build/icyphy/ptII/ptolemy/domains/modal/test/auto/HysteresisWithDefault.xml (RunModel)" time="0.057" />
  <testcase classname="ptolemy.util.test.junit.AutoTests" name="[73] /home/travis/build/icyphy/ptII/ptolemy/domains/modal/test/auto/HysteresisWithDefault2.xml (RunModel)" time="0.061" />
  <testcase classname="ptolemy.util.test.junit.AutoTests" name="[74] /home/travis/build/icyphy/ptII/ptolemy/domains/modal/test/auto/ImmediateNonConstructiveness.xml (RunModel)" time="0.017" />
  <testcase classname="ptolemy.util.test.junit.AutoTests" name="[75] /home/travis/build/icyphy/ptII/ptolemy/domains/modal/test/auto/ImmediateNonConstructiveness2.xml (RunModel)" time="0.018" />
  <testcase classname="ptolemy.util.test.junit.AutoTests" name="[76] /home/travis/build/icyphy/ptII/ptolemy/domains/modal/test/auto/ImmediateTransitionReset.xml (RunModel)" time="0.03" />
  <testcase classname="ptolemy.util.test.junit.AutoTests" name="[77] /home/travis/build/icyphy/ptII/ptolemy/domains/modal/test/auto/ImmediateTransitions1.xml (RunModel)" time="0.011" />
  <testcase classname="ptolemy.util.test.junit.AutoTests" name="[78] /home/travis/build/icyphy/ptII/ptolemy/domains/modal/test/auto/ImmediateTransitionsInstantaneousCommunication.xml (RunModel)" time="0.027" />
  <testcase classname="ptolemy.util.test.junit.AutoTests" name="[79] /home/travis/build/icyphy/ptII/ptolemy/domains/modal/test/auto/InitialImmediateTransition.xml (RunModel)" time="0.014" />
  <testcase classname="ptolemy.util.test.junit.AutoTests" name="[80] /home/travis/build/icyphy/ptII/ptolemy/domains/modal/test/auto/InitialOutputs.xml (RunModel)" time="0.014" />
  <testcase classname="ptolemy.util.test.junit.AutoTests" name="[81] /home/travis/build/icyphy/ptII/ptolemy/domains/modal/test/auto/InitialStateTransition1.xml (RunModel)" time="0.018" />
  <testcase classname="ptolemy.util.test.junit.AutoTests" name="[82] /home/travis/build/icyphy/ptII/ptolemy/domains/modal/test/auto/InitialStateTransition2.xml (RunModel)" time="0.022" />
  <testcase classname="ptolemy.util.test.junit.AutoTests" name="[83] /home/travis/build/icyphy/ptII/ptolemy/domains/modal/test/auto/InitialStateTransition3.xml (RunModel)" time="0.019" />
  <testcase classname="ptolemy.util.test.junit.AutoTests" name="[84] /home/travis/build/icyphy/ptII/ptolemy/domains/modal/test/auto/InitialStateTransition4.xml (RunModel)" time="0.024" />
  <testcase classname="ptolemy.util.test.junit.AutoTests" name="[85] /home/travis/build/icyphy/ptII/ptolemy/domains/modal/test/auto/MalformedGuardExpressionNotCaught.xml (RunModel)" time="0.02" />
  <testcase classname="ptolemy.util.test.junit.AutoTests" name="[86] /home/travis/build/icyphy/ptII/ptolemy/domains/modal/test/auto/ModalBSC.xml (RunModel)" time="0.067" />
  <testcase classname="ptolemy.util.test.junit.AutoTests" name="[87] /home/travis/build/icyphy/ptII/ptolemy/domains/modal/test/auto/ModalClocks.xml (RunModel)" time="0.056" />
  <testcase classname="ptolemy.util.test.junit.AutoTests" name="[88] /home/travis/build/icyphy/ptII/ptolemy/domains/modal/test/auto/ModalDelay.xml (RunModel)" time="0.043" />
  <testcase classname="ptolemy.util.test.junit.AutoTests" name="[89] /home/travis/build/icyphy/ptII/ptolemy/domains/modal/test/auto/ModalDelay2.xml (RunModel)" time="0.034" />
  <testcase classname="ptolemy.util.test.junit.AutoTests" name="[90] /home/travis/build/icyphy/ptII/ptolemy/domains/modal/test/auto/ModalModelFromMemo.xml (RunModel)" time="0.061" />
  <testcase classname="ptolemy.util.test.junit.AutoTests" name="[91] /home/travis/build/icyphy/ptII/ptolemy/domains/modal/test/auto/ModalModelWithMultirateTransient.xml (RunModel)" time="0.043" />
  <testcase classname="ptolemy.util.test.junit.AutoTests" name="[92] /home/travis/build/icyphy/ptII/ptolemy/domains/modal/test/auto/ModalModelWithReset.xml (RunModel)" time="0.042" />
  <testcase classname="ptolemy.util.test.junit.AutoTests" name="[93] /home/travis/build/icyphy/ptII/ptolemy/domains/modal/test/auto/MouseClickFSM.xml (RunModel)" time="0.042" />
  <testcase classname="ptolemy.util.test.junit.AutoTests" name="[94] /home/travis/build/icyphy/ptII/ptolemy/domains/modal/test/auto/MouseClickFSMModal.xml (RunModel)" time="0.031" />
  <testcase classname="ptolemy.util.test.junit.AutoTests" name="[95] /home/travis/build/icyphy/ptII/ptolemy/domains/modal/test/auto/NonStrictFSM_FeedbackLoop.xml (RunModel)" time="0.045" />
  <testcase classname="ptolemy.util.test.junit.AutoTests" name="[96] /home/travis/build/icyphy/ptII/ptolemy/domains/modal/test/auto/NonStrictFSM_FeedbackLoop_Refinement.xml (RunModel)" time="0.071" />
  <testcase classname="ptolemy.util.test.junit.AutoTests" name="[97] /home/travis/build/icyphy/ptII/ptolemy/domains/modal/test/auto/NonStrictFSM_FeedbackLoop_preemptive.xml (RunModel)" time="0.041" />
  <testcase classname="ptolemy.util.test.junit.AutoTests" name="[98] /home/travis/build/icyphy/ptII/ptolemy/domains/modal/test/auto/NormalTermination.xml (RunModel)" time="0.049" />
  <testcase classname="ptolemy.util.test.junit.AutoTests" name="[99] /home/travis/build/icyphy/ptII/ptolemy/domains/modal/test/auto/Pong.xml (RunModel)" time="0.055" />
  <testcase classname="ptolemy.util.test.junit.AutoTests" name="[100] /home/travis/build/icyphy/ptII/ptolemy/domains/modal/test/auto/Pong_test.xml (RunModel)" time="0.095" />
  <testcase classname="ptolemy.util.test.junit.AutoTests" name="[101] /home/travis/build/icyphy/ptII/ptolemy/domains/modal/test/auto/PreemptionHierarchy.xml (RunModel)" time="0.023" />
  <testcase classname="ptolemy.util.test.junit.AutoTests" name="[102] /home/travis/build/icyphy/ptII/ptolemy/domains/modal/test/auto/PreemptionHierarchy2.xml (RunModel)" time="0.027" />
  <testcase classname="ptolemy.util.test.junit.AutoTests" name="[103] /home/travis/build/icyphy/ptII/ptolemy/domains/modal/test/auto/PreemptiveTransition.xml (RunModel)" time="0.02" />
  <testcase classname="ptolemy.util.test.junit.AutoTests" name="[104] /home/travis/build/icyphy/ptII/ptolemy/domains/modal/test/auto/Priorities.xml (RunModel)" time="0.071" />
  <testcase classname="ptolemy.util.test.junit.AutoTests" name="[105] /home/travis/build/icyphy/ptII/ptolemy/domains/modal/test/auto/ResetFinal.xml (RunModel)" time="0.038" />
  <testcase classname="ptolemy.util.test.junit.AutoTests" name="[106] /home/travis/build/icyphy/ptII/ptolemy/domains/modal/test/auto/ResetFinal2.xml (RunModel)" time="0.026" />
  <testcase classname="ptolemy.util.test.junit.AutoTests" name="[107] /home/travis/build/icyphy/ptII/ptolemy/domains/modal/test/auto/ResetTransitionWithStartTime.xml (RunModel)" time="0.025" />
  <testcase classname="ptolemy.util.test.junit.AutoTests" name="[108] /home/travis/build/icyphy/ptII/ptolemy/domains/modal/test/auto/SDF-FSMComposite.xml (RunModel)" time="0.022" />
  <testcase classname="ptolemy.util.test.junit.AutoTests" name="[109] /home/travis/build/icyphy/ptII/ptolemy/domains/modal/test/auto/SeeminglyNondeterminate.xml (RunModel)" time="0.061" />
  <testcase classname="ptolemy.util.test.junit.AutoTests" name="[110] /home/travis/build/icyphy/ptII/ptolemy/domains/modal/test/auto/SeeminglyNondeterminate2.xml (RunModel)" time="0.06" />
  <testcase classname="ptolemy.util.test.junit.AutoTests" name="[111] /home/travis/build/icyphy/ptII/ptolemy/domains/modal/test/auto/SpontaneousFSM.xml (RunModel)" time="0.044" />
  <testcase classname="ptolemy.util.test.junit.AutoTests" name="[112] /home/travis/build/icyphy/ptII/ptolemy/domains/modal/test/auto/SpontaneousFSM2.xml (RunModel)" time="0.03" />
  <testcase classname="ptolemy.util.test.junit.AutoTests" name="[113] /home/travis/build/icyphy/ptII/ptolemy/domains/modal/test/auto/SpontaneousFSM3.xml (RunModel)" time="0.038" />
  <testcase classname="ptolemy.util.test.junit.AutoTests" name="[114] /home/travis/build/icyphy/ptII/ptolemy/domains/modal/test/auto/SpontaneousFSM4.xml (RunModel)" time="0.043" />
  <testcase classname="ptolemy.util.test.junit.AutoTests" name="[115] /home/travis/build/icyphy/ptII/ptolemy/domains/modal/test/auto/StateTrackerTest.xml (RunModel)" time="0.052" />
  <testcase classname="ptolemy.util.test.junit.AutoTests" name="[116] /home/travis/build/icyphy/ptII/ptolemy/domains/modal/test/auto/StrongImmediateTransition.xml (RunModel)" time="0.029" />
  <testcase classname="ptolemy.util.test.junit.AutoTests" name="[117] /home/travis/build/icyphy/ptII/ptolemy/domains/modal/test/auto/SustainHierarchy.xml (RunModel)" time="0.029" />
  <testcase classname="ptolemy.util.test.junit.AutoTests" name="[118] /home/travis/build/icyphy/ptII/ptolemy/domains/modal/test/auto/TerminationTransition1.xml (RunModel)" time="0.02" />
  <testcase classname="ptolemy.util.test.junit.AutoTests" name="[119] /home/travis/build/icyphy/ptII/ptolemy/domains/modal/test/auto/TerminationTransition2.xml (RunModel)" time="0.024" />
  <testcase classname="ptolemy.util.test.junit.AutoTests" name="[120] /home/travis/build/icyphy/ptII/ptolemy/domains/modal/test/auto/TerminationTransition3.xml (RunModel)" time="0.028" />
  <testcase classname="ptolemy.util.test.junit.AutoTests" name="[121] /home/travis/build/icyphy/ptII/ptolemy/domains/modal/test/auto/TerminationTransition4.xml (RunModel)" time="0.03" />
  <testcase classname="ptolemy.util.test.junit.AutoTests" name="[122] /home/travis/build/icyphy/ptII/ptolemy/domains/modal/test/auto/TerminationTransition5.xml (RunModel)" time="0.031" />
  <testcase classname="ptolemy.util.test.junit.AutoTests" name="[123] /home/travis/build/icyphy/ptII/ptolemy/domains/modal/test/auto/TerminationTransition6.xml (RunModel)" time="0.019" />
  <testcase classname="ptolemy.util.test.junit.AutoTests" name="[124] /home/travis/build/icyphy/ptII/ptolemy/domains/modal/test/auto/TerminationTransition7.xml (RunModel)" time="0.02" />
  <testcase classname="ptolemy.util.test.junit.AutoTests" name="[125] /home/travis/build/icyphy/ptII/ptolemy/domains/modal/test/auto/TerminationTransition8.xml (RunModel)" time="0.021" />
  <testcase classname="ptolemy.util.test.junit.AutoTests" name="[126] /home/travis/build/icyphy/ptII/ptolemy/domains/modal/test/auto/Thermostat_NoHysteresis.xml (RunModel)" time="0.049" />
  <testcase classname="ptolemy.util.test.junit.AutoTests" name="[127] /home/travis/build/icyphy/ptII/ptolemy/domains/modal/test/auto/TimedFSM.xml (RunModel)" time="0.03" />
  <testcase classname="ptolemy.util.test.junit.AutoTests" name="[128] /home/travis/build/icyphy/ptII/ptolemy/domains/modal/test/auto/Timeout1.xml (RunModel)" time="0.013" />
  <testcase classname="ptolemy.util.test.junit.AutoTests" name="[129] /home/travis/build/icyphy/ptII/ptolemy/domains/modal/test/auto/Timeout2.xml (RunModel)" time="0.02" />
  <testcase classname="ptolemy.util.test.junit.AutoTests" name="[130] /home/travis/build/icyphy/ptII/ptolemy/domains/modal/test/auto/Timeout3.xml (RunModel)" time="0.011" />
  <testcase classname="ptolemy.util.test.junit.AutoTests" name="[131] /home/travis/build/icyphy/ptII/ptolemy/domains/modal/test/auto/Timeout4.xml (RunModel)" time="0.016" />
  <testcase classname="ptolemy.util.test.junit.AutoTests" name="[132] /home/travis/build/icyphy/ptII/ptolemy/domains/modal/test/auto/TransientstateModelAdvanced.xml (RunModel)" time="0.027" />
  <testcase classname="ptolemy.util.test.junit.AutoTests" name="[133] /home/travis/build/icyphy/ptII/ptolemy/domains/modal/test/auto/TransientstateModelAdvanced2.xml (RunModel)" time="0.028" />
  <testcase classname="ptolemy.util.test.junit.AutoTests" name="[134] /home/travis/build/icyphy/ptII/ptolemy/domains/modal/test/auto/TransitionRefinements.xml (RunModel)" time="0.023" />
  <testcase classname="ptolemy.util.test.junit.AutoTests" name="[135] /home/travis/build/icyphy/ptII/ptolemy/domains/modal/test/auto/TwoRefinements1.xml (RunModel)" time="0.023" />
  <testcase classname="ptolemy.util.test.junit.AutoTests" name="[136] /home/travis/build/icyphy/ptII/ptolemy/domains/modal/test/auto/TwoRefinements2.xml (RunModel)" time="0.031" />
  <testcase classname="ptolemy.util.test.junit.AutoTests" name="[137] /home/travis/build/icyphy/ptII/ptolemy/domains/modal/test/auto/WeakImmediateTransition.xml (RunModel)" time="0.026" />
  <testcase classname="ptolemy.util.test.junit.AutoTests" name="[138] /home/travis/build/icyphy/ptII/ptolemy/domains/modal/test/auto/booleanSelect.xml (RunModel)" time="0.084" />
  <testcase classname="ptolemy.util.test.junit.AutoTests" name="[139] /home/travis/build/icyphy/ptII/ptolemy/domains/modal/test/auto/modalChangingParams.xml (RunModel)" time="0.231" />
  <testcase classname="ptolemy.util.test.junit.AutoTests" name="[140] /home/travis/build/icyphy/ptII/ptolemy/domains/modal/test/auto/modalModel.xml (RunModel)" time="0.018" />
  <testcase classname="ptolemy.util.test.junit.AutoTests" name="[141] /home/travis/build/icyphy/ptII/ptolemy/domains/modal/test/auto/modalModel2.xml (RunModel)" time="0.022" />
  <testcase classname="ptolemy.util.test.junit.AutoTests" name="[142] /home/travis/build/icyphy/ptII/ptolemy/domains/modal/test/auto/modalModel3.xml (RunModel)" time="0.04" />
  <testcase classname="ptolemy.util.test.junit.AutoTests" name="[143] /home/travis/build/icyphy/ptII/ptolemy/domains/modal/test/auto/model1.xml (RunModel)" time="0.018" />
  <testcase classname="ptolemy.util.test.junit.AutoTests" name="[144] /home/travis/build/icyphy/ptII/ptolemy/domains/modal/test/auto/test-direct-in-out.xml (RunModel)" time="0.02" />
  <system-out><![CDATA[/home/travis/build/icyphy/ptII/ptolemy/domains/modal/test/SystemLevelType.tcl
testDefs.tcl: setting time out to 9000 seconds at Mon May 28 01:19:52 UTC 2018
05/28/18 01:19:53
Failed: 0  Total Tests: 1  ((Passed: 1, Newly Passed: 0)  Known Failed: 0) /home/travis/build/icyphy/ptII/ptolemy/domains/modal/test
----------------- testing (KnownFailure) /home/travis/build/icyphy/ptII/ptolemy/domains/modal/test/auto/knownFailedTests/CannotAnalysisWithPreemption.xml
61 ms. Memory: 208384K Free: 188383K (90%)
Known Failure: java.lang.reflect.InvocationTargetException
No auto/*.xml tests in /home/travis/build/icyphy/ptII/ptolemy/domains/modal/test
AutoTests.java: About to close Vertx.
AutoTests.java: Vertx closed.
----------------- testing Mon May 28 01:19:54 UTC 2018 /home/travis/build/icyphy/ptII/ptolemy/domains/modal/test/auto/ABPTest.xml
----------------- Instantiating /home/travis/build/icyphy/ptII/ptolemy/domains/modal/test/auto/ABPTest.xml
357 ms. Memory: 332288K Free: 291616K (88%)
----------------- Invoking toplevel() on ptolemy.moml.MoMLSimpleApplication@26ed8bd9
----------------- Done invoking toplevel() on ptolemy.moml.MoMLSimpleApplication@26ed8bd9
reloadAllAccessors: .ABPTest
----------------- testing Mon May 28 01:19:55 UTC 2018 /home/travis/build/icyphy/ptII/ptolemy/domains/modal/test/auto/ABROFlat.xml
----------------- Instantiating /home/travis/build/icyphy/ptII/ptolemy/domains/modal/test/auto/ABROFlat.xml
22 ms. Memory: 332288K Free: 269430K (81%)
----------------- Invoking toplevel() on ptolemy.moml.MoMLSimpleApplication@f17b913
----------------- Done invoking toplevel() on ptolemy.moml.MoMLSimpleApplication@f17b913
reloadAllAccessors: .ABROFlat
----------------- testing Mon May 28 01:19:55 UTC 2018 /home/travis/build/icyphy/ptII/ptolemy/domains/modal/test/auto/ABROFlat2.xml
----------------- Instantiating /home/travis/build/icyphy/ptII/ptolemy/domains/modal/test/auto/ABROFlat2.xml
19 ms. Memory: 332288K Free: 251455K (76%)
----------------- Invoking toplevel() on ptolemy.moml.MoMLSimpleApplication@2b25d90
----------------- Done invoking toplevel() on ptolemy.moml.MoMLSimpleApplication@2b25d90
reloadAllAccessors: .ABROFlat2
----------------- testing Mon May 28 01:19:55 UTC 2018 /home/travis/build/icyphy/ptII/ptolemy/domains/modal/test/auto/ABRO_present_hmm.xml
----------------- Instantiating /home/travis/build/icyphy/ptII/ptolemy/domains/modal/test/auto/ABRO_present_hmm.xml
36 ms. Memory: 332288K Free: 218723K (66%)
----------------- Invoking toplevel() on ptolemy.moml.MoMLSimpleApplication@7e49dde
----------------- Done invoking toplevel() on ptolemy.moml.MoMLSimpleApplication@7e49dde
reloadAllAccessors: .ABRO_present_hmm
----------------- testing Mon May 28 01:19:55 UTC 2018 /home/travis/build/icyphy/ptII/ptolemy/domains/modal/test/auto/AMICoderExample.xml
----------------- Instantiating /home/travis/build/icyphy/ptII/ptolemy/domains/modal/test/auto/AMICoderExample.xml
19 ms. Memory: 332288K Free: 207293K (62%)
----------------- Invoking toplevel() on ptolemy.moml.MoMLSimpleApplication@4e22edb9
----------------- Done invoking toplevel() on ptolemy.moml.MoMLSimpleApplication@4e22edb9
reloadAllAccessors: .AMICoderExample
----------------- testing Mon May 28 01:19:55 UTC 2018 /home/travis/build/icyphy/ptII/ptolemy/domains/modal/test/auto/AbsentToPresent.xml
----------------- Instantiating /home/travis/build/icyphy/ptII/ptolemy/domains/modal/test/auto/AbsentToPresent.xml
5 ms. Memory: 332288K Free: 197314K (59%)
----------------- Invoking toplevel() on ptolemy.moml.MoMLSimpleApplication@4d98c53f
----------------- Done invoking toplevel() on ptolemy.moml.MoMLSimpleApplication@4d98c53f
reloadAllAccessors: .AbsentToPresent
----------------- testing Mon May 28 01:19:55 UTC 2018 /home/travis/build/icyphy/ptII/ptolemy/domains/modal/test/auto/Blending.xml
----------------- Instantiating /home/travis/build/icyphy/ptII/ptolemy/domains/modal/test/auto/Blending.xml
112 ms. Memory: 332288K Free: 146552K (44%)
----------------- Invoking toplevel() on ptolemy.moml.MoMLSimpleApplication@2514ed5b
----------------- Done invoking toplevel() on ptolemy.moml.MoMLSimpleApplication@2514ed5b
reloadAllAccessors: .Blending
----------------- testing Mon May 28 01:19:55 UTC 2018 /home/travis/build/icyphy/ptII/ptolemy/domains/modal/test/auto/Broadcast.xml
----------------- Instantiating /home/travis/build/icyphy/ptII/ptolemy/domains/modal/test/auto/Broadcast.xml
10 ms. Memory: 332288K Free: 133462K (40%)
----------------- Invoking toplevel() on ptolemy.moml.MoMLSimpleApplication@6697ab14
----------------- Done invoking toplevel() on ptolemy.moml.MoMLSimpleApplication@6697ab14
reloadAllAccessors: .Broadcast
----------------- testing Mon May 28 01:19:55 UTC 2018 /home/travis/build/icyphy/ptII/ptolemy/domains/modal/test/auto/BroadcastHierarchy.xml
----------------- Instantiating /home/travis/build/icyphy/ptII/ptolemy/domains/modal/test/auto/BroadcastHierarchy.xml
18 ms. Memory: 332288K Free: 115511K (35%)
----------------- Invoking toplevel() on ptolemy.moml.MoMLSimpleApplication@37303359
----------------- Done invoking toplevel() on ptolemy.moml.MoMLSimpleApplication@37303359
reloadAllAccessors: .BroadcastHierarchy
----------------- testing Mon May 28 01:19:55 UTC 2018 /home/travis/build/icyphy/ptII/ptolemy/domains/modal/test/auto/BroadcastHierarchy2.xml
----------------- Instantiating /home/travis/build/icyphy/ptII/ptolemy/domains/modal/test/auto/BroadcastHierarchy2.xml
21 ms. Memory: 332288K Free: 79586K (24%)
----------------- Invoking toplevel() on ptolemy.moml.MoMLSimpleApplication@786356de
----------------- Done invoking toplevel() on ptolemy.moml.MoMLSimpleApplication@786356de
reloadAllAccessors: .BroadcastHierarchy2
----------------- testing Mon May 28 01:19:56 UTC 2018 /home/travis/build/icyphy/ptII/ptolemy/domains/modal/test/auto/BroadcastHierarchy3.xml
----------------- Instantiating /home/travis/build/icyphy/ptII/ptolemy/domains/modal/test/auto/BroadcastHierarchy3.xml
22 ms. Memory: 333824K Free: 297375K (89%)
----------------- Invoking toplevel() on ptolemy.moml.MoMLSimpleApplication@787ce3fb
----------------- Done invoking toplevel() on ptolemy.moml.MoMLSimpleApplication@787ce3fb
reloadAllAccessors: .BroadcastHierarchy3
----------------- testing Mon May 28 01:19:56 UTC 2018 /home/travis/build/icyphy/ptII/ptolemy/domains/modal/test/auto/BroadcastHierarchy4.xml
----------------- Instantiating /home/travis/build/icyphy/ptII/ptolemy/domains/modal/test/auto/BroadcastHierarchy4.xml
17 ms. Memory: 333824K Free: 262417K (79%)
----------------- Invoking toplevel() on ptolemy.moml.MoMLSimpleApplication@70772f96
----------------- Done invoking toplevel() on ptolemy.moml.MoMLSimpleApplication@70772f96
reloadAllAccessors: .BroadcastHierarchy4
----------------- testing Mon May 28 01:19:56 UTC 2018 /home/travis/build/icyphy/ptII/ptolemy/domains/modal/test/auto/CannotAnalysisWithPreemption2.xml
----------------- Instantiating /home/travis/build/icyphy/ptII/ptolemy/domains/modal/test/auto/CannotAnalysisWithPreemption2.xml
5 ms. Memory: 333824K Free: 252632K (76%)
----------------- Invoking toplevel() on ptolemy.moml.MoMLSimpleApplication@74bbb0c8
----------------- Done invoking toplevel() on ptolemy.moml.MoMLSimpleApplication@74bbb0c8
reloadAllAccessors: .CannotAnalysisWithPreemption2
----------------- testing Mon May 28 01:19:56 UTC 2018 /home/travis/build/icyphy/ptII/ptolemy/domains/modal/test/auto/CannotAnalysisWithPreemption3.xml
----------------- Instantiating /home/travis/build/icyphy/ptII/ptolemy/domains/modal/test/auto/CannotAnalysisWithPreemption3.xml
4 ms. Memory: 333824K Free: 239558K (72%)
----------------- Invoking toplevel() on ptolemy.moml.MoMLSimpleApplication@6428be0e
----------------- Done invoking toplevel() on ptolemy.moml.MoMLSimpleApplication@6428be0e
reloadAllAccessors: .CannotAnalysisWithPreemption3
----------------- testing Mon May 28 01:19:56 UTC 2018 /home/travis/build/icyphy/ptII/ptolemy/domains/modal/test/auto/CannotProduce.xml
----------------- Instantiating /home/travis/build/icyphy/ptII/ptolemy/domains/modal/test/auto/CannotProduce.xml
12 ms. Memory: 333824K Free: 230739K (69%)
----------------- Invoking toplevel() on ptolemy.moml.MoMLSimpleApplication@29252492
----------------- Done invoking toplevel() on ptolemy.moml.MoMLSimpleApplication@29252492
reloadAllAccessors: .CannotProduce
----------------- testing Mon May 28 01:19:56 UTC 2018 /home/travis/build/icyphy/ptII/ptolemy/domains/modal/test/auto/CannotProduceModal.xml
----------------- Instantiating /home/travis/build/icyphy/ptII/ptolemy/domains/modal/test/auto/CannotProduceModal.xml
9 ms. Memory: 333824K Free: 222572K (67%)
----------------- Invoking toplevel() on ptolemy.moml.MoMLSimpleApplication@72b5cbce
----------------- Done invoking toplevel() on ptolemy.moml.MoMLSimpleApplication@72b5cbce
reloadAllAccessors: .CannotProduceModal
----------------- testing Mon May 28 01:19:56 UTC 2018 /home/travis/build/icyphy/ptII/ptolemy/domains/modal/test/auto/Case.xml
----------------- Instantiating /home/travis/build/icyphy/ptII/ptolemy/domains/modal/test/auto/Case.xml
29 ms. Memory: 333824K Free: 209483K (63%)
----------------- Invoking toplevel() on ptolemy.moml.MoMLSimpleApplication@2a266e85
----------------- Done invoking toplevel() on ptolemy.moml.MoMLSimpleApplication@2a266e85
reloadAllAccessors: .Case
----------------- testing Mon May 28 01:19:56 UTC 2018 /home/travis/build/icyphy/ptII/ptolemy/domains/modal/test/auto/Case1.xml
----------------- Instantiating /home/travis/build/icyphy/ptII/ptolemy/domains/modal/test/auto/Case1.xml
7 ms. Memory: 333824K Free: 199036K (60%)
----------------- Invoking toplevel() on ptolemy.moml.MoMLSimpleApplication@60001b03
----------------- Done invoking toplevel() on ptolemy.moml.MoMLSimpleApplication@60001b03
reloadAllAccessors: .Case1
----------------- testing Mon May 28 01:19:56 UTC 2018 /home/travis/build/icyphy/ptII/ptolemy/domains/modal/test/auto/Case2.xml
----------------- Instantiating /home/travis/build/icyphy/ptII/ptolemy/domains/modal/test/auto/Case2.xml
27 ms. Memory: 333824K Free: 187607K (56%)
----------------- Invoking toplevel() on ptolemy.moml.MoMLSimpleApplication@588303a1
----------------- Done invoking toplevel() on ptolemy.moml.MoMLSimpleApplication@588303a1
reloadAllAccessors: .Case2
----------------- testing Mon May 28 01:19:56 UTC 2018 /home/travis/build/icyphy/ptII/ptolemy/domains/modal/test/auto/CausalityInterface1.xml
----------------- Instantiating /home/travis/build/icyphy/ptII/ptolemy/domains/modal/test/auto/CausalityInterface1.xml
5 ms. Memory: 333824K Free: 181094K (54%)
----------------- Invoking toplevel() on ptolemy.moml.MoMLSimpleApplication@650aaca5
----------------- Done invoking toplevel() on ptolemy.moml.MoMLSimpleApplication@650aaca5
reloadAllAccessors: .CausalityInterface1
----------------- testing Mon May 28 01:19:56 UTC 2018 /home/travis/build/icyphy/ptII/ptolemy/domains/modal/test/auto/CausalityInterface10.xml
----------------- Instantiating /home/travis/build/icyphy/ptII/ptolemy/domains/modal/test/auto/CausalityInterface10.xml
7 ms. Memory: 333824K Free: 162443K (49%)
----------------- Invoking toplevel() on ptolemy.moml.MoMLSimpleApplication@4c532461
----------------- Done invoking toplevel() on ptolemy.moml.MoMLSimpleApplication@4c532461
reloadAllAccessors: .CausalityInterface10
----------------- testing Mon May 28 01:19:56 UTC 2018 /home/travis/build/icyphy/ptII/ptolemy/domains/modal/test/auto/CausalityInterface11.xml
----------------- Instantiating /home/travis/build/icyphy/ptII/ptolemy/domains/modal/test/auto/CausalityInterface11.xml
10 ms. Memory: 333824K Free: 146112K (44%)
----------------- Invoking toplevel() on ptolemy.moml.MoMLSimpleApplication@28c0460a
----------------- Done invoking toplevel() on ptolemy.moml.MoMLSimpleApplication@28c0460a
reloadAllAccessors: .CausalityInterface11
----------------- testing Mon May 28 01:19:56 UTC 2018 /home/travis/build/icyphy/ptII/ptolemy/domains/modal/test/auto/CausalityInterface12.xml
----------------- Instantiating /home/travis/build/icyphy/ptII/ptolemy/domains/modal/test/auto/CausalityInterface12.xml
8 ms. Memory: 333824K Free: 129790K (39%)
----------------- Invoking toplevel() on ptolemy.moml.MoMLSimpleApplication@5c843663
----------------- Done invoking toplevel() on ptolemy.moml.MoMLSimpleApplication@5c843663
reloadAllAccessors: .CausalityInterface12
----------------- testing Mon May 28 01:19:56 UTC 2018 /home/travis/build/icyphy/ptII/ptolemy/domains/modal/test/auto/CausalityInterface13.xml
----------------- Instantiating /home/travis/build/icyphy/ptII/ptolemy/domains/modal/test/auto/CausalityInterface13.xml
12 ms. Memory: 333824K Free: 111171K (33%)
----------------- Invoking toplevel() on ptolemy.moml.MoMLSimpleApplication@714ecbd3
----------------- Done invoking toplevel() on ptolemy.moml.MoMLSimpleApplication@714ecbd3
reloadAllAccessors: .CausalityInterface13
----------------- testing Mon May 28 01:19:56 UTC 2018 /home/travis/build/icyphy/ptII/ptolemy/domains/modal/test/auto/CausalityInterface14.xml
----------------- Instantiating /home/travis/build/icyphy/ptII/ptolemy/domains/modal/test/auto/CausalityInterface14.xml
7 ms. Memory: 333824K Free: 94841K (28%)
----------------- Invoking toplevel() on ptolemy.moml.MoMLSimpleApplication@52e6795
----------------- Done invoking toplevel() on ptolemy.moml.MoMLSimpleApplication@52e6795
reloadAllAccessors: .CausalityInterface14
----------------- testing Mon May 28 01:19:56 UTC 2018 /home/travis/build/icyphy/ptII/ptolemy/domains/modal/test/auto/CausalityInterface2.xml
----------------- Instantiating /home/travis/build/icyphy/ptII/ptolemy/domains/modal/test/auto/CausalityInterface2.xml
5 ms. Memory: 333824K Free: 86668K (26%)
----------------- Invoking toplevel() on ptolemy.moml.MoMLSimpleApplication@1655968b
----------------- Done invoking toplevel() on ptolemy.moml.MoMLSimpleApplication@1655968b
reloadAllAccessors: .CausalityInterface2
----------------- testing Mon May 28 01:19:56 UTC 2018 /home/travis/build/icyphy/ptII/ptolemy/domains/modal/test/auto/CausalityInterface3.xml
----------------- Instantiating /home/travis/build/icyphy/ptII/ptolemy/domains/modal/test/auto/CausalityInterface3.xml
4 ms. Memory: 578048K Free: 562569K (97%)
----------------- Invoking toplevel() on ptolemy.moml.MoMLSimpleApplication@34fbe18c
----------------- Done invoking toplevel() on ptolemy.moml.MoMLSimpleApplication@34fbe18c
reloadAllAccessors: .CausalityInterface3
----------------- testing Mon May 28 01:19:56 UTC 2018 /home/travis/build/icyphy/ptII/ptolemy/domains/modal/test/auto/CausalityInterface4.xml
----------------- Instantiating /home/travis/build/icyphy/ptII/ptolemy/domains/modal/test/auto/CausalityInterface4.xml
6 ms. Memory: 578048K Free: 549421K (95%)
----------------- Invoking toplevel() on ptolemy.moml.MoMLSimpleApplication@47852dbf
----------------- Done invoking toplevel() on ptolemy.moml.MoMLSimpleApplication@47852dbf
reloadAllAccessors: .CausalityInterface4
----------------- testing Mon May 28 01:19:57 UTC 2018 /home/travis/build/icyphy/ptII/ptolemy/domains/modal/test/auto/CausalityInterface5.xml
----------------- Instantiating /home/travis/build/icyphy/ptII/ptolemy/domains/modal/test/auto/CausalityInterface5.xml
4 ms. Memory: 578048K Free: 536395K (93%)
----------------- Invoking toplevel() on ptolemy.moml.MoMLSimpleApplication@4f39e9fb
----------------- Done invoking toplevel() on ptolemy.moml.MoMLSimpleApplication@4f39e9fb
reloadAllAccessors: .CausalityInterface5
----------------- testing Mon May 28 01:19:57 UTC 2018 /home/travis/build/icyphy/ptII/ptolemy/domains/modal/test/auto/CausalityInterface6.xml
----------------- Instantiating /home/travis/build/icyphy/ptII/ptolemy/domains/modal/test/auto/CausalityInterface6.xml
3 ms. Memory: 578048K Free: 523354K (91%)
----------------- Invoking toplevel() on ptolemy.moml.MoMLSimpleApplication@57017027
----------------- Done invoking toplevel() on ptolemy.moml.MoMLSimpleApplication@57017027
reloadAllAccessors: .CausalityInterface6
----------------- testing Mon May 28 01:19:57 UTC 2018 /home/travis/build/icyphy/ptII/ptolemy/domains/modal/test/auto/CausalityInterface7.xml
----------------- Instantiating /home/travis/build/icyphy/ptII/ptolemy/domains/modal/test/auto/CausalityInterface7.xml
5 ms. Memory: 578048K Free: 510312K (88%)
----------------- Invoking toplevel() on ptolemy.moml.MoMLSimpleApplication@2890b78b
----------------- Done invoking toplevel() on ptolemy.moml.MoMLSimpleApplication@2890b78b
reloadAllAccessors: .CausalityInterface7
----------------- testing Mon May 28 01:19:57 UTC 2018 /home/travis/build/icyphy/ptII/ptolemy/domains/modal/test/auto/CausalityInterface8.xml
----------------- Instantiating /home/travis/build/icyphy/ptII/ptolemy/domains/modal/test/auto/CausalityInterface8.xml
6 ms. Memory: 578048K Free: 494147K (85%)
----------------- Invoking toplevel() on ptolemy.moml.MoMLSimpleApplication@f7088cc
----------------- Done invoking toplevel() on ptolemy.moml.MoMLSimpleApplication@f7088cc
reloadAllAccessors: .CausalityInterface8
----------------- testing Mon May 28 01:19:57 UTC 2018 /home/travis/build/icyphy/ptII/ptolemy/domains/modal/test/auto/CausalityInterface9.xml
----------------- Instantiating /home/travis/build/icyphy/ptII/ptolemy/domains/modal/test/auto/CausalityInterface9.xml
7 ms. Memory: 578048K Free: 481122K (83%)
----------------- Invoking toplevel() on ptolemy.moml.MoMLSimpleApplication@e922981
----------------- Done invoking toplevel() on ptolemy.moml.MoMLSimpleApplication@e922981
reloadAllAccessors: .CausalityInterface9
----------------- testing Mon May 28 01:19:57 UTC 2018 /home/travis/build/icyphy/ptII/ptolemy/domains/modal/test/auto/ChainedTransitions.xml
----------------- Instantiating /home/travis/build/icyphy/ptII/ptolemy/domains/modal/test/auto/ChainedTransitions.xml
46 ms. Memory: 578048K Free: 451735K (78%)
----------------- Invoking toplevel() on ptolemy.moml.MoMLSimpleApplication@4efac823
----------------- Done invoking toplevel() on ptolemy.moml.MoMLSimpleApplication@4efac823
reloadAllAccessors: .ChainedTransitions
----------------- testing Mon May 28 01:19:57 UTC 2018 /home/travis/build/icyphy/ptII/ptolemy/domains/modal/test/auto/CycleOfImmediateTransitionsFSM.xml
----------------- Instantiating /home/travis/build/icyphy/ptII/ptolemy/domains/modal/test/auto/CycleOfImmediateTransitionsFSM.xml
2 ms. Memory: 578048K Free: 441950K (76%)
----------------- Invoking toplevel() on ptolemy.moml.MoMLSimpleApplication@330bc179
----------------- Done invoking toplevel() on ptolemy.moml.MoMLSimpleApplication@330bc179
reloadAllAccessors: .CycleOfImmediateTransitionsFSM
----------------- testing Mon May 28 01:19:57 UTC 2018 /home/travis/build/icyphy/ptII/ptolemy/domains/modal/test/auto/CycleOfImmediateTransitionsModal.xml
----------------- Instantiating /home/travis/build/icyphy/ptII/ptolemy/domains/modal/test/auto/CycleOfImmediateTransitionsModal.xml
2 ms. Memory: 578048K Free: 429041K (74%)
----------------- Invoking toplevel() on ptolemy.moml.MoMLSimpleApplication@2250d18c
----------------- Done invoking toplevel() on ptolemy.moml.MoMLSimpleApplication@2250d18c
reloadAllAccessors: .CycleOfImmediateTransitionsModal
----------------- testing Mon May 28 01:19:57 UTC 2018 /home/travis/build/icyphy/ptII/ptolemy/domains/modal/test/auto/CycleOfImmediateTransitionsModal2.xml
----------------- Instantiating /home/travis/build/icyphy/ptII/ptolemy/domains/modal/test/auto/CycleOfImmediateTransitionsModal2.xml
1 ms. Memory: 578048K Free: 419256K (73%)
----------------- Invoking toplevel() on ptolemy.moml.MoMLSimpleApplication@34934c0
----------------- Done invoking toplevel() on ptolemy.moml.MoMLSimpleApplication@34934c0
reloadAllAccessors: .CycleOfImmediateTransitionsModal2
----------------- testing Mon May 28 01:19:57 UTC 2018 /home/travis/build/icyphy/ptII/ptolemy/domains/modal/test/auto/CycleOfImmediateTransitionsModal3.xml
----------------- Instantiating /home/travis/build/icyphy/ptII/ptolemy/domains/modal/test/auto/CycleOfImmediateTransitionsModal3.xml
9 ms. Memory: 578048K Free: 389924K (67%)
----------------- Invoking toplevel() on ptolemy.moml.MoMLSimpleApplication@4406292e
----------------- Done invoking toplevel() on ptolemy.moml.MoMLSimpleApplication@4406292e
reloadAllAccessors: .CycleOfImmediateTransitionsModal3
----------------- testing Mon May 28 01:19:57 UTC 2018 /home/travis/build/icyphy/ptII/ptolemy/domains/modal/test/auto/DeepModal1.xml
----------------- Instantiating /home/travis/build/icyphy/ptII/ptolemy/domains/modal/test/auto/DeepModal1.xml
24 ms. Memory: 578048K Free: 367090K (64%)
----------------- Invoking toplevel() on ptolemy.moml.MoMLSimpleApplication@9a6e2cf
----------------- Done invoking toplevel() on ptolemy.moml.MoMLSimpleApplication@9a6e2cf
reloadAllAccessors: .DeepModal1
----------------- testing Mon May 28 01:19:57 UTC 2018 /home/travis/build/icyphy/ptII/ptolemy/domains/modal/test/auto/DeepModal2.xml
----------------- Instantiating /home/travis/build/icyphy/ptII/ptolemy/domains/modal/test/auto/DeepModal2.xml
26 ms. Memory: 578048K Free: 341140K (59%)
----------------- Invoking toplevel() on ptolemy.moml.MoMLSimpleApplication@60051bda
----------------- Done invoking toplevel() on ptolemy.moml.MoMLSimpleApplication@60051bda
reloadAllAccessors: .DeepModal2
----------------- testing Mon May 28 01:19:57 UTC 2018 /home/travis/build/icyphy/ptII/ptolemy/domains/modal/test/auto/DeepModal3.xml
----------------- Instantiating /home/travis/build/icyphy/ptII/ptolemy/domains/modal/test/auto/DeepModal3.xml
23 ms. Memory: 578048K Free: 318290K (55%)
----------------- Invoking toplevel() on ptolemy.moml.MoMLSimpleApplication@2491927a
----------------- Done invoking toplevel() on ptolemy.moml.MoMLSimpleApplication@2491927a
reloadAllAccessors: .DeepModal3
----------------- testing Mon May 28 01:19:57 UTC 2018 /home/travis/build/icyphy/ptII/ptolemy/domains/modal/test/auto/DeepModal4.xml
----------------- Instantiating /home/travis/build/icyphy/ptII/ptolemy/domains/modal/test/auto/DeepModal4.xml
23 ms. Memory: 578048K Free: 295431K (51%)
----------------- Invoking toplevel() on ptolemy.moml.MoMLSimpleApplication@6c42fa83
----------------- Done invoking toplevel() on ptolemy.moml.MoMLSimpleApplication@6c42fa83
reloadAllAccessors: .DeepModal4
----------------- testing Mon May 28 01:19:57 UTC 2018 /home/travis/build/icyphy/ptII/ptolemy/domains/modal/test/auto/Default1.xml
----------------- Instantiating /home/travis/build/icyphy/ptII/ptolemy/domains/modal/test/auto/Default1.xml
1 ms. Memory: 578048K Free: 285662K (49%)
----------------- Invoking toplevel() on ptolemy.moml.MoMLSimpleApplication@39cc96a9
----------------- Done invoking toplevel() on ptolemy.moml.MoMLSimpleApplication@39cc96a9
reloadAllAccessors: .Default1
----------------- testing Mon May 28 01:19:57 UTC 2018 /home/travis/build/icyphy/ptII/ptolemy/domains/modal/test/auto/Default2.xml
----------------- Instantiating /home/travis/build/icyphy/ptII/ptolemy/domains/modal/test/auto/Default2.xml
2 ms. Memory: 578048K Free: 272753K (47%)
----------------- Invoking toplevel() on ptolemy.moml.MoMLSimpleApplication@37f3d083
----------------- Done invoking toplevel() on ptolemy.moml.MoMLSimpleApplication@37f3d083
reloadAllAccessors: .Default2
----------------- testing Mon May 28 01:19:57 UTC 2018 /home/travis/build/icyphy/ptII/ptolemy/domains/modal/test/auto/Default3.xml
----------------- Instantiating /home/travis/build/icyphy/ptII/ptolemy/domains/modal/test/auto/Default3.xml
4 ms. Memory: 578048K Free: 262968K (45%)
----------------- Invoking toplevel() on ptolemy.moml.MoMLSimpleApplication@724a2fd9
----------------- Done invoking toplevel() on ptolemy.moml.MoMLSimpleApplication@724a2fd9
reloadAllAccessors: .Default3
----------------- testing Mon May 28 01:19:57 UTC 2018 /home/travis/build/icyphy/ptII/ptolemy/domains/modal/test/auto/Default4.xml
----------------- Instantiating /home/travis/build/icyphy/ptII/ptolemy/domains/modal/test/auto/Default4.xml
3 ms. Memory: 578048K Free: 253183K (44%)
----------------- Invoking toplevel() on ptolemy.moml.MoMLSimpleApplication@4f4cb42a
----------------- Done invoking toplevel() on ptolemy.moml.MoMLSimpleApplication@4f4cb42a
reloadAllAccessors: .Default4
----------------- testing Mon May 28 01:19:57 UTC 2018 /home/travis/build/icyphy/ptII/ptolemy/domains/modal/test/auto/Default5.xml
----------------- Instantiating /home/travis/build/icyphy/ptII/ptolemy/domains/modal/test/auto/Default5.xml
10 ms. Memory: 578048K Free: 240142K (42%)
----------------- Invoking toplevel() on ptolemy.moml.MoMLSimpleApplication@3927f607
----------------- Done invoking toplevel() on ptolemy.moml.MoMLSimpleApplication@3927f607
reloadAllAccessors: .Default5
----------------- testing Mon May 28 01:19:57 UTC 2018 /home/travis/build/icyphy/ptII/ptolemy/domains/modal/test/auto/EmptyGuard.xml
----------------- Instantiating /home/travis/build/icyphy/ptII/ptolemy/domains/modal/test/auto/EmptyGuard.xml
12 ms. Memory: 578048K Free: 223961K (39%)
----------------- Invoking toplevel() on ptolemy.moml.MoMLSimpleApplication@542ecae3
----------------- Done invoking toplevel() on ptolemy.moml.MoMLSimpleApplication@542ecae3
reloadAllAccessors: .EmptyGuard
----------------- testing Mon May 28 01:19:57 UTC 2018 /home/travis/build/icyphy/ptII/ptolemy/domains/modal/test/auto/ErrorTransition1.xml
----------------- Instantiating /home/travis/build/icyphy/ptII/ptolemy/domains/modal/test/auto/ErrorTransition1.xml
5 ms. Memory: 578048K Free: 210920K (36%)
----------------- Invoking toplevel() on ptolemy.moml.MoMLSimpleApplication@73d98a67
----------------- Done invoking toplevel() on ptolemy.moml.MoMLSimpleApplication@73d98a67
reloadAllAccessors: .ErrorTransition1
----------------- testing Mon May 28 01:19:57 UTC 2018 /home/travis/build/icyphy/ptII/ptolemy/domains/modal/test/auto/ErrorTransition10.xml
----------------- Instantiating /home/travis/build/icyphy/ptII/ptolemy/domains/modal/test/auto/ErrorTransition10.xml
11 ms. Memory: 578048K Free: 194614K (34%)
----------------- Invoking toplevel() on ptolemy.moml.MoMLSimpleApplication@649c2b
----------------- Done invoking toplevel() on ptolemy.moml.MoMLSimpleApplication@649c2b
reloadAllAccessors: .ErrorTransition10
----------------- testing Mon May 28 01:19:57 UTC 2018 /home/travis/build/icyphy/ptII/ptolemy/domains/modal/test/auto/ErrorTransition11.xml
----------------- Instantiating /home/travis/build/icyphy/ptII/ptolemy/domains/modal/test/auto/ErrorTransition11.xml
4 ms. Memory: 578048K Free: 178332K (31%)
----------------- Invoking toplevel() on ptolemy.moml.MoMLSimpleApplication@10aded1b
----------------- Done invoking toplevel() on ptolemy.moml.MoMLSimpleApplication@10aded1b
reloadAllAccessors: .ErrorTransition11
----------------- testing Mon May 28 01:19:58 UTC 2018 /home/travis/build/icyphy/ptII/ptolemy/domains/modal/test/auto/ErrorTransition2.xml
----------------- Instantiating /home/travis/build/icyphy/ptII/ptolemy/domains/modal/test/auto/ErrorTransition2.xml
5 ms. Memory: 578048K Free: 165291K (29%)
----------------- Invoking toplevel() on ptolemy.moml.MoMLSimpleApplication@45601b2a
----------------- Done invoking toplevel() on ptolemy.moml.MoMLSimpleApplication@45601b2a
reloadAllAccessors: .ErrorTransition2
----------------- testing Mon May 28 01:19:58 UTC 2018 /home/travis/build/icyphy/ptII/ptolemy/domains/modal/test/auto/ErrorTransition3.xml
----------------- Instantiating /home/travis/build/icyphy/ptII/ptolemy/domains/modal/test/auto/ErrorTransition3.xml
9 ms. Memory: 578048K Free: 149126K (26%)
----------------- Invoking toplevel() on ptolemy.moml.MoMLSimpleApplication@25a2b333
----------------- Done invoking toplevel() on ptolemy.moml.MoMLSimpleApplication@25a2b333
reloadAllAccessors: .ErrorTransition3
----------------- testing Mon May 28 01:19:58 UTC 2018 /home/travis/build/icyphy/ptII/ptolemy/domains/modal/test/auto/ErrorTransition4.xml
----------------- Instantiating /home/travis/build/icyphy/ptII/ptolemy/domains/modal/test/auto/ErrorTransition4.xml
10 ms. Memory: 578048K Free: 136101K (24%)
----------------- Invoking toplevel() on ptolemy.moml.MoMLSimpleApplication@40210cc0
----------------- Done invoking toplevel() on ptolemy.moml.MoMLSimpleApplication@40210cc0
reloadAllAccessors: .ErrorTransition4
----------------- testing Mon May 28 01:19:58 UTC 2018 /home/travis/build/icyphy/ptII/ptolemy/domains/modal/test/auto/ErrorTransition5.xml
----------------- Instantiating /home/travis/build/icyphy/ptII/ptolemy/domains/modal/test/auto/ErrorTransition5.xml
5 ms. Memory: 578048K Free: 123059K (21%)
----------------- Invoking toplevel() on ptolemy.moml.MoMLSimpleApplication@703ce7cc
----------------- Done invoking toplevel() on ptolemy.moml.MoMLSimpleApplication@703ce7cc
reloadAllAccessors: .ErrorTransition5
----------------- testing Mon May 28 01:19:58 UTC 2018 /home/travis/build/icyphy/ptII/ptolemy/domains/modal/test/auto/ErrorTransition6.xml
----------------- Instantiating /home/travis/build/icyphy/ptII/ptolemy/domains/modal/test/auto/ErrorTransition6.xml
7 ms. Memory: 578048K Free: 110018K (19%)
----------------- Invoking toplevel() on ptolemy.moml.MoMLSimpleApplication@36c9ec36
----------------- Done invoking toplevel() on ptolemy.moml.MoMLSimpleApplication@36c9ec36
reloadAllAccessors: .ErrorTransition6
----------------- testing Mon May 28 01:19:58 UTC 2018 /home/travis/build/icyphy/ptII/ptolemy/domains/modal/test/auto/ErrorTransition7.xml
----------------- Instantiating /home/travis/build/icyphy/ptII/ptolemy/domains/modal/test/auto/ErrorTransition7.xml
14 ms. Memory: 578048K Free: 90573K (16%)
----------------- Invoking toplevel() on ptolemy.moml.MoMLSimpleApplication@644f79f2
----------------- Done invoking toplevel() on ptolemy.moml.MoMLSimpleApplication@644f79f2
reloadAllAccessors: .ErrorTransition7
----------------- testing Mon May 28 01:19:58 UTC 2018 /home/travis/build/icyphy/ptII/ptolemy/domains/modal/test/auto/ErrorTransition8.xml
----------------- Instantiating /home/travis/build/icyphy/ptII/ptolemy/domains/modal/test/auto/ErrorTransition8.xml
56 ms. Memory: 578048K Free: 563959K (98%)
----------------- Invoking toplevel() on ptolemy.moml.MoMLSimpleApplication@62c3bcb9
----------------- Done invoking toplevel() on ptolemy.moml.MoMLSimpleApplication@62c3bcb9
reloadAllAccessors: .ErrorTransition8
----------------- testing Mon May 28 01:19:58 UTC 2018 /home/travis/build/icyphy/ptII/ptolemy/domains/modal/test/auto/ErrorTransition9.xml
----------------- Instantiating /home/travis/build/icyphy/ptII/ptolemy/domains/modal/test/auto/ErrorTransition9.xml
15 ms. Memory: 578048K Free: 543724K (94%)
----------------- Invoking toplevel() on ptolemy.moml.MoMLSimpleApplication@4ed6132d
----------------- Done invoking toplevel() on ptolemy.moml.MoMLSimpleApplication@4ed6132d
reloadAllAccessors: .ErrorTransition9
----------------- testing Mon May 28 01:19:58 UTC 2018 /home/travis/build/icyphy/ptII/ptolemy/domains/modal/test/auto/ExtendedFSM.xml
----------------- Instantiating /home/travis/build/icyphy/ptII/ptolemy/domains/modal/test/auto/ExtendedFSM.xml
10 ms. Memory: 578048K Free: 530667K (92%)
----------------- Invoking toplevel() on ptolemy.moml.MoMLSimpleApplication@716a25d7
----------------- Done invoking toplevel() on ptolemy.moml.MoMLSimpleApplication@716a25d7
reloadAllAccessors: .ExtendedFSM
----------------- testing Mon May 28 01:19:58 UTC 2018 /home/travis/build/icyphy/ptII/ptolemy/domains/modal/test/auto/FinalStates.xml
----------------- Instantiating /home/travis/build/icyphy/ptII/ptolemy/domains/modal/test/auto/FinalStates.xml
3 ms. Memory: 578048K Free: 518687K (90%)
----------------- Invoking toplevel() on ptolemy.moml.MoMLSimpleApplication@3736d088
----------------- Done invoking toplevel() on ptolemy.moml.MoMLSimpleApplication@3736d088
reloadAllAccessors: .FinalStates
----------------- testing Mon May 28 01:19:58 UTC 2018 /home/travis/build/icyphy/ptII/ptolemy/domains/modal/test/auto/FixedPointFSM.xml
----------------- Instantiating /home/travis/build/icyphy/ptII/ptolemy/domains/modal/test/auto/FixedPointFSM.xml
9 ms. Memory: 578048K Free: 499117K (86%)
----------------- Invoking toplevel() on ptolemy.moml.MoMLSimpleApplication@283da76e
----------------- Done invoking toplevel() on ptolemy.moml.MoMLSimpleApplication@283da76e
reloadAllAccessors: .FixedPointFSM
----------------- testing Mon May 28 01:19:58 UTC 2018 /home/travis/build/icyphy/ptII/ptolemy/domains/modal/test/auto/FixedPointIterationFSMActor.xml
----------------- Instantiating /home/travis/build/icyphy/ptII/ptolemy/domains/modal/test/auto/FixedPointIterationFSMActor.xml
5 ms. Memory: 578048K Free: 486075K (84%)
----------------- Invoking toplevel() on ptolemy.moml.MoMLSimpleApplication@615ce0d
----------------- Done invoking toplevel() on ptolemy.moml.MoMLSimpleApplication@615ce0d
reloadAllAccessors: .FixedPointIterationFSMActor
----------------- testing Mon May 28 01:19:58 UTC 2018 /home/travis/build/icyphy/ptII/ptolemy/domains/modal/test/auto/FixedPointIterationFSMActor2.xml
----------------- Instantiating /home/travis/build/icyphy/ptII/ptolemy/domains/modal/test/auto/FixedPointIterationFSMActor2.xml
7 ms. Memory: 578048K Free: 467582K (81%)
----------------- Invoking toplevel() on ptolemy.moml.MoMLSimpleApplication@26f9184e
----------------- Done invoking toplevel() on ptolemy.moml.MoMLSimpleApplication@26f9184e
reloadAllAccessors: .FixedPointIterationFSMActor2
----------------- testing Mon May 28 01:19:58 UTC 2018 /home/travis/build/icyphy/ptII/ptolemy/domains/modal/test/auto/ForbiddenInstantanousLoop.xml
----------------- Instantiating /home/travis/build/icyphy/ptII/ptolemy/domains/modal/test/auto/ForbiddenInstantanousLoop.xml
4 ms. Memory: 578048K Free: 451276K (78%)
----------------- Invoking toplevel() on ptolemy.moml.MoMLSimpleApplication@493d829
----------------- Done invoking toplevel() on ptolemy.moml.MoMLSimpleApplication@493d829
reloadAllAccessors: .ForbiddenInstantanousLoop
----------------- testing Mon May 28 01:19:58 UTC 2018 /home/travis/build/icyphy/ptII/ptolemy/domains/modal/test/auto/FunctionDependencyOfFSMActorTest.xml
----------------- Instantiating /home/travis/build/icyphy/ptII/ptolemy/domains/modal/test/auto/FunctionDependencyOfFSMActorTest.xml
5 ms. Memory: 578048K Free: 441491K (76%)
----------------- Invoking toplevel() on ptolemy.moml.MoMLSimpleApplication@7b8484ca
----------------- Done invoking toplevel() on ptolemy.moml.MoMLSimpleApplication@7b8484ca
reloadAllAccessors: .FunctionDependencyOfFSMActorTest
----------------- testing Mon May 28 01:19:58 UTC 2018 /home/travis/build/icyphy/ptII/ptolemy/domains/modal/test/auto/GuardExpression.xml
----------------- Instantiating /home/travis/build/icyphy/ptII/ptolemy/domains/modal/test/auto/GuardExpression.xml
2 ms. Memory: 578048K Free: 429511K (74%)
----------------- Invoking toplevel() on ptolemy.moml.MoMLSimpleApplication@10206bf
----------------- Done invoking toplevel() on ptolemy.moml.MoMLSimpleApplication@10206bf
reloadAllAccessors: .GuardExpression
----------------- testing Mon May 28 01:19:58 UTC 2018 /home/travis/build/icyphy/ptII/ptolemy/domains/modal/test/auto/GuardNotEvaluated.xml
----------------- Instantiating /home/travis/build/icyphy/ptII/ptolemy/domains/modal/test/auto/GuardNotEvaluated.xml
5 ms. Memory: 578048K Free: 416470K (72%)
----------------- Invoking toplevel() on ptolemy.moml.MoMLSimpleApplication@22e2c0f2
----------------- Done invoking toplevel() on ptolemy.moml.MoMLSimpleApplication@22e2c0f2
reloadAllAccessors: .GuardNotEvaluated
----------------- testing Mon May 28 01:19:58 UTC 2018 /home/travis/build/icyphy/ptII/ptolemy/domains/modal/test/auto/GuardNotEvaluated2.xml
----------------- Instantiating /home/travis/build/icyphy/ptII/ptolemy/domains/modal/test/auto/GuardNotEvaluated2.xml
6 ms. Memory: 578048K Free: 403428K (70%)
----------------- Invoking toplevel() on ptolemy.moml.MoMLSimpleApplication@30318c5d
----------------- Done invoking toplevel() on ptolemy.moml.MoMLSimpleApplication@30318c5d
reloadAllAccessors: .GuardNotEvaluated2
----------------- testing Mon May 28 01:19:58 UTC 2018 /home/travis/build/icyphy/ptII/ptolemy/domains/modal/test/auto/GuardOnAbsent.xml
----------------- Instantiating /home/travis/build/icyphy/ptII/ptolemy/domains/modal/test/auto/GuardOnAbsent.xml
11 ms. Memory: 578048K Free: 391448K (68%)
----------------- Invoking toplevel() on ptolemy.moml.MoMLSimpleApplication@5b344d01
----------------- Done invoking toplevel() on ptolemy.moml.MoMLSimpleApplication@5b344d01
reloadAllAccessors: .GuardOnAbsent
----------------- testing Mon May 28 01:19:58 UTC 2018 /home/travis/build/icyphy/ptII/ptolemy/domains/modal/test/auto/HierarchicalFSMTypeInference.xml
----------------- Instantiating /home/travis/build/icyphy/ptII/ptolemy/domains/modal/test/auto/HierarchicalFSMTypeInference.xml
2 ms. Memory: 578048K Free: 375142K (65%)
----------------- Invoking toplevel() on ptolemy.moml.MoMLSimpleApplication@2fcf78d1
----------------- Done invoking toplevel() on ptolemy.moml.MoMLSimpleApplication@2fcf78d1
reloadAllAccessors: .HierarchicalFSMTypeInference
----------------- testing Mon May 28 01:19:58 UTC 2018 /home/travis/build/icyphy/ptII/ptolemy/domains/modal/test/auto/Hysteresis.xml
----------------- Instantiating /home/travis/build/icyphy/ptII/ptolemy/domains/modal/test/auto/Hysteresis.xml
9 ms. Memory: 578048K Free: 353368K (61%)
----------------- Invoking toplevel() on ptolemy.moml.MoMLSimpleApplication@149ad286
----------------- Done invoking toplevel() on ptolemy.moml.MoMLSimpleApplication@149ad286
reloadAllAccessors: .Hysteresis
----------------- testing Mon May 28 01:19:58 UTC 2018 /home/travis/build/icyphy/ptII/ptolemy/domains/modal/test/auto/HysteresisWithDefault.xml
----------------- Instantiating /home/travis/build/icyphy/ptII/ptolemy/domains/modal/test/auto/HysteresisWithDefault.xml
31 ms. Memory: 578048K Free: 327262K (57%)
----------------- Invoking toplevel() on ptolemy.moml.MoMLSimpleApplication@3e1d410b
----------------- Done invoking toplevel() on ptolemy.moml.MoMLSimpleApplication@3e1d410b
reloadAllAccessors: .HysteresisWithDefault
----------------- testing Mon May 28 01:19:58 UTC 2018 /home/travis/build/icyphy/ptII/ptolemy/domains/modal/test/auto/HysteresisWithDefault2.xml
----------------- Instantiating /home/travis/build/icyphy/ptII/ptolemy/domains/modal/test/auto/HysteresisWithDefault2.xml
34 ms. Memory: 578048K Free: 294626K (51%)
----------------- Invoking toplevel() on ptolemy.moml.MoMLSimpleApplication@4510ff3b
----------------- Done invoking toplevel() on ptolemy.moml.MoMLSimpleApplication@4510ff3b
reloadAllAccessors: .HysteresisWithDefault2
----------------- testing Mon May 28 01:19:58 UTC 2018 /home/travis/build/icyphy/ptII/ptolemy/domains/modal/test/auto/ImmediateNonConstructiveness.xml
----------------- Instantiating /home/travis/build/icyphy/ptII/ptolemy/domains/modal/test/auto/ImmediateNonConstructiveness.xml
3 ms. Memory: 578048K Free: 282646K (49%)
----------------- Invoking toplevel() on ptolemy.moml.MoMLSimpleApplication@6e5ecff5
----------------- Done invoking toplevel() on ptolemy.moml.MoMLSimpleApplication@6e5ecff5
reloadAllAccessors: .ImmediateNonConstructiveness
----------------- testing Mon May 28 01:19:58 UTC 2018 /home/travis/build/icyphy/ptII/ptolemy/domains/modal/test/auto/ImmediateNonConstructiveness2.xml
----------------- Instantiating /home/travis/build/icyphy/ptII/ptolemy/domains/modal/test/auto/ImmediateNonConstructiveness2.xml
1 ms. Memory: 578048K Free: 272877K (47%)
----------------- Invoking toplevel() on ptolemy.moml.MoMLSimpleApplication@438d78e4
----------------- Done invoking toplevel() on ptolemy.moml.MoMLSimpleApplication@438d78e4
reloadAllAccessors: .ImmediateNonConstructiveness2
----------------- testing Mon May 28 01:19:58 UTC 2018 /home/travis/build/icyphy/ptII/ptolemy/domains/modal/test/auto/ImmediateTransitionReset.xml
----------------- Instantiating /home/travis/build/icyphy/ptII/ptolemy/domains/modal/test/auto/ImmediateTransitionReset.xml
3 ms. Memory: 578048K Free: 256563K (44%)
----------------- Invoking toplevel() on ptolemy.moml.MoMLSimpleApplication@2ff69b83
----------------- Done invoking toplevel() on ptolemy.moml.MoMLSimpleApplication@2ff69b83
reloadAllAccessors: .ImmediateTransitionReset
----------------- testing Mon May 28 01:19:58 UTC 2018 /home/travis/build/icyphy/ptII/ptolemy/domains/modal/test/auto/ImmediateTransitions1.xml
----------------- Instantiating /home/travis/build/icyphy/ptII/ptolemy/domains/modal/test/auto/ImmediateTransitions1.xml
1 ms. Memory: 578048K Free: 244590K (42%)
----------------- Invoking toplevel() on ptolemy.moml.MoMLSimpleApplication@58fcb073
----------------- Done invoking toplevel() on ptolemy.moml.MoMLSimpleApplication@58fcb073
reloadAllAccessors: .ImmediateTransitions1
----------------- testing Mon May 28 01:19:58 UTC 2018 /home/travis/build/icyphy/ptII/ptolemy/domains/modal/test/auto/ImmediateTransitionsInstantaneousCommunication.xml
----------------- Instantiating /home/travis/build/icyphy/ptII/ptolemy/domains/modal/test/auto/ImmediateTransitionsInstantaneousCommunication.xml
2 ms. Memory: 578048K Free: 228277K (39%)
----------------- Invoking toplevel() on ptolemy.moml.MoMLSimpleApplication@46b1d327
----------------- Done invoking toplevel() on ptolemy.moml.MoMLSimpleApplication@46b1d327
reloadAllAccessors: .ImmediateTransitionsInstantaneousCommunication
----------------- testing Mon May 28 01:19:58 UTC 2018 /home/travis/build/icyphy/ptII/ptolemy/domains/modal/test/auto/InitialImmediateTransition.xml
----------------- Instantiating /home/travis/build/icyphy/ptII/ptolemy/domains/modal/test/auto/InitialImmediateTransition.xml
3 ms. Memory: 578048K Free: 218500K (38%)
----------------- Invoking toplevel() on ptolemy.moml.MoMLSimpleApplication@65109904
----------------- Done invoking toplevel() on ptolemy.moml.MoMLSimpleApplication@65109904
reloadAllAccessors: .InitialImmediateTransition
----------------- testing Mon May 28 01:19:58 UTC 2018 /home/travis/build/icyphy/ptII/ptolemy/domains/modal/test/auto/InitialOutputs.xml
----------------- Instantiating /home/travis/build/icyphy/ptII/ptolemy/domains/modal/test/auto/InitialOutputs.xml
2 ms. Memory: 578048K Free: 206519K (36%)
----------------- Invoking toplevel() on ptolemy.moml.MoMLSimpleApplication@6f2837ae
----------------- Done invoking toplevel() on ptolemy.moml.MoMLSimpleApplication@6f2837ae
reloadAllAccessors: .InitialOutputs
----------------- testing Mon May 28 01:19:58 UTC 2018 /home/travis/build/icyphy/ptII/ptolemy/domains/modal/test/auto/InitialStateTransition1.xml
----------------- Instantiating /home/travis/build/icyphy/ptII/ptolemy/domains/modal/test/auto/InitialStateTransition1.xml
3 ms. Memory: 578048K Free: 193486K (33%)
----------------- Invoking toplevel() on ptolemy.moml.MoMLSimpleApplication@6ccd396e
----------------- Done invoking toplevel() on ptolemy.moml.MoMLSimpleApplication@6ccd396e
reloadAllAccessors: .InitialStateTransition1
----------------- testing Mon May 28 01:19:59 UTC 2018 /home/travis/build/icyphy/ptII/ptolemy/domains/modal/test/auto/InitialStateTransition2.xml
----------------- Instantiating /home/travis/build/icyphy/ptII/ptolemy/domains/modal/test/auto/InitialStateTransition2.xml
.InitialStateTransition2.TestExceptionAttributeNonConstructive: initialize() was not invoked, but wrapup() was.  This is unusual, but not always a problem.  For example, exporting JNLP will do this.
1 ms. Memory: 578048K Free: 178249K (31%)
----------------- Invoking toplevel() on ptolemy.moml.MoMLSimpleApplication@4357c672
----------------- Done invoking toplevel() on ptolemy.moml.MoMLSimpleApplication@4357c672
reloadAllAccessors: .InitialStateTransition2
----------------- testing Mon May 28 01:19:59 UTC 2018 /home/travis/build/icyphy/ptII/ptolemy/domains/modal/test/auto/InitialStateTransition3.xml
----------------- Instantiating /home/travis/build/icyphy/ptII/ptolemy/domains/modal/test/auto/InitialStateTransition3.xml
2 ms. Memory: 578048K Free: 165207K (29%)
----------------- Invoking toplevel() on ptolemy.moml.MoMLSimpleApplication@324d48a0
----------------- Done invoking toplevel() on ptolemy.moml.MoMLSimpleApplication@324d48a0
reloadAllAccessors: .InitialStateTransition3
----------------- testing Mon May 28 01:19:59 UTC 2018 /home/travis/build/icyphy/ptII/ptolemy/domains/modal/test/auto/InitialStateTransition4.xml
----------------- Instantiating /home/travis/build/icyphy/ptII/ptolemy/domains/modal/test/auto/InitialStateTransition4.xml
5 ms. Memory: 578048K Free: 152166K (26%)
----------------- Invoking toplevel() on ptolemy.moml.MoMLSimpleApplication@76758f35
----------------- Done invoking toplevel() on ptolemy.moml.MoMLSimpleApplication@76758f35
reloadAllAccessors: .InitialStateTransition4
----------------- testing Mon May 28 01:19:59 UTC 2018 /home/travis/build/icyphy/ptII/ptolemy/domains/modal/test/auto/MalformedGuardExpressionNotCaught.xml
----------------- Instantiating /home/travis/build/icyphy/ptII/ptolemy/domains/modal/test/auto/MalformedGuardExpressionNotCaught.xml
2 ms. Memory: 578048K Free: 140186K (24%)
----------------- Invoking toplevel() on ptolemy.moml.MoMLSimpleApplication@654a7fab
----------------- Done invoking toplevel() on ptolemy.moml.MoMLSimpleApplication@654a7fab
reloadAllAccessors: .MalformedGuardExpressionNotCaught
----------------- testing Mon May 28 01:19:59 UTC 2018 /home/travis/build/icyphy/ptII/ptolemy/domains/modal/test/auto/ModalBSC.xml
----------------- Instantiating /home/travis/build/icyphy/ptII/ptolemy/domains/modal/test/auto/ModalBSC.xml
27 ms. Memory: 578048K Free: 107557K (19%)
----------------- Invoking toplevel() on ptolemy.moml.MoMLSimpleApplication@19725981
----------------- Done invoking toplevel() on ptolemy.moml.MoMLSimpleApplication@19725981
reloadAllAccessors: .ModalBSC
----------------- testing Mon May 28 01:19:59 UTC 2018 /home/travis/build/icyphy/ptII/ptolemy/domains/modal/test/auto/ModalClocks.xml
----------------- Instantiating /home/travis/build/icyphy/ptII/ptolemy/domains/modal/test/auto/ModalClocks.xml
18 ms. Memory: 578048K Free: 81458K (14%)
----------------- Invoking toplevel() on ptolemy.moml.MoMLSimpleApplication@35927862
----------------- Done invoking toplevel() on ptolemy.moml.MoMLSimpleApplication@35927862
reloadAllAccessors: .ModalClocks
----------------- testing Mon May 28 01:19:59 UTC 2018 /home/travis/build/icyphy/ptII/ptolemy/domains/modal/test/auto/ModalDelay.xml
----------------- Instantiating /home/travis/build/icyphy/ptII/ptolemy/domains/modal/test/auto/ModalDelay.xml
10 ms. Memory: 871936K Free: 842261K (97%)
----------------- Invoking toplevel() on ptolemy.moml.MoMLSimpleApplication@193fbb8f
----------------- Done invoking toplevel() on ptolemy.moml.MoMLSimpleApplication@193fbb8f
reloadAllAccessors: .ModalDelay
----------------- testing Mon May 28 01:19:59 UTC 2018 /home/travis/build/icyphy/ptII/ptolemy/domains/modal/test/auto/ModalDelay2.xml
----------------- Instantiating /home/travis/build/icyphy/ptII/ptolemy/domains/modal/test/auto/ModalDelay2.xml
9 ms. Memory: 871936K Free: 818810K (94%)
----------------- Invoking toplevel() on ptolemy.moml.MoMLSimpleApplication@3a010c01
----------------- Done invoking toplevel() on ptolemy.moml.MoMLSimpleApplication@3a010c01
reloadAllAccessors: .ModalDelay2
----------------- testing Mon May 28 01:19:59 UTC 2018 /home/travis/build/icyphy/ptII/ptolemy/domains/modal/test/auto/ModalModelFromMemo.xml
----------------- Instantiating /home/travis/build/icyphy/ptII/ptolemy/domains/modal/test/auto/ModalModelFromMemo.xml
23 ms. Memory: 871936K Free: 787505K (90%)
----------------- Invoking toplevel() on ptolemy.moml.MoMLSimpleApplication@5281e0f5
----------------- Done invoking toplevel() on ptolemy.moml.MoMLSimpleApplication@5281e0f5
reloadAllAccessors: .ModalModelFromMemo
----------------- testing Mon May 28 01:19:59 UTC 2018 /home/travis/build/icyphy/ptII/ptolemy/domains/modal/test/auto/ModalModelWithMultirateTransient.xml
----------------- Instantiating /home/travis/build/icyphy/ptII/ptolemy/domains/modal/test/auto/ModalModelWithMultirateTransient.xml
15 ms. Memory: 871936K Free: 766632K (88%)
----------------- Invoking toplevel() on ptolemy.moml.MoMLSimpleApplication@12b67539
----------------- Done invoking toplevel() on ptolemy.moml.MoMLSimpleApplication@12b67539
reloadAllAccessors: .ModalModelWithMultirateTransient
----------------- testing Mon May 28 01:19:59 UTC 2018 /home/travis/build/icyphy/ptII/ptolemy/domains/modal/test/auto/ModalModelWithReset.xml
----------------- Instantiating /home/travis/build/icyphy/ptII/ptolemy/domains/modal/test/auto/ModalModelWithReset.xml
16 ms. Memory: 871936K Free: 748409K (86%)
----------------- Invoking toplevel() on ptolemy.moml.MoMLSimpleApplication@6b83c3b5
----------------- Done invoking toplevel() on ptolemy.moml.MoMLSimpleApplication@6b83c3b5
reloadAllAccessors: .ModalModelWithReset
----------------- testing Mon May 28 01:19:59 UTC 2018 /home/travis/build/icyphy/ptII/ptolemy/domains/modal/test/auto/MouseClickFSM.xml
----------------- Instantiating /home/travis/build/icyphy/ptII/ptolemy/domains/modal/test/auto/MouseClickFSM.xml
16 ms. Memory: 871936K Free: 722331K (83%)
----------------- Invoking toplevel() on ptolemy.moml.MoMLSimpleApplication@73fda598
----------------- Done invoking toplevel() on ptolemy.moml.MoMLSimpleApplication@73fda598
reloadAllAccessors: .MouseClickFSM
----------------- testing Mon May 28 01:19:59 UTC 2018 /home/travis/build/icyphy/ptII/ptolemy/domains/modal/test/auto/MouseClickFSMModal.xml
----------------- Instantiating /home/travis/build/icyphy/ptII/ptolemy/domains/modal/test/auto/MouseClickFSMModal.xml
8 ms. Memory: 871936K Free: 706687K (81%)
----------------- Invoking toplevel() on ptolemy.moml.MoMLSimpleApplication@25899b36
----------------- Done invoking toplevel() on ptolemy.moml.MoMLSimpleApplication@25899b36
reloadAllAccessors: .MouseClickFSMModal
----------------- testing Mon May 28 01:19:59 UTC 2018 /home/travis/build/icyphy/ptII/ptolemy/domains/modal/test/auto/NonStrictFSM_FeedbackLoop.xml
----------------- Instantiating /home/travis/build/icyphy/ptII/ptolemy/domains/modal/test/auto/NonStrictFSM_FeedbackLoop.xml
22 ms. Memory: 871936K Free: 672827K (77%)
----------------- Invoking toplevel() on ptolemy.moml.MoMLSimpleApplication@38d17227
----------------- Done invoking toplevel() on ptolemy.moml.MoMLSimpleApplication@38d17227
reloadAllAccessors: .NonStrictFSM_FeedbackLoop
----------------- testing Mon May 28 01:19:59 UTC 2018 /home/travis/build/icyphy/ptII/ptolemy/domains/modal/test/auto/NonStrictFSM_FeedbackLoop_Refinement.xml
----------------- Instantiating /home/travis/build/icyphy/ptII/ptolemy/domains/modal/test/auto/NonStrictFSM_FeedbackLoop_Refinement.xml
39 ms. Memory: 871936K Free: 636325K (73%)
----------------- Invoking toplevel() on ptolemy.moml.MoMLSimpleApplication@5aa0f65a
----------------- Done invoking toplevel() on ptolemy.moml.MoMLSimpleApplication@5aa0f65a
reloadAllAccessors: .NonStrictFSM_FeedbackLoop_Refinement
----------------- testing Mon May 28 01:19:59 UTC 2018 /home/travis/build/icyphy/ptII/ptolemy/domains/modal/test/auto/NonStrictFSM_FeedbackLoop_preemptive.xml
----------------- Instantiating /home/travis/build/icyphy/ptII/ptolemy/domains/modal/test/auto/NonStrictFSM_FeedbackLoop_preemptive.xml
13 ms. Memory: 871936K Free: 599824K (69%)
----------------- Invoking toplevel() on ptolemy.moml.MoMLSimpleApplication@1d18467
----------------- Done invoking toplevel() on ptolemy.moml.MoMLSimpleApplication@1d18467
reloadAllAccessors: .NonStrictFSM_FeedbackLoop_preemptive
----------------- testing Mon May 28 01:19:59 UTC 2018 /home/travis/build/icyphy/ptII/ptolemy/domains/modal/test/auto/NormalTermination.xml
----------------- Instantiating /home/travis/build/icyphy/ptII/ptolemy/domains/modal/test/auto/NormalTermination.xml
10 ms. Memory: 871936K Free: 571176K (66%)
----------------- Invoking toplevel() on ptolemy.moml.MoMLSimpleApplication@62814535
----------------- Done invoking toplevel() on ptolemy.moml.MoMLSimpleApplication@62814535
reloadAllAccessors: .NormalTermination
----------------- testing Mon May 28 01:19:59 UTC 2018 /home/travis/build/icyphy/ptII/ptolemy/domains/modal/test/auto/Pong.xml
----------------- Instantiating /home/travis/build/icyphy/ptII/ptolemy/domains/modal/test/auto/Pong.xml
33 ms. Memory: 871936K Free: 545099K (63%)
----------------- Invoking toplevel() on ptolemy.moml.MoMLSimpleApplication@3ccaf118
----------------- Done invoking toplevel() on ptolemy.moml.MoMLSimpleApplication@3ccaf118
reloadAllAccessors: .Pong
[...]
2 ms. Memory: 871936K Free: 138447K (16%)
----------------- Invoking toplevel() on ptolemy.moml.MoMLSimpleApplication@5672324c
----------------- Done invoking toplevel() on ptolemy.moml.MoMLSimpleApplication@5672324c
reloadAllAccessors: .StrongImmediateTransition
----------------- testing Mon May 28 01:20:00 UTC 2018 /home/travis/build/icyphy/ptII/ptolemy/domains/modal/test/auto/SustainHierarchy.xml
----------------- Instantiating /home/travis/build/icyphy/ptII/ptolemy/domains/modal/test/auto/SustainHierarchy.xml
4 ms. Memory: 871936K Free: 117583K (13%)
----------------- Invoking toplevel() on ptolemy.moml.MoMLSimpleApplication@28ed5e37
----------------- Done invoking toplevel() on ptolemy.moml.MoMLSimpleApplication@28ed5e37
reloadAllAccessors: .SustainHierarchy
----------------- testing Mon May 28 01:20:00 UTC 2018 /home/travis/build/icyphy/ptII/ptolemy/domains/modal/test/auto/TerminationTransition1.xml
----------------- Instantiating /home/travis/build/icyphy/ptII/ptolemy/domains/modal/test/auto/TerminationTransition1.xml
2 ms. Memory: 871936K Free: 101930K (12%)
----------------- Invoking toplevel() on ptolemy.moml.MoMLSimpleApplication@677ea9eb
----------------- Done invoking toplevel() on ptolemy.moml.MoMLSimpleApplication@677ea9eb
reloadAllAccessors: .TerminationTransition1
----------------- testing Mon May 28 01:20:00 UTC 2018 /home/travis/build/icyphy/ptII/ptolemy/domains/modal/test/auto/TerminationTransition2.xml
----------------- Instantiating /home/travis/build/icyphy/ptII/ptolemy/domains/modal/test/auto/TerminationTransition2.xml
1 ms. Memory: 871936K Free: 83715K (10%)
----------------- Invoking toplevel() on ptolemy.moml.MoMLSimpleApplication@28bb96ce
----------------- Done invoking toplevel() on ptolemy.moml.MoMLSimpleApplication@28bb96ce
reloadAllAccessors: .TerminationTransition2
----------------- testing Mon May 28 01:20:00 UTC 2018 /home/travis/build/icyphy/ptII/ptolemy/domains/modal/test/auto/TerminationTransition3.xml
----------------- Instantiating /home/travis/build/icyphy/ptII/ptolemy/domains/modal/test/auto/TerminationTransition3.xml
2 ms. Memory: 871936K Free: 849507K (97%)
----------------- Invoking toplevel() on ptolemy.moml.MoMLSimpleApplication@1fef07f0
----------------- Done invoking toplevel() on ptolemy.moml.MoMLSimpleApplication@1fef07f0
reloadAllAccessors: .TerminationTransition3
----------------- testing Mon May 28 01:20:00 UTC 2018 /home/travis/build/icyphy/ptII/ptolemy/domains/modal/test/auto/TerminationTransition4.xml
----------------- Instantiating /home/travis/build/icyphy/ptII/ptolemy/domains/modal/test/auto/TerminationTransition4.xml
3 ms. Memory: 871936K Free: 826788K (95%)
----------------- Invoking toplevel() on ptolemy.moml.MoMLSimpleApplication@310d3943
----------------- Done invoking toplevel() on ptolemy.moml.MoMLSimpleApplication@310d3943
reloadAllAccessors: .TerminationTransition4
----------------- testing Mon May 28 01:20:00 UTC 2018 /home/travis/build/icyphy/ptII/ptolemy/domains/modal/test/auto/TerminationTransition5.xml
----------------- Instantiating /home/travis/build/icyphy/ptII/ptolemy/domains/modal/test/auto/TerminationTransition5.xml
2 ms. Memory: 871936K Free: 805939K (92%)
----------------- Invoking toplevel() on ptolemy.moml.MoMLSimpleApplication@7bfc04ee
----------------- Done invoking toplevel() on ptolemy.moml.MoMLSimpleApplication@7bfc04ee
reloadAllAccessors: .TerminationTransition5
----------------- testing Mon May 28 01:20:00 UTC 2018 /home/travis/build/icyphy/ptII/ptolemy/domains/modal/test/auto/TerminationTransition6.xml
----------------- Instantiating /home/travis/build/icyphy/ptII/ptolemy/domains/modal/test/auto/TerminationTransition6.xml
2 ms. Memory: 871936K Free: 788431K (90%)
----------------- Invoking toplevel() on ptolemy.moml.MoMLSimpleApplication@32eb8181
----------------- Done invoking toplevel() on ptolemy.moml.MoMLSimpleApplication@32eb8181
reloadAllAccessors: .TerminationTransition6
----------------- testing Mon May 28 01:20:00 UTC 2018 /home/travis/build/icyphy/ptII/ptolemy/domains/modal/test/auto/TerminationTransition7.xml
----------------- Instantiating /home/travis/build/icyphy/ptII/ptolemy/domains/modal/test/auto/TerminationTransition7.xml
2 ms. Memory: 871936K Free: 772689K (89%)
----------------- Invoking toplevel() on ptolemy.moml.MoMLSimpleApplication@3536775d
----------------- Done invoking toplevel() on ptolemy.moml.MoMLSimpleApplication@3536775d
reloadAllAccessors: .TerminationTransition7
----------------- testing Mon May 28 01:20:00 UTC 2018 /home/travis/build/icyphy/ptII/ptolemy/domains/modal/test/auto/TerminationTransition8.xml
----------------- Instantiating /home/travis/build/icyphy/ptII/ptolemy/domains/modal/test/auto/TerminationTransition8.xml
2 ms. Memory: 871936K Free: 755197K (87%)
----------------- Invoking toplevel() on ptolemy.moml.MoMLSimpleApplication@22ae34cc
----------------- Done invoking toplevel() on ptolemy.moml.MoMLSimpleApplication@22ae34cc
reloadAllAccessors: .TerminationTransition8
----------------- testing Mon May 28 01:20:00 UTC 2018 /home/travis/build/icyphy/ptII/ptolemy/domains/modal/test/auto/Thermostat_NoHysteresis.xml
----------------- Instantiating /home/travis/build/icyphy/ptII/ptolemy/domains/modal/test/auto/Thermostat_NoHysteresis.xml
19 ms. Memory: 871936K Free: 723892K (83%)
----------------- Invoking toplevel() on ptolemy.moml.MoMLSimpleApplication@1c63b086
----------------- Done invoking toplevel() on ptolemy.moml.MoMLSimpleApplication@1c63b086
reloadAllAccessors: .Thermostat_NoHysteresis
----------------- testing Mon May 28 01:20:00 UTC 2018 /home/travis/build/icyphy/ptII/ptolemy/domains/modal/test/auto/TimedFSM.xml
----------------- Instantiating /home/travis/build/icyphy/ptII/ptolemy/domains/modal/test/auto/TimedFSM.xml
7 ms. Memory: 871936K Free: 706400K (81%)
----------------- Invoking toplevel() on ptolemy.moml.MoMLSimpleApplication@2e7a96a
----------------- Done invoking toplevel() on ptolemy.moml.MoMLSimpleApplication@2e7a96a
reloadAllAccessors: .TimedFSM
----------------- testing Mon May 28 01:20:00 UTC 2018 /home/travis/build/icyphy/ptII/ptolemy/domains/modal/test/auto/Timeout1.xml
----------------- Instantiating /home/travis/build/icyphy/ptII/ptolemy/domains/modal/test/auto/Timeout1.xml
3 ms. Memory: 871936K Free: 695976K (80%)
----------------- Invoking toplevel() on ptolemy.moml.MoMLSimpleApplication@47a1690c
----------------- Done invoking toplevel() on ptolemy.moml.MoMLSimpleApplication@47a1690c
reloadAllAccessors: .Timeout1
----------------- testing Mon May 28 01:20:00 UTC 2018 /home/travis/build/icyphy/ptII/ptolemy/domains/modal/test/auto/Timeout2.xml
----------------- Instantiating /home/travis/build/icyphy/ptII/ptolemy/domains/modal/test/auto/Timeout2.xml
4 ms. Memory: 871936K Free: 678476K (78%)
----------------- Invoking toplevel() on ptolemy.moml.MoMLSimpleApplication@395af995
----------------- Done invoking toplevel() on ptolemy.moml.MoMLSimpleApplication@395af995
reloadAllAccessors: .Timeout2
----------------- testing Mon May 28 01:20:00 UTC 2018 /home/travis/build/icyphy/ptII/ptolemy/domains/modal/test/auto/Timeout3.xml
----------------- Instantiating /home/travis/build/icyphy/ptII/ptolemy/domains/modal/test/auto/Timeout3.xml
2 ms. Memory: 871936K Free: 668052K (77%)
----------------- Invoking toplevel() on ptolemy.moml.MoMLSimpleApplication@3c05301c
----------------- Done invoking toplevel() on ptolemy.moml.MoMLSimpleApplication@3c05301c
reloadAllAccessors: .Timeout3
----------------- testing Mon May 28 01:20:00 UTC 2018 /home/travis/build/icyphy/ptII/ptolemy/domains/modal/test/auto/Timeout4.xml
----------------- Instantiating /home/travis/build/icyphy/ptII/ptolemy/domains/modal/test/auto/Timeout4.xml
2 ms. Memory: 871936K Free: 655772K (75%)
----------------- Invoking toplevel() on ptolemy.moml.MoMLSimpleApplication@6f3f12bb
----------------- Done invoking toplevel() on ptolemy.moml.MoMLSimpleApplication@6f3f12bb
reloadAllAccessors: .Timeout4
----------------- testing Mon May 28 01:20:00 UTC 2018 /home/travis/build/icyphy/ptII/ptolemy/domains/modal/test/auto/TransientstateModelAdvanced.xml
----------------- Instantiating /home/travis/build/icyphy/ptII/ptolemy/domains/modal/test/auto/TransientstateModelAdvanced.xml
3 ms. Memory: 871936K Free: 634923K (73%)
----------------- Invoking toplevel() on ptolemy.moml.MoMLSimpleApplication@7fbf5f44
----------------- Done invoking toplevel() on ptolemy.moml.MoMLSimpleApplication@7fbf5f44
reloadAllAccessors: .TransientstateModelAdvanced
----------------- testing Mon May 28 01:20:01 UTC 2018 /home/travis/build/icyphy/ptII/ptolemy/domains/modal/test/auto/TransientstateModelAdvanced2.xml
----------------- Instantiating /home/travis/build/icyphy/ptII/ptolemy/domains/modal/test/auto/TransientstateModelAdvanced2.xml
3 ms. Memory: 871936K Free: 612204K (70%)
----------------- Invoking toplevel() on ptolemy.moml.MoMLSimpleApplication@205cb096
----------------- Done invoking toplevel() on ptolemy.moml.MoMLSimpleApplication@205cb096
reloadAllAccessors: .transientstatemodelAdvanced
----------------- testing Mon May 28 01:20:01 UTC 2018 /home/travis/build/icyphy/ptII/ptolemy/domains/modal/test/auto/TransitionRefinements.xml
----------------- Instantiating /home/travis/build/icyphy/ptII/ptolemy/domains/modal/test/auto/TransitionRefinements.xml
7 ms. Memory: 871936K Free: 596551K (68%)
----------------- Invoking toplevel() on ptolemy.moml.MoMLSimpleApplication@4b050dfa
----------------- Done invoking toplevel() on ptolemy.moml.MoMLSimpleApplication@4b050dfa
reloadAllAccessors: .TransitionRefinements
----------------- testing Mon May 28 01:20:01 UTC 2018 /home/travis/build/icyphy/ptII/ptolemy/domains/modal/test/auto/TwoRefinements1.xml
----------------- Instantiating /home/travis/build/icyphy/ptII/ptolemy/domains/modal/test/auto/TwoRefinements1.xml
3 ms. Memory: 871936K Free: 579044K (66%)
----------------- Invoking toplevel() on ptolemy.moml.MoMLSimpleApplication@a7b51bd
----------------- Done invoking toplevel() on ptolemy.moml.MoMLSimpleApplication@a7b51bd
reloadAllAccessors: .TwoRefinements1
----------------- testing Mon May 28 01:20:01 UTC 2018 /home/travis/build/icyphy/ptII/ptolemy/domains/modal/test/auto/TwoRefinements2.xml
----------------- Instantiating /home/travis/build/icyphy/ptII/ptolemy/domains/modal/test/auto/TwoRefinements2.xml
2 ms. Memory: 871936K Free: 563391K (65%)
----------------- Invoking toplevel() on ptolemy.moml.MoMLSimpleApplication@97afe86
----------------- Done invoking toplevel() on ptolemy.moml.MoMLSimpleApplication@97afe86
reloadAllAccessors: .TwoRefinements2
----------------- testing Mon May 28 01:20:01 UTC 2018 /home/travis/build/icyphy/ptII/ptolemy/domains/modal/test/auto/WeakImmediateTransition.xml
----------------- Instantiating /home/travis/build/icyphy/ptII/ptolemy/domains/modal/test/auto/WeakImmediateTransition.xml
3 ms. Memory: 871936K Free: 547738K (63%)
----------------- Invoking toplevel() on ptolemy.moml.MoMLSimpleApplication@4e73ac51
----------------- Done invoking toplevel() on ptolemy.moml.MoMLSimpleApplication@4e73ac51
reloadAllAccessors: .WeakImmediateTransition
----------------- testing Mon May 28 01:20:01 UTC 2018 /home/travis/build/icyphy/ptII/ptolemy/domains/modal/test/auto/booleanSelect.xml
----------------- Instantiating /home/travis/build/icyphy/ptII/ptolemy/domains/modal/test/auto/booleanSelect.xml
45 ms. Memory: 871936K Free: 519806K (60%)
----------------- Invoking toplevel() on ptolemy.moml.MoMLSimpleApplication@5fe6292a
----------------- Done invoking toplevel() on ptolemy.moml.MoMLSimpleApplication@5fe6292a
reloadAllAccessors: .booleanSelect
----------------- testing Mon May 28 01:20:01 UTC 2018 /home/travis/build/icyphy/ptII/ptolemy/domains/modal/test/auto/modalChangingParams.xml
----------------- Instantiating /home/travis/build/icyphy/ptII/ptolemy/domains/modal/test/auto/modalChangingParams.xml
0
1
0
2
4
6
8
7
0
2
4
6
8
13
0
2
4
6
8
19
0
2
4
6
8
25
0
2
4
6
8
31
0
2
4
6
8
37
0
2
4
6
8
43
0
2
4
6
8
49
0
2
4
6
8
55
0
2
4
6
8
61
0
2
4
6
8
67
0
2
4
6
8
73
0
2
4
6
8
79
0
2
4
6
8
85
0
2
4
6
8
91
0
2
4
6
8
97
0
2
4
6
8
103
0
2
4
6
8
109
0
2
4
6
8
115
0
2
4
6
8
121
0
2
4
6
8
127
0
2
4
6
8
133
0
2
4
6
8
139
0
2
4
6
8
145
0
2
4
6
8
151
0
2
4
6
8
157
0
2
4
6
8
163
0
2
4
6
8
169
0
2
4
6
8
175
0
2
4
6
8
181
0
2
4
6
8
187
0
2
4
6
8
193
0
2
4
6
8
199
0
2
4
6
8
205
0
2
4
6
8
211
0
2
4
6
8
217
0
2
4
6
8
223
0
2
4
6
8
229
0
2
4
6
8
235
0
2
4
6
8
241
0
2
4
6
8
247
0
2
4
6
8
253
0
2
4
6
8
259
0
2
4
6
8
265
0
2
4
6
8
271
0
2
4
6
8
277
0
2
4
6
8
283
0
2
4
6
8
289
0
2
4
6
8
295
0
2
4
6
8
301
0
2
4
6
8
307
0
2
4
6
8
313
0
2
4
6
8
319
0
2
4
6
8
325
0
2
4
6
8
331
0
2
4
6
8
337
0
2
4
6
8
343
0
2
4
6
8
349
0
2
4
6
8
355
0
2
4
6
8
361
0
2
4
6
8
367
0
2
4
6
8
373
0
2
4
6
8
379
0
2
4
6
8
385
0
2
4
6
8
391
0
2
4
6
8
397
0
2
4
6
8
403
0
2
4
6
8
409
0
2
4
6
8
415
0
2
4
6
8
421
0
2
4
6
8
427
0
2
4
6
8
433
0
2
4
6
8
439
0
2
4
6
8
445
0
2
4
6
8
451
0
2
4
6
8
457
0
2
4
6
8
463
0
2
4
6
8
469
0
2
4
6
8
475
0
2
4
6
8
481
0
2
4
6
8
487
0
2
4
6
8
493
0
2
4
6
8
499
0
2
4
6
8
505
0
2
4
6
8
511
0
2
4
6
8
517
0
2
4
6
8
523
0
2
4
6
8
529
0
2
4
6
8
535
0
2
4
6
8
541
0
2
4
6
8
547
0
2
4
6
8
553
0
2
4
6
8
559
0
2
4
6
8
565
0
2
4
6
8
571
0
2
4
6
8
577
0
2
4
6
8
583
0
2
4
6
8
589
0
2
4
6
8
595
0
2
4
6
8
601
0
2
4
6
8
607
0
2
4
6
8
613
0
2
4
6
8
619
0
2
4
6
8
625
0
2
4
6
8
631
0
2
4
6
8
637
0
2
4
6
8
643
0
2
4
6
8
649
0
2
4
6
8
655
0
2
4
6
8
661
0
2
4
6
8
667
0
2
4
6
8
673
0
2
4
6
8
679
0
2
4
6
8
685
0
2
4
6
8
691
0
2
4
6
8
697
0
2
4
6
8
703
0
2
4
6
8
709
0
2
4
6
8
715
0
2
4
6
8
721
0
2
4
6
8
727
0
2
4
6
8
733
0
2
4
6
8
739
0
2
4
6
8
745
0
2
4
6
8
751
0
2
4
6
8
757
0
2
4
6
8
763
0
2
4
6
8
769
0
2
4
6
8
775
0
2
4
6
8
781
0
2
4
6
8
787
0
2
4
6
8
793
0
2
4
6
8
799
0
2
4
6
8
805
0
2
4
6
8
811
0
2
4
6
8
817
0
2
4
6
8
823
0
2
4
6
8
829
0
2
4
6
8
835
0
2
4
6
8
841
0
2
4
6
8
847
0
2
4
6
8
853
0
2
4
6
8
859
0
2
4
6
8
865
0
2
4
6
8
871
0
2
4
6
8
877
0
2
4
6
8
883
0
2
4
6
8
889
0
2
4
6
8
895
0
2
4
6
8
901
0
2
4
6
8
907
0
2
4
6
8
913
0
2
4
6
8
919
0
2
4
6
8
925
0
2
4
6
8
931
0
2
4
6
8
937
0
2
4
6
8
943
0
2
4
6
8
949
0
2
4
6
8
955
0
2
4
6
8
961
0
2
4
6
8
967
0
2
4
6
8
973
0
2
4
6
8
979
0
2
4
6
8
985
0
2
4
6
8
991
0
2
4
6
8
997
0
2
199 ms. Memory: 871936K Free: 404962K (46%)
----------------- Invoking toplevel() on ptolemy.moml.MoMLSimpleApplication@d45a407
----------------- Done invoking toplevel() on ptolemy.moml.MoMLSimpleApplication@d45a407
reloadAllAccessors: .modalChangingParams
----------------- testing Mon May 28 01:20:01 UTC 2018 /home/travis/build/icyphy/ptII/ptolemy/domains/modal/test/auto/modalModel.xml
----------------- Instantiating /home/travis/build/icyphy/ptII/ptolemy/domains/modal/test/auto/modalModel.xml
4 ms. Memory: 871936K Free: 387455K (44%)
----------------- Invoking toplevel() on ptolemy.moml.MoMLSimpleApplication@553648f3
----------------- Done invoking toplevel() on ptolemy.moml.MoMLSimpleApplication@553648f3
reloadAllAccessors: .modalModel
----------------- testing Mon May 28 01:20:01 UTC 2018 /home/travis/build/icyphy/ptII/ptolemy/domains/modal/test/auto/modalModel2.xml
----------------- Instantiating /home/travis/build/icyphy/ptII/ptolemy/domains/modal/test/auto/modalModel2.xml
5 ms. Memory: 871936K Free: 371802K (43%)
----------------- Invoking toplevel() on ptolemy.moml.MoMLSimpleApplication@3908d852
----------------- Done invoking toplevel() on ptolemy.moml.MoMLSimpleApplication@3908d852
reloadAllAccessors: .modalModel2
----------------- testing Mon May 28 01:20:01 UTC 2018 /home/travis/build/icyphy/ptII/ptolemy/domains/modal/test/auto/modalModel3.xml
----------------- Instantiating /home/travis/build/icyphy/ptII/ptolemy/domains/modal/test/auto/modalModel3.xml
0	0	0
1	0	1
4	2	2
7	4	3
10	6	4
5	0	5
8	2	6
11	4	7
14	6	8
9	0	9
12	2	10
15	4	11
18	6	12
13	0	13
16	2	14
19 ms. Memory: 871936K Free: 349098K (40%)
----------------- Invoking toplevel() on ptolemy.moml.MoMLSimpleApplication@6ab12283
----------------- Done invoking toplevel() on ptolemy.moml.MoMLSimpleApplication@6ab12283
reloadAllAccessors: .modalModel3
----------------- testing Mon May 28 01:20:01 UTC 2018 /home/travis/build/icyphy/ptII/ptolemy/domains/modal/test/auto/model1.xml
----------------- Instantiating /home/travis/build/icyphy/ptII/ptolemy/domains/modal/test/auto/model1.xml
9 ms. Memory: 871936K Free: 338674K (39%)
----------------- Invoking toplevel() on ptolemy.moml.MoMLSimpleApplication@5719b7a6
----------------- Done invoking toplevel() on ptolemy.moml.MoMLSimpleApplication@5719b7a6
reloadAllAccessors: .model1
----------------- testing Mon May 28 01:20:01 UTC 2018 /home/travis/build/icyphy/ptII/ptolemy/domains/modal/test/auto/test-direct-in-out.xml
----------------- Instantiating /home/travis/build/icyphy/ptII/ptolemy/domains/modal/test/auto/test-direct-in-out.xml
7 ms. Memory: 871936K Free: 321166K (37%)
----------------- Invoking toplevel() on ptolemy.moml.MoMLSimpleApplication@58628cce
----------------- Done invoking toplevel() on ptolemy.moml.MoMLSimpleApplication@58628cce
reloadAllAccessors: .test-direct-in-out
AutoTests.java: About to close Vertx.
AutoTests.java: Vertx closed.
]]></system-out>
  <system-err><![CDATA[java.lang.RuntimeException: Execution failed
	at ptolemy.moml.MoMLSimpleApplication$UnloadThread.run(MoMLSimpleApplication.java:402)
Caused by: ptolemy.kernel.util.IllegalActionException: Unknown inputs remain. Possible causality loop:
L_model_1893289564i

  in .CannotAnalysisWithPreemption.model_1893289564_region_1 and .CannotAnalysisWithPreemption.model_1893289564_region_1.L_model_1893289564i
	at ptolemy.actor.sched.FixedPointDirector.postfire(FixedPointDirector.java:515)
	at ptolemy.domains.sr.kernel.SRDirector.postfire(SRDirector.java:417)
	at ptolemy.actor.CompositeActor.postfire(CompositeActor.java:1668)
	at ptolemy.actor.Manager.iterate(Manager.java:852)
	at ptolemy.actor.Manager.execute(Manager.java:369)
	at ptolemy.actor.Manager.run(Manager.java:1263)
	at ptolemy.actor.Manager$PtolemyRunThread.run(Manager.java:1915)
java.lang.reflect.InvocationTargetException
	at sun.reflect.NativeConstructorAccessorImpl.newInstance0(Native Method)
	at sun.reflect.NativeConstructorAccessorImpl.newInstance(NativeConstructorAccessorImpl.java:62)
	at sun.reflect.DelegatingConstructorAccessorImpl.newInstance(DelegatingConstructorAccessorImpl.java:45)
	at java.lang.reflect.Constructor.newInstance(Constructor.java:423)
	at ptolemy.util.test.junit.AutoKnownFailedTests.RunModel(AutoKnownFailedTests.java:107)
	at sun.reflect.NativeMethodAccessorImpl.invoke0(Native Method)
	at sun.reflect.NativeMethodAccessorImpl.invoke(NativeMethodAccessorImpl.java:62)
	at sun.reflect.DelegatingMethodAccessorImpl.invoke(DelegatingMethodAccessorImpl.java:43)
	at java.lang.reflect.Method.invoke(Method.java:498)
	at org.junit.runners.model.FrameworkMethod$1.runReflectiveCall(FrameworkMethod.java:44)
	at org.junit.internal.runners.model.ReflectiveCallable.run(ReflectiveCallable.java:15)
	at org.junit.runners.model.FrameworkMethod.invokeExplosively(FrameworkMethod.java:41)
	at junitparams.internal.InvokeParameterisedMethod.evaluate(InvokeParameterisedMethod.java:102)
	at org.junit.internal.runners.statements.FailOnTimeout$1.run(FailOnTimeout.java:28)
Caused by: ptolemy.kernel.util.IllegalActionException: Unknown inputs remain. Possible causality loop:
L_model_1893289564i

  in .CannotAnalysisWithPreemption.model_1893289564_region_1 and .CannotAnalysisWithPreemption.model_1893289564_region_1.L_model_1893289564i
	at ptolemy.actor.sched.FixedPointDirector.postfire(FixedPointDirector.java:515)
	at ptolemy.domains.sr.kernel.SRDirector.postfire(SRDirector.java:417)
	at ptolemy.actor.CompositeActor.postfire(CompositeActor.java:1668)
	at ptolemy.actor.Manager.iterate(Manager.java:852)
	at ptolemy.actor.Manager.execute(Manager.java:369)
	at ptolemy.actor.Manager.run(Manager.java:1263)
	at ptolemy.actor.Manager$PtolemyRunThread.run(Manager.java:1915)
]]></system-err>
</testsuite>
