<?xml version="1.0" encoding="UTF-8" ?>
<testsuite errors="0" failures="0" hostname="travis-job-c916adaa-5217-477c-a786-4902d2531d0b" name="ptolemy.domains.de.test.junit.JUnitTclTest" skipped="0" tests="101" time="134.368" timestamp="2018-05-12T02:06:38">
  <properties>
[...]
</properties>
  <testcase classname="ptolemy.util.test.junit.TclTests" name="[0] /home/travis/build/icyphy/ptII/ptolemy/domains/de/test/DependencyLoop.tcl (RunTclFile)" time="0.828" />
  <testcase classname="ptolemy.util.test.junit.TclTests" name="[1] /home/travis/build/icyphy/ptII/ptolemy/domains/de/test/RunDETestsAsQSS.tcl (RunTclFile)" time="92.795" />
  <testcase classname="ptolemy.util.test.junit.AutoKnownFailedTests" name="[0] /home/travis/build/icyphy/ptII/ptolemy/domains/de/test/auto/knownFailedTests/DESDFClockTest.xml (RunModel)" time="2.031" />
  <testcase classname="ptolemy.util.test.junit.AutoKnownFailedTests" name="[1] /home/travis/build/icyphy/ptII/ptolemy/domains/de/test/auto/knownFailedTests/DirectFeedback.xml (RunModel)" time="0.018" />
  <testcase classname="ptolemy.util.test.junit.AutoKnownFailedTests" name="[2] /home/travis/build/icyphy/ptII/ptolemy/domains/de/test/auto/knownFailedTests/FSMSource.xml (RunModel)" time="0.027" />
  <testcase classname="ptolemy.util.test.junit.AutoKnownFailedTests" name="[3] /home/travis/build/icyphy/ptII/ptolemy/domains/de/test/auto/knownFailedTests/HierarchicalModel.xml (RunModel)" time="0.038" />
  <testcase classname="ptolemy.util.test.junit.AutoKnownFailedTests" name="[4] /home/travis/build/icyphy/ptII/ptolemy/domains/de/test/auto/knownFailedTests/dependencyLoop.xml (RunModel)" time="0.035" />
  <testcase classname="ptolemy.util.test.junit.AutoKnownFailedTests" name="[5] /home/travis/build/icyphy/ptII/ptolemy/domains/de/test/auto/knownFailedTests/dependencyLoop2.xml (RunModel)" time="0.032" />
  <testcase classname="ptolemy.util.test.junit.AutoNameArchTests" name="[0] ThereAreNoAutoTests (RunModel)" time="0.006" />
  <testcase classname="ptolemy.util.test.junit.AutoTests" name="[0] /home/travis/build/icyphy/ptII/ptolemy/domains/de/test/auto/ActorDepthCalculation_actorWithoutPorts.xml (RunModel)" time="0.015" />
  <testcase classname="ptolemy.util.test.junit.AutoTests" name="[1] /home/travis/build/icyphy/ptII/ptolemy/domains/de/test/auto/AssemblyLine.xml (RunModel)" time="0.013" />
  <testcase classname="ptolemy.util.test.junit.AutoTests" name="[2] /home/travis/build/icyphy/ptII/ptolemy/domains/de/test/auto/CQBug1.xml (RunModel)" time="0.005" />
  <testcase classname="ptolemy.util.test.junit.AutoTests" name="[3] /home/travis/build/icyphy/ptII/ptolemy/domains/de/test/auto/CancelFireAt.xml (RunModel)" time="0.007" />
  <testcase classname="ptolemy.util.test.junit.AutoTests" name="[4] /home/travis/build/icyphy/ptII/ptolemy/domains/de/test/auto/CausalityAndComposabilityAnalysis.xml (RunModel)" time="0.01" />
  <testcase classname="ptolemy.util.test.junit.AutoTests" name="[5] /home/travis/build/icyphy/ptII/ptolemy/domains/de/test/auto/CausalityInterface1.xml (RunModel)" time="0.01" />
  <testcase classname="ptolemy.util.test.junit.AutoTests" name="[6] /home/travis/build/icyphy/ptII/ptolemy/domains/de/test/auto/CausalityInterface15.xml (RunModel)" time="0.013" />
  <testcase classname="ptolemy.util.test.junit.AutoTests" name="[7] /home/travis/build/icyphy/ptII/ptolemy/domains/de/test/auto/CausalityInterface2.xml (RunModel)" time="0.01" />
  <testcase classname="ptolemy.util.test.junit.AutoTests" name="[8] /home/travis/build/icyphy/ptII/ptolemy/domains/de/test/auto/CausalityInterface3.xml (RunModel)" time="0.014" />
  <testcase classname="ptolemy.util.test.junit.AutoTests" name="[9] /home/travis/build/icyphy/ptII/ptolemy/domains/de/test/auto/ClockDrift.xml (RunModel)" time="0.029" />
  <testcase classname="ptolemy.util.test.junit.AutoTests" name="[10] /home/travis/build/icyphy/ptII/ptolemy/domains/de/test/auto/ClockDriftAndValueChange.xml (RunModel)" time="0.025" />
  <testcase classname="ptolemy.util.test.junit.AutoTests" name="[11] /home/travis/build/icyphy/ptII/ptolemy/domains/de/test/auto/ClockDriftChange.xml (RunModel)" time="0.026" />
  <testcase classname="ptolemy.util.test.junit.AutoTests" name="[12] /home/travis/build/icyphy/ptII/ptolemy/domains/de/test/auto/ComposableCausalityAnalysis.xml (RunModel)" time="0.014" />
  <testcase classname="ptolemy.util.test.junit.AutoTests" name="[13] /home/travis/build/icyphy/ptII/ptolemy/domains/de/test/auto/DEFixedPointLimitation.xml (RunModel)" time="0.007" />
  <testcase classname="ptolemy.util.test.junit.AutoTests" name="[14] /home/travis/build/icyphy/ptII/ptolemy/domains/de/test/auto/DEScheduleTest.xml (RunModel)" time="0.008" />
  <testcase classname="ptolemy.util.test.junit.AutoTests" name="[15] /home/travis/build/icyphy/ptII/ptolemy/domains/de/test/auto/DEinDEwithStartTimes.xml (RunModel)" time="0.01" />
  <testcase classname="ptolemy.util.test.junit.AutoTests" name="[16] /home/travis/build/icyphy/ptII/ptolemy/domains/de/test/auto/DEinDEwithStartTimes2.xml (RunModel)" time="0.01" />
  <testcase classname="ptolemy.util.test.junit.AutoTests" name="[17] /home/travis/build/icyphy/ptII/ptolemy/domains/de/test/auto/DateDemo.xml (RunModel)" time="0.024" />
  <testcase classname="ptolemy.util.test.junit.AutoTests" name="[18] /home/travis/build/icyphy/ptII/ptolemy/domains/de/test/auto/DateToEvent.xml (RunModel)" time="2.029" />
  <testcase classname="ptolemy.util.test.junit.AutoTests" name="[19] /home/travis/build/icyphy/ptII/ptolemy/domains/de/test/auto/DepthTest1.xml (RunModel)" time="0.007" />
  <testcase classname="ptolemy.util.test.junit.AutoTests" name="[20] /home/travis/build/icyphy/ptII/ptolemy/domains/de/test/auto/DepthTest2.xml (RunModel)" time="0.017" />
  <testcase classname="ptolemy.util.test.junit.AutoTests" name="[21] /home/travis/build/icyphy/ptII/ptolemy/domains/de/test/auto/DepthTest3.xml (RunModel)" time="0.008" />
  <testcase classname="ptolemy.util.test.junit.AutoTests" name="[22] /home/travis/build/icyphy/ptII/ptolemy/domains/de/test/auto/DepthTest4.xml (RunModel)" time="0.012" />
  <testcase classname="ptolemy.util.test.junit.AutoTests" name="[23] /home/travis/build/icyphy/ptII/ptolemy/domains/de/test/auto/DepthTest5.xml (RunModel)" time="0.014" />
  <testcase classname="ptolemy.util.test.junit.AutoTests" name="[24] /home/travis/build/icyphy/ptII/ptolemy/domains/de/test/auto/DepthTest6.xml (RunModel)" time="0.014" />
  <testcase classname="ptolemy.util.test.junit.AutoTests" name="[25] /home/travis/build/icyphy/ptII/ptolemy/domains/de/test/auto/DepthTest7.xml (RunModel)" time="0.012" />
  <testcase classname="ptolemy.util.test.junit.AutoTests" name="[26] /home/travis/build/icyphy/ptII/ptolemy/domains/de/test/auto/EventToDate.xml (RunModel)" time="3.036" />
  <testcase classname="ptolemy.util.test.junit.AutoTests" name="[27] /home/travis/build/icyphy/ptII/ptolemy/domains/de/test/auto/FSM1.xml (RunModel)" time="0.039" />
  <testcase classname="ptolemy.util.test.junit.AutoTests" name="[28] /home/travis/build/icyphy/ptII/ptolemy/domains/de/test/auto/FSM7.xml (RunModel)" time="0.033" />
  <testcase classname="ptolemy.util.test.junit.AutoTests" name="[29] /home/travis/build/icyphy/ptII/ptolemy/domains/de/test/auto/Inspection.xml (RunModel)" time="0.047" />
  <testcase classname="ptolemy.util.test.junit.AutoTests" name="[30] /home/travis/build/icyphy/ptII/ptolemy/domains/de/test/auto/Iteration.xml (RunModel)" time="0.019" />
  <testcase classname="ptolemy.util.test.junit.AutoTests" name="[31] /home/travis/build/icyphy/ptII/ptolemy/domains/de/test/auto/LineFault.xml (RunModel)" time="0.631" />
  <testcase classname="ptolemy.util.test.junit.AutoTests" name="[32] /home/travis/build/icyphy/ptII/ptolemy/domains/de/test/auto/MergeModel1Add.xml (RunModel)" time="0.045" />
  <testcase classname="ptolemy.util.test.junit.AutoTests" name="[33] /home/travis/build/icyphy/ptII/ptolemy/domains/de/test/auto/MergeModel2Add.xml (RunModel)" time="0.039" />
  <testcase classname="ptolemy.util.test.junit.AutoTests" name="[34] /home/travis/build/icyphy/ptII/ptolemy/domains/de/test/auto/MergeModel3Add.xml (RunModel)" time="0.042" />
  <testcase classname="ptolemy.util.test.junit.AutoTests" name="[35] /home/travis/build/icyphy/ptII/ptolemy/domains/de/test/auto/MergeWithoutDiscard.xml (RunModel)" time="0.01" />
  <testcase classname="ptolemy.util.test.junit.AutoTests" name="[36] /home/travis/build/icyphy/ptII/ptolemy/domains/de/test/auto/Modal1.xml (RunModel)" time="0.035" />
  <testcase classname="ptolemy.util.test.junit.AutoTests" name="[37] /home/travis/build/icyphy/ptII/ptolemy/domains/de/test/auto/Modal2.xml (RunModel)" time="0.032" />
  <testcase classname="ptolemy.util.test.junit.AutoTests" name="[38] /home/travis/build/icyphy/ptII/ptolemy/domains/de/test/auto/Modal3.xml (RunModel)" time="0.046" />
  <testcase classname="ptolemy.util.test.junit.AutoTests" name="[39] /home/travis/build/icyphy/ptII/ptolemy/domains/de/test/auto/Modal4.xml (RunModel)" time="0.035" />
  <testcase classname="ptolemy.util.test.junit.AutoTests" name="[40] /home/travis/build/icyphy/ptII/ptolemy/domains/de/test/auto/Modal5.xml (RunModel)" time="0.036" />
  <testcase classname="ptolemy.util.test.junit.AutoTests" name="[41] /home/travis/build/icyphy/ptII/ptolemy/domains/de/test/auto/Modal6.xml (RunModel)" time="0.03" />
  <testcase classname="ptolemy.util.test.junit.AutoTests" name="[42] /home/travis/build/icyphy/ptII/ptolemy/domains/de/test/auto/Modal7.xml (RunModel)" time="0.032" />
  <testcase classname="ptolemy.util.test.junit.AutoTests" name="[43] /home/travis/build/icyphy/ptII/ptolemy/domains/de/test/auto/ModalModel.xml (RunModel)" time="0.195" />
  <testcase classname="ptolemy.util.test.junit.AutoTests" name="[44] /home/travis/build/icyphy/ptII/ptolemy/domains/de/test/auto/ModalSource.xml (RunModel)" time="0.024" />
  <testcase classname="ptolemy.util.test.junit.AutoTests" name="[45] /home/travis/build/icyphy/ptII/ptolemy/domains/de/test/auto/NonInterruptibleTimerZeroDelay.xml (RunModel)" time="0.012" />
  <testcase classname="ptolemy.util.test.junit.AutoTests" name="[46] /home/travis/build/icyphy/ptII/ptolemy/domains/de/test/auto/OpenQueueingNetwork.xml (RunModel)" time="2.652" />
  <testcase classname="ptolemy.util.test.junit.AutoTests" name="[47] /home/travis/build/icyphy/ptII/ptolemy/domains/de/test/auto/OpenQueuingNetwork.xml (RunModel)" time="0.329" />
  <testcase classname="ptolemy.util.test.junit.AutoTests" name="[48] /home/travis/build/icyphy/ptII/ptolemy/domains/de/test/auto/PeriodicSampler.xml (RunModel)" time="0.009" />
  <testcase classname="ptolemy.util.test.junit.AutoTests" name="[49] /home/travis/build/icyphy/ptII/ptolemy/domains/de/test/auto/PersistentIO.xml (RunModel)" time="0.024" />
  <testcase classname="ptolemy.util.test.junit.AutoTests" name="[50] /home/travis/build/icyphy/ptII/ptolemy/domains/de/test/auto/PortParameterResetOnInitialize.xml (RunModel)" time="0.015" />
  <testcase classname="ptolemy.util.test.junit.AutoTests" name="[51] /home/travis/build/icyphy/ptII/ptolemy/domains/de/test/auto/PortParameterUpdates.xml (RunModel)" time="0.021" />
  <testcase classname="ptolemy.util.test.junit.AutoTests" name="[52] /home/travis/build/icyphy/ptII/ptolemy/domains/de/test/auto/QueueAndServer.xml (RunModel)" time="0.021" />
  <testcase classname="ptolemy.util.test.junit.AutoTests" name="[53] /home/travis/build/icyphy/ptII/ptolemy/domains/de/test/auto/Records.xml (RunModel)" time="0.016" />
  <testcase classname="ptolemy.util.test.junit.AutoTests" name="[54] /home/travis/build/icyphy/ptII/ptolemy/domains/de/test/auto/ResetTransitionWithStartTime1.xml (RunModel)" time="0.025" />
  <testcase classname="ptolemy.util.test.junit.AutoTests" name="[55] /home/travis/build/icyphy/ptII/ptolemy/domains/de/test/auto/ResetTransitionWithStartTime2.xml (RunModel)" time="0.025" />
  <testcase classname="ptolemy.util.test.junit.AutoTests" name="[56] /home/travis/build/icyphy/ptII/ptolemy/domains/de/test/auto/ResetTransitionWithStartTime3.xml (RunModel)" time="0.022" />
  <testcase classname="ptolemy.util.test.junit.AutoTests" name="[57] /home/travis/build/icyphy/ptII/ptolemy/domains/de/test/auto/ResetTransitionWithStartTime4.xml (RunModel)" time="0.021" />
  <testcase classname="ptolemy.util.test.junit.AutoTests" name="[58] /home/travis/build/icyphy/ptII/ptolemy/domains/de/test/auto/ResettableTimer1.xml (RunModel)" time="0.01" />
  <testcase classname="ptolemy.util.test.junit.AutoTests" name="[59] /home/travis/build/icyphy/ptII/ptolemy/domains/de/test/auto/ResettableTimer2.xml (RunModel)" time="0.009" />
  <testcase classname="ptolemy.util.test.junit.AutoTests" name="[60] /home/travis/build/icyphy/ptII/ptolemy/domains/de/test/auto/ResettableTimer3.xml (RunModel)" time="0.009" />
  <testcase classname="ptolemy.util.test.junit.AutoTests" name="[61] /home/travis/build/icyphy/ptII/ptolemy/domains/de/test/auto/ResettableTimer4.xml (RunModel)" time="0.01" />
  <testcase classname="ptolemy.util.test.junit.AutoTests" name="[62] /home/travis/build/icyphy/ptII/ptolemy/domains/de/test/auto/ResettableTimer5.xml (RunModel)" time="0.01" />
  <testcase classname="ptolemy.util.test.junit.AutoTests" name="[63] /home/travis/build/icyphy/ptII/ptolemy/domains/de/test/auto/ResettableTimer6.xml (RunModel)" time="0.011" />
  <testcase classname="ptolemy.util.test.junit.AutoTests" name="[64] /home/travis/build/icyphy/ptII/ptolemy/domains/de/test/auto/ServerZeroDelay.xml (RunModel)" time="0.01" />
  <testcase classname="ptolemy.util.test.junit.AutoTests" name="[65] /home/travis/build/icyphy/ptII/ptolemy/domains/de/test/auto/SmartSender.xml (RunModel)" time="3.01" />
  <testcase classname="ptolemy.util.test.junit.AutoTests" name="[66] /home/travis/build/icyphy/ptII/ptolemy/domains/de/test/auto/ThreadedComposite.xml (RunModel)" time="0.172" />
  <testcase classname="ptolemy.util.test.junit.AutoTests" name="[67] /home/travis/build/icyphy/ptII/ptolemy/domains/de/test/auto/Time.xml (RunModel)" time="0.511" />
  <testcase classname="ptolemy.util.test.junit.AutoTests" name="[68] /home/travis/build/icyphy/ptII/ptolemy/domains/de/test/auto/TimeDelayZeroDelay.xml (RunModel)" time="0.01" />
  <testcase classname="ptolemy.util.test.junit.AutoTests" name="[69] /home/travis/build/icyphy/ptII/ptolemy/domains/de/test/auto/TimerZeroDelay.xml (RunModel)" time="0.01" />
  <testcase classname="ptolemy.util.test.junit.AutoTests" name="[70] /home/travis/build/icyphy/ptII/ptolemy/domains/de/test/auto/TimingParadox.xml (RunModel)" time="0.417" />
  <testcase classname="ptolemy.util.test.junit.AutoTests" name="[71] /home/travis/build/icyphy/ptII/ptolemy/domains/de/test/auto/TransferInputs.xml (RunModel)" time="0.009" />
  <testcase classname="ptolemy.util.test.junit.AutoTests" name="[72] /home/travis/build/icyphy/ptII/ptolemy/domains/de/test/auto/TransferOutputs2.xml (RunModel)" time="0.017" />
  <testcase classname="ptolemy.util.test.junit.AutoTests" name="[73] /home/travis/build/icyphy/ptII/ptolemy/domains/de/test/auto/Trilateration.xml (RunModel)" time="11.702" />
  <testcase classname="ptolemy.util.test.junit.AutoTests" name="[74] /home/travis/build/icyphy/ptII/ptolemy/domains/de/test/auto/TwoSigmaDelta.xml (RunModel)" time="2.096" />
  <testcase classname="ptolemy.util.test.junit.AutoTests" name="[75] /home/travis/build/icyphy/ptII/ptolemy/domains/de/test/auto/VariableDelay.xml (RunModel)" time="0.013" />
  <testcase classname="ptolemy.util.test.junit.AutoTests" name="[76] /home/travis/build/icyphy/ptII/ptolemy/domains/de/test/auto/VariableDelay2.xml (RunModel)" time="0.013" />
  <testcase classname="ptolemy.util.test.junit.AutoTests" name="[77] /home/travis/build/icyphy/ptII/ptolemy/domains/de/test/auto/VariableDelayZeroDelay.xml (RunModel)" time="0.014" />
  <testcase classname="ptolemy.util.test.junit.AutoTests" name="[78] /home/travis/build/icyphy/ptII/ptolemy/domains/de/test/auto/VariableDelayZeroDelay2.xml (RunModel)" time="0.014" />
  <testcase classname="ptolemy.util.test.junit.AutoTests" name="[79] /home/travis/build/icyphy/ptII/ptolemy/domains/de/test/auto/deInCt.xml (RunModel)" time="0.021" />
  <testcase classname="ptolemy.util.test.junit.AutoTests" name="[80] /home/travis/build/icyphy/ptII/ptolemy/domains/de/test/auto/deInCt2.xml (RunModel)" time="0.019" />
  <testcase classname="ptolemy.util.test.junit.AutoTests" name="[81] /home/travis/build/icyphy/ptII/ptolemy/domains/de/test/auto/dynamicCausalityInterface1.xml (RunModel)" time="0.027" />
  <testcase classname="ptolemy.util.test.junit.AutoTests" name="[82] /home/travis/build/icyphy/ptII/ptolemy/domains/de/test/auto/fsm_de_test.xml (RunModel)" time="0.027" />
  <testcase classname="ptolemy.util.test.junit.AutoTests" name="[83] /home/travis/build/icyphy/ptII/ptolemy/domains/de/test/auto/functionDependencyReconstruction.xml (RunModel)" time="0.038" />
  <testcase classname="ptolemy.util.test.junit.AutoTests" name="[84] /home/travis/build/icyphy/ptII/ptolemy/domains/de/test/auto/multirate.xml (RunModel)" time="0.019" />
  <testcase classname="ptolemy.util.test.junit.AutoTests" name="[85] /home/travis/build/icyphy/ptII/ptolemy/domains/de/test/auto/multirate2.xml (RunModel)" time="0.025" />
  <testcase classname="ptolemy.util.test.junit.AutoTests" name="[86] /home/travis/build/icyphy/ptII/ptolemy/domains/de/test/auto/realtime.xml (RunModel)" time="10.012" />
  <testcase classname="ptolemy.util.test.junit.AutoTests" name="[87] /home/travis/build/icyphy/ptII/ptolemy/domains/de/test/auto/relationGroup.xml (RunModel)" time="0.008" />
  <testcase classname="ptolemy.util.test.junit.AutoTests" name="[88] /home/travis/build/icyphy/ptII/ptolemy/domains/de/test/auto/relationGroup2.xml (RunModel)" time="0.007" />
  <testcase classname="ptolemy.util.test.junit.AutoTests" name="[89] /home/travis/build/icyphy/ptII/ptolemy/domains/de/test/auto/sortWithOpaquePorts.xml (RunModel)" time="0.009" />
  <testcase classname="ptolemy.util.test.junit.AutoTests" name="[90] /home/travis/build/icyphy/ptII/ptolemy/domains/de/test/auto/transferInputsandOutputs.xml (RunModel)" time="0.014" />
  <testcase classname="ptolemy.util.test.junit.AutoTests" name="[91] /home/travis/build/icyphy/ptII/ptolemy/domains/de/test/auto/triggerType.xml (RunModel)" time="0.008" />
  <system-out><![CDATA[/home/travis/build/icyphy/ptII/ptolemy/domains/de/test/DependencyLoop.tcl
testDefs.tcl: setting time out to 9000 seconds at Sat May 12 02:06:39 UTC 2018
15 ms. Memory: 116224K Free: 95087K (82%)
14 ms. Memory: 116224K Free: 107682K (93%)
/home/travis/build/icyphy/ptII/ptolemy/domains/de/test/RunDETestsAsQSS.tcl
Run the DE tests using ptolemy.domains.qss.test.QSSDirectorTest, which extends QSSDirector and prints a message in the constructors.
------------------ testing $PTII/ptolemy/domains/de/test/auto/knownFailedTests/dependencyLoop.xml (Known Failure) 
8 ms. Memory: 116224K Free: 104524K (90%)


==== $PTIIhome/travis/build/icyphy/ptII/ptolemy/domains/de/test/../../../../: Auto Automatic test in file $PTII/ptolemy/domains/de/test/auto/knownFailedTests/dependencyLoop.xml
==== Contents of test case:

	    # FIXME: we should use $relativeFilename here, but it
	    # might have backslashes under Windows, which causes no end
	    # of trouble.
	    createAndExecute $file
	    list {}
	
.... Test generated KNOWN error:
    while executing
ptolemy.kernel.util.IllegalActionException: Found a zero delay loop containing .dependencyLoop.original
  in .dependencyLoop and .dependencyLoop.original
	at ptolemy.actor.util.CausalityInterfaceForComposites._computeOutputPortDepth(CausalityInterfaceForComposites.java:759)
	at ptolemy.actor.util.CausalityInterfaceForComposites._computeInputDepth(CausalityInterfaceForComposites.java:696)
	at ptolemy.actor.util.CausalityInterfaceForComposites._computeOutputPortDepth(CausalityInterfaceForComposites.java:765)
	at ptolemy.actor.util.CausalityInterfaceForComposites._computeInputDepth(CausalityInterfaceForComposites.java:696)
	at ptolemy.actor.util.CausalityInterfaceForComposites._computeOutputPortDepth(CausalityInterfaceForComposites.java:765)
	at ptolemy.actor.util.CausalityInterfaceForComposites._computeInputDepth(CausalityInterfaceForComposites.java:696)
	at ptolemy.actor.util.CausalityInterfaceForComposites._computeActorDepth(CausalityInterfaceForComposites.java:532)
	at ptolemy.actor.util.CausalityInterfaceForComposites.checkForCycles(CausalityInterfaceForComposites.java:96)
	at ptolemy.domains.de.kernel.DEDirector.preinitialize(DEDirector.java:1337)
	at ptolemy.actor.CompositeActor.preinitialize(CompositeActor.java:1828)
	at ptolemy.actor.Manager.preinitializeAndResolveTypes(Manager.java:1040)
	at ptolemy.actor.Manager.initialize(Manager.java:710)
	at ptolemy.actor.Manager.execute(Manager.java:356)
	at ptolemy.actor.Manager.run(Manager.java:1263)
	at ptolemy.actor.Manager$PtolemyRunThread.run(Manager.java:1915)

    while executing
ptolemy.kernel.util.IllegalActionException: Found a zero delay loop containing .dependencyLoop.original
  in .dependencyLoop and .dependencyLoop.original
    while executing
"java::new ptolemy.moml.MoMLSimpleApplication $file
"
    (procedure "createAndExecute" line 2)
    invoked from within
"createAndExecute $file"
    ("uplevel" body line 5)
    invoked from within
"uplevel $contents_of_test"
------------------ testing $PTII/ptolemy/domains/de/test/auto/knownFailedTests/DESDFClockTest.xml (Known Failure) 
2063 ms. Memory: 116224K Free: 90053K (77%)


==== $PTIIhome/travis/build/icyphy/ptII/ptolemy/domains/de/test/../../../../: Auto Automatic test in file $PTII/ptolemy/domains/de/test/auto/knownFailedTests/DESDFClockTest.xml
==== Contents of test case:

	    # FIXME: we should use $relativeFilename here, but it
	    # might have backslashes under Windows, which causes no end
	    # of trouble.
	    createAndExecute $file
	    list {}
	
.... Test generated KNOWN error:
    while executing
ptolemy.kernel.util.IllegalActionException: Actor is not ready to fire.  Perhaps UpSample.prefire() returned false? Try debugging the actor by selecting "Listen to Actor".  Also, for SDF check moml for tokenConsumptionRate on input.
  in .DESDFClockTest.Play Bell.Copy1:SDF Director and .DESDFClockTest.Play Bell.UpSample
	at ptolemy.actor.sched.StaticSchedulingDirector.fire(StaticSchedulingDirector.java:227)
	at ptolemy.domains.sdf.kernel.SDFDirector.fire(SDFDirector.java:500)
	at ptolemy.actor.CompositeActor.fire(CompositeActor.java:455)
	at ptolemy.domains.de.kernel.DEDirector._fire(DEDirector.java:1948)
	at ptolemy.domains.de.kernel.DEDirector.fire(DEDirector.java:502)
	at ptolemy.actor.CompositeActor.fire(CompositeActor.java:455)
	at ptolemy.actor.Manager.iterate(Manager.java:851)
	at ptolemy.actor.Manager.execute(Manager.java:369)
	at ptolemy.actor.Manager.run(Manager.java:1263)
	at ptolemy.actor.Manager$PtolemyRunThread.run(Manager.java:1915)

    while executing
ptolemy.kernel.util.IllegalActionException: Actor is not ready to fire.  Perhaps UpSample.prefire() returned false? Try debugging the actor by selecting "Listen to Actor".  Also, for SDF check moml for tokenConsumptionRate on input.
  in .DESDFClockTest.Play Bell.Copy1:SDF Director and .DESDFClockTest.Play Bell.UpSample
    while executing
"java::new ptolemy.moml.MoMLSimpleApplication $file
"
    (procedure "createAndExecute" line 2)
    invoked from within
"createAndExecute $file"
    ("uplevel" body line 5)
    invoked from within
"uplevel $contents_of_test"
------------------ testing $PTII/ptolemy/domains/de/test/auto/knownFailedTests/FSMSource.xml (Known Failure) 
55 ms. Memory: 116224K Free: 111937K (96%)
!!!! Auto was marked as failing, but now passes
------------------ testing $PTII/ptolemy/domains/de/test/auto/knownFailedTests/dependencyLoop2.xml (Known Failure) 
13 ms. Memory: 116224K Free: 94025K (81%)


==== $PTIIhome/travis/build/icyphy/ptII/ptolemy/domains/de/test/../../../../: Auto Automatic test in file $PTII/ptolemy/domains/de/test/auto/knownFailedTests/dependencyLoop2.xml
==== Contents of test case:

	    # FIXME: we should use $relativeFilename here, but it
	    # might have backslashes under Windows, which causes no end
	    # of trouble.
	    createAndExecute $file
	    list {}
	
.... Test generated KNOWN error:
    while executing
ptolemy.kernel.util.IllegalActionException: Found a zero delay loop containing .dependencyLoop2.original
  in .dependencyLoop2 and .dependencyLoop2.original
	at ptolemy.actor.util.CausalityInterfaceForComposites._computeOutputPortDepth(CausalityInterfaceForComposites.java:759)
	at ptolemy.actor.util.CausalityInterfaceForComposites._computeInputDepth(CausalityInterfaceForComposites.java:696)
	at ptolemy.actor.util.CausalityInterfaceForComposites._computeOutputPortDepth(CausalityInterfaceForComposites.java:765)
	at ptolemy.actor.util.CausalityInterfaceForComposites._computeInputDepth(CausalityInterfaceForComposites.java:696)
	at ptolemy.actor.util.CausalityInterfaceForComposites._computeOutputPortDepth(CausalityInterfaceForComposites.java:765)
	at ptolemy.actor.util.CausalityInterfaceForComposites._computeInputDepth(CausalityInterfaceForComposites.java:696)
	at ptolemy.actor.util.CausalityInterfaceForComposites._computeActorDepth(CausalityInterfaceForComposites.java:532)
	at ptolemy.actor.util.CausalityInterfaceForComposites.checkForCycles(CausalityInterfaceForComposites.java:96)
	at ptolemy.domains.de.kernel.DEDirector.preinitialize(DEDirector.java:1337)
	at ptolemy.actor.CompositeActor.preinitialize(CompositeActor.java:1828)
	at ptolemy.actor.Manager.preinitializeAndResolveTypes(Manager.java:1040)
	at ptolemy.actor.Manager.initialize(Manager.java:710)
	at ptolemy.actor.Manager.execute(Manager.java:356)
	at ptolemy.actor.Manager.run(Manager.java:1263)
	at ptolemy.actor.Manager$PtolemyRunThread.run(Manager.java:1915)

    while executing
ptolemy.kernel.util.IllegalActionException: Found a zero delay loop containing .dependencyLoop2.original
  in .dependencyLoop2 and .dependencyLoop2.original
    while executing
"java::new ptolemy.moml.MoMLSimpleApplication $file
"
    (procedure "createAndExecute" line 2)
    invoked from within
"createAndExecute $file"
    ("uplevel" body line 5)
    invoked from within
"uplevel $contents_of_test"
------------------ testing $PTII/ptolemy/domains/de/test/auto/knownFailedTests/HierarchicalModel.xml (Known Failure) 
12 ms. Memory: 146944K Free: 134481K (92%)


==== $PTIIhome/travis/build/icyphy/ptII/ptolemy/domains/de/test/../../../../: Auto Automatic test in file $PTII/ptolemy/domains/de/test/auto/knownFailedTests/HierarchicalModel.xml
==== Contents of test case:

	    # FIXME: we should use $relativeFilename here, but it
	    # might have backslashes under Windows, which causes no end
	    # of trouble.
	    createAndExecute $file
	    list {}
	
.... Test generated KNOWN error:
    while executing
ptolemy.kernel.util.IllegalActionException: Found a zero delay loop containing .HierarchicalModel.A
  in .HierarchicalModel and .HierarchicalModel.A
	at ptolemy.actor.util.CausalityInterfaceForComposites._computeOutputPortDepth(CausalityInterfaceForComposites.java:759)
	at ptolemy.actor.util.CausalityInterfaceForComposites._computeInputDepth(CausalityInterfaceForComposites.java:696)
	at ptolemy.actor.util.CausalityInterfaceForComposites._computeOutputPortDepth(CausalityInterfaceForComposites.java:765)
	at ptolemy.actor.util.CausalityInterfaceForComposites._computeInputDepth(CausalityInterfaceForComposites.java:696)
	at ptolemy.actor.util.CausalityInterfaceForComposites._computeOutputPortDepth(CausalityInterfaceForComposites.java:765)
	at ptolemy.actor.util.CausalityInterfaceForComposites._computeInputDepth(CausalityInterfaceForComposites.java:696)
	at ptolemy.actor.util.CausalityInterfaceForComposites._computeActorDepth(CausalityInterfaceForComposites.java:532)
	at ptolemy.actor.util.CausalityInterfaceForComposites.checkForCycles(CausalityInterfaceForComposites.java:96)
	at ptolemy.domains.de.kernel.DEDirector.preinitialize(DEDirector.java:1337)
	at ptolemy.actor.CompositeActor.preinitialize(CompositeActor.java:1828)
	at ptolemy.actor.Manager.preinitializeAndResolveTypes(Manager.java:1040)
	at ptolemy.actor.Manager.initialize(Manager.java:710)
	at ptolemy.actor.Manager.execute(Manager.java:356)
	at ptolemy.actor.Manager.run(Manager.java:1263)
	at ptolemy.actor.Manager$PtolemyRunThread.run(Manager.java:1915)

    while executing
ptolemy.kernel.util.IllegalActionException: Found a zero delay loop containing .HierarchicalModel.A
  in .HierarchicalModel and .HierarchicalModel.A
    while executing
"java::new ptolemy.moml.MoMLSimpleApplication $file
"
    (procedure "createAndExecute" line 2)
    invoked from within
"createAndExecute $file"
    ("uplevel" body line 5)
    invoked from within
"uplevel $contents_of_test"
------------------ testing $PTII/ptolemy/domains/de/test/auto/knownFailedTests/DirectFeedback.xml (Known Failure) 
7 ms. Memory: 146944K Free: 130510K (89%)


==== $PTIIhome/travis/build/icyphy/ptII/ptolemy/domains/de/test/../../../../: Auto Automatic test in file $PTII/ptolemy/domains/de/test/auto/knownFailedTests/DirectFeedback.xml
==== Contents of test case:

	    # FIXME: we should use $relativeFilename here, but it
	    # might have backslashes under Windows, which causes no end
	    # of trouble.
	    createAndExecute $file
	    list {}
	
.... Test generated KNOWN error:
    while executing
ptolemy.kernel.util.IllegalActionException: Test fails in iteration 1.
Value was: 1.0. Should have been: 2.0
  in .DirectFeedback.Test
	at ptolemy.actor.lib.Test.fire(Test.java:268)
	at ptolemy.domains.de.kernel.DEDirector._fire(DEDirector.java:1948)
	at ptolemy.domains.de.kernel.DEDirector.fire(DEDirector.java:502)
	at ptolemy.actor.CompositeActor.fire(CompositeActor.java:455)
	at ptolemy.actor.Manager.iterate(Manager.java:851)
	at ptolemy.actor.Manager.execute(Manager.java:369)
	at ptolemy.actor.Manager.run(Manager.java:1263)
	at ptolemy.actor.Manager$PtolemyRunThread.run(Manager.java:1915)

    while executing
ptolemy.kernel.util.IllegalActionException: Test fails in iteration 1.
Value was: 1.0. Should have been: 2.0
  in .DirectFeedback.Test
    while executing
"java::new ptolemy.moml.MoMLSimpleApplication $file
"
    (procedure "createAndExecute" line 2)
    invoked from within
"createAndExecute $file"
    ("uplevel" body line 5)
    invoked from within
"uplevel $contents_of_test"
------------------ testing $PTII/ptolemy/domains/de/test/auto/ActorDepthCalculation_actorWithoutPorts.xml
auto.tcl: Setting watchdog for 200 seconds at Sat May 12 02:06:42 UTC 2018
13 ms. Memory: 146944K Free: 121669K (83%)
ptolemy.util.test.WatchDog.cancel(): canceling Sat May 12 02:06:42 UTC 2018
auto.tcl: Setting watchdog for 200 seconds at Sat May 12 02:06:42 UTC 2018
5 ms. Memory: 146944K Free: 120605K (82%)
ptolemy.util.test.WatchDog.cancel(): canceling Sat May 12 02:06:42 UTC 2018
------------------ testing $PTII/ptolemy/domains/de/test/auto/AssemblyLine.xml
auto.tcl: Setting watchdog for 200 seconds at Sat May 12 02:06:43 UTC 2018
11 ms. Memory: 146944K Free: 127512K (87%)
ptolemy.util.test.WatchDog.cancel(): canceling Sat May 12 02:06:43 UTC 2018
auto.tcl: Setting watchdog for 200 seconds at Sat May 12 02:06:43 UTC 2018
7 ms. Memory: 146944K Free: 126446K (86%)
ptolemy.util.test.WatchDog.cancel(): canceling Sat May 12 02:06:43 UTC 2018
------------------ testing $PTII/ptolemy/domains/de/test/auto/CQBug1.xml
auto.tcl: Setting watchdog for 200 seconds at Sat May 12 02:06:43 UTC 2018
7 ms. Memory: 146944K Free: 138298K (94%)
ptolemy.util.test.WatchDog.cancel(): canceling Sat May 12 02:06:43 UTC 2018
auto.tcl: Setting watchdog for 200 seconds at Sat May 12 02:06:43 UTC 2018
2 ms. Memory: 146944K Free: 138298K (94%)
ptolemy.util.test.WatchDog.cancel(): canceling Sat May 12 02:06:43 UTC 2018
------------------ testing $PTII/ptolemy/domains/de/test/auto/CancelFireAt.xml
auto.tcl: Setting watchdog for 200 seconds at Sat May 12 02:06:43 UTC 2018
5 ms. Memory: 146944K Free: 140277K (95%)
ptolemy.util.test.WatchDog.cancel(): canceling Sat May 12 02:06:43 UTC 2018
auto.tcl: Setting watchdog for 200 seconds at Sat May 12 02:06:43 UTC 2018
4 ms. Memory: 146944K Free: 139227K (95%)
ptolemy.util.test.WatchDog.cancel(): canceling Sat May 12 02:06:43 UTC 2018
------------------ testing $PTII/ptolemy/domains/de/test/auto/CausalityAndComposabilityAnalysis.xml
auto.tcl: Setting watchdog for 200 seconds at Sat May 12 02:06:43 UTC 2018
18 ms. Memory: 146944K Free: 137980K (94%)
ptolemy.util.test.WatchDog.cancel(): canceling Sat May 12 02:06:43 UTC 2018
auto.tcl: Setting watchdog for 200 seconds at Sat May 12 02:06:43 UTC 2018
6 ms. Memory: 146944K Free: 136930K (93%)
ptolemy.util.test.WatchDog.cancel(): canceling Sat May 12 02:06:43 UTC 2018
------------------ testing $PTII/ptolemy/domains/de/test/auto/CausalityInterface1.xml
auto.tcl: Setting watchdog for 200 seconds at Sat May 12 02:06:43 UTC 2018
21 ms. Memory: 146944K Free: 136213K (93%)
ptolemy.util.test.WatchDog.cancel(): canceling Sat May 12 02:06:43 UTC 2018
auto.tcl: Setting watchdog for 200 seconds at Sat May 12 02:06:43 UTC 2018
4 ms. Memory: 146944K Free: 136213K (93%)
ptolemy.util.test.WatchDog.cancel(): canceling Sat May 12 02:06:43 UTC 2018
------------------ testing $PTII/ptolemy/domains/de/test/auto/CausalityInterface15.xml
auto.tcl: Setting watchdog for 200 seconds at Sat May 12 02:06:43 UTC 2018
9 ms. Memory: 146944K Free: 135179K (92%)
ptolemy.util.test.WatchDog.cancel(): canceling Sat May 12 02:06:43 UTC 2018
auto.tcl: Setting watchdog for 200 seconds at Sat May 12 02:06:43 UTC 2018
5 ms. Memory: 146944K Free: 135179K (92%)
ptolemy.util.test.WatchDog.cancel(): canceling Sat May 12 02:06:43 UTC 2018
------------------ testing $PTII/ptolemy/domains/de/test/auto/CausalityInterface2.xml
auto.tcl: Setting watchdog for 200 seconds at Sat May 12 02:06:43 UTC 2018
7 ms. Memory: 146944K Free: 136244K (93%)
ptolemy.util.test.WatchDog.cancel(): canceling Sat May 12 02:06:43 UTC 2018
auto.tcl: Setting watchdog for 200 seconds at Sat May 12 02:06:43 UTC 2018
4 ms. Memory: 146944K Free: 136244K (93%)
ptolemy.util.test.WatchDog.cancel(): canceling Sat May 12 02:06:43 UTC 2018
------------------ testing $PTII/ptolemy/domains/de/test/auto/CausalityInterface3.xml
auto.tcl: Setting watchdog for 200 seconds at Sat May 12 02:06:44 UTC 2018
5 ms. Memory: 146944K Free: 136336K (93%)
ptolemy.util.test.WatchDog.cancel(): canceling Sat May 12 02:06:44 UTC 2018
auto.tcl: Setting watchdog for 200 seconds at Sat May 12 02:06:44 UTC 2018
3 ms. Memory: 146944K Free: 135270K (92%)
ptolemy.util.test.WatchDog.cancel(): canceling Sat May 12 02:06:44 UTC 2018
------------------ testing $PTII/ptolemy/domains/de/test/auto/ClockDrift.xml
auto.tcl: Setting watchdog for 200 seconds at Sat May 12 02:06:44 UTC 2018
102 ms. Memory: 146944K Free: 127991K (87%)
ptolemy.util.test.WatchDog.cancel(): canceling Sat May 12 02:06:44 UTC 2018
auto.tcl: Setting watchdog for 200 seconds at Sat May 12 02:06:44 UTC 2018
50 ms. Memory: 146944K Free: 124842K (85%)
ptolemy.util.test.WatchDog.cancel(): canceling Sat May 12 02:06:44 UTC 2018
------------------ testing $PTII/ptolemy/domains/de/test/auto/ClockDriftAndValueChange.xml
auto.tcl: Setting watchdog for 200 seconds at Sat May 12 02:06:44 UTC 2018
60 ms. Memory: 146944K Free: 127850K (87%)
ptolemy.util.test.WatchDog.cancel(): canceling Sat May 12 02:06:44 UTC 2018
auto.tcl: Setting watchdog for 200 seconds at Sat May 12 02:06:44 UTC 2018
43 ms. Memory: 146944K Free: 124676K (85%)
ptolemy.util.test.WatchDog.cancel(): canceling Sat May 12 02:06:44 UTC 2018
------------------ testing $PTII/ptolemy/domains/de/test/auto/ClockDriftChange.xml
auto.tcl: Setting watchdog for 200 seconds at Sat May 12 02:06:44 UTC 2018
37 ms. Memory: 146944K Free: 130690K (89%)
ptolemy.util.test.WatchDog.cancel(): canceling Sat May 12 02:06:44 UTC 2018
auto.tcl: Setting watchdog for 200 seconds at Sat May 12 02:06:44 UTC 2018
29 ms. Memory: 146944K Free: 128464K (87%)
ptolemy.util.test.WatchDog.cancel(): canceling Sat May 12 02:06:44 UTC 2018
------------------ testing $PTII/ptolemy/domains/de/test/auto/ComposableCausalityAnalysis.xml
auto.tcl: Setting watchdog for 200 seconds at Sat May 12 02:06:44 UTC 2018
2 ms. Memory: 146944K Free: 135149K (92%)
ptolemy.util.test.WatchDog.cancel(): canceling Sat May 12 02:06:44 UTC 2018
auto.tcl: Setting watchdog for 200 seconds at Sat May 12 02:06:44 UTC 2018
4 ms. Memory: 146944K Free: 133973K (91%)
ptolemy.util.test.WatchDog.cancel(): canceling Sat May 12 02:06:44 UTC 2018
------------------ testing $PTII/ptolemy/domains/de/test/auto/DEFixedPointLimitation.xml
auto.tcl: Setting watchdog for 200 seconds at Sat May 12 02:06:44 UTC 2018
3 ms. Memory: 146944K Free: 137219K (93%)
ptolemy.util.test.WatchDog.cancel(): canceling Sat May 12 02:06:44 UTC 2018
auto.tcl: Setting watchdog for 200 seconds at Sat May 12 02:06:44 UTC 2018
2 ms. Memory: 146944K Free: 136170K (93%)
ptolemy.util.test.WatchDog.cancel(): canceling Sat May 12 02:06:44 UTC 2018
------------------ testing $PTII/ptolemy/domains/de/test/auto/DEScheduleTest.xml
auto.tcl: Setting watchdog for 200 seconds at Sat May 12 02:06:44 UTC 2018
6 ms. Memory: 146944K Free: 137247K (93%)
ptolemy.util.test.WatchDog.cancel(): canceling Sat May 12 02:06:44 UTC 2018
auto.tcl: Setting watchdog for 200 seconds at Sat May 12 02:06:44 UTC 2018
4 ms. Memory: 146944K Free: 136181K (93%)
ptolemy.util.test.WatchDog.cancel(): canceling Sat May 12 02:06:44 UTC 2018
------------------ testing $PTII/ptolemy/domains/de/test/auto/DEinDEwithStartTimes.xml
auto.tcl: Setting watchdog for 200 seconds at Sat May 12 02:06:45 UTC 2018
6 ms. Memory: 146944K Free: 136158K (93%)
ptolemy.util.test.WatchDog.cancel(): canceling Sat May 12 02:06:45 UTC 2018
auto.tcl: Setting watchdog for 200 seconds at Sat May 12 02:06:45 UTC 2018
5 ms. Memory: 146944K Free: 134043K (91%)
ptolemy.util.test.WatchDog.cancel(): canceling Sat May 12 02:06:45 UTC 2018
------------------ testing $PTII/ptolemy/domains/de/test/auto/DEinDEwithStartTimes2.xml
auto.tcl: Setting watchdog for 200 seconds at Sat May 12 02:06:45 UTC 2018
6 ms. Memory: 146944K Free: 135080K (92%)
ptolemy.util.test.WatchDog.cancel(): canceling Sat May 12 02:06:45 UTC 2018
auto.tcl: Setting watchdog for 200 seconds at Sat May 12 02:06:45 UTC 2018
5 ms. Memory: 146944K Free: 134031K (91%)
ptolemy.util.test.WatchDog.cancel(): canceling Sat May 12 02:06:45 UTC 2018
------------------ testing $PTII/ptolemy/domains/de/test/auto/DateDemo.xml
auto.tcl: Setting watchdog for 200 seconds at Sat May 12 02:06:45 UTC 2018
8 ms. Memory: 146944K Free: 129123K (88%)
ptolemy.util.test.WatchDog.cancel(): canceling Sat May 12 02:06:45 UTC 2018
auto.tcl: Setting watchdog for 200 seconds at Sat May 12 02:06:45 UTC 2018
8 ms. Memory: 146944K Free: 126991K (86%)
ptolemy.util.test.WatchDog.cancel(): canceling Sat May 12 02:06:45 UTC 2018
------------------ testing $PTII/ptolemy/domains/de/test/auto/DateToEvent.xml
auto.tcl: Setting watchdog for 200 seconds at Sat May 12 02:06:45 UTC 2018
2011 ms. Memory: 146944K Free: 123180K (84%)
ptolemy.util.test.WatchDog.cancel(): canceling Sat May 12 02:06:47 UTC 2018
auto.tcl: Setting watchdog for 200 seconds at Sat May 12 02:06:47 UTC 2018
2006 ms. Memory: 146944K Free: 122130K (83%)
ptolemy.util.test.WatchDog.cancel(): canceling Sat May 12 02:06:49 UTC 2018
------------------ testing $PTII/ptolemy/domains/de/test/auto/DepthTest1.xml
auto.tcl: Setting watchdog for 200 seconds at Sat May 12 02:06:49 UTC 2018
2 ms. Memory: 146944K Free: 138472K (94%)
ptolemy.util.test.WatchDog.cancel(): canceling Sat May 12 02:06:49 UTC 2018
auto.tcl: Setting watchdog for 200 seconds at Sat May 12 02:06:49 UTC 2018
3 ms. Memory: 146944K Free: 138472K (94%)
ptolemy.util.test.WatchDog.cancel(): canceling Sat May 12 02:06:49 UTC 2018
------------------ testing $PTII/ptolemy/domains/de/test/auto/DepthTest2.xml
auto.tcl: Setting watchdog for 200 seconds at Sat May 12 02:06:49 UTC 2018
8 ms. Memory: 146944K Free: 134135K (91%)
ptolemy.util.test.WatchDog.cancel(): canceling Sat May 12 02:06:49 UTC 2018
auto.tcl: Setting watchdog for 200 seconds at Sat May 12 02:06:49 UTC 2018
3 ms. Memory: 146944K Free: 134135K (91%)
ptolemy.util.test.WatchDog.cancel(): canceling Sat May 12 02:06:49 UTC 2018
------------------ testing $PTII/ptolemy/domains/de/test/auto/DepthTest3.xml
auto.tcl: Setting watchdog for 200 seconds at Sat May 12 02:06:49 UTC 2018
2 ms. Memory: 146944K Free: 138891K (95%)
ptolemy.util.test.WatchDog.cancel(): canceling Sat May 12 02:06:49 UTC 2018
auto.tcl: Setting watchdog for 200 seconds at Sat May 12 02:06:49 UTC 2018
1 ms. Memory: 146944K Free: 138891K (95%)
ptolemy.util.test.WatchDog.cancel(): canceling Sat May 12 02:06:49 UTC 2018
------------------ testing $PTII/ptolemy/domains/de/test/auto/DepthTest4.xml
auto.tcl: Setting watchdog for 200 seconds at Sat May 12 02:06:49 UTC 2018
6 ms. Memory: 146944K Free: 136155K (93%)
ptolemy.util.test.WatchDog.cancel(): canceling Sat May 12 02:06:49 UTC 2018
auto.tcl: Setting watchdog for 200 seconds at Sat May 12 02:06:49 UTC 2018
3 ms. Memory: 146944K Free: 135106K (92%)
ptolemy.util.test.WatchDog.cancel(): canceling Sat May 12 02:06:49 UTC 2018
------------------ testing $PTII/ptolemy/domains/de/test/auto/DepthTest5.xml
auto.tcl: Setting watchdog for 200 seconds at Sat May 12 02:06:49 UTC 2018
7 ms. Memory: 146944K Free: 135028K (92%)
ptolemy.util.test.WatchDog.cancel(): canceling Sat May 12 02:06:49 UTC 2018
auto.tcl: Setting watchdog for 200 seconds at Sat May 12 02:06:49 UTC 2018
2 ms. Memory: 146944K Free: 135028K (92%)
ptolemy.util.test.WatchDog.cancel(): canceling Sat May 12 02:06:49 UTC 2018
------------------ testing $PTII/ptolemy/domains/de/test/auto/DepthTest6.xml
auto.tcl: Setting watchdog for 200 seconds at Sat May 12 02:06:49 UTC 2018
8 ms. Memory: 146944K Free: 134989K (92%)
ptolemy.util.test.WatchDog.cancel(): canceling Sat May 12 02:06:49 UTC 2018
auto.tcl: Setting watchdog for 200 seconds at Sat May 12 02:06:49 UTC 2018
2 ms. Memory: 146944K Free: 134989K (92%)
ptolemy.util.test.WatchDog.cancel(): canceling Sat May 12 02:06:49 UTC 2018
------------------ testing $PTII/ptolemy/domains/de/test/auto/DepthTest7.xml
auto.tcl: Setting watchdog for 200 seconds at Sat May 12 02:06:50 UTC 2018
6 ms. Memory: 146944K Free: 136067K (93%)
ptolemy.util.test.WatchDog.cancel(): canceling Sat May 12 02:06:50 UTC 2018
auto.tcl: Setting watchdog for 200 seconds at Sat May 12 02:06:50 UTC 2018
2 ms. Memory: 146944K Free: 135018K (92%)
ptolemy.util.test.WatchDog.cancel(): canceling Sat May 12 02:06:50 UTC 2018
------------------ testing $PTII/ptolemy/domains/de/test/auto/EventToDate.xml
auto.tcl: Setting watchdog for 200 seconds at Sat May 12 02:06:50 UTC 2018
3006 ms. Memory: 146944K Free: 125559K (85%)
ptolemy.util.test.WatchDog.cancel(): canceling Sat May 12 02:06:53 UTC 2018
auto.tcl: Setting watchdog for 200 seconds at Sat May 12 02:06:53 UTC 2018
3004 ms. Memory: 146944K Free: 125559K (85%)
ptolemy.util.test.WatchDog.cancel(): canceling Sat May 12 02:06:56 UTC 2018
------------------ testing $PTII/ptolemy/domains/de/test/auto/FSM1.xml
auto.tcl: Setting watchdog for 200 seconds at Sat May 12 02:06:56 UTC 2018
33 ms. Memory: 146944K Free: 128013K (87%)
ptolemy.util.test.WatchDog.cancel(): canceling Sat May 12 02:06:56 UTC 2018
auto.tcl: Setting watchdog for 200 seconds at Sat May 12 02:06:56 UTC 2018
32 ms. Memory: 146944K Free: 124840K (85%)
ptolemy.util.test.WatchDog.cancel(): canceling Sat May 12 02:06:56 UTC 2018
------------------ testing $PTII/ptolemy/domains/de/test/auto/FSM7.xml
auto.tcl: Setting watchdog for 200 seconds at Sat May 12 02:06:56 UTC 2018
30 ms. Memory: 146944K Free: 127131K (87%)
ptolemy.util.test.WatchDog.cancel(): canceling Sat May 12 02:06:56 UTC 2018
auto.tcl: Setting watchdog for 200 seconds at Sat May 12 02:06:56 UTC 2018
24 ms. Memory: 146944K Free: 123933K (84%)
ptolemy.util.test.WatchDog.cancel(): canceling Sat May 12 02:06:56 UTC 2018
------------------ testing $PTII/ptolemy/domains/de/test/auto/Inspection.xml
auto.tcl: Setting watchdog for 200 seconds at Sat May 12 02:06:56 UTC 2018
45 ms. Memory: 146944K Free: 127940K (87%)
ptolemy.util.test.WatchDog.cancel(): canceling Sat May 12 02:06:56 UTC 2018
auto.tcl: Setting watchdog for 200 seconds at Sat May 12 02:06:56 UTC 2018
25 ms. Memory: 146944K Free: 125824K (86%)
ptolemy.util.test.WatchDog.cancel(): canceling Sat May 12 02:06:56 UTC 2018
------------------ testing $PTII/ptolemy/domains/de/test/auto/Iteration.xml
auto.tcl: Setting watchdog for 200 seconds at Sat May 12 02:06:56 UTC 2018
13 ms. Memory: 146944K Free: 133728K (91%)
ptolemy.util.test.WatchDog.cancel(): canceling Sat May 12 02:06:56 UTC 2018
auto.tcl: Setting watchdog for 200 seconds at Sat May 12 02:06:56 UTC 2018
10 ms. Memory: 146944K Free: 132678K (90%)
ptolemy.util.test.WatchDog.cancel(): canceling Sat May 12 02:06:56 UTC 2018
------------------ testing $PTII/ptolemy/domains/de/test/auto/LineFault.xml
auto.tcl: Setting watchdog for 200 seconds at Sat May 12 02:06:56 UTC 2018
763 ms. Memory: 146944K Free: 138111K (94%)
ptolemy.util.test.WatchDog.cancel(): canceling Sat May 12 02:06:57 UTC 2018
auto.tcl: Setting watchdog for 200 seconds at Sat May 12 02:06:57 UTC 2018
735 ms. Memory: 146944K Free: 81786K (56%)
ptolemy.util.test.WatchDog.cancel(): canceling Sat May 12 02:06:58 UTC 2018
------------------ testing $PTII/ptolemy/domains/de/test/auto/MergeModel1Add.xml
auto.tcl: Setting watchdog for 200 seconds at Sat May 12 02:06:58 UTC 2018
21 ms. Memory: 209920K Free: 180409K (86%)
ptolemy.util.test.WatchDog.cancel(): canceling Sat May 12 02:06:58 UTC 2018
auto.tcl: Setting watchdog for 200 seconds at Sat May 12 02:06:58 UTC 2018
16 ms. Memory: 209920K Free: 178521K (85%)
ptolemy.util.test.WatchDog.cancel(): canceling Sat May 12 02:06:58 UTC 2018
------------------ testing $PTII/ptolemy/domains/de/test/auto/MergeModel2Add.xml
auto.tcl: Setting watchdog for 200 seconds at Sat May 12 02:06:58 UTC 2018
22 ms. Memory: 210432K Free: 184226K (88%)
ptolemy.util.test.WatchDog.cancel(): canceling Sat May 12 02:06:59 UTC 2018
auto.tcl: Setting watchdog for 200 seconds at Sat May 12 02:06:59 UTC 2018
14 ms. Memory: 210432K Free: 182339K (87%)
ptolemy.util.test.WatchDog.cancel(): canceling Sat May 12 02:06:59 UTC 2018
------------------ testing $PTII/ptolemy/domains/de/test/auto/MergeModel3Add.xml
auto.tcl: Setting watchdog for 200 seconds at Sat May 12 02:06:59 UTC 2018
12 ms. Memory: 209920K Free: 183605K (87%)
ptolemy.util.test.WatchDog.cancel(): canceling Sat May 12 02:06:59 UTC 2018
auto.tcl: Setting watchdog for 200 seconds at Sat May 12 02:06:59 UTC 2018
11 ms. Memory: 209920K Free: 181709K (87%)
ptolemy.util.test.WatchDog.cancel(): canceling Sat May 12 02:06:59 UTC 2018
------------------ testing $PTII/ptolemy/domains/de/test/auto/MergeWithoutDiscard.xml
auto.tcl: Setting watchdog for 200 seconds at Sat May 12 02:06:59 UTC 2018
2 ms. Memory: 210432K Free: 198843K (94%)
ptolemy.util.test.WatchDog.cancel(): canceling Sat May 12 02:06:59 UTC 2018
auto.tcl: Setting watchdog for 200 seconds at Sat May 12 02:06:59 UTC 2018
1 ms. Memory: 210432K Free: 198747K (94%)
ptolemy.util.test.WatchDog.cancel(): canceling Sat May 12 02:06:59 UTC 2018
------------------ testing $PTII/ptolemy/domains/de/test/auto/Modal1.xml
auto.tcl: Setting watchdog for 200 seconds at Sat May 12 02:06:59 UTC 2018
23 ms. Memory: 210432K Free: 190786K (91%)
ptolemy.util.test.WatchDog.cancel(): canceling Sat May 12 02:06:59 UTC 2018
auto.tcl: Setting watchdog for 200 seconds at Sat May 12 02:06:59 UTC 2018
25 ms. Memory: 210432K Free: 186980K (89%)
ptolemy.util.test.WatchDog.cancel(): canceling Sat May 12 02:06:59 UTC 2018
------------------ testing $PTII/ptolemy/domains/de/test/auto/Modal2.xml
auto.tcl: Setting watchdog for 200 seconds at Sat May 12 02:06:59 UTC 2018
13 ms. Memory: 210432K Free: 190637K (91%)
ptolemy.util.test.WatchDog.cancel(): canceling Sat May 12 02:06:59 UTC 2018
auto.tcl: Setting watchdog for 200 seconds at Sat May 12 02:06:59 UTC 2018
19 ms. Memory: 210432K Free: 186839K (89%)
ptolemy.util.test.WatchDog.cancel(): canceling Sat May 12 02:06:59 UTC 2018
------------------ testing $PTII/ptolemy/domains/de/test/auto/Modal3.xml
auto.tcl: Setting watchdog for 200 seconds at Sat May 12 02:06:59 UTC 2018
15 ms. Memory: 210432K Free: 190731K (91%)
ptolemy.util.test.WatchDog.cancel(): canceling Sat May 12 02:06:59 UTC 2018
auto.tcl: Setting watchdog for 200 seconds at Sat May 12 02:06:59 UTC 2018
12 ms. Memory: 210432K Free: 186821K (89%)
ptolemy.util.test.WatchDog.cancel(): canceling Sat May 12 02:06:59 UTC 2018
------------------ testing $PTII/ptolemy/domains/de/test/auto/Modal4.xml
auto.tcl: Setting watchdog for 200 seconds at Sat May 12 02:06:59 UTC 2018
27 ms. Memory: 208384K Free: 188631K (91%)
ptolemy.util.test.WatchDog.cancel(): canceling Sat May 12 02:06:59 UTC 2018
auto.tcl: Setting watchdog for 200 seconds at Sat May 12 02:06:59 UTC 2018
21 ms. Memory: 208384K Free: 184841K (89%)
ptolemy.util.test.WatchDog.cancel(): canceling Sat May 12 02:06:59 UTC 2018
------------------ testing $PTII/ptolemy/domains/de/test/auto/Modal5.xml
auto.tcl: Setting watchdog for 200 seconds at Sat May 12 02:06:59 UTC 2018
21 ms. Memory: 209920K Free: 190218K (91%)
ptolemy.util.test.WatchDog.cancel(): canceling Sat May 12 02:06:59 UTC 2018
auto.tcl: Setting watchdog for 200 seconds at Sat May 12 02:06:59 UTC 2018
14 ms. Memory: 209920K Free: 186395K (89%)
ptolemy.util.test.WatchDog.cancel(): canceling Sat May 12 02:06:59 UTC 2018
------------------ testing $PTII/ptolemy/domains/de/test/auto/Modal6.xml
auto.tcl: Setting watchdog for 200 seconds at Sat May 12 02:06:59 UTC 2018
16 ms. Memory: 209920K Free: 190232K (91%)
ptolemy.util.test.WatchDog.cancel(): canceling Sat May 12 02:06:59 UTC 2018
auto.tcl: Setting watchdog for 200 seconds at Sat May 12 02:06:59 UTC 2018
14 ms. Memory: 209920K Free: 186441K (89%)
ptolemy.util.test.WatchDog.cancel(): canceling Sat May 12 02:07:00 UTC 2018
------------------ testing $PTII/ptolemy/domains/de/test/auto/Modal7.xml
auto.tcl: Setting watchdog for 200 seconds at Sat May 12 02:07:00 UTC 2018
11 ms. Memory: 209920K Free: 186924K (89%)
ptolemy.util.test.WatchDog.cancel(): canceling Sat May 12 02:07:00 UTC 2018
auto.tcl: Setting watchdog for 200 seconds at Sat May 12 02:07:00 UTC 2018
13 ms. Memory: 209920K Free: 185029K (88%)
ptolemy.util.test.WatchDog.cancel(): canceling Sat May 12 02:07:00 UTC 2018
------------------ testing $PTII/ptolemy/domains/de/test/auto/ModalModel.xml
auto.tcl: Setting watchdog for 200 seconds at Sat May 12 02:07:00 UTC 2018
216 ms. Memory: 209920K Free: 129350K (62%)
ptolemy.util.test.WatchDog.cancel(): canceling Sat May 12 02:07:00 UTC 2018
auto.tcl: Setting watchdog for 200 seconds at Sat May 12 02:07:00 UTC 2018
235 ms. Memory: 209920K Free: 197532K (94%)
ptolemy.util.test.WatchDog.cancel(): canceling Sat May 12 02:07:00 UTC 2018
------------------ testing $PTII/ptolemy/domains/de/test/auto/ModalSource.xml
auto.tcl: Setting watchdog for 200 seconds at Sat May 12 02:07:00 UTC 2018
7 ms. Memory: 209920K Free: 195322K (93%)
ptolemy.util.test.WatchDog.cancel(): canceling Sat May 12 02:07:00 UTC 2018
auto.tcl: Setting watchdog for 200 seconds at Sat May 12 02:07:00 UTC 2018
7 ms. Memory: 209920K Free: 193573K (92%)
ptolemy.util.test.WatchDog.cancel(): canceling Sat May 12 02:07:00 UTC 2018
------------------ testing $PTII/ptolemy/domains/de/test/auto/NonInterruptibleTimerZeroDelay.xml
auto.tcl: Setting watchdog for 200 seconds at Sat May 12 02:07:00 UTC 2018
4 ms. Memory: 336896K Free: 326501K (97%)
ptolemy.util.test.WatchDog.cancel(): canceling Sat May 12 02:07:00 UTC 2018
auto.tcl: Setting watchdog for 200 seconds at Sat May 12 02:07:00 UTC 2018
2 ms. Memory: 336896K Free: 323018K (96%)
ptolemy.util.test.WatchDog.cancel(): canceling Sat May 12 02:07:00 UTC 2018
------------------ testing $PTII/ptolemy/domains/de/test/auto/OpenQueueingNetwork.xml
auto.tcl: Setting watchdog for 200 seconds at Sat May 12 02:07:00 UTC 2018
3187 ms. Memory: 323584K Free: 188969K (58%)
ptolemy.util.test.WatchDog.cancel(): canceling Sat May 12 02:07:04 UTC 2018
auto.tcl: Setting watchdog for 200 seconds at Sat May 12 02:07:04 UTC 2018
2754 ms. Memory: 304640K Free: 79531K (26%)
ptolemy.util.test.WatchDog.cancel(): canceling Sat May 12 02:07:06 UTC 2018
------------------ testing $PTII/ptolemy/domains/de/test/auto/OpenQueuingNetwork.xml
auto.tcl: Setting watchdog for 200 seconds at Sat May 12 02:07:07 UTC 2018
263 ms. Memory: 303104K Free: 203789K (67%)
ptolemy.util.test.WatchDog.cancel(): canceling Sat May 12 02:07:07 UTC 2018
auto.tcl: Setting watchdog for 200 seconds at Sat May 12 02:07:07 UTC 2018
293 ms. Memory: 303104K Free: 145094K (48%)
ptolemy.util.test.WatchDog.cancel(): canceling Sat May 12 02:07:07 UTC 2018
------------------ testing $PTII/ptolemy/domains/de/test/auto/PeriodicSampler.xml
auto.tcl: Setting watchdog for 200 seconds at Sat May 12 02:07:07 UTC 2018
3 ms. Memory: 304640K Free: 292077K (96%)
ptolemy.util.test.WatchDog.cancel(): canceling Sat May 12 02:07:07 UTC 2018
auto.tcl: Setting watchdog for 200 seconds at Sat May 12 02:07:07 UTC 2018
2 ms. Memory: 304640K Free: 288944K (95%)
ptolemy.util.test.WatchDog.cancel(): canceling Sat May 12 02:07:07 UTC 2018
------------------ testing $PTII/ptolemy/domains/de/test/auto/PersistentIO.xml
auto.tcl: Setting watchdog for 200 seconds at Sat May 12 02:07:07 UTC 2018
5 ms. Memory: 303104K Free: 284888K (94%)
ptolemy.util.test.WatchDog.cancel(): canceling Sat May 12 02:07:07 UTC 2018
auto.tcl: Setting watchdog for 200 seconds at Sat May 12 02:07:07 UTC 2018
4 ms. Memory: 303104K Free: 281747K (93%)
ptolemy.util.test.WatchDog.cancel(): canceling Sat May 12 02:07:07 UTC 2018
------------------ testing $PTII/ptolemy/domains/de/test/auto/PortParameterResetOnInitialize.xml
auto.tcl: Setting watchdog for 200 seconds at Sat May 12 02:07:07 UTC 2018
2 ms. Memory: 304640K Free: 289405K (95%)
ptolemy.util.test.WatchDog.cancel(): canceling Sat May 12 02:07:07 UTC 2018
auto.tcl: Setting watchdog for 200 seconds at Sat May 12 02:07:07 UTC 2018
2 ms. Memory: 304640K Free: 289359K (95%)
ptolemy.util.test.WatchDog.cancel(): canceling Sat May 12 02:07:07 UTC 2018
------------------ testing $PTII/ptolemy/domains/de/test/auto/PortParameterUpdates.xml
auto.tcl: Setting watchdog for 200 seconds at Sat May 12 02:07:07 UTC 2018
4 ms. Memory: 303104K Free: 287948K (95%)
ptolemy.util.test.WatchDog.cancel(): canceling Sat May 12 02:07:08 UTC 2018
auto.tcl: Setting watchdog for 200 seconds at Sat May 12 02:07:08 UTC 2018
4 ms. Memory: 303104K Free: 284806K (94%)
ptolemy.util.test.WatchDog.cancel(): canceling Sat May 12 02:07:08 UTC 2018
------------------ testing $PTII/ptolemy/domains/de/test/auto/QueueAndServer.xml
auto.tcl: Setting watchdog for 200 seconds at Sat May 12 02:07:08 UTC 2018
7 ms. Memory: 304128K Free: 288026K (95%)
ptolemy.util.test.WatchDog.cancel(): canceling Sat May 12 02:07:08 UTC 2018
auto.tcl: Setting watchdog for 200 seconds at Sat May 12 02:07:08 UTC 2018
7 ms. Memory: 304128K Free: 288026K (95%)
ptolemy.util.test.WatchDog.cancel(): canceling Sat May 12 02:07:08 UTC 2018
------------------ testing $PTII/ptolemy/domains/de/test/auto/Records.xml
auto.tcl: Setting watchdog for 200 seconds at Sat May 12 02:07:08 UTC 2018
3 ms. Memory: 303104K Free: 290069K (96%)
ptolemy.util.test.WatchDog.cancel(): canceling Sat May 12 02:07:08 UTC 2018
auto.tcl: Setting watchdog for 200 seconds at Sat May 12 02:07:08 UTC 2018
1 ms. Memory: 303104K Free: 290069K (96%)
ptolemy.util.test.WatchDog.cancel(): canceling Sat May 12 02:07:08 UTC 2018
------------------ testing $PTII/ptolemy/domains/de/test/auto/ResetTransitionWithStartTime1.xml
auto.tcl: Setting watchdog for 200 seconds at Sat May 12 02:07:08 UTC 2018
8 ms. Memory: 304128K Free: 288024K (95%)
ptolemy.util.test.WatchDog.cancel(): canceling Sat May 12 02:07:08 UTC 2018
auto.tcl: Setting watchdog for 200 seconds at Sat May 12 02:07:08 UTC 2018
8 ms. Memory: 304128K Free: 287978K (95%)
ptolemy.util.test.WatchDog.cancel(): canceling Sat May 12 02:07:08 UTC 2018
------------------ testing $PTII/ptolemy/domains/de/test/auto/ResetTransitionWithStartTime2.xml
auto.tcl: Setting watchdog for 200 seconds at Sat May 12 02:07:08 UTC 2018
5 ms. Memory: 303104K Free: 286991K (95%)
ptolemy.util.test.WatchDog.cancel(): canceling Sat May 12 02:07:08 UTC 2018
auto.tcl: Setting watchdog for 200 seconds at Sat May 12 02:07:08 UTC 2018
7 ms. Memory: 303104K Free: 286991K (95%)
ptolemy.util.test.WatchDog.cancel(): canceling Sat May 12 02:07:08 UTC 2018
------------------ testing $PTII/ptolemy/domains/de/test/auto/ResetTransitionWithStartTime3.xml
auto.tcl: Setting watchdog for 200 seconds at Sat May 12 02:07:08 UTC 2018
9 ms. Memory: 304128K Free: 287991K (95%)
ptolemy.util.test.WatchDog.cancel(): canceling Sat May 12 02:07:08 UTC 2018
auto.tcl: Setting watchdog for 200 seconds at Sat May 12 02:07:08 UTC 2018
6 ms. Memory: 304128K Free: 287991K (95%)
ptolemy.util.test.WatchDog.cancel(): canceling Sat May 12 02:07:08 UTC 2018
------------------ testing $PTII/ptolemy/domains/de/test/auto/ResetTransitionWithStartTime4.xml
auto.tcl: Setting watchdog for 200 seconds at Sat May 12 02:07:08 UTC 2018
9 ms. Memory: 303104K Free: 282555K (93%)
ptolemy.util.test.WatchDog.cancel(): canceling Sat May 12 02:07:08 UTC 2018
auto.tcl: Setting watchdog for 200 seconds at Sat May 12 02:07:08 UTC 2018
4 ms. Memory: 303104K Free: 282555K (93%)
ptolemy.util.test.WatchDog.cancel(): canceling Sat May 12 02:07:08 UTC 2018
------------------ testing $PTII/ptolemy/domains/de/test/auto/ResettableTimer1.xml
auto.tcl: Setting watchdog for 200 seconds at Sat May 12 02:07:08 UTC 2018
4 ms. Memory: 303616K Free: 290592K (96%)
ptolemy.util.test.WatchDog.cancel(): canceling Sat May 12 02:07:08 UTC 2018
auto.tcl: Setting watchdog for 200 seconds at Sat May 12 02:07:08 UTC 2018
2 ms. Memory: 303616K Free: 290592K (96%)
ptolemy.util.test.WatchDog.cancel(): canceling Sat May 12 02:07:08 UTC 2018
------------------ testing $PTII/ptolemy/domains/de/test/auto/ResettableTimer2.xml
auto.tcl: Setting watchdog for 200 seconds at Sat May 12 02:07:08 UTC 2018
4 ms. Memory: 303104K Free: 290191K (96%)
ptolemy.util.test.WatchDog.cancel(): canceling Sat May 12 02:07:08 UTC 2018
auto.tcl: Setting watchdog for 200 seconds at Sat May 12 02:07:08 UTC 2018
2 ms. Memory: 303104K Free: 290191K (96%)
ptolemy.util.test.WatchDog.cancel(): canceling Sat May 12 02:07:08 UTC 2018
------------------ testing $PTII/ptolemy/domains/de/test/auto/ResettableTimer3.xml
auto.tcl: Setting watchdog for 200 seconds at Sat May 12 02:07:08 UTC 2018
1 ms. Memory: 303616K Free: 290665K (96%)
ptolemy.util.test.WatchDog.cancel(): canceling Sat May 12 02:07:08 UTC 2018
auto.tcl: Setting watchdog for 200 seconds at Sat May 12 02:07:08 UTC 2018
1 ms. Memory: 303616K Free: 290665K (96%)
ptolemy.util.test.WatchDog.cancel(): canceling Sat May 12 02:07:08 UTC 2018
------------------ testing $PTII/ptolemy/domains/de/test/auto/ResettableTimer4.xml
auto.tcl: Setting watchdog for 200 seconds at Sat May 12 02:07:08 UTC 2018
1 ms. Memory: 303104K Free: 290212K (96%)
ptolemy.util.test.WatchDog.cancel(): canceling Sat May 12 02:07:08 UTC 2018
auto.tcl: Setting watchdog for 200 seconds at Sat May 12 02:07:08 UTC 2018
2 ms. Memory: 303104K Free: 290212K (96%)
ptolemy.util.test.WatchDog.cancel(): canceling Sat May 12 02:07:08 UTC 2018
------------------ testing $PTII/ptolemy/domains/de/test/auto/ResettableTimer5.xml
auto.tcl: Setting watchdog for 200 seconds at Sat May 12 02:07:08 UTC 2018
2 ms. Memory: 303616K Free: 288489K (95%)
ptolemy.util.test.WatchDog.cancel(): canceling Sat May 12 02:07:08 UTC 2018
auto.tcl: Setting watchdog for 200 seconds at Sat May 12 02:07:08 UTC 2018
1 ms. Memory: 303616K Free: 288489K (95%)
ptolemy.util.test.WatchDog.cancel(): canceling Sat May 12 02:07:08 UTC 2018
------------------ testing $PTII/ptolemy/domains/de/test/auto/ResettableTimer6.xml
auto.tcl: Setting watchdog for 200 seconds at Sat May 12 02:07:08 UTC 2018
6 ms. Memory: 303104K Free: 287896K (95%)
ptolemy.util.test.WatchDog.cancel(): canceling Sat May 12 02:07:08 UTC 2018
auto.tcl: Setting watchdog for 200 seconds at Sat May 12 02:07:08 UTC 2018
2 ms. Memory: 303104K Free: 287896K (95%)
ptolemy.util.test.WatchDog.cancel(): canceling Sat May 12 02:07:08 UTC 2018
------------------ testing $PTII/ptolemy/domains/de/test/auto/ServerZeroDelay.xml
auto.tcl: Setting watchdog for 200 seconds at Sat May 12 02:07:08 UTC 2018
5 ms. Memory: 303616K Free: 290645K (96%)
ptolemy.util.test.WatchDog.cancel(): canceling Sat May 12 02:07:08 UTC 2018
auto.tcl: Setting watchdog for 200 seconds at Sat May 12 02:07:08 UTC 2018
7 ms. Memory: 303616K Free: 290645K (96%)
ptolemy.util.test.WatchDog.cancel(): canceling Sat May 12 02:07:08 UTC 2018
------------------ testing $PTII/ptolemy/domains/de/test/auto/SmartSender.xml
auto.tcl: Setting watchdog for 200 seconds at Sat May 12 02:07:08 UTC 2018
3001 ms. Memory: 303104K Free: 287912K (95%)
ptolemy.util.test.WatchDog.cancel(): canceling Sat May 12 02:07:12 UTC 2018
auto.tcl: Setting watchdog for 200 seconds at Sat May 12 02:07:12 UTC 2018
3002 ms. Memory: 303104K Free: 287912K (95%)
ptolemy.util.test.WatchDog.cancel(): canceling Sat May 12 02:07:15 UTC 2018
------------------ testing $PTII/ptolemy/domains/de/test/auto/ThreadedComposite.xml
auto.tcl: Setting watchdog for 200 seconds at Sat May 12 02:07:15 UTC 2018
230 ms. Memory: 303616K Free: 268821K (89%)
ptolemy.util.test.WatchDog.cancel(): canceling Sat May 12 02:07:15 UTC 2018
auto.tcl: Setting watchdog for 200 seconds at Sat May 12 02:07:15 UTC 2018
174 ms. Memory: 303616K Free: 253694K (84%)
ptolemy.util.test.WatchDog.cancel(): canceling Sat May 12 02:07:15 UTC 2018
------------------ testing $PTII/ptolemy/domains/de/test/auto/Time.xml
auto.tcl: Setting watchdog for 200 seconds at Sat May 12 02:07:15 UTC 2018
602 ms. Memory: 303104K Free: 236600K (78%)
ptolemy.util.test.WatchDog.cancel(): canceling Sat May 12 02:07:16 UTC 2018
auto.tcl: Setting watchdog for 200 seconds at Sat May 12 02:07:16 UTC 2018
567 ms. Memory: 303104K Free: 183461K (61%)
ptolemy.util.test.WatchDog.cancel(): canceling Sat May 12 02:07:16 UTC 2018
------------------ testing $PTII/ptolemy/domains/de/test/auto/TimeDelayZeroDelay.xml
auto.tcl: Setting watchdog for 200 seconds at Sat May 12 02:07:16 UTC 2018
16 ms. Memory: 303616K Free: 291201K (96%)
ptolemy.util.test.WatchDog.cancel(): canceling Sat May 12 02:07:16 UTC 2018
auto.tcl: Setting watchdog for 200 seconds at Sat May 12 02:07:16 UTC 2018
3 ms. Memory: 303616K Free: 291201K (96%)
ptolemy.util.test.WatchDog.cancel(): canceling Sat May 12 02:07:16 UTC 2018
------------------ testing $PTII/ptolemy/domains/de/test/auto/TimerZeroDelay.xml
auto.tcl: Setting watchdog for 200 seconds at Sat May 12 02:07:16 UTC 2018
4 ms. Memory: 303104K Free: 290734K (96%)
ptolemy.util.test.WatchDog.cancel(): canceling Sat May 12 02:07:16 UTC 2018
auto.tcl: Setting watchdog for 200 seconds at Sat May 12 02:07:16 UTC 2018
2 ms. Memory: 303104K Free: 290734K (96%)
ptolemy.util.test.WatchDog.cancel(): canceling Sat May 12 02:07:16 UTC 2018
------------------ testing $PTII/ptolemy/domains/de/test/auto/TimingParadox.xml
auto.tcl: Setting watchdog for 200 seconds at Sat May 12 02:07:16 UTC 2018
444 ms. Memory: 303616K Free: 224982K (74%)
ptolemy.util.test.WatchDog.cancel(): canceling Sat May 12 02:07:17 UTC 2018
auto.tcl: Setting watchdog for 200 seconds at Sat May 12 02:07:17 UTC 2018
457 ms. Memory: 303616K Free: 188687K (62%)
ptolemy.util.test.WatchDog.cancel(): canceling Sat May 12 02:07:17 UTC 2018
------------------ testing $PTII/ptolemy/domains/de/test/auto/TransferInputs.xml
auto.tcl: Setting watchdog for 200 seconds at Sat May 12 02:07:18 UTC 2018
2 ms. Memory: 303616K Free: 290195K (96%)
ptolemy.util.test.WatchDog.cancel(): canceling Sat May 12 02:07:18 UTC 2018
auto.tcl: Setting watchdog for 200 seconds at Sat May 12 02:07:18 UTC 2018
2 ms. Memory: 303616K Free: 290195K (96%)
ptolemy.util.test.WatchDog.cancel(): canceling Sat May 12 02:07:18 UTC 2018
------------------ testing $PTII/ptolemy/domains/de/test/auto/TransferOutputs2.xml
auto.tcl: Setting watchdog for 200 seconds at Sat May 12 02:07:18 UTC 2018
8 ms. Memory: 303104K Free: 287977K (95%)
ptolemy.util.test.WatchDog.cancel(): canceling Sat May 12 02:07:18 UTC 2018
auto.tcl: Setting watchdog for 200 seconds at Sat May 12 02:07:18 UTC 2018
4 ms. Memory: 303104K Free: 285177K (94%)
ptolemy.util.test.WatchDog.cancel(): canceling Sat May 12 02:07:18 UTC 2018
------------------ testing $PTII/ptolemy/domains/de/test/auto/Trilateration.xml
auto.tcl: Setting watchdog for 200 seconds at Sat May 12 02:07:18 UTC 2018
15062 ms. Memory: 354304K Free: 122829K (35%)
ptolemy.util.test.WatchDog.cancel(): canceling Sat May 12 02:07:34 UTC 2018
auto.tcl: Setting watchdog for 200 seconds at Sat May 12 02:07:34 UTC 2018
10923 ms. Memory: 234496K Free: 146406K (62%)
ptolemy.util.test.WatchDog.cancel(): canceling Sat May 12 02:07:45 UTC 2018
------------------ testing $PTII/ptolemy/domains/de/test/auto/TwoSigmaDelta.xml
auto.tcl: Setting watchdog for 200 seconds at Sat May 12 02:07:45 UTC 2018
3390 ms. Memory: 228864K Free: 72297K (32%)
ptolemy.util.test.WatchDog.cancel(): canceling Sat May 12 02:07:49 UTC 2018
auto.tcl: Setting watchdog for 200 seconds at Sat May 12 02:07:49 UTC 2018
2268 ms. Memory: 217088K Free: 114260K (53%)
ptolemy.util.test.WatchDog.cancel(): canceling Sat May 12 02:07:51 UTC 2018
------------------ testing $PTII/ptolemy/domains/de/test/auto/VariableDelay.xml
auto.tcl: Setting watchdog for 200 seconds at Sat May 12 02:07:51 UTC 2018
3 ms. Memory: 218112K Free: 206144K (95%)
ptolemy.util.test.WatchDog.cancel(): canceling Sat May 12 02:07:51 UTC 2018
auto.tcl: Setting watchdog for 200 seconds at Sat May 12 02:07:51 UTC 2018
2 ms. Memory: 218112K Free: 204038K (94%)
ptolemy.util.test.WatchDog.cancel(): canceling Sat May 12 02:07:51 UTC 2018
------------------ testing $PTII/ptolemy/domains/de/test/auto/VariableDelay2.xml
auto.tcl: Setting watchdog for 200 seconds at Sat May 12 02:07:51 UTC 2018
9 ms. Memory: 217088K Free: 206899K (95%)
ptolemy.util.test.WatchDog.cancel(): canceling Sat May 12 02:07:51 UTC 2018
auto.tcl: Setting watchdog for 200 seconds at Sat May 12 02:07:51 UTC 2018
2 ms. Memory: 217088K Free: 204793K (94%)
ptolemy.util.test.WatchDog.cancel(): canceling Sat May 12 02:07:51 UTC 2018
------------------ testing $PTII/ptolemy/domains/de/test/auto/VariableDelayZeroDelay.xml
auto.tcl: Setting watchdog for 200 seconds at Sat May 12 02:07:51 UTC 2018
2 ms. Memory: 218112K Free: 206565K (95%)
ptolemy.util.test.WatchDog.cancel(): canceling Sat May 12 02:07:51 UTC 2018
auto.tcl: Setting watchdog for 200 seconds at Sat May 12 02:07:51 UTC 2018
2 ms. Memory: 218112K Free: 206565K (95%)
ptolemy.util.test.WatchDog.cancel(): canceling Sat May 12 02:07:51 UTC 2018
------------------ testing $PTII/ptolemy/domains/de/test/auto/VariableDelayZeroDelay2.xml
auto.tcl: Setting watchdog for 200 seconds at Sat May 12 02:07:51 UTC 2018
2 ms. Memory: 217088K Free: 205524K (95%)
ptolemy.util.test.WatchDog.cancel(): canceling Sat May 12 02:07:51 UTC 2018
auto.tcl: Setting watchdog for 200 seconds at Sat May 12 02:07:51 UTC 2018
2 ms. Memory: 217088K Free: 205524K (95%)
ptolemy.util.test.WatchDog.cancel(): canceling Sat May 12 02:07:51 UTC 2018
------------------ testing $PTII/ptolemy/domains/de/test/auto/deInCt.xml
auto.tcl: Setting watchdog for 200 seconds at Sat May 12 02:07:51 UTC 2018
0
1
1
1
1
1
0
0
0
0
0
0
0
1
1
1
1
0
0
0
0
1
1
1
1
9 ms. Memory: 218112K Free: 206559K (95%)
ptolemy.util.test.WatchDog.cancel(): canceling Sat May 12 02:07:51 UTC 2018
auto.tcl: Setting watchdog for 200 seconds at Sat May 12 02:07:51 UTC 2018
0
1
1
0
0
0
1
1
0
0
0
1
1
1
0
0
0
1
1
0
0
0
1
1
1
1
0
0
0
0
0
1
1
1
0
0
0
1
1
1
1
1
8 ms. Memory: 218112K Free: 204453K (94%)
ptolemy.util.test.WatchDog.cancel(): canceling Sat May 12 02:07:51 UTC 2018
------------------ testing $PTII/ptolemy/domains/de/test/auto/deInCt2.xml
auto.tcl: Setting watchdog for 200 seconds at Sat May 12 02:07:51 UTC 2018
0
1
1
1
0
0
1
1
1
0
0
1
1
1
0
0
1
1
1
0
0
1
1
1
0
0
1
1
1
0
0
1
1
1
0
0
1
1
1
0
0
0
10 ms. Memory: 217088K Free: 205535K (95%)
ptolemy.util.test.WatchDog.cancel(): canceling Sat May 12 02:07:51 UTC 2018
auto.tcl: Setting watchdog for 200 seconds at Sat May 12 02:07:51 UTC 2018
0
1
1
1
0
0
1
1
1
0
0
1
1
1
0
0
1
1
1
0
0
1
1
1
0
0
1
1
1
0
0
1
1
1
0
0
1
1
1
0
0
0
8 ms. Memory: 217088K Free: 203429K (94%)
ptolemy.util.test.WatchDog.cancel(): canceling Sat May 12 02:07:51 UTC 2018
------------------ testing $PTII/ptolemy/domains/de/test/auto/dynamicCausalityInterface1.xml
auto.tcl: Setting watchdog for 200 seconds at Sat May 12 02:07:51 UTC 2018
1 ms. Memory: 217600K Free: 201116K (92%)
ptolemy.util.test.WatchDog.cancel(): canceling Sat May 12 02:07:51 UTC 2018
auto.tcl: Setting watchdog for 200 seconds at Sat May 12 02:07:51 UTC 2018
1 ms. Memory: 217600K Free: 201116K (92%)
ptolemy.util.test.WatchDog.cancel(): canceling Sat May 12 02:07:51 UTC 2018
------------------ testing $PTII/ptolemy/domains/de/test/auto/fsm_de_test.xml
auto.tcl: Setting watchdog for 200 seconds at Sat May 12 02:07:51 UTC 2018
12 ms. Memory: 217088K Free: 201240K (93%)
ptolemy.util.test.WatchDog.cancel(): canceling Sat May 12 02:07:52 UTC 2018
auto.tcl: Setting watchdog for 200 seconds at Sat May 12 02:07:52 UTC 2018
10 ms. Memory: 217088K Free: 199134K (92%)
ptolemy.util.test.WatchDog.cancel(): canceling Sat May 12 02:07:52 UTC 2018
------------------ testing $PTII/ptolemy/domains/de/test/auto/functionDependencyReconstruction.xml
auto.tcl: Setting watchdog for 200 seconds at Sat May 12 02:07:52 UTC 2018
5 ms. Memory: 217600K Free: 193342K (89%)
ptolemy.util.test.WatchDog.cancel(): canceling Sat May 12 02:07:52 UTC 2018
auto.tcl: Setting watchdog for 200 seconds at Sat May 12 02:07:52 UTC 2018
3 ms. Memory: 217600K Free: 191236K (88%)
ptolemy.util.test.WatchDog.cancel(): canceling Sat May 12 02:07:52 UTC 2018
------------------ testing $PTII/ptolemy/domains/de/test/auto/multirate.xml
auto.tcl: Setting watchdog for 200 seconds at Sat May 12 02:07:52 UTC 2018
8 ms. Memory: 217088K Free: 204545K (94%)
ptolemy.util.test.WatchDog.cancel(): canceling Sat May 12 02:07:52 UTC 2018
auto.tcl: Setting watchdog for 200 seconds at Sat May 12 02:07:52 UTC 2018
5 ms. Memory: 217088K Free: 202455K (93%)
ptolemy.util.test.WatchDog.cancel(): canceling Sat May 12 02:07:52 UTC 2018
------------------ testing $PTII/ptolemy/domains/de/test/auto/multirate2.xml
auto.tcl: Setting watchdog for 200 seconds at Sat May 12 02:07:52 UTC 2018
4 ms. Memory: 217600K Free: 203889K (94%)
ptolemy.util.test.WatchDog.cancel(): canceling Sat May 12 02:07:52 UTC 2018
auto.tcl: Setting watchdog for 200 seconds at Sat May 12 02:07:52 UTC 2018
3 ms. Memory: 217600K Free: 201783K (93%)
ptolemy.util.test.WatchDog.cancel(): canceling Sat May 12 02:07:52 UTC 2018
------------------ testing $PTII/ptolemy/domains/de/test/auto/realtime.xml
auto.tcl: Setting watchdog for 200 seconds at Sat May 12 02:07:52 UTC 2018
10002 ms. Memory: 217088K Free: 205463K (95%)
ptolemy.util.test.WatchDog.cancel(): canceling Sat May 12 02:08:02 UTC 2018
auto.tcl: Setting watchdog for 200 seconds at Sat May 12 02:08:02 UTC 2018
10001 ms. Memory: 217088K Free: 203358K (94%)
ptolemy.util.test.WatchDog.cancel(): canceling Sat May 12 02:08:12 UTC 2018
------------------ testing $PTII/ptolemy/domains/de/test/auto/relationGroup.xml
auto.tcl: Setting watchdog for 200 seconds at Sat May 12 02:08:12 UTC 2018
2 ms. Memory: 217600K Free: 206019K (95%)
ptolemy.util.test.WatchDog.cancel(): canceling Sat May 12 02:08:12 UTC 2018
auto.tcl: Setting watchdog for 200 seconds at Sat May 12 02:08:12 UTC 2018
1 ms. Memory: 217600K Free: 206019K (95%)
ptolemy.util.test.WatchDog.cancel(): canceling Sat May 12 02:08:12 UTC 2018
------------------ testing $PTII/ptolemy/domains/de/test/auto/relationGroup2.xml
auto.tcl: Setting watchdog for 200 seconds at Sat May 12 02:08:12 UTC 2018
1 ms. Memory: 217088K Free: 205534K (95%)
ptolemy.util.test.WatchDog.cancel(): canceling Sat May 12 02:08:12 UTC 2018
auto.tcl: Setting watchdog for 200 seconds at Sat May 12 02:08:12 UTC 2018
1 ms. Memory: 217088K Free: 205534K (95%)
ptolemy.util.test.WatchDog.cancel(): canceling Sat May 12 02:08:12 UTC 2018
------------------ testing $PTII/ptolemy/domains/de/test/auto/sortWithOpaquePorts.xml
auto.tcl: Setting watchdog for 200 seconds at Sat May 12 02:08:12 UTC 2018
1 ms. Memory: 217600K Free: 206031K (95%)
ptolemy.util.test.WatchDog.cancel(): canceling Sat May 12 02:08:12 UTC 2018
auto.tcl: Setting watchdog for 200 seconds at Sat May 12 02:08:12 UTC 2018
2 ms. Memory: 217600K Free: 203942K (94%)
ptolemy.util.test.WatchDog.cancel(): canceling Sat May 12 02:08:12 UTC 2018
------------------ testing $PTII/ptolemy/domains/de/test/auto/transferInputsandOutputs.xml
auto.tcl: Setting watchdog for 200 seconds at Sat May 12 02:08:12 UTC 2018
3 ms. Memory: 217088K Free: 203425K (94%)
ptolemy.util.test.WatchDog.cancel(): canceling Sat May 12 02:08:12 UTC 2018
auto.tcl: Setting watchdog for 200 seconds at Sat May 12 02:08:12 UTC 2018
2 ms. Memory: 217088K Free: 201328K (93%)
ptolemy.util.test.WatchDog.cancel(): canceling Sat May 12 02:08:12 UTC 2018
------------------ testing $PTII/ptolemy/domains/de/test/auto/triggerType.xml
auto.tcl: Setting watchdog for 200 seconds at Sat May 12 02:08:12 UTC 2018
1 ms. Memory: 217600K Free: 205969K (95%)
ptolemy.util.test.WatchDog.cancel(): canceling Sat May 12 02:08:12 UTC 2018
auto.tcl: Setting watchdog for 200 seconds at Sat May 12 02:08:12 UTC 2018
1 ms. Memory: 217600K Free: 203880K (94%)
ptolemy.util.test.WatchDog.cancel(): canceling Sat May 12 02:08:12 UTC 2018
05/12/18 02:08:12
Failed: 0  Total Tests: 192  ((Passed: 187, Newly Passed: 1)  Known Failed: 5) /home/travis/build/icyphy/ptII/ptolemy/domains/de/test
05/12/18 02:08:12
Failed: 0  Total Tests: 192  ((Passed: 187, Newly Passed: 1)  Known Failed: 5) /home/travis/build/icyphy/ptII/ptolemy/domains/de/test
----------------- testing (KnownFailure) /home/travis/build/icyphy/ptII/ptolemy/domains/de/test/auto/knownFailedTests/DESDFClockTest.xml
2009 ms. Memory: 217088K Free: 194020K (89%)
Known Failure: java.lang.reflect.InvocationTargetException
----------------- testing (KnownFailure) /home/travis/build/icyphy/ptII/ptolemy/domains/de/test/auto/knownFailedTests/DirectFeedback.xml
1 ms. Memory: 217088K Free: 183165K (84%)
Known Failure: java.lang.reflect.InvocationTargetException
----------------- testing (KnownFailure) /home/travis/build/icyphy/ptII/ptolemy/domains/de/test/auto/knownFailedTests/FSMSource.xml
12 ms. Memory: 217088K Free: 169581K (78%)
----------------- testing (KnownFailure) /home/travis/build/icyphy/ptII/ptolemy/domains/de/test/auto/knownFailedTests/HierarchicalModel.xml
2 ms. Memory: 217088K Free: 147808K (68%)
Known Failure: java.lang.reflect.InvocationTargetException
----------------- testing (KnownFailure) /home/travis/build/icyphy/ptII/ptolemy/domains/de/test/auto/knownFailedTests/dependencyLoop.xml
2 ms. Memory: 217088K Free: 123361K (57%)
Known Failure: java.lang.reflect.InvocationTargetException
----------------- testing (KnownFailure) /home/travis/build/icyphy/ptII/ptolemy/domains/de/test/auto/knownFailedTests/dependencyLoop2.xml
4 ms. Memory: 217088K Free: 98922K (46%)
Known Failure: java.lang.reflect.InvocationTargetException
No auto/*.xml tests in /home/travis/build/icyphy/ptII/ptolemy/domains/de/test
AutoTests.java: About to close Vertx.
AutoTests.java: Vertx closed.
----------------- testing Sat May 12 02:08:14 UTC 2018 /home/travis/build/icyphy/ptII/ptolemy/domains/de/test/auto/ActorDepthCalculation_actorWithoutPorts.xml
----------------- Instantiating /home/travis/build/icyphy/ptII/ptolemy/domains/de/test/auto/ActorDepthCalculation_actorWithoutPorts.xml
1 ms. Memory: 217088K Free: 82624K (38%)
----------------- Invoking toplevel() on ptolemy.moml.MoMLSimpleApplication@7961567a
----------------- Done invoking toplevel() on ptolemy.moml.MoMLSimpleApplication@7961567a
reloadAllAccessors: .ActorDepthCalculation_actorWithoutPorts
----------------- testing Sat May 12 02:08:14 UTC 2018 /home/travis/build/icyphy/ptII/ptolemy/domains/de/test/auto/AssemblyLine.xml
----------------- Instantiating /home/travis/build/icyphy/ptII/ptolemy/domains/de/test/auto/AssemblyLine.xml
1 ms. Memory: 211968K Free: 204159K (96%)
----------------- Invoking toplevel() on ptolemy.moml.MoMLSimpleApplication@6d9754fd
----------------- Done invoking toplevel() on ptolemy.moml.MoMLSimpleApplication@6d9754fd
reloadAllAccessors: .AssemblyLine
----------------- testing Sat May 12 02:08:14 UTC 2018 /home/travis/build/icyphy/ptII/ptolemy/domains/de/test/auto/CQBug1.xml
----------------- Instantiating /home/travis/build/icyphy/ptII/ptolemy/domains/de/test/auto/CQBug1.xml
1 ms. Memory: 211968K Free: 198935K (94%)
----------------- Invoking toplevel() on ptolemy.moml.MoMLSimpleApplication@4c3eedaf
----------------- Done invoking toplevel() on ptolemy.moml.MoMLSimpleApplication@4c3eedaf
reloadAllAccessors: .CQBug1
----------------- testing Sat May 12 02:08:14 UTC 2018 /home/travis/build/icyphy/ptII/ptolemy/domains/de/test/auto/CancelFireAt.xml
----------------- Instantiating /home/travis/build/icyphy/ptII/ptolemy/domains/de/test/auto/CancelFireAt.xml
3 ms. Memory: 211968K Free: 195002K (92%)
----------------- Invoking toplevel() on ptolemy.moml.MoMLSimpleApplication@76118caf
----------------- Done invoking toplevel() on ptolemy.moml.MoMLSimpleApplication@76118caf
reloadAllAccessors: .CancelFireAt
----------------- testing Sat May 12 02:08:14 UTC 2018 /home/travis/build/icyphy/ptII/ptolemy/domains/de/test/auto/CausalityAndComposabilityAnalysis.xml
----------------- Instantiating /home/travis/build/icyphy/ptII/ptolemy/domains/de/test/auto/CausalityAndComposabilityAnalysis.xml
1 ms. Memory: 211968K Free: 188456K (89%)
----------------- Invoking toplevel() on ptolemy.moml.MoMLSimpleApplication@2b659a99
----------------- Done invoking toplevel() on ptolemy.moml.MoMLSimpleApplication@2b659a99
reloadAllAccessors: .CausalityAndComposabilityAnalysis
----------------- testing Sat May 12 02:08:14 UTC 2018 /home/travis/build/icyphy/ptII/ptolemy/domains/de/test/auto/CausalityInterface1.xml
----------------- Instantiating /home/travis/build/icyphy/ptII/ptolemy/domains/de/test/auto/CausalityInterface1.xml
4 ms. Memory: 211968K Free: 181904K (86%)
----------------- Invoking toplevel() on ptolemy.moml.MoMLSimpleApplication@7c237a25
----------------- Done invoking toplevel() on ptolemy.moml.MoMLSimpleApplication@7c237a25
reloadAllAccessors: .CausalityInterface1
----------------- testing Sat May 12 02:08:14 UTC 2018 /home/travis/build/icyphy/ptII/ptolemy/domains/de/test/auto/CausalityInterface15.xml
----------------- Instantiating /home/travis/build/icyphy/ptII/ptolemy/domains/de/test/auto/CausalityInterface15.xml
1 ms. Memory: 211968K Free: 175360K (83%)
----------------- Invoking toplevel() on ptolemy.moml.MoMLSimpleApplication@74094b01
----------------- Done invoking toplevel() on ptolemy.moml.MoMLSimpleApplication@74094b01
reloadAllAccessors: .CausalityInterface15
----------------- testing Sat May 12 02:08:14 UTC 2018 /home/travis/build/icyphy/ptII/ptolemy/domains/de/test/auto/CausalityInterface2.xml
----------------- Instantiating /home/travis/build/icyphy/ptII/ptolemy/domains/de/test/auto/CausalityInterface2.xml
1 ms. Memory: 211968K Free: 167492K (79%)
----------------- Invoking toplevel() on ptolemy.moml.MoMLSimpleApplication@55f47c99
----------------- Done invoking toplevel() on ptolemy.moml.MoMLSimpleApplication@55f47c99
reloadAllAccessors: .CausalityInterface2
----------------- testing Sat May 12 02:08:14 UTC 2018 /home/travis/build/icyphy/ptII/ptolemy/domains/de/test/auto/CausalityInterface3.xml
[...]
java.lang.RuntimeException: Execution failed
	at ptolemy.moml.MoMLSimpleApplication$UnloadThread.run(MoMLSimpleApplication.java:402)
Caused by: ptolemy.kernel.util.IllegalActionException: Test fails in iteration 1.
Value was: 1.0. Should have been: 2.0
  in .DirectFeedback.Test
	at ptolemy.actor.lib.Test.fire(Test.java:268)
	at ptolemy.domains.de.kernel.DEDirector._fire(DEDirector.java:1948)
	at ptolemy.domains.de.kernel.DEDirector.fire(DEDirector.java:502)
	at ptolemy.actor.CompositeActor.fire(CompositeActor.java:455)
	at ptolemy.actor.Manager.iterate(Manager.java:851)
	at ptolemy.actor.Manager.execute(Manager.java:369)
	at ptolemy.actor.Manager.run(Manager.java:1263)
	at ptolemy.actor.Manager$PtolemyRunThread.run(Manager.java:1915)
java.lang.RuntimeException: Execution failed
	at ptolemy.moml.MoMLSimpleApplication$UnloadThread.run(MoMLSimpleApplication.java:402)
Caused by: ptolemy.kernel.util.IllegalActionException: Actor is not ready to fire.  Perhaps UpSample.prefire() returned false? Try debugging the actor by selecting "Listen to Actor".  Also, for SDF check moml for tokenConsumptionRate on input.
  in .DESDFClockTest.Play Bell.Copy1:SDF Director and .DESDFClockTest.Play Bell.UpSample
	at ptolemy.actor.sched.StaticSchedulingDirector.fire(StaticSchedulingDirector.java:227)
	at ptolemy.domains.sdf.kernel.SDFDirector.fire(SDFDirector.java:500)
	at ptolemy.actor.CompositeActor.fire(CompositeActor.java:455)
	at ptolemy.domains.de.kernel.DEDirector._fire(DEDirector.java:1948)
	at ptolemy.domains.de.kernel.DEDirector.fire(DEDirector.java:502)
	at ptolemy.actor.CompositeActor.fire(CompositeActor.java:455)
	at ptolemy.actor.Manager.iterate(Manager.java:851)
	at ptolemy.actor.Manager.execute(Manager.java:369)
	at ptolemy.actor.Manager.run(Manager.java:1263)
	at ptolemy.actor.Manager$PtolemyRunThread.run(Manager.java:1915)
java.lang.reflect.InvocationTargetException
	at sun.reflect.NativeConstructorAccessorImpl.newInstance0(Native Method)
	at sun.reflect.NativeConstructorAccessorImpl.newInstance(NativeConstructorAccessorImpl.java:62)
	at sun.reflect.DelegatingConstructorAccessorImpl.newInstance(DelegatingConstructorAccessorImpl.java:45)
	at java.lang.reflect.Constructor.newInstance(Constructor.java:423)
	at ptolemy.util.test.junit.AutoKnownFailedTests.RunModel(AutoKnownFailedTests.java:107)
	at sun.reflect.NativeMethodAccessorImpl.invoke0(Native Method)
	at sun.reflect.NativeMethodAccessorImpl.invoke(NativeMethodAccessorImpl.java:62)
	at sun.reflect.DelegatingMethodAccessorImpl.invoke(DelegatingMethodAccessorImpl.java:43)
	at java.lang.reflect.Method.invoke(Method.java:498)
	at org.junit.runners.model.FrameworkMethod$1.runReflectiveCall(FrameworkMethod.java:44)
	at org.junit.internal.runners.model.ReflectiveCallable.run(ReflectiveCallable.java:15)
	at org.junit.runners.model.FrameworkMethod.invokeExplosively(FrameworkMethod.java:41)
	at junitparams.internal.InvokeParameterisedMethod.evaluate(InvokeParameterisedMethod.java:102)
	at org.junit.internal.runners.statements.FailOnTimeout$1.run(FailOnTimeout.java:28)
Caused by: ptolemy.kernel.util.IllegalActionException: Actor is not ready to fire.  Perhaps UpSample.prefire() returned false? Try debugging the actor by selecting "Listen to Actor".  Also, for SDF check moml for tokenConsumptionRate on input.
  in .DESDFClockTest.Play Bell.Copy1:SDF Director and .DESDFClockTest.Play Bell.UpSample
	at ptolemy.actor.sched.StaticSchedulingDirector.fire(StaticSchedulingDirector.java:227)
	at ptolemy.domains.sdf.kernel.SDFDirector.fire(SDFDirector.java:500)
	at ptolemy.actor.CompositeActor.fire(CompositeActor.java:455)
	at ptolemy.domains.de.kernel.DEDirector._fire(DEDirector.java:1948)
	at ptolemy.domains.de.kernel.DEDirector.fire(DEDirector.java:502)
	at ptolemy.actor.CompositeActor.fire(CompositeActor.java:455)
	at ptolemy.actor.Manager.iterate(Manager.java:851)
	at ptolemy.actor.Manager.execute(Manager.java:369)
	at ptolemy.actor.Manager.run(Manager.java:1263)
	at ptolemy.actor.Manager$PtolemyRunThread.run(Manager.java:1915)
java.lang.RuntimeException: Execution failed
	at ptolemy.moml.MoMLSimpleApplication$UnloadThread.run(MoMLSimpleApplication.java:402)
Caused by: ptolemy.kernel.util.IllegalActionException: Test fails in iteration 1.
Value was: 1.0. Should have been: 2.0
  in .DirectFeedback.Test
	at ptolemy.actor.lib.Test.fire(Test.java:268)
	at ptolemy.domains.de.kernel.DEDirector._fire(DEDirector.java:1948)
	at ptolemy.domains.de.kernel.DEDirector.fire(DEDirector.java:502)
	at ptolemy.actor.CompositeActor.fire(CompositeActor.java:455)
	at ptolemy.actor.Manager.iterate(Manager.java:851)
	at ptolemy.actor.Manager.execute(Manager.java:369)
	at ptolemy.actor.Manager.run(Manager.java:1263)
	at ptolemy.actor.Manager$PtolemyRunThread.run(Manager.java:1915)
java.lang.reflect.InvocationTargetException
	at sun.reflect.NativeConstructorAccessorImpl.newInstance0(Native Method)
	at sun.reflect.NativeConstructorAccessorImpl.newInstance(NativeConstructorAccessorImpl.java:62)
	at sun.reflect.DelegatingConstructorAccessorImpl.newInstance(DelegatingConstructorAccessorImpl.java:45)
	at java.lang.reflect.Constructor.newInstance(Constructor.java:423)
	at ptolemy.util.test.junit.AutoKnownFailedTests.RunModel(AutoKnownFailedTests.java:107)
	at sun.reflect.NativeMethodAccessorImpl.invoke0(Native Method)
	at sun.reflect.NativeMethodAccessorImpl.invoke(NativeMethodAccessorImpl.java:62)
	at sun.reflect.DelegatingMethodAccessorImpl.invoke(DelegatingMethodAccessorImpl.java:43)
	at java.lang.reflect.Method.invoke(Method.java:498)
	at org.junit.runners.model.FrameworkMethod$1.runReflectiveCall(FrameworkMethod.java:44)
	at org.junit.internal.runners.model.ReflectiveCallable.run(ReflectiveCallable.java:15)
	at org.junit.runners.model.FrameworkMethod.invokeExplosively(FrameworkMethod.java:41)
	at junitparams.internal.InvokeParameterisedMethod.evaluate(InvokeParameterisedMethod.java:102)
	at org.junit.internal.runners.statements.FailOnTimeout$1.run(FailOnTimeout.java:28)
Caused by: ptolemy.kernel.util.IllegalActionException: Test fails in iteration 1.
Value was: 1.0. Should have been: 2.0
  in .DirectFeedback.Test
	at ptolemy.actor.lib.Test.fire(Test.java:268)
	at ptolemy.domains.de.kernel.DEDirector._fire(DEDirector.java:1948)
	at ptolemy.domains.de.kernel.DEDirector.fire(DEDirector.java:502)
	at ptolemy.actor.CompositeActor.fire(CompositeActor.java:455)
	at ptolemy.actor.Manager.iterate(Manager.java:851)
	at ptolemy.actor.Manager.execute(Manager.java:369)
	at ptolemy.actor.Manager.run(Manager.java:1263)
	at ptolemy.actor.Manager$PtolemyRunThread.run(Manager.java:1915)
java.lang.RuntimeException: Execution failed
	at ptolemy.moml.MoMLSimpleApplication$UnloadThread.run(MoMLSimpleApplication.java:402)
Caused by: ptolemy.kernel.util.IllegalActionException: Found a zero delay loop containing .HierarchicalModel.A
  in .HierarchicalModel and .HierarchicalModel.A
	at ptolemy.actor.util.CausalityInterfaceForComposites._computeOutputPortDepth(CausalityInterfaceForComposites.java:759)
	at ptolemy.actor.util.CausalityInterfaceForComposites._computeInputDepth(CausalityInterfaceForComposites.java:696)
	at ptolemy.actor.util.CausalityInterfaceForComposites._computeOutputPortDepth(CausalityInterfaceForComposites.java:765)
	at ptolemy.actor.util.CausalityInterfaceForComposites._computeInputDepth(CausalityInterfaceForComposites.java:696)
	at ptolemy.actor.util.CausalityInterfaceForComposites._computeOutputPortDepth(CausalityInterfaceForComposites.java:765)
	at ptolemy.actor.util.CausalityInterfaceForComposites._computeInputDepth(CausalityInterfaceForComposites.java:696)
	at ptolemy.actor.util.CausalityInterfaceForComposites._computeActorDepth(CausalityInterfaceForComposites.java:532)
	at ptolemy.actor.util.CausalityInterfaceForComposites.checkForCycles(CausalityInterfaceForComposites.java:96)
	at ptolemy.domains.de.kernel.DEDirector.preinitialize(DEDirector.java:1337)
	at ptolemy.actor.CompositeActor.preinitialize(CompositeActor.java:1828)
	at ptolemy.actor.Manager.preinitializeAndResolveTypes(Manager.java:1040)
	at ptolemy.actor.Manager.initialize(Manager.java:710)
	at ptolemy.actor.Manager.execute(Manager.java:356)
	at ptolemy.actor.Manager.run(Manager.java:1263)
	at ptolemy.actor.Manager$PtolemyRunThread.run(Manager.java:1915)
java.lang.reflect.InvocationTargetException
	at sun.reflect.NativeConstructorAccessorImpl.newInstance0(Native Method)
	at sun.reflect.NativeConstructorAccessorImpl.newInstance(NativeConstructorAccessorImpl.java:62)
	at sun.reflect.DelegatingConstructorAccessorImpl.newInstance(DelegatingConstructorAccessorImpl.java:45)
	at java.lang.reflect.Constructor.newInstance(Constructor.java:423)
	at ptolemy.util.test.junit.AutoKnownFailedTests.RunModel(AutoKnownFailedTests.java:107)
	at sun.reflect.NativeMethodAccessorImpl.invoke0(Native Method)
	at sun.reflect.NativeMethodAccessorImpl.invoke(NativeMethodAccessorImpl.java:62)
	at sun.reflect.DelegatingMethodAccessorImpl.invoke(DelegatingMethodAccessorImpl.java:43)
	at java.lang.reflect.Method.invoke(Method.java:498)
	at org.junit.runners.model.FrameworkMethod$1.runReflectiveCall(FrameworkMethod.java:44)
	at org.junit.internal.runners.model.ReflectiveCallable.run(ReflectiveCallable.java:15)
	at org.junit.runners.model.FrameworkMethod.invokeExplosively(FrameworkMethod.java:41)
	at junitparams.internal.InvokeParameterisedMethod.evaluate(InvokeParameterisedMethod.java:102)
	at org.junit.internal.runners.statements.FailOnTimeout$1.run(FailOnTimeout.java:28)
Caused by: ptolemy.kernel.util.IllegalActionException: Found a zero delay loop containing .HierarchicalModel.A
  in .HierarchicalModel and .HierarchicalModel.A
	at ptolemy.actor.util.CausalityInterfaceForComposites._computeOutputPortDepth(CausalityInterfaceForComposites.java:759)
	at ptolemy.actor.util.CausalityInterfaceForComposites._computeInputDepth(CausalityInterfaceForComposites.java:696)
	at ptolemy.actor.util.CausalityInterfaceForComposites._computeOutputPortDepth(CausalityInterfaceForComposites.java:765)
	at ptolemy.actor.util.CausalityInterfaceForComposites._computeInputDepth(CausalityInterfaceForComposites.java:696)
	at ptolemy.actor.util.CausalityInterfaceForComposites._computeOutputPortDepth(CausalityInterfaceForComposites.java:765)
	at ptolemy.actor.util.CausalityInterfaceForComposites._computeInputDepth(CausalityInterfaceForComposites.java:696)
	at ptolemy.actor.util.CausalityInterfaceForComposites._computeActorDepth(CausalityInterfaceForComposites.java:532)
	at ptolemy.actor.util.CausalityInterfaceForComposites.checkForCycles(CausalityInterfaceForComposites.java:96)
	at ptolemy.domains.de.kernel.DEDirector.preinitialize(DEDirector.java:1337)
	at ptolemy.actor.CompositeActor.preinitialize(CompositeActor.java:1828)
	at ptolemy.actor.Manager.preinitializeAndResolveTypes(Manager.java:1040)
	at ptolemy.actor.Manager.initialize(Manager.java:710)
	at ptolemy.actor.Manager.execute(Manager.java:356)
	at ptolemy.actor.Manager.run(Manager.java:1263)
	at ptolemy.actor.Manager$PtolemyRunThread.run(Manager.java:1915)
java.lang.RuntimeException: Execution failed
	at ptolemy.moml.MoMLSimpleApplication$UnloadThread.run(MoMLSimpleApplication.java:402)
Caused by: ptolemy.kernel.util.IllegalActionException: Found a zero delay loop containing .dependencyLoop.original
  in .dependencyLoop and .dependencyLoop.original
	at ptolemy.actor.util.CausalityInterfaceForComposites._computeOutputPortDepth(CausalityInterfaceForComposites.java:759)
	at ptolemy.actor.util.CausalityInterfaceForComposites._computeInputDepth(CausalityInterfaceForComposites.java:696)
	at ptolemy.actor.util.CausalityInterfaceForComposites._computeOutputPortDepth(CausalityInterfaceForComposites.java:765)
	at ptolemy.actor.util.CausalityInterfaceForComposites._computeInputDepth(CausalityInterfaceForComposites.java:696)
	at ptolemy.actor.util.CausalityInterfaceForComposites._computeOutputPortDepth(CausalityInterfaceForComposites.java:765)
	at ptolemy.actor.util.CausalityInterfaceForComposites._computeInputDepth(CausalityInterfaceForComposites.java:696)
	at ptolemy.actor.util.CausalityInterfaceForComposites._computeActorDepth(CausalityInterfaceForComposites.java:532)
	at ptolemy.actor.util.CausalityInterfaceForComposites.checkForCycles(CausalityInterfaceForComposites.java:96)
	at ptolemy.domains.de.kernel.DEDirector.preinitialize(DEDirector.java:1337)
	at ptolemy.actor.CompositeActor.preinitialize(CompositeActor.java:1828)
	at ptolemy.actor.Manager.preinitializeAndResolveTypes(Manager.java:1040)
	at ptolemy.actor.Manager.initialize(Manager.java:710)
	at ptolemy.actor.Manager.execute(Manager.java:356)
	at ptolemy.actor.Manager.run(Manager.java:1263)
	at ptolemy.actor.Manager$PtolemyRunThread.run(Manager.java:1915)
java.lang.reflect.InvocationTargetException
	at sun.reflect.NativeConstructorAccessorImpl.newInstance0(Native Method)
	at sun.reflect.NativeConstructorAccessorImpl.newInstance(NativeConstructorAccessorImpl.java:62)
	at sun.reflect.DelegatingConstructorAccessorImpl.newInstance(DelegatingConstructorAccessorImpl.java:45)
	at java.lang.reflect.Constructor.newInstance(Constructor.java:423)
	at ptolemy.util.test.junit.AutoKnownFailedTests.RunModel(AutoKnownFailedTests.java:107)
	at sun.reflect.NativeMethodAccessorImpl.invoke0(Native Method)
	at sun.reflect.NativeMethodAccessorImpl.invoke(NativeMethodAccessorImpl.java:62)
	at sun.reflect.DelegatingMethodAccessorImpl.invoke(DelegatingMethodAccessorImpl.java:43)
	at java.lang.reflect.Method.invoke(Method.java:498)
	at org.junit.runners.model.FrameworkMethod$1.runReflectiveCall(FrameworkMethod.java:44)
	at org.junit.internal.runners.model.ReflectiveCallable.run(ReflectiveCallable.java:15)
	at org.junit.runners.model.FrameworkMethod.invokeExplosively(FrameworkMethod.java:41)
	at junitparams.internal.InvokeParameterisedMethod.evaluate(InvokeParameterisedMethod.java:102)
	at org.junit.internal.runners.statements.FailOnTimeout$1.run(FailOnTimeout.java:28)
Caused by: ptolemy.kernel.util.IllegalActionException: Found a zero delay loop containing .dependencyLoop.original
  in .dependencyLoop and .dependencyLoop.original
	at ptolemy.actor.util.CausalityInterfaceForComposites._computeOutputPortDepth(CausalityInterfaceForComposites.java:759)
	at ptolemy.actor.util.CausalityInterfaceForComposites._computeInputDepth(CausalityInterfaceForComposites.java:696)
	at ptolemy.actor.util.CausalityInterfaceForComposites._computeOutputPortDepth(CausalityInterfaceForComposites.java:765)
	at ptolemy.actor.util.CausalityInterfaceForComposites._computeInputDepth(CausalityInterfaceForComposites.java:696)
	at ptolemy.actor.util.CausalityInterfaceForComposites._computeOutputPortDepth(CausalityInterfaceForComposites.java:765)
	at ptolemy.actor.util.CausalityInterfaceForComposites._computeInputDepth(CausalityInterfaceForComposites.java:696)
	at ptolemy.actor.util.CausalityInterfaceForComposites._computeActorDepth(CausalityInterfaceForComposites.java:532)
	at ptolemy.actor.util.CausalityInterfaceForComposites.checkForCycles(CausalityInterfaceForComposites.java:96)
	at ptolemy.domains.de.kernel.DEDirector.preinitialize(DEDirector.java:1337)
	at ptolemy.actor.CompositeActor.preinitialize(CompositeActor.java:1828)
	at ptolemy.actor.Manager.preinitializeAndResolveTypes(Manager.java:1040)
	at ptolemy.actor.Manager.initialize(Manager.java:710)
	at ptolemy.actor.Manager.execute(Manager.java:356)
	at ptolemy.actor.Manager.run(Manager.java:1263)
	at ptolemy.actor.Manager$PtolemyRunThread.run(Manager.java:1915)
java.lang.RuntimeException: Execution failed
	at ptolemy.moml.MoMLSimpleApplication$UnloadThread.run(MoMLSimpleApplication.java:402)
Caused by: ptolemy.kernel.util.IllegalActionException: Found a zero delay loop containing .dependencyLoop2.original
  in .dependencyLoop2 and .dependencyLoop2.original
	at ptolemy.actor.util.CausalityInterfaceForComposites._computeOutputPortDepth(CausalityInterfaceForComposites.java:759)
	at ptolemy.actor.util.CausalityInterfaceForComposites._computeInputDepth(CausalityInterfaceForComposites.java:696)
	at ptolemy.actor.util.CausalityInterfaceForComposites._computeOutputPortDepth(CausalityInterfaceForComposites.java:765)
	at ptolemy.actor.util.CausalityInterfaceForComposites._computeInputDepth(CausalityInterfaceForComposites.java:696)
	at ptolemy.actor.util.CausalityInterfaceForComposites._computeOutputPortDepth(CausalityInterfaceForComposites.java:765)
	at ptolemy.actor.util.CausalityInterfaceForComposites._computeInputDepth(CausalityInterfaceForComposites.java:696)
	at ptolemy.actor.util.CausalityInterfaceForComposites._computeActorDepth(CausalityInterfaceForComposites.java:532)
	at ptolemy.actor.util.CausalityInterfaceForComposites.checkForCycles(CausalityInterfaceForComposites.java:96)
	at ptolemy.domains.de.kernel.DEDirector.preinitialize(DEDirector.java:1337)
	at ptolemy.actor.CompositeActor.preinitialize(CompositeActor.java:1828)
	at ptolemy.actor.Manager.preinitializeAndResolveTypes(Manager.java:1040)
	at ptolemy.actor.Manager.initialize(Manager.java:710)
	at ptolemy.actor.Manager.execute(Manager.java:356)
	at ptolemy.actor.Manager.run(Manager.java:1263)
	at ptolemy.actor.Manager$PtolemyRunThread.run(Manager.java:1915)
java.lang.reflect.InvocationTargetException
	at sun.reflect.NativeConstructorAccessorImpl.newInstance0(Native Method)
	at sun.reflect.NativeConstructorAccessorImpl.newInstance(NativeConstructorAccessorImpl.java:62)
	at sun.reflect.DelegatingConstructorAccessorImpl.newInstance(DelegatingConstructorAccessorImpl.java:45)
	at java.lang.reflect.Constructor.newInstance(Constructor.java:423)
	at ptolemy.util.test.junit.AutoKnownFailedTests.RunModel(AutoKnownFailedTests.java:107)
	at sun.reflect.NativeMethodAccessorImpl.invoke0(Native Method)
	at sun.reflect.NativeMethodAccessorImpl.invoke(NativeMethodAccessorImpl.java:62)
	at sun.reflect.DelegatingMethodAccessorImpl.invoke(DelegatingMethodAccessorImpl.java:43)
	at java.lang.reflect.Method.invoke(Method.java:498)
	at org.junit.runners.model.FrameworkMethod$1.runReflectiveCall(FrameworkMethod.java:44)
	at org.junit.internal.runners.model.ReflectiveCallable.run(ReflectiveCallable.java:15)
	at org.junit.runners.model.FrameworkMethod.invokeExplosively(FrameworkMethod.java:41)
	at junitparams.internal.InvokeParameterisedMethod.evaluate(InvokeParameterisedMethod.java:102)
	at org.junit.internal.runners.statements.FailOnTimeout$1.run(FailOnTimeout.java:28)
Caused by: ptolemy.kernel.util.IllegalActionException: Found a zero delay loop containing .dependencyLoop2.original
  in .dependencyLoop2 and .dependencyLoop2.original
	at ptolemy.actor.util.CausalityInterfaceForComposites._computeOutputPortDepth(CausalityInterfaceForComposites.java:759)
	at ptolemy.actor.util.CausalityInterfaceForComposites._computeInputDepth(CausalityInterfaceForComposites.java:696)
	at ptolemy.actor.util.CausalityInterfaceForComposites._computeOutputPortDepth(CausalityInterfaceForComposites.java:765)
	at ptolemy.actor.util.CausalityInterfaceForComposites._computeInputDepth(CausalityInterfaceForComposites.java:696)
	at ptolemy.actor.util.CausalityInterfaceForComposites._computeOutputPortDepth(CausalityInterfaceForComposites.java:765)
	at ptolemy.actor.util.CausalityInterfaceForComposites._computeInputDepth(CausalityInterfaceForComposites.java:696)
	at ptolemy.actor.util.CausalityInterfaceForComposites._computeActorDepth(CausalityInterfaceForComposites.java:532)
	at ptolemy.actor.util.CausalityInterfaceForComposites.checkForCycles(CausalityInterfaceForComposites.java:96)
	at ptolemy.domains.de.kernel.DEDirector.preinitialize(DEDirector.java:1337)
	at ptolemy.actor.CompositeActor.preinitialize(CompositeActor.java:1828)
	at ptolemy.actor.Manager.preinitializeAndResolveTypes(Manager.java:1040)
	at ptolemy.actor.Manager.initialize(Manager.java:710)
	at ptolemy.actor.Manager.execute(Manager.java:356)
	at ptolemy.actor.Manager.run(Manager.java:1263)
	at ptolemy.actor.Manager$PtolemyRunThread.run(Manager.java:1915)
]]></system-err>
</testsuite>
