<?xml version="1.0" encoding="UTF-8" ?>
<testsuite errors="7" failures="0" hostname="travis-job-05e1501d-2f72-4b47-a4cd-31b1a66ef29c" name="ptolemy.actor.lib.jjs.modules.socket.test.junit.JUnitTclTest" skipped="0" tests="30" time="726.941" timestamp="2018-05-09T23:50:49">
  <properties>
[...]
</properties>
  <testcase classname="ptolemy.util.test.junit.TclTests" name="[0] ThereAreNoTclTests (RunTclFile)" time="0.002" />
  <testcase classname="ptolemy.util.test.junit.AutoKnownFailedTests" name="[0] /home/travis/build/icyphy/ptII/ptolemy/actor/lib/jjs/modules/socket/test/auto/knownFailedTests/SocketLong.xml (RunModel)" time="15.379" />
  <testcase classname="ptolemy.util.test.junit.AutoKnownFailedTests" name="[1] /home/travis/build/icyphy/ptII/ptolemy/actor/lib/jjs/modules/socket/test/auto/knownFailedTests/SocketUnsignedInt.xml (RunModel)" time="8.765" />
  <testcase classname="ptolemy.util.test.junit.AutoNameArchTests" name="[0] ThereAreNoAutoTests (RunModel)" time="0.004" />
  <testcase classname="ptolemy.util.test.junit.AutoTests" name="[0] /home/travis/build/icyphy/ptII/ptolemy/actor/lib/jjs/modules/socket/test/auto/Message1.xml (RunModel)" time="10.834" />
  <testcase classname="ptolemy.util.test.junit.AutoTests" name="[1] /home/travis/build/icyphy/ptII/ptolemy/actor/lib/jjs/modules/socket/test/auto/Message2.xml (RunModel)" time="18.123" />
  <testcase classname="ptolemy.util.test.junit.AutoTests" name="[2] /home/travis/build/icyphy/ptII/ptolemy/actor/lib/jjs/modules/socket/test/auto/Message3.xml (RunModel)" time="17.292" />
  <testcase classname="ptolemy.util.test.junit.AutoTests" name="[3] /home/travis/build/icyphy/ptII/ptolemy/actor/lib/jjs/modules/socket/test/auto/Message4.xml (RunModel)" time="16.945" />
  <testcase classname="ptolemy.util.test.junit.AutoTests" name="[4] /home/travis/build/icyphy/ptII/ptolemy/actor/lib/jjs/modules/socket/test/auto/Socket1.xml (RunModel)" time="10.572" />
  <testcase classname="ptolemy.util.test.junit.AutoTests" name="[5] /home/travis/build/icyphy/ptII/ptolemy/actor/lib/jjs/modules/socket/test/auto/Socket2.xml (RunModel)" time="20.197">
    <error type="java.lang.reflect.InvocationTargetException">java.lang.reflect.InvocationTargetException
	at java.lang.reflect.Constructor.newInstance(Constructor.java:423)
	at ptolemy.util.test.junit.AutoTests.RunModel(AutoTests.java:161)
	at junitparams.internal.InvokeParameterisedMethod.evaluate(InvokeParameterisedMethod.java:102)
Caused by: java.lang.RuntimeException: ptolemy.kernel.util.IllegalActionException: Failed to connect: 
Connection refused: localhost/127.0.0.1:4002
Connection refused
  in .Socket2.Client
Because:
Connection refused: localhost/127.0.0.1:4002
	at ptolemy.util.MessageHandler.error(MessageHandler.java:115)
	at ptolemy.actor.lib.jjs.JavaScript.error(JavaScript.java:857)
	at ptolemy.actor.lib.jjs.HelperBase$2.run(HelperBase.java:213)
	at ptolemy.actor.lib.jjs.JavaScript.fire(JavaScript.java:1050)
	at ptolemy.domains.de.kernel.DEDirector._fire(DEDirector.java:1948)
	at ptolemy.domains.de.kernel.DEDirector.fire(DEDirector.java:502)
	at ptolemy.actor.CompositeActor.fire(CompositeActor.java:455)
	at ptolemy.actor.Manager.iterate(Manager.java:851)
	at ptolemy.actor.Manager.execute(Manager.java:369)
	at ptolemy.actor.Manager.run(Manager.java:1263)
	at ptolemy.actor.Manager$PtolemyRunThread.run(Manager.java:1915)
Caused by: ptolemy.kernel.util.IllegalActionException: Failed to connect: 
Connection refused: localhost/127.0.0.1:4002
Connection refused
  in .Socket2.Client
Because:
Connection refused: localhost/127.0.0.1:4002
Caused by: io.netty.channel.AbstractChannel$AnnotatedConnectException: Connection refused: localhost/127.0.0.1:4002
	at sun.nio.ch.SocketChannelImpl.checkConnect(Native Method)
	at sun.nio.ch.SocketChannelImpl.finishConnect(SocketChannelImpl.java:717)
	at io.netty.channel.socket.nio.NioSocketChannel.doFinishConnect(NioSocketChannel.java:325)
	at io.netty.channel.nio.AbstractNioChannel$AbstractNioUnsafe.finishConnect(AbstractNioChannel.java:340)
	at io.netty.channel.nio.NioEventLoop.processSelectedKey(NioEventLoop.java:633)
	at io.netty.channel.nio.NioEventLoop.processSelectedKeysOptimized(NioEventLoop.java:580)
	at io.netty.channel.nio.NioEventLoop.processSelectedKeys(NioEventLoop.java:497)
	at io.netty.channel.nio.NioEventLoop.run(NioEventLoop.java:459)
	at io.netty.util.concurrent.SingleThreadEventExecutor$5.run(SingleThreadEventExecutor.java:886)
	at io.netty.util.concurrent.FastThreadLocalRunnable.run(FastThreadLocalRunnable.java:30)
	at java.lang.Thread.run(Thread.java:748)
Caused by: java.net.ConnectException: Connection refused
</error>
  </testcase>
  <testcase classname="ptolemy.util.test.junit.AutoTests" name="[6] /home/travis/build/icyphy/ptII/ptolemy/actor/lib/jjs/modules/socket/test/auto/Socket3.xml (RunModel)" time="10.851">
    <error type="java.lang.reflect.InvocationTargetException">java.lang.reflect.InvocationTargetException
	at java.lang.reflect.Constructor.newInstance(Constructor.java:423)
	at ptolemy.util.test.junit.AutoTests.RunModel(AutoTests.java:161)
	at junitparams.internal.InvokeParameterisedMethod.evaluate(InvokeParameterisedMethod.java:102)
Caused by: ptolemy.kernel.util.IllegalActionException: Test fails in iteration 0.
Value was: &quot;aaa&quot;. Should have been: &quot;aa&quot;
  in .Socket3.Test
	at ptolemy.actor.lib.Test.fire(Test.java:268)
	at ptolemy.domains.de.kernel.DEDirector._fire(DEDirector.java:1948)
	at ptolemy.domains.de.kernel.DEDirector.fire(DEDirector.java:502)
	at ptolemy.actor.CompositeActor.fire(CompositeActor.java:455)
	at ptolemy.actor.Manager.iterate(Manager.java:851)
	at ptolemy.actor.Manager.execute(Manager.java:369)
	at ptolemy.actor.Manager.run(Manager.java:1263)
	at ptolemy.actor.Manager$PtolemyRunThread.run(Manager.java:1915)
</error>
  </testcase>
  <testcase classname="ptolemy.util.test.junit.AutoTests" name="[7] /home/travis/build/icyphy/ptII/ptolemy/actor/lib/jjs/modules/socket/test/auto/SocketByte.xml (RunModel)" time="162.854">
    <error type="java.lang.reflect.InvocationTargetException">java.lang.reflect.InvocationTargetException
	at java.lang.reflect.Constructor.newInstance(Constructor.java:423)
	at ptolemy.util.test.junit.AutoTests.RunModel(AutoTests.java:161)
	at junitparams.internal.InvokeParameterisedMethod.evaluate(InvokeParameterisedMethod.java:102)
Caused by: ptolemy.kernel.util.IllegalActionException: Exceptions occurred during wrapup:
ptolemy.kernel.util.IllegalActionException: The fire() method of this actor was never called. Usually, this is an error indicating that starvation is occurring.
Threads:
Threads: 15
Current Thread (*) _is not_ the Swing Event Dispatch Thread
Name                                Group                Pri Daemon Alive Curr
Reference Handler                   system               10  true   true   
Finalizer                           system               8   true   true   
Signal Dispatcher                   system               9   true   true   
Java2D Disposer                     system               10  true   true   
AWT-XAWT                            system               6   true   true   
main                                main                 5   false  true   
vertx-blocked-thread-checker        main                 1   true   true   
vert.x-eventloop-thread-0           main                 1   false  true   
vert.x-eventloop-thread-1           main                 1   false  true   
vert.x-eventloop-thread-2           main                 1   false  true   
vert.x-eventloop-thread-3           main                 1   false  true   
Thread-33                           main                 5   false  true   
SocketByte                          main                 1   false  true  *
Thread-34                           main                 5   false  true   
globalEventExecutor-1-8             main                 5   false  true   

  in .SocketByte.Test
ptolemy.kernel.util.IllegalActionException: The fire() method of this actor was never called. Usually, this is an error indicating that starvation is occurring.
Threads:
Threads: 15
Current Thread (*) _is not_ the Swing Event Dispatch Thread
Name                                Group                Pri Daemon Alive Curr
Reference Handler                   system               10  true   true   
Finalizer                           system               8   true   true   
Signal Dispatcher                   system               9   true   true   
Java2D Disposer                     system               10  true   true   
AWT-XAWT                            system               6   true   true   
main                                main                 5   false  true   
vertx-blocked-thread-checker        main                 1   true   true   
vert.x-eventloop-thread-0           main                 1   false  true   
vert.x-eventloop-thread-1           main                 1   false  true   
vert.x-eventloop-thread-2           main                 1   false  true   
vert.x-eventloop-thread-3           main                 1   false  true   
Thread-33                           main                 5   false  true   
SocketByte                          main                 1   false  true  *
Thread-34                           main                 5   false  true   
globalEventExecutor-1-8             Unnamed group        5   false  false  

  in .SocketByte.Test2
ptolemy.kernel.util.IllegalActionException: The fire() method of this actor was never called. Usually, this is an error indicating that starvation is occurring.
Threads:
Threads: 14
Current Thread (*) _is not_ the Swing Event Dispatch Thread
Name                                Group                Pri Daemon Alive Curr
Reference Handler                   system               10  true   true   
Finalizer                           system               8   true   true   
Signal Dispatcher                   system               9   true   true   
Java2D Disposer                     system               10  true   true   
AWT-XAWT                            system               6   true   true   
main                                main                 5   false  true   
vertx-blocked-thread-checker        main                 1   true   true   
vert.x-eventloop-thread-0           main                 1   false  true   
vert.x-eventloop-thread-1           main                 1   false  true   
vert.x-eventloop-thread-2           main                 1   false  true   
vert.x-eventloop-thread-3           main                 1   false  true   
Thread-33                           main                 5   false  true   
SocketByte                          main                 1   false  true  *
Thread-34                           main                 5   false  true   

  in .SocketByte.Test3

  in .SocketByte.DE Director
Because:
The fire() method of this actor was never called. Usually, this is an error indicating that starvation is occurring.
Threads:
Threads: 15
Current Thread (*) _is not_ the Swing Event Dispatch Thread
Name                                Group                Pri Daemon Alive Curr
Reference Handler                   system               10  true   true   
Finalizer                           system               8   true   true   
Signal Dispatcher                   system               9   true   true   
Java2D Disposer                     system               10  true   true   
AWT-XAWT                            system               6   true   true   
main                                main                 5   false  true   
vertx-blocked-thread-checker        main                 1   true   true   
vert.x-eventloop-thread-0           main                 1   false  true   
vert.x-eventloop-thread-1           main                 1   false  true   
vert.x-eventloop-thread-2           main                 1   false  true   
vert.x-eventloop-thread-3           main                 1   false  true   
Thread-33                           main                 5   false  true   
SocketByte                          main                 1   false  true  *
Thread-34                           main                 5   false  true   
globalEventExecutor-1-8             main                 5   false  true   

  in .SocketByte.Test
	at ptolemy.actor.Director.wrapup(Director.java:1736)
	at ptolemy.domains.de.kernel.DEDirector.wrapup(DEDirector.java:1526)
	at ptolemy.actor.CompositeActor.wrapup(CompositeActor.java:2735)
	at ptolemy.actor.Manager.wrapup(Manager.java:1512)
	at ptolemy.actor.Manager.execute(Manager.java:407)
	at ptolemy.actor.Manager.run(Manager.java:1263)
	at ptolemy.actor.Manager$PtolemyRunThread.run(Manager.java:1915)
Caused by: ptolemy.kernel.util.IllegalActionException: The fire() method of this actor was never called. Usually, this is an error indicating that starvation is occurring.
Threads:
Threads: 15
Current Thread (*) _is not_ the Swing Event Dispatch Thread
Name                                Group                Pri Daemon Alive Curr
Reference Handler                   system               10  true   true   
Finalizer                           system               8   true   true   
Signal Dispatcher                   system               9   true   true   
Java2D Disposer                     system               10  true   true   
AWT-XAWT                            system               6   true   true   
main                                main                 5   false  true   
vertx-blocked-thread-checker        main                 1   true   true   
vert.x-eventloop-thread-0           main                 1   false  true   
vert.x-eventloop-thread-1           main                 1   false  true   
vert.x-eventloop-thread-2           main                 1   false  true   
vert.x-eventloop-thread-3           main                 1   false  true   
Thread-33                           main                 5   false  true   
SocketByte                          main                 1   false  true  *
Thread-34                           main                 5   false  true   
globalEventExecutor-1-8             main                 5   false  true   

  in .SocketByte.Test
	at ptolemy.actor.lib.NonStrictTest.wrapup(NonStrictTest.java:395)
	at ptolemy.actor.Director.wrapup(Director.java:1722)
</error>
  </testcase>
  <testcase classname="ptolemy.util.test.junit.AutoTests" name="[8] /home/travis/build/icyphy/ptII/ptolemy/actor/lib/jjs/modules/socket/test/auto/SocketDouble.xml (RunModel)" time="13.522" />
  <testcase classname="ptolemy.util.test.junit.AutoTests" name="[9] /home/travis/build/icyphy/ptII/ptolemy/actor/lib/jjs/modules/socket/test/auto/SocketDoubleArray.xml (RunModel)" time="21.033">
    <error type="java.lang.reflect.InvocationTargetException">java.lang.reflect.InvocationTargetException
	at java.lang.reflect.Constructor.newInstance(Constructor.java:423)
	at ptolemy.util.test.junit.AutoTests.RunModel(AutoTests.java:161)
	at junitparams.internal.InvokeParameterisedMethod.evaluate(InvokeParameterisedMethod.java:102)
Caused by: java.lang.RuntimeException: ptolemy.kernel.util.IllegalActionException: Failed to connect: 
Connection refused: localhost/127.0.0.1:4013
Connection refused
  in .SocketDoubleArray.Client
Because:
Connection refused: localhost/127.0.0.1:4013
	at ptolemy.util.MessageHandler.error(MessageHandler.java:115)
	at ptolemy.actor.lib.jjs.JavaScript.error(JavaScript.java:857)
	at ptolemy.actor.lib.jjs.HelperBase$2.run(HelperBase.java:213)
	at ptolemy.actor.lib.jjs.JavaScript.fire(JavaScript.java:1050)
	at ptolemy.domains.de.kernel.DEDirector._fire(DEDirector.java:1948)
	at ptolemy.domains.de.kernel.DEDirector.fire(DEDirector.java:502)
	at ptolemy.actor.CompositeActor.fire(CompositeActor.java:455)
	at ptolemy.actor.Manager.iterate(Manager.java:851)
	at ptolemy.actor.Manager.execute(Manager.java:369)
	at ptolemy.actor.Manager.run(Manager.java:1263)
	at ptolemy.actor.Manager$PtolemyRunThread.run(Manager.java:1915)
Caused by: ptolemy.kernel.util.IllegalActionException: Failed to connect: 
Connection refused: localhost/127.0.0.1:4013
Connection refused
  in .SocketDoubleArray.Client
Because:
Connection refused: localhost/127.0.0.1:4013
Caused by: io.netty.channel.AbstractChannel$AnnotatedConnectException: Connection refused: localhost/127.0.0.1:4013
	at sun.nio.ch.SocketChannelImpl.checkConnect(Native Method)
	at sun.nio.ch.SocketChannelImpl.finishConnect(SocketChannelImpl.java:717)
	at io.netty.channel.socket.nio.NioSocketChannel.doFinishConnect(NioSocketChannel.java:325)
	at io.netty.channel.nio.AbstractNioChannel$AbstractNioUnsafe.finishConnect(AbstractNioChannel.java:340)
	at io.netty.channel.nio.NioEventLoop.processSelectedKey(NioEventLoop.java:633)
	at io.netty.channel.nio.NioEventLoop.processSelectedKeysOptimized(NioEventLoop.java:580)
	at io.netty.channel.nio.NioEventLoop.processSelectedKeys(NioEventLoop.java:497)
	at io.netty.channel.nio.NioEventLoop.run(NioEventLoop.java:459)
	at io.netty.util.concurrent.SingleThreadEventExecutor$5.run(SingleThreadEventExecutor.java:886)
	at io.netty.util.concurrent.FastThreadLocalRunnable.run(FastThreadLocalRunnable.java:30)
	at java.lang.Thread.run(Thread.java:748)
Caused by: java.net.ConnectException: Connection refused
</error>
  </testcase>
  <testcase classname="ptolemy.util.test.junit.AutoTests" name="[10] /home/travis/build/icyphy/ptII/ptolemy/actor/lib/jjs/modules/socket/test/auto/SocketDoubleArrayBatched.xml (RunModel)" time="10.998" />
  <testcase classname="ptolemy.util.test.junit.AutoTests" name="[11] /home/travis/build/icyphy/ptII/ptolemy/actor/lib/jjs/modules/socket/test/auto/SocketFloat.xml (RunModel)" time="14.038" />
  <testcase classname="ptolemy.util.test.junit.AutoTests" name="[12] /home/travis/build/icyphy/ptII/ptolemy/actor/lib/jjs/modules/socket/test/auto/SocketImage.xml (RunModel)" time="21.669" />
  <testcase classname="ptolemy.util.test.junit.AutoTests" name="[13] /home/travis/build/icyphy/ptII/ptolemy/actor/lib/jjs/modules/socket/test/auto/SocketImagePNG.xml (RunModel)" time="12.376">
    <error type="java.lang.reflect.InvocationTargetException">java.lang.reflect.InvocationTargetException
	at java.lang.reflect.Constructor.newInstance(Constructor.java:423)
	at ptolemy.util.test.junit.AutoTests.RunModel(AutoTests.java:161)
	at junitparams.internal.InvokeParameterisedMethod.evaluate(InvokeParameterisedMethod.java:102)
Caused by: ptolemy.kernel.util.IllegalActionException: Exceptions occurred during wrapup:
ptolemy.kernel.util.IllegalActionException: The fire() method of this actor was never called. Usually, this is an error indicating that starvation is occurring.
Threads:
Threads: 19
Current Thread (*) _is not_ the Swing Event Dispatch Thread
Name                                Group                Pri Daemon Alive Curr
Reference Handler                   system               10  true   true   
Finalizer                           system               8   true   true   
Signal Dispatcher                   system               9   true   true   
Java2D Disposer                     system               10  true   true   
AWT-XAWT                            system               6   true   true   
main                                main                 5   false  true   
vertx-blocked-thread-checker        main                 1   true   true   
vert.x-eventloop-thread-0           main                 1   false  true   
vert.x-eventloop-thread-1           main                 1   false  true   
vert.x-eventloop-thread-2           main                 1   false  true   
vert.x-eventloop-thread-3           main                 1   false  true   
atomic-processor-1                  main                 5   true   true   
webcam-discovery-service            main                 5   true   true   
Thread-54                           main                 5   false  true   
SocketImagePNG                      main                 1   false  true  *
Thread-55                           main                 5   false  true   
webcam-lock-[Dummy Webcam 0]        main                 1   true   true   
webcam-updater-thread-2             main                 1   true   true   
notificator-[Dummy Webcam 0]        main                 1   true   true   

  in .SocketImagePNG.Test
ptolemy.kernel.util.IllegalActionException: The fire() method of this actor was never called. Usually, this is an error indicating that starvation is occurring.
Threads:
Threads: 19
Current Thread (*) _is not_ the Swing Event Dispatch Thread
Name                                Group                Pri Daemon Alive Curr
Reference Handler                   system               10  true   true   
Finalizer                           system               8   true   true   
Signal Dispatcher                   system               9   true   true   
Java2D Disposer                     system               10  true   true   
AWT-XAWT                            system               6   true   true   
main                                main                 5   false  true   
vertx-blocked-thread-checker        main                 1   true   true   
vert.x-eventloop-thread-0           main                 1   false  true   
vert.x-eventloop-thread-1           main                 1   false  true   
vert.x-eventloop-thread-2           main                 1   false  true   
vert.x-eventloop-thread-3           main                 1   false  true   
atomic-processor-1                  main                 5   true   true   
webcam-discovery-service            main                 5   true   true   
Thread-54                           main                 5   false  true   
SocketImagePNG                      main                 1   false  true  *
Thread-55                           main                 5   false  true   
webcam-lock-[Dummy Webcam 0]        main                 1   true   true   
webcam-updater-thread-2             main                 1   true   true   
notificator-[Dummy Webcam 0]        main                 1   true   true   

  in .SocketImagePNG.Test2

  in .SocketImagePNG.DE Director
Because:
The fire() method of this actor was never called. Usually, this is an error indicating that starvation is occurring.
Threads:
Threads: 19
Current Thread (*) _is not_ the Swing Event Dispatch Thread
Name                                Group                Pri Daemon Alive Curr
Reference Handler                   system               10  true   true   
Finalizer                           system               8   true   true   
Signal Dispatcher                   system               9   true   true   
Java2D Disposer                     system               10  true   true   
AWT-XAWT                            system               6   true   true   
main                                main                 5   false  true   
vertx-blocked-thread-checker        main                 1   true   true   
vert.x-eventloop-thread-0           main                 1   false  true   
vert.x-eventloop-thread-1           main                 1   false  true   
vert.x-eventloop-thread-2           main                 1   false  true   
vert.x-eventloop-thread-3           main                 1   false  true   
atomic-processor-1                  main                 5   true   true   
webcam-discovery-service            main                 5   true   true   
Thread-54                           main                 5   false  true   
SocketImagePNG                      main                 1   false  true  *
Thread-55                           main                 5   false  true   
webcam-lock-[Dummy Webcam 0]        main                 1   true   true   
webcam-updater-thread-2             main                 1   true   true   
notificator-[Dummy Webcam 0]        main                 1   true   true   

  in .SocketImagePNG.Test
	at ptolemy.actor.Director.wrapup(Director.java:1736)
	at ptolemy.domains.de.kernel.DEDirector.wrapup(DEDirector.java:1526)
	at ptolemy.actor.CompositeActor.wrapup(CompositeActor.java:2735)
	at ptolemy.actor.Manager.wrapup(Manager.java:1512)
	at ptolemy.actor.Manager.execute(Manager.java:407)
	at ptolemy.actor.Manager.run(Manager.java:1263)
	at ptolemy.actor.Manager$PtolemyRunThread.run(Manager.java:1915)
Caused by: ptolemy.kernel.util.IllegalActionException: The fire() method of this actor was never called. Usually, this is an error indicating that starvation is occurring.
Threads:
Threads: 19
Current Thread (*) _is not_ the Swing Event Dispatch Thread
Name                                Group                Pri Daemon Alive Curr
Reference Handler                   system               10  true   true   
Finalizer                           system               8   true   true   
Signal Dispatcher                   system               9   true   true   
Java2D Disposer                     system               10  true   true   
AWT-XAWT                            system               6   true   true   
main                                main                 5   false  true   
vertx-blocked-thread-checker        main                 1   true   true   
vert.x-eventloop-thread-0           main                 1   false  true   
vert.x-eventloop-thread-1           main                 1   false  true   
vert.x-eventloop-thread-2           main                 1   false  true   
vert.x-eventloop-thread-3           main                 1   false  true   
atomic-processor-1                  main                 5   true   true   
webcam-discovery-service            main                 5   true   true   
Thread-54                           main                 5   false  true   
SocketImagePNG                      main                 1   false  true  *
Thread-55                           main                 5   false  true   
webcam-lock-[Dummy Webcam 0]        main                 1   true   true   
webcam-updater-thread-2             main                 1   true   true   
notificator-[Dummy Webcam 0]        main                 1   true   true   

  in .SocketImagePNG.Test
	at ptolemy.actor.lib.NonStrictTest.wrapup(NonStrictTest.java:395)
	at ptolemy.actor.Director.wrapup(Director.java:1722)
</error>
  </testcase>
  <testcase classname="ptolemy.util.test.junit.AutoTests" name="[14] /home/travis/build/icyphy/ptII/ptolemy/actor/lib/jjs/modules/socket/test/auto/SocketImageRaw.xml (RunModel)" time="15.302" />
  <testcase classname="ptolemy.util.test.junit.AutoTests" name="[15] /home/travis/build/icyphy/ptII/ptolemy/actor/lib/jjs/modules/socket/test/auto/SocketInt.xml (RunModel)" time="14.096" />
  <testcase classname="ptolemy.util.test.junit.AutoTests" name="[16] /home/travis/build/icyphy/ptII/ptolemy/actor/lib/jjs/modules/socket/test/auto/SocketShort.xml (RunModel)" time="12.735" />
  <testcase classname="ptolemy.util.test.junit.AutoTests" name="[17] /home/travis/build/icyphy/ptII/ptolemy/actor/lib/jjs/modules/socket/test/auto/SocketStringArray.xml (RunModel)" time="12.668" />
  <testcase classname="ptolemy.util.test.junit.AutoTests" name="[18] /home/travis/build/icyphy/ptII/ptolemy/actor/lib/jjs/modules/socket/test/auto/SocketTypicalUsage.xml (RunModel)" time="11.77" />
  <testcase classname="ptolemy.util.test.junit.AutoTests" name="[19] /home/travis/build/icyphy/ptII/ptolemy/actor/lib/jjs/modules/socket/test/auto/SocketUnsignedByte.xml (RunModel)" time="13.164">
    <error type="java.lang.reflect.InvocationTargetException">java.lang.reflect.InvocationTargetException
	at java.lang.reflect.Constructor.newInstance(Constructor.java:423)
	at ptolemy.util.test.junit.AutoTests.RunModel(AutoTests.java:161)
	at junitparams.internal.InvokeParameterisedMethod.evaluate(InvokeParameterisedMethod.java:102)
Caused by: ptolemy.kernel.util.IllegalActionException: Exceptions occurred during wrapup:
ptolemy.kernel.util.IllegalActionException: The fire() method of this actor was never called. Usually, this is an error indicating that starvation is occurring.
Threads:
Threads: 16
Current Thread (*) _is not_ the Swing Event Dispatch Thread
Name                                Group                Pri Daemon Alive Curr
Reference Handler                   system               10  true   true   
Finalizer                           system               8   true   true   
Signal Dispatcher                   system               9   true   true   
Java2D Disposer                     system               10  true   true   
AWT-XAWT                            system               6   true   true   
main                                main                 5   false  true   
vertx-blocked-thread-checker        main                 1   true   true   
vert.x-eventloop-thread-0           main                 1   false  true   
vert.x-eventloop-thread-1           main                 1   false  true   
vert.x-eventloop-thread-2           main                 1   false  true   
vert.x-eventloop-thread-3           main                 1   false  true   
atomic-processor-1                  main                 5   true   true   
webcam-discovery-service            main                 5   true   true   
Thread-74                           main                 5   false  true   
SocketUnsignedByte                  main                 1   false  true  *
Thread-75                           main                 5   false  true   

  in .SocketUnsignedByte.Test
ptolemy.kernel.util.IllegalActionException: The fire() method of this actor was never called. Usually, this is an error indicating that starvation is occurring.
Threads:
Threads: 16
Current Thread (*) _is not_ the Swing Event Dispatch Thread
Name                                Group                Pri Daemon Alive Curr
Reference Handler                   system               10  true   true   
Finalizer                           system               8   true   true   
Signal Dispatcher                   system               9   true   true   
Java2D Disposer                     system               10  true   true   
AWT-XAWT                            system               6   true   true   
main                                main                 5   false  true   
vertx-blocked-thread-checker        main                 1   true   true   
vert.x-eventloop-thread-0           main                 1   false  true   
vert.x-eventloop-thread-1           main                 1   false  true   
vert.x-eventloop-thread-2           main                 1   false  true   
vert.x-eventloop-thread-3           main                 1   false  true   
atomic-processor-1                  main                 5   true   true   
webcam-discovery-service            main                 5   true   true   
Thread-74                           main                 5   false  true   
SocketUnsignedByte                  main                 1   false  true  *
Thread-75                           main                 5   false  true   

  in .SocketUnsignedByte.Test2
ptolemy.kernel.util.IllegalActionException: The fire() method of this actor was never called. Usually, this is an error indicating that starvation is occurring.
Threads:
Threads: 16
Current Thread (*) _is not_ the Swing Event Dispatch Thread
Name                                Group                Pri Daemon Alive Curr
Reference Handler                   system               10  true   true   
Finalizer                           system               8   true   true   
Signal Dispatcher                   system               9   true   true   
Java2D Disposer                     system               10  true   true   
AWT-XAWT                            system               6   true   true   
main                                main                 5   false  true   
vertx-blocked-thread-checker        main                 1   true   true   
vert.x-eventloop-thread-0           main                 1   false  true   
vert.x-eventloop-thread-1           main                 1   false  true   
vert.x-eventloop-thread-2           main                 1   false  true   
vert.x-eventloop-thread-3           main                 1   false  true   
atomic-processor-1                  main                 5   true   true   
webcam-discovery-service            main                 5   true   true   
Thread-74                           main                 5   false  true   
SocketUnsignedByte                  main                 1   false  true  *
Thread-75                           main                 5   false  true   

  in .SocketUnsignedByte.Test3

  in .SocketUnsignedByte.DE Director
Because:
The fire() method of this actor was never called. Usually, this is an error indicating that starvation is occurring.
Threads:
Threads: 16
Current Thread (*) _is not_ the Swing Event Dispatch Thread
Name                                Group                Pri Daemon Alive Curr
Reference Handler                   system               10  true   true   
Finalizer                           system               8   true   true   
Signal Dispatcher                   system               9   true   true   
Java2D Disposer                     system               10  true   true   
AWT-XAWT                            system               6   true   true   
main                                main                 5   false  true   
vertx-blocked-thread-checker        main                 1   true   true   
vert.x-eventloop-thread-0           main                 1   false  true   
vert.x-eventloop-thread-1           main                 1   false  true   
vert.x-eventloop-thread-2           main                 1   false  true   
vert.x-eventloop-thread-3           main                 1   false  true   
atomic-processor-1                  main                 5   true   true   
webcam-discovery-service            main                 5   true   true   
Thread-74                           main                 5   false  true   
SocketUnsignedByte                  main                 1   false  true  *
Thread-75                           main                 5   false  true   

  in .SocketUnsignedByte.Test
	at ptolemy.actor.Director.wrapup(Director.java:1736)
	at ptolemy.domains.de.kernel.DEDirector.wrapup(DEDirector.java:1526)
	at ptolemy.actor.CompositeActor.wrapup(CompositeActor.java:2735)
	at ptolemy.actor.Manager.wrapup(Manager.java:1512)
	at ptolemy.actor.Manager.execute(Manager.java:407)
	at ptolemy.actor.Manager.run(Manager.java:1263)
	at ptolemy.actor.Manager$PtolemyRunThread.run(Manager.java:1915)
Caused by: ptolemy.kernel.util.IllegalActionException: The fire() method of this actor was never called. Usually, this is an error indicating that starvation is occurring.
Threads:
Threads: 16
Current Thread (*) _is not_ the Swing Event Dispatch Thread
Name                                Group                Pri Daemon Alive Curr
Reference Handler                   system               10  true   true   
Finalizer                           system               8   true   true   
Signal Dispatcher                   system               9   true   true   
Java2D Disposer                     system               10  true   true   
AWT-XAWT                            system               6   true   true   
main                                main                 5   false  true   
vertx-blocked-thread-checker        main                 1   true   true   
vert.x-eventloop-thread-0           main                 1   false  true   
vert.x-eventloop-thread-1           main                 1   false  true   
vert.x-eventloop-thread-2           main                 1   false  true   
vert.x-eventloop-thread-3           main                 1   false  true   
atomic-processor-1                  main                 5   true   true   
webcam-discovery-service            main                 5   true   true   
Thread-74                           main                 5   false  true   
SocketUnsignedByte                  main                 1   false  true  *
Thread-75                           main                 5   false  true   

  in .SocketUnsignedByte.Test
	at ptolemy.actor.lib.NonStrictTest.wrapup(NonStrictTest.java:395)
	at ptolemy.actor.Director.wrapup(Director.java:1722)
</error>
  </testcase>
  <testcase classname="ptolemy.util.test.junit.AutoTests" name="[20] /home/travis/build/icyphy/ptII/ptolemy/actor/lib/jjs/modules/socket/test/auto/SocketUnsignedShort.xml (RunModel)" time="13.998" />
  <testcase classname="ptolemy.util.test.junit.AutoTests" name="[21] /home/travis/build/icyphy/ptII/ptolemy/actor/lib/jjs/modules/socket/test/auto/TCPSocketDoubleArrayBatched.xml (RunModel)" time="12.179" />
  <testcase classname="ptolemy.util.test.junit.AutoTests" name="[22] /home/travis/build/icyphy/ptII/ptolemy/actor/lib/jjs/modules/socket/test/auto/TCPSocketSecureServerClient.xml (RunModel)" time="144.785">
    <error type="java.lang.reflect.InvocationTargetException">java.lang.reflect.InvocationTargetException
	at java.lang.reflect.Constructor.newInstance(Constructor.java:423)
	at ptolemy.util.test.junit.AutoTests.RunModel(AutoTests.java:161)
	at junitparams.internal.InvokeParameterisedMethod.evaluate(InvokeParameterisedMethod.java:102)
Caused by: ptolemy.kernel.util.IllegalActionException: Exceptions occurred during wrapup:
ptolemy.kernel.util.IllegalActionException: Failure executing the wrapup function: Error: TrainableTest: The input handler of this accessor was never invoked. Usually, this is an error indicating that starvation is occurring. in &lt;function&gt; at line number 393 at column number 16
  in .TCPSocketSecureServerClient.TrainableTest
Because:
Error: TrainableTest: The input handler of this accessor was never invoked. Usually, this is an error indicating that starvation is occurring. in &lt;function&gt; at line number 393 at column number 16
ptolemy.kernel.util.IllegalActionException: Failure executing the wrapup function: Error: TrainableTest2: The input handler of this accessor was never invoked. Usually, this is an error indicating that starvation is occurring. in &lt;function&gt; at line number 393 at column number 16
  in .TCPSocketSecureServerClient.TrainableTest2
Because:
Error: TrainableTest2: The input handler of this accessor was never invoked. Usually, this is an error indicating that starvation is occurring. in &lt;function&gt; at line number 393 at column number 16

  in .TCPSocketSecureServerClient.DE Director
Because:
Failure executing the wrapup function: Error: TrainableTest: The input handler of this accessor was never invoked. Usually, this is an error indicating that starvation is occurring. in &lt;function&gt; at line number 393 at column number 16
  in .TCPSocketSecureServerClient.TrainableTest
Because:
Error: TrainableTest: The input handler of this accessor was never invoked. Usually, this is an error indicating that starvation is occurring. in &lt;function&gt; at line number 393 at column number 16
	at ptolemy.actor.Director.wrapup(Director.java:1736)
	at ptolemy.domains.de.kernel.DEDirector.wrapup(DEDirector.java:1526)
	at ptolemy.actor.CompositeActor.wrapup(CompositeActor.java:2735)
	at ptolemy.actor.Manager.wrapup(Manager.java:1512)
	at ptolemy.actor.Manager.execute(Manager.java:407)
	at ptolemy.actor.Manager.run(Manager.java:1263)
	at ptolemy.actor.Manager$PtolemyRunThread.run(Manager.java:1915)
Caused by: ptolemy.kernel.util.IllegalActionException: Failure executing the wrapup function: Error: TrainableTest: The input handler of this accessor was never invoked. Usually, this is an error indicating that starvation is occurring. in &lt;function&gt; at line number 393 at column number 16
  in .TCPSocketSecureServerClient.TrainableTest
Because:
Error: TrainableTest: The input handler of this accessor was never invoked. Usually, this is an error indicating that starvation is occurring. in &lt;function&gt; at line number 393 at column number 16
	at ptolemy.actor.lib.jjs.JavaScript._invokeMethodInContext(JavaScript.java:2223)
	at ptolemy.actor.lib.jjs.JavaScript.wrapup(JavaScript.java:2118)
	at ptolemy.actor.Director.wrapup(Director.java:1722)
Caused by: javax.script.ScriptException: Error: TrainableTest: The input handler of this accessor was never invoked. Usually, this is an error indicating that starvation is occurring. in &lt;function&gt; at line number 393 at column number 16
	at jdk.nashorn.api.scripting.NashornScriptEngine.throwAsScriptException(NashornScriptEngine.java:470)
	at jdk.nashorn.api.scripting.NashornScriptEngine.invokeImpl(NashornScriptEngine.java:392)
	at jdk.nashorn.api.scripting.NashornScriptEngine.invokeMethod(NashornScriptEngine.java:199)
	at ptolemy.actor.lib.jjs.JavaScript._invokeMethodInContext(JavaScript.java:2200)
Caused by: &lt;function&gt;:393:16 Error: TrainableTest: The input handler of this accessor was never invoked. Usually, this is an error indicating that starvation is occurring.
	at jdk.nashorn.internal.objects.NativeError.initException(NativeError.java:137)
	at jdk.nashorn.internal.objects.NativeError.&lt;init&gt;(NativeError.java:102)
	at jdk.nashorn.internal.objects.NativeError.&lt;init&gt;(NativeError.java:106)
	at jdk.nashorn.internal.objects.NativeError.&lt;init&gt;(NativeError.java:110)
	at jdk.nashorn.internal.objects.NativeError.constructor(NativeError.java:129)
	at jdk.nashorn.internal.scripts.Script$Recompilation$42488$18508$\^function\_.L:1#wrapup(&lt;function&gt;:393)
	at jdk.nashorn.internal.scripts.Script$Recompilation$42486$30328$require.L:1#Accessor#wrapup(/home/travis/build/icyphy/ptII/ptolemy/actor/lib/jjs/external/require.js#401:30&lt;eval&gt;:673)
	at jdk.nashorn.internal.runtime.ScriptFunctionData.invoke(ScriptFunctionData.java:637)
	at jdk.nashorn.internal.runtime.ScriptFunction.invoke(ScriptFunction.java:494)
	at jdk.nashorn.internal.runtime.ScriptRuntime.apply(ScriptRuntime.java:393)
	at jdk.nashorn.api.scripting.ScriptObjectMirror.callMember(ScriptObjectMirror.java:199)
	at jdk.nashorn.api.scripting.NashornScriptEngine.invokeImpl(NashornScriptEngine.java:386)
</error>
  </testcase>
  <testcase classname="ptolemy.util.test.junit.AutoTests" name="[23] /home/travis/build/icyphy/ptII/ptolemy/actor/lib/jjs/modules/socket/test/auto/TCPSocketTwoClients.xml (RunModel)" time="43.155" />
  <testcase classname="ptolemy.util.test.junit.AutoTests" name="[24] /home/travis/build/icyphy/ptII/ptolemy/actor/lib/jjs/modules/socket/test/auto/TCPSocketUnsignedShort.xml (RunModel)" time="28.966" />
  <testcase classname="ptolemy.util.test.junit.AutoTests" name="[25] /home/travis/build/icyphy/ptII/ptolemy/actor/lib/jjs/modules/socket/test/auto/TCPSocketUnsignedShortSimple.xml (RunModel)" time="18.528" />
  <system-out><![CDATA[No tcl tests in /home/travis/build/icyphy/ptII/ptolemy/actor/lib/jjs/modules/socket/test
----------------- testing (KnownFailure) /home/travis/build/icyphy/ptII/ptolemy/actor/lib/jjs/modules/socket/test/auto/knownFailedTests/SocketLong.xml
7846 ms. Memory: 377856K Free: 254633K (67%)
Known Failure: java.lang.reflect.InvocationTargetException
----------------- testing (KnownFailure) /home/travis/build/icyphy/ptII/ptolemy/actor/lib/jjs/modules/socket/test/auto/knownFailedTests/SocketUnsignedInt.xml
6158 ms. Memory: 502784K Free: 201708K (40%)
Known Failure: java.lang.reflect.InvocationTargetException
No auto/*.xml tests in /home/travis/build/icyphy/ptII/ptolemy/actor/lib/jjs/modules/socket/test
AutoTests.java: About to close Vertx.
AutoTests.java: Vertx closed.
----------------- testing Wed May 09 23:51:14 UTC 2018 /home/travis/build/icyphy/ptII/ptolemy/actor/lib/jjs/modules/socket/test/auto/Message1.xml
----------------- Wed May 09 23:51:14 UTC 2018 About to sleep for 5.0 seconds before running or rerunning.  Test is: /home/travis/build/icyphy/ptII/ptolemy/actor/lib/jjs/modules/socket/test/auto/Message1.xml
Done sleeping
----------------- Instantiating /home/travis/build/icyphy/ptII/ptolemy/actor/lib/jjs/modules/socket/test/auto/Message1.xml
Client: Sending data: -1,0,1,128,256 (Thread[Message1,1,main])
4393 ms. Memory: 617472K Free: 321902K (52%)
----------------- Invoking toplevel() on ptolemy.moml.MoMLSimpleApplication@5716cc4a
----------------- Done invoking toplevel() on ptolemy.moml.MoMLSimpleApplication@5716cc4a
reloadAllAccessors: .Message1
----------------- testing Wed May 09 23:51:24 UTC 2018 /home/travis/build/icyphy/ptII/ptolemy/actor/lib/jjs/modules/socket/test/auto/Message2.xml
----------------- Wed May 09 23:51:24 UTC 2018 About to sleep for 5.0 seconds before running or rerunning.  Test is: /home/travis/build/icyphy/ptII/ptolemy/actor/lib/jjs/modules/socket/test/auto/Message2.xml
Done sleeping
----------------- Instantiating /home/travis/build/icyphy/ptII/ptolemy/actor/lib/jjs/modules/socket/test/auto/Message2.xml
JSAccessor: PT_NO_NET environment variable is set, so git pull and ptdoc are not being run.
Client: Sending data: 5,1,2,3 (Thread[Message2,1,main])
Client: Sending data: 4,5 (Thread[Message2,1,main])
7686 ms. Memory: 898048K Free: 141992K (16%)
----------------- Invoking toplevel() on ptolemy.moml.MoMLSimpleApplication@33ceb37a
----------------- Done invoking toplevel() on ptolemy.moml.MoMLSimpleApplication@33ceb37a
reloadAllAccessors: .Message2
This is the first time that the reloadAllAccessors method has been invoked in this JVM, so the the accessors repo will be checked out or updated and JSDoc invoked. Note that running the tests may end up invoking a new JVM for each directory, so the repo may be checked out or updated and JSDoc invoked more than once when the tests are run.
-------------- Reloaded accessors, but skipping rerun for now. Wed May 09 23:51:43 UTC 2018 /home/travis/build/icyphy/ptII/ptolemy/actor/lib/jjs/modules/socket/test/auto/Message2.xml
----------------- testing Wed May 09 23:51:43 UTC 2018 /home/travis/build/icyphy/ptII/ptolemy/actor/lib/jjs/modules/socket/test/auto/Message3.xml
----------------- Wed May 09 23:51:43 UTC 2018 About to sleep for 5.0 seconds before running or rerunning.  Test is: /home/travis/build/icyphy/ptII/ptolemy/actor/lib/jjs/modules/socket/test/auto/Message3.xml
Done sleeping
----------------- Instantiating /home/travis/build/icyphy/ptII/ptolemy/actor/lib/jjs/modules/socket/test/auto/Message3.xml
Client: Sending data: 5,1,2,3 (Thread[Message3,1,main])
Client: Sending data: 4,5,3,1,2,3 (Thread[Message3,1,main])
7026 ms. Memory: 1115136K Free: 212870K (19%)
----------------- Invoking toplevel() on ptolemy.moml.MoMLSimpleApplication@1418f457
----------------- Done invoking toplevel() on ptolemy.moml.MoMLSimpleApplication@1418f457
reloadAllAccessors: .Message3
-------------- Reloaded accessors, but skipping rerun for now. Wed May 09 23:52:00 UTC 2018 /home/travis/build/icyphy/ptII/ptolemy/actor/lib/jjs/modules/socket/test/auto/Message3.xml
----------------- testing Wed May 09 23:52:00 UTC 2018 /home/travis/build/icyphy/ptII/ptolemy/actor/lib/jjs/modules/socket/test/auto/Message4.xml
----------------- Wed May 09 23:52:00 UTC 2018 About to sleep for 5.0 seconds before running or rerunning.  Test is: /home/travis/build/icyphy/ptII/ptolemy/actor/lib/jjs/modules/socket/test/auto/Message4.xml
Done sleeping
----------------- Instantiating /home/travis/build/icyphy/ptII/ptolemy/actor/lib/jjs/modules/socket/test/auto/Message4.xml
Client: Sending data: 5,1,2,3 (Thread[Message4,1,main])
Client: Sending data: 4,5,3,1,2,3,2,1 (Thread[Message4,1,main])
7573 ms. Memory: 1549312K Free: 1174466K (76%)
----------------- Invoking toplevel() on ptolemy.moml.MoMLSimpleApplication@61548df
----------------- Done invoking toplevel() on ptolemy.moml.MoMLSimpleApplication@61548df
reloadAllAccessors: .Message4
-------------- Reloaded accessors, but skipping rerun for now. Wed May 09 23:52:17 UTC 2018 /home/travis/build/icyphy/ptII/ptolemy/actor/lib/jjs/modules/socket/test/auto/Message4.xml
----------------- testing Wed May 09 23:52:17 UTC 2018 /home/travis/build/icyphy/ptII/ptolemy/actor/lib/jjs/modules/socket/test/auto/Socket1.xml
----------------- Wed May 09 23:52:17 UTC 2018 About to sleep for 5.0 seconds before running or rerunning.  Test is: /home/travis/build/icyphy/ptII/ptolemy/actor/lib/jjs/modules/socket/test/auto/Socket1.xml
Done sleeping
----------------- Instantiating /home/travis/build/icyphy/ptII/ptolemy/actor/lib/jjs/modules/socket/test/auto/Socket1.xml
3189 ms. Memory: 1556992K Free: 1049508K (67%)
----------------- Invoking toplevel() on ptolemy.moml.MoMLSimpleApplication@501cfba0
----------------- Done invoking toplevel() on ptolemy.moml.MoMLSimpleApplication@501cfba0
reloadAllAccessors: .Socket1
-------------- Reloaded accessors, but skipping rerun for now. Wed May 09 23:52:27 UTC 2018 /home/travis/build/icyphy/ptII/ptolemy/actor/lib/jjs/modules/socket/test/auto/Socket1.xml
----------------- testing Wed May 09 23:52:27 UTC 2018 /home/travis/build/icyphy/ptII/ptolemy/actor/lib/jjs/modules/socket/test/auto/Socket2.xml
----------------- Wed May 09 23:52:27 UTC 2018 About to sleep for 5.0 seconds before running or rerunning.  Test is: /home/travis/build/icyphy/ptII/ptolemy/actor/lib/jjs/modules/socket/test/auto/Socket2.xml
Done sleeping
----------------- Instantiating /home/travis/build/icyphy/ptII/ptolemy/actor/lib/jjs/modules/socket/test/auto/Socket2.xml
13145 ms. Memory: 1824256K Free: 1145772K (63%)
----------------- testing Wed May 09 23:52:48 UTC 2018 /home/travis/build/icyphy/ptII/ptolemy/actor/lib/jjs/modules/socket/test/auto/Socket3.xml
----------------- Wed May 09 23:52:48 UTC 2018 About to sleep for 5.0 seconds before running or rerunning.  Test is: /home/travis/build/icyphy/ptII/ptolemy/actor/lib/jjs/modules/socket/test/auto/Socket3.xml
Done sleeping
----------------- Instantiating /home/travis/build/icyphy/ptII/ptolemy/actor/lib/jjs/modules/socket/test/auto/Socket3.xml
4632 ms. Memory: 1832960K Free: 1412933K (77%)
----------------- testing Wed May 09 23:52:58 UTC 2018 /home/travis/build/icyphy/ptII/ptolemy/actor/lib/jjs/modules/socket/test/auto/SocketByte.xml
----------------- Wed May 09 23:52:58 UTC 2018 About to sleep for 5.0 seconds before running or rerunning.  Test is: /home/travis/build/icyphy/ptII/ptolemy/actor/lib/jjs/modules/socket/test/auto/SocketByte.xml
Done sleeping
----------------- Instantiating /home/travis/build/icyphy/ptII/ptolemy/actor/lib/jjs/modules/socket/test/auto/SocketByte.xml
155108 ms. Memory: 1923072K Free: 1091581K (57%)
----------------- testing Wed May 09 23:55:41 UTC 2018 /home/travis/build/icyphy/ptII/ptolemy/actor/lib/jjs/modules/socket/test/auto/SocketDouble.xml
----------------- Wed May 09 23:55:41 UTC 2018 About to sleep for 5.0 seconds before running or rerunning.  Test is: /home/travis/build/icyphy/ptII/ptolemy/actor/lib/jjs/modules/socket/test/auto/SocketDouble.xml
Done sleeping
----------------- Instantiating /home/travis/build/icyphy/ptII/ptolemy/actor/lib/jjs/modules/socket/test/auto/SocketDouble.xml
Client: Sending data: 1.1 (Thread[SocketDouble,1,main])
Client3: Sending data: 2.2 (Thread[SocketDouble,1,main])
5897 ms. Memory: 1994752K Free: 1066505K (53%)
----------------- Invoking toplevel() on ptolemy.moml.MoMLSimpleApplication@27c8aad4
----------------- Done invoking toplevel() on ptolemy.moml.MoMLSimpleApplication@27c8aad4
reloadAllAccessors: .SocketDouble
-------------- Reloaded accessors, but skipping rerun for now. Wed May 09 23:55:55 UTC 2018 /home/travis/build/icyphy/ptII/ptolemy/actor/lib/jjs/modules/socket/test/auto/SocketDouble.xml
----------------- testing Wed May 09 23:55:55 UTC 2018 /home/travis/build/icyphy/ptII/ptolemy/actor/lib/jjs/modules/socket/test/auto/SocketDoubleArray.xml
----------------- Wed May 09 23:55:55 UTC 2018 About to sleep for 5.0 seconds before running or rerunning.  Test is: /home/travis/build/icyphy/ptII/ptolemy/actor/lib/jjs/modules/socket/test/auto/SocketDoubleArray.xml
Done sleeping
----------------- Instantiating /home/travis/build/icyphy/ptII/ptolemy/actor/lib/jjs/modules/socket/test/auto/SocketDoubleArray.xml
13308 ms. Memory: 2002432K Free: 688111K (34%)
----------------- testing Wed May 09 23:56:16 UTC 2018 /home/travis/build/icyphy/ptII/ptolemy/actor/lib/jjs/modules/socket/test/auto/SocketDoubleArrayBatched.xml
----------------- Wed May 09 23:56:16 UTC 2018 About to sleep for 5.0 seconds before running or rerunning.  Test is: /home/travis/build/icyphy/ptII/ptolemy/actor/lib/jjs/modules/socket/test/auto/SocketDoubleArrayBatched.xml
Done sleeping
----------------- Instantiating /home/travis/build/icyphy/ptII/ptolemy/actor/lib/jjs/modules/socket/test/auto/SocketDoubleArrayBatched.xml
Client: Sending data: 1.1,1.2 (Thread[SocketDoubleArrayBatched,1,main])
Client2: Sending data: 2.2 (Thread[SocketDoubleArrayBatched,1,main])
3944 ms. Memory: 1961984K Free: 561859K (29%)
----------------- Invoking toplevel() on ptolemy.moml.MoMLSimpleApplication@6174733e
----------------- Done invoking toplevel() on ptolemy.moml.MoMLSimpleApplication@6174733e
reloadAllAccessors: .SocketDoubleArrayBatched
----------------- testing Wed May 09 23:56:27 UTC 2018 /home/travis/build/icyphy/ptII/ptolemy/actor/lib/jjs/modules/socket/test/auto/SocketFloat.xml
----------------- Wed May 09 23:56:27 UTC 2018 About to sleep for 5.0 seconds before running or rerunning.  Test is: /home/travis/build/icyphy/ptII/ptolemy/actor/lib/jjs/modules/socket/test/auto/SocketFloat.xml
Done sleeping
----------------- Instantiating /home/travis/build/icyphy/ptII/ptolemy/actor/lib/jjs/modules/socket/test/auto/SocketFloat.xml
Client: Sending data: -1,0,1,128,-2147483648 (Thread[SocketFloat,1,main])
Client3: Sending data: 3.14159 (Thread[SocketFloat,1,main])
4932 ms. Memory: 2092032K Free: 581040K (28%)
----------------- Invoking toplevel() on ptolemy.moml.MoMLSimpleApplication@154925b6
----------------- Done invoking toplevel() on ptolemy.moml.MoMLSimpleApplication@154925b6
reloadAllAccessors: .SocketFloat
-------------- Reloaded accessors, but skipping rerun for now. Wed May 09 23:56:41 UTC 2018 /home/travis/build/icyphy/ptII/ptolemy/actor/lib/jjs/modules/socket/test/auto/SocketFloat.xml
----------------- testing Wed May 09 23:56:41 UTC 2018 /home/travis/build/icyphy/ptII/ptolemy/actor/lib/jjs/modules/socket/test/auto/SocketImage.xml
----------------- Wed May 09 23:56:41 UTC 2018 About to sleep for 5.0 seconds before running or rerunning.  Test is: /home/travis/build/icyphy/ptII/ptolemy/actor/lib/jjs/modules/socket/test/auto/SocketImage.xml
Done sleeping
----------------- Instantiating /home/travis/build/icyphy/ptII/ptolemy/actor/lib/jjs/modules/socket/test/auto/SocketImage.xml
No physical cameras found, using WebcamDummyDriver.
7923 ms. Memory: 2092032K Free: 703901K (34%)
----------------- Invoking toplevel() on ptolemy.moml.MoMLSimpleApplication@7a3838be
----------------- Done invoking toplevel() on ptolemy.moml.MoMLSimpleApplication@7a3838be
reloadAllAccessors: .SocketImage
-------------- Reloaded accessors, but skipping rerun for now. Wed May 09 23:57:03 UTC 2018 /home/travis/build/icyphy/ptII/ptolemy/actor/lib/jjs/modules/socket/test/auto/SocketImage.xml
----------------- testing Wed May 09 23:57:03 UTC 2018 /home/travis/build/icyphy/ptII/ptolemy/actor/lib/jjs/modules/socket/test/auto/SocketImagePNG.xml
----------------- Wed May 09 23:57:03 UTC 2018 About to sleep for 5.0 seconds before running or rerunning.  Test is: /home/travis/build/icyphy/ptII/ptolemy/actor/lib/jjs/modules/socket/test/auto/SocketImagePNG.xml
Done sleeping
----------------- Instantiating /home/travis/build/icyphy/ptII/ptolemy/actor/lib/jjs/modules/socket/test/auto/SocketImagePNG.xml
4514 ms. Memory: 2121216K Free: 843642K (40%)
----------------- testing Wed May 09 23:57:15 UTC 2018 /home/travis/build/icyphy/ptII/ptolemy/actor/lib/jjs/modules/socket/test/auto/SocketImageRaw.xml
----------------- Wed May 09 23:57:15 UTC 2018 About to sleep for 5.0 seconds before running or rerunning.  Test is: /home/travis/build/icyphy/ptII/ptolemy/actor/lib/jjs/modules/socket/test/auto/SocketImageRaw.xml
Done sleeping
----------------- Instantiating /home/travis/build/icyphy/ptII/ptolemy/actor/lib/jjs/modules/socket/test/auto/SocketImageRaw.xml
Client: Sending data: {type="class ptolemy.data.AWTImageToken", width="176", height="144"} (Thread[SocketImageRaw,1,main])
6350 ms. Memory: 2186240K Free: 486516K (22%)
----------------- Invoking toplevel() on ptolemy.moml.MoMLSimpleApplication@40a15436
----------------- Done invoking toplevel() on ptolemy.moml.MoMLSimpleApplication@40a15436
reloadAllAccessors: .SocketImageRaw
-------------- Reloaded accessors, but skipping rerun for now. Wed May 09 23:57:30 UTC 2018 /home/travis/build/icyphy/ptII/ptolemy/actor/lib/jjs/modules/socket/test/auto/SocketImageRaw.xml
----------------- testing Wed May 09 23:57:30 UTC 2018 /home/travis/build/icyphy/ptII/ptolemy/actor/lib/jjs/modules/socket/test/auto/SocketInt.xml
----------------- Wed May 09 23:57:30 UTC 2018 About to sleep for 5.0 seconds before running or rerunning.  Test is: /home/travis/build/icyphy/ptII/ptolemy/actor/lib/jjs/modules/socket/test/auto/SocketInt.xml
Done sleeping
----------------- Instantiating /home/travis/build/icyphy/ptII/ptolemy/actor/lib/jjs/modules/socket/test/auto/SocketInt.xml
Client: Sending data: -1,0,1,128,-2147483648 (Thread[SocketInt,1,main])
Client3: Sending data: 3.14159 (Thread[SocketInt,1,main])
6146 ms. Memory: 2296320K Free: 1468737K (64%)
----------------- Invoking toplevel() on ptolemy.moml.MoMLSimpleApplication@7f7b440c
----------------- Done invoking toplevel() on ptolemy.moml.MoMLSimpleApplication@7f7b440c
reloadAllAccessors: .SocketInt
-------------- Reloaded accessors, but skipping rerun for now. Wed May 09 23:57:44 UTC 2018 /home/travis/build/icyphy/ptII/ptolemy/actor/lib/jjs/modules/socket/test/auto/SocketInt.xml
----------------- testing Wed May 09 23:57:44 UTC 2018 /home/travis/build/icyphy/ptII/ptolemy/actor/lib/jjs/modules/socket/test/auto/SocketShort.xml
----------------- Wed May 09 23:57:44 UTC 2018 About to sleep for 5.0 seconds before running or rerunning.  Test is: /home/travis/build/icyphy/ptII/ptolemy/actor/lib/jjs/modules/socket/test/auto/SocketShort.xml
Done sleeping
----------------- Instantiating /home/travis/build/icyphy/ptII/ptolemy/actor/lib/jjs/modules/socket/test/auto/SocketShort.xml
Client: Sending data: -1,0,1,128,32768 (Thread[SocketShort,1,main])
Client3: Sending data: 3.14159 (Thread[SocketShort,1,main])
5090 ms. Memory: 2295296K Free: 1011791K (44%)
----------------- Invoking toplevel() on ptolemy.moml.MoMLSimpleApplication@5cd95ac2
----------------- Done invoking toplevel() on ptolemy.moml.MoMLSimpleApplication@5cd95ac2
reloadAllAccessors: .SocketShort
-------------- Reloaded accessors, but skipping rerun for now. Wed May 09 23:57:57 UTC 2018 /home/travis/build/icyphy/ptII/ptolemy/actor/lib/jjs/modules/socket/test/auto/SocketShort.xml
----------------- testing Wed May 09 23:57:57 UTC 2018 /home/travis/build/icyphy/ptII/ptolemy/actor/lib/jjs/modules/socket/test/auto/SocketStringArray.xml
----------------- Wed May 09 23:57:57 UTC 2018 About to sleep for 5.0 seconds before running or rerunning.  Test is: /home/travis/build/icyphy/ptII/ptolemy/actor/lib/jjs/modules/socket/test/auto/SocketStringArray.xml
Done sleeping
----------------- Instantiating /home/travis/build/icyphy/ptII/ptolemy/actor/lib/jjs/modules/socket/test/auto/SocketStringArray.xml
Client: Sending data: a,b (Thread[SocketStringArray,1,main])
Client2: Sending data: c (Thread[SocketStringArray,1,main])
4609 ms. Memory: 2299392K Free: 553991K (24%)
----------------- Invoking toplevel() on ptolemy.moml.MoMLSimpleApplication@58abc407
----------------- Done invoking toplevel() on ptolemy.moml.MoMLSimpleApplication@58abc407
reloadAllAccessors: .SocketStringArray
-------------- Reloaded accessors, but skipping rerun for now. Wed May 09 23:58:10 UTC 2018 /home/travis/build/icyphy/ptII/ptolemy/actor/lib/jjs/modules/socket/test/auto/SocketStringArray.xml
----------------- testing Wed May 09 23:58:10 UTC 2018 /home/travis/build/icyphy/ptII/ptolemy/actor/lib/jjs/modules/socket/test/auto/SocketTypicalUsage.xml
----------------- Wed May 09 23:58:10 UTC 2018 About to sleep for 5.0 seconds before running or rerunning.  Test is: /home/travis/build/icyphy/ptII/ptolemy/actor/lib/jjs/modules/socket/test/auto/SocketTypicalUsage.xml
Done sleeping
----------------- Instantiating /home/travis/build/icyphy/ptII/ptolemy/actor/lib/jjs/modules/socket/test/auto/SocketTypicalUsage.xml
Server: Server listening on port: 4093 (Thread[vert.x-eventloop-thread-0,1,main])
Server: Server connected on a new socket number: 0 (Thread[vert.x-eventloop-thread-0,1,main])
Server: Server connected on a new socket number: 1 (Thread[vert.x-eventloop-thread-0,1,main])
Server: Server received data on connection 1: 1.1 (Thread[SocketTypicalUsage,1,main])
Server: Server received data on connection 0: 2.2 (Thread[SocketTypicalUsage,1,main])
4095 ms. Memory: 2298368K Free: 445490K (19%)
----------------- Invoking toplevel() on ptolemy.moml.MoMLSimpleApplication@35bfbc97
----------------- Done invoking toplevel() on ptolemy.moml.MoMLSimpleApplication@35bfbc97
reloadAllAccessors: .SocketTypicalUsage
-------------- Reloaded accessors, but skipping rerun for now. Wed May 09 23:58:22 UTC 2018 /home/travis/build/icyphy/ptII/ptolemy/actor/lib/jjs/modules/socket/test/auto/SocketTypicalUsage.xml
----------------- testing Wed May 09 23:58:22 UTC 2018 /home/travis/build/icyphy/ptII/ptolemy/actor/lib/jjs/modules/socket/test/auto/SocketUnsignedByte.xml
----------------- Wed May 09 23:58:22 UTC 2018 About to sleep for 5.0 seconds before running or rerunning.  Test is: /home/travis/build/icyphy/ptII/ptolemy/actor/lib/jjs/modules/socket/test/auto/SocketUnsignedByte.xml
Done sleeping
----------------- Instantiating /home/travis/build/icyphy/ptII/ptolemy/actor/lib/jjs/modules/socket/test/auto/SocketUnsignedByte.xml
5009 ms. Memory: 2395136K Free: 1083015K (45%)
----------------- testing Wed May 09 23:58:35 UTC 2018 /home/travis/build/icyphy/ptII/ptolemy/actor/lib/jjs/modules/socket/test/auto/SocketUnsignedShort.xml
----------------- Wed May 09 23:58:35 UTC 2018 About to sleep for 5.0 seconds before running or rerunning.  Test is: /home/travis/build/icyphy/ptII/ptolemy/actor/lib/jjs/modules/socket/test/auto/SocketUnsignedShort.xml
Done sleeping
----------------- Instantiating /home/travis/build/icyphy/ptII/ptolemy/actor/lib/jjs/modules/socket/test/auto/SocketUnsignedShort.xml
Client: Sending data: -1,0,1,65535,65536 (Thread[SocketUnsignedShort,1,main])
Client3: Sending data: 3.14159 (Thread[SocketUnsignedShort,1,main])
6010 ms. Memory: 2394112K Free: 705634K (29%)
----------------- Invoking toplevel() on ptolemy.moml.MoMLSimpleApplication@63f68aba
----------------- Done invoking toplevel() on ptolemy.moml.MoMLSimpleApplication@63f68aba
reloadAllAccessors: .SocketUnsignedShort
-------------- Reloaded accessors, but skipping rerun for now. Wed May 09 23:58:49 UTC 2018 /home/travis/build/icyphy/ptII/ptolemy/actor/lib/jjs/modules/socket/test/auto/SocketUnsignedShort.xml
----------------- testing Wed May 09 23:58:49 UTC 2018 /home/travis/build/icyphy/ptII/ptolemy/actor/lib/jjs/modules/socket/test/auto/TCPSocketDoubleArrayBatched.xml
----------------- Wed May 09 23:58:49 UTC 2018 About to sleep for 5.0 seconds before running or rerunning.  Test is: /home/travis/build/icyphy/ptII/ptolemy/actor/lib/jjs/modules/socket/test/auto/TCPSocketDoubleArrayBatched.xml
Done sleeping
----------------- Instantiating /home/travis/build/icyphy/ptII/ptolemy/actor/lib/jjs/modules/socket/test/auto/TCPSocketDoubleArrayBatched.xml
4349 ms. Memory: 2397184K Free: 1180533K (49%)
----------------- Invoking toplevel() on ptolemy.moml.MoMLSimpleApplication@bb1db41
----------------- Done invoking toplevel() on ptolemy.moml.MoMLSimpleApplication@bb1db41
reloadAllAccessors: .TCPSocketDoubleArrayBatched
-------------- Reloaded accessors, but skipping rerun for now. Wed May 09 23:59:01 UTC 2018 /home/travis/build/icyphy/ptII/ptolemy/actor/lib/jjs/modules/socket/test/auto/TCPSocketDoubleArrayBatched.xml
----------------- testing Wed May 09 23:59:01 UTC 2018 /home/travis/build/icyphy/ptII/ptolemy/actor/lib/jjs/modules/socket/test/auto/TCPSocketSecureServerClient.xml
----------------- Wed May 09 23:59:01 UTC 2018 About to sleep for 5.0 seconds before running or rerunning.  Test is: /home/travis/build/icyphy/ptII/ptolemy/actor/lib/jjs/modules/socket/test/auto/TCPSocketSecureServerClient.xml
Done sleeping
----------------- Instantiating /home/travis/build/icyphy/ptII/ptolemy/actor/lib/jjs/modules/socket/test/auto/TCPSocketSecureServerClient.xml
Manager.initialize() finished: 13099 ms. Memory: 2496512K Free: 666863K (27%)
133238 ms. Memory: 2496512K Free: 625529K (25%)
----------------- testing Thu May 10 00:01:26 UTC 2018 /home/travis/build/icyphy/ptII/ptolemy/actor/lib/jjs/modules/socket/test/auto/TCPSocketTwoClients.xml
----------------- Thu May 10 00:01:26 UTC 2018 About to sleep for 5.0 seconds before running or rerunning.  Test is: /home/travis/build/icyphy/ptII/ptolemy/actor/lib/jjs/modules/socket/test/auto/TCPSocketTwoClients.xml
Done sleeping
----------------- Instantiating /home/travis/build/icyphy/ptII/ptolemy/actor/lib/jjs/modules/socket/test/auto/TCPSocketTwoClients.xml
preinitialize() finished: 10511 ms. Memory: 2498560K Free: 1398965K (56%)
Manager.initialize() finished: 16894 ms. Memory: 2498560K Free: 287492K (12%)
TextDisplayHelper: { id: 1,
  remoteHost: '127.0.0.1',
  remotePort: 35498,
  status: 'open' }
TextDisplayHelper: { id: 2,
  remoteHost: '127.0.0.1',
  remotePort: 35500,
  status: 'open' }
TextDisplayHelper: 1
TextDisplayHelper: 0
TextDisplayHelper: 2
TextDisplayHelper: 1
TextDisplayHelper: 1
TextDisplayHelper: 2
TextDisplayHelper: 2
TextDisplayHelper: 1
TextDisplayHelper: 3
22035 ms. Memory: 2574848K Free: 1893806K (74%)
----------------- Invoking toplevel() on ptolemy.moml.MoMLSimpleApplication@15f19ce8
----------------- Done invoking toplevel() on ptolemy.moml.MoMLSimpleApplication@15f19ce8
reloadAllAccessors: .TCPSocketTwoClients
-------------- Reloaded accessors, but skipping rerun for now. Thu May 10 00:02:09 UTC 2018 /home/travis/build/icyphy/ptII/ptolemy/actor/lib/jjs/modules/socket/test/auto/TCPSocketTwoClients.xml
----------------- testing Thu May 10 00:02:09 UTC 2018 /home/travis/build/icyphy/ptII/ptolemy/actor/lib/jjs/modules/socket/test/auto/TCPSocketUnsignedShort.xml
----------------- Thu May 10 00:02:09 UTC 2018 About to sleep for 5.0 seconds before running or rerunning.  Test is: /home/travis/build/icyphy/ptII/ptolemy/actor/lib/jjs/modules/socket/test/auto/TCPSocketUnsignedShort.xml
Done sleeping
----------------- Instantiating /home/travis/build/icyphy/ptII/ptolemy/actor/lib/jjs/modules/socket/test/auto/TCPSocketUnsignedShort.xml
Manager.initialize() finished: 12515 ms. Memory: 2577408K Free: 475812K (18%)
TextDisplayHelper: 65535
TextDisplayHelper: 0
TextDisplayHelper: 1
TextDisplayHelper: 65535
TextDisplayHelper: 0
TextDisplayHelper: 2
TextDisplayHelper: 0
TextDisplayHelper: 1
TextDisplayHelper: 2
TextDisplayHelper: 0
TextDisplayHelper: 1
TextDisplayHelper: 3
13435 ms. Memory: 2576384K Free: 1717350K (67%)
----------------- Invoking toplevel() on ptolemy.moml.MoMLSimpleApplication@69c6bb
----------------- Done invoking toplevel() on ptolemy.moml.MoMLSimpleApplication@69c6bb
reloadAllAccessors: .TCPSocketUnsignedShort
-------------- Reloaded accessors, but skipping rerun for now. Thu May 10 00:02:38 UTC 2018 /home/travis/build/icyphy/ptII/ptolemy/actor/lib/jjs/modules/socket/test/auto/TCPSocketUnsignedShort.xml
----------------- testing Thu May 10 00:02:38 UTC 2018 /home/travis/build/icyphy/ptII/ptolemy/actor/lib/jjs/modules/socket/test/auto/TCPSocketUnsignedShortSimple.xml
----------------- Thu May 10 00:02:38 UTC 2018 About to sleep for 5.0 seconds before running or rerunning.  Test is: /home/travis/build/icyphy/ptII/ptolemy/actor/lib/jjs/modules/socket/test/auto/TCPSocketUnsignedShortSimple.xml
Done sleeping
----------------- Instantiating /home/travis/build/icyphy/ptII/ptolemy/actor/lib/jjs/modules/socket/test/auto/TCPSocketUnsignedShortSimple.xml
8039 ms. Memory: 2677248K Free: 1207954K (45%)
----------------- Invoking toplevel() on ptolemy.moml.MoMLSimpleApplication@68f6165d
----------------- Done invoking toplevel() on ptolemy.moml.MoMLSimpleApplication@68f6165d
reloadAllAccessors: .TCPSocketUnsignedShortSimple
-------------- Reloaded accessors, but skipping rerun for now. Thu May 10 00:02:56 UTC 2018 /home/travis/build/icyphy/ptII/ptolemy/actor/lib/jjs/modules/socket/test/auto/TCPSocketUnsignedShortSimple.xml
AutoTests.java: About to close Vertx.
AutoTests.java: Vertx closed.
]]></system-out>
  <system-err><![CDATA[May 09, 2018 11:51:03 PM io.vertx.core.impl.ContextImpl
SEVERE: Unhandled exception
java.lang.IllegalArgumentException: Invalid send data type: long
	at ptolemy.actor.lib.jjs.modules.socket.SocketHelper$SocketWrapper.<init>(SocketHelper.java:566)
	at jdk.nashorn.internal.scripts.Script$Recompilation$1080$27606AAAAAA$require.L:1#Socket(/home/travis/build/icyphy/ptII/ptolemy/actor/lib/jjs/external/require.js#401:30<eval>:630)
	at jdk.nashorn.internal.scripts.Script$Recompilation$1078$25670A$require.L:1#_socketCreated(/home/travis/build/icyphy/ptII/ptolemy/actor/lib/jjs/external/require.js#401:30<eval>:582)
	at jdk.nashorn.internal.runtime.ScriptFunctionData.invoke(ScriptFunctionData.java:639)
	at jdk.nashorn.internal.runtime.ScriptFunction.invoke(ScriptFunction.java:494)
	at jdk.nashorn.internal.runtime.ScriptRuntime.apply(ScriptRuntime.java:393)
	at jdk.nashorn.api.scripting.ScriptObjectMirror.callMember(ScriptObjectMirror.java:199)
	at ptolemy.actor.lib.jjs.modules.socket.SocketHelper.lambda$null$2(SocketHelper.java:394)
	at io.vertx.core.net.impl.NetServerImpl.lambda$connected$11(NetServerImpl.java:457)
	at io.vertx.core.impl.ContextImpl.lambda$wrapTask$2(ContextImpl.java:337)
	at io.vertx.core.impl.ContextImpl.executeFromIO(ContextImpl.java:195)
	at io.vertx.core.net.impl.NetServerImpl.connected(NetServerImpl.java:453)
	at io.vertx.core.net.impl.NetServerImpl.access$200(NetServerImpl.java:57)
	at io.vertx.core.net.impl.NetServerImpl$1.initChannel(NetServerImpl.java:209)
	at io.netty.channel.ChannelInitializer.initChannel(ChannelInitializer.java:113)
	at io.netty.channel.ChannelInitializer.handlerAdded(ChannelInitializer.java:105)
	at io.netty.channel.DefaultChannelPipeline.callHandlerAdded0(DefaultChannelPipeline.java:606)
	at io.netty.channel.DefaultChannelPipeline.access$000(DefaultChannelPipeline.java:46)
	at io.netty.channel.DefaultChannelPipeline$PendingHandlerAddedTask.execute(DefaultChannelPipeline.java:1412)
	at io.netty.channel.DefaultChannelPipeline.callHandlerAddedForAllHandlers(DefaultChannelPipeline.java:1131)
	at io.netty.channel.DefaultChannelPipeline.invokeHandlerAddedIfNeeded(DefaultChannelPipeline.java:656)
	at io.netty.channel.AbstractChannel$AbstractUnsafe.register0(AbstractChannel.java:510)
	at io.netty.channel.AbstractChannel$AbstractUnsafe.register(AbstractChannel.java:476)
	at io.netty.channel.SingleThreadEventLoop.register(SingleThreadEventLoop.java:80)
	at io.netty.channel.SingleThreadEventLoop.register(SingleThreadEventLoop.java:74)
	at io.vertx.core.net.impl.VertxEventLoopGroup.register(VertxEventLoopGroup.java:53)
	at io.netty.bootstrap.ServerBootstrap$ServerBootstrapAcceptor.channelRead(ServerBootstrap.java:255)
	at io.netty.channel.AbstractChannelHandlerContext.invokeChannelRead(AbstractChannelHandlerContext.java:362)
	at io.netty.channel.AbstractChannelHandlerContext.invokeChannelRead(AbstractChannelHandlerContext.java:348)
	at io.netty.channel.AbstractChannelHandlerContext.fireChannelRead(AbstractChannelHandlerContext.java:340)
	at io.netty.channel.DefaultChannelPipeline$HeadContext.channelRead(DefaultChannelPipeline.java:1359)
	at io.netty.channel.AbstractChannelHandlerContext.invokeChannelRead(AbstractChannelHandlerContext.java:362)
	at io.netty.channel.AbstractChannelHandlerContext.invokeChannelRead(AbstractChannelHandlerContext.java:348)
	at io.netty.channel.DefaultChannelPipeline.fireChannelRead(DefaultChannelPipeline.java:935)
	at io.netty.channel.nio.AbstractNioMessageChannel$NioMessageUnsafe.read(AbstractNioMessageChannel.java:93)
	at io.netty.channel.nio.NioEventLoop.processSelectedKey(NioEventLoop.java:645)
	at io.netty.channel.nio.NioEventLoop.processSelectedKeysOptimized(NioEventLoop.java:580)
	at io.netty.channel.nio.NioEventLoop.processSelectedKeys(NioEventLoop.java:497)
	at io.netty.channel.nio.NioEventLoop.run(NioEventLoop.java:459)
	at io.netty.util.concurrent.SingleThreadEventExecutor$5.run(SingleThreadEventExecutor.java:886)
	at io.netty.util.concurrent.FastThreadLocalRunnable.run(FastThreadLocalRunnable.java:30)
	at java.lang.Thread.run(Thread.java:748)

May 09, 2018 11:51:03 PM io.vertx.core.impl.ContextImpl
SEVERE: Unhandled exception
java.lang.IllegalArgumentException: Invalid send data type: long
	at ptolemy.actor.lib.jjs.modules.socket.SocketHelper$SocketWrapper.<init>(SocketHelper.java:566)
	at jdk.nashorn.internal.scripts.Script$Recompilation$1079$13304A$require.L:1#_opened(/home/travis/build/icyphy/ptII/ptolemy/actor/lib/jjs/external/require.js#401:30<eval>:296)
	at jdk.nashorn.internal.runtime.ScriptFunctionData.invoke(ScriptFunctionData.java:639)
	at jdk.nashorn.internal.runtime.ScriptFunction.invoke(ScriptFunction.java:494)
	at jdk.nashorn.internal.runtime.ScriptRuntime.apply(ScriptRuntime.java:393)
	at jdk.nashorn.api.scripting.ScriptObjectMirror.callMember(ScriptObjectMirror.java:199)
	at ptolemy.actor.lib.jjs.modules.socket.SocketHelper.lambda$null$0(SocketHelper.java:219)
	at io.vertx.core.net.impl.NetClientImpl.lambda$connect$2(NetClientImpl.java:113)
	at io.vertx.core.net.impl.NetClientImpl.lambda$null$9(NetClientImpl.java:251)
	at io.vertx.core.impl.ContextImpl.lambda$wrapTask$2(ContextImpl.java:337)
	at io.vertx.core.impl.ContextImpl.executeFromIO(ContextImpl.java:195)
	at io.vertx.core.net.impl.NetClientImpl.lambda$connected$10(NetClientImpl.java:247)
	at io.vertx.core.net.impl.VertxHandler.setConnection(VertxHandler.java:46)
	at io.vertx.core.net.impl.VertxNetHandler.handlerAdded(VertxNetHandler.java:39)
	at io.netty.channel.DefaultChannelPipeline.callHandlerAdded0(DefaultChannelPipeline.java:606)
	at io.netty.channel.DefaultChannelPipeline.addLast(DefaultChannelPipeline.java:235)
	at io.netty.channel.DefaultChannelPipeline.addLast(DefaultChannelPipeline.java:201)
	at io.vertx.core.net.impl.NetClientImpl.connected(NetClientImpl.java:257)
	at io.vertx.core.net.impl.NetClientImpl.lambda$doConnect$7(NetClientImpl.java:212)
	at io.vertx.core.net.impl.ChannelProvider.lambda$connect$0(ChannelProvider.java:52)
	at io.netty.util.concurrent.DefaultPromise.notifyListener0(DefaultPromise.java:507)
	at io.netty.util.concurrent.DefaultPromise.notifyListeners0(DefaultPromise.java:500)
	at io.netty.util.concurrent.DefaultPromise.notifyListenersNow(DefaultPromise.java:479)
	at io.netty.util.concurrent.DefaultPromise.notifyListeners(DefaultPromise.java:420)
	at io.netty.util.concurrent.DefaultPromise.trySuccess(DefaultPromise.java:104)
	at io.netty.channel.DefaultChannelPromise.trySuccess(DefaultChannelPromise.java:82)
	at io.netty.channel.nio.AbstractNioChannel$AbstractNioUnsafe.fulfillConnectPromise(AbstractNioChannel.java:306)
	at io.netty.channel.nio.AbstractNioChannel$AbstractNioUnsafe.finishConnect(AbstractNioChannel.java:341)
	at io.netty.channel.nio.NioEventLoop.processSelectedKey(NioEventLoop.java:633)
	at io.netty.channel.nio.NioEventLoop.processSelectedKeysOptimized(NioEventLoop.java:580)
	at io.netty.channel.nio.NioEventLoop.processSelectedKeys(NioEventLoop.java:497)
	at io.netty.channel.nio.NioEventLoop.run(NioEventLoop.java:459)
	at io.netty.util.concurrent.SingleThreadEventExecutor$5.run(SingleThreadEventExecutor.java:886)
	at io.netty.util.concurrent.FastThreadLocalRunnable.run(FastThreadLocalRunnable.java:30)
	at java.lang.Thread.run(Thread.java:748)

java.lang.RuntimeException: Execution failed
	at ptolemy.moml.MoMLSimpleApplication$UnloadThread.run(MoMLSimpleApplication.java:402)
Caused by: ptolemy.kernel.util.IllegalActionException: Exceptions occurred during wrapup:
ptolemy.kernel.util.IllegalActionException: The fire() method of this actor was never called. Usually, this is an error indicating that starvation is occurring.
Threads:
Threads: 12
Current Thread (*) _is not_ the Swing Event Dispatch Thread
Name                                Group                Pri Daemon Alive Curr
Reference Handler                   system               10  true   true   
Finalizer                           system               8   true   true   
Signal Dispatcher                   system               9   true   true   
Java2D Disposer                     system               10  true   true   
AWT-XAWT                            system               6   true   true   
main                                main                 5   false  true   
Thread-0                            main                 5   false  true   
vertx-blocked-thread-checker        main                 5   true   true   
SocketLong                          main                 1   false  true  *
Thread-4                            main                 5   false  true   
vert.x-eventloop-thread-0           main                 1   false  true   
vert.x-eventloop-thread-1           main                 1   false  true   
vert.x-eventloop-thread-2           main                 1   false  true   
vert.x-eventloop-thread-3           main                 1   false  true   

  in .SocketLong.Test
ptolemy.kernel.util.IllegalActionException: The fire() method of this actor was never called. Usually, this is an error indicating that starvation is occurring.
Threads:
Threads: 14
Current Thread (*) _is not_ the Swing Event Dispatch Thread
Name                                Group                Pri Daemon Alive Curr
Reference Handler                   system               10  true   true   
Finalizer                           system               8   true   true   
Signal Dispatcher                   system               9   true   true   
Java2D Disposer                     system               10  true   true   
AWT-XAWT                            system               6   true   true   
main                                main                 5   false  true   
Thread-0                            main                 5   false  true   
vertx-blocked-thread-checker        main                 5   true   true   
SocketLong                          main                 1   false  true  *
Thread-4                            main                 5   false  true   
vert.x-eventloop-thread-0           main                 1   false  true   
vert.x-eventloop-thread-1           main                 1   false  true   
vert.x-eventloop-thread-2           main                 1   false  true   
vert.x-eventloop-thread-3           main                 1   false  true   

  in .SocketLong.Test2
ptolemy.kernel.util.IllegalActionException: The fire() method of this actor was never called. Usually, this is an error indicating that starvation is occurring.
Threads:
Threads: 14
Current Thread (*) _is not_ the Swing Event Dispatch Thread
Name                                Group                Pri Daemon Alive Curr
Reference Handler                   system               10  true   true   
Finalizer                           system               8   true   true   
Signal Dispatcher                   system               9   true   true   
Java2D Disposer                     system               10  true   true   
AWT-XAWT                            system               6   true   true   
main                                main                 5   false  true   
Thread-0                            main                 5   false  true   
vertx-blocked-thread-checker        main                 5   true   true   
SocketLong                          main                 1   false  true  *
Thread-4                            main                 5   false  true   
[...]
notificator-[Dummy Webcam 0]        main                 1   true   true   

  in .SocketImagePNG.Test
ptolemy.kernel.util.IllegalActionException: The fire() method of this actor was never called. Usually, this is an error indicating that starvation is occurring.
Threads:
Threads: 19
Current Thread (*) _is not_ the Swing Event Dispatch Thread
Name                                Group                Pri Daemon Alive Curr
Reference Handler                   system               10  true   true   
Finalizer                           system               8   true   true   
Signal Dispatcher                   system               9   true   true   
Java2D Disposer                     system               10  true   true   
AWT-XAWT                            system               6   true   true   
main                                main                 5   false  true   
vertx-blocked-thread-checker        main                 1   true   true   
vert.x-eventloop-thread-0           main                 1   false  true   
vert.x-eventloop-thread-1           main                 1   false  true   
vert.x-eventloop-thread-2           main                 1   false  true   
vert.x-eventloop-thread-3           main                 1   false  true   
atomic-processor-1                  main                 5   true   true   
webcam-discovery-service            main                 5   true   true   
Thread-54                           main                 5   false  true   
SocketImagePNG                      main                 1   false  true  *
Thread-55                           main                 5   false  true   
webcam-lock-[Dummy Webcam 0]        main                 1   true   true   
webcam-updater-thread-2             main                 1   true   true   
notificator-[Dummy Webcam 0]        main                 1   true   true   

  in .SocketImagePNG.Test2

  in .SocketImagePNG.DE Director
Because:
The fire() method of this actor was never called. Usually, this is an error indicating that starvation is occurring.
Threads:
Threads: 19
Current Thread (*) _is not_ the Swing Event Dispatch Thread
Name                                Group                Pri Daemon Alive Curr
Reference Handler                   system               10  true   true   
Finalizer                           system               8   true   true   
Signal Dispatcher                   system               9   true   true   
Java2D Disposer                     system               10  true   true   
AWT-XAWT                            system               6   true   true   
main                                main                 5   false  true   
vertx-blocked-thread-checker        main                 1   true   true   
vert.x-eventloop-thread-0           main                 1   false  true   
vert.x-eventloop-thread-1           main                 1   false  true   
vert.x-eventloop-thread-2           main                 1   false  true   
vert.x-eventloop-thread-3           main                 1   false  true   
atomic-processor-1                  main                 5   true   true   
webcam-discovery-service            main                 5   true   true   
Thread-54                           main                 5   false  true   
SocketImagePNG                      main                 1   false  true  *
Thread-55                           main                 5   false  true   
webcam-lock-[Dummy Webcam 0]        main                 1   true   true   
webcam-updater-thread-2             main                 1   true   true   
notificator-[Dummy Webcam 0]        main                 1   true   true   

  in .SocketImagePNG.Test
	at ptolemy.actor.Director.wrapup(Director.java:1736)
	at ptolemy.domains.de.kernel.DEDirector.wrapup(DEDirector.java:1526)
	at ptolemy.actor.CompositeActor.wrapup(CompositeActor.java:2735)
	at ptolemy.actor.Manager.wrapup(Manager.java:1512)
	at ptolemy.actor.Manager.execute(Manager.java:407)
	at ptolemy.actor.Manager.run(Manager.java:1263)
	at ptolemy.actor.Manager$PtolemyRunThread.run(Manager.java:1915)
Caused by: ptolemy.kernel.util.IllegalActionException: The fire() method of this actor was never called. Usually, this is an error indicating that starvation is occurring.
Threads:
Threads: 19
Current Thread (*) _is not_ the Swing Event Dispatch Thread
Name                                Group                Pri Daemon Alive Curr
Reference Handler                   system               10  true   true   
Finalizer                           system               8   true   true   
Signal Dispatcher                   system               9   true   true   
Java2D Disposer                     system               10  true   true   
AWT-XAWT                            system               6   true   true   
main                                main                 5   false  true   
vertx-blocked-thread-checker        main                 1   true   true   
vert.x-eventloop-thread-0           main                 1   false  true   
vert.x-eventloop-thread-1           main                 1   false  true   
vert.x-eventloop-thread-2           main                 1   false  true   
vert.x-eventloop-thread-3           main                 1   false  true   
atomic-processor-1                  main                 5   true   true   
webcam-discovery-service            main                 5   true   true   
Thread-54                           main                 5   false  true   
SocketImagePNG                      main                 1   false  true  *
Thread-55                           main                 5   false  true   
webcam-lock-[Dummy Webcam 0]        main                 1   true   true   
webcam-updater-thread-2             main                 1   true   true   
notificator-[Dummy Webcam 0]        main                 1   true   true   

  in .SocketImagePNG.Test
	at ptolemy.actor.lib.NonStrictTest.wrapup(NonStrictTest.java:395)
	at ptolemy.actor.Director.wrapup(Director.java:1722)
	... 6 more
[atomic-processor-1] INFO com.github.sarxos.webcam.ds.cgt.WebcamOpenTask - Opening webcam Dummy Webcam 0
[atomic-processor-1] INFO com.github.sarxos.webcam.ds.cgt.WebcamCloseTask - Closing Dummy Webcam 0
java.lang.RuntimeException: Execution failed
	at ptolemy.moml.MoMLSimpleApplication$UnloadThread.run(MoMLSimpleApplication.java:402)
Caused by: ptolemy.kernel.util.IllegalActionException: Exceptions occurred during wrapup:
ptolemy.kernel.util.IllegalActionException: The fire() method of this actor was never called. Usually, this is an error indicating that starvation is occurring.
Threads:
Threads: 16
Current Thread (*) _is not_ the Swing Event Dispatch Thread
Name                                Group                Pri Daemon Alive Curr
Reference Handler                   system               10  true   true   
Finalizer                           system               8   true   true   
Signal Dispatcher                   system               9   true   true   
Java2D Disposer                     system               10  true   true   
AWT-XAWT                            system               6   true   true   
main                                main                 5   false  true   
vertx-blocked-thread-checker        main                 1   true   true   
vert.x-eventloop-thread-0           main                 1   false  true   
vert.x-eventloop-thread-1           main                 1   false  true   
vert.x-eventloop-thread-2           main                 1   false  true   
vert.x-eventloop-thread-3           main                 1   false  true   
atomic-processor-1                  main                 5   true   true   
webcam-discovery-service            main                 5   true   true   
Thread-74                           main                 5   false  true   
SocketUnsignedByte                  main                 1   false  true  *
Thread-75                           main                 5   false  true   

  in .SocketUnsignedByte.Test
ptolemy.kernel.util.IllegalActionException: The fire() method of this actor was never called. Usually, this is an error indicating that starvation is occurring.
Threads:
Threads: 16
Current Thread (*) _is not_ the Swing Event Dispatch Thread
Name                                Group                Pri Daemon Alive Curr
Reference Handler                   system               10  true   true   
Finalizer                           system               8   true   true   
Signal Dispatcher                   system               9   true   true   
Java2D Disposer                     system               10  true   true   
AWT-XAWT                            system               6   true   true   
main                                main                 5   false  true   
vertx-blocked-thread-checker        main                 1   true   true   
vert.x-eventloop-thread-0           main                 1   false  true   
vert.x-eventloop-thread-1           main                 1   false  true   
vert.x-eventloop-thread-2           main                 1   false  true   
vert.x-eventloop-thread-3           main                 1   false  true   
atomic-processor-1                  main                 5   true   true   
webcam-discovery-service            main                 5   true   true   
Thread-74                           main                 5   false  true   
SocketUnsignedByte                  main                 1   false  true  *
Thread-75                           main                 5   false  true   

  in .SocketUnsignedByte.Test2
ptolemy.kernel.util.IllegalActionException: The fire() method of this actor was never called. Usually, this is an error indicating that starvation is occurring.
Threads:
Threads: 16
Current Thread (*) _is not_ the Swing Event Dispatch Thread
Name                                Group                Pri Daemon Alive Curr
Reference Handler                   system               10  true   true   
Finalizer                           system               8   true   true   
Signal Dispatcher                   system               9   true   true   
Java2D Disposer                     system               10  true   true   
AWT-XAWT                            system               6   true   true   
main                                main                 5   false  true   
vertx-blocked-thread-checker        main                 1   true   true   
vert.x-eventloop-thread-0           main                 1   false  true   
vert.x-eventloop-thread-1           main                 1   false  true   
vert.x-eventloop-thread-2           main                 1   false  true   
vert.x-eventloop-thread-3           main                 1   false  true   
atomic-processor-1                  main                 5   true   true   
webcam-discovery-service            main                 5   true   true   
Thread-74                           main                 5   false  true   
SocketUnsignedByte                  main                 1   false  true  *
Thread-75                           main                 5   false  true   

  in .SocketUnsignedByte.Test3

  in .SocketUnsignedByte.DE Director
Because:
The fire() method of this actor was never called. Usually, this is an error indicating that starvation is occurring.
Threads:
Threads: 16
Current Thread (*) _is not_ the Swing Event Dispatch Thread
Name                                Group                Pri Daemon Alive Curr
Reference Handler                   system               10  true   true   
Finalizer                           system               8   true   true   
Signal Dispatcher                   system               9   true   true   
Java2D Disposer                     system               10  true   true   
AWT-XAWT                            system               6   true   true   
main                                main                 5   false  true   
vertx-blocked-thread-checker        main                 1   true   true   
vert.x-eventloop-thread-0           main                 1   false  true   
vert.x-eventloop-thread-1           main                 1   false  true   
vert.x-eventloop-thread-2           main                 1   false  true   
vert.x-eventloop-thread-3           main                 1   false  true   
atomic-processor-1                  main                 5   true   true   
webcam-discovery-service            main                 5   true   true   
Thread-74                           main                 5   false  true   
SocketUnsignedByte                  main                 1   false  true  *
Thread-75                           main                 5   false  true   

  in .SocketUnsignedByte.Test
	at ptolemy.actor.Director.wrapup(Director.java:1736)
	at ptolemy.domains.de.kernel.DEDirector.wrapup(DEDirector.java:1526)
	at ptolemy.actor.CompositeActor.wrapup(CompositeActor.java:2735)
	at ptolemy.actor.Manager.wrapup(Manager.java:1512)
	at ptolemy.actor.Manager.execute(Manager.java:407)
	at ptolemy.actor.Manager.run(Manager.java:1263)
	at ptolemy.actor.Manager$PtolemyRunThread.run(Manager.java:1915)
Caused by: ptolemy.kernel.util.IllegalActionException: The fire() method of this actor was never called. Usually, this is an error indicating that starvation is occurring.
Threads:
Threads: 16
Current Thread (*) _is not_ the Swing Event Dispatch Thread
Name                                Group                Pri Daemon Alive Curr
Reference Handler                   system               10  true   true   
Finalizer                           system               8   true   true   
Signal Dispatcher                   system               9   true   true   
Java2D Disposer                     system               10  true   true   
AWT-XAWT                            system               6   true   true   
main                                main                 5   false  true   
vertx-blocked-thread-checker        main                 1   true   true   
vert.x-eventloop-thread-0           main                 1   false  true   
vert.x-eventloop-thread-1           main                 1   false  true   
vert.x-eventloop-thread-2           main                 1   false  true   
vert.x-eventloop-thread-3           main                 1   false  true   
atomic-processor-1                  main                 5   true   true   
webcam-discovery-service            main                 5   true   true   
Thread-74                           main                 5   false  true   
SocketUnsignedByte                  main                 1   false  true  *
Thread-75                           main                 5   false  true   

  in .SocketUnsignedByte.Test
	at ptolemy.actor.lib.NonStrictTest.wrapup(NonStrictTest.java:395)
	at ptolemy.actor.Director.wrapup(Director.java:1722)
	... 6 more
java.lang.RuntimeException: Execution failed
	at ptolemy.moml.MoMLSimpleApplication$UnloadThread.run(MoMLSimpleApplication.java:402)
Caused by: ptolemy.kernel.util.IllegalActionException: Exceptions occurred during wrapup:
ptolemy.kernel.util.IllegalActionException: Failure executing the wrapup function: Error: TrainableTest: The input handler of this accessor was never invoked. Usually, this is an error indicating that starvation is occurring. in <function> at line number 393 at column number 16
  in .TCPSocketSecureServerClient.TrainableTest
Because:
Error: TrainableTest: The input handler of this accessor was never invoked. Usually, this is an error indicating that starvation is occurring. in <function> at line number 393 at column number 16
ptolemy.kernel.util.IllegalActionException: Failure executing the wrapup function: Error: TrainableTest2: The input handler of this accessor was never invoked. Usually, this is an error indicating that starvation is occurring. in <function> at line number 393 at column number 16
  in .TCPSocketSecureServerClient.TrainableTest2
Because:
Error: TrainableTest2: The input handler of this accessor was never invoked. Usually, this is an error indicating that starvation is occurring. in <function> at line number 393 at column number 16

  in .TCPSocketSecureServerClient.DE Director
Because:
Failure executing the wrapup function: Error: TrainableTest: The input handler of this accessor was never invoked. Usually, this is an error indicating that starvation is occurring. in <function> at line number 393 at column number 16
  in .TCPSocketSecureServerClient.TrainableTest
Because:
Error: TrainableTest: The input handler of this accessor was never invoked. Usually, this is an error indicating that starvation is occurring. in <function> at line number 393 at column number 16
	at ptolemy.actor.Director.wrapup(Director.java:1736)
	at ptolemy.domains.de.kernel.DEDirector.wrapup(DEDirector.java:1526)
	at ptolemy.actor.CompositeActor.wrapup(CompositeActor.java:2735)
	at ptolemy.actor.Manager.wrapup(Manager.java:1512)
	at ptolemy.actor.Manager.execute(Manager.java:407)
	at ptolemy.actor.Manager.run(Manager.java:1263)
	at ptolemy.actor.Manager$PtolemyRunThread.run(Manager.java:1915)
Caused by: ptolemy.kernel.util.IllegalActionException: Failure executing the wrapup function: Error: TrainableTest: The input handler of this accessor was never invoked. Usually, this is an error indicating that starvation is occurring. in <function> at line number 393 at column number 16
  in .TCPSocketSecureServerClient.TrainableTest
Because:
Error: TrainableTest: The input handler of this accessor was never invoked. Usually, this is an error indicating that starvation is occurring. in <function> at line number 393 at column number 16
	at ptolemy.actor.lib.jjs.JavaScript._invokeMethodInContext(JavaScript.java:2223)
	at ptolemy.actor.lib.jjs.JavaScript.wrapup(JavaScript.java:2118)
	at ptolemy.actor.Director.wrapup(Director.java:1722)
	... 6 more
Caused by: javax.script.ScriptException: Error: TrainableTest: The input handler of this accessor was never invoked. Usually, this is an error indicating that starvation is occurring. in <function> at line number 393 at column number 16
	at jdk.nashorn.api.scripting.NashornScriptEngine.throwAsScriptException(NashornScriptEngine.java:470)
	at jdk.nashorn.api.scripting.NashornScriptEngine.invokeImpl(NashornScriptEngine.java:392)
	at jdk.nashorn.api.scripting.NashornScriptEngine.invokeMethod(NashornScriptEngine.java:199)
	at ptolemy.actor.lib.jjs.JavaScript._invokeMethodInContext(JavaScript.java:2200)
	... 8 more
Caused by: <function>:393:16 Error: TrainableTest: The input handler of this accessor was never invoked. Usually, this is an error indicating that starvation is occurring.
	at jdk.nashorn.internal.objects.NativeError.initException(NativeError.java:137)
	at jdk.nashorn.internal.objects.NativeError.<init>(NativeError.java:102)
	at jdk.nashorn.internal.objects.NativeError.<init>(NativeError.java:106)
	at jdk.nashorn.internal.objects.NativeError.<init>(NativeError.java:110)
	at jdk.nashorn.internal.objects.NativeError.constructor(NativeError.java:129)
	at jdk.nashorn.internal.scripts.Script$Recompilation$42488$18508$\^function\_.L:1#wrapup(<function>:393)
	at jdk.nashorn.internal.scripts.Script$Recompilation$42486$30328$require.L:1#Accessor#wrapup(/home/travis/build/icyphy/ptII/ptolemy/actor/lib/jjs/external/require.js#401:30<eval>:673)
	at jdk.nashorn.internal.runtime.ScriptFunctionData.invoke(ScriptFunctionData.java:637)
	at jdk.nashorn.internal.runtime.ScriptFunction.invoke(ScriptFunction.java:494)
	at jdk.nashorn.internal.runtime.ScriptRuntime.apply(ScriptRuntime.java:393)
	at jdk.nashorn.api.scripting.ScriptObjectMirror.callMember(ScriptObjectMirror.java:199)
	at jdk.nashorn.api.scripting.NashornScriptEngine.invokeImpl(NashornScriptEngine.java:386)
	... 10 more
WARNING: JavaScriptDiscreteClock: Model stopped before executing actions (e.g. producing outputs) scheduled for execution at times [6.918, 5.918]
]]></system-err>
</testsuite>
