<?xml version="1.0" encoding="UTF-8" ?>
<testsuite errors="0" failures="0" hostname="travis-job-397a14f9-85cc-41c4-b0ba-43451b10e5b9" name="ptolemy.actor.gui.test.junit.JUnitTclTest" skipped="0" tests="16" time="88.544" timestamp="2018-05-12T00:50:22">
  <properties>
[...]
</properties>
  <testcase classname="ptolemy.util.test.junit.TclTests" name="[0] /home/travis/build/icyphy/ptII/ptolemy/actor/gui/test/AAAConfiguration.tcl (RunTclFile)" time="0.614" />
  <testcase classname="ptolemy.util.test.junit.TclTests" name="[1] /home/travis/build/icyphy/ptII/ptolemy/actor/gui/test/CheckModelSize.tcl (RunTclFile)" time="0.087" />
  <testcase classname="ptolemy.util.test.junit.TclTests" name="[2] /home/travis/build/icyphy/ptII/ptolemy/actor/gui/test/CompositeActorApplication.tcl (RunTclFile)" time="5.891" />
  <testcase classname="ptolemy.util.test.junit.TclTests" name="[3] /home/travis/build/icyphy/ptII/ptolemy/actor/gui/test/CompositeActorSimpleApplication.tcl (RunTclFile)" time="2.009" />
  <testcase classname="ptolemy.util.test.junit.TclTests" name="[4] /home/travis/build/icyphy/ptII/ptolemy/actor/gui/test/ConfigurationApplication.tcl (RunTclFile)" time="0.023" />
  <testcase classname="ptolemy.util.test.junit.TclTests" name="[5] /home/travis/build/icyphy/ptII/ptolemy/actor/gui/test/EffigyFactory.tcl (RunTclFile)" time="0.013" />
  <testcase classname="ptolemy.util.test.junit.TclTests" name="[6] /home/travis/build/icyphy/ptII/ptolemy/actor/gui/test/HTMLAbout.tcl (RunTclFile)" time="5.483" />
  <testcase classname="ptolemy.util.test.junit.TclTests" name="[7] /home/travis/build/icyphy/ptII/ptolemy/actor/gui/test/HTMLViewer.tcl (RunTclFile)" time="2.457" />
  <testcase classname="ptolemy.util.test.junit.TclTests" name="[8] /home/travis/build/icyphy/ptII/ptolemy/actor/gui/test/MoMLApplication.tcl (RunTclFile)" time="0.019" />
  <testcase classname="ptolemy.util.test.junit.TclTests" name="[9] /home/travis/build/icyphy/ptII/ptolemy/actor/gui/test/PtExecuteApplication.tcl (RunTclFile)" time="4.035" />
  <testcase classname="ptolemy.util.test.junit.TclTests" name="[10] /home/travis/build/icyphy/ptII/ptolemy/actor/gui/test/PtolemyApplication.tcl (RunTclFile)" time="0.239" />
  <testcase classname="ptolemy.util.test.junit.TclTests" name="[11] /home/travis/build/icyphy/ptII/ptolemy/actor/gui/test/UserActorLibrary.tcl (RunTclFile)" time="67.494" />
  <testcase classname="ptolemy.util.test.junit.TclTests" name="[12] /home/travis/build/icyphy/ptII/ptolemy/actor/gui/test/ZZZConfiguration.tcl (RunTclFile)" time="0.004" />
  <testcase classname="ptolemy.util.test.junit.AutoKnownFailedTests" name="[0] ThereAreNoKnowFailedTests (RunModel)" time="0.0" />
  <testcase classname="ptolemy.util.test.junit.AutoNameArchTests" name="[0] ThereAreNoAutoTests (RunModel)" time="0.0" />
  <testcase classname="ptolemy.util.test.junit.AutoTests" name="[0] ThereAreNoAutoTests (RunModel)" time="0.004" />
  <system-out><![CDATA[/home/travis/build/icyphy/ptII/ptolemy/actor/gui/test/AAAConfiguration.tcl
testDefs.tcl: setting time out to 9000 seconds at Sat May 12 00:50:22 UTC 2018
/home/travis/build/icyphy/ptII/ptolemy/actor/gui/test/CheckModelSize.tcl
/home/travis/build/icyphy/ptII/ptolemy/actor/gui/test/CompositeActorApplication.tcl
29 ms. Memory: 116224K Free: 96717K (83%)
8 ms. Memory: 116224K Free: 94828K (82%)
sleeping 2 seconds: 5 ms. Memory: 116224K Free: 89879K (77%)
13 ms. Memory: 116224K Free: 88595K (76%)
/home/travis/build/icyphy/ptII/ptolemy/actor/gui/test/CompositeActorSimpleApplication.tcl
4 ms. Memory: 478720K Free: 285709K (60%)
/home/travis/build/icyphy/ptII/ptolemy/actor/gui/test/ConfigurationApplication.tcl
test 1.0: filterSize: 13, newFilterSize: 15
/home/travis/build/icyphy/ptII/ptolemy/actor/gui/test/EffigyFactory.tcl
/home/travis/build/icyphy/ptII/ptolemy/actor/gui/test/HTMLAbout.tcl
Could not find body or head in file:/home/travis/build/icyphy/ptII/org/terraswarm/accessor/accessors/web/accessors-license.htm <!DOCTYPE html PUBLIC "-//W3C//DTD XHTML 1.0 Transitional//EN" "http://www.w3.org/TR/xhtml1/DTD/xhtml1-transitional.dtd">
<!-- $Id$ -->
<html xmlns="http://www.w3.org/1999/xhtml" xml:lang="en-US" lang
Reading /home/travis/build/icyphy/ptII/ptolemy/configs/full/configuration.xml
Checking complete demos of ptolemy/configs/doc/completeDemos.htm
Warning: ptolemy/configs/kepler/doc-index.htm not found: java.io.IOException: File not found: 'ptolemy/configs/kepler/doc-index.htm'
 caused by:
java.net.MalformedURLException: no protocol: ptolemy/configs/kepler/doc-index.htm
 AND:
java.io.IOException: File '/home/travis/build/icyphy/ptII/ptolemy/actor/gui/test/ptolemy/configs/kepler/doc-index.htm' does not exist.
 AND:
java.net.MalformedURLException: no protocol: ptolemy/configs/kepler/doc-index.htm
/home/travis/build/icyphy/ptII/ptolemy/actor/gui/test/HTMLViewer.tcl
sleeping 3 seconds: /home/travis/build/icyphy/ptII/ptolemy/actor/gui/test/MoMLApplication.tcl
/home/travis/build/icyphy/ptII/ptolemy/actor/gui/test/PtExecuteApplication.tcl
4 ms. Memory: 778240K Free: 578138K (74%)
sleeping 2 seconds: 4 ms. Memory: 961536K Free: 502556K (52%)
.test
sleeping 2 seconds: 23 ms. Memory: 1048576K Free: 873004K (83%)
<?xml version="1.0" standalone="no"?>
<!DOCTYPE entity PUBLIC "-//UC Berkeley//DTD MoML 1//EN"
    "http://ptolemy.eecs.berkeley.edu/xml/dtd/MoML_1.dtd">
<entity name="test" class="ptolemy.actor.TypedCompositeActor">
    <property name="_createdBy" class="ptolemy.kernel.attributes.VersionAttribute" value="11.0.devel">
    </property>
    <doc>This test has no placeable elements, but writes to standard out.</doc>
    <property name="step" class="ptolemy.data.expr.Parameter" value="1">
    </property>
    <property name="director" class="ptolemy.domains.sdf.kernel.SDFDirector">
        <property name="iterations" class="ptolemy.data.expr.Parameter" value="5">
        </property>
        <property name="vectorizationFactor" class="ptolemy.data.expr.Parameter" value="1">
        </property>
    </property>
    <entity name="ramp" class="ptolemy.actor.lib.Ramp">
        <property name="init" class="ptolemy.actor.parameters.PortParameter" value="0">
        </property>
        <property name="step" class="ptolemy.actor.parameters.PortParameter" value="step">
        </property>
        <property name="firingCountLimit" class="ptolemy.data.expr.Parameter" value="0">
        </property>
    </entity>
    <entity name="rec" class="ptolemy.actor.lib.Recorder">
        <property name="capacity" class="ptolemy.data.expr.Parameter" value="-1">
        </property>
    </entity>
    <relation name="r1" class="ptolemy.actor.TypedIORelation">
        <property name="width" class="ptolemy.data.expr.Parameter" value="1">
        </property>
    </relation>
    <link port="ramp.output" relation="r1"/>
    <link port="rec.input" relation="r1"/>
</entity>

/home/travis/build/icyphy/ptII/ptolemy/actor/gui/test/PtolemyApplication.tcl
/home/travis/build/icyphy/ptII/ptolemy/actor/gui/test/UserActorLibrary.tcl
JSAccessor: PT_NO_NET environment variable is set, so git pull and ptdoc are not being run.
No physical cameras found, using WebcamDummyDriver.
CharacterRecognition: The tesseract module was not present.  The CharacterRecognition accessor is not supported on this accessor host. (Thread[main,5,main])
CharacterRecognition: The tesseract module was not present.  The CharacterRecognition accessor is not supported on this accessor host. (Thread[main,5,main])
The Mutable accessor original file has no documentation, so we are not running jsdoc on https://accessors.org/utilities/Mutable.js
/home/travis/build/icyphy/ptII/ptolemy/actor/gui/test/ZZZConfiguration.tcl
05/12/18 12:51:50
Failed: 0  Total Tests: 55  ((Passed: 55, Newly Passed: 0)  Known Failed: 0) /home/travis/build/icyphy/ptII/ptolemy/actor/gui/test
No auto/knownFailedTests/*.xml tests in /home/travis/build/icyphy/ptII/ptolemy/actor/gui/test
No auto/*.xml tests in /home/travis/build/icyphy/ptII/ptolemy/actor/gui/test
AutoTests.java: About to close Vertx.
AutoTests.java: Vertx closed.
No auto/*.xml tests in /home/travis/build/icyphy/ptII/ptolemy/actor/gui/test
AutoTests.java: About to close Vertx.
AutoTests.java: Vertx closed.
]]></system-out>
  <system-err><![CDATA[[main] INFO com.github.sarxos.webcam.Webcam - WebcamDefaultDriver capture driver will be used
]]></system-err>
</testsuite>
